TRXV5
3
4
4
9
string Extension=J
integer IsArchMeasurement=1
integer IsSpherical=1
string Generator=SPM
string GeneratorVersion=1.3.1 Dev
double ArchRadius=0.449999988079071
integer FrequencyAxisIndex=0
integer AzimuthAxisIndex=1
integer ElevationAxisIndex=2
Frequency
5 136 690000000 960000000 LIN
Azimuth
7 8 0 2.74889357189107 LIN
Elevation
7 15 -2.74889357189107 2.74889357189107 LIN
Polar H Real Part
13
Polar H Imaginary Part
14
Polar V Real Part
13
Polar V Imaginary Part
14
Polar H Magnitude (dB)
12 0xC0000002 0 1
Polar H Phase
7 0xC0000003 0 1
Polar V Magnitude (dB)
12 0xC0000002 2 3
Polar V Phase
7 0xC0000003 2 3
-0.0146427154541016 0.0282821655273437 0.0505485534667969 -0.00432968139648437
0.0170402526855469 0.024932861328125 0.0221023559570313 0.0105113983154297
0.0212688446044922 -0.000606536865234375 0.0210685729980469 0.022857666015625
0.0125131607055664 -0.0110950469970703 0.0440216064453125 0.0188522338867188
0.00462436676025391 -0.0144758224487305 0.0533790588378906 -0.00402450561523438
-0.00531005859375 -0.0179939270019531 0.0469398498535156 -0.0275459289550781
-0.00658416748046875 -0.0147314071655273 0.0358200073242187 -0.0325698852539063
-0.00447845458984375 -0.0138454437255859 0.0248680114746094 -0.0240859985351563
0.000177383422851563 -0.0193653106689453 0.0153112411499023 -0.0117292404174805
0.0125751495361328 -0.0138473510742188 0.00362539291381836 -0.00592279434204102
0.0201892852783203 0.000265121459960938 -0.010981559753418 -0.0168247222900391
0.0150604248046875 0.0126047134399414 -0.00461578369140625 -0.0368728637695313
-0.00117683410644531 0.0218868255615234 0.0304107666015625 -0.0537071228027344
-0.0150661468505859 0.0229969024658203 0.0506172180175781 -0.0476341247558594
-0.0290241241455078 0.0173149108886719 0.0362129211425781 -0.0314369201660156
-0.0325393676757813 0.0348300933837891 0.0432891845703125 0.008514404296875
0.00281143188476563 0.0393295288085938 0.0169696807861328 0.0218009948730469
0.0182361602783203 0.0156593322753906 0.0207767486572266 0.0325965881347656
0.0197582244873047 0.00292778015136719 0.0447769165039062 0.027587890625
0.0162982940673828 -0.00755786895751953 0.0546607971191406 0.0040740966796875
0.0110645294189453 -0.0188484191894531 0.0511856079101563 -0.0216827392578125
0.00722122192382812 -0.0200004577636719 0.0381813049316406 -0.0260086059570313
0.00885772705078125 -0.0175542831420898 0.0251789093017578 -0.0176563262939453
0.0147113800048828 -0.0222263336181641 0.0124883651733398 -0.00495433807373047
0.0259304046630859 -0.0116195678710938 -0.0014110803604126 0.000736117362976074
0.0291309356689453 0.00768852233886719 -0.0186080932617188 -0.0117855072021484
0.0208225250244141 0.0240955352783203 -0.0147972106933594 -0.0332126617431641
-0.00506401062011719 0.0349483489990234 0.017669677734375 -0.0548248291015625
-0.0262680053710938 0.0340709686279297 0.0357322692871094 -0.0453147888183594
-0.04345703125 0.0258750915527344 0.0207767486572266 -0.0272731781005859
-0.0481033325195313 0.0349502563476562 0.0289230346679687 0.0211124420166016
-0.0158805847167969 0.0482139587402344 0.00541305541992187 0.0357894897460937
0.0097808837890625 0.0328998565673828 0.0159187316894531 0.0447769165039063
0.0223255157470703 0.0200119018554688 0.0430335998535156 0.0380058288574219
0.0271129608154297 0.00396919250488281 0.0527534484863281 0.0132064819335938
0.0276889801025391 -0.0150871276855469 0.0505943298339844 -0.0121078491210938
0.0213851928710938 -0.0220794677734375 0.0353622436523438 -0.0168609619140625
0.0198459625244141 -0.0184688568115234 0.0204658508300781 -0.00887107849121094
0.0255870819091797 -0.0221290588378906 0.00659370422363281 0.00405168533325195
0.0350933074951172 -0.0111598968505859 -0.00849866867065429 0.00873184204101563
0.0356559753417969 0.0101432800292969 -0.0273971557617187 -0.00424003601074218
0.0261363983154297 0.0293159484863281 -0.0254764556884766 -0.0270538330078125
-0.002288818359375 0.0427284240722656 0.00236892700195312 -0.0517959594726562
-0.0296630859375 0.0418853759765625 0.0178375244140625 -0.0380859375
-0.0504531860351563 0.0318183898925781 0.0022735595703125 -0.0197505950927734
-0.0564537048339844 0.0340499877929688 0.0101356506347656 0.0327663421630859
-0.0302505493164063 0.05218505859375 -0.010498046875 0.05078125
0.000286102294921879 0.0458793640136719 0.0112342834472656 0.0568046569824219
0.0230484008789063 0.0358467102050781 0.04022216796875 0.044586181640625
0.0346889495849609 0.0148143768310547 0.0476493835449219 0.0182456970214844
0.0401992797851562 -0.0105171203613281 0.0452880859375 -0.00588226318359375
0.0318374633789062 -0.0226936340332031 0.0278873443603516 -0.00853157043457031
0.0266475677490234 -0.0184555053710938 0.0128593444824219 0.000495910644531249
0.03131103515625 -0.0219707489013672 -3.05175781249985E-05 0.014002799987793
0.0396041870117188 -0.0119438171386719 -0.0148582458496094 0.0180149078369141
0.039093017578125 0.00847625732421875 -0.0346794128417969 0.00657081604003907
0.0303516387939453 0.0278759002685547 -0.0358772277832031 -0.0172119140625
0.00350189208984375 0.0448875427246094 -0.0122261047363281 -0.0441932678222656
-0.0261154174804687 0.0462875366210938 0.00135231018066406 -0.0261573791503906
-0.0508384704589844 0.0361213684082031 -0.0162286758422852 -0.00847911834716797
-0.0554695129394531 0.0226860046386719 -0.0145111083984375 0.0401420593261719
-0.0402565002441406 0.0425491333007812 -0.0318183898925781 0.0577430725097656
-0.0131645202636719 0.0469970703125 -0.00273513793945312 0.0639877319335938
0.013946533203125 0.0438041687011719 0.026947021484375 0.050689697265625
0.0325088500976563 0.0247097015380859 0.0350017547607422 0.0235633850097656
0.0435791015625 -0.0009002685546875 0.0326423645019531 0.00350761413574219
0.0369529724121094 -0.0155410766601563 0.0153141021728516 0.00284194946289062
0.0299568176269531 -0.0131912231445313 0.00242710113525391 0.0110549926757813
0.0340461730957031 -0.0161380767822266 -0.00861358642578125 0.0228290557861328
0.0389823913574219 -0.00770187377929688 -0.023193359375 0.0256557464599609
0.0357093811035156 0.0108680725097656 -0.039306640625 0.0130882263183594
0.0264434814453125 0.0271110534667969 -0.0381660461425781 -0.0101852416992187
0.00168991088867188 0.0396766662597656 -0.0167465209960938 -0.0326175689697266
-0.0248947143554687 0.0388031005859375 -0.00839710235595703 -0.0105075836181641
-0.0485954284667969 0.0280914306640625 -0.0334815979003906 0.00343513488769532
-0.0427932739257813 0.0100669860839844 -0.0336341857910156 0.0422515869140625
-0.037261962890625 0.0266456604003906 -0.04901123046875 0.0583992004394531
-0.0183067321777344 0.0352821350097656 -0.0151481628417969 0.0646743774414062
0.00323867797851563 0.039642333984375 0.0142707824707031 0.0491981506347656
0.0228366851806641 0.0261688232421875 0.0214939117431641 0.0238723754882813
0.0376968383789063 0.00780868530273438 0.0178775787353516 0.00873374938964844
0.0344638824462891 -0.00697517395019531 0.00174808502197266 0.0105524063110352
0.0282573699951172 -0.00704383850097656 -0.00855064392089843 0.0188560485839844
0.0316429138183594 -0.00918197631835938 -0.0167560577392578 0.0297431945800781
0.0347423553466797 -0.000898361206054688 -0.0297298431396484 0.0296173095703125
0.0296268463134766 0.0138111114501953 -0.04205322265625 0.0175247192382813
0.0188446044921875 0.0260372161865234 -0.0382881164550781 -0.0056915283203125
-0.004486083984375 0.0327415466308594 -0.0197982788085938 -0.0235042572021484
-0.0248813629150391 0.0264263153076172 -0.0151529312133789 0.00109672546386719
-0.0415115356445313 0.0150146484375 -0.0461921691894531 0.0112571716308594
-0.0207157135009766 -0.00178718566894531 -0.0443305969238281 0.04150390625
-0.0225276947021484 0.00837326049804688 -0.0580711364746094 0.0547218322753906
-0.0153694152832031 0.0168437957763672 -0.0237770080566406 0.0601730346679687
-0.00473213195800781 0.0238685607910156 0.00385665893554688 0.04400634765625
0.00914764404296875 0.0202751159667969 0.0116291046142578 0.0201072692871094
0.023162841796875 0.0123500823974609 0.00473403930664063 0.0108070373535156
0.0255088806152344 0.00232505798339844 -0.00928115844726563 0.0152969360351563
0.0220146179199219 0.000577926635742187 -0.0183887481689453 0.0246753692626953
0.0256023406982422 -0.00126457214355469 -0.0260772705078125 0.0333309173583984
0.0266952514648438 0.00588798522949219 -0.0370521545410156 0.0306167602539063
0.0208244323730469 0.0161762237548828 -0.0450973510742188 0.01666259765625
0.0095367431640625 0.0257148742675781 -0.0394401550292969 -0.00425720214843749
-0.0119686126708984 0.0242805480957031 -0.0210990905761719 -0.0184288024902344
-0.0253467559814453 0.0116481781005859 -0.0204410552978516 0.00654029846191407
-0.0319423675537109 -0.00192832946777343 -0.0558052062988281 0.0144081115722656
0.00284671783447266 -0.012202262878418 -0.0446090698242188 0.0407180786132813
-0.00276899337768555 -0.0076289176940918 -0.0563316345214844 0.0532188415527344
-0.00670528411865235 -0.0030221939086914 -0.0230178833007813 0.0579414367675781
-0.00922489166259766 0.00342369079589844 0.00301742553710937 0.0398178100585938
-0.00414037704467773 0.00865364074707031 0.00843143463134766 0.0159139633178711
0.00551795959472656 0.0128440856933594 -0.00297403335571289 0.00835704803466797
0.0122785568237305 0.00997447967529297 -0.0174636840820313 0.0159683227539063
0.0120477676391602 0.00705528259277344 -0.0253582000732422 0.0276012420654297
0.0157794952392578 0.006072998046875 -0.0323295593261719 0.0362167358398438
0.0169353485107422 0.0107603073120117 -0.043487548828125 0.0317573547363281
0.0110073089599609 0.0171451568603516 -0.0491943359375 0.0157470703125
0.000240325927734375 0.0220203399658203 -0.0409698486328125 -0.00732040405273436
-0.01934814453125 0.0140399932861328 -0.0227947235107422 -0.0185165405273437
-0.0223407745361328 -0.00534820556640625 -0.0241374969482422 0.00563812255859375
-0.0198383331298828 -0.0193042755126953 -0.0614166259765625 0.0117912292480469
-0.0112361907958984 0.0325355529785156 0.0565643310546875 -0.00633621215820312
0.0230503082275391 0.0246028900146484 0.0264110565185547 0.00799369812011719
0.0238208770751953 -0.00425148010253906 0.0245361328125 0.0220870971679688
0.0122585296630859 -0.0155515670776367 0.0474510192871094 0.0166893005371094
0.00157737731933594 -0.0179443359375 0.0557479858398438 -0.00787353515625
-0.00966835021972657 -0.019256591796875 0.0479774475097656 -0.03179931640625
-0.0102739334106445 -0.0152692794799805 0.036865234375 -0.0370597839355469
-0.00739765167236328 -0.0149030685424805 0.0266857147216797 -0.0278091430664063
-0.00330352783203125 -0.0213603973388672 0.0179405212402344 -0.0133304595947266
0.0113945007324219 -0.0180702209472656 0.00593805313110352 -0.00517511367797852
0.0227756500244141 -0.00343704223632813 -0.012202262878418 -0.0150737762451172
0.0194339752197266 0.010528564453125 -0.00807952880859375 -0.0361328125
0.00323677062988281 0.0253582000732422 0.0265884399414063 -0.0594978332519531
-0.0130519866943359 0.0295047760009766 0.0511283874511719 -0.0549468994140625
-0.0290946960449219 0.0248928070068359 0.0386772155761719 -0.0356597900390625
-0.0307159423828125 0.0401458740234375 0.0504112243652344 0.00794219970703125
0.00742340087890625 0.0409889221191406 0.0228595733642578 0.0218772888183594
0.0206813812255859 0.0135784149169922 0.025054931640625 0.0319499969482422
0.0201549530029297 -5.7220458984375E-06 0.0497474670410156 0.0260238647460938
0.0157814025878906 -0.0103902816772461 0.0580673217773437 0.000988006591796874
0.00814247131347656 -0.0209465026855469 0.0529975891113281 -0.0255508422851562
0.00451278686523437 -0.0221672058105469 0.0404930114746094 -0.0301971435546875
0.00640678405761718 -0.019500732421875 0.0279102325439453 -0.0207691192626953
0.0118541717529297 -0.0250530242919922 0.0170602798461914 -0.00594520568847656
0.0259857177734375 -0.0162448883056641 0.00228285789489746 0.00226998329162598
0.0329971313476563 0.00405693054199219 -0.0188312530517578 -0.0082855224609375
0.0255718231201172 0.0241546630859375 -0.0183124542236328 -0.0314044952392578
-0.00154876708984375 0.0392684936523438 0.0130386352539062 -0.05853271484375
-0.0262069702148437 0.0413589477539063 0.0356483459472656 -0.0505714416503906
-0.0457572937011719 0.0336227416992188 0.0227222442626953 -0.0283451080322266
-0.0484809875488281 0.0406761169433594 0.0362434387207031 0.0237388610839844
-0.0126838684082031 0.0514144897460938 0.011688232421875 0.0380134582519531
0.0124053955078125 0.0327396392822266 0.0216560363769531 0.0451393127441406
0.0243873596191406 0.0197010040283203 0.0483474731445313 0.0361709594726563
0.0286407470703125 0.00169181823730469 0.0574569702148437 0.0109596252441406
0.0266323089599609 -0.0188808441162109 0.0543708801269531 -0.0164794921875
0.0206890106201172 -0.0250835418701172 0.0389022827148438 -0.0211334228515625
0.0191173553466797 -0.0212078094482422 0.0235309600830078 -0.0111331939697266
0.0245704650878906 -0.0254173278808594 0.0109682083129883 0.00400257110595703
0.0366096496582031 -0.0144462585449219 -0.00436878204345703 0.0106210708618164
0.0391082763671875 0.0085906982421875 -0.0269317626953125 0.000614166259765625
0.0307598114013672 0.0293369293212891 -0.0289363861083984 -0.0235118865966797
0.000473022460937505 0.0467185974121094 -0.00249099731445312 -0.053863525390625
-0.0304107666015625 0.0491256713867188 0.0166549682617187 -0.0415458679199219
-0.0536117553710937 0.0390281677246094 0.00360488891601562 -0.0184555053710937
-0.0589981079101562 0.0388755798339844 0.0164031982421875 0.0369987487792969
-0.0304336547851563 0.0562705993652344 -0.00361251831054688 0.0551719665527344
0.00163650512695313 0.0478172302246094 0.0173416137695313 0.058441162109375
0.0258407592773438 0.0371322631835937 0.0454559326171875 0.0445899963378906
0.0375747680664063 0.0134048461914062 0.0522804260253906 0.0162582397460938
0.04150390625 -0.0133781433105469 0.0488853454589844 -0.00978851318359375
0.0329818725585938 -0.0262203216552734 0.0311317443847656 -0.0116043090820313
0.0282039642333984 -0.0214710235595703 0.0165777206420898 -0.00113391876220703
0.0331649780273438 -0.0251140594482422 0.00490570068359375 0.0138425827026367
0.0419349670410156 -0.0155258178710937 -0.0103988647460938 0.0206565856933594
0.0426101684570313 0.00783538818359375 -0.0334300994873047 0.0116004943847656
0.0352020263671875 0.0290565490722656 -0.0379867553710938 -0.0122833251953125
0.00580215454101562 0.0480155944824219 -0.0169410705566406 -0.04351806640625
-0.0281562805175781 0.0519180297851562 0.000150680541992184 -0.0263538360595703
-0.0543212890625 0.0422935485839844 -0.0166988372802734 -0.00508880615234374
-0.0598716735839844 0.0253639221191406 -0.010711669921875 0.0473556518554687
-0.0430374145507812 0.0467033386230469 -0.0273094177246094 0.0653533935546875
-0.0133934020996094 0.0502586364746094 0.0033111572265625 0.067657470703125
0.0165290832519531 0.0481681823730469 0.032684326171875 0.0509529113769531
0.0363502502441406 0.0257530212402344 0.0395278930664063 0.0226516723632813
0.0466423034667969 -0.00282669067382813 0.0364227294921875 0.00069427490234375
0.0398368835449219 -0.0186119079589844 0.0182590484619141 0.00124931335449219
0.0327873229980469 -0.0160446166992188 0.00515556335449219 0.011021614074707
0.0363235473632813 -0.0190811157226563 -0.00496864318847656 0.0246047973632813
0.0431900024414063 -0.00934982299804688 -0.0187835693359375 0.0287952423095703
0.0393867492675781 0.0110092163085938 -0.0373420715332031 0.01837158203125
0.0303001403808594 0.0296821594238281 -0.0391845703125 -0.00622177124023438
0.00287628173828125 0.0441398620605469 -0.0207672119140625 -0.0313701629638672
-0.0282058715820313 0.0440025329589844 -0.00912570953369141 -0.00913143157958984
-0.0528602600097656 0.0329551696777344 -0.0337810516357422 0.00767135620117188
-0.0472755432128906 0.0106048583984375 -0.03216552734375 0.0506591796875
-0.0407218933105469 0.0286102294921875 -0.0467453002929688 0.0681228637695312
-0.0210952758789063 0.0389976501464844 -0.0100135803222656 0.0701560974121094
0.00396728515625 0.0440177917480469 0.0188064575195313 0.0504646301269531
0.0254688262939453 0.0289039611816406 0.0247173309326172 0.0225830078125
0.0420608520507813 0.00760650634765625 0.0204315185546875 0.00723075866699219
0.0386924743652344 -0.009735107421875 0.00399017333984375 0.0106468200683594
0.0317840576171875 -0.00863456726074219 -0.00613784790039062 0.0204563140869141
0.0357551574707031 -0.0114822387695312 -0.0144424438476563 0.0320262908935547
0.0388145446777344 -0.00238418579101563 -0.0256767272949219 0.0334568023681641
0.0337085723876953 0.0147686004638672 -0.0405540466308594 0.0216903686523437
0.0218257904052734 0.0294532775878906 -0.0394401550292969 -0.00130081176757813
-0.00497055053710938 0.0367889404296875 -0.0220985412597656 -0.0219993591308594
-0.0279464721679688 0.0300045013427734 -0.0155572891235352 0.00368595123291016
-0.0473518371582031 0.0171928405761719 -0.048065185546875 0.0163002014160156
-0.0248813629150391 -0.00515556335449218 -0.0456619262695313 0.0489311218261719
-0.0274028778076172 0.00724029541015625 -0.05841064453125 0.0644187927246094
-0.0190410614013672 0.0186271667480469 -0.0189018249511719 0.0660896301269531
-0.00628852844238281 0.0279369354248047 0.008544921875 0.0461387634277344
0.0108013153076172 0.0233860015869141 0.0131664276123047 0.0191555023193359
0.0279521942138672 0.0139732360839844 0.00584983825683594 0.00943470001220703
0.0308895111083984 0.00115776062011719 -0.00927352905273437 0.0158452987670898
0.0266513824462891 -0.000804901123046875 -0.0172767639160156 0.0273246765136719
0.0300655364990234 -0.00255012512207031 -0.0237693786621094 0.0367622375488281
0.0317211151123047 0.00585365295410156 -0.0346317291259766 0.0340309143066406
0.0247230529785156 0.0186710357666016 -0.0442085266113281 0.0207061767578125
0.0123100280761719 0.0292491912841797 -0.0404396057128906 -0.00102996826171875
-0.0134868621826172 0.0292701721191406 -0.0231132507324219 -0.0163154602050781
-0.0303974151611328 0.0138912200927734 -0.0207538604736328 0.0103683471679687
-0.0385627746582031 -0.00176239013671874 -0.0587882995605469 0.0196800231933594
0.000106811523437501 -0.0178813934326172 -0.0468368530273438 0.0470619201660156
-0.00600242614746094 -0.0120038986206055 -0.0563926696777344 0.0621490478515625
-0.0099029541015625 -0.00411128997802734 -0.018951416015625 0.0632705688476562
-0.0123529434204102 0.00697994232177734 0.00637054443359375 0.0400886535644531
-0.00449943542480469 0.0131254196166992 0.00848197937011719 0.0145158767700195
0.00918292999267578 0.0164566040039063 -0.00366067886352539 0.00795412063598633
0.0171604156494141 0.0105218887329102 -0.0179500579833984 0.0185050964355469
0.0171642303466797 0.00729084014892578 -0.0249214172363281 0.0310001373291016
0.0205631256103516 0.00578498840332031 -0.0310897827148437 0.0404281616210938
0.0220775604248047 0.0118885040283203 -0.0424232482910156 0.0349998474121094
0.0147705078125 0.0196399688720703 -0.0501022338867188 0.0198020935058594
0.00182914733886719 0.0264835357666016 -0.0428695678710937 -0.0034332275390625
-0.0210361480712891 0.0180854797363281 -0.0255203247070312 -0.0164508819580078
-0.0283641815185547 -0.00406074523925781 -0.0265388488769531 0.00868415832519531
-0.0265693664550781 -0.0212059020996094 -0.0662689208984375 0.0156822204589844
-0.00537872314453125 0.0352592468261719 0.061065673828125 -0.01019287109375
0.0281848907470703 0.0215244293212891 0.0299930572509766 0.0050506591796875
0.0241870880126953 -0.00927925109863281 0.0258808135986328 0.0190658569335938
0.0105819702148438 -0.0187129974365234 0.048187255859375 0.0139007568359375
-0.00160026550292969 -0.0193500518798828 0.0559577941894531 -0.0109939575195313
-0.0143718719482422 -0.0186557769775391 0.0473899841308594 -0.0346946716308594
-0.013636589050293 -0.0140676498413086 0.0361976623535156 -0.0409431457519531
-0.0106229782104492 -0.0136880874633789 0.0271091461181641 -0.0310192108154297
-0.007965087890625 -0.0218086242675781 0.0200977325439453 -0.0152549743652344
0.00833702087402344 -0.0207767486572266 0.00888824462890625 -0.00514888763427735
0.0227851867675781 -0.00794029235839844 -0.0111703872680664 -0.0116128921508789
0.0227737426757813 0.00738716125488281 -0.0109786987304688 -0.0330829620361328
0.00802040100097656 0.0264244079589844 0.0211219787597656 -0.0620536804199219
-0.00900459289550781 0.0347137451171875 0.0491943359375 -0.0613365173339844
-0.0260200500488281 0.0312271118164062 0.0409278869628906 -0.0385932922363281
-0.0262908935546875 0.0441856384277344 0.0566520690917969 0.00537109375
0.0130996704101563 0.0400009155273437 0.0282459259033203 0.0194683074951172
0.0225696563720703 0.0109519958496094 0.0275611877441406 0.0293064117431641
0.0198860168457031 -0.00298500061035156 0.0518913269042969 0.0225791931152344
0.0137662887573242 -0.0124502182006836 0.0603256225585938 -0.0026397705078125
0.004547119140625 -0.0215206146240234 0.0539741516113281 -0.0294990539550781
0.00240135192871094 -0.0224800109863281 0.0414466857910156 -0.0351409912109375
0.00406837463378906 -0.0199756622314453 0.0293483734130859 -0.0249385833740234
0.00861930847167969 -0.0262947082519531 0.0200729370117188 -0.00802421569824219
0.0241222381591797 -0.0195121765136719 0.00680303573608399 0.00284147262573242
0.0342884063720703 0.00072479248046875 -0.0167446136474609 -0.00426673889160156
0.0290126800537109 0.0214653015136719 -0.0200099945068359 -0.0270786285400391
0.00315475463867187 0.0414657592773438 0.00747299194335937 -0.0597419738769531
-0.0233345031738281 0.0474014282226563 0.0333061218261719 -0.0548591613769531
-0.0432319641113281 0.0413970947265625 0.0255184173583984 -0.0291843414306641
-0.0468711853027344 0.0455055236816406 0.0434150695800781 0.02288818359375
-0.009552001953125 0.0529975891113281 0.0179557800292969 0.0369529724121094
0.0137825012207031 0.0321178436279297 0.0255241394042969 0.043121337890625
0.0257835388183594 0.0177936553955078 0.0517311096191406 0.0337333679199219
0.0280647277832031 0.000123977661132813 0.0604896545410156 0.00702285766601562
0.0254192352294922 -0.0200519561767578 0.0561790466308594 -0.0210800170898438
0.0194759368896484 -0.0268344879150391 0.0403671264648438 -0.025054931640625
0.0182094573974609 -0.0225620269775391 0.0266685485839844 -0.0150241851806641
0.0227394104003906 -0.0276985168457031 0.0150299072265625 0.00216388702392578
0.0367202758789063 -0.0179672241210938 0.000602722167968753 0.0120067596435547
0.0413322448730469 0.00528717041015625 -0.0240993499755859 0.00464439392089843
0.0345478057861328 0.0280914306640625 -0.0294227600097656 -0.0188617706298828
0.00461578369140625 0.0494346618652344 -0.00728988647460938 -0.0526313781738281
-0.0289230346679688 0.0548667907714844 0.0153999328613281 -0.04254150390625
-0.0535087585449219 0.046478271484375 0.00557804107666015 -0.0173006057739258
-0.0605010986328125 0.04327392578125 0.0235748291015625 0.04010009765625
-0.0282936096191406 0.0606422424316406 0.00392532348632812 0.0562591552734375
0.00356674194335937 0.049102783203125 0.0228805541992187 0.0565986633300781
0.0291404724121094 0.0371246337890625 0.0500373840332031 0.041900634765625
0.0393638610839844 0.012725830078125 0.0562286376953125 0.01263427734375
0.0420303344726563 -0.0165443420410156 0.051422119140625 -0.0144500732421875
0.03253173828125 -0.0290241241455078 0.0332775115966797 -0.0152091979980469
0.0283679962158203 -0.0233402252197266 0.0193748474121094 -0.00449180603027344
0.0326805114746094 -0.0284061431884766 0.00922203063964844 0.0129022598266602
0.0431022644042969 -0.019134521484375 -0.00510597229003906 0.0214824676513672
0.0455474853515625 0.0053863525390625 -0.0291957855224609 0.0156822204589844
0.0394515991210938 0.0286407470703125 -0.0368576049804688 -0.00741195678710937
0.00908279418945313 0.0512275695800781 -0.0204238891601563 -0.0415687561035156
-0.0267066955566406 0.0579261779785156 0.000375747680664062 -0.0262908935546875
-0.0551643371582031 0.0492401123046875 -0.014256477355957 -0.0023660659790039
-0.0632896423339844 0.0287628173828125 -0.00492095947265626 0.0513267517089844
-0.0438499450683594 0.0498504638671875 -0.0196723937988281 0.0694160461425781
-0.01275634765625 0.0540313720703125 0.00951004028320313 0.06787109375
0.0193138122558594 0.0500526428222656 0.0368766784667969 0.0490608215332031
0.0382728576660156 0.0253982543945313 0.04229736328125 0.0198631286621094
0.0499916076660156 -0.00457382202148438 0.0384140014648438 -0.00220108032226563
0.0410690307617188 -0.0224189758300781 0.0202884674072266 -0.000404357910156251
0.0347194671630859 -0.0186233520507813 0.00820255279541016 0.00942039489746094
0.0385208129882813 -0.0221443176269531 -0.000204086303710933 0.0234889984130859
0.0454902648925781 -0.0123100280761719 -0.0129795074462891 0.0291576385498047
0.042938232421875 0.00984573364257812 -0.0334110260009766 0.0219058990478516
0.0339393615722656 0.030059814453125 -0.038299560546875 -0.000446319580078128
0.0043792724609375 0.0469436645507812 -0.0224094390869141 -0.0285377502441406
-0.0287551879882813 0.0488510131835938 -0.00792837142944336 -0.00712251663208007
-0.0554122924804688 0.0378875732421875 -0.0321235656738281 0.0124931335449219
-0.0511817932128906 0.0110969543457031 -0.0282249450683594 0.0581932067871094
-0.0452499389648437 0.0310249328613281 -0.0405960083007813 0.0742568969726563
-0.0222091674804688 0.0428276062011719 -0.00350189208984375 0.0713424682617187
0.00635528564453125 0.0477676391601563 0.02294921875 0.0495452880859375
0.0292987823486328 0.030731201171875 0.0270271301269531 0.0210609436035156
0.0465774536132813 0.00579833984375 0.0216312408447266 0.00530624389648438
0.0421028137207031 -0.0125694274902344 0.00591468811035157 0.00966835021972656
0.0351753234863281 -0.0118865966796875 -0.00373268127441406 0.0208663940429688
0.0388298034667969 -0.013885498046875 -0.0103588104248047 0.0324287414550781
0.0426139831542969 -0.00496292114257812 -0.0221023559570312 0.0345611572265625
0.0371513366699219 0.0147628784179688 -0.0376091003417969 0.0247383117675781
0.0255584716796875 0.0313301086425781 -0.0377426147460938 0.00244140625000001
-0.00456619262695313 0.0403900146484375 -0.0225677490234375 -0.0187110900878906
-0.0314788818359375 0.0338821411132812 -0.0141716003417969 0.00675392150878907
-0.0512275695800781 0.0207939147949219 -0.0472412109375 0.0218124389648438
-0.0297126770019531 -0.00664901733398438 -0.0438652038574219 0.0562171936035156
-0.0324630737304688 0.0068206787109375 -0.053619384765625 0.0716781616210938
-0.0222873687744141 0.0209465026855469 -0.0133590698242187 0.0681610107421875
-0.00631332397460937 0.0319385528564453 0.0117912292480469 0.0450782775878906
0.0127391815185547 0.0271034240722656 0.0143470764160156 0.0180206298828125
0.0326728820800781 0.0137939453125 0.0065603256225586 0.00863027572631836
0.0351982116699219 -0.00148773193359375 -0.00816535949707031 0.0170879364013672
0.0303440093994141 -0.0030517578125 -0.015045166015625 0.0283660888671875
0.0343151092529297 -0.00527000427246094 -0.0208206176757812 0.0386581420898438
0.0365028381347656 0.0033111572265625 -0.0314140319824219 0.0361099243164063
0.0294837951660156 0.0191173553466797 -0.0417861938476562 0.0237274169921875
0.0164089202880859 0.0322208404541016 -0.0388336181640625 0.0029144287109375
-0.0140266418457031 0.0340347290039063 -0.0237312316894531 -0.0130748748779297
-0.035308837890625 0.0173912048339844 -0.020660400390625 0.0134353637695312
-0.0444984436035156 0.000389099121093751 -0.0599098205566406 0.0249671936035156
-0.00421333312988282 -0.0222015380859375 -0.0466651916503906 0.0528755187988281
-0.01141357421875 -0.0143823623657227 -0.053314208984375 0.0681266784667969
-0.0144853591918945 -0.00361251831054688 -0.0128555297851563 0.0648002624511719
-0.0146856307983398 0.00971031188964844 0.00963973999023438 0.0388221740722656
-0.00354766845703125 0.0164394378662109 0.00860404968261719 0.0123329162597656
0.0138225555419922 0.0176239013671875 -0.00466442108154297 0.00819778442382813
0.0221214294433594 0.00938796997070313 -0.0182952880859375 0.0202083587646484
0.0211620330810547 0.00543975830078125 -0.0232410430908203 0.0342578887939453
0.0255088806152344 0.00386428833007813 -0.0294342041015625 0.043182373046875
0.0264244079589844 0.0103416442871094 -0.040252685546875 0.0378532409667969
0.0189495086669922 0.020172119140625 -0.0474319458007813 0.0228652954101563
0.00638008117675781 0.0299644470214844 -0.0418853759765625 -0.000282287597656242
-0.0222091674804688 0.0235805511474609 -0.0255107879638672 -0.0133800506591797
-0.0342578887939453 -0.000759124755859375 -0.0270957946777344 0.0122470855712891
-0.0326557159423828 -0.0206527709960938 -0.0686874389648438 0.0205802917480469
-9.15527343750013E-05 0.03533935546875 0.0640678405761719 -0.01446533203125
0.0320987701416016 0.0185470581054688 0.0320320129394531 0.000896453857421876
0.0238475799560547 -0.0120105743408203 0.0257854461669922 0.016632080078125
0.00800132751464844 -0.0205287933349609 0.0480079650878906 0.0114631652832031
-0.00481224060058594 -0.0196285247802734 0.0556449890136719 -0.0124397277832031
-0.0178871154785156 -0.0164833068847656 0.0467567443847656 -0.0373001098632813
-0.0162801742553711 -0.0121126174926758 0.0360641479492188 -0.0436668395996094
-0.0127115249633789 -0.0119895935058594 0.0272979736328125 -0.0334987640380859
-0.0120677947998047 -0.0204219818115234 0.0221443176269531 -0.0181217193603516
0.00484085083007813 -0.0225582122802734 0.0119152069091797 -0.00621986389160156
0.0214653015136719 -0.0122222900390625 -0.0095376968383789 -0.00922393798828125
0.0242481231689453 0.00400352478027344 -0.0111923217773438 -0.0300865173339844
0.0125579833984375 0.0266227722167969 0.0172348022460938 -0.0615692138671875
-0.00384902954101563 0.0377197265625 0.0458412170410156 -0.0641708374023438
-0.022003173828125 0.0355262756347656 0.0419998168945313 -0.041717529296875
-0.0232124328613281 0.0461387634277344 0.0617485046386719 0.00242996215820313
0.0159912109375 0.0381813049316406 0.0313453674316406 0.0157432556152344
0.0223808288574219 0.00815200805664063 0.0287418365478516 0.0266761779785156
0.0185585021972656 -0.00431060791015625 0.0519981384277344 0.0205955505371094
0.0110645294189453 -0.0127773284912109 0.0605354309082031 -0.00522613525390625
0.00169563293457031 -0.0210437774658203 0.0541191101074219 -0.0324935913085938
2.09808349609363E-05 -0.0213832855224609 0.0415382385253906 -0.0384368896484375
0.00266075134277344 -0.0191440582275391 0.0301895141601563 -0.028076171875
0.0053558349609375 -0.0261955261230469 0.0229568481445313 -0.011077880859375
0.0224399566650391 -0.0217571258544922 0.0105628967285156 0.00139808654785156
0.033782958984375 -0.0029144287109375 -0.0139446258544922 -0.00211620330810547
0.0320415496826172 0.0186405181884766 -0.0192985534667969 -0.0229511260986328
0.00739288330078125 0.0422096252441406 0.0037841796875 -0.0581741333007812
-0.019500732421875 0.0516014099121094 0.0315666198730469 -0.0567626953125
-0.0410881042480469 0.0466079711914063 0.0276718139648437 -0.0307102203369141
-0.0449180603027344 0.0485763549804688 0.0485572814941406 0.0214576721191406
-0.00711441040039063 0.0536994934082031 0.0231494903564453 0.0342731475830078
0.0147438049316406 0.0307216644287109 0.0282516479492188 0.0399055480957031
0.0262622833251953 0.0168972015380859 0.0534934997558594 0.0311546325683594
0.0277423858642578 -0.00100135803222656 0.0610771179199219 0.0042877197265625
0.0231723785400391 -0.0209999084472656 0.056427001953125 -0.0246543884277344
0.0172405242919922 -0.0274848937988281 0.0412101745605469 -0.0289726257324219
0.0173377990722656 -0.0227317810058594 0.0283679962158203 -0.018646240234375
0.0215377807617188 -0.0287723541259766 0.0188694000244141 -0.00123023986816406
0.0351905822753906 -0.02056884765625 0.00577640533447266 0.0102682113647461
0.0425834655761719 0.0027618408203125 -0.0203628540039062 0.00692176818847657
0.0375862121582031 0.0261802673339844 -0.0279407501220703 -0.0141277313232422
0.00787353515625001 0.0505027770996094 -0.00948715209960938 -0.0501289367675781
-0.0268096923828125 0.0595703125 0.0148124694824219 -0.0431289672851562
-0.0518074035644531 0.0519447326660156 0.00893783569335937 -0.0171442031860352
-0.0603561401367187 0.0467758178710938 0.0297966003417969 0.0391120910644531
-0.0273666381835938 0.0622482299804687 0.0104331970214844 0.0548248291015625
0.00401687622070312 0.0499649047851562 0.0254669189453125 0.0544052124023438
0.0302352905273438 0.0374946594238281 0.0520820617675781 0.0400886535644531
0.0406036376953125 0.0113906860351563 0.0575218200683594 0.0101814270019531
0.041778564453125 -0.0187301635742188 0.0515480041503906 -0.017669677734375
0.0320224761962891 -0.031341552734375 0.0346202850341797 -0.0191497802734375
0.0287761688232422 -0.0258617401123047 0.0212078094482422 -0.00737953186035156
0.0325908660888672 -0.0298995971679687 0.0128850936889648 0.010101318359375
0.0435523986816406 -0.0207710266113281 0.000400543212890628 0.0200099945068359
0.0470733642578125 0.00390243530273438 -0.0244045257568359 0.0176601409912109
0.0419120788574219 0.02801513671875 -0.0341262817382813 -0.00319671630859375
0.0112991333007813 0.0532188415527344 -0.0214271545410156 -0.0382881164550781
-0.025909423828125 0.0621223449707031 0.000934600830078121 -0.0255107879638672
-0.0555343627929688 0.054412841796875 -0.0104618072509766 -0.000421524047851558
-0.0652656555175781 0.031463623046875 0.00171279907226562 0.0536956787109375
-0.0451240539550781 0.0540885925292969 -0.0131950378417969 0.0699310302734375
-0.0126495361328125 0.0556983947753906 0.0137290954589844 0.0653877258300781
0.0217399597167969 0.05194091796875 0.0393943786621094 0.0473861694335938
0.0417366027832031 0.0254058837890625 0.0432624816894531 0.01727294921875
0.0517196655273438 -0.00730514526367188 0.0393142700195313 -0.00502777099609375
0.0422439575195313 -0.025115966796875 0.0217037200927734 -0.002777099609375
0.0361976623535156 -0.0204925537109375 0.0104589462280273 0.00738906860351563
0.0398979187011719 -0.0251312255859375 0.00358963012695313 0.0215530395507813
0.0465507507324219 -0.0152359008789063 -0.00853157043457031 0.0282440185546875
0.0457038879394531 0.00872802734375 -0.0290412902832031 0.0236625671386719
0.0370559692382813 0.0304718017578125 -0.035400390625 0.00201416015625001
0.0055694580078125 0.0500144958496094 -0.0222549438476562 -0.0259971618652344
-0.0294761657714844 0.0529022216796875 -0.00624322891235352 -0.00652074813842773
-0.0569915771484375 0.0430831909179687 -0.02899169921875 0.0150737762451172
-0.0564689636230469 0.0129776000976563 -0.0238189697265625 0.0612907409667969
-0.0480384826660156 0.0341949462890625 -0.0344085693359375 0.077056884765625
-0.0228309631347656 0.0455589294433594 0.000938415527343751 0.0693817138671875
0.00855636596679687 0.0506553649902344 0.0254325866699219 0.0473823547363281
0.0321674346923828 0.0318241119384766 0.0277938842773438 0.0190811157226563
0.0499382019042969 0.00420379638671875 0.0226020812988281 0.00361442565917969
0.044525146484375 -0.016448974609375 0.00696277618408203 0.0101070404052734
0.0376167297363281 -0.014190673828125 -0.00137901306152344 0.0204029083251953
0.0410079956054688 -0.0174636840820313 -0.00729751586914062 0.0317516326904297
0.04559326171875 -0.00730514526367188 -0.0179462432861328 0.0335788726806641
0.0409049987792969 0.0141258239746094 -0.0336894989013672 0.0259895324707031
0.0294647216796875 0.0329875946044922 -0.0357742309570313 0.004913330078125
-0.00323104858398437 0.0441741943359375 -0.0221099853515625 -0.0168209075927734
-0.0342826843261719 0.0386848449707031 -0.0121860504150391 0.00866317749023438
-0.0539474487304688 0.0251579284667969 -0.0446853637695313 0.025146484375
-0.0350685119628906 -0.00683212280273438 -0.0411872863769531 0.060760498046875
-0.03668212890625 0.00906753540039062 -0.0488357543945313 0.0754547119140625
-0.0241489410400391 0.0233249664306641 -0.0089874267578125 0.0676803588867188
-0.00586700439453125 0.0358009338378906 0.013763427734375 0.0434494018554688
0.0156669616699219 0.0293903350830078 0.0143518447875977 0.0166501998901367
0.0370254516601563 0.0134811401367188 0.0062255859375 0.00813436508178711
0.0380630493164063 -0.00423431396484375 -0.0082244873046875 0.0179576873779297
0.0326271057128906 -0.00601768493652344 -0.0134181976318359 0.0297908782958984
0.0374298095703125 -0.00811004638671875 -0.0181694030761719 0.0384864807128906
0.040557861328125 0.00142288208007813 -0.028350830078125 0.0363082885742187
0.0331916809082031 0.0186691284179687 -0.0393753051757813 0.0245285034179687
0.0204830169677734 0.0338382720947266 -0.037200927734375 0.00440216064453125
-0.0127105712890625 0.03759765625 -0.0225811004638672 -0.0115566253662109
-0.0376663208007813 0.0222854614257813 -0.0186786651611328 0.0159893035888672
-0.0487136840820313 0.00414276123046874 -0.0581207275390625 0.0291252136230469
-0.00867271423339844 -0.0240364074707031 -0.0461769104003906 0.0575103759765625
-0.0173797607421875 -0.0144052505493164 -0.049896240234375 0.0725631713867188
-0.0178661346435547 -0.00223541259765625 -0.00880813598632813 0.064361572265625
-0.0152473449707031 0.0139303207397461 0.0102005004882813 0.0370330810546875
-0.00181770324707031 0.0202960968017578 0.00728034973144531 0.0110588073730469
0.0181789398193359 0.0179538726806641 -0.00557518005371094 0.00822067260742188
0.0258197784423828 0.00721549987792969 -0.0191593170166016 0.0228691101074219
0.0245132446289063 0.00302696228027344 -0.0226097106933594 0.0366897583007812
0.0285396575927734 0.00131034851074219 -0.0274200439453125 0.0447425842285156
0.0304813385009766 0.00786209106445313 -0.0387916564941406 0.0391731262207031
0.0235443115234375 0.0202922821044922 -0.0464134216308594 0.0243911743164063
0.00924491882324219 0.0312595367431641 -0.0409927368164063 0.0016632080078125
-0.0210838317871094 0.0276412963867188 -0.0245113372802734 -0.0112762451171875
-0.0372428894042969 0.0030517578125 -0.0266742706298828 0.0162334442138672
-0.0378913879394531 -0.0182838439941406 -0.0699691772460938 0.0251579284667969
0.00313377380371094 0.0346527099609375 0.0663375854492188 -0.0179786682128906
0.0342884063720703 0.0152683258056641 0.0322132110595703 -0.0022430419921875
0.0230159759521484 -0.0150566101074219 0.0257415771484375 0.0150260925292969
0.00565528869628907 -0.0220737457275391 0.0479011535644531 0.0113105773925781
-0.00674247741699219 -0.019317626953125 0.0555458068847656 -0.0128555297851563
-0.0199928283691406 -0.0149364471435547 0.0474357604980469 -0.0379409790039063
-0.0180454254150391 -0.00882148742675781 0.0361137390136719 -0.0454444885253906
-0.0142316818237305 -0.0102310180664063 0.0275840759277344 -0.0362319946289063
-0.0155048370361328 -0.0191001892089844 0.0237464904785156 -0.0203437805175781
0.00147819519042969 -0.0232467651367188 0.0144100189208984 -0.00741672515869141
0.0199375152587891 -0.0146274566650391 -0.00646686553955078 -0.00803422927856445
0.02496337890625 0.000944137573242187 -0.0103588104248047 -0.02801513671875
0.0160751342773438 0.0256462097167969 0.0150184631347656 -0.060546875
0.000576019287109375 0.0400276184082031 0.0451889038085938 -0.0663986206054688
-0.0180702209472656 0.0383720397949219 0.0447769165039063 -0.0440216064453125
-0.0202751159667969 0.0476913452148438 0.06524658203125 -0.000625610351562497
0.01837158203125 0.0367431640625 0.032470703125 0.0112056732177734
0.0214653015136719 0.00728607177734375 0.0285892486572266 0.0250797271728516
0.0170211791992187 -0.00466537475585937 0.0520744323730469 0.0204544067382813
0.00987720489501953 -0.012054443359375 0.0613059997558594 -0.00606918334960938
3.05175781249989E-05 -0.019073486328125 0.0544967651367187 -0.0338287353515625
-0.000907897949218749 -0.0198650360107422 0.0421371459960938 -0.0411186218261719
0.00142478942871094 -0.0175180435180664 0.0306663513183594 -0.0312633514404297
0.004119873046875 -0.026580810546875 0.0248947143554688 -0.0142230987548828
0.0205116271972656 -0.0230159759521484 0.0136137008666992 -0.000303268432617189
0.0340385437011719 -0.00581550598144531 -0.0096435546875 -0.000327110290527344
0.0329036712646484 0.0174293518066406 -0.0176143646240234 -0.0206089019775391
0.0106582641601562 0.0427703857421875 0.00326156616210937 -0.0561447143554687
-0.016754150390625 0.0549087524414062 0.0309677124023437 -0.0578231811523438
-0.0386962890625 0.0498886108398437 0.0310955047607422 -0.0337734222412109
-0.0444755554199219 0.0504570007324219 0.0543022155761719 0.0195770263671875
-0.0052490234375 0.0545387268066406 0.026123046875 0.0321712493896484
0.0145034790039063 0.0309257507324219 0.0282173156738281 0.0378684997558594
0.0262660980224609 0.0170116424560547 0.0535621643066406 0.0307121276855469
0.0272903442382813 -0.00126838684082031 0.0621528625488281 0.00235366821289062
0.0223541259765625 -0.0208740234375 0.0575103759765625 -0.0263671875
0.0169773101806641 -0.0279159545898437 0.0425682067871094 -0.0324897766113281
0.0176506042480469 -0.0228939056396484 0.0290813446044922 -0.0218982696533203
0.0207576751708984 -0.0294322967529297 0.0216312408447266 -0.00441741943359375
0.0349197387695313 -0.0218372344970703 0.00991630554199219 0.00855159759521484
0.0429306030273437 0.00119400024414062 -0.0161981582641602 0.00726890563964844
0.0394554138183594 0.0251502990722656 -0.025115966796875 -0.0125064849853516
0.0101432800292969 0.0520820617675781 -0.011138916015625 -0.0485076904296875
-0.0246047973632812 0.0634231567382813 0.01483154296875 -0.0445289611816406
-0.0509834289550781 0.0560646057128906 0.0125818252563477 -0.0174875259399414
-0.0618362426757813 0.0493316650390625 0.0349044799804687 0.0389366149902344
-0.0279388427734375 0.064605712890625 0.0143051147460937 0.0529289245605469
0.00418853759765625 0.0520706176757813 0.0267677307128906 0.0518226623535156
0.0318984985351563 0.0386276245117188 0.0533981323242187 0.0385475158691406
0.041534423828125 0.0119209289550781 0.0576362609863281 0.00794601440429687
0.0421218872070313 -0.0190086364746094 0.0524253845214844 -0.0190505981445313
0.0326709747314453 -0.0327930450439453 0.0359268188476563 -0.0216140747070313
0.0292530059814453 -0.0272789001464844 0.0217609405517578 -0.010040283203125
0.0329952239990234 -0.0317649841308594 0.0150394439697266 0.00618076324462891
0.0443267822265625 -0.0233154296875 0.00358200073242188 0.0180587768554688
0.0496406555175781 0.002410888671875 -0.0204601287841797 0.0167827606201172
0.0446853637695312 0.0280418395996094 -0.0312042236328125 -0.00168800354003906
0.0129928588867187 0.0545196533203125 -0.0205307006835938 -0.0370292663574219
-0.026153564453125 0.066314697265625 0.00280189514160156 -0.0257663726806641
-0.0563011169433594 0.059356689453125 -0.00621128082275391 -0.000272274017333982
-0.0692329406738281 0.0341339111328125 0.00589752197265624 0.0564117431640625
-0.0468788146972656 0.0567359924316406 -0.00903701782226563 0.0701446533203125
-0.012542724609375 0.0588722229003906 0.0155143737792969 0.0632286071777344
0.0246391296386719 0.0540351867675781 0.0405120849609375 0.0464515686035156
0.0433235168457031 0.0261154174804688 0.0443840026855469 0.0162277221679688
0.0537071228027344 -0.00850677490234375 0.0396881103515625 -0.00682449340820313
0.0440826416015625 -0.0279197692871094 0.0233592987060547 -0.00447463989257813
0.0388374328613281 -0.0227813720703125 0.0116786956787109 0.005645751953125
0.0418167114257812 -0.0266380310058594 0.00527381896972657 0.0201435089111328
0.0496635437011719 -0.0172386169433594 -0.00514602661132812 0.0262870788574219
0.0494194030761719 0.00832748413085938 -0.0252113342285156 0.0231475830078125
0.0400581359863281 0.03125 -0.0329456329345703 0.003631591796875
0.0066680908203125 0.05230712890625 -0.0210342407226562 -0.0249366760253906
-0.0314788818359375 0.0575675964355469 -0.0045170783996582 -0.00597333908081054
-0.0592384338378906 0.0475807189941406 -0.0258731842041016 0.0155429840087891
-0.0607070922851563 0.0141372680664062 -0.0201644897460938 0.0647125244140625
-0.0518341064453125 0.0375938415527344 -0.0323257446289063 0.0784835815429688
-0.0246047973632812 0.0493659973144531 0.00292205810546874 0.0686187744140625
0.00994110107421875 0.0543899536132813 0.0266609191894531 0.0468482971191406
0.0348072052001953 0.0340175628662109 0.0277023315429688 0.0178356170654297
0.0527191162109375 0.00228118896484375 0.0222339630126953 0.00247573852539063
0.0467987060546875 -0.0190811157226563 0.00859642028808594 0.00965309143066406
0.0391159057617188 -0.0177879333496094 0.000331878662109377 0.0190925598144531
0.0434188842773438 -0.0194206237792969 -0.00582313537597656 0.0304393768310547
0.0484962463378906 -0.0097198486328125 -0.0163669586181641 0.0321807861328125
0.0438728332519531 0.0144119262695312 -0.0312614440917969 0.0253448486328125
0.0329704284667969 0.0342464447021484 -0.0338363647460938 0.00543212890625
-0.00298309326171875 0.0481643676757813 -0.0206775665283203 -0.0155830383300781
-0.0357017517089844 0.0434417724609375 -0.009796142578125 0.00945472717285157
-0.0572853088378906 0.0298690795898438 -0.0429000854492188 0.0269203186035156
-0.0393753051757813 -0.00675582885742188 -0.039794921875 0.06463623046875
-0.0410003662109375 0.0109710693359375 -0.0456619262695312 0.0774688720703125
-0.0274658203125 0.0265541076660156 -0.0063934326171875 0.0660133361816406
-0.00560379028320313 0.0390396118164063 0.0135002136230469 0.0424156188964844
0.0185031890869141 0.0312862396240234 0.0134067535400391 0.015599250793457
0.0404586791992188 0.0120124816894531 0.00579977035522461 0.00795269012451172
0.0409965515136719 -0.00753402709960937 -0.00723838806152343 0.0190334320068359
0.0350456237792969 -0.00848579406738281 -0.0121192932128906 0.0297985076904297
0.0405082702636719 -0.01104736328125 -0.0173301696777344 0.0386924743652344
0.0440521240234375 -0.0012359619140625 -0.0279388427734375 0.0360183715820313
0.0369186401367188 0.0190887451171875 -0.0386390686035156 0.0246543884277344
0.0230522155761719 0.0355758666992188 -0.0353851318359375 0.00427627563476563
-0.0118865966796875 0.0406074523925781 -0.0216941833496094 -0.0115127563476562
-0.0404396057128906 0.0266304016113281 -0.0169734954833984 0.0181694030761719
-0.0528602600097656 0.00752639770507813 -0.0579147338867188 0.03118896484375
-0.0131263732910156 -0.0258045196533203 -0.045654296875 0.0613327026367188
-0.0221691131591797 -0.0142421722412109 -0.0473251342773437 0.0745391845703125
-0.021575927734375 -0.000476837158203123 -0.00635528564453125 0.0639228820800781
-0.0163536071777344 0.0177574157714844 0.00870132446289063 0.0350933074951172
0.00056266784667969 0.0229473114013672 0.00560283660888672 0.0117902755737305
0.0220832824707031 0.0175361633300781 -0.00723934173583984 0.00886154174804688
0.0295429229736328 0.00471115112304688 -0.0191307067871094 0.0248298645019531
0.0270652770996094 0.000986099243164063 -0.0215301513671875 0.0379486083984375
0.03118896484375 -0.00189971923828125 -0.0270500183105469 0.0466651916503906
0.0334415435791016 0.00611495971679688 -0.0384902954101562 0.0397567749023438
0.0260715484619141 0.0194625854492188 -0.0453529357910156 0.0244522094726563
0.0127906799316406 0.0326690673828125 -0.0400581359863281 0.00156784057617187
-0.0209102630615234 0.0306968688964844 -0.0231437683105469 -0.00975799560546875
-0.0403633117675781 0.00739669799804688 -0.0248279571533203 0.0185375213623047
-0.04180908203125 -0.0157737731933594 -0.0704421997070313 0.0271148681640625
0.00670051574707031 0.0345726013183594 0.0698089599609375 -0.0213851928710937
0.0357208251953125 0.0114173889160156 0.0335674285888672 -0.00564956665039062
0.0225334167480469 -0.0163364410400391 0.0246849060058594 0.0148983001708984
0.00356864929199219 -0.0231781005859375 0.0485725402832031 0.0123748779296875
-0.00935554504394531 -0.0184040069580078 0.0581703186035156 -0.0141372680664063
-0.0231609344482422 -0.0126457214355469 0.0489540100097656 -0.0400848388671875
-0.0189628601074219 -0.00794219970703125 0.0376319885253906 -0.0493278503417969
-0.0153942108154297 -0.00853919982910157 0.0286407470703125 -0.0389060974121094
-0.0171642303466797 -0.0172023773193359 0.0253124237060547 -0.0234489440917969
-0.00096321105957031 -0.0240249633789063 0.016911506652832 -0.0094757080078125
0.0180511474609375 -0.0175437927246094 -0.00399494171142578 -0.00891876220703125
0.0253391265869141 -0.000959396362304687 -0.00837516784667968 -0.0273571014404297
0.0194206237792969 0.0248012542724609 0.0138130187988281 -0.0607032775878906
0.00506973266601562 0.0412826538085938 0.0450363159179687 -0.0705718994140625
-0.0148162841796875 0.0404434204101562 0.0485191345214844 -0.048370361328125
-0.0189399719238281 0.0487022399902344 0.0701484680175781 -0.00375747680664062
0.0191497802734375 0.0363273620605469 0.0347194671630859 0.00878143310546875
0.0217208862304688 0.00593948364257813 0.0284671783447266 0.0236568450927734
0.0165491104125977 -0.0053253173828125 0.0538711547851563 0.0205879211425781
0.00938129425048828 -0.0129938125610352 0.0637016296386719 -0.0070037841796875
-0.00223731994628906 -0.0188827514648438 0.0571250915527344 -0.0356864929199219
-0.00187301635742187 -0.0193042755126953 0.0443382263183594 -0.0457344055175781
0.00136947631835937 -0.0176239013671875 0.0328998565673828 -0.0348129272460938
0.00271034240722656 -0.0250186920166016 0.0278873443603516 -0.0181884765625
0.0185966491699219 -0.0245208740234375 0.0180644989013672 -0.00327682495117188
0.0345096588134766 -0.00669097900390625 -0.00696372985839844 -0.000649929046630859
0.0350360870361328 0.0156230926513672 -0.0147743225097656 -0.0193729400634766
0.0135078430175781 0.0446853637695313 0.00228500366210937 -0.0559234619140625
-0.0137290954589844 0.0588531494140625 0.0312271118164063 -0.0615463256835937
-0.0370635986328125 0.0543365478515625 0.0344123840332031 -0.0355987548828125
-0.0450477600097656 0.0533561706542969 0.0593643188476562 0.0182991027832031
-0.00563812255859375 0.0555152893066406 0.0290317535400391 0.0295085906982422
0.0142097473144531 0.0319900512695312 0.0288734436035156 0.038482666015625
0.0260429382324219 0.0181427001953125 0.0560073852539062 0.030975341796875
0.0278739929199219 -0.0009918212890625 0.0648384094238281 0.001739501953125
0.0219058990478516 -0.0209827423095703 0.0600509643554688 -0.0300559997558594
0.0175037384033203 -0.0283412933349609 0.0447044372558594 -0.0358543395996094
0.0185756683349609 -0.0243873596191406 0.0308341979980469 -0.0260391235351563
0.0209484100341797 -0.0304527282714844 0.0238246917724609 -0.00795936584472656
0.0356636047363281 -0.0241966247558594 0.012115478515625 0.00587940216064453
0.0457000732421875 0.0002288818359375 -0.0126113891601562 0.0071258544921875
0.0423088073730469 0.0254631042480469 -0.022979736328125 -0.0108776092529297
0.0127182006835938 0.054656982421875 -0.010009765625 -0.0473518371582031
-0.0238914489746094 0.0687446594238281 0.0164299011230469 -0.0464057922363281
-0.0512123107910156 0.061431884765625 0.0159416198730469 -0.0199413299560547
-0.0642890930175781 0.0532341003417969 0.0402603149414062 0.039642333984375
-0.0284957885742187 0.0679550170898437 0.0165481567382813 0.0513725280761719
0.00444412231445312 0.0545997619628906 0.027587890625 0.0519599914550781
0.0330734252929688 0.0405845642089844 0.055084228515625 0.0388984680175781
0.0433921813964844 0.0126762390136719 0.0604515075683594 0.00742340087890625
0.0441017150878906 -0.0206413269042969 0.0545120239257813 -0.0226097106933594
0.0334033966064453 -0.0342845916748047 0.0372276306152344 -0.0240287780761719
0.0309162139892578 -0.0290718078613281 0.0235214233398438 -0.0130691528320313
0.0348186492919922 -0.0342140197753906 0.0168380737304688 0.00258445739746093
0.0462188720703125 -0.0247688293457031 0.00623321533203125 0.0153255462646484
0.052490234375 0.00145339965820313 -0.0179634094238281 0.0169563293457031
0.0488319396972656 0.0285911560058594 -0.0290431976318359 -0.00105667114257812
0.0146713256835937 0.0597763061523438 -0.0202484130859375 -0.0359344482421875
-0.0255355834960937 0.0723953247070313 0.00323867797851562 -0.0263481140136719
-0.057098388671875 0.0645179748535156 -0.00364327430725098 -0.00161147117614746
-0.07342529296875 0.0390853881835938 0.0106201171875 0.0577125549316406
-0.0497856140136719 0.0621261596679687 -0.00633239746093751 0.0703506469726563
-0.0143241882324219 0.0640754699707031 0.016998291015625 0.0641021728515625
0.0251274108886719 0.0574607849121094 0.0412178039550781 0.0465812683105469
0.047943115234375 0.0284423828125 0.0453834533691406 0.0152816772460938
0.0562591552734375 -0.0105514526367188 0.0409469604492188 -0.00846481323242188
0.0456428527832031 -0.0305747985839844 0.0235977172851563 -0.00667381286621094
0.0395393371582031 -0.0254287719726563 0.0127105712890625 0.0034637451171875
0.0440902709960938 -0.03033447265625 0.00654029846191407 0.0176448822021484
0.0518341064453125 -0.0188751220703125 -0.00394439697265625 0.0248546600341797
0.052825927734375 0.00811386108398438 -0.0237102508544922 0.0218791961669922
0.0450630187988281 0.0323829650878906 -0.0294513702392578 0.00400352478027344
0.00815963745117187 0.0568656921386719 -0.0207843780517578 -0.0250072479248047
-0.0321044921875 0.0632514953613281 -0.00243711471557617 -0.00542497634887695
-0.0621223449707031 0.0534095764160156 -0.0243587493896484 0.0164833068847656
-0.0667266845703125 0.0183067321777344 -0.0182762145996094 0.0674209594726563
-0.0558891296386719 0.0407485961914063 -0.02911376953125 0.0808792114257813
-0.0267906188964844 0.0534286499023438 0.004180908203125 0.0690383911132813
0.0110740661621094 0.0586318969726563 0.0257110595703125 0.0483131408691406
0.0392417907714844 0.0356292724609375 0.0279464721679688 0.0179634094238281
0.0562019348144531 5.340576171875E-05 0.0235824584960938 0.00211143493652344
0.0495414733886719 -0.0225410461425781 0.00879764556884766 0.00865745544433594
0.0429840087890625 -0.0194244384765625 0.000682830810546879 0.0191707611083984
0.0471992492675781 -0.0234947204589844 -0.00516700744628906 0.0295562744140625
0.0531463623046875 -0.0125465393066406 -0.0147132873535156 0.0311660766601563
0.0493888854980469 0.0136070251464844 -0.0299587249755859 0.0250091552734375
0.0372810363769531 0.0366401672363281 -0.031646728515625 0.00540924072265625
-0.0017547607421875 0.0522499084472656 -0.0208396911621094 -0.0159835815429687
-0.0379600524902344 0.0492820739746094 -0.00837135314941407 0.00910472869873047
-0.0619659423828125 0.0345039367675781 -0.0417900085449219 0.0283088684082031
-0.0453376770019531 -0.00497055053710937 -0.039520263671875 0.0685005187988281
-0.0461654663085938 0.0139961242675781 -0.0452117919921875 0.0803909301757813
-0.0299453735351563 0.0301380157470703 -0.00522613525390626 0.0669288635253906
-0.00541305541992187 0.0441398620605469 0.0131721496582031 0.042327880859375
0.0220489501953125 0.0342807769775391 0.0121669769287109 0.0161361694335938
0.045501708984375 0.0109825134277344 0.00540018081665039 0.00814914703369141
0.0444984436035156 -0.00986099243164063 -0.00759696960449218 0.0200004577636719
0.0377426147460938 -0.011871337890625 -0.0121860504150391 0.0317535400390625
0.0429153442382813 -0.014434814453125 -0.0175971984863281 0.0385894775390625
0.0471839904785156 -0.00396347045898438 -0.0273704528808594 0.0354461669921875
0.0414962768554688 0.018768310546875 -0.0388832092285156 0.0247611999511719
0.0271339416503906 0.0375213623046875 -0.0349540710449219 0.00497627258300782
-0.0118141174316406 0.04510498046875 -0.0203857421875 -0.0114059448242188
-0.0435256958007813 0.0325660705566406 -0.0155830383300781 0.0188369750976563
-0.05633544921875 0.010589599609375 -0.059844970703125 0.0335502624511719
-0.0179920196533203 -0.0270938873291016 -0.0480613708496094 0.0660133361816406
-0.0270977020263672 -0.0131244659423828 -0.04754638671875 0.0778274536132813
-0.0247859954833984 0.00156402587890625 -0.00659942626953125 0.0628585815429688
-0.016632080078125 0.0204868316650391 0.00868415832519531 0.0349254608154297
0.00284194946289063 0.0251083374023438 0.00413131713867188 0.0117740631103516
0.0260448455810547 0.0173721313476563 -0.00932598114013672 0.00989913940429688
0.0316333770751953 0.00183296203613281 -0.0196514129638672 0.0273876190185547
0.0273208618164062 -0.00214958190917969 -0.0220909118652344 0.0403213500976562
0.0337448120117188 -0.00450706481933594 -0.0261688232421875 0.0477294921875
0.0367851257324219 0.00301361083984375 -0.0390892028808594 0.0418167114257813
0.0307044982910156 0.0201015472412109 -0.0463676452636719 0.0253868103027344
0.0161113739013672 0.0347576141357422 -0.0408706665039063 0.00207901000976563
-0.0193996429443359 0.03448486328125 -0.0228481292724609 -0.0113735198974609
-0.0435714721679688 0.0108680725097656 -0.0257854461669922 0.0206451416015625
-0.0461578369140625 -0.0132865905761719 -0.0733642578125 0.0314865112304687
0.0100803375244141 0.0348663330078125 0.0742874145507813 -0.02569580078125
0.0379104614257813 0.00938796997070313 0.0336704254150391 -0.00895881652832031
0.0220279693603516 -0.0200767517089844 0.0255184173583984 0.0152359008789062
0.00182723999023437 -0.0243034362792969 0.0515670776367187 0.011932373046875
-0.0112342834472656 -0.0189018249511719 0.060516357421875 -0.0153961181640625
-0.0250415802001953 -0.0106754302978516 0.0509834289550781 -0.0433845520019531
-0.0205917358398437 -0.00560951232910157 0.0380439758300781 -0.0530357360839844
-0.0169200897216797 -0.00739669799804688 0.0287437438964844 -0.0439682006835938
-0.0202178955078125 -0.0147151947021484 0.0263805389404297 -0.0283088684082031
-0.00358390808105468 -0.0240497589111328 0.0195884704589844 -0.0130634307861328
0.0173511505126953 -0.0202045440673828 -0.00136184692382812 -0.00908851623535156
0.0265922546386719 -0.0038299560546875 -0.00735282897949218 -0.0276279449462891
0.0233211517333984 0.0247554779052734 0.0136146545410156 -0.0622520446777344
0.00954437255859375 0.0434417724609375 0.0447998046875 -0.0749893188476563
-0.0107803344726563 0.0433921813964844 0.051483154296875 -0.0542984008789062
-0.018341064453125 0.05133056640625 0.0752792358398438 -0.00733184814453125
0.0208930969238281 0.0363349914550781 0.0363388061523438 0.00638961791992188
0.0217323303222656 0.00527000427246094 0.0288257598876953 0.024505615234375
0.0166225433349609 -0.00626182556152344 0.056732177734375 0.020416259765625
0.00806522369384766 -0.0128002166748047 0.0675239562988281 -0.00849533081054688
-0.00274276733398438 -0.0181999206542969 0.0590553283691406 -0.0407333374023438
-0.00255584716796875 -0.0195941925048828 0.0451316833496094 -0.0510444641113281
0.000753402709960938 -0.0175952911376953 0.0331611633300781 -0.0403327941894531
0.00138092041015625 -0.025238037109375 0.0285129547119141 -0.0224685668945312
0.0180015563964844 -0.026153564453125 0.0202064514160156 -0.00632858276367188
0.0349597930908203 -0.00959968566894531 -0.00395584106445312 -0.00165891647338867
0.036895751953125 0.0137596130371094 -0.0139904022216797 -0.0185985565185547
0.0174064636230469 0.0454635620117188 0.00133514404296876 -0.0564346313476563
-0.0101585388183594 0.0624542236328125 0.0316619873046875 -0.0657272338867188
-0.0347061157226563 0.0603866577148437 0.0386734008789063 -0.0404129028320312
-0.0457611083984375 0.0585517883300781 0.0652732849121094 0.0158157348632813
-0.00455474853515624 0.0583915710449219 0.0312271118164063 0.0272235870361328
0.0153255462646484 0.0335712432861328 0.0305328369140625 0.037841796875
0.0288734436035156 0.0184745788574219 0.0590782165527344 0.0311126708984375
0.0292453765869141 -0.000804901123046875 0.0686454772949219 -0.0005340576171875
0.0230312347412109 -0.0221195220947266 0.0622596740722656 -0.0343093872070313
0.0174198150634766 -0.0301799774169922 0.0456047058105469 -0.0416679382324219
0.0191535949707031 -0.0266246795654297 0.0318641662597656 -0.0299320220947266
0.0211524963378906 -0.0326709747314453 0.0257625579833984 -0.0124778747558594
0.0358085632324219 -0.0261993408203125 0.0156850814819336 0.00238037109375
0.0478782653808594 -0.00233078002929688 -0.00966453552246093 0.0062103271484375
0.0461502075195313 0.0244216918945312 -0.020751953125 -0.0106773376464844
0.0156707763671875 0.0572471618652344 -0.0116958618164062 -0.0484352111816406
-0.02142333984375 0.0747146606445313 0.0168228149414063 -0.0494651794433594
-0.0507354736328125 0.0679664611816406 0.0193881988525391 -0.0226612091064453
-0.0679702758789063 0.0595779418945313 0.0464820861816406 0.0384407043457031
-0.0289993286132813 0.074493408203125 0.0202980041503906 0.0511589050292969
0.00444793701171875 0.0591773986816406 0.0292205810546875 0.0523643493652344
0.0367507934570313 0.0435104370117188 0.0582618713378906 0.0399055480957031
0.0475730895996094 0.0122871398925781 0.0639991760253906 0.00547027587890625
0.0458106994628906 -0.0228118896484375 0.0568161010742188 -0.0261154174804688
0.0339813232421875 -0.0378684997558594 0.03826904296875 -0.0289726257324219
0.0327377319335938 -0.0325412750244141 0.0245037078857422 -0.0168209075927734
0.0360755920410156 -0.0376396179199219 0.0188159942626953 0.000463485717773435
0.0488700866699219 -0.0296592712402344 0.00919628143310547 0.0116825103759766
0.0575714111328125 0.000484466552734375 -0.0153436660766601 0.0154542922973633
0.0526695251464844 0.0287590026855469 -0.0262794494628906 -0.000326156616210937
0.0177459716796875 0.0627517700195313 -0.0208549499511719 -0.0357093811035156
-0.0240020751953125 0.0796890258789063 0.00434112548828125 -0.0290794372558594
-0.0579757690429688 0.0726242065429687 -0.0015561580657959 -0.00266933441162109
-0.0788040161132812 0.0448684692382813 0.014739990234375 0.0601692199707031
-0.0520706176757812 0.06927490234375 -0.00289916992187501 0.0718460083007813
-0.0141181945800781 0.0694541931152344 0.0183525085449219 0.0649490356445313
0.0297508239746094 0.0617790222167969 0.0447731018066406 0.0481834411621094
0.0522232055664062 0.0285377502441406 0.047943115234375 0.0145759582519531
0.0600929260253906 -0.0136566162109375 0.0424537658691406 -0.0116996765136719
0.0479393005371094 -0.0359992980957031 0.0258102416992188 -0.00906562805175782
0.0427017211914062 -0.0302581787109375 0.0141754150390625 0.00179004669189453
0.0464820861816406 -0.034912109375 0.00764846801757813 0.0158967971801758
0.0557708740234375 -0.0234107971191406 -0.00222969055175781 0.0228614807128906
0.058807373046875 0.00584030151367188 -0.0220623016357422 0.0221290588378906
0.0497016906738281 0.0336761474609375 -0.0290164947509766 0.00431251525878906
0.0103530883789063 0.061614990234375 -0.0215034484863281 -0.0252208709716797
-0.0321578979492188 0.0709228515625 -0.00128173828125 -0.00727081298828125
-0.0652580261230469 0.0606460571289062 -0.0218296051025391 0.0171699523925781
-0.0721435546875 0.0227432250976562 -0.0153274536132812 0.0726547241210938
-0.0598068237304688 0.0484237670898438 -0.0262527465820313 0.084075927734375
-0.0279808044433594 0.0600395202636719 0.00582122802734375 0.0701370239257813
0.0150871276855469 0.0635032653808594 0.0282630920410156 0.048919677734375
0.0439529418945313 0.0370101928710938 0.0295486450195313 0.0188159942626953
0.0617027282714844 -0.00228500366210937 0.0237655639648438 0.000505447387695312
0.05218505859375 -0.0272026062011719 0.01019287109375 0.00797176361083984
0.0453071594238281 -0.0244674682617187 0.00153923034667969 0.0188655853271484
0.049102783203125 -0.0290298461914062 -0.00386619567871094 0.0298805236816406
0.0568008422851563 -0.0166397094726563 -0.0140438079833984 0.0313682556152344
0.0544586181640625 0.0130233764648438 -0.0295429229736328 0.0254573822021484
0.0423622131347656 0.0380058288574219 -0.0315437316894531 0.0059032440185547
0.00103378295898438 0.0571403503417969 -0.0196266174316406 -0.0165882110595703
-0.0397529602050781 0.0565757751464844 -0.00622081756591797 0.0105562210083008
-0.0654182434082031 0.0409317016601562 -0.0410919189453125 0.030609130859375
-0.0513343811035156 -0.00281143188476563 -0.0385818481445312 0.0753631591796875
-0.0513458251953125 0.0189285278320312 -0.0436172485351563 0.0859832763671875
-0.0329151153564453 0.0350627899169922 -0.00437545776367187 0.0684661865234375
-0.00254440307617188 0.0496749877929688 0.0141410827636719 0.0438957214355469
0.0267372131347656 0.0368118286132813 0.0121545791625977 0.0171957015991211
0.0501213073730469 0.00846099853515625 0.00412273406982422 0.00842809677124023
0.0465774536132813 -0.0147438049316406 -0.00658798217773438 0.0210418701171875
0.0404014587402344 -0.0149726867675781 -0.0117073059082031 0.0337009429931641
0.0457496643066406 -0.0187835693359375 -0.0170860290527344 0.0410957336425781
0.0509376525878906 -0.00778961181640625 -0.0284461975097656 0.0374794006347656
0.0460014343261719 0.0172004699707031 -0.0389404296875 0.0255584716796875
0.0328750610351563 0.0385856628417969 -0.0357017517089844 0.00463867187500001
-0.00921630859375 0.050506591796875 -0.0208911895751953 -0.0119400024414062
-0.0453376770019531 0.0383338928222656 -0.0146636962890625 0.0205879211425781
-0.06109619140625 0.0169754028320312 -0.0603218078613281 0.0373458862304687
-0.0228176116943359 -0.025787353515625 -0.0492782592773438 0.0731277465820312
-0.0319175720214844 -0.0119647979736328 -0.047943115234375 0.08306884765625
-0.0286388397216797 0.00500106811523438 -0.00411987304687501 0.0646018981933594
-0.0157566070556641 0.0258026123046875 0.00768661499023437 0.0362930297851563
0.00625038146972656 0.0279121398925781 0.00175571441650391 0.01287841796875
0.0309066772460938 0.0155048370361328 -0.0106744766235352 0.0123767852783203
0.0344161987304688 -0.00170326232910156 -0.0200996398925781 0.031036376953125
0.031036376953125 -0.00522994995117188 -0.0215492248535156 0.044281005859375
0.0360298156738281 -0.00779342651367188 -0.0269432067871094 0.0520401000976563
0.0400161743164063 -0.0004425048828125 -0.0405235290527344 0.0436897277832031
0.0343723297119141 0.0184593200683594 -0.048370361328125 0.0261497497558594
0.0201148986816406 0.0362968444824219 -0.0420303344726562 0.00225448608398438
-0.0189094543457031 0.038726806640625 -0.0236854553222656 -0.01092529296875
-0.0457344055175781 0.0162506103515625 -0.0234107971191406 0.0239200592041016
-0.0505790710449219 -0.00977706909179688 -0.0764083862304688 0.0355911254882813
0.0133838653564453 0.0346908569335938 0.076751708984375 -0.032684326171875
0.0402069091796875 0.00560760498046875 0.0328998565673828 -0.0124416351318359
0.0195178985595703 -0.0217189788818359 0.0260677337646484 0.0143356323242187
-0.000253677368164063 -0.0274772644042969 0.0541114807128906 0.00979232788085937
-0.0155715942382813 -0.0181961059570312 0.0624427795410156 -0.0192604064941406
-0.028045654296875 -0.00762748718261719 0.0523834228515625 -0.0475349426269531
-0.0230445861816406 -0.00242805480957032 0.0375442504882813 -0.0620002746582031
-0.0187034606933594 -0.00496292114257812 0.02764892578125 -0.0495452880859375
-0.0218505859375 -0.0126667022705078 0.0264816284179687 -0.03253173828125
-0.00866317749023437 -0.0234794616699219 0.0205039978027344 -0.0179481506347656
0.0141353607177734 -0.0229930877685547 0.000492095947265627 -0.0121278762817383
0.0264339447021484 -0.00720024108886719 -0.00564384460449218 -0.0274810791015625
0.0282993316650391 0.0222072601318359 0.01287841796875 -0.0641441345214844
0.014434814453125 0.0438461303710938 0.0434188842773438 -0.0817108154296875
-0.00583267211914063 0.0460700988769531 0.0512466430664063 -0.0631942749023438
-0.0141105651855469 0.0542793273925781 0.081024169921875 -0.0135116577148437
0.0249671936035156 0.0364418029785156 0.0376853942871094 0.0028228759765625
0.0218505859375 0.00489234924316406 0.0303153991699219 0.0237026214599609
0.0158538818359375 -0.00704765319824219 0.0626792907714844 0.0191001892089844
0.00750446319580078 -0.0125799179077148 0.0705718994140625 -0.012237548828125
-0.00445365905761719 -0.0180816650390625 0.0623435974121094 -0.0471115112304688
-0.00352287292480469 -0.0201053619384766 0.0447311401367188 -0.0577812194824219
1.90734863281231E-05 -0.0196170806884766 0.03350830078125 -0.0459480285644531
-0.00131607055664063 -0.0253334045410156 0.0298366546630859 -0.028564453125
0.0160465240478516 -0.0280189514160156 0.0234375 -0.0106086730957031
0.0339984893798828 -0.0134029388427734 -0.000642776489257811 -0.00409007072448731
0.04034423828125 0.0109481811523438 -0.0131568908691406 -0.0194721221923828
0.021484375 0.0449790954589844 -0.0010223388671875 -0.0576858520507813
-0.00518035888671875 0.0654754638671875 0.029449462890625 -0.07208251953125
-0.0305213928222656 0.0656280517578125 0.0404510498046875 -0.0479164123535156
-0.046234130859375 0.0655136108398438 0.0715408325195313 0.0103225708007813
-0.00241851806640625 0.0619087219238281 0.0342330932617188 0.0241489410400391
0.0157833099365234 0.0346450805664062 0.0322113037109375 0.0382194519042969
0.0304222106933594 0.0183162689208984 0.0629768371582031 0.029937744140625
0.0302600860595703 -0.00173568725585938 0.0722885131835938 -0.00469207763671875
0.0220565795898438 -0.0242042541503906 0.063934326171875 -0.0409088134765625
0.016265869140625 -0.0331783294677734 0.0461807250976563 -0.0472030639648438
0.0194492340087891 -0.0295925140380859 0.0309238433837891 -0.0349769592285156
0.0199337005615234 -0.0349750518798828 0.0256156921386719 -0.0167789459228516
0.0364761352539063 -0.0296821594238281 0.0176162719726563 -0.00219535827636719
0.0499649047851563 -0.00682449340820313 -0.00651407241821289 0.00445938110351563
0.0506744384765625 0.0223464965820312 -0.0198459625244141 -0.00933265686035156
0.0209197998046875 0.0601730346679688 -0.0132179260253906 -0.0495834350585937
-0.0165557861328125 0.0815200805664063 0.0142173767089844 -0.0535430908203125
-0.0483169555664063 0.0761642456054688 0.0224609375 -0.0272884368896484
-0.0689430236816406 0.0694198608398437 0.053314208984375 0.0349922180175781
-0.0262985229492188 0.0795669555664063 0.0234184265136719 0.0498924255371094
0.00757217407226562 0.0632972717285156 0.0339126586914063 0.0513191223144531
0.0431365966796875 0.04510498046875 0.0613517761230469 0.0386314392089844
0.0514678955078125 0.0116767883300781 0.0659103393554688 0.00228500366210938
0.0479698181152344 -0.0272254943847656 0.0574531555175781 -0.0311927795410156
0.0349388122558594 -0.0443496704101563 0.0389785766601563 -0.035003662109375
0.033050537109375 -0.0375823974609375 0.0235843658447266 -0.0217361450195313
0.0362281799316406 -0.0420417785644531 0.0198974609375 -0.0044097900390625
0.0505905151367187 -0.0346260070800781 0.0116090774536133 0.00833415985107422
0.0607795715332031 -0.00424957275390625 -0.0128860473632812 0.0145139694213867
0.0597419738769531 0.0266380310058594 -0.0236949920654297 -0.000890731811523437
0.0239334106445312 0.0661506652832031 -0.0230216979980469 -0.0357933044433594
-0.020416259765625 0.087493896484375 0.00460433959960937 -0.0333786010742187
-0.0569992065429688 0.0814971923828125 0.00103640556335449 -0.00395154953002929
-0.0820388793945313 0.0538711547851563 0.0206565856933594 0.0607147216796875
-0.0518646240234375 0.0780563354492188 0.00131225585937499 0.0731124877929688
-0.0120620727539062 0.0770492553710938 0.0221366882324219 0.065460205078125
0.0365753173828125 0.0668411254882813 0.0484886169433594 0.0493736267089844
0.0576515197753906 0.0263748168945312 0.052093505859375 0.0123291015625
0.0643730163574219 -0.0183181762695313 0.0427780151367188 -0.0169410705566406
0.0466842651367188 -0.0416488647460938 0.0271358489990234 -0.0127525329589844
0.0434417724609375 -0.0353851318359375 0.0128974914550781 -1.81198120117209E-05
0.0468521118164063 -0.0424461364746094 0.00755119323730469 0.0140399932861328
0.0591316223144531 -0.0303421020507813 -5.14984130859345E-05 0.0215225219726562
0.0620918273925781 0.00263595581054688 -0.0207767486572266 0.0215568542480469
0.0556831359863281 0.0329322814941406 -0.0293464660644531 0.00539207458496093
0.0168876647949219 0.0656204223632813 -0.0221118927001953 -0.0254840850830078
-0.0296630859375 0.0799942016601563 -0.00169658660888672 -0.00833892822265625
-0.0647964477539062 0.0702362060546875 -0.019012451171875 0.0172309875488281
-0.0778121948242188 0.0301437377929688 -0.0114212036132813 0.0779342651367188
-0.0610275268554687 0.0580520629882813 -0.0227279663085937 0.0875701904296875
-0.0281867980957031 0.0669937133789063 0.00915527343749999 0.072235107421875
0.0218849182128906 0.0681381225585938 0.0319175720214844 0.0496711730957031
0.0512886047363281 0.0358810424804688 0.0301628112792969 0.0184860229492188
0.0670204162597656 -0.008209228515625 0.0236072540283203 0.000942230224609374
0.0524139404296875 -0.0356483459472656 0.0113449096679688 0.00835514068603515
0.0452499389648438 -0.0302963256835938 0.0031585693359375 0.0186710357666016
0.0510025024414062 -0.0366592407226563 -0.00333595275878906 0.0295429229736328
0.0608139038085938 -0.0231361389160156 -0.0138416290283203 0.0309505462646484
0.0604667663574219 0.0081939697265625 -0.0295677185058594 0.0267219543457031
0.0492477416992188 0.037933349609375 -0.0317173004150391 0.00721549987792969
0.00446701049804687 0.06207275390625 -0.0204486846923828 -0.0182552337646484
-0.039459228515625 0.0664100646972656 -0.00398349761962891 0.0119657516479492
-0.0684356689453125 0.0501899719238281 -0.0401878356933594 0.0340118408203125
-0.0573005676269531 0.00168609619140626 -0.0363616943359375 0.082763671875
-0.0559806823730469 0.0248832702636719 -0.0401535034179687 0.0925369262695313
-0.0349273681640625 0.0416793823242188 -0.0017852783203125 0.0708770751953125
0.000812530517578127 0.05352783203125 0.0167808532714844 0.045623779296875
0.0321578979492188 0.0377540588378906 0.0114936828613281 0.0171022415161133
0.0542526245117187 0.00279617309570312 0.00337028503417969 0.00891304016113281
0.0480804443359375 -0.0201759338378906 -0.00721549987792968 0.0244655609130859
0.0430221557617188 -0.0200729370117188 -0.0106830596923828 0.0346317291259766
0.0472335815429688 -0.0251731872558594 -0.0153427124023437 0.0441741943359375
0.05426025390625 -0.0139236450195313 -0.0280075073242188 0.0404205322265625
0.0512351989746094 0.01458740234375 -0.0393257141113281 0.0279579162597656
0.0405921936035156 0.0398292541503906 -0.0373954772949219 0.00537109375000001
-0.00629806518554688 0.0558853149414063 -0.0204925537109375 -0.0112762451171875
-0.0469970703125 0.0468902587890625 -0.0119686126708984 0.0221652984619141
-0.0645561218261719 0.0231895446777344 -0.0602188110351563 0.0427970886230469
-0.0290565490722656 -0.0247917175292969 -0.0465545654296875 0.0819091796875
-0.0372352600097656 -0.00794219970703126 -0.0448684692382813 0.0904617309570313
-0.0303726196289062 0.00844192504882813 -0.00046920776367187 0.0672950744628906
-0.0146751403808594 0.0302696228027344 0.00842285156249999 0.0391387939453125
0.0121307373046875 0.0296173095703125 0.000621795654296876 0.0142488479614258
0.0344047546386719 0.0127372741699219 -0.0116033554077148 0.0154190063476563
0.0358047485351563 -0.00553131103515625 -0.019317626953125 0.0367546081542969
0.0325698852539062 -0.00903892517089844 -0.0181236267089844 0.04827880859375
0.0377540588378906 -0.0135726928710938 -0.0251846313476562 0.056365966796875
0.0421943664550781 -0.003326416015625 -0.039520263671875 0.047698974609375
0.0385055541992187 0.0165977478027344 -0.0501976013183594 0.0296669006347656
0.0247726440429688 0.037078857421875 -0.0440673828125 0.00189590454101564
-0.0155525207519531 0.0438308715820313 -0.0223026275634766 -0.0115337371826172
-0.0474739074707031 0.0226173400878906 -0.0225944519042969 0.0260219573974609
-0.05548095703125 -0.00392150878906251 -0.0796737670898437 0.0426864624023437
0.0165958404541016 0.0340423583984375 0.0772933959960938 -0.0392303466796875
0.0415191650390625 0.000152587890625 0.0348567962646484 -0.0177536010742188
0.0175151824951172 -0.0231399536132813 0.0278396606445313 0.0123271942138672
-0.00591087341308594 -0.0249481201171875 0.0538291931152344 0.00667190551757812
-0.0176639556884766 -0.0164833068847656 0.0654754638671875 -0.0242080688476563
-0.0268115997314453 -0.00283050537109375 0.0490226745605469 -0.0526046752929688
-0.0223808288574219 -0.00301361083984375 0.0355110168457031 -0.0658226013183594
-0.0180912017822266 -0.00239753723144532 0.0215377807617187 -0.0566825866699219
-0.0228748321533203 -0.00818634033203125 0.0243797302246094 -0.0382080078125
-0.0113945007324219 -0.0239944458007813 0.0211200714111328 -0.0247726440429688
0.0123119354248047 -0.0265789031982422 0.00356006622314453 -0.0100593566894531
0.0252285003662109 -0.0117683410644531 -0.00710868835449219 -0.026123046875
0.0317096710205078 0.0213298797607422 0.00643539428710938 -0.0650749206542969
0.0198173522949219 0.03997802734375 0.039031982421875 -0.0880126953125
0.00123214721679688 0.0452995300292969 0.0478515625 -0.0711593627929688
-0.00942611694335937 0.0591773986816406 0.0788345336914063 -0.023101806640625
0.024749755859375 0.0340938568115234 0.0403938293457031 -0.003143310546875
0.0244770050048828 0.000658035278320313 0.0299415588378906 0.0225715637207031
0.0147027969360352 -0.0082540512084961 0.0642471313476563 0.0135650634765625
0.00675106048583984 -0.0134553909301758 0.0730743408203125 -0.0174102783203125
-0.00679969787597656 -0.0140810012817383 0.058563232421875 -0.05303955078125
-0.00490760803222656 -0.0195217132568359 0.0394210815429688 -0.0661544799804688
-0.000537872314453126 -0.0187911987304688 0.0282020568847656 -0.0513229370117188
-0.00356483459472656 -0.0255565643310547 0.0265655517578125 -0.0361709594726563
0.0128192901611328 -0.0266151428222656 0.0229339599609375 -0.0170154571533203
0.0335617065429688 -0.0161037445068359 0.00153684616088867 -0.00739860534667969
0.0431365966796875 0.00567626953125 -0.010833740234375 -0.0217800140380859
0.0254135131835938 0.0439796447753906 -0.00509262084960938 -0.0582466125488281
0.00320816040039062 0.0683517456054688 0.022186279296875 -0.0732421875
-0.0271148681640625 0.070556640625 0.040130615234375 -0.0518646240234375
-0.0403060913085938 0.0707855224609375 0.073974609375 0.00437164306640626
0.00237274169921875 0.0620994567871094 0.0378303527832031 0.0184059143066406
0.0179939270019531 0.0376358032226563 0.0353202819824219 0.0336341857910156
0.033416748046875 0.0173206329345703 0.0663642883300781 0.0247535705566406
0.0302886962890625 -0.00423431396484375 0.07568359375 -0.009857177734375
0.0204620361328125 -0.0268459320068359 0.0629196166992188 -0.0453758239746094
0.0138282775878906 -0.0364494323730469 0.0418701171875 -0.0555419921875
0.0173206329345703 -0.0304813385009766 0.0293312072753906 -0.0421295166015625
0.0174293518066406 -0.0374412536621094 0.0255088806152344 -0.0271434783935547
0.0349407196044922 -0.0348720550537109 0.020782470703125 -0.00655364990234375
0.0512886047363281 -0.009521484375 -0.0059213638305664 0.00250101089477539
0.053955078125 0.0187835693359375 -0.0171823501586914 -0.0123767852783203
0.0302886962890625 0.0610122680664063 -0.0153465270996094 -0.0474433898925781
-0.00868988037109374 0.0837936401367188 0.0137863159179688 -0.0562095642089844
-0.0410308837890625 0.0837326049804688 0.0216693878173828 -0.0309467315673828
-0.0663986206054688 0.077056884765625 0.0556793212890625 0.0314292907714844
-0.023345947265625 0.0863723754882813 0.02716064453125 0.0454559326171875
0.0137481689453125 0.0686378479003906 0.0338096618652344 0.047943115234375
0.0488471984863281 0.0454940795898438 0.0646209716796875 0.0318527221679688
0.0550804138183594 0.00466537475585938 0.0681838989257813 -0.00292587280273437
0.0469474792480469 -0.0346183776855469 0.0557861328125 -0.0386810302734375
0.0326728820800781 -0.0466728210449219 0.0359039306640625 -0.0400619506835938
0.0287971496582031 -0.0418472290039063 0.0242824554443359 -0.0249729156494141
0.0338897705078125 -0.0482215881347656 0.0176067352294922 -0.00526237487792969
0.049591064453125 -0.0416297912597656 0.011906623840332 0.00620079040527343
0.0646514892578125 -0.0105133056640625 -0.00949668884277344 0.0116434097290039
0.0628852844238281 0.0237770080566406 -0.0217170715332031 0.000885009765624998
0.0300178527832031 0.0685386657714844 -0.0234298706054688 -0.03680419921875
-0.0135345458984375 0.0927886962890625 0.00387954711914063 -0.0331993103027344
-0.0524063110351562 0.0893630981445313 0.00287294387817383 -0.00808238983154296
-0.0819168090820313 0.0655975341796875 0.027557373046875 0.0634422302246094
-0.0474395751953125 0.085723876953125 0.00885009765625 0.0749588012695312
-0.00679779052734375 0.0803146362304688 0.0262870788574219 0.0644493103027344
0.0431251525878906 0.06280517578125 0.0523338317871094 0.0439338684082031
0.0654945373535156 0.0247268676757813 0.0535240173339844 0.00880050659179688
0.0676498413085938 -0.0268402099609375 0.0439491271972656 -0.0189743041992188
0.0466537475585938 -0.0482673645019531 0.0267486572265625 -0.0141735076904297
0.0424690246582031 -0.0443229675292969 0.0139999389648438 -0.00359630584716797
0.0467720031738281 -0.04766845703125 0.0115013122558594 0.0127573013305664
0.0560951232910156 -0.04107666015625 0.00273227691650391 0.0167379379272461
0.0679588317871094 -0.00417327880859375 -0.0169410705566406 0.0201435089111328
0.0634574890136719 0.0298614501953125 -0.0292873382568359 0.00579261779785157
0.0212554931640625 0.0725479125976563 -0.0247879028320313 -0.0227680206298828
-0.0211944580078125 0.0887908935546875 -0.00188732147216797 -0.0088663101196289
-0.0598602294921875 0.0786361694335938 -0.0150442123413086 0.0161771774291992
-0.0775222778320313 0.0407028198242188 -0.00411224365234375 0.0818634033203125
-0.0581207275390625 0.0655250549316406 -0.0179672241210938 0.0914993286132813
-0.0225982666015625 0.0731964111328125 0.0165481567382813 0.070404052734375
0.0293922424316406 0.0698432922363281 0.0324897766113281 0.0479049682617188
0.0578155517578125 0.0341796875 0.0327129364013672 0.0197467803955078
0.0685997009277344 -0.0135002136230469 0.0236358642578125 -0.00391769409179688
0.0522537231445313 -0.0378570556640625 0.0115795135498047 0.00388526916503906
0.0478019714355469 -0.0360946655273438 0.00289154052734375 0.0191822052001953
0.051727294921875 -0.0467796325683594 -0.00129508972167968 0.0290794372558594
0.0634918212890625 -0.0298423767089844 -0.0129146575927734 0.0321063995361328
0.0635337829589844 0.005096435546875 -0.0260524749755859 0.0268650054931641
0.0551376342773438 0.0354080200195313 -0.0298347473144531 0.00746726989746094
0.00931930541992187 0.0652046203613281 -0.0248336791992188 -0.0173301696777344
-0.0361709594726562 0.0734481811523438 -0.00375461578369141 0.0127668380737305
-0.0670394897460938 0.0583457946777344 -0.0348472595214844 0.0390205383300781
-0.0595932006835938 0.00772857666015626 -0.0313186645507813 0.09014892578125
-0.0556259155273437 0.0309715270996094 -0.0340194702148438 0.096527099609375
-0.0315093994140625 0.0472564697265625 0.000629425048828129 0.0701179504394531
0.0082855224609375 0.0569114685058594 0.0162887573242188 0.0447044372558594
0.0378646850585938 0.0346221923828125 0.0145635604858398 0.015538215637207
0.0557327270507813 -0.000926971435546875 0.00525856018066407 0.0112733840942383
0.0483551025390625 -0.0284576416015625 -0.0039520263671875 0.0251693725585937
0.0411567687988281 -0.0258293151855469 -0.0090179443359375 0.0369949340820313
0.0475616455078125 -0.0312347412109375 -0.0129661560058594 0.0446014404296875
0.0560493469238281 -0.0225791931152344 -0.0272331237792969 0.0421943664550781
0.0561790466308594 0.00827407836914063 -0.0372695922851563 0.0293121337890625
0.0445022583007813 0.0359573364257813 -0.037200927734375 0.00527191162109375
-0.000648498535156248 0.0601310729980469 -0.0207328796386719 -0.0127887725830078
-0.0452537536621094 0.0569534301757812 -0.0098724365234375 0.0217666625976563
-0.0637550354003906 0.03173828125 -0.0572929382324219 0.0465850830078125
-0.0350170135498047 -0.0232486724853516 -0.041259765625 0.0892486572265625
-0.0393295288085938 -0.00400161743164063 -0.0432815551757813 0.09783935546875
-0.0304584503173828 0.0170345306396484 0.0013580322265625 0.0665016174316406
-0.0125141143798828 0.0341320037841797 0.00886154174804688 0.0387763977050781
0.0151290893554688 0.0309581756591797 0.000827789306640625 0.0160579681396484
0.0385322570800781 0.00624847412109375 -0.009124755859375 0.0184974670410156
0.0353469848632813 -0.0125465393066406 -0.0167732238769531 0.04052734375
0.0323677062988281 -0.0128097534179688 -0.0135688781738281 0.0540657043457031
0.0388832092285156 -0.0176925659179688 -0.0214691162109375 0.0586395263671875
0.0440177917480469 -0.0128860473632813 -0.0367507934570313 0.0512046813964844
0.0395088195800781 0.01025390625 -0.0473289489746094 0.0338897705078125
0.0291748046875 0.0364952087402344 -0.0442237854003906 0.00636291503906249
-0.0151863098144531 0.0489349365234375 -0.022796630859375 -0.0121974945068359
-0.0446090698242188 0.0281867980957031 -0.01739501953125 0.0291328430175781
-0.0587387084960938 0.00234985351562499 -0.0795440673828125 0.0521469116210938
0.0197181701660156 0.0312652587890625 0.0714645385742188 -0.0464019775390625
0.0389938354492188 -0.00417709350585938 0.0287952423095703 -0.01885986328125
0.0142192840576172 -0.0260734558105469 0.0269012451171875 0.0128459930419922
-0.00753211975097656 -0.0249862670898437 0.0553550720214844 0.00326919555664062
-0.0192317962646484 -0.0142688751220703 0.0633049011230469 -0.0293693542480469
-0.0273532867431641 -0.000179290771484369 0.0470161437988281 -0.0583877563476563
-0.0224475860595703 0.000789642333984378 0.027130126953125 -0.0695953369140625
-0.0180034637451172 -0.00112724304199219 0.0189704895019531 -0.0573081970214844
-0.0246467590332031 -0.00632858276367188 0.019744873046875 -0.0420188903808594
-0.0136375427246094 -0.0209331512451172 0.0182304382324219 -0.0266551971435547
0.00786972045898438 -0.0264129638671875 0.00318241119384766 -0.0148515701293945
0.0242576599121094 -0.0134620666503906 -0.00629425048828125 -0.0280609130859375
0.0321044921875 0.0143966674804688 0.00407791137695313 -0.0647239685058594
0.0258636474609375 0.0396842956542969 0.0297775268554687 -0.0888214111328125
0.00395965576171875 0.0447921752929688 0.0450820922851563 -0.07550048828125
-0.00722122192382813 0.0574378967285156 0.0785446166992188 -0.0290985107421875
0.0286369323730469 0.0305328369140625 0.0360794067382813 -0.005340576171875
0.0199089050292969 0.00230789184570313 0.03125 0.0208606719970703
0.015254020690918 -0.00857734680175781 0.0631828308105469 0.0105781555175781
0.00605869293212891 -0.0127429962158203 0.0699539184570313 -0.0242958068847656
-0.00596237182617188 -0.0150270462036133 0.0543098449707031 -0.0588417053222656
-0.00521087646484375 -0.0181236267089844 0.0350990295410156 -0.0694808959960938
-0.00221061706542969 -0.0181427001953125 0.0225563049316406 -0.0557403564453125
-0.00367355346679688 -0.0240135192871094 0.0231437683105469 -0.0382308959960937
0.0109043121337891 -0.0292091369628906 0.0221900939941406 -0.0216312408447266
0.0318450927734375 -0.0190505981445313 0.00105524063110352 -0.00774908065795899
0.0420341491699219 0.0035858154296875 -0.00982475280761719 -0.0193691253662109
0.0306892395019531 0.0409889221191406 -0.0065460205078125 -0.0564994812011719
0.00806045532226563 0.0671920776367187 0.0201416015625 -0.0757598876953125
-0.0184822082519531 0.0701522827148438 0.0369796752929687 -0.0579833984375
-0.0377044677734375 0.0729904174804688 0.0741195678710938 -0.0043792724609375
0.00685882568359374 0.0624160766601562 0.0360488891601563 0.0157814025878906
0.0210075378417969 0.0355758666992188 0.0350093841552734 0.0329971313476563
0.0360336303710938 0.0152854919433594 0.0674514770507813 0.0220184326171875
0.0322322845458984 -0.00624656677246094 0.0725173950195313 -0.0161361694335938
0.0198287963867188 -0.0262279510498047 0.0573348999023437 -0.0524826049804688
0.0120658874511719 -0.0363998413085938 0.0363578796386719 -0.0592498779296875
0.0153293609619141 -0.0326290130615234 0.0234642028808594 -0.0449066162109375
0.0145797729492188 -0.0396728515625 0.0205173492431641 -0.0273609161376953
0.03094482421875 -0.0362930297851563 0.0176506042480469 -0.0115451812744141
0.0509490966796875 -0.0158843994140625 -0.00304913520812988 0.0005950927734375
0.0547714233398438 0.014312744140625 -0.0155239105224609 -0.00986003875732422
0.0327491760253906 0.0578117370605469 -0.0176467895507813 -0.0461387634277344
-0.00222778320312499 0.0848312377929687 0.00862503051757813 -0.0577812194824219
-0.0342864990234375 0.0861358642578125 0.0215568542480469 -0.03668212890625
-0.0597457885742188 0.0842132568359375 0.06201171875 0.0252418518066406
-0.0163803100585938 0.088134765625 0.0312080383300781 0.0442276000976563
0.0171165466308594 0.0660171508789063 0.0376319885253906 0.0467376708984375
0.051605224609375 0.040283203125 0.06756591796875 0.029876708984375
0.0554084777832031 0.00336456298828125 0.0674476623535156 -0.00679779052734375
0.0440330505371094 -0.0353584289550781 0.0522308349609375 -0.0419692993164063
0.027252197265625 -0.0510330200195313 0.0317764282226563 -0.0447425842285156
0.0274429321289062 -0.04583740234375 0.0186328887939453 -0.0287418365478516
0.0292510986328125 -0.05194091796875 0.0174770355224609 -0.0114850997924805
0.0446701049804688 -0.0451774597167969 0.0111322402954102 0.00125312805175781
0.0621223449707031 -0.0165252685546875 -0.00785350799560547 0.0115432739257812
0.0662574768066406 0.0169296264648438 -0.0221424102783203 -0.0012969970703125
0.03509521484375 0.0648460388183594 -0.0258197784423828 -0.0333881378173828
-0.00364685058593749 0.0962295532226562 -0.000326156616210938 -0.0349025726318359
-0.0432205200195313 0.094818115234375 0.00498104095458984 -0.00984191894531249
-0.077423095703125 0.0703964233398438 0.0340385437011719 0.0554656982421875
-0.0418777465820313 0.0904006958007813 0.01373291015625 0.0705947875976563
-0.000862121582031258 0.0854415893554687 0.028564453125 0.0603675842285156
0.0492630004882813 0.0623703002929687 0.0537872314453125 0.042205810546875
0.0663986206054688 0.0179901123046875 0.0523757934570313 0.00738525390625
0.0622673034667969 -0.0312423706054688 0.0405769348144531 -0.0229835510253906
0.0430831909179688 -0.052001953125 0.0247898101806641 -0.0184764862060547
0.0401191711425781 -0.0471954345703125 0.0149374008178711 -0.00488662719726563
0.0421791076660156 -0.0536270141601563 0.00918388366699219 0.00791072845458984
0.0537681579589844 -0.0436019897460938 0.00167560577392578 0.0159082412719727
0.0673713684082031 -0.00991058349609375 -0.0161170959472656 0.0196743011474609
0.0666999816894531 0.0242080688476563 -0.0247535705566406 0.00570297241210938
0.0291557312011719 0.0681610107421875 -0.0238857269287109 -0.0216159820556641
-0.015625 0.091644287109375 0.000905990600585936 -0.0117435455322266
-0.0548858642578125 0.0858306884765625 -0.0132904052734375 0.0171098709106445
-0.0775985717773438 0.0469512939453125 0.0028228759765625 0.0796279907226563
-0.0554885864257812 0.0718536376953125 -0.009063720703125 0.0898590087890625
-0.017791748046875 0.0776443481445313 0.0162925720214844 0.0686416625976562
0.0351295471191406 0.0688552856445313 0.0360183715820313 0.046295166015625
0.0608978271484375 0.0291633605957031 0.0315952301025391 0.0147895812988281
0.0665779113769531 -0.0204696655273438 0.0230579376220703 -0.00510597229003906
0.0482673645019531 -0.0440902709960938 0.0128917694091797 0.00566291809082031
0.04205322265625 -0.04345703125 0.00469207763671875 0.0172786712646484
0.0460662841796875 -0.0501861572265625 0.000555038452148437 0.0293254852294922
0.0566825866699219 -0.0377845764160156 -0.011199951171875 0.0300960540771484
0.0650482177734375 -0.00378036499023438 -0.0260810852050781 0.0283050537109375
0.0608139038085938 0.0308036804199219 -0.0310115814208984 0.00876045227050781
0.0163345336914062 0.0662117004394531 -0.0214328765869141 -0.0157470703125
-0.0278167724609375 0.0784912109375 -0.00163650512695313 0.00922298431396485
-0.0609016418457031 0.0659942626953125 -0.0343437194824219 0.0381011962890625
-0.0604743957519531 0.0145721435546875 -0.0215988159179687 0.090545654296875
-0.0539131164550781 0.0374832153320313 -0.0269012451171875 0.09661865234375
-0.0299186706542969 0.0517082214355469 0.00515365600585937 0.0680999755859375
0.0128288269042969 0.0582313537597656 0.019866943359375 0.0436859130859375
0.0426673889160156 0.0332260131835938 0.0122394561767578 0.0177803039550781
0.0574874877929688 -0.00800323486328125 0.00489521026611328 0.0109968185424805
0.0462646484375 -0.0316619873046875 -0.00197601318359374 0.0257053375244141
0.0394020080566406 -0.0306015014648438 -0.00350189208984374 0.0368690490722656
0.0432929992675781 -0.0381507873535156 -0.00978851318359375 0.0452537536621094
0.0529251098632813 -0.0271492004394531 -0.0230369567871094 0.0417556762695313
0.0576896667480469 0.00410079956054688 -0.0367622375488281 0.0322036743164063
0.04827880859375 0.0318145751953125 -0.03607177734375 0.00965118408203126
0.003509521484375 0.0597991943359375 -0.0214290618896484 -0.0114612579345703
-0.0379486083984375 0.0595970153808594 -0.00691413879394532 0.0232524871826172
-0.0627555847167969 0.0389938354492188 -0.0525894165039062 0.0519790649414063
-0.0364341735839844 -0.0193023681640625 -0.0352630615234375 0.0907363891601563
-0.0406913757324219 0.00160598754882812 -0.02960205078125 0.0964508056640625
-0.0321578979492187 0.0180492401123047 0.00439834594726563 0.0647354125976563
-0.00787925720214844 0.0351276397705078 0.012176513671875 0.0382423400878906
0.0185928344726562 0.0292949676513672 0.00191307067871094 0.017460823059082
0.0383415222167969 0.00422286987304688 -0.00983238220214844 0.0213031768798828
0.0363807678222656 -0.0164756774902344 -0.0122299194335937 0.0407218933105469
0.0308895111083984 -0.0171451568603516 -0.0115814208984375 0.0520706176757812
0.0346927642822266 -0.0237903594970703 -0.0179901123046875 0.061248779296875
0.0421905517578125 -0.015106201171875 -0.0339698791503906 0.0536460876464844
0.0445709228515625 0.00844955444335938 -0.0485000610351563 0.0364303588867187
0.0345096588134766 0.0310153961181641 -0.0426712036132813 0.00737380981445312
-0.00902557373046874 0.0474510192871094 -0.0239543914794922 -0.0100116729736328
-0.0444679260253906 0.0348014831542969 -0.0146408081054688 0.0301074981689453
-0.0578498840332031 0.00846862792968751 -0.0724411010742188 0.0554351806640625
0.0207920074462891 0.0283794403076172 0.0684394836425781 -0.0488128662109375
0.0369186401367188 -0.00530624389648438 0.025604248046875 -0.0206260681152344
0.0124301910400391 -0.0270767211914063 0.025238037109375 0.0123462677001953
-0.00909996032714844 -0.0244293212890625 0.0551643371582031 0.00218963623046875
-0.0198001861572266 -0.0131931304931641 0.0612297058105469 -0.03125
-0.0274944305419922 0.00300979614257812 0.04473876953125 -0.0593986511230469
-0.0204143524169922 0.00372886657714844 0.0235710144042969 -0.0699729919433594
-0.0176753997802734 -0.000162124633789062 0.0148887634277344 -0.0576896667480469
-0.0246238708496094 -0.00383758544921875 0.0168647766113281 -0.0438957214355469
-0.0145435333251953 -0.0190677642822266 0.0182552337646484 -0.0280380249023437
0.00573539733886719 -0.0257968902587891 0.00328540802001953 -0.0168771743774414
0.0222396850585938 -0.0147075653076172 -0.0048065185546875 -0.0280132293701172
0.032501220703125 0.0116195678710938 0.00370788574218751 -0.0622291564941406
0.0273284912109375 0.0346717834472656 0.0264816284179688 -0.0876998901367187
0.00769805908203125 0.0432891845703125 0.0420761108398438 -0.0778884887695313
-0.00484466552734375 0.0554580688476562 0.0763702392578125 -0.0330886840820312
0.0274181365966797 0.028961181640625 0.0325336456298828 -0.0092315673828125
0.0196971893310547 0.00162124633789062 0.0304756164550781 0.0195064544677734
0.013249397277832 -0.00869941711425781 0.0624160766601562 0.00876235961914063
0.00467967987060547 -0.0127496719360352 0.0673065185546875 -0.0262336730957031
-0.00616836547851562 -0.0126018524169922 0.0511741638183594 -0.0600662231445313
-0.00601959228515625 -0.01763916015625 0.0302352905273438 -0.0699615478515625
-0.00227737426757812 -0.0177059173583984 0.019134521484375 -0.0566139221191406
-0.00504302978515625 -0.0227737426757813 0.0193710327148438 -0.0402908325195313
0.00853347778320313 -0.0286197662353516 0.0203571319580078 -0.0234603881835938
0.0291957855224609 -0.0211505889892578 0.00247001647949219 -0.0103244781494141
0.0397834777832031 0.00109481811523438 -0.00867080688476562 -0.0202217102050781
0.0318832397460938 0.0380706787109375 -0.00682830810546875 -0.0539894104003906
0.0114898681640625 0.0647773742675781 0.0165481567382813 -0.0757064819335937
-0.0137825012207031 0.0688819885253906 0.0348663330078125 -0.0610618591308594
-0.0331039428710937 0.074615478515625 0.0732040405273438 -0.00777435302734375
0.00907516479492187 0.0620918273925781 0.0348453521728516 0.0122432708740234
0.0216522216796875 0.0350971221923828 0.0341358184814453 0.0305004119873047
0.0349559783935547 0.0135040283203125 0.0662689208984375 0.0184860229492188
0.0316791534423828 -0.00733757019042969 0.0700454711914063 -0.0177383422851563
0.0185432434082031 -0.0257606506347656 0.0535736083984375 -0.0536003112792969
0.011138916015625 -0.0360641479492188 0.0331306457519531 -0.061309814453125
0.0135231018066406 -0.0338764190673828 0.0199508666992187 -0.0466957092285156
0.0127410888671875 -0.0397453308105469 0.0188064575195313 -0.0297031402587891
0.02850341796875 -0.0377922058105469 0.0165863037109375 -0.0146875381469727
0.04852294921875 -0.0179481506347656 -0.00221037864685058 -0.00174355506896973
0.0549736022949219 0.0107536315917969 -0.0142135620117187 -0.0108528137207031
0.0336418151855469 0.0552825927734375 -0.0176353454589844 -0.0439033508300781
0.0031585693359375 0.08489990234375 0.00676345825195313 -0.0574493408203125
-0.0307159423828125 0.0859451293945313 0.0209732055664062 -0.0385475158691406
-0.0566482543945313 0.0856704711914062 0.0612373352050781 0.0200767517089844
-0.010711669921875 0.0881118774414063 0.0299415588378906 0.0384063720703125
0.0191917419433594 0.0667915344238281 0.0363960266113281 0.0446548461914063
0.0534400939941406 0.0374069213867187 0.0672492980957031 0.0272674560546875
0.0568923950195313 0.000579833984375 0.0652847290039063 -0.0103034973144531
0.0420036315917969 -0.0368576049804688 0.048004150390625 -0.0433540344238281
0.0255393981933594 -0.0517692565917969 0.0297813415527344 -0.0450973510742188
0.0254859924316406 -0.0470848083496094 0.0165386199951172 -0.0308246612548828
0.0267524719238281 -0.0536079406738281 0.0144805908203125 -0.0139865875244141
0.0415687561035156 -0.0473594665527344 0.0104923248291016 -0.00140476226806641
0.0612831115722656 -0.0198898315429688 -0.0081644058227539 0.00882434844970703
0.0668067932128906 0.0137100219726563 -0.0193958282470703 -0.00191116333007813
0.0382003784179688 0.0632362365722656 -0.0249347686767578 -0.0317459106445313
0.000701904296874997 0.0953140258789062 -0.000118255615234379 -0.0362396240234375
-0.0375747680664063 0.0955429077148437 0.00467300415039062 -0.0128707885742187
-0.0734329223632813 0.0752716064453125 0.036285400390625 0.0523262023925781
-0.0365753173828125 0.0919265747070313 0.0147628784179687 0.0661239624023438
0.002838134765625 0.0838699340820313 0.02801513671875 0.0584945678710938
0.0537452697753906 0.0594367980957031 0.0541000366210938 0.0387916564941406
0.0676498413085938 0.0140495300292969 0.0499038696289063 0.0048065185546875
0.0600395202636719 -0.0332374572753906 0.0371513366699219 -0.0239753723144531
0.038787841796875 -0.0546798706054688 0.0225734710693359 -0.0209007263183594
0.0360794067382813 -0.0499687194824219 0.0120983123779297 -0.00707340240478516
0.0377540588378906 -0.0565109252929688 0.0084233283996582 0.00710535049438476
0.0523109436035156 -0.0470199584960938 0.00106143951416016 0.0145549774169922
0.0668182373046875 -0.0148773193359375 -0.0156955718994141 0.0186653137207031
0.0674667358398438 0.0195999145507813 -0.0231533050537109 0.00443077087402344
0.0312995910644531 0.0665016174316406 -0.0233669281005859 -0.021942138671875
-0.0103836059570313 0.0923004150390625 0.00061511993408203 -0.0121536254882812
-0.0492401123046875 0.0869293212890625 -0.0114688873291016 0.0146503448486328
-0.0742263793945313 0.0511627197265625 0.00677490234375 0.07666015625
-0.051361083984375 0.0754013061523438 -0.00529479980468749 0.0858306884765625
-0.0148391723632812 0.0796966552734375 0.016815185546875 0.0666694641113281
0.0394439697265625 0.0670204162597656 0.0364952087402344 0.0439872741699219
0.0630455017089844 0.0259590148925781 0.0305614471435547 0.0144805908203125
0.0645751953125 -0.0251502990722656 0.0207424163818359 -0.00454139709472656
0.0445327758789063 -0.0496978759765625 0.0118942260742188 0.00454330444335937
0.0394172668457031 -0.0451736450195313 0.00589942932128907 0.0164461135864258
0.0429878234863281 -0.0522842407226563 0.000665664672851563 0.0265693664550781
0.0550079345703125 -0.0413665771484375 -0.00952529907226562 0.0292720794677734
0.0658760070800781 -0.00807952880859375 -0.0244464874267578 0.0259170532226563
0.0616378784179688 0.0254631042480469 -0.0284996032714844 0.00724220275878907
0.0199165344238281 0.0652885437011719 -0.0217247009277344 -0.0158424377441406
-0.02294921875 0.0803909301757813 -0.000269412994384766 0.00718355178833008
-0.0563316345214844 0.0684967041015625 -0.030059814453125 0.0365257263183594
-0.0605354309082031 0.0182151794433594 -0.0175857543945313 0.0886764526367188
-0.0516586303710938 0.0424957275390625 -0.0219345092773438 0.0944595336914063
-0.026397705078125 0.054595947265625 0.00698089599609375 0.0659255981445313
0.0174369812011719 0.0575828552246094 0.0198478698730469 0.04229736328125
0.0451889038085938 0.0300064086914062 0.0124683380126953 0.0189723968505859
0.0564956665039063 -0.0121841430664063 0.00395011901855469 0.0113439559936523
0.0429153442382813 -0.0352973937988281 0.000534057617187505 0.0250186920166016
0.037872314453125 -0.0344963073730469 -0.0022735595703125 0.0361824035644531
0.0413284301757812 -0.0404701232910156 -0.00799560546875 0.0444984436035156
0.0513191223144531 -0.0309677124023438 -0.0214080810546875 0.0419082641601563
0.05810546875 -6.103515625E-05 -0.0354499816894531 0.031280517578125
0.051177978515625 0.0284271240234375 -0.0340824127197266 0.00903511047363282
0.00767135620117187 0.059234619140625 -0.0219554901123047 -0.0109405517578125
-0.0342292785644531 0.062957763671875 -0.00420951843261719 0.0217666625976563
-0.0586814880371094 0.0428314208984375 -0.0496063232421875 0.0511741638183594
-0.0369682312011719 -0.0152206420898438 -0.0301666259765625 0.0916976928710938
-0.0410575866699219 0.00489044189453125 -0.0266952514648437 0.09600830078125
-0.0296440124511719 0.021820068359375 0.00484466552734374 0.0618934631347656
-0.00407791137695312 0.0374603271484375 0.00965118408203124 0.0373077392578125
0.0209598541259766 0.026641845703125 2.47955322265639E-05 0.0186252593994141
0.03851318359375 0.00055694580078125 -0.00897407531738281 0.0216236114501953
0.0334720611572266 -0.0195426940917969 -0.00925445556640625 0.0406379699707031
0.0293521881103516 -0.0204181671142578 -0.00783157348632813 0.0530853271484375
0.0335121154785156 -0.0258541107177734 -0.0146942138671875 0.0611228942871094
0.0413589477539063 -0.0188674926757813 -0.0320167541503906 0.053680419921875
0.0445632934570313 0.0047454833984375 -0.0457649230957031 0.0369300842285156
0.0359458923339844 0.0288200378417969 -0.0424652099609375 0.00893783569335937
-0.00580978393554688 0.0472755432128906 -0.024139404296875 -0.00908279418945313
-0.0410423278808594 0.037628173828125 -0.0129547119140625 0.0288734436035156
-0.0540428161621094 0.0121917724609375 -0.0683860778808594 0.055877685546875
0.0210933685302734 0.0269985198974609 0.0679550170898438 -0.0493354797363281
0.0356216430664063 -0.00715255737304688 0.0232295989990234 -0.0205097198486328
0.0118980407714844 -0.0270156860351563 0.0243988037109375 0.0120506286621094
-0.00936317443847656 -0.0240421295166016 0.0540008544921875 0.0022735595703125
-0.0200061798095703 -0.0124778747558594 0.0605087280273437 -0.0314559936523438
-0.0263786315917969 0.00421142578125 0.0439262390136719 -0.0604591369628906
-0.0200576782226563 0.00390625 0.0214462280273438 -0.0702781677246094
-0.0176525115966797 -8.9645385742188E-05 0.0131568908691406 -0.0585365295410156
-0.0228748321533203 -0.00226783752441406 0.014617919921875 -0.0445327758789062
-0.0151052474975586 -0.0169763565063477 0.0170383453369141 -0.0305118560791016
0.004180908203125 -0.0255107879638672 0.00412178039550781 -0.0186100006103516
0.0209178924560547 -0.0157012939453125 -0.00303840637207031 -0.0283927917480469
0.0321846008300781 0.0099945068359375 0.00443267822265625 -0.0610389709472656
0.0281181335449219 0.0324916839599609 0.02587890625 -0.0867919921875
0.00941848754882812 0.0415382385253906 0.0413894653320313 -0.0795211791992188
-0.003448486328125 0.0553779602050781 0.0753250122070312 -0.0335769653320312
0.0271892547607422 0.0275821685791016 0.0303096771240234 -0.00967979431152344
0.0194549560546875 0.00211334228515625 0.0300102233886719 0.0194530487060547
0.0132770538330078 -0.00890636444091797 0.0627098083496094 0.00872802734375
0.00434589385986328 -0.0120754241943359 0.0677146911621094 -0.0273208618164062
-0.00525569915771484 -0.0124883651733398 0.0502281188964844 -0.060577392578125
-0.00583267211914063 -0.0174627304077148 0.0283126831054688 -0.0706329345703125
-0.00234603881835937 -0.0184497833251953 0.0172653198242187 -0.0572090148925781
-0.00541305541992187 -0.0224151611328125 0.0178070068359375 -0.0419197082519531
0.00829696655273438 -0.0278453826904297 0.0195884704589844 -0.0264739990234375
0.0283908843994141 -0.0215377807617188 0.00314998626708985 -0.0127458572387695
0.0393257141113281 8.7738037109375E-05 -0.00682640075683594 -0.0210800170898438
0.0315437316894531 0.0369682312011719 -0.0057220458984375 -0.0531806945800781
0.0132026672363281 0.0625572204589844 0.0165328979492187 -0.0750885009765625
-0.0120582580566406 0.0673141479492187 0.0337257385253906 -0.0624771118164062
-0.0322494506835938 0.0756149291992188 0.0727462768554688 -0.00924682617187499
0.00976181030273437 0.0614700317382813 0.0331020355224609 0.009918212890625
0.0225257873535156 0.0358695983886719 0.0331497192382813 0.0312862396240234
0.03515625 0.0131988525390625 0.0654830932617188 0.0181007385253906
0.0318031311035156 -0.00789833068847656 0.0693206787109375 -0.0186958312988281
0.0184783935546875 -0.0254936218261719 0.0520362854003906 -0.0544776916503906
0.0108718872070312 -0.0365371704101562 0.031524658203125 -0.0621910095214844
0.0128269195556641 -0.0343227386474609 0.0183334350585938 -0.0473976135253906
0.0126266479492188 -0.0397491455078125 0.0166206359863281 -0.0309123992919922
0.0281829833984375 -0.0380630493164063 0.0158252716064453 -0.0171804428100586
0.0480728149414063 -0.0192680358886719 -0.00153160095214843 -0.00401616096496582
0.0547943115234375 0.00993728637695312 -0.0122404098510742 -0.0128297805786133
0.0350608825683594 0.0548591613769531 -0.0161705017089844 -0.0432624816894531
0.00441741943359376 0.08404541015625 0.00621795654296875 -0.0574684143066406
-0.0278701782226563 0.0860595703125 0.0218849182128906 -0.0403900146484375
-0.0550384521484375 0.0878067016601563 0.0616683959960938 0.0182876586914063
-0.00963592529296874 0.0887832641601563 0.0300636291503906 0.0358047485351563
0.0204620361328125 0.067840576171875 0.0349655151367188 0.0434837341308594
0.0543479919433594 0.0364761352539063 0.0660133361816406 0.0263824462890625
0.0571517944335938 -0.000690460205078125 0.0648307800292969 -0.0107192993164062
0.0405540466308594 -0.0365219116210938 0.0465126037597656 -0.0443649291992188
0.0238571166992188 -0.0527610778808594 0.0273284912109375 -0.0463294982910156
0.023895263671875 -0.0485115051269531 0.0143566131591797 -0.0318546295166016
0.0248031616210937 -0.0541419982910156 0.0124969482421875 -0.0155563354492188
0.0404510498046875 -0.0488166809082031 0.00945568084716797 -0.00362586975097657
0.0613479614257813 -0.0216293334960938 -0.00772714614868164 0.00607681274414062
0.0673294067382813 0.0118446350097656 -0.0178966522216797 -0.00336074829101562
0.0403099060058594 0.0632972717285156 -0.0236759185791016 -0.032114028930664
0.00268554687499999 0.095611572265625 0.000247955322265621 -0.0364341735839844
-0.0359268188476563 0.0956649780273437 0.00572395324707031 -0.0148239135742187
-0.0734176635742188 0.0776748657226563 0.0366096496582031 0.0504913330078125
-0.0348968505859375 0.0932235717773437 0.0144462585449219 0.0638961791992188
0.00495147705078126 0.08624267578125 0.0269050598144531 0.05767822265625
0.0549736022949219 0.0586128234863281 0.0533828735351563 0.0382652282714844
0.0684547424316406 0.0134201049804688 0.0500106811523438 0.00519180297851563
0.0586624145507813 -0.0357131958007813 0.0355415344238281 -0.0232734680175781
0.0375556945800781 -0.0567054748535156 0.0217857360839844 -0.0213222503662109
0.03436279296875 -0.0524253845214844 0.0123081207275391 -0.00781345367431641
0.0368003845214844 -0.0578155517578125 0.00765371322631836 0.00525808334350586
0.050384521484375 -0.0490226745605469 0.000790596008300784 0.0124130249023437
0.0661964416503906 -0.0169448852539063 -0.0157461166381836 0.0172300338745117
0.0681076049804688 0.0175399780273438 -0.0221691131591797 0.0023956298828125
0.0331878662109375 0.0662918090820313 -0.022308349609375 -0.0225791931152344
-0.00804901123046874 0.0928421020507813 0.000821113586425782 -0.0126113891601562
-0.0467605590820313 0.0880966186523438 -0.0111103057861328 0.011988639831543
-0.0740203857421875 0.0543594360351562 0.00833129882812499 0.0747451782226562
-0.0499267578125 0.0768585205078125 -0.00424957275390625 0.0833740234375
-0.0125045776367187 0.0818710327148438 0.0153884887695313 0.0653877258300781
0.0415802001953125 0.0664825439453125 0.0360336303710938 0.0432357788085938
0.0644760131835937 0.0246162414550781 0.0310783386230469 0.0152721405029297
0.0637779235839844 -0.0275192260742187 0.0196952819824219 -0.00337600708007813
0.0435752868652344 -0.0505332946777344 0.0118951797485352 0.00307846069335937
0.0388374328613281 -0.0480079650878906 0.00645065307617188 0.0151472091674805
0.0414009094238281 -0.0545921325683594 0.000177383422851564 0.0263309478759766
0.0536231994628906 -0.0443496704101562 -0.00952911376953125 0.0278968811035156
0.0661201477050781 -0.011138916015625 -0.0247039794921875 0.0248489379882812
0.0623817443847656 0.0228424072265625 -0.0282382965087891 0.00655174255371094
0.0219383239746094 0.0659255981445313 -0.0215167999267578 -0.0154151916503906
-0.0207138061523437 0.0817718505859375 0.000215530395507811 0.00595617294311524
-0.0542449951171875 0.0696487426757813 -0.0281219482421875 0.0350475311279297
-0.0605049133300781 0.0206260681152344 -0.0161972045898438 0.0881118774414063
-0.0510597229003906 0.0438041687011719 -0.020843505859375 0.09326171875
-0.0261993408203125 0.0573158264160156 0.0060577392578125 0.0651092529296875
0.0190048217773437 0.0578346252441406 0.0186653137207031 0.0423965454101563
0.0470848083496094 0.0287094116210938 0.0120315551757813 0.0196342468261719
0.055908203125 -0.0142288208007813 0.00322723388671875 0.0124959945678711
0.0421142578125 -0.0373573303222656 0.000965118408203129 0.0251750946044922
0.0359916687011719 -0.03643798828125 -0.00130081176757812 0.0359954833984375
0.0401878356933594 -0.0427970886230469 -0.00770950317382812 0.0440750122070313
0.0505561828613281 -0.0330085754394531 -0.0212554931640625 0.0418281555175781
0.0588188171386719 -0.00246429443359375 -0.0352439880371094 0.0308303833007813
0.05255126953125 0.027374267578125 -0.0344638824462891 0.00801277160644532
0.0099029541015625 0.0601615905761719 -0.0212116241455078 -0.0114593505859375
-0.0317535400390625 0.0643539428710938 -0.00313758850097656 0.0203571319580078
-0.056884765625 0.0444755554199219 -0.0481758117675781 0.0509490966796875
-0.038665771484375 -0.013641357421875 -0.0294876098632812 0.0920639038085937
-0.0407180786132813 0.00710296630859375 -0.0251083374023438 0.0941009521484375
-0.0307426452636719 0.0235137939453125 0.00455474853515625 0.0608100891113281
-0.00200653076171875 0.0377731323242188 0.00922012329101563 0.036895751953125
0.0228004455566406 0.0257797241210938 -0.000280380249023436 0.0195503234863281
0.0378799438476563 -0.0020599365234375 -0.00879859924316406 0.0232143402099609
0.0331020355224609 -0.0211753845214844 -0.00811386108398437 0.0411911010742188
0.028656005859375 -0.0222282409667969 -0.00651168823242187 0.0519447326660156
0.0322113037109375 -0.0275421142578125 -0.0140495300292969 0.0604057312011719
0.0402374267578125 -0.0214385986328125 -0.0316734313964844 0.053131103515625
0.0448379516601563 0.0031890869140625 -0.0449562072753906 0.0370635986328125
0.0371284484863281 0.0272178649902344 -0.0422019958496094 0.0073699951171875
-0.00370407104492187 0.0472297668457031 -0.0241355895996094 -0.00978469848632813
-0.0395584106445313 0.0398483276367188 -0.0114212036132813 0.0291252136230469
-0.0537986755371094 0.0134849548339844 -0.0669212341308594 0.0567436218261719
0.0223312377929688 0.0268745422363281 0.0692558288574219 -0.050872802734375
0.0361251831054688 -0.0074310302734375 0.0233135223388672 -0.0209445953369141
0.0112209320068359 -0.0271320343017578 0.0243701934814453 0.0133838653564453
-0.0108795166015625 -0.0240192413330078 0.0555534362792969 0.00269317626953125
-0.0206470489501953 -0.0107994079589844 0.0616874694824219 -0.0330085754394531
-0.0267601013183594 0.00507354736328126 0.0448532104492188 -0.0628280639648438
-0.0200767517089844 0.00474739074707031 0.0219345092773438 -0.0720443725585938
-0.0176448822021484 0.00106239318847657 0.0123329162597656 -0.0601577758789063
-0.0225353240966797 -0.000892639160156247 0.0142402648925781 -0.0461311340332031
-0.0155792236328125 -0.0160846710205078 0.0169544219970703 -0.0328807830810547
0.00249671936035156 -0.0258102416992188 0.00514411926269531 -0.0214157104492188
0.0203666687011719 -0.0164222717285156 -0.00117874145507813 -0.0296611785888672
0.0333576202392578 0.00906944274902344 0.0056915283203125 -0.0618476867675781
0.02880859375 0.0317249298095703 0.0265274047851563 -0.0876922607421875
0.009490966796875 0.0411758422851563 0.0430145263671875 -0.0822906494140625
-0.00330352783203125 0.0565299987792969 0.0771636962890625 -0.0352020263671875
0.0279006958007813 0.0285930633544922 0.0306129455566406 -0.0102939605712891
0.0199451446533203 0.00287628173828125 0.0291404724121094 0.0211372375488281
0.013157844543457 -0.00849342346191406 0.0628433227539063 0.00951766967773438
0.0048675537109375 -0.0125083923339844 0.0686225891113281 -0.0287590026855469
-0.00499916076660156 -0.0114536285400391 0.0512313842773438 -0.0628395080566406
-0.00588226318359375 -0.0177383422851563 0.0270919799804687 -0.073699951171875
-0.00321578979492188 -0.0188694000244141 0.01611328125 -0.0594711303710938
-0.00510597229003906 -0.0218391418457031 0.0172309875488281 -0.0448760986328125
0.00771522521972656 -0.0286121368408203 0.0190048217773437 -0.0293846130371094
0.0276641845703125 -0.0220470428466797 0.00364303588867188 -0.0143451690673828
0.0399322509765625 -0.000675201416015625 -0.00506591796875 -0.0227699279785156
0.0337066650390625 0.0373878479003906 -0.00500106811523437 -0.0539131164550781
0.0141029357910156 0.0635871887207031 0.016265869140625 -0.0769882202148437
-0.0121955871582031 0.0685310363769531 0.0363006591796875 -0.0665130615234375
-0.0319747924804688 0.0782394409179688 0.0746536254882813 -0.0100936889648437
0.00995254516601562 0.0633964538574219 0.0323848724365234 0.00972938537597657
0.0230026245117188 0.0378494262695313 0.0329627990722656 0.032318115234375
0.0369033813476563 0.0144309997558594 0.0666618347167969 0.0191993713378906
0.0325927734375 -0.0078887939453125 0.0707473754882813 -0.0187530517578125
0.0189285278320313 -0.0262126922607422 0.0532493591308594 -0.0555686950683594
0.0104026794433594 -0.037811279296875 0.03033447265625 -0.0641937255859375
0.0122756958007812 -0.0365791320800781 0.0167961120605469 -0.0496444702148438
0.0125732421875 -0.0405464172363281 0.0162010192871094 -0.0336246490478516
0.0276298522949219 -0.03961181640625 0.0155067443847656 -0.0199432373046875
0.0487136840820313 -0.020355224609375 -0.00125503540039062 -0.00702619552612305
0.0562705993652344 0.0092010498046875 -0.0115547180175781 -0.0145769119262695
0.0361137390136719 0.0556297302246094 -0.0155143737792969 -0.0439834594726563
0.00587463378906249 0.0862197875976563 0.00701522827148438 -0.0588836669921875
-0.0277557373046875 0.0875167846679687 0.0230178833007812 -0.0439186096191406
-0.0560531616210938 0.0913162231445312 0.0630378723144531 0.0172348022460938
-0.00907135009765625 0.0905838012695313 0.0294666290283203 0.0350856781005859
0.0214157104492188 0.0710525512695312 0.0341339111328125 0.0447883605957031
0.0565109252929688 0.0371894836425781 0.0674781799316406 0.0272026062011719
0.0588874816894531 -0.00233078002929688 0.0655364990234375 -0.0095367431640625
0.0421371459960938 -0.0383567810058594 0.0468406677246094 -0.0452461242675781
0.0234336853027344 -0.0546836853027344 0.0275497436523438 -0.04803466796875
0.0233306884765625 -0.0510940551757813 0.0143756866455078 -0.0333766937255859
0.0240936279296875 -0.0564765930175781 0.0116786956787109 -0.0170125961303711
0.0410423278808594 -0.05126953125 0.00861215591430664 -0.00673484802246094
0.0623207092285156 -0.0234642028808594 -0.00816631317138672 0.00477123260498047
0.0697479248046875 0.0102691650390625 -0.0179576873779297 -0.005462646484375
0.0422248840332031 0.06488037109375 -0.0225296020507812 -0.0323600769042969
0.0048828125 0.0987930297851563 0.000881195068359377 -0.0378379821777344
-0.0356369018554687 0.09881591796875 0.00619697570800781 -0.0170927047729492
-0.0736083984375 0.0808334350585938 0.0383644104003906 0.0513916015625
-0.0354537963867188 0.0966644287109375 0.0144233703613281 0.0630836486816406
0.00536346435546876 0.089599609375 0.0258331298828125 0.0584564208984375
0.0575790405273438 0.0594482421875 0.0534133911132813 0.0390548706054688
0.071441650390625 0.0121612548828125 0.0500411987304688 0.0050506591796875
0.0604057312011719 -0.0374412536621094 0.0359344482421875 -0.0228843688964844
0.0375137329101562 -0.0585403442382812 0.0226345062255859 -0.0222835540771484
0.0349578857421875 -0.0547103881835938 0.0115213394165039 -0.00921344757080078
0.0358085632324219 -0.0611610412597656 0.00608062744140625 0.00457096099853515
0.0508155822753906 -0.0530014038085938 0.000266075134277348 0.0110263824462891
0.0686912536621094 -0.0191230773925781 -0.0160379409790039 0.0158004760742188
0.0711669921875 0.0173568725585938 -0.0224590301513672 0.00133514404296875
0.0354690551757813 0.0689544677734375 -0.0224056243896484 -0.0230045318603516
-0.00662994384765625 0.0970382690429688 0.00124359130859375 -0.0143365859985351
-0.0474090576171875 0.0912094116210938 -0.00999069213867188 0.0112533569335938
-0.0758209228515625 0.0571975708007813 0.00897979736328124 0.0756454467773438
-0.0510025024414062 0.0794219970703125 -0.004302978515625 0.0839080810546875
-0.0120773315429688 0.0859756469726563 0.0146331787109375 0.0656051635742188
0.0439491271972656 0.0677108764648438 0.03509521484375 0.0444602966308594
0.0674781799316406 0.0235710144042969 0.03076171875 0.0160331726074219
0.0650863647460938 -0.0287742614746094 0.0197944641113281 -0.00288963317871094
0.0428123474121094 -0.0535545349121094 0.0129404067993164 0.00326251983642578
0.0384407043457031 -0.0505104064941406 0.00675678253173828 0.0149497985839844
0.0403556823730469 -0.0570716857910156 -0.000555038452148432 0.0262947082519531
0.0540275573730469 -0.0468292236328125 -0.0104179382324219 0.0273475646972656
0.0686759948730469 -0.0130615234375 -0.0251083374023438 0.0248661041259766
0.0652389526367188 0.0229454040527344 -0.0283393859863281 0.00566673278808593
0.0233650207519531 0.0683555603027344 -0.0214481353759766 -0.0163440704345703
-0.0191497802734375 0.0858383178710938 0.000642299652099608 0.00548124313354493
-0.0545120239257813 0.0731201171875 -0.0286350250244141 0.0346641540527344
-0.0628013610839844 0.0232048034667969 -0.0162734985351563 0.0899658203125
-0.0523223876953125 0.0465469360351563 -0.0208206176757813 0.0929489135742188
-0.0266265869140625 0.0600013732910156 0.00453186035156249 0.0653457641601563
0.0209579467773438 0.0598030090332031 0.0183792114257813 0.0436172485351563
0.049774169921875 0.0286331176757813 0.0115013122558594 0.0212154388427734
0.0570755004882813 -0.0156402587890625 0.00335788726806641 0.0135765075683594
0.0417366027832031 -0.040313720703125 0.00188064575195313 0.0257358551025391
0.0369873046875 -0.0391159057617188 -0.000545501708984373 0.0365409851074219
0.0398101806640625 -0.0462875366210938 -0.00811386108398438 0.0448570251464844
0.0503196716308594 -0.0360603332519531 -0.0219268798828125 0.0416717529296875
0.0602569580078125 -0.00438308715820313 -0.0364112854003906 0.03033447265625
0.0544662475585938 0.0256919860839844 -0.0351066589355469 0.0075969696044922
0.01068115234375 0.0622291564941406 -0.0216999053955078 -0.012359619140625
-0.0314598083496094 0.0675735473632813 -0.00195693969726563 0.0198955535888672
-0.0571479797363281 0.0468406677246094 -0.0482139587402344 0.050445556640625
-0.03948974609375 -0.012939453125 -0.0304183959960938 0.0943679809570312
-0.0417327880859375 0.008514404296875 -0.025787353515625 0.0948562622070313
-0.0300979614257812 0.0259513854980469 0.00329971313476563 0.0620803833007812
-0.000999450683593748 0.0392951965332031 0.00836563110351563 0.0380134582519531
0.0246753692626953 0.0260047912597656 -0.00071144104003906 0.0221290588378906
0.0390434265136719 -0.00392913818359375 -0.00834083557128906 0.0255088806152344
0.0322132110595703 -0.0232219696044922 -0.00603103637695313 0.0431098937988281
0.0286006927490234 -0.0241489410400391 -0.005035400390625 0.0527420043945313
0.0322837829589844 -0.030517578125 -0.0134162902832031 0.0616989135742188
0.0405921936035156 -0.0235176086425781 -0.0317344665527344 0.0544929504394531
0.0463676452636719 0.00157546997070312 -0.0468368530273438 0.0375480651855469
0.0385704040527344 0.0264968872070313 -0.0428848266601563 0.00727081298828125
-0.00249099731445312 0.0496902465820313 -0.0240154266357422 -0.0105113983154297
-0.038421630859375 0.04156494140625 -0.0107860565185547 0.0281047821044922
-0.0535087585449219 0.0142784118652344 -0.0684242248535156 0.0584030151367188
0.0239200592041016 0.0268535614013672 0.07177734375 -0.0540313720703125
0.0366935729980469 -0.00853347778320313 0.0230903625488281 -0.0223751068115234
0.0112533569335937 -0.0282440185546875 0.0253047943115234 0.0144805908203125
-0.0116825103759766 -0.0243053436279297 0.0578994750976563 0.00210952758789062
-0.0227928161621094 -0.010650634765625 0.0642471313476563 -0.035858154296875
-0.0269298553466797 0.00738143920898438 0.0455169677734375 -0.0679473876953125
-0.0206565856933594 0.00652885437011719 0.020233154296875 -0.076629638671875
-0.0182723999023438 0.00182151794433594 0.0108184814453125 -0.0634307861328125
-0.0236473083496094 -0.000158309936523436 0.0125999450683594 -0.0496292114257813
-0.0173711776733398 -0.0157232284545898 0.0157928466796875 -0.0366744995117188
0.00115966796875 -0.0268039703369141 0.00575065612792969 -0.0235824584960938
0.0206642150878906 -0.0183372497558594 -0.0002899169921875 -0.0324077606201172
0.0353584289550781 0.00775527954101563 0.00651168823242188 -0.0643157958984375
0.0308437347412109 0.0321178436279297 0.0266952514648437 -0.0921401977539062
0.011993408203125 0.0420913696289063 0.0439910888671875 -0.0886459350585938
-0.00173187255859375 0.059417724609375 0.0797195434570313 -0.0385818481445312
0.0293121337890625 0.0291385650634766 0.0301799774169922 -0.0112075805664062
0.0214118957519531 0.00306129455566406 0.0299129486083984 0.0221042633056641
0.0136737823486328 -0.00833511352539063 0.0655059814453125 0.00902557373046875
0.00431537628173828 -0.012354850769043 0.0715789794921875 -0.030487060546875
-0.00513744354248047 -0.0112533569335938 0.0518646240234375 -0.0675239562988281
-0.00667667388916016 -0.0174808502197266 0.0262908935546875 -0.0774993896484375
-0.00313949584960938 -0.0199508666992188 0.0139961242675781 -0.0631065368652344
-0.00582122802734375 -0.0226287841796875 0.0148735046386719 -0.0468635559082031
0.0069580078125 -0.0292644500732422 0.0183391571044922 -0.0329189300537109
0.0284271240234375 -0.0235157012939453 0.00439453125 -0.0177669525146484
0.041748046875 -0.00201034545898438 -0.00454902648925781 -0.0248489379882813
0.0354766845703125 0.0377998352050781 -0.00458526611328125 -0.0557632446289063
0.0165252685546875 0.0664024353027344 0.0161514282226562 -0.0801849365234375
-0.0106430053710937 0.0720138549804688 0.036834716796875 -0.07159423828125
-0.0311508178710938 0.0828399658203125 0.0779571533203125 -0.0126419067382812
0.011749267578125 0.0663223266601563 0.0326328277587891 0.00858116149902344
0.0252609252929688 0.0402641296386719 0.0332546234130859 0.033203125
0.0391120910644531 0.0138969421386719 0.0700111389160156 0.0190467834472656
0.0341587066650391 -0.00901412963867188 0.0735015869140625 -0.0202865600585938
0.0199050903320313 -0.0276031494140625 0.0536918640136719 -0.0597152709960938
0.010040283203125 -0.0393829345703125 0.0293655395507813 -0.0680274963378906
0.01177978515625 -0.0391883850097656 0.0155029296875 -0.0528831481933594
0.0117874145507813 -0.0432815551757813 0.0140228271484375 -0.0359611511230469
0.0281257629394531 -0.0421028137207031 0.0153007507324219 -0.0235786437988281
0.0501289367675781 -0.0230865478515625 -0.00121593475341797 -0.00896358489990235
0.0595512390136719 0.00794219970703125 -0.0108766555786133 -0.0165281295776367
0.0398368835449219 0.0581474304199219 -0.0152473449707031 -0.0452194213867187
0.00879669189453124 0.0903778076171875 0.00634384155273438 -0.0622825622558594
-0.0267105102539063 0.0923233032226563 0.0239181518554688 -0.0479583740234375
-0.0549774169921875 0.097503662109375 0.0660247802734375 0.0162620544433594
-0.007293701171875 0.0960464477539063 0.0295734405517578 0.0350131988525391
0.0247955322265625 0.0755462646484375 0.0351638793945313 0.0469398498535156
0.06109619140625 0.0374641418457031 0.0694961547851563 0.02728271484375
0.0620231628417969 -0.00347137451171875 0.0681037902832031 -0.011260986328125
0.0435638427734375 -0.0410423278808594 0.0472793579101563 -0.0469245910644531
0.0232887268066406 -0.0580329895019531 0.0260505676269531 -0.0518035888671875
0.0222930908203125 -0.0550880432128906 0.0126686096191406 -0.0361862182617188
0.0239028930664062 -0.0610275268554687 0.0100307464599609 -0.019195556640625
0.040985107421875 -0.0545234680175781 0.00775432586669922 -0.00929641723632813
0.0651016235351563 -0.0276031494140625 -0.00894451141357422 0.00299358367919922
0.0734710693359375 0.0091552734375 -0.0184154510498047 -0.00690841674804687
0.0462913513183594 0.0679054260253906 -0.0236625671386719 -0.033609390258789
0.0080108642578125 0.104202270507813 0.000289916992187502 -0.0403709411621094
-0.034423828125 0.104438781738281 0.00767898559570312 -0.0200824737548828
-0.0752716064453125 0.0882492065429687 0.0406112670898438 0.0512161254882813
-0.0334243774414063 0.103164672851563 0.0150489807128906 0.0642433166503906
0.00965881347656249 0.095977783203125 0.0265350341796875 0.0602684020996094
0.0629196166992188 0.0611915588378906 0.0557975769042969 0.0407485961914063
0.07574462890625 0.010162353515625 0.0521965026855469 0.00558090209960938
0.0620460510253906 -0.0407295227050781 0.0372238159179688 -0.0236167907714844
0.0374526977539063 -0.0631141662597656 0.0229969024658203 -0.0243797302246094
0.0338554382324219 -0.0590133666992188 0.0113363265991211 -0.0109806060791016
0.0352325439453125 -0.0663223266601563 0.0059971809387207 0.00370216369628906
0.0509834289550781 -0.0573921203613281 -5.91278076171836E-05 0.00963592529296875
0.0720748901367188 -0.0228805541992188 -0.0170564651489258 0.0150918960571289
0.0756683349609375 0.0153579711914063 -0.0235576629638672 0.000253677368164062
0.0395278930664063 0.0728530883789063 -0.0235042572021484 -0.0240840911865234
-0.00341033935546874 0.102325439453125 0.00151443481445312 -0.0158872604370117
-0.0465621948242188 0.0970840454101562 -0.00966644287109375 0.0100021362304688
-0.0784530639648438 0.0631103515625 0.0111007690429688 0.0791244506835938
-0.0499267578125 0.0856094360351563 -0.00405120849609375 0.086456298828125
-0.0101699829101562 0.0922088623046875 0.0151519775390625 0.0678901672363281
0.0485076904296875 0.0705032348632813 0.0365409851074219 0.0464363098144531
0.0718154907226563 0.0221176147460938 0.0317726135253906 0.0170421600341797
0.0672645568847656 -0.0327110290527344 0.0208339691162109 -0.00160598754882813
0.0432777404785156 -0.0583648681640625 0.0134830474853516 0.00267219543457031
0.0379791259765625 -0.055145263671875 0.00641536712646485 0.0149354934692383
0.0408134460449219 -0.0630989074707031 0.000253677368164067 0.0265483856201172
0.0550689697265625 -0.0519027709960938 -0.0104255676269531 0.0279312133789062
0.0719833374023438 -0.0166854858398438 -0.02667236328125 0.0251636505126953
0.0698699951171875 0.0215415954589844 -0.0294532775878906 0.00401496887207031
0.0275726318359375 0.0721664428710938 -0.0225162506103516 -0.0171337127685547
-0.017059326171875 0.0912933349609375 0.00234007835388184 0.00420928001403809
-0.05499267578125 0.0786514282226563 -0.0286693572998047 0.0347690582275391
-0.0655250549316406 0.026885986328125 -0.0153961181640625 0.094635009765625
-0.0540351867675781 0.050811767578125 -0.020721435546875 0.0970993041992188
-0.0259017944335937 0.0662155151367188 0.00492477416992187 0.0677871704101563
0.0251083374023437 0.0626792907714844 0.0186042785644531 0.0457038879394531
0.0537338256835938 0.0278778076171875 0.0122718811035156 0.0234909057617188
0.0595741271972656 -0.0189704895019531 0.00426006317138672 0.0155773162841797
0.0420761108398438 -0.0447044372558594 0.0029449462890625 0.0268630981445312
0.0364570617675781 -0.0434951782226563 0.000839233398437504 0.0369606018066406
0.0396003723144531 -0.0506744384765625 -0.00740051269531249 0.0471649169921875
0.0516433715820313 -0.0405616760253906 -0.0223884582519531 0.0436058044433594
0.06378173828125 -0.00756454467773437 -0.0379638671875 0.0324897766113281
0.0592994689941406 0.0253219604492188 -0.0362052917480469 0.00777053833007813
0.0135879516601563 0.0657577514648438 -0.0232124328613281 -0.0126953125
-0.0295639038085938 0.0726776123046875 -0.00168228149414063 0.019500732421875
-0.0584831237792969 0.05169677734375 -0.0486488342285156 0.0529327392578125
-0.0421943664550781 -0.0110244750976563 -0.0297164916992188 0.100486755371094
-0.04400634765625 0.0110893249511719 -0.0257034301757813 0.0993576049804688
-0.030914306640625 0.0298671722412109 0.00348281860351563 0.0637969970703125
0.00113296508789062 0.0419349670410156 0.0077972412109375 0.0403633117675781
0.02789306640625 0.0255355834960938 -0.000909805297851562 0.0241870880126953
0.0407524108886719 -0.00553131103515625 -0.00822257995605469 0.0281410217285156
0.032867431640625 -0.0257740020751953 -0.00470352172851562 0.0439224243164063
0.0287227630615234 -0.0270328521728516 -0.00326919555664062 0.0557670593261719
0.0322856903076172 -0.0339450836181641 -0.0125007629394531 0.0648994445800781
0.0411186218261719 -0.0260124206542969 -0.0328865051269531 0.0580902099609375
0.0489959716796875 -0.000652313232421875 -0.0482330322265625 0.0399551391601563
0.0416336059570313 0.0265541076660156 -0.0458908081054688 0.00765228271484374
-0.00199127197265625 0.0524444580078125 -0.0252895355224609 -0.0117263793945313
-0.0384559631347656 0.0453529357910156 -0.00951576232910156 0.0290565490722656
-0.0553207397460938 0.0174789428710937 -0.0701408386230469 0.0614204406738281
0.0266208648681641 0.0262737274169922 0.07342529296875 -0.0603179931640625
0.0377273559570313 -0.0109977722167969 0.0220718383789063 -0.0236358642578125
0.0103416442871094 -0.0305233001708984 0.0268039703369141 0.0149307250976562
-0.014373779296875 -0.0244159698486328 0.0606422424316406 0.000118255615234374
-0.0247287750244141 -0.00880622863769532 0.0647125244140625 -0.041168212890625
-0.0276107788085938 0.0102519989013672 0.0438232421875 -0.07379150390625
-0.0209426879882813 0.00816154479980468 0.0162353515625 -0.081298828125
-0.018646240234375 0.00355911254882813 0.0067291259765625 -0.0675163269042969
-0.0241413116455078 0.00217247009277344 0.00926971435546874 -0.0536270141601563
-0.0187911987304688 -0.0145645141601563 0.0136871337890625 -0.0412979125976562
-0.0013427734375 -0.0277881622314453 0.00522804260253906 -0.0267601013183594
0.0200729370117188 -0.0203971862792969 -0.000326156616210939 -0.0347652435302734
0.0373001098632813 0.00591278076171875 0.00416564941406251 -0.0673255920410156
0.0345973968505859 0.0315227508544922 0.02392578125 -0.0976638793945313
0.01544189453125 0.0427093505859375 0.0421676635742187 -0.0965957641601563
0.0008392333984375 0.0619621276855469 0.0820083618164063 -0.0450820922851562
0.0321731567382813 0.0296421051025391 0.0300407409667969 -0.0133495330810547
0.0226345062255859 0.00272178649902344 0.0318202972412109 0.0218639373779297
0.013671875 -0.00961017608642578 0.0690422058105469 0.00713348388671875
0.00416088104248047 -0.0128507614135742 0.0727920532226563 -0.0357818603515625
-0.00550174713134765 -0.0113201141357422 0.0505142211914063 -0.0738296508789063
-0.00787925720214844 -0.0179576873779297 0.022125244140625 -0.0828018188476563
-0.00513267517089844 -0.0205440521240234 0.0104522705078125 -0.0674057006835938
-0.00623703002929688 -0.02313232421875 0.0118942260742188 -0.0510406494140625
0.0062408447265625 -0.0306549072265625 0.0164833068847656 -0.0379753112792969
0.0271873474121094 -0.0266532897949219 0.0041656494140625 -0.0206508636474609
0.0430488586425781 -0.0038909912109375 -0.00388336181640625 -0.0268344879150391
0.0396537780761719 0.0377883911132813 -0.00639724731445312 -0.0577735900878906
0.0211372375488281 0.0680885314941406 0.0136871337890625 -0.0852432250976562
-0.00689697265625 0.07568359375 0.0367584228515625 -0.0789794921875
-0.0282363891601563 0.0890274047851563 0.081085205078125 -0.0173721313476562
0.0164642333984375 0.0697975158691406 0.03326416015625 0.00719833374023438
0.0294342041015625 0.0421333312988281 0.0357742309570313 0.0344161987304688
0.0420989990234375 0.0125503540039063 0.0733413696289062 0.0170516967773438
0.0358734130859375 -0.0114173889160156 0.0753631591796875 -0.025177001953125
0.0194873809814453 -0.0300521850585938 0.0532112121582031 -0.0645065307617188
0.00777053833007812 -0.0426025390625 0.0264358520507812 -0.0727615356445313
0.0100440979003906 -0.0420379638671875 0.011871337890625 -0.05682373046875
0.0100898742675781 -0.0465011596679688 0.0111579895019531 -0.039642333984375
0.0268325805664063 -0.0457763671875 0.0133228302001953 -0.0270938873291016
0.0509719848632813 -0.0272216796875 -0.0019845962524414 -0.0112428665161133
0.0634613037109375 0.00459671020507813 -0.0112991333007812 -0.0179386138916016
0.0451202392578125 0.0588951110839844 -0.0171051025390625 -0.0470008850097656
0.0149383544921875 0.094757080078125 0.00393676757812499 -0.0655174255371094
-0.023193359375 0.0983047485351563 0.0232505798339844 -0.0534439086914062
-0.0524826049804688 0.106361389160156 0.0703353881835938 0.0142135620117188
-0.00204467773437501 0.102005004882813 0.0307960510253906 0.03436279296875
0.0316238403320312 0.079437255859375 0.0379524230957031 0.0482101440429688
0.0662307739257812 0.0363082885742188 0.07305908203125 0.0262680053710938
0.0652427673339844 -0.00839614868164063 0.0703201293945313 -0.0147171020507813
0.0433731079101563 -0.0458106994628906 0.0475807189941406 -0.0506744384765625
0.0204353332519531 -0.062713623046875 0.0234909057617187 -0.0564498901367188
0.0199508666992187 -0.0593414306640625 0.0102653503417969 -0.0388908386230469
0.0205574035644531 -0.0656967163085938 0.00852012634277344 -0.0218467712402344
0.0392494201660156 -0.0600967407226563 0.00661087036132813 -0.0118865966796875
0.0669479370117188 -0.0333023071289063 -0.00962257385253906 0.00162696838378906
0.0783233642578125 0.00527191162109375 -0.0187358856201172 -0.00775718688964844
0.0531845092773438 0.0694503784179688 -0.0253353118896484 -0.0343647003173828
0.0151290893554687 0.109588623046875 -0.00134658813476563 -0.0428237915039062
-0.0307388305664063 0.1116943359375 0.00710487365722656 -0.02337646484375
-0.0742034912109375 0.09735107421875 0.0453987121582031 0.0521087646484375
-0.03021240234375 0.110092163085937 0.017852783203125 0.0657157897949219
0.015533447265625 0.102119445800781 0.0297164916992188 0.0618515014648438
0.0705337524414063 0.06097412109375 0.0589637756347656 0.0398101806640625
0.08062744140625 0.00562286376953125 0.055816650390625 0.00431442260742188
0.0626373291015625 -0.0471076965332031 0.0375099182128906 -0.0258026123046875
0.0343284606933594 -0.0688018798828125 0.0216865539550781 -0.0277462005615234
0.0309867858886719 -0.0649948120117188 0.00995922088623047 -0.0129766464233398
0.0322952270507812 -0.0725631713867188 0.00527143478393555 0.00362157821655273
0.0497245788574219 -0.06353759765625 -0.00093269348144531 0.00845289230346679
0.0754241943359375 -0.0296249389648437 -0.0175762176513672 0.0153388977050781
0.0809402465820313 0.0110702514648438 -0.0239658355712891 0.000236511230468751
0.0473175048828125 0.0747909545898437 -0.0249500274658203 -0.0244922637939453
0.00324249267578125 0.109214782714844 0.00139617919921875 -0.01751708984375
-0.0433883666992188 0.105262756347656 -0.00892162322998047 0.00943660736083985
-0.0788955688476563 0.0718994140625 0.0154647827148437 0.0827713012695313
-0.0481109619140625 0.0935287475585938 -0.00115203857421876 0.0894088745117188
-0.00469207763671875 0.0992355346679688 0.0174636840820312 0.0703506469726563
0.0563125610351563 0.071502685546875 0.0397605895996094 0.0469474792480469
0.078521728515625 0.0179290771484375 0.0341758728027344 0.0178909301757813
0.0694580078125 -0.0388145446777344 0.0219535827636719 -0.00101852416992188
0.0412979125976562 -0.0643157958984375 0.014042854309082 0.00191783905029296
0.0360298156738281 -0.0613632202148437 0.00714778900146485 0.0141077041625977
0.0383872985839844 -0.0698661804199219 0.00081443786621094 0.0280036926269531
0.0535850524902344 -0.0587921142578125 -0.0104579925537109 0.0286407470703125
0.0749282836914063 -0.0224075317382813 -0.0276908874511719 0.0266895294189453
0.0760574340820312 0.0180282592773437 -0.0303363800048828 0.00531768798828126
0.03424072265625 0.0750656127929687 -0.0242443084716797 -0.0178337097167969
-0.0120086669921875 0.097869873046875 0.00306582450866699 0.00332331657409669
-0.0528717041015625 0.0855178833007812 -0.0277748107910156 0.0370254516601563
-0.0679473876953125 0.033203125 -0.0122833251953125 0.100341796875
-0.0536918640136719 0.0569992065429688 -0.0175857543945312 0.101516723632812
-0.0227279663085938 0.072479248046875 0.00733184814453125 0.0704803466796875
0.031036376953125 0.064544677734375 0.020416259765625 0.0474929809570313
0.0587310791015625 0.0249748229980469 0.0142040252685547 0.0250148773193359
0.0615730285644531 -0.0242042541503906 0.00570297241210938 0.0184803009033203
0.0404396057128906 -0.0495376586914062 0.00531005859375 0.0274219512939453
0.0348892211914063 -0.0484733581542969 0.00312423706054688 0.0381278991699219
0.0382080078125 -0.0567092895507813 -0.00548553466796875 0.0500946044921875
0.051116943359375 -0.0468101501464844 -0.0215873718261719 0.0465316772460938
0.0671844482421875 -0.0126609802246094 -0.0382347106933594 0.0353813171386719
0.0642166137695313 0.0226860046386719 -0.0381813049316406 0.00899124145507812
0.0191726684570313 0.0686607360839844 -0.0241146087646484 -0.0131034851074219
-0.02593994140625 0.0786666870117188 0.000141143798828125 0.0199851989746094
-0.0575408935546875 0.0577621459960938 -0.0482406616210938 0.0571441650390625
-0.04559326171875 -0.0083465576171875 -0.026458740234375 0.106903076171875
-0.0455741882324219 0.0149688720703125 -0.0230636596679688 0.1044921875
-0.0307731628417969 0.0345954895019531 0.00539398193359375 0.0655517578125
0.00479507446289063 0.0445976257324219 0.00897598266601562 0.0426025390625
0.0316638946533203 0.0247211456298828 0.000354766845703127 0.0269889831542969
0.0428581237792969 -0.00958251953125 -0.00588035583496093 0.0317955017089844
0.0319061279296875 -0.0295467376708984 -0.00115203857421875 0.0468330383300781
0.0280570983886719 -0.0306453704833984 0.000534057617187501 0.05804443359375
0.0311851501464844 -0.0378799438476563 -0.00949859619140624 0.0691986083984375
0.0410079956054688 -0.0312843322753906 -0.0311508178710938 0.0628890991210938
0.0515937805175781 -0.00441741943359375 -0.0486602783203125 0.0437202453613281
0.0459709167480469 0.0242958068847656 -0.0471000671386719 0.0103683471679688
0.00157546997070312 0.0553398132324219 -0.0267601013183594 -0.0108737945556641
-0.0373344421386719 0.0503044128417969 -0.00705337524414063 0.0296611785888672
-0.0558967590332031 0.0217247009277344 -0.07000732421875 0.0687675476074219
0.0292987823486328 0.0242881774902344 0.0715179443359375 -0.0671005249023438
0.0369224548339844 -0.0138511657714844 0.0201473236083984 -0.0249595642089844
0.00814247131347656 -0.0317344665527344 0.0278911590576172 0.0140304565429687
-0.0169124603271484 -0.0234355926513672 0.0625534057617188 -0.00249481201171875
-0.0258350372314453 -0.00658035278320313 0.0635299682617188 -0.0462989807128906
-0.0265026092529297 0.0130958557128906 0.0388412475585938 -0.079437255859375
-0.0204219818115234 0.0106487274169922 0.0105133056640625 -0.0845489501953125
-0.0192127227783203 0.00543594360351562 0.000907897949218747 -0.0691757202148438
-0.0241947174072266 0.00426673889160157 0.00426864624023437 -0.0558128356933594
-0.0207042694091797 -0.0127124786376953 0.00932693481445313 -0.0444297790527344
-0.00474929809570313 -0.0268096923828125 0.00365829467773438 -0.0292911529541016
0.0185070037841797 -0.0221958160400391 -0.00197982788085937 -0.036773681640625
0.0382270812988281 0.00255966186523438 0.00107192993164063 -0.06781005859375
0.0376853942871094 0.0292243957519531 0.0183944702148438 -0.100975036621094
0.0189743041992187 0.0429649353027344 0.0371627807617188 -0.10321044921875
0.00585174560546875 0.0634613037109375 0.0813980102539063 -0.0514450073242188
0.0348854064941406 0.0282096862792969 0.0283489227294922 -0.0156593322753906
0.0236968994140625 0.00160408020019531 0.0334682464599609 0.0210781097412109
0.0138530731201172 -0.0108556747436523 0.0711135864257813 0.0034332275390625
0.00322055816650391 -0.0131511688232422 0.0714263916015625 -0.04119873046875
-0.00614547729492187 -0.0102777481079102 0.0457534790039063 -0.0797042846679687
-0.00906181335449219 -0.0178127288818359 0.0158309936523438 -0.0869369506835937
-0.00678634643554687 -0.0213527679443359 0.00375747680664063 -0.0694618225097656
-0.00848388671875 -0.0232200622558594 0.0068359375 -0.0535240173339844
0.003936767578125 -0.0313358306884766 0.0116500854492188 -0.0412216186523438
0.025482177734375 -0.0284519195556641 0.00283432006835938 -0.0232791900634766
0.0434799194335938 -0.00749969482421875 -0.00502204895019531 -0.0286540985107422
0.0434608459472656 0.0357322692871094 -0.00862884521484375 -0.0585594177246094
0.0270652770996094 0.0681266784667969 0.00844573974609376 -0.08770751953125
-0.00147247314453126 0.0777664184570312 0.0319137573242188 -0.0849685668945313
-0.0221633911132812 0.09423828125 0.0822067260742188 -0.0238418579101563
0.0213813781738281 0.0699119567871094 0.0332183837890625 0.00488090515136719
0.0340118408203125 0.0420875549316406 0.0375480651855469 0.0333900451660156
0.0440444946289063 0.00971221923828125 0.0760040283203125 0.0132217407226562
0.0356330871582031 -0.0143661499023438 0.075286865234375 -0.030975341796875
0.0179920196533203 -0.0319366455078125 0.0493354797363281 -0.0698356628417969
0.00445938110351562 -0.0439376831054688 0.0205307006835938 -0.0767898559570313
0.00591278076171875 -0.04339599609375 0.0063934326171875 -0.0593414306640625
0.00627899169921875 -0.0484085083007813 0.00736236572265625 -0.0417137145996094
0.0235214233398438 -0.0491447448730469 0.00984573364257813 -0.0307350158691406
0.04986572265625 -0.0315208435058594 -0.00227928161621093 -0.0135040283203125
0.0646896362304688 -0.000171661376953125 -0.0115928649902344 -0.0190143585205078
0.051605224609375 0.0574684143066406 -0.0197906494140625 -0.0468025207519531
0.022216796875 0.0965347290039063 -0.000179290771484371 -0.0669746398925781
-0.0166244506835938 0.10198974609375 0.0207443237304687 -0.0578956604003906
-0.0455703735351563 0.114089965820313 0.07269287109375 0.00908660888671876
0.0054168701171875 0.104766845703125 0.0327663421630859 0.0322151184082031
0.0392074584960938 0.080047607421875 0.0406112670898438 0.0467033386230469
0.0715408325195313 0.0321121215820313 0.07635498046875 0.0225906372070313
0.0658531188964844 -0.0138130187988281 0.0708465576171875 -0.0194091796875
0.0409812927246094 -0.0499343872070313 0.0448493957519531 -0.0546836853027344
0.0149497985839844 -0.066253662109375 0.01983642578125 -0.0589828491210938
0.0149002075195313 -0.06304931640625 0.0058135986328125 -0.0411949157714844
0.0154609680175781 -0.0694923400878906 0.00551986694335938 -0.0225429534912109
0.0351448059082031 -0.0651702880859375 0.004302978515625 -0.0143013000488281
0.0656318664550781 -0.0391998291015625 -0.00984573364257812 0.000792503356933593
0.0803375244140625 -0.00150299072265625 -0.0194530487060547 -0.00773429870605469
0.0604972839355469 0.0673179626464844 -0.0271492004394531 -0.0336666107177734
0.0248031616210937 0.111946105957031 -0.004241943359375 -0.0439376831054687
-0.0230636596679687 0.117012023925781 0.00596237182617187 -0.0263538360595703
-0.0683441162109375 0.1070556640625 0.0493888854980469 0.0498847961425781
-0.0217437744140625 0.115234375 0.0212249755859375 0.0648117065429688
0.02484130859375 0.10504150390625 0.0324668884277344 0.0617103576660156
0.0775070190429688 0.0572738647460938 0.0618667602539063 0.0381927490234375
0.0830612182617187 -0.0009613037109375 0.0560874938964844 0.00174331665039063
0.0607757568359375 -0.0532302856445313 0.0376167297363281 -0.0279273986816406
0.0288314819335938 -0.0734634399414063 0.0193614959716797 -0.0298500061035156
0.0257606506347656 -0.0696868896484375 0.00865554809570313 -0.0143823623657227
0.0265426635742188 -0.0775985717773438 0.00496864318847656 0.00230932235717773
0.0452651977539062 -0.06982421875 -0.00151252746582031 0.00754547119140625
0.0741424560546875 -0.0370635986328125 -0.0177059173583984 0.0149593353271484
0.0838470458984375 0.004119873046875 -0.0248966217041016 0.000705718994140628
0.0547256469726563 0.0734786987304688 -0.0269660949707031 -0.02337646484375
0.0124282836914063 0.112068176269531 0.000652313232421875 -0.0183582305908203
-0.03662109375 0.111503601074219 -0.00795984268188477 0.00849437713623048
-0.075897216796875 0.0808792114257812 0.020904541015625 0.0830841064453125
-0.0422821044921875 0.101150512695313 0.004150390625 0.0907821655273438
0.00331115722656249 0.103645324707031 0.0210685729980469 0.0702247619628906
0.0641288757324219 0.0694694519042969 0.0428352355957031 0.0458602905273438
0.081146240234375 0.0118331909179688 0.0359878540039063 0.0173492431640625
0.0675773620605469 -0.0458946228027344 0.0233554840087891 -0.0013427734375
0.03582763671875 -0.0694847106933594 0.0150318145751953 0.000596046447753902
0.0307388305664063 -0.0664634704589844 0.00809192657470703 0.0133600234985352
0.03265380859375 -0.074676513671875 0.00230598449707032 0.0286598205566406
0.0497283935546875 -0.0655326843261719 -0.00899124145507812 0.0289459228515625
0.074310302734375 -0.0293807983398438 -0.0262546539306641 0.0288772583007812
0.0793685913085938 0.0117874145507813 -0.0308132171630859 0.00689697265625
0.0417938232421875 0.07489013671875 -0.0247058868408203 -0.0161895751953125
-0.00376129150390626 0.1019287109375 0.00368666648864746 0.00233507156372071
-0.0469436645507813 0.092803955078125 -0.0250701904296875 0.038055419921875
-0.0670585632324219 0.0404090881347656 -0.00588226318359376 0.103790283203125
-0.0505714416503906 0.0644149780273438 -0.0120849609375 0.104072570800781
-0.0178146362304688 0.0781021118164062 0.00994873046875 0.0704116821289063
0.0376091003417969 0.0642204284667969 0.0228118896484375 0.0480880737304688
0.0623397827148437 0.0201492309570313 0.0158195495605469 0.0263614654541016
0.0608749389648438 -0.0300636291503906 0.00804328918457032 0.0196571350097656
0.0370368957519531 -0.0546531677246094 0.00736045837402344 0.0281352996826172
0.0304794311523438 -0.0533828735351563 0.0062255859375 0.0384407043457031
0.0337982177734375 -0.0621986389160156 -0.00191116333007812 0.0518836975097656
0.0477714538574219 -0.0529251098632812 -0.0191535949707031 0.0490684509277344
0.0674934387207031 -0.0191116333007812 -0.0373420715332031 0.0387954711914062
0.0679550170898438 0.0170822143554688 -0.0393295288085937 0.0111732482910156
0.0260124206542969 0.0698890686035156 -0.0256824493408203 -0.0122299194335937
-0.0199508666992188 0.0833663940429688 0.00222969055175781 0.0192337036132813
-0.0542678833007812 0.0635871887207031 -0.0444259643554688 0.0614356994628906
-0.0478630065917969 -0.00404739379882813 -0.02056884765625 0.112808227539063
-0.0457229614257813 0.0200386047363281 -0.016326904296875 0.108772277832031
-0.0286445617675781 0.0392341613769531 0.00830841064453124 0.0666961669921875
0.009521484375 0.0455818176269531 0.0107612609863281 0.0437850952148437
0.03472900390625 0.0215511322021484 0.0024261474609375 0.0297298431396484
0.0432281494140625 -0.0138969421386719 -0.00290489196777344 0.0345802307128906
0.0300178527832031 -0.0338497161865234 0.00323486328125 0.0475387573242188
0.0250644683837891 -0.0340957641601563 0.00511550903320312 0.0588531494140625
0.0275955200195313 -0.0422897338867188 -0.0040435791015625 0.0711212158203125
0.0392417907714844 -0.0359001159667969 -0.027313232421875 0.0665206909179687
0.0532073974609375 -0.009765625 -0.0474395751953125 0.0493125915527344
0.0490531921386719 0.0205192565917969 -0.0477066040039063 0.0135116577148437
0.00721359252929688 0.0575752258300781 -0.0279026031494141 -0.00994491577148437
-0.0338478088378906 0.0548057556152344 -0.0047454833984375 0.0301170349121094
-0.0551681518554687 0.0267601013183594 -0.0664138793945313 0.0738754272460938
0.0301933288574219 0.0226173400878906 0.0671463012695313 -0.0717315673828125
0.0352210998535156 -0.0157814025878906 0.0179710388183594 -0.0262107849121094
0.00568389892578125 -0.0318717956542969 0.0283451080322266 0.0135631561279297
-0.018280029296875 -0.0223007202148437 0.062225341796875 -0.00563812255859375
-0.0267925262451172 -0.00353622436523438 0.0592155456542969 -0.0493202209472656
-0.0243396759033203 0.0153636932373047 0.032073974609375 -0.0812454223632813
-0.0188674926757812 0.0127716064453125 0.0043182373046875 -0.0839691162109375
-0.0185070037841797 0.00737953186035157 -0.00448226928710938 -0.0688018798828125
-0.0229682922363281 0.00634765624999999 -0.00121688842773438 -0.0564689636230469
-0.0210971832275391 -0.0103912353515625 0.00484466552734375 -0.045501708984375
-0.00689125061035156 -0.0258235931396484 0.00219154357910156 -0.031402587890625
0.0161705017089844 -0.0235099792480469 -0.00284576416015625 -0.0376548767089844
0.0379981994628906 -0.000423431396484375 -0.00194168090820312 -0.0667953491210938
0.0391120910644531 0.02593994140625 0.0123672485351562 -0.101303100585938
0.0219688415527344 0.0407066345214844 0.030792236328125 -0.106353759765625
0.00967788696289062 0.062896728515625 0.077880859375 -0.055816650390625
0.0359840393066406 0.0257911682128906 0.0268898010253906 -0.0163383483886719
0.0245265960693359 0.000272750854492188 0.0339813232421875 0.0196399688720703
0.0132160186767578 -0.0115594863891602 0.0701866149902344 0.000106811523437499
0.00260257720947266 -0.0127658843994141 0.0679588317871094 -0.0453109741210938
-0.00582122802734375 -0.00953006744384766 0.0398178100585938 -0.0818710327148437
-0.0106945037841797 -0.0168647766113281 0.00838470458984375 -0.0864410400390625
-0.00852012634277344 -0.0198478698730469 -0.0020294189453125 -0.0687980651855469
-0.00992202758789063 -0.0226001739501953 0.00183486938476562 -0.0543708801269531
0.00185394287109375 -0.0311737060546875 0.00745773315429687 -0.0429534912109375
0.0230884552001953 -0.0295276641845703 0.000938415527343754 -0.0254402160644531
0.0421714782714844 -0.0102310180664063 -0.0061798095703125 -0.0295143127441406
0.0456047058105469 0.0318145751953125 -0.0119781494140625 -0.0571365356445313
0.0314903259277344 0.0663833618164063 0.00355529785156251 -0.087005615234375
0.00331878662109376 0.077484130859375 0.027191162109375 -0.0878524780273438
-0.0156936645507812 0.0952987670898438 0.08013916015625 -0.0293502807617187
0.0266036987304687 0.068939208984375 0.0324306488037109 0.00242996215820313
0.0370712280273438 0.0399818420410156 0.0380439758300781 0.0312767028808594
0.0450439453125 0.00681686401367188 0.0756759643554687 0.00948333740234375
0.0347614288330078 -0.0166416168212891 0.0721817016601563 -0.0349655151367187
0.0168037414550781 -0.0324897766113281 0.0445404052734375 -0.0725326538085938
0.000808715820312504 -0.0438079833984375 0.014251708984375 -0.0777206420898438
0.00230789184570312 -0.0434837341308594 0.000949859619140623 -0.0588188171386719
0.00286483764648437 -0.048583984375 0.002685546875 -0.0422210693359375
0.0195960998535156 -0.0498428344726563 0.00561141967773437 -0.0324325561523438
0.0462913513183594 -0.0351219177246094 -0.00371170043945312 -0.0145778656005859
0.0645713806152344 -0.00474929809570313 -0.0120258331298828 -0.0191154479980469
0.0552406311035156 0.0535850524902344 -0.02191162109375 -0.0451431274414063
0.029144287109375 0.0950164794921875 -0.00380325317382813 -0.0671005249023438
-0.00966644287109374 0.10321044921875 0.0172576904296875 -0.0616073608398437
-0.037445068359375 0.116859436035156 0.0729751586914063 0.00386810302734376
0.0132980346679687 0.103927612304688 0.0332279205322266 0.0298480987548828
0.0455245971679688 0.0781402587890625 0.041900634765625 0.0445137023925781
0.074249267578125 0.0272598266601563 0.0758819580078125 0.0186767578125
0.0645523071289063 -0.0184288024902344 0.0691375732421875 -0.0233230590820313
0.0375747680664062 -0.0526618957519531 0.041412353515625 -0.0567436218261719
0.009490966796875 -0.0665779113769531 0.0145912170410156 -0.0605392456054688
0.00857162475585937 -0.0636329650878906 0.002349853515625 -0.0413856506347656
0.0094757080078125 -0.070831298828125 0.00207138061523438 -0.0232181549072266
0.0293197631835937 -0.0673751831054688 0.00102615356445313 -0.0154485702514648
0.0618858337402344 -0.0444259643554688 -0.0105905532836914 -4.57763671875015E-05
0.0795745849609375 -0.007354736328125 -0.0193862915039062 -0.00792694091796874
0.0655021667480469 0.0637397766113281 -0.0287990570068359 -0.0317440032958984
0.0326385498046875 0.109725952148438 -0.00601577758789062 -0.04388427734375
-0.014892578125 0.118453979492187 0.00521087646484375 -0.0291271209716797
-0.060333251953125 0.111907958984375 0.0531120300292969 0.0465316772460938
-0.0133514404296875 0.117729187011719 0.0237617492675781 0.0627288818359375
0.0334625244140625 0.103317260742188 0.0346755981445313 0.0591239929199219
0.081268310546875 0.0516510009765625 0.0629158020019531 0.0347023010253906
0.0826339721679688 -0.00732421875 0.0563850402832031 -0.00101089477539063
0.0562286376953125 -0.0568466186523438 0.0351047515869141 -0.0289058685302734
0.0224075317382812 -0.0751800537109375 0.0163898468017578 -0.0311050415039063
0.0190582275390625 -0.0712051391601563 0.00669193267822266 -0.0147581100463867
0.0193939208984375 -0.0794448852539063 0.00432229042053223 0.00218629837036132
0.03948974609375 -0.0727386474609375 -0.00317096710205078 0.0065464973449707
0.0716934204101563 -0.0424652099609375 -0.0169143676757812 0.0155467987060547
0.0847854614257813 -0.0021209716796875 -0.024322509765625 0.000995635986328127
0.060699462890625 0.0706405639648438 -0.0270195007324219 -0.0219516754150391
0.0215606689453125 0.111854553222656 -0.000497817993164062 -0.0193958282470703
-0.0289230346679687 0.1134033203125 -0.00705337524414063 0.0069727897644043
-0.0697021484375 0.086578369140625 0.0253753662109375 0.0817642211914063
-0.0352935791015625 0.103492736816406 0.0087890625 0.0884475708007813
0.0113449096679688 0.104217529296875 0.0236549377441406 0.0673751831054688
0.0693016052246094 0.0644454956054688 0.0442695617675781 0.0440101623535156
0.0817413330078125 0.0050811767578125 0.0373153686523438 0.0159645080566406
0.0640602111816406 -0.0506782531738281 0.0235252380371094 -0.00173377990722657
0.0303421020507813 -0.071685791015625 0.0143423080444336 -0.000791549682617192
0.024749755859375 -0.0682411193847656 0.00786209106445313 0.0122480392456055
0.0259170532226563 -0.0777587890625 0.003387451171875 0.0282363891601562
0.0444068908691406 -0.0689926147460938 -0.00865173339843749 0.0289134979248047
0.0731658935546875 -0.0359420776367188 -0.0247440338134766 0.0291938781738281
0.0805816650390625 0.00518798828125 -0.0307559967041016 0.00811767578125001
0.048095703125 0.0725021362304688 -0.025543212890625 -0.015472412109375
0.00443267822265625 0.103118896484375 0.00351071357727051 0.00156784057617188
-0.0399322509765625 0.0958709716796875 -0.02239990234375 0.0380592346191406
-0.0638771057128906 0.0458106994628906 0.000320434570312495 0.104331970214844
-0.0457611083984375 0.067840576171875 -0.0064849853515625 0.104080200195313
-0.0106887817382813 0.080078125 0.0131683349609375 0.0693931579589844
0.0430183410644531 0.0615997314453125 0.0249481201171875 0.0468940734863281
0.0639114379882813 0.0155982971191406 0.0179252624511719 0.0269927978515625
0.0584335327148438 -0.0349197387695313 0.0104255676269531 0.0196819305419922
0.0320281982421875 -0.0573196411132813 0.00963211059570313 0.0269107818603516
0.0258331298828125 -0.0553627014160156 0.00851058959960937 0.0375137329101563
0.0280914306640625 -0.0647430419921875 0.00185394287109376 0.0514602661132812
0.043670654296875 -0.056854248046875 -0.0167045593261719 0.0492630004882812
0.0660858154296875 -0.0244674682617188 -0.0351905822753906 0.0406913757324219
0.0688247680664063 0.0120429992675781 -0.0381088256835937 0.0131912231445313
0.0309982299804688 0.0683631896972656 -0.0255012512207031 -0.0108318328857422
-0.0132522583007813 0.0855026245117187 0.00346946716308594 0.0183906555175781
-0.0486335754394531 0.0678215026855469 -0.0405464172363281 0.0624542236328125
-0.0477447509765625 0.00115966796875 -0.0136871337890625 0.114715576171875
-0.0440101623535156 0.0242691040039062 -0.0105819702148438 0.108283996582031
-0.02532958984375 0.0419425964355469 0.0108108520507813 0.0648536682128906
0.0131721496582031 0.0444755554199219 0.01251220703125 0.0439529418945313
0.0368423461914063 0.0179023742675781 0.00467300415039063 0.0305767059326172
0.0413856506347656 -0.01708984375 0.00119590759277344 0.0348224639892578
0.0257072448730469 -0.0357437133789063 0.0070037841796875 0.0469169616699219
0.021697998046875 -0.0358505249023438 0.00921630859375001 0.056488037109375
0.0241127014160156 -0.0446281433105469 0.0015411376953125 0.0711441040039063
0.0363235473632813 -0.0393104553222656 -0.0228538513183594 0.0673637390136719
0.0518341064453125 -0.0134811401367187 -0.0443496704101563 0.051971435546875
0.0505027770996094 0.0165138244628906 -0.0467529296875 0.0166206359863281
0.0102767944335938 0.0565414428710938 -0.0285606384277344 -0.00979042053222656
-0.0293922424316406 0.0574302673339844 -0.00212478637695312 0.0292072296142578
-0.0522384643554688 0.0301666259765625 -0.0607147216796875 0.0780487060546875
0.0312004089355469 0.0202274322509766 0.0640411376953125 -0.0730819702148438
0.0346584320068359 -0.0173244476318359 0.0163078308105469 -0.0250625610351563
0.00373458862304688 -0.0317554473876953 0.0276432037353516 0.0131912231445313
-0.01934814453125 -0.0212345123291016 0.0605430603027344 -0.00725555419921875
-0.0259189605712891 -0.00212860107421875 0.0564613342285156 -0.0502510070800781
-0.0227222442626953 0.0162982940673828 0.0273513793945313 -0.0809860229492188
-0.0175189971923828 0.0142841339111328 -0.000152587890624997 -0.0829391479492188
-0.0178928375244141 0.00846099853515625 -0.00808715820312501 -0.066650390625
-0.0218982696533203 0.00771713256835937 -0.00429916381835938 -0.0550003051757813
-0.0211944580078125 -0.00881767272949219 0.00188064575195312 -0.0452041625976563
-0.00786781311035156 -0.0243415832519531 -6.67572021484384E-05 -0.0326938629150391
0.0145473480224609 -0.0234184265136719 -0.00304031372070312 -0.0381317138671875
0.0371360778808594 -0.00267791748046875 -0.0025787353515625 -0.0654525756835938
0.039031982421875 0.0235977172851562 0.00923919677734375 -0.0999603271484375
0.0231170654296875 0.0388755798339844 0.0266189575195312 -0.106803894042969
0.0122833251953125 0.0616378784179687 0.0751266479492188 -0.05902099609375
0.0369720458984375 0.0241661071777344 0.0249652862548828 -0.0172691345214844
0.0236148834228516 -0.0006866455078125 0.0334854125976562 0.0195655822753906
0.0114345550537109 -0.0119848251342773 0.0694999694824219 -0.00179290771484375
0.00163459777832031 -0.0117740631103516 0.0651817321777344 -0.0466842651367188
-0.0057373046875 -0.00911045074462891 0.0355682373046875 -0.0812835693359375
-0.0111427307128906 -0.0156087875366211 0.00437927246093749 -0.0852432250976563
-0.00925827026367187 -0.0185470581054688 -0.00551223754882813 -0.066864013671875
-0.0108509063720703 -0.0212783813476562 -0.00111770629882813 -0.0535774230957031
3.05175781250031E-05 -0.0302925109863281 0.00384521484375 -0.0433006286621094
0.0205802917480469 -0.0292606353759766 -0.000463485717773439 -0.026611328125
0.041015625 -0.0117607116699219 -0.00600433349609374 -0.0303440093994141
0.0458030700683594 0.0297775268554688 -0.0118865966796875 -0.0558090209960938
0.0335235595703125 0.0639572143554688 0.00121307373046876 -0.0854263305664063
0.00586700439453124 0.0763931274414063 0.0236663818359375 -0.0894241333007813
-0.0119171142578125 0.0949478149414063 0.07843017578125 -0.03192138671875
0.0285224914550781 0.0668525695800781 0.0305366516113281 0.00218582153320313
0.0388412475585938 0.0383148193359375 0.03765869140625 0.0306282043457031
0.0445365905761719 0.00486373901367188 0.0747833251953125 0.00753021240234375
0.0326709747314453 -0.0179176330566406 0.0693588256835938 -0.0357780456542969
0.0154762268066406 -0.03289794921875 0.0406723022460938 -0.07257080078125
-0.00125885009765625 -0.0428810119628906 0.0099029541015625 -0.0766220092773438
-0.000129699707031253 -0.04266357421875 -0.0023193359375 -0.0576553344726563
-0.000354766845703126 -0.0481109619140625 7.62939453125038E-05 -0.0416069030761719
0.0169258117675781 -0.0499229431152344 0.00202369689941406 -0.0331974029541016
0.0442924499511719 -0.03619384765625 -0.005523681640625 -0.0161256790161133
0.0628395080566406 -0.0074615478515625 -0.0121402740478516 -0.0204143524169922
0.0565299987792969 0.05096435546875 -0.0214653015136719 -0.0432395935058594
0.0330276489257813 0.0920181274414063 -0.005157470703125 -0.065826416015625
-0.00559997558593749 0.102264404296875 0.0152359008789062 -0.0626716613769531
-0.032073974609375 0.117301940917969 0.072052001953125 0.000541687011718757
0.01708984375 0.101821899414063 0.0323314666748047 0.0281200408935547
0.0492935180664062 0.075439453125 0.0412445068359375 0.0430870056152344
0.0739059448242188 0.023590087890625 0.074737548828125 0.016876220703125
0.0628318786621094 -0.0212440490722656 0.0671920776367188 -0.0242195129394531
0.0348777770996094 -0.0535163879394531 0.0386390686035156 -0.0572013854980469
0.00583648681640625 -0.0655136108398438 0.010986328125 -0.0597496032714844
0.00596237182617188 -0.0628128051757813 -0.00101470947265625 -0.0401191711425781
0.00525283813476562 -0.069732666015625 0.000736236572265623 -0.0230064392089844
0.0251007080078125 -0.0684700012207031 -0.00134468078613281 -0.0166864395141602
0.0591392517089844 -0.0472869873046875 -0.0112590789794922 -0.000989913940429689
0.07781982421875 -0.0111160278320312 -0.0186977386474609 -0.00869941711425782
0.0677719116210938 0.0603370666503906 -0.0286006927490234 -0.030242919921875
0.03759765625 0.107559204101563 -0.00706863403320312 -0.0439376831054687
-0.0105514526367188 0.117294311523438 0.00384902954101562 -0.0301628112792969
-0.0549545288085937 0.113288879394531 0.0531005859375 0.0433845520019531
-0.0085296630859375 0.115699768066406 0.0242767333984375 0.0603713989257813
0.0385055541992187 0.100959777832031 0.0338172912597656 0.0580520629882813
0.0830535888671875 0.0479278564453125 0.0616607666015625 0.0333251953125
0.0810165405273438 -0.0111465454101562 0.0554580688476563 -0.00151443481445313
0.0540580749511719 -0.0586280822753906 0.0347385406494141 -0.0296440124511719
0.0188140869140625 -0.0750732421875 0.0153045654296875 -0.0314235687255859
0.0147476196289063 -0.0703811645507813 0.00460338592529297 -0.0151805877685547
0.014739990234375 -0.0795440673828125 0.00363850593566895 0.00139474868774414
0.0351104736328125 -0.0742034912109375 -0.00477504730224609 0.00584697723388671
0.0684700012207031 -0.0459861755371094 -0.0174169540405273 0.0143108367919922
0.0839309692382813 -0.00612640380859375 -0.0238685607910156 0.00124931335449219
0.0632095336914063 0.0672721862792969 -0.0270595550537109 -0.0208873748779297
0.0258026123046875 0.110427856445313 -0.000768661499023438 -0.0199508666992187
-0.0236129760742188 0.11297607421875 -0.00620746612548828 0.00475502014160157
-0.064697265625 0.0887985229492188 0.0289382934570313 0.0803604125976562
-0.030426025390625 0.103126525878906 0.0106430053710937 0.0873641967773438
0.0171279907226562 0.103782653808594 0.0241851806640625 0.066253662109375
0.0723419189453125 0.061187744140625 0.0438308715820313 0.0426673889160156
0.0805587768554688 0.0009307861328125 0.0378150939941406 0.0160179138183594
0.0609016418457031 -0.0532760620117188 0.0238056182861328 -0.00216293334960938
0.0255661010742188 -0.0728912353515625 0.0146265029907227 -0.00126075744628907
0.021087646484375 -0.0683784484863281 0.00842761993408203 0.0118131637573242
0.021240234375 -0.078399658203125 0.0048370361328125 0.0272674560546875
0.0397796630859375 -0.071136474609375 -0.00787353515625 0.0283336639404297
0.06951904296875 -0.039276123046875 -0.023834228515625 0.0292758941650391
0.0796051025390625 0.00141143798828125 -0.0300025939941406 0.00839614868164063
0.0505485534667969 0.0697402954101563 -0.0254764556884766 -0.0145645141601562
0.00951385498046874 0.102584838867187 0.00438237190246582 0.00018525123596192
-0.03582763671875 0.0955734252929688 -0.0203895568847656 0.0367889404296875
-0.0617828369140625 0.0484237670898438 0.00304412841796875 0.1036376953125
-0.0423202514648437 0.0692062377929688 -0.00411224365234376 0.101646423339844
-0.00667572021484375 0.0801162719726562 0.0130729675292969 0.06732177734375
0.0454635620117188 0.0591621398925781 0.0242538452148438 0.0463142395019531
0.06378173828125 0.0121116638183594 0.01898193359375 0.0266532897949219
0.0560111999511719 -0.0378036499023437 0.0121402740478516 0.0205459594726562
0.0287208557128906 -0.0576820373535156 0.0108852386474609 0.0255775451660156
0.0223045349121094 -0.0558967590332031 0.00970840454101563 0.0359230041503906
0.02410888671875 -0.0654563903808594 0.00377655029296875 0.0500717163085937
0.0394706726074219 -0.058319091796875 -0.014312744140625 0.0486946105957031
0.0639572143554688 -0.0280876159667969 -0.032470703125 0.0411567687988281
0.0684432983398438 0.00841522216796875 -0.0372085571289062 0.0142250061035156
0.0339317321777344 0.0664901733398438 -0.0258331298828125 -0.00988197326660156
-0.00856018066406251 0.084716796875 0.00436592102050781 0.0160865783691406
-0.0452804565429687 0.0684738159179688 -0.0379562377929688 0.0626869201660156
-0.0470390319824219 0.00333786010742187 -0.00958251953125001 0.114059448242188
-0.0421791076660156 0.0259819030761719 -0.0075836181640625 0.107032775878906
-0.0218505859375 0.0434761047363281 0.0115089416503906 0.0633392333984375
0.0164108276367188 0.0437088012695313 0.0122871398925781 0.0439186096191406
0.0370140075683594 0.01580810546875 0.0063629150390625 0.0312843322753906
0.0405616760253906 -0.0194129943847656 0.00368499755859375 0.0355949401855469
0.0245399475097656 -0.0363731384277344 0.00922012329101563 0.0455322265625
0.0190963745117187 -0.0369453430175781 0.0121040344238281 0.0547332763671875
0.021026611328125 -0.0453643798828125 0.00448226928710937 0.0697517395019531
0.033355712890625 -0.0410308837890625 -0.0199661254882812 0.0670356750488281
0.0503616333007813 -0.0165443420410156 -0.0412216186523438 0.0526657104492187
0.0498275756835938 0.0137901306152344 -0.0457878112792969 0.0173225402832031
0.0134963989257812 0.0562820434570312 -0.0277690887451172 -0.00834274291992187
-0.0251579284667969 0.0582695007324219 -0.000274658203125 0.0277881622314453
-0.0494537353515625 0.0323219299316406 -0.0572357177734375 0.0784225463867187
0.0311622619628906 0.0200443267822266 0.062957763671875 -0.07415771484375
0.033538818359375 -0.0174942016601563 0.0156993865966797 -0.0253562927246094
0.00318527221679687 -0.0324916839599609 0.0281105041503906 0.0131855010986328
-0.0203647613525391 -0.0206756591796875 0.0603981018066406 -0.00742340087890625
-0.0258274078369141 -0.000478744506835933 0.0554313659667969 -0.0505027770996094
-0.0215015411376953 0.0179023742675781 0.02569580078125 -0.0810546875
-0.0169439315795898 0.0142927169799805 -0.001983642578125 -0.0818557739257813
-0.0170974731445313 0.00890445709228516 -0.0100059509277344 -0.0657005310058594
-0.0216236114501953 0.00831413269042969 -0.0064239501953125 -0.0550651550292969
-0.0213813781738281 -0.007171630859375 -0.000392913818359372 -0.045654296875
-0.00882720947265625 -0.0238971710205078 -0.00010108947753906 -0.0338478088378906
0.0133953094482422 -0.0238075256347656 -0.00255203247070313 -0.0389480590820313
0.0367050170898438 -0.00388717651367188 -0.00226593017578125 -0.0652198791503906
0.0393524169921875 0.0223960876464844 0.0084075927734375 -0.0994796752929687
0.0235939025878906 0.0381431579589844 0.0250396728515625 -0.10821533203125
0.0138397216796875 0.0613670349121094 0.0745773315429688 -0.0602188110351563
0.0371475219726562 0.0234451293945312 0.0239753723144531 -0.0167083740234375
0.023834228515625 -0.00110816955566406 0.0331172943115234 0.0202293395996094
0.0113134384155273 -0.0120525360107422 0.0689582824707031 -0.00223159790039063
0.00114154815673828 -0.0118894577026367 0.0637283325195313 -0.04656982421875
-0.00481939315795898 -0.00877714157104492 0.033599853515625 -0.0812835693359375
-0.0113229751586914 -0.0145769119262695 0.0023651123046875 -0.0848464965820313
-0.0107650756835937 -0.0179767608642578 -0.00696945190429688 -0.0661468505859375
-0.0111560821533203 -0.0210380554199219 -0.00418090820312501 -0.0532684326171875
-0.00142288208007812 -0.0302391052246094 0.000759124755859373 -0.0436668395996094
0.0198822021484375 -0.0294933319091797 -0.00161552429199218 -0.0281772613525391
0.0404052734375 -0.0120162963867187 -0.00597381591796875 -0.0311164855957031
0.0467758178710938 0.0284194946289063 -0.0114784240722656 -0.0548286437988281
0.0349044799804688 0.0632438659667969 0.00061035156250001 -0.0850067138671875
0.00683593750000001 0.0760040283203125 0.022735595703125 -0.0905609130859375
-0.0101470947265625 0.0949020385742188 0.0780105590820313 -0.03265380859375
0.0300865173339844 0.0656890869140625 0.029815673828125 0.00161552429199219
0.0395736694335938 0.0374259948730469 0.0367050170898438 0.0306549072265625
0.0444679260253906 0.00381088256835937 0.0739822387695313 0.00763702392578125
0.0327644348144531 -0.0184669494628906 0.0686683654785156 -0.0361709594726563
0.0147914886474609 -0.0333786010742188 0.0389022827148438 -0.0726089477539063
-0.00216293334960938 -0.0424346923828125 0.00832366943359375 -0.076568603515625
-0.00188827514648437 -0.0424575805664063 -0.00480270385742187 -0.0569267272949219
-0.00144195556640625 -0.0476875305175781 -0.00260162353515625 -0.0410652160644531
0.0153579711914062 -0.050445556640625 -0.000127792358398438 -0.0338611602783203
0.0427017211914062 -0.0374412536621094 -0.00631237030029296 -0.0173330307006836
0.062591552734375 -0.00897979736328125 -0.0116462707519531 -0.0211734771728516
0.058197021484375 0.0500259399414063 -0.0207061767578125 -0.0429725646972656
0.0354156494140625 0.0915374755859375 -0.00529861450195312 -0.0659103393554688
-0.00441741943359374 0.102386474609375 0.0139312744140625 -0.0644645690917969
-0.0295639038085938 0.117599487304687 0.0722579956054688 -0.000259399414062493
0.018798828125 0.101188659667969 0.0315666198730469 0.0278224945068359
0.0515518188476563 0.0746994018554688 0.0402870178222656 0.0436897277832031
0.0749130249023438 0.02203369140625 0.074432373046875 0.01666259765625
0.0620574951171875 -0.0228042602539063 0.0663490295410156 -0.0242767333984375
0.0338668823242187 -0.05462646484375 0.0376319885253906 -0.05670166015625
0.00469207763671875 -0.0654029846191406 0.00889205932617188 -0.0598526000976563
0.0033111572265625 -0.0626602172851563 -0.00281143188476562 -0.0392570495605469
0.00345230102539063 -0.0700111389160156 -0.000850677490234373 -0.0229225158691406
0.0230216979980469 -0.0691604614257813 -0.00363063812255859 -0.017054557800293
0.057647705078125 -0.0486030578613281 -0.01214599609375 -0.00249481201171875
0.0786209106445313 -0.01300048828125 -0.0189895629882812 -0.00927162170410156
0.0695991516113281 0.0590744018554688 -0.0269088745117188 -0.03009033203125
0.0405654907226562 0.107223510742187 -0.00748443603515625 -0.0437889099121094
-0.00798034667968749 0.117172241210938 0.00342369079589844 -0.032562255859375
-0.0521163940429688 0.114524841308594 0.0541496276855469 0.0434684753417969
-0.00610351562499999 0.115890502929688 0.0240898132324219 0.0589866638183594
0.0408172607421875 0.101036071777344 0.0330657958984375 0.056884765625
0.08428955078125 0.04522705078125 0.0616874694824219 0.0332450866699219
0.0800857543945313 -0.0127029418945313 0.0555267333984375 -0.00231552124023438
0.0522346496582031 -0.0601425170898438 0.0351676940917969 -0.0297317504882813
0.01611328125 -0.0755081176757813 0.0145263671875 -0.0313549041748047
0.0126266479492187 -0.071014404296875 0.00360202789306641 -0.0147638320922852
0.0123291015625 -0.0795822143554688 0.00248384475708008 0.00179553031921386
0.0322647094726563 -0.0755691528320313 -0.00520610809326172 0.00512504577636718
0.0665283203125 -0.0482025146484375 -0.0172939300537109 0.0138635635375977
0.0834121704101563 -0.007904052734375 -0.0240993499755859 0.000968933105468752
0.0659561157226563 0.0667610168457031 -0.0264492034912109 -0.0216522216796875
0.0293197631835938 0.110054016113281 -0.00101089477539063 -0.0203666687011719
-0.0215072631835938 0.113433837890625 -0.00665807723999024 0.00369930267333985
-0.0627365112304687 0.0909881591796875 0.0297622680664063 0.0792083740234375
-0.02838134765625 0.104194641113281 0.0107574462890625 0.085906982421875
0.0201339721679688 0.103202819824219 0.0224418640136719 0.066650390625
0.0740203857421875 0.0591964721679688 0.0432777404785156 0.0432929992675781
0.0807113647460937 -0.0004119873046875 0.0380477905273438 0.0161972045898437
0.0584564208984375 -0.0548782348632813 0.0250072479248047 -0.00258064270019532
0.0231399536132813 -0.0729141235351563 0.0141620635986328 -0.00166606903076172
0.0179061889648438 -0.0687408447265625 0.00742530822753906 0.0106382369995117
0.0176010131835938 -0.0787506103515625 0.00504302978515625 0.0261745452880859
0.0364913940429687 -0.072113037109375 -0.00862503051757812 0.0270442962646484
0.0683708190917969 -0.0421180725097656 -0.0237388610839844 0.0284690856933594
0.0797958374023438 -0.00029754638671875 -0.0300884246826172 0.0078887939453125
0.0530662536621094 0.0690536499023438 -0.0248317718505859 -0.0143013000488281
0.0126266479492187 0.102485656738281 0.00452041625976563 -0.000782966613769525
-0.0337066650390625 0.0964202880859375 -0.020355224609375 0.0359420776367188
-0.0602035522460938 0.050750732421875 0.0053863525390625 0.103973388671875
-0.0411224365234375 0.069793701171875 -0.00328063964843751 0.101730346679687
-0.00463104248046875 0.0805892944335938 0.0118904113769531 0.0670242309570313
0.0477447509765625 0.0578384399414063 0.0238838195800781 0.0470161437988281
0.063507080078125 0.00985336303710938 0.0193748474121094 0.0271778106689453
0.0545120239257812 -0.0395965576171875 0.0133075714111328 0.0205135345458984
0.0258750915527344 -0.0582733154296875 0.0112800598144531 0.0246753692626953
0.0204505920410156 -0.0563926696777344 0.00973892211914063 0.0350742340087891
0.02105712890625 -0.0657997131347656 0.00513839721679688 0.0492820739746094
0.0372352600097656 -0.0597724914550781 -0.0138435363769531 0.0478172302246094
0.0633049011230469 -0.0298957824707031 -0.03216552734375 0.0413627624511719
0.06890869140625 0.00686264038085938 -0.0373802185058594 0.0145530700683594
0.0360069274902344 0.0664596557617188 -0.0252666473388672 -0.0107135772705078
-0.00586700439453125 0.0858383178710938 0.00521373748779297 0.014801025390625
-0.0440635681152344 0.0687751770019531 -0.0364494323730469 0.0619964599609375
-0.047088623046875 0.00455093383789062 -0.00915527343750001 0.115097045898438
-0.0417366027832031 0.0271072387695313 -0.00756072998046876 0.105712890625
-0.0207710266113281 0.0448379516601563 0.0092620849609375 0.0621757507324219
0.0180587768554687 0.0438613891601563 0.0116043090820312 0.0442657470703125
0.0366363525390625 0.0143623352050781 0.00666236877441406 0.0317916870117187
0.0396537780761719 -0.0214118957519531 0.00506782531738281 0.0348644256591797
0.02264404296875 -0.0372200012207031 0.0101432800292969 0.0449600219726563
0.0180206298828125 -0.0377006530761719 0.0126724243164063 0.0540847778320313
0.0192298889160156 -0.0467758178710938 0.00599288940429687 0.0688018798828125
0.0308990478515625 -0.0416412353515625 -0.0191154479980469 0.0671348571777344
0.0499076843261719 -0.0174217224121094 -0.0405693054199219 0.0533180236816406
0.0505714416503906 0.0125808715820313 -0.0456619262695312 0.01739501953125
0.0148849487304688 0.0559463500976563 -0.0276432037353516 -0.00917434692382812
-0.0236892700195313 0.0592079162597656 0.000398635864257813 0.0273303985595703
-0.0484695434570313 0.0318756103515625 -0.0554656982421875 0.0783157348632813
0.0322933197021484 0.0195560455322266 0.0645980834960938 -0.0770111083984375
0.0341663360595703 -0.0181732177734375 0.0155773162841797 -0.0262985229492188
0.00234603881835938 -0.0325241088867188 0.0284786224365234 0.0138225555419922
-0.0214824676513672 -0.0202426910400391 0.0619468688964844 -0.00701904296875
-0.0260944366455078 -0.000417709350585933 0.0557327270507813 -0.0519294738769531
-0.0212860107421875 0.0182113647460938 0.024749755859375 -0.0822830200195312
-0.0173006057739258 0.015228271484375 -0.00363922119140624 -0.0825271606445313
-0.0184288024902344 0.0103302001953125 -0.0109443664550781 -0.0672721862792969
-0.0216121673583984 0.00888442993164063 -0.00876998901367187 -0.0559463500976563
-0.0216026306152344 -0.00663375854492188 -0.0016937255859375 -0.0460319519042969
-0.0101299285888672 -0.023284912109375 -0.00151824951171875 -0.0360794067382812
0.0126762390136719 -0.0248832702636719 -0.00209808349609375 -0.0419120788574219
0.0369949340820312 -0.0049285888671875 -0.00149154663085937 -0.0664825439453125
0.040557861328125 0.0220527648925781 0.00805664062500001 -0.102005004882813
0.0247879028320313 0.0387763977050781 0.0242919921875 -0.112899780273438
0.0147857666015625 0.0616073608398438 0.076324462890625 -0.0629806518554688
0.0384368896484375 0.0225753784179688 0.0244598388671875 -0.0171356201171875
0.0247459411621094 -0.000585556030273437 0.0340976715087891 0.0204086303710937
0.0115861892700195 -0.0124902725219727 0.0706024169921875 -0.0025482177734375
0.00137519836425781 -0.0108556747436523 0.0640945434570312 -0.0467338562011719
-0.00555038452148437 -0.00860834121704102 0.03265380859375 -0.0828704833984375
-0.0114498138427734 -0.0148525238037109 0.00048828124999999 -0.0863418579101563
-0.0105781555175781 -0.0172872543334961 -0.00905990600585937 -0.0671234130859375
-0.0121192932128906 -0.0214309692382813 -0.00644302368164063 -0.0542335510253906
-0.00198745727539062 -0.0299072265625 -0.000915527343749998 -0.0456275939941406
0.0193367004394531 -0.0304126739501953 -0.00304412841796875 -0.0306510925292969
0.0406379699707031 -0.0136032104492187 -0.0047149658203125 -0.0334072113037109
0.0478477478027344 0.0286140441894531 -0.0114097595214844 -0.0560684204101563
0.0371971130371094 0.0639915466308594 0.000335693359375002 -0.0869827270507813
0.00731658935546875 0.0775375366210938 0.0224838256835938 -0.0944976806640625
-0.00843048095703126 0.0969696044921875 0.0795745849609375 -0.0349273681640625
0.0318527221679687 0.0666007995605469 0.0296001434326172 0.00208473205566407
0.04205322265625 0.0376853942871094 0.0371246337890625 0.0321426391601563
0.0453643798828125 0.00301361083984375 0.0748062133789063 0.00800323486328125
0.0324363708496094 -0.0183277130126953 0.0694541931152344 -0.0368614196777344
0.0149784088134766 -0.0347461700439453 0.0393829345703125 -0.073944091796875
-0.0033721923828125 -0.0423698425292969 0.0061798095703125 -0.0784683227539063
-0.0026092529296875 -0.043609619140625 -0.00623703002929687 -0.0577163696289063
-0.00263595581054688 -0.0485153198242187 -0.00393295288085938 -0.0426025390625
0.0142402648925781 -0.0516624450683594 -0.0029144287109375 -0.0357170104980469
0.0425872802734375 -0.0389900207519531 -0.00703811645507812 -0.0187435150146484
0.0639572143554688 -0.00982666015625 -0.0117034912109375 -0.0229568481445313
0.0606460571289063 0.0498466491699219 -0.019805908203125 -0.0440254211425781
0.0376052856445313 0.092681884765625 -0.005401611328125 -0.0672073364257813
-0.00352478027343749 0.104713439941406 0.0139846801757812 -0.0681610107421875
-0.0278778076171875 0.119979858398438 0.0740203857421875 -0.00138854980468749
0.02081298828125 0.102859497070312 0.0315666198730469 0.0278911590576172
0.0550308227539063 0.075714111328125 0.04022216796875 0.0445976257324219
0.07745361328125 0.0202865600585938 0.0753021240234375 0.0172805786132813
0.0628166198730469 -0.0232505798339844 0.0670166015625 -0.0236320495605469
0.0338058471679688 -0.0572166442871094 0.0381431579589844 -0.0583534240722656
0.00291061401367188 -0.0663528442382813 0.00749969482421875 -0.0607490539550781
0.0025482177734375 -0.0633926391601563 -0.0039825439453125 -0.0399971008300781
0.000915527343750007 -0.071258544921875 -0.00188827514648437 -0.0226459503173828
0.0218276977539063 -0.0714187622070312 -0.00685691833496093 -0.0188102722167969
0.0578346252441406 -0.0515861511230469 -0.0130405426025391 -0.00394344329833985
0.0792770385742188 -0.0144805908203125 -0.0193214416503906 -0.0103969573974609
0.0724716186523438 0.0594329833984375 -0.0275993347167969 -0.0306758880615234
0.0442352294921875 0.109298706054688 -0.00825881958007812 -0.0454788208007812
-0.00777435302734375 0.119598388671875 0.00213813781738282 -0.0346469879150391
-0.0508575439453125 0.117912292480469 0.0556488037109375 0.0432014465332031
-0.00399017333984375 0.118309020996094 0.0241966247558594 0.060455322265625
0.0447158813476563 0.1026611328125 0.0324935913085938 0.0591278076171875
0.0875701904296875 0.0459060668945313 0.0628929138183594 0.0351448059082031
0.08203125 -0.014312744140625 0.0569114685058594 -0.00199127197265625
0.0532073974609375 -0.0625724792480469 0.0350818634033203 -0.0303134918212891
0.0134124755859375 -0.0773086547851563 0.0138568878173828 -0.0327720642089844
0.0112457275390625 -0.0715560913085938 0.00244426727294922 -0.0158538818359375
0.00946807861328125 -0.0822906494140625 0.00218319892883301 0.00184595584869384
0.0304336547851563 -0.0777587890625 -0.00669622421264648 0.00432157516479492
0.0671768188476563 -0.05108642578125 -0.0186595916748047 0.0129528045654297
0.0853042602539063 -0.0099639892578125 -0.0247726440429687 -0.000249862670898436
0.0693359375 0.0662689208984375 -0.0265903472900391 -0.0212898254394531
0.033416748046875 0.112174987792969 -0.000589370727539061 -0.0220699310302734
-0.0204696655273438 0.116355895996094 -0.00724649429321289 0.00263786315917969
-0.0630874633789063 0.0943145751953125 0.030364990234375 0.0814437866210938
-0.0267105102539063 0.106918334960937 0.0110931396484375 0.0875778198242188
0.022705078125 0.105506896972656 0.0217971801757812 0.0678215026855469
0.077423095703125 0.05938720703125 0.0435333251953125 0.0450477600097656
0.0821990966796875 -0.00289154052734375 0.0388450622558594 0.0164451599121094
0.0594978332519531 -0.057403564453125 0.0263786315917969 -0.00270843505859375
0.0221939086914062 -0.0749359130859375 0.0136880874633789 -0.00212669372558594
0.0166778564453125 -0.0709075927734375 0.00765419006347656 0.0103759765625
0.0164718627929688 -0.08074951171875 0.00466156005859375 0.0270252227783203
0.0349044799804688 -0.076080322265625 -0.00901412963867188 0.0279827117919922
0.0689163208007813 -0.0448265075683594 -0.0241756439208984 0.0296211242675781
0.0821380615234375 -0.0027313232421875 -0.0310268402099609 0.00737380981445312
0.0568084716796875 0.0710220336914063 -0.0243396759033203 -0.0144863128662109
0.0155181884765625 0.104736328125 0.00422430038452148 -0.00182151794433593
-0.0333633422851563 0.099639892578125 -0.020416259765625 0.035919189453125
-0.0608444213867188 0.0533409118652344 0.00586700439453125 0.107078552246094
-0.040435791015625 0.0721282958984375 -0.00321197509765626 0.103904724121094
-0.00238037109375 0.0836563110351563 0.0116462707519531 0.0690994262695312
0.0509109497070313 0.0581436157226563 0.0239067077636719 0.0489501953125
0.0654487609863281 0.0094757080078125 0.0205955505371094 0.0285396575927734
0.055023193359375 -0.0415077209472656 0.0148105621337891 0.0205097198486328
0.0247650146484375 -0.0601310729980469 0.0129203796386719 0.0252056121826172
0.0189247131347656 -0.0588111877441406 0.00990676879882813 0.0345535278320312
0.0199356079101563 -0.0681991577148438 0.00511550903320313 0.0501899719238281
0.0361709594726562 -0.0617332458496094 -0.0150833129882813 0.0489845275878906
0.0642852783203125 -0.0326766967773437 -0.03314208984375 0.0423164367675781
0.07061767578125 0.004974365234375 -0.0380973815917969 0.0146751403808594
0.0389289855957031 0.0683555603027344 -0.0259590148925781 -0.0109176635742187
-0.00383758544921875 0.088043212890625 0.00571155548095703 0.0151281356811523
-0.0433425903320312 0.0710983276367188 -0.037384033203125 0.0634002685546875
-0.0479583740234375 0.00674438476562499 -0.00699615478515624 0.11907958984375
-0.0424652099609375 0.0285530090332031 -0.00741577148437501 0.108673095703125
-0.0195960998535156 0.0457992553710938 0.00825500488281249 0.0644073486328125
0.0196342468261719 0.0440597534179687 0.0117034912109375 0.0462493896484375
0.0392189025878906 0.0139389038085937 0.00734138488769532 0.0332317352294922
0.0393180847167969 -0.022430419921875 0.00703811645507813 0.0365409851074219
0.0220756530761719 -0.0383796691894531 0.0118446350097656 0.0454978942871094
0.0163688659667969 -0.0382232666015625 0.0129547119140625 0.0552825927734375
0.0174942016601563 -0.0476799011230469 0.00837326049804688 0.069305419921875
0.0298347473144531 -0.0438117980957031 -0.0186538696289062 0.0674400329589844
0.0512542724609375 -0.0201797485351563 -0.0412635803222656 0.0542259216308594
0.0517044067382813 0.0117683410644531 -0.0460090637207031 0.0178146362304688
0.0166358947753906 0.0577812194824219 -0.0275650024414062 -0.00983619689941406
-0.0224494934082031 0.0616950988769531 0.000448226928710934 0.0263881683349609
-0.0492057800292969 0.0332107543945313 -0.0554122924804688 0.0801849365234375
0.0339698791503906 0.0194797515869141 0.0643081665039062 -0.0834274291992188
0.0360069274902344 -0.0205802917480469 0.0153770446777344 -0.0283241271972656
0.000774383544921871 -0.0341777801513672 0.0302200317382813 0.0147991180419922
-0.0237979888916016 -0.0190906524658203 0.0639572143554688 -0.00876617431640625
-0.0277214050292969 0.000984191894531248 0.0562667846679687 -0.0546875
-0.0211505889892578 0.0192337036132813 0.0233840942382812 -0.0856704711914063
-0.0158405303955078 0.0167379379272461 -0.00749969482421874 -0.0860443115234375
-0.0181007385253906 0.0107707977294922 -0.0142860412597656 -0.0682296752929688
-0.0218143463134766 0.0109634399414063 -0.0110130310058594 -0.0567436218261719
-0.0226898193359375 -0.00553894042968749 -0.00559234619140625 -0.0476608276367188
-0.0116424560546875 -0.0235023498535156 -0.00310897827148437 -0.0387916564941406
0.0132408142089844 -0.0258388519287109 -0.00293731689453125 -0.0444793701171875
0.0380630493164063 -0.00748443603515625 -0.002410888671875 -0.0683708190917969
0.0435562133789063 0.0213127136230469 0.00650787353515625 -0.104522705078125
0.0273666381835938 0.0395393371582031 0.0228195190429688 -0.119102478027344
0.0172996520996094 0.0642929077148438 0.0787124633789063 -0.0678558349609375
0.0399017333984375 0.0218353271484375 0.0233230590820313 -0.0189685821533203
0.0254001617431641 -0.00239753723144531 0.0351333618164063 0.0213737487792969
0.0112390518188477 -0.0131721496582031 0.0725173950195313 -0.00311279296875
0.00057697296142578 -0.0117282867431641 0.0660171508789063 -0.0498847961425781
-0.00531959533691406 -0.00983238220214844 0.0315628051757813 -0.0864715576171875
-0.010955810546875 -0.01507568359375 -0.00192260742187499 -0.0895538330078125
-0.0128536224365234 -0.0177078247070312 -0.0125732421875 -0.0687294006347656
-0.0130252838134766 -0.0209560394287109 -0.00894927978515625 -0.0550498962402344
-0.00351905822753906 -0.0310173034667969 -0.0033721923828125 -0.0473480224609375
0.0182838439941406 -0.0311603546142578 -0.00391197204589844 -0.0329742431640625
0.0418624877929688 -0.0155830383300781 -0.0048370361328125 -0.0356597900390625
0.0506057739257813 0.0275802612304688 -0.0111083984375 -0.0576438903808594
0.0406532287597656 0.0645637512207031 -0.00130462646484374 -0.0902023315429688
0.0107421875 0.0802154541015625 0.02105712890625 -0.101005554199219
-0.00507354736328126 0.101119995117188 0.082244873046875 -0.0395660400390625
0.0350570678710938 0.0676536560058594 0.0301399230957031 0.000461578369140629
0.0456504821777344 0.0375633239746094 0.038604736328125 0.0327644348144531
0.0483360290527344 0.00225830078125 0.0780029296875 0.006927490234375
0.0336742401123047 -0.0208396911621094 0.0710372924804688 -0.039093017578125
0.0146369934082031 -0.0368499755859375 0.0379791259765625 -0.0771331787109375
-0.00472640991210937 -0.0442161560058594 0.0033111572265625 -0.0805130004882813
-0.00429916381835938 -0.0440177917480469 -0.00846099853515625 -0.0599517822265625
-0.005279541015625 -0.0508613586425781 -0.00643539428710938 -0.0441246032714844
0.0115165710449219 -0.0546989440917969 -0.00549697875976562 -0.0366439819335938
0.0429267883300781 -0.0419845581054687 -0.0103416442871094 -0.0218448638916016
0.0661659240722656 -0.0129585266113281 -0.0118503570556641 -0.0254249572753906
0.0641288757324219 0.0501823425292969 -0.0211448669433594 -0.0451316833496094
0.043548583984375 0.0957107543945313 -0.0075225830078125 -0.070465087890625
-0.000663757324218741 0.108726501464844 0.0122146606445312 -0.0724716186523438
-0.0260162353515625 0.126739501953125 0.077178955078125 -0.00376129150390624
0.025177001953125 0.106033325195313 0.0326423645019531 0.0278148651123047
0.0596084594726563 0.076995849609375 0.0420989990234375 0.0464553833007813
0.0809478759765625 0.0191802978515625 0.077880859375 0.0172882080078125
0.0646820068359375 -0.0265388488769531 0.0694694519042969 -0.0265464782714844
0.0334281921386719 -0.0608596801757812 0.0386238098144531 -0.0610885620117188
0.000965118408203128 -0.0683097839355469 0.00676345825195313 -0.0635299682617188
-0.000312805175781252 -0.065460205078125 -0.00527191162109375 -0.0417251586914063
-0.00225830078124999 -0.0745162963867188 -0.00422859191894532 -0.0240669250488281
0.0183486938476563 -0.0750732421875 -0.00869560241699219 -0.01861572265625
0.0577354431152344 -0.0554771423339844 -0.0155229568481445 -0.00458240509033204
0.0835189819335937 -0.0184097290039062 -0.0198783874511719 -0.0121707916259766
0.0783615112304688 0.0604324340820313 -0.0278415679931641 -0.0314884185791016
0.0503921508789063 0.112510681152344 -0.00868225097656249 -0.0478134155273437
-0.00330352783203124 0.124862670898438 0.000713348388671875 -0.0380935668945312
-0.0498580932617187 0.124862670898438 0.0596389770507813 0.042999267578125
-0.000305175781249998 0.1239013671875 0.0262718200683594 0.0618095397949219
0.05108642578125 0.105934143066406 0.0337905883789063 0.0614738464355469
0.0933761596679688 0.0438995361328125 0.0647506713867188 0.0353584289550781
0.0840301513671875 -0.0179290771484375 0.0592117309570313 -0.00321578979492188
0.0519828796386719 -0.06854248046875 0.0366477966308594 -0.0325355529785156
0.0123367309570313 -0.079498291015625 0.0130653381347656 -0.0345077514648438
0.00730133056640625 -0.0761489868164063 0.00210857391357422 -0.0164890289306641
0.00697326660156251 -0.0855331420898438 0.00205540657043457 0.00051498413085937
0.0275115966796875 -0.0833892822265625 -0.00843381881713867 0.00489091873168945
0.0673599243164063 -0.0566635131835938 -0.0201530456542969 0.0138092041015625
0.0884628295898438 -0.0139694213867188 -0.0252056121826172 -0.00116348266601562
0.0758438110351562 0.0683975219726562 -0.0272159576416016 -0.0222587585449219
0.0401382446289062 0.1156005859375 -0.000778198242187499 -0.0235099792480469
-0.0181884765625 0.121467590332031 -0.00822877883911133 0.000337123870849616
-0.062835693359375 0.100357055664063 0.0356597900390625 0.0832366943359375
-0.0242691040039062 0.112869262695313 0.0130233764648437 0.0896148681640625
0.0282516479492188 0.109367370605469 0.0233612060546875 0.0698165893554688
0.0830307006835938 0.0589675903320313 0.0455169677734375 0.0463829040527344
0.0848007202148437 -0.00457000732421875 0.04180908203125 0.0169563293457031
0.0597381591796875 -0.0620918273925781 0.0275211334228516 -0.00309944152832032
0.0200576782226563 -0.0789031982421875 0.0148525238037109 -0.00249767303466797
0.0145416259765625 -0.0738143920898437 0.00701999664306641 0.0100975036621094
0.0125274658203125 -0.0844039916992188 0.00598526000976563 0.026519775390625
0.0323257446289063 -0.0799331665039063 -0.0102825164794922 0.0290241241455078
0.0700149536132813 -0.0492897033691406 -0.0257606506347656 0.0304470062255859
0.0853042602539063 -0.00604248046875 -0.0311603546142578 0.00862884521484375
0.0635604858398437 0.0717315673828125 -0.0262870788574219 -0.0163516998291016
0.0214920043945313 0.10858154296875 0.00630712509155274 -0.00300264358520507
-0.0320587158203125 0.10406494140625 -0.0205497741699219 0.0367660522460938
-0.0617027282714844 0.0583419799804688 0.00974273681640625 0.111656188964844
-0.0410614013671875 0.07733154296875 -0.00100708007812499 0.107505798339844
0.0015106201171875 0.0869293212890625 0.0112991333007812 0.0718917846679688
0.0555953979492188 0.0594024658203125 0.0249481201171875 0.0508880615234375
0.0677757263183594 0.00714111328125 0.0219802856445313 0.0304298400878906
0.0549697875976562 -0.0463714599609375 0.0170001983642578 0.0214614868164062
0.0227775573730469 -0.0638313293457031 0.0135040283203125 0.0254936218261719
0.0178413391113281 -0.0611801147460937 0.0123863220214844 0.0349254608154297
0.0178146362304687 -0.0715255737304688 0.00675201416015625 0.0507125854492187
0.0339851379394531 -0.0662155151367188 -0.0139579772949219 0.0508041381835937
0.06585693359375 -0.0375747680664063 -0.0329666137695312 0.0446128845214844
0.0739288330078125 0.002288818359375 -0.0384025573730469 0.0162849426269531
0.04351806640625 0.0691719055175781 -0.0269432067871094 -0.0115013122558594
0.000282287597656246 0.0912704467773438 0.00538349151611328 0.0133934020996094
-0.04339599609375 0.0750503540039063 -0.0374069213867187 0.0667457580566406
-0.0500907897949219 0.00963211059570313 -0.00513458251953126 0.124298095703125
-0.0416831970214844 0.0315475463867188 -0.00604248046875001 0.113121032714844
-0.0187187194824219 0.0495796203613281 0.00809478759765626 0.0678749084472656
0.0226631164550781 0.0443534851074219 0.0120201110839844 0.0489616394042969
0.0402450561523438 0.0132904052734375 0.009185791015625 0.0355720520019531
0.0391120910644531 -0.026153564453125 0.00888061523437501 0.0373764038085938
0.0212593078613281 -0.0420150756835938 0.0142555236816406 0.0457077026367188
0.0158576965332031 -0.0406074523925781 0.0159072875976563 0.0560150146484375
0.016571044921875 -0.0496025085449219 0.009674072265625 0.0708160400390625
0.028472900390625 -0.047607421875 -0.0169677734375 0.0704727172851562
0.0516929626464844 -0.0228958129882812 -0.0399742126464844 0.0574111938476563
0.05426025390625 0.0104713439941406 -0.0481033325195313 0.0204238891601563
0.0196495056152344 0.0595169067382813 -0.0290508270263672 -0.0101661682128906
-0.0199699401855469 0.0640335083007813 0.00153350830078125 0.0261993408203125
-0.0505714416503906 0.0356216430664062 -0.0553817749023437 0.0855636596679688
0.0368843078613281 0.0175437927246094 0.0621185302734375 -0.0902633666992188
0.0350360870361328 -0.0234355926513672 0.0136528015136719 -0.0301342010498047
-0.00196075439453125 -0.0351371765136719 0.0313758850097656 0.0139598846435547
-0.0255546569824219 -0.0187644958496094 0.06640625 -0.0115394592285156
-0.0281085968017578 0.00341987609863281 0.055389404296875 -0.0585136413574219
-0.01995849609375 0.0209846496582031 0.0190200805664063 -0.0888595581054688
-0.0142707824707031 0.0181236267089844 -0.012298583984375 -0.088714599609375
-0.0181217193603516 0.0131454467773438 -0.0197525024414062 -0.0697593688964844
-0.0218982696533203 0.0123462677001953 -0.0155906677246094 -0.0583152770996094
-0.0237388610839844 -0.00385475158691406 -0.00871276855468751 -0.049285888671875
-0.0139579772949219 -0.0228080749511719 -0.00536727905273438 -0.0411224365234375
0.0102939605712891 -0.0276432037353516 -0.00435256958007812 -0.0478897094726562
0.0385208129882812 -0.00962448120117187 -0.0041046142578125 -0.0707550048828125
0.0454177856445313 0.01953125 0.00167083740234376 -0.109481811523438
0.0299148559570312 0.0395545959472656 0.0171356201171875 -0.12548828125
0.0217819213867188 0.0648689270019531 0.0775222778320313 -0.0764617919921875
0.0436592102050781 0.0208511352539063 0.0238571166992188 -0.0211162567138672
0.0264759063720703 -0.00331306457519531 0.0364303588867188 0.0210456848144531
0.0103921890258789 -0.0133466720581055 0.0756072998046875 -0.00653839111328125
0.000662803649902345 -0.0117740631103516 0.06597900390625 -0.0549812316894531
-0.00556659698486328 -0.00952339172363281 0.0280380249023437 -0.0906753540039063
-0.0126848220825195 -0.0147829055786133 -0.0078125 -0.0914077758789063
-0.0134191513061523 -0.0171127319335937 -0.01776123046875 -0.0699310302734375
-0.0150928497314453 -0.0213470458984375 -0.012939453125 -0.0565414428710937
-0.00487709045410156 -0.0317325592041016 -0.0070953369140625 -0.0480499267578125
0.0171604156494141 -0.0330753326416016 -0.00727653503417969 -0.0348243713378906
0.0420303344726563 -0.0185165405273438 -0.00728607177734374 -0.0388946533203125
0.0539665222167969 0.0245857238769531 -0.0123672485351563 -0.0590248107910156
0.0459938049316406 0.064239501953125 -0.00487518310546875 -0.0936737060546875
0.015625 0.0832748413085938 0.0159835815429688 -0.107322692871094
0.00017547607421875 0.105331420898437 0.0841293334960938 -0.0466384887695312
0.0403366088867187 0.0678825378417969 0.0309123992919922 -0.00139236450195312
0.0493354797363281 0.0370674133300781 0.0407180786132812 0.0324897766113281
0.0500907897949219 -0.000988006591796875 0.0806732177734375 0.00384521484375
0.0337791442871094 -0.0235595703125 0.07177734375 -0.0439605712890625
0.0132484436035156 -0.0393905639648437 0.0358428955078125 -0.0823593139648438
-0.00709915161132813 -0.0453758239746094 -0.000869750976562496 -0.0826339721679688
-0.00827407836914062 -0.0445365905761719 -0.012939453125 -0.0600547790527344
-0.00909423828125 -0.0518531799316406 -0.00995635986328125 -0.0449066162109375
0.00919342041015624 -0.0561866760253906 -0.00899505615234375 -0.0376472473144531
0.041412353515625 -0.0463294982910156 -0.0118331909179687 -0.0226154327392578
0.0670661926269531 -0.0181617736816406 -0.0129871368408203 -0.0275955200195313
0.0700721740722656 0.0472068786621094 -0.0221748352050781 -0.0461921691894531
0.0512619018554688 0.095855712890625 -0.00963592529296875 -0.07257080078125
0.00576782226562501 0.113548278808594 0.00881195068359374 -0.0775680541992187
-0.0186309814453125 0.132675170898437 0.080596923828125 -0.00945281982421874
0.032958984375 0.107795715332031 0.035003662109375 0.0270023345947266
0.0675888061523438 0.0751190185546875 0.0438232421875 0.0466651916503906
0.0853500366210938 0.0147857666015625 0.081268310546875 0.0148162841796875
0.0649681091308594 -0.0316314697265625 0.0708084106445313 -0.029998779296875
0.0305366516113281 -0.0650444030761719 0.0363922119140625 -0.0657119750976563
-0.00384521484375001 -0.0707931518554688 0.00178146362304688 -0.065093994140625
-0.00485992431640624 -0.0672264099121094 -0.0096435546875 -0.0418548583984375
-0.00711059570312499 -0.0771560668945313 -0.00655364990234375 -0.0252532958984375
0.0147171020507813 -0.078369140625 -0.0109577178955078 -0.0192661285400391
0.0560340881347656 -0.0614013671875 -0.0172462463378906 -0.00483417510986329
0.0842132568359375 -0.0250930786132813 -0.0201587677001953 -0.0133037567138672
0.0852813720703125 0.055938720703125 -0.0294990539550781 -0.0322799682617188
0.0587005615234375 0.111854553222656 -0.0111351013183594 -0.0490264892578125
0.00296783447265625 0.130485534667969 -0.00140762329101562 -0.0410232543945312
-0.044525146484375 0.131744384765625 0.0652847290039063 0.0410232543945313
0.00706481933593751 0.127944946289063 0.0295028686523438 0.0619926452636719
0.059173583984375 0.10595703125 0.037200927734375 0.0626564025878906
0.0995864868164062 0.0388031005859375 0.0682907104492188 0.0344619750976563
0.0865020751953125 -0.02337646484375 0.0612030029296875 -0.00496292114257813
0.0491409301757813 -0.0739288330078125 0.0370521545410156 -0.0355796813964844
0.00735473632812499 -0.08367919921875 0.0108299255371094 -0.0366172790527344
0.00397491455078126 -0.0783615112304688 0.00034809112548828 -0.0170211791992188
0.000663757324218755 -0.089447021484375 0.00105726718902588 5.88893890380805E-05
0.0226898193359375 -0.0868759155273438 -0.00942039489746094 0.00469493865966796
0.0658683776855469 -0.063385009765625 -0.0207099914550781 0.0147857666015625
0.0914306640625 -0.021087646484375 -0.0252418518066406 -0.000782012939453123
0.0834808349609375 0.0645599365234375 -0.0282363891601562 -0.0231208801269531
0.0491104125976563 0.117156982421875 -0.00225257873535156 -0.0252342224121094
-0.0125198364257813 0.127517700195313 -0.00817680358886719 0.000316619873046884
-0.0587692260742188 0.108901977539062 0.0417251586914063 0.0849761962890625
-0.018402099609375 0.117416381835938 0.0174713134765625 0.0928955078125
0.0359573364257812 0.111663818359375 0.0261993408203125 0.0728530883789063
0.090484619140625 0.0556411743164063 0.0493965148925781 0.0465965270996094
0.0888824462890625 -0.0102081298828125 0.0439834594726563 0.016265869140625
0.0576858520507813 -0.0691375732421875 0.03045654296875 -0.00423622131347657
0.0154190063476563 -0.0824356079101563 0.0157480239868164 -0.00406837463378907
0.00959014892578126 -0.077606201171875 0.00797080993652344 0.010101318359375
0.00759124755859376 -0.0883636474609375 0.00712966918945312 0.0263633728027344
0.0279312133789062 -0.0850143432617188 -0.0104808807373047 0.0302085876464844
0.0693283081054688 -0.0576705932617188 -0.0258007049560547 0.0331211090087891
0.08868408203125 -0.01226806640625 -0.0310993194580078 0.00995826721191407
0.0696067810058594 0.0692405700683594 -0.0271186828613281 -0.0157241821289062
0.0291213989257812 0.11077880859375 0.00545740127563477 -0.00403451919555663
-0.0271453857421875 0.110198974609375 -0.019317626953125 0.0377311706542969
-0.0604400634765625 0.0644454956054688 0.0171661376953125 0.116424560546875
-0.0365829467773438 0.0818710327148438 0.00343322753906251 0.111091613769531
0.00645446777343751 0.0902786254882813 0.0146255493164062 0.0741653442382812
0.0617904663085937 0.0569114685058594 0.0281410217285156 0.052520751953125
0.0714492797851563 0.0029144287109375 0.0246620178222656 0.0310573577880859
0.0547676086425781 -0.0517807006835938 0.0196266174316406 0.0205650329589844
0.0200233459472656 -0.0677032470703125 0.0163230895996094 0.0249538421630859
0.0139312744140625 -0.0642471313476563 0.0134468078613281 0.0353546142578125
0.0124893188476563 -0.07568359375 0.01025390625 0.0518226623535156
0.030609130859375 -0.0711822509765625 -0.0126113891601563 0.052825927734375
0.0649795532226563 -0.0430145263671875 -0.03179931640625 0.0475730895996094
0.0772933959960938 -0.00276947021484375 -0.0378990173339844 0.0183486938476562
0.0506744384765625 0.0693283081054688 -0.0274162292480469 -0.0113906860351563
0.00643920898437499 0.0951156616210937 0.0076904296875 0.0131406784057617
-0.0405426025390625 0.0803298950195313 -0.033966064453125 0.0695533752441406
-0.0508232116699219 0.0129318237304687 0.002410888671875 0.130744934082031
-0.0424079895019531 0.0360183715820313 -0.000900268554687497 0.117210388183594
-0.0160102844238281 0.052642822265625 0.0106391906738281 0.0698623657226563
0.0271148681640625 0.0451583862304688 0.0145187377929688 0.0518150329589844
0.0433235168457031 0.0108489990234375 0.0117225646972656 0.0375137329101563
0.039215087890625 -0.0298004150390625 0.0133476257324219 0.038421630859375
0.0183334350585937 -0.0441551208496094 0.0176010131835938 0.0470848083496094
0.0125732421875 -0.0437431335449219 0.0195045471191406 0.0556640625
0.0138015747070313 -0.0533943176269531 0.0140609741210938 0.0727386474609375
0.0267257690429687 -0.051025390625 -0.014373779296875 0.0738449096679688
0.0527420043945313 -0.0283737182617188 -0.0386505126953125 0.0613822937011719
0.0572700500488281 0.00712966918945313 -0.0481491088867187 0.022705078125
0.0252914428710937 0.0605316162109375 -0.0317173004150391 -0.0100002288818359
-0.0168724060058594 0.0670433044433594 0.00384902954101562 0.0257968902587891
-0.0499343872070313 0.0394554138183594 -0.0523452758789062 0.0908432006835938
0.0373878479003906 0.0148735046386719 0.0561065673828125 -0.0969924926757813
0.0337295532226563 -0.0265083312988281 0.0117588043212891 -0.0315055847167969
-0.00337791442871094 -0.0339088439941406 0.0317325592041016 0.0116214752197266
-0.0285511016845703 -0.0154361724853516 0.0663528442382813 -0.0150527954101563
-0.0278606414794922 0.00627899169921875 0.0524749755859375 -0.0627593994140625
-0.0184574127197266 0.0225696563720703 0.0137176513671875 -0.0904922485351563
-0.0145072937011719 0.0193500518798828 -0.0196990966796875 -0.0877914428710938
-0.0168876647949219 0.0151634216308594 -0.0258102416992188 -0.0676002502441406
-0.0212574005126953 0.0145988464355469 -0.0196723937988281 -0.0573234558105469
-0.0245151519775391 -0.001708984375 -0.0123672485351562 -0.0488243103027344
-0.0154285430908203 -0.0208072662353516 -0.00960159301757813 -0.0418815612792969
0.009368896484375 -0.0277843475341797 -0.00736236572265625 -0.0497550964355469
0.0368499755859375 -0.0127105712890625 -0.00681304931640625 -0.0717849731445313
0.0475616455078125 0.015899658203125 -0.00399017333984375 -0.110038757324219
0.0329627990722656 0.0372581481933594 0.00837707519531252 -0.129264831542969
0.0253753662109375 0.063995361328125 0.072174072265625 -0.084197998046875
0.0455780029296875 0.0188827514648438 0.0218963623046875 -0.0240745544433594
0.0265560150146484 -0.0058135986328125 0.0377273559570313 0.0211257934570313
0.00972652435302734 -0.0150318145751953 0.0754241943359375 -0.0090179443359375
8.7738037109376E-05 -0.0120449066162109 0.0628433227539063 -0.0587310791015625
-0.00684547424316406 -0.0111303329467773 0.0228042602539062 -0.0912628173828125
-0.0136661529541016 -0.0139236450195312 -0.0143814086914063 -0.0916976928710938
-0.0143423080444336 -0.0154209136962891 -0.0228614807128906 -0.0683937072753906
-0.0170936584472656 -0.0195541381835938 -0.0153846740722656 -0.0552635192871094
-0.00881385803222657 -0.0303459167480469 -0.0120773315429688 -0.0484619140625
0.0143680572509766 -0.0350666046142578 -0.0113296508789062 -0.0344867706298828
0.0397186279296875 -0.02227783203125 -0.00960922241210937 -0.0406150817871094
0.0550880432128906 0.0206031799316406 -0.0159645080566406 -0.0590553283691406
0.0507087707519531 0.0608940124511719 -0.00970458984374999 -0.0935821533203125
0.0222702026367187 0.0836257934570312 0.00872039794921875 -0.110588073730469
0.00710296630859375 0.106819152832031 0.0819320678710937 -0.0541763305664062
0.0463027954101563 0.0649795532226563 0.0301055908203125 -0.00364303588867187
0.0521888732910156 0.0319366455078125 0.0427360534667969 0.0319976806640625
0.0499801635742188 -0.00408172607421875 0.081817626953125 -0.000732421875
0.0333766937255859 -0.0254192352294922 0.070068359375 -0.0475006103515625
0.0105552673339844 -0.04071044921875 0.0302886962890625 -0.0861358642578125
-0.0116004943847656 -0.0457191467285156 -0.00724029541015625 -0.0839767456054688
-0.0106773376464844 -0.0450630187988281 -0.018524169921875 -0.06011962890625
-0.0128555297851563 -0.05126953125 -0.013214111328125 -0.0440216064453125
0.00406265258789062 -0.0564727783203125 -0.0140228271484375 -0.0377197265625
0.038970947265625 -0.0504379272460937 -0.0139999389648437 -0.0227432250976563
0.0677719116210937 -0.0226554870605469 -0.0147800445556641 -0.0287075042724609
0.0750579833984375 0.0412216186523437 -0.0227584838867188 -0.0459480285644531
0.0582275390625 0.0928115844726563 -0.0145339965820312 -0.0716552734375
0.0141983032226562 0.114585876464844 0.00354766845703124 -0.0797805786132812
-0.00881195068359376 0.135879516601563 0.0806961059570313 -0.0153656005859375
0.0418243408203125 0.107460021972656 0.0366172790527344 0.0246505737304688
0.0729446411132813 0.071685791015625 0.0471649169921875 0.0454673767089844
0.0876846313476563 0.00734710693359375 0.0828399658203125 0.0114364624023438
0.0642356872558594 -0.0361557006835938 0.0714492797851563 -0.0348892211914063
0.0263900756835938 -0.0680961608886719 0.0322952270507813 -0.0676956176757813
-0.0085906982421875 -0.0727386474609375 -0.00180053710937501 -0.0664291381835938
-0.00872802734375001 -0.0693893432617188 -0.0136985778808594 -0.0413551330566406
-0.01373291015625 -0.0763473510742188 -0.0100135803222656 -0.0252170562744141
0.00725555419921875 -0.0801162719726562 -0.0142784118652344 -0.0181999206542969
0.0516433715820313 -0.0662155151367188 -0.0170803070068359 -0.00418281555175782
0.0826568603515625 -0.0320281982421875 -0.0218944549560547 -0.0140209197998047
0.091339111328125 0.0487213134765625 -0.0288162231445312 -0.0311660766601562
0.0690460205078125 0.107864379882813 -0.0151023864746094 -0.0483207702636719
0.0129776000976562 0.133010864257813 -0.00545501708984374 -0.0419731140136719
-0.0339202880859375 0.13677978515625 0.0692520141601563 0.035308837890625
0.0177154541015625 0.127754211425781 0.0332756042480469 0.0598831176757813
0.06695556640625 0.102912902832031 0.0384101867675781 0.0605888366699219
0.103729248046875 0.0329360961914063 0.0702667236328125 0.031707763671875
0.0870895385742188 -0.0295333862304688 0.062744140625 -0.00728988647460938
0.0434799194335937 -0.0780792236328125 0.0353279113769531 -0.0375442504882813
0.00159454345703126 -0.08380126953125 0.00850296020507812 -0.037841796875
-0.00171661376953125 -0.0785293579101563 -0.00189399719238281 -0.0189723968505859
-0.007415771484375 -0.0896835327148438 0.00281953811645508 0.000454425811767573
0.0147018432617188 -0.089019775390625 -0.0112323760986328 0.00583744049072265
0.0616683959960938 -0.0700111389160156 -0.0204257965087891 0.0148639678955078
0.0902023315429688 -0.028228759765625 -0.0258102416992187 -0.000228881835937505
0.0892181396484375 0.0587310791015625 -0.0288238525390625 -0.0213394165039062
0.0583114624023438 0.1136474609375 -0.00360107421875 -0.0263271331787109
-0.00363159179687501 0.132179260253906 -0.00853872299194336 -0.00128889083862304
-0.0512771606445312 0.114425659179688 0.05047607421875 0.082733154296875
-0.00933074951171875 0.121315002441406 0.0234146118164062 0.0928192138671875
0.04638671875 0.110603332519531 0.0281829833984375 0.0714263916015625
0.0957107543945313 0.049346923828125 0.0523490905761719 0.0454444885253906
0.0888595581054688 -0.016448974609375 0.044097900390625 0.0147209167480469
0.0528793334960937 -0.0743637084960938 0.0307559967041016 -0.00777053833007813
0.00970458984375 -0.0849609375 0.0158348083496094 -0.0059652328491211
0.00437927246093751 -0.0782318115234375 0.00852012634277344 0.0095529556274414
-0.00263214111328126 -0.0899505615234375 0.00818634033203125 0.0270709991455078
0.020782470703125 -0.0894851684570313 -0.00958633422851563 0.0306129455566406
0.0655136108398438 -0.0621604919433594 -0.0230979919433594 0.0339527130126953
0.0877227783203125 -0.0188064575195313 -0.0297622680664062 0.0105113983154297
0.0770111083984375 0.064910888671875 -0.0273380279541016 -0.0148735046386719
0.03961181640625 0.109245300292969 0.00521421432495117 -0.00612115859985351
-0.0203933715820313 0.113037109375 -0.0163764953613281 0.037567138671875
-0.056884765625 0.069122314453125 0.0253219604492187 0.115730285644531
-0.0297317504882813 0.0862808227539063 0.01043701171875 0.111503601074219
0.0132980346679688 0.0917434692382813 0.0184173583984375 0.0753402709960937
0.0663032531738281 0.0531654357910156 0.0308876037597656 0.0525474548339844
0.0723800659179687 -0.00228118896484375 0.0287971496582031 0.028411865234375
0.04998779296875 -0.057342529296875 0.0223445892333984 0.0194377899169922
0.0141181945800781 -0.0701179504394531 0.0173854827880859 0.0247707366943359
0.00846099853515624 -0.0655403137207031 0.0156745910644531 0.0336875915527344
0.00598144531250001 -0.0766677856445313 0.0127296447753906 0.0510597229003906
0.024688720703125 -0.073486328125 -0.0099639892578125 0.0542831420898437
0.0624351501464844 -0.0490226745605469 -0.0298652648925781 0.0503005981445313
0.077972412109375 -0.00934600830078125 -0.0378646850585937 0.02069091796875
0.0562400817871094 0.0654067993164063 -0.0278968811035156 -0.010833740234375
0.0128173828125 0.0939865112304687 0.00926017761230469 0.0107288360595703
-0.0352783203125 0.0836868286132813 -0.0289459228515625 0.0710678100585938
-0.0502281188964844 0.0180320739746094 0.0114212036132812 0.133995056152344
-0.038909912109375 0.0390243530273438 0.00817108154296876 0.118644714355469
-0.0108757019042969 0.0548515319824219 0.0146446228027344 0.0693855285644531
0.0304298400878906 0.0416831970214844 0.0176811218261719 0.0525016784667969
0.04443359375 0.0079345703125 0.0133628845214844 0.0373420715332031
0.0382919311523438 -0.0349655151367188 0.0169830322265625 0.0376739501953125
0.0143661499023437 -0.0454673767089844 0.0203323364257812 0.0450248718261719
0.00933456420898438 -0.0447120666503906 0.02398681640625 0.054534912109375
0.0102386474609375 -0.0552787780761719 0.0209274291992188 0.0718307495117188
0.02386474609375 -0.0516510009765625 -0.00821685791015625 0.07586669921875
0.0509033203125 -0.0325965881347656 -0.0349693298339844 0.0645027160644531
0.0585098266601562 0.002685546875 -0.0470466613769531 0.0254592895507812
0.0314521789550781 0.0597305297851563 -0.0320777893066406 -0.00930023193359374
-0.0126228332519531 0.0699386596679688 0.00600242614746094 0.0241432189941406
-0.0474967956542969 0.0432243347167969 -0.0454330444335937 0.0941543579101563
0.0367507934570313 0.0109786987304688 0.05108642578125 -0.100563049316406
0.0314121246337891 -0.0274944305419922 0.00639152526855469 -0.0309352874755859
-0.00587844848632813 -0.0355453491210938 0.0294723510742187 0.0127677917480469
-0.0293083190917969 -0.0161590576171875 0.0649757385253906 -0.0215225219726563
-0.0264205932617188 0.00616455078125 0.0475807189941406 -0.065826416015625
-0.0142822265625 0.0242290496826172 0.00791168212890624 -0.0877838134765625
-0.0116500854492188 0.0199966430664062 -0.02374267578125 -0.0833663940429688
-0.0142803192138672 0.0193939208984375 -0.0315971374511719 -0.0648384094238281
-0.0183944702148438 0.0165061950683594 -0.0242271423339844 -0.0536727905273438
-0.0245113372802734 0.00131797790527344 -0.0165328979492188 -0.04705810546875
-0.0167789459228516 -0.0181789398193359 -0.0146408081054688 -0.0407218933105469
0.00504684448242188 -0.02850341796875 -0.00785064697265625 -0.0496673583984375
0.0372390747070312 -0.0163116455078125 -0.00856781005859375 -0.0704269409179688
0.0470619201660156 0.0135574340820313 -0.00608825683593749 -0.104743957519531
0.0365676879882813 0.0369224548339844 0.000541687011718762 -0.130538940429688
0.0299530029296875 0.0611534118652344 0.0683975219726563 -0.0888442993164063
0.0458831787109375 0.0129623413085938 0.0178070068359375 -0.0237293243408203
0.0250568389892578 -0.00453948974609375 0.0377464294433594 0.0169715881347656
0.00814628601074219 -0.016021728515625 0.0727615356445313 -0.0133209228515625
-0.000147342681884765 -0.00709247589111328 0.0601539611816406 -0.0611457824707031
-0.00605392456054688 -0.00922298431396484 0.0175094604492188 -0.093780517578125
-0.0140933990478516 -0.0128383636474609 -0.0195846557617187 -0.0898666381835938
-0.0171689987182617 -0.01116943359375 -0.0268058776855469 -0.0655784606933594
-0.0168647766113281 -0.0170555114746094 -0.0209617614746094 -0.056121826171875
-0.0094451904296875 -0.0312271118164063 -0.0162925720214844 -0.045379638671875
0.0144081115722656 -0.0360336303710938 -0.0118007659912109 -0.0335559844970703
0.0380706787109375 -0.0239753723144531 -0.00961303710937499 -0.0399169921875
0.05694580078125 0.0159759521484375 -0.0156211853027344 -0.0573883056640625
0.0558853149414063 0.058441162109375 -0.0137863159179688 -0.0928115844726563
0.0244216918945312 0.0805587768554688 0.00471496582031251 -0.110488891601562
0.0146713256835938 0.104881286621094 0.0771636962890625 -0.058929443359375
0.0488319396972656 0.0604705810546875 0.0288658142089844 -0.00481033325195312
0.055145263671875 0.0283393859863281 0.0427818298339844 0.0300559997558594
0.0493125915527344 -0.00620269775390625 0.08160400390625 -0.0057220458984375
0.0298004150390625 -0.0272407531738281 0.0671424865722656 -0.0504074096679688
0.00761032104492188 -0.0414657592773438 0.0263519287109375 -0.0858001708984375
-0.0124244689941406 -0.0432472229003906 -0.0123291015625 -0.0803146362304688
-0.0117988586425781 -0.0431861877441406 -0.02117919921875 -0.0570945739746094
-0.0151176452636719 -0.0512619018554688 -0.0170097351074219 -0.0435752868652344
0.000885009765625004 -0.0554924011230469 -0.0150108337402344 -0.0350437164306641
0.0320053100585937 -0.05108642578125 -0.0145397186279297 -0.0226612091064453
0.0658645629882813 -0.0281944274902344 -0.0169048309326172 -0.0254745483398438
0.077972412109375 0.0372467041015625 -0.0245208740234375 -0.0452308654785156
0.0638809204101562 0.0877685546875 -0.0142822265625 -0.06878662109375
0.018646240234375 0.113235473632813 0.000564575195312495 -0.082489013671875
-0.000724792480468754 0.1336669921875 0.0777359008789062 -0.0256576538085937
0.0465087890625 0.0974807739257813 0.0356941223144531 0.0188446044921875
0.0766983032226563 0.067230224609375 0.0473060607910156 0.0429763793945313
0.08892822265625 0.001220703125 0.0807876586914063 0.0051727294921875
0.0585746765136719 -0.0391197204589844 0.0658912658691406 -0.0379257202148438
0.0219192504882813 -0.067626953125 0.0292243957519531 -0.06915283203125
-0.0143661499023438 -0.0715179443359375 -0.00485992431640625 -0.0661506652832031
-0.0132637023925781 -0.0658035278320313 -0.0145263671875 -0.0409584045410156
-0.0187149047851562 -0.0765380859375 -0.0105056762695313 -0.0263214111328125
0.00243377685546875 -0.0783920288085937 -0.015411376953125 -0.0175600051879883
0.0476760864257813 -0.0669822692871094 -0.0210056304931641 -0.00368118286132813
0.0786285400390625 -0.0354995727539063 -0.0227317810058594 -0.0132102966308594
0.0948562622070313 0.0380325317382812 -0.0294589996337891 -0.0297794342041016
0.0747833251953125 0.101005554199219 -0.0155105590820312 -0.0500907897949219
0.018890380859375 0.127105712890625 -0.00749588012695312 -0.0446548461914062
-0.0247421264648437 0.137077331542969 0.0690879821777344 0.0279464721679688
0.0257186889648438 0.122543334960938 0.0362663269042969 0.0573043823242188
0.0711898803710938 0.098297119140625 0.0442695617675781 0.0599212646484375
0.103141784667969 0.0252532958984375 0.0694160461425781 0.0294837951660156
0.0844192504882812 -0.03204345703125 0.0574073791503906 -0.00962066650390625
0.0405197143554688 -0.079193115234375 0.0321922302246094 -0.0371475219726563
-0.00236511230468751 -0.0807723999023438 0.005828857421875 -0.0368461608886719
-0.00910186767578125 -0.0802993774414063 -0.00230026245117188 -0.0147619247436523
-0.0126495361328125 -0.0880279541015625 -0.000365495681762696 -0.00313591957092286
0.00650787353515625 -0.0874557495117188 -0.00969123840332031 0.0061502456665039
0.0583724975585938 -0.0698814392089844 -0.0171451568603516 0.0179901123046875
0.0873031616210938 -0.0359268188476563 -0.0244636535644531 0.00118446350097656
0.0941009521484375 0.05291748046875 -0.0282630920410156 -0.0201797485351562
0.066680908203125 0.108436584472656 -0.00403976440429687 -0.0281543731689453
0.00308990478515626 0.128684997558594 -0.00960922241210938 0.00288963317871094
-0.0411605834960938 0.1163330078125 0.0548553466796875 0.0756378173828125
-0.00194549560546875 0.121475219726563 0.0270233154296875 0.086395263671875
0.0525436401367187 0.107078552246094 0.030487060546875 0.071990966796875
0.0981292724609375 0.0433349609375 0.0536079406738281 0.0416717529296875
0.085723876953125 -0.0205535888671875 0.045318603515625 0.0118484497070312
0.0461502075195312 -0.077301025390625 0.0298137664794922 -0.0104541778564453
0.00476837158203125 -0.0836410522460938 0.0139503479003906 -0.00466156005859376
2.28881835937467E-05 -0.078125 0.0054473876953125 0.00888061523437499
-0.00934600830078125 -0.0901107788085938 0.00594139099121094 0.0235805511474609
0.014862060546875 -0.0860519409179688 -0.00836181640624999 0.0288887023925781
0.0587196350097656 -0.0701751708984375 -0.0226936340332031 0.0354766845703125
0.0863189697265625 -0.024932861328125 -0.0284519195556641 0.0112400054931641
0.079559326171875 0.0575942993164063 -0.026611328125 -0.0165691375732422
0.0438232421875 0.1038818359375 0.00857305526733399 -0.00630187988281249
-0.01287841796875 0.112327575683594 -0.0142631530761719 0.0387954711914063
-0.0505294799804688 0.0726089477539062 0.033477783203125 0.11370849609375
-0.0248641967773437 0.0865936279296875 0.0157852172851562 0.109382629394531
0.0176010131835937 0.089447021484375 0.0189666748046875 0.07598876953125
0.0693435668945313 0.0485038757324219 0.0329017639160156 0.0527191162109375
0.0712738037109375 -0.00826263427734375 0.0283241271972656 0.028533935546875
0.0474586486816406 -0.0596580505371094 0.0231800079345703 0.0183506011962891
0.008026123046875 -0.0698699951171875 0.0212955474853516 0.0195064544677734
0.00363922119140624 -0.0659599304199219 0.0174045562744141 0.0331478118896484
0.00126647949218749 -0.07806396484375 0.0151824951171875 0.0491905212402344
0.018096923828125 -0.0759735107421875 -0.00788497924804687 0.0512123107910156
0.0571708679199219 -0.0509910583496094 -0.0241203308105469 0.049713134765625
0.0757827758789063 -0.0129165649414063 -0.0343513488769531 0.0230522155761719
0.0611953735351563 0.0622100830078125 -0.0293865203857422 -0.00974464416503906
0.0206375122070312 0.0937118530273438 0.0100126266479492 0.0098409652709961
-0.0290679931640625 0.08538818359375 -0.0240859985351562 0.0742874145507813
-0.0464401245117187 0.0203590393066406 0.02337646484375 0.130447387695313
-0.0358963012695313 0.0389556884765625 0.0136566162109375 0.11688232421875
-0.00876617431640625 0.0548667907714844 0.017425537109375 0.068450927734375
0.033477783203125 0.0384330749511719 0.0190887451171875 0.0521774291992188
0.0436325073242188 0.00298690795898438 0.0208168029785156 0.0380935668945313
0.0331954956054688 -0.0370597839355469 0.0217781066894531 0.0361900329589844
0.0110511779785156 -0.0481796264648437 0.022247314453125 0.0421600341796875
0.00408935546875001 -0.0450782775878906 0.0273170471191406 0.05072021484375
0.00522613525390626 -0.0535850524902344 0.02215576171875 0.0694694519042969
0.0165481567382813 -0.0542335510253906 -0.00583648681640624 0.0729446411132813
0.0487556457519531 -0.0364646911621094 -0.0276870727539063 0.0639266967773438
0.0587959289550781 -0.00102996826171875 -0.0454025268554688 0.0272636413574219
0.0361442565917969 0.0527000427246094 -0.0343513488769531 -0.0059814453125
-0.00743484497070313 0.0681915283203125 0.00602149963378906 0.0247344970703125
-0.0462799072265625 0.0461311340332031 -0.0377578735351563 0.0936050415039062
0.0370063781738281 0.00840377807617188 0.0443038940429688 -0.09844970703125
0.0297260284423828 -0.0295009613037109 0.0055389404296875 -0.032257080078125
-0.00609779357910156 -0.0329132080078125 0.0316047668457031 0.0120582580566406
-0.0270156860351563 -0.0117168426513672 0.0640830993652344 -0.0195426940917969
-0.0255470275878906 0.00887870788574219 0.0452766418457031 -0.0631980895996094
-0.0144767761230469 0.0229701995849609 0.00403594970703124 -0.086273193359375
-0.0100498199462891 0.0195465087890625 -0.0251617431640625 -0.0825347900390625
-0.0137338638305664 0.0168485641479492 -0.0306282043457031 -0.0618896484375
-0.0169124603271484 0.0181026458740234 -0.0247535705566406 -0.0519142150878906
-0.0232124328613281 0.00207710266113281 -0.0172615051269531 -0.04547119140625
-0.0171146392822266 -0.0176925659179688 -0.0134468078613281 -0.0408821105957031
0.00440597534179688 -0.0285778045654297 -0.0117454528808594 -0.0498886108398438
0.0343971252441406 -0.0162925720214844 -0.00933837890625 -0.0681304931640625
0.0466880798339844 0.00954437255859375 -0.0115432739257813 -0.104652404785156
0.0364913940429687 0.0322380065917969 -0.0022735595703125 -0.127693176269531
0.0307121276855469 0.0596656799316406 0.0602188110351563 -0.0889053344726563
0.0449333190917969 0.0115852355957031 0.0171871185302734 -0.0235843658447266
0.0253181457519531 -0.00759506225585938 0.0373687744140625 0.0189590454101562
0.00879669189453125 -0.0134649276733398 0.0731735229492188 -0.0148696899414062
-0.00103855133056641 -0.0107221603393555 0.0562896728515625 -0.0600624084472656
-0.00736618041992188 -0.0106191635131836 0.0150680541992187 -0.0898895263671875
-0.0135869979858398 -0.0134115219116211 -0.0219039916992188 -0.0844192504882813
-0.0148715972900391 -0.0127935409545898 -0.0273971557617188 -0.062225341796875
-0.0176410675048828 -0.0157680511474609 -0.0219001770019531 -0.0513038635253906
-0.0109596252441406 -0.0275669097900391 -0.0170516967773437 -0.0446929931640625
0.00996780395507813 -0.0343589782714844 -0.0148468017578125 -0.0354347229003906
0.0372734069824219 -0.0241508483886719 -0.0117645263671875 -0.0423240661621094
0.0549201965332031 0.0145339965820313 -0.0164642333984375 -0.0564613342285156
0.0556716918945313 0.0536537170410156 -0.0153274536132812 -0.0891342163085938
0.0279312133789063 0.0773849487304688 -0.00270843505859375 -0.110282897949219
0.0166702270507813 0.101356506347656 0.0731353759765625 -0.0601806640625
0.0500030517578125 0.0580062866210938 0.0271892547607422 -0.00702667236328125
0.0551033020019531 0.0267906188964844 0.04254150390625 0.0290565490722656
0.0486679077148437 -0.00911331176757812 0.0793685913085937 -0.005035400390625
0.0295639038085938 -0.0282726287841797 0.0635108947753906 -0.0507240295410156
0.0044097900390625 -0.0414466857910156 0.022979736328125 -0.082916259765625
-0.0137214660644531 -0.0428428649902344 -0.0141220092773437 -0.0785369873046875
-0.0147781372070313 -0.0407295227050781 -0.0227279663085938 -0.0537605285644531
-0.0181503295898438 -0.0465583801269531 -0.0185203552246094 -0.0407676696777344
-0.00241470336914062 -0.055023193359375 -0.019134521484375 -0.0341396331787109
0.031707763671875 -0.0510292053222656 -0.0176410675048828 -0.0222949981689453
0.0615463256835938 -0.0289192199707031 -0.0160331726074219 -0.0298938751220703
0.0754241943359375 0.0320358276367188 -0.0242805480957031 -0.0437812805175781
0.0649261474609375 0.0824127197265625 -0.0169296264648438 -0.0691184997558594
0.0241012573242188 0.11016845703125 -0.00374603271484375 -0.0793838500976563
0.00383758544921874 0.128860473632813 0.075531005859375 -0.0252914428710937
0.0488662719726562 0.095977783203125 0.03448486328125 0.0198802947998047
0.0776138305664063 0.060760498046875 0.0464973449707031 0.0414619445800781
0.0855789184570313 -0.00042724609375 0.0814285278320313 0.0062255859375
0.0573005676269531 -0.0413780212402344 0.0652503967285156 -0.0375442504882813
0.0186920166015625 -0.0684852600097656 0.0260124206542969 -0.0677909851074219
-0.0153541564941406 -0.0678443908691406 -0.00891494750976563 -0.061798095703125
-0.0168647766113281 -0.0635986328125 -0.0169601440429687 -0.0375633239746094
-0.0218429565429688 -0.071502685546875 -0.0123138427734375 -0.0235137939453125
-0.0021820068359375 -0.0759811401367188 -0.018951416015625 -0.0159950256347656
0.0413627624511719 -0.0690765380859375 -0.0190277099609375 -0.00414085388183594
0.0771560668945313 -0.0382766723632813 -0.0227069854736328 -0.0138816833496094
0.09234619140625 0.037994384765625 -0.0290050506591797 -0.0305080413818359
0.0773696899414062 0.0961074829101562 -0.0160369873046875 -0.047576904296875
0.0227813720703125 0.125129699707031 -0.00835800170898438 -0.0424308776855469
-0.0203094482421875 0.134773254394531 0.0711135864257813 0.0262603759765625
0.027191162109375 0.11932373046875 0.0369377136230469 0.0527572631835938
0.0753555297851563 0.0915451049804687 0.04144287109375 0.0579681396484375
0.101791381835938 0.0200424194335938 0.0702438354492187 0.0263175964355469
0.0788116455078125 -0.0374679565429688 0.0597610473632813 -0.0117759704589844
0.0334320068359375 -0.0811843872070312 0.0330352783203125 -0.0388336181640625
-0.00907897949218749 -0.0802154541015625 0.00328826904296875 -0.0372657775878906
-0.0106582641601562 -0.0747222900390625 -0.00400733947753907 -0.0172042846679688
-0.0174636840820313 -0.08502197265625 -0.000648498535156251 -0.00158679485321045
0.00501251220703125 -0.0874481201171875 -0.0129337310791016 0.00633144378662109
0.0517120361328125 -0.0723495483398438 -0.0188217163085937 0.0154781341552734
0.0845184326171875 -0.036834716796875 -0.0255928039550781 -0.00261688232421875
0.09185791015625 0.0471878051757812 -0.0290603637695312 -0.0207176208496094
0.0681228637695313 0.102066040039063 -0.00515365600585937 -0.0263214111328125
0.00997924804687501 0.1259765625 -0.00794029235839844 -0.00161933898925781
-0.0383071899414062 0.114158630371094 0.0538711547851562 0.0736007690429688
0.000808715820312504 0.116104125976563 0.0281143188476563 0.0835037231445313
0.05279541015625 0.101982116699219 0.0308265686035156 0.0681533813476563
0.0964584350585938 0.037506103515625 0.0531349182128906 0.0414009094238281
0.0834197998046875 -0.0254592895507813 0.0463790893554688 0.0107765197753906
0.0419464111328125 -0.077606201171875 0.0306434631347656 -0.0103645324707031
0.000183105468750003 -0.08135986328125 0.0144252777099609 -0.00700569152832032
-0.004852294921875 -0.0762481689453125 0.00714778900146484 0.00909233093261718
-0.0107574462890625 -0.087371826171875 0.0109939575195312 0.0236358642578125
0.00946044921875001 -0.0857391357421875 -0.00827217102050781 0.0303192138671875
0.0566139221191406 -0.0689659118652344 -0.0196266174316406 0.0337543487548828
0.083221435546875 -0.028839111328125 -0.0269317626953125 0.00901222229003906
0.0816192626953125 0.0539093017578125 -0.0267276763916016 -0.0141410827636719
0.0483169555664062 0.0995864868164063 0.00580739974975586 -0.00798416137695312
-0.00944519042968749 0.111106872558594 -0.0130157470703125 0.0365791320800781
-0.0470352172851563 0.0733261108398438 0.0356521606445313 0.109031677246094
-0.0219039916992188 0.0849380493164063 0.0188369750976562 0.105796813964844
0.022125244140625 0.085968017578125 0.0207366943359375 0.0709304809570313
0.0689849853515625 0.0446548461914063 0.0339698791503906 0.0501594543457031
0.0699462890625 -0.0101318359375 0.0308990478515625 0.0282669067382813
0.0425834655761719 -0.0602149963378906 0.0246658325195313 0.0160369873046875
0.00616073608398438 -0.0683059692382812 0.0195751190185547 0.0211944580078125
0.00138473510742188 -0.0648231506347656 0.0161209106445313 0.0309886932373047
-0.00151824951171875 -0.07562255859375 0.0154914855957031 0.0465850830078125
0.015533447265625 -0.0746231079101563 -0.0059661865234375 0.0518455505371094
0.0544281005859375 -0.0555152893066406 -0.0248794555664062 0.0508270263671875
0.0741653442382812 -0.0179977416992187 -0.0354843139648437 0.0195121765136719
0.0614967346191406 0.0577545166015625 -0.0285739898681641 -0.00879478454589843
0.024444580078125 0.0894012451171875 0.0091094970703125 0.00880432128906251
-0.0271987915039063 0.084716796875 -0.021697998046875 0.0708160400390625
-0.0441131591796875 0.0211868286132812 0.0231399536132812 0.127555847167969
-0.0332260131835938 0.041473388671875 0.0149154663085937 0.114418029785156
-0.00683212280273438 0.0536994934082031 0.01751708984375 0.0682334899902344
0.0352783203125 0.0375022888183594 0.0193901062011719 0.0504302978515625
0.0439071655273438 0.00156021118164063 0.0179176330566406 0.0356559753417969
0.0315704345703125 -0.0358314514160156 0.0214920043945313 0.034088134765625
0.00895309448242188 -0.0464248657226563 0.0249481201171875 0.0403175354003906
0.00404739379882812 -0.044952392578125 0.0260658264160156 0.0492782592773438
0.00230789184570312 -0.0534896850585938 0.0251884460449219 0.0655593872070312
0.0159339904785156 -0.0532264709472656 -0.00278472900390626 0.0732879638671875
0.0448799133300781 -0.0376358032226563 -0.0274391174316406 0.0648956298828125
0.0568199157714844 -0.00238418579101563 -0.0421638488769531 0.0269432067871094
0.0356369018554688 0.0534439086914063 -0.0318183898925781 -0.00844955444335938
-0.00392913818359375 0.0662956237792969 0.00775718688964844 0.0211715698242188
-0.0411605834960938 0.0448532104492188 -0.0358734130859375 0.0944671630859375
0.0368080139160156 0.00895309448242188 0.0429763793945312 -0.0988082885742188
0.0279140472412109 -0.0303134918212891 0.00396728515625 -0.0303535461425781
-0.00789642333984375 -0.0324325561523438 0.0313968658447266 0.0127487182617187
-0.0275917053222656 -0.0111656188964844 0.0624504089355469 -0.0191383361816406
-0.024658203125 0.00992584228515625 0.0453109741210937 -0.0623855590820312
-0.0146350860595703 0.0237998962402344 0.00465393066406249 -0.0852203369140625
-0.00938034057617188 0.0200233459472656 -0.0266876220703125 -0.080078125
-0.0127716064453125 0.0178127288818359 -0.0298881530761719 -0.0596656799316406
-0.0174369812011719 0.0176124572753906 -0.0260658264160156 -0.0512962341308594
-0.0218048095703125 0.00275039672851563 -0.0180397033691406 -0.0449371337890625
-0.0171022415161133 -0.0166349411010742 -0.0148391723632813 -0.0417022705078125
0.00428962707519531 -0.0270442962646484 -0.0112686157226563 -0.0503463745117188
0.0330410003662109 -0.0164833068847656 -0.00818252563476562 -0.0672988891601563
0.0460586547851562 0.0093841552734375 -0.0107192993164062 -0.104141235351563
0.03704833984375 0.0323028564453125 -0.00334930419921876 -0.127296447753906
0.0312576293945313 0.0577430725097656 0.0604400634765625 -0.088623046875
0.0443077087402344 0.00974273681640625 0.0155162811279297 -0.0252056121826172
0.0249710083007813 -0.00714874267578125 0.0368728637695313 0.0186500549316406
0.00883102416992187 -0.0144844055175781 0.0721664428710937 -0.0152664184570313
-0.000267982482910156 -0.0112504959106445 0.0556907653808594 -0.0604896545410156
-0.00748443603515625 -0.00917625427246094 0.0126571655273438 -0.0892486572265625
-0.0138034820556641 -0.0114173889160156 -0.0233535766601563 -0.0834579467773438
-0.0150213241577148 -0.0119171142578125 -0.0282440185546875 -0.0609855651855469
-0.0183067321777344 -0.0149116516113281 -0.0243606567382812 -0.0499610900878906
-0.0107212066650391 -0.0269069671630859 -0.0187873840332031 -0.0437850952148438
0.00872993469238281 -0.0339641571044922 -0.0156364440917969 -0.0355911254882813
0.035369873046875 -0.02490234375 -0.0119247436523438 -0.0424919128417969
0.0549163818359375 0.013671875 -0.0155487060546875 -0.0562553405761719
0.0552902221679688 0.0520706176757813 -0.015106201171875 -0.0889816284179688
0.0295028686523438 0.0767440795898438 -0.00247955322265624 -0.109657287597656
0.0171279907226563 0.100387573242188 0.0721206665039062 -0.0622711181640625
0.0496101379394531 0.0556068420410156 0.0260105133056641 -0.00772285461425781
0.0543594360351563 0.0262069702148438 0.0421066284179688 0.0300331115722656
0.048095703125 -0.00945663452148438 0.0782089233398438 -0.0052642822265625
0.0285625457763672 -0.0278949737548828 0.0630264282226563 -0.0501747131347656
0.0042572021484375 -0.0405807495117187 0.0216217041015625 -0.0826416015625
-0.0141983032226563 -0.0421180725097656 -0.01605224609375 -0.0772323608398438
-0.0150413513183594 -0.0407524108886719 -0.0239791870117188 -0.0530738830566406
-0.0190505981445313 -0.0461006164550781 -0.01983642578125 -0.0398445129394531
-0.00384902954101563 -0.0536041259765625 -0.0195407867431641 -0.0326976776123047
0.0297393798828125 -0.0516853332519531 -0.0177593231201172 -0.0224056243896484
0.0606346130371094 -0.0295944213867187 -0.0169868469238281 -0.0309505462646484
0.0750885009765625 0.0317001342773438 -0.0225410461425781 -0.0435562133789063
0.0658721923828125 0.0807723999023438 -0.0171737670898437 -0.0695457458496094
0.024993896484375 0.108497619628906 -0.00508880615234375 -0.08050537109375
0.0051422119140625 0.129150390625 0.0745773315429688 -0.025177001953125
0.0497512817382813 0.09405517578125 0.0340023040771484 0.0181484222412109
0.0779800415039063 0.0600128173828125 0.04608154296875 0.0424346923828125
0.0851516723632813 -0.00167083740234375 0.0804595947265625 0.006744384765625
0.0569038391113281 -0.0419502258300781 0.0641822814941406 -0.0369377136230469
0.0155296325683594 -0.0684547424316406 0.0255661010742188 -0.0679435729980469
-0.01617431640625 -0.0669174194335938 -0.00915145874023438 -0.0615081787109375
-0.0171852111816406 -0.0620956420898438 -0.0179939270019531 -0.0366935729980469
-0.0231819152832031 -0.0700035095214844 -0.0139122009277344 -0.0233802795410156
-0.0034637451171875 -0.0752716064453125 -0.019195556640625 -0.0149002075195313
0.04052734375 -0.069580078125 -0.0197029113769531 -0.00428390502929688
0.0749282836914063 -0.0401611328125 -0.0221843719482422 -0.0166034698486328
0.0918655395507813 0.0370941162109375 -0.0287113189697266 -0.0306072235107422
0.0780181884765625 0.094085693359375 -0.0153656005859375 -0.0477676391601562
0.02398681640625 0.124588012695313 -0.00941467285156249 -0.0432662963867188
-0.0183792114257812 0.133262634277344 0.0685081481933594 0.0255622863769531
0.0279159545898437 0.117744445800781 0.0346298217773438 0.0510826110839844
0.0744400024414063 0.0907440185546875 0.039215087890625 0.0582122802734375
0.102142333984375 0.0190505981445313 0.0700836181640625 0.0260467529296875
0.0781402587890625 -0.0391006469726563 0.0589866638183594 -0.0113716125488281
0.03021240234375 -0.0802536010742188 0.0313224792480469 -0.0402412414550781
-0.00843048095703124 -0.0804595947265625 0.00363922119140625 -0.0354728698730469
-0.01171875 -0.0742645263671875 -0.00556659698486328 -0.0153903961181641
-0.0186080932617188 -0.0836029052734375 -0.00178754329681397 -0.000460624694824224
0.00156402587890625 -0.0847320556640625 -0.0134315490722656 0.00714111328124999
0.0493316650390625 -0.0742568969726563 -0.0192165374755859 0.0152111053466797
0.082763671875 -0.0383148193359375 -0.0247650146484375 -0.00346565246582031
0.0922698974609375 0.04583740234375 -0.0277233123779297 -0.0226154327392578
0.0684051513671875 0.0999679565429687 -0.00425910949707031 -0.0273551940917969
0.00882720947265625 0.124000549316406 -0.00930023193359375 -0.00201320648193359
-0.0357589721679688 0.11334228515625 0.05535888671875 0.072784423828125
0.00350189208984375 0.1136474609375 0.0284347534179688 0.0824050903320313
0.0544967651367188 0.100532531738281 0.0305442810058594 0.0689735412597656
0.0968704223632813 0.0350799560546875 0.0526695251464844 0.0417976379394531
0.0824508666992188 -0.0269622802734375 0.0448722839355469 0.0121078491210937
0.03839111328125 -0.0781402587890625 0.0301723480224609 -0.0107192993164063
-0.00202178955078125 -0.0814895629882813 0.0132932662963867 -0.00751590728759766
-0.00576019287109376 -0.0752105712890625 0.0059666633605957 0.00768280029296875
-0.0126190185546875 -0.0855865478515625 0.00873947143554687 0.0225124359130859
0.00779724121093751 -0.0854568481445313 -0.00862884521484375 0.0301036834716797
0.053985595703125 -0.0696754455566406 -0.0192775726318359 0.0334491729736328
0.0820388793945313 -0.0305862426757812 -0.0283432006835937 0.00827407836914062
0.0819854736328125 0.0528793334960938 -0.0275344848632813 -0.0154972076416016
0.0495529174804688 0.097900390625 0.00496578216552735 -0.00894927978515624
-0.00801086425781251 0.110038757324219 -0.0133781433105469 0.0362358093261719
-0.0443496704101563 0.0730438232421875 0.0371170043945312 0.108261108398437
-0.0200271606445312 0.0846328735351563 0.0178985595703125 0.103645324707031
0.0229110717773438 0.0858535766601563 0.01953125 0.071319580078125
0.0702705383300781 0.0422134399414063 0.0339164733886719 0.0501594543457031
0.0688934326171875 -0.0115280151367188 0.0297107696533203 0.0281791687011719
0.0393753051757813 -0.0608749389648438 0.0248870849609375 0.0159397125244141
0.00465393066406251 -0.06842041015625 0.0192279815673828 0.0202503204345703
7.62939453125017E-05 -0.0638961791992188 0.0162811279296875 0.0305423736572266
-0.00446319580078126 -0.0753021240234375 0.0166053771972656 0.0454330444335937
0.0127716064453125 -0.0734786987304688 -0.00640869140625 0.0512199401855469
0.0526580810546875 -0.0560379028320313 -0.0230751037597656 0.0494041442871094
0.073883056640625 -0.0188751220703125 -0.0343246459960937 0.0187568664550781
0.0631561279296875 0.0562515258789063 -0.0278949737548828 -0.0101699829101563
0.0246200561523438 0.0872726440429688 0.00920581817626953 0.00773715972900391
-0.0262451171875 0.0841522216796875 -0.0205307006835938 0.0698814392089844
-0.04400634765625 0.0222892761230469 0.0263824462890625 0.127212524414062
-0.0326919555664062 0.0422821044921875 0.0150299072265625 0.111892700195313
-0.00471115112304687 0.0543098449707031 0.0164604187011719 0.0674629211425781
0.0362358093261719 0.0359611511230469 0.020660400390625 0.0521583557128906
0.0440635681152344 0.00109100341796875 0.019012451171875 0.0360527038574219
0.0293464660644531 -0.0370254516601563 0.0212268829345703 0.0337657928466797
0.00716018676757813 -0.0450515747070312 0.0253143310546875 0.0401573181152344
0.0039215087890625 -0.0438690185546875 0.0260581970214844 0.0480880737304688
0.00123977661132812 -0.0547599792480469 0.0234184265136719 0.0654869079589844
0.0141944885253906 -0.0535926818847656 -0.00288391113281249 0.0708465576171875
0.0448760986328125 -0.0391273498535156 -0.0269927978515625 0.0627021789550781
0.0562973022460938 -0.0041961669921875 -0.0414657592773437 0.0267105102539063
0.0369834899902344 0.0521583557128906 -0.0318832397460938 -0.00749969482421875
-0.0024261474609375 0.0653724670410156 0.00687599182128906 0.0211315155029297
-0.0408058166503906 0.0466117858886719 -0.0332717895507813 0.0934677124023438
0.0366363525390625 0.00901412963867188 0.0409393310546875 -0.100234985351563
0.0281753540039063 -0.0309181213378906 0.00266838073730469 -0.0301723480224609
-0.00804710388183593 -0.0327224731445313 0.0314903259277344 0.0140247344970703
-0.0282058715820313 -0.00993156433105469 0.063690185546875 -0.0200233459472656
-0.0246009826660156 0.0100021362304687 0.0463294982910156 -0.0624008178710937
-0.0137996673583984 0.0243816375732422 0.0047607421875 -0.08599853515625
-0.00888824462890625 0.0206336975097656 -0.0278091430664063 -0.080535888671875
-0.0123043060302734 0.0193290710449219 -0.030426025390625 -0.0596275329589844
-0.0169906616210937 0.0193729400634766 -0.0271759033203125 -0.0512237548828125
-0.0218849182128906 0.00369644165039063 -0.0191497802734375 -0.0453643798828125
-0.0182571411132812 -0.0154857635498047 -0.015716552734375 -0.0426902770996094
0.00387382507324219 -0.0274829864501953 -0.0116386413574219 -0.0513687133789063
0.0334129333496094 -0.0172843933105469 -0.00692367553710938 -0.0691490173339844
0.0465736389160156 0.0102043151855469 -0.010498046875 -0.105873107910156
0.0384941101074219 0.0325164794921875 -0.00457763671875001 -0.129447937011719
0.0323066711425781 0.0585708618164063 0.0596389770507813 -0.0909042358398438
0.0442695617675781 0.00959014892578125 0.014312744140625 -0.0260810852050781
0.0258636474609375 -0.00727462768554688 0.0370674133300781 0.0196647644042969
0.00877094268798828 -0.0138654708862305 0.072906494140625 -0.0140533447265625
-0.000495910644531251 -0.0113716125488281 0.0562858581542969 -0.0612297058105469
-0.00705718994140625 -0.00928115844726563 0.01251220703125 -0.0899200439453125
-0.0142841339111328 -0.0113611221313477 -0.024200439453125 -0.0837936401367188
-0.0149087905883789 -0.0111818313598633 -0.0303535461425781 -0.0607223510742187
-0.0193653106689453 -0.0149612426757813 -0.0253028869628906 -0.0507354736328125
-0.0113353729248047 -0.0261688232421875 -0.0203666687011719 -0.0435066223144531
0.00926017761230469 -0.0342636108398437 -0.0163078308105469 -0.0357284545898437
0.0349941253662109 -0.0263137817382812 -0.0130157470703125 -0.0445327758789063
0.0554046630859375 0.013092041015625 -0.0144805908203125 -0.0577583312988281
0.0563545227050781 0.0524253845214844 -0.0147781372070313 -0.0906143188476563
0.0307693481445313 0.0780868530273438 -0.00369262695312499 -0.112091064453125
0.0182266235351563 0.1016845703125 0.0719833374023438 -0.0642929077148438
0.0499763488769531 0.0553932189941406 0.0247936248779297 -0.00809288024902343
0.0557136535644531 0.0264091491699219 0.0415153503417969 0.0312309265136719
0.0479545593261719 -0.0104331970214844 0.0790786743164063 -0.00440216064453125
0.0289039611816406 -0.0287284851074219 0.0647392272949219 -0.0504570007324219
0.00396728515625 -0.041259765625 0.021514892578125 -0.0832061767578125
-0.0159339904785156 -0.0425758361816406 -0.0174331665039062 -0.0776214599609375
-0.0158767700195313 -0.0397148132324219 -0.02581787109375 -0.0525054931640625
-0.0198211669921875 -0.0462837219238281 -0.0211982727050781 -0.0404701232910156
-0.00442123413085937 -0.0532760620117187 -0.0208873748779297 -0.0334701538085938
0.0290946960449219 -0.0520248413085937 -0.0189990997314453 -0.0227088928222656
0.0606231689453125 -0.0308189392089844 -0.0175495147705078 -0.0333881378173828
0.0760421752929688 0.0315399169921875 -0.0219230651855469 -0.0448989868164063
0.0675811767578125 0.0807418823242187 -0.0166778564453125 -0.0710296630859375
0.02606201171875 0.109771728515625 -0.00673675537109374 -0.0825042724609375
0.00542449951171874 0.129898071289063 0.0752182006835938 -0.0270004272460937
0.049835205078125 0.0941848754882813 0.0335845947265625 0.0180110931396484
0.0790176391601563 0.0605316162109375 0.0454826354980469 0.0444488525390625
0.0851669311523437 -0.00371551513671875 0.0804824829101563 0.00670623779296875
0.0570449829101563 -0.0429763793945313 0.064971923828125 -0.0367622375488281
0.0142288208007813 -0.069488525390625 0.026092529296875 -0.0689239501953125
-0.017730712890625 -0.0673332214355469 -0.0101318359375 -0.062164306640625
-0.0191268920898437 -0.0622062683105469 -0.0191802978515625 -0.036376953125
-0.02484130859375 -0.0703887939453125 -0.0147285461425781 -0.0228652954101563
-0.0047760009765625 -0.0753936767578125 -0.0199947357177734 -0.0141410827636719
0.0391845703125 -0.07135009765625 -0.0216484069824219 -0.00436019897460938
0.0760955810546875 -0.0419921875 -0.0239009857177734 -0.018585205078125
0.0935745239257813 0.0363922119140625 -0.0285072326660156 -0.0323352813720703
0.0794448852539063 0.0939559936523438 -0.0150527954101562 -0.0495452880859375
0.0255279541015625 0.125961303710938 -0.0103187561035156 -0.0448074340820312
-0.0172958374023437 0.134681701660156 0.0702476501464844 0.0241661071777344
0.0292510986328125 0.117774963378906 0.0336837768554688 0.051849365234375
0.0768356323242188 0.0913925170898438 0.0397987365722656 0.0594902038574219
0.104148864746094 0.0166778564453125 0.070892333984375 0.0269241333007813
0.078125 -0.0401763916015625 0.0598640441894531 -0.0108642578125
0.0287857055664063 -0.0807571411132813 0.0317726135253906 -0.0405426025390625
-0.0106048583984375 -0.08172607421875 0.00346755981445313 -0.03692626953125
-0.0134506225585937 -0.0749359130859375 -0.00742435455322266 -0.0151405334472656
-0.02099609375 -0.0847396850585937 -0.00279593467712402 -0.00102066993713379
0.000610351562500003 -0.0859451293945313 -0.0149974822998047 0.00774383544921874
0.0485076904296875 -0.075927734375 -0.0198001861572266 0.0154705047607422
0.0829544067382812 -0.0406494140625 -0.0261459350585938 -0.00472831726074219
0.094268798828125 0.0456695556640625 -0.0287857055664062 -0.0222988128662109
0.0709457397460938 0.09979248046875 -0.00360107421875 -0.0285663604736328
0.0108718872070313 0.126411437988281 -0.0100955963134766 -0.0027942657470703
-0.0352249145507812 0.1151123046875 0.0561447143554688 0.071685791015625
0.00389862060546874 0.114410400390625 0.0282974243164063 0.0821380615234375
0.0559921264648438 0.101402282714844 0.0305061340332031 0.0700721740722656
0.0980682373046875 0.0331878662109375 0.0528640747070313 0.0437126159667969
0.0824661254882813 -0.0285797119140625 0.0467529296875 0.0130767822265625
0.0377044677734375 -0.079010009765625 0.0312938690185547 -0.0109443664550781
-0.0037841796875 -0.08270263671875 0.012507438659668 -0.00776386260986329
-0.0081024169921875 -0.0757675170898438 0.00573444366455078 0.0090646743774414
-0.0147476196289063 -0.086090087890625 0.00797843933105469 0.0232276916503906
0.00551605224609376 -0.0852432250976562 -0.00884819030761719 0.0303897857666016
0.0526657104492188 -0.072174072265625 -0.0198345184326172 0.034738540649414
0.082061767578125 -0.0324020385742188 -0.0294189453125 0.00714492797851563
0.0834121704101563 0.0520477294921875 -0.0281467437744141 -0.0155925750732422
0.0514297485351562 0.0986404418945313 0.00527191162109375 -0.0100011825561523
-0.00807952880859375 0.111885070800781 -0.012603759765625 0.0360832214355469
-0.0443191528320312 0.0741806030273438 0.0382537841796875 0.108810424804688
-0.0193328857421875 0.0851516723632812 0.0187835693359375 0.103759765625
0.0242538452148438 0.08782958984375 0.0193023681640625 0.072509765625
0.0718154907226563 0.0404510498046875 0.0332908630371094 0.0524826049804687
0.0693244934082031 -0.0135154724121094 0.0307273864746094 0.0292816162109375
0.0379562377929687 -0.0626983642578125 0.025787353515625 0.0157108306884766
0.00350189208984375 -0.0691070556640625 0.0202999114990234 0.019927978515625
-0.00085830688476563 -0.0654449462890625 0.0160312652587891 0.0308094024658203
-0.0065155029296875 -0.0757369995117188 0.0162773132324219 0.0463409423828125
0.01165771484375 -0.0743255615234375 -0.00590896606445313 0.0530815124511719
0.05303955078125 -0.0581130981445313 -0.0226936340332031 0.0500717163085937
0.0746917724609375 -0.0200881958007813 -0.0352249145507812 0.0182266235351563
0.0643119812011719 0.0553054809570313 -0.0290508270263672 -0.0107860565185547
0.0268096923828125 0.0876235961914063 0.00945091247558594 0.00700664520263672
-0.0252609252929687 0.086029052734375 -0.0205001831054688 0.0708160400390625
-0.0435905456542969 0.0222244262695313 0.02691650390625 0.127571105957031
-0.0325851440429687 0.042327880859375 0.0156097412109375 0.112464904785156
-0.0044708251953125 0.0552444458007813 0.0150833129882813 0.0682792663574219
0.0373344421386719 0.0354042053222656 0.0209503173828125 0.0534133911132812
0.0447578430175781 -0.000591278076171875 0.0192985534667969 0.0368423461914063
0.0284957885742187 -0.0379638671875 0.0230636596679688 0.0331439971923828
0.00656509399414062 -0.0463027954101562 0.0261573791503906 0.0397224426269531
0.00264358520507813 -0.0452919006347656 0.0263519287109375 0.0489845275878906
-0.000278472900390628 -0.0546112060546875 0.0251350402832031 0.0658683776855469
0.0127792358398438 -0.054168701171875 -0.00343322753906251 0.0722732543945313
0.0437431335449219 -0.0403175354003906 -0.0266189575195313 0.0633964538574219
0.0571517944335937 -0.00649642944335938 -0.0421943664550781 0.0256500244140625
0.0379753112792969 0.0523605346679688 -0.0325393676757813 -0.00790214538574219
-0.0025177001953125 0.0658149719238281 0.00747108459472657 0.0207347869873047
-0.0409393310546875 0.0479583740234375 -0.0324935913085938 0.0950241088867188
0.0375442504882813 0.00859451293945313 0.0399322509765625 -0.103981018066406
0.0275192260742188 -0.0325088500976563 0.000890731811523437 -0.0310287475585938
-0.00870323181152344 -0.0334186553955078 0.0324916839599609 0.0149478912353516
-0.0290393829345703 -0.00845909118652344 0.0654144287109375 -0.0211563110351563
-0.0249500274658203 0.0116748809814453 0.0468330383300781 -0.06488037109375
-0.0140724182128906 0.0254058837890625 0.00354766845703124 -0.0875167846679688
-0.00832366943359375 0.0216140747070313 -0.0298919677734375 -0.0811996459960938
-0.0117015838623047 0.0202102661132812 -0.0328292846679688 -0.0608062744140625
-0.0164413452148437 0.0200138092041016 -0.0295753479003906 -0.0511054992675781
-0.0221042633056641 0.005218505859375 -0.0216903686523438 -0.0458259582519531
-0.0187053680419922 -0.0147495269775391 -0.0181846618652344 -0.0438957214355469
0.00257492065429687 -0.0272407531738281 -0.0139732360839844 -0.0537948608398438
0.0339450836181641 -0.0185413360595703 -0.0072021484375 -0.0707244873046875
0.0473518371582031 0.00849533081054688 -0.01251220703125 -0.109001159667969
0.0398788452148438 0.0314445495605469 -0.00811767578124999 -0.134193420410156
0.0336647033691406 0.0597381591796875 0.058258056640625 -0.0951919555664063
0.0455856323242187 0.00862503051757813 0.0136947631835938 -0.0260353088378906
0.026580810546875 -0.0085906982421875 0.038543701171875 0.0218582153320312
0.00818538665771484 -0.014836311340332 0.0755462646484375 -0.016326904296875
-0.00115489959716797 -0.0113763809204102 0.0574913024902344 -0.0630989074707031
-0.00823497772216797 -0.00911045074462891 0.010833740234375 -0.0918655395507813
-0.0151491165161133 -0.0114402770996094 -0.0275497436523438 -0.085662841796875
-0.0156154632568359 -0.0108737945556641 -0.0323066711425781 -0.060699462890625
-0.0198497772216797 -0.0148067474365234 -0.0276145935058594 -0.0505485534667969
-0.0127429962158203 -0.0260353088378906 -0.022186279296875 -0.043701171875
0.00752449035644531 -0.0348739624023438 -0.0182647705078125 -0.0373115539550781
0.0358238220214844 -0.0270347595214844 -0.0147743225097656 -0.0464057922363281
0.0561866760253906 0.0125656127929688 -0.0143051147460938 -0.0592269897460938
0.0590705871582031 0.051971435546875 -0.0163040161132813 -0.093505859375
0.0339431762695312 0.0792160034179688 -0.00627136230468749 -0.116401672363281
0.0205307006835937 0.104095458984375 0.0713653564453125 -0.0680160522460938
0.0518417358398438 0.054656982421875 0.0242595672607422 -0.00924491882324218
0.0578765869140625 0.0255393981933594 0.0435562133789063 0.0330314636230469
0.0494613647460938 -0.0123405456542969 0.081512451171875 -0.00585174560546875
0.0288505554199219 -0.030914306640625 0.0655670166015625 -0.0522956848144531
0.002227783203125 -0.0423660278320313 0.0205917358398437 -0.0855026245117188
-0.0169105529785156 -0.043212890625 -0.0190277099609375 -0.079132080078125
-0.0175628662109375 -0.0400123596191406 -0.0279273986816406 -0.0518569946289062
-0.0214881896972656 -0.046356201171875 -0.023529052734375 -0.0403327941894531
-0.00657272338867188 -0.054046630859375 -0.0225543975830078 -0.0328922271728516
0.027557373046875 -0.0547256469726563 -0.0205192565917969 -0.0242977142333984
0.0608024597167969 -0.0333595275878906 -0.0194931030273438 -0.0342636108398438
0.0783309936523437 0.0306015014648437 -0.0224227905273437 -0.0467033386230469
0.0714111328125 0.0809860229492188 -0.0181808471679687 -0.0732192993164063
0.0296173095703125 0.11236572265625 -0.00890350341796875 -0.0856170654296875
0.00820922851562499 0.133743286132813 0.0763320922851563 -0.03076171875
0.05255126953125 0.0947723388671875 0.0333385467529297 0.0163497924804688
0.0832061767578125 0.0602569580078125 0.0474205017089844 0.0463409423828125
0.0874786376953125 -0.00591278076171875 0.0833816528320313 0.00653076171875
0.0567703247070312 -0.0455245971679687 0.0669097900390625 -0.0377235412597656
0.0118484497070313 -0.0713729858398438 0.0262527465820313 -0.0713577270507813
-0.0204124450683594 -0.0687065124511719 -0.0124473571777344 -0.0631179809570313
-0.0212478637695312 -0.0634384155273438 -0.0218658447265625 -0.0357627868652344
-0.0283699035644531 -0.0702171325683594 -0.0167083740234375 -0.0230617523193359
-0.00759124755859375 -0.0763092041015625 -0.0220470428466797 -0.0136299133300781
0.0372238159179687 -0.0744781494140625 -0.0224533081054687 -0.0043487548828125
0.075958251953125 -0.0450973510742187 -0.0256786346435547 -0.0194931030273438
0.0969314575195313 0.0355453491210938 -0.0293254852294922 -0.0333747863769531
0.0834121704101563 0.0946197509765625 -0.0162582397460937 -0.051849365234375
0.02862548828125 0.129974365234375 -0.012603759765625 -0.0465011596679688
-0.0147781372070313 0.138755798339844 0.071563720703125 0.0220184326171875
0.0323486328125 0.119552612304687 0.0347938537597656 0.0514793395996094
0.0810317993164063 0.0923690795898438 0.0405426025390625 0.0615997314453125
0.106361389160156 0.0136795043945313 0.0724258422851563 0.0282135009765625
0.0788803100585938 -0.0435638427734375 0.0616111755371094 -0.010650634765625
0.0263595581054688 -0.0845489501953125 0.0322914123535156 -0.0423736572265625
-0.0142745971679687 -0.0831756591796875 0.00229644775390625 -0.0374755859375
-0.0157852172851562 -0.0759506225585938 -0.00762557983398438 -0.0144720077514649
-0.0245590209960938 -0.0859832763671875 -0.00430703163146973 -0.000170707702636725
-0.0025787353515625 -0.087310791015625 -0.0159778594970703 0.00856494903564453
0.0464248657226562 -0.0803680419921875 -0.0208206176757812 0.0141048431396484
0.083587646484375 -0.044586181640625 -0.0285072326660156 -0.00561141967773438
0.0981063842773438 0.0433883666992188 -0.0292892456054687 -0.0233020782470703
0.0748748779296875 0.100715637207031 -0.00349235534667968 -0.0304527282714844
0.0129013061523437 0.130615234375 -0.0108499526977539 -0.00350952148437499
-0.0330963134765625 0.119331359863281 0.0586929321289063 0.0721817016601563
0.00605773925781249 0.116226196289063 0.0291213989257813 0.0838623046875
0.0604248046875 0.103691101074219 0.0304183959960938 0.0723342895507813
0.101844787597656 0.0313262939453125 0.0553092956542969 0.0444450378417969
0.0837631225585938 -0.0318069458007813 0.0482025146484375 0.0126953125
0.0351028442382812 -0.0820236206054688 0.0315265655517578 -0.0117416381835938
-0.00698089599609374 -0.084625244140625 0.0123348236083984 -0.00835132598876954
-0.0112457275390625 -0.0776443481445313 0.00548648834228516 0.00899028778076171
-0.0183792114257813 -0.0883865356445313 0.00832748413085937 0.0235614776611328
0.00225830078125001 -0.0883712768554688 -0.0098724365234375 0.0318031311035156
0.0507888793945313 -0.07696533203125 -0.0198993682861328 0.0345439910888672
0.083526611328125 -0.0360031127929688 -0.0311470031738281 0.00803756713867187
0.087066650390625 0.051239013671875 -0.0289230346679687 -0.0165386199951172
0.0550613403320313 0.0994644165039063 0.00535869598388672 -0.011500358581543
-0.00511932373046875 0.116157531738281 -0.0125007629394531 0.036651611328125
-0.0442428588867187 0.0774459838867188 0.042388916015625 0.11041259765625
-0.018524169921875 0.0874710083007812 0.019775390625 0.106536865234375
0.0272216796875 0.0895767211914063 0.0198516845703125 0.07464599609375
0.0748214721679688 0.0398635864257813 0.0353927612304688 0.0541114807128906
0.0708160400390625 -0.0152359008789062 0.0323677062988281 0.0305423736572266
0.0360908508300781 -0.0651817321777344 0.0276775360107422 0.0152206420898437
0.000549316406249997 -0.0709457397460938 0.0211620330810547 0.0199928283691406
-0.00397491455078125 -0.0661659240722656 0.0165863037109375 0.0314102172851562
-0.00993347167968751 -0.078643798828125 0.0181388854980469 0.0466880798339844
0.008758544921875 -0.076995849609375 -0.0057373046875 0.0546531677246094
0.0514373779296875 -0.0621871948242188 -0.0230751037597656 0.0517082214355469
0.0753402709960938 -0.023529052734375 -0.0367546081542969 0.0194664001464844
0.0679740905761719 0.055206298828125 -0.0306606292724609 -0.01116943359375
0.0299072265625 0.0883712768554688 0.0105180740356445 0.00603294372558594
-0.0246963500976563 0.0893325805664063 -0.0189666748046875 0.0717391967773437
-0.0442123413085938 0.0240287780761719 0.0310211181640625 0.130966186523438
-0.0330047607421875 0.0443191528320312 0.0174407958984375 0.115501403808594
-0.00313949584960937 0.0572624206542969 0.0160140991210938 0.071136474609375
0.0395355224609375 0.0339202880859375 0.0227203369140625 0.0557060241699219
0.0457344055175781 -0.00159835815429687 0.0208320617675781 0.0388717651367188
0.0272674560546875 -0.0402603149414063 0.0242118835449219 0.0346202850341797
0.00445175170898438 -0.0472183227539063 0.0275192260742188 0.0406570434570313
0.000461578369140627 -0.0462532043457031 0.0278816223144531 0.0494003295898438
-0.0032196044921875 -0.0575637817382813 0.0264892578125 0.0658721923828125
0.0108451843261719 -0.0563888549804688 -0.00209045410156249 0.0741653442382813
0.0435447692871094 -0.0431900024414063 -0.0264625549316406 0.0645408630371094
0.058258056640625 -0.00864791870117188 -0.0445747375488281 0.0263519287109375
0.0409126281738281 0.052886962890625 -0.033538818359375 -0.00863456726074218
-0.00116729736328124 0.0680809020996094 0.00853538513183594 0.0199432373046875
-0.0414581298828125 0.0500755310058594 -0.031524658203125 0.0976943969726563
0.0383415222167969 0.00783920288085938 0.0351715087890625 -0.107963562011719
0.0259056091308594 -0.0351047515869141 -0.000579833984375001 -0.0312271118164063
-0.0107517242431641 -0.0334014892578125 0.0341262817382813 0.0154399871826172
-0.0298671722412109 -0.00723075866699218 0.0656852722167969 -0.0229034423828125
-0.0244598388671875 0.0131587982177734 0.0444068908691406 -0.0685539245605469
-0.0118694305419922 0.0267868041992188 -0.00104522705078126 -0.089111328125
-0.0076141357421875 0.0224742889404297 -0.0339508056640625 -0.0808029174804688
-0.00980377197265625 0.0214328765869141 -0.0360679626464844 -0.0601005554199219
-0.0150165557861328 0.0224189758300781 -0.0325965881347656 -0.050628662109375
-0.022674560546875 0.00644302368164063 -0.0240097045898437 -0.0458030700683594
-0.0195865631103516 -0.0140609741210938 -0.0213356018066406 -0.044189453125
0.000892639160156252 -0.0277786254882813 -0.0162696838378906 -0.0547943115234375
0.0327796936035156 -0.0200042724609375 -0.00907135009765625 -0.0727157592773438
0.0490951538085938 0.0065460205078125 -0.016815185546875 -0.110557556152344
0.0421943664550781 0.0305366516113281 -0.01434326171875 -0.137199401855469
0.0362548828125 0.0607337951660156 0.0548171997070313 -0.0993728637695313
0.0457954406738281 0.0061492919921875 0.0113983154296875 -0.0271129608154297
0.0269565582275391 -0.0103168487548828 0.039642333984375 0.0220527648925781
0.00759983062744141 -0.0152177810668945 0.0755767822265625 -0.0186691284179688
-0.00163650512695313 -0.0116062164306641 0.056182861328125 -0.0669021606445313
-0.00912284851074219 -0.0088052749633789 0.00750732421875 -0.0937271118164062
-0.016596794128418 -0.0105953216552734 -0.0317840576171875 -0.0856246948242188
-0.0165214538574219 -0.0098876953125 -0.0368118286132813 -0.0596427917480469
-0.0202426910400391 -0.0132064819335938 -0.0320930480957031 -0.0502777099609375
-0.0145797729492188 -0.0252971649169922 -0.0254859924316406 -0.0439186096191406
0.00616836547851562 -0.0349044799804688 -0.0214653015136719 -0.0377349853515625
0.0346183776855469 -0.0283851623535156 -0.0171966552734375 -0.0475959777832031
0.0583419799804688 0.0103836059570313 -0.0155258178710937 -0.0609016418457031
0.0624771118164063 0.0499191284179688 -0.0193405151367187 -0.0957717895507813
0.0380783081054687 0.080047607421875 -0.0120620727539063 -0.11956787109375
0.0255889892578125 0.105438232421875 0.070037841796875 -0.0727386474609375
0.055084228515625 0.0530052185058594 0.022705078125 -0.0106220245361328
0.0604705810546875 0.0237808227539062 0.0450592041015625 0.0334014892578125
0.0496101379394531 -0.0148353576660156 0.0824050903320313 -0.0078582763671875
0.0276966094970703 -0.0327987670898438 0.0652580261230469 -0.0556259155273438
-0.000736236572265626 -0.0425453186035156 0.0175247192382812 -0.088134765625
-0.0203933715820312 -0.0426177978515625 -0.0240554809570313 -0.0796127319335938
-0.0194931030273437 -0.0397224426269531 -0.0310211181640625 -0.0510330200195313
-0.0250892639160156 -0.0456275939941406 -0.0266265869140625 -0.0398635864257812
-0.00957870483398437 -0.0539627075195313 -0.0258407592773437 -0.0319862365722656
0.0249137878417969 -0.056121826171875 -0.0231304168701172 -0.0239028930664063
0.0596275329589844 -0.0364875793457031 -0.0227890014648437 -0.0354461669921875
0.08160400390625 0.0278854370117188 -0.024017333984375 -0.0476036071777344
0.0763778686523438 0.0795364379882813 -0.021026611328125 -0.0752334594726562
0.0345230102539062 0.113960266113281 -0.0131072998046875 -0.0877685546875
0.0134048461914063 0.135932922363281 0.0752716064453125 -0.033935546875
0.0570831298828125 0.0937042236328125 0.0329208374023438 0.0153446197509766
0.087860107421875 0.0585861206054688 0.049774169921875 0.0470504760742188
0.0886764526367188 -0.00994873046875 0.084991455078125 0.00463104248046875
0.0557098388671875 -0.0492591857910156 0.0673294067382813 -0.0407218933105469
0.00722503662109375 -0.0727767944335938 0.0232086181640625 -0.0735092163085937
-0.0251388549804687 -0.0690231323242187 -0.0157279968261719 -0.0637359619140625
-0.0244674682617187 -0.0620689392089844 -0.0241889953613281 -0.03448486328125
-0.032958984375 -0.0705795288085938 -0.0188484191894531 -0.0219764709472656
-0.0118942260742187 -0.076995849609375 -0.0240001678466797 -0.0127143859863281
0.0340347290039063 -0.07794189453125 -0.0235786437988281 -0.00464057922363282
0.0745468139648438 -0.0498275756835937 -0.0286331176757812 -0.0196743011474609
0.10076904296875 0.03192138671875 -0.0306205749511719 -0.0338096618652344
0.0895843505859375 0.092132568359375 -0.018524169921875 -0.05291748046875
0.034576416015625 0.13250732421875 -0.0149803161621094 -0.0479469299316406
-0.0102081298828125 0.1422119140625 0.0732498168945313 0.019256591796875
0.0369491577148437 0.119949340820312 0.0352859497070313 0.0506706237792969
0.0876312255859375 0.090667724609375 0.0426177978515625 0.0624656677246094
0.108551025390625 0.00846099853515625 0.0745925903320313 0.0268936157226563
0.0779190063476563 -0.0474472045898438 0.0632858276367188 -0.0126152038574219
0.0217361450195312 -0.0867996215820313 0.0311355590820313 -0.0441055297851563
-0.0190353393554688 -0.0839767456054688 -0.000419616699218755 -0.0381851196289063
-0.020416259765625 -0.07611083984375 -0.00931262969970703 -0.0136318206787109
-0.0302810668945313 -0.0861663818359375 -0.00472211837768555 -0.000300884246826177
-0.00811767578124999 -0.0890960693359375 -0.0163068771362305 0.00979042053222656
0.042266845703125 -0.0845718383789063 -0.0209236145019531 0.0163040161132812
0.0820541381835938 -0.0496902465820313 -0.0300388336181641 -0.00528144836425781
0.101631164550781 0.0398941040039063 -0.0306243896484375 -0.0238838195800781
0.0810928344726563 0.0992889404296875 -0.00616073608398437 -0.0319862365722656
0.0190048217773437 0.132926940917969 -0.0114011764526367 -0.00487422943115234
-0.0289993286132813 0.122787475585938 0.0626907348632812 0.0705490112304688
0.0111007690429688 0.118560791015625 0.0320358276367188 0.0835800170898438
0.0659408569335937 0.103652954101563 0.0335006713867188 0.0731582641601563
0.104461669921875 0.026885986328125 0.0571975708007813 0.044158935546875
0.0831298828125 -0.0360870361328125 0.0508079528808594 0.0128440856933594
0.030426025390625 -0.0850372314453125 0.0319080352783203 -0.0143146514892578
-0.012420654296875 -0.0855865478515625 0.0123882293701172 -0.00843429565429688
-0.015533447265625 -0.0778045654296875 0.00458621978759766 0.00950622558593749
-0.0252151489257813 -0.0890579223632813 0.00864028930664063 0.0231075286865234
-0.00264739990234375 -0.0890731811523437 -0.00882530212402344 0.0333347320556641
0.047882080078125 -0.0810928344726563 -0.0198554992675781 0.03533935546875
0.08343505859375 -0.0414886474609375 -0.0327339172363281 0.00826263427734374
0.0916748046875 0.0478973388671875 -0.0305709838867187 -0.0162410736083984
0.0615386962890625 0.0986709594726563 0.00511360168457032 -0.0129060745239258
-0.000663757324218749 0.119232177734375 -0.0119438171386719 0.0366897583007813
-0.0411224365234375 0.0800704956054688 0.0466232299804688 0.110488891601562
-0.015472412109375 0.0902786254882813 0.0239410400390625 0.106681823730469
0.0316390991210937 0.0909957885742187 0.0223007202148438 0.0760269165039063
0.0774307250976563 0.0364303588867188 0.037841796875 0.0544281005859375
0.0710372924804688 -0.0196380615234375 0.0347423553466797 0.0305366516113281
0.0326347351074219 -0.0674819946289063 0.0290737152099609 0.0142688751220703
-0.00323486328125 -0.0722503662109375 0.0218162536621094 0.0192356109619141
-0.00782394409179688 -0.0671882629394531 0.0181808471679688 0.0319919586181641
-0.015289306640625 -0.07928466796875 0.0202598571777344 0.0460166931152344
0.00417327880859374 -0.0781173706054688 -0.00424575805664063 0.0556221008300781
0.0482673645019531 -0.0664787292480469 -0.0209007263183594 0.05242919921875
0.0756759643554688 -0.02838134765625 -0.0372505187988281 0.0204887390136719
0.0721969604492188 0.0530929565429688 -0.0318431854248047 -0.0107192993164062
0.034027099609375 0.0892562866210938 0.0102291107177734 0.00420570373535157
-0.0211563110351562 0.0924758911132813 -0.016265869140625 0.073333740234375
-0.0440940856933594 0.0262222290039062 0.0371246337890625 0.132469177246094
-0.0306167602539062 0.0467338562011719 0.021820068359375 0.116554260253906
-0.000530242919921873 0.05950927734375 0.0177841186523437 0.0725784301757813
0.0411148071289063 0.0327720642089844 0.0243721008300781 0.0563697814941406
0.045806884765625 -0.00436019897460938 0.0234870910644531 0.0395736694335938
0.0257453918457031 -0.0421409606933594 0.0258769989013672 0.0327262878417969
0.00213623046875 -0.0477867126464844 0.0297431945800781 0.0403099060058594
-0.00176239013671875 -0.046417236328125 0.029998779296875 0.0489578247070313
-0.00720596313476563 -0.0583457946777344 0.0300445556640625 0.0651664733886719
0.00774002075195312 -0.0583610534667969 0.000740051269531246 0.076141357421875
0.0415115356445313 -0.0462875366210938 -0.0236473083496094 0.0673103332519531
0.0595245361328125 -0.0114898681640625 -0.0445022583007813 0.0288734436035156
0.0438423156738281 0.0517234802246094 -0.0349330902099609 -0.00780487060546875
0.00278091430664063 0.0687599182128906 0.0104751586914063 0.0194969177246094
-0.0401496887207031 0.0528450012207031 -0.027099609375 0.100112915039062
0.0384063720703125 0.00644683837890625 0.0291748046875 -0.1097412109375
0.0231437683105469 -0.0359268188476563 -0.00358963012695312 -0.0308971405029297
-0.0120944976806641 -0.0335140228271484 0.0351486206054688 0.01470947265625
-0.0298976898193359 -0.00590705871582032 0.0647125244140625 -0.0258941650390625
-0.0237388610839844 0.0146579742431641 0.042205810546875 -0.0703506469726563
-0.0104141235351562 0.0274009704589844 -0.00413513183593751 -0.088348388671875
-0.00619316101074219 0.0227794647216797 -0.038330078125 -0.07879638671875
-0.00867843627929688 0.0221881866455078 -0.0390243530273438 -0.0577507019042969
-0.0127811431884766 0.023193359375 -0.0355987548828125 -0.0487136840820313
-0.0213737487792969 0.00829887390136719 -0.0265998840332031 -0.0446014404296875
-0.0207157135009766 -0.01214599609375 -0.0240325927734375 -0.0433120727539062
-1.71661376953126E-05 -0.0276527404785156 -0.0187873840332031 -0.0549583435058594
0.0318489074707031 -0.0217399597167969 -0.011077880859375 -0.0730056762695312
0.0494537353515625 0.00374984741210938 -0.0212936401367187 -0.110130310058594
0.0441360473632813 0.0283660888671875 -0.0211563110351563 -0.136993408203125
0.0395431518554688 0.0591773986816406 0.0493927001953125 -0.102424621582031
0.0449180603027344 0.00359725952148438 0.00842285156250001 -0.0276527404785156
0.0262012481689453 -0.0118923187255859 0.041168212890625 0.0211448669433594
0.00730514526367188 -0.0152273178100586 0.0754623413085938 -0.0215682983398438
-0.00238323211669922 -0.0113363265991211 0.0536079406738281 -0.0690040588378906
-0.00994586944580078 -0.00778770446777344 0.00296783447265626 -0.0940170288085937
-0.0169258117675781 -0.009735107421875 -0.0353317260742187 -0.0832595825195313
-0.0159482955932617 -0.00946998596191406 -0.038543701171875 -0.0572662353515625
-0.0210742950439453 -0.011566162109375 -0.0345344543457031 -0.0481834411621094
-0.0157680511474609 -0.0244865417480469 -0.0275230407714844 -0.042205810546875
0.003997802734375 -0.0350322723388672 -0.02386474609375 -0.0374488830566406
0.0328235626220703 -0.03057861328125 -0.0204544067382812 -0.0477066040039063
0.0588531494140625 0.00832366943359375 -0.0170707702636719 -0.0610809326171875
0.0652580261230469 0.0469474792480469 -0.0236587524414063 -0.0952682495117188
0.0421371459960938 0.0778732299804687 -0.019012451171875 -0.118766784667969
0.0301361083984375 0.105178833007812 0.065093994140625 -0.0767364501953125
0.056304931640625 0.0495529174804688 0.0215435028076172 -0.0118007659912109
0.0618667602539063 0.0203971862792969 0.0461654663085938 0.0329246520996094
0.0484848022460937 -0.0177536010742188 0.0822296142578125 -0.010833740234375
0.0257625579833984 -0.0335159301757812 0.0630149841308594 -0.0582237243652344
-0.0035400390625 -0.042388916015625 0.0135498046875 -0.088592529296875
-0.0235099792480469 -0.0414924621582031 -0.0276947021484375 -0.0777587890625
-0.0212669372558594 -0.0379867553710938 -0.0342025756835938 -0.0486793518066406
-0.0275001525878906 -0.0435295104980469 -0.02911376953125 -0.03857421875
-0.01263427734375 -0.0527496337890625 -0.0278892517089844 -0.0307598114013672
0.0214424133300781 -0.0571060180664063 -0.0252952575683594 -0.0235824584960937
0.0574378967285156 -0.0389671325683594 -0.0243911743164062 -0.0357704162597656
0.0833969116210938 0.0244064331054687 -0.0250511169433594 -0.0472679138183594
0.0801849365234375 0.075408935546875 -0.0243606567382812 -0.0753402709960938
0.039031982421875 0.112251281738281 -0.0181350708007813 -0.0877761840820313
0.0196914672851563 0.136024475097656 0.0725860595703125 -0.0384140014648438
0.0597915649414063 0.0901260375976563 0.0321559906005859 0.01416015625
0.0903091430664063 0.05413818359375 0.0508460998535156 0.0461158752441406
0.0871429443359375 -0.0147933959960938 0.0847854614257813 0.001739501953125
0.05230712890625 -0.0517692565917969 0.066162109375 -0.0431289672851563
0.00261688232421875 -0.0718765258789063 0.0203475952148437 -0.0743865966796875
-0.0285301208496094 -0.0672874450683594 -0.0195503234863281 -0.06195068359375
-0.0281562805175781 -0.0602989196777344 -0.0258617401123047 -0.0319404602050781
-0.0369491577148437 -0.068115234375 -0.0208244323730469 -0.0208091735839844
-0.0166015625 -0.0755844116210938 -0.0251903533935547 -0.0109310150146484
0.0288925170898438 -0.0786514282226563 -0.0252342224121094 -0.00387573242187501
0.0710525512695313 -0.053497314453125 -0.0300979614257812 -0.0201950073242188
0.101791381835938 0.0271835327148438 -0.0323925018310547 -0.0337371826171875
0.0940322875976562 0.0872268676757812 -0.0207862854003906 -0.0534439086914063
0.0407180786132812 0.13043212890625 -0.0181503295898437 -0.0477676391601562
-0.00389099121093751 0.143020629882813 0.0736083984375 0.0143203735351563
0.0413436889648438 0.117218017578125 0.0363197326660156 0.0479011535644531
0.092620849609375 0.0867996215820312 0.0450096130371094 0.0620498657226563
0.108360290527344 0.00290679931640625 0.075775146484375 0.024200439453125
0.0750274658203125 -0.0511856079101563 0.06341552734375 -0.0151596069335938
0.0164566040039062 -0.08673095703125 0.0292739868164063 -0.0468254089355469
-0.0241165161132813 -0.0823135375976563 -0.00254440307617187 -0.0383720397949219
-0.0240249633789063 -0.074310302734375 -0.0104179382324219 -0.0118350982666016
-0.0361099243164063 -0.0843505859375 -0.0060577392578125 4.76837158203073E-05
-0.0128021240234375 -0.087310791015625 -0.0170755386352539 0.0113821029663086
0.0366363525390625 -0.0870208740234375 -0.0212516784667969 0.0159282684326172
0.0792999267578125 -0.05389404296875 -0.0317649841308594 -0.00430107116699218
0.103775024414062 0.0349349975585938 -0.0315532684326172 -0.0235252380371094
0.085906982421875 0.09442138671875 -0.00714683532714843 -0.0329532623291016
0.0244140625 0.132278442382813 -0.0123958587646484 -0.00470256805419921
-0.024017333984375 0.124580383300781 0.0653533935546875 0.0666885375976563
0.0157852172851563 0.116851806640625 0.0341949462890625 0.0814285278320313
0.071807861328125 0.100624084472656 0.0351104736328125 0.072906494140625
0.104377746582031 0.0214004516601563 0.0592155456542969 0.0432281494140625
0.0810394287109375 -0.0401458740234375 0.0514373779296875 0.01068115234375
0.0254440307617187 -0.0861129760742188 0.0312786102294922 -0.0151786804199219
-0.0166473388671875 -0.0839462280273437 0.0114116668701172 -0.00887584686279297
-0.0195465087890625 -0.0761566162109375 0.00449466705322265 0.0105676651000977
-0.0311126708984375 -0.0867767333984375 0.00904655456542968 0.0227432250976562
-0.00848388671875001 -0.0890350341796875 -0.00805091857910157 0.0341625213623047
0.0425033569335937 -0.0835189819335938 -0.018463134765625 0.0359230041503906
0.0802688598632813 -0.0460357666015625 -0.0331001281738281 0.00947189331054688
0.094085693359375 0.0434951782226563 -0.0320148468017578 -0.0159626007080078
0.0660018920898438 0.0950393676757813 0.00451374053955079 -0.0137920379638672
0.00508880615234375 0.119895935058594 -0.0106468200683594 0.0367622375488281
-0.037811279296875 0.0821075439453125 0.0517807006835937 0.107444763183594
-0.0113677978515625 0.09014892578125 0.02752685546875 0.105010986328125
0.0364456176757813 0.0894012451171875 0.0242385864257813 0.0761795043945313
0.0787277221679688 0.032135009765625 0.039642333984375 0.0536766052246094
0.0699386596679688 -0.02264404296875 0.0363578796386719 0.0294952392578125
0.028533935546875 -0.0691184997558594 0.0301151275634766 0.0130138397216797
-0.00740051269531249 -0.0717239379882813 0.0226955413818359 0.0180549621582031
-0.0114517211914062 -0.0667991638183594 0.0185470581054688 0.0309257507324219
-0.0207977294921875 -0.077789306640625 0.0210723876953125 0.0447006225585937
-0.000381469726562503 -0.0780105590820313 -0.00120925903320312 0.0559272766113281
0.0436592102050781 -0.0697975158691406 -0.0189628601074219 0.0530624389648437
0.0735397338867188 -0.0323028564453125 -0.0369224548339844 0.0214881896972656
0.0749664306640625 0.0488128662109375 -0.0329933166503906 -0.00972938537597655
0.0381317138671875 0.0868377685546875 0.011235237121582 0.00323200225830079
-0.0166473388671875 0.0938568115234375 -0.0126571655273437 0.0730209350585938
-0.0430755615234375 0.0287208557128906 0.0435943603515625 0.129814147949219
-0.0287246704101563 0.0474014282226563 0.0264358520507812 0.115638732910156
0.00335311889648437 0.0602302551269531 0.0201339721679687 0.072174072265625
0.043212890625 0.030517578125 0.0268669128417969 0.0562400817871094
0.045257568359375 -0.00633621215820313 0.0256805419921875 0.0391120910644531
0.022674560546875 -0.0435638427734375 0.0280303955078125 0.0313014984130859
-0.000606536865234379 -0.0481300354003906 0.0320472717285156 0.0381660461425781
-0.00521469116210937 -0.0470085144042969 0.0322113037109375 0.0472526550292969
-0.0108070373535156 -0.0576362609863281 0.0337028503417969 0.0634956359863281
0.00368499755859376 -0.0577774047851562 0.0044403076171875 0.075286865234375
0.0384025573730469 -0.049285888671875 -0.0206108093261719 0.0675888061523438
0.0585746765136719 -0.0145645141601563 -0.0435829162597656 0.03033447265625
0.0463676452636719 0.0492668151855469 -0.035858154296875 -0.00695037841796875
0.00617599487304687 0.0687255859375 0.0116443634033203 0.0185356140136719
-0.0371665954589844 0.0548744201660156 -0.02215576171875 0.100250244140625
0.0390472412109375 0.00630950927734375 0.0245742797851563 -0.107803344726563
0.021240234375 -0.0366363525390625 -0.00551223754882812 -0.0301990509033203
-0.0131072998046875 -0.0323696136474609 0.0356941223144531 0.0146255493164062
-0.0291538238525391 -0.00446891784667969 0.0637245178222656 -0.0261116027832031
-0.0226345062255859 0.0145015716552734 0.0392837524414063 -0.07037353515625
-0.00950241088867187 0.0270957946777344 -0.00626373291015626 -0.0861358642578125
-0.00485801696777344 0.0229530334472656 -0.0397262573242187 -0.076416015625
-0.00705528259277344 0.0217628479003906 -0.0392532348632813 -0.0556068420410156
-0.0109977722167969 0.0232925415039063 -0.0369186401367188 -0.0469322204589844
-0.0202617645263672 0.009429931640625 -0.0278167724609375 -0.0435905456542969
-0.0208969116210938 -0.0110969543457031 -0.0256500244140625 -0.0422477722167969
-0.00137519836425781 -0.0272159576416016 -0.0196800231933594 -0.0545654296875
0.0304622650146484 -0.0224475860595703 -0.0121536254882813 -0.0723495483398438
0.04852294921875 0.00222015380859375 -0.0236358642578125 -0.108108520507813
0.0439872741699219 0.0261726379394531 -0.02520751953125 -0.134284973144531
0.0406074523925781 0.0574874877929688 0.0443878173828125 -0.103012084960938
0.0434455871582031 0.00226211547851563 0.00643730163574219 -0.0270843505859375
0.0257396697998047 -0.0126190185546875 0.0417442321777344 0.0204048156738281
0.00639152526855469 -0.0157546997070312 0.0734786987304688 -0.0231475830078125
-0.00245475769042969 -0.010833740234375 0.05120849609375 -0.0693511962890625
-0.0100603103637695 -0.00713729858398438 0.0006256103515625 -0.092376708984375
-0.0171098709106445 -0.00899696350097656 -0.0371856689453125 -0.0807952880859375
-0.0155677795410156 -0.00790786743164063 -0.0393028259277344 -0.055084228515625
-0.0207653045654297 -0.00967788696289063 -0.0357589721679688 -0.0456352233886719
-0.0161972045898437 -0.0224819183349609 -0.0294456481933594 -0.0404930114746094
0.00242996215820313 -0.0339202880859375 -0.02520751953125 -0.0365715026855469
0.0310497283935547 -0.0305442810058594 -0.0208778381347656 -0.0471878051757813
0.0576400756835938 0.00591659545898438 -0.0174217224121094 -0.0609550476074219
0.0649681091308594 0.0438804626464844 -0.0255889892578125 -0.0940933227539063
0.0430145263671875 0.0751571655273438 -0.0223464965820312 -0.117073059082031
0.0324935913085937 0.10296630859375 0.0606918334960938 -0.0772933959960938
0.0559349060058594 0.046905517578125 0.0188961029052734 -0.0125637054443359
0.0614547729492188 0.0178413391113281 0.0464630126953125 0.0320777893066406
0.0468711853027344 -0.0187797546386719 0.0814437866210938 -0.0117340087890625
0.0240955352783203 -0.0338497161865234 0.0609054565429688 -0.0589370727539063
-0.00508880615234375 -0.0416107177734375 0.0111618041992188 -0.0876007080078125
-0.0245323181152344 -0.0399513244628906 -0.029510498046875 -0.0751190185546875
-0.0221824645996094 -0.0363388061523437 -0.0343475341796875 -0.04644775390625
-0.0286140441894531 -0.0412635803222656 -0.030487060546875 -0.0361557006835938
-0.0145721435546875 -0.0510406494140625 -0.0287666320800781 -0.0285911560058594
0.018524169921875 -0.0564918518066406 -0.0266456604003906 -0.0229644775390625
0.0549736022949219 -0.0403556823730469 -0.0260124206542969 -0.0354881286621094
0.082305908203125 0.0213165283203125 -0.0251502990722656 -0.04730224609375
0.0810699462890625 0.070404052734375 -0.0256423950195313 -0.074188232421875
0.0420913696289062 0.109756469726563 -0.0210342407226563 -0.0862045288085938
0.0232696533203125 0.1336669921875 0.0693168640136719 -0.0410575866699219
0.0605316162109375 0.0868911743164063 0.0301036834716797 0.0121040344238281
0.0911788940429687 0.0496444702148437 0.0514068603515625 0.0450782775878906
0.0846939086914063 -0.017791748046875 0.084075927734375 0.000633239746093749
0.0497589111328125 -0.052337646484375 0.0651702880859375 -0.0437126159667969
0.000152587890625004 -0.0711441040039063 0.0178375244140625 -0.0738525390625
-0.0316429138183594 -0.064361572265625 -0.020904541015625 -0.06024169921875
-0.0285301208496094 -0.0584716796875 -0.0266170501708984 -0.0293045043945313
-0.0387763977050781 -0.0647621154785156 -0.0221042633056641 -0.0190410614013672
-0.0194473266601562 -0.0724105834960938 -0.0256519317626953 -0.00965118408203125
0.0241851806640625 -0.07830810546875 -0.0254573822021484 -0.00382423400878907
0.067901611328125 -0.0553207397460937 -0.0309696197509766 -0.0189094543457031
0.101692199707031 0.0235519409179687 -0.0319252014160156 -0.033416748046875
0.0947494506835938 0.0823745727539063 -0.0217742919921875 -0.0542030334472656
0.0432510375976562 0.128456115722656 -0.0194435119628906 -0.0468711853027344
-0.000152587890624997 0.141098022460938 0.0720672607421875 0.0121536254882813
0.0437545776367188 0.113548278808594 0.03558349609375 0.0454788208007813
0.09356689453125 0.0829010009765625 0.0451622009277344 0.0603370666503906
0.106315612792969 6.103515625E-05 0.0747833251953125 0.0233917236328125
0.0724258422851563 -0.0527725219726563 0.0627975463867188 -0.0157966613769531
0.01275634765625 -0.0858154296875 0.0279731750488281 -0.0467414855957031
-0.0270004272460938 -0.0797805786132813 -0.00424575805664063 -0.0368309020996094
-0.0262069702148438 -0.0720977783203125 -0.0109663009643555 -0.0106563568115234
-0.0391464233398437 -0.0800247192382813 -0.00652027130126953 0.000466823577880856
-0.0166473388671875 -0.0851821899414063 -0.0165109634399414 0.0114965438842773
0.0322723388671875 -0.0866012573242188 -0.0214786529541016 0.0161476135253906
0.0761566162109375 -0.0556488037109375 -0.0317306518554688 -0.00364494323730469
0.103492736816406 0.031707763671875 -0.0319843292236328 -0.0233783721923828
0.0872268676757813 0.0903396606445313 -0.00823974609374999 -0.0335006713867187
0.0278549194335937 0.129898071289062 -0.0130462646484375 -0.00474452972412109
-0.0199050903320313 0.122581481933594 0.0656166076660156 0.0629959106445313
0.0177383422851563 0.113807678222656 0.0352249145507813 0.0781097412109375
0.0740890502929688 0.0970382690429688 0.0358123779296875 0.072021484375
0.1033935546875 0.0174789428710938 0.0593948364257813 0.0415992736816406
0.0777206420898437 -0.0423660278320312 0.0518608093261719 0.0096435546875
0.0218048095703125 -0.0846023559570313 0.0312023162841797 -0.0165481567382813
-0.0201873779296875 -0.0819244384765625 0.0106887817382813 -0.00903415679931641
-0.0214920043945313 -0.0741958618164063 0.00450420379638672 0.0104150772094726
-0.0345306396484375 -0.0836715698242187 0.00872611999511718 0.0220584869384766
-0.01226806640625 -0.086639404296875 -0.00750923156738282 0.0339069366455078
0.037200927734375 -0.0839462280273438 -0.0179538726806641 0.0344696044921875
0.076751708984375 -0.0482864379882813 -0.0327129364013672 0.00967979431152344
0.0937576293945313 0.0396957397460937 -0.0316638946533203 -0.0153388977050781
0.067657470703125 0.0911636352539063 0.00352668762207032 -0.0152158737182617
0.00817108154296874 0.118331909179687 -0.00967788696289063 0.0352096557617188
-0.034515380859375 0.0823745727539063 0.05389404296875 0.103721618652344
-0.00935363769531249 0.0884170532226562 0.0291595458984375 0.102210998535156
0.0389404296875 0.0875625610351563 0.0245208740234375 0.07513427734375
0.0783004760742188 0.0291595458984375 0.04034423828125 0.0527915954589844
0.0678672790527344 -0.0250663757324219 0.0376815795898438 0.0287284851074219
0.0250091552734375 -0.0683059692382813 0.0299015045166016 0.0115280151367187
-0.0107879638671875 -0.0700149536132813 0.0227890014648437 0.0170307159423828
-0.0138359069824219 -0.065185546875 0.0192604064941406 0.0307044982910156
-0.0240020751953125 -0.07489013671875 0.0219039916992188 0.0429153442382813
-0.00410461425781251 -0.0767059326171875 -0.000633239746093751 0.054931640625
0.03973388671875 -0.0704574584960937 -0.0177536010742188 0.0516471862792969
0.0708465576171875 -0.0343475341796875 -0.0362930297851563 0.0221443176269531
0.0755233764648438 0.0460281372070313 -0.0325927734375 -0.00959968566894531
0.0406570434570313 0.0839385986328125 0.0108623504638672 0.00156784057617188
-0.0136947631835938 0.093292236328125 -0.0109176635742188 0.0716552734375
-0.0408134460449219 0.0286979675292969 0.0464401245117188 0.125923156738281
-0.0270538330078125 0.0475997924804687 0.0283737182617187 0.112564086914063
0.00524902343750001 0.0599021911621094 0.0209274291992188 0.0712127685546875
0.0431480407714844 0.0284919738769531 0.0276069641113281 0.0554771423339844
0.043853759765625 -0.00802230834960938 0.0267181396484375 0.0376701354980469
0.0204734802246094 -0.0428543090820313 0.0291271209716797 0.0300445556640625
-0.00269317626953125 -0.0475730895996094 0.0328102111816406 0.0365791320800781
-0.00629043579101563 -0.0455055236816406 0.0327720642089844 0.0452651977539063
-0.0140419006347656 -0.0556602478027344 0.0339584350585937 0.060760498046875
0.001556396484375 -0.0571327209472656 0.00624847412109375 0.0736846923828125
0.0358924865722656 -0.0501480102539063 -0.0187225341796875 0.0665817260742188
0.0569992065429688 -0.0170478820800781 -0.0424842834472656 0.0310554504394531
0.0465240478515625 0.0470428466796875 -0.0356903076171875 -0.00627136230468749
0.00747299194335937 0.0673027038574219 0.0118160247802734 0.0161657333374023
-0.0358200073242188 0.0551376342773438 -0.0185165405273437 0.0981826782226563
0.0390205383300781 0.00592422485351563 0.023193359375 -0.106773376464844
0.0197296142578125 -0.0356903076171875 -0.00724029541015625 -0.0288105010986328
-0.0133552551269531 -0.0328578948974609 0.0356559753417969 0.0148086547851562
-0.0286121368408203 -0.00467872619628906 0.0634880065917969 -0.0263786315917969
-0.0222549438476563 0.0145244598388672 0.0384941101074219 -0.069732666015625
-0.00915145874023437 0.0274906158447266 -0.00656127929687501 -0.0848617553710938
-0.00473785400390625 0.0225677490234375 -0.040008544921875 -0.0753021240234375
-0.00584030151367188 0.0220241546630859 -0.0390167236328125 -0.0543594360351562
-0.00996780395507812 0.0231361389160156 -0.0368080139160156 -0.0449180603027344
-0.0194263458251953 0.00940513610839844 -0.0280532836914063 -0.0429878234863281
-0.0205364227294922 -0.01025390625 -0.0251693725585937 -0.0422782897949219
-0.00148773193359375 -0.02716064453125 -0.019805908203125 -0.0545158386230469
0.0293941497802734 -0.0227394104003906 -0.0110397338867188 -0.0731430053710938
0.04779052734375 0.001373291015625 -0.0227737426757812 -0.106605529785156
0.0439186096191406 0.0255012512207031 -0.0256500244140625 -0.132919311523438
0.0418128967285156 0.05780029296875 0.0417633056640625 -0.101661682128906
0.0420761108398438 0.00175857543945313 0.00437545776367188 -0.02667236328125
0.024444580078125 -0.0128974914550781 0.0415115356445313 0.0218353271484375
0.00602054595947266 -0.0160846710205078 0.0733795166015625 -0.0223007202148438
-0.00232887268066406 -0.0104408264160156 0.0503349304199219 -0.0686683654785156
-0.0102415084838867 -0.00669002532958985 0.000541687011718745 -0.0907821655273438
-0.01690673828125 -0.00793361663818359 -0.0379104614257813 -0.0792999267578125
-0.0149755477905273 -0.00799560546875 -0.0393905639648438 -0.0534286499023437
-0.0197010040283203 -0.00970077514648438 -0.0358810424804688 -0.044036865234375
-0.0159950256347656 -0.0215721130371094 -0.0296821594238281 -0.0398330688476562
0.00214576721191406 -0.0327930450439453 -0.0264663696289063 -0.0357208251953125
0.0306358337402344 -0.0308990478515625 -0.0210723876953125 -0.0479927062988281
0.056976318359375 0.00579071044921875 -0.0163154602050781 -0.061492919921875
0.0646324157714844 0.0421218872070313 -0.0251083374023438 -0.0935592651367187
0.043731689453125 0.0743865966796875 -0.0227432250976563 -0.1160888671875
0.0331954956054687 0.10247802734375 0.0588836669921875 -0.0778045654296875
0.0538978576660156 0.0460891723632813 0.0170869827270508 -0.01226806640625
0.0612068176269531 0.0174980163574219 0.046142578125 0.0328254699707031
0.0460243225097656 -0.0194282531738281 0.080413818359375 -0.01171875
0.0235137939453125 -0.0334587097167969 0.0607185363769531 -0.0584335327148438
-0.00629425048828125 -0.0403938293457031 0.0107345581054687 -0.0869293212890625
-0.0248756408691406 -0.0391616821289063 -0.0295486450195313 -0.0739212036132813
-0.0215415954589844 -0.035888671875 -0.0338935852050781 -0.0447540283203125
-0.0288619995117187 -0.0401191711425781 -0.0310478210449219 -0.0352897644042969
-0.0152626037597656 -0.0496711730957031 -0.0292587280273437 -0.0283527374267578
0.0170745849609375 -0.0557403564453125 -0.0270576477050781 -0.0229663848876953
0.0543136596679687 -0.0400009155273437 -0.02630615234375 -0.0359001159667969
0.0812225341796875 0.0208206176757813 -0.0240898132324219 -0.0484237670898437
0.0802688598632813 0.069122314453125 -0.0251083374023437 -0.0747756958007813
0.04248046875 0.108642578125 -0.0210952758789063 -0.0856704711914063
0.0237045288085938 0.132949829101563 0.0673370361328125 -0.0416984558105469
0.0588912963867187 0.0853729248046875 0.0280284881591797 0.0117683410644531
0.0906753540039062 0.0494155883789062 0.0503273010253906 0.0459213256835938
0.0836029052734375 -0.0176925659179688 0.0828399658203125 0.000442504882812499
0.0488777160644531 -0.0514373779296875 0.0647354125976563 -0.0435829162597656
-0.00122070312499999 -0.0691452026367188 0.0171890258789062 -0.073394775390625
-0.0318756103515625 -0.0631217956542969 -0.021453857421875 -0.0588607788085938
-0.0289382934570313 -0.0573081970214844 -0.0263004302978516 -0.0286426544189453
-0.0399627685546875 -0.0627670288085938 -0.0221691131591797 -0.0184154510498047
-0.01983642578125 -0.071136474609375 -0.0258121490478516 -0.00920295715332032
0.02252197265625 -0.0771560668945313 -0.0263442993164062 -0.00356292724609376
0.0664443969726563 -0.0547409057617188 -0.030975341796875 -0.019256591796875
0.100868225097656 0.0226287841796875 -0.0310630798339844 -0.0344047546386719
0.0945281982421875 0.0806045532226563 -0.0215377807617187 -0.0539970397949219
0.04315185546875 0.126441955566406 -0.0201263427734375 -0.0467376708984375
0.000595092773437502 0.139991760253906 0.0701980590820313 0.0107040405273438
0.0421829223632813 0.11126708984375 0.0337371826171875 0.0446739196777344
0.0933074951171875 0.0815048217773438 0.04400634765625 0.0617637634277344
0.10479736328125 -0.000762939453125 0.07489013671875 0.0241012573242187
0.070526123046875 -0.0523300170898438 0.0624465942382813 -0.0151786804199219
0.0115737915039063 -0.0841827392578125 0.0270423889160156 -0.0467643737792969
-0.0279617309570312 -0.0787429809570313 -0.0046539306640625 -0.0362968444824219
-0.02593994140625 -0.0712509155273438 -0.0106353759765625 -0.00944614410400391
-0.03985595703125 -0.07763671875 -0.0072784423828125 0.00072717666625976
-0.0177688598632813 -0.0831375122070313 -0.0168838500976562 0.0120973587036133
0.0297317504882812 -0.0854110717773438 -0.0217113494873047 0.0154342651367187
0.0739059448242188 -0.0553207397460938 -0.0320892333984375 -0.00420379638671875
0.103065490722656 0.0305404663085938 -0.0311679840087891 -0.0235099792480469
0.0872573852539063 0.0881729125976563 -0.00832939147949218 -0.0343151092529297
0.0283966064453125 0.128654479980469 -0.0131635665893555 -0.00488662719726562
-0.0194015502929688 0.122047424316406 0.0642509460449219 0.0610122680664063
0.0174102783203125 0.112403869628906 0.0333633422851562 0.0768051147460938
0.0740966796875 0.0963897705078125 0.0348052978515625 0.072052001953125
0.102500915527344 0.0164642333984375 0.0583992004394531 0.0422859191894531
0.076873779296875 -0.04180908203125 0.0525627136230469 0.00995254516601562
0.0200729370117188 -0.0832443237304688 0.030670166015625 -0.016693115234375
-0.0212554931640625 -0.0805816650390625 0.0105304718017578 -0.00915622711181641
-0.022064208984375 -0.0734405517578125 0.00431346893310547 0.0112152099609375
-0.0361328125 -0.0818634033203125 0.00785064697265625 0.0216274261474609
-0.01397705078125 -0.0847625732421875 -0.00766563415527343 0.0337715148925781
0.035064697265625 -0.0837860107421875 -0.0181236267089844 0.0335826873779297
0.0749969482421875 -0.048248291015625 -0.0333080291748047 0.00906181335449218
0.0936050415039063 0.0383148193359375 -0.0314044952392578 -0.015716552734375
0.067596435546875 0.0891952514648438 0.00367069244384766 -0.0160818099975586
0.00935363769531249 0.117515563964844 -0.00959205627441406 0.0348358154296875
-0.0341796875 0.0816497802734375 0.0532989501953125 0.101799011230469
-0.00876617431640624 0.0870285034179688 0.0283966064453125 0.100486755371094
0.0396499633789063 0.0869216918945313 0.0239486694335938 0.0752334594726563
0.0778427124023437 0.0275726318359375 0.0395927429199219 0.0528297424316406
0.0666122436523438 -0.0250244140625 0.0385513305664063 0.0289955139160156
0.0234718322753906 -0.0674934387207031 0.0297164916992187 0.0110206604003906
-0.0117645263671875 -0.0691604614257813 0.0231952667236328 0.0164394378662109
-0.0146827697753906 -0.0643463134765625 0.0193290710449219 0.0301437377929687
-0.02587890625 -0.0737152099609375 0.0212745666503906 0.0422401428222656
-0.00582122802734374 -0.0752792358398438 -0.000305175781250006 0.0539398193359375
0.0380859375 -0.0704116821289063 -0.0170669555664062 0.0506553649902344
0.0694541931152344 -0.0349769592285156 -0.0361595153808594 0.0215187072753906
0.0752944946289063 0.0446243286132813 -0.0326519012451172 -0.00943946838378906
0.0404205322265625 0.082489013671875 0.0111408233642578 0.000586509704589849
-0.0130233764648438 0.0923004150390625 -0.0101776123046875 0.0710372924804688
-0.0404243469238281 0.0290298461914063 0.0463027954101562 0.124267578125
-0.0271186828613281 0.0471153259277344 0.028350830078125 0.111106872558594
0.006195068359375 0.059234619140625 0.0199737548828125 0.07135009765625
0.0427017211914063 0.0272636413574219 0.0276641845703125 0.0553169250488281
0.0431556701660156 -0.00856399536132812 0.0271530151367188 0.0383377075195313
0.0195198059082031 -0.0433082580566406 0.0297393798828125 0.0296134948730469
-0.00349807739257812 -0.0468559265136719 0.0330009460449219 0.0355720520019531
-0.00668716430664063 -0.0453643798828125 0.0330696105957031 0.0446128845214844
-0.0148544311523437 -0.0542144775390625 0.034088134765625 0.0595741271972656
0.00019454956054687 -0.0566215515136719 0.006561279296875 0.0721282958984375
0.0348243713378906 -0.0505752563476563 -0.01873779296875 0.0651702880859375
0.0561599731445312 -0.0178947448730469 -0.0419387817382813 0.0300636291503906
0.0470428466796875 0.046173095703125 -0.0353927612304688 -0.00638198852539063
0.00768661499023437 0.0658111572265625 0.0119752883911133 0.0151596069335938
-0.0349273681640625 0.0547065734863281 -0.0175628662109375 0.0963287353515625
0.0398139953613281 0.006988525390625 0.0232391357421875 -0.107528686523438
0.0195884704589844 -0.0361709594726563 -0.00814247131347656 -0.0281829833984375
-0.0137977600097656 -0.0333194732666016 0.0369186401367188 0.0161972045898437
-0.0287971496582031 -0.00445556640625 0.0646743774414063 -0.0260810852050781
-0.0221309661865234 0.0146751403808594 0.0396080017089844 -0.0697555541992188
-0.00921440124511719 0.0277900695800781 -0.0056610107421875 -0.08575439453125
-0.00466156005859375 0.0232410430908203 -0.039337158203125 -0.075775146484375
-0.00562477111816406 0.0218219757080078 -0.0390586853027344 -0.0553741455078125
-0.009368896484375 0.0233154296875 -0.0369110107421875 -0.0460281372070312
-0.020263671875 0.00998306274414063 -0.0283203125 -0.0428085327148437
-0.0198497772216797 -0.00983047485351563 -0.025604248046875 -0.0431327819824219
-0.0009765625 -0.0273952484130859 -0.0195465087890625 -0.0567207336425781
0.0303096771240234 -0.0224571228027344 -0.00945281982421875 -0.0750350952148438
0.0485191345214844 0.00168991088867187 -0.0215682983398437 -0.108596801757812
0.0437965393066406 0.0269126892089844 -0.024505615234375 -0.135498046875
0.0419540405273438 0.0592460632324219 0.0430831909179688 -0.102554321289062
0.0418853759765625 0.00246429443359375 0.00297927856445313 -0.0267696380615234
0.0250968933105469 -0.0128974914550781 0.0423011779785156 0.0230522155761719
0.00574207305908203 -0.0161838531494141 0.0745315551757813 -0.02142333984375
-0.00234413146972656 -0.0112762451171875 0.0520210266113281 -0.069183349609375
-0.0108327865600586 -0.00574207305908203 0.00122833251953124 -0.0921707153320313
-0.0168294906616211 -0.00813198089599609 -0.03778076171875 -0.0807418823242188
-0.0145606994628906 -0.00833225250244141 -0.0388755798339844 -0.0541458129882812
-0.0194835662841797 -0.00951194763183594 -0.0363960266113281 -0.0451889038085938
-0.0162811279296875 -0.0209598541259766 -0.02978515625 -0.040374755859375
0.00217819213867187 -0.032958984375 -0.0264320373535156 -0.0369796752929688
0.0308132171630859 -0.0309410095214844 -0.0210113525390625 -0.0499305725097656
0.0582427978515625 0.00618362426757812 -0.014984130859375 -0.0631866455078125
0.06524658203125 0.0430564880371094 -0.0241775512695312 -0.0960235595703125
0.0434112548828125 0.07586669921875 -0.0222015380859375 -0.118392944335938
0.0329437255859375 0.1043701171875 0.0592880249023438 -0.0783615112304688
0.0533523559570313 0.0473213195800781 0.0156450271606445 -0.0125627517700195
0.0623283386230469 0.0180130004882813 0.0466194152832031 0.0342826843261719
0.0466880798339844 -0.0193710327148438 0.08203125 -0.009979248046875
0.0237216949462891 -0.0335636138916016 0.0630455017089844 -0.0578346252441406
-0.00637435913085937 -0.0405006408691406 0.011993408203125 -0.0879669189453125
-0.0251922607421875 -0.03875732421875 -0.0297927856445313 -0.0748138427734375
-0.021453857421875 -0.0361862182617188 -0.0338821411132813 -0.045379638671875
-0.0287933349609375 -0.039764404296875 -0.0310134887695313 -0.0351486206054687
-0.0149650573730469 -0.0490760803222656 -0.0300064086914062 -0.0283546447753906
0.016937255859375 -0.0557174682617188 -0.0279464721679688 -0.0238628387451172
0.0541801452636719 -0.0401763916015625 -0.0258293151855469 -0.0377769470214844
0.0830078125 0.0216293334960937 -0.0229530334472656 -0.05078125
0.0806808471679688 0.07049560546875 -0.0246200561523437 -0.0767135620117188
0.0420455932617188 0.110969543457031 -0.02081298828125 -0.0871047973632812
0.02252197265625 0.135429382324219 0.0675048828125 -0.0416717529296875
0.0574722290039063 0.0868453979492188 0.0266704559326172 0.0124092102050781
0.09234619140625 0.0503921508789063 0.0504951477050781 0.0482521057128906
0.084136962890625 -0.017608642578125 0.0848312377929688 0.0028076171875
0.05023193359375 -0.0518302917480469 0.0668792724609375 -0.0429344177246094
-0.00111007690429687 -0.0693550109863281 0.01837158203125 -0.0739593505859375
-0.0324249267578125 -0.0637321472167969 -0.0215034484863281 -0.0598678588867188
-0.0284767150878906 -0.0586433410644531 -0.0261993408203125 -0.0282402038574219
-0.0399398803710938 -0.0630149841308594 -0.0232219696044922 -0.0188655853271484
-0.0204849243164063 -0.0713119506835938 -0.0268669128417969 -0.00948524475097657
0.022430419921875 -0.0773696899414063 -0.0273704528808594 -0.00411987304687501
0.067413330078125 -0.0551071166992188 -0.0317859649658203 -0.0209579467773438
0.102760314941406 0.023773193359375 -0.0309410095214844 -0.0365447998046875
0.0948562622070313 0.0812606811523438 -0.0212020874023437 -0.055816650390625
0.0429763793945313 0.129470825195313 -0.019866943359375 -0.0478897094726563
-0.000747680664062498 0.14166259765625 0.07012939453125 0.0113410949707031
0.0406341552734375 0.112747192382813 0.0321273803710938 0.0449943542480469
0.0945968627929688 0.0836944580078125 0.0441017150878906 0.0639801025390625
0.105239868164062 -0.0003814697265625 0.0747756958007813 0.0268707275390625
0.0717544555664063 -0.0519256591796875 0.0649070739746094 -0.014404296875
0.0113372802734375 -0.08477783203125 0.0280036926269531 -0.0470542907714844
-0.0286636352539063 -0.0793914794921875 -0.00441360473632813 -0.0364189147949219
-0.0263137817382813 -0.0723495483398438 -0.0108938217163086 -0.0090169906616211
-0.0405960083007813 -0.0782089233398437 -0.00793313980102539 0.000303268432617184
-0.0180892944335937 -0.0832901000976563 -0.0178909301757813 0.0118560791015625
0.0298690795898437 -0.0859603881835938 -0.0229415893554688 0.0147476196289062
0.07489013671875 -0.0557937622070313 -0.0326442718505859 -0.0053691864013672
0.104652404785156 0.03155517578125 -0.0312061309814453 -0.0258827209472656
0.0874557495117188 0.0887451171875 -0.00827407836914062 -0.0356559753417969
0.0273590087890625 0.131294250488281 -0.0132884979248047 -0.00609588623046874
-0.020355224609375 0.123649597167969 0.0640678405761719 0.0619621276855469
0.0159072875976563 0.113494873046875 0.0316696166992188 0.0778045654296875
0.0750732421875 0.0984115600585938 0.0333328247070313 0.07415771484375
0.103469848632812 0.016815185546875 0.0584220886230469 0.0439529418945313
0.077972412109375 -0.0419769287109375 0.05401611328125 0.0116615295410156
0.0206985473632812 -0.0835037231445313 0.0311565399169922 -0.0167655944824219
-0.021636962890625 -0.08154296875 0.010045051574707 -0.00915718078613282
-0.0218734741210938 -0.0740890502929688 0.00435543060302734 0.0116443634033203
-0.036529541015625 -0.0821304321289062 0.00750160217285156 0.0222969055175781
-0.0143890380859375 -0.0850143432617188 -0.00825119018554688 0.0337409973144531
0.0349960327148437 -0.0842437744140625 -0.0190505981445313 0.0337162017822266
0.0765304565429688 -0.04852294921875 -0.0339641571044922 0.0086841583251953
0.094512939453125 0.0393905639648438 -0.0310707092285156 -0.0170497894287109
0.0678024291992188 0.0901260375976563 0.00375652313232422 -0.0171442031860351
0.00850677490234374 0.119537353515625 -0.0103816986083984 0.0347328186035156
-0.0354080200195313 0.0820159912109375 0.0521469116210938 0.102897644042969
-0.010498046875 0.0880508422851563 0.0264892578125 0.101615905761719
0.0403289794921875 0.0889358520507813 0.0222549438476563 0.0770416259765625
0.0778656005859375 0.0279006958007813 0.0394935607910156 0.0548934936523437
0.0676460266113281 -0.0247879028320313 0.0389823913574219 0.0303497314453125
0.0238800048828125 -0.0678939819335937 0.0305767059326172 0.0108966827392578
-0.0119247436523437 -0.0703201293945313 0.0233345031738281 0.0163612365722656
-0.0141410827636719 -0.0649871826171875 0.0193538665771484 0.0318202972412109
-0.0264205932617187 -0.0738143920898438 0.0203628540039062 0.0430831909179687
-0.00689697265625 -0.07537841796875 -0.0011138916015625 0.0546379089355469
0.0376510620117188 -0.0707626342773438 -0.0180511474609375 0.0507850646972656
0.070159912109375 -0.0355758666992188 -0.0367431640625 0.021087646484375
0.0762863159179688 0.0460586547851563 -0.032257080078125 -0.0106239318847656
0.0403518676757813 0.0834579467773438 0.0116119384765625 -0.000109672546386714
-0.013336181640625 0.0937881469726563 -0.0112152099609375 0.0707931518554688
-0.0415878295898437 0.0286293029785156 0.0453338623046875 0.125022888183594
-0.0280303955078125 0.0477714538574219 0.026947021484375 0.112762451171875
0.00632095336914063 0.0608406066894531 0.0178756713867188 0.0726776123046875
0.0431861877441406 0.02740478515625 0.0270957946777344 0.0576324462890625
0.0440216064453125 -0.0076141357421875 0.0282630920410156 0.0394477844238281
0.0197257995605469 -0.0429000854492188 0.0297775268554688 0.0298881530761719
-0.00359344482421875 -0.0477561950683594 0.0337486267089844 0.0360832214355469
-0.00658035278320312 -0.0461883544921875 0.0327301025390625 0.0460395812988281
-0.0154838562011719 -0.0553817749023438 0.0329437255859375 0.0599250793457031
-0.000408172607421874 -0.0569114685058594 0.00569915771484374 0.0731277465820313
0.0346908569335938 -0.0507011413574219 -0.0198554992675781 0.0648574829101563
0.057037353515625 -0.0169830322265625 -0.0426292419433594 0.0302276611328125
0.0475730895996094 0.0473365783691406 -0.0357627868652344 -0.00769042968749999
0.00735092163085938 0.0668487548828125 0.0125799179077148 0.014373779296875
-0.0352058410644531 0.0552787780761719 -0.0187606811523438 0.0970382690429688
0.0418968200683594 0.00722503662109375 0.0239639282226563 -0.111587524414063
0.0200958251953125 -0.0372505187988281 -0.009490966796875 -0.0283794403076172
-0.0149078369140625 -0.0354118347167969 0.0384902954101563 0.0173873901367187
-0.0301074981689453 -0.00525474548339844 0.0673370361328125 -0.0267829895019531
-0.0236167907714844 0.0153980255126953 0.0405731201171875 -0.0721282958984375
-0.0092620849609375 0.0291252136230469 -0.00477600097656251 -0.0886993408203125
-0.00388526916503906 0.0246696472167969 -0.041168212890625 -0.0784835815429688
-0.00482559204101562 0.0228481292724609 -0.0405654907226562 -0.0571136474609375
-0.00897979736328125 0.0245094299316406 -0.0385818481445313 -0.0475654602050781
-0.0200099945068359 0.0111923217773437 -0.0295333862304688 -0.0450973510742187
-0.0210437774658203 -0.00977897644042969 -0.0276222229003906 -0.0449752807617187
-0.0018463134765625 -0.0284709930419922 -0.0204277038574219 -0.0603141784667969
0.0313796997070312 -0.0237369537353516 -0.00923919677734376 -0.078857421875
0.0500946044921875 0.00127792358398438 -0.0224456787109375 -0.113197326660156
0.0455245971679687 0.0274887084960937 -0.025665283203125 -0.14105224609375
0.0444984436035156 0.0615806579589844 0.0427703857421875 -0.105865478515625
0.0427207946777344 0.00271987915039063 0.00212669372558594 -0.0271968841552734
0.0260086059570313 -0.0140266418457031 0.0447044372558594 0.0244522094726563
0.00612449645996094 -0.0173940658569336 0.0777816772460938 -0.0218658447265625
-0.00309562683105469 -0.0112209320068359 0.0540771484375 -0.0712966918945313
-0.0110940933227539 -0.00598430633544922 0.00194549560546875 -0.0952224731445313
-0.0181198120117188 -0.00795173645019531 -0.0392379760742188 -0.082733154296875
-0.0150327682495117 -0.00838565826416015 -0.0404014587402344 -0.0563926696777344
-0.0197086334228516 -0.00939178466796875 -0.0381698608398438 -0.0463943481445313
-0.0163173675537109 -0.0211257934570312 -0.0315093994140625 -0.0416984558105469
0.00158119201660156 -0.0339756011962891 -0.0280685424804687 -0.0390090942382813
0.0319614410400391 -0.0324058532714844 -0.0223731994628906 -0.05224609375
0.060302734375 0.00594329833984375 -0.0150222778320312 -0.067657470703125
0.0677337646484375 0.0438766479492188 -0.0251617431640625 -0.0998001098632813
0.0455322265625 0.07916259765625 -0.0229034423828125 -0.123886108398438
0.0354461669921875 0.109649658203125 0.060516357421875 -0.0812454223632812
0.0545158386230469 0.0490303039550781 0.0140705108642578 -0.012639045715332
0.0650558471679687 0.0177574157714844 0.0482521057128906 0.0374526977539063
0.0482597351074219 -0.0205268859863281 0.085113525390625 -0.0098876953125
0.0248203277587891 -0.035064697265625 0.065765380859375 -0.0604743957519531
-0.00702667236328125 -0.0409774780273438 0.012451171875 -0.090850830078125
-0.0269737243652344 -0.0398216247558594 -0.0314788818359375 -0.0772247314453125
-0.0221214294433594 -0.0375862121582031 -0.0350189208984375 -0.0459823608398438
-0.0296669006347656 -0.0410194396972656 -0.0329666137695312 -0.0364494323730469
-0.0165443420410156 -0.0503425598144531 -0.031585693359375 -0.0293598175048828
0.0172157287597656 -0.0576248168945313 -0.0294284820556641 -0.0253391265869141
0.056671142578125 -0.0415763854980469 -0.0278701782226562 -0.0403785705566406
0.086944580078125 0.022003173828125 -0.0232315063476562 -0.0541191101074219
0.0839691162109375 0.0719223022460938 -0.0254974365234375 -0.0808563232421875
0.0441055297851563 0.115760803222656 -0.0220718383789062 -0.09130859375
0.023895263671875 0.14154052734375 0.069305419921875 -0.043212890625
0.0583572387695313 0.0904006958007813 0.0259037017822266 0.0125961303710938
0.0962600708007813 0.0518798828125 0.0524940490722656 0.0521430969238281
0.0874099731445313 -0.018768310546875 0.0879898071289062 0.00383758544921875
0.0521697998046875 -0.0533523559570313 0.07037353515625 -0.0448837280273438
-0.00180816650390626 -0.0714111328125 0.0190048217773438 -0.0771255493164063
-0.034515380859375 -0.0653114318847656 -0.0229759216308594 -0.0615005493164063
-0.0298233032226563 -0.0607528686523437 -0.0262355804443359 -0.0290603637695313
-0.0419692993164062 -0.0648727416992188 -0.0246467590332031 -0.0188694000244141
-0.0222549438476563 -0.0729827880859375 -0.0284061431884766 -0.00877952575683594
0.0221099853515625 -0.0809326171875 -0.0291366577148437 -0.00487327575683595
0.0699691772460938 -0.057525634765625 -0.0333080291748047 -0.0228843688964844
0.107086181640625 0.0247268676757813 -0.0309600830078125 -0.0391502380371094
0.0987930297851563 0.083740234375 -0.0224380493164062 -0.0592803955078125
0.0446929931640625 0.1348876953125 -0.020751953125 -0.0500144958496094
-0.000778198242187495 0.148178100585938 0.0716705322265625 0.0113754272460938
0.0411911010742188 0.117042541503906 0.032012939453125 0.0463104248046875
0.09912109375 0.0867233276367188 0.0443992614746094 0.0685882568359375
0.109367370605469 -0.00066375732421875 0.077880859375 0.0289535522460938
0.0748138427734375 -0.05389404296875 0.0684013366699219 -0.0151023864746094
0.0110397338867188 -0.0864334106445312 0.0292892456054688 -0.0492820739746094
-0.0296478271484375 -0.0819091796875 -0.00468063354492188 -0.0370826721191406
-0.0279464721679688 -0.0751800537109375 -0.0110692977905273 -0.00936031341552735
-0.0431060791015625 -0.0798187255859375 -0.00928211212158204 0.000922203063964837
-0.01995849609375 -0.0848922729492188 -0.0196857452392578 0.0123481750488281
0.02972412109375 -0.0890045166015625 -0.0241317749023437 0.0146579742431641
0.077728271484375 -0.05841064453125 -0.0344161987304687 -0.00690841674804687
0.109390258789062 0.0321502685546875 -0.0317878723144531 -0.0273494720458984
0.0913162231445313 0.0920867919921875 -0.00859832763671874 -0.0384635925292969
0.029052734375 0.137275695800781 -0.0141620635986328 -0.00603485107421874
-0.0215301513671875 0.128334045410156 0.0659751892089844 0.0642318725585938
0.0155181884765625 0.118034362792969 0.0315780639648437 0.0802536010742188
0.079315185546875 0.102241516113281 0.0334548950195313 0.0791397094726563
0.107292175292969 0.0170822143554688 0.0612602233886719 0.0475425720214844
0.081756591796875 -0.0434341430664062 0.0568046569824219 0.0119400024414062
0.020111083984375 -0.0864944458007813 0.0324001312255859 -0.0181789398193359
-0.02349853515625 -0.0843429565429688 0.0103387832641602 -0.0095968246459961
-0.0233306884765625 -0.0772933959960938 0.00526332855224609 0.0134506225585937
-0.0386505126953125 -0.0842208862304688 0.00702476501464843 0.0230083465576172
-0.0155792236328125 -0.0875320434570313 -0.00952339172363281 0.0348968505859375
0.034820556640625 -0.087432861328125 -0.02001953125 0.0346488952636719
0.0780105590820313 -0.0510940551757813 -0.0355148315429687 0.00839233398437499
0.0994720458984375 0.041015625 -0.0323486328125 -0.0187244415283203
0.0709991455078125 0.0926361083984375 0.00432395935058594 -0.0191612243652344
0.00836181640625 0.124053955078125 -0.0106925964355469 0.0359764099121094
-0.0365676879882812 0.0852127075195313 0.054229736328125 0.106552124023438
-0.0113754272460937 0.0912322998046875 0.0267181396484375 0.10504150390625
0.0428848266601562 0.092376708984375 0.0220413208007813 0.0811691284179688
0.081390380859375 0.0288619995117188 0.0411834716796875 0.0588150024414063
0.0706787109375 -0.0252609252929688 0.0414619445800781 0.0325508117675781
0.0242118835449219 -0.0695724487304688 0.0323028564453125 0.0106258392333984
-0.0136489868164063 -0.0723648071289063 0.0240306854248047 0.0172290802001953
-0.015167236328125 -0.0675926208496094 0.0202770233154297 0.0329799652099609
-0.0279617309570312 -0.0757904052734375 0.0210380554199219 0.0447959899902344
-0.0076904296875 -0.0777435302734375 -0.00174331665039062 0.0563545227050781
0.0381622314453125 -0.07427978515625 -0.0190773010253906 0.0516853332519531
0.0729446411132813 -0.03729248046875 -0.0385627746582031 0.0219993591308594
0.0797500610351563 0.0471649169921875 -0.0340900421142578 -0.0112876892089844
0.0424118041992188 0.0864791870117188 0.0125837326049805 -0.00089645385742187
-0.0141754150390625 0.0982208251953125 -0.0112762451171875 0.07275390625
-0.0431060791015625 0.0304412841796875 0.047149658203125 0.129692077636719
-0.02947998046875 0.049713134765625 0.0276031494140625 0.116706848144531
0.00781631469726562 0.0629081726074219 0.0185699462890625 0.077056884765625
0.0447196960449219 0.0287437438964844 0.0284690856933594 0.0616722106933594
0.0456733703613281 -0.0084381103515625 0.0303001403808594 0.0415496826171875
0.0198898315429687 -0.0447807312011719 0.0311107635498047 0.0302009582519531
-0.00470352172851562 -0.0494766235351563 0.0351028442382813 0.0372238159179688
-0.00748443603515625 -0.0482292175292969 0.0341682434082031 0.0475883483886719
-0.0167388916015625 -0.0564193725585937 0.0339622497558594 0.062591552734375
-0.000633239746093748 -0.0591773986816406 0.00487518310546876 0.0757522583007813
0.0348739624023437 -0.0532569885253906 -0.0196189880371094 0.0669937133789063
0.0596771240234375 -0.018707275390625 -0.0445137023925781 0.0311279296875
0.0500717163085938 0.0487213134765625 -0.037139892578125 -0.00771331787109374
0.00828933715820312 0.0694618225097656 0.0141820907592773 0.0144062042236328
-0.0368423461914063 0.057830810546875 -0.0188674926757813 0.100204467773437
0.0457191467285156 0.00588607788085937 0.0216064453125 -0.11737060546875
0.0196571350097656 -0.0394935607910156 -0.0122966766357422 -0.0283203125
-0.0172233581542969 -0.0363731384277344 0.0424270629882813 0.0179214477539062
-0.0314483642578125 -0.00464630126953125 0.0694007873535156 -0.0294532775878906
-0.0243053436279297 0.0168533325195312 0.0408477783203125 -0.0766448974609375
-0.00798034667968751 0.0314216613769531 -0.0071563720703125 -0.0925750732421875
-0.00335121154785156 0.0258216857910156 -0.044921875 -0.0804824829101563
-0.00435447692871094 0.0238285064697266 -0.0436248779296875 -0.058868408203125
-0.00704193115234375 0.0259132385253906 -0.0414772033691406 -0.048126220703125
-0.0199546813964844 0.0126533508300781 -0.032470703125 -0.0462875366210937
-0.0224571228027344 -0.00921630859374999 -0.0298080444335937 -0.0466575622558594
-0.00264167785644531 -0.0302982330322266 -0.0231208801269531 -0.0633659362792969
0.03179931640625 -0.0265769958496094 -0.0112152099609375 -0.0833587646484375
0.0524978637695313 -0.000560760498046875 -0.0261459350585938 -0.1182861328125
0.0495529174804688 0.0275802612304688 -0.030853271484375 -0.147872924804688
0.0494422912597656 0.0638313293457031 0.0417633056640625 -0.112449645996094
0.0436019897460938 0.00211715698242188 -0.000118255615234372 -0.0278701782226563
0.0268440246582031 -0.0163116455078125 0.0477409362792969 0.0251083374023438
0.00560569763183594 -0.0184612274169922 0.0811538696289063 -0.0250091552734375
-0.00270557403564453 -0.0119819641113281 0.0547866821289063 -0.076416015625
-0.0116119384765625 -0.00481891632080078 -0.000221252441406249 -0.0997161865234375
-0.0186729431152344 -0.0074920654296875 -0.0437698364257813 -0.0854873657226563
-0.0157155990600586 -0.00813198089599609 -0.0433807373046875 -0.0576171875
-0.0206584930419922 -0.00863456726074219 -0.0416450500488281 -0.0471153259277344
-0.0172748565673828 -0.0209407806396484 -0.0345306396484375 -0.0432243347167969
3.81469726562509E-05 -0.0351943969726563 -0.0307846069335937 -0.0396804809570313
0.0322628021240234 -0.0346813201904297 -0.0249595642089844 -0.0562324523925781
0.0643119812011719 0.00411605834960938 -0.0172576904296875 -0.0723876953125
0.07177734375 0.0433807373046875 -0.0286941528320312 -0.104698181152344
0.050445556640625 0.0824661254882813 -0.0276336669921875 -0.130279541015625
0.04058837890625 0.114158630371094 0.06072998046875 -0.0869293212890625
0.0579986572265625 0.0508270263671875 0.0131244659423828 -0.0135631561279297
0.0687332153320313 0.0167808532714844 0.0524101257324219 0.0384101867675781
0.0496635437011719 -0.02349853515625 0.0895233154296875 -0.012054443359375
0.0254745483398438 -0.03753662109375 0.068145751953125 -0.0653190612792969
-0.0089111328125 -0.0421485900878906 0.0106887817382812 -0.0958480834960938
-0.0294189453125 -0.0404510498046875 -0.0353012084960938 -0.0797882080078125
-0.0243186950683594 -0.0392646789550781 -0.0373764038085938 -0.0468826293945313
-0.0323600769042969 -0.041229248046875 -0.0359535217285156 -0.036590576171875
-0.0181503295898438 -0.0513458251953125 -0.0341510772705078 -0.0299472808837891
0.0159263610839844 -0.060272216796875 -0.0323333740234375 -0.0260753631591797
0.0572471618652344 -0.0456352233886719 -0.0304794311523437 -0.042572021484375
0.0919189453125 0.0202789306640625 -0.0255241394042969 -0.0577888488769531
0.0902557373046875 0.0724945068359375 -0.0290756225585937 -0.084686279296875
0.0494003295898438 0.120819091796875 -0.0256576538085937 -0.0958404541015625
0.0296630859375 0.147842407226563 0.0702629089355469 -0.0472564697265625
0.0634078979492188 0.093963623046875 0.0250740051269531 0.0124797821044922
0.103477478027344 0.0515213012695313 0.0563697814941406 0.0541954040527344
0.0910491943359375 -0.022552490234375 0.092681884765625 0.0031890869140625
0.0535507202148437 -0.0581436157226562 0.0736846923828125 -0.0487518310546875
-0.00376129150390625 -0.0742645263671875 0.0177764892578125 -0.08197021484375
-0.0383377075195312 -0.0672569274902344 -0.0262832641601563 -0.0631179809570313
-0.0336761474609375 -0.0629844665527344 -0.0279006958007813 -0.0290451049804688
-0.0462684631347656 -0.0659523010253906 -0.0267105102539063 -0.0183086395263672
-0.0252304077148437 -0.0747299194335938 -0.0304222106933594 -0.00822067260742188
0.0203704833984375 -0.0841445922851563 -0.0313720703125 -0.00480842590332032
0.0711288452148438 -0.062286376953125 -0.0364952087402344 -0.0240402221679687
0.113563537597656 0.022125244140625 -0.0341415405273438 -0.0417709350585937
0.106010437011719 0.083892822265625 -0.0253829956054687 -0.0624351501464844
0.0507354736328125 0.142181396484375 -0.0230789184570313 -0.0524711608886719
0.00408935546874999 0.156341552734375 0.074859619140625 0.00991821289062501
0.0452880859375 0.122306823730469 0.0326156616210938 0.0479774475097656
0.106658935546875 0.0884628295898438 0.0483551025390625 0.0720672607421875
0.115081787109375 -0.003265380859375 0.083282470703125 0.0290756225585938
0.0783233642578125 -0.0582962036132813 0.0727767944335938 -0.016998291015625
0.00878143310546874 -0.0902557373046875 0.0288925170898437 -0.0526123046875
-0.0347518920898438 -0.084808349609375 -0.00636672973632813 -0.038787841796875
-0.031341552734375 -0.0778961181640625 -0.0114049911499023 -0.00801086425781251
-0.0479278564453125 -0.0819244384765625 -0.0100812911987305 0.0024881362915039
-0.0240554809570313 -0.0884628295898438 -0.0208339691162109 0.0140972137451172
0.0276565551757812 -0.094482421875 -0.0260772705078125 0.0160007476806641
0.0792770385742188 -0.0639495849609375 -0.036651611328125 -0.00684738159179688
0.116203308105469 0.0302658081054688 -0.0339488983154297 -0.0293006896972656
0.0982589721679688 0.0931320190429688 -0.00986099243164062 -0.0407028198242187
0.0344696044921875 0.144378662109375 -0.0149307250976563 -0.00689220428466796
-0.0190582275390625 0.135871887207031 0.0694351196289063 0.0651130676269531
0.0183334350585938 0.123771667480469 0.0335540771484375 0.082611083984375
0.086212158203125 0.105178833007812 0.036865234375 0.0833816528320313
0.112686157226562 0.0149154663085937 0.0656509399414063 0.0495758056640625
0.085174560546875 -0.0476913452148437 0.0611190795898438 0.0112075805664062
0.0186233520507813 -0.0912704467773438 0.0339260101318359 -0.0204048156738281
-0.0279388427734375 -0.087188720703125 0.0111589431762695 -0.0104646682739258
-0.0278778076171875 -0.0800933837890625 0.00632190704345703 0.0142507553100586
-0.0434951782226563 -0.0857620239257813 0.00740242004394531 0.0245189666748047
-0.0196304321289063 -0.0904769897460937 -0.00912857055664063 0.0381317138671875
0.033447265625 -0.0926132202148438 -0.0210380554199219 0.0363731384277344
0.0808181762695313 -0.0561981201171875 -0.03717041015625 0.00882339477539062
0.106208801269531 0.0394439697265625 -0.0342464447021484 -0.0194625854492188
0.0775070190429688 0.0951461791992188 0.003875732421875 -0.0214653015136719
0.0124359130859375 0.131538391113281 -0.00982666015625 0.037384033203125
-0.0360488891601563 0.0917816162109375 0.0587844848632812 0.109764099121094
-0.0101776123046875 0.0967559814453125 0.0304946899414063 0.109306335449219
0.048370361328125 0.0960845947265625 0.0244903564453125 0.0855255126953125
0.0860061645507813 0.028045654296875 0.0447311401367188 0.0622329711914063
0.0735321044921875 -0.028533935546875 0.0452995300292969 0.0328254699707031
0.02294921875 -0.0737686157226563 0.0339431762695313 0.00948333740234374
-0.0169906616210938 -0.0753402709960937 0.0258445739746094 0.0175495147705078
-0.0183944702148438 -0.0707550048828125 0.0228404998779297 0.0346164703369141
-0.0328292846679688 -0.07763671875 0.0228843688964844 0.0464630126953125
-0.0113601684570312 -0.0808486938476563 -0.000694274902343751 0.0598335266113281
0.0370254516601563 -0.078582763671875 -0.0190086364746094 0.0541915893554688
0.0751495361328125 -0.04156494140625 -0.0401191711425781 0.0227546691894531
0.086273193359375 0.0469970703125 -0.0351715087890625 -0.0119094848632812
0.0472640991210938 0.0887527465820313 0.0133724212646484 -0.00273036956787109
-0.011627197265625 0.10357666015625 -0.00911712646484375 0.0762863159179687
-0.044677734375 0.0326271057128906 0.052764892578125 0.135231018066406
-0.0301017761230469 0.0532913208007813 0.0315322875976562 0.120880126953125
0.0106201171875 0.0661697387695313 0.02069091796875 0.0814437866210937
0.0481758117675781 0.0289497375488281 0.0317802429199219 0.0648612976074219
0.0486946105957031 -0.0105400085449219 0.0334434509277344 0.0431671142578125
0.0194854736328125 -0.0472259521484375 0.0336227416992188 0.0310173034667969
-0.00743484497070313 -0.0521583557128906 0.0381126403808594 0.0373458862304688
-0.00970077514648437 -0.0502395629882812 0.0376777648925781 0.0494842529296875
-0.0197563171386719 -0.0586776733398438 0.037139892578125 0.0643997192382813
-0.00402450561523437 -0.0614662170410156 0.0075225830078125 0.0789718627929688
0.0346832275390625 -0.0574798583984375 -0.01904296875 0.0706787109375
0.0613975524902344 -0.021392822265625 -0.0464706420898437 0.0333061218261719
0.0543403625488281 0.0500411987304688 -0.0384941101074219 -0.00819778442382813
0.0103225708007812 0.0719223022460938 0.0156040191650391 0.0135259628295899
-0.0364646911621094 0.0620193481445313 -0.0166549682617188 0.104934692382813
0.0487861633300781 0.00308609008789063 0.0151596069335938 -0.122146606445312
0.0174789428710938 -0.0410881042480469 -0.0151481628417969 -0.0276889801025391
-0.0205116271972656 -0.0367012023925781 0.0446434020996094 0.0167579650878906
-0.0330448150634766 -0.00344467163085937 0.0712432861328125 -0.0332489013671875
-0.0244789123535156 0.0186100006103516 0.0385971069335937 -0.0805435180664063
-0.00585746765136719 0.0334053039550781 -0.0115432739257812 -0.0951690673828125
-0.00112152099609375 0.027801513671875 -0.0513076782226563 -0.0807113647460938
-0.001953125 0.0242328643798828 -0.048797607421875 -0.0587921142578125
-0.00473213195800781 0.0270462036132813 -0.0462455749511719 -0.0478286743164063
-0.0194244384765625 0.0143928527832031 -0.0364189147949219 -0.0458908081054688
-0.0229206085205078 -0.00786590576171875 -0.0333137512207031 -0.0472221374511719
-0.00495338439941406 -0.0311508178710938 -0.0280532836914063 -0.0657768249511719
0.031524658203125 -0.0291976928710938 -0.0163650512695313 -0.0868988037109375
0.05352783203125 -0.00363922119140625 -0.0334701538085938 -0.120872497558594
0.0534896850585938 0.0262031555175781 -0.0403289794921875 -0.151992797851563
0.0555801391601563 0.0630836486816406 0.0365829467773437 -0.118881225585938
0.0455169677734375 -0.000171661376953125 -0.00365066528320312 -0.028076171875
0.0267467498779297 -0.0180988311767578 0.0512619018554688 0.0249671936035156
0.00514411926269531 -0.0194149017333984 0.082550048828125 -0.0295486450195312
-0.00407028198242187 -0.012542724609375 0.0527801513671875 -0.0819931030273438
-0.0120735168457031 -0.00390815734863281 -0.00518035888671874 -0.103607177734375
-0.0195407867431641 -0.00562095642089843 -0.0495681762695313 -0.0856704711914063
-0.0166759490966797 -0.00802421569824219 -0.0481147766113281 -0.0574302673339844
-0.021148681640625 -0.00802421569824218 -0.0457763671875 -0.0465660095214844
-0.0188884735107422 -0.0194759368896484 -0.0383033752441406 -0.0428123474121094
-0.00133132934570312 -0.035797119140625 -0.0343284606933594 -0.040283203125
0.0306625366210938 -0.0376777648925781 -0.0293350219726562 -0.0577850341796875
0.0661544799804688 0.000217437744140625 -0.0217132568359375 -0.0748291015625
0.076385498046875 0.0405044555664063 -0.03564453125 -0.107192993164063
0.0572357177734375 0.082672119140625 -0.03582763671875 -0.133247375488281
0.0496673583984375 0.116249084472656 0.0574264526367188 -0.093292236328125
0.0619125366210938 0.0495262145996094 0.0109291076660156 -0.0138731002807617
0.0720672607421875 0.01324462890625 0.05670166015625 0.0386466979980469
0.0496139526367188 -0.0270500183105469 0.0921401977539062 -0.0163345336914063
0.0238876342773438 -0.0408172607421875 0.0674209594726563 -0.0710067749023438
-0.0112686157226562 -0.0423774719238281 0.00568389892578125 -0.0998077392578125
-0.0328636169433594 -0.0394973754882812 -0.0406646728515625 -0.080047607421875
-0.0275306701660156 -0.0389633178710938 -0.0411758422851562 -0.0463294982910156
-0.03582763671875 -0.0402717590332031 -0.0394096374511719 -0.035552978515625
-0.0217247009277344 -0.0509490966796875 -0.038055419921875 -0.0284538269042969
0.0125656127929687 -0.0630950927734375 -0.0355339050292969 -0.0253791809082031
0.0570755004882813 -0.0506820678710938 -0.0347785949707031 -0.0438232421875
0.0968399047851563 0.01513671875 -0.0293045043945312 -0.0599555969238281
0.0976638793945313 0.0694656372070313 -0.0348892211914063 -0.0871734619140625
0.05859375 0.123359680175781 -0.0318145751953125 -0.0985031127929687
0.0399017333984375 0.152603149414063 0.0702095031738281 -0.0532264709472656
0.069671630859375 0.0944061279296875 0.0256137847900391 0.0122737884521484
0.109748840332031 0.0481796264648438 0.0618553161621094 0.0547981262207031
0.0926742553710937 -0.0282745361328125 0.0971603393554688 -0.00115966796875
0.051788330078125 -0.0636367797851563 0.0749969482421875 -0.055084228515625
-0.00882720947265626 -0.075775146484375 0.0132598876953125 -0.0849685668945313
-0.0436286926269531 -0.0666275024414062 -0.0301055908203125 -0.0636711120605469
-0.0383415222167969 -0.0627937316894531 -0.0298614501953125 -0.0277557373046875
-0.0517463684082031 -0.0645637512207031 -0.0291042327880859 -0.0163707733154297
-0.0304718017578125 -0.0753250122070313 -0.0326118469238281 -0.00670242309570313
0.0152969360351563 -0.0874404907226563 -0.0335140228271484 -0.00286293029785156
0.0696563720703125 -0.0682792663574219 -0.0396881103515625 -0.0245704650878906
0.119697570800781 0.0157470703125 -0.0374221801757812 -0.0433349609375
0.113945007324219 0.0800247192382813 -0.0297279357910156 -0.064605712890625
0.061431884765625 0.144866943359375 -0.0270843505859375 -0.0534286499023438
0.0124664306640625 0.161865234375 0.0779342651367188 0.00548553466796876
0.0528640747070312 0.125907897949219 0.0348892211914063 0.0479202270507813
0.116806030273438 0.085601806640625 0.0540237426757813 0.0740966796875
0.118217468261719 -0.010955810546875 0.0882186889648438 0.0269393920898438
0.0779800415039063 -0.0651702880859375 0.075469970703125 -0.0219955444335938
0.00375366210937501 -0.0937957763671875 0.0270614624023438 -0.0563735961914063
-0.041595458984375 -0.0844650268554688 -0.00896072387695313 -0.0393104553222656
-0.03741455078125 -0.078643798828125 -0.0113000869750977 -0.00762271881103516
-0.0550537109375 -0.0804901123046875 -0.0108089447021484 0.00389862060546874
-0.0300674438476563 -0.0887680053710938 -0.0212478637695313 0.0167427062988281
0.0225143432617188 -0.099090576171875 -0.0261898040771484 0.0180530548095703
0.0780563354492188 -0.0710983276367188 -0.0384254455566406 -0.00638961791992188
0.122940063476563 0.0244140625 -0.0369911193847656 -0.0298843383789063
0.107093811035156 0.0903091430664063 -0.0130271911621094 -0.0429573059082031
0.04425048828125 0.149307250976563 -0.0157566070556641 -0.0063943862915039
-0.0114288330078125 0.1424560546875 0.0750274658203125 0.06341552734375
0.0251007080078125 0.127571105957031 0.0377426147460938 0.083465576171875
0.0959854125976562 0.104408264160156 0.0425643920898438 0.0855712890625
0.117019653320313 0.0091400146484375 0.0712127685546875 0.0489349365234375
0.0860748291015625 -0.055328369140625 0.0648841857910156 0.00811386108398437
0.0138092041015625 -0.0943756103515625 0.0335273742675781 -0.0228824615478516
-0.0346908569335938 -0.0879135131835938 0.0108804702758789 -0.0104751586914063
-0.0331954956054688 -0.081451416015625 0.00779438018798828 0.0152482986450195
-0.0506668090820312 -0.0851364135742188 0.00830650329589843 0.0257205963134766
-0.0267791748046875 -0.0914230346679688 -0.00806045532226562 0.0400848388671875
0.0280914306640625 -0.0973587036132813 -0.0201873779296875 0.0386314392089844
0.079833984375 -0.063385009765625 -0.0388526916503906 0.0109519958496094
0.112632751464844 0.0342559814453125 -0.0359039306640625 -0.019439697265625
0.085296630859375 0.0928878784179688 0.00328445434570313 -0.0230598449707031
0.0207748413085938 0.13629150390625 -0.00798797607421875 0.0391960144042969
-0.0322265625 0.09735107421875 0.0668182373046875 0.110977172851562
-0.00537109375 0.100975036621094 0.0361251831054687 0.110816955566406
0.0562210083007813 0.0972061157226563 0.0297775268554688 0.0892562866210938
0.0908966064453125 0.0240478515625 0.0504570007324219 0.0628318786621094
0.0748672485351563 -0.0344009399414063 0.0496139526367188 0.0319557189941406
0.0191879272460938 -0.076995849609375 0.0356979370117188 0.00833129882812499
-0.02288818359375 -0.07696533203125 0.0276393890380859 0.0166873931884766
-0.023590087890625 -0.0721664428710938 0.0256500244140625 0.0353202819824219
-0.0388412475585938 -0.0776138305664062 0.0249443054199219 0.0472831726074219
-0.0171127319335937 -0.0824737548828125 0.00209808349609374 0.0619621276855469
0.0331573486328125 -0.0837936401367188 -0.0169944763183594 0.0566596984863281
0.0754852294921875 -0.0480270385742188 -0.0399322509765625 0.0253372192382813
0.0921859741210938 0.0439376831054688 -0.0373878479003906 -0.0111961364746094
0.0542373657226563 0.08843994140625 0.0140504837036133 -0.00514984130859375
-0.00628662109374999 0.109199523925781 -0.00508880615234375 0.0791778564453125
-0.0439796447753906 0.0365486145019531 0.06109619140625 0.136886596679688
-0.0283851623535156 0.0569038391113281 0.0382003784179688 0.123703002929688
0.0160064697265625 0.06842041015625 0.0252838134765625 0.0843353271484375
0.0520133972167969 0.0269584655761719 0.0368385314941406 0.0667495727539063
0.0501136779785156 -0.0135574340820313 0.0379142761230469 0.0426788330078125
0.0171623229980469 -0.0495567321777344 0.0371475219726562 0.029296875
-0.0110855102539063 -0.0537872314453125 0.04156494140625 0.0362014770507813
-0.0131072998046875 -0.0517959594726562 0.0421600341796875 0.0493392944335938
-0.0240859985351563 -0.0594978332519531 0.0416755676269531 0.06488037109375
-0.00804901123046875 -0.0629615783691406 0.0117645263671875 0.0822906494140625
0.0318260192871094 -0.0611381530761719 -0.0168609619140625 0.0731887817382813
0.0623130798339844 -0.0267753601074219 -0.0460968017578125 0.0363922119140625
0.060577392578125 0.0490226745605469 -0.0405235290527344 -0.00734329223632813
0.0153884887695313 0.074432373046875 0.0174522399902344 0.0114650726318359
-0.0345726013183594 0.0664863586425781 -0.0118026733398438 0.108863830566406
0.0497207641601562 -0.000789642333984375 0.00731658935546877 -0.123420715332031
0.0144004821777344 -0.0423698425292969 -0.0177192687988281 -0.0250873565673828
-0.0240669250488281 -0.0354766845703125 0.0464096069335938 0.0142898559570312
-0.0344104766845703 -0.00102806091308594 0.0691871643066406 -0.0373153686523438
-0.0231685638427734 0.0203189849853516 0.0336380004882812 -0.0827255249023438
-0.00324249267578125 0.0341777801513672 -0.01593017578125 -0.094879150390625
0.00141716003417969 0.0279293060302734 -0.0564346313476563 -0.0785980224609375
-0.000177383422851565 0.0247974395751953 -0.0522041320800781 -0.0563621520996094
-0.00250816345214844 0.0269546508789062 -0.0500297546386719 -0.0448036193847656
-0.0176830291748047 0.0161666870117188 -0.039703369140625 -0.0441513061523437
-0.0239315032958984 -0.00614738464355469 -0.0367279052734375 -0.046112060546875
-0.00729942321777344 -0.0309486389160156 -0.0324172973632813 -0.0647315979003906
0.0289516448974609 -0.0313377380371094 -0.0213165283203125 -0.0862350463867188
0.053131103515625 -0.0064849853515625 -0.0402145385742187 -0.119277954101563
0.0562553405761719 0.022430419921875 -0.050018310546875 -0.150390625
0.0605583190917969 0.0589599609375 0.0291595458984375 -0.121681213378906
0.0445938110351563 -0.00246429443359375 -0.00611495971679687 -0.0270977020263672
0.0253791809082031 -0.0203075408935547 0.05322265625 0.0224266052246094
0.00286865234375 -0.0203323364257813 0.0814666748046875 -0.0331268310546875
-0.00553607940673828 -0.0121431350708008 0.0482025146484375 -0.0847091674804688
-0.0122499465942383 -0.00291824340820312 -0.0113906860351563 -0.102622985839844
-0.0198879241943359 -0.0035858154296875 -0.055450439453125 -0.082489013671875
-0.0161342620849609 -0.00680160522460937 -0.0518341064453125 -0.0539131164550781
-0.0211296081542969 -0.00683975219726562 -0.0493240356445313 -0.0434150695800781
-0.0195560455322266 -0.0180282592773438 -0.0415458679199219 -0.0401458740234375
-0.00412750244140625 -0.034027099609375 -0.0368461608886719 -0.03924560546875
0.0286102294921875 -0.0399742126464844 -0.0336341857910156 -0.057403564453125
0.0663909912109375 -0.00431060791015625 -0.0259933471679687 -0.0746917724609375
0.0786285400390625 0.035125732421875 -0.0419464111328125 -0.105888366699219
0.0630416870117188 0.0796432495117188 -0.0449981689453125 -0.131752014160156
0.0581130981445313 0.113784790039062 0.051971435546875 -0.0975723266601562
0.0653228759765625 0.0462913513183594 0.00812149047851563 -0.014002799987793
0.073577880859375 0.00844573974609375 0.0597496032714844 0.0364761352539063
0.0482368469238281 -0.0306968688964844 0.0920333862304688 -0.0208053588867188
0.0215644836425781 -0.0426979064941406 0.0634002685546875 -0.0757522583007813
-0.0143051147460938 -0.0416641235351563 5.25730892407113E-18 -0.100166320800781
-0.0354766845703125 -0.0367774963378906 -0.0458602905273437 -0.0774688720703125
-0.0297889709472656 -0.0377197265625 -0.0435943603515625 -0.0437088012695313
-0.0384864807128906 -0.03826904296875 -0.0422897338867188 -0.0325965881347656
-0.0245399475097656 -0.0488777160644531 -0.0399589538574219 -0.0261192321777344
0.00828933715820313 -0.0626144409179687 -0.0376319885253906 -0.0236015319824219
0.0537872314453125 -0.054412841796875 -0.0379791259765625 -0.043609619140625
0.0979080200195313 0.00891876220703125 -0.0337295532226562 -0.0600624084472656
0.101829528808594 0.0629119873046875 -0.0404205322265625 -0.0856246948242187
0.0665283203125 0.121025085449219 -0.0376510620117188 -0.097412109375
0.0505523681640625 0.15142822265625 0.0666427612304688 -0.0580787658691406
0.0751113891601563 0.0907440185546875 0.0239181518554688 0.0114288330078125
0.114334106445312 0.0407943725585938 0.0661392211914063 0.0526962280273438
0.0908584594726562 -0.0347518920898437 0.0977859497070313 -0.0052337646484375
0.0488777160644531 -0.0671501159667969 0.0723419189453125 -0.0597991943359375
-0.0133819580078125 -0.075469970703125 0.00858306884765625 -0.0863113403320313
-0.0489234924316406 -0.0628166198730469 -0.0345573425292969 -0.0620880126953125
-0.0424575805664063 -0.0598068237304688 -0.0309200286865234 -0.0259170532226563
-0.0555915832519531 -0.0605430603027344 -0.0301952362060547 -0.0143184661865234
-0.0354537963867188 -0.072235107421875 -0.0340042114257813 -0.00380134582519532
0.00960540771484374 -0.088287353515625 -0.0345840454101563 -0.00108718872070313
0.065643310546875 -0.0731277465820312 -0.0419502258300781 -0.0228958129882813
0.121322631835938 0.007476806640625 -0.0404052734375 -0.0424575805664062
0.119293212890625 0.0730438232421875 -0.0338973999023438 -0.0638465881347656
0.0708465576171875 0.142837524414063 -0.02972412109375 -0.0530357360839844
0.0238189697265625 0.162979125976563 0.0772857666015625 0.00080108642578126
0.06036376953125 0.123321533203125 0.0359840393066406 0.045989990234375
0.123542785644531 0.0790863037109375 0.0587997436523438 0.0722885131835938
0.118247985839844 -0.018463134765625 0.090576171875 0.0236282348632813
0.0745315551757813 -0.070587158203125 0.0748519897460938 -0.0267562866210938
-0.00194549560546875 -0.0940704345703125 0.023101806640625 -0.0577316284179688
-0.0472793579101563 -0.0819091796875 -0.0113334655761719 -0.0385322570800781
-0.0425949096679688 -0.076416015625 -0.0104713439941406 -0.00589847564697266
-0.0602188110351563 -0.0770187377929688 -0.0111665725708008 0.00503921508789062
-0.0365676879882813 -0.086395263671875 -0.0207195281982422 0.0187473297119141
0.0146942138671875 -0.100250244140625 -0.0266151428222656 0.0198078155517578
0.0733566284179687 -0.0764236450195313 -0.0399208068847656 -0.00501632690429688
0.125289916992187 0.01617431640625 -0.0395393371582031 -0.0299339294433594
0.112663269042969 0.083099365234375 -0.0161361694335937 -0.0435752868652344
0.0545501708984375 0.147689819335938 -0.0164022445678711 -0.00578212738037108
-0.00312805175781251 0.14483642578125 0.0785751342773438 0.0592117309570313
0.0325698852539063 0.127105712890625 0.0409774780273438 0.0814743041992188
0.103996276855469 0.0990982055664063 0.0475692749023438 0.0853347778320313
0.118431091308594 0.00164031982421875 0.0750579833984375 0.0455169677734375
0.0831451416015625 -0.0601425170898438 0.0664100646972656 0.00437164306640625
0.00705718994140625 -0.0945053100585937 0.0314407348632813 -0.0248756408691406
-0.0410079956054687 -0.0857391357421875 0.0103855133056641 -0.0118465423583984
-0.0383987426757813 -0.0798263549804688 0.0100479125976562 0.0153541564941406
-0.0570068359375 -0.0820083618164062 0.00966072082519531 0.0257072448730469
-0.03326416015625 -0.089111328125 -0.00639724731445312 0.0407638549804687
0.02105712890625 -0.0990676879882813 -0.0184097290039063 0.0396499633789062
0.0761184692382813 -0.068267822265625 -0.039306640625 0.01165771484375
0.116043090820313 0.0267333984375 -0.0380783081054687 -0.0188789367675781
0.0916061401367188 0.0878982543945313 0.0017223358154297 -0.0248432159423828
0.0301055908203125 0.136260986328125 -0.00556182861328125 0.0389060974121094
-0.0257644653320312 0.0997543334960938 0.0729827880859375 0.106430053710938
0.0001068115234375 0.102317810058594 0.0410232543945313 0.108230590820313
0.0636367797851563 0.0944900512695313 0.0351791381835938 0.089111328125
0.0924224853515625 0.0182113647460938 0.0552902221679688 0.0609092712402344
0.0739288330078125 -0.0397109985351562 0.0522804260253906 0.0289077758789062
0.0143356323242188 -0.0780487060546875 0.0356178283691406 0.00634384155273437
-0.0285873413085938 -0.07537841796875 0.0288772583007812 0.0152530670166016
-0.0291976928710938 -0.0712127685546875 0.0286865234375 0.0340461730957031
-0.044525146484375 -0.0753402709960938 0.028289794921875 0.0462913513183594
-0.023590087890625 -0.0808486938476563 0.00519180297851563 0.0627861022949219
0.02740478515625 -0.085906982421875 -0.0141258239746094 0.0575485229492188
0.07281494140625 -0.0530776977539063 -0.0397529602050781 0.0271453857421875
0.0962753295898438 0.0380096435546875 -0.0384979248046875 -0.0104026794433594
0.0601043701171875 0.0849990844726563 0.0127983093261719 -0.00731658935546874
0.00136566162109374 0.110336303710937 -0.000389099121093743 0.0796737670898438
-0.0418243408203125 0.0399246215820313 0.069488525390625 0.133155822753906
-0.0245361328125 0.0589065551757813 0.0452423095703125 0.121368408203125
0.0204887390136719 0.0686454772949219 0.0297775268554688 0.0832901000976563
0.0537261962890625 0.0235481262207031 0.0416603088378906 0.0651435852050781
0.0494346618652344 -0.0170135498046875 0.0414543151855469 0.0413703918457031
0.0129852294921875 -0.0513381958007812 0.0387420654296875 0.0272254943847656
-0.0157966613769531 -0.052825927734375 0.0442314147949219 0.033905029296875
-0.0176010131835938 -0.0512237548828125 0.0460128784179687 0.0475845336914063
-0.027801513671875 -0.0575485229492188 0.0452842712402344 0.062896728515625
-0.0123100280761719 -0.0621986389160156 0.0165786743164063 0.0817413330078125
0.0275154113769531 -0.0640144348144531 -0.0123443603515625 0.0742721557617188
0.0605430603027344 -0.0307083129882813 -0.0448417663574219 0.0384712219238281
0.0644989013671875 0.0458183288574219 -0.0413284301757812 -0.00564956665039063
0.0199127197265625 0.0733566284179688 0.0185871124267578 0.00884056091308594
-0.0294761657714844 0.06939697265625 -0.00381469726562499 0.10943603515625
0.0490951538085938 -0.003692626953125 0.00218200683593749 -0.122055053710938
0.0122756958007813 -0.04266357421875 -0.0192718505859375 -0.0226268768310547
-0.0252094268798828 -0.03350830078125 0.0465316772460937 0.0128631591796875
-0.034149169921875 0.000236511230468748 0.0673179626464844 -0.0391197204589844
-0.0226306915283203 0.0219841003417969 0.0302963256835938 -0.0816802978515625
-0.000291824340820313 0.0341911315917969 -0.0194091796875 -0.0931167602539063
0.00351715087890625 0.0277290344238281 -0.0583419799804687 -0.074859619140625
0.00139617919921875 0.0234565734863281 -0.0538063049316406 -0.0529212951660156
-0.000547409057617185 0.0256309509277344 -0.0511817932128906 -0.0421905517578125
-0.0157442092895508 0.0169334411621094 -0.0409431457519531 -0.0427665710449219
-0.0233726501464844 -0.00418853759765626 -0.0383949279785156 -0.0449295043945313
-0.00895881652832031 -0.0302047729492187 -0.0346107482910156 -0.0636978149414062
0.0273380279541016 -0.0323963165283203 -0.0243759155273437 -0.0852279663085938
0.0522651672363281 -0.00923919677734375 -0.043975830078125 -0.115043640136719
0.05645751953125 0.0195503234863281 -0.055755615234375 -0.146484375
0.0631179809570313 0.0555000305175781 0.0233078002929688 -0.121299743652344
0.0439605712890625 -0.00428009033203125 -0.00876617431640624 -0.0240726470947266
0.0236377716064453 -0.0213546752929688 0.0536842346191406 0.0210609436035156
0.0014801025390625 -0.0201854705810547 0.08001708984375 -0.035400390625
-0.00633335113525391 -0.0114097595214844 0.0448074340820313 -0.0851211547851563
-0.0114984512329102 -0.00160789489746093 -0.0148468017578125 -0.10101318359375
-0.0191192626953125 -0.00237274169921875 -0.0577011108398438 -0.0789413452148438
-0.0160751342773438 -0.00642776489257812 -0.0522842407226563 -0.0514183044433594
-0.0204067230224609 -0.00569915771484375 -0.050537109375 -0.0407791137695313
-0.0195560455322266 -0.0163097381591797 -0.042816162109375 -0.0384407043457031
-0.00538063049316406 -0.0331783294677734 -0.0383415222167969 -0.0380210876464844
0.0261154174804687 -0.0404548645019531 -0.0363922119140625 -0.0566291809082031
0.0646858215332031 -0.00718307495117188 -0.0286483764648437 -0.0733261108398438
0.0789871215820313 0.03131103515625 -0.0456924438476563 -0.102333068847656
0.0660247802734375 0.0758743286132813 -0.0491180419921875 -0.129112243652344
0.0622787475585937 0.109619140625 0.0457305908203125 -0.0986175537109375
0.0655097961425781 0.0438385009765625 0.00624370574951172 -0.0132265090942383
0.0731964111328125 0.005035400390625 0.0608596801757813 0.03515625
0.04559326171875 -0.0322608947753906 0.09124755859375 -0.0234375
0.0187301635742187 -0.0429534912109375 0.0602264404296875 -0.0772323608398438
-0.0154495239257813 -0.0391082763671875 -0.00405883789062499 -0.0985794067382813
-0.0370941162109375 -0.0337867736816406 -0.04888916015625 -0.0742111206054688
-0.0308761596679688 -0.0355911254882813 -0.0439491271972656 -0.041900634765625
-0.0389785766601562 -0.0354995727539063 -0.0428657531738281 -0.0299530029296875
-0.0261306762695312 -0.046295166015625 -0.0407867431640625 -0.0239105224609375
0.00543975830078125 -0.0615119934082031 -0.0379714965820312 -0.022186279296875
0.0508155822753906 -0.055755615234375 -0.0400276184082031 -0.0427703857421875
0.0970916748046875 0.0045928955078125 -0.03582763671875 -0.0589065551757813
0.101997375488281 0.0578994750976563 -0.0432205200195312 -0.0835342407226563
0.071929931640625 0.116546630859375 -0.041351318359375 -0.0954208374023438
0.0563201904296875 0.147506713867188 0.06292724609375 -0.0599517822265625
0.0776290893554688 0.0877456665039063 0.0223121643066406 0.0104103088378906
0.114799499511719 0.0352325439453125 0.0675239562988281 0.0509910583496094
0.0885391235351563 -0.0374679565429688 0.097747802734375 -0.00830078125
0.0454177856445313 -0.0691604614257812 0.0696220397949219 -0.0620574951171875
-0.016204833984375 -0.0720062255859375 0.00469207763671875 -0.0853652954101562
-0.0515213012695312 -0.0595779418945313 -0.0362625122070312 -0.0592498779296875
-0.0444145202636719 -0.0582733154296875 -0.0309696197509766 -0.0244770050048828
-0.0574226379394531 -0.0565719604492188 -0.0308818817138672 -0.0123786926269531
-0.0382194519042969 -0.068511962890625 -0.0334606170654297 -0.0021648406982422
0.00525665283203124 -0.0871200561523438 -0.0341243743896484 -0.000549316406250004
0.0615921020507813 -0.0750350952148438 -0.043609619140625 -0.0225563049316406
0.119926452636719 0.0023193359375 -0.042510986328125 -0.0422706604003906
0.119972229003906 0.0662612915039063 -0.0365676879882812 -0.0622673034667969
0.0766143798828125 0.138046264648438 -0.0325775146484375 -0.052001953125
0.030242919921875 0.160415649414063 0.07525634765625 -0.00312042236328124
0.06329345703125 0.120231628417969 0.034881591796875 0.0440521240234375
0.125541687011719 0.0729751586914062 0.0611801147460938 0.0708770751953125
0.11517333984375 -0.0227584838867188 0.0914688110351563 0.0201873779296875
0.07086181640625 -0.0738906860351563 0.0733108520507813 -0.0291976928710938
-0.00646209716796874 -0.0912704467773438 0.0200080871582031 -0.0574989318847656
-0.0513381958007812 -0.0774307250976563 -0.0128211975097656 -0.0375518798828125
-0.0457916259765625 -0.07366943359375 -0.0102558135986328 -0.00543403625488282
-0.062896728515625 -0.072418212890625 -0.0113239288330078 0.00611305236816406
-0.03936767578125 -0.0819091796875 -0.0194664001464844 0.0195560455322266
0.0102310180664062 -0.0982589721679688 -0.0258407592773437 0.0201549530029297
0.0695724487304688 -0.078399658203125 -0.0409202575683594 -0.00381469726562501
0.124282836914063 0.0100860595703125 -0.0405387878417969 -0.0287055969238281
0.113922119140625 0.0766983032226563 -0.0177688598632812 -0.0435867309570313
0.0601348876953125 0.143829345703125 -0.0163984298706055 -0.00597095489501952
0.0034637451171875 0.143157958984375 0.079010009765625 0.0548019409179688
0.0365371704101562 0.124427795410156 0.0423202514648438 0.0783843994140625
0.107963562011719 0.0931396484375 0.0500564575195313 0.0835494995117188
0.116844177246094 -0.00284576416015625 0.0761260986328125 0.0438156127929687
0.0801467895507812 -0.063812255859375 0.0665321350097656 0.0017242431640625
0.00203704833984375 -0.0930252075195313 0.0297679901123047 -0.0254726409912109
-0.0446395874023437 -0.0807342529296875 0.00982475280761718 -0.0114269256591797
-0.04241943359375 -0.076416015625 0.0109643936157227 0.0145463943481445
-0.0609893798828125 -0.0770187377929687 0.0101585388183594 0.0258922576904297
-0.0366592407226563 -0.0849838256835938 -0.00463485717773438 0.0412979125976562
0.0159530639648438 -0.0983123779296875 -0.0169143676757813 0.0396194458007812
0.071868896484375 -0.0714492797851563 -0.0386390686035156 0.0120620727539062
0.116233825683594 0.0211105346679688 -0.0389213562011719 -0.0182685852050781
0.0933303833007813 0.0823135375976563 -0.000507354736328121 -0.0255966186523437
0.0358428955078125 0.134193420410156 -0.00373458862304688 0.0381851196289063
-0.0219345092773437 0.09967041015625 0.0750198364257813 0.102806091308594
0.00370025634765625 0.101119995117188 0.0439682006835938 0.105331420898438
0.0674591064453125 0.0911331176757813 0.0383377075195312 0.087554931640625
0.0918731689453125 0.013671875 0.0572662353515625 0.0587654113769531
0.0714492797851563 -0.0423507690429688 0.0534477233886719 0.0259284973144531
0.0101470947265625 -0.0765533447265625 0.0351409912109375 0.00471115112304687
-0.032318115234375 -0.0719757080078125 0.0289821624755859 0.0136947631835937
-0.0321884155273438 -0.068603515625 0.0305652618408203 0.0333175659179688
-0.04803466796875 -0.0710525512695313 0.0295295715332031 0.0443305969238281
-0.026702880859375 -0.0771255493164063 0.00766372680664063 0.0617561340332031
0.02215576171875 -0.0858917236328125 -0.0126495361328125 0.0572547912597656
0.069091796875 -0.0559959411621094 -0.0387840270996094 0.0282936096191406
0.0966262817382812 0.0327224731445312 -0.0386505126953125 -0.00986862182617187
0.0620269775390625 0.0814132690429688 0.0128316879272461 -0.0092782974243164
0.00655364990234376 0.109397888183594 0.00260162353515625 0.0775527954101562
-0.040008544921875 0.0410690307617188 0.0730056762695313 0.129783630371094
-0.0220108032226562 0.0598640441894531 0.04833984375 0.117279052734375
0.0238075256347656 0.0663833618164063 0.0325469970703125 0.0822219848632813
0.0541152954101563 0.0209007263183594 0.044189453125 0.0633621215820313
0.0484580993652344 -0.0201072692871094 0.042938232421875 0.0401458740234375
0.0107383728027344 -0.0508880615234375 0.039459228515625 0.0260543823242188
-0.0184326171875 -0.0504570007324219 0.0450248718261719 0.0316238403320313
-0.0197563171386719 -0.0501480102539063 0.0474853515625 0.0449905395507813
-0.0315742492675781 -0.0553932189941406 0.0473175048828125 0.0608177185058594
-0.0157928466796875 -0.0596961975097656 0.0195770263671875 0.0803985595703125
0.0237693786621094 -0.0642738342285156 -0.0102462768554688 0.0738372802734375
0.0584869384765625 -0.0329780578613281 -0.0427627563476563 0.0390625
0.0654792785644531 0.0419769287109375 -0.0413055419921875 -0.00540161132812501
0.0217742919921875 0.0712356567382813 0.0183181762695313 0.0067291259765625
-0.0259628295898438 0.0701789855957031 0.000610351562500007 0.107070922851563
0.0485496520996094 -0.00501632690429688 -0.000595092773437496 -0.120521545410156
0.011810302734375 -0.0416984558105469 -0.0202198028564453 -0.0200595855712891
-0.0258140563964844 -0.0318126678466797 0.0470161437988281 0.0126914978027344
-0.0342979431152344 0.00127601623535156 0.066650390625 -0.038543701171875
-0.0224552154541016 0.0225467681884766 0.029388427734375 -0.0807418823242188
0.000844955444335938 0.0332794189453125 -0.0204238891601563 -0.0917282104492188
0.00533103942871093 0.0272808074951172 -0.0588836669921875 -0.07281494140625
0.00224685668945313 0.0228862762451172 -0.0543136596679688 -0.0522117614746094
0.000329971313476561 0.0249595642089844 -0.0509414672851562 -0.0405120849609375
-0.0140285491943359 0.0171756744384766 -0.041748046875 -0.04193115234375
-0.0232124328613281 -0.00278091430664062 -0.0394210815429687 -0.0443687438964844
-0.00956344604492188 -0.030303955078125 -0.0359687805175781 -0.0629158020019531
0.0254650115966797 -0.0327110290527344 -0.0245132446289062 -0.0838394165039063
0.0512924194335937 -0.0096893310546875 -0.0443115234375 -0.113121032714844
0.056976318359375 0.0176506042480469 -0.0575714111328125 -0.144561767578125
0.0636482238769531 0.0526313781738281 0.0200271606445313 -0.120750427246094
0.0434303283691406 -0.0045318603515625 -0.0106163024902344 -0.0231533050537109
0.0222568511962891 -0.0211029052734375 0.0539894104003906 0.0203437805175781
0.00050544738769531 -0.0196895599365234 0.0786819458007813 -0.0357589721679688
-0.00656795501708984 -0.011042594909668 0.04345703125 -0.084381103515625
-0.011103630065918 -0.00131511688232422 -0.0158309936523438 -0.0994186401367187
-0.0181999206542969 -0.00147438049316406 -0.0588150024414063 -0.0766143798828125
-0.0159177780151367 -0.00614738464355469 -0.0532608032226562 -0.0506248474121094
-0.0200366973876953 -0.00534820556640625 -0.0506744384765625 -0.0389175415039062
-0.0183887481689453 -0.0153312683105469 -0.0432472229003906 -0.0367698669433594
-0.0053863525390625 -0.0315952301025391 -0.0387840270996094 -0.0373611450195313
0.0248298645019531 -0.0408401489257813 -0.0372848510742187 -0.055999755859375
0.0632247924804688 -0.008270263671875 -0.0298919677734375 -0.07293701171875
0.077484130859375 0.029510498046875 -0.0463790893554688 -0.100761413574219
0.0671463012695313 0.07379150390625 -0.0511322021484375 -0.127090454101563
0.0643081665039063 0.107139587402344 0.0428695678710938 -0.0989608764648438
0.0649223327636719 0.0426368713378906 0.00420379638671876 -0.0119400024414062
0.0720977783203125 0.00354766845703125 0.0611343383789063 0.034515380859375
0.0440711975097656 -0.0326194763183594 0.0901260375976563 -0.0233688354492188
0.018341064453125 -0.043243408203125 0.058807373046875 -0.0770492553710938
-0.0157051086425781 -0.0381355285644531 -0.00522613525390626 -0.0971908569335938
-0.0367469787597656 -0.0319137573242188 -0.0493087768554688 -0.0723037719726563
-0.0308361053466797 -0.0347251892089844 -0.0434722900390625 -0.0405197143554688
-0.039031982421875 -0.0339622497558594 -0.0431594848632813 -0.02880859375
-0.0258941650390625 -0.0441131591796875 -0.0409202575683594 -0.0232162475585938
0.00391387939453125 -0.0601882934570312 -0.0390968322753906 -0.0219688415527344
0.0492401123046875 -0.0565223693847656 -0.0413894653320312 -0.0424041748046875
0.0958023071289063 0.0023193359375 -0.03668212890625 -0.0586967468261719
0.101051330566406 0.0543365478515625 -0.0439834594726563 -0.0822525024414063
0.073486328125 0.114578247070313 -0.04290771484375 -0.0944290161132812
0.0590057373046875 0.144912719726563 0.0596771240234375 -0.0613136291503906
0.077880859375 0.086029052734375 0.0207309722900391 0.0108661651611328
0.114631652832031 0.0328292846679688 0.0685005187988281 0.0507125854492188
0.0860977172851562 -0.0387725830078125 0.0966110229492187 -0.008941650390625
0.0435867309570312 -0.0696525573730469 0.0681991577148438 -0.0621604919433594
-0.0177078247070313 -0.0703125 0.00331115722656249 -0.084259033203125
-0.0515213012695313 -0.05596923828125 -0.0367813110351563 -0.0571403503417969
-0.0453224182128906 -0.0570106506347656 -0.0301570892333984 -0.0235042572021484
-0.0579833984375 -0.0542755126953125 -0.0309791564941406 -0.0111579895019531
-0.0383415222167969 -0.06561279296875 -0.0336780548095703 -0.000680923461914061
0.00331115722656251 -0.08538818359375 -0.0345363616943359 -0.000280380249023438
0.0596084594726563 -0.0754776000976563 -0.0445060729980469 -0.0222587585449219
0.118507385253906 -0.00048828125 -0.0431137084960937 -0.0417900085449219
0.119071960449219 0.0631332397460938 -0.0372543334960938 -0.0612602233886719
0.0787582397460937 0.135627746582031 -0.0333518981933594 -0.0517234802246094
0.0331878662109375 0.157257080078125 0.073638916015625 -0.00435638427734374
0.0638427734375 0.118263244628906 0.0338363647460938 0.0440101623535156
0.126640319824219 0.069976806640625 0.0622177124023438 0.0705642700195313
0.113777160644531 -0.0247039794921875 0.0912628173828125 0.01947021484375
0.0687179565429688 -0.0751724243164063 0.0725860595703125 -0.0300979614257813
-0.00827026367187501 -0.0893478393554687 0.0192413330078125 -0.0566329956054688
-0.05224609375 -0.0743484497070313 -0.0127372741699219 -0.0363578796386719
-0.0468978881835938 -0.0719680786132813 -0.00928878784179688 -0.00454235076904297
-0.0634536743164063 -0.0693435668945313 -0.0113735198974609 0.00700855255126953
-0.0411376953125 -0.0790023803710938 -0.0194568634033203 0.0201663970947266
0.00830841064453124 -0.0976791381835938 -0.0254669189453125 0.0199642181396484
0.0667037963867188 -0.0794448852539063 -0.0414390563964844 -0.00438690185546876
0.12310791015625 0.0074615478515625 -0.041015625 -0.0288619995117187
0.113082885742188 0.0734405517578125 -0.0188369750976562 -0.0434646606445312
0.0625457763671875 0.142242431640625 -0.0160188674926758 -0.00654506683349608
0.00633239746093751 0.142105102539063 0.0785293579101563 0.0529708862304688
0.03741455078125 0.123268127441406 0.0410079956054688 0.0767898559570313
0.108612060546875 0.0907135009765625 0.051727294921875 0.0834579467773438
0.115684509277344 -0.005035400390625 0.0763320922851563 0.0427627563476562
0.0779495239257813 -0.0652236938476563 0.0660057067871094 0.000514984130859371
0.000495910644531242 -0.0912322998046875 0.0290565490722656 -0.0249652862548828
-0.0468826293945313 -0.0783309936523438 0.00918483734130859 -0.0108413696289063
-0.0436782836914062 -0.074951171875 0.0117816925048828 0.0144662857055664
-0.0609970092773437 -0.0739059448242188 0.0100078582763672 0.0264205932617187
-0.0380477905273437 -0.0819549560546875 -0.00432586669921875 0.0414848327636719
0.0127487182617188 -0.0970535278320313 -0.0163536071777344 0.0393486022949219
0.0692825317382813 -0.0718841552734375 -0.0386276245117187 0.0123939514160156
0.115226745605469 0.0187835693359375 -0.0394287109375 -0.0180320739746094
0.0930252075195313 0.0790328979492188 -0.00103950500488281 -0.0264396667480469
0.0383224487304688 0.132766723632813 -0.00339889526367187 0.0368080139160156
-0.01995849609375 0.0995254516601562 0.0752334594726562 0.0999832153320313
0.00498199462890624 0.100730895996094 0.0433578491210937 0.102638244628906
0.0689163208007813 0.0889129638671875 0.038543701171875 0.0867538452148438
0.0912551879882813 0.012176513671875 0.0579605102539063 0.0576705932617188
0.0697784423828125 -0.0443572998046875 0.0536231994628906 0.0255470275878906
0.00791931152343751 -0.0757980346679688 0.0344924926757813 0.00447845458984374
-0.0346412658691406 -0.06927490234375 0.0289077758789062 0.0134754180908203
-0.0336723327636719 -0.0672874450683594 0.0314292907714844 0.0317306518554687
-0.0487861633300781 -0.06878662109375 0.0295982360839844 0.0451774597167969
-0.0284652709960938 -0.0753097534179688 0.00826644897460938 0.061553955078125
0.019195556640625 -0.0849151611328125 -0.0117645263671875 0.0565071105957031
0.0668869018554688 -0.0566329956054688 -0.0378227233886719 0.0274009704589844
0.0967636108398438 0.0305938720703125 -0.0392379760742187 -0.0100669860839844
0.0617218017578125 0.0793914794921875 0.0117673873901367 -0.0103559494018555
0.00843048095703124 0.107719421386719 0.00441741943359375 0.075592041015625
-0.038909912109375 0.0419845581054688 0.0739898681640625 0.126823425292969
-0.021026611328125 0.0597801208496094 0.0487747192382813 0.115524291992188
0.0259475708007813 0.0655021667480469 0.0333786010742188 0.0810623168945313
0.0538215637207031 0.0190277099609375 0.0441131591796875 0.0623321533203125
0.0478172302246094 -0.0206031799316406 0.04339599609375 0.03924560546875
0.00912094116210938 -0.0499992370605469 0.0389251708984375 0.0251808166503906
-0.02044677734375 -0.0488548278808594 0.0457649230957031 0.0307121276855469
-0.021392822265625 -0.0494613647460938 0.0484962463378906 0.0433998107910156
-0.0321998596191406 -0.0532379150390625 0.047943115234375 0.0603256225585937
-0.0173759460449219 -0.0581512451171875 0.0199127197265625 0.0803680419921875
0.0211067199707031 -0.0639762878417969 -0.00977325439453125 0.0723419189453125
0.0569267272949219 -0.0341072082519531 -0.0420455932617187 0.0389480590820313
0.0662307739257813 0.0403976440429688 -0.0417823791503906 -0.00527191162109374
0.0230636596679688 0.0702857971191406 0.0176219940185547 0.00417137145996094
-0.0242652893066406 0.0695953369140625 0.00229644775390624 0.105583190917969
0.0487632751464844 -0.00614166259765625 -0.00215911865234375 -0.121452331542969
0.0112991333007813 -0.0421295166015625 -0.0207538604736328 -0.0188941955566406
-0.0270786285400391 -0.031982421875 0.0478744506835938 0.0133171081542969
-0.0348243713378906 0.00160408020019532 0.0678977966308594 -0.0387191772460938
-0.0224857330322266 0.0234260559082031 0.0299072265625 -0.0808944702148438
0.00171852111816406 0.0332393646240234 -0.02001953125 -0.092742919921875
0.00621414184570312 0.0268745422363281 -0.0599212646484375 -0.0733489990234375
0.00260543823242187 0.0229415893554688 -0.0552520751953125 -0.0525627136230469
0.000556945800781248 0.0244865417480469 -0.0518836975097656 -0.041717529296875
-0.012974739074707 0.0171689987182617 -0.04296875 -0.0424232482910156
-0.0224170684814453 -0.00234413146972656 -0.0400657653808594 -0.0461158752441406
-0.0102138519287109 -0.0304546356201172 -0.0369949340820313 -0.0641746520996094
0.0252952575683594 -0.0327968597412109 -0.0243453979492188 -0.0840682983398437
0.0517311096191406 -0.00989532470703125 -0.044281005859375 -0.114227294921875
0.0577392578125 0.0173263549804688 -0.058258056640625 -0.145904541015625
0.064178466796875 0.0524253845214844 0.0187149047851563 -0.121360778808594
0.0433998107910156 -0.00471115112304688 -0.0113048553466797 -0.0211124420166016
0.0221309661865234 -0.0215339660644531 0.0553779602050781 0.0209808349609375
-0.000247955322265625 -0.0195407867431641 0.0803146362304687 -0.0359268188476562
-0.00718975067138672 -0.0108242034912109 0.04425048828125 -0.0852279663085938
-0.0107641220092773 -0.000125885009765625 -0.01580810546875 -0.100227355957031
-0.0176067352294922 -0.00138092041015625 -0.0590133666992188 -0.0776824951171875
-0.0158843994140625 -0.00594902038574219 -0.0530548095703125 -0.0511436462402344
-0.019805908203125 -0.00577354431152344 -0.0513992309570313 -0.0397872924804688
-0.0175485610961914 -0.0149345397949219 -0.0438995361328125 -0.0376358032226563
-0.00532150268554687 -0.0311336517333984 -0.0401191711425781 -0.0382614135742188
0.0248603820800781 -0.0403938293457031 -0.0382003784179687 -0.0569801330566406
0.0635032653808594 -0.00906753540039063 -0.02984619140625 -0.07354736328125
0.0780715942382813 0.0293731689453125 -0.0465469360351562 -0.101348876953125
0.0680618286132813 0.073883056640625 -0.0522918701171875 -0.129203796386719
0.0660858154296875 0.107070922851563 0.0419769287109375 -0.0996932983398437
0.0655937194824219 0.0427970886230469 0.00289154052734375 -0.0110836029052734
0.072845458984375 0.0032958984375 0.062835693359375 0.03570556640625
0.0437469482421875 -0.0329742431640625 0.091796875 -0.0240402221679688
0.017486572265625 -0.0436515808105469 0.0597915649414063 -0.0779037475585938
-0.0158424377441406 -0.0374832153320312 -0.0052490234375 -0.0981216430664063
-0.0363235473632813 -0.031402587890625 -0.0494918823242188 -0.0723419189453125
-0.0312347412109375 -0.0354881286621094 -0.0435066223144531 -0.0412864685058594
-0.0386772155761719 -0.0335273742675781 -0.0435867309570312 -0.0285415649414063
-0.0250511169433594 -0.0436973571777344 -0.0417251586914063 -0.0229759216308594
0.00410079956054687 -0.0599784851074219 -0.0395278930664063 -0.0226478576660156
0.0491600036621094 -0.0568733215332031 -0.0427742004394531 -0.0438003540039063
0.0963516235351562 0.00180816650390625 -0.0370368957519531 -0.0593910217285156
0.101348876953125 0.054412841796875 -0.04425048828125 -0.083221435546875
0.0746688842773438 0.115737915039063 -0.0437240600585937 -0.0959320068359375
0.060791015625 0.14599609375 0.05828857421875 -0.0621299743652344
0.0786895751953125 0.0870361328125 0.0189895629882813 0.0119743347167969
0.116622924804688 0.0327835083007813 0.0699386596679688 0.0519790649414063
0.0864410400390625 -0.039642333984375 0.098175048828125 -0.0085906982421875
0.04351806640625 -0.0713882446289062 0.0688400268554688 -0.0635032653808594
-0.0181732177734375 -0.07000732421875 0.00296783447265626 -0.084503173828125
-0.0519065856933594 -0.0551338195800781 -0.0366859436035156 -0.0571022033691406
-0.046295166015625 -0.0568962097167969 -0.0302047729492188 -0.0240516662597656
-0.0587654113769531 -0.0542945861816406 -0.0308990478515625 -0.0107097625732422
-0.0384292602539063 -0.0654678344726562 -0.0339088439941406 -0.000925064086914072
0.00279998779296874 -0.0852127075195313 -0.0354156494140625 -0.00048828125
0.0597610473632813 -0.0763320922851563 -0.0461349487304687 -0.022979736328125
0.119361877441406 -0.00107574462890625 -0.0436286926269531 -0.042816162109375
0.1199951171875 0.0640716552734375 -0.0377044677734375 -0.0628700256347656
0.0813217163085937 0.136978149414062 -0.0338859558105469 -0.0525169372558594
0.034759521484375 0.1597900390625 0.0731658935546875 -0.00489807128906249
0.0645904541015625 0.120048522949219 0.0319900512695313 0.0445213317871094
0.129135131835938 0.0695571899414063 0.0641403198242188 0.0723037719726563
0.11468505859375 -0.0256118774414063 0.0927200317382813 0.0195541381835937
0.0684432983398438 -0.0772781372070313 0.0736236572265625 -0.030792236328125
-0.00862884521484375 -0.0888290405273438 0.0189056396484375 -0.0567779541015625
-0.05340576171875 -0.0731582641601562 -0.0131301879882813 -0.0364532470703125
-0.0478973388671875 -0.0722732543945313 -0.00818777084350586 -0.0052480697631836
-0.0652008056640625 -0.0688247680664062 -0.0109634399414063 0.00757122039794921
-0.0415725708007813 -0.0779876708984375 -0.0195903778076172 0.0210819244384766
0.00724029541015624 -0.0971603393554688 -0.0264167785644531 0.0198287963867187
0.0666580200195313 -0.0800552368164063 -0.0425643920898437 -0.005340576171875
0.124465942382813 0.0068817138671875 -0.0424308776855469 -0.0293464660644531
0.113700866699219 0.0736312866210938 -0.0194206237792969 -0.0447540283203125
0.0640411376953125 0.143890380859375 -0.0163087844848633 -0.00705337524414061
0.00642395019531249 0.143325805664062 0.077972412109375 0.0527496337890625
0.0374832153320313 0.125068664550781 0.0404815673828125 0.0782012939453125
0.110893249511719 0.0914688110351563 0.0528488159179688 0.0845413208007813
0.116127014160156 -0.00533294677734375 0.0776443481445313 0.04339599609375
0.0785675048828125 -0.0671920776367188 0.0671653747558594 -4.57763671875041E-05
0.000198364257812494 -0.0908584594726562 0.0285968780517578 -0.0248889923095703
-0.0482406616210937 -0.0773696899414063 0.00952434539794922 -0.0106096267700195
-0.0447921752929688 -0.0758743286132813 0.0128374099731445 0.0147476196289062
-0.0627517700195313 -0.0739593505859375 0.0100574493408203 0.0271396636962891
-0.0391998291015625 -0.0818023681640625 -0.00409698486328126 0.0423393249511719
0.0117034912109375 -0.0973129272460938 -0.0171928405761719 0.0391464233398437
0.0693588256835938 -0.0728759765625 -0.0399551391601563 0.0116691589355469
0.116287231445313 0.0181961059570313 -0.0403099060058594 -0.0190696716308594
0.0939254760742188 0.0792999267578125 -0.00173950195312499 -0.0274715423583984
0.0393142700195313 0.133201599121094 -0.00355148315429687 0.0365943908691406
-0.0196075439453125 0.100830078125 0.0759429931640625 0.100227355957031
0.00479888916015626 0.102012634277344 0.0422821044921875 0.103721618652344
0.0710220336914062 0.0893325805664063 0.0390396118164063 0.0873031616210938
0.0924072265625 0.0115203857421875 0.0580978393554688 0.0585746765136719
0.0704421997070313 -0.0453872680664063 0.0545616149902344 0.0258712768554687
0.00782775878906251 -0.075927734375 0.0347614288330078 0.00535583496093749
-0.0355796813964844 -0.0682220458984375 0.0295047760009766 0.0132102966308594
-0.035247802734375 -0.0672454833984375 0.0323581695556641 0.0318145751953125
-0.0503768920898438 -0.0687065124511719 0.0299797058105469 0.0457916259765625
-0.0292434692382813 -0.0744857788085937 0.00797653198242187 0.0625495910644531
0.0183944702148437 -0.0853805541992188 -0.0118942260742187 0.0562210083007812
0.0668716430664063 -0.0582847595214844 -0.0395622253417969 0.0271530151367187
0.0976791381835938 0.030426025390625 -0.0402641296386719 -0.0108222961425781
0.0625457763671875 0.08026123046875 0.0109729766845703 -0.0115489959716797
0.00915527343750001 0.109344482421875 0.00414276123046875 0.0762557983398437
-0.0389938354492187 0.0424842834472656 0.0743179321289062 0.127227783203125
-0.0208396911621094 0.060943603515625 0.0487289428710938 0.115524291992188
0.0273551940917969 0.0662155151367188 0.032867431640625 0.0826034545898438
0.0542564392089844 0.0192222595214844 0.0451698303222656 0.0636672973632813
0.0475273132324219 -0.0221786499023438 0.0442619323730469 0.0396728515625
0.009002685546875 -0.0501251220703125 0.040008544921875 0.0259017944335937
-0.0216751098632812 -0.0485382080078125 0.0463066101074219 0.0302772521972656
-0.0223960876464844 -0.0492820739746094 0.0495834350585938 0.0440101623535156
-0.0333175659179688 -0.0524826049804688 0.048492431640625 0.0612525939941406
-0.0183868408203125 -0.058258056640625 0.0203628540039062 0.0812606811523437
0.0208473205566406 -0.0647773742675781 -0.01031494140625 0.0726776123046875
0.0572013854980469 -0.035369873046875 -0.0430335998535156 0.0386848449707031
0.0675392150878906 0.0402984619140625 -0.0428543090820313 -0.00650024414062499
0.0234909057617187 0.070709228515625 0.0172348022460938 0.003509521484375
-0.0239715576171875 0.0708084106445313 0.00231933593750001 0.105545043945313
0.0502815246582031 -0.00772476196289063 -0.00397491455078124 -0.124809265136719
0.0110092163085937 -0.0433425903320313 -0.0216140747070312 -0.0182323455810547
-0.0282688140869141 -0.0323677062988281 0.0496444702148438 0.0133018493652344
-0.0365867614746094 0.00222778320312499 0.0701751708984375 -0.040374755859375
-0.0230598449707031 0.0245494842529297 0.03131103515625 -0.083465576171875
0.00262260437011719 0.0343704223632813 -0.020904541015625 -0.0959548950195313
0.00780868530273437 0.0273609161376953 -0.0618133544921875 -0.0749435424804688
0.00355720520019531 0.0236072540283203 -0.0577316284179688 -0.0544090270996094
0.00106430053710937 0.0248165130615234 -0.05426025390625 -0.0424880981445313
-0.012476921081543 0.0175552368164063 -0.0447463989257813 -0.0434494018554687
-0.0229473114013672 -0.00191879272460938 -0.0422477722167969 -0.0475502014160156
-0.0118560791015625 -0.0305652618408203 -0.0393943786621094 -0.0666732788085937
0.0254325866699219 -0.0347976684570313 -0.0244216918945313 -0.0869293212890625
0.0533599853515625 -0.0111351013183594 -0.0457534790039062 -0.116783142089844
0.0593185424804688 0.0166130065917969 -0.0619659423828125 -0.149932861328125
0.0672721862792969 0.052764892578125 0.0164642333984375 -0.124465942382813
0.0442047119140625 -0.00474166870117188 -0.013031005859375 -0.0203189849853516
0.023193359375 -0.0219383239746094 0.0581512451171875 0.0218467712402344
-0.000658035278320311 -0.0188121795654297 0.08306884765625 -0.0373077392578125
-0.00757217407226562 -0.0110187530517578 0.0453720092773437 -0.087615966796875
-0.0100221633911133 0.000297546386718752 -0.0169296264648437 -0.103515625
-0.0172357559204102 -0.000445365905761718 -0.061614990234375 -0.0788726806640625
-0.0159902572631836 -0.00622749328613281 -0.0557022094726563 -0.0523262023925781
-0.0200881958007813 -0.00546836853027344 -0.0538444519042969 -0.040771484375
-0.0175189971923828 -0.0151166915893555 -0.0461578369140625 -0.0386619567871094
-0.00541877746582031 -0.0313205718994141 -0.0423088073730469 -0.0401382446289063
0.0248870849609375 -0.0422554016113281 -0.0408210754394531 -0.0594367980957031
0.0645866394042969 -0.0100898742675781 -0.0305099487304688 -0.0757369995117188
0.0798797607421875 0.0289764404296875 -0.0483245849609375 -0.104461669921875
0.071136474609375 0.0752639770507813 -0.0557632446289062 -0.13311767578125
0.070098876953125 0.109298706054688 0.0404586791992188 -0.103401184082031
0.0677413940429687 0.0444259643554687 0.00140953063964844 -0.0103530883789062
0.0759506225585938 0.00212860107421875 0.0663719177246094 0.0364570617675781
0.0439605712890625 -0.03350830078125 0.0953598022460937 -0.0248336791992188
0.0169486999511719 -0.04541015625 0.0614395141601563 -0.0806427001953125
-0.0166549682617187 -0.0377693176269531 -0.00581359863281251 -0.100944519042969
-0.0377388000488281 -0.0308303833007813 -0.0521392822265625 -0.0736465454101563
-0.0326805114746094 -0.0362930297851563 -0.0453910827636719 -0.0426368713378906
-0.0407905578613281 -0.0343246459960937 -0.0461273193359375 -0.0294609069824219
-0.0263481140136719 -0.0446205139160156 -0.0435333251953125 -0.0230941772460938
0.00336837768554687 -0.0611038208007813 -0.0414543151855469 -0.0237884521484375
0.0497779846191406 -0.0589714050292969 -0.0453300476074219 -0.0456008911132813
0.099212646484375 0.00095367431640625 -0.0386085510253906 -0.0615959167480469
0.104362487792969 0.054656982421875 -0.046661376953125 -0.085662841796875
0.0791244506835938 0.118148803710937 -0.0467681884765625 -0.0990753173828125
0.06494140625 0.149703979492188 0.0591049194335938 -0.0643730163574219
0.081451416015625 0.0902023315429688 0.0179576873779297 0.013580322265625
0.121391296386719 0.0320358276367188 0.074188232421875 0.053466796875
0.08819580078125 -0.0420379638671875 0.101943969726562 -0.0099945068359375
0.0435867309570312 -0.0740890502929688 0.0708160400390625 -0.0659942626953125
-0.0194625854492187 -0.071075439453125 0.00258636474609375 -0.0865554809570313
-0.054290771484375 -0.0556144714355469 -0.0386848449707031 -0.0584869384765625
-0.0484428405761719 -0.0581817626953125 -0.0308303833007812 -0.0246677398681641
-0.0611038208007812 -0.0539169311523437 -0.032806396484375 -0.0105342864990234
-0.0399131774902344 -0.0657997131347656 -0.0350627899169922 -0.000963211059570321
0.00166320800781249 -0.0871353149414062 -0.0373573303222656 -0.000862121582031248
0.060089111328125 -0.07977294921875 -0.0490493774414062 -0.0248641967773437
0.123565673828125 -0.0025634765625 -0.0458793640136719 -0.0438308715820313
0.123092651367188 0.0637588500976563 -0.0399055480957031 -0.0644035339355469
0.0848846435546875 0.141067504882813 -0.0367507934570312 -0.054290771484375
0.0382232666015625 0.164108276367187 0.0745773315429688 -0.00622558593749999
0.0672988891601563 0.124519348144531 0.031219482421875 0.0461997985839844
0.135116577148438 0.0701370239257813 0.067626953125 0.0738372802734375
0.11810302734375 -0.0272598266601562 0.0958404541015625 0.0196456909179688
0.06976318359375 -0.0810623168945313 0.0760345458984375 -0.0325851440429688
-0.010162353515625 -0.0911331176757813 0.0188140869140625 -0.0580635070800781
-0.0554351806640625 -0.0725250244140625 -0.01324462890625 -0.0367431640625
-0.0508956909179687 -0.0737152099609375 -0.00810813903808594 -0.00542974472045899
-0.0676498413085938 -0.0694541931152344 -0.0114364624023438 0.00858211517333984
-0.0433425903320313 -0.0792694091796875 -0.0206146240234375 0.0218906402587891
0.00532531738281251 -0.100204467773438 -0.027130126953125 0.0201034545898437
0.0679779052734375 -0.08380126953125 -0.0456504821777344 -0.00557327270507813
0.128829956054688 0.00556182861328125 -0.0447998046875 -0.0304412841796875
0.117195129394531 0.0749130249023438 -0.0211410522460937 -0.0466728210449219
0.0684661865234375 0.148468017578125 -0.0184078216552734 -0.00742530822753905
0.00938415527343751 0.148406982421875 0.0797500610351563 0.053497314453125
0.04010009765625 0.129341125488281 0.039825439453125 0.0798263549804688
0.116889953613281 0.0926513671875 0.0563507080078125 0.087432861328125
0.119552612304688 -0.00745391845703125 0.0804290771484375 0.0443038940429688
0.0796661376953125 -0.0711441040039063 0.0692100524902344 -0.000209808349609379
-0.000640869140624998 -0.0931777954101562 0.0294742584228516 -0.0252857208251953
-0.0506057739257813 -0.0774993896484375 0.009857177734375 -0.0110454559326172
-0.0475311279296875 -0.0769195556640625 0.0147771835327148 0.0146427154541016
-0.06561279296875 -0.0745773315429688 0.0109901428222656 0.0286331176757812
-0.0413589477539063 -0.0821533203125 -0.00415039062500001 0.0443191528320313
0.010498046875 -0.0998687744140625 -0.0173416137695312 0.040008544921875
0.0706100463867188 -0.0762252807617188 -0.0414924621582031 0.0116195678710937
0.120597839355469 0.0175094604492188 -0.0428428649902344 -0.0196113586425781
0.0965118408203125 0.0811538696289063 -0.00257492065429687 -0.0295352935791016
0.042938232421875 0.138229370117188 -0.00383758544921875 0.0374526977539063
-0.0183792114257813 0.104782104492188 0.0777816772460938 0.102851867675781
0.00649261474609376 0.105789184570313 0.0430145263671875 0.106330871582031
0.0753173828125 0.0911865234375 0.0417938232421875 0.0902252197265625
0.0951614379882813 0.0109710693359375 0.0607490539550781 0.0601768493652344
0.0720291137695313 -0.0484237670898438 0.0569114685058594 0.0267143249511719
0.006805419921875 -0.0778274536132812 0.0357704162597656 0.00615692138671875
-0.0386810302734375 -0.0686683654785156 0.0314731597900391 0.0136127471923828
-0.0377006530761719 -0.0690956115722656 0.0347881317138672 0.0324497222900391
-0.0536384582519531 -0.0694046020507812 0.0319137573242188 0.0479087829589844
-0.0314788818359375 -0.0759658813476563 0.00877761840820312 0.0653266906738281
0.0166549682617187 -0.0885848999023438 -0.0126152038574219 0.0579795837402344
0.0677108764648438 -0.0610008239746094 -0.0411758422851563 0.0277938842773437
0.101303100585938 0.0298614501953125 -0.0429000854492187 -0.0109024047851562
0.064544677734375 0.081512451171875 0.0108013153076172 -0.0134916305541992
0.0110702514648437 0.11224365234375 0.005035400390625 0.0777740478515625
-0.0396347045898438 0.0446586608886719 0.077117919921875 0.130859375
-0.0210227966308594 0.0631103515625 0.0495147705078125 0.117691040039063
0.0298652648925781 0.0680580139160156 0.0344314575195312 0.0844192504882813
0.0563011169433594 0.0182075500488281 0.0471458435058594 0.0652236938476562
0.0495796203613281 -0.0240669250488281 0.0470390319824219 0.0408706665039063
0.0083160400390625 -0.0507354736328125 0.0410041809082031 0.026336669921875
-0.0231971740722656 -0.0487213134765625 0.0486259460449219 0.0311050415039063
-0.0249557495117187 -0.0499992370605469 0.052093505859375 0.0443000793457031
-0.0362586975097656 -0.0535240173339844 0.0508880615234375 0.0629844665527344
-0.0197601318359375 -0.0594253540039063 0.0216293334960937 0.0835647583007813
0.0199050903320313 -0.06768798828125 -0.00992584228515625 0.0746917724609375
0.0583648681640625 -0.0370445251464844 -0.0447273254394531 0.0397987365722656
0.070648193359375 0.04132080078125 -0.0458106994628906 -0.00630950927734375
0.0247344970703125 0.0734710693359375 0.0175018310546875 0.00139713287353516
-0.0237503051757813 0.0727005004882813 0.00421905517578125 0.108650207519531
0.0520133972167969 -0.0101585388183594 -0.00995635986328124 -0.128456115722656
0.009857177734375 -0.0451087951660156 -0.023681640625 -0.0155735015869141
-0.030487060546875 -0.0317516326904297 0.0524673461914063 0.0127792358398438
-0.0378684997558594 0.00465011596679687 0.0724716186523438 -0.0438385009765625
-0.0229873657226562 0.0274734497070313 0.0301055908203125 -0.0873794555664063
0.00489044189453125 0.0354652404785156 -0.0240707397460938 -0.0983047485351563
0.0103874206542969 0.0268325805664063 -0.0678634643554687 -0.0757064819335938
0.00502777099609375 0.0234241485595703 -0.0625991821289063 -0.054534912109375
0.00231552124023437 0.0247440338134766 -0.0590744018554688 -0.0418548583984375
-0.0113735198974609 0.0182590484619141 -0.0489234924316406 -0.0437583923339844
-0.0224781036376953 -0.000268936157226558 -0.0461349487304688 -0.0482826232910156
-0.0132350921630859 -0.0312919616699219 -0.0432853698730469 -0.0678672790527344
0.0246238708496094 -0.036651611328125 -0.026763916015625 -0.0896835327148438
0.0546188354492187 -0.0131759643554687 -0.0502700805664062 -0.119544982910156
0.0629234313964844 0.0146217346191406 -0.069732666015625 -0.153472900390625
0.0718917846679687 0.051788330078125 0.0113677978515625 -0.130439758300781
0.0458831787109375 -0.00634002685546875 -0.0148601531982422 -0.0187854766845703
0.0229549407958984 -0.0236167907714844 0.0617752075195313 0.0210342407226563
-0.00154876708984375 -0.0196971893310547 0.0851898193359375 -0.0411453247070312
-0.00927543640136719 -0.0105800628662109 0.04425048828125 -0.0924758911132813
-0.00993728637695312 0.00100135803222656 -0.0201339721679688 -0.106224060058594
-0.0167398452758789 -0.000118255615234374 -0.0666732788085938 -0.0795516967773438
-0.0165672302246094 -0.00606536865234375 -0.0600662231445313 -0.0524749755859375
-0.0203590393066406 -0.0056610107421875 -0.0579452514648437 -0.0403327941894531
-0.0171394348144531 -0.0145664215087891 -0.0494384765625 -0.0385246276855469
-0.00591850280761719 -0.0315570831298828 -0.0459671020507813 -0.040069580078125
0.0236320495605469 -0.0447998046875 -0.0455703735351563 -0.0610237121582031
0.0666427612304688 -0.0123023986816406 -0.0336990356445312 -0.0782699584960938
0.0831069946289063 0.0274200439453125 -0.0533523559570312 -0.106964111328125
0.0768585205078125 0.0757293701171875 -0.0624847412109375 -0.136505126953125
0.076416015625 0.1104736328125 0.0363845825195313 -0.108604431152344
0.0718765258789063 0.0441207885742188 -0.00051784515380859 -0.00894355773925781
0.0792999267578125 -0.00043487548828125 0.0709075927734375 0.036041259765625
0.0446662902832031 -0.0359344482421875 0.0987548828125 -0.0289764404296875
0.0159835815429688 -0.0478324890136719 0.0611801147460938 -0.0858230590820313
-0.018035888671875 -0.0376930236816406 -0.00906372070312501 -0.104385375976562
-0.0387649536132813 -0.0300254821777344 -0.0566024780273437 -0.0743789672851563
-0.0347824096679687 -0.0364112854003906 -0.0489997863769531 -0.042694091796875
-0.0430641174316406 -0.0333633422851563 -0.0488243103027344 -0.0287246704101563
-0.0279693603515625 -0.0446205139160156 -0.045806884765625 -0.0224075317382812
0.0014495849609375 -0.0625 -0.04486083984375 -0.0231895446777344
0.0494575500488281 -0.0629768371582031 -0.0504226684570313 -0.0466499328613281
0.102821350097656 -0.00295257568359375 -0.0417861938476562 -0.0627212524414063
0.109169006347656 0.0530929565429688 -0.051239013671875 -0.087677001953125
0.0870742797851562 0.120330810546875 -0.0524826049804687 -0.100395202636719
0.0736236572265625 0.15167236328125 0.0569610595703125 -0.0690231323242187
0.0876846313476563 0.0914382934570313 0.0174732208251953 0.0138015747070313
0.128028869628906 0.0282745361328125 0.0802001953125 0.0523605346679688
0.0897750854492187 -0.0468292236328125 0.106033325195313 -0.0136947631835938
0.0411148071289062 -0.0793304443359375 0.071807861328125 -0.0703506469726563
-0.022247314453125 -0.0718612670898438 -0.000312805175781246 -0.089813232421875
-0.0572891235351563 -0.0545463562011719 -0.0418739318847656 -0.0590896606445312
-0.0526962280273438 -0.0586013793945312 -0.0322227478027344 -0.0252017974853516
-0.0649871826171875 -0.0530433654785156 -0.0344352722167969 -0.00962066650390625
-0.0433387756347656 -0.0655784606933594 -0.0369529724121094 0.001007080078125
-0.00144195556640625 -0.08935546875 -0.0395660400390625 0.000370025634765623
0.059326171875 -0.084808349609375 -0.053466796875 -0.0250434875488281
0.127662658691406 -0.00762939453125 -0.0497474670410156 -0.0443077087402344
0.129524230957031 0.0615158081054688 -0.0442428588867188 -0.0665512084960938
0.0941925048828125 0.14324951171875 -0.0399093627929687 -0.05572509765625
0.0458526611328125 0.168212890625 0.0753555297851563 -0.00899505615234374
0.0741195678710938 0.127151489257813 0.0316314697265625 0.0476112365722656
0.142852783203125 0.067657470703125 0.0738677978515625 0.0745010375976563
0.120429992675781 -0.0322036743164063 0.100654602050781 0.0185394287109375
0.0688323974609375 -0.0869216918945313 0.078643798828125 -0.0368499755859375
-0.013519287109375 -0.092987060546875 0.017913818359375 -0.0606193542480469
-0.0600814819335937 -0.0726547241210938 -0.0153846740722656 -0.0373802185058594
-0.0564117431640625 -0.0739288330078125 -0.00802326202392578 -0.00560331344604493
-0.073089599609375 -0.0679550170898438 -0.0113325119018555 0.00998497009277344
-0.0474624633789063 -0.078857421875 -0.0204010009765625 0.0237789154052734
0.000816345214843742 -0.103073120117188 -0.0280437469482422 0.021759033203125
0.0672073364257813 -0.0897140502929688 -0.0486373901367187 -0.00524139404296876
0.134048461914062 0.0011444091796875 -0.0483856201171875 -0.0306282043457031
0.12469482421875 0.07379150390625 -0.0237045288085937 -0.0486259460449219
0.0772552490234375 0.152328491210938 -0.0193881988525391 -0.00759506225585936
0.0149078369140625 0.154144287109375 0.0834274291992188 0.0528640747070313
0.0453567504882813 0.133140563964844 0.0424652099609375 0.0818328857421875
0.125389099121094 0.091552734375 0.06195068359375 0.088348388671875
0.123336791992188 -0.0116424560546875 0.0854873657226563 0.0434722900390625
0.079437255859375 -0.0771560668945313 0.0722885131835938 -0.00232696533203125
-0.00473785400390625 -0.0959091186523438 0.0301990509033203 -0.0263137817382813
-0.0551300048828125 -0.0771713256835937 0.00995349884033203 -0.0112457275390625
-0.0527420043945312 -0.07763671875 0.0160961151123047 0.0139427185058594
-0.071563720703125 -0.0735855102539063 0.0125637054443359 0.0304851531982422
-0.0456008911132812 -0.0820846557617188 -0.00320816040039063 0.0461959838867188
0.00548553466796875 -0.10345458984375 -0.01739501953125 0.0412139892578125
0.0699310302734375 -0.082305908203125 -0.0440406799316406 0.0130805969238281
0.126113891601563 0.013336181640625 -0.0454177856445312 -0.0184822082519531
0.103195190429688 0.0806961059570313 -0.00369453430175781 -0.0306606292724609
0.049591064453125 0.142532348632813 -0.0025787353515625 0.0389366149902344
-0.015472412109375 0.109451293945313 0.083892822265625 0.103691101074219
0.0101089477539063 0.109573364257813 0.046661376953125 0.108444213867187
0.0819625854492188 0.09185791015625 0.046142578125 0.09283447265625
0.0984573364257813 0.00745391845703125 0.0650405883789063 0.0607376098632813
0.0720596313476563 -0.0537796020507813 0.0603370666503906 0.0260772705078125
0.00339508056640626 -0.0808258056640625 0.0375442504882812 0.00521087646484374
-0.0420036315917969 -0.0686264038085938 0.0327129364013672 0.0133514404296875
-0.0425071716308594 -0.0693550109863281 0.0378913879394531 0.03192138671875
-0.0585556030273438 -0.0690193176269531 0.0354843139648437 0.0489616394042969
-0.0352630615234375 -0.0765304565429687 0.0116958618164062 0.0675773620605469
0.01275634765625 -0.0918502807617188 -0.0115432739257812 0.0599403381347656
0.0677261352539063 -0.0655784606933594 -0.0425262451171875 0.0296783447265625
0.107231140136719 0.0273666381835938 -0.0457267761230469 -0.0103912353515625
0.0703659057617188 0.0824966430664063 0.0103330612182617 -0.0153274536132812
0.0158157348632813 0.117080688476563 0.0081634521484375 0.0802993774414063
-0.039031982421875 0.04815673828125 0.0842666625976563 0.132423400878906
-0.0194931030273437 0.0666275024414063 0.0542755126953125 0.120758056640625
0.0339508056640625 0.0689315795898438 0.0379562377929688 0.0867156982421875
0.0587501525878906 0.0166282653808594 0.0505218505859375 0.0661964416503906
0.0497245788574219 -0.0268173217773438 0.0505867004394531 0.0405426025390625
0.00688552856445313 -0.0532951354980469 0.0434684753417969 0.0265121459960937
-0.0259246826171875 -0.048583984375 0.0522994995117188 0.0303916931152344
-0.028228759765625 -0.0508308410644531 0.0566787719726563 0.0435905456542969
-0.039642333984375 -0.0538864135742188 0.0559234619140625 0.063385009765625
-0.0230789184570312 -0.0598564147949219 0.0256195068359375 0.0866317749023438
0.0165481567382813 -0.0704574584960938 -0.00897979736328125 0.0768890380859375
0.0590286254882813 -0.0411605834960938 -0.0451812744140625 0.0427818298339844
0.0755386352539063 0.039459228515625 -0.0478706359863281 -0.00444793701171875
0.0282821655273438 0.0746612548828125 0.0179901123046875 2.09808349609421E-05
-0.0218276977539063 0.0767822265625 0.00823211669921874 0.111930847167969
0.0522918701171875 -0.0140419006347656 -0.0184402465820313 -0.129791259765625
0.00715255737304688 -0.0462303161621094 -0.0248699188232422 -0.0132198333740234
-0.0325775146484375 -0.0305004119873047 0.0548019409179688 0.0102653503417969
-0.038055419921875 0.00716781616210938 0.0716323852539063 -0.0485992431640625
-0.0212688446044922 0.0300121307373047 0.0269775390625 -0.0907516479492188
0.00803375244140625 0.0365219116210937 -0.02886962890625 -0.100296020507813
0.0128421783447266 0.0263633728027344 -0.073272705078125 -0.0733108520507813
0.0071258544921875 0.0233554840087891 -0.0677947998046875 -0.0521659851074219
0.004425048828125 0.0246906280517578 -0.0633773803710938 -0.0398025512695313
-0.00960350036621093 0.0184192657470703 -0.0527076721191406 -0.0423583984375
-0.0225753784179687 0.000787734985351561 -0.0509757995605469 -0.0468215942382813
-0.0159111022949219 -0.0309715270996094 -0.0490646362304688 -0.0673866271972656
0.0223770141601563 -0.0380630493164062 -0.0317459106445313 -0.0907440185546875
0.0552101135253906 -0.0163040161132813 -0.0573654174804688 -0.119476318359375
0.0644950866699219 0.0113639831542969 -0.079620361328125 -0.152542114257813
0.07659912109375 0.0484161376953125 0.00272369384765625 -0.131919860839844
0.0462570190429688 -0.0086669921875 -0.0165205001831055 -0.0166549682617188
0.0221595764160156 -0.0251216888427734 0.0648117065429688 0.0179405212402344
-0.00307464599609375 -0.0192527770996094 0.0853652954101562 -0.0465850830078125
-0.009857177734375 -0.00910091400146485 0.0407257080078125 -0.0965957641601563
-0.0091552734375 0.00195884704589844 -0.0255050659179687 -0.108375549316406
-0.0161285400390625 0.000466346740722654 -0.0728988647460938 -0.0771255493164063
-0.0163106918334961 -0.00561046600341797 -0.0653305053710937 -0.0508193969726562
-0.0209999084472656 -0.00405693054199219 -0.062164306640625 -0.0373573303222656
-0.0181941986083984 -0.0146102905273437 -0.0535430908203125 -0.0366363525390625
-0.00712394714355469 -0.0317821502685547 -0.0497817993164063 -0.0389328002929687
0.0216712951660156 -0.0468635559082031 -0.0506629943847656 -0.0602149963378906
0.0667228698730469 -0.0163307189941406 -0.0378189086914063 -0.0779571533203125
0.0861358642578125 0.0236740112304687 -0.0597305297851562 -0.106109619140625
0.0833587646484375 0.0730972290039063 -0.071929931640625 -0.135208129882813
0.0845565795898438 0.108131408691406 0.0296554565429688 -0.111930847167969
0.0759201049804688 0.041534423828125 -0.00215482711791992 -0.00716638565063476
0.08160400390625 -0.005401611328125 0.07568359375 0.0327224731445313
0.0428047180175781 -0.0397377014160156 0.0988616943359375 -0.03448486328125
0.0127105712890625 -0.0490989685058594 0.0578689575195313 -0.0906906127929688
-0.0200157165527344 -0.0367851257324219 -0.0148696899414063 -0.105255126953125
-0.0407485961914063 -0.0282058715820312 -0.0621414184570313 -0.07269287109375
-0.0378532409667969 -0.0346260070800781 -0.0525054931640625 -0.0409049987792969
-0.0457267761230469 -0.0310897827148438 -0.0527915954589844 -0.0262260437011719
-0.0304756164550781 -0.0432815551757813 -0.0492172241210938 -0.0204200744628906
-0.00132369995117187 -0.0631675720214844 -0.0483360290527344 -0.0218048095703125
0.0466194152832031 -0.0675582885742188 -0.0548057556152344 -0.0450592041015625
0.104804992675781 -0.00836181640625 -0.0454330444335938 -0.0625114440917969
0.114486694335938 0.0486984252929688 -0.0568313598632813 -0.0866622924804687
0.0960006713867188 0.118629455566406 -0.059967041015625 -0.100692749023438
0.0841827392578125 0.1513671875 0.05267333984375 -0.0736465454101562
0.0947265625 0.0887908935546875 0.0169315338134766 0.0150823593139649
0.13275146484375 0.0208282470703125 0.0855636596679688 0.0492706298828125
0.0891571044921875 -0.0524139404296875 0.107658386230469 -0.0185623168945313
0.0372161865234375 -0.0831832885742188 0.06988525390625 -0.0762100219726563
-0.0265960693359375 -0.0717086791992188 -0.00448608398437501 -0.0914459228515625
-0.0607223510742188 -0.0510902404785156 -0.0465507507324219 -0.0574455261230469
-0.0575942993164063 -0.0561714172363281 -0.0349559783935547 -0.0234832763671875
-0.0698661804199219 -0.0497589111328125 -0.0356597900390625 -0.00728988647460938
-0.0471458435058594 -0.063720703125 -0.0379829406738281 0.00377273559570312
-0.00734710693359374 -0.09027099609375 -0.0407333374023438 0.00222396850585936
0.0550994873046875 -0.0904769897460938 -0.0576019287109375 -0.022216796875
0.13031005859375 -0.0147857666015625 -0.053009033203125 -0.0427818298339844
0.135154724121094 0.0562286376953125 -0.048492431640625 -0.0655021667480469
0.105117797851563 0.142135620117188 -0.0447311401367187 -0.0543975830078125
0.0574188232421875 0.170394897460938 0.074859619140625 -0.013275146484375
0.083099365234375 0.126754760742188 0.03436279296875 0.0481948852539063
0.1513671875 0.059967041015625 0.0804901123046875 0.0716018676757813
0.121002197265625 -0.04046630859375 0.104682922363281 0.0131607055664063
0.0645675659179688 -0.093414306640625 0.0783615112304688 -0.0414352416992188
-0.0190582275390625 -0.093719482421875 0.0148811340332031 -0.0621109008789063
-0.0647697448730469 -0.0693550109863281 -0.0177536010742188 -0.0371894836425781
-0.0619049072265625 -0.0725479125976563 -0.00851774215698242 -0.00612354278564454
-0.0784988403320313 -0.0643997192382813 -0.0106916427612305 0.0109853744506836
-0.0525970458984375 -0.07763671875 -0.0193843841552734 0.0262355804443359
-0.0051116943359375 -0.104415893554688 -0.0284137725830078 0.0231037139892578
0.0625686645507813 -0.0954666137695313 -0.0517234802246094 -0.00320434570312502
0.137680053710937 -0.00708770751953125 -0.0506935119628906 -0.0285415649414063
0.130470275878906 0.0680618286132813 -0.0266876220703125 -0.0485801696777344
0.08843994140625 0.152008056640625 -0.0202999114990234 -0.00641441345214843
0.0245361328125 0.156143188476563 0.0869827270507813 0.048858642578125
0.05450439453125 0.134658813476563 0.0458450317382813 0.0815582275390625
0.1343994140625 0.085235595703125 0.0681381225585938 0.086029052734375
0.124649047851563 -0.019256591796875 0.0897445678710938 0.0407028198242188
0.0761947631835938 -0.0843276977539063 0.0745468139648438 -0.00643157958984376
-0.0101318359375 -0.097076416015625 0.0295143127441406 -0.0275669097900391
-0.0604400634765625 -0.0742874145507813 0.0101528167724609 -0.0121822357177734
-0.0589523315429688 -0.0758438110351562 0.0181789398193359 0.0129909515380859
-0.07806396484375 -0.07012939453125 0.0155448913574219 0.0302371978759766
-0.0511627197265625 -0.0808334350585937 -3.05175781250009E-05 0.0478324890136719
-0.00115966796874999 -0.105697631835937 -0.0166587829589844 0.0427818298339844
0.0668869018554688 -0.0883560180664063 -0.0457382202148438 0.0150070190429687
0.130027770996094 0.0061187744140625 -0.0476341247558594 -0.016937255859375
0.109344482421875 0.0769195556640625 -0.00650215148925781 -0.0323009490966797
0.059539794921875 0.143447875976563 -0.00058746337890625 0.0394630432128906
-0.00849914550781251 0.112358093261719 0.0896682739257812 0.100982666015625
0.0165481567382812 0.111976623535156 0.05181884765625 0.10858154296875
0.0903854370117187 0.0884170532226562 0.0518875122070313 0.0911026000976563
0.100723266601563 0.00243377685546875 0.0693626403808594 0.0589866638183594
0.07037353515625 -0.0603561401367188 0.0636482238769531 0.0229225158691406
-0.00130462646484375 -0.0822219848632813 0.0387420654296875 0.0037994384765625
-0.0469703674316406 -0.0664405822753906 0.0347728729248047 0.01153564453125
-0.0481719970703125 -0.0683708190917969 0.0414581298828125 0.0298118591308594
-0.06451416015625 -0.0664291381835937 0.0396881103515625 0.0483551025390625
-0.040618896484375 -0.0749130249023438 0.0161285400390625 0.0686264038085938
0.00694274902343749 -0.0943756103515625 -0.00923919677734374 0.0617446899414062
0.06524658203125 -0.0716171264648438 -0.0425987243652344 0.032196044921875
0.111534118652344 0.0213088989257813 -0.0473556518554687 -0.00770950317382813
0.0757904052734375 0.0803146362304688 0.00984477996826172 -0.0172195434570312
0.0238723754882812 0.118942260742188 0.01312255859375 0.080718994140625
-0.0362052917480469 0.0514869689941406 0.092742919921875 0.130485534667969
-0.0161170959472656 0.0697822570800781 0.0605316162109375 0.119499206542969
0.0397872924804688 0.0682716369628906 0.042999267578125 0.0856552124023438
0.0607109069824219 0.0134696960449219 0.0553970336914063 0.0659103393554688
0.0489234924316406 -0.0314216613769531 0.0545387268066406 0.038909912109375
0.00296783447265625 -0.0549468994140625 0.0463066101074219 0.0247764587402344
-0.0297737121582031 -0.047515869140625 0.0546302795410156 0.0276260375976562
-0.0319671630859375 -0.0495262145996094 0.0611534118652344 0.0406875610351562
-0.0446128845214844 -0.0521812438964844 0.0618324279785156 0.061798095703125
-0.02734375 -0.0596580505371094 0.0313491821289062 0.0869903564453125
0.0115585327148438 -0.0730361938476563 -0.00521850585937501 0.0792617797851563
0.0580291748046875 -0.0461692810058594 -0.0446739196777344 0.0459709167480469
0.0795364379882813 0.0359420776367188 -0.0498390197753906 -0.00246810913085938
0.0327835083007813 0.0754623413085938 0.0180835723876953 -0.00195503234863281
-0.0178298950195312 0.079559326171875 0.0147857666015625 0.113052368164063
0.0505027770996094 -0.017364501953125 -0.0259323120117187 -0.125930786132813
0.0044403076171875 -0.0459671020507813 -0.0250587463378906 -0.0103244781494141
-0.0340480804443359 -0.0279254913330078 0.0549468994140625 0.00770950317382812
-0.03753662109375 0.0101814270019531 0.0685386657714844 -0.0519599914550781
-0.018524169921875 0.0322933197021484 0.0224227905273438 -0.091033935546875
0.0115928649902344 0.0350017547607422 -0.0341796875 -0.0983963012695313
0.0150680541992188 0.0242767333984375 -0.0771026611328125 -0.0682449340820312
0.00843048095703125 0.0222148895263672 -0.0709304809570313 -0.047607421875
0.00647163391113282 0.0237922668457031 -0.0659294128417969 -0.0355720520019531
-0.00765419006347656 0.0187931060791016 -0.054962158203125 -0.0391426086425781
-0.021453857421875 0.00241851806640625 -0.0537528991699219 -0.0440673828125
-0.0178050994873047 -0.0292758941650391 -0.0524978637695313 -0.0645332336425781
0.0197525024414063 -0.0391693115234375 -0.0357131958007813 -0.087921142578125
0.0527687072753906 -0.0195465087890625 -0.0632553100585937 -0.114830017089844
0.0650596618652344 0.00728988647460938 -0.08807373046875 -0.145248413085938
0.0785903930664063 0.0426254272460938 -0.00584411621093749 -0.129791259765625
0.0454902648925781 -0.0106773376464844 -0.0179061889648437 -0.0137920379638672
0.0205173492431641 -0.0262851715087891 0.0656471252441406 0.0142440795898437
-0.00408172607421875 -0.0186004638671875 0.0825271606445313 -0.0502548217773438
-0.00995635986328125 -0.00710773468017578 0.0352249145507812 -0.0973968505859375
-0.00784730911254883 0.003082275390625 -0.0313034057617188 -0.105613708496094
-0.0153388977050781 0.00126838684082031 -0.0771636962890625 -0.0715484619140625
-0.0161857604980469 -0.00504016876220703 -0.0683326721191406 -0.0464668273925781
-0.0202541351318359 -0.00258064270019532 -0.0645828247070313 -0.0330162048339844
-0.0180225372314453 -0.0131473541259766 -0.0559043884277344 -0.03350830078125
-0.0086517333984375 -0.0305023193359375 -0.0525970458984375 -0.0358810424804688
0.0181121826171875 -0.0472335815429688 -0.0544090270996094 -0.0568618774414063
0.0653114318847656 -0.0198936462402344 -0.0408859252929688 -0.0755462646484375
0.0862274169921875 0.0183868408203125 -0.0650100708007812 -0.10162353515625
0.0873489379882812 0.0676116943359375 -0.0799942016601563 -0.129096984863281
0.090576171875 0.101455688476563 0.021209716796875 -0.111854553222656
0.077423095703125 0.0370407104492187 -0.00348806381225585 -0.00538158416748047
0.0806198120117188 -0.0106353759765625 0.07720947265625 0.0281219482421875
0.0400772094726563 -0.0411415100097656 0.0970535278320313 -0.0391921997070313
0.00885009765625 -0.04888916015625 0.0525360107421875 -0.0928878784179688
-0.0208625793457031 -0.0345916748046875 -0.0201492309570313 -0.103713989257813
-0.0408859252929688 -0.0255661010742187 -0.0659561157226562 -0.0680084228515625
-0.0394783020019531 -0.0322074890136719 -0.0547447204589844 -0.0380439758300781
-0.04681396484375 -0.0273666381835938 -0.0543098449707031 -0.0221977233886719
-0.0321578979492187 -0.0406951904296875 -0.0500679016113281 -0.017242431640625
-0.00508499145507813 -0.0622940063476563 -0.0494461059570312 -0.0190505981445313
0.0416450500488281 -0.0693130493164063 -0.0578041076660156 -0.0425643920898438
0.103378295898438 -0.014556884765625 -0.0487861633300781 -0.05963134765625
0.115623474121094 0.0419845581054687 -0.0614395141601562 -0.082611083984375
0.102836608886719 0.111640930175781 -0.0662002563476563 -0.0953598022460938
0.0931854248046875 0.144317626953125 0.0463333129882813 -0.074920654296875
0.0994796752929688 0.083404541015625 0.0166635513305664 0.0157890319824219
0.133735656738281 0.0121078491210938 0.0871810913085938 0.0432205200195312
0.0847854614257813 -0.0567245483398437 0.106414794921875 -0.0243911743164063
0.031097412109375 -0.0848541259765625 0.0643157958984375 -0.0792312622070313
-0.0294036865234375 -0.0685195922851563 -0.00882720947265626 -0.0890121459960938
-0.0626640319824219 -0.0465545654296875 -0.0491981506347656 -0.0540390014648438
-0.0603370666503906 -0.0523185729980469 -0.0362205505371094 -0.0222854614257813
-0.072296142578125 -0.04412841796875 -0.0357933044433594 -0.0042724609375
-0.0498580932617187 -0.059661865234375 -0.0375328063964844 0.005950927734375
-0.0122299194335937 -0.087554931640625 -0.0409278869628906 0.00409698486328124
0.0492172241210937 -0.093353271484375 -0.0593910217285156 -0.0192146301269531
0.128807067871094 -0.0217819213867188 -0.054931640625 -0.0400657653808594
0.136749267578125 0.0478973388671875 -0.0525436401367187 -0.0624046325683594
0.113639831542969 0.134918212890625 -0.0478401184082031 -0.0508880615234375
0.067230224609375 0.164825439453125 0.0716323852539063 -0.016815185546875
0.0895919799804688 0.121963500976562 0.0347251892089844 0.0468215942382813
0.154037475585938 0.0495452880859375 0.0834503173828125 0.0657730102539063
0.117233276367188 -0.046966552734375 0.104507446289063 0.00823974609374999
0.0571670532226562 -0.0961990356445313 0.0753402709960938 -0.0452117919921875
-0.0243682861328125 -0.0906906127929688 0.0122337341308594 -0.0615196228027344
-0.0676536560058594 -0.0645065307617187 -0.0199050903320313 -0.0354957580566406
-0.0663414001464844 -0.0675926208496094 -0.00851297378540039 -0.00550985336303711
-0.0823516845703125 -0.058197021484375 -0.00906944274902344 0.0119657516479492
-0.0566253662109375 -0.07269287109375 -0.0181312561035156 0.0272064208984375
-0.0125274658203125 -0.102210998535156 -0.0280704498291016 0.0243721008300781
0.0562973022460938 -0.0989456176757812 -0.0522994995117188 -0.000644683837890636
0.136497497558594 -0.0152511596679688 -0.0519332885742188 -0.0258255004882812
0.13330078125 0.06048583984375 -0.0300483703613281 -0.046844482421875
0.0971832275390625 0.145339965820313 -0.0207710266113281 -0.00478363037109374
0.034759521484375 0.1529541015625 0.0880966186523438 0.043304443359375
0.0615310668945313 0.130783081054688 0.0481948852539063 0.0792160034179688
0.139495849609375 0.0756149291992187 0.0715789794921875 0.080963134765625
0.121978759765625 -0.026611328125 0.0911865234375 0.0358428955078125
0.069732666015625 -0.0883102416992188 0.074005126953125 -0.0102157592773438
-0.015655517578125 -0.0945892333984375 0.0272598266601563 -0.0280590057373047
-0.0632705688476563 -0.0688438415527344 0.00876235961914062 -0.0128002166748047
-0.0636978149414063 -0.0708770751953125 0.0185394287109375 0.0113410949707031
-0.0817489624023438 -0.063079833984375 0.0178871154785156 0.0290355682373047
-0.0552215576171875 -0.0760345458984375 0.00243759155273437 0.048095703125
-0.00859832763671875 -0.1033935546875 -0.01470947265625 0.043243408203125
0.060150146484375 -0.0922088623046875 -0.0459175109863281 0.0172348022460938
0.130050659179688 -0.00197601318359375 -0.0485076904296875 -0.0145034790039062
0.112503051757813 0.0695037841796875 -0.00835418701171874 -0.0331954956054687
0.0686111450195313 0.139022827148437 0.00228500366210938 0.0391311645507813
-0.00170898437499999 0.112152099609375 0.0935287475585938 0.0944671630859375
0.023040771484375 0.110565185546875 0.055389404296875 0.104568481445313
0.0954437255859375 0.0817184448242188 0.0549468994140625 0.0870742797851563
0.0994873046875 -0.00373077392578125 0.0721435546875 0.0553054809570312
0.0652999877929688 -0.0641441345214844 0.0647926330566406 0.0194549560546875
-0.00580596923828125 -0.0811004638671875 0.0383071899414063 0.00187301635742187
-0.0499343872070313 -0.062164306640625 0.0349597930908203 0.00944328308105468
-0.0518264770507812 -0.0647048950195313 0.0428504943847656 0.0263633728027344
-0.0688056945800781 -0.060821533203125 0.0428123474121094 0.0452766418457031
-0.0449295043945313 -0.071441650390625 0.0198898315429688 0.0676765441894531
0.000221252441406242 -0.0932083129882813 -0.0060577392578125 0.0611343383789062
0.0596466064453125 -0.0753250122070313 -0.041168212890625 0.0340194702148437
0.112205505371094 0.0142288208007812 -0.0476531982421875 -0.00487899780273437
0.0798187255859375 0.0755538940429688 0.00777626037597657 -0.0186767578125
0.0312347412109375 0.116867065429688 0.0175552368164063 0.0787582397460938
-0.0329818725585938 0.0528945922851563 0.098052978515625 0.123428344726563
-0.0121994018554687 0.0688667297363281 0.06494140625 0.115264892578125
0.0438041687011719 0.0648574829101563 0.0459747314453125 0.0831756591796875
0.0601043701171875 0.00946807861328125 0.0582695007324219 0.062225341796875
0.045745849609375 -0.03448486328125 0.0565223693847656 0.03533935546875
-0.000244140624999994 -0.0545387268066406 0.047393798828125 0.0226516723632813
-0.031646728515625 -0.04412841796875 0.0559196472167969 0.0241737365722656
-0.0352134704589844 -0.0471076965332031 0.0633773803710938 0.0357780456542969
-0.0479736328125 -0.0482902526855469 0.0652427673339844 0.0571060180664063
-0.0313911437988281 -0.0565109252929688 0.0364303588867188 0.0852203369140625
0.00628662109375 -0.0722503662109375 -0.00118255615234375 0.0784454345703125
0.0542221069335938 -0.0499038696289063 -0.0421104431152344 0.0474624633789062
0.0825119018554688 0.0302658081054688 -0.0497703552246094 0.000423431396484369
0.0375747680664063 0.0732192993164063 0.0173940658569336 -0.00440502166748046
-0.012420654296875 0.0802001953125 0.0214309692382812 0.1102294921875
0.0479660034179688 -0.0191192626953125 -0.0292510986328125 -0.120513916015625
0.003662109375 -0.0448989868164063 -0.0240058898925781 -0.00811195373535157
-0.0337142944335938 -0.0257472991943359 0.0540008544921875 0.00601577758789062
-0.03570556640625 0.0123863220214844 0.0659523010253906 -0.0518302917480469
-0.016326904296875 0.0326099395751953 0.0192489624023438 -0.0890884399414063
0.0131320953369141 0.033355712890625 -0.0358047485351563 -0.0960311889648438
0.0159950256347656 0.0224018096923828 -0.0773849487304688 -0.06365966796875
0.00918960571289063 0.0205268859863281 -0.0716705322265625 -0.0434188842773437
0.00738525390625 0.0227260589599609 -0.0668296813964844 -0.03167724609375
-0.00650978088378906 0.0183658599853516 -0.0556793212890625 -0.0364990234375
-0.0200920104980469 0.00282669067382812 -0.0543098449707031 -0.0414962768554688
-0.0186538696289063 -0.0278282165527344 -0.0531272888183594 -0.0611381530761719
0.0175247192382813 -0.0384140014648438 -0.0367965698242187 -0.0852279663085937
0.05133056640625 -0.0205802917480469 -0.0644302368164062 -0.109718322753906
0.0637245178222656 0.00452804565429688 -0.0898056030273438 -0.1378173828125
0.0778579711914063 0.0381546020507812 -0.0107574462890625 -0.124893188476562
0.0438346862792969 -0.0117874145507812 -0.0178050994873047 -0.0115013122558594
0.0194339752197266 -0.0266799926757813 0.0647201538085938 0.0115737915039062
-0.00449848175048828 -0.0166759490966797 0.080047607421875 -0.050750732421875
-0.00915336608886719 -0.00615692138671875 0.0323486328125 -0.0955276489257812
-0.00601577758789063 0.00305938720703125 -0.0332717895507813 -0.102394104003906
-0.0136451721191406 0.00101280212402344 -0.0771865844726562 -0.0673294067382813
-0.0165500640869141 -0.00457477569580078 -0.0689888000488281 -0.0430335998535156
-0.0197257995605469 -0.00209617614746094 -0.0645599365234375 -0.0298652648925781
-0.0176620483398437 -0.0117893218994141 -0.0555839538574219 -0.0309333801269531
-0.00859642028808594 -0.0288772583007813 -0.0532150268554688 -0.0335044860839844
0.0155296325683594 -0.0458221435546875 -0.055999755859375 -0.0542678833007813
0.0624580383300781 -0.0211982727050781 -0.0420989990234375 -0.073272705078125
0.0846099853515625 0.0153427124023437 -0.0667724609375 -0.0962982177734375
0.0872955322265625 0.0627517700195313 -0.0825347900390625 -0.122184753417969
0.0912857055664062 0.095672607421875 0.0153427124023438 -0.108314514160156
0.0769882202148437 0.033966064453125 -0.00397133827209472 -0.00323224067687988
0.0783462524414063 -0.0133895874023438 0.0760498046875 0.0239028930664063
0.0375938415527344 -0.0412521362304688 0.0932998657226563 -0.0407485961914063
0.0070648193359375 -0.0468292236328125 0.0485076904296875 -0.0915145874023438
-0.0204277038574219 -0.0323905944824219 -0.022796630859375 -0.100120544433594
-0.0403823852539063 -0.0229873657226562 -0.0666999816894531 -0.0635719299316406
-0.0394134521484375 -0.0302810668945312 -0.0551872253417969 -0.0345687866210937
-0.0460777282714844 -0.0248565673828125 -0.0539894104003906 -0.0194625854492187
-0.0315895080566406 -0.0383071899414062 -0.0499114990234375 -0.0150527954101563
-0.005950927734375 -0.0597572326660156 -0.0497894287109375 -0.0167884826660156
0.0379981994628906 -0.0693550109863281 -0.05908203125 -0.0397682189941406
0.100135803222656 -0.0169601440429688 -0.0484428405761719 -0.0570182800292969
0.113609313964844 0.0374679565429688 -0.0625686645507812 -0.0788040161132813
0.104393005371094 0.105621337890625 -0.06793212890625 -0.0897750854492188
0.0957183837890625 0.137176513671875 0.0409088134765625 -0.0731048583984375
0.099945068359375 0.0784149169921875 0.0149917602539063 0.0165462493896484
0.130363464355469 0.00572967529296875 0.0858917236328125 0.0384521484375
0.0804290771484375 -0.05828857421875 0.102798461914062 -0.0259246826171875
0.027069091796875 -0.0829086303710938 0.0612716674804688 -0.0782699584960938
-0.0306854248046875 -0.0653533935546875 -0.0111923217773438 -0.0865631103515625
-0.0618095397949219 -0.0424690246582031 -0.0498313903808594 -0.0500831604003906
-0.0608711242675781 -0.0488662719726562 -0.0360603332519531 -0.0203361511230469
-0.0715179443359375 -0.0393524169921875 -0.0352668762207031 -0.00246047973632813
-0.0500564575195313 -0.0558700561523438 -0.0362701416015625 0.00765228271484374
-0.0150985717773437 -0.084228515625 -0.0415420532226563 0.00531005859374999
0.0445480346679688 -0.0921630859375 -0.0596351623535156 -0.0170516967773438
0.125175476074219 -0.0260696411132813 -0.0541038513183594 -0.03778076171875
0.134468078613281 0.0430679321289063 -0.0529518127441406 -0.0596694946289063
0.116310119628906 0.128089904785156 -0.0484466552734375 -0.0478782653808594
0.0710296630859375 0.15802001953125 0.0678749084472656 -0.0185775756835937
0.0915908813476562 0.116844177246094 0.033782958984375 0.0453720092773438
0.152252197265625 0.0419921875 0.082427978515625 0.0605392456054688
0.112861633300781 -0.0496978759765625 0.102569580078125 0.00534820556640625
0.0517654418945313 -0.095672607421875 0.0726089477539063 -0.0460739135742188
-0.0261993408203125 -0.086639404296875 0.00996017456054687 -0.0598297119140625
-0.067779541015625 -0.0596580505371094 -0.020477294921875 -0.0337677001953125
-0.0671501159667969 -0.0638313293457031 -0.00852012634277344 -0.00601053237915039
-0.082244873046875 -0.052703857421875 -0.00883674621582032 0.0122976303100586
-0.0567893981933594 -0.0675849914550781 -0.0166835784912109 0.0272388458251953
-0.0154190063476563 -0.0978012084960938 -0.0270805358886719 0.0245189666748047
0.0506210327148438 -0.09820556640625 -0.0526237487792969 0.00100326538085936
0.133064270019531 -0.0196990966796875 -0.0504074096679688 -0.02374267578125
0.131484985351563 0.0543670654296875 -0.0316238403320312 -0.04541015625
0.101287841796875 0.138885498046875 -0.0202789306640625 -0.00458908081054687
0.039093017578125 0.147613525390625 0.0855865478515625 0.0396575927734375
0.0642776489257813 0.125686645507813 0.0471343994140625 0.0764312744140625
0.138412475585938 0.0681533813476562 0.0712509155273438 0.0760574340820313
0.117622375488281 -0.0298919677734375 0.0901412963867188 0.0328826904296875
0.064117431640625 -0.0880203247070312 0.0722274780273437 -0.0120468139648438
-0.0183639526367188 -0.0913162231445312 0.0262050628662109 -0.0281448364257813
-0.0631561279296875 -0.0643730163574219 0.00841236114501953 -0.0120172500610352
-0.06488037109375 -0.0672035217285156 0.0188522338867187 0.00963973999023437
-0.0817642211914063 -0.0578155517578125 0.0188999176025391 0.0274925231933594
-0.05621337890625 -0.0717239379882813 0.00453948974609374 0.0467109680175781
-0.0119171142578125 -0.0998153686523437 -0.0139350891113281 0.0424652099609375
0.0540847778320312 -0.0921554565429688 -0.0450363159179687 0.0179481506347656
0.127281188964844 -0.00662994384765625 -0.0475959777832031 -0.0126152038574219
0.112022399902344 0.0642929077148438 -0.00954627990722656 -0.0320892333984375
0.0723037719726563 0.133148193359375 0.00367355346679688 0.0379180908203125
0.00222778320312499 0.108879089355469 0.0933914184570313 0.0892105102539063
0.02593994140625 0.107086181640625 0.0558853149414062 0.100395202636719
0.096282958984375 0.0757827758789063 0.055419921875 0.0830307006835938
0.0967483520507813 -0.00696563720703125 0.071929931640625 0.0515594482421875
0.0612335205078125 -0.0646400451660156 0.06402587890625 0.0165023803710938
-0.00861358642578125 -0.0784912109375 0.0381431579589844 0.0027923583984375
-0.0503616333007812 -0.0582847595214844 0.034637451171875 0.00820732116699218
-0.0529899597167969 -0.060760498046875 0.043212890625 0.0235710144042969
-0.0696678161621094 -0.0559577941894531 0.0438957214355469 0.0423431396484375
-0.0463714599609375 -0.0672416687011719 0.0222244262695312 0.065460205078125
-0.00411987304687501 -0.08984375 -0.004852294921875 0.0594940185546875
0.0550155639648438 -0.0754776000976563 -0.0404281616210938 0.0340843200683594
0.110877990722656 0.009307861328125 -0.0467605590820312 -0.00370025634765624
0.0804901123046875 0.0714263916015625 0.00653839111328126 -0.0192775726318359
0.035308837890625 0.112907409667969 0.0198822021484375 0.075408935546875
-0.0302734375 0.05181884765625 0.0991744995117188 0.11651611328125
-0.00920104980468749 0.0681991577148438 0.0656280517578125 0.110023498535156
0.0457992553710938 0.0611915588378906 0.0454254150390625 0.0797805786132813
0.0586700439453125 0.00726318359375 0.0582351684570313 0.059234619140625
0.0432891845703125 -0.0352554321289063 0.0559959411621094 0.0325050354003906
-0.00202560424804687 -0.0532455444335938 0.0473480224609375 0.021392822265625
-0.0327835083007812 -0.0412979125976563 0.0557403564453125 0.02154541015625
-0.0362091064453125 -0.0444107055664062 0.0637626647949219 0.0315513610839844
-0.04986572265625 -0.0443611145019531 0.06695556640625 0.0531768798828125
-0.0320510864257812 -0.0536231994628906 0.0389251708984375 0.080902099609375
0.00347137451171876 -0.0699424743652344 0.00118255615234375 0.0759506225585938
0.0509490966796875 -0.0502700805664063 -0.0402450561523438 0.0471458435058594
0.0820388793945313 0.0260086059570312 -0.0482406616210937 0.00141525268554687
0.03961181640625 0.070404052734375 0.0157785415649414 -0.00628185272216797
-0.008209228515625 0.0783157348632813 0.0242843627929687 0.105270385742188
0.0465812683105469 -0.01910400390625 -0.0299758911132812 -0.116737365722656
0.00279998779296875 -0.0435142517089844 -0.0239772796630859 -0.00675010681152344
-0.0330562591552734 -0.0248870849609375 0.0529022216796875 0.00568389892578125
-0.0351142883300781 0.0122432708740234 0.0651817321777344 -0.0511131286621094
-0.0149135589599609 0.0330905914306641 0.0195999145507813 -0.0871429443359375
0.0140514373779297 0.0315456390380859 -0.0357208251953125 -0.0945663452148438
0.0156478881835938 0.0202674865722656 -0.0764007568359375 -0.0621261596679687
0.00919723510742188 0.0198326110839844 -0.0710525512695313 -0.0418014526367188
0.00748634338378906 0.0214977264404297 -0.0661773681640625 -0.0299453735351562
-0.00546646118164063 0.0176944732666016 -0.0555458068847656 -0.0360183715820313
-0.019073486328125 0.00314140319824219 -0.0537033081054688 -0.0406074523925781
-0.0186195373535156 -0.0262546539306641 -0.0528907775878906 -0.05963134765625
0.0164260864257813 -0.0369224548339844 -0.0361175537109375 -0.0842514038085938
0.0498733520507813 -0.0205764770507813 -0.0629196166992188 -0.106613159179688
0.0626869201660156 0.00405120849609375 -0.0882797241210938 -0.13397216796875
0.0761947631835938 0.0366439819335938 -0.0120315551757812 -0.120353698730469
0.0434074401855469 -0.0111808776855469 -0.0179443359375 -0.00999069213867188
0.0187854766845703 -0.0264854431152344 0.0632858276367188 0.0113334655761719
-0.00469493865966797 -0.015803337097168 0.078369140625 -0.049591064453125
-0.00898838043212891 -0.00496387481689453 0.03143310546875 -0.0936279296875
-0.00494909286499023 0.00252199172973633 -0.0325393676757812 -0.101051330566406
-0.0131349563598633 0.00105667114257812 -0.0768890380859375 -0.0652847290039063
-0.0161161422729492 -0.00463199615478516 -0.0679283142089844 -0.0409278869628906
-0.0189170837402344 -0.00191688537597656 -0.0649147033691406 -0.02801513671875
-0.0161008834838867 -0.0119028091430664 -0.0552177429199219 -0.0295143127441406
-0.00814056396484375 -0.0280532836914062 -0.0528144836425781 -0.0324363708496094
0.0144767761230469 -0.0450363159179688 -0.0561714172363281 -0.0534706115722656
0.0614471435546875 -0.0204734802246094 -0.0408172607421875 -0.0719833374023438
0.0821990966796875 0.0157318115234375 -0.065277099609375 -0.0935821533203125
0.0867233276367188 0.0608062744140625 -0.0807113647460938 -0.11871337890625
0.0904083251953125 0.0923004150390625 0.0136184692382812 -0.104972839355469
0.0760116577148438 0.0333786010742188 -0.0049905776977539 -0.00200605392456054
0.0765304565429688 -0.0142135620117188 0.0740127563476563 0.0233078002929688
0.0363349914550781 -0.0398712158203125 0.0922622680664063 -0.0389785766601563
0.0067901611328125 -0.0453720092773438 0.0479049682617188 -0.0892868041992188
-0.0196704864501953 -0.0314521789550781 -0.0219955444335938 -0.098602294921875
-0.0390663146972656 -0.0225181579589844 -0.0659942626953125 -0.0618057250976562
-0.039398193359375 -0.0296173095703125 -0.0551986694335938 -0.0342483520507813
-0.0448074340820313 -0.0239028930664062 -0.0535087585449219 -0.0179328918457031
-0.0306320190429687 -0.0368423461914063 -0.0494956970214844 -0.0146331787109375
-0.00615310668945313 -0.0574722290039062 -0.0495262145996094 -0.0171585083007813
0.03631591796875 -0.0674629211425781 -0.0597496032714844 -0.0387649536132813
0.0982894897460938 -0.017242431640625 -0.0474014282226562 -0.0566215515136719
0.111160278320313 0.0362548828125 -0.061798095703125 -0.0768966674804688
0.103797912597656 0.102958679199219 -0.0667190551757813 -0.0874557495117187
0.0951004028320313 0.132835388183594 0.0388107299804688 -0.0713653564453125
0.0984344482421875 0.0762710571289062 0.0136661529541016 0.0174064636230469
0.127685546875 0.00428009033203125 0.0835342407226563 0.0370101928710938
0.0781097412109375 -0.0569992065429688 0.101242065429687 -0.0250091552734375
0.025360107421875 -0.0809707641601563 0.0599136352539063 -0.076995849609375
-0.0302619934082031 -0.0628242492675781 -0.011138916015625 -0.0840682983398438
-0.0603485107421875 -0.0412788391113281 -0.049560546875 -0.0482330322265625
-0.0606498718261719 -0.0472335815429688 -0.0359382629394531 -0.0196304321289063
-0.0699882507324219 -0.037384033203125 -0.0344905853271484 -0.00191688537597656
-0.0489044189453125 -0.0537528991699219 -0.03631591796875 0.00754547119140625
-0.015228271484375 -0.0820388793945313 -0.0415611267089844 0.00504684448242187
0.0418701171875 -0.0909271240234375 -0.0599937438964844 -0.0166587829589844
0.122589111328125 -0.0264663696289063 -0.0531082153320312 -0.037322998046875
0.131584167480469 0.041412353515625 -0.0525627136230469 -0.0581741333007813
0.115814208984375 0.125289916992188 -0.0484504699707031 -0.0460777282714844
0.07073974609375 0.153884887695313 0.064666748046875 -0.0167274475097656
0.0906448364257812 0.113616943359375 0.0308189392089844 0.0463066101074219
0.149856567382813 0.0391082763671875 0.08056640625 0.058624267578125
0.110206604003906 -0.04931640625 0.100135803222656 0.0056304931640625
0.0494766235351562 -0.09344482421875 0.0709152221679688 -0.045013427734375
-0.0258712768554687 -0.0843887329101563 0.0100898742675781 -0.0580787658691406
-0.0657920837402344 -0.0574264526367188 -0.0199375152587891 -0.0316066741943359
-0.0671844482421875 -0.0613937377929688 -0.00909614562988282 -0.00599384307861328
-0.0800552368164063 -0.0499649047851563 -0.00842666625976563 0.0117568969726562
-0.0564956665039062 -0.0650405883789063 -0.0164146423339844 0.027130126953125
-0.0162811279296875 -0.0947189331054687 -0.0276145935058594 0.0240478515625
0.0480728149414063 -0.0967864990234375 -0.0527534484863281 0.000892639160156246
0.130805969238281 -0.0209274291992188 -0.0498428344726563 -0.0238533020019531
0.128746032714844 0.0525970458984375 -0.0315475463867188 -0.0446205139160156
0.100929260253906 0.1351318359375 -0.0204410552978516 -0.00389099121093749
0.0391845703125 0.143585205078125 0.0819168090820312 0.0390777587890625
0.0633010864257813 0.123611450195313 0.0444488525390625 0.0752105712890625
0.136665344238281 0.0649566650390625 0.0691680908203125 0.074066162109375
0.114753723144531 -0.0300521850585938 0.0881195068359375 0.0323104858398438
0.0613861083984375 -0.087158203125 0.0709457397460938 -0.0124435424804688
-0.018768310546875 -0.0890731811523437 0.0262775421142578 -0.0266876220703125
-0.062164306640625 -0.0616302490234375 0.00841236114501953 -0.011561393737793
-0.0647468566894531 -0.0654449462890625 0.0184288024902344 0.00890731811523437
-0.0810775756835937 -0.0551834106445313 0.0185375213623047 0.0264396667480469
-0.055633544921875 -0.0685272216796875 0.00441360473632812 0.0465126037597656
-0.0128250122070313 -0.0965805053710938 -0.0145797729492187 0.0411567687988281
0.0515060424804688 -0.0905303955078125 -0.0453033447265625 0.0172042846679687
0.125534057617188 -0.00836181640625 -0.046234130859375 -0.01251220703125
0.109626770019531 0.0626602172851562 -0.0106067657470703 -0.0325794219970703
0.0725631713867188 0.129379272460938 0.003509521484375 0.0367240905761719
0.00312042236328126 0.10552978515625 0.0901031494140625 0.0865325927734375
0.0255126953125 0.105430603027344 0.053497314453125 0.098785400390625
0.0953140258789063 0.0724716186523438 0.0531997680664063 0.0809173583984375
0.0941543579101562 -0.007659912109375 0.0704727172851563 0.0512542724609375
0.0581741333007813 -0.0637588500976563 0.0622596740722656 0.0161170959472656
-0.00921630859375 -0.0762786865234375 0.0374870300292969 0.00244522094726562
-0.0499038696289063 -0.0561065673828125 0.034759521484375 0.00819778442382812
-0.0534133911132813 -0.0589370727539063 0.0425643920898438 0.0218734741210938
-0.0683326721191406 -0.0534439086914062 0.0438308715820312 0.0401573181152344
-0.0465164184570313 -0.0643653869628906 0.0222434997558594 0.0641632080078125
-0.00508880615234374 -0.0870437622070313 -0.0049285888671875 0.057708740234375
0.0520477294921875 -0.0750045776367187 -0.0404548645019531 0.0333175659179687
0.109817504882813 0.00757598876953125 -0.0448646545410156 -0.00376510620117188
0.0796356201171875 0.0699996948242188 0.00592422485351563 -0.019500732421875
0.035888671875 0.109649658203125 0.0197601318359375 0.0729751586914063
-0.0294685363769531 0.0511550903320313 0.095703125 0.113945007324219
-0.00852203369140625 0.0662155151367188 0.0637741088867188 0.107749938964844
0.0453224182128906 0.0585784912109375 0.0441665649414062 0.0785369873046875
0.0571479797363281 0.00667572021484375 0.0566139221191406 0.0587501525878906
0.04180908203125 -0.0346183776855469 0.0550498962402344 0.0317306518554688
-0.00321578979492187 -0.0512733459472656 0.0466728210449219 0.0212936401367187
-0.032196044921875 -0.0401496887207031 0.0553932189941406 0.0200920104980469
-0.0363540649414062 -0.0432624816894531 0.0631561279296875 0.0297584533691406
-0.0493354797363281 -0.0426788330078125 0.0656890869140625 0.0508308410644531
-0.03228759765625 -0.0515213012695313 0.0385055541992188 0.0794219970703125
0.00184249877929687 -0.0683784484863281 -0.000167846679687506 0.074493408203125
0.0484962463378906 -0.0498161315917969 -0.0397796630859375 0.0454750061035156
0.0803604125976563 0.0239334106445312 -0.0471534729003906 0.0011138916015625
0.0391807556152344 0.0696449279785156 0.0149765014648438 -0.00706672668457031
-0.0079498291015625 0.0771484375 0.024444580078125 0.10235595703125
0.0460166931152344 -0.0184822082519531 -0.0291061401367187 -0.116256713867188
0.00325393676757812 -0.04400634765625 -0.0235271453857422 -0.00636672973632813
-0.0326690673828125 -0.0251235961914062 0.0528564453125 0.00678634643554687
-0.0349388122558594 0.0127315521240234 0.0662384033203125 -0.0501174926757813
-0.0142993927001953 0.0336856842041016 0.0214080810546875 -0.0868988037109375
0.0144405364990234 0.0310840606689453 -0.0353775024414063 -0.0955657958984375
0.0152511596679688 0.0201549530029297 -0.07696533203125 -0.0623092651367187
0.00884056091308593 0.0195026397705078 -0.0720596313476563 -0.0416793823242188
0.00742530822753906 0.0210933685302734 -0.066070556640625 -0.0298538208007813
-0.00573062896728516 0.0166997909545898 -0.0562248229980469 -0.0363044738769531
-0.0185890197753906 0.00274848937988282 -0.0539321899414062 -0.0415267944335938
-0.0187397003173828 -0.0253582000732422 -0.053070068359375 -0.0599098205566406
0.0169754028320313 -0.0362892150878906 -0.0346221923828125 -0.0849609375
0.0501747131347656 -0.019317626953125 -0.0609588623046875 -0.106185913085937
0.0628623962402344 0.00355911254882813 -0.0861740112304688 -0.134010314941406
0.0750961303710938 0.0372467041015625 -0.0112533569335937 -0.119590759277344
0.043365478515625 -0.0106239318847656 -0.0181941986083984 -0.00830841064453125
0.0189838409423828 -0.0261363983154297 0.0628280639648438 0.0124130249023438
-0.00472068786621094 -0.0152053833007813 0.0792388916015625 -0.0481109619140625
-0.00852537155151367 -0.00463581085205078 0.0335922241210937 -0.0928878784179688
-0.00416350364685059 0.0025947093963623 -0.0318832397460938 -0.101722717285156
-0.013340950012207 0.000168800354003905 -0.07708740234375 -0.0651779174804688
-0.0163936614990234 -0.00496196746826172 -0.0689201354980469 -0.0415115356445312
-0.0184879302978516 -0.00226783752441406 -0.0652809143066406 -0.0278167724609375
-0.015172004699707 -0.0121068954467773 -0.0558128356933594 -0.0300331115722656
-0.00722312927246094 -0.0277690887451172 -0.0528755187988281 -0.0336036682128906
0.0148200988769531 -0.0439338684082031 -0.0562210083007812 -0.0537528991699219
0.06134033203125 -0.0198516845703125 -0.03936767578125 -0.0732040405273438
0.0819244384765625 0.016143798828125 -0.064208984375 -0.093780517578125
0.0859375 0.0608291625976563 -0.0790863037109375 -0.119148254394531
0.0890274047851563 0.092742919921875 0.0136260986328125 -0.103477478027344
0.0755767822265625 0.0349044799804688 -0.00554037094116211 -0.000340938568115232
0.0759811401367188 -0.0142288208007813 0.072784423828125 0.0240325927734375
0.0360298156738281 -0.0394248962402344 0.0930938720703125 -0.0381851196289063
0.00745773315429688 -0.0451583862304688 0.0498123168945313 -0.0889053344726563
-0.0188732147216797 -0.0316581726074219 -0.0212783813476562 -0.0987319946289063
-0.0386161804199219 -0.0229034423828125 -0.0657768249511719 -0.0619163513183594
-0.0395965576171875 -0.0300750732421875 -0.0556411743164063 -0.0344963073730469
-0.0447807312011719 -0.0237808227539062 -0.0539360046386719 -0.0183868408203125
-0.0296821594238281 -0.0370864868164063 -0.0504531860351563 -0.0149040222167969
-0.00535202026367187 -0.0577545166015625 -0.0500259399414063 -0.0176658630371094
0.0360527038574219 -0.0668754577636719 -0.0601959228515625 -0.0397796630859375
0.0983734130859375 -0.016326904296875 -0.0464286804199219 -0.0572853088378906
0.110969543457031 0.0374603271484375 -0.0612258911132812 -0.077178955078125
0.103622436523438 0.104011535644531 -0.0657272338867188 -0.087799072265625
0.0929641723632813 0.133712768554688 0.0374603271484375 -0.069427490234375
0.0975723266601563 0.0781326293945313 0.0125293731689453 0.0194644927978516
0.127662658691406 0.00391387939453125 0.0821914672851563 0.0377883911132813
0.0777816772460937 -0.0563507080078125 0.102508544921875 -0.0239105224609375
0.025787353515625 -0.0802383422851563 0.0617904663085937 -0.0759811401367188
-0.028594970703125 -0.0625534057617188 -0.0101394653320313 -0.0840682983398438
-0.0597381591796875 -0.0412864685058594 -0.0495262145996094 -0.0485343933105469
-0.0606231689453125 -0.0479469299316406 -0.0359153747558594 -0.0206375122070313
-0.0691413879394531 -0.0366592407226562 -0.0349559783935547 -0.00191116333007813
-0.0483779907226563 -0.0533828735351562 -0.0367355346679688 0.00736236572265625
-0.0140762329101562 -0.0812759399414063 -0.0422172546386719 0.00461959838867186
0.0423583984375 -0.089874267578125 -0.0616226196289063 -0.0177497863769531
0.123527526855469 -0.0257568359375 -0.0522003173828125 -0.0388565063476562
0.131355285644531 0.0427093505859375 -0.0527305603027344 -0.0589637756347656
0.115463256835938 0.125801086425781 -0.0476875305175781 -0.0460281372070313
0.0699920654296875 0.153717041015625 0.0629692077636719 -0.0162124633789062
0.0904388427734375 0.114906311035156 0.0296401977539063 0.0472450256347656
0.149948120117188 0.0390167236328125 0.0781402587890625 0.0595169067382813
0.10931396484375 -0.048248291015625 0.100410461425781 0.00659942626953125
0.0496063232421875 -0.0936203002929688 0.0723800659179688 -0.0442962646484375
-0.0254898071289062 -0.0843582153320313 0.01141357421875 -0.057861328125
-0.0655632019042969 -0.0575942993164063 -0.0201797485351563 -0.0323200225830078
-0.0676422119140625 -0.0626792907714844 -0.00865554809570313 -0.00691843032836914
-0.08050537109375 -0.0502853393554688 -0.00867080688476563 0.0118255615234375
-0.0550613403320313 -0.0646324157714844 -0.0168571472167969 0.0269031524658203
-0.0158538818359375 -0.0940475463867188 -0.0286731719970703 0.0225238800048828
0.0479278564453125 -0.096343994140625 -0.0542678833007812 0.000263214111328114
0.131233215332031 -0.0208587646484375 -0.0494613647460938 -0.0251579284667969
0.1285400390625 0.0541763305664063 -0.0313758850097656 -0.0456466674804687
0.10028076171875 0.136299133300781 -0.0199260711669922 -0.00414276123046874
0.0371856689453125 0.143325805664062 0.0800857543945313 0.0401611328125
0.06292724609375 0.1246337890625 0.0423202514648438 0.0769271850585938
0.136192321777344 0.0651779174804688 0.0664138793945313 0.0750961303710938
0.114402770996094 -0.02923583984375 0.0882644653320313 0.0333328247070313
0.0619354248046875 -0.0862350463867187 0.0710525512695313 -0.0106353759765625
-0.017791748046875 -0.0885848999023437 0.0269680023193359 -0.0257034301757813
-0.0624732971191406 -0.0620956420898438 0.00890350341796875 -0.0118026733398438
-0.0651779174804688 -0.065399169921875 0.0186443328857422 0.00851058959960937
-0.0801773071289063 -0.0548477172851563 0.0184974670410156 0.0266838073730469
-0.0551223754882813 -0.0679206848144531 0.00424194335937499 0.0464630126953125
-0.0123977661132812 -0.09552001953125 -0.0154838562011719 0.0406532287597656
0.0517807006835937 -0.0901412963867188 -0.047088623046875 0.0169143676757812
0.126296997070312 -0.007965087890625 -0.0463981628417969 -0.0137863159179688
0.109169006347656 0.0639724731445312 -0.0107975006103516 -0.0332145690917969
0.0729141235351562 0.130470275878906 0.00232696533203125 0.0357818603515625
0.00172424316406251 0.105758666992188 0.0883407592773437 0.0884170532226563
0.0249710083007812 0.105873107910156 0.0509872436523438 0.0993576049804688
0.0948410034179688 0.072540283203125 0.0507659912109375 0.082427978515625
0.093719482421875 -0.00670623779296875 0.0693855285644531 0.0526275634765625
0.0585365295410156 -0.0636825561523437 0.06268310546875 0.0171089172363281
-0.00843811035156249 -0.0761337280273438 0.0386238098144531 0.00399398803710937
-0.0493888854980469 -0.0562591552734375 0.0346908569335938 0.00780868530273437
-0.0532608032226562 -0.0596656799316406 0.0430412292480469 0.0213165283203125
-0.0684623718261719 -0.0526618957519531 0.0432205200195312 0.0402946472167969
-0.0461196899414063 -0.0641059875488281 0.0228080749511719 0.0645637512207031
-0.00548553466796876 -0.08642578125 -0.00674819946289063 0.0575714111328125
0.0521392822265625 -0.07476806640625 -0.0414085388183594 0.0322837829589844
0.109634399414063 0.00675201416015625 -0.0451087951660156 -0.00487899780273438
0.0792236328125 0.0706253051757813 0.00499725341796875 -0.0212001800537109
0.0359725952148438 0.110153198242188 0.0183868408203125 0.07171630859375
-0.0304794311523437 0.0502433776855469 0.0937576293945313 0.113899230957031
-0.008575439453125 0.066864013671875 0.0616073608398438 0.107917785644531
0.0445938110351563 0.0598068237304688 0.0417327880859375 0.0803756713867188
0.0567359924316406 0.0078582763671875 0.0563583374023438 0.0601387023925781
0.0418128967285156 -0.0349807739257813 0.0542793273925781 0.03271484375
-0.00352096557617187 -0.0518341064453125 0.0472335815429688 0.022430419921875
-0.0320205688476562 -0.0389633178710938 0.0558052062988281 0.0204086303710937
-0.0365447998046875 -0.0424766540527344 0.0631752014160156 0.02911376953125
-0.0500106811523437 -0.0419845581054687 0.0659980773925781 0.0503196716308594
-0.0324592590332031 -0.0513992309570313 0.0381546020507812 0.079925537109375
0.00151443481445312 -0.0677947998046875 -0.000724792480468742 0.0743637084960938
0.048004150390625 -0.0500640869140625 -0.0414047241210937 0.0447883605957031
0.0809173583984375 0.0243148803710938 -0.0474319458007812 0.000679016113281261
0.0392684936523438 0.0694618225097656 0.0150156021118164 -0.00862598419189453
-0.00766754150390625 0.0763778686523438 0.0236740112304688 0.101600646972656
0.0465469360351563 -0.0185279846191406 -0.0299911499023437 -0.118301391601563
0.0026702880859375 -0.0453338623046875 -0.0241947174072266 -0.00564765930175782
-0.0341339111328125 -0.0255527496337891 0.0539970397949219 0.00789260864257812
-0.0360298156738281 0.0135688781738281 0.0679969787597656 -0.0511093139648438
-0.0135917663574219 0.0347614288330078 0.0227813720703125 -0.0892105102539063
0.0147686004638672 0.0302448272705078 -0.0366439819335938 -0.0983200073242188
0.0159530639648438 0.0195407867431641 -0.078643798828125 -0.0639877319335937
0.00873184204101563 0.0200977325439453 -0.0751190185546875 -0.0422515869140625
0.00777435302734375 0.0213279724121094 -0.0692863464355469 -0.0295639038085938
-0.00521945953369141 0.0172853469848633 -0.0578727722167969 -0.037811279296875
-0.0189304351806641 0.00270843505859375 -0.056427001953125 -0.0426864624023438
-0.0189094543457031 -0.0259723663330078 -0.0545501708984375 -0.0622138977050781
0.0171051025390625 -0.0367012023925781 -0.0341415405273438 -0.0876922607421875
0.0520362854003906 -0.0207977294921875 -0.0608291625976562 -0.109199523925781
0.0644798278808594 0.00393295288085938 -0.0870742797851563 -0.137214660644531
0.0761489868164062 0.0381088256835937 -0.0120849609375 -0.12103271484375
0.0441970825195312 -0.0109825134277344 -0.0193996429443359 -0.00719070434570312
0.0186977386474609 -0.0272712707519531 0.063720703125 0.0128974914550781
-0.00477313995361328 -0.0149192810058594 0.0819320678710938 -0.0495147705078125
-0.00833511352539063 -0.00427341461181641 0.035980224609375 -0.0959091186523437
-0.00386905670166016 0.00217938423156738 -0.032684326171875 -0.104972839355469
-0.013758659362793 -0.00018882751464844 -0.0788192749023438 -0.066741943359375
-0.0171403884887695 -0.00589656829833985 -0.0713272094726563 -0.0420074462890625
-0.0188484191894531 -0.00251960754394532 -0.0683250427246094 -0.0274925231933594
-0.015594482421875 -0.0117359161376953 -0.0586700439453125 -0.0311088562011719
-0.00732231140136719 -0.0288543701171875 -0.0546684265136719 -0.03515625
0.0146369934082031 -0.0449714660644531 -0.0585556030273437 -0.0551719665527344
0.0631523132324219 -0.0200653076171875 -0.0395355224609375 -0.0750885009765625
0.08380126953125 0.0172576904296875 -0.0642166137695312 -0.0958480834960938
0.0885086059570313 0.062957763671875 -0.0805435180664063 -0.121223449707031
0.0906906127929688 0.0950469970703125 0.0132293701171875 -0.104789733886719
0.0780792236328125 0.0357742309570313 -0.00727701187133788 0.000941753387451174
0.078704833984375 -0.0145721435546875 0.0740203857421875 0.0256500244140625
0.0374069213867188 -0.0394210815429688 0.0960464477539062 -0.0384445190429687
0.00747299194335938 -0.0459747314453125 0.0518264770507813 -0.0909576416015625
-0.0184612274169922 -0.0324802398681641 -0.0210037231445313 -0.102439880371094
-0.0393524169921875 -0.0235214233398437 -0.0676002502441406 -0.0637435913085937
-0.0411300659179688 -0.0309638977050781 -0.0578727722167969 -0.0352249145507813
-0.0458183288574219 -0.0245094299316406 -0.0556182861328125 -0.0179061889648437
-0.0300064086914063 -0.0385589599609375 -0.0523185729980469 -0.0152091979980469
-0.00481414794921875 -0.0584983825683594 -0.0519485473632813 -0.0179214477539063
0.0369529724121094 -0.0684051513671875 -0.0637397766113281 -0.0403327941894531
0.101516723632813 -0.0168914794921875 -0.0472793579101563 -0.0607185363769531
0.112930297851563 0.0388031005859375 -0.0622787475585938 -0.0791168212890625
0.1060791015625 0.1063232421875 -0.067108154296875 -0.0897064208984375
0.0946426391601563 0.136604309082031 0.0367507934570313 -0.0694122314453125
0.100692749023438 0.0802383422851562 0.0108623504638672 0.0206813812255859
0.131401062011719 0.00350189208984375 0.0830078125 0.0395431518554688
0.0795745849609375 -0.0576629638671875 0.105781555175781 -0.0237960815429688
0.0260391235351563 -0.08197021484375 0.064300537109375 -0.077728271484375
-0.0294036865234375 -0.0642318725585937 -0.00877380371093751 -0.0875473022460937
-0.0610389709472656 -0.0426101684570312 -0.0501785278320313 -0.0493850708007812
-0.0629730224609375 -0.0487213134765625 -0.0376014709472656 -0.0210990905761719
-0.071075439453125 -0.0381011962890625 -0.0364990234375 -0.00218200683593751
-0.0486106872558594 -0.0546073913574219 -0.0384521484375 0.00772857666015624
-0.0142135620117188 -0.0829315185546875 -0.0449600219726563 0.00431060791015625
0.0435028076171875 -0.091796875 -0.06494140625 -0.0178756713867188
0.127334594726562 -0.0272064208984375 -0.0537071228027344 -0.0408477783203125
0.134689331054688 0.0445327758789063 -0.0536079406738281 -0.0603752136230469
0.119834899902344 0.129035949707031 -0.0480117797851562 -0.0471916198730469
0.06964111328125 0.1580810546875 0.0630264282226563 -0.0148277282714844
0.0924148559570313 0.118888854980469 0.0283470153808594 0.0501060485839844
0.153823852539062 0.0391845703125 0.0786285400390625 0.0619277954101563
0.111961364746094 -0.0492019653320313 0.103248596191406 0.00850677490234375
0.0512237548828125 -0.0958251953125 0.074920654296875 -0.0451431274414063
-0.0252227783203125 -0.086639404296875 0.0129318237304687 -0.0585136413574219
-0.0677261352539063 -0.0590438842773438 -0.0209770202636719 -0.0322322845458984
-0.0701828002929688 -0.0639839172363281 -0.00954818725585938 -0.00705337524414063
-0.0822219848632813 -0.0509109497070313 -0.0087270736694336 0.0118026733398437
-0.0559921264648437 -0.0652694702148438 -0.01763916015625 0.027923583984375
-0.0158157348632812 -0.09588623046875 -0.0309295654296875 0.0226955413818359
0.0490570068359375 -0.0983505249023438 -0.0576362609863281 0.000251770019531239
0.135200500488281 -0.0215530395507813 -0.0506629943847656 -0.0274772644042969
0.13153076171875 0.0561904907226563 -0.0325889587402344 -0.0474319458007812
0.103752136230469 0.14007568359375 -0.0205097198486328 -0.00479888916015624
0.0374603271484375 0.147003173828125 0.0805587768554687 0.0426025390625
0.06396484375 0.128173828125 0.0421218872070313 0.0798416137695313
0.140205383300781 0.0662612915039063 0.0664749145507813 0.0779876708984375
0.11761474609375 -0.02947998046875 0.0903244018554688 0.0357742309570313
0.0634765625 -0.088958740234375 0.07318115234375 -0.0107421875
-0.0178985595703125 -0.0910568237304688 0.0285491943359375 -0.0263137817382813
-0.0633201599121094 -0.0634765625 0.00914478302001953 -0.0114202499389648
-0.0674781799316406 -0.06768798828125 0.0189342498779297 0.00807571411132812
-0.08270263671875 -0.0554122924804687 0.0186901092529297 0.0269031524658203
-0.0556259155273437 -0.0690269470214844 0.00377655029296875 0.0480270385742188
-0.0138015747070312 -0.0972900390625 -0.0174102783203125 0.0410346984863281
0.0527572631835938 -0.0920181274414063 -0.0498771667480469 0.0161590576171875
0.129867553710938 -0.0096282958984375 -0.0469398498535156 -0.0156364440917969
0.112678527832031 0.0660629272460938 -0.0118827819824219 -0.0352210998535156
0.0755462646484375 0.1336669921875 0.00245285034179688 0.0362052917480469
0.000640869140625009 0.107208251953125 0.0886154174804688 0.0914154052734375
0.025115966796875 0.1087646484375 0.049896240234375 0.102615356445313
0.0972900390625 0.0739517211914062 0.05029296875 0.084991455078125
0.0955047607421875 -0.00661468505859375 0.0721054077148438 0.0554580688476563
0.0600738525390625 -0.0659408569335938 0.0639419555664063 0.0177879333496094
-0.0092926025390625 -0.078277587890625 0.0405082702636719 0.00479507446289062
-0.0511703491210938 -0.057098388671875 0.0360183715820312 0.00797271728515624
-0.0560302734375 -0.061553955078125 0.0437545776367188 0.0213890075683594
-0.0705642700195313 -0.0534439086914063 0.0446815490722656 0.0408210754394531
-0.0464248657226563 -0.0652236938476563 0.0233001708984375 0.0658187866210938
-0.00604248046875001 -0.088104248046875 -0.00819778442382812 0.0585975646972656
0.0523147583007813 -0.0765533447265625 -0.0436210632324219 0.0320930480957031
0.112716674804688 0.0066680908203125 -0.0460319519042969 -0.00626373291015625
0.0819931030273438 0.071746826171875 0.00476837158203125 -0.0228729248046875
0.0371932983398437 0.112861633300781 0.0189743041992187 0.0731353759765625
-0.0311431884765625 0.0511894226074219 0.0944595336914063 0.117881774902344
-0.00958633422851563 0.0681571960449219 0.0602798461914063 0.111442565917969
0.0460968017578125 0.0597152709960937 0.0408859252929687 0.08282470703125
0.0576324462890625 0.00805282592773438 0.0571098327636719 0.0634307861328125
0.0423316955566406 -0.0363197326660156 0.0571479797363281 0.0338821411132812
-0.00327301025390625 -0.0528717041015625 0.0495033264160156 0.02398681640625
-0.0337142944335938 -0.0402641296386719 0.0580711364746094 0.0204238891601562
-0.0387191772460938 -0.0439491271972656 0.0650253295898438 0.0292701721191406
-0.0519294738769531 -0.041839599609375 0.0678253173828125 0.0510597229003906
-0.0329780578613281 -0.0517616271972656 0.0401763916015625 0.0814590454101563
0.000835418701171874 -0.0687217712402344 -0.00214385986328126 0.0759963989257813
0.049041748046875 -0.0514717102050781 -0.0436019897460938 0.0454139709472656
0.0830764770507813 0.0240097045898437 -0.0485610961914062 -0.00102996826171875
0.0406417846679688 0.0713424682617188 0.0142650604248047 -0.00992870330810547
-0.007843017578125 0.0778656005859375 0.0224761962890625 0.102714538574219
0.0473289489746094 -0.0195236206054688 -0.0332107543945313 -0.120986938476563
0.00158309936523438 -0.0471305847167969 -0.0258979797363281 -0.0040130615234375
-0.0358543395996094 -0.0264625549316406 0.0564422607421875 0.008026123046875
-0.0361137390136719 0.0152397155761719 0.0697288513183594 -0.053466796875
-0.012939453125 0.0364532470703125 0.023193359375 -0.0932083129882813
0.0161190032958984 0.0304431915283203 -0.0398178100585938 -0.101715087890625
0.0157947540283203 0.0197963714599609 -0.0838851928710938 -0.0642166137695313
0.00933837890625 0.0201072692871094 -0.0793533325195313 -0.0412673950195312
0.00829696655273438 0.0216350555419922 -0.0730743408203125 -0.0282516479492188
-0.00469970703125 0.0171365737915039 -0.0615425109863281 -0.0379791259765625
-0.0188255310058594 0.003326416015625 -0.0598602294921875 -0.043670654296875
-0.0211429595947266 -0.0252304077148438 -0.0575485229492187 -0.0630035400390625
0.0169715881347656 -0.0374870300292969 -0.0360870361328125 -0.0902099609375
0.0531387329101563 -0.021942138671875 -0.0639190673828125 -0.110710144042969
0.0663414001464844 0.00241851806640625 -0.092742919921875 -0.140151977539063
0.0788726806640625 0.0388259887695313 -0.014801025390625 -0.124046325683594
0.0454940795898438 -0.0121116638183594 -0.0204658508300781 -0.00653076171875
0.0190982818603516 -0.0284671783447266 0.0655403137207031 0.0130844116210937
-0.00493717193603515 -0.015106201171875 0.083953857421875 -0.0518951416015625
-0.00792646408081055 -0.00474929809570313 0.0362625122070312 -0.0994491577148437
-0.00353026390075684 0.000948429107666016 -0.0360260009765625 -0.108566284179687
-0.0136795043945313 -0.000332832336425779 -0.0838165283203125 -0.0670089721679688
-0.0180873870849609 -0.00552177429199219 -0.0759429931640625 -0.0415191650390625
-0.0192966461181641 -0.00239944458007813 -0.0716705322265625 -0.02679443359375
-0.0154876708984375 -0.0131998062133789 -0.0620346069335938 -0.0311241149902344
-0.00713539123535156 -0.0296134948730469 -0.05841064453125 -0.0356903076171875
0.01422119140625 -0.0470390319824219 -0.0622100830078125 -0.0560264587402344
0.0649642944335938 -0.0212364196777344 -0.0416488647460937 -0.078094482421875
0.0869979858398438 0.0161514282226563 -0.0674972534179688 -0.097381591796875
0.09234619140625 0.0632781982421875 -0.085235595703125 -0.123992919921875
0.0949935913085938 0.0968704223632813 0.01092529296875 -0.106964111328125
0.0812835693359375 0.0358428955078125 -0.00817823410034179 0.00263833999633789
0.0804214477539063 -0.0177841186523438 0.0760116577148438 0.0255889892578125
0.0370216369628906 -0.0415077209472656 0.0990829467773438 -0.0412521362304688
0.00696563720703125 -0.047637939453125 0.0534591674804687 -0.0955047607421875
-0.0193901062011719 -0.0334529876708984 -0.0237350463867187 -0.105453491210938
-0.0418815612792969 -0.023040771484375 -0.0723037719726563 -0.063812255859375
-0.04400634765625 -0.03094482421875 -0.0615730285644531 -0.0354270935058594
-0.047515869140625 -0.0239830017089844 -0.058990478515625 -0.017181396484375
-0.03106689453125 -0.038665771484375 -0.0550041198730469 -0.0141639709472656
-0.0057220458984375 -0.0608024597167969 -0.0558242797851563 -0.018768310546875
0.0367889404296875 -0.071136474609375 -0.0677833557128906 -0.0405616760253906
0.105148315429688 -0.0195388793945313 -0.0491180419921875 -0.0619659423828125
0.117851257324219 0.0387115478515625 -0.065277099609375 -0.0804290771484375
0.112464904785156 0.108123779296875 -0.0712356567382812 -0.0911788940429688
0.100364685058594 0.140098571777344 0.0365524291992188 -0.071319580078125
0.105659484863281 0.0815887451171875 0.0110130310058594 0.0233421325683594
0.135597229003906 0.0004730224609375 0.0852890014648438 0.040374755859375
0.0811920166015625 -0.060150146484375 0.108779907226563 -0.0262069702148438
0.025421142578125 -0.0856170654296875 0.0659027099609375 -0.081329345703125
-0.0308341979980469 -0.0656242370605469 -0.01104736328125 -0.0897598266601563
-0.0645904541015625 -0.0419769287109375 -0.0537796020507813 -0.0494461059570313
-0.0674591064453125 -0.0496101379394531 -0.0403861999511719 -0.0212974548339844
-0.0743484497070313 -0.0374984741210938 -0.0388374328613281 -0.00144577026367188
-0.0506401062011719 -0.0551338195800781 -0.0400619506835938 0.00949096679687499
-0.0167236328125 -0.0845718383789063 -0.0477676391601563 0.00498580932617187
0.0423812866210937 -0.0960006713867188 -0.0692558288574219 -0.0175285339355469
0.131156921386719 -0.0308380126953125 -0.0561408996582031 -0.0427131652832031
0.139968872070313 0.0431442260742188 -0.0565910339355469 -0.0618057250976563
0.126197814941406 0.13055419921875 -0.0511016845703125 -0.0482597351074219
0.0751953125 0.162216186523438 0.063995361328125 -0.0162315368652344
0.0981521606445313 0.121124267578125 0.0286788940429688 0.0524711608886719
0.15972900390625 0.0370025634765625 0.0807342529296875 0.0633163452148438
0.114356994628906 -0.0529022216796875 0.107559204101563 0.00734710693359375
0.05084228515625 -0.100685119628906 0.0776901245117188 -0.0478897094726563
-0.0277862548828125 -0.0885696411132813 0.0125770568847656 -0.0607719421386719
-0.0703887939453125 -0.0588150024414062 -0.0219383239746094 -0.0332241058349609
-0.0752487182617188 -0.0645370483398438 -0.0102396011352539 -0.00799179077148438
-0.08636474609375 -0.0497817993164062 -0.00969696044921875 0.0119447708129883
-0.0592727661132812 -0.0666770935058594 -0.0176029205322266 0.0291576385498047
-0.0186920166015625 -0.0980987548828125 -0.0325145721435547 0.0240936279296875
0.0478591918945312 -0.102226257324219 -0.0613021850585938 0.00105667114257811
0.139656066894531 -0.0262069702148437 -0.0526962280273437 -0.0280075073242187
0.137115478515625 0.0552215576171875 -0.0350799560546875 -0.0489120483398438
0.111495971679687 0.142562866210938 -0.0220146179199219 -0.00491333007812499
0.0411376953125 0.151504516601563 0.0831451416015625 0.043121337890625
0.0690231323242187 0.131805419921875 0.04315185546875 0.0823516845703125
0.146133422851563 0.065216064453125 0.0683746337890625 0.0799789428710938
0.120513916015625 -0.0322494506835937 0.094390869140625 0.0357437133789063
0.0634841918945313 -0.0934524536132813 0.07611083984375 -0.0120620727539063
-0.020721435546875 -0.093292236328125 0.0310077667236328 -0.0266799926757813
-0.067138671875 -0.0631980895996094 0.00944137573242187 -0.0118961334228516
-0.073272705078125 -0.0682754516601563 0.0191478729248047 0.00673103332519531
-0.0868301391601563 -0.0545654296875 0.0202522277832031 0.0263290405273437
-0.0590591430664063 -0.0702247619628906 0.00540161132812499 0.049468994140625
-0.016326904296875 -0.09967041015625 -0.0183143615722656 0.0428237915039062
0.0514068603515625 -0.0963287353515625 -0.0529708862304688 0.0181617736816406
0.134292602539063 -0.0132675170898438 -0.0492210388183594 -0.0166511535644531
0.11810302734375 0.065765380859375 -0.0131912231445312 -0.0370101928710938
0.0817337036132813 0.136474609375 0.00333404541015625 0.0370674133300781
0.002349853515625 0.111213684082031 0.091644287109375 0.0927734375
0.0289077758789062 0.112220764160156 0.0523681640625 0.105751037597656
0.102394104003906 0.0742340087890625 0.05218505859375 0.0880050659179688
0.0986785888671875 -0.0079498291015625 0.0743865966796875 0.0565719604492188
0.0602989196777344 -0.0695571899414063 0.0675201416015625 0.0181350708007813
-0.0113601684570312 -0.0802078247070313 0.0430526733398438 0.00499725341796874
-0.0538597106933594 -0.0571670532226562 0.0382041931152344 0.00737762451171875
-0.0597877502441406 -0.0618858337402344 0.0465583801269531 0.0204391479492187
-0.0744476318359375 -0.0530166625976562 0.0474891662597656 0.0403099060058594
-0.0496444702148437 -0.0655784606933594 0.0250167846679687 0.0675811767578125
-0.00839996337890626 -0.0904388427734375 -0.00855255126953125 0.0604019165039062
0.0519485473632813 -0.0797348022460938 -0.0465164184570312 0.0339813232421875
0.116554260253906 0.00356292724609375 -0.0477142333984375 -0.00682830810546876
0.086181640625 0.0722808837890625 0.00399398803710938 -0.0249805450439453
0.0408477783203125 0.115028381347656 0.0207595825195313 0.0745697021484375
-0.0320510864257812 0.0534019470214844 0.0982818603515625 0.120651245117188
-0.008697509765625 0.0710601806640625 0.0632705688476562 0.113983154296875
0.0503616333007813 0.0606307983398437 0.0435333251953125 0.0861282348632813
0.060699462890625 0.00787734985351563 0.0600051879882813 0.06439208984375
0.0431404113769531 -0.0387382507324219 0.0591964721679688 0.0351638793945313
-0.00539398193359375 -0.055023193359375 0.0525054931640625 0.0241775512695312
-0.0357437133789062 -0.040985107421875 0.0601081848144531 0.0194778442382812
-0.0417671203613281 -0.0444145202636719 0.067901611328125 0.0269622802734375
-0.0542755126953125 -0.042755126953125 0.0720367431640625 0.050048828125
-0.0350379943847656 -0.0527763366699219 0.0432815551757813 0.08367919921875
-0.000953674316406254 -0.0708541870117188 -0.000862121582031247 0.0778961181640625
0.0486717224121094 -0.0539131164550781 -0.0452232360839844 0.0474700927734375
0.086700439453125 0.0223236083984375 -0.0507583618164062 -0.000652313232421869
0.0437850952148438 0.0727767944335937 0.0136375427246094 -0.0120277404785156
-0.00614166259765626 0.080291748046875 0.02490234375 0.105361938476562
0.0475044250488281 -0.0207328796386719 -0.0378036499023437 -0.121719360351563
-0.000373840332031251 -0.0484809875488281 -0.0262012481689453 -0.00179290771484376
-0.0384521484375 -0.0254898071289063 0.0580101013183594 0.00710296630859375
-0.0355300903320313 0.0175704956054688 0.0702247619628906 -0.0572242736816406
-0.011260986328125 0.0370368957519531 0.0210113525390625 -0.0964126586914062
0.0174903869628906 0.0302734375 -0.0443649291992188 -0.103057861328125
0.0175247192382813 0.0190067291259766 -0.0888595581054687 -0.0619888305664063
0.0105209350585937 0.0204067230224609 -0.0836639404296875 -0.0386428833007813
0.00964736938476562 0.0211048126220703 -0.076324462890625 -0.0252609252929687
-0.0039215087890625 0.0172672271728516 -0.0654335021972656 -0.0367317199707031
-0.0192279815673828 0.00352859497070313 -0.0631790161132813 -0.0428962707519531
-0.0224971771240234 -0.0247650146484375 -0.0608634948730469 -0.0621261596679688
0.0162277221679688 -0.0391159057617188 -0.0390472412109375 -0.0914764404296875
0.0538902282714844 -0.0252227783203125 -0.0688934326171875 -0.111106872558594
0.0670089721679688 -0.00087738037109375 -0.099273681640625 -0.13946533203125
0.082550048828125 0.0372467041015625 -0.0201950073242188 -0.125053405761719
0.0460929870605469 -0.014068603515625 -0.0216655731201172 -0.00350379943847657
0.0180835723876953 -0.0306606292724609 0.0674934387207031 0.0121612548828125
-0.0056619644165039 -0.0147390365600586 0.0844345092773438 -0.0561141967773438
-0.00796365737915039 -0.00428533554077148 0.0342636108398437 -0.103912353515625
-0.00357270240783691 0.000726699829101562 -0.040557861328125 -0.110267639160156
-0.0144453048706055 0.000118255615234374 -0.0883865356445313 -0.0650711059570313
-0.0193004608154297 -0.00502777099609375 -0.08074951171875 -0.0385971069335938
-0.0202503204345703 -0.0024871826171875 -0.0749282836914063 -0.023895263671875
-0.0154266357421875 -0.0133180618286133 -0.0653915405273438 -0.0294456481933594
-0.008453369140625 -0.0303325653076172 -0.0623779296875 -0.0347404479980469
0.0123291015625 -0.0481948852539063 -0.0660171508789063 -0.054718017578125
0.0661659240722656 -0.0239982604980469 -0.044677734375 -0.0786666870117188
0.090057373046875 0.0135116577148438 -0.071685791015625 -0.0971832275390625
0.0971221923828125 0.0602798461914063 -0.091827392578125 -0.123558044433594
0.101409912109375 0.0954666137695312 0.00682830810546874 -0.108932495117187
0.0849761962890625 0.0333328247070313 -0.00906562805175781 0.00453281402587891
0.0810012817382812 -0.0218048095703125 0.0781173706054688 0.0249710083007813
0.0363960266113281 -0.0434837341308594 0.100311279296875 -0.045440673828125
0.00494384765625 -0.0487480163574219 0.0520401000976563 -0.100006103515625
-0.0207252502441406 -0.0336780548095703 -0.0281524658203125 -0.107658386230469
-0.0428962707519531 -0.0223541259765625 -0.0762710571289063 -0.061737060546875
-0.0472908020019531 -0.0301284790039063 -0.0653572082519531 -0.0331039428710937
-0.0500335693359375 -0.0228614807128906 -0.0621566772460938 -0.0143852233886719
-0.03289794921875 -0.0387535095214844 -0.057647705078125 -0.0124588012695313
-0.00823593139648438 -0.0623092651367188 -0.0588798522949219 -0.0175514221191406
0.0347061157226562 -0.0741806030273438 -0.0717697143554688 -0.0386886596679688
0.106758117675781 -0.0242080688476563 -0.052337646484375 -0.0626640319824219
0.121627807617187 0.035186767578125 -0.0692825317382812 -0.0799407958984375
0.119583129882813 0.105789184570313 -0.0762939453125 -0.0901031494140625
0.107673645019531 0.139785766601563 0.0332870483398438 -0.0724105834960937
0.111274719238281 0.079345703125 0.0108261108398438 0.0248355865478516
0.137771606445313 -0.00572967529296875 0.0869369506835938 0.0388336181640625
0.0800399780273438 -0.064849853515625 0.110771179199219 -0.0304031372070313
0.0222015380859375 -0.088043212890625 0.065582275390625 -0.0866470336914063
-0.0339736938476562 -0.0663490295410156 -0.0138626098632813 -0.0916900634765625
-0.0669670104980469 -0.0406074523925781 -0.0567741394042969 -0.0479049682617187
-0.0717315673828125 -0.0476531982421875 -0.0431594848632813 -0.0200958251953125
-0.0775299072265625 -0.034332275390625 -0.0403556823730469 0.000267028808593747
-0.0534019470214844 -0.0540924072265625 -0.0409049987792969 0.0108833312988281
-0.0196304321289063 -0.0865631103515625 -0.0495719909667969 0.00615692138671876
0.0392379760742188 -0.0997085571289063 -0.0729522705078125 -0.0142288208007813
0.133010864257813 -0.0383224487304688 -0.0586433410644531 -0.0434646606445313
0.144210815429688 0.039276123046875 -0.0600128173828125 -0.0609931945800781
0.135429382324219 0.128318786621094 -0.0538139343261719 -0.0469245910644531
0.0824127197265625 0.163467407226563 0.0637969970703125 -0.01727294921875
0.104866027832031 0.120758056640625 0.0297203063964844 0.05364990234375
0.164810180664063 0.0303497314453125 0.0835037231445313 0.0619430541992188
0.115013122558594 -0.0583877563476563 0.110511779785156 0.0034942626953125
0.0473556518554688 -0.1051025390625 0.078521728515625 -0.0521087646484375
-0.0319900512695313 -0.0890426635742188 0.0111465454101562 -0.0634536743164063
-0.0743179321289063 -0.0579376220703125 -0.0234413146972656 -0.0329532623291016
-0.08056640625 -0.0624618530273437 -0.0112485885620117 -0.00793266296386719
-0.090728759765625 -0.0474090576171875 -0.00980091094970704 0.0130147933959961
-0.0628166198730469 -0.0659103393554687 -0.0173263549804688 0.0309925079345703
-0.0230789184570313 -0.0989913940429688 -0.0339584350585937 0.0255718231201172
0.0448989868164063 -0.106773376464844 -0.0646438598632813 0.00361633300781249
0.142044067382812 -0.0338897705078125 -0.0555152893066406 -0.0287208557128906
0.142990112304688 0.0505523681640625 -0.0376205444335937 -0.0493087768554688
0.120994567871094 0.140533447265625 -0.0227012634277344 -0.00442886352539061
0.0479583740234375 0.153884887695313 0.0848541259765625 0.0412139892578125
0.0756454467773438 0.131820678710938 0.0460128784179688 0.0833816528320313
0.151458740234375 0.059051513671875 0.07171630859375 0.0792083740234375
0.122108459472656 -0.0373306274414062 0.0976333618164063 0.0336532592773438
0.060546875 -0.0987167358398437 0.07867431640625 -0.0148162841796875
-0.0243453979492188 -0.0948944091796875 0.0308341979980469 -0.0290050506591797
-0.0710067749023438 -0.0622482299804688 0.00922966003417968 -0.0125312805175781
-0.0785064697265625 -0.0661239624023438 0.0199413299560547 0.00552749633789062
-0.0912857055664063 -0.0520095825195313 0.0211105346679687 0.0255126953125
-0.06243896484375 -0.0685768127441406 0.00717926025390624 0.050384521484375
-0.020782470703125 -0.100975036621094 -0.0187835693359375 0.0446281433105469
0.0486984252929687 -0.100784301757813 -0.05517578125 0.0209808349609375
0.137008666992188 -0.0203018188476563 -0.0510940551757813 -0.0159683227539063
0.1229248046875 0.0622177124023438 -0.0150184631347656 -0.0380630493164062
0.08941650390625 0.135444641113281 0.00403213500976563 0.0371589660644531
0.00646972656249999 0.114105224609375 0.095977783203125 0.0920867919921875
0.0332260131835938 0.113319396972656 0.05511474609375 0.107284545898438
0.108177185058594 0.0707855224609375 0.0553817749023438 0.0886688232421875
0.1014404296875 -0.0120468139648438 0.0786361694335938 0.0554428100585938
0.058685302734375 -0.0734786987304688 0.0705108642578125 0.0162811279296875
-0.0152053833007812 -0.0814361572265625 0.0455780029296875 0.00347137451171875
-0.0573539733886719 -0.0560569763183594 0.0392646789550781 0.00584030151367187
-0.0651779174804688 -0.0602607727050781 0.047576904296875 0.0175590515136719
-0.0792160034179688 -0.0506515502929687 0.0501976013183594 0.0382843017578125
-0.0527191162109375 -0.0650711059570313 0.0288772583007813 0.0681533813476563
-0.01165771484375 -0.0911941528320313 -0.00764083862304687 0.0621337890625
0.0496444702148438 -0.0839157104492187 -0.0476493835449219 0.0367889404296875
0.119697570800781 -0.00266265869140625 -0.049835205078125 -0.00601959228515625
0.0912322998046875 0.0706863403320312 0.00266647338867188 -0.0267448425292969
0.0466995239257812 0.115402221679688 0.0231781005859375 0.0751800537109375
-0.0310249328613281 0.0560760498046875 0.103706359863281 0.120101928710938
-0.00617980957031251 0.072906494140625 0.068267822265625 0.114501953125
0.0534133911132813 0.0591697692871094 0.0464859008789063 0.0872421264648438
0.0621337890625 0.00545120239257813 0.0641098022460937 0.06402587890625
0.0418663024902344 -0.0415802001953125 0.0625572204589844 0.0345726013183594
-0.00801467895507813 -0.0559425354003906 0.0563774108886719 0.0234718322753906
-0.0373764038085938 -0.0396881103515625 0.0630645751953125 0.0168342590332031
-0.0453300476074219 -0.0432243347167969 0.0699920654296875 0.0244369506835937
-0.0578575134277344 -0.0400314331054687 0.0754241943359375 0.04693603515625
-0.0380172729492187 -0.0528144836425781 0.0479965209960938 0.08294677734375
-0.00396728515625 -0.07159423828125 -0.000152587890625005 0.0800094604492188
0.0473709106445313 -0.0571975708007813 -0.0450325012207031 0.0497093200683594
0.0896835327148438 0.0179214477539063 -0.05145263671875 -0.000144958496093753
0.0483856201171875 0.07208251953125 0.0127506256103516 -0.0142803192138672
-0.00371551513671874 0.0816879272460938 0.0290756225585937 0.105690002441406
0.0474281311035156 -0.0225753784179687 -0.0424957275390625 -0.119873046875
-0.00250625610351563 -0.0481605529785156 -0.0263881683349609 0.000209808349609369
-0.0400505065917969 -0.0237617492675781 0.0582656860351563 0.0063629150390625
-0.0347423553466797 0.0194244384765625 0.0684051513671875 -0.0595779418945313
-0.0091552734375 0.037994384765625 0.0177383422851563 -0.0978622436523438
0.0192680358886719 0.0283050537109375 -0.0492019653320313 -0.102203369140625
0.0176048278808594 0.0174102783203125 -0.0920867919921875 -0.05816650390625
0.0110893249511719 0.0192966461181641 -0.086181640625 -0.0335769653320312
0.0109481811523437 0.0207138061523438 -0.0773696899414063 -0.0215835571289062
-0.00264835357666016 0.0165538787841797 -0.0681610107421875 -0.0345230102539063
-0.0188484191894531 0.0040283203125 -0.0661888122558594 -0.0410995483398438
-0.0245037078857422 -0.0237064361572266 -0.0631217956542969 -0.0605125427246094
0.0149078369140625 -0.0394172668457031 -0.0411300659179687 -0.0901718139648438
0.0526161193847656 -0.027435302734375 -0.0716552734375 -0.108306884765625
0.0669174194335938 -0.00384521484375 -0.103424072265625 -0.135650634765625
0.083953857421875 0.034393310546875 -0.0243911743164063 -0.123359680175781
0.0454788208007813 -0.0163345336914063 -0.0220184326171875 -0.00130081176757813
0.0163326263427734 -0.0311069488525391 0.0674324035644531 0.0109176635742187
-0.00621700286865234 -0.0141468048095703 0.0835342407226563 -0.05902099609375
-0.00779438018798828 -0.0035252571105957 0.03125 -0.10546875
-0.00327587127685547 0.000760793685913086 -0.0454559326171875 -0.108993530273438
-0.0136880874633789 0.000146865844726561 -0.0912857055664062 -0.0612564086914063
-0.0202884674072266 -0.0037384033203125 -0.082611083984375 -0.0341720581054687
-0.0199527740478516 -0.00197792053222656 -0.0764923095703125 -0.019683837890625
-0.016362190246582 -0.0130815505981445 -0.0673370361328125 -0.0274848937988281
-0.00905990600585938 -0.0300178527832031 -0.0647621154785156 -0.0333023071289063
0.0108261108398437 -0.0483665466308594 -0.0681724548339844 -0.0525321960449219
0.0654830932617188 -0.0271568298339844 -0.046112060546875 -0.078216552734375
0.0896835327148437 0.0099029541015625 -0.0748672485351563 -0.0946807861328125
0.0990142822265625 0.0566482543945313 -0.0956573486328125 -0.118995666503906
0.104774475097656 0.0927505493164063 0.0024871826171875 -0.107551574707031
0.0861358642578125 0.0296401977539063 -0.00914192199707031 0.00689125061035157
0.08013916015625 -0.0255661010742188 0.0780868530273438 0.0227737426757812
0.0351448059082031 -0.0442962646484375 0.0989303588867188 -0.0487060546875
0.00336456298828125 -0.0487480163574219 0.049072265625 -0.102630615234375
-0.0216751098632812 -0.0331249237060547 -0.032135009765625 -0.107353210449219
-0.0436935424804688 -0.0210304260253906 -0.0784149169921875 -0.0582351684570312
-0.0492668151855469 -0.0281028747558594 -0.0673789978027344 -0.0293807983398437
-0.050750732421875 -0.0214653015136719 -0.0637779235839844 -0.0113296508789063
-0.0341110229492188 -0.0381622314453125 -0.0591278076171875 -0.0103416442871094
-0.0100822448730469 -0.0618133544921875 -0.060821533203125 -0.0157356262207031
0.0314407348632812 -0.0756912231445312 -0.0741500854492188 -0.03564453125
0.106643676757813 -0.028656005859375 -0.0537261962890625 -0.0617408752441406
0.122528076171875 0.0306777954101562 -0.0714950561523437 -0.0773544311523438
0.123748779296875 0.100875854492188 -0.078704833984375 -0.0876846313476563
0.113319396972656 0.135421752929688 0.0301055908203125 -0.0728912353515625
0.115440368652344 0.0751113891601563 0.0106639862060547 0.0268020629882813
0.137374877929687 -0.012298583984375 0.0880508422851563 0.0368499755859375
0.0779647827148438 -0.0674972534179688 0.109725952148437 -0.0342025756835938
0.0183563232421875 -0.0896835327148438 0.0628280639648437 -0.0892257690429688
-0.0367202758789063 -0.0652008056640625 -0.0168991088867188 -0.092132568359375
-0.0679550170898438 -0.0378608703613281 -0.0588264465332031 -0.0454597473144531
-0.0754623413085937 -0.043792724609375 -0.0446090698242188 -0.0181541442871094
-0.07940673828125 -0.031768798828125 -0.0411643981933594 0.00239944458007812
-0.0548095703125 -0.0527534484863281 -0.0416069030761719 0.0128288269042969
-0.0230560302734375 -0.0852890014648438 -0.050506591796875 0.00851440429687499
0.0350265502929688 -0.101119995117188 -0.0751113891601563 -0.0112838745117187
0.131561279296875 -0.04412841796875 -0.0602874755859375 -0.0419082641601562
0.1466064453125 0.0337677001953125 -0.0619850158691406 -0.0593223571777344
0.140129089355469 0.122573852539063 -0.0558853149414062 -0.0445060729980469
0.0892486572265625 0.160171508789063 0.0625953674316406 -0.0186386108398437
0.11016845703125 0.115959167480469 0.0305023193359375 0.0541725158691406
0.165725708007813 0.0234527587890625 0.084381103515625 0.0599365234375
0.112472534179688 -0.0622787475585938 0.110443115234375 0.000228881835937496
0.0431747436523438 -0.10675048828125 0.0774612426757813 -0.0548934936523438
-0.0347518920898438 -0.0882415771484375 0.00970077514648437 -0.0643196105957031
-0.0758056640625 -0.0541915893554688 -0.0247421264648438 -0.0309467315673828
-0.0842056274414063 -0.0591659545898438 -0.0121631622314453 -0.00760173797607422
-0.0925521850585938 -0.0430068969726563 -0.0101757049560547 0.0135459899902344
-0.0646438598632813 -0.063079833984375 -0.0164680480957031 0.0310764312744141
-0.0263214111328125 -0.0982284545898437 -0.0345401763916016 0.0272350311279297
0.039886474609375 -0.108901977539063 -0.0662879943847656 0.00676727294921874
0.14080810546875 -0.040374755859375 -0.0565147399902344 -0.027740478515625
0.145111083984375 0.0451202392578125 -0.0394439697265625 -0.0485610961914063
0.125701904296875 0.135368347167969 -0.0233020782470703 -0.00384140014648437
0.0527191162109375 0.152725219726563 0.0850067138671875 0.0399703979492188
0.0806350708007813 0.129234313964844 0.04705810546875 0.0829315185546875
0.154815673828125 0.0526580810546875 0.07305908203125 0.0777359008789063
0.120895385742188 -0.0422821044921875 0.0984725952148438 0.030303955078125
0.0566482543945312 -0.10101318359375 0.0787582397460937 -0.0174636840820313
-0.0285263061523437 -0.09417724609375 0.0311546325683594 -0.0303802490234375
-0.0725555419921875 -0.0587081909179688 0.00913715362548828 -0.0132608413696289
-0.082183837890625 -0.0625076293945313 0.0198478698730469 0.00419235229492187
-0.0940170288085938 -0.0475311279296875 0.0216884613037109 0.0242176055908203
-0.065521240234375 -0.0664443969726563 0.00947189331054688 0.0495758056640625
-0.0250015258789062 -0.0998764038085938 -0.0184516906738281 0.0454597473144531
0.0446701049804687 -0.102363586425781 -0.0556297302246094 0.0229949951171875
0.13568115234375 -0.0268478393554688 -0.0518798828125 -0.015838623046875
0.126197814941406 0.0573501586914063 -0.0168037414550781 -0.0389366149902344
0.0947647094726563 0.131561279296875 0.00534820556640626 0.0369071960449219
0.0108489990234375 0.114700317382813 0.098175048828125 0.0890274047851563
0.0375823974609375 0.112327575683594 0.058624267578125 0.105316162109375
0.111358642578125 0.0661239624023438 0.0576705932617188 0.0874099731445313
0.100883483886719 -0.0157470703125 0.0800552368164063 0.0529251098632813
0.0555801391601562 -0.0760879516601562 0.072052001953125 0.0139617919921875
-0.0181503295898437 -0.0810165405273438 0.0473899841308594 0.00144958496093749
-0.0591049194335938 -0.0533103942871094 0.0398635864257813 0.00431060791015625
-0.0690040588378906 -0.0570411682128906 0.0485191345214844 0.0150985717773437
-0.0813674926757813 -0.0462875366210938 0.0516319274902344 0.0362777709960938
-0.0551109313964844 -0.0622787475585938 0.0321617126464844 0.066253662109375
-0.0155181884765625 -0.0905380249023438 -0.0066680908203125 0.062957763671875
0.0455169677734375 -0.0857925415039062 -0.0478706359863281 0.0389823913574219
0.119369506835938 -0.00783538818359375 -0.0500411987304687 -0.00556564331054688
0.0943527221679688 0.0666580200195313 0.000938415527343753 -0.0277843475341797
0.0509567260742187 0.113265991210938 0.0253677368164063 0.073699951171875
-0.0284996032714844 0.0578346252441406 0.106658935546875 0.117218017578125
-0.0031890869140625 0.0726394653320313 0.0707550048828125 0.11163330078125
0.0564842224121094 0.0565948486328125 0.0484695434570313 0.0862960815429688
0.0623283386230469 0.00292587280273438 0.0665054321289063 0.0626907348632813
0.040435791015625 -0.0434646606445313 0.0645980834960938 0.0325050354003906
-0.0109825134277344 -0.0559310913085938 0.058563232421875 0.0215187072753906
-0.0395622253417969 -0.0373573303222656 0.0642852783203125 0.0139808654785156
-0.0483970642089844 -0.0412521362304687 0.071258544921875 0.0209884643554687
-0.0599937438964844 -0.0367240905761719 0.0770797729492188 0.0434951782226563
-0.0403289794921875 -0.0504493713378906 0.0517654418945313 0.08074951171875
-0.006378173828125 -0.071990966796875 0.00229644775390625 0.08001708984375
0.0442428588867187 -0.059112548828125 -0.0449600219726563 0.0513191223144531
0.0911331176757813 0.0136795043945313 -0.0518684387207031 0.0014190673828125
0.05108642578125 0.0703811645507812 0.0113983154296875 -0.015772819519043
-0.00058746337890625 0.0814971923828125 0.0320510864257812 0.104103088378906
0.0461463928222656 -0.0233840942382813 -0.0438232421875 -0.11712646484375
-0.00405502319335937 -0.0479812622070313 -0.0260791778564453 0.00199127197265625
-0.0405654907226563 -0.022430419921875 0.0582618713378906 0.00614547729492187
-0.033935546875 0.0201511383056641 0.0684890747070313 -0.0599403381347656
-0.00725936889648437 0.0375556945800781 0.0168914794921875 -0.0983352661132813
0.0191993713378906 0.0277061462402344 -0.0510406494140625 -0.100868225097656
0.0174970626831055 0.0166769027709961 -0.0927886962890625 -0.0554580688476563
0.0116825103759766 0.0192050933837891 -0.0862350463867188 -0.0302658081054688
0.0111408233642578 0.0193386077880859 -0.0772933959960937 -0.0187530517578125
-0.00220108032226563 0.0160617828369141 -0.0692138671875 -0.0329132080078125
-0.0180873870849609 0.00424575805664063 -0.0671272277832031 -0.0395278930664063
-0.0242481231689453 -0.0222911834716797 -0.063568115234375 -0.0590667724609375
0.0140457153320313 -0.03948974609375 -0.041351318359375 -0.0891036987304688
0.0513153076171875 -0.0284576416015625 -0.0715179443359375 -0.105636596679688
0.0658912658691406 -0.00528335571289063 -0.103355407714844 -0.132034301757813
0.0844039916992188 0.0325698852539063 -0.0268478393554687 -0.120529174804688
0.0447158813476563 -0.0171661376953125 -0.0221767425537109 0.000478744506835934
0.0149726867675781 -0.0320854187011719 0.0677680969238281 0.0112075805664062
-0.00536155700683594 -0.0134420394897461 0.0823593139648438 -0.0595626831054687
-0.00775766372680664 -0.00297641754150391 0.0295791625976563 -0.105911254882813
-0.00333380699157715 0.000226736068725586 -0.0470352172851563 -0.108512878417969
-0.0144186019897461 0.00013923645019531 -0.0921478271484375 -0.0584793090820313
-0.0207481384277344 -0.0037994384765625 -0.0835418701171875 -0.0317916870117188
-0.0202274322509766 -0.00152778625488281 -0.0765533447265625 -0.0168991088867187
-0.0155220031738281 -0.0130691528320313 -0.0686416625976563 -0.0254478454589844
-0.00950813293457031 -0.0305385589599609 -0.0657501220703125 -0.0320663452148438
0.009521484375 -0.0474853515625 -0.0689888000488281 -0.0503387451171875
0.0644912719726563 -0.0279388427734375 -0.045684814453125 -0.0772018432617188
0.0898971557617188 0.00771331787109375 -0.0750961303710938 -0.09228515625
0.0991058349609375 0.054046630859375 -0.0964126586914063 -0.116447448730469
0.105865478515625 0.090301513671875 -0.000205993652343737 -0.105712890625
0.0860595703125 0.0279693603515625 -0.00893115997314453 0.00974369049072266
0.0787811279296875 -0.027496337890625 0.0780563354492188 0.022735595703125
0.0345802307128906 -0.0440292358398438 0.0982818603515625 -0.049468994140625
0.00234222412109375 -0.0482025146484375 0.0476303100585938 -0.1036376953125
-0.0221672058105469 -0.0323562622070313 -0.0333328247070312 -0.106086730957031
-0.0437049865722656 -0.0200920104980469 -0.07940673828125 -0.0557403564453125
-0.0498085021972656 -0.0265541076660156 -0.0680122375488281 -0.0271759033203125
-0.0507278442382813 -0.019622802734375 -0.0637359619140625 -0.00933837890625001
-0.0330734252929688 -0.0371131896972656 -0.0589866638183594 -0.00913238525390626
-0.01080322265625 -0.0609626770019531 -0.0620613098144531 -0.0150032043457031
0.02972412109375 -0.0753021240234375 -0.074859619140625 -0.03424072265625
0.105232238769531 -0.0308914184570312 -0.0539474487304687 -0.061126708984375
0.122474670410156 0.0283889770507813 -0.0716476440429687 -0.0755767822265625
0.125022888183594 0.0975189208984375 -0.0790252685546875 -0.0846023559570313
0.115798950195313 0.132347106933594 0.0284500122070313 -0.0708389282226562
0.115371704101563 0.0719680786132813 0.0101127624511719 0.0288276672363281
0.13665771484375 -0.0153274536132813 0.0868911743164063 0.03668212890625
0.075836181640625 -0.0680084228515625 0.108833312988281 -0.0343093872070313
0.0163345336914063 -0.0887908935546875 0.0616989135742188 -0.0905609130859375
-0.0365486145019531 -0.0635223388671875 -0.0183868408203125 -0.0918655395507813
-0.0681266784667969 -0.0364265441894531 -0.0587158203125 -0.0437812805175781
-0.076690673828125 -0.041046142578125 -0.0453147888183594 -0.0166473388671875
-0.0791778564453125 -0.029388427734375 -0.0419998168945313 0.00378036499023438
-0.0548934936523438 -0.0509567260742187 -0.0412979125976563 0.0137901306152344
-0.023193359375 -0.0845947265625 -0.0516319274902344 0.00951004028320311
0.032958984375 -0.101226806640625 -0.075927734375 -0.00934600830078125
0.130271911621094 -0.047210693359375 -0.0604324340820312 -0.0420494079589844
0.145477294921875 0.030609130859375 -0.063140869140625 -0.058319091796875
0.142105102539063 0.118576049804688 -0.0560340881347656 -0.0434951782226563
0.0919036865234375 0.157379150390625 0.0609207153320313 -0.0179405212402344
0.111251831054688 0.112617492675781 0.0303268432617188 0.0548362731933594
0.165176391601563 0.018463134765625 0.083160400390625 0.0597610473632812
0.110687255859375 -0.063873291015625 0.109474182128906 -0.00147247314453125
0.0403594970703125 -0.107398986816406 0.0771408081054687 -0.0565338134765625
-0.0360641479492187 -0.0864639282226562 0.00941085815429687 -0.0639419555664063
-0.0767288208007813 -0.0519332885742187 -0.0238399505615234 -0.02978515625
-0.0860366821289063 -0.0556716918945313 -0.0133724212646484 -0.00816154479980469
-0.092742919921875 -0.0396194458007812 -0.0105390548706055 0.0129785537719727
-0.06494140625 -0.0609016418457031 -0.0158481597900391 0.0318717956542969
-0.0277328491210937 -0.0968170166015625 -0.0354042053222656 0.0272026062011719
0.03729248046875 -0.108589172363281 -0.0669746398925781 0.00862503051757813
0.138900756835938 -0.043670654296875 -0.056610107421875 -0.0278968811035156
0.144378662109375 0.041961669921875 -0.0402107238769531 -0.0484504699707031
0.127723693847656 0.131111145019531 -0.0229015350341797 -0.002716064453125
0.055999755859375 0.151092529296875 0.0841445922851563 0.0390243530273438
0.083251953125 0.12615966796875 0.0471649169921875 0.0837554931640625
0.154098510742188 0.047454833984375 0.0720977783203125 0.0772552490234375
0.119766235351562 -0.04351806640625 0.0984039306640625 0.028839111328125
0.0532302856445313 -0.101898193359375 0.0791015625 -0.0191268920898438
-0.03021240234375 -0.0921173095703125 0.031341552734375 -0.0305137634277344
-0.0730819702148438 -0.0570755004882813 0.0103082656860352 -0.0133371353149414
-0.0842056274414062 -0.0593032836914062 0.0188388824462891 0.00332260131835937
-0.0942230224609375 -0.0441131591796875 0.0220832824707031 0.0243148803710937
-0.0649681091308594 -0.0638809204101563 0.0102272033691406 0.0487098693847656
-0.026031494140625 -0.0976028442382813 -0.0186843872070313 0.0453338623046875
0.0413818359375 -0.101448059082031 -0.0562324523925781 0.0245780944824219
0.134254455566406 -0.0307159423828125 -0.0524177551269531 -0.0156974792480469
0.125961303710938 0.0543670654296875 -0.0180282592773437 -0.0391311645507812
0.0964736938476563 0.127777099609375 0.00561141967773438 0.0364990234375
0.0134124755859375 0.113868713378906 0.0978012084960938 0.0877914428710938
0.0394744873046875 0.11029052734375 0.0579147338867188 0.104423522949219
0.111724853515625 0.0623626708984375 0.0572509765625 0.086944580078125
0.0993194580078125 -0.0177841186523438 0.0806350708007812 0.0517196655273437
0.05322265625 -0.0771636962890625 0.072296142578125 0.0131149291992187
-0.0200576782226563 -0.0799102783203125 0.0479850769042969 0.000305175781249995
-0.0594749450683594 -0.0512924194335937 0.0406417846679687 0.00330352783203125
-0.0704269409179687 -0.05487060546875 0.0477943420410156 0.0130844116210937
-0.0820770263671875 -0.0428924560546875 0.0514106750488281 0.0344314575195313
-0.0554275512695313 -0.0602455139160156 0.0330848693847656 0.0648689270019531
-0.0170135498046875 -0.088897705078125 -0.00636672973632812 0.0621566772460938
0.0436325073242188 -0.0855636596679688 -0.0478630065917969 0.0393638610839844
0.118423461914063 -0.0116500854492188 -0.050384521484375 -0.00607681274414062
0.0949325561523438 0.0647048950195313 -0.000581741333007805 -0.0287380218505859
0.0531234741210938 0.111053466796875 0.0260467529296875 0.0726547241210938
-0.0280609130859375 0.0582160949707031 0.106315612792969 0.114936828613281
-0.00225830078124999 0.0727691650390625 0.069793701171875 0.110565185546875
0.0569419860839844 0.0540771484375 0.048583984375 0.0857315063476563
0.0626029968261719 0.00174713134765625 0.0667724609375 0.06170654296875
0.0381431579589844 -0.0446319580078125 0.0652999877929688 0.0313873291015625
-0.0121994018554688 -0.0551834106445313 0.0601234436035156 0.0202445983886719
-0.0393257141113281 -0.0359764099121094 0.0652580261230469 0.012054443359375
-0.0484657287597656 -0.0391006469726563 0.0706253051757813 0.0178070068359375
-0.05975341796875 -0.0339851379394531 0.0777587890625 0.0412750244140625
-0.0407829284667969 -0.048919677734375 0.0521163940429687 0.0788116455078125
-0.00829696655273438 -0.0700798034667969 0.00249481201171875 0.0797500610351563
0.0426597595214844 -0.0589256286621094 -0.0443382263183594 0.0518646240234375
0.0893630981445313 0.0107650756835938 -0.0526809692382812 0.000801086425781257
0.0526657104492188 0.0685806274414063 0.0101766586303711 -0.0174617767333984
0.000732421874999994 0.0800094604492188 0.0334625244140625 0.102767944335937
0.0467262268066406 -0.0232658386230469 -0.0440597534179687 -0.117027282714844
-0.0044097900390625 -0.0471954345703125 -0.0254611968994141 0.00330924987792968
-0.0405387878417969 -0.0223846435546875 0.0586967468261719 0.00724029541015625
-0.0328426361083984 0.0198535919189453 0.06915283203125 -0.0594520568847656
-0.00684738159179688 0.0380935668945313 0.01739501953125 -0.099212646484375
0.0194606781005859 0.0270404815673828 -0.051300048828125 -0.101882934570313
0.0177936553955078 0.0164737701416016 -0.0934371948242188 -0.0545196533203125
0.0111370086669922 0.0190391540527344 -0.08673095703125 -0.029083251953125
0.011199951171875 0.0184555053710937 -0.0774078369140625 -0.0177459716796875
-0.00162887573242187 0.0150375366210938 -0.0704116821289063 -0.0331878662109375
-0.0177116394042969 0.00399208068847656 -0.0681114196777344 -0.0403213500976563
-0.0241966247558594 -0.0217609405517578 -0.0629119873046875 -0.0598220825195312
0.0142669677734375 -0.0398101806640625 -0.0396728515625 -0.09033203125
0.0511283874511719 -0.0287666320800781 -0.0704498291015625 -0.105567932128906
0.0657234191894531 -0.00528717041015625 -0.10186767578125 -0.13250732421875
0.0847549438476563 0.031982421875 -0.0262832641601562 -0.119842529296875
0.0437393188476563 -0.0166893005371094 -0.0217170715332031 0.00212287902832031
0.0150623321533203 -0.0310726165771484 0.0680809020996094 0.0119552612304687
-0.00505256652832031 -0.0134267807006836 0.0830459594726563 -0.0595703125
-0.00729942321777344 -0.00343942642211914 0.0303726196289062 -0.10711669921875
-0.00303888320922852 9.05990600585932E-05 -0.04742431640625 -0.108909606933594
-0.014190673828125 -0.000624656677246093 -0.0933303833007813 -0.0580673217773438
-0.0208320617675781 -0.0030670166015625 -0.0839691162109375 -0.0301742553710937
-0.0200042724609375 -0.00237846374511719 -0.0770111083984375 -0.0158538818359375
-0.0155239105224609 -0.0141420364379883 -0.0697555541992188 -0.0258255004882812
-0.00920295715332031 -0.0306415557861328 -0.0670661926269531 -0.0326080322265625
0.00955581665039063 -0.0473403930664063 -0.06951904296875 -0.0512657165527344
0.0650596618652344 -0.0284538269042969 -0.0454025268554687 -0.0786666870117188
0.089080810546875 0.00791168212890625 -0.0734329223632813 -0.09234619140625
0.099609375 0.0540084838867188 -0.0948104858398438 -0.116233825683594
0.106681823730469 0.0899124145507813 7.6293945312496E-05 -0.104522705078125
0.0860366821289063 0.0279693603515625 -0.00956153869628906 0.0111274719238281
0.078765869140625 -0.0279312133789063 0.0775527954101563 0.0248260498046875
0.0348243713378906 -0.0443572998046875 0.0984268188476562 -0.0491943359375
0.00209426879882812 -0.0477371215820313 0.04852294921875 -0.104400634765625
-0.020843505859375 -0.0325736999511719 -0.0341720581054687 -0.106765747070313
-0.0439796447753906 -0.0197296142578125 -0.0796737670898437 -0.0555648803710938
-0.0508460998535156 -0.0253982543945312 -0.0690383911132813 -0.0264816284179687
-0.0506629943847656 -0.0195884704589844 -0.0643653869628906 -0.00815582275390624
-0.0335311889648437 -0.0379142761230469 -0.0605201721191406 -0.00905990600585939
-0.010650634765625 -0.0612411499023437 -0.0630302429199219 -0.0154380798339844
0.0301055908203125 -0.0750885009765625 -0.07513427734375 -0.0337677001953125
0.105384826660156 -0.0318603515625 -0.0532875061035156 -0.0632553100585938
0.122528076171875 0.028045654296875 -0.0713348388671875 -0.0754776000976563
0.124526977539063 0.0970077514648438 -0.078125 -0.0847625732421875
0.115806579589844 0.132492065429688 0.0283889770507813 -0.0698661804199218
0.115837097167969 0.0718765258789063 0.0101470947265625 0.030670166015625
0.136245727539063 -0.0167160034179688 0.08660888671875 0.0390777587890625
0.0763320922851563 -0.0680084228515625 0.109687805175781 -0.03399658203125
0.0165786743164063 -0.08892822265625 0.062957763671875 -0.0917892456054687
-0.036224365234375 -0.0636024475097656 -0.0180511474609375 -0.0925674438476563
-0.0682373046875 -0.0361061096191406 -0.0583839416503906 -0.0429649353027344
-0.0771484375 -0.0409088134765625 -0.0459251403808594 -0.0158195495605469
-0.0790252685546875 -0.0286178588867188 -0.0414466857910156 0.00451278686523437
-0.0541954040527344 -0.0507774353027344 -0.0416259765625 0.0135879516601562
-0.0235443115234375 -0.084625244140625 -0.0529251098632813 0.00880813598632813
0.0327224731445312 -0.100555419921875 -0.0767898559570313 -0.008697509765625
0.130119323730469 -0.0477142333984375 -0.0606956481933594 -0.0439033508300781
0.145919799804688 0.030670166015625 -0.0625038146972656 -0.05865478515625
0.142044067382813 0.11859130859375 -0.055084228515625 -0.0430717468261719
0.0921630859375 0.158432006835937 0.0602951049804688 -0.016754150390625
0.111747741699219 0.113296508789063 0.0293006896972656 0.05706787109375
0.165054321289063 0.01739501953125 0.0824661254882813 0.061737060546875
0.111099243164063 -0.0639266967773438 0.109580993652344 -0.000785827636718754
0.039398193359375 -0.107864379882813 0.0783157348632813 -0.0570526123046875
-0.0355606079101563 -0.0869140625 0.00976943969726563 -0.06494140625
-0.0760574340820313 -0.0520401000976563 -0.0233955383300781 -0.0304527282714844
-0.0870513916015625 -0.0548477172851563 -0.013427734375 -0.007232666015625
-0.0931930541992188 -0.039093017578125 -0.0109939575195313 0.0138435363769531
-0.0642509460449219 -0.0605010986328125 -0.0161533355712891 0.0312137603759766
-0.0279159545898437 -0.096343994140625 -0.0364608764648437 0.0278854370117188
0.0367813110351562 -0.1083984375 -0.0683135986328125 0.00894546508789062
0.139389038085938 -0.0450210571289062 -0.0570449829101563 -0.0296287536621094
0.14459228515625 0.042449951171875 -0.0403976440429687 -0.0486869812011719
0.128059387207031 0.131027221679688 -0.0230140686035156 -0.00337982177734374
0.0562896728515625 0.1513671875 0.08416748046875 0.040496826171875
0.0835494995117188 0.126686096191406 0.0460433959960938 0.084686279296875
0.155136108398438 0.0466766357421875 0.0710296630859375 0.0791168212890625
0.119377136230469 -0.0435409545898438 0.0980606079101563 0.030242919921875
0.0530624389648438 -0.102188110351563 0.0796279907226563 -0.019439697265625
-0.0296096801757813 -0.0921630859375 0.0326786041259766 -0.0310592651367188
-0.07275390625 -0.0565338134765625 0.0107488632202148 -0.0126733779907227
-0.0851669311523437 -0.05828857421875 0.0184288024902344 0.00321769714355468
-0.0943603515625 -0.0427093505859375 0.0215606689453125 0.0239448547363281
-0.0650711059570312 -0.0632743835449219 0.0105514526367187 0.048797607421875
-0.0261001586914063 -0.0968170166015625 -0.0196380615234375 0.0452766418457031
0.0413970947265625 -0.101936340332031 -0.0575027465820313 0.0254287719726562
0.1339111328125 -0.0318527221679688 -0.0528526306152344 -0.0175895690917969
0.126091003417969 0.0545501708984375 -0.0184097290039062 -0.0398178100585938
0.0962142944335938 0.127960205078125 0.00552749633789063 0.0364990234375
0.0134048461914062 0.114578247070313 0.0970230102539063 0.0888137817382813
0.0396652221679688 0.110519409179688 0.0569534301757812 0.1048583984375
0.111724853515625 0.0610504150390625 0.0555191040039063 0.0875091552734375
0.100517272949219 -0.0176849365234375 0.0799179077148438 0.0527191162109375
0.0526351928710938 -0.077301025390625 0.0733795166015625 0.0140533447265625
-0.0203094482421875 -0.079833984375 0.0491409301757813 0.000770568847656245
-0.0597000122070312 -0.0513648986816406 0.0417022705078125 0.00266647338867187
-0.0709304809570313 -0.0535736083984375 0.0470619201660156 0.0124015808105469
-0.082244873046875 -0.0417861938476562 0.0507659912109375 0.0336837768554688
-0.0556373596191406 -0.0600013732910156 0.0331001281738281 0.0643234252929688
-0.0177688598632813 -0.088226318359375 -0.00753021240234375 0.0628089904785156
0.0437393188476563 -0.0853805541992188 -0.0490455627441406 0.0403022766113281
0.118141174316406 -0.01239013671875 -0.0506935119628906 -0.00744628906250001
0.0950927734375 0.064422607421875 -0.00134086608886718 -0.0298614501953125
0.0527191162109375 0.110984802246094 0.02569580078125 0.072418212890625
-0.0274581909179688 0.0587539672851563 0.106231689453125 0.115631103515625
-0.00183105468750001 0.0718841552734375 0.06927490234375 0.111198425292969
0.0573654174804688 0.0528640747070313 0.0477066040039063 0.0870895385742187
0.062744140625 0.00188827514648437 0.0663566589355469 0.0624160766601563
0.0379867553710938 -0.0447196960449219 0.06658935546875 0.032379150390625
-0.0126152038574219 -0.0545463562011719 0.0615158081054688 0.0193672180175781
-0.0393791198730469 -0.0352516174316406 0.0661087036132813 0.011138916015625
-0.0498504638671875 -0.0383682250976562 0.0698928833007813 0.0170135498046875
-0.0606498718261719 -0.0334358215332031 0.0771636962890625 0.0403900146484375
-0.0408058166503906 -0.0492668151855469 0.0532379150390625 0.0783843994140625
-0.00809478759765625 -0.0699462890625 0.00177001953125 0.0799789428710937
0.0425300598144531 -0.0589790344238281 -0.0459175109863281 0.0520477294921875
0.0899429321289063 0.00992584228515625 -0.0524787902832031 -0.000232696533203132
0.053192138671875 0.0672035217285156 0.00905799865722657 -0.0185394287109375
0.000289916992187503 0.0808258056640625 0.0327301025390625 0.102485656738281
0.0481185913085938 -0.0237007141113281 -0.0437774658203125 -0.1192626953125
-0.00522994995117188 -0.0480613708496094 -0.0262222290039063 0.00391006469726562
-0.0418281555175781 -0.0224723815917969 0.0605049133300781 0.00897598266601562
-0.0332965850830078 0.0202236175537109 0.0717926025390625 -0.0602798461914062
-0.00629806518554687 0.0389289855957031 0.0193862915039063 -0.102279663085938
0.0197086334228516 0.0271282196044922 -0.05224609375 -0.104827880859375
0.0178871154785156 0.0164337158203125 -0.095550537109375 -0.0550994873046875
0.0116634368896484 0.0196609497070313 -0.0884246826171875 -0.0285491943359375
0.0112819671630859 0.0180435180664063 -0.0792160034179688 -0.0177841186523438
-0.00229263305664063 0.0148639678955078 -0.0735931396484375 -0.034515380859375
-0.0183792114257813 0.00381851196289063 -0.0706253051757812 -0.0417327880859375
-0.02471923828125 -0.0216236114501953 -0.0639381408691406 -0.0621185302734375
0.0149574279785156 -0.0405082702636719 -0.0380783081054688 -0.0941619873046875
0.0516242980957031 -0.0299301147460938 -0.0696868896484375 -0.108070373535156
0.0668144226074219 -0.0047607421875 -0.10211181640625 -0.136466979980469
0.0865936279296875 0.0332183837890625 -0.0256729125976562 -0.122024536132812
0.0450897216796875 -0.0172348022460938 -0.0220851898193359 0.00384330749511718
0.0150070190429688 -0.0325412750244141 0.0699310302734375 0.0142593383789062
-0.00470066070556641 -0.0136384963989258 0.0860977172851563 -0.0594940185546875
-0.00706863403320313 -0.00312042236328125 0.03240966796875 -0.110328674316406
-0.00265145301818848 -0.000461101531982422 -0.0481796264648438 -0.112236022949219
-0.0145893096923828 -0.000917434692382815 -0.0951690673828125 -0.05877685546875
-0.0214748382568359 -0.0039520263671875 -0.0860214233398438 -0.0299072265625
-0.0203514099121094 -0.00287818908691406 -0.0789794921875 -0.0158233642578125
-0.015681266784668 -0.0153074264526367 -0.0719375610351562 -0.0266799926757813
-0.00904083251953125 -0.0316333770751953 -0.0702400207519531 -0.0341873168945313
0.0100593566894531 -0.0473365783691406 -0.070648193359375 -0.0529861450195313
0.0665206909179688 -0.0289993286132812 -0.0442733764648437 -0.0819549560546875
0.0904769897460938 0.00868988037109375 -0.0739288330078125 -0.0946197509765625
0.100502014160156 0.0564651489257813 -0.094512939453125 -0.1195068359375
0.108169555664062 0.0918350219726563 0.00144195556640625 -0.104995727539063
0.0878982543945313 0.0282058715820313 -0.0101070404052734 0.0132150650024414
0.0802764892578125 -0.02862548828125 0.0794219970703125 0.0273666381835938
0.035552978515625 -0.0447998046875 0.102073669433594 -0.0493850708007813
0.00238037109375 -0.0490798950195313 0.051177978515625 -0.107559204101563
-0.0209712982177734 -0.0334320068359375 -0.0344696044921875 -0.110305786132813
-0.0443153381347656 -0.0208778381347656 -0.0812606811523438 -0.0561294555664062
-0.0524215698242188 -0.0260391235351562 -0.0710830688476563 -0.0256500244140625
-0.0521316528320313 -0.02001953125 -0.0663032531738281 -0.00746536254882811
-0.0333938598632812 -0.0389022827148438 -0.0625076293945312 -0.00914764404296876
-0.010101318359375 -0.0635566711425781 -0.0664215087890625 -0.0158920288085938
0.0308303833007813 -0.075897216796875 -0.0773391723632813 -0.03472900390625
0.108154296875 -0.0322799682617188 -0.0531387329101562 -0.0663986206054687
0.124771118164063 0.0293350219726563 -0.0718002319335937 -0.078125
0.127220153808594 0.0999526977539063 -0.0788040161132812 -0.0866928100585938
0.117950439453125 0.136001586914063 0.029296875 -0.0700874328613281
0.118148803710938 0.0739669799804688 0.010009765625 0.0328102111816406
0.139411926269531 -0.0174713134765625 0.0882720947265625 0.0421371459960938
0.07867431640625 -0.0687484741210938 0.112403869628906 -0.033233642578125
0.0167312622070312 -0.0914535522460937 0.06512451171875 -0.0946807861328125
-0.0367355346679687 -0.0650405883789063 -0.01873779296875 -0.0954742431640625
-0.0690498352050781 -0.0368919372558594 -0.0590705871582032 -0.0443229675292969
-0.079742431640625 -0.0409774780273438 -0.0476531982421875 -0.0155067443847656
-0.0811614990234375 -0.029083251953125 -0.0430335998535156 0.00580596923828125
-0.05523681640625 -0.0526504516601563 -0.0427780151367188 0.0135993957519531
-0.023529052734375 -0.0865554809570313 -0.0556755065917969 0.00898742675781249
0.0333709716796875 -0.103416442871094 -0.0788345336914063 -0.00878906250000002
0.133056640625 -0.0489044189453125 -0.0610198974609375 -0.0461959838867188
0.148941040039063 0.0323333740234375 -0.0631217956542968 -0.0607643127441406
0.14459228515625 0.121826171875 -0.0562667846679687 -0.0444564819335938
0.09405517578125 0.162643432617187 0.0621528625488281 -0.0153388977050781
0.114028930664063 0.115676879882813 0.0290641784667969 0.0602684020996094
0.168441772460938 0.0173797607421875 0.0837860107421875 0.0651626586914063
0.114265441894531 -0.0638580322265625 0.112052917480469 0.00135040283203125
0.0405120849609375 -0.109832763671875 0.0812454223632813 -0.058441162109375
-0.0360565185546875 -0.0886917114257812 0.0110969543457031 -0.0665321350097656
-0.0773162841796875 -0.0531845092773438 -0.0240840911865234 -0.0309391021728516
-0.0899200439453125 -0.0553436279296875 -0.0139532089233399 -0.00758838653564453
-0.09515380859375 -0.0388946533203125 -0.0115289688110352 0.0151386260986328
-0.0651702880859375 -0.0618476867675781 -0.0165309906005859 0.0317630767822266
-0.0283584594726563 -0.0977325439453125 -0.0389747619628906 0.028533935546875
0.0386428833007812 -0.110610961914063 -0.0702095031738281 0.00943756103515625
0.142196655273438 -0.046234130859375 -0.0583419799804687 -0.0324821472167969
0.14788818359375 0.043731689453125 -0.0410728454589844 -0.0507354736328125
0.130897521972656 0.134780883789063 -0.0227832794189453 -0.00293159484863281
0.0568084716796875 0.155136108398438 0.0856781005859375 0.0433120727539063
0.0843429565429688 0.129295349121094 0.0455322265625 0.0886383056640625
0.157791137695313 0.0476531982421875 0.0719451904296875 0.0831298828125
0.12225341796875 -0.0436172485351562 0.0998077392578125 0.0322189331054688
0.0543441772460938 -0.10455322265625 0.0832061767578125 -0.0197830200195313
-0.030029296875 -0.0941009521484375 0.0343647003173828 -0.0317764282226563
-0.0740966796875 -0.05828857421875 0.0118808746337891 -0.01397705078125
-0.0877151489257813 -0.0588607788085937 0.0189189910888672 0.00299644470214843
-0.0965423583984375 -0.0433120727539063 0.0213260650634766 0.0249671936035156
-0.0657844543457031 -0.0646400451660156 0.0101890563964844 0.0490608215332031
-0.0263519287109375 -0.0995025634765625 -0.021820068359375 0.0466995239257812
0.0427398681640625 -0.103988647460938 -0.0593795776367188 0.0255699157714844
0.137168884277344 -0.032562255859375 -0.0545654296875 -0.019775390625
0.129066467285156 0.0556793212890625 -0.0195121765136719 -0.04119873046875
0.098358154296875 0.131141662597656 0.00503158569335938 0.0378189086914063
0.0129928588867187 0.117149353027344 0.0976409912109375 0.092498779296875
0.0395965576171875 0.112808227539063 0.0556869506835938 0.108505249023437
0.11395263671875 0.0621414184570313 0.054779052734375 0.0914764404296875
0.102386474609375 -0.017181396484375 0.0811004638671875 0.0555801391601562
0.0541610717773438 -0.0791244506835938 0.0766448974609375 0.0147171020507812
-0.0204696655273437 -0.0815200805664063 0.0513153076171875 0.000488281249999995
-0.0599288940429688 -0.0524826049804687 0.0435066223144531 0.00244140625
-0.0732803344726562 -0.0540390014648438 0.0477790832519531 0.0125083923339844
-0.0842971801757812 -0.0422286987304687 0.0515861511230469 0.0340995788574219
-0.0562095642089844 -0.0613174438476562 0.0333061218261719 0.0653457641601563
-0.0179672241210937 -0.090240478515625 -0.00940322875976562 0.0643196105957031
0.045166015625 -0.086883544921875 -0.0509262084960938 0.041229248046875
0.120826721191406 -0.0131988525390625 -0.0522193908691406 -0.00906372070312499
0.0967636108398437 0.066253662109375 -0.00238418579101562 -0.0318832397460938
0.0530929565429688 0.113616943359375 0.0249557495117188 0.074188232421875
-0.0274658203125 0.0608596801757813 0.106437683105469 0.119735717773437
-0.00264739990234376 0.073516845703125 0.0683670043945313 0.114616394042969
0.058349609375 0.0539093017578125 0.0472183227539063 0.0899581909179687
0.0644798278808594 0.00200271606445313 0.067230224609375 0.0651969909667969
0.0385894775390625 -0.04541015625 0.0692138671875 0.0341377258300781
-0.0130386352539063 -0.0562400817871094 0.0645675659179688 0.0207672119140625
-0.0407485961914063 -0.035980224609375 0.0678062438964844 0.0104026794433594
-0.0508003234863281 -0.0387382507324219 0.0716171264648438 0.0167922973632812
-0.0619277954101563 -0.0331764221191406 0.0786972045898438 0.0407638549804688
-0.0419998168945313 -0.0495834350585938 0.054595947265625 0.0794754028320313
-0.00806427001953125 -0.0716476440429688 0.000556945800781252 0.082855224609375
0.0436859130859375 -0.0598602294921875 -0.0476951599121094 0.0536766052246094
0.09185791015625 0.0100173950195313 -0.0533599853515625 -0.00189971923828125
0.0544853210449219 0.0692634582519531 0.00874137878417969 -0.0198478698730469
0.000221252441406244 0.0825347900390625 0.0322036743164063 0.105751037597656
0.0498733520507813 -0.0250129699707031 -0.0464324951171875 -0.123603820800781
-0.00582504272460938 -0.0497779846191406 -0.0273075103759766 0.00568008422851562
-0.0436782836914063 -0.0229301452636719 0.0640869140625 0.00943756103515625
-0.0342750549316406 0.0211162567138672 0.075042724609375 -0.0626296997070312
-0.00571823120117187 0.040618896484375 0.0187454223632813 -0.107620239257813
0.0211906433105469 0.0275325775146484 -0.0565719604492187 -0.109687805175781
0.0190086364746094 0.0168323516845703 -0.1007080078125 -0.0550994873046875
0.0122470855712891 0.0200309753417969 -0.0928192138671875 -0.027069091796875
0.0116462707519531 0.0186367034912109 -0.0825881958007812 -0.01776123046875
-0.0025167465209961 0.0147104263305664 -0.0777359008789063 -0.0350341796875
-0.0189380645751953 0.00403976440429688 -0.0753097534179688 -0.0436553955078125
-0.0258865356445313 -0.0216293334960937 -0.0674057006835938 -0.065093994140625
0.0151214599609375 -0.0428886413574219 -0.0393295288085937 -0.0989532470703125
0.0526199340820313 -0.0310554504394531 -0.0719680786132813 -0.112030029296875
0.0694046020507813 -0.00489425659179688 -0.1058349609375 -0.141250610351563
0.0904006958007813 0.03375244140625 -0.0280838012695312 -0.126480102539062
0.0460968017578125 -0.017852783203125 -0.0226078033447266 0.00546646118164062
0.0151195526123047 -0.0333995819091797 0.0737533569335938 0.0158767700195312
-0.00452899932861328 -0.0143642425537109 0.0899734497070313 -0.0625228881835938
-0.00687980651855469 -0.00229024887084961 0.0322799682617188 -0.116012573242188
-0.00195193290710449 -0.000771045684814453 -0.0521087646484375 -0.117019653320313
-0.0156011581420898 -0.00109672546386719 -0.100242614746094 -0.0594024658203125
-0.0226726531982422 -0.00297164916992188 -0.0906600952148438 -0.0284194946289063
-0.0210609436035156 -0.00289535522460937 -0.0828628540039063 -0.0147476196289062
-0.0165929794311523 -0.0167779922485352 -0.0764999389648438 -0.0270309448242187
-0.00946807861328125 -0.0333118438720703 -0.074432373046875 -0.0347900390625
0.0105628967285156 -0.0491905212402344 -0.0741195678710938 -0.0542984008789062
0.0693435668945312 -0.0314903259277344 -0.0457382202148437 -0.0863494873046875
0.0937042236328125 0.008087158203125 -0.0757827758789063 -0.0979461669921875
0.105438232421875 0.0580596923828125 -0.0977935791015625 -0.123672485351563
0.11419677734375 0.0944671630859375 0.0010223388671875 -0.108497619628906
0.0915374755859375 0.0289382934570313 -0.00998115539550781 0.0159025192260742
0.0828018188476563 -0.031494140625 0.08331298828125 0.02899169921875
0.0374641418457031 -0.0469398498535156 0.106857299804688 -0.051666259765625
0.00250625610351563 -0.0506210327148437 0.0522537231445313 -0.113739013671875
-0.022125244140625 -0.0351791381835937 -0.0371017456054687 -0.114433288574219
-0.046295166015625 -0.0211296081542969 -0.0854873657226563 -0.0578155517578125
-0.0555572509765625 -0.0261650085449219 -0.0748977661132813 -0.025146484375
-0.05462646484375 -0.0205459594726562 -0.0690650939941406 -0.00632476806640625
-0.0348396301269531 -0.0407791137695312 -0.0655632019042969 -0.00978469848632814
-0.0112342834472656 -0.0662345886230469 -0.0706634521484375 -0.0159378051757812
0.031707763671875 -0.0795669555664063 -0.0814666748046875 -0.0357131958007813
0.11212158203125 -0.0358352661132812 -0.0558052062988281 -0.0701217651367188
0.129829406738281 0.0300216674804687 -0.0742111206054687 -0.080810546875
0.133705139160156 0.103317260742187 -0.0820846557617188 -0.0902786254882812
0.124298095703125 0.140792846679688 0.0304412841796875 -0.0723724365234375
0.123428344726563 0.0751800537109375 0.0108261108398438 0.0360984802246094
0.143829345703125 -0.0201263427734375 0.0916900634765625 0.0448074340820313
0.081573486328125 -0.071990966796875 0.117172241210938 -0.0347061157226563
0.0163726806640625 -0.094940185546875 0.06787109375 -0.0996856689453125
-0.0383415222167969 -0.0677680969238281 -0.0204315185546875 -0.0996551513671875
-0.0728302001953125 -0.0382003784179688 -0.062713623046875 -0.0452537536621094
-0.08441162109375 -0.0407028198242188 -0.049896240234375 -0.0153045654296875
-0.084625244140625 -0.0288238525390625 -0.0447540283203125 0.00770187377929688
-0.0570487976074219 -0.0544891357421875 -0.0456619262695313 0.0146827697753906
-0.0256881713867187 -0.0900802612304688 -0.0592536926269531 0.0100364685058594
0.0338287353515625 -0.107772827148438 -0.0829391479492188 -0.0079803466796875
0.137809753417969 -0.0534210205078125 -0.0645980834960937 -0.0494575500488281
0.155105590820312 0.032501220703125 -0.0659408569335938 -0.0637741088867187
0.152587890625 0.125747680664063 -0.0580215454101562 -0.0459060668945312
0.10040283203125 0.168930053710938 0.0639114379882813 -0.0153694152832031
0.119606018066406 0.118797302246094 0.030517578125 0.0643386840820313
0.175704956054687 0.015106201171875 0.0865554809570313 0.0692214965820312
0.118980407714844 -0.0677719116210938 0.117881774902344 0.001312255859375
0.0404510498046875 -0.115432739257813 0.0843353271484375 -0.062530517578125
-0.0381546020507812 -0.0918045043945312 0.01165771484375 -0.0701828002929688
-0.081207275390625 -0.0548629760742188 -0.0240306854248047 -0.0329856872558594
-0.0948715209960937 -0.0553436279296875 -0.0150470733642578 -0.00656509399414063
-0.0994644165039063 -0.0388946533203125 -0.0122308731079102 0.0166187286376953
-0.0678520202636718 -0.0639572143554688 -0.0175971984863281 0.0326957702636719
-0.0300064086914062 -0.101608276367188 -0.0422286987304688 0.0301246643066406
0.039154052734375 -0.115135192871094 -0.073760986328125 0.0111541748046875
0.14776611328125 -0.0502777099609375 -0.0615730285644531 -0.0347938537597656
0.15435791015625 0.0435638427734375 -0.0433273315429687 -0.0532875061035156
0.137428283691406 0.139335632324219 -0.0231666564941406 -0.00268363952636718
0.0616607666015625 0.162109375 0.088623046875 0.0450897216796875
0.0884857177734375 0.133995056152344 0.0470962524414063 0.0941085815429688
0.1640625 0.04693603515625 0.0735092163085938 0.0875930786132813
0.127906799316406 -0.0460052490234375 0.1041259765625 0.0345077514648437
0.0550003051757812 -0.110023498535156 0.0877304077148438 -0.0210113525390625
-0.032623291015625 -0.0974273681640625 0.0365943908691406 -0.0346260070800781
-0.0778427124023437 -0.0595321655273437 0.0123014450073242 -0.0151605606079102
-0.0924453735351562 -0.0591506958007813 0.0188102722167969 0.00281524658203125
-0.100639343261719 -0.0426712036132813 0.0229949951171875 0.0264644622802734
-0.0685882568359375 -0.0666007995605469 0.0108566284179688 0.0510826110839844
-0.0290603637695313 -0.102127075195313 -0.0238494873046875 0.0500831604003906
0.0433731079101563 -0.108169555664063 -0.0628509521484375 0.02783203125
0.142105102539063 -0.03582763671875 -0.0574531555175781 -0.021575927734375
0.134475708007812 0.0569992065429687 -0.02105712890625 -0.0445175170898438
0.104141235351563 0.135887145996094 0.005950927734375 0.0391731262207031
0.0153961181640625 0.122169494628906 0.101829528808594 0.096405029296875
0.0415267944335938 0.1170654296875 0.0582656860351563 0.114120483398438
0.119178771972656 0.0626602172851563 0.0571441650390625 0.0965042114257813
0.106819152832031 -0.0180511474609375 0.0845565795898438 0.0586700439453125
0.0552139282226563 -0.0837249755859375 0.0804977416992188 0.0146865844726562
-0.0224075317382813 -0.08477783203125 0.0552215576171875 -0.00043869018554688
-0.0636634826660156 -0.0533409118652344 0.0458450317382813 0.00133895874023437
-0.0774993896484375 -0.0542831420898438 0.04986572265625 0.0117530822753906
-0.087493896484375 -0.0416946411132812 0.0543899536132812 0.0353927612304688
-0.0591888427734375 -0.0631065368652344 0.0354957580566406 0.0679168701171875
-0.0200653076171875 -0.0931549072265625 -0.00983810424804688 0.0680885314941406
0.0455474853515625 -0.0905303955078125 -0.053558349609375 0.0440635681152344
0.125495910644531 -0.0151214599609375 -0.0551948547363281 -0.010650634765625
0.10235595703125 0.0670166015625 -0.00306320190429687 -0.0337619781494141
0.0565719604492187 0.117866516113281 0.0267715454101563 0.077728271484375
-0.0277252197265625 0.0629348754882813 0.111190795898438 0.124374389648438
-0.00246429443359374 0.0764312744140625 0.0711746215820313 0.119041442871094
0.0610694885253906 0.0543098449707031 0.0482635498046875 0.0952682495117188
0.0667152404785156 0.0013885498046875 0.06988525390625 0.0686378479003906
0.0401039123535156 -0.04827880859375 0.0734710693359375 0.0349197387695313
-0.01483154296875 -0.0574378967285156 0.0687637329101563 0.0200424194335938
-0.0421218872070313 -0.0366172790527344 0.0713958740234375 0.0099639892578125
-0.0536613464355469 -0.0384635925292969 0.0742721557617188 0.0164642333984375
-0.0649757385253906 -0.0325355529785156 0.0814666748046875 0.04058837890625
-0.0437507629394531 -0.0516471862792969 0.0574264526367188 0.08209228515625
-0.0098876953125 -0.0742034912109375 0.000427246093749996 0.0873641967773438
0.0455131530761719 -0.062530517578125 -0.05047607421875 0.0561981201171875
0.095672607421875 0.0083465576171875 -0.0572052001953125 -0.003082275390625
0.0574188232421875 0.0713577270507813 0.00793838500976563 -0.0220508575439453
0.00121307373046875 0.0861892700195312 0.0344009399414063 0.109878540039063
-0.0412787787336937 -0.0145769021663903 0.081040964631925 -0.103216651227782
-0.0349118834329093 0.0358755258777808 -0.0117533569435211 -0.0170102591444548
0.000921099406795248 0.0523239867947747 0.0357355839236883 0.0612123317356353
0.0373399543828466 0.0216012477509512 0.0963610277213594 0.0267054574758516
0.0343840508518921 -0.0156174232525618 0.108152796218301 -0.0453567051946934
0.0123067758597476 -0.0213283060779218 0.0707228001612285 -0.101199613975452
0.0114261106037624 -0.0223427162800865 0.0126282529091509 -0.119003409726602
0.0133383361270534 -0.0211079645133686 -0.0217819127499334 -0.104746169113231
0.0147139917771101 -0.0181988546438131 -0.0205660736189901 -0.0878249832920687
0.0183740071280186 -0.00647433111197883 -0.00913534260436615 -0.0884347494993826
0.0198234188670341 0.0140030491298641 0.00487537614789095 -0.0974197081914053
0.00122687133391434 0.0402611930984269 0.0342010728116857 -0.0973836824980295
-0.0404106369241464 0.0284211772909579 0.0653866102830741 -0.0844063692856554
-0.0524698084635788 -0.0151421189168735 0.0606610231812738 -0.113249061957032
-0.0325498872172294 -0.0469104192478698 0.0423337687964017 -0.167863382971119
-0.0145937547210431 -0.0791356274323869 0.083009743442584 -0.0879684718270229
-0.042637977260037 -0.0288140748391557 -0.0212859377089166 -0.00798735925596146
-0.0458713356977047 0.00814369471122252 0.0303591833901043 0.0892095274235693
-0.01644817302839 0.0208544772975868 0.108964079069679 0.0539943537614603
0.00170270042573985 0.0190617298733214 0.131341483964205 -0.036458129205832
0.00461149148434 0.0155595883202585 0.0852546086580371 -0.102710566035134
0.0135726923179879 0.0188030306307617 0.0235845982264055 -0.120460361993214
0.0196018069814327 0.0201956069281889 -0.015925735795786 -0.105675596906629
0.0157658273508169 0.0242185217217878 -0.0188581882630979 -0.0876131544899967
0.00190298976736436 0.0245240914338057 -0.0102311680542469 -0.0810033198608297
-0.0152493849378212 0.0330337893635024 -0.000321154589340413 -0.0879910925222632
-0.0459551904176725 0.0247538475366761 0.0191121280019598 -0.0909516109005626
-0.071096191490224 -0.0179325351617049 0.0469330398210565 -0.0804612242050624
-0.045982885279097 -0.0718359845413646 0.0396923023596076 -0.112132788172696
-0.000905453522673032 -0.107923718350312 0.0282681903306703 -0.157188341058168
0.0197819129844445 -0.133397059986116 0.0727999072363633 -0.0551582789925962
-0.0344689177001277 -0.0977126674455597 -0.038882939046274 0.0101462469371169
-0.0859504419800008 -0.0522390851449872 0.0138158334266359 0.120584112258115
-0.0777138455142616 0.00640181453089201 0.10991260917407 0.0902146103950489
-0.0436453400814642 0.0484849818436583 0.147146406888019 -0.0131858925481394
-0.0119538865264394 0.0527174448147965 0.0963129175579456 -0.0880846997034998
0.0107423913968507 0.0577186599605944 0.0330033215841621 -0.105986086769442
0.0228673309637515 0.059494932578775 -0.00781792001875006 -0.0903950624578413
0.0190562666763932 0.0625662853890971 -0.0179046615257018 -0.0717896724697449
-0.00653777430892418 0.0550072890009342 -0.0162483585266678 -0.0616519391091786
-0.0396798181876734 0.0562039488214015 -0.0128979942109579 -0.0718993281334859
-0.0857749732940113 0.0239284672586761 -0.00301865431632793 -0.0816292377701572
-0.105320643670001 -0.0450305437709563 0.0250307983829847 -0.0764226526109096
-0.051104115860259 -0.113948432903016 0.0206410128227329 -0.103033563553476
0.0203780524458071 -0.154539234396572 0.00796072202466043 -0.12885155843062
0.0479584397981406 -0.170653210923859 0.0510378699029211 -0.0104116243658338
-0.0190020703210448 -0.156826647069215 -0.0601609760139163 0.0395817723120458
-0.114998707156557 -0.112854205052565 -0.00616844172970006 0.151523987770968
-0.133716950435427 -0.0160100499535716 0.101016580868188 0.12361713242054
-0.0890590412043447 0.0705279864865911 0.15020385157653 0.0133458296968104
-0.0288444527261038 0.0843009796936334 0.0962277333922811 -0.0643836385564608
0.00798117396801149 0.0900493530233737 0.0354778473443836 -0.0789834246031489
0.0290016325626568 0.0897158291074878 -0.00283461072334114 -0.0628879063560227
0.0284387279645224 0.0927936594744042 -0.0170535821966887 -0.044287478848043
-0.00375870773405238 0.0806038492580849 -0.0237619171395141 -0.0322648790250841
-0.0473665588742215 0.0823230863618569 -0.028987227736471 -0.0465931156516531
-0.112198927937658 0.0378712224347292 -0.0274349318027121 -0.0658514670628415
-0.134910859374655 -0.051029889518868 0.00176730660050926 -0.0695666745395186
-0.0652393325436699 -0.136375839525574 0.00566621566008693 -0.0870691906549917
0.0267298905533695 -0.183195843637499 -0.0147012125167687 -0.0856497575100731
0.0794678050381904 -0.171948570322294 0.0183105385139441 0.0470328169727114
0.0179756251692354 -0.184718109723672 -0.0844540510431492 0.0653687356097567
-0.103345540071556 -0.164261282573533 -0.0458922608718989 0.161711246894867
-0.156739815260477 -0.0555524800112985 0.0605876912345933 0.151826009329945
-0.124963309920728 0.0636773569037063 0.12627573726673 0.0553439298597772
-0.0510288936324204 0.0963980985608709 0.0863839274713992 -0.0203315528273502
-0.00499196189021384 0.105930018056079 0.039439231979456 -0.0370465607756949
0.0221977655446566 0.107149291734881 0.00800440912143009 -0.0246747515762527
0.026581993270452 0.110574559528148 -0.00945957690057057 -0.00948550219792694
-0.00636580805239544 0.0949501199356678 -0.0242213534852324 0.00102757616277519
-0.0537559039392214 0.0926641195764044 -0.0379780995923445 -0.0183236493600736
-0.122906053583748 0.0372950411054952 -0.0415435099912214 -0.0456338488257414
-0.139988423429332 -0.0603089763176598 -0.0105510563318208 -0.0585257637940006
-0.0569133950974034 -0.143252552471637 0.00793912029085768 -0.0638800033613879
0.0431212081779134 -0.179722950244403 -0.0265215312789531 -0.0341480346066311
0.090291488074525 -0.14273010849349 -0.0168490040296863 0.0983693028762835
0.0495104579347047 -0.170459594364897 -0.101853771361139 0.0884679426374503
-0.0681338714210441 -0.175896161289578 -0.077564750992628 0.152827452714784
-0.143064349991686 -0.0827757715379636 0.0156547356859283 0.156322795938646
-0.13297520240456 0.044427904168614 0.0868890002175655 0.0832387695356198
-0.0608202263292989 0.0916328873811727 0.0654653158100699 0.0214020618671093
-0.0133749590484589 0.104383321601135 0.0361251443279507 0.00762933318046903
0.0159421028045661 0.108185619792848 0.0159870548145503 0.0143212372816523
0.0219265587370781 0.112366314280339 -0.00313083881453471 0.0277460483556427
-0.00944260558475524 0.0966779935529819 -0.0253037898016917 0.0345693059711693
-0.0563896529314092 0.0910089462690856 -0.0478751908612261 0.00953667313054446
-0.119941111954402 0.0280499984579109 -0.0536706805272597 -0.0278639523345062
-0.12572514112565 -0.068308151372658 -0.0203366966654674 -0.0494084823078548
-0.0367990000886198 -0.136667253618236 0.0122147091815436 -0.0416026945051537
0.0560669317323387 -0.153379595628649 -0.0388095143054996 0.0144019195582093
0.0803645115552872 -0.089022528370684 -0.0460347943680481 0.136572934036408
0.0631372624998554 -0.121075947281877 -0.107337862502455 0.103722318332898
-0.0263054561742169 -0.14711383684149 -0.0933879385716843 0.129111250946949
-0.102421690521519 -0.0864520911632732 -0.0213945443625899 0.141110772649382
-0.112706388573488 0.0209780715975707 0.0444524540393424 0.0970413611428229
-0.0585198944012814 0.0718397750984618 0.0405082705576483 0.0540023465964755
-0.0177791539679027 0.0872704421881972 0.0299696320731362 0.0463075813933906
0.00717544527316993 0.0930910058875624 0.0212430428312658 0.0503465988685823
0.0124994696559783 0.0986802580565171 0.00027311574147396 0.0630438644827924
-0.0153536218511532 0.0858020567580848 -0.0293197598816589 0.0656716283103586
-0.0561590428773191 0.0761190487474457 -0.060588462426774 0.0321185115055807
-0.105760199663312 0.0142062027281092 -0.0657265231836463 -0.0130812167002143
-0.099253340084087 -0.072556725670623 -0.028917949719956 -0.0436506683833857
-0.00947420388491128 -0.118115746007758 0.0146759851820766 -0.023827372966484
0.0639425684095551 -0.108906076307223 -0.0519808702399833 0.0557238862093277
0.0524691133517515 -0.0245661905785895 -0.0537002395047408 0.160044173957151
0.0566492959446073 -0.0576556775726608 -0.0938075323604469 0.11633432042448
0.00274223838046001 -0.0929214854785252 -0.087353244715038 0.107207127294418
-0.0547093667294443 -0.0663093677563863 -0.0386207322415861 0.119887406436433
-0.0741617786655185 0.00366203553246595 0.0154639934414332 0.0994357121838438
-0.0423241606539375 0.0460680989128433 0.0228670365351934 0.0755021388082027
-0.0148806522369464 0.0582066808094487 0.0261531098837852 0.0738827838228107
0.00137840015263887 0.0648328949053844 0.0270602442803542 0.0784073003197999
0.00590117425690584 0.0723168190625177 0.00462169632803937 0.0930120778894683
-0.0166888733764363 0.0656850485289469 -0.0345117643319953 0.09149680741472
-0.0488045553517327 0.0548876522391777 -0.0763139312033251 0.0514357784884679
-0.0807390779131852 -0.00407297167406869 -0.0784707473805451 -0.0072187570349586
-0.0602442878515747 -0.0709506357164808 -0.0373146460914172 -0.0447251374856787
0.0199215681120713 -0.0862267852138746 0.0142102637748159 -0.0107111235575014
0.0658279120558695 -0.0496067282251554 -0.0669003497110032 0.0844904246721789
-0.0420792730474484 -0.0130179946062205 0.077377656862362 -0.110119252248581
-0.0340780036979966 0.0377011447027216 -0.0142091289799896 -0.0164053341723001
0.0040086326181534 0.054064164595178 0.0383651817318861 0.0621500238501802
0.0397428002078862 0.0202237714872474 0.100389733643679 0.0237475339830882
0.0343377548371991 -0.0186627805150791 0.109295897321523 -0.052130694206599
0.0108727930070786 -0.022228755124251 0.0672388480762594 -0.108333636366853
0.0106729910358221 -0.0229123012230361 0.00646295514452894 -0.121868019182667
0.0127691766799648 -0.0227189504024327 -0.0290058132363397 -0.104987029088779
0.0144862212130353 -0.0187471919948781 -0.0272186445343237 -0.0895605809354509
0.01840567103638 -0.0068416141087162 -0.0139329440353888 -0.0916680512786034
0.0203055958862438 0.0141711853880619 -0.000536488977358606 -0.100567503096981
0.00335494611140694 0.0403845055595697 0.0308275669003568 -0.102230925956793
-0.0402257618915857 0.0322839858522735 0.0654625407320132 -0.0899421210091808
-0.0537893508989769 -0.0129710760167839 0.0581810681230183 -0.117222220263962
-0.0357129549929935 -0.0466274365912553 0.036677011311777 -0.173532809254949
-0.0195000238993401 -0.0812591707777888 0.0800343603323402 -0.0937717043444239
-0.0455079462286299 -0.0269986102162239 -0.0232641180651242 -0.00602677286612528
-0.0461875299271537 0.010856691438463 0.0344086187923961 0.090814266198924
-0.0158613549289354 0.0222124171684123 0.114911910041591 0.0511197006611893
0.00173943410174438 0.0186401527984172 0.13344928894185 -0.0437950708675367
0.00460828190369723 0.0161868230275827 0.0830839176903244 -0.110462602953539
0.0149569279515274 0.0184743230709143 0.0172524358681282 -0.124578880898652
0.0213443969190967 0.0196149988745544 -0.0233537609513131 -0.106374753561328
0.0177800533749505 0.0246870153104081 -0.0250225549113604 -0.0893399748041392
0.0034232117570347 0.0252584605855569 -0.0162019815830977 -0.0841552389434783
-0.0145611199866201 0.0346415759984261 -0.00518920135901879 -0.0917507464862458
-0.0455166600605785 0.0272027167659113 0.0153605317407154 -0.0945636509372287
-0.0742507989306296 -0.014343796120129 0.0464999567857875 -0.0846862213766176
-0.0500464198965441 -0.0718358337109288 0.0363104005912113 -0.115808379352678
-0.00618933623006277 -0.111278248646705 0.0226548950117549 -0.162748825705426
0.012983676559692 -0.138110800144106 0.0719386322690729 -0.059608447601184
-0.0400977177489702 -0.0984570784525313 -0.0405145650077971 0.0134778475416839
-0.0910161147172727 -0.0486421023290168 0.0189801108161891 0.124387722187849
-0.0803671002533218 0.00934998380766944 0.117148555489849 0.0889011947443299
-0.0420894682684351 0.051558733635791 0.151338954566964 -0.0210916348166641
-0.0101731759380895 0.0547493045858105 0.0947641325015591 -0.0956459653091773
0.0140397091100275 0.0585507358170853 0.028332030124719 -0.110440614130361
0.0270448392782594 0.0600181288470618 -0.0140863550840798 -0.0915672286186974
0.0234409756106652 0.0638779970254625 -0.0227868826942004 -0.0730103573170483
-0.00419984404666975 0.0570225190677275 -0.0211587482157598 -0.0636801659555657
-0.037633610992679 0.0601817576271562 -0.0173961245895232 -0.0741072456507844
-0.0869214805011694 0.0291736768696489 -0.00718855526183883 -0.0845389986992215
-0.110716508627787 -0.0403557007921215 0.0241841064936181 -0.0802665208583201
-0.0575150616002745 -0.114640219380624 0.0165274869068645 -0.106422610686193
0.013717043589939 -0.160490259746933 0.00288312777043334 -0.132649083266027
0.0404413790374779 -0.178079414831732 0.0509159900131219 -0.0128239452681226
-0.0273997055910717 -0.159991050819927 -0.0611538298311271 0.0447998639567011
-0.123756597333616 -0.108510750619245 -0.000693677225239592 0.156854575644028
-0.13883957259154 -0.0103784383234279 0.109129225066062 0.124302440128796
-0.087713740867405 0.0763311879385443 0.155639585179651 0.00499245008111729
-0.0260198489825177 0.0883008154621732 0.0950215032737028 -0.0714448338892165
0.013249963465737 0.0917075648192132 0.0321345419479685 -0.0832400544078615
0.0358355696612037 0.0907069046825885 -0.0072660492282544 -0.0637897954247731
0.034893350696824 0.0943711516006725 -0.0207099018414614 -0.0446002755078026
-0.000395672704005925 0.0832688303973593 -0.0268707287722173 -0.0328137994807308
-0.0446059570093806 0.0870958316622294 -0.0339320995064808 -0.0481364284301417
-0.113566259827894 0.0446178469264782 -0.032491479459743 -0.0665535322415809
-0.141826056457258 -0.0443264020918856 0.000238029958235519 -0.0736344381695736
-0.0733169742080375 -0.136653887777861 0.00275273180422619 -0.0891348160578575
0.0184951453547069 -0.189572097951531 -0.0187702703789036 -0.0869550828429399
0.0724492675705276 -0.180667580686773 0.0205272349463792 0.0478456703915141
0.00982529216954955 -0.190044564208035 -0.0846366626353805 0.0725828251446614
-0.114728372709399 -0.161723622566619 -0.0407783001585661 0.169978234670504
-0.164142323832232 -0.0500387379935793 0.0682593567119869 0.154749278067881
-0.124863576053015 0.0721026113800795 0.133370599978245 0.0502558265110786
-0.0477338628473456 0.101983600108372 0.0885579943883083 -0.0252774142448944
0.000645401872214176 0.108755773948122 0.039167465192544 -0.0395874354779779
0.0305838152826123 0.108892407714729 0.00696850382973735 -0.0265771433315688
0.0342455050679161 0.111505853500766 -0.0109991420859257 -0.00890248220998786
-0.00249076594486791 0.0971442402285501 -0.0253280766416639 0.00160473192023698
-0.0502624455174123 0.0977721465737791 -0.0417750726607785 -0.0176738903274318
-0.124565792091471 0.0444302623741573 -0.0455619552120373 -0.0450912544075739
-0.147195602772664 -0.0543278117525658 -0.0127566614398309 -0.0609485678554661
-0.0651377508442202 -0.144855215841542 0.00520271420476713 -0.0660289267682787
0.0351003913542965 -0.187685153178823 -0.0289525666156303 -0.03344087220672
0.08553307175665 -0.151146915309291 -0.0137363854451355 0.101973154604293
0.0421728450377468 -0.176606934729706 -0.101605478398337 0.0959768408978004
-0.0790768387265009 -0.175575557906527 -0.0737496010193186 0.160971744585028
-0.151568942902947 -0.0787960223762516 0.0223501247591265 0.160733632055974
-0.134190640168313 0.0531142191424238 0.0944354426213295 0.0816578967941816
-0.0583969595533326 0.0971951441547566 0.0687501672466601 0.0186798414373433
-0.00818142560325011 0.107848268658349 0.0381349225310379 0.00583985837487869
0.0228315485918318 0.110121463801903 0.0168744281235675 0.0133053247989464
0.0292114727245201 0.113513079813757 -0.00237068196343394 0.0282017483278311
-0.00544347858869271 0.0993481230672072 -0.024551428779159 0.0367313163224545
-0.0527712912645539 0.0961990324568899 -0.0505959592581898 0.0109215620012037
-0.121088920503354 0.0346375403011395 -0.0573172604401688 -0.0259216362659705
-0.132938434859522 -0.0630042344302517 -0.0225994545587067 -0.0514657257728387
-0.044330255435928 -0.138599149670826 0.0102254087186752 -0.0446866204035042
0.0496437072404118 -0.160784055534528 -0.0388781991602487 0.0169213004113888
0.0778803481886362 -0.0957665175941491 -0.0412368031014553 0.142516620508269
0.0599193813192511 -0.127733350403159 -0.106910811424147 0.111292118464052
-0.0344413244822914 -0.149297336488541 -0.0915391897341868 0.136284226269058
-0.109251966148376 -0.0843504693506835 -0.0174107089788696 0.146674897469016
-0.114331902021937 0.0278370731658715 0.0506122072346643 0.0978088212325583
-0.0558274665549152 0.0773177640316761 0.0449227263593473 0.0540400293863836
-0.0134695817241008 0.0902250457066541 0.033779998193039 0.045778522006881
0.0133820661548964 0.0951600114560794 0.0249303253938313 0.0497452618255336
0.0191892606583249 0.100232518651535 0.00404703497612067 0.0644139343649765
-0.0110621442776734 0.0892808378460821 -0.0268546448048259 0.0685027502707303
-0.0538844965131882 0.0809920486846493 -0.0614855966996306 0.0358943682144974
-0.108081866541554 0.0192497982648816 -0.0688894341953815 -0.0108535377817223
-0.105893557623657 -0.0691326146519971 -0.0319110133366319 -0.0451549030351092
-0.016309253451421 -0.120314224067238 0.0137458958306114 -0.026333329632427
0.0607292489361052 -0.115032928365178 -0.0510290383632944 0.0606040488525461
0.05215637593781 -0.0270708413738545 -0.0477901813094512 0.166355324235831
0.0554956006683399 -0.062127843612673 -0.0921747980718666 0.123442006027037
-0.00169248080476243 -0.0944760302463888 -0.0867145522131167 0.113564932931617
-0.0600112141446286 -0.0658383607684019 -0.0351868081948156 0.125853262406942
-0.0764911268571408 0.00832659455084146 0.0213876191315097 0.101951323962748
-0.0411523212760628 0.0491754751058328 0.0284094565923053 0.0763481415890748
-0.0122944075724157 0.0609202844625476 0.0316783202913492 0.074525236190936
0.00583988548974336 0.0667131622510117 0.0317294719172488 0.0776026376107154
0.00972280052010606 0.0733473143524067 0.010350235800797 0.095099520051458
-0.0134516209853075 0.0679194636570961 -0.030065583638898 0.0951699079831842
-0.0465046129556168 0.0579764344376679 -0.0767693781918144 0.0558490334424319
-0.0831378352661225 -0.000864628022220381 -0.081514694747151 -0.00513503186045784
-0.0657169545294635 -0.0684316194392588 -0.0394092743043815 -0.0461981159798006
0.0157998318935279 -0.0886724755575599 0.0137223858757821 -0.0129817160301575
0.0650612292593147 -0.0543866215417674 -0.0648530786255314 0.0909647189056744
-0.0433979328092482 -0.0109039517742171 0.0726057404878949 -0.114023820703213
-0.0325047691141786 0.0400127261631753 -0.0158086818172478 -0.0150710564222952
0.0069633024601614 0.053874659464145 0.0413808937987286 0.0621848307651924
0.0401359630065084 0.0185222377175559 0.102524708508693 0.0205618359016485
0.0321039520007784 -0.021141937786927 0.107692936905021 -0.0575570450744442
0.00977699493679661 -0.0228304346125126 0.0626745535046521 -0.11302150858741
0.00971899084570105 -0.0231920151864572 -0.000387667462793272 -0.122096148646149
0.0114955636950319 -0.0238547284551285 -0.0354908091384024 -0.10282514827799
0.0137107315261537 -0.0195959771624514 -0.0324775277609729 -0.0889115337246431
0.0181927499693693 -0.00730104426890393 -0.0202046642716621 -0.0922091794043999
0.0213422764305295 0.013150163851948 -0.00588327363292505 -0.102264325493373
0.00512759532060986 0.040522545015754 0.0269905378831947 -0.103933230639544
-0.038681924653538 0.0342618370737249 0.0639243079601827 -0.0932476068929603
-0.053691662387201 -0.0104565100952195 0.0541414586342977 -0.117942509201539
-0.0381405294749389 -0.0449014589842827 0.0300527737118748 -0.175637908379489
-0.0229686173461868 -0.0805414984664729 0.0758443906447798 -0.097502100518297
-0.0466055282237801 -0.0257438876083532 -0.0247258642653778 -0.00423459910988337
-0.0460171092886973 0.0137340367753912 0.0384726217849755 0.0908463674991296
-0.0155152664899626 0.0229015993646431 0.117624872462947 0.0471439207812222
0.0025674036421549 0.0182323875541709 0.133165221462057 -0.050862121460469
0.00518123143785165 0.0159746272769395 0.0774786834335227 -0.115539478462926
0.0156907108837027 0.0179169893125012 0.0102863934325583 -0.12541074143751
0.0229850141583424 0.0182603557255183 -0.0294979879015098 -0.104722826208579
0.0190127717576675 0.0236958461822513 -0.0302959471141591 -0.0882349885620094
0.00414861367343027 0.0257895588928402 -0.0212083969938789 -0.0844439165793992
-0.0127734995651684 0.0360035139035869 -0.0104291665948393 -0.0928970830890691
-0.0444989926363325 0.0289924612857484 0.0111017399938891 -0.0957518991830256
-0.0754152895951753 -0.0101688154583854 0.0449355911651343 -0.0880398752813519
-0.0531184502453758 -0.0696223447188182 0.0321941051700473 -0.11636983426507
-0.0113188701153027 -0.111876073515867 0.0164522519194795 -0.16425579024536
0.00673060702510978 -0.139839315337479 0.0688208936824938 -0.0629847161432931
-0.0447671194617611 -0.0971227847909187 -0.0410138224582279 0.0164889337979064
-0.0930197580988938 -0.0436436302067163 0.0241728372432878 0.125620199477323
-0.0798434800152729 0.0129976903938308 0.122053980045304 0.0849154755541685
-0.0405049121203537 0.0535143489987591 0.151693486595883 -0.0289657836109624
-0.0083404475627948 0.0553907447903125 0.0908573367638319 -0.100544454430913
0.0168249650797592 0.0581722273646277 0.0218741706737043 -0.112006696591696
0.0311704716571495 0.0588850733535013 -0.0202552823286375 -0.090697569213092
0.0273119282791091 0.0628613214008175 -0.0273797034654866 -0.0723328576835432
-0.00198002292517667 0.0577061373217739 -0.0254344257804417 -0.0641343233535524
-0.0350044850226819 0.0622896813601435 -0.0227074510926854 -0.0751815213093311
-0.0866162365879281 0.0330723098011119 -0.0110528182479569 -0.0843271164101922
-0.113063599122355 -0.0348137528347128 0.0220243998782772 -0.0831394046781145
-0.0627940229168221 -0.11285050337407 0.0127081139246037 -0.106589340330388
0.00609645341608599 -0.162268732843525 -0.00251542218668594 -0.133288429164759
0.0321696031578533 -0.18088329764449 0.0495910946797435 -0.0147524356915349
-0.034231809891813 -0.159448534822397 -0.0602483346273741 0.0483817059554401
-0.129503415914219 -0.102556688052045 0.00495321655560404 0.158592376155116
-0.139454805290723 -0.00515374221001244 0.114976506928055 0.120628694093358
-0.0843298556301398 0.0810541701390059 0.156452696661726 -0.00285551311183681
-0.0223586356813307 0.0903034117256684 0.0928554103801224 -0.0764733600054326
0.0170373922437814 0.091047617744065 0.0273722355509977 -0.0847368562697803
0.0414595950587308 0.0889410674527599 -0.0113228004133977 -0.0634550088129799
0.0406679603021085 0.0925306873983453 -0.023806162074631 -0.04373249943852
0.00332004226753005 0.083550481303936 -0.0293100583909366 -0.032530548152718
-0.0397626315381588 0.0896971957989026 -0.038335776220126 -0.0470876988555594
-0.111581287097353 0.050931647935335 -0.0357503807358337 -0.0658522809854163
-0.144765884757405 -0.0376023994044925 -0.00242085193302308 -0.0749244052344475
-0.0798007377083658 -0.134362614112172 -0.00104239028710984 -0.0898431995133613
0.00973966575990208 -0.191686476186603 -0.0222820225403214 -0.0861423095796888
0.0640489910485236 -0.184897286469789 0.0219215591093134 0.0467281517932269
0.00159286679646752 -0.191168029698219 -0.0827553340920597 0.0766785897028357
-0.122967369105125 -0.156335113602068 -0.0347752482977006 0.172981095190554
-0.167616463396893 -0.0439894095044305 0.0743334015843503 0.153305370198081
-0.121517146734131 0.0786290027967737 0.136824750747338 0.0429859100389415
-0.0432481778674727 0.104949265296182 0.0880837869226769 -0.0294542111412738
0.00589987911764797 0.109562872049167 0.0373756977246903 -0.0418830666543885
0.0368359727807923 0.107509623518547 0.00491581775624367 -0.0271349546795266
0.0406128587741854 0.110114350272074 -0.0120599616990295 -0.00855032768780341
0.00192850893198663 0.0976903134737069 -0.0260273127807967 0.00249975332100816
-0.0449392990978381 0.100770983714654 -0.0442217952052581 -0.0171322307446496
-0.123610630871546 0.0514201542596225 -0.048753636624213 -0.0438219660402931
-0.15009104187368 -0.0470263089740847 -0.0144670270022348 -0.0626870824475587
-0.0720751612699125 -0.142458502664327 0.00208090804641045 -0.0671317556145857
0.0262300482352181 -0.190379408866985 -0.0301928896688671 -0.0317675287401281
0.0784672537544766 -0.156027628804992 -0.00927665052282595 0.102760633444412
0.0353504705928376 -0.179526874215053 -0.0987454389174212 0.100635299448216
-0.0875245818750891 -0.172528187601513 -0.0689781053032065 0.165158301222197
-0.156484302578261 -0.0723009568358598 0.0282176366232035 0.161382902207689
-0.131955061488399 0.0601379402158856 0.0990412650188191 0.0774328156058064
-0.0542008935095448 0.101155488621055 0.0708607164074561 0.0155249023325481
-0.00291226761398688 0.10890713253211 0.0394020560788482 0.00317924895902475
0.0296200344814383 0.10914366986698 0.0175185032831602 0.0126314121295654
0.0362686654805008 0.112531563315366 -0.000884699713343668 0.0286230055909085
-0.000673701842149497 0.0999133243249672 -0.0231989051778221 0.0383223485207339
-0.0477307322900212 0.098836333180443 -0.0517828470497441 0.0126130556956002
-0.121023438402356 0.0407122968428402 -0.0588479436391364 -0.0236857218750254
-0.136818604953017 -0.0563606494670962 -0.0241914759800592 -0.0527831846131252
-0.0511949249522589 -0.13680372562658 0.00835158631740508 -0.0459928480749471
0.0423224489785521 -0.164156635051815 -0.0384232862478266 0.0197454853657673
0.0733898759407494 -0.10040544011788 -0.0364357764785836 0.144835482972099
0.0553911128122847 -0.129955073751008 -0.103303700949178 0.115242543869874
-0.0415648497559861 -0.147912536705075 -0.0879356402207595 0.141061320573881
-0.114509095825771 -0.0801636059189631 -0.0119043222369658 0.148973518843425
-0.113434856630503 0.033991915789479 0.0562116517811047 0.0959829035832787
-0.0522171006562938 0.0799816606871937 0.0480880572670006 0.0527126524613469
-0.00905298264390386 0.0912230523332064 0.0368934003114426 0.0439852308303512
0.0190215994581514 0.095061213254323 0.0271187018678628 0.0478605688882056
0.0251509066216456 0.0997210081516249 0.00741727753588801 0.0643475583078574
-0.00670205999936426 0.0902755201870294 -0.0239537423949666 0.0697819268150454
-0.0492938916079365 0.083480078688446 -0.061961683536622 0.0377806252491454
-0.107961048925106 0.0242936296260942 -0.0700700261907727 -0.00849951078374574
-0.109636098379166 -0.0638549104115324 -0.0337783456314053 -0.0458715757284596
-0.0216332606186538 -0.119624318823948 0.0121643539768022 -0.0282710286059487
0.0555517288796893 -0.118917396165506 -0.0481985242618876 0.0633907948964993
0.0508920965868988 -0.0303409231946756 -0.0426060397245611 0.169079716070096
0.0540069483938757 -0.0648211932601418 -0.08783447836917 0.126279242588637
-0.00671019837640417 -0.0946806550772709 -0.0830643732242744 0.117791303117774
-0.063180368373977 -0.0641404743590617 -0.0312667544308646 0.128241789704326
-0.0756696638935126 0.0129966347728103 0.02719829753208 0.101729268866598
-0.0382950227309446 0.0519936365594292 0.0338730512463108 0.0766865045350967
-0.00875123124116599 0.0617894671091773 0.0372846198532339 0.0727848959859227
0.00950109074020383 0.0662702025445719 0.0364770312914754 0.0752182943377136
0.0142993848787051 0.0729007659212312 0.0153802911404207 0.0941148640393008
-0.0105916852860447 0.0691326084849982 -0.0256205495853363 0.0967843344691
-0.0440316889735521 0.0608482719458014 -0.0750672690076413 0.0600960849299049
-0.0843491381801037 0.00363311391831056 -0.0829149402094962 -0.00170234963151371
-0.069405114119504 -0.0654055555445981 -0.0422979402815198 -0.0458504201299962
0.0108400424233841 -0.0901794085156026 0.0121264183634834 -0.0146644311283767
0.0629643013579449 -0.057377193853312 -0.0606402793785843 0.0951438733299601
-0.0456993201255489 0.00361704553886794 0.0325680752506212 -0.132130103131676
-0.0168988489570202 0.0482436576795587 -0.0213350514842334 -0.0102189260379946
0.0259155719785155 0.0479959961102599 0.0563724837385574 0.0455754818417025
0.0456795475668266 0.00230169093665461 0.102984002516145 -0.0116257540865151
0.0225876505956414 -0.0312790070448462 0.0849067805326904 -0.0872799840804484
0.00236838830897509 -0.0254455054654681 0.0206348725970991 -0.127672004240132
0.00147460838966536 -0.0263104208220463 -0.0433307093161573 -0.112431446255087
0.00246947863008246 -0.0264095228205544 -0.0680874863000677 -0.0813997892069465
0.00626797654997568 -0.0227687313476621 -0.0597077622428219 -0.0726383275977261
0.0143695772221645 -0.0124462289894062 -0.050083275512951 -0.0799822201708071
0.024679845124628 0.00549454045842647 -0.0408843798125115 -0.0941477794629865
0.0179234665543918 0.0359328512461311 -0.00751354832226027 -0.107192116878434
-0.0251808120079045 0.0449804998584827 0.0327032031116451 -0.109142049918406
-0.0548560938197987 0.00910233232177465 0.0160959162316486 -0.125692686454513
-0.050576132111213 -0.029915029805557 -0.0247189125039131 -0.171473586713838
-0.0516961992348144 -0.0702439380926908 0.0429630742574694 -0.1153724770594
-0.0536391957010923 -0.00816645748889918 -0.0224452667002702 0.00373645845424396
-0.0369408533624479 0.0281950759664086 0.0657589285375103 0.0718566269106048
-0.00565982952810471 0.027009153728629 0.127537972371063 0.0055920928665491
0.00879646319370143 0.0154250095654906 0.10878454258054 -0.0917779371299945
0.0108602579238308 0.0119012780608637 0.0332836895274205 -0.135521477779118
0.0211578915525123 0.0104955158414308 -0.0351635269727809 -0.120570635291302
0.0273497839369881 0.00893689482285668 -0.0642652104337192 -0.0858455770179994
0.0261303173131846 0.0155500547203054 -0.0592356063805503 -0.0723480675372691
0.0119703876924908 0.0236305395958027 -0.049315522844845 -0.0729531346024226
0.000407296224792394 0.0380253734566651 -0.0428121660277261 -0.0842387374833802
-0.0324232513311773 0.0421035801371777 -0.0187369128405672 -0.0948489155706231
-0.0737743260019094 0.0150718138876965 0.0166309267114405 -0.0978558654788732
-0.0729114219065475 -0.0475593867051221 -0.00510856796671576 -0.117208111937294
-0.046262193938955 -0.101696505810441 -0.035951572052735 -0.155859517252368
-0.0430030967381985 -0.13762616973526 0.0490235668502647 -0.0777081965752588
-0.0767934920791113 -0.0763309847362951 -0.0282310468597898 0.030888500918709
-0.102095817775344 -0.00782831009713095 0.0677910580906116 0.10800479607475
-0.070001911552848 0.0412607578739414 0.145153377553627 0.0373367477026815
-0.019044496990953 0.0628367391902434 0.132718433473383 -0.0797902852039804
0.0120282987560763 0.0534812542221477 0.0487138560700676 -0.127522228134294
0.0359749798852434 0.0493721227888422 -0.0202003177173037 -0.113684521392415
0.0481623933672255 0.0430225755121871 -0.0521065977232409 -0.0762369015751247
0.046594072287721 0.0487666781579735 -0.0512466869123548 -0.0579901925726955
0.0164437815397446 0.0552777264572182 -0.0463756150030353 -0.0531236097620606
-0.011586073529149 0.06962096377165 -0.0483142061092966 -0.0643583759596185
-0.0706877296214474 0.0599681372961914 -0.0360857581154513 -0.0775654621418613
-0.117744398233629 0.00515887728467097 -0.00305853751520382 -0.0854527326893624
-0.0963597595940341 -0.0845679091464297 -0.0215616425492371 -0.101341795490372
-0.0457116753606943 -0.156647884076658 -0.0465255987246255 -0.120262058085315
-0.0333647935208263 -0.185866324639928 0.0467546365210848 -0.024162556264974
-0.0882864455378949 -0.13873286818496 -0.033976067334646 0.0693063489304604
-0.156491306251544 -0.0503032025944673 0.0640337785057842 0.143165230518058
-0.132337652139516 0.0467829792064403 0.151975751572399 0.0702060045000045
-0.0494681045536252 0.103687597361567 0.145810295571919 -0.0592626321175606
0.0100330725790722 0.0907688810097838 0.0581569056966988 -0.105431388794206
0.0477891375198172 0.0809139068957874 -0.00568245826714882 -0.0920429966052561
0.0678511112901953 0.0675470179915963 -0.0355882349783823 -0.0535766320423338
0.0694409525956118 0.0716651488003542 -0.0386654573815747 -0.03225080262558
0.0300904836460078 0.0775677617724714 -0.0405024754639007 -0.0226438950906056
-0.00719031458748967 0.0964710797189464 -0.0538037557282672 -0.0343174862613543
-0.0885729342357075 0.0845255114122449 -0.0526084951995386 -0.0519919506426959
-0.147766757417392 0.0129707759254856 -0.0234479006649709 -0.0698993585339313
-0.11967060168399 -0.0990176931057368 -0.0298886568658472 -0.0812144670263077
-0.0517779060154542 -0.186182325034995 -0.0518005522702747 -0.0703310332986816
-0.00338898228218182 -0.200595404587617 0.0396123899736372 0.0443050283018758
-0.0653988666733663 -0.181412885445373 -0.0452298938686264 0.105912413072842
-0.1687210321022 -0.101952559141467 0.0329386981995174 0.171657935989528
-0.172403591539711 0.0212904127643671 0.126272425588748 0.113811774301545
-0.0853868040275232 0.115273188289844 0.141926233841682 -0.0104616087109427
-0.00434983463074183 0.112060952540762 0.070227380654241 -0.06069686403814
0.0429213335054806 0.10150604470336 0.0185718665231485 -0.055314328883596
0.070081916660894 0.0863943277883654 -0.00829807526902662 -0.02647902780804
0.0751689448743484 0.0882199426542744 -0.0164605667551039 -0.0039869896073704
0.0337496860442078 0.0904210049254768 -0.0257597077502377 0.00895505600466966
-0.00867413961059017 0.108589300424594 -0.0495670897285784 -0.00406301861333805
-0.0988285806333129 0.0887032295295342 -0.0574136633536489 -0.0275019414701265
-0.155791024652906 0.00555028610407321 -0.0314962860604575 -0.054228350363796
-0.115776690831006 -0.108508102879158 -0.0201854155558064 -0.0619880437420093
-0.0354773316565836 -0.190555493263164 -0.0430677758002106 -0.0175169155292864
0.020738130259213 -0.177556117881703 0.0266843144258814 0.107024157803741
-0.0295230346617884 -0.181647571428931 -0.0555708389440856 0.134382734001851
-0.142193468028456 -0.130160851064797 -0.000841438052912658 0.178101971519539
-0.172279875428624 -0.0103898341174765 0.0862541504738732 0.138261292767576
-0.10134273009579 0.101728925777942 0.118960068012375 0.0342042398574959
-0.015630872852201 0.111964430599457 0.0693748939203182 -0.0124566926845437
0.0345634591962295 0.105358697693431 0.0370732077255791 -0.0140928406808888
0.0643700328725875 0.0907673503367878 0.0177137729028487 0.00477354110668839
0.0720171035864609 0.091948627550692 0.00720893335380708 0.0273654357424979
0.0324923432554248 0.0943518902535406 -0.0113745299402973 0.0410858255478024
-0.0114751066552714 0.107551888940873 -0.0462008254698515 0.0258824331421591
-0.100085012069139 0.0784425883518277 -0.061950550478177 -0.00551633208906848
-0.146856412949164 -0.00775153116426842 -0.0381086702124447 -0.0411763873923242
-0.0934513624591012 -0.111527807037189 -0.0088755783966363 -0.0445052823930055
-0.01177592161495 -0.170759081978154 -0.0339293130436739 0.0320967988733863
0.0361210065765802 -0.120937602071743 0.0134078372035631 0.153607109913396
0.0076935130622082 -0.142130765892545 -0.0577367517963508 0.148634422776418
-0.0901822138432872 -0.12321657349363 -0.0288398085263229 0.164091949191422
-0.136388750279203 -0.0330000551524238 0.0436252957805574 0.141913604628724
-0.0937068781076831 0.0716269189062595 0.0853562155544731 0.0677581635452974
-0.0208762114251687 0.0928515027379989 0.0619978730664348 0.0303796561381466
0.0229389278784773 0.0907630422203491 0.0497606394480574 0.0250699908034697
0.049921118318678 0.0816050416265135 0.0398174477047648 0.0341410961522975
0.0576886568540951 0.0834634735409202 0.0268075807458413 0.0569503639107021
0.0233878816781975 0.0866400997387533 -0.00104707167840928 0.0713490660815095
-0.0177694256286888 0.094353661520408 -0.0470515159567246 0.0537659125725431
-0.0939920253925395 0.0587395435314398 -0.0670617644891751 0.0130545011597401
-0.123207606204112 -0.0232608669433596 -0.0452379318392411 -0.0321423965911291
-0.0603372696280075 -0.104582936252258 0.000138340548164266 -0.0298554258296221
0.0145911849103273 -0.131541000200746 -0.029203663922356 0.0751436874969168
0.0388886719611911 -0.0454445367295648 0.0135146182791681 0.1763455518842
0.0294932536499569 -0.0788804860749581 -0.0423039604093807 0.151554422536403
-0.0389896874288104 -0.0853971406726548 -0.0359183178585057 0.14085474614213
-0.082380101836036 -0.035720497400046 0.0165936518890202 0.131356046988239
-0.065559064419355 0.0388385889606784 0.0596522118729698 0.0847969342793189
-0.016716023438262 0.0621401083468482 0.0566717280888537 0.0585361365388562
0.0132813846145975 0.0619048169149487 0.0605246282611366 0.0523271921759554
0.0314434003062607 0.0586556747196069 0.0585672358006423 0.0556925293869066
0.0380775247535044 0.0627771809980835 0.0447884459662833 0.0816370313933567
0.0139545201039134 0.0685878882754014 0.00651005913521995 0.0974617405812492
-0.0206073572405355 0.0713535128461975 -0.0509155911432563 0.0789544882365754
-0.0779504720854904 0.0310818034720566 -0.0774062216750489 0.0232700222518535
-0.0862248179691899 -0.0378136781386797 -0.054183141249972 -0.0295061694715334
-0.0196850598047608 -0.0882027643571022 0.00480535017185577 -0.0187093074918967
0.041843643698988 -0.0761927418757285 -0.0297219227655334 0.106850638789653
-0.0463480026105246 0.00403976970864837 0.0305488496699506 -0.132897482391716
-0.0163283101371139 0.048905441897339 -0.0225756890843032 -0.00898482763126815
0.02734354142796 0.0470854959515486 0.0570324347226298 0.0470857795358694
0.0453867602890145 0.00154852621249742 0.103733823369635 -0.0122726649875465
0.0211372319852025 -0.031156068658948 0.0841770566807909 -0.0897923065277465
0.00210039682352075 -0.0255844528981604 0.0187314778965115 -0.129215026959088
0.000786379486977283 -0.0267204557130719 -0.045759638816822 -0.111278029642625
0.00152686141589309 -0.0269703550987648 -0.0698152823330065 -0.0790362199035221
0.00579544739533329 -0.0228382263494045 -0.063004012279363 -0.0709418450054512
0.0143385039380779 -0.0127236220520981 -0.0536297829123039 -0.0798384816502528
0.0251403685013419 0.00535117161870991 -0.0437527568626184 -0.0937284555269429
0.0184884114675023 0.0351118470879961 -0.00935022348164898 -0.108687104883136
-0.0245779529780566 0.0457770466956806 0.0331395680962198 -0.111071731149187
-0.054032809620548 0.00916850822839128 0.0164127682422474 -0.125994433221029
-0.051069464436662 -0.0289249094154385 -0.0262300909063226 -0.17164653751213
-0.0529676537856175 -0.0699350037546776 0.0409982111288155 -0.115382075243435
-0.0537743955203283 -0.00776700831716776 -0.023034685015813 0.00520556590172654
-0.0372490379284091 0.029261944571029 0.0676104516939321 0.0733273393297255
-0.00541648784619669 0.0269963771218774 0.128588732156705 0.00472369886752352
0.00825491227283523 0.0153917118832389 0.107949313240128 -0.0944494243174768
0.0110312296920393 0.0124274175345553 0.0312133115965503 -0.137296868616067
0.021721742412807 0.0105717855859989 -0.0380939310742747 -0.119918895713917
0.0274969585696211 0.00797124764213414 -0.0668119884622204 -0.0825742761209144
0.027340088107372 0.0148512877911311 -0.0616077953517138 -0.0707417737559542
0.0124362079950068 0.024331385366327 -0.0518343190364691 -0.0729245371209404
0.000742411179206287 0.0383143514926756 -0.0445225166931231 -0.0843210995608315
-0.0322757125013602 0.0426936118204264 -0.0204382151050593 -0.0956996331807219
-0.0736762102854272 0.0166256025851443 0.0171048545474053 -0.0997226909952338
-0.0733883640032153 -0.0471267650271343 -0.00576375294889121 -0.117184508422778
-0.0484943698082794 -0.101661202749796 -0.0382454556098476 -0.156148542554113
-0.0457628548996578 -0.13803615224885 0.047518803897318 -0.077489303773273
-0.0781949704547887 -0.0763129828104478 -0.0286637256882455 0.0323666667605171
-0.102308692017508 -0.00623990554512768 0.0694711500985628 0.108844456692547
-0.0699505145346156 0.042808187972407 0.146465796833738 0.0367893949965403
-0.0180217925733803 0.0634943537135702 0.131979830848981 -0.0832243307429165
0.0123323527791889 0.0538937634736799 0.0476483253700199 -0.129034300315115
0.0371185252681613 0.0486791706186197 -0.0224300380652995 -0.113131487146986
0.049609264531856 0.0416035679283831 -0.0543883999220385 -0.073537560631276
0.0485430777583854 0.0480639565441536 -0.0533994579909264 -0.0570642649740333
0.0176111999981075 0.0554144514844333 -0.049378885035968 -0.0523626472166818
-0.0101426605226642 0.070388755637774 -0.0512355954769194 -0.0644967170842489
-0.0701657430739097 0.0610010935756192 -0.0370488601077753 -0.0779460410561881
-0.118285654174846 0.00716905700100752 -0.00356368175655625 -0.0871805311605582
-0.09810992239769 -0.084292977315635 -0.0220640545892904 -0.101343883840357
-0.0486123566183464 -0.156620628467508 -0.0476108289802439 -0.120353305648024
-0.0366971261252568 -0.186667349457207 0.0457074263194615 -0.0240780234595712
-0.0916646735154947 -0.138126974557867 -0.0341169996867525 0.0712283323365626
-0.15735738627833 -0.0470761644160491 0.0664773777497704 0.144811013375985
-0.132843532158457 0.0488095239009944 0.154014933329923 0.0700591195597714
-0.0485077622396869 0.105446025210535 0.145675175753828 -0.0621282485492986
0.0113147446195017 0.0913091704241066 0.0574197514580745 -0.106873585696472
0.0491421221652625 0.0801761306687975 -0.00764609577094743 -0.0913164261361618
0.0701294284699326 0.0660678051582158 -0.0368300045146853 -0.0526216322746914
0.071427433177961 0.0693891155296198 -0.040597808265354 -0.0307393008332508
0.0311717686015019 0.0776854064973096 -0.0424819118940911 -0.0217476167338705
-0.00579013473550468 0.0966664129266432 -0.05626545343588 -0.03351975847353
-0.0877278257688387 0.0863614535921546 -0.0543729757638351 -0.0517436398462106
-0.147900181834745 0.0161902916980043 -0.0245634135897176 -0.0715968927204576
-0.121921834510864 -0.0982748686678996 -0.0308528982645243 -0.0805871421766907
-0.0563429355916818 -0.186219023753069 -0.0522761190978978 -0.0690837136889105
-0.00785728080060837 -0.20129374848764 0.0389476102735277 0.0441012474273566
-0.0680762692177964 -0.181101796866093 -0.0457458090225101 0.107300825912847
-0.171176530625049 -0.0991171602182706 0.0360591684261967 0.1733000605816
-0.173872668332417 0.02360829760901 0.128781019939991 0.114677816102939
-0.0836080753036092 0.116808532091651 0.142952472851935 -0.0132763022805912
-0.00231172663948394 0.112245117640984 0.0693386345587458 -0.0621340534545132
0.0452181519049743 0.101928917818303 0.0170852030840405 -0.0557177738819022
0.0732548361922551 0.0848658127705772 -0.00901898226340734 -0.0260670923271359
0.077940156290632 0.0856257333682458 -0.0170726557537948 -0.00313727678704995
0.0354327046328999 0.0908603714756216 -0.0263788603528959 0.00932902273347085
-0.00635643701470276 0.109093592876737 -0.0514529399216939 -0.00306917869772924
-0.0981013501179565 0.0910052545731953 -0.0591108432964297 -0.0271566155944873
-0.156826898844798 0.00923980524030464 -0.033245907836043 -0.0558552275910651
-0.117864207646364 -0.107810572272059 -0.0217953033231495 -0.0619117846386361
-0.0397613171075902 -0.191480336725965 -0.0432709572066249 -0.0165924752585492
0.0169695866527223 -0.178577004192155 0.0265070256621688 0.108045286214646
-0.0314696790617992 -0.183091420682349 -0.0546238542956305 0.136042008489559
-0.144076889549273 -0.127219840834238 0.00118365384828868 0.179413719539475
-0.17489165075346 -0.00730860823061652 0.0888241618856511 0.140286078890405
-0.0995310326137373 0.103742470052685 0.120011589922516 0.0324220230904622
-0.0128690497323081 0.112811589628185 0.0702679019337656 -0.0140849875480897
0.0373642311652347 0.104798540162937 0.0367140523091716 -0.0148881778597795
0.0670311766029366 0.0894782070506033 0.0171885499121418 0.00407299934681397
0.0748210792957899 0.0891571068003253 0.00702263873601531 0.0268835891101476
0.0342835651264152 0.0938907950999892 -0.0118307834770329 0.0414821991111742
-0.00948137809004215 0.107864670953281 -0.0476158003319976 0.0272330880619678
-0.0991067600333289 0.0805763063855415 -0.0627174471428363 -0.00540966542707424
-0.147371488447849 -0.00380433143653176 -0.0394075118947664 -0.042960961682165
-0.0965612522791308 -0.109657031334821 -0.00996983221202889 -0.0447729725156677
-0.0153273048250768 -0.171944582665078 -0.033434415083258 0.0329323903509069
0.0332702311605243 -0.122053049650164 0.0138420469211729 0.154653791337151
0.00587034856466875 -0.14352461636162 -0.0576722291877428 0.149882202645619
-0.0922655638233913 -0.121571189666885 -0.0283463867647327 0.165515721075558
-0.138314008438463 -0.0307298758287674 0.045403034045738 0.143522142106411
-0.0920899218547189 0.073544225612987 0.0874548632825701 0.0661699039217941
-0.0188657752235783 0.0935076784892407 0.0637451508159108 0.0299378974621555
0.0257644994519473 0.0909898535155927 0.0511141538690785 0.0234993332403123
0.052445418929497 0.0803802493820359 0.0400634994602294 0.0325970665294614
0.0596850580321689 0.082043337076793 0.027924656689372 0.0562868674542563
0.0258135275648736 0.0862788848386753 9.81350727883456E-05 0.07114404049494
-0.015771960121081 0.0948009871248548 -0.0469327668261099 0.0547445546420566
-0.0937764754093306 0.0604939790029407 -0.0682869661558864 0.0134921436408563
-0.124117149651564 -0.0203732757809434 -0.0465580705049826 -0.0331236596223152
-0.0622901022951739 -0.103582785250383 -0.000633514659228259 -0.0306469974107802
0.0121515357904256 -0.13304474527135 -0.0275372183022774 0.0758651750655647
0.0380046715174877 -0.0458236315661775 0.0146264054547784 0.176775228496786
0.0289368732520319 -0.0806013756378768 -0.0426364280037919 0.152288953311424
-0.0400264604856542 -0.0846676336799125 -0.0354845077534298 0.142704849840728
-0.08372763911561 -0.0341416663299316 0.0188530651684886 0.133313708108063
-0.0650583618329741 0.0408691672517553 0.0624449601120373 0.084171164728093
-0.0151324514175993 0.062311746379434 0.0591772457073264 0.0576442586000487
0.0146630367810565 0.0615955700029881 0.0623585781890612 0.0507840011208951
0.0334588427698307 0.0578858500128398 0.0598016938284645 0.0534030853846499
0.0404388462185821 0.0616416213468572 0.0466366159432829 0.0797160882718489
0.0160120347843633 0.068475492728623 0.00854779140690498 0.0971552537466036
-0.0195294259323642 0.0719075703292058 -0.0506419658020185 0.0801542287204266
-0.0787589925431567 0.0325486979077813 -0.0785603835129371 0.0241898255538663
-0.086717493553669 -0.0358132926948718 -0.055642341999647 -0.0301737459118847
-0.0213067533834065 -0.0875631984236664 0.00409554051064258 -0.0191192588655988
0.0402406340153672 -0.0773829138798916 -0.0277983382747465 0.107872741104145
-0.0466632955240651 0.00484300292210172 0.0290323420837366 -0.135547124396091
-0.0156937717603237 0.0497412234342555 -0.0233646081922021 -0.00746946770385632
0.0285410375029608 0.0470872545877831 0.059513962278347 0.0484766541032675
0.0454704204616975 0.000533113560692872 0.107111575322686 -0.0134902215893179
0.0193507529334887 -0.0318593993507624 0.0851779774475327 -0.0932407624997027
0.0014928354165783 -0.0258269233966754 0.0165576310958231 -0.132428744306745
0.000677537366821242 -0.0273021048192436 -0.0481454870891002 -0.112340251916824
0.000595189997774897 -0.0274635349589404 -0.0715654837405537 -0.0776233140779342
0.00603109145433647 -0.023512309744722 -0.0660242362367031 -0.0714160774866837
0.0148928182791136 -0.0124107059726688 -0.057480241023727 -0.0804817502631562
0.0249782502018924 0.00510831460242341 -0.0464166353242295 -0.0952253058851142
0.0190688199704713 0.0358646968809845 -0.0104602318195001 -0.111212030425737
-0.0242070358996798 0.0466958892567768 0.0338419767327124 -0.115347059682516
-0.0559413512183573 0.0104368690832077 0.0170322378926872 -0.127905859698135
-0.0526996554199448 -0.0285302426844811 -0.0279819404333868 -0.175992853966022
-0.0553166279932732 -0.0706709868889101 0.0402894916774331 -0.117574018448032
-0.0548376184282335 -0.00678225247950051 -0.0238536607335572 0.00722658719446591
-0.0369112229345182 0.0301544550033581 0.0700860342754226 0.0750521691373543
-0.00549021039889701 0.0276938184792887 0.13201300389277 0.00382838647187035
0.00783479659569666 0.0157994077773588 0.109463006912504 -0.0986049669649606
0.0113024283132382 0.0123631827093857 0.0292016272375739 -0.141084817196981
0.0225428713158595 0.010262486199045 -0.0406634198048216 -0.120744456511892
0.0279189082266329 0.00667461734685341 -0.069669395939563 -0.0810988061362027
0.0278522566681156 0.0140510734608367 -0.0652237376085368 -0.0708528755825516
0.0127509110935405 0.0248258110084237 -0.0565343683974689 -0.0728732793751723
0.00168485704601386 0.0395626128259189 -0.0484033980329252 -0.0855814446529363
-0.0320718646970824 0.0439530059984565 -0.022051462126527 -0.0974307802302519
-0.0756506547888379 0.0188019351808808 0.0171943052839958 -0.103471495880357
-0.0759760310157531 -0.0472440527788163 -0.00545307505579806 -0.118081218600469
-0.0509956638274488 -0.103747866017597 -0.040148096805869 -0.158827622732248
-0.0494129942242288 -0.140218373013895 0.0468444506259345 -0.0788265836033985
-0.080669185732128 -0.0768066761322379 -0.0293958634125485 0.0347655163622953
-0.103514133156305 -0.00450362084980056 0.0719736583714569 0.111249365549523
-0.0714621069166072 0.0448061662834153 0.15058078465166 0.0370454979852221
-0.0176503640052498 0.0653829333985294 0.133560522771669 -0.0879366387437402
0.0132947106797025 0.0553871142866626 0.0461919149651709 -0.13278108433419
0.0386719414475238 0.0494704792814919 -0.0254160819652213 -0.113701175284555
0.0514888986845868 0.0404503451108888 -0.0567736172248554 -0.0727811503050454
0.0506338968297076 0.0469571345822342 -0.0568493969886177 -0.0560807430936917
0.0184372050123633 0.0563108524450171 -0.0526830722749509 -0.052612426167309
-0.0090020963731552 0.0721577013813605 -0.055065363321413 -0.0648041569399162
-0.0702000215974659 0.0636221433002759 -0.0393393820025357 -0.0794996866214377
-0.120326036125678 0.0100324570329496 -0.00377293163702147 -0.0907828831241813
-0.10167652717329 -0.0848599858643429 -0.0224984996961647 -0.102090672553201
-0.0529016093428362 -0.159348858909938 -0.0500727730456868 -0.121132046720164
-0.0411369236490664 -0.189436663290337 0.0455301956931242 -0.0237014374256394
-0.0946781952809111 -0.139943987765291 -0.0347475998930387 0.0733683259684884
-0.160134777701676 -0.0448475312908978 0.0694637335631774 0.148564743848097
-0.135527320379332 0.0516043301702622 0.158456047601968 0.0715924662538965
-0.0469104635433874 0.108366540026339 0.146808730069654 -0.0664790808505123
0.0133136402739771 0.0934387086044397 0.0566328878221027 -0.110255667425372
0.0517315101571205 0.080863180754332 -0.00932626999253732 -0.0920199778628106
0.0731275563098935 0.0648877448039609 -0.0391730505211018 -0.0519466420772708
0.0747411994136854 0.068064904255401 -0.0426023215615641 -0.0306201023533709
0.0328438710157763 0.0786194154537775 -0.0448215814166417 -0.0212140911399183
-0.00427092375342041 0.0990158773134022 -0.0598707267649266 -0.0328569107441815
-0.0880592234280379 0.0904165219308365 -0.0562729749221394 -0.0533290333902404
-0.150326448288802 0.0196099677075567 -0.0260260609532265 -0.0754800795308009
-0.126081754623394 -0.0983794934226851 -0.0322468608182959 -0.0815692055700119
-0.0603950988067404 -0.189401721698216 -0.0541505219054575 -0.0701164336654307
-0.0111170875069683 -0.204979528616311 0.0393072775724544 0.045077104034331
-0.0717752798989383 -0.185160048903841 -0.0458142180912087 0.11082273621009
-0.17514498397745 -0.0969538428366394 0.0377332455177503 0.177641542772487
-0.178319027199192 0.0274540126727566 0.13280007244865 0.116717174894008
-0.0831368185974711 0.121388385498547 0.146428873398139 -0.0163548270227074
-0.000591568577931524 0.116002645779605 0.0706743218213947 -0.0646274815061561
0.0486152458101328 0.103307182074763 0.0165865627332782 -0.0570097250470085
0.0772977588139937 0.0837169719769751 -0.0101413502728321 -0.0259323149247368
0.0817634836298283 0.0845014656124377 -0.0179465515269491 -0.00315295345641885
0.0378187599230478 0.0924340359462328 -0.0275318469735445 0.0101612323875163
-0.00399119339269508 0.111046281553164 -0.0543836784443351 -0.00162271421018868
-0.0987910591897886 0.0944704596765929 -0.0617084481963369 -0.027638272652434
-0.159754546310012 0.0131875137261987 -0.035127001951489 -0.0585573430175313
-0.121828259120206 -0.108018030716385 -0.0223726104544414 -0.0629550714679065
-0.0438240992766742 -0.195138266819333 -0.0435437816335776 -0.0161307691778344
0.0141202013549728 -0.181759587811116 0.0270285693192854 0.110159206280042
-0.0334176081926724 -0.186793340279681 -0.0559636269289691 0.139107641345609
-0.149433058984182 -0.126877092594344 0.00245422162091192 0.184447510404052
-0.17924607863429 -0.00499857918104462 0.0922814333950626 0.143533418291341
-0.0998469531531909 0.108808734100675 0.123959732446604 0.0308028307918538
-0.0113087681992247 0.115979229237323 0.0721220321990768 -0.0147123310682323
0.0404846588905505 0.10663430646624 0.0373890833559403 -0.0162323533235998
0.0713021687548891 0.0887998234094099 0.0173835765231439 0.00363753642019088
0.0782480998970287 0.0883551004925609 0.00719765318957814 0.0272138283982031
0.036438496524036 0.0948396290148434 -0.011578425171331 0.0423428350895111
-0.00751873666872804 0.109784171556622 -0.0493532608166407 0.0292803366274873
-0.100938705547153 0.0842541558270683 -0.0649158321087434 -0.00466887476483453
-0.150417472849497 -0.000755027997318917 -0.041544315122221 -0.0451966735361667
-0.0994767381557659 -0.110848463214706 -0.0113885835125549 -0.0452320123692858
-0.0193123101708471 -0.175515720099333 -0.0333291765049151 0.034755232840743
0.0315341315652205 -0.12514592796304 0.0144964073741813 0.157687591049487
0.0049863318378913 -0.147218434246515 -0.0587241716268766 0.153434924149231
-0.0957613822003914 -0.121337905693582 -0.0272216992979252 0.169423213802357
-0.142260233542109 -0.0289783785451135 0.048237383120746 0.148052785390237
-0.0924213721667658 0.0777794222454235 0.0909259102458927 0.0663444556291127
-0.016700910563892 0.0954705062911587 0.066629060377477 0.0292624353280562
0.0281456679080563 0.0921326170990435 0.0524191030334155 0.0227003499967482
0.0562499414112488 0.0802445531301359 0.0410755096260621 0.0317545029136157
0.063359213336248 0.0811724898764826 0.0289457709607965 0.0560865769504924
0.0278795199443407 0.08785451664576 0.00136736512205679 0.0722379443644894
-0.0142669140097481 0.0963875141994287 -0.0477066159162526 0.0570028927131646
-0.0948873500758774 0.0640539931333728 -0.0703449736506311 0.0142376198845243
-0.126892500236811 -0.0177510864125725 -0.0488456191937553 -0.0346079834953301
-0.0659665076526642 -0.105130489514089 -0.00185357640667788 -0.0314909009052359
0.00910597970752325 -0.13635189041513 -0.0262606204403772 0.0783742773691569
0.03762813064875 -0.0469329257495286 0.0158420892162629 0.18074492936284
0.0290670413672704 -0.0822932251300948 -0.0434855228176686 0.154687634677197
-0.0420396065351883 -0.0847657791559403 -0.0356883976192051 0.146458365421158
-0.0865438324592623 -0.0338403218609707 0.0207957091198645 0.137048036257623
-0.0646685786666566 0.0431045692849608 0.0653123770109803 0.0854916987141799
-0.0133774225156941 0.063800083236569 0.0619920027422944 0.0576946884494774
0.0171673621132492 0.062002365161261 0.0645304309654333 0.0488148065987733
0.0356144164337205 0.0579295143122186 0.0614716564898549 0.052529908418071
0.0428529459949708 0.0601538284084396 0.048460619310244 0.0790995934689357
0.0179891458425212 0.0692335291780482 0.0109887813460831 0.0984404879480273
-0.0175506930731554 0.073471511246526 -0.0502879922474203 0.0831991891159852
-0.0798805799078026 0.0352854935880728 -0.0798748488081389 0.0249574216367329
-0.0894522885310683 -0.0339148342935267 -0.0575535238832891 -0.0313897371341917
-0.0230366867877734 -0.0884155043722433 0.00313965239661513 -0.0194810293797932
0.0395538950396463 -0.079804591712455 -0.0265643495531898 0.110713267890806
-0.0482035615560982 0.00600443049842544 0.0256822537956795 -0.139685458931804
-0.0143482945481531 0.0514026757386706 -0.0246142605194011 -0.00569925048071109
0.0306251083739126 0.0468935761009131 0.0629262928746424 0.0498979487517858
0.0468733039491617 -0.00114172656682448 0.110493850539248 -0.0167573500696467
0.0185489293683513 -0.0325327513439329 0.0845918548453176 -0.0991158504763723
6.6049105121032E-05 -0.0264658082068934 0.0121560173751699 -0.137204061025749
-0.000166131673662932 -0.0278487875873825 -0.0529424723548317 -0.112376090106643
-0.000762619428679922 -0.0284035008330405 -0.0759840498484423 -0.0756356243189867
0.00475881494599217 -0.0243198174257128 -0.071723500682791 -0.0699476670269829
0.014601093098252 -0.0133531186683776 -0.0628706925729688 -0.0806404281850734
0.0264138627355543 0.00425467156097206 -0.0511936145041012 -0.0967191321655243
0.0208543942729138 0.0356332471321407 -0.0140389935759242 -0.113641175052918
-0.0230205529827849 0.0498488908820181 0.0328010873668121 -0.120123868827563
-0.0569566593656056 0.0124867823955974 0.0159705920645157 -0.131429656224831
-0.0550673427289198 -0.0269440810464379 -0.0324763190601442 -0.179646590860437
-0.0597014391151029 -0.0711248003110499 0.0375297513462187 -0.121392918110972
-0.0569405018251381 -0.0057357465954307 -0.0250370079535658 0.0091045311617089
-0.036756588983374 0.0315230869413674 0.0741050429962553 0.0761645932203866
-0.00547984340537021 0.028662458030634 0.136639314508556 0.000565961014161388
0.00827987719534914 0.0165696022867824 0.109349785546679 -0.105928498126887
0.0110711958719156 0.0123314850677993 0.0251582992502628 -0.146139663894298
0.0233799087529309 0.00967731839842024 -0.046591047357985 -0.121213710750274
0.0288459499586494 0.00574005436762548 -0.0744531831993796 -0.0794999388868043
0.0290059878014747 0.0126958600310559 -0.0712116427110041 -0.0689813542959926
0.0141880232070847 0.0254097413444137 -0.0612077247981988 -0.0732339649534412
0.00332042861988579 0.040030708335063 -0.0537791109574529 -0.0863364167064746
-0.0322419953658164 0.0456149856470051 -0.0258971265735809 -0.0998537897248689
-0.0762868993767086 0.0222450594494455 0.0156508519812235 -0.107780837560024
-0.079756903666959 -0.0464063345989111 -0.00733575870596435 -0.120676989742778
-0.0559333263864131 -0.104511750974471 -0.044881376818587 -0.162198575393269
-0.0546398987403849 -0.142908476795749 0.0449826046193673 -0.0816486382745752
-0.0855213122662612 -0.0768064136122796 -0.0295606245269097 0.0372270574719738
-0.106462736337528 -0.00137219304344042 0.0769335026977853 0.113133458964447
-0.0724704426056376 0.048479793179545 0.156736124907694 0.0341409041355604
-0.0161035904725004 0.0676498324490324 0.134657502056947 -0.0944439499113746
0.0152645336271205 0.0562858920205814 0.0433080095773423 -0.138199643095476
0.0415296907501711 0.0493400837830386 -0.0295559334347915 -0.115396799698868
0.0547105180492766 0.038655495296234 -0.0608889984364584 -0.0712127804511312
0.0539180570047625 0.0452968262135433 -0.061904811485046 -0.054846693904672
0.0211917389741837 0.057777901526974 -0.0573809507570122 -0.0519277172615391
-0.00660576186697498 0.0742294398098894 -0.0599866985011993 -0.0643968395288758
-0.0705604386915896 0.0675594478046798 -0.0435423880914759 -0.0811933436358155
-0.123188868369896 0.014396675158364 -0.00610977910358456 -0.0944585223396981
-0.107554478284459 -0.0842041864893919 -0.0249156819409198 -0.103444092906005
-0.0597298662654887 -0.162067652722549 -0.0541957328448495 -0.122707186538841
-0.0481935128704269 -0.192294071757201 0.0455353383033829 -0.0247020528264561
-0.101277289331075 -0.141048774996931 -0.0338816175472786 0.0774487146647329
-0.165220096399648 -0.0407496092930792 0.0749040298093157 0.15102141259482
-0.137995937226891 0.0579278618646655 0.165367792267497 0.0698022405614923
-0.0443383715976359 0.113216739683271 0.148748735379131 -0.0737761277654599
0.0165316176459081 0.0954247186548427 0.0549372708926781 -0.115228047534754
0.0559046608519333 0.0815990859665993 -0.0128404329420977 -0.0942803138531911
0.0777979666113145 0.0630536746871631 -0.0421099137504169 -0.0502409936172014
0.0795176154448639 0.0656095703489527 -0.0458333773605182 -0.0285962861592681
0.0361058864551231 0.0802814834971218 -0.04737786873798 -0.0197054343773823
-0.00118681059513877 0.1014081741972 -0.0639627680668386 -0.031817905740412
-0.0875309253115144 0.0948424004088263 -0.0607681946533893 -0.0529230347544255
-0.153154490996553 0.0259757988169941 -0.0287454763041137 -0.0777966327046283
-0.13228784203857 -0.0974098829045899 -0.0347995402742022 -0.082197438316983
-0.0691428423087816 -0.192963436313651 -0.0570683354800665 -0.0692890719947299
-0.0183983853234723 -0.209619329781082 0.0411283624605305 0.046467951366894
-0.0783388427956406 -0.18852033598215 -0.0453804796458855 0.115351908339996
-0.182224660158388 -0.0940794157904432 0.042686375310692 0.18211899065311
-0.182498183888405 0.0335496426492841 0.140502530089675 0.118212080550071
-0.0806502723972295 0.127775543161589 0.149250092181642 -0.0215453400373659
0.00349916459652585 0.118461695459658 0.0711078554571338 -0.0678877259070904
0.0535874817557392 0.104654841351021 0.0152591846586412 -0.0588586095227645
0.0831610903687577 0.082198051003387 -0.0120598101234456 -0.0249947237950405
0.087153020023702 0.0818283345158193 -0.0194742336599058 -0.00173337530572126
0.0414209553899292 0.0938973637914592 -0.0291734489601478 0.0117588040630844
-0.000978625784599257 0.113181615326248 -0.0569392323168708 0.000299215321323694
-0.0981500424442141 0.100672238908426 -0.0650608671596141 -0.0272839207681339
-0.162847345925901 0.0199033534000981 -0.0383474984820853 -0.0605275688362125
-0.128543337842287 -0.107111416581437 -0.02482608237437 -0.0632405009433653
-0.0528976083684994 -0.199015262203067 -0.0442863486070394 -0.0142409568282064
0.00847628739794445 -0.186981363730828 0.0298748778454223 0.113706049558993
-0.0403655359271539 -0.191694811307484 -0.0547075625937132 0.145849059265413
-0.155442254343727 -0.125159336137844 0.00663564307097161 0.189919570095644
-0.184489158193241 0.00135802861168905 0.0991932123460543 0.146162522302058
-0.097607837360376 0.115295213290739 0.128218694693833 0.0269093734599024
-0.00706749319259254 0.118986411363032 0.0744226455830147 -0.017594060004513
0.0455590307412195 0.108067127308068 0.0380743970962691 -0.0176709134727179
0.0774257551643431 0.0881289210043705 0.0169289589523816 0.00380392237174955
0.0838888612269129 0.0866662893610676 0.00785161490146369 0.0273015516782028
0.0405407532299228 0.0963842424187624 -0.0105043585914111 0.043894250006088
-0.00372044309173393 0.11233896584012 -0.0507090659143114 0.0318686760666748
-0.100419036439536 0.0900785439899592 -0.0683027762959113 -0.00374844514147825
-0.154091997813215 0.0055919879837156 -0.0444739983192559 -0.047504516581415
-0.106347759211224 -0.110071669645001 -0.0128955771372712 -0.0463692982804374
-0.0271353088749256 -0.179685216040412 -0.0326200955007225 0.0372999061090929
0.0285399907863263 -0.128408599888451 0.0184575002822882 0.162377849859589
0.000967877033766587 -0.15204748256078 -0.0580607086811315 0.159463431225024
-0.10105216504494 -0.12116164943251 -0.0247626098356957 0.175266673296382
-0.147321250645569 -0.0258167686363719 0.0543039363143909 0.152488781148677
-0.0921875424667379 0.0833629371809454 0.0958845742257438 0.0647593521406313
-0.0136021812289821 0.0987691607167121 0.0697510572972667 0.0284598457329212
0.0324441423707111 0.0933562437498155 0.0551820036606988 0.0210872968151529
0.0611508637849054 0.079641570523434 0.0428500127008348 0.0305429733434695
0.068565505207878 0.0800031308622165 0.0315254367910161 0.0555106432712189
0.031768606074371 0.0888546113636924 0.00379784892825271 0.0740793775374432
-0.010715182259126 0.0991532574702951 -0.0484831268271441 0.0605301984602616
-0.095630374178438 0.0689548418810384 -0.0732174733956685 0.0165739769366427
-0.13073882969976 -0.0127065972830769 -0.0521144321087417 -0.0356090037606108
-0.0708941827485557 -0.10536237890857 -0.0031857995755119 -0.032316559682813
0.00445213599222224 -0.140318201453049 -0.024490408755617 0.0813606252606427
0.0376883405610061 -0.049134430542143 0.0197830772713512 0.18495532554888
0.0283848244153218 -0.0860193076950295 -0.0422089691600862 0.161279589995505
-0.0454622027982896 -0.0854575522955466 -0.0333905054444004 0.151739220263827
-0.0906127290237057 -0.0314564066818488 0.0256789271022388 0.141885966112178
-0.0646898418522564 0.0468175261517197 0.070617078285012 0.0858233737542038
-0.0110700263185454 0.0651762579973617 0.0672654547580511 0.0578756481818322
0.0195512111798149 0.0639146297226149 0.0684343930271197 0.0482906654066426
0.0393941419985118 0.0570767759325586 0.0641478027744275 0.0500947155982774
0.0456335830713915 0.0597591294533928 0.0527039799523619 0.0788034086332289
0.0209511408759107 0.0703696844171045 0.0150567436225869 0.100407306571569
-0.0153049131768967 0.0757305624744838 -0.0498334032317721 0.0864791112909493
-0.0817147052734426 0.0392564083195154 -0.0821254764404829 0.0275202315659814
-0.0916903115300415 -0.0316430425564131 -0.0613143839571919 -0.0315966619859848
-0.0267528797554732 -0.0897717184923502 0.00381000862332129 -0.0206879556044205
0.0368974821141454 -0.0831150856901882 -0.022303193256613 0.114945143326662
-0.0479694407460203 0.00795800555293049 0.0191493618593903 -0.142740842037781
-0.011958747112163 0.0523524104814052 -0.0251492906217229 -0.00400874488715668
0.0328375563660351 0.0454209277915485 0.0671570419694613 0.0498583347119881
0.0472163464876624 -0.00282773436076965 0.112140319783654 -0.0217413236673878
0.0165198627959467 -0.0333571420428831 0.0813307551685213 -0.105606510725248
-0.00171521215426822 -0.027181057997985 0.00479121883130014 -0.140450463595754
-0.00196133145875527 -0.0279929922490791 -0.059253374382607 -0.110779264621573
-0.00302889881438724 -0.0288332351152394 -0.0794091192989166 -0.0715744962200355
0.00301726603538418 -0.0250614088840945 -0.0767474085065302 -0.0658585480150711
0.014068380059854 -0.0148195014622292 -0.0692079721705134 -0.0784844336143092
0.027555461763912 0.003509577443918 -0.057833882467789 -0.0958969239398604
0.0226149486586683 0.0345063507429647 -0.019538969806022 -0.114548757455553
-0.0206623266439065 0.0513642046786499 0.0290419104712468 -0.124300170436213
-0.0566398593953307 0.0152051491181456 0.0123846246673409 -0.133544911490863
-0.0568132521022041 -0.0244901495647431 -0.0399026480671141 -0.181256005466441
-0.0634700445062972 -0.0695791007442639 0.0329304218404908 -0.125464189398804
-0.0584222840857746 -0.00405022104242413 -0.0252636039386199 0.0118307824278195
-0.0357916011334775 0.0336912808227015 0.078984227908997 0.0758503080365852
-0.00436856196153522 0.0289847548653411 0.138898238654392 -0.00459598133599939
0.00832752891298486 0.0164332583808177 0.105978406419869 -0.112804527503185
0.0117492570652258 0.0121143458837026 0.0181624784926302 -0.14982776106554
0.0251116004109629 0.0087876974126237 -0.0527987303577102 -0.120242277289522
0.0291442750534968 0.00369490116092318 -0.0778509804524807 -0.0753754221468886
0.0300529227578433 0.0111716637845505 -0.0764774467601335 -0.0656239829656692
0.0156107311691324 0.0249326688517504 -0.0674339578455974 -0.0704433048119068
0.00489224217075411 0.041030489034876 -0.0597029221263189 -0.08493407646793
-0.0305540565465748 0.0483271787735887 -0.0303499985432339 -0.100387710408601
-0.0765398934738335 0.0264495044104561 0.0118492141362661 -0.11121210911555
-0.0838205668703069 -0.0434825291694006 -0.010894998818928 -0.121071748062275
-0.0612169758386884 -0.103226829195436 -0.0515409187471048 -0.161917372795466
-0.0629511988930623 -0.141791434784028 0.0424131403983453 -0.0835601707738704
-0.0905639788357826 -0.0745276080633877 -0.0280953927169159 0.0400046931289375
-0.108146921762414 0.00368503567920143 0.0837640095589535 0.114338118665613
-0.0718906873850279 0.0528054297083567 0.161130458182617 0.028591409734741
-0.0137280823754074 0.0694440618068566 0.132492056590565 -0.103020871986818
0.0182132532134738 0.0564971966040446 0.0374389257092132 -0.143004955214577
0.0450825968196402 0.048146966644347 -0.0361127587853983 -0.114918661442549
0.0576542932316502 0.0360409656823808 -0.0644469148270167 -0.0671535025235429
0.0564377390961409 0.0420561124329025 -0.0664208246379991 -0.0509905432895976
0.0242171416639578 0.0580089226895538 -0.0617311080075767 -0.0493014673873387
-0.00300429445287681 0.0755853511765597 -0.0655387201876551 -0.0625294722124034
-0.0690644024711093 0.0723091338413391 -0.0480741079762019 -0.0803169280482975
-0.123668374787394 0.021757776249143 -0.0101111643203883 -0.0973622735641203
-0.11296938199687 -0.0807604496851964 -0.0285516076503537 -0.103650172731588
-0.0696581276426876 -0.161196143738975 -0.0598181756602259 -0.12216418516442
-0.0586660726045325 -0.192586005096343 0.0455976176775365 -0.0254925769012008
-0.109466058418451 -0.14005114016551 -0.0313919323017646 0.0812396262517205
-0.168827561695475 -0.0333577130695889 0.0823168916899847 0.151377145322416
-0.138363447632237 0.0653445191505391 0.171271083988032 0.0651719194140553
-0.0391538771882346 0.116339812462911 0.146924522392892 -0.0821247844746439
0.0216644929760576 0.0965648480714674 0.0509827822787805 -0.119713584387653
0.0619548377441443 0.0799467576550921 -0.0178776141979285 -0.0940353862039507
0.0828509657451191 0.0587955948555453 -0.0452543816270171 -0.0476076230241343
0.083511994791342 0.0609480781440586 -0.0490837315026526 -0.0262504427699014
0.0407999144262429 0.0804548974316389 -0.0502401890961684 -0.0174502343312883
0.00420840345495017 0.102527307512823 -0.0677850234451216 -0.0282207339760468
-0.084916015668569 0.10054139506616 -0.0652747732493905 -0.0509607920065664
-0.154583197537795 0.0344690214330121 -0.0337164804992292 -0.0796949758888909
-0.139474611989707 -0.0922876648923703 -0.0372763940784152 -0.0821069434759911
-0.0809051715953992 -0.192686817695975 -0.0602958291210737 -0.0673623599785788
-0.0288043914946308 -0.211927322807021 0.0433416938997405 0.0470569447372516
-0.088956003325883 -0.188159145089021 -0.0418230312177639 0.120332971498955
-0.187810347280934 -0.0864304497339444 0.0506375435879684 0.184145480267343
-0.18451628070363 0.0418992122747604 0.148435741898547 0.116176868924424
-0.0754163893730721 0.133450399140156 0.149490886644154 -0.0295199475027149
0.00924772686758037 0.119755851423265 0.0697254822147239 -0.0728608349122249
0.0600173512490658 0.10340249230825 0.0123570504315883 -0.059847336260848
0.0882652324431388 0.0779299048570487 -0.0136693109312199 -0.0245657819953554
0.0925017200569247 0.0774538349079369 -0.0206189371600583 -0.000413560723378542
0.0465954331926831 0.0933363745533668 -0.0293786528112858 0.0133915925763399
0.00469955768059214 0.114655351925657 -0.0594496270250235 0.00378485315266109
-0.0955559715133221 0.107988003480089 -0.0684438276823618 -0.0253917305703793
-0.164073598885219 0.028679980211235 -0.0423145668176987 -0.0618843680665521
-0.136304328871285 -0.102556746838151 -0.0271633801414358 -0.0627327739674451
-0.0642698772548153 -0.199337758359526 -0.0457302723300101 -0.0123971192855825
-0.000379234882434864 -0.18966381355988 0.0355286347999045 0.114805367995443
-0.0490141036479041 -0.193515933083671 -0.0498851687707977 0.150330792182447
-0.16219293622152 -0.119429761799324 0.0131220821319411 0.193648198503213
-0.188697309729579 0.00892905309481269 0.107345397686198 0.1463739389101
-0.092922224591708 0.121664388002811 0.130310646669164 0.0209618458972747
-0.00145609384734482 0.121282287034627 0.0754240697189316 -0.0205899840636356
0.0519778387535949 0.107213049664838 0.0372121102692424 -0.0199207633856128
0.0830260569712987 0.0834503251452195 0.0166856098282571 0.00318531979054475
0.090433477359256 0.0818287349698244 0.00837964845600284 0.0269945014089548
0.0470306090933431 0.095556303499205 -0.00884728154427063 0.0451801411960052
0.00216419563833182 0.113642149632045 -0.0510551825251094 0.0356156185017495
-0.0983496691975918 0.0971520036040568 -0.0710151347847689 -0.0007457878322895
-0.155440331197942 0.0141252745140705 -0.0487629352074973 -0.0464044999487093
-0.113315509596805 -0.10655504734147 -0.0151112655898811 -0.0467715357246344
-0.0375267397335281 -0.180636536650337 -0.0309600707757554 0.0395127247244092
0.0229756323973378 -0.130706257327213 0.0247404159594584 0.165190730682174
-0.00538139812977253 -0.155338159490317 -0.0531107169551161 0.165262488724383
-0.107704332640872 -0.118449463591992 -0.0191027245648334 0.179705169832574
-0.151590053646694 -0.0191597220507829 0.0625734792080007 0.153497693812816
-0.08835810204274 0.088739065112183 0.100394742921906 0.061391751489032
-0.00782949656303741 0.100112980652062 0.0736059632948775 0.0257941675844783
0.0381786584905504 0.0928237715505723 0.0570159954350441 0.018078371231381
0.0666537706951091 0.0763151107393489 0.0439772186437127 0.0293364915500741
0.0742184523238789 0.0755577134765871 0.0333933053206209 0.0544127950213784
0.0371669981627744 0.0884467517286134 0.00731222775617423 0.0748143257517257
-0.00616879094769925 0.100420490728001 -0.0469918374711475 0.0637741750826363
-0.0936515289948203 0.0746170495739837 -0.0746813407478444 0.0201789071334646
-0.133260138095501 -0.00606978897562124 -0.0554207133998288 -0.034632669635736
-0.0769965578835755 -0.10272121202866 -0.00411246638666989 -0.0330422345293184
-0.00322490360541468 -0.142653767119582 -0.0202342592916301 0.0842776973104992
0.0350533057409467 -0.0508542631135116 0.0276150257240502 0.188337850262067
0.0242664556596117 -0.0890460167970158 -0.0371535706789503 0.165697335106005
-0.0499688839010821 -0.0842216276586825 -0.0288574469867082 0.155848886170709
-0.0929946866861276 -0.0279579028300084 0.0327601290955102 0.143539669152623
-0.0630110874762755 0.0509550051073506 0.0764253681912199 0.0834626107696058
-0.00678605696096723 0.0655807046350435 0.0720758038873642 0.0553978420603308
0.0240999966545377 0.0623956504018374 0.0714922853776783 0.0442037867246281
0.0434008848959195 0.0548681866595082 0.0659870734939278 0.0473404540668805
0.0507834350620012 0.0584887955195094 0.0563959356903208 0.076175408575241
0.025875555394132 0.0707529777588038 0.0204594975530309 0.100225623765042
-0.011387025884694 0.0778383039085862 -0.0467361539340992 0.0903454104145419
-0.081268657210638 0.0436001537721091 -0.0841997998063108 0.0317180537571795
-0.0950412279712836 -0.0268327561938715 -0.0645917108417853 -0.0302504728747589
-0.0314436522800626 -0.0897206176003509 0.00219393660621517 -0.0213425250621757
0.0332172802677284 -0.0865098728080782 -0.0175419812012811 0.117138852174296
-0.0474644233274194 0.0130369927511892 -0.00205625304195451 -0.143556835085892
-0.00341295950337675 0.0523716875864767 -0.0267260732567082 3.26061896487991E-05
0.0411842664835529 0.0379132923662001 0.0707449700678684 0.0404009128441043
0.0477632811635072 -0.0131978537719295 0.10543436852976 -0.0348058138962003
0.0112444262103778 -0.0377401465442382 0.0660796709171606 -0.11450067233713
-0.00748098933424266 -0.02954217767836 -0.0164955793002916 -0.137267363294581
-0.00897103417305305 -0.0290310703570469 -0.0742406121086143 -0.0970599353344811
-0.00913299821306499 -0.027271381916707 -0.0859425127203737 -0.0565987416473364
-0.00231429100625015 -0.0252034718808175 -0.0849840596797574 -0.0530263414076982
0.0110074484989703 -0.0154890413916253 -0.0799824476093128 -0.0682552633942189
0.0264286987606175 -0.000509793690304823 -0.0699705557669672 -0.0867069107385688
0.0264206872444883 0.0314132125330009 -0.0325659136226465 -0.112724018123016
-0.0147760612321835 0.0540267193636027 0.0161146295320633 -0.129703982269696
-0.0543081471674449 0.0240898186857643 -0.00134834909135774 -0.132430961400292
-0.0604987752954591 -0.0163572306768841 -0.0587170802080428 -0.171644599860271
-0.0754135701384909 -0.0605603223886077 0.0173437223021047 -0.126207758804185
-0.0576140583308827 0.00619224228374407 -0.0214066455042854 0.0135156519194219
-0.0279253385647568 0.0393302830945572 0.0888835792220216 0.0607521285638674
0.00317721274314067 0.0284973966761518 0.134787626509592 -0.0256718429694833
0.0115634510653045 0.0112983352512294 0.0858340595117059 -0.126859912190198
0.0114583076175868 0.00656516267744523 -0.00680087603526765 -0.149725377758985
0.0240987152487105 0.00342493190791748 -0.071496070219994 -0.109028041963747
0.0273659584678959 -0.000670474744736242 -0.0857290629275563 -0.059939142564324
0.0295667745038066 0.00614157524306903 -0.0851113895104026 -0.052399090092474
0.0186643077267748 0.0238621546250382 -0.0774114577884859 -0.0611724432089036
0.0108650542913728 0.039502041186358 -0.0714774393441789 -0.0764961581994515
-0.0248497970619153 0.0532308690120084 -0.0416161504215959 -0.0971735431797148
-0.0723921311440953 0.037823392363587 0.00108365390691097 -0.11368494082264
-0.0887553619080626 -0.0296227910901147 -0.0242704071783487 -0.117069975293383
-0.076459748381579 -0.0926589479315748 -0.0703562733816328 -0.150029736234533
-0.0870185843220769 -0.130245480262476 0.0364438545276412 -0.085467356417463
-0.101189912620947 -0.056196144824545 -0.0164670953417593 0.0421905538836432
-0.102589695033666 0.0217740324714061 0.101344360695309 0.0944465216304142
-0.0584492316038202 0.0633517423746831 0.162697039461857 0.000131396097010208
-0.000177270847448513 0.0663663041568292 0.110277255218886 -0.12245703543183
0.0245270299116872 0.048523931721459 0.011799229686769 -0.144961231775913
0.0516188106973809 0.0393116925413058 -0.0552377062808569 -0.107316920647346
0.0597487309592245 0.0260364042678625 -0.0725043081134171 -0.0539180677608288
0.0619026724440378 0.0320178889029138 -0.0733736843322067 -0.0403269140750598
0.032425933559154 0.0551125477821395 -0.0694011324306286 -0.0409399821359244
0.00850889202006815 0.0749318409339025 -0.0735690147906055 -0.0544253737490384
-0.0586020435811767 0.083823653764667 -0.0560977941197111 -0.0756489911715423
-0.11980762621746 0.0403696617186094 -0.0187382777964437 -0.0956522671992844
-0.123392788910122 -0.0614376502446968 -0.0402591211883476 -0.095076921242124
-0.0918912596678583 -0.149729117677355 -0.0751895775034799 -0.108807791029346
-0.0905214602067827 -0.179323772898156 0.0491974395765784 -0.0275120342263831
-0.130668180890909 -0.115846511057573 -0.0112565670131616 0.0830473052382727
-0.167938138375607 -0.00342599252604488 0.107994023074108 0.129892282711283
-0.120631384503262 0.0884220039026878 0.180277941989097 0.0303035553206882
-0.0175593595584869 0.117474473893972 0.12730763144486 -0.106669812905362
0.0348210364586848 0.0867567856636433 0.0274424127013448 -0.124781720402255
0.0752510850152799 0.0685495834032984 -0.0352313906709505 -0.0910906549968936
0.0874312224533637 0.0441574137591852 -0.0513862551575383 -0.0367039995807284
0.0914762387190142 0.0462832680324792 -0.0526127995320273 -0.017224257269207
0.0526901996904089 0.073308959037506 -0.0540015825108253 -0.010397214144393
0.0200352884204681 0.099707035047413 -0.0722871701667069 -0.0201926611755988
-0.0684520773568313 0.11553469862335 -0.0690338838825495 -0.046240432058009
-0.146780075777198 0.0582244896775542 -0.0386935010962194 -0.0757055647098102
-0.151204458368017 -0.0696986096234734 -0.0469423640077491 -0.0724050710531092
-0.107011218990991 -0.179118726990205 -0.0699743264504471 -0.0544344753363127
-0.0632126954744515 -0.201415319778847 0.0580584905961561 0.0450155648682733
-0.118339995432127 -0.16573828458881 -0.0133354528747358 0.124923751788494
-0.195452717081951 -0.0507668549551081 0.0851894775027651 0.165770186114738
-0.170465628314783 0.0752268268022441 0.167243240988443 0.0821402271311255
-0.0481371110933277 0.139963091356739 0.137745684104957 -0.0573277438191215
0.0284585837347077 0.112917325317148 0.0525105831669599 -0.0825206809817908
0.0779579990510868 0.0917568147645675 -0.000522266127902649 -0.0636907526697667
0.0969060789408497 0.0619208082097382 -0.0179978013627657 -0.0192675281600264
0.103669700286489 0.0600114989006757 -0.0215848224461962 0.00363536698077759
0.0610631896839632 0.0853876947359841 -0.0301427536710274 0.0163106289680179
0.0226554631986522 0.111018168309125 -0.0612178134794392 0.0101970776177859
-0.077597528385058 0.123073900731625 -0.069868705796917 -0.0190115555732175
-0.15709899439224 0.0538570547980178 -0.0461816814881887 -0.0566303776885445
-0.149174875478881 -0.0808451959093533 -0.0358717724097101 -0.0550491820670294
-0.0923620443954729 -0.187598683353112 -0.0495130591260301 -0.00218676970056242
-0.030607910026758 -0.182903669406263 0.0579276290684703 0.112533566528766
-0.0798516113289947 -0.177378083529744 -0.018128362153749 0.156873938984886
-0.176203155520281 -0.0874066379513029 0.0508711452435385 0.18285042705639
-0.180352570178153 0.0434432200642635 0.1332490465269 0.119232836655532
-0.0674896393419811 0.132743499739955 0.127113885082087 -0.004350571286869
0.0192257889844777 0.116010927303096 0.0671806137143266 -0.0332231368970265
0.0708552096240749 0.0967903545988427 0.0304437429274521 -0.0287449126921029
0.0934846641515318 0.0680272012080543 0.0151824572338923 0.00248380662626113
0.102047096888586 0.0651457936818984 0.0109240022675908 0.0266789690794109
0.0615907784883235 0.0876050622094478 -0.00497427204548244 0.0451247282791879
0.0196439803574476 0.11134134637106 -0.0481222766716196 0.0402954167871936
-0.0816802553349554 0.112773463657325 -0.0686826007345438 0.00502611573590569
-0.150779016177593 0.037809743388259 -0.0510881505199209 -0.0402929972245453
-0.126716456933448 -0.0872540409752843 -0.0220147535995732 -0.0408788484746821
-0.0617956065755452 -0.173863431763759 -0.0288671566774841 0.0460964891425651
0.00284389621333571 -0.129232476732188 0.0523780976709494 0.161515149045893
-0.0309783516137221 -0.147188715087577 -0.0215855555454626 0.172639334923158
-0.123242661418292 -0.0951597781213239 0.0157426276990077 0.176842489583042
-0.150182078315365 0.00997739063695109 0.0900270072201774 0.136092053851252
-0.0685617738083264 0.100720628866982 0.105129088146959 0.0402396548714593
0.00983790796766428 0.0973285159324109 0.0726037165395794 0.0129286101793653
0.0558829869594357 0.0857584877477715 0.0560972943330098 0.00549458722505821
0.0770116804412026 0.0638633797080157 0.0446712678241318 0.0222862725804283
0.0862311033886106 0.0619775816082382 0.0389151316071041 0.0495302213870798
0.0523067576649655 0.0816033468284459 0.0155046128699316 0.0709928229155378
0.00978214277929485 0.0990975217722586 -0.0394307788703066 0.0674324061240242
-0.0808174076327329 0.0909026556023513 -0.0700777746961963 0.0265584782666351
-0.130409111615851 0.014770488815259 -0.0574826703975933 -0.0271592016177235
-0.0906992763079906 -0.0891642849713161 -0.0101730618003525 -0.029569717884691
-0.0223618813084533 -0.139840588730117 -0.0130251324611064 0.0874177702242828
0.0289656806173118 -0.0528558117168213 0.0540672122000797 0.18222212083432
0.0102198870577709 -0.0883027224300332 -0.00960691647008444 0.171332783154071
-0.0606202905287609 -0.0722529615066391 -0.000830327983123393 0.156581796450004
-0.0950821006968841 -0.00924283539259834 0.0584508608454073 0.133679667393001
-0.0498841243981011 0.0601884311156062 0.0869398667665159 0.0675419572080186
0.00572814291612701 0.0641470509813058 0.0775494267498752 0.0428449741605398
0.0358533979656629 0.0573317547331344 0.0753788160924785 0.0297445021054856
0.0520554563110996 0.0470293966636927 0.0693077225243702 0.0363371266984196
0.0606869531379438 0.0473013367103075 0.0642882984069306 0.0671365570171137
0.0386606124181026 0.0647642196107224 0.0314277746120716 0.095159935256575
0.00127528006945351 0.0781993007356349 -0.0356545870842939 0.0934687324922015
-0.0725105336449437 0.0579418719627674 -0.0778099346635178 0.0400375771166646
-0.0959083211289184 -0.0118932032836133 -0.0665204763192225 -0.0213173178720329
-0.0438229558525722 -0.0821656849665428 -0.00242705665271803 -0.0209033272582853
0.0222230169856047 -0.0893468956531601 -0.00542809260147689 0.117742199927001
-0.0459122318979288 0.0131380546715449 -0.00571519714824246 -0.139847442414673
-0.00219160054981514 0.0515531342753338 -0.026097345975352 0.000974312416591764
0.0403465137275421 0.0362161130209293 0.0714723674207368 0.0391329006979723
0.0460540797766805 -0.0146395826449372 0.102930692252811 -0.0357831405618735
0.00880673178068733 -0.0368879250529571 0.0609186271447688 -0.113132671801649
-0.00897671691105414 -0.0281900133622965 -0.0206371944791694 -0.133907554871571
-0.0100105599658375 -0.0284177690614016 -0.0753146020549122 -0.092646434964306
-0.00991060148477013 -0.0260566087428136 -0.0843960055979522 -0.0524194703069183
-0.00347450134080401 -0.0236837340553871 -0.0846523494692503 -0.0488091473453017
0.0101277378119603 -0.0152632865713825 -0.0811067717458965 -0.0635868162128906
0.026174654731802 -0.00209492080298143 -0.0718580409558327 -0.082102265803262
0.0265726654643291 0.0294544382836507 -0.0340913287261493 -0.109224243049469
-0.0131321472851877 0.0530014888294246 0.0134594740888079 -0.128513969533685
-0.0518156294646448 0.024133075494871 -0.00308628558692954 -0.129429618645247
-0.0588011320872747 -0.0144201546431737 -0.0602752546464041 -0.166125850049922
-0.0755951705828175 -0.0568945243876292 0.0137410571074558 -0.122765970105729
-0.0569311878102673 0.00751250250086477 -0.020521422698164 0.0145064315494244
-0.0260924543140792 0.0388041536895066 0.0892735129587924 0.0583094605639286
0.00323077123139577 0.0276352639939948 0.131871163199552 -0.0276547101031574
0.0113104566136767 0.0104358718570913 0.0799649731992165 -0.126267412354721
0.0110392754398611 0.00636410474963903 -0.0117377828324289 -0.145125815597157
0.0238647399477982 0.00256549672542176 -0.0733505860905568 -0.103313771574622
0.0261216161530889 -0.00116051308250872 -0.0843997044390349 -0.0553939837322372
0.0289590497277803 0.00447157219889551 -0.0849087538006679 -0.0472826973291843
0.0188694870301944 0.0223804001672429 -0.0786479412659355 -0.0565798130856906
0.0124242438161781 0.0380780902161638 -0.0722164273066122 -0.0728676070244718
-0.0231596530304193 0.0522794664394728 -0.0425659785259138 -0.0942819707489005
-0.0694451310977574 0.0388697277330068 -0.00145867980110156 -0.111800032444607
-0.086531214275322 -0.0272522263321518 -0.0245672253554809 -0.113625864661622
-0.0764495317998998 -0.088963268366402 -0.0711643362193169 -0.145435549111854
-0.0886745285332 -0.124728508087952 0.0341584787757149 -0.0838946890814801
-0.101170077189324 -0.0527241181851312 -0.0152327309930638 0.0422154378984368
-0.0996780504759165 0.0238877158120276 0.101589926074151 0.0913926537047353
-0.0558023079606321 0.063515060537008 0.160402102849682 -0.0031322192635522
0.00134294022318597 0.0650696710447538 0.104157032215815 -0.123190701864708
0.024855593675671 0.0474482216258345 0.00691874917117678 -0.142173910217329
0.0523826208452323 0.0361682157300903 -0.057643135016402 -0.102776579855485
0.0593354744590337 0.0230770817606285 -0.0717710936492255 -0.0496480059889833
0.0607392330720515 0.0286939065120335 -0.0725783285924973 -0.0349311058681563
0.0333062636079176 0.0527328983028402 -0.0702085971310595 -0.0377541265463131
0.0101396925344653 0.0726245293265121 -0.0754465932679831 -0.0500376565894091
-0.0543892416761065 0.083875876335425 -0.056657864862375 -0.0731875480117721
-0.115323851100324 0.0426870445057883 -0.0206252313792629 -0.0951024983880599
-0.121275960380354 -0.0575572676698042 -0.0400558687670123 -0.0923430993034734
-0.093363962210537 -0.143612894885822 -0.0748337673389267 -0.104281609548205
-0.0926480543084361 -0.172291540838273 0.048194790702337 -0.0272342929665429
-0.130530585358062 -0.109795175897988 -0.00872511572243321 0.082188846162349
-0.163471174101541 0.00137336114101589 0.108745623949536 0.125336254708087
-0.116771710729774 0.0892856065148199 0.178075938368074 0.0278462967558878
-0.0138986193221287 0.114354978331108 0.120018947324731 -0.106574278039146
0.0361302645725895 0.0842361050721892 0.0232841833088219 -0.122967432848991
0.0755983840220042 0.0642796571522509 -0.0371324566718152 -0.087518123311806
0.0870625488302321 0.0395648801521905 -0.0499897663796796 -0.0336705982934387
0.0900556427102657 0.0408362148792295 -0.0519436058515379 -0.0143821701163766
0.0534737125982823 0.0702797134981564 -0.0539405332163061 -0.00853123470813683
0.0226527653057275 0.096947944503488 -0.0730653684313667 -0.0168796794252033
-0.0638831683383187 0.115582502008211 -0.0696885336664282 -0.0436709288649014
-0.141464966834419 0.060899482458896 -0.0406564920781675 -0.0741055266756276
-0.148923557154191 -0.0634929584938589 -0.0466051953858343 -0.0696589246049003
-0.109455419001871 -0.171381063233537 -0.0690793852870282 -0.050986207116495
-0.066937889631062 -0.194118214599778 0.0585276273630632 0.0438925228965368
-0.12003466810218 -0.15965527550462 -0.0103276298817222 0.122556286554416
-0.191371199799875 -0.0459681560400569 0.085975256371088 0.162082482022327
-0.165602460670742 0.0779634013677589 0.166951878299634 0.0783304788690649
-0.0429667535067201 0.137928292070671 0.131655696942595 -0.0592758903712612
0.0305014926784857 0.108628645219566 0.0501969572496213 -0.0818831034826974
0.0799145363439313 0.086856987583377 -0.00265912217627464 -0.061728632752842
0.0969505127247419 0.056696456123915 -0.0179467325103449 -0.0179422509245621
0.102505305364046 0.0538527758751783 -0.0220293964225816 0.00532540234294454
0.0625740376458283 0.0818509183246425 -0.0287939524131829 0.0168152950110296
0.025200645687994 0.107746552702383 -0.0600398227415178 0.0125369702542992
-0.0722056385025258 0.123017773924605 -0.0695531776518661 -0.0169764887941906
-0.151170130932986 0.0573391416532468 -0.0468223604674473 -0.0551798097968801
-0.147739219801832 -0.0736050939850159 -0.0357663209459423 -0.0529079099058477
-0.0945199356393103 -0.180713911730001 -0.0476202935525482 -0.000490634868906749
-0.0346239890409018 -0.17731721658787 0.0588840007785933 0.109884492125614
-0.0826380155715056 -0.172118963058726 -0.015057137815243 0.154628457557928
-0.174232252102728 -0.0809741836884573 0.0519844848019982 0.178557110917679
-0.175687913522984 0.0478919790470975 0.134219430358211 0.114743798424454
-0.0621018786173612 0.131295923460472 0.123566223814429 -0.00783133010666315
0.021871020478344 0.111988446794843 0.065399734788947 -0.0344385389244135
0.0733666779203246 0.0920146694941183 0.0284580766764078 -0.0291869754408784
0.0939963634206499 0.0618932482682193 0.0147040510438812 0.00150045818895094
0.101287442219572 0.0587424829373518 0.0101350130192456 0.0263569487467336
0.0627800005788286 0.0833414257560005 -0.00361574590450817 0.0433318255701198
0.0221490309360424 0.107602210755765 -0.0468291372413737 0.041014732337286
-0.07673240755472 0.11336746800622 -0.0684601823004727 0.00637548627808388
-0.144985453334716 0.0413324466924576 -0.0521224741362407 -0.0386237467636384
-0.125898657357772 -0.0811810848097545 -0.0218405697762947 -0.0401170846519311
-0.0652873814990467 -0.167314995545241 -0.0269815847685734 0.0460263428421835
-0.000474142821381852 -0.125943619909755 0.0544890577100191 0.157820075317043
-0.0341512627196329 -0.14415512290752 -0.0178693429260048 0.169956322434423
-0.121683715209615 -0.0902765406966845 0.0182789124622178 0.173551937920043
-0.147651205815014 0.0143488757691186 0.091769797495222 0.132328283165043
-0.0638451714528639 0.10002654753807 0.103476807067386 0.0368458913631225
0.0128009454678863 0.0936154096034742 0.072599417837163 0.0104877042212818
0.0573044089350907 0.0808446787650781 0.0546077577965423 0.0037318865499277
0.0773572880309136 0.0586046797842078 0.0437420637051763 0.0203885918445194
0.0855840709244198 0.0564800648639998 0.0386376483199987 0.0465218142246281
0.0535708502263952 0.0777383316967072 0.0166957000590714 0.0684262485244754
0.0128037215830644 0.0961151253562736 -0.0375852413654898 0.0672814158898156
-0.0761817525012333 0.0914473183701031 -0.0688646816250807 0.0276576295464615
-0.126317747231404 0.0183990096359671 -0.0580091459772527 -0.0259321452472889
-0.0905773531825827 -0.0844760492202715 -0.0101395204915102 -0.0291189576132613
-0.0262955911846641 -0.135898035945041 -0.0103120317768473 0.0854291708031782
0.0272602688113563 -0.0522040338927054 0.0570457153088369 0.177897157109553
0.00780227068933737 -0.0879342260440548 -0.00672777456862262 0.167686983802991
-0.0611156782546233 -0.0695568529968529 0.00132137543080502 0.15450165841772
-0.0940835094196046 -0.00547803452354587 0.0609765824888146 0.129511338264023
-0.0473923888569192 0.0599112019839506 0.0864642600512019 0.0633987575659937
0.00766057646842486 0.0611731479325857 0.0773601563922646 0.0392737904608254
0.0372086278089243 0.0548744149269839 0.0743709768398678 0.0268231173033412
0.0519399442291614 0.0438940309047036 0.0673467927935687 0.033350611980513
0.0601867587001183 0.043323250770159 0.0635062235944559 0.0635112926167482
0.0396871465892594 0.0618215610935147 0.0336044380317176 0.0912829597871367
0.00397013414779401 0.0758323958283475 -0.0338697841016687 0.092511946997682
-0.0692913426571671 0.0591606185730807 -0.0762547481420341 0.041502862626778
-0.0942874855551592 -0.00846496684536546 -0.065768877090378 -0.0196216073539832
-0.0445653875723983 -0.0789344657572967 -0.00277760809757782 -0.0210298931651803
0.0188590863832864 -0.0879311031000384 -0.00164278518352397 0.114917146069402
-0.0455842568491009 0.0124735106450695 -0.00577487833371678 -0.137332984505078
-0.00250852688702846 0.0501345573777679 -0.0261025664696627 0.000926814839373226
0.0389187352946819 0.0347553089145033 0.0708161946738131 0.0400828953532537
0.045357268974564 -0.0144706775247192 0.102912891188619 -0.0345295874367464
0.00853500636247809 -0.0354409370309422 0.0595169976838118 -0.11170399699294
-0.00964809397976917 -0.0274475083452158 -0.0221471109488117 -0.131285015599104
-0.0103448728678856 -0.0279242714072351 -0.0739045901167526 -0.0904694952089393
-0.00987691197544863 -0.0257257358574433 -0.0821809664317236 -0.0514843248668483
-0.00382850949122772 -0.0236885255236226 -0.084196790311054 -0.0468894997988895
0.0102461472888584 -0.0156695681183506 -0.0811620568857047 -0.0616825969125938
0.0258755587428761 -0.00211916399682162 -0.0711091096011709 -0.0810454333464915
0.0257658159917406 0.0288697705218107 -0.0320947768812294 -0.108372418309393
-0.0123704774621845 0.052003067316302 0.013575824497608 -0.127656668381703
-0.0498677369414457 0.0230441200572866 -0.00107181703817825 -0.127688380716431
-0.0566893077217335 -0.0149903148252628 -0.0576350738706661 -0.164318351046939
-0.0744207500162854 -0.0563037458380361 0.0143377734948666 -0.12058128995246
-0.056060933628031 0.00710136110221443 -0.0204078069931365 0.0144346087661047
-0.0264664687560836 0.0380364878129393 0.0880976150029399 0.0597774028130676
0.00304131478627163 0.0264854019979867 0.130765560925818 -0.0256288867035353
0.0105777021648472 0.0102228219567464 0.078481448979134 -0.123656647770426
0.00972117500998774 0.00654478007556934 -0.0123515277210136 -0.143188176873728
0.0237452957475205 0.00168057348066705 -0.0723171815850193 -0.101412368760806
0.0257310152520322 -0.00168816730759505 -0.0821676936048681 -0.053588416468299
0.0281151986395587 0.00437097409177568 -0.0839199750396022 -0.044552159596867
0.0189175958317838 0.0218892320827197 -0.078538700111843 -0.0551812099038317
0.0119183120697234 0.0372911066920202 -0.0721903942557954 -0.0712466099639853
-0.0224311643822048 0.0522359057412126 -0.0411637541487531 -0.0935163381167464
-0.0676073649824569 0.0378761141153389 -0.000788010460214574 -0.112095085096189
-0.0843350917676814 -0.0270596832887903 -0.022725124008618 -0.111323999196362
-0.0748268106077648 -0.0878521959721138 -0.0689331964136442 -0.142334538669109
-0.0872752430357667 -0.122712668882307 0.0336856100207774 -0.0813629248735991
-0.0995112943086323 -0.0523016794856913 -0.015702905394763 0.0419203956300965
-0.0980064393673821 0.0233302080383327 0.0993828363442164 0.0920447040485133
-0.0553489370036295 0.0628295898625842 0.158719752065735 -0.00164162954054195
0.00135638679995558 0.0638660027296174 0.102058829024454 -0.120062523614449
0.0243399972437854 0.0464302289310188 0.00564251841470761 -0.139897934607713
0.0520568765867541 0.0346749930586849 -0.0572536002535401 -0.100080767416371
0.0580048837290618 0.0221364249260016 -0.0691870182712675 -0.0475261416888335
0.0592483642993571 0.0268545311071344 -0.0720812915757554 -0.0331771718437143
0.0329526927190043 0.0517074086529922 -0.0698271883888866 -0.0361974773528814
0.0107447168369255 0.0711506991729534 -0.0751429696120326 -0.0491731756859449
-0.0535280460053782 0.0829900733333735 -0.0560913953096661 -0.0724438935714154
-0.11242846291143 0.0424791614096164 -0.0197653371829312 -0.0946679136323973
-0.118630867292514 -0.0566754854090488 -0.038270892723979 -0.0909826454093158
-0.0920585598341183 -0.141474477565201 -0.0727927661069252 -0.102155125259278
-0.0905975460643573 -0.169444580194265 0.0481837605146859 -0.0260920181522128
-0.128598432824631 -0.109414642350129 -0.0091801451840716 0.0809880499462933
-0.160846138478749 0.000139385808574831 0.106301253983411 0.125873544928569
-0.115623662030994 0.0888637853605918 0.176854240068173 0.0285812411604811
-0.0135547446620753 0.112183830534679 0.118040025783467 -0.104369758369132
0.0356615580270478 0.0830546947212521 0.0228739534995989 -0.121482874079938
0.0753833336279355 0.0612448987606814 -0.0379790086110702 -0.0851140435380481
0.0855579293011208 0.0380920659244884 -0.0481103921697116 -0.0321843604966536
0.0877375076227639 0.0386530333838409 -0.0519192923305353 -0.012050192592144
0.0533553049441614 0.0692269310108149 -0.053790826235626 -0.00799148943307543
0.0224233624177362 0.0946015501136397 -0.0736190113475801 -0.0163055166729396
-0.0626234842095618 0.113906082135577 -0.0688971629103237 -0.0427168203012277
-0.138431583298589 0.0594021450051438 -0.0402802280268353 -0.0743031109703135
-0.146003625344982 -0.0626045402173919 -0.0447072124025628 -0.0691624090070008
-0.107493358900697 -0.168100875374254 -0.066407228887458 -0.0496107082435333
-0.0654300481451565 -0.190921185570896 0.0577024186865157 0.0437574076548114
-0.117541792198836 -0.157633849103805 -0.0113657320261485 0.120754406949779
-0.188145243884783 -0.0455530495756512 0.0829199327106343 0.162253484805512
-0.164128580559563 0.0775967225973774 0.165760437023566 0.0786699977365338
-0.042498127591166 0.134953126472032 0.129382696583878 -0.0570936263252664
0.03045395840887 0.106734603897067 0.0489672056199801 -0.0809388451673423
0.079519584893626 0.0843444092065827 -0.00314839765454373 -0.0601198755164166
0.0956811070093113 0.053934320965003 -0.0164986328721288 -0.0168310924732499
0.100295588946786 0.0509729620291303 -0.0215330101871036 0.00618104258509468
0.0619094825772052 0.0797870032718752 -0.0291514698821625 0.0169187841342314
0.0244227970676134 0.105210110575739 -0.0606958200869874 0.0128594589085325
-0.070785734890796 0.121966488438893 -0.0696530456937792 -0.0166475804521602
-0.148258736525928 0.0566950906985168 -0.0469785535696831 -0.0553343235821908
-0.144381548882613 -0.0717428477577128 -0.0340819315857322 -0.05309183386575
-0.0933393248780768 -0.176390206266552 -0.0459140525147006 2.6039932875832E-05
-0.0323236761911311 -0.174310918588904 0.0580286986682571 0.108257629857375
-0.0814288693977128 -0.169728771879886 -0.0157173169892446 0.151851722667281
-0.17028748199818 -0.0805970489535074 0.0497199402591658 0.178445911666537
-0.174421638677603 0.0478136596393181 0.132206851859099 0.115318126594941
-0.0608021879884644 0.12870497055752 0.120599323424289 -0.00701065236504002
0.0220128382823549 0.109345380141533 0.0650419761956324 -0.034170292272343
0.0731862041702035 0.0896468544541295 0.0279459585358297 -0.0282548938291729
0.0926233169333869 0.0605748806159856 0.0143650349115351 0.00192258012166584
0.099553691150191 0.0555604217939165 0.0101571804067278 0.0258681212899916
0.062383937670367 0.0814082842339591 -0.00445855289121683 0.0423721894399242
0.0220686452260038 0.104497518777895 -0.0475629996022712 0.0414283809611538
-0.0752998291986325 0.113040188653297 -0.0689784368362333 0.00633853504423209
-0.142042065792908 0.0410221728198898 -0.0517457599918586 -0.0395329714671645
-0.123045301791042 -0.079303349778956 -0.020836890330741 -0.0403247769060379
-0.0644908883095084 -0.164429686378848 -0.0256496997344317 0.0459804948205759
0.000289780037978308 -0.123286815880926 0.0524164605443968 0.156312189857763
-0.0329047639757571 -0.14260966424815 -0.0186963852637282 0.167470529800583
-0.119961130809551 -0.0895887247392585 0.0156471983902163 0.172820917303408
-0.145942529470719 0.0147612340793879 0.0905324124912325 0.132031480257967
-0.062098977943686 0.0982215250068149 0.101618273560825 0.0364039276795261
0.0124611738938786 0.0915388275882981 0.0725141507829576 0.00993589836573356
0.0572540651058164 0.0784426491946219 0.0534823321460087 0.00333302633339608
0.0764480565133435 0.056988702314189 0.0426628575334153 0.0203285908256041
0.0840014057635289 0.0535794406386072 0.0373400978958769 0.0456490824142972
0.0532606571199746 0.0755916070052365 0.0163266264740771 0.0669926997031864
0.0129065205037819 0.0944059690723281 -0.0382381104559362 0.0666103678309843
-0.0744941460995246 0.0908589607628794 -0.0692756497893229 0.0272036428498634
-0.123927151185917 0.0181893733663454 -0.0577278555381824 -0.0262512168372934
-0.088808560656644 -0.0816716743705176 -0.0100856365670065 -0.0295443352074388
-0.0258100157860686 -0.132786790993062 -0.00917167500381988 0.0843424272025801
0.0279627784096224 -0.0507688011906819 0.0544195263444554 0.174886194885775
0.00803938892449225 -0.0869749426785456 -0.0078543059783101 0.165123592916176
-0.0601838305724072 -0.0689146377940775 -0.000580720136389348 0.152975119012076
-0.0932035925587034 -0.00488324202670597 0.0599646413957941 0.129234330264861
-0.0459599409442742 0.0586007341042774 0.0849546884025006 0.0625847947816429
0.00729671641648733 0.0593451270746029 0.0779294414736756 0.0383579053904161
0.0371963489064165 0.0531244974978693 0.0730376136391203 0.0250869582494678
0.052233950060625 0.0421718705447833 0.0650513869942691 0.0319615481139447
0.0591489858813305 0.041671075251867 0.061706519152165 0.0613546311201261
0.0397732360758261 0.0600847761806825 0.0325882032005402 0.0886565494135539
0.00451537496180347 0.0744704779218569 -0.0327379525622625 0.0910227496491453
-0.0682921775388002 0.0595627522261795 -0.0761695705626339 0.040064397640529
-0.0921271168876159 -0.00800075749596025 -0.0656581446476735 -0.019920637224148
-0.0437568168963296 -0.0765398043331437 -0.00302726979261767 -0.0212246899025864
0.0185678300207366 -0.0864899014909508 -0.0017463780554592 0.113042154637076
-0.0461859087729545 0.011377037299538 -0.0043534995081351 -0.137682756819928
-0.00328028696658909 0.049878324127121 -0.0271676569227167 0.00097597623955532
0.0385102996699073 0.0364577113796537 0.071606311447498 0.0416901723967479
0.0458194269374219 -0.0138610055990989 0.103944803057994 -0.0320969827370351
0.0088935174031597 -0.0350893228367786 0.0619501580180873 -0.110848967582856
-0.00935109491433471 -0.0269478987897537 -0.0216098500313091 -0.131783410465254
-0.0104917938104651 -0.0282907653022305 -0.0731945988589587 -0.0914865660583567
-0.00988188336949288 -0.0258605840106148 -0.0817129235135529 -0.0526781271286827
-0.00334967164856383 -0.0231971101385484 -0.0838893307439034 -0.046693434884325
0.010559257664392 -0.0155238872816278 -0.0820688218605659 -0.0628854702765419
0.0263433989284057 -0.00202972555112294 -0.0702736534054716 -0.0820489654437051
0.025540263237238 0.0289952156424739 -0.0299926393599908 -0.11023178078494
-0.0128992240328525 0.0522989106565047 0.0163761603801156 -0.129750718784063
-0.050117715141555 0.0211107697042081 0.002229478058012 -0.12789618636517
-0.0570969480618504 -0.0167618185062092 -0.0546372477771721 -0.166286588195347
-0.0741117525289783 -0.0581237929254078 0.0163296737135036 -0.120433464495239
-0.0557939211129743 0.006510230917622 -0.0216090553594664 0.0145939668099918
-0.027250833713557 0.0380375845928421 0.0881151046856408 0.0622165038763521
0.00220640621908083 0.0269553712854152 0.133306803021331 -0.0239522444640514
0.0107516601266019 0.011737341723915 0.0802664307950268 -0.122866043862186
0.0101119923051239 0.00751711852576773 -0.0125588377823713 -0.143790531341954
0.0233014780553757 0.00166519902328817 -0.07136368128262 -0.101744913012951
0.0267151447070877 -0.00192818955152476 -0.080699823191581 -0.0545235695287263
0.0279119680181824 0.00454942106243266 -0.0835318196105757 -0.0449149633642238
0.0187288214339068 0.0228252583424589 -0.0794299252133048 -0.0559004995861587
0.0118300328368602 0.0366644007637203 -0.0727836916356334 -0.0718731974188661
-0.0231948334260018 0.0517548182182662 -0.0397411260926109 -0.0952704665230572
-0.068076139193705 0.0375145141191335 0.00191883381875284 -0.11473474466226
-0.0836060372360671 -0.0295207415206576 -0.0199481624134258 -0.11251718381252
-0.0738171255289995 -0.0899295287835519 -0.0659825859479429 -0.144783303155609
-0.0850320073218337 -0.124711130470701 0.0353668573146298 -0.0811051180307518
-0.0988982555634385 -0.0538431245349718 -0.0174347483133805 0.0414204897178388
-0.0993409590242477 0.0219564890604565 0.0992490460978644 0.0955074168575903
-0.0572343567833447 0.063494285858507 0.161807079174311 0.00199309150569962
1.97796413015632E-05 0.0646399734482666 0.104282312794129 -0.118559305084639
0.0242141406724469 0.0476266349543262 0.00687172842522741 -0.140846576450022
0.0519485914274842 0.0345954076161939 -0.0571158002663389 -0.100206874209955
0.0586505776131445 0.0223076674880607 -0.0682331404569456 -0.0485934379412299
0.058589759580841 0.0276108766283929 -0.0723110303603548 -0.0325570601579966
0.0329530533404978 0.0528780153241066 -0.0709281481428265 -0.0365053984988507
0.0100735458765688 0.0710622296002444 -0.0760755913847237 -0.0499201374368109
-0.0550359183957382 0.0825364615850763 -0.0549171170491399 -0.074064336498788
-0.113381583679291 0.0409060071968593 -0.0184800617102176 -0.0975840059405453
-0.117912610273147 -0.0594755198109851 -0.0357030715683152 -0.0929270779923157
-0.0898959700664346 -0.144002402654874 -0.0702889530118404 -0.103581218965018
-0.0878323830601507 -0.171340321577498 0.0496671929497414 -0.0252927268578279
-0.127890937675475 -0.111950161759321 -0.0113186288572169 0.0814128452955421
-0.161822213086147 -0.00247799339986277 0.105050249516689 0.130423748902987
-0.118536775085768 0.088816894622328 0.179392264920489 0.0326755677575368
-0.0148867671628258 0.112538697989359 0.1198504321137 -0.102387293653536
0.0343761123123402 0.0840835214107883 0.024363030373977 -0.12156882726047
0.0755474971805129 0.0616106297135887 -0.0373631690888516 -0.0848468981934525
0.0858906260524706 0.0386372294437904 -0.0471990779478056 -0.0325611228059314
0.0868878843309085 0.0394358396828963 -0.0520764872796271 -0.011666998179197
0.0531882763579846 0.0701632577178507 -0.0553060831325602 -0.00827583221760667
0.0205256480560651 0.0951007582052103 -0.0746638883856843 -0.0163783821228902
-0.0645552125178801 0.11415743842384 -0.0695118690522331 -0.0442143508470715
-0.139155102250925 0.0587296415927161 -0.0395332700017649 -0.0772141928907852
-0.144998668457151 -0.0651479764538608 -0.0422155562949241 -0.0708761987380727
-0.105523417282484 -0.170445641036269 -0.0650621001076187 -0.0507027146461868
-0.0622608998518017 -0.192456067760457 0.0579045799143548 0.0448211301798577
-0.115512547111177 -0.161127182028741 -0.0141695675754866 0.121195364083871
-0.188388441448706 -0.0496911249764197 0.0796557573193149 0.166224445946641
-0.16726067310614 0.0765237969470985 0.166865731719444 0.0834591210777701
-0.0441259859697001 0.135282362808165 0.130133296755299 -0.0550496212535678
0.0283429091261303 0.108360898031777 0.0512755488016688 -0.0806096965310759
0.0792668552955739 0.0843994117931972 -0.00293161739472155 -0.0597388863744487
0.0958784320969809 0.0550965022855834 -0.0159540203125473 -0.0166472799316352
0.0988926095695982 0.0518533696068424 -0.0216207190710869 0.00666250126221885
0.0614478704066606 0.0808145616247282 -0.0302358917003574 0.0165648287183776
0.023416806643523 0.106298691751252 -0.0622386839389996 0.0126129031965959
-0.0727799332390507 0.122075036540177 -0.070774832060549 -0.0181827624349241
-0.149006968472481 0.0550298374100584 -0.0469844248942098 -0.0576630679740494
-0.14308299638542 -0.0743116970098665 -0.0326113864938234 -0.0545830949471854
-0.0915209013974856 -0.17878018455393 -0.0450394044527996 0.000568514274089068
-0.0295538349204478 -0.174944544303178 0.0569522918885344 0.110795324519673
-0.0789241798080075 -0.173380564368825 -0.0188403258473377 0.153028942347449
-0.170172173974201 -0.0849164843523488 0.0459869769779119 0.181918549801089
-0.177430058452994 0.0464362691340738 0.13356038395914 0.118710677092863
-0.0623305250765888 0.12802646342958 0.12125254323328 -0.00476217054683535
0.0200402800212829 0.109774296460721 0.0664703468723547 -0.0336495880987191
0.0726914469979847 0.0903075832955584 0.0282177739693393 -0.0277382298585661
0.0927565444274661 0.0610758524370783 0.0151296523691504 0.00253542135858104
0.0985336269212294 0.0557976885610808 0.00884080319769753 0.0271434287943938
0.0627279163463688 0.0821996472710788 -0.00561361660160939 0.041905504857525
0.0203116142041733 0.105568925357603 -0.0499338535638291 0.0406192918570014
-0.0771384060728013 0.112948864064151 -0.0698722222695936 0.00598829774201845
-0.143256207851748 0.0390428347830308 -0.0525836465697015 -0.0413829787896055
-0.122097855768902 -0.0810122782141461 -0.0198078691162109 -0.0416471310888504
-0.0620656837440425 -0.165441755294966 -0.02594818619434 0.046005739404113
0.00311417577974193 -0.123809126022936 0.0501654761446551 0.158241493723127
-0.0308308845455007 -0.144615696087354 -0.0225280947283583 0.16854469929096
-0.11888922022693 -0.0923514579256385 0.0120272074202514 0.175195215299731
-0.147535438493696 0.0134607867334842 0.0900375213833419 0.134903977832357
-0.0635852273637143 0.0975179776523539 0.101362009139466 0.0388151304286474
0.0106650056599086 0.0908703918419256 0.0738949730041098 0.0111924059579176
0.0574733005529192 0.0790416946249561 0.0537843131185106 0.00353804282992673
0.0771769403924848 0.0574477182388787 0.0420920900393067 0.021189276130648
0.0830300558575898 0.0537048515642072 0.0361463302160076 0.0456195341459898
0.053387118162929 0.0757691881347868 0.01500818400783 0.0666963694774139
0.0120060067566657 0.0948552234061575 -0.0406561873771141 0.0666497545851991
-0.0761167081736776 0.0912538747067197 -0.071187107984037 0.0259914150455038
-0.124174534155771 0.0166671689472459 -0.0583370853012094 -0.0283915849433308
-0.087130234877239 -0.0831926535113233 -0.0090645357346765 -0.0306284731560282
-0.0235865909880421 -0.13390231945111 -0.0104480869775875 0.0851465368493337
0.028979778068499 -0.0506832210947817 0.0503830548577311 0.177428423190297
0.00953140865031446 -0.0874562776673471 -0.0116666154034623 0.165658812866788
-0.0591227387501084 -0.0703537414424076 -0.00538154648580229 0.155054626330301
-0.0932484484974077 -0.00652518934996445 0.0587741552430869 0.132148523337549
-0.0462022429471728 0.0590580109527156 0.085848679584983 0.0644856448965354
0.00624986618733184 0.0586350892649074 0.0780569267021058 0.0390463299466185
0.0360066499716796 0.0531532753826079 0.0736912777334581 0.0258214967771031
0.051716939882837 0.0423851086855167 0.0648923258275733 0.0334790685963383
0.0588122186678156 0.0420954232129522 0.0604124043273949 0.0621795798987851
0.0398575106361074 0.0603363758862966 0.0308676867936992 0.0879221185393584
0.00402734542903186 0.0741575977798613 -0.0352134006785041 0.0916195172519689
-0.0694158647151191 0.0592834593135815 -0.0781281209429838 0.0400470350508411
-0.0922278670796328 -0.00925161989286867 -0.0664334286882722 -0.0222888271064351
-0.0420408266627506 -0.0771869206490316 -0.00162512203242389 -0.0223443833590633
0.0195295237532695 -0.0857235615227193 -0.00211506840727677 0.113934118566348
-0.0483466992855322 0.0102248909713772 -0.00321430730853072 -0.142054840389276
-0.0034520841674205 0.0514357605055458 -0.0287741283911574 0.000482812083603893
0.0396302344280274 0.0387301691485473 0.0733763533897992 0.0446054505541894
0.0468494875875589 -0.014633880778541 0.108983690399863 -0.0315251239810962
0.00948762394998374 -0.0353837282640046 0.0657748988883258 -0.114004675073442
-0.00952949223426252 -0.0271165998171371 -0.0228085393201135 -0.136479808547374
-0.0112243845573838 -0.0294172374644237 -0.0751418154139274 -0.0941875537785528
-0.0106296037100118 -0.0263617042925426 -0.0835990599965034 -0.054676799382446
-0.0028990051296028 -0.0241049448913604 -0.0865437312094582 -0.0480736031692603
0.0113753691492822 -0.0155292750734889 -0.0856645659858459 -0.0645709584746458
0.0275521856218475 -0.0024186287563564 -0.0727083572928311 -0.0858700090558871
0.0257975534798198 0.0302448290111012 -0.0292709300580964 -0.115289032174078
-0.0133113817009413 0.0538448146078259 0.0187436578401416 -0.136098927591729
-0.0515017592428057 0.0204810379184058 0.00548175188230041 -0.131632859919723
-0.0591807744391733 -0.0184580877383872 -0.0526479077638154 -0.172694636871212
-0.0764093842845043 -0.0612268430510489 0.018905645696732 -0.123954891218955
-0.0585437784141755 0.00618709622510424 -0.0231876768125267 0.0147093818865091
-0.0283527241549743 0.0396715731719465 0.0907660386197317 0.0661922607900016
0.0013734827847297 0.0279868825906235 0.139679380453421 -0.0217673181500449
0.0104369724012852 0.0121837899530212 0.085136705066102 -0.125311365666768
0.0101631576205641 0.00904607170595532 -0.0129953906529361 -0.148927312462544
0.0245919031026817 0.001686636123948 -0.073341105651509 -0.104161308990467
0.0273731560414416 -0.00207610047843456 -0.0825128698008087 -0.0563464548187991
0.0285133653719825 0.00508985207389419 -0.0862210433862865 -0.0457740640578393
0.0194660935950499 0.0237987669657278 -0.0829032336982493 -0.0572176608743043
0.0123641277763597 0.0379388967019456 -0.0758222970345492 -0.0753964547633157
-0.0250512043310198 0.053670926271635 -0.0392658819687816 -0.0996195551945243
-0.0707054636337554 0.0380170682983849 0.00327114059145215 -0.120281780966475
-0.0851092985341726 -0.0327386856741347 -0.0175516066619105 -0.115493439278487
-0.0751012733413891 -0.0944350944382419 -0.0653300233407169 -0.150466123853381
-0.0871725850933371 -0.129480279701242 0.0383516632081609 -0.0833502863941244
-0.101722992198789 -0.0567776952823075 -0.0191203275974638 0.0431542570370841
-0.102997283425765 0.0222000845536745 0.101949540597792 0.101357446739368
-0.0605303770774713 0.0657470779407503 0.168611471943569 0.00489280570711859
0.000432521621599697 0.0665007321896228 0.109070502900452 -0.120642209823162
0.0244517654921032 0.0498772433568868 0.00720158354897548 -0.145430975374011
0.0537041300824908 0.0359858068621302 -0.0584387800936556 -0.102750670904897
0.0608411633981204 0.0229002064586358 -0.0692593889693232 -0.0502382669118768
0.0602872682181194 0.0284801917030119 -0.0738244875911607 -0.0326926792014683
0.0337512672585982 0.0548095712297191 -0.0741762451376948 -0.0380169879940817
0.0101690633181522 0.0733024306764065 -0.079520457805269 -0.0520188382063243
-0.0575955712445391 0.0857621724728801 -0.0558555341402167 -0.0776451564264356
-0.117275224610444 0.0417145268127188 -0.017530202399153 -0.103397767426172
-0.120337226046966 -0.0633678356058512 -0.0344323793749319 -0.096326533131683
-0.0913044196691844 -0.149865623156394 -0.0704156230405028 -0.107761476125173
-0.08860506339683 -0.177986482712552 0.0521286387416538 -0.0261229369253663
-0.130837022801722 -0.117466423736489 -0.0132098167148001 0.083883539496712
-0.167688493120391 -0.00421469058774286 0.107163215116274 0.137846331608205
-0.123957655420135 0.0920253805024941 0.186730858432264 0.0368128730688559
-0.0161804050984871 0.116467072717056 0.12444215581937 -0.103552104777917
0.0353844133151985 0.0880952509147463 0.0252400915096154 -0.125441262808794
0.0782217568187202 0.0638131578926536 -0.0380567796447638 -0.0864456787533993
0.0893724064972438 0.0391476098990595 -0.0476274010363439 -0.0340114110324185
0.0890594601156602 0.0410708868397289 -0.053270745938825 -0.0114438770446097
0.0550228731535302 0.0729083143657676 -0.0579263748104153 -0.00909285667037786
0.0215047774715667 0.0982451256252207 -0.0782611320683433 -0.0169982899563245
-0.0670825833069844 0.118617418274691 -0.0714406784766654 -0.0471595566953354
-0.14395999856867 0.0595962678705125 -0.0401752800860739 -0.0819110095799768
-0.14820965953582 -0.0688506779204103 -0.042500429391138 -0.0739427452995099
-0.107328691454958 -0.177806825219955 -0.0656662706957368 -0.0527672836448899
-0.0607049567699019 -0.199337840989633 0.0599064631316602 0.0467658309582948
-0.11765682645528 -0.16885074728115 -0.0165829301060737 0.125209408892151
-0.194221023258182 -0.0532996917142948 0.0804074600737454 0.174605070846354
-0.174453994552392 0.0792994949718085 0.173020616022696 0.0890451738664333
-0.0462856484891805 0.139072832304106 0.134782600460533 -0.0542221187350383
0.0287667588564764 0.112636572271109 0.0535840161336745 -0.0837637670471678
0.0821797559821124 0.0870114898027234 -0.0027185225065713 -0.0609983551409668
0.0994620217022831 0.0563245524486332 -0.0162097544970191 -0.0178219234520392
0.101410509878456 0.0526472155643168 -0.0226680802087556 0.00774486029543908
0.0635895162968679 0.083204964874296 -0.032582969907484 0.0166012880550879
0.0232398371271482 0.109366415349342 -0.065826721850656 0.0137467855797061
-0.0759437912760872 0.127020004195559 -0.0736903769779838 -0.0193209037887574
-0.15387448411349 0.056242844828141 -0.0482808583551854 -0.0623337594070724
-0.146624877549554 -0.0779211686405289 -0.0328917487803472 -0.0571673526610448
-0.0926958721532812 -0.185486217750007 -0.0456549917204582 -0.000256863462753586
-0.027109375017517 -0.181232932458811 0.0573915984593286 0.114924287203678
-0.0789950339281009 -0.179867651344272 -0.0218900139098151 0.157184366110674
-0.175801641679941 -0.0890271135182654 0.0442141132652297 0.189694817310767
-0.184482700820389 0.0479192516397252 0.138565656727209 0.124903012803327
-0.0643795806207266 0.13244505286354 0.125120286998844 -0.00284048191939555
0.019600175563568 0.113990527627364 0.0697208430305886 -0.034424369220702
0.0760085101016206 0.0929557612378576 0.0284534177476725 -0.0282185580432043
0.0966169964695817 0.0629108240986805 0.0156322364167609 0.00257733738487883
0.100581776046085 0.0576080590490244 0.00841131766987356 0.0287922938352256
0.0642880042527201 0.0852891671812982 -0.00690127592752199 0.0431523942761176
0.0208045501979701 0.108663577430089 -0.0529349389186498 0.0422317663101341
-0.0805105594165826 0.116580858299688 -0.0735055506402326 0.0058663878749749
-0.147523344107416 0.0396499540507352 -0.0541173092080468 -0.0448005864243658
-0.124553977242955 -0.0845521589478697 -0.0201113763349884 -0.0436193802123016
-0.0632953929583363 -0.171641994579101 -0.0260755859920247 0.0477172808983208
0.00549253777934053 -0.127803458642753 0.0493882231919471 0.164405889101122
-0.0298750674186744 -0.150220337757045 -0.0264366940394665 0.172736647698052
-0.122512548448763 -0.0970687657941118 0.0087951761380387 0.182639617472205
-0.153361982882121 0.013037516171252 0.0932715899651303 0.141120643742464
-0.0659660883868627 0.100575554928638 0.104167375344915 0.0416580518819783
0.00986030899149329 0.0942659682967711 0.0768173575546745 0.0114413093169265
0.0586957235609905 0.0817525574791925 0.0552543723012042 0.00410934193588418
0.0802933385128296 0.0592883096913543 0.0430951495628705 0.0219987966137627
0.0847194702521383 0.0550259786254866 0.0365320175547441 0.048563848532166
0.0548939484996891 0.0785224352659909 0.0140378022328686 0.067943075265676
0.0121672074877582 0.0978099106536103 -0.0437747551122129 0.0691709577327477
-0.0791653614348069 0.09463890919094 -0.0745323351547582 0.026767881234821
-0.127878872093813 0.0167905377408856 -0.060360002722658 -0.0312848352966303
-0.0883431762439695 -0.0863675964610311 -0.00849852962985449 -0.0330808803373744
-0.0233648603519961 -0.138227853017259 -0.0105579713337867 0.088295692334764
0.0317087500410858 -0.052332631160671 0.0490631950348912 0.185302285436481
0.01112794608252 -0.0909772619921031 -0.0154730948045927 0.171289247305685
-0.0603828164177334 -0.0733632718376707 -0.00807724883842478 0.16123475523852
-0.0972168516242164 -0.00629926986087359 0.0603402048217215 0.137377161596583
-0.0476734334399972 0.0598869872780719 0.0879487762974712 0.0675251610347712
0.00559156273126093 0.0596728593593597 0.0820710887582126 0.0411852346647224
0.0374423964982196 0.0548184178044532 0.0749819996857388 0.0264718245163858
0.0540588152737454 0.0439060197910857 0.0656940312645013 0.034686894807541
0.0603404308519226 0.0428101310205707 0.0609628028167468 0.0649725759051144
0.0403764042168382 0.0622340149547689 0.0308285593798867 0.090328284172843
0.00361773179236285 0.0770082348446447 -0.0381450907045188 0.0944608376269106
-0.0721809877834793 0.0613906551940257 -0.0821038402292335 0.0398333554414654
-0.0949341157386556 -0.0104810184673194 -0.0681908348713376 -0.0246248239924616
-0.0411528154558541 -0.0794029463662139 -0.00173104939704987 -0.0249158071739193
0.0208522943115128 -0.0887605481488439 -0.00325439175546543 0.118054582595247
-0.0506733771629914 0.0144671180411365 -0.01109564146262 -0.150875324051197
0.00127427454208853 0.0533549114035062 -0.0350263771812288 0.00283775348426277
0.0460311824942394 0.0346849717838413 0.0763380411363315 0.0461467428426993
0.0482100899292669 -0.0215155997916353 0.112828625416279 -0.0350892773424949
0.00562716168175916 -0.0391853959121077 0.0634239229704915 -0.122731024161483
-0.0143891969602389 -0.027237456320645 -0.0323269116615812 -0.139803164426704
-0.0161594176964912 -0.0295469797767559 -0.083170461161017 -0.090493375659091
-0.0138504541832598 -0.0260433665751895 -0.090631769005601 -0.0508829356180348
-0.00546747067348408 -0.0235647130112238 -0.0949351207384474 -0.0440772441522311
0.01095255360619 -0.0171291296226894 -0.0969368888065899 -0.0619670751802763
0.029898263103664 -0.00565331368419358 -0.0844638988782373 -0.0863252850046373
0.031593213504356 0.0293864926889413 -0.0402857729983478 -0.124278545291416
-0.00668061581136487 0.0583656703280534 0.0110537340133886 -0.150845778360003
-0.0506621432195834 0.0252566785213572 0.00251885315440252 -0.140017161039568
-0.062421622017324 -0.0167854972059315 -0.0614015229464537 -0.178792511599125
-0.0860904916868597 -0.0556133279037976 0.018360396911356 -0.135143419074771
-0.0588167220397954 0.0120199592740708 -0.0250456344898411 0.0141721971699223
-0.023472403014891 0.043060029109221 0.0962744825298227 0.0616586335139021
0.0068477579061333 0.0278522250730041 0.142739820363404 -0.0319065535689908
0.0111037319021802 0.00911700186624257 0.0787998264974888 -0.136048405198444
0.00951398240889069 0.00760634609359112 -0.0249751557971234 -0.152396629281453
0.0241739519494749 -0.00198544382304756 -0.0860464063720172 -0.0998249413204414
0.0276438721228876 -0.00434389847030221 -0.0895578184847796 -0.0523620778809668
0.03014523251386 0.00183280969123394 -0.0949556612304652 -0.0410310375605689
0.023800500483155 0.0226499165642441 -0.0940219566590772 -0.0549225589523289
0.0175746320409895 0.0368718576126937 -0.0876578906514534 -0.0748546931716054
-0.0188051563926181 0.0593322289445864 -0.0485309947036209 -0.108240567046092
-0.0674551896896964 0.0468281864558149 -0.00206441654582114 -0.133403239109098
-0.0902230272386234 -0.0288920849226838 -0.0221035453793627 -0.118783745106805
-0.0852701590150759 -0.0972004781332722 -0.0755715692576847 -0.148498956517317
-0.103616939628604 -0.123815845876786 0.0470915084023333 -0.0944547840228279
-0.109021323400443 -0.0474910844686868 -0.0142014569889711 0.0402957106197641
-0.101353267105473 0.0334327182117771 0.11190681525669 0.0918165175224837
-0.0522466270764416 0.0737752399203511 0.173234568750396 -0.0115734359415239
0.00622212698670716 0.0653673030230573 0.100060630716302 -0.132782047985185
0.0275872507290785 0.0491894873031187 -0.00565500093077559 -0.150682875101943
0.0591189724087073 0.0299063476236999 -0.0740344122004235 -0.0999948722593055
0.0642756974823496 0.0180796548185309 -0.0756307034743152 -0.0460272555140123
0.0648465688823437 0.0236243854017662 -0.0814305817151927 -0.0284176156717909
0.0412487401315834 0.0536731586757578 -0.0842976765562966 -0.0345777915581433
0.0179700421459273 0.0734591191243169 -0.0910590119933708 -0.0502754253350505
-0.0497192696787629 0.0944748902801381 -0.0659389872292304 -0.0843855641348428
-0.116042455055436 0.0538423651162747 -0.0210038629112807 -0.114757985058157
-0.13001966478494 -0.058299502512909 -0.0387163271679922 -0.093701632219298
-0.106983460760509 -0.155320649497693 -0.0800612004062036 -0.0997591747440027
-0.109386475732805 -0.173410745277004 0.0671993129014975 -0.0348582970093741
-0.144128140344186 -0.106011921286943 -0.00223348280396809 0.0814202877865514
-0.170166638966271 0.0135469672957033 0.122465684499398 0.1237377530737
-0.114406485139046 0.108740184403929 0.193508566093777 0.0145102492231107
-0.00486798383196808 0.117681609479018 0.114249134220455 -0.117251361798559
0.042429457249283 0.0870331949594132 0.0132042941549837 -0.131196859920269
0.0883722169722703 0.0567263249867355 -0.0540753945895242 -0.085017581341711
0.0947387272722328 0.0327676594855704 -0.0516660192379778 -0.0298392122320698
0.0953690027496306 0.0321693648999472 -0.0576176353428634 -0.00683783072243205
0.0642967336769408 0.0700413151943483 -0.0659901274298886 -0.0054503659563019
0.0315155966495656 0.0975159198482291 -0.0884206317286413 -0.0134481644539459
-0.0564460761235156 0.129402117191049 -0.0811215019733425 -0.0513543743898369
-0.143041662967406 0.0752068612403095 -0.0431400366577752 -0.0915248415361115
-0.160234679441028 -0.0629735925610763 -0.0440918439886445 -0.0685464698896221
-0.126894141383871 -0.18360089350343 -0.0717088812280355 -0.0386626777851392
-0.081789236200037 -0.197509978074637 0.0799225989075732 0.0426249545849137
-0.135810552341277 -0.159606465744672 8.497168610999E-05 0.124661672130505
-0.203882000299325 -0.0336523422495829 0.102333593054713 0.160925443948393
-0.166868605731683 0.102856848581502 0.184837092394863 0.0653348480106543
-0.0331646225132367 0.144526021492635 0.127445373840761 -0.0690193144723186
0.0390669051148831 0.112001705051343 0.0445212866178758 -0.0900928888509274
0.0956176624284004 0.0801770292422211 -0.0172997173642413 -0.0619631190552576
0.106967389517926 0.049826441184935 -0.0181218366733481 -0.0152200405374116
0.109216925825719 0.0440682614988335 -0.0235487811664063 0.0104151290633676
0.0740868383963976 0.080497348144363 -0.0369251982854189 0.0195598845868768
0.0345829993495805 0.109278265100739 -0.0732094444378519 0.0185371731182718
-0.063502081342456 0.1387569892636 -0.0809794204820676 -0.0211327629572931
-0.15416187591863 0.072162298024242 -0.0499964509192144 -0.0691134605488953
-0.160336958586931 -0.0718193626352366 -0.0330476799007591 -0.0510991971604002
-0.112947761409152 -0.192585003580083 -0.0487536634637231 0.0160048435776316
-0.0443318850973272 -0.182671514468782 0.0782915828207707 0.115905952341282
-0.0964102515107183 -0.175600765150324 -0.00343075539291393 0.161835408316182
-0.187725512877423 -0.0729597153041457 0.0675743555321708 0.181081862498424
-0.181912852593837 0.0711256216489126 0.152746770657524 0.104922095415313
-0.0522012110836177 0.139674792338324 0.120951717391476 -0.0154269352290743
0.0301789890874059 0.114571806084792 0.0646714090903018 -0.0401877007398834
0.0900783267046142 0.0872839347620525 0.018380713651097 -0.0322877555770161
0.104613393329454 0.0560092716526338 0.0159711929824906 0.00352625461883521
0.10822438133259 0.0486665466954412 0.011223683373454 0.0297599614110039
0.0747431375590778 0.0817920148337391 -0.00778812670235193 0.0456217735378733
0.031238608059234 0.108188293557127 -0.0566726598186187 0.0487681827052718
-0.0707166049727519 0.129061566794762 -0.0786691927559093 0.00514939743929154
-0.148739917884665 0.0543908992648268 -0.0554500730945465 -0.0498516916207227
-0.136802161213232 -0.0789351066813867 -0.0200390559733458 -0.0382213048995882
-0.0805546943685673 -0.178962796554375 -0.0272607583327476 0.0637659031073458
-0.0045753251727581 -0.131147569591497 0.0680979666094977 0.170086239016519
-0.0427406914180115 -0.149348348342461 -0.00912943801003107 0.18083840939371
-0.133969313368466 -0.0853699077921327 0.0295251494805452 0.181253240900523
-0.153403340749486 0.0332507256718315 0.108452100433645 0.127359708406615
-0.0551169575629598 0.108745657901731 0.104434946120963 0.0313386836861099
0.0188235876385612 0.095215856819375 0.0771007982758798 0.00610224130722839
0.0710904072308792 0.0774680116693801 0.0498074335336755 -0.00145924126906141
0.0877927791209533 0.0536337339142415 0.0461049225411069 0.020777353054828
0.0927718825505022 0.0482446132876301 0.0421298031627221 0.0491908614989112
0.0638593620942651 0.0756183679366604 0.0167185093901522 0.0699603152363479
0.020682816540578 0.0982009218481228 -0.0440161311692808 0.0765252605744399
-0.0731195666207803 0.105739085855223 -0.0784215032783334 0.0293102839120865
-0.131116127600287 0.0276606119767988 -0.0617111133947194 -0.0328484312495808
-0.0985862626343606 -0.0842617665305943 -0.0103873513304737 -0.0278943066949572
-0.0366846187763544 -0.146738710356103 -0.0101568866139588 0.103061159427326
0.0304532861167971 -0.0566670686441255 0.0622868002896781 0.193142621543567
0.00451373096316064 -0.0930896918144027 -0.00281495484030097 0.18033667160895
-0.0686362141024609 -0.0674686590945268 0.00697084306042768 0.164252605503147
-0.0989818416098703 0.00618517950847826 0.074103593088466 0.131162966418256
-0.0405027176708612 0.0663200286532336 0.0920986319242001 0.0605784928393914
0.0111738527669588 0.060548209814233 0.0854815933394314 0.0358558769458584
0.0472315193853914 0.0527201108833655 0.0754769857104016 0.0192378197200668
0.0595286715697609 0.0401636257287316 0.070996730897899 0.0321359469168353
0.0657834608699081 0.0372144021175623 0.0685915146640397 0.0637574961381437
0.0475330687919224 0.0604580349520761 0.0368301295012646 0.0931834337349804
0.0107809585026804 0.0774874744929467 -0.0373190046101882 0.102377517679876
-0.0685602146238195 0.0700004435891534 -0.0856197916354631 0.0455875808463833
-0.0991825393184665 -0.0021584956168267 -0.0708151193479984 -0.0235444786638769
-0.0483663160019243 -0.0810457192534512 -0.00491832229296182 -0.022619103906531
0.013933520831653 -0.095935827745866 -0.000790661510875998 0.129640984254748
-0.0529376871776031 0.0178550890566673 -0.0169242958675575 -0.156507370112132
0.00329298522252737 0.0542228432821821 -0.0372405405370301 0.00587428864369685
0.0495201547868121 0.0346204431147827 0.0824724161041388 0.0463269990524652
0.048567308220661 -0.0247579535879588 0.116971879747943 -0.0408465294196645
0.00411492268355779 -0.0400262911623006 0.060653584178862 -0.129817662353677
-0.0160607258416537 -0.0269812365445798 -0.0407568419132238 -0.141659619360721
-0.018614031141718 -0.0294519770372698 -0.0903307259079388 -0.0897180445959859
-0.0155777414960751 -0.0269404173901503 -0.095980905170368 -0.0488700289930942
-0.00741413581928186 -0.025181937633946 -0.100433959272822 -0.0403180330566585
0.0104434985087247 -0.0186245216228082 -0.104394775712374 -0.0580049935455663
0.030089304466815 -0.00780562942841527 -0.0915214915672708 -0.0857922051700387
0.0342360861098519 0.0289939443700624 -0.0470968485086268 -0.128429589024788
-0.00347627749329107 0.0605899845446559 0.0049055470962941 -0.158294959340081
-0.0524827833808156 0.0267539551946091 -0.0013796287812969 -0.144880101483727
-0.0659449113455161 -0.0152204939237543 -0.0698547031758926 -0.183120935070394
-0.0927927720442973 -0.0543535811187723 0.0139732822548573 -0.141774794083292
-0.0604045400181547 0.014646020604699 -0.0265403157361879 0.0160711473552468
-0.0223847448818434 0.0468708705636367 0.103483770017459 0.0612053016819938
0.00800101606032402 0.0292495361475463 0.148470460451422 -0.0385117603385052
0.0118378255206086 0.00905205560755707 0.0764040016251696 -0.143960336936294
0.00965338506556574 0.00842450565859214 -0.0341128114006161 -0.155967125507964
0.0244886084711342 -0.0032188809361897 -0.0933267139842159 -0.0984434567351181
0.0277589944785278 -0.00619340585569215 -0.0951751087350141 -0.0503748606635721
0.0312614142645809 0.00145298252878365 -0.0995991109750633 -0.0370312349906494
0.0261184103273495 0.0223271741991535 -0.101479066385407 -0.0509712562309469
0.0198267688921013 0.0368167096877024 -0.0948738595125613 -0.0743006185777382
-0.0163190581794547 0.0624381653150056 -0.0549838161186796 -0.111572887840337
-0.0671322900058616 0.0516042204669325 -0.00791926251439639 -0.140538107896873
-0.096070210326275 -0.0273297599300049 -0.0251834958666737 -0.121256770490192
-0.0931592883799434 -0.0979731988911485 -0.0826851796852796 -0.151816545960802
-0.112691493393873 -0.124714736988699 0.0451924555796424 -0.100490159860308
-0.115446834904046 -0.0451475504312162 -0.0148101629474063 0.0428504149134417
-0.103955785657642 0.0403499666663397 0.120997065010278 0.091450233182817
-0.0520365994584053 0.0798660111666863 0.180766907734352 -0.0193738386975427
0.00914763388283164 0.068327086708525 0.0987876778920839 -0.141653175300452
0.0308722599287532 0.0511297098089733 -0.013221504442787 -0.155718671065472
0.062661369003462 0.0282656987439011 -0.0802099456763582 -0.0984400393240618
0.0668055277605845 0.0152585338300999 -0.0799605810145953 -0.0437693987266752
0.0676583185705951 0.0210114437833753 -0.0849748739567948 -0.0243766699902294
0.045732180935054 0.0536310646903586 -0.0902662581304445 -0.0314532151200994
0.0224026811524102 0.0753149905608048 -0.0973800489760793 -0.0478023356602631
-0.0467798512696716 0.101788385738677 -0.0716612582226594 -0.0859890846919717
-0.117631330867335 0.0612365573554043 -0.0280330586776565 -0.120266846868282
-0.138342090256086 -0.0562582492876573 -0.0417709815950232 -0.0946255898608176
-0.118299457860168 -0.156810270600654 -0.0858294355579801 -0.0998659845574457
-0.120771508556817 -0.175042841421652 0.0681232989896424 -0.0394100908586881
-0.153931621920317 -0.104737157283119 0.000263983255307723 0.0844700718372735
-0.177030278404971 0.0224521269492764 0.133485471170478 0.124960105965043
-0.113728115965729 0.119325482083821 0.202374375353611 0.00635155327404769
0.000127086430341797 0.122774389534012 0.114320159057056 -0.125206078092382
0.0482544829548535 0.0888595251250463 0.00753233283998895 -0.136163975529277
0.0936336580144162 0.0533357742241574 -0.0590834197270798 -0.084028048863974
0.0999491713530253 0.0280743837977717 -0.0550088293344405 -0.0288557220690095
0.099559065509026 0.0289003030499266 -0.059017885856423 -0.00332678102356531
0.0706666775648481 0.0691090453155527 -0.0695246576421794 -0.00124185054744436
0.037130373666742 0.0996629223534992 -0.0925767652334009 -0.00823947293311113
-0.0518921637353965 0.138054618145462 -0.0864963691033197 -0.0495786472623809
-0.144283547172296 0.0843606739120676 -0.0506713569976016 -0.0955074403674089
-0.168835505315579 -0.0587913828463905 -0.0476293338129621 -0.0693758229483639
-0.141077458148964 -0.185010303136569 -0.0749872006075333 -0.0368107903341709
-0.0920251978243841 -0.20149246659183 0.0845517028463281 0.0406416358574348
-0.147522802902301 -0.161211720421267 0.0028812841137076 0.128934318971966
-0.212976339493143 -0.0259578643975866 0.112421045714043 0.165439820945605
-0.169183126723104 0.115400709989756 0.196053382990515 0.0603750578965594
-0.0268048438869992 0.151152770531027 0.128882290023567 -0.0751253144887115
0.0449255036628891 0.115680564641509 0.0427867927886735 -0.095450477888929
0.102966007224727 0.0776223544190885 -0.0201725539104081 -0.0627871814203851
0.11402266184315 0.0448348854753071 -0.0199286168339081 -0.0147747818522734
0.114469704392946 0.0398221147456458 -0.0239566660206736 0.0133549808432644
0.0805364966329092 0.0793504670977747 -0.0387886184789418 0.0223580547606032
0.0407122207496581 0.111313441762438 -0.075795046593394 0.0237438487008935
-0.0606653959263654 0.148100043264014 -0.0858836848973123 -0.0184985233050201
-0.154815273523236 0.0822297835495613 -0.057439435635342 -0.0723302726054103
-0.168052430446452 -0.0674696066305898 -0.0361052202218318 -0.0522760897438201
-0.126286284197904 -0.195230584462647 -0.0491748997575184 0.0190272838716165
-0.0535903254263214 -0.188247284396037 0.0862375165585672 0.11722657326693
-0.107498661454536 -0.17935070347573 0.00130707221267198 0.166609976573475
-0.197991841151727 -0.0666007614526594 0.0774950086201954 0.187558578083219
-0.185715380841283 0.0838999512208987 0.163975929245483 0.102489770206425
-0.0470787363966063 0.14671500049227 0.125386787325783 -0.0202977825537662
0.0360356139886138 0.118116256609615 0.0657192432187475 -0.0453252318986892
0.0979686595437155 0.0853899709191929 0.0172474082845453 -0.0333189639948535
0.111836670051001 0.052133821952235 0.0166640637293717 0.00234858544246691
0.114733686720678 0.0445419624242239 0.0127439732153048 0.0307852044683142
0.0812216605474898 0.0804178111429615 -0.0070515202213988 0.0472484986326893
0.0367582996335683 0.111252314014271 -0.0576027213926617 0.0538117392125282
-0.0666331760907426 0.137882061393932 -0.0824164434966252 0.00942418160692659
-0.151709356502324 0.06363182561137 -0.0616393161816819 -0.0508433587116148
-0.144597923649232 -0.0768993481430678 -0.0224380277457951 -0.0398866830421892
-0.0922039134303448 -0.181999897160812 -0.0240796941291597 0.0668272769598727
-0.0097489427875237 -0.136522667598525 0.0767948119571006 0.174582035606922
-0.0506663787452675 -0.154260152488985 -0.00338603438922187 0.18743760056755
-0.142614699343448 -0.0830280340747896 0.0364153762290423 0.188020674056357
-0.158082274816673 0.0427987205528529 0.118833210649181 0.127743380985279
-0.0519270263655344 0.114740967171997 0.109756098906222 0.0288384693993811
0.023085784844775 0.0976641636109238 0.080533380300076 0.00213995323172308
0.0772110986690614 0.0760690492180498 0.0519685763460411 -0.0030539688176933
0.0937724413994788 0.050539140256362 0.0484042854095076 0.0193662858035586
0.0980678368365996 0.0444076376240966 0.0453053393205781 0.0489371194936016
0.0702260574633481 0.0750079248656109 0.01954892885996 0.0716937055474292
0.0257845700912936 0.100424598430305 -0.0437401118751842 0.0814402542386428
-0.0699712706002858 0.113390617022324 -0.0809899700931544 0.0342037555478571
-0.134077103141106 0.0354844307833592 -0.0672700372116983 -0.0330465671503041
-0.10535413049748 -0.0830301915718663 -0.0115754915543264 -0.0300879145933135
-0.0449738479240556 -0.149582134356504 -0.00460331527653641 0.106731828560479
0.0290629345215689 -0.0607914064956971 0.0714993537075529 0.19879177971882
0.0010526605191226 -0.0974099501144271 0.003420532618387 0.186735415246739
-0.0736576601194447 -0.0667211932812283 0.0130269928027907 0.171278261411412
-0.101431027218099 0.0116081206224633 0.0825960510825381 0.132041397861398
-0.0386698180933482 0.0695048782764572 0.0976967611919649 0.059069620103476
0.0142931746164964 0.0615311778362307 0.0913692407447713 0.0324293839911317
0.0511799209566102 0.0516976105942384 0.0783545003510256 0.0166145859458392
0.0645548518277553 0.0384976373303542 0.0738196600463802 0.0301058118254859
0.0703631236156193 0.0361858560254045 0.0727054586576523 0.0627078233539327
0.0526891681612551 0.0590472839453058 0.0407327036611592 0.0939411509106249
0.0143835015392092 0.0800056973228605 -0.0349757109061225 0.108350323083041
-0.067108153899773 0.0768949638898977 -0.0872894700558176 0.0505364119837596
-0.102336347977208 0.00142660135651353 -0.0772748320506689 -0.0228453436761669
-0.0534837054129129 -0.081492054983174 -0.00539366912166498 -0.0242249040703292
0.00983729106869414 -0.0999810110018941 0.00539847896039466 0.134051269695527
-0.0533037460827416 0.0201264675522255 -0.0250125249373575 -0.157372523834581
0.00599782458489591 0.0540620979566876 -0.0385630099722217 0.00885317693768749
0.0519174402692534 0.0331334264194123 0.0870372738690929 0.0436832306808236
0.0482569020047657 -0.0270150390696352 0.117434867609871 -0.047452083945236
0.00186186225429892 -0.0396406249764643 0.0556962745035063 -0.134462481997078
-0.0172126847923539 -0.0254131770121265 -0.0488066056641175 -0.139875645787806
-0.020564216867934 -0.0286501809553413 -0.0959082129250779 -0.0848788424458708
-0.0178768389081902 -0.0258458878179155 -0.0988109213354118 -0.0439961206780475
-0.00838349568133392 -0.0236880539408124 -0.103010345048258 -0.0340040780486739
0.00976090927101319 -0.0193207489887683 -0.10914122549688 -0.0522708544616764
0.0300322282700169 -0.0103623199409331 -0.0981490959492665 -0.0823743783106992
0.0356007729259705 0.0272784202366093 -0.0536529993086394 -0.129626118270773
0.000517853005224809 0.0612603121512427 -0.00339516707222739 -0.160714595208507
-0.052493778275601 0.0282892024764088 -0.0052513240936496 -0.145783497114706
-0.0677001020527742 -0.0117559880768205 -0.0781657181607939 -0.182974773007848
-0.0966886074279998 -0.0504197821536043 0.00683566212745922 -0.144279824659238
-0.0606695964847292 0.0173451353670176 -0.0268953087718934 0.0189491681098904
-0.020475368189818 0.0489783982437312 0.108608191555606 0.0575665179969781
0.00987128068783545 0.0294402652337483 0.150187717081742 -0.0466009946607226
0.0131310695478434 0.0091947270459503 0.0703108227043078 -0.148553582580387
0.0107772999082419 0.00877327683529178 -0.0422524641015211 -0.154469176354219
0.0243815682577291 -0.00494682601377247 -0.0988900942737931 -0.0935060933096417
0.0276216775319676 -0.00835340438991922 -0.0977517372096613 -0.045253271773146
0.0318643254736291 -0.000945722162151528 -0.102817238511401 -0.0305221201891086
0.026959551270765 0.0212573575108188 -0.10607187985635 -0.0447696133967476
0.0221938543828244 0.0363274396917662 -0.0996495106741512 -0.0703984128785139
-0.0132179954146546 0.0643891106899429 -0.0615718773943549 -0.111825117904045
-0.0642550792275088 0.0551745470953834 -0.0159322581422685 -0.142851231696769
-0.0995423798627664 -0.024483607332885 -0.0293530803854497 -0.120999569975435
-0.0995948337467201 -0.0937937444053165 -0.0897556776278941 -0.149592678052904
-0.120413579469538 -0.120405239931747 0.0404933217414801 -0.104057972047691
-0.119008292021247 -0.0397577967250869 -0.0136405349793665 0.0445667151753436
-0.103441578969711 0.0462018619406625 0.127532685828545 0.0877358696214137
-0.0472326385850363 0.0852039452469234 0.183772614577169 -0.0291492495436579
0.0124483978773523 0.068402208990987 0.0933011251960864 -0.146808197804
0.0340968216652716 0.0504141604243849 -0.0216736372122356 -0.15550299445874
0.0644771481804825 0.0240160104473074 -0.0859102214608459 -0.0935292608119985
0.0688692133237302 0.0104115358328954 -0.0819202100368371 -0.040866161725196
0.0694802537837872 0.0178832404372746 -0.0869772570251198 -0.0188724188527305
0.0491939172610746 0.0518656457079086 -0.0942541925115738 -0.0259004228555929
0.0263340139595113 0.0744220975028322 -0.101542241130339 -0.0422876883452881
-0.0419012300756682 0.106000791488133 -0.0766540062894332 -0.0844939614915575
-0.115263488618927 0.0678307298800485 -0.0355774148542156 -0.121906278424208
-0.14262034086468 -0.0511481279442719 -0.045316426786136 -0.0942079132217247
-0.128501094378284 -0.152441509610774 -0.0898056230216179 -0.0968956341192499
-0.13011820581982 -0.171194534475832 0.0669233361115688 -0.0431762474640048
-0.161054202348269 -0.0984546670843873 0.00233993655040581 0.0855383794602278
-0.17800997654663 0.0309159028815959 0.141236024398729 0.121748429969159
-0.108488746298745 0.128521383862138 0.206867681424822 -0.00319368039812698
0.00574717393061373 0.123627529155147 0.109933628852964 -0.131739963243417
0.0543900692713134 0.087732416373662 0.000309308086794727 -0.137668532991069
0.0973178572683069 0.0481944906862956 -0.0637253827656989 -0.0803609264847679
0.102440449693822 0.0210997243438827 -0.0566319301187867 -0.026454071011778
0.102211770331976 0.0232508757037993 -0.0593593134745063 0.000443647482265878
0.0744733747400835 0.0658868756386142 -0.0714164126819851 0.0028306213235655
0.0425996818398573 0.0987987812925322 -0.0952366104229319 -0.00302109755668669
-0.044580764223659 0.142953780103533 -0.0903303464935876 -0.0472861309624682
-0.140814230226154 0.0928528523236431 -0.0569236965278138 -0.095254996615965
-0.173543024776022 -0.0517430087005987 -0.0500295882202035 -0.0686876537128454
-0.152192573291854 -0.179099757833494 -0.0756604994272852 -0.0337444650783533
-0.103098748756388 -0.200929405578219 0.0869401198311149 0.0374350456089283
-0.156339921336691 -0.156354449972929 0.00782508081235062 0.130445453456853
-0.21662141639329 -0.0151371499834014 0.122236803097913 0.163828752045781
-0.165002617083579 0.127165645921471 0.202825082120289 0.0513026778834425
-0.020268786768761 0.154747512498957 0.127834723953095 -0.0818461140701623
0.0516310499991522 0.114561580995088 0.037876212323881 -0.0993385500363648
0.107969889886442 0.0716860998581649 -0.0227439472596496 -0.0612251215179743
0.117451440910853 0.0371901387659767 -0.0197941678632455 -0.0145441165177749
0.117348814662685 0.0336512479702174 -0.0228860273960568 0.014933306756994
0.0855975779760055 0.0752816303571465 -0.0386526826784342 0.0257016779264666
0.0470536495220865 0.110028895000374 -0.0763294560498765 0.0286711558690282
-0.0523863442489899 0.153950030534889 -0.0889856688164752 -0.0148809566764525
-0.152360104153916 0.0911781635435078 -0.0632414495649387 -0.0717178178109483
-0.172342432262957 -0.060992670334122 -0.0383242030782753 -0.0527348528552322
-0.137937539846301 -0.189490470763195 -0.0471042422513514 0.0214535942154043
-0.0624167965477275 -0.187646928224137 0.0917730997366482 0.114812597673187
-0.116960929468669 -0.176589362967599 0.00809701845897632 0.168371591380625
-0.204139544533728 -0.0576146681271694 0.0867910064597656 0.187477514017966
-0.183043098146824 0.0958285970719596 0.171508186567463 0.0962158656556762
-0.0396188624540163 0.150552095590526 0.126394318789775 -0.0254780252830701
0.0428819713080201 0.117656471882979 0.0647111963488731 -0.0498426364436658
0.103178985320537 0.0791521859615184 0.0169979751549859 -0.0332025786350929
0.116358598166233 0.0450500824073475 0.0173528007655998 0.00150307530643397
0.117586627127339 0.038625370615559 0.013947105749473 0.0305574120956759
0.0863064563198727 0.0766042140895315 -0.00555831902594274 0.048627164330604
0.0431126985350662 0.109901797198602 -0.0556123427730531 0.0590558734795006
-0.0600331546961731 0.144546202859547 -0.0838199359079349 0.0131258462701469
-0.149719650432999 0.0722639988133364 -0.0665079732814811 -0.0499126906867442
-0.149325516091983 -0.0715905695231059 -0.0244999292794242 -0.039690912091268
-0.102832986790531 -0.178808362229597 -0.0194154336017782 0.069352717837966
-0.0157145261897984 -0.138129721649388 0.0848509690330105 0.172987929731749
-0.0586930671245411 -0.154151770519942 0.00348562817831892 0.189578983046237
-0.148174747629479 -0.0763351705710011 0.0453070613439018 0.189958010119433
-0.157909514182081 0.0520074532812069 0.126665860412757 0.123039483250694
-0.046501958162145 0.11799532844637 0.11290679438058 0.0241823496858081
0.0283298717048761 0.0976826185955988 0.0827926707614459 -0.00255487473143417
0.0833159530275209 0.0715423415768926 0.0521867825667008 -0.00603987442354426
0.0980658060054105 0.0445304312776071 0.0495237028993142 0.0168454684596504
0.100822577387481 0.0392896703740769 0.0477955352075431 0.0467850202089728
0.0746177162646663 0.0714714590584128 0.0220969934574197 0.0716461894783904
0.0313206438180295 0.100134694869881 -0.0404242389435137 0.0861232781836531
-0.0636505061181255 0.119324025723486 -0.0812810109533157 0.0383600444567816
-0.132724774492307 0.0432814604195541 -0.0710916671216277 -0.0318226658124363
-0.109736383313467 -0.0794295434458066 -0.0128423701407246 -0.0306632131229091
-0.0542531370187973 -0.14802025846245 0.00249616081897547 0.107731975663746
0.0270374056544231 -0.0639200180576701 0.0806860410665193 0.198628528690291
-0.00380331375898117 -0.0988733050759514 0.0108860156796218 0.188421864843469
-0.0779731103555155 -0.0640891997384666 0.0204673809028407 0.174528783098217
-0.102191767065578 0.0174863976849167 0.0897380835449792 0.130266786105626
-0.0350904502274491 0.0722487313974462 0.102257558198595 0.0549143942832315
0.0176578645564115 0.0621097815534708 0.0948680729365379 0.0274986198905425
0.0533996082202769 0.0479853100486338 0.0797640240371639 0.0122295091042435
0.0679408606702231 0.0340866993339753 0.0755706419976244 0.0264392880375535
0.0729657654895029 0.031652272795942 0.0770816226144595 0.0596964563596009
0.0567485517002701 0.0570042894442668 0.0453832205911807 0.0924651153565898
0.0184920038970956 0.0795585662793849 -0.0297272647361304 0.112023445936203
-0.064053013966217 0.0812435571135767 -0.0865514189413901 0.056076594540569
-0.102565413898656 0.00816212849128059 -0.0797090897569732 -0.0207046128142302
-0.0572150354645435 -0.0799553400684485 -0.00701596849556064 -0.0252028480224676
0.00471839472100031 -0.100811333670096 0.0132249955865298 0.134677517207308
-0.0536463924906018 0.0216941836971672 -0.0295988416650722 -0.155366112751934
0.00616443072580806 0.053352637106645 -0.038011704493356 0.012405054501514
0.052904733554473 0.0308036474301343 0.0895331107350847 0.041115606312405
0.0466895376547241 -0.028892512556729 0.117398496685887 -0.0505077492376992
0.00108898008112653 -0.03894282162652 0.0518069465913099 -0.13512313481791
-0.0175063376917465 -0.0237965313222293 -0.0527777073770024 -0.135654611366204
-0.0222122360718113 -0.0270359162336564 -0.0973134518861184 -0.0806641405755314
-0.0189341301373841 -0.0246868862203682 -0.0989826643744386 -0.0401929583796644
-0.00933821465997401 -0.0231314365416404 -0.103096170257176 -0.029518073119025
0.00896736457564995 -0.0194313249898731 -0.109981822031224 -0.0469772453171132
0.0294626080061967 -0.0118798350612174 -0.0999834126500744 -0.0784697130188672
0.0368155136035519 0.0266064472535431 -0.0574405633899589 -0.128600028351292
0.00264047553881475 0.0602536088897726 -0.00862819480152956 -0.159987418879146
-0.0526035692871031 0.0291031941851117 -0.00617702297900017 -0.144089587053268
-0.0676830489069551 -0.00992650423819018 -0.0817699867316329 -0.18003328739747
-0.0989057937879786 -0.0468570060234804 0.00280116081559486 -0.143455613056162
-0.0603367221303306 0.0189986684553875 -0.0265477259441001 0.0208974091121166
-0.0186993850589348 0.0495044293242032 0.111823938888042 0.0549273911436126
0.0107697111475871 0.0297462756681547 0.14893042477143 -0.0516073801679395
0.0127430854487662 0.00908028812624583 0.066614208283956 -0.149456982559636
0.0113275011653118 0.0087032634109797 -0.0468231550898589 -0.150448322559667
0.0229279122970012 -0.00572244493818668 -0.100140609913902 -0.0890356248862033
0.0259678602116953 -0.0096428708191467 -0.0977889195957496 -0.0415183592716266
0.0308403358071274 -0.00157762453823736 -0.101700226969765 -0.0259601644523167
0.0278480890972643 0.0203493999463069 -0.107059813657554 -0.0399709583828327
0.0228964899434922 0.0346243484227594 -0.101604609431775 -0.0657590316404574
-0.0105058958384354 0.0648458668826135 -0.0645212648963339 -0.11085925046405
-0.0621373961456848 0.0559718041027439 -0.0206161490175352 -0.142166465609997
-0.0998885671494023 -0.0227087095080097 -0.0303533371271988 -0.11852854642576
-0.102637751368362 -0.0900763272525232 -0.091966365665321 -0.146585520857114
-0.124166470690195 -0.115834609259568 0.0371318757772158 -0.105120394169153
-0.119765722041234 -0.0365978979705813 -0.0135159026523149 0.0461311229368019
-0.10083630319496 0.0497506308732315 0.131184126252498 0.0854739698524238
-0.0439185083727671 0.0862315375230304 0.182894849906495 -0.0344644938674087
0.014548443833411 0.0680709873171684 0.0894414011464851 -0.148164590921862
0.0365907735764839 0.0497116039376442 -0.0269837969048818 -0.152850072156616
0.0644279740405657 0.0211041637707192 -0.0864761159675347 -0.0889038496426651
0.068357712446786 0.00685322868589256 -0.0824090031538921 -0.036962305807126
0.0693555208288857 0.0138493252385289 -0.0858839390100416 -0.0145946154844726
0.0506305423221668 0.0492683808505458 -0.0945890096933973 -0.0207002543003526
0.0285545933502129 0.072597793718811 -0.102743357112816 -0.0381661515552697
-0.0370633609334775 0.106816852165825 -0.0794730208263849 -0.0834963791643059
-0.110922369067474 0.0707719546817703 -0.0400619430576339 -0.121522688129408
-0.143327092384991 -0.0472898018819444 -0.0451272857865434 -0.0924051771588669
-0.132658389067712 -0.147273233660726 -0.090410825810903 -0.0932990573579354
-0.135032335726124 -0.166707768596101 0.0651205253220351 -0.0453742789594584
-0.162926227576654 -0.093698906662257 0.00333040447355656 0.0852942775735772
-0.175273555549057 0.0377462553089404 0.14581397445308 0.117911973463549
-0.102315559929181 0.131728417690032 0.207320519527803 -0.0100526298196006
0.0104608770082471 0.123031276869139 0.106363815540795 -0.132569432757197
0.0570801649899043 0.0859332843403387 -0.00409205886049796 -0.137058441555493
0.0981489254469325 0.0435303973432831 -0.0642915276805517 -0.0761849972647532
0.10198204107671 0.0160146090888174 -0.0566973528370666 -0.0250616532399609
0.101352777196783 0.0189992163496231 -0.0575612053108023 0.00318039548903294
0.0761369435757726 0.0627738724510283 -0.0715604178835819 0.00652171512799488
0.0451920024052335 0.0960802247124982 -0.094852806348929 0.00102251571330337
-0.0385113623396009 0.144452240011602 -0.0919039373930471 -0.044321838028269
-0.135790836405037 0.0966435744295948 -0.0618854481351511 -0.0943539016657519
-0.173862120227729 -0.0466163410676851 -0.0499811758899052 -0.0673362979734176
-0.156766383428981 -0.172528859564161 -0.0740953182674745 -0.031774055422679
-0.108043342646421 -0.195577881389693 0.0871499830909438 0.0340943002756286
-0.159992469702672 -0.151389691967432 0.0104422238087063 0.129732649406245
-0.216099197050821 -0.00726995020416953 0.127451739176364 0.160701932297798
-0.158774366900855 0.132634094842733 0.203331473651468 0.0442401416464948
-0.0144675033445415 0.153657697662705 0.125577495143825 -0.0834403797659721
0.0561719710860369 0.112342578954282 0.0342818398366758 -0.100552670750506
0.109011521394762 0.0660128742389492 -0.0238367648074431 -0.0580784779568018
0.117655686437943 0.0311981896752468 -0.0201838723957651 -0.0138142004881147
0.1176846941429 0.0281009050033797 -0.0217734253180954 0.0161069221006936
0.0872866470989001 0.0711627275914917 -0.0389022672505704 0.0276795860151241
0.0500092352431753 0.107402192753117 -0.0751579143064949 0.0316651815343187
-0.0458114910315676 0.154820739362102 -0.0898549539995071 -0.0121285871591009
-0.147434862247538 0.0956989227576739 -0.0673583014894317 -0.0705967216204497
-0.17322394698665 -0.0554280784107738 -0.0386827492771818 -0.0510034942242629
-0.14432928111514 -0.183586214613214 -0.044016670086369 0.0223501729588184
-0.0672694058328829 -0.186271798762225 0.093892743882851 0.111623200217829
-0.122084348027598 -0.172413601369086 0.0112672395266782 0.1667592260716
-0.204229697824377 -0.0506968456833845 0.0922336315367266 0.186315571973597
-0.177437603180776 0.102078587013429 0.174398070320384 0.0895866131179571
-0.0349797550405873 0.150827617506368 0.125350059580995 -0.0283514283940149
0.0465534346124909 0.115190980678796 0.0632174809270512 -0.0530711073328725
0.105530004791974 0.0741072374710822 0.0167699327204673 -0.0330563408952134
0.116750003390715 0.0382196766819892 0.0161808629746839 0.000289981478953414
0.117854648847215 0.0334423615585795 0.0149613521680505 0.029870610247856
0.0883816265678765 0.0726450647734477 -0.00474192283648236 0.0490340183760778
0.0460188116343263 0.108094262379669 -0.0534275751550219 0.0606856887596178
-0.0534762854866985 0.146203513766194 -0.083105413737946 0.0155148703578359
-0.144560303219523 0.0769330515929579 -0.0700165986747482 -0.0493345974175051
-0.149876774712875 -0.0661018775681081 -0.024914167653624 -0.0398923846424601
-0.10822274571529 -0.173398467210876 -0.0162611612182503 0.0683213398317708
-0.0199475025091882 -0.137767395428311 0.0881714071057906 0.170378186785485
-0.06296912897482 -0.152186992002591 0.00738248344329723 0.187761241651461
-0.150136268398612 -0.0714959713530678 0.0503184014929309 0.188884830177629
-0.154613621229518 0.0572569519872083 0.129746287725404 0.118708038910005
-0.0429330362733836 0.118577768988947 0.113034852531993 0.0221421839841851
0.0314338454617559 0.0962231824352575 0.0825254789768312 -0.00684115206032037
0.0842963579629965 0.0666197162031291 0.0517607142033421 -0.00749550868488501
0.0989976339620627 0.0393699063236204 0.0494388075929267 0.0153723118062209
0.101488636120533 0.0345484931675232 0.0483581610452077 0.0443672085141621
0.0765305376318151 0.0675484830778364 0.0229398033522249 0.0698448596856791
0.0344311286269869 0.0984219085062455 -0.0377367332745039 0.0866180074515888
-0.0581516979940791 0.121212371501184 -0.0805073687369764 0.0402561204584443
-0.129035132854313 0.0474003791243162 -0.0738067129536647 -0.0307465948995982
-0.110607768491288 -0.0751147442491265 -0.0142448724656384 -0.0315345361143067
-0.0583873713805693 -0.144458011144281 0.00633985261244108 0.106116617068106
0.0249165579475766 -0.0645829941266529 0.0844604506328356 0.196148655118033
-0.00693372580919999 -0.0989259729272567 0.0138349313196782 0.186924327763295
-0.079039747001993 -0.0610147939871599 0.0242961809317511 0.175115168656637
-0.101187203769685 0.0206459277886517 0.0928867018417167 0.126755611795998
-0.0320131798261721 0.0719679281958746 0.103014010304354 0.0509311037254939
0.0185917997977774 0.0604975444973903 0.0960255036986215 0.02273836136205
0.0553449065882402 0.0459369184032881 0.0796181911255256 0.00965307824276729
0.0689257082976632 0.0302397055716758 0.0749673565518156 0.024191396764426
0.0727791510317539 0.0281428163910694 0.0771450199530876 0.0556123980350646
0.0584882772794014 0.0538526325510215 0.0459889926508536 0.0903164358846736
0.0220749647456065 0.0786108688717167 -0.0268236742707736 0.112308770604476
-0.0595592701681909 0.083920937881399 -0.0853209659330898 0.0575141599441754
-0.10111511979845 0.0116103649275463 -0.0814266801505483 -0.0196065090635451
-0.059266629112332 -0.0776763562378078 -0.00769847389740504 -0.0260106224450712
0.00114960303008382 -0.0995977269132497 0.0181477867822634 0.132525710882411
-0.0546741870525662 0.0220632729731031 -0.0310630160689028 -0.154871886796019
0.00550734160243536 0.0530711848050922 -0.0386643687044322 0.0140870861632293
0.0530926883480467 0.0307354141774142 0.0913575851672959 0.0403681467653035
0.0456412584583759 -0.028919470080494 0.117915663770472 -0.0516197351213818
0.00145023575894973 -0.0381473265772064 0.0510498687220514 -0.135267741611004
-0.0176268906368883 -0.0229283651472421 -0.0529234865689743 -0.13364039476474
-0.0230755228385438 -0.0263135475335314 -0.0973524581534605 -0.0785407858834405
-0.01948489978037 -0.0243761948255077 -0.098325677844227 -0.0393227338699724
-0.00998643724172395 -0.0228675287800811 -0.103144562699607 -0.0274596821608878
0.00865447369655399 -0.0194391851912435 -0.110528587794018 -0.0449567078722024
0.0281076214453676 -0.0126604343586428 -0.100648233960003 -0.0776048952667497
0.0370374587182741 0.0262091822475693 -0.0583499381685634 -0.129936080308008
0.00354893632538617 0.0591772702820699 -0.00951559458299856 -0.160321630947602
-0.0534521370614169 0.028714689810467 -0.00402065393515336 -0.143506835716592
-0.0680535225348732 -0.00949241574244504 -0.0813981645031056 -0.180246629570946
-0.0997561597871483 -0.0462046135477912 0.00217670165534591 -0.1430946499163
-0.0607961411501659 0.0188062118768715 -0.0276533489642168 0.0226358912912156
-0.0180401623890787 0.0503273235005958 0.113571191116395 0.0545212143795784
0.0118148384543708 0.0295682407471155 0.150043205096619 -0.0526186190303623
0.0128705498362983 0.0101036619204212 0.0671881153089055 -0.149357050593409
0.0122236175162542 0.00945916004475736 -0.0478596546634552 -0.148699644006901
0.0222682661666729 -0.00555640111475883 -0.0995044743920958 -0.0862007828286932
0.0255506966665945 -0.0104466632063266 -0.0973085797276698 -0.0403164841615627
0.0302815193490343 -0.00178044262326408 -0.100964908511525 -0.0237526742361517
0.0279837816614608 0.0203375423412472 -0.107056445582886 -0.0375160003077476
0.0228035177801447 0.0336213824604558 -0.102663937823493 -0.0647717899029007
-0.00953071608979664 0.0651668526720081 -0.0661880921331111 -0.112206949565166
-0.0614940963995743 0.0560767783644657 -0.0220854226535878 -0.142387244921253
-0.101166291258412 -0.0220204267011326 -0.0271094403415024 -0.118354890277229
-0.103473444808428 -0.0888703091575013 -0.0909070334178466 -0.146554733632881
-0.125352393544565 -0.114890614331576 0.0372307050902557 -0.105124357535317
-0.12003415696349 -0.0364302048017156 -0.014518702125352 0.0472911317658489
-0.100763381975455 0.0513007990179197 0.133274121232746 0.0847769085160348
-0.042417492223105 0.0876787833971584 0.183765024246288 -0.0359982114128654
0.0150300973178091 0.0681421201773856 0.089545435328912 -0.14787489420108
0.0370650870219716 0.0495042219530615 -0.0282168434966075 -0.15146686706044
0.0637374384425652 0.0198825208192729 -0.0861956631931685 -0.0864537100082917
0.067652915253466 0.00472925323753218 -0.0818267631285441 -0.0362574495001273
0.068815150970115 0.0135571691703832 -0.0846339698717195 -0.0128936089312417
0.0505474213592003 0.0488258741814796 -0.0945577474716939 -0.0184807950154537
0.0286816374121518 0.0719765823631649 -0.103547895297637 -0.0371079864949267
-0.0348584238421364 0.107849315649611 -0.0806970484264777 -0.0842974456949673
-0.10969762922174 0.0713355343039571 -0.0422442183089529 -0.121551590903324
-0.14454878186129 -0.0469305618933657 -0.0429040053653437 -0.0923349849976438
-0.134292878120619 -0.145842867216374 -0.088373662879054 -0.0938693854805432
-0.136113865267817 -0.166040881989668 0.0645640682564849 -0.0458952413638831
-0.164222105721232 -0.0934236170389597 0.00245178733815923 0.0859380225985416
-0.174588328437667 0.0390899976370321 0.146964965150885 0.118462370399714
-0.100265020698041 0.134095615401756 0.208309546995952 -0.0127417746085784
0.0113101272469242 0.122848593770852 0.107378907659822 -0.133289946571794
0.058690743261961 0.0858744127149048 -0.00542714007727858 -0.136753659964431
0.0974552445232378 0.0411706081983322 -0.0632297624411775 -0.0742237683189397
0.101245538710957 0.0132092776420647 -0.0564399010084444 -0.0247232226094249
0.101105976129175 0.0175481589375245 -0.0571831263504741 0.00388474562566352
0.0760112604799067 0.0621848490583009 -0.0716032721019252 0.00846514153042898
0.0463552972155432 0.0946369519174022 -0.0953260784569805 0.00250546739613765
-0.0361547034866218 0.144401664444399 -0.0930792632350399 -0.0448965086228573
-0.133778010502202 0.0974651624279321 -0.0645753466746496 -0.0948732184681977
-0.174270940416106 -0.0452309001999063 -0.0485463537298373 -0.0676244539305851
-0.158524763028966 -0.170305331059448 -0.0723040126783403 -0.032043888690377
-0.109333205371384 -0.196041503512151 0.0864679415017597 0.0335202280251976
-0.162162717466528 -0.15075118345682 0.0089962326203513 0.129840291774747
-0.215606704628068 -0.00545289623209847 0.128533543949106 0.161646129706579
-0.156127852986588 0.134824578012492 0.204935968005222 0.0424055066053137
-0.013764339398319 0.153437920499949 0.125641791029912 -0.0837460602904472
0.0581901245593932 0.111568986298937 0.0337174073745199 -0.100753939385261
0.10933523302189 0.0636427747165617 -0.0224502583697998 -0.0575659563018074
0.117812087231739 0.0278878628237529 -0.0197849712936114 -0.0131564882511874
0.11682138828884 0.0258679272543105 -0.0216632385829328 0.0165385316225742
0.0876005163569726 0.0697234056761652 -0.0389078021423368 0.0287918271534372
0.0507353087845511 0.106388065543109 -0.0750004360025809 0.0330426639453352
-0.0430907486302607 0.156080953919708 -0.0894922260088175 -0.0130544922221934
-0.144718276094841 0.0968508067647298 -0.0694446955756194 -0.0713482212507755
-0.172959223925355 -0.054445918595307 -0.0381829413318776 -0.0515905200352001
-0.144445266693418 -0.180916320223545 -0.0420093535732397 0.0218057515833035
-0.0683607708300683 -0.186068110881323 0.0937740600338837 0.110652746293177
-0.123402111429856 -0.173066457074154 0.0104511463214987 0.167388757168865
-0.204965281502613 -0.0487898775087091 0.0927840109333796 0.18722050803464
-0.176247808775832 0.104419215547386 0.175341200734892 0.0884112099538268
-0.0336429928619335 0.150016567607534 0.125876736174901 -0.0286870584152396
0.0478322723078411 0.115103488471928 0.0628906678439734 -0.0540882406079863
0.105358791451984 0.0715597741715619 0.0166165589484741 -0.0328192645597175
0.117264690941832 0.0348283790018452 0.0164125568082828 0.000397573845162468
0.117423261783935 0.0311643908921086 0.0156469243451583 0.0301085493969199
0.0884112737546771 0.0704144558920845 -0.00542579582030625 0.0493103788473807
0.0474161503139922 0.106783881272514 -0.0536777022485191 0.0616069618444223
-0.0507164283837061 0.146327345010672 -0.0847779487686476 0.0156005337422721
-0.142970019607653 0.0777388012765733 -0.0725229446804442 -0.0493903108919561
-0.149555629324964 -0.0654356946119528 -0.0251700473237015 -0.0412091462969587
-0.109959641767575 -0.170995152551465 -0.0143285969473387 0.0677113926361766
-0.0209669638320281 -0.137902393327173 0.088640201862211 0.170233564275561
-0.0644188582585016 -0.153221136212094 0.00708877801835383 0.188222138724994
-0.150147415574534 -0.0701939134907496 0.0509188424203582 0.190213727454899
-0.153055960809794 0.0592199647224344 0.130231729651147 0.116945438394572
-0.0412787077236686 0.118417997957203 0.113613841981778 0.0213300441693496
0.0328246331201243 0.0954963333911176 0.0821158672303563 -0.00808865805182126
0.0846434319346897 0.0644328518758651 0.0523632437839963 -0.00715578561377413
0.100001880059092 0.0359355701202471 0.0485998628281256 0.014615777355422
0.101890282430443 0.0324329332325308 0.0482557630304357 0.044337375774748
0.0772638124541299 0.0661450205631105 0.0230711366553425 0.0698616040702988
0.0353651767525477 0.0969036889591701 -0.0373650533258311 0.0871251430505469
-0.0568408517173375 0.122054138023603 -0.0814671333397333 0.0410937765848557
-0.128244587000818 0.0489105431950744 -0.0755103265535561 -0.0313399391898457
-0.110050270229204 -0.0745114318036348 -0.0145156835526062 -0.0327618265092975
-0.0593278309405141 -0.142757472909264 0.00832982501014835 0.105401936605833
0.0237150607591337 -0.0656349379383183 0.0847209999289222 0.196191786837267
-0.00824589599582083 -0.0992280213733859 0.0138755889377472 0.187290226447517
-0.0790437359927461 -0.0608250117400193 0.0246300454886259 0.176244125831903
-0.100070223470917 0.0221222442982193 0.0941509997055772 0.125890167175707
-0.0317334194382586 0.0715033513115443 0.103492980514551 0.0515370556843826
0.0195197432976416 0.059892581214214 0.0961150487666501 0.0212023081094676
0.0551156575252905 0.0436344737339839 0.079434292286632 0.00849661182195345
0.0690153962818311 0.0284205261689894 0.073633696065039 0.0231319740033965
0.0732116316876955 0.0267777724786458 0.0767852429968604 0.0549270938301628
0.0588196616759996 0.0518794568083783 0.0458196473754569 0.0890585125365253
0.0219793403859875 0.077666012656537 -0.026205659056448 0.11357664248672
-0.0574827304909824 0.0853407402655033 -0.0854977358974064 0.0578575510960844
-0.0999678446341112 0.0126155899692889 -0.0821922575611719 -0.0193032968910143
-0.0584849978664729 -0.0766549777734257 -0.00794502300050474 -0.027640027930541
-1.8051790656724E-05 -0.0984528650002391 0.0202310223552686 0.131815236215988
-0.0495473328174326 0.0313060765119422 -0.0657288761759326 -0.157189449148046
0.0153627465433522 0.0516960324823871 -0.038606846833448 0.0251273242015929
0.0587388902996768 0.0189014893841735 0.103591379778491 0.0288514831248116
0.039608357571864 -0.0398316204718489 0.115864080529567 -0.0727920550983262
-0.00744571669617349 -0.0393931093313754 0.0298278013149146 -0.150637868689387
-0.022700595017048 -0.0186236460647488 -0.0772233662136865 -0.127019831829533
-0.0292998296739538 -0.0200334384761357 -0.109794511312264 -0.0630004860397318
-0.0240517713687427 -0.0198357549919455 -0.105041286124644 -0.0217969541191565
-0.0143965118485444 -0.0200653303803697 -0.109554149780673 -0.00772735206708478
0.0037011677811254 -0.0211295087402139 -0.122987247416991 -0.0225183596111148
0.0241012701066996 -0.0189909858631992 -0.119504939288052 -0.0591531779344072
0.0428338538834228 0.0162953238902069 -0.0884641089768349 -0.12229844688289
0.0154515793637261 0.054662971065305 -0.0443752928814678 -0.163465919728534
-0.0472973152743413 0.0379679794658035 -0.0295463368850943 -0.15088833873649
-0.0703268951696555 0.000355329211227545 -0.113416603980739 -0.172922742674776
-0.105584274913812 -0.0263181901752869 -0.0280639255530422 -0.156550570325585
-0.0563786438315531 0.0309355275409923 -0.026447000763 0.0278952467953726
-0.00615344520165947 0.0516865996853143 0.124061842410915 0.0363577611320109
0.018659345686951 0.0238811771131221 0.14323313598583 -0.0798628761048723
0.0137470548766718 0.00547063527307306 0.0406868647592332 -0.164576308611862
0.0121801514117702 0.00750358513112335 -0.0757980949783403 -0.140806372054878
0.0187168736932719 -0.00985108071457206 -0.113737785677682 -0.0672215457974178
0.0225024647274571 -0.0148191977315155 -0.105098124359976 -0.0229330923050357
0.0291439133141364 -0.00747273344787861 -0.107680639427046 -0.00498243251092915
0.0304563464548561 0.0143412272095697 -0.118715456071436 -0.0159169470095637
0.0264874378383292 0.0269879927999435 -0.119566396751627 -0.0454290092673021
0.00332129319569181 0.0632097958811041 -0.0930338578194655 -0.103920438254772
-0.0471235225055688 0.0637869659897303 -0.0538132869801388 -0.146081501959869
-0.104900072722229 -0.00369615617895634 -0.0444528519782614 -0.119713989836323
-0.12130728364317 -0.0721575987027498 -0.111701644484391 -0.133538551179759
-0.142214285211368 -0.0891372882262976 0.0174753477068848 -0.127548425828683
-0.124780635690316 -0.0122161016974427 -0.00838100894325167 0.0465738578141343
-0.0859751735554628 0.0694984041102052 0.145548891744207 0.0576587546950834
-0.020565929943667 0.0914030893691037 0.174910764336756 -0.0717515772664463
0.0268743868926389 0.0620948688448986 0.0621090227154147 -0.164862161267913
0.0448210489550411 0.0415459611167196 -0.0575820009486547 -0.144560158638516
0.0644511949005922 0.00641774453452013 -0.100824687314162 -0.0662641763328215
0.0661415769064628 -0.00755283904068432 -0.0887209054925157 -0.020825952831251
0.0688453739171241 0.000395696457217043 -0.0889436753044442 0.00337922082250811
0.0583182968264598 0.0388292694512627 -0.10322270293428 0.000847485311020167
0.0391510725900025 0.0634277708841652 -0.115500514193739 -0.015813849726379
-0.013758523574208 0.110167981206083 -0.102936360528859 -0.0732575247253068
-0.0927025117213853 0.0878139479858615 -0.0707980414031641 -0.123044216747665
-0.152909154948686 -0.019819093936279 -0.0528989415105525 -0.0896311325015484
-0.163630939986507 -0.121874995318819 -0.0957428860284947 -0.0779070651978049
-0.161068197163812 -0.136293041552128 0.0590935172485527 -0.0738760865194054
-0.178159389591207 -0.0598265222873984 0.0168680698465053 0.0806886141609231
-0.16043253497975 0.0727658550909319 0.163519823185403 0.0837641111443259
-0.0670955043851663 0.148291134729373 0.198928145119697 -0.0543969083952783
0.0339853820653179 0.116544499390751 0.0795472529555786 -0.149575196327667
0.0726752734676645 0.0731486108394266 -0.032889738663485 -0.132313702347872
0.101738567974957 0.020132630341001 -0.0769772728389354 -0.0549209849237308
0.101149044417329 -0.00547897230891935 -0.0615333886321274 -0.0133012559367623
0.10115768299945 -0.0019623889902172 -0.0585264213108437 0.0153873733261025
0.0861597317754424 0.0466790444819936 -0.074472272662744 0.0244957097044244
0.0593965319449409 0.0835694084648426 -0.0991456939252569 0.0231945797105909
-0.00832415302818059 0.146868988369859 -0.109340295875734 -0.0300391462801675
-0.112342338543291 0.117551266798294 -0.0894643556772299 -0.0922276673826421
-0.182652941939271 -0.0136808684878201 -0.0535598180487086 -0.063319126011722
-0.192829476938771 -0.141000236435178 -0.0651852918800564 -0.0168172900691064
-0.140999676953446 -0.170311611192673 0.10044099268277 0.00494567331234847
-0.186244967782691 -0.117393079898575 0.0344309843369625 0.12262736002841
-0.208891419372138 0.0373799711459332 0.152775827913204 0.127061065378684
-0.120990235688336 0.162388484202334 0.203635086198352 -0.00267008343753494
0.0164946153262686 0.15116888646614 0.105947842417895 -0.103038271039408
0.0766187045951294 0.0988535724940149 0.0119905039315233 -0.1021332007311
0.118755979090469 0.0388254981884115 -0.0350687820613509 -0.0435992946921252
0.120199516673625 0.0055038081908398 -0.0231936700194732 -0.00880111762121328
0.118339140373924 0.00389321345891388 -0.0202922965222684 0.0208659876236713
0.0984260968442182 0.0530790435779662 -0.0377890298673972 0.038396388220119
0.0665222110926061 0.0945024029667969 -0.0729360158780874 0.0510776100433944
-0.0129466484141469 0.159745640548939 -0.100234638372434 0.00181907623186749
-0.123155000629782 0.119757124521938 -0.0908181937214263 -0.0666401331927313
-0.183216994972128 -0.022192759225974 -0.0392198544432048 -0.0491780652368081
-0.181065689532546 -0.153140193315433 -0.0246991941855341 0.0336541151091625
-0.0996567485777081 -0.16807593517435 0.124189559539518 0.0868093699362511
-0.153591643323591 -0.146312128501704 0.0443732744427429 0.162564757402873
-0.207345156661606 -0.00698184761999104 0.124870228401443 0.159096057077591
-0.145850871331772 0.137057422106241 0.182156284903412 0.048209013721064
-0.00375636825034232 0.152122354274531 0.114952133329852 -0.0476262257474956
0.0680606892591308 0.103368765242266 0.0493056583861067 -0.0614009018135683
0.115984772804286 0.0468397978367294 0.0084349989457379 -0.0261506245078179
0.120937385132255 0.0129544753702143 0.0157701189502528 -0.00138158817977758
0.120252086378407 0.00837240921204475 0.0193404022072846 0.0270482017108803
0.0991006305733164 0.0533673452148446 -3.2468755813865E-05 0.053238930237514
0.0635332742792097 0.0953651629835625 -0.0455677468166203 0.0758128553059402
-0.0233225599238535 0.152047218172748 -0.0878748186327959 0.0305182932517515
-0.124461645420684 0.101560638147565 -0.0881566882168568 -0.0437754189640659
-0.161143948789591 -0.0367023648870215 -0.0249014683876172 -0.0398952384000574
-0.143549983447999 -0.148973944430751 0.0103264024046587 0.0761392195140406
-0.0450304725322632 -0.129112379186703 0.129836862202317 0.154584781871726
-0.0915429857275759 -0.137321835093685 0.0457077201611494 0.186831961184391
-0.158059609241856 -0.0388227161378334 0.085302037791992 0.173749860715567
-0.133735429856842 0.0896163128494084 0.145521001123586 0.0864548910237715
-0.0167814429864995 0.122511053770756 0.112389258790247 0.00422564772303781
0.0492802809492492 0.0872089792033199 0.0783124925328684 -0.0197820870511634
0.0953499804340112 0.0443700627750324 0.048276452823041 -0.0086622908094865
0.104391201065566 0.0170821976579701 0.0510832606062965 0.00658301172336022
0.105512389246804 0.0134529940880136 0.0556858511120829 0.0352623311471937
0.0881519562185086 0.0511868821510466 0.0334374504629012 0.0680280834035827
0.0502208546942977 0.0887664165831193 -0.023450863678386 0.0985132582266421
-0.0335996351681783 0.130238303989646 -0.078203630621943 0.0552790922300111
-0.115398178831968 0.0700024957036201 -0.087279876619914 -0.0229575714364208
-0.123935876766299 -0.0533938079478184 -0.0143422394217221 -0.0319193678928166
-0.087319168756412 -0.129327604082963 0.036974227437533 0.111211290670291
0.0104635226867521 -0.0668174612099743 0.129755694921116 0.187740186805287
-0.0263551962414048 -0.0958032383122017 0.0517650086117107 0.189405484608116
-0.0880602520705207 -0.0427423625511333 0.057990747614244 0.169577380388014
-0.0901085806315385 0.0426956117337593 0.113577117816872 0.105253727159066
-0.0166001391326572 0.074944247651697 0.110974541411682 0.0355007933163728
0.0297089613568269 0.0546494780326587 0.0987165171943866 0.00608571642657656
0.0626694856773589 0.0304095640805752 0.0788193112272727 0.0001740997297626
0.0736069826616944 0.0143947448668982 0.0783145545465618 0.0104621501006192
0.076405460554688 0.0131152290003043 0.0870024196213899 0.0407372950220438
0.0675954455451659 0.0406378060736668 0.0613177940745096 0.0833264110514015
0.034692979046651 0.0722659629481055 -0.00609256900224194 0.12163378408665
-0.04177235825487 0.0946552284791898 -0.0782932291746487 0.0749454056565508
-0.0949237590098259 0.030027332065054 -0.0899859760400744 -0.00887084258310864
-0.0727702981938065 -0.065860836068772 -0.00976503129569683 -0.0266797673688977
-0.0188701735006098 -0.0959698493203946 0.0492709360969366 0.135720540695781
-0.0523996875626491 0.0343046154971436 -0.0707374759825707 -0.163431103377258
0.015712758244718 0.0536407518990552 -0.0403628501823996 0.0274995877270674
0.0622932957541681 0.019034757140886 0.108780682953972 0.0282949778293872
0.0406375011472643 -0.0425196069236939 0.121812692128692 -0.0770575770447463
-0.00719311120604881 -0.0411386155122839 0.029881760374977 -0.157389536797737
-0.0235150785384112 -0.0190447196240609 -0.0807553602843696 -0.130984298559433
-0.0309348963878073 -0.0197011777463177 -0.115027158613245 -0.0642884219040296
-0.0261809884833314 -0.0197509113200916 -0.111011334304177 -0.0210086066733894
-0.0153161277621592 -0.0208206596675997 -0.11397056212496 -0.00663883488317856
0.00382722859079689 -0.0222056306507001 -0.128266073652753 -0.0216720358038744
0.0236348755477429 -0.0203890224248885 -0.126452478494081 -0.0602157064045864
0.0448536615380345 0.015820256149176 -0.0950768686020744 -0.128042202947059
0.017279588936108 0.0558594882790122 -0.0476474102048415 -0.1705937350353
-0.0503659197275725 0.0398682006808386 -0.0289962047105661 -0.158501446402589
-0.0738334660679621 0.00128651084803354 -0.119405550238708 -0.181119577840157
-0.11131089966939 -0.0254068514044345 -0.0308840098172437 -0.16391647030603
-0.0589241020022115 0.0321880478480957 -0.0281974496209607 0.0306850174679662
-0.00465794888212625 0.0548486029466242 0.130667176940948 0.0356654680620619
0.0202439127243087 0.0249585028285206 0.149535401050355 -0.0857227510814373
0.0147761285129324 0.00552840010154583 0.0414708966092505 -0.172692103845346
0.0134463992802959 0.00824385562834469 -0.0801798428377116 -0.145554303482802
0.0190591413835374 -0.0103619953333157 -0.118393298612725 -0.0687228506191137
0.0225326422865989 -0.0163743315046639 -0.109268596711157 -0.0221572107218289
0.0295466283488012 -0.00807755191976685 -0.110493659932403 -0.00346834260822756
0.03216178957912 0.0148691140229624 -0.124083110073455 -0.0142997944551404
0.0277112340510838 0.0274350073022861 -0.126542211931495 -0.0458669380457331
0.00541510103359135 0.0655689426720551 -0.0996493313199843 -0.108682678409556
-0.0485692820022336 0.0660576348028925 -0.0575139607551098 -0.151986305689059
-0.111071238005552 -0.00345111671687407 -0.0446344860805943 -0.125211056875868
-0.127934119979734 -0.0737108572932417 -0.116832950812342 -0.14011978630424
-0.149430254207746 -0.0909234091145543 0.0165309237232375 -0.134282394879987
-0.131275573337472 -0.0110083267543003 -0.00878091973484421 0.0500539722076639
-0.0883889916016543 0.0745364240052896 0.153623996655665 0.057925045416237
-0.0196881796305288 0.0962508217198037 0.182777022043838 -0.0775797985481277
0.0293691178404091 0.0641876534738703 0.0639672177545828 -0.173739200914081
0.0481049193081054 0.0427743627441453 -0.0616175556836439 -0.149613386504837
0.0664076647846925 0.00568623003855862 -0.104831385020508 -0.0676225562457017
0.0680672895873107 -0.00983415242502454 -0.0924565055077625 -0.0205619583315193
0.0717002470322471 -0.000709765154235786 -0.0922555622573137 0.00466105403251834
0.0611692089634882 0.0393845472447121 -0.10781659451502 0.00382754375758596
0.0412824715749491 0.0651729783748777 -0.121226596738253 -0.0152746009640108
-0.0119967335752339 0.115659337156738 -0.110408648123881 -0.076449513575685
-0.0957988070134705 0.0923989865757178 -0.0758640126712001 -0.128480177705347
-0.160908091772211 -0.0199961514549446 -0.0541890755371218 -0.0944783263363312
-0.172798876176425 -0.124583873739041 -0.0994060230387742 -0.0819693699478642
-0.170688822006394 -0.140328286715917 0.0620147551583044 -0.0780795366400061
-0.18737865904766 -0.0606751528812077 0.0176506693912437 0.084865109484269
-0.165977415972229 0.0787469517331209 0.172662276900176 0.0850431878221562
-0.0665521861230884 0.156951996259847 0.207468748950173 -0.0602023172515002
0.0377182900970441 0.120560761980415 0.0827001326753616 -0.158829029408159
0.0770383891637484 0.0747886796831788 -0.0364663656985337 -0.136840090061916
0.106081355124401 0.0188773867157323 -0.0795634283571359 -0.0565541909030365
0.103842243844228 -0.00879924619380557 -0.0635977330382566 -0.0129245436412346
0.1049939612767 -0.00320289913959787 -0.0602343353419223 0.0169226612381924
0.090738015303068 0.0474677317607218 -0.077531349271605 0.0275040639799411
0.0631648112446476 0.0859031480366773 -0.103783428338237 0.0264172882660788
-0.00495114570328862 0.15383690179858 -0.116817604719857 -0.0315351804469632
-0.114823615621888 0.124227361468577 -0.0961973714093488 -0.0956277496213697
-0.1911525065002 -0.0115951421940105 -0.0548300950753355 -0.0679300087132669
-0.203110735539134 -0.144463310223496 -0.0668953419591096 -0.0186341173255244
-0.149700285967199 -0.176298907155416 0.104849790865711 0.0043535770275977
-0.196734400969353 -0.121171576505243 0.0357505189878694 0.128071393782904
-0.217724891797105 0.0417931875467172 0.161881454720759 0.13152003720315
-0.122901006860042 0.171530838247855 0.212449970854603 -0.00451713422896049
0.0193445374524709 0.158235926750252 0.110462418436083 -0.109705813152047
0.0812268573138817 0.102195867259547 0.0105199245178721 -0.107256733110873
0.123714619641259 0.0386738550204268 -0.0356081776406988 -0.0454102324971297
0.123684751824983 0.00231804520836993 -0.0241669012960325 -0.00873936293272596
0.123008196613842 0.00186263745294443 -0.0203198581487715 0.0218512345612533
0.103510145353647 0.0541608212181573 -0.0398274197558217 0.0417317067299561
0.070651380413728 0.0978101069430605 -0.0761178388587283 0.054737354670187
-0.0103154770978814 0.16666323060426 -0.105953505826529 0.00263306993865405
-0.12672331101903 0.126268777547346 -0.0976421475321718 -0.0685648387873873
-0.191297302986587 -0.0208569400033552 -0.0410726218023019 -0.0531578210195567
-0.191034119699092 -0.156680642328314 -0.0242715677846626 0.0340692395492685
-0.106442124369267 -0.174147980706724 0.130459600542985 0.0900331817027299
-0.162677183666842 -0.151177369151276 0.0474375704453617 0.16984806278718
-0.216571192019004 -0.00373705792784178 0.131675413069878 0.165189372825267
-0.150343071118566 0.146247777138441 0.190953224823158 0.0478563596554727
-0.00177591334364321 0.159026656360186 0.120259580125656 -0.0516302225577091
0.0723511142401822 0.10678732602856 0.0505440145408819 -0.0646932238783322
0.121344236947489 0.0465802425756688 0.00986651898458401 -0.0276179150425825
0.1257828494452 0.00938970830234744 0.0168593730005536 -0.0020668033048245
0.12448570498687 0.00620444498522312 0.0207872913983758 0.0282411445616212
0.103882127626486 0.0540801901334513 0.000256839964929276 0.0559354790672332
0.067123938070938 0.0987466375599583 -0.046169363837041 0.0802693949981483
-0.0210233200357063 0.159443282176599 -0.0930366986509431 0.0322154708315152
-0.12776928822155 0.107041198669121 -0.0951762357025645 -0.0444216644280276
-0.168612891447077 -0.0369071271204459 -0.0270126237028882 -0.0421410575191816
-0.151603386249072 -0.153109247201753 0.0126170220470968 0.0791494489039198
-0.04920689784518 -0.135621911793779 0.136034087546227 0.160531929816863
-0.0979793878648099 -0.142513960108178 0.0481134613831036 0.195269173809769
-0.166312058033785 -0.0378651568641237 0.0911037583251492 0.181294491883058
-0.138102190213654 0.0951063251570714 0.152545939504172 0.0893618494336271
-0.0159702707630945 0.128474180830368 0.118565013523987 0.00323543303036427
0.052458110257683 0.0901313485224026 0.081161429769899 -0.0219068598943855
0.099133249931549 0.0444734126749531 0.0510408500008141 -0.0097600895214587
0.108153315465331 0.0150050421822892 0.0530301704356303 0.00687947271683834
0.109753258304511 0.0109148793746184 0.0578243510636902 0.036573632832993
0.0920812844969189 0.0519952762320151 0.0343420322673454 0.0706033055430181
0.053654407578089 0.0918586012673916 -0.0233344943593923 0.103439422907164
-0.032171386871169 0.13588633679068 -0.0832995151762522 0.058724995008304
-0.118759168047609 0.0743172370004568 -0.0934407047544216 -0.023404042303665
-0.129214532829347 -0.054936301074826 -0.0166232550910779 -0.0344006453673366
-0.0925982315195046 -0.133235409704343 0.0403031236247494 0.115202588120388
0.00968043339860998 -0.0700499391088815 0.136265287446691 0.196306802273887
-0.0290969936799477 -0.099513120743553 0.0547857349806749 0.197152709156035
-0.0925697533190724 -0.0431789766845673 0.0621384464753014 0.177543970289504
-0.0940470809574033 0.0457968029115427 0.118686245800223 0.10892745005307
-0.0160470909793159 0.0788195731994622 0.116207467589982 0.0358799430304782
0.0314735328356343 0.0559000729886229 0.103233705008067 0.00418712976947055
0.0651735315183764 0.0308579725332409 0.0822838859092469 -0.00117779457930936
0.0767876854050166 0.0128485488618937 0.0813954356011642 0.0107704486895012
0.0796862454539984 0.0112390426979538 0.0905378742674285 0.0422087186313854
0.0712660840869467 0.0412044176863126 0.0635747781116581 0.0860358937381842
0.0369487530364064 0.0755241001770641 -0.00437465765136032 0.127661046119417
-0.0417297350417466 0.0993024965799395 -0.0828109869694234 0.0791489768692473
-0.0980260646116962 0.0313314315284949 -0.096651311088432 -0.00838696785807012
-0.0767054566333794 -0.0682355874957272 -0.0112493365943594 -0.0282816451899473
-0.0211455133265037 -0.100315344991475 0.0535348834906949 0.14096989259431
-0.0538757905326482 0.0393218076007301 -0.0815309322168269 -0.168634273855479
0.0180440587345401 0.0562004877351147 -0.0419066897697125 0.0315577576498141
0.0668625772638288 0.0171687682938155 0.115723124766226 0.0246552907283122
0.040899465382706 -0.0466832959161507 0.124598492497041 -0.0867758496460208
-0.00942389173486099 -0.0431556237810421 0.0251283501074339 -0.166425866633604
-0.0247028325548114 -0.0183885589695381 -0.0898741877547964 -0.132778161245605
-0.0330927736386798 -0.0178000857792563 -0.123306232495634 -0.0619537501793482
-0.0285460944170495 -0.0190774485484992 -0.116579787551565 -0.0170267778304997
-0.016900830073285 -0.0206194138226995 -0.118665406317047 -0.00179380969428296
0.00278474490660153 -0.0231823825569546 -0.13536645748137 -0.015197330865143
0.0238507687630902 -0.0229122162027271 -0.135993111751576 -0.0574623032372927
0.0478483026261522 0.0140643770570071 -0.107010011273683 -0.129802198443735
0.0203288320865646 0.0569855068884353 -0.0572404887321255 -0.176772551989121
-0.0523289896043065 0.044304045804286 -0.0337816853485576 -0.165546769366491
-0.0774947584227588 0.00464994500423328 -0.132376290059195 -0.186188455733203
-0.118154003085786 -0.0203476350397568 -0.0395287656119291 -0.170881569813934
-0.0604979119879549 0.0372412122062607 -0.0283998075029992 0.0341796180236834
-0.00194824988632691 0.0578234266726593 0.139133557887263 0.0307282441562308
0.0227733576966039 0.0254819182389257 0.153686041998442 -0.0975024868150183
0.0163168249418641 0.00492711994886508 0.0364092342702316 -0.183198084485423
0.0151413133576136 0.00766713328776066 -0.0899302379109055 -0.148064087379371
0.0190072423687032 -0.0113395438369716 -0.126614940722069 -0.0663084582297911
0.0219835956127163 -0.0176530818201448 -0.11541478784738 -0.0188938075093787
0.0307792797368687 -0.0103691913930813 -0.115580921855778 0.00194031489950852
0.0346438398783338 0.0144972113985942 -0.130985638191013 -0.00795176682309853
0.0295306090179551 0.0274852295577182 -0.13494201963147 -0.0419284266872707
0.00911432937429515 0.068064418366335 -0.111710930379749 -0.110897351550114
-0.0480611523174695 0.0702961379742641 -0.0670872106872853 -0.157510622923249
-0.116824548185327 0.00170614695154272 -0.0499846379082118 -0.131069594561897
-0.138440380843364 -0.0709105051457115 -0.127733527169289 -0.142730260111755
-0.161549870763096 -0.0875795778879453 0.011924193129805 -0.142358477931967
-0.137823798677338 -0.00612482167491119 -0.00764477297924203 0.0533148533866939
-0.0882289770942145 0.0826408202293693 0.163628719702963 0.0535154233484255
-0.0152441052226867 0.101399850049353 0.188541959741908 -0.0900644055145529
0.0342043991816094 0.0660466448463761 0.0597026969470786 -0.185520714744008
0.053159862599466 0.0427823570517228 -0.0710509012781753 -0.153986178023142
0.0696569074886503 0.00314719820138886 -0.112022013085998 -0.0664646053911601
0.0696284962044659 -0.0141669404515203 -0.0975186655295028 -0.0175910175536784
0.0746772511395926 -0.00470259407425127 -0.0952997883177201 0.00921249716075164
0.0664128964010633 0.0390427515293152 -0.112604387516695 0.00949758384068807
0.0461861186783226 0.0664643087781597 -0.128356594520131 -0.00941413302794054
-0.00615786526897743 0.121408864541247 -0.121916991069293 -0.0762075796744525
-0.0956455754968027 0.0999341422220882 -0.0861637744582064 -0.131453793120703
-0.169680453442312 -0.0129068264821485 -0.0585642204910946 -0.0983809406354435
-0.186635805581688 -0.122579193471391 -0.106343361600642 -0.082669766607717
-0.185160264260762 -0.139423422026635 0.0611167990104919 -0.0853486579781894
-0.199259936137303 -0.0551430863453194 0.0212104151999399 0.0883351814383817
-0.170193630309886 0.0909387218611256 0.184923868287967 0.0828561222100205
-0.0620037952801354 0.167765147290596 0.214291775389324 -0.0730088021680715
0.0454815833094164 0.124636023133913 0.0803747114876269 -0.171121705633295
0.0845206627914213 0.0747136785553487 -0.044431879356283 -0.141258825909072
0.110921559749411 0.0146906511478269 -0.0845270023465145 -0.0555302645645435
0.107335557391788 -0.0152878350471356 -0.0667604038305808 -0.010286296740595
0.109261269535738 -0.00944924548448464 -0.0618296326753129 0.0200150575802937
0.0965428501675777 0.0459512652454177 -0.0796138254870601 0.0332759666157112
0.0697893997084929 0.087663580682991 -0.108437668765607 0.0327053427020295
0.00248868700452806 0.161202141504584 -0.126045320734416 -0.0284575761319455
-0.114308782610151 0.134658890441606 -0.106246511123254 -0.0960315437836758
-0.200963983258667 -0.00430218937193995 -0.0588087801997071 -0.0708105711083281
-0.21891507601551 -0.140715898904392 -0.069268983374512 -0.0181261481233257
-0.16429946569783 -0.177836761044871 0.110188922847036 -0.000262754444990018
-0.212085985998252 -0.117385038583532 0.0426245209686338 0.133037687439886
-0.226869645378918 0.0545483010326916 0.175467858856044 0.130721867104461
-0.11934576406998 0.185753907182596 0.222101683205938 -0.0146697818398671
0.0278327866010959 0.165070497337615 0.111452936145208 -0.11993943925441
0.0909525994716805 0.102216229994214 0.00560032026026397 -0.112375281152591
0.130045079568009 0.033975542155726 -0.0377300076465381 -0.0462098791375342
0.128754880347782 -0.00494863035213524 -0.0249592060382724 -0.00801442112083585
0.12776872919772 -0.00508519007056485 -0.0203491317807541 0.0235667007074421
0.110471266512205 0.0514478037176496 -0.0398811568284232 0.0460826125402918
0.0781809080030531 0.0987473165956758 -0.0780490453921576 0.0617430424560918
-0.00216344034747 0.174935775251297 -0.114113630322939 0.00730658144105344
-0.126276096790772 0.13803106075985 -0.106933466024061 -0.0683325403723135
-0.201516831753453 -0.0143215837004566 -0.0453619827223989 -0.0552083305226961
-0.20690854583362 -0.154443954173107 -0.0221796354197747 0.0352911240238854
-0.119545725999836 -0.178063601349377 0.139987114083133 0.088978295427485
-0.177173601124614 -0.151577588222637 0.0557368965919898 0.175120355762194
-0.226701607390546 0.00648569589958483 0.145343261237053 0.167236056082058
-0.149271521258087 0.15930598300177 0.201448286222495 0.0420363990136028
0.00588844479615677 0.166840363728992 0.124566162778203 -0.0595541734997069
0.081072180275445 0.108545895565306 0.0493899811833305 -0.0703952331791953
0.128391911788727 0.0425966362511823 0.00977297549184543 -0.0298336581743196
0.130950424115319 0.00246812380379811 0.0175681160851527 -0.00203415119239589
0.130316135263037 0.000377366025599618 0.0223735535017997 0.0284321313602977
0.111422699436079 0.0515235531639883 0.00196887041248674 0.0590739656073922
0.0750636025108821 0.100156825767833 -0.0463134155026238 0.0865798957452798
-0.0132888807927725 0.1675752398408 -0.0983921203988223 0.0378771372755367
-0.12859828306465 0.118328732581516 -0.103279234327657 -0.0422270665284713
-0.177953628610894 -0.0319857625141707 -0.0303908310010224 -0.0448671822847433
-0.165403678959457 -0.151859723026233 0.018588009584868 0.0810532339237204
-0.0578134046783003 -0.139311357227343 0.149338519105466 0.163344200226906
-0.109412542600068 -0.145308075283432 0.0585205199181663 0.202447645187649
-0.176149275644273 -0.0309641146079383 0.102598635774934 0.186474544761642
-0.140642250970948 0.106186355069894 0.162756655412604 0.0871843606117349
-0.0108608822897285 0.134864855934461 0.123956271313547 -0.00136548392037371
0.0590762724964073 0.0920300343825699 0.0835168952534758 -0.0262765666641918
0.105481316545599 0.0414250477486784 0.0533062566675549 -0.0129505307496366
0.11325683541599 0.00866377824756678 0.0556939197956174 0.00474778903335873
0.114793242859706 0.0055535247062905 0.0622122281440704 0.0357904591671631
0.098823653394233 0.0498706825891831 0.0389349663781983 0.0732598073720394
0.0607974092833022 0.0937686037715427 -0.0198644584057998 0.110099737551856
-0.0258611362672214 0.143900167182483 -0.0863301477641431 0.0648486898462479
-0.120449660062467 0.083021986759801 -0.100809337567781 -0.0203638048430604
-0.137665760805734 -0.0520235704646153 -0.0191006050115608 -0.0364223463588612
-0.103105352035645 -0.135101979907458 0.0485424894085168 0.118442150391285
0.00682286236869133 -0.0734145147688569 0.150612925926413 0.201125173268352
-0.0360236751055097 -0.102604756935361 0.0650977551131125 0.203867632699803
-0.0994454744880921 -0.0404466647551378 0.0716608982061469 0.183898337830836
-0.0964128627100301 0.0525854621059134 0.129170032670598 0.109549575925464
-0.0135899876950605 0.0828571432617799 0.124952539631272 0.0336172343485138
0.0346004040742191 0.0579430241401451 0.10760821162863 -0.000475403435806053
0.069231257972627 0.0293953386585268 0.0860556838213948 -0.00479348661537196
0.0803975141587999 0.00892167230285119 0.085638639977929 0.00851596271240684
0.0837520422971641 0.0078287445620044 0.0959991131592091 0.0400090240703452
0.0758830531601483 0.0389518180153646 0.0695519774782236 0.0879494898687987
0.0421851958866945 0.076212268237093 0.000547578199499125 0.134698802603533
-0.037863682529274 0.105866575887209 -0.0849310021507538 0.0865821836560922
-0.100854801868872 0.0373392167591281 -0.103283736467217 -0.00462892047150667
-0.0821401862921975 -0.068715691444968 -0.0142679009650907 -0.030776318641228
-0.0263676081643039 -0.103524929702031 0.0631740361229947 0.145515226494881
-0.0526791547379896 0.0454037422559161 -0.0948416163264548 -0.167157439897341
0.021632764326203 0.0564774574856682 -0.0404758622937596 0.0362722957278172
0.0699738250762058 0.0120121492920593 0.119092309888634 0.0175167965810622
0.038237149664717 -0.05057393160889 0.121761047178454 -0.0964814852734632
-0.0123813279924013 -0.0433487909505048 0.0150856155394221 -0.17203588177419
-0.0255131836736447 -0.0167976694319169 -0.0998272547205046 -0.12904136312718
-0.0342903452873663 -0.0148015870631405 -0.129383168226015 -0.0544657398371557
-0.0306236259823114 -0.0167253445151328 -0.11976368230005 -0.00954474540650114
-0.0184483574361322 -0.0195264085004568 -0.120685238106707 0.006557585123363
0.0019760005274405 -0.0235005802371463 -0.138625888139058 -0.0056361739742018
0.0220135601091069 -0.0243877323629622 -0.142889749884795 -0.0493263433331654
0.0493655025006096 0.0105769102746663 -0.11926975536302 -0.125034993571852
0.0243247488143322 0.055524300307359 -0.0696485323722471 -0.176629868204614
-0.0515460507754347 0.0497234236165167 -0.0423369672639007 -0.168885973939697
-0.078839025393298 0.0110917478372687 -0.146487348470392 -0.182336392582217
-0.121688325561219 -0.0112152057701261 -0.0526786792973164 -0.173235171391975
-0.0592084244843506 0.0424862804641602 -0.0271406088278284 0.0373391325623639
0.00308110865798225 0.0588188573914243 0.143475132085895 0.0217043366367753
0.0260336115323491 0.0241151185951528 0.150239707459776 -0.109296947582537
0.016817332605799 0.00374369913736996 0.0258681374476133 -0.190138285965576
0.0164292913935091 0.00703952739616359 -0.101511614283896 -0.14393092670499
0.018366244151366 -0.0125152563087063 -0.132901282011998 -0.0590126662594212
0.0205145850348643 -0.0196785277493634 -0.117840964204689 -0.0110009116566855
0.0306704346110325 -0.0122635583335558 -0.11708487085248 0.0102692524966815
0.0364965303960766 0.0117755187768379 -0.133438856094599 0.00188252848804828
0.0321849708391327 0.0263870927673397 -0.141099420602115 -0.0335296921649579
0.0143313195958645 0.0685129338553325 -0.123175026430807 -0.105387377796741
-0.0443871761465293 0.0744711284168411 -0.0786963868779669 -0.156532374219176
-0.119781203223917 0.0101495080717506 -0.0566985897518323 -0.132881314413836
-0.145540955179832 -0.0618345112362066 -0.13829072988554 -0.139033316242297
-0.170860191925219 -0.0774447587828123 0.00292230216960913 -0.147285206878852
-0.14122071920418 0.00316823188660324 -0.00561102110519779 0.0550842569425006
-0.0826211733353844 0.0906670964224862 0.170458314684407 0.0429196500546537
-0.00788382967704753 0.105213358353705 0.18673581129245 -0.105268303850157
0.0402196962053698 0.0651328279994172 0.0488727471022402 -0.194646299725291
0.0573491671442376 0.0397440810301527 -0.0830415393085663 -0.151126877885238
0.0709625545916497 -0.00178648517577259 -0.117909046040478 -0.0603207053162008
0.0686026204266918 -0.0197341938287675 -0.100170454126907 -0.0109582824623107
0.0748976070747612 -0.0102995896661451 -0.0960206649212316 0.0160592898536419
0.0714047957451831 0.0349868694007371 -0.11422498178368 0.0185966108554249
0.0513602889201069 0.0646978734851756 -0.132110298847961 -0.000722153005836447
0.00343242374563342 0.123521371036111 -0.131632576302359 -0.06947696233673
-0.0907751323687809 0.108245123381013 -0.0969489387299467 -0.128842535172462
-0.174923348888491 -0.00196136860352712 -0.0643971106397177 -0.0984397207909686
-0.198824452980824 -0.110257967175295 -0.112702336176263 -0.0794147391121633
-0.197799889535433 -0.128281269780539 0.0562027887285232 -0.0927426033099122
-0.207296102975386 -0.0425629809596387 0.0269681651837643 0.0884625310002857
-0.165503077407128 0.105122229558074 0.193129090886513 0.0705285687846683
-0.0499500432797872 0.175101180804502 0.213578804681144 -0.0890080550959021
0.0558868470981905 0.124284725703267 0.0702704944963702 -0.180661636531675
0.0923583777829696 0.0700955870557049 -0.0556300526788616 -0.140273967445896
0.112940736196744 0.00744474239279879 -0.0890697051671403 -0.0516914862173052
0.10657377866484 -0.0237071210714562 -0.0686930164444637 -0.00656386084883905
0.109517447000269 -0.0176475379655241 -0.0604322278845138 0.0248831189400916
0.10180596173082 0.0399641646547797 -0.0789471033442153 0.0402185244863554
0.0771556775787479 0.0841566015853704 -0.109271050698787 0.0413691732061441
0.0151941706155071 0.163144138710631 -0.13250782569387 -0.0201848069008039
-0.106775089958486 0.145266459380888 -0.1159043079347 -0.0912881636541456
-0.205705039617115 0.00930106055985854 -0.0633511510090244 -0.0703751755818038
-0.233504262094614 -0.126977061264006 -0.0708294805681707 -0.0154352771756594
-0.179809363905435 -0.169594506463745 0.111471750382449 -0.00872556134271396
-0.22453881377502 -0.105297804242193 0.0514899601916766 0.132639477152914
-0.226003403927115 0.0724730555893815 0.187129356690217 0.120903866671179
-0.108957512354635 0.197942009477877 0.225276661405705 -0.0297221951771251
0.0402290373213082 0.166103998041202 0.10632497320741 -0.131220573769781
0.100202052501488 0.0979289201531185 -0.00248156141695115 -0.114635735650475
0.134072120078196 0.0253110342598341 -0.0411561389721058 -0.0451280562355912
0.128472995285336 -0.0149784032293889 -0.0263454113421535 -0.00670363727033813
0.128819067545546 -0.0149899095899733 -0.0193742199891414 0.0252140327329679
0.116067333809424 0.0447142004135899 -0.0371759730337398 0.0505688600734417
0.0863129500614886 0.0949216139376486 -0.0759124251920094 0.0688460861957831
0.0123261999213084 0.178107549899326 -0.118071535931976 0.0157762341557013
-0.118397256693924 0.14936127202557 -0.115936481441394 -0.0623215259792881
-0.206081288968756 -0.000777085711677978 -0.0490231813886765 -0.0550480391934777
-0.221638415285723 -0.141835536559794 -0.0187454634737985 0.0361484729460254
-0.134196558583568 -0.172737420733291 0.148451844956816 0.0812804374356122
-0.191877061911828 -0.142846807975988 0.0671912840861058 0.174494159890614
-0.230167607434653 0.0233330658863887 0.158888035173198 0.160953304909709
-0.141658869327812 0.173885789962905 0.207782565775492 0.0293457666779881
0.0178555848443356 0.170302719330046 0.122985121561394 -0.0691108265312056
0.0903244978830092 0.10505976530674 0.0446281699275776 -0.0744639891667765
0.133140772589386 0.0339019962899629 0.00855797139886042 -0.0314421558245814
0.132090824433378 -0.0078237083706945 0.0177149031238691 -0.00331466806850774
0.131027762106405 -0.0108121754886022 0.0251775393267699 0.0278969353990068
0.116926956079747 0.0450527755803111 0.00545846760654092 0.0611529612474734
0.083404429688425 0.0964573948038437 -0.0416186980892026 0.0924823201824781
-0.000370052741247945 0.170991908298141 -0.100021643447714 0.0463146301550943
-0.121023365528971 0.129032302999454 -0.111359603899366 -0.036451682919944
-0.183845800267547 -0.020456221839904 -0.034280975915271 -0.0453550644490994
-0.178651581219629 -0.142399573228968 0.025127721485517 0.0802196336702586
-0.0688533980996585 -0.137799885479447 0.162681613945759 0.157029255433686
-0.121822129580916 -0.140165743791042 0.0709286048714002 0.201765591903691
-0.181036618081394 -0.0184749055316997 0.116831511265503 0.183750729316081
-0.135360247071428 0.119088834854321 0.171475269260992 0.0787586725064389
-0.00169496059391167 0.138385557492829 0.127139418824746 -0.00952099607980516
0.0659356303187677 0.0904089778915299 0.0829847388636515 -0.0324095846587976
0.109499810326413 0.0348717312671372 0.0536694961068693 -0.017173965113526
0.114929692912549 -0.000578136568720902 0.05723014733717 0.00155913945590666
0.116397907300751 -0.00323669538439075 0.0649285236606286 0.0317180279589914
0.103695335192519 0.0428379458430133 0.043349271750504 0.0728085890525093
0.0677614256018209 0.0907519049685574 -0.0133132629717781 0.114509599500387
-0.0152710945599618 0.148197018411397 -0.0856696902681931 0.0728311704074097
-0.115728108899668 0.0924334239686656 -0.10620609548908 -0.0139495385163544
-0.143799779705758 -0.0445161776001851 -0.0232239756919097 -0.0367489263111706
-0.113470443487682 -0.129015103553218 0.058976028058202 0.116039734692033
0.00136224786048538 -0.0741188947092198 0.166459119927358 0.196218356344349
-0.0439044875853788 -0.101287927351553 0.0780391491838961 0.203461318510974
-0.103601128911094 -0.0331156427769572 0.0848320614160327 0.183427364722677
-0.094975666167887 0.0606257078637013 0.138019610400518 0.103793618801881
-0.00823692695918709 0.0853192567534691 0.129045044377899 0.0261925014029722
0.0396166987711922 0.0568730627670052 0.110217710561297 -0.00754539996809528
0.071974234155212 0.0246824345293698 0.0878046944154778 -0.0106890611572969
0.0817701307786025 0.00216019440375957 0.0879973604903342 0.00312042766529162
0.0855653119306944 0.000411979434264618 0.0999806335496833 0.0344750334918106
0.0802161079334996 0.0338357854996947 0.0761554054101422 0.0847608230674504
0.0488559892758074 0.0738500592687735 0.00841009340107826 0.137787889370094
-0.0300277185875263 0.109413968465422 -0.0822916131660541 0.0944317369865134
-0.0989545144922584 0.0450718301566569 -0.107125490257773 0.00282360060897231
-0.0888074027301112 -0.0644435812687173 -0.0179971966079721 -0.031226792346886
-0.0338016696662692 -0.103449635912535 0.0758398508211474 0.143428172248958
-0.0489581621289969 0.0489877430709028 -0.103872242761599 -0.158415166335226
0.0243832632943752 0.0547176523328424 -0.0384749093539355 0.0389104439384574
0.0695835446827758 0.00732814349669093 0.118106619636072 0.0108976226251992
0.0340624941598905 -0.052010354873724 0.115357107868866 -0.102748619995265
-0.0147616396122637 -0.0416179030645958 0.00533232806595319 -0.169929108867932
-0.0252916604742561 -0.0151523642011473 -0.104509527557371 -0.120490573627817
-0.0343171198761277 -0.0122991883313743 -0.129438799213876 -0.0448880449197386
-0.0312284627270209 -0.0138497076349597 -0.118065943342296 -0.00196171879403347
-0.0192074323167436 -0.0176378676654744 -0.11747635176658 0.0132802458150742
-2.15306162401462E-05 -0.022945838381189 -0.135480654339665 0.00326926726184905
0.0193755589034764 -0.0254527740993402 -0.143621351491777 -0.0393971276937161
0.0491977291737703 0.0070257117294949 -0.124876266505172 -0.115233879929996
0.0260593085526789 0.0521791250531084 -0.077609132796622 -0.169452165367269
-0.048465584426559 0.0517142498377552 -0.0487085001063411 -0.164333827152509
-0.0760809468199817 0.0155869151076644 -0.15366244742712 -0.17189033140784
-0.120244850602187 -0.00267420556411841 -0.0622011209996103 -0.167034774322394
-0.0561627474381002 0.0454968807124527 -0.0248796217166118 0.0387595985412346
0.00794297276563648 0.0572072817799809 0.141838829036894 0.0132904490594547
0.0267118351813053 0.0219838612436305 0.142002401081876 -0.116387110025211
0.0165925422201332 0.00251689581494889 0.0143322231855786 -0.188822582538423
0.0174440463993759 0.00595758821712694 -0.107747793187931 -0.135128771838349
0.0176591398106003 -0.0125477375194532 -0.132849036375065 -0.0496331470682563
0.017515885743354 -0.0204321533095609 -0.116407061180606 -0.00399947248577401
0.0289299066671427 -0.0142607526318364 -0.113198441040935 0.0170104732750164
0.0371112452734531 0.00980441024600767 -0.130351739409262 0.01038051059341
0.0325890084267031 0.023446699711077 -0.140684524054783 -0.0230778318497375
0.0187230799171468 0.0659528518131389 -0.128540384362247 -0.0957238138385691
-0.0401062770272002 0.0752365852753836 -0.0861376509476497 -0.149275300100643
-0.117717829053542 0.0174274859671727 -0.0602964317150402 -0.129345469418655
-0.145681180236937 -0.0512140147131956 -0.142691208630396 -0.130555212861036
-0.171855666195991 -0.0643014679655581 -0.00698092676108413 -0.145246714420411
-0.138237521489852 0.0118199318956578 -0.00293105391720343 0.0552389875005297
-0.0745632749295707 0.0939202719845787 0.169349898895469 0.0323459062559611
-0.000598172092467033 0.103675569085589 0.177215161873345 -0.114369100765141
0.043295209807033 0.0612832980241553 0.0364517183098056 -0.194427787199325
0.0591156318410353 0.0354839433038423 -0.0907484660542993 -0.14279035424729
0.0686745360104975 -0.00560660304132557 -0.118081628346485 -0.0523545647103248
0.0645945214148724 -0.0242757657789804 -0.0984016230396074 -0.00484136159505297
0.0720732684393237 -0.0149482111791796 -0.092562741026263 0.0213690203198476
0.0719181724054324 0.030140899139784 -0.110143259540875 0.0254693474617738
0.0539552059540808 0.0602943236302831 -0.130362711333785 0.00778421577858662
0.0114933467924444 0.120414378007187 -0.135137039403671 -0.0596936061685421
-0.0824929935575408 0.111428743952264 -0.102968498452253 -0.121383858306498
-0.171491879245699 0.00859888647969913 -0.0667029237482509 -0.0952566144473118
-0.200803504028978 -0.0948823918003238 -0.114090589234598 -0.0728931215742322
-0.201325948870709 -0.113335676375996 0.0487184341855801 -0.0947387711724788
-0.206002525897532 -0.0298632915870471 0.0300036972975649 0.0859294132185029
-0.15484530022754 0.113086827303418 0.192953557430242 0.0576920625883592
-0.0379516999566166 0.174916565561314 0.204775246774765 -0.0993532061387329
0.0620470083081813 0.118096513012857 0.0584690447488926 -0.181807300828941
0.0947240919053026 0.0628807176158781 -0.0625929083509027 -0.133886285389766
0.110987851414728 0.000175925140870988 -0.0891946403785178 -0.0460963417448699
0.100999982233398 -0.030897992415311 -0.0675246922729249 -0.00213206658650109
0.105218623608254 -0.0246713462663459 -0.0576691175130073 0.0276595971864626
0.102436555561465 0.0332500575525283 -0.0745851569404243 0.0448227342034108
0.0810170870388388 0.078023242859753 -0.10471320541262 0.0475536840048626
0.0265862677459629 0.157682371912313 -0.133708444359955 -0.0107090154376767
-0.0957963981720101 0.148726335105186 -0.120568174213963 -0.0836677376561588
-0.200867728913244 0.0212880329046474 -0.0662226291309175 -0.0671156703513444
-0.235103568508985 -0.108516880873873 -0.0688032385892361 -0.0129053329414683
-0.186735725250214 -0.155251527497104 0.108873686339979 -0.0153659964153037
-0.226996459881571 -0.0901231538711274 0.0564556991886634 0.126604115165836
-0.215921778215697 0.0852133991272272 0.189655772508685 0.108004636849541
-0.093921604593772 0.201366591223763 0.219131978630039 -0.0424845227989851
0.0497650956876824 0.16005973902376 0.0957153024450761 -0.135043342392453
0.104095102302939 0.0904056550416389 -0.0096806443855018 -0.111914776823536
0.13244948567682 0.0169751394091951 -0.0419035145628176 -0.04269242231795
0.123858772807382 -0.0235881869700814 -0.0262447342612387 -0.00531352125009775
0.124216729903631 -0.0233318790527695 -0.0169353833070545 0.0261617631071863
0.116554587419658 0.0369360249046675 -0.033574991778055 0.0521678712706867
0.0910196971781126 0.0878376071288608 -0.0709912191209541 0.0722073819793716
0.0237495534536967 0.172831513367311 -0.116648834606778 0.0239086146792522
-0.106044498349427 0.153462557960747 -0.118836787629998 -0.053937781329049
-0.201377625681265 0.0110545234784066 -0.0515068022997806 -0.0530020823260135
-0.224834469841634 -0.124398878602104 -0.0148812953234719 0.0347039500293376
-0.1420974702642 -0.160936889241776 0.149656848823861 0.0704204519670505
-0.196563570028969 -0.128363187849602 0.0738950933946139 0.166572810552795
-0.222964135846647 0.0374337360458145 0.164413879632953 0.148746624752966
-0.127471016769978 0.179613493546256 0.204910169192702 0.0179452532244335
0.0280066689028043 0.165764921833164 0.11681420863049 -0.0756210820908586
0.0942618166336978 0.0982251935019919 0.0392675258552509 -0.0752801601367793
0.130911999562981 0.0249356641228808 0.00734807009412336 -0.0318322580640175
0.127280853078931 -0.0167176576796719 0.0164591805355273 -0.00427778994513019
0.127108048556649 -0.0192308380076906 0.0257800736786453 0.0261855806182026
0.117434045438452 0.0364259516632119 0.0086433023066965 0.0600172593425255
0.0870292268811162 0.089663616379182 -0.0358874986191774 0.0940295151595255
0.0108859396659407 0.167311478558909 -0.0977206685663735 0.052700610046499
-0.110558997179761 0.133847399244372 -0.112766518451994 -0.0295324027414789
-0.180715876845841 -0.00966204605173231 -0.0364211299251826 -0.0435179140739631
-0.183279356975713 -0.127638534052134 0.030727962630263 0.0760696596355249
-0.0763042708479314 -0.130240935710493 0.168363074777795 0.144984136884543
-0.127906642178003 -0.129684286219864 0.0788758222527575 0.192905982054654
-0.177717517175809 -0.00677552543249091 0.123772368834813 0.17365050325864
-0.125490383865991 0.12555701585829 0.172439932655586 0.0680030160339303
0.00667485438628546 0.13627928993091 0.12440019856283 -0.0176419398560792
0.070311645283974 0.0851019092699187 0.0795220442918195 -0.0365203486763625
0.109107714849668 0.027188874824081 0.0521211682492586 -0.0210243618430596
0.111532525111292 -0.00831404951838087 0.056340452716861 -0.00125711945665706
0.112593960732304 -0.0111068930084621 0.0649697461559972 0.0277244740392953
0.10422280482364 0.0352709468934171 0.0462560333108895 0.0693776911024965
0.0721212723270679 0.0850727664582908 -0.00658863687886622 0.113066095713762
-0.00476274002210783 0.145848112668093 -0.0815317886324501 0.0773527887993605
-0.107091742732491 0.0974676545070287 -0.107270641804032 -0.00689512084143875
-0.142964568381411 -0.0351798520712711 -0.0250442511389919 -0.0359243044667816
-0.118798030710777 -0.118616000973301 0.0659678812441363 0.109406733448717
-0.00334929814571137 -0.0729393176847716 0.173984182962445 0.184023157994906
-0.0493213283661122 -0.0956073691435191 0.0862713108286694 0.194071959803784
-0.103228291811352 -0.0262789583033435 0.092804344406379 0.17618493388934
-0.0893242660864343 0.0661929561470508 0.141501707319672 0.0952518289688654
-0.00270256663692438 0.0848438419595039 0.128600380226329 0.0179754056833269
0.0417153915420491 0.0539341403656916 0.107305717077919 -0.0138139098583448
0.0714299400762434 0.019084622800586 0.0855408571948059 -0.0163129351214242
0.0792821573378068 -0.0035998276597032 0.0867662669994201 -0.00205690451995649
0.0827407512898612 -0.00533665802390686 0.0993581387208273 0.0280680744659249
0.0806203265913605 0.0274404876267025 0.0779097382421618 0.0793614997775731
0.0519869971982466 0.0699890621981243 0.0167387390699608 0.134930769108645
-0.0219944014827029 0.10950814519446 -0.0769697631508648 0.0977402891512636
-0.093488835257096 0.0490671530906084 -0.107026189274956 0.00940430011464851
-0.0904754699781097 -0.0581329087470806 -0.0198006359886472 -0.0298012853465365
-0.0392752237773848 -0.0977223921224625 0.0840025698327298 0.134915704200531
-0.0425957725020176 0.0527607748487636 -0.129045804016637 -0.130640104971191
0.0311644274107776 0.0496001550822526 -0.0298933246708623 0.0474201687346852
0.0668044752258109 -0.00498400963242137 0.120215307591223 -0.00666961054574727
0.0228515496257945 -0.0566882022938126 0.100593271131206 -0.119966947001286
-0.0231193334841601 -0.0376650506308099 -0.0217406958850103 -0.168569093524415
-0.0267869925872594 -0.00959508909192097 -0.120014762729728 -0.100787699153514
-0.0340701216409871 -0.00494728821685663 -0.13393970389793 -0.0259730001574842
-0.0318118909312397 -0.00783041807668328 -0.113231171501583 0.0153426666597052
-0.0210028010123443 -0.0129325963078252 -0.110616411238387 0.0316772043401203
-0.00356747460208153 -0.0214941517584342 -0.129822575030308 0.0263388199819835
0.0140480966435898 -0.0256941675830027 -0.14432834783101 -0.0137989618635617
0.0460498505016459 -0.00151355724402987 -0.138612033876162 -0.089743834588546
0.0297697121011595 0.0439763280745641 -0.101567143818483 -0.149276542282379
-0.0392585220792078 0.0538687562144925 -0.0714403131982292 -0.152451965023937
-0.0740982003737332 0.0233681153180402 -0.170654305795801 -0.144215199679699
-0.115207975658066 0.0119835355821306 -0.0941892003804786 -0.149486008406754
-0.045393498845354 0.0514218987370811 -0.0208427489655988 0.0439520244152235
0.0166715332876178 0.049270470419771 0.137518595058067 -0.00537624623192253
0.0268507484570006 0.0125963900852724 0.120329748453502 -0.133086528196314
0.012139448304157 -0.0011173501757692 -0.0152951562253233 -0.18408861775392
0.0156823727950358 0.00443197131647347 -0.12303287429107 -0.113626350898096
0.0143280891888997 -0.0123477429729715 -0.135323159438937 -0.0287514824888085
0.0134717839406711 -0.0204428996943228 -0.111315805097187 0.0136360227174213
0.025282447997049 -0.0163002691264178 -0.106552906008629 0.0349877062445262
0.0357554526179814 0.00443116914998479 -0.124499777719488 0.0328583944593374
0.0318647976299088 0.0194994424582899 -0.139884978319145 0.000979564476558634
0.0248121861665157 0.0587371988788381 -0.139671357197903 -0.0709272232582957
-0.0299121611920465 0.0741930338524967 -0.107928480918893 -0.129260646860389
-0.109715722238731 0.0309250273701344 -0.0756267089391129 -0.11703442103072
-0.148716129397677 -0.0314234984313289 -0.153202278482702 -0.106274604569788
-0.170972553128556 -0.0408658411577006 -0.0401302052596102 -0.14138087211376
-0.127291086578772 0.0304979339199035 -0.00013505695236489 0.0539376441302177
-0.0541239503637721 0.0947078387417755 0.160690754148205 0.00906630010034775
0.0142428947158299 0.0917464699485375 0.149465662344936 -0.132187434818499
0.0446758298345334 0.049676624596362 0.00655928368677104 -0.188813298810249
0.0594013756861171 0.0268090970014068 -0.106089693697936 -0.12135875067043
0.0633427925070968 -0.0135225357898848 -0.118953382089666 -0.0325924890884288
0.0567717885228675 -0.0302433302044001 -0.0945531914889378 0.0104492724400599
0.0660074931257134 -0.023600734155578 -0.0863075159673836 0.0364439009106133
0.0725632857280265 0.0187929772468157 -0.102725604704197 0.0452822058197983
0.0573133004566837 0.0517909607442446 -0.123951362679101 0.029764269149226
0.025831647672044 0.111969834268233 -0.140873029774007 -0.0370062304071566
-0.0653462242492391 0.11345523859304 -0.121397206115753 -0.0997185096857367
-0.162218174488332 0.0302677666165691 -0.0758562761153801 -0.0848116578404117
-0.206078939669719 -0.066349875999085 -0.116675267395945 -0.0567420557990397
-0.203292384352373 -0.0832083560326291 0.0202234721692975 -0.105285951699318
-0.195321299495413 0.000466046838302229 0.0339868831900943 0.0757812939106821
-0.125520730778126 0.1238473133725 0.180842427430994 0.0302837701215364
-0.00931554356046845 0.162805937668903 0.172794577962479 -0.118768812423429
0.0711905407981412 0.100003417831163 0.0300668603990754 -0.176620247840716
0.0968447445560542 0.0484458758471196 -0.0771523153302141 -0.116292510320987
0.104006546743784 -0.0141939289605228 -0.0885500540775258 -0.0299379844462512
0.0909590153632046 -0.0410139501675354 -0.0641204123142029 0.00838788057402287
0.0956148430633325 -0.0376647080537922 -0.0520224066744493 0.0375700692371393
0.102178079556326 0.0180444942603613 -0.0654471023763203 0.0586980579839526
0.0848072546078658 0.0654442603867861 -0.0933043995671485 0.064138527676747
0.0449294722235084 0.146861796982241 -0.132754265583593 0.00988036457512993
-0.0733153810678748 0.150207276349844 -0.13258412195987 -0.0597365625492916
-0.187685891419011 0.0467304159908374 -0.0714562515674689 -0.0592720323883655
-0.239564855383002 -0.0745270358786962 -0.0650504067240707 -0.00650223799494424
-0.192261046682913 -0.123899170216677 0.0911619106951775 -0.0421621315224411
-0.22301910426132 -0.0541601346387339 0.0646369457646429 0.107688682196763
-0.185043406633798 0.106490906372697 0.181779757217588 0.0753520178772134
-0.0560346480616647 0.195869751765724 0.191298478306845 -0.0662531688700141
0.0668124771285886 0.140328633315039 0.073014391390598 -0.134897822858383
0.109354164215556 0.0727026627450546 -0.0216870175270717 -0.101843567141343
0.126375967644142 -0.00232503344990042 -0.0413621837960137 -0.0316339138649077
0.112849568788563 -0.0373522866700919 -0.0246884740902195 -8.31299089759219E-05
0.114444477847344 -0.0391072553407902 -0.013574070409756 0.0303453516444081
0.116366536141266 0.0195526814195209 -0.0254853448545676 0.0593678888419152
0.0953582089711631 0.0738482848564624 -0.0566127285356094 0.0821160064588617
0.0446671363369353 0.161605038935142 -0.111252689333118 0.0401627667961344
-0.0827673157817647 0.155819067892749 -0.127175236524895 -0.032507860212048
-0.189953514050138 0.0367578489941826 -0.0556208084731019 -0.0472170756077279
-0.230631021770703 -0.0901170572782138 -0.00662573425783617 0.0313389802147489
-0.149144818548073 -0.134384512166733 0.146688778063118 0.0333023772419523
-0.198598143126098 -0.0934118765281913 0.089302341893009 0.142158344447566
-0.197844087159295 0.0635780059714391 0.164914417871532 0.116459451427248
-0.0891339901008186 0.182451012657547 0.186145497841726 -0.00888950621906341
0.0476984472442218 0.148198582685857 0.101129929498475 -0.0802040027537601
0.102175076058829 0.0810149115269768 0.0306533636474337 -0.0738279925702839
0.126627714858884 0.00526489010463431 0.0083712539976038 -0.0287549449696069
0.117713614914208 -0.031808161964298 0.0167764179801487 -0.00563571235903866
0.117214469546158 -0.0353753668107197 0.0276537044075742 0.0233632357767975
0.116765175654777 0.0188657365868008 0.0164997298945488 0.0599760461010598
0.0930229628656544 0.0761701888996647 -0.0193853528332536 0.0964131381868963
0.0327457319611349 0.158879606900401 -0.0880428383826451 0.0643111248191018
-0.0886173461417991 0.137940773657285 -0.117706566269966 -0.00902493521267841
-0.172457431210426 0.0146207230867898 -0.0398702218034973 -0.0401676720838328
-0.190100804590586 -0.0979534873495676 0.0435474960343668 0.0646952165211227
-0.0829754356770083 -0.112941554014562 0.180592277216101 0.103277399851698
-0.134476506179918 -0.10416289677462 0.102145086785127 0.166872705468829
-0.161231252434702 0.0175799372718738 0.133118904446446 0.144008020920165
-0.0949358673796797 0.132716383923352 0.16436814713823 0.042534244573251
0.0252696851176441 0.124244205799155 0.116507380308276 -0.0271906374756861
0.0774751416894213 0.0707890885522113 0.0747557501243954 -0.0435891861816508
0.105788947597122 0.0101237452582244 0.0522440219410436 -0.0238526630572649
0.103760231052176 -0.0226868807532673 0.0551088355408336 -0.00879289237848331
0.105068726502535 -0.0267693029928632 0.0656700156242785 0.0187152811516575
0.104614292403927 0.0194742219762623 0.0537511059348926 0.0622405695085123
0.0784520187423736 0.0733519036275086 0.0111281242795546 0.110310484227346
0.014200302599482 0.140310607241178 -0.0678251954148442 0.086052378734842
-0.089841433268174 0.103671675515225 -0.107870938749631 0.0110669254246477
-0.140386874262624 -0.0150107708820251 -0.0283454070266706 -0.0325892848786705
-0.126618201327975 -0.0968273306941129 0.0809663753687524 0.0925019861886034
-0.00722224943820166 -0.0667609142392645 0.196244588275154 0.142873091822024
-0.0546386748863139 -0.0831276129868007 0.111770353716745 0.168853662136515
-0.0949509986255583 -0.0103397005458573 0.109613843279074 0.15208484882668
-0.0699669163841905 0.0739151613520274 0.143647806567761 0.0712441265220813
0.0101452173893254 0.077436865437176 0.125828629234525 0.00248037520849666
0.0463746695577493 0.0441815623565899 0.104129765912931 -0.0279809500891648
0.0691074317295216 0.00747032790187399 0.0841264360491658 -0.0260798060706427
0.074524161121002 -0.0151194374789409 0.0843665034705213 -0.0137501617599479
0.0786573511121031 -0.0169851842538911 0.0986680732436403 0.0124733223645136
0.0807712599219792 0.0146747614770235 0.0869062242024384 0.0664935882330546
0.0585502334422985 0.061505437591811 0.0378560948449201 0.126474324230148
-0.00702901006394646 0.108412461424951 -0.059593989912525 0.104464258109157
-0.083138245065855 0.0570044075527274 -0.104380089923847 0.0256675482696218
-0.0939532359003731 -0.0443421026505936 -0.0225180581985554 -0.0265712522175523
-0.047646129796268 -0.0867494808941005 0.101127376209052 0.114926786881765
-0.0420120419436857 0.0522173405938878 -0.125576975875752 -0.13063074225082
0.0294208215075358 0.0499502630160842 -0.029959380652284 0.0470058892799397
0.0653794263435383 -0.00464199932364689 0.117267816307227 -0.00411927945658791
0.0226077825063317 -0.055047727327521 0.100749996271527 -0.116625508635558
-0.0221869595913662 -0.0367154288712534 -0.0183592371578742 -0.165828522565355
-0.025644496774244 -0.00969409497148296 -0.115084127990269 -0.0999620744578166
-0.0327217631147835 -0.00430342552714293 -0.130250773576899 -0.0265217863951614
-0.0306278464421344 -0.00747322437194282 -0.110657764845345 0.0126032189019424
-0.0202423271411271 -0.0126212046710453 -0.108206840473595 0.0294380595317713
-0.00264232673473466 -0.0204509530579883 -0.126884320082309 0.023399263404154
0.0136518691648187 -0.0250127439541175 -0.141304112758413 -0.0150434775446898
0.0443583248475602 -0.00114199942300251 -0.133551179220459 -0.0890847054458541
0.0275226902446749 0.0435909147076077 -0.095880643968921 -0.148305593165633
-0.0396463132868578 0.0522651812652397 -0.0655340942081344 -0.152246394147936
-0.0723210317171736 0.0215296998080046 -0.164329972794492 -0.144913193450327
-0.11220570965475 0.0108940601156865 -0.0908021597616083 -0.148776148436444
-0.0456704515197305 0.0499698558941541 -0.022029300787584 0.043879360693866
0.0159197175198614 0.0483121934459478 0.134446512148664 -0.00273228254450022
0.0261357137945169 0.0127676943536018 0.119967065736234 -0.128733190301169
0.0117350900095014 -0.000453150576262417 -0.0116910768041132 -0.180466371038622
0.0159182369735238 0.00465364086546451 -0.11750460820736 -0.111743067004321
0.0145377618540034 -0.011742451371602 -0.131170608890033 -0.0301068899889197
0.0126919541752702 -0.0190537679296313 -0.108627128564297 0.011224677063468
0.0242046676922213 -0.0150012551259466 -0.103605063922421 0.032152956640564
0.0348910612288297 0.00478813519791275 -0.121054663260032 0.0304376029135987
0.030319729167317 0.0191846701764645 -0.136316007088546 -0.000948614358868911
0.0238685252985315 0.0572741089596577 -0.13534329352547 -0.0708052434297714
-0.0307264787869299 0.0717010442809027 -0.103474947577452 -0.129074212177372
-0.108437505272001 0.0282089169884678 -0.07070749500207 -0.118143807861733
-0.143783944537108 -0.0326730744273554 -0.147545526266657 -0.108164382514132
-0.165722716458492 -0.0416561789135962 -0.0385523470046297 -0.140454030544771
-0.125506428711204 0.0279261402505503 -0.00184657738765534 0.053517170930471
-0.0534542466315852 0.0917204201920514 0.156131470686411 0.0122189715637381
0.013017742558332 0.0903150209073172 0.14879067750893 -0.127345590352474
0.0431780848104543 0.0495275591351562 0.00977078218357069 -0.185113853658312
0.0579133746301186 0.0269040464720938 -0.10111187259761 -0.119591547843551
0.0616339180613822 -0.0121623429916037 -0.114695792040436 -0.0334652117375724
0.0544914097115121 -0.0279623699735829 -0.0918078532320853 0.00787467448058464
0.0638392309384097 -0.0217793334530194 -0.084185560951046 0.0340825260099816
0.0708154644455165 0.0197116804268819 -0.100447541543748 0.0431416144624273
0.0545980001778024 0.0515386470176805 -0.122134162479172 0.0275609356497074
0.0236903091170503 0.109349577637719 -0.137943126617462 -0.0374881266776809
-0.0660056325504808 0.110109422638761 -0.117829562641794 -0.100287357102399
-0.158683997426868 0.0265030494579665 -0.0723985017864183 -0.0866999650974996
-0.199624473754247 -0.06733834594472 -0.112103001345741 -0.0590660078757803
-0.197011920176229 -0.083732131598831 0.0195318214255077 -0.103593174702971
-0.191229068190545 -0.0031077866001544 0.0299841516607576 0.0746491980683729
-0.122983199151868 0.118840475279079 0.175956420919833 0.0330588591940171
-0.011182324667486 0.159712879386196 0.172137206841593 -0.114392495446344
0.0676761586017392 0.0990212618786839 0.0324868503976129 -0.172048223770761
0.0940443717703789 0.0486999832061069 -0.0722892732322494 -0.113813146774548
0.100874739387289 -0.0125903020480922 -0.0849042484369214 -0.0307143509664505
0.0871773856839108 -0.0388062298357831 -0.0621271147030331 0.00708333634222362
0.0926534340216846 -0.0350407811990579 -0.050754082891776 0.0360327259003765
0.0995114676398738 0.0190364339888974 -0.0644440526022997 0.0568310255844489
0.0823667462793909 0.0650931865367403 -0.0925177420101814 0.0622467105483465
0.0421029698785652 0.143821106953472 -0.130537106073651 0.00908867470675542
-0.0730004224973859 0.145580420828978 -0.130084699295886 -0.0610873906851382
-0.184434114069978 0.0423442712606822 -0.0677812278322399 -0.0612088589920376
-0.231558528193416 -0.0758059061973437 -0.062604851001765 -0.00972641648070938
-0.185959865725774 -0.123170343852625 0.0883461278667798 -0.0407660339044994
-0.216685332339961 -0.055857104061274 0.0589647560100061 0.106276063932723
-0.180983123395794 0.101008692476813 0.175989618307457 0.0774542812874999
-0.0565282624839664 0.191438566777281 0.188566077045608 -0.0616408160068838
0.0630181388859759 0.138227439247644 0.073474500374941 -0.130962713367546
0.106469782693084 0.0729744884704571 -0.0190417806765547 -0.0992130473330947
0.122712939080488 -0.000407861722475789 -0.0386324542870916 -0.0322353720541551
0.109133906621079 -0.0349826011371953 -0.0241000742692682 -0.000977556467217271
0.110573614762663 -0.0361736218175044 -0.0136047218314409 0.0291940380376878
0.113759814135805 0.020608360020905 -0.0262955971038749 0.0582552601892962
0.0919846415061061 0.07410593470868 -0.0570042255716373 0.0809788912962997
0.041705356584877 0.1585426506433 -0.109463332254522 0.0387561275362501
-0.082813748578377 0.151408390651207 -0.125617428238686 -0.0334781243952923
-0.186404460176693 0.0325078282010129 -0.0536514421698823 -0.0488102689143508
-0.222801246123512 -0.0903392298367326 -0.00604770705932014 0.0285439413099631
-0.144479346302494 -0.132214454980338 0.141800686083897 0.0346691661160789
-0.192706188143452 -0.0943003194899311 0.0827888634616212 0.139561190345395
-0.192963224520593 0.0596886642774395 0.157997556601895 0.117349939572665
-0.0888350121649396 0.177486189798061 0.182350783203557 -0.00488129710469751
0.0452618521552847 0.146017053327781 0.100840010493486 -0.0775755072034078
0.0987414698843683 0.0807711714712429 0.0317144407568419 -0.0714896854255849
0.122954089264015 0.00643278006837284 0.0089407147241937 -0.028241621838377
0.113495689149449 -0.0299913586221883 0.0174118659896473 -0.00522344752383235
0.113372857997063 -0.0338373645038473 0.026019952259256 0.0234409131578523
0.113801955701195 0.020307309367848 0.0151278033157736 0.0590130073151435
0.0897915746159386 0.0759318626581038 -0.0208305067270884 0.0945328849387404
0.0287647504910987 0.154936800921248 -0.087579961350613 0.0637801256819739
-0.087972586528777 0.133362354957178 -0.11641922411388 -0.010909758701479
-0.168652203741682 0.0112689621868763 -0.038814800180782 -0.0408980493518508
-0.18304395982008 -0.0974717452522027 0.0421834761860499 0.0618715244453714
-0.0798220572423944 -0.110486049868951 0.174524983796317 0.104508003677323
-0.129188040491175 -0.103397506940462 0.0938223305781507 0.164706130876864
-0.156795426822059 0.0146518036388386 0.12755682529968 0.144829894104239
-0.0939549807804991 0.129974969500993 0.160355634176221 0.0447898101127321
0.0227805883875066 0.121733886943799 0.115368890270753 -0.0253082318493377
0.0746146551632405 0.0708288221437347 0.0743916502446602 -0.0414413867249795
0.103021592823686 0.0111502296005553 0.0524861669556097 -0.0232129442728786
0.100427587244727 -0.0214018290775813 0.0549593158171284 -0.00764279133548735
0.101844211216315 -0.0250411498595476 0.0646273127904376 0.0196933004674657
0.101730906894193 0.0202255918179125 0.0511461075126779 0.0620978580009065
0.0756327521905543 0.0730302762954711 0.00958264216276789 0.108766025568091
0.0117999355001465 0.137598603337638 -0.0685122286028346 0.0845726931315365
-0.0889699800825705 0.0994346817898101 -0.107146716104403 0.00939668425761844
-0.136925947386901 -0.0174975843393325 -0.0282505976382412 -0.0333133557178443
-0.121584019691886 -0.0958057052626449 0.0788553037574919 0.0903044414077145
-0.0057988718633828 -0.0643064777909804 0.188820645757135 0.144306870725582
-0.0525612531090824 -0.081191171414718 0.103713045640539 0.167702843333973
-0.0918413503645745 -0.01110210857351 0.104628457681874 0.151408307311016
-0.068517227474982 0.0715198325492681 0.138763121941617 0.0727705808316639
0.00898699857670007 0.0764011578567261 0.123573541795372 0.00410598693926902
0.0445562075816248 0.0447191537359643 0.102933532042265 -0.025892259770707
0.0674539591531648 0.00793455490709256 0.083039586408683 -0.0240383473842615
0.0720813883371795 -0.014177100204514 0.083536470718818 -0.0124818950429721
0.075766954929916 -0.0163858715871338 0.0957381228434997 0.0146904011703594
0.0785635761667189 0.0151731367742172 0.0829419132321352 0.0671622343063912
0.0559250317523216 0.0607186971441795 0.0343847991145377 0.124871032091023
-0.00859366060021946 0.105537762288576 -0.0603592355865175 0.102699340914776
-0.0811212517770698 0.0543947282200642 -0.103565035005549 0.0236275856856619
-0.0910670411301415 -0.0451737500213408 -0.0221751723705647 -0.0270544913225483
-0.0451279103370392 -0.0843676064852669 0.0980792264074665 0.112572465943645
-0.0430478706024492 0.0525348300330761 -0.123267605885994 -0.136394518798544
0.0276366449424389 0.052457391655287 -0.0329595529504005 0.0487637562292868
0.0660655627547939 -0.00298781980804126 0.119641288472371 0.000717002023588649
0.0242432314039094 -0.0548320930089456 0.106572664145536 -0.115585183546215
-0.021029504608694 -0.0374547633483785 -0.0127003994756901 -0.169216661582105
-0.0250851145799194 -0.0110438008921096 -0.111829339962323 -0.105106549722465
-0.0323588450336158 -0.00549319286345982 -0.129709022320372 -0.0308157755932817
-0.0314053016567851 -0.00765089628193876 -0.111570272893475 0.00884104730265843
-0.0198640227633663 -0.0127089591736566 -0.110460139226845 0.0259010753979091
-0.00263047409354373 -0.0205556629343486 -0.12909161261327 0.020478846618196
0.0139633827030771 -0.0245884754152417 -0.142606027382109 -0.0203791258228964
0.044632047218667 0.00065193529174083 -0.131877670335189 -0.0960610915747851
0.0255723844808313 0.0450303187727965 -0.0907159430008442 -0.153850341486407
-0.0429977160467303 0.0522766384982515 -0.0581775843395002 -0.158852591549055
-0.0736733896733213 0.0197171962451217 -0.160421626957976 -0.154195977657512
-0.1129472577726 0.0086645833571033 -0.0888523302558031 -0.153871521244769
-0.0484347858644928 0.0496811293369226 -0.023973508488301 0.0449066603933712
0.0151528872290076 0.0487528710773953 0.136101595292012 0.00265900769499522
0.026311873256599 0.0133079265378694 0.12657448314864 -0.126859811773848
0.0117162510084047 0.000684304131033112 -0.00530667251404158 -0.184443636594362
0.0164119593237752 0.00508693786487936 -0.114469317778729 -0.116659028672782
0.0149509459238065 -0.0111087314017978 -0.131109171486614 -0.0345830279795808
0.0127916253499284 -0.0186797871179387 -0.110181803813534 0.00697372217010081
0.0250819768918719 -0.0141473316838548 -0.106235097154514 0.0286355898371141
0.0350089409805578 0.00678431921154419 -0.123385611821238 0.0276093187117921
0.0298629536624124 0.0208447067544378 -0.137740647006688 -0.00526150717188926
0.0217121467912516 0.0585246500471344 -0.134236153785297 -0.0771003904769843
-0.0336979169084256 0.0714905222823385 -0.0999107455619501 -0.134835199661241
-0.111141278879709 0.0247171600163402 -0.0662116051733633 -0.124390216770048
-0.144189177657596 -0.0375860427961509 -0.144864163121216 -0.116009840062324
-0.165645714657703 -0.0466596444569897 -0.0358468455040128 -0.143585599973194
-0.128441409117433 0.0245371658937965 -0.00473483458964209 0.0552697127287011
-0.0562770442737821 0.0907398326628415 0.157445737321896 0.0189881967988321
0.0110069801745049 0.0913593789012072 0.155685734233224 -0.1244359130995
0.0419980065458432 0.0519296938210578 0.0167410584056004 -0.187335008314602
0.0580429864575915 0.0294246953238869 -0.0977023455611786 -0.124075464609093
0.0624724233864577 -0.0100222557948614 -0.114446777582658 -0.0382658687341999
0.0554928871927932 -0.0265150635465498 -0.0932628742565952 0.00459905069556992
0.0645662641511908 -0.0195484512033882 -0.085724510950975 0.0307813475510857
0.071321082588203 0.022063001503894 -0.102907734638775 0.0401573422377609
0.0528473862630966 0.0535638819101622 -0.124266990356802 0.024196207085549
0.0210191900993156 0.110758271591747 -0.139017971444149 -0.0421863155868149
-0.0700579108486225 0.109005697484801 -0.115959739033265 -0.105811218294806
-0.162306929810838 0.0211975503566066 -0.0689031792503827 -0.0922708026593141
-0.198705853191348 -0.0743495366351867 -0.110867545605115 -0.066343000569882
-0.19583321728276 -0.0903843866304034 0.0217788884830502 -0.104531106664059
-0.193996790021608 -0.00927576625675949 0.0256621668829623 0.0780672573870476
-0.127404188858674 0.116365258102755 0.176854821632414 0.0410567197542337
-0.0153572162985831 0.161673122086057 0.178311375244484 -0.109779640159874
0.0658451642803065 0.103119667598877 0.0393590198424891 -0.174293302501221
0.0940766063075632 0.0522102576097171 -0.0688454963583811 -0.117147382348764
0.102318457509666 -0.00926578741669854 -0.0845902676963576 -0.0343358370429665
0.0880707893665894 -0.0359728143926609 -0.0628412673657827 0.00546083947959375
0.0929429105491567 -0.0317721005223417 -0.0522917039062646 0.0342823036589988
0.100736464227599 0.0224187743406435 -0.0671765855246851 0.0559129425597633
0.0804846446818968 0.0683725121379629 -0.0945221689056729 0.0603607552247305
0.0379905967052759 0.146437534901238 -0.13289475718758 0.00548212088995466
-0.0788753513860277 0.145009718467257 -0.130667710670389 -0.0664589631654375
-0.188706608772595 0.0357118776052309 -0.0671702176722741 -0.0656670393298218
-0.231370169524942 -0.0839517110151875 -0.0624000958621771 -0.0137918114064492
-0.183816874965519 -0.130688373811025 0.0895492123449762 -0.0382078353958077
-0.218507030779755 -0.064342563097635 0.0537335201779213 0.111246077073099
-0.185319225962334 0.0959723291628234 0.175452729955639 0.0863318596167631
-0.0626037258625595 0.193289559781654 0.193554852640124 -0.0560852976717386
0.0601479503522967 0.142255450606648 0.079697613425902 -0.130600223160478
0.1057054358408 0.0763991057173939 -0.015291904660305 -0.101017437245934
0.123586928941415 0.00295691265574381 -0.0372239285973025 -0.0344181753111168
0.109988978712935 -0.0326196865970165 -0.023325626366166 -0.00186989266208397
0.111060040964333 -0.0329394310190216 -0.0135753339213968 0.0292701495839225
0.113844450207978 0.0245283323729722 -0.027725253477771 0.0587132978735595
0.090881852049609 0.0774455018098854 -0.0600978223794742 0.0800700802943034
0.0370014186855084 0.160885886164193 -0.112835231348755 0.0376389841026476
-0.0876236757324051 0.150559566170736 -0.128178796274839 -0.0378276853523115
-0.189456701557008 0.0259062557408364 -0.0528149437359012 -0.0520012440373558
-0.221311081620326 -0.0978728984561156 -0.00630542626158728 0.0265215026583795
-0.141234004277476 -0.139183811048215 0.140901915287383 0.0406712412216104
-0.192900608237572 -0.101799110980493 0.075758516346172 0.14570598177875
-0.195952408429957 0.0533976330304306 0.155589163595053 0.126171803704587
-0.0953933153284058 0.17823351378666 0.185261965065528 0.00132396616839896
0.0407982523285581 0.14988171475606 0.104979794075472 -0.0746169969026477
0.0976677720033981 0.0850175823307447 0.0351607824820539 -0.0707024729830902
0.123927513405072 0.0108122855257558 0.0109398069058136 -0.0294080007028662
0.114573408571274 -0.0270879335081281 0.0178851679167946 -0.00462765801375726
0.11376516068797 -0.0306714769084418 0.0263519174161085 0.0250965552024106
0.114104650936261 0.0237501220586047 0.0126788823086142 0.0609342586412917
0.0885477415499381 0.0795603521970876 -0.0239609952877651 0.0960900264907264
0.0245956219302858 0.157736158487383 -0.0911509291929977 0.0630302526926881
-0.0930992170120483 0.131325620342713 -0.119271962627692 -0.0140493575552435
-0.17127530165612 0.00483147775442072 -0.038430010666681 -0.0433986930822684
-0.181074412167098 -0.103971949736281 0.0415394937516064 0.062589185196401
-0.0764385615887805 -0.11408904796266 0.171742606528392 0.111817379144873
-0.127620824215051 -0.109734019874857 0.0861377686423787 0.170725249343765
-0.158255937320885 0.0098423428192555 0.123870112766154 0.152085587150717
-0.0989305059297744 0.129128566400296 0.161099570256656 0.0507124047093593
0.0193442798303698 0.124513644709453 0.117967699538941 -0.0212641276873573
0.073513225084704 0.0745367476017896 0.07788144559864 -0.0393686455574344
0.103184205958897 0.0142464566398977 0.0542193330927514 -0.0221404760575165
0.101628340700852 -0.0192336155625105 0.056370043476816 -0.00613985143144029
0.102552840493346 -0.0221147463163509 0.064457891402025 0.0225471368097035
0.102062483859614 0.0232199042735582 0.0494878957885855 0.0656185085738376
0.0742663824904148 0.0761150283678725 0.00564650432909952 0.111371261101692
0.0078973099839414 0.139277217742677 -0.0725233310492514 0.0849716440969868
-0.0921387964533678 0.0978268592344153 -0.111003780669732 0.00679628782927751
-0.138089804566751 -0.0224584523824074 -0.0278218148949273 -0.0359120897772561
-0.119043336626999 -0.0999408571087339 0.0780390995161786 0.092023672595715
-0.00327259791898162 -0.064328930131578 0.185864005866287 0.153383887095296
-0.0497401514539389 -0.0834608288996514 0.0956737977576803 0.174275067943793
-0.0921168923724003 -0.014096513186009 0.100150556987061 0.159097124926419
-0.0718580341114134 0.0717587982005342 0.139070068956745 0.0787067601110597
0.00646076578576407 0.0773240083029133 0.125672358579542 0.0085482207054492
0.0439101918335142 0.0466880365843837 0.105546130503516 -0.0231944213620618
0.0673849781648539 0.0103460975945124 0.085871602664279 -0.0221506966571945
0.0723942709264906 -0.0130793549141425 0.0858208632309244 -0.00968791362065844
0.0759747625308354 -0.0148329204405789 0.0962760017275542 0.0186380060475785
0.0783859433694355 0.0170751181933594 0.0820196335758385 0.0717952572677954
0.0553580210532006 0.0627278327726808 0.0311922627308285 0.127804165408146
-0.0114174797900362 0.10644621262743 -0.065386968064399 0.102572557226745
-0.0839298256029545 0.0519072060057601 -0.107207364854819 0.0207639303229018
-0.0913698925096079 -0.0479384793628671 -0.0221106179218267 -0.0287680888270839
-0.0424187654623084 -0.0860106377343952 0.0961521759966953 0.115656763008551
-0.0452871149020889 0.055223333659719 -0.128049980033179 -0.146536640864172
0.028515687064381 0.0567557346398726 -0.0360976385048893 0.0517010804330227
0.0694363323637538 -0.00198222844202909 0.12685259253758 0.00397866145725149
0.0262644704661667 -0.0572284724919631 0.115199971003622 -0.119056677217687
-0.0216892029520384 -0.0397002287837118 -0.00883934397891141 -0.179164500182288
-0.026433964552208 -0.0119989571522176 -0.113580579770719 -0.113894160243242
-0.0333461380638872 -0.00590779734566424 -0.134818453078294 -0.0347364867417989
-0.032690629261061 -0.00776494207430742 -0.118153610551946 0.00657404709529181
-0.0202958692300642 -0.0131640628813312 -0.116458042208855 0.0244514120264798
-0.00251020463582132 -0.0216938474005438 -0.136379169391483 0.0188863756199318
0.0146574383808446 -0.0249259703299035 -0.149882401972134 -0.0252729022418266
0.0465955327368279 0.00145366047702824 -0.135315575847996 -0.10507945546486
0.0246700858946939 0.0477100504523251 -0.090404383308033 -0.163726344515899
-0.048032897556569 0.0541453109371871 -0.0556081306016533 -0.170470384305311
-0.0781402363836773 0.0191252173250921 -0.164810028824504 -0.167346763228067
-0.11779972811764 0.00768016966823433 -0.0916393988179885 -0.165041446702802
-0.0517417071639491 0.0519161588325399 -0.0277157763712236 0.0484211028441537
0.0153199185379381 0.0510744673303811 0.143926837041018 0.00726456725370948
0.0274092006165094 0.0149779900072519 0.13657913917254 -0.131603877619052
0.0125182772414114 0.00134813309678339 -0.000845972907806265 -0.194719142229465
0.0173197361685835 0.00545516546336077 -0.116304398073121 -0.125519725787851
0.0158656395555104 -0.010709560696128 -0.135827489128925 -0.038872291378285
0.0129691692114427 -0.0180593355514038 -0.116187330130612 0.00488273866030219
0.026169074951665 -0.0134217339197422 -0.111379122403035 0.027142310675014
0.0368450900111832 0.00774817273787908 -0.130148343527033 0.0257802450998812
0.0306341498709476 0.0231106580944611 -0.144962480631123 -0.00950874673637883
0.0216697006340726 0.0621647552262266 -0.139744658972193 -0.084412530897012
-0.0376165268608799 0.0741668983019734 -0.101632659769698 -0.144764872108218
-0.118697490589114 0.0236804698027155 -0.0639793638957581 -0.134529158502461
-0.150088888304416 -0.0430792812716586 -0.149255456484241 -0.127969326783475
-0.172232329332147 -0.0519487565799701 -0.0365065872644671 -0.152885718940239
-0.135710695210026 0.0233373751560337 -0.00875910689041153 0.0591288880778816
-0.0603843247173589 0.0935922642341691 0.165445461986556 0.0245236748499169
0.00973213142887031 0.0967228254135331 0.167911600759652 -0.128099480663962
0.0433336834870658 0.0558758622880018 0.0223661003292767 -0.19778048602164
0.0612490255246053 0.0318365120990631 -0.098523272525912 -0.132665725202594
0.0659978310421027 -0.00912657765293018 -0.118482268624832 -0.0426284343674023
0.0571044239214918 -0.0261900322305038 -0.0976365991999888 0.00179458373822937
0.0670493828459873 -0.0185539654810889 -0.0906283778328414 0.0306967871262927
0.0742255242684244 0.0253096139003594 -0.108664562957125 0.0409536858023885
0.0536672583988538 0.0578325071794757 -0.13064021413619 0.0225516695899326
0.0195987770784173 0.11707454812334 -0.1451582042722 -0.0468846779302247
-0.0761518098429999 0.113299152038608 -0.120014453153967 -0.114793026956889
-0.17173089747684 0.0178192565246557 -0.0694203748768245 -0.101162473250375
-0.206867085500365 -0.082563379231867 -0.114401400728946 -0.0747240023009728
-0.202562025920653 -0.0992037689240683 0.023448560265303 -0.109826919631662
-0.204362838801101 -0.013734447056181 0.0234441323273303 0.0841255216513521
-0.135827348395751 0.118680379240648 0.184893845363713 0.0481580331840273
-0.018213940203878 0.170100599496512 0.19121980198883 -0.111709122226605
0.0676213364754826 0.110692120111329 0.0467475997884165 -0.182440402180378
0.0985319710393305 0.0567976244064266 -0.0677982936235171 -0.124296191795987
0.106771727031619 -0.00750418182055795 -0.0862091505744142 -0.038748949818043
0.092350655348033 -0.035917125782508 -0.0654889894521597 0.00310422922763228
0.0970856805466341 -0.0311953512156556 -0.0549230826685721 0.0353098027788997
0.104955192914417 0.0255466080614454 -0.0716818149283186 0.0577914361728636
0.082875280266259 0.0737131996180071 -0.101524788225626 0.0613486381293633
0.0372404348509411 0.153730855469404 -0.140339223273194 0.00414926270172978
-0.0854161745607917 0.15120482911829 -0.137130282962121 -0.0735946012453353
-0.199423354409781 0.0326950898149289 -0.0681831697484559 -0.0726710537149963
-0.2400158166165 -0.0931024985431583 -0.0644568250886534 -0.0186701804455685
-0.189501159286519 -0.140540066321365 0.0924345822859009 -0.0377340742902606
-0.229100944803716 -0.0725799586646877 0.051486021570584 0.119177334673322
-0.19662881546701 0.096958407418435 0.181593217206525 0.096401347946562
-0.0695268119299954 0.201687361761056 0.206134866453701 -0.054076749748468
0.0599865698778066 0.151968237667429 0.0881119274763936 -0.135352223298529
0.10999166479098 0.0833473816415197 -0.0124145021143183 -0.106208911911254
0.129195004268464 0.0058056429945181 -0.0371706410400456 -0.0377484916266003
0.114750492297794 -0.0314144781824395 -0.0243592026338696 -0.00267520217371602
0.115617507679724 -0.0322857089458164 -0.0142965746106354 0.0306772298559448
0.118952545620063 0.0283005564019961 -0.0308017126456316 0.0614596035215083
0.0930909391346482 0.0833170333575947 -0.0646044610938392 0.0839480886415042
0.0353476198965045 0.170115735354523 -0.119792056387676 0.0383507582614724
-0.0951558025810915 0.15613135117787 -0.135736150367526 -0.0427348279957269
-0.200134203669779 0.0224695030568569 -0.0542413465647005 -0.0580953791380896
-0.229836811903597 -0.10791376645867 -0.00628160405161913 0.0262376388938753
-0.145007006275208 -0.148183748987672 0.1458741548454 0.0467235055185446
-0.200625237977343 -0.112111668567375 0.0735609505878296 0.15690813574589
-0.206580236814569 0.0515415780657592 0.159861355913241 0.137201607288756
-0.103313738076243 0.185759457683386 0.195944998893776 0.00665928776036882
0.0401797881849641 0.159021847993279 0.113282390915711 -0.0766860444912278
0.100858113557697 0.0915117882393809 0.0396673163830503 -0.0741584209088808
0.129480215411375 0.0147014830504013 0.0132500612014716 -0.031390374815174
0.119544987675562 -0.0268897429774291 0.0199178343304992 -0.00499794945053556
0.11899927313432 -0.0296178404331309 0.0277811916411839 0.0269050385347727
0.119411901686809 0.0281158589628075 0.0121748508881829 0.0655703633290208
0.0913016281144005 0.0856929286642655 -0.0273506404596927 0.101607043525813
0.0225411770414022 0.166773294148838 -0.0970634753721847 0.0662287303179099
-0.100308692304353 0.136405171252 -0.126693044127374 -0.0168412639906488
-0.180470813345429 0.00020790291606075 -0.0402841918657118 -0.0484530396674805
-0.187465250029139 -0.11352247877509 0.0428346434966597 0.0647131752883016
-0.0769701447340087 -0.120324930428092 0.177446495377878 0.123511306068418
-0.131818750898965 -0.117972223629639 0.0839842536828644 0.184176227008426
-0.165664814100812 0.00607817290500436 0.126010061991151 0.16404107427894
-0.106047757354651 0.134751879911409 0.168249255634169 0.0578717040845468
0.0177732722854195 0.131833592133319 0.12542197127371 -0.0197709675723549
0.0759361906690764 0.0797706479618168 0.083301827657891 -0.0396219964104008
0.107424146174907 0.0171655867533507 0.0586257736172785 -0.0228863214757349
0.106108991335122 -0.0187958469305781 0.0607708164727348 -0.00589344121072026
0.1066632973565 -0.021252416437176 0.0675698585289146 0.0255057718383376
0.105884331914596 0.0265145295214423 0.049956137932808 0.0714142108708258
0.076288091261193 0.0812219519960259 0.00364713937809169 0.117546590649018
0.00484305238209017 0.147094432770435 -0.0786278071131359 0.0888782661180667
-0.0993241825549283 0.100136337227311 -0.118287742863309 0.00455647101040405
-0.14483134213198 -0.027725195796935 -0.0289526537086105 -0.0390213565757173
-0.122327908940004 -0.107342895703202 0.0805340047747612 0.0974771850054817
-0.00194450859268903 -0.0670623185882122 0.191901533138296 0.166913051511299
-0.0505113558859158 -0.0888110646842113 0.0948379533161209 0.187786735105935
-0.0955896787745303 -0.0181191844129788 0.100760571062176 0.171113248425705
-0.0763808556542516 0.0741396211941704 0.14454169936265 0.086493176013273
0.00528796855017875 0.081887749135571 0.132335137034677 0.0126465054950522
0.0448369182265747 0.0506094058206893 0.112461196891951 -0.0223947191777329
0.0703168939264543 0.0120637748592704 0.091214894884173 -0.0217363776541953
0.0756104424853108 -0.0125759041994771 0.090699628983665 -0.00920641980533215
0.0791819319336094 -0.0131981984057198 0.101645644378309 0.0217326100119836
0.0808741572923106 0.0192516732825893 0.0837202517757323 0.0779206861976755
0.05647777682143 0.0673564421234334 0.0293242927884915 0.135889064734801
-0.0140989271515252 0.111792017786021 -0.071830264017217 0.107801036703739
-0.0884983541521723 0.0515385565637716 -0.114600736626801 0.02003230555814
-0.0937821982545563 -0.0534992214161745 -0.0231566607075962 -0.0320293667722564
-0.0416424471804899 -0.0905005959143749 0.100285057859424 0.122311419446904
-0.0459266666834155 0.0604994597359507 -0.14147844204878 -0.155598068132575
0.0318675565170101 0.0610937064493367 -0.037747673035649 0.0586133209169705
0.0747078267392826 -0.00394819457240871 0.13760873146642 0.00454170593915432
0.0272516797818314 -0.061633754317258 0.122055998613263 -0.129901922354229
-0.0233511083383469 -0.042549283280737 -0.0111447125057911 -0.193830691679546
-0.0280635505738037 -0.0129025086988711 -0.122726396566442 -0.121178882575171
-0.0359654369839449 -0.0057336210473557 -0.143903595973651 -0.0348088700601042
-0.0354012323274189 -0.00662912488030784 -0.12663966905739 0.00863860307545829
-0.0218063413865604 -0.0132260630880368 -0.124843268879459 0.0276240891669532
-0.00303089279116183 -0.0225158104296109 -0.146017316159318 0.0225254924349601
0.0143810198160087 -0.0267130872107542 -0.160363806903438 -0.0248585797195093
0.0496529227930461 0.000929260569891979 -0.146937852355187 -0.112054644810483
0.0267203679693891 0.0514155447587237 -0.0982449469975228 -0.175607628072398
-0.0517482992273166 0.0601455194073166 -0.0589792163960417 -0.185016957853538
-0.0830686423920135 0.0218611334508937 -0.178664347360895 -0.179370820880978
-0.125147004753882 0.0102161336337376 -0.103258053016227 -0.175448200752717
-0.0547303707614489 0.0566232251878752 -0.0292405517902191 0.0546693621941396
0.016949219447743 0.0540867327990376 0.155661595251857 0.00723904375937013
0.0298714775790881 0.0157482542521772 0.145814036372037 -0.143065858467424
0.0139407502502152 0.00169010999219988 -0.0029159634305498 -0.210370005256931
0.0194300639060693 0.00534303428196986 -0.125206121715502 -0.13337215268806
0.016670493512994 -0.0114866484635551 -0.145892972993899 -0.0405159726924218
0.0128709039802681 -0.0187016703946293 -0.123808501255877 0.00637664461465994
0.0277063764984941 -0.0146000287244569 -0.119566114954702 0.0307605507484756
0.0395694609957071 0.00799982856720666 -0.139022113745899 0.0303061005005542
0.0319544679855063 0.0243917244236287 -0.15641979552048 -0.00811271580605021
0.0241554556963642 0.0663647730114153 -0.151129470856277 -0.0900356336599334
-0.0398013156426208 0.0812831191415589 -0.110492393889161 -0.155331948643882
-0.128506934619651 0.0274953789580737 -0.0686437818073734 -0.146022406566416
-0.161519732253256 -0.043696999711613 -0.161897454311174 -0.137826993526795
-0.184629931106155 -0.0530576668465624 -0.0438392733830945 -0.163575475957513
-0.146103673172903 0.0271610567227788 -0.00964760320169349 0.0656812043350234
-0.0634147569477708 0.101262994241735 0.179242189454317 0.0257757898394051
0.0130999491080075 0.104410112067245 0.179315634085059 -0.140043266108025
0.0478535053594564 0.0605270403445311 0.0225520247416449 -0.213833866746063
0.0664073663081119 0.0330840692257337 -0.106637097081521 -0.140955840588982
0.0700176229519611 -0.0104955532689062 -0.127150625916683 -0.0442166073928181
0.0597032069370478 -0.0286488255841697 -0.104590304011715 0.00401116723347282
0.0714524274864015 -0.0204444904486364 -0.0959475448494387 0.0335548784622793
0.0796843565112315 0.0255404245414485 -0.116424078086346 0.0460282331710596
0.0587663865083364 0.0615362438032014 -0.140318721903307 0.0262068764942936
0.0229879183115949 0.124613713397697 -0.156992469957273 -0.0484479340700532
-0.0800611608089226 0.122627771985111 -0.131135099297931 -0.122526562218468
-0.185775753149359 0.0218867466789649 -0.0742129893403869 -0.109806500884803
-0.222573166279732 -0.085528353029519 -0.123340125750112 -0.0805089480430863
-0.218508979391366 -0.102477769656982 0.0216582104102164 -0.118580292441371
-0.221505093853502 -0.0117347068813643 0.024287496632143 0.0926315978436498
-0.143117637550938 0.129478685825606 0.199969593905227 0.0509973432923395
-0.0162556691087053 0.184232179848054 0.204840028266603 -0.123690158872554
0.0744389520550859 0.118210245612978 0.0484356188560801 -0.198467139956385
0.107006309842869 0.059554680170792 -0.0737291665691552 -0.133076813061979
0.114046356308167 -0.00952077326635518 -0.0929339309541912 -0.0407646256826015
0.0972394050120662 -0.0400802746797855 -0.0700180855148941 0.00360004324726549
0.102954220393141 -0.03403121956672 -0.0578307767409116 0.0376520952614922
0.112711329305779 0.0261360892479692 -0.0761198135935716 0.0636848505137728
0.0894329061700639 0.0774158054792278 -0.107583286784803 0.0679836418301801
0.0424491476091811 0.165114626063527 -0.150323879865722 0.00683759921539084
-0.0895712295813587 0.163206553005584 -0.150188154260098 -0.0764650482957465
-0.214954801258951 0.0373503889086832 -0.0736024186380496 -0.0789790147414981
-0.258410596181553 -0.0953469096995808 -0.0690478220842077 -0.0212410443306355
-0.204161915081056 -0.148073860953975 0.0976406177933154 -0.0406318568676425
-0.247783762852368 -0.0743842787088968 0.0542529409018306 0.130159467489273
-0.208603879913466 0.106744998774058 0.196501322047137 0.102611181938068
-0.070163275192672 0.218887493749399 0.221269690500639 -0.0612857062043957
0.067004066214819 0.162782225692997 0.0932592229472149 -0.147444023223041
0.120340233013335 0.0878821510976525 -0.0141935257958688 -0.113518439368802
0.138775123018539 0.00476796107442315 -0.04005720857363 -0.0416701784068536
0.121486394166006 -0.036827500373462 -0.025148153314296 -0.00318947857149512
0.12233181363882 -0.0357318050963424 -0.0140749516608346 0.0332806091787789
0.127576177984894 0.028347845663044 -0.0321259631129278 0.0676603661413257
0.101034748159524 0.0881132082186673 -0.0686772930443698 0.09240172739939
0.0410916957264247 0.182196722179287 -0.128360994085658 0.0441533406842088
-0.0991396074032883 0.169193071657359 -0.14738989021487 -0.0444363014099817
-0.216003057096292 0.0262195584152241 -0.0589075149729585 -0.0634187689019956
-0.246608785698121 -0.112180640750855 -0.00598736949664334 0.0260218195361673
-0.157254240437824 -0.156529429767117 0.156291097757078 0.0490804864179719
-0.217957180996717 -0.118036547667207 0.0787101832161353 0.169554291893117
-0.220778470058004 0.0576327580742609 0.173838429016783 0.146604180513225
-0.107004227100896 0.202477767242005 0.209633646524491 0.00365769356397898
0.0463934908971805 0.171124099358352 0.121321747365484 -0.0838000826167326
0.110803069148056 0.0971642705296929 0.0428069957970987 -0.0796476095883769
0.138479181715403 0.0128416100397161 0.0147914223187921 -0.0347582834472903
0.126819004294715 -0.0317036212138193 0.0222556878921758 -0.00651255898215991
0.12605894071249 -0.0326285891924972 0.0313248175405498 0.0282784526005542
0.128413176596633 0.0272714910313152 0.0136124394671488 0.0716020234485327
0.0984064357916119 0.089887771889389 -0.0280039590656615 0.110269755140606
0.0270272510146368 0.179065824167211 -0.102924364774887 0.0732593782876191
-0.105254423836648 0.14791984805864 -0.138261795022889 -0.0153187468872763
-0.194399429596987 0.00230632416424262 -0.0441791019484996 -0.0516021273468931
-0.202026017439908 -0.11825664765048 0.0483568588212445 0.0675115345945272
-0.0842242092805354 -0.127625712452077 0.191719914766826 0.131663465097574
-0.143034358313911 -0.124844876405064 0.0906641618761724 0.198732706207913
-0.177368200893428 0.00802013740925908 0.137344003184193 0.176192348233752
-0.110431709558498 0.147151243198318 0.181262958152542 0.05996620014153
0.0218994992021821 0.141669844422749 0.1349196707875 -0.0223896615796292
0.0835569868106363 0.0848372422035367 0.090412050179238 -0.0438239034586876
0.115039598756626 0.0166284741688023 0.063634089166213 -0.0260155814346367
0.112051352186989 -0.0228567610336804 0.0656560238221652 -0.00797378744011855
0.113239284649665 -0.0244080087546869 0.0740891569154113 0.0263024020379081
0.113783426255037 0.0260483016694616 0.0546530738090298 0.0775508877870554
0.0837484681755749 0.0860089666790245 0.00539142690405841 0.127145515762433
0.00838841358276039 0.158388343949603 -0.0832285462291246 0.0984364536386503
-0.104709531106161 0.10828781930708 -0.129330752665976 0.00821424819657669
-0.155958044229173 -0.0285026657247272 -0.0321981168970687 -0.0419090555918137
-0.131903110581773 -0.112804412375713 0.0892034817466664 0.101619796384118
-0.00209680097310089 -0.0718415282866743 0.208017007999278 0.178973380252832
-0.054944198482279 -0.0942575114065472 0.10240332088757 0.202923914128322
-0.10215743443377 -0.0181460657397348 0.110826285952328 0.184385059037682
-0.079775193794253 0.0820442735193574 0.156103202289928 0.0920469617908486
0.00740169945455229 0.0883945970503496 0.142970142145054 0.0113836135394641
0.0496039173065759 0.054166746949201 0.121036374132076 -0.0255566327672936
0.0753513898729964 0.011141615407437 0.0984484353791156 -0.0254014430593166
0.0800244359092708 -0.0156042220281805 0.098269384462122 -0.0120239764316386
0.084550453636079 -0.016375917632758 0.109366126800864 0.0225868878686807
0.086736953564574 0.0186720872228282 0.0904356819365452 0.0846440741231553
0.0624045108795815 0.0710189205660022 0.0322233680790838 0.146180962810564
-0.0137635275911063 0.120199163271716 -0.0759028210523498 0.118142578160893
-0.0943285933806669 0.0559417366770615 -0.124883676902447 0.0237290993058549
-0.101763321313 -0.0561888084033591 -0.0267192903371554 -0.0343419691905277
-0.0455646156585964 -0.0957364751704683 0.110592541900041 0.128963426322059
-0.0614107941129157 0.0538266792390824 -0.124099547768537 -0.182482353266649
0.0226189478137712 0.070027965872733 -0.0490414642073317 0.0595897074582707
0.0776443579289546 0.0071502002049667 0.149322430829448 0.0289489912618716
0.0359589845149292 -0.061744360561977 0.155723920917062 -0.120505989915441
-0.0203083057440582 -0.0484642587203346 0.0192639328386916 -0.208924572659708
-0.0280291928707783 -0.0185868424803356 -0.108809290875081 -0.14933899109806
-0.0364352959466504 -0.0109897133571396 -0.147707746067936 -0.0617184506965743
-0.0360669040263831 -0.0123804242895171 -0.136005145321286 -0.0127363578993575
-0.0197091399593414 -0.0172868920991193 -0.137699992955905 0.0089717054254124
-0.000146999650511662 -0.0234722494927231 -0.15685683353721 0.00104768035188777
0.0189166878962959 -0.0251470932950209 -0.165828687201967 -0.0520676872516353
0.0515027261067383 0.00715930336616539 -0.137412499200091 -0.143201411801046
0.016702515809044 0.0573168114734107 -0.0718348818590214 -0.203441366897144
-0.0673865001239721 0.0512318513581584 -0.0237791231965526 -0.207936070076884
-0.0972411178365068 0.0057027599502581 -0.148945902713864 -0.223732372229827
-0.134081777314948 -0.013852467648632 -0.083452086798716 -0.200131631954065
-0.0662228007174569 0.0493240915289978 -0.0430962974732184 0.0564680416354991
0.00846346269766521 0.0558818036981265 0.163796112105259 0.0382625408675965
0.0258896359637851 0.0180691084403209 0.181840550138549 -0.125610835462964
0.0104593293423803 0.00337975848953371 0.0344042699588415 -0.222618986108441
0.0167631620188413 0.00961605969592221 -0.10868368325804 -0.162451391221446
0.0185998261388723 -0.0087743527893159 -0.14626896413765 -0.0663453641221588
0.0160367081324475 -0.015764496113537 -0.133229311495008 -0.0153559219983404
0.0319291241287191 -0.00911156044513915 -0.132505879154333 0.0127280715474804
0.0392838925761245 0.01688948758046 -0.152846980702724 0.0104034920410966
0.0263883855012304 0.0323724985747706 -0.16380505766288 -0.0351266039544664
0.0120255669458222 0.0713793015366602 -0.14585493413944 -0.123602396712352
-0.0596808981154308 0.073903644775102 -0.0880929874505489 -0.182939273931914
-0.141610185938873 0.000932332614713053 -0.0375699798080979 -0.1679668542224
-0.167566994238933 -0.08175799306887 -0.135848875639821 -0.17180374993153
-0.182039918810927 -0.090036898815556 -0.0262041862949287 -0.180569311128738
-0.154004274979157 0.00286495837267186 -0.0274432757045908 0.07013750484842
-0.0816791997885056 0.0892854149719532 0.179199769269685 0.0652142461436714
-0.00614541103037105 0.105167785101002 0.212051615049421 -0.111086140805266
0.0346664352026033 0.0693770550514167 0.0631618565384928 -0.220088841632658
0.0619114853908233 0.0469715324678316 -0.0862740129813367 -0.165820971514233
0.0732957817538056 0.00154801225655799 -0.124658463142574 -0.0678282746096074
0.0664711366462218 -0.0166676782428539 -0.110383751866465 -0.0149676168185278
0.0776382319652581 -0.00667490822482346 -0.10838799947134 0.0206778435475153
0.0779215032188055 0.0427234048240413 -0.131980182700811 0.0313682288383876
0.046580014550071 0.0776596019488506 -0.153868647802591 0.00183178679938081
0.000482734275148463 0.133528157896547 -0.160476988915166 -0.0842476045622084
-0.111141618431723 0.109374475199 -0.115053310085868 -0.15373715186979
-0.201337072279569 -0.0166573305288836 -0.047481722371986 -0.129259113736046
-0.224566003513653 -0.139063102854229 -0.104618669571577 -0.100972092562306
-0.205800788361691 -0.148980481581622 0.032682300261011 -0.124205353228799
-0.223966321194287 -0.0513016133644114 0.00121659850297555 0.102646848429347
-0.168168700437978 0.102933617957433 0.19107038465307 0.0962102746033605
-0.0477219986290796 0.180989092270051 0.231918505606442 -0.0849551378593152
0.0515912682599458 0.133593265053756 0.0902612232521892 -0.19477515842497
0.099890334301344 0.081048302891603 -0.0528804411340053 -0.151372551828893
0.119456618042037 0.0106978366027978 -0.0879162384184669 -0.0576268580124339
0.107847511884475 -0.0212809148489426 -0.0747707985851828 -0.00926401675353087
0.113093331954299 -0.0157198016449298 -0.0683731917041649 0.0317217146273861
0.113066349222403 0.0486988816185091 -0.0929733967379238 0.0572706448409547
0.076288278022701 0.102322535623509 -0.126533445365143 0.051999444810863
0.0135150575212655 0.179943528877705 -0.165479288363738 -0.0263402303934335
-0.129227166910189 0.149911929870938 -0.143891887757251 -0.109042734430754
-0.235634638411188 -0.00615311711908725 -0.0519362673390664 -0.098233438149791
-0.259917568910484 -0.157860910106962 -0.056909412756683 -0.026526906968382
-0.181635008265701 -0.193917595780286 0.0994782229048572 -0.0324862940864201
-0.238708348122663 -0.122019786842231 0.0252635059149883 0.144399434718259
-0.230901545134133 0.0685075952166402 0.17511334594022 0.147570848170201
-0.107689939893987 0.208808911301181 0.234841049778067 -0.0148087172203808
0.0378452670844218 0.178779130595032 0.129112162469558 -0.132658958411629
0.108587056853641 0.113785110063818 0.00818545364919409 -0.120688287612811
0.142236816187926 0.0294227331676795 -0.0316081554492235 -0.0475092926676297
0.132867063178613 -0.0133200649704127 -0.0255900519203123 -0.00792996862996636
0.133492609580095 -0.0135146374738823 -0.0213858160597201 0.033641771371464
0.128677522652671 0.0548171838620588 -0.0478762309173379 0.0693555726601379
0.0863258713794476 0.114871432070413 -0.0902684118518796 0.0829409872393793
0.00847021374744516 0.199822564763411 -0.148325291701557 0.0157336232587178
-0.140783191350278 0.153837493839001 -0.146653136293218 -0.0735529793145017
-0.233419212446118 -0.0181403378803543 -0.040392983921893 -0.0783852487729094
-0.243931287470333 -0.172149985951167 -0.000119535093910018 0.035276840683897
-0.127490108353299 -0.192424415298788 0.147741606987979 0.0718301646336976
-0.199097001039422 -0.160586434847682 0.0450872324821098 0.188912417944253
-0.232903001979978 0.015938906768792 0.14225880520484 0.187004214932954
-0.141322824129581 0.185861425808972 0.209535818247604 0.0505723965633981
0.0161898554511247 0.182413332375441 0.146771451702172 -0.0586524820162453
0.0981516330309097 0.121238379426065 0.0624259344018505 -0.0741749477713275
0.140672895776077 0.0374175296922027 0.025428055224268 -0.0311131612264835
0.13771437308222 -0.00724526997900009 0.025164794289601 -0.00391563446994419
0.13744870072249 -0.0101085273045616 0.027228778235377 0.0371384778788693
0.129135025637083 0.0532881116435169 -0.000434590948249813 0.0810375853401102
0.0844708938939447 0.116607730075016 -0.0500960501175868 0.108905505575389
-0.00518842044133764 0.195151994738684 -0.126971342824346 0.0504114579398152
-0.142947216736528 0.130668631577716 -0.142088046622068 -0.0412309325773374
-0.206001265120284 -0.0383453497001965 -0.0276418956594295 -0.0624431367744894
-0.19315250454677 -0.168833245573494 0.0471444292955974 0.0890641550370414
-0.0560310555958813 -0.148522925523594 0.172219479017917 0.165182185010463
-0.120114254777867 -0.15426565818294 0.054977211911278 0.220480704387778
-0.179413505614793 -0.0257287033220433 0.10132903608262 0.20937421716974
-0.134514782359051 0.129636106625851 0.169477481177599 0.102158012136808
-0.0029293025022765 0.148063438011699 0.149102135711717 0.00665346965870453
0.0720821998117168 0.103423640790668 0.105692213798559 -0.0286550733011983
0.116068182921321 0.0373501088295389 0.0755914882450099 -0.0144690687567667
0.121441860402923 -0.00199067053231676 0.0718756824441492 0.00137398942699331
0.122228145699256 -0.00426966512576271 0.0723688480220323 0.0415232847900491
0.114711984472586 0.0486814395010448 0.04245598477424 0.0933319180170931
0.0690196175492213 0.109309562244833 -0.0185908608765717 0.131833123503303
-0.0205396483262932 0.169690582624222 -0.108381493659763 0.0804774467711638
-0.13391440953647 0.0895343116914903 -0.135933558891165 -0.0145949227864288
-0.159740698908297 -0.0630427889622166 -0.0194572639659399 -0.0482981017865792
-0.117323630803011 -0.147558569522342 0.0805556205934912 0.131210001412216
0.0185278846511591 -0.0744050729931509 0.184677352307672 0.220302505724993
-0.0351118101637178 -0.10795818772898 0.0701325433483792 0.22822325309794
-0.0967218742046859 -0.0380926633611337 0.0767995695148299 0.211795633538853
-0.091047686423733 0.0694015723510416 0.141442886807844 0.128366967925112
-0.00735118323778167 0.0898610561882087 0.150318657391052 0.0419261420357694
0.0422267055002182 0.0642983135204245 0.13483538757029 -0.00541455754548114
0.0760612805803127 0.0251374120254506 0.111575659950808 -0.00957813160416407
0.0869277371147042 -0.00138493621493328 0.107926174683578 0.00269966053842081
0.0906080523930873 -0.00197145806276215 0.111518766060296 0.0426521523477824
0.0881013098557789 0.0361325186023882 0.0802181942843753 0.106277972231703
0.0502451353710529 0.0897628614900872 0.00882889675353341 0.156260524012091
-0.0373432978488535 0.125737819810241 -0.103419949260935 0.104576151560262
-0.112770934291903 0.0367231875110477 -0.134965368312475 0.00467707914545062
-0.0964710802081563 -0.0806396775860261 -0.0170847578221536 -0.0378714929241159
-0.0269180924438768 -0.110732811836877 0.0939514844368466 0.159894412776704
-0.0573167578194257 0.0597093754994719 -0.142901318853351 -0.17503975648817
0.0287232286010005 0.0697864933552251 -0.0456789710462689 0.0672231642418308
0.0793546347381353 0.00135442755213164 0.155357829647344 0.0192340201143882
0.032335404364606 -0.0654280130995061 0.15028256966754 -0.133498816739889
-0.0241337413611404 -0.0475887013648502 0.00452746227861966 -0.215035712937109
-0.0307339955218448 -0.0165820723159691 -0.122064681454171 -0.144851853560604
-0.0378333089703745 -0.0086021358528427 -0.15361392526947 -0.0518522090680415
-0.0378230864597104 -0.00865033896492745 -0.139240615933718 -0.00277485797900547
-0.0208652951074919 -0.015774086382015 -0.140651738007761 0.0196881388590156
-0.00140869435721106 -0.023518335566909 -0.159667050572119 0.012725320547297
0.0168593891612835 -0.0267804978838794 -0.174211406719567 -0.0407509932334257
0.0526321492978049 0.00299235938263515 -0.152109651219828 -0.136562835228235
0.0206787998106425 0.057654739871048 -0.0869080726044177 -0.202999648400826
-0.0659229793770877 0.0582906002316437 -0.036901164935135 -0.213607036003806
-0.0983545898241133 0.0129742202713319 -0.168058268625418 -0.218228658871052
-0.136047308890865 -0.00349587247196694 -0.102599070801467 -0.196749198289437
-0.0633639797569016 0.0557983380939969 -0.0399568055011652 0.0623191805030399
0.0128932627128803 0.0561608155114978 0.170424656128395 0.0277818810563156
0.0280921696094175 0.0166002795745769 0.175741706435237 -0.141832981443433
0.0106622477960154 0.00309173737606605 0.0175928100833367 -0.230475045165793
0.0184341779134797 0.00811429481070686 -0.122031052734673 -0.157216563593343
0.0186226247115128 -0.00970804405373191 -0.153683314741328 -0.0566932831474646
0.0143568217470984 -0.0165990119632235 -0.136829097094996 -0.00504522305812582
0.0317772183872019 -0.011867478628285 -0.134577642833648 0.0234536277858673
0.0415899108508245 0.0140970480218783 -0.154878557330753 0.022981276415882
0.029290758568002 0.0314672653786837 -0.170727933349678 -0.0243984071120095
0.0184266283299129 0.0711565885500946 -0.15809450350609 -0.115913039846518
-0.0556161266498216 0.0798679223251904 -0.102421029252535 -0.181214169877092
-0.145912281326715 0.0124588135601647 -0.0481497588951751 -0.170273343512711
-0.176395708008075 -0.0698952739343083 -0.151503842830113 -0.166713054848208
-0.191264772420053 -0.0777517591099797 -0.0427957652761669 -0.181442196914868
-0.157296222868529 0.0151216884331867 -0.0238247395669286 0.0757980013515359
-0.0755926087219725 0.0969470517600461 0.187831267524004 0.0539005150282633
0.00327557540597852 0.108040295612127 0.207998067901632 -0.129801380315532
0.041360032492549 0.0685611805342838 0.0478712121971806 -0.230032889596442
0.0667236207183572 0.042366801662606 -0.0993931950655943 -0.162613332121691
0.0748645428537546 -0.00391039835718152 -0.131227626419446 -0.0594368953404844
0.0654725908940797 -0.0215757353798455 -0.113900582683153 -0.00705899913826781
0.0782023516891269 -0.0128506456127683 -0.109251146213214 0.028815548747641
0.0826036259407986 0.0379482233596993 -0.132016621865687 0.0422816780766865
0.0532694950382667 0.0757249895140499 -0.157292751395508 0.0133836856975784
0.0108796993446245 0.136237224561751 -0.170736609124211 -0.0743479186892219
-0.104260754006725 0.119975257844214 -0.129275238712489 -0.148221566537907
-0.208271572257861 -0.00138671419100958 -0.0558425770339791 -0.131019705192628
-0.238141495543991 -0.123118729172373 -0.113118017318931 -0.0973214119755344
-0.220127275268358 -0.13624697819592 0.02184686247846 -0.127952489699606
-0.232606578588563 -0.0351938031674965 0.00756505633513329 0.106282271909609
-0.163290177851422 0.118070570939159 0.20242023106531 0.0857330354537216
-0.0331029890211027 0.189295475317732 0.230661573131058 -0.104068581209933
0.0642628430563522 0.132467910386748 0.0785457363743653 -0.207193234485362
0.108573335111853 0.0745994502298046 -0.064269916125009 -0.150083634235941
0.122125777075934 0.00164712959506509 -0.0935918804948681 -0.0527934980642639
0.106117794500963 -0.0298639991348387 -0.0766625602455868 -0.00325491730845604
0.113114141316402 -0.0243232259468251 -0.0676579508580039 0.0366585286863464
0.118764353010699 0.0413044933460839 -0.0898429941601706 0.0664538808593145
0.0851061219946561 0.0980918314499405 -0.12643572481556 0.061705545058601
0.0283789415129904 0.182991069486766 -0.170750941188882 -0.0136393632154502
-0.119484647191988 0.162754404696365 -0.155788602746612 -0.100016706667719
-0.241382976764891 0.0114319336788814 -0.0593736628578562 -0.0978456047538308
-0.276981201262681 -0.139166968471391 -0.0588133942808755 -0.0246099045404548
-0.19808134127396 -0.183640460307646 0.097242363335137 -0.0392547959012924
-0.254051112916989 -0.106118605156665 0.0343471228262528 0.146781084899117
-0.229108267055213 0.0861642315612911 0.188205406323418 0.139062232947279
-0.0915184148497624 0.221799079965399 0.238402872316104 -0.031821764546114
0.0533647719717201 0.178888379137282 0.122496445453479 -0.145345660908875
0.120606329858198 0.106808112654175 0.00038997811019638 -0.123077204943402
0.147111419562131 0.0182548783103426 -0.0354534545741249 -0.0474625681691718
0.132705947683995 -0.0245895683892287 -0.0265797299952232 -0.00726290971383765
0.133902170234591 -0.0241607070031245 -0.020152689062582 0.0352028958914982
0.135272228779593 0.0451194077062868 -0.0429097649892976 0.0757239701558229
0.0968412230506116 0.110863760523917 -0.0855750963295309 0.0913325490116426
0.0251570309668919 0.203764405527979 -0.150096671134735 0.0279842330708787
-0.130809375042247 0.16768398511694 -0.156284526348877 -0.062578905365111
-0.240992033157439 -0.000372439735869624 -0.0459514694119657 -0.07769398935602
-0.260822447835126 -0.155703803292282 0.00342950969437589 0.0338052135800021
-0.143398962484691 -0.186358044379467 0.154626638556194 0.0629929712770885
-0.215974343979993 -0.148492871088428 0.0582383328480574 0.190518209994544
-0.23577112461967 0.0335364700192605 0.158012445668932 0.182573258783381
-0.127382843333382 0.200741691648831 0.216967656246735 0.0372016762682551
0.0313489851106925 0.185087704117839 0.146112820302413 -0.070614826621964
0.110392444780471 0.115228028082785 0.0593334033663482 -0.0802492678846324
0.146279249172247 0.0272964506592662 0.0239161592879295 -0.0348163198547343
0.138172326090417 -0.0194614358949149 0.0254650972958695 -0.00732821446828233
0.138050579153677 -0.021660971085755 0.0308593405331753 0.0345567709621237
0.135648816189849 0.043843430904411 0.00601206191483338 0.0840284219893696
0.094776976590432 0.112211981664725 -0.0434823630586486 0.114806532247333
0.0108054420059971 0.199670875790666 -0.125910815550032 0.0620749449028998
-0.134730757839805 0.143835919426406 -0.150072474336102 -0.030140225007403
-0.213673074712423 -0.0246518451323707 -0.033393673995249 -0.0622547416556621
-0.208782069326817 -0.155512221295501 0.0565594674181975 0.0849804255749749
-0.0672935175813568 -0.146452861506068 0.186816640802774 0.156745520632604
-0.135299883071602 -0.148555584327562 0.0706570341274515 0.222400894715405
-0.184139146956893 -0.0129650770494723 0.117218424706774 0.207186493982293
-0.125159589074747 0.143328744864006 0.180345323337562 0.092605512112651
0.0095405555066015 0.151263478618956 0.153046311175578 -0.0035104475173258
0.0825974324795345 0.0994567708437448 0.106657510233515 -0.0375203177694796
0.121109992780323 0.028620199914813 0.0762055961379215 -0.0212436899824867
0.12169707211015 -0.0126899973326491 0.0730956511765687 -0.00419422879095702
0.123174286409773 -0.0144427151746697 0.0773457136360126 0.0368965558066843
0.120307314315575 0.040710234524243 0.0502422015411982 0.0936178554789267
0.0795121067085298 0.105783155207014 -0.00873436698511987 0.136350496240455
-0.00707368740568637 0.175269362183829 -0.105080410222232 0.0915243443680593
-0.12965953227551 0.100710836468453 -0.141302724131183 -0.00240429778041017
-0.167716778477059 -0.052533928446184 -0.0241960211336201 -0.0482333333765698
-0.130398923769438 -0.140274568223636 0.0930613971949671 0.125417865084072
0.0138838128359404 -0.0764237290094528 0.204743846619735 0.211484531586481
-0.043413035398731 -0.106536335946533 0.0864021640062726 0.228508135673425
-0.101763149955984 -0.031854717334507 0.0928561015882889 0.211890096455695
-0.0863954163253801 0.0784889669324883 0.153067641966989 0.121798028202863
-0.000309325909619283 0.0924939245012867 0.157134992595411 0.0327174277964252
0.0490360895447206 0.0622410615657567 0.137644375706251 -0.0158957882443925
0.0794007568712838 0.0193084365085272 0.113820309818646 -0.0184911178152699
0.087427382165654 -0.00925920740407259 0.110253091689626 -0.00607178884925625
0.0921799538694846 -0.00943857640936258 0.116886589178746 0.0352541036702138
0.091984027910836 0.0293102946219562 0.0901437437164251 0.103368491519988
0.0592360533393959 0.0869246640565566 0.0197128948452413 0.159662817264012
-0.0267590564768213 0.131839852367118 -0.0986100494902897 0.11513770044171
-0.111925326254425 0.0449928673477169 -0.138873073285835 0.0162698368626291
-0.104043268857697 -0.0747830613425004 -0.0211863833629301 -0.0383335526923908
-0.0354249398360802 -0.109504115848973 0.109680818297526 0.153931862188513
-0.0522955907956328 0.0611225941830862 -0.151779936604446 -0.163774697379992
0.0322898283655762 0.0678309184642675 -0.0405281113140677 0.0701924448258115
0.0777568765697249 -0.00339158860329877 0.155188007626049 0.0117234536012019
0.0280362421232261 -0.0664587628310765 0.142286060537325 -0.139431572041693
-0.0264772690928016 -0.0455012127653044 -0.00597771500436741 -0.213384522863734
-0.0308661471283956 -0.0150695780587646 -0.126647620343273 -0.137502645375951
-0.0367997825208885 -0.00653500229260461 -0.152958759198309 -0.0419141986998876
-0.0373570716827881 -0.00562320246816358 -0.137819865835941 0.00493859942102184
-0.0208969878571738 -0.0143624698035957 -0.137435046149353 0.0268235529602586
-0.00251854874128436 -0.0230397200103567 -0.157033605859559 0.0218688747769088
0.0149183944983821 -0.0263934987707596 -0.174599023902866 -0.0311352613325576
0.0520154218587939 -0.000138606652149108 -0.156727111872683 -0.127632713313251
0.0231570313815399 0.056153706100364 -0.0942862777206447 -0.196672985724728
-0.0628324206989007 0.0626394986483007 -0.0451914615594999 -0.210692602178421
-0.0949665475787183 0.0181724922003172 -0.177500760677874 -0.20751676307021
-0.132796625984232 0.0032159828243069 -0.113659020424893 -0.186515600210681
-0.0597457853968137 0.0588839119446785 -0.0366052581601897 0.0661789070445611
0.0158260123544239 0.0543545289901921 0.170909360123421 0.0197547458666917
0.0294379633810862 0.0144987543730829 0.165916599979733 -0.148466089152095
0.0108100010436338 0.00266962280472646 0.00637982152054891 -0.229392389063994
0.0185833082059055 0.00642586109862107 -0.12772683154769 -0.148709347186445
0.0177458696233805 -0.0102892068820015 -0.154049573320009 -0.0474047730405671
0.0130674004165613 -0.0159717539251121 -0.135171249437262 0.00207615102902918
0.0304404501294686 -0.0133349885598729 -0.131331788802583 0.0305131400900115
0.0416570212941198 0.0123633765157673 -0.150983626279627 0.0312545941055339
0.0297167651033487 0.0294948359420582 -0.169701694468738 -0.0148123834344026
0.0213779995574375 0.0683223925395708 -0.162738302516662 -0.106590774399996
-0.0500515001545477 0.0820383945491985 -0.10952246166379 -0.173964364097939
-0.144040249302959 0.0209102929404293 -0.0541164656197999 -0.168755687856356
-0.17587356760476 -0.0585496411767383 -0.157833742224762 -0.157629218693442
-0.190615325826659 -0.0673080340704371 -0.0536081048505241 -0.17476540172392
-0.154087597231236 0.0230481049185545 -0.0213154423239977 0.0781987512782961
-0.0688572703313044 0.0994567138098515 0.188101445516475 0.0451308164010789
0.0102461450285797 0.106287005637177 0.198123164692095 -0.138460142735483
0.0449093255033082 0.064871224504482 0.0360132781651217 -0.230332881655244
0.0681831294940778 0.0373719434617078 -0.105337435809584 -0.154896623697562
0.0735749035806877 -0.00781112893371018 -0.132303943495883 -0.0521501145777873
0.0620196259619041 -0.0240231900350446 -0.113060131670488 -0.000948078296070224
0.0763924042098289 -0.016939932765916 -0.106698099487145 0.0342386022167897
0.083892278721247 0.0331321597597524 -0.127566974646553 0.0491198256752284
0.0558801534822877 0.0720798459105822 -0.154853756510104 0.0213984167240947
0.01874035368913 0.132200820716856 -0.172566953950336 -0.0643335542888316
-0.095566024762799 0.123384331290311 -0.135196507643414 -0.139661768133033
-0.206162135311219 0.00958191124604794 -0.0603327166904564 -0.128072981406348
-0.239537172395601 -0.108022937977 -0.115838977516428 -0.0917823343129853
-0.222890376256884 -0.122842686770116 0.0126088679065598 -0.125360873024251
-0.230773884965799 -0.0217773632620009 0.0112433625390438 0.106535810610939
-0.153122692907304 0.124295574749247 0.203220386151745 0.0754238343431218
-0.0199964688309669 0.187851618034745 0.221437543166754 -0.113444005571392
0.0712823973284487 0.126533837494081 0.0662811112206941 -0.209286618163741
0.111820283983113 0.066480657871049 -0.0702832368527334 -0.144560200776756
0.120583988487347 -0.00533554969275202 -0.095158341606662 -0.0472909825454521
0.101648987618616 -0.0349785378178735 -0.0762782213172405 0.000301687723774359
0.109509205071203 -0.0300110801674964 -0.0651079952009908 0.0393362055125697
0.118964649432721 0.0345279028648186 -0.0847275240562803 0.0711865089077056
0.0883230118999518 0.0925302649390916 -0.12158450840654 0.0685583513829368
0.0387355865957167 0.178208260204189 -0.169097081076535 -0.00438729123672177
-0.108165485892156 0.16576700128281 -0.159079590385741 -0.0893469302720504
-0.238693782789962 0.0237430011897078 -0.0628626772074386 -0.0947851167222625
-0.27782471791817 -0.120888382349752 -0.0585623189510555 -0.0238234435092793
-0.203639444262831 -0.170015844924517 0.0921062154583479 -0.0428591879765362
-0.256148696162929 -0.089901554367743 0.0399159661398762 0.144825798618982
-0.21930291318757 0.0977527705461369 0.191220702405958 0.129661394747327
-0.0759927190917097 0.223399502409373 0.231909243611855 -0.0434221019951518
0.0631112258855459 0.173436475342613 0.113906948261792 -0.149801473987783
0.124810673048031 0.0977444974283666 -0.00485987099256982 -0.121682182669556
0.145448675110832 0.0103634701158252 -0.0363974035845898 -0.0457531504065926
0.127770929759799 -0.0322521823343052 -0.0276036999939286 -0.00583867559571134
0.130112909232416 -0.0308457322430232 -0.0184528407206807 0.0350875322103242
0.134746398755421 0.0373384683848129 -0.0379938572429845 0.0775419759410217
0.10125175166144 0.103755212980587 -0.0803209020082234 0.0946462855142506
0.0376092383007473 0.198743459968032 -0.146908841144925 0.0362819908555015
-0.119205893805296 0.170658406274789 -0.158233616636682 -0.0522213174876997
-0.237061135946257 0.0117986133650782 -0.050023585899318 -0.0751869351000639
-0.263422699592702 -0.137813154480345 0.00638336030461071 0.0310630892787377
-0.150254415490953 -0.17595094715677 0.154001425135462 0.0549862471005809
-0.220340614630042 -0.135154028774209 0.0655204740094319 0.186190684472434
-0.228965343745849 0.0454915813305212 0.164141548625496 0.173113680501781
-0.111725375415163 0.205319522366574 0.214904862561988 0.0264851576410425
0.0416003567676473 0.18016097358392 0.140790475502217 -0.077115153614637
0.115881480199208 0.106736853900457 0.0553057977761246 -0.0825048100447485
0.145171862123672 0.0187022439722666 0.0219253855438665 -0.0363037179141158
0.132722497554997 -0.0273106043117797 0.0241733874681219 -0.00848688014495755
0.134206265482036 -0.0288306850326407 0.0318328326059067 0.0320594497034019
0.135305581211122 0.0356849281160197 0.0117015959655881 0.0835598133248349
0.0995188605793243 0.105492292070699 -0.0372021448827042 0.116398341011726
0.0233390299816308 0.196038725539248 -0.120886580006296 0.0690606766350208
-0.124684344391344 0.147262170098288 -0.150513998129083 -0.0196796220512228
-0.212640366719469 -0.0129249537704004 -0.03593985956161 -0.0602195147865906
-0.211844430050277 -0.14090116873458 0.0611272737664918 0.0781051556837657
-0.072760482396595 -0.14112628878726 0.192717478081322 0.145522250129932
-0.140330337169886 -0.138644595435005 0.0791711541787954 0.216403262721174
-0.180554127546083 -0.0034677108950772 0.125790619237523 0.200548061282057
-0.113156998176268 0.148006662175671 0.18191047482601 0.083452252268726
0.0185866037217317 0.148177624861657 0.151617456194808 -0.0107651271195568
0.0874035800407093 0.0934413138871893 0.104373540240928 -0.0433412636133086
0.121303090011174 0.0216816686153108 0.0745443387230821 -0.0256610045653935
0.117694742516763 -0.0195610269798974 0.0713383850095705 -0.00969338465611596
0.1205043204204 -0.0218909324245695 0.0777975896361406 0.0308759267024051
0.120009835271537 0.0326827756276215 0.0550739029899278 0.0907165547300252
0.083868096043972 0.0997150376132902 -0.0017588204980237 0.135434487789618
0.00383766482637671 0.172470179865169 -0.0991374683182829 0.0962711576206546
-0.121860264363773 0.10474447086817 -0.140739901285609 0.00683233417543453
-0.168573927618826 -0.0428012495520999 -0.0261686492472137 -0.0469249423327323
-0.134200921046091 -0.129953691744282 0.0999272318063348 0.115597371018595
0.0106942390409029 -0.0761301778141363 0.212928948414573 0.198352039660527
-0.0485225755847927 -0.102523077149101 0.0957725371804639 0.222427699184372
-0.101086245755197 -0.0263460245285306 0.101466339651626 0.206329490515503
-0.078634821148058 0.0814071359200811 0.157267830503261 0.113285486892905
0.00531862540283808 0.0904852860847848 0.157611194559075 0.0242690450597583
0.0513897602029159 0.0587043414512406 0.135604145779676 -0.0236947393143005
0.0791344656394644 0.0144694483863968 0.111375677293066 -0.0242765376808245
0.0839408895498394 -0.0146981126829162 0.108103598085204 -0.0127758022892603
0.0892972194513938 -0.0147790061778587 0.117017687682244 0.0281682491542452
0.0912654750832012 0.0226883110672737 0.0943485278106374 0.0978470481785325
0.0635287623738343 0.0819070377197246 0.0268085535529578 0.15660527970842
-0.0179199665085269 0.131366029630003 -0.0913549518999436 0.119780678111687
-0.107956702876518 0.0491358511366942 -0.136490088747997 0.0245269832889904
-0.106946914813953 -0.0681828009556692 -0.0228842525520659 -0.0375822845761263
-0.0390837679106056 -0.10469553992138 0.117407516871608 0.14312150672877
-0.048711057957685 0.0605298293201705 -0.152691481519343 -0.155712284018863
0.0329630461525878 0.065876448482964 -0.0388122043039887 0.0722808964383812
0.0756740713821493 -0.00497609341704974 0.154225760471646 0.00985367529500584
0.0266549868750956 -0.0654984438331011 0.138003036906229 -0.138696004672831
-0.0268104573054976 -0.043848631810963 -0.00901800749546387 -0.210445866471216
-0.0307807494160328 -0.0144420066494491 -0.126266339174337 -0.133256950701821
-0.03644881519987 -0.00520017199111189 -0.150401588427476 -0.0383146352314797
-0.0357830905180613 -0.00423948836558671 -0.136189225454088 0.00797604315126639
-0.0202759090627832 -0.0132490609754488 -0.135094734458031 0.0296192489623499
-0.00205676655637873 -0.0223391618844928 -0.154139403606624 0.0230036473344422
0.0140692480328372 -0.0263140134000913 -0.171888805925503 -0.0281327999935663
0.0505032089615256 -0.001708591200966 -0.156870413300261 -0.123222789940627
0.0229058905029974 0.0552904866349826 -0.0933959208903948 -0.192745610807475
-0.0605243099632643 0.0636488244045651 -0.0458547423111457 -0.209231509555511
-0.0914532074802081 0.0186960613382764 -0.177063386497145 -0.202429645524698
-0.128886000570248 0.00474764700576335 -0.116038338449564 -0.179494502291095
-0.0577083283813639 0.0588133937420335 -0.0355525068946104 0.06784604508732
0.0165737336509869 0.0523805088648217 0.167912573716718 0.0177026483171424
0.0296325768236628 0.0133410288775905 0.160990452611598 -0.147148955275621
0.0111693146931809 0.0025065166992199 0.00266643796198278 -0.226093457797749
0.0182462146936013 0.00533616218720313 -0.127434759832225 -0.144526490442898
0.017234927261287 -0.011026517954541 -0.151083840458549 -0.0438435967336635
0.0122006971699142 -0.0147761293304904 -0.133074486694394 0.00486162530627048
0.0303044932095205 -0.0132023988059608 -0.130012344051087 0.0323336945659239
0.0413600772956634 0.0115220072720567 -0.147694516347052 0.0330023830541021
0.0294779466557651 0.0290322571512027 -0.167855091170113 -0.011870819064716
0.0227975939474382 0.0656781976512546 -0.162832437667811 -0.101721365936627
-0.048252726432111 0.0817441036268614 -0.109246785636223 -0.1696070548656
-0.1415950889694 0.0234813922442197 -0.0539334758537051 -0.166927285361419
-0.172200381338214 -0.0553369293694497 -0.156903608341072 -0.154037280551605
-0.187730195021123 -0.0625337356615883 -0.0573351160604423 -0.168338921588882
-0.151504644234303 0.0254416184963334 -0.0207418705267785 0.0797197512741903
-0.0647227317963399 0.0977736633483972 0.185800705153103 0.0430013831946713
0.0138104303193717 0.103289326010417 0.193310052279632 -0.138238322288144
0.0457063045014672 0.0626581949296663 0.0323983615139994 -0.227359236879644
0.0677274856150708 0.0345059336120496 -0.105053526298452 -0.150817928308467
0.0720592773584679 -0.00946287110509745 -0.130656078585556 -0.0486415791803417
0.0597268433058652 -0.0237760680277657 -0.111996445966032 0.00144362981615062
0.0742105713027334 -0.0176427854803461 -0.104691428507995 0.0356422404455874
0.0827573034534882 0.0315871743584751 -0.123927917908576 0.0507639321080111
0.0553699165475298 0.0694562110369318 -0.153072338385856 0.0237596554596495
0.0206098637982915 0.129452998779313 -0.171219174437566 -0.0603261420286436
-0.0913275251765833 0.122277056353882 -0.13465459739336 -0.13530620139238
-0.202626538808927 0.0133056765562596 -0.0594386873782693 -0.127655256266129
-0.23486143630963 -0.101428612597918 -0.114860288733051 -0.0904691623686757
-0.219667894364209 -0.116979705712655 0.00911225992012681 -0.12170586907967
-0.228060322217083 -0.0170287277645454 0.0113692982753767 0.106821988399612
-0.146610893768294 0.124209923711112 0.200733193301311 0.0733864468239214
-0.0139656342248654 0.183667235592682 0.215171440207512 -0.114431762480415
0.072822008495711 0.122930074917558 0.0626880400086546 -0.207161562462167
0.110414744929525 0.06262106973564 -0.0708074621382084 -0.141336040713097
0.117572326197938 -0.00778869418075513 -0.094088050288002 -0.0447933479746876
0.0972297501062928 -0.0361054543108919 -0.0752377564083629 0.00198286119972249
0.10688337672776 -0.0318122078239007 -0.064832327344095 0.040058549815737
0.11780239664576 0.0315107983053242 -0.0820281339844992 0.0719261976324986
0.0881175726281847 0.0890571040210329 -0.119301210423936 0.0693624802467894
0.0417198816534793 0.173094627822106 -0.166201343478227 -0.00117283828921511
-0.102562740200716 0.163890645625126 -0.158244214610768 -0.0848557640780734
-0.234089907637325 0.0276034642487457 -0.0615433380876742 -0.0944819989449754
-0.272357832675043 -0.113611399931937 -0.0572403868650432 -0.0248486408520599
-0.201591192981014 -0.164311095616601 0.0887044821153714 -0.042178091929676
-0.25300995452735 -0.083850494002847 0.0390556679492918 0.143675693091871
-0.212217283868368 0.0984254517385806 0.190612420801494 0.126527688749665
-0.0689982407630346 0.22014880945827 0.227038145147927 -0.0446643808099285
0.0662282589432775 0.168196231492416 0.110791566708086 -0.1490524366423
0.124342618969164 0.0930650642393355 -0.0065680669660287 -0.119697852313815
0.143318813895318 0.00629799898146477 -0.0373202900986887 -0.0440255060508885
0.122677493670125 -0.0338034559970736 -0.0275930975901204 -0.00580807694302584
0.126006063711945 -0.0330188678080321 -0.0183752544110865 0.0347892448286555
0.133479983882956 0.0342712761413005 -0.0356628361624429 0.077435663893958
0.100991288531489 0.100617878154309 -0.0777140937663889 0.0949148871050991
0.0418415889797132 0.193890354330356 -0.143959640933685 0.0382238536423394
-0.114369685278067 0.168699073800524 -0.157248171743568 -0.0469040296662729
-0.233964463363752 0.0153056128097262 -0.0485239118844589 -0.0749389773333633
-0.258717833088421 -0.130017409408569 0.00765251663742896 0.0275848662504822
-0.14891073882267 -0.171110161107227 0.151189173559473 0.0527402180192069
-0.218730008809247 -0.129077454169578 0.0648199721066587 0.184288147918971
-0.222731223120641 0.0478610939831551 0.163000791587987 0.169935969847632
-0.104280611865568 0.202594632430265 0.211326215278431 0.0240711218355829
0.0452846865013313 0.175815371852705 0.139004708032788 -0.0783836584131997
0.115751426098529 0.102372899381275 0.0541555610153291 -0.0829745746335665
0.143640443539936 0.0153207190520765 0.0211395261531876 -0.0364865542689733
0.12891097289745 -0.0301866801319572 0.0229458467183835 -0.00917816971289644
0.130551964292869 -0.0317334034709117 0.0303220117778484 0.0310171832133715
0.133520117669948 0.0320254030410412 0.0122294294098728 0.0824238512253372
0.0997143251223575 0.101900080311391 -0.0353104123734646 0.115054015552764
0.0278856909695421 0.192287396073093 -0.117777211208385 0.0697762504430057
-0.119186197208417 0.145582457777043 -0.14812507338795 -0.0153650888348269
-0.209184716809651 -0.00952787066074589 -0.0355734885523193 -0.0598878955699302
-0.207827770276388 -0.133155527453254 0.0615151221440115 0.0733911533545136
-0.0728691572524292 -0.137478118586261 0.190178250480868 0.140045529733098
-0.139963231838899 -0.13395110765265 0.0796690912584446 0.212848598386533
-0.176147642852419 -0.000911988201981013 0.125401395892991 0.196883037745931
-0.10649662899335 0.147383349872237 0.179720119002611 0.0801207906637071
0.0215855085651886 0.14507583202528 0.14996338522839 -0.0125216224435427
0.0875744303462897 0.0897239136460218 0.102722325920027 -0.0445666909603933
0.119751143615571 0.0183709770732044 0.072856996626444 -0.0274352120316234
0.113802702239703 -0.0225675981976784 0.0696038292428307 -0.0107063463002247
0.116415846597002 -0.0241694665716168 0.0762363151894605 0.0290126747152935
0.117972924677899 0.0298539440293605 0.0560648811824882 0.088712210992248
0.0847914396708492 0.0963951067239463 -0.000374343283139083 0.133157077618829
0.00821609048233686 0.169559663770772 -0.0965159731201555 0.0971759723308546
-0.118105070844212 0.103259584698653 -0.138429375361724 0.0108123560565053
-0.166266403807703 -0.0393346306672852 -0.0267939462252161 -0.0462299207287183
-0.131459363561691 -0.123646316772556 0.100759344316517 0.109665367959131
0.00971222812382892 -0.0749142887962974 0.211810271070554 0.192315485459387
-0.0483842184042391 -0.0997887372536736 0.0953305560015285 0.217852905249841
-0.0986578745118628 -0.0243407308321636 0.102537538346467 0.20265579780526
-0.0738410634263928 0.081318941775863 0.155965259551766 0.109443674221844
0.00693112100539835 0.0891760535389494 0.15638019195895 0.022083988034791
0.0518615813930082 0.0564050236877864 0.134513733567022 -0.0264873773460196
0.077790012523368 0.0118303027043477 0.109608672483679 -0.0267529304056037
0.0810646676365407 -0.0168226622156632 0.105469325443266 -0.0156197929467038
0.0874567338127574 -0.0170177819157044 0.113473102568141 0.0250826096215827
0.0895930793498893 0.0209770391862231 0.0952903911386216 0.0952223548484339
0.0634120121029878 0.078350432470799 0.0286658493499306 0.154180580553856
-0.0143189857923864 0.129159498382814 -0.0885297682474969 0.120419158188386
-0.105819085744834 0.0491335074789584 -0.134058295365429 0.0273181381182915
-0.105396269502991 -0.0650942411732261 -0.02373460193972 -0.0372271265360225
-0.0379294430006987 -0.10092723941344 0.117766187867526 0.136347323357428
-0.0487988418084215 0.0597364998178377 -0.152477801387489 -0.155579925157114
0.0328444829517538 0.066834842379792 -0.0389251089793017 0.074459071977317
0.0750696040982604 -0.00485917019911926 0.156411358430257 0.0117186000975517
0.0271580406377164 -0.0662015488278007 0.141206380762657 -0.137651371357937
-0.0271207809619535 -0.0446445569448506 -0.00697824645344149 -0.212957277274283
-0.0304284964897642 -0.0143697160631904 -0.124999478570447 -0.135724875886639
-0.0364684880529585 -0.00567489694416184 -0.14945869346088 -0.0392579430151652
-0.0357284757889203 -0.00297817566910745 -0.13675221150763 0.00710652946952223
-0.02000947378929 -0.0140517971339371 -0.13690830075328 0.0298706379927975
-0.00202457839908957 -0.0217194162810203 -0.155702634763564 0.0221351126854674
0.0134621677268059 -0.0262231585997584 -0.172513884095263 -0.0293795271945142
0.0503159486417405 -0.00125401599109536 -0.156596493304089 -0.125736624378953
0.0221958923136928 0.0564247993831984 -0.0902722114896008 -0.195236443247763
-0.0612167338914291 0.0651775120697204 -0.0420368877794133 -0.213857926861622
-0.0915917296935088 0.0178023508392322 -0.175968717496705 -0.206357407594816
-0.128835734261615 0.00359112899095368 -0.116593828899625 -0.178389422715014
-0.0581312937167443 0.059209363451602 -0.0364193068668795 0.0705638559716332
0.0161849573897291 0.0524488427738897 0.170569641771562 0.0204969395367899
0.0304424378018001 0.0129441589832848 0.164497598870238 -0.146503664364847
0.0112690905657244 0.0024103348941308 0.0060348210500945 -0.227842004050859
0.0182220423680807 0.00581574630522467 -0.126135807588447 -0.147013978677837
0.0174647706995141 -0.0109781532970021 -0.150183779958562 -0.0446688046318248
0.0126884190982403 -0.0139915884372563 -0.133992189689751 0.00460807748141069
0.0307876547357034 -0.0127061111981616 -0.130726626005759 0.0319625315426095
0.0416718762582803 0.0129325710043771 -0.148798116671981 0.0318610155393892
0.0292026998112613 0.0295451163982921 -0.16887842678287 -0.0131405079063505
0.0224816263252763 0.066295502316737 -0.163136534874106 -0.104235241137375
-0.0485386730701205 0.0814453788687191 -0.107046588282891 -0.172567021029484
-0.142613574380532 0.0232315457304296 -0.0509110062813888 -0.171044220928629
-0.171459724712274 -0.056726711709665 -0.156565078859078 -0.157544594210956
-0.187312598266045 -0.0651115140216214 -0.0578228647053947 -0.167601639098316
-0.152384959123157 0.0250708593953558 -0.0220178382551899 0.0825956494488746
-0.0654532519441587 0.0979209061423148 0.187527986807147 0.0461847106768064
0.0148717397743398 0.103079468785466 0.195637875182612 -0.136723824649261
0.0463366694602305 0.0631140496335913 0.0350198694297847 -0.229386384918979
0.0677223288032474 0.0348409561464771 -0.104277596188519 -0.15273277360577
0.0721086951663221 -0.00935111646222902 -0.130471029603119 -0.0492631221701748
0.0592905912324647 -0.0236541380539271 -0.113129183310152 0.00103359416671746
0.0748760261103351 -0.018003902430249 -0.106514624401466 0.0358432620343633
0.0834135904322147 0.0323660593446949 -0.125407772633653 0.0507776209515831
0.0552134731648781 0.0709979250744514 -0.154908518245778 0.023285866796574
0.0205605347740143 0.129272363928502 -0.171580592616849 -0.061999225730532
-0.0929625606073388 0.121700262943882 -0.133955717798622 -0.136710899808198
-0.203991855516717 0.0121710796349129 -0.0574131650623811 -0.131114635528991
-0.233294436935021 -0.103586462713475 -0.114652530221984 -0.093543352496236
-0.219087989912944 -0.119626494650898 0.00874494091996987 -0.120204141483297
-0.228669624345774 -0.0184834308613543 0.00830847701972135 0.110208308376699
-0.147703636430247 0.122903377140395 0.201899535678105 0.0772741134616142
-0.0137284829183632 0.183880725558576 0.218398721413898 -0.112431537233356
0.0736701769807971 0.12304281110579 0.0654922707672492 -0.208779184524115
0.110631766062802 0.063301875335588 -0.0692855275345379 -0.142819337067015
0.118568139003124 -0.00780442855233364 -0.0947274008417587 -0.0454250851722474
0.0971608137970903 -0.0347115812401559 -0.0762584947066802 0.00102224448341031
0.107132028996971 -0.0314103412333202 -0.0666889137727916 0.0405391802970729
0.118353604268097 0.0333359020966444 -0.0826637585318433 0.0716968467734161
0.0879842383166257 0.0900822992161541 -0.121965752453249 0.0691114371477752
0.0421686899900634 0.173507686513657 -0.168268785531122 -0.00196702260311767
-0.104596600703437 0.162578174922233 -0.158802618396474 -0.0859167481521317
-0.235839062499264 0.0258964522204045 -0.0600168094006147 -0.0974312067730532
-0.270128840274946 -0.115574695118769 -0.0569338072627609 -0.027437654095867
-0.200727451210522 -0.167493309055503 0.0886258147038594 -0.0403940334452052
-0.254112392505116 -0.0864967821207668 0.0363554050910574 0.147212536589646
-0.212592365218834 0.0969068812982643 0.189801967030952 0.131127384901327
-0.0669629906331787 0.220414740769737 0.228951567595786 -0.0423823567765415
0.0664313334820144 0.169268700346159 0.113967658368024 -0.150182023704595
0.125054425922704 0.0935365908938391 -0.00474387925926153 -0.120399926709051
0.144129197086088 0.00716478084123958 -0.0374977021352459 -0.0451911535155968
0.122174871862215 -0.0335553145481429 -0.0279630453042973 -0.00564342680661084
0.126592608797049 -0.0328921411129691 -0.019243203801969 0.0351782655334929
0.134240309098146 0.0344912391730477 -0.0365167171831889 0.0786821700910709
0.10084550541805 0.101392546914027 -0.0802952781158421 0.0954427692766253
0.0420560047472544 0.19503718119726 -0.1456203673911 0.0381263622871272
-0.115655487886206 0.167433548530971 -0.158374909963013 -0.0471870278198639
-0.235647272468107 0.0140318576147403 -0.0478816849018843 -0.0773584367069039
-0.256362953287708 -0.131606175433925 0.00841057285380701 0.0257390388610727
-0.147966805466569 -0.172830639086264 0.150652800692304 0.05527381439004
-0.218343827577564 -0.131830197793732 0.0624737207185596 0.186658695723388
-0.222533335970939 0.0458551149187572 0.161540585775739 0.174430754599419
-0.103878128517168 0.202202522820924 0.212270540530554 0.0268353278079824
0.045395565689275 0.176501811419308 0.141414386815891 -0.078050459419373
0.115716244999494 0.103748255817269 0.055119983805537 -0.0835385649750869
0.143730337581897 0.0155457098976174 0.021967113198121 -0.0368413042130665
0.127580551569197 -0.0300862116982553 0.0230956044933728 -0.00908155605653263
0.130332031370324 -0.0316924966232706 0.0293838335442943 0.0314583875783037
0.133945323492201 0.0327734472975417 0.0116166300346105 0.083065856990521
0.099574532247015 0.103344690311423 -0.0373427630253543 0.116137727529981
0.0280579963821789 0.192471188476216 -0.119890842586404 0.0697141974289469
-0.121468927165243 0.144566933505037 -0.149922412116825 -0.0149904051518494
-0.21088277657982 -0.0112815794844643 -0.0349904322451187 -0.062145541207458
-0.205934081910046 -0.134447948589824 0.0622152686777751 0.0713795746018876
-0.071718985675417 -0.138837037886273 0.189739386066003 0.143120430749234
-0.139095810548054 -0.13640233468693 0.0765535740587284 0.215705132697283
-0.176440691159588 -0.00276517543483261 0.12493070642852 0.200317178461394
-0.106204873518642 0.146673505340486 0.179717488657872 0.0841377581330474
0.0209190163565199 0.145710241026863 0.151671705037152 -0.0120097363860105
0.087642627899183 0.0905961463968934 0.104250648481493 -0.0452670047663478
0.119580362122689 0.0188744565437532 0.0744216520437613 -0.0268958270600002
0.113320853941882 -0.0227005213904696 0.069932254523831 -0.0107763555441607
0.117207180631426 -0.0245069519531434 0.0755459196795457 0.0301819778024292
0.117617109582472 0.0303351485606822 0.0563828155415395 0.089953078832195
0.0844209391402745 0.0968133186319103 -0.00231608009566072 0.134843853554452
0.0089802062641957 0.170341622064092 -0.0979632013067439 0.0973313162111393
-0.119786464041797 0.10222083381857 -0.13961935783948 0.0115122812016469
-0.167008562453532 -0.0407318413123438 -0.0261785509615943 -0.048591094641854
-0.129035420706365 -0.124654302286799 0.101179119331739 0.108648435894942
0.0111161646453287 -0.0756738708151756 0.21101777892146 0.195317304153965
-0.0474595083130284 -0.100159798069168 0.0922860875874841 0.220595224918487
-0.0988461942664571 -0.0260605816568643 0.100871499431091 0.205723667985423
-0.0730243966633293 0.0808386400725609 0.155461708212246 0.113282713277235
0.00733234896172445 0.0901084332112341 0.15774853771374 0.0238597467535672
0.052193909985747 0.0575641109893128 0.136142016258388 -0.0266060767234104
0.0779988333250176 0.0128957127968448 0.111705473987836 -0.0266344212968068
0.0800397517281142 -0.0170569741963677 0.10469606345713 -0.0152640997517516
0.0864952645317917 -0.0183420716821173 0.114236728602486 0.0265883342475509
0.0893057718516271 0.0210562434543237 0.0952890285573432 0.0966641836021399
0.0641893962425192 0.078612645991191 0.0270691373415506 0.155174690980387
-0.0137456434692972 0.129678949584051 -0.0908699476334723 0.12119525416635
-0.107283372356034 0.0475097365193633 -0.13618255968058 0.0276043682013576
-0.104865908136697 -0.0659245903253066 -0.0235856580957349 -0.0389175023928736
-0.0353180378393084 -0.100933821444559 0.11771840422252 0.13494060324419
-0.0218710657982935 0.079507970823954 -0.20939361488525 -0.0770587912226294
0.0591750798812531 0.0484103823514512 -6.07290823165571E-05 0.0890531376240236
0.0667567508294334 -0.0367489825395883 0.153283260590921 -0.0599532841432705
-0.00532464947170859 -0.0724372770471184 0.0729534886983186 -0.19559876192565
-0.045661748212682 -0.0274352676115057 -0.102229632566911 -0.197394496828008
-0.0350911973113771 0.00112985503459828 -0.177978417965738 -0.0731073243865909
-0.0358296978745989 0.00989142247521687 -0.158141636508072 0.029156630724913
-0.0339817444328019 0.0130018838941584 -0.125113478263027 0.0678291990052742
-0.025190451453177 -0.00479683180058451 -0.115723905633861 0.0894848916296598
-0.010961481815749 -0.0194857359352012 -0.136621522835698 0.0896187820887283
0.0012553401647121 -0.0304781761076672 -0.173264364069398 0.048837192882612
0.0431800007845362 -0.0250172065195091 -0.200226741490329 -0.0478138538264933
0.0458165029662205 0.0424692827854025 -0.170687800547392 -0.143550840241319
-0.0295576569356975 0.0875634130898579 -0.133081312647175 -0.188832310500847
-0.0816052123088729 0.0572588363112994 -0.255325901119035 -0.126919817741725
-0.120875694025389 0.0579958163576879 -0.188982920366938 -0.112693357256565
-0.0293314551575427 0.0786751546681268 -0.000723476201509739 0.0861591613704591
0.0346179782405855 0.0405737185540885 0.172911453684492 -0.0541503868771102
0.0305744907867508 -0.00172741043619026 0.0942501777930605 -0.211325421159246
0.00879983851488447 0.000100888309674823 -0.0953719367356383 -0.218269802386145
0.0187226323460839 -0.00051621457492636 -0.181713584191843 -0.0829824905047433
0.0115268308913181 -0.0174385321189922 -0.160340363711599 0.0236303932757703
0.00712691786726969 -0.0177920460948944 -0.123483286626872 0.0636966013259592
0.0235505481871892 -0.025520747243168 -0.10854080646976 0.0904012272564951
0.0456209787038869 -0.00576502511811066 -0.125600685166827 0.0978573095944307
0.0398138849769442 0.0171246101412435 -0.165796389113602 0.0637907949446462
0.0462114224185795 0.0506934880391282 -0.202322443612403 -0.0243224153808903
-0.0126989057746962 0.0964287443346444 -0.178021009261311 -0.11642533182741
-0.125602393176446 0.0826157747423242 -0.121937667639408 -0.149377963533938
-0.192164961546073 0.0224410590845959 -0.210300380673863 -0.0932657818431314
-0.203853010903074 0.0157207251779149 -0.132350000875874 -0.127215696729805
-0.130574550943995 0.0848534881243225 0.0156092860483905 0.094627681728662
-0.0233589043785682 0.114799044955709 0.200952296618962 -0.0321090817877225
0.0532257791712948 0.086650063459156 0.130175411571791 -0.211831084793297
0.0667690270139405 0.0416204424598509 -0.0657426943326159 -0.233075313806391
0.0778100200079681 0.00593932857260071 -0.162743845237842 -0.0988553933759863
0.0634649553358222 -0.0394572446322223 -0.141661676553058 0.00956109769166526
0.0477218802534604 -0.046097419264575 -0.105137235360871 0.0515242380790156
0.0632887548024986 -0.0487577130393217 -0.0837156074017458 0.0828897903550764
0.0938393680181758 -0.00400007686833379 -0.0948136587737849 0.106246868756354
0.0827507149811724 0.0452147982956713 -0.138762739493877 0.0931416485771972
0.0724203439935446 0.111066347749285 -0.196013089087585 0.0223973036324607
-0.0379960502310164 0.154184632878597 -0.189711957595845 -0.0726926194423416
-0.189990357860276 0.0990854951011787 -0.11043631360628 -0.11289835314113
-0.27359639213167 0.00636708237740379 -0.139413311082714 -0.0535833631018527
-0.255899204077693 -0.0247431218950853 -0.0518499688659567 -0.110213956136159
-0.219909274073361 0.0737153657173089 0.054248451303978 0.109203380061439
-0.0889387034411463 0.170830203954231 0.227432876469966 -0.00485162176505879
0.0607725071539707 0.171994777919908 0.164184679990051 -0.1939433847161
0.116748035018441 0.0851456049452273 -0.0257037797724744 -0.227091356315823
0.129846249102231 0.013616698476771 -0.124305459205007 -0.105564836936321
0.10733080463745 -0.0573219592126814 -0.104132115342219 -0.00361264231715729
0.078706232038013 -0.0732697737315691 -0.0700655725412234 0.0360628403332931
0.0879964411212802 -0.0750280335198855 -0.043180181940008 0.0697825075723901
0.126958646732617 -0.0186445825562009 -0.0447238017576101 0.108258991983892
0.123189802837782 0.0504386487046221 -0.0873541600342338 0.123441586498403
0.112246517814081 0.144179993230304 -0.168433183308917 0.0801144663187996
-0.0327702493343255 0.198954986805818 -0.192404424342042 -0.0137486559680744
-0.214029252265057 0.126814445204378 -0.0999998856451531 -0.0815371037794457
-0.31306012078802 0.0124322447748493 -0.0561921847942426 -0.018409957394287
-0.257013216950178 -0.0796951319345257 0.0554975935426528 -0.0701704099786761
-0.270136191071099 0.0193028855721295 0.0944289408077866 0.13152781294758
-0.160400516185292 0.172248058020121 0.236924172978354 0.0541501917014707
0.0266594266545655 0.225870864568618 0.204456438911456 -0.129806558077784
0.129568134071606 0.13002595910607 0.0482207080535891 -0.19250882904334
0.156322730382505 0.0358042418740473 -0.0537261118795522 -0.112908563931626
0.137087363136684 -0.0543772171467992 -0.0494611775499856 -0.0288017208478657
0.102395696995564 -0.0824080842083709 -0.0282216180892357 0.00783339573281743
0.10577276221241 -0.0854193903588938 -0.00213506168066954 0.0444997711288835
0.142515859431625 -0.0234653315292917 0.00216836970752545 0.0938813453516864
0.140268874722495 0.0550750048546521 -0.0375145748581971 0.130258472163426
0.122516837153674 0.16395319008567 -0.132013665523666 0.10935744248637
-0.041200483426988 0.2081405447328 -0.175317722689227 0.0226499543482072
-0.219326914942576 0.114560112018659 -0.079363131350998 -0.0669121063747938
-0.306103531853898 -0.00946169175500865 0.0288390796828416 0.00562618208982746
-0.209152719736248 -0.108442909149307 0.155941187636641 -0.00879491997186966
-0.256221414970875 -0.0373061485666137 0.134048277982519 0.156859180395474
-0.189864646323855 0.12849076749365 0.225675239211309 0.105820096230005
-0.0130539097728632 0.224290242192727 0.217187679523009 -0.0554060459306175
0.11297062467612 0.144246809262936 0.10612854624735 -0.135700618555599
0.152202574995861 0.0479243538441018 0.0196466468381262 -0.104403750761654
0.14092652651217 -0.0460547144288126 0.00956619834375771 -0.0473196012436729
0.108587009919966 -0.0815919766000811 0.0183774514682228 -0.0182236320445591
0.109985747406604 -0.0846876463160058 0.0429348356572624 0.01895990934961
0.141885688578561 -0.0254011166691101 0.0502217581710242 0.076723581422852
0.140220102825369 0.0571063103477701 0.0108299725842035 0.130960387584468
0.110041936601431 0.168358461334797 -0.0942945241574004 0.127087321642861
-0.0569870299838386 0.18976483341574 -0.152954080771329 0.0485097162890792
-0.206345191764867 0.080348626506046 -0.0601239819128538 -0.0560668715586778
-0.257891171169062 -0.0345768434660739 0.099432455377306 0.0288175032189496
-0.122594968112757 -0.107011603594155 0.232903723477785 0.0563569540541194
-0.183172079098366 -0.0752115365194785 0.161398421887054 0.174586627224744
-0.165206852334908 0.063619601012005 0.200207184498002 0.143728650445804
-0.0368223777012183 0.174017202288863 0.208394855056998 0.00990610255288417
0.0788627101590542 0.124853197781867 0.144984186259225 -0.0771952614796991
0.120658962235052 0.047513320922373 0.081508038807355 -0.0896585794503672
0.119699327888505 -0.0325317076845922 0.0629022793453724 -0.0614068044091041
0.09708225936069 -0.0687319856994132 0.0614767363955075 -0.0411920774870239
0.10019368504709 -0.0731284894314275 0.0854918035258042 -0.00363737359187477
0.125652391915625 -0.0215637684965709 0.0941992718747193 0.0630051567230486
0.1235838917016 0.0572024729547196 0.0526279826218004 0.132676596856381
0.0820132317747056 0.15650135254436 -0.0612545081779034 0.141626710624608
-0.0733313212603039 0.149129188717482 -0.130609660307869 0.0683057129301883
-0.176510738713173 0.0330584927833529 -0.0443230225306982 -0.0444499032611718
-0.179175496891645 -0.0607990042238301 0.150203989714947 0.051172777184803
-0.0191615900096318 -0.0812872513859162 0.279371889835978 0.0937984386785739
-0.0834553742624756 -0.0792655459065027 0.179800491725634 0.169003498428378
-0.101806477831765 0.0109736436555824 0.180511477245406 0.155126731945191
-0.0331474598767697 0.0998073676745949 0.197598012640882 0.0448052493906896
0.0426348370093977 0.0782526593000558 0.163280731400793 -0.046745892800815
0.0728487433780023 0.0309774296156951 0.118361439894206 -0.086021646187644
0.0779922025455489 -0.0209542203426632 0.0965660295788926 -0.0769961388284912
0.0680540331457754 -0.0498537741031028 0.0924636713823344 -0.0619928523369255
0.0741015422126084 -0.0540795566054261 0.119367352386291 -0.0243160195854362
0.0936030142529286 -0.0181990637361117 0.133813018976949 0.0505881014023698
0.0962886210319277 0.048138007295863 0.089114438843097 0.138254737181411
0.0435240732183133 0.129506013758502 -0.042507288188324 0.1567379423998
-0.0850732657460339 0.0925030376359289 -0.117585792911781 0.0809004837331399
-0.128325898803739 -0.0175102599557784 -0.0362407821129843 -0.033201722450529
-0.0778965746027373 -0.0817915324824166 0.174368984669819 0.0742869035839055
-0.0204808568131563 0.0828814176490797 -0.221802466620741 -0.0745710914371937
0.0636317501578725 0.0505765537566511 0.0033984451089153 0.0951344137491569
0.0692163331970205 -0.0397320130974779 0.1627996607921 -0.0672167369412583
-0.00812467954309472 -0.0769209602229123 0.0747403198364545 -0.209779155587412
-0.0481520887252225 -0.0280489646373955 -0.112386514398103 -0.208425959329317
-0.0368652851645488 0.00157635745083109 -0.189591524419039 -0.0744583303180587
-0.0379228280435637 0.0110038749302911 -0.165002347573012 0.0335345335705802
-0.0346527576011383 0.0143913787618894 -0.130327619762164 0.0752228886948986
-0.0266412112014876 -0.0048509681653421 -0.119436754627268 0.0978997803231611
-0.0113843220707966 -0.0200796700444128 -0.142425040066099 0.0983093507318485
-0.000133083828240993 -0.03154199416163 -0.182052251916566 0.0553985136057353
0.0442488920771573 -0.0273161621127754 -0.21246213211311 -0.0464293369140924
0.0493919943490776 0.0438667527209574 -0.181621867730807 -0.149961069203784
-0.0285242234890619 0.093504477838337 -0.143961112578928 -0.199837064650209
-0.084413591368682 0.061026291003252 -0.272349799912053 -0.128884515225603
-0.125483137632468 0.0624669329032802 -0.200849509605705 -0.112830518030209
-0.0293000932905448 0.0841734859300231 0.00254521740784041 0.0936499927191292
0.0372322879804686 0.042055497980619 0.183175873354672 -0.0605056590955796
0.0316356286064144 -0.00370150115272198 0.0958185257729862 -0.225125312941757
0.0101980608811214 -0.000301077437619362 -0.105661759849217 -0.230812148097859
0.020381767038676 -0.000869088967404403 -0.193715303565903 -0.0857915638273686
0.0115474656887989 -0.0184755089869786 -0.166965964267007 0.0284458584532666
0.00761862858506354 -0.0183561176901933 -0.129277495040406 0.0715133067467528
0.0237933769067316 -0.0274569153662268 -0.112228702541757 0.0989808149924242
0.0486462178963072 -0.00652008187215827 -0.131112824441017 0.106982916648963
0.0417707617924825 0.0179945800159114 -0.174178354504667 0.0716226599133378
0.0497113332677581 0.0523586928848422 -0.214088294189364 -0.0213760720967486
-0.0111541555061972 0.101289550405618 -0.188823831825098 -0.120343855027066
-0.13037903273009 0.0909305570660369 -0.131108918344225 -0.158494693181849
-0.201186173785196 0.0263690975199189 -0.224116158308255 -0.0952406718010822
-0.213532982981582 0.0203419940811521 -0.142099277093531 -0.129025894308557
-0.136121489122124 0.0925006610022951 0.0197947310926154 0.10168968593585
-0.0218966177497884 0.121288909412458 0.212481094641723 -0.0376569950154842
0.0587410591255714 0.0884618812210267 0.134247527046946 -0.226062254034295
0.0719344208356618 0.0423594609498033 -0.0742854306453472 -0.24657135916679
0.0821905881034617 0.00460754618739502 -0.173621384214127 -0.101687047220469
0.0656837289153535 -0.0428971864587626 -0.148524065607589 0.0129790493410812
0.048582007708394 -0.0490336824311502 -0.109097833799894 0.0571500564196612
0.0652686716586693 -0.0527755246301432 -0.0863863891689152 0.0905956147504288
0.0997758014913767 -0.00647420791767249 -0.0978850001860287 0.114637054789903
0.0883683658422328 0.0467112540831026 -0.14491765140336 0.102793947593723
0.0792256347501848 0.115146821533654 -0.20694936393963 0.0275591425108403
-0.0372226838272213 0.162739613362534 -0.201298360328096 -0.0728660082642115
-0.197868910926814 0.108923450426311 -0.119066824957446 -0.120415039515684
-0.286081782484255 0.0115717570986099 -0.148819817602849 -0.0557845644080974
-0.27001756933182 -0.0207769818517604 -0.0570407600462049 -0.113425352834577
-0.229616752917456 0.0832514821458129 0.0599708223624233 0.116403459779876
-0.0902015453797589 0.181238779154685 0.240461972511582 -0.00830693304860266
0.0685222416352362 0.177288919095658 0.171032097667136 -0.207922236723809
0.125697922864603 0.0870420765522282 -0.0325811236068891 -0.241592083337608
0.137980940988481 0.0113756765086375 -0.133124901410744 -0.109150282189675
0.111100047665462 -0.0634936106693092 -0.109530787941086 -0.00159909414157718
0.0798380519443509 -0.078465338201474 -0.0729799186819928 0.0396373848511495
0.0900209168851061 -0.0811806440854253 -0.0448147342096168 0.0762535745851785
0.134545766034154 -0.0230138656231778 -0.0447301075216456 0.116314901459964
0.130521129159988 0.050150660414039 -0.0907118596993115 0.134289834228214
0.121823279427083 0.147826058123167 -0.176903280974914 0.0878521797704828
-0.0308830325222595 0.209081676630985 -0.202294578014625 -0.00920913761611066
-0.223303536874034 0.138001965875444 -0.10775974984901 -0.0868995147152645
-0.328357901450372 0.0185010302868272 -0.0603354176321908 -0.0203248424871951
-0.272953699140446 -0.0780630420295929 0.0565870370082549 -0.0740670186546993
-0.284612458978603 0.0271282251000407 0.102270308110296 0.139372747731982
-0.164469840953957 0.184388719898423 0.251674088225973 0.0535183506089281
0.0345215466714716 0.235616534421824 0.214279361945009 -0.140234168900447
0.139566508855469 0.133050937259709 0.0453462651731321 -0.205926886473192
0.165785520588309 0.0341251592792287 -0.0583834151359758 -0.118496584225532
0.142752883686717 -0.0610301893839122 -0.0518413850845643 -0.0292999798407846
0.105068162296614 -0.0880968197135611 -0.0296641706005585 0.00879844957264596
0.107903172623999 -0.0923159922943335 -0.001680197048858 0.0478813642129339
0.150177289108213 -0.0280957124889737 0.00507189414043764 0.0999773284976084
0.149540028490807 0.0549095824655462 -0.0379462114204633 0.140102958255465
0.134604447669497 0.168038494435353 -0.137429415768245 0.118200997268654
-0.0397775685259167 0.220432641955244 -0.184342825286209 0.0287473568510361
-0.228651523960418 0.12571037161856 -0.0859250895476961 -0.071115125357079
-0.320678049894663 -0.00434980442451116 0.0301246784990333 0.0031990631894267
-0.222933334371675 -0.109757655367074 0.164167614503406 -0.0113260275771119
-0.27068492820688 -0.0345147179997431 0.144145864943859 0.164069587071238
-0.196683968610338 0.137853184791801 0.240621529454401 0.108209010644455
-0.00747050509659785 0.234954294658174 0.228457713061004 -0.0624735911136475
0.123573272377386 0.149132894481464 0.109973465498087 -0.147503705445803
0.162076951671918 0.0467509019951492 0.0184816094678262 -0.111596353558541
0.147497995931962 -0.0525155051579361 0.0105123605212372 -0.050869987291903
0.111106577417434 -0.0879571434065854 0.0186978204808153 -0.0197964618107634
0.11248226155367 -0.0929674115451412 0.0457610602658233 0.0206284228413633
0.149547201452932 -0.0302075414804503 0.0548447404431262 0.0799800168460656
0.149319917223363 0.0564090291523978 0.0136649378016441 0.14009113150865
0.12063446776324 0.173242343906442 -0.0971144160163759 0.136846669697262
-0.056634907963882 0.201020336053896 -0.15954201107221 0.0563641069357796
-0.21512308481851 0.0890259525112521 -0.0656762881625609 -0.0595489632801573
-0.270950672838923 -0.0323601076451015 0.105155332417105 0.0255687814785771
-0.131280285459138 -0.110684445457917 0.246064333002334 0.0553595961082881
-0.19469407204626 -0.0757718188444239 0.17254983017586 0.181938701712254
-0.172326790429385 0.0694376485958005 0.213563808477456 0.14890322041
-0.0344254606144206 0.182255577245903 0.221289029661563 0.00767862259373424
0.0866225946940986 0.129937324819596 0.151253447661208 -0.086534015842018
0.128680070411559 0.0469852262111761 0.0847607331881056 -0.098005846514722
0.125210348064072 -0.0381009393938177 0.0658593419138127 -0.0676912523760414
0.0994830503368777 -0.0743925053809966 0.0632985392706603 -0.044932114316694
0.102480803908824 -0.0804691988009382 0.089334761072549 -0.00469148701063221
0.131744274788542 -0.0255288940466926 0.100827541853713 0.0643623855183357
0.131505446065799 0.0572355301580701 0.0577055761872784 0.140070658137425
0.091345508594225 0.161621766978437 -0.0618901773841246 0.151101405597822
-0.0749925911163317 0.159368734305285 -0.136267184744285 0.0757419577569452
-0.1852080916242 0.0391775871797305 -0.0487172581496396 -0.0475030491437354
-0.188722901413113 -0.061531759381456 0.159019510301195 0.0487680906076524
-0.0214725577033462 -0.0850472270349377 0.295602454856286 0.0941522885689362
-0.0890031696813662 -0.0821635077080947 0.191013367746432 0.175704541241823
-0.107040733937169 0.0126501504227975 0.193486197213096 0.160306160834314
-0.0314376167767554 0.104490660713007 0.209618071095758 0.0446073137948036
0.0472541285331309 0.0818240020326902 0.171855413345819 -0.0536411737480529
0.0779320117785946 0.0308285372188479 0.123738403251848 -0.094756336623562
0.0811647508316624 -0.0245366511620271 0.100963199667036 -0.0850163772870619
0.0683818879349716 -0.0537381641679901 0.0951926103780051 -0.068193250558656
0.0754879636976534 -0.0593118541249201 0.12586214181358 -0.0283122176947645
0.0980832660109162 -0.0211408477697639 0.141837113784024 0.0506602085614591
0.102521125339922 0.047891248456435 0.0969858642071217 0.144928129249777
0.0491705774978696 0.133588027977933 -0.0422293866015834 0.167472067798997
-0.088599777248898 0.0991561528397903 -0.122623549158809 0.0887825658446354
-0.135746678608333 -0.0160974491533131 -0.0403028363973699 -0.0351541621087371
-0.0824816626711697 -0.0845666579108874 0.185730532685254 0.0718019029806476
-0.0169299006016143 0.0860805507565432 -0.233365303061147 -0.0635185100664415
0.0694174213728112 0.0492778579731341 0.00985137738604577 0.0996675469104355
0.0699690405455472 -0.0443435379835403 0.167695172271847 -0.0779816500567427
-0.0137137536449384 -0.0804035958609749 0.0687534796283289 -0.223317900191718
-0.0519384728923892 -0.0268234376564398 -0.128649054915705 -0.212981618656327
-0.0383621576301673 0.00291589339252378 -0.202544602653094 -0.0699085238808368
-0.0390473643278415 0.0135493052838656 -0.169201252147748 0.0422785274580476
-0.034190497993788 0.016984102523694 -0.131692312564857 0.0858984840483522
-0.0276581007001433 -0.00368927255109198 -0.119553267684917 0.109733004861511
-0.0123908972039092 -0.0211034324997603 -0.143814299646067 0.111233043427663
-0.00250227804322631 -0.0324024876615021 -0.186845668358659 0.067028100633886
0.0441494941367221 -0.0304121731017768 -0.224594861707716 -0.0377726532447485
0.0539484739181687 0.0430632691980849 -0.196512782035968 -0.149179668328006
-0.023979354359289 0.0995672812004127 -0.160088124475018 -0.204811217524766
-0.0843796790334818 0.0672810492309024 -0.291329847475954 -0.120757848434917
-0.126875647965634 0.0715023822968912 -0.213991368432537 -0.104612561628313
-0.02529767981374 0.0891796303641868 0.00913998894041707 0.0989426731620282
0.0408008359418171 0.0421399346097516 0.188912875231394 -0.0718589789393924
0.0325594682375139 -0.00664524967692209 0.0898123101357004 -0.240523992705516
0.0110573159091052 -0.00149693117013836 -0.122570466267824 -0.236682866884668
0.021914203731924 -0.002622188369651 -0.206555789601191 -0.0799865559207435
0.0106403307100926 -0.0200816123273297 -0.172060643502857 0.0375069500760386
0.00716364904688453 -0.0186303039485159 -0.130533271333524 0.0810174514438823
0.0235016316441394 -0.0307596699999176 -0.112081376052965 0.110457074192069
0.051432115286024 -0.0099486112719932 -0.13171089878311 0.119494652921945
0.0443217168705504 0.0169354190289 -0.178963329121236 0.0843488685343308
0.0537795810050123 0.051330979549398 -0.22445013348246 -0.0119759031355869
-0.00639549348121784 0.105663824248125 -0.203130318706219 -0.117215886637804
-0.130763370580766 0.102132697316582 -0.1449677296869 -0.162782895923877
-0.206988842125023 0.0374462799630421 -0.239522313206786 -0.0890093453030885
-0.221186236580616 0.0320005516276316 -0.154144065895051 -0.124964222632245
-0.136281766556214 0.103816036533221 0.0266005557303335 0.107100210951182
-0.0158188769025686 0.127316007301376 0.22178089921936 -0.0490301667270661
0.0658207004771767 0.0870248982905753 0.130331976194127 -0.243201313642095
0.0774462478291431 0.039460612233344 -0.0919360731641003 -0.255006172673552
0.0868777252247555 -0.000233285118418199 -0.185968458970892 -0.0988909221042707
0.0654378145553292 -0.0482573945014958 -0.153098411909915 0.0214305082635656
0.0481366596039608 -0.0527098488519198 -0.110604774954753 0.0662076722811579
0.0640733679921583 -0.0582681845831594 -0.0853655748865425 0.100711781945148
0.104686895466749 -0.0127105437363278 -0.0964592443178683 0.125688783129653
0.0940681956969793 0.04424347204068 -0.146625756458755 0.116121329399982
0.0876160523739306 0.114795517728457 -0.214970585735529 0.0396002573769084
-0.0306780916333983 0.170565220353355 -0.213047453403853 -0.0666935800547373
-0.200872578934581 0.124197466471824 -0.131186760705684 -0.122528323626454
-0.296031404046871 0.0255148409567018 -0.15911807759804 -0.0524795065041833
-0.281571654228942 -0.00783524251657023 -0.0651461646785494 -0.113390479105568
-0.23574277279638 0.0987559080930216 0.0689809894531256 0.120597743937213
-0.083937090052155 0.192593829034545 0.252222049558975 -0.0201439256656975
0.0810656427968579 0.178487639232298 0.168841329016805 -0.226475998941372
0.136331478594865 0.0832411644389499 -0.047814484031422 -0.252185019285227
0.144935031530576 0.00456634910647238 -0.144560166163438 -0.108084451505218
0.11163604642928 -0.0725184611829459 -0.113611719036595 0.00345557186872594
0.0786766323354237 -0.0852891160411748 -0.0737950247913212 0.0455373619828405
0.0884277887688062 -0.0894864572084049 -0.0420270720951024 0.0832464778720701
0.139452617506891 -0.0305348626351356 -0.0403981908939993 0.124046066462297
0.138783467955917 0.046034791023608 -0.0883774640327693 0.146386385476262
0.134726374845007 0.14645998155542 -0.180609378360575 0.101127406612142
-0.0215133764670735 0.219166198549829 -0.211358421664175 0.000616411928181681
-0.225719195080179 0.155418746640795 -0.118337258013072 -0.0881546921484739
-0.339088892055962 0.0350660783449273 -0.0653843205826692 -0.0206075466728018
-0.287014080809982 -0.0669566484748187 0.0550293149261047 -0.0779843352970261
-0.29488006448246 0.0422470559786153 0.112782649845929 0.141074164420135
-0.16182346128603 0.199220986523725 0.265928839272486 0.0440369803563987
0.0486593263542786 0.240923229536132 0.218042324769497 -0.157122547074334
0.153508993404717 0.130511543018079 0.0359791047847527 -0.219808716940889
0.175810656299445 0.0258148852841878 -0.0672957164662283 -0.121922960970908
0.144732506960538 -0.0719263777251481 -0.0557842129714873 -0.0288389057908987
0.102714430994065 -0.096710439178738 -0.029975757696867 0.0112789519624671
0.10685929283752 -0.101582958517355 0.00137243095223436 0.0515578321350909
0.155364138762536 -0.0371727089362627 0.00943407762565016 0.104271345537731
0.15876060384373 0.0498217297314624 -0.0325236302661237 0.150522076868647
0.149769392247332 0.167096711783471 -0.137880308450845 0.130652290085805
-0.0304022800198448 0.231046230222545 -0.190061695736848 0.0403510574626311
-0.232369648512653 0.142143631356366 -0.0947950586621516 -0.0720293268750825
-0.332783874696525 0.00991498226709397 0.0300902267319982 -0.00127320557283254
-0.236679460796014 -0.102683874608124 0.169733637356627 -0.0185257189888727
-0.284424679687566 -0.0227064202814535 0.15755965364165 0.164579286474039
-0.197488546558604 0.152661959617378 0.256760710571487 0.10219939595762
0.00534219549069391 0.242738316501517 0.236261547831937 -0.0761871132923031
0.137317661643282 0.148218898977132 0.105427582028241 -0.161131314529864
0.172662209187114 0.0397051528090237 0.013600492004979 -0.118100584509088
0.15039228709023 -0.0628788108858023 0.00826152521487636 -0.0548089185235433
0.108996041825606 -0.0963761143722704 0.0187006166771295 -0.022515168538323
0.110484198350048 -0.102809608193312 0.0486792125327619 0.0195876486870912
0.153906388905063 -0.0399226761814071 0.0614648125545203 0.0814624432687865
0.158454864670183 0.0510252329686175 0.0209710487956501 0.14762821539616
0.136628470870586 0.172535317175816 -0.09532845215428 0.14773002626964
-0.0489007524473562 0.212740513425266 -0.163211515915998 0.067248019244058
-0.219688786997491 0.103835547320361 -0.0731671715639365 -0.0603519441930868
-0.282108079105292 -0.0217182055394568 0.110140822882189 0.0184684863992617
-0.141371197013255 -0.108600472263411 0.258486539701571 0.046102275152855
-0.207199984495577 -0.0690608543071821 0.187053859211082 0.182057013157124
-0.176333070599966 0.0804104449370587 0.229315039003696 0.146141901926695
-0.0247808981322597 0.189801336386665 0.231492370277751 -0.00272163416647558
0.0979835816255771 0.130354560349771 0.153947316570763 -0.0989468466588067
0.137427867689975 0.0423310214232832 0.0833998644137731 -0.107643779591563
0.128296646270142 -0.0465600942478476 0.0654346013993516 -0.0757401649266183
0.0981906288619635 -0.0819473086723373 0.0636150378328548 -0.0512586486989878
0.100163537432856 -0.0890653018956619 0.0931205697645583 -0.00968691415744362
0.135814968703839 -0.0347366854062261 0.108580294330325 0.0619189612808876
0.139712525640351 0.05187817109007 0.0669291288780312 0.145405935454884
0.105075884146303 0.162168328000324 -0.0578915320732185 0.161423669189321
-0.0705818229064277 0.170281179890048 -0.137636705199838 0.0873816937365707
-0.191086666780093 0.0491824798848871 -0.0551786600044572 -0.0481147832375732
-0.198361105273075 -0.0556157227207788 0.167058539009042 0.0387684418699723
-0.0258910643619405 -0.0872688315098593 0.311865758785973 0.0839798398263366
-0.0974548753208443 -0.0814562632511792 0.206690021703563 0.174064062882639
-0.111043407717658 0.018775179694133 0.208760967104792 0.158883216788841
-0.0271026687927674 0.10976935292853 0.221453964498708 0.0358463785819102
0.0537402321524183 0.0823886615066374 0.178059980625017 -0.0653896402462755
0.0835328941203935 0.0279609684662048 0.123986034394677 -0.106141048590315
0.08320869425145 -0.0297581942093456 0.100849234156673 -0.0962603843074052
0.0672969397119965 -0.0591093237766515 0.0955645966638493 -0.0770408862976891
0.0736430767224726 -0.0658325017291457 0.129672864763884 -0.036886244730313
0.101075800107021 -0.0277460683268821 0.150116817676898 0.0451206505423328
0.109177290085122 0.0441164631595985 0.107832442397158 0.147532637316628
0.0594985267076041 0.135548661760086 -0.0357297559894706 0.177191366906736
-0.0875733803468824 0.108811349453171 -0.123722480059171 0.099298451887982
-0.141746303316257 -0.010374936517386 -0.0451405789458818 -0.0358630843453083
-0.0895611631015123 -0.0854803466874683 0.196039175761558 0.0620519850887498
-0.01208369990912 0.0860304315022249 -0.238248075936797 -0.0496179963163236
0.0737386598770939 0.0465340130875976 0.0176559480757907 0.101680843513833
0.0680889340179446 -0.0486820543573095 0.166927292116607 -0.0891798859132099
-0.0196824839648612 -0.0811213998098058 0.0588362409735944 -0.23153641526216
-0.0538703622823156 -0.0246050605695599 -0.143480326096784 -0.209827626767455
-0.0383558838228344 0.00470257886121891 -0.210996553357197 -0.059823253407208
-0.03859360701269 0.0165096009407539 -0.168165423936831 0.0518476768907943
-0.033192112432767 0.0200340180386381 -0.128391169602894 0.0956531240978377
-0.0281917666043296 -0.00195514307857741 -0.114821424065389 0.119713272300566
-0.013320027899123 -0.0210703692988544 -0.139487955312317 0.122119013158115
-0.00475110727932272 -0.0316353819857202 -0.186033405492431 0.0786236158220567
0.0422557498163752 -0.0341179133526294 -0.229612967364067 -0.0256924707940579
0.0572674271701714 0.040102135569509 -0.205804781706316 -0.142095423002603
-0.0181472622424621 0.103349500393206 -0.174246084680666 -0.201311957771608
-0.0808222927286544 0.0715960974528978 -0.302067689101159 -0.106633992935018
-0.12332414051729 0.0782398803342404 -0.222388078800322 -0.0913957875783278
-0.0197255291526676 0.091873077345712 0.0162545788054193 0.100997453954828
0.0447287074200963 0.0403428686712281 0.1885855140402 -0.0841616328519154
0.0313725813722579 -0.0100402485331012 0.0793504877736219 -0.250439359214636
0.0106774390681411 -0.00277476813860406 -0.140116635332012 -0.234263005540385
0.0221790608313891 -0.00512151074264296 -0.215109901263699 -0.070166716491757
0.0094724155563711 -0.0208247242898145 -0.171433556766835 0.0470473593550124
0.0064797818229223 -0.0186826598810934 -0.12754857817241 0.0911854828977919
0.0217096508113035 -0.0323252652249217 -0.107102595481541 0.119552297629641
0.0523516629019442 -0.0142185138183275 -0.126870368534235 0.129878929677745
0.0455341870694797 0.0153356213835857 -0.176820820735782 0.0969484659466713
0.0572165245269743 0.0487257745456034 -0.229045043836838 0.00147154144194644
8.91255660131624E-05 0.107221586400574 -0.210562504362291 -0.108969411086166
-0.125661790480004 0.111303040028143 -0.157048691611903 -0.15970330962253
-0.206516111252882 0.0482326176031738 -0.248556138290624 -0.0775317474009627
-0.22110010053016 0.0448340136909039 -0.163158269949329 -0.115827351362049
-0.131932095273574 0.113258023579978 0.0342589424922985 0.108971199394479
-0.00786182278042406 0.129272570063706 0.222808495568425 -0.0625407087647881
0.0712984000546928 0.0831323376324407 0.118369845235963 -0.254980265225714
0.0810761669062202 0.0340442737513557 -0.110579826104971 -0.254259889875995
0.0891033820726451 -0.00617456586139515 -0.194870107334751 -0.0897201359623359
0.0632642432625066 -0.0528146166841855 -0.152703508911248 0.0300724443120167
0.0456674208813797 -0.0555141781071879 -0.108368742288441 0.0740589234522234
0.0615382941820802 -0.0636207520541175 -0.0798015470828259 0.108530835085975
0.105816984059377 -0.0199679773730115 -0.0901554319968153 0.134459143551283
0.0976270079498629 0.0401508881055208 -0.142699272304862 0.127945029468923
0.0956633993575312 0.110083882722124 -0.216452652280583 0.0524133320022973
-0.0212652325472966 0.17397692307301 -0.21872401753192 -0.0551529022487781
-0.195876684707245 0.137984332308424 -0.14115959305089 -0.119582768435289
-0.296948745949193 0.0414198908913089 -0.165225264238775 -0.0455269027000561
-0.283801480625605 0.00800534188866046 -0.0728424012845214 -0.109088945334619
-0.232315483838488 0.113901515435211 0.0771807203520964 0.120208633566944
-0.0725959650674884 0.198769847761135 0.255272147268124 -0.034126705746337
0.0925315623073915 0.173920478121674 0.158273609291848 -0.239810796263429
0.143228270652474 0.0746805613815192 -0.0663651208221041 -0.25404219528581
0.147946899604907 -0.00476319711379371 -0.153178537659554 -0.101900577320551
0.108084932749703 -0.0802783776106543 -0.113824128691177 0.00921447730649994
0.0733764916463027 -0.0893282315447849 -0.0715597987450579 0.0505761714649855
0.0839988193955388 -0.0955756179277694 -0.0368322043087645 0.0880402278536772
0.140360005698559 -0.0411516431897354 -0.033303524294784 0.129522695891906
0.143066987760788 0.038627620797369 -0.0814336451905929 0.155363420131615
0.145632828324482 0.139084642030526 -0.178330236298734 0.113934979096744
-0.00914444046996403 0.22302971329282 -0.212789661473919 0.0131039902909323
-0.219449880613496 0.171075203086938 -0.126925243283489 -0.0842070286623915
-0.339370579459987 0.053394918814946 -0.0691127145433538 -0.0197944191357553
-0.293275535772553 -0.0512188273450346 0.050187414766009 -0.081359535120355
-0.297130870810631 0.0598456063046592 0.121820769228584 0.138730424838506
-0.151164020478517 0.209901513455537 0.272961791137011 0.0307297762968078
0.064428702411754 0.238667483533493 0.212127641113343 -0.172063062077465
0.164058112043107 0.122000725807082 0.0211343870643919 -0.226326431537659
0.180926703806457 0.0153246967370831 -0.075882739642817 -0.120362321270112
0.142450193187937 -0.0823304170880966 -0.0572834113171284 -0.0268664900907298
0.0976892077188461 -0.103175140311942 -0.0300089039492593 0.0123457595214578
0.100204695117937 -0.109290618473744 0.00484750469890825 0.0534074226379923
0.156275921764847 -0.0487900111058209 0.0154150310897641 0.106279585172929
0.163793696354871 0.0409067235995826 -0.0243175041451497 0.157148460234541
0.162072271516705 0.158842913759208 -0.133541123551686 0.140803591220249
-0.0172666477170245 0.235859793218327 -0.189497204691237 0.0529946459337125
-0.227773222375045 0.157810078393057 -0.101969606977037 -0.0692500200562792
-0.333772466271748 0.0282687342158688 0.028289216273497 -0.00614658404687047
-0.244926379307195 -0.0900066709368844 0.170150554995369 -0.0279931603179717
-0.289375063626668 -0.0065068433195989 0.167446577288131 0.158808361912705
-0.190335359831383 0.164657761661785 0.265466618414258 0.0903382472635843
0.0204440634529486 0.243088699240719 0.235374529666218 -0.090669242205476
0.149194756124885 0.141610015404151 0.0958777543589563 -0.171057839400049
0.178090321660555 0.0294391488011678 0.00610547894164701 -0.122469486498327
0.148803022042233 -0.074306691520976 0.00584979291317586 -0.0572139502977887
0.103677008327872 -0.10318395431385 0.0171999818564874 -0.0245549489417358
0.103720603683968 -0.110504786389769 0.0505686362356233 0.01766091548645
0.154275958480249 -0.0508692339154978 0.0668062369944991 0.0796945640104156
0.163666250397145 0.0425005753516118 0.0299978816218472 0.150214343609281
0.149466250999697 0.165484616095685 -0.0893052279791861 0.156351349798044
-0.037173285427625 0.218291210807582 -0.160252592892587 0.079485563947164
-0.216864756917572 0.117548055240155 -0.0795428911743888 -0.0578727797027922
-0.285003343671946 -0.00683475381460124 0.110668106127387 0.0093838773000463
-0.148890121129709 -0.101750320698649 0.263461504818966 0.032353976601469
-0.213620145698261 -0.0582362009763703 0.198311942803925 0.174102380499258
-0.173743382458843 0.0905771441670533 0.240069852398931 0.13646991011046
-0.0136705661890355 0.191768484646356 0.235185150422551 -0.0162041799027279
0.108114315244003 0.125535847506977 0.149130318331584 -0.110779997364457
0.142709293984335 0.033475436938881 0.0782125207252637 -0.115565508172792
0.12647415651469 -0.0556674310289869 0.0623925910443146 -0.0824711276600708
0.0922888819678605 -0.0882255907865859 0.060953657237362 -0.0565850507056554
0.093742508720817 -0.09548821873579 0.0938486748123902 -0.0153190776172304
0.13561271586774 -0.0436483777721828 0.113197940246998 0.0569886140215835
0.144949322148731 0.0438380028039611 0.0771447766172726 0.145421955541884
0.117351445196246 0.156224485218005 -0.0510176507958085 0.168369130657752
-0.0613861584416438 0.177585210368068 -0.133298722624748 0.0970001062830372
-0.190590294264065 0.0614519382959226 -0.0597906329499276 -0.0462771544319827
-0.202183810822506 -0.0454965409787947 0.170187307993193 0.0267175449184014
-0.0307371722503823 -0.0872245255259951 0.319813284579214 0.0667334998175357
-0.102912698392278 -0.076612124725811 0.217144300693374 0.165553817518783
-0.111391219569284 0.0244790307587541 0.220149275776375 0.151713688363364
-0.020587116747068 0.110817880337167 0.226730136693785 0.0245734247654987
0.0612652019178506 0.0804988510591217 0.176997178638517 -0.0779755497621714
0.0866248402631935 0.0223488041730988 0.119481270937475 -0.116239118457788
0.0818045627241253 -0.0356006949571981 0.0966764692937176 -0.106008461438823
0.0633138243248257 -0.0631351576221147 0.09113872067861 -0.0849481354084484
0.0683625318068462 -0.0708648081667941 0.128584612731216 -0.045491370925887
0.0996376092997994 -0.0341750556944412 0.155234393749535 0.037601926489195
0.112865588688276 0.0369790035220279 0.118297593961463 0.145780824537987
0.0692336180489449 0.133120430569955 -0.0268630246397688 0.183314563089245
-0.0823463096200452 0.115712441243562 -0.119095230072115 0.109103260530221
-0.143914533037905 -0.00305130615540724 -0.0499150312306771 -0.0344084479130841
-0.0948815395125017 -0.0821405123595877 0.201076283364885 0.0489011301391128
-0.00850318535775577 0.0843182028467733 -0.236905047250543 -0.0389992364897781
0.0752472999328938 0.0433908901145892 0.0226695976087527 0.101631499020015
0.0656231132321315 -0.0509488614989798 0.163745054691629 -0.0948131255895106
-0.0241057566440492 -0.0796584517368722 0.0515509084661035 -0.233974348920862
-0.0550887548732518 -0.0232752025161119 -0.151764215847832 -0.203697885268981
-0.0378895060097382 0.00563281624048172 -0.213132323713493 -0.0512552008463791
-0.0370901778744352 0.0182572365801768 -0.164745265185613 0.057476595777844
-0.0311215552330409 0.0212926555075083 -0.123244842261207 0.101496362640684
-0.027799388500616 -0.00105932383384214 -0.108753461330949 0.124760361157113
-0.0143373409797922 -0.0209413966403136 -0.133682261942887 0.128205855746585
-0.00613808346976393 -0.0298432251911198 -0.181890514897378 0.0852712491600088
0.0401036114332276 -0.034588790470095 -0.228980494006861 -0.0166164180201041
0.0580383086800326 0.0371604256144957 -0.208609684679402 -0.135238036014579
-0.0125781924389343 0.104119641592591 -0.18081119543423 -0.196021932906671
-0.0776135422376438 0.0726466709929321 -0.303751857090059 -0.0941569380867106
-0.118853110482355 0.0818259024233777 -0.223363778510249 -0.0809849103644114
-0.0156872640729282 0.0924862183809513 0.0207296795473295 0.101476790276706
0.0461464350867242 0.0374906539526819 0.185380805399655 -0.0899021586198971
0.0301223387390372 -0.0117538056060869 0.069559520682208 -0.252236316130295
0.0106467835230836 -0.00408018106068518 -0.150082412093938 -0.227219296743951
0.0218637790792487 -0.00651816929367958 -0.21696470487444 -0.061529987152632
0.00816706175887974 -0.0211167253813536 -0.168182272960502 0.0532153401705298
0.00626994754201193 -0.018231243515293 -0.122771832259141 0.0963296267862937
0.0198466931176512 -0.033556792502106 -0.10052489608796 0.124399993997951
0.0517938508831787 -0.0174762776459979 -0.121228161752978 0.135358962744359
0.045618965379888 0.0141734069135653 -0.171631175787496 0.103514786681019
0.0582665093298201 0.0455451020406663 -0.227779558473277 0.0100849877825693
0.00360849421315055 0.10598307397249 -0.212350684483255 -0.101703403442625
-0.120418288690822 0.115821183600665 -0.162191862530697 -0.155562977065442
-0.202202889948522 0.0539656201337501 -0.249914345761526 -0.0676941098726979
-0.215943009592104 0.0526645016466543 -0.165867330497221 -0.106620900939243
-0.125937597219921 0.117831828111063 0.038498861542499 0.108581711781794
-0.0018239557285846 0.127353105941386 0.219392626806927 -0.0700133203202081
0.0733609097362215 0.0775415877778417 0.108693773324546 -0.257778399466103
0.0818281391569281 0.0293734867255673 -0.121487336048184 -0.248525478860959
0.08827330104781 -0.0102175003781731 -0.197969222323719 -0.0816612941792941
0.0599624629781649 -0.055336446424541 -0.150192154108952 0.0348438623798407
0.0429443194173244 -0.0559475606248183 -0.104407833642141 0.0778764188243998
0.057786601061987 -0.065219598080999 -0.0741351539985996 0.112037977109446
0.105057050683711 -0.0249443838953032 -0.0842421787876776 0.138145447716996
0.0983675312188816 0.0367904983627255 -0.136705675486957 0.133586508805974
0.0986499141207651 0.104839867531107 -0.213142142198818 0.0602209756528265
-0.014905236734301 0.173204883089832 -0.217856126200737 -0.0474193223918781
-0.189125654334305 0.144144994417492 -0.145533485099733 -0.115917757994624
-0.29151508442648 0.0500817026364831 -0.166740210534159 -0.03980599706955
-0.279617118093527 0.0194062235319446 -0.0762436267238434 -0.104587118419845
-0.225683306073088 0.121499987613974 0.0810995577195231 0.118008521276394
-0.0635656165738537 0.199366920453881 0.25226899738884 -0.0426759468893294
0.0985747890993919 0.166713050209664 0.148578908835863 -0.244110977478349
0.145893679779588 0.067156996984282 -0.0785405648924048 -0.249290908325218
0.147822987861754 -0.0120193036691646 -0.156503960462266 -0.0960958147758765
0.103252605906576 -0.084084897677523 -0.112490397617183 0.0128012526533007
0.0692309307191047 -0.0908454414001797 -0.0696220815724066 0.0525102376913304
0.0779375854270545 -0.0982017794097495 -0.0323585071050878 0.0898743460765183
0.137918888571825 -0.0474100049553618 -0.0284347002905267 0.130845802920152
0.143871483896815 0.0331057940400038 -0.0741046787887125 0.159524055983879
0.150764350101083 0.130596162162574 -0.173850281391535 0.120148536458364
-0.000520638231971497 0.221063561544861 -0.209427208037057 0.0203512371832805
-0.211971744944597 0.177794826562634 -0.130217714631522 -0.0805864314055279
-0.332329982481564 0.0636753741109311 -0.070493839061454 -0.0183497569522584
-0.291358458670718 -0.0393224341456689 0.0467000998776167 -0.0814186909293475
-0.292268311018269 0.0704974780050358 0.125397627601211 0.134077151664959
-0.141487173448265 0.212589529897824 0.271573291848428 0.0208084752646541
0.0732009085237796 0.232173202800567 0.204015585168271 -0.178548744094976
0.16878236033156 0.113321966502094 0.00911185445556534 -0.226050484270602
0.181593514596652 0.00702404055159207 -0.080923377073381 -0.117075281652507
0.137527971813686 -0.0877504165585747 -0.0576915438399626 -0.0262926368412852
0.0917508210842989 -0.105203618966979 -0.0293869633579279 0.0127663532637343
0.093664821234988 -0.112033374193522 0.00742720306106891 0.0538300824467848
0.153084148337419 -0.055101353267247 0.0196627373553122 0.105952091804704
0.16390018918857 0.034016442859311 -0.0174984956715467 0.159077747435793
0.16721782440899 0.14917295637663 -0.128354894431532 0.146073778845917
-0.00758873916151436 0.233869353783181 -0.184501612333462 0.0600870429677648
-0.219358117651087 0.165365830736941 -0.106214138730654 -0.0659976717116873
-0.328007503437978 0.0397624865367645 0.0267019487612028 -0.00989765520178978
-0.244532461949562 -0.0801638632385947 0.1667691464846 -0.0328841567218655
-0.287246692894686 0.00481247595298919 0.17030775297821 0.152447347205911
-0.182009415633599 0.169815275567843 0.266424880253453 0.0809605682500269
0.02980046050685 0.238782595822657 0.230259477771887 -0.0978542575094516
0.154357528912633 0.13304144881135 0.0860078323539414 -0.17475540161128
0.179369803504133 0.0210280619841127 0.000997151387536947 -0.122487984785294
0.144026426680835 -0.0794125106330752 0.00309626418819688 -0.0590527284124848
0.0979426622893324 -0.105753091352811 0.0155161441434458 -0.0253120062481381
0.096400587267723 -0.113269992478879 0.0510599256358194 0.0149383575587423
0.150609295409861 -0.0570121214277136 0.0689603474479564 0.0771236456471407
0.163550583048612 0.0354966949371897 0.0364583872360041 0.150558899483176
0.155516884475227 0.155180105430925 -0.0834542648668148 0.160179942257145
-0.0278742607551672 0.218024330308824 -0.154744497488299 0.0860055105152209
-0.210812073180686 0.12507966107497 -0.0828519992579201 -0.0553472851135406
-0.281691548566404 0.00322978790071406 0.10871077591862 0.00184361890582652
-0.150069704412541 -0.094512418953509 0.261836489078907 0.0226249384088742
-0.21427584284379 -0.0499693293235822 0.201034570315819 0.165920600194833
-0.168523134596797 0.095959536203344 0.243028106184492 0.128419174290669
-0.00605772612726779 0.1889531216121 0.232290705813568 -0.0241098542567461
0.113477280271675 0.119553717720416 0.143187499453925 -0.116558659518243
0.143854043486384 0.0268434845109973 0.072734067911957 -0.118466992255804
0.123589414678091 -0.060342546611171 0.0584417993188753 -0.0865410982381277
0.0871000404429993 -0.0902196670381452 0.0569917356190425 -0.0600584853345098
0.0874575991123567 -0.0977196283143376 0.0921328272642013 -0.0189951626664878
0.13192649956853 -0.0491838218638222 0.113956214427478 0.052405500842407
0.145476116434239 0.0369450026026417 0.0825180407876734 0.143276348202106
0.123194173130122 0.149022117391314 -0.0455084268076429 0.170378606561651
-0.0536353773353812 0.178311467935719 -0.128551293314114 0.102347568578759
-0.18624859282949 0.0676007310177306 -0.0630994956147055 -0.0444378869654517
-0.201175956150256 -0.0383811493703418 0.167972989695983 0.0166494270665605
-0.0332336245993362 -0.0858769227806733 0.319267213022366 0.054242301359043
-0.104714158958357 -0.0727197197509368 0.219389953829521 0.156706291383925
-0.10973335027312 0.0281733870376704 0.223763870998253 0.143917393857487
-0.0157477568551158 0.109344733047429 0.225855180624944 0.0164067790352299
0.065458927433207 0.0768285898688238 0.172573500341143 -0.0850157622660075
0.0871148549646892 0.0183453732477857 0.114394268062303 -0.121424175616587
0.0793473575684852 -0.0388579660539497 0.0910762353092508 -0.111004548097026
0.0587840429198805 -0.0640140519561826 0.0860103798310583 -0.0889515274297382
0.0631486505883061 -0.0726971558090444 0.124832626204998 -0.0502029761059928
0.0968094501812696 -0.0385624311446258 0.154826750675372 0.0315479671533061
0.113261820189447 0.0311721316894284 0.123807434839055 0.141422963846502
0.0743252799387802 0.127807244992808 -0.0202189533627715 0.184245312958077
-0.0771360901563928 0.118672267118601 -0.114306074245052 0.112949621004715
-0.143041017202158 0.00231516698865811 -0.0512676629471541 -0.0324378169421979
-0.096288846343531 -0.0781519138529058 0.199608986808378 0.0374355854086826
-0.0135930933898663 0.0861308681002366 -0.229473639565609 -0.0470577306044417
0.0741211942495099 0.046454722590977 0.0206119250615497 0.100555247782211
0.0675410296524342 -0.0490578310878059 0.164183572663107 -0.0889102696962139
-0.023250935839589 -0.0784879695545972 0.0581029062486396 -0.232201753168276
-0.0555601112266819 -0.0227909544765594 -0.146864262112609 -0.203819149086753
-0.0390418175084088 0.00441936567681103 -0.209255428999445 -0.0563294325387429
-0.039699694651111 0.0172714973414529 -0.165473437489758 0.0523502923884399
-0.0323321532112828 0.0204297997111854 -0.124196382333357 0.0990381348558171
-0.0284646133961449 -0.000894585892463538 -0.110739126109154 0.122668228509503
-0.0146232706950642 -0.0211428974161896 -0.135491308957737 0.124897413682111
-0.00618518266565708 -0.0281584670025562 -0.182301066699786 0.0780739096247206
0.0364876263724105 -0.0324675681556033 -0.222985696641835 -0.0249186478282565
0.0538518978906376 0.0365260749109805 -0.198694309567926 -0.142035721617157
-0.0170508961559691 0.100801736485962 -0.172958038673432 -0.203948513582167
-0.0824623285564528 0.0706144541223186 -0.295672806747983 -0.110189400214274
-0.124453242517344 0.0772169115973606 -0.215537188273795 -0.0834759608588899
-0.0199892100068265 0.0902618325728663 0.0198526429713258 0.10339288105182
0.0431833882025626 0.037839617927983 0.189281841442251 -0.0822367301456807
0.0262827456053199 -0.01063574752959 0.0811031393120464 -0.24970067758971
0.00859828094058398 -0.000753983370391993 -0.142050737332969 -0.229933138375692
0.0225462049708165 -0.00475555632397475 -0.211809807137759 -0.0686582313806447
0.00785011840060702 -0.0197373174321393 -0.168010385442644 0.0463173169166846
0.00737776154112404 -0.0179187093333162 -0.123773693307994 0.0936216102967968
0.0199661176016309 -0.0319992175115452 -0.101792170714066 0.123081835182039
0.0528869270984124 -0.015308131499768 -0.121707464979268 0.133238129496503
0.0451862535009998 0.0183639492447733 -0.173582839371879 0.0997796168213447
0.0515170465439332 0.04773768970497 -0.225124126108705 0.00503267171103791
-0.00394031532087859 0.103617597198143 -0.206325828994752 -0.108807279245041
-0.125232000239271 0.109851665624017 -0.158042571593434 -0.166292246695663
-0.204752068642587 0.0495723057993566 -0.244832224244933 -0.0859912037991648
-0.220580355309548 0.0417028970326937 -0.160254024677384 -0.10336100018755
-0.131592332030156 0.109948265425559 0.0375208958890334 0.114649232540116
-0.00974937686247031 0.124207901970978 0.225679477376447 -0.057960311525319
0.0650298229183942 0.0784849683478309 0.122904426017742 -0.25167644936693
0.0776659234158659 0.0351378043005771 -0.110579976637307 -0.251156278085751
0.0888699589725523 -0.00614983663358458 -0.191187374445625 -0.0895469658644888
0.0604512250035249 -0.051940593471458 -0.149687287177483 0.0270749467612952
0.0457402514532589 -0.0540872878520776 -0.10524663648953 0.0750059964282551
0.0586651657362916 -0.0625770054897164 -0.0749241406398273 0.110795477922527
0.107448809915953 -0.0222957260035826 -0.0853627330916486 0.137978250889003
0.0984223006916176 0.0424415828011576 -0.139047033202096 0.133276347552456
0.0905180396720607 0.107971560902356 -0.214086381358027 0.0598392696614211
-0.0245509481164113 0.170929426686223 -0.217006220938018 -0.0545696841098968
-0.195153048751153 0.136014044330688 -0.144647464185223 -0.128080552837293
-0.292284979225646 0.0438898796271783 -0.165566832900008 -0.0571743522523104
-0.282997896598819 0.00324287322345816 -0.073676629975629 -0.0945776735640766
-0.231425590829739 0.107059822390492 0.0788155778844127 0.128676456194329
-0.0754948423643106 0.191629762749842 0.259175022389216 -0.026863460943669
0.0856693081955039 0.16643832959983 0.165771679564173 -0.234783983543235
0.138620394110405 0.0745052038203488 -0.0647560004711316 -0.252412138485039
0.148179469858645 -0.0057021747161708 -0.14972688561902 -0.102981947864224
0.105406420611489 -0.0790371552365344 -0.110732827292806 0.00500266385181772
0.0740958422702462 -0.0874819368943599 -0.0701218708030688 0.0497411073219513
0.0801734575692493 -0.0948931431507001 -0.0320378764457098 0.0897443853311129
0.141306907457482 -0.0440282927770464 -0.0283170072615773 0.132686836939153
0.145170151086336 0.0395428716558118 -0.0769356185414967 0.162719206551962
0.142506062651321 0.135669962811341 -0.175838296807458 0.122837658603941
-0.0115902553371397 0.221109713085165 -0.212788349465306 0.0149632847301128
-0.218314730104838 0.169207451804806 -0.13348899669332 -0.0931551522615985
-0.331701791747702 0.0558326316374999 -0.0734897936468994 -0.0320927980326704
-0.291499667753644 -0.057942060477497 0.0440241708556252 -0.0658905856058487
-0.295720475299429 0.052214477682867 0.120219462316679 0.149253161760686
-0.153708959143655 0.199893376027098 0.275116800166698 0.0410914213582918
0.0579648444044473 0.228273881458396 0.219333380029037 -0.164441402331167
0.159897510073204 0.119916204717882 0.02323459627217 -0.225842847259666
0.180398119126204 0.0133837156552601 -0.0723631880552339 -0.122153488883667
0.139832852273644 -0.082033851482482 -0.055862418193994 -0.0326846573754169
0.0971965417833652 -0.101198619984292 -0.0290958431286807 0.0103146878358876
0.0964727960285682 -0.109085212183862 0.00844092567624139 0.0548673173701668
0.157418441598747 -0.0519598609421056 0.0199331669709469 0.108703459656393
0.165848174647682 0.041469687022902 -0.0205442567844255 0.164542550347938
0.160284366429157 0.154707008288102 -0.132210015173249 0.151629361590944
-0.0191130170102325 0.234993379725039 -0.189955144476669 0.0549432157040525
-0.226009400573684 0.156895564423808 -0.109427761104076 -0.0770076389390087
-0.326702953726439 0.0320132939637077 0.021878073364689 -0.0193735652104682
-0.242410115016663 -0.0974719109995249 0.160104978422923 -0.0153383064223742
-0.287056842189664 -0.0147595159587109 0.161593790760981 0.168804614297363
-0.192308507794848 0.154690102112776 0.264450165379965 0.102240075206287
0.0155555931162312 0.231709593472814 0.241216696943815 -0.0819554139861249
0.145008519608061 0.13738346523022 0.0980578423498822 -0.171578302284183
0.177567234679234 0.0270178871678729 0.00868463724846349 -0.124383351125728
0.146526118195112 -0.0742742867378957 0.0060736633087425 -0.0642715511254119
0.102935022337261 -0.101826164832888 0.0161957529268333 -0.0269786693311713
0.0995270669803595 -0.109646744683965 0.0526421892340671 0.0173334595738423
0.154293431608126 -0.0550498712288544 0.0693128024030873 0.0808634986427368
0.165696427777539 0.0414944491204103 0.0331235546713269 0.158194665454457
0.149656842123631 0.160804499058219 -0.0889259156618806 0.167527020226032
-0.0378280892172467 0.218511228482961 -0.161820597750902 0.0806082516114755
-0.215754102380893 0.117580456554814 -0.0848842978009411 -0.0648229994630739
-0.278143219383141 -0.0037573701088344 0.10306736878634 -0.00284272153863
-0.145814535975411 -0.108766813067696 0.25218322926776 0.0408575123403456
-0.211049007964512 -0.0653203431617699 0.188852802602224 0.181699648387593
-0.173890275055198 0.0815829197131221 0.235365496686903 0.146693502863275
-0.0161239542665506 0.18165092351275 0.237402633046992 -0.00842569339716095
0.104925491967544 0.121881218610843 0.151382235589692 -0.111482730007332
0.141768167657115 0.0309176895036008 0.0791345534994014 -0.118168559463596
0.125832049629753 -0.0568164182102642 0.0613436928938994 -0.090155350929073
0.0916682394862353 -0.0866887126627935 0.0582449024039431 -0.0605746693949525
0.0902098579240597 -0.0954784081727285 0.0936884348114591 -0.0159464717789929
0.13481735582724 -0.0470542334690211 0.114547024755354 0.0569019947045268
0.146571896173785 0.0425227634679976 0.0792062260191004 0.150431644341108
0.118275403967864 0.153172618013615 -0.0514919079803407 0.177695409840016
-0.0615491504020631 0.178248831074035 -0.135967717091059 0.097045273016926
-0.189341778922792 0.0605885528904191 -0.0641086413401287 -0.0520781704611358
-0.196674684135353 -0.0430806926510853 0.162818017527173 0.0163814906766358
-0.0288258384609765 -0.0927072374382638 0.309525258841869 0.071431998192649
-0.0998405521698363 -0.0817910986969982 0.20609623678036 0.170085881034147
-0.11087467762553 0.0180014600567223 0.213481986357662 0.159510149697521
-0.0220498464601851 0.102741780541034 0.226193732295545 0.0291869104878275
0.0598903760751189 0.0763626270155548 0.177927532618604 -0.0793759202563213
0.0851183474170657 0.0206417350507345 0.119091497823823 -0.118878248006069
0.0814153947384738 -0.0363396514700076 0.0935410363769017 -0.112753101557847
0.0621556247251545 -0.0613974267533573 0.0866656229391716 -0.0881480399104952
0.0653664400240779 -0.070285384872318 0.125983491359868 -0.0470652559611113
0.0996139338808112 -0.0371412471527581 0.154793964531585 0.036369794189286
0.11455699222384 0.0352465621184714 0.119211955033621 0.14894189470765
0.0712314909516721 0.131120314924233 -0.0283846836924063 0.190646988573509
-0.0828322739487269 0.117834640048892 -0.122017870170874 0.107246791625205
-0.14383748029346 -0.00319759586332477 -0.0511303990628615 -0.0397328739173725
-0.0923023075069567 -0.0805906692511844 0.1947355235779 0.0414797792475467
-0.0142310884125574 0.0857457960435922 -0.23208095843067 -0.0481602216291132
0.0756202609888194 0.0475089709213338 0.0218821531388345 0.103541362655013
0.0693653857427019 -0.0500934604524186 0.169100319174447 -0.0895408618829549
-0.0244043961273706 -0.0802530843890139 0.0612769086755609 -0.238336178954434
-0.0571662561435308 -0.0231056545522602 -0.149011125295165 -0.209309709141771
-0.0404019549583544 0.00391104981754912 -0.213865457252676 -0.0581723296815724
-0.0406739184919148 0.0178598762718851 -0.16916740109315 0.0524238852853865
-0.0320094088141037 0.0203462593740805 -0.126200331963415 0.101904423135736
-0.0290517792140738 -0.00115861089174836 -0.112984980178129 0.126603560145869
-0.0145906667188733 -0.0217736534956903 -0.13934046768848 0.127514547383579
-0.006040746302511 -0.0275564041983425 -0.187116649275133 0.0790507058796788
0.0364556223410088 -0.0326356470187895 -0.226682239673924 -0.0263452127051727
0.0540558694514707 0.0372028608427728 -0.200260765938775 -0.148273267577237
-0.0169551368491801 0.102245307945075 -0.175821867678758 -0.211153422823243
-0.0846796485980637 0.0700355853451655 -0.299648262269493 -0.113638901789581
-0.126372635006523 0.0767680934314062 -0.217702581637892 -0.0845195331541897
-0.0199525531926701 0.0923230549163403 0.0212616887381419 0.106837144655303
0.0451169038029325 0.0377142748474562 0.194580173951889 -0.0824812457942034
0.0262674721212503 -0.0108344478094767 0.0847265293749005 -0.255109398981753
0.00821666108464201 -0.00142422656501141 -0.144017967999723 -0.23433762501746
0.0220930241177751 -0.00592169082319412 -0.216963166376469 -0.0711286792674533
0.0078812174341673 -0.0195023622714373 -0.171025697183682 0.0465990441470516
0.00807806036363143 -0.017926716229704 -0.125760604450375 0.0962942196154422
0.0200825339016205 -0.0321511713749974 -0.103883681036426 0.126354479575955
0.0540952181159762 -0.0164402710282194 -0.12458113999678 0.136786745660993
0.0463181708175595 0.0200432199945558 -0.177770913797537 0.101751808871296
0.0517477546285535 0.0486870678322121 -0.229597832849987 0.00437626071205603
-0.00453094656677159 0.1048975564607 -0.208555154611868 -0.114106577852736
-0.127608435436572 0.110754607592776 -0.160411327151375 -0.172451083497697
-0.208711589167328 0.0473672517469549 -0.248142644840019 -0.0898356856473365
-0.223012535874008 0.041089806577171 -0.162539428614952 -0.104826197110752
-0.134125687193178 0.111097440160847 0.0379117681765814 0.118957338258559
-0.00987533726150257 0.125251859374999 0.230541527542519 -0.0573923522298884
0.0656464870076023 0.07875177046203 0.127778248559458 -0.256695366573672
0.0783833230382182 0.0352794797567909 -0.11310653466391 -0.255816307466552
0.0904988286054115 -0.00770136174337724 -0.19520726520294 -0.0920270382552556
0.0612286323872957 -0.0523313609009699 -0.15223708734755 0.0264993434086608
0.0468142754963188 -0.0541536696068851 -0.107455308628898 0.0770634424071033
0.0597020590115653 -0.0635470434641872 -0.0760595207710735 0.113668595612944
0.10974979826644 -0.0238176830682563 -0.0876033704445712 0.141547782783507
0.100676730053204 0.0445157271858284 -0.142300861911647 0.136411699214455
0.0921406266246374 0.109927462353085 -0.218835341379643 0.0599628405699257
-0.0260225794747375 0.173381268011039 -0.219807921128773 -0.0587766349174487
-0.199212732577611 0.137752094483447 -0.147783686579239 -0.133279197278711
-0.29687328806748 0.0419256199043365 -0.168552789531327 -0.0604493008836288
-0.285476315447573 0.00151508010941958 -0.0751959565688202 -0.095401404437038
-0.236220061448657 0.108943524372361 0.0793247784327458 0.133350921191415
-0.0768326945897758 0.193096951060401 0.264137228850627 -0.0247923716893065
0.0863921707599472 0.167889940385131 0.170134486883595 -0.237970590964675
0.141016761431105 0.0742978272008323 -0.0674902687646889 -0.256080126320033
0.151318766069699 -0.00754140800517887 -0.152582105444193 -0.105505832029961
0.107203239656838 -0.0809651381393711 -0.113449656165725 0.00378463949953397
0.0750454114015436 -0.0885364749106967 -0.0721206122644055 0.0510091096459315
0.0812227179591187 -0.0955392227823412 -0.0319952087921542 0.0916598583174509
0.144405680403559 -0.0462691874211414 -0.0300260648996584 0.136379942108249
0.147252213766698 0.0417857879323089 -0.0783093648100455 0.167164695237208
0.144658216932291 0.137514797285585 -0.181251594467554 0.124989019897119
-0.0138518303534898 0.224427068562541 -0.215834868521569 0.0129756039975366
-0.223252203815115 0.171490485249686 -0.136542296972441 -0.0966902410555819
-0.336952473858858 0.0532507597804844 -0.0759034683501177 -0.0350485422939193
-0.293712865486587 -0.0600480829099271 0.0442700684022488 -0.0659476469879702
-0.30175745831436 0.0517460801552314 0.119768954776757 0.154664169445046
-0.156213215218024 0.20181053396472 0.279478715985114 0.0450594859605949
0.0584245258448718 0.230490142407125 0.224275056239367 -0.165801718618798
0.161747413109973 0.120655305315372 0.0217709374400572 -0.229420742099367
0.184738498489084 0.0121059285324918 -0.0742268114391538 -0.12532636693755
0.142013704556085 -0.0841512045107363 -0.0569541202538922 -0.0347796152028811
0.098828891294466 -0.102220612213751 -0.0309869021021351 0.0101860164956967
0.0975646110304081 -0.109700102526482 0.00876702006634897 0.0565314666363222
0.159821547498994 -0.0538749398802362 0.0195684797536535 0.11225465289982
0.168251392460891 0.0428031905205323 -0.0208025951040599 0.169593944184381
0.163582706642284 0.155426596885522 -0.136294882963376 0.154557011593834
-0.0197368692588163 0.238416381817749 -0.192654873711298 0.0542617632456517
-0.230790777796631 0.158885155665838 -0.111942767531895 -0.0804045508652751
-0.331009321165818 0.0284641860213195 0.0208135824939987 -0.0214915098010986
-0.243198464838381 -0.0999927181355148 0.161445140152212 -0.0132664095800817
-0.292597235552781 -0.0164121214416715 0.161254766523592 0.174848016133858
-0.195614152933964 0.155291528054612 0.267228690689396 0.106830853406133
0.0149995782885654 0.234627555240759 0.245839587026649 -0.080843746706634
0.147789816421964 0.139086697475666 0.0988621897962417 -0.174448067175186
0.182319336051689 0.0263751689729693 0.0085588486442331 -0.127671821269676
0.149503323596673 -0.0764826775440605 0.00580329087721617 -0.0673691152699446
0.103902839247043 -0.102914634201506 0.0148040513876423 -0.0279579387583323
0.0996993096540807 -0.110661310615011 0.0533295519522121 0.0182673314197905
0.156760791530505 -0.0557140164905314 0.0699696025808421 0.0839879543856329
0.168835479203998 0.0426085143162133 0.033887211520549 0.162589004403384
0.152845273168964 0.161970539539599 -0.0924511792978241 0.17169147978412
-0.0390592537769103 0.221671184719271 -0.164490640038476 0.0814606086255477
-0.220176961781592 0.117768536472996 -0.087706783301779 -0.0669314439990636
-0.281188478652348 -0.00597219485043102 0.103567866091164 -0.00523303249161276
-0.146222270922614 -0.1109254463223 0.254970664046133 0.0441976930584407
-0.214201041407411 -0.0686118531112676 0.18819593982795 0.18733012898658
-0.176954528008889 0.0814833131165416 0.238375395821295 0.152797066881955
-0.0174367125652222 0.183058877631084 0.24112946831524 -0.00640151118298707
0.107275072107422 0.122449793001603 0.153449095191766 -0.11338421282061
0.14502948136057 0.0303448181313754 0.0808936117662157 -0.120850008518352
0.128167649340689 -0.0579524320014267 0.0614445718569557 -0.0940110667916444
0.0921444298654634 -0.087065472631767 0.0574831780418774 -0.0620088182595155
0.0904282355001517 -0.0957722542365989 0.0951074342689411 -0.0167013450121394
0.136824764064007 -0.0483171989141412 0.115971582596986 0.0594427722745258
0.149108837040224 0.043354753291235 0.0810297533123237 0.155952527059085
0.120602928000323 0.154373095045068 -0.0543616814023412 0.182360533971931
-0.0630048727592782 0.18131454577885 -0.137946316843464 0.0987317954475578
-0.193060572091279 0.0607680770583558 -0.0662077388724426 -0.0538924670047569
-0.199176065771365 -0.0451028609697491 0.164006639908763 0.0142173584192627
-0.0279685354220144 -0.094508351682676 0.312627906898136 0.0750398062033129
-0.101167236050113 -0.0843445902209009 0.205828932067161 0.175851747590936
-0.112710790584129 0.017665019768812 0.216023517817257 0.165860112183758
-0.0227894309826478 0.103811708430153 0.230710006836552 0.0322514908995922
0.0612390592107959 0.0766619176418918 0.181020899274803 -0.081521391877128
0.0873387906528567 0.0202572999446753 0.121630541113053 -0.12224444148165
0.082811254376507 -0.0372662834504715 0.094272491818402 -0.117300045288636
0.0629336742332959 -0.0614880365219299 0.0859726949382597 -0.090502155095233
0.0653518586572851 -0.0702387949808005 0.127507235372486 -0.0481796561466308
0.100181030545514 -0.0376434536618766 0.156841142654601 0.0381309472716579
0.116275699915162 0.0355565969096353 0.12166055221155 0.153371809570704
0.0727485411278969 0.132656465425856 -0.0304502188571523 0.195818014636138
-0.0847324664529011 0.119993205955291 -0.123822181437632 0.108428523948944
-0.146005177246619 -0.00424526151502037 -0.0530527276608606 -0.0407508664380925
-0.0923689071658797 -0.0830146760587038 0.196203885166446 0.0400002908324587
-0.015923019632333 0.0883307554980726 -0.240546624290507 -0.0488312922242637
0.079213678787627 0.0498206230357799 0.0244203758850623 0.109600777621974
0.0718265043608489 -0.0525212071752479 0.178696933430359 -0.094132648441199
-0.02698573363776 -0.0827386204068037 0.0649490567907444 -0.25117198994068
-0.06092224245635 -0.0238699986393065 -0.156719865462179 -0.219148122953329
-0.0434965159618356 0.00432843399060844 -0.226022343945466 -0.0601671463067765
-0.0421432922411082 0.0188782208845087 -0.176546351046678 0.0546936191037132
-0.0329392040882741 0.021757483999095 -0.130381268688674 0.108313069095891
-0.0304892508721558 -0.000821416221566259 -0.116894602107824 0.134551112404582
-0.0160308234113071 -0.0237411316640408 -0.145794733264744 0.13467489758962
-0.00578668773437714 -0.0279650474804258 -0.196049102564942 0.0821235103344822
0.0372948864525492 -0.0343020392678274 -0.236280117882289 -0.0275401625407959
0.0555695246718025 0.0385848904785483 -0.208124267515832 -0.158279722062476
-0.016464505375322 0.107530169036576 -0.182615018568919 -0.222803038602495
-0.0896996239730456 0.0720224772178913 -0.312465882681098 -0.119159944290685
-0.130860977696096 0.0787124142360891 -0.225937506022363 -0.0863391323827354
-0.0207129633308549 0.0963845944053621 0.023736533943643 0.113192073337149
0.0474570845971085 0.0378774589256465 0.204716950780845 -0.0863502188169137
0.0272868158724692 -0.0118597356566557 0.0903463908708252 -0.267931896819758
0.0073904090986588 -0.00134299718141521 -0.152462799463155 -0.244963992979797
0.0220194065974067 -0.00698089854296094 -0.227945770236193 -0.0739847150048345
0.00805686947901737 -0.0203693746243965 -0.178699446470374 0.0484714432549086
0.00853953631459657 -0.017881063767181 -0.130523170999893 0.102460220820924
0.0208181955140327 -0.0334238657485284 -0.107239813455899 0.133756563628982
0.056545334648501 -0.0183370393745447 -0.13086188700404 0.144351913130384
0.0491867041690682 0.022232033434943 -0.186417885610793 0.106758497205556
0.0537251096194318 0.0507074551576292 -0.239787401862119 0.00392398583051488
-0.00533494100036285 0.108650927650512 -0.217054197213257 -0.12207568192844
-0.132337355783216 0.115856379762412 -0.168143886822642 -0.182642812452149
-0.218241113525767 0.0485335022686528 -0.25933705698551 -0.0944774235665054
-0.230595318443398 0.0413591689225901 -0.169756695960883 -0.10743003621988
-0.139642069454658 0.11677356540991 0.0400315917998117 0.126595839432526
-0.00903026543090638 0.129150123897917 0.240920771301549 -0.0589010207422932
0.0684973344588269 0.081307754309776 0.134955000411705 -0.268705792733293
0.0813668911328226 0.0354883663114478 -0.119862671026548 -0.265931833530501
0.0942184007881464 -0.00972472547485907 -0.204963051395448 -0.0957976585382459
0.0634772143819145 -0.0548858222157303 -0.159128020610978 0.0277248848948767
0.049019471784388 -0.0560780107224635 -0.112138069671829 0.0816847694264196
0.0611112626729512 -0.0663568117289893 -0.0782050815163069 0.120491781168342
0.114448283540564 -0.0261056365470997 -0.0912379306786179 0.149292917386101
0.106412385235802 0.0470455136632359 -0.148234903556796 0.143715386434147
0.0959467596271911 0.113798731405842 -0.229834075330204 0.0627783637817574
-0.0276081028437355 0.180931127881442 -0.22883729610505 -0.0639779459471764
-0.207720096925299 0.143409913307592 -0.15546928954173 -0.141908252512102
-0.30961636670114 0.0410507938192962 -0.177087390994158 -0.0641450126202545
-0.295107404203059 0.00110275713239056 -0.0793026499721998 -0.0975499987959317
-0.246202126179023 0.113819854959327 0.0823384427024857 0.142339317427631
-0.0789190725288412 0.199284953870517 0.275932882631985 -0.0239921355368974
0.0900912533756065 0.174010343548818 0.179043969017944 -0.248776243107054
0.146474411554089 0.0760887733697389 -0.0725777412586853 -0.266455669272086
0.157763612487664 -0.0105357868403033 -0.16056630118112 -0.110056802092035
0.111507119894729 -0.085090438239642 -0.118375374006098 0.00328980646403828
0.0773683681081921 -0.0918004597765944 -0.0755084367364797 0.0546681685150509
0.083222056218722 -0.0994311635476873 -0.0329553771367413 0.0972571271327454
0.150333292167958 -0.0495927392374138 -0.0305551252200222 0.144124176593525
0.154947929124848 0.0435956617020118 -0.0810308090049797 0.176260697759741
0.151323912970079 0.142020273813153 -0.190499189394518 0.132045186893859
-0.0136853910322168 0.233408999714119 -0.224613563929434 0.0113681416573417
-0.234003355436353 0.178274813410909 -0.143506815134018 -0.103011177663654
-0.350999285511226 0.0530137428925809 -0.0805302927238298 -0.0384320742392486
-0.303570680494079 -0.0636457864130846 0.0451993580261898 -0.0672089921790013
-0.314280280559861 0.0541051846697207 0.123573892990977 0.163838048469676
-0.162672752161792 0.208257579075194 0.291029073452403 0.0496908748318872
0.0604023387945574 0.239560666960817 0.234914627506099 -0.172092965225183
0.170110912240142 0.123626313090876 0.0209946380013828 -0.238419018383642
0.192995084807193 0.010004143979399 -0.0782390520342201 -0.131217243452566
0.148324125404939 -0.08921027015015 -0.0599293819788947 -0.0372444608168718
0.102241878763214 -0.106476891337394 -0.0339106685037317 0.0119125678212689
0.0995992701832491 -0.113130639380947 0.0100589577591387 0.0591011949154198
0.166807817658957 -0.0577546170410042 0.0212465059707246 0.118641289856007
0.176821341122872 0.0445838595451123 -0.0198379635999525 0.179287503935453
0.171222373439641 0.161022238120019 -0.143518461651516 0.163880720038184
-0.0208808544033317 0.249068272968529 -0.201125975467721 0.0551482012355347
-0.241162884325707 0.165334430609807 -0.118535754444501 -0.0842906518057869
-0.34425127564777 0.028703296140354 0.0205484825298601 -0.0248376911342829
-0.251024506486685 -0.10580886231246 0.166951110750791 -0.0120917410086589
-0.305533533911985 -0.0172846884456762 0.165757514810048 0.184748998752225
-0.203810861206137 0.160439471287118 0.279564999045546 0.114596547651898
0.0163256353252881 0.243470779884786 0.25676299309433 -0.0844407697026074
0.154658803078528 0.143279471901289 0.100421881240297 -0.182078121903675
0.190302780670672 0.024598532542085 0.008565044787905 -0.134050918566727
0.155741372669751 -0.0813518609698085 0.00520381351254038 -0.0726326575340543
0.107771176511522 -0.106911076434436 0.0136571745298538 -0.0295861658460166
0.102765849321382 -0.114997301741464 0.0555370230877175 0.0193728460790105
0.162795554560142 -0.0596360765698731 0.0735400076809506 0.0893812214364395
0.176177026181937 0.0444342382426915 0.0370169682185159 0.172294256692645
0.160349372013038 0.167005619565461 -0.0979202146747964 0.181000871996346
-0.0404111483359072 0.231621982421544 -0.171638461563709 0.0851138923553947
-0.23030615335443 0.123452505668611 -0.0926684814251893 -0.0708981854884334
-0.292471918660796 -0.00807055318375392 0.106214145913774 -0.00805527954941128
-0.15057021812351 -0.116803632916576 0.264452200819103 0.0480506736520358
-0.224146192948483 -0.0717732823035086 0.193826625566539 0.19793734635897
-0.184289043579165 0.0839098473714947 0.247993680335163 0.161970582984077
-0.0184476540100044 0.189534511518347 0.252167415488549 -0.00598175571933488
0.112733817175701 0.126259414702583 0.158686666749281 -0.119236864899325
0.151849893530937 0.0298567368371329 0.0840417270192805 -0.127987979728037
0.133300222576871 -0.0623126728985494 0.0631803917060037 -0.1002680751095
0.0962985965489219 -0.0902865736032711 0.0577346609429229 -0.0654316763938916
0.0924759260585718 -0.0992590117758125 0.0983436340878853 -0.0175818381129921
0.14176967606365 -0.0512357192783863 0.121592230108834 0.0631538250843959
0.156175989186878 0.0447297586456842 0.0860907885115313 0.164324293019235
0.12693895174615 0.159048097943605 -0.0569059947704853 0.192537500045608
-0.0651042742082706 0.189771297809455 -0.144744030490002 0.102075113079382
-0.201694300488243 0.0632524637865605 -0.0702113691341709 -0.0569191903306222
-0.206484616465334 -0.0486721994548678 0.169690004390568 0.0120272329823953
-0.0277684405438636 -0.0991788640464777 0.324851627555814 0.0804183785463804
-0.105831913699358 -0.0884270558937579 0.212120945898938 0.185536802163823
-0.117883059247036 0.0188506804894449 0.225261330437431 0.175103069507896
-0.0242480275085702 0.107745668027212 0.240083644789693 0.0339991978376295
0.0643594067386891 0.0786086625456108 0.188156958828461 -0.0861581726491891
0.0910869665886818 0.019638394705642 0.127100013327765 -0.129511234836923
0.0864737448278525 -0.0398884736267004 0.0962403898363008 -0.124926487479433
0.0647213237720082 -0.0633011898686976 0.0876086654881236 -0.0948345553912561
0.0668701635249863 -0.0723999211584921 0.131872922645296 -0.0499829252343452
0.10363359229005 -0.0399224216472786 0.163794286861429 0.0406255217540612
0.120891213782709 0.0366422172855173 0.127977282494373 0.161473515081924
0.0765826121174441 0.136716612239114 -0.0323328327520206 0.205661524460961
-0.087886251144885 0.125741175339135 -0.130105764934381 0.113631099783158
-0.152142342809687 -0.00458339951893975 -0.0563346484845642 -0.0439179823164597
-0.0952581793438896 -0.0865261526238048 0.203336531969631 0.0378001367618603
-0.0154727966591115 0.092233051428784 -0.255061657099037 -0.04501463465855
0.0861172257907519 0.0512863924490803 0.0302567547575853 0.11621885119073
0.0750115537624333 -0.0582037236805285 0.189026807008336 -0.104740732702696
-0.0310107784397339 -0.086603875879645 0.0636355438311811 -0.271861204152582
-0.0657105795594076 -0.0229816193281958 -0.17288594014555 -0.229676139351286
-0.0471872397937631 0.00641900733161184 -0.242768396365157 -0.0574435151638845
-0.0443964989466226 0.0215988593664291 -0.185408879664784 0.0634814805914252
-0.0334150978651364 0.0240832871908669 -0.133354914793495 0.119626629997774
-0.0317995824230078 0.000158372445230152 -0.119827923793222 0.147393793868398
-0.0174479148764486 -0.0251039575078009 -0.15092980219134 0.149036113599784
-0.00629587132654881 -0.029194710179921 -0.206954737622952 0.0921268560519873
0.0383876081139619 -0.0368728167609444 -0.250861233055373 -0.0248409694446753
0.0598389968167504 0.0394836615253924 -0.224487976499562 -0.165938381848188
-0.0139789024607849 0.114505053118492 -0.199181815896727 -0.234651795477371
-0.0942173210470986 0.0777392586754349 -0.334117110769038 -0.119226799042706
-0.13552488004183 0.0848477715588588 -0.240798290290633 -0.0850003626514626
-0.0185523783536436 0.103783923674276 0.0287542093732084 0.120841655359176
0.0518586398701554 0.0380675984274427 0.216766559001783 -0.0962342159397509
0.0280862614101648 -0.0129032640320187 0.0888298481950714 -0.288381360149081
0.0070076826168063 -0.0016053687061453 -0.168374892370002 -0.256071889752925
0.0224960756467937 -0.00846245473782016 -0.245240307365729 -0.0717210160149035
0.00771525442741726 -0.0216602630007622 -0.18812061503973 0.0563359406909307
0.00875610484083305 -0.0191771207861356 -0.134598298290206 0.113468203318427
0.0208629267545317 -0.036071360581544 -0.109374815775997 0.147074263283549
0.0598321207194308 -0.0220091719385484 -0.135327928916474 0.158243940893443
0.0536469857251655 0.0225581984076795 -0.195879179765973 0.118375805829477
0.0582345357988584 0.0526522897912887 -0.255028342341279 0.00998494022381175
-0.00350364393890708 0.115465258939353 -0.233064653350754 -0.1275191353509
-0.137548258623122 0.125804623046477 -0.183367844407004 -0.192193427164638
-0.230484074045055 0.055417430208068 -0.277177490332891 -0.0948735741659037
-0.241451642435484 0.047701261899064 -0.181911567152608 -0.108111982931081
-0.144392671692219 0.127783951135173 0.0459718188757205 0.135343458794752
-0.00553928774647733 0.135503654342475 0.256371281994295 -0.067506062037724
0.074551901315242 0.0835923637149828 0.137434012485647 -0.29045414848501
0.0862340148298015 0.0350461679246773 -0.136320166496126 -0.279092788802894
0.0989184362135638 -0.0138389353290444 -0.221274444820458 -0.0956559029997235
0.0659863242317777 -0.0603387984988414 -0.167606352614085 0.0337697296284473
0.0504000956934789 -0.060229225442785 -0.116014644708617 0.0910669095050352
0.063245445628332 -0.0715452775897239 -0.0794208402976815 0.130785746284877
0.121157802486792 -0.0322250631796936 -0.092794016178618 0.163020034674736
0.114741544227213 0.0480132003407852 -0.154326173858701 0.157937174557026
0.104453691933644 0.117963463709558 -0.243247811206255 0.0723559217013747
-0.0254096252442256 0.191946053898977 -0.243716449330095 -0.0648583122399464
-0.216916236356999 0.157532606969151 -0.168706083914548 -0.149247031133802
-0.326618333536604 0.0496844912664915 -0.190037123842302 -0.0664383701225436
-0.310550709020138 0.0061654278342437 -0.0864974677449808 -0.0999290799303562
-0.257668317123731 0.126899978572851 0.0902717885182674 0.151105159608865
-0.0780356273903128 0.211101843747068 0.292772206100903 -0.0304918070537516
0.0997000458702304 0.181012130127406 0.185014954007948 -0.268963865783537
0.157269601746075 0.0754498100731904 -0.0853926531731353 -0.279646446644392
0.166882704125019 -0.0171297605328233 -0.174104719967254 -0.112932051398105
0.115948996559029 -0.0939088945761979 -0.125629463263873 0.00673812798400908
0.0802749981171467 -0.0988433428640033 -0.0792158410591192 0.0607738117332765
0.0851863665784447 -0.106919222221108 -0.031832295934211 0.104339987111662
0.158801419658728 -0.0582759889985057 -0.0291211085337732 0.155241579488954
0.166676815111395 0.0427623153749051 -0.0806402735185768 0.191074757821015
0.163969233590915 0.145479731499877 -0.201053369334026 0.145583860285734
-0.00864244791856321 0.247878708009023 -0.238380753044196 0.0164890233192173
-0.243368774929077 0.195423971284224 -0.156084310278747 -0.107359994679573
-0.370598233909047 0.0634415610223158 -0.0879180006500064 -0.0412096426985077
-0.320322736765772 -0.0620319524058302 0.0453084280749192 -0.0703016845830621
-0.332564285409713 0.0651667870364631 0.133462670668124 0.173854233116048
-0.166575238114673 0.222767112441062 0.310356980696437 0.0476043665025046
0.0698169454612402 0.250824562198209 0.246586912147925 -0.189141623392533
0.182752030438159 0.125665954955673 0.0131925903579 -0.252731818853807
0.204943500035252 0.00337029151733615 -0.0873983488134803 -0.137683429953726
0.154490399992128 -0.0999269221465479 -0.0647141319219362 -0.0394893867856813
0.105141667088761 -0.114716171330675 -0.0363210964122109 0.0139557157839606
0.102206584592004 -0.12252051918524 0.012031635582649 0.0625268601473974
0.175113492081055 -0.0670620547739098 0.0257249003894821 0.1272877555161
0.189649164677389 0.0432715776967054 -0.0161771070862871 0.19224182171358
0.186666904818583 0.164610971631768 -0.15028614155121 0.179093742791417
-0.015519493373715 0.264077889729066 -0.212238275951102 0.0631875045390358
-0.252656750609016 0.181683422830593 -0.12837151945102 -0.0881617465501739
-0.363418125864798 0.0360848433917225 0.0191872912081355 -0.0294701161234169
-0.266553113028478 -0.107512559340922 0.175140470811383 -0.0148352332507563
-0.325121073039522 -0.0111291431875867 0.177776472153861 0.194398005716626
-0.211904822815703 0.173225167365104 0.298341492467678 0.117323290769546
0.0223385830443596 0.256355280654565 0.271269087458331 -0.0952967761227426
0.167924836391618 0.145775126905822 0.0999868335740878 -0.194825420795596
0.20280883676737 0.0185295403037471 0.00514927922671029 -0.143509759335837
0.162256098536392 -0.092126620143532 0.00294801064300068 -0.0787059572745131
0.110309793974319 -0.115686281934465 0.0121884506539702 -0.0305847175635739
0.104834254204375 -0.123838884120874 0.0594440961406422 0.0195454311702514
0.170230191018644 -0.0686451958821489 0.0808821609609613 0.0940120138277953
0.189156557227531 0.0425492519387675 0.0445474186191724 0.183041077163217
0.174433554828857 0.170277527580872 -0.100234236319267 0.196861457925284
-0.0359236599899132 0.246310532608332 -0.180362503136937 0.0931258911609923
-0.241178220816268 0.136864753758091 -0.100597201228146 -0.0742748197635362
-0.30917974920527 -0.00304008002224014 0.11101050690733 -0.014481105200238
-0.16045073045759 -0.121500440603018 0.279867656781731 0.0464136033921179
-0.240374361371362 -0.0705189153790919 0.207644076241404 0.207035195853573
-0.193802730045248 0.0927615191690271 0.266249718747646 0.168967648158843
-0.0151714358319397 0.201088063195364 0.267169243076371 -0.0118832909874787
0.123766676245418 0.129828174800415 0.162934767276236 -0.129692189590165
0.161415396718558 0.025621356710726 0.0853514143876218 -0.139419561863447
0.138875307023078 -0.0706995488487121 0.0635149735452829 -0.111001397060322
0.0988216485800977 -0.0982917771234521 0.0579682626594927 -0.0710748041220794
0.0947877726249 -0.106800642854524 0.10303374261705 -0.0208633655695037
0.147900157859879 -0.0581041304105293 0.131049510742388 0.0642825933854214
0.166584882079222 0.0431112165916642 0.0965526410923502 0.173188561303712
0.13919848746779 0.163771537634648 -0.056435275278603 0.20842902131553
-0.0637993584907728 0.202116929997382 -0.150876902194854 0.11307458044734
-0.212100748849226 0.0723353340099684 -0.0771268099777866 -0.0603994718480487
-0.218583828346674 -0.0477650825772238 0.177864867465392 0.00479195281450406
-0.0308892248076515 -0.10542121737819 0.344864804158927 0.0788919118447458
-0.114038171907011 -0.0923566514324953 0.227022480410549 0.193561490339633
-0.124785756601484 0.0224716395372791 0.243156462787619 0.183126413755092
-0.0232111403936408 0.114171020769858 0.25602044254938 0.0321330368300123
0.0708164755522316 0.0809146880704559 0.19564680372912 -0.0963409186766019
0.0968297622649485 0.0178215576637639 0.130964153222259 -0.142773847760578
0.0896243338547581 -0.0457124745992165 0.097385453739283 -0.138213579636835
0.0672439128928941 -0.0692333231155222 0.0881646946317448 -0.103539374852185
0.0686709025991889 -0.0779633723805729 0.137329071402981 -0.0564135877304201
0.107861913825397 -0.044850649087827 0.175425177241344 0.0385267944625036
0.128888754782578 0.0349286076490445 0.14077066097897 0.169052558769686
0.084600367559627 0.14250759291619 -0.029152126075554 0.221906250597472
-0.089845291230334 0.135568695495236 -0.135210851628832 0.125001657426338
-0.161399146816058 -0.00134383616752912 -0.0621362887166961 -0.0460276582174782
-0.101847449905384 -0.0901334073488613 0.213758088557747 0.0324410303406138
-0.0123672917635644 0.0965014702313965 -0.270105313799236 -0.0322889797781697
0.0941631499382762 0.0492464274746375 0.039672592181645 0.122113003456899
0.0753109995293152 -0.0663856425567204 0.194712719430883 -0.122989811055036
-0.0379187402641844 -0.0884448108010227 0.0517220629583149 -0.29290659807251
-0.0711612534125037 -0.0191774052666348 -0.195798290601941 -0.232450669384071
-0.0502844862340066 0.0101063196971519 -0.260496214651495 -0.0455768193906049
-0.0455712948733193 0.0265764267462802 -0.191978935151785 0.0787398981868086
-0.0334559956728687 0.0278003064249854 -0.131914680673728 0.134435002289608
-0.0340350561649473 0.00175874876013683 -0.11575792846294 0.164181097696144
-0.0204407628890321 -0.0253128149041229 -0.15091473846991 0.167543479390411
-0.00774453136329043 -0.0299563761154648 -0.214679063752988 0.108538183835278
0.0378627559162091 -0.0415314489385264 -0.265454495922963 -0.0129967370857694
0.0642680244853754 0.0383155208849425 -0.245965388258202 -0.166982813365862
-0.00736813978979715 0.121575142450758 -0.223315876278911 -0.239137723548917
-0.0961119395671503 0.0870416892164972 -0.357001422188055 -0.108190138072321
-0.138451969342765 0.0946374240095121 -0.257475081587987 -0.0747570242693438
-0.0131209687877689 0.110264844151453 0.0384270943380729 0.127325920221097
0.0565711958253314 0.0355292813753536 0.224522643211165 -0.114976629205108
0.0286891781751051 -0.0156196635023783 0.0782842096028436 -0.312217384572342
0.0070863398816893 -0.00198592496905083 -0.192869881619209 -0.260238577749457
0.0217181141810405 -0.0100586670553111 -0.264264370208823 -0.0606892474586708
0.00670719296673959 -0.0230236678476803 -0.194635082438475 0.0700722848166989
0.0087784495317284 -0.0202834049048457 -0.13349974235357 0.128724844349111
0.0199010994234596 -0.0392131571349178 -0.105466014224773 0.162099900136211
0.0605757011519387 -0.0275164161395705 -0.133540780985096 0.176692329383828
0.0587379779937288 0.0214056644522174 -0.200754583911508 0.136332550710822
0.0634954956863517 0.0516847861982447 -0.268778981366572 0.0247843492807463
0.00240775468080135 0.121531508508697 -0.252718159323113 -0.124919045320315
-0.137779691978731 0.140961137649335 -0.204108440951536 -0.195401720929637
-0.240026036825752 0.0707874124772054 -0.297263665914663 -0.0856194593193085
-0.250080398252125 0.061336463944061 -0.196977978984488 -0.101994488891939
-0.144804854096987 0.143260656588747 0.056314653123815 0.142286071965735
0.0026774872331795 0.141048899539799 0.268497095683552 -0.0856168255999404
0.0829325630870417 0.0833657788279299 0.129340238174656 -0.315500911715379
0.0925033655870581 0.0317123055453972 -0.159742820063622 -0.285567263149601
0.102362209378171 -0.0213574735655313 -0.239690097739193 -0.0881877183734183
0.0659945334298187 -0.0676288950927355 -0.174063021547038 0.0448206350317541
0.0490333184080285 -0.0660942891414938 -0.116187525863636 0.103980613131316
0.061751022230303 -0.0784451398995243 -0.0745861004084396 0.143671454396505
0.125744663955469 -0.0420858570733769 -0.0886808226393411 0.179101495068636
0.124839524570476 0.0442298331714575 -0.154584396917616 0.175924798744601
0.116739349666986 0.117409234459679 -0.253629212333622 0.0910407778036773
-0.01625275704829 0.202794000058173 -0.261134846435751 -0.0565321580922411
-0.220372827305491 0.177856216241559 -0.187645666984551 -0.150226753059971
-0.341207911016518 0.0695860802642625 -0.204376734057019 -0.0606260678973175
-0.324136030076436 0.0207137888543838 -0.0961851179908375 -0.0985106852320546
-0.264261807697441 0.149457263945822 0.102910390089573 0.156944959560326
-0.0707383771659467 0.224657430040976 0.308835482965259 -0.0478889957648656
0.114819689141674 0.183161624554419 0.180628762427226 -0.295127701513718
0.169202176997352 0.0698836382880769 -0.108004682522649 -0.287582232930938
0.17342793527113 -0.0293924158473789 -0.190530554960068 -0.108735393958924
0.115571405877227 -0.106778527900489 -0.13160476933085 0.0137000026911817
0.0780481600373015 -0.108015983569141 -0.0796864757538461 0.0703820852879922
0.082562981756761 -0.116664297842667 -0.0259629162045327 0.113063059851152
0.163095827228752 -0.071896668259131 -0.0212461430709069 0.166974355141466
0.179180353077163 0.0360182778914574 -0.0748046061973568 0.206537657334765
0.181496242689786 0.141828016056678 -0.203689635022849 0.166348840611162
0.00454852855919125 0.2612770613564 -0.251429517495025 0.0287832778227794
-0.246083024459247 0.219258749192255 -0.171863966205037 -0.106383912044141
-0.38570397878385 0.0854021590855755 -0.0957728829166529 -0.0404807167939133
-0.338156579003251 -0.050979321702387 0.0437873972615335 -0.0743765714900506
-0.346846400474548 0.0888014956316595 0.148663871550366 0.178612417901212
-0.163298064902399 0.241849581946944 0.330893178752864 0.0345252437494772
0.0870990342165813 0.259364990727374 0.249752036281977 -0.212921782259035
0.199257790469659 0.120673398163785 -0.00293093107319585 -0.264993518056146
0.215895991845387 -0.0110226564333922 -0.100694148072325 -0.139960451861289
0.155736112224753 -0.115703094349987 -0.0713987333997995 -0.0387299673054375
0.10328606344857 -0.127399206880366 -0.0386658503243269 0.0183860763808284
0.0995993890149683 -0.133650326385188 0.0176464750669092 0.0662464949992024
0.179640221720146 -0.0815082136599154 0.034837423807709 0.134211657059356
0.203520426600968 0.0347949369411247 -0.00455476534142969 0.204673698963044
0.2055639066919 0.159592068095358 -0.149987512876545 0.199731395782853
-0.00110496545412873 0.278657494096808 -0.219987204344861 0.0779436961858622
-0.256824660711169 0.206049244468693 -0.141540421410958 -0.0874631673789406
-0.379944057055999 0.0562890700767273 0.0167677864338538 -0.0344954280776984
-0.284363735118165 -0.100880144752093 0.18361896449006 -0.0229548857132684
-0.343521604879731 0.00671450426500881 0.195932632913211 0.196671353023968
-0.21402083044778 0.19256519199818 0.32103339399897 0.109977261847116
0.0378837091030615 0.267473825498609 0.280698024553999 -0.114771692993383
0.185081714877353 0.14285915858937 0.0915424349784154 -0.208716023164023
0.214405105926023 0.00578778489292857 -0.0032850718470875 -0.151551520726894
0.163588989569588 -0.108214948892388 -0.00312185836777427 -0.0848868851269087
0.109335602030274 -0.128360414059148 0.00953397131367559 -0.0328013047422396
0.102488104617107 -0.134905526822604 0.0636928752935397 0.0167605383085695
0.174771344327996 -0.0831992968457051 0.091498758023263 0.09578644174324
0.202498794002828 0.033236152465948 0.0586994840595305 0.19206175798424
0.193928477792319 0.167958724527049 -0.0955626365770461 0.215201092084435
-0.0237755897484198 0.261732009999789 -0.184032228783212 0.108955096730793
-0.24724176757626 0.158378564368845 -0.111863337295617 -0.0738920777184233
-0.324589246502498 0.0138975756859819 0.113284557213212 -0.0247465732812083
-0.174490940785911 -0.121948460005905 0.296756594179074 0.0363985725262166
-0.257622576391304 -0.0616421797578193 0.226916811246992 0.208703084669122
-0.198966452178858 0.107182705781447 0.290272694819603 0.165260491057341
-0.00515652682331007 0.212609303678655 0.281299385251767 -0.0259883387086395
0.138043416442752 0.128261761362534 0.16167323280842 -0.144547689869664
0.171222198943206 0.0155482333389601 0.0814430224994487 -0.152794049858124
0.140625927642677 -0.0848553365382172 0.0582755689885593 -0.121949115830272
0.0970769711283425 -0.108832188735979 0.0543006664758672 -0.0779599897802751
0.0922342099209337 -0.116951722787596 0.106882391686612 -0.0277246847320777
0.151470219838869 -0.070472280527439 0.141881192676209 0.0617706374371971
0.178485769174607 0.0350946389124343 0.113741952265141 0.177946447100876
0.156585906325481 0.162245206004385 -0.0487905969181456 0.225529095591573
-0.0553933147704256 0.216475745554633 -0.152994409475935 0.127903738546618
-0.219829878217831 0.0880779001328752 -0.0861043074095249 -0.06022459877703
-0.231690293871611 -0.0394311514208422 0.185085741444078 -0.00811453096209022
-0.0375291285820477 -0.110553573560178 0.366841560815366 0.0657367288602498
-0.125915233297246 -0.0908168916210358 0.246267136346807 0.193918716687024
-0.130138872420972 0.0298890377997445 0.26606349430794 0.1816197536507
-0.0184376886843527 0.121232216698638 0.271616959403542 0.0210356578250326
0.0791902031117 0.079122636438924 0.199420841459113 -0.111642910700551
0.10270776423384 0.0124328379959228 0.129063296591326 -0.160259875085954
0.0909216534397395 -0.0544056968460896 0.0919511553057304 -0.153046896974937
0.0659217493951694 -0.0763192128469538 0.0845012322692754 -0.114355894345646
0.0670195433489352 -0.0854522984859224 0.138982342018227 -0.0671355860091783
0.109967839426961 -0.053270318207826 0.186761055559169 0.031549517081151
0.136935503059114 0.0282211675041411 0.15904463826655 0.172311694148061
0.0984825545109565 0.1431604640007 -0.0187060114531125 0.237638421822607
-0.0869439140166407 0.148418621021737 -0.135955681597404 0.139699413401852
-0.169747797669178 0.00708213597666715 -0.0696851448576498 -0.0465438333145422
-0.111259741029803 -0.0908818139434177 0.224257100181844 0.0185679452759287
-0.0543655477864309 0.0860567708897945 -0.235508499983032 -0.149965704430259
0.0680585064857671 0.0854509989476723 -0.0183614343787088 0.130173641364212
0.0958428638612845 -0.0308812759185794 0.233976602946755 -0.0291039454853086
-0.000582231282147187 -0.0958883849467141 0.175799259491289 -0.253051685958946
-0.0594669682461794 -0.0447917813836711 -0.0822360451321662 -0.300565161173296
-0.0531907738619141 -0.00949753768504413 -0.222272371982029 -0.156325768665738
-0.0558982704405761 0.00728314193740105 -0.211538246312404 -0.0120171387954967
-0.0434238970919693 0.0130883686280109 -0.177531994689363 0.069129966013796
-0.0322045379485445 -0.0115664307065976 -0.177384369394213 0.10474309948302
-0.00884810574580466 -0.0305171523695909 -0.210757479941365 0.0915876051555177
0.0052740204229124 -0.0295069049769753 -0.246367264485432 0.00665541172806082
0.0480386029921557 -0.0208022933199987 -0.236555125907802 -0.131411364136134
0.0392613608923184 0.0626157033021782 -0.152346745180154 -0.268464918117432
-0.0623524533813598 0.107058256290292 -0.100318802032401 -0.331426423838265
-0.128348964738832 0.0396611268161551 -0.279638531432461 -0.273524750497424
-0.170554461306173 0.0274741521500962 -0.205420717881736 -0.180634662433021
-0.0603475030763597 0.0967475153728458 -0.0181452986573825 0.134448925087034
0.0340221011522028 0.0558829494971526 0.260978225304052 -0.0102541310907656
0.0295078391587246 -0.000181605543867522 0.212408993967457 -0.260747580619546
0.00414108632247281 0.00604928633374676 -0.0671483087348429 -0.328346232954936
0.0236721445123478 0.00204007546015933 -0.218989938895468 -0.175058192450319
0.0140959613759217 -0.0167179371764555 -0.210875943221574 -0.0208829039317094
0.0169054344265385 -0.0133780065771428 -0.177408938727002 0.0631126031393811
0.0354522397353363 -0.0264356777190846 -0.166008737547872 0.107183686580998
0.0695813594737485 0.000920543942388425 -0.19905151119582 0.108834297381381
0.0462683917206608 0.0474908782275479 -0.246475038234337 0.0411908916999711
0.0319163617290176 0.0769826883531202 -0.259593553021726 -0.0954606271084788
-0.0556726134547787 0.112021746177126 -0.179901897257076 -0.232548733393627
-0.191753318918948 0.0678733221832499 -0.102185335300739 -0.285257000063082
-0.254784936126524 -0.0385316924303286 -0.233389231805043 -0.22738216771107
-0.259245194655779 -0.0539920935524327 -0.138326176701325 -0.175451872995247
-0.198158925565807 0.0688006682080081 -0.00373656788601344 0.158880871333146
-0.0636448830236417 0.129332166712322 0.291827076348207 0.0372807166018766
0.0357105995091452 0.1139490532353 0.263681022930855 -0.242696715392049
0.0684453582185873 0.0736736459508062 -0.0229799812552933 -0.340755486213394
0.103452200102444 0.0254133100744453 -0.185898026831778 -0.19216697668073
0.0892306085803838 -0.0338009182972658 -0.181426071809246 -0.0365758231706175
0.0760588427246584 -0.0391737407140475 -0.151263488030276 0.046973194043068
0.090674875302917 -0.0459325290192226 -0.130325269825235 0.103123366625977
0.135873181266177 0.0137173098528022 -0.158153242009785 0.130311348194715
0.0984741360951645 0.0978564731475461 -0.219949783566058 0.100811900481858
0.053545645749717 0.160703383977338 -0.275696686140028 -0.0238310700760325
-0.109335824593113 0.179983122644813 -0.222016436606334 -0.17220212168922
-0.285416742388705 0.0671119101504081 -0.107780868265089 -0.237624979831669
-0.347973413958642 -0.0840827586042982 -0.158426310819001 -0.161370912303091
-0.310681698151867 -0.126787287050533 -0.0471325636733528 -0.125385526699444
-0.312944777089985 0.0211815273275138 0.0346015556791884 0.196345176579371
-0.169336209796012 0.175299178706797 0.31614500181738 0.0928050583855751
0.022285900366502 0.218944619238473 0.305049070923215 -0.200071587697818
0.122504447747084 0.142265230976025 0.0285025389556237 -0.322430485256048
0.173196444714096 0.0484176085896465 -0.130600746120286 -0.190339609817311
0.152518493562006 -0.0500028527669726 -0.128586817373196 -0.048345114058944
0.12153435300249 -0.0666096961080961 -0.103358794709554 0.0308631912671529
0.127039389939615 -0.0724576529828811 -0.0716003813777705 0.0950067400620286
0.184172217842871 0.00184501753896049 -0.0896813402055507 0.148416408753184
0.15380812321608 0.113063237910651 -0.157195595439126 0.166006450389606
0.104009335073835 0.211657449130853 -0.263535424863076 0.0714232765682379
-0.115509094549978 0.243460449678493 -0.252038100201663 -0.0853287888401935
-0.328591479507918 0.0943758600387003 -0.114326659714187 -0.190076826561458
-0.396461880432922 -0.0899749700045176 -0.067072699211345 -0.0917246940920959
-0.29230078329394 -0.201221888996754 0.0719987278207232 -0.0398515543007088
-0.364011851642613 -0.0739417329240293 0.0679261907982849 0.238915737831851
-0.263459381440872 0.148927127173974 0.300862345961392 0.180452981661409
-0.0359552643323927 0.276150978833118 0.335568179697054 -0.0920703336887459
0.127591704701944 0.200295274575588 0.119125054825084 -0.256872377378789
0.205169842016974 0.0823641325366302 -0.0333187965925308 -0.181023695858932
0.194543136484794 -0.0425219957226549 -0.0495724907755948 -0.0704920813043914
0.152613283732078 -0.0738066370052267 -0.044163786601591 0.000234415318101999
0.148746416072164 -0.081524629623734 -0.0113523341985791 0.0704773964248092
0.203634017193016 -0.0010224806820818 -0.0229982985435394 0.14311019506257
0.177529708637925 0.121587810192378 -0.0922316656422669 0.195374388973808
0.120290009851083 0.238365586459423 -0.227828134655397 0.128824536009625
-0.128189595183045 0.258514528415473 -0.246113256334426 -0.0245299009488246
-0.331631512379251 0.0784710950641566 -0.0947515504746184 -0.157622692609025
-0.3782485693388 -0.113531300090056 0.034206638349265 -0.0325808929321444
-0.221129132135445 -0.225706382844505 0.178843475189635 0.0699006595510497
-0.326907816547571 -0.148543485613321 0.101497727862272 0.278748610525976
-0.288924416927699 0.0794771690422935 0.2575814600202 0.249055719580864
-0.085524576352037 0.261635602877041 0.321130557420817 0.0167286600518983
0.104927280096358 0.213269910431234 0.182208113680478 -0.160835685880453
0.196516560249039 0.0968546320899803 0.0627208551872347 -0.149110802697485
0.199928669894876 -0.0328223031769221 0.0340024945959372 -0.0844154376979325
0.159221809241793 -0.0728408755260118 0.0209967962986298 -0.0273190487746201
0.152513725320471 -0.0817904599646655 0.051758394521111 0.0438599239062016
0.198513524883637 -0.00409393154704717 0.045646394498397 0.131183468013673
0.176527059483923 0.119186469026974 -0.026880045019168 0.211141854222282
0.108131315758685 0.240407233930095 -0.184872002775713 0.168227811689166
-0.140506937090997 0.232797041752312 -0.227052342550583 0.0205034494904876
-0.300384394691688 0.0384874188302645 -0.0723178627866988 -0.130572923396503
-0.306756703644755 -0.130188192654318 0.119669342673648 0.0232639105570424
-0.109378551753038 -0.196087900951757 0.258271194451006 0.173484037345258
-0.215495195646714 -0.175916814627037 0.121648609466257 0.304049673085941
-0.235716669497028 0.00601488815914186 0.201404626261791 0.288963162753368
-0.100146767171553 0.190398813652985 0.279901196647408 0.101838541807209
0.0686625415072828 0.176910855704371 0.219606051533028 -0.0676798755883339
0.151920936568895 0.0871005904959935 0.14330758903423 -0.111598288297991
0.168385847216861 -0.0215278908765364 0.106228385301484 -0.0918330418153294
0.138955714315634 -0.060405792369168 0.0816454582217622 -0.0504582812639826
0.135266568733014 -0.0698697768961643 0.110629262374775 0.0215867013290009
0.171628644131437 -0.00277390470548608 0.105675245978153 0.119892385937476
0.153432482055127 0.109918722965516 0.0301915138076182 0.22127187080806
0.0761372326337484 0.219116056167481 -0.147560968687223 0.196402365779085
-0.149520142536374 0.177357480105722 -0.205900526248857 0.0514411978905656
-0.243209169914221 -0.0156967524864995 -0.0531880644184598 -0.104750965226754
-0.196625500552479 -0.13910320489766 0.176612864526467 0.0739479350351222
0.0133017288349994 -0.126021424984443 0.309476191009075 0.228386633960695
-0.0791717508965637 -0.146156890595673 0.14181986668234 0.29583041868591
-0.136901331576858 -0.0343404217283957 0.167689810865726 0.293139895270911
-0.0717338276303239 0.100762531820395 0.247711241642519 0.141186363521393
0.0362724052868302 0.106300278452644 0.237667676671628 -0.0187129916331108
0.0897492696174177 0.0537374851299463 0.190850048663383 -0.0952048462441535
0.108398725705766 -0.0141082709569623 0.151403012666121 -0.104177802600659
0.0952890556662508 -0.0438032697278221 0.124267187126565 -0.0715907475351955
0.0984570528861159 -0.0511462209233368 0.15662581172178 -0.00234692928499432
0.125584797521307 -0.00431260790616137 0.159499530083521 0.111040498166022
0.117533492632555 0.0853644314635707 0.0746214394874958 0.234403246587106
0.0313405855307678 0.176826406379773 -0.125679205535726 0.21891941512374
-0.148559596182976 0.100736516417359 -0.194574169466828 0.0682434263707179
-0.161850775063212 -0.0690587364050906 -0.0433137138883455 -0.0820122055481952
-0.0620310455409523 -0.133856276601798 0.20082077282163 0.119727396342505
-0.0515390558427919 0.0880998113700603 -0.245375236505492 -0.135732115386342
0.0739592120723766 0.0823704667745523 -0.0102182517839084 0.132529348530455
0.0934208594262983 -0.0371096841471841 0.233604922862695 -0.0452395969976932
-0.0069839259865985 -0.0963860461824534 0.160882699542384 -0.268017199885863
-0.0634926334468456 -0.0401667119227646 -0.101497270354544 -0.297846385689174
-0.0551478135942096 -0.00468196271679431 -0.234292058230038 -0.142270055542106
-0.0560184092420982 0.0126741246219821 -0.212751088352509 0.00209464146764843
-0.0424568065219237 0.0167811151302352 -0.172676124037795 0.0820441078213481
-0.0332359803828114 -0.00910043993533556 -0.170358064930419 0.118169801459421
-0.0110020894087369 -0.0307327249752048 -0.206816281262769 0.106901747580633
0.00300830254927134 -0.0297675384109722 -0.248748941301969 0.022005645253156
0.045700510041278 -0.0236767817177512 -0.245471392822643 -0.118293267856809
0.0431325424962323 0.0609409833115326 -0.167796489586239 -0.263647808931162
-0.0548332695704709 0.112883369715763 -0.120357987272396 -0.328391555379658
-0.127410605616242 0.0473211238796844 -0.296682861590696 -0.257334337117122
-0.170269271372864 0.0361959091011756 -0.217458977015693 -0.168264023291785
-0.0540522268865109 0.100878824438338 -0.0103845432579934 0.1380636081227
0.0368653018310779 0.0531680708913523 0.262217232712624 -0.0271162426023286
0.0293897023696492 -0.00276278590892903 0.197072500089487 -0.278240981825981
0.00441296854377737 0.00585413827208443 -0.0882728197916405 -0.325835658667424
0.0226727719973953 0.00097979849247018 -0.232951456533916 -0.161208486907424
0.0124174825093238 -0.0169595720021582 -0.21278097925802 -0.00801961622891603
0.0162298668228261 -0.0138570874717975 -0.172713611428759 0.0753029220505512
0.0333551537043886 -0.0285431504354931 -0.158599135118643 0.119569834319043
0.0695738222975906 -0.00376340790930998 -0.193631802794519 0.123260547783951
0.0498366031924229 0.0459350790653241 -0.246663166106305 0.0575647761099065
0.0363513374545375 0.0751637585604722 -0.266388470537868 -0.0801787886621621
-0.0497083223871049 0.116316446638929 -0.193655828024438 -0.226391960996954
-0.18848109618061 0.0812892520256634 -0.119476669309195 -0.282991216125804
-0.257652691914928 -0.0234128476263994 -0.247870317974954 -0.214673586190853
-0.263163310334437 -0.0408458160872408 -0.148826905559847 -0.166899898864736
-0.194245076711775 0.0822033038935602 0.00456470125145952 0.161955496580967
-0.0560269569188914 0.132108838490632 0.295681546085067 0.0192515861554258
0.043973447051356 0.110614916573681 0.25037880092002 -0.26108228499841
0.0728459479679352 0.0698668736864262 -0.0463332865356362 -0.339769284102507
0.104677364438706 0.0181492884916205 -0.199805942436625 -0.180171450987871
0.0856869019554812 -0.0402266933511206 -0.184081703462687 -0.0256578077556456
0.0727083562707706 -0.0429909698722023 -0.147925415972883 0.0579092180334585
0.0878123983707201 -0.0514325064096112 -0.122635753544097 0.113338048924188
0.137440384735886 0.00426359456546135 -0.150466771254533 0.144045333120666
0.105656710970644 0.0928460704347626 -0.21569197231923 0.115879689852111
0.0640662991347214 0.157400674881241 -0.280655592284924 -0.00602094391780091
-0.0995462515807324 0.187924370874249 -0.231346337890815 -0.162080428301837
-0.283216459293201 0.0860034708397846 -0.122587127341597 -0.234365569997196
-0.35330483087577 -0.0643427265428142 -0.169484027371418 -0.154332209300813
-0.318050612935602 -0.110806362307709 -0.055179508266035 -0.120690043331936
-0.312833100825892 0.0416521391038135 0.0446743244494364 0.197116519046383
-0.159088840371616 0.183631329385672 0.322797052130073 0.0741576940075022
0.036811959535248 0.216706638825675 0.294839459890599 -0.220569339630499
0.131404237995312 0.133995626425845 0.0064304521166578 -0.323476297539136
0.176582399554404 0.0355536665155838 -0.1445779140554 -0.182906042215739
0.148343569835179 -0.0611418427874295 -0.131853071027684 -0.0410183435977941
0.116308718183225 -0.0743481676855537 -0.101500491115868 0.0388599066861334
0.121398901330014 -0.0806414154728222 -0.0644584587240656 0.100599539553288
0.184414706411684 -0.0117213690635139 -0.0799689505480692 0.157755934166404
0.162946921128244 0.104336850481313 -0.148329103321931 0.178278836700844
0.117605766826546 0.203566845480762 -0.262225024477379 0.0902223285764536
-0.100952754785977 0.252366383190943 -0.25704864768489 -0.0722371546019741
-0.324277001215943 0.116234663991099 -0.127189494912596 -0.185814546474217
-0.402649907798971 -0.0663571422566863 -0.0735221930569198 -0.0916089620961884
-0.304584006963757 -0.186607355351369 0.0690809972227539 -0.0420512987110348
-0.371333723508885 -0.0502930592411245 0.0793743170595112 0.237580465045766
-0.255380162676228 0.164224285883434 0.31269012134141 0.164745681280197
-0.0179189136687893 0.277548771318635 0.331691494545877 -0.112059767701601
0.141563733609152 0.192042104866682 0.100808605086664 -0.261626906154444
0.21034791222874 0.0673795697372579 -0.0451748781403565 -0.179135596252803
0.191271659645941 -0.0575035262008136 -0.0539230956154321 -0.0687587427892282
0.147342769703488 -0.0834496473846428 -0.0443901986588515 0.00417463192972829
0.143690246143743 -0.091023990741325 -0.00602870454382236 0.0721670064884233
0.203432300098559 -0.0155791752918289 -0.0146284870312945 0.146981492783731
0.187151856509818 0.110603166849553 -0.0796441297857712 0.20388271351721
0.136639048747241 0.229428949363252 -0.222274045233017 0.145518463395496
-0.112281598539751 0.26786667006072 -0.247593439544811 -0.0110458991336112
-0.329097128089806 0.0994455641526932 -0.105585397288762 -0.154650273455516
-0.385634453813564 -0.0913885120959149 0.0313768914641778 -0.0389612964192339
-0.233271143445007 -0.21497258971012 0.182768642711461 0.0608389704499574
-0.337517521222377 -0.129236012654494 0.114825911723687 0.275192864854143
-0.284737161022419 0.0960467312213572 0.273149923380975 0.236839090000663
-0.0685820220793029 0.266352276042157 0.323681842661417 -0.00248396582696669
0.119968168258049 0.206079953265294 0.170957792155361 -0.170230980527982
0.203030526887027 0.0822411854088524 0.0539882457101489 -0.153697485555124
0.195981409808171 -0.048062259389007 0.0280113799390636 -0.0877501397027565
0.153214471710389 -0.0839794018275328 0.018479355047614 -0.0281702111766857
0.146239449199905 -0.0923497486288072 0.0551107619163231 0.0422304559707834
0.198025916423921 -0.0184001287021092 0.0533077679209399 0.130073634751863
0.186092747098755 0.108560174325682 -0.0129556247630308 0.215375389220821
0.124545968757985 0.231917487169322 -0.177879012844791 0.18343165791455
-0.126538468362592 0.242533941257426 -0.225564503670453 0.0345073720094179
-0.300282674862638 0.0571532532755903 -0.0822264679835741 -0.128167321914665
-0.314607509227941 -0.113206910123729 0.119673158446517 0.0122713067596054
-0.12070971867138 -0.191787045020083 0.268683410341624 0.15949481354997
-0.22779227797345 -0.163059661559623 0.136124216309746 0.298268237473795
-0.236495500926587 0.0192943303446771 0.218261059801499 0.280306032007877
-0.0878602510413914 0.196049895086172 0.286911496545298 0.0859430312584167
0.0803276640307638 0.172495876624179 0.214314236535895 -0.0792852830947986
0.15796650997173 0.0757073821991325 0.137247479109797 -0.121638243936091
0.16547649202543 -0.0336340507680355 0.0997267899427495 -0.101374095020966
0.134894999553985 -0.0700638311559602 0.0766166431872095 -0.0556852172026214
0.130076441978218 -0.0791017151586628 0.111445072646072 0.0145964519596778
0.171133761353509 -0.0149193061693935 0.113799237003444 0.114920197418888
0.161595644564632 0.100391981244619 0.0446832943320782 0.222109779329709
0.0921506772465271 0.212534953841737 -0.136863115699331 0.210034062762075
-0.138708512543791 0.188095613391617 -0.202684891718854 0.0646234703187285
-0.245676421006921 -1.8160629926026E-05 -0.0613973001403536 -0.103313718221091
-0.205164644017669 -0.127454183550472 0.18017590332586 0.0592575853367643
0.00502277108419459 -0.128126322792272 0.323736955663969 0.212314286214481
-0.0879322154364586 -0.141937795061399 0.156576842517909 0.290049993173573
-0.139425897882387 -0.0272231706382568 0.185684467322871 0.288104795260982
-0.0657577059248957 0.104910646968033 0.256212489639788 0.128838181409957
0.0433926837672628 0.102614756548147 0.235446921776044 -0.0313201576000372
0.0921036388552759 0.047108980154414 0.186149182744762 -0.109153092531652
0.105681687818172 -0.0220275205460703 0.14293607947443 -0.116944157675934
0.0923258181982645 -0.049826167628337 0.117561793811941 -0.0794973159063668
0.0946675856992825 -0.0577160894586718 0.155557156696618 -0.0119906211339588
0.125068396260526 -0.0122327850216123 0.167040519389856 0.101574076700241
0.123850676987637 0.0781376209549765 0.0894943558668126 0.231822815807558
0.0439070131223344 0.174636679885913 -0.113197304446229 0.230951406929764
-0.142083317795369 0.111050172031419 -0.190717985719016 0.081356689967275
-0.165985086452926 -0.059460286997201 -0.0495747222818356 -0.0817131272779909
-0.0692867208886144 -0.131759381418539 0.206123034266435 0.104158394806808
-0.0499532981390195 0.089298205920302 -0.249739005485634 -0.123372121497546
0.0776154606322719 0.0789488684620051 -0.0044940905046383 0.1341540046577
0.0908321414597574 -0.04056406187409 0.230609302815695 -0.0558658260872351
-0.01204177972562 -0.0955780774712825 0.147839497620059 -0.276770941533423
-0.0657402524005303 -0.0359720560127492 -0.114673477276141 -0.29249943450023
-0.0558079191099675 -0.000811331103499827 -0.241029256044243 -0.129760579590225
-0.0550918010716525 0.017049028064588 -0.211229760721377 0.0125570660538629
-0.0410969613873478 0.0195213341080895 -0.166398135666841 0.0896404049263913
-0.0344159338307025 -0.0071663660457325 -0.163142635634264 0.127508108962749
-0.0128280070269379 -0.030361976655505 -0.20139881724661 0.118064813211942
0.00176360176557287 -0.0291074428440738 -0.248180995471054 0.0332909133007321
0.0440271180177198 -0.0247109657720879 -0.248722564684176 -0.108498450877877
0.0448909888953359 0.0588695217223588 -0.178065658976806 -0.258666651965664
-0.0489249988582642 0.115126414932028 -0.133641515210629 -0.323942303587548
-0.124452836221705 0.0526022517250996 -0.305408399700601 -0.243422580336808
-0.169327811026353 0.0421207051445949 -0.222406100161069 -0.156778549813293
-0.0484226770080712 0.103789935661084 -0.00516452485650403 0.13978868878979
0.0385062851916494 0.0506722251212622 0.259646032656366 -0.0387360159406083
0.0289988430396667 -0.00474132093776848 0.18361530132092 -0.287337197278362
0.00360281348072162 0.00640420029828342 -0.103367270826372 -0.320318854311646
0.0213689477827851 0.000869088917081283 -0.24058726649307 -0.148233543401134
0.0113612313073342 -0.0166825769503161 -0.211360220797305 0.00210320326804871
0.0158740523124299 -0.0132586110067563 -0.166696294906983 0.0834523845410765
0.030584022553324 -0.0298001859792712 -0.151829352111689 0.127719024102243
0.0686411277997212 -0.00789899671131289 -0.187718410716531 0.134940431542162
0.0522860633259461 0.044052219199408 -0.244846227528808 0.0683663115240625
0.0388414793650987 0.0730603028802443 -0.268708087799465 -0.068066904332897
-0.0447764063934975 0.118433795002448 -0.201849384356555 -0.220688524254094
-0.183552976667938 0.0894046682864754 -0.131479096600623 -0.278365198060457
-0.256915683544362 -0.0128611979183411 -0.256324079363505 -0.204261038804063
-0.263725292920607 -0.0314382967253259 -0.155559871139447 -0.157786678157191
-0.189135072633047 0.0915946078302249 0.0103187475712885 0.163596023734837
-0.0498296069199456 0.132559054551502 0.294929449045135 0.00671669719950852
0.049205176255308 0.106833432564425 0.238334123059358 -0.272691789755779
0.0753110393478022 0.0660782633616693 -0.0613234305560833 -0.335534400378295
0.104163008489273 0.0131495686285618 -0.207830100945362 -0.169105309127306
0.0825464408695329 -0.0439924800930279 -0.183654754518928 -0.0180987760070559
0.0698656573487794 -0.045399290043827 -0.142910653407546 0.0655688365528656
0.0835534348680407 -0.0546292635826527 -0.116296277615916 0.119474603255764
0.136880171462062 -0.00329159083390246 -0.143639652040865 0.152753273617096
0.110947356495914 0.0882743166674994 -0.21091322272188 0.126112260683564
0.070343085419391 0.152614519368098 -0.279815718527218 0.00733075507891086
-0.0909915449372351 0.191398476911243 -0.237186781726481 -0.154844101237373
-0.278252729554658 0.098137324629756 -0.133023731823323 -0.230191947935085
-0.353944222716261 -0.0491396674783366 -0.174857209084067 -0.148633773327103
-0.320295702418037 -0.0991329959317808 -0.0600084690052305 -0.115901507754148
-0.309646605391879 0.0556025341107154 0.050566160655449 0.197261593862285
-0.150775631205104 0.188319913523375 0.324221466787592 0.0604915709024908
0.0465408264328628 0.212612116847717 0.284666580960035 -0.232566783090566
0.136721517083771 0.126572928788141 -0.00915502002141015 -0.320191743624258
0.176249277663203 0.0255329307779151 -0.152703595867486 -0.173842446372683
0.142907687388392 -0.0687520811011302 -0.133023705435545 -0.0355035358339592
0.11078618680834 -0.0780787199877416 -0.0983180127132124 0.0447523791060033
0.115751690506897 -0.0851570495170917 -0.0585425836205125 0.103913357406715
0.181889610892649 -0.0215605294672811 -0.0725465794088474 0.16311205634604
0.168328307800096 0.0971153434207671 -0.13982633052599 0.185836674129268
0.126014232975704 0.196493170506105 -0.2576934921398 0.1030260821642
-0.0899940776592053 0.255590071561432 -0.258246427354291 -0.0631523301245458
-0.318761650187266 0.129824095029296 -0.135814058762542 -0.181421254975142
-0.402743538141699 -0.0494118528164629 -0.0793129319253219 -0.090684442644348
-0.309728186242687 -0.17489218373527 0.0664588628829951 -0.0427925413157696
-0.371918796585673 -0.0337995544806087 0.0857912322877518 0.236292912684432
-0.24771744175817 0.171995552574756 0.31764987378144 0.153414944198835
-0.00457573636126368 0.275283861528556 0.326154071583656 -0.125543455099293
0.149477197900357 0.18364628377472 0.0872624541739483 -0.261566233216494
0.212097155575241 0.0557878713622554 -0.0529654120267738 -0.175723376239008
0.185263304051434 -0.0675950267867404 -0.0572907718423315 -0.0674870048619067
0.140847257202657 -0.0898066250107421 -0.0441953929561639 0.00694610527268213
0.136441767211948 -0.0972708837651827 -0.00213963146354163 0.0722871122914919
0.201693981886484 -0.0264470523699066 -0.0073384277818017 0.149844587697063
0.192890107642897 0.102222056806394 -0.0698844573075433 0.208640513029844
0.14671751596771 0.220110392006988 -0.21572577213987 0.158174809038145
-0.0998971118460065 0.271554562609801 -0.245934356422369 -0.00163305159489732
-0.323315488215989 0.113761491169514 -0.113021664333309 -0.150369232694879
-0.387487853918383 -0.0752210050078794 0.0278588324061124 -0.0431928649751415
-0.241027025728316 -0.206441769157674 0.183991016690084 0.0543288849533848
-0.342496000613516 -0.11298151017016 0.122292355023236 0.272186295664724
-0.279990445089966 0.106105406019277 0.280667897734263 0.226689901639262
-0.0558220916246913 0.266889867058038 0.322056019439204 -0.0148062355212227
0.128715183486119 0.197928081384023 0.160799927359151 -0.172901387182144
0.204830959509488 0.0709886013434087 0.046780897548993 -0.154781160385634
0.191084390568221 -0.058930385021316 0.0230889839304258 -0.0910612409115135
0.147047202653636 -0.0902529905812096 0.0163771127973689 -0.0275297261017729
0.139507771017388 -0.0984471737543673 0.0565998254931305 0.039826417495955
0.195710145374007 -0.028597157301425 0.0596895827895508 0.12915076916142
0.191206415423399 0.0991683321463991 -0.00313181523786345 0.217492975392334
0.135777367152748 0.222887426073663 -0.169628240674571 0.193314582862825
-0.114314057051553 0.247196911816507 -0.222216867366587 0.0432306542282418
-0.296755609817042 0.0700441778177048 -0.0888571859451881 -0.125592611654429
-0.317519234761824 -0.0999755280036287 0.117086563393477 0.00385455568613156
-0.127677284827293 -0.18787064047209 0.273040303148628 0.148083661619156
-0.233887581316667 -0.152700929964771 0.143353639043721 0.293552625710927
-0.234652163040636 0.0282505213077159 0.228628019628735 0.27226757218706
-0.0782844981196888 0.198669253732385 0.289054859556308 0.0750269239598203
0.0877952345957541 0.166911304687682 0.208273529347972 -0.0847940020183668
0.16020767500715 0.0665102253115296 0.131623584882891 -0.127232771678985
0.16093903854183 -0.0420057919182907 0.0939057909452489 -0.107532510080402
0.129185637719879 -0.0759900107688713 0.0721521836595446 -0.0580341176583586
0.124320049590772 -0.0842422381479106 0.110543151840709 0.0100429785589955
0.168847683048177 -0.0228198032723148 0.118432136661169 0.110401688874789
0.166195959966671 0.0916225451976892 0.0548263359334622 0.220942238055874
0.10209977252925 0.205664220281436 -0.127477759262642 0.218743572075761
-0.129550892318301 0.193195743373393 -0.197826201425463 0.0730001741576092
-0.245394407306144 0.0106212394087718 -0.0670726400293449 -0.10177742402045
-0.208007310526941 -0.119243262857448 0.179211343853495 0.0477020178362135
-0.000338952558827241 -0.129008508632476 0.329688390574039 0.198398376739642
-0.0937487850345401 -0.137848905128039 0.164189331258849 0.284531968931587
-0.139356243144958 -0.0218862373429323 0.196414064011319 0.280976791238205
-0.0610969130677749 0.106729645443096 0.260809456984182 0.118284624293168
0.0479421212563374 0.0992018806872517 0.233306294720163 -0.0392794197077352
0.0937396013002446 0.0416383882460742 0.180455710057548 -0.117471079164366
0.102832103175438 -0.0271125516185745 0.135485206488919 -0.124885595829449
0.088005736388388 -0.0539090799524367 0.111685496040109 -0.0835933393561747
0.0904059770162529 -0.0616776404325322 0.152880390210637 -0.0176284598057566
0.123508157150045 -0.018029842590654 0.169863222463989 0.0944519924410869
0.126606720990371 0.0706204145243405 0.100545804514247 0.228721807370539
0.0526284202422993 0.170919431860961 -0.103024345002923 0.238157360688081
-0.136582739653712 0.116995851260347 -0.186231086862125 0.0897616002093458
-0.167549431698593 -0.0523154970227117 -0.0550298531035351 -0.0809776183977442
-0.0737893879749854 -0.129095376374271 0.207151320846791 0.0912415954719055
-0.0496999817142548 0.0912114841991757 -0.253411027673765 -0.115492134689223
0.0810848384068417 0.0769049872389139 -0.00108156709911055 0.136991104642125
0.0889003531061687 -0.0427118192450898 0.228746563192678 -0.06276444341484
-0.0156840628292267 -0.0952472006547359 0.139367735191737 -0.283423499414046
-0.067103429757629 -0.0327059218343116 -0.124050937429924 -0.290098802062863
-0.0559232548257961 0.00282345391385065 -0.245972106147604 -0.120042074804373
-0.0534298296668827 0.0205659179134311 -0.211316601611151 0.019018690740918
-0.0391425834269242 0.0220078093874714 -0.161744202336482 0.0958964590375197
-0.035435552789375 -0.00518307573685004 -0.15838592058279 0.134857489687199
-0.0143085934524005 -0.0298848499349313 -0.197843209068482 0.127911590377599
0.00141356043858821 -0.0283851781727044 -0.249050410461414 0.0417821780108208
0.0426345460258347 -0.0258639810597159 -0.251050834082125 -0.101948595666925
0.0466111722542947 0.0582215401381954 -0.185255294540598 -0.256770937505782
-0.044089104860124 0.117713910668775 -0.14215048355976 -0.322202415145378
-0.12344576597537 0.0564316099108944 -0.311945719280464 -0.23345932541231
-0.169612784341825 0.0466108019876355 -0.226719284899662 -0.148776311266877
-0.0445881601538212 0.106484612814042 -0.00122089357226496 0.143227092913033
0.0398791291825985 0.0489666402193922 0.257984435237686 -0.0461364460870922
0.0284238663122651 -0.00649097927246421 0.174908548778567 -0.295336753884685
0.00339624864564845 0.00724668932575192 -0.113438301514546 -0.317456496956811
0.0209670236645741 0.000911239382508181 -0.245974987929299 -0.139000847663654
0.0104003226695804 -0.0156312292017138 -0.211751945817197 0.00811591232345713
0.0158989779673753 -0.0126182027230464 -0.16197798243619 0.0894142001279262
0.0294001765336514 -0.0305014887380369 -0.146883327391998 0.134989599624255
0.0680743896905261 -0.0109464337246244 -0.183490156961963 0.143765974731663
0.0547273599365073 0.0431400125875262 -0.244099566987497 0.0779485235351407
0.0403275269462955 0.0720743758165832 -0.271811150810984 -0.0606139451175952
-0.0415876280296289 0.120084465461117 -0.208304104112315 -0.218248809165976
-0.180917637259611 0.095603012981337 -0.139416418002422 -0.277092114265184
-0.257059831839224 -0.004940181485409 -0.262368103123729 -0.197791666246938
-0.265319087221787 -0.0254942185805852 -0.159296239979807 -0.151348420635026
-0.186078846894094 0.0987145289678114 0.0137227697369071 0.166978100405942
-0.0464991417409459 0.133351242148631 0.294832582261076 -0.00161022842244361
0.0525445834907313 0.103378666118689 0.230674284911421 -0.281207235611127
0.0770250294742171 0.0638244310256236 -0.0726506859560586 -0.332653944969743
0.103511150713662 0.00967773379091949 -0.213893952531485 -0.161351048061954
0.0801056021207774 -0.046331280189111 -0.184605183515821 -0.0120330010027668
0.0683686827591256 -0.0463075694086209 -0.139939515171062 0.0712185206154864
0.0811817556995514 -0.0572138600795526 -0.111751912644361 0.124412238263572
0.136557265421035 -0.00891035411497285 -0.139125924753607 0.161040765006712
0.115090226166217 0.0854891336257672 -0.208195657745619 0.135007717352213
0.0744174991607379 0.150480375944995 -0.280663579386476 0.0161496842797854
-0.0857076522777904 0.194875099251501 -0.241117931496843 -0.151264108304546
-0.276447627055766 0.107525163773489 -0.140445578316539 -0.229168920179726
-0.355358894485566 -0.0393667420810538 -0.180982739992267 -0.145021701362616
-0.323348932846481 -0.0917823799659468 -0.0635520581143697 -0.112461976797604
-0.308968293897914 0.0667195384370943 0.0550594383272417 0.199789344179214
-0.145279650458271 0.191200715512253 0.325410147629296 0.0529462998571075
0.0533644216454183 0.209104672924234 0.278472852458592 -0.241737273868141
0.140456056639014 0.122229427869198 -0.019444963651377 -0.318337100474595
0.176090035923763 0.0190634117254257 -0.158723636580253 -0.167552706094375
0.139705475786553 -0.0736498937810887 -0.134025585959947 -0.0329304224876733
0.107204345497328 -0.0809538193849196 -0.0957806752031773 0.0485028996275266
0.111438090739129 -0.0888347042076543 -0.0548915279830969 0.106644937656011
0.181450751319747 -0.0290088431425751 -0.0661715109737169 0.169390901009144
0.173137770203133 0.0918627018332101 -0.134930912001699 0.192941765732311
0.131833064710239 0.191373234400825 -0.255772211835581 0.113459059467089
-0.0827318415757207 0.258970024711672 -0.260511456426242 -0.0580288145900231
-0.316147084900865 0.140868011267937 -0.141792402557002 -0.179193001820601
-0.404692933619125 -0.0379036865931898 -0.0838386214446949 -0.0903196637551844
-0.314885507240824 -0.169298997830065 0.0650151584791395 -0.0433012166690116
-0.373934837431428 -0.0214125357145664 0.0904796314035518 0.238053304889381
-0.243365770585823 0.178376728037125 0.322865247497138 0.14710197680292
0.00362064450301417 0.273507495331914 0.323563706615071 -0.134898959467075
0.155150808158454 0.177523075334976 0.0792328669109948 -0.261315227435288
0.212723233316416 0.047489052660407 -0.0585438372905531 -0.172910385162443
0.180684394440002 -0.0748158462623835 -0.0599916109781176 -0.0675329127789632
0.136815494880053 -0.0936238750551135 -0.0437055366961188 0.0096248773738541
0.131812887264779 -0.101513084773051 0.000199434551017636 0.0734308269589906
0.199860174621559 -0.0339605296055333 -0.00173075924688792 0.152792387539654
0.197814854348245 0.0954439406348469 -0.0631718514116697 0.212774471456161
0.15385187343382 0.214560029929613 -0.212541578722458 0.1679707744448
-0.091682857086159 0.275086033014481 -0.246020569524632 0.00421971317927592
-0.321740528209814 0.123997263188371 -0.118670164016347 -0.148803045911101
-0.388067065617639 -0.0647069944483842 0.0241270508793419 -0.0468298859704051
-0.245857837243103 -0.202040722619149 0.185133264980396 0.0505435931358656
-0.34648413901255 -0.102853983714177 0.127318265457911 0.272221162400074
-0.277318551852726 0.112809614708791 0.287887695439511 0.222283419894833
-0.0478033385929238 0.267109158845105 0.322579520426279 -0.0235212447990101
0.134908938476038 0.192805903994837 0.155600970447848 -0.174683111497165
0.206529249161008 0.0627314278744235 0.0430617460898493 -0.155720949368369
0.187019516786486 -0.0665033419714869 0.0194652294894164 -0.0937446147533837
0.142201815504884 -0.0947429625025792 0.0149665183495298 -0.0270830014774438
0.134337342947838 -0.102707689012704 0.0583002883111907 0.0387064768020795
0.193388512158674 -0.0362702072497683 0.0642819761758481 0.130074403145145
0.195400500415023 0.0926617772352259 0.00540441559767467 0.219846951248388
0.14300458194357 0.215794577402102 -0.164069764863118 0.203047901150515
-0.106779666519083 0.251755505971209 -0.220855068279055 0.0490820764858159
-0.295251565235886 0.080016909340595 -0.0935888992059748 -0.123934646935314
-0.319097663165302 -0.090676391924189 0.114659169813052 -0.0031758157141555
-0.132792795473714 -0.186366911716715 0.276935166544932 0.141457883470056
-0.239035613330946 -0.145454675039024 0.148123498521533 0.293379624511226
-0.234774504106073 0.034240732759419 0.235663437039987 0.270156405288654
-0.0723459179560697 0.200308696427744 0.291192524048911 0.068315905516411
0.0937623634643935 0.162944563800496 0.206766752627533 -0.0880473218889854
0.161472323194248 0.0605224246864828 0.128196580664145 -0.13188257973283
0.157822710340138 -0.0486562813379155 0.0888238085158056 -0.113039444161425
0.125342098751257 -0.080224170014196 0.0686738060880893 -0.0596582250038134
0.120500465622985 -0.0888413144676743 0.110722395309653 0.00739749795689572
0.167228517475658 -0.0290775328491538 0.121741463319011 0.108805403137346
0.169711681520069 0.0855325238507308 0.0631820892981995 0.221614410138027
0.10911248850597 0.200305621034653 -0.121255004831027 0.226556926239257
-0.123176050690644 0.19761341383637 -0.195684689054791 0.0787204738556729
-0.244861171544238 0.017884377319715 -0.0722355897471165 -0.100981672729389
-0.210627237049775 -0.114035996643605 0.178449581279295 0.0392753513541914
-0.00358988143573031 -0.130082905096273 0.334775749785209 0.189435255679279
-0.0987678692285587 -0.134971042852161 0.167958799801922 0.282681411064919
-0.140789729162614 -0.0186067218293829 0.20463370140765 0.279026313807367
-0.0574537298058527 0.108475601129827 0.263652374113346 0.112187920752165
0.0516929021817287 0.096334376758224 0.232408740671359 -0.0440147692528212
0.0947862371797669 0.0382441655591001 0.178052923002998 -0.124969412267559
0.100763876005299 -0.0306793310443882 0.12989463268188 -0.131416816614999
0.0861195926461787 -0.0565972832531747 0.106353083353818 -0.0862386532848
0.0877702929078054 -0.0649459285220883 0.15133525262611 -0.0214142062197263
0.122201328834064 -0.0223620994290657 0.173542840309657 0.0899605569275176
0.128934459917282 0.0663066325946459 0.109363815263689 0.227263170994119
0.0594425903251026 0.167578342471217 -0.0962017690083897 0.244906902784243
-0.132306513895709 0.121884210576721 -0.183129927361045 0.0963220931537397
-0.169469073191904 -0.0479633245862937 -0.0592824896389373 -0.0807111569212822
-0.0765435291873488 -0.127891968953204 0.207286357305758 0.082250213768696
-0.0495818876025983 0.0943401088088819 -0.258188534219848 -0.10899307423575
0.0855999636335761 0.0761463426531015 0.00284557999685732 0.141097196905004
0.0888758368714516 -0.0454916523735993 0.229661544379263 -0.0687878386005283
-0.0193233145792019 -0.0958437516328587 0.132736375172132 -0.292564564565582
-0.0693542076922077 -0.0295393768101911 -0.13247322982511 -0.290835075603628
-0.0562653722425587 0.00620803158316413 -0.252318874826205 -0.1126567999609
-0.052215480548433 0.0240070390517516 -0.212866080336581 0.0260943778107935
-0.0374390092167275 0.0250494284897488 -0.159085698805505 0.10125826934509
-0.0359896915439676 -0.00326175093890426 -0.154176132582805 0.143922781884114
-0.0160268924780553 -0.0301564419682617 -0.19650386047369 0.136604544215674
0.000161786330876821 -0.028452652004755 -0.251371560878043 0.0500934046739322
0.0417151511320068 -0.0273866494955598 -0.256636611268511 -0.0972787791282655
0.0488757868435349 0.0583165926451935 -0.193712783645322 -0.258110894012519
-0.0392891770726322 0.120525760280705 -0.151371227207897 -0.322834904056688
-0.122437935985017 0.0596068654162843 -0.319329719555868 -0.228571799013164
-0.17136187581185 0.0506869700327835 -0.23256971648598 -0.143468249401793
-0.0407077770028299 0.110004865320314 0.00181474135018912 0.1483223864554
0.041845864105418 0.0484300392892336 0.259109753794395 -0.0528162816422115
0.0279186981297944 -0.00874495153570744 0.16892084522403 -0.305011392988788
0.00364283660627494 0.00810569852453275 -0.124387005040762 -0.317603601803729
0.0212282835295299 0.00132236554945795 -0.252340087582477 -0.131616099277679
0.0108008773108122 -0.0153546839960155 -0.213690286524594 0.0153522122196608
0.0161787459750885 -0.0121965073808289 -0.159710554294932 0.096133245965761
0.0273998417406501 -0.0308479780103851 -0.143858095700697 0.142412195862304
0.0681769475650187 -0.0139136843844171 -0.180451766290371 0.153472495710564
0.058097646994917 0.0422932120679184 -0.245496971534742 0.0871363496041525
0.0429375289105156 0.0720081151910755 -0.276090748263403 -0.0536978288546445
-0.0390977514045834 0.12296402586609 -0.21559601868011 -0.21890974598967
-0.179140407332846 0.102633470269766 -0.149152700639312 -0.278103409573649
-0.259086412833702 0.000877911904704841 -0.270345037355424 -0.192988339979177
-0.269224651978218 -0.0199486614511936 -0.164860750802013 -0.147105460422549
-0.184221926903168 0.105712668539444 0.0178330665929688 0.172501636761015
-0.0430569742141714 0.134522068224436 0.29728314652386 -0.00838104927731321
0.0555673874410602 0.10126775969227 0.226025011120095 -0.292166268632254
0.0795093972408649 0.0624622351853554 -0.0824247672468408 -0.332842346347806
0.104405614842892 0.00661050855785279 -0.220877693473412 -0.154837486479526
0.0784082561575839 -0.048596253907265 -0.187191122556002 -0.00733406748561747
0.0679974322375901 -0.0473756735158562 -0.138094029418493 0.0768995885548379
0.0790850112689045 -0.059267622544633 -0.108400192320367 0.130510452472167
0.137364549694765 -0.0144162865963564 -0.134799281543111 0.169958486657858
0.120681956906561 0.0832537928949387 -0.207464742707535 0.144519102069869
0.0798653111359693 0.14926438385694 -0.284065539894034 0.0251176178591977
-0.0814552020611788 0.19997158497406 -0.24805811371379 -0.149291778000806
-0.276540435332198 0.116350661524193 -0.148138286673826 -0.228727080613809
-0.359711698688741 -0.0293553174670513 -0.187062452877525 -0.143280649796978
-0.328989451177817 -0.0866594347251175 -0.0669779556466441 -0.110051863165519
-0.309363225081991 0.076935549791755 0.0594572136178044 0.204909773272744
-0.141973274360761 0.195627231778488 0.330626449726398 0.0468067986746666
0.0591936539871867 0.207705467250068 0.275253924861426 -0.252146435923787
0.145226004092271 0.118443669690145 -0.028608510884102 -0.319293565258853
0.177422926902075 0.0131867766663393 -0.164773438261956 -0.163408918914256
0.136619700563444 -0.0790293568128055 -0.138125247026084 -0.0293600581251154
0.105840807434335 -0.0839231904932724 -0.0949613378474036 0.052958610568083
0.10889245145145 -0.0924538223815737 -0.0518751432615272 0.110435650691433
0.181869959978372 -0.0358449566687854 -0.0617633872047761 0.176402309060112
0.178528617478422 0.0880089480662199 -0.130686717239595 0.201126086302203
0.13928197824552 0.188496519541601 -0.255768351654606 0.123841142664232
-0.0755748003426163 0.264776015506479 -0.264878942802649 -0.0547344149962642
-0.3165433618715 0.151900363184243 -0.14897891503316 -0.179139640057417
-0.408339762088192 -0.0275394226823863 -0.0889298385649198 -0.0907963225016135
-0.321903154401606 -0.164796745920751 0.0640097308211395 -0.0436435640879192
-0.378289150838834 -0.0105598549514088 0.0950776261227928 0.242852840445792
-0.241439429012092 0.185371523349137 0.328433909259353 0.14321495922453
0.0116073614400109 0.274461813192242 0.324165617565791 -0.144690640924099
0.162066250866943 0.174156984713953 0.0722715898351518 -0.263125407783571
0.215599596639746 0.0400754889812796 -0.0629712583242554 -0.17213487545607
0.178257515869269 -0.0812479976886228 -0.0638502186826755 -0.0673640352918261
0.133826334719371 -0.0979800212156427 -0.0435349632281435 0.0120419880286312
0.127952147318964 -0.105317963532227 0.00290352638991738 0.074848704095673
0.200644667004505 -0.0410596752426375 0.0038107764222776 0.157837522020998
0.204061950577695 0.0906268393243498 -0.056981267673661 0.219514237720998
0.161952464736736 0.209238681778918 -0.209837461344035 0.178745533772581
-0.0853142595379259 0.281064694054812 -0.247713754555675 0.00871957674100168
-0.321875852866179 0.135697982663298 -0.124733376950598 -0.148596992218335
-0.392987822358327 -0.0537805608838012 0.0206545250339864 -0.0505957310587099
-0.253531236766437 -0.199356383583741 0.187451213431605 0.0476735515454562
-0.35376774718219 -0.0941234263535156 0.131581811925147 0.275692525833448
-0.278285163435868 0.120226546020666 0.295774972627034 0.220711400345851
-0.0406298992921388 0.269549547202054 0.326176048980357 -0.031082925636521
0.141915343948249 0.189752715876238 0.153386452163738 -0.177300466729123
0.209382733397973 0.056085941587543 0.0402736967524275 -0.158911466507106
0.184755916332324 -0.0736166198902841 0.0153699188199309 -0.0972574361802526
0.139768408481896 -0.0998268607633934 0.0138523944469413 -0.0265038863926242
0.130336282077406 -0.107315620268606 0.0607728958797562 0.0378347508358891
0.193984347192035 -0.0427615240427506 0.0686088327854509 0.131890992508667
0.201427817156876 0.0870455036976483 0.0125767426191923 0.224367529347167
0.151473572469376 0.212131332829158 -0.160590971057515 0.213273686452914
-0.0999523896646784 0.256648059455606 -0.220975436065423 0.0546369635256992
-0.296597764869386 0.0894394662198527 -0.0993344917900923 -0.124154736754944
-0.323071710558155 -0.0835508117731298 0.11319475224542 -0.0092269701343091
-0.138326213047604 -0.185961559362931 0.281701824896489 0.136465065572744
-0.245792991704656 -0.140160014401848 0.154366330856396 0.294983500059091
-0.237543615113667 0.0393284314853077 0.245038278040527 0.268829764780734
-0.0678356024929539 0.203198103639351 0.29625958408632 0.0627491606344992
0.0997422640742376 0.160635856708373 0.207015818132856 -0.0916750767677043
0.164561357005469 0.0549526543955711 0.128026713661286 -0.137487760707118
0.156287799659663 -0.0543541081624387 0.0847633962596454 -0.118926647943524
0.123219967858349 -0.083815539691306 0.066214532698876 -0.0607570389082825
0.11689678934862 -0.093058870379511 0.111929055005639 0.00468582733138742
0.167726266653617 -0.0348437857298491 0.126647004010634 0.108589691536185
0.174510138144223 0.081013198179488 0.0717888043765043 0.223430333484228
0.117399464995652 0.197187371901553 -0.116109013247987 0.236104602373891
-0.118057658146673 0.203137842675964 -0.195586045184083 0.0852624546420544
-0.246616059699684 0.024997895390229 -0.0776731390606234 -0.101206969568999
-0.214605183247834 -0.109846556040542 0.178511162381913 0.031767198914054
-0.00721129047009408 -0.132056792264871 0.341424608058106 0.18443954459213
-0.10314320570055 -0.134880377289488 0.174282976448021 0.283942624454918
-0.143913521819303 -0.0158705102886972 0.214680919813687 0.279039344918215
-0.05519040218962 0.110403678979522 0.26959372487476 0.107582417347097
0.054352193258605 0.0950051589563051 0.234757153434137 -0.0497385465562849
0.0961702392766561 0.0350602429872171 0.177269462018063 -0.132217380285495
0.0995684638114271 -0.0338177062169202 0.125481514371215 -0.138409400418553
0.0849409997124838 -0.059223365815842 0.103212001004261 -0.0890036381682533
0.0850672128158556 -0.0678670279856643 0.151526012187055 -0.0250019285105064
0.121935771669778 -0.02645723306221 0.178047065566648 0.0870337807085278
0.132245535148933 0.0621450311232786 0.117567050939468 0.227996274741339
0.0654752587597496 0.165569848406746 -0.0889761390513659 0.253484017315531
-0.130260755294362 0.126827832782432 -0.181946215453194 0.101734390603661
-0.172950234026268 -0.0445972721347598 -0.0639923780514982 -0.0808930458863467
-0.0799234740295564 -0.128737685968148 0.209304235964433 0.0750152052681488
-0.0647273626627086 0.0821095946078814 -0.240488494562176 -0.154007876442584
0.0695765661406907 0.0883984876401658 -0.0261142393841275 0.147358221187976
0.0942473104250962 -0.0248830109924076 0.241287695255735 -0.021137701893057
-0.00168276232785936 -0.0914754918742093 0.187051081050662 -0.268501148577705
-0.058715884978186 -0.03738425529806 -0.0785916086019472 -0.314252297371808
-0.0541036694487319 -0.00142375953597993 -0.230033710605646 -0.159363175264819
-0.0549506650291922 0.0166524631787806 -0.219204208690172 -0.0142530106703683
-0.0401366068796647 0.0193302542088972 -0.175558275740573 0.0701611965266294
-0.0353692049663463 -0.00928501329664479 -0.180024877747175 0.114993098020472
-0.0102704855580505 -0.032463962893971 -0.219883405018536 0.0983866401111709
0.00718603254166371 -0.0277010396792572 -0.259745610741089 0.000873468667944796
0.045196956461607 -0.0159667966079721 -0.233985604483817 -0.151030257720253
0.0334622681136296 0.0684895118853585 -0.142478073242367 -0.298658068352331
-0.0654249784798187 0.112048225325247 -0.0918400393739819 -0.358844582109539
-0.133270989070736 0.0341517503281326 -0.278057931381981 -0.300767989670832
-0.173752609095937 0.0163719688114938 -0.20909340176986 -0.185103050001243
-0.0593069247825043 0.0991408644135804 -0.0289259191021113 0.149838887675694
0.0310413199157834 0.0578789384850321 0.264313799946805 -0.0012963304733702
0.0288673424110888 0.000891501010837847 0.223838328872017 -0.273330684102735
0.00570623371686172 0.0133688467636444 -0.0666550997963801 -0.338796434567761
0.0222181186918211 0.00731625711112405 -0.228441280892963 -0.17669362728814
0.013520185456139 -0.0108654696977088 -0.218121143067731 -0.0255330918912152
0.0204125765190189 -0.00750847004992843 -0.175440185703637 0.0647790313194906
0.0334872140183853 -0.0239338255846529 -0.168671766891201 0.116164588471715
0.0703896676305523 -0.000883590236882432 -0.207195719712047 0.119419794751806
0.050133590092815 0.0541793264794864 -0.259699096075376 0.0415722633893486
0.0257755866274158 0.0814341026776588 -0.262412201160457 -0.107458281216784
-0.0685663527253463 0.114541148808086 -0.176126813417589 -0.261726355429639
-0.200656960843487 0.0658792046565772 -0.0997698581956205 -0.314989164696301
-0.256965108138922 -0.0524175970903078 -0.236809592984156 -0.254564128914201
-0.256081128849563 -0.0716003639755827 -0.141366587055664 -0.177952864264298
-0.19925826675099 0.0712705376549442 -0.0167356992030462 0.171715877312116
-0.0685791423469861 0.126904917732097 0.291411643045487 0.0474553305942921
0.0352770404101006 0.111350622304276 0.27580199292571 -0.249238089725813
0.0698438788368152 0.0802745055449261 -0.0239340507852431 -0.346329198071387
0.102783273861136 0.0272767677649684 -0.193135101969792 -0.192498699113158
0.0859351963997351 -0.0328278737936694 -0.18649351297518 -0.0434291052677229
0.0781412968946668 -0.033401638012629 -0.150494728570995 0.049207743837863
0.0893214230391734 -0.0431188158317017 -0.131876185050048 0.11083596917431
0.138818271756784 0.0115726698619854 -0.163948292538209 0.144640024597072
0.104740686963872 0.106602714846067 -0.230853118865154 0.107869878209856
0.0470171261396217 0.164585406111075 -0.285968760706384 -0.0262796331456209
-0.126995616159191 0.182291169973003 -0.222817598417227 -0.195276247827867
-0.300322441243225 0.0598300756806822 -0.111067085145373 -0.266453441077383
-0.349910015184352 -0.103825545083475 -0.164443960046904 -0.18625393304805
-0.302122725874191 -0.148666645811404 -0.0507742521148859 -0.124317997460761
-0.316771336324979 0.0218870937976199 0.0205359893755314 0.207626172536592
-0.177749898685323 0.168317208681919 0.311861594455157 0.104974039279481
0.01943226667237 0.21336863045965 0.315535333199346 -0.200018716515185
0.122684596398761 0.146979973700464 0.0261255615307848 -0.321506505513268
0.173681109429882 0.0459916449822104 -0.136308844693811 -0.189479960471746
0.14769819366945 -0.0534585663787235 -0.131343613591453 -0.0562727691379959
0.122555654021812 -0.0628536644159439 -0.103997343503249 0.0347712267062135
0.124870765402759 -0.0686494074105713 -0.0710120210344186 0.100998167395009
0.186289003256141 -0.00173140290527706 -0.0920821555185799 0.166189680825243
0.161747686630597 0.122571157242493 -0.162330886375663 0.179747807251261
0.0976298886970479 0.214516465863564 -0.275868384803068 0.0802068293383497
-0.134530076841853 0.24900667563117 -0.258098895177341 -0.099815893443664
-0.348270569132597 0.0867271900667561 -0.122216018831435 -0.215970533641553
-0.398193013384594 -0.111821601959993 -0.0752532989422715 -0.112720346669738
-0.282086477588004 -0.222068345653935 0.0690998302194195 -0.0349128311425399
-0.370712961725892 -0.0752666774052215 0.0528226686884514 0.249883357339156
-0.274953329135576 0.138994647059147 0.292915820304015 0.19659652450574
-0.0407895874503871 0.269188185686376 0.343526668585993 -0.0845900469049921
0.126964742776301 0.204052732642611 0.117134753743212 -0.248391819507868
0.204564357519847 0.0795504545745632 -0.0338235243461502 -0.179514685642968
0.188608928021951 -0.0486562431997669 -0.0493124375931712 -0.0805228480723113
0.152860113598034 -0.0719840266458505 -0.0453996480342639 0.00425816655302358
0.145782661434737 -0.0788362500014763 -0.0101437516250586 0.0761330203945162
0.205573116351072 -0.0040158037075485 -0.0231805449346993 0.159636681571778
0.185061931456564 0.130010262432614 -0.0918789854289166 0.21248838675714
0.116088597046299 0.238487500167525 -0.240271409315526 0.145906372069097
-0.146618043105176 0.263820211349562 -0.253317747117565 -0.0312018240902945
-0.350071442048376 0.0700897345885139 -0.103380034386231 -0.180160716106318
-0.378082105662885 -0.134686317250156 0.0279318568272617 -0.0491491645645477
-0.210854065837361 -0.242779656953042 0.176408901819257 0.0781248656944442
-0.332970262895201 -0.153223553351433 0.0849895780943235 0.289881826672688
-0.299772167522093 0.0679276786817881 0.248226146810887 0.266736426438351
-0.0918561562732377 0.253148768252953 0.324003951957042 0.0281826959947761
0.103121570238981 0.214983757747189 0.181562602619657 -0.148678669368752
0.19538238530677 0.094158052615938 0.0676227976403459 -0.148509627676458
0.193146632769257 -0.0403023794037091 0.0354043077748123 -0.094503083185389
0.158075660508982 -0.0724308987539812 0.0175945139763104 -0.022387559074235
0.148239697907904 -0.0801238001174028 0.0538158864674536 0.050232193005012
0.199154898083265 -0.00616610530202731 0.0466907569647333 0.147003160367422
0.183423457419288 0.125819969179315 -0.0233121192387548 0.230574309416755
0.106693889625617 0.238618383588441 -0.197244761068377 0.190841217720805
-0.156101096002128 0.236047468908606 -0.235562418734884 0.0199622076080465
-0.314302432218442 0.0291638183981629 -0.0821913014357734 -0.150177696829804
-0.302932928548031 -0.149749982346177 0.114162563179558 0.0124466827680543
-0.102583549503907 -0.207609514231419 0.254402094716605 0.184974854450821
-0.220208812875942 -0.179682445338701 0.10487791872657 0.317610275568523
-0.246257445361386 -0.00485102083348709 0.191322284922657 0.306799731013371
-0.105578256680389 0.185172123718035 0.278393022142261 0.116055678390493
0.0657766520224961 0.176803384649123 0.220925965120571 -0.0540678852953507
0.150353363644074 0.0851297275714582 0.152014076100698 -0.112865559416124
0.161874387836864 -0.0267963432971144 0.109008063804993 -0.103203390583827
0.138928895186187 -0.0608447602325318 0.0757042290611759 -0.0464892852272758
0.131895273556617 -0.0686145531486762 0.110944622394809 0.0277735068488713
0.171341529987564 -0.00323741600740666 0.107199319368889 0.134304978240608
0.157404841421103 0.113751304537063 0.0354078946239732 0.240126431007611
0.0767525414226104 0.216578579247322 -0.158445959232381 0.221895687420885
-0.162640196444959 0.178584007704534 -0.215429762516312 0.0544324724019009
-0.251080872855979 -0.0262071590186344 -0.0640450041758853 -0.12216721012002
-0.189123833481165 -0.155164493882703 0.172621873028237 0.0676054853694783
0.0136929077697115 -0.128904430891507 0.307031357838088 0.244767820791976
-0.0830829075136716 -0.149555614378683 0.12539704420505 0.315235838786406
-0.144261310893071 -0.0416576004240211 0.160971284990323 0.314286846597061
-0.0771011825458037 0.0973057182329317 0.245287319913789 0.156400247460287
0.0332409003209954 0.104956118987017 0.241667013043983 -0.00634456263726852
0.0861728034823606 0.0530401131741245 0.201486022646201 -0.100525729891137
0.102718438582185 -0.0163427459727916 0.152890190651961 -0.115520194972554
0.0958629493927898 -0.043453087173627 0.117654652228 -0.0674418884800656
0.095731691925633 -0.050336467825191 0.15579329451314 0.00551195342463096
0.125278923094676 -0.00318567088935584 0.160263145773908 0.121841918370645
0.118951208222713 0.0868256231095069 0.0785680799701897 0.252306144379817
0.0330121676288294 0.174974142683371 -0.13616732449025 0.243309520597746
-0.157741802300443 0.100408915528023 -0.205661396728963 0.0715491803218068
-0.1626412625201 -0.0801184324315135 -0.052506819275696 -0.0995588659917838
-0.0518774735913262 -0.145615167050931 0.19605628247976 0.117196671852075
-0.0633022318789442 0.0851653462100475 -0.246181427288464 -0.148230973525803
0.0746641339770577 0.0866099305440976 -0.0220103603905115 0.152161549148633
0.0939831428995901 -0.027720923725917 0.243204482675126 -0.0272337310708929
-0.00539004201090684 -0.0922389524208117 0.179521129535056 -0.277313430555281
-0.0599577830264911 -0.0345545921709815 -0.0876234424615322 -0.315666406962362
-0.0537481090641957 0.00125454081710116 -0.236250884100765 -0.152099671491399
-0.0529664340814203 0.0195597724137666 -0.220695392079277 -0.00545048204884887
-0.0379257387730043 0.0211276382061418 -0.173398685223973 0.0755917616524635
-0.0354768072397022 -0.00627387664223797 -0.176023504326916 0.123601303947941
-0.011989589677246 -0.0316722138327818 -0.217794697404829 0.107563490184181
0.00589615266638167 -0.0278701479782901 -0.262670143349017 0.00874300343325435
0.0443503351956826 -0.0177497319041258 -0.238306226887175 -0.146380412962778
0.0355613906521776 0.0685251258616356 -0.150812496189445 -0.299571505024192
-0.0609159061735395 0.11486847004563 -0.101125323670449 -0.359049976931082
-0.132180912739115 0.0373757089164179 -0.285998557017263 -0.293705065301867
-0.175145884791724 0.0215567718929261 -0.216023270682874 -0.179860098812678
-0.0548314809371012 0.102054622459137 -0.0249326565350786 0.155327144046911
0.0333072731960937 0.0569102605510856 0.265926152877332 -0.00774160306785332
0.0279219843663272 -0.00110608247173286 0.217263180010612 -0.282694194343783
0.00636079815498118 0.0138792083727553 -0.0763289391049148 -0.338942125844505
0.0233269147479614 0.00750212932877152 -0.234790002735836 -0.169342464091278
0.0133110083508469 -0.0101910868296216 -0.220537070045153 -0.017807100243575
0.0218534012805588 -0.00699447584991941 -0.173730080997283 0.0709226440313734
0.0328601841361779 -0.0246425875134205 -0.165688210449273 0.124503466839035
0.0702436778607564 -0.00319827755617497 -0.203554436583701 0.129304750900063
0.0527336822779531 0.0529258520519397 -0.261263436140568 0.0506303969180814
0.0292648608950296 0.0805257494389473 -0.267520498069545 -0.100908987001707
-0.0654100353045018 0.117560800179863 -0.184522954302148 -0.261299101405322
-0.199090310292368 0.0728354873231074 -0.107848943555614 -0.316613254592053
-0.257433677007833 -0.046085990601284 -0.24506791868413 -0.248760559858796
-0.259842507243522 -0.0654560851734466 -0.146816968012132 -0.174253718271411
-0.196872159406231 0.0784032018180967 -0.0126023042118739 0.17779842641331
-0.0652856215173859 0.128461576732908 0.294046569862243 0.0410609958717103
0.0383227476600528 0.109484835274227 0.270507943339392 -0.259767211683854
0.0725738313361254 0.0784845739256105 -0.0334512189194693 -0.345706047725562
0.104767675870732 0.0242327009191032 -0.199445646102849 -0.187126889205638
0.0844725830837922 -0.0350317092535558 -0.188803092880961 -0.0374381928285707
0.0781999090342966 -0.0354064334685176 -0.149578649772368 0.0551475859741616
0.0882105997257668 -0.0450241708864265 -0.128498168331657 0.117024992499685
0.139093009105285 0.00623719484927256 -0.158899579660691 0.154090560421416
0.109808987716034 0.103933601096341 -0.229712038877062 0.117087926081095
0.0527626239811649 0.163032315603115 -0.288774898923815 -0.0171597452893548
-0.122171544138468 0.187256636760859 -0.229746990542768 -0.193205973297716
-0.300004813400293 0.0698301009980916 -0.11863235853192 -0.266877571685557
-0.351567378489189 -0.0949521965222206 -0.171337606314119 -0.183600056996458
-0.307875128991189 -0.142193417285146 -0.0538193307743509 -0.122914813373833
-0.31743698421471 0.0317571392816215 0.0262631342390589 0.212736703445024
-0.174431381577247 0.173065366641118 0.316220277831455 0.0998368256177368
0.0251125629871946 0.212733451617245 0.311376021796234 -0.210986822124433
0.12790685730235 0.143479869956868 0.0180193909123984 -0.321889910662862
0.175490010209807 0.0411462971743356 -0.141126260025306 -0.186367900786402
0.145179717380049 -0.0578613978409726 -0.133879650415482 -0.0530196428897396
0.121681580176442 -0.0662472591102392 -0.103240963928385 0.0387385567710337
0.122219104061905 -0.0721018032156103 -0.0679050170145554 0.105673511632779
0.186266678222723 -0.00891466051514618 -0.085235297444887 0.173086448841126
0.168407426597753 0.117923428977559 -0.158225067974912 0.187979569447917
0.105781028357096 0.211263677404449 -0.275354777366812 0.0913119834977991
-0.128090259823003 0.254128118836746 -0.26211928210293 -0.0960127446965966
-0.347316646190816 0.0978189796158667 -0.129042002725832 -0.214875649964522
-0.401348074247217 -0.101945377605165 -0.080256575130998 -0.112711138196271
-0.290020084692887 -0.218130937871055 0.0676695901825499 -0.0358762938358387
-0.375417069934647 -0.0645215313784501 0.0583022025230543 0.25386308686572
-0.273630320437483 0.14634586061439 0.300721332730285 0.192098691899242
-0.0341563212871418 0.270220219820384 0.343105228660007 -0.094480152084582
0.134277078561443 0.200062785051092 0.110719184481105 -0.250538570008227
0.207719932209407 0.0723094442249334 -0.0372515092481062 -0.179840227553208
0.18615092794706 -0.0554344959534494 -0.0532733020422066 -0.0802865516914024
0.151220073661916 -0.0765904911356517 -0.0457537650736189 0.00716690805303161
0.142080565369052 -0.0826312530663781 -0.00760221591088348 0.0777770109528334
0.205380536328663 -0.0121051264485132 -0.0164874066130822 0.165166745373931
0.192236846492728 0.124337845488126 -0.0849438100349113 0.218857230428537
0.125240989160656 0.234150148153946 -0.237119163680373 0.156786145282913
-0.138730625950744 0.268930103137503 -0.255496403329153 -0.0258151331850285
-0.350128552034389 0.0810981310657203 -0.110231363223664 -0.179978736906225
-0.381106907976021 -0.1252703862043 0.0248043904697061 -0.0526260526202464
-0.218158898450352 -0.240288099927006 0.178064066363309 0.0750776484473318
-0.339263730760934 -0.143221240125852 0.0911227426031044 0.292833670249761
-0.301844909482749 0.0754864857009336 0.256960954104194 0.264279390287139
-0.0850464699673549 0.256788945846741 0.326567970620321 0.0199955997556643
0.110351291045275 0.211622802066606 0.179529913122684 -0.151796393003859
0.198645653591003 0.0876765081312891 0.0654123293904591 -0.151964081264185
0.190799608911581 -0.047236737608287 0.0312786420123382 -0.0976168173309841
0.156052488707836 -0.0782707601192745 0.0168843919914803 -0.0218299265087166
0.144523503280628 -0.0843186704480536 0.0555368932276844 0.0498070929269115
0.198895878721857 -0.013948279336362 0.052407202062167 0.149646595317099
0.189242235065951 0.119391457987848 -0.01549065614798 0.234688001872881
0.114979533995815 0.23330799336831 -0.192695854617332 0.200807768258844
-0.149271574573185 0.24228932593864 -0.235776745815414 0.025873391280904
-0.315402070990486 0.0387563740376879 -0.0875043535942903 -0.15002203947956
-0.306447412194882 -0.142647508401214 0.112769959262647 0.00630296567719334
-0.108540335676156 -0.207425703176947 0.260159013586855 0.180236615902464
-0.227308182531949 -0.174812609545852 0.110968980230619 0.319661825381066
-0.249373193377183 0.00117410228578696 0.200276521673105 0.305938783974572
-0.100871951341945 0.188903589548786 0.282718698048804 0.110331255494739
0.0716617326404807 0.175591552221831 0.221850138779261 -0.0576009918917037
0.152939204419871 0.0801511204736819 0.151543954336012 -0.120382677787026
0.160349857822707 -0.0327502017553293 0.104937223239177 -0.109032932765359
0.137669412216128 -0.0659510344023587 0.0740193012453793 -0.0475471642695155
0.128570773603945 -0.0724506990735607 0.112118719224526 0.0251496120230082
0.1709636504133 -0.00925660972698342 0.112437094972934 0.133265160258163
0.162287315027544 0.108703299709974 0.0445597831393512 0.242297873116341
0.0849538078506259 0.212642303305928 -0.152406716153004 0.231255767242672
-0.157363789949324 0.184579319760052 -0.214155708964154 0.0602392916572548
-0.253177766114214 -0.018471639709656 -0.0689692077497999 -0.122827675479733
-0.193016590850567 -0.151231882147555 0.172387017023704 0.059994737140168
0.0106404285116147 -0.130814122583168 0.312445423936072 0.239107112385102
-0.0884558163633939 -0.14790739412337 0.131703276412021 0.315974214049622
-0.147604902087326 -0.0373208234506878 0.171334392240919 0.313450199513161
-0.0743003470994388 0.100214752218877 0.249315272671337 0.152414085668766
0.0372705648811106 0.103426731088887 0.243549637590097 -0.0111136693365519
0.0877004335622971 0.0506750104219858 0.201145501459024 -0.109465952821663
0.101703425116866 -0.0198064703101393 0.148961979403908 -0.122750402235273
0.0949645739330325 -0.046487352981622 0.115114270248658 -0.070412458472047
0.0934481746705208 -0.0534045558870233 0.156349289511988 0.00168350238682443
0.125699958530869 -0.00772211237617217 0.164909374906466 0.11912154318434
0.12249176079264 0.0825258763785899 0.0882867137445974 0.252694902112351
0.0391995028276305 0.173653278653504 -0.129404230152894 0.251270353872979
-0.155155672433508 0.106491475600772 -0.204368579965988 0.0776638919092066
-0.1656232194626 -0.0765458726878576 -0.0576008100530751 -0.0998942110559035
-0.0552675944147615 -0.146921004981307 0.198594140843812 0.109441228294477
-0.0633142347736444 0.0881670252315803 -0.251216401365259 -0.144482305271616
0.0782159153583325 0.0851837980095726 -0.0186503128128286 0.157429176817882
0.0946233886749884 -0.0296826582895965 0.245325677898504 -0.0307953544337901
-0.00818313331328016 -0.0922150559140121 0.175508031452133 -0.284252367690469
-0.0599322796431722 -0.0327667140724675 -0.0946424588104724 -0.318309580501829
-0.0527929724816155 0.00330394141587303 -0.239874174228252 -0.147236515488732
-0.0517526613457919 0.0221290231022922 -0.221273037058768 0.000750364775874795
-0.0361230137564846 0.0224983977379365 -0.171612188424106 0.0802527429745652
-0.0352753293168242 -0.00430650183938567 -0.172580175339388 0.130349352444567
-0.0134558566787803 -0.0311857032244281 -0.216944578736898 0.114587865715937
0.00520985612441532 -0.0276889585507413 -0.264719102799203 0.0146715639107501
0.0437007300280769 -0.0194016788266084 -0.242566770159252 -0.144952173189612
0.0371538241021469 0.0687117138794867 -0.156703411185648 -0.30196599171814
-0.0575079727030812 0.117149128903789 -0.105239770164587 -0.36103309170948
-0.131784621801323 0.0382399594008221 -0.289866585307698 -0.289362892436347
-0.177018613687034 0.0242339973624466 -0.219934963254422 -0.176700599429904
-0.0515077368209972 0.104243608848843 -0.0219652596753513 0.160196247101639
0.0348448378970833 0.0555857068887022 0.267680029355277 -0.0113276530532599
0.0283528272340064 -0.00241332393356187 0.212638325561167 -0.289778174755417
0.00738438560109519 0.0139998734176582 -0.0829972182139845 -0.340711212552254
0.0244037866362442 0.00733017682681301 -0.238133770519644 -0.165084053135353
0.0138283285002979 -0.00968796415476 -0.221150184358644 -0.0114709718906624
0.0230489246291722 -0.00699652004545138 -0.172784406637612 0.0757989332174959
0.0319485021859073 -0.023789007981157 -0.162874693893515 0.130539579907251
0.0694523666181546 -0.00485946564983946 -0.202093721431511 0.13753694926303
0.0551535420862418 0.0524749154035432 -0.263228718562891 0.0572676622520042
0.030421200386877 0.0800567999172254 -0.270434091162497 -0.0973316695637888
-0.0634016259284621 0.119548833077018 -0.188856273149445 -0.263751554417125
-0.197756874691756 0.0771437740181807 -0.112374949168955 -0.317991816495795
-0.257673952588669 -0.0436643311346258 -0.247797372368554 -0.246634014611936
-0.262770371175865 -0.0625532094900592 -0.150705776785495 -0.172566057966495
-0.194999825032437 0.0833743142221406 -0.00998808897444218 0.182848998518965
-0.0629956113777139 0.12965206673907 0.297141610320729 0.0376678200539923
0.0401740811238508 0.107861009215547 0.267304355024536 -0.267242220752542
0.0748062618165911 0.0773800454545958 -0.0394090113496882 -0.347169152532263
0.105790702386482 0.0221241138333887 -0.203403858371001 -0.183866634080059
0.0838715308461807 -0.0362896595140313 -0.190956506801038 -0.0331145981104245
0.0795906515544136 -0.0361877090359632 -0.148973963047727 0.0595550686773944
0.0868890428862481 -0.0461099367618453 -0.126753502604026 0.122859261043175
0.139606722941191 0.00265889748287668 -0.155814474788251 0.161276158165103
0.114117517015343 0.102630099008723 -0.230042034597771 0.124740392953076
0.0564655607429408 0.161999139441473 -0.291117941937808 -0.0109559571152864
-0.119053613173327 0.191006497476902 -0.23423565419191 -0.193159349103866
-0.300946615295069 0.076473712536843 -0.122870873022377 -0.268173031961146
-0.35215054648223 -0.0912873945342374 -0.175246921868101 -0.182757442581903
-0.312051184598271 -0.139624020885934 -0.0562278651762709 -0.121491007079771
-0.317825684665675 0.03880590539125 0.0289137094915067 0.217497087515376
-0.172129928882387 0.175499879277453 0.319767538332013 0.0967171789621835
0.029086821315298 0.21170277352637 0.310814250794832 -0.217931366151508
0.13098013965149 0.140967521170092 0.013570749280788 -0.322295924043859
0.177252589901776 0.0369346367988137 -0.144054400358839 -0.184295442450269
0.143347331294525 -0.0609262793261301 -0.136831601291099 -0.0503689420769528
0.121227503484205 -0.0686464981808188 -0.102016566380439 0.0418749124786313
0.121048766638446 -0.0738167668597859 -0.0661025156874207 0.109067174116323
0.185739624068525 -0.013782303388096 -0.0804479791184915 0.179453938128603
0.172877595825631 0.114870864304405 -0.155469746365889 0.193286597296966
0.110616950145089 0.208293079920362 -0.275432366700311 0.0983626690431645
-0.12416021629318 0.258504839242696 -0.265452112202219 -0.0945675007113137
-0.348204544778862 0.106145786762803 -0.133590889643558 -0.215746076802532
-0.402237652339243 -0.0964241802587381 -0.0841643472231231 -0.11332046344722
-0.295045689144096 -0.215535511021309 0.0669743153056371 -0.0360516368492982
-0.379235506471839 -0.0562483588386904 0.0607622387369452 0.258687228945967
-0.273493793789571 0.15080436446027 0.304465304222063 0.190480460066727
-0.0293102891152243 0.271265216139562 0.343635736208856 -0.100326168217138
0.138736087645857 0.197589174939519 0.109056879820576 -0.250457478484574
0.210072618445965 0.0681555010224243 -0.0390506332458788 -0.180909543296744
0.184603466043651 -0.0603527268754084 -0.055370954942276 -0.0805592935188744
0.150366642623495 -0.0801592226239825 -0.0455220176244196 0.00881301181766112
0.140201259109879 -0.0846855284109698 -0.00631789748423133 0.0790192806139119
0.20487010112213 -0.0172585081941295 -0.0115767190706505 0.170036038556014
0.197764438026275 0.120615612561263 -0.0805766768567411 0.22433957071464
0.131221736889467 0.229875789153092 -0.235715467845253 0.165594759250147
-0.134367809920192 0.27428818553938 -0.256769988813465 -0.0237038473208259
-0.351095868109517 0.0889018119097925 -0.113650914462955 -0.180596623005795
-0.381785948468322 -0.121096126601196 0.0212331845762727 -0.0545393778098789
-0.223069940496617 -0.239979130000041 0.179342801690495 0.074586966752644
-0.343291129415725 -0.137995271827329 0.0948318295821099 0.29723834814469
-0.30321992090629 0.0812360183638868 0.261369075660414 0.264037900874015
-0.0805980650335766 0.259320403383945 0.328029578602696 0.015965633393553
0.115308471349403 0.209654361892022 0.180009785913194 -0.153300156129599
0.200946599830737 0.0833597440535648 0.064943301377102 -0.156065710105792
0.189260747433349 -0.0517450439172263 0.0288133116148219 -0.100637977419573
0.155384728392099 -0.0815097930067269 0.0168206697436173 -0.0214305581340876
0.141893618871569 -0.0864131669589333 0.05648736061078 0.0495257337532548
0.198215386254973 -0.0184588874772081 0.0573964137488353 0.151697283201157
0.194158937590707 0.115609006223382 -0.0100917740324019 0.238319658067745
0.120944865771301 0.229668627036922 -0.189416984022718 0.209273256867829
-0.145275315372016 0.247172652157739 -0.235470220099086 0.0291292356766141
-0.316207636005309 0.0444171929848615 -0.0913749129692613 -0.150562215275355
-0.307754562523433 -0.139632252989574 0.110767402396488 0.00186592199274757
-0.112305065577131 -0.208522807149679 0.262775679279224 0.178497042532344
-0.232212188992072 -0.171455620372071 0.114266112392348 0.32326234454513
-0.252266539290541 0.00633503477367275 0.20520339757682 0.306194056548892
-0.0980674202944245 0.191607100189234 0.284652653456213 0.10837871518944
0.0759762036022136 0.174229488016984 0.223357259410861 -0.0595801901234289
0.155067800367586 0.0773360097619088 0.151514416464444 -0.126007322947103
0.159910494919309 -0.0361990169446834 0.102360955885369 -0.114410500398368
0.136131892612542 -0.0698991031941814 0.0736633029602362 -0.048464386663355
0.126289453996602 -0.0745738289961053 0.113237504456344 0.0232334931420852
0.170936914874763 -0.0137616028828971 0.116803469795977 0.134136199133986
0.165891972904763 0.105459940808615 0.050500124600603 0.244683987383794
0.0896852171596563 0.209799677114857 -0.147770249511778 0.238764485911169
-0.154345683147387 0.18905750527161 -0.213874134489608 0.0634113677815748
-0.254619567745766 -0.0146574329859258 -0.0729886224068789 -0.123164803716264
-0.194856047029986 -0.150406623573164 0.171718219441192 0.0546579616354325
0.00908583008921244 -0.133657551998169 0.316945265705135 0.237409983895665
-0.0916935537586104 -0.147584463873043 0.135581481815494 0.318239688505451
-0.151107496130445 -0.0338282684583187 0.176122647977221 0.313438222296847
-0.0727312985326324 0.102521458248732 0.252570445108709 0.150729965653222
0.0397802480139775 0.10270968933546 0.246793717778342 -0.0136922141759058
0.0887295444846272 0.0492615584653035 0.201397577317123 -0.117829690330404
0.101338094611999 -0.0218054689601108 0.146196772531899 -0.129062227148409
0.0940282273125809 -0.0500360005251883 0.11367893384258 -0.0717525651873969
0.0917194592655593 -0.0546151965625499 0.156419458011505 -0.00061568964675487
0.125104523391495 -0.0107236833728618 0.168906198928034 0.117564057693153
0.125117682833689 0.0797562102774446 0.0947544738856781 0.252756897384972
0.0431774109715823 0.172046618905603 -0.123681558077916 0.258523774491943
-0.153692158157601 0.110169057764061 -0.203895919725677 0.0805417382733866
-0.168201154093102 -0.0746906722745987 -0.0613838525985957 -0.100650666162308
-0.0584859989381537 -0.148220288801312 0.19890105515677 0.103790118418515
-0.0652404993793129 0.0907735417432848 -0.257502139483219 -0.144055188408482
0.0813934361201057 0.0852893241984628 -0.0169505609339124 0.164692970290603
0.0969054007717959 -0.031632080913332 0.250541840742714 -0.0323058946753865
-0.00997650692444485 -0.093459089173822 0.175424791330192 -0.291809277174297
-0.0611186201977544 -0.0323693870247929 -0.0994757857963356 -0.325898309965978
-0.052510141618229 0.00432996138685753 -0.244783022781706 -0.14696575484402
-0.050738365291843 0.0232746063243503 -0.22355227380248 0.00443656375984208
-0.0342422639290601 0.02372163884464 -0.173296369258058 0.08389886306881
-0.0344495227696861 -0.00272995380993897 -0.173470265224855 0.136594074784625
-0.0148025702458586 -0.0308458601007638 -0.218335379048195 0.120875072075449
0.00532985032839788 -0.0281701805984368 -0.27049517685731 0.0171452656625193
0.0438225698830148 -0.0202701512062497 -0.245506183564965 -0.147560086525744
0.0383779855020415 0.0701796523194808 -0.16088068613965 -0.309860730341842
-0.0550278746554585 0.119702964579076 -0.10807658198076 -0.367807312054565
-0.133396908255578 0.0379877126674338 -0.293632886936404 -0.291834284859075
-0.180030104122321 0.0259839849471692 -0.225295635820014 -0.17796871571381
-0.0498515922232764 0.105684578960619 -0.0201608830540162 0.167966277647719
0.0363462438601025 0.0556393015253306 0.272596748453306 -0.0121881867807047
0.0272979103327345 -0.00334900161072435 0.213503487903305 -0.297953233552253
0.00833421488465413 0.0146811155934037 -0.087005908629136 -0.346423283577222
0.0255867377903547 0.00758969776661602 -0.243155296992452 -0.165046850845257
0.0146128839386449 -0.00938709078269607 -0.224554412205973 -0.00803073825230394
0.0248799528026526 -0.00726839876757115 -0.174564577957358 0.0793176695675456
0.0328748481363103 -0.0236355344435194 -0.162962940005728 0.136697746813427
0.0700042974367173 -0.00587202584627741 -0.202662942485555 0.143418951351002
0.0575713912983878 0.0528957579582046 -0.267957884237298 0.0614464787819046
0.0313968409916977 0.079842254660218 -0.275632647564311 -0.0972093687976071
-0.0632461246847288 0.122375324509029 -0.194175641698264 -0.270274416955631
-0.198724179522188 0.0802996565426182 -0.11586326716217 -0.324001328553831
-0.259702539091574 -0.0448347501004182 -0.25271023621992 -0.249192030370342
-0.268206480835387 -0.0632015623813857 -0.154902343462631 -0.174371407049692
-0.19633118996032 0.0869036674386889 -0.0084916473247818 0.191041107540176
-0.0630968379190149 0.130743785434227 0.302129842870723 0.0379257513201875
0.04158383372302 0.107672410807228 0.271019235248672 -0.27498800502777
0.077136183942327 0.0785387223708112 -0.0424986306691698 -0.352500322192521
0.108096815737156 0.0209340043485782 -0.207944856449243 -0.184852049459245
0.0845802198965054 -0.0373340103208062 -0.194483089917007 -0.0312102303376975
0.0817470326050376 -0.0376467632810015 -0.150231914685254 0.0632083736535231
0.08859176033761 -0.0467292734777459 -0.126778005008166 0.12831296751515
0.141491517756756 0.000849343547143315 -0.155272324315275 0.168143682900382
0.119347358246037 0.103276854741314 -0.233377966401373 0.13019418856215
0.0592453900999387 0.162707524499211 -0.295812671786225 -0.00839330726676439
-0.119452644429503 0.195760049681559 -0.239731956624085 -0.198577565225389
-0.30382542534267 0.0804915163024846 -0.126770067431914 -0.273890416876653
-0.35584627590498 -0.0930611448064257 -0.179700818436269 -0.185563191172516
-0.319232036441513 -0.141001660426955 -0.0581301484782261 -0.122593346605904
-0.321227630161448 0.0426505186896773 0.0304594671727917 0.225667931934829
-0.174321853292755 0.178894247611709 0.325635126649169 0.0981514542621737
0.0306348125346192 0.213520580872673 0.314394796285582 -0.223597617818021
0.135315983807719 0.141920039892573 0.012522525676289 -0.326772529819512
0.180134814688528 0.0349043683518019 -0.146936601526525 -0.187005596010054
0.144336509019201 -0.063258876481317 -0.139063647059852 -0.0504353940093203
0.122656423141433 -0.0711776224899997 -0.103327270649916 0.0449066281988072
0.121590191028885 -0.0750893704764295 -0.06622266575427 0.113475723656442
0.188104203751893 -0.0157454154619211 -0.0777516693603718 0.185293920531226
0.179283452460722 0.11430068774404 -0.156427138949627 0.200999404397269
0.114457781174663 0.208181790080689 -0.278280591761848 0.105379070336379
-0.124257938588161 0.26419590428598 -0.270932127968562 -0.0969217643028945
-0.352520781634604 0.110731860410477 -0.136955586389483 -0.220803770354641
-0.405402406981418 -0.0984699721208312 -0.0878543586356068 -0.116138068271037
-0.300256890319638 -0.221473935656876 0.0676951193149163 -0.0360215934673098
-0.384087594493419 -0.0536761192122083 0.0622933161692374 0.267683240184739
-0.277605791516537 0.154891342003195 0.310541446286076 0.194649997615322
-0.0280933913106779 0.274594430682241 0.348332911662801 -0.104379445137318
0.142350553507642 0.19897884229575 0.110823842477555 -0.254001563959781
0.213810356447419 0.0666504467929752 -0.0396791935337785 -0.185137171983151
0.184717191007962 -0.063410747512482 -0.0582750444337682 -0.0823872078798595
0.15161181236275 -0.0839093029743069 -0.0457854023638374 0.0106362787821766
0.140826933392012 -0.0866412887738677 -0.0066432890878648 0.0819874571601448
0.207127056444371 -0.0199192589747401 -0.00752974447902909 0.17514234452694
0.203302118871925 0.119177485372433 -0.0800207197047395 0.229846641448762
0.135839353964681 0.230588038953125 -0.237894825276358 0.173582482678609
-0.134196512663631 0.279670726872921 -0.261468492286524 -0.0246714114622679
-0.355845190629084 0.0933759593250212 -0.116852311148377 -0.184239730725719
-0.386335706773331 -0.122642404529672 0.0193503084986244 -0.0574971836366547
-0.228161527002838 -0.244756244058429 0.182446488071003 0.0753944558785765
-0.35120998742728 -0.136020863550673 0.0962275175317755 0.306497645101817
-0.309130648974975 0.0847262787558467 0.266448653435285 0.269434444860068
-0.0807851024772673 0.263728332993051 0.333508274611552 0.0158919843237664
0.118897213498735 0.211572730224414 0.183652930044315 -0.154609213037248
0.204876006331973 0.0821512607842088 0.0654640978653269 -0.161505703343059
0.190528577445374 -0.0550164444936846 0.0273632599164064 -0.104792468858051
0.156916557434663 -0.0858268354260666 0.0170697313503505 -0.0209861592200754
0.141690283681459 -0.0883460566615994 0.0574836811375572 0.0503202613923736
0.200255902435377 -0.0210238148548867 0.0619525550456273 0.156558199065902
0.199731397829801 0.114003274385854 -0.00759906345695902 0.243096147347571
0.125973644592638 0.229254518502707 -0.190045825040373 0.217955602159867
-0.144917678337949 0.251630290852671 -0.238818717268921 0.0289398474729786
-0.320950722979836 0.0480248958189326 -0.0953198748311467 -0.154096179971254
-0.311780793199719 -0.141952412478056 0.110049739348577 -0.000649614156817665
-0.114650228762117 -0.21330799542633 0.267026791213451 0.181612841672186
-0.237307924264985 -0.171602892774623 0.116251824105528 0.331110955743445
-0.256997413163746 0.00860072378721421 0.210118557838577 0.312836969549058
-0.0978748353549453 0.194887292418413 0.289166363588369 0.110392781911248
0.0790618108920965 0.175964380130688 0.228730675694041 -0.0592684474750594
0.158010990631138 0.0769220042016884 0.153911186590701 -0.132666706977673
0.159999192896482 -0.0383865339404984 0.10126056632815 -0.119971931892662
0.136824480277563 -0.0726889594168644 0.0745110422893189 -0.0495569307858851
0.126662633164533 -0.0764955227396217 0.113966118185716 0.023237023540621
0.172990654252092 -0.0152970543864954 0.120854438644297 0.136933940227131
0.170750357788566 0.10397627776699 0.053984026869684 0.248655031327972
0.0929965517458487 0.209427076173168 -0.146550060496331 0.246886335644779
-0.154514210110291 0.194415094952978 -0.216323188688433 0.0639340177389648
-0.259037982267948 -0.0131889461206337 -0.0768341282813039 -0.125313898212097
-0.198072579457069 -0.153295268994662 0.172389440406298 0.0523033202032599
0.00870782197260533 -0.136944411389701 0.322148817657934 0.239744092466508
-0.0944347724504965 -0.148718089736548 0.137034288348455 0.325755849441958
-0.153898389073109 -0.0325994318883553 0.180348222650018 0.320973307675254
-0.0728751761134209 0.105142216244816 0.256705266396863 0.154630689350086
0.0412095755077389 0.10336974422652 0.252583113733098 -0.0137754940921809
0.0899302855358427 0.0493287018334814 0.204100632510976 -0.125113461392514
0.102284732013573 -0.023675493485601 0.144922255860713 -0.136227526812258
0.0943722260986708 -0.0523669083477739 0.114885155270397 -0.0732293118115629
0.0920413403815467 -0.0562430465199565 0.158984758892182 -0.00106090100042606
0.127103840778912 -0.0115077874404834 0.172959967851547 0.118552065113496
0.127579251128431 0.0785942632217117 0.0990877304735312 0.256128489075303
0.0466644870017044 0.171609514673919 -0.122219640693014 0.265819920647907
-0.155127962556644 0.113936811527515 -0.207110424721704 0.082190718559381
-0.171194383401093 -0.0751932618587832 -0.0655302540793806 -0.10311987425709
-0.0600973016801003 -0.15132836952259 0.200876290898628 0.101307183162259
-0.0671070599414992 0.0960224317679665 -0.26959630492438 -0.148067817333
0.0860653859712834 0.0867695842482868 -0.0155820939700401 0.175026436140037
0.100195733190535 -0.0339650278783836 0.261195873018946 -0.0343277211598603
-0.0121044790410475 -0.0963867767244395 0.179506556510647 -0.304907376331168
-0.0631967970038959 -0.0333135102793856 -0.106028158587248 -0.340370451067192
-0.0536437680840861 0.00544295572727304 -0.253732280199145 -0.150066812341826
-0.0507146986540835 0.0257949370306084 -0.228634102439832 0.00798168070878007
-0.0334021454587248 0.0248702416932242 -0.177939305134373 0.0895310660819758
-0.034945195894644 -0.00189054669432865 -0.17622443763704 0.145086427691449
-0.0160536198693957 -0.0312882223994036 -0.225437530292743 0.128616720591848
0.00442208461144143 -0.0286727046324297 -0.281773694304644 0.0207932753756424
0.0444130296833875 -0.0221892798216098 -0.25420837062239 -0.154325451449194
0.0407847328862567 0.0734173392869336 -0.167940762725085 -0.323935385136721
-0.0544431169319951 0.12463422009848 -0.111817148883701 -0.382550803406258
-0.138152878175089 0.0384917953892082 -0.303926723481565 -0.301159472913091
-0.186922565574962 0.0289590662793527 -0.235789246441267 -0.182930113064075
-0.049526489886387 0.109708409223604 -0.0191336038673207 0.178774031028162
0.0385851640163599 0.0562375899969616 0.283595839146159 -0.0136389922079012
0.0279330941336162 -0.00474236998773504 0.219022311663194 -0.311586315766714
0.00909772062071325 0.0146981336537348 -0.0921368415940837 -0.361205874692107
0.0269548893450239 0.00716201505304933 -0.252842704009926 -0.169017549514525
0.015462089994037 -0.00921643138708394 -0.231002246737426 -0.00468066333724897
0.0277104908221894 -0.00770030185998302 -0.179566075510145 0.0850998820290365
0.0348681959676976 -0.0239059640307822 -0.166661691858999 0.146254013316444
0.0726498087620147 -0.00609750242017161 -0.208086769389826 0.153135145977098
0.0612200103042496 0.0542743096588027 -0.279240706722335 0.0675352849149411
0.0326192459356207 0.0812785160107885 -0.285277827740429 -0.100197672985743
-0.0647696400558123 0.128249705757441 -0.202668402167038 -0.282235293999191
-0.204160466713023 0.0846762513270616 -0.121531170556241 -0.337408850238736
-0.268088442505734 -0.0484288044789423 -0.263023836573826 -0.256296019145241
-0.278249247924464 -0.0641127581953284 -0.161990467160593 -0.179931095153457
-0.200984377075139 0.0914236276300662 -0.00716542821577048 0.202391368169961
-0.0644541185118242 0.135020881920457 0.314028341047807 0.0402338548961143
0.0426521450747066 0.109865107256901 0.279218236843647 -0.287584284014143
0.0812672598547892 0.0799913045994448 -0.0454118158505938 -0.367101436236883
0.112686686936892 0.0205816247204476 -0.216097981345319 -0.189599970271972
0.0868222442985666 -0.0392133989854641 -0.201470113538945 -0.029860023830912
0.0847775065565479 -0.0396477061596555 -0.154544566219639 0.0683576400801256
0.0912661455940084 -0.048585710888239 -0.129585417489514 0.136830254295556
0.14589540226397 -0.00046693609982258 -0.157469409186109 0.178962357013733
0.125716690539179 0.105740941035956 -0.241644335937803 0.138761281940947
0.0624503073268833 0.167038226533011 -0.30613448429893 -0.00484236793638878
-0.122924523651394 0.20440100115922 -0.249761921047471 -0.207920106697606
-0.313981445481778 0.0860256228183765 -0.132340032740428 -0.285319329397261
-0.366939083599144 -0.0972020032884638 -0.187974924868912 -0.191802590159975
-0.332587319122069 -0.147050815828045 -0.0613493508719851 -0.125720473473685
-0.331332220245297 0.0470027499049571 0.0338922537156813 0.239462636564799
-0.1799267737823 0.185722966178054 0.33849964835323 0.103467543641189
0.0324078923434766 0.219981374153292 0.325460760843138 -0.234355628047659
0.141017654643407 0.145830952246003 0.012843098969277 -0.338927383835829
0.187016053196888 0.0339757265800411 -0.152383466527174 -0.193035077618258
0.147400175007978 -0.0671863682890408 -0.145342314068697 -0.0517432314828832
0.127006358415179 -0.0752169638226236 -0.105994853739175 0.0488738721830635
0.12454067013002 -0.0784348190385435 -0.0673058728882346 0.120864088135391
0.194135365316989 -0.0185720836438059 -0.0761158037091853 0.19603087630976
0.189005547435249 0.116175262825787 -0.161493915162365 0.21210994499597
0.121065186230392 0.213151171930889 -0.287163776402692 0.112938016564974
-0.126159917244387 0.275583015575279 -0.282182498224864 -0.102593020028135
-0.364281203280149 0.118328648442598 -0.14288433514204 -0.23064370815522
-0.419710361301414 -0.102031875463482 -0.0929223130514851 -0.120392803185538
-0.314123971570751 -0.22967516751002 0.0696932504473983 -0.0365105474480296
-0.398057867679692 -0.0526913165683435 0.0658793730722689 0.281426532726539
-0.28733068978373 0.162085805644261 0.322908925987642 0.203208130320456
-0.0278838294844261 0.283785854486255 0.361793099118443 -0.110250903610529
0.149856785191724 0.205218203729394 0.116245530743722 -0.262743657389295
0.222921321568377 0.0667707574892557 -0.0423318683248049 -0.193220511293536
0.189807004479226 -0.0676785785420516 -0.0613808870794844 -0.0865873344427836
0.156275745584585 -0.0882895596677494 -0.0466764790857711 0.0124346391623094
0.144502525571516 -0.0901844974545989 -0.00617043501692754 0.0868829059249076
0.213732907728739 -0.022380089699803 -0.00382324560088969 0.184340145607547
0.214082450988355 0.120660966014834 -0.0810118615527712 0.241357336177932
0.142392970273261 0.235260236910243 -0.243577588134783 0.184555999808864
-0.136454131815404 0.292549253714412 -0.271578572297741 -0.0264848387564077
-0.368790813749977 0.0997771404936284 -0.122514438960632 -0.192084592829641
-0.398220955541306 -0.12732986579914 0.0169971602214247 -0.061168657707404
-0.237695256236663 -0.255346730492634 0.188793980567697 0.0789026979168204
-0.364072500703821 -0.138486690868995 0.100005094457995 0.320754175497091
-0.320346992459438 0.0895978627296929 0.277978610185231 0.281092621153717
-0.0825889982919898 0.273085207809481 0.346831907332388 0.0156791152949912
0.125722612275057 0.218076377600839 0.191795892623445 -0.159702819451199
0.213219734083155 0.0835596507762992 0.0677000575272976 -0.170869804989894
0.194685151330046 -0.0589437025310404 0.0257545634043875 -0.111812576693859
0.160376664505989 -0.0910362230062994 0.0178213920145342 -0.0215220491398574
0.145338281126836 -0.0923314312737996 0.0586536374077904 0.0530557854650437
0.206372999312382 -0.0241857241674472 0.0671827143123293 0.163983568839957
0.2088121455649 0.114739221002734 -0.00488669497295716 0.253597927611624
0.131434322922892 0.234122336231917 -0.193743532162144 0.2311087591888
-0.147995694582462 0.26319602116714 -0.247794812005147 0.0297486615059376
-0.33254075945959 0.0514630632381637 -0.0996665845255797 -0.160289863167667
-0.321349085915592 -0.147510015933209 0.111230780723932 -0.00339101773335184
-0.120238284352002 -0.222819240559711 0.277029972863956 0.189395596247617
-0.246773615473895 -0.176358455561904 0.120873952294361 0.346947471330058
-0.266933286234202 0.0113430485752354 0.218496452102883 0.326349845802051
-0.100563127367883 0.202820389309582 0.30021508132295 0.115196957106109
0.0840693395793713 0.181173093424893 0.239012295599438 -0.0612078403782698
0.164998187269997 0.0784259343965592 0.158930710435821 -0.14194902570134
0.164447269385798 -0.0419172294582478 0.101564216884022 -0.128557115901655
0.140093973950774 -0.0781997377282955 0.0769619148734735 -0.0516029507629126
0.128878974330676 -0.08019022622639 0.117730725030676 0.0243717752121622
0.178129365637926 -0.0180178445683789 0.128118465953672 0.142488835620537
0.178113449337116 0.104824606799903 0.0593005489863285 0.258227535013871
0.0983512576590021 0.213245577376473 -0.148645486701115 0.260548324817226
-0.15869691865994 0.203448373209642 -0.224513922763624 0.0668072974711801
-0.268702608582547 -0.0128413021099231 -0.0814583431817168 -0.130745617558087
-0.204840961966005 -0.159675734151635 0.176566249261417 0.0506526652680498
0.00806129899522334 -0.143622877046192 0.332927901217202 0.251419348372138
-0.0986970542688488 -0.153456926911997 0.142118005822935 0.341178810816973
-0.159831357580278 -0.031079241960392 0.188589122613937 0.334918834203448
-0.0743767930188914 0.110253980445753 0.265857889335147 0.161716383899505
0.0436648635026288 0.106522759112726 0.26363548603256 -0.0149488552215977
0.0940993098654829 0.0513607852103614 0.209685023478829 -0.134506387935504
0.105141052512511 -0.0255956663400344 0.147147862652439 -0.145089871717451
0.0968044067000618 -0.0563913386149459 0.118096014964434 -0.0772518908558168
0.0942862901615833 -0.0595629300912987 0.16340421466766 -0.00165162446245547
0.131200071553623 -0.0132252188416881 0.180894730718677 0.12275560196975
0.132822098396399 0.0789778831651436 0.105078591502453 0.266033899716354
0.0494908028219463 0.176021094502886 -0.123200999332681 0.278749221947244
-0.15964519923392 0.120933732676659 -0.212838651210079 0.0849022498170987
-0.178058227174026 -0.0778091149780323 -0.0703196211422365 -0.10683541081986
-0.0635253978530258 -0.15728581436651 0.205692827168614 0.101836373386211
-0.00105020086116114 0.124413371145324 -0.311221244133677 0.0571180087637219
0.124461428664081 0.0178771588904129 0.108903885476142 0.15681863387126
0.0630474836937747 -0.0919193495923721 0.198669998770625 -0.19917034821827
-0.0700336799455783 -0.0730484371109132 -0.0520960772378216 -0.374805865651839
-0.0731325675501727 0.0129884453075754 -0.310651435579054 -0.212509753844529
-0.0403444660818152 0.0388967660119794 -0.308249250661978 0.0409227198067652
-0.0233140685456941 0.0547562748210895 -0.183282958824714 0.158558082745667
-0.0109835265647024 0.041669701915452 -0.0877588432918524 0.189486034474645
-0.0292704323592254 0.0228054701194298 -0.0474140433052007 0.235800955545698
-0.0333549399726227 -0.0135862372540414 -0.103380149002744 0.25585575106049
-0.016237181948128 -0.0245647337943751 -0.219570511188461 0.201821115818028
0.020446653087454 -0.0449195512854447 -0.314209917798701 0.0352636323293543
0.0798900698857556 0.0356137383131585 -0.356745825382737 -0.160724413089764
0.0335851079251604 0.137208796814358 -0.3550541870678 -0.245523946094124
-0.0994631472558367 0.122181981973697 -0.453267896828289 -0.0600445479019473
-0.143611284950341 0.136967814167691 -0.308657010675638 0.0145897835924219
0.0277272642270092 0.118675799894532 0.105084438509196 0.166718952790993
0.0670430005569718 0.020963760175119 0.233794525368998 -0.190113071544587
0.0170554699194574 -0.0224455936389268 -0.0185716559446519 -0.404645967597977
0.0156202222931594 0.00747006599235091 -0.310287047054231 -0.240318715323143
0.0273735695811482 -0.0100779142661152 -0.316827299020616 0.0233241214831445
0.00833427230827305 -0.0157059487998239 -0.194163331373876 0.14771151628817
0.0188052194062923 -0.0245984836828286 -0.0913415216677299 0.186951527820028
0.0140668119610505 -0.0415486333888299 -0.0389261536926185 0.230953610815646
0.0573239703280857 -0.052114856095693 -0.0721229227281301 0.264733706369315
0.0868689668452541 0.00742633881658702 -0.186705698090299 0.23908661147052
0.0778642844654475 0.0509961882361247 -0.304689237048794 0.100376024608627
0.0253827378978542 0.154265714792477 -0.356968897985203 -0.103701464548464
-0.120573596799868 0.205621011668564 -0.331405692810199 -0.206411942346231
-0.268691865008665 0.134528887067825 -0.384059205821271 -0.0516406959213447
-0.27857403166467 0.11127350037816 -0.251342769252581 -0.0224358078672657
-0.107314749654893 0.195642467911314 0.125336345719717 0.184207532461441
0.0302486043697398 0.14923503769158 0.294036998133382 -0.157970910348628
0.0983843895577408 0.0622097682932359 0.0515971386833203 -0.420174459427533
0.115388678351488 0.0168005579186198 -0.271077328057246 -0.275956035576521
0.105715638858671 -0.0535845906814818 -0.297670592490507 -0.0182805441515451
0.0472921842816431 -0.0854011437479246 -0.186959441925914 0.105924205992138
0.0454121384191895 -0.0890875055072486 -0.0817051232621486 0.157525365774421
0.0448547239200967 -0.0988475075994005 -0.0145668627409559 0.201210754023976
0.122755735221298 -0.0953744577140564 -0.0130722693247936 0.253931138664134
0.176463604838472 0.00680104143037105 -0.109460867478378 0.2733321674959
0.159080439574465 0.104597491106857 -0.2580650238901 0.193982935186813
0.0266876615123611 0.261365202933149 -0.347190658939117 -0.0123450685549266
-0.213253745043178 0.282472747641255 -0.308412235488342 -0.158604584089387
-0.38508272671213 0.158627229391135 -0.27402701825536 -0.0492860262156886
-0.373492211238812 0.0725971211083265 -0.137899110788716 -0.0391151644686824
-0.241530502425839 0.237944200440898 0.17717793514655 0.192235541552819
-0.0353452986365183 0.263995408064105 0.35381563303567 -0.114290830289742
0.156392866705391 0.158896763185472 0.130016173322887 -0.403191864001574
0.205447007600329 0.0331129218391782 -0.201674899961595 -0.291316620803626
0.175381382667686 -0.0893547052452944 -0.245822964222247 -0.0634165829649801
0.0777602404580064 -0.146847505995514 -0.15542754341371 0.0496568202338586
0.0569443805240678 -0.145260831130567 -0.0542913603883057 0.109884072086925
0.0539074159491109 -0.145655630275806 0.0259189054141464 0.14758974326899
0.151372895902672 -0.142697992820679 0.0671896307217597 0.214655045828328
0.236990066443693 -0.0264944000724071 0.00518236135906285 0.27951807809122
0.240064918927061 0.106043569806162 -0.164984403949737 0.281112960193293
0.0728616998589948 0.327262815812751 -0.303105735065573 0.0959078081873121
-0.234832854544517 0.345185752247114 -0.280874888314097 -0.106256759083331
-0.432484027831549 0.190321225368001 -0.145657281511081 -0.0544990219074563
-0.406529408903786 -0.00918070632213067 0.0219246115899839 -0.0489620910135594
-0.355665614745854 0.195453447028736 0.22531500734966 0.205758414150751
-0.138726866857589 0.311180598748253 0.400368863728897 -0.0157573097475159
0.147080313359251 0.247308552158896 0.243334931704966 -0.316915632708975
0.249475856228205 0.0766220112560438 -0.0651981605857686 -0.292880846492597
0.225059337581959 -0.0850211756308105 -0.153761526939103 -0.134734183229322
0.11095254577072 -0.174568130495592 -0.109230628627418 -0.0360049461769999
0.0715614324332194 -0.174556199233893 -0.0292722946406447 0.0413487398968361
0.062574457061524 -0.169138750872419 0.0543921256954698 0.0799793018697758
0.164156012713884 -0.158390945872782 0.120034109787381 0.157780301644844
0.261899589552716 -0.0393481782656483 0.0911849357722761 0.251296646452935
0.273316757912897 0.109230264345869 -0.0813913883167588 0.312365394099006
0.0760832870952281 0.348655416107157 -0.243602174737134 0.151958723136167
-0.250785665055957 0.332482843240389 -0.237648282520129 -0.0896352949284717
-0.429657832263254 0.154860368969411 -0.012925220285075 -0.0776312621752474
-0.35610569423567 -0.0771920783715094 0.192598600806136 -0.0350697723486932
-0.380505900118994 0.104980512672269 0.27669899840788 0.213020025219901
-0.209600556319628 0.271585437581825 0.4085177104756 0.0774097780486656
0.0968372667120152 0.272295818823567 0.310399497853983 -0.198354060158492
0.237248650145413 0.10153812156374 0.064527296807383 -0.255195385293562
0.227693567349646 -0.0656332089450674 -0.0492635148579366 -0.187003208412393
0.120208011118542 -0.170935999246599 -0.0535521987002439 -0.114348035218603
0.0728368557909245 -0.179602647934833 0.00148748061506341 -0.0286749723945498
0.0620718066557297 -0.171709506927692 0.0860181246496887 0.00890079960153871
0.157255707503598 -0.15557318911096 0.166116999201461 0.0938105576506831
0.254033003921608 -0.0409638612092244 0.161644969947631 0.211852763157065
0.264429707595472 0.114799596086887 -0.00947555909655485 0.317757866978808
0.048183363917053 0.332392874310622 -0.186539384568008 0.182940492032133
-0.250653049979449 0.268033247066716 -0.196066394933447 -0.0769272527998816
-0.375533841974268 0.088135351141517 0.102866733341081 -0.088551288258774
-0.236054463003378 -0.119646104400902 0.33643431050189 -0.00776047988894054
-0.306937942358942 0.00317820455213892 0.310606046435385 0.216019578336552
-0.212553385250456 0.175126872073658 0.386096613107993 0.148753106255432
0.0408338233736903 0.225706034303747 0.332284032293665 -0.0851719121504275
0.180305582201835 0.096461958486197 0.16504486906685 -0.203566345727595
0.184768976584023 -0.0390849622899333 0.04235351452488 -0.22184933759268
0.106200110955745 -0.138360372543234 -0.00199057366625556 -0.1776283806633
0.0649768988396642 -0.155923550354458 0.0303994657423624 -0.0917687170653177
0.0566792452218795 -0.151319697954341 0.115024269650923 -0.0536315813017225
0.137807971245562 -0.132239353860248 0.201442882198661 0.0371758363082025
0.220807515636536 -0.0289926930758858 0.217649885745456 0.173433233681221
0.223692389315787 0.119003944292488 0.0477135468492137 0.312953454111836
-0.000714478169082038 0.287048235167392 -0.14163445853014 0.198448008541804
-0.239300932523737 0.169906047014692 -0.15767100326168 -0.0630665426006478
-0.282070316739637 -0.000764175564196964 0.190853457504011 -0.0816986478981979
-0.0786461046805516 -0.128406919623968 0.428024090574963 -0.00311347825038614
-0.171814678405892 -0.0672104828430513 0.32839750968089 0.192785071627159
-0.148746254872165 0.0741346668806118 0.366692838749146 0.168323367892476
0.0076031314493339 0.133838677814996 0.331700389830246 -0.0266920563922746
0.101781523441777 0.0589534047154636 0.213087695103114 -0.180498373044349
0.109408330540814 -0.0170121625904979 0.0856181309736769 -0.248799779414612
0.0681055758095191 -0.0874152685315557 0.0238905061665782 -0.220420569974861
0.0430486428697934 -0.109652438868969 0.047869360870308 -0.139408198923263
0.0408692729056485 -0.111499635582776 0.135329804328752 -0.106113620580013
0.101455922050025 -0.0975902955535608 0.23218259352532 -0.0131817691912606
0.166002865829112 -0.0201670954584348 0.259807613198944 0.150404692731239
0.158049488987516 0.118189448546745 0.0818315264232067 0.310965701331662
-0.0570848665273941 0.215343078976022 -0.119194952868748 0.20821074980231
-0.206425461593388 0.052158613672652 -0.130895559492035 -0.0474161877132167
-0.158577196599775 -0.0924841738007122 0.246808603186798 -0.0529062893246512
0.00676396540904958 0.132745046917447 -0.326490782571143 0.0800231030226658
0.132795491862593 0.0107021846948681 0.128670857655564 0.162132060119863
0.061404597405862 -0.100918515618285 0.201555184148452 -0.222010879162672
-0.0792352368918475 -0.0727371513691403 -0.0766125088540222 -0.393665936816751
-0.0777528393222293 0.0179602032299415 -0.344169373499909 -0.209485854649971
-0.040083791757844 0.0436014121527089 -0.323839395776335 0.0602833578420936
-0.0203210716822426 0.0587135362054955 -0.182716625265735 0.17626461219149
-0.00826929385765491 0.0433481248925569 -0.0807884689876414 0.204912467546592
-0.0280290543146327 0.0259115068344337 -0.03360195123587 0.252544214193419
-0.0356090080394942 -0.0122854897120711 -0.0938506530698473 0.277589056678037
-0.0183714007034293 -0.0243995879118895 -0.222734886665736 0.227041753013049
0.0178537023163125 -0.0479880514995429 -0.332148858975796 0.0503586733260896
0.0878374590118817 0.0332396333031768 -0.390163196239118 -0.155285655139137
0.0437449113472943 0.14095807668194 -0.388831908819023 -0.244639822914401
-0.101730870302532 0.134290780454889 -0.480171745635902 -0.0432525603853597
-0.145734838728327 0.153187212731007 -0.326992399678 0.0338863761226014
0.0363022462097943 0.122949548776667 0.125158586988977 0.174409944846887
0.0711787503673004 0.0176799409368578 0.239946671241474 -0.212692738230518
0.0157047475285007 -0.0244652144638894 -0.0423019685668345 -0.428509463864625
0.0169640037583593 0.00686196414003638 -0.344124921000003 -0.238812142766625
0.0279674093138285 -0.0126715612053838 -0.333673726383289 0.0423595977036444
0.00845851699537079 -0.0167719808539367 -0.195784172425725 0.166604464283618
0.0186523054191305 -0.0285654656474319 -0.0842819864641203 0.203584164765072
0.013395716856416 -0.0442700217062878 -0.0242287869220498 0.248085044914728
0.0575711289456526 -0.0582180998791277 -0.0597071038552929 0.285698707330026
0.092713316782183 0.00258023471031298 -0.184855059408773 0.266204421012649
0.0837985095466252 0.049877779602416 -0.316943934739933 0.120280762365049
0.0353486748454664 0.162355709085461 -0.387277736991124 -0.0953822906541662
-0.115831606533526 0.222232149445653 -0.362545920122734 -0.203275108491098
-0.280656687818266 0.153769602310304 -0.408329049155351 -0.0375669284225815
-0.290061347643747 0.132525876879359 -0.267399908047441 -0.0098286277058647
-0.102788384234345 0.212044072014529 0.147938424334569 0.191372812915231
0.0385691408813499 0.156174626666452 0.304247766384556 -0.180766238951003
0.106174462338256 0.0603985242407963 0.0314087499818869 -0.449535079521649
0.122908043714816 0.0109662336862869 -0.303628102563125 -0.279181334535992
0.108363403726485 -0.0630178832193597 -0.315808213045016 -0.00416138833949798
0.0439986763910826 -0.0922274497802373 -0.191000783173367 0.123155317927607
0.0427390495586454 -0.0974454046138352 -0.0754578929403998 0.17162465686522
0.0420941352733742 -0.106808023338388 0.00026297655550649 0.215745569551796
0.124504645735153 -0.108599494640605 0.00382203840122136 0.26986176153447
0.187763206756506 -0.00338950830231094 -0.100064796784976 0.298650202752752
0.172737196999539 0.101675408424198 -0.263152514921233 0.21860659158901
0.0421596905490504 0.275626060501696 -0.372332269994647 0.00240227791872044
-0.210183470352593 0.310380906397244 -0.335060932421152 -0.154024262195459
-0.403514128686349 0.183212661817587 -0.292489234543857 -0.0390031645477355
-0.393546011692858 0.0952289519081722 -0.147945791646226 -0.0331872055343748
-0.242643205314005 0.2641379128959 0.202153530817011 0.196279230209844
-0.0246357032060517 0.281492917684852 0.37137627874079 -0.136505891447604
0.172772117592166 0.159371530862675 0.116115061025507 -0.434873324297154
0.219138053053542 0.0236173535480308 -0.229108226073885 -0.299662653438427
0.180576400468523 -0.105456023741115 -0.265331420027556 -0.0556686498578982
0.0729835639535706 -0.158405249236486 -0.162857146773388 0.0611555912368186
0.0518498463445649 -0.156825088160417 -0.0496127410442595 0.119001063051022
0.0486872859648201 -0.157500329338843 0.0392016147027347 0.156399732915453
0.152239606663188 -0.159168948569122 0.0869675250583364 0.223425073514172
0.250456556966952 -0.0432479028075571 0.0223375092450527 0.298986543926045
0.258917784405085 0.0990462338825291 -0.15766271403192 0.306484309434782
0.0964645741066854 0.343207840699242 -0.320166376988167 0.116083250154747
-0.230193808306917 0.378258830894697 -0.304323455037612 -0.101015852604479
-0.451024351016467 0.21869148228133 -0.15845088641835 -0.0500329872255889
-0.433716604301094 0.00854804133244906 0.0208333651377597 -0.0524548944665913
-0.364493244798244 0.226979905944412 0.25329041552155 0.207758138744327
-0.131038117692083 0.337300937559329 0.426681366381379 -0.0336970104238935
0.168183558820252 0.254928002148771 0.241704139887526 -0.348196848700406
0.268561551048255 0.0667334768444596 -0.0830196973553466 -0.308391262612684
0.2332765401247 -0.103653755945256 -0.171500133530194 -0.136493103092566
0.105983387362445 -0.188933961791922 -0.120605637594007 -0.0313243701884724
0.0645785978087901 -0.189186051152566 -0.0274528325496183 0.0451311425986199
0.0559562488542744 -0.181178621246457 0.0649989609825481 0.0835884915919367
0.164909898514091 -0.177825900089067 0.139861505945526 0.159809836283996
0.274806424381838 -0.0580326145252023 0.111661861591951 0.263451754264464
0.293279553870156 0.100218189799333 -0.0666706259874603 0.336102438912042
0.100649408867212 0.365932763467853 -0.253378178885961 0.171792182327467
-0.246327440053242 0.36658120044557 -0.258854405208519 -0.0840845924171246
-0.448230152571803 0.183416330212013 -0.0197147633800839 -0.0815387198508623
-0.384588484008885 -0.0654616435846238 0.20226993812384 -0.0454855668110331
-0.396786846683341 0.1311741028562 0.306506921500401 0.213455320376628
-0.20866754055171 0.299306459311422 0.439186760725045 0.0640050139545677
0.117798881254156 0.283730447047808 0.319683381416011 -0.225171385699753
0.257769462078974 0.0941517348132743 0.0572249511594582 -0.275372230088854
0.238362885992431 -0.0837247899632991 -0.0643808990522594 -0.197582073054871
0.11606597996101 -0.186699400500149 -0.0670315284652437 -0.117694790148044
0.0659021044457631 -0.193631652164728 0.000603186087780428 -0.0310322897521961
0.055320725715216 -0.18346832639335 0.0940029415566983 0.00652866074834711
0.157815373789873 -0.173109755482144 0.184139078920942 0.0897540017003789
0.266470556323704 -0.0595359400671462 0.184841617282281 0.217588827291085
0.28401446931637 0.106111708790134 0.0105524461594119 0.337990170366622
0.0705045971520697 0.349507252094779 -0.189989810276373 0.202261477504819
-0.252172292913206 0.297925009020245 -0.213289884073539 -0.0722017556326452
-0.394538654801303 0.1085254137194 0.101758088454601 -0.0981362857017939
-0.258666145329329 -0.115585889725454 0.356983899688284 -0.0235558468961687
-0.324980869062498 0.0198126245437736 0.341734161211399 0.214224565539312
-0.215893569414868 0.19719856851888 0.418304230730711 0.140711456082615
0.0553194411478066 0.237012055427409 0.34998320362011 -0.104957958873976
0.196779365683037 0.0909431451486737 0.167692716641566 -0.224512801737548
0.194388870280487 -0.0524580152464286 0.0306520222819376 -0.239241525010755
0.103306953775318 -0.151507800937566 -0.0164547380200754 -0.188260392193404
0.0580684350827644 -0.168319341155864 0.0270616673806432 -0.0985888598150854
0.0499007209405442 -0.162185917124862 0.120233427148738 -0.062029196360861
0.137835275184488 -0.147426849787813 0.218633323906893 0.027743258157792
0.231157078041217 -0.0441221151012512 0.241524837193704 0.17440891316442
0.240945460925776 0.112370311391293 0.0712977525263942 0.328990892256477
0.0154340017598059 0.30421602025836 -0.141265254381284 0.217194988998931
-0.245403097623799 0.192180539016509 -0.172619640017493 -0.0583320745702834
-0.300018846163546 0.012189489709463 0.195045120680437 -0.0958639175878969
-0.091495466865086 -0.133289210734793 0.452895375825266 -0.0238297812499621
-0.185957610690453 -0.0625722293614402 0.357992268642833 0.188620605636118
-0.152869126915625 0.0867354888858035 0.39862247653029 0.162058586581675
0.0161568890154107 0.140783726372273 0.3521537258558 -0.0421904714557062
0.111382688551997 0.0553718364284431 0.219998190476181 -0.20259324578519
0.116036622106012 -0.0242655105651529 0.0752692079423333 -0.269651513565655
0.0667994044757781 -0.0958686941937492 0.00888686458547121 -0.234144491477731
0.0372803334148463 -0.118765991930352 0.0423210673310619 -0.150601845209298
0.0359381907499017 -0.119560362272485 0.138843793023904 -0.119222589131309
0.101508069081278 -0.109565956017876 0.2474870541935 -0.0261156750829785
0.17310223660994 -0.0309360880651571 0.284422493722594 0.145992511400493
0.172717027081849 0.115419692100416 0.10501233124611 0.326048766896209
-0.0469926812553095 0.231828014984046 -0.116945446164725 0.226131134289691
-0.216790613699887 0.0668742598974525 -0.14308409212545 -0.043867428358196
-0.17408815560998 -0.0910432660461763 0.255648683521467 -0.0692003488725805
0.0185554589559458 0.138352509179228 -0.332842933977408 0.111058408113113
0.138066647175631 -0.00104339474401378 0.152567363112134 0.159965732743007
0.055784141750669 -0.109734609529038 0.194128801901357 -0.246173203052794
-0.0891293141873311 -0.0683605489053636 -0.111484539897303 -0.403925825123014
-0.079891465691323 0.0253257923208167 -0.378991288179219 -0.190098069009899
-0.0378897411659562 0.0489983620386828 -0.332160750711787 0.0880059616883656
-0.0143878438104158 0.0619826094134017 -0.173050251450112 0.195919525153546
-0.00425281758784113 0.0443561504972899 -0.0658211368787221 0.218658935422165
-0.0258767996227808 0.0286707081231988 -0.0107615476731775 0.263658856290559
-0.0376011907130292 -0.00903032362885564 -0.0734909309813262 0.298201712430593
-0.0208613471502832 -0.0233769293855599 -0.213395286089654 0.254976362250458
0.0139444092165405 -0.0506953341588164 -0.344838512531152 0.0743705841513022
0.0948647720381427 0.0260845324530509 -0.422328926140656 -0.134513050171281
0.0566653788627549 0.140591961905826 -0.421388256626749 -0.22613996521925
-0.0988264316561124 0.147818482507488 -0.500909002018269 -0.0142562697432777
-0.139496403172963 0.171236500291145 -0.337678814145046 0.0635177635549048
0.0470416812204451 0.123308363802267 0.148926160208094 0.173031327228628
0.0746337837024459 0.0128071136855157 0.235338295301058 -0.238109526154737
0.0126777430437465 -0.0256961780703577 -0.0795402237100237 -0.441611499745167
0.0176533744898175 0.00574119370008617 -0.380046464102709 -0.221788327320065
0.027670899672647 -0.015301079240997 -0.343729060809786 0.0694482895683725
0.00895789980577868 -0.0180119489461026 -0.188247448210666 0.187773938347381
0.0173736234106306 -0.032534582948141 -0.0690528313802281 0.217575765962089
0.0101746320794976 -0.0470498826465807 -0.000814909494712967 0.259637582669918
0.0551201964882924 -0.0653388077938537 -0.0367757539245278 0.302664095077434
0.0965556019960306 -0.00517051416044015 -0.170530523895429 0.29312138408193
0.0895669103854269 0.0458412514240428 -0.320573631052321 0.146483995541352
0.0502939221841779 0.165493584255065 -0.41461762631264 -0.0716955673369746
-0.102489664984694 0.2379367134712 -0.391806406118533 -0.185510159485686
-0.283613139085719 0.179780162633692 -0.426055198824499 -0.0108281461873102
-0.292747063169195 0.159786399059986 -0.27898207765528 0.0114225673675388
-0.0900874912984981 0.227208671101859 0.172695724832585 0.189311331065413
0.0509797426675705 0.15961750655385 0.306137382150868 -0.20896390773295
0.11357089475735 0.0549850088031346 -0.00232452496070211 -0.469339089148741
0.128283406839389 0.0008965484987413 -0.339564949921975 -0.266636092932044
0.107105314596804 -0.0750606774675449 -0.330200257117846 0.0205643580512398
0.0387071333749447 -0.0982322338043781 -0.188418172477899 0.142753714369482
0.036300429755428 -0.104667389941082 -0.0632566766720281 0.183779973718195
0.0352463817774433 -0.113870729292626 0.0221271551571994 0.224187049122983
0.120450136513506 -0.123573603963083 0.0284940555796309 0.281154168624404
0.194938129555996 -0.0198310436519005 -0.0780835789417853 0.321361836037691
0.186191546833139 0.0916769637063265 -0.255880329599463 0.245196837937261
0.0671661344583648 0.282329136174431 -0.391888124220847 0.0293873418113489
-0.193532776074641 0.337367325161799 -0.360669092221236 -0.135881637660742
-0.408835323560137 0.217930408162101 -0.306386040522589 -0.0194009725079711
-0.403542936932778 0.130065468396723 -0.156045865499536 -0.0226688782033302
-0.230856446992076 0.293446725174466 0.229065157198228 0.19051349680418
-0.00472269285241698 0.295152248769339 0.378828650195116 -0.167985379670334
0.191388921111603 0.152509250798122 0.0865951549722079 -0.460477003525511
0.230195386135726 0.00610040988136796 -0.262780174684566 -0.294381531763619
0.178571246675655 -0.124586750542172 -0.281032318902233 -0.0375010062117639
0.062224016009906 -0.169290347441327 -0.164784456465301 0.0774366257270306
0.0400587276087027 -0.167239205252432 -0.0403449557320043 0.127319634389501
0.0371209948057547 -0.165409135639658 0.0586680804825587 0.160220355206165
0.144593025662808 -0.179013336622331 0.112140058661361 0.224461914737023
0.256858938317581 -0.065950644926414 0.0495376638992438 0.311609522844796
0.274273311379978 0.082098339009821 -0.138174836549424 0.330561869339975
0.127593900569064 0.349100697084786 -0.327853527507424 0.143518307648347
-0.209167764432651 0.410627899746532 -0.32565917407797 -0.0831164630517
-0.453423152161738 0.258322922172642 -0.169315993826511 -0.0405975401963336
-0.453042728639426 0.0428028370325009 0.0190064359580891 -0.0551643030727823
-0.361769272876662 0.264338952387125 0.282432021464312 0.199196251651597
-0.112091647024489 0.361107984959171 0.44358802483384 -0.0639982232455019
0.194342399928339 0.252396487446192 0.226205385693529 -0.380441355968701
0.284756807282203 0.0469318386059267 -0.110594761971725 -0.315391442132694
0.234232493035059 -0.127889975743947 -0.190531847707714 -0.129561121802183
0.0930355655517654 -0.203531789233528 -0.130087986662193 -0.0219015053029738
0.050884464636114 -0.200833521822194 -0.0237194023069879 0.0488391585891346
0.0428103540687428 -0.190745442554582 0.0784217591663764 0.082392463777918
0.156447984080327 -0.197500800085301 0.16133724885019 0.153171431045443
0.280131269677622 -0.0839454264283147 0.139645396517226 0.268228375580266
0.31044833224948 0.0798016700808607 -0.0389429061242767 0.353853206893531
0.135599801819207 0.372389775725735 -0.253494198046858 0.19725567720935
-0.227249352778876 0.401753384169409 -0.276666318128751 -0.0694216483954373
-0.45523025043923 0.22014156191742 -0.0284413354310451 -0.0824686271532453
-0.407227576480028 -0.0390616965435745 0.208182056632484 -0.0617783821457499
-0.40206412078392 0.166999487582975 0.33749265430316 0.199277388929553
-0.194506369355865 0.328373639612108 0.463451250797222 0.037493890812804
0.143894712333528 0.285822180348802 0.316005226749298 -0.257137889990333
0.275647243682053 0.0760832584122768 0.0399196190531384 -0.29094997103964
0.241304750230608 -0.107721139744697 -0.0838370001208587 -0.201453441816914
0.103673050979079 -0.202217082957946 -0.0828330903512262 -0.115379331554501
0.0508355867541971 -0.206498759394099 -0.0017497157576063 -0.0320449720169619
0.0415444062235084 -0.192391781359133 0.100998592494581 0.000195675017772099
0.149307629207498 -0.192530880682234 0.20225017504068 0.0766701998783062
0.271248264171689 -0.0837655844514534 0.211405044086323 0.214540488434635
0.30113136901075 0.0868772095751086 0.0413262198097422 0.351187371993731
0.101896801011273 0.357195084888269 -0.184404080351674 0.223837835583909
-0.238687160607347 0.329005075196757 -0.228988445365226 -0.0595666409197848
-0.404365231062085 0.138562718231066 0.0956451931099561 -0.109522639396851
-0.280705984137509 -0.101666723180095 0.370807875502911 -0.0499611786506907
-0.336243893763785 0.0456209127832505 0.371601555378294 0.19881020124677
-0.209340215877684 0.222477423553801 0.447804197084974 0.117114349979976
0.077296066753911 0.241559901707201 0.357789543455799 -0.133993320394741
0.211797594829283 0.077300930599042 0.159496884957808 -0.247208430363621
0.198628068772364 -0.0713208893173906 0.0111482110077555 -0.252654805981535
0.0933411313115717 -0.164782362192935 -0.0360927453243391 -0.192232877405523
0.0451772637543674 -0.178939863520002 0.0200605412017865 -0.104475879677504
0.0380305663208578 -0.170574957475415 0.122198317716895 -0.0732150699036424
0.130325871449561 -0.164212158452356 0.231818039687915 0.0111027039669701
0.235831493586605 -0.0648421808034773 0.266415645645453 0.163907921032917
0.257148810635548 0.0964355644174953 0.102711548152625 0.33718869513447
0.0419780481926799 0.314820656154897 -0.132728351996711 0.235113134459346
-0.240767183809466 0.218378413471624 -0.185742408044858 -0.0474758081934098
-0.312958476850492 0.0332905633852061 0.192575066891015 -0.114066121381657
-0.10646591423582 -0.131824817290118 0.471105843423964 -0.0560446671800508
-0.198494699695026 -0.0506848899734784 0.385999161793284 0.171911496797906
-0.151055507659444 0.102891565679533 0.428811748066338 0.139861105323726
0.0295146671604109 0.143957761301039 0.366475794858225 -0.0681432229631901
0.120264110516972 0.0472468759098874 0.216327853982818 -0.227982172284696
0.119417773037109 -0.0359446625761757 0.0547110940562648 -0.286388293892368
0.0602916619015402 -0.104406482830332 -0.0141119175487962 -0.242166291713741
0.0273022457772433 -0.126367974939216 0.0315407885135518 -0.158371544483303
0.0268257338685141 -0.126009094385562 0.136016919707864 -0.134283757186257
0.0956885039578926 -0.122362244917323 0.256171576944205 -0.0474558367808557
0.176487164179703 -0.046364527337006 0.308499558806215 0.130433153427767
0.187124898604289 0.105945049026263 0.137158677840911 0.330400481276982
-0.0294109169425786 0.244850121971189 -0.106886545956386 0.242598545402992
-0.221920489048721 0.0855053044206289 -0.154335597295651 -0.0342136830359894
-0.189151154451977 -0.0820981620700074 0.257592797501213 -0.0909038226657605
0.0304368397311021 0.138700288495956 -0.325669427864958 0.142236868400042
0.138866746537341 -0.0128873540290062 0.172953138672114 0.148925220102307
0.0473428367086693 -0.115805509228343 0.179224310126269 -0.265294047313689
-0.0958099872685175 -0.0604500717106331 -0.146347090679691 -0.398020829077938
-0.0790462817773393 0.0331759684481068 -0.402751747629643 -0.160665603673714
-0.0334526373252565 0.0526358726959715 -0.328587004628744 0.11645314705467
-0.0078308062682056 0.0630325391988473 -0.156661834272894 0.209693620363567
-0.000104833050952 0.0441827994556612 -0.0474287310841566 0.225786008555139
-0.0225869728436019 0.0312208648254626 0.0136617296909057 0.266211553277007
-0.0389515477490472 -0.00576810821487164 -0.0483187324257079 0.309397517799598
-0.0223380240178512 -0.0212076072014156 -0.195650612230629 0.276303842455997
0.00917275439268084 -0.0515847071382999 -0.345920995036392 0.0980367902666435
0.0991965478179044 0.0182679498355204 -0.442426394168705 -0.104106930488289
0.0683381049243406 0.1355797184739 -0.442971501833172 -0.198750821715283
-0.0910807414533188 0.158635375373115 -0.506466470084812 0.0211989737759129
-0.127665400390411 0.184072529189804 -0.33519656838433 0.0930188129013966
0.057425545796224 0.119721244126954 0.170620176293581 0.163598429668791
0.075788522872367 0.00680440688421132 0.221423242801359 -0.259332479324387
0.00948290843229803 -0.026079740786053 -0.115689060826281 -0.440159813230604
0.0178618166248814 0.00460141208858063 -0.404495805729634 -0.192530582138604
0.026920375983572 -0.017602780726151 -0.342769438004561 0.0991747130232331
0.00839064666264246 -0.0187488900454471 -0.172439329646727 0.2052581381219
0.0151484718005714 -0.0343333305093139 -0.0492341951997664 0.22428961523364
0.00733555205005424 -0.0482427434693124 0.0247737817867539 0.261465200394417
0.0502929007060718 -0.0706136960558074 -0.00971419090951487 0.311089762825956
0.0979103440366468 -0.0134704312934629 -0.147781625421368 0.313274131130858
0.092996471215229 0.0396378847879743 -0.315047875180989 0.171112735089141
0.0643107869337795 0.162036564305928 -0.431169359420007 -0.0413258803238638
-0.0846441780057743 0.247431179644472 -0.410872348919845 -0.15970164790277
-0.277214285810292 0.20329235230091 -0.430452030351436 0.0190267426387707
-0.285563407119375 0.185334907953855 -0.280724893698965 0.0358415104261216
-0.0719464658243913 0.236252422887764 0.195794703781639 0.178635249141267
0.0638446310284688 0.157554328066182 0.296652608098453 -0.233345681731299
0.117815935832452 0.0468141319973056 -0.0407645524029541 -0.473820063687099
0.129490909110776 -0.00978164241431423 -0.366561022379644 -0.242317783678745
0.100853540836677 -0.0847032402009832 -0.332701630344764 0.0468743683196317
0.032190080257169 -0.10126396711052 -0.177547150579329 0.160125440807351
0.0279252947477459 -0.10941673124239 -0.0458887544951758 0.190406837328866
0.0264240561663947 -0.11676435023656 0.0457819535087615 0.223837495142947
0.111341622503476 -0.13514461534125 0.0551222398150642 0.282151025718836
0.195939924187846 -0.0369379479253588 -0.0513517880713175 0.334125856819597
0.19369490199927 0.0779269265373468 -0.23911597819481 0.266365725402725
0.0905590566004607 0.279993316545387 -0.398418975600506 0.0586926929123198
-0.169092432288801 0.356069920773558 -0.375596593746669 -0.11181066557505
-0.400983075866513 0.250804183692518 -0.31126059778145 0.00186292411048707
-0.401866605999818 0.164067089427428 -0.159201440792823 -0.00917193034351925
-0.209392649386419 0.315609016213579 0.251872327284103 0.17478149002335
0.0177113384914388 0.299946508985767 0.374850602353827 -0.196874894002507
0.204797769500185 0.13914094602736 0.0507764416547583 -0.4729460151193
0.233239014122557 -0.0130470091782428 -0.290432640675956 -0.276806386589352
0.169097303837404 -0.142245284840813 -0.289197718824957 -0.0147922087944157
0.0487168545781088 -0.173853420218302 -0.160661413789526 0.0934909314532944
0.0256667981860672 -0.17243931328022 -0.0282952426885657 0.131455882007835
0.0235708326401219 -0.16827898217691 0.0775114307959575 0.156757117241463
0.130338844404499 -0.192960920824056 0.135002702944436 0.216639097733006
0.253511283404618 -0.0896289703849138 0.0788274561813527 0.31436203285387
0.281680426837333 0.0601779874951168 -0.111405573806577 0.343672050271268
0.157966754236342 0.342316786032993 -0.325223593926284 0.170288243881793
-0.178228884236791 0.433321107043976 -0.337378849748863 -0.0608597740385937
-0.444678183564062 0.294205921645502 -0.174373875893729 -0.0285461139048147
-0.4585251886614 0.0798884521492108 0.0154943894717474 -0.0575610955738032
-0.344583773185508 0.295833994264891 0.30434003363716 0.179904080153883
-0.0853816091762221 0.376013907741665 0.447268494780964 -0.0969376573553366
0.216784866366598 0.239536839933746 0.197906687993442 -0.401875489878535
0.292063692236695 0.0221747596994829 -0.136834241025164 -0.311440318323091
0.225216755158107 -0.150520865806939 -0.204996337737952 -0.11580032150695
0.0768353993226783 -0.211426669415872 -0.135505520868454 -0.00961481266706849
0.0329401968620516 -0.206520579837799 -0.0191523722763696 0.0504471206615023
0.0268834057483499 -0.193848055830628 0.0910057700295055 0.0770570722922439
0.140702059919004 -0.211995856346424 0.179440606988879 0.140213106044566
0.276146595049778 -0.109009144395106 0.166334448807626 0.262501069557471
0.31768405150689 0.0548568523702881 -0.00822418084786997 0.360824990521976
0.168000838173007 0.364639049161393 -0.244387947153249 0.218971038663939
-0.197542798533213 0.423848394726512 -0.287156100525039 -0.050132060001437
-0.447029055629197 0.255237173005264 -0.0367859153964145 -0.0819112370250664
-0.418396993767556 -0.00753641444141666 0.206388214179252 -0.0783267332601593
-0.392312185428351 0.202334190140654 0.358262935800047 0.176022196232424
-0.170735129607246 0.348040573571124 0.475837902106598 0.00510661268576806
0.16954406522175 0.277075316275546 0.301998297636532 -0.284712299757552
0.284723337431 0.0527207499188971 0.0188213896414029 -0.298625061794096
0.234637408320363 -0.1305436796189 -0.103798144319518 -0.197987216145
0.0872345032916091 -0.210376746553747 -0.0961373976010556 -0.107053640622589
0.0328665151120121 -0.211511631020264 -0.00383063734260414 -0.0323193595900226
0.025390376779846 -0.195893956028892 0.105901267934084 -0.00812045099172039
0.133733923812469 -0.206105457294112 0.213482287052129 0.0592188671759564
0.266282684514651 -0.107647188580054 0.234113713814738 0.201402479115756
0.308531146445532 0.0620661444187549 0.0737808699316975 0.351750778513886
0.133534382522916 0.35250074661076 -0.17209069788701 0.239577294223783
-0.215497665218952 0.351826671147401 -0.237818717438169 -0.0442999051222337
-0.401286044277491 0.17034410779757 0.0863975646749517 -0.11823056371075
-0.293937826007675 -0.0805695858705464 0.371800613866333 -0.0789635039656741
-0.336755011147662 0.0731879047520776 0.391422918279874 0.174019294268702
-0.193109243994062 0.241352565945168 0.463025892957813 0.0868034724006272
0.0985338195178089 0.237375306349835 0.354518715733964 -0.160915889497092
0.219939135808687 0.0587933198379482 0.145654054872259 -0.264155517219496
0.195997413779094 -0.0908763443082056 -0.0121420504459955 -0.257480675681523
0.0800242798957799 -0.172474940349382 -0.0557790452885917 -0.188533368670058
0.0286281255567348 -0.184041705381626 0.0114548450124014 -0.107087805707298
0.0233839190946438 -0.173638888676637 0.120286791930832 -0.0838024926605634
0.118243054873809 -0.176254213778606 0.237507836479507 -0.00916325489635435
0.23243835072249 -0.0854516424182998 0.285451942122686 0.145695582291444
0.265973772329333 0.0758976769412813 0.134672867275041 0.332250346434548
0.0691064530045835 0.313690622920637 -0.118112823185521 0.247649332547594
-0.22678988550211 0.240297577206132 -0.193225380059916 -0.0346058201592409
-0.317031780002025 0.0562432170768978 0.182816806789071 -0.130061559832371
-0.120353802392166 -0.124447609659255 0.474167830233111 -0.0924714446225507
-0.204975222314005 -0.0352203327026162 0.402528507989839 0.14662505150661
-0.143393136084935 0.11620695255459 0.447471823616649 0.110723233805495
0.0419720942136379 0.141814648697926 0.369190919855377 -0.0951920893224616
0.124358317895635 0.0356817954448721 0.203529826015148 -0.250069889232556
0.118152075375222 -0.0476366139687307 0.0295364132558525 -0.295734841618451
0.0522906441654999 -0.109041865853712 -0.037572751004326 -0.241226903372114
0.0157865939493438 -0.12938333087893 0.0185410259946303 -0.162828350331125
0.0166455665145476 -0.128606585000407 0.128509836759647 -0.146351146279718
0.0860818820413704 -0.131528335703911 0.256018573532908 -0.0690388609043461
0.174182888554575 -0.0618067733530163 0.325951492107578 0.108722567174736
0.196451292313432 0.0909586088990329 0.167394166583798 0.323039808868885
-0.00875125894388518 0.249450724933275 -0.089717864616752 0.253693479091424
-0.219267102729257 0.104207422396483 -0.160861894203244 -0.0218363293509316
-0.199529744785394 -0.0697823434404596 0.249662530565771 -0.111667769045249
0.0393526586455928 0.135807376788778 -0.312417986146654 0.163414599622354
0.136141575465105 -0.0221958086468023 0.187364386734123 0.135047582047844
0.0396445008439628 -0.118655935683338 0.163857764372279 -0.275740077255821
-0.0992127474447098 -0.0524146600043417 -0.170113547419988 -0.385705463505731
-0.076443621562989 0.0392560794004392 -0.412561402392432 -0.132854770773474
-0.029121988613162 0.0552598556770606 -0.319070516810929 0.137187593076666
-0.00168648207551772 0.0620888530271491 -0.140111623582793 0.215449759314717
0.00339858762010592 0.0423353876996318 -0.0312162036193228 0.225300502076101
-0.0189356917420886 0.0312901033104411 0.0336723520552708 0.261710886248725
-0.0387067595873148 -0.00193741214595706 -0.0250649510113461 0.31171129527302
-0.0229429435605613 -0.0196802705799207 -0.176644413320203 0.287877889942847
0.00482506688191175 -0.0503117911341626 -0.341563994169598 0.115840688932831
0.0999149860077782 0.0106789721440272 -0.450070650216027 -0.0758976543801075
0.0749055748128173 0.128118716676887 -0.451458267760142 -0.173496379629573
-0.0822222203571086 0.164496420769574 -0.50242801231552 0.0465403991440889
-0.116121369972491 0.1909885021989 -0.325894473727594 0.114371794458979
0.0643252118807324 0.114052543947748 0.18568541651842 0.150392208113291
0.0755376432139291 0.00177631301865597 0.207759296501814 -0.270933753942646
0.00707771932368668 -0.0255995015906448 -0.142709789676935 -0.429099819771267
0.01772059676213 0.00435903129657006 -0.416825595638982 -0.164047192168591
0.0251284095990806 -0.0189876414495643 -0.334415311523574 0.120721977003253
0.00894870782848099 -0.0194184866866134 -0.155515826162461 0.2132214681913
0.0128378373218171 -0.0361577497609759 -0.0332325386347847 0.225146776834982
0.00498838344170231 -0.0479200494678488 0.0455712286126295 0.254758186938001
0.0445712237437517 -0.0731351070890476 0.0142625496869268 0.310107738896691
0.0968855598466922 -0.0197282752037506 -0.124259928882171 0.321638131283543
0.0934589538462141 0.034141513903955 -0.304851097738859 0.18652021756345
0.0745664736700946 0.155699276893187 -0.433849870939051 -0.014469967010151
-0.0694316523353183 0.248128701663837 -0.416982104300456 -0.135669498022177
-0.266287156015527 0.218812187469169 -0.426983294240409 0.0411550936393538
-0.273141249170724 0.202040164926157 -0.275262703460833 0.0532205966096039
-0.0566715796176397 0.238046979186665 0.210587881599435 0.164227463967175
0.0723472461941631 0.152274418485626 0.284602816623119 -0.248449334074231
0.118939701799274 0.0397412185892699 -0.0713225420250507 -0.467682949239642
0.127465876538451 -0.0179536861144178 -0.381575097555816 -0.216746178718517
0.0946034505612536 -0.0905786530172529 -0.328464515754258 0.0686475891644288
0.0260747608302106 -0.101518632776625 -0.164524323706426 0.170945728959661
0.0198081323644673 -0.110389090083459 -0.0319478705444096 0.191144346474255
0.0186882707467083 -0.116054917532875 0.0643829364019743 0.216869553989047
0.100641672347839 -0.141409783992732 0.0759971366842691 0.276186353640405
0.192724900344187 -0.0498400600016043 -0.0263495407813813 0.337495613617545
0.195655992489679 0.0656758819411537 -0.221660499597127 0.277306612648219
0.108420347435307 0.272000586575837 -0.39652966731052 0.0821800120368354
-0.145571250256689 0.362988680699512 -0.380902389253141 -0.0903889424524849
-0.386956245707707 0.272940864775808 -0.309425286095354 0.0192857476382489
-0.391746575130707 0.187537865479163 -0.15841720036004 0.00114439340386407
-0.187322606628915 0.325621520891651 0.264750411332903 0.157770903828486
0.0370215128406843 0.297086402660823 0.364859486962608 -0.216072836736364
0.211279283254056 0.125886673966218 0.021184458683496 -0.472426248988317
0.230257879727397 -0.0289267733162128 -0.306660339443007 -0.255045176229981
0.15748077520542 -0.153428170944508 -0.289123439793087 0.00367314506397542
0.0378782621698007 -0.173659806469972 -0.152776775157494 0.104978990681596
0.0130828327795797 -0.171777757094091 -0.0181021997440328 0.130951456234483
0.0127527995891078 -0.167149989083436 0.0918476448192961 0.148217305781603
0.115786895331192 -0.19990647864743 0.150659433228845 0.204961629472035
0.245853145075996 -0.107121728708742 0.102731817245693 0.308890283941529
0.282017025121341 0.0420103351110956 -0.0881665513948093 0.345799468117459
0.179766913477583 0.328630353885624 -0.316504542458909 0.188266071082112
-0.149156313364001 0.43968110864576 -0.340682725465409 -0.04121905091849
-0.428586806938 0.31799489493591 -0.175857633776877 -0.0188052022086579
-0.452825305917427 0.108660633288413 0.0130085937812973 -0.0576876839208697
-0.322633638074522 0.316907688592353 0.316038650693149 0.159908420460828
-0.0601763002245383 0.379235952591648 0.442914294368098 -0.120644754975445
0.229710248497399 0.22377728856306 0.172689802624855 -0.411051220044213
0.29115320211211 0.00256660334367327 -0.154803733009826 -0.300189989660961
0.213286406193886 -0.165482739824192 -0.213495009705039 -0.102232496729991
0.062494657928817 -0.212444802182628 -0.135592279295332 0.00232874125271913
0.0179806509551049 -0.205861499559076 -0.0145351082847583 0.0508366601259584
0.0143258394185944 -0.191597595202685 0.0995099444918864 0.0688837802121784
0.125934701995383 -0.220194347559811 0.189236122846166 0.125555067954213
0.266620697485487 -0.126799643662383 0.185785703224902 0.25184588834099
0.316855934602796 0.0335559805074517 0.017116216953028 0.356986509531126
0.191214373475983 0.350828023377525 -0.233227607610849 0.232145088896658
-0.169978195697471 0.433311423410519 -0.290318351664987 -0.0341988018305036
-0.431941679891038 0.279681554525365 -0.0433939467999692 -0.0790564566396876
-0.418709704891548 0.0181621691124611 0.201150498039171 -0.091037274527288
-0.376344084870126 0.224264024572297 0.367206819767998 0.154680765337779
-0.147647121169017 0.356858405100764 0.47663574825354 -0.0212850216872553
0.185309875163378 0.263985275934412 0.283653245196275 -0.29915409752311
0.285243172840441 0.0320983396659408 0.00204128663969024 -0.298694997079155
0.223731754709383 -0.147437546772051 -0.118069717625864 -0.190705481217653
0.0724835155647216 -0.212772104833061 -0.104499029007301 -0.0971758349598083
0.0172473589142963 -0.210939729261059 -0.0049433530701756 -0.032460987753988
0.0124522073972469 -0.193447739546068 0.108351546968076 -0.0162000972509657
0.119188584345484 -0.212454646412274 0.216952231126046 0.0431708982982082
0.256951368317096 -0.125167271149879 0.249642902739495 0.18788611885249
0.308231116343775 0.0421139518264046 0.0986265469629827 0.342407344925467
0.156784632191454 0.339858860113843 -0.159220495950084 0.248800147779918
-0.191739945912124 0.362770164104399 -0.241412123476608 -0.0308416125518475
-0.391221425458793 0.191517281643899 0.075873994553924 -0.121926800654056
-0.299023901767245 -0.0614422090170769 0.366221922491096 -0.100277695280972
-0.329488103423052 0.0941634909367795 0.399092847251644 0.150903399916839
-0.177013529718839 0.252334583409675 0.469807934615048 0.0612198523416669
0.112293857427337 0.228033650347896 0.344754569599321 -0.180176610755878
0.221044003597368 0.0429183140292292 0.130548726010598 -0.272377700222401
0.187642258924122 -0.104932539401381 -0.0300382363925214 -0.255703403241105
0.0681266141223623 -0.174785062662041 -0.0700638658426537 -0.180583116762302
0.01468684172609 -0.182838263376448 0.00479968234847213 -0.106488673690458
0.0119890037144392 -0.171990490948541 0.116400019390991 -0.0916190982226834
0.105568995519203 -0.182613377084147 0.236283706155802 -0.0254093480381276
0.224611045403626 -0.101032794959403 0.296210866010356 0.127834366762356
0.266163813918346 0.057979645121715 0.156390518488344 0.320744764341404
0.0901850976394937 0.306137458753858 -0.103361713331637 0.252788296852472
-0.211244896379739 0.253085226513762 -0.196653719238782 -0.0221828757551269
-0.313482301864394 0.0739656357257448 0.170941472411989 -0.139058872729058
-0.1287848605166 -0.116034163126186 0.463911951177656 -0.119979786485217
-0.206025189439517 -0.0218081618029799 0.407520520093803 0.124042879045319
-0.13395524732955 0.123249760023981 0.452892175725104 0.0842647600607399
0.0503480984855969 0.136266759917985 0.364388470084772 -0.115390571204996
0.12371851651836 0.02648840933501 0.190643477482597 -0.26317656384744
0.114010649083719 -0.0569416771823569 0.00687786540918494 -0.296104158788703
0.0446493084346018 -0.111381474663466 -0.0555994192072395 -0.233990510045246
0.00486493312481414 -0.128169732744136 0.00742143870662307 -0.161937638110381
0.00710219261910637 -0.127459702203078 0.118917133004247 -0.154874982997029
0.0766707240023378 -0.135867415065589 0.25104140985993 -0.0847157037826299
0.168106293943891 -0.0727199516963283 0.332940042302351 0.088771390001587
0.199359341977223 0.0773139442557019 0.188632961773723 0.30993734575756
0.00815975688746189 0.24744583332508 -0.0756466373003253 0.257098985768047
-0.213202758069372 0.117248143921747 -0.16302244690161 -0.0116182639679929
-0.204444721478088 -0.0573132716255618 0.237732339667975 -0.125437359061351
-0.0217951951794337 0.144640662364621 -0.336767706603746 0.0218097400312443
0.13142328906154 0.0345919785181033 0.124568877377195 0.189670001255111
0.0845088156567782 -0.0941403992512234 0.256473124955382 -0.193508109971838
-0.0692591748357875 -0.0847834844715168 -0.0134746177373072 -0.421147933216047
-0.0819211287088079 0.0082985122649545 -0.329137697382507 -0.279383670902359
-0.0461207559191669 0.0385035545754352 -0.344042041896738 0.00174119059718822
-0.0229825699458497 0.0541223592227102 -0.209961965574992 0.142059190017577
-0.0121758426264252 0.0404560824633096 -0.113345600139262 0.19413662550646
-0.0266932378299419 0.0230578491474149 -0.0674743028580305 0.251257173690666
-0.0322371408498384 -0.0146377698551674 -0.142178681536299 0.279759321488006
-0.0112621866891948 -0.021897668607929 -0.273160567784114 0.193601548738111
0.0214244955908723 -0.0389707500528948 -0.361997012561892 -0.0334100640334862
0.085468831390282 0.0494735426019925 -0.382754007352297 -0.243239054145577
0.0163641353256276 0.145772201106863 -0.351408181184157 -0.328197930771919
-0.143592115877601 0.130890616870273 -0.486383458472749 -0.163438342338113
-0.192087341133504 0.128425782477342 -0.32060167977618 -0.0120647973634801
0.0101548551990202 0.128323678520787 0.124776631370423 0.208597132791885
0.0681043980451093 0.0309389564651196 0.304056144867646 -0.171490983831764
0.0146694813383994 -0.0185470156785215 0.032183711934292 -0.456506913028212
0.0171334075255215 0.0140184502109466 -0.321236934646082 -0.315795473197918
0.0316125183721287 -0.00732455968923928 -0.353936634046053 -0.022113926960505
0.0174991142214986 -0.0142766913213868 -0.22362610510925 0.134086131308674
0.0264180717799133 -0.0283162803058362 -0.115404654226472 0.192402037030648
0.0250172817927058 -0.0406523372012369 -0.0513516959322992 0.250424163671881
0.0703238577048246 -0.0503560490656979 -0.103299486804994 0.294186906474527
0.0999527878979364 0.0202075843687505 -0.23713613669713 0.24662736594486
0.0728954740664424 0.0713928653005839 -0.354912311133377 0.0482664956327384
0.0103790323427676 0.177138281116816 -0.395258431106236 -0.18223657291154
-0.159346273956171 0.206693795228341 -0.342518218623692 -0.285829571538169
-0.334290758349055 0.116181668926774 -0.415685485692049 -0.147312619797259
-0.344913571506087 0.0702199351945188 -0.245318556428743 -0.0321483277866135
-0.149384747551227 0.190482539898149 0.147265587752554 0.238293620969233
0.00439488142244884 0.167938514340247 0.377315354958568 -0.117840772146822
0.0879848790710756 0.0855549673906877 0.120199358781341 -0.470441723138083
0.125335727972853 0.0376717773433717 -0.266738289400482 -0.355816280263163
0.122069884948099 -0.0458563888182266 -0.329262652885088 -0.070909571285992
0.0643027069198348 -0.0809755694208318 -0.216810509404048 0.0916991445094579
0.0605589488438918 -0.0940241354149164 -0.101197069690759 0.162227883858005
0.0622524359818787 -0.0979832601485689 -0.0180352962707911 0.222870982608381
0.146434594618527 -0.0932088276961335 -0.0300502040426833 0.286582810191623
0.200777372189098 0.025694669701913 -0.151318309746875 0.299852325337134
0.156939269778894 0.137835746024651 -0.311833198498681 0.167383557492417
0.00223194004293421 0.299884772459018 -0.401062384637252 -0.0760585785737147
-0.269512353051482 0.287139067748179 -0.334646428369312 -0.232263160224724
-0.46683698682918 0.121190624729373 -0.298904233113973 -0.128435538104625
-0.448684915586284 0.0053429326427999 -0.115802341506639 -0.0225820070569204
-0.303075396450854 0.21560541181775 0.203467563908122 0.2625222883515
-0.087430528755096 0.28626411770273 0.448007794118734 -0.0534277537899561
0.135999610875231 0.199963396627056 0.21421688826336 -0.442790915543968
0.22200531248347 0.0684378426405251 -0.180477421829562 -0.367699415847581
0.203569064778019 -0.0779392513457493 -0.267983566477501 -0.119426406463938
0.101991838595194 -0.141750926349614 -0.182450529725867 0.0351928798852008
0.0765866598548361 -0.1531354837019 -0.0656271266950179 0.112522968825135
0.0755327686674048 -0.145894751521343 0.0347220029962447 0.169960359446464
0.181498965622487 -0.142094219857912 0.0667140901466428 0.248962251559505
0.270641820993812 -0.00962174173241646 -0.0217900889073306 0.324720172782095
0.246711464205682 0.145758616062313 -0.213816084954138 0.285379441475748
0.0510313165868801 0.37993505881825 -0.369659518295285 0.0539982193499921
-0.297845275401548 0.358198525613262 -0.32079600764277 -0.171716890931738
-0.520669512913251 0.149710409554996 -0.163990929070718 -0.113921214244297
-0.4730600937247 -0.0956359421084457 0.0568704331540232 -0.00127145804886298
-0.422900435940695 0.151092517592743 0.246017795674582 0.292623104938712
-0.209249431035838 0.322602670405209 0.487160207926417 0.0751205481405517
0.112975348126295 0.295705397801533 0.339203542940124 -0.324562889500995
0.262648565860687 0.121329828719783 -0.0197091627960597 -0.351392225837945
0.258090325107813 -0.0681083810417929 -0.156967825937546 -0.189435111309045
0.138446391723402 -0.166759826669706 -0.12808521705777 -0.0532364061322038
0.0941942307746273 -0.182431694222787 -0.0324582060372759 0.0406085227745842
0.0856963417728329 -0.16830094374506 0.0723203525485914 0.0997041245059882
0.196758259240849 -0.157520275912906 0.133023903458203 0.189927917858685
0.297183519791398 -0.0223953672072211 0.0775435623586629 0.305576168327616
0.281765148168336 0.149832637650243 -0.119904461472687 0.337320645890999
0.0567813849325088 0.404028839418871 -0.310863601221592 0.125194857436681
-0.313481173785873 0.344676404334783 -0.278950422085354 -0.14631307741077
-0.508565897263533 0.108582688557075 -0.0167390262654003 -0.116385964886872
-0.401887396852844 -0.164385539139588 0.233243789799483 0.0418641675616672
-0.434868946686311 0.0454640213542109 0.288223716787024 0.311431089339998
-0.279236267110534 0.266742264854942 0.476140017659389 0.18634868959799
0.0566721169731131 0.312554142027903 0.402599032933414 -0.172787661835262
0.243718726544568 0.145321531321971 0.127336407548884 -0.287989463120623
0.260571763824558 -0.0469949175753746 -0.0343512112694909 -0.233094398271712
0.147906822373615 -0.163075058997462 -0.0611011500288224 -0.13228508163899
0.0939668716764864 -0.187207229789637 0.00741996848818596 -0.0315192704216808
0.0843002707190442 -0.171635719236924 0.111643791323038 0.0255688635485592
0.188003709322504 -0.153960145512053 0.189376441831687 0.125329379441738
0.28693274026806 -0.0246561964935721 0.159965006073027 0.270497476556894
0.271373978476365 0.15216104216903 -0.0396166310001945 0.356475411961094
0.0294691088182306 0.380148229269051 -0.249711417997415 0.168347590338716
-0.309828361134505 0.270783653724981 -0.233382467843815 -0.125819787943903
-0.437107206096922 0.0404192585831674 0.112809919739791 -0.105568832579083
-0.254768330317655 -0.18847154050793 0.37664263571016 0.0864707331334349
-0.337352690140788 -0.0541310179986924 0.310442364347443 0.317609723863706
-0.262857558173156 0.158635253356656 0.428286099141442 0.260488245443592
0.00676470673840764 0.249666658770938 0.409709272515583 -0.0333795638425605
0.18012628528053 0.128631184481834 0.235826354759379 -0.209140039200081
0.211394936826994 -0.02346862595736 0.0714234319301094 -0.25542209917494
0.129821413265079 -0.131474609677504 0.00251967675723653 -0.195646915942056
0.0813888706126514 -0.162638926170903 0.0440838196410621 -0.0951507616006482
0.074903886847447 -0.153007534392378 0.146297840563379 -0.0405448228246617
0.163233583986937 -0.131132826413504 0.232936390367176 0.0692080903521751
0.246951388419886 -0.0144058709370983 0.225205620739 0.234581159878036
0.227434059833642 0.150922318827512 0.0220375565636984 0.359102359110319
-0.0208640815546977 0.323520626189747 -0.200685585298083 0.192485121752924
-0.288704221561816 0.162152328283278 -0.189094819801137 -0.103760565245013
-0.321301872932347 -0.04317328379698 0.211324418367015 -0.0783247750592955
-0.0715260029738606 -0.164835322802778 0.465988930439 0.0909970033121925
-0.178425747020145 -0.107015821540688 0.322478765144554 0.290307144169713
-0.170711587713544 0.0574830012202572 0.394725991861527 0.271026356323714
-0.0109937422260069 0.141256648413721 0.397796282589571 0.03646944696631
0.0980526408289682 0.0744784658301222 0.284695431856394 -0.173087956594308
0.126052175933767 -0.00761496353464609 0.121246200685551 -0.274228179149431
0.0839588161899042 -0.083233323158771 0.0365939059172706 -0.238177821114914
0.051749075788331 -0.11598731499596 0.0677070363433473 -0.144559465172769
0.053772924308592 -0.115781289815537 0.17152672855814 -0.0961948143934712
0.119570970882372 -0.100329858430921 0.267687562657081 0.0202407572881654
0.18356378706584 -0.00985039819006398 0.272037749704934 0.21234952440195
0.159246601570632 0.143342005609871 0.0546646503893151 0.362158163166406
-0.0761670987970071 0.238712488152399 -0.176012935606592 0.206091910556522
-0.243437559912147 0.0356568675434638 -0.156184437517955 -0.0819099054841425
-0.171197379926519 -0.127285712980948 0.272494011478428 -0.0325153488991977
-0.016356238100527 0.147397862960228 -0.337678016263481 0.0377425414517569
0.13398715195569 0.0288036478770754 0.13830289830152 0.184772507821405
0.0821628948602412 -0.0990191520745727 0.253990218535012 -0.206720832895715
-0.0736658675490469 -0.0816909479472777 -0.0285602193927355 -0.423711014562831
-0.082116390104976 0.0129974126031763 -0.348374876942987 -0.267997581115336
-0.0446165708386187 0.0410173133461169 -0.348535817495751 0.016650781424668
-0.0194332419975207 0.0545781211374118 -0.204040897634049 0.149186698295507
-0.0095180518809392 0.0405509204429816 -0.105218097425093 0.200050855833562
-0.0246979941853756 0.0239274830856827 -0.0541951558566474 0.25605653155204
-0.0324770233955222 -0.0125652306226042 -0.129273192236306 0.290476002113787
-0.0118623353055801 -0.0213814479225011 -0.26969097229481 0.206879749371576
0.018806422206747 -0.0394269627514959 -0.37208168397493 -0.0228114879541839
0.0893781451355152 0.0450213214603438 -0.399302031208824 -0.232852809373031
0.0211521694832296 0.144756399347745 -0.365907929517138 -0.322740819391854
-0.141756251380573 0.139557726609249 -0.498647929065627 -0.151170803910146
-0.189803709871808 0.137847669073932 -0.324009333975789 0.000265494605918947
0.015751224823278 0.128745342259099 0.138949545320434 0.204064536274983
0.069971968253841 0.0277069478585775 0.30461048979798 -0.185729170297301
0.0131125661672181 -0.0183321514352583 0.0146465222748545 -0.460981449652702
0.0181907626703228 0.0140205674408531 -0.340578571404031 -0.304949791094955
0.0319623955196006 -0.00880254100293481 -0.357849333769039 -0.00640321172657236
0.0186979312862081 -0.015606016194182 -0.217990088135221 0.142728887798206
0.0260694607860024 -0.0299019111413356 -0.105885864312963 0.198565611426425
0.0246349398893956 -0.041805436684538 -0.0378035182031836 0.254454258448728
0.0692463476053372 -0.053867979290539 -0.0890948839908683 0.303691974667487
0.102770667035736 0.0162562593697599 -0.229721180029216 0.260530525635211
0.0750862755812638 0.0701304270811506 -0.360754058757559 0.059643800046394
0.0171831396271862 0.177941857195195 -0.411072792070182 -0.169578165448708
-0.153122054078225 0.21303844884062 -0.355988919942157 -0.279151455895795
-0.336957262869565 0.129850486168937 -0.425235608518683 -0.13580756082772
-0.348154846050842 0.0854923921444904 -0.249773314425119 -0.0228479437860321
-0.142376170224249 0.198052377354261 0.162238508772758 0.234861743086781
0.0109560796115174 0.169776788546559 0.381502523529736 -0.132900375976715
0.0915865458346866 0.083361371522067 0.10170567323804 -0.478649923202564
0.128244387433428 0.0330616906424333 -0.286013916770615 -0.347996888067598
0.121109271648295 -0.0520044930225323 -0.33559097000353 -0.0573021461132814
0.0624836291168591 -0.0843162775103437 -0.212878240708939 0.102358041663833
0.0573282861681756 -0.0970541710715545 -0.0930717233294212 0.167463229534158
0.059897490501833 -0.100679511990491 -0.00396780698076176 0.224674565064663
0.144031160218067 -0.101316013497723 -0.015132602201852 0.292359167549887
0.205602939562829 0.016594636126735 -0.139160479371676 0.312364940912773
0.162398592187464 0.133346414249159 -0.310585741255761 0.17866331211752
0.0147436737356865 0.302943363961261 -0.413298708202297 -0.0633258537404175
-0.261621899719143 0.29910259769572 -0.347101236942283 -0.225820611842796
-0.47147939788226 0.138453363410328 -0.30777094350527 -0.121133801685017
-0.455836549527779 0.024648394306699 -0.118257370745818 -0.018599791791665
-0.297271294807726 0.229027791735164 0.218632668198221 0.257063533220422
-0.076772319379947 0.293504693558331 0.455399993066125 -0.0685685628081999
0.144901768812056 0.196485700576735 0.198817252617972 -0.453406954688325
0.227257665723269 0.0593115157270585 -0.198093492726698 -0.363349564557085
0.20134249651431 -0.0885221159991103 -0.277482139874705 -0.109002644451746
0.09790140702771 -0.146852716862508 -0.181709230782722 0.0441504177503923
0.0703158157700184 -0.157271578497445 -0.0605802841206833 0.115994779308232
0.0706727793602305 -0.149419751856414 0.0467542047167142 0.167988434236499
0.176630550904536 -0.152496842808916 0.0812275359125057 0.24891506447464
0.273593696830234 -0.0223068962756799 -0.00563291369132281 0.331897709327252
0.253064494391081 0.137224047149693 -0.204398568545163 0.293806893854195
0.0688954013576464 0.381516426461947 -0.375974613252755 0.0670910548474912
-0.288968195396668 0.372900388097079 -0.332171020847205 -0.164875830500024
-0.525137333730107 0.169105044505911 -0.171364370173574 -0.110411308718919
-0.483636224457565 -0.0766066148659672 0.0575682619878296 -0.00501032454543113
-0.419786655204371 0.169295334418658 0.261488000058574 0.286789263135252
-0.19904569709152 0.335312990439357 0.499718192719638 0.0602770741211291
0.125559198667779 0.293624461903226 0.331093337661486 -0.339530741915085
0.271286331301635 0.111340887340075 -0.0325131327406787 -0.353439829880556
0.257574184968562 -0.0818605373315132 -0.168064214044681 -0.184948040930559
0.132826687864566 -0.173407822963238 -0.131825171509166 -0.0466229544366116
0.0856647155573423 -0.187326194468194 -0.0310287144969899 0.0419143812014751
0.0799799008929607 -0.171345580983132 0.0809095892365683 0.0960722324017792
0.191790199080907 -0.168315638503694 0.144983398701598 0.1861746752977
0.299872755265884 -0.0367656452786199 0.0947251750158509 0.307937810316972
0.289661397179521 0.13920545075587 -0.106195530030476 0.343673007453494
0.074841458423627 0.4050639668271 -0.312821028177241 0.137198531447554
-0.303035594621258 0.362503039711666 -0.289288789125905 -0.14050458819698
-0.513180093092164 0.127983491740095 -0.023332233346023 -0.117804881924923
-0.415852672441441 -0.150485619091821 0.236894830259608 0.0322704869405818
-0.436579764166419 0.0622397283370919 0.302410345793401 0.304987056383827
-0.272415387577739 0.281793698524553 0.491346655783428 0.173552830965962
0.0698855786757216 0.312912473977297 0.400865150563864 -0.188618865134332
0.252610532618582 0.135815529527537 0.119026223156727 -0.295954334114067
0.260756774621061 -0.0611307907809453 -0.0465474741956317 -0.234668441433699
0.142663289443677 -0.170595197010333 -0.0686177739608723 -0.129229435171673
0.0850701454561836 -0.192226055284663 0.00551246743727397 -0.0321938592693258
0.0776722204653172 -0.174821341383383 0.11653013447333 0.0195851960314739
0.182391647447329 -0.163849978451142 0.199005164862949 0.117626718538004
0.288416942869441 -0.0385019365561099 0.176966816409969 0.269897936465781
0.278518408808578 0.142238029383465 -0.0223940149490018 0.361429679932599
0.0464487079025503 0.382652077263513 -0.249003543832719 0.179126169110611
-0.30281095040058 0.287103854858411 -0.242545183101128 -0.120556012662564
-0.444247163679076 0.0562052633097671 0.108457840219405 -0.111391018854654
-0.266806588460591 -0.180077570798386 0.384029562604254 0.0737020221432206
-0.342560889823095 -0.0412664649086408 0.324927074836732 0.311772945945302
-0.259287557241063 0.170751446501696 0.445617006511274 0.249948674035087
0.0171328300117408 0.251556156855324 0.415424643827728 -0.045954238914497
0.186860885325004 0.121577416796312 0.233272990817715 -0.221714129742442
0.212070826859232 -0.0345705064116321 0.0597171570709704 -0.262510511440945
0.125146016429394 -0.138113811682576 -0.00792282675438368 -0.195700230868666
0.0726950723945352 -0.167004853891049 0.0399601038920406 -0.0981253649107472
0.0687174201665517 -0.155889455037374 0.148228028227976 -0.047913134890135
0.159161948351693 -0.140083323336596 0.239506262951758 0.0601238902754194
0.248411908457917 -0.0259517899768996 0.241114192533181 0.230686145319875
0.23460912146629 0.142369433851603 0.0392984112541192 0.361545874874857
-0.00561837024630116 0.327276150216461 -0.198032948974272 0.201488781887318
-0.287515997674184 0.176320192468299 -0.198192677636106 -0.0984770491486995
-0.328900916551937 -0.0325047389732015 0.208008339032744 -0.0881983571187968
-0.0804215315386103 -0.163479615925353 0.474557623243941 0.0762899977560084
-0.18468905875327 -0.101245043876547 0.333785477991627 0.284351527301633
-0.169158967407699 0.0649443476846533 0.409839651489423 0.261495038137028
-0.00475669390446043 0.140983024366615 0.405895432839678 0.0238920294161805
0.100933803269793 0.0705104003799627 0.2854641599066 -0.187234831787663
0.126304200926156 -0.0148030542023124 0.108777362223611 -0.282433628775291
0.0808443177598967 -0.0880830682248051 0.0246559843130016 -0.240367573861305
0.0447538850105654 -0.119301516578525 0.0614052125030906 -0.148336727266622
0.0490947618423573 -0.119172359590115 0.169543919568545 -0.104881671504212
0.11606755754288 -0.106542219130801 0.272220141200626 0.0105043063873648
0.184438258390959 -0.0176962070679468 0.287513580343807 0.205110261043295
0.166708662523724 0.137581716394228 0.0718294644526952 0.363911969696426
-0.0659606240020986 0.243809192375667 -0.17221630594513 0.214688424410119
-0.246724696118058 0.0464933269985627 -0.164320822554361 -0.0774455631061793
-0.179992916206993 -0.123452042639023 0.271670189290232 -0.0440383510914888
-0.00836168743800114 0.152157125709448 -0.341217605233316 0.0564999838619493
0.137599001691763 0.0215591619535003 0.154462232800957 0.178195405713805
0.0783609524559181 -0.106522030603018 0.249902521495337 -0.226378960182369
-0.0799892661308863 -0.0780632994127166 -0.0512637804829101 -0.431418039251155
-0.0822171828555241 0.0195335668035624 -0.371876851321433 -0.253496586886899
-0.0418445579475739 0.0440732549739533 -0.35395777904474 0.0371415426456471
-0.0158333989614977 0.0545305618666498 -0.198284427543395 0.159685929650467
-0.0062687178219076 0.0409359243364053 -0.0942770471818451 0.208654519716995
-0.0224292477627167 0.0254907240591448 -0.0380448248877358 0.263820988742627
-0.0335704314096751 -0.00974825342553588 -0.112629270783628 0.305152279536403
-0.0127895931708953 -0.0208259634665187 -0.264656508739559 0.22611872752444
0.016253891171417 -0.0396844672916665 -0.385902234485027 -0.00671753243788937
0.0934208854130171 0.039942282782334 -0.42203950575616 -0.217391434354845
0.0285892371478021 0.145033091732025 -0.388600310962795 -0.314421562985129
-0.138060858501857 0.151853772554851 -0.51517050586073 -0.131766971195433
-0.187156682491956 0.152100128595388 -0.329655400003567 0.0185709613222931
0.0236181745592303 0.129151612944726 0.156501076660162 0.197903255460211
0.0733612159694663 0.0239423690238433 0.304576386410549 -0.205760525285986
0.0111630907312692 -0.018378109444142 -0.00938763360389252 -0.469255661436801
0.0192601456636 0.0139819153998006 -0.365299407046482 -0.290684753995092
0.032416560496756 -0.0108625821715242 -0.36617622036771 0.0147482073373012
0.0190667100656845 -0.0179036281467904 -0.212048656817147 0.15613764314074
0.02551386258602 -0.0322131416481187 -0.0952603551267591 0.207694999661614
0.0232101770011269 -0.0437173806868557 -0.02059014589906 0.259763244172261
0.067678422439042 -0.0580006393776912 -0.0701484611603789 0.315831619260272
0.106370132684157 0.00991357325328796 -0.219449861799993 0.280141825621133
0.0793685962778991 0.0689861730488712 -0.369233907320124 0.0762917688549872
0.0275463257002656 0.180140029371906 -0.431780242191445 -0.153086926803211
-0.14611814020305 0.224845689747788 -0.376198011767078 -0.270191972209106
-0.340236073903254 0.150813157464117 -0.439912758834926 -0.12059567983754
-0.351747993381182 0.107063601685625 -0.255744215998622 -0.0109158216219825
-0.133596062720116 0.208808934934932 0.180753958249281 0.229542174711834
0.0210664595123534 0.172946926297928 0.386803574483763 -0.155626913248332
0.0970918662410978 0.0798592166541895 0.0795010148018693 -0.49135455414798
0.132281962720715 0.0262010849516979 -0.311456554805642 -0.338110072544305
0.120282986290663 -0.0603586813508574 -0.34615100496949 -0.0381703690716632
0.060012432296947 -0.0903147133921749 -0.209572484738861 0.114915498677727
0.0530561449015533 -0.102570359732088 -0.0845737389193275 0.175276225632685
0.0568639140269441 -0.104947192056632 0.0124384219664271 0.227349774081224
0.141340108780622 -0.111475144991468 0.00455329756718705 0.298970243193844
0.211347727653626 0.00391604729480619 -0.122280071730148 0.32775622803903
0.171860505448366 0.128094764537407 -0.310000211188965 0.196068292894459
0.0314451655460551 0.306797375709805 -0.42881154372417 -0.0442533092761112
-0.252155683814601 0.318155473657309 -0.365420732006926 -0.215748914836109
-0.476706435849968 0.166929248105219 -0.321239682389367 -0.110005634484913
-0.466178012044519 0.0508503978431818 -0.121805965012643 -0.0137597692319395
-0.288790186881758 0.249211054393637 0.237196875724205 0.249488588163565
-0.0622673064669299 0.304084172190341 0.465608480850676 -0.0927542408553847
0.157517905988812 0.192373385450243 0.178549024631073 -0.470928396822614
0.234485204814807 0.047225428092484 -0.222011329739627 -0.358454070876141
0.198780106764752 -0.102880211591503 -0.289374141290337 -0.0937647169615284
0.0925434450402186 -0.154911309309548 -0.180456540083155 0.0557645468225225
0.062754091981556 -0.163190526666685 -0.0541582191147842 0.120717726044365
0.0654011922743368 -0.154234617170325 0.0607943905166227 0.165729082786287
0.171050445413758 -0.165324371273781 0.100753201097546 0.248692350599501
0.278363429797065 -0.0400418640883172 0.0170748061108906 0.341049858345622
0.263998198400123 0.126491193077199 -0.193032496850952 0.308687204645815
0.0916068792313745 0.38398560799883 -0.38432988266498 0.0872733639749069
-0.275411917713897 0.396344888477406 -0.349137483775333 -0.153706560030039
-0.530809110868629 0.198560491017815 -0.182041012394058 -0.105132111694286
-0.499986486869823 -0.0517297537624071 0.0573604205788754 -0.0084500948146425
-0.418026438102894 0.193006361975049 0.280985940529858 0.280329542556861
-0.184736399287415 0.354112859426023 0.518949580543894 0.0380888394209063
0.143576437494533 0.292568906320639 0.319545013353099 -0.362109482001835
0.282822957240234 0.0979298773871457 -0.0507140792367679 -0.35903443448834
0.255774561313939 -0.0999167585930085 -0.182986516003088 -0.17801724155833
0.126503079081823 -0.183589546418866 -0.136554509929913 -0.0386121730804759
0.0757417270570397 -0.194518727258775 -0.0288617778755471 0.0444284068702565
0.0729677817213233 -0.177009629271719 0.091269756669444 0.0910640538539362
0.1858282900031 -0.18258329035578 0.161296270168997 0.181382872577924
0.303431417283027 -0.0556953668246801 0.118716671451309 0.31151606526403
0.301101518405416 0.126415653205081 -0.089004998270357 0.354313479443507
0.100808185506992 0.408096487645041 -0.316655130859032 0.154878881110665
-0.29174173502931 0.385787969161371 -0.30456271120241 -0.131247189491987
-0.52288355352168 0.156277815279077 -0.0313432345039288 -0.119995737464312
-0.434118844876998 -0.13046396941537 0.243076652469751 0.0204935986972461
-0.44081988301932 0.0868576872458696 0.324580354844649 0.295227595479008
-0.262609753176856 0.303154993436913 0.514538993289992 0.155122447851119
0.0877696912388506 0.315457892672056 0.401046322057146 -0.210537606471345
0.265159566460122 0.123693459518317 0.108241652317845 -0.307813815200635
0.261116418300515 -0.0789497014582823 -0.0617470826439416 -0.236621742749076
0.135168878225895 -0.181517188134099 -0.0781412225593922 -0.126344431390533
0.0741054025098743 -0.19909555262 0.00375496514237966 -0.0325976739523009
0.0700147506799003 -0.180578021979755 0.12222642451321 0.0118002926707747
0.176865385371167 -0.177602611057783 0.211937406501091 0.108805138330633
0.291259202373584 -0.0565475533526256 0.20081899880439 0.267398808041362
0.290814636273082 0.129553115928156 -0.00199966975578375 0.366887485029513
0.0699387201347372 0.386589368874334 -0.248454062058984 0.194630497915728
-0.295243416845844 0.310559800730749 -0.25649365716821 -0.112710949135545
-0.453857642607862 0.0794231213391391 0.102581719012485 -0.119785530171397
-0.284266165131726 -0.168444958375655 0.394499456639943 0.0563406701556482
-0.352331502031663 -0.0245845643574344 0.344437988823221 0.303645546472509
-0.255054514576211 0.188507647344642 0.470018266518482 0.234529746262708
0.0313641170788642 0.254442367686613 0.423563524142984 -0.0661374225691936
0.1969997298716 0.112647753092594 0.229173258242435 -0.23867286913843
0.212765894801389 -0.0489130740874472 0.0444947005868512 -0.271454868858361
0.119272444634515 -0.147856501005574 -0.0206582635884312 -0.197987231058065
0.062150809019447 -0.1726402190766 0.0353093248524525 -0.101208978874481
0.0614107316895756 -0.161206093218606 0.14991498534679 -0.0587136924967341
0.153550841792889 -0.152030173436138 0.249736608763803 0.0479811409942681
0.250506412993274 -0.0407090782802795 0.263328273396854 0.223241690167084
0.245961799229213 0.131704017406549 0.0616739855772171 0.365587513905318
0.0136420522206074 0.332918512820475 -0.194410699526958 0.214963818828113
-0.284718812585574 0.196915782283064 -0.210241968578628 -0.0913951991893143
-0.340110089763827 -0.0168585025031995 0.205308650294032 -0.100509258214242
-0.0926152503875844 -0.161200911880469 0.486846737739478 0.0562697347033116
-0.194011131826721 -0.0925937901878006 0.35339975835855 0.27719180454933
-0.169145696451753 0.0743980699077822 0.434387098220227 0.247666143851715
0.00207790393580585 0.14244479523696 0.418222554337196 0.00606013571677125
0.106081320755027 0.0655715522766033 0.283871256455172 -0.207464849095391
0.127286837905102 -0.0233738197770154 0.0934984200906247 -0.294418870415291
0.0773420209483652 -0.0949313551668077 0.00879856574311231 -0.245488324004839
0.0369941509479923 -0.122416901178963 0.0537840511772191 -0.15347246745309
0.0422196678243192 -0.123280004300542 0.167648728871889 -0.117041947423325
0.11091716030084 -0.116268801441323 0.279798363138431 -0.00365622833365714
0.186433101464242 -0.0284898007509523 0.307573425228402 0.194743249320702
0.176764995561109 0.130541796887848 0.0933403265813958 0.366295949468442
-0.0527681709537272 0.251860151562344 -0.166934863447127 0.227494919115917
-0.251516720732378 0.0621422799863235 -0.174354796816172 -0.0705564631154427
-0.192505965786392 -0.116472007961494 0.272108538339472 -0.059267077002911
0.00283315779843476 0.154076013467542 -0.339288056588942 0.0824507167196945
0.138957674881666 0.0109099587513831 0.170445565441204 0.165118814424999
0.0711005682198182 -0.114112987548053 0.23685182189247 -0.248352219200379
-0.0867360990348567 -0.0716449182467131 -0.0806859184094459 -0.430443440840877
-0.0807563012938037 0.0274490340497209 -0.396410030710789 -0.224599527998077
-0.0377096192820733 0.0473924085684744 -0.354106238662112 0.0643757924479298
-0.0115291013375417 0.0544502036519328 -0.187820745798045 0.172035705089953
-0.001937877510997 0.0408897497661341 -0.0783271954267737 0.216216412534422
-0.0190190887204336 0.0266698520145839 -0.0154299861432845 0.266921538102819
-0.0336241817289534 -0.00579428212976963 -0.0868921866730022 0.316605324391285
-0.0140711235835444 -0.0191309129339983 -0.251246176672434 0.24842231548679
0.0127034771520241 -0.0396503052383293 -0.395679583043449 0.0194810060833169
0.0969219893365859 0.0311107161113158 -0.444085608823478 -0.188338764056381
0.0388973500637628 0.143580027459593 -0.412877415970106 -0.293673475640451
-0.128404867299938 0.165159911891172 -0.530175599312818 -0.0997337794042056
-0.178162780453084 0.167694373540033 -0.330278362353394 0.0424011177816047
0.0338592336342086 0.127717489262503 0.17367838365659 0.185242905213948
0.0759974337162148 0.0179832717260774 0.293988620454337 -0.231499017440987
0.00973945712400893 -0.0193166577940112 -0.042140012678422 -0.471962784998942
0.020800375567 0.01310526107495 -0.390907594193583 -0.264096659862589
0.0321236170447933 -0.0133936933520496 -0.367066366510063 0.0425633958640755
0.0183414869585754 -0.020591180322709 -0.200246247141483 0.17018008427777
0.0236400995377959 -0.0352891177375248 -0.0784908760811674 0.214607573750861
0.021577177395657 -0.0458975821745035 0.00244764009303701 0.260772916082373
0.0643066313168353 -0.0638678543762619 -0.0427404756941565 0.323699939919828
0.109386674601968 0.00176036952043413 -0.199084275866167 0.30008162243693
0.083624154974296 0.0651045138605629 -0.370995050078099 0.101750643381055
0.0412627170562768 0.177855762995757 -0.450235299163294 -0.123796947677501
-0.131978150918525 0.236079849136932 -0.397237273398647 -0.250795405519937
-0.333571247271012 0.178098625202988 -0.453125471766794 -0.0942312433291036
-0.348302723852715 0.134755247104864 -0.259613146340417 0.00715517913164927
-0.11865432600087 0.218727880671828 0.200754380899787 0.21597533228173
0.0346278332151018 0.172357437070819 0.382660264449934 -0.184860767962818
0.103367448394859 0.073522421551585 0.0459490286862964 -0.500116103947669
0.135555543330552 0.0161281657350268 -0.339775181026448 -0.314873986343541
0.115638136504726 -0.0701466183390882 -0.351239141825221 -0.0122071947996009
0.0545947638181457 -0.0961732824352521 -0.200620068924076 0.130370290282638
0.0457736393609929 -0.107402426787367 -0.0699125757216868 0.181929259170408
0.0507104604041578 -0.108904831633539 0.0335757486356673 0.224679068253121
0.13367541622123 -0.123408142444776 0.0318571973421641 0.301194564006225
0.213044043468961 -0.0140634322265964 -0.0958531596302672 0.342468968225505
0.181181153386596 0.117180733280801 -0.301589435975068 0.218297575086512
0.0548872664414565 0.305944733717443 -0.440350153281443 -0.014217534130779
-0.231755586039301 0.339032964071586 -0.384132834774988 -0.195292697609826
-0.473536146225082 0.203729222364587 -0.331872575751824 -0.0911882693754318
-0.466575768647424 0.0860687963349877 -0.125625137484176 -0.00631930280736012
-0.272034280318573 0.2707109842048 0.257839629908967 0.233468933748849
-0.039363741429993 0.31109724369102 0.467894353704109 -0.126309425963964
0.172003368892615 0.182115258265176 0.147287773693099 -0.485765168988756
0.239976871787938 0.0286275308238895 -0.248420886300938 -0.343195797974774
0.190868136738146 -0.119872392664074 -0.298336631884235 -0.0716859822241824
0.0812733314526697 -0.163003824328894 -0.17605124124511 0.0702608788963878
0.0500787518046117 -0.168277169870542 -0.0446253370527715 0.125498895498941
0.0549946183377992 -0.158985939192582 0.0766166156140555 0.159652166906587
0.159794018323037 -0.180013349138218 0.123947616978951 0.242255931620462
0.277467676343588 -0.0629301315558477 0.0474745186838569 0.344436032963478
0.274174256781044 0.108065629124735 -0.17498339166817 0.323489174656903
0.121938731799726 0.379079590327092 -0.385409163898297 0.114766801761046
-0.248660424349907 0.420093011055963 -0.364633134667438 -0.132754391918554
-0.524532424187547 0.239527641728452 -0.192287999943384 -0.0940787329313912
-0.50978147966388 -0.0147399554214728 0.0556813806908947 -0.0136882506176914
-0.40599868315108 0.225026347766761 0.303306859469887 0.261747069429193
-0.159385697399291 0.371049377617027 0.530102646851995 0.00195976394433858
0.166022272704356 0.284033626550313 0.297524545962614 -0.38494757698163
0.292129811275912 0.0749367948668228 -0.0764778699230364 -0.356614523301791
0.248497486271461 -0.121716108385102 -0.197245726907065 -0.165257845522149
0.113708978495211 -0.194482430517167 -0.140400232881979 -0.0277593742032935
0.0602751689185096 -0.200167418525951 -0.0253552884679413 0.0469919892000734
0.0616084455959497 -0.181801499698369 0.100645398392564 0.0815054113783932
0.172168835134325 -0.198308767796279 0.180057664381702 0.1693209657914
0.300647852201145 -0.0808093038095851 0.147795629795411 0.306140311403565
0.311722064926976 0.104801341944759 -0.0641554000404794 0.362212512489264
0.133000832572988 0.402524312001533 -0.312329700564322 0.179072763493443
-0.265191863852007 0.410648620115829 -0.320010607814605 -0.113930500140238
-0.520351537246524 0.196475564489719 -0.0417709155897824 -0.119465628997371
-0.448461022259961 -0.0981084992926937 0.244408013749096 0.00309715241328854
-0.437727230983075 0.118568469622932 0.34643944525932 0.276754585294823
-0.242003170829145 0.324433992243111 0.533237436805751 0.120528798978936
0.112447463934746 0.310632404751829 0.38980072464916 -0.238982508878899
0.276671492603146 0.104018523712788 0.0894672694783959 -0.318169780146525
0.255375460349542 -0.101563598759616 -0.0806803975405136 -0.23369454267909
0.121872391663533 -0.192931307396436 -0.0890287163356959 -0.119171556912137
0.057381305509851 -0.203961334950486 0.00157705083959442 -0.0322355801352055
0.0572687334776845 -0.185238135066905 0.125585563329565 0.000159809135601987
0.163313717539498 -0.192293861620134 0.223934744655383 0.0934449522521643
0.288735494266073 -0.0797905488853947 0.227630722926086 0.255314481789896
0.301418505994638 0.10859603462435 0.024927557741618 0.36857014603483
0.100958682472147 0.38263919383687 -0.241099902911373 0.213714505676104
-0.275800773405628 0.335578493355434 -0.270620051793275 -0.0967018194844856
-0.456115483994162 0.112310673017515 0.0924279312801609 -0.128521204978769
-0.299450288855076 -0.147444556082793 0.402040417940048 0.0291246663194481
-0.356604478211281 0.000724520055864796 0.36785997952799 0.284857731563836
-0.243019216181707 0.208569974274493 0.49377591858964 0.204487525860322
0.0497076481406412 0.253326917339536 0.424518529608738 -0.0948859267153121
0.206955733323115 0.0982752595304998 0.217452765386928 -0.258480550702537
0.209244054965081 -0.0670606199282496 0.0231066421152939 -0.277391181701603
0.108193914565364 -0.158188252124955 -0.0371271110855015 -0.196121202538329
0.0468427596303894 -0.177119659597392 0.0273797886501081 -0.103125446912746
0.0493390025983309 -0.165195698201926 0.146600777504037 -0.0713730638642968
0.141883912010861 -0.164450024335755 0.256789897222036 0.0297140284110208
0.248810346356741 -0.0604317571387711 0.286680034813921 0.205917565014095
0.256892496414404 0.11356042213996 0.0898687873001177 0.361624210587121
0.0396831133335521 0.332664468235568 -0.184135896165131 0.230982988074742
-0.273494196080097 0.220207875867106 -0.222780326352773 -0.0772425018754301
-0.347295893738565 0.00861686184778531 0.19765880655255 -0.115886940326738
-0.106082010278954 -0.154437836217731 0.494383480552634 0.0242798197908745
-0.202857360587961 -0.0790483249884982 0.373570207223709 0.257864392915973
-0.164495054031178 0.0876239160688856 0.456869480667379 0.221424222802093
0.0123828523507021 0.142410312989713 0.424892728126565 -0.0214743290800118
0.112204464696201 0.0576902495756078 0.274247215842484 -0.231887928366796
0.125437428008533 -0.0334244531144519 0.0700442015756383 -0.303798605275757
0.0691277740254991 -0.101899358900448 -0.0115364369584331 -0.245756837272927
0.0254170182073728 -0.124502671453936 0.0426565428395806 -0.15776935715311
0.0326004530387786 -0.126242178761771 0.159836017493959 -0.131151403218722
0.101438671481583 -0.12572369938465 0.283066490819468 -0.0248358183711687
0.185195214448112 -0.0428244461400363 0.32817022670536 0.173538810354782
0.187429813907644 0.11715775149031 0.122586823577672 0.361769973009062
-0.0330907338174178 0.255824548364654 -0.154527853700257 0.241169978191733
-0.24996949830889 0.0838154764225588 -0.184924149051496 -0.0577987163556204
-0.204583705720584 -0.102711203867628 0.268371536812221 -0.0790858260002983
0.0139566153472539 0.151473870607042 -0.325818833902782 0.106189364710139
0.136101679994859 -0.000169883575683513 0.179190233870669 0.146246985904203
0.0603921125247586 -0.118185688968689 0.214959284414213 -0.261889530470343
-0.0904391255310213 -0.0626203900724543 -0.107504853637912 -0.41584932819788
-0.0762845621052553 0.0336284188899888 -0.404996084071445 -0.189663355933798
-0.0326249382004177 0.0490970204994154 -0.341087654313119 0.0886278791161139
-0.00676817952257499 0.052960808724544 -0.170809631970719 0.178173067922261
0.00129450765284515 0.0382447210294059 -0.0592235105894824 0.215714732547006
-0.0156302739708518 0.0268199501501051 0.00760538280305451 0.258748778487723
-0.0315744415969332 -0.00292791798746501 -0.0574601384773717 0.31599632375547
-0.014839503552992 -0.0178723574427911 -0.228305439531418 0.263452674334261
0.0087217898030143 -0.0382015802631463 -0.390890316492085 0.0478772740470452
0.0963337051753926 0.0216704235327631 -0.450118575262058 -0.15171978883081
0.0475839808092605 0.137033097238383 -0.425091743932392 -0.263144834644536
-0.113257848033311 0.17278356560365 -0.52779738174158 -0.0630946052310607
-0.162467625223492 0.178266899626853 -0.321570834176161 0.0659100410906815
0.0418755381771685 0.121391925154236 0.183884903570672 0.16663930544796
0.075951243562506 0.010443392612854 0.274383777210579 -0.248834066414447
0.00719412931465935 -0.0189358453441991 -0.0729471285771144 -0.458014648524304
0.0218466185390187 0.0117606663340552 -0.402316284582415 -0.227010701447158
0.030226437538461 -0.0157191192002104 -0.354505652547228 0.068847198925792
0.0160996959146551 -0.0226307590430315 -0.181986354063118 0.178743820198376
0.0209370500294901 -0.0370209125088924 -0.0592496538600416 0.21517255848913
0.0188667257694709 -0.0462123762095674 0.0244732451213809 0.252154203493292
0.0585901932595782 -0.0671067897697634 -0.0132621826922361 0.319382163177176
0.107136142608823 -0.00715698583179134 -0.171871757916597 0.309781884656355
0.0856606864877917 0.0592301657170907 -0.361202871644475 0.126028507831607
0.052516730428599 0.169520330257276 -0.452023874631081 -0.0882584725796692
-0.113363964682984 0.239997945698672 -0.406854663190557 -0.220062850400978
-0.315740901353983 0.200080589106039 -0.451730978636721 -0.0618162437786443
-0.331337342903121 0.158567240393954 -0.255730720396006 0.0260050789395675
-0.0993909393078103 0.221579005643535 0.212566746018475 0.19450676932227
0.047206250605087 0.164666780321516 0.364054689543683 -0.209327648767547
0.105189821591638 0.0641900930341067 0.00962066217961989 -0.491114783427416
0.134097617162225 0.00549591530175941 -0.35499487739799 -0.282305794457634
0.106996594802582 -0.0778558565078258 -0.343235202725689 0.0147344846413286
0.0461210709963936 -0.0987383213506276 -0.184492116379301 0.140916879765531
0.0367563701730606 -0.108138896639636 -0.0535906218510056 0.182473585275576
0.042219648057985 -0.109641913612198 0.0525717645730671 0.214274100475714
0.121500627991174 -0.130810767282387 0.0583276572077936 0.291739297257577
0.208258758470915 -0.0303189321184715 -0.0655262973434984 0.343527767251755
0.18554649249375 0.10223705518157 -0.28348408703979 0.234848566750803
0.0764029767353635 0.294200527687758 -0.435765267340668 0.0180408243739034
-0.203458363856224 0.349319574743514 -0.391431562027352 -0.167817725810097
-0.450872028048295 0.234052110620827 -0.332754954134838 -0.0666804034455721
-0.451168671279772 0.120600336104326 -0.125603536646962 0.00296415410340465
-0.246071794699843 0.283321286227585 0.269528770244143 0.208875061694995
-0.0145086857738142 0.306674925593555 0.452546682867545 -0.15740370484704
0.182034720543525 0.165125032294039 0.110807458269861 -0.484334086803158
0.236856682941391 0.00923863878457194 -0.267031026263651 -0.316178975146885
0.176814749054869 -0.132181673202784 -0.296565858210927 -0.0480650655096054
0.0667876205969294 -0.166194323054625 -0.166461233031424 0.0813055048544994
0.0359069815110044 -0.167898360161306 -0.032444707664405 0.12603978905195
0.0440023408990142 -0.15866727799062 0.0891403810999623 0.146238113028042
0.142268774062492 -0.188566768927712 0.14263129862712 0.226069729834416
0.266989565531647 -0.0845503900803094 0.0759973515239821 0.334173670764189
0.275124065108651 0.0862166483519566 -0.149285073511999 0.328087344807345
0.147964046786725 0.360412077369928 -0.373617239471342 0.140635669605105
-0.214540395921799 0.429305372688506 -0.368945441817474 -0.107002895319699
-0.499252241523608 0.27294225680995 -0.196396896253084 -0.079089555081188
-0.49974062196515 0.0239600332969056 0.0504908783643653 -0.0175025864175318
-0.380100631680612 0.249085975964134 0.315236076728471 0.234184828631641
-0.127435975390252 0.374271865692288 0.522027861283364 -0.0355716874237766
0.183376185243703 0.265851516858668 0.265628132594759 -0.396135931620815
0.291553726256413 0.05092662914871 -0.0976064709286587 -0.343511843133386
0.231946424678265 -0.13849142596632 -0.206264058534863 -0.146821699101274
0.0957482181366876 -0.19891063259385 -0.139078382756017 -0.0153567101925478
0.0432442002059906 -0.198714783105653 -0.0203798274994843 0.048035744781457
0.0482785946572165 -0.18149985729942 0.106121094805374 0.069399634257006
0.153108442059705 -0.20719275787912 0.191107714711283 0.150620486937326
0.288701728034853 -0.102862413763505 0.172582875996166 0.288888884377413
0.31123522318636 0.0795980844509929 -0.0379193852471421 0.356999358381747
0.161803146821152 0.382289606755653 -0.296985614141319 0.197937297276582
-0.231120337075386 0.422474954045883 -0.324841784123466 -0.0896888593153358
-0.498542674759894 0.2286700609133 -0.0513511259324674 -0.114004890183514
-0.446707676074972 -0.0622400804928196 0.23774778134565 -0.0144620039123659
-0.41863249819959 0.147216349721378 0.357934940282576 0.248050642446817
-0.212203862146595 0.335843470468033 0.535055449455975 0.0812724912518016
0.132460773396508 0.295454735705347 0.36723902166193 -0.258081039596248
0.27817270388235 0.0790140994929947 0.0677167531738772 -0.318030923323754
0.239782647598538 -0.119349691630342 -0.0965055171567974 -0.222277431084734
0.104484873089881 -0.198218017446963 -0.0958497471743887 -0.109001944881851
0.0394577248664186 -0.2017415379638 -0.000303861734263447 -0.031101197433276
0.0434628429474035 -0.183894657478695 0.123409579064507 -0.0111919013671717
0.144650310267217 -0.199967305825959 0.228965868542675 0.0731799041417809
0.276182103566053 -0.100597552988242 0.24661526679895 0.233589849207782
0.301219896287139 0.0835279898233342 0.0509801789818898 0.357309976772459
0.129025977518787 0.364803797495784 -0.223291659622569 0.226176527689278
-0.24583356816445 0.349889869911641 -0.275561006518424 -0.0762307473336675
-0.442241627044561 0.144610066742575 0.0796970629435036 -0.132241077716879
-0.304597242211861 -0.121805707331711 0.393601422709036 0.000782707476580705
-0.34871618448532 0.0261632655974482 0.378684729937237 0.255522937756426
-0.222226711336447 0.221722151550671 0.500920956275161 0.166949882212521
0.0664443982424403 0.243801377880096 0.411304343683884 -0.119581767344577
0.209943403023868 0.0789365792702993 0.197611016132799 -0.270161348530819
0.198010266804885 -0.081890225198766 0.00111052691460328 -0.272975405818228
0.0929517674748399 -0.163081640001718 -0.0523476958957993 -0.187132605289614
0.0314655881642557 -0.174221746600519 0.0194900891765515 -0.102557733102031
0.0358425917232445 -0.164778334799304 0.138747237376245 -0.0820831292074807
0.125381097362251 -0.172081847108157 0.255535286555076 0.0105710513360215
0.238269432838904 -0.0776028927880525 0.300286996616726 0.180140187812552
0.258682952343668 0.0910645128739391 0.114994718963771 0.347109491932147
0.0654204343581155 0.319944788669159 -0.165775815099706 0.239311095465396
-0.252426793109157 0.237463756209526 -0.22714396999873 -0.0592042385769557
-0.342333779226786 0.0338891703810301 0.183328603279455 -0.127635250680826
-0.114607520825059 -0.142283022243021 0.485885819995555 -0.00998540027544867
-0.204849408604183 -0.0626226131772958 0.38452280174855 0.231296531892166
-0.15414692338969 0.0975794076907414 0.465299654345154 0.186108687608175
0.0220901980013092 0.137692352284482 0.417623156847118 -0.0489327732304941
0.11383102044118 0.0470671880782106 0.255252737392324 -0.24915231259942
0.119393668893367 -0.0428420870404834 0.0449697803839896 -0.302195593885733
0.0592982401849609 -0.104750157832727 -0.0315268961995906 -0.237474209057809
0.0142500501043682 -0.12119774067451 0.0295375269756481 -0.156627159653047
0.0212925733443429 -0.125121700721692 0.145947698037099 -0.139952366417415
0.088560900181536 -0.130928656100916 0.276662461310651 -0.0447050636765001
0.176524378404245 -0.0554424724320626 0.33695019122714 0.144753579667203
0.191681498869432 0.0994079297139798 0.146781383676489 0.34357564468306
-0.0113718009715352 0.251139069475938 -0.136952448387929 0.247775613411783
-0.238569074307953 0.102166103759929 -0.188209425663014 -0.0420804072076624
-0.208968548268626 -0.0842007823691695 0.254678472439327 -0.0970316281854973
0.0358435718730622 0.148667904269446 -0.298664815497161 0.134443142324181
0.130523108773723 -0.0179653869955847 0.185917946983965 0.112186893484414
0.039812052191168 -0.123983325060387 0.165372079029442 -0.276415230173562
-0.0936538451040549 -0.0486009308628205 -0.164582178156473 -0.377328644330208
-0.0663552449999409 0.0409969716721676 -0.412912448270749 -0.117868188150121
-0.0241946367833449 0.0517630218010409 -0.310756815519846 0.132469243838247
0.000269215886052468 0.0514037133685712 -0.138187298685399 0.193071692919308
0.00768795189681903 0.0349372623727437 -0.0236298439638285 0.210398480889085
-0.00871062428588428 0.0263692600136616 0.0452026608329236 0.242353022095366
-0.028435865226793 0.000429223606139531 -0.00536005959108908 0.308200862516219
-0.0125520038647571 -0.0149443409479075 -0.181713788453367 0.283382897579429
0.00581058041252947 -0.0326002038129939 -0.374499137142872 0.09988557908585
0.094128663312125 0.00924878722982949 -0.448621486083739 -0.0848528908379633
0.0622656815717072 0.126905755025881 -0.43582050077691 -0.188519225275813
-0.0797621282729149 0.184439795328479 -0.52001624122934 0.0150984509268741
-0.131963275430027 0.201261706961699 -0.286894610827854 0.0899235881369499
0.0560770134819353 0.109565221857947 0.196485437696302 0.126224750699645
0.0726285042607414 -0.00371143137919677 0.224671254285504 -0.278473741991209
0.00379579478773815 -0.0198911077807616 -0.13978494283969 -0.424870452474425
0.0232291732841502 0.00657787735445517 -0.418420100537045 -0.156639130846869
0.0265898269731385 -0.0179302475812969 -0.329825535289641 0.115495081985057
0.0122429308092531 -0.0225487504877007 -0.15135439199718 0.194155820193764
0.0153156803868474 -0.0387980328296631 -0.024432126791943 0.209387581510653
0.0134554251865227 -0.0474735442397373 0.0603487057851623 0.23165842424859
0.046450205927645 -0.0729220455309807 0.0372257754760659 0.301596792271758
0.10291223711385 -0.024921339541616 -0.119873840252755 0.316296846628409
0.0917649296076992 0.0479881255291068 -0.331011574146619 0.16954516868857
0.0755987998349164 0.154208394105871 -0.440867671039963 -0.0192043323507025
-0.073487420595758 0.244260133121877 -0.417113295420436 -0.142489544579905
-0.264292309913958 0.239615409681565 -0.451520706234759 0.00793229090020423
-0.300806662291063 0.207970979781312 -0.215961129385724 0.041899938641165
-0.065071575339401 0.222245161862893 0.232202902194184 0.146262016606423
0.067545283328484 0.146268290573741 0.320178930633574 -0.261645462200873
0.106975094698703 0.0464469303953133 -0.0685996528123624 -0.473692964101361
0.128240271132266 -0.0150641366701018 -0.384684992204309 -0.217844345524975
0.0904891554487007 -0.0874264381317516 -0.329718225148244 0.0615807895874029
0.0299018608851509 -0.0975763530828214 -0.16032959848103 0.158090092230687
0.0204002451078876 -0.107634702772542 -0.0232556424713356 0.178266894939356
0.0263005216879359 -0.110347578829879 0.0804653999108555 0.190109534272572
0.0957604410985186 -0.142928209082379 0.100545399183017 0.262405936119362
0.193278225126147 -0.062857887121508 -0.0128907421563484 0.331295797126405
0.191276921285885 0.0729708429554729 -0.237720509488234 0.261276215608375
0.11822160138016 0.266626180703277 -0.407159467477095 0.0813456130725668
-0.140928337326161 0.358274163927458 -0.395874659007664 -0.0867477719476491
-0.385882831200746 0.290282165753296 -0.344097126046722 -0.0117457422337084
-0.421323228670182 0.188371775226095 -0.085681476877638 0.00261615552846567
-0.195377614257729 0.300174817383832 0.292989227996635 0.150057401753093
0.0295923597912877 0.289484964630534 0.416684488201214 -0.230553234719524
0.192100454522147 0.132121594992163 0.0286992942843305 -0.486281939370394
0.226340044903795 -0.0252739914641544 -0.308417532387267 -0.267730081837411
0.148041589069533 -0.14793684529327 -0.297592388964443 -0.00593473325060434
0.0407836049765968 -0.16427907867789 -0.153181189156047 0.0983649483362901
0.0105794077078918 -0.163180442096093 -0.012333690894108 0.121935575930495
0.0207405948108932 -0.157009991088037 0.104849283691718 0.120225304311744
0.106325418646128 -0.198749400761352 0.170422067124423 0.185836682193208
0.239567384002617 -0.122421745041533 0.120972132656351 0.299985480670101
0.272930964863973 0.0434962144104705 -0.095526213736218 0.32899956049941
0.196989863286088 0.316217327903826 -0.328171003657255 0.189433450240746
-0.136982564301694 0.434121735366557 -0.366381284472501 -0.0274244825194532
-0.426610231297041 0.332580152536962 -0.216846942945018 -0.0419107203731976
-0.48403646866491 0.101743185036771 0.0857392682485318 -0.0342630219878497
-0.327005339697968 0.284993745430166 0.343832263410884 0.169735572925271
-0.068126783332607 0.3704225438048 0.50522859917289 -0.124913519079176
0.207603216180031 0.227345049070045 0.192536790311808 -0.428630771586863
0.284170970282392 0.00608175236909255 -0.152181490873318 -0.322291160497921
0.199620876514412 -0.162214621993099 -0.226841431891029 -0.11424788416854
0.0624653164584882 -0.199177058961162 -0.141797094016246 0.000975165867617867
0.012788355954732 -0.192689419275515 -0.011814814013073 0.0472612390608085
0.0217186044028358 -0.178302270956924 0.109342724848329 0.0444909962803349
0.113633635053249 -0.216948856681281 0.20528990023617 0.107094237660691
0.25662689153594 -0.142528766268759 0.207181112037139 0.243301536489214
0.305323904868785 0.030075356366699 0.0186024561263229 0.339905143070458
0.212270452011576 0.333481128831502 -0.246124252366118 0.233486982205615
-0.155689920624357 0.430026617285646 -0.322870281943856 -0.0158505762562648
-0.432132823146744 0.291861260987305 -0.0826562326896838 -0.0960865643460445
-0.444387231675583 0.00804251848563553 0.262547997844968 -0.0486059891849392
-0.379256712223429 0.193741542419285 0.387739909033373 0.181109179398754
-0.153062221066163 0.345204736282766 0.537550420543292 -0.013140590528155
0.163032771934373 0.261232083001936 0.314041056299615 -0.313577662020888
0.275679869276751 0.0368974772946672 0.0108957419765257 -0.324330958196603
0.209564902878252 -0.14557723061917 -0.133977898280677 -0.2031455612488
0.0705566135213335 -0.200486277603621 -0.113946643556752 -0.0951431451650886
0.00863956484567433 -0.194479126215115 -0.00476665538639286 -0.0303875040570986
0.0164358441787807 -0.180180143678526 0.11420005349159 -0.033127886105911
0.105402393400314 -0.209019193644982 0.228470950649273 0.0285314371132383
0.244302173706737 -0.137895958524615 0.270171008018155 0.179614320059194
0.296389251308123 0.0339776494236448 0.103975392682323 0.328226195325802
0.179690017158753 0.320979103159829 -0.173506317733414 0.251551168012762
-0.178526505937065 0.363370932157079 -0.276781535627593 -0.0109476379099584
-0.392040789783304 0.201223026714389 0.0422508432092463 -0.13438290463463
-0.313329049609468 -0.0729343063296963 0.403247370308137 -0.0471743369373783
-0.327904737658059 0.0697434160400728 0.407944545037061 0.190255016965279
-0.177926740421215 0.239354966254507 0.516443847821472 0.0806021298831451
0.0951928040518875 0.221059054402371 0.379655420721273 -0.185965063245538
0.210461524982483 0.0463436493355989 0.144862822474669 -0.29720429450973
0.17555975288351 -0.104795434135066 -0.045283450354424 -0.265462853642728
0.0641051940750609 -0.16632839300271 -0.0822977920383942 -0.17570665587104
0.0046004194310155 -0.166922066723847 0.00391026485200652 -0.0998439507510709
0.0108840904043103 -0.160052868991617 0.118344075490424 -0.100924002163
0.0905557210326512 -0.178888380153719 0.245003852641627 -0.0337938944112756
0.211441066048407 -0.110093825832995 0.313465398974224 0.122817366340367
0.255596148685756 0.0467941358094491 0.163426655518843 0.31060168323647
0.113183674015907 0.288804271039121 -0.119557661428004 0.257415002333978
-0.199819207791891 0.26021393116854 -0.230342783204809 -0.00608635326170086
-0.31540932130338 0.0839819499049729 0.14568667519373 -0.147764489473816
-0.13095645298858 -0.122568353813901 0.474664035475145 -0.0643862113678577
-0.202172689745216 -0.0329548562662526 0.40577821566141 0.171195543965373
-0.130425054188566 0.111448369597355 0.480686144546948 0.109028931912767
0.0386979061459865 0.126070033622253 0.397264062278484 -0.115756146992587
0.114696241037283 0.0295915838991971 0.205300105912658 -0.282942161031454
0.106799059162892 -0.0570634861107405 -0.00535789997779319 -0.297414734033513
0.0402576018022092 -0.107736639182418 -0.0682209870625731 -0.225824013682936
-0.00506746810518359 -0.115161700259769 0.00535553144908525 -0.151314017558111
0.000774252453466822 -0.119811168912979 0.117604511700983 -0.156112583574076
0.0614165328623861 -0.134801009294098 0.256700138717371 -0.0867875974689502
0.156379551140056 -0.0801043500201312 0.342529323550069 0.0862164123553353
0.193831921482277 0.062817937338015 0.19344415968578 0.30456471107825
0.03026141277536 0.23596018450167 -0.0923282450519891 0.261586873049969
-0.20610463931067 0.132554269280542 -0.192966178166882 -0.000966098359530975
-0.20862564709979 -0.0481091681755492 0.22256885074392 -0.131591506190734
0.0371005046963081 0.143513157121362 -0.285639047182182 0.133654258393385
0.124189538617325 -0.0188017351795134 0.180047125039291 0.105593146833506
0.0353109154831901 -0.121625653678457 0.155799717636335 -0.268508994821744
-0.091224758404663 -0.0449335506519672 -0.161068545529387 -0.364384573453305
-0.0620342640190528 0.0411176565039207 -0.399677363692703 -0.106856588001634
-0.0211870494532995 0.0493788381819341 -0.298199749123145 0.131026571423743
0.00137628244661388 0.0494160328218578 -0.132898283089456 0.184948902803734
0.00824414512188301 0.0322051096786149 -0.0195039962380781 0.201199119490813
-0.00660240525673613 0.0238260257726749 0.0475090169740462 0.230286475423676
-0.0253654687013718 0.000691154258585441 0.00112429029692565 0.295544666886274
-0.0114974005144993 -0.0141739866950216 -0.171710746173397 0.275377932883705
0.00562387484763747 -0.0293867797569087 -0.363559472602811 0.102452753703442
0.0893511656876516 0.00635612505858395 -0.433111004791384 -0.0768010769849391
0.0609377520618915 0.1206364489761 -0.421273204769093 -0.181349749638092
-0.0733949193916352 0.17917470448808 -0.501081278106062 0.0189010962433611
-0.124059770037933 0.197317145610994 -0.276177006088175 0.0910738808725227
0.0549354092018466 0.103658751217177 0.189482998125706 0.117947616373076
0.0689048338805356 -0.00608015000700657 0.212916592718043 -0.272488066283583
0.00215051384038692 -0.0190884218620021 -0.138319425674203 -0.408327611942637
0.0225439228132017 0.00650891844185409 -0.404987568235804 -0.144121490297976
0.0257417853833904 -0.0177020896841606 -0.315330097137125 0.11455957394308
0.0116553219822262 -0.0230530827483614 -0.14271476260853 0.185400421194307
0.0140856819116967 -0.0378866649073784 -0.0193596165296857 0.200146199553728
0.0147014466782267 -0.0463734226068412 0.0627628881207546 0.218242344917492
0.0445973162456138 -0.071530511606506 0.0430058855275092 0.287991046409198
0.0993044336842471 -0.025744803901076 -0.110054257190502 0.307257038114532
0.0891640953377395 0.0464762291678632 -0.320535960632573 0.168455284653295
0.0732857503255183 0.146131458234439 -0.425817600791924 -0.0136717195426489
-0.0681787716086515 0.236033386851498 -0.403571892455172 -0.137284799495538
-0.252449021013321 0.23378812312077 -0.436668199004644 0.010345497572608
-0.286522614605301 0.205208438460245 -0.20950685699423 0.0437557950224946
-0.0595868752967452 0.214002207332595 0.223692665376388 0.136913729016591
0.0667738187962212 0.138218433740099 0.306436210771524 -0.256451228648388
0.10258256035125 0.0428742537627661 -0.068522330365448 -0.453545415341285
0.122938341203202 -0.0167284117461752 -0.37241881637552 -0.20338305015249
0.0854019310830921 -0.0850604445330278 -0.316148144102024 0.0632411351367947
0.0269621304723324 -0.0944603608591709 -0.151258894855374 0.152617903259406
0.017423644981668 -0.10436223622895 -0.0184214322622598 0.170419286092078
0.0260343097357745 -0.106522200181829 0.0810904426415068 0.178305517420317
0.0895225797695674 -0.138790461643503 0.103695272177735 0.248853903685194
0.185572304087834 -0.065001596411829 -0.00494992034195628 0.319784817038462
0.184876732149092 0.0685305360814745 -0.229239079070987 0.254966959609376
0.115891160174724 0.254136295393252 -0.394234022043229 0.0832170336903128
-0.130892596428476 0.346786484737082 -0.384694447352989 -0.0828248003899
-0.369067601171169 0.285096448018848 -0.333220596017723 -0.0091161118959153
-0.403208071889516 0.186968688830734 -0.0853271285245685 0.00508868769187952
-0.184622561250194 0.290804559250963 0.281421506773714 0.141105188138522
0.032541862010852 0.276672351935459 0.399829685881289 -0.22734465904718
0.186389709327973 0.124053121448689 0.0250395567238539 -0.466147805056773
0.216862804212207 -0.028411070874153 -0.298511231297816 -0.253555931251754
0.139939750145871 -0.14431180924013 -0.286462131185248 -0.0020304183975022
0.0362950635671858 -0.158127895905048 -0.145461378117542 0.0958917148059905
0.00758284440730904 -0.156641283734336 -0.0084386884727214 0.116697701811319
0.0194919142339605 -0.151033868530689 0.102647065136943 0.111385940603448
0.0987229102374641 -0.192717799068496 0.169285673084269 0.174523139909905
0.228728496706148 -0.122814898680212 0.124822698537996 0.286834600942217
0.262819928356389 0.0385951529177733 -0.0901193087906659 0.318156213080963
0.193207843975145 0.30080898915755 -0.317161532312656 0.187389862987333
-0.128728104297132 0.421404006212093 -0.354880234348121 -0.0246511845673686
-0.410143285896956 0.325958721398625 -0.210397977077563 -0.0386592361598386
-0.463761213228919 0.103900211285631 0.079605306303248 -0.0321073458188699
-0.313026477844915 0.277228227443653 0.331435695130204 0.160705083616315
-0.0599984938943448 0.355304684576166 0.489535020011449 -0.126793191488569
0.202369367188532 0.214582832249373 0.184314143940545 -0.413039490474011
0.272414960977412 0.00149353684914398 -0.148041097715101 -0.308413292235681
0.188776742184934 -0.15888200231187 -0.220224024186333 -0.107386775798228
0.0570556755288678 -0.192572648628266 -0.1359773388996 0.00281074449810044
0.00904204066538453 -0.184509688902576 -0.00939624556811856 0.0448232598422793
0.0196565773865578 -0.171809592370489 0.10637304347615 0.0398410140146826
0.106204252265072 -0.209886476712198 0.201172061195508 0.0982577138628856
0.243915811841708 -0.143319635799377 0.207366323726793 0.230066813142577
0.293429756696712 0.0245502061808838 0.0207482952315343 0.326997581774205
0.209341675555858 0.31563677188546 -0.238128816244187 0.22885070291769
-0.144146755941649 0.418003708312825 -0.31480995443508 -0.0123675607544437
-0.414637738017218 0.28679852287598 -0.0825555201858687 -0.0916094245799268
-0.427029879733087 0.0128572182453495 0.250005542492736 -0.0481902963144657
-0.362427965204953 0.189116559007431 0.373631142670537 0.171710332914729
-0.142452962143042 0.333394962426605 0.519765771721209 -0.0183560888081831
0.159913750824262 0.249546228508375 0.302893195536719 -0.303011790611932
0.264822952623336 0.0296599143194787 0.00961177004766807 -0.313870829326517
0.19860340437829 -0.143365341847702 -0.132727780533443 -0.193430510103232
0.064247897185648 -0.194234530912903 -0.111939425875991 -0.0885358448557386
0.00504117049344192 -0.185091177636886 -0.00330121196023408 -0.0293234229469497
0.0139297376362193 -0.172771414570633 0.10952280636235 -0.0344789298543729
0.0986827732566561 -0.202403165255858 0.223406416600741 0.0234093875021179
0.232184910027218 -0.137658410704431 0.266354386322922 0.16735440444261
0.283759509698632 0.0281979341030798 0.104624279476633 0.313973703382533
0.177375746593546 0.304285308708219 -0.167507986365525 0.24468907994269
-0.167204512542029 0.353973826022077 -0.269381829214502 -0.00738293767393992
-0.375895483021862 0.200658579333896 0.0376873891666998 -0.129805896872794
-0.302845345106501 -0.0667180992393559 0.386920002635613 -0.0482521382928762
-0.31563749868834 0.0713408502642188 0.393117131102674 0.181085522516891
-0.167799997075889 0.231781054183633 0.499937794149176 0.0715011626903266
0.0940008334422927 0.21090144133561 0.367619160742358 -0.181509348435296
0.202171283785089 0.0404820629007255 0.138396144603274 -0.290681301394119
0.166532602987349 -0.104221462572039 -0.049089386217821 -0.254602480928536
0.0581456527867648 -0.160812200929753 -0.0833501354874683 -0.166357471229945
0.000753309521664041 -0.15859782353289 0.00317362147132897 -0.0959988782201595
0.00774550401526801 -0.153276414223922 0.112421420041863 -0.0999664096090054
0.0836925703230266 -0.172524124393917 0.237459243875785 -0.0372180190599759
0.201375276558727 -0.110395782089738 0.306877401265462 0.111868939726475
0.245766076250969 0.0409072287757723 0.161004061554037 0.296003420831001
0.112352960327728 0.274366515752279 -0.114941137435526 0.249721284762775
-0.188384759287765 0.254431769857159 -0.223983851447046 -0.00265006765386101
-0.303262752448281 0.086102886497028 0.137055280494832 -0.143715868281691
-0.127310854507616 -0.116292228807883 0.457257300860707 -0.0671838579458389
-0.195686495621847 -0.0281330179625555 0.392982685570829 0.163750908288736
-0.123156861734555 0.108661207322306 0.466531605258936 0.100114620653779
0.0383868049825407 0.119505665410361 0.385460703909172 -0.114664197837791
0.109566616077348 0.0255952569938228 0.196383080688906 -0.278156993762436
0.101570772289906 -0.0571017766069328 -0.0102127439916536 -0.285619109407225
0.0354433104561014 -0.103767251920889 -0.0706547339719455 -0.214384604221133
-0.0071270344160596 -0.108482344320728 0.00442348727274399 -0.145263204424225
-0.00204153025419136 -0.114757511029241 0.110896989321271 -0.151152925177274
0.0557472797332851 -0.130048704033941 0.248306252965415 -0.0879537242827584
0.149098704851801 -0.0790762712358686 0.334109643108399 0.0766076890108595
0.186112720257913 0.056396200974521 0.189975414748903 0.291243458090347
0.031734388668619 0.224702614823385 -0.0879859902604433 0.25318512568658
-0.195940338142087 0.131995761229815 -0.187741806896993 0.00261056652696029
-0.200976010321777 -0.041951162566638 0.211356059416261 -0.130010303288243
0.0362171242074588 0.143859118427175 -0.284807987654818 0.13006609318211
0.122507080163014 -0.0168843316195155 0.174994388481471 0.106787281398727
0.0344667546764615 -0.119632303039491 0.15794271232036 -0.264315637221325
-0.090597797711094 -0.0439826889694565 -0.153843238468984 -0.366157640463903
-0.0603464725310206 0.0405245681321985 -0.395748661179975 -0.108904534860069
-0.0214774500254176 0.0480082489934264 -0.297017443826562 0.126105980106167
0.000695786506397348 0.0478852984030404 -0.134772399966275 0.17844269842523
0.00805508376711431 0.0308155481232112 -0.0210965018174201 0.197212870626408
-0.00542838598390584 0.022567568911616 0.045338364939236 0.225939740281679
-0.0241843685287619 0.00023685115293519 0.000433533627516974 0.290819956430615
-0.0105420146908756 -0.0139774636504021 -0.174187499641282 0.272056875115786
0.00665161952681935 -0.0273767461391571 -0.365243379197476 0.0982520466040562
0.0868265044810717 0.00603042798214526 -0.4283942086493 -0.0820286706907382
0.0593616589055128 0.119068431235744 -0.416447103833921 -0.189141423866246
-0.0739727481732257 0.177075742923793 -0.497137586897602 0.0093860756614971
-0.124829186592709 0.194756595947163 -0.274848775288953 0.0883869601650455
0.0533977156570046 0.103127339945647 0.183954485749936 0.119370892674154
0.0668419445238359 -0.00658653934319654 0.21520524857825 -0.266554790543846
0.000981199886643062 -0.0181756693515686 -0.130424884388405 -0.408000475559386
0.0229776764998039 0.00710368039179338 -0.399338102005082 -0.146202081996281
0.0259773542825082 -0.0182302356999385 -0.313347464238488 0.109661549290607
0.0116741350370723 -0.0224540767337299 -0.143921744512732 0.179849919621224
0.0146884941759482 -0.0384397693598019 -0.0199977059338704 0.196082578807255
0.0158156393329869 -0.0468171038848158 0.0602333154618653 0.214146767688109
0.0450259419493881 -0.0709057553112746 0.0427858471672391 0.283410852290165
0.0994346533678196 -0.0254888638001435 -0.111151845203431 0.303322735807772
0.0877843108530867 0.0480312379994326 -0.32321830422347 0.164217604917471
0.0700225472269627 0.144574454417151 -0.423300377814306 -0.0192576013086602
-0.0701713154970644 0.232373472776974 -0.398966673180891 -0.144233918654812
-0.252425705273272 0.228787051753388 -0.433906289788115 0.00241601519367229
-0.284509504747356 0.201356723005198 -0.210489031789263 0.0421969570459545
-0.0612093636094469 0.210435485990932 0.217073734328984 0.138373595339545
0.0639935512608464 0.136180490406982 0.307831462791014 -0.250331727312966
0.0995244526357146 0.043102346525238 -0.0607231308449039 -0.450405621917758
0.121966495302642 -0.0154048853050671 -0.365901323283919 -0.204939043393826
0.0853943366973585 -0.0838977271956398 -0.313952402883658 0.0593886386680944
0.0274625853781034 -0.0941913319760632 -0.150671870722789 0.147814697019756
0.0183406386834106 -0.103189124617046 -0.0187383615528897 0.166623460931804
0.0281851470980383 -0.106281916540947 0.0796320931655941 0.174415067849665
0.0906999337266624 -0.137564641473412 0.103236223428559 0.245165041889926
0.184557104927808 -0.0644614023649394 -0.00516155665149735 0.316808644905485
0.182775012002447 0.0709771187181151 -0.233144707962741 0.251075157185952
0.112078885579179 0.251468496195139 -0.394532123796096 0.0773333349591763
-0.13447041349124 0.341860376218499 -0.381640769935394 -0.0898224733461472
-0.371042613296349 0.278575939406274 -0.331092764131102 -0.0152837905198619
-0.401102806297818 0.182638089687748 -0.0868385122598689 0.00565914305128894
-0.185884524001451 0.285013054423684 0.274127948466979 0.142799335785075
0.0287547890769484 0.2734286158652 0.40161614466878 -0.221306570259366
0.182339415780504 0.124142716116913 0.034157366753205 -0.462281098017693
0.214375410644869 -0.0266524179176601 -0.291495314031605 -0.253704186114195
0.138841982898177 -0.142342671061754 -0.284694425762538 -0.00418102623186673
0.0368321646283905 -0.156289551123694 -0.144475668089212 0.0930726902162277
0.00889532350674781 -0.154485041963389 -0.00829653941260464 0.113080265146966
0.0219309997433732 -0.149539706429256 0.101484877602177 0.107747449087524
0.0991522685843159 -0.191065388252529 0.168591418156384 0.171871067227668
0.226725608443526 -0.122142952154944 0.124785047447121 0.284506356033344
0.25993554995273 0.0410730562933849 -0.094304502113062 0.315535215860926
0.187569197954897 0.298319023620601 -0.320678888216878 0.181818374241018
-0.131487792889577 0.416702331047955 -0.355195346778356 -0.0303828393337524
-0.410792064077689 0.320618326015645 -0.209700138157477 -0.0412964628011501
-0.45999251536674 0.0973513182886847 0.0765635070621438 -0.0285550098648017
-0.313207525351196 0.270694299775122 0.323559540312106 0.163507420591251
-0.0637423814477655 0.349881501151827 0.488443213497566 -0.119313702675421
0.197156320409765 0.214559109653589 0.191600030528393 -0.405036904334307
0.269763424280653 0.00294093485103062 -0.141777067488971 -0.308011377550164
0.187236475635394 -0.155980035482927 -0.218370064000279 -0.108433827369922
0.0571965386597906 -0.189643967121157 -0.134774342764538 0.00239437619971862
0.00985863054280176 -0.1809838636683 -0.00831109139774266 0.0433136052221268
0.022390261963346 -0.169576154308811 0.105043110415406 0.0374096665524444
0.105917821334048 -0.207619692358362 0.200569743717213 0.0961780908777806
0.242896003719044 -0.141262471540664 0.207525676665404 0.228415802407553
0.289557368129879 0.0276331852015587 0.0151055618596777 0.324684796800525
0.204583849383911 0.313055577068123 -0.242558906380684 0.225242328001121
-0.146224617549092 0.41406222315232 -0.315370148641356 -0.0176210086151986
-0.415312471301732 0.279713850714683 -0.0826988208188537 -0.0921528604920268
-0.423357041346021 0.00720911278624026 0.245622533372161 -0.0429926427255382
-0.362096624071357 0.184026472363486 0.365772138866766 0.175055598552171
-0.144753933766144 0.326904151458408 0.517348619440477 -0.0121135696015946
0.155090541892439 0.24795639213771 0.307959743777957 -0.29516174857673
0.261099388406551 0.0310300824797327 0.0154587878471773 -0.313108342098487
0.197316950799293 -0.140898449486154 -0.130637358761452 -0.192876706484351
0.0644604481439611 -0.190695980421639 -0.110013037640457 -0.0870074471937379
0.00578095119021759 -0.181375078354933 -0.00205237026349213 -0.0301744216365595
0.0157695213800039 -0.170168478030097 0.108460461943454 -0.0355734573586575
0.0990429753961874 -0.199260195405366 0.222548684390712 0.02260042558629
0.23102381822636 -0.1355291160364 0.266037801041539 0.166964642260232
0.27953133779187 0.0304199760159107 0.0989930889549241 0.312309078630722
0.172874372351218 0.300507408477732 -0.172269479394795 0.242639032144668
-0.168091828849314 0.351172850926377 -0.269868100513701 -0.0110302391172839
-0.375998529835051 0.196524680376817 0.0375521563362318 -0.127924670005402
-0.299418824222249 -0.069449745712889 0.382732190481704 -0.0408396588921843
-0.313653232785596 0.0675755743586793 0.385819661787539 0.185959302945675
-0.16814030255878 0.226962565123539 0.496460032105918 0.0777960129325699
0.0902720207789078 0.208923507080444 0.371235407156974 -0.173894449122093
0.198988816335932 0.0406134000929695 0.143277487358807 -0.289010334720667
0.165208747400905 -0.101941680552972 -0.0479314928629636 -0.252346687905089
0.0586092799728091 -0.158048793307395 -0.0818057277978146 -0.163581731210822
0.00258067633550606 -0.15477484327477 0.00468458926449093 -0.095049287620411
0.00981417268606255 -0.150513489722306 0.112519708798923 -0.0987015849212987
0.08339912830124 -0.169409914564982 0.237175290821726 -0.0360318193720036
0.200317891504186 -0.107707541990449 0.305920345587678 0.112750502784501
0.24053503205064 0.0424101999207165 0.156358512058373 0.295027602210356
0.108541093968526 0.270057055571334 -0.119422858746351 0.247547903372879
-0.18862984479352 0.25162040164096 -0.225003412739061 -0.004258831972872
-0.301518447084218 0.0834681089590029 0.135861770465203 -0.140793132295345
-0.125417295090478 -0.116580954151218 0.453406041873153 -0.0581534912608278
-0.193784178840664 -0.0287635399895074 0.386384934766519 0.170221551484137
-0.122380185284068 0.105840194233724 0.462355801323163 0.106011902445026
0.0357059885320176 0.1182356450856 0.38739936639218 -0.107700906203804
0.107787860852686 0.0255882672339518 0.199263852518776 -0.276098319423888
0.10135359097997 -0.056476593755221 -0.00867504503931243 -0.283274938837809
0.0353890722911124 -0.101679076288867 -0.0689630168932625 -0.210763934170517
-0.00698993864644615 -0.105196481835979 0.00578056048047027 -0.143957959366808
-0.00164789127952985 -0.112569125328071 0.111051413142145 -0.149377905338028
0.0548231719278695 -0.127345057598002 0.24845315964615 -0.0846593011532263
0.147807973692624 -0.0774119635933373 0.332823533759471 0.0779165781303696
0.182746846798388 0.0572254735892031 0.185687095935655 0.289644667534586
0.0299758025970364 0.220862918673164 -0.0931664039885901 0.250447870348073
-0.194831841342031 0.129416308629472 -0.187613851864877 0.00138303228178083
-0.198331077986509 -0.0426116519002765 0.209290490106176 -0.126597621475563
0.0369944710582038 0.148531626894005 -0.295290833323157 0.130967315346831
0.126172768990766 -0.015709063570389 0.177278683896886 0.113501312006884
0.0347234146869296 -0.122869232096293 0.165819717320054 -0.269792489023458
-0.0931231530989669 -0.0447931383107322 -0.153327314841412 -0.381099958658
-0.0609463439643904 0.0413655089225059 -0.405725569249708 -0.114485979852987
-0.0217719432160396 0.0485203229214829 -0.307456396636899 0.126800301376505
0.00101660830324253 0.0493108412119417 -0.143842003014461 0.17939711467076
0.00835181140754011 0.0306651784250318 -0.024092048756826 0.200590907952256
-0.00473810714264073 0.0214394743311477 0.0445851069257305 0.229985119369648
-0.0240681582554552 -0.000307496514555188 0.000112687854074813 0.297228507179908
-0.00997654524667929 -0.0148624962761376 -0.181839735267502 0.279084448193496
0.00733640141737318 -0.0264706844025558 -0.379840317479414 0.098950794355131
0.0882804185765122 0.0068267928354726 -0.438914935031081 -0.0901874713078299
0.0601829264191008 0.12183837943074 -0.425627605308625 -0.203457150822553
-0.0775456326700038 0.181706979637117 -0.513556805173246 0.000719268488325341
-0.12944776680962 0.200365590489916 -0.285479909684038 0.0892890343490818
0.0536090060393369 0.106509151944838 0.185719023302477 0.125907250759758
0.0672770502873357 -0.00676157619467175 0.225662834784095 -0.27292154624105
0.000262092664420716 -0.0177078244528105 -0.126953584844313 -0.422694454923095
0.0247190884537652 0.00777091973761661 -0.409487112291029 -0.152766047069922
0.0274095184747819 -0.0186842290264618 -0.32361387596306 0.109413498586046
0.0118548882607885 -0.0225430464947733 -0.150976272859946 0.180464820649079
0.016132126059967 -0.0401754961572841 -0.0219432385308461 0.198594425574536
0.0178119485316059 -0.0492925872846514 0.0604178496727921 0.217486014985648
0.0473326454220404 -0.07326326358388 0.0443385236981822 0.289846155087896
0.102683945819896 -0.0259212781488888 -0.115650411770937 0.31169003896716
0.0904326001132502 0.0512203261929725 -0.338149908254046 0.166033255649021
0.0687663686951055 0.148840267973613 -0.437184558215842 -0.0259258232372316
-0.0743296607673681 0.237275436370483 -0.411226865019162 -0.158209472963956
-0.262706454972173 0.232930923588088 -0.44820871258943 -0.00359724656859199
-0.295097605749494 0.205383122411139 -0.218373108754564 0.0434130095154664
-0.0651188535036635 0.215297256806847 0.21849285778941 0.146142196156592
0.0633467512361894 0.13942686238748 0.321268524029921 -0.254818034842213
0.10081088638582 0.045256236266749 -0.0535894902856609 -0.465397597840215
0.125989132832146 -0.0148944465623378 -0.373630004145674 -0.214522664742137
0.0875868475743511 -0.0859373949892527 -0.323055107896479 0.0586069144292304
0.0290888196309512 -0.095852223973226 -0.156930024910329 0.148130226994914
0.0198417074485976 -0.106313396009686 -0.0193641627671643 0.168695349223696
0.0311947198403007 -0.109864525436998 0.080832495560966 0.176436152019676
0.0935996429365294 -0.141874794511832 0.106853574810211 0.250233476779562
0.190372292455018 -0.0664389248963035 -0.00468779185761939 0.325013977129632
0.186985487632032 0.0757538576964827 -0.245125293867534 0.256430519050426
0.111019050340942 0.259280187121721 -0.409415279242097 0.0754052940585479
-0.141989116392487 0.351246073700146 -0.393553139344091 -0.100344394589099
-0.386152577772424 0.28322713596885 -0.342259701864353 -0.0207337112883993
-0.414191217093623 0.183561475724577 -0.0922392069953801 0.00754710097769751
-0.1946338699866 0.290282153695995 0.277037170708621 0.152062210895461
0.025554178080893 0.279085615726338 0.418380065296852 -0.222626880548695
0.185059822200099 0.129611165880667 0.0446412911440074 -0.474635180978753
0.220375367085914 -0.0261710153489159 -0.295754960680193 -0.264791434540999
0.143559980846523 -0.145346061645127 -0.292971970049114 -0.00718875718729501
0.0382821599579571 -0.159954376982868 -0.14942661988219 0.0937003993826578
0.0102260808839363 -0.158106285983981 -0.00872035163479525 0.114988982229964
0.0262051737499342 -0.154576830259568 0.103405439332728 0.108834381750115
0.102988571378892 -0.196140765799235 0.174085789375137 0.174458948464025
0.233697905233083 -0.125273887001625 0.128408153290121 0.292950146043807
0.265832192574515 0.0450063968004746 -0.103206517110186 0.32427031605024
0.18849663102371 0.307393601265728 -0.33567283332606 0.184507558926754
-0.139564304278956 0.428027293186658 -0.369756242802645 -0.0371954037582568
-0.427470354394781 0.324135665174729 -0.218170456026534 -0.0456240512789626
-0.474537314458071 0.095568075435143 0.0759509268976453 -0.0268672140980301
-0.326008771203491 0.273904787470752 0.326607729606225 0.173661073491748
-0.0694980724807388 0.357932958568803 0.505358145343628 -0.117230735619049
0.199921577743628 0.221041323124094 0.206524685291961 -0.414527921718779
0.276216914361177 0.0043804990827983 -0.140140330162437 -0.320575535647353
0.192938125471268 -0.160181813401722 -0.22339936468768 -0.112971520596669
0.0599365998349337 -0.194321716346904 -0.138182464784379 0.00174541588185726
0.0116783581367983 -0.184215168575242 -0.00752356516717954 0.0428968290175491
0.0254984645411993 -0.174749508777081 0.108358049677213 0.0364982889986878
0.110623710033355 -0.212544630404027 0.207422171024926 0.0981167880802566
0.250409944929911 -0.145553417522739 0.215203858699209 0.235345032791398
0.295584193641536 0.0305864044886957 0.0107267902997069 0.334165787481158
0.205619796686504 0.322032820890244 -0.256837460688622 0.229327015875705
-0.153688423651937 0.42373893558532 -0.327559041045142 -0.0214464558048984
-0.43344245590644 0.284998500714476 -0.0857128665748457 -0.0955253072840722
-0.436012042072486 0.00324876049660445 0.250804726502926 -0.038704538494783
-0.374891492763355 0.184979672960763 0.370313258734181 0.187337438750773
-0.152132322042252 0.333374805367734 0.534392412233966 -0.00508008152329279
0.156362212802696 0.255301558126756 0.325157014416223 -0.2990139050504
0.26742840416985 0.0330630616557745 0.0215442802330679 -0.324206343758822
0.203208278695422 -0.144188770925164 -0.133385457795171 -0.199352779709877
0.0673057845771437 -0.19495648708915 -0.112059737815187 -0.088800153159277
0.00697871990003831 -0.184419382211595 -0.00128895647205019 -0.0310544312020286
0.0182335552374095 -0.174652525959936 0.111753016743478 -0.037283820637467
0.102645446058525 -0.203641721710112 0.230423393641956 0.0232361572005566
0.238497685535195 -0.138936918140876 0.276617560782037 0.172910041492615
0.285426897729633 0.033631575103291 0.0986436295669349 0.321739073509729
0.173882928983633 0.307512138869781 -0.184707090581412 0.248152836300798
-0.175783153332916 0.360449743428848 -0.281274875941189 -0.0136424189802904
-0.38954355191255 0.199089565508509 0.0374658142148706 -0.130719837789075
-0.307685397566945 -0.0747027281628358 0.392934689397977 -0.0362117930467477
-0.323825458619055 0.0671321166637951 0.391960510007854 0.199928308942646
-0.175478179861814 0.230087027147114 0.51145237860704 0.0861327950012959
0.0896604801150305 0.215425317682894 0.38830944320708 -0.173781620750792
0.203595305270354 0.0429581673507292 0.153006577062352 -0.29812674568501
0.170759336607916 -0.10464489626529 -0.0475665788933066 -0.259922431796629
0.0601308946761128 -0.160923627823893 -0.0829882535876645 -0.167165602859982
0.00268110722603941 -0.155974338521379 0.00590487119625369 -0.0985652908929935
0.0106379278481206 -0.153743805348139 0.115836474842221 -0.101233414901097
0.087086451499081 -0.172921540280879 0.24608127324402 -0.0367548460336407
0.206112121054368 -0.109786922797791 0.316674099979466 0.116767668029168
0.245711190876246 0.0450941141970246 0.157848775757138 0.304674680494349
0.108732241887463 0.275866599626834 -0.129057907703722 0.254142364767187
-0.195875986926184 0.257789897009093 -0.233325772468751 -0.00602420197891907
-0.311838012932656 0.0840106528832195 0.139530188987026 -0.14331877764489
-0.128857986500878 -0.119923667919566 0.466815432773428 -0.0521891170935674
-0.199389349972731 -0.0298076059174316 0.394793597806571 0.182903781035772
-0.126594298247262 0.106474481959709 0.475606151919193 0.11552693459744
0.0343562507180929 0.121034900754201 0.404080158075824 -0.106487973414352
0.109653939513015 0.0266609204746388 0.209707154461029 -0.284594781879667
0.104245579714958 -0.0583300811220989 -0.00704852442399719 -0.291623879040611
0.0365228432449173 -0.102963673645365 -0.0692595639066875 -0.215119532629563
-0.00655104256150611 -0.105589779716448 0.00700603086801774 -0.148242626262006
-0.00150998809998987 -0.114978079689598 0.115960515150132 -0.153046183911569
0.0570271869988065 -0.129568793045515 0.25743864370774 -0.0876166755616835
0.152686562826115 -0.0783465730189472 0.342785088179866 0.0820922172689978
0.18591953596705 0.0597309132417038 0.188305956960801 0.299564259548648
0.0286339150140349 0.225506118232717 -0.101187675020299 0.256986599433844
-0.2006341251613 0.132731363546443 -0.194496639582431 -2.64717532901809E-05
-0.202854096353538 -0.0445157785139373 0.214379600991481 -0.128297099155353
0.0429050300875411 0.157935178777542 -0.312114737920918 0.145436577880108
0.133725092047863 -0.0177578724582875 0.188654354209814 0.119856553219473
0.0338161898459641 -0.130486904574208 0.172974944594224 -0.28795689152071
-0.0999457497546133 -0.0438449819789 -0.169234321042975 -0.40564743985294
-0.062317397524782 0.0456533378959918 -0.433558759305455 -0.112860752378415
-0.021810709033177 0.0510280750638068 -0.325228730156027 0.140415112954186
0.00254486752886895 0.0518810316831992 -0.152701919075538 0.190379498445636
0.00989470718509252 0.0309138848446884 -0.0227246420117507 0.211185059038227
-0.00383728258094108 0.0209106374044947 0.0515920266474755 0.241325451185763
-0.0237665319532916 -0.000478817050737403 0.00734074837574851 0.313633720122855
-0.0107581251129292 -0.0153857804494023 -0.188314843599834 0.300431956451696
0.00807443725373444 -0.0268067259953752 -0.403696718253499 0.111572919738183
0.0920311879545412 0.00518814722461237 -0.468350267823658 -0.0905157238803412
0.0657359971709808 0.12620898048584 -0.455661530070159 -0.213880576196442
-0.0789409692971479 0.193781034931677 -0.545623323650508 0.00638353777466663
-0.132936285628096 0.215751963700439 -0.303381863892514 0.101687325132679
0.0587740715145348 0.112041278408948 0.196718556760225 0.13340157783728
0.0698898190242798 -0.00863901844355288 0.236472396276623 -0.291842057398631
-0.00146531477159353 -0.0174686527694139 -0.139813341674335 -0.448730923537544
0.0273214244198608 0.00838467928116469 -0.43699696313903 -0.154840971855612
0.0285408269444692 -0.0209397352738389 -0.342507269909487 0.122019278158102
0.0129049144743807 -0.0243895971895855 -0.159687662455008 0.191195329526949
0.0164441833843593 -0.0431787918733057 -0.0201587108877465 0.208265570098186
0.0193309753761965 -0.0545325648125985 0.0674698368699635 0.226542236211552
0.0496124317716657 -0.0794953592906933 0.0542706592417641 0.303265742805214
0.108024279196088 -0.0303308899026145 -0.115557196580449 0.333050023739396
0.096930524604985 0.0544120586663682 -0.359403684804038 0.183377419834585
0.0740548194310845 0.156459199668096 -0.466801527505179 -0.0212808780082753
-0.0754122931826272 0.252066598757085 -0.4393872813284 -0.165240737810477
-0.275581234618175 0.251648305868816 -0.47671001065876 -0.000394941538925038
-0.308717875025805 0.223617760169081 -0.234063330379334 0.0512274421869393
-0.0657827540727508 0.229085814443647 0.230408902007004 0.153826326099537
0.0683435594220072 0.146225253097383 0.339100584888181 -0.275303462384633
0.106116672869282 0.0472585232885754 -0.0620215726068035 -0.493826684797799
0.133700821513123 -0.0180073113801148 -0.399776474731075 -0.220940681072824
0.0915722751078475 -0.0933256023897494 -0.342378666994035 0.0673588496019074
0.0289735746836113 -0.1020044555304 -0.163862333839173 0.157356272062362
0.0189242139903987 -0.111949400629419 -0.017002665868675 0.176455031818825
0.0331863952049999 -0.118360829732207 0.0888712346182048 0.181820399887204
0.0974161462045001 -0.15258419491208 0.119398207593403 0.25980831392955
0.199919006435688 -0.0755143527866841 0.00302372303443916 0.344304893824561
0.200003683516077 0.077620292678829 -0.260099909741702 0.278152661634412
0.120964872124874 0.273276870095934 -0.436354873547942 0.0852879273492593
-0.144885310298298 0.374594104094497 -0.423517822635056 -0.103481853347254
-0.405722874668214 0.307849024377758 -0.365500605108817 -0.0177810421212423
-0.435363032702059 0.202255339004196 -0.100706888605964 0.0120126231572477
-0.201287916772896 0.311259448074239 0.291703143304797 0.159724206931014
0.0316074275197547 0.294578844779724 0.441269209264414 -0.242981169022759
0.196952866501579 0.134249454245998 0.0431640279680231 -0.505285161740513
0.232848587120398 -0.0330751485686419 -0.317185545728942 -0.276977047696738
0.148328206585115 -0.157586525945342 -0.310343006899616 -0.00105337556102325
0.0379447370211007 -0.170077428716267 -0.155977761845924 0.100660121258764
0.00753252679911617 -0.166171014207606 -0.00669011797222937 0.119423969032268
0.0255653707340692 -0.164861599336177 0.111893574776793 0.109931500698139
0.106011375497064 -0.210432082953667 0.189765917789261 0.178431606764675
0.244546637710674 -0.140614919377993 0.145889375874599 0.306601439526218
0.282308108255506 0.0427486342894806 -0.105783468316016 0.345640153279473
0.205319209935715 0.321388833748341 -0.357609340829314 0.201703908128235
-0.138528381262586 0.457954731703778 -0.39487750449362 -0.0355709178373906
-0.449550279800477 0.352186922836904 -0.233947987391069 -0.0447711990022347
-0.502231204823871 0.109471220479162 0.0777807565322469 -0.0269210590016499
-0.339716976681412 0.297583801259005 0.344646052401567 0.181804904977654
-0.0674065896171293 0.379344240531615 0.536038346031799 -0.131360109214377
0.214669202834196 0.23123159863606 0.216866560193906 -0.443274578799673
0.292330807969667 -0.00189005691399731 -0.151532473268787 -0.338430219063606
0.201054852332986 -0.174520130931922 -0.239616320266149 -0.115155726685615
0.0593992275084336 -0.206366037336676 -0.146011179150929 0.00469225714932401
0.00853123345329124 -0.193636680142118 -0.0063084634779259 0.0436354073416625
0.0246045722535856 -0.185505243839982 0.114933987680709 0.0341637182481219
0.113309807601753 -0.22838730206777 0.223559360531123 0.0971401492118605
0.261104950767658 -0.161400775861503 0.237193320143687 0.244084249539445
0.312958538342793 0.0277304954683869 0.0153914112757458 0.354639617252895
0.223393896443319 0.335617286257171 -0.272692425264936 0.249688465524336
-0.154827925154219 0.4541094046519 -0.352007681063048 -0.0179814666011147
-0.453382075877195 0.310346111233602 -0.0944136593848187 -0.0994299611565236
-0.462574486832836 0.0103115968978266 0.264294799611546 -0.0432941638071435
-0.393988900023612 0.203367537963904 0.391233249664405 0.196824187641846
-0.156879070365193 0.355613759017392 0.56788714916591 -0.014357056772921
0.169238088315241 0.267422543707551 0.345702591443899 -0.322752574289658
0.283661876986176 0.0286276074930884 0.0195464915889496 -0.34591306678624
0.212190208888191 -0.158280828234645 -0.146427456611272 -0.20793591120194
0.0666004838856953 -0.207073933997882 -0.120770792725054 -0.091291018952197
0.00401302213116277 -0.192981177389822 -0.00145817486491665 -0.0350888139727503
0.0160646408343303 -0.185021550635495 0.117758221974184 -0.0436343522511096
0.10532865385661 -0.217791734448671 0.245831582428841 0.0174283367888241
0.249346889096447 -0.153083981801991 0.300190127743229 0.176088283550746
0.301263711743593 0.0302398509212107 0.1089756006791 0.340353583342304
0.189460875094289 0.321781668548527 -0.195711247528911 0.268775976651736
-0.17874796112023 0.386040263088857 -0.301546171983851 -0.00977044709211527
-0.410232123357225 0.218831942151204 0.0359772761691808 -0.139518096897583
-0.328151279749933 -0.0733826542922293 0.415315029685215 -0.0430424510736293
-0.342534990896049 0.0772916433840557 0.41591427697603 0.209437685113639
-0.182149218326642 0.24618913511395 0.54571009445975 0.0844542189365104
0.0978536933549922 0.225660433785878 0.414280253373991 -0.190135125316889
0.215413225478068 0.0409204621326374 0.158677277584185 -0.321305296307917
0.178530431884657 -0.115878997522765 -0.0559998642166562 -0.274135831247106
0.0600891840996326 -0.171481930294878 -0.091094802676015 -0.174070303416731
-0.000244670715925597 -0.16287481524529 0.00520962470956706 -0.104903695565942
0.00760305125101866 -0.162103519289491 0.12053543975498 -0.110981598539925
0.0885818150406551 -0.184719161209421 0.262478776074502 -0.0447328295833882
0.216929604930732 -0.121564737850562 0.342293742582104 0.116577045685172
0.259372145531628 0.0429475281454171 0.17214133528584 0.320526230712321
0.118831351806554 0.288256891491836 -0.136114327821914 0.273483955556821
-0.202277395538147 0.277125190184154 -0.24955223446173 -0.000927975720171292
-0.327763598304009 0.095251961972695 0.143368259857865 -0.154069032380223
-0.138813608334475 -0.124425067635753 0.494830583969377 -0.0612074152560593
-0.210582665934528 -0.0262786330387572 0.420502507313196 0.192507991486867
-0.131915947138954 0.115078583663595 0.507074020963179 0.115803145460168
0.0378025955182403 0.127527807730875 0.432328732865841 -0.120002581504534
0.115574563139375 0.0261170319236871 0.218363569798321 -0.309182857996541
0.109302033437526 -0.0652296846779067 -0.0125803250143595 -0.308884518086076
0.0363698329679155 -0.109468447515435 -0.0782758732971559 -0.224924566494879
-0.00878590891670298 -0.109064212118118 0.00515144595775865 -0.156702058269126
-0.00489537280026177 -0.119517768008081 0.119849215508181 -0.164886853070867
0.0574684414831183 -0.137512077339547 0.272814463894034 -0.0985414321574251
0.160479238783155 -0.0867616572881333 0.368298737320937 0.0794253904411941
0.196386066200241 0.059922252652836 0.203905440991548 0.314754184716087
0.0338739705091433 0.237082135767709 -0.106467874090001 0.275707615976406
-0.209554068682204 0.14395620042892 -0.207601671461338 0.00431478755196716
-0.2144326925465 -0.0433360262182238 0.222473142866124 -0.139764486837134
0.0796987072678795 0.157273398852616 -0.315863382304616 0.210201630783884
0.137337313432664 -0.0407926059007344 0.218472547657351 0.0985990304586825
0.0116480433440223 -0.139565452458388 0.132041456321963 -0.329584002091613
-0.106346139680793 -0.0270458610316361 -0.254632332848068 -0.392712427592186
-0.0534638647014272 0.0525284804579214 -0.475389726045822 -0.0328904352620471
-0.013230975967635 0.0545251128013433 -0.317243212927337 0.207748267218709
0.0120216730009629 0.0530644090443381 -0.1285749720566 0.232239464572023
0.0145693361049636 0.0292634903711993 0.0132783905844936 0.222719176039059
-0.0014824005291967 0.0206629268299316 0.0967064017683753 0.242646052996341
-0.0267396582911034 0.00183664929811172 0.0656457093533138 0.325868119323701
-0.0157090101759812 -0.0171602550190043 -0.145499446963455 0.351504688270322
0.0077042511813694 -0.029035518158838 -0.412524343900731 0.192928198952678
0.0960833338444041 -0.0125159862719551 -0.511779565811832 -0.0131917683252431
0.0925018430734241 0.118762717741729 -0.515982347429114 -0.149270459716918
-0.0430767169425471 0.216930037836039 -0.577755566412722 0.0997759604361978
-0.0964517900544496 0.254481548523805 -0.309815013490988 0.146711682760504
0.0793059476958228 0.109614906885724 0.226622949474373 0.104578053524635
0.0713659024532066 -0.0175288009126549 0.19222462820762 -0.352059427717293
0.000730282909083493 -0.0150615406614995 -0.238405457012982 -0.444684974661515
0.0335520891847781 -0.0025890468570848 -0.491283590879096 -0.0744806255224423
0.0274923756578207 -0.030034442303069 -0.340556561544787 0.195354008509298
0.0101032766120183 -0.0278231725139999 -0.135230108275093 0.234396724437441
0.00881412802473007 -0.0492664481456452 0.0156228017909459 0.219378235968258
0.00945283034286229 -0.0613186738987052 0.111754954180752 0.223245491323412
0.0353846369731685 -0.0923888089643881 0.113445218704942 0.306362250453524
0.103492474478174 -0.0551385809385266 -0.0626376894540773 0.372517260715188
0.11421413492661 0.0403740139840215 -0.352664497830926 0.260094884327408
0.105389861980526 0.148227269685012 -0.495922021151838 0.0591240894461265
-0.0314656458795187 0.274307696976961 -0.488489152448875 -0.0973397931722754
-0.237562097022943 0.3113274937956 -0.508860005967875 0.0814330364571193
-0.283494072377312 0.298842867025984 -0.235150668858161 0.0690461210072595
-0.0327793482519436 0.255291702863471 0.267755844944251 0.112714091750511
0.0961456610208797 0.146253600394567 0.300580488412277 -0.361846556025693
0.12375537777628 0.0355912609312129 -0.168891649962601 -0.509854585830702
0.140566959225997 -0.0472305672231137 -0.469399134906208 -0.15089460622767
0.0806079983728239 -0.116898819896643 -0.352521317203235 0.142061715992944
0.0135004239083579 -0.111725221363215 -0.147376476198351 0.202010618397357
-0.000994221309257381 -0.121502524000278 0.014098116767661 0.185766512569137
0.0124529059278507 -0.130705224143345 0.125035069548942 0.172523576765606
0.0710377067265957 -0.176789206164103 0.174213936609747 0.247659681317078
0.189367382388646 -0.117829507802614 0.064212691660854 0.36234136670965
0.223705072576546 0.0456248703244499 -0.231196931252745 0.338950575694049
0.1761940367905 0.25920233045308 -0.446240710467991 0.16578923547027
-0.0817837686572886 0.413905395495599 -0.456145562397345 -0.0324001054500006
-0.364078193177592 0.391637021575049 -0.392882789540039 0.0450793032886824
-0.424060712081969 0.302608755950986 -0.0915479052577086 -0.00584592406338281
-0.16318424913541 0.366402090680182 0.336941557874952 0.101867358936701
0.0826911308141226 0.311080696771662 0.412977209881893 -0.35630400230982
0.23346856143044 0.112234621057627 -0.0638356667098763 -0.545469674267911
0.241761826487677 -0.0784524880884412 -0.399204653249138 -0.225876313204047
0.129170678312162 -0.194153741798324 -0.333066986284765 0.0665218509919574
0.0109613174631529 -0.184754210909206 -0.149618529882005 0.141838802321213
-0.0217940576261972 -0.174899101419697 0.0153605010017639 0.124058785465522
-0.00311433701817674 -0.177007157793211 0.136278948041959 0.0915553227251466
0.0702060314141891 -0.237839871622313 0.231191793143676 0.147836095647105
0.223489473351247 -0.190879805500756 0.208976616150269 0.294929109987896
0.301498595801274 -0.00509672823780058 -0.0565686297742269 0.383774103629075
0.271748249501135 0.293746737384787 -0.342409777874537 0.274177778297633
-0.060505980563101 0.498936048156253 -0.414248266523759 0.035267578103195
-0.401695455308255 0.448178636398488 -0.258510643121218 -0.00458481300788619
-0.514913763830845 0.218775905162522 0.100583174748821 -0.0806363029217763
-0.314012336593592 0.376293426237452 0.402773380951318 0.112521783777858
-0.00861381994453289 0.417926963143437 0.537003635469843 -0.264315035263138
0.267173541976959 0.21314798758112 0.129867242713198 -0.52147339734826
0.309323317416005 -0.053901121300855 -0.240190375032414 -0.32651584120006
0.181412707916409 -0.220437434489834 -0.28389422480911 -0.0650187873615684
0.0271431451596191 -0.226534723000591 -0.158680709636975 0.039217586363471
-0.0248826833346923 -0.202715501247255 0.00127322155708635 0.0461266029400025
-0.00776809476024109 -0.19832664440574 0.126324628280313 0.0125964540626953
0.0752463138060261 -0.256478544846766 0.251026399383683 0.0570124702310072
0.237622535755578 -0.215072250729866 0.294052712885262 0.21243646197228
0.330112063499455 -0.0258329483520591 0.0738129791458075 0.36997333287197
0.29400914252224 0.303922629393031 -0.242794271667886 0.308429503199898
-0.0774621460887872 0.499676673818609 -0.364230410310312 0.047528226062411
-0.414758537351495 0.40558999936799 -0.120445826152026 -0.0864914631046672
-0.493165061996894 0.106635061191566 0.299695562745145 -0.126013335322768
-0.387377035120938 0.286971333837542 0.460412815251078 0.121105592914057
-0.108445661264778 0.406854983729199 0.598670487753462 -0.146004810726072
0.223542802274812 0.25975769558333 0.291248708927831 -0.422215544232627
0.304346300011203 -0.0169132171027661 -0.061215879155903 -0.371701352411326
0.195680393326828 -0.20504095060683 -0.202355565207709 -0.182149750812402
0.0348311915540818 -0.228100163231476 -0.151246243538156 -0.0677772866412696
-0.0285185156995911 -0.200422669022953 -0.00727690745320159 -0.0366310973103288
-0.0163983918693518 -0.194186541283079 0.11468894028996 -0.0688256461928392
0.0703140782724525 -0.242889389325313 0.259792024643528 -0.0302192327821751
0.227188308170702 -0.203790878785362 0.348553474997358 0.129502455040369
0.317123758459643 -0.0216637329099026 0.171170283310008 0.337444389995315
0.254785980513672 0.295421378420377 -0.158418020051413 0.314736835519666
-0.114283875618428 0.431896503355726 -0.311313137459217 0.0489372041783045
-0.385751211188646 0.301993569356672 0.0102348191090862 -0.1512188463175
-0.367843820726056 -0.00815077053616885 0.458034086166799 -0.140677930929174
-0.354368494916737 0.144294832137263 0.489923112478054 0.136348187594987
-0.154922208011228 0.294493973066131 0.597299781775662 -0.0324710800177936
0.138828220058949 0.227617679390895 0.393745656370602 -0.29539428532542
0.23494186260416 0.00868791698929772 0.0923670969604605 -0.374600810501242
0.167779179074905 -0.153889588787099 -0.119286149327018 -0.271504093966575
0.0348941201376358 -0.188992673791107 -0.136087395545865 -0.16176077781581
-0.0273916452868091 -0.168084305114194 -0.0136651987716449 -0.110595858808656
-0.0210047339374332 -0.16806554849267 0.106208487486892 -0.139517057168729
0.0590766417156042 -0.205470516634296 0.265904874284685 -0.0986013030943529
0.199602806776311 -0.163324114042498 0.381732625370346 0.0587264849283339
0.274759004645914 -0.000984555990490826 0.235834603090524 0.30483696954725
0.175744449109643 0.275008558138377 -0.0932361007808982 0.310783387043243
-0.157138376035262 0.323746393017087 -0.257670481907947 0.0485843375698475
-0.322316633699559 0.157743862475723 0.121483177138315 -0.186656221204398
-0.175440439791496 -0.0991242012169949 0.531243541880427 -0.160951633866944
-0.231935057584639 0.0121665472238258 0.491859984115172 0.124068956945771
-0.124435466278402 0.146734756123902 0.565630603311611 0.0155422222220068
0.0589572888657149 0.133381849674239 0.42941405060356 -0.220659041368493
0.128166410542674 0.0106104926854248 0.161907052198813 -0.372521252073776
0.104468872456641 -0.0880053591142728 -0.0771619431164219 -0.319441951052403
0.0194171226330235 -0.119993516325256 -0.131404380596508 -0.220389617407699
-0.0262573616066356 -0.110064064857299 -0.0231292774311862 -0.164633996252838
-0.026439474703009 -0.121669562098204 0.0959542857346169 -0.195089147602907
0.03480535393378 -0.149615430233747 0.268655929154196 -0.155643646060046
0.147850047384818 -0.116264176826196 0.403061015030226 0.0157542190106619
0.212307629941482 0.0275223118991711 0.27011933156105 0.293493655895808
0.0780355397267208 0.236743225969906 -0.0598804463774627 0.310175448395365
-0.188971235686558 0.187430480638362 -0.214513232124789 0.0479353725294407
-0.229561901081873 -0.00609384419190737 0.208075344390855 -0.186444677225645
0.100326155833093 0.15211519534534 -0.301805460298064 0.251784817719315
0.136710385822696 -0.0575283506275067 0.234929320923749 0.0815295079525094
-0.00379251673885619 -0.142666286975141 0.101779079635022 -0.35135729157434
-0.110656305189233 -0.0139036431278327 -0.304410759880192 -0.378369997102944
-0.0471355414698471 0.058562276945351 -0.488846806842124 0.0173012514949007
-0.00813171617449567 0.0566956323095907 -0.302483929057385 0.248194648233295
0.0191260472602908 0.0527989599830927 -0.110159421459088 0.252126712038839
0.0182771585507333 0.0267950861125226 0.0344458480053844 0.225262876720324
0.000439634064938834 0.0197313047979987 0.12434754973204 0.235604757955994
-0.0263768341195478 0.00370851030967978 0.102700491439977 0.323900414353655
-0.0176709634143733 -0.0152842549165712 -0.111055374165945 0.375947655568717
0.00638484256107886 -0.029410957049457 -0.404617919082105 0.243204215458393
0.095220139865175 -0.0229866019100414 -0.525431139964086 0.040169670707192
0.106152535776577 0.109036092897691 -0.544868586173895 -0.102348309537875
-0.0201491153528047 0.225906167239211 -0.581594031815743 0.160681964943477
-0.0688324338964583 0.271240910833847 -0.302020631035647 0.186574952936563
0.0939652141918874 0.103013985235255 0.243512602499361 0.0873085267438504
0.0692624967397733 -0.0252776885214236 0.162733927238839 -0.379798973214018
-0.000776595647220254 -0.0131019282864435 -0.290028137061263 -0.432789987108682
0.0356239562904504 -0.00664190930467446 -0.509454666738873 -0.0237675456058126
0.0240876857727873 -0.0339706330770407 -0.32627794186536 0.237695845773918
0.00799134709307345 -0.0294621671372521 -0.115202189636633 0.253798273966118
0.0038723244451231 -0.0522676523330204 0.0379556271164325 0.220270954073088
0.00383713392660566 -0.0663653182118093 0.136635491328618 0.213320094122279
0.0258154693249536 -0.0999721730046905 0.148924855291311 0.296900285663466
0.0993213108693064 -0.0673459176337126 -0.0227559839655583 0.386020884447032
0.122346284193736 0.030136889494816 -0.335719291075788 0.306065884310504
0.122194308781257 0.139871794993273 -0.503660385418868 0.113937699477772
-0.00340996741566068 0.282431986182108 -0.512941618549255 -0.0514996136135771
-0.209640162522883 0.343853731345547 -0.512358053262439 0.135929290050352
-0.255677595268003 0.336781249008337 -0.235539941843932 0.0991589367749257
-0.00576565196180715 0.26419821559948 0.284926968329336 0.0927796136395906
0.112838199103085 0.138687030238505 0.270718343628209 -0.402157648621054
0.129986300466254 0.0251846804547084 -0.224620369284563 -0.506479754168219
0.139054507168342 -0.064423763061556 -0.495196839188635 -0.104664132610104
0.0690509730386645 -0.128488457897639 -0.34507273032191 0.183230034019503
0.00186796341380923 -0.114824687571951 -0.12997669580904 0.220864584496382
-0.0128192480007604 -0.123452985667615 0.0328030427588863 0.185140816372152
-0.00108016095451794 -0.136705848935108 0.144760257603358 0.159040658460836
0.0529878213661551 -0.190140367339257 0.204501323642529 0.230123089629585
0.179407131626431 -0.14139147933187 0.108033340384431 0.360408208033485
0.234026912206656 0.0240913679965461 -0.20278314984938 0.373972976035424
0.206926913952819 0.246835548563377 -0.44075422667157 0.218652794270533
-0.0377153876261404 0.432026550859239 -0.473821814225935 0.012182743573483
-0.330246334658956 0.440461285487911 -0.400083506259581 0.088934761472832
-0.400575839278034 0.356507394893156 -0.0961019395144115 0.00769538430331133
-0.126759324184607 0.39175797107539 0.353841730056516 0.075588296702338
0.117336615394945 0.307569423182111 0.386909377029407 -0.408252337598974
0.249813696710199 0.0915225180755392 -0.121035862997104 -0.55447448170895
0.238124450759655 -0.106778798095842 -0.431619722173738 -0.190302206497557
0.109041095539862 -0.212838968980038 -0.333176484096089 0.104452880856367
-0.00859013543612803 -0.188519119130966 -0.137570154611516 0.160150295890844
-0.0403572662716498 -0.174870861934325 0.0275426996604229 0.122501750535632
-0.0219640768099136 -0.182054775005298 0.146732159677251 0.0756554927190513
0.0447124340388849 -0.251593726394395 0.252155855795251 0.122119384385279
0.205601477066045 -0.221205957341547 0.249243319470406 0.274977103609176
0.307599805878852 -0.0364187687896306 -0.0190075657326178 0.400086179949729
0.309161990668619 0.270094206017132 -0.324428347840412 0.319205595202997
-0.00670017027488547 0.516450883398453 -0.423849763454892 0.0795769648740188
-0.36343495043585 0.501309919883155 -0.26670049305735 0.0229853659618911
-0.502584559285626 0.279714596037921 0.0913265995911727 -0.0894183201288152
-0.279792734934469 0.418383382520468 0.421363110680589 0.0792251644145117
0.0342172879859613 0.426967126426525 0.523976474349397 -0.327266091490242
0.295067958533232 0.189875063040039 0.0821020540103928 -0.549595512417223
0.309447964173954 -0.0896039803038707 -0.280063791766284 -0.310432614222663
0.159020395356744 -0.246724237135063 -0.295701962304765 -0.0355330609424889
0.00257026363103184 -0.232941075095272 -0.156949292169359 0.0575715110557866
-0.0466517662032199 -0.202508243186636 0.00541365638839584 0.0445601983275036
-0.02939080695122 -0.201597884633583 0.12811729938211 -0.0040442497477578
0.0482982905991662 -0.271177729784929 0.263534034689549 0.0268289889232505
0.217356118986203 -0.247803748901871 0.326629747709333 0.181087469740174
0.332775506861072 -0.0615463909654937 0.113079924115267 0.372027016220023
0.332336040317447 0.27783628851134 -0.219754030586813 0.344938045654835
-0.0228612067532474 0.518396882556009 -0.371484373151423 0.088072233072605
-0.380665304237704 0.46019688361026 -0.134458131085364 -0.0737463749421921
-0.493340016791283 0.162655594740422 0.290374832612218 -0.156463523207512
-0.365171149298944 0.335541710470989 0.481422518322257 0.0809625682075879
-0.0689172155186424 0.425873946262486 0.598309893326608 -0.21313613013435
0.256277074229646 0.242536714482558 0.256681677554389 -0.465712125336383
0.308511120957565 -0.0509506280291043 -0.102407128320545 -0.377151000222648
0.175448883183385 -0.232565344739053 -0.22667395823849 -0.164558870258858
0.0103423878813611 -0.235427679209976 -0.161580896710672 -0.0520944265971052
-0.0497468030482411 -0.199099152313053 -0.0122968152106948 -0.0379017647127536
-0.0377244600407621 -0.196426316557034 0.108574208696403 -0.0853422353476227
0.0445562665890632 -0.256206842976165 0.262467498064216 -0.0618036023460845
0.207885790787951 -0.234913703823021 0.373619727051831 0.090061938441687
0.320361449625572 -0.0554199278038442 0.209751296890252 0.326548771075158
0.290240894991575 0.272686292910157 -0.131355019333909 0.342828049149927
-0.0690809421762282 0.454168189223328 -0.316924585649733 0.0844919375043721
-0.36136920960112 0.351129569515206 -0.00728556698845755 -0.153994155252903
-0.376988135820811 0.0328211326821485 0.452532786721985 -0.189477643197226
-0.345814768509687 0.185898507135278 0.515473574704001 0.0928807716737441
-0.127964299453385 0.317281739294911 0.608717625197185 -0.0974879592220414
0.16606914263677 0.218466617880944 0.375478447457586 -0.346851871682887
0.24058211870901 -0.0169002810694715 0.0544678570514461 -0.396458386319158
0.153315532756251 -0.177677613369375 -0.151294387330306 -0.26522727216069
0.0137043772392973 -0.196354499211505 -0.156315450168526 -0.150050056542179
-0.0453130024551869 -0.165726768620309 -0.026040575534851 -0.112943094480331
-0.0397918814156995 -0.167732980484631 0.09275527634131 -0.155319540259053
0.0377168651399691 -0.215369471589818 0.261302439823755 -0.131218573082885
0.185171654923548 -0.190021050653379 0.398791885765875 0.0151647988151172
0.279763653219509 -0.0289395793075484 0.272911970506245 0.286435203913786
0.206603722513565 0.259526963126076 -0.0651798625655682 0.330111119470661
-0.12441817295807 0.347174070310882 -0.2610451719472 0.0785753383813444
-0.311354099625509 0.196270254693991 0.102525912205317 -0.20224789272233
-0.190000957679988 -0.0796980630733289 0.52840538350646 -0.219567172260908
-0.234354273205438 0.0384307326326278 0.516539625855109 0.0788605571868593
-0.111803585803986 0.161761935432281 0.580180230853208 -0.0433396820245816
0.0744425424998098 0.130881175758463 0.419092692427245 -0.273345099150275
0.130868662635632 -0.00240595761478842 0.125443501136456 -0.402077550096652
0.0952912372873091 -0.10322366835746 -0.114176924630196 -0.318704119109134
0.00675313371086138 -0.123897805053563 -0.158344445681168 -0.209467566984134
-0.0382727039500141 -0.107041417337134 -0.0413220225799857 -0.165959534108812
-0.0412282340407026 -0.117845206984508 0.0769616349155642 -0.210312906438811
0.018831591152723 -0.156026832327491 0.258657018718845 -0.189243728162905
0.138098303881852 -0.134998253188222 0.415664451220611 -0.0304402719489165
0.218912239012107 0.00571181312919304 0.306636015417928 0.271852480144108
0.104010888506457 0.232743627797733 -0.030713658843437 0.324904698814786
-0.171260254162916 0.212285064203104 -0.216174442545659 0.072364365666274
-0.233648206560205 0.0182325454973361 0.191490740025265 -0.211986847553048
0.114753842103353 0.136307716300751 -0.269246649708853 0.277722493801899
0.127682271052669 -0.0693280811344801 0.239640576060925 0.0598000273664716
-0.0181435760898409 -0.136599026994754 0.0677016981860626 -0.35082463967607
-0.106590340930886 -0.00116045065223499 -0.334127254795148 -0.341417628016097
-0.0393046799694783 0.0605095160567141 -0.472285051011976 0.0658507780057103
-0.0026798655544719 0.0562464469550534 -0.268690147096191 0.27172606983523
0.0251475099234171 0.0482456244777338 -0.0858888424263569 0.25765535281433
0.0201928838840273 0.0227866226523633 0.0536986976007648 0.215324342320304
0.00129618412550947 0.016869157549675 0.142517647736145 0.21622106047287
-0.025169392685373 0.00549003933523383 0.131689251940029 0.302419835100385
-0.0180514222268668 -0.0128287121770869 -0.0723614420341994 0.375446833652626
0.00486513045671481 -0.0283937867630775 -0.371486551133231 0.278081476847343
0.0888735263370534 -0.0312435287834658 -0.506218477417267 0.0885811287720182
0.11181839275739 0.0937830788632902 -0.542937957061169 -0.0523835780298652
0.00312476322662225 0.2211437614749 -0.549236489294693 0.212428559033904
-0.0380046642038279 0.269037577292524 -0.276866976398117 0.21516958337351
0.10140851882211 0.08937201773437 0.246822686541959 0.0667394872692176
0.0642589160619637 -0.0305692719516465 0.123617224699717 -0.384431333829054
-0.00123548647626426 -0.010771257998722 -0.32500260239187 -0.395081040754643
0.0350288035094001 -0.0107677638478145 -0.496048247354751 0.0269692440034419
0.0194957561907658 -0.0350777473931838 -0.293292262393578 0.263405329310522
0.00648440467629498 -0.0297185130375026 -0.0900147773551307 0.25818044356805
-0.000906282880725688 -0.0516950784594764 0.0553870187224541 0.209220166030512
-0.00333941415344678 -0.0664999184897097 0.151241822319147 0.191371280895691
0.0148527270133427 -0.10065918945704 0.173718818529192 0.270402629922619
0.0893713891706313 -0.0752182225485118 0.0161347934208715 0.376175116888695
0.123078455487836 0.0186330058193601 -0.298702352324247 0.331166712502651
0.131053934638951 0.123936820684331 -0.478349341018937 0.157682950708052
0.0221941587762248 0.271635084550526 -0.506251851115528 -0.00406086691204557
-0.170088660176221 0.354736109709541 -0.485401082315213 0.181475682288977
-0.212697641055033 0.352303335626216 -0.220308309866666 0.124008597186096
0.0211251727535207 0.255653764133196 0.286976925335061 0.0693007433667715
0.121802206087164 0.123917316389127 0.227568702633348 -0.415884148579254
0.128479965320838 0.0136112037620522 -0.266083655215533 -0.4729901116072
0.128970930849267 -0.0763115799650792 -0.489958352839096 -0.0540017200603364
0.0534315929090762 -0.131775418831985 -0.315716519999632 0.212335392998399
-0.0084208886547923 -0.111657632088464 -0.105543415590066 0.226146540588569
-0.0238945016387044 -0.118443208537721 0.0475765449177582 0.17479456152446
-0.0148893199386685 -0.13431602093589 0.153604810345413 0.137611200702062
0.0317429953456478 -0.190390664856997 0.220462914428465 0.198777792972052
0.159135622690572 -0.156287938715486 0.141574764773681 0.336380653312412
0.230507522269648 0.00170496508711321 -0.163508067243187 0.385561522887306
0.223963789054002 0.217864573522872 -0.410795297048862 0.255450535292546
0.00451032325853255 0.421069438463369 -0.463543449950053 0.056742908148093
-0.279732068087105 0.460461686515469 -0.380305054173834 0.125585373250246
-0.352236954450579 0.385486584616055 -0.0940420990295153 0.0217475901341879
-0.0843918322884741 0.391264709203453 0.350018712960666 0.0462888291726345
0.141544820857012 0.286763563744418 0.340017485812929 -0.433933922902532
0.250781231419978 0.0654629851959112 -0.168983075352307 -0.530322020842345
0.220473217682738 -0.127564245836613 -0.437352819190576 -0.144417544113704
0.0833084907135975 -0.218058349387664 -0.311995486974242 0.133590624692106
-0.0260659716279433 -0.181041984404991 -0.118237674709188 0.168843399764785
-0.0547294378438988 -0.165007516790206 0.0365473820161285 0.114157776208935
-0.0395333740229968 -0.175714315851163 0.146727863001558 0.0559974288669437
0.0179605438311813 -0.249677960780314 0.255583078583728 0.0901024056935009
0.176004481926816 -0.236327089044443 0.270159806140984 0.238048490021274
0.295177795551149 -0.064630279780389 0.0179623039503591 0.392483496006912
0.324896514139353 0.231150611069763 -0.286016000489206 0.342722704591875
0.0449737124378643 0.501928083691882 -0.407827443301604 0.117967447934434
-0.303976718846704 0.522036597683741 -0.257931361575261 0.0506489026419663
-0.458284621358125 0.321682260067154 0.0787255754314346 -0.0913598243787204
-0.229582323337366 0.430621455642903 0.415363796392572 0.0433283676918207
0.0733632847011923 0.410923602058895 0.480507480296058 -0.368717231135606
0.304353187034431 0.157029637929124 0.0286411399743817 -0.544488443323016
0.290509447711046 -0.117499479487458 -0.302401904760454 -0.277350443490631
0.127228001575189 -0.255498428232778 -0.290501424769438 -0.00576107948148555
-0.0199840455681562 -0.225449447006543 -0.146797519491588 0.0704501221636604
-0.0638064242982462 -0.189559663145071 0.00790350220700256 0.0413906878018675
-0.0486896585185764 -0.193040311394084 0.121994143124753 -0.019136652404288
0.0193937331836566 -0.268179770333537 0.257564946876425 -0.00282163053599959
0.184722338440863 -0.263262639156516 0.336509234184629 0.137643704320966
0.316727852803867 -0.0919355165052479 0.144922171242772 0.351286135247965
0.347784344632497 0.23599623992093 -0.183185676347543 0.359476366893219
0.0300372491414159 0.502677073442453 -0.356627873427181 0.123072171078084
-0.32572883709268 0.484242272198748 -0.137942260899184 -0.056664645196314
-0.461200560704249 0.206881750814219 0.265365607020165 -0.176705118226475
-0.322206544548216 0.359729335231926 0.474426319949017 0.0379131511404672
-0.0269972427174845 0.419663812310731 0.560881962569334 -0.264471228271368
0.271387789472466 0.211303961752024 0.208390221608991 -0.478895474821746
0.293724903608311 -0.0806537181486735 -0.136302692517482 -0.35964499676496
0.143639574460805 -0.2443492207796 -0.23599212337122 -0.137969546418159
-0.0137421888585423 -0.228836301500289 -0.161391125746407 -0.0340835000195605
-0.0669479090213037 -0.185645344489401 -0.017069878930909 -0.0366497457113621
-0.0560701703968907 -0.185331808070406 0.0947968930443317 -0.0953538651044947
0.0175733660266246 -0.253222459482333 0.248391515636297 -0.0889558026531491
0.177061616920351 -0.249264049707014 0.373190289296967 0.04507635294431
0.304805035623666 -0.0838473576690775 0.233639468413348 0.297473765807811
0.306723230125432 0.234341638347195 -0.0966447790199833 0.348915007145554
-0.0200284689014892 0.44656968261671 -0.303325790869154 0.114520338848279
-0.316638854934138 0.375679855271631 -0.02214192473382 -0.147829118922706
-0.361166676376717 0.0699700127994685 0.420098210404306 -0.225842922252679
-0.317017003741418 0.215620729235045 0.509307470294352 0.0444201482780221
-0.0949551287585901 0.318991941687279 0.582438746959963 -0.151646009562224
0.181958182275177 0.196299489676299 0.33362321575409 -0.37494979827443
0.231431904631959 -0.0398184582577228 0.0137885272771799 -0.393891685247297
0.127923846556196 -0.188583171968953 -0.173736667795585 -0.243926753135768
-0.00629286613043579 -0.190835552681415 -0.166530355957297 -0.129202231878875
-0.058388028933607 -0.154219355772847 -0.0367342951735963 -0.107409273355775
-0.0552052509454101 -0.156229940929765 0.0729245238619145 -0.161720957987917
0.0147790940381715 -0.212765469252117 0.240705172364585 -0.155102151081239
0.159686850032061 -0.203169123158412 0.390782259218203 -0.0292089416175631
0.267461938169544 -0.0552162944530486 0.292516961603277 0.252374946000826
0.223936328859332 0.230709794982896 -0.0334120950407677 0.329918447318847
-0.0859426285782621 0.349428809247884 -0.2478227076999 0.103358596252351
-0.281610937977523 0.219681591159828 0.0795279892535188 -0.204831761334687
-0.19010155665452 -0.0578138137553657 0.490248624159305 -0.262533547236695
-0.222112771033082 0.0611294317216887 0.511170960925751 0.0290364371287279
-0.0932729634522743 0.167140658442531 0.56131046748331 -0.0976564411909382
0.0848870479400543 0.119966506432625 0.384310325790578 -0.308068355729687
0.126316186462957 -0.014810154699189 0.081048310722017 -0.405179064288349
0.0796073769806749 -0.110779726211264 -0.143323015323172 -0.300306334618388
-0.00582547532633937 -0.120237747097738 -0.174173939484165 -0.186663930125564
-0.0460925389659665 -0.0977830626164158 -0.0566210039522953 -0.157310990966529
-0.0508811797711343 -0.107702265910249 0.0529807661559876 -0.212335772271362
0.00165490098682538 -0.15223741982092 0.23277807099845 -0.210537276265087
0.119690031375283 -0.146228841618343 0.40217473478056 -0.0732079102194146
0.212475799982573 -0.0163000812493013 0.324070058508709 0.234451726197967
0.122573933859231 0.214384802271118 0.000142480714800538 0.319790592761793
-0.143965984947812 0.222169754732966 -0.204453464223971 0.0929590829577709
-0.223811029115589 0.039827825586446 0.163747903294708 -0.224006566532944
0.117530902666762 0.121697831359937 -0.238390384419649 0.282089838635379
0.116822998785469 -0.0739071640916774 0.234707069216584 0.0463831180795344
-0.0246874159495089 -0.127531813989051 0.0477777342545281 -0.337048228018641
-0.0985712741712807 0.00580571209017459 -0.337956055708377 -0.307381278485672
-0.0323645285628823 0.0591950487745281 -0.443534546898745 0.0884895872348141
0.000569747333275044 0.0539229234215126 -0.238463989132439 0.273044303679756
0.0278316887574667 0.0430044482219919 -0.068841510969673 0.251444966051789
0.02056050418962 0.0199354928802343 0.0609381131461694 0.201182121941577
0.00166694717600121 0.0153967029561482 0.145346786643231 0.195755388395459
-0.0233879434923919 0.00607627792858867 0.141295695389244 0.276867819817417
-0.0168589183849343 -0.0104879020052509 -0.0485769269711156 0.360164775969286
0.00456320104194775 -0.0264641262957017 -0.337429948663294 0.286203160274652
0.0813051964719098 -0.0339660011321316 -0.475309682630264 0.109674585255501
0.107950693105712 0.0813276608511604 -0.518992709071443 -0.0233703918789882
0.0152490951310138 0.208547128695535 -0.508545689158471 0.227687531145228
-0.0187063946736311 0.25588207296663 -0.249991121606717 0.224009954753765
0.101310480175044 0.0775679171297407 0.240152397345018 0.0536199324321496
0.0579252616520505 -0.032129936264391 0.0994419597309764 -0.37201014204616
-0.000228749799392529 -0.00828041195186335 -0.330062438433112 -0.360395568478549
0.0332957718229694 -0.0127084404201478 -0.467057332524627 0.0535325643366986
0.0163238991554648 -0.0341101421249419 -0.262543499413611 0.265924412789219
0.00552084554713095 -0.0287630887293581 -0.0729609657927037 0.250496773442624
-0.00345814122475053 -0.0494996281042287 0.0619887415950958 0.194651126341834
-0.00852755465749099 -0.0639829595076692 0.151406228527246 0.171631306212301
0.00745376660336198 -0.0968919992895799 0.178871116623235 0.244188925945975
0.080351854602834 -0.0762477018930891 0.0367734231583685 0.354166869151435
0.118684947559478 0.0116615219324755 -0.266754635765955 0.333225954851161
0.129654649553555 0.110752678100291 -0.445826421578251 0.17528601063948
0.0345091205167338 0.254840980918454 -0.482499251353908 0.0208310557216422
-0.142503644401531 0.344763454104666 -0.45156668102252 0.1979400916678
-0.178967768813365 0.34512691736539 -0.202235014602891 0.135592067372613
0.0345197215546865 0.23945112794646 0.277391344635584 0.0551783897297481
0.120742451392171 0.11011400151066 0.196063060503251 -0.40743209425017
0.123275309667455 0.00783794226446163 -0.278621432852713 -0.437710061597091
0.118018046379437 -0.0806118000355206 -0.467584939646414 -0.0245749681594581
0.0417635836333196 -0.127894602045022 -0.286796824651909 0.218704514715255
-0.0134244920632569 -0.10496807001584 -0.0885193654175692 0.22070249684907
-0.0289901852142633 -0.111281747936397 0.052657040087815 0.162114729310965
-0.0225546315312907 -0.12747746696258 0.149556899462597 0.119691702187995
0.0179599725719163 -0.182905951660915 0.218537810834931 0.172923612670384
0.14100399494356 -0.157148793053687 0.153301556286857 0.308004824417715
0.218947164231709 -0.010670376947688 -0.13554953721901 0.377093267372369
0.223177186676844 0.193659659607617 -0.377488822739024 0.265963999486232
0.0265671313971592 0.396512040341378 -0.439495350043982 0.0782647232961091
-0.239947833383698 0.453248941752466 -0.354740188205443 0.140054999684674
-0.309259248726782 0.383791302866862 -0.0891111897742055 0.0313229801254985
-0.0579752974244005 0.373119382414771 0.334970777923454 0.0304335304673848
0.148801553614928 0.263953926115954 0.301688758130823 -0.429952827493919
0.241706704698804 0.0494249974008397 -0.187987886340993 -0.497272437910637
0.201119692552942 -0.133904211230579 -0.421584055578546 -0.114561487820566
0.0640547216846632 -0.21121748838161 -0.287856328506774 0.143485845654349
-0.0347681381717018 -0.169237029888979 -0.102166083042993 0.165507962548632
-0.0597405240648991 -0.15252735542018 0.0389515662249155 0.105111293951245
-0.0481863776786173 -0.164571463677101 0.138911327407139 0.0428883526626478
0.00175617971266828 -0.237796024763783 0.245661121458425 0.0670076091417912
0.151049200642194 -0.233966043999999 0.269490050868925 0.205509282261224
0.276064648413637 -0.0774455814649425 0.0376411076216241 0.374317158062428
0.319276989604984 0.199443551610898 -0.255689984359323 0.344069427598787
0.0700507001124029 0.471115855319773 -0.382865585089435 0.135337414974971
-0.258497430236488 0.511678579686873 -0.241720860704191 0.0624983538011854
-0.413737302483283 0.328565319997317 0.0677019531561758 -0.0854669042415558
-0.193279373307329 0.419757314811113 0.394913505550046 0.0242637556741224
0.0897556842989593 0.384993489079009 0.436812122800463 -0.375398795078472
0.29703614616009 0.132481625134432 -0.000387703575395633 -0.520821442992649
0.267594852939406 -0.128734649424203 -0.302305162516116 -0.248627396058303
0.103681864891427 -0.24996383203502 -0.27545467049974 0.010150960972684
-0.0315016086617132 -0.210715833471128 -0.134575720247148 0.074032776364631
-0.0697605144170738 -0.174768105082235 0.00871000256491283 0.0380810020942316
-0.0573791733755745 -0.179818279651926 0.110631271507159 -0.0262523041229362
0.00191126441639301 -0.256134202936594 0.241686541714356 -0.0200461143391055
0.157221270500819 -0.26049768087319 0.327998093141845 0.105746708164735
0.294591193835585 -0.10379315865352 0.155877534971804 0.327094616238581
0.340396691211329 0.202261994953903 -0.156148164519797 0.353747605720055
0.0561734035707798 0.474409491246998 -0.334160224107348 0.138925022434975
-0.281876321124426 0.477684976186809 -0.133620970558315 -0.0443631707047702
-0.422618538998556 0.22104356274244 0.239648500152574 -0.177616850918093
-0.284660982749736 0.358377371114768 0.450507516609171 0.0165375251766906
-0.00421900051120122 0.398008112412884 0.519017297431892 -0.280755235186916
0.269827183338658 0.185987657798027 0.172540297923947 -0.468134202696103
0.27373683673324 -0.0935815482846834 -0.150471855337344 -0.335656328949863
0.119195343079888 -0.240249452366979 -0.231825787176769 -0.118554514949778
-0.0260683237685813 -0.214939954962977 -0.153628681192481 -0.0236837070983977
-0.0717799431835203 -0.170261795282804 -0.0191132650695019 -0.0341034857527424
-0.0633105927431545 -0.171168474658962 0.0819594360608948 -0.0959255294523664
0.00130519674563664 -0.241207391096413 0.230062288706021 -0.101049514759742
0.151446994719798 -0.246966973698947 0.357412166408609 0.0169332831147414
0.283003082620884 -0.0960367509969265 0.238052266796119 0.270576647320686
0.300768496418864 0.203354146832353 -0.0750701091400854 0.338470181582976
0.00697496621824511 0.42291691488262 -0.28327072188348 0.128081274820932
-0.279264919058348 0.371747863159484 -0.0295958219508393 -0.137483486577894
-0.336349508959535 0.085998579378899 0.383611577661115 -0.232998217799854
-0.287425303789673 0.220945485129127 0.48414058118608 0.0188869762589595
-0.0735177000998644 0.307369593741579 0.543214365792072 -0.17506341442888
0.184011539279925 0.176709776968688 0.298477070513872 -0.375513240892986
0.216425018071803 -0.0508760502308424 -0.0105961972789715 -0.376491247954721
0.107626652864382 -0.187129255995129 -0.179086652046402 -0.22144543756787
-0.0170434748987908 -0.179563464242779 -0.164477206075518 -0.112674468169019
-0.0627292100033232 -0.141132329799489 -0.0409268993759533 -0.100082982067992
-0.06073621840068 -0.142917657686118 0.0592721695208516 -0.157460360483127
0.00123195437767649 -0.201907411046212 0.219532397555388 -0.162675106776186
0.138512705426235 -0.202041813833961 0.369714296486928 -0.0544401517744719
0.250131810135508 -0.0669709658501149 0.290251440701384 0.223919966747701
0.222978985213639 0.205081028161688 -0.014861830478866 0.316892106697002
-0.0604657567817419 0.334262913829187 -0.229937434938537 0.114168183857061
-0.25494742000948 0.222400260189808 0.0628611034681354 -0.197554454061265
-0.181518448561102 -0.0421096425277809 0.450473021313778 -0.272481306885264
-0.205313367547789 0.0713839526491028 0.486127102151147 0.00312214420730281
-0.0798104967170773 0.162330269045219 0.52501610977826 -0.122095628942878
0.0871396702648408 0.109546880204606 0.348764911549277 -0.313649382480909
0.118361793389164 -0.020980745460023 0.0526368707115534 -0.390677094299736
0.0666086280958398 -0.109937886284401 -0.154200713431146 -0.277653571931324
-0.0127560101280918 -0.113061141103784 -0.17534511587454 -0.1665788326793
-0.047867000748522 -0.0883770486153784 -0.0625163054303543 -0.145999985631512
-0.0539380901226207 -0.0964102100511956 0.0372901600321725 -0.204255508896826
-0.00714103338248182 -0.142649063891322 0.208702678540583 -0.213936145001512
0.103623893828328 -0.145113237553772 0.376971710200958 -0.0948468062967635
0.199777017841576 -0.0268982096692927 0.319774537746398 0.20498205672983
0.125281024494549 0.195344000516249 0.0154948157717326 0.305095637915685
-0.122226752296278 0.218063607535119 -0.189678593230968 0.101197419188852
-0.209460043089167 0.0481045738434858 0.141470294304878 -0.221083256862478
0.116233664126344 0.113117887097612 -0.22271702952425 0.279087093770303
0.110798801735111 -0.0738548670893601 0.229942435895359 0.0425494506809485
-0.0262152621277517 -0.120820264623838 0.0422755977213964 -0.326080410743207
-0.0928038469841971 0.00782417841113001 -0.332583275187255 -0.292732185850843
-0.0294198761221539 0.0565839530807496 -0.424735112001693 0.0926160080639822
0.0012477535853111 0.0526814531224106 -0.22524665751868 0.268089265077241
0.028383720268071 0.0393219077590664 -0.0636484688316489 0.24530387017322
0.0198916348413735 0.0173899834606538 0.061415601810396 0.194279763310123
0.000590859729782588 0.0139567692904222 0.141666828818098 0.186074787217912
-0.0225047090914387 0.00538150117847255 0.139176137428775 0.262479083914393
-0.0151971353459837 -0.009689595467212 -0.0410697078439134 0.34772917872051
0.00509618848594796 -0.0258263849426258 -0.322179655323926 0.282215648686232
0.0758342866335211 -0.0332292934826404 -0.455388029207801 0.109241100144866
0.10263378976042 0.0765297185561582 -0.502610871837922 -0.0186345148563654
0.0178165269843424 0.199320489952625 -0.485703200558368 0.224089269553161
-0.0119457077798718 0.245213327947419 -0.235677195802805 0.22509142041528
0.097617234222423 0.0719691356357598 0.235862776776521 0.0514798790062008
0.0545223561154338 -0.0307581631791528 0.0927562216295209 -0.361095153968369
0.00181069047108204 -0.00689484771683644 -0.324655325490983 -0.343946085663031
0.0321755018783116 -0.0138060900312079 -0.450055981022742 0.0584011946779394
0.0142021337814389 -0.0325571541037469 -0.248402226087876 0.260826593714112
0.00557574395265299 -0.0289446424693162 -0.0667501048205527 0.242834397170455
-0.00443133288552999 -0.0482747732702272 0.0615550017503461 0.186122745038726
-0.00999858625960138 -0.0622018011548102 0.146322912551166 0.162552040601915
0.00493959991927911 -0.0936558180427372 0.175053553729911 0.229226099215831
0.0762295699807194 -0.0746994846354056 0.040696039637367 0.338895867146904
0.116249429246717 0.0093816446910546 -0.25294298910306 0.327849076214465
0.124578262559661 0.104709401801973 -0.428010579304427 0.17559372107909
0.0346900863016379 0.243523476927701 -0.467385123597328 0.0241293174249454
-0.132644241966645 0.334157125818717 -0.431457177017899 0.195085299441542
-0.164586176505253 0.332880937269649 -0.192182744109798 0.139380694796006
0.0369487322833044 0.227809633501094 0.269867203289546 0.0539464899682388
0.116632034674325 0.104350600772911 0.185647245341114 -0.396220285535735
0.119939465540251 0.00664942726272637 -0.274156238267103 -0.420114839369674
0.112862739604553 -0.0805210205153861 -0.449826253455033 -0.0177075804379668
0.0367110932792557 -0.123169876798668 -0.272198414302186 0.21498182887593
-0.0135235041839678 -0.101199431053736 -0.0828239826842593 0.212748072328186
-0.0289312812133419 -0.106907897396774 0.0514702288701593 0.155063219676037
-0.0245732053153842 -0.122739251414243 0.143084839282907 0.11224566199409
0.0128632496689955 -0.176828957767098 0.21252081856511 0.160312207261355
0.1326673900495 -0.153724489494894 0.153199572953102 0.290651965244214
0.211617993816019 -0.0136148723210501 -0.125397104975718 0.367535312099364
0.215275500678167 0.182940863695341 -0.360416303411095 0.262542381894548
0.0302519979632557 0.380363401477207 -0.424096589087783 0.0808194032064693
-0.224983264132926 0.438437743081209 -0.339325748763969 0.140943347950106
-0.288587203847644 0.372870815563694 -0.0851797910962359 0.0366811899186998
-0.0498303554399131 0.358654543770424 0.324243871812666 0.0306970365654332
0.145428941312298 0.251164485002957 0.286246792183429 -0.41919186233818
0.234030140218911 0.0446883037840523 -0.18838907188939 -0.478246847379589
0.19074817377167 -0.133306410344956 -0.407958343291916 -0.104811213072628
0.0556335650259944 -0.204022753674907 -0.274998034756695 0.142845411115503
-0.0355991364993447 -0.162952915524122 -0.0969046698191948 0.160169003379446
-0.0590401424624439 -0.145420531114081 0.0371281829351253 0.100605411349883
-0.049657282850755 -0.157994742221745 0.13079083133031 0.0389219011013353
-0.00351323895376804 -0.229685814900155 0.236249887975148 0.0579908068203735
0.139820878419104 -0.22735141920326 0.263156854689071 0.18771755015857
0.265237850282833 -0.0783895710145105 0.0406590091048727 0.362303365457849
0.308273288508802 0.186568514917528 -0.24281290743542 0.337563054057291
0.0749324776293876 0.450006238487654 -0.370063840508988 0.137149229330178
-0.244077739362027 0.497252833360335 -0.230243227335653 0.0651314182959927
-0.390806120887875 0.321956257211146 0.0631632410412483 -0.078617700557999
-0.179823716360808 0.405991202049174 0.381185950060024 0.0245826312300173
0.0901411356784321 0.368414525018209 0.41541486400614 -0.367590266613666
0.288363990891546 0.123488230851988 -0.00713663796196878 -0.504391894884748
0.255315266340266 -0.12906028425019 -0.296038741297555 -0.236092797397911
0.0918029547226458 -0.242474517484287 -0.26574028871554 0.0141773746595916
-0.0349494358185324 -0.202576670810939 -0.127873607587734 0.0733065104650846
-0.0681863225284354 -0.16591653456154 0.00716186899712072 0.0364044605947789
-0.0573545002315395 -0.171309162638501 0.103422533326444 -0.0279699863811201
-0.00384926800197718 -0.247036500619054 0.230650129964068 -0.0260480125191036
0.145271079878912 -0.2532757722938 0.316944574707229 0.0905218581758256
0.282382542464699 -0.104981598874244 0.154268179139764 0.314425222456608
0.328026170293575 0.188287754545496 -0.148048194089311 0.347206249777716
0.0637799126364925 0.45497943124075 -0.321734094432617 0.140584526963417
-0.263439928170738 0.463459530065752 -0.128790747837321 -0.0402643092318347
-0.40088485799858 0.219679759544688 0.228081571303109 -0.170043230099775
-0.267246236809758 0.347693831241835 0.43272679807006 0.0159044405238576
-0.000769522043254316 0.383925152458558 0.496545100440017 -0.275722697424225
0.262860564290875 0.174919450026742 0.160568711967163 -0.454845887810095
0.261466767875856 -0.0944675503737125 -0.150937048081112 -0.322839046143868
0.10696605129069 -0.233574648121688 -0.226749865334378 -0.110548428688644
-0.0287292417232426 -0.206085994560797 -0.148290048131968 -0.0201410212733758
-0.0699598209692188 -0.161490691054078 -0.0197194196445317 -0.032548084132677
-0.0631616411968905 -0.161694512942602 0.0752750244144867 -0.0952734151738983
-0.0035787912703277 -0.23267561878749 0.218600462494796 -0.102661083343474
0.139403442350983 -0.240674164155693 0.344031624444576 0.0038367811621789
0.271585961568991 -0.0968671669568652 0.232844755494029 0.258715091809064
0.289839251539045 0.190145974532736 -0.0688609337755746 0.331346779282507
0.0129549640749665 0.404763399248392 -0.271479679871565 0.13042901386557
-0.263578129298142 0.361628797282196 -0.0300423807131662 -0.130752271204665
-0.320170312706633 0.0878688834223103 0.366215665236701 -0.225423913328983
-0.271927285805383 0.217330906733342 0.465372897307013 0.0154888385995009
-0.0673074425092507 0.297442688185494 0.52116239379567 -0.175292309976524
0.180416167693833 0.167689524625887 0.283166546034524 -0.366822521919762
0.207560478554402 -0.052876038378414 -0.0183214349053833 -0.364208654908718
0.0968751696770054 -0.182085797495445 -0.178054830909982 -0.211424362210452
-0.0201551485755618 -0.172133360775234 -0.159750688824578 -0.105341744627657
-0.0603997387327112 -0.133147426573978 -0.0417317858208207 -0.0961624821012438
-0.0593256405732472 -0.134073476391308 0.0525173813562478 -0.152368792752738
-0.00334695078077426 -0.194070736886524 0.207491187739754 -0.16205870648195
0.127726277479643 -0.197681725766845 0.354431610821417 -0.0631884741211263
0.238899831136416 -0.0680139170771764 0.282916509818373 0.211971478603086
0.21439133159664 0.193853123319812 -0.0121058995243233 0.308717036308994
-0.0521366098687105 0.321838747923532 -0.220851295463181 0.116178332365305
-0.242996515447167 0.217697697164402 0.0578164053702724 -0.191569809836207
-0.173771539724699 -0.0380129931537719 0.430356437019066 -0.265490556337438
-0.194775294065019 0.0721845121839807 0.467342298638601 -0.00114941797477263
-0.0749063855507787 0.157635632943998 0.502944028026575 -0.124011156464375
0.085223295825566 0.103325902565467 0.332300667163709 -0.308883621218123
0.113704850170419 -0.0220075274963445 0.0439694118244855 -0.378962975941996
0.0594035134839523 -0.107062923936168 -0.15556950316097 -0.264710519705036
-0.0142120513993633 -0.108515872303702 -0.171695572318907 -0.156909808115059
-0.0455992756394358 -0.0822919418782124 -0.0616115262942225 -0.139826027215524
-0.0526393649690862 -0.0893147909783053 0.0316322600225102 -0.197570130369136
-0.00965106710173112 -0.136585055387134 0.197438633267573 -0.211832767214958
0.0961009128818641 -0.142440045600586 0.360534446140054 -0.101437995452802
0.191953122005383 -0.029379463390609 0.311069120104203 0.193093025421633
0.122252971155858 0.186011522008975 0.017563405082849 0.295787929438184
-0.113657569566878 0.210855265309743 -0.181269425445612 0.102125543326509
-0.202510556658103 0.0485867858932155 0.131404928823239 -0.215761845304365
0.101827393868667 0.122481365500494 -0.263546091548648 0.258856446540898
0.117276179799248 -0.0575345009603788 0.22768485493319 0.0810283434106812
-0.0089792462220608 -0.119743151913357 0.0928620358236272 -0.316215656685586
-0.0885091422685055 -0.0070235064588924 -0.289703013428499 -0.331169899489912
-0.0373744801411995 0.048405122058372 -0.428241465394913 0.0353581261277032
-0.00380221075141142 0.0527819879321135 -0.259160192075719 0.235609624275256
0.0233679316249007 0.0427538742936682 -0.0939060179438987 0.237000749154732
0.0180933800616882 0.0202136398905074 0.0318324988401964 0.20024169727432
0.000407872042788084 0.0129456935079581 0.113385663453357 0.205147973033405
-0.0203771754424687 0.00219001011330739 0.0999771669557876 0.278371396861414
-0.00894507402729104 -0.00823966308514375 -0.0931980604064279 0.338911603577933
0.013004640886327 -0.0189071021788012 -0.364040885438766 0.234927884212569
0.0751036993159923 -0.0122215569547541 -0.466767889861543 0.0376640747622052
0.0835122249778065 0.0956667510540073 -0.496075237639203 -0.100648980569907
-0.0113621234695336 0.204748745362979 -0.519870061498574 0.143025414525124
-0.0399946019298185 0.237471885674835 -0.273493120003015 0.189629727278388
0.0845506655690746 0.0831136976402542 0.22538684102943 0.0877496683286713
0.0578033553713734 -0.0212272022337343 0.138895744229266 -0.343459412571053
0.00580597917445071 -0.0069809248069777 -0.278255159336801 -0.377552251154972
0.0332847864383766 -0.0118421880860845 -0.449879438631808 0.00210435013556583
0.0201183364797315 -0.0293308062198153 -0.280121460237659 0.228263749987829
0.0115697256324355 -0.0279938062193765 -0.0979172526271519 0.234548330109822
0.00418927674262497 -0.048237464263056 0.033029455632736 0.192252755817415
0.00127228723972559 -0.0630267450955849 0.119860013333368 0.181844692886726
0.0196328403230399 -0.0917755858635592 0.138208932230694 0.249243934351328
0.0888045152465556 -0.0594039971733435 -0.0112544037954559 0.338959822454079
0.117721497373052 0.0315975816012125 -0.30245221299026 0.289708463359223
0.102902753110566 0.129389077198396 -0.448351635798826 0.104898344412952
-0.00657077698611215 0.248308524326786 -0.46281792488156 -0.0521261716830252
-0.179768625132311 0.312743184048229 -0.45843367118294 0.127577754236207
-0.199405170079576 0.305902948949502 -0.221856350606899 0.0977329675681596
0.00328066319077257 0.228072852655261 0.254154639117365 0.0890931570357212
0.0990428915673679 0.119714096403004 0.227843866272458 -0.368119289893752
0.118444224275453 0.0244085361814705 -0.224450382579322 -0.444040956892784
0.120930520569515 -0.0643326011600857 -0.443917693579894 -0.0685576122831158
0.0541056883024161 -0.115693742105962 -0.295358527705439 0.183678326391874
0.0019137741500092 -0.102048684010897 -0.109433012245223 0.203640096064738
-0.0115944069527485 -0.109224366075626 0.0275683575829148 0.159717852533168
-0.00468151184385939 -0.124089990154721 0.122000375033284 0.130879903639113
0.0383688352893297 -0.172206467596975 0.182831472767889 0.185994186389151
0.153552782703385 -0.129176139554952 0.106150574045632 0.305153133840823
0.215494837552598 0.0219146054570126 -0.183538560486769 0.347843842579064
0.18370779199309 0.217720447973558 -0.395715868173213 0.201748511238862
-0.029262308671952 0.381229710582165 -0.425494015217928 0.0108278184917444
-0.29009347753484 0.401010864640923 -0.353796322163367 0.0857949226605405
-0.326510501616009 0.331169136467506 -0.101767410164691 -0.00144739248266663
-0.0992047931108816 0.34425735188241 0.307347569551003 0.0659787572791895
0.106665592936001 0.268181895966731 0.321450880390654 -0.381985283464042
0.223605224332946 0.0786671037440475 -0.136470321271626 -0.490128044659117
0.205268852526745 -0.103165452173993 -0.394570256901893 -0.146885491344555
0.0830301876504655 -0.191719066059758 -0.287348419225779 0.114231672463877
-0.0115037502838142 -0.165604265358579 -0.115391758233667 0.150309416043287
-0.0353016836146298 -0.151172575086138 0.0221686659180329 0.102995461515806
-0.024292403753548 -0.161809950928508 0.119799332229874 0.0569014959616724
0.0290673437110906 -0.226106557801022 0.219316634587026 0.0889955668867616
0.170672146775227 -0.202435523281879 0.228521467837626 0.218320288497352
0.276988071995543 -0.0364726563912092 -0.0182399585792064 0.367914276002389
0.275700341968877 0.232757656884713 -0.291517321693282 0.292902407524515
0.00582296430064975 0.454891856827508 -0.377821586457373 0.074285089693196
-0.315218933637894 0.454109084121111 -0.233495035900644 0.0263610002169254
-0.422827306978822 0.268386340261715 0.066081957457703 -0.102034599511271
-0.232650134631181 0.373254780927784 0.364734078054154 0.0610842877160482
0.0366311581876839 0.376152477131116 0.439118982897097 -0.322177265623541
0.265699676827828 0.163329727295288 0.0402077621239607 -0.495115915898092
0.268054659706444 -0.0887860759348916 -0.271514714514847 -0.261178599862875
0.122322144907801 -0.223759430047208 -0.262370563057738 -0.00995012479150669
-0.00469243533695964 -0.205043915137417 -0.136306610043473 0.0619428502775824
-0.0407637292559379 -0.172285786984401 0.00174961369015995 0.0349801783250934
-0.0306845192637371 -0.175830354999528 0.101518847129165 -0.0132944667300541
0.0315643959667573 -0.243338406022372 0.227501627443134 0.00544575954065953
0.177855525825337 -0.228929896744164 0.295657746929046 0.129839785186643
0.297578236430013 -0.0617386397025435 0.101830267163534 0.33700294401482
0.295952975699161 0.235839247389601 -0.197739120197057 0.317236232141725
-0.00549573614014282 0.457556627407307 -0.330019990200294 0.0867191216603239
-0.332612421516186 0.415567000575414 -0.116074564011422 -0.0621719357421175
-0.421021013684551 0.166444617800244 0.2463086699928 -0.17081330118463
-0.310700948879538 0.305900214562474 0.421211270190185 0.0558324163762404
-0.0544810986405917 0.379214667645585 0.508328867541253 -0.223369612184577
0.231822948459051 0.21106693135498 0.198277970175221 -0.429087955942448
0.269111262730308 -0.054560957142342 -0.119623794113018 -0.329810499156833
0.135576563957165 -0.212312200678422 -0.208629008753452 -0.127557970279743
-0.000240090506341299 -0.207978149504186 -0.146106033204882 -0.0333873322296434
-0.0435848692242176 -0.168182301480543 -0.0146562990977704 -0.036700647222369
-0.0371030859881721 -0.166623843697911 0.0841177423483871 -0.0828746463875532
0.0293105101357851 -0.229638401738361 0.225446706292733 -0.072310113539598
0.171455692997682 -0.217596589686464 0.335534092987002 0.0481167794373066
0.284750010514291 -0.0575850873436993 0.189359743922829 0.291739805339404
0.258714859003858 0.23150927145979 -0.118889957462341 0.313879166272137
-0.0454445800462656 0.401050878720745 -0.279094181702505 0.086230644478786
-0.316024641117905 0.315230208766284 -0.00411060821280381 -0.136483010776645
-0.324697333486952 0.0483139806192305 0.396158225083839 -0.199454678508079
-0.296604160747068 0.177594395230154 0.458968654442355 0.063024448255667
-0.109398036465297 0.284145053154156 0.525807282436617 -0.119911043047822
0.152311633747011 0.191383592639103 0.311661106348812 -0.329577974935655
0.210478632856278 -0.0205025419706722 0.0186673932951442 -0.3563675086503
0.117233120993418 -0.163721973969291 -0.148795179621751 -0.223169384374864
0.00277071960302392 -0.173178904803648 -0.147230999915486 -0.119749829523557
-0.0385147866218891 -0.138656331250298 -0.0279069357806655 -0.101742936205603
-0.0383995733331518 -0.138822233789992 0.070867442800615 -0.1430757469319
0.0241380239882705 -0.19120558330493 0.224483246101087 -0.132403529890227
0.15302557412444 -0.178063059495968 0.356814995158608 -0.0155794791375624
0.248962361544446 -0.0342457356626253 0.246701663473786 0.252643169142497
0.185253715197944 0.222897815995844 -0.0574755851964832 0.300447976696172
-0.0972179624747388 0.308692278284482 -0.226136806373932 0.0818551007188279
-0.273501081965216 0.174473283918737 0.090189494760702 -0.18368653351344
-0.165954251596854 -0.0564785730504158 0.467842935076781 -0.21892509617523
-0.199782924885711 0.0459494865627731 0.466955491205382 0.0512054151392716
-0.0974648719375169 0.146179595083504 0.51005596307734 -0.0664390781315955
0.0687391963283772 0.115606208660886 0.359019258673724 -0.265960654716752
0.11541446067821 -0.00501091390178595 0.0839531278416833 -0.365534566514557
0.0694647794460362 -0.0951152114884791 -0.120278917072563 -0.278014725433622
-0.00141299969501296 -0.109110888723134 -0.15271266411608 -0.173570883912228
-0.0316631462762875 -0.0870194086566516 -0.0413013714713434 -0.147999903649988
-0.0388235639266758 -0.0943402112149062 0.0572239356247469 -0.190545105821321
0.00929862582874843 -0.135901945500467 0.222634086250624 -0.182844610718765
0.114239369810225 -0.129130021756767 0.369087563146911 -0.0518875836164157
0.195752381818829 -0.00461968873826193 0.278439538682304 0.237515730849195
0.0973637573545335 0.201951896809116 -0.0266672827727303 0.294035275802688
-0.140252950487219 0.191450416496816 -0.186807489557589 0.0758915341244567
-0.207930241905092 0.014443846582116 0.164495168816001 -0.19568059935011
0.105936297613577 0.122124156719723 -0.261716974544384 0.273960114249278
0.118267655690586 -0.0612024688108885 0.240195651784276 0.0811072148385161
-0.0114145368885622 -0.122056015145797 0.0916838537592543 -0.326069193217561
-0.0892566155559482 -0.00589567344120846 -0.305538855186154 -0.337704128810762
-0.0364876116665613 0.048733355176227 -0.439575352797318 0.0421178115309452
-0.00196856308158154 0.0554598796126219 -0.260653656764279 0.246085416084011
0.0249371714689771 0.0416408047424312 -0.0930271456887783 0.24636897526443
0.0191353500782762 0.0184080357701071 0.0357883589867064 0.206855163854977
5.78795953865962E-05 0.0126551111867253 0.119755398064007 0.209656633349225
-0.0212333082869116 0.00220150341236037 0.107511434889575 0.283257838305635
-0.00772758016770478 -0.00770036490985998 -0.090951021593961 0.349892658607224
0.0136238563808789 -0.0198510693061874 -0.370556511972687 0.247661111643192
0.0741152571412682 -0.0126184718185501 -0.478359339041324 0.0424409943705129
0.0844164193428696 0.0969359470760062 -0.511131782234973 -0.0985670462799146
-0.00849504718664899 0.209169555495615 -0.53151814752503 0.153138040713856
-0.03514038625232 0.241366084887975 -0.273948195436187 0.204213990846148
0.0876694278860026 0.0829766384825301 0.23773488360603 0.090857653359024
0.0579678790034791 -0.0222180536369494 0.13933855053418 -0.355083118536722
0.00608469575910844 -0.00697270874774718 -0.293617614144563 -0.384026663343919
0.0339579154774486 -0.0141078003959181 -0.461516328356215 0.00880838549239917
0.0200830932366744 -0.0300693806340609 -0.281934498040345 0.239764701131132
0.0108163550255333 -0.0297661653122729 -0.0968655710389836 0.243380213872243
0.00355310053786414 -0.0510455664749454 0.0364248676675392 0.198445604291597
-0.00111437734485243 -0.0657041811706094 0.125049435339572 0.185479087618499
0.0174115932213858 -0.0948322117297545 0.145552796912609 0.252315082638033
0.0905388675900255 -0.0632096713134933 -0.00738707438354001 0.347586431871334
0.121946455695141 0.0302271442927963 -0.307173541304889 0.303467222893232
0.105142742740547 0.131922878513184 -0.460134633424013 0.113895108914222
-0.00560192851174008 0.253982399296554 -0.477737414370437 -0.0481831261782424
-0.179591515124928 0.323422783976554 -0.467192703796485 0.136225977129349
-0.197011373157214 0.314996616812376 -0.223221772157352 0.109764142706089
0.00710917641890715 0.232143604728127 0.265512523637975 0.093845643960776
0.102574939016721 0.121337370123497 0.23005298591558 -0.382187380853279
0.122165929098918 0.0233272810343255 -0.237472365239061 -0.453904146055785
0.122464892078932 -0.0696328135673073 -0.456213569129695 -0.0639673223610499
0.0524487821958906 -0.118512237202662 -0.298967524742352 0.19388623425033
-9.56863124185678E-05 -0.105065284388935 -0.108367185321987 0.211093080605657
-0.0130877942363298 -0.11262660355432 0.0300950923358171 0.163453860635391
-0.00771296149318661 -0.128217893248599 0.125659826097496 0.133256691256665
0.0349707707880196 -0.178077122872286 0.189944011633928 0.185645966488111
0.154428004150578 -0.136382139376376 0.113489603248148 0.308758914417546
0.222334088740704 0.0180607637820689 -0.182876976669456 0.363153379924484
0.189431020435133 0.220816576843153 -0.404255291543817 0.214234184063699
-0.025344448477712 0.388758682598086 -0.438404228048259 0.0170494780862398
-0.290279291949404 0.418570000331611 -0.360922997551254 0.093047432278968
-0.327787861279697 0.340702488223555 -0.102321702971915 0.0072729200380304
-0.0954816267259248 0.352736333693024 0.318727760777374 0.0707977562775487
0.112219303909026 0.273375397291414 0.325714569612182 -0.396671456142418
0.231610649785806 0.0770606177604475 -0.147917992177522 -0.502877280249933
0.208411984701783 -0.111392363045373 -0.40813834883955 -0.144702419339082
0.0790669570020637 -0.197096276429213 -0.291853739735728 0.123405471020297
-0.0155786970844774 -0.169542377510083 -0.115991713753213 0.155779763591961
-0.0376351284244993 -0.154650663822142 0.0231472456440974 0.105160398068954
-0.0276807142116617 -0.165923205839298 0.121038815611305 0.0566690463613078
0.0233554357839435 -0.233504325516598 0.224797620978622 0.0853209327630274
0.170668378172274 -0.212297706096168 0.237686341493416 0.21522767086392
0.284420873717138 -0.042855461246795 -0.0125012507334704 0.380705202413588
0.284304572988051 0.234056362370067 -0.296151521099451 0.308873152446282
0.011609157732794 0.464981824548647 -0.388159323843056 0.0840932375218878
-0.317196088579414 0.473353931918433 -0.237683206830719 0.031971720911584
-0.427202354102843 0.280783906981757 0.0661028997076303 -0.100447634761636
-0.232118650471708 0.386142994531832 0.375999488310495 0.0656494665691532
0.0417796776798428 0.385940668078729 0.448560876418038 -0.335058237972883
0.275993495751272 0.163910224279523 0.0343219665904865 -0.510970236728005
0.272489552299308 -0.0970434315018239 -0.283704400175559 -0.264311883169508
0.11832944880027 -0.23151101609562 -0.269551548500232 -0.00448390582862002
-0.010030952964436 -0.210194053139098 -0.138127024975689 0.0650858503507911
-0.0436060461111833 -0.175599048581463 0.00159851871543848 0.0354522012494772
-0.0346054834345799 -0.17861310637629 0.101386301087064 -0.0142888772782929
0.0260051445983169 -0.251670606410179 0.231550408453087 -0.000476110046160414
0.176816920647028 -0.238393147081942 0.305281724801796 0.122973668582538
0.303654722979377 -0.0694270862593936 0.109831909244043 0.345900182175475
0.305417130360143 0.236426324514422 -0.200582718025345 0.333248658988558
0.00222885382291997 0.46544770047774 -0.33746841146527 0.0970471842712935
-0.333252515194005 0.434578091665296 -0.117902587044946 -0.0619443483894776
-0.425758464630766 0.176443859042828 0.249581629228562 -0.173934804913367
-0.312446963705626 0.31770419702174 0.432726014868435 0.0587389842744138
-0.0518368183206295 0.391310379344796 0.52022057851511 -0.236814961967059
0.242287226324753 0.212226064600686 0.19876186782842 -0.444039724125848
0.274736135084208 -0.0619195534162761 -0.128684480977385 -0.337503714355979
0.131252142325371 -0.220398511198437 -0.217350974556668 -0.125732002644864
-0.00531177374157817 -0.212680937516101 -0.150624738295993 -0.0316450499200792
-0.0453127943622954 -0.170851535808142 -0.0164377433984591 -0.0379115688254206
-0.0403973139890096 -0.169306394978796 0.0821192917328883 -0.0856095634712665
0.0240661976168807 -0.236445746257013 0.229237620116971 -0.0806886504371068
0.169219906380133 -0.227062103524942 0.343756253972392 0.0384966619830915
0.290371129217211 -0.0640780260562196 0.198509050693222 0.297720966225035
0.266816404363958 0.232202032281887 -0.118031441140542 0.328280828943458
-0.0404754555822535 0.410966015405765 -0.283685354084376 0.0961585204946139
-0.319062295494918 0.330424094480787 -0.00622128673706257 -0.140202968017739
-0.331098046092965 0.0541242979730228 0.403136857587069 -0.20726081736023
-0.298396681715444 0.18641813952409 0.470240319067976 0.0634660658337501
-0.108223010105208 0.294709740502152 0.538904170551857 -0.129719223689131
0.159599836059342 0.193727838813989 0.316208786577014 -0.343420539597207
0.216011707919927 -0.0265454798676668 0.0121152381389159 -0.366182745961553
0.114045110929625 -0.16971747519503 -0.158050952759575 -0.22529484098205
-0.00124429829018018 -0.177633925786172 -0.153785133783082 -0.120037181944968
-0.0399472326021404 -0.14040474620232 -0.0306518948684457 -0.104533408000038
-0.0408325139026776 -0.139502577449134 0.0685574024749365 -0.1481659938587
0.0200410301046456 -0.196920181140587 0.227671074844627 -0.141903301675591
0.152318024372686 -0.1856622713267 0.364168728278411 -0.0274348370561728
0.253404664940176 -0.0402592220811465 0.257949766684114 0.256338032721868
0.192444285289534 0.226186205372481 -0.0561465063983799 0.313222807093782
-0.0938624991598758 0.317295057365493 -0.23108047904058 0.0894105201140208
-0.278752962797263 0.185208853953139 0.0888119973200307 -0.189865002128518
-0.168233042474789 -0.0554620082561084 0.476028647353557 -0.229257838755007
-0.201431038435608 0.0506843836275117 0.479390704540505 0.0500445146402151
-0.0977294269629519 0.152207604538139 0.52270985788611 -0.0751967064693605
0.0736429204706892 0.116970127761056 0.366557618743586 -0.27837649510752
0.118492197220592 -0.00763730626869687 0.0796575565477137 -0.377085686553654
0.0669194656127538 -0.0986962751853094 -0.130631443442652 -0.281466893304071
-0.00393014813037322 -0.111389850348019 -0.16069479126374 -0.174374106700709
-0.031939689802739 -0.0881522551410411 -0.0456501511687515 -0.152325016300922
-0.0398351209736322 -0.0930910417090292 0.0540230008477833 -0.196324053733843
0.00595237503399908 -0.138623645648605 0.224478050314077 -0.192993719586305
0.112865980399709 -0.134401951562454 0.377524022991245 -0.0627575253410084
0.200038169839177 -0.00940634624798748 0.290691958260369 0.239574794081618
0.1018151448651 0.206477051722623 -0.0244254771297951 0.304607379935888
-0.1401832798886 0.197401644563301 -0.19092625761631 0.0811199577128318
-0.21395446157818 0.0191895396265353 0.163196662306387 -0.204381702306748
0.115409338174365 0.118654503221311 -0.248808082292922 0.298901209838755
0.117535508315805 -0.0697897465380744 0.257369686275195 0.0719488384933585
-0.0177818478938495 -0.124756622679649 0.0802477326907511 -0.341392339571167
-0.0918014481154137 -0.00167072190890798 -0.335514460587699 -0.331521520663605
-0.0346496277298351 0.0514563853642717 -0.453069683261187 0.0678054849827641
0.0026846680802076 0.0575609869229023 -0.252856667066021 0.268091754289995
0.0278757526304645 0.040917564160449 -0.0819991752432138 0.261279207705118
0.0201810998539308 0.0168851147605128 0.0479998006333287 0.212714818160586
-0.000100393256422681 0.0123366111235319 0.135708573647558 0.210092707220981
-0.0215663999172487 0.00363927526080484 0.125884136701921 0.285347176604965
-0.0077135638076125 -0.00772676124381077 -0.0755723857086318 0.36647660662967
0.0134289982496205 -0.0210168558842722 -0.369638945641058 0.27767230421155
0.0744028679092969 -0.0157503376505452 -0.490453559264765 0.0654045431817194
0.089182248888785 0.0954796760101402 -0.533814384483314 -0.0772262564633002
0.00220789072470959 0.215026489707193 -0.537805664176699 0.184915127107516
-0.0228109988246711 0.248596569573206 -0.267381421083373 0.229884629286922
0.093181357528874 0.0797313569363774 0.25553793681047 0.0831853420226682
0.0578371376113149 -0.0257800047700022 0.127323430501479 -0.374116636522134
0.006925062844843 -0.00742537292220821 -0.324935652626199 -0.381651313434595
0.0343239059153191 -0.017859664816734 -0.47594324270984 0.0335856350998036
0.0193014946343099 -0.0311449824732042 -0.27578671456543 0.26259701230556
0.00953621308208889 -0.0321850108078352 -0.086786638648873 0.256939617884325
0.000997535349596007 -0.0544661214104348 0.047518304471828 0.20355765531501
-0.00472832377168792 -0.0681285315682056 0.138977920337538 0.184813338367167
0.0118272007340133 -0.0994435729948827 0.162930616410923 0.250344367923088
0.0903633665707703 -0.0702046058444376 0.0107667047393192 0.357310426646005
0.12799560349079 0.0243537368087383 -0.300270123073968 0.332968793031888
0.113451393187833 0.131332395137744 -0.468895826957618 0.141353134767685
0.0053465987 0.261343663135049 -0.496435492248817 -0.0258214711890792
-0.167580859938727 0.343085005212714 -0.472765224455551 0.165072488923903
-0.185617040069545 0.332462706844089 -0.219986663572813 0.130358032677617
0.019380504297911 0.236734523646566 0.283588662381186 0.088162832890596
0.111241459165955 0.1195701750657 0.219430897523463 -0.406589297077439
0.12792971164888 0.016806132654791 -0.269831639681869 -0.456451807000938
0.121586412356771 -0.0802393499179815 -0.474217151582561 -0.0414203733696742
0.0461706705289953 -0.124554415132327 -0.295702323238064 0.216283049390674
-0.00645400434299414 -0.108392847974462 -0.100361330196026 0.223361296449226
-0.0195403621590645 -0.116563620709095 0.0387921686620834 0.167172104971251
-0.0156543236664143 -0.132332748276385 0.135747143815313 0.131635624397843
0.0234535572007426 -0.186709694676291 0.204672071444184 0.179110338711549
0.151035252489498 -0.149835536864079 0.13174138754822 0.308559677215973
0.230532957648513 0.00593333690947921 -0.16970066913566 0.386392303793733
0.203662195950274 0.21807992157329 -0.407083497581629 0.245090580659027
-0.00845534044453874 0.402497463732593 -0.452493444229159 0.0401847557828466
-0.277024210036252 0.448572606996862 -0.365705874672595 0.116141820271975
-0.317411839207218 0.365804304112808 -0.103306658023682 0.0182182484050839
-0.0796954285689124 0.367198000845557 0.337127099492479 0.062537079538802
0.128805504618386 0.275466093363648 0.317593893249074 -0.426366042607101
0.242848934324769 0.065689911850727 -0.1787971132342 -0.512104811723682
0.207291965384379 -0.128095497524594 -0.428061582929004 -0.127524618715183
0.0683117133731323 -0.207015855724271 -0.293036660988794 0.143211458179366
-0.026166554620161 -0.173784871274497 -0.111002154501782 0.166490983814173
-0.0466179078895863 -0.158007795779263 0.0284224873875519 0.107954042138841
-0.038310984536514 -0.169196322779731 0.126634294708588 0.0532733907191596
0.00859691734185786 -0.243001272252741 0.235598010169614 0.0737642641912863
0.161501693936243 -0.227818217460164 0.254527920039822 0.205726378160979
0.290284785180909 -0.061127832168321 0.00834002266382532 0.39550775008153
0.302981460364376 0.226102134814754 -0.288935595556128 0.338125441400782
0.0370990330145015 0.478034612849105 -0.395487272553625 0.107981771903992
-0.300437915944216 0.507030231940061 -0.241904969139959 0.0454435192470365
-0.42193401358361 0.307722827142726 0.0635333799537802 -0.1010693372207
-0.217928037770829 0.407565940403682 0.393036466878625 0.0551348991293666
0.062375639995886 0.396497968872653 0.446467545820395 -0.368023843724227
0.292484939336002 0.153158680084607 0.0091922364361866 -0.529511459243971
0.274392142088321 -0.11771385595136 -0.30754968034884 -0.256927717301904
0.105572004217027 -0.243851458661061 -0.277138620905802 0.0107224185684545
-0.0235554564606279 -0.214810138859697 -0.139185161613798 0.074714868162842
-0.0528709164454162 -0.178779219822993 0.00252767807313772 0.036717421348424
-0.0449051179406579 -0.182158448867917 0.101142833400533 -0.019086822060437
0.0105774803749363 -0.261523146360844 0.236732791752351 -0.0152265086315366
0.166677417824633 -0.256110498671459 0.319173414453998 0.104956153990218
0.307963171586657 -0.0893979565549142 0.131989694069643 0.352824092184593
0.324729168001087 0.228014942491969 -0.189040806200335 0.359066439385434
0.0262970807103089 0.480511087917911 -0.341844522010458 0.119307398887315
-0.31966063685532 0.467585109016645 -0.123241867426129 -0.0567737085288749
-0.427211417495216 0.20243244710498 0.247768494351179 -0.187814655119393
-0.303490036190901 0.342551317434431 0.449775112880962 0.0453446657919875
-0.0323773133387629 0.407092025783847 0.52346781090553 -0.26937735182872
0.261713481886276 0.204550931240139 0.183017572603076 -0.469882235691468
0.279147216833017 -0.0812690793460373 -0.151576014252965 -0.340207463964188
0.119323030650266 -0.233286333309849 -0.230685525163229 -0.116761993467526
-0.0197680333145747 -0.21852101481608 -0.156003503506016 -0.02443523184247
-0.0539852786100908 -0.172565588100533 -0.0197330406270265 -0.0388513163779051
-0.0494967619250004 -0.170485871469157 0.0783709064079327 -0.0913491800139135
0.0096268504413918 -0.246413462939478 0.230209558939707 -0.0968902076524481
0.160314701237926 -0.244104338397416 0.353686162242454 0.0147985653690169
0.29456754973687 -0.0840221960839707 0.221674115051589 0.29838521003773
0.285549980234691 0.225661155872519 -0.104166080457079 0.349367871603137
-0.0191642382974886 0.424395519369692 -0.286643028209975 0.115405547242026
-0.310810072284224 0.359360323116448 -0.0130572430496996 -0.144630940011149
-0.335319840389984 0.0715608840924221 0.403184024811885 -0.230999955426352
-0.295279714090658 0.207385190306933 0.487788505933082 0.0474982192073531
-0.0967308491803513 0.310638725669493 0.54876256486244 -0.159522233779395
0.176274056620611 0.189787517155002 0.309415855865089 -0.369786704276274
0.221033438250616 -0.0409601738788934 -0.00696458991006283 -0.377837174478105
0.10401456313646 -0.179882068103721 -0.176116099707645 -0.222792716874574
-0.0130879011065746 -0.181937914668069 -0.165508433108074 -0.114595945173986
-0.0464219778425006 -0.142218864525944 -0.0380114576210264 -0.10711623807477
-0.0476440994898384 -0.13961079085253 0.060648118759325 -0.154940842558185
0.00812298353113181 -0.203566931938467 0.225685965721253 -0.160088803689507
0.144162392583008 -0.200657526003716 0.372055605682649 -0.0519125133787261
0.25812447232774 -0.0567441381241434 0.279956834076275 0.250577142452622
0.20890906013183 0.223260834926141 -0.0412466733923953 0.3303157469476
-0.0792377877588534 0.331788510705122 -0.231425091227474 0.105270722082283
-0.276308567714126 0.20732067432753 0.0800613409209944 -0.200155599895564
-0.174192186476027 -0.0490646465818529 0.476789061313387 -0.257282410333885
-0.201558345638169 0.0624035828467562 0.496332416907963 0.0305802010056114
-0.0921678246892032 0.1624992880212 0.535293620779907 -0.101813345212525
0.0821416029553839 0.115057403163234 0.364126888140689 -0.305860124549671
0.12120726015825 -0.0161987704983657 0.0608165496113528 -0.392288735255669
0.0603617855465705 -0.104057175893172 -0.151415932109117 -0.281976468601142
-0.0122580708376118 -0.113591459690588 -0.17688556789478 -0.169862157442025
-0.0358186918124612 -0.0883753741698494 -0.0563978818736074 -0.156051601739779
-0.0441341569604224 -0.0913689816246314 0.0433260341428647 -0.204887073656092
-0.00224145520711355 -0.142031964070396 0.219205945682242 -0.213118656602798
0.107401184397023 -0.145030549124364 0.384038886061717 -0.0882441259130739
0.204797404335943 -0.0217827510377662 0.312930859001109 0.231603361778618
0.115237712900506 0.207698110112321 -0.00981159509228665 0.3190705501731
-0.132838770905966 0.21024365051726 -0.191577931739082 0.0949897189160829
-0.219197671835294 0.0320183553132545 0.154797836526681 -0.219550760175683
0.125151098862011 0.108535961271821 -0.220348975725711 0.320278495720075
0.111302973882688 -0.0795554694213145 0.269200170944253 0.0517827435474647
-0.0270170830960247 -0.12328119292068 0.0573170634264346 -0.348447932054341
-0.0917859573738823 0.00549716125143814 -0.363911692923404 -0.306025757823083
-0.0301592709550872 0.0528742372174493 -0.449772325885146 0.103931542119734
0.00903688372648189 0.0571413339865688 -0.232139374730848 0.288640026388639
0.0314012876384385 0.0379604340676276 -0.0613764154635842 0.270355468993723
0.0217409621174753 0.0132937082271031 0.0656198339749687 0.211791516186388
0.000722047160077706 0.011991093564168 0.153743876167298 0.200096840762186
-0.0217924803520972 0.0050207544283024 0.147586641114887 0.275066749081092
-0.00764428134436104 -0.00852444076317473 -0.0480588785888031 0.375237384360221
0.0120975864648943 -0.0219075362157436 -0.349434130120718 0.307837685721688
0.0720988722090799 -0.0199644068629179 -0.488261016907369 0.0989502018727242
0.0946248847933552 0.0895744495245027 -0.54313693450326 -0.0418393448498298
0.0189256466914466 0.214731229911948 -0.52467123021812 0.221830234227417
-0.00319032262493692 0.247879764726443 -0.243069001402072 0.253914626477755
0.0987282862085574 0.0710493148938543 0.268246512227769 0.0663027647292125
0.055047029119678 -0.0308193141683488 0.100738300639007 -0.384418837257962
0.00619027980391269 -0.00807334955660419 -0.355105176834996 -0.358415654444137
0.0319683110229945 -0.0219407295748338 -0.474288410468611 0.0719536326522576
0.0175828569046388 -0.0324046276935561 -0.253933104146592 0.284006056306154
0.00762898823682802 -0.0328819405144012 -0.0665115053316675 0.265530093623124
-0.00374052377105257 -0.0561094007346761 0.0639602304231256 0.201612331655043
-0.0115979745460791 -0.0689744138281393 0.154302902131244 0.175264563896085
0.00294552077110806 -0.100554775496729 0.182501413637351 0.237603508802675
0.0849823090173096 -0.0784116960490718 0.0369720349062314 0.357453238010758
0.130313148176024 0.0135417707930678 -0.276308933511191 0.35823665214432
0.122105373645236 0.124701421671196 -0.458579777453882 0.175800947957908
0.0221783403450512 0.262306104077209 -0.500791344901858 0.0102876015368909
-0.142336203034156 0.356958999255016 -0.458694555536857 0.199765269974238
-0.158569905241181 0.343586627064362 -0.206310109592763 0.153093716663944
0.0361586660282261 0.233780854487915 0.297564482487196 0.0705999537162556
0.118975001170477 0.111798946879158 0.190399052988314 -0.423475966862191
0.129239681862358 0.00675449247215862 -0.305633014069202 -0.436774768134811
0.114499504783087 -0.0916443742239662 -0.477822168545151 -0.00354049374190183
0.0352839251131853 -0.127497445790563 -0.278474753284708 0.24041481113743
-0.0151910418104139 -0.107263486471024 -0.0834788314162776 0.231668058082315
-0.0282541105103304 -0.116308808447856 0.0520555879303365 0.166090304406436
-0.0270893521052808 -0.131873613004744 0.14610255799451 0.121906367966324
0.00743597597843747 -0.188906522877578 0.217964100902742 0.162342316987448
0.138687143848663 -0.163149368462556 0.154606528826756 0.297723362829001
0.231003900796676 -0.0129055475998931 -0.140347569441621 0.403071721042713
0.219196251822548 0.204131246936962 -0.389285281993967 0.27770699169335
0.0207656422662811 0.40304308852553 -0.450835162271817 0.0733727971189021
-0.242459899034209 0.469012521656925 -0.354531613122782 0.143372723288751
-0.287782638467782 0.388062601690762 -0.0987306705580348 0.0313513022979496
-0.0523472839211685 0.370453188826089 0.346771810776948 0.0437062708359626
0.149072658090427 0.26674755993744 0.287551991761682 -0.45134258635547
0.247602110118206 0.0461529826480786 -0.218382800724774 -0.499336494758356
0.195618996196076 -0.145779238834189 -0.437947339875647 -0.0938378834830613
0.0501707890530802 -0.210819753355515 -0.281365055100922 0.166884950322566
-0.0407413162518915 -0.170594141764022 -0.0986423201796763 0.174454371620152
-0.058073289951767 -0.155368267115162 0.0370222991774516 0.106823673687108
-0.0518989796708205 -0.166834043383362 0.129401965336014 0.0448679074966839
-0.0135364011744946 -0.244253285616154 0.240111293059944 0.0541105045799889
0.142378466053267 -0.243161780687854 0.267757930025903 0.182611863845425
0.284439022516308 -0.0855117375646558 0.0395868332966538 0.398273082751475
0.318850365207693 0.204588649213627 -0.262746469270885 0.364594979247203
0.0719656819547277 0.474913781147402 -0.38752111184752 0.139176035306928
-0.260231697738758 0.532666160222042 -0.235530171262881 0.0632796459659123
-0.398578156660996 0.337206903119784 0.0576711273664614 -0.100329470124429
-0.185430960946892 0.42316262837307 0.401299603975686 0.0325153886573237
0.092697408971285 0.392394543043616 0.418216722796591 -0.401528049499341
0.305572004682452 0.129261277267579 -0.0304856380589385 -0.531047150324133
0.263739829836918 -0.140753582239909 -0.327466586034222 -0.233046902360524
0.0832996329382647 -0.250744388891312 -0.275826184025748 0.0332636409821876
-0.0417883559891373 -0.211403810435242 -0.132859564597491 0.085293685811763
-0.0648051370617516 -0.17564279927875 0.00472764140889417 0.036448491495963
-0.0580146522549023 -0.178478672959081 0.0990876191969382 -0.0255869017080578
-0.0131243184148106 -0.262989165254651 0.23468038457918 -0.0348961221419857
0.145799918835531 -0.270894338841589 0.323953665138913 0.0756369665654722
0.299830536437376 -0.114611255870526 0.161540042685638 0.344668906640561
0.340667292091469 0.203629684041085 -0.160241873684405 0.377868197066209
0.062985932796588 0.479152998430929 -0.331014818345476 0.146713978042247
-0.283144161225458 0.494408323522513 -0.125728437173535 -0.0483147140801816
-0.411990857082237 0.231087170666267 0.23438208363104 -0.200585922826401
-0.274660218165069 0.363997650782029 0.455617860458115 0.0189414578126357
-0.00264723685474794 0.411095617545586 0.504721890413585 -0.307749841754902
0.278330369499604 0.182628940651996 0.149055260350306 -0.482721292800074
0.271507252879532 -0.1049900148364 -0.17760425609013 -0.328872317734239
0.097776433073367 -0.240874033011503 -0.239721313226707 -0.0983206341435688
-0.0381471092026183 -0.215097286046551 -0.15900989502694 -0.0124166305449536
-0.0652710639415587 -0.169490776003951 -0.0240803936823993 -0.0372323527116116
-0.0607394401573179 -0.166069536284962 0.0700346868977214 -0.0968352697501871
-0.0120905199350173 -0.246618712601652 0.221257479805106 -0.116799391966006
0.139493037557543 -0.25803056547643 0.352852477923388 -0.0156900197650284
0.286450375212087 -0.107689159941249 0.245476931482391 0.282895757971367
0.301744344509 0.205664781494916 -0.0764870402007608 0.363291244871194
0.0138289597838391 0.426583400698539 -0.276312505313702 0.138874174184609
-0.281453470524434 0.3845407503438 -0.0231420299933732 -0.144170713810857
-0.328564238342406 0.0951202923175692 0.385866134401223 -0.25743275273173
-0.277618283182758 0.22831039930819 0.493279008069936 0.0166974781379388
-0.0724970877627534 0.319250165940684 0.537319829749713 -0.200166291972596
0.191319170764726 0.174747326184921 0.284550369408971 -0.393808954673679
0.216963933920929 -0.060149519802106 -0.0361233159887741 -0.37740125887974
0.0871608245242018 -0.186886077978277 -0.193812243592036 -0.208107083152365
-0.0295130511640861 -0.179344610516052 -0.175636456696745 -0.101660888704816
-0.0550043557201368 -0.13912351051588 -0.0480182842051767 -0.104674302100153
-0.0562231608596025 -0.134822141297017 0.0475809186153477 -0.159151045379342
-0.00919257684174447 -0.204693931870911 0.211391013930024 -0.179891122393081
0.127164983268596 -0.21289669395127 0.366488249946252 -0.0848472601335168
0.252114854043603 -0.0788089918191415 0.301037711955896 0.230677244187149
0.225711352947583 0.208244591079008 -0.0159128366340666 0.33895111766193
-0.0534581442724285 0.337584582710811 -0.222018719088126 0.124395697987535
-0.259548357482476 0.230017991728013 0.0642668547814578 -0.207101942018262
-0.175739365625691 -0.0371574869027053 0.457270414414311 -0.290897824978257
-0.194213134317843 0.0758839965276196 0.498773685237383 -0.00199995300999292
-0.0788566821778341 0.170252563251271 0.527810011461345 -0.141793670226901
0.0909785515781347 0.107721224126606 0.342689858411662 -0.334333627012207
0.119273733300037 -0.0269726861001286 0.0305314612876109 -0.398026623174917
0.0498306763579432 -0.106996218783403 -0.174441687412374 -0.26923493202141
-0.0225966389424459 -0.11131089198703 -0.190990715883952 -0.155319471018883
-0.0405752937040288 -0.0859439755244146 -0.0704848438402561 -0.152199495213668
-0.0489762043154099 -0.0863931387220695 0.0264792571660241 -0.207211673508128
-0.0139494627696844 -0.141521476077059 0.202004219467088 -0.231968178758368
0.0943619674879975 -0.153874050743829 0.374736288239426 -0.12183558274976
0.201851611623837 -0.0387638583442574 0.332037470818619 0.208586869414954
0.131389201475366 0.198935200786237 0.0147171036882852 0.323038925568598
-0.116777391722625 0.220105530157295 -0.184254049375197 0.109014148262926
-0.21572552392024 0.0505415789948112 0.13537332424748 -0.230581221895934
0.126892924957069 0.0938855499692 -0.185158323663106 0.323937266396072
0.10037264755901 -0.0850448360022854 0.267884232962984 0.0308478766214213
-0.0348848673770204 -0.117561918985915 0.0348419513186713 -0.34074305269497
-0.0877266040882912 0.0120988827996042 -0.373541842148291 -0.269584582905713
-0.0258091763482776 0.0521198200245718 -0.428722031808575 0.132811748108896
0.0139630766982846 0.0537990748693861 -0.203098799077061 0.293716869607328
0.0338565969504156 0.0331534253440803 -0.0399926235278777 0.266574663559923
0.0207429596806465 0.0094844340198006 0.0794126760841475 0.200299755471813
0.000838192329062311 0.010500759277924 0.163240126092079 0.183106635613569
-0.0201267845518921 0.00647212727688234 0.161376825721832 0.255694204417923
-0.00657865396161178 -0.00830330590932161 -0.0214178813418709 0.3668483287013
0.0102645174846093 -0.0217625456333819 -0.316983589185457 0.321470038451739
0.0666692137656296 -0.02287307140828 -0.464188111717898 0.123835176261556
0.0946211069119048 0.0815392774952381 -0.526217463021973 -0.00589169514552306
0.0315699492518987 0.205398071184773 -0.489499568126895 0.247546793574255
0.0131533757101931 0.236663481044469 -0.211443473280547 0.263630546769157
0.0983976383557711 0.0607037318087518 0.269248838741434 0.0459334435845425
0.0496989613339639 -0.033265396547757 0.0750562828830077 -0.377581657212754
0.00569148019196983 -0.00836932236991131 -0.368589993477441 -0.320428907735047
0.028502791612641 -0.0244594347468809 -0.454239586589396 0.102145539434799
0.015258263429073 -0.0327103663216918 -0.224585373220314 0.291462302848675
0.00531046990293425 -0.032684173144597 -0.0457970093219075 0.261737448576622
-0.00767397561474898 -0.0555039989339692 0.0768390822188654 0.191403818858335
-0.0167005446020274 -0.0663292314354674 0.161540174116203 0.159022909996289
-0.00561055323715994 -0.0975047744828381 0.191860478396357 0.216121432239931
0.0772076163038584 -0.082802785930327 0.058920913990121 0.342902011919826
0.126318122678752 0.00395127598250499 -0.242449399917366 0.365652235131339
0.125025124656136 0.114112672678893 -0.431763594216538 0.199200357143932
0.0361366738298834 0.252914435239714 -0.483771681516251 0.0409190756630723
-0.113394953663325 0.353392619226454 -0.428248755895133 0.220237882555153
-0.130161192136037 0.338452098872779 -0.182950352704781 0.164271091634077
0.0493988232413549 0.221236347615185 0.296497817179946 0.0509944449453973
0.120979556018609 0.0994386292418048 0.158171818281592 -0.420999824846475
0.124348323884212 -0.00230338955186413 -0.323838252083411 -0.402015100212347
0.102100870073515 -0.0976854163831029 -0.460849931295579 0.0293187674319502
0.0244487266270568 -0.125115909715173 -0.250959065846338 0.25034548641031
-0.0213809302647949 -0.102358050156741 -0.064803604267069 0.228970189169043
-0.035646024023826 -0.111887138645404 0.0616769046743336 0.157517994491252
-0.0357095088531331 -0.126141849720644 0.149344369924613 0.109085413820592
-0.00835222571141432 -0.182448765504666 0.220444685362097 0.140862459402734
0.121695402434408 -0.168828683806818 0.166759564795257 0.275324024242293
0.221488879666955 -0.0287008328689833 -0.108229497969562 0.399847646782467
0.223614990710565 0.184828934462275 -0.356142508408845 0.294517491150904
0.0446179447696548 0.388148813936645 -0.429917001834879 0.101038665001431
-0.200932327402115 0.46888624315298 -0.329279017157833 0.159548437024512
-0.252135831448581 0.389679267958053 -0.0889282875906605 0.0419345098581948
-0.0266651568432482 0.35822682045928 0.342961573320995 0.0234622699026825
0.160153734669071 0.246708915845087 0.248563640222097 -0.452783060621673
0.241125598289271 0.0271978337014841 -0.243201980713995 -0.46825008850772
0.176651198366496 -0.155582645190787 -0.428647205130206 -0.0598993109557361
0.0321926370583213 -0.205699429047945 -0.25911597132577 0.179649476905048
-0.050944190907118 -0.160340164182673 -0.0825859449600935 0.174368468176139
-0.065675807104381 -0.147752196453838 0.0425171785908518 0.100616436275219
-0.0615047132556531 -0.157736543590181 0.127715537183998 0.0358891188901752
-0.0329114875698413 -0.234638556528752 0.234068962906009 0.03519531563403
0.118328805868943 -0.245705368196578 0.267028046885082 0.157040424728434
0.266802400659346 -0.10239725114358 0.0651376944283184 0.383317100695716
0.31891424942799 0.178241745059573 -0.22807055783813 0.371356295678919
0.100298560810096 0.454218709366724 -0.362780439972221 0.159509833797744
-0.21416480494146 0.53072785723344 -0.220694575284505 0.075705265552072
-0.361330746999018 0.347918762998606 0.0511542822776937 -0.0951552504617717
-0.15039155303102 0.416617281890897 0.392859970735304 0.0108422197926749
0.115000756802903 0.372792589304995 0.378568520212501 -0.413777733758889
0.30236124356918 0.102331065294113 -0.0629825669951207 -0.511241764880344
0.24259102509218 -0.155577603924715 -0.329809674908366 -0.203000010075044
0.0611597146395518 -0.245257430968585 -0.263225550897855 0.0514165073976382
-0.0549053759532721 -0.199699920765508 -0.123181545411009 0.0905304506338432
-0.07272693800073 -0.166007019578377 0.00643735202076315 0.0353725817343031
-0.0671702780323108 -0.167986247564875 0.0931604199161735 -0.0304682002912976
-0.0337798123972251 -0.252436599016487 0.222662230380516 -0.0506486783438363
0.118804841763324 -0.272943153508131 0.313189783411768 0.0492908224620175
0.278514529309052 -0.132007835100905 0.179529089490249 0.323595433621912
0.340477445335176 0.17493882104992 -0.128142768778318 0.378874495708949
0.0927083117755443 0.458015576713713 -0.308480170307974 0.163016978661094
-0.237853894660076 0.496746708280499 -0.122619142926971 -0.0398971076015313
-0.380775812898162 0.246479656174423 0.213382476861153 -0.204014161203755
-0.240704630767932 0.367074217976116 0.443186793610539 -0.0056064982046828
0.0255487079852481 0.397760291490998 0.465985148342915 -0.329042033040268
0.280440302689844 0.156677325685873 0.113740988206199 -0.476588599498795
0.253435759943108 -0.122070165113721 -0.191809105472217 -0.30459912420001
0.0749273352506849 -0.23716925622637 -0.237541600261323 -0.0773194547948543
-0.0526532176046367 -0.202934164790155 -0.15498581083145 -0.00104455116692253
-0.0723679313551653 -0.159974852877565 -0.0268375247180716 -0.0346752565431843
-0.0685772923865034 -0.155707382169393 0.0599509163976741 -0.096482224201308
-0.0312844807810223 -0.237110492656705 0.204297097198548 -0.128040092451932
0.113691397627164 -0.259589486449098 0.335017385561315 -0.0414098204768732
0.266508213710799 -0.124120758430234 0.257556093213742 0.257856988827593
0.304493274402808 0.178911502496217 -0.0471523842399773 0.357799758675465
0.0424588712310803 0.410192518650884 -0.255546115263775 0.151233142992309
-0.243544932671524 0.389604498005032 -0.0315667536484638 -0.138600201893397
-0.30945417144066 0.109740440936398 0.354715339379162 -0.267914937788112
-0.251117740555771 0.23522997373517 0.478144741944794 -0.0103911649883339
-0.0479759286351646 0.31311328042063 0.503810810104375 -0.226576809617998
0.195504842897379 0.153823270968783 0.251307747635013 -0.397665067389303
0.2033183105842 -0.074887709963567 -0.0588800818722107 -0.36185119412202
0.0687154088289386 -0.184215568550285 -0.201846444452071 -0.186167854868628
-0.0415971704090626 -0.168530066847212 -0.177473366865844 -0.085014057526647
-0.0606342789615142 -0.131286688980769 -0.0541857166457386 -0.0985698755201469
-0.0615395328643437 -0.125777997922802 0.0339480532791801 -0.156192877963242
-0.0243136428868908 -0.195506814393528 0.190121491849599 -0.188930262304545
0.106065985785926 -0.215143663686041 0.343495831375008 -0.109203665751129
0.235490640157487 -0.0937706928445819 0.306562217354707 0.203440443096795
0.231110159170814 0.186652315214523 0.00952410083521835 0.330255443448396
-0.0281550142851841 0.328458456561577 -0.204628080573946 0.133198021120041
-0.232989315466981 0.23926389297272 0.0473530117927276 -0.204530671371238
-0.171116463358014 -0.0263926755254896 0.421399043120055 -0.306858813534788
-0.17994141131132 0.0838909885685505 0.481330078266528 -0.0310844425006212
-0.0637427514592785 0.169465384410367 0.498607796680178 -0.169584839011833
0.0949036328872583 0.0965923586641901 0.312066389452256 -0.344768889391282
0.111625117382884 -0.0357526140505265 0.00316549275503335 -0.385353893211006
0.0387555855939312 -0.104709549520722 -0.188042266950998 -0.24639256986533
-0.0302603391651194 -0.103714064085137 -0.197055107924997 -0.135488328795027
-0.0435639018315968 -0.0805873397485079 -0.0799164352663231 -0.142507731921505
-0.0503010277575168 -0.0792397206597658 0.00974221801679886 -0.200835702526003
-0.0237355705363415 -0.134213421612752 0.176115042686825 -0.238278861634452
0.078330668259868 -0.155379886908781 0.351621392817108 -0.145014315298061
0.190233775592345 -0.0517762502287016 0.335301175066186 0.178390485389871
0.14086914850612 0.183541762862285 0.0367288960937283 0.313994166482472
-0.0971534532680903 0.21953318494154 -0.169614992966894 0.117710247430554
-0.203541358010294 0.062640840918371 0.11093289154116 -0.231466351034669
0.10692092214226 0.0983973055892376 -0.198246874748871 0.295044926543695
0.100765789495569 -0.0674392611612744 0.2594305385203 0.0544555914570464
-0.0193491471766329 -0.112294785219344 0.0733273840488196 -0.319484651250921
-0.0822460081676409 -0.00135421508564343 -0.319165942788026 -0.287661258031361
-0.031245773419377 0.0426047566655483 -0.412081423293109 0.0817826381893055
0.0089609068459295 0.0475142179661467 -0.218866872917167 0.257179105310418
0.0303931951535118 0.0332042461921 -0.0629190825139854 0.248780966412819
0.0185534950233786 0.00993646686628388 0.0560278454226373 0.199285788622783
-0.000481908383585445 0.00760090783551283 0.138465466877862 0.190933711631763
-0.0199039982493547 0.00179790772166164 0.128927803071838 0.259801502767193
-0.00284651279451284 -0.0112917094739517 -0.0592192260629566 0.351458513151606
0.0178942763659484 -0.0217211421455522 -0.339908169522959 0.27983838644811
0.0715466350591762 -0.00997239055617316 -0.464851116220131 0.0670682053576059
0.0834000852683304 0.0912830275506663 -0.514289031127158 -0.0632558414277411
0.0135931773907706 0.199841660138243 -0.506799771379218 0.181824068154436
-0.0132115623562193 0.217352172053598 -0.228866790063252 0.234658228453257
0.0821384546284844 0.0668428671107915 0.254229866686135 0.0748675285496547
0.0495635647294176 -0.0244064599942593 0.112461687526529 -0.343560972779901
0.00685909480865693 -0.00850882141252408 -0.308607740879343 -0.331391754120434
0.0290569659625527 -0.0217623184857545 -0.430730361400099 0.0543388578789238
0.0191862756807426 -0.0328347659985783 -0.235623591815978 0.25191621406466
0.0103609672769052 -0.0320909070561604 -0.0674485777145141 0.24269232066301
-0.00199648849622439 -0.0547680669232608 0.0530898096407716 0.189865763808069
-0.00896154039032608 -0.0674144563245591 0.138181469422791 0.169904565490321
0.0038963569089403 -0.0944071012531898 0.159355414549798 0.227875062786966
0.0829513843882649 -0.0740414079983137 0.015860645594996 0.337273644929461
0.125933501950837 0.0144458072943453 -0.275716096749167 0.33027677382043
0.113823102336974 0.125343519655286 -0.439931136165426 0.139309741424791
0.0103168430652746 0.247600390641365 -0.474158508518231 -0.0208913081338683
-0.141015339747758 0.3286901665584 -0.441402316979314 0.154560274048908
-0.157183817232095 0.296155408541187 -0.204505851878045 0.140670729289818
0.0189479093137664 0.208318080016006 0.271763096924978 0.0854714679640212
0.0994302514181797 0.107138413070261 0.187952885806732 -0.368425350056847
0.116760354930085 0.012084085152289 -0.259225699088022 -0.397810779239185
0.107397659729456 -0.0804261832443254 -0.427640778589295 -0.0111979231045552
0.0379927767703515 -0.116787660349458 -0.252676627967008 0.210722342189224
-0.00808693228182354 -0.0992025386056487 -0.0816650738541274 0.210488666091267
-0.0217834790548511 -0.111624062854561 0.0412393242573924 0.156557619128196
-0.0215736887168719 -0.126084717200744 0.130833841483379 0.121277136666459
0.00886295519470718 -0.175169873797325 0.192640577936142 0.161137803510019
0.133291323712783 -0.151246052601886 0.122371242517843 0.285991624320176
0.217981839140646 -0.00937234671748702 -0.151520316203418 0.378923311201217
0.201523172582562 0.200373195127914 -0.379413710819552 0.238342211213933
0.00554054170664149 0.376964336418019 -0.428295809440533 0.0362002975478612
-0.236033009221426 0.432464865605798 -0.338802856146475 0.0977101871803506
-0.274512918583597 0.329194384057088 -0.11316542600661 0.0303526959752389
-0.0660846836308303 0.325369771992693 0.30865847263952 0.0671954390899484
0.118715814506341 0.249349204924613 0.268455312967008 -0.384137257613542
0.222013473418254 0.0546626997489669 -0.179602753515742 -0.445081829240845
0.184103486391588 -0.126015318178989 -0.387016106842917 -0.0869857581747664
0.0531853048581085 -0.189857185875888 -0.250447026614875 0.143762354139337
-0.0305973439604265 -0.156284010030699 -0.0932386226248003 0.157873452773323
-0.0465875595540099 -0.149059556327041 0.0280710096539514 0.0999847394864295
-0.0416576765706468 -0.157663433569552 0.116887083246165 0.0512013898731116
-0.00905488821706093 -0.226509268866672 0.215576168445796 0.0632403664941508
0.136572212742933 -0.224256168917202 0.22939082432462 0.183579458116676
0.265541624134772 -0.0747516210684844 0.0172919402780773 0.38162211069465
0.29322398428808 0.20049298916425 -0.266917062073414 0.325871009767872
0.0531109175189662 0.442783123586712 -0.371544276200537 0.0970685886330838
-0.255680571029086 0.490924411676541 -0.224555835747952 0.0241722392470816
-0.370949362709814 0.281274125870659 0.0272165933445566 -0.0917140270056378
-0.187516001611996 0.365508183503957 0.350430081524371 0.0574234383244456
0.0616682995275906 0.36186932061291 0.377436285528168 -0.333421567761128
0.269862262835392 0.133169751709191 -0.0112065547045395 -0.465821369716612
0.247107995956319 -0.11681223724793 -0.284223302886641 -0.207771630430034
0.0851943471996776 -0.222661888768323 -0.241147609961924 0.0236919518639475
-0.0310845116463902 -0.193217528899353 -0.12382538025061 0.0751420090009012
-0.0511686921049517 -0.167525429168671 0.000288296562998641 0.0346122514341356
-0.0451807792781595 -0.167898953838889 0.0909781916617677 -0.0151127155116917
-0.00818219974185597 -0.243060770627725 0.212931594999823 -0.0194924133114138
0.139294085747312 -0.249212152547281 0.284557614750785 0.0857625203187142
0.278679116230968 -0.101985434419638 0.133370707067876 0.336974733485061
0.314121733281306 0.198530433511416 -0.171460981309181 0.344728264534734
0.0449548791954775 0.446459294197634 -0.319155216472074 0.106521788989278
-0.274600822589298 0.456088727720087 -0.117327682533117 -0.0777017180799352
-0.377668858852951 0.185671164726352 0.192549034216787 -0.181791098185911
-0.264372820702698 0.306960680192658 0.397409784331372 0.0420609624368438
-0.0229458083581669 0.373055575933229 0.447513766168218 -0.248489364636177
0.242937722599803 0.18114163851441 0.147046911342123 -0.416610773472105
0.252757016019922 -0.0828988432483112 -0.147087948831497 -0.289424693736237
0.0974961719140684 -0.212091314485891 -0.205785785458935 -0.0940443731588568
-0.0291527130422663 -0.195568287583187 -0.144593940351368 -0.013623357128108
-0.0521166734357749 -0.16210296186688 -0.0244013225871734 -0.0358598879937431
-0.0471212057125204 -0.15518563403439 0.0654671000639052 -0.0821341850411716
-0.00728130380657551 -0.227313892804661 0.20350740296897 -0.0956626681808826
0.131884077162129 -0.236666904799472 0.31463977792588 0.00028445020013864
0.263891124270752 -0.0959749564064491 0.216074601894041 0.279622318734611
0.277500230101245 0.197657489304425 -0.0901575661775645 0.334047302526957
0.00235358383258787 0.39595720350331 -0.263559556534493 0.101867778258977
-0.271181733204463 0.352271059392464 -0.0164499288737438 -0.159635479143355
-0.297453043335142 0.0669054086641938 0.339990939311413 -0.228804820389219
-0.257848247063213 0.185502924280725 0.433226971643461 0.0347196342092522
-0.0809180654075174 0.286232670292453 0.474658247111093 -0.156061019018551
0.164327100353784 0.168752228881056 0.264898112228178 -0.333160441315968
0.200108450696947 -0.044557996776807 -0.0190941488909293 -0.332974060819051
0.08549802343607 -0.161083923508739 -0.163939163841162 -0.192071518058149
-0.0222077308532667 -0.16192944342316 -0.158882785118949 -0.0941313701629042
-0.0434875022754903 -0.133182407197829 -0.0449727968279373 -0.0992517063662674
-0.0433049609864166 -0.125328847377338 0.0467945306624169 -0.141703187630838
-0.00514980914821818 -0.187035562675815 0.196955686708289 -0.155626810728452
0.118902043036772 -0.194553116749717 0.330369194274573 -0.0647201412535443
0.231088787869144 -0.0694062036423468 0.269151102706614 0.229965224505517
0.20673118235064 0.196682011780502 -0.0304578568172853 0.313427947662342
-0.0570279177435565 0.310625795226535 -0.210175639519914 0.0933525443980544
-0.24668979290446 0.208478568612177 0.06827867470069 -0.209701068451123
-0.154122899127754 -0.0443134878699882 0.416500971410851 -0.252847112481924
-0.174643043949909 0.0548717233323188 0.445147227017291 0.0150324991060156
-0.0784941647078814 0.150389482935892 0.469764695038028 -0.108626046386057
0.0768013632357055 0.10192640983545 0.31978723871736 -0.283321949413016
0.108744446248079 -0.019478824061711 0.0411695171012715 -0.352183022513052
0.0492096917441921 -0.0898519597533565 -0.148981422931437 -0.246605325669728
-0.018119008610903 -0.0987443673989568 -0.173326024872076 -0.143445127911183
-0.0318000121534023 -0.0822985584556099 -0.063779115686455 -0.14339255346082
-0.0386855915650815 -0.0794274792849671 0.0296860360993653 -0.188028421786002
-0.0100742552854417 -0.127738581465656 0.189624386028964 -0.205482141960837
0.0873239861394643 -0.139131368186323 0.343736802539101 -0.0999622666786312
0.181991698776944 -0.0341606568960661 0.300377204313991 0.207877571485902
0.120251371420028 0.184516725931145 -0.000858932416551981 0.300310741238331
-0.11219629317578 0.199355493388494 -0.17205375286418 0.0844999953208859
-0.202237261240269 0.0419548411117707 0.135226666790585 -0.221291169238477
0.102227749989685 0.0944482549162776 -0.187875105279253 0.283919089844286
0.0959107140795289 -0.0652120358470384 0.255792129821897 0.0521490078277626
-0.0190649185360736 -0.108590720480884 0.0762107966031554 -0.310855990551582
-0.0795143340258533 -0.000643653175688642 -0.309325307279428 -0.27909813644649
-0.0304454496986633 0.0407587784359124 -0.400377946837508 0.0798888975924845
0.00927912271105279 0.0454250589755408 -0.212598060727896 0.249522641217376
0.0305741931927797 0.030231070639456 -0.0601722125969019 0.242123231033472
0.0172011174947881 0.00793485545128942 0.0560229729963802 0.194553064755565
-0.00159971904649845 0.00676503621414352 0.136085392272321 0.185794292071714
-0.0192054211578154 0.0015898653368974 0.125273244724252 0.252183313062728
-0.00297309919888919 -0.0119661754270995 -0.0585551813826554 0.342319511583152
0.0181565848796672 -0.0202583327233007 -0.3316339551741 0.271247446674146
0.0686251748953919 -0.00837464422298456 -0.452572186512452 0.060448501266471
0.078924875190405 0.0900337197093024 -0.501645563212682 -0.0661181948218683
0.0126068752981279 0.1936860502538 -0.492419119154469 0.171706723913619
-0.014111268645536 0.208983429313673 -0.217438740149917 0.228295050286996
0.0775505684075739 0.064091823522865 0.250283238289245 0.073463938672412
0.0467685376029053 -0.0228371603285335 0.113266198433129 -0.332701493782262
0.00639550299845711 -0.00766203270090996 -0.298813548611135 -0.322519816937569
0.0269896373020439 -0.0221554794714712 -0.418031015394978 0.0528805947027365
0.0187210106800734 -0.0321553609786956 -0.228500709675533 0.244865745963786
0.0114022425475056 -0.0320918223605262 -0.066118587273453 0.236618858558451
-0.00238575168271282 -0.0550265029776238 0.0526770285254754 0.186148654128307
-0.00972884703288034 -0.0663342907233546 0.1348845158588 0.165087502383414
0.00307769023725085 -0.0920553644519063 0.155217998340882 0.221437563358645
0.0800695000076618 -0.0726264913638493 0.0144405454691276 0.328543209226999
0.12196366704144 0.0142641129269456 -0.269206425136895 0.321577804751318
0.109528078474241 0.123627204957495 -0.427909749639904 0.132460377199387
0.0072062716620919 0.241907085898887 -0.460638425451452 -0.0247833614927704
-0.136632529285304 0.318363805134946 -0.427147974332877 0.145427904392669
-0.153675024627292 0.284652546570137 -0.193610850118357 0.138174364894115
0.0160716570368404 0.200199956842801 0.268649094088381 0.0867444976244144
0.09493006674373 0.104713247258511 0.187145730915321 -0.356889550133278
0.113081565657016 0.0119721764599731 -0.249995779713028 -0.387113424283058
0.102901061380226 -0.0796665198842233 -0.415698578453875 -0.012278226103548
0.0363397045570896 -0.113268250888067 -0.244245849304301 0.204312910414735
-0.00627041166608085 -0.0971725459348032 -0.0804704049488929 0.204926034697594
-0.0207427430983831 -0.110028877172241 0.0413860396492151 0.152607540597565
-0.0206969808245081 -0.123111522970002 0.127583146054075 0.119184961645635
0.00695740577727946 -0.17052861336206 0.187392115358002 0.156067643478041
0.128420647472995 -0.148830689098058 0.11676004550277 0.27840711501641
0.210766816494396 -0.00800997187543994 -0.148134226991049 0.369152359056676
0.195085666154666 0.197339890844388 -0.368960312994941 0.229437310851353
0.00269506020838708 0.367450366123706 -0.416867177921483 0.0307495208358044
-0.228790079685541 0.418787219725725 -0.327570287117827 0.0918867488697713
-0.268683317481132 0.31600575593524 -0.105793514328313 0.0321892286962835
-0.0666886092900285 0.313367444112161 0.303257055542983 0.0700935661980893
0.114078317842668 0.24313821454679 0.263975841022377 -0.369982200977863
0.214574993726832 0.0534499063210451 -0.171948545472005 -0.43408309641058
0.177443359241675 -0.122600409725581 -0.375640070968395 -0.0865034029298652
0.0507627328563974 -0.183730364409937 -0.242393563311309 0.140084672485782
-0.0285720501587653 -0.151446823768543 -0.0923483138822298 0.152621277407655
-0.044635623896958 -0.146272629131594 0.0277250651472289 0.0977850921209164
-0.0404851959960943 -0.154051685536558 0.113470879044938 0.0503140265515483
-0.0111535662441075 -0.219528592588557 0.209541389503895 0.0617102635733788
0.129870449836865 -0.218973879650008 0.219571755021784 0.178618167023777
0.256779567180288 -0.072243090825327 0.0158927867960511 0.371944963933136
0.284220814677381 0.196706835694072 -0.259417982916269 0.315499454406265
0.0501779016012736 0.431709636794843 -0.362132939129191 0.0898563438708013
-0.245962507467945 0.475941712174069 -0.217271988825492 0.019524768533135
-0.361903532297991 0.267674515218091 0.0295704053590138 -0.0841107508598035
-0.183975623427202 0.35171996969749 0.342680469546597 0.062107047154651
0.0593944410354647 0.35145154487586 0.368887149707804 -0.320038744576318
0.261177794141191 0.129674151626522 -0.00780245701581365 -0.453060333653479
0.23846475294603 -0.11491755442114 -0.273401189415146 -0.202983436704788
0.080507584170593 -0.215079289450984 -0.233450542141077 0.0230057970186571
-0.0301261602025046 -0.186556240457301 -0.120777285743555 0.0728919066311291
-0.0485108503821921 -0.16521096114059 -0.000574819268237791 0.0337240916458749
-0.0430833430068427 -0.163947352490183 0.0874898046242065 -0.0132266838728938
-0.0107871761464367 -0.235460430799902 0.206795914313672 -0.0181726474756844
0.131873849400755 -0.243955396886808 0.272720941486156 0.0834148481262443
0.268240958840499 -0.0989716758787818 0.128909151771428 0.328018956427961
0.304903183743053 0.19451883645064 -0.166485053826259 0.3337682650141
0.0445932763352201 0.433868098879627 -0.310238102703412 0.0989396311500901
-0.266233369708658 0.439832084992692 -0.112486448401262 -0.0773759413740508
-0.368391954816432 0.175850773516264 0.18942739066361 -0.171129420186662
-0.258522250716999 0.29508984783693 0.387263417543629 0.0463246350001703
-0.0233922340228142 0.363703802505865 0.436354745266253 -0.237952969340816
0.234613711512208 0.176044044020986 0.145888249354685 -0.404467803307651
0.243683258104668 -0.0825844558280776 -0.14100185413713 -0.282073720465669
0.0930668787167219 -0.203841788576163 -0.199723739741024 -0.0909035559017577
-0.0279224016988807 -0.188202460823726 -0.141537384103324 -0.0123742041868839
-0.0481114793627017 -0.158915079721464 -0.0249896855057741 -0.0349529374402027
-0.044402415469115 -0.150744726967219 0.0635431010273586 -0.0788698917026038
-0.00862284063687734 -0.219934093462807 0.197118567066537 -0.0929604323461616
0.125141049979897 -0.231220742775686 0.302976779637165 2.363393538911E-05
0.254267101246281 -0.0927389532400371 0.209595153832679 0.272851598077964
0.269391756664302 0.192355975255609 -0.0877569227121811 0.325076633398318
0.00210412584731539 0.384253178207584 -0.257313348214946 0.0952951584767193
-0.261373728216294 0.342544540864869 -0.0159039175850967 -0.158130322350584
-0.289253240638033 0.0614538889133691 0.330565621561104 -0.216476270380703
-0.251250722670475 0.176902087390085 0.420386418915246 0.0391568360613178
-0.0784291937430207 0.277896444613666 0.461348978644899 -0.147461235172152
0.158193624069749 0.163875290545719 0.262101883440057 -0.323035863458398
0.19231358885542 -0.0449484832415224 -0.0159907678673226 -0.323873061949929
0.0816965333183639 -0.154903925477593 -0.159776112607242 -0.186004472197788
-0.0218848262680961 -0.155629872488263 -0.155288752063742 -0.0911320562165509
-0.0404130939401249 -0.129944436165143 -0.0447691140068206 -0.0971061738478944
-0.0395965172179908 -0.121374008830159 0.0443964674701033 -0.137111885480406
-0.00623558895137984 -0.180453524725204 0.189958555501866 -0.151312073266809
0.113317039236862 -0.189618283706305 0.318022051893452 -0.0637823630536702
0.221497444825019 -0.0671063182993185 0.261638532707395 0.223796295050029
0.200699917716572 0.191384396283025 -0.0298601681970751 0.305285317120498
-0.0550956355001967 0.3013917491759 -0.20538915352239 0.0866302729754347
-0.237895107791442 0.200993671440442 0.0650380573983053 -0.204417828283525
-0.1489272829375 -0.0456704534272402 0.404681815632765 -0.241885328307517
-0.169117431168915 0.050182028715985 0.431441111036075 0.018832267730242
-0.0756377352589501 0.145145879246817 0.456452963192593 -0.100533864616177
0.0737950340729366 0.0990759241242315 0.314777176855422 -0.274318535313585
0.103663856582418 -0.019647567577756 0.0422525169350367 -0.343353794329562
0.0462669200643541 -0.0853536480373772 -0.145305528939776 -0.239370267159026
-0.0186099869791504 -0.0945349868814184 -0.169911476900172 -0.138113857259231
-0.0302863396802891 -0.080982544884289 -0.0636444099179594 -0.13950577973801
-0.0347036663645776 -0.0764568006813627 0.0282358071201298 -0.181821877603038
-0.00995705799375097 -0.123281583853018 0.18236954703635 -0.199569122106893
0.0830097062570471 -0.134964524662874 0.332112801808217 -0.0979742813421181
0.175057963513486 -0.032876509919111 0.291390740061664 0.203630678657022
0.117074970040047 0.178898194173192 -0.00167074759310285 0.293581135741257
-0.108861028617227 0.193158729261468 -0.168268245210593 0.080448113118828
-0.195258560664739 0.0402337747980233 0.129177188063559 -0.213967925141261
0.100979236143411 0.0951777215526895 -0.188961086664762 0.283529777620937
0.0959612422988046 -0.0640190233669199 0.260819318036313 0.0550873932217716
-0.0185888355880125 -0.108958380737429 0.0837381586150926 -0.313673017419103
-0.0791092197294296 -0.000613811683037617 -0.308449726650126 -0.284369039867024
-0.0317870628473037 0.0400960959739241 -0.404135571501585 0.0779993805766049
0.00971967828579345 0.0444496515842604 -0.215966122288147 0.249017279774602
0.0308208409573665 0.0287465206347683 -0.062599737906483 0.245051367676902
0.0161905928061294 0.00678747527725589 0.0562046092365315 0.197802599906716
-0.00256532797819512 0.00608975995794223 0.136503098251708 0.188224577159184
-0.0194811332937831 0.00105105061970721 0.123939913091906 0.255310172090066
-0.00224963097303892 -0.0126502214726019 -0.063467312424409 0.346102063422892
0.0185523659707782 -0.0191738000801867 -0.339190839481033 0.270829157119229
0.0688998127003577 -0.00627454506651343 -0.458394496450287 0.0510374213253323
0.0778204864544492 0.0933020592471006 -0.505680198758846 -0.0746310388576498
0.00983718837981212 0.19438082464912 -0.497757086223825 0.163774918708662
-0.0176863194045088 0.208474699720632 -0.217362024055143 0.227134969436916
0.0754204462694801 0.0656326085166303 0.255698739247677 0.0779161145560581
0.0464073024025697 -0.0217392688032724 0.121464440796145 -0.334349400665036
0.00661364188569262 -0.00652877683435743 -0.296578838592714 -0.329003969867881
0.0264343871417424 -0.0229435842858415 -0.422413410758386 0.0495776014984007
0.019201935935016 -0.0324316806381873 -0.231636697710231 0.244120779961236
0.012795488369351 -0.0337221172610511 -0.0692491611550694 0.238328049140089
-0.00219967254223138 -0.0572354369167543 0.0529683375063617 0.188665122582149
-0.010374157593493 -0.067370416994222 0.135061610637502 0.168940252019307
0.00210256121483133 -0.0932886105962249 0.15493639613563 0.223309641036008
0.0807537907540486 -0.0735187501862871 0.00936000228334494 0.333431114123197
0.123021322273057 0.0161139422814774 -0.275460434952118 0.32103515544316
0.108422735167298 0.127317015637822 -0.433841759297593 0.125167988726092
0.00264171275809914 0.245116081403691 -0.466422255592884 -0.0335126262233564
-0.140655671350826 0.318311926461126 -0.430974163930472 0.13670729927413
-0.157973032064288 0.282283132207633 -0.192089938990741 0.138888892279589
0.011414180654665 0.201055845676487 0.27311878155791 0.0930756729512069
0.0933865969615118 0.107660692019089 0.196683669327141 -0.356968787174051
0.113169913522335 0.0142262953825326 -0.246526592928878 -0.394013519792713
0.102741969747616 -0.0800010311606258 -0.418565301649669 -0.0164432445923943
0.0372191876463888 -0.113786995868439 -0.248221696359207 0.203376619567457
-0.00460799391318579 -0.0988500019557289 -0.0837910656131599 0.205744705500557
-0.0200813663023576 -0.113269523785283 0.0405991833402362 0.155350080688901
-0.0203170698684533 -0.125026284048144 0.127812837203373 0.121709227862091
0.00604037519899032 -0.172446546778493 0.187276737472742 0.158988819514367
0.128880925412952 -0.150594081270465 0.112457488608004 0.282682712619674
0.211899905440409 -0.00566339371873617 -0.154313122825104 0.371965567366969
0.194317339377682 0.201839067124045 -0.375910035988626 0.226128924244664
-0.00166962504057243 0.371481921363997 -0.421843676523378 0.0226591072437992
-0.233562568190283 0.418703414752429 -0.330366247094487 0.085141162475711
-0.275650548246669 0.313428106336551 -0.103601704858599 0.0336986984335949
-0.0734683818546943 0.313096388314757 0.309112178098162 0.0785075900480717
0.111592687275389 0.24733528264133 0.273085442203986 -0.368196175497592
0.214754379394906 0.0565861535133403 -0.16616991958948 -0.440933460157152
0.178036215127885 -0.123152043164892 -0.375942502497403 -0.091856968953729
0.0520548921644483 -0.183510972719641 -0.245497025651445 0.137970139887637
-0.0257023657901403 -0.153653731989828 -0.095466486482361 0.152637243423609
-0.0429596748296937 -0.149272827597432 0.0272117918611374 0.0988810276418721
-0.0393498643962754 -0.156674186239856 0.113715551940099 0.0530905775203359
-0.0120189550438479 -0.220978718154859 0.21000975197639 0.0629129422593658
0.130199552720154 -0.220997212230715 0.216576520404881 0.183080209464861
0.258054234411431 -0.0691454226038021 0.0116887092429387 0.375780891370391
0.285630769225289 0.202580617598358 -0.26492194235698 0.314598483303442
0.0452433018088448 0.436387309222718 -0.367120995893841 0.083896446537306
-0.252332896368269 0.474461496463066 -0.218628930766173 0.0139049591181159
-0.368568137930128 0.263456574058084 0.0334618879313217 -0.0810216367462732
-0.192331310984776 0.34852231223576 0.346593956873247 0.0719889765663137
0.0545738272979063 0.356486219785473 0.376909981167577 -0.314735701898669
0.261001210114464 0.13336206511548 -0.000897299303076733 -0.457454835196961
0.239031588975182 -0.11410761049834 -0.271858743622713 -0.208761288909558
0.0822272742785247 -0.214270262281587 -0.235470839215061 0.0207139079781404
-0.026719187385837 -0.188002622649903 -0.124397515408665 0.0718454619587345
-0.046558762203821 -0.168173681939537 -0.000904706275403626 0.0339041083668301
-0.0414264913013481 -0.165738455646214 0.0882451902678807 -0.0108600204675142
-0.011598469507547 -0.23678674382808 0.20780117285826 -0.017239123746298
0.131728929217189 -0.245805965536453 0.270883910639599 0.0877278259080219
0.269927651122006 -0.0957846624722654 0.126556629118944 0.333168934070144
0.304829782482325 0.200504463675281 -0.171026247658705 0.334954909890917
0.0396281717259022 0.437769213412225 -0.314950014141996 0.0933682271555679
-0.270618491292967 0.440811188241721 -0.112703009928825 -0.0835792798444107
-0.373616521932566 0.169771448780818 0.19501932328581 -0.165663299884129
-0.26581424396936 0.291541100920779 0.389967020848963 0.0569053292680047
-0.0277201174788856 0.366132128646045 0.442123847769394 -0.231537457783168
0.23434088550061 0.179609642727995 0.155038996648938 -0.407029773683111
0.244400232304895 -0.0816640833925299 -0.136785692892278 -0.287434594136225
0.0942780719603066 -0.202341646261016 -0.200128763895672 -0.0932107985738781
-0.0260353972830805 -0.189049042535463 -0.144426923837962 -0.0133681228508033
-0.0465689160346785 -0.162215927919446 -0.0262750158736236 -0.0354731069381126
-0.0412046332079447 -0.152680317859879 0.0638297252653526 -0.0774566218885954
-0.010173752498184 -0.220534972787688 0.198626021564648 -0.0916648869745774
0.125213144786174 -0.232671627270514 0.302547541707792 0.00309743828578622
0.255064622076226 -0.0907267699089009 0.208218431451078 0.278592937658184
0.269962311128264 0.197028317455669 -0.0920101366930161 0.32734408236188
-0.000588416506388892 0.388589162612238 -0.260950547328386 0.0898080099248901
-0.265498615151927 0.339771801332152 -0.015515951679732 -0.162320197778231
-0.292718647466328 0.0559273948686612 0.337540115948254 -0.209123011573835
-0.256063645345407 0.172820239768344 0.423004395795564 0.0494589773141497
-0.0823587533391075 0.279278718169464 0.465839771060504 -0.13993979779393
0.157641038054864 0.166550681680833 0.272264439918221 -0.323574185168041
0.192305056761876 -0.0440104321221116 -0.0110557644234058 -0.327713865593741
0.0827464646673953 -0.153792525943689 -0.158579812775588 -0.188247532931325
-0.0199412363492747 -0.155890349142957 -0.157463228485495 -0.0921621211735298
-0.0390043815152407 -0.133556332882711 -0.0463148323549066 -0.0980923330035925
-0.036822401165938 -0.122704445352363 0.0460006717132991 -0.136531177814581
-0.00543635142767495 -0.180610265068986 0.192594505142418 -0.150298995911243
0.113176627851932 -0.189818653715281 0.319004789821601 -0.0618179623590006
0.222030554548922 -0.0652422508874261 0.261521815248464 0.229001176823737
0.200689069932452 0.195788862997533 -0.0334026085268758 0.307104718377383
-0.0581125549471 0.302630048516268 -0.209406625032738 0.0827482857025452
-0.240058774264637 0.199001167538717 0.0657972579853689 -0.206882775374758
-0.150777262521188 -0.0489775920386673 0.412412764989188 -0.233534239242084
-0.17087618073861 0.0467705225543714 0.432481472749711 0.0282713278149577
-0.0775029042159307 0.145046525624098 0.459578118082455 -0.0925788278799919
0.0733229111657802 0.0996451339885326 0.324297694462449 -0.272937141107136
0.103019344405275 -0.0191022245465332 0.048046899680827 -0.346439023574171
0.047437814165033 -0.0841383900109313 -0.144038024917956 -0.241183116367859
-0.0171069529521702 -0.0947473515131536 -0.171052792303528 -0.139258333364324
-0.0287346541915289 -0.0831676495385878 -0.0655962123489494 -0.141384435403672
-0.0325488648217404 -0.0773554139929577 0.0295470246488874 -0.181525260998416
-0.00909647345809892 -0.122764378677456 0.185446854292247 -0.198982476485967
0.0832671237529008 -0.13525282454683 0.334170634777576 -0.0944250323777739
0.174533968332421 -0.0314581099357856 0.290548353669273 0.207233317242471
0.115828639074146 0.181134367749677 -0.0050469924971563 0.296963550561062
-0.111810186331497 0.193466976345578 -0.172115633749031 0.0767154877737152
-0.195958897697149 0.0373999131623227 0.129600243584133 -0.213969819093071
