TRXV5
3
4
4
9
string Extension=J
integer IsArchMeasurement=1
integer IsSpherical=1
string Generator=SPM
string GeneratorVersion=1.3.1 Dev
double ArchRadius=0.449999988079071
integer FrequencyAxisIndex=0
integer AzimuthAxisIndex=1
integer ElevationAxisIndex=2
Frequency
5 136 690000000 960000000 LIN
Azimuth
7 8 0 2.74889357189107 LIN
Elevation
7 15 -2.74889357189107 2.74889357189107 LIN
Polar H Real Part
13
Polar H Imaginary Part
14
Polar V Real Part
13
Polar V Imaginary Part
14
Polar H Magnitude (dB)
12 0xC0000002 0 1
Polar H Phase
7 0xC0000003 0 1
Polar V Magnitude (dB)
12 0xC0000002 2 3
Polar V Phase
7 0xC0000003 2 3
-0.0131492614746094 0.0388069152832031 0.0576858520507812 -0.00611495971679687
0.0262184143066406 0.0297508239746094 0.0284328460693359 0.0128917694091797
0.0279636383056641 -0.00403022766113281 0.0315055847167969 0.0241413116455078
0.0148525238037109 -0.0175037384033203 0.0555305480957031 0.0132064819335937
0.00299644470214844 -0.0203304290771484 0.060760498046875 -0.01324462890625
-0.00964736938476562 -0.0229473114013672 0.0489349365234375 -0.0384292602539063
-0.0115413665771484 -0.0187454223632813 0.0353546142578125 -0.040985107421875
-0.00727462768554687 -0.0183467864990234 0.0240001678466797 -0.0289993286132813
-0.00206375122070312 -0.0258293151855469 0.0132417678833008 -0.0129995346069336
0.0145587921142578 -0.0196018218994141 -0.000933647155761717 -0.00604677200317383
0.0255413055419922 -0.00229454040527344 -0.0190639495849609 -0.0197811126708984
0.0210361480712891 0.0134868621826172 -0.0122108459472656 -0.0450668334960937
0.00144386291503906 0.0281963348388672 0.0291976928710938 -0.0699348449707031
-0.0167274475097656 0.0319957733154297 0.0516777038574219 -0.0625038146972656
-0.0351905822753906 0.0253753662109375 0.030975341796875 -0.042572021484375
-0.0312767028808594 0.04779052734375 0.0508918762207031 0.00943374633789063
0.0121917724609375 0.0475997924804688 0.0236225128173828 0.0291767120361328
0.0274715423583984 0.0147495269775391 0.0316848754882813 0.0364952087402344
0.0246734619140625 -0.00352859497070312 0.0583763122558594 0.0241889953613281
0.0175056457519531 -0.0143232345581055 0.0650749206542969 -0.00308990478515625
0.00871849060058594 -0.0260696411132812 0.0562667846679688 -0.0311126708984375
0.00371360778808594 -0.0263195037841797 0.0401611328125 -0.0336074829101563
0.00559234619140625 -0.0234241485595703 0.0257568359375 -0.0205879211425781
0.0131359100341797 -0.0295028686523438 0.0119047164916992 -0.00331306457519531
0.0286540985107422 -0.01873779296875 -0.00510883331298828 0.00343084335327148
0.0354957580566406 0.00439834594726563 -0.0272865295410156 -0.0114078521728516
0.0279617309570313 0.0254497528076172 -0.0242652893066406 -0.0387496948242188
-0.00144577026367187 0.0418815612792969 0.01251220703125 -0.0690574645996094
-0.0285148620605469 0.0442352294921875 0.0321693420410156 -0.0578842163085938
-0.0484580993652344 0.0358734130859375 0.0132598876953125 -0.0354156494140625
-0.0473060607910156 0.0489616394042969 0.0358924865722656 0.0269699096679688
-0.00748062133789063 0.0594139099121094 0.011260986328125 0.0469627380371094
0.0205211639404297 0.0346393585205078 0.0277633666992188 0.0526924133300781
0.0308380126953125 0.0160503387451172 0.0570030212402344 0.0383071899414062
0.0315437316894531 -0.00270843505859375 0.0643463134765625 0.00938796997070312
0.0274257659912109 -0.0238628387451172 0.0584907531738281 -0.0202789306640625
0.0191497802734375 -0.0293140411376953 0.0391578674316406 -0.0224838256835938
0.0181808471679688 -0.0247821807861328 0.0231037139892578 -0.0100154876708984
0.0245246887207031 -0.0299453735351563 0.00695419311523438 0.00734233856201172
0.0372581481933594 -0.0179443359375 -0.0120029449462891 0.0133304595947266
0.0415992736816406 0.0065460205078125 -0.0362968444824219 0.000259399414062501
0.033477783203125 0.0290927886962891 -0.0371742248535156 -0.0286178588867187
0.0030364990234375 0.0483932495117188 -0.00683212280273438 -0.0624313354492187
-0.0284614562988281 0.0517005920410156 0.0107002258300781 -0.0470619201660156
-0.0530052185058594 0.0427360534667969 -0.00814247131347657 -0.0236988067626953
-0.0563087463378906 0.0426406860351563 0.0129013061523438 0.0432052612304688
-0.0266571044921875 0.0605239868164063 -0.00880050659179688 0.0643768310546875
0.00723648071289063 0.0489540100097656 0.0180320739746094 0.0677375793457031
0.0298728942871094 0.0345935821533203 0.0499992370605469 0.0518035888671875
0.0396728515625 0.0115394592285156 0.0574302673339844 0.0205726623535156
0.0416259765625 -0.0161705017089844 0.0524864196777344 -0.00736236572265625
0.0318202972412109 -0.0274925231933594 0.0324554443359375 -0.00933456420898438
0.0267620086669922 -0.0226230621337891 0.0156259536743164 0.00249290466308594
0.0313339233398438 -0.0271511077880859 0.000459671020507815 0.0191020965576172
0.04083251953125 -0.01629638671875 -0.0180225372314453 0.0253086090087891
0.042144775390625 0.00610733032226563 -0.0411300659179688 0.0128517150878906
0.0348415374755859 0.0273914337158203 -0.04510498046875 -0.0159263610839844
0.00777053833007813 0.047210693359375 -0.0215606689453125 -0.0499343872070313
-0.0238494873046875 0.0525169372558594 -0.006072998046875 -0.0307769775390625
-0.0515937805175781 0.0429458618164062 -0.0273971557617188 -0.00878143310546874
-0.0547599792480469 0.0283737182617187 -0.0122413635253906 0.0530242919921875
-0.0380287170410156 0.0501365661621094 -0.0323715209960938 0.0746612548828125
-0.00782775878906251 0.051177978515625 0.00239562988281251 0.0785903930664063
0.0201530456542969 0.0453071594238281 0.0366325378417969 0.0598564147949219
0.0371513366699219 0.0235023498535156 0.0449295043945313 0.0274581909179688
0.0477142333984375 -0.00506973266601563 0.0412788391113281 0.00366973876953125
0.0384025573730469 -0.0206260681152344 0.0206851959228516 0.00262069702148437
0.0306835174560547 -0.0173015594482422 0.00547409057617188 0.0140867233276367
0.0346946716308594 -0.0205116271972656 -0.00679206848144531 0.0298271179199219
0.0407676696777344 -0.0115013122558594 -0.0242996215820312 0.0342960357666016
0.0380020141601563 0.00809478759765625 -0.0443534851074219 0.0224151611328125
0.0304527282714844 0.0255470275878906 -0.0478935241699219 -0.00474929809570313
0.0063018798828125 0.0415573120117188 -0.0284004211425781 -0.0348434448242187
-0.0210494995117188 0.043365478515625 -0.0164728164672852 -0.011383056640625
-0.0467147827148438 0.0337104797363281 -0.0445785522460938 0.005584716796875
-0.0406379699707031 0.0128440856933594 -0.0331268310546875 0.0567855834960937
-0.0355148315429688 0.0300674438476562 -0.0530319213867187 0.0771713256835938
-0.0166015625 0.0387535095214844 -0.0122146606445313 0.0812759399414063
0.00683975219726563 0.0414390563964844 0.0218009948730469 0.0601119995117188
0.0263042449951172 0.027099609375 0.0300235748291016 0.0291290283203125
0.0405769348144531 0.00600051879882813 0.0247039794921875 0.0100917816162109
0.03717041015625 -0.0097808837890625 0.00657749176025391 0.0127544403076172
0.0298233032226563 -0.00874137878417969 -0.005279541015625 0.0240516662597656
0.0337257385253906 -0.0117340087890625 -0.0148849487304688 0.0379829406738281
0.0366477966308594 -0.00331497192382812 -0.02984619140625 0.0403404235839844
0.0324230194091797 0.0122241973876953 -0.0462417602539063 0.0275764465332031
0.0212688446044922 0.0264186859130859 -0.0472831726074219 0.00175857543945313
-0.00200462341308594 0.0343799591064453 -0.0304203033447266 -0.0236434936523437
-0.0227928161621094 0.0286998748779297 -0.0213699340820312 0.00189208984375001
-0.0404090881347656 0.0174636840820312 -0.05615234375 0.0167503356933594
-0.0185070037841797 -0.00396728515625 -0.0434188842773438 0.0560684204101563
-0.0220432281494141 0.00747108459472656 -0.062713623046875 0.07275390625
-0.0157356262207031 0.0168294906616211 -0.0221939086914063 0.07708740234375
-0.00556182861328125 0.0250377655029297 0.0108795166015625 0.056396484375
0.00895500183105469 0.0223026275634766 0.0183906555175781 0.0259475708007813
0.0253925323486328 0.01397705078125 0.0109672546386719 0.012669563293457
0.0287799835205078 0.00262832641601562 -0.00604724884033203 0.0175361633300781
0.0244941711425781 -0.000226974487304688 -0.0153408050537109 0.0299358367919922
0.0286655426025391 -0.00201606750488281 -0.0235061645507812 0.0427093505859375
0.0300788879394531 0.005401611328125 -0.037445068359375 0.0418128967285156
0.0233573913574219 0.0176734924316406 -0.0488014221191406 0.0276412963867188
0.0105457305908203 0.0272254943847656 -0.0469856262207031 0.00238800048828125
-0.0131111145019531 0.0262680053710938 -0.0299892425537109 -0.0173969268798828
-0.0257701873779297 0.0111980438232422 -0.0261936187744141 0.00714683532714844
-0.0320529937744141 -0.00471115112304688 -0.0647926330566406 0.0191535949707031
0.00669479370117188 -0.0186634063720703 -0.0429573059082031 0.0520477294921875
-0.00132942199707031 -0.0128269195556641 -0.0608139038085938 0.0675086975097656
-0.0079345703125 -0.00626802444458008 -0.02325439453125 0.0725784301757813
-0.0127677917480469 0.00239276885986328 0.00773239135742188 0.0500755310058594
-0.00786495208740234 0.0108890533447266 0.0148468017578125 0.0200901031494141
0.00515651702880859 0.0171146392822266 0.00208282470703125 0.00949954986572266
0.0153989791870117 0.0137500762939453 -0.0142498016357422 0.017822265625
0.0139789581298828 0.00976753234863281 -0.0236682891845703 0.0321121215820313
0.0188007354736328 0.00787162780761719 -0.0320892333984375 0.0433425903320313
0.0187702178955078 0.0142383575439453 -0.0453262329101562 0.0404243469238281
0.0135211944580078 0.0207061767578125 -0.0539054870605469 0.0244789123535156
-0.000883102416992187 0.026397705078125 -0.048736572265625 -0.00125122070312499
-0.02325439453125 0.0159950256347656 -0.0318031311035156 -0.0181808471679688
-0.0268650054931641 -0.00811576843261718 -0.0299644470214844 0.00444793701171875
-0.0202121734619141 -0.0257587432861328 -0.0693473815917969 0.0147056579589844
-0.00805282592773438 0.0445709228515625 0.0652999877929687 -0.00917816162109375
0.0338420867919922 0.0295829772949219 0.0347824096679687 0.0106487274169922
0.0312633514404297 -0.00973892211914063 0.0348987579345703 0.0212497711181641
0.0137519836425781 -0.0234241485595703 0.0586128234863281 0.00933837890625
-0.000490188598632814 -0.0237579345703125 0.0628929138183594 -0.0175056457519531
-0.0161590576171875 -0.0245685577392578 0.0497970581054688 -0.0439567565917969
-0.0161838531494141 -0.0184059143066406 0.0362739562988281 -0.0459060668945313
-0.0121822357177734 -0.0189151763916016 0.0255813598632812 -0.0322589874267578
-0.00783348083496094 -0.0283432006835938 0.0164527893066406 -0.0140113830566406
0.0116558074951172 -0.0249786376953125 0.00195932388305664 -0.00412487983703613
0.028411865234375 -0.00804328918457031 -0.0203475952148438 -0.0163307189941406
0.0264568328857422 0.0108184814453125 -0.0170516967773438 -0.0438957214355469
0.00710296630859375 0.0324802398681641 0.023834228515625 -0.0760498046875
-0.0138626098632813 0.0400009155273437 0.0510711669921875 -0.0715408325195313
-0.0343303680419922 0.0351371765136719 0.0340003967285156 -0.0467872619628906
-0.02825927734375 0.0554962158203125 0.06036376953125 0.00928878784179688
0.0189895629882813 0.0489959716796875 0.0314826965332031 0.0278530120849609
0.0314369201660156 0.0110530853271484 0.0369529724121094 0.0343055725097656
0.0253658294677734 -0.007568359375 0.0634574890136719 0.0216903686523437
0.0156612396240234 -0.0178813934326172 0.0686111450195313 -0.00732040405273438
0.00380134582519531 -0.0286102294921875 0.0581741333007813 -0.0366592407226563
0.00064659118652344 -0.027557373046875 0.0424537658691406 -0.0389976501464844
0.00245475769042969 -0.024658203125 0.0293292999267578 -0.0244426727294922
0.00896072387695312 -0.0330791473388672 0.0169239044189453 -0.00436115264892578
0.0280303955078125 -0.0239181518554688 -0.00111961364746094 0.00576925277709961
0.0396499633789063 -0.000339508056640625 -0.0280742645263672 -0.00632095336914062
0.0339241027832031 0.0248203277587891 -0.0291175842285156 -0.0352897644042969
0.0034332275390625 0.047271728515625 0.00559234619140626 -0.0732040405273438
-0.0264244079589844 0.053466796875 0.031463623046875 -0.063995361328125
-0.0496330261230469 0.0458106994628906 0.0146675109863281 -0.03607177734375
-0.0475387573242188 0.0560569763183594 0.045379638671875 0.0303382873535156
-0.002838134765625 0.0631256103515625 0.0200119018554687 0.0496139526367188
0.0236415863037109 0.03369140625 0.0344276428222656 0.0524253845214844
0.032379150390625 0.0141353607177734 0.0634574890136719 0.0370292663574219
0.0320701599121094 -0.00586318969726563 0.0697555541992188 0.00545883178710938
0.0254840850830078 -0.0268001556396484 0.062164306640625 -0.0258674621582031
0.0170097351074219 -0.0322227478027344 0.0431900024414063 -0.0274848937988281
0.0166645050048828 -0.0274276733398438 0.0273418426513672 -0.012847900390625
0.02325439453125 -0.0338058471679688 0.0131101608276367 0.00756549835205078
0.0382843017578125 -0.022857666015625 -0.00649261474609375 0.0170698165893555
0.044952392578125 0.003021240234375 -0.0350379943847656 0.0068817138671875
0.0393333435058594 0.0289535522460938 -0.0408821105957031 -0.0234832763671875
0.00677108764648438 0.0534744262695313 -0.0141448974609375 -0.0625534057617188
-0.0284309387207031 0.0600395202636719 0.00883102416992187 -0.04998779296875
-0.0560379028320313 0.0519523620605469 -0.00731277465820313 -0.0218582153320313
-0.0595054626464844 0.0474624633789062 0.0212631225585938 0.0498199462890625
-0.025299072265625 0.0653343200683594 -0.0003204345703125 0.0697250366210938
0.00905227661132812 0.0512542724609375 0.02581787109375 0.0700340270996094
0.0325431823730469 0.0356063842773438 0.057342529296875 0.0516204833984375
0.0425033569335938 0.00955963134765625 0.0639457702636719 0.0175437927246094
0.0436286926269531 -0.0194587707519531 0.0576095581054687 -0.0120315551757813
0.0322341918945313 -0.0312519073486328 0.0367469787597656 -0.0134010314941406
0.0278873443603516 -0.0249309539794922 0.0202884674072266 0.000146865844726561
0.0325813293457031 -0.0299491882324219 0.00703048706054688 0.0198898315429687
0.0432701110839844 -0.0200347900390625 -0.0117969512939453 0.0288295745849609
0.0458030700683594 0.005218505859375 -0.0399856567382813 0.019134521484375
0.0392837524414063 0.0284423828125 -0.0476150512695313 -0.00981521606445311
0.0104751586914062 0.0517387390136719 -0.0277023315429687 -0.0482292175292969
-0.0255393981933594 0.0590095520019531 -0.00784873962402344 -0.0306491851806641
-0.0556564331054688 0.050323486328125 -0.0280284881591797 -0.00431060791015624
-0.0601768493652344 0.0319175720214844 -0.00649642944335938 0.0616378784179687
-0.0410118103027344 0.0538825988769531 -0.0255355834960938 0.0843048095703125
-0.00814819335937501 0.0550308227539063 0.0107040405273437 0.0831375122070313
0.0223617553710938 0.0489845275878906 0.0438880920410156 0.0608291625976563
0.0411033630371094 0.0244178771972656 0.0509872436523438 0.0256004333496094
0.0514717102050781 -0.00712966918945313 0.0454254150390625 0.000263214111328125
0.0417060852050781 -0.0241813659667969 0.0242252349853516 0.000936508178710936
0.0339908599853516 -0.019989013671875 0.00983428955078125 0.0136175155639648
0.0378875732421875 -0.0234298706054688 -0.00134849548339843 0.0311870574951172
0.0443801879882813 -0.0139236450195313 -0.0181884765625 0.0384445190429688
0.04248046875 0.00760269165039063 -0.0414505004882813 0.0287322998046875
0.0339202880859375 0.0281524658203125 -0.0488243103027344 0.00163650512695313
0.00735855102539063 0.0458183288574219 -0.0324058532714844 -0.0317821502685547
-0.0238456726074219 0.0484886169433594 -0.0175390243530273 -0.0090646743774414
-0.0520401000976563 0.0386276245117187 -0.04547119140625 0.0120086669921875
-0.0467185974121094 0.0120391845703125 -0.0310783386230469 0.0675735473632813
-0.0408706665039063 0.0307693481445313 -0.0480575561523438 0.0880050659179688
-0.019866943359375 0.0424613952636719 -0.00501251220703124 0.0869216918945313
0.00720596313476562 0.0469017028808594 0.0284004211425781 0.0615692138671875
0.0296421051025391 0.0305938720703125 0.0340785980224609 0.0274868011474609
0.0465126037597656 0.0066986083984375 0.0288887023925781 0.00885581970214844
0.0429153442382813 -0.0119171142578125 0.00934314727783203 0.0122098922729492
0.0344409942626953 -0.0112876892089844 -0.00164985656738281 0.0253562927246094
0.0384254455566406 -0.0142326354980469 -0.00976181030273437 0.0403709411621094
0.0421066284179688 -0.00508880615234375 -0.025054931640625 0.0442237854003906
0.0361900329589844 0.0132217407226563 -0.0434226989746094 0.0335121154785156
0.0244255065917969 0.0300216674804688 -0.0476913452148438 0.00704574584960937
-0.003265380859375 0.0389022827148438 -0.0323123931884766 -0.0203704833984375
-0.0281524658203125 0.0320644378662109 -0.0222244262695313 0.00589752197265625
-0.0477790832519531 0.0194854736328125 -0.0595436096191406 0.0231742858886719
-0.0228137969970703 -0.00899696350097656 -0.0436019897460938 0.0659446716308594
-0.0282497406005859 0.00530242919921875 -0.0609130859375 0.0843505859375
-0.0209007263183594 0.0184268951416016 -0.0158309936523437 0.083648681640625
-0.007781982421875 0.0299072265625 0.0164260864257812 0.057647705078125
0.0105991363525391 0.02679443359375 0.0218963623046875 0.0247955322265625
0.0313606262207031 0.0159950256347656 0.0127592086791992 0.0111932754516602
0.0352020263671875 0.00153350830078125 -0.00499916076660156 0.0186119079589844
0.0302009582519531 -0.00126266479492187 -0.0137252807617187 0.0321445465087891
0.0340747833251953 -0.00316619873046875 -0.0206146240234375 0.0458221435546875
0.0366859436035156 0.005706787109375 -0.0338935852050781 0.04620361328125
0.0284519195556641 0.0198211669921875 -0.0472183227539063 0.0324287414550781
0.0138778686523437 0.0325088500976563 -0.0471305847167969 0.00723648071289063
-0.0155353546142578 0.0314445495605469 -0.0328941345214844 -0.0136375427246094
-0.0328941345214844 0.0136318206787109 -0.0284137725830078 0.0114765167236328
-0.0400199890136719 -0.00491333007812501 -0.0694389343261719 0.0253639221191406
0.00446128845214844 -0.0259914398193359 -0.0449256896972656 0.0591583251953125
-0.0065460205078125 -0.0192413330078125 -0.0605545043945313 0.0769882202148438
-0.0131559371948242 -0.00831031799316406 -0.017242431640625 0.07855224609375
-0.0173940658569336 0.00596523284912109 0.012969970703125 0.0507659912109375
-0.00850486755371094 0.0164518356323242 0.0158557891845703 0.0183925628662109
0.00931358337402344 0.0216999053955078 0.000797271728515625 0.00887203216552735
0.0219383239746094 0.0148200988769531 -0.0160446166992187 0.0192642211914063
0.0212345123291016 0.00967597961425781 -0.0241622924804687 0.0355186462402344
0.0252666473388672 0.0079345703125 -0.0301589965820313 0.0475234985351562
0.0261669158935547 0.0147953033447266 -0.0441665649414063 0.044586181640625
0.0173149108886719 0.0240612030029297 -0.0540657043457031 0.0286903381347656
0.00123977661132813 0.0316009521484375 -0.0499191284179688 0.003082275390625
-0.0255622863769531 0.0209579467773438 -0.0346012115478516 -0.0156478881835938
-0.0345726013183594 -0.00706291198730469 -0.0335674285888672 0.00889968872070313
-0.0287017822265625 -0.0292243957519531 -0.07598876953125 0.0200042724609375
-0.000427246093749996 0.04754638671875 0.070953369140625 -0.014373779296875
0.040802001953125 0.0255165100097656 0.0398292541503906 0.00600814819335938
0.0319366455078125 -0.0157356262207031 0.036895751953125 0.01739501953125
0.0105953216552734 -0.0272560119628906 0.0591392517089844 0.00584030151367187
-0.00580215454101563 -0.0257472991943359 0.0626296997070313 -0.0221595764160156
-0.0220317840576172 -0.0230445861816406 0.0486297607421875 -0.0473861694335938
-0.0213661193847656 -0.0169334411621094 0.034942626953125 -0.0508766174316406
-0.0165300369262695 -0.0172529220581055 0.0268745422363281 -0.0362014770507813
-0.0142383575439453 -0.0282955169677734 0.0191230773925781 -0.0164337158203125
0.00759315490722656 -0.0291500091552734 0.0054931640625 -0.00388622283935547
0.0282077789306641 -0.0146808624267578 -0.0195293426513672 -0.0118560791015625
0.0308856964111328 0.00683212280273437 -0.0201034545898438 -0.0407371520996094
0.0135574340820313 0.0342617034912109 0.0162200927734375 -0.078582763671875
-0.00757217407226562 0.0472793579101563 0.0480194091796875 -0.078155517578125
-0.0304908752441406 0.04437255859375 0.0351600646972656 -0.0503158569335938
-0.0224723815917969 0.0595321655273438 0.0679931640625 0.00583648681640625
0.0259475708007813 0.0478057861328125 0.0383720397949219 0.0239601135253906
0.032806396484375 0.00631141662597656 0.0401992797851563 0.0311698913574219
0.0238456726074219 -0.0108795166015625 0.0655059814453125 0.0177726745605469
0.0125560760498047 -0.0201187133789063 0.0699882507324219 -0.011749267578125
-0.00157928466796875 -0.0289268493652344 0.0591278076171875 -0.0419998168945313
-0.00395774841308594 -0.0268192291259766 0.0435104370117188 -0.0443382263183594
-0.000730514526367188 -0.0251235961914063 0.0311794281005859 -0.0287857055664063
0.00427055358886719 -0.0341320037841797 0.0214614868164063 -0.00680160522460938
0.0252361297607422 -0.0281791687011719 0.00452613830566406 0.00646495819091797
0.0410041809082031 -0.00542068481445313 -0.0252780914306641 -0.000942230224609378
0.0386085510253906 0.0206527709960937 -0.0310554504394531 -0.0297260284423828
0.00980377197265625 0.0497474670410156 -0.0013275146484375 -0.072998046875
-0.0218429565429687 0.0615730285644531 0.0280342102050781 -0.0676803588867188
-0.04791259765625 0.0554428100585938 0.01654052734375 -0.0368881225585938
-0.0448455810546875 0.0614280700683594 0.0548515319824219 0.0296287536621094
0.00185394287109375 0.064453125 0.028717041015625 0.0476112365722656
0.0257453918457031 0.0317726135253906 0.0399665832519531 0.0491561889648438
0.0338516235351563 0.0113067626953125 0.0675926208496094 0.0328254699707031
0.0305843353271484 -0.00748825073242188 0.0731582641601563 0.0006103515625
0.0222797393798828 -0.0289726257324219 0.0637969970703125 -0.0312957763671875
0.0151863098144531 -0.0340042114257812 0.0451698303222656 -0.0328826904296875
0.0149822235107422 -0.0283279418945313 0.0306549072265625 -0.0171318054199219
0.0194435119628906 -0.0359649658203125 0.0188236236572266 0.00527572631835937
0.0373916625976563 -0.0268363952636719 0.000366210937500003 0.018524169921875
0.0474929809570312 -0.0008697509765625 -0.0310382843017578 0.0120487213134766
0.04339599609375 0.0265617370605469 -0.0416069030761719 -0.0169563293457031
0.0119285583496094 0.0562057495117187 -0.0195274353027344 -0.060272216796875
-0.0261344909667969 0.0676460266113281 0.00698089599609375 -0.05096435546875
-0.0556221008300781 0.0609664916992187 -0.00548744201660157 -0.0193328857421875
-0.0607337951660156 0.053009033203125 0.0307540893554688 0.0524177551269531
-0.0239295959472656 0.0688896179199219 0.009124755859375 0.071929931640625
0.0112648010253906 0.0523910522460937 0.0326042175292969 0.0680198669433594
0.0350151062011719 0.0360641479492188 0.0631332397460938 0.0476341247558594
0.0435104370117188 0.00885772705078125 0.0674705505371094 0.0136756896972656
0.0427207946777344 -0.0221824645996094 0.060882568359375 -0.0174942016601563
0.0318717956542969 -0.0337905883789063 0.0396385192871094 -0.0179252624511719
0.0286293029785156 -0.0281696319580078 0.0241584777832031 -0.00282859802246094
0.0326251983642578 -0.0331974029541016 0.012908935546875 0.0182723999023437
0.0440940856933594 -0.0232963562011719 -0.00444221496582031 0.0296421051025391
0.0485954284667969 0.00256729125976563 -0.0336494445800781 0.0240154266357422
0.043701171875 0.0275497436523438 -0.0463294982910156 -0.00249099731445313
0.013275146484375 0.0551033020019531 -0.0309181213378906 -0.0437126159667969
-0.0247993469238281 0.0647430419921875 -0.0081329345703125 -0.0280818939208984
-0.056640625 0.0578956604003906 -0.0258331298828125 0.000200271606445316
-0.0638160705566406 0.0354499816894531 0.00154495239257812 0.0676612854003906
-0.0421180725097656 0.058013916015625 -0.01611328125 0.0889968872070313
-0.0075836181640625 0.0591621398925781 0.0189056396484375 0.082305908203125
0.0251884460449219 0.0516700744628906 0.050140380859375 0.0583724975585938
0.0447883605957031 0.0251083374023437 0.0545158386230469 0.0224151611328125
0.0541267395019531 -0.0102920532226563 0.0486412048339844 -0.00402069091796875
0.0439033508300781 -0.0279884338378906 0.0277233123779297 -0.002197265625
0.0366668701171875 -0.0227622985839844 0.0138683319091797 0.0117311477661133
0.0400047302246094 -0.0271797180175781 0.00470924377441406 0.0298709869384766
0.04718017578125 -0.0170211791992188 -0.0110626220703125 0.0396308898925781
0.0464057922363281 0.00751876831054688 -0.0360946655273437 0.032958984375
0.0379829406738281 0.0287971496582031 -0.0464515686035156 0.00762557983398438
0.00815200805664062 0.0493888854980469 -0.0338134765625 -0.0269489288330078
-0.0256233215332031 0.0537796020507812 -0.0166835784912109 -0.00616741180419921
-0.0559616088867188 0.0447578430175781 -0.0436439514160156 0.018310546875
-0.0523147583007813 0.0121688842773437 -0.0251235961914063 0.0752716064453125
-0.0460319519042969 0.0337066650390625 -0.0405120849609375 0.0959701538085938
-0.0218238830566406 0.045928955078125 0.00334930419921875 0.0884017944335937
0.00892257690429688 0.0516510009765625 0.0338096618652344 0.0603179931640625
0.0329952239990234 0.0327816009521484 0.0375099182128906 0.025390625
0.0514030456542969 0.00458145141601563 0.0309734344482422 0.00562477111816406
0.0466995239257813 -0.0163040161132813 0.0121374130249023 0.0113849639892578
0.0381050109863281 -0.0140953063964844 0.00173568725585938 0.0244216918945313
0.0419692993164063 -0.01727294921875 -0.00492095947265625 0.0391731262207031
0.0467948913574219 -0.00736618041992188 -0.018646240234375 0.0455360412597656
0.0413818359375 0.0133285522460938 -0.0389823913574219 0.0370216369628906
0.0288486480712891 0.0332565307617188 -0.0452156066894531 0.0125503540039062
-0.00199508666992187 0.0435295104980469 -0.0329647064208984 -0.0156307220458984
-0.0319900512695313 0.0374107360839844 -0.0213375091552734 0.00980758666992188
-0.0523414611816406 0.0235595703125 -0.0579452514648438 0.0303878784179687
-0.029083251953125 -0.011444091796875 -0.0406951904296875 0.0734786987304688
-0.0350208282470703 0.00468635559082032 -0.0551605224609375 0.0927886962890625
-0.0251731872558594 0.0212039947509766 -0.0084075927734375 0.086334228515625
-0.00838088989257813 0.0358505249023438 0.0210189819335937 0.0563888549804688
0.0135326385498047 0.0317230224609375 0.0230007171630859 0.0222530364990234
0.0373611450195313 0.0166168212890625 0.0132064819335938 0.0102806091308594
0.0403022766113281 -0.00130081176757813 -0.00382614135742187 0.0191612243652344
0.0348339080810547 -0.00354194641113281 -0.0111045837402344 0.034149169921875
0.0396766662597656 -0.00669097900390625 -0.016510009765625 0.0470504760742188
0.0419921875 0.00375747680664062 -0.02880859375 0.0482635498046875
0.0340538024902344 0.0210762023925781 -0.0435371398925781 0.0358543395996094
0.01824951171875 0.0360679626464844 -0.0448379516601563 0.0115737915039063
-0.0154151916503906 0.0372238159179687 -0.0326881408691406 -0.00934410095214844
-0.0386505126953125 0.0179901123046875 -0.0271205902099609 0.016326904296875
-0.047454833984375 -0.00235748291015626 -0.0705108642578125 0.0322723388671875
-0.00114631652832031 -0.0320415496826172 -0.0443267822265625 0.0664291381835938
-0.0129795074462891 -0.0225925445556641 -0.0561294555664062 0.084991455078125
-0.0184707641601562 -0.00793838500976563 -0.00983428955078125 0.0804519653320313
-0.0203266143798828 0.0102424621582031 0.0170822143554688 0.0490226745605469
-0.00716781616210937 0.0216178894042969 0.0159931182861328 0.0156164169311523
0.0153446197509766 0.0241661071777344 0.000299453735351564 0.00797891616821289
0.0279483795166016 0.0134525299072266 -0.0166263580322266 0.0213737487792969
0.0267391204833984 0.00743675231933594 -0.0227699279785156 0.0383567810058594
0.0307979583740234 0.004974365234375 -0.0282402038574219 0.0508041381835938
0.0324974060058594 0.0132503509521484 -0.0402908325195313 0.0475730895996094
0.0232944488525391 0.0246620178222656 -0.0516929626464844 0.0321617126464844
0.00640106201171875 0.0362701416015625 -0.0489387512207031 0.00722503662109376
-0.026641845703125 0.0277442932128906 -0.0349483489990234 -0.0109901428222656
-0.040740966796875 -0.00322723388671875 -0.0346622467041016 0.0146217346191406
-0.0367927551269531 -0.0288162231445312 -0.0800094604492188 0.0259628295898437
0.00622940063476562 0.0481338500976563 0.0760650634765625 -0.0197830200195312
0.0459823608398438 0.0203323364257813 0.0415687561035156 0.000747680664062501
0.0311965942382812 -0.0205917358398438 0.0368728637695313 0.0140304565429687
0.0070037841796875 -0.0300331115722656 0.0587158203125 0.00356292724609375
-0.0101165771484375 -0.0256137847900391 0.0618057250976563 -0.0239295959472656
-0.0269985198974609 -0.0201129913330078 0.047271728515625 -0.0489082336425781
-0.0245037078857422 -0.0132770538330078 0.0349349975585938 -0.0535430908203125
-0.0197124481201172 -0.014617919921875 0.0270156860351563 -0.0391845703125
-0.0201416015625 -0.0255870819091797 0.0219058990478516 -0.0187854766845703
0.00239753723144531 -0.0311412811279297 0.00947856903076172 -0.00515174865722656
0.0267372131347656 -0.0194931030273438 -0.0168819427490234 -0.00887203216552734
0.0326347351074219 0.00126838684082031 -0.0206184387207031 -0.0363426208496094
0.0202159881591797 0.0333461761474609 0.01116943359375 -0.07781982421875
-0.00141906738281249 0.0513954162597656 0.0440444946289063 -0.0817413330078125
-0.0246047973632813 0.0499191284179688 0.0368423461914062 -0.0531387329101562
-0.0175437927246094 0.0614204406738281 0.0747451782226563 0.00144195556640625
0.0299186706542969 0.0450973510742188 0.0427207946777344 0.0191612243652344
0.0327739715576172 0.00294685363769531 0.0414848327636719 0.0274925231933594
0.0216407775878906 -0.0135555267333984 0.0657539367675781 0.0150642395019531
0.00904655456542969 -0.0204105377197266 0.0704879760742187 -0.0150909423828125
-0.00540924072265625 -0.0272102355957031 0.0581245422363281 -0.0447998046875
-0.00709915161132813 -0.0259914398193359 0.043731689453125 -0.0476570129394531
-0.003692626953125 -0.0239219665527344 0.0325775146484375 -0.0328216552734375
-9.34600830078105E-05 -0.0337276458740234 0.0257053375244141 -0.0102806091308594
0.0217037200927734 -0.0311393737792969 0.00987052917480469 0.00520133972167969
0.0403480529785156 -0.010101318359375 -0.0210456848144531 0.00286102294921875
0.0415992736816406 0.0169219970703125 -0.0305461883544922 -0.0247421264648437
0.0158348083496094 0.0503425598144531 -0.00613021850585938 -0.0700645446777344
-0.01666259765625 0.0664787292480469 0.0259933471679688 -0.0701828002929688
-0.0433120727539063 0.062408447265625 0.0192489624023437 -0.0377044677734375
-0.0422134399414062 0.0651321411132813 0.062835693359375 0.0272712707519531
0.00504302978515625 0.0640029907226563 0.0357666015625 0.0441474914550781
0.0266399383544922 0.029998779296875 0.0429153442382813 0.0456123352050781
0.0330982208251953 0.0104446411132813 0.0692558288574219 0.0302925109863281
0.0294303894042969 -0.00917243957519531 0.0744400024414063 -0.00284576416015625
0.0199851989746094 -0.0289516448974609 0.0642929077148438 -0.0352287292480469
0.0129280090332031 -0.0338001251220703 0.0464324951171875 -0.0375175476074219
0.0139884948730469 -0.0289993286132813 0.0328006744384766 -0.0218830108642578
0.0177879333496094 -0.0368576049804688 0.0235157012939453 0.00135040283203125
0.0354423522949219 -0.0294609069824219 0.00683879852294922 0.0168981552124023
0.0479621887207031 -0.0034637451171875 -0.0253429412841797 0.0151233673095703
0.0469741821289062 0.0243186950683594 -0.0391998291015625 -0.0114974975585937
0.0164222717285156 0.0576629638671875 -0.0228691101074219 -0.0566291809082031
-0.0220565795898437 0.073150634765625 0.00589752197265625 -0.0506629943847656
-0.0533561706542969 0.0676689147949219 -0.00129318237304688 -0.0185565948486328
-0.0609245300292969 0.0574760437011719 0.0398292541503906 0.0518913269042969
-0.0224761962890625 0.0712966918945313 0.0173072814941406 0.0700187683105469
0.0116729736328125 0.0532112121582031 0.0369377136230469 0.0646705627441406
0.0364875793457031 0.0357818603515625 0.0654411315917969 0.0447959899902344
0.0443992614746094 0.00801467895507812 0.0698089599609375 0.009857177734375
0.0426559448242188 -0.0242042541503906 0.0610733032226563 -0.021759033203125
0.0314292907714844 -0.0361671447753906 0.0417213439941406 -0.0216636657714844
0.0279445648193359 -0.0293846130371094 0.0270729064941406 -0.00736236572265625
0.0323066711425781 -0.0353431701660156 0.018157958984375 0.0142383575439453
0.0447158813476562 -0.0258407592773437 0.002044677734375 0.0280303955078125
0.05108642578125 0.00072479248046875 -0.0275249481201172 0.0265636444091797
0.0466537475585938 0.0266799926757813 -0.0428009033203125 0.00262069702148438
0.0162124633789062 0.0565948486328125 -0.0325508117675781 -0.0392303466796875
-0.0233802795410156 0.0701866149902344 -0.00718498229980469 -0.0268135070800781
-0.0568008422851562 0.0647659301757813 -0.0216274261474609 0.0031280517578125
-0.067626953125 0.0383758544921875 0.010162353515625 0.0709457397460938
-0.0443458557128906 0.0612907409667969 -0.00727081298828126 0.0899276733398438
-0.00736618041992188 0.0613632202148438 0.0242385864257813 0.0803451538085938
0.02783203125 0.0541305541992188 0.053375244140625 0.0557518005371094
0.0473899841308594 0.0244369506835937 0.056610107421875 0.0194625854492188
0.0561981201171875 -0.0121612548828125 0.0494041442871094 -0.00787353515625
0.044647216796875 -0.0310325622558594 0.0297393798828125 -0.005157470703125
0.038116455078125 -0.0252952575683594 0.0172100067138672 0.00850105285644531
0.0414657592773438 -0.0299949645996094 0.00927352905273438 0.0272502899169922
0.0498237609863281 -0.01953125 -0.0050506591796875 0.0375938415527344
0.0496749877929687 0.00658416748046875 -0.02996826171875 0.033905029296875
0.0417594909667969 0.0301475524902344 -0.041961669921875 0.0114784240722656
0.010467529296875 0.0522308349609375 -0.0334396362304687 -0.0231208801269531
-0.02740478515625 0.0594635009765625 -0.0145397186279297 -0.00360107421875
-0.0583267211914063 0.0504226684570313 -0.0395126342773438 0.022247314453125
-0.0575523376464844 0.0138816833496094 -0.0189056396484375 0.0800704956054688
-0.050872802734375 0.0378875732421875 -0.0326080322265625 0.0986480712890625
-0.0233154296875 0.0503501892089844 0.00912475585937501 0.0866775512695313
0.0107688903808594 0.0555534362792969 0.0374069213867187 0.0585556030273438
0.0367927551269531 0.0349235534667969 0.0389328002929688 0.0227928161621094
0.0556678771972656 0.00223159790039063 0.0316505432128906 0.00296974182128906
0.04888916015625 -0.0197982788085938 0.0134735107421875 0.00984954833984375
0.0419044494628906 -0.0175895690917969 0.00463676452636719 0.0230693817138672
0.0457954406738281 -0.0211143493652344 -0.0013275146484375 0.0382308959960938
0.050384521484375 -0.00988388061523438 -0.0138626098632813 0.044036865234375
0.0462379455566406 0.0137405395507813 -0.0335655212402344 0.0374183654785156
0.0331916809082031 0.03460693359375 -0.0408668518066406 0.0147819519042969
-0.00180435180664063 0.048309326171875 -0.0309181213378906 -0.0122928619384766
-0.0349502563476563 0.0425949096679688 -0.0186824798583984 0.0126018524169922
-0.0575675964355469 0.0277366638183594 -0.0558509826660156 0.0352783203125
-0.0357780456542969 -0.0122528076171875 -0.0373992919921875 0.0795364379882813
-0.0416450500488281 0.00600814819335937 -0.049407958984375 0.0977401733398437
-0.0289363861083984 0.0246944427490234 -0.0023193359375 0.0854110717773437
-0.0082550048828125 0.0407867431640625 0.0235862731933594 0.0539131164550781
0.017364501953125 0.0348472595214844 0.0232810974121094 0.0199565887451172
0.043212890625 0.0153465270996094 0.0133695602416992 0.0082998275756836
0.0448074340820313 -0.00518417358398438 -0.00341606140136718 0.0197677612304688
0.038726806640625 -0.00769424438476563 -0.00889778137207031 0.034332275390625
0.0437812805175781 -0.0103340148925781 -0.0135917663574219 0.0465927124023438
0.0473175048828125 -5.340576171875E-05 -0.0253448486328125 0.0470352172851563
0.0389213562011719 0.0206756591796875 -0.0393257141113281 0.0364494323730469
0.0230712890625 0.0388031005859375 -0.0418319702148437 0.01312255859375
-0.0150260925292969 0.0425872802734375 -0.0300827026367188 -0.00726318359374999
-0.0429496765136719 0.0235061645507812 -0.0253829956054688 0.0200157165527344
-0.0537376403808594 0.000709533691406247 -0.0698013305664063 0.0371322631835938
-0.00777435302734375 -0.035736083984375 -0.0433883666992188 0.0714187622070313
-0.0206584930419922 -0.0234432220458984 -0.0512313842773438 0.0897445678710938
-0.0242424011230469 -0.00594329833984375 -0.0045013427734375 0.0802078247070312
-0.02239990234375 0.0161285400390625 0.0187797546386719 0.0456581115722656
-0.00412559509277344 0.026824951171875 0.0145177841186523 0.0134572982788086
0.0217037200927734 0.0246353149414063 -0.00160646438598633 0.00800848007202149
0.0328693389892578 0.0103816986083984 -0.0174312591552734 0.0244483947753906
0.030059814453125 0.00469589233398438 -0.0209159851074219 0.0408363342285156
0.0349388122558594 0.0022125244140625 -0.0258674621582031 0.0524787902832031
0.0373725891113281 0.0104141235351563 -0.0380630493164063 0.0489387512207031
0.0278396606445312 0.0248889923095703 -0.0491447448730469 0.0342483520507813
0.0110015869140625 0.0383338928222656 -0.0467910766601563 0.00892257690429687
-0.0264816284179687 0.0330734252929688 -0.0331649780273438 -0.00811195373535156
-0.0465621948242187 0.00189971923828125 -0.0344123840332031 0.0185966491699219
-0.0441436767578125 -0.0265235900878906 -0.0815353393554688 0.0306777954101562
0.011505126953125 0.0474777221679688 0.0792465209960938 -0.0241241455078125
0.0485954284667969 0.015594482421875 0.0426750183105469 -0.00342941284179687
0.0296878814697266 -0.0242652893066406 0.0357475280761719 0.012481689453125
0.00351524353027344 -0.0324592590332031 0.0584144592285156 0.00322723388671875
-0.0133419036865234 -0.0257205963134766 0.0620231628417969 -0.0245170593261719
-0.0302753448486328 -0.0169601440429687 0.0471992492675781 -0.0503883361816406
-0.0267143249511719 -0.00998687744140625 0.0351905822753906 -0.0553970336914063
-0.0217018127441406 -0.0116024017333984 0.0276756286621094 -0.0420608520507813
-0.0239086151123047 -0.0234813690185547 0.0236873626708984 -0.0221691131591797
-0.00180625915527344 -0.0319938659667969 0.0132961273193359 -0.00733089447021485
0.0245857238769531 -0.0237255096435547 -0.0138273239135742 -0.00791740417480469
0.0338287353515625 -0.00213050842285156 -0.0193519592285156 -0.0329799652099609
0.0250988006591797 0.0322933197021484 0.00856781005859375 -0.0766525268554688
0.00516891479492187 0.053497314453125 0.0419540405273437 -0.0850906372070313
-0.0193862915039062 0.0535812377929688 0.0396995544433594 -0.0569572448730469
-0.0144195556640625 0.0623970031738281 0.0803756713867188 -0.0024566650390625
0.0331497192382813 0.0423698425292969 0.0463333129882812 0.0148582458496094
0.0315837860107422 0.000110626220703125 0.0414161682128906 0.0252723693847656
0.0195579528808594 -0.0146942138671875 0.0660438537597656 0.01416015625
0.00725746154785156 -0.0198554992675781 0.0719146728515625 -0.0167007446289063
-0.0077056884765625 -0.0256519317626953 0.0589599609375 -0.0470504760742188
-0.00878143310546875 -0.0241508483886719 0.0448150634765625 -0.0516815185546875
-0.00498580932617188 -0.0225067138671875 0.0343437194824219 -0.0371971130371094
-0.00305366516113281 -0.0323200225830078 0.0284538269042969 -0.0143833160400391
0.0189762115478516 -0.0319042205810547 0.0149068832397461 0.00312995910644531
0.0400772094726563 -0.0134544372558594 -0.0159997940063477 0.00345230102539062
0.04461669921875 0.0143623352050781 -0.0274753570556641 -0.0211200714111328
0.020111083984375 0.0505218505859375 -0.00848007202148437 -0.0675086975097656
-0.0119857788085938 0.0707550048828125 0.0252838134765625 -0.0713882446289063
-0.0399436950683594 0.0682106018066406 0.0229911804199219 -0.0397796630859375
-0.0411529541015625 0.0679931640625 0.0702629089355469 0.0245246887207031
0.00723266601562499 0.064483642578125 0.0406532287597656 0.0410232543945313
0.0255203247070313 0.0286064147949219 0.0437583923339844 0.0427360534667969
0.0325088500976563 0.01043701171875 0.0705413818359375 0.0286865234375
0.0287952423095703 -0.00967025756835938 0.0765914916992187 -0.0054473876953125
0.0185108184814453 -0.0286655426025391 0.0660247802734375 -0.0379829406738281
0.0119590759277344 -0.0341796875 0.0479888916015625 -0.0409736633300781
0.013916015625 -0.0290031433105469 0.0346164703369141 -0.0259342193603516
0.0165977478027344 -0.0369453430175781 0.0272006988525391 -0.00346183776855469
0.0349082946777344 -0.0309352874755859 0.012232780456543 0.0139560699462891
0.049468994140625 -0.00592803955078125 -0.0199680328369141 0.0157585144042969
0.0490341186523438 0.0228118896484375 -0.035125732421875 -0.00727462768554687
0.0194244384765625 0.0588836669921875 -0.0230751037597656 -0.0533256530761719
-0.0203170776367188 0.0779876708984375 0.00637054443359375 -0.0506782531738281
-0.0523452758789063 0.0735092163085937 0.00267219543457031 -0.0185775756835938
-0.0622940063476562 0.0619163513183594 0.0468330383300781 0.0517387390136719
-0.0230331420898438 0.0739212036132813 0.023101806640625 0.0672798156738281
0.0114974975585937 0.0553779602050781 0.0392494201660156 0.0625686645507813
0.0369720458984375 0.0376625061035156 0.066650390625 0.0438652038574219
0.0455169677734375 0.00821685791015625 0.0710372924804688 0.00807952880859375
0.042877197265625 -0.0246200561523438 0.06298828125 -0.0250053405761719
0.0317268371582031 -0.0378341674804688 0.0434188842773437 -0.0262794494628906
0.0289649963378906 -0.0308685302734375 0.0285301208496094 -0.0113315582275391
0.033172607421875 -0.0367507934570313 0.0217399597167969 0.0100975036621094
0.04571533203125 -0.0269317626953125 0.0072174072265625 0.0256309509277344
0.0533828735351563 -0.000308990478515625 -0.0226383209228516 0.0262737274169922
0.0502281188964844 0.0270462036132813 -0.038055419921875 0.00529098510742187
0.0180931091308594 0.0597915649414062 -0.0310554504394531 -0.0362396240234375
-0.0233993530273438 0.075592041015625 -0.00534820556640625 -0.0266647338867187
-0.0581283569335937 0.0700721740722656 -0.0173711776733399 0.00424861907958985
-0.0723114013671875 0.0426483154296875 0.017333984375 0.0723495483398438
-0.0472145080566406 0.0660324096679688 -0.00146484374999999 0.0897293090820313
-0.00808334350585938 0.0653457641601563 0.0269622802734375 0.0780868530273438
0.03045654296875 0.0568695068359375 0.0556869506835938 0.0545425415039063
0.05023193359375 0.0250129699707031 0.0585403442382813 0.017791748046875
0.0583305358886719 -0.0138473510742188 0.0505561828613281 -0.010650634765625
0.0459365844726563 -0.0344352722167969 0.0317001342773437 -0.00750160217285156
0.0410423278808594 -0.0283622741699219 0.0194435119628906 0.00554466247558594
0.0433616638183594 -0.0331039428710938 0.0118732452392578 0.0237979888916016
0.0531005859375 -0.0225868225097656 -0.000690460205078118 0.0345878601074219
0.0531654357910156 0.00495529174804688 -0.025421142578125 0.0339870452880859
0.0457801818847656 0.0314979553222656 -0.0373420715332031 0.0134544372558594
0.0112075805664063 0.0560111999511719 -0.0317649841308594 -0.0207042694091797
-0.0284080505371094 0.0655746459960938 -0.0117311477661133 -0.00262451171875
-0.0610542297363281 0.0557594299316406 -0.035858154296875 0.0242118835449219
-0.0639724731445313 0.0162544250488281 -0.0137252807617187 0.0839462280273438
-0.0561141967773438 0.0414848327636719 -0.0273284912109375 0.100624084472656
-0.0245399475097656 0.0540122985839844 0.01202392578125 0.0861358642578125
0.0113143920898438 0.059539794921875 0.0386161804199219 0.0576934814453125
0.0417442321777344 0.0372962951660156 0.0382003784179688 0.0221290588378906
0.0591812133789062 -0.000392913818359375 0.0316181182861328 0.000637054443359375
0.0523757934570313 -0.0243759155273438 0.014103889465332 0.00965404510498047
0.0436325073242188 -0.021484375 0.0059967041015625 0.0215511322021484
0.0489730834960937 -0.0245933532714844 0.00135040283203126 0.0359306335449219
0.0554313659667969 -0.0129814147949219 -0.010650634765625 0.0414390563964844
0.0509796142578125 0.0128250122070313 -0.0299644470214844 0.0369606018066406
0.0374107360839844 0.0375785827636719 -0.037567138671875 0.0158843994140625
8.01086425781252E-05 0.0521659851074219 -0.0290050506591797 -0.0101871490478516
-0.0378952026367187 0.047943115234375 -0.0154018402099609 0.0154438018798828
-0.0619926452636719 0.0331535339355469 -0.0526046752929688 0.0377044677734375
-0.0433883666992188 -0.0120849609375 -0.0348587036132812 0.0841522216796875
-0.048309326171875 0.00918579101562499 -0.0444869995117188 0.0999832153320312
-0.0329723358154297 0.028350830078125 0.000656127929687502 0.0837554931640625
-0.00687026977539063 0.0460891723632813 0.0242156982421875 0.053192138671875
0.0213699340820313 0.037872314453125 0.02276611328125 0.01995849609375
0.0486793518066406 0.0150642395019531 0.013300895690918 0.00781917572021485
0.0487174987792969 -0.00953292846679688 -0.00254440307617187 0.0202007293701172
0.04205322265625 -0.0113487243652344 -0.00752639770507812 0.0344047546386719
0.0466499328613281 -0.0142936706542969 -0.0121612548828125 0.0461616516113281
0.0510597229003906 -0.003173828125 -0.023956298828125 0.0467376708984375
0.0443458557128906 0.0207633972167969 -0.0373802185058594 0.0361518859863281
0.02691650390625 0.0410690307617188 -0.0395355224609375 0.0132942199707031
-0.0142402648925781 0.0468978881835937 -0.0286502838134766 -0.00602531433105468
-0.0462150573730469 0.0289649963378906 -0.0232658386230469 0.0229701995849609
-0.0592384338378906 0.00465011596679688 -0.0693931579589844 0.0409202575683594
-0.0141334533691406 -0.0377845764160156 -0.0433502197265625 0.0768890380859375
-0.0271053314208984 -0.0226821899414063 -0.0494918823242188 0.0932159423828125
-0.0294284820556641 -0.00318717956542969 -0.00133514404296875 0.078460693359375
-0.0230655670166016 0.0208702087402344 0.0181083679199219 0.0438385009765625
-0.00165748596191406 0.0299015045166016 0.0124120712280273 0.0128679275512695
0.0275440216064453 0.0239143371582031 -0.00418853759765625 0.00909709930419922
0.0375251770019531 0.00664901733398438 -0.0176944732666016 0.0264453887939453
0.0331077575683594 0.000963211059570313 -0.0206527709960938 0.04248046875
0.0390739440917969 -0.00187301635742187 -0.0260086059570312 0.0534706115722656
0.0419731140136719 0.00722122192382813 -0.036651611328125 0.048919677734375
0.0330333709716797 0.0243625640869141 -0.0482254028320313 0.0343437194824219
0.0151023864746094 0.040191650390625 -0.0450363159179688 0.00913238525390626
-0.0254974365234375 0.0385169982910156 -0.0314235687255859 -0.00677871704101562
-0.0505256652832031 0.00546646118164062 -0.0330314636230469 0.0215587615966797
-0.0505218505859375 -0.0239219665527344 -0.0845794677734375 0.0345458984375
0.0160331726074219 0.0475578308105469 0.084686279296875 -0.02862548828125
0.0523414611816406 0.0120887756347656 0.0437126159667969 -0.0085296630859375
0.0283374786376953 -0.0281791687011719 0.0355606079101563 0.0119895935058594
0.00111961364746094 -0.0342311859130859 0.0593185424804687 0.00359725952148437
-0.0159931182861328 -0.0250339508056641 0.0640792846679688 -0.0257110595703125
-0.0329475402832031 -0.0131435394287109 0.0499267578125 -0.0523033142089844
-0.0277061462402344 -0.00792121887207031 0.0361175537109375 -0.0592117309570313
-0.0238170623779297 -0.00984764099121093 0.0280799865722656 -0.0459175109863281
-0.0270366668701172 -0.0207748413085938 0.0257797241210938 -0.0259017944335938
-0.00614356994628906 -0.0322132110595703 0.0163593292236328 -0.00974559783935547
0.021636962890625 -0.027557373046875 -0.00976467132568359 -0.007354736328125
0.0350265502929688 -0.00689888000488281 -0.0174655914306641 -0.0322170257568359
0.0303268432617188 0.0313453674316406 0.0073089599609375 -0.0760955810546875
0.0118255615234375 0.0571212768554688 0.0417556762695313 -0.0883255004882813
-0.0139808654785156 0.0582199096679688 0.0424652099609375 -0.0622482299804687
-0.0112113952636719 0.0649452209472656 0.0867919921875 -0.00702667236328125
0.0356826782226563 0.0411949157714844 0.0485191345214844 0.0106277465820313
0.0309467315673828 -0.00172042846679687 0.0411300659179687 0.0239067077636719
0.0188579559326172 -0.0155429840087891 0.0681838989257813 0.0147972106933594
0.00450325012207031 -0.0193386077880859 0.0749588012695313 -0.0174942016601563
-0.0107040405273438 -0.0229530334472656 0.0611953735351563 -0.0503273010253906
-0.00953865051269531 -0.0228347778320313 0.0461196899414063 -0.0571403503417969
-0.005279541015625 -0.0214099884033203 0.0347023010253906 -0.0420112609863281
-0.00502204895019531 -0.0319232940673828 0.0314998626708984 -0.0193729400634766
0.01641845703125 -0.0332908630371094 0.0194625854492188 -6.8664550781252E-05
0.0395622253417969 -0.0168914794921875 -0.0117702484130859 0.00294399261474609
0.045501708984375 0.01153564453125 -0.0251712799072266 -0.0197944641113281
0.0246658325195313 0.0512962341308594 -0.00882720947265624 -0.067352294921875
-0.00731658935546875 0.07550048828125 0.0255966186523437 -0.0744476318359375
-0.0370025634765625 0.0732421875 0.027496337890625 -0.0427589416503906
-0.0409011840820313 0.0713577270507812 0.0776138305664062 0.0209503173828125
0.00825881958007812 0.0661697387695313 0.0441017150878906 0.0369606018066406
0.0257701873779297 0.0301742553710938 0.0450286865234375 0.0423355102539063
0.0333919525146484 0.0108528137207031 0.0731964111328125 0.0288467407226563
0.0286445617675781 -0.00879859924316406 0.0791778564453125 -0.006683349609375
0.0181865692138672 -0.0285663604736328 0.0677032470703125 -0.04254150390625
0.0119667053222656 -0.0346546173095703 0.050079345703125 -0.0468368530273438
0.0139942169189453 -0.0299148559570312 0.0360870361328125 -0.0318641662597656
0.0164527893066406 -0.0377006530761719 0.0304069519042969 -0.00847434997558594
0.0349693298339844 -0.0332927703857422 0.0160255432128906 0.0101079940795898
0.0514907836914063 -0.00749588012695313 -0.0152568817138672 0.0154905319213867
0.0520744323730469 0.0217437744140625 -0.0324230194091797 -0.00643539428710938
0.0230026245117188 0.0613441467285156 -0.0236053466796875 -0.0519485473632813
-0.0173187255859375 0.0855712890625 0.0081939697265625 -0.0528717041015625
-0.0517120361328125 0.0802154541015625 0.00710868835449219 -0.0203418731689453
-0.0664634704589844 0.065643310546875 0.0549850463867187 0.0514335632324219
-0.0226593017578125 0.0783004760742188 0.0271110534667969 0.0658187866210938
0.0109329223632813 0.0577316284179687 0.0412406921386719 0.0607986450195313
0.0402679443359375 0.0392570495605469 0.0701179504394531 0.0438499450683594
0.0478706359863281 0.00858306884765625 0.074920654296875 0.0056915283203125
0.0447044372558594 -0.0265121459960938 0.0655364990234375 -0.0284042358398438
0.0327186584472656 -0.0402069091796875 0.0456085205078125 -0.0298347473144531
0.0315303802490234 -0.0330791473388672 0.0310554504394531 -0.0163040161132813
0.0343208312988281 -0.0391883850097656 0.0245037078857422 0.00583267211914062
0.0480003356933594 -0.0302352905273438 0.0108509063720703 0.0221004486083984
0.0565719604492188 -0.00188064575195313 -0.0181312561035156 0.0255031585693359
0.0535964965820313 0.0278511047363281 -0.0343055725097656 0.006378173828125
0.0210533142089844 0.0637168884277344 -0.0311203002929687 -0.0349159240722656
-0.0232315063476563 0.0823287963867187 -0.00365066528320313 -0.0284843444824219
-0.0592041015625 0.0768356323242188 -0.0131454467773438 0.00382137298583985
-0.0776901245117187 0.0474166870117188 0.0234451293945312 0.0744781494140625
-0.05023193359375 0.0722579956054688 0.00341796875000001 0.090240478515625
-0.0087738037109375 0.0704421997070313 0.029144287109375 0.077484130859375
0.032684326171875 0.0618438720703125 0.0580940246582031 0.0555458068847656
0.0544548034667969 0.0275497436523438 0.0602989196777344 0.016754150390625
0.06201171875 -0.0166015625 0.0529441833496094 -0.0136070251464844
0.0484848022460938 -0.0376853942871094 0.0326004028320313 -0.011138916015625
0.0429611206054688 -0.0319175720214844 0.0197792053222656 0.00213813781738281
0.0463523864746094 -0.0374679565429688 0.0144805908203125 0.0206089019775391
0.0559883117675781 -0.0257301330566406 0.00224685668945313 0.0319976806640625
0.0590705871582031 0.00487518310546875 -0.0215187072753906 0.0327110290527344
0.0506553649902344 0.0333328247070313 -0.0350246429443359 0.0137443542480469
0.0132942199707031 0.0614051818847656 -0.0300502777099609 -0.0206623077392578
-0.0293502807617188 0.0721282958984375 -0.00908946990966797 -0.00213336944580078
-0.0645179748535156 0.0625991821289063 -0.0328636169433594 0.0259151458740234
-0.0712890625 0.0195693969726562 -0.00980377197265625 0.0884552001953125
-0.0621871948242188 0.0466117858886719 -0.0243377685546875 0.103897094726563
-0.0295143127441406 0.0618667602539063 0.0141448974609375 0.085479736328125
0.0151863098144531 0.0670394897460938 0.0402946472167969 0.0575370788574219
0.0458030700683594 0.0392684936523438 0.0399932861328125 0.0215492248535156
0.0656623840332031 -0.00213623046875 0.0325088500976563 -0.000776290893554688
0.0554733276367187 -0.0283660888671875 0.0165386199951172 0.00707530975341797
0.0477027893066406 -0.0251922607421875 0.00707817077636719 0.0202789306640625
0.0524330139160156 -0.0294303894042969 0.00160598754882813 0.0351829528808594
0.0596923828125 -0.0172767639160156 -0.00963211059570313 0.0407371520996094
0.0570831298828125 0.0122909545898438 -0.0281524658203125 0.035675048828125
0.0426445007324219 0.0396652221679688 -0.0353355407714844 0.0154953002929688
0.000591278076171874 0.0580253601074219 -0.0276641845703125 -0.00988197326660157
-0.0401840209960938 0.0564002990722656 -0.0130901336669922 0.0165481567382813
-0.0665664672851563 0.0386009216308594 -0.0515670776367188 0.0408515930175781
-0.0511627197265625 -0.0109710693359375 -0.0328140258789063 0.0898056030273438
-0.054901123046875 0.0136795043945312 -0.0430450439453125 0.105110168457031
-0.0366706848144531 0.0340385437011719 0.00200653076171875 0.0847702026367187
-0.00690841674804688 0.0520401000976563 0.0246124267578125 0.0537071228027344
0.0267066955566406 0.0415077209472656 0.022186279296875 0.0203456878662109
0.0536918640136719 0.0121040344238281 0.0127477645874023 0.00792217254638672
0.0520515441894531 -0.0132598876953125 -0.00201034545898437 0.0216464996337891
0.0455856323242188 -0.0153312683105469 -0.00680732727050781 0.0348758697509766
0.0505561828613281 -0.0185661315917969 -0.0112190246582031 0.0468864440917969
0.0567893981933594 -0.00714111328125 -0.0229530334472656 0.0466957092285156
0.0494155883789063 0.0193023681640625 -0.0373191833496094 0.0351715087890625
0.03338623046875 0.0429954528808594 -0.0390396118164063 0.0132560729980469
-0.0130844116210938 0.0529212951660156 -0.0267410278320312 -0.00561714172363281
-0.0505218505859375 0.0354499816894531 -0.020751953125 0.0248737335205078
-0.0652198791503906 0.00939941406249999 -0.0711898803710938 0.0449905395507812
-0.021240234375 -0.03839111328125 -0.0432662963867188 0.0823135375976563
-0.0342922210693359 -0.0216999053955078 -0.048675537109375 0.0976181030273438
-0.0337905883789063 -0.000911712646484373 -0.000274658203125001 0.0786361694335938
-0.0239734649658203 0.0269641876220703 0.0176544189453125 0.0435981750488281
0.00157546997070313 0.0333747863769531 0.00993251800537109 0.013427734375
0.0328960418701172 0.0227756500244141 -0.00552749633789062 0.0102205276489258
0.0414085388183594 0.00352859497070313 -0.0184288024902344 0.0300464630126953
0.0359458923339844 -0.00240707397460937 -0.020477294921875 0.0458564758300781
0.0421104431152344 -0.00568771362304688 -0.0254592895507812 0.055389404296875
0.0468215942382813 0.00392532348632813 -0.0386466979980469 0.0500717163085937
0.0375938415527344 0.0233650207519531 -0.0484657287597656 0.0342254638671875
0.0196304321289062 0.042724609375 -0.0453262329101563 0.00846862792968751
-0.02471923828125 0.0419731140136719 -0.0305576324462891 -0.0058765411376953
-0.0551834106445313 0.0117340087890625 -0.0324287414550781 0.0255928039550781
-0.0560340881347656 -0.0207099914550781 -0.0881500244140625 0.0400619506835937
0.0213966369628906 0.0469932556152344 0.0889511108398437 -0.0358200073242188
0.0549049377441406 0.00711822509765625 0.0442276000976563 -0.0130271911621094
0.0272922515869141 -0.0320091247558594 0.0360107421875 0.0113983154296875
-0.00249099731445313 -0.036407470703125 0.0618247985839844 0.002655029296875
-0.0203590393066406 -0.0243968963623047 0.0674896240234375 -0.027679443359375
-0.0375404357910156 -0.00982284545898438 0.0515899658203125 -0.0567169189453125
-0.0305404663085937 -0.00380516052246094 0.0368919372558594 -0.0652618408203125
-0.0255222320556641 -0.00714492797851563 0.0290412902832031 -0.0515899658203125
-0.0311546325683594 -0.0179920196533203 0.0273990631103516 -0.0320453643798828
-0.0106143951416016 -0.0323448181152344 0.0196475982666016 -0.0135040283203125
0.0193843841552734 -0.0316295623779297 -0.00642871856689453 -0.00833797454833985
0.0359115600585938 -0.01104736328125 -0.0160808563232422 -0.0315456390380859
0.0359611511230469 0.029541015625 0.00643920898437501 -0.07745361328125
0.0189208984375 0.0580329895019531 0.0408248901367187 -0.0946578979492187
-0.00808334350585937 0.0614547729492188 0.0449867248535156 -0.0687332153320313
-0.00829315185546874 0.067230224609375 0.0935440063476563 -0.0133132934570312
0.0392265319824219 0.0389328002929688 0.050384521484375 0.00522613525390625
0.0311298370361328 -0.00311660766601563 0.0424461364746094 0.0229873657226563
0.0169944763183594 -0.0163583755493164 0.07208251953125 0.013580322265625
0.00348854064941406 -0.0199699401855469 0.0785598754882813 -0.020904541015625
-0.0123519897460937 -0.0212688446044922 0.0641403198242188 -0.0554084777832031
-0.0116844177246094 -0.0213375091552734 0.047027587890625 -0.0643119812011719
-0.00631904602050781 -0.020477294921875 0.0355224609375 -0.0493125915527344
-0.00712966918945312 -0.0312271118164062 0.0327014923095703 -0.0258865356445313
0.0140933990478516 -0.0346240997314453 0.0227794647216797 -0.00487327575683594
0.0394096374511719 -0.0200843811035156 -0.00730228424072265 0.00303077697753906
0.0475196838378906 0.00833892822265625 -0.0224132537841797 -0.0182914733886719
0.02984619140625 0.0521774291992188 -0.0101699829101562 -0.0666732788085938
-0.00151824951171875 0.0805892944335937 0.02471923828125 -0.0791549682617188
-0.033111572265625 0.0805892944335938 0.0311050415039062 -0.0482978820800781
-0.0406112670898438 0.0778274536132813 0.0861282348632813 0.017486572265625
0.0107345581054687 0.0687980651855469 0.0472259521484375 0.0332679748535156
0.027374267578125 0.0313091278076172 0.0469207763671875 0.0408592224121094
0.0352210998535156 0.0110015869140625 0.0779647827148438 0.0278396606445313
0.0301342010498047 -0.00884628295898438 0.0835952758789063 -0.0101165771484375
0.0176372528076172 -0.0293483734130859 0.0707321166992188 -0.0482177734375
0.0115127563476562 -0.0361061096191406 0.0514297485351563 -0.0541915893554688
0.0144367218017578 -0.0316543579101563 0.0372200012207031 -0.0379142761230469
0.0159912109375 -0.0401153564453125 0.0324020385742188 -0.0139827728271484
0.0349922180175781 -0.0363960266113281 0.0211219787597656 0.00597572326660156
0.0540657043457031 -0.0115013122558594 -0.0110254287719727 0.0142221450805664
0.0567283630371094 0.0201225280761719 -0.0287075042724609 -0.005279541015625
0.0280380249023438 0.0649070739746094 -0.0242843627929687 -0.052154541015625
-0.0127029418945312 0.0918350219726563 0.00798797607421875 -0.0564537048339844
-0.0492630004882813 0.0892333984375 0.0104827880859375 -0.0231914520263672
-0.0683822631835937 0.0737457275390625 0.0636062622070313 0.0497398376464844
-0.0225067138671875 0.08575439453125 0.0332183837890625 0.06451416015625
0.0125923156738281 0.0633888244628906 0.0431709289550781 0.0610389709472656
0.0439910888671875 0.041656494140625 0.0751571655273438 0.0438156127929688
0.0521202087402344 0.00828170776367188 0.0788650512695313 0.003173828125
0.0458755493164063 -0.0293502807617188 0.0680122375488281 -0.0346908569335938
0.0340423583984375 -0.043670654296875 0.04693603515625 -0.03662109375
0.0324974060058594 -0.0374870300292969 0.0319671630859375 -0.0212516784667969
0.0356330871582031 -0.0439376831054687 0.0257453918457031 0.000473022460937497
0.050140380859375 -0.0354652404785156 0.0151576995849609 0.0182266235351562
0.0614013671875 -0.00449371337890625 -0.0141582489013672 0.0246486663818359
0.0596923828125 0.0268669128417969 -0.0316905975341797 0.00722885131835938
0.0250968933105469 0.0671501159667969 -0.0310134887695313 -0.0347919464111328
-0.02032470703125 0.0911636352539063 -0.00208473205566407 -0.0288734436035156
-0.059844970703125 0.0867462158203125 -0.00957775115966797 0.00354671478271485
-0.083160400390625 0.054046630859375 0.0311965942382812 0.0772781372070313
-0.0522232055664063 0.080413818359375 0.00814819335937499 0.0919189453125
-0.00955200195312501 0.0772171020507813 0.0323486328125 0.0781936645507813
0.0384330749511719 0.0660781860351563 0.0621414184570313 0.0559806823730469
0.0608024597167969 0.0278778076171875 0.0633735656738281 0.0150718688964844
0.0666465759277344 -0.0202484130859375 0.054534912109375 -0.0183334350585938
0.0507736206054688 -0.0437431335449219 0.0354232788085938 -0.0144691467285156
0.0453758239746094 -0.037139892578125 0.0214900970458984 -0.00075340270996094
0.0492095947265625 -0.0426788330078125 0.0163211822509766 0.0178318023681641
0.0598526000976563 -0.0304794311523438 0.00531387329101563 0.02862548828125
0.064422607421875 0.00323486328125 -0.0195636749267578 0.0315113067626953
0.0572624206542969 0.034088134765625 -0.0324230194091797 0.0132579803466797
0.0166854858398438 0.0675201416015625 -0.0298309326171875 -0.0195388793945312
-0.0297317504882813 0.0817184448242188 -0.00689268112182617 -0.00332164764404296
-0.0667877197265625 0.0714187622070313 -0.0309619903564453 0.0274486541748047
-0.0795211791992188 0.0257339477539063 -0.003448486328125 0.0941238403320313
-0.0666351318359375 0.0554733276367188 -0.0189285278320313 0.107826232910156
-0.0297126770019531 0.0686149597167969 0.0169525146484375 0.0869598388671875
0.0194091796875 0.0730133056640625 0.043182373046875 0.0595512390136719
0.05279541015625 0.0410614013671875 0.0417060852050781 0.0208320617675781
0.0713424682617188 -0.0054168701171875 0.0337104797363281 -0.0017242431640625
0.0582733154296875 -0.0340080261230469 0.01666259765625 0.00593185424804687
0.0506401062011719 -0.0314521789550781 0.00876998901367188 0.0189876556396484
0.0562286376953125 -0.0364608764648438 0.00352096557617188 0.0342884063720703
0.0641822814941406 -0.0222930908203125 -0.00775909423828124 0.0391464233398438
0.0631523132324219 0.0103302001953125 -0.0266342163085938 0.0360641479492187
0.0503158569335938 0.0411415100097656 -0.0339775085449219 0.015655517578125
0.00332260131835937 0.0650558471679688 -0.0271072387695312 -0.0104217529296875
-0.0408897399902344 0.0643539428710938 -0.0107259750366211 0.0163936614990234
-0.07171630859375 0.0482254028320313 -0.0510597229003906 0.0448341369628906
-0.0597000122070313 -0.0079498291015625 -0.0302352905273438 0.0973434448242188
-0.0619850158691406 0.0188674926757813 -0.040191650390625 0.11083984375
-0.0403633117675781 0.0403938293457031 0.00534057617187499 0.0870437622070313
-0.00367355346679687 0.05938720703125 0.0258293151855469 0.0552635192871094
0.032440185546875 0.0441474914550781 0.0224037170410156 0.0202083587646484
0.06097412109375 0.00893402099609375 0.012333869934082 0.00803470611572266
0.0562820434570312 -0.0201187133789062 -0.00101089477539062 0.0228786468505859
0.0483131408691406 -0.0205802917480469 -0.00634384155273437 0.0367965698242188
0.0543174743652344 -0.0253105163574219 -0.0109748840332031 0.0482139587402344
0.0617141723632813 -0.0126991271972656 -0.0232315063476563 0.0468215942382812
0.0561408996582031 0.0178794860839844 -0.0377655029296875 0.0362815856933594
0.039459228515625 0.0452232360839844 -0.0390052795410156 0.0140228271484375
-0.0108528137207031 0.0594062805175781 -0.0263748168945313 -0.00624847412109375
-0.0532035827636719 0.044464111328125 -0.0190715789794922 0.0271453857421875
-0.0718841552734375 0.01678466796875 -0.0721969604492188 0.0507125854492187
-0.0280532836914062 -0.0390052795410156 -0.043701171875 0.0904006958007813
-0.0416793823242188 -0.0196533203125 -0.0468292236328125 0.103973388671875
-0.0383834838867188 0.00414276123046876 0.00128173828125 0.0798797607421875
-0.0237007141113281 0.0328121185302734 0.0167198181152344 0.0446662902832031
0.00667572021484375 0.0374298095703125 0.00876045227050781 0.0137252807617188
0.0390663146972656 0.0213241577148438 -0.00750255584716797 0.0118799209594727
0.0445518493652344 -0.00220870971679688 -0.0191669464111328 0.0324668884277344
0.0389175415039063 -0.00687408447265625 -0.0196647644042969 0.0492477416992188
0.0452194213867188 -0.01129150390625 -0.0251693725585937 0.0593109130859375
0.05035400390625 -0.00111770629882813 -0.039154052734375 0.0531883239746094
0.0437202453613281 0.0232353210449219 -0.0502204895019531 0.0363044738769531
0.0259017944335937 0.0447349548339844 -0.0468177795410156 0.0101814270019531
-0.0231246948242188 0.0484771728515625 -0.0309333801269531 -0.00624847412109375
-0.0578804016113281 0.0192604064941406 -0.0311241149902344 0.0295467376708984
-0.063262939453125 -0.0165748596191406 -0.0913238525390625 0.0461578369140625
0.0269050598144531 0.04693603515625 0.09136962890625 -0.0457611083984375
0.0586585998535156 -0.0005950927734375 0.0436553955078125 -0.0182113647460938
0.0245513916015625 -0.0363121032714844 0.0358505249023438 0.0100059509277344
-0.0072021484375 -0.037445068359375 0.0649871826171875 0.000164031982421873
-0.0253734588623047 -0.0222759246826172 0.0693016052246094 -0.0336189270019531
-0.0410194396972656 -0.00461196899414063 0.0520591735839844 -0.0625381469726563
-0.0314464569091797 0.00117683410644531 0.0336837768554688 -0.0726318359375
-0.0270462036132812 -0.00321388244628906 0.0262832641601563 -0.0588150024414063
-0.0337181091308594 -0.0127468109130859 0.0272560119628906 -0.038055419921875
-0.0155162811279297 -0.0321998596191406 0.0216197967529297 -0.0191936492919922
0.0148658752441406 -0.0346755981445312 -0.00499725341796875 -0.00912761688232422
0.0340118408203125 -0.0148487091064453 -0.0148525238037109 -0.0325222015380859
0.0421600341796875 0.0256729125976562 0.002166748046875 -0.0789031982421875
0.0274887084960938 0.0577850341796875 0.0363845825195313 -0.101753234863281
3.94812034581368E-18 0.0644798278808594 0.0444412231445312 -0.0786666870117188
-0.00479507446289062 0.0697288513183594 0.0980911254882812 -0.0239334106445312
0.0430374145507813 0.03765869140625 0.0515480041503906 0.000110626220703127
0.03082275390625 -0.00542831420898438 0.0442314147949219 0.0213546752929688
0.0156936645507813 -0.0182304382324219 0.076202392578125 0.0105056762695312
0.000370025634765624 -0.019256591796875 0.0817337036132813 -0.02764892578125
-0.0137157440185547 -0.019073486328125 0.0642662048339844 -0.0638008117675781
-0.0128383636474609 -0.0202693939208984 0.0454940795898438 -0.0750579833984375
-0.00808143615722656 -0.0205192565917969 0.034576416015625 -0.0574302673339844
-0.0109901428222656 -0.0300521850585938 0.0317134857177734 -0.0341072082519531
0.0121879577636719 -0.0361061096191406 0.0256271362304688 -0.0112800598144531
0.0380134582519531 -0.0239372253417969 -0.00421524047851562 0.000518083572387694
0.0503273010253906 0.00482559204101563 -0.0209808349609375 -0.017364501953125
0.0363960266113281 0.0517044067382813 -0.0140151977539062 -0.0665931701660156
0.00683593750000001 0.0837554931640625 0.0222930908203125 -0.0849609375
-0.0270919799804688 0.0873870849609375 0.0322418212890625 -0.0562095642089844
-0.0384292602539063 0.0849761962890625 0.094329833984375 0.00830078125000001
0.0156402587890625 0.0705490112304687 0.0514793395996094 0.0285263061523438
0.0280170440673828 0.0316963195800781 0.04913330078125 0.0402336120605469
0.0383186340332031 0.01123046875 0.082122802734375 0.0246200561523438
0.0295085906982422 -0.0108852386474609 0.087066650390625 -0.0158004760742188
0.0168285369873047 -0.0310573577880859 0.0713119506835938 -0.05633544921875
0.0103225708007812 -0.0377883911132813 0.0498695373535156 -0.0631637573242188
0.0139102935791016 -0.0347862243652344 0.0362930297851563 -0.0454597473144531
0.0148887634277344 -0.04443359375 0.0331611633300781 -0.0214786529541016
0.0346908569335938 -0.0401992797851563 0.0243930816650391 -0.000247955322265627
0.0553131103515625 -0.0160598754882813 -0.00698661804199218 0.011378288269043
0.0600128173828125 0.0159492492675781 -0.0255184173583984 -0.00402069091796875
0.0346908569335938 0.0653953552246094 -0.0251541137695313 -0.0512428283691406
-0.00516510009765624 0.0979995727539063 0.00571060180664062 -0.0593032836914062
-0.0445632934570313 0.0990142822265625 0.0138778686523437 -0.0274677276611328
-0.0673294067382813 0.0838241577148438 0.0723648071289063 0.04669189453125
-0.0197067260742188 0.0916366577148438 0.0398712158203125 0.0623054504394531
0.0165214538574219 0.0679206848144531 0.0475921630859375 0.060882568359375
0.0502281188964844 0.0424842834472656 0.0798187255859375 0.0419082641601563
0.0579986572265625 0.00487518310546875 0.0826034545898438 -0.00177001953125
0.0463447570800781 -0.03424072265625 0.0690689086914063 -0.042144775390625
0.0330047607421875 -0.0486602783203125 0.0474319458007813 -0.0430183410644531
0.0313835144042969 -0.0427055358886719 0.0309677124023438 -0.0277423858642578
0.0359916687011719 -0.0503883361816406 0.0271987915039063 -0.00607872009277344
0.0506057739257813 -0.039886474609375 0.0171451568603516 0.0131378173828125
0.0671348571777344 -0.0106620788574219 -0.0099945068359375 0.02294921875
0.0660057067871094 0.0253105163574219 -0.0287380218505859 0.0081329345703125
0.0322113037109375 0.0721664428710938 -0.0327491760253906 -0.0336208343505859
-0.0151290893554688 0.100875854492188 -0.00325202941894531 -0.0322036743164063
-0.057220458984375 0.0991744995117188 -0.00630807876586915 0.00190019607543946
-0.08819580078125 0.0659332275390625 0.040740966796875 0.0766677856445312
-0.051025390625 0.0902023315429687 0.0157546997070312 0.09356689453125
-0.0060882568359375 0.0850448608398438 0.0378189086914063 0.0781707763671875
0.0473823547363281 0.0692977905273438 0.0671005249023438 0.0549850463867188
0.0668907165527344 0.0256233215332031 0.0677871704101563 0.0123519897460938
0.0687904357910156 -0.0264625549316406 0.0546607971191406 -0.0219764709472656
0.05096435546875 -0.0521202087402344 0.035003662109375 -0.0199108123779297
0.0462989807128906 -0.0447196960449219 0.0227851867675781 -0.00407600402832032
0.0503692626953125 -0.0505638122558594 0.0180473327636719 0.014556884765625
0.0625343322753906 -0.037872314453125 0.00765037536621094 0.0249900817871094
0.070220947265625 -0.00227737426757812 -0.0168609619140625 0.0300941467285156
0.0656890869140625 0.0311813354492187 -0.0299282073974609 0.0139064788818359
0.0232391357421875 0.0717239379882813 -0.0306148529052734 -0.0197410583496094
-0.02532958984375 0.0915374755859375 -0.00544929504394531 -0.00288629531860351
-0.0658416748046875 0.0830917358398438 -0.027984619140625 0.029052734375
-0.086212158203125 0.0369415283203125 0.00502014160156251 0.0974044799804687
-0.0695533752441406 0.0660896301269531 -0.0124282836914063 0.113426208496094
-0.0289459228515625 0.079559326171875 0.0231170654296875 0.0889968872070312
0.0264816284179687 0.0789108276367188 0.0477981567382813 0.0592689514160156
0.060516357421875 0.0406036376953125 0.0446128845214844 0.0211601257324219
0.0764617919921875 -0.01385498046875 0.034271240234375 -0.0044708251953125
0.0603446960449219 -0.04364013671875 0.0193576812744141 0.00319862365722656
0.0530967712402344 -0.0383949279785156 0.00921249389648438 0.0199775695800781
0.0575103759765625 -0.0466461181640625 0.00511550903320313 0.0314121246337891
0.066558837890625 -0.0312690734863281 -0.0050201416015625 0.0388526916503906
0.0707244873046875 0.0034637451171875 -0.0258331298828125 0.0359039306640625
0.0591392517089844 0.0404891967773438 -0.0331363677978516 0.0162868499755859
0.00920867919921874 0.069061279296875 -0.0287322998046875 -0.0111484527587891
-0.0410995483398437 0.0758514404296875 -0.0074005126953125 0.0171537399291992
-0.0735702514648438 0.0577011108398437 -0.0485305786132813 0.0490036010742188
-0.06689453125 -0.000770568847656249 -0.0253219604492187 0.106025695800781
-0.0667076110839844 0.0294418334960938 -0.033233642578125 0.119453430175781
-0.042144775390625 0.0497856140136719 0.00939941406249999 0.0885696411132813
0.00113677978515624 0.0673065185546875 0.0287666320800781 0.0552139282226563
0.0395698547363281 0.0451316833496094 0.0232620239257813 0.0200309753417969
0.065704345703125 0.00288009643554687 0.0114116668701172 0.00788021087646484
0.0578842163085938 -0.0277290344238281 -0.000200271606445308 0.0242290496826172
0.050018310546875 -0.0276832580566406 -0.0048370361328125 0.0384292602539063
0.056976318359375 -0.0339469909667969 -0.0103569030761719 0.0494041442871094
0.0654945373535156 -0.020751953125 -0.0218315124511719 0.0486030578613281
0.0633621215820313 0.0145034790039063 -0.0371780395507813 0.0383720397949219
0.0488090515136719 0.0446662902832031 -0.0387153625488281 0.0149879455566406
-0.00606918334960938 0.0659294128417969 -0.0273456573486328 -0.00595283508300781
-0.0535507202148438 0.054779052734375 -0.0155696868896484 0.0302658081054688
-0.0761260986328125 0.025543212890625 -0.0714187622070313 0.05853271484375
-0.0361328125 -0.0379104614257813 -0.0389404296875 0.100135803222656
-0.0485382080078125 -0.0150871276855469 -0.0413970947265625 0.113288879394531
-0.0426979064941406 0.0099945068359375 0.00641632080078124 0.0817642211914062
-0.0212135314941406 0.0405197143554688 0.0186271667480469 0.045440673828125
0.0133476257324219 0.0385704040527344 0.00640010833740235 0.0149879455566406
0.0443572998046875 0.0172042846679688 -0.00804519653320312 0.0152406692504883
0.0473976135253906 -0.00833892822265625 -0.0168304443359375 0.0387802124023438
0.0411605834960938 -0.0111656188964844 -0.0177536010742188 0.0556755065917969
0.04620361328125 -0.0174102783203125 -0.0234565734863281 0.0650405883789063
0.0552825927734375 -0.00701141357421875 -0.0395965576171875 0.05780029296875
0.0494956970214844 0.02056884765625 -0.0517311096191406 0.0394554138183594
0.0322608947753906 0.0448341369628906 -0.0493278503417969 0.0114974975585938
-0.0203933715820313 0.0556221008300781 -0.0319385528564453 -0.00659942626953125
-0.0602645874023437 0.0269660949707031 -0.0283546447753906 0.0334110260009766
-0.0694007873535156 -0.00958633422851561 -0.0943984985351563 0.0555343627929688
0.0329971313476563 0.0406761169433594 0.091552734375 -0.0567398071289063
0.0590591430664063 -0.00651931762695313 0.0410728454589844 -0.0265312194824219
0.0199012756347656 -0.0397720336914063 0.034637451171875 0.0084381103515625
-0.0137176513671875 -0.0373382568359375 0.06597900390625 -0.00549697875976563
-0.02947998046875 -0.0205955505371094 0.0722885131835938 -0.0383529663085938
-0.0412864685058594 0.00193786621093749 0.050201416015625 -0.07080078125
-0.0322322845458984 0.00701141357421875 0.0294418334960938 -0.0789794921875
-0.0276012420654297 -0.0004119873046875 0.0223808288574219 -0.0639610290527344
-0.0367622375488281 -0.00576782226562501 0.0218086242675781 -0.0458755493164063
-0.0196323394775391 -0.0321826934814453 0.01898193359375 -0.0242137908935547
0.0104255676269531 -0.0380172729492188 -0.00359153747558594 -0.0132579803466797
0.0311603546142578 -0.0217609405517578 -0.0144214630126953 -0.0309505462646484
0.0476799011230469 0.0198478698730469 -0.00234222412109375 -0.0795059204101563
0.0348091125488281 0.0548629760742188 0.0288543701171875 -0.105392456054688
0.0099029541015625 0.06475830078125 0.0399703979492188 -0.085906982421875
0.00432586669921876 0.071441650390625 0.0981826782226563 -0.0356369018554687
0.0463447570800781 0.0334281921386719 0.0528106689453125 -0.00900650024414063
0.0306587219238281 -0.00701141357421875 0.0431594848632813 0.0196037292480469
0.0103816986083984 -0.0204448699951172 0.0789260864257813 0.0056610107421875
-0.000654220581054688 -0.0200386047363281 0.0812835693359375 -0.0367202758789063
-0.0147876739501953 -0.0153341293334961 0.0613479614257813 -0.0719070434570313
-0.0143346786499023 -0.0172414779663086 0.0411529541015625 -0.0809402465820313
-0.00790786743164063 -0.0169086456298828 0.0289382934570313 -0.0640525817871094
-0.0121250152587891 -0.0280132293701172 0.0307807922363281 -0.0397682189941406
0.00777816772460937 -0.0380668640136719 0.0278549194335938 -0.0164985656738281
0.0363121032714844 -0.0271453857421875 -0.00280714035034179 -0.00104784965515137
0.0517845153808594 -0.00127029418945313 -0.0164165496826172 -0.0185317993164063
0.04229736328125 0.0463409423828125 -0.0169601440429687 -0.067657470703125
0.0173492431640625 0.0839004516601563 0.016021728515625 -0.0887908935546875
-0.0173873901367188 0.0930633544921875 0.0296401977539062 -0.064117431640625
-0.0302658081054688 0.0905380249023438 0.0997238159179688 -0.00264739990234374
0.0211105346679688 0.0719451904296875 0.0523223876953125 0.0193290710449219
0.0330791473388672 0.0297126770019531 0.0535888671875 0.0377998352050781
0.0392684936523438 0.00870895385742188 0.0851821899414062 0.0212478637695312
0.0291862487792969 -0.0108909606933594 0.0886764526367188 -0.0250091552734375
0.0166454315185547 -0.03155517578125 0.0695114135742188 -0.0662078857421875
0.00828933715820312 -0.0387802124023437 0.0454177856445313 -0.0713119506835938
0.0122795104980469 -0.0363426208496094 0.0317840576171875 -0.054534912109375
0.0118370056152344 -0.0452766418457031 0.0289497375488281 -0.0285205841064453
0.0322151184082031 -0.0447235107421875 0.0265846252441406 -0.00677108764648438
0.0535888671875 -0.0215263366699219 -0.00420665740966796 0.00869178771972656
0.064483642578125 0.0102958679199219 -0.0208549499511719 -0.00309371948242187
0.0427970886230469 0.0635223388671875 -0.0272789001464844 -0.0494117736816406
0.00630187988281249 0.102134704589844 0.00202560424804687 -0.0640411376953125
-0.0347671508789062 0.104751586914063 0.0132369995117187 -0.0352020263671875
-0.0649642944335938 0.0925979614257812 0.0798187255859375 0.0397415161132813
-0.0144271850585938 0.0956192016601562 0.0458908081054688 0.055908203125
0.0213546752929687 0.0698280334472656 0.0499382019042969 0.0573043823242188
0.0583038330078125 0.0413322448730469 0.084991455078125 0.0360336303710938
0.0600318908691406 0.0018310546875 0.087310791015625 -0.0102157592773438
0.0476608276367187 -0.0369300842285156 0.066619873046875 -0.0494346618652344
0.0304832458496094 -0.0556488037109375 0.0437088012695312 -0.0535049438476563
0.03033447265625 -0.048919677734375 0.0299758911132813 -0.0325050354003906
0.0318603515625 -0.0562515258789063 0.0254611968994141 -0.0129070281982422
0.0498504638671875 -0.048614501953125 0.0185794830322266 0.0079803466796875
0.0638427734375 -0.0162544250488281 -0.006866455078125 0.0193538665771484
0.0719375610351563 0.0183334350585938 -0.0247306823730469 0.00461578369140625
0.0409393310546875 0.0717010498046875 -0.0309848785400391 -0.0331306457519531
-0.00467681884765625 0.105972290039063 -0.00351715087890625 -0.0350780487060547
-0.0485763549804688 0.106002807617188 -0.00425362586975098 0.000374794006347663
-0.0840530395507813 0.077606201171875 0.05078125 0.0730743408203125
-0.0454940795898437 0.103935241699219 0.0246124267578125 0.0898208618164063
0.0026702880859375 0.0922622680664063 0.0421066284179688 0.075927734375
0.0542755126953125 0.0695533752441406 0.073516845703125 0.0524826049804688
0.0752716064453125 0.0202102661132812 0.0698165893554688 0.00857925415039063
0.0689468383789063 -0.0341072082519531 0.0527992248535156 -0.0288925170898438
0.0475311279296875 -0.0621185302734375 0.0348949432373047 -0.0257511138916016
0.0437431335449219 -0.0524253845214844 0.0210075378417969 -0.00939178466796875
0.0478324890136719 -0.0593757629394531 0.0193309783935547 0.00948905944824219
0.0619964599609375 -0.0454444885253906 0.0100975036621094 0.0236721038818359
0.0728988647460938 -0.00963592529296875 -0.0136299133300781 0.0312156677246094
0.0717544555664063 0.02838134765625 -0.0280055999755859 0.0153102874755859
0.0346603393554687 0.0753631591796875 -0.0300884246826172 -0.0195770263671875
-0.0173721313476563 0.0992050170898438 -0.00562334060668945 -0.00567293167114257
-0.0599822998046875 0.0950851440429688 -0.0236186981201172 0.0300979614257813
-0.0863800048828125 0.0410537719726563 0.0169754028320312 0.101875305175781
-0.0641555786132813 0.0792999267578125 -0.0027008056640625 0.112663269042969
-0.0212631225585938 0.0844497680664062 0.026702880859375 0.0850143432617188
0.037872314453125 0.080108642578125 0.0552597045898438 0.0610008239746094
0.067291259765625 0.0350418090820313 0.0470504760742188 0.0162162780761719
0.0797958374023438 -0.0206985473632813 0.035369873046875 -0.00885391235351563
0.0583572387695313 -0.0515518188476563 0.0186519622802734 0.00190544128417968
0.0518989562988281 -0.0455284118652344 0.0102090835571289 0.0173492431640625
0.0522422790527344 -0.05487060546875 0.00467872619628907 0.0314044952392578
0.0681724548339844 -0.0400123596191406 -0.00339126586914062 0.0378494262695313
0.07470703125 -0.0011749267578125 -0.02435302734375 0.0334949493408203
0.0665740966796875 0.0329856872558594 -0.0314598083496094 0.0151538848876953
0.0158767700195313 0.0729217529296875 -0.0282135009765625 -0.0123119354248047
-0.0320816040039063 0.0856857299804688 -0.00492477416992188 0.0180912017822266
-0.0668182373046875 0.0690422058105469 -0.0416107177734375 0.0535392761230469
-0.0695381164550781 0.00696945190429688 -0.0148773193359375 0.110359191894531
-0.0679664611816406 0.0381851196289063 -0.0251617431640625 0.122909545898438
-0.0394859313964844 0.0596427917480469 0.0143051147460938 0.0884475708007813
0.0101089477539063 0.0688629150390625 0.0335311889648438 0.0557975769042969
0.0470314025878906 0.0417861938476563 0.0245494842529297 0.0213699340820313
0.0698471069335938 -0.004852294921875 0.0108089447021484 0.00895595550537109
0.0547523498535156 -0.035369873046875 0.00350570678710938 0.0250377655029297
0.0485572814941406 -0.0356941223144531 -0.00147628784179687 0.0405540466308594
0.0556488037109375 -0.0406265258789062 -0.00551223754882813 0.0537681579589844
0.06317138671875 -0.0295448303222656 -0.0209007263183594 0.0509300231933594
0.0707244873046875 0.00591278076171875 -0.0358734130859375 0.0395431518554688
0.0571479797363281 0.04071044921875 -0.0362701416015625 0.0155563354492188
0.00319671630859375 0.0712356567382813 -0.0264606475830078 -0.00617218017578125
-0.0493507385253906 0.0672988891601563 -0.0134677886962891 0.0299606323242188
-0.0775604248046875 0.0376129150390625 -0.0687751770019531 0.0653915405273438
-0.0449867248535156 -0.0289382934570312 -0.031982421875 0.109550476074219
-0.0552902221679688 -0.00829315185546876 -0.0347061157226563 0.116973876953125
-0.0439186096191406 0.0176582336425781 0.0112380981445313 0.0818099975585937
-0.0141487121582031 0.0487747192382813 0.0175437927246094 0.0485382080078125
0.0188789367675781 0.0392799377441406 0.00428581237792969 0.0180168151855469
0.0492362976074219 0.0112648010253906 -0.00708198547363281 0.0170497894287109
0.0479774475097656 -0.0179824829101563 -0.0162734985351562 0.0436592102050781
0.039764404296875 -0.0166587829589844 -0.0118179321289063 0.0561294555664063
0.0480690002441406 -0.0257911682128906 -0.0173835754394531 0.0642356872558594
0.0556411743164063 -0.0186004638671875 -0.0367012023925781 0.062347412109375
0.053497314453125 0.0112457275390625 -0.0512275695800781 0.0412712097167969
0.038421630859375 0.0416717529296875 -0.0445671081542969 0.0141754150390625
-0.0152359008789062 0.0576171875 -0.0304374694824219 -0.00567245483398437
-0.0591583251953125 0.0339546203613281 -0.0251960754394531 0.0391845703125
-0.0741043090820313 0.00106811523437501 -0.0897293090820313 0.0683364868164062
0.0360450744628906 0.0380630493164063 0.0844879150390625 -0.0647811889648438
0.054443359375 -0.0140800476074219 0.0371742248535156 -0.0280609130859375
0.0145950317382813 -0.0410308837890625 0.0353202819824219 0.00696945190429687
-0.0175533294677734 -0.0342292785644531 0.0653190612792969 -0.00849533081054688
-0.0308017730712891 -0.0165348052978516 0.0675506591796875 -0.0441055297851563
-0.0395545959472656 0.00630187988281249 0.0460968017578125 -0.07293701171875
-0.0302467346191406 0.00848960876464844 0.0235824584960938 -0.0816268920898438
-0.02734375 0.00352478027343751 0.0151519775390625 -0.0661659240722656
-0.0367012023925781 -0.00242233276367188 0.0188217163085937 -0.0481109619140625
-0.0246315002441406 -0.0247917175292969 0.0193881988525391 -0.0293693542480469
0.00409698486328125 -0.0377311706542969 -0.000625610351562501 -0.0146665573120117
0.0285778045654297 -0.0239543914794922 -0.0142440795898437 -0.0318374633789063
0.0485992431640625 0.0142059326171875 -0.00445556640625 -0.0764617919921875
0.0431175231933594 0.0477676391601563 0.0222625732421875 -0.107223510742188
0.015960693359375 0.0618934631347656 0.035125732421875 -0.0920028686523437
0.00773620605468751 0.0700225830078125 0.0963058471679688 -0.0438919067382812
0.0466804504394531 0.0279426574707031 0.0481109619140625 -0.0131797790527344
0.0272178649902344 -0.00909614562988281 0.0435676574707031 0.0153579711914062
0.0108833312988281 -0.0201320648193359 0.0764389038085938 0.000564575195312499
-0.00155353546142578 -0.0174322128295898 0.0797119140625 -0.0402297973632813
-0.0167407989501953 -0.0124025344848633 0.0562591552734375 -0.076446533203125
-0.0138187408447266 -0.0160388946533203 0.0328598022460938 -0.0848464965820313
-0.009185791015625 -0.0186729431152344 0.0224876403808594 -0.0670242309570313
-0.0146942138671875 -0.0251541137695312 0.0244827270507812 -0.0466232299804688
0.00242996215820313 -0.0356178283691406 0.0237293243408203 -0.0242691040039063
0.0310783386230469 -0.0305519104003906 0.00160551071166992 -0.00537729263305664
0.049346923828125 -0.00669097900390625 -0.0165042877197266 -0.0167703628540039
0.0461158752441406 0.0422019958496094 -0.017822265625 -0.0640640258789063
0.0249481201171875 0.0815658569335937 0.00975799560546875 -0.0884857177734375
-0.0074615478515625 0.0907974243164062 0.0264930725097656 -0.06707763671875
-0.0261459350585937 0.093597412109375 0.0980224609375 -0.0114059448242187
0.0258102416992188 0.0697174072265625 0.0526084899902344 0.0148429870605469
0.0321331024169922 0.0308475494384766 0.0516815185546875 0.0316696166992188
0.0392646789550781 0.0060272216796875 0.0858688354492188 0.0126190185546875
0.0307579040527344 -0.0135784149169922 0.0859756469726563 -0.030548095703125
0.0124263763427734 -0.0303516387939453 0.0629348754882813 -0.0705337524414063
0.0054168701171875 -0.0388679504394531 0.0384750366210937 -0.0758438110351562
0.00858688354492187 -0.0392875671386719 0.0258598327636719 -0.0582275390625
0.008270263671875 -0.0450363159179688 0.0268840789794922 -0.0340156555175781
0.0259056091308594 -0.0459480285644531 0.0242996215820313 -0.0124568939208984
0.0532875061035156 -0.0268211364746094 -0.0007481575012207 0.00468730926513672
0.0651473999023438 0.00568389892578125 -0.0196819305419922 -0.00483131408691406
0.0475387573242188 0.0604057312011719 -0.0284614562988281 -0.0465431213378906
0.0140151977539062 0.101181030273438 -0.000320434570312493 -0.0624656677246094
-0.0255279541015625 0.108650207519531 0.014312744140625 -0.0367584228515625
-0.0582962036132813 0.098968505859375 0.0856475830078125 0.0277938842773438
-0.00510406494140624 0.0981597900390625 0.0464706420898438 0.0502662658691406
0.0265846252441406 0.069091796875 0.0525321960449219 0.051239013671875
0.0596733093261719 0.0360679626464844 0.085845947265625 0.0296478271484375
0.0594863891601562 -0.00223922729492187 0.0834503173828125 -0.0156402587890625
0.042999267578125 -0.0413665771484375 0.0618782043457031 -0.0561866760253906
0.025390625 -0.0573539733886719 0.0383987426757812 -0.0569610595703125
0.0265274047851562 -0.0502052307128906 0.0239181518554688 -0.0366401672363281
0.0275077819824219 -0.0574073791503906 0.0231704711914063 -0.0170936584472656
0.0457191467285156 -0.0525856018066406 0.0185966491699219 0.00101852416992187
0.0664443969726563 -0.022125244140625 -0.00390815734863281 0.0160760879516602
0.073486328125 0.0125198364257813 -0.0212268829345703 0.00620269775390625
0.0458145141601563 0.0700263977050781 -0.0316848754882813 -0.0290756225585937
0.00417327880859374 0.107925415039063 -0.00372314453125 -0.0344161987304687
-0.0407180786132813 0.112220764160156 -0.0019989013671875 -0.00324296951293945
-0.0812301635742188 0.0861053466796875 0.0575294494628906 0.0676994323730469
-0.036956787109375 0.104713439941406 0.030548095703125 0.0852432250976563
0.00757598876953125 0.0923309326171875 0.044158935546875 0.0698890686035156
0.0621185302734375 0.0651206970214844 0.0752792358398438 0.0446548461914063
0.076141357421875 0.0145263671875 0.0688972473144531 0.00200653076171875
0.0661964416503906 -0.0411834716796875 0.0497627258300781 -0.0337791442871094
0.0438957214355469 -0.0625343322753906 0.0302047729492188 -0.0291881561279297
0.0392570495605469 -0.05682373046875 0.0194950103759766 -0.0117092132568359
0.042755126953125 -0.0632362365722656 0.0158834457397461 0.00551891326904297
0.0569801330566406 -0.0537147521972656 0.00966262817382813 0.0164985656738281
0.0753250122070312 -0.0169219970703125 -0.0118331909179687 0.0265541076660156
0.0754547119140625 0.0213470458984375 -0.0241813659667969 0.0133743286132812
0.038330078125 0.0732574462890625 -0.0305976867675781 -0.0178279876708984
-0.00907135009765624 0.104080200195312 -0.0021519660949707 -0.00699520111083984
-0.0520401000976563 0.100791931152344 -0.01983642578125 0.0291748046875
-0.0850830078125 0.0569229125976562 0.0238265991210938 0.0954742431640625
-0.0599822998046875 0.08526611328125 0.00531768798828125 0.111404418945313
-0.016448974609375 0.0920791625976563 0.0330352783203125 0.0836105346679688
0.0460128784179688 0.0774154663085938 0.0535850524902344 0.0530929565429688
0.0742721557617188 0.0297164916992188 0.0457305908203125 0.0117416381835938
0.0764007568359375 -0.0295791625976563 0.0317668914794922 -0.0102920532226563
0.0521888732910156 -0.0592117309570313 0.0178775787353516 -0.000877380371093754
0.0456504821777344 -0.0527000427246094 0.0111083984375 0.0145063400268555
0.05023193359375 -0.0607452392578125 0.00671768188476563 0.0293331146240234
0.0643272399902344 -0.0488548278808594 -0.00225830078125 0.0334587097167969
0.0768890380859375 -0.00970458984375 -0.0204010009765625 0.0343914031982422
0.071533203125 0.0276565551757813 -0.0290050506591797 0.0163822174072266
0.0235061645507813 0.0745849609375 -0.0260639190673828 -0.0105304718017578
-0.0272216796875 0.0929489135742188 -0.000636100769042969 0.014622688293457
-0.0640029907226562 0.078216552734375 -0.0372886657714844 0.05523681640625
-0.0734786987304688 0.0144729614257813 -0.00576019287109376 0.111190795898438
-0.0653228759765625 0.04632568359375 -0.0144195556640625 0.120979309082031
-0.0357208251953125 0.0651092529296875 0.0195236206054687 0.084197998046875
0.017608642578125 0.0714492797851563 0.0338478088378906 0.0534934997558594
0.0536727905273438 0.0387611389160156 0.0239925384521484 0.0184822082519531
0.0702705383300781 -0.014007568359375 0.0108175277709961 0.00823879241943359
0.0534324645996094 -0.0433273315429688 0.00367546081542969 0.0245018005371094
0.0463333129882813 -0.04119873046875 0.000972747802734382 0.0385246276855469
0.0501708984375 -0.0501441955566406 -0.00299835205078125 0.0509376525878906
0.0636405944824219 -0.0377159118652344 -0.0167999267578125 0.0503273010253906
0.0699005126953125 -0.000690460205078125 -0.0347976684570313 0.0404624938964844
0.0613327026367187 0.0353965759277344 -0.0357742309570312 0.0167961120605469
0.00798797607421875 0.0716094970703125 -0.0255641937255859 -0.00543022155761719
-0.0437774658203125 0.0714797973632813 -0.00757980346679688 0.0302524566650391
-0.0721588134765625 0.0458755493164062 -0.0600738525390625 0.0692596435546875
-0.0470199584960938 -0.0283432006835937 -0.0249557495117188 0.109672546386719
-0.0567207336425781 -0.000785827636718761 -0.0251083374023438 0.11846923828125
-0.0433197021484375 0.0239181518554687 0.013580322265625 0.0777816772460938
-0.00996780395507813 0.0504493713378906 0.02001953125 0.0431938171386719
0.0254974365234375 0.0364875793457031 0.00720024108886719 0.0169525146484375
0.0498542785644531 0.00341415405273438 -0.00565147399902344 0.0203037261962891
0.045013427734375 -0.0221214294433594 -0.00973892211914062 0.0435943603515625
0.03778076171875 -0.0237922668457031 -0.00752639770507813 0.057403564453125
0.0450019836425781 -0.0307197570800781 -0.0134315490722656 0.067047119140625
0.0530776977539063 -0.0219955444335938 -0.0318107604980469 0.0622177124023438
0.0561332702636719 0.00637435913085938 -0.0483169555664063 0.0462837219238281
0.0439567565917969 0.037322998046875 -0.0477523803710938 0.0159149169921875
-0.00789642333984374 0.0617103576660156 -0.0307369232177734 -0.00349235534667968
-0.0541877746582031 0.0451202392578125 -0.0187568664550781 0.0384902954101563
-0.072235107421875 0.00753021240234374 -0.0834503173828125 0.0728683471679688
0.0369224548339844 0.0340690612792969 0.0798187255859375 -0.0682373046875
0.0513343811035156 -0.0174903869628906 0.0322494506835937 -0.0296173095703125
0.0111808776855469 -0.0408477783203125 0.0331783294677734 0.00656700134277343
-0.0192966461181641 -0.0326194763183594 0.0627212524414063 -0.009002685546875
-0.0312461853027344 -0.0130786895751953 0.0649337768554688 -0.0462493896484375
-0.0375099182128906 0.01055908203125 0.0418701171875 -0.0741653442382813
-0.0280628204345703 0.0113105773925781 0.0177536010742187 -0.0823287963867187
-0.0256309509277344 0.00574874877929687 0.0108146667480469 -0.0671272277832031
-0.0340156555175781 0.00110244750976562 0.0144500732421875 -0.0498466491699219
-0.0257358551025391 -0.0217056274414063 0.016571044921875 -0.0320549011230469
0.000423431396484379 -0.0365676879882813 -0.000113487243652344 -0.0167293548583984
0.0256576538085938 -0.0261497497558594 -0.0119609832763672 -0.031402587890625
0.0469436645507813 0.00839996337890625 -0.00634002685546874 -0.0743789672851563
0.0448226928710938 0.0428352355957031 0.0172882080078125 -0.105110168457031
0.0200958251953125 0.0579452514648438 0.0310592651367187 -0.0932388305664063
0.0114402770996094 0.0679550170898438 0.0921249389648438 -0.0494537353515625
0.0452728271484375 0.02386474609375 0.0432357788085937 -0.0161361694335938
0.0247116088867188 -0.00978851318359375 0.0418319702148438 0.0151824951171875
0.00929450988769531 -0.0186805725097656 0.0753555297851562 -0.00203704833984375
-0.00319004058837891 -0.0164852142333984 0.07635498046875 -0.0423660278320313
-0.01641845703125 -0.010167121887207 0.051788330078125 -0.078216552734375
-0.0140104293823242 -0.0148286819458008 0.0263900756835937 -0.086151123046875
-0.00969696044921875 -0.0177516937255859 0.0168914794921875 -0.068756103515625
-0.0147438049316406 -0.0226707458496094 0.0204544067382813 -0.048095703125
0.00107765197753906 -0.0344467163085938 0.0221023559570313 -0.0275230407714844
0.0279178619384766 -0.0315971374511719 0.00209331512451172 -0.00890254974365235
0.0464935302734375 -0.0084991455078125 -0.0136775970458984 -0.0192584991455078
0.0477027893066406 0.0384330749511719 -0.0180931091308594 -0.0604438781738281
0.0290603637695312 0.0767822265625 0.00674438476562499 -0.0871124267578125
-0.00194549560546875 0.0888595581054688 0.0242462158203125 -0.0695762634277344
-0.0202102661132813 0.0936737060546875 0.0953216552734375 -0.0179595947265625
0.0278587341308594 0.0663986206054688 0.0501136779785156 0.00926589965820313
0.0323448181152344 0.0298137664794922 0.0495109558105469 0.0300445556640625
0.0387535095214844 0.00468063354492188 0.0843124389648437 0.00978851318359375
0.0298480987548828 -0.0151443481445313 0.0827789306640625 -0.0337295532226563
0.0117988586425781 -0.0298519134521484 0.0577926635742187 -0.0725631713867187
0.00382614135742187 -0.0389900207519531 0.0326690673828125 -0.0779647827148438
0.0074615478515625 -0.037841796875 0.0206756591796875 -0.0590934753417969
0.00580978393554688 -0.0436515808105469 0.0220947265625 -0.0373382568359375
0.0236854553222656 -0.0457115173339844 0.0215950012207031 -0.0177726745605469
0.0506935119628906 -0.028961181640625 -0.000205457210540768 0.00107359886169433
0.0637283325195312 0.00231552124023438 -0.0167360305786133 -0.00733375549316407
0.0492820739746094 0.0566024780273438 -0.0277214050292969 -0.0445098876953125
0.0198516845703125 0.098052978515625 -0.00207901000976562 -0.0620346069335937
-0.01904296875 0.107650756835938 0.0127983093261719 -0.0398406982421875
-0.0518722534179688 0.102684020996094 0.0837554931640625 0.0210037231445313
4.57763671875006E-05 0.0974349975585938 0.0470619201660156 0.0437583923339844
0.0292396545410156 0.0692825317382813 0.0511894226074219 0.0489349365234375
0.0609893798828125 0.0336570739746094 0.0840225219726563 0.0259933471679688
0.0595779418945313 -0.0058441162109375 0.0799713134765625 -0.0183258056640625
0.0401420593261719 -0.0424766540527344 0.0561447143554688 -0.0572738647460938
0.0221290588378906 -0.0567741394042969 0.0336227416992188 -0.0589408874511719
0.0235519409179688 -0.0528144836425781 0.020263671875 -0.0398063659667969
0.024078369140625 -0.0592460632324219 0.0194015502929688 -0.0200614929199219
0.0413475036621094 -0.0538063049316406 0.0171184539794922 -0.00332927703857422
0.0651741027832031 -0.0269737243652344 -0.00360107421875 0.0127201080322266
0.0738906860351563 0.00885009765625 -0.0191097259521484 0.00396347045898437
0.0488967895507813 0.0664901733398438 -0.0303001403808594 -0.0285682678222656
0.01055908203125 0.106941223144531 -0.00378608703613281 -0.0348453521728516
-0.0324020385742188 0.112129211425781 -0.000422954559326174 -0.0056314468383789
-0.0752944946289063 0.0914154052734375 0.0595664978027344 0.0610160827636719
-0.0314102172851563 0.10723876953125 0.0323333740234375 0.0788650512695313
0.011993408203125 0.0938491821289063 0.0447769165039063 0.0672721862792969
0.0654716491699219 0.0605392456054688 0.0732955932617187 0.0411148071289063
0.0773849487304688 0.0095062255859375 0.0668411254882813 -0.000938415527343749
0.0630607604980469 -0.0444145202636719 0.0463333129882813 -0.0356521606445313
0.0381507873535156 -0.0650634765625 0.0287799835205078 -0.0316371917724609
0.0356941223144531 -0.0591278076171875 0.0166826248168945 -0.0150232315063477
0.0375900268554687 -0.0668983459472656 0.014617919921875 0.00343704223632812
0.0538597106933594 -0.0568962097167969 0.00848388671875 0.01361083984375
0.0733566284179687 -0.0222396850585937 -0.0106143951416016 0.0226497650146484
0.0770492553710937 0.0163955688476562 -0.0217018127441406 0.0105876922607422
0.042144775390625 0.07110595703125 -0.0286426544189453 -0.017364501953125
-0.00235748291015626 0.104377746582031 -0.00105476379394531 -0.00836753845214843
-0.0463485717773438 0.102859497070313 -0.0157718658447266 0.0269069671630859
-0.0826339721679688 0.0612869262695312 0.0284881591796875 0.0918045043945313
-0.0545806884765625 0.088623046875 0.0104446411132813 0.106124877929688
-0.0124130249023437 0.0936431884765625 0.0312957763671875 0.07843017578125
0.0504074096679687 0.07568359375 0.0544509887695312 0.0509033203125
0.0755996704101563 0.0256423950195313 0.0445709228515625 0.0124549865722656
0.0731887817382813 -0.034027099609375 0.0296039581298828 -0.0111637115478516
0.0482292175292969 -0.0612411499023438 0.017791748046875 -0.00173759460449219
0.042633056640625 -0.056640625 0.0103855133056641 0.0124473571777344
0.0453720092773438 -0.0644073486328125 0.00753211975097657 0.0267066955566406
0.0600395202636719 -0.0532760620117188 -0.00230598449707031 0.0315933227539063
0.0756301879882813 -0.015106201171875 -0.0203895568847656 0.0321254730224609
0.07275390625 0.0241241455078125 -0.0265178680419922 0.0148048400878906
0.0285491943359375 0.0739364624023438 -0.0250492095947266 -0.00955772399902343
-0.02032470703125 0.093505859375 0.000340461730957031 0.0125226974487305
-0.0595169067382813 0.0818099975585938 -0.0336189270019531 0.052978515625
-0.07232666015625 0.0206375122070312 0.000915527343750002 0.108261108398438
-0.0627288818359375 0.0511894226074219 -0.00952148437500001 0.117156982421875
-0.0317955017089844 0.0676689147949219 0.0193328857421875 0.0807266235351563
0.0235366821289062 0.0702896118164063 0.0344619750976563 0.0502815246582031
0.0569648742675781 0.0342788696289063 0.0234851837158203 0.0198822021484375
0.0678138732910156 -0.0190353393554687 0.0110912322998047 0.00857734680175781
0.0494194030761719 -0.0473785400390625 0.00539588928222657 0.0241184234619141
0.0425148010253906 -0.0452003479003906 0.00313568115234375 0.0373268127441406
0.0460853576660156 -0.0537757873535156 -0.0015869140625 0.0485801696777344
0.0594139099121094 -0.0437202453613281 -0.01593017578125 0.0486259460449219
0.0700187683105469 -0.00645828247070312 -0.0320968627929687 0.0400619506835938
0.0632133483886719 0.0308113098144531 -0.0348625183105469 0.0158557891845703
0.012847900390625 0.0709762573242188 -0.024688720703125 -0.00570297241210937
-0.03857421875 0.075225830078125 -0.004547119140625 0.0288753509521484
-0.0686492919921875 0.0511703491210937 -0.0548820495605469 0.0696563720703125
-0.050140380859375 -0.0238800048828125 -0.0181198120117187 0.108757019042969
-0.0553131103515625 0.00477981567382813 -0.0188674926757812 0.1156005859375
-0.041839599609375 0.028778076171875 0.0148391723632812 0.074493408203125
-0.0047607421875 0.0494346618652344 0.0201568603515625 0.0437164306640625
0.0291843414306641 0.0347194671630859 0.00568008422851563 0.0190887451171875
0.0496711730957031 -0.00048065185546875 -0.00542449951171875 0.0217151641845703
0.0422744750976563 -0.0269546508789062 -0.00670242309570312 0.0431137084960937
0.0365219116210938 -0.0272941589355469 -0.00498580932617188 0.0574722290039062
0.0404243469238281 -0.0355300903320313 -0.0104217529296875 0.0676765441894531
0.0509300231933594 -0.0275993347167969 -0.0294265747070313 0.0624275207519531
0.0565834045410156 0.00223159790039062 -0.0457382202148437 0.046630859375
0.0470771789550781 0.0336532592773438 -0.0447273254394531 0.0152397155761719
-0.00365066528320312 0.0605201721191406 -0.0293865203857422 -0.00478172302246093
-0.051300048828125 0.0479278564453125 -0.015106201171875 0.0376625061035156
-0.0698699951171875 0.0140533447265625 -0.0780029296875 0.0751953125
0.0380592346191406 0.031829833984375 0.0782852172851563 -0.0689239501953125
0.0491981506347656 -0.0185012817382813 0.02996826171875 -0.0293865203857422
0.0092315673828125 -0.04034423828125 0.0320682525634766 0.00716590881347656
-0.0207366943359375 -0.0312175750732422 0.0623626708984375 -0.00890350341796875
-0.0316123962402344 -0.0109996795654297 0.064361572265625 -0.0462150573730469
-0.0364303588867188 0.012542724609375 0.0416336059570312 -0.0755844116210937
-0.0264186859130859 0.0125522613525391 0.016021728515625 -0.0826416015625
-0.0243740081787109 0.00657081604003906 0.0086517333984375 -0.0673370361328125
-0.0333766937255859 0.00356101989746094 0.0124893188476562 -0.05078125
-0.0258331298828125 -0.0190143585205078 0.015289306640625 -0.0346565246582031
-0.0018157958984375 -0.0357780456542969 0.000598907470703124 -0.0195636749267578
0.0240077972412109 -0.0268611907958984 -0.0102310180664062 -0.0329189300537109
0.0465850830078125 0.00566482543945313 -0.0050048828125 -0.0728225708007813
0.0453872680664063 0.0390434265136719 0.0170974731445312 -0.103569030761719
0.0217475891113281 0.0551223754882813 0.029754638671875 -0.0947494506835938
0.013092041015625 0.0675125122070313 0.0905380249023438 -0.051513671875
0.0451164245605469 0.0226173400878906 0.0408744812011719 -0.01702880859375
0.0234107971191406 -0.00911140441894531 0.0404396057128906 0.01507568359375
0.00802993774414063 -0.0177726745605469 0.0744705200195313 -0.0019378662109375
-0.00319576263427734 -0.0153017044067383 0.0750885009765625 -0.0436630249023438
-0.0149030685424805 -0.00896263122558594 0.0511245727539063 -0.0788497924804688
-0.0132350921630859 -0.0137643814086914 0.0239639282226562 -0.0864410400390625
-0.00904464721679688 -0.0166835784912109 0.0140495300292969 -0.0691184997558594
-0.0142192840576172 -0.0213851928710938 0.017181396484375 -0.0493545532226563
-0.000177383422851565 -0.0331592559814453 0.0201816558837891 -0.0308113098144531
0.0259056091308594 -0.0318984985351563 0.00303840637207032 -0.0114316940307617
0.04541015625 -0.00963211059570313 -0.0113048553466797 -0.0211086273193359
0.0479736328125 0.0362472534179688 -0.0158653259277344 -0.0592613220214844
0.0312118530273437 0.0731964111328125 0.00637817382812501 -0.086151123046875
0.000877380371093751 0.0864715576171875 0.0246200561523438 -0.0714035034179688
-0.0184249877929688 0.0938186645507813 0.0941009521484375 -0.0208892822265625
0.0281715393066406 0.0654258728027344 0.0475540161132813 0.00735092163085938
0.0322475433349609 0.0305747985839844 0.0479202270507813 0.0295257568359375
0.0386009216308594 0.00439453125 0.0833358764648438 0.0093841552734375
0.0293827056884766 -0.0146961212158203 0.0817337036132813 -0.0342864990234375
0.0119552612304688 -0.0289058685302734 0.0556488037109375 -0.0727996826171875
0.00415420532226562 -0.0389823913574219 0.0297012329101563 -0.0791168212890625
0.00671386718750001 -0.0387496948242188 0.0175399780273438 -0.059906005859375
0.00528717041015625 -0.0435600280761719 0.0192489624023438 -0.0396690368652344
0.0225830078125 -0.0457649230957031 0.0196609497070313 -0.0210590362548828
0.0484695434570313 -0.029815673828125 0.000240683555603031 -0.00208914279937744
0.0632171630859375 0.0005340576171875 -0.0145244598388672 -0.00977802276611328
0.0501976013183594 0.0555801391601563 -0.0254669189453125 -0.0437583923339844
0.0222549438476563 0.0965042114257813 -0.001953125 -0.0624771118164062
-0.0162277221679688 0.1060791015625 0.0137214660644531 -0.0419845581054687
-0.050506591796875 0.104698181152344 0.0837860107421875 0.0183486938476563
0.00145721435546876 0.0973968505859375 0.0448341369628906 0.04046630859375
0.0296401977539063 0.0709686279296875 0.0494194030761719 0.0481986999511719
0.0618667602539062 0.0336456298828125 0.0836715698242188 0.0249176025390625
0.0600013732910156 -0.0067291259765625 0.0782623291015625 -0.0187911987304688
0.0397262573242188 -0.0427513122558594 0.0540695190429688 -0.0572242736816406
0.0214042663574219 -0.0580825805664063 0.0312843322753906 -0.0601768493652344
0.0224380493164063 -0.0541000366210938 0.0184135437011719 -0.0410957336425781
0.0227241516113281 -0.0607185363769531 0.0173263549804688 -0.0222301483154297
0.0397224426269531 -0.0555267333984375 0.0152530670166016 -0.00640678405761719
0.0648880004882813 -0.0287590026855469 -0.00403308868408203 0.00866842269897461
0.0741500854492188 0.0069122314453125 -0.0173358917236328 0.00104999542236328
0.0505409240722656 0.0656356811523438 -0.0288524627685547 -0.0289630889892578
0.0139694213867188 0.106559753417969 -0.0029754638671875 -0.0356063842773437
-0.0296707153320313 0.112373352050781 0.000226974487304686 -0.00724458694458007
-0.07379150390625 0.0942001342773438 0.06024169921875 0.0576858520507813
-0.0292434692382813 0.107986450195313 0.0318832397460938 0.0745010375976563
0.0133056640625 0.0959243774414063 0.0423851013183594 0.0657997131347656
0.0673179626464844 0.0597953796386719 0.0724411010742188 0.0400772094726563
0.0783004760742188 0.00799560546875 0.0651397705078125 -0.000823974609374999
0.0628318786621094 -0.0452919006347656 0.0445785522460938 -0.0354118347167969
0.0367202758789063 -0.0669212341308594 0.0267906188964844 -0.0328483581542969
0.0343208312988281 -0.0617332458496094 0.0153961181640625 -0.016021728515625
0.0356826782226562 -0.0683326721191406 0.012272834777832 0.000558853149414058
0.0518684387207031 -0.0595550537109375 0.00713443756103516 0.0111837387084961
0.0730438232421875 -0.0244674682617188 -0.0109710693359375 0.0204887390136719
0.0775833129882813 0.0134735107421875 -0.0209159851074219 0.0087127685546875
0.0438308715820313 0.07110595703125 -0.0270309448242187 -0.0174674987792969
7.62939453125115E-05 0.104927062988281 -0.000784873962402344 -0.00973224639892577
-0.0428085327148438 0.104286193847656 -0.0140190124511719 0.024505615234375
-0.08135986328125 0.0651702880859375 0.0297622680664062 0.0892715454101563
-0.0521774291992188 0.0910186767578125 0.0109100341796875 0.102302551269531
-0.00981903076171874 0.09576416015625 0.0298385620117188 0.0774612426757813
0.0531845092773438 0.0744476318359375 0.0529327392578125 0.0496673583984375
0.0768280029296875 0.0229339599609375 0.0438346862792969 0.0126876831054688
0.0721282958984375 -0.0367813110351562 0.0275421142578125 -0.0110836029052734
0.0455780029296875 -0.0630264282226563 0.0177555084228516 -0.00255393981933594
0.0401229858398438 -0.0589942932128906 0.010411262512207 0.0111188888549805
0.0424766540527344 -0.0669097900390625 0.00601959228515625 0.025543212890625
0.0584831237792969 -0.0563735961914062 -0.00351905822753906 0.0300464630126953
0.075531005859375 -0.0184555053710937 -0.0199604034423828 0.0299587249755859
0.0743331909179688 0.0219345092773438 -0.0261783599853516 0.0116710662841797
0.0307464599609375 0.0739517211914063 -0.0243034362792969 -0.0106754302978516
-0.0165023803710938 0.0952301025390625 0.0011453628540039 0.0108346939086914
-0.0564651489257813 0.08447265625 -0.0314788818359375 0.0521507263183594
-0.0731124877929688 0.0238265991210938 0.00246429443359374 0.106651306152344
-0.0618629455566406 0.0536994934082031 -0.00797271728515624 0.114967346191406
-0.0304336547851562 0.0709686279296875 0.0188446044921875 0.0785980224609375
0.0265235900878906 0.0702056884765625 0.0331039428710938 0.0495338439941406
0.0590782165527344 0.032196044921875 0.0221786499023438 0.0203952789306641
0.0670585632324219 -0.0218048095703125 0.00989246368408203 0.00951671600341797
0.0473899841308594 -0.0502204895019531 0.00635528564453125 0.0235843658447266
0.0403823852539063 -0.0481491088867188 0.0040130615234375 0.0365333557128906
0.0433692932128906 -0.0560035705566406 -0.00131607055664062 0.0478858947753906
0.057342529296875 -0.0465469360351563 -0.0164070129394531 0.0469703674316406
0.0701026916503906 -0.0096893310546875 -0.0321083068847656 0.0389442443847656
0.0651054382324219 0.0285415649414062 -0.0347003936767578 0.0141582489013672
0.015106201171875 0.0707855224609375 -0.0241031646728516 -0.00698471069335937
-0.0354766845703125 0.0778121948242188 -0.00355720520019531 0.0272388458251953
-0.0662040710449219 0.0537109375 -0.052642822265625 0.0688018798828125
-0.0515937805175781 -0.0208740234375 -0.0165481567382813 0.108314514160156
-0.0553207397460938 0.00813674926757813 -0.0177154541015625 0.113197326660156
-0.0412368774414062 0.0312843322753906 0.0136566162109375 0.072357177734375
-0.00179672241210938 0.0503005981445313 0.0183753967285156 0.0433578491210938
0.0314254760742188 0.0329437255859375 0.00512313842773438 0.0207138061523438
0.0499076843261719 -0.00390243530273437 -0.00526237487792969 0.0234260559082031
0.0406951904296875 -0.0287208557128906 -0.00471115112304687 0.0436019897460938
0.0346508026123047 -0.0301856994628906 -0.002899169921875 0.057373046875
0.0385589599609375 -0.0384979248046875 -0.01019287109375 0.0664558410644531
0.0490264892578125 -0.0299224853515625 -0.0288429260253906 0.0623741149902344
0.0568122863769531 -0.00103759765625 -0.0457763671875 0.0454788208007812
0.048736572265625 0.0307579040527344 -0.0448532104492188 0.0148773193359375
-0.00134658813476562 0.0604972839355469 -0.0281257629394531 -0.00580978393554687
-0.0483627319335937 0.0517349243164063 -0.0128326416015625 0.0366020202636719
-0.0679740905761719 0.0164222717285156 -0.076019287109375 0.0753707885742188
0.0391044616699219 0.0305442810058594 0.07928466796875 -0.0708084106445313
0.048583984375 -0.0201187133789063 0.0279788970947266 -0.0297470092773438
0.0086212158203125 -0.0412712097167969 0.0316314697265625 0.00868606567382812
-0.0220508575439453 -0.0310535430908203 0.0637741088867187 -0.00773239135742188
-0.0324916839599609 -0.00988578796386719 0.06585693359375 -0.0482330322265625
-0.0350437164306641 0.0141067504882813 0.0422821044921875 -0.0781936645507813
-0.0263309478759766 0.0139617919921875 0.0153045654296875 -0.0845260620117188
-0.0245399475097656 0.00741004943847656 0.008026123046875 -0.0695991516113281
-0.0322742462158203 0.00527000427246094 0.0110282897949219 -0.052947998046875
-0.0273761749267578 -0.0172004699707031 0.0146293640136719 -0.0369834899902344
-0.00432205200195313 -0.0347232818603516 0.00157356262207031 -0.0226726531982422
0.0230922698974609 -0.0282077789306641 -0.00790596008300781 -0.0337600708007813
0.047607421875 0.00387191772460938 -0.00322723388671875 -0.073516845703125
0.04681396484375 0.0373764038085938 0.018157958984375 -0.104515075683594
0.0240592956542969 0.0547676086425781 0.0308685302734375 -0.098052978515625
0.0136680603027344 0.0672836303710938 0.09222412109375 -0.0541458129882812
0.0447273254394531 0.0221023559570312 0.0392913818359375 -0.0175514221191406
0.0241794586181641 -0.0089569091796875 0.0404853820800781 0.017242431640625
0.00778388977050781 -0.0168056488037109 0.0758590698242188 -0.00133514404296875
-0.00319576263427734 -0.0147762298583984 0.0765914916992188 -0.045074462890625
-0.013585090637207 -0.00724029541015625 0.0511474609375 -0.0813217163085938
-0.0129766464233398 -0.0140457153320312 0.0225448608398437 -0.0887451171875
-0.0092315673828125 -0.0167312622070312 0.0118789672851563 -0.0711212158203125
-0.0137367248535156 -0.0206680297851563 0.0163116455078125 -0.053192138671875
-0.000448226928710937 -0.0321159362792969 0.0196990966796875 -0.0343589782714844
0.0250434875488281 -0.0319862365722656 0.00364875793457031 -0.0152215957641602
0.0456047058105469 -0.0103912353515625 -0.00929832458496093 -0.0236930847167969
0.0486831665039062 0.0354995727539063 -0.0137290954589844 -0.0600738525390625
0.0323944091796875 0.0735015869140625 0.0074462890625 -0.088104248046875
0.00189208984375 0.0869522094726562 0.0254135131835937 -0.07537841796875
-0.0174789428710937 0.0961837768554687 0.09564208984375 -0.0231781005859375
0.0295333862304687 0.0663185119628906 0.04595947265625 0.00666427612304688
0.0334358215332031 0.0321884155273437 0.04754638671875 0.0306053161621094
0.0395927429199219 0.00522232055664063 0.0844039916992188 0.0104293823242188
0.0303382873535156 -0.0152511596679688 0.0832061767578125 -0.0353164672851563
0.0127334594726562 -0.0289192199707031 0.0558624267578125 -0.0747604370117188
0.0037078857421875 -0.0398521423339844 0.0282135009765625 -0.0814971923828125
0.00653839111328125 -0.0392532348632813 0.0156898498535156 -0.0625534057617188
0.00522613525390625 -0.0442657470703125 0.0165519714355469 -0.0418701171875
0.0223731994628906 -0.0466461181640625 0.0191783905029297 -0.0248069763183594
0.0486373901367188 -0.0309219360351563 0.000760555267333987 -0.00525617599487305
0.0640068054199219 -0.000560760498046875 -0.0129251480102539 -0.0123662948608398
0.0515022277832031 0.0553741455078125 -0.023284912109375 -0.0449485778808594
0.02410888671875 0.0984420776367188 -0.00116729736328125 -0.0637893676757813
-0.0144882202148438 0.107994079589844 0.0146865844726563 -0.0448455810546875
-0.0503768920898438 0.107803344726563 0.08526611328125 0.01654052734375
0.00247955322265625 0.099273681640625 0.0441818237304688 0.03973388671875
0.0316696166992188 0.0727691650390625 0.0485763549804688 0.0493583679199219
0.0637741088867188 0.0332908630371094 0.0835800170898438 0.0261688232421875
0.0622138977050781 -0.00740814208984375 0.0797119140625 -0.01898193359375
0.0412826538085938 -0.04364013671875 0.0545883178710938 -0.058837890625
0.02069091796875 -0.059661865234375 0.0300216674804687 -0.0622482299804688
0.021728515625 -0.0564079284667969 0.016143798828125 -0.0431861877441406
0.0218772888183594 -0.0621185302734375 0.0150661468505859 -0.0237674713134766
0.0397300720214844 -0.0578804016113281 0.0143499374389648 -0.00961494445800781
0.065704345703125 -0.0305213928222656 -0.00478649139404297 0.0057835578918457
0.076141357421875 0.00588226318359375 -0.0168943405151367 -0.00208187103271484
0.0525245666503906 0.0672569274902344 -0.0278148651123047 -0.0302009582519531
0.0154190063476562 0.109489440917969 -0.00262451171875 -0.0374374389648437
-0.0283660888671875 0.1158447265625 0.00224018096923828 -0.0100536346435547
-0.0742721557617188 0.0985946655273437 0.0616111755371094 0.0572013854980469
-0.028717041015625 0.111236572265625 0.0311660766601562 0.0743331909179688
0.0158004760742188 0.0995559692382813 0.0414352416992188 0.06683349609375
0.0705490112304688 0.0611190795898438 0.0730667114257813 0.0413055419921875
0.081329345703125 0.006591796875 0.0659446716308594 -0.00107192993164062
0.0637626647949219 -0.0473976135253906 0.0437240600585938 -0.0352401733398438
0.0358543395996094 -0.0688133239746094 0.0262470245361328 -0.0345993041992188
0.0338973999023438 -0.0647621154785156 0.0145626068115234 -0.0169277191162109
0.0349807739257812 -0.0719146728515625 0.0103292465209961 -0.000161170959472661
0.0520477294921875 -0.062652587890625 0.00528049468994141 0.00895977020263672
0.0753707885742188 -0.0277786254882812 -0.0119056701660156 0.0183887481689453
0.0800552368164062 0.012420654296875 -0.0209751129150391 0.00493049621582031
0.0466842651367188 0.0733718872070313 -0.0269737243652344 -0.0194149017333984
0.00301361083984376 0.108619689941406 0.000562667846679688 -0.0110340118408203
-0.0427627563476562 0.107757568359375 -0.0129985809326172 0.0226554870605469
-0.0827407836914063 0.0699615478515625 0.0310592651367188 0.0897216796875
-0.0526962280273438 0.0951004028320313 0.0103073120117187 0.100959777832031
-0.00852203369140626 0.100357055664063 0.028533935546875 0.0786666870117188
0.056854248046875 0.0766754150390625 0.0531883239746094 0.0500259399414063
0.0803375244140625 0.0211868286132813 0.0452766418457031 0.0141067504882813
0.0730209350585938 -0.0392227172851563 0.027862548828125 -0.0109672546386719
0.0455436706542969 -0.0667800903320313 0.0180015563964844 -0.00347900390625
0.03973388671875 -0.0618400573730469 0.008941650390625 0.0110692977905273
0.0426406860351562 -0.0706863403320313 0.00425529479980469 0.0246906280517578
0.0583000183105469 -0.059814453125 -0.00447273254394531 0.0289382934570313
0.0772247314453125 -0.0208740234375 -0.0216655731201172 0.0297508239746094
0.0776596069335937 0.0207595825195312 -0.0275745391845703 0.00986671447753907
0.0340347290039062 0.0762863159179688 -0.0247154235839844 -0.0118236541748047
-0.015289306640625 0.0989837646484375 0.0033721923828125 0.00964355468750001
-0.0563583374023437 0.0870361328125 -0.0312309265136719 0.0516166687011719
-0.07550048828125 0.0270538330078125 0.00312042236328125 0.108421325683594
-0.0622062683105469 0.0571441650390625 -0.00841522216796875 0.115219116210938
-0.0296630859375 0.0757293701171875 0.0173721313476563 0.079681396484375
0.0306777954101563 0.0724945068359375 0.03265380859375 0.0511207580566406
0.0621376037597656 0.0308151245117187 0.0223007202148438 0.0223979949951172
0.0679435729980469 -0.0244865417480469 0.0102596282958984 0.0107240676879883
0.0467720031738281 -0.0529861450195312 0.00690841674804688 0.0238533020019531
0.0402374267578125 -0.0511894226074219 0.00464248657226563 0.0370597839355469
0.0427093505859375 -0.0602951049804687 -0.00252151489257813 0.0486946105957031
0.0577926635742188 -0.0506324768066406 -0.0166587829589844 0.0472679138183594
0.0723724365234375 -0.0126113891601562 -0.0339851379394531 0.0386924743652344
0.0684661865234375 0.0264625549316406 -0.0361557006835938 0.0132522583007812
0.0173187255859375 0.07373046875 -0.0246067047119141 -0.00823974609374999
-0.0335006713867187 0.0817184448242188 -0.00162887573242188 0.0264339447021484
-0.0669288635253906 0.0569114685058594 -0.0526084899902344 0.0697975158691406
-0.0543670654296875 -0.019866943359375 -0.0168991088867187 0.111175537109375
-0.0572433471679688 0.0100250244140625 -0.0178909301757813 0.114326477050781
-0.0412979125976563 0.0354232788085938 0.01165771484375 0.0728302001953125
0.000537872314453125 0.052337646484375 0.0186500549316406 0.0449943542480469
0.0340442657470703 0.0322971343994141 0.00473403930664063 0.0236320495605469
0.0505180358886719 -0.0064697265625 -0.00546073913574218 0.0251064300537109
0.0399932861328125 -0.0315132141113281 -0.00283050537109375 0.044647216796875
0.0341358184814453 -0.0324897766113281 -0.00183868408203125 0.0576324462890625
0.0373382568359375 -0.040740966796875 -0.00987243652343749 0.0685577392578125
0.0489654541015625 -0.03338623046875 -0.0297622680664062 0.0623359680175781
0.0589408874511719 -0.00249099731445313 -0.0471954345703125 0.0452651977539063
0.0507583618164062 0.0299491882324219 -0.0458145141601562 0.0145835876464844
0.000438690185546874 0.0627632141113281 -0.0290088653564453 -0.00715446472167968
-0.0477409362792969 0.0537948608398437 -0.0117111206054688 0.0361824035644531
-0.0678138732910156 0.0183906555175781 -0.0758743286132813 0.0768051147460937
0.0417327880859375 0.0300331115722656 0.08123779296875 -0.0761947631835938
0.0489540100097656 -0.0225181579589844 0.0275516510009766 -0.0313243865966797
0.0071563720703125 -0.042510986328125 0.0328807830810547 0.00941848754882812
-0.0245170593261719 -0.0300178527832031 0.0667457580566406 -0.00798416137695313
-0.0346527099609375 -0.00840187072753906 0.0675430297851563 -0.0518722534179688
-0.0351638793945313 0.017608642578125 0.042724609375 -0.08367919921875
-0.0262680053710938 0.0164394378662109 0.0135421752929688 -0.0892333984375
-0.0241584777832031 0.00907516479492188 0.00501251220703124 -0.072784423828125
-0.0325584411621094 0.00796127319335938 0.00896072387695313 -0.0566902160644531
-0.0282974243164063 -0.0159034729003906 0.0129547119140625 -0.0414352416992188
-0.00667190551757813 -0.0356254577636719 0.00166702270507813 -0.0259513854980469
0.0220508575439453 -0.0303535461425781 -0.00644683837890625 -0.0371360778808594
0.0491485595703125 0.00156784057617188 -0.00270843505859374 -0.0758895874023438
0.0502586364746094 0.0358428955078125 0.0172195434570313 -0.10906982421875
0.0274238586425781 0.0555267333984375 0.0301895141601563 -0.104400634765625
0.0164566040039063 0.0700225830078125 0.0949172973632813 -0.0580825805664063
0.0467338562011719 0.0222663879394531 0.0385818481445313 -0.0192413330078125
0.0247383117675781 -0.00887107849121094 0.0417938232421875 0.0178909301757813
0.00808906555175781 -0.0173635482788086 0.0797653198242187 -0.00180816650390625
-0.00396060943603516 -0.0145101547241211 0.079193115234375 -0.0485992431640625
-0.0132980346679688 -0.00662803649902344 0.05145263671875 -0.0872573852539063
-0.0132045745849609 -0.0138463973999023 0.0205307006835938 -0.0942306518554688
-0.0103626251220703 -0.0172519683837891 0.01019287109375 -0.0754852294921875
-0.0138397216796875 -0.0205917358398437 0.0136528015136719 -0.0559768676757813
-0.00124168395996093 -0.0328807830810547 0.0186500549316406 -0.0391845703125
0.024505615234375 -0.0336494445800781 0.00396919250488281 -0.0184841156005859
0.0465164184570313 -0.0120582580566406 -0.00810432434082031 -0.0262603759765625
0.0514564514160156 0.0352020263671875 -0.01324462890625 -0.0620079040527344
0.0363311767578125 0.07501220703125 0.00743865966796875 -0.0914840698242188
0.00458526611328125 0.0899581909179688 0.026275634765625 -0.0808181762695313
-0.0160064697265625 0.100982666015625 0.0992202758789063 -0.02655029296875
0.0312843322753906 0.068389892578125 0.0463752746582031 0.00449752807617188
0.0359153747558594 0.0340805053710938 0.0479660034179688 0.031951904296875
0.0420570373535156 0.00461196899414062 0.08758544921875 0.0101242065429688
0.0317630767822266 -0.0161857604980469 0.086273193359375 -0.0385589599609375
0.0135993957519531 -0.0299968719482422 0.0568389892578125 -0.0798797607421875
0.00297164916992187 -0.0419960021972656 0.0261459350585938 -0.0865859985351563
0.00616455078125 -0.0417594909667969 0.0129318237304687 -0.06689453125
0.00479507446289063 -0.0466651916503906 0.0146560668945313 -0.0457420349121094
0.0218353271484375 -0.0489654541015625 0.0171432495117188 -0.0291175842285156
0.049560546875 -0.03399658203125 0.000361442565917971 -0.00924873352050781
0.06640625 -0.00241470336914063 -0.0125970840454102 -0.014399528503418
0.0559883117675781 0.0574378967285156 -0.0232620239257812 -0.0466880798339844
0.0281143188476562 0.101417541503906 -0.00149154663085937 -0.0670356750488281
-0.0122451782226563 0.1126708984375 0.0156707763671875 -0.0490264892578125
-0.049041748046875 0.115036010742188 0.0893630981445313 0.0142059326171875
0.00476837158203126 0.105262756347656 0.0446052551269531 0.0388336181640625
0.0360107421875 0.0775985717773438 0.0493812561035156 0.0516357421875
0.0688209533691406 0.0336532592773438 0.087646484375 0.0258407592773438
0.0647659301757813 -0.00983428955078125 0.08245849609375 -0.0211105346679687
0.0417747497558594 -0.0463943481445312 0.0550994873046875 -0.0615577697753906
0.0201225280761719 -0.0639228820800781 0.0284347534179688 -0.066131591796875
0.0209617614746094 -0.0604782104492187 0.0139846801757813 -0.0470695495605469
0.0209197998046875 -0.0663108825683594 0.0131378173828125 -0.0263042449951172
0.0404396057128906 -0.0609664916992187 0.0121068954467773 -0.0126752853393555
0.0682334899902344 -0.0342674255371094 -0.00494050979614257 0.00396966934204101
0.0802383422851563 0.0036773681640625 -0.0171098709106445 -0.00390338897705078
0.0567245483398438 0.0699310302734375 -0.0281620025634766 -0.0317878723144531
0.0205307006835937 0.114387512207031 -0.00246429443359375 -0.0397872924804687
-0.0271759033203125 0.12091064453125 0.00294113159179687 -0.0136070251464844
-0.0752639770507813 0.106941223144531 0.0660820007324219 0.0566902160644531
-0.0269241333007812 0.118782043457031 0.0318756103515625 0.0749359130859375
0.0203170776367188 0.10589599609375 0.0422439575195313 0.0692024230957031
0.0761566162109375 0.0624465942382813 0.07568359375 0.0417938232421875
0.0855255126953125 0.003875732421875 0.0685844421386719 -0.00117874145507812
0.0650749206542969 -0.0512771606445313 0.0453910827636719 -0.036834716796875
0.0355987548828125 -0.0741729736328125 0.0256004333496094 -0.0374183654785156
0.032470703125 -0.0696487426757813 0.0136146545410156 -0.0199069976806641
0.0336456298828125 -0.0770187377929688 0.00913715362548828 -0.00160026550292969
0.0516014099121094 -0.0676994323730469 0.00396442413330078 0.00695800781249999
0.0780181884765625 -0.0325241088867188 -0.0126028060913086 0.0167264938354492
0.0858840942382813 0.0100250244140625 -0.0219402313232422 0.004302978515625
0.051727294921875 0.07684326171875 -0.0266399383544922 -0.0205535888671875
0.00730895996093749 0.115219116210938 0.00111961364746094 -0.0132207870483398
-0.0422592163085938 0.1142578125 -0.0124855041503906 0.0219364166259766
-0.0859298706054688 0.0769424438476563 0.033966064453125 0.091705322265625
-0.0527572631835938 0.102310180664063 0.011444091796875 0.103919982910156
-0.00585937500000001 0.108245849609375 0.0298233032226563 0.0807876586914063
0.0631179809570313 0.0783538818359375 0.0557098388671875 0.0522499084472656
0.0859222412109375 0.0194015502929688 0.0467338562011719 0.0150794982910156
0.075958251953125 -0.0439682006835937 0.0288887023925781 -0.0101814270019531
0.045013427734375 -0.0720977783203125 0.0184516906738281 -0.00516700744628907
0.0387344360351563 -0.0677337646484375 0.0100317001342773 0.0097503662109375
0.041046142578125 -0.0767669677734375 0.00461769104003906 0.0257244110107422
0.0582466125488281 -0.0660667419433594 -0.00559043884277344 0.0285968780517578
0.0812530517578125 -0.0259475708007813 -0.02294921875 0.0294227600097656
0.0832672119140625 0.018402099609375 -0.0285377502441406 0.00985336303710937
0.0388031005859375 0.0796661376953125 -0.0247840881347656 -0.0133590698242187
-0.0117950439453125 0.105857849121094 0.00401782989501953 0.0085291862487793
-0.055633544921875 0.0944061279296875 -0.0304412841796875 0.05255126953125
-0.07891845703125 0.0325393676757812 0.00556182861328124 0.112709045410156
-0.0636444091796875 0.0631027221679688 -0.00715637207031251 0.11846923828125
-0.0282974243164063 0.0823287963867188 0.0174407958984375 0.08197021484375
0.035247802734375 0.0750350952148438 0.0338058471679688 0.0533180236816406
0.0677223205566406 0.0297203063964844 0.0236740112304688 0.0243282318115234
0.0706405639648437 -0.0282440185546875 0.0112667083740234 0.0131950378417969
0.0458641052246094 -0.0578994750976563 0.00835037231445313 0.0243186950683594
0.0393714904785156 -0.0560722351074219 0.00546646118164063 0.0375442504882813
0.0418777465820312 -0.0655708312988281 -0.00173187255859375 0.050872802734375
0.0574836730957031 -0.0555381774902344 -0.0177383422851562 0.0488967895507813
0.0758819580078125 -0.01654052734375 -0.0356864929199219 0.0403022766113281
0.0729293823242187 0.025146484375 -0.0372886657714844 0.0131568908691406
0.02142333984375 0.0773086547851563 -0.0257167816162109 -0.00929069519042968
-0.03125 0.0878448486328125 0.000219345092773434 0.0262641906738281
-0.0672378540039063 0.0626029968261719 -0.0533828735351563 0.0730056762695313
-0.0572967529296875 -0.0167045593261719 -0.0154571533203125 0.116897583007813
-0.0598678588867188 0.0139923095703125 -0.0181884765625 0.11859130859375
-0.0412254333496094 0.0411033630371094 0.0122909545898438 0.0760498046875
0.003936767578125 0.0555686950683594 0.0178947448730469 0.0474205017089844
0.037872314453125 0.0312156677246094 0.00558280944824219 0.0265617370605469
0.0521163940429688 -0.009735107421875 -0.00480842590332031 0.0283851623535156
0.0399742126464844 -0.0356292724609375 -0.00103759765625 0.0467453002929687
0.0333786010742187 -0.0364952087402344 1.9073486328125E-05 0.0594978332519531
0.0370979309082031 -0.0450706481933594 -0.00900268554687499 0.071685791015625
0.0489997863769531 -0.037689208984375 -0.0306892395019531 0.0663299560546875
0.0613250732421875 -0.0061492919921875 -0.0486259460449219 0.0487861633300781
0.0548744201660156 0.0286750793457031 -0.0483055114746094 0.014862060546875
0.00270462036132813 0.0656852722167969 -0.0298080444335938 -0.00787734985351563
-0.0464744567871094 0.0590972900390625 -0.010040283203125 0.0368843078613281
-0.0698204040527344 0.02239990234375 -0.0779647827148438 0.0818557739257812
0.0452842712402344 0.0278854370117188 0.0814666748046875 -0.0840530395507813
0.0490646362304688 -0.0261306762695313 0.0255680084228516 -0.0332279205322266
0.0048065185546875 -0.0445823669433594 0.0344696044921875 0.00919723510742187
-0.0277862548828125 -0.0293636322021484 0.0699119567871094 -0.0104866027832031
-0.0372543334960938 -0.00502395629882812 0.0682296752929688 -0.0576171875
-0.0351829528808594 0.021453857421875 0.039337158203125 -0.0909347534179688
-0.0253772735595703 0.0190238952636719 0.00862884521484374 -0.0947494506835938
-0.0249843597412109 0.0119800567626953 0.00081634521484374 -0.0764694213867188
-0.0323982238769531 0.0106887817382813 0.00516891479492187 -0.0604782104492187
-0.0305004119873047 -0.0134544372558594 0.0099334716796875 -0.046600341796875
-0.0105094909667969 -0.0357589721679688 0.00149345397949219 -0.0297832489013672
0.0206623077392578 -0.0325431823730469 -0.00662612915039062 -0.0405807495117188
0.0511093139648438 -0.00236892700195313 -0.004241943359375 -0.078460693359375
0.0545005798339844 0.0333938598632813 0.013519287109375 -0.114471435546875
0.0318031311035156 0.0553855895996094 0.027191162109375 -0.112098693847656
0.0214004516601562 0.0719985961914063 0.0968399047851563 -0.066009521484375
0.0493621826171875 0.0208587646484375 0.038116455078125 -0.02215576171875
0.0254402160644531 -0.0098419189453125 0.0430564880371094 0.0180473327636719
0.00752639770507812 -0.0178298950195313 0.0826034545898438 -0.0047149658203125
-0.00461864471435547 -0.014063835144043 0.0799484252929688 -0.0550003051757813
-0.013340950012207 -0.00543785095214844 0.0492095947265625 -0.0943222045898438
-0.0136680603027344 -0.0130863189697266 0.0155105590820313 -0.0995101928710937
-0.0112619400024414 -0.0170955657958984 0.00460052490234376 -0.0796966552734375
-0.015045166015625 -0.0203323364257813 0.0093231201171875 -0.0600929260253906
-0.00284004211425781 -0.0332679748535156 0.0154380798339844 -0.0439872741699219
0.0227851867675781 -0.0352783203125 0.00358963012695313 -0.0231113433837891
0.0472335815429688 -0.0153350830078125 -0.008331298828125 -0.0292911529541016
0.0556297302246094 0.0333213806152344 -0.0150375366210937 -0.0644645690917969
0.0421676635742188 0.0757293701171875 0.00409698486328125 -0.0957107543945312
0.0100631713867188 0.093475341796875 0.0243453979492187 -0.0875778198242188
-0.0106124877929687 0.106903076171875 0.102851867675781 -0.034271240234375
0.0363235473632813 0.0704803466796875 0.0459098815917969 0.0028076171875
0.0400505065917969 0.0345191955566406 0.0505027770996094 0.0324478149414063
0.0444488525390625 0.0032501220703125 0.0916824340820313 0.0069122314453125
0.0320816040039063 -0.0183067321777344 0.0868988037109375 -0.0438385009765625
0.0132827758789063 -0.0317974090576172 0.0546798706054688 -0.0866317749023438
0.000934600830078122 -0.0438423156738281 0.021209716796875 -0.092437744140625
0.003662109375 -0.0442581176757813 0.00808334350585937 -0.0702056884765625
0.00244522094726562 -0.0490760803222656 0.0106124877929687 -0.0493202209472656
0.0204887390136719 -0.0519828796386719 0.0140914916992188 -0.0341873168945313
0.04949951171875 -0.0379295349121094 -0.000176429748535152 -0.0124664306640625
0.0696144104003906 -0.00601577758789063 -0.0129289627075195 -0.0175590515136719
0.0613021850585938 0.0570564270019531 -0.0246620178222656 -0.0481605529785156
0.0356063842773438 0.104629516601563 -0.00338745117187499 -0.0703964233398438
-0.00687408447265626 0.118812561035156 0.0151405334472656 -0.0546875
-0.0450897216796875 0.12445068359375 0.0936355590820313 0.00870513916015626
0.0104217529296875 0.110198974609375 0.0463447570800781 0.037322998046875
0.0425491333007813 0.0806121826171875 0.0517311096191406 0.0519142150878906
0.0745849609375 0.0317153930664063 0.0919418334960938 0.0240097045898438
0.0679130554199219 -0.0146064758300781 0.085235595703125 -0.0261077880859375
0.0418586730957031 -0.0509262084960938 0.0540657043457031 -0.0674285888671875
0.0172500610351563 -0.0670700073242188 0.0249404907226563 -0.0711593627929688
0.0172042846679687 -0.0648651123046875 0.0100784301757812 -0.0502510070800781
0.0176925659179687 -0.0711822509765625 0.00993537902832031 -0.0289325714111328
0.0383491516113281 -0.0671882629394531 0.00986385345458985 -0.016535758972168
0.0689544677734375 -0.0399169921875 -0.00570344924926757 0.00129413604736328
0.084747314453125 -0.000701904296875 -0.0172624588012695 -0.0059661865234375
0.06451416015625 0.0711593627929687 -0.0290145874023437 -0.0325603485107422
0.0284576416015625 0.119659423828125 -0.00353240966796875 -0.0426445007324219
-0.0212478637695313 0.128364562988281 0.002716064453125 -0.0165557861328125
-0.0732574462890625 0.117279052734375 0.07135009765625 0.0549163818359375
-0.021392822265625 0.12652587890625 0.0348281860351563 0.0751876831054688
0.0279388427734375 0.112129211425781 0.0457229614257813 0.0710678100585938
0.0848770141601563 0.0614776611328125 0.0801849365234375 0.0407028198242188
0.0906143188476563 -0.0012054443359375 0.0716171264648438 -0.00424957275390625
0.0652885437011719 -0.0578689575195313 0.0458946228027344 -0.0401344299316406
0.0322341918945313 -0.080810546875 0.0236930847167969 -0.0410232543945313
0.0287933349609375 -0.0754928588867188 0.0113563537597656 -0.02227783203125
0.0301742553710938 -0.0837936401367188 0.00757074356079102 -0.00236797332763672
0.0500640869140625 -0.0749969482421875 0.00264120101928711 0.00530242919921874
0.0805740356445312 -0.0394058227539062 -0.0138988494873047 0.016357421875
0.0913772583007812 0.00502777099609375 -0.0234851837158203 0.00294876098632812
0.0596694946289063 0.0782241821289063 -0.0278587341308594 -0.0215206146240234
0.0153961181640625 0.12091064453125 0.00116443634033203 -0.0155525207519531
-0.0365982055664063 0.122711181640625 -0.0108165740966797 0.0214977264404297
-0.0851593017578125 0.0866928100585938 0.0410385131835937 0.0937118530273438
-0.0498733520507813 0.111351013183594 0.0155258178710937 0.106338500976563
0.00119018554687499 0.116447448730469 0.032745361328125 0.0828399658203125
0.0719528198242188 0.078948974609375 0.0597686767578125 0.0523414611816406
0.091583251953125 0.0141754150390625 0.0491409301757813 0.014801025390625
0.0764846801757813 -0.0510635375976563 0.0303211212158203 -0.0106163024902344
0.0411834716796875 -0.0787811279296875 0.0188713073730469 -0.00673294067382813
0.0356674194335938 -0.0748672485351563 0.0103931427001953 0.00864887237548828
0.0369110107421875 -0.0838851928710938 0.00386810302734375 0.0260944366455078
0.0558853149414063 -0.0738525390625 -0.00601768493652344 0.0293712615966797
0.0838623046875 -0.0332489013671875 -0.0235404968261719 0.0309123992919922
0.0892868041992187 0.0128250122070312 -0.0296821594238281 0.00993156433105469
0.0462188720703125 0.0826034545898438 -0.0257034301757812 -0.0138607025146484
-0.00518798828124999 0.1124267578125 0.00512504577636719 0.00753259658813477
-0.053375244140625 0.102310180664063 -0.0285606384277344 0.0547599792480469
-0.0810546875 0.0400848388671875 0.0106124877929687 0.117454528808594
-0.0634918212890625 0.071075439453125 -0.00274658203124999 0.122970581054688
-0.0240249633789063 0.0904159545898438 0.0206298828125 0.0846481323242187
0.0424880981445313 0.0762710571289063 0.0365753173828125 0.0546379089355469
0.0732269287109375 0.0255661010742188 0.0259914398193359 0.0254669189453125
0.0720596313476563 -0.0349960327148438 0.0129728317260742 0.0145673751831055
0.0436325073242188 -0.0642166137695313 0.0105972290039063 0.0246257781982422
0.0363388061523437 -0.0623092651367188 0.00704574584960938 0.0381622314453125
0.03900146484375 -0.0725860595703125 9.53674316406304E-05 0.05340576171875
0.0561103820800781 -0.0627403259277344 -0.0173873901367188 0.0514755249023438
0.0785369873046875 -0.0236129760742188 -0.0357170104980469 0.0428924560546875
0.0788803100585938 0.0210494995117188 -0.0389976501464844 0.0143661499023438
0.028076171875 0.0807266235351563 -0.0269298553466797 -0.00969505310058593
-0.0265884399414062 0.0948333740234375 0.00219535827636719 0.025390625
-0.0658416748046875 0.0699920654296875 -0.050872802734375 0.078338623046875
-0.062744140625 -0.012786865234375 -0.011077880859375 0.123039245605469
-0.0618019104003906 0.0201301574707031 -0.0138015747070313 0.123374938964844
-0.040374755859375 0.04766845703125 0.0140380859375 0.0777511596679688
0.00856781005859375 0.0578689575195313 0.0194511413574219 0.0498275756835938
0.042755126953125 0.0293807983398438 0.00687217712402344 0.0288772583007813
0.0538253784179688 -0.0144996643066406 -0.00226593017578125 0.0319309234619141
0.0380516052246094 -0.0396919250488281 0.001983642578125 0.048980712890625
0.0320472717285156 -0.0409774780273437 0.00391006469726563 0.0618743896484375
0.0352935791015625 -0.0505638122558594 -0.00577545166015625 0.0760726928710938
0.0479049682617188 -0.0438461303710938 -0.0290069580078125 0.0704803466796875
0.0641555786132813 -0.0111618041992188 -0.0493698120117187 0.0533370971679688
0.0602569580078125 0.0257911682128906 -0.050323486328125 0.01690673828125
0.00753021240234374 0.0689697265625 -0.0313949584960938 -0.00855827331542968
-0.0440559387207031 0.0652084350585938 -0.00749969482421875 0.0374565124511719
-0.07098388671875 0.02838134765625 -0.0767288208007812 0.0894775390625
0.0477523803710938 0.0244369506835938 0.0780410766601563 -0.0918655395507812
0.0467872619628906 -0.0302467346191406 0.0229473114013672 -0.0346641540527344
0.00107955932617188 -0.0463066101074219 0.0350570678710937 0.00874710083007812
-0.0308818817138672 -0.0267562866210938 0.07061767578125 -0.0143890380859375
-0.0382537841796875 -0.000869750976562506 0.0650138854980469 -0.0631942749023438
-0.0324974060058594 0.0256843566894531 0.03314208984375 -0.0964279174804688
-0.0237579345703125 0.0227851867675781 0.00131988525390626 -0.0970535278320313
-0.02374267578125 0.0143604278564453 -0.00564575195312501 -0.078460693359375
-0.0309429168701172 0.014862060546875 -0.000747680664062509 -0.0627555847167969
-0.0315761566162109 -0.00937461853027344 0.0045013427734375 -0.0492019653320313
-0.01373291015625 -0.0341777801513672 -0.00090789794921875 -0.0325183868408203
0.0171279907226562 -0.0351352691650391 -0.00835418701171875 -0.0427131652832031
0.0508537292480469 -0.00727081298828125 -0.00775909423828124 -0.079559326171875
0.0579566955566406 0.0290184020996094 0.00786590576171875 -0.117599487304688
0.0369987487792969 0.0532264709472656 0.0205612182617187 -0.117835998535156
0.026611328125 0.0717620849609375 0.0946273803710938 -0.0749664306640625
0.0509033203125 0.0176467895507813 0.0353736877441406 -0.0240707397460938
0.0251827239990234 -0.0113296508789062 0.0448646545410156 0.0166854858398438
0.00608253479003906 -0.0177745819091797 0.0840835571289063 -0.0096282958984375
-0.00643253326416016 -0.0131664276123047 0.077911376953125 -0.0613021850585938
-0.0129375457763672 -0.00412368774414063 0.042694091796875 -0.100090026855469
-0.0146417617797852 -0.0120601654052734 0.0069732666015625 -0.103004455566406
-0.0126113891601563 -0.0161771774291992 -0.00324249267578125 -0.0810546875
-0.0159225463867188 -0.0187873840332031 0.00319290161132812 -0.0629158020019531
-0.00582504272460938 -0.0329647064208984 0.00958633422851563 -0.0486183166503906
0.0198402404785156 -0.0374603271484375 0.00138664245605469 -0.0261173248291016
0.0464553833007813 -0.0188522338867187 -0.00892639160156249 -0.0316200256347656
0.0584297180175781 0.0294265747070313 -0.0179862976074219 -0.0643577575683594
0.0492630004882812 0.073486328125 -0.00116729736328124 -0.09796142578125
0.0174636840820313 0.0942535400390625 0.019195556640625 -0.09295654296875
-0.00301361083984374 0.110275268554687 0.101974487304688 -0.0430145263671875
0.0419883728027344 0.0693168640136719 0.0455360412597656 -0.000228881835937496
0.0438690185546875 0.0333900451660156 0.0525627136230469 0.0309867858886719
0.0459213256835938 0.00031280517578125 0.09405517578125 0.002044677734375
0.0314502716064453 -0.0210475921630859 0.085296630859375 -0.0503158569335938
0.0117931365966797 -0.0334358215332031 0.0493316650390625 -0.0920257568359375
-0.00217819213867188 -0.0449676513671875 0.0142059326171875 -0.0957565307617188
0.000198364257812503 -0.0451850891113281 0.000762939453125002 -0.0721817016601563
-0.000751495361328127 -0.0501861572265625 0.005035400390625 -0.0515251159667969
0.0168075561523437 -0.0543708801269531 0.00959396362304688 -0.0380210876464844
0.0473861694335938 -0.0418548583984375 -0.00179958343505859 -0.01531982421875
0.0701332092285156 -0.0113983154296875 -0.0132865905761719 -0.0193672180175781
0.0676155090332031 0.05426025390625 -0.0268440246582031 -0.0476112365722656
0.0445632934570313 0.104606628417969 -0.00728607177734375 -0.0720138549804688
0.00138092041015625 0.121246337890625 0.0120468139648437 -0.0592842102050781
-0.0363006591796875 0.131256103515625 0.0962982177734375 0.00177764892578126
0.01910400390625 0.112152099609375 0.0475807189941406 0.0342903137207031
0.0504913330078125 0.080841064453125 0.055084228515625 0.0499763488769531
0.078826904296875 0.0270767211914063 0.0944747924804688 0.0193634033203125
0.0684318542480469 -0.0201377868652344 0.0844955444335938 -0.0319442749023438
0.0394210815429687 -0.0553627014160156 0.050750732421875 -0.0714492797851563
0.0118331909179688 -0.070587158203125 0.0190658569335937 -0.07464599609375
0.0117111206054688 -0.0678291320800781 0.00488662719726562 -0.0522346496582031
0.0117950439453125 -0.0743865966796875 0.00596046447753906 -0.0306987762451172
0.0332489013671875 -0.0712661743164063 0.00641441345214844 -0.0198593139648438
0.0674362182617188 -0.0469856262207031 -0.00743865966796875 -0.0010066032409668
0.0869064331054688 -0.00777435302734375 -0.0185604095458984 -0.00735664367675781
0.0722885131835937 0.0683441162109375 -0.0302543640136719 -0.0320625305175781
0.0389556884765625 0.12017822265625 -0.00583267211914063 -0.0450286865234375
-0.0121002197265625 0.133377075195312 0.00302505493164063 -0.0196342468261719
-0.0653152465820313 0.126853942871094 0.0760650634765625 0.0502548217773438
-0.011993408203125 0.130989074707031 0.0389022827148437 0.0727767944335938
0.0380020141601562 0.114372253417969 0.0497589111328125 0.0696144104003906
0.0923309326171875 0.0557174682617188 0.0835952758789063 0.0371170043945312
0.0920562744140625 -0.0086212158203125 0.0726776123046875 -0.0084075927734375
0.0629653930664063 -0.063995361328125 0.0438308715820313 -0.042694091796875
0.0255126953125 -0.0849685668945312 0.0200042724609375 -0.0433082580566406
0.0223312377929688 -0.0797882080078125 0.008270263671875 -0.0235042572021484
0.0227890014648438 -0.0886688232421875 0.0060725212097168 -0.00310134887695313
0.0442352294921875 -0.0810165405273437 0.00117850303649903 0.00393056869506835
0.0793228149414063 -0.0475616455078125 -0.0141410827636719 0.0156059265136719
0.0938644409179688 -0.00308990478515625 -0.023284912109375 0.00284385681152344
0.0681076049804688 0.0767593383789062 -0.0291194915771484 -0.02069091796875
0.0258560180664063 0.123733520507813 0.000897407531738284 -0.0170469284057617
-0.0280685424804688 0.128639221191406 -0.00847434997558594 0.0205612182617188
-0.081146240234375 0.0975570678710938 0.0479583740234375 0.0925064086914063
-0.041748046875 0.118118286132813 0.0226669311523437 0.106536865234375
0.0117340087890625 0.120368957519531 0.0372467041015625 0.0823516845703125
0.0807037353515625 0.0746383666992188 0.0624046325683594 0.050384521484375
0.095550537109375 0.00650787353515625 0.0520896911621094 0.0127143859863281
0.0738067626953125 -0.0591201782226563 0.0308208465576172 -0.0115375518798828
0.0354080200195312 -0.0839080810546875 0.017822265625 -0.00836372375488282
0.0289764404296875 -0.0793075561523438 0.00984573364257813 0.00734138488769531
0.0298614501953125 -0.0896072387695313 0.00487709045410157 0.0265350341796875
0.0504684448242188 -0.081024169921875 -0.00580406188964843 0.0289287567138672
0.0829391479492188 -0.0422210693359375 -0.023406982421875 0.0317134857177734
0.092926025390625 0.00528717041015625 -0.0305843353271484 0.0110626220703125
0.055023193359375 0.0815277099609375 -0.0271224975585937 -0.0138454437255859
0.00525665283203125 0.116836547851563 0.00625085830688477 0.00582218170166016
-0.0457000732421875 0.1097412109375 -0.0243644714355469 0.0560111999511719
-0.0801544189453125 0.0495223999023438 0.0189666748046875 0.119400024414063
-0.0589981079101563 0.079254150390625 0.00429534912109374 0.124656677246094
-0.0165786743164062 0.0968093872070313 0.02459716796875 0.0843734741210938
0.0510635375976563 0.0759429931640625 0.0396156311035156 0.0548171997070313
0.0775299072265625 0.0192108154296875 0.0287456512451172 0.0259799957275391
0.0704116821289063 -0.0426177978515625 0.0154542922973633 0.0158414840698242
0.0383834838867188 -0.0695648193359375 0.0127506256103516 0.02423095703125
0.0310630798339844 -0.0671844482421875 0.009857177734375 0.0375480651855469
0.0329360961914062 -0.0783157348632813 0.00333404541015625 0.0542488098144531
0.0506057739257813 -0.0696640014648438 -0.0149993896484375 0.0533523559570312
0.0784072875976563 -0.0321197509765625 -0.0349502563476562 0.0462265014648438
0.082672119140625 0.014404296875 -0.0393142700195313 0.0164146423339844
0.035736083984375 0.0812530517578125 -0.0277309417724609 -0.00925064086914062
-0.0183029174804688 0.100379943847656 0.00499343872070313 0.0252323150634766
-0.06146240234375 0.0772933959960938 -0.0457382202148437 0.082855224609375
-0.0645675659179688 -0.00588226318359374 -0.00286865234375001 0.127342224121094
-0.0614204406738281 0.0264778137207031 -0.00730895996093749 0.12628173828125
-0.0366363525390625 0.0533256530761719 0.0172576904296875 0.0781936645507813
0.0146751403808594 0.0584983825683594 0.0223884582519531 0.0509185791015625
0.0469436645507813 0.0252532958984375 0.00954437255859375 0.0311069488525391
0.0535697937011719 -0.0207748413085938 0.00108909606933594 0.0344505310058594
0.0347213745117188 -0.0447921752929688 0.00677871704101562 0.0493545532226563
0.0280418395996094 -0.0454864501953125 0.00917816162109374 0.0621833801269531
0.0306968688964844 -0.054962158203125 0.00052642822265626 0.0775833129882812
0.0446929931640625 -0.0490303039550781 -0.0248947143554687 0.0744781494140625
0.0649375915527344 -0.0180854797363281 -0.0475616455078125 0.0581436157226563
0.06353759765625 0.0208930969238281 -0.0504608154296875 0.0197410583496094
0.0134506225585938 0.070709228515625 -0.0321197509765625 -0.00747299194335937
-0.038818359375 0.0712051391601563 -0.00372695922851562 0.0376014709472656
-0.0687675476074219 0.0350074768066406 -0.0710678100585938 0.0968093872070312
0.0485420227050781 0.01983642578125 0.0719375610351563 -0.0965499877929688
0.0437202453613281 -0.032928466796875 0.0200614929199219 -0.0349140167236328
-0.00288772583007812 -0.0457534790039063 0.0347442626953125 0.00813674926757812
-0.0330924987792969 -0.0241756439208984 0.0696525573730469 -0.01727294921875
-0.0376853942871094 0.00317764282226563 0.0603485107421875 -0.065826416015625
-0.0289745330810547 0.0284442901611328 0.0263824462890625 -0.0981826782226563
-0.0209274291992188 0.0245552062988281 -0.00588989257812501 -0.0961151123046875
-0.0217342376708984 0.0163860321044922 -0.012237548828125 -0.0764846801757813
-0.0282325744628906 0.0169620513916016 -0.00612258911132813 -0.0617828369140625
-0.0317134857177734 -0.00594711303710938 -0.00086593627929688 -0.0495567321777344
-0.0170688629150391 -0.0313453674316406 -0.00275993347167969 -0.0341529846191406
0.0136699676513672 -0.0350456237792969 -0.0095672607421875 -0.0439186096191406
0.0493698120117188 -0.0111656188964844 -0.0106658935546875 -0.0783004760742188
0.0592041015625 0.0237274169921875 0.00118255615234375 -0.116790771484375
0.040618896484375 0.0491561889648437 0.01324462890625 -0.119819641113281
0.0310249328613281 0.0689849853515625 0.0893096923828125 -0.0805206298828125
0.0513076782226563 0.0140914916992188 0.0323982238769531 -0.0254974365234375
0.0240325927734375 -0.0129337310791016 0.0450859069824219 0.0154037475585937
0.00431632995605469 -0.0176010131835938 0.083282470703125 -0.0131988525390625
-0.00734806060791016 -0.0114660263061523 0.0731048583984375 -0.0647964477539063
-0.0119762420654297 -0.00274467468261719 0.0352249145507813 -0.101387023925781
-0.0145225524902344 -0.0106306076049805 -0.000251770019531249 -0.102119445800781
-0.0137004852294922 -0.0150842666625977 -0.00998687744140626 -0.0803375244140625
-0.0163230895996094 -0.0173311233520508 -0.0029754638671875 -0.0625114440917969
-0.00737380981445312 -0.030914306640625 0.00384521484375 -0.0494194030761719
0.0169563293457031 -0.0376205444335938 -0.000938415527343747 -0.0282745361328125
0.0441246032714844 -0.0216026306152344 -0.00990104675292968 -0.032867431640625
0.0596389770507813 0.0255661010742188 -0.019439697265625 -0.0627975463867188
0.0529632568359375 0.0694122314453125 -0.00572204589843749 -0.0973892211914063
0.023101806640625 0.0918731689453125 0.0138473510742187 -0.0956954956054688
0.00433349609375 0.110130310058594 0.09820556640625 -0.0499038696289062
0.0462837219238281 0.0662765502929688 0.0433235168457031 -0.00291824340820312
0.0464286804199219 0.0311546325683594 0.0530357360839844 0.0291099548339844
0.0455780029296875 -0.00238418579101563 0.0926971435546875 -0.00304412841796875
0.0298423767089844 -0.0223484039306641 0.0813827514648438 -0.055084228515625
0.0110359191894531 -0.0328159332275391 0.042724609375 -0.0939483642578125
-0.0056915283203125 -0.0439300537109375 0.00589752197265624 -0.095733642578125
-0.00386428833007812 -0.0445823669433594 -0.00644683837890625 -0.0714569091796875
-0.0042266845703125 -0.0495223999023438 -0.000663757324218745 -0.0516891479492188
0.0126953125 -0.0546379089355469 0.00407028198242188 -0.0397911071777344
0.0438652038574219 -0.0446052551269531 -0.004119873046875 -0.0172872543334961
0.0691261291503906 -0.0156517028808594 -0.0135726928710938 -0.0206470489501953
0.0706939697265625 0.0492401123046875 -0.027191162109375 -0.0465164184570313
0.0514450073242187 0.101051330566406 -0.0103988647460938 -0.0712890625
0.00991058349609376 0.120491027832031 0.00876235961914062 -0.0616874694824219
-0.0274276733398437 0.13330078125 0.0952987670898437 -0.00522613525390624
0.026947021484375 0.109848022460937 0.0475425720214844 0.0308723449707031
0.056304931640625 0.0777359008789063 0.0562896728515625 0.0475425720214844
0.0808029174804688 0.0221099853515625 0.0944976806640625 0.0144729614257813
0.0661087036132813 -0.0241966247558594 0.0817108154296875 -0.0362396240234375
0.0359992980957031 -0.0569572448730469 0.0456314086914063 -0.0738143920898438
0.00658416748046875 -0.0705413818359375 0.0125885009765625 -0.0755538940429688
0.00634384155273438 -0.0679397583007813 -0.00105667114257813 -0.0522232055664063
0.00635528564453125 -0.0748291015625 0.00159072875976563 -0.0308589935302734
0.0272979736328125 -0.0736312866210937 0.0016326904296875 -0.0213775634765625
0.0631866455078125 -0.0513572692871094 -0.00906276702880859 -0.00222301483154297
0.0859375 -0.0136795043945312 -0.0191860198974609 -0.0085296630859375
0.0771942138671875 0.0632095336914063 -0.0306320190429688 -0.0313873291015625
0.0472640991210938 0.117294311523437 -0.00770950317382812 -0.0447769165039062
-0.0037994384765625 0.133613586425781 0.00239372253417969 -0.0218544006347656
-0.056182861328125 0.131523132324219 0.0786895751953125 0.044342041015625
-0.00314331054687501 0.131141662597656 0.0411033630371094 0.06988525390625
0.0472564697265625 0.1124267578125 0.051116943359375 0.0664710998535156
0.0958480834960938 0.0494766235351563 0.0842971801757813 0.033355712890625
0.0912399291992188 -0.0157852172851563 0.0713958740234375 -0.01202392578125
0.0573158264160156 -0.0685462951660156 0.0417594909667969 -0.0443077087402344
0.0186614990234375 -0.0860748291015625 0.016448974609375 -0.0453910827636719
0.0156326293945313 -0.0810623168945313 0.00434303283691407 -0.0239315032958984
0.0154266357421875 -0.0900039672851563 0.00446987152099609 -0.00352287292480469
0.0373382568359375 -0.084259033203125 -0.00154805183410644 0.00223445892333984
0.075286865234375 -0.0534591674804688 -0.0150747299194336 0.0151290893554687
0.0934829711914063 -0.00986480712890625 -0.0239200592041016 0.00285720825195312
0.074005126953125 0.0726547241210938 -0.0295028686523437 -0.019744873046875
0.03521728515625 0.122039794921875 0.00050163269042969 -0.018402099609375
-0.0190582275390625 0.130027770996094 -0.00658226013183594 0.0188369750976563
-0.0735397338867187 0.103584289550781 0.0529632568359375 0.088714599609375
-0.0335693359375 0.121078491210938 0.0259475708007812 0.103340148925781
0.0212783813476562 0.119697570800781 0.0400466918945313 0.0793228149414063
0.0859222412109375 0.0688400268554688 0.0643348693847656 0.0473480224609375
0.0951461791992188 -0.00066375732421875 0.0519294738769531 0.010345458984375
0.0695381164550781 -0.0645179748535156 0.0314674377441406 -0.0130462646484375
0.0281448364257813 -0.0856857299804688 0.0163431167602539 -0.0104656219482422
0.0215682983398437 -0.08056640625 0.00952911376953125 0.00671100616455078
0.0221710205078125 -0.0916061401367188 0.00637245178222656 0.0258712768554687
0.0428390502929688 -0.0847320556640625 -0.00592041015625 0.0282840728759766
0.0792922973632812 -0.0489044189453125 -0.0229129791259766 0.0326957702636719
0.0931777954101563 -0.0017852783203125 -0.0303440093994141 0.0109901428222656
0.0615310668945312 0.0783538818359375 -0.027191162109375 -0.0137825012207031
0.0145492553710938 0.117210388183594 0.0073552131652832 0.00424623489379884
-0.0377731323242188 0.111717224121094 -0.0207061767578125 0.0558319091796875
-0.0763626098632812 0.0564193725585938 0.0254364013671875 0.117401123046875
-0.0530319213867188 0.0838470458984375 0.0101242065429687 0.123153686523438
-0.00810241699218749 0.0987930297851563 0.0275421142578125 0.0825347900390625
0.0570449829101563 0.0719146728515625 0.0415306091308594 0.0525894165039063
0.0784683227539063 0.0132064819335938 0.0300254821777344 0.0254325866699219
0.0665664672851563 -0.0483169555664063 0.0179119110107422 0.0151996612548828
0.0315017700195313 -0.0725936889648438 0.0137386322021484 0.0229511260986328
0.0249214172363281 -0.069610595703125 0.0113677978515625 0.0361557006835937
0.0254287719726563 -0.0811080932617188 0.00655746459960938 0.0535316467285156
0.044158935546875 -0.073486328125 -0.0125389099121094 0.0538520812988281
0.075775146484375 -0.038787841796875 -0.0325164794921875 0.0476760864257813
0.0835113525390625 0.00794219970703125 -0.0389442443847656 0.0178680419921875
0.0420608520507813 0.0783538818359375 -0.0281028747558594 -0.00863838195800781
-0.0102081298828125 0.1019287109375 0.00744819641113281 0.0224189758300781
-0.055084228515625 0.0819625854492188 -0.03997802734375 0.0845565795898438
-0.0657768249511719 -0.000297546386718744 0.00509643554687501 0.127983093261719
-0.058868408203125 0.03173828125 -0.000740051269531267 0.125335693359375
-0.0311546325683594 0.0572547912597656 0.0199432373046875 0.076751708984375
0.0204734802246094 0.0576858520507813 0.0237770080566406 0.0502052307128906
0.0489845275878906 0.0210838317871094 0.0114231109619141 0.0319271087646484
0.0522232055664062 -0.025299072265625 0.00455093383789063 0.0349521636962891
0.0298309326171875 -0.0469322204589844 0.0106201171875 0.0481758117675781
0.0236625671386719 -0.0476264953613281 0.0126609802246094 0.0598602294921875
0.0249099731445313 -0.0575103759765625 0.00579071044921874 0.07720947265625
0.0394515991210938 -0.0531082153320313 -0.0202178955078125 0.0746307373046875
0.0624008178710937 -0.0239448547363281 -0.0440597534179687 0.0609626770019531
0.064483642578125 0.0154228210449219 -0.0493507385253906 0.0225715637207031
0.0190582275390625 0.069610595703125 -0.0321025848388672 -0.00600814819335936
-0.0329666137695313 0.0739364624023438 -0.000198364257812503 0.0365028381347656
-0.0648536682128906 0.0394744873046875 -0.063629150390625 0.100761413574219
0.0485572814941406 0.0176200866699219 0.0669174194335938 -0.0979843139648438
0.0410308837890625 -0.0340576171875 0.0178089141845703 -0.0339508056640625
-0.00519561767578125 -0.0440826416015625 0.0346469879150391 0.00881195068359375
-0.0336246490478516 -0.0214462280273438 0.0687408447265625 -0.018463134765625
-0.0364151000976563 0.00591659545898438 0.0567626953125 -0.066253662109375
-0.0257205963134766 0.029754638671875 0.02154541015625 -0.0967788696289063
-0.017974853515625 0.0254783630371094 -0.00921630859375001 -0.093780517578125
-0.0204429626464844 0.0177021026611328 -0.0155410766601562 -0.0743026733398438
-0.0263900756835937 0.0182952880859375 -0.0103797912597656 -0.0599937438964844
-0.0311470031738281 -0.00317764282226562 -0.00436782836914062 -0.0491142272949219
-0.0188007354736328 -0.0284252166748047 -0.00481796264648438 -0.0355339050292969
0.0105648040771484 -0.035064697265625 -0.00951385498046874 -0.0439567565917969
0.04766845703125 -0.0139350891113281 -0.0109786987304687 -0.0761947631835938
0.0582771301269531 0.0196647644042969 -0.000595092773437496 -0.114471435546875
0.041290283203125 0.0460014343261719 0.00915527343750001 -0.119148254394531
0.0334892272949219 0.0665626525878906 0.0848007202148438 -0.0831527709960938
0.0504570007324219 0.0120353698730469 0.0303058624267578 -0.0255489349365234
0.0230979919433594 -0.0125789642333984 0.0435295104980469 0.0153121948242187
0.00362014770507813 -0.0170726776123047 0.081207275390625 -0.0147857666015625
-0.0068826675415039 -0.010594367980957 0.0690803527832031 -0.06561279296875
-0.0106897354125977 -0.00212287902832031 0.0301132202148437 -0.100875854492188
-0.0142145156860352 -0.00897598266601562 -0.00503540039062499 -0.100006103515625
-0.014124870300293 -0.0142383575439453 -0.0136260986328125 -0.077484130859375
-0.0162696838378906 -0.0160961151123047 -0.00717163085937501 -0.0612945556640625
-0.00814247131347656 -0.0297451019287109 -0.000698089599609374 -0.0498580932617188
0.0138664245605469 -0.0359687805175781 -0.00346565246582031 -0.0304508209228516
0.0413970947265625 -0.0227775573730469 -0.0100250244140625 -0.0339603424072266
0.0592880249023438 0.0224151611328125 -0.0189361572265625 -0.0618362426757813
0.054962158203125 0.0654258728027344 -0.00750732421874999 -0.0953750610351562
0.0259780883789063 0.08892822265625 0.011138916015625 -0.0961990356445313
0.00868988037109375 0.107757568359375 0.0951995849609375 -0.0525131225585937
0.047332763671875 0.0630569458007813 0.0407562255859375 -0.00398635864257812
0.0474090576171875 0.029205322265625 0.0515060424804688 0.0280075073242188
0.0445671081542969 -0.00390243530273438 0.0907058715820313 -0.00469970703125
0.0284671783447266 -0.0225105285644531 0.0780563354492188 -0.0558853149414062
0.0102424621582031 -0.0324192047119141 0.0376434326171875 -0.093414306640625
-0.00738906860351563 -0.0423851013183594 0.00115203857421875 -0.0934524536132812
-0.00577163696289063 -0.0429916381835938 -0.010009765625 -0.0690116882324219
-0.00667572021484375 -0.0490951538085937 -0.00446701049804688 -0.0506324768066406
0.0104217529296875 -0.054168701171875 -0.000217437744140623 -0.0399093627929688
0.0406913757324219 -0.0451889038085938 -0.0062408447265625 -0.0192451477050781
0.0668754577636719 -0.0181655883789063 -0.0137996673583984 -0.0222682952880859
0.0713882446289063 0.0459976196289063 -0.0267181396484375 -0.0453567504882813
0.0543594360351563 0.0973281860351563 -0.0118865966796875 -0.071044921875
0.0138702392578125 0.117622375488281 0.00719451904296875 -0.0626258850097656
-0.0210800170898437 0.132530212402344 0.0936355590820313 -0.00864410400390624
0.030548095703125 0.107109069824219 0.0459823608398437 0.0283241271972656
0.059722900390625 0.0749893188476563 0.0552825927734375 0.0455207824707031
0.0797958374023438 0.0184249877929688 0.0924072265625 0.0120620727539063
0.0639228820800781 -0.0263481140136719 0.078369140625 -0.0373153686523437
0.0332069396972656 -0.0577964782714844 0.0417098999023437 -0.0736236572265625
0.00322723388671875 -0.0695762634277344 0.00839233398437501 -0.0736465454101563
0.00305557250976563 -0.0670433044433594 -0.00502395629882812 -0.0501480102539063
0.002655029296875 -0.0748977661132813 -0.001495361328125 -0.0300502777099609
0.0234146118164063 -0.0733489990234375 -0.00147628784179687 -0.0222091674804688
0.0605621337890625 -0.0534744262695313 -0.0102701187133789 -0.00379467010498047
0.0831527709960938 -0.0172195434570313 -0.0190868377685547 -0.0093841552734375
0.0792770385742188 0.0598831176757813 -0.0301265716552734 -0.0306682586669922
0.0516433715820313 0.114387512207031 -0.00849533081054688 -0.0440025329589844
0.00182342529296875 0.131584167480469 0.000999450683593748 -0.0238380432128906
-0.0493316650390625 0.132476806640625 0.078826904296875 0.0411148071289063
0.00214385986328124 0.129180908203125 0.0407562255859375 0.0667495727539063
0.0519943237304687 0.109642028808594 0.0500221252441406 0.0647048950195313
0.0974960327148438 0.0457839965820313 0.0826644897460937 0.0310134887695312
0.0888595581054688 -0.0193862915039063 0.0697097778320313 -0.0130233764648438
0.0535316467285156 -0.069610595703125 0.0395011901855469 -0.0450630187988281
0.0144271850585938 -0.0856170654296875 0.0130844116210938 -0.0447158813476563
0.0104522705078125 -0.0797500610351563 0.00221443176269531 -0.0236339569091797
0.0103302001953125 -0.0895919799804688 0.00190401077270508 -0.0035538673400879
0.0325241088867187 -0.0851669311523438 -0.00363469123840332 0.00215506553649902
0.071990966796875 -0.0568084716796875 -0.0160541534423828 0.0135698318481445
0.0925979614257812 -0.0136947631835937 -0.0237102508544922 0.00160980224609375
0.0762405395507813 0.0691757202148438 -0.0286979675292969 -0.0197982788085938
0.0402297973632813 0.119384765625 -0.000171661376953121 -0.0190658569335937
-0.0139007568359375 0.128791809082031 -0.00633907318115234 0.0170001983642578
-0.068572998046875 0.106040954589844 0.0543212890625 0.0855255126953125
-0.0269699096679688 0.120285034179688 0.027130126953125 0.100204467773438
0.0265579223632813 0.118904113769531 0.0393905639648438 0.0775985717773438
0.088470458984375 0.0649795532226563 0.0626983642578125 0.045440673828125
0.09295654296875 -0.0054473876953125 0.051422119140625 0.00901031494140625
0.0655479431152344 -0.0663185119628906 0.0302143096923828 -0.0126991271972656
0.0224838256835938 -0.0860366821289063 0.0147294998168945 -0.0105781555175781
0.0165786743164063 -0.0806198120117188 0.00778722763061523 0.00695466995239257
0.01690673828125 -0.091705322265625 0.00559425354003907 0.0252876281738281
0.038330078125 -0.0856857299804688 -0.00666999816894531 0.0269718170166016
0.0767745971679688 -0.0528717041015625 -0.0227928161621094 0.0321369171142578
0.0917587280273438 -0.00698089599609375 -0.0303745269775391 0.0109100341796875
0.0650863647460938 0.0749359130859375 -0.0276641845703125 -0.0128173828125
0.0195693969726563 0.115974426269531 0.00746297836303711 0.00213146209716798
-0.0323562622070313 0.111564636230469 -0.0175132751464844 0.0537948608398438
-0.0727157592773438 0.0596084594726562 0.0286407470703125 0.114952087402344
-0.0488052368164062 0.0852890014648438 0.0125885009765625 0.119438171386719
-0.00325775146484374 0.098663330078125 0.0272216796875 0.0799713134765625
0.0602798461914063 0.0685768127441406 0.0406303405761719 0.0516204833984375
0.0779876708984375 0.008575439453125 0.0304183959960938 0.0250568389892578
0.0631942749023437 -0.0510787963867187 0.0185985565185547 0.0148830413818359
0.026885986328125 -0.0727005004882813 0.0144176483154297 0.0217418670654297
0.0199050903320312 -0.0691032409667969 0.0123996734619141 0.0350589752197266
0.0203857421875 -0.0809860229492188 0.00835800170898437 0.0525741577148437
0.0393600463867188 -0.0748748779296875 -0.0118293762207031 0.0526885986328125
0.0726699829101563 -0.0419158935546875 -0.0315513610839844 0.0478515625
0.0826568603515625 0.0031890869140625 -0.038177490234375 0.0184593200683594
0.0459442138671875 0.0760269165039063 -0.0277881622314453 -0.00849342346191406
-0.00487518310546876 0.101387023925781 0.00824928283691406 0.0207252502441406
-0.0508499145507812 0.0822372436523438 -0.036102294921875 0.0823440551757813
-0.0644111633300781 0.00364303588867187 0.00813293457031248 0.125953674316406
-0.0562210083007813 0.0343475341796875 0.00199890136718749 0.122695922851563
-0.0273895263671875 0.0586738586425781 0.019744873046875 0.0745010375976563
0.0236854553222656 0.0551033020019531 0.0238609313964844 0.0495452880859375
0.0488166809082031 0.0180091857910156 0.0136280059814453 0.0318107604980469
0.0495223999023438 -0.0279998779296875 0.00778198242187501 0.0347194671630859
0.0255317687988281 -0.0478363037109375 0.0119781494140625 0.0467681884765625
0.0201416015625 -0.0479888916015625 0.0144081115722656 0.05804443359375
0.0209541320800781 -0.0578193664550781 0.00826263427734374 0.0751571655273438
0.0352020263671875 -0.0544815063476562 -0.0180892944335938 0.0745620727539063
0.0598526000976563 -0.0264244079589844 -0.0418548583984375 0.0611000061035156
0.0643768310546875 0.0115623474121094 -0.0487518310546875 0.0237464904785156
0.0229034423828125 0.0683555603027344 -0.0320644378662109 -0.00595474243164061
-0.0278472900390625 0.07513427734375 0.00164794921875 0.0338993072509766
-0.0623321533203125 0.0409088134765625 -0.0587844848632812 0.100410461425781
0.0482826232910156 0.0161361694335938 0.0657501220703125 -0.0994873046875
0.0399398803710938 -0.0350723266601563 0.0168933868408203 -0.0339202880859375
-0.00683212280273437 -0.0440139770507813 0.0348396301269531 0.00909614562988281
-0.0342426300048828 -0.0203704833984375 0.0685005187988281 -0.0188179016113281
-0.0357017517089844 0.00765228271484375 0.0558433532714844 -0.0660476684570313
-0.0234966278076172 0.0302104949951172 0.0194854736328125 -0.0957717895507812
-0.0165653228759766 0.0257797241210938 -0.01123046875 -0.092926025390625
-0.0193023681640625 0.0190753936767578 -0.0171279907226563 -0.0731430053710938
-0.0246982574462891 0.0191555023193359 -0.0121688842773438 -0.0596084594726563
-0.0303173065185547 -0.00149536132812501 -0.0070343017578125 -0.0489578247070313
-0.0199184417724609 -0.0266475677490234 -0.00575637817382812 -0.0374488830566406
0.00963973999023438 -0.0341072082519531 -0.0092926025390625 -0.0457496643066406
0.0467529296875 -0.015472412109375 -0.00978088378906249 -0.0755538940429687
0.058135986328125 0.0181846618652344 -0.000701904296875007 -0.114288330078125
0.0419044494628906 0.0443687438964844 0.00800323486328124 -0.119537353515625
0.0337562561035156 0.0653915405273438 0.0837249755859375 -0.0849227905273438
0.0499229431152344 0.0111579895019531 0.0293140411376953 -0.0255012512207031
0.0224800109863281 -0.0126705169677734 0.0431976318359375 0.0163650512695313
0.00338935852050781 -0.0162687301635742 0.081024169921875 -0.0145950317382813
-0.00661563873291016 -0.00920295715332031 0.0675125122070313 -0.0656661987304688
-0.0090789794921875 -0.00153541564941406 0.0280990600585938 -0.100334167480469
-0.0136928558349609 -0.00804328918457031 -0.00769805908203125 -0.0993728637695313
-0.0146369934082031 -0.0131120681762695 -0.0160980224609375 -0.0761337280273438
-0.0165853500366211 -0.0159053802490234 -0.0100555419921875 -0.0606040954589844
-0.008758544921875 -0.0291080474853516 -0.00338363647460938 -0.0494613647460938
0.0130767822265625 -0.0355110168457031 -0.004608154296875 -0.0323543548583984
0.0407218933105469 -0.0234947204589844 -0.00921630859374999 -0.0357894897460938
0.0591392517089844 0.0210037231445313 -0.0180397033691406 -0.0611991882324219
0.055633544921875 0.0640449523925781 -0.00749206542968749 -0.095245361328125
0.02740478515625 0.0876617431640625 0.00979614257812501 -0.0974807739257812
0.010467529296875 0.107612609863281 0.0936279296875 -0.0550613403320312
0.04815673828125 0.0617141723632813 0.0394515991210938 -0.00384521484375
0.0480003356933594 0.0284614562988281 0.0512733459472656 0.0288429260253906
0.0444297790527344 -0.00436782836914063 0.0901565551757813 -0.0045928955078125
0.0281944274902344 -0.0223731994628906 0.0760879516601563 -0.0554733276367188
0.0104923248291016 -0.0329227447509766 0.0356369018554688 -0.0933609008789063
-0.00724029541015625 -0.0421295166015625 -0.00144195556640626 -0.0925827026367188
-0.0067901611328125 -0.042816162109375 -0.0122337341308594 -0.0680580139160156
-0.00709533691406249 -0.04840087890625 -0.00690460205078125 -0.0499420166015625
0.00885772705078125 -0.053802490234375 -0.00348281860351562 -0.0405654907226563
0.0401725769042969 -0.0455780029296875 -0.00782585144042969 -0.0215187072753906
0.0656661987304688 -0.0193710327148438 -0.0137424468994141 -0.0242118835449219
0.0721969604492188 0.0447311401367187 -0.0256385803222656 -0.0454788208007813
0.05621337890625 0.0957107543945313 -0.01177978515625 -0.0711288452148437
0.0149765014648437 0.117584228515625 0.00629806518554687 -0.0647811889648437
-0.0181961059570313 0.132698059082031 0.0924453735351562 -0.010406494140625
0.0321044921875 0.106369018554687 0.0440902709960938 0.0280075073242188
0.0612106323242188 0.0735321044921875 0.0539169311523438 0.0463218688964844
0.0805282592773438 0.0173263549804688 0.091644287109375 0.0121612548828125
0.0626716613769531 -0.027374267578125 0.0779037475585938 -0.0370330810546875
0.0325851440429688 -0.0580177307128906 0.0404510498046875 -0.0734710693359375
0.00202560424804688 -0.0689811706542969 0.00667572021484374 -0.0739593505859375
0.00127792358398437 -0.0663299560546875 -0.00680541992187499 -0.0492630004882813
0.000602722167968754 -0.0736846923828125 -0.0029296875 -0.0301189422607422
0.0213241577148437 -0.0744171142578125 -0.0048828125 -0.0225486755371094
0.0584297180175781 -0.054931640625 -0.0126171112060547 -0.00571823120117188
0.083404541015625 -0.0187530517578125 -0.0189075469970703 -0.0107803344726563
0.0806350708007813 0.0581893920898438 -0.0288715362548828 -0.0312633514404297
0.0544662475585938 0.112815856933594 -0.00807952880859374 -0.0453681945800781
0.00375366210937501 0.131378173828125 0.00159645080566406 -0.0257835388183594
-0.047637939453125 0.133323669433594 0.0793838500976562 0.0386276245117188
0.00425720214843751 0.128875732421875 0.0397605895996094 0.0655441284179688
0.0545578002929688 0.108680725097656 0.0492134094238281 0.0644340515136719
0.0980148315429688 0.043731689453125 0.0819015502929688 0.0313644409179688
0.0875091552734375 -0.0209579467773437 0.0693550109863281 -0.0134048461914062
0.052459716796875 -0.071319580078125 0.0387001037597656 -0.0447425842285156
0.0116195678710938 -0.0850143432617188 0.011749267578125 -0.0450210571289063
0.00847625732421874 -0.0799789428710937 0.000364303588867189 -0.0235404968261719
0.00708007812499999 -0.0898284912109375 0.00116348266601563 -0.00399589538574219
0.0301742553710937 -0.0862579345703125 -0.00632619857788086 0.00111579895019531
0.0701408386230469 -0.0588798522949219 -0.0179977416992188 0.0126609802246094
0.091949462890625 -0.0163955688476563 -0.0242881774902344 0.000112533569335935
0.078948974609375 0.0677337646484375 -0.0283355712890625 -0.0205154418945312
0.0438232421875 0.119010925292969 0.000118255615234376 -0.0212497711181641
-0.0120010375976562 0.128547668457031 -0.00574779510498047 0.0145473480224609
-0.0667266845703125 0.107330322265625 0.0553359985351562 0.0831985473632812
-0.0258331298828125 0.120796203613281 0.0274429321289063 0.098297119140625
0.029937744140625 0.119041442871094 0.0382766723632812 0.0772781372070313
0.0907821655273438 0.0632705688476563 0.0630950927734375 0.0459709167480469
0.0929336547851563 -0.00717926025390625 0.0517311096191406 0.00975799560546875
0.063995361328125 -0.0681190490722656 0.0312862396240234 -0.0124645233154297
0.0200424194335938 -0.085784912109375 0.0149049758911133 -0.0110635757446289
0.0137100219726563 -0.08087158203125 0.00633907318115234 0.00608015060424804
0.0130615234375 -0.091827392578125 0.00592613220214844 0.0250816345214844
0.0349884033203125 -0.0861434936523438 -0.00861549377441406 0.0272808074951172
0.0748825073242188 -0.055206298828125 -0.0237884521484375 0.0312404632568359
0.091705322265625 -0.00927734375 -0.0304317474365234 0.0105552673339844
0.0673599243164063 0.0745315551757813 -0.0268211364746094 -0.0132713317871094
0.022796630859375 0.114814758300781 0.0075688362121582 0.00083208084106446
-0.0311126708984375 0.112724304199219 -0.0171928405761719 0.0513114929199219
-0.0711898803710938 0.0617218017578125 0.0298995971679688 0.114540100097656
-0.0465850830078125 0.0861968994140625 0.0125274658203125 0.118896484375
0.00014495849609374 0.0991287231445313 0.0255889892578125 0.07958984375
0.0626678466796875 0.0666694641113281 0.0398063659667969 0.0527915954589844
0.077728271484375 0.0064849853515625 0.0312919616699219 0.0255069732666016
0.0615730285644531 -0.0524864196777344 0.0200481414794922 0.0151176452636719
0.0249481201171875 -0.0729446411132813 0.0144290924072266 0.02117919921875
0.0179634094238281 -0.0697059631347656 0.011962890625 0.0343952178955078
0.0172119140625 -0.0813446044921875 0.00831985473632813 0.0517387390136719
0.035858154296875 -0.0760269165039063 -0.0120697021484375 0.0518722534179687
0.0706024169921875 -0.0441055297851563 -0.0313758850097656 0.0477561950683594
0.0823974609375 0.00096893310546875 -0.0381355285644531 0.01837158203125
0.0485382080078125 0.0756072998046875 -0.0276718139648437 -0.00882339477539062
-0.00204467773437501 0.101669311523438 0.00895500183105469 0.0191154479980469
-0.0487899780273438 0.08294677734375 -0.034332275390625 0.0822372436523437
-0.063812255859375 0.00613021850585939 0.00917816162109376 0.126457214355469
-0.0550613403320313 0.0365104675292969 0.00202941894531249 0.122047424316406
-0.0249481201171875 0.0598983764648438 0.017852783203125 0.0746002197265625
0.0261878967285156 0.0550651550292969 0.0225563049316406 0.0511627197265625
0.0491600036621094 0.0159149169921875 0.0143966674804688 0.0335502624511719
0.0479583740234375 -0.0303459167480469 0.00970268249511719 0.0348968505859375
0.02374267578125 -0.0487899780273437 0.0131645202636719 0.0456275939941406
0.01763916015625 -0.0480079650878906 0.0153465270996094 0.0569343566894531
0.019134521484375 -0.058319091796875 0.009674072265625 0.0748062133789063
0.0332183837890625 -0.0555801391601563 -0.0171051025390625 0.07366943359375
0.059234619140625 -0.0288810729980469 -0.0409431457519531 0.0617141723632812
0.0640068054199219 0.0101547241210937 -0.0485420227050781 0.023193359375
0.0249748229980469 0.0680046081542969 -0.0318107604980469 -0.00655555725097656
-0.025177001953125 0.0754776000976563 0.00225257873535156 0.0326080322265625
-0.0606422424316406 0.0423126220703125 -0.0566482543945313 0.100410461425781
0.0493850708007812 0.0153884887695313 0.06658935546875 -0.10345458984375
0.0398101806640625 -0.0359001159667969 0.0162315368652344 -0.0343437194824219
-0.00882339477539063 -0.044158935546875 0.0356521606445312 0.00989913940429687
-0.0352859497070313 -0.019317626953125 0.070556640625 -0.0181198120117188
-0.0359878540039063 0.00855636596679687 0.0566368103027344 -0.067413330078125
-0.0224971771240234 0.0309524536132813 0.0185089111328125 -0.0974197387695313
-0.0153369903564453 0.0271434783935547 -0.0132369995117188 -0.09381103515625
-0.0194473266601562 0.0201320648193359 -0.0190811157226562 -0.0739364624023438
-0.0246086120605469 0.0197639465332031 -0.0138435363769531 -0.0608291625976563
-0.0306034088134766 0.000345230102539057 -0.00920486450195313 -0.0492668151855469
-0.0213737487792969 -0.0257530212402344 -0.00697708129882813 -0.0393753051757813
0.008453369140625 -0.0352821350097656 -0.00894927978515625 -0.0484504699707031
0.0459365844726563 -0.016937255859375 -0.00876617431640625 -0.07696533203125
0.0590362548828125 0.0164985656738281 -0.000556945800781245 -0.116325378417969
0.043853759765625 0.0445671081542969 0.00814819335937499 -0.123489379882813
0.0347175598144531 0.0662117004394531 0.0848159790039063 -0.0882797241210938
0.0500984191894531 0.0109519958496094 0.0288982391357422 -0.0260276794433594
0.0225639343261719 -0.0133514404296875 0.0442619323730469 0.0167503356933594
0.00280380249023438 -0.0159988403320313 0.0835647583007813 -0.01544189453125
-0.00673770904541016 -0.00807905197143555 0.0688629150390625 -0.066131591796875
-0.00855922698974609 -0.00188827514648437 0.0265884399414063 -0.101936340332031
-0.0135030746459961 -0.00859451293945313 -0.00975036621093751 -0.100318908691406
-0.0146999359130859 -0.0124721527099609 -0.018341064453125 -0.0760574340820313
-0.0173120498657227 -0.0156135559082031 -0.0122871398925781 -0.061370849609375
-0.00835418701171875 -0.0289630889892578 -0.00609207153320313 -0.050872802734375
0.0126304626464844 -0.0355072021484375 -0.00588417053222656 -0.0347385406494141
0.0403289794921875 -0.0229682922363281 -0.00925064086914063 -0.0393218994140625
0.0600318908691406 0.0202140808105469 -0.0161056518554687 -0.06280517578125
0.057647705078125 0.0634384155273438 -0.00742340087890626 -0.0973663330078125
0.0284194946289063 0.0888595581054688 0.00958251953125001 -0.101043701171875
0.0121612548828125 0.108863830566406 0.0956497192382813 -0.0572586059570312
0.0498313903808594 0.0626602172851563 0.0393486022949219 -0.00403594970703125
0.0499267578125 0.0289077758789063 0.0518798828125 0.0294837951660156
0.0457572937011719 -0.00519561767578125 0.0916519165039063 -0.00424957275390625
0.0286273956298828 -0.0231056213378906 0.077545166015625 -0.0564727783203125
0.0108585357666016 -0.0340919494628906 0.0355987548828125 -0.0948028564453125
-0.00762176513671875 -0.0423965454101563 -0.00325012207031249 -0.09429931640625
-0.00802230834960938 -0.0427818298339844 -0.0141830444335937 -0.0687637329101563
-0.00820541381835937 -0.0493431091308594 -0.00909042358398438 -0.0507774353027344
0.00842666625976562 -0.0550537109375 -0.00696182250976563 -0.0413322448730469
0.0391311645507813 -0.0474929809570313 -0.0100650787353516 -0.0234889984130859
0.0678253173828125 -0.0200576782226563 -0.0140743255615234 -0.0268173217773438
0.0743637084960937 0.0450592041015625 -0.0242652893066406 -0.0465469360351563
0.0592041015625 0.0963363647460938 -0.0112686157226563 -0.0723495483398438
0.0162200927734375 0.119712829589844 0.00563430786132812 -0.0681190490722656
-0.018157958984375 0.135948181152344 0.0945663452148438 -0.0121383666992187
0.0345535278320313 0.107864379882812 0.04473876953125 0.0289268493652344
0.0646591186523438 0.0753860473632813 0.0536651611328125 0.0482711791992188
0.08251953125 0.0171585083007813 0.0937423706054687 0.0129776000976563
0.0643768310546875 -0.0286636352539063 0.0792160034179688 -0.0377120971679688
0.0329360961914063 -0.0607109069824219 0.0404891967773438 -0.0753173828125
0.000499725341796877 -0.0694999694824219 0.00469207763671875 -0.0748291015625
-0.000328063964843746 -0.0666885375976563 -0.00861740112304687 -0.0493736267089844
-0.000877380371093744 -0.0756072998046875 -0.00537490844726563 -0.0306205749511719
0.02044677734375 -0.0753936767578125 -0.00800895690917969 -0.0233783721923828
0.0589752197265625 -0.0577163696289062 -0.0147600173950195 -0.00606536865234375
0.0851364135742188 -0.0199203491210938 -0.0198230743408203 -0.0128059387207031
0.0836029052734375 0.0590667724609375 -0.0285282135009766 -0.0328350067138672
0.0578536987304687 0.114768981933594 -0.00821304321289063 -0.047515869140625
0.0043182373046875 0.134353637695313 0.000642776489257814 -0.028656005859375
-0.0468902587890625 0.136970520019531 0.080108642578125 0.0382232666015625
0.00615692138671874 0.131256103515625 0.0393486022949219 0.0663986206054688
0.0589065551757812 0.109550476074219 0.0486946105957031 0.0667076110839844
0.101348876953125 0.0427780151367188 0.0829696655273438 0.03216552734375
0.0889053344726563 -0.0220718383789063 0.0700531005859375 -0.0135116577148438
0.0525665283203125 -0.0737838745117188 0.0400428771972656 -0.0461997985839844
0.0093231201171875 -0.0866241455078125 0.0112457275390625 -0.0457611083984375
0.00707244873046875 -0.0812911987304688 -0.00164031982421875 -0.0234928131103516
0.00473785400390624 -0.0914688110351563 -0.000334024429321289 -0.003828763961792
0.0280838012695312 -0.0879135131835937 -0.00863504409790039 0.000915050506591791
0.0701370239257813 -0.0619316101074219 -0.0192184448242187 0.0125694274902344
0.093597412109375 -0.0173416137695313 -0.0242805480957031 -0.000982284545898443
0.0825042724609375 0.0680618286132812 -0.0276165008544922 -0.0216007232666016
0.0473785400390625 0.120895385742187 0.000240325927734378 -0.0221805572509766
-0.0113449096679688 0.131568908691406 -0.00605678558349609 0.012211799621582
-0.0654220581054688 0.111076354980469 0.0568695068359375 0.0840377807617188
-0.0244827270507812 0.124893188476563 0.0271453857421875 0.099609375
0.033294677734375 0.121009826660156 0.0366897583007812 0.0789794921875
0.0930252075195312 0.0640411376953125 0.0630683898925781 0.0476264953613281
0.094512939453125 -0.00806427001953125 0.053131103515625 0.0100975036621094
0.0635910034179688 -0.0704803466796875 0.0318317413330078 -0.0131797790527344
0.018096923828125 -0.0880126953125 0.0143346786499023 -0.0100231170654297
0.011993408203125 -0.0828094482421875 0.00594425201416016 0.0059976577758789
0.0106124877929687 -0.0945053100585937 0.00576972961425782 0.0258960723876953
0.0324325561523437 -0.089874267578125 -0.00837135314941406 0.0274448394775391
0.0752487182617187 -0.0578155517578125 -0.0244674682617187 0.0308551788330078
0.093505859375 -0.0106353759765625 -0.0311374664306641 0.0105991363525391
0.0715179443359375 0.0756301879882813 -0.0270786285400391 -0.0146579742431641
0.02703857421875 0.117401123046875 0.00806999206542969 -0.000770568847656243
-0.0296859741210937 0.114639282226563 -0.016693115234375 0.0517463684082031
-0.0723495483398438 0.0645599365234375 0.0313491821289062 0.117050170898438
-0.0472869873046875 0.08953857421875 0.0119171142578125 0.120872497558594
0.00240325927734375 0.102630615234375 0.0240859985351562 0.082733154296875
0.06591796875 0.0673141479492188 0.0398826599121094 0.0545845031738281
0.0795669555664063 0.0059356689453125 0.032522201538086 0.0261058807373047
0.0614776611328125 -0.0556678771972656 0.0220394134521484 0.0154285430908203
0.022979736328125 -0.0754623413085938 0.0149040222167969 0.0208263397216797
0.015960693359375 -0.0715179443359375 0.0120773315429688 0.0343437194824219
0.015106201171875 -0.0832595825195313 0.00925445556640625 0.0526924133300781
0.03472900390625 -0.079132080078125 -0.0126113891601562 0.0528602600097656
0.0712432861328125 -0.0475616455078125 -0.0319709777832031 0.0492095947265625
0.084503173828125 -0.00136566162109375 -0.0396080017089844 0.0181732177734375
0.0519180297851563 0.0765380859375 -0.028167724609375 -0.0103168487548828
0.000968933105468752 0.104080200195313 0.00936317443847656 0.0177001953125
-0.048980712890625 0.0855789184570313 -0.0351715087890625 0.082672119140625
-0.0656089782714844 0.00709915161132812 0.010101318359375 0.129547119140625
-0.0561904907226563 0.03887939453125 0.00149536132812499 0.123611450195313
-0.0239906311035156 0.06219482421875 0.0163497924804688 0.0768890380859375
0.0293197631835937 0.0549240112304688 0.0221405029296875 0.0541572570800781
0.0501708984375 0.0149269104003906 0.015716552734375 0.0354118347167969
0.0472984313964844 -0.0321235656738281 0.0111808776855469 0.0364875793457031
0.0232391357421875 -0.0504608154296875 0.0144996643066406 0.04644775390625
0.0175132751464844 -0.0498313903808594 0.0160636901855469 0.0575370788574219
0.0166664123535156 -0.0606918334960938 0.0102996826171875 0.0751571655273438
0.03192138671875 -0.05694580078125 -0.0174179077148438 0.0754165649414062
0.0595779418945313 -0.0312881469726563 -0.0411262512207031 0.0636138916015625
0.0649833679199219 0.008026123046875 -0.0494804382324219 0.0238761901855469
0.0275115966796875 0.0697402954101563 -0.0326633453369141 -0.00762748718261719
-0.0231475830078125 0.0780105590820313 0.00297355651855468 0.0313377380371094
-0.0611305236816406 0.0434989929199219 -0.0567779541015625 0.102073669433594
0.0518379211425781 0.0134010314941406 0.0662307739257813 -0.109756469726562
0.0394210815429687 -0.0395431518554688 0.0155410766601563 -0.0358085632324219
-0.0105171203613281 -0.0467453002929688 0.0366706848144531 0.0110969543457031
-0.0385932922363281 -0.0184822082519531 0.0725860595703125 -0.0203094482421875
-0.0364570617675781 0.0117034912109375 0.056884765625 -0.0708160400390625
-0.0213813781738281 0.0333709716796875 0.017486572265625 -0.100006103515625
-0.0139751434326172 0.0284538269042969 -0.01666259765625 -0.0966033935546875
-0.0194168090820313 0.0224990844726562 -0.0227432250976563 -0.075927734375
-0.024169921875 0.0216865539550781 -0.0176734924316406 -0.0613174438476563
-0.0312061309814453 0.00192260742187499 -0.0110893249511719 -0.0506553649902344
-0.0230827331542969 -0.0255775451660156 -0.009429931640625 -0.0432014465332031
0.00677108764648437 -0.0368232727050781 -0.00966262817382813 -0.0521965026855469
0.0467300415039063 -0.0190048217773438 -0.0089263916015625 -0.0809249877929687
0.0615653991699219 0.0153121948242187 -0.00177001953125 -0.120384216308594
0.0461616516113281 0.0438728332519531 0.00579071044921876 -0.130531311035156
0.0379104614257813 0.0669021606445313 0.085845947265625 -0.095458984375
0.0533447265625 0.00914764404296875 0.0284976959228516 -0.0276737213134766
0.0230121612548828 -0.0144844055175781 0.0462608337402344 0.0177116394042969
0.00221920013427734 -0.0167999267578125 0.085784912109375 -0.0164871215820313
-0.00713348388671875 -0.00892543792724609 0.0696029663085938 -0.0704345703125
-0.00754594802856445 -0.00200366973876953 0.0251312255859375 -0.106819152832031
-0.0125055313110352 -0.00785064697265625 -0.0129928588867188 -0.103561401367188
-0.0151853561401367 -0.0120048522949219 -0.0215301513671875 -0.0779266357421875
-0.0171432495117188 -0.0158796310424805 -0.0154190063476562 -0.0632095336914063
-0.0103492736816406 -0.0287933349609375 -0.00970077514648438 -0.0521240234375
0.0117988586425781 -0.03680419921875 -0.00787734985351562 -0.0376739501953125
0.0413093566894531 -0.025299072265625 -0.0101547241210937 -0.0427780151367188
0.0625648498535156 0.0187339782714844 -0.0174827575683594 -0.0655174255371094
0.0610275268554688 0.0643348693847656 -0.00884246826171874 -0.102149963378906
0.0326690673828125 0.0912246704101563 0.00812530517578126 -0.107025146484375
0.0149154663085937 0.112861633300781 0.0981826782226563 -0.0628585815429687
0.0531768798828125 0.0626716613769531 0.0402717590332031 -0.005523681640625
0.0531501770019531 0.0294036865234375 0.0529365539550781 0.0316429138183594
0.0473518371582031 -0.00577545166015625 0.0951995849609375 -0.00495147705078125
0.0296459197998047 -0.0240726470947266 0.0798263549804688 -0.0601806640625
0.0110588073730469 -0.0363540649414063 0.0347518920898438 -0.09912109375
-0.00949478149414062 -0.0431938171386719 -0.00641632080078125 -0.097625732421875
-0.00923538208007813 -0.0435752868652344 -0.017578125 -0.0692481994628906
-0.0103225708007812 -0.050628662109375 -0.0125465393066406 -0.0518531799316406
0.006378173828125 -0.0568809509277344 -0.0103187561035156 -0.0421371459960938
0.0398941040039063 -0.0500946044921875 -0.0117835998535156 -0.0253047943115234
0.0689735412597656 -0.022796630859375 -0.015167236328125 -0.0297069549560547
0.0793991088867188 0.0447158813476563 -0.0242385864257813 -0.0496177673339844
0.0652542114257813 0.09881591796875 -0.0126495361328125 -0.07635498046875
0.0200424194335938 0.1240234375 0.0045623779296875 -0.072998046875
-0.014251708984375 0.1414794921875 0.09796142578125 -0.016204833984375
0.0384597778320313 0.110298156738281 0.0457115173339844 0.0285148620605469
0.0700607299804688 0.075225830078125 0.0560951232910156 0.0504302978515625
0.0871047973632813 0.0142669677734375 0.0974349975585938 0.0123825073242188
0.0661849975585938 -0.0311546325683594 0.081085205078125 -0.0406417846679688
0.0325584411621094 -0.0645217895507812 0.0405807495117188 -0.07861328125
-0.00209045410156251 -0.0728912353515625 0.00204467773437501 -0.078155517578125
-0.00316619873046875 -0.0699310302734375 -0.0116310119628906 -0.0514717102050781
-0.00423431396484375 -0.078338623046875 -0.00747108459472656 -0.0311813354492188
0.0180587768554688 -0.0789642333984375 -0.0109882354736328 -0.0242633819580078
0.0589752197265625 -0.0609474182128906 -0.0167369842529297 -0.00862598419189453
0.0881576538085938 -0.0241241455078125 -0.0205402374267578 -0.0152969360351562
0.08966064453125 0.0579071044921875 -0.0286273956298828 -0.0343170166015625
0.064788818359375 0.117713928222656 -0.00868606567382812 -0.0501861572265625
0.00828552246093749 0.139808654785156 0.000902175903320313 -0.031524658203125
-0.043853759765625 0.144485473632813 0.0850982666015625 0.0371551513671875
0.0103759765625 0.136863708496094 0.0410804748535156 0.0674896240234375
0.0643844604492188 0.113044738769531 0.0498619079589844 0.0695228576660156
0.107246398925781 0.0408096313476562 0.086273193359375 0.0326156616210938
0.091949462890625 -0.026458740234375 0.0731048583984375 -0.0143356323242188
0.052490234375 -0.0783920288085937 0.0403976440429687 -0.0485801696777344
0.00745391845703125 -0.0896224975585938 0.00976943969726562 -0.0479393005371094
0.00500488281249999 -0.0839614868164063 -0.00307655334472656 -0.0244693756103516
0.00133514404296874 -0.0953216552734375 -0.000876426696777344 -0.00443840026855469
0.0256881713867188 -0.0918655395507813 -0.011775016784668 0.00140857696533203
0.0712203979492188 -0.06787109375 -0.0208072662353516 0.0123634338378906
0.0973129272460938 -0.0226287841796875 -0.0259857177734375 -0.00182342529296875
0.0896377563476563 0.0682907104492188 -0.0291252136230469 -0.0237274169921875
0.0538558959960938 0.12353515625 0.000810623168945316 -0.0250930786132812
-0.00834655761718751 0.137809753417969 -0.00608444213867187 0.011967658996582
-0.0653839111328125 0.118537902832031 0.0612945556640625 0.0850296020507813
-0.0217819213867188 0.1298828125 0.0289230346679688 0.103355407714844
0.0393905639648438 0.125885009765625 0.0380859375 0.08245849609375
0.100250244140625 0.0622940063476563 0.0657691955566406 0.0501365661621094
0.0983352661132813 -0.01214599609375 0.0564422607421875 0.0103607177734375
0.0635604858398438 -0.0765762329101563 0.0337429046630859 -0.0144615173339844
0.0163345336914063 -0.0925827026367187 0.0138235092163086 -0.0117568969726563
0.00984954833984375 -0.086395263671875 0.00553035736083984 0.00636100769042968
0.00662231445312501 -0.0982894897460938 0.00539016723632813 0.0247421264648437
0.0302658081054687 -0.0945053100585938 -0.0113353729248047 0.028228759765625
0.076202392578125 -0.0640716552734375 -0.025665283203125 0.0329437255859375
0.0975875854492188 -0.015625 -0.0322322845458984 0.00972366333007812
0.0774307250976563 0.0757064819335938 -0.0283336639404297 -0.0164299011230469
0.033172607421875 0.121864318847656 0.00891399383544922 -0.00358104705810546
-0.0280990600585938 0.121070861816406 -0.016204833984375 0.052642822265625
-0.0728683471679688 0.0709457397460938 0.0344314575195312 0.121200561523438
-0.0462112426757812 0.0947113037109375 0.01361083984375 0.124618530273438
0.006134033203125 0.106620788574219 0.02471923828125 0.0857086181640625
0.0720672607421875 0.0665283203125 0.0424652099609375 0.0567703247070313
0.0826644897460938 0.00212860107421875 0.0344886779785156 0.0279865264892578
0.0612220764160156 -0.0606765747070313 0.0238800048828125 0.0154075622558594
0.020965576171875 -0.0790252685546875 0.0159339904785156 0.0213947296142578
0.0136489868164062 -0.074462890625 0.0125293731689453 0.0340652465820313
0.0121078491210938 -0.087890625 0.00970840454101562 0.0534820556640625
0.0327072143554688 -0.0840072631835938 -0.0130577087402344 0.0549507141113281
0.072052001953125 -0.0528945922851563 -0.033538818359375 0.0508537292480469
0.0886077880859375 -0.00466156005859375 -0.0410270690917969 0.0187263488769531
0.0576858520507812 0.0786361694335938 -0.0298309326171875 -0.0113983154296875
0.00595855712890626 0.108306884765625 0.01025390625 0.0169057846069336
-0.048583984375 0.0899810791015625 -0.0333709716796875 0.0858001708984375
-0.0675773620605469 0.0120658874511719 0.0139541625976562 0.1356201171875
-0.0569343566894531 0.0433273315429687 0.0025177001953125 0.12933349609375
-0.0212326049804688 0.0661506652832031 0.016265869140625 0.0796051025390625
0.033599853515625 0.0558357238769531 0.023590087890625 0.0571136474609375
0.0535621643066406 0.0136299133300781 0.0177078247070313 0.0359954833984375
0.0478706359863281 -0.0357627868652344 0.0146484375 0.0370826721191406
0.0218086242675781 -0.0528945922851562 0.0157699584960938 0.046722412109375
0.0146751403808594 -0.0526123046875 0.0177459716796875 0.0588531494140625
0.0145149230957031 -0.0634498596191406 0.013336181640625 0.0774307250976563
0.0304832458496094 -0.0616950988769531 -0.0166549682617187 0.0793609619140625
0.0604248046875 -0.0354080200195313 -0.0421638488769531 0.0654792785644531
0.0690422058105469 0.0064544677734375 -0.051055908203125 0.0253715515136719
0.0321731567382813 0.0709991455078125 -0.0348491668701172 -0.00889015197753906
-0.0216827392578125 0.0815353393554688 0.00425148010253906 0.0315608978271484
-0.0620994567871094 0.0473899841308594 -0.0553817749023438 0.10736083984375
0.0543937683105469 0.0107383728027344 0.062225341796875 -0.118400573730469
0.0385360717773438 -0.044464111328125 0.0133438110351563 -0.03863525390625
-0.0140037536621094 -0.0463104248046875 0.0384483337402344 0.0101470947265625
-0.0406608581542969 -0.0162582397460938 0.0748214721679688 -0.0238723754882813
-0.036407470703125 0.0143852233886719 0.0565109252929688 -0.07470703125
-0.0196933746337891 0.0350112915039062 0.0125274658203125 -0.1043701171875
-0.0117435455322266 0.0297145843505859 -0.022186279296875 -0.0993728637695313
-0.0180892944335938 0.023895263671875 -0.027252197265625 -0.0767440795898438
-0.0231876373291016 0.0243129730224609 -0.021820068359375 -0.0623779296875
-0.0317325592041016 0.00397109985351563 -0.0154037475585938 -0.052276611328125
-0.0250701904296875 -0.0232925415039063 -0.0130729675292969 -0.0459327697753906
0.00408554077148437 -0.0379180908203125 -0.0128707885742187 -0.0561752319335938
0.0459365844726563 -0.0234031677246094 -0.0114059448242187 -0.0839004516601563
0.0638809204101563 0.0111732482910156 -0.00753021240234374 -0.124984741210937
0.050811767578125 0.0427017211914063 -0.000526428222656257 -0.136032104492188
0.0440025329589844 0.0670852661132813 0.0839309692382812 -0.104591369628906
0.0548591613769531 0.005889892578125 0.0272102355957031 -0.030364990234375
0.0223369598388672 -0.0154399871826172 0.0476264953613281 0.0172843933105469
0.00145149230957031 -0.0168638229370117 0.0884017944335937 -0.0204238891601562
-0.00707340240478515 -0.00762557983398438 0.0693435668945313 -0.07537841796875
-0.00724029541015625 -0.00196504592895508 0.0206222534179688 -0.111091613769531
-0.0133638381958008 -0.00810527801513672 -0.0194778442382812 -0.106224060058594
-0.0156803131103516 -0.0115890502929688 -0.0268783569335938 -0.079498291015625
-0.01824951171875 -0.01470947265625 -0.0204696655273438 -0.063568115234375
-0.0113906860351562 -0.0290145874023438 -0.014129638671875 -0.0531234741210938
0.00962066650390625 -0.0375328063964844 -0.0119781494140625 -0.0402336120605469
0.0406913757324219 -0.0288963317871094 -0.011993408203125 -0.0462875366210938
0.0652427673339844 0.0156517028808594 -0.0186004638671875 -0.0684127807617188
0.06658935546875 0.0623245239257813 -0.01300048828125 -0.104461669921875
0.0383987426757812 0.092987060546875 0.00209045410156251 -0.113304138183594
0.0212554931640625 0.115921020507812 0.0982894897460938 -0.0721282958984375
0.0581932067871094 0.0616416931152344 0.0392112731933594 -0.00775527954101562
0.0560798645019531 0.0269927978515625 0.0560264587402344 0.0309104919433594
0.0491294860839844 -0.00809097290039063 0.09844970703125 -0.00931549072265625
0.0292625427246094 -0.0265884399414062 0.0795516967773438 -0.0652389526367188
0.00937652587890625 -0.038848876953125 0.0306930541992187 -0.104316711425781
-0.0111465454101563 -0.0445747375488281 -0.0121307373046875 -0.0997695922851563
-0.0116004943847656 -0.0449104309082031 -0.0226974487304687 -0.07073974609375
-0.0143470764160156 -0.0519027709960938 -0.0174713134765625 -0.0520668029785156
0.00366592407226563 -0.0592994689941406 -0.0149269104003906 -0.0432472229003906
0.037841796875 -0.0528907775878906 -0.0156669616699219 -0.0269622802734375
0.0699043273925781 -0.02752685546875 -0.0162086486816406 -0.0323677062988281
0.0837860107421875 0.040557861328125 -0.02606201171875 -0.0517082214355469
0.0724639892578125 0.0974960327148438 -0.01519775390625 -0.079193115234375
0.0270462036132812 0.127334594726563 0.00119781494140625 -0.077789306640625
-0.00625610351562501 0.147201538085938 0.10028076171875 -0.0233535766601562
0.046112060546875 0.111747741699219 0.0463790893554688 0.0266304016113281
0.077056884765625 0.0740280151367188 0.0588302612304688 0.0508346557617188
0.0913925170898438 0.01025390625 0.100845336914063 0.00838470458984375
0.0666236877441406 -0.0355148315429688 0.0826034545898438 -0.0446014404296875
0.0305519104003906 -0.0688705444335938 0.0376663208007813 -0.0835952758789063
-0.00505828857421875 -0.0753402709960938 -0.00254058837890624 -0.080230712890625
-0.00695037841796876 -0.071502685546875 -0.0159416198730469 -0.0516777038574219
-0.00942230224609374 -0.0810165405273438 -0.010772705078125 -0.03143310546875
0.0133514404296875 -0.0831832885742188 -0.015045166015625 -0.0244865417480469
0.057525634765625 -0.0670127868652344 -0.0198860168457031 -0.00788688659667969
0.0899658203125 -0.0303878784179688 -0.0218219757080078 -0.0177059173583984
0.096893310546875 0.0553512573242187 -0.0303230285644531 -0.0359687805175781
0.074188232421875 0.117507934570313 -0.0108413696289062 -0.0523834228515625
0.015472412109375 0.143508911132813 -0.00162124633789062 -0.0349693298339844
-0.037567138671875 0.152236938476563 0.0904159545898438 0.0328216552734375
0.0189361572265625 0.140182495117188 0.0450248718261719 0.0682220458984375
0.0737838745117187 0.113418579101562 0.0538711547851563 0.0704269409179688
0.114105224609375 0.0361404418945313 0.0909957885742188 0.0314254760742188
0.0939712524414063 -0.0324783325195312 0.075714111328125 -0.017852783203125
0.0494155883789062 -0.0852737426757813 0.0400886535644531 -0.0522422790527344
0.00283050537109375 -0.0934371948242188 0.00648880004882812 -0.0495147705078125
-0.000595092773437495 -0.0871505737304688 -0.00523185729980469 -0.0248832702636719
-0.00504302978515625 -0.0989303588867187 -0.00257754325866699 -0.0036914348602295
0.01971435546875 -0.0979843139648437 -0.0140676498413086 0.00176239013671875
0.0692138671875 -0.0746078491210938 -0.0227470397949219 0.0129718780517578
0.100410461425781 -0.0298233032226563 -0.0269355773925781 -0.00275421142578125
0.0978622436523438 0.0652923583984375 -0.0300674438476562 -0.0241851806640625
0.0644912719726563 0.12530517578125 -0.000429153442382808 -0.0272731781005859
-0.00054931640624999 0.14312744140625 -0.00605869293212891 0.0103797912597656
-0.0606689453125 0.127616882324219 0.0688095092773438 0.0862579345703125
-0.0142440795898438 0.135917663574219 0.0343399047851562 0.104804992675781
0.0494461059570312 0.127098083496094 0.0418243408203125 0.0848617553710938
0.108993530273438 0.057403564453125 0.0705337524414063 0.0490875244140625
0.10125732421875 -0.0184783935546875 0.0582427978515625 0.00880813598632812
0.0604934692382812 -0.083587646484375 0.0352935791015625 -0.0169677734375
0.0106582641601563 -0.09588623046875 0.0138511657714844 -0.0135498046875
0.00507354736328125 -0.089447021484375 0.00535011291503906 0.00615644454956054
0.000259399414062492 -0.103240966796875 0.00516700744628906 0.0256118774414062
0.0246047973632812 -0.0999908447265625 -0.0118179321289062 0.0303897857666016
0.0739822387695313 -0.071502685546875 -0.0263099670410156 0.035013198852539
0.0998992919921875 -0.0226593017578125 -0.0329360961914062 0.0108203887939453
0.0863800048828125 0.0735397338867188 -0.0290451049804687 -0.0164337158203125
0.042388916015625 0.123283386230469 0.0093536376953125 -0.00478458404541015
-0.0226364135742188 0.127853393554688 -0.0149383544921875 0.053802490234375
-0.0710601806640625 0.0789566040039062 0.0433349609375 0.123832702636719
-0.04150390625 0.1016845703125 0.0196075439453125 0.1279296875
0.0136184692382813 0.11090087890625 0.0279922485351563 0.087982177734375
0.0798110961914062 0.0643234252929688 0.0461692810058594 0.0584068298339844
0.086700439453125 -0.00244903564453125 0.0380973815917969 0.0278587341308594
0.0596084594726563 -0.0668373107910156 0.0264320373535156 0.0147285461425781
0.016815185546875 -0.0823974609375 0.0176773071289063 0.0207729339599609
0.00856781005859374 -0.0781631469726563 0.0144462585449219 0.0352821350097656
0.00606536865234375 -0.0913543701171875 0.01263427734375 0.0547027587890625
0.0271759033203125 -0.0886764526367188 -0.0120315551757813 0.0578155517578125
0.0716781616210938 -0.0599136352539063 -0.0321807861328125 0.0544357299804687
0.0913543701171875 -0.010833740234375 -0.0408515930175781 0.0215263366699219
0.0660629272460937 0.078094482421875 -0.0310134887695312 -0.0110301971435547
0.0134429931640625 0.111160278320312 0.0118522644042969 0.015254020690918
-0.0455856323242187 0.0958709716796875 -0.0300369262695313 0.090057373046875
-0.0687370300292969 0.0172195434570312 0.0208511352539063 0.140068054199219
-0.0557212829589844 0.0481224060058594 0.00870513916015624 0.133056640625
-0.0178146362304687 0.0711135864257812 0.0194320678710937 0.082672119140625
0.0388526916503906 0.055511474609375 0.0272254943847656 0.0583877563476563
0.05657958984375 0.00982284545898437 0.0204238891601563 0.0382652282714844
0.0472946166992188 -0.0404396057128906 0.0174484252929688 0.0368766784667969
0.018310546875 -0.0557899475097656 0.01947021484375 0.0476303100585938
0.0113182067871094 -0.0543975830078125 0.0214996337890625 0.0586090087890625
0.00925827026367188 -0.0669403076171875 0.0164413452148438 0.079010009765625
0.0266075134277344 -0.0648651123046875 -0.0144577026367188 0.0819931030273438
0.0599136352539063 -0.0403022766113281 -0.0398139953613281 0.0700416564941406
0.07147216796875 0.00182342529296875 -0.0519218444824219 0.0281448364257813
0.0381393432617187 0.0720977783203125 -0.0359687805175781 -0.00819015502929686
-0.0159683227539063 0.0853424072265625 0.00634574890136718 0.0300369262695313
-0.061798095703125 0.0522956848144531 -0.0523757934570313 0.113929748535156
0.055450439453125 0.0077362060546875 0.0544357299804687 -0.125137329101563
0.0347366333007813 -0.0470619201660156 0.00921630859375 -0.0389556884765625
-0.0167427062988281 -0.045013427734375 0.0385627746582031 0.00846481323242187
-0.0418853759765625 -0.0124473571777344 0.07452392578125 -0.0271835327148438
-0.0346794128417969 0.0184822082519531 0.052001953125 -0.078704833984375
-0.0169677734375 0.0357742309570313 0.00578308105468749 -0.105720520019531
-0.00881385803222656 0.0298671722412109 -0.0285110473632812 -0.0976638793945313
-0.0158729553222656 0.0258827209472656 -0.03192138671875 -0.0748977661132813
-0.021148681640625 0.0268726348876953 -0.0274925231933594 -0.0617103576660156
-0.0297393798828125 0.00792312622070313 -0.0210151672363281 -0.0517044067382813
-0.0278701782226562 -0.0205802917480469 -0.0172004699707031 -0.0475502014160156
0.00115966796875 -0.0383720397949219 -0.016021728515625 -0.0579376220703125
0.043548583984375 -0.02618408203125 -0.0154647827148437 -0.0848464965820313
0.0635795593261719 0.00522613525390625 -0.0133056640625 -0.125457763671875
0.0550880432128906 0.0403709411621094 -0.0103225708007812 -0.13922119140625
0.0477218627929688 0.0641746520996094 0.0776214599609375 -0.112724304199219
0.0552940368652344 0.00129318237304687 0.0242958068847656 -0.0320472717285156
0.0221443176269531 -0.01739501953125 0.0484275817871094 0.0162239074707031
0.000391960144042967 -0.0170125961303711 0.0882034301757813 -0.0263595581054688
-0.00633049011230469 -0.00701189041137695 0.0651779174804688 -0.0804977416992188
-0.00699663162231445 -0.0028986930847168 0.0147018432617187 -0.113014221191406
-0.0123186111450195 -0.00693702697753906 -0.027801513671875 -0.106208801269531
-0.0157403945922852 -0.0107498168945313 -0.032989501953125 -0.076934814453125
-0.0196743011474609 -0.0129470825195313 -0.0262107849121094 -0.0619430541992188
-0.0128002166748047 -0.0273857116699219 -0.0188560485839844 -0.0538406372070313
0.00658035278320313 -0.0378303527832031 -0.0157470703125 -0.0407028198242187
0.0388069152832031 -0.0306053161621094 -0.0159797668457031 -0.0484657287597656
0.0668525695800781 0.0111579895019531 -0.0211868286132812 -0.0686759948730469
0.0717926025390625 0.057159423828125 -0.017303466796875 -0.106704711914063
0.0461044311523438 0.09173583984375 -0.00335693359374999 -0.116767883300781
0.0302276611328125 0.116317749023438 0.0952987670898437 -0.080596923828125
0.0637245178222656 0.057891845703125 0.0378570556640625 -0.0100059509277344
0.0598640441894531 0.0234298706054688 0.0576972961425781 0.0288848876953125
0.04864501953125 -0.012176513671875 0.0985260009765625 -0.015380859375
0.0293693542480469 -0.0282764434814453 0.0768203735351563 -0.0709915161132813
0.00793838500976563 -0.0401611328125 0.0243377685546875 -0.1068115234375
-0.0126686096191406 -0.0453071594238281 -0.019775390625 -0.100204467773438
-0.0144577026367187 -0.0439033508300781 -0.0287933349609375 -0.0692291259765625
-0.01708984375 -0.050750732421875 -0.0205650329589844 -0.0507164001464844
-0.000881195068359381 -0.0596427917480469 -0.0197105407714844 -0.0428962707519531
0.0344619750976563 -0.05670166015625 -0.0196666717529297 -0.0269355773925781
0.0689888000488281 -0.03289794921875 -0.0190391540527344 -0.0347728729248047
0.0877227783203125 0.0358810424804688 -0.0290756225585937 -0.0522422790527344
0.0795211791992188 0.093597412109375 -0.0194473266601563 -0.0798873901367187
0.0363616943359375 0.127784729003906 -0.00480651855468749 -0.0803375244140625
0.00352478027343751 0.148696899414062 0.0997695922851563 -0.0315628051757812
0.0550994873046875 0.108619689941406 0.048858642578125 0.0235977172851563
0.0829238891601563 0.0704116821289063 0.0618934631347656 0.0487556457519531
0.0932846069335938 0.0032806396484375 0.103271484375 0.0040130615234375
0.0662193298339844 -0.0399436950683594 0.0804824829101563 -0.0498275756835938
0.0253219604492188 -0.0724945068359375 0.03424072265625 -0.0875167846679688
-0.0088958740234375 -0.07513427734375 -0.00701141357421876 -0.0789947509765625
-0.0109939575195313 -0.0725173950195313 -0.0208663940429688 -0.0505104064941406
-0.0144729614257812 -0.0806655883789063 -0.0146331787109375 -0.0307731628417969
0.0070343017578125 -0.0850753784179688 -0.0184974670410156 -0.0228500366210938
0.052398681640625 -0.073883056640625 -0.0210819244384766 -0.00762939453125
0.0888900756835938 -0.0366897583007813 -0.0236473083496094 -0.019287109375
0.101409912109375 0.0487823486328125 -0.0325546264648437 -0.035614013671875
0.082733154296875 0.113075256347656 -0.0132408142089844 -0.0531768798828125
0.02490234375 0.143798828125 -0.00494003295898437 -0.0371246337890625
-0.0281219482421875 0.15521240234375 0.0946578979492188 0.0260772705078125
0.0282745361328125 0.140960693359375 0.048980712890625 0.0651435852050781
0.0835113525390625 0.108810424804688 0.0574722290039063 0.06915283203125
0.118553161621094 0.028656005859375 0.0928115844726563 0.0272979736328125
0.0932998657226563 -0.039031982421875 0.0752105712890625 -0.0218505859375
0.0430908203125 -0.0907363891601562 0.03948974609375 -0.0567054748535156
-0.0023193359375 -0.0943756103515625 0.00282669067382812 -0.0500984191894531
-0.00796508789062499 -0.0879058837890625 -0.00831222534179688 -0.0226612091064453
-0.0129165649414062 -0.0998153686523437 -0.00480985641479492 -0.00325155258178711
0.012237548828125 -0.101287841796875 -0.0156278610229492 0.00291728973388671
0.0639724731445313 -0.0805130004882813 -0.0232162475585937 0.0147724151611328
0.09906005859375 -0.037261962890625 -0.0279541015625 -0.00359535217285156
0.104469299316406 0.0588150024414063 -0.0311298370361328 -0.0241508483886719
0.074951171875 0.120216369628906 -0.00271415710449219 -0.0293560028076172
0.00907897949218749 0.14569091796875 -0.00600147247314453 0.00929355621337891
-0.0533828735351562 0.132164001464844 0.0740127563476563 0.08087158203125
-0.0029296875 0.136810302734375 0.0394668579101562 0.104324340820313
0.0586929321289062 0.125289916992187 0.0455856323242188 0.082550048828125
0.113685607910156 0.0497894287109375 0.072906494140625 0.0477371215820313
0.1004638671875 -0.0246734619140625 0.0610809326171875 0.00533294677734375
0.0544815063476562 -0.08868408203125 0.0349006652832031 -0.0186328887939453
0.0026702880859375 -0.0975265502929688 0.0133285522460938 -0.0151824951171875
-0.000633239746093745 -0.090789794921875 0.00376653671264648 0.00670289993286132
-0.007415771484375 -0.103530883789063 0.00590324401855469 0.0276126861572266
0.0168075561523437 -0.103073120117187 -0.0119037628173828 0.031524658203125
0.0686492919921875 -0.0782394409179688 -0.0252151489257813 0.0372428894042969
0.101493835449219 -0.029632568359375 -0.0324535369873047 0.0102062225341797
0.0944061279296875 0.0691909790039062 -0.0299797058105469 -0.0148487091064453
0.0514450073242188 0.121696472167969 0.00919055938720703 -0.00837516784667968
-0.013641357421875 0.129867553710938 -0.0118370056152344 0.0538101196289063
-0.0660324096679688 0.0859298706054688 0.0514450073242188 0.121833801269531
-0.0342025756835937 0.107002258300781 0.02752685546875 0.128021240234375
0.0217971801757813 0.111991882324219 0.0321197509765625 0.08856201171875
0.0851058959960938 0.0590133666992188 0.0495872497558594 0.0576858520507813
0.0879592895507812 -0.0093841552734375 0.0408134460449219 0.0264854431152344
0.0546951293945313 -0.0732574462890625 0.0299320220947266 0.0133323669433594
0.01031494140625 -0.0852737426757812 0.0193939208984375 0.0189380645751953
0.0035858154296875 -0.0791473388671875 0.0162239074707031 0.0346431732177734
-0.00126647949218749 -0.0928192138671875 0.0157585144042969 0.0545005798339844
0.0195083618164062 -0.0904998779296875 -0.00910949707031251 0.0586814880371094
0.0671501159667969 -0.0669097900390625 -0.029022216796875 0.0570411682128906
0.0911178588867188 -0.0189056396484375 -0.0392570495605469 0.0234527587890625
0.0734100341796875 0.0735855102539063 -0.0326004028320312 -0.0103549957275391
0.021331787109375 0.112319946289062 0.0133066177368164 0.0118331909179688
-0.0387420654296875 0.100471496582031 -0.0242080688476562 0.0921401977539062
-0.0678443908691406 0.0233726501464844 0.029510498046875 0.141830444335938
-0.051422119140625 0.0545082092285156 0.0156707763671875 0.134902954101563
-0.0120086669921875 0.0737686157226562 0.0227508544921875 0.0834808349609375
0.0434303283691406 0.0513687133789062 0.0317535400390625 0.0609169006347656
0.0567092895507813 0.00684738159179688 0.0231399536132813 0.0377540588378906
0.0437812805175781 -0.0452995300292969 0.02276611328125 0.0356025695800781
0.0137252807617188 -0.0561866760253906 0.0237350463867188 0.0455322265625
0.00751113891601562 -0.0567398071289063 0.0250434875488281 0.0574531555175781
0.00478744506835938 -0.0689048767089844 0.0226669311523438 0.07818603515625
0.021148681640625 -0.0670928955078125 -0.00834655761718749 0.0832748413085938
0.0571517944335938 -0.0472335815429688 -0.0358657836914062 0.073638916015625
0.0728683471679688 -0.00328826904296875 -0.0512504577636719 0.0330123901367188
0.0463981628417969 0.0701522827148438 -0.0355949401855469 -0.00640487670898436
-0.0115966796875 0.0878448486328125 0.0091400146484375 0.0283298492431641
-0.0591392517089844 0.0568046569824219 -0.0448837280273438 0.117652893066406
0.0518646240234375 0.00327301025390625 0.0457687377929688 -0.125053405761719
0.0297431945800781 -0.04864501953125 0.00775146484375 -0.0382270812988281
-0.0197486877441406 -0.0429534912109375 0.0381851196289062 0.00790786743164062
-0.0401840209960938 -0.00992202758789063 0.071258544921875 -0.0301666259765625
-0.0327854156494141 0.0183525085449219 0.0496902465820313 -0.0817413330078125
-0.0160179138183594 0.0371246337890625 0.00156402587890624 -0.103225708007813
-0.00574111938476563 0.0296115875244141 -0.03607177734375 -0.0949478149414062
-0.0122585296630859 0.0274486541748047 -0.0368576049804688 -0.071624755859375
-0.0200271606445313 0.0269184112548828 -0.0308570861816406 -0.0583305358886719
-0.0287570953369141 0.0102729797363281 -0.02313232421875 -0.0495796203613281
-0.0298557281494141 -0.0175037384033203 -0.0195541381835938 -0.045318603515625
-0.0031585693359375 -0.0390586853027344 -0.0184822082519531 -0.059234619140625
0.042724609375 -0.0294227600097656 -0.0187835693359375 -0.0831680297851562
0.0643959045410156 0.00183868408203125 -0.0180206298828125 -0.122779846191406
0.0565605163574219 0.0350990295410156 -0.0157546997070312 -0.139595031738281
0.0492095947265625 0.0623092651367188 0.069183349609375 -0.116378784179687
0.0569534301757813 -0.001434326171875 0.0205917358398438 -0.0328464508056641
0.0212497711181641 -0.0168895721435547 0.0486831665039062 0.012420654296875
6.58035278320325E-05 -0.0164651870727539 0.0858383178710938 -0.0293197631835938
-0.00619935989379883 -0.00466680526733399 0.0599365234375 -0.0824508666992187
-0.00501012802124023 -0.00113344192504883 0.00622558593750001 -0.110527038574219
-0.0132551193237305 -0.00763416290283203 -0.0320892333984375 -0.101547241210937
-0.0162744522094727 -0.0104513168334961 -0.0372467041015625 -0.0721588134765625
-0.0172643661499023 -0.0121879577636719 -0.0291175842285156 -0.0603981018066406
-0.013671875 -0.0240592956542969 -0.0226783752441406 -0.0502815246582031
0.00725173950195313 -0.035980224609375 -0.0215110778808594 -0.0399894714355469
0.0374183654785156 -0.0319900512695313 -0.0174484252929687 -0.0457344055175781
0.0639991760253906 0.00740432739257812 -0.0229873657226563 -0.0683708190917969
0.0739974975585938 0.0527877807617188 -0.02117919921875 -0.103355407714844
0.047760009765625 0.0866546630859375 -0.00969696044921874 -0.112709045410156
0.033966064453125 0.112464904785156 0.0867691040039063 -0.085968017578125
0.063232421875 0.0522842407226562 0.0350933074951172 -0.0107250213623047
0.0587387084960938 0.02197265625 0.0598373413085938 0.0273895263671875
0.0498771667480469 -0.0140838623046875 0.0972671508789063 -0.0194473266601563
0.0277595520019531 -0.0305805206298828 0.072296142578125 -0.072357177734375
0.00701904296875 -0.0409431457519531 0.020172119140625 -0.105064392089844
-0.015167236328125 -0.0450820922851563 -0.029083251953125 -0.0969924926757813
-0.0152473449707031 -0.0438003540039063 -0.0344352722167969 -0.0649795532226562
-0.0196495056152344 -0.0477218627929688 -0.0258216857910156 -0.0501861572265625
-0.00415420532226563 -0.0590286254882813 -0.0236968994140625 -0.0399093627929688
0.0300636291503906 -0.0565376281738281 -0.0209999084472656 -0.0262985229492187
0.0665168762207031 -0.0360870361328125 -0.0210189819335937 -0.0362014770507813
0.0869140625 0.0302810668945313 -0.0284538269042969 -0.0502128601074219
0.0843353271484375 0.0884475708007813 -0.0218658447265625 -0.0797119140625
0.0422744750976562 0.122581481933594 -0.00863647460937499 -0.0811767578125
0.0108642578125 0.148544311523438 0.0960845947265625 -0.0383834838867187
0.0594024658203125 0.106346130371094 0.0476799011230469 0.0224494934082031
0.08685302734375 0.06561279296875 0.0623245239257813 0.0467529296875
0.0931243896484375 -0.00206756591796875 0.0995559692382813 0.00093841552734375
0.0638885498046875 -0.0447883605957031 0.0761184692382813 -0.0529403686523438
0.0221633911132812 -0.071380615234375 0.02874755859375 -0.0849685668945313
-0.0122756958007812 -0.0727996826171875 -0.0132369995117188 -0.076751708984375
-0.0135650634765625 -0.0723724365234375 -0.0254554748535156 -0.0472412109375
-0.0226058959960937 -0.0766143798828125 -0.0178012847900391 -0.02899169921875
0.00283050537109375 -0.083740234375 -0.0210113525390625 -0.0238189697265625
0.0454483032226562 -0.0733261108398438 -0.0256557464599609 -0.00793647766113282
0.0847015380859375 -0.0415115356445313 -0.0261306762695313 -0.0216922760009766
0.1046142578125 0.0418701171875 -0.0291862487792969 -0.0360527038574219
0.0888671875 0.105751037597656 -0.0158767700195312 -0.0540657043457031
0.0317840576171875 0.14178466796875 -0.00735855102539062 -0.0387840270996094
-0.016265869140625 0.156219482421875 0.093414306640625 0.0189666748046875
0.0353317260742188 0.134834289550781 0.0499610900878906 0.0606880187988281
0.0887298583984375 0.104286193847656 0.0597152709960938 0.0666427612304688
0.116943359375 0.0194549560546875 0.092529296875 0.0251998901367188
0.0888137817382812 -0.0456924438476562 0.0742340087890625 -0.0243301391601563
0.0382461547851563 -0.093505859375 0.0332450866699219 -0.0576362609863281
-0.01080322265625 -0.0919036865234375 0.000934600830078129 -0.0496330261230469
-0.0103607177734375 -0.0830917358398437 -0.0105991363525391 -0.0260009765625
-0.0185317993164063 -0.0948867797851563 -0.00440359115600586 -0.00113391876220704
0.00635528564453126 -0.0986480712890625 -0.0167074203491211 0.00292205810546875
0.0582962036132813 -0.083953857421875 -0.0234546661376953 0.0141658782958984
0.0965576171875 -0.0422897338867188 -0.0271701812744141 -0.0039520263671875
0.109001159667969 0.0530929565429688 -0.0300788879394531 -0.0243930816650391
0.0800399780273438 0.115684509277344 -0.0021076202392578 -0.0295524597167969
0.01556396484375 0.141448974609375 -0.00576400756835937 0.00827217102050782
-0.04254150390625 0.134254455566406 0.0786895751953125 0.0755538940429688
0.000953674316406264 0.13897705078125 0.043060302734375 0.0995330810546875
0.0662307739257813 0.122314453125 0.049102783203125 0.0843658447265625
0.119789123535156 0.0428009033203125 0.0768890380859375 0.0456161499023438
0.0991439819335938 -0.0302352905273437 0.0588645935058594 0.00330734252929687
0.0460586547851563 -0.09124755859375 0.03668212890625 -0.0200996398925781
-0.0030670166015625 -0.0966720581054688 0.00966644287109375 -0.0142440795898438
-0.00725555419921874 -0.0896987915039063 0.00352239608764648 0.00658941268920898
-0.012054443359375 -0.101837158203125 0.00706291198730469 0.0276107788085937
0.010406494140625 -0.102935791015625 -0.0114288330078125 0.034097671508789
0.0624618530273438 -0.0823211669921875 -0.0270843505859375 0.0378074645996094
0.0982131958007813 -0.0363998413085938 -0.035369873046875 0.0110206604003906
0.0974807739257812 0.0643386840820312 -0.0323886871337891 -0.0168399810791016
0.0595245361328125 0.119148254394531 0.010249137878418 -0.012324333190918
-0.00618743896484374 0.130126953125 -0.00899505615234376 0.0530815124511719
-0.0587615966796875 0.0865859985351563 0.0608367919921875 0.116081237792969
-0.0273208618164062 0.105857849121094 0.0326156616210938 0.123039245605469
0.0295944213867187 0.110397338867188 0.0339813232421875 0.0849533081054688
0.0906295776367188 0.0516738891601563 0.0531349182128906 0.056365966796875
0.0859756469726562 -0.01495361328125 0.0415000915527344 0.0232887268066406
0.0497589111328125 -0.073272705078125 0.0302810668945313 0.0103874206542969
0.00279998779296875 -0.0862197875976562 0.0208549499511719 0.0171947479248047
0.000396728515625007 -0.0775146484375 0.0179882049560547 0.0328521728515625
-0.0079803466796875 -0.092559814453125 0.0168724060058594 0.0526237487792969
0.0121383666992188 -0.0916900634765625 -0.0066375732421875 0.057281494140625
0.0633697509765625 -0.0697288513183594 -0.0267524719238281 0.060455322265625
0.0898361206054687 -0.02423095703125 -0.0394783020019531 0.0249671936035156
0.078704833984375 0.0676498413085938 -0.0334262847900391 -0.0104770660400391
0.0288314819335937 0.105690002441406 0.0125913619995117 0.0114164352416992
-0.0334548950195313 0.0997467041015625 -0.0195693969726563 0.0922012329101563
-0.0627593994140625 0.0239486694335937 0.0383529663085937 0.136749267578125
-0.0480308532714844 0.0559921264648437 0.02093505859375 0.132667541503906
-0.00434112548828124 0.0721282958984375 0.0251693725585938 0.0802230834960938
0.0456733703613281 0.0457305908203125 0.0346488952636719 0.0581092834472656
0.0577125549316406 0.0026702880859375 0.0250511169433594 0.035064697265625
0.0401802062988281 -0.0489234924316406 0.0252609252929688 0.03521728515625
0.0102958679199219 -0.0565109252929688 0.0276527404785156 0.0431404113769531
0.000278472900390629 -0.0553054809570313 0.0272674560546875 0.0565338134765625
0.00286102294921875 -0.0668525695800781 0.0241317749023438 0.0769805908203125
0.0175628662109375 -0.0684471130371094 -0.00543975830078125 0.0832138061523438
0.0555381774902344 -0.0494956970214844 -0.0317306518554688 0.0751419067382813
0.0717849731445313 -0.00774383544921875 -0.0497474670410156 0.0318031311035156
0.0462684631347656 0.0651779174804688 -0.0370521545410156 -0.00608062744140624
-0.0051727294921875 0.0872726440429687 0.00857734680175781 0.0261058807373047
-0.0560226440429688 0.0589561462402344 -0.0365753173828125 0.116935729980469
0.0512580871582031 0.000629425048828125 0.0402984619140625 -0.125137329101562
0.0275993347167969 -0.0480194091796875 0.00411224365234375 -0.0382423400878906
-0.0208740234375 -0.0397682189941406 0.0374183654785156 0.00899124145507812
-0.040252685546875 -0.00658798217773438 0.07177734375 -0.0321426391601563
-0.0310821533203125 0.0209808349609375 0.0458221435546875 -0.078582763671875
-0.0120849609375 0.0361785888671875 -0.00276947021484374 -0.101799011230469
-0.00505828857421875 0.0290603637695313 -0.0349884033203125 -0.091796875
-0.0108909606933594 0.0265979766845703 -0.038116455078125 -0.0675048828125
-0.0163154602050781 0.0289974212646484 -0.0306434631347656 -0.0556182861328125
-0.0281047821044922 0.0109653472900391 -0.0244979858398437 -0.0470848083496094
-0.0270156860351563 -0.0155677795410156 -0.0235710144042969 -0.0462570190429688
-0.00323486328125 -0.0354843139648438 -0.0213470458984375 -0.0581550598144531
0.0384712219238281 -0.0308380126953125 -0.0164031982421875 -0.0815963745117188
0.0613479614257813 0.00098419189453125 -0.0197525024414063 -0.12066650390625
0.0564956665039062 0.0327415466308594 -0.0185089111328125 -0.134986877441406
0.0508689880371094 0.0564117431640625 0.0642776489257813 -0.116783142089844
0.0513687133789063 -0.00376510620117188 0.0190410614013672 -0.0345249176025391
0.0196018218994141 -0.0169391632080078 0.0484504699707031 0.0137405395507812
-0.000250816345214844 -0.0143756866455078 0.084991455078125 -0.0301132202148438
-0.00537586212158203 -0.00542259216308594 0.0581436157226562 -0.0816192626953125
-0.00678253173828125 -0.00157022476196289 0.00508117675781251 -0.108634948730469
-0.0121583938598633 -0.00692939758300781 -0.033599853515625 -0.0983047485351563
-0.0159950256347656 -0.00734615325927734 -0.0386085510253906 -0.0702705383300781
-0.0184745788574219 -0.00967216491699218 -0.0310707092285156 -0.0579452514648437
-0.0139389038085937 -0.0248336791992187 -0.0253868103027344 -0.0492324829101562
0.00413894653320312 -0.0357131958007813 -0.0212516784667969 -0.040283203125
0.0338993072509766 -0.0320949554443359 -0.019439697265625 -0.0498733520507813
0.0641708374023437 0.00527572631835937 -0.0208358764648438 -0.0675086975097656
0.0725555419921875 0.0489959716796875 -0.0219192504882812 -0.102088928222656
0.0504989624023437 0.084014892578125 -0.0129776000976562 -0.11383056640625
0.0389633178710938 0.108612060546875 0.08294677734375 -0.0876693725585938
0.0633735656738281 0.0497169494628906 0.0341434478759766 -0.0134181976318359
0.0589065551757813 0.0194168090820313 0.0581130981445313 0.0268211364746094
0.0472221374511719 -0.0152549743652344 0.0948333740234375 -0.0200881958007813
0.0266513824462891 -0.0286827087402344 0.0691680908203125 -0.072235107421875
0.00358200073242188 -0.0406837463378906 0.0161361694335937 -0.104934692382813
-0.0159149169921875 -0.0425338745117188 -0.0284881591796875 -0.0927963256835937
-0.0171279907226563 -0.0405998229980469 -0.0347671508789063 -0.0624275207519531
-0.0202903747558594 -0.0470657348632813 -0.0260543823242187 -0.047088623046875
-0.00611114501953124 -0.0564651489257812 -0.025634765625 -0.0378494262695313
0.0279541015625 -0.0566291809082031 -0.0233325958251953 -0.0263519287109375
0.0629081726074219 -0.0374717712402344 -0.0227317810058594 -0.0362739562988281
0.086151123046875 0.026702880859375 -0.027496337890625 -0.0506858825683594
0.0832977294921875 0.0821151733398438 -0.0219039916992188 -0.077362060546875
0.0437850952148438 0.119384765625 -0.0102081298828125 -0.0798416137695312
0.0154876708984375 0.144393920898438 0.0917892456054688 -0.0402069091796875
0.060699462890625 0.098358154296875 0.0454788208007813 0.01751708984375
0.0866317749023438 0.0617599487304688 0.0620002746582031 0.0462074279785156
0.0911712646484375 -0.00492095947265625 0.0993118286132813 -0.00206756591796875
0.0610809326171875 -0.0447998046875 0.0750274658203125 -0.0525283813476563
0.0183258056640625 -0.073455810546875 0.0254898071289062 -0.0855178833007813
-0.0154037475585938 -0.0717620849609375 -0.0148773193359375 -0.0755462646484375
-0.0181312561035156 -0.0674972534179687 -0.0249557495117187 -0.045135498046875
-0.02325439453125 -0.0751876831054688 -0.0196208953857422 -0.0272865295410156
-0.00153350830078125 -0.0806198120117187 -0.0240325927734375 -0.0197277069091797
0.045257568359375 -0.0746078491210938 -0.0248851776123047 -0.005889892578125
0.082275390625 -0.0442276000976563 -0.0266151428222656 -0.0206127166748047
0.103057861328125 0.0378341674804688 -0.0330581665039062 -0.0362625122070313
0.0894699096679687 0.100028991699219 -0.0145339965820312 -0.0530014038085937
0.0357742309570312 0.139068603515625 -0.00748443603515625 -0.0372085571289062
-0.0129241943359375 0.153640747070313 0.09234619140625 0.0165252685546875
0.0387039184570312 0.130638122558594 0.0498123168945313 0.0575790405273438
0.0893020629882813 0.0987472534179688 0.0589523315429688 0.0648078918457031
0.116859436035156 0.0164947509765625 0.091705322265625 0.0208358764648438
0.085205078125 -0.0461349487304688 0.0718536376953125 -0.0257186889648438
0.0336990356445312 -0.0910720825195313 0.0322532653808594 -0.0572319030761719
-0.0123214721679687 -0.0919418334960938 -0.00236892700195312 -0.0490455627441406
-0.01385498046875 -0.0824050903320313 -0.0110549926757813 -0.0219173431396484
-0.0228500366210938 -0.0946044921875 -0.00651264190673828 -0.00336313247680665
0.00196075439453124 -0.0968170166015625 -0.018585205078125 0.00535774230957031
0.0548934936523438 -0.0843582153320313 -0.0242156982421875 0.0151481628417969
0.0915985107421875 -0.04559326171875 -0.0277862548828125 -0.00412559509277344
0.105903625488281 0.0475845336914063 -0.0315437316894531 -0.0246448516845703
0.0826339721679688 0.11004638671875 -0.00242042541503906 -0.0314064025878906
0.0195770263671875 0.140068054199219 -0.00471115112304687 0.00655651092529298
-0.0380630493164062 0.134025573730469 0.07958984375 0.0711212158203125
0.00930786132812499 0.133041381835938 0.0457382202148438 0.0946731567382813
0.0663604736328125 0.116935729980469 0.0476531982421875 0.08062744140625
0.115684509277344 0.0377655029296875 0.0733108520507813 0.04119873046875
0.095001220703125 -0.0357818603515625 0.0573616027832031 0.00307464599609375
0.04473876953125 -0.091644287109375 0.0333461761474609 -0.0233192443847656
-0.00562286376953126 -0.0964813232421875 0.0105619430541992 -0.0145320892333984
-0.0103530883789062 -0.0873870849609375 0.00362443923950195 0.0056009292602539
-0.0174331665039062 -0.0993576049804688 0.00647926330566406 0.0247516632080078
0.0047454833984375 -0.0993804931640625 -0.0117168426513672 0.0310192108154297
0.0587921142578125 -0.0824432373046875 -0.0230331420898437 0.0362892150878906
0.0927200317382812 -0.0396270751953125 -0.0306415557861328 0.00845909118652344
0.0964202880859375 0.0571212768554688 -0.03143310546875 -0.0165882110595703
0.0628738403320313 0.109909057617188 0.00724029541015625 -0.0112714767456055
-0.00300598144531251 0.127273559570312 -0.00664520263671875 0.0504875183105469
-0.05462646484375 0.0889358520507813 0.0604171752929688 0.112152099609375
-0.0241470336914063 0.105026245117188 0.0332412719726563 0.120582580566406
0.0330276489257812 0.105812072753906 0.0346832275390625 0.0856704711914063
0.088653564453125 0.0479660034179688 0.052001953125 0.0545730590820313
0.0836563110351563 -0.0178909301757813 0.0412750244140625 0.0238723754882813
0.0444412231445313 -0.07647705078125 0.0295448303222656 0.00929069519042968
0.00147247314453124 -0.0823822021484375 0.0182437896728516 0.0170822143554687
-0.0053863525390625 -0.0763702392578125 0.0163784027099609 0.0317821502685547
-0.0118026733398437 -0.0890579223632813 0.0191078186035156 0.0512847900390625
0.00962829589843749 -0.0890274047851563 -0.00644683837890625 0.058258056640625
0.058746337890625 -0.071746826171875 -0.0246162414550781 0.0567741394042969
0.0873794555664063 -0.0266189575195313 -0.0382499694824219 0.0222854614257813
0.0782699584960937 0.063201904296875 -0.0314388275146484 -0.0101318359375
0.0329666137695312 0.103713989257813 0.0124683380126953 0.00882053375244141
-0.0296630859375 0.100486755371094 -0.0164566040039063 0.0884780883789063
-0.0611000061035156 0.0295562744140625 0.041259765625 0.13458251953125
-0.0446243286132813 0.0576591491699219 0.02398681640625 0.129310607910156
-0.00438690185546874 0.0717086791992187 0.0255889892578125 0.0819168090820313
0.0484542846679688 0.0457115173339844 0.0328216552734375 0.0595474243164063
0.0556449890136719 -0.0022125244140625 0.0258674621582031 0.0370254516601563
0.0355949401855469 -0.0492591857910156 0.0247287750244141 0.0321884155273438
0.00563812255859375 -0.0561065673828125 0.0266952514648438 0.0408210754394531
0.000762939453125005 -0.0543670654296875 0.0274009704589844 0.0541305541992188
-0.00278854370117188 -0.0667915344238281 0.0270919799804687 0.073272705078125
0.0139694213867188 -0.0676345825195313 -0.0040435791015625 0.0816268920898437
0.051849365234375 -0.0504150390625 -0.0306777954101562 0.0736770629882813
0.0699577331542969 -0.0107803344726562 -0.0467872619628906 0.0328140258789062
0.0500526428222656 0.06304931640625 -0.0378265380859375 -0.00619125366210937
-0.000198364257812506 0.0826263427734375 0.0107936859130859 0.0247669219970703
-0.0492935180664062 0.0605316162109375 -0.03253173828125 0.115287780761719
0.0510101318359375 -0.00022125244140625 0.0386734008789063 -0.125076293945313
0.0257072448730469 -0.0487060546875 0.00161361694335938 -0.0374755859375
-0.0206871032714844 -0.0392646789550781 0.0386428833007812 0.0103492736816406
-0.0394744873046875 -0.00509262084960937 0.0719146728515625 -0.0312118530273438
-0.0292644500732422 0.0217742919921875 0.0464553833007813 -0.078765869140625
-0.0101470947265625 0.0355453491210938 -0.00245666503906249 -0.100448608398438
-0.00391578674316406 0.0297412872314453 -0.0357666015625 -0.0904922485351563
-0.00943374633789062 0.0279693603515625 -0.0374221801757813 -0.0664329528808594
-0.0148696899414063 0.0283489227294922 -0.0321693420410156 -0.0542984008789063
-0.0259265899658203 0.0113449096679687 -0.0244522094726562 -0.0461273193359375
-0.0268192291259766 -0.0137767791748047 -0.0234222412109375 -0.0456771850585937
-0.003997802734375 -0.0339794158935547 -0.0218009948730469 -0.0587196350097656
0.0370063781738281 -0.0299606323242188 -0.014862060546875 -0.0818023681640625
0.0604400634765625 -0.0001068115234375 -0.01885986328125 -0.121185302734375
0.0561141967773437 0.0317039489746094 -0.0187149047851562 -0.13543701171875
0.0501556396484375 0.0568962097167969 0.0615081787109375 -0.116584777832031
0.0503273010253906 -0.00416946411132813 0.0171546936035156 -0.032379150390625
0.0194911956787109 -0.0165138244628906 0.0482940673828125 0.0164451599121094
8.29696655273429E-05 -0.0143718719482422 0.0844650268554688 -0.0295639038085938
-0.00532722473144531 -0.00459003448486328 0.0579833984375 -0.0801162719726563
-0.0061798095703125 -0.00150108337402344 0.0046844482421875 -0.107734680175781
-0.0117483139038086 -0.00621891021728515 -0.0347976684570313 -0.0967483520507812
-0.0143365859985352 -0.00640773773193359 -0.0386886596679687 -0.0684967041015625
-0.0184478759765625 -0.010467529296875 -0.0318794250488281 -0.0550918579101563
-0.0144500732421875 -0.0231513977050781 -0.0252838134765625 -0.0471916198730469
0.00333786010742187 -0.0340232849121094 -0.0226058959960938 -0.0400543212890625
0.0333137512207031 -0.0323905944824219 -0.0200424194335938 -0.0514144897460938
0.0620613098144531 0.00506210327148437 -0.0200157165527344 -0.0673294067382813
0.0722579956054688 0.047515869140625 -0.0204620361328125 -0.101936340332031
0.0510711669921875 0.0830154418945313 -0.0130691528320312 -0.114898681640625
0.0384750366210938 0.107139587402344 0.0809860229492188 -0.0889663696289063
0.0619659423828125 0.0477027893066406 0.0323429107666016 -0.0135974884033203
0.0583381652832031 0.01885986328125 0.0567131042480469 0.0283470153808594
0.0470771789550781 -0.0145721435546875 0.0945587158203125 -0.0196380615234375
0.026824951171875 -0.0290679931640625 0.0687408447265625 -0.0714492797851563
0.003692626953125 -0.0404281616210938 0.0150909423828125 -0.103363037109375
-0.0162467956542969 -0.0421371459960938 -0.027923583984375 -0.0913162231445313
-0.0169448852539063 -0.0401687622070313 -0.0349540710449219 -0.0608253479003906
-0.0212211608886719 -0.0467147827148437 -0.0282211303710938 -0.0456199645996094
-0.00629806518554687 -0.0553092956542969 -0.0266151428222656 -0.036865234375
0.0272407531738281 -0.0558738708496094 -0.0248565673828125 -0.0267620086669922
0.0616035461425781 -0.0377426147460938 -0.0228614807128906 -0.0385169982910156
0.0856781005859375 0.026123046875 -0.0266227722167969 -0.052154541015625
0.0841445922851563 0.0806121826171875 -0.0203781127929687 -0.0785140991210938
0.0452194213867188 0.118843078613281 -0.0113754272460937 -0.0806732177734375
0.015411376953125 0.141921997070313 0.0913162231445312 -0.042388916015625
0.0591812133789063 0.0976943969726563 0.0432815551757813 0.0173835754394531
0.0859756469726563 0.0604705810546875 0.0607109069824219 0.0470809936523438
0.09039306640625 -0.00504302978515625 0.0985183715820312 -0.00035858154296875
0.0594482421875 -0.0448951721191406 0.0747222900390625 -0.0520477294921875
0.0166854858398437 -0.0728836059570313 0.0253143310546875 -0.0856246948242188
-0.017120361328125 -0.0717239379882813 -0.0166778564453125 -0.0740585327148438
-0.0178718566894531 -0.0661163330078125 -0.026153564453125 -0.0438613891601563
-0.023895263671875 -0.0748748779296875 -0.0201797485351563 -0.0268363952636719
-0.00274658203125 -0.0806503295898438 -0.0249519348144531 -0.0180244445800781
0.0435638427734375 -0.074859619140625 -0.0262241363525391 -0.00706100463867188
0.0809707641601563 -0.045806884765625 -0.0277462005615234 -0.0223426818847656
0.101852416992188 0.0374374389648437 -0.03106689453125 -0.0379066467285156
0.0906143188476563 0.0984268188476563 -0.0140457153320312 -0.0543060302734375
0.0360260009765625 0.1378173828125 -0.00840377807617188 -0.0388565063476562
-0.011077880859375 0.151947021484375 0.0904083251953125 0.0132904052734375
0.0387649536132813 0.12872314453125 0.0481758117675781 0.0561332702636719
0.0895004272460938 0.097900390625 0.0570755004882813 0.0662994384765625
0.115592956542969 0.014678955078125 0.0911788940429688 0.0225143432617188
0.085540771484375 -0.0462875366210937 0.0713348388671875 -0.025115966796875
0.0309829711914062 -0.0911483764648438 0.0326042175292969 -0.0567283630371094
-0.0129470825195312 -0.0908203125 -0.0036468505859375 -0.048004150390625
-0.0157623291015625 -0.0824508666992187 -0.0125598907470703 -0.0205726623535156
-0.0243301391601563 -0.093475341796875 -0.00750398635864258 -0.00209522247314454
-0.000617980957031249 -0.09527587890625 -0.0197601318359375 0.00616836547851562
0.052276611328125 -0.0849838256835938 -0.0252246856689453 0.0148468017578125
0.0909576416015625 -0.0472869873046875 -0.030029296875 -0.00684547424316406
0.105712890625 0.0449676513671875 -0.0311717987060547 -0.0262794494628906
0.0836105346679688 0.106971740722656 -0.00315475463867187 -0.0319766998291016
0.0205307006835937 0.139892578125 -0.00586223602294922 0.00579214096069337
-0.0363235473632813 0.132637023925781 0.078643798828125 0.0680999755859375
0.00770568847656249 0.131820678710938 0.0426559448242187 0.0928421020507813
0.0678176879882812 0.115425109863281 0.0469131469726563 0.0812606811523438
0.114524841308594 0.0362319946289063 0.073822021484375 0.042877197265625
0.094268798828125 -0.0356903076171875 0.0582275390625 0.00214385986328125
0.040771484375 -0.0922012329101563 0.03302001953125 -0.0233097076416016
-0.0078125 -0.09423828125 0.00934600830078125 -0.0150918960571289
-0.0125885009765625 -0.0860443115234375 0.00138425827026367 0.00542163848876953
-0.0201873779296875 -0.0975723266601562 0.00601387023925781 0.0252418518066406
0.00232696533203125 -0.0988388061523438 -0.0130939483642578 0.0335159301757812
0.0573577880859375 -0.0850372314453125 -0.0241622924804688 0.03765869140625
0.0933303833007813 -0.0412979125976563 -0.0332736968994141 0.00826263427734375
0.0980758666992188 0.0556716918945313 -0.0307884216308594 -0.0179805755615234
0.0643386840820313 0.10968017578125 0.00778579711914063 -0.0115852355957031
-0.00229644775390625 0.127243041992188 -0.00734329223632812 0.0493621826171875
-0.0535354614257812 0.0895919799804688 0.060516357421875 0.11083984375
-0.0226898193359375 0.104629516601563 0.0331192016601562 0.119293212890625
0.0334320068359375 0.105438232421875 0.034149169921875 0.085357666015625
0.0887222290039063 0.0452651977539062 0.0510826110839844 0.0550460815429688
0.082855224609375 -0.019378662109375 0.0413436889648438 0.0243568420410156
0.0421981811523438 -0.0763320922851563 0.0298271179199219 0.00834274291992187
-0.000976562500000003 -0.0818862915039062 0.0189456939697266 0.0161552429199219
-0.006317138671875 -0.0756759643554688 0.0153732299804687 0.032073974609375
-0.0131988525390625 -0.0890350341796875 0.0176811218261719 0.0509872436523437
0.00665283203125 -0.0887298583984375 -0.00732421875 0.0581130981445312
0.05670166015625 -0.073516845703125 -0.0244865417480469 0.0563507080078125
0.0862274169921875 -0.0287322998046875 -0.0386466979980469 0.0217056274414062
0.0792236328125 0.062042236328125 -0.0327320098876953 -0.0116710662841797
0.0339126586914063 0.102096557617188 0.0129356384277344 0.00729942321777344
-0.0278472900390625 0.100814819335938 -0.0151901245117188 0.08770751953125
-0.0596199035644531 0.0290718078613281 0.042144775390625 0.133132934570312
-0.0419578552246094 0.05712890625 0.0230789184570313 0.127731323242188
-0.0027008056640625 0.0715789794921875 0.0244064331054688 0.0815658569335938
0.0487937927246094 0.0437088012695312 0.0332717895507813 0.0591773986816406
0.0559539794921875 -0.00310134887695313 0.0268936157226563 0.0368690490722656
0.0338821411132813 -0.0491905212402344 0.0249576568603516 0.0319976806640625
0.00471878051757813 -0.0571708679199219 0.026123046875 0.0418014526367187
5.34057617187482E-05 -0.0546684265136719 0.0268020629882812 0.0525894165039063
-0.00455093383789063 -0.0666656494140625 0.02691650390625 0.0727081298828125
0.00990676879882813 -0.0669136047363281 -0.00452423095703124 0.0804290771484375
0.0493125915527344 -0.0522270202636719 -0.0294647216796875 0.0724945068359375
0.0687141418457031 -0.0132064819335938 -0.047149658203125 0.0307807922363281
0.0519790649414062 0.0606880187988281 -0.0368537902832031 -0.00749206542968749
0.000747680664062506 0.082672119140625 0.0111312866210938 0.0238494873046875
-0.0509452819824219 0.0604629516601563 -0.0314865112304688 0.114837646484375
0.0515975952148438 0.000324249267578125 0.0373764038085937 -0.126853942871094
0.0254287719726563 -0.0492515563964844 0.000598907470703124 -0.0368499755859375
-0.0213890075683594 -0.0398597717285156 0.0400733947753906 0.0120697021484375
-0.040985107421875 -0.0036468505859375 0.0729904174804687 -0.031280517578125
-0.0288047790527344 0.0223503112792969 0.0474090576171875 -0.08026123046875
-0.00994873046874999 0.0369415283203125 -0.00226593017578125 -0.101089477539063
-0.00291252136230469 0.0291290283203125 -0.036712646484375 -0.0912246704101563
-0.00848007202148437 0.0277748107910156 -0.0380477905273438 -0.06719970703125
-0.0136470794677734 0.0293502807617188 -0.0330352783203125 -0.0543136596679688
-0.025299072265625 0.0122814178466797 -0.0256233215332031 -0.0464820861816406
-0.027099609375 -0.0126857757568359 -0.0255889892578125 -0.0466461181640625
-0.00468254089355469 -0.0340118408203125 -0.022064208984375 -0.060943603515625
0.0367774963378906 -0.0304946899414063 -0.0128021240234375 -0.0840682983398438
0.0611534118652344 -0.00135040283203125 -0.0179519653320312 -0.123222351074219
0.0572166442871094 0.0315093994140625 -0.0192489624023438 -0.1385498046875
0.0512771606445313 0.0572395324707031 0.0612564086914063 -0.119865417480469
0.0501747131347656 -0.00487136840820313 0.0157203674316406 -0.0328140258789063
0.0196895599365234 -0.0166816711425781 0.0490226745605469 0.0182609558105469
0.000399589538574218 -0.0134716033935547 0.0861587524414062 -0.0294036865234375
-0.00489187240600586 -0.00475120544433594 0.0589752197265625 -0.0809173583984375
-0.00600242614746094 -0.00184011459350586 0.0049285888671875 -0.109130859375
-0.0113945007324219 -0.00711822509765625 -0.0357513427734375 -0.0973358154296875
-0.0140342712402344 -0.00613975524902344 -0.0401802062988281 -0.0688591003417969
-0.0181064605712891 -0.00964546203613281 -0.0333824157714844 -0.0555381774902344
-0.0143299102783203 -0.0232677459716797 -0.0269508361816406 -0.0474624633789062
0.00339698791503906 -0.0340690612792969 -0.0246772766113281 -0.0412673950195313
0.0328807830810547 -0.0322685241699219 -0.0212440490722656 -0.0538978576660156
0.0630683898925781 0.00507736206054688 -0.0182838439941406 -0.07025146484375
0.0731887817382813 0.047576904296875 -0.019683837890625 -0.104583740234375
0.0525970458984375 0.0839309692382812 -0.0141448974609375 -0.118026733398438
0.03857421875 0.109016418457031 0.0809478759765625 -0.0914993286132813
0.0627632141113281 0.0475234985351563 0.0310287475585938 -0.0131702423095703
0.0600547790527344 0.0193557739257813 0.0569610595703125 0.0310592651367187
0.0478744506835938 -0.0154380798339844 0.0969161987304688 -0.0193099975585938
0.0266609191894531 -0.0296764373779297 0.0703277587890625 -0.071868896484375
0.00262451171875 -0.0409011840820313 0.0146560668945313 -0.104743957519531
-0.0163726806640625 -0.0434341430664063 -0.0296707153320312 -0.092132568359375
-0.0174789428710938 -0.040283203125 -0.0363616943359375 -0.0602836608886719
-0.0218467712402344 -0.0462913513183594 -0.0291213989257813 -0.0452804565429688
-0.00701904296875 -0.0555267333984375 -0.0282783508300781 -0.0369415283203125
0.027374267578125 -0.0567665100097656 -0.0270709991455078 -0.0274562835693359
0.0625457763671875 -0.0381660461425781 -0.0252952575683594 -0.0411949157714844
0.0866622924804688 0.0257415771484375 -0.0260086059570312 -0.0535354614257813
0.085601806640625 0.08062744140625 -0.0201416015625 -0.080474853515625
0.0464096069335938 0.12060546875 -0.0118560791015625 -0.0832595825195313
0.0164642333984375 0.14361572265625 0.0911941528320313 -0.044342041015625
0.0599288940429687 0.0979843139648438 0.04278564453125 0.0178375244140625
0.08795166015625 0.0615234375 0.0609970092773438 0.0495643615722656
0.09136962890625 -0.0055999755859375 0.100631713867188 4.57763671874996E-05
0.0599517822265625 -0.0462188720703125 0.07550048828125 -0.0518417358398438
0.0156097412109375 -0.0734710693359375 0.025421142578125 -0.0862503051757813
-0.0184478759765625 -0.0727310180664063 -0.018157958984375 -0.074554443359375
-0.0184135437011719 -0.066375732421875 -0.0276565551757813 -0.0428581237792969
-0.0250701904296875 -0.0756072998046875 -0.0208492279052734 -0.0264720916748047
-0.0048980712890625 -0.0806121826171875 -0.0268001556396484 -0.0171375274658203
0.04248046875 -0.0765609741210938 -0.0271682739257812 -0.00741958618164063
0.0813522338867188 -0.0462799072265625 -0.0294151306152344 -0.0243072509765625
0.103668212890625 0.0368194580078125 -0.0306015014648437 -0.0400848388671875
0.0918960571289062 0.0989990234375 -0.0136070251464844 -0.0570716857910156
0.03753662109375 0.140762329101563 -0.00859832763671875 -0.0406303405761719
-0.0102996826171875 0.153594970703125 0.0908660888671875 0.0115432739257813
0.039642333984375 0.130439758300781 0.0477828979492188 0.0557823181152344
0.0920639038085938 0.0994491577148438 0.0571403503417969 0.0682411193847656
0.11785888671875 0.0139617919921875 0.0921173095703125 0.0231552124023438
0.0864944458007812 -0.0475006103515625 0.07220458984375 -0.0239715576171875
0.029754638671875 -0.0932159423828125 0.0322456359863281 -0.0577392578125
-0.0146408081054688 -0.0915451049804688 -0.00436782836914063 -0.0479545593261719
-0.0182266235351563 -0.0839157104492188 -0.0140419006347656 -0.0196075439453125
-0.0259170532226563 -0.0945053100585938 -0.0084996223449707 -0.00182771682739258
-0.00266265869140626 -0.096405029296875 -0.0217227935791016 0.00785827636718749
0.0518951416015625 -0.087982177734375 -0.0260143280029297 0.0151329040527344
0.0910873413085938 -0.049774169921875 -0.0321521759033203 -0.00856208801269531
0.10809326171875 0.0459442138671875 -0.0317020416259766 -0.0281085968017578
0.085479736328125 0.108283996582031 -0.00340080261230468 -0.0341358184814453
0.0209503173828125 0.142196655273438 -0.00654125213623047 0.00533008575439454
-0.0361862182617187 0.13494873046875 0.0795440673828125 0.0692138671875
0.0084228515625 0.133880615234375 0.043304443359375 0.0936279296875
0.071441650390625 0.117912292480469 0.046630859375 0.0828399658203125
0.117591857910156 0.035186767578125 0.0740814208984375 0.0452804565429688
0.0951385498046875 -0.0375289916992188 0.0594062805175781 0.00383377075195312
0.039886474609375 -0.0936279296875 0.0328941345214844 -0.0235519409179688
-0.00878143310546874 -0.0951080322265625 0.00825786590576172 -0.0154457092285156
-0.0136566162109375 -0.0872344970703125 -7.72476196289075E-05 0.00694513320922851
-0.02313232421875 -0.0994873046875 0.00516128540039063 0.0256595611572266
0.0010833740234375 -0.0997848510742188 -0.0142612457275391 0.0341358184814453
0.05621337890625 -0.087249755859375 -0.0253105163574219 0.0375213623046875
0.0933761596679687 -0.0440826416015625 -0.0347213745117187 0.00685882568359375
0.100624084472656 0.05499267578125 -0.0323638916015625 -0.0191459655761719
0.064971923828125 0.110496520996094 0.00771141052246094 -0.0135564804077148
-0.00174713134765626 0.13037109375 -0.00719070434570313 0.0493850708007813
-0.0525436401367188 0.0908966064453125 0.06103515625 0.111671447753906
-0.0222396850585938 0.105339050292969 0.0320663452148438 0.120468139648438
0.035186767578125 0.107551574707031 0.0334396362304688 0.0882568359375
0.090911865234375 0.0445327758789063 0.0518913269042969 0.0571708679199219
0.083770751953125 -0.0212020874023437 0.0425987243652344 0.0263900756835937
0.041046142578125 -0.0782241821289063 0.0306568145751953 0.00811576843261718
-0.00293731689453124 -0.0826568603515625 0.0190639495849609 0.01617431640625
-0.00837707519531251 -0.0772323608398438 0.0148487091064453 0.0333843231201172
-0.015472412109375 -0.090484619140625 0.0176963806152344 0.0516624450683594
0.00511932373046875 -0.0904006958007813 -0.00801849365234375 0.0605125427246094
0.0559234619140625 -0.07537841796875 -0.0259132385253906 0.0573997497558594
0.0870208740234375 -0.03057861328125 -0.040863037109375 0.0207748413085937
0.0816802978515625 0.0610885620117187 -0.0339183807373047 -0.0132255554199219
0.0347747802734375 0.1033935546875 0.0135602951049805 0.00650691986083985
-0.0275802612304687 0.103340148925781 -0.015625 0.0886077880859375
-0.0602226257324219 0.0318145751953125 0.0432510375976562 0.134971618652344
-0.0431632995605469 0.0584297180175781 0.02215576171875 0.130134582519531
-0.00189208984374999 0.0729904174804688 0.0234909057617188 0.0844268798828125
0.0506362915039063 0.0427818298339844 0.0336265563964844 0.0610542297363281
0.0567169189453125 -0.00406646728515625 0.0272560119628906 0.0380096435546875
0.033050537109375 -0.0503311157226562 0.0260467529296875 0.0315170288085938
0.00355148315429687 -0.0579490661621094 0.0268898010253906 0.0417404174804687
-0.00150680541992187 -0.0553627014160156 0.0269088745117188 0.0534133911132813
-0.005889892578125 -0.0675926208496094 0.0265350341796875 0.0738143920898438
0.00917434692382812 -0.0675849914550781 -0.00451660156249999 0.0824050903320313
0.0492324829101563 -0.0542068481445313 -0.0295791625976562 0.0739898681640625
0.0702171325683594 -0.0139198303222656 -0.0491523742675781 0.0310897827148438
0.0528182983398438 0.0611953735351563 -0.0386009216308594 -0.00878143310546875
0.001953125 0.08349609375 0.0107955932617188 0.0220222473144531
-0.0506668090820313 0.0619277954101562 -0.0308303833007812 0.116310119628906
0.0518264770507813 -0.00123214721679688 0.0349578857421875 -0.131988525390625
0.0245857238769531 -0.0514373779296875 -0.00168228149414062 -0.0369338989257813
-0.0226020812988281 -0.0401611328125 0.041229248046875 0.0137290954589844
-0.0409698486328125 -0.00160980224609375 0.0751113891601563 -0.0324554443359375
-0.0289840698242187 0.0239162445068359 0.0481185913085938 -0.0829849243164062
-0.00802993774414062 0.0382461547851563 -0.00307464599609375 -0.103675842285156
-0.00221443176269531 0.0303134918212891 -0.039642333984375 -0.0932693481445313
-0.00654220581054687 0.0297451019287109 -0.0404586791992188 -0.0680007934570313
-0.0122432708740234 0.0309791564941406 -0.0355377197265625 -0.055084228515625
-0.0258235931396484 0.0147647857666016 -0.0267829895019531 -0.0470314025878906
-0.0281562805175781 -0.0114517211914063 -0.0273284912109375 -0.0486183166503906
-0.00561141967773438 -0.0341377258300781 -0.0243263244628906 -0.0636329650878906
0.0355262756347656 -0.0316314697265625 -0.0128173828125 -0.088134765625
0.062042236328125 -0.00214004516601563 -0.0194320678710937 -0.127220153808594
0.059814453125 0.0307464599609375 -0.022705078125 -0.14312744140625
0.0528945922851563 0.0581741333007813 0.0595550537109375 -0.124855041503906
0.05035400390625 -0.00577163696289063 0.0143814086914063 -0.0328197479248047
0.0198955535888672 -0.0172080993652344 0.0509300231933594 0.0197334289550781
8.29696655273438E-05 -0.0134801864624023 0.088165283203125 -0.0305633544921875
-0.00442028045654297 -0.00462627410888672 0.0603256225585938 -0.0845794677734375
-0.00621747970581055 -0.001312255859375 0.00323486328124999 -0.111335754394531
-0.011683464050293 -0.00726509094238281 -0.0394439697265625 -0.0988922119140625
-0.0137100219726563 -0.00648784637451172 -0.0424613952636719 -0.0690536499023437
-0.0180683135986328 -0.00867652893066406 -0.0360107421875 -0.0559272766113281
-0.0151557922363281 -0.0221519470214844 -0.0295486450195313 -0.0481452941894531
0.00353813171386719 -0.0343551635742188 -0.0275154113769531 -0.042266845703125
0.0326995849609375 -0.0329113006591797 -0.0235939025878906 -0.0559310913085937
0.0636177062988281 0.0043792724609375 -0.018890380859375 -0.0731201171875
0.0761947631835938 0.047882080078125 -0.021484375 -0.10845947265625
0.05548095703125 0.0860671997070313 -0.0165481567382812 -0.122703552246094
0.0410537719726563 0.111640930175781 0.0804977416992187 -0.0959243774414063
0.0648651123046875 0.048004150390625 0.0299091339111328 -0.0150890350341797
0.0620193481445312 0.0189704895019531 0.0593757629394531 0.0325279235839844
0.0480613708496094 -0.0166740417480469 0.099395751953125 -0.019927978515625
0.0268592834472656 -0.0311012268066406 0.0721282958984375 -0.0745620727539063
0.00159072875976562 -0.0419349670410156 0.013671875 -0.10723876953125
-0.018035888671875 -0.0437850952148437 -0.0329971313476562 -0.0936431884765625
-0.0182571411132813 -0.0407791137695313 -0.0393142700195312 -0.0602149963378906
-0.0237503051757812 -0.0472564697265625 -0.0320091247558594 -0.0455245971679688
-0.00883865356445313 -0.0561294555664063 -0.0312614440917969 -0.0366058349609375
0.0262680053710937 -0.0582771301269531 -0.0296840667724609 -0.02813720703125
0.0632705688476562 -0.0397148132324219 -0.0282974243164062 -0.0432662963867188
0.089447021484375 0.025634765625 -0.0264015197753906 -0.0568656921386719
0.08953857421875 0.0813674926757813 -0.0218048095703125 -0.0849990844726563
0.0501022338867188 0.124153137207031 -0.013580322265625 -0.0869293212890625
0.01904296875 0.14794921875 0.0926437377929688 -0.048248291015625
0.06256103515625 0.0986175537109375 0.0423851013183594 0.0169219970703125
0.0913772583007813 0.062042236328125 0.0626754760742187 0.0519638061523438
0.0937042236328125 -0.0083465576171875 0.10321044921875 -0.000541687011718751
0.0606040954589844 -0.0492935180664062 0.077880859375 -0.0543060302734375
0.0140609741210938 -0.0757217407226562 0.0245819091796875 -0.0892715454101563
-0.0205841064453125 -0.0744781494140625 -0.0211944580078125 -0.0755844116210938
-0.0208168029785156 -0.0682563781738281 -0.0298652648925781 -0.0427093505859375
-0.0287094116210938 -0.0769729614257813 -0.0237140655517578 -0.0264167785644531
-0.00759124755859375 -0.0827407836914063 -0.0298995971679688 -0.0158119201660156
0.0411911010742188 -0.0799789428710938 -0.0301609039306641 -0.0077648162841797
0.0825729370117188 -0.0494918823242188 -0.0323009490966797 -0.0275363922119141
0.107566833496094 0.035980224609375 -0.0317878723144531 -0.0425567626953125
0.0964126586914062 0.0997848510742187 -0.01495361328125 -0.060211181640625
0.040679931640625 0.144180297851563 -0.0103874206542969 -0.0426597595214844
-0.00823974609375 0.158981323242188 0.0925521850585938 0.00948333740234376
0.0424957275390625 0.132209777832031 0.0472831726074219 0.0568161010742188
0.0972442626953125 0.1005859375 0.0593643188476563 0.0719528198242188
0.121528625488281 0.0111007690429688 0.0950469970703125 0.0237503051757812
0.087371826171875 -0.0514450073242188 0.0743637084960938 -0.02520751953125
0.0273513793945313 -0.0966262817382812 0.0320014953613281 -0.0600433349609375
-0.0178756713867188 -0.0940628051757813 -0.006622314453125 -0.048919677734375
-0.0199432373046875 -0.0855560302734375 -0.0162830352783203 -0.01885986328125
-0.0299835205078125 -0.0962066650390625 -0.010101318359375 -0.000807762145996102
-0.00553131103515626 -0.0987701416015625 -0.0232181549072266 0.00926017761230468
0.0497283935546875 -0.0927810668945313 -0.0279369354248047 0.0158176422119141
0.0927810668945312 -0.053558349609375 -0.0355720520019531 -0.00937652587890626
0.1121826171875 0.0447845458984375 -0.03399658203125 -0.0293807983398437
0.0901031494140625 0.109107971191406 -0.0031890869140625 -0.0368537902832031
0.024169921875 0.147476196289063 -0.00647306442260742 0.00447082519531251
-0.0349273681640625 0.139846801757812 0.081695556640625 0.0678024291992188
0.0114974975585937 0.136917114257813 0.0439453125 0.0952606201171875
0.0754928588867188 0.120033264160156 0.04742431640625 0.0866851806640625
0.121360778808594 0.03253173828125 0.0768508911132813 0.0457839965820313
0.097320556640625 -0.0415420532226563 0.0624198913574219 0.00428390502929687
0.0371551513671875 -0.0972518920898438 0.0342006683349609 -0.0248584747314453
-0.0128936767578125 -0.0975494384765625 0.00782966613769531 -0.0158185958862305
-0.0164566040039062 -0.088653564453125 9.53674316404749E-07 0.00831127166748046
-0.027374267578125 -0.102058410644531 0.00435638427734375 0.0260353088378906
-0.00255584716796875 -0.102447509765625 -0.0151596069335937 0.0369834899902344
0.0545730590820312 -0.0923080444335938 -0.0259971618652344 0.0388832092285156
0.094268798828125 -0.0472488403320313 -0.0384407043457031 0.00697708129882812
0.105094909667969 0.0542755126953125 -0.033761978149414 -0.0196666717529297
0.0703353881835937 0.112358093261719 0.00813865661621094 -0.0153818130493164
0.000396728515625005 0.135421752929688 -0.00634002685546876 0.0499534606933594
-0.0525741577148438 0.09490966796875 0.0647735595703125 0.113922119140625
-0.0205459594726563 0.108917236328125 0.0340194702148438 0.123069763183594
0.0390167236328125 0.110565185546875 0.0341720581054687 0.0912246704101563
0.0942001342773437 0.0430526733398437 0.0543899536132813 0.0592079162597656
0.0856094360351563 -0.02410888671875 0.0446319580078125 0.0266761779785156
0.0384902954101563 -0.0814056396484375 0.0314579010009766 0.00771903991699218
-0.00553131103515626 -0.08514404296875 0.0197105407714844 0.0164871215820312
-0.0113449096679687 -0.0788497924804688 0.0152263641357422 0.0347404479980469
-0.0199127197265625 -0.0931243896484375 0.0182685852050781 0.0528831481933594
0.00125885009765625 -0.0928802490234375 -0.0078887939453125 0.0629386901855469
0.0549163818359375 -0.080780029296875 -0.0254020690917969 0.0593414306640625
0.0886306762695313 -0.03472900390625 -0.0425872802734375 0.0214042663574219
0.0852432250976563 0.0612106323242188 -0.0360031127929687 -0.01385498046875
0.0391159057617187 0.105125427246094 0.0138397216796875 0.00514602661132813
-0.0268783569335937 0.107192993164063 -0.013763427734375 0.0904998779296875
-0.06103515625 0.0338668823242188 0.046875 0.137306213378906
-0.041900634765625 0.0601539611816406 0.0243759155273437 0.133392333984375
0.000175476074218749 0.07586669921875 0.0239028930664063 0.0875015258789063
0.053802490234375 0.04205322265625 0.0353546142578125 0.0639228820800781
0.0580177307128906 -0.0066070556640625 0.0298919677734375 0.0399322509765625
0.0309181213378906 -0.0523643493652344 0.0280170440673828 0.0320701599121094
0.00122451782226563 -0.0580101013183594 0.0277366638183594 0.0424156188964844
-0.00329208374023437 -0.0570144653320312 0.0286331176757812 0.0550651550292969
-0.00928878784179688 -0.0691413879394531 0.0279159545898437 0.0753402709960938
0.00608444213867188 -0.0699539184570313 -0.00321197509765624 0.0858154296875
0.0482368469238281 -0.0578193664550781 -0.0299301147460937 0.0764007568359375
0.071929931640625 -0.0169677734375 -0.0512313842773437 0.0324249267578125
0.0575599670410156 0.0610694885253906 -0.0409927368164062 -0.00830841064453126
0.004150390625 0.0856475830078125 0.0120525360107422 0.0233383178710938
-0.0507469177246094 0.0643539428710938 -0.02899169921875 0.119789123535156
0.0527000427246094 -0.002105712890625 0.0296173095703125 -0.135520935058594
0.0216217041015625 -0.0537033081054688 -0.00379180908203125 -0.0365982055664063
-0.0248985290527344 -0.0399360656738281 0.0438385009765625 0.0134811401367187
-0.0420036315917969 0.000717163085937507 0.07659912109375 -0.0357894897460938
-0.0276947021484375 0.0262737274169922 0.04669189453125 -0.0868453979492187
-0.00597000122070312 0.0394706726074219 -0.00717926025390625 -0.105758666992188
-7.05718994140627E-05 0.0308876037597656 -0.0440521240234375 -0.0935745239257813
-0.00437355041503906 0.0306739807128906 -0.0435562133789063 -0.0675125122070313
-0.00995826721191406 0.0329647064208984 -0.0390586853027344 -0.0547561645507813
-0.0242271423339844 0.0160846710205078 -0.0298728942871094 -0.0479049682617188
-0.0290393829345703 -0.00940895080566406 -0.0312309265136719 -0.0484237670898438
-0.00730514526367187 -0.0334339141845703 -0.0277252197265625 -0.0655364990234375
0.0349674224853516 -0.0340652465820313 -0.014892578125 -0.091064453125
0.0629959106445313 -0.00558853149414063 -0.0235366821289063 -0.130020141601563
0.0624847412109375 0.0282440185546875 -0.02886962890625 -0.146530151367188
0.0559234619140625 0.0581474304199219 0.0543365478515625 -0.130683898925781
0.0502243041992188 -0.00864410400390625 0.0122566223144531 -0.0345554351806641
0.0199680328369141 -0.0179023742675781 0.053497314453125 0.01995849609375
0.0002288818359375 -0.0134906768798828 0.0901718139648438 -0.0339279174804688
-0.00444126129150391 -0.00449705123901367 0.0589065551757813 -0.0885772705078125
-0.00614118576049805 -0.00150346755981445 -0.00101470947265624 -0.114059448242188
-0.0121145248413086 -0.00690555572509766 -0.0443267822265625 -0.0995635986328125
-0.0134773254394531 -0.00574588775634766 -0.0459632873535156 -0.0681724548339844
-0.0186862945556641 -0.00803375244140625 -0.0403099060058594 -0.0552101135253906
-0.0158958435058594 -0.0215358734130859 -0.0329017639160156 -0.0476188659667969
0.00152587890625 -0.0341281890869141 -0.0309371948242187 -0.0431632995605469
0.032073974609375 -0.0341815948486328 -0.0275039672851563 -0.0583686828613281
0.0645904541015625 0.00206375122070313 -0.0206222534179688 -0.076416015625
0.0789566040039062 0.0450668334960938 -0.02532958984375 -0.112075805664063
0.0603790283203125 0.0850372314453125 -0.0221939086914062 -0.1259765625
0.0460357666015625 0.113037109375 0.0768661499023438 -0.101875305175781
0.0666885375976563 0.045806884765625 0.0285835266113281 -0.0159511566162109
0.0644302368164063 0.0169410705566406 0.0625877380371094 0.0331077575683594
0.0488243103027344 -0.0194625854492187 0.101188659667969 -0.0230712890625
0.0264530181884766 -0.0330009460449219 0.0714950561523438 -0.0789413452148438
-0.000686645507812501 -0.0431861877441406 0.00991821289062499 -0.11041259765625
-0.021087646484375 -0.0443077087402344 -0.0374832153320312 -0.0941619873046875
-0.0198249816894531 -0.0406990051269531 -0.0425453186035156 -0.0587577819824219
-0.0260848999023437 -0.04632568359375 -0.0360145568847656 -0.0446014404296875
-0.0114707946777344 -0.0559349060058594 -0.0345802307128906 -0.0356597900390625
0.0242042541503906 -0.06072998046875 -0.0329151153564453 -0.0283451080322266
0.0619468688964844 -0.0430831909179687 -0.0319175720214844 -0.0447425842285156
0.0919342041015625 0.023223876953125 -0.0286216735839844 -0.0597000122070312
0.0949554443359375 0.0792694091796875 -0.0244369506835937 -0.087799072265625
0.0563430786132813 0.125114440917969 -0.0180587768554687 -0.0899887084960937
0.0247802734375 0.150955200195313 0.091339111328125 -0.0542831420898437
0.0664138793945313 0.0978927612304688 0.0426216125488281 0.0159645080566406
0.0966339111328125 0.0601577758789063 0.0663719177246094 0.052581787109375
0.0955734252929687 -0.0126266479492187 0.105758666992188 -0.0026397705078125
0.0598945617675781 -0.05224609375 0.07861328125 -0.0574111938476563
0.00994873046875 -0.0784988403320313 0.02203369140625 -0.092071533203125
-0.0244979858398438 -0.0758285522460938 -0.0245895385742187 -0.0761871337890625
-0.0238876342773438 -0.0682830810546875 -0.0330047607421875 -0.0402908325195313
-0.0331268310546875 -0.0776214599609375 -0.0259971618652344 -0.0246829986572266
-0.010833740234375 -0.0836944580078125 -0.0318565368652344 -0.01495361328125
0.0376739501953125 -0.0830612182617187 -0.0321636199951172 -0.00736045837402344
0.0818328857421875 -0.0545806884765625 -0.03631591796875 -0.026702880859375
0.111137390136719 0.0334625244140625 -0.0344200134277344 -0.0441246032714844
0.102546691894531 0.0980377197265625 -0.0170021057128906 -0.0627937316894531
0.047576904296875 0.146469116210938 -0.0126762390136719 -0.0451011657714844
-0.00288391113281251 0.163589477539063 0.0943069458007813 0.00505065917968751
0.0472869873046875 0.133193969726563 0.0487823486328125 0.0559806823730469
0.103828430175781 0.0997390747070313 0.0621719360351563 0.0732650756835938
0.124130249023437 0.00579071044921875 0.0987625122070313 0.0228271484375
0.0868682861328125 -0.0564804077148438 0.0759201049804688 -0.0279693603515625
0.0228958129882813 -0.0988998413085938 0.0307502746582031 -0.062744140625
-0.0232162475585937 -0.095703125 -0.00916290283203125 -0.0493545532226563
-0.0246658325195312 -0.0860443115234375 -0.0179519653320313 -0.0169429779052734
-0.0368576049804687 -0.0970993041992188 -0.0115013122558594 -0.000358581542968758
-0.0110855102539063 -0.10052490234375 -0.0245075225830078 0.0116901397705078
0.0461349487304688 -0.0969085693359375 -0.0295276641845703 0.0168170928955078
0.0914535522460938 -0.0591812133789063 -0.0384597778320312 -0.00909423828125001
0.117202758789063 0.0411834716796875 -0.0366592407226562 -0.0311851501464844
0.0968475341796875 0.107345581054688 -0.00510406494140625 -0.0394020080566406
0.030426025390625 0.149917602539063 -0.00712680816650391 0.00384044647216798
-0.02996826171875 0.1448974609375 0.0855789184570313 0.0648422241210938
0.0158004760742188 0.138847351074219 0.046142578125 0.095611572265625
0.0822601318359375 0.120697021484375 0.05096435546875 0.0882720947265625
0.125297546386719 0.0270767211914063 0.0799636840820313 0.0459823608398438
0.0974044799804688 -0.04644775390625 0.0643424987792969 0.0032806396484375
0.0331344604492187 -0.100540161132813 0.0339031219482422 -0.0267601013183594
-0.0179443359375 -0.0989227294921875 0.00656700134277343 -0.0162725448608399
-0.0214996337890625 -0.0898056030273437 -0.00051689147949219 0.00997257232666015
-0.0346755981445313 -0.102264404296875 0.00475692749023437 0.0271396636962891
-0.00848388671875 -0.104385375976563 -0.0147972106933594 0.0390281677246094
0.0502090454101563 -0.0975494384765625 -0.0261077880859375 0.0399703979492187
0.0945587158203125 -0.0540695190429688 -0.0405158996582031 0.00797271728515624
0.109870910644531 0.0510711669921875 -0.0359001159667969 -0.0211715698242188
0.0760421752929687 0.110565185546875 0.00748062133789063 -0.0174703598022461
0.00586700439453126 0.138397216796875 -0.00536727905273437 0.0509109497070313
-0.0498046875 0.0995941162109375 0.0696640014648438 0.113235473632813
-0.0167694091796875 0.111801147460938 0.0377731323242188 0.12469482421875
0.0451202392578125 0.1124267578125 0.037506103515625 0.093719482421875
0.0986175537109375 0.0401458740234375 0.0576858520507813 0.0599098205566406
0.0861358642578125 -0.0292205810546875 0.0471839904785156 0.0270118713378906
0.0346603393554687 -0.084228515625 0.0330810546875 0.00666999816894531
-0.0105361938476562 -0.0865097045898438 0.0204124450683594 0.0163040161132812
-0.0151596069335938 -0.0800552368164063 0.0162887573242188 0.0352706909179687
-0.026153564453125 -0.093231201171875 0.0202903747558594 0.0537452697753906
-0.0034027099609375 -0.0950851440429688 -0.00638961791992188 0.0651054382324219
0.050628662109375 -0.0852890014648438 -0.024932861328125 0.0617218017578125
0.0883102416992187 -0.0403060913085937 -0.044525146484375 0.0227241516113281
0.0902252197265625 0.0587615966796875 -0.0382156372070313 -0.0133552551269531
0.0448760986328125 0.105667114257813 0.0139188766479492 0.00361919403076173
-0.0226364135742187 0.111549377441406 -0.0101165771484375 0.0920562744140625
-0.0602531433105469 0.03692626953125 0.0525283813476562 0.139091491699219
-0.0406112670898438 0.0629234313964844 0.0283203125 0.135955810546875
0.00424957275390625 0.0780410766601563 0.0270843505859375 0.0903396606445313
0.05609130859375 0.03985595703125 0.0386085510253906 0.0652046203613281
0.0582618713378906 -0.0103721618652344 0.0330085754394531 0.0406455993652344
0.0285720825195312 -0.0545463562011719 0.0295562744140625 0.0314884185791016
-0.00131225585937501 -0.0600395202636719 0.0307579040527344 0.0413436889648438
-0.00724792480468749 -0.0574760437011719 0.0311203002929688 0.0556411743164063
-0.0142631530761719 -0.07025146484375 0.0323410034179688 0.0763168334960937
0.00252532958984375 -0.0715713500976562 -0.00125122070312499 0.0888900756835937
0.0458335876464844 -0.0626792907714844 -0.0280303955078125 0.0796051025390625
0.0724105834960937 -0.0218124389648437 -0.0524978637695312 0.0346336364746094
0.0602493286132813 0.05975341796875 -0.0420265197753906 -0.00819396972656249
0.00833892822265625 0.0869598388671875 0.0126953125 0.0214424133300781
-0.049407958984375 0.0682830810546875 -0.0238494873046875 0.122749328613281
0.0531387329101563 -0.00365447998046875 0.0226516723632813 -0.137535095214844
0.0179939270019531 -0.0542144775390625 -0.006683349609375 -0.0356903076171875
-0.0278472900390625 -0.0383529663085938 0.0455780029296875 0.0129127502441406
-0.0410385131835938 0.00307464599609374 0.07611083984375 -0.0390625
-0.0256118774414062 0.0277881622314453 0.0428085327148437 -0.089599609375
-0.0037994384765625 0.0395355224609375 -0.011444091796875 -0.105537414550781
0.00196266174316406 0.0304546356201172 -0.0482025146484375 -0.091583251953125
-0.00271797180175781 0.0303764343261719 -0.0466804504394531 -0.0656929016113281
-0.00747108459472656 0.0329513549804688 -0.0419807434082031 -0.0528068542480469
-0.023101806640625 0.0173625946044922 -0.0323905944824219 -0.0466537475585937
-0.0284900665283203 -0.00729751586914063 -0.0344810485839844 -0.0474891662597656
-0.00879287719726562 -0.0328025817871094 -0.0306854248046875 -0.066070556640625
0.0330734252929688 -0.0351486206054688 -0.0177459716796875 -0.0918807983398438
0.0622978210449219 -0.00893020629882813 -0.0287628173828125 -0.130668640136719
0.0638542175292969 0.0252265930175781 -0.0354766845703125 -0.146560668945313
0.0583992004394531 0.0569229125976563 0.0474700927734375 -0.132904052734375
0.0477638244628906 -0.0106163024902344 0.00887298583984375 -0.0338935852050781
0.0197181701660156 -0.0189399719238281 0.0549125671386719 0.0193328857421875
-0.000405311584472656 -0.0132694244384766 0.0896835327148438 -0.0378036499023438
-0.00443649291992188 -0.00348567962646484 0.0562515258789063 -0.0911712646484375
-0.00584268569946289 -0.00102090835571289 -0.00577545166015625 -0.114166259765625
-0.0126924514770508 -0.00679779052734375 -0.04925537109375 -0.0972671508789062
-0.0127115249633789 -0.00487899780273438 -0.0493736267089844 -0.0655021667480469
-0.0180931091308594 -0.00726890563964844 -0.0431747436523437 -0.0527153015136719
-0.0162792205810547 -0.0200672149658203 -0.0359725952148437 -0.04595947265625
0.000528335571289066 -0.0334911346435547 -0.0340728759765625 -0.0420265197753906
0.0305099487304687 -0.0355949401855469 -0.0307350158691406 -0.0586204528808594
0.0643119812011719 -0.000576019287109375 -0.0225982666015625 -0.0769424438476563
0.0806655883789063 0.0408096313476563 -0.02923583984375 -0.112800598144531
0.064117431640625 0.082550048828125 -0.0284423828125 -0.126510620117188
0.0512237548828125 0.112655639648438 0.0714797973632813 -0.106147766113281
0.0668907165527344 0.0424575805664063 0.0263862609863281 -0.0169811248779297
0.065765380859375 0.0141143798828125 0.0639724731445313 0.0324478149414063
0.0479011535644531 -0.0215377807617188 0.101188659667969 -0.0264511108398437
0.0247840881347656 -0.0339012145996094 0.0689315795898438 -0.0817108154296875
-0.00262069702148438 -0.042877197265625 0.00563049316406249 -0.111228942871094
-0.0233840942382813 -0.0436286926269531 -0.0418777465820313 -0.0924758911132813
-0.0217132568359375 -0.0392036437988281 -0.0454635620117188 -0.0558433532714844
-0.0284080505371094 -0.0449409484863281 -0.0387229919433594 -0.0418624877929688
-0.0144729614257813 -0.0552864074707031 -0.0374488830566406 -0.0331459045410156
0.0205307006835938 -0.0615882873535156 -0.0358047485351563 -0.0272560119628906
0.0602951049804688 -0.0460433959960938 -0.0352096557617188 -0.04473876953125
0.0933074951171875 0.0198287963867188 -0.0306434631347656 -0.0608558654785156
0.0980377197265625 0.0744094848632813 -0.0278396606445313 -0.0887832641601563
0.0614013671875 0.123397827148438 -0.0228118896484375 -0.0899276733398437
0.031036376953125 0.1513671875 0.0877151489257813 -0.0593032836914063
0.0697097778320313 0.0946807861328125 0.0415153503417969 0.0140380859375
0.100105285644531 0.0566024780273437 0.0685844421386719 0.0520515441894531
0.0946807861328125 -0.01715087890625 0.106590270996094 -0.00597381591796875
0.0575485229492187 -0.05487060546875 0.0773696899414063 -0.0602493286132813
0.005828857421875 -0.0782470703125 0.0180130004882812 -0.0938568115234375
-0.0285110473632813 -0.07470703125 -0.0287399291992188 -0.0752410888671875
-0.0273017883300781 -0.0681648254394531 -0.0350151062011719 -0.03814697265625
-0.037322998046875 -0.0754013061523438 -0.0285568237304688 -0.0231227874755859
-0.0152206420898438 -0.08270263671875 -0.0334854125976563 -0.0124912261962891
0.0327529907226563 -0.0854263305664063 -0.034149169921875 -0.00588417053222657
0.0785751342773438 -0.0586318969726562 -0.03887939453125 -0.026824951171875
0.113029479980469 0.0291671752929687 -0.0360374450683594 -0.0444412231445313
0.106857299804688 0.093353271484375 -0.0202903747558594 -0.0639877319335938
0.05328369140625 0.1456298828125 -0.0158500671386719 -0.0452194213867187
0.00411987304687501 0.164459228515625 0.09307861328125 0.00011444091796876
0.0523452758789063 0.130470275878906 0.0494384765625 0.0540351867675781
0.108741760253906 0.095855712890625 0.0643539428710938 0.072265625
0.124320983886719 -0.00022125244140625 0.100135803222656 0.0197982788085938
0.0840835571289063 -0.0604019165039063 0.0766983032226563 -0.030426025390625
0.0179061889648438 -0.09967041015625 0.0278396606445313 -0.0647850036621094
-0.0285263061523438 -0.094207763671875 -0.0118789672851563 -0.0479736328125
-0.0288772583007813 -0.0849533081054688 -0.0192794799804688 -0.0144615173339844
-0.042083740234375 -0.0949478149414062 -0.0130233764648438 0.00094127655029296
-0.0168838500976563 -0.100074768066406 -0.0248947143554687 0.0132293701171875
0.039947509765625 -0.099822998046875 -0.0302391052246094 0.0180320739746094
0.0888214111328125 -0.0642852783203125 -0.0408172607421875 -0.00785827636718749
0.120346069335938 0.03564453125 -0.0381851196289062 -0.0309677124023438
0.102073669433594 0.102676391601563 -0.00690841674804687 -0.0405960083007812
0.0370635986328125 0.150238037109375 -0.00780391693115234 0.00241231918334962
-0.0239105224609375 0.146591186523438 0.0866622924804688 0.0607757568359375
0.0213470458984375 0.137138366699219 0.0481414794921875 0.0941390991210937
0.08917236328125 0.117088317871094 0.0537033081054688 0.0879898071289063
0.126182556152344 0.0215835571289063 0.082672119140625 0.0436325073242188
0.0952835083007813 -0.0508041381835938 0.0654258728027344 0.001190185546875
0.02703857421875 -0.102005004882813 0.0326557159423828 -0.0287952423095703
-0.0242996215820313 -0.0983963012695313 0.0053415298461914 -0.0160112380981445
-0.026092529296875 -0.08831787109375 -0.000775337219238282 0.0111351013183594
-0.0407791137695313 -0.100364685058594 0.00481224060058594 0.0280399322509766
-0.014556884765625 -0.1038818359375 -0.0141716003417969 0.0413627624511719
0.0441513061523437 -0.10089111328125 -0.0252494812011719 0.0412826538085937
0.09100341796875 -0.05889892578125 -0.0423164367675781 0.00982284545898436
0.112747192382813 0.0452804565429688 -0.0383186340332031 -0.0202903747558594
0.0822677612304687 0.106971740722656 0.00644683837890626 -0.0192909240722656
0.011962890625 0.13922119140625 -0.00407028198242187 0.0498466491699219
-0.045318603515625 0.102653503417969 0.0741348266601563 0.109115600585938
-0.0125198364257813 0.112762451171875 0.04150390625 0.123275756835938
0.0510482788085938 0.110931396484375 0.0399322509765625 0.0936965942382813
0.1007080078125 0.0348892211914062 0.0598526000976563 0.0587997436523438
0.0843048095703125 -0.033111572265625 0.0496788024902344 0.0255355834960937
0.0297775268554688 -0.0858688354492188 0.03314208984375 0.00484848022460937
-0.0153274536132812 -0.0861663818359375 0.0208854675292969 0.0158596038818359
-0.0195846557617187 -0.079193115234375 0.0175685882568359 0.0350914001464844
-0.0325393676757812 -0.0919342041015625 0.0223464965820312 0.0529556274414062
-0.00888061523437499 -0.0944290161132813 -0.0040435791015625 0.0664749145507813
0.04571533203125 -0.0891342163085938 -0.0226669311523438 0.0628471374511719
0.0862503051757813 -0.0454864501953125 -0.0452499389648437 0.0248756408691406
0.093780517578125 0.0540771484375 -0.0397224426269531 -0.0124015808105469
0.0495223999023437 0.103240966796875 0.0143461227416992 0.00137996673583985
-0.0180206298828125 0.113182067871094 -0.0063934326171875 0.0920791625976563
-0.0592079162597656 0.040435791015625 0.058868408203125 0.137077331542969
-0.0382766723632812 0.0652885437011719 0.0329971313476563 0.135505676269531
0.00899505615234374 0.0792236328125 0.02935791015625 0.0906524658203125
0.0581550598144531 0.0364723205566406 0.0412940979003906 0.064544677734375
0.0573005676269531 -0.0131416320800781 0.0352592468261719 0.0397453308105469
0.0253105163574219 -0.0562515258789063 0.0309600830078125 0.0299186706542969
-0.00572967529296875 -0.0600929260253906 0.0325126647949219 0.0405845642089844
-0.0103416442871094 -0.0571937561035156 0.0330276489257813 0.0542335510253906
-0.0189933776855469 -0.0695304870605469 0.0355300903320313 0.0743179321289062
-0.00214385986328126 -0.0719833374023438 0.00295257568359374 0.08941650390625
0.0416069030761719 -0.0655784606933594 -0.0247955322265625 0.0802154541015625
0.0705032348632813 -0.0256576538085938 -0.0516586303710937 0.0366859436035156
0.0634841918945313 0.05657958984375 -0.0438652038574219 -0.00715255737304687
0.0118331909179687 0.0852203369140625 0.0138530731201172 0.0195407867431641
-0.04620361328125 0.0718460083007813 -0.0184402465820313 0.123313903808594
0.0525588989257813 -0.0048675537109375 0.0174026489257813 -0.136459350585938
0.015106201171875 -0.0534553527832031 -0.00915718078613281 -0.0341358184814453
-0.0285110473632812 -0.0373764038085938 0.0467643737792969 0.0128250122070313
-0.0396461486816406 0.00399398803710938 0.0753021240234375 -0.0400466918945313
-0.0245933532714844 0.0284080505371094 0.04034423828125 -0.089599609375
-0.00213241577148437 0.0390281677246094 -0.01318359375 -0.104057312011719
0.002838134765625 0.0302352905273437 -0.0504913330078125 -0.089874267578125
-2.28881835937491E-05 0.0299739837646484 -0.0473747253417969 -0.0633087158203125
-0.00539970397949219 0.032867431640625 -0.0427627563476563 -0.0505599975585937
-0.0209579467773438 0.018524169921875 -0.0338401794433594 -0.0457992553710937
-0.027923583984375 -0.00567054748535156 -0.036224365234375 -0.0462493896484375
-0.00949668884277344 -0.0317707061767578 -0.0324325561523437 -0.0656547546386719
0.0309486389160156 -0.0357666015625 -0.0187149047851563 -0.0923538208007813
0.060333251953125 -0.0108375549316406 -0.0304489135742187 -0.129173278808594
0.0641250610351563 0.0231170654296875 -0.038665771484375 -0.14404296875
0.0594024658203125 0.0547637939453125 0.0416641235351563 -0.133003234863281
0.0456275939941406 -0.0120086669921875 0.00650405883789063 -0.0338325500488281
0.0178871154785156 -0.0197219848632813 0.0554885864257812 0.0184249877929688
-0.000391960144042968 -0.0128068923950195 0.0883865356445313 -0.0388412475585938
-0.00410032272338867 -0.0035557746887207 0.052825927734375 -0.0913467407226563
-0.00597810745239258 -0.00124073028564453 -0.00833892822265624 -0.112846374511719
-0.0126914978027344 -0.0066537857055664 -0.0510711669921875 -0.0946731567382812
-0.012385368347168 -0.00487041473388672 -0.0505142211914063 -0.0628280639648437
-0.0175018310546875 -0.00651359558105469 -0.0444221496582031 -0.0500144958496094
-0.0167808532714844 -0.0188007354736328 -0.0374412536621094 -0.0444526672363281
-0.0003662109375 -0.0327129364013672 -0.0360183715820312 -0.0404205322265625
0.0293006896972656 -0.0356025695800781 -0.0325164794921875 -0.0580177307128906
0.0631370544433594 -0.00165939331054688 -0.0235748291015625 -0.078216552734375
0.080291748046875 0.0382461547851563 -0.0307083129882813 -0.111984252929687
0.065521240234375 0.0794143676757813 -0.0313796997070312 -0.124382019042969
0.0533218383789063 0.109809875488281 0.0662460327148438 -0.107803344726563
0.0659446716308594 0.0399360656738281 0.0238437652587891 -0.0170516967773437
0.0656661987304688 0.0121650695800781 0.0648460388183594 0.0320816040039062
0.0472908020019531 -0.0225715637207031 0.0997390747070313 -0.0281524658203125
0.0244331359863281 -0.0340862274169922 0.06671142578125 -0.0829849243164063
-0.00402069091796875 -0.0419921875 0.00263214111328125 -0.109786987304687
-0.0248908996582031 -0.0423240661621094 -0.0445022583007812 -0.0894088745117188
-0.0218849182128906 -0.038299560546875 -0.0463943481445313 -0.0530509948730469
-0.0289764404296875 -0.0433731079101562 -0.0401039123535156 -0.0399093627929688
-0.0156593322753906 -0.0536117553710937 -0.0384407043457031 -0.0314712524414063
0.0183753967285156 -0.0608482360839844 -0.0373725891113281 -0.0261497497558594
0.0586166381835937 -0.0466156005859375 -0.0370521545410156 -0.0442848205566406
0.0926513671875 0.016876220703125 -0.0309715270996094 -0.061614990234375
0.0984344482421875 0.071014404296875 -0.028900146484375 -0.0882720947265625
0.06365966796875 0.120552062988281 -0.02532958984375 -0.089080810546875
0.0344696044921875 0.148849487304687 0.0830078125 -0.0614013671875
0.069488525390625 0.091461181640625 0.0390853881835938 0.0127830505371094
0.101104736328125 0.0532684326171875 0.0693817138671875 0.0510444641113281
0.0928115844726563 -0.0193634033203125 0.105194091796875 -0.00736236572265625
0.0554924011230469 -0.0553321838378906 0.0758895874023438 -0.0612640380859375
0.0031890869140625 -0.0771713256835938 0.0158920288085937 -0.0931243896484375
-0.0306854248046875 -0.0725479125976563 -0.0308761596679688 -0.0731964111328125
-0.0282058715820312 -0.0655021667480469 -0.0356864929199219 -0.0351676940917969
-0.0395050048828125 -0.0725784301757812 -0.0293502807617188 -0.0215816497802734
-0.0178756713867188 -0.0805206298828125 -0.0341587066650391 -0.0107517242431641
0.0294952392578125 -0.0850906372070312 -0.0359764099121094 -0.00518798828125001
0.0761566162109375 -0.059356689453125 -0.040130615234375 -0.0265655517578125
0.112991333007813 0.025604248046875 -0.0365371704101562 -0.0449638366699219
0.108444213867187 0.0888214111328125 -0.0209465026855469 -0.0642967224121094
0.0570220947265625 0.143173217773438 -0.0175590515136719 -0.0443229675292969
0.0073699951171875 0.162445068359375 0.0903396606445313 -0.00337982177734374
0.053802490234375 0.128036499023437 0.0480079650878906 0.0520057678222656
0.11077880859375 0.0924224853515625 0.0659027099609375 0.0717010498046875
0.122535705566406 -0.00356292724609375 0.0990829467773438 0.018035888671875
0.0812530517578125 -0.0616455078125 0.075531005859375 -0.0312881469726563
0.0135650634765625 -0.0984649658203125 0.0255317687988281 -0.0644912719726562
-0.031524658203125 -0.092132568359375 -0.0139236450195313 -0.0473098754882813
-0.03082275390625 -0.0828475952148438 -0.0199813842773438 -0.0124320983886719
-0.0459442138671875 -0.0921707153320312 -0.0134773254394531 0.00214576721191406
-0.0200271606445313 -0.09698486328125 -0.0252265930175781 0.0146465301513672
0.0358352661132813 -0.0998001098632813 -0.0307559967041016 0.0175323486328125
0.08544921875 -0.0660400390625 -0.0422325134277344 -0.00730133056640626
0.119659423828125 0.03253173828125 -0.0381431579589844 -0.0307044982910156
0.103759765625 0.0988540649414063 -0.00807952880859375 -0.041656494140625
0.0406951904296875 0.14813232421875 -0.00814342498779297 0.00228118896484376
-0.01995849609375 0.145843505859375 0.0863189697265625 0.0570144653320313
0.0239791870117188 0.135246276855469 0.04827880859375 0.0915374755859375
0.0919952392578125 0.114288330078125 0.05511474609375 0.0864410400390625
0.125144958496094 0.0170822143554688 0.0824050903320313 0.04193115234375
0.0913925170898438 -0.053009033203125 0.0653953552246094 -0.000179290771484378
0.0226593017578125 -0.100967407226563 0.0316524505615234 -0.0290870666503906
-0.026763916015625 -0.095916748046875 0.00399398803710937 -0.0155429840087891
-0.0286865234375 -0.08685302734375 -0.000389099121093753 0.0124778747558594
-0.044708251953125 -0.0968856811523438 0.00531005859375 0.0274429321289062
-0.0192947387695312 -0.101493835449219 -0.0132598876953125 0.0410614013671875
0.039459228515625 -0.101356506347656 -0.0250205993652344 0.0418167114257813
0.08831787109375 -0.0618057250976563 -0.0431709289550781 0.0102920532226562
0.113624572753906 0.0415573120117188 -0.0384292602539062 -0.0204734802246094
0.0834503173828125 0.103172302246094 0.00541496276855469 -0.0207424163818359
0.0151748657226562 0.138275146484375 -0.00217819213867188 0.0484352111816406
-0.04217529296875 0.102554321289063 0.07550048828125 0.1055908203125
-0.010009765625 0.111503601074219 0.0431671142578125 0.120368957519531
0.054840087890625 0.109130859375 0.041534423828125 0.0929794311523438
0.0999679565429688 0.030914306640625 0.06048583984375 0.0579109191894531
0.0816497802734375 -0.0352554321289063 0.0504837036132813 0.0241279602050781
0.0261917114257812 -0.0853500366210937 0.0327720642089844 0.00387573242187499
-0.0182418823242188 -0.0844345092773438 0.0207748413085938 0.0148773193359375
-0.022064208984375 -0.077728271484375 0.0180435180664063 0.0353965759277344
-0.0362319946289063 -0.0886154174804688 0.0225982666015625 0.0518302917480469
-0.0131072998046875 -0.0926437377929688 -0.002716064453125 0.0664558410644531
0.041534423828125 -0.0897674560546875 -0.02130126953125 0.0623016357421875
0.0834579467773438 -0.0477294921875 -0.0448493957519531 0.0254936218261719
0.094482421875 0.0510940551757813 -0.0399551391601563 -0.0119667053222656
0.0526275634765625 0.100570678710938 0.0139265060424805 -0.000544548034667962
-0.0142288208007812 0.113319396972656 -0.00403594970703125 0.0899505615234375
-0.0564346313476562 0.0415077209472656 0.0610580444335938 0.133033752441406
-0.0355911254882813 0.0650253295898438 0.0354232788085937 0.133270263671875
0.0117111206054688 0.0784759521484375 0.0306396484375 0.0896148681640625
0.0579338073730469 0.0340843200683594 0.0426177978515625 0.0649490356445313
0.0561637878417969 -0.0155563354492187 0.0371017456054688 0.038543701171875
0.0218925476074219 -0.0559883117675781 0.0322208404541016 0.0289592742919922
-0.00818252563476563 -0.0586662292480469 0.0326728820800781 0.0392265319824219
-0.0119667053222656 -0.0560302734375 0.0337905883789063 0.0535545349121094
-0.0224418640136719 -0.0674934387207031 0.0370635986328125 0.0726699829101563
-0.00511169433593749 -0.070587158203125 0.00479125976562499 0.0880203247070312
0.0379219055175781 -0.0661811828613281 -0.0225372314453125 0.0799179077148438
0.0691299438476562 -0.0282745361328125 -0.0507774353027344 0.0366096496582031
0.0645904541015625 0.0536956787109375 -0.0440711975097656 -0.00697708129882812
0.0142135620117188 0.08380126953125 0.014862060546875 0.0178756713867188
-0.0437393188476562 0.0714569091796875 -0.0142669677734375 0.121467590332031
0.0528945922851562 -0.00476837158203125 0.0156326293945313 -0.134689331054687
0.0136489868164063 -0.0526199340820313 -0.0102882385253906 -0.0331993103027344
-0.0289802551269531 -0.0368728637695313 0.047332763671875 0.013702392578125
-0.0392036437988281 0.00452804565429688 0.0755081176757813 -0.0395736694335938
-0.0238895416259766 0.0280208587646484 0.0402908325195313 -0.0891494750976563
-0.00121688842773438 0.0384330749511719 -0.0127716064453125 -0.102989196777344
0.00348663330078125 0.0292282104492188 -0.0503158569335938 -0.088623046875
0.000671386718750002 0.0290470123291016 -0.0472793579101563 -0.0631179809570312
-0.00343513488769531 0.0320320129394531 -0.0430068969726563 -0.0496292114257812
-0.0202388763427734 0.0186843872070313 -0.0342750549316406 -0.0453834533691406
-0.0267105102539063 -0.00479316711425781 -0.0362396240234375 -0.0459556579589844
-0.00962257385253906 -0.0318202972412109 -0.032684326171875 -0.0661544799804688
0.029693603515625 -0.0354461669921875 -0.017822265625 -0.0936965942382813
0.059356689453125 -0.0112800598144531 -0.0295791625976562 -0.129066467285156
0.0634002685546875 0.0222396850585938 -0.0386199951171875 -0.143630981445313
0.0597419738769531 0.055023193359375 0.0403518676757813 -0.132331848144531
0.0442962646484375 -0.0113487243652344 0.00436019897460938 -0.0325984954833984
0.0181732177734375 -0.0190334320068359 0.0562400817871094 0.0190162658691406
-0.000880241394042968 -0.0124282836914063 0.0883331298828125 -0.03851318359375
-0.0035405158996582 -0.00354504585266113 0.0527572631835938 -0.0913772583007813
-0.00571107864379883 -0.000617980957031251 -0.00842285156249999 -0.111953735351563
-0.0125322341918945 -0.00625896453857422 -0.0513153076171875 -0.0943374633789063
-0.011439323425293 -0.00537586212158203 -0.0502166748046875 -0.0616874694824219
-0.016143798828125 -0.00645732879638672 -0.044464111328125 -0.048919677734375
-0.0155372619628906 -0.0176601409912109 -0.0379219055175781 -0.0435562133789062
-0.000175476074218748 -0.0320243835449219 -0.0370254516601563 -0.0405616760253906
0.0289382934570313 -0.0347995758056641 -0.0333175659179687 -0.0589942932128906
0.0629463195800781 -0.00127029418945313 -0.02227783203125 -0.0793838500976563
0.0788726806640625 0.0374908447265625 -0.0305862426757812 -0.112518310546875
0.0655059814453125 0.0790634155273438 -0.0308914184570313 -0.123863220214844
0.053131103515625 0.109878540039063 0.06396484375 -0.107086181640625
0.0640678405761719 0.0401191711425781 0.0216751098632813 -0.0171566009521484
0.0648002624511719 0.0119857788085938 0.0651397705078125 0.03302001953125
0.0460700988769531 -0.0225601196289062 0.0994644165039063 -0.0271835327148438
0.02386474609375 -0.0335254669189453 0.06683349609375 -0.0824508666992188
-0.00443267822265625 -0.0414314270019531 0.00244903564453125 -0.109169006347656
-0.0248947143554688 -0.042083740234375 -0.0446014404296875 -0.088531494140625
-0.0213165283203125 -0.0387229919433594 -0.0461921691894531 -0.0514488220214844
-0.02923583984375 -0.0425186157226563 -0.0403861999511719 -0.0384445190429688
-0.0156898498535156 -0.0522880554199219 -0.0387992858886719 -0.0305900573730469
0.0181121826171875 -0.0598831176757812 -0.0386085510253906 -0.0262413024902344
0.0578575134277344 -0.0465660095214844 -0.0379981994628906 -0.0453453063964844
0.0921859741210938 0.0172348022460938 -0.0306930541992188 -0.0631103515625
0.0977783203125 0.06976318359375 -0.0288467407226563 -0.0892715454101563
0.0633468627929688 0.119644165039063 -0.0250015258789063 -0.0891494750976562
0.034576416015625 0.148544311523438 0.081451416015625 -0.0619354248046875
0.0677261352539063 0.091400146484375 0.0369682312011719 0.0129852294921875
0.100212097167969 0.0528640747070312 0.0686187744140625 0.0522651672363281
0.0918121337890625 -0.0194320678710938 0.105094909667969 -0.0066375732421875
0.0552825927734375 -0.0551872253417969 0.0761184692382812 -0.060577392578125
0.00247955322265626 -0.0763473510742188 0.0148468017578125 -0.0925064086914063
-0.0314788818359375 -0.0717697143554688 -0.0315475463867187 -0.0716629028320313
-0.0287590026855469 -0.0655632019042969 -0.0351314544677734 -0.0334644317626953
-0.0402374267578125 -0.0716705322265625 -0.0298652648925781 -0.0199375152587891
-0.0188064575195312 -0.0793914794921875 -0.0351753234863281 -0.00954818725585938
0.0281753540039063 -0.08428955078125 -0.0370559692382813 -0.00495147705078125
0.0752334594726563 -0.059112548828125 -0.0420150756835937 -0.027099609375
0.112464904785156 0.0253753662109375 -0.0362930297851563 -0.0466537475585937
0.108055114746094 0.0880355834960938 -0.0210609436035156 -0.06591796875
0.05670166015625 0.14239501953125 -0.0174751281738281 -0.0451393127441406
0.00820922851562501 0.161544799804688 0.0880661010742188 -0.00403594970703124
0.0520553588867187 0.126068115234375 0.0457077026367187 0.0511207580566406
0.110626220703125 0.0919418334960937 0.0646133422851563 0.0726242065429688
0.121246337890625 -0.003936767578125 0.0990753173828125 0.0188064575195312
0.0807113647460938 -0.0610122680664063 0.0760574340820313 -0.0308685302734375
0.0129547119140625 -0.0969009399414062 0.0258636474609375 -0.0642585754394531
-0.0326309204101563 -0.0906600952148438 -0.0146331787109375 -0.0464973449707031
-0.0307998657226562 -0.0823135375976563 -0.0196609497070313 -0.0107288360595703
-0.0464248657226562 -0.0900497436523438 -0.0143537521362305 0.00308132171630859
-0.0211563110351562 -0.095733642578125 -0.0262699127197266 0.0156059265136719
0.0337982177734375 -0.0987319946289063 -0.0317440032958984 0.0185298919677734
0.084320068359375 -0.066070556640625 -0.0429115295410156 -0.00791168212890626
0.119941711425781 0.0316925048828125 -0.0385780334472656 -0.0321426391601563
0.103050231933594 0.09759521484375 -0.00878143310546874 -0.0435028076171875
0.040374755859375 0.147857666015625 -0.00844097137451172 0.00176763534545899
-0.0193328857421875 0.14544677734375 0.0845108032226563 0.0554275512695313
0.0224685668945313 0.134300231933594 0.046875 0.090087890625
0.0925750732421875 0.113990783691406 0.05364990234375 0.0879898071289063
0.123725891113281 0.0162506103515625 0.082366943359375 0.0431365966796875
0.0907440185546875 -0.0529937744140625 0.0658950805664062 0.000682830810546872
0.021575927734375 -0.0996170043945313 0.0313873291015625 -0.0294017791748047
-0.0276260375976562 -0.09490966796875 0.00404548645019531 -0.0151786804199219
-0.0289688110351563 -0.0856094360351563 -0.000634193420410157 0.0133962631225586
-0.0456466674804688 -0.0948410034179687 0.00406074523925781 0.0277862548828125
-0.0201492309570313 -0.0998382568359375 -0.0135574340820312 0.0415496826171875
0.0372314453125 -0.100296020507813 -0.0257110595703125 0.0407562255859375
0.0866775512695312 -0.0614089965820312 -0.0435829162597656 0.0100364685058594
0.113548278808594 0.04083251953125 -0.0386886596679687 -0.0211715698242187
0.0839157104492188 0.101371765136719 0.00506210327148438 -0.022674560546875
0.0155410766601562 0.137825012207031 -0.00252532958984375 0.0479774475097656
-0.0412216186523437 0.101882934570312 0.0735855102539063 0.104133605957031
-0.00934600830078125 0.110771179199219 0.041351318359375 0.11932373046875
0.055633544921875 0.108383178710938 0.0402297973632813 0.0929641723632813
0.0987701416015625 0.0297088623046875 0.0602226257324219 0.0586471557617188
0.0808334350585938 -0.0353240966796875 0.0506935119628906 0.0250205993652344
0.0246429443359375 -0.0842819213867188 0.033203125 0.00352478027343749
-0.019500732421875 -0.0832977294921875 0.0205078125 0.01483154296875
-0.0222854614257812 -0.0765838623046875 0.0179634094238281 0.0363540649414062
-0.0373764038085938 -0.0869293212890625 0.0221099853515625 0.0516242980957031
-0.0145111083984375 -0.0911941528320312 -0.00275039672851562 0.066162109375
0.0389022827148437 -0.0893707275390625 -0.0221328735351562 0.0616188049316406
0.081939697265625 -0.0483016967773438 -0.0456924438476562 0.0254440307617188
0.094207763671875 0.04986572265625 -0.0400657653808594 -0.0126991271972656
0.0524826049804687 0.099090576171875 0.0139284133911133 -0.00140094757080078
-0.0141067504882812 0.112632751464844 -0.00334930419921875 0.0888748168945313
-0.055419921875 0.0413589477539063 0.059967041015625 0.131782531738281
-0.0353355407714844 0.0652351379394531 0.0347671508789063 0.132415771484375
0.0128402709960938 0.0784683227539063 0.0302734375 0.089691162109375
0.0583381652832031 0.0323295593261719 0.0422096252441406 0.065399169921875
0.0544662475585938 -0.0156745910644531 0.0369377136230469 0.0394935607910156
0.0209693908691406 -0.0553741455078125 0.0326995849609375 0.0281543731689453
-0.00853347778320312 -0.0581436157226562 0.0331001281738281 0.0392723083496094
-0.0125694274902344 -0.0558586120605469 0.0334320068359375 0.0538787841796875
-0.0240020751953125 -0.06591796875 0.0362396240234375 0.0719985961914063
-0.00613403320312501 -0.0702629089355469 0.00470733642578124 0.0873870849609375
0.0363273620605469 -0.0661125183105469 -0.0227737426757812 0.078948974609375
0.0676956176757813 -0.0283279418945313 -0.0511550903320312 0.03662109375
0.0644378662109375 0.0527725219726563 -0.0440025329589844 -0.00679397583007812
0.0149307250976563 0.083221435546875 0.0146474838256836 0.0161027908325195
-0.0430374145507813 0.072479248046875 -0.0140380859375 0.119140625
0.0542068481445313 -0.00408172607421875 0.0164718627929687 -0.136154174804688
0.0132408142089844 -0.0529747009277344 -0.0111465454101562 -0.0324497222900391
-0.0294380187988281 -0.0377120971679688 0.049163818359375 0.0150489807128906
-0.0392608642578125 0.00401687622070313 0.07806396484375 -0.0396728515625
-0.0243186950683594 0.0282154083251953 0.0421066284179687 -0.0898208618164063
-0.001190185546875 0.0388603210449219 -0.0113906860351562 -0.105178833007813
0.00423622131347657 0.0299472808837891 -0.0501708984375 -0.090789794921875
0.00174713134765625 0.0287876129150391 -0.0473251342773438 -0.0645294189453125
-0.00289535522460938 0.0321292877197266 -0.0430030822753906 -0.0509376525878906
-0.0204238891601562 0.0189857482910156 -0.0344772338867187 -0.0463218688964844
-0.0269737243652344 -0.00479316711425781 -0.0368881225585938 -0.0469741821289063
-0.00945472717285156 -0.0317935943603516 -0.03265380859375 -0.0692100524902344
0.0302848815917969 -0.0353851318359375 -0.0161361694335937 -0.097412109375
0.0600013732910156 -0.0106315612792969 -0.02813720703125 -0.13250732421875
0.0643196105957031 0.0234718322753906 -0.037353515625 -0.147232055664062
0.0609703063964844 0.0563850402832031 0.0409088134765625 -0.133544921875
0.0435218811035156 -0.0107841491699219 0.00315666198730469 -0.0325393676757812
0.0182380676269531 -0.0191078186035156 0.0573959350585938 0.0216255187988281
-0.00011444091796875 -0.0128850936889648 0.0904998779296875 -0.0376358032226563
-0.00371789932250977 -0.00342416763305664 0.0551071166992187 -0.092529296875
-0.00525569915771484 -0.000763416290283204 -0.0067291259765625 -0.113555908203125
-0.0127725601196289 -0.00669002532958984 -0.0517654418945313 -0.0956878662109375
-0.011016845703125 -0.00587081909179688 -0.0498046875 -0.0633354187011719
-0.0159082412719727 -0.00670909881591797 -0.0450210571289063 -0.0502891540527344
-0.0152740478515625 -0.0182151794433594 -0.0389556884765625 -0.0438995361328125
2.86102294921889E-05 -0.0317325592041016 -0.0378875732421875 -0.0419883728027344
0.0295753479003906 -0.0352630615234375 -0.0339317321777344 -0.0618667602539063
0.0636711120605469 -0.000843048095703125 -0.0209274291992188 -0.0836944580078125
0.079620361328125 0.03826904296875 -0.0291213989257812 -0.116287231445313
0.0653305053710938 0.081085205078125 -0.02984619140625 -0.127372741699219
0.0534286499023438 0.11279296875 0.0646743774414063 -0.10833740234375
0.0635757446289063 0.0419769287109375 0.0205535888671875 -0.0165424346923828
0.066131591796875 0.0127754211425781 0.0661964416503906 0.0355606079101562
0.0473098754882813 -0.0224723815917969 0.10235595703125 -0.0256729125976563
0.0252876281738281 -0.0337810516357422 0.06939697265625 -0.08258056640625
-0.00391387939453125 -0.0414390563964844 0.00400543212890626 -0.110847473144531
-0.025299072265625 -0.0425376892089844 -0.0447006225585937 -0.0899887084960938
-0.0210533142089844 -0.0393142700195312 -0.0455245971679688 -0.0522041320800781
-0.0286827087402344 -0.0428810119628906 -0.041595458984375 -0.0386085510253906
-0.0148582458496094 -0.0526161193847656 -0.0403213500976563 -0.0306434631347656
0.0187492370605469 -0.0600929260253906 -0.0401458740234375 -0.0269203186035156
0.0591888427734375 -0.0468101501464844 -0.0395317077636719 -0.0479927062988281
0.0941238403320313 0.0190887451171875 -0.0296096801757812 -0.0671043395996094
0.0981979370117188 0.0714340209960938 -0.0282440185546875 -0.0932998657226563
0.063385009765625 0.123245239257812 -0.0246429443359375 -0.0916366577148437
0.0337371826171875 0.152023315429688 0.081329345703125 -0.0625228881835937
0.0662994384765625 0.0938034057617188 0.0346527099609375 0.0140171051025391
0.102516174316406 0.0548629760742188 0.0699119567871094 0.0553627014160156
0.0933761596679687 -0.0189132690429688 0.10760498046875 -0.0044403076171875
0.056732177734375 -0.0550498962402344 0.0790328979492188 -0.0609054565429688
0.0029296875 -0.0764694213867187 0.0165634155273438 -0.0938949584960938
-0.0318832397460937 -0.0735244750976563 -0.0315017700195313 -0.0727767944335938
-0.0277633666992188 -0.0669975280761719 -0.0350131988525391 -0.0334148406982422
-0.0400543212890625 -0.0723724365234375 -0.0310497283935547 -0.0197105407714844
-0.0186920166015625 -0.0799713134765625 -0.0365180969238281 -0.00971984863281251
0.0290756225585938 -0.0849380493164062 -0.0388908386230469 -0.00578689575195314
0.077178955078125 -0.0592880249023438 -0.0433807373046875 -0.029144287109375
0.115074157714844 0.0270767211914063 -0.0362167358398437 -0.0498428344726563
0.10882568359375 0.089691162109375 -0.0206146240234375 -0.0693702697753906
0.054931640625 0.146102905273438 -0.0169944763183594 -0.0466232299804688
0.00689697265625 0.16534423828125 0.0882339477539062 -0.00450134277343749
0.050018310546875 0.129348754882812 0.0442085266113281 0.0528297424316406
0.112533569335937 0.094940185546875 0.0643463134765625 0.07672119140625
0.123390197753906 -0.00293731689453125 0.100532531738281 0.0215072631835937
0.08331298828125 -0.0607147216796875 0.0786895751953125 -0.0302200317382813
0.0129928588867187 -0.097869873046875 0.0261039733886719 -0.0654335021972656
-0.0325851440429688 -0.092559814453125 -0.0142478942871094 -0.0466957092285156
-0.0311279296875 -0.0842514038085938 -0.0192813873291016 -0.00961112976074219
-0.0469818115234375 -0.0911788940429688 -0.0154380798339844 0.00369071960449218
-0.0211334228515625 -0.0967330932617187 -0.0274009704589844 0.0163230895996094
0.0342330932617188 -0.100494384765625 -0.0338172912597656 0.0185508728027344
0.0859756469726563 -0.0669784545898438 -0.0444793701171875 -0.00896453857421875
0.122428894042969 0.0335693359375 -0.0391769409179687 -0.035797119140625
0.104515075683594 0.099761962890625 -0.00796508789062499 -0.0457496643066406
0.0391082763671875 0.151397705078125 -0.00931549072265625 0.000987052917480479
-0.0211181640625 0.147903442382813 0.0834732055664063 0.0570144653320313
0.020050048828125 0.136520385742188 0.0443267822265625 0.0920867919921875
0.094268798828125 0.117019653320313 0.0530548095703125 0.0924835205078125
0.125503540039062 0.0172119140625 0.0831832885742188 0.0458984375
0.0932540893554688 -0.0523147583007813 0.0683975219726563 0.00150680541992187
0.0222015380859375 -0.100784301757813 0.0326023101806641 -0.0295143127441406
-0.0280303955078125 -0.0966720581054687 0.00454044342041016 -0.0146875381469727
-0.0287933349609375 -0.0887069702148438 -0.000210762023925784 0.0146589279174805
-0.0467453002929688 -0.0959014892578125 0.00384330749511719 0.0287322998046875
-0.020599365234375 -0.1007080078125 -0.0155715942382813 0.0426559448242187
0.0377731323242187 -0.102348327636719 -0.0269126892089844 0.041351318359375
0.0877609252929688 -0.0623092651367187 -0.0451774597167969 0.00927352905273438
0.115791320800781 0.0423355102539063 -0.0396995544433594 -0.0234718322753906
0.0844802856445313 0.103805541992188 0.00574493408203126 -0.0244522094726562
0.0144500732421875 0.14111328125 -0.00360107421875 0.048126220703125
-0.0433120727539063 0.103401184082031 0.072479248046875 0.106025695800781
-0.0116958618164062 0.112190246582031 0.0396804809570313 0.121635437011719
0.056884765625 0.111030578613281 0.0384902954101563 0.0968551635742188
0.100883483886719 0.0309982299804688 0.060302734375 0.061767578125
0.082672119140625 -0.0348129272460938 0.0525550842285156 0.0269355773925781
0.0250625610351562 -0.0848007202148438 0.0340099334716797 0.00398254394531249
-0.0197677612304688 -0.0843734741210938 0.0204639434814453 0.0161323547363281
-0.0224990844726562 -0.0788192749023438 0.0180625915527344 0.0375404357910156
-0.0388107299804688 -0.0879058837890625 0.0214996337890625 0.0526237487792969
-0.0149459838867187 -0.092315673828125 -0.0038604736328125 0.0679168701171875
0.0393295288085937 -0.0904541015625 -0.0232582092285156 0.0623779296875
0.0832443237304688 -0.0486221313476563 -0.0471153259277344 0.0251731872558594
0.0963973999023438 0.05126953125 -0.0410804748535156 -0.013336181640625
0.0530548095703125 0.101173400878906 0.013951301574707 -0.00300979614257812
-0.0150604248046875 0.115188598632813 -0.00522613525390626 0.0898818969726563
-0.0565948486328125 0.0414047241210937 0.0580215454101562 0.134292602539062
-0.0367774963378906 0.0663871765136719 0.0327911376953125 0.135391235351563
0.0137863159179687 0.0797958374023438 0.02789306640625 0.09375
0.0591926574707031 0.0328292846679688 0.0423393249511719 0.0678901672363281
0.0558662414550781 -0.01446533203125 0.0382614135742188 0.0413627624511719
0.021087646484375 -0.0558319091796875 0.0334968566894531 0.0286273956298828
-0.00934219360351562 -0.0590934753417969 0.0330810546875 0.0399017333984375
-0.012420654296875 -0.0566329956054687 0.0339126586914063 0.05511474609375
-0.0240707397460937 -0.0666007995605469 0.0359039306640625 0.0735626220703125
-0.00679779052734376 -0.0708465576171875 0.00396728515624999 0.0892715454101563
0.0363540649414063 -0.0667610168457031 -0.0237808227539063 0.0793609619140625
0.0689659118652344 -0.0292778015136719 -0.0527420043945312 0.0371627807617188
0.0659103393554688 0.0538978576660156 -0.0449600219726563 -0.00802612304687499
0.0148162841796875 0.084930419921875 0.0154609680175781 0.0155820846557617
-0.0432815551757813 0.0732498168945312 -0.01593017578125 0.120445251464844
0.057220458984375 -0.00467300415039062 0.01611328125 -0.141494750976563
0.0136489868164063 -0.0550918579101563 -0.0127773284912109 -0.03253173828125
-0.0310707092285156 -0.0391883850097656 0.0520133972167969 0.0164146423339844
-0.0407485961914063 0.00425338745117187 0.0816879272460937 -0.0416259765625
-0.0242767333984375 0.0295352935791016 0.0438766479492188 -0.0939178466796875
-0.000511169433593752 0.040863037109375 -0.0115127563476563 -0.109687805175781
0.0052032470703125 0.0309200286865234 -0.0519561767578125 -0.0945816040039063
0.00230789184570313 0.0297603607177734 -0.0483322143554688 -0.0677947998046875
-0.001617431640625 0.0329608917236328 -0.0451698303222656 -0.0527610778808594
-0.0198783874511719 0.0205764770507812 -0.036346435546875 -0.0483970642089844
-0.027313232421875 -0.00421142578125 -0.0391120910644531 -0.0497207641601562
-0.0106105804443359 -0.0335693359375 -0.0345230102539063 -0.07330322265625
0.0314750671386719 -0.0368423461914063 -0.0164108276367187 -0.103523254394531
0.0621299743652344 -0.0113639831542969 -0.0286178588867188 -0.138847351074219
0.0670623779296875 0.0239830017089844 -0.0377197265625 -0.154464721679688
0.0642280578613281 0.0593338012695313 0.0415802001953125 -0.139083862304687
0.0444412231445313 -0.0105743408203125 0.00162696838378907 -0.0328807830810547
0.0182819366455078 -0.0201835632324219 0.0611343383789062 0.0231361389160156
-6.00814819335931E-05 -0.013524055480957 0.0953521728515625 -0.0395584106445313
-0.00310373306274414 -0.0035555362701416 0.0582351684570312 -0.0953598022460938
-0.00554990768432617 -0.000617027282714844 -0.0066375732421875 -0.118881225585937
-0.0134954452514648 -0.00651931762695313 -0.0540542602539062 -0.0993194580078125
-0.0107250213623047 -0.00655937194824219 -0.051483154296875 -0.0655975341796875
-0.0155534744262695 -0.00725364685058594 -0.047119140625 -0.0521888732910156
-0.0153617858886719 -0.0184402465820313 -0.0403060913085938 -0.046051025390625
0.000633239746093751 -0.0327682495117188 -0.040252685546875 -0.0437049865722656
0.030792236328125 -0.0363960266113281 -0.035491943359375 -0.0660552978515625
0.0661888122558594 -0.00028228759765625 -0.0215072631835938 -0.08941650390625
0.0825576782226563 0.0396194458007813 -0.0299911499023437 -0.122940063476562
0.068023681640625 0.08489990234375 -0.0310440063476562 -0.13372802734375
0.0562210083007813 0.118011474609375 0.06610107421875 -0.113174438476562
0.0648231506347656 0.0444450378417969 0.0198822021484375 -0.0166645050048828
0.0694236755371094 0.0131683349609375 0.0692100524902344 0.0382270812988281
0.0493659973144531 -0.0231819152832031 0.10772705078125 -0.0262069702148437
0.0266456604003906 -0.035675048828125 0.0730972290039062 -0.0865936279296875
-0.0047607421875 -0.0430831909179688 0.0040435791015625 -0.115829467773437
-0.0265464782714844 -0.0447120666503906 -0.0470428466796875 -0.0931930541992188
-0.0216331481933594 -0.0416107177734375 -0.0474014282226562 -0.0538864135742188
-0.0294265747070313 -0.0449180603027344 -0.0435371398925781 -0.0398521423339844
-0.0154571533203125 -0.0538597106933594 -0.042724609375 -0.0318183898925781
0.0196380615234375 -0.0626792907714844 -0.0430946350097656 -0.0283927917480469
0.0621261596679688 -0.0482749938964844 -0.0421981811523438 -0.0511474609375
0.0984344482421875 0.0204620361328125 -0.031005859375 -0.072784423828125
0.10223388671875 0.073974609375 -0.029449462890625 -0.0991973876953125
0.065765380859375 0.129264831542969 -0.0247268676757813 -0.0964736938476562
0.03546142578125 0.159515380859375 0.083709716796875 -0.065216064453125
0.0674209594726563 0.0979843139648437 0.0348758697509766 0.0145263671875
0.107040405273438 0.057281494140625 0.0726776123046875 0.0603790283203125
0.097076416015625 -0.0196609497070313 0.112113952636719 -0.00357818603515625
0.0600624084472656 -0.0576057434082031 0.0833587646484375 -0.0637054443359375
0.00290679931640625 -0.0795135498046875 0.0173568725585937 -0.0991287231445313
-0.03448486328125 -0.0760955810546875 -0.0334701538085938 -0.07537841796875
-0.02911376953125 -0.0705718994140625 -0.0360527038574219 -0.0344276428222656
-0.0416793823242188 -0.0754318237304687 -0.0329208374023438 -0.0197467803955078
-0.0193557739257812 -0.0826034545898438 -0.0388832092285156 -0.00926971435546875
0.0288238525390625 -0.0886154174804688 -0.0412979125976563 -0.00571060180664062
0.0799560546875 -0.0624237060546875 -0.0462226867675781 -0.0315322875976563
0.120277404785156 0.0283203125 -0.0377044677734375 -0.0545730590820313
0.113555908203125 0.0934371948242188 -0.0215988159179687 -0.0738601684570313
0.057708740234375 0.1531982421875 -0.0176010131835937 -0.0497245788574219
0.00645446777343751 0.173324584960938 0.0904693603515625 -0.00373840332031249
0.0505218505859375 0.135993957519531 0.0438461303710938 0.0551490783691406
0.118598937988281 0.0986785888671875 0.0671463012695313 0.0818710327148438
0.127899169921875 -0.00339508056640625 0.10552978515625 0.0245437622070312
0.0877151489257813 -0.0635604858398438 0.0828094482421875 -0.0310592651367188
0.0135574340820313 -0.101814270019531 0.0275840759277344 -0.0681991577148438
-0.0350494384765625 -0.0956497192382812 -0.0151443481445313 -0.0480384826660156
-0.0322265625 -0.0882110595703125 -0.0199108123779297 -0.00963211059570313
-0.0497055053710938 -0.0937957763671875 -0.0164432525634766 0.00501918792724609
-0.0229034423828125 -0.0999526977539063 -0.0293712615966797 0.0179176330566406
0.0344161987304688 -0.104408264160156 -0.035858154296875 0.0191459655761719
0.0889816284179688 -0.0699691772460938 -0.0472831726074219 -0.0103302001953125
0.128334045410156 0.0350799560546875 -0.0410537719726563 -0.038299560546875
0.109138488769531 0.103385925292969 -0.00908279418945311 -0.0495834350585937
0.041656494140625 0.158737182617188 -0.00922870635986328 0.000755310058593759
-0.0220489501953125 0.154937744140625 0.0857315063476563 0.0591964721679688
0.0199737548828125 0.14276123046875 0.0450668334960937 0.0955352783203125
0.09954833984375 0.122871398925781 0.0536346435546875 0.0975875854492188
0.13067626953125 0.017974853515625 0.0867156982421875 0.0495071411132813
0.097412109375 -0.0547256469726563 0.072052001953125 0.00189971923828125
0.0223846435546875 -0.10455322265625 0.0339908599853516 -0.0317497253417969
-0.0304183959960938 -0.0997695922851563 0.00393295288085937 -0.0148820877075195
-0.0305862426757812 -0.091094970703125 -0.000975608825683598 0.0165319442749023
-0.049224853515625 -0.0991592407226562 0.00304603576660156 0.0313320159912109
-0.0225372314453125 -0.104774475097656 -0.0162544250488281 0.0453567504882812
0.0370941162109375 -0.10614013671875 -0.0298614501953125 0.043243408203125
0.0913925170898438 -0.0657806396484375 -0.04779052734375 0.00981140136718751
0.121482849121094 0.0437393188476563 -0.04150390625 -0.0255203247070312
0.0888824462890625 0.107856750488281 0.00548171997070313 -0.0263824462890625
0.015655517578125 0.1470947265625 -0.00409698486328125 0.0492324829101563
-0.045318603515625 0.108787536621094 0.0743560791015625 0.110450744628906
-0.0130157470703125 0.117767333984375 0.0396270751953125 0.127029418945313
0.060791015625 0.116127014160156 0.0390472412109375 0.102691650390625
0.104934692382813 0.0314712524414063 0.063079833984375 0.0661277770996094
0.0868072509765625 -0.0366592407226563 0.0554046630859375 0.0285491943359375
0.0253753662109375 -0.0881576538085938 0.0353240966796875 0.00342559814453125
-0.0219497680664062 -0.08807373046875 0.0216655731201172 0.0168209075927734
-0.0240631103515625 -0.0819244384765625 0.0192680358886719 0.0403289794921875
-0.0413360595703125 -0.0905075073242187 0.0215911865234375 0.0559501647949219
-0.0170135498046875 -0.0951995849609375 -0.00478363037109375 0.0714263916015625
0.0393218994140625 -0.0947952270507812 -0.0253219604492187 0.0651626586914063
0.0862960815429688 -0.0513916015625 -0.04974365234375 0.0255279541015625
0.101593017578125 0.0529098510742187 -0.0433464050292969 -0.015716552734375
0.055572509765625 0.10479736328125 0.0144510269165039 -0.00408172607421874
-0.0155410766601563 0.120567321777344 -0.004730224609375 0.09307861328125
-0.0590744018554688 0.04364013671875 0.0594940185546875 0.140373229980469
-0.0386123657226563 0.0692596435546875 0.033538818359375 0.141067504882813
0.0157852172851562 0.083831787109375 0.0284805297851563 0.0988540649414063
0.0618171691894531 0.0338249206542969 0.0442352294921875 0.0731124877929688
0.0586471557617187 -0.0159416198730469 0.0412712097167969 0.0431594848632813
0.0216865539550781 -0.058013916015625 0.0354270935058594 0.0294723510742188
-0.0104713439941406 -0.0617752075195312 0.0359153747558594 0.0415229797363281
-0.0137786865234375 -0.059112548828125 0.0356292724609375 0.0581512451171875
-0.0263099670410156 -0.0680389404296875 0.03656005859375 0.0773696899414063
-0.0087432861328125 -0.073333740234375 0.00341033935546876 0.093597412109375
0.0370597839355469 -0.0702857971191406 -0.025787353515625 0.0824508666992188
0.07147216796875 -0.0307235717773438 -0.0554122924804688 0.0384712219238281
0.0691261291503906 0.0563468933105469 -0.0470466613769531 -0.00921249389648437
0.016021728515625 0.087310791015625 0.0158624649047852 0.0152988433837891
-0.0454330444335938 0.0766830444335938 -0.0158233642578125 0.124755859375
0.0611991882324219 -0.006683349609375 0.0129241943359375 -0.149383544921875
0.0121116638183594 -0.0575485229492188 -0.0153484344482422 -0.0322952270507813
-0.0347824096679687 -0.0402488708496094 0.0560989379882813 0.016632080078125
-0.0429458618164062 0.00508499145507813 0.0855026245117188 -0.0453033447265625
-0.0244941711425781 0.03155517578125 0.0437545776367187 -0.0994720458984375
0.00156402587890625 0.0433502197265625 -0.0136795043945313 -0.115234375
0.00657463073730468 0.0321979522705078 -0.0575332641601563 -0.0980148315429688
0.00417900085449219 0.030517578125 -0.0530242919921875 -0.0703506469726563
0.000738143920898439 0.0345134735107422 -0.0489120483398438 -0.0546798706054687
-0.0192966461181641 0.022552490234375 -0.0398788452148437 -0.0503349304199219
-0.0284137725830078 -0.00307273864746094 -0.0428314208984375 -0.0513648986816406
-0.0116672515869141 -0.0346298217773438 -0.0388412475585938 -0.07757568359375
0.0317039489746094 -0.0401496887207031 -0.0195770263671875 -0.110527038574219
0.0638885498046875 -0.0141716003417969 -0.0336761474609375 -0.14691162109375
0.0720901489257812 0.0235214233398437 -0.043548583984375 -0.162460327148438
0.0700874328613281 0.0607223510742188 0.0395355224609375 -0.147781372070313
0.0455245971679688 -0.0116119384765625 -0.000827789306640624 -0.0336742401123047
0.0188694000244141 -0.0216808319091797 0.0658226013183594 0.0234222412109375
-0.000593185424804689 -0.0145158767700195 0.0996627807617187 -0.0433883666992187
-0.00324320793151856 -0.00409674644470215 0.058746337890625 -0.102432250976563
-0.00526523590087891 1.14440917968757E-05 -0.00962066650390624 -0.125045776367187
-0.014007568359375 -0.00638389587402344 -0.0594253540039063 -0.102935791015625
-0.0105361938476563 -0.00677299499511719 -0.0559158325195313 -0.0679779052734375
-0.0158166885375977 -0.00750732421875 -0.0516548156738281 -0.0532798767089844
-0.0156707763671875 -0.0181484222412109 -0.0447196960449219 -0.0469932556152344
0.000175476074218748 -0.0339508056640625 -0.0446357727050781 -0.0452194213867188
0.031280517578125 -0.0392723083496094 -0.0401573181152344 -0.0701789855957031
0.070037841796875 -0.00270462036132812 -0.0250244140625 -0.0966796875
0.087677001953125 0.0391311645507813 -0.0346832275390625 -0.130142211914062
0.0738525390625 0.0881423950195313 -0.0359344482421875 -0.140823364257813
0.0632171630859375 0.123222351074219 0.065643310546875 -0.120948791503906
0.0681228637695313 0.0457305908203125 0.0178737640380859 -0.0173130035400391
0.0734710693359375 0.0121536254882813 0.0751953125 0.0401229858398438
0.0512962341308594 -0.026031494140625 0.113014221191406 -0.02978515625
0.0276985168457031 -0.0381889343261719 0.0755767822265625 -0.09326171875
-0.00542831420898438 -0.0451507568359375 0.0014190673828125 -0.122283935546875
-0.0296974182128906 -0.045806884765625 -0.0523757934570313 -0.0966873168945313
-0.0235137939453125 -0.0441360473632813 -0.0506744384765625 -0.0545425415039063
-0.0320625305175781 -0.0463409423828125 -0.0474472045898437 -0.0404510498046875
-0.0174827575683594 -0.0558738708496094 -0.0465011596679687 -0.0316276550292969
0.0190086364746094 -0.0658721923828125 -0.0468292236328125 -0.0284194946289063
0.0637702941894531 -0.0525436401367188 -0.0463180541992188 -0.0544242858886719
0.104682922363281 0.0187149047851563 -0.0340194702148438 -0.0785369873046875
0.109825134277344 0.074737548828125 -0.0334014892578125 -0.105827331542969
0.072601318359375 0.134979248046875 -0.0286865234375 -0.102104187011719
0.0413360595703125 0.167510986328125 0.0851898193359375 -0.0712738037109375
0.072357177734375 0.102920532226563 0.0349407196044922 0.0143985748291016
0.115081787109375 0.0577468872070312 0.0784759521484375 0.062591552734375
0.10211181640625 -0.0236740112304688 0.119209289550781 -0.00555419921875
0.0625686645507813 -0.0621185302734375 0.0871734619140625 -0.0689773559570313
0.000907897949218752 -0.0834732055664063 0.0154953002929687 -0.104080200195313
-0.0387344360351563 -0.0787277221679687 -0.0369796752929688 -0.0780487060546875
-0.0327377319335938 -0.07415771484375 -0.0384597778320313 -0.0341339111328125
-0.0466079711914062 -0.0774154663085938 -0.0356864929199219 -0.0193252563476563
-0.0226898193359375 -0.085601806640625 -0.0419654846191406 -0.00779342651367188
0.0284042358398437 -0.0936660766601563 -0.0454559326171875 -0.00474548339843751
0.0829315185546875 -0.06756591796875 -0.0504264831542969 -0.0328712463378906
0.129119873046875 0.0272445678710937 -0.0415534973144531 -0.0592041015625
0.121910095214844 0.0951004028320313 -0.0250473022460937 -0.0793838500976563
0.0650634765625 0.1611328125 -0.0200462341308594 -0.0525970458984375
0.01165771484375 0.1826171875 0.0937576293945312 -0.00717163085937499
0.05548095703125 0.142410278320313 0.0454902648925781 0.057098388671875
0.128257751464844 0.101821899414063 0.0730133056640625 0.087005615234375
0.134765625 -0.00682830810546875 0.112442016601563 0.024261474609375
0.0913543701171875 -0.0693283081054688 0.088287353515625 -0.0343780517578125
0.0111083984375 -0.106979370117187 0.02764892578125 -0.0734710693359375
-0.041046142578125 -0.0997314453125 -0.0171318054199219 -0.04913330078125
-0.0367813110351562 -0.0923538208007813 -0.0203475952148438 -0.0081462860107422
-0.055267333984375 -0.0967864990234375 -0.0176010131835938 0.00686073303222656
-0.0273513793945312 -0.103912353515625 -0.0311737060546875 0.0205516815185547
0.032958984375 -0.110527038574219 -0.0393218994140625 0.020965576171875
0.0917892456054688 -0.0764999389648438 -0.0512809753417969 -0.0105781555175781
0.137382507324219 0.0331344604492188 -0.0443954467773437 -0.041351318359375
0.117950439453125 0.105316162109375 -0.0107612609863281 -0.0542526245117187
0.0476226806640625 0.16815185546875 -0.00937557220458984 -0.000253677368164051
-0.0198211669921875 0.165252685546875 0.0904617309570313 0.0595779418945313
0.0241241455078125 0.150253295898438 0.0475540161132812 0.0998687744140625
0.10888671875 0.127494812011719 0.0589828491210938 0.104118347167969
0.138595581054688 0.0155715942382813 0.0934371948242188 0.05242919921875
0.1021728515625 -0.0609359741210938 0.0777511596679688 0.000434875488281246
0.0205001831054687 -0.109733581542969 0.0341129302978516 -0.0345993041992188
-0.036224365234375 -0.1041259765625 0.00340938568115234 -0.0153160095214844
-0.035125732421875 -0.0956268310546875 0.000690460205078125 0.018798828125
-0.055633544921875 -0.102142333984375 0.00303459167480469 0.0337696075439453
-0.0276565551757812 -0.108421325683594 -0.0165786743164062 0.0495033264160156
0.0354766845703125 -0.112930297851562 -0.0305404663085938 0.0465888977050781
0.093719482421875 -0.0719985961914063 -0.0514183044433594 0.0102157592773437
0.13079833984375 0.0422897338867188 -0.0446891784667969 -0.0274658203125
0.0971603393554687 0.110580444335938 0.00445365905761719 -0.0295982360839844
0.0202484130859375 0.157211303710937 -0.002410888671875 0.0516700744628906
-0.045135498046875 0.115943908691406 0.0796432495117188 0.114227294921875
-0.0106658935546875 0.125152587890625 0.0437469482421875 0.132736206054687
0.0675811767578125 0.121170043945313 0.0436019897460938 0.109443664550781
0.111526489257813 0.0306015014648438 0.0689697265625 0.0695953369140625
0.0909576416015625 -0.0410308837890625 0.060943603515625 0.0289497375488281
0.024200439453125 -0.0931777954101563 0.0368537902832031 0.00178146362304687
-0.0266876220703125 -0.091888427734375 0.0226364135742188 0.0175724029541016
-0.0280303955078125 -0.0855941772460938 0.0221290588378906 0.0426216125488281
-0.0466156005859375 -0.0933761596679688 0.0242538452148437 0.0593223571777344
-0.0217132568359375 -0.098785400390625 -0.0038909912109375 0.0756378173828125
0.0378875732421875 -0.100753784179688 -0.0253410339355469 0.0686759948730469
0.0896759033203125 -0.0569839477539063 -0.0524177551269531 0.0277214050292969
0.109199523925781 0.05316162109375 -0.0460700988769531 -0.0160751342773437
0.0617904663085937 0.108375549316406 0.0157785415649414 -0.00654220581054687
-0.0127487182617188 0.128868103027344 -0.002197265625 0.0975799560546875
-0.0615692138671875 0.0476799011230469 0.0651092529296875 0.146072387695313
-0.0382537841796875 0.073944091796875 0.0379486083984375 0.14788818359375
0.0202789306640625 0.0875473022460938 0.0321197509765625 0.105415344238281
0.066680908203125 0.0338325500488281 0.0496444702148438 0.0778045654296875
0.061553955078125 -0.0187759399414063 0.0450935363769531 0.04571533203125
0.0204010009765625 -0.061676025390625 0.0382308959960938 0.0304031372070312
-0.0134086608886719 -0.0645828247070312 0.0383644104003906 0.0426292419433594
-0.0162734985351562 -0.0615463256835937 0.0398368835449219 0.0613555908203125
-0.029876708984375 -0.0702667236328125 0.0405044555664063 0.0807723999023438
-0.0121078491210937 -0.0759963989257813 0.00554656982421874 0.0990524291992188
0.0359344482421875 -0.0756683349609375 -0.0250473022460937 0.0872573852539063
0.074462890625 -0.0349884033203125 -0.0581436157226562 0.0414505004882813
0.0754165649414063 0.05712890625 -0.0503501892089844 -0.00904464721679687
0.0196151733398438 0.092071533203125 0.0183963775634766 0.0136909484863281
-0.0451736450195312 0.082611083984375 -0.012969970703125 0.131889343261719
0.0641517639160156 -0.0114555358886719 0.00514221191406249 -0.155715942382813
0.00884246826171876 -0.0592155456542969 -0.0183429718017578 -0.0308589935302734
-0.0394096374511719 -0.0394935607910156 0.0601654052734375 0.01470947265625
-0.0441513061523438 0.00820922851562499 0.0868301391601562 -0.0513381958007813
-0.0239372253417969 0.0341567993164063 0.0401763916015625 -0.105461120605469
0.00506210327148438 0.0443191528320312 -0.0203857421875 -0.11962890625
0.00974464416503907 0.0332489013671875 -0.0655670166015625 -0.0994720458984375
0.00650596618652344 0.0310287475585938 -0.059326171875 -0.0703125
0.00363349914550782 0.0343971252441406 -0.0537834167480469 -0.0538673400878906
-0.0171451568603516 0.0246009826660156 -0.04443359375 -0.0500068664550781
-0.0292587280273437 -0.000993728637695317 -0.0475120544433594 -0.0516242980957031
-0.0148735046386719 -0.0349769592285156 -0.0455551147460938 -0.08001708984375
0.0297088623046875 -0.0435256958007813 -0.02679443359375 -0.115188598632813
0.0650672912597656 -0.0182762145996094 -0.04229736328125 -0.151473999023438
0.0767440795898437 0.02008056640625 -0.0535888671875 -0.167160034179688
0.0775146484375 0.05877685546875 0.0316009521484375 -0.15570068359375
0.0464630126953125 -0.0138435363769531 -0.00379371643066406 -0.0331974029541016
0.0180301666259766 -0.0235271453857422 0.070709228515625 0.0219879150390625
-0.00156307220458984 -0.0146455764770508 0.101646423339844 -0.0499649047851563
-0.00302314758300781 -0.00436973571777344 0.0559463500976563 -0.11004638671875
-0.00490045547485352 0.000676155090332031 -0.0165786743164062 -0.129600524902344
-0.0142288208007812 -0.00569534301757813 -0.0679931640625 -0.103561401367187
-0.0111160278320313 -0.00716114044189453 -0.0616569519042969 -0.067626953125
-0.0158872604370117 -0.00737667083740235 -0.0561561584472656 -0.05181884765625
-0.0164070129394531 -0.0176448822021484 -0.0494461059570312 -0.046417236328125
-0.00189399719238281 -0.0342998504638672 -0.0496406555175781 -0.0448646545410156
0.0307273864746094 -0.0421905517578125 -0.046722412109375 -0.0726394653320313
0.0724639892578125 -0.006683349609375 -0.0315017700195313 -0.100921630859375
0.0923614501953125 0.0351943969726563 -0.0429458618164062 -0.134620666503906
0.0824661254882813 0.0877838134765625 -0.0447845458984375 -0.146392822265625
0.0731430053710938 0.125091552734375 0.06103515625 -0.129486083984375
0.072235107421875 0.0451812744140625 0.0157356262207031 -0.0183773040771484
0.0771102905273438 0.008697509765625 0.0809097290039063 0.0387496948242188
0.0517654418945313 -0.029632568359375 0.117019653320312 -0.0364456176757813
0.0272941589355469 -0.0414009094238281 0.0743255615234375 -0.101348876953125
-0.00799942016601563 -0.0456733703613281 -0.00482177734374999 -0.1273193359375
-0.0335845947265625 -0.0456314086914062 -0.0596084594726562 -0.0973358154296875
-0.0264205932617188 -0.0446853637695313 -0.054931640625 -0.0541191101074219
-0.0360565185546875 -0.0467605590820312 -0.0516281127929688 -0.0388107299804688
-0.0208168029785156 -0.0568275451660156 -0.0505638122558594 -0.0305137634277344
0.0159492492675781 -0.0684967041015625 -0.0515251159667969 -0.0266571044921875
0.0638084411621094 -0.0580177307128906 -0.0527458190917969 -0.0555038452148438
0.110679626464844 0.0136489868164063 -0.040740966796875 -0.0821990966796875
0.117713928222656 0.0714035034179688 -0.041046142578125 -0.109786987304688
0.08355712890625 0.136817932128906 -0.0350799560546875 -0.105766296386719
0.053131103515625 0.173049926757813 0.0838851928710938 -0.0793228149414062
0.0801239013671875 0.10430908203125 0.0348663330078125 0.0138950347900391
0.123481750488281 0.0542984008789062 0.0855178833007813 0.0630340576171875
0.105110168457031 -0.0301513671875 0.124626159667969 -0.0110626220703125
0.0628395080566406 -0.0687026977539063 0.0882339477539063 -0.0767822265625
-0.00356292724609375 -0.0863265991210938 0.00984954833984376 -0.109504699707031
-0.0453338623046875 -0.0791473388671875 -0.04345703125 -0.0786285400390625
-0.038299560546875 -0.0752792358398437 -0.0408744812011719 -0.0324859619140625
-0.0526275634765625 -0.077606201171875 -0.0382003784179688 -0.01690673828125
-0.02850341796875 -0.0869598388671875 -0.0451507568359375 -0.00495529174804687
0.0238571166992188 -0.0983657836914063 -0.0484771728515625 -0.00229644775390625
0.082672119140625 -0.0753707885742188 -0.0559196472167969 -0.0328788757324219
0.136756896972656 0.0206451416015625 -0.0470008850097656 -0.0613555908203125
0.13189697265625 0.091583251953125 -0.0311355590820312 -0.0825424194335938
0.076507568359375 0.16552734375 -0.0233840942382813 -0.0552291870117187
0.0223388671875 0.190780639648438 0.0958099365234375 -0.0126953125
0.0643463134765625 0.146331787109375 0.0481681823730469 0.0573005676269531
0.140388488769531 0.0992965698242188 0.080657958984375 0.0886077880859375
0.140045166015625 -0.0140914916992188 0.118965148925781 0.021148681640625
0.092193603515625 -0.077545166015625 0.0911636352539063 -0.0413284301757813
0.00549316406249999 -0.111465454101563 0.0235977172851563 -0.0774307250976563
-0.0486907958984375 -0.10113525390625 -0.021087646484375 -0.0494613647460938
-0.04376220703125 -0.0941925048828125 -0.0207328796386719 -0.00578689575195313
-0.0632095336914062 -0.0965652465820313 -0.0187587738037109 0.00921440124511718
-0.03497314453125 -0.105255126953125 -0.0318603515625 0.0238151550292969
0.027191162109375 -0.116355895996094 -0.0398826599121094 0.0245628356933594
0.0914688110351563 -0.084381103515625 -0.0554618835449219 -0.00865554809570313
0.14599609375 0.0262298583984375 -0.0493545532226563 -0.0425949096679687
0.128738403320313 0.102203369140625 -0.0151023864746094 -0.0568656921386719
0.0594329833984375 0.173263549804687 -0.00956916809082031 -0.000222206115722645
-0.0115203857421875 0.173355102539063 0.0957107543945313 0.0569076538085938
0.031890869140625 0.15716552734375 0.0531082153320313 0.101638793945313
0.121742248535156 0.126457214355469 0.0674667358398438 0.1068115234375
0.14471435546875 0.0083770751953125 0.100761413574219 0.0502548217773438
0.103713989257813 -0.069091796875 0.081817626953125 -0.003662109375
0.0156631469726562 -0.115081787109375 0.0339431762695313 -0.0385589599609375
-0.0443038940429688 -0.105148315429687 0.0030069351196289 -0.0153379440307617
-0.0429458618164062 -0.0978775024414063 0.0030364990234375 0.0201568603515625
-0.0644607543945313 -0.102020263671875 0.00439071655273437 0.0358238220214844
-0.0355911254882813 -0.110862731933594 -0.0157814025878906 0.0535011291503906
0.029998779296875 -0.118865966796875 -0.0304832458496094 0.049774169921875
0.0940170288085938 -0.0806121826171875 -0.0537223815917969 0.0124015808105469
0.138832092285156 0.036407470703125 -0.0486602783203125 -0.0275382995605469
0.10662841796875 0.108711242675781 0.00331306457519532 -0.0328254699707031
0.030517578125 0.163299560546875 0.000759124755859379 0.0529556274414063
-0.039764404296875 0.124183654785156 0.0878448486328125 0.114082336425781
-0.00490570068359374 0.1319580078125 0.0507736206054688 0.135498046875
0.0782089233398438 0.122512817382813 0.050933837890625 0.113380432128906
0.118263244628906 0.0252227783203125 0.0767288208007813 0.070709228515625
0.0932159423828125 -0.0479049682617188 0.0657501220703125 0.0271034240722656
0.0190200805664062 -0.097686767578125 0.0382881164550781 0.000282287597656244
-0.0340347290039062 -0.0933685302734375 0.0247573852539062 0.0176677703857422
-0.0347824096679687 -0.0874557495117188 0.0261611938476562 0.0447578430175781
-0.0545654296875 -0.0932998657226563 0.0276641845703125 0.0611457824707031
-0.0290451049804688 -0.100578308105469 6.10351562500069E-05 0.0806961059570313
0.0320968627929688 -0.106475830078125 -0.023162841796875 0.072998046875
0.0896682739257813 -0.065185546875 -0.0541496276855469 0.0316581726074219
0.117195129394531 0.0492019653320312 -0.0488662719726562 -0.0157966613769531
0.0701828002929687 0.109405517578125 0.0161819458007813 -0.0094156265258789
-0.00570678710937501 0.135200500488281 0.0032806396484375 0.100761413574219
-0.0607833862304688 0.0534286499023438 0.074676513671875 0.14862060546875
-0.0358428955078125 0.080230712890625 0.046234130859375 0.152008056640625
0.0264816284179687 0.090606689453125 0.0388412475585938 0.109642028808594
0.0710372924804688 0.0308151245117188 0.0566635131835938 0.079315185546875
0.0633583068847656 -0.0232429504394531 0.0508155822753906 0.0454444885253906
0.0170478820800781 -0.0647087097167969 0.0411949157714844 0.0287628173828125
-0.0188865661621094 -0.0661506652832031 0.0422897338867188 0.0425148010253906
-0.0219345092773437 -0.0638084411621094 0.044708251953125 0.0617485046386719
-0.0353012084960937 -0.070953369140625 0.046539306640625 0.0826568603515625
-0.0179061889648438 -0.0777053833007813 0.0112228393554687 0.103645324707031
0.0326461791992187 -0.0804595947265625 -0.022857666015625 0.0922698974609375
0.0751953125 -0.0410232543945313 -0.0592002868652344 0.0462493896484375
0.0822525024414063 0.0554962158203125 -0.053436279296875 -0.00817489624023437
0.0252532958984375 0.0942306518554688 0.0198326110839844 0.0117111206054688
-0.0424041748046875 0.0885848999023437 -0.00614166259765625 0.136810302734375
0.0645179748535156 -0.0167083740234375 -0.00515747070312499 -0.156784057617188
0.00479125976562501 -0.05975341796875 -0.0216827392578125 -0.0281333923339844
-0.042388916015625 -0.0366668701171875 0.0625572204589844 0.0116386413574219
-0.0447654724121094 0.0103912353515625 0.0850601196289063 -0.0559616088867187
-0.0219078063964844 0.0364456176757813 0.0347671508789062 -0.107521057128906
0.00914764404296875 0.0446662902832031 -0.0266265869140625 -0.119575500488281
0.0130500793457031 0.0325889587402344 -0.0725021362304688 -0.0960693359375
0.00975227355957032 0.0296401977539063 -0.0638427734375 -0.0679359436035156
0.00710487365722656 0.0334300994873047 -0.0576362609863281 -0.0513381958007813
-0.0143756866455078 0.0258045196533203 -0.0481033325195312 -0.0481147766113281
-0.0288944244384766 0.00175476074218751 -0.0511207580566406 -0.0498809814453125
-0.0167102813720703 -0.0338878631591797 -0.0512466430664063 -0.0790023803710937
0.0266952514648438 -0.0452766418457031 -0.0338134765625 -0.115882873535156
0.063568115234375 -0.0212249755859375 -0.050506591796875 -0.1512451171875
0.0788955688476563 0.0147476196289063 -0.064422607421875 -0.16656494140625
0.0818557739257813 0.0542221069335938 0.021759033203125 -0.159011840820313
0.0454559326171875 -0.0157546997070313 -0.00737762451171875 -0.031982421875
0.0163555145263672 -0.0240402221679688 0.072998046875 0.01861572265625
-0.00323677062988281 -0.0151662826538086 0.100616455078125 -0.055267333984375
-0.00267243385314941 -0.00402283668518066 0.0503005981445312 -0.113967895507813
-0.00385022163391113 0.0012516975402832 -0.0240097045898437 -0.129989624023438
-0.0147743225097656 -0.0043182373046875 -0.0751419067382812 -0.100334167480469
-0.0113639831542969 -0.00733470916748047 -0.0655899047851563 -0.0644302368164062
-0.0151128768920898 -0.00705814361572266 -0.0598297119140625 -0.0490493774414063
-0.0165300369262695 -0.0161561965942383 -0.0527992248535156 -0.0437088012695312
-0.00380325317382813 -0.0339851379394531 -0.0527839660644531 -0.042388916015625
0.0281600952148437 -0.0438232421875 -0.052520751953125 -0.071380615234375
0.0726318359375 -0.0106277465820313 -0.0387039184570312 -0.101715087890625
0.0947113037109375 0.0301513671875 -0.0513534545898438 -0.134254455566406
0.0891036987304688 0.0839691162109375 -0.052642822265625 -0.145919799804688
0.08251953125 0.121543884277344 0.0523757934570313 -0.134857177734375
0.0754928588867188 0.0421829223632813 0.0131988525390625 -0.0176181793212891
0.0780258178710938 0.00395965576171875 0.084686279296875 0.0356216430664063
0.0504302978515625 -0.0333213806152344 0.116867065429688 -0.043060302734375
0.0256080627441406 -0.0433998107910156 0.0694427490234375 -0.106422424316406
-0.0102806091308594 -0.0450401306152344 -0.012786865234375 -0.128311157226563
-0.0365982055664062 -0.04315185546875 -0.0663528442382813 -0.0933456420898437
-0.029266357421875 -0.0442962646484375 -0.058258056640625 -0.0513687133789063
-0.0383796691894531 -0.0450859069824219 -0.0542755126953125 -0.0348472595214844
-0.0238609313964844 -0.0551071166992188 -0.0532073974609375 -0.0267066955566406
0.0119667053222656 -0.0696601867675781 -0.0540924072265625 -0.0246734619140625
0.0606803894042969 -0.0620040893554688 -0.0579566955566406 -0.0541419982910156
0.111793518066406 0.006622314453125 -0.046417236328125 -0.0830459594726562
0.122154235839844 0.0647048950195313 -0.0485610961914062 -0.109611511230469
0.0931777954101563 0.13409423828125 -0.0415115356445312 -0.105827331542969
0.0642547607421875 0.17144775390625 0.0789337158203125 -0.0846633911132812
0.0856399536132813 0.101455688476563 0.0336189270019531 0.0132026672363281
0.128753662109375 0.0475921630859375 0.0907058715820313 0.0602951049804687
0.103866577148438 -0.0362625122070313 0.126167297363281 -0.0172119140625
0.0594863891601563 -0.0734481811523438 0.0851516723632813 -0.0831375122070313
-0.00885009765625 -0.0861129760742188 0.00337982177734374 -0.110321044921875
-0.0509719848632813 -0.0769805908203125 -0.04815673828125 -0.0751876831054688
-0.043243408203125 -0.0743179321289063 -0.0424118041992188 -0.0298919677734375
-0.05810546875 -0.0748825073242188 -0.0400276184082031 -0.0139427185058594
-0.0341415405273438 -0.0850448608398438 -0.0456504821777344 -0.00126266479492187
0.0174636840820313 -0.100189208984375 -0.0498619079589844 0.000606536865234374
0.0784912109375 -0.0808334350585938 -0.0605049133300781 -0.0312347412109375
0.139617919921875 0.0121536254882812 -0.0527000427246094 -0.0612945556640625
0.137763977050781 0.0841217041015625 -0.0372695922851563 -0.0835342407226563
0.088592529296875 0.163681030273438 -0.0266914367675781 -0.0547103881835937
0.0344696044921875 0.192153930664062 0.0952529907226563 -0.0193099975585937
0.0731201171875 0.145050048828125 0.0500297546386719 0.0552825927734375
0.147735595703125 0.0925750732421875 0.0871734619140625 0.0868148803710938
0.140655517578125 -0.0231475830078125 0.122444152832031 0.0145111083984375
0.08880615234375 -0.0847396850585938 0.0905380249023438 -0.0478286743164063
-0.00171661376953124 -0.11187744140625 0.01910400390625 -0.0794219970703125
-0.055694580078125 -0.0978469848632812 -0.0242767333984375 -0.0478935241699219
-0.0499038696289062 -0.0919876098632813 -0.0203170776367188 -0.00414276123046876
-0.0706405639648437 -0.0932388305664063 -0.0180435180664063 0.0114841461181641
-0.0422515869140625 -0.10321044921875 -0.0313930511474609 0.0277366638183594
0.0194625854492187 -0.118118286132812 -0.0399818420410156 0.0271987915039063
0.0871963500976563 -0.0911788940429687 -0.0584487915039063 -0.00679397583007812
0.148941040039063 0.01751708984375 -0.0535392761230469 -0.041778564453125
0.135948181152344 0.0947189331054688 -0.0191802978515625 -0.05859375
0.07122802734375 0.172698974609375 -0.00954532623291015 -0.000651359558105459
-0.000579833984375004 0.177001953125 0.0989913940429688 0.0516357421875
0.0414886474609375 0.157516479492187 0.05682373046875 0.100189208984375
0.131378173828125 0.120796203613281 0.0743865966796875 0.105888366699219
0.14703369140625 -0.000640869140625 0.105461120605469 0.0463409423828125
0.101509094238281 -0.0763473510742187 0.0831527709960937 -0.00897979736328125
0.00766754150390625 -0.116104125976562 0.0306434631347656 -0.0402679443359375
-0.0521697998046875 -0.102561950683594 0.00182056427001953 -0.0149421691894531
-0.0495834350585937 -0.0963287353515625 0.00563430786132812 0.0214653015136719
-0.0718536376953125 -0.0979995727539063 0.00691986083984374 0.0372161865234375
-0.0437545776367188 -0.107795715332031 -0.0130844116210938 0.0556259155273437
0.0218582153320312 -0.121086120605469 -0.0283927917480469 0.0526199340820313
0.0900802612304688 -0.087493896484375 -0.0552139282226562 0.0150947570800781
0.142959594726563 0.0273895263671875 -0.0517616271972656 -0.0265617370605469
0.114173889160156 0.102462768554688 0.00070571899414063 -0.0355873107910156
0.04132080078125 0.1640625 0.004547119140625 0.0531082153320313
-0.0320358276367188 0.128334045410156 0.0938949584960938 0.110206604003906
0.002838134765625 0.134391784667969 0.0576858520507813 0.133567810058594
0.088226318359375 0.119766235351562 0.0578079223632813 0.113548278808594
0.120735168457031 0.01824951171875 0.0823898315429688 0.0677032470703125
0.0912933349609375 -0.0549545288085938 0.0690422058105469 0.0227775573730469
0.01275634765625 -0.0992431640625 0.0383872985839844 -0.00179672241210938
-0.041168212890625 -0.0910568237304688 0.0266132354736328 0.0163383483886719
-0.0414962768554688 -0.0861129760742188 0.0290374755859375 0.0445632934570313
-0.0621414184570313 -0.089691162109375 0.0314254760742187 0.0612983703613281
-0.0368194580078125 -0.098388671875 0.004425048828125 0.0822830200195313
0.0252838134765625 -0.108856201171875 -0.0200958251953125 0.0751266479492188
0.0862960815429687 -0.0713119506835938 -0.0536231994628906 0.0340194702148437
0.122467041015625 0.041473388671875 -0.0514488220214844 -0.0145378112792969
0.07781982421875 0.105194091796875 0.0146989822387695 -0.0121603012084961
0.00279998779296874 0.138259887695313 0.00993347167968751 0.100837707519531
-0.05767822265625 0.0583572387695312 0.0826568603515625 0.145950317382813
-0.0312881469726562 0.0841827392578125 0.0538787841796875 0.150558471679688
0.0338668823242188 0.0905227661132812 0.045867919921875 0.109687805175781
0.0740432739257813 0.0257720947265625 0.0633468627929687 0.0777587890625
0.0627632141113281 -0.0275421142578125 0.0550956726074219 0.0431900024414063
0.0125160217285156 -0.0661468505859375 0.0424537658691406 0.0269126892089844
-0.0248336791992187 -0.0645980834960938 0.0454635620117188 0.0399665832519531
-0.0267982482910156 -0.062713623046875 0.0501670837402344 0.0611915588378906
-0.0417289733886719 -0.0690841674804688 0.051513671875 0.0815658569335937
-0.0229873657226563 -0.0764389038085938 0.0170745849609375 0.104827880859375
0.026947021484375 -0.0833969116210938 -0.0175018310546875 0.0943222045898438
0.0728378295898438 -0.046600341796875 -0.0577774047851562 0.0493812561035156
0.0875778198242188 0.0505294799804688 -0.0546226501464844 -0.00632476806640624
0.0312042236328125 0.0935134887695312 0.020843505859375 0.00847816467285157
-0.0362472534179688 0.0926132202148437 0.00316619873046875 0.137458801269531
0.0628662109375 -0.0203781127929688 -0.0120391845703125 -0.154861450195313
0.00225448608398438 -0.0593757629394531 -0.0232162475585938 -0.0248661041259766
-0.0442924499511719 -0.0337982177734375 0.0633583068847656 0.00954437255859375
-0.0438079833984375 0.0122604370117188 0.0830154418945313 -0.0586090087890625
-0.0199775695800781 0.0367660522460938 0.030792236328125 -0.107658386230469
0.0113983154296875 0.0433578491210938 -0.0303115844726562 -0.117904663085938
0.0143337249755859 0.0315876007080078 -0.075714111328125 -0.0921173095703125
0.0110683441162109 0.02789306640625 -0.0665130615234375 -0.0657119750976563
0.00911903381347656 0.0309600830078125 -0.0592727661132813 -0.0489425659179687
-0.0114154815673828 0.0257949829101563 -0.0498924255371094 -0.0464248657226562
-0.0282363891601563 0.00292205810546876 -0.0531730651855469 -0.04852294921875
-0.0186443328857422 -0.0326709747314453 -0.0551528930664062 -0.0773239135742188
0.0237998962402344 -0.0460090637207031 -0.0382766723632813 -0.114372253417969
0.0613136291503906 -0.0240745544433594 -0.055389404296875 -0.147720336914063
0.0792922973632812 0.0109329223632812 -0.0697174072265625 -0.163665771484375
0.083526611328125 0.0490188598632813 0.0141448974609375 -0.158798217773437
0.0434455871582031 -0.0167083740234375 -0.00994110107421875 -0.029510498046875
0.0145912170410156 -0.0240268707275391 0.0745010375976563 0.0168914794921875
-0.00398731231689453 -0.0146331787109375 0.0983657836914063 -0.0583953857421875
-0.00298357009887695 -0.00411701202392578 0.0460739135742187 -0.114425659179688
-0.00307798385620117 0.00110435485839844 -0.028289794921875 -0.127784729003906
-0.0136442184448242 -0.00375843048095703 -0.0780487060546875 -0.09637451171875
-0.0111083984375 -0.00759410858154297 -0.0676345825195313 -0.0617790222167969
-0.0154972076416016 -0.00710678100585938 -0.0617141723632813 -0.046234130859375
-0.0154199600219727 -0.0153255462646484 -0.0542259216308594 -0.0410079956054687
-0.00407791137695313 -0.0322837829589844 -0.0546188354492188 -0.0412254333496094
0.0259742736816406 -0.04437255859375 -0.0562820434570313 -0.070159912109375
0.0708541870117188 -0.0132293701171875 -0.04278564453125 -0.100456237792969
0.0937652587890625 0.0263671875 -0.05670166015625 -0.131340026855469
0.0917510986328125 0.0784530639648438 -0.0582733154296875 -0.143539428710937
0.0869064331054688 0.116653442382813 0.0457382202148438 -0.136001586914063
0.0756759643554687 0.0397796630859375 0.0106954574584961 -0.0170354843139648
0.0780792236328125 0.00121307373046875 0.0858917236328125 0.033233642578125
0.0482635498046875 -0.0347442626953125 0.115310668945312 -0.04595947265625
0.0238037109375 -0.0452766418457031 0.065277099609375 -0.107803344726563
-0.01226806640625 -0.04473876953125 -0.0174102783203125 -0.126472473144531
-0.0382728576660156 -0.0409317016601563 -0.0695877075195313 -0.0899276733398438
-0.0312767028808594 -0.0432929992675781 -0.0590896606445312 -0.0482215881347656
-0.0399131774902344 -0.0431900024414062 -0.0552406311035156 -0.0322265625
-0.0252113342285156 -0.0533828735351563 -0.0542030334472656 -0.0235939025878906
0.0095977783203125 -0.0687370300292969 -0.0553512573242188 -0.0219230651855469
0.0573654174804687 -0.0634803771972656 -0.0614738464355469 -0.0527992248535156
0.11138916015625 0.00243377685546875 -0.05078125 -0.0817031860351563
0.12255859375 0.059295654296875 -0.052398681640625 -0.108108520507813
0.0982589721679687 0.129676818847656 -0.0456466674804687 -0.104682922363281
0.0709991455078125 0.167709350585938 0.0731048583984375 -0.0879058837890625
0.0881423950195313 0.0983963012695313 0.0319232940673828 0.0125885009765625
0.130294799804687 0.041778564453125 0.0937118530273438 0.0580291748046875
0.101585388183594 -0.0401687622070313 0.125732421875 -0.0213546752929688
0.0568084716796875 -0.0754165649414063 0.0817489624023437 -0.0856246948242187
-0.0124435424804688 -0.0850067138671875 -0.00111389160156251 -0.109580993652344
-0.0535736083984375 -0.0734100341796875 -0.0509185791015625 -0.0721282958984375
-0.0457305908203125 -0.0721359252929688 -0.0419998168945313 -0.0275192260742187
-0.0610733032226562 -0.0712127685546875 -0.0403518676757813 -0.010986328125
-0.0366744995117187 -0.0818405151367187 -0.0460319519042969 0.00172042846679686
0.0136871337890625 -0.0991058349609375 -0.0505027770996094 0.00264358520507813
0.0753097534179688 -0.0838394165039062 -0.0625877380371094 -0.0291366577148437
0.13909912109375 0.0061187744140625 -0.0557785034179688 -0.0607528686523437
0.138687133789062 0.076934814453125 -0.0407333374023437 -0.0824966430664063
0.0945587158203125 0.159133911132812 -0.0283584594726562 -0.0552101135253906
0.04229736328125 0.189605712890625 0.0916671752929688 -0.0225601196289062
0.07757568359375 0.142257690429688 0.0487022399902344 0.0531387329101563
0.1519775390625 0.0855712890625 0.0899276733398438 0.08465576171875
0.1387939453125 -0.0273971557617188 0.123306274414063 0.0113754272460937
0.0858078002929688 -0.0879440307617188 0.0885009765625 -0.05078125
-0.00624084472656251 -0.11004638671875 0.0153579711914063 -0.0792617797851562
-0.0598678588867187 -0.0938339233398438 -0.0260276794433594 -0.0455474853515625
-0.0543670654296875 -0.0900039672851562 -0.0190105438232422 -0.0027141571044922
-0.0738449096679687 -0.0880279541015625 -0.0178565979003906 0.0135726928710937
-0.0461807250976563 -0.0992584228515625 -0.0301055908203125 0.0301895141601562
0.013671875 -0.118217468261719 -0.0393486022949219 0.0296630859375
0.0827255249023438 -0.09417724609375 -0.0593948364257812 -0.00526428222656251
0.1490478515625 0.01068115234375 -0.0560188293457031 -0.0406303405761719
0.137405395507813 0.0885467529296875 -0.0221633911132812 -0.0584640502929688
0.0777740478515625 0.169235229492188 -0.00938129425048827 -0.00130939483642577
0.0067901611328125 0.17535400390625 0.0980682373046875 0.0476760864257813
0.047149658203125 0.154861450195313 0.0577392578125 0.0963211059570313
0.137176513671875 0.114128112792969 0.0785140991210938 0.104347229003906
0.145401000976563 -0.0063018798828125 0.107643127441406 0.0421371459960938
0.098358154296875 -0.0810012817382813 0.083251953125 -0.012847900390625
0.00189971923828126 -0.11517333984375 0.0277061462402344 -0.0405654907226563
-0.057769775390625 -0.0990447998046875 0.00108528137207031 -0.0139017105102539
-0.0539169311523438 -0.09307861328125 0.00735092163085937 0.0218238830566406
-0.0755615234375 -0.0927734375 0.00867080688476562 0.0384864807128906
-0.047271728515625 -0.1031494140625 -0.0106010437011719 0.0574417114257812
0.0158538818359375 -0.121101379394531 -0.0266990661621094 0.0541267395019531
0.08538818359375 -0.0910720825195312 -0.0552291870117187 0.0166244506835937
0.143402099609375 0.0210113525390625 -0.0535507202148437 -0.0252952575683594
0.117050170898438 0.0970382690429687 -0.00167083740234374 -0.0361557006835937
0.0478973388671875 0.161880493164063 0.00656890869140625 0.0508918762207031
-0.0269012451171875 0.129409790039063 0.09600830078125 0.1055908203125
0.00756072998046874 0.133369445800781 0.0602340698242188 0.130813598632813
0.0933456420898438 0.115142822265625 0.0623016357421875 0.111915588378906
0.120124816894531 0.0124053955078125 0.0850067138671875 0.06475830078125
0.0884857177734375 -0.0591964721679687 0.0695762634277344 0.0199317932128906
0.0077667236328125 -0.0984344482421875 0.0371894836425781 -0.00318908691406251
-0.0463027954101563 -0.08740234375 0.0270652770996094 0.0160007476806641
-0.0454254150390625 -0.0832748413085938 0.0319595336914063 0.0433616638183594
-0.065765380859375 -0.0851211547851563 0.03411865234375 0.0613327026367188
-0.0411529541015625 -0.0948104858398438 0.00775146484374999 0.0828399658203125
0.0197219848632813 -0.109352111816406 -0.0175933837890625 0.0757827758789063
0.0816497802734375 -0.07452392578125 -0.0528945922851562 0.0359153747558594
0.123252868652344 0.0355758666992187 -0.0527191162109375 -0.0132484436035156
0.0810546875 0.100738525390625 0.0135889053344727 -0.0145149230957031
0.00946807861328126 0.137008666992188 0.0135040283203125 0.098907470703125
-0.0543937683105469 0.0598678588867187 0.085693359375 0.141815185546875
-0.0273056030273438 0.0848007202148438 0.058685302734375 0.147445678710938
0.0373992919921875 0.087432861328125 0.0493927001953125 0.108200073242187
0.0740432739257813 0.0212936401367188 0.0654678344726563 0.074859619140625
0.0612869262695313 -0.0305824279785156 0.0566902160644531 0.0404052734375
0.00921630859375 -0.0656661987304688 0.043121337890625 0.0246696472167969
-0.0281791687011719 -0.0622215270996094 0.0467567443847656 0.0385360717773437
-0.0295677185058594 -0.0604476928710938 0.0525054931640625 0.0585556030273437
-0.0444374084472656 -0.0657196044921875 0.0547409057617188 0.0794525146484375
-0.0269851684570313 -0.0732879638671875 0.0211410522460938 0.104263305664063
0.0224533081054687 -0.0834884643554688 -0.0145034790039062 0.0944900512695312
0.0697288513183594 -0.0496177673339844 -0.0558280944824219 0.0506515502929688
0.0887908935546875 0.0460586547851563 -0.0551376342773438 -0.00529479980468749
0.0347747802734375 0.0913772583007812 0.0206508636474609 0.00627517700195313
-0.0316085815429688 0.0939559936523437 0.00830078125000001 0.135658264160156
0.0612449645996094 -0.022064208984375 -0.0149993896484375 -0.153610229492188
0.000453948974609373 -0.0579605102539063 -0.0237560272216797 -0.0228061676025391
-0.0450057983398438 -0.0320053100585938 0.0636558532714844 0.00843429565429688
-0.0436973571777344 0.0134849548339844 0.0828781127929688 -0.0595245361328125
-0.0186996459960937 0.0370826721191406 0.0302047729492187 -0.106979370117188
0.0134773254394531 0.041839599609375 -0.031646728515625 -0.117713928222656
0.0159225463867188 0.0301895141601563 -0.076904296875 -0.0913619995117187
0.0119533538818359 0.0273246765136719 -0.06719970703125 -0.0645523071289063
0.00955581665039062 0.0296058654785156 -0.0596427917480469 -0.047943115234375
-0.00958633422851563 0.025604248046875 -0.0506134033203125 -0.0460014343261719
-0.0266399383544922 0.00441741943359375 -0.05413818359375 -0.048797607421875
-0.0193195343017578 -0.0318107604980469 -0.0566787719726563 -0.07647705078125
0.0224342346191406 -0.0453987121582031 -0.0397109985351562 -0.113433837890625
0.0609359741210938 -0.0244331359863281 -0.05657958984375 -0.146148681640625
0.0786361694335938 0.00861358642578125 -0.071380615234375 -0.162155151367188
0.0835647583007813 0.0468215942382813 0.0105133056640625 -0.15771484375
0.0429039001464844 -0.0164642333984375 -0.0117263793945312 -0.0271549224853516
0.0136489868164062 -0.0240516662597656 0.0748214721679688 0.016265869140625
-0.00426006317138672 -0.0140724182128906 0.0972671508789062 -0.0586776733398438
-0.00255799293518066 -0.00365209579467773 0.0443572998046875 -0.11383056640625
-0.00248789787292481 0.000916481018066406 -0.0296401977539063 -0.126495361328125
-0.0132904052734375 -0.00367450714111328 -0.0792770385742187 -0.0943603515625
-0.0110673904418945 -0.00850009918212891 -0.0681381225585937 -0.0606727600097656
-0.0150871276855469 -0.00768756866455078 -0.0620880126953125 -0.0448837280273438
-0.0143270492553711 -0.0151481628417969 -0.055145263671875 -0.0401344299316406
-0.00365638732910156 -0.0317878723144531 -0.0558929443359375 -0.0405082702636719
0.0254478454589844 -0.0442962646484375 -0.05865478515625 -0.0697669982910156
0.0695648193359375 -0.013641357421875 -0.0446929931640625 -0.100013732910156
0.092803955078125 0.0249557495117188 -0.0575637817382812 -0.130767822265625
0.0923080444335938 0.0760269165039063 -0.060089111328125 -0.142730712890625
0.0884017944335938 0.113960266113281 0.0414657592773438 -0.135612487792969
0.0752716064453125 0.0389251708984375 0.00814628601074219 -0.015533447265625
0.0778350830078125 0.00090789794921875 0.0872955322265625 0.0330963134765625
0.0467453002929687 -0.0346336364746094 0.114738464355469 -0.0469589233398438
0.0233612060546875 -0.0455207824707031 0.0637359619140625 -0.108795166015625
-0.0118598937988281 -0.0437278747558594 -0.0189971923828125 -0.124771118164063
-0.0383415222167969 -0.0398941040039063 -0.0704345703125 -0.0878219604492188
-0.0319099426269531 -0.0431442260742187 -0.0589027404785156 -0.0475654602050781
-0.040557861328125 -0.0420761108398438 -0.0555000305175781 -0.0309257507324219
-0.024932861328125 -0.052001953125 -0.0545730590820312 -0.0220756530761719
0.00878906249999999 -0.0676383972167969 -0.0558738708496094 -0.02166748046875
0.0565109252929688 -0.0638504028320313 -0.0630874633789063 -0.0529289245605469
0.110816955566406 0.00025177001953125 -0.0521316528320312 -0.0820693969726563
0.121376037597656 0.0569305419921875 -0.0540618896484375 -0.107666015625
0.0998306274414062 0.127784729003906 -0.047271728515625 -0.10498046875
0.0740966796875 0.166015625 0.0694732666015625 -0.0884628295898437
0.0886154174804688 0.0972137451171875 0.0295600891113281 0.0133991241455078
0.130836486816406 0.0402374267578125 0.0950546264648438 0.0584564208984375
0.100196838378906 -0.0412521362304688 0.126068115234375 -0.0225982666015625
0.0552139282226563 -0.077362060546875 0.0801010131835937 -0.086700439453125
-0.013641357421875 -0.0837783813476563 -0.00307464599609375 -0.108558654785156
-0.0549087524414063 -0.0709381103515625 -0.0511627197265625 -0.0700302124023438
-0.047088623046875 -0.0712051391601563 -0.040802001953125 -0.0267066955566406
-0.0617866516113281 -0.0697860717773438 -0.040374755859375 -0.00993728637695313
-0.03753662109375 -0.0803680419921875 -0.0458488464355469 0.003326416015625
0.0117111206054688 -0.0982589721679688 -0.0510406494140625 0.00396347045898436
0.073394775390625 -0.0844879150390625 -0.064605712890625 -0.029144287109375
0.138557434082031 0.00363922119140625 -0.0577735900878906 -0.060760498046875
0.138465881347656 0.0745925903320313 -0.0425643920898437 -0.0827560424804688
0.0968475341796875 0.157363891601563 -0.0293807983398438 -0.0551033020019531
0.0448455810546875 0.188018798828125 0.0888900756835938 -0.0244064331054687
0.0783233642578125 0.141311645507812 0.0469284057617188 0.0529518127441406
0.153594970703125 0.0834197998046875 0.0927352905273438 0.0846099853515625
0.137199401855469 -0.0296249389648438 0.124000549316406 0.00997161865234375
0.0841827392578125 -0.090118408203125 0.087615966796875 -0.0521697998046875
-0.00820922851562499 -0.108650207519531 0.0134735107421875 -0.078094482421875
-0.0622634887695312 -0.0910568237304688 -0.0260696411132813 -0.0444107055664063
-0.055908203125 -0.0882492065429687 -0.0176010131835938 -0.00251007080078125
-0.0753326416015625 -0.0856857299804688 -0.0174169540405273 0.0147256851196289
-0.0477447509765625 -0.096099853515625 -0.0293636322021484 0.0316715240478516
0.0111541748046875 -0.117279052734375 -0.0392875671386719 0.0297966003417969
0.08026123046875 -0.094818115234375 -0.0609703063964844 -0.00469207763671877
0.148513793945313 0.00750732421875 -0.0575485229492187 -0.0408401489257813
0.137138366699219 0.0856781005859375 -0.0235671997070312 -0.05908203125
0.0806732177734375 0.168045043945313 -0.00974655151367187 -0.00217533111572264
0.00994873046874999 0.175064086914063 0.0961761474609375 0.045745849609375
0.0479583740234375 0.154525756835938 0.0569839477539062 0.0955276489257813
0.139083862304688 0.11199951171875 0.080535888671875 0.104248046875
0.144943237304688 -0.0087127685546875 0.108650207519531 0.0412979125976563
0.09625244140625 -0.0833587646484375 0.082733154296875 -0.0138015747070313
-0.000144958496093743 -0.112861633300781 0.0269584655761719 -0.0393562316894531
-0.0591964721679687 -0.0955429077148438 0.00149345397949219 -0.012782096862793
-0.0556564331054688 -0.0920944213867187 0.00829124450683594 0.0218067169189453
-0.0770645141601563 -0.0899581909179687 0.00956344604492187 0.0387916564941406
-0.04986572265625 -0.0996780395507813 -0.00958633422851562 0.0586471557617187
0.012786865234375 -0.119842529296875 -0.0260581970214844 0.0540924072265625
0.0824508666992187 -0.0925140380859375 -0.0561408996582031 0.0173873901367187
0.143569946289063 0.0180816650390625 -0.055084228515625 -0.0257415771484375
0.116973876953125 0.0948028564453125 -0.00324249267578124 -0.0375404357910156
0.0503997802734375 0.161056518554688 0.00687408447265625 0.0502090454101563
-0.0248489379882813 0.129562377929688 0.094879150390625 0.103675842285156
0.00955963134765626 0.133674621582031 0.0597686767578125 0.128707885742188
0.0961990356445313 0.112968444824219 0.0634689331054688 0.111152648925781
0.119949340820313 0.010467529296875 0.08624267578125 0.0633697509765625
0.0873641967773438 -0.0609359741210938 0.070159912109375 0.0190467834472656
0.00504302978515624 -0.0970611572265625 0.0361785888671875 -0.00285720825195313
-0.0482025146484375 -0.08441162109375 0.0272331237792969 0.0162410736083984
-0.0473251342773437 -0.0816116333007813 0.0336837768554688 0.0428695678710937
-0.0674972534179688 -0.0820999145507812 0.0340957641601562 0.0611724853515625
-0.0432510375976562 -0.0917739868164062 0.00881195068359375 0.0831832885742188
0.0161819458007813 -0.108497619628906 -0.0163345336914062 0.0756912231445313
0.0796737670898438 -0.0759811401367188 -0.0536384582519531 0.0362014770507812
0.123420715332031 0.0327606201171875 -0.0539016723632812 -0.0136451721191406
0.0819778442382812 0.0987548828125 0.0125436782836914 -0.0162382125854492
0.0118865966796875 0.136688232421875 0.0152130126953125 0.0971908569335938
-0.0535316467285156 0.0612945556640625 0.0866241455078125 0.139846801757813
-0.0257034301757813 0.0852813720703125 0.05902099609375 0.145721435546875
0.0409317016601563 0.086578369140625 0.0502548217773437 0.108001708984375
0.0740280151367188 0.0206146240234375 0.0674057006835938 0.0740203857421875
0.0603294372558594 -0.0323410034179688 0.0572853088378906 0.0398139953613281
0.00695800781249999 -0.0647773742675781 0.0427322387695313 0.0247459411621094
-0.03009033203125 -0.0605354309082031 0.0473213195800781 0.0377845764160156
-0.0316085815429688 -0.0598335266113281 0.0543708801269531 0.0582199096679687
-0.0468177795410156 -0.0635871887207031 0.0554656982421875 0.0793380737304688
-0.0286331176757813 -0.0711212158203125 0.0224533081054687 0.103904724121094
0.0191268920898438 -0.0836257934570313 -0.01312255859375 0.09417724609375
0.0680160522460938 -0.0506935119628906 -0.0556869506835937 0.0513381958007813
0.08953857421875 0.0440750122070313 -0.0558738708496094 -0.00545120239257811
0.0364913940429688 0.0904006958007813 0.0197353363037109 0.00404548645019532
-0.0295486450195313 0.0937423706054688 0.0101699829101562 0.133407592773438
0.0621566772460937 -0.0234947204589844 -0.01629638671875 -0.155517578125
0.000415802001953119 -0.0587196350097656 -0.0242938995361328 -0.0210113525390625
-0.0458831787109375 -0.0308837890625 0.0656700134277344 0.00890731811523437
-0.0441474914550781 0.0152206420898438 0.0852584838867187 -0.0598831176757812
-0.0186271667480469 0.0383529663085938 0.031341552734375 -0.108665466308594
0.0145187377929687 0.0417861938476563 -0.0316619873046875 -0.119880676269531
0.0180034637451172 0.0298442840576172 -0.0782470703125 -0.09283447265625
0.0123195648193359 0.02642822265625 -0.068878173828125 -0.0660285949707031
0.0100040435791016 0.0284156799316406 -0.0615806579589844 -0.0493278503417969
-0.00804519653320313 0.0248928070068359 -0.0517425537109375 -0.047088623046875
-0.0258922576904297 0.00497627258300781 -0.0559768676757812 -0.050262451171875
-0.0205497741699219 -0.0318984985351563 -0.0586929321289063 -0.0782318115234375
0.0218429565429687 -0.0453834533691406 -0.0394439697265625 -0.115219116210938
0.0609550476074219 -0.0248260498046875 -0.056396484375 -0.14862060546875
0.079132080078125 0.007415771484375 -0.071624755859375 -0.164901733398438
0.0849456787109375 0.0464248657226563 0.00875854492187501 -0.159942626953125
0.0425186157226562 -0.0163230895996094 -0.0122451782226563 -0.0252723693847656
0.0144367218017578 -0.0234260559082031 0.076690673828125 0.0168914794921875
-0.004547119140625 -0.0132942199707031 0.100387573242188 -0.0595932006835938
-0.00254034996032715 -0.00378274917602539 0.0457763671875 -0.115280151367187
-0.00215280055999756 0.000725984573364258 -0.0298614501953125 -0.128898620605469
-0.0123558044433594 -0.00358772277832031 -0.0803756713867188 -0.0954513549804688
-0.0108051300048828 -0.009307861328125 -0.0686302185058594 -0.0620460510253906
-0.0146799087524414 -0.00858783721923828 -0.0631904602050781 -0.0458564758300781
-0.0134859085083008 -0.0153589248657227 -0.0565605163574219 -0.0405731201171875
-0.00325202941894531 -0.0316658020019531 -0.0573348999023438 -0.0414276123046875
0.0252761840820313 -0.0443992614746094 -0.0604782104492187 -0.0714340209960938
0.0701332092285156 -0.0138015747070313 -0.0454559326171875 -0.102058410644531
0.0936279296875 0.0252456665039062 -0.057891845703125 -0.133087158203125
0.0935516357421875 0.0766983032226563 -0.0609893798828125 -0.145797729492187
0.0902938842773438 0.115005493164062 0.0399856567382813 -0.137802124023438
0.0752716064453125 0.0405426025390625 0.00704765319824219 -0.0140495300292969
0.0792922973632813 0.00046539306640625 0.0899200439453125 0.0340499877929687
0.0473861694335937 -0.0346565246582031 0.117103576660156 -0.0479049682617187
0.0234527587890625 -0.0468788146972656 0.0653152465820313 -0.110420227050781
-0.0120582580566406 -0.0437660217285156 -0.0199432373046875 -0.126693725585938
-0.0380783081054688 -0.0396461486816406 -0.0714492797851563 -0.0887985229492188
-0.0322990417480469 -0.0439300537109375 -0.0593719482421875 -0.0487022399902344
-0.0406532287597656 -0.0433006286621094 -0.0561294555664063 -0.0311927795410156
-0.0240821838378906 -0.052337646484375 -0.0552215576171875 -0.0218696594238281
0.00885009765625 -0.0682220458984375 -0.0577583312988281 -0.0216484069824219
0.0571823120117188 -0.0650558471679688 -0.0655670166015625 -0.0539741516113281
0.112014770507813 0.0006103515625 -0.053619384765625 -0.0833587646484375
0.12237548828125 0.0577774047851563 -0.0552978515625 -0.110160827636719
0.100982666015625 0.129310607910156 -0.0475006103515625 -0.106910705566406
0.0749969482421875 0.168182373046875 0.0685806274414063 -0.090179443359375
0.0895156860351563 0.100013732910156 0.0284519195556641 0.0149269104003906
0.13348388671875 0.0406494140625 0.0980072021484375 0.0600357055664063
0.101882934570313 -0.0416793823242188 0.128097534179688 -0.0227813720703125
0.0560379028320313 -0.0793533325195313 0.0815811157226563 -0.088409423828125
-0.0137786865234375 -0.0839004516601562 -0.00353240966796874 -0.109283447265625
-0.0557479858398437 -0.0704803466796875 -0.0520248413085937 -0.0706024169921875
-0.048858642578125 -0.0723342895507813 -0.0410537719726563 -0.0268707275390625
-0.062896728515625 -0.0700187683105469 -0.0402793884277344 -0.00910949707031251
-0.0374298095703125 -0.0800323486328125 -0.0462875366210937 0.00425338745117187
0.0114288330078125 -0.0988922119140625 -0.0525131225585938 0.00398254394531249
0.07452392578125 -0.0857086181640625 -0.067352294921875 -0.0297393798828125
0.140701293945313 0.00408935546875 -0.0599288940429687 -0.06231689453125
0.140098571777344 0.0758056640625 -0.04339599609375 -0.0852737426757813
0.098724365234375 0.160186767578125 -0.0297966003417969 -0.0577735900878906
0.046234130859375 0.190902709960938 0.0879745483398438 -0.024139404296875
0.0784454345703125 0.144515991210938 0.0452537536621094 0.0550765991210938
0.157150268554688 0.084228515625 0.0953216552734375 0.087371826171875
0.139549255371094 -0.0300369262695312 0.126678466796875 0.0100631713867188
0.0852890014648438 -0.092742919921875 0.0897750854492188 -0.0531539916992188
-0.00839996337890626 -0.1090087890625 0.0134124755859375 -0.0781707763671875
-0.0637588500976562 -0.090606689453125 -0.0262794494628906 -0.0441131591796875
-0.0573272705078125 -0.0899276733398437 -0.0168752670288086 -0.00185298919677735
-0.0771331787109375 -0.0858306884765625 -0.0173110961914063 0.0164947509765625
-0.0480499267578125 -0.096466064453125 -0.0299072265625 0.0327301025390625
0.0108489990234375 -0.118125915527344 -0.0403900146484375 0.0304603576660156
0.081512451171875 -0.0969924926757813 -0.063873291015625 -0.00522994995117188
0.151092529296875 0.008087158203125 -0.0604324340820312 -0.0427932739257813
0.138763427734375 0.0866470336914063 -0.0250244140625 -0.0609588623046875
0.0825042724609375 0.1710205078125 -0.00974369049072265 -0.00335502624511718
0.0106048583984375 0.177993774414063 0.0963134765625 0.0462493896484375
0.0477752685546875 0.157394409179688 0.055267333984375 0.09796142578125
0.142578125 0.11328125 0.0826492309570313 0.106796264648438
0.146743774414063 -0.00927734375 0.1102294921875 0.0418853759765625
0.0977783203125 -0.0858154296875 0.0841903686523438 -0.013885498046875
-0.00057983398437499 -0.114044189453125 0.0264663696289063 -0.03997802734375
-0.0612564086914063 -0.0955047607421875 0.00181770324707031 -0.0122518539428711
-0.0572662353515625 -0.0925674438476562 0.0103282928466797 0.022491455078125
-0.0792694091796875 -0.089752197265625 0.0097808837890625 0.0408592224121094
-0.0508346557617188 -0.099609375 -0.00926971435546875 0.0611381530761719
0.0109481811523437 -0.12200927734375 -0.0272712707519531 0.05535888671875
0.0830001831054688 -0.0932083129882813 -0.0584945678710938 0.0170440673828125
0.1455078125 0.0182342529296875 -0.0577354431152344 -0.0263328552246094
0.118385314941406 0.0957107543945313 -0.00408935546875 -0.0389862060546875
0.05206298828125 0.163925170898437 0.00658416748046875 0.0498275756835938
-0.0249252319335938 0.131820678710938 0.0946044921875 0.105621337890625
0.00986480712890625 0.136085510253906 0.0583572387695312 0.130722045898438
0.0992279052734375 0.114219665527344 0.0655059814453125 0.114028930664063
0.121833801269531 0.00984954833984375 0.0882568359375 0.0641937255859375
0.088226318359375 -0.0635223388671875 0.071624755859375 0.019287109375
0.00484466552734375 -0.0976409912109375 0.0361518859863281 -0.00233459472656251
-0.050323486328125 -0.0838470458984375 0.0280685424804687 0.0164108276367187
-0.04913330078125 -0.0823974609375 0.0357475280761719 0.0435981750488281
-0.0690383911132813 -0.0827789306640625 0.0357666015625 0.0630531311035156
-0.0442276000976563 -0.0914764404296875 0.00900268554687499 0.0857772827148438
0.0151443481445312 -0.110176086425781 -0.0172882080078125 0.0765457153320313
0.0800552368164063 -0.0773391723632813 -0.0552597045898438 0.0365180969238281
0.1253662109375 0.0323638916015625 -0.0561065673828125 -0.0141181945800781
0.0824432373046875 0.0995559692382813 0.0117225646972656 -0.0179576873779297
0.0125198364257812 0.139106750488281 0.0152511596679687 0.0975570678710938
-0.0537300109863281 0.0635757446289063 0.0867156982421875 0.142715454101563
-0.02532958984375 0.086517333984375 0.05792236328125 0.147567749023438
0.0425491333007812 0.0872955322265625 0.0514450073242188 0.109931945800781
0.0745086669921875 0.019439697265625 0.0688934326171875 0.0755767822265625
0.0608940124511719 -0.0344352722167969 0.0587043762207031 0.0405540466308594
0.00652313232421875 -0.0650291442871094 0.0428581237792969 0.0259170532226562
-0.031982421875 -0.0589141845703125 0.048736572265625 0.0387458801269531
-0.0338363647460937 -0.0595626831054688 0.0561561584472656 0.0591049194335937
-0.04779052734375 -0.0632247924804687 0.0572280883789063 0.081146240234375
-0.03033447265625 -0.0712127685546875 0.0236587524414063 0.106285095214844
0.0179595947265625 -0.0845489501953125 -0.014434814453125 0.09539794921875
0.0683555603027344 -0.0518722534179688 -0.0569839477539062 0.0516586303710937
0.0908966064453125 0.0441665649414063 -0.0582809448242187 -0.00613021850585938
0.0369033813476563 0.0915451049804688 0.0197868347167969 0.00232696533203126
-0.0292510986328125 0.0949554443359375 0.0107269287109375 0.134651184082031
0.0631294250488281 -0.0259819030761719 -0.0202789306640625 -0.160507202148438
-0.00100326538085937 -0.0600967407226563 -0.0256271362304688 -0.0200576782226563
-0.0476226806640625 -0.0306510925292969 0.0685920715332031 0.00905609130859375
-0.0455894470214844 0.016754150390625 0.08837890625 -0.063079833984375
-0.0185890197753906 0.0403861999511719 0.0329818725585937 -0.11260986328125
0.0160026550292969 0.0426445007324219 -0.0332870483398438 -0.124755859375
0.0199947357177734 0.0294113159179688 -0.0822601318359375 -0.095672607421875
0.01361083984375 0.0265846252441406 -0.073211669921875 -0.0689010620117188
0.01104736328125 0.0283660888671875 -0.0640907287597656 -0.0507736206054688
-0.00726890563964844 0.0247344970703125 -0.0546150207519531 -0.0486412048339844
-0.0256633758544922 0.00534439086914062 -0.0591011047363281 -0.0518608093261719
-0.021087646484375 -0.0321502685546875 -0.0620803833007812 -0.08160400390625
0.0219841003417969 -0.0473518371582031 -0.040802001953125 -0.119255065917969
0.0625991821289063 -0.0257453918457031 -0.0590972900390625 -0.154617309570313
0.08203125 0.00608062744140625 -0.076171875 -0.171188354492188
0.088134765625 0.04656982421875 0.00601196289062501 -0.164794921875
0.0435028076171875 -0.0164985656738281 -0.0139980316162109 -0.0244731903076172
0.0146751403808594 -0.0235977172851562 0.081085205078125 0.0172653198242188
-0.00452995300292969 -0.0126285552978516 0.104408264160156 -0.0627975463867188
-0.00290322303771973 -0.00423359870910645 0.047515869140625 -0.119804382324219
-0.000891566276550293 0.000711441040039062 -0.0316925048828125 -0.133491516113281
-0.0118322372436523 -0.00454044342041016 -0.0849761962890625 -0.0985946655273438
-0.0114021301269531 -0.0100173950195313 -0.0723114013671875 -0.0644760131835938
-0.0153427124023438 -0.00947093963623047 -0.0663871765136719 -0.0474967956542969
-0.0133419036865234 -0.016413688659668 -0.0591392517089844 -0.0423049926757813
-0.0023193359375 -0.0321483612060547 -0.0605392456054688 -0.0437812805175781
0.0261726379394531 -0.045867919921875 -0.06512451171875 -0.0744094848632813
0.0718154907226563 -0.0147781372070313 -0.0476837158203125 -0.106666564941406
0.0964202880859375 0.0250930786132813 -0.0612258911132812 -0.138626098632812
0.0971832275390625 0.0782012939453125 -0.0647430419921875 -0.152191162109375
0.0945587158203125 0.118423461914063 0.0381622314453125 -0.142837524414063
0.0782928466796875 0.0425186157226563 0.00563621520996094 -0.0125408172607422
0.0827865600585938 0.0003204345703125 0.095001220703125 0.0354690551757812
0.0490608215332031 -0.0354881286621094 0.122596740722656 -0.0505905151367188
0.0236320495605469 -0.0488700866699219 0.0669937133789063 -0.115036010742188
-0.0127792358398437 -0.0452117919921875 -0.0210494995117187 -0.130935668945313
-0.0395164489746094 -0.040252685546875 -0.07501220703125 -0.09075927734375
-0.0339126586914063 -0.0457382202148438 -0.0614471435546875 -0.0500564575195312
-0.0424880981445312 -0.0449295043945313 -0.0593605041503906 -0.0316886901855469
-0.0247077941894531 -0.0541038513183594 -0.0581169128417969 -0.0222320556640625
0.00916290283203126 -0.0701637268066406 -0.0612106323242188 -0.0226249694824219
0.059478759765625 -0.0677146911621094 -0.0704879760742187 -0.0564498901367188
0.116401672363281 -9.918212890625E-05 -0.0572967529296875 -0.087799072265625
0.126075744628906 0.0589370727539062 -0.0583343505859375 -0.115043640136719
0.10626220703125 0.133636474609375 -0.0510711669921875 -0.112030029296875
0.0805511474609375 0.173660278320312 0.0680770874023438 -0.0936737060546875
0.0933685302734375 0.104438781738281 0.0266036987304688 0.0170650482177734
0.140213012695313 0.0408782958984375 0.10369873046875 0.0614013671875
0.104789733886719 -0.043914794921875 0.133674621582031 -0.0243377685546875
0.0576858520507813 -0.0835037231445313 0.0846633911132813 -0.0916061401367188
-0.0145339965820313 -0.0859146118164063 -0.004241943359375 -0.112861633300781
-0.0582962036132813 -0.0720672607421875 -0.0546951293945313 -0.0725784301757813
-0.0508956909179688 -0.0748825073242188 -0.0423507690429688 -0.02764892578125
-0.0657577514648438 -0.0717620849609375 -0.0417442321777344 -0.00873184204101562
-0.0388336181640625 -0.081939697265625 -0.0482254028320313 0.00581741333007811
0.0111312866210937 -0.102645874023438 -0.0552330017089844 0.00474166870117187
0.0766372680664063 -0.0891494750976563 -0.07244873046875 -0.03216552734375
0.146621704101563 0.00262451171875 -0.0637435913085937 -0.0650787353515625
0.14459228515625 0.077484130859375 -0.0464553833007813 -0.0888671875
0.104049682617188 0.166351318359375 -0.032501220703125 -0.060089111328125
0.0506134033203125 0.19830322265625 0.0885086059570313 -0.0262985229492187
0.0821533203125 0.1502685546875 0.0446586608886719 0.0577888488769531
0.1651611328125 0.08587646484375 0.101799011230469 0.0901641845703125
0.143905639648437 -0.0332489013671875 0.132057189941406 0.0099639892578125
0.0876235961914063 -0.0974578857421875 0.0920028686523437 -0.0560836791992188
-0.0096588134765625 -0.1121826171875 0.0129470825195313 -0.0807113647460938
-0.06671142578125 -0.091827392578125 -0.0278739929199219 -0.0446357727050781
-0.0611190795898438 -0.0925140380859375 -0.0161523818969727 -0.00207710266113282
-0.0812911987304688 -0.0877151489257813 -0.0176029205322266 0.0180530548095703
-0.05072021484375 -0.097869873046875 -0.0299453735351563 0.0358238220214844
0.00928497314453125 -0.121757507324219 -0.0429267883300781 0.0323333740234375
0.0836563110351563 -0.100914001464844 -0.0677299499511719 -0.00562286376953127
0.15740966796875 0.0061492919921875 -0.0640945434570312 -0.0441398620605469
0.144134521484375 0.089569091796875 -0.0272216796875 -0.0636558532714844
0.088226318359375 0.177505493164063 -0.0116128921508789 -0.00368213653564452
0.0128326416015625 0.185317993164063 0.0981063842773438 0.0474929809570313
0.050811767578125 0.16455078125 0.0556869506835938 0.101234436035156
0.150711059570313 0.116241455078125 0.0885696411132813 0.110649108886719
0.151535034179688 -0.010833740234375 0.115005493164063 0.0423812866210938
0.100311279296875 -0.0906143188476563 0.0873870849609375 -0.0150909423828125
-0.00206756591796874 -0.11761474609375 0.0273628234863281 -0.0406913757324219
-0.0642013549804687 -0.0963668823242188 0.00196647644042968 -0.0129499435424805
-0.0612030029296875 -0.0951919555664063 0.0118618011474609 0.0233898162841797
-0.0839767456054688 -0.0917510986328125 0.0107994079589844 0.0432929992675781
-0.0536422729492188 -0.101463317871094 -0.00973892211914063 0.0637168884277344
0.00917053222656251 -0.125450134277344 -0.0287361145019531 0.0577507019042969
0.0848388671875 -0.0977554321289062 -0.0621414184570313 0.0179710388183594
0.152236938476563 0.0173797607421875 -0.0617942810058594 -0.0277023315429687
0.12353515625 0.0982437133789063 -0.005462646484375 -0.0411834716796875
0.056915283203125 0.170303344726563 0.00697708129882813 0.0511970520019531
-0.0237503051757812 0.137557983398438 0.0974349975585938 0.109054565429688
0.01116943359375 0.142303466796875 0.0595626831054687 0.135345458984375
0.105728149414063 0.116691589355469 0.0694122314453125 0.117965698242188
0.125732421875 0.00838470458984375 0.0917892456054688 0.0661087036132813
0.0902938842773438 -0.06817626953125 0.07476806640625 0.0196609497070312
0.00372314453124999 -0.100875854492188 0.037109375 -0.00166702270507813
-0.0528335571289063 -0.0847396850585938 0.0296039581298828 0.0174160003662109
-0.0524520874023437 -0.0850677490234375 0.0384635925292969 0.0450973510742188
-0.0729598999023438 -0.083465576171875 0.0383186340332031 0.0659561157226563
-0.0470809936523437 -0.0932083129882813 0.0099945068359375 0.0896759033203125
0.0127410888671875 -0.113990783691406 -0.0182647705078125 0.0796585083007812
0.0816192626953125 -0.0817031860351563 -0.058074951171875 0.0383529663085937
0.131210327148438 0.0320587158203125 -0.0604324340820313 -0.0148086547851563
0.0863265991210937 0.102615356445312 0.0115985870361328 -0.0194377899169922
0.0151824951171875 0.1446533203125 0.0164871215820312 0.100418090820313
-0.05462646484375 0.0659561157226563 0.089996337890625 0.1473388671875
-0.0251541137695313 0.0907974243164062 0.05987548828125 0.152801513671875
0.0466766357421875 0.08953857421875 0.0536117553710937 0.113937377929687
0.0775222778320313 0.0183334350585938 0.0717010498046875 0.0780715942382813
0.0620002746582031 -0.0364456176757813 0.0620574951171875 0.0419540405273438
0.00625610351562499 -0.0669670104980469 0.044586181640625 0.02655029296875
-0.0348091125488281 -0.0589790344238281 0.0512466430664063 0.0401039123535156
-0.0362281799316406 -0.0610771179199219 0.0598564147949219 0.0610885620117188
-0.0510482788085938 -0.0641250610351563 0.0610198974609375 0.0848312377929688
-0.0320510864257812 -0.0723876953125 0.0247802734375 0.110992431640625
0.0164566040039062 -0.08843994140625 -0.0141372680664062 0.0987701416015625
0.070068359375 -0.0548057556152344 -0.0600852966308594 0.054412841796875
0.0957717895507813 0.0444488525390625 -0.0623016357421875 -0.00655364990234374
0.0392837524414062 0.0945205688476563 0.0196762084960938 0.000484466552734381
-0.029388427734375 0.0992660522460938 0.0126953125 0.138862609863281
0.0636520385742188 -0.029815673828125 -0.02728271484375 -0.165084838867188
-0.00296401977539062 -0.0624275207519531 -0.0272274017333984 -0.0178909301757813
-0.0503463745117187 -0.0294609069824219 0.072906494140625 0.00798797607421875
-0.0468482971191406 0.0197906494140625 0.0912094116210938 -0.069000244140625
-0.0177726745605469 0.0431251525878906 0.0312423706054688 -0.119209289550781
0.0197944641113281 0.04296875 -0.0387954711914062 -0.129539489746094
0.0230140686035156 0.0287666320800781 -0.0900802612304688 -0.096893310546875
0.0150547027587891 0.0263328552246094 -0.0794525146484375 -0.070037841796875
0.0128116607666016 0.0280838012695313 -0.0703811645507813 -0.0516586303710938
-0.00556182861328125 0.0252609252929688 -0.0595283508300781 -0.0493736267089844
-0.0251693725585938 0.00687789916992187 -0.0657272338867187 -0.0528106689453125
-0.0234851837158203 -0.0324687957763672 -0.0683670043945313 -0.0836639404296875
0.020538330078125 -0.0491943359375 -0.0457305908203125 -0.124267578125
0.064056396484375 -0.029022216796875 -0.0655975341796875 -0.159408569335938
0.0855560302734375 0.00312042236328125 -0.0850830078125 -0.176910400390625
0.0929412841796875 0.045440673828125 -0.00195312499999998 -0.171310424804688
0.0445518493652344 -0.0178718566894531 -0.0158615112304688 -0.0225028991699219
0.0148754119873047 -0.0243988037109375 0.0860595703125 0.0157699584960938
-0.00531101226806641 -0.0128192901611328 0.107345581054688 -0.0687637329101563
-0.00297760963439941 -0.00338625907897949 0.0459060668945313 -0.12652587890625
-0.000476479530334472 0.00101953744888306 -0.037200927734375 -0.137908935546875
-0.01141357421875 -0.00485515594482422 -0.0917434692382813 -0.098663330078125
-0.0115194320678711 -0.0106287002563477 -0.0786209106445313 -0.0656890869140625
-0.0159845352172852 -0.00984764099121093 -0.0718460083007813 -0.046966552734375
-0.0128698348999023 -0.0170021057128906 -0.0639190673828125 -0.0415077209472656
-0.00267601013183594 -0.0332164764404297 -0.0663909912109375 -0.0430526733398438
0.0256423950195312 -0.0487251281738281 -0.0717849731445313 -0.0760879516601563
0.0744705200195313 -0.016845703125 -0.052734375 -0.110626220703125
0.100204467773438 0.0238418579101563 -0.0680694580078125 -0.143707275390625
0.104629516601563 0.0785751342773438 -0.0729827880859375 -0.15753173828125
0.102561950683594 0.12005615234375 0.0326385498046875 -0.149932861328125
0.0829620361328125 0.0428085327148438 0.00374698638916016 -0.0105905532836914
0.0872116088867187 -0.00173187255859375 0.102424621582031 0.0342330932617188
0.0500907897949219 -0.0384368896484375 0.126441955566406 -0.0563430786132813
0.0225410461425781 -0.0515785217285156 0.0666122436523438 -0.121910095214844
-0.0141029357910156 -0.0458984375 -0.0261459350585937 -0.135360717773438
-0.0413742065429688 -0.0408058166503906 -0.0812149047851563 -0.091522216796875
-0.036865234375 -0.0471267700195313 -0.0660133361816406 -0.0504150390625
-0.0462913513183594 -0.0450820922851562 -0.0628128051757813 -0.0305366516113281
-0.0262908935546875 -0.0553169250488281 -0.0615272521972656 -0.020721435546875
0.00792694091796875 -0.0733489990234375 -0.06597900390625 -0.0216827392578125
0.0603866577148437 -0.0726776123046875 -0.0772552490234375 -0.0569839477539063
0.121681213378906 -0.00330352783203125 -0.0634536743164062 -0.0900497436523438
0.132766723632813 0.0578994750976563 -0.0648345947265625 -0.119178771972656
0.115440368652344 0.135932922363281 -0.0579147338867188 -0.116340637207031
0.089752197265625 0.178482055664062 0.0646820068359375 -0.0998687744140625
0.100425720214844 0.107368469238281 0.0271530151367188 0.0183925628662109
0.148391723632813 0.0379791259765625 0.1121826171875 0.0612869262695313
0.107765197753906 -0.049530029296875 0.139877319335938 -0.0297622680664063
0.0564117431640625 -0.0896148681640625 0.0856246948242188 -0.0990753173828125
-0.0178451538085937 -0.0888900756835938 -0.00785827636718749 -0.117027282714844
-0.0628585815429688 -0.07196044921875 -0.0594711303710937 -0.0732345581054688
-0.0560150146484375 -0.0766143798828125 -0.0445175170898438 -0.028167724609375
-0.072021484375 -0.0721588134765625 -0.0443153381347656 -0.00682449340820312
-0.0431289672851563 -0.0843124389648438 -0.0504913330078125 0.00819015502929686
0.00810241699218749 -0.107002258300781 -0.0582160949707031 0.00694274902343748
0.0770034790039062 -0.0960540771484375 -0.0788803100585938 -0.0307159423828125
0.15301513671875 -0.001922607421875 -0.0695228576660156 -0.06622314453125
0.153091430664063 0.076629638671875 -0.0524520874023437 -0.0923919677734375
0.115081787109375 0.171600341796875 -0.0363502502441406 -0.0625
0.0592498779296875 0.205551147460938 0.0892333984375 -0.0293807983398437
0.0915985107421875 0.155776977539063 0.0469017028808594 0.060546875
0.176895141601563 0.083099365234375 0.111015319824219 0.09014892578125
0.149322509765625 -0.038970947265625 0.138595581054688 0.00616455078125
0.0868301391601562 -0.106109619140625 0.094818115234375 -0.0618133544921875
-0.0142974853515625 -0.115997314453125 0.0106277465820312 -0.0835647583007813
-0.07220458984375 -0.0922775268554688 -0.0305671691894531 -0.0452995300292969
-0.0676727294921875 -0.0941009521484375 -0.0160226821899414 -0.00157546997070313
-0.0883865356445313 -0.0875930786132812 -0.0174198150634766 0.0198860168457031
-0.0555191040039062 -0.0996322631835938 -0.0302734375 0.0392303466796875
0.00470733642578124 -0.126968383789063 -0.0440216064453125 0.0351753234863281
0.0828475952148438 -0.1087646484375 -0.0727157592773438 -0.00381469726562499
0.164703369140625 0.001129150390625 -0.0698165893554688 -0.0440254211425781
0.152496337890625 0.088043212890625 -0.0315628051757813 -0.0672645568847656
0.098724365234375 0.183563232421875 -0.0120277404785156 -0.0044269561767578
0.020751953125 0.193954467773438 0.101165771484375 0.046142578125
0.0597076416015625 0.17169189453125 0.0592269897460938 0.104827880859375
0.162643432617188 0.115005493164062 0.096832275390625 0.111907958984375
0.15789794921875 -0.0171966552734375 0.121856689453125 0.0416259765625
0.100257873535156 -0.0999908447265625 0.0912704467773438 -0.0186691284179688
-0.00611114501953124 -0.121223449707031 0.0264129638671875 -0.0416603088378906
-0.0699005126953125 -0.095794677734375 0.00137710571289062 -0.0127830505371094
-0.0682220458984375 -0.0968475341796875 0.0143032073974609 0.0240745544433594
-0.091461181640625 -0.0914459228515625 0.0136528015136719 0.0459480285644531
-0.059417724609375 -0.102676391601563 -0.00696182250976563 0.068389892578125
0.00389862060546874 -0.130958557128906 -0.0284690856933594 0.0619735717773437
0.0846939086914062 -0.105819702148437 -0.0663986206054688 0.0209693908691406
0.159698486328125 0.0120849609375 -0.0664024353027344 -0.0263404846191406
0.131294250488281 0.098541259765625 -0.00768661499023437 -0.0441207885742187
0.0658416748046875 0.17724609375 0.00861358642578125 0.0520591735839844
-0.01904296875 0.144851684570313 0.102790832519531 0.109756469726563
0.017242431640625 0.14862060546875 0.0640640258789063 0.139724731445313
0.116226196289062 0.117767333984375 0.0768051147460938 0.120246887207031
0.1314697265625 0.003631591796875 0.0985870361328125 0.0665054321289063
0.0909805297851563 -0.0750198364257812 0.0791549682617188 0.0182113647460937
0.000289916992187496 -0.104141235351562 0.0386314392089844 -0.00225067138671876
-0.0584259033203125 -0.0845184326171875 0.0318088531494141 0.0170612335205078
-0.0589141845703125 -0.0857696533203125 0.0426521301269531 0.0452995300292969
-0.0799484252929687 -0.0831832885742188 0.043426513671875 0.06866455078125
-0.0521621704101563 -0.09381103515625 0.0141830444335937 0.0943756103515625
0.007720947265625 -0.118614196777344 -0.0169448852539062 0.0840988159179687
0.0820846557617188 -0.0886154174804688 -0.0608749389648437 0.0420761108398437
0.138816833496094 0.0286407470703125 -0.0639495849609375 -0.0128936767578125
0.0937118530273438 0.104545593261719 0.0104331970214844 -0.0218029022216797
0.02142333984375 0.150985717773438 0.0208358764648437 0.103691101074219
-0.05401611328125 0.0712203979492188 0.09765625 0.150970458984375
-0.022216796875 0.0960769653320313 0.0656280517578125 0.157196044921875
0.0527267456054687 0.0918502807617188 0.0597152709960938 0.116836547851563
0.080841064453125 0.0160140991210938 0.0775527954101563 0.0792312622070313
0.0629692077636719 -0.0406837463378906 0.0662002563476563 0.0417671203613281
0.0033111572265625 -0.0697479248046875 0.0480918884277344 0.0272216796875
-0.0383453369140625 -0.0596046447753906 0.0549774169921875 0.0397758483886719
-0.0403060913085937 -0.0618324279785156 0.0655326843261719 0.0605735778808594
-0.0561904907226562 -0.0642738342285156 0.0679473876953125 0.0880050659179688
-0.036651611328125 -0.0728302001953125 0.0303878784179688 0.115959167480469
0.01239013671875 -0.09210205078125 -0.0122528076171875 0.103866577148438
0.0711212158203125 -0.0605010986328125 -0.0617408752441406 0.0586624145507813
0.10150146484375 0.042572021484375 -0.066070556640625 -0.00414657592773437
0.0444412231445312 0.09783935546875 0.0199298858642578 -0.00137901306152343
-0.02685546875 0.104202270507813 0.017791748046875 0.143844604492188
0.0634803771972656 -0.0351982116699219 -0.038665771484375 -0.167205810546875
-0.00687789916992188 -0.0627861022949219 -0.0281772613525391 -0.0145893096923828
-0.0527305603027344 -0.0268020629882813 0.0757980346679688 0.0043792724609375
-0.0462837219238281 0.0240898132324219 0.090667724609375 -0.0758438110351563
-0.0149726867675781 0.0464324951171875 0.0266265869140625 -0.123908996582031
0.0236740112304688 0.0420722961425781 -0.045989990234375 -0.132171630859375
0.0255813598632812 0.0264492034912109 -0.098236083984375 -0.0947113037109375
0.0175838470458984 0.0256195068359375 -0.086639404296875 -0.0674514770507813
0.0149383544921875 0.02716064453125 -0.0762405395507813 -0.04962158203125
-0.00348091125488281 0.0255584716796875 -0.0643157958984375 -0.0480537414550781
-0.0242023468017578 0.00874519348144532 -0.0706939697265625 -0.0512008666992187
-0.0260086059570313 -0.0313282012939453 -0.0758743286132813 -0.0825347900390625
0.0180130004882813 -0.0513191223144531 -0.0528564453125 -0.126396179199219
0.0637702941894531 -0.0335044860839844 -0.07598876953125 -0.161270141601563
0.08819580078125 -0.00144195556640625 -0.0969696044921875 -0.17730712890625
0.097503662109375 0.0405731201171875 -0.012420654296875 -0.17437744140625
0.044342041015625 -0.0193290710449219 -0.0178508758544922 -0.0203418731689453
0.0143566131591797 -0.0249462127685547 0.090789794921875 0.0118942260742187
-0.00539493560791016 -0.0111970901489258 0.107261657714844 -0.0766067504882813
-0.00309085845947266 -0.00302910804748535 0.0408706665039062 -0.132919311523438
0.000973045825958252 0.000656187534332276 -0.0450057983398438 -0.140007019042969
-0.0110874176025391 -0.00490665435791015 -0.1002197265625 -0.0962066650390625
-0.0124425888061523 -0.0110588073730469 -0.0851516723632813 -0.0631256103515625
-0.0170278549194336 -0.00993919372558594 -0.0779876708984375 -0.0447006225585938
-0.01287841796875 -0.0176448822021484 -0.0681571960449219 -0.0395622253417969
-0.00273513793945313 -0.0338993072509766 -0.0716094970703125 -0.0406417846679687
0.0240859985351562 -0.0507545471191406 -0.0794601440429687 -0.0746612548828125
0.0756149291992188 -0.0209732055664062 -0.0602645874023437 -0.111183166503906
0.103614807128906 0.0191879272460938 -0.0775299072265625 -0.143630981445313
0.112045288085938 0.0751800537109375 -0.0844268798828125 -0.157577514648438
0.112419128417969 0.116981506347656 0.0227203369140625 -0.155075073242188
0.087646484375 0.04022216796875 0.00261783599853516 -0.00910091400146484
0.0904464721679687 -0.00684356689453125 0.108230590820313 0.0292129516601563
0.0498504638671875 -0.0417976379394531 0.128250122070313 -0.0647659301757813
0.0203018188476563 -0.0542564392089844 0.0620651245117188 -0.128639221191406
-0.0158500671386719 -0.0461883544921875 -0.0338821411132812 -0.13787841796875
-0.0445365905761719 -0.0394859313964844 -0.088836669921875 -0.089111328125
-0.0408363342285156 -0.0469856262207031 -0.0713043212890625 -0.0490036010742187
-0.04998779296875 -0.0434837341308594 -0.0670433044433594 -0.0279273986816406
-0.0293540954589844 -0.0556602478027344 -0.0645980834960938 -0.0176124572753906
0.00485992431640625 -0.0750961303710938 -0.0700950622558594 -0.0181465148925781
0.0583114624023438 -0.0783233642578125 -0.085205078125 -0.0550155639648438
0.124870300292969 -0.00965118408203125 -0.0700225830078125 -0.0896224975585938
0.139358520507813 0.052581787109375 -0.0734329223632813 -0.119354248046875
0.126777648925781 0.134284973144531 -0.06640625 -0.116973876953125
0.103179931640625 0.178451538085938 0.0586776733398438 -0.105735778808594
0.109390258789063 0.1058349609375 0.0276317596435547 0.0199737548828125
0.156112670898438 0.0301513671875 0.120796203613281 0.0560226440429688
0.108856201171875 -0.0560989379882813 0.142807006835938 -0.0382843017578125
0.0526885986328125 -0.0956878662109375 0.0826950073242187 -0.106582641601562
-0.0228652954101562 -0.0898056030273438 -0.0142669677734375 -0.118995666503906
-0.067779541015625 -0.07000732421875 -0.0654754638671875 -0.070892333984375
-0.0625762939453125 -0.0756759643554688 -0.04656982421875 -0.0268058776855469
-0.07830810546875 -0.0693130493164063 -0.0453987121582031 -0.00373458862304688
-0.0483245849609375 -0.0828399658203125 -0.0509529113769531 0.0120086669921875
0.00231170654296875 -0.109657287597656 -0.0604591369628906 0.0106964111328125
0.0740966796875 -0.1038818359375 -0.084808349609375 -0.02801513671875
0.158172607421875 -0.0098876953125 -0.0760879516601562 -0.0651092529296875
0.16107177734375 0.071197509765625 -0.0596694946289063 -0.0929031372070313
0.128494262695313 0.1702880859375 -0.0410652160644531 -0.0628166198730469
0.073883056640625 0.207931518554688 0.0874252319335938 -0.0353469848632812
0.102508544921875 0.156585693359375 0.0496139526367188 0.06146240234375
0.188247680664063 0.07513427734375 0.1201171875 0.085906982421875
0.151611328125 -0.0484771728515625 0.142913818359375 -0.000503540039062503
0.082672119140625 -0.115066528320313 0.093994140625 -0.0680923461914063
-0.0205078125 -0.117805480957031 0.0066986083984375 -0.0855484008789063
-0.0788040161132813 -0.0894699096679688 -0.0336341857910156 -0.0439033508300781
-0.074798583984375 -0.0926895141601563 -0.0165367126464844 -0.00174140930175782
-0.096099853515625 -0.0842742919921875 -0.0153388977050781 0.0228633880615234
-0.0623626708984375 -0.09832763671875 -0.0288658142089844 0.0433921813964844
-0.00290679931640624 -0.129852294921875 -0.0443572998046875 0.0388526916503906
0.0793914794921875 -0.1173095703125 -0.0777587890625 0.000244140624999988
0.170547485351563 -0.008148193359375 -0.0751953125 -0.0415191650390625
0.161666870117188 0.08294677734375 -0.0364494323730469 -0.0682525634765625
0.112503051757813 0.183868408203125 -0.0132665634155273 -0.00421905517578124
0.0324249267578125 0.197784423828125 0.105155944824219 0.0419158935546875
0.0703277587890625 0.173629760742188 0.0648422241210938 0.105758666992188
0.176116943359375 0.108718872070312 0.106307983398438 0.109794616699219
0.1617431640625 -0.0262451171875 0.128128051757813 0.0360946655273438
0.0966873168945312 -0.108787536621094 0.0928192138671875 -0.023773193359375
-0.012939453125 -0.123588562011719 0.0245170593261719 -0.0430183410644531
-0.077789306640625 -0.0937423706054688 0.00108146667480468 -0.0125179290771484
-0.076202392578125 -0.0958328247070313 0.0168533325195312 0.0231361389160156
-0.100067138671875 -0.0876998901367187 0.0176811218261719 0.047515869140625
-0.0667572021484375 -0.100990295410156 -0.002777099609375 0.0716781616210938
-0.00402832031250001 -0.133628845214844 -0.0266647338867188 0.0648384094238281
0.0810699462890625 -0.114532470703125 -0.0689201354980469 0.0253219604492187
0.165573120117188 0.0038299560546875 -0.0707015991210937 -0.0231552124023437
0.140357971191406 0.094268798828125 -0.0113983154296875 -0.0461502075195313
0.0783538818359375 0.17913818359375 0.0120048522949219 0.0531120300292969
-0.0106201171875 0.150741577148437 0.110511779785156 0.108238220214844
0.026275634765625 0.1527099609375 0.072052001953125 0.140777587890625
0.127029418945312 0.113449096679687 0.085479736328125 0.119010925292969
0.134857177734375 -0.00371551513671875 0.104469299316406 0.0630035400390625
0.0886611938476563 -0.083282470703125 0.0823974609375 0.014495849609375
-0.00628662109375 -0.10687255859375 0.0391960144042969 -0.00282287597656251
-0.0648727416992187 -0.0821151733398438 0.0334892272949219 0.0168418884277344
-0.0660858154296875 -0.0841217041015625 0.0479698181152344 0.0440864562988281
-0.0878219604492188 -0.0797500610351563 0.0500106811523438 0.0690155029296875
-0.0590972900390625 -0.0924148559570313 0.0210037231445313 0.0970458984375
-0.000343322753906261 -0.121246337890625 -0.01300048828125 0.0866470336914062
0.07867431640625 -0.0961380004882813 -0.061767578125 0.0462913513183594
0.145050048828125 0.02105712890625 -0.0679893493652344 -0.00915908813476562
0.10211181640625 0.102058410644531 0.00855255126953126 -0.0249042510986328
0.0311431884765625 0.154586791992188 0.0271072387695313 0.104354858398438
-0.0506744384765625 0.0766067504882813 0.106964111328125 0.14984130859375
-0.01739501953125 0.0995941162109375 0.0745697021484375 0.158660888671875
0.0612564086914062 0.089996337890625 0.066680908203125 0.117225646972656
0.0833892822265625 0.0115814208984375 0.083770751953125 0.0777130126953125
0.0612640380859375 -0.0471038818359375 0.0711746215820313 0.0388870239257813
-0.000762939453125007 -0.0718536376953125 0.0502586364746094 0.0260505676269531
-0.0426712036132813 -0.0572242736816406 0.0592994689941406 0.0385208129882813
-0.0462455749511719 -0.0599746704101563 0.0721054077148438 0.0578842163085937
-0.0623283386230469 -0.0616531372070312 0.07623291015625 0.0863265991210938
-0.04205322265625 -0.0720138549804688 0.0388870239257813 0.11810302734375
0.00646972656249999 -0.0947189331054688 -0.00780487060546876 0.107551574707031
0.068572998046875 -0.06719970703125 -0.0610237121582031 0.0640449523925781
0.108375549316406 0.03717041015625 -0.0693092346191406 -0.000492095947265635
0.051055908203125 0.0983657836914063 0.0196056365966797 -0.00405883789062499
-0.0209884643554688 0.109397888183594 0.0272674560546875 0.145782470703125
0.0604782104492188 -0.0388031005859375 -0.0488433837890625 -0.162445068359375
-0.0100746154785156 -0.0615577697753906 -0.0284690856933594 -0.0109882354736328
-0.0540199279785156 -0.0226287841796875 0.0764007568359375 0.000267028808593749
-0.0442771911621094 0.0272254943847656 0.0870437622070313 -0.0809783935546875
-0.0109977722167969 0.0479698181152344 0.0207443237304687 -0.124946594238281
0.027374267578125 0.0401992797851563 -0.0526885986328125 -0.130889892578125
0.0273647308349609 0.02313232421875 -0.103767395019531 -0.0889358520507813
0.0194511413574219 0.0231685638427734 -0.0920867919921875 -0.061614990234375
0.0164623260498047 0.0255126953125 -0.0803604125976563 -0.044830322265625
-0.00120162963867188 0.0245552062988281 -0.0675621032714844 -0.0446052551269531
-0.0225677490234375 0.00998306274414062 -0.0740203857421875 -0.046661376953125
-0.0280742645263672 -0.0285511016845703 -0.08087158203125 -0.0785064697265625
0.0148200988769531 -0.0514678955078125 -0.0590896606445313 -0.123908996582031
0.0616111755371094 -0.0359420776367188 -0.083984375 -0.156951904296875
0.087249755859375 -0.00754547119140625 -0.106475830078125 -0.171188354492188
0.099395751953125 0.034820556640625 -0.0242767333984375 -0.17095947265625
0.0438957214355469 -0.0207977294921875 -0.0190811157226562 -0.0164947509765625
0.0137615203857422 -0.0253505706787109 0.09222412109375 0.00616455078125
-0.00574493408203125 -0.010127067565918 0.103691101074219 -0.08184814453125
-0.00281190872192383 -0.00168204307556152 0.0340118408203125 -0.13433837890625
0.00176763534545898 0.000522494316101074 -0.052581787109375 -0.137924194335938
-0.0106697082519531 -0.00542831420898437 -0.1064453125 -0.08990478515625
-0.0127286911010742 -0.0113973617553711 -0.0895843505859375 -0.0576858520507812
-0.0175027847290039 -0.00914096832275391 -0.0808486938476562 -0.0394134521484375
-0.0131473541259766 -0.0174875259399414 -0.0709686279296875 -0.0356063842773438
-0.00364494323730469 -0.0334186553955078 -0.0747451782226563 -0.0365829467773437
0.021514892578125 -0.0517997741699219 -0.0846481323242188 -0.0700454711914063
0.0741195678710938 -0.0243453979492188 -0.0661239624023438 -0.108428955078125
0.104011535644531 0.014556884765625 -0.0857772827148437 -0.139991760253906
0.115287780761719 0.0683746337890625 -0.093414306640625 -0.153106689453125
0.118858337402344 0.110054016113281 0.0116424560546875 -0.15362548828125
0.0897598266601563 0.036712646484375 0.000862121582031255 -0.00705146789550781
0.0905227661132813 -0.0116500854492188 0.110374450683594 0.0226287841796875
0.0476417541503906 -0.0437126159667969 0.124282836914063 -0.071441650390625
0.0176544189453125 -0.0548553466796875 0.0552597045898437 -0.131538391113281
-0.0172958374023438 -0.0448837280273437 -0.0406112670898438 -0.135047912597656
-0.0457801818847656 -0.0367393493652344 -0.0940628051757813 -0.0834884643554687
-0.0437049865722656 -0.0447578430175781 -0.0744476318359375 -0.0444717407226563
-0.0527458190917969 -0.0406913757324219 -0.0688400268554688 -0.0231819152832031
-0.0315017700195313 -0.0540428161621094 -0.066009521484375 -0.0133094787597656
0.0016021728515625 -0.0751571655273438 -0.07177734375 -0.0137939453125
0.0534133911132813 -0.0809555053710938 -0.09014892578125 -0.0497894287109375
0.125045776367188 -0.0162124633789063 -0.074981689453125 -0.0863265991210937
0.14093017578125 0.0460052490234375 -0.08013916015625 -0.11553955078125
0.134864807128906 0.12744140625 -0.0729141235351562 -0.112648010253906
0.113540649414062 0.171859741210938 0.0502166748046875 -0.107208251953125
0.115646362304688 0.101669311523438 0.0266361236572266 0.0202350616455078
0.15911865234375 0.020050048828125 0.124687194824219 0.0478668212890625
0.105506896972656 -0.062286376953125 0.140434265136719 -0.0455703735351563
0.0467529296875 -0.09869384765625 0.0768508911132813 -0.110610961914062
-0.0277633666992188 -0.0873947143554688 -0.020599365234375 -0.117172241210938
-0.0712509155273438 -0.0654449462890625 -0.0689544677734375 -0.0667610168457031
-0.0672836303710938 -0.0725479125976563 -0.0484390258789063 -0.0247726440429688
-0.082000732421875 -0.0640716552734375 -0.0458221435546875 -0.000339508056640634
-0.0525054931640625 -0.0798721313476563 -0.0503005981445313 0.015625
-0.00356292724609375 -0.108848571777344 -0.0608978271484375 0.0144309997558594
0.068206787109375 -0.108161926269531 -0.0886917114257813 -0.0228805541992188
0.158157348632813 -0.018341064453125 -0.079833984375 -0.0609817504882813
0.164642333984375 0.0621185302734375 -0.0652084350585937 -0.0901718139648438
0.139556884765625 0.163665771484375 -0.0455245971679687 -0.0603294372558594
0.0861053466796875 0.203140258789063 0.0828628540039063 -0.0390243530273437
0.111480712890625 0.151687622070313 0.0506744384765625 0.0602149963378906
0.193435668945313 0.0634765625 0.125076293945313 0.0778656005859375
0.148574829101563 -0.0566558837890625 0.142776489257813 -0.008575439453125
0.0759353637695312 -0.119827270507813 0.0904464721679687 -0.0731582641601563
-0.0266952514648437 -0.115821838378906 0.00190734863281249 -0.08428955078125
-0.0829086303710937 -0.0840988159179688 -0.0358085632324219 -0.0414695739746094
-0.0806655883789063 -0.0884170532226563 -0.0156984329223633 -0.000780105590820316
-0.101402282714844 -0.0770339965820312 -0.0140266418457031 0.0241279602050781
-0.0677490234375 -0.0940780639648437 -0.0261344909667969 0.0454597473144531
-0.010955810546875 -0.128631591796875 -0.0430870056152344 0.0416717529296875
0.0721969604492187 -0.121955871582031 -0.079437255859375 0.00499725341796874
0.170822143554688 -0.0178070068359375 -0.0774765014648437 -0.037841796875
0.16522216796875 0.0745086669921875 -0.04180908203125 -0.0667152404785156
0.124099731445313 0.178268432617188 -0.0137567520141601 -0.00335025787353514
0.044097900390625 0.19622802734375 0.104179382324219 0.0367202758789063
0.080352783203125 0.170913696289062 0.0680313110351562 0.102882385253906
0.183074951171875 0.0969390869140625 0.112205505371094 0.102073669433594
0.159271240234375 -0.035736083984375 0.129539489746094 0.0295486450195312
0.089935302734375 -0.114578247070313 0.0913848876953125 -0.0291671752929688
-0.0202713012695313 -0.122108459472656 0.0227622985839844 -0.0436515808105469
-0.0818939208984375 -0.087799072265625 0.000868797302246088 -0.0115318298339844
-0.0821914672851562 -0.0908126831054688 0.0188083648681641 0.0215015411376953
-0.105117797851563 -0.0800247192382813 0.0217704772949219 0.046722412109375
-0.0723800659179688 -0.0960006713867187 0.00173950195312499 0.0719833374023437
-0.0131149291992187 -0.132041931152344 -0.0241775512695313 0.0664749145507812
0.0731658935546875 -0.119537353515625 -0.0688247680664063 0.0288352966308594
0.166427612304687 -0.006591796875 -0.0725936889648437 -0.0194244384765625
0.145355224609375 0.086151123046875 -0.0149955749511719 -0.0461883544921875
0.0896759033203125 0.174697875976563 0.015106201171875 0.0518150329589844
-0.00183105468750002 0.150466918945312 0.114364624023438 0.102188110351563
0.034820556640625 0.15106201171875 0.0774002075195313 0.136932373046875
0.134780883789063 0.104766845703125 0.091217041015625 0.113197326660156
0.133399963378906 -0.0117645263671875 0.107437133789063 0.0576934814453125
0.0825271606445313 -0.0886459350585938 0.0831375122070313 0.00997161865234374
-0.0126876831054688 -0.105812072753906 0.0392074584960938 -0.00385665893554688
-0.0689239501953125 -0.077056884765625 0.0349025726318359 0.0153293609619141
-0.0714874267578125 -0.0797805786132813 0.0512008666992187 0.0401840209960937
-0.0931472778320313 -0.0730667114257813 0.0553474426269531 0.0660057067871094
-0.0643844604492188 -0.0874176025390625 0.02740478515625 0.0969924926757812
-0.0087127685546875 -0.120315551757813 -0.00872802734375001 0.0877609252929687
0.0717697143554688 -0.101165771484375 -0.0598487854003906 0.0501632690429687
0.146591186523438 0.011993408203125 -0.0688095092773437 -0.0056610107421875
0.107803344726563 0.0970382690429688 0.00639724731445313 -0.0268020629882812
0.040985107421875 0.153091430664063 0.0335769653320312 0.101844787597656
-0.0457611083984375 0.0793914794921875 0.1131591796875 0.144210815429688
-0.0108718872070313 0.0999298095703125 0.0807647705078125 0.154586791992188
0.0667572021484375 0.0850982666015625 0.0719528198242187 0.112953186035156
0.0831832885742188 0.0069732666015625 0.0879364013671875 0.0733642578125
0.0572471618652344 -0.0507545471191406 0.0739212036132812 0.034637451171875
-0.00553131103515625 -0.070892333984375 0.0520095825195313 0.0244789123535156
-0.0452728271484375 -0.0537261962890625 0.0622367858886719 0.035369873046875
-0.0503311157226562 -0.0568008422851563 0.076141357421875 0.0533218383789062
-0.0672225952148437 -0.05706787109375 0.0834121704101563 0.0819244384765625
-0.0464668273925781 -0.068389892578125 0.0462722778320313 0.117080688476563
-0.000823974609374992 -0.0938644409179688 -0.00225830078124999 0.107742309570313
0.0634384155273438 -0.0714569091796875 -0.0583686828613281 0.0669975280761719
0.110343933105469 0.0296630859375 -0.069549560546875 0.00401687622070314
0.0568695068359375 0.0953216552734375 0.0186100006103516 -0.00695419311523437
-0.0141754150390625 0.110450744628906 0.0362548828125 0.142303466796875
0.0570220947265625 -0.0403594970703125 -0.0527191162109375 -0.156265258789063
-0.0118331909179688 -0.0598373413085937 -0.0273551940917969 -0.00851440429687501
-0.0528831481933594 -0.0199241638183594 0.075531005859375 -0.00139617919921875
-0.0418548583984375 0.0292549133300781 0.0836257934570313 -0.0819778442382813
-0.00786972045898438 0.0478401184082031 0.017120361328125 -0.1236572265625
0.0287818908691406 0.0366668701171875 -0.0564346313476563 -0.128143310546875
0.0276966094970703 0.0199127197265625 -0.105697631835937 -0.0840530395507813
0.0201282501220703 0.0213146209716797 -0.0929794311523438 -0.0573577880859375
0.0173854827880859 0.0235519409179688 -0.0817031860351563 -0.0407791137695312
0.000358581542968748 0.0229301452636719 -0.0690422058105469 -0.0414581298828125
-0.0206775665283203 0.0105686187744141 -0.074859619140625 -0.04345703125
-0.0284481048583984 -0.0267200469970703 -0.0826034545898438 -0.074432373046875
0.0119247436523438 -0.0501441955566406 -0.0615310668945313 -0.12109375
0.0593795776367187 -0.0368804931640625 -0.0868377685546875 -0.1514892578125
0.0850601196289063 -0.0106964111328125 -0.10955810546875 -0.164306640625
0.0981826782226562 0.0303955078125 -0.029693603515625 -0.165542602539063
0.0418815612792969 -0.020782470703125 -0.0186805725097656 -0.0139179229736328
0.0130939483642578 -0.0251255035400391 0.09112548828125 0.00331878662109375
-0.00577735900878906 -0.00985336303710938 0.100440979003906 -0.0832443237304688
-0.00137388706207275 -0.00104320049285889 0.0297927856445312 -0.132781982421875
0.00308322906494141 9.1552734375E-05 -0.0555343627929688 -0.134552001953125
-0.0103349685668945 -0.00637149810791016 -0.107185363769531 -0.0850143432617188
-0.0130558013916016 -0.0113162994384766 -0.0906829833984375 -0.0535888671875
-0.0175800323486328 -0.00928497314453125 -0.082305908203125 -0.0350341796875
-0.0126895904541016 -0.0172624588012695 -0.0717086791992188 -0.0326614379882813
-0.00326919555664062 -0.0327339172363281 -0.0749664306640625 -0.0333404541015625
0.0191688537597656 -0.0508689880371094 -0.0868377685546875 -0.066436767578125
0.0722579956054688 -0.0250167846679688 -0.0677719116210938 -0.105415344238281
0.10235595703125 0.011199951171875 -0.0884933471679688 -0.135231018066406
0.115936279296875 0.06396484375 -0.0970458984375 -0.146514892578125
0.119949340820313 0.104202270507813 0.0048980712890625 -0.149642944335938
0.0897750854492188 0.0346832275390625 0.000184059143066412 -0.00489473342895508
0.089202880859375 -0.0146408081054688 0.109649658203125 0.0179367065429688
0.0455245971679688 -0.0437736511230469 0.120231628417969 -0.0736007690429688
0.0156478881835937 -0.05413818359375 0.050567626953125 -0.130607604980469
-0.0175285339355469 -0.0438919067382813 -0.0441513061523438 -0.131744384765625
-0.0458106994628906 -0.0356254577636719 -0.0957183837890625 -0.0781402587890625
-0.044830322265625 -0.04327392578125 -0.0750045776367188 -0.0416641235351563
-0.0528831481933594 -0.0376625061035156 -0.0694427490234375 -0.0200462341308594
-0.0321617126464844 -0.0519485473632813 -0.0660820007324219 -0.0108680725097656
0.00012969970703125 -0.0734710693359375 -0.0718841552734375 -0.01104736328125
0.0497207641601562 -0.0815048217773438 -0.0917816162109375 -0.0460586547851563
0.122474670410156 -0.0197219848632813 -0.0762710571289062 -0.0834732055664063
0.139739990234375 0.0418701171875 -0.0831146240234375 -0.111053466796875
0.137229919433594 0.120933532714844 -0.0756378173828125 -0.108222961425781
0.117034912109375 0.164932250976563 0.0438613891601563 -0.105155944824219
0.116928100585938 0.0970001220703125 0.0255603790283203 0.0205802917480469
0.157135009765625 0.014007568359375 0.123245239257813 0.0422897338867188
0.101806640625 -0.06378173828125 0.136978149414063 -0.0488739013671875
0.0430145263671875 -0.0984573364257813 0.0723800659179688 -0.110343933105469
-0.0288543701171875 -0.084808349609375 -0.0235061645507813 -0.114036560058594
-0.0715866088867188 -0.0618057250976563 -0.0704574584960937 -0.0624847412109375
-0.0689048767089844 -0.0693397521972656 -0.0489311218261719 -0.0228805541992188
-0.0833358764648438 -0.05889892578125 -0.04486083984375 0.00128173828125
-0.0534744262695313 -0.076812744140625 -0.0490341186523438 0.0173606872558594
-0.00665283203125001 -0.106643676757813 -0.0600662231445313 0.0164222717285156
0.0629653930664063 -0.108726501464844 -0.0897598266601563 -0.0194091796875
0.155410766601563 -0.023529052734375 -0.0807723999023437 -0.0579757690429688
0.163238525390625 0.057159423828125 -0.0676193237304688 -0.0872573852539063
0.143096923828125 0.15673828125 -0.0466270446777344 -0.0575981140136719
0.09112548828125 0.197052001953125 0.0772247314453125 -0.0397109985351562
0.114242553710938 0.147003173828125 0.0495223999023438 0.059173583984375
0.192977905273437 0.0546875 0.124557495117188 0.071502685546875
0.144149780273438 -0.0604095458984375 0.140174865722656 -0.0121536254882813
0.0697021484375 -0.120559692382813 0.0872421264648438 -0.0742950439453125
-0.0299606323242187 -0.112709045410156 -0.000228881835937496 -0.0818023681640625
-0.0841522216796875 -0.0791702270507812 -0.0363311767578125 -0.0386161804199219
-0.0830535888671875 -0.0844039916992187 -0.015385627746582 -0.000823020935058598
-0.102378845214844 -0.0714874267578125 -0.0119514465332031 0.0240459442138672
-0.0691680908203125 -0.0888748168945313 -0.02435302734375 0.0462226867675781
-0.01531982421875 -0.125015258789063 -0.0419235229492187 0.0426521301269531
0.0667495727539063 -0.122528076171875 -0.0802536010742188 0.00817108154296873
0.168258666992188 -0.0234527587890625 -0.0778121948242187 -0.034759521484375
0.164688110351563 0.0683135986328125 -0.04364013671875 -0.0649223327636719
0.128387451171875 0.172164916992188 -0.0139961242675781 -0.00321006774902343
0.050079345703125 0.190994262695312 0.100639343261719 0.0337677001953125
0.084442138671875 0.165603637695313 0.0675048828125 0.100425720214844
0.183822631835938 0.088226318359375 0.1124267578125 0.0960159301757813
0.155349731445313 -0.0401611328125 0.127815246582031 0.0252227783203125
0.0837860107421875 -0.115646362304688 0.08966064453125 -0.0309600830078125
-0.024200439453125 -0.118682861328125 0.0213470458984375 -0.0419158935546875
-0.0825653076171875 -0.082275390625 0.000673294067382809 -0.0110015869140625
-0.0845870971679688 -0.0864181518554687 0.0194129943847656 0.0200405120849609
-0.105644226074219 -0.0734176635742187 0.0239143371582031 0.0456161499023437
-0.07427978515625 -0.0905303955078125 0.00482940673828125 0.0718612670898438
-0.0179443359375 -0.127983093261719 -0.0227699279785156 0.0659713745117187
0.0676956176757813 -0.119560241699219 -0.0682754516601563 0.0311088562011718
0.164474487304687 -0.0125579833984375 -0.0721893310546875 -0.0163726806640625
0.146041870117188 0.0812835693359375 -0.0173301696777344 -0.0457763671875
0.09490966796875 0.1689453125 0.0162582397460938 0.0497093200683594
0.0035858154296875 0.147674560546875 0.1129150390625 0.0974197387695313
0.0397796630859375 0.148025512695312 0.0775909423828125 0.134025573730469
0.136428833007813 0.0973358154296875 0.0915985107421875 0.108245849609375
0.130424499511719 -0.015899658203125 0.106582641601563 0.0542373657226563
0.077239990234375 -0.089752197265625 0.0822372436523438 0.00714874267578125
-0.0158843994140625 -0.102798461914063 0.0392646789550781 -0.00345230102539063
-0.0697174072265625 -0.07244873046875 0.0354995727539062 0.0144882202148437
-0.0736083984375 -0.075225830078125 0.0517463684082031 0.0372505187988281
-0.0943832397460938 -0.0673370361328125 0.0581817626953125 0.0629386901855469
-0.0664901733398438 -0.0824966430664063 0.0309982299804687 0.09521484375
-0.01318359375 -0.116622924804688 -0.00711822509765624 0.0864944458007812
0.0665206909179688 -0.102279663085937 -0.0589332580566406 0.0513458251953125
0.145065307617188 0.005859375 -0.0678825378417969 -0.00338363647460939
0.109375 0.0912857055664062 0.00415229797363282 -0.0273647308349609
0.0465850830078125 0.149063110351563 0.0363235473632813 0.097900390625
-0.0422134399414062 0.0785598754882813 0.1142578125 0.138519287109375
-0.00726318359374999 0.0988082885742187 0.0826873779296875 0.149932861328125
0.069427490234375 0.0799636840820313 0.0724945068359375 0.109619140625
0.0815582275390625 0.00347137451171875 0.0882415771484375 0.0702133178710938
0.0536155700683594 -0.0518989562988281 0.0737686157226563 0.032135009765625
-0.00839996337890625 -0.0690574645996094 0.0517539978027344 0.0232963562011719
-0.0467147827148438 -0.0500373840332031 0.0630531311035156 0.0325469970703125
-0.0514030456542969 -0.0530052185058594 0.077178955078125 0.0487823486328125
-0.0681037902832031 -0.0520515441894531 0.085052490234375 0.0767822265625
-0.0487556457519531 -0.0645980834960938 0.0505828857421875 0.113670349121094
-0.00498199462890626 -0.0914306640625 0.00102996826171874 0.105239868164062
0.0586318969726563 -0.0722808837890625 -0.0557785034179687 0.0670814514160156
0.110755920410156 0.0250625610351562 -0.068878173828125 0.00573348999023438
0.0601806640625 0.0913238525390625 0.0169506072998047 -0.00861549377441406
-0.0095367431640625 0.109367370605469 0.0398635864257812 0.137748718261719
0.0553054809570312 -0.0404129028320312 -0.0530548095703125 -0.1522216796875
-0.012054443359375 -0.0585060119628906 -0.0263557434082031 -0.00737762451171875
-0.0517234802246094 -0.0188407897949219 0.0747299194335938 -0.00171661376953125
-0.0406532287597656 0.0297012329101563 0.0829925537109375 -0.0808944702148438
-0.00613784790039063 0.0477714538574219 0.0170745849609375 -0.121971130371094
0.0298557281494141 0.0343818664550781 -0.0566329956054688 -0.126724243164063
0.0269565582275391 0.0179996490478516 -0.105262756347656 -0.0819625854492187
0.0194892883300781 0.0199832916259766 -0.0933914184570313 -0.0555343627929687
0.0171356201171875 0.0221710205078125 -0.0815887451171875 -0.0389480590820313
0.00127029418945313 0.0216102600097656 -0.0692214965820313 -0.0411567687988281
-0.0191917419433594 0.00976753234863281 -0.0751953125 -0.0428009033203125
-0.0281600952148437 -0.0246791839599609 -0.0828857421875 -0.073211669921875
0.0114822387695312 -0.0478172302246094 -0.0609054565429687 -0.119857788085938
0.0582199096679687 -0.0364799499511719 -0.0858154296875 -0.14874267578125
0.083709716796875 -0.0109329223632813 -0.1072998046875 -0.161605834960938
0.0956344604492188 0.0290603637695313 -0.031036376953125 -0.161285400390625
0.0415534973144531 -0.020538330078125 -0.0186634063720703 -0.0120296478271484
0.0134525299072266 -0.0247287750244141 0.08984375 0.0024261474609375
-0.0050654411315918 -0.00828123092651367 0.099456787109375 -0.0823287963867188
-0.000456392765045166 -0.00101608037948608 0.029937744140625 -0.131378173828125
0.00425362586975098 -0.0011436939239502 -0.0551528930664062 -0.133522033691406
-0.010716438293457 -0.00687980651855469 -0.107345581054687 -0.0831222534179687
-0.0136451721191406 -0.0124197006225586 -0.0912017822265625 -0.0523452758789062
-0.0174961090087891 -0.00888538360595703 -0.0818405151367187 -0.0333633422851563
-0.011749267578125 -0.0179672241210938 -0.0715866088867188 -0.032012939453125
-0.00283622741699219 -0.0325984954833984 -0.0749893188476563 -0.0325469970703125
0.0189056396484375 -0.0495643615722656 -0.087188720703125 -0.0645904541015625
0.0713348388671875 -0.0242462158203125 -0.0677337646484375 -0.104568481445313
0.100692749023437 0.0121612548828125 -0.088043212890625 -0.132225036621094
0.115135192871094 0.0623321533203125 -0.0954437255859375 -0.143524169921875
0.117713928222656 0.101768493652344 0.00286865234375001 -0.1456298828125
0.0889511108398438 0.0349044799804688 -0.000558853149414057 -0.00238966941833496
0.0887222290039063 -0.0151214599609375 0.107749938964844 0.0168609619140625
0.0452766418457031 -0.0432319641113281 0.119430541992188 -0.0728988647460938
0.0157241821289063 -0.0538597106933594 0.0499954223632813 -0.129196166992188
-0.0169715881347656 -0.0434303283691406 -0.043548583984375 -0.129989624023438
-0.0456314086914063 -0.0349922180175781 -0.09552001953125 -0.0766143798828125
-0.0448951721191406 -0.043060302734375 -0.0754165649414063 -0.0400619506835937
-0.0523605346679687 -0.0369987487792969 -0.0691947937011719 -0.0185508728027344
-0.0312881469726563 -0.0515975952148438 -0.0656776428222656 -0.00965118408203126
0.000595092773437493 -0.07293701171875 -0.07196044921875 -0.0100784301757813
0.0486602783203125 -0.0807418823242188 -0.0927276611328125 -0.0443954467773438
0.121719360351562 -0.0192718505859375 -0.0759811401367188 -0.08282470703125
0.138084411621094 0.0413818359375 -0.0833282470703125 -0.109336853027344
0.13623046875 0.118766784667969 -0.0751571655273438 -0.106216430664062
0.1156005859375 0.161590576171875 0.040802001953125 -0.102081298828125
0.116157531738281 0.096435546875 0.0242786407470703 0.0224075317382813
0.156448364257812 0.012237548828125 0.121078491210938 0.040283203125
0.10015869140625 -0.0633544921875 0.135627746582031 -0.0482025146484375
0.0416641235351563 -0.096771240234375 0.0718231201171875 -0.109016418457031
-0.0288009643554687 -0.0835113525390625 -0.0235595703125 -0.111747741699219
-0.0709915161132813 -0.060760498046875 -0.0700111389160156 -0.0604248046875
-0.0696601867675781 -0.0684013366699219 -0.04876708984375 -0.02191162109375
-0.0821990966796875 -0.0578155517578125 -0.0439567565917969 0.00248336791992186
-0.0526275634765625 -0.0746383666992187 -0.0484580993652344 0.0181007385253906
-0.00707244873046875 -0.104713439941406 -0.0601806640625 0.0171890258789062
0.0612945556640625 -0.107414245605469 -0.090789794921875 -0.017913818359375
0.1541748046875 -0.0241851806640625 -0.0803070068359375 -0.0582275390625
0.160903930664063 0.0565643310546875 -0.06854248046875 -0.0855636596679688
0.142898559570313 0.154525756835938 -0.04644775390625 -0.0571136474609375
0.0907745361328125 0.192947387695313 0.0734176635742188 -0.0379867553710937
0.11444091796875 0.145599365234375 0.0469551086425781 0.0598106384277344
0.191421508789062 0.0518646240234375 0.121658325195313 0.0689544677734375
0.141586303710938 -0.060699462890625 0.138710021972656 -0.0118026733398438
0.0677947998046875 -0.119400024414062 0.08612060546875 -0.0740127563476563
-0.0296478271484375 -0.110755920410156 -8.39233398437503E-05 -0.0800552368164063
-0.083404541015625 -0.0771942138671875 -0.0360603332519531 -0.0373077392578125
-0.0836715698242188 -0.0828170776367187 -0.0157413482666016 -0.00105667114257813
-0.101760864257812 -0.0686721801757813 -0.0111045837402344 0.0244693756103516
-0.0679702758789063 -0.0871505737304688 -0.02276611328125 0.0467071533203125
-0.0161590576171875 -0.122688293457031 -0.0424919128417969 0.042999267578125
0.06396484375 -0.12158203125 -0.0815277099609375 0.00830841064453125
0.166641235351563 -0.025146484375 -0.0775375366210937 -0.0348281860351563
0.163238525390625 0.067291259765625 -0.0448226928710937 -0.064788818359375
0.129165649414063 0.169708251953125 -0.0133934020996094 -0.00392818450927734
0.050201416015625 0.186660766601563 0.0963897705078125 0.0344390869140625
0.0848388671875 0.164291381835937 0.0648574829101563 0.100914001464844
0.182525634765625 0.0845184326171875 0.109146118164063 0.0939788818359375
0.152816772460938 -0.0410003662109375 0.12701416015625 0.024627685546875
0.0810317993164063 -0.114845275878906 0.0887603759765625 -0.0311660766601563
-0.0244827270507812 -0.116241455078125 0.0214004516601562 -0.0401611328125
-0.0819473266601563 -0.0806655883789062 0.000520706176757807 -0.0100927352905273
-0.0852279663085937 -0.0848388671875 0.0200519561767578 0.0187664031982422
-0.105117797851563 -0.0705032348632813 0.0247879028320312 0.044830322265625
-0.0734481811523438 -0.0884246826171875 0.00592803955078124 0.0712127685546875
-0.0194473266601563 -0.124885559082031 -0.022796630859375 0.0657920837402344
0.0646743774414063 -0.119003295898438 -0.0690193176269531 0.0314254760742188
0.162689208984375 -0.014495849609375 -0.0716171264648437 -0.0172348022460938
0.14398193359375 0.079498291015625 -0.0183067321777344 -0.0465736389160156
0.0952301025390625 0.16693115234375 0.0160942077636719 0.0476417541503906
0.00436401367187499 0.145095825195313 0.110084533691406 0.096832275390625
0.0399322509765625 0.14599609375 0.0752334594726563 0.133323669433594
0.136222839355469 0.0937728881835938 0.0897979736328125 0.106689453125
0.128410339355469 -0.0161666870117187 0.105918884277344 0.0538253784179688
0.0748977661132813 -0.089202880859375 0.0816726684570313 0.00672912597656249
-0.01666259765625 -0.100479125976563 0.0388832092285156 -0.00242614746093751
-0.06878662109375 -0.06988525390625 0.0355606079101562 0.0147514343261719
-0.0738296508789063 -0.0735244750976562 0.052001953125 0.0357284545898438
-0.0937271118164063 -0.064605712890625 0.0584983825683594 0.0611114501953125
-0.0661392211914063 -0.0801467895507813 0.0321197509765625 0.0933456420898437
-0.0148849487304688 -0.113700866699219 -0.0074462890625 0.0857162475585937
0.0633926391601563 -0.10101318359375 -0.0586585998535156 0.0502090454101562
0.143966674804687 0.0039520263671875 -0.0671157836914062 -0.00301742553710937
0.108909606933594 0.0900497436523438 0.00341796875 -0.0284633636474609
0.047454833984375 0.147064208984375 0.0361328125 0.0957794189453125
-0.0409317016601562 0.077880859375 0.111167907714844 0.136741638183594
-0.00666046142578125 0.0971832275390625 0.080841064453125 0.149429321289063
0.0692291259765625 0.0772552490234375 0.0709304809570313 0.108306884765625
0.0795135498046875 0.0026702880859375 0.0869140625 0.069244384765625
0.0518341064453125 -0.0518875122070312 0.073211669921875 0.03155517578125
-0.00916290283203125 -0.0672149658203125 0.052276611328125 0.0238304138183594
-0.0465431213378906 -0.0482902526855469 0.0628128051757813 0.0319023132324219
-0.051177978515625 -0.0520095825195313 0.0770187377929688 0.0471343994140625
-0.0678863525390625 -0.0496940612792969 0.0858306884765625 0.0744400024414063
-0.0485343933105469 -0.062469482421875 0.051513671875 0.112274169921875
-0.00666046142578125 -0.0889053344726563 0.000465393066406244 0.104232788085938
0.0567703247070313 -0.0727081298828125 -0.0560379028320313 0.0672454833984375
0.109291076660156 0.0221710205078125 -0.067413330078125 0.00590515136718751
0.0600433349609375 0.0908126831054687 0.0158281326293945 -0.0104265213012695
-0.0072479248046875 0.107398986816406 0.039886474609375 0.1339111328125
0.0542221069335938 -0.0395851135253906 -0.052581787109375 -0.15325927734375
-0.0119667053222656 -0.0586509704589844 -0.0264034271240234 -0.00631904602050781
-0.0514259338378906 -0.0191802978515625 0.0757980346679687 -0.000335693359375001
-0.0400772094726562 0.0300483703613281 0.085052490234375 -0.0812835693359375
-0.00495529174804687 0.0480575561523437 0.0197982788085938 -0.123085021972656
0.0296497344970703 0.0339851379394531 -0.0561294555664063 -0.129547119140625
0.0264968872070313 0.0175399780273437 -0.106666564941406 -0.0838165283203125
0.0187664031982422 0.01947021484375 -0.0948333740234375 -0.0562667846679688
0.0169315338134766 0.0215320587158203 -0.08349609375 -0.0390625
0.00080680847167969 0.0214042663574219 -0.0700035095214844 -0.0422477722167969
-0.0184249877929688 0.00942230224609375 -0.076416015625 -0.0442428588867188
-0.0278682708740234 -0.0245380401611328 -0.0834121704101563 -0.0745162963867188
0.0119514465332031 -0.0475578308105469 -0.0599212646484375 -0.121841430664063
0.0594482421875 -0.0358009338378906 -0.0839996337890625 -0.150405883789063
0.0846633911132813 -0.0110244750976563 -0.105987548828125 -0.16375732421875
0.0948715209960938 0.0309524536132812 -0.030548095703125 -0.161117553710938
0.0422134399414063 -0.0196304321289063 -0.0192699432373047 -0.0107078552246094
0.0139293670654297 -0.0247383117675781 0.090362548828125 0.003936767578125
-0.00413274765014649 -0.00792503356933594 0.101783752441406 -0.0825576782226562
0.000421047210693359 -0.000793516635894775 0.03277587890625 -0.131973266601563
0.00479650497436523 -0.00252199172973633 -0.0551376342773437 -0.135200500488281
-0.0112171173095703 -0.00799846649169922 -0.108039855957031 -0.08441162109375
-0.0143213272094727 -0.0129547119140625 -0.0929794311523438 -0.0528717041015625
-0.0173568725585938 -0.010188102722168 -0.0835418701171875 -0.034088134765625
-0.0113105773925781 -0.0185642242431641 -0.072601318359375 -0.03302001953125
-0.00133895874023437 -0.0327987670898437 -0.0764312744140625 -0.033660888671875
0.0195732116699219 -0.0493049621582031 -0.0891952514648437 -0.0658950805664063
0.0725021362304688 -0.0230026245117188 -0.0667572021484375 -0.106979370117188
0.100830078125 0.0132598876953125 -0.0870437622070313 -0.134124755859375
0.11505126953125 0.064117431640625 -0.09466552734375 -0.145858764648437
0.117195129394531 0.103248596191406 0.00239562988281252 -0.1448974609375
0.08978271484375 0.0367202758789063 -0.00142073631286621 -0.000759601593017576
0.0896224975585938 -0.0150299072265625 0.107795715332031 0.01837158203125
0.0462532043457031 -0.0426139831542969 0.121658325195313 -0.0715179443359375
0.0165977478027344 -0.0534095764160156 0.053314208984375 -0.129165649414063
-0.0157127380371094 -0.0443611145019531 -0.0424957275390625 -0.131309509277344
-0.0455093383789062 -0.0363273620605469 -0.0958251953125 -0.077362060546875
-0.0458335876464844 -0.0447959899902344 -0.0763778686523437 -0.0412368774414063
-0.0526351928710937 -0.0376663208007812 -0.0699195861816406 -0.0185737609863281
-0.0305061340332031 -0.0524139404296875 -0.066680908203125 -0.00994491577148438
0.00154876708984374 -0.0733184814453125 -0.0736618041992188 -0.0110397338867188
0.0505294799804688 -0.08026123046875 -0.0949935913085938 -0.0457687377929688
0.123359680175781 -0.0177459716796875 -0.0761337280273437 -0.0855636596679688
0.138938903808594 0.0439987182617188 -0.08349609375 -0.111167907714844
0.137252807617188 0.121856689453125 -0.0748443603515625 -0.107719421386719
0.114471435546875 0.164031982421875 0.039886474609375 -0.100616455078125
0.117195129394531 0.0991973876953125 0.0229110717773438 0.0252895355224609
0.157867431640625 0.013092041015625 0.120429992675781 0.04217529296875
0.101409912109375 -0.0626602172851563 0.137763977050781 -0.0468368530273438
0.0419769287109375 -0.0972213745117188 0.074188232421875 -0.108818054199219
-0.0273895263671875 -0.0847930908203125 -0.022552490234375 -0.112762451171875
-0.070587158203125 -0.0621566772460938 -0.0698738098144531 -0.0608558654785156
-0.0713119506835938 -0.0701980590820312 -0.049835205078125 -0.0230331420898437
-0.0828399658203125 -0.0580902099609375 -0.0448875427246094 0.00224685668945313
-0.052520751953125 -0.0756301879882813 -0.0492973327636719 0.0188674926757813
-0.00622558593749999 -0.105209350585938 -0.0622978210449219 0.0166015625
0.063079833984375 -0.108253479003906 -0.0933990478515625 -0.0187454223632812
0.157119750976563 -0.0228729248046875 -0.081024169921875 -0.060638427734375
0.162124633789062 0.059326171875 -0.068695068359375 -0.087554931640625
0.143829345703125 0.15789794921875 -0.0465126037597656 -0.0582466125488281
0.0889739990234375 0.195220947265625 0.0724716186523438 -0.0354461669921875
0.114532470703125 0.149139404296875 0.0455818176269531 0.0632095336914063
0.193145751953125 0.0524139404296875 0.120880126953125 0.071014404296875
0.143234252929688 -0.06005859375 0.140434265136719 -0.0102005004882813
0.0688934326171875 -0.119964599609375 0.0882797241210938 -0.0728302001953125
-0.0283432006835937 -0.1112060546875 0.00128173828125 -0.0799942016601563
-0.083099365234375 -0.0783004760742188 -0.0365066528320313 -0.0369834899902344
-0.0850906372070312 -0.0846176147460938 -0.0153369903564453 -0.00177764892578126
-0.10198974609375 -0.0691680908203125 -0.0106277465820313 0.0247592926025391
-0.067901611328125 -0.0876846313476562 -0.0235023498535156 0.0474395751953125
-0.0160598754882813 -0.123275756835938 -0.0436134338378906 0.0430374145507813
0.0656204223632813 -0.122230529785156 -0.0840911865234375 0.00860595703125
0.169677734375 -0.0243682861328125 -0.0781784057617188 -0.03717041015625
0.164703369140625 0.069854736328125 -0.0453071594238281 -0.0663185119628906
0.130950927734375 0.172592163085938 -0.0138483047485351 -0.00423717498779296
0.048828125 0.189224243164063 0.0951309204101563 0.0374298095703125
0.084442138671875 0.167816162109375 0.0625686645507813 0.104133605957031
0.184158325195313 0.08599853515625 0.108009338378906 0.095306396484375
0.153778076171875 -0.039947509765625 0.127433776855469 0.0268173217773437
0.082550048828125 -0.115272521972656 0.0898513793945313 -0.0296783447265625
-0.0231399536132813 -0.117713928222656 0.0230941772460938 -0.0392189025878906
-0.0824203491210937 -0.08111572265625 0.0015411376953125 -0.00987434387207032
-0.0864334106445312 -0.0864028930664063 0.0203533172607422 0.0186595916748047
-0.105979919433594 -0.0710525512695313 0.025482177734375 0.0444679260253906
-0.0727920532226562 -0.0887603759765625 0.00569152832031249 0.0728759765625
-0.0184783935546875 -0.125251770019531 -0.0241889953613281 0.0665092468261718
0.065032958984375 -0.119247436523438 -0.0723953247070313 0.0308685302734375
0.16558837890625 -0.0141448974609375 -0.071441650390625 -0.0187759399414062
0.145431518554688 0.081817626953125 -0.0189399719238281 -0.0476417541503906
0.0970458984375 0.1693115234375 0.0159721374511719 0.0481071472167969
0.00238037109374999 0.146469116210938 0.107269287109375 0.0997772216796875
0.039337158203125 0.148330688476563 0.073089599609375 0.136428833007813
0.137100219726563 0.0949325561523438 0.0870361328125 0.109123229980469
0.129310607910156 -0.0150299072265625 0.105659484863281 0.0559921264648438
0.0755996704101563 -0.0900115966796875 0.0820236206054688 0.00797271728515624
-0.016021728515625 -0.101608276367188 0.0400962829589844 -0.00135040283203126
-0.0697479248046875 -0.070892333984375 0.0365371704101563 0.0154533386230469
-0.0747909545898438 -0.0748214721679687 0.052947998046875 0.0358161926269531
-0.0948104858398438 -0.0644607543945313 0.05963134765625 0.0618515014648437
-0.06622314453125 -0.0802154541015625 0.0319137573242188 0.0950927734375
-0.0148162841796875 -0.113670349121094 -0.0090179443359375 0.0866622924804687
0.0637054443359375 -0.101783752441406 -0.0616378784179688 0.0506744384765625
0.146026611328125 0.0037078857421875 -0.068023681640625 -0.00412368774414063
0.109268188476562 0.0917892456054688 0.002593994140625 -0.0295562744140625
0.0477447509765625 0.148574829101562 0.0356826782226563 0.0956192016601563
-0.041839599609375 0.0778656005859375 0.109451293945313 0.140182495117188
-0.00641632080078125 0.097808837890625 0.078155517578125 0.151535034179688
0.0696334838867188 0.077880859375 0.06884765625 0.111404418945313
0.0793914794921875 0.00341033935546875 0.0871200561523438 0.0716476440429687
0.0520095825195313 -0.0524177551269531 0.0736541748046875 0.0327377319335938
-0.00893020629882812 -0.0678901672363281 0.0530471801757813 0.0251388549804687
-0.0461540222167969 -0.048309326171875 0.0639190673828125 0.0326004028320313
-0.0521774291992187 -0.0527458190917969 0.0780868530273437 0.0467300415039062
-0.0688247680664063 -0.0493698120117187 0.0869598388671875 0.0754547119140625
-0.0483932495117187 -0.0622520446777344 0.051727294921875 0.113807678222656
-0.00630950927734375 -0.0882568359375 -0.00116729736328124 0.105155944824219
0.056121826171875 -0.0723342895507813 -0.0580673217773438 0.066558837890625
0.110191345214844 0.0220565795898438 -0.0690460205078125 0.00422668457031251
0.0606765747070313 0.0912933349609375 0.0145807266235352 -0.0116701126098633
-0.00762176513671874 0.108039855957031 0.038848876953125 0.133888244628906
0.0554733276367188 -0.0397224426269531 -0.053955078125 -0.15771484375
-0.0124320983886719 -0.0605278015136719 -0.0278301239013672 -0.00580024719238282
-0.0534515380859375 -0.0198593139648437 0.0788040161132813 6.10351562499988E-05
-0.0413131713867188 0.0324783325195313 0.0892257690429688 -0.0837173461914063
-0.0045013427734375 0.0491790771484375 0.021636962890625 -0.1280517578125
0.0308361053466797 0.0333309173583984 -0.059661865234375 -0.135124206542969
0.0269565582275391 0.0168819427490234 -0.11181640625 -0.0862197875976562
0.0190277099609375 0.0199909210205078 -0.100296020507812 -0.0580291748046875
0.0173797607421875 0.0218296051025391 -0.0869903564453125 -0.0402069091796875
0.00149345397949219 0.0210800170898438 -0.0733566284179688 -0.0438690185546875
-0.0185604095458984 0.00902938842773437 -0.0793838500976563 -0.0462799072265625
-0.0288352966308594 -0.0250244140625 -0.0860443115234375 -0.0770263671875
0.012420654296875 -0.0479545593261719 -0.0612564086914063 -0.127037048339844
0.0608787536621094 -0.03704833984375 -0.0859375 -0.15557861328125
0.0865859985351562 -0.0117340087890625 -0.107879638671875 -0.170196533203125
0.0966873168945313 0.0330581665039063 -0.0316162109375 -0.164566040039063
0.0436897277832031 -0.0196990966796875 -0.0200271606445312 -0.00940895080566407
0.0149993896484375 -0.0259323120117188 0.0934906005859375 0.0047607421875
-0.00354099273681641 -0.007171630859375 0.105857849121094 -0.0848388671875
0.00132453441619873 -0.00117659568786621 0.0354385375976562 -0.137107849121094
0.00523948669433594 -0.00383281707763672 -0.05718994140625 -0.141494750976563
-0.0118675231933594 -0.00904655456542969 -0.112586975097656 -0.0869140625
-0.0157327651977539 -0.0144157409667969 -0.0971908569335938 -0.0542831420898438
-0.0181865692138672 -0.0110530853271484 -0.0867919921875 -0.034576416015625
-0.0106754302978516 -0.0204887390136719 -0.0761184692382813 -0.033782958984375
-0.000438690185546872 -0.0348281860351562 -0.0800399780273438 -0.0358428955078125
0.0208969116210937 -0.0507698059082031 -0.0934600830078125 -0.0678939819335937
0.075286865234375 -0.0227127075195313 -0.0688018798828125 -0.112205505371094
0.104522705078125 0.0152206420898438 -0.0896224975585937 -0.138893127441406
0.118507385253906 0.0665512084960938 -0.0967559814453125 -0.1514892578125
0.120048522949219 0.10858154296875 0.00189208984375 -0.14776611328125
0.092376708984375 0.0391464233398438 -0.00240397453308105 0.00127315521240235
0.0931854248046875 -0.0156021118164063 0.110572814941406 0.0192108154296875
0.0483970642089844 -0.043212890625 0.126388549804688 -0.0743255615234375
0.0177497863769531 -0.0555686950683594 0.055999755859375 -0.133636474609375
-0.0158920288085937 -0.0470619201660156 -0.0441207885742188 -0.136573791503906
-0.0473365783691406 -0.0375633239746094 -0.0996627807617188 -0.0790481567382813
-0.0486831665039063 -0.0470962524414062 -0.0805740356445313 -0.0424957275390625
-0.0544166564941406 -0.0395240783691406 -0.0733184814453125 -0.0192718505859375
-0.0314216613769531 -0.0547752380371094 -0.0695114135742188 -0.00983810424804688
0.00249481201171874 -0.076568603515625 -0.0769424438476563 -0.011444091796875
0.0519180297851563 -0.0829086303710938 -0.100410461425781 -0.0470123291015625
0.128982543945313 -0.0178451538085938 -0.0791854858398437 -0.0897979736328125
0.143524169921875 0.0467681884765625 -0.0861663818359375 -0.114891052246094
0.142059326171875 0.126617431640625 -0.0768280029296875 -0.112358093261719
0.117294311523438 0.1705322265625 0.0398483276367188 -0.101585388183594
0.121063232421875 0.103919982910156 0.0220432281494141 0.0277652740478516
0.163589477539063 0.0127716064453125 0.124015808105469 0.0438003540039063
0.105583190917969 -0.0642852783203125 0.1435546875 -0.0482940673828125
0.0442352294921875 -0.101478576660156 0.0779190063476563 -0.11279296875
-0.0277786254882813 -0.088409423828125 -0.022369384765625 -0.117385864257813
-0.07373046875 -0.0637969970703125 -0.07305908203125 -0.062774658203125
-0.0753097534179688 -0.072784423828125 -0.0521087646484375 -0.0237693786621094
-0.0857086181640625 -0.0605316162109375 -0.0472984313964844 0.00190353393554687
-0.0532608032226563 -0.0789642333984375 -0.0509185791015625 0.0188140869140625
-0.00586700439453126 -0.109146118164063 -0.0650901794433594 0.0172386169433594
0.0652084350585938 -0.111991882324219 -0.0996475219726563 -0.0189208984375
0.16357421875 -0.024200439453125 -0.084320068359375 -0.0637359619140625
0.167526245117188 0.062652587890625 -0.0710067749023437 -0.0914764404296875
0.149398803710938 0.1630859375 -0.0481185913085937 -0.0605316162109375
0.0913238525390625 0.203659057617188 0.0726470947265625 -0.0347366333007812
0.118606567382813 0.156021118164063 0.0446510314941406 0.0677337646484375
0.20068359375 0.0540618896484375 0.123451232910156 0.0745620727539063
0.148529052734375 -0.0609588623046875 0.145538330078125 -0.0106964111328125
0.0720138549804688 -0.124717712402344 0.092254638671875 -0.0750885009765625
-0.0289230346679687 -0.115478515625 0.00222778320312499 -0.0819091796875
-0.086334228515625 -0.081146240234375 -0.0370025634765625 -0.0375747680664063
-0.0903396606445313 -0.08795166015625 -0.0164899826049805 -0.00162220001220704
-0.10614013671875 -0.0712509155273437 -0.0113182067871094 0.0252361297607422
-0.0699234008789062 -0.0898666381835938 -0.0237274169921875 0.0492630004882813
-0.01580810546875 -0.126991271972656 -0.046966552734375 0.0449447631835938
0.06683349609375 -0.1260986328125 -0.0900955200195313 0.00852966308593748
0.176803588867188 -0.025665283203125 -0.0817413330078125 -0.0394744873046875
0.17022705078125 0.0732421875 -0.0476417541503906 -0.0693473815917969
0.135635375976562 0.179412841796875 -0.0142822265625 -0.00545406341552733
0.0496063232421875 0.195632934570313 0.0967864990234375 0.040374755859375
0.0872955322265625 0.173843383789063 0.0618515014648438 0.109642028808594
0.191207885742188 0.088470458984375 0.109687805175781 0.0990447998046875
0.159393310546875 -0.0405731201171875 0.131805419921875 0.0294189453125
0.0852127075195313 -0.120574951171875 0.09326171875 -0.0298233032226563
-0.0238876342773437 -0.121856689453125 0.0251274108886719 -0.039093017578125
-0.0846633911132813 -0.0839996337890625 0.00195503234863281 -0.00877380371093751
-0.09100341796875 -0.089630126953125 0.0207309722900391 0.0185489654541016
-0.110092163085937 -0.0734100341796875 0.0270614624023437 0.0458564758300781
-0.07452392578125 -0.0911712646484375 0.00680541992187499 0.0763626098632812
-0.0196990966796875 -0.12933349609375 -0.0263137817382812 0.0683708190917969
0.0668487548828125 -0.12384033203125 -0.0769500732421875 0.0326614379882812
0.1722412109375 -0.0158233642578125 -0.0757064819335937 -0.0206985473632812
0.1513671875 0.0849151611328125 -0.0201301574707031 -0.0506782531738281
0.101318359375 0.1751708984375 0.0162811279296875 0.0487556457519531
0.002197265625 0.151260375976563 0.109169006347656 0.104583740234375
0.0409088134765625 0.153762817382813 0.072998046875 0.141860961914063
0.1417236328125 0.097320556640625 0.0883865356445313 0.113754272460937
0.132965087890625 -0.0155715942382813 0.109733581542969 0.058624267578125
0.0781478881835938 -0.0933609008789063 0.0853118896484375 0.00874328613281249
-0.016937255859375 -0.104995727539063 0.042816162109375 -0.000102996826171881
-0.0716781616210938 -0.0726547241210937 0.0382728576660156 0.0163650512695312
-0.0793609619140625 -0.0777816772460937 0.055389404296875 0.0361900329589844
-0.097564697265625 -0.0658798217773438 0.0625076293945313 0.0638504028320313
-0.0675888061523438 -0.0822296142578125 0.0343399047851562 0.0991897583007813
-0.015960693359375 -0.116744995117188 -0.0108871459960937 0.0897598266601562
0.0650405883789063 -0.105781555175781 -0.0659942626953125 0.0521354675292969
0.151596069335938 0.0029296875 -0.071044921875 -0.00559234619140626
0.1141357421875 0.0947036743164062 0.00181770324707032 -0.0325851440429687
0.0499267578125 0.153549194335938 0.0360183715820313 0.097381591796875
-0.0443344116210938 0.07958984375 0.110855102539063 0.145904541015625
-0.00741577148437501 0.10107421875 0.0788726806640625 0.158279418945313
0.0721359252929688 0.0795211791992188 0.0700454711914062 0.116958618164063
0.0813980102539062 0.00392913818359375 0.090118408203125 0.0752334594726563
0.0541343688964844 -0.0538825988769531 0.07574462890625 0.0346603393554688
-0.00954437255859376 -0.0704116821289063 0.0562057495117187 0.02764892578125
-0.0482521057128906 -0.0496330261230469 0.0671730041503906 0.03363037109375
-0.0551223754882813 -0.0539703369140625 0.08172607421875 0.0481719970703125
-0.0711669921875 -0.0500335693359375 0.0906219482421875 0.0771484375
-0.0495643615722656 -0.0632781982421875 0.0545501708984375 0.117805480957031
-0.00749969482421876 -0.0912628173828125 -0.00250244140625001 0.108543395996094
0.0572586059570313 -0.074981689453125 -0.0622291564941406 0.0688285827636719
0.114631652832031 0.0223159790039063 -0.071136474609375 0.00375366210937501
0.0634841918945313 0.0944671630859375 0.0144939422607422 -0.0135936737060547
-0.00817108154296874 0.111259460449219 0.0387649536132813 0.137954711914062
0.0558052062988281 -0.0413475036621094 -0.0591888427734375 -0.16162109375
-0.0146522521972656 -0.0623016357421875 -0.0287914276123047 -0.00432968139648437
-0.0560111999511719 -0.01983642578125 0.082672119140625 1.52587890624988E-05
-0.0408172607421875 0.0344429016113281 0.09130859375 -0.08935546875
-0.00212860107421875 0.0513839721679688 0.021392822265625 -0.134956359863281
0.0323257446289063 0.0324783325195313 -0.0650711059570312 -0.140495300292969
0.0276012420654297 0.0165348052978516 -0.119285583496094 -0.0880813598632813
0.0200099945068359 0.0195388793945313 -0.107109069824219 -0.057373046875
0.0184173583984375 0.0213413238525391 -0.0929412841796875 -0.0392227172851562
0.00258255004882813 0.0202178955078125 -0.0786209106445313 -0.0456619262695312
-0.0189018249511719 0.00909042358398438 -0.0844345092773438 -0.0465545654296875
-0.0303382873535156 -0.0242290496826172 -0.0922470092773438 -0.0780181884765625
0.0123786926269531 -0.049041748046875 -0.065673828125 -0.132514953613281
0.0634422302246094 -0.0398674011230469 -0.091522216796875 -0.161270141601563
0.088897705078125 -0.01416015625 -0.114959716796875 -0.17596435546875
0.100593566894531 0.0333099365234375 -0.037139892578125 -0.169082641601563
0.0449142456054688 -0.0206832885742188 -0.0219917297363281 -0.00812339782714844
0.0148353576660156 -0.0269908905029297 0.0975341796875 0.00384521484375
-0.00287008285522461 -0.00682449340820313 0.109504699707031 -0.0908203125
0.00224518775939941 -0.00189709663391113 0.0357666015625 -0.14453125
0.00486469268798828 -0.00541448593139648 -0.062713623046875 -0.147171020507812
-0.0129032135009766 -0.00999832153320313 -0.120643615722656 -0.0875625610351562
-0.0173854827880859 -0.0149993896484375 -0.104972839355469 -0.05389404296875
-0.0191249847412109 -0.0115566253662109 -0.093353271484375 -0.0334625244140625
-0.0115032196044922 -0.0220680236816406 -0.0809478759765625 -0.0341720581054687
-0.000396728515625001 -0.0369529724121094 -0.085174560546875 -0.0354537963867188
0.0212783813476563 -0.0527610778808594 -0.0996856689453125 -0.0685882568359375
0.079254150390625 -0.0244216918945312 -0.0738143920898437 -0.115982055664063
0.109474182128906 0.0140609741210937 -0.095062255859375 -0.143356323242188
0.124748229980469 0.0663986206054688 -0.10369873046875 -0.15692138671875
0.126335144042969 0.11151123046875 -0.00265502929687499 -0.151947021484375
0.098114013671875 0.0395050048828125 -0.0028090476989746 0.00303816795349121
0.0968475341796875 -0.01898193359375 0.114776611328125 0.0186843872070313
0.0499458312988281 -0.0458488464355469 0.131675720214844 -0.0799713134765625
0.01751708984375 -0.0592536926269531 0.0571746826171875 -0.141494750976563
-0.0174407958984375 -0.0492820739746094 -0.0486602783203125 -0.142410278320313
-0.0507965087890625 -0.0387687683105469 -0.106681823730469 -0.080474853515625
-0.0533065795898438 -0.0481300354003906 -0.0863571166992188 -0.0423126220703125
-0.0583000183105469 -0.0405921936035156 -0.0780258178710938 -0.0177230834960938
-0.0333099365234375 -0.0575141906738281 -0.0738677978515625 -0.00905609130859376
0.00198364257812499 -0.0800552368164063 -0.0820770263671875 -0.0106277465820312
0.0534896850585938 -0.0876007080078125 -0.107856750488281 -0.0462570190429688
0.135055541992188 -0.0210952758789063 -0.0847015380859375 -0.0932464599609375
0.15118408203125 0.047271728515625 -0.0919570922851562 -0.118644714355469
0.15142822265625 0.128509521484375 -0.0823211669921875 -0.11614990234375
0.126007080078125 0.176177978515625 0.037567138671875 -0.105293273925781
0.129440307617188 0.106552124023438 0.0209770202636719 0.0308437347412109
0.171279907226563 0.009735107421875 0.128448486328125 0.0434646606445313
0.108879089355469 -0.0690841674804688 0.148361206054688 -0.0526885986328125
0.0439224243164063 -0.107658386230469 0.0805740356445313 -0.119880676269531
-0.0311203002929688 -0.0916976928710938 -0.024993896484375 -0.122116088867188
-0.0784683227539063 -0.06512451171875 -0.0779953002929688 -0.0626296997070312
-0.082061767578125 -0.0746917724609375 -0.0555534362792969 -0.0238265991210938
-0.0913619995117188 -0.0610275268554687 -0.0492782592773438 0.00374603271484374
-0.0569076538085938 -0.0813980102539063 -0.0536003112792969 0.022003173828125
-0.00762939453125 -0.112922668457031 -0.0692367553710938 0.0193367004394531
0.0660934448242188 -0.118453979492188 -0.107040405273438 -0.0166778564453125
0.1719970703125 -0.0287628173828125 -0.0901565551757812 -0.0660552978515625
0.177352905273438 0.0626983642578125 -0.0770187377929687 -0.0943679809570313
0.160491943359375 0.167800903320312 -0.0514068603515625 -0.0627250671386718
0.09832763671875 0.210845947265625 0.0737380981445313 -0.0354843139648437
0.127944946289063 0.160995483398438 0.0468292236328125 0.0712127685546875
0.210968017578125 0.051239013671875 0.128211975097656 0.0754547119140625
0.153549194335938 -0.0670166015625 0.152252197265625 -0.013427734375
0.0717849731445313 -0.132675170898438 0.0954818725585938 -0.0803604125976563
-0.0328216552734375 -0.119796752929688 0.00166320800781251 -0.0858993530273438
-0.091339111328125 -0.0822296142578125 -0.0397377014160156 -0.0371856689453125
-0.0972366333007813 -0.0900039672851563 -0.0181941986083984 -0.00217437744140626
-0.112342834472656 -0.0716018676757813 -0.0113582611083984 0.0262813568115234
-0.0749969482421875 -0.0924224853515625 -0.0244979858398438 0.052703857421875
-0.0193634033203125 -0.131866455078125 -0.0498008728027344 0.048004150390625
0.0674057006835938 -0.133857727050781 -0.0965805053710938 0.0120391845703125
0.18511962890625 -0.0321807861328125 -0.0874786376953125 -0.0408706665039063
0.179855346679688 0.0731048583984375 -0.052001953125 -0.0720748901367188
0.147201538085937 0.184310913085937 -0.0157299041748047 -0.00600910186767577
0.0547637939453125 0.204360961914062 0.0992584228515625 0.042083740234375
0.09588623046875 0.180252075195313 0.065673828125 0.115005493164063
0.201248168945313 0.0865020751953125 0.11505126953125 0.101913452148438
0.165451049804688 -0.0454254150390625 0.138519287109375 0.0273208618164062
0.0864410400390625 -0.128044128417969 0.0968170166015625 -0.0335540771484375
-0.0271530151367188 -0.126991271972656 0.0265846252441406 -0.0412445068359375
-0.0904388427734375 -0.0857391357421875 0.00175189971923828 -0.00944900512695313
-0.0985336303710937 -0.0913925170898438 0.0226364135742187 0.0189666748046875
-0.117118835449219 -0.0726394653320312 0.0299301147460937 0.0469436645507812
-0.0800933837890625 -0.0927581787109375 0.00790405273437499 0.0793991088867188
-0.0235366821289063 -0.133430480957031 -0.0279388427734375 0.0731277465820312
0.0669708251953125 -0.130241394042969 -0.0817108154296875 0.0364532470703125
0.179473876953125 -0.021514892578125 -0.080078125 -0.0210037231445313
0.159622192382812 0.0850067138671875 -0.0237159729003906 -0.0535087585449219
0.110153198242188 0.180877685546875 0.0174026489257813 0.0494918823242188
0.00495910644531252 0.1593017578125 0.1134033203125 0.108932495117188
0.0469207763671875 0.159591674804687 0.0775604248046875 0.148223876953125
0.150558471679688 0.097686767578125 0.0926513671875 0.118240356445313
0.138755798339844 -0.01885986328125 0.115707397460938 0.059661865234375
0.0795059204101563 -0.0998001098632813 0.0896072387695313 0.00835418701171874
-0.0198440551757812 -0.109489440917969 0.045562744140625 0.000312805175781243
-0.0764694213867187 -0.0736160278320313 0.0412826538085937 0.01611328125
-0.0856170654296875 -0.0789413452148438 0.0587844848632813 0.0359115600585938
-0.104598999023438 -0.0654296875 0.0673751831054688 0.0637245178222656
-0.0720672607421875 -0.0841903686523438 0.0385360717773438 0.102912902832031
-0.0197525024414062 -0.12060546875 -0.01055908203125 0.0940017700195312
0.0648651123046875 -0.111289978027344 -0.0697288513183594 0.0562973022460937
0.158706665039063 -0.00250244140625 -0.074554443359375 -0.00601959228515626
0.121696472167969 0.0962753295898438 0.000553131103515633 -0.0346565246582031
0.0568389892578125 0.158859252929688 0.0391387939453125 0.100051879882813
-0.0449981689453125 0.0850067138671875 0.1165771484375 0.151092529296875
-0.00524139404296875 0.105461120605469 0.0837554931640625 0.164321899414063
0.0775680541992188 0.08074951171875 0.0739517211914062 0.121604919433594
0.0857162475585938 0.0025177001953125 0.0959243774414063 0.0780487060546875
0.0546798706054688 -0.0587997436523438 0.0805206298828125 0.0354843139648437
-0.0117645263671875 -0.0731658935546875 0.0605354309082031 0.0289840698242187
-0.0514335632324219 -0.0497055053710937 0.0718460083007813 0.0330963134765625
-0.0598907470703125 -0.0541877746582031 0.086883544921875 0.0475311279296875
-0.0765380859375 -0.0498199462890625 0.0974655151367188 0.077362060546875
-0.0532684326171875 -0.0645523071289063 0.06085205078125 0.121986389160156
-0.010284423828125 -0.0939407348632812 -0.00175476074218749 0.114456176757813
0.0568695068359375 -0.0794448852539063 -0.0643844604492188 0.0734634399414063
0.120719909667969 0.019012451171875 -0.074859619140625 0.00488281250000001
0.0684127807617188 0.0960235595703125 0.0137090682983398 -0.0163002014160156
-0.00561523437499999 0.115219116210937 0.0427703857421875 0.141815185546875
0.0560073852539063 -0.0435066223144531 -0.067840576171875 -0.163314819335938
-0.0182456970214844 -0.0631942749023438 -0.0303878784179688 -0.00157928466796875
-0.0591697692871094 -0.0177154541015625 0.0855789184570313 -0.00226593017578125
-0.0396194458007812 0.0379562377929688 0.0913467407226563 -0.0959625244140625
0.0012054443359375 0.0524368286132813 0.017181396484375 -0.141159057617188
0.0342960357666016 0.0309371948242187 -0.073638916015625 -0.143417358398438
0.0286159515380859 0.0148715972900391 -0.128242492675781 -0.085052490234375
0.0208492279052734 0.0189342498779297 -0.115104675292969 -0.0530776977539062
0.0195026397705078 0.0207920074462891 -0.098114013671875 -0.0347747802734375
0.00371551513671875 0.0196399688720703 -0.084320068359375 -0.044036865234375
-0.0187473297119141 0.00937271118164062 -0.0904693603515625 -0.0450057983398438
-0.0319328308105469 -0.0232200622558594 -0.0985260009765625 -0.0774612426757813
0.0111465454101562 -0.0504493713378906 -0.0721588134765625 -0.134391784667969
0.0634994506835938 -0.0434532165527344 -0.09930419921875 -0.162704467773438
0.090118408203125 -0.0188140869140625 -0.124603271484375 -0.177841186523437
0.10601806640625 0.0313720703125 -0.0450439453125 -0.171646118164063
0.0456962585449219 -0.0226860046386719 -0.0237026214599609 -0.00499534606933594
0.0143718719482422 -0.0290164947509766 0.100860595703125 0.00103759765625
-0.00222015380859375 -0.00674915313720703 0.110160827636719 -0.0974884033203125
0.00297760963439941 -0.00180745124816895 0.03155517578125 -0.151840209960938
0.00511503219604492 -0.00688552856445313 -0.0711822509765625 -0.150115966796875
-0.014643669128418 -0.0103216171264648 -0.129226684570313 -0.0852813720703125
-0.0199241638183594 -0.0151557922363281 -0.111244201660156 -0.0505218505859375
-0.0207748413085938 -0.0121898651123047 -0.0983657836914062 -0.0294876098632812
-0.0125102996826172 -0.0235004425048828 -0.0863037109375 -0.0319900512695313
-0.00128173828125 -0.0393218994140625 -0.090972900390625 -0.0330810546875
0.0200767517089844 -0.0551261901855469 -0.107223510742188 -0.066558837890625
0.0814285278320313 -0.028228759765625 -0.0803909301757813 -0.117935180664062
0.113365173339844 0.010711669921875 -0.102981567382812 -0.144851684570313
0.130989074707031 0.0639190673828125 -0.112319946289062 -0.15777587890625
0.135108947753906 0.11126708984375 -0.009521484375 -0.154739379882812
0.102767944335938 0.0375747680664063 -0.0044870376586914 0.00552940368652344
0.0996017456054688 -0.0239028930664063 0.11859130859375 0.0155715942382812
0.0504722595214844 -0.0488853454589844 0.132453918457031 -0.0876312255859375
0.0161018371582031 -0.0620918273925781 0.0548553466796875 -0.149398803710938
-0.020599365234375 -0.0513381958007813 -0.056304931640625 -0.145904541015625
-0.0538749694824219 -0.0385284423828125 -0.113975524902344 -0.0774307250976562
-0.0586357116699219 -0.047607421875 -0.092254638671875 -0.0394058227539062
-0.06243896484375 -0.0398025512695313 -0.0822982788085938 -0.0144805908203125
-0.0364990234375 -0.0588531494140625 -0.0772323608398438 -0.00566864013671876
-0.000885009765624993 -0.0842819213867188 -0.0867156982421875 -0.00734710693359374
0.0516891479492188 -0.0927276611328125 -0.115127563476563 -0.0425567626953125
0.139892578125 -0.0275650024414063 -0.0911941528320312 -0.0939559936523438
0.157943725585938 0.0424957275390625 -0.0992965698242188 -0.119499206542969
0.161376953125 0.127197265625 -0.0897903442382812 -0.116584777832031
0.136428833007813 0.17791748046875 0.0329437255859375 -0.107658386230469
0.139137268066406 0.105751037597656 0.0223026275634766 0.0340061187744141
0.177764892578125 0.001739501953125 0.132720947265625 0.041259765625
0.110519409179688 -0.075653076171875 0.152023315429688 -0.0602264404296875
0.0409088134765625 -0.113212585449219 0.0792388916015625 -0.127403259277344
-0.0354995727539062 -0.09423828125 -0.0305862426757813 -0.125167846679688
-0.0832061767578125 -0.0637969970703125 -0.0829849243164063 -0.0608367919921875
-0.0893936157226562 -0.073883056640625 -0.0595207214355469 -0.0225028991699219
-0.0978622436523438 -0.0589141845703125 -0.0517349243164063 0.00664138793945312
-0.0617294311523437 -0.0818862915039063 -0.0548324584960938 0.0250701904296875
-0.0124893188476563 -0.117568969726563 -0.0722885131835938 0.0237350463867187
0.0633087158203125 -0.125595092773438 -0.1129150390625 -0.011688232421875
0.176788330078125 -0.03851318359375 -0.0965652465820312 -0.0655670166015625
0.185531616210938 0.0576171875 -0.0836334228515625 -0.0948104858398437
0.173736572265625 0.166000366210938 -0.055633544921875 -0.0633544921875
0.109939575195313 0.214767456054688 0.073150634765625 -0.0373153686523437
0.1387939453125 0.161056518554688 0.04913330078125 0.0742874145507813
0.22039794921875 0.043182373046875 0.133598327636719 0.0734100341796875
0.156707763671875 -0.07513427734375 0.1566162109375 -0.01959228515625
0.0682525634765625 -0.140670776367188 0.09674072265625 -0.087066650390625
-0.0384674072265625 -0.123367309570312 -0.000877380371093757 -0.0886764526367188
-0.0981292724609375 -0.081298828125 -0.0424346923828125 -0.0364112854003906
-0.106910705566406 -0.0885238647460938 -0.0187339782714844 -0.00175666809082032
-0.120223999023438 -0.0683441162109375 -0.0111751556396484 0.0275650024414062
-0.0803375244140625 -0.0922927856445312 -0.0224571228027344 0.0554046630859375
-0.0256576538085937 -0.135169982910156 -0.0504531860351563 0.0518112182617187
0.063720703125 -0.140975952148438 -0.101127624511719 0.0177688598632812
0.190567016601563 -0.0426483154296875 -0.0919647216796875 -0.0400466918945313
0.18902587890625 0.067901611328125 -0.056610107421875 -0.073211669921875
0.16058349609375 0.1832275390625 -0.016697883605957 -0.00585365295410155
0.0644378662109375 0.210067749023438 0.1026611328125 0.0410919189453125
0.10675048828125 0.183090209960938 0.07080078125 0.118194580078125
0.2125244140625 0.080352783203125 0.120620727539063 0.101860046386719
0.169021606445313 -0.0533294677734375 0.143325805664063 0.023895263671875
0.0833740234375 -0.136634826660156 0.100555419921875 -0.0380783081054688
-0.03375244140625 -0.129806518554688 0.0267982482910156 -0.0431900024414063
-0.0968170166015625 -0.083984375 0.00288343429565429 -0.00846004486083985
-0.108047485351563 -0.089691162109375 0.023773193359375 0.0181121826171875
-0.124542236328125 -0.0694961547851562 0.0328903198242188 0.04656982421875
-0.086334228515625 -0.0919952392578125 0.0132980346679687 0.0818252563476563
-0.0299911499023438 -0.136093139648438 -0.0274887084960938 0.0765380859375
0.0622329711914063 -0.137283325195313 -0.0852813720703125 0.0414810180664062
0.185104370117187 -0.0315704345703125 -0.084259033203125 -0.0199737548828125
0.169143676757813 0.0815887451171875 -0.0271568298339844 -0.055328369140625
0.122283935546875 0.181121826171875 0.0192298889160156 0.0496253967285156
0.01092529296875 0.164230346679688 0.119468688964844 0.109710693359375
0.0550537109375 0.163009643554688 0.0837860107421875 0.151840209960938
0.159896850585938 0.0934600830078125 0.0988082885742188 0.119186401367188
0.14239501953125 -0.0249786376953125 0.121536254882813 0.057708740234375
0.0769729614257812 -0.107147216796875 0.0935287475585938 0.00535583496093749
-0.0261306762695313 -0.112388610839844 0.0486602783203125 -0.000839233398437507
-0.0816802978515625 -0.0722122192382813 0.0446853637695312 0.015380859375
-0.0934295654296875 -0.0770034790039063 0.0627555847167969 0.0328102111816406
-0.110740661621094 -0.062225341796875 0.0728607177734375 0.0620651245117187
-0.0778350830078125 -0.0828781127929687 0.0453948974609375 0.103836059570312
-0.0257492065429687 -0.123367309570313 -0.008392333984375 0.098236083984375
0.06109619140625 -0.117561340332031 -0.0716018676757813 0.0618362426757812
0.163818359375 -0.0108642578125 -0.0777969360351562 -0.00360107421875
0.129814147949219 0.0936050415039063 -0.00224685668945312 -0.0375785827636719
0.065338134765625 0.161209106445313 0.0435638427734375 0.100700378417969
-0.042449951171875 0.0894546508789063 0.123779296875 0.153045654296875
-0.000839233398437508 0.108695983886719 0.091705322265625 0.16754150390625
0.0842208862304688 0.0780487060546875 0.08026123046875 0.123931884765625
0.0885009765625 -0.000732421875 0.101905822753906 0.0771408081054688
0.0529289245605469 -0.0630569458007813 0.0855789184570313 0.0341644287109375
-0.0165328979492188 -0.0746688842773438 0.065277099609375 0.0277137756347656
-0.0552406311035156 -0.0480995178222656 0.0768890380859375 0.03106689453125
-0.0652122497558594 -0.0532379150390625 0.092193603515625 0.0431900024414063
-0.080657958984375 -0.0469741821289063 0.104820251464844 0.0744476318359375
-0.0575332641601563 -0.063934326171875 0.0689239501953125 0.122901916503906
-0.0149307250976563 -0.0954132080078125 0.00233459472656249 0.118385314941406
0.0546035766601563 -0.0838088989257813 -0.0653457641601562 0.0782699584960938
0.125137329101562 0.0128631591796875 -0.0775833129882812 0.00658416748046876
0.07586669921875 0.09539794921875 0.0128440856933594 -0.0193099975585937
-0.000663757324218751 0.118598937988281 0.04986572265625 0.143646240234375
0.0546112060546875 -0.0456581115722656 -0.0749664306640625 -0.160980224609375
-0.0212020874023437 -0.0627288818359375 -0.0301513671875 0.000986099243164054
-0.0602035522460937 -0.0147972106933594 0.0871047973632812 -0.00469207763671875
-0.0374946594238281 0.0398674011230469 0.09002685546875 -0.100624084472656
0.004119873046875 0.0523262023925781 0.01263427734375 -0.144485473632812
0.0356941223144531 0.0288887023925781 -0.081085205078125 -0.1427001953125
0.0282154083251953 0.0137042999267578 -0.133949279785156 -0.0796737670898437
0.0214824676513672 0.0186290740966797 -0.119590759277344 -0.0474853515625
0.0207691192626953 0.0193710327148438 -0.101417541503906 -0.0306396484375
0.00433349609375 0.0188980102539063 -0.08892822265625 -0.0412216186523438
-0.0176906585693359 0.00966072082519531 -0.0944137573242188 -0.0429229736328125
-0.0328178405761719 -0.0210208892822266 -0.102668762207031 -0.073822021484375
0.0100364685058594 -0.0512008666992188 -0.0774459838867188 -0.133590698242187
0.0619049072265625 -0.0472068786621094 -0.10595703125 -0.16131591796875
0.0894622802734375 -0.02264404296875 -0.131851196289063 -0.174148559570313
0.108200073242188 0.0279693603515625 -0.0523834228515625 -0.169937133789063
0.0452995300292969 -0.0245208740234375 -0.0238914489746094 -0.00205230712890625
0.0133228302001953 -0.0295391082763672 0.101776123046875 -0.0018463134765625
-0.00133037567138672 -0.00675868988037109 0.1075439453125 -0.103668212890625
0.00272393226623535 -0.00310611724853516 0.02679443359375 -0.155487060546875
0.00475883483886719 -0.00798368453979492 -0.0789031982421875 -0.149642944335938
-0.0158452987670898 -0.0102558135986328 -0.134918212890625 -0.0799331665039062
-0.0217056274414062 -0.0150833129882812 -0.116493225097656 -0.04473876953125
-0.0217361450195313 -0.0124607086181641 -0.101882934570313 -0.024810791015625
-0.0131626129150391 -0.0243873596191406 -0.089569091796875 -0.0288238525390625
-0.00282669067382813 -0.0403785705566406 -0.094512939453125 -0.0302047729492188
0.0186309814453125 -0.056121826171875 -0.111396789550781 -0.0626754760742188
0.0823745727539063 -0.0312042236328125 -0.0855712890625 -0.117225646972656
0.114906311035156 0.00617218017578125 -0.10906982421875 -0.142242431640625
0.134300231933594 0.0590362548828125 -0.1185302734375 -0.154922485351563
0.141265869140625 0.10687255859375 -0.0158233642578125 -0.15350341796875
0.106094360351563 0.0336837768554687 -0.00480365753173828 0.00892448425292969
0.0999298095703125 -0.0289840698242188 0.120147705078125 0.0129776000976562
0.0501022338867187 -0.0515060424804688 0.13153076171875 -0.093109130859375
0.0138893127441406 -0.0637931823730469 0.049774169921875 -0.153717041015625
-0.0228195190429688 -0.0517692565917969 -0.0625762939453125 -0.145660400390625
-0.0568275451660156 -0.0368804931640625 -0.118476867675781 -0.0729217529296875
-0.0630378723144531 -0.0458564758300781 -0.0960540771484375 -0.0348663330078125
-0.0652236938476563 -0.038055419921875 -0.0848007202148438 -0.0101242065429687
-0.0386886596679688 -0.0589981079101563 -0.0786514282226562 -0.00258636474609377
-0.00385284423828125 -0.0859832763671875 -0.0891189575195313 -0.00418853759765627
0.0493240356445313 -0.0959320068359375 -0.119400024414062 -0.037506103515625
0.14111328125 -0.0341339111328125 -0.0963821411132813 -0.0923995971679687
0.161148071289063 0.037017822265625 -0.105087280273437 -0.117324829101563
0.168289184570313 0.121490478515625 -0.0943679809570313 -0.114677429199219
0.144760131835938 0.175048828125 0.0281982421875 -0.107933044433594
0.145004272460938 0.101699829101562 0.02252197265625 0.0360298156738281
0.179351806640625 -0.0065765380859375 0.13470458984375 0.0378036499023438
0.109268188476563 -0.0806503295898438 0.15118408203125 -0.06695556640625
0.0360488891601563 -0.117225646972656 0.0764846801757813 -0.132827758789062
-0.039794921875 -0.0936813354492188 -0.0359344482421875 -0.126060485839844
-0.087432861328125 -0.0617752075195313 -0.0862884521484375 -0.0569381713867187
-0.095306396484375 -0.0702362060546875 -0.0615348815917969 -0.0191497802734375
-0.102210998535156 -0.0550155639648438 -0.0527801513671875 0.00917434692382813
-0.0656280517578125 -0.081146240234375 -0.0543861389160156 0.0284690856933594
-0.0172882080078125 -0.11920166015625 -0.0735931396484375 0.0267486572265625
0.0586624145507813 -0.129783630371094 -0.117164611816406 -0.00610351562500002
0.178543090820313 -0.0467681884765625 -0.101188659667969 -0.0645675659179688
0.190460205078125 0.0515899658203125 -0.0881805419921875 -0.0932388305664063
0.18316650390625 0.160888671875 -0.0590553283691406 -0.0618896484375
0.120391845703125 0.213653564453125 0.0701484680175782 -0.0385017395019531
0.147674560546875 0.157150268554688 0.0515670776367188 0.07568359375
0.225372314453125 0.033599853515625 0.136184692382813 0.0704345703125
0.156021118164063 -0.0828399658203125 0.157379150390625 -0.0259246826171875
0.0630035400390625 -0.14605712890625 0.0950546264648438 -0.0922012329101563
-0.0443878173828125 -0.123237609863281 -0.00363922119140625 -0.0894088745117188
-0.101875305175781 -0.077606201171875 -0.0429725646972656 -0.0343475341796875
-0.113204956054688 -0.0850296020507812 -0.0192203521728516 -0.00094223022460938
-0.125289916992188 -0.0630416870117188 -0.0103130340576172 0.0282421112060547
-0.0848617553710937 -0.0898666381835938 -0.0194053649902344 0.0568885803222656
-0.03118896484375 -0.135299682617188 -0.0503311157226563 0.0553550720214844
0.0587005615234375 -0.14599609375 -0.103492736816406 0.0236740112304687
0.19140625 -0.05230712890625 -0.0960845947265625 -0.0382614135742188
0.194229125976562 0.0611724853515625 -0.0612640380859375 -0.072845458984375
0.170333862304688 0.178176879882813 -0.0169944763183594 -0.00589370727539061
0.074005126953125 0.211074829101562 0.103439331054687 0.0403366088867188
0.11553955078125 0.1806640625 0.074127197265625 0.118553161621094
0.218338012695313 0.0712738037109375 0.124114990234375 0.0989990234375
0.1683349609375 -0.06103515625 0.146041870117188 0.018585205078125
0.0775299072265625 -0.142227172851563 0.101303100585938 -0.0426406860351563
-0.0393524169921875 -0.129425048828125 0.0272369384765625 -0.0445175170898438
-0.100738525390625 -0.080291748046875 0.00321722030639648 -0.00877094268798829
-0.114189147949219 -0.0851287841796875 0.0243301391601562 0.0160236358642578
-0.129478454589844 -0.0642776489257813 0.0342864990234375 0.0447349548339844
-0.0907821655273438 -0.0898666381835937 0.0178756713867188 0.0815658569335938
-0.036376953125 -0.136161804199219 -0.0256195068359375 0.0794296264648437
0.05743408203125 -0.141555786132813 -0.0865097045898438 0.0473709106445312
0.18603515625 -0.0413970947265625 -0.0868453979492187 -0.0181884765625
0.17462158203125 0.07464599609375 -0.0303497314453125 -0.0565528869628906
0.132034301757812 0.177825927734375 0.0210609436035156 0.0487556457519531
0.018218994140625 0.167022705078125 0.1229248046875 0.10833740234375
0.0631103515625 0.161941528320313 0.0894775390625 0.15142822265625
0.166091918945312 0.086151123046875 0.102897644042969 0.117950439453125
0.143447875976563 -0.03106689453125 0.124771118164063 0.0537872314453125
0.0723953247070313 -0.111968994140625 0.0960235595703125 0.00186157226562499
-0.0310134887695312 -0.111984252929687 0.0509605407714844 -0.00283432006835938
-0.0852584838867188 -0.068817138671875 0.046630859375 0.0142745971679687
-0.0987014770507812 -0.0725784301757813 0.06463623046875 0.0297622680664063
-0.115280151367188 -0.0563430786132813 0.0762939453125 0.0586624145507813
-0.0817108154296875 -0.0799713134765625 0.0511856079101562 0.102943420410156
-0.0306854248046875 -0.121971130371094 -0.00576782226562501 0.100425720214844
0.0565261840820312 -0.120925903320313 -0.0712890625 0.066558837890625
0.164657592773438 -0.019500732421875 -0.0790252685546875 -0.00217437744140626
0.135330200195313 0.08837890625 -0.00462341308593749 -0.0396194458007812
0.0733642578125 0.159652709960938 0.0473098754882813 0.0991287231445313
-0.0397186279296875 0.0926742553710938 0.129745483398438 0.151565551757813
0.00421142578125 0.109916687011719 0.097808837890625 0.166900634765625
0.0888214111328125 0.074127197265625 0.0850448608398438 0.123611450195313
0.0896072387695313 -0.0051422119140625 0.106231689453125 0.073699951171875
0.0500373840332031 -0.0662269592285156 0.0884246826171875 0.0312957763671875
-0.0203170776367188 -0.0746078491210938 0.0694808959960938 0.0257987976074219
-0.0567283630371094 -0.0457267761230469 0.0796661376953125 0.0279769897460937
-0.0687713623046875 -0.0499954223632813 0.0947418212890625 0.0384750366210938
-0.0840301513671875 -0.0426559448242187 0.1099853515625 0.0690536499023438
-0.0603828430175781 -0.0615005493164062 0.0761337280273438 0.120651245117187
-0.0196685791015625 -0.094757080078125 0.005859375 0.120262145996094
0.0511856079101563 -0.08673095703125 -0.0642242431640625 0.0825271606445313
0.126235961914063 0.005859375 -0.0784072875976562 0.00884246826171876
0.0805740356445313 0.0926513671875 0.0102863311767578 -0.0215854644775391
0.00400543212890624 0.119720458984375 0.0548095703125 0.14190673828125
0.0538711547851563 -0.0470123291015625 -0.0781402587890625 -0.15911865234375
-0.0235977172851562 -0.0617103576660156 -0.0297813415527344 0.00367927551269531
-0.0608711242675781 -0.0135498046875 0.08795166015625 -0.005706787109375
-0.0348625183105469 0.0407142639160156 0.0881729125976563 -0.102706909179688
0.00580596923828124 0.0513267517089844 0.00978088378906251 -0.1461181640625
0.0356521606445313 0.0274467468261719 -0.085479736328125 -0.141876220703125
0.0283222198486328 0.0118198394775391 -0.137107849121094 -0.0757293701171875
0.0217113494873047 0.016937255859375 -0.121688842773438 -0.0432205200195312
0.0201416015625 0.0179195404052734 -0.102706909179687 -0.027679443359375
0.00571441650390625 0.0176048278808594 -0.0911483764648438 -0.0404129028320312
-0.0172014236450195 0.00939655303955078 -0.0966415405273438 -0.0408172607421875
-0.0331630706787109 -0.0197715759277344 -0.103912353515625 -0.072540283203125
0.00891494750976562 -0.0510292053222656 -0.079681396484375 -0.133377075195312
0.0606346130371094 -0.048736572265625 -0.10821533203125 -0.159332275390625
0.087799072265625 -0.0243606567382813 -0.133544921875 -0.1722412109375
0.109275817871094 0.0262985229492187 -0.0563812255859375 -0.16748046875
0.0446319580078125 -0.0248908996582031 -0.0235576629638672 0.000629425048828119
0.0133018493652344 -0.0299816131591797 0.102180480957031 -0.00243377685546875
-0.00072336196899414 -0.00650930404663086 0.106437683105469 -0.105857849121094
0.0039522647857666 -0.00351119041442871 0.0240478515625 -0.157058715820313
0.00403881072998047 -0.00875186920166016 -0.0826263427734375 -0.149200439453125
-0.016911506652832 -0.0105743408203125 -0.13726806640625 -0.0762405395507812
-0.0227947235107422 -0.0145721435546875 -0.1182861328125 -0.0407791137695313
-0.0230445861816406 -0.0124282836914063 -0.103355407714844 -0.0210113525390625
-0.0136814117431641 -0.0257301330566406 -0.0921249389648437 -0.0271148681640625
-0.00279998779296875 -0.0415534973144531 -0.0967254638671875 -0.0285491943359375
0.0176963806152344 -0.056427001953125 -0.11322021484375 -0.0599212646484375
0.0825653076171875 -0.0332717895507813 -0.0865631103515625 -0.116767883300781
0.114700317382813 0.0033416748046875 -0.111419677734375 -0.140243530273438
0.135337829589844 0.0565643310546875 -0.120880126953125 -0.15301513671875
0.143524169921875 0.104629516601562 -0.01947021484375 -0.150848388671875
0.107002258300781 0.031890869140625 -0.00484275817871093 0.0117168426513672
0.0995101928710937 -0.0310440063476562 0.120933532714844 0.011444091796875
0.0500144958496094 -0.0520439147949219 0.1302490234375 -0.0964584350585938
0.0125465393066406 -0.0648307800292969 0.04840087890625 -0.156326293945313
-0.0233688354492188 -0.0512275695800781 -0.0666351318359375 -0.145431518554688
-0.0580406188964844 -0.03570556640625 -0.120391845703125 -0.0691757202148437
-0.0650825500488281 -0.0446243286132812 -0.0978469848632813 -0.0313873291015625
-0.0666961669921875 -0.0367622375488281 -0.0855789184570313 -0.0072479248046875
-0.03961181640625 -0.0593376159667969 -0.0799560546875 -0.000755310058593767
-0.00498199462890625 -0.0869369506835938 -0.091094970703125 -0.00225067138671874
0.0472946166992188 -0.0976104736328125 -0.121109008789063 -0.0333480834960938
0.142135620117188 -0.0377044677734375 -0.0982208251953125 -0.0917892456054688
0.162551879882813 0.03436279296875 -0.106964111328125 -0.115257263183594
0.171157836914063 0.118728637695313 -0.0959243774414062 -0.112678527832031
0.14996337890625 0.172988891601563 0.0252227783203125 -0.106002807617188
0.147964477539063 0.09869384765625 0.0226325988769531 0.0383834838867188
0.180191040039062 -0.010986328125 0.134300231933594 0.036834716796875
0.108268737792969 -0.0830917358398438 0.150299072265625 -0.070068359375
0.0336151123046875 -0.118423461914062 0.0743560791015625 -0.135643005371094
-0.0416717529296875 -0.09356689453125 -0.0380783081054688 -0.125801086425781
-0.0887298583984375 -0.0594100952148438 -0.0870437622070313 -0.0541305541992188
-0.0989456176757813 -0.0674285888671875 -0.0629043579101563 -0.0169105529785156
-0.104141235351563 -0.0519943237304687 -0.0535354614257813 0.0107841491699219
-0.06707763671875 -0.0795669555664063 -0.0540733337402344 0.0294570922851563
-0.019744873046875 -0.1195068359375 -0.074737548828125 0.0289306640625
0.05645751953125 -0.131172180175781 -0.118324279785156 -0.00149536132812501
0.178436279296875 -0.0521697998046875 -0.102432250976562 -0.0637664794921875
0.191818237304688 0.0471343994140625 -0.090118408203125 -0.0915985107421875
0.186782836914062 0.156951904296875 -0.0593757629394531 -0.0608863830566406
0.125823974609375 0.212646484375 0.0688896179199219 -0.03692626953125
0.152359008789063 0.15496826171875 0.0518875122070313 0.0777053833007813
0.226638793945313 0.02679443359375 0.135887145996094 0.0687942504882813
0.15472412109375 -0.0858154296875 0.1573486328125 -0.029052734375
0.05950927734375 -0.147903442382813 0.09405517578125 -0.0954132080078125
-0.0475234985351562 -0.122833251953125 -0.00438690185546875 -0.089569091796875
-0.104118347167969 -0.0749130249023438 -0.0430145263671875 -0.0325202941894531
-0.117332458496094 -0.0814132690429687 -0.0198287963867188 -0.000244140625000007
-0.126823425292969 -0.0597457885742188 -0.0101051330566406 0.0288944244384766
-0.0866165161132812 -0.088348388671875 -0.0180892944335938 0.0583648681640625
-0.034332275390625 -0.13543701171875 -0.0505943298339844 0.0570220947265625
0.055816650390625 -0.147430419921875 -0.105178833007812 0.0276641845703125
0.191070556640625 -0.058563232421875 -0.0980148315429688 -0.0378189086914063
0.19610595703125 0.056396484375 -0.0634536743164062 -0.0725936889648438
0.174972534179688 0.174911499023437 -0.0171623229980469 -0.00606918334960936
0.0799407958984375 0.210830688476563 0.103958129882813 0.0405654907226563
0.120101928710938 0.178848266601563 0.0757675170898438 0.11981201171875
0.220169067382813 0.064208984375 0.124786376953125 0.0987625122070312
0.167861938476563 -0.064178466796875 0.146377563476563 0.016021728515625
0.0744476318359375 -0.145294189453125 0.101219177246094 -0.0443496704101563
-0.0425262451171875 -0.12945556640625 0.0272979736328125 -0.0445060729980469
-0.102256774902344 -0.0778656005859375 0.00458002090454101 -0.00828695297241211
-0.117904663085938 -0.0817794799804687 0.0252208709716797 0.015228271484375
-0.131484985351563 -0.0595779418945312 0.0357170104980469 0.0437393188476562
-0.0919189453125 -0.0868148803710938 0.0195541381835937 0.0810394287109375
-0.0394134521484375 -0.134750366210938 -0.0248947143554688 0.0809326171875
0.0543670654296875 -0.143096923828125 -0.0870819091796875 0.0510025024414063
0.185379028320313 -0.047454833984375 -0.0875244140625 -0.0171737670898438
0.1778564453125 0.0709991455078125 -0.033050537109375 -0.0574493408203125
0.135299682617188 0.174560546875 0.0221710205078125 0.0472755432128906
0.0230865478515625 0.167770385742188 0.124435424804687 0.108024597167969
0.0665283203125 0.160903930664063 0.0908355712890625 0.15216064453125
0.168487548828125 0.0809783935546875 0.104667663574219 0.117080688476563
0.143173217773438 -0.0348358154296875 0.126106262207031 0.0516891479492188
0.069671630859375 -0.113967895507813 0.0973129272460938 0.000381469726562493
-0.033905029296875 -0.111007690429688 0.0529518127441406 -0.00312805175781251
-0.0863571166992187 -0.0661468505859375 0.0481033325195312 0.0130424499511719
-0.101608276367188 -0.0694961547851562 0.0652008056640625 0.0277595520019531
-0.11651611328125 -0.0525131225585937 0.0784835815429687 0.0562591552734375
-0.083160400390625 -0.0774307250976562 0.0546798706054687 0.101615905761719
-0.0339813232421875 -0.121482849121094 -0.0042572021484375 0.101585388183594
0.0534744262695313 -0.122177124023437 -0.0718612670898437 0.06964111328125
0.164169311523437 -0.0244903564453125 -0.0803756713867187 -0.00195312499999999
0.1380615234375 0.0848541259765625 -0.00713348388671874 -0.0404014587402344
0.0767822265625 0.157135009765625 0.0485763549804688 0.0974273681640625
-0.036407470703125 0.0943145751953125 0.131820678710938 0.15118408203125
0.00678253173828125 0.1092529296875 0.099822998046875 0.16558837890625
0.0908355712890625 0.0704421997070313 0.0867843627929688 0.123466491699219
0.0900421142578125 -0.007171630859375 0.107627868652344 0.07275390625
0.0474586486816406 -0.0678253173828125 0.0901336669921875 0.0297317504882813
-0.022674560546875 -0.07427978515625 0.0719985961914063 0.0250015258789063
-0.05767822265625 -0.0431861877441406 0.0817031860351563 0.0264968872070312
-0.0704116821289062 -0.0470809936523438 0.0961074829101563 0.03546142578125
-0.0853271484375 -0.0387802124023438 0.112007141113281 0.0653533935546875
-0.0618972778320313 -0.0592269897460937 0.0795516967773438 0.118324279785156
-0.021392822265625 -0.094146728515625 0.00795745849609376 0.121444702148438
0.0487442016601562 -0.0874176025390625 -0.0641098022460937 0.0844879150390625
0.126213073730469 0.001861572265625 -0.0792694091796875 0.00885009765624999
0.08380126953125 0.0900497436523438 0.00830459594726563 -0.0232791900634766
0.00693511962890625 0.119537353515625 0.0572586059570312 0.1402587890625
0.0554771423339844 -0.0471839904785156 -0.0795745849609375 -0.159622192382813
-0.024444580078125 -0.0619125366210937 -0.0303230285644531 0.00509643554687499
-0.0611534118652344 -0.0124664306640625 0.0898971557617187 -0.0047760009765625
-0.0340003967285156 0.0408592224121094 0.0895309448242188 -0.103897094726563
0.00662994384765625 0.0516471862792969 0.00979614257812502 -0.149200439453125
0.0355606079101563 0.0260238647460938 -0.0880279541015625 -0.143905639648438
0.0285472869873047 0.0113792419433594 -0.140579223632813 -0.0750274658203125
0.0218105316162109 0.0170478820800781 -0.123886108398438 -0.04144287109375
0.0202198028564453 0.0170917510986328 -0.104179382324219 -0.0264129638671875
0.00512123107910156 0.0154924392700195 -0.0944061279296875 -0.0401077270507812
-0.017155647277832 0.00893306732177734 -0.09906005859375 -0.041290283203125
-0.0329418182373047 -0.0192947387695313 -0.1051025390625 -0.0734939575195313
0.00952529907226563 -0.0512809753417969 -0.0792922973632813 -0.135780334472656
0.0603370666503906 -0.0499153137207031 -0.108352661132813 -0.16046142578125
0.0880661010742188 -0.0245742797851562 -0.133255004882812 -0.1744384765625
0.110588073730469 0.026763916015625 -0.0571136474609375 -0.16796875
0.0451126098632813 -0.0249557495117187 -0.02349853515625 0.00316238403320313
0.0138225555419922 -0.0300159454345703 0.104072570800781 -0.000946044921875002
0.000807762145996094 -0.00688552856445313 0.107696533203125 -0.107139587402344
0.00386333465576172 -0.00428605079650879 0.0242462158203125 -0.16070556640625
0.00382041931152344 -0.00984954833984375 -0.0853424072265625 -0.151565551757813
-0.0171098709106445 -0.0112943649291992 -0.140373229980469 -0.075042724609375
-0.0239143371582031 -0.0146369934082031 -0.120819091796875 -0.0384979248046875
-0.0241546630859375 -0.0131473541259766 -0.1048583984375 -0.020263671875
-0.0139617919921875 -0.0269660949707031 -0.0948333740234375 -0.0268478393554687
-0.00292205810546875 -0.043243408203125 -0.0994415283203125 -0.028045654296875
0.017974853515625 -0.0567359924316406 -0.115402221679688 -0.0600662231445313
0.0841293334960937 -0.03399658203125 -0.0878753662109375 -0.119178771972656
0.115753173828125 0.00377655029296875 -0.112335205078125 -0.142059326171875
0.136772155761719 0.0569534301757812 -0.120651245117187 -0.15478515625
0.146286010742188 0.105377197265625 -0.0199127197265625 -0.15069580078125
0.108612060546875 0.0320281982421875 -0.00448513031005859 0.0145845413208008
0.100776672363281 -0.0326461791992187 0.121978759765625 0.0132598876953125
0.0512924194335938 -0.0531234741210938 0.1312255859375 -0.0977325439453125
0.0123405456542969 -0.0660629272460938 0.0479736328125 -0.159759521484375
-0.0241203308105469 -0.0526046752929687 -0.0676422119140625 -0.147552490234375
-0.0594215393066406 -0.0361785888671875 -0.122573852539063 -0.0686111450195313
-0.0677642822265625 -0.0443649291992188 -0.10040283203125 -0.029937744140625
-0.0686531066894531 -0.0368843078613281 -0.0872573852539063 -0.00560760498046877
-0.0406761169433594 -0.0603370666503906 -0.0817337036132813 -0.000404357910156268
-0.00553894042968751 -0.088958740234375 -0.0933609008789063 -0.00138854980468751
0.0478515625 -0.0990753173828125 -0.123832702636719 -0.0327072143554688
0.1436767578125 -0.0392608642578125 -0.0998992919921875 -0.0943603515625
0.164077758789063 0.034423828125 -0.108444213867187 -0.116912841796875
0.173233032226563 0.119338989257813 -0.096435546875 -0.114433288574219
0.152603149414063 0.17523193359375 0.0253829956054688 -0.104316711425781
0.150222778320313 0.098663330078125 0.0229835510253906 0.0416221618652344
0.183212280273438 -0.012969970703125 0.135215759277344 0.0384521484375
0.110404968261719 -0.084564208984375 0.152511596679687 -0.0710601806640625
0.0333709716796875 -0.120429992675781 0.07568359375 -0.138969421386719
-0.0421371459960938 -0.0943527221679688 -0.038970947265625 -0.127197265625
-0.0904083251953125 -0.059906005859375 -0.08795166015625 -0.05377197265625
-0.102035522460938 -0.066802978515625 -0.0643310546875 -0.01617431640625
-0.105812072753906 -0.0523757934570312 -0.0540657043457031 0.0128326416015625
-0.0680313110351563 -0.0810089111328125 -0.0543861389160156 0.0303688049316406
-0.0204315185546875 -0.121330261230469 -0.076629638671875 0.0301971435546875
0.0570144653320312 -0.133323669433594 -0.12139892578125 0.000152587890625
0.181076049804687 -0.0547637939453125 -0.105079650878906 -0.0652389526367188
0.194580078125 0.04718017578125 -0.0916213989257812 -0.0936813354492188
0.188980102539063 0.1580810546875 -0.0601425170898438 -0.0620155334472656
0.12872314453125 0.215103149414063 0.0691642761230469 -0.0348930358886719
0.155792236328125 0.155899047851563 0.052459716796875 0.0809097290039063
0.229736328125 0.024932861328125 0.137237548828125 0.071136474609375
0.156784057617187 -0.0876922607421875 0.158279418945313 -0.0288848876953125
0.0587005615234375 -0.15093994140625 0.0963211059570313 -0.097412109375
-0.0480270385742188 -0.124443054199219 -0.00418853759765625 -0.0914535522460938
-0.105781555175781 -0.07550048828125 -0.042633056640625 -0.0327072143554688
-0.120521545410156 -0.0795974731445313 -0.02069091796875 8.39233398437432E-05
-0.129005432128906 -0.0584945678710937 -0.0107440948486328 0.0299816131591797
-0.08746337890625 -0.088409423828125 -0.0175018310546875 0.0587882995605469
-0.035003662109375 -0.137252807617188 -0.0523567199707031 0.0588340759277344
0.0557403564453125 -0.149627685546875 -0.107589721679688 0.0301666259765625
0.193145751953125 -0.0612640380859375 -0.0996932983398437 -0.0388031005859375
0.19989013671875 0.0561981201171875 -0.065093994140625 -0.0743637084960938
0.177566528320312 0.175949096679688 -0.0170974731445312 -0.00640201568603515
0.0824127197265625 0.212860107421875 0.104515075683594 0.043365478515625
0.12255859375 0.179168701171875 0.0755996704101563 0.123451232910156
0.22442626953125 0.062713623046875 0.125015258789063 0.101043701171875
0.1707763671875 -0.0660552978515625 0.14813232421875 0.016754150390625
0.07440185546875 -0.1478271484375 0.1031494140625 -0.0460968017578125
-0.0438385009765625 -0.130142211914063 0.0285110473632812 -0.0459022521972656
-0.1033935546875 -0.0781784057617188 0.00650835037231445 -0.00780630111694336
-0.120635986328125 -0.0805206298828125 0.0253963470458984 0.0150032043457031
-0.133834838867188 -0.0581588745117188 0.0360298156738281 0.0443191528320312
-0.0933303833007813 -0.0871658325195312 0.0213394165039062 0.082183837890625
-0.040313720703125 -0.135833740234375 -0.0259017944335938 0.0827560424804687
0.05352783203125 -0.14532470703125 -0.0890426635742188 0.0535964965820312
0.186737060546875 -0.0493927001953125 -0.090057373046875 -0.0189056396484375
0.179519653320312 0.070892333984375 -0.0344352722167969 -0.0592079162597656
0.138671875 0.176422119140625 0.0223808288574219 0.0476608276367188
0.024749755859375 0.169906616210938 0.1251220703125 0.111076354980469
0.068115234375 0.16229248046875 0.0904998779296875 0.155136108398438
0.17108154296875 0.0789642333984375 0.104583740234375 0.119544982910156
0.144302368164062 -0.0357208251953125 0.126609802246094 0.0528564453125
0.0696258544921875 -0.11639404296875 0.099273681640625 8.39233398437429E-05
-0.0347976684570312 -0.111679077148438 0.0550575256347656 -0.00328826904296876
-0.0867996215820313 -0.0666351318359375 0.0506744384765625 0.0127029418945312
-0.104034423828125 -0.0685195922851562 0.0662269592285156 0.02703857421875
-0.118331909179688 -0.0504837036132812 0.0791778564453125 0.0555038452148438
-0.0837783813476563 -0.0773391723632813 0.0561752319335937 0.101753234863281
-0.0349884033203125 -0.122047424316406 -0.00460815429687501 0.104278564453125
0.0533905029296875 -0.122634887695312 -0.073272705078125 0.0717391967773437
0.16571044921875 -0.026763916015625 -0.0822677612304687 -0.00340270996093752
0.140571594238281 0.0850677490234375 -0.00845718383789061 -0.04315185546875
0.07861328125 0.158966064453125 0.04888916015625 0.0980072021484375
-0.0358505249023437 0.09576416015625 0.132369995117188 0.153884887695313
0.0077362060546875 0.10986328125 0.0999908447265625 0.167938232421875
0.0918350219726563 0.069305419921875 0.0873641967773437 0.125526428222656
0.090301513671875 -0.00836944580078125 0.108917236328125 0.0736541748046875
0.0472030639648437 -0.0685043334960937 0.0918731689453125 0.0302658081054687
-0.023529052734375 -0.07427978515625 0.0746002197265625 0.0248184204101563
-0.057891845703125 -0.0432586669921875 0.0846633911132813 0.0255050659179687
-0.0720596313476563 -0.0461502075195313 0.0968017578125 0.0342864990234375
-0.0864791870117188 -0.03778076171875 0.112937927246094 0.0649566650390625
-0.0621986389160156 -0.059417724609375 0.08197021484375 0.117973327636719
-0.022491455078125 -0.094512939453125 0.00765991210937501 0.123695373535156
0.0488739013671875 -0.0884170532226563 -0.0653228759765625 0.0863418579101562
0.127273559570313 0.0004425048828125 -0.0808334350585937 0.00830078124999998
0.0852203369140625 0.0899658203125 0.00759315490722657 -0.0252647399902344
0.00751495361328125 0.120323181152344 0.0574493408203125 0.141845703125
0.0572662353515625 -0.0485305786132813 -0.081878662109375 -0.164443969726563
-0.0258255004882813 -0.0627555847167969 -0.0310134887695312 0.00691413879394532
-0.0626373291015625 -0.0116233825683594 0.0941238403320313 -0.00445556640625
-0.0341453552246094 0.0410995483398438 0.093414306640625 -0.107292175292969
0.00756072998046875 0.0528678894042969 0.010772705078125 -0.15521240234375
0.0366020202636719 0.0263404846191406 -0.0915374755859375 -0.1497802734375
0.0281982421875 0.0112648010253906 -0.146484375 -0.075927734375
0.0221691131591797 0.0168285369873047 -0.128532409667969 -0.0403289794921875
0.0208778381347656 0.0167121887207031 -0.108207702636719 -0.0270309448242187
0.0044240951538086 0.0155649185180664 -0.0993499755859375 -0.0414657592773438
-0.0173263549804688 0.00868892669677734 -0.103836059570313 -0.04229736328125
-0.0329608917236328 -0.0185871124267578 -0.108314514160156 -0.076873779296875
0.00952911376953125 -0.0532264709472656 -0.081146240234375 -0.142425537109375
0.0607185363769531 -0.051483154296875 -0.110244750976563 -0.166213989257813
0.0904006958007813 -0.025177001953125 -0.134674072265625 -0.181838989257813
0.114540100097656 0.027679443359375 -0.058563232421875 -0.171539306640625
0.0461311340332031 -0.025390625 -0.0235176086425781 0.00503921508789063
0.0143680572509766 -0.0308246612548828 0.108207702636719 8.39233398437481E-05
0.00180530548095703 -0.00758647918701172 0.111869812011719 -0.110733032226563
0.00447225570678711 -0.00469493865966797 0.025604248046875 -0.167739868164063
0.00424575805664063 -0.0113630294799805 -0.0886993408203125 -0.156814575195313
-0.0182723999023438 -0.0120849609375 -0.146163940429688 -0.0765533447265625
-0.0253791809082031 -0.0154075622558594 -0.125320434570313 -0.0380935668945313
-0.0250396728515625 -0.01446533203125 -0.108650207519531 -0.0196990966796875
-0.0150051116943359 -0.0298633575439453 -0.099273681640625 -0.0276641845703125
-0.00295257568359375 -0.0456809997558594 -0.10418701171875 -0.0292434692382812
0.0194091796875 -0.0579833984375 -0.119537353515625 -0.062042236328125
0.08734130859375 -0.0353317260742187 -0.0900726318359375 -0.124969482421875
0.118118286132812 0.0045928955078125 -0.114669799804688 -0.147018432617188
0.140396118164063 0.0601119995117188 -0.122695922851563 -0.161376953125
0.151016235351563 0.109375 -0.01971435546875 -0.154022216796875
0.112373352050781 0.0341110229492188 -0.00408363342285156 0.0175876617431641
0.104583740234375 -0.03424072265625 0.126251220703125 0.0150070190429687
0.05419921875 -0.05499267578125 0.136497497558594 -0.0997161865234375
0.0128898620605469 -0.0686149597167969 0.0505828857421875 -0.166778564453125
-0.0250167846679687 -0.0552864074707031 -0.070465087890625 -0.152938842773438
-0.0616035461425781 -0.0377082824707031 -0.126815795898438 -0.0701065063476563
-0.0711135864257813 -0.0451126098632812 -0.103912353515625 -0.0293350219726562
-0.0713653564453125 -0.038177490234375 -0.0904464721679688 -0.00400543212890627
-0.0419349670410156 -0.0639572143554687 -0.085540771484375 -0.000404357910156253
-0.00579833984375001 -0.0931320190429687 -0.0985031127929688 -0.00109863281250001
0.0499725341796875 -0.102394104003906 -0.128684997558594 -0.0332794189453125
0.149765014648438 -0.0415802001953125 -0.102951049804687 -0.099273681640625
0.169479370117187 0.035919189453125 -0.111473083496094 -0.121360778808594
0.178482055664062 0.123794555664063 -0.0980987548828125 -0.119178771972656
0.15838623046875 0.181304931640625 0.0261077880859375 -0.105422973632812
0.155410766601563 0.102310180664063 0.02386474609375 0.0457954406738281
0.189422607421875 -0.01519775390625 0.140525817871094 0.0420608520507813
0.114494323730469 -0.0869903564453125 0.156829833984375 -0.0723419189453125
0.034088134765625 -0.125495910644531 0.0793914794921875 -0.145156860351563
-0.0430374145507812 -0.0980758666992188 -0.0399932861328125 -0.13238525390625
-0.0935287475585938 -0.0618515014648437 -0.0903091430664063 -0.0548324584960937
-0.106643676757812 -0.0683212280273438 -0.0669212341308594 -0.0155525207519531
-0.109687805175781 -0.053192138671875 -0.0560836791992188 0.0143508911132812
-0.0701751708984375 -0.084136962890625 -0.0572738647460938 0.0312271118164062
-0.0209884643554688 -0.126808166503906 -0.0809707641601563 0.0318069458007812
0.0588150024414063 -0.138557434082031 -0.126823425292969 0.00180053710937499
0.18756103515625 -0.058135986328125 -0.108627319335938 -0.0695343017578125
0.201461791992188 0.04931640625 -0.09503173828125 -0.0972671508789063
0.195877075195313 0.163604736328125 -0.0614547729492187 -0.0650367736816406
0.133056640625 0.222900390625 0.0714874267578125 -0.0336532592773437
0.160812377929688 0.160842895507813 0.0538711547851563 0.086456298828125
0.237594604492188 0.023651123046875 0.1412353515625 0.0757598876953125
0.162628173828125 -0.0903778076171875 0.163345336914062 -0.0288238525390625
0.06005859375 -0.15631103515625 0.100479125976563 -0.102035522460938
-0.0489501953125 -0.127998352050781 -0.00325775146484376 -0.0943222045898438
-0.108665466308594 -0.0781173706054687 -0.0430908203125 -0.0331001281738281
-0.1258544921875 -0.0813140869140625 -0.0216102600097656 0.00078773498535156
-0.134063720703125 -0.0597076416015625 -0.0109024047851563 0.0313701629638672
-0.0900955200195313 -0.0919342041015625 -0.0180473327636719 0.0607032775878906
-0.036285400390625 -0.141738891601563 -0.0547523498535156 0.0615348815917969
0.0570220947265625 -0.1553955078125 -0.112251281738281 0.0334243774414063
0.199935913085938 -0.0639190673828125 -0.1036376953125 -0.0419235229492188
0.206085205078125 0.058837890625 -0.067962646484375 -0.0783309936523438
0.183914184570313 0.182327270507812 -0.0175361633300781 -0.0074329376220703
0.0855560302734375 0.220932006835938 0.106231689453125 0.0473251342773438
0.127578735351563 0.18597412109375 0.0773544311523438 0.129348754882813
0.231048583984375 0.0627593994140625 0.127304077148438 0.106918334960937
0.177230834960938 -0.06787109375 0.151702880859375 0.018218994140625
0.0755462646484375 -0.152816772460938 0.107719421386719 -0.047821044921875
-0.0451202392578125 -0.134544372558594 0.0313186645507813 -0.0476722717285156
-0.106361389160156 -0.0804824829101563 0.0081944465637207 -0.0085744857788086
-0.125320434570312 -0.0811691284179688 0.02587890625 0.01556396484375
-0.13818359375 -0.0585250854492187 0.0372467041015625 0.0457115173339844
-0.0955123901367188 -0.0895309448242188 0.0225296020507812 0.0846786499023438
-0.0419769287109375 -0.140449523925781 -0.02801513671875 0.0871124267578125
0.05596923828125 -0.149856567382813 -0.0931396484375 0.057037353515625
0.1923828125 -0.05328369140625 -0.0941390991210937 -0.0207443237304687
0.18603515625 0.0722198486328125 -0.0370750427246094 -0.0620193481445313
0.143234252929688 0.182205200195312 0.0226020812988281 0.0483779907226563
0.026214599609375 0.176193237304687 0.127944946289063 0.116912841796875
0.0704803466796875 0.167404174804687 0.092559814453125 0.162094116210938
0.176361083984375 0.0799407958984375 0.106773376464844 0.125663757324219
0.14947509765625 -0.0364532470703125 0.130317687988281 0.0558242797851563
0.0711212158203125 -0.120811462402344 0.104080200195312 0.000114440917968743
-0.0363998413085937 -0.115119934082031 0.059326171875 -0.00356674194335938
-0.0895233154296875 -0.0681838989257813 0.0537376403808594 0.0124664306640625
-0.108100891113281 -0.0691680908203125 0.0688896179199219 0.0273551940917969
-0.121955871582031 -0.0506820678710937 0.0820846557617187 0.0574569702148437
-0.0859451293945312 -0.0797348022460938 0.0588150024414062 0.104530334472656
-0.0357589721679687 -0.125053405761719 -0.00597381591796875 0.108657836914063
0.054962158203125 -0.126907348632813 -0.0767745971679687 0.0756607055664062
0.170700073242188 -0.028472900390625 -0.0858688354492188 -0.00463104248046874
0.1444091796875 0.0871124267578125 -0.0103378295898437 -0.0457382202148438
0.08160400390625 0.164581298828125 0.0502700805664062 0.101173400878906
-0.035797119140625 0.100151062011719 0.135177612304688 0.161102294921875
0.00801086425781251 0.112876892089844 0.102142333984375 0.175491333007813
0.09490966796875 0.0696868896484375 0.0891189575195313 0.131095886230469
0.0935897827148438 -0.00820159912109375 0.112144470214844 0.0776901245117188
0.0482330322265625 -0.0712127685546875 0.09613037109375 0.0323944091796875
-0.0250778198242187 -0.075714111328125 0.0795211791992188 0.0256118774414062
-0.0590019226074219 -0.0441932678222656 0.0888137817382813 0.0251083374023437
-0.074493408203125 -0.0459136962890625 0.10064697265625 0.0343475341796875
-0.08892822265625 -0.0370559692382813 0.117630004882812 0.0656967163085938
-0.063873291015625 -0.0610580444335938 0.0847091674804687 0.121414184570312
-0.0236358642578125 -0.0969772338867188 0.00689697265624998 0.12872314453125
0.0503616333007812 -0.0904083251953125 -0.06829833984375 0.0903091430664062
0.130828857421875 -0.0013885498046875 -0.0840682983398437 0.00729370117187501
0.088043212890625 0.0913238525390625 0.00598907470703125 -0.0277690887451172
0.00780487060546876 0.124763488769531 0.0579071044921875 0.145965576171875
0.0582122802734375 -0.05169677734375 -0.0882720947265625 -0.170852661132813
-0.0278091430664063 -0.0646514892578125 -0.0317306518554687 0.00835990905761719
-0.0656394958496094 -0.01171875 0.100250244140625 -0.00476837158203125
-0.0345039367675781 0.0436172485351563 0.0974655151367188 -0.114334106445312
0.0094146728515625 0.0551338195800781 0.00906372070312499 -0.165008544921875
0.0383491516113281 0.02593994140625 -0.100051879882813 -0.157012939453125
0.0288200378417969 0.0110530853271484 -0.155853271484375 -0.076019287109375
0.0235252380371094 0.0176544189453125 -0.136192321777344 -0.038177490234375
0.0213279724121094 0.0164642333984375 -0.114845275878906 -0.0258941650390625
0.00437450408935547 0.0144205093383789 -0.107109069824219 -0.041656494140625
-0.0182590484619141 0.00852012634277343 -0.111000061035156 -0.0430450439453125
-0.033782958984375 -0.0184822082519531 -0.115806579589844 -0.0793304443359375
0.0101776123046875 -0.0554008483886719 -0.08636474609375 -0.1488037109375
0.0617408752441406 -0.0543708801269531 -0.116668701171875 -0.1728515625
0.0938491821289063 -0.0270919799804688 -0.141448974609375 -0.190887451171875
0.120452880859375 0.0271453857421875 -0.0632781982421875 -0.178131103515625
0.0481452941894531 -0.0264511108398438 -0.0240230560302734 0.00801467895507813
0.0150928497314453 -0.0329875946044922 0.114715576171875 -0.000267028808593752
0.00233125686645508 -0.00846767425537109 0.117279052734375 -0.118019104003906
0.00514984130859375 -0.00498151779174805 0.024200439453125 -0.178482055664063
0.00366687774658203 -0.0125894546508789 -0.096435546875 -0.163803100585938
-0.0201683044433594 -0.0131015777587891 -0.155380249023438 -0.0765838623046875
-0.028594970703125 -0.0156726837158203 -0.133445739746094 -0.0353622436523438
-0.0279273986816406 -0.0151462554931641 -0.115547180175781 -0.0180511474609375
-0.0164947509765625 -0.0322380065917969 -0.106925964355469 -0.027557373046875
-0.00349807739257813 -0.0489311218261719 -0.111274719238281 -0.0290756225585938
0.0206146240234375 -0.0611457824707031 -0.126716613769531 -0.0629348754882813
0.0917816162109375 -0.0386810302734375 -0.0958251953125 -0.131797790527344
0.123176574707031 0.00372314453125 -0.12109375 -0.15216064453125
0.148086547851563 0.061492919921875 -0.128936767578125 -0.168914794921875
0.16058349609375 0.112991333007813 -0.0234527587890625 -0.159774780273438
0.118316650390625 0.0341720581054688 -0.00301551818847655 0.0206127166748047
0.109481811523438 -0.038330078125 0.133041381835938 0.015777587890625
0.0567779541015625 -0.0591087341308594 0.14202880859375 -0.106643676757813
0.0123367309570313 -0.0726470947265625 0.0509796142578125 -0.177627563476563
-0.0263938903808594 -0.0581855773925781 -0.0768585205078125 -0.159759521484375
-0.0659866333007813 -0.0390129089355469 -0.134498596191406 -0.0699920654296875
-0.0770187377929688 -0.0459823608398437 -0.110214233398438 -0.0271148681640625
-0.0764312744140625 -0.0394287109375 -0.095550537109375 -0.00194549560546877
-0.0455818176269531 -0.0673675537109375 -0.0912322998046875 0.00121307373046876
-0.007843017578125 -0.0989456176757813 -0.104774475097656 0.000839233398437473
0.0522537231445313 -0.108390808105469 -0.136680603027344 -0.032012939453125
0.157073974609375 -0.0461883544921875 -0.109779357910156 -0.104766845703125
0.177703857421875 0.0356597900390625 -0.118400573730469 -0.126289367675781
0.18994140625 0.12872314453125 -0.103584289550781 -0.124351501464844
0.169235229492188 0.188751220703125 0.0261611938476563 -0.109230041503906
0.1656494140625 0.105560302734375 0.026824951171875 0.0507240295410156
0.198516845703125 -0.020294189453125 0.147476196289063 0.044219970703125
0.119796752929688 -0.09375 0.164352416992187 -0.0771484375
0.0339126586914063 -0.132415771484375 0.081024169921875 -0.155014038085938
-0.0469284057617188 -0.103179931640625 -0.04345703125 -0.138465881347656
-0.099212646484375 -0.0636749267578125 -0.0954818725585938 -0.055877685546875
-0.114364624023438 -0.0695724487304688 -0.0711746215820313 -0.0139389038085937
-0.117721557617188 -0.0534286499023438 -0.0593185424804688 0.0170326232910156
-0.0746231079101563 -0.0881118774414063 -0.0599098205566406 0.0339202880859375
-0.0240631103515625 -0.132919311523438 -0.0867233276367188 0.0352249145507812
0.0606842041015625 -0.147415161132813 -0.134346008300781 0.00516510009765622
0.196578979492188 -0.0649261474609375 -0.116584777832031 -0.073333740234375
0.21221923828125 0.04925537109375 -0.101516723632812 -0.102226257324219
0.208908081054688 0.170303344726562 -0.0640411376953125 -0.0678749084472656
0.143844604492188 0.232147216796875 0.0745315551757813 -0.0341415405273437
0.171249389648438 0.166641235351563 0.0575637817382813 0.0930252075195313
0.250091552734375 0.019744873046875 0.148681640625 0.0798797607421875
0.16998291015625 -0.0970611572265625 0.170944213867188 -0.0311431884765625
0.060455322265625 -0.16583251953125 0.104896545410156 -0.109085083007813
-0.0531234741210937 -0.134330749511719 -0.0039215087890625 -0.0990524291992188
-0.115753173828125 -0.080718994140625 -0.0447196960449219 -0.0344200134277344
-0.135009765625 -0.0822219848632813 -0.0227451324462891 0.00181770324707031
-0.142578125 -0.0591888427734375 -0.0111465454101563 0.0340862274169922
-0.0954742431640625 -0.095489501953125 -0.0184211730957031 0.0637283325195313
-0.041015625 -0.148284912109375 -0.0582923889160156 0.0669212341308594
0.0582733154296875 -0.164291381835938 -0.118209838867188 0.038116455078125
0.208709716796875 -0.071990966796875 -0.111679077148437 -0.044586181640625
0.218063354492188 0.0584869384765625 -0.0731048583984375 -0.082122802734375
0.196365356445312 0.18963623046875 -0.0176162719726562 -0.00788688659667968
0.09454345703125 0.231231689453125 0.112319946289063 0.0497817993164063
0.136398315429688 0.192535400390625 0.0827102661132813 0.137939453125
0.2435302734375 0.06121826171875 0.134628295898438 0.112152099609375
0.185028076171875 -0.073974609375 0.1600341796875 0.0190887451171875
0.077178955078125 -0.162094116210937 0.114013671875 -0.052398681640625
-0.04931640625 -0.141220092773438 0.0331039428710938 -0.0498428344726563
-0.113845825195313 -0.083221435546875 0.00971221923828124 -0.00907325744628907
-0.134719848632813 -0.0819015502929688 0.0277786254882812 0.0157146453857422
-0.14581298828125 -0.057891845703125 0.0402183532714844 0.0485610961914062
-0.100692749023438 -0.092926025390625 0.0256195068359375 0.0878219604492188
-0.04571533203125 -0.146697998046875 -0.0290985107421875 0.093597412109375
0.0566558837890625 -0.157928466796875 -0.0975875854492188 0.0639114379882813
0.201751708984375 -0.059661865234375 -0.101226806640625 -0.0222702026367187
0.197311401367188 0.073333740234375 -0.0409278869628906 -0.0661354064941406
0.1539306640625 0.190155029296875 0.02447509765625 0.0510368347167969
0.031219482421875 0.185562133789063 0.135383605957031 0.123451232910156
0.0767059326171875 0.173660278320313 0.098388671875 0.170989990234375
0.1856689453125 0.0796966552734375 0.112335205078125 0.132217407226563
0.156951904296875 -0.04119873046875 0.137542724609375 0.05859375
0.0720138549804688 -0.128150939941406 0.110160827636719 -0.00152587890625001
-0.0406646728515625 -0.120246887207031 0.0639533996582031 -0.00513458251953126
-0.0949478149414062 -0.0699310302734375 0.0585441589355469 0.0114517211914062
-0.115432739257813 -0.0692291259765625 0.0726089477539062 0.0268173217773437
-0.129074096679688 -0.0499191284179687 0.0874099731445312 0.0585479736328125
-0.0909576416015625 -0.0815048217773437 0.0636825561523438 0.108543395996094
-0.0404739379882813 -0.129959106445312 -0.0052337646484375 0.115737915039062
0.05621337890625 -0.133552551269531 -0.0801773071289063 0.0815353393554687
0.178451538085938 -0.03399658203125 -0.0914688110351562 -0.00498962402343751
0.153961181640625 0.088775634765625 -0.0130729675292969 -0.0489883422851562
0.0880889892578125 0.171676635742187 0.05340576171875 0.105323791503906
-0.0346221923828125 0.105827331542969 0.143508911132813 0.169464111328125
0.00939941406250001 0.117897033691406 0.107559204101563 0.184600830078125
0.100730895996094 0.0710296630859375 0.0943222045898437 0.139007568359375
0.09832763671875 -0.0101699829101562 0.119255065917969 0.0813522338867188
0.0484466552734375 -0.0758590698242188 0.1033935546875 0.032257080078125
-0.0279083251953125 -0.078887939453125 0.0856857299804688 0.0254135131835937
-0.0623130798339844 -0.044891357421875 0.0952987670898438 0.0236282348632812
-0.0799026489257813 -0.0460433959960937 0.106414794921875 0.033294677734375
-0.093505859375 -0.0362319946289062 0.124794006347656 0.0659713745117188
-0.0677261352539062 -0.0632476806640625 0.09185791015625 0.124931335449219
-0.0262527465820313 -0.100189208984375 0.00828552246093751 0.137199401855469
0.0516204833984375 -0.0948028564453125 -0.071044921875 0.0971832275390625
0.136962890625 -0.0039520263671875 -0.0894699096679688 0.00742340087890624
0.093963623046875 0.0938568115234375 0.00392150878906251 -0.0308132171630859
0.0103759765625 0.131439208984375 0.062652587890625 0.1529541015625
-0.0621002567421549 -0.00226745968791214 0.101013240216105 -0.165504750276415
-0.0323445930109736 0.0639667174762548 -0.0122461955367508 -0.0213237191479315
0.0216265829403596 0.0672608932174681 0.0706348744777164 0.0822741122889682
0.056237315028578 0.0108789590407248 0.152046167307996 0.0183465204118081
0.0353250016263288 -0.033208523005434 0.156042761433764 -0.0886456165724743
0.00365584479939415 -0.0283902233737945 0.0934618984915295 -0.164041588821812
0.00416300692371338 -0.0272521115331469 0.0109977416330907 -0.179478825522842
0.00756908668846631 -0.0273210397217675 -0.0338243530287596 -0.152102593139447
0.00911058415079476 -0.0236101453272742 -0.0280450616535738 -0.122688411758744
0.0159064159177846 -0.0119100068166965 -0.0184109932309947 -0.118494314823389
0.0236943538809819 0.0109651706762166 -0.0149828713480932 -0.132835053953219
0.0113572700408172 0.0461701098907061 0.0241205030325448 -0.153505363756455
-0.0427972720365369 0.0465218670588626 0.0845574609126735 -0.15497154676064
-0.073713815087375 -0.00468924193704132 0.0928485587903369 -0.182546018518362
-0.0605542220860928 -0.0535527146258297 0.057471398423294 -0.226869334442321
-0.0319148274669985 -0.0965240958981972 0.10670252481698 -0.146414876356825
-0.0514169650232902 -0.02568239313414 -0.0235709478472845 -0.00662264837155475
-0.0488494824334115 0.0107027165646939 0.069834911895125 0.121144618507631
-0.019098000775869 0.0157444138310951 0.173933498801369 0.0515724596987934
-0.00821320959082904 0.0182968218871347 0.186899858643965 -0.0808037075429405
-0.00584901733121267 0.0245563723267489 0.109941953467328 -0.166087756009488
0.00944481321805464 0.0310807543841763 0.0208285442209143 -0.181669794907454
0.0172650613897514 0.0335142500052586 -0.0295171585286392 -0.151586136864608
0.0110177543786877 0.0389215423434423 -0.0294780766523206 -0.120457592784627
-0.00855428390117358 0.0362750828411463 -0.0246031517573723 -0.106940391378695
-0.0301575633541818 0.0401322849310864 -0.0242068421130488 -0.11914445266465
-0.0612067667162764 0.0234876868516578 -0.000882198433930182 -0.145010716910361
-0.0920265184929915 -0.0235359794991144 0.0562143655003338 -0.148414134266144
-0.065970403574661 -0.0897959233093931 0.0629187749356974 -0.180321272759613
-0.0179949891378398 -0.143012363364948 0.0416296365869125 -0.212487647796168
0.0123656362478543 -0.178759155298826 0.0975956389675724 -0.101365267955664
-0.0497096781275695 -0.125642460057781 -0.0458144042169359 0.0238737991728441
-0.114465192196643 -0.0686396410653785 0.0538534037316952 0.171507662658041
-0.10655505667957 0.00349558106469226 0.183587774213413 0.102891362547172
-0.0677539041991459 0.0647101593570577 0.212043925440856 -0.0511200234936417
-0.0241278950274596 0.0776015613807524 0.124167153186889 -0.14674282867923
0.00903220844564442 0.0871829613094752 0.0320650601416313 -0.159307704682028
0.0259366409516509 0.0894632071016057 -0.021724820317206 -0.128829722854812
0.0181229441621025 0.0956025518817839 -0.0307347427176188 -0.0969469689103098
-0.0197418962353861 0.0811791498077418 -0.0350672920813411 -0.0772428350386121
-0.065887110638991 0.0773339335646313 -0.044895811809937 -0.0929762122401186
-0.123033702737785 0.0251234365374562 -0.0351666056037602 -0.128531401134868
-0.144888929181337 -0.0648294116037992 0.0204144707761442 -0.140134481996553
-0.0746325953170714 -0.154031389137717 0.0332941108246979 -0.165534289037182
0.0129972561886926 -0.213407408109917 0.0168834768027195 -0.172039377695279
0.064644291742813 -0.231996489840388 0.0709312617772387 -0.0338276903762553
-0.0237341749862355 -0.215380739390849 -0.077940840827834 0.0663462941821217
-0.15569812198745 -0.159376232335049 0.0189237492913998 0.219647441297092
-0.186123823828594 -0.0305362922227 0.167457628871462 0.160414747121467
-0.132317864655171 0.0935814370173761 0.217795244423372 -0.00337377374587738
-0.0498174937658872 0.120414473549526 0.127930193949403 -0.105173263236048
0.00135786367166155 0.131056072726709 0.0402498633543569 -0.115550894063879
0.0308485188117948 0.132955498018471 -0.0109174414447504 -0.0854534395342048
0.0282915366307096 0.138029077517542 -0.0280601734860285 -0.054649602693929
-0.0190291108558449 0.117831782042494 -0.0429303970548446 -0.0337981353575314
-0.0806049916392615 0.112391235646133 -0.0640250982891024 -0.0540894299055282
-0.162731412106422 0.0399924777216321 -0.0674934694903435 -0.100067667323824
-0.185502650712821 -0.0797612768357654 -0.01214077126948 -0.123598093822823
-0.0864714868352352 -0.190358035250256 0.0151881072446119 -0.138470476780753
0.033855577850008 -0.252703295528847 -0.00711368684312582 -0.11081906065176
0.108740386479212 -0.244013254293658 0.0282446023707263 0.0454932821853385
0.0196750362818888 -0.263988359698187 -0.114082953077437 0.110740968238004
-0.153278647207973 -0.231442495703391 -0.031716843247886 0.247733539940908
-0.227709184313041 -0.0775003477964583 0.12178363695255 0.205113213853945
-0.181347241677424 0.0946499860399172 0.192148714003996 0.0515007630153434
-0.0735497153234265 0.141495608791712 0.114999471838835 -0.0482589609700916
-0.00800849143616305 0.153482914643293 0.041958200258527 -0.0563294271460753
0.0314308136029155 0.156061374334271 2.01606258300251E-05 -0.030311639305977
0.0354895830312791 0.160864927921771 -0.0209533506298104 -0.00193775392539635
-0.0142300321107508 0.137655757931438 -0.045518786437832 0.0179766877840112
-0.0816665961342059 0.133357049828651 -0.0768716728301771 -0.0106493552274681
-0.177161638981478 0.0510383757945847 -0.08970814030581 -0.0662243182490908
-0.200040923138926 -0.0850704683202766 -0.0349583051759504 -0.101702412606498
-0.0839078808233907 -0.201991458410201 0.0108479282271646 -0.104468537855016
0.0531309030658565 -0.255413865153137 -0.0261007231019031 -0.0392311203505168
0.128330964699975 -0.210642721166906 -0.0203830771669387 0.122485259101092
0.0625806845546043 -0.255151239825693 -0.144637529216516 0.147846905841405
-0.112859790201892 -0.254315273228143 -0.0801223763859144 0.245239662760655
-0.217598822336506 -0.111416435504505 0.0601488869956411 0.220451980382664
-0.19302715245345 0.0745011452601544 0.141430825716028 0.0959038063099738
-0.0847195332079976 0.136576517177571 0.0876336765645855 0.0106386313811514
-0.0148156808217531 0.151172378582656 0.0381230777766055 0.00616311166532516
0.0271774506781404 0.155333093911158 0.0117748276968483 0.0273478382492948
0.0354729076435224 0.161075220179046 -0.0112005849087739 0.0530797669090789
-0.0105321830103054 0.13980621240486 -0.0447528219047243 0.0668497251190251
-0.0770040622237152 0.134571501429228 -0.0871699557219683 0.0310672329131972
-0.17114049607913 0.047087488506582 -0.102799094015384 -0.0343199751555193
-0.186183945898896 -0.0910118772381138 -0.0482129523288197 -0.0809600053125829
-0.0613809632548103 -0.194987147623944 0.0136906787529228 -0.0708997630166443
0.072746526397801 -0.224019243204437 -0.0415662138392742 0.0303240858590672
0.119957489410894 -0.140818056104809 -0.0607423917135827 0.180711956990261
0.0830622470927546 -0.194613632151982 -0.157114110338816 0.17294317685677
-0.0598817009599007 -0.218864428061523 -0.109576971807658 0.218982958567331
-0.165117212959736 -0.114557500665718 0.00592395039027165 0.208754030756181
-0.163170989649964 0.0459653723826783 0.0846497527848116 0.120946618352641
-0.0758364275225324 0.110537994633754 0.0555447294720392 0.0604785046233046
-0.0164742437216802 0.125544584863321 0.0315979492029132 0.0620369153647606
0.0199476821679685 0.131560058095411 0.0209285222418902 0.078789857756267
0.0294010021043413 0.138306231653013 -0.00249928707587748 0.103686160505465
-0.0109675994075014 0.12315336109619 -0.0455633927853998 0.11073021780963
-0.0693990480350339 0.116321839734197 -0.0991180413556458 0.0642806565978589
-0.149737216516507 0.0306749730100873 -0.113943282049884 -0.0112907858153518
-0.150142538412523 -0.0953194716161515 -0.057919179474889 -0.0672333755214379
-0.0248207217905878 -0.172165414278231 0.0165730286855971 -0.041569546747432
0.0896461251335725 -0.16395214365923 -0.0610800638574109 0.0893721239370029
0.0874047969864865 -0.0469321336380664 -0.0808045510653753 0.212706142989852
0.077870388646132 -0.102167502805505 -0.147128117954841 0.185082498529217
-0.0133239698899058 -0.139385142912682 -0.112977215907777 0.185101989945285
-0.0927026452435621 -0.0866906952739631 -0.026498619939193 0.183085365197377
-0.105458484468634 0.0195219716361757 0.0400601539921903 0.128759620292829
-0.0522594627205577 0.0695925823387384 0.0304646884012618 0.0939520540590457
-0.0132718481059279 0.0804409221996176 0.0256835914351135 0.102858446628352
0.0106926106172075 0.0881950686607775 0.0284509483571897 0.117855047225545
0.0177074582849818 0.0970807049643443 0.00229305119233665 0.144825921285252
-0.012963728766756 0.0914216909164451 -0.0513816410596685 0.143980389770031
-0.057409709070323 0.0836469269058942 -0.116666354504772 0.0877800244603048
-0.112934897196191 0.00941651244263144 -0.127094732690443 -0.00101227319333602
-0.0980085463211746 -0.0897421542935758 -0.0669357898758615 -0.0638527140719566
0.0143391340748364 -0.128893203374698 0.0146360884980646 -0.019168281530952
0.096177922503027 -0.0830188154485321 -0.0845746797368176 0.12923987464965
-0.0635766975746205 0.00136166457585006 0.0951092318598875 -0.176577478965893
-0.0285754786208479 0.0669405437437464 -0.0150243206808632 -0.0209460488839442
0.0263357905799243 0.0677440523597757 0.0774959528580852 0.0832085099918085
0.0580774992409697 0.00780054467504393 0.158550620346499 0.0116245253739444
0.0326632061635072 -0.0364705483740305 0.157428073059345 -0.100811245938979
0.00223913463796913 -0.0291153383283203 0.0868771001813981 -0.176425135744294
0.00342445554450853 -0.027252101124944 -0.000807778351497218 -0.186087220524384
0.00627316441313858 -0.0282965550614358 -0.0455892971791577 -0.15450319423071
0.00889278565404073 -0.0238831947286984 -0.0369758413660633 -0.126730349578426
0.0160173677444708 -0.0121033968609836 -0.027440902416465 -0.123197225510822
0.0247992277001579 0.0103151417720167 -0.0238467055312158 -0.137072240720633
0.013793710444741 0.0461046708163948 0.0164071226665388 -0.160440652443048
-0.04199773468145 0.0509882452987676 0.0805022715205105 -0.165061890661728
-0.074883295884575 -0.000579208920389184 0.087946115615248 -0.191827384349717
-0.0653870152832956 -0.0515348743150248 0.0497160172705632 -0.23780135085369
-0.0379197467017983 -0.0980731796705391 0.101261928882677 -0.156936341352049
-0.054144460433556 -0.0245627727832137 -0.0263229353965639 -0.00391742964883704
-0.0500528052884757 0.0137625024944161 0.0783234842209486 0.123341767718087
-0.0200884766674663 0.0167574520151445 0.183175681293044 0.0453300534864977
-0.00835184031299431 0.0187959340373976 0.189849734581371 -0.0943717136480145
-0.0045580193229481 0.0262936375001519 0.104365922856169 -0.179202094762588
0.0115175789068745 0.0329115986727832 0.00981294189194734 -0.188235270244012
0.0208883342613449 0.0338050391988209 -0.0417227219661574 -0.153988006442859
0.0143385779725169 0.0404549549623389 -0.0389298678153077 -0.12332788427644
-0.00740143450737139 0.0389320000339825 -0.0329947591532743 -0.110736942350385
-0.0294803035661821 0.0442462406357961 -0.0338711294374496 -0.122993653801625
-0.0630456608787092 0.026881407569372 -0.00915013018854553 -0.149587483610277
-0.0966492313717911 -0.0191871268443408 0.0516793031362697 -0.157798309532315
-0.071707362446723 -0.0901880298357974 0.0565677963209906 -0.188455937871779
-0.026416035865947 -0.147666220159043 0.0342925733880687 -0.222683179739271
0.00382436328558048 -0.186365864219024 0.0943021286732168 -0.109327925586493
-0.0581040282095777 -0.127594903591393 -0.0470311789595277 0.0294230444386272
-0.122568788065155 -0.0638723361483615 0.0648253158289924 0.175609042236162
-0.111846890504174 0.00870799985344303 0.195022329985154 0.0973638789472309
-0.0668687866132082 0.0707392673052681 0.218547187010462 -0.0663315584557592
-0.0212807498924203 0.0822822181341337 0.120312113596845 -0.159328351290897
0.0141571198989464 0.0905208096128864 0.0231979314786196 -0.166440681094225
0.0329275261065991 0.0915083909459987 -0.0315602259629936 -0.130891497221835
0.0257149999945024 0.0984843998201669 -0.0382437299007553 -0.0984963896224898
-0.0159771123550308 0.0859454000003924 -0.0424291150296373 -0.0795108041532184
-0.0637963149476678 0.0844354214783356 -0.053162332374392 -0.0946952585661208
-0.127322175823614 0.0324594353776565 -0.0449171381378784 -0.130074742617524
-0.153894102629473 -0.0581655650807286 0.0153625553389785 -0.147680912035214
-0.0849645067797122 -0.156106264183219 0.0263373889377214 -0.173035237381463
0.00220013328780118 -0.222064481766769 0.00987804673195255 -0.17993055248798
0.0538159828438571 -0.245278330724207 0.0702672944482176 -0.0371356341504971
-0.0367574315197127 -0.221429848024396 -0.0784566655618261 0.0749587400885734
-0.170825746115678 -0.154273809365532 0.0304861490447127 0.227658624095535
-0.196235789708207 -0.0222769714588457 0.181739956742634 0.158157117224402
-0.131604009230954 0.104689834291065 0.225922343714931 -0.0174990228055157
-0.0454496784284437 0.128342775024601 0.126493422909264 -0.116351874883022
0.00900812101219368 0.135740080918976 0.0340728219350411 -0.121117699652719
0.0408353468464464 0.135984355352408 -0.0174036920693189 -0.0873181172688446
0.0384591299398946 0.141445478516257 -0.0331764684780271 -0.0549788885589965
-0.0134868789933268 0.123556268310322 -0.0473596688304057 -0.033156781942621
-0.0772272488185138 0.121844121880558 -0.0717735992216337 -0.0530863110829134
-0.167226380544896 0.0510433364402806 -0.0768307018742286 -0.0992896673603016
-0.197035843365991 -0.0719101094566042 -0.0184001280087104 -0.129360516595866
-0.0993901197538773 -0.193301432683788 0.00845727836820098 -0.145403419580408
0.0219495142843185 -0.264249442462528 -0.0125732183138672 -0.114645276712945
0.0984195263928303 -0.260158237960559 0.0296342966933167 0.0464594760278495
0.00623064226502968 -0.274029251051904 -0.113637101633462 0.123121775202066
-0.172499220347449 -0.229576471186695 -0.020117384246252 0.258924721058243
-0.241020003747894 -0.0679541746877077 0.13611791238164 0.206285929512393
-0.18214135632942 0.108721075271303 0.202762904477539 0.041444229717106
-0.0688394643218943 0.150674058771151 0.116738894177519 -0.0565689311885618
0.00100050086960292 0.160220580188786 0.0401419631809421 -0.060791022241095
0.0432901086315786 0.159491354190996 -0.00254522436093571 -0.0314251173832229
0.0473626921530654 0.164481840088419 -0.0224198184736847 -0.000356069472233864
-0.0064821693992529 0.143779524380841 -0.0467557741659025 0.020200142761128
-0.0762141106536204 0.143181957399134 -0.0827127924253903 -0.00747122905957285
-0.181671462735527 0.0634283778582761 -0.0979640359516486 -0.0623658657361723
-0.212416314550575 -0.0759734915062148 -0.0405100858102262 -0.105047739074826
-0.0983387884529599 -0.204812202049802 0.00553081542873627 -0.110443851795688
0.0408383852254181 -0.268624462796246 -0.0287769293100202 -0.0393632523580176
0.120452452829983 -0.226803839128986 -0.0163581676768535 0.128578534910509
0.0506001744054065 -0.267349308939456 -0.142944012001657 0.162084782764464
-0.132018835881378 -0.256426485241148 -0.0713477217211517 0.259042823389127
-0.232341393477358 -0.104910805842537 0.0723129571631572 0.226606226038812
-0.194973542518044 0.0887243608567405 0.152695029220253 0.0902645428273325
-0.0795473304709596 0.146942235220333 0.0915632199957112 0.00727756062130253
-0.0070758958222139 0.15748059630894 0.0402796506278915 0.00418653440904967
0.038964284697677 0.158483469801991 0.01332913492583 0.0272026160699859
0.0471835594798463 0.163770823437232 -0.00872983558091494 0.0562576011828554
-0.00321150764979587 0.144990265611111 -0.0428167549773538 0.0721319331718827
-0.0711746387523063 0.143507458947446 -0.0907138316259796 0.0363235162542343
-0.175877706334963 0.0579065641447901 -0.110312198038387 -0.0289048039043644
-0.1990012006287 -0.0827850220918314 -0.0542691428577652 -0.083226749048886
-0.0751007174738866 -0.198596926011072 0.0108078705403034 -0.0760341166087048
0.0624157604233697 -0.237265883859969 -0.0420734057564537 0.0335370589665791
0.11538217419606 -0.153623424914027 -0.0549727147870121 0.190751851105208
0.0764347875750657 -0.205308392128565 -0.155216166432705 0.187480388433044
-0.0748889765954647 -0.221824280043578 -0.103165302508821 0.233228674420828
-0.178049725512808 -0.109834559850883 0.0155989582238273 0.21605543028907
-0.166119298468221 0.0579078701447571 0.0948935599776228 0.120699983221128
-0.0717297229076416 0.119415767696233 0.0621628720573623 0.0606392939809046
-0.00944170103971764 0.130709633523793 0.0378089300197226 0.0628334170727226
0.0295831343915674 0.134825518921985 0.0272315517179395 0.0802530156221612
0.0390589900419252 0.141299440000325 0.00393934525709453 0.107700533073627
-0.00475084384324848 0.128435572147683 -0.0403962530177736 0.117392518891441
-0.0646323773953753 0.124284552950606 -0.100850263834696 0.0724164366500577
-0.153454641319751 0.0398816792120101 -0.119897466681271 -0.00545374959793779
-0.160896033321689 -0.0890131597890164 -0.0636124369776485 -0.0684200804916294
-0.0358611018978127 -0.175939175139395 0.0144972071785273 -0.0459860089416168
0.0834530034032842 -0.176151066240211 -0.0585882720764638 0.0956162876232127
0.086430639090874 -0.0540989120818504 -0.073985608643344 0.224995790271757
0.0749391176791311 -0.108886661305545 -0.143700564525081 0.198894774490411
-0.0221093256939489 -0.142481249606313 -0.108575531755385 0.197532524410172
-0.100434643791131 -0.0842865337731249 -0.0183023326164345 0.191706039817078
-0.107412726772584 0.027378126913889 0.0497521245165728 0.132224067160875
-0.0490020916117711 0.0757320481634007 0.0379228310133746 0.0966061399885709
-0.0084128918852171 0.0845846633580812 0.0351351816414654 0.10521102733209
0.0167585987902463 0.0901523500107823 0.0365384303577138 0.119713699938723
0.024287048608288 0.09825864261951 0.0117191945048114 0.149452962603526
-0.00743072726562493 0.0950210928455606 -0.0441977468162269 0.151963858113979
-0.0537853206594165 0.0894163231118066 -0.117537365828901 0.0972746789387424
-0.116254869497608 0.0146405468872344 -0.132677040199091 0.00556554200624529
-0.106347026794239 -0.0866723793275471 -0.0728017827408448 -0.0645167396761276
0.00758155492536338 -0.13355098645018 0.0139598816566684 -0.0236113170328148
0.09493148409553 -0.0914730153342842 -0.0810810105341793 0.138861272071589
-0.0644753894385033 0.00459205276288082 0.0866813770231601 -0.182913798936511
-0.0261134861638851 0.0680211727341019 -0.0178918063328063 -0.0188236361808012
0.0302080956668486 0.0665599681402324 0.0818481422567613 0.0816669940450531
0.0583278920775891 0.00497045595783427 0.16280277974941 0.00459336141447891
0.0295480460932489 -0.0389197359694576 0.155264951963851 -0.110761118741394
0.000992952874950598 -0.028483928965328 0.0782912123664921 -0.185080365141477
0.00211707344208703 -0.0273035665074059 -0.012038304707304 -0.187360837562497
0.00465556944116842 -0.0289554640853424 -0.0556967867056694 -0.152887718598899
0.00771097720353108 -0.0233812041718793 -0.0452059121713114 -0.126879663690891
0.0156914914475585 -0.0123690456955843 -0.0362393168253563 -0.124547872258243
0.0252859928561491 0.00973566369998636 -0.0328324790816678 -0.138620856703857
0.0159114094808248 0.0448440699299025 0.00875281731288406 -0.163683249743262
-0.0400913094053084 0.0530653114158362 0.074884436879767 -0.171513342059389
-0.0743310555338659 0.00293743388808843 0.081290522417199 -0.196747196990105
-0.0685814014501323 -0.0488694117077172 0.0415597482506929 -0.24394715228277
-0.0431219335294852 -0.0980209434816097 0.0933449731479225 -0.16285768398591
-0.0560545500055122 -0.0226665430480733 -0.0279105359047293 -0.00109817271284179
-0.0501954278595741 0.0165145134716222 0.0850956248567704 0.122472688599949
-0.0210297084786784 0.018047385153381 0.18885138527704 0.0378639185334728
-0.00831705267678329 0.0199644460951516 0.188537653157307 -0.106224426481211
-0.0030748377658483 0.027569571040787 0.0963727389970976 -0.188522532841942
0.0139002919747885 0.0329697368763396 -0.00142165737487149 -0.19043841589253
0.0230857272717231 0.0334592362339919 -0.0525949085473296 -0.152018599575024
0.0174082656134818 0.0412758443112047 -0.0473711902672486 -0.123294017371699
-0.00542384013991034 0.0407951463740895 -0.0411256678012017 -0.111578220052662
-0.0279825310085446 0.0475313646159551 -0.0416363587286261 -0.123537307130593
-0.0635812031395659 0.0303600305876982 -0.0174732480165719 -0.150626257336413
-0.0993982157002104 -0.0144179141984217 0.0465061467609419 -0.163444550673366
-0.0758408571602728 -0.0885890313175416 0.0498706493347351 -0.192992536451373
-0.0338084570979425 -0.148822036921533 0.0248773974742755 -0.22803580586326
-0.00521638290261383 -0.18945144463112 0.0887058132098203 -0.114492447075949
-0.0647544901048408 -0.127435049669376 -0.0473608400361005 0.0335155203923026
-0.127348756508702 -0.0581751174149854 0.0734361254177231 0.176646939485392
-0.113763292931779 0.0143421721776075 0.202994625897067 0.0897031492160789
-0.0645768928071457 0.0751960319387998 0.218072268638769 -0.0794994695916263
-0.0178251502254021 0.085319283849527 0.113836976763011 -0.168827147393192
0.0191850957633691 0.0909741771730495 0.0128473967355654 -0.169226106175581
0.0398934977306699 0.0908001801451464 -0.0409954034250852 -0.129134671156917
0.0324967870947425 0.0986198707542166 -0.0458875846245005 -0.0973411641430419
-0.0124984896376283 0.0891628082072064 -0.0488896891410493 -0.0787901606277827
-0.060140795010842 0.0899090543254849 -0.061117091161862 -0.0938750333500551
-0.128543997092923 0.0397167523073331 -0.0528360754082381 -0.129264746077119
-0.159885143916905 -0.0507530360279885 0.00841543238567198 -0.152281553850717
-0.0932076038775929 -0.154373361637308 0.0185415281654186 -0.175705207216153
-0.00895814530904438 -0.226406219366182 0.00193697201380446 -0.183146041403995
0.0412695560640657 -0.251692021611312 0.0671476614357498 -0.0408354780664058
-0.0477964655845177 -0.222421860590604 -0.0765743677560253 0.0817585641442355
-0.181018228440163 -0.146754622737565 0.0407104617851495 0.230594213448446
-0.200679160563714 -0.0131926708877102 0.190791439576409 0.152201677491144
-0.128128395015718 0.113576022900773 0.228884794847079 -0.0303504470206452
-0.0402901979940914 0.132990087907728 0.122436453337508 -0.124678100558429
0.016842364718494 0.137268374850559 0.02751842176464 -0.124751465012055
0.0512546663485996 0.1351838196572 -0.0243746188612788 -0.0860842941461236
0.0486356924050179 0.141275388940285 -0.0373184317934945 -0.052992678722192
-0.00794551293817548 0.125809021199761 -0.0510637849009658 -0.0311862824577268
-0.0709703596305335 0.127985464123508 -0.0778961000192018 -0.0508786468092298
-0.168071813950334 0.0607685820398909 -0.0841879654945136 -0.0958826483899545
-0.205133717749404 -0.0621335389845248 -0.024965747294619 -0.132037614980158
-0.11071298158102 -0.191048886900091 0.00165732028563038 -0.14799701640265
0.00811545555820903 -0.269364189174343 -0.0175520182047767 -0.115944754179337
0.0859526535705256 -0.269545367620404 0.031296240200311 0.0465795891492577
-0.00684210469681633 -0.278227215889357 -0.109774349810796 0.130752244287112
-0.186582479519922 -0.222150955631242 -0.00904237716235259 0.264526157727638
-0.249736310881305 -0.0575115738079689 0.147131221704351 0.203961738966424
-0.178349721914682 0.121053749755611 0.208054022385765 0.0295469310468526
-0.0620785765580682 0.157617205774845 0.11609935634728 -0.0628827684596045
0.00958157444878854 0.162368458882601 0.0377300918545981 -0.063534525910711
0.0540948689320018 0.159375734301248 -0.00414909180622582 -0.0310570568294194
0.0588348381814606 0.163485673910702 -0.0231546128122135 0.00109037126908733
0.000395138414846027 0.145933602632143 -0.0467634800445342 0.0229715847179711
-0.0691022256543594 0.149742461890115 -0.0867469028316437 -0.00285955742680243
-0.18174994604678 0.0739714746269686 -0.103621784668419 -0.0575354171005784
-0.21938341326714 -0.0645191217502238 -0.0470771292731072 -0.107313913467178
-0.110395721273184 -0.202827205557411 -0.000646510365567759 -0.113002191402284
0.0266193209694695 -0.275599827646695 -0.0303555642415714 -0.0387730932985525
0.110368137469008 -0.237059512722204 -0.0124823508690862 0.13098640491069
0.0390137352533411 -0.273014711747873 -0.137525513515722 0.171777641098557
-0.14725559370859 -0.251142361355314 -0.0611256662938131 0.266372769435076
-0.241539100689496 -0.094970869740111 0.0836099352600912 0.227062459296105
-0.192880330494548 0.100895093444337 0.160294841367723 0.0832126295132693
-0.0729408970012477 0.152997073064508 0.0944783938738521 0.00278384872364987
0.0014762888173041 0.160983670545257 0.0418682524090055 0.00263998714184015
0.0494612909997071 0.15848788838425 0.0150730401918219 0.0272153966204423
0.0592021000834119 0.162492487228094 -0.00499990938004276 0.0575465580975481
0.00447285944321144 0.147698526173829 -0.0396245399386295 0.0756303970857913
-0.064295817548725 0.148992295394478 -0.0923022102596513 0.0420179097162955
-0.174991127137856 0.0688298155148861 -0.114389422623947 -0.0236465136046157
-0.205526281952504 -0.0722002951575123 -0.0597466666896276 -0.0842708544707354
-0.086429997098117 -0.197087661569439 0.00582134648087619 -0.0791389650899996
0.0511946449666773 -0.244423499754465 -0.0403364769482323 0.0364575608432137
0.108285959089966 -0.162693447161276 -0.0484603529677888 0.19614166479557
0.0671291422711742 -0.211766957443225 -0.148976170102256 0.197538506961032
-0.0877005987739865 -0.219922115390677 -0.0948877151336255 0.241691057690098
-0.186286111850123 -0.102788339092922 0.0250520731395051 0.219280581439047
-0.164467971711132 0.0685984775327676 0.103122292077212 0.116892117346993
-0.0662321813935294 0.1250329536377 0.0674722808476641 0.0591216806126172
-0.00258772085640564 0.133175202640298 0.0428073274691416 0.0618500957402257
0.0389945109063837 0.134587314274546 0.0328817735765946 0.0787589839898272
0.048750993520867 0.139854450947881 0.0105269034420492 0.108468232051203
0.00221533924667093 0.130603479642578 -0.0348187829550475 0.121390260085665
-0.0580861154824683 0.12912262642056 -0.10023571585297 0.0790141387656223
-0.154126596192682 0.048191610923353 -0.123117178914493 0.000708814561434671
-0.168245820428195 -0.0802473033183138 -0.0681136768488335 -0.0693353999236816
-0.0459735260620036 -0.176051227686011 0.0111565608321188 -0.0491418621447101
0.0753847209651825 -0.183634254628953 -0.0542833557579974 0.100503076849438
0.083943397148569 -0.059958626177456 -0.0666611608418863 0.2310996310432
0.0717909162550859 -0.113878675808036 -0.137074169909911 0.207928938881887
-0.0304233994653731 -0.141879907694855 -0.102157863983945 0.206183216010399
-0.10683895408589 -0.0798881695575196 -0.0102174718642201 0.196711379633493
-0.106966749575757 0.0332710340192208 0.0567003466238798 0.132192599022902
-0.0451139898690858 0.0790553391154116 0.0452001125614856 0.0966635080071079
-0.00400950007790781 0.0852153864169415 0.042135742161851 0.104641257859918
0.022846015235315 0.0893911962551794 0.045282438712808 0.1175879589474
0.0308584950298361 0.096950441296898 0.0210330596692798 0.149887487686127
-0.00278334667787841 0.0969053235752041 -0.0363864420555018 0.157054999613611
-0.0491745689617027 0.0928206737611777 -0.115208087141549 0.105945988775899
-0.117366878670129 0.0207652745540675 -0.135459825524634 0.0122870163873382
-0.112027022696412 -0.080679113742759 -0.0775815557801373 -0.0639191692660711
0.000138835962377445 -0.134723113961577 0.0115047223936502 -0.0266714260677241
0.0908600971440075 -0.098703733482185 -0.0747506982079264 0.145886556320885
-0.0610933364556045 0.025739717805696 0.0215212129363027 -0.204710819635368
-0.000328090224692831 0.0734398570513637 -0.0263321630641557 -0.0130968448428245
0.0537886661758194 0.0514094173016946 0.101303292380575 0.0522196414362056
0.0570602287690627 -0.0168259177823232 0.157556965189518 -0.0466509312643408
0.0141470126556538 -0.0472477998831871 0.112425206159492 -0.156681701889718
-0.00801920117016283 -0.0289506764928612 0.0104318115589145 -0.202425644489269
-0.00715320291208678 -0.0282462038411051 -0.0787292207623793 -0.170723440343725
-0.00570779755310548 -0.0295876732864614 -0.105544625403172 -0.120898325424438
-0.00020712665928985 -0.0245398214573701 -0.087180242124265 -0.104220318140256
0.0105829517408492 -0.0151650934239877 -0.0774150810681053 -0.105959045351515
0.0273099191765278 0.00129302883259983 -0.0783836681384839 -0.118988609649059
0.0294243424587008 0.0371318737997937 -0.0459982525633215 -0.158828425000924
-0.0198823201182867 0.0635836172670886 0.0169272828894629 -0.189517603529149
-0.0695953377834803 0.0286097981710757 0.0168839133904203 -0.211706036813164
-0.0811388634948134 -0.0229191036119988 -0.0346934207884095 -0.24051211483968
-0.0777831344114574 -0.0811561603436715 0.0382559043782584 -0.183881066153033
-0.0619787443570923 -0.00219295569586333 -0.0245951767555211 0.00842097910700971
-0.0402934057122757 0.0330157222040134 0.122351947220125 0.0865634969797242
-0.0124055413043178 0.0251682454451663 0.193501634086732 -0.0281381656084435
-0.00134712099395824 0.0206296220047699 0.143602937084146 -0.16574776568397
0.00752044165977779 0.0258647566289402 0.024322146076035 -0.213463024096011
0.0250873432706001 0.0256842086327688 -0.0703249785416928 -0.178963977881529
0.0330574393071742 0.0222390233561115 -0.104032802954057 -0.121880909793041
0.0315702111023615 0.0327391379751172 -0.0886903190456195 -0.100277257189242
0.00824334888754831 0.0415742550585941 -0.0781731958646947 -0.0930524528880136
-0.00978207570502255 0.0544690036388155 -0.083064623520149 -0.103395515199604
-0.0510667829503669 0.0502305842206462 -0.0646178652609825 -0.137737303236556
-0.0989583936777225 0.0192961981814934 -0.00773013687792848 -0.170790016695971
-0.102070929240082 -0.0576322768322854 -0.0141788212049211 -0.196187149292601
-0.0799832415301168 -0.131015882623985 -0.0491229275527906 -0.21947331747816
-0.074236732530853 -0.183009018701476 0.051533950904469 -0.133421373954192
-0.108519928088346 -0.0975216281783255 -0.026590125582494 0.0507407236429882
-0.140591357776466 -0.0091297649665544 0.135057069044626 0.138940070075937
-0.101901932577568 0.0559867801746542 0.22622519095029 0.012118008247965
-0.0334405102028166 0.0927522005080105 0.179472984773964 -0.153470701566388
0.0140392206319248 0.0852796848646133 0.0461479092170835 -0.201645094200872
0.0506150666604843 0.0801856993431904 -0.0502282533870363 -0.166096580033721
0.0681224658112119 0.0704580479239832 -0.0866290520481362 -0.104854547295634
0.0654066085587389 0.0811838593762611 -0.0788028387766422 -0.0757147595805007
0.0182376262931521 0.0895026525687135 -0.0749860447858207 -0.0599679525768832
-0.0259744454033498 0.105820539694283 -0.0911476268509863 -0.0700824129065646
-0.109008337700377 0.0808923730788375 -0.0907496248797235 -0.105955166346535
-0.168607497488067 0.00614232885689346 -0.0391072252913753 -0.14664955424609
-0.140686978754183 -0.114678934492752 -0.0392342399216619 -0.169827789081045
-0.0819391389168904 -0.213863338343161 -0.0595059488308542 -0.169265774789819
-0.0508914405116206 -0.260485142548576 0.0565074822777204 -0.0528766072933635
-0.126927024463672 -0.194888947247867 -0.034725524018273 0.10982784075425
-0.22306995812041 -0.0731703726775149 0.128668610531325 0.199248591522885
-0.194172071446866 0.0629981453529127 0.238648769662361 0.071340290031519
-0.0796728748214861 0.150688312008636 0.204817785126028 -0.113688406047757
0.00866811136125269 0.137169239111024 0.0687956624494809 -0.163373454715393
0.0644067743397297 0.12522330583046 -0.0212332337088661 -0.13074181778511
0.0936713395108149 0.108272159552102 -0.0568394957295804 -0.0711182753356889
0.0949002075584069 0.115546403309499 -0.0564174032652558 -0.0366671809867048
0.0350862485060294 0.122459081485319 -0.0614780684025948 -0.0149261485654181
-0.0228402633159773 0.144867392107533 -0.0927264750700196 -0.0243628557942852
-0.138729950331194 0.115384064360154 -0.108413785583095 -0.064785178913616
-0.214073732651404 0.0114117723249262 -0.0642605469945839 -0.116723667729485
-0.170106665007398 -0.142979171589318 -0.0482350536069675 -0.137586908475181
-0.0809549139322192 -0.262251559164557 -0.0590140184735223 -0.0988507225221032
-0.0144808886787304 -0.292650871821399 0.0505017102993945 0.0445910312953189
-0.107676769180595 -0.262105386760209 -0.0488277107730631 0.170653342738044
-0.25566294679383 -0.141329194084503 0.0954577081158692 0.24949423375895
-0.256149120288122 0.0400625996778678 0.217046344226896 0.133746216559566
-0.12395081341154 0.176108178156632 0.205394843552067 -0.051446104631285
-0.00319931373217453 0.168676246178001 0.0833444658224313 -0.103869226658022
0.0654509638003528 0.152202108165951 0.0107314847206609 -0.0778980245021011
0.104968874259039 0.129345349611872 -0.0192530145169499 -0.0270739847234206
0.112170654056083 0.132312623351101 -0.0241068036135724 0.00939478763528702
0.0496147333621929 0.138105930996337 -0.0392762265715912 0.0345648317961121
-0.0136022092556675 0.163716430410278 -0.0856510231808729 0.0229198301718254
-0.147181119147735 0.132470050315888 -0.114337304143904 -0.0223220411205246
-0.229526676058471 0.0135441695597344 -0.0768711745591911 -0.0852413327117409
-0.17389721046895 -0.153441868084816 -0.0398011797730153 -0.104378678032725
-0.0642602630356655 -0.273665684646195 -0.0477402672079757 -0.0225835715683737
0.0209637439187889 -0.269016135020146 0.0346471593697969 0.13948857556727
-0.061297500090351 -0.274235450249409 -0.0643222989614319 0.220021307703299
-0.227785747044952 -0.18293632020041 0.0474320330113959 0.271840900759661
-0.262704632706134 0.00167793037357034 0.165211607653936 0.178551187908534
-0.143510042420001 0.163132924828302 0.178572147385023 0.015109365452049
-0.0152523454143918 0.169291610067668 0.086676933507746 -0.03410524509527
0.0579659966251979 0.154395741014452 0.0396392341535481 -0.017588082866652
0.100803472037812 0.130803228298869 0.0199707365669491 0.0194453419951497
0.111786020863388 0.131010014895564 0.012535614829815 0.0558970548587063
0.054373527961879 0.137069255414739 -0.0140539216368191 0.0820383661535669
-0.00955492424770277 0.160884934036477 -0.0753669715601987 0.0677717088612421
-0.143254428489266 0.124204385644668 -0.113546270792987 0.013449608217865
-0.21785917635888 0.00126328790879895 -0.0824419316336916 -0.0594825558542817
-0.149305329631159 -0.156213540039938 -0.0233621701598586 -0.0746190383090583
-0.0314497265559048 -0.252646579130813 -0.0334469585341053 0.0504183401427388
0.0462327454348773 -0.195023171021919 0.0202804884815705 0.211480228809688
-0.0117203655979614 -0.225378428279606 -0.0704475567802808 0.247409127480746
-0.160530142865229 -0.174188772219991 0.00404700980625056 0.262287376505634
-0.21402457051339 -0.0256604438848067 0.106539906714148 0.194948200393524
-0.129227647114884 0.122759773961526 0.136498098612583 0.0681155818653734
-0.0177058214300038 0.14077882334164 0.0811669782593646 0.0289618234139277
0.0441635722401299 0.128892875875588 0.061892820246885 0.0389754237665596
0.0819925162266074 0.112255186925981 0.0554071554968827 0.0614504549348154
0.0940342316950112 0.113210481030743 0.0453936592813902 0.0986680496805457
0.0468905664218759 0.121924590423987 0.0061512818521035 0.123648793315451
-0.011343137638544 0.140210681351395 -0.069387830638239 0.105726475231119
-0.130090032278893 0.0978167303749148 -0.113846813199511 0.0393616325802469
-0.185058780882931 -0.0189679115029216 -0.0866171616226646 -0.0416966778796279
-0.103803312477712 -0.149748252832827 -0.00885570702653769 -0.0485952125724456
0.0116999695042493 -0.202344174140827 -0.0256797575541659 0.113155270339071
0.0609136926923805 -0.0867737658855514 0.0118289098922808 0.247696551784044
0.0284061800815895 -0.132975384878364 -0.0608515312211489 0.250421302292297
-0.0779528310589015 -0.120737340245481 -0.0201754850577766 0.232178132052394
-0.130325271901472 -0.0343356551360691 0.0622084535373063 0.18850316364897
-0.0866350916238929 0.0703441841436895 0.099392675962552 0.101591733021974
-0.0135981090971854 0.0904067234993043 0.074968675277813 0.0733919443226334
0.0266004047840015 0.0838899800893103 0.0779176278483891 0.0801069462801693
0.0522153663627437 0.0761057655173418 0.0820845501054361 0.0932393878906981
0.0626420164445557 0.0795617243904389 0.0704023638918711 0.132613367268989
0.0309215495549515 0.0919174986553633 0.0174093774564538 0.158270052194165
-0.0146916984099702 0.103614249939767 -0.0732063201508567 0.136697416858197
-0.103687515550321 0.0589462648681992 -0.122662445345383 0.0545332870174726
-0.132386177994243 -0.0374842753704615 -0.0941219134308883 -0.0340510779519977
-0.0466144373571539 -0.126288745966647 -0.000399609118885351 -0.0287395133401029
0.0539198651048466 -0.125458390556013 -0.0288148808135527 0.160390723142278
-0.061022088937063 0.0271688047983476 0.0176800543934959 -0.20728607310228
0.000654551792564364 0.0738414989849947 -0.0272770556634538 -0.0107877769472584
0.0551127187549308 0.0498986215428227 0.103959899207165 0.0535615075679815
0.0564054695810168 -0.0182233668716696 0.159553006603711 -0.0502684654198878
0.0116923719043129 -0.0469957059649765 0.111003249915706 -0.162491190215149
-0.0079252294823611 -0.0279004140202154 0.00530415339795755 -0.207362532901384
-0.00732427660472555 -0.0288429598932608 -0.0844920983818662 -0.169437514681501
-0.00633432595198763 -0.0296750149262909 -0.109867930428263 -0.118142628436411
-0.000908131780485639 -0.0243904448059917 -0.0923257641521217 -0.103472655954911
0.0107986071172766 -0.0148642795305304 -0.0827882006313388 -0.106057691723811
0.0274507716771377 0.000960273920335364 -0.0826212740868448 -0.11867645452309
0.0297180024399061 0.0367275889989635 -0.049987472823898 -0.159667782812313
-0.0189310435598932 0.0646217634908271 0.0158442796454171 -0.193516302662128
-0.0692338463776952 0.0293255245717304 0.0156369257664075 -0.213492090250214
-0.0822046241654261 -0.0213274073142 -0.0380979947403853 -0.244680236680134
-0.0805073204107255 -0.0810921467015714 0.0346355157875213 -0.18570121202919
-0.0627716627116763 -0.00191907145635762 -0.0251592112624316 0.0108980077992839
-0.0405763196472403 0.0334134574784483 0.125968885029888 0.0869789518474106
-0.0136786156030184 0.0250313833311065 0.195943858130342 -0.0314979579837199
-0.00199098325217547 0.0221143039967407 0.142486881135638 -0.172759900793884
0.00840397250678182 0.0268348862723803 0.0190882745241683 -0.217292319710829
0.0266355996358351 0.0257635551157152 -0.0762421285368669 -0.178234437683606
0.0344684580931949 0.0215114251680167 -0.108777190173113 -0.11862211276031
0.0337728758210398 0.0320690899135985 -0.094512008150261 -0.0989210536733686
0.00994330147139818 0.0431663540514871 -0.0841076145256761 -0.0924300672120633
-0.00879428871506497 0.056043746423799 -0.0871926105080504 -0.102285146025006
-0.0514869650608467 0.051894168353795 -0.068440436617774 -0.138578780239424
-0.100047966816683 0.0224135449389816 -0.00964436851533922 -0.174335916445908
-0.104766171614234 -0.0573025988867349 -0.0162592515772788 -0.198023737813696
-0.0830243400638799 -0.131653982967782 -0.0526337103299578 -0.22297994243308
-0.0793222524835788 -0.184845724263137 0.0489011612797147 -0.134052595847404
-0.111346654153433 -0.0982911622425438 -0.0266388751996094 0.0538064692526642
-0.142009066145216 -0.00555526332339103 0.139849702301814 0.139079034686518
-0.104054179748279 0.0589590406382115 0.230182799822793 0.00870464782976406
-0.0325861604722902 0.0954418219677655 0.17795325882082 -0.161181111777317
0.0164305195772638 0.0862439205167258 0.0414490229822573 -0.206002453725217
0.0533531244886867 0.0798722528102411 -0.0550392452565426 -0.165655550108944
0.0718204214172872 0.0693675587599718 -0.0914446098185354 -0.101670822065206
0.0694503831752473 0.080350756820292 -0.0830769629548832 -0.0742675248744489
0.020768300587141 0.0913694313530137 -0.0789417905766625 -0.0590253999497393
-0.0231258119841626 0.108077882693135 -0.0963894080383783 -0.0680006309084031
-0.109816279010033 0.0854143714743657 -0.0940023647175998 -0.105569194244591
-0.171067525707761 0.0102494053131282 -0.0423416309218647 -0.14980913586978
-0.144736756210423 -0.114209430892323 -0.0417057396990926 -0.171124867512848
-0.0879391305423317 -0.216025196880156 -0.0628437946444165 -0.170837699747662
-0.057762368332959 -0.262734237624989 0.0554566212806514 -0.0524264141548188
-0.131443464810996 -0.196071740011877 -0.033767643395487 0.112992083198992
-0.227500428950046 -0.0684707381801895 0.133552553208875 0.201150997285223
-0.1968737228575 0.0682757029026933 0.243357385909395 0.0693519867119013
-0.0773412594525594 0.156147912752086 0.204631063360153 -0.121038307527745
0.0125144597627219 0.140121814119329 0.0657642831533743 -0.167454944809134
0.0687240932043219 0.125978713591817 -0.0246255394264803 -0.130815046820579
0.0992345685664952 0.106249071749912 -0.060252038972964 -0.0688124205974352
0.10049478714886 0.113242681488441 -0.0589451783015677 -0.0351684692212593
0.0384845951997168 0.123626021354032 -0.0642509031356077 -0.0132298225819382
-0.0191871410810743 0.147415883524836 -0.0969426217428141 -0.0220835007946022
-0.139707198528583 0.121042328531272 -0.111993661492212 -0.0628197576702035
-0.217292050740247 0.0170768064222228 -0.0680578505790868 -0.118951464999179
-0.176018687443235 -0.141808731237651 -0.0512351161085279 -0.138382051473981
-0.087693576839749 -0.265089357804453 -0.0614065507791106 -0.0996293526432323
-0.022238402571898 -0.29590289292956 0.0504369823589215 0.0454552113709274
-0.113542614826222 -0.264354920683568 -0.0469657404080338 0.17483720842672
-0.261057796743601 -0.13667084194252 0.100803970703332 0.252921799571312
-0.259938479568957 0.0453588489215775 0.221713698536642 0.133855121607702
-0.120484155393588 0.182003016091387 0.206706448725019 -0.057435851988362
0.000834062281684499 0.17190872899859 0.0825854297701803 -0.107301975792914
0.0709992957043605 0.153382111554247 0.00888018125039461 -0.0788894778333631
0.111655683977394 0.12771980932645 -0.0203282842976209 -0.026241086252813
0.118290139146314 0.129899072655782 -0.0244639978073289 0.0103606606811762
0.0533654169754226 0.139306972438793 -0.039613634662673 0.0366269169363868
-0.00942374172522514 0.166172838994858 -0.088158042527638 0.0270309324758558
-0.147002714482443 0.13793915604669 -0.117244854971143 -0.0196347260314939
-0.232469056292615 0.0196971278542666 -0.0813774018336684 -0.0869843377805957
-0.17960179771662 -0.152136789053301 -0.0432544195393962 -0.1049243788617
-0.0723424385499071 -0.277057552574899 -0.0482393979007073 -0.0218409742623794
0.0145864361882493 -0.273242477313893 0.0363057392972705 0.141830509405947
-0.0669887738301443 -0.277104579740282 -0.0620033434114839 0.224188180040798
-0.234300368153338 -0.17886537186252 0.0527226364150486 0.275698428833815
-0.2674931729901 0.00824694926130353 0.170618266695223 0.180004282224981
-0.141813498333141 0.168726363165419 0.181476650414772 0.0114629470214645
-0.0107525607969107 0.172090891265681 0.0876849526956885 -0.0365389272379236
0.0627612984417415 0.155122384129519 0.0397791945795418 -0.0187427405268678
0.106644170505423 0.12911106618042 0.0203918771004404 0.0193189093367467
0.117389444044449 0.128258126095078 0.0140043157900898 0.0565662401236025
0.0578651889843711 0.138387367154974 -0.0126676146478089 0.0834748393341946
-0.00487709103160018 0.162758770463454 -0.0762925583972503 0.0717995440511047
-0.142963829635692 0.129781701287816 -0.115928196380455 0.0162410986161289
-0.221320956694736 0.00758693157822961 -0.0867211161822325 -0.0605776636033715
-0.155592441303932 -0.155017622332136 -0.0264457628040326 -0.0756177345788662
-0.0382979979303241 -0.256505259003132 -0.0322644061607425 0.0511961050348297
0.0417174693281531 -0.198982992085767 0.021951352232495 0.215865304162282
-0.0155647397399635 -0.228587827135735 -0.0688505928192595 0.252245368620159
-0.166042388849761 -0.171637704181322 0.00800354991854459 0.266029310306537
-0.218000195588765 -0.0215035366908587 0.111721678809153 0.197678430193142
-0.127791591452007 0.127988763105102 0.140730717909041 0.0666232517318313
-0.013994470809819 0.142252168779701 0.0839095385069545 0.0278512249301501
0.04864993709314 0.12969994814712 0.0646694676459315 0.036821333404902
0.0868659974610106 0.110715901787189 0.0575428309848538 0.0600884173232373
0.0992372043149532 0.111078494506302 0.0485643337286029 0.0976671361431491
0.0501793528720021 0.122033095580245 0.00892304652411744 0.125737735114247
-0.00683892068063195 0.141514761067431 -0.0684250659690867 0.110108373109458
-0.129515559362798 0.102246918904502 -0.116002701776443 0.0423321266827842
-0.187677583377128 -0.0135529170517398 -0.0900269959157023 -0.0423974222993733
-0.108373833572685 -0.148810396530303 -0.0111497687222335 -0.0500880537658702
0.0062601379866376 -0.205798463212246 -0.0227491227210346 0.114993490469243
0.0581707413908995 -0.0883884394240077 0.0145362621947311 0.251750228738039
0.0262382696353163 -0.135619103247862 -0.0593953473761541 0.255015819248842
-0.0811450578966811 -0.119778715348589 -0.0170246285548575 0.236818093052187
-0.13221683493696 -0.0312052526670764 0.0669462377323934 0.191379855129309
-0.0854058839385674 0.0737194494612128 0.103152152222767 0.101196185934636
-0.0100745958669822 0.0914419480230539 0.0786210378274055 0.0729551605002887
0.0296590188554911 0.0837913413831614 0.081934238487089 0.0779733946819808
0.0556642128943546 0.0758076546749085 0.0853619087981303 0.0908391118734597
0.065766066796304 0.0783669439703914 0.0748805615633094 0.131329944190529
0.0339692471855483 0.0925399159244643 0.0220530054163115 0.15919782105072
-0.0119144335258745 0.10447634842599 -0.0714634030664366 0.140935292399433
-0.104916640142596 0.0626748279438897 -0.123696762057 0.0574316865673181
-0.133870028750944 -0.0342685873909965 -0.0972966655129723 -0.0343285303436054
-0.049215791473512 -0.126051520436974 -0.00239632580711421 -0.0296878461068711
0.0509482557551724 -0.1285852447928 -0.0249517582975374 0.163487245606614
-0.0618789279589399 0.0293159934586947 0.0141950768974352 -0.212429555930906
0.00254193812381092 0.0748810798323655 -0.0283781153489915 -0.00830583333831574
0.0570232765766576 0.0483383351337948 0.109206276898495 0.0551874491120424
0.0577324216122114 -0.0194950900449512 0.16420661700335 -0.0550200503942194
0.00964535364109695 -0.0467246205329101 0.111729222605129 -0.170747526930905
-0.00860987514524555 -0.0289800621223679 1.23114929834136E-05 -0.21460923859422
-0.00792729452553162 -0.0288095985177664 -0.0902366801449081 -0.171044608753119
-0.00788270804450752 -0.0303620675328191 -0.115384993211502 -0.11675566135601
-0.000630900850036689 -0.0254708982221221 -0.0996484871065303 -0.10382910171573
0.0117170136735375 -0.0151353014060106 -0.0900102516108164 -0.1073202976613
0.0285620247004909 0.00111220074108349 -0.0890285589555247 -0.120971320668976
0.0304100331143468 0.0366085225300686 -0.0549338022077782 -0.163548672667276
-0.0182501791300912 0.0665723223926844 0.0144214297235355 -0.200655463128325
-0.0714439512761707 0.0311311338197801 0.0154021331879388 -0.219422514444207
-0.084724646449556 -0.0196875753485578 -0.0422206653287941 -0.252620859212076
-0.0842832375059277 -0.0827138383415723 0.0320118181506146 -0.19101077569168
-0.0653040720570088 -0.00138189998641721 -0.025903651917562 0.0133935817445837
-0.0413438722318665 0.0343404673822078 0.131880089399483 0.0894005319793823
-0.0141649003632311 0.0267964357850153 0.202483017061362 -0.035413237285947
-0.00209273024867203 0.0236924901242466 0.142621149287971 -0.181775735805518
0.00975920206086336 0.0280591227463216 0.0147048518643724 -0.225255644196527
0.0285270354712852 0.0261945979355768 -0.0832790425162958 -0.180777201673767
0.036583328921168 0.0206931602277574 -0.114387509084659 -0.118044270771498
0.0366204055335817 0.0321179403319434 -0.101561947014468 -0.0990106912139174
0.0111041783986705 0.0452731587261098 -0.0899147673220046 -0.0930114415605369
-0.00767735990707441 0.0590729500593329 -0.0933746879533794 -0.103705582591051
-0.0532061711117982 0.0550084302985121 -0.0729298201101807 -0.140861446065155
-0.102724534007361 0.0250012727381301 -0.0122329295360661 -0.181523947481209
-0.108823344655935 -0.0582723677075442 -0.0179542715030262 -0.203624293885893
-0.0891049587471722 -0.13326823095547 -0.0569176499809975 -0.2296947399486
-0.0860791000886104 -0.188497991885234 0.0474929632545832 -0.136723031254336
-0.117018447457314 -0.10020216438993 -0.0263575334511638 0.0573551036507758
-0.146595743895368 -0.00373423019878709 0.146920423506605 0.142904697520469
-0.107406340074236 0.063374641016433 0.237380577554604 0.00642104386349742
-0.0317560158975997 0.0999844706863171 0.179698319923459 -0.170061890299733
0.0185170655945447 0.0894703381407549 0.0379966134395165 -0.213456594843261
0.0572816758680754 0.081817855684135 -0.0610005459803336 -0.168112035940998
0.0768909522718647 0.0689954624954409 -0.0956846870405177 -0.0996738161508348
0.0744216545952447 0.0798963370599847 -0.0893634015979102 -0.0730992569488392
0.0235301526375617 0.0944299452936768 -0.0847616794829195 -0.0587501114130804
-0.0213983498646828 0.112989853638471 -0.101826548652575 -0.066966627406354
-0.111923810407652 0.0909801885928848 -0.0997798393871853 -0.106796200597151
-0.176608942662372 0.0147098122419782 -0.0465723367254772 -0.155177888541319
-0.151943177336001 -0.11627569611076 -0.045408037371854 -0.175344873266949
-0.0959266613848439 -0.221048600873143 -0.0674545259538627 -0.175856509893384
-0.0661123528866046 -0.270159316393083 0.0545727663733569 -0.0523416407617431
-0.139631267044701 -0.200498961213067 -0.0333094070581461 0.117957079132498
-0.23446868960536 -0.0654819053158905 0.14122748120399 0.206525758699847
-0.203571218715413 0.0749643064419128 0.252125245352419 0.0686404896506616
-0.0760047419732918 0.162626900135759 0.208220047300944 -0.129739563273177
0.0160438687629222 0.144856613894041 0.0640592561694793 -0.174727499467278
0.0740455766746373 0.129169265178389 -0.0284711976272245 -0.132982254934689
0.106217163796563 0.105961034225389 -0.0634789205649853 -0.0674905812964791
0.107697538735957 0.112222681497455 -0.062665942532112 -0.0335353550207621
0.0425526559274307 0.127482983872608 -0.0677949236624333 -0.0115464663361079
-0.0162608074313227 0.152655269154252 -0.102287178706142 -0.0192026618505954
-0.14223904410002 0.128258520659229 -0.11714964342567 -0.061869510986981
-0.223974706267429 0.0232572627964221 -0.0739786021316331 -0.12331925462673
-0.184774529840144 -0.143514570363984 -0.0548143588163841 -0.140823014126293
-0.0975645477832864 -0.271918746047842 -0.0648517525134585 -0.102174054961889
-0.0298042223754526 -0.304681530578023 0.0504803867884276 0.0484724314457416
-0.121429454234674 -0.272045057307265 -0.047281030667337 0.181945827499584
-0.271459478709523 -0.134347779737924 0.10816039642253 0.259463622156895
-0.269340275645081 0.0528205442786997 0.231107910088229 0.135482322577907
-0.119759963730476 0.191456110567334 0.211985238953127 -0.0648768291651349
0.0054452115614471 0.177267996321866 0.0832780348826406 -0.111677325476573
0.0764470354493161 0.156918322359155 0.00826715474009562 -0.0804265723897313
0.118982026050854 0.127619971435749 -0.0221344988642005 -0.0250498817227799
0.126059740657714 0.129179043933295 -0.0256758144523748 0.0116188642006081
0.0579576126707876 0.1427386381432 -0.0408261532106933 0.0393997025546394
-0.00576599028213857 0.170900958992097 -0.0918834838849322 0.0311304569956431
-0.148676577844459 0.146080725881292 -0.122041035238626 -0.0175919092186968
-0.238685773936819 0.0269944402859497 -0.0875397191152236 -0.0904745662138758
-0.188723396273841 -0.153767634012437 -0.0468258473356584 -0.107722004136962
-0.0818003025031228 -0.285112723841795 -0.0500242141069059 -0.0212945061689585
0.00842406765839992 -0.281794396626881 0.0374453989739286 0.147330809616413
-0.0741907283693477 -0.285668231309503 -0.0621975095811112 0.233465594802626
-0.244684820737796 -0.177787522062706 0.0589102785553012 0.284136622643833
-0.277471500548737 0.0140187978736047 0.179651873974007 0.185036966441225
-0.141065586996653 0.178079376756593 0.187110447817596 0.00723530862017708
-0.00591913428392311 0.177402562621003 0.0902784527873592 -0.038257947870882
0.0687698931435867 0.158729172746625 0.0409142447715548 -0.0198716436977714
0.114307471824649 0.128929062965646 0.0214157900368689 0.0193436165718088
0.124636070551399 0.127269485071842 0.0147876340859956 0.0580781239351826
0.0627342497429586 0.141246520515918 -0.0107491236030794 0.0870589894597305
-0.00144481869923583 0.167744495651583 -0.0782095651007367 0.0772825556525688
-0.145057040337921 0.137815672944244 -0.120734989109592 0.0191476872280745
-0.227361536408212 0.0146300209966363 -0.0918999253664071 -0.0628138041226562
-0.163153474338471 -0.156413100974125 -0.0294430432201617 -0.0768996766547582
-0.0468365376920762 -0.26398824146979 -0.0321020901501715 0.0530506829772937
0.0382967197177508 -0.205364490012664 0.0242532058758637 0.223163317403989
-0.0199356426540438 -0.235820350419994 -0.0680143926130534 0.26148610113673
-0.173787897858454 -0.172255037709773 0.0121621139328159 0.275161086131688
-0.226131717530645 -0.0174272518758871 0.118317784888565 0.203408224633945
-0.127178581775453 0.134560516535023 0.146129095699447 0.0657451723717465
-0.00984676421512535 0.146598089329473 0.0876980398902485 0.0279154314740828
0.053867641414817 0.132368754079748 0.0679717363951405 0.0356581444216034
0.0934854002830762 0.110682383607811 0.0609131836004522 0.059723584026337
0.105156630656824 0.109636550607014 0.0526431062599883 0.0983993989789553
0.0547694515591287 0.12502076960484 0.0130252880231985 0.128909438028737
-0.00404663883727543 0.145478687177691 -0.0687344742715918 0.115819445864907
-0.132167761989874 0.108860908888194 -0.119840530900987 0.0462480639161633
-0.193573340592377 -0.00891276055351639 -0.0950807845286912 -0.0433083495662004
-0.114631758001726 -0.150727671895313 -0.0136148285530208 -0.0517919391422639
0.000435388342040453 -0.213321343129401 -0.0211761575444819 0.118927281757703
0.0575721012259582 -0.0921368037368454 0.017088733129632 0.260641729828117
0.0252560596339759 -0.139835893014505 -0.0586048703243591 0.263317443088224
-0.0845166179760699 -0.120384475637011 -0.0146089745663769 0.244699560294451
-0.137469722767626 -0.0290364211008309 0.0729810783831061 0.197904148643135
-0.0852877769359005 0.0773391393936326 0.109230224397079 0.102299254167061
-0.00765588991725179 0.0933677381104654 0.0838244855030537 0.0737764173225398
0.0322615000381222 0.0855873053551542 0.0869010452434872 0.0773155762100259
0.0595008652439898 0.0757297768670827 0.089917677852948 0.0896413248796186
0.0694574018227848 0.0777447447172458 0.0801453343373302 0.131507513077185
0.0373618281527664 0.0932999460047905 0.0273023177640814 0.163390550284112
-0.00937786031966444 0.107238760416744 -0.0700626448490554 0.147602656886884
-0.107309712067662 0.0669191496413757 -0.127937592545939 0.0618238992820571
-0.137849365362705 -0.030749557195752 -0.103190406654485 -0.0351880691886109
-0.0534086796529795 -0.128024652822095 -0.00374654042031398 -0.0306207990078568
0.0487475084486363 -0.133785018914454 -0.0212121659482912 0.168494028161868
-0.0626096983094433 0.0312019502142042 0.00696764389579241 -0.220152769279033
0.00443358673864139 0.0758708222107567 -0.0303548447053826 -0.0052968523006656
0.0600932112787442 0.0468183286401623 0.116552908183527 0.0554446377552209
0.0574136508823428 -0.0225008359671233 0.169932125882125 -0.062412966154828
0.00739020228524619 -0.0472720956174996 0.109290611520242 -0.182026599394471
-0.0100510028808156 -0.0294981528626941 -0.00991529478808807 -0.223428824968515
-0.0093118983583379 -0.0296793655996262 -0.100294618032583 -0.172761521535002
-0.00983914573092743 -0.0307115215428115 -0.123023957464405 -0.114369172642922
-0.00128493637417911 -0.0260922541416371 -0.109519496634799 -0.103049640275599
0.0121902759707045 -0.0162124475486586 -0.09941421680314 -0.1073101882805
0.0293531092118601 0.000682606459787544 -0.0973323961667596 -0.121705761103117
0.0320787975697758 0.0368273376256534 -0.0624464320119638 -0.168050665650397
-0.0159647063890829 0.0690215109295153 0.00817533798233436 -0.210088293190382
-0.0724552795528907 0.0341108577276598 0.0106444056460889 -0.229122311974426
-0.0872703531927527 -0.0168309151130211 -0.0509268645018255 -0.262887524796419
-0.0906897827416635 -0.0830648150025054 0.0263749319104132 -0.198097721004875
-0.0682319076466868 -0.000431461158321004 -0.0261831550848501 0.0165081934760649
-0.0420803740999521 0.0365717571449548 0.141045131514278 0.0900160681614183
-0.0152599944864562 0.0285698332739166 0.209976795211802 -0.0439216593764645
-0.00189707914768407 0.0261123629925863 0.141177890626639 -0.194783941252663
0.0106384951162201 0.0287915899407341 0.00562163141022478 -0.234656113185241
0.0314852580853378 0.025872818130017 -0.0938318390440304 -0.182505790569259
0.0388074621459236 0.0201200367095178 -0.12252016488944 -0.114423590121173
0.039275314154731 0.0312486742876161 -0.111178385455609 -0.0966655072915974
0.0136386813217072 0.0468006013665055 -0.0995040761490464 -0.0923904729081774
-0.00508491377385708 0.0619249223866516 -0.102579716468414 -0.103741056817025
-0.0542345911223881 0.0587725496410697 -0.081533405305154 -0.143667842088465
-0.105591765250448 0.0297546072375354 -0.0188194585601104 -0.188895861814603
-0.115122462477321 -0.0565500552562366 -0.0233637179419329 -0.209753502615708
-0.0972355548741447 -0.135201195676405 -0.0660909425280705 -0.236939120459403
-0.0966208415957697 -0.193428865672223 0.0440270511386735 -0.141760785371689
-0.12525333171926 -0.100557095902036 -0.0254795093412571 0.0619834671230544
-0.15219175426862 0.00133191981977158 0.157225446049787 0.144276283867294
-0.109967239292772 0.07010684332291 0.247578002952865 -0.00130088754135476
-0.0292403849863544 0.106065423071757 0.179549384008092 -0.18472026465132
0.0222785499602889 0.0927317650488991 0.0312914427232549 -0.223410752290293
0.0629025451515996 0.0831847793111178 -0.0693698668750145 -0.170445612943918
0.0830196937879262 0.0673298890508726 -0.102753858803198 -0.0969429323698845
0.0814637638634159 0.0781740918302462 -0.096951889101364 -0.0700932242560073
0.0280508842614879 0.0985197778571829 -0.0918185074148215 -0.0561875281297917
-0.0175661058590531 0.118286270738044 -0.109725951340471 -0.0651005508886847
-0.114330279717549 0.0991632017602534 -0.108003353959337 -0.106406156053111
-0.18227157833736 0.0230524276281517 -0.0545837848054971 -0.161488455436945
-0.162641339756906 -0.115319719811384 -0.0515627770773991 -0.179793882269373
-0.108457214068162 -0.225644276325213 -0.0747495628015482 -0.180726235436299
-0.0788842336915069 -0.277426760629308 0.0539686105128566 -0.0547227520259056
-0.15223339661696 -0.20396366384608 -0.0306973188093204 0.125002243015866
-0.244922512170963 -0.0584009968684002 0.153873947067184 0.210170592058972
-0.209421073984497 0.0864776344307867 0.265095954202853 0.0638854858057096
-0.0717200169401759 0.172384123963493 0.209614574040581 -0.143723901220153
0.0222739394881193 0.150265383162227 0.0606978978870971 -0.183761124881452
0.0819828688117615 0.13108652966615 -0.0342191549431911 -0.135486487116852
0.114815775434855 0.104117276673647 -0.0679882597714016 -0.064932984223139
0.117004373192218 0.110438492818268 -0.0673524760902226 -0.0309390346354789
0.0488343680679876 0.131102083910456 -0.0715751170535798 -0.00848708322763658
-0.0104497248139024 0.158812023045517 -0.107913328263159 -0.0147715954305057
-0.142882958073201 0.139241121669515 -0.125967595593688 -0.0597465453698971
-0.231223587162684 0.0331095058733841 -0.0821650556252601 -0.126810572703309
-0.197396235412535 -0.142464466270657 -0.0614155698045376 -0.144452890221225
-0.113133892171558 -0.279349503653721 -0.0698668306782433 -0.103869373810007
-0.0433207645274952 -0.314274815732613 0.0528716299216984 0.0511074836102628
-0.136249402675302 -0.278914763801611 -0.0433399716515863 0.191145761343778
-0.285358934070635 -0.128715647298234 0.120458240342743 0.266327584989679
-0.278768732610464 0.0652086443926795 0.245352835519542 0.135391488262342
-0.11565998520911 0.203852062587074 0.216630573953089 -0.0766148190643274
0.0129962503551249 0.184594125667935 0.0826109869924773 -0.118556295129606
0.0867639308345413 0.160158360641283 0.00527229802523862 -0.0831582307411927
0.129652918516018 0.126052134358038 -0.0232677338281785 -0.0233386597979686
0.136600898770185 0.125767000267283 -0.027234521218454 0.0143196634588324
0.066015280021966 0.146591213713698 -0.041379143060242 0.0427706971856181
0.000979831122952133 0.176866110475849 -0.0955368600946659 0.0371115118099833
-0.149092949062914 0.158570372255914 -0.12900008708979 -0.0130265309396257
-0.247250352914091 0.0388228623533063 -0.0954420672435793 -0.0916175662410566
-0.202168093592104 -0.152016310875884 -0.0531226480851766 -0.109338975931596
-0.0977403861898254 -0.293248661659506 -0.0521097511146343 -0.0211664275491103
-0.00301485504379987 -0.292078903989201 0.0427486994797594 0.154251573248512
-0.0868414725777716 -0.295368560044129 -0.0572989742495492 0.245212018917971
-0.259448818739525 -0.174711354986553 0.069175555698857 0.293381700685046
-0.288975511742456 0.0239399729988908 0.192543327415476 0.187931989777606
-0.138435575362251 0.190628106745199 0.194276825911494 -9.89991731608913E-05
0.000891672491266888 0.184370480026796 0.0933930285204244 -0.0423369717883077
0.0786472301244075 0.162263985442128 0.0424298398441248 -0.0220491956578084
0.125545825096249 0.127591158504257 0.0222731691896305 0.0197215374177732
0.13534415784914 0.124729434221602 0.0173523078812978 0.0591884416087423
0.0706169378350732 0.144708889474306 -0.00814749657603652 0.0908344633363673
0.00567314693912569 0.172728754377016 -0.0790513263128887 0.08474204225697
-0.145778475505234 0.149677414339176 -0.125075432368683 0.0254725044573683
-0.235732054969672 0.0252769575889501 -0.099725357762803 -0.0631946964655108
-0.175229894160101 -0.155590766175449 -0.0341378151391048 -0.0793318183048519
-0.0607072369722421 -0.272864794215007 -0.0311159335060392 0.0564669879850246
0.0310190813312625 -0.213928317355859 0.0306135936460772 0.23326531525844
-0.0289940586875417 -0.244849016683395 -0.0634250562300391 0.274435684617996
-0.185280841864589 -0.171312324766175 0.0206350728989373 0.284969142726886
-0.235524841737324 -0.0094389520603199 0.131255790985894 0.208626607350334
-0.125382182999634 0.145591997851737 0.15409168188323 0.0618957473316628
-0.00373086888697726 0.152285219623305 0.0934120636198087 0.0263708682423736
0.0619803028109696 0.135099609699763 0.0725011566724353 0.0343830185003456
0.102626889803459 0.109799419451469 0.0644330994979902 0.058530771522397
0.11343055559036 0.108104506449104 0.0586710452827834 0.0985525606877651
0.0623155523739334 0.127615263412473 0.0195948137393721 0.132649905532387
0.0016831336450724 0.150253583335044 -0.0672354909746862 0.124427770337504
-0.133188296246427 0.118962812195837 -0.123770436104991 0.0531262253136454
-0.200130799225487 -0.000284404762154848 -0.102553431945134 -0.043316628550985
-0.12485579253072 -0.150929761858704 -0.0165641647652322 -0.0533684508283931
-0.00942616797228407 -0.220715504416109 -0.016769710988455 0.124045187027746
0.0555143872450342 -0.0965577178030522 0.0249530242913861 0.271989149999429
0.0213195425562687 -0.147320606396137 -0.0537380008606594 0.276368223334699
-0.0916665754879983 -0.12131949237214 -0.0074446488461838 0.254475200518018
-0.143483143969826 -0.0249620927963343 0.0834462416346407 0.203802567824424
-0.0843216595362203 0.0840476913238365 0.117656292819727 0.101920761758724
-0.00342976495070816 0.0958585326506462 0.0909346609906743 0.074473227995566
0.0374380272756321 0.086607894917746 0.0940390838936295 0.0762345400160016
0.0658208242640961 0.0744101408834123 0.0965436393999176 0.0881014797949596
0.0751693664405761 0.0763921144210824 0.0885971791776742 0.131542261333196
0.0430562221877013 0.095151386859976 0.0352985461935834 0.167254608756334
-0.00526117597165247 0.111253984789245 -0.0676406147591535 0.156730812139778
-0.108549906433478 0.0743128253908191 -0.131630086745613 0.0691671366752127
-0.142819682297787 -0.026468013817369 -0.110035810872727 -0.033281943863215
-0.0593750562881367 -0.129967670820596 -0.00583619587884311 -0.0327404509262534
0.0447221638891456 -0.140879220383352 -0.0155996550234177 0.175370290900821
-0.0622778003298293 0.0339998904268434 -0.00492327582240003 -0.2259406368245
0.00898131552565074 0.0769449812163256 -0.030707856564803 -0.00224717791173238
0.0623380026509368 0.0436783588029086 0.123546531847528 0.0531398415394192
0.0577853842832847 -0.0261452573827206 0.171796483153021 -0.072615820176734
0.00503849196843094 -0.0478027757610406 0.102166484833402 -0.194516217508354
-0.0116299739501099 -0.0295646649713902 -0.024508304295998 -0.229424821777459
-0.0106700441960173 -0.0300380566753122 -0.112790260065801 -0.171142198578743
-0.0127740619248865 -0.0304148965216595 -0.131453929120796 -0.108851591510049
-0.00280506024225218 -0.0268806804419563 -0.119769391688431 -0.0974555309096475
0.0116482831467761 -0.0165857428109013 -0.109769563360293 -0.103847768820902
0.0303986665767365 -0.000700440037206908 -0.107272752355146 -0.119037938214917
0.0340604827167492 0.0361596037669703 -0.0713247251993966 -0.168053228157976
-0.0134579998911457 0.0713260381131321 -0.00092262122808135 -0.217310356250223
-0.071904558233507 0.0392281070134091 0.00213323509525752 -0.235598644964975
-0.0894516276851053 -0.0131109424594941 -0.0638078122942562 -0.268254721949241
-0.0977780123511116 -0.0817391859944578 0.0172252471649043 -0.202619967609502
-0.0706607196217344 0.00183613994436013 -0.0262577816223675 0.0210097482145704
-0.0420999168644281 0.039248996650046 0.150696449067562 0.0867989283816015
-0.0148764548776875 0.03048711884833 0.21346117899579 -0.0552986360998259
-0.000516403504168114 0.0279333713260034 0.133979637658614 -0.208750674514683
0.0128300984336413 0.0292125429491873 -0.00853673495245133 -0.241879194035681
0.034333567496445 0.0251176683587215 -0.106062301986944 -0.180987661500159
0.0413749071329471 0.0180719550703608 -0.130752632072231 -0.107898620003353
0.0424789625175584 0.0293863192704487 -0.120531148208747 -0.0907414069670416
0.0170872441349611 0.048468887788775 -0.108952509644771 -0.0878055630346273
-0.00158159694607395 0.0646222431104529 -0.112119230675766 -0.100472863099778
-0.0535762005295254 0.0640907637452334 -0.0913333411143068 -0.142617589359538
-0.107331174518053 0.0362910829205774 -0.0287152832440742 -0.194619170550936
-0.121064368521297 -0.052785650411586 -0.0322459760467624 -0.21436016020025
-0.106656418918833 -0.134188239864451 -0.0784838726820513 -0.241027294915485
-0.108958193950956 -0.193568803589244 0.0382111085936164 -0.145633285807938
-0.134996732001392 -0.0982931917205597 -0.0228897654767344 0.0669136468860756
-0.156217083853196 0.00956722109527767 0.169984718718798 0.142315591728076
-0.110141531772576 0.0783368456562258 0.255216420445917 -0.0123822970946447
-0.0244327479754342 0.110855706913365 0.173135611879534 -0.199514282202167
0.0280278695280019 0.0946724110741116 0.0184709466721972 -0.231427138984542
0.0708913874066813 0.0822786182838016 -0.0807727263480572 -0.170446223695797
0.0894399117982981 0.0636824843270445 -0.109931940149292 -0.0913874717753004
0.0884217767362885 0.0742217315013642 -0.104905402553536 -0.0644710650494816
0.0350588751630694 0.100202950923477 -0.0987847416892535 -0.0515188380648736
-0.0108725123759267 0.122849240211023 -0.117645942610026 -0.0600210060517839
-0.112796155691333 0.109091288103972 -0.11719013717052 -0.103196734316777
-0.186180673758892 0.0337555929472782 -0.0643438753537925 -0.164597586571932
-0.173473418576475 -0.110082862573394 -0.0604006322780727 -0.181952737753954
-0.123910048920026 -0.22670693202815 -0.0856501260441663 -0.182699992972004
-0.0963009575807164 -0.280452222614287 0.0520705641303317 -0.0557589293117224
-0.167182180421392 -0.203289491641076 -0.0255738413700854 0.130885369406153
-0.253661729082026 -0.0469189690655618 0.167446322319696 0.209080091858583
-0.211469389912252 0.0994503190418045 0.275414659147083 0.055048183534999
-0.0636126525048485 0.181418545534563 0.206537070428358 -0.158809639692799
0.0313978237938931 0.153367809151072 0.0517103693586363 -0.191613150716363
0.0930480876407012 0.130491278037913 -0.0429546867154062 -0.136536025978671
0.124885761209542 0.0989561685831777 -0.0723899729930513 -0.060512193052668
0.126360095598658 0.104352929234342 -0.071926093800634 -0.02617643677809
0.0591035806431207 0.132889287827639 -0.0753812280274556 -0.00369176530654972
-0.00158694585817769 0.16415912756198 -0.112981597655822 -0.00752177175269666
-0.140388020530065 0.15213747287144 -0.132407928122758 -0.0538207717281529
-0.235358285703211 0.048139901364291 -0.0922304596531583 -0.127224800025024
-0.210911383327134 -0.135673161772617 -0.0690744649344481 -0.144345509800828
-0.131885550898623 -0.28010399910054 -0.0762837083498628 -0.103160491409369
-0.0613814950141421 -0.319883291429165 0.0565124654504067 0.0528980310351059
-0.154149458172947 -0.280697497490291 -0.0353172449822478 0.19985134768255
-0.298611891302615 -0.116380835183859 0.135605416149865 0.268136771342571
-0.284361037267039 0.082515267062648 0.259549737817348 0.127821400707772
-0.106836531792123 0.215189720588362 0.216522818186032 -0.0896007136770262
0.0239919007070834 0.188462878914797 0.0788710189935321 -0.125677919777518
0.0999260253794342 0.160116210854417 0.000872329374524513 -0.0853623106074369
0.141812951784759 0.120061735460086 -0.0252556172944852 -0.0215734775659943
0.148150740549559 0.118563404487666 -0.0278117019030611 0.0171615276703176
0.0766563446520573 0.147666171961316 -0.0403549857927861 0.0467604772435316
0.0121539169429839 0.181504971464598 -0.0971253602026829 0.0450918140102314
-0.145391580216842 0.172018377750031 -0.134367151941451 -0.00575314938362617
-0.251444453236946 0.0542795929168818 -0.104446482900511 -0.0910702439508953
-0.216976173694132 -0.145151576998154 -0.0594748863406044 -0.10908472367138
-0.118098882284027 -0.295708057855198 -0.053691669577691 -0.0188665940584379
-0.0195552614657649 -0.29840254981751 0.050536579065658 0.159552463646923
-0.103505802683009 -0.299551614528992 -0.0472024239719436 0.25620212838414
-0.274492016778677 -0.165337632432731 0.0852777589813139 0.298025074552825
-0.296341319750634 0.0404238567576897 0.207802220293243 0.185673651725203
-0.129265232157866 0.203676885725131 0.197583191715137 -0.0112484838453827
0.0123855990467622 0.188815690212366 0.0942175842758269 -0.0482543018115316
0.0906562718367577 0.162212647639447 0.0425345141185713 -0.0245250573279423
0.136605259764714 0.12171934420692 0.0233293960709498 0.0192512450137038
0.146320854396332 0.117413258438486 0.0214665284079503 0.0599727814435282
0.0818467558578107 0.144365040715916 -0.00313115662761205 0.0931623629231908
0.0156375997732674 0.176567306707026 -0.0763921979345182 0.0922677857203291
-0.140815162469322 0.162348280923033 -0.128724125207765 0.0333435502582369
-0.239592957950341 0.0404508209712826 -0.107800320371959 -0.060604584934047
-0.189204902067263 -0.149412021907508 -0.0388896442773049 -0.0790255437547259
-0.0784333653031531 -0.27607552324535 -0.027687898288165 0.0591680764088469
0.0202699071044615 -0.219808273849085 0.0421304370986949 0.240098632882075
-0.0421048453597537 -0.250959368492242 -0.05229539284682 0.286292449824635
-0.197755981929062 -0.165319361876244 0.0341389001147685 0.291607584660506
-0.243520320440342 0.00299938599281658 0.145905680685635 0.209086798682063
-0.119345624438432 0.156631797744059 0.161197190707478 0.0552021798892801
0.0052279381021711 0.154909071340855 0.098150243277397 0.0223871606198741
0.0717448870220335 0.135009910817041 0.0768902145716079 0.0310854683202095
0.112315383790503 0.105650818438505 0.0686480750745262 0.0564935942773767
0.122685989104834 0.10235177493153 0.0656651014813169 0.0975642276155886
0.0711990980951385 0.126969822139506 0.0278868729259471 0.134933639865961
0.0104425245905632 0.152523681287986 -0.0620010897864934 0.13198014118171
-0.130931874755456 0.129769500598724 -0.126036078108792 0.0617983883563243
-0.204029649714999 0.0111375097664969 -0.109633454774061 -0.0398400854037573
-0.13655003179549 -0.147545453076616 -0.0204439017216892 -0.0538980821235204
-0.0233337708936073 -0.226061033463426 -0.0103152952026766 0.128524420386341
0.051487741069959 -0.101765386126554 0.0365103686495684 0.280081340854498
0.0138155754193712 -0.152658854519103 -0.0428734594929411 0.286975216230824
-0.0992125284487904 -0.118724142562953 0.00411369568567876 0.26142676979149
-0.148504509748344 -0.018162274624494 0.0967420096055459 0.205968796154965
-0.0807702881899096 0.090383983143913 0.126802492164606 0.0981456696079878
0.00276723729679696 0.0968847054489014 0.0989404047564378 0.0722645330584551
0.0434049618482974 0.0856425785286198 0.100686772635386 0.0718564248900025
0.0719229192774927 0.0719347877115586 0.102541434742724 0.0834617845198014
0.0809397785196966 0.0722792297764755 0.0986864476756889 0.12818864883433
0.0502620954421558 0.0947431743854295 0.0462791728070563 0.169358679426666
0.000761458664810753 0.113821785902665 -0.0605771621101297 0.164889091633419
-0.108732683633986 0.0825145226160582 -0.132092600230397 0.0790274151373161
-0.147817038180311 -0.0190104805979506 -0.116130152495711 -0.0297646689307249
-0.0680777881242525 -0.128600986450392 -0.00826832690195805 -0.0333800387680631
0.0370962947883615 -0.146223294744001 -0.00564668221074415 0.180404556484748
-0.0583683844631937 0.0398440941511551 -0.0402555705343801 -0.223518812326774
0.0209601223119584 0.0737466844029275 -0.0336788617320404 0.00276572265201273
0.0710593741453642 0.031332213706867 0.129339052290671 0.0359199478746614
0.0541076503593844 -0.0390195666907254 0.158289878712093 -0.0954637989178966
-0.00319877093869822 -0.0517350685409069 0.0711111414025005 -0.209141675771363
-0.0199564593514706 -0.0318632530646298 -0.0610894976297016 -0.222088963999239
-0.0195153762203159 -0.0299211724167254 -0.13758600080314 -0.149505194812914
-0.019375047637289 -0.027456079782346 -0.144239174386199 -0.0858829148184067
-0.00901532352673295 -0.0256482208577955 -0.133546999346405 -0.0785898649312856
0.00792241638417501 -0.0168519944616603 -0.125663002603616 -0.088180063244194
0.0293421492602091 -0.00440651565565751 -0.124492262765356 -0.103387232656484
0.0374837252948939 0.0320479635836114 -0.0933881379447427 -0.159748139061026
-0.00521450440523855 0.0740444374836834 -0.0279286072354402 -0.22098096160362
-0.0671010335346646 0.0508474856417951 -0.0249235922793794 -0.235172426020715
-0.0927028281244531 0.00100165265035341 -0.0933821081039146 -0.258209775659555
-0.11386783043716 -0.0674147438856994 -0.00949389090210501 -0.202799861914927
-0.0697849846200701 0.0143192353661713 -0.0203807747093201 0.0220122361032523
-0.0321193911914949 0.0458484019808423 0.16244958486885 0.0596393017123304
-0.00660090741749726 0.03088809990921 0.202618792014361 -0.08946786233362
0.00454536989292131 0.0229727526345461 0.0974652017168741 -0.230297194025864
0.0135864912502443 0.0224677621999779 -0.0497135007685847 -0.237047297961416
0.0360558738161588 0.0180909657974978 -0.135510886700835 -0.161439581317372
0.0411253957343618 0.0116091116578486 -0.144462924351674 -0.083839185813438
0.0454572180529256 0.0221822505905779 -0.134359100191155 -0.0708601417422537
0.0246575273605035 0.0477694985621189 -0.123144920183993 -0.0733990497879788
0.00850372423877926 0.0649521884755386 -0.126160045576817 -0.0842848636680506
-0.0452431603825953 0.0754342346665472 -0.107796215658175 -0.132444130097802
-0.103772991153999 0.0541269848763177 -0.0512088491655638 -0.192843817842317
-0.129533580991353 -0.0326247482421504 -0.0590721020024955 -0.208059967624319
-0.127088723850383 -0.117769421374856 -0.108421163528799 -0.226321404764961
-0.145438882590774 -0.175652663006791 0.025679308896717 -0.146360405391286
-0.150966339959465 -0.0710283946485675 -0.0045332028626212 0.066582686452737
-0.149917860392717 0.037067207936419 0.193598362585565 0.106278262859608
-0.0916504878719217 0.0957542340679946 0.251414946764683 -0.0588085443094962
-0.00362903922762814 0.108126814975072 0.134547897130215 -0.228810379889195
0.0401526464524211 0.0836859652009445 -0.0226372772080354 -0.23104149019614
0.0845305254477325 0.0686161584386198 -0.111177285190822 -0.157101181024014
0.0960773126127977 0.047881953965895 -0.121893736736365 -0.069948040234032
0.0996055656252808 0.0593050037198199 -0.114894449824097 -0.0468541499498167
0.0517119494437869 0.0963722171831321 -0.108276110593217 -0.0386628200854501
0.0092052558049428 0.124720467239798 -0.127351442540002 -0.04431680996226
-0.0966397773645812 0.131352323280492 -0.127929274831084 -0.0901634778260788
-0.181520882560997 0.0646550739193212 -0.0816485277186535 -0.156829747023202
-0.190431171628672 -0.0820969978652127 -0.0851000914381793 -0.170085559733745
-0.158437488374794 -0.208068403859416 -0.110511250038286 -0.164730061941565
-0.145642384030603 -0.26135593640952 0.0565087548440658 -0.0570581124352595
-0.200536539496374 -0.16743929632292 0.00771852823835641 0.130542989702867
-0.255229498819878 -0.000993029851788776 0.206172854398961 0.169401141502765
-0.187251230027507 0.136649352271447 0.284875147256755 -0.000965932673455362
-0.0294224425346632 0.184081861162014 0.170934575942437 -0.196492080215431
0.0541890747008534 0.141488166020125 0.0146554225980124 -0.197293093751707
0.117716972033365 0.113252492649301 -0.0697743943656268 -0.131382001983626
0.136682960565391 0.077060464721183 -0.0814978345157254 -0.0450557962799887
0.143123774441457 0.0822236412541576 -0.0766504071268167 -0.0135310394551791
0.0809391229131449 0.125425006907357 -0.0783475739329718 0.00608597169276775
0.0255133298185603 0.16322285456194 -0.116362460641869 0.00659623475956512
-0.116286945534515 0.179232346661017 -0.13683885432898 -0.0403026178318395
-0.227209299698188 0.0872761548696649 -0.104292267966976 -0.115584313202981
-0.231497012790223 -0.101016731463379 -0.0896813963493001 -0.129672029192208
-0.174193379521224 -0.261507770288662 -0.0931229325216095 -0.085618060287186
-0.117463690553256 -0.305053026341423 0.0780641407018564 0.0511413875998954
-0.200961939862185 -0.245213852493717 0.0122707845284299 0.202554449606036
-0.311390781986082 -0.0600637589230016 0.189269185219819 0.231947851711858
-0.261199440033109 0.134422822644534 0.283316034486885 0.0717813696866243
-0.0643713079784583 0.226177384479468 0.191013927470395 -0.131536782781019
0.0539083138391292 0.177474179576261 0.051337054135442 -0.137477604925658
0.128968157300028 0.142637819797403 -0.0179575766578653 -0.0887508915028117
0.157173589420622 0.0942350614369657 -0.0296519461154398 -0.0141640048338333
0.167665261514287 0.0918667965699322 -0.0266804224062532 0.0230500769408433
0.102112315072714 0.135378668075209 -0.0367704335225658 0.0511521273158773
0.0408493077927957 0.178473231088917 -0.0927326922711822 0.0567948746900832
-0.117334537451901 0.199917614565907 -0.132391030690853 0.00712975384151238
-0.240938101454079 0.0962363041937738 -0.111975967905092 -0.0764631619989672
-0.23815723398309 -0.109218526527391 -0.0752680521132177 -0.0954571347790779
-0.162460367972509 -0.277955860288677 -0.0611093181295039 -0.00543318673659436
-0.0700960562628954 -0.289209566926562 0.0862939021561356 0.158108619937626
-0.154795273356504 -0.271353221115819 0.00761276462729 0.262263479115326
-0.294716326326448 -0.112589202946716 0.144050132317492 0.271512725807557
-0.281255486971922 0.0969022543961632 0.243063891692985 0.136838504945683
-0.0887370089758506 0.219736430342624 0.186056823486152 -0.0518761009222903
0.0438229864649335 0.180745528087325 0.0797175792294169 -0.062565588676876
0.122051328124177 0.145441815049435 0.0327870131082189 -0.0367930583425686
0.153491369533321 0.097722341960198 0.0246139559657331 0.0183633448753609
0.166239350161803 0.0910406900739015 0.0284563532341863 0.0570762332454842
0.106669309095092 0.131023184188393 0.00733905735502976 0.0927829537955232
0.0448149802640661 0.171606662243288 -0.066188330406034 0.100930671077475
-0.114209180841761 0.189292693208221 -0.122226668234687 0.0462842684080829
-0.230294503193316 0.0806778660000613 -0.11214046681496 -0.0460315878606705
-0.210917367928138 -0.118550560363866 -0.0520620815295005 -0.0690804533261942
-0.12030445043158 -0.264476173011688 -0.0264337066217812 0.068795353952508
-0.0161784030541976 -0.216495704829337 0.0861326871884632 0.238740767248759
-0.0840053931961935 -0.234573660646991 0.00379228280856819 0.295375357384539
-0.220134597523509 -0.125343264921972 0.0908692977580619 0.276993144232585
-0.236518247670959 0.0505851765368564 0.186085346708399 0.173248054530878
-0.0857895504183272 0.172792985348666 0.162671714967687 0.0217897650996705
0.0324524654677658 0.149225670066449 0.096818723277223 0.00609587148541824
0.0982012502083359 0.122212656104396 0.07718487303794 0.0136874208025479
0.12817366714242 0.0847792183110569 0.0734428951116031 0.046442189978546
0.141201255904591 0.0794860215975432 0.0772799849921323 0.0878265905804248
0.0942444184925748 0.113985650529423 0.0442200355001943 0.129552031065856
0.0368068269178644 0.149630296056624 -0.0461170451384955 0.138548823753814
-0.108017675696653 0.15399754198512 -0.115525097384236 0.0745553733109145
-0.199744343482469 0.045813502762061 -0.111176465134727 -0.0242596699186732
-0.157985530102342 -0.124370595897704 -0.03022634420551 -0.047281927316136
-0.055839721536202 -0.222590574780533 0.000883690865672446 0.132012159941599
0.0374660863984432 -0.104573633443499 0.0818685978314235 0.276558138057559
-0.0107117583457032 -0.14739569127443 0.00834318928022235 0.29644447723864
-0.115651984837483 -0.0967142065815194 0.0508963474863678 0.25618508797023
-0.147129122477389 0.0126874800666804 0.134566705098876 0.182710742037549
-0.0595279415146311 0.102863801022455 0.139030301325755 0.0727316198142404
0.0219300468530931 0.09341604954914 0.107229080758847 0.0547702714318201
0.0612373865155876 0.0779313823312769 0.109035468874273 0.05180949162373
0.0838810182531408 0.058673049725795 0.110958868857689 0.0665150697350902
0.0950071044674918 0.0571352943274861 0.11439866690273 0.113865575073973
0.0677938204164659 0.0847030887385251 0.0681853399461111 0.16068122921666
0.0209848866057744 0.111991111697887 -0.0398276076079819 0.170695754414141
-0.0931800612312339 0.102899713243126 -0.120994957156469 0.0931867427550405
-0.14820965755876 0.00640496184088778 -0.118052644014346 -0.0123069620072928
-0.087489320488077 -0.116646275588627 -0.0151704607858825 -0.0305534920675824
0.0173170891220933 -0.152279807500932 0.0129381794176437 0.180573000809225
-0.0566249354196638 0.0404404380473654 -0.0470049713683385 -0.21852095433036
0.0226427662429215 0.0713208282796341 -0.0331008258368753 0.0043560655465922
0.0693496424387466 0.0289870506580502 0.131281566014951 0.0320840973889747
0.0518518986267719 -0.0393622657853367 0.154339843930762 -0.0994224336310165
-0.00460623878553099 -0.049653895294235 0.0623637341898318 -0.209552361646085
-0.0215915008081003 -0.0299416178528935 -0.0707622995101815 -0.217918394058587
-0.0200434160171251 -0.0290583628639709 -0.141913954180267 -0.141990864417489
-0.0200183651002108 -0.0256656573526621 -0.14425703705054 -0.0796584088223277
-0.0100258264596997 -0.0244043664627741 -0.135396032035896 -0.070586913045919
0.00736118735345701 -0.0169407113545708 -0.129601027316427 -0.0821842669972136
0.0293747539299308 -0.00551390384298692 -0.12610960668029 -0.0979605112787899
0.0381923119120894 0.0299171338567085 -0.096339140411807 -0.155391802015618
-0.00266820085733272 0.0728817507012393 -0.0341623851313354 -0.218910888550455
-0.0635667791794215 0.0517512999700308 -0.0297905270166358 -0.232831229542431
-0.0905953564794495 0.00323277731311567 -0.0986092087695662 -0.253366492269083
-0.11571371358246 -0.0631101213391351 -0.015036502982848 -0.19885185647763
-0.0695598358154388 0.0157980715380946 -0.0191559498253702 0.0232739132528506
-0.0324370296103767 0.0461371781954378 0.164141492924264 0.0554035710011595
-0.00641276567825206 0.0315058628629946 0.198574467401017 -0.0943589822962509
0.00513724572779364 0.0230753271429354 0.0873290438372135 -0.230161875148518
0.0138625079716934 0.0218932775023052 -0.0594338737811834 -0.232563549490535
0.0376415735840104 0.0157247191576454 -0.140636402985218 -0.153512568355663
0.0411188570088812 0.00971065233265082 -0.143713810634479 -0.0762336345109429
0.045963589515362 0.0199323279398053 -0.135663655549335 -0.0626827957818446
0.0267086077388428 0.0463321238507822 -0.125807321004088 -0.0666104033694036
0.0113027327013715 0.0642494002833883 -0.128841244809353 -0.0786049623998744
-0.0428430576229149 0.0773301320532276 -0.110167978646551 -0.126754638119692
-0.100448508697954 0.0570532538259039 -0.0570406098398164 -0.190987884014359
-0.127691182877413 -0.0293409265943204 -0.0631539709353422 -0.204986818566339
-0.12967892842518 -0.112570256965618 -0.113296933862838 -0.221542242116861
-0.149619967742034 -0.167982491319061 0.0215533012582086 -0.144061399033257
-0.15247039466439 -0.0669230210927419 -0.00238896677859315 0.0666719706234084
-0.147525849633181 0.0411376647696584 0.1954601330632 0.100660298521982
-0.0887779087524398 0.0991688384517712 0.248140590391208 -0.0652323634563701
0.00064178531981756 0.107420523609837 0.123566858702734 -0.230573018575818
0.0423299911147932 0.0821101715192165 -0.0317130684243677 -0.227030898866797
0.0873508417550515 0.0640305885790646 -0.116775692303694 -0.149710846838414
0.0974057331442523 0.0431262026903361 -0.121118631070633 -0.0632389518666909
0.100252883399715 0.0533496779726928 -0.11542720187854 -0.0399096821069029
0.0554961524948377 0.0942258426648603 -0.10975552016942 -0.0326710335494277
0.014291987951407 0.122490205689394 -0.12858897303146 -0.0377813571598552
-0.09181216691192 0.134458739068632 -0.129913997993796 -0.0848099597187838
-0.176963915926581 0.0701717945257014 -0.0869290829601653 -0.153821143113339
-0.189904363507588 -0.0747633010357835 -0.087598962898704 -0.165760979660435
-0.163322404226316 -0.200341834719219 -0.113455105977193 -0.160024027285308
-0.152536122770945 -0.252725770389729 0.0556638065016018 -0.0566729170467372
-0.205252473390451 -0.160368115310581 0.011516116375029 0.130259694904943
-0.251703516523288 0.00742866138042151 0.209705004926393 0.16206183578685
-0.1825886943257 0.142472462932716 0.283483241730221 -0.00861408046989603
-0.0224327233326561 0.183165218183888 0.160705439063743 -0.198758812747168
0.0590645600823431 0.138346061045763 0.00730847481915678 -0.195550692179126
0.121188876920184 0.107341075636729 -0.0736909519984455 -0.125877480283833
0.138686804733207 0.0697760481571332 -0.0808903701174444 -0.0401699053030421
0.143994438079513 0.0737107156810231 -0.0764396813910676 -0.00815302283618905
0.0849915340648385 0.12152783174517 -0.0777528966737665 0.0100152350497639
0.0311333733997392 0.160629209058384 -0.115856680698505 0.0121761903286067
-0.108595757016317 0.183032357564741 -0.137766709740862 -0.0338608872011781
-0.221500779161745 0.0947173950904649 -0.108368915233139 -0.111364623329661
-0.231927657568272 -0.0921660890518813 -0.091459177100868 -0.126442369406257
-0.181182738347479 -0.251462249202338 -0.0936843078069033 -0.0820717424260119
-0.126434261386585 -0.296174561006892 0.0797916570629712 0.0499965885635104
-0.207707853444971 -0.236562533926992 0.0181283390724951 0.201113598142611
-0.308427090283918 -0.0496357159688921 0.192815324604788 0.224966356293759
-0.256086012056934 0.143432139234161 0.284021714557034 0.063386584929329
-0.0551252178090559 0.225499982249765 0.182791218229237 -0.136199227724605
0.0595755233197531 0.173679039690037 0.0469128503919791 -0.137215033145438
0.134627679357115 0.135733212647915 -0.0216261821302884 -0.0857462176358543
0.159105699381557 0.0863083091881637 -0.0288651406121215 -0.0116644193649694
0.168029839747247 0.0824204100368944 -0.0254071431598187 0.0248269910029795
0.106504731504443 0.130160238455177 -0.0348838872567333 0.0523462143474791
0.0473215190025634 0.1738829299926 -0.0902906066137103 0.0612116073297734
-0.108474260734316 0.20327404376957 -0.132425822909412 0.0131113660904402
-0.23342890416984 0.104462083250643 -0.115295803518435 -0.0728508039974464
-0.239210931252094 -0.0996870664195244 -0.0774408424735722 -0.0924549315199486
-0.170225438692814 -0.268638977000664 -0.0598862328048264 -0.00306947106885163
-0.0782982798195093 -0.283131839324557 0.0907748452811728 0.155532490018644
-0.162401913740258 -0.264608133252755 0.0152158916982705 0.260485246918494
-0.295191144270141 -0.102181538785205 0.149544313635526 0.265886443054512
-0.276521412023957 0.10636985200944 0.247303645461262 0.128819978822752
-0.0790030969567847 0.218873006033091 0.180738462767817 -0.0558656932371691
0.0496864454686312 0.176484521475379 0.0781179010921273 -0.0646771142345633
0.127682778098279 0.138918973208334 0.0314176990907978 -0.0367654633107999
0.156324664518721 0.0884951998688427 0.0251008759685612 0.0177163401724803
0.167408255902502 0.0815026358180907 0.0292600028744868 0.0564905453766702
0.111302424671341 0.124746798260726 0.010589842864137 0.0906451004911796
0.0507760403357772 0.167602616544586 -0.0628744371690964 0.103327928038174
-0.105888622648353 0.192822270524196 -0.11990583291057 0.0507680956778611
-0.22376137586034 0.0875719971822521 -0.114039969895517 -0.042409868753111
-0.212519687729163 -0.108887666013533 -0.0533785498309887 -0.0669089509028543
-0.12863598957373 -0.256707125891228 -0.0229001850000923 0.0685115838452738
-0.0229825937517765 -0.213379652271488 0.0924718305836396 0.235311868028927
-0.0912602733309417 -0.230503531225554 0.012900026443122 0.293707546820539
-0.221356102960428 -0.117769441517014 0.0965869635142186 0.273128897865573
-0.233800972298026 0.0590548126128458 0.190320874888974 0.166969307319177
-0.0784807246437725 0.172985496164578 0.161319105279813 0.0162944118891186
0.0376317258039118 0.144619910438976 0.0974055157347336 0.00295220750913405
0.102630869696037 0.116628226406528 0.0770169259782683 0.0101655144792365
0.130367838979304 0.0780845372289442 0.0743812448391057 0.0430334924428097
0.14116483989785 0.0710903467630363 0.0790300668524522 0.0836499211998597
0.0982077277674551 0.109119479230135 0.0486628419538125 0.124621078522022
0.0417481800621385 0.145850473851563 -0.0414530671971876 0.139561092476608
-0.101529333324957 0.157401570062443 -0.113780548359542 0.0785783948569067
-0.194695697991299 0.0526032709890875 -0.112861647923977 -0.0204055285865377
-0.159643902922099 -0.116359538291172 -0.031696742536975 -0.04633674958856
-0.0633691753359178 -0.217334822975072 0.00565849410868518 0.130928769705764
0.0329030563722906 -0.10428797831347 0.0889047360400932 0.273075812321183
-0.0152961381382179 -0.146707619569349 0.0166451458932969 0.293153204844085
-0.117210722468458 -0.091963186195895 0.0570096484418579 0.253193861534615
-0.146327360546529 0.0184974829544534 0.140295204281741 0.177230686033934
-0.0548115020066632 0.103186292043369 0.140120614690757 0.0669860763738433
0.0244271422960445 0.0895802190020684 0.109605981459085 0.0504053674057923
0.0633707107753091 0.0733948453729674 0.109867216110167 0.0469653897934297
0.0845113965458424 0.0540637760515335 0.111501545863472 0.0615796291741113
0.0950283968664931 0.0514986836105159 0.116498291222061 0.10696704830919
0.0704027299555019 0.0806798270902937 0.0731032977790752 0.154758195772493
0.0249369723451862 0.109566510571509 -0.0327491698225357 0.170976531832672
-0.0879395171789492 0.105614069734892 -0.117267362596875 0.0970941027121316
-0.145150936007211 0.0117501877143624 -0.118453985071946 -0.00844945875102909
-0.0896407249704853 -0.1107599668084 -0.0163699271783668 -0.0304457179129277
0.0106231914674679 -0.15038237039042 0.0191354042669347 0.177574355427088
-0.0564668352142007 0.0400940962892646 -0.0491253845816664 -0.216691386273763
0.0226721339065336 0.0699405881463277 -0.0328248320817396 0.00445756173179856
0.0682736822520518 0.028294770218784 0.132502978565487 0.03175396957085
0.0502754145639947 -0.0394585870369446 0.154369240484152 -0.0998751478845439
-0.00540274665302042 -0.0481257747229353 0.0601207786377553 -0.208843154971652
-0.0222087203584873 -0.0284917559232716 -0.0752067287200357 -0.215758481288955
-0.0210065387092221 -0.0288713959121917 -0.143458524078616 -0.138612270986128
-0.020212178720159 -0.0248315220839193 -0.143967190201537 -0.0768615870017354
-0.0101377429570614 -0.0236039979008333 -0.136186864526486 -0.0677852864308381
0.00826301841865275 -0.01698549616981 -0.1314934496958 -0.0790214179638902
0.0295633282205521 -0.00588531077740936 -0.127136055050268 -0.0960185069657735
0.0372585057302424 0.0301142150791861 -0.0962947257379044 -0.15433875789358
-0.00229696156496982 0.0727794264682105 -0.0354007766260308 -0.219945870338544
-0.0618471623104064 0.0500529395122957 -0.0296193591766151 -0.232157210074645
-0.0895529427959323 0.00267220473314148 -0.09870837244399 -0.254330292397502
-0.116039949825742 -0.0626004067799043 -0.0158940897012193 -0.197098427632663
-0.0698412225680147 0.0159775349675823 -0.0194915001068366 0.0234141491618087
-0.032885275157786 0.0471069110247123 0.165434430446423 0.0546596588282448
-0.00701561111250642 0.032105057565818 0.198993446333898 -0.0951681522637233
0.00488527726857649 0.0240814822626076 0.0837079519639753 -0.229850530941584
0.0138441013392612 0.0225707039696361 -0.0638000226857381 -0.231110556660191
0.0380602012098827 0.0145100026578616 -0.142337364264723 -0.149824502126983
0.0417779101354019 0.00945625196654493 -0.142413718199187 -0.0742077511374289
0.0460074862165126 0.0193283418023317 -0.135932022464417 -0.059157002121663
0.0284808054489991 0.0464803525554291 -0.127691065903434 -0.0637364507043853
0.0119523144549695 0.0637479747834681 -0.12967620025191 -0.076641028748686
-0.0430017789827623 0.0780857497355315 -0.109665242762787 -0.126742466946397
-0.0995416578270051 0.0575722391942545 -0.0586162522781023 -0.191139826197916
-0.127005502914786 -0.0297353469916258 -0.0632105532181368 -0.204516207821804
-0.128742468353739 -0.111787238318726 -0.113404579660263 -0.221462979760927
-0.150391026548917 -0.167137213720724 0.0211922766611451 -0.142366775716829
-0.153605776581949 -0.0659837702434734 -0.00182912012890445 0.066587252698022
-0.147565434817398 0.0423588731852602 0.196307234079167 0.101000390975458
-0.0888658736852656 0.100986388109748 0.248990139378759 -0.0656957183859167
0.0015299468181949 0.107639296051136 0.120307256105839 -0.22942564263664
0.0433955382038929 0.0821002972897 -0.035257837434116 -0.226777796470978
0.0890364993431943 0.0618773540311793 -0.118341996107995 -0.14617798467128
0.0979538570994636 0.0416038898729347 -0.119397318807765 -0.0607910028061198
0.0995788362868227 0.0510423607124452 -0.115884492079321 -0.036069303315482
0.0571816337259837 0.0934502488780888 -0.111172055627285 -0.0303368690898592
0.0160871585967394 0.122475386022939 -0.129556946179423 -0.0359501884591631
-0.0907676463736532 0.13642556207775 -0.129717244084811 -0.0831643939812189
-0.175527799523564 0.0721397851517878 -0.0877815454260688 -0.154176710260933
-0.189451888510571 -0.0740113763626299 -0.0869897978486877 -0.165962830811792
-0.16427143843867 -0.198702997490183 -0.113112037194544 -0.159386674950279
-0.153952508409862 -0.249928482434617 0.0563363712111194 -0.055961118851212
-0.206393882281961 -0.158659471841305 0.0128242241900993 0.130046556667049
-0.252030887582799 0.00928707616910277 0.210494252074605 0.16301517710027
-0.18247081151002 0.145275129303384 0.284567053536975 -0.00930239499386129
-0.020563816596888 0.182730362897612 0.156833934686739 -0.198745168509088
0.0597808386912878 0.13764595975453 0.00483482605380878 -0.195036444121306
0.123854548346861 0.104492952304055 -0.0760410707048879 -0.123231816734949
0.13987312873765 0.0671299567238376 -0.0792932756596476 -0.0381846074590393
0.143291146058307 0.0702795006436745 -0.0758446719409296 -0.00489934718125385
0.0870618452606649 0.120581579697388 -0.0779876095360041 0.0118480176740999
0.0333016749377738 0.159208536703185 -0.116492607586345 0.0148043728469671
-0.106539818985835 0.185127605479173 -0.138136380184658 -0.0324659098823768
-0.218948804659568 0.0968865528863125 -0.109648382678517 -0.112045191934731
-0.231056119745196 -0.0899849261609382 -0.0914243972506346 -0.12626651058943
-0.18229517206021 -0.248919339046085 -0.0937080304955868 -0.0815052888033842
-0.1267417339423 -0.294149604625605 0.0808366743757936 0.0512772116664496
-0.208774735796675 -0.235612432953699 0.0187097240395585 0.200499205795756
-0.307878734619713 -0.0482396136945043 0.192763739997125 0.225157679828233
-0.256459321413203 0.147280138326766 0.285875665737159 0.0630472131458207
-0.0521096829769232 0.224889771521552 0.179337058201868 -0.135063111060054
0.0617301254765178 0.172237968373583 0.0460624285427506 -0.137339541968896
0.137213608760264 0.132139637104149 -0.0227368509106618 -0.0848698892470014
0.160513332717988 0.0830308717243736 -0.0275544716061218 -0.0103327021512007
0.167126160026084 0.0780006703121498 -0.0244224475557922 0.0267454347825318
0.108494772245648 0.128411540718938 -0.0336209588164501 0.053166521532925
0.0491498048833837 0.172762905628929 -0.0907451194611785 0.0627556310850961
-0.105969919534057 0.205392234864469 -0.133057634400354 0.0150475968841111
-0.2308399204613 0.106337839543384 -0.116265507784978 -0.0725904072872844
-0.238930560232794 -0.0963472581568199 -0.0766662088504661 -0.0923609028549705
-0.172148507048393 -0.265640901192783 -0.0589356789215093 -0.00304418687004045
-0.0799660787302804 -0.280393990644409 0.0921201275264003 0.155906845247196
-0.163578937323134 -0.264326975506724 0.0163709132835592 0.259591184758315
-0.29338371616238 -0.100733890336771 0.148431276150686 0.266735244935843
-0.276963324918811 0.109804466210426 0.248069334803417 0.128363306575855
-0.076799650694053 0.219358137754389 0.178355121551793 -0.0565832753533269
0.0512681823050552 0.174309577159186 0.0781685425530573 -0.0656371023190071
0.129851909355684 0.136145622895486 0.0310130278195313 -0.0369739328137588
0.15741055412588 0.0859999395526717 0.0262812090458614 0.0183735938341323
0.166659880869837 0.0773972203688794 0.0297878178322077 0.0559833331910623
0.112543431689232 0.12269970041755 0.0115326832957236 0.0894131096508782
0.0520437641331654 0.166122244814312 -0.0618561020241548 0.105303050325313
-0.103651148813842 0.194374960302942 -0.120440196618175 0.0531539175521748
-0.221332177392516 0.0899253329697561 -0.114838106768333 -0.0410988877604467
-0.211920959998223 -0.104797870736343 -0.0536044036394065 -0.0671201725942541
-0.130567602402043 -0.253142267006618 -0.0211388499326171 0.0692510900203543
-0.0237542004305926 -0.212303094998924 0.0929985081967959 0.235699026290815
-0.0929257416638419 -0.22937886364257 0.0136073294814371 0.292833675097087
-0.221496834177481 -0.115684250019227 0.0966654664240686 0.273028879552363
-0.233483955909709 0.0624399539541088 0.191994784671486 0.166252813302146
-0.0755545711003156 0.172597686480949 0.159610474696897 0.0160260001300087
0.0385754852543987 0.14251788008587 0.0988345706693546 0.00217343592147047
0.104107744875863 0.114005405854869 0.077166617280392 0.00955605564828669
0.131123990869892 0.0751867206790282 0.0742986501965717 0.0422516448855895
0.141338086804518 0.0673848611359555 0.0785967485690446 0.0822383471223502
0.0991015808275935 0.106450181717192 0.0498143726733578 0.123002965365379
0.0425541182067938 0.144128045794854 -0.0403424562004285 0.140737105545656
-0.0987013798835699 0.159043436435215 -0.113197229506108 0.0799822057689654
-0.192204898283304 0.0544960677185518 -0.113977481722968 -0.0194807736559031
-0.159303208499203 -0.113208963473578 -0.0318555381722856 -0.0466871072593189
-0.0656876040094993 -0.215051411388555 0.00728188316001197 0.129740407923948
0.0326053466707271 -0.103719776914065 0.0888441295440826 0.273377647548893
-0.0172968881662349 -0.145975856373833 0.0172907682856528 0.292654956530876
-0.117127961343377 -0.0910794442792919 0.0572586896642536 0.25405629565244
-0.146529847683379 0.0198410018398493 0.141922286487491 0.176615513092914
-0.0529510349509069 0.10258949432581 0.139884293533974 0.0659488945974903
0.0247306258924069 0.0867658446020453 0.112060764520295 0.0488868063055791
0.0639464679407495 0.0719419089685602 0.110534873770322 0.0443477513582777
0.084913142724161 0.0521741981986395 0.10985185111683 0.0604234641302352
0.0946280673207239 0.0490503953311843 0.115976920390594 0.104267534362135
0.0719491750989786 0.0790028293884367 0.0745862922908433 0.151348018722633
0.0264567544859424 0.108106400933838 -0.0319851790788036 0.17046091230296
-0.0859473567253765 0.106510335811515 -0.117262921000039 0.0984589148390027
-0.143340293429132 0.0130981818082183 -0.119019312047797 -0.00791730784039668
-0.0890882311571751 -0.108444944760858 -0.016395907636659 -0.0312490181985641
0.00854851005491719 -0.149665739529587 0.0204764295302595 0.176767784107909
-0.0581927465448438 0.0390146767878165 -0.049477514683314 -0.2200466302878
0.0220708382132729 0.070897677174187 -0.0348615072911095 0.00489067764266515
0.068260210723784 0.0301263345732035 0.136345271314322 0.0333967771711246
0.0517009153933856 -0.0401146608438603 0.158833051125513 -0.100852223105387
-0.0052803516568101 -0.047796816561276 0.0620454850565766 -0.212174241478765
-0.0225327830748073 -0.0280495787253288 -0.0783634884562637 -0.219224921854036
-0.0212048513181672 -0.0292145641461295 -0.146303988544345 -0.140716289960045
-0.0201907589647919 -0.0255391439943631 -0.145653297455353 -0.0788645986092402
-0.01017475244813 -0.0235834983224362 -0.138844440897721 -0.0677591630794236
0.00845440959561015 -0.0173334416430907 -0.136041835634656 -0.0799793625472987
0.0304109899448246 -0.00638803121559247 -0.129873800958968 -0.0985753542591973
0.0370275214120787 0.0308288189880873 -0.0956572299762155 -0.159020218912791
-0.0027231045195705 0.073673718039818 -0.0346613098347394 -0.226395103814236
-0.0622779283588361 0.0485387968904094 -0.0274619454984483 -0.236954105127827
-0.0903372899727684 0.000914547284548203 -0.0976136144463202 -0.261603116188865
-0.117079395175947 -0.0657599428411423 -0.0149412823152898 -0.199643345171027
-0.0721875433800658 0.0156424288285223 -0.0204769030320746 0.0240928015835731
-0.0343615944947641 0.0481487629898126 0.168900983140287 0.0580849529619825
-0.00851658156689768 0.0339304028755752 0.204546505431012 -0.0943383492384682
0.0051362118937326 0.0256924873227711 0.0859013613270567 -0.232655642621457
0.0142894441892642 0.0244856407430485 -0.0668199675167373 -0.234631784238341
0.0390676737113774 0.0147335923820898 -0.144965750966519 -0.151721205498297
0.0432719643031957 0.00900976261420737 -0.143674734579302 -0.0754200238250585
0.0468360760761668 0.0194046157573044 -0.138782950949469 -0.0584388565707616
0.0290862404447505 0.0478238067591691 -0.131224915691826 -0.0639236029817248
0.0125553272615101 0.065016736404395 -0.132052497981865 -0.0781354500337813
-0.0445515888956377 0.0799813127399046 -0.110673408191475 -0.130100213027626
-0.101530625033681 0.0585320591775596 -0.058131480155574 -0.19741831559165
-0.128347175231223 -0.0321678521763341 -0.0612879592578068 -0.208988071643838
-0.12994647787694 -0.116480561883138 -0.112286218602446 -0.227982786690228
-0.152091420647302 -0.170916515695281 0.0233261940622248 -0.144478558546831
-0.156068135836464 -0.0675652390397254 -0.00276581803306836 0.0680027175064186
-0.151498652399433 0.042446696799788 0.200107677205762 0.105664011432122
-0.0925860339462196 0.104103715300492 0.256182070612175 -0.0648354392252604
0.00118110891991506 0.11000867998721 0.122073150174041 -0.232596475610918
0.0437477744808523 0.0847730777407175 -0.036978865176593 -0.230689375276553
0.0915790057744049 0.0617532787438091 -0.120934124461635 -0.147493820867723
0.101103377772274 0.0413642016417317 -0.120061824592974 -0.0622431472694649
0.101863546545208 0.0516677740571485 -0.117381970088521 -0.0352405952350754
0.0590884471855477 0.0961156855764076 -0.114075692886121 -0.0298100761668264
0.0166283671798169 0.124244282285644 -0.132825175011517 -0.0356360269616192
-0.0933334175018991 0.140218869317385 -0.131297260896372 -0.0848976649822509
-0.178894753524854 0.0729190858747191 -0.0893746803420942 -0.159261424528651
-0.192171135140177 -0.0777855817703466 -0.0865318441091882 -0.170850187845249
-0.165706623396133 -0.204515303872359 -0.113512861867291 -0.163755277967093
-0.155390748592806 -0.256155469528213 0.0582434599127266 -0.0554997069314999
-0.208867626974281 -0.16267295579863 0.0112496155468316 0.13234055731452
-0.257016341243389 0.00756435487249876 0.213107528881055 0.169628273286792
-0.188690373287352 0.149657354750801 0.292778538866323 -0.00618962854873509
-0.0208094644683973 0.186723578503327 0.15948627840875 -0.200112773805134
0.0605646499559464 0.141422653040991 0.00540263083983452 -0.198353856852791
0.127439179667936 0.105859364642262 -0.07734402578846 -0.124090974686292
0.143766551851334 0.0673372370183275 -0.0791146611744759 -0.0394061472147365
0.145236034619137 0.070701530252215 -0.076591007430028 -0.00358403514996869
0.0899898360220543 0.122535690442841 -0.0804486458744084 0.0121202984256044
0.0346058196670102 0.16238203693804 -0.119790862533298 0.01648090197606
-0.108731953018797 0.190298354747218 -0.140766052577926 -0.0328490223127631
-0.223507718553824 0.0980195365622725 -0.11186435872304 -0.115393102601377
-0.234603316436866 -0.0933906412358779 -0.0918733450120403 -0.130181261928381
-0.185082076307251 -0.25484319786398 -0.09373604464944 -0.0836048566496194
-0.127212888611623 -0.298716082869145 0.0831129092268507 0.0535515749715179
-0.211871232522708 -0.241740872047245 0.0172278088810579 0.204455333422263
-0.314332654471117 -0.051407060040375 0.194573221980276 0.233360671554763
-0.263029457820111 0.151335490102728 0.293136215190113 0.0673558808738225
-0.0538721123952118 0.228983664251847 0.182731528448443 -0.135392577153711
0.0617726132882245 0.176496449188407 0.0476333421765288 -0.1395513579444
0.141310930045357 0.133327019045304 -0.0233259541839499 -0.0847449339431617
0.164382095181976 0.083087515276948 -0.0264094436693871 -0.0106605422926717
0.16971944911191 0.0786581819065321 -0.0245449714630924 0.0285901437956785
0.111027307997314 0.130869708145445 -0.035079372684015 0.0539185676892061
0.0497431613101142 0.175973157655148 -0.0934715007520095 0.0653184817033203
-0.108130977354375 0.211520013826874 -0.13587239098866 0.0163738436267702
-0.235420674578787 0.107746048426097 -0.119280984445946 -0.0748452796614314
-0.240931412117208 -0.0997500195251826 -0.0776982033678691 -0.0961166219409168
-0.174726614793431 -0.271412627104834 -0.0589907382487587 -0.00301779320613144
-0.0779915309268368 -0.286007234464766 0.093010246441718 0.160578665858562
-0.16617175668225 -0.270395123934137 0.0146939656594423 0.265332064922409
-0.299419629056576 -0.104519471550319 0.148434572200851 0.274128756256109
-0.284677698304533 0.113375986509616 0.255367971683727 0.133181150601901
-0.0776687315086068 0.223181248946734 0.181395111228172 -0.0555637863808421
0.0510982109141052 0.177624621890699 0.0810720148979876 -0.0665252333178616
0.133379708194719 0.13770958586296 0.0311424624954836 -0.0366009719124293
0.16164820203515 0.0866156967875223 0.0271875752304375 0.0183311184159481
0.16838914162545 0.077173837886174 0.0304314490843379 0.0585627278098048
0.115474241626507 0.125690990224541 0.0115905125065435 0.0912994737412953
0.0525654238122573 0.168820928044316 -0.0643141369770515 0.108084972391466
-0.10554370628249 0.199610797416917 -0.124010025257492 0.054959341903044
-0.224764507965367 0.0908553042592036 -0.118628618930751 -0.0433284636270013
-0.2140200911834 -0.107643954275161 -0.0542696392416185 -0.0700753112444445
-0.132129843268672 -0.259007559016639 -0.0214258482232254 0.06962059884931
-0.0223526732911631 -0.215528036632077 0.0923641183874832 0.241870720875104
-0.093783530376478 -0.235433947163697 0.0112720196890393 0.298749992437853
-0.225111342167069 -0.119250672826898 0.0946558635561087 0.281150379615116
-0.239098481084648 0.063927529562814 0.195972456679313 0.171265804463357
-0.0771690237856571 0.175402982407932 0.16253090457352 0.0177578743619565
0.0377656374951728 0.144091877033095 0.102239729608203 0.00232509464526499
0.106600214910892 0.115050871737819 0.0781557848265744 0.00991022414528393
0.133799657523018 0.0753793923885875 0.0753520976438389 0.0431130062106865
0.142239995935545 0.0676353331725426 0.0792254721876543 0.0841911060607252
0.101478056511923 0.107722865518421 0.0501203342663156 0.123742263913519
0.0432295674378099 0.146049068081932 -0.0420382640491227 0.143634108435014
-0.100572827808595 0.162848546542371 -0.116882855574009 0.0823065767584476
-0.195437135703211 0.054784493472845 -0.116970815084273 -0.020761695371047
-0.160015590248306 -0.115341826694223 -0.0319881759630945 -0.0492234594632471
-0.0662573859371688 -0.219150811394241 0.00717404408310538 0.132383958316356
0.0347059753908567 -0.105908458122822 0.0877410293944883 0.28123039613527
-0.0164967455189923 -0.149551375360568 0.0149545284787401 0.298743486327274
-0.118335695935933 -0.0926183456973921 0.0553606745743291 0.260001435454728
-0.148484133763882 0.0210081007223784 0.144767643837993 0.181030564796373
-0.0531505698710653 0.103959471649506 0.142024533085489 0.06819817240705
0.0238088752188887 0.0873519358516091 0.115144909433061 0.0505340388688736
0.0650085293407072 0.072692893681396 0.112856844389595 0.0443688164267305
0.0872727313527968 0.0525555759742041 0.11181419579602 0.0611987401471119
0.0959253104715787 0.0489463582125836 0.116396636553296 0.105903381554785
0.0726270534668018 0.07964390946441 0.0750892887956261 0.152594407913394
0.0264564593245172 0.109704376984532 -0.0336823454072313 0.174116866783994
-0.0876590318658819 0.10912705492196 -0.120869527885967 0.100035528849208
-0.145104631476953 0.0130385743308978 -0.122455109027667 -0.00936803745197197
-0.0888394150124365 -0.110203102611248 -0.016869992364349 -0.0330973743609446
0.00943531689629509 -0.151973614659493 0.0212123848490006 0.180048656272687
-0.0610991488393011 0.0405346369442532 -0.0518203908730213 -0.22975615584444
0.0232171059944402 0.0735577577767399 -0.0377423576595892 0.00648621959856627
0.0709308694655129 0.0324061732795541 0.143433765030779 0.0354996313051966
0.0528925582567599 -0.0418459084478216 0.167670910193363 -0.105163857788223
-0.00527274520910475 -0.0482409431801296 0.0643712113378586 -0.222967439891633
-0.0234787326017475 -0.0277398979755988 -0.0850103907845339 -0.227244294753478
-0.0223817097068372 -0.0297803728823952 -0.15399835136504 -0.145280739810365
-0.0208413102007691 -0.0263646520299734 -0.15211052174558 -0.0816258658140677
-0.0100450213668624 -0.0240515229607249 -0.146062846249917 -0.069059728183018
0.00889378661582908 -0.0173821844571855 -0.143888423789351 -0.0813255220962184
0.0317463575632226 -0.00739000868236066 -0.136371784457288 -0.102437940000611
0.0378559606510826 0.0324915004793475 -0.0991611422251749 -0.168180690598062
-0.00224400432676501 0.0771738478923847 -0.0369738909194966 -0.238707152805707
-0.0648949151866332 0.0479851039682611 -0.0267846992752185 -0.247890722948968
-0.0947347538053703 2.27155049575371E-05 -0.100650329330811 -0.27563939244996
-0.123543209885415 -0.0691298933016628 -0.0155875427526552 -0.208567368759652
-0.0755932753885647 0.0156193715130564 -0.0228115430613411 0.0259854962397701
-0.0368052079951744 0.0514172370613202 0.177993213107924 0.0613379621577321
-0.00853839173853517 0.0367140105598954 0.216230547673136 -0.099460704474673
0.00606705497871442 0.0277341437935904 0.0888801230416652 -0.243695493977668
0.0156382616846422 0.0273832961203009 -0.0731372521061143 -0.244529592473292
0.0411682308155173 0.0145756421858273 -0.152449400556582 -0.155799226841591
0.0460528365439216 0.00830508507109099 -0.149700362684292 -0.0784508356906695
0.0495977104983132 0.0204678299981098 -0.145457724961286 -0.0581060567860831
0.0317183267176958 0.0504973343200397 -0.139402446709416 -0.0651129566157697
0.0136740815871415 0.067602678214818 -0.139509132466218 -0.0806985605300578
-0.0466119822150345 0.0852325956318763 -0.115686135286788 -0.136401497512559
-0.106292732635219 0.0614148943136012 -0.0617291314566086 -0.208565257681598
-0.133996710269131 -0.0365279348247519 -0.0632394813827667 -0.218496720738518
-0.136728097172654 -0.1228483672112 -0.116034932610242 -0.240106180008693
-0.158951394553481 -0.179013933585693 0.025212272826286 -0.150881865958092
-0.163891293453562 -0.0714279731527054 -0.00448136985754271 0.0713582693600991
-0.159152382521959 0.0454760968205357 0.209992596647001 0.111860879479142
-0.0979008438270005 0.111603348746001 0.270989728843213 -0.0671330567412443
0.00193344473939574 0.116243023032509 0.126994224146358 -0.242841620975307
0.0471343062591962 0.0903049573566894 -0.0407329915993765 -0.240454249709251
0.0969896338250175 0.0638455035213681 -0.127502280249939 -0.150806631898366
0.106984819898796 0.0419806149562902 -0.12478389969459 -0.0647655414803498
0.106575963261366 0.0534529323271488 -0.122465127461175 -0.0336846343701739
0.0632661537894927 0.100639797317332 -0.12046163768713 -0.0293297103928485
0.0176409394644479 0.13017076699103 -0.139609348217474 -0.0360100912354334
-0.0971403794584885 0.148844746691036 -0.137968708780858 -0.0890230202012171
-0.187167091136564 0.0770599720523376 -0.0942645438853648 -0.16898425697421
-0.200714291706032 -0.0827331737731286 -0.0900992940859559 -0.178425864365775
-0.174098368525167 -0.21466947476898 -0.117184101222671 -0.172208812785256
-0.162586299402843 -0.267788709970761 0.0623659717414009 -0.0573325387660392
-0.219479554511263 -0.171174752681839 0.0105229958086045 0.138951508471943
-0.269641476708318 0.00817750029716124 0.223278722335355 0.180328248464946
-0.198459309086813 0.15992331439743 0.309085050874543 -0.00695279327683672
-0.0205609595542055 0.195719366851448 0.165530297983947 -0.207735759618741
0.0649032623694274 0.149204329940663 0.0043813285524905 -0.20775539640879
0.134703221725019 0.108710591679901 -0.0818279081046836 -0.127305860979368
0.151500623951381 0.0677173426199531 -0.0808629633732875 -0.040776799057479
0.151953412744294 0.0726127952362284 -0.0797533383938947 -0.00163278077806661
0.0955432860314502 0.128240352082331 -0.0846788953432378 0.0141356072081369
0.036607930341987 0.170152533082703 -0.1260599900153 0.0187262036014426
-0.113077527494118 0.201559434770823 -0.147913348490361 -0.0334108393974794
-0.23411875973581 0.104485866974825 -0.117824011649542 -0.123557761190634
-0.245428189418071 -0.0984217235773058 -0.0952307869496317 -0.136827612124249
-0.194932135288771 -0.267133192680198 -0.0971897202427954 -0.0884007610992586
-0.132398729036869 -0.312646717749997 0.0881516668506297 0.0563896169762526
-0.223086810860457 -0.254018987692085 0.0173237458672596 0.213647476174633
-0.329734214438785 -0.0540252905177188 0.203378656784438 0.247124500196313
-0.276864426322116 0.16213601259217 0.309925836271957 0.0706790767773001
-0.054987774347098 0.239826367197409 0.189788145349562 -0.140136960683546
0.0653182848810158 0.185403188179624 0.0497509611880066 -0.146760091141993
0.149259560008832 0.137751991056004 -0.0251164473168816 -0.0869443400507816
0.174028804167433 0.0845762709296769 -0.0265919555601835 -0.0118425313157853
0.176991691276702 0.0803043459160983 -0.0251103390038952 0.0315097815684131
0.118118509157681 0.136204840247354 -0.0374266074882254 0.0567240634762383
0.0531734894841539 0.183708645580176 -0.0981606522184587 0.0709061463638054
-0.111611006352991 0.223939179784217 -0.142600195841261 0.018439177656833
-0.24570317446771 0.114568293268903 -0.127158474000671 -0.0802042053783254
-0.251803258112268 -0.103439179459672 -0.0812527921727379 -0.10163367539152
-0.184127803616663 -0.284145227413099 -0.0601923033456949 -0.0034059008368976
-0.0812269912342616 -0.299065588676725 0.0969107466007079 0.169112798309598
-0.174006650840707 -0.28413205252027 0.0148194075403524 0.277439646447397
-0.314222531635649 -0.109458401799761 0.155046876468924 0.289927021647209
-0.298083697331255 0.121759146449887 0.268750103244539 0.139529879315611
-0.0796856831742412 0.233091434064097 0.189355964736231 -0.0560328726702743
0.0538993128275612 0.186552845867998 0.086334434932396 -0.0703438557444197
0.141498923568276 0.142209642837972 0.0329441619455493 -0.0381938650338492
0.170599909194629 0.088175289576239 0.0290123160385381 0.0186382002170822
0.175747639898002 0.0784152440089358 0.0322648147702453 0.0615963231206823
0.121331060711552 0.129874776654983 0.0113994422887582 0.0945079182939522
0.0565149169248744 0.175561170632957 -0.0674098370322307 0.11523993339577
-0.108693224746089 0.211148603242329 -0.130434109055024 0.0588409029948274
-0.234472629823761 0.0962483820480484 -0.126072337685774 -0.0465108307507447
-0.222471029763905 -0.112068555416279 -0.0570577355056656 -0.0748044847338692
-0.139734927304826 -0.270692257639352 -0.0209907847779982 0.0730452887126931
-0.0228803795337277 -0.226108567830824 0.0959523460678685 0.254993381911432
-0.0984051161990943 -0.247117022103532 0.0104154809351879 0.3129050580723
-0.236006324410812 -0.124533869216108 0.0985241226481511 0.295907486007806
-0.250633152176076 0.0696630831548889 0.207682045801597 0.179231257638381
-0.078962109580858 0.183600801836696 0.169227218024717 0.0190710663768162
0.0395373131777515 0.150885942100721 0.109493202220114 0.00150822008642963
0.1127258665057 0.119172271739629 0.0825511596716307 0.0102377698373971
0.141763728848964 0.0770074147719764 0.079563840785271 0.0451839928353356
0.148496391280113 0.0681226888976498 0.0833450311744911 0.0878541915665142
0.106237762497642 0.112292815201051 0.0530185355211474 0.127969234622687
0.0455326659147723 0.152034370846069 -0.0443901076297995 0.151346513482115
-0.104443733016746 0.172253853931032 -0.122632933878199 0.0873389430469333
-0.203225084225634 0.0579874724580635 -0.12380234053441 -0.0226762887171235
-0.166613066965905 -0.119857394096085 -0.0340993183271689 -0.0532606250970777
-0.0705204360238523 -0.228373030462521 0.00887452363977349 0.138439920512768
0.0365101175468627 -0.111458175318224 0.0903516596777857 0.295915607432715
-0.0173852593372097 -0.156632319191133 0.0144478443065172 0.313396597194882
-0.124174229293396 -0.0971902140755942 0.0563950649189153 0.274007919732044
-0.155949351113308 0.0235112182401786 0.15254903098638 0.189796433107692
-0.0543620644757922 0.107842671950987 0.148860553942316 0.0706932522256835
0.0236673055941791 0.0902028241729051 0.123328691478683 0.0515967111986173
0.0684458579255997 0.0755147562104117 0.11846424529725 0.0451677655351684
0.0915884875097647 0.0535086567280779 0.116130249075233 0.0642471042210447
0.0992562479499557 0.0497332814087764 0.12177471832524 0.109914116356774
0.0770991494468106 0.0829613203845676 0.0786986800124294 0.157169331552462
0.0276452647917608 0.113528085121955 -0.0359731104352378 0.182585422629868
-0.090874460192031 0.115933374478263 -0.127310577743075 0.105168068256408
-0.151391762285555 0.0133956373627679 -0.129569688608487 -0.0103032648621618
-0.0916977674208915 -0.114198153950577 -0.0178613095263183 -0.036419390448584
0.00800537341281481 -0.158525143740832 0.022765920901587 0.188064459168799
-0.0628280373962333 0.047602368075371 -0.0712566103296362 -0.243209422403379
0.0309411399175506 0.0727871903954102 -0.046457214526297 0.0112193998380589
0.0789822095287971 0.0235745393632791 0.151574580006478 0.0325904148120159
0.0504853361339746 -0.0526873947714663 0.172043915225096 -0.118040597374536
-0.0127020484073181 -0.0520980637082539 0.0519572035429077 -0.240689622058879
-0.030569616618052 -0.0268679841667027 -0.108970637144221 -0.231305769975272
-0.030043517368074 -0.028690369726459 -0.173471432030029 -0.136968570118638
-0.0248053306005288 -0.0249754547282857 -0.167867393992053 -0.0719808578015677
-0.0126294283132755 -0.0243345267645728 -0.163749210735898 -0.059019564981184
0.00962802544836857 -0.0195579761796711 -0.16472584804177 -0.0736750053519969
0.0343833323963122 -0.0127500884876934 -0.157034854420606 -0.0982060529318641
0.0466548316417785 0.0299794505968628 -0.123472685830049 -0.176788072922838
0.010296163397007 0.0820926827985735 -0.0621188346172322 -0.260027049450495
-0.0609685826933163 0.056679790570341 -0.0425288591896223 -0.26788206794058
-0.0986888730135428 0.00584664023960651 -0.119804423377929 -0.288507099768926
-0.139990478545008 -0.0580880058656839 -0.0224487184456598 -0.227349761748463
-0.0768704708204621 0.0249981554278549 -0.0241561345376222 0.0249510367044764
-0.0304051972244304 0.0570919082226293 0.189126073056208 0.0483938132529972
-0.00330282262989059 0.0369996209567975 0.217855698156418 -0.122933001342314
0.00761598877998867 0.0245591893733339 0.07094199872643 -0.262547700245435
0.0157245896549391 0.0266143749394806 -0.0999902485000339 -0.248665246159327
0.0436861913292268 0.00916582947388039 -0.17805952164407 -0.146066009727867
0.0485355087564866 0.00454182071510064 -0.163907297969704 -0.0677431659997235
0.0543067026749001 0.0151847254701715 -0.161240766471899 -0.0475668257867298
0.0408093369532532 0.0489402024895526 -0.159529892605165 -0.0571915341926636
0.0232628674726762 0.0678231438171819 -0.159727703085201 -0.0747248030026953
-0.0367058072011369 0.0952740146062117 -0.13698093122753 -0.143739350369633
-0.100999728908474 0.0755349873372914 -0.081724584257433 -0.22627190917186
-0.142841046799679 -0.0280959221893113 -0.0781235421562767 -0.225962915624505
-0.155588219438291 -0.124137445260333 -0.137112609647552 -0.239960618654724
-0.189160787186154 -0.167457297577978 0.0327757613777862 -0.171181703617554
-0.176668400038273 -0.0555549167021425 0.00354031070847259 0.0658593093483859
-0.158164180560234 0.0655241378374642 0.2285026397003 0.0879654277086901
-0.0848158953370468 0.127395910877785 0.273450223361913 -0.103256550071251
0.0135970615239533 0.11609488279123 0.104852028575365 -0.264611565203403
0.0548032337476363 0.0893331654589055 -0.0689857411018612 -0.245556578092323
0.10846334347277 0.0533683443780032 -0.156195213685772 -0.142106134196558
0.115251838565807 0.0328200831621143 -0.135851545547718 -0.0537808750816648
0.117361788816355 0.0426470806618468 -0.13470016704251 -0.0231560239161287
0.0787786072298462 0.0981069625729463 -0.136950280310531 -0.0202276400538935
0.0341284771887214 0.131424643132697 -0.157380762711577 -0.0270020612817877
-0.0824685545779967 0.167204015512684 -0.156535312334999 -0.092952739016626
-0.186105444344676 0.100106362695292 -0.110288053951858 -0.182547397798628
-0.218986629642688 -0.071665044727255 -0.103060536420599 -0.176584208297173
-0.204789440837839 -0.22017208934424 -0.135323883325065 -0.159965839237833
-0.200100391810243 -0.257820811428936 0.0843775452468089 -0.0752324937927895
-0.244643850790438 -0.151768997133447 0.0317578985119958 0.132203354920247
-0.276658757602074 0.0404020526129051 0.251251465620667 0.149173259836904
-0.181877534433035 0.19233778810688 0.316944725842995 -0.0519563929049277
0.000863413797528256 0.200990079259737 0.142936403956706 -0.232755908835178
0.0800393455844624 0.148821938211694 -0.0217357312796157 -0.214958090804396
0.155401149558379 0.095319430787387 -0.110918757066027 -0.122219356484351
0.164216589792792 0.0559329228150824 -0.0877891067855338 -0.0321724379321163
0.166188594580293 0.0564802268539191 -0.0853927867582569 0.00722894883131109
0.115711248204604 0.122982598957924 -0.0950514951486355 0.0225757079593403
0.0566810362805395 0.171122746149118 -0.138406412001888 0.0307482613697394
-0.0931357355980235 0.224078164486034 -0.164262335911174 -0.0323559869098387
-0.23228280531974 0.134063224200188 -0.130749889306118 -0.132803723495042
-0.268707243911279 -0.0839645695795409 -0.104338407042651 -0.128354035037542
-0.233006211269041 -0.274668284120187 -0.108157175521923 -0.066499123908619
-0.172151298764576 -0.308186190913749 0.12100182109805 0.0457772599346295
-0.255983732117282 -0.236233119030602 0.0496267509741987 0.210847970409457
-0.345784527405912 -0.0160569194030659 0.240952948646155 0.217021075827557
-0.262413731648535 0.205208111959524 0.325487487747807 0.0230009017825461
-0.0292985220529216 0.251432279068216 0.170781842784313 -0.166234520154607
0.0856664256571539 0.185436058194281 0.0307231530801379 -0.155376610087457
0.175967253873822 0.124160839719191 -0.0499498948204269 -0.0858445213087526
0.189744266879524 0.0708432567743411 -0.027556692113086 -0.00618258065354151
0.192278532239799 0.0616984181494695 -0.0236801351597741 0.0367465262602589
0.138772705296244 0.128406680394088 -0.0406252665161182 0.0637419509925697
0.0745383276594359 0.18327365631803 -0.104320078339964 0.0844392538708364
-0.0904532654268975 0.246670958851819 -0.154917589385667 0.0245201291412005
-0.244795570039717 0.144967722571968 -0.136003347751047 -0.0861414981538307
-0.276637069730095 -0.0893017590849707 -0.0866088491896164 -0.0909422180567606
-0.224183041952112 -0.292798499127046 -0.0647681778672949 0.0227921355581079
-0.116440877967884 -0.299282383805967 0.135533544460014 0.168496208320822
-0.208491556508209 -0.273599654501573 0.0527950215928172 0.281122514311285
-0.335923168554148 -0.073678154025833 0.19755936225472 0.267838163719693
-0.28916158033509 0.167572939193465 0.290572433812114 0.0972237329373089
-0.0543196484405131 0.247844736526985 0.177919180670998 -0.0793506133156074
0.0734833324220848 0.18743008721469 0.075922667319535 -0.0786237020549891
0.167818506319914 0.129837282223587 0.0161474375551641 -0.0403522310822097
0.186385324695289 0.0747718935030234 0.0331405613219168 0.0198439660800213
0.190503419535039 0.0605130239623976 0.0401957238464455 0.0636824225613309
0.1417269988646 0.12176241238959 0.0155457821018902 0.0997855202604315
0.0754785040764689 0.174781340184617 -0.067054332433675 0.129645743889212
-0.0894460231638966 0.232651849305381 -0.138450732156855 0.0670400570094709
-0.23514499334529 0.125384598140357 -0.131463470970831 -0.0475538177626004
-0.246317303282444 -0.0996574198692148 -0.0601142749434644 -0.0636452235417217
-0.176476844776527 -0.280997077207907 -0.0188031095910541 0.0999745681159121
-0.0460100581723889 -0.231189107267317 0.13386116415534 0.263903909705132
-0.125030890135848 -0.242709986609707 0.0486567090456593 0.324073332355938
-0.256205858111341 -0.099328376445731 0.139744800922149 0.284742181766758
-0.246266219165612 0.106946870344366 0.231727180745848 0.148844507714233
-0.0584624504745556 0.196160098541191 0.166767593999872 0.00139480467253722
0.0558382985032003 0.151393139133165 0.108403945508613 -0.00659790283387627
0.134985712873786 0.109673523319075 0.0745303022850831 0.00288127079043401
0.156462046808219 0.0662483854582837 0.0889972087164523 0.0426439185598132
0.161181740918729 0.0542673976108325 0.0972647149656271 0.0864435506316197
0.123428278260248 0.10448982470165 0.0632725450805102 0.132395315833663
0.0619203297524945 0.151715041729102 -0.038154540818284 0.167187793879575
-0.0895256441723583 0.190631598024209 -0.127452255472215 0.0987847741393499
-0.207081004026864 0.0811556949480618 -0.129284086314979 -0.0200680036567484
-0.187124765513185 -0.11302965295023 -0.0369828156033164 -0.0439643949323671
-0.0993840537654288 -0.241216211570268 0.0148991772230589 0.163538256463255
0.0287469277532656 -0.119361683331443 0.119824858271203 0.312437966939945
-0.0309141774288378 -0.158360676449007 0.0456461955363376 0.328318506418325
-0.137047551081023 -0.0838966696501898 0.0895463838219059 0.27445374270635
-0.154000076356203 0.046853997041968 0.176254673592643 0.171836742042459
-0.0404923493918074 0.116473203587062 0.155171179581099 0.0587318006648141
0.0347052474421037 0.0895782673250481 0.130695778333543 0.0443430268503245
0.0832111782264769 0.0700178395972049 0.120564615128428 0.0352403306252369
0.101465605840777 0.0467082996785937 0.12816496725338 0.0583492971930654
0.109385438053224 0.0402724298992234 0.140011518566562 0.105959645128238
0.0883387064882538 0.0771747082294665 0.0951711031984614 0.161424718577547
0.0384961321201397 0.114254145837004 -0.0249067365552769 0.199975906790433
-0.0826079063412687 0.129452146658574 -0.129887443660054 0.120362921956516
-0.156149322966637 0.0288910461491956 -0.135361527079259 -0.00391784634013609
-0.107342794189436 -0.113468045015023 -0.0218854922495652 -0.0302186261512971
-0.00817750716006889 -0.171799256612206 0.0322136660269153 0.208761024457751
-0.0646125020119974 0.0531454011156077 -0.0889195174154034 -0.250412178400446
0.0358003413192265 0.0736316301432265 -0.049324151955661 0.0175963420767483
0.0843131323169773 0.020785710458201 0.162897437764195 0.0264616984304682
0.0490163203532048 -0.0577789234729199 0.174976126383984 -0.134162592440038
-0.0159146620214951 -0.0525217269509803 0.0403354133305654 -0.255345790944541
-0.0329846192789551 -0.0249254466390224 -0.128928497509544 -0.232784874296247
-0.0331527420909307 -0.0285787788418219 -0.19010171386445 -0.130879645463791
-0.0274518372387042 -0.0244286229928366 -0.179983840365345 -0.0657154516004831
-0.0143123374962737 -0.0242023573828208 -0.175197768258576 -0.0500514886648286
0.00907631629991265 -0.0212100070160445 -0.177984423027838 -0.0649105404925598
0.0347076079804557 -0.015832827814185 -0.169990549059901 -0.0939950189580483
0.0504846812279231 0.0290583539397725 -0.139966347006965 -0.179746744321897
0.0160717533897035 0.0847936905145057 -0.0811437458188963 -0.271583305100007
-0.0623061728613358 0.0602103987191106 -0.0563050144103323 -0.277587783222472
-0.103135459400881 0.0118435191249675 -0.141025697639624 -0.299270381261922
-0.150915214625183 -0.0527722496499676 -0.0357828081586318 -0.237189793822767
-0.080215262119794 0.0297019614069445 -0.0253916564047302 0.029396920993181
-0.02915041268995 0.0628011843500665 0.202933620445157 0.0409961243048842
-0.00201587028592902 0.0411605894336363 0.224017357924516 -0.141994194019957
0.0095390540562203 0.0268522729522075 0.0592294195201075 -0.279044828881538
0.0191053423307467 0.0284659576655199 -0.121080422250281 -0.251989454150605
0.0465085242895851 0.00647718429783607 -0.195230911865604 -0.139828716357331
0.0515828524877441 0.00100579376935714 -0.175404554788879 -0.0612277913582379
0.0587006750253854 0.0126324140334292 -0.171583984116614 -0.0388307679323643
0.0465803484905156 0.0493951801445045 -0.171241334376637 -0.0475705340571749
0.0288989469887583 0.0690836991928748 -0.172225690226724 -0.0688760737785044
-0.0326206852678541 0.103441735030637 -0.151965426871023 -0.144731978413843
-0.101191728211627 0.0848376050689548 -0.10039304032392 -0.235118947831037
-0.153068787724038 -0.0239892462014647 -0.0926689722439328 -0.232983357613173
-0.171413494474654 -0.121011112311804 -0.156071261245515 -0.245789358499615
-0.207681100760049 -0.164508891551919 0.0255207305904194 -0.181700345485431
-0.189748447234806 -0.0482718428617872 0.00656553641668032 0.0699636226642957
-0.162433330808209 0.0792179185623687 0.246196241408526 0.0808056039510688
-0.0808884836644679 0.141568152405923 0.283610537875844 -0.124769439385525
0.0215165482304207 0.121422423716327 0.0954609439059423 -0.281670428784374
0.0648366155279439 0.0921820365826958 -0.0878094662701878 -0.252026590789662
0.117620889248904 0.0478663756407064 -0.171577672969726 -0.136579468602557
0.123760990877754 0.0251069745081174 -0.14490450382661 -0.0485956661252657
0.126185247526893 0.0364468475214416 -0.141176242394279 -0.0137921874136032
0.0901308417258165 0.0980491517998467 -0.145633763802274 -0.0112359792749933
0.0439465793634993 0.135898404722117 -0.166606069930913 -0.0172526670728232
-0.0752671969634189 0.183100256405027 -0.169664226363957 -0.0889388406874234
-0.188465279673478 0.116325607217176 -0.128530635928926 -0.187590927914128
-0.235435140003411 -0.064815998710636 -0.116718279917798 -0.179119021814439
-0.229375604447627 -0.219256657085437 -0.149532551731278 -0.161458130645614
-0.224138521160907 -0.259526859104237 0.0843136094505772 -0.0844311480124066
-0.266335516071793 -0.146166646912889 0.0396152034159585 0.137406203882926
-0.289442156054151 0.0593252940304351 0.273918323883882 0.144723273372029
-0.179322966368653 0.215631117650939 0.332636716188563 -0.0736727512626751
0.0130924089456433 0.21097607022789 0.137304410860801 -0.250596921195611
0.0939884105237696 0.15213144172991 -0.0355419181846832 -0.2235568875194
0.169479480115311 0.0887345082486939 -0.122246773367265 -0.117954035555539
0.177623491947625 0.0460884199099366 -0.0933904782960862 -0.0295650185420255
0.177624999439225 0.0489163399491672 -0.0876609419220227 0.0143190360512547
0.130147345787532 0.121805700693833 -0.0990530880980122 0.0311157877822855
0.0699709885717209 0.175983317483453 -0.143400568282369 0.0426110923970291
-0.0821466665846518 0.244163587504576 -0.173893582064788 -0.0243804553902394
-0.235244270820058 0.154090043819096 -0.148146562110144 -0.133569689694907
-0.28695134491621 -0.0740223964097754 -0.115776723085126 -0.129863808774356
-0.26284465420304 -0.274415410754315 -0.116239354059076 -0.0642551241647475
-0.197767271496528 -0.314845423794759 0.129152153506238 0.0411459013870164
-0.283104010106527 -0.234659702501767 0.0619899735028519 0.218310406029124
-0.363791094714503 0.00470440996935578 0.266019161598117 0.216061672107224
-0.263758663115339 0.234158164481333 0.344170703442611 0.00391852098878355
-0.0154823533490081 0.265064041475479 0.1705055826101 -0.18175009225908
0.101188318971686 0.190563172192183 0.0242674311475892 -0.165013131642776
0.193558886653926 0.117554595987537 -0.0561612880906174 -0.0849284979031793
0.204163904734384 0.0599137912973652 -0.0288031406386212 -0.00601811948076159
0.205328071260965 0.0516970920362505 -0.0212796839968614 0.0404890050209894
0.154682968538151 0.12597169462597 -0.0396410562158133 0.070323491345872
0.0891044004767819 0.18755821861491 -0.104536910812937 0.0974966778783339
-0.0777781436977252 0.266656661446912 -0.160886827753782 0.0347538743970564
-0.24755126483184 0.16849141766094 -0.150554258069566 -0.0839082449391542
-0.294995942610163 -0.0778394404630494 -0.095867129241635 -0.091999313773061
-0.253733556342924 -0.293577608558898 -0.064346289723073 0.0268492193993863
-0.13910595622978 -0.308428852628627 0.151511082757575 0.169840968553596
-0.234524474430618 -0.275985232148224 0.0702275947989617 0.291799307648517
-0.358228394710369 -0.0582790572148766 0.222072217982852 0.272261254191594
-0.29364515749821 0.196054159250212 0.312766735059299 0.0840136251589359
-0.0412117247125524 0.26257275012172 0.181565259752622 -0.0911408287405953
0.0892930166604307 0.192637759856552 0.0761537991240691 -0.0890277734292222
0.184433605326347 0.124231250863609 0.0149123626848598 -0.0418820358074916
0.201371926708498 0.0637683197071147 0.0370856897047995 0.0183563912058124
0.203781599511237 0.0506625280035264 0.0469063161922861 0.0643875338858746
0.156704535343731 0.117970211870716 0.0218980926782767 0.103585361851002
0.0893882482238825 0.178989563240446 -0.0620421594326969 0.142053481266292
-0.0779157056897612 0.252202684678726 -0.140815010895087 0.0792602364516598
-0.238734930568706 0.145969420638995 -0.143741228534569 -0.0439674264101166
-0.263576469549556 -0.0905261357629212 -0.0672484424790779 -0.064911208147973
-0.203331445036422 -0.283481553618409 -0.0121683360623699 0.105640381667829
-0.0610353381402912 -0.240689607562924 0.154192096147434 0.2709813879073
-0.144731226290924 -0.248965691935636 0.067669710978019 0.336201282756792
-0.274747313458369 -0.0889125303219157 0.160809684752401 0.293027312836086
-0.252155087074822 0.128152639647245 0.251538787489602 0.141641456582265
-0.0484492920274384 0.208713570487202 0.175203994198904 -0.00747096381745526
0.0675886450018037 0.155912072250122 0.115353199766138 -0.0144188624582671
0.149596338307602 0.104841427640008 0.0793218038821416 -0.000242228541977731
0.168210576385664 0.0575599414780379 0.0952663943997323 0.0388759247260748
0.172409851046939 0.0454861416197574 0.10718383703981 0.0842712912945936
0.135697763408484 0.101307495560214 0.0734838969214289 0.134092821785015
0.0740735911978889 0.155033175047424 -0.0299464015652857 0.1792666613894
-0.0807976317044068 0.207812049757091 -0.127447709325961 0.112228567092612
-0.211407899784131 0.0979884944825015 -0.139160736063883 -0.0148074942036001
-0.201506101149475 -0.107945072218464 -0.0415142854393885 -0.0458921499744614
-0.120168702440535 -0.245909149503743 0.0268893637152402 0.16997464034738
0.0237289014023598 -0.127666780534568 0.141967795132008 0.321954021022755
-0.0415660019717239 -0.164751776785475 0.0656963689583789 0.341854424957703
-0.148262555946597 -0.0797286395008547 0.107464174345668 0.284718969046226
-0.157846662924555 0.0583850401426687 0.194834326824541 0.169719745426018
-0.0349302650401074 0.123562869736071 0.165799512956489 0.0527953140396761
0.0407566370527302 0.0924618794091332 0.142029381633442 0.0370837214660147
0.0919858082868923 0.0667412846123842 0.128757107946448 0.0292458767024357
0.110515045632662 0.0412447586425397 0.137508597081174 0.0535424585177491
0.116857835553932 0.0351303751570395 0.152863496041212 0.10242881708327
0.0972040277379407 0.0750966227923743 0.10783427307126 0.162525492709009
0.0474567233126338 0.116271398755731 -0.0136920367805284 0.212822479991681
-0.0780885822907982 0.142569144328447 -0.128255604914008 0.134130181996068
-0.161180689926931 0.0395867303151798 -0.144535920280858 0.00264772984384912
-0.117465894857466 -0.11359168270317 -0.0253365366281866 -0.0331053310042513
-0.0204320497075233 -0.178171755727866 0.0481015902359865 0.216408554797857
-0.0639785926935044 0.0581816085166619 -0.107249929010401 -0.249305965859015
0.0399144138986478 0.0718359105972649 -0.0495640184311411 0.0240358433267796
0.0877084812576646 0.0161696753671567 0.170294874508449 0.0173344451876445
0.0465469216673248 -0.0611240057803046 0.171777488116954 -0.149726759608116
-0.0189613027626846 -0.0516891293734839 0.0241600971894221 -0.262675591610731
-0.0341214172192454 -0.0218313472207377 -0.148271446594703 -0.225434842302049
-0.036432143748745 -0.026018814230571 -0.202643721394058 -0.118956575797922
-0.0300708796135363 -0.0235395434673768 -0.188020454969933 -0.0536990836276247
-0.0154820459837408 -0.0237279608437541 -0.182624952741092 -0.0377595366223203
0.00801039577819714 -0.0222189834076166 -0.185838203896903 -0.0514812612244097
0.0341477816628022 -0.0188787667936346 -0.179683884680841 -0.0847698350458488
0.0535213195297152 0.0264874506298499 -0.154998965128501 -0.176582237353995
0.0229051184383957 0.0841508670906604 -0.101261260052788 -0.271481323227124
-0.062346447467806 0.0642368535331454 -0.0719035027419814 -0.280073698657141
-0.105123149048371 0.0184178495574676 -0.162489422485356 -0.299475439184278
-0.158449611347586 -0.0442568199595354 -0.0515614870529391 -0.240176873359559
-0.0814433680721086 0.0350181266432745 -0.0253964495491616 0.0339713938042204
-0.0253232618574664 0.0670414620813778 0.212786622049078 0.0290922101905647
0.00152185349049492 0.0442858312045156 0.221076752350853 -0.160259171626108
0.0121279572751659 0.027366278816014 0.0421676406121611 -0.288005543442679
0.0229123711263028 0.0292700102434812 -0.140962263981613 -0.246610367865093
0.0478040341544456 0.00282214504956694 -0.207050328413596 -0.126770414551572
0.0528452262325391 -0.00391089116187518 -0.182200674448623 -0.050074627452742
0.0606359458969319 0.00835575885636015 -0.176840294846091 -0.0248465882366484
0.0517482342532452 0.0470696102867252 -0.178617803453596 -0.0343869262641422
0.0339366041160141 0.0681507514175469 -0.180828419156573 -0.0575605003089838
-0.0260913038973377 0.109763171476412 -0.164722543807705 -0.139187497213568
-0.0977015789344781 0.0923854589838925 -0.119856818488826 -0.233163078057185
-0.160601992850446 -0.0166707329887113 -0.106880828503197 -0.231641805630957
-0.183550908594244 -0.113298287994193 -0.174354270545519 -0.24346314472017
-0.223789288635999 -0.154661374076369 0.0148036874994064 -0.187405889620562
-0.197694714025753 -0.0377190786508417 0.00930216565150601 0.0727268504589631
-0.16087803926163 0.0932890494471441 0.259178048188399 0.0682743464259942
-0.0725215855138636 0.15335889529707 0.282898682182046 -0.146595134351026
0.030337641181491 0.124015075570625 0.0789484268062979 -0.292796688887267
0.0741282652699801 0.090275681378592 -0.107204869341612 -0.249888899702966
0.123198336347664 0.0396285631028414 -0.181731971939755 -0.124464504805117
0.128171166261149 0.0151239654853845 -0.150158839006969 -0.0394697093276075
0.131351584868473 0.0283855791245012 -0.143281925332585 -0.00298099999281252
0.100165826241938 0.0933455461773607 -0.149779491741978 0.00139119385468875
0.0545953896063732 0.13615964040376 -0.172144127365445 -0.00509193520127618
-0.0636238504300911 0.194037996838093 -0.179337205622625 -0.0799434725612077
-0.184502180618489 0.131788359232745 -0.146307539863661 -0.183736374495895
-0.246207035193707 -0.052490771072584 -0.128621881889433 -0.175816234100392
-0.249809095872349 -0.208473977558816 -0.16124661770466 -0.156187548702406
-0.246096305149823 -0.252479254396603 0.0803468053468483 -0.0918964442883891
-0.2823325127544 -0.132559791659605 0.0468934168962354 0.138557131411366
-0.292012764598661 0.0818375273831791 0.291090230774697 0.131507605727786
-0.167649032745623 0.235825001262218 0.335875588170683 -0.0981373196802658
0.0273496584649905 0.214751195178823 0.124313501685879 -0.262927707450959
0.108235466856348 0.149711659450312 -0.0514840726695609 -0.22514311591093
0.178459542294123 0.0770666392068188 -0.129847723108646 -0.108761567307026
0.184513548485389 0.0315609230612217 -0.095803386647557 -0.0242551507770738
0.184284604703595 0.0366877026301027 -0.0868802959377878 0.0221066983038516
0.141783025788602 0.114244928618858 -0.0996311970728044 0.0410997579405187
0.0841973945201913 0.175354653039582 -0.143130782509876 0.0545498476395656
-0.0656304744737904 0.25634149176822 -0.179317488742094 -0.0134150058177874
-0.229292411188407 0.174289452902938 -0.162523246922365 -0.127152571134002
-0.299046748359618 -0.0579490379724147 -0.126194330583232 -0.125579657396916
-0.287130340949588 -0.261434149275037 -0.120382059829468 -0.0594609413745132
-0.222045836767721 -0.308780916692056 0.134230932447736 0.0340765102622575
-0.304501194791349 -0.222049815998161 0.0757103334185436 0.218724753164209
-0.372746630530763 0.0296403835757395 0.287236379419527 0.205278623630321
-0.251617318803866 0.260139844576509 0.352821684852473 -0.019367986722553
0.00277223146325861 0.271295648865003 0.162695769043311 -0.194338735199237
0.117875315877286 0.188448434665937 0.013601481423661 -0.171084903168493
0.205075727749326 0.103980088435498 -0.0606397224609333 -0.0804694599979908
0.213443447540483 0.0435004362780742 -0.0297418442821507 -0.00455738262475939
0.213308259342656 0.0378850929170663 -0.0172774896373568 0.0433813990984937
0.167205803414717 0.117359751771941 -0.035297332234441 0.0757432964035637
0.104685540806226 0.185162458169701 -0.0999737533342696 0.10784948091177
-0.059390064207514 0.279030232752046 -0.161999330787113 0.0473214442672778
-0.240648140483485 0.189139723898581 -0.162369362565663 -0.0762741558069983
-0.306416282409257 -0.0610783510409335 -0.104037478370026 -0.088331324409276
-0.280654293624191 -0.280993266883901 -0.0621904273027249 0.0310626886534996
-0.161833118445176 -0.307526794152132 0.164941170789645 0.164534269647464
-0.257967759796042 -0.26719505085455 0.0879418735951128 0.293575925917836
-0.369108909913663 -0.0353625276113714 0.244917081473968 0.265992163690982
-0.285407284216973 0.222048362027085 0.32435922407379 0.0644391974759027
-0.0242597940725698 0.269496282954348 0.179510279358765 -0.102533201737586
0.1050819263091 0.191450570879699 0.073080187288287 -0.0966234961740682
0.197496913642514 0.111470443043101 0.0142691673367738 -0.0427298977866575
0.210563287989178 0.0475136113817499 0.0393968318930845 0.0157527099625708
0.210336593606546 0.0369354777154039 0.0530701266272769 0.0620350581064333
0.168292362634336 0.108809825557695 0.0289116464340109 0.10487236035064
0.104521043989579 0.176105036671763 -0.0537844482862868 0.150873186857563
-0.0603138200719362 0.264116390303722 -0.138514525815885 0.0909675482274114
-0.231967090366153 0.166299700621281 -0.15348182300755 -0.0353490238194062
-0.274443890144226 -0.0760939436199232 -0.0738150928329086 -0.0635091015801137
-0.228178734946409 -0.27450142244108 -0.00441832698955427 0.107331629086631
-0.0788749834722537 -0.242981904904459 0.173949814798001 0.268940420365002
-0.16596132736639 -0.245502897423032 0.088935948492295 0.339546671899976
-0.28722027263433 -0.0728168577346247 0.183272730346031 0.291356678198025
-0.247526408131502 0.150689065699911 0.267067391626803 0.127687057792479
-0.0353120846271001 0.215141302840008 0.178344378785789 -0.0170028126130251
0.079463439514003 0.154895606917634 0.117968576649096 -0.0246035536948247
0.159376638388285 0.094793002537504 0.0820619832403958 -0.00536820125450099
0.176336646864209 0.0438012150968769 0.0992923454252391 0.0326450799254175
0.178476021056031 0.0340915097535607 0.115354048252836 0.0783876859645166
0.14601879062696 0.0930015468061408 0.0829820822609488 0.131202848405027
0.0863728215173644 0.152476371487531 -0.0181601036408734 0.185575982303109
-0.0667897966420286 0.218842303394102 -0.123183448591126 0.123100586716632
-0.207775038740482 0.114798801847953 -0.145641043004788 -0.00685261879172033
-0.211931616666116 -0.0971612345711545 -0.0465389342878643 -0.045243841931196
-0.140562102333192 -0.241376143855834 0.0398290033453862 0.170723301682814
0.0149637672744101 -0.132089106966871 0.164820951013673 0.323196376654832
-0.0541366759258656 -0.165716986799721 0.0875902624412716 0.345476255236552
-0.155593424218757 -0.0718333694873962 0.12704764427057 0.285935944610456
-0.156646423704335 0.0714455627847868 0.209694952321705 0.159897513497156
-0.0277674824383498 0.126516486242877 0.17268543060362 0.0439789026283994
0.0465822716511955 0.0915051402143315 0.14852490956797 0.0264648836443609
0.0982565988664606 0.0610007181756542 0.133162437985515 0.0203738851497992
0.116195107128115 0.0325445465285363 0.143903005263318 0.0442346415695174
0.121152016866975 0.0268855058343449 0.16280784465898 0.0925082963166422
0.104770571373741 0.0690113043737735 0.119629084698496 0.157653792580102
0.0562246365651626 0.115424791500412 0.000337631305084988 0.218270187910965
-0.0677088816906752 0.151559556073043 -0.12319604085651 0.145735940205965
-0.16079071413077 0.0520917543014561 -0.149005240290324 0.0112025489343261
-0.125828107113915 -0.108070599075482 -0.0295201716826505 -0.033982154406342
-0.0337533255032445 -0.178348950480667 0.0637731575582301 0.216547687254341
-0.0623410157555803 0.0613560551053843 -0.118954540787044 -0.244570055909583
0.0416581648583785 0.070217480731301 -0.0488434749138096 0.029124180143258
0.0879219027704575 0.0126541125763723 0.174559739078134 0.00931665034928056
0.0436032325519614 -0.0628720089678786 0.16635801735087 -0.159162952445469
-0.0203859199438329 -0.0494239547763123 0.0118196558995257 -0.263861045949785
-0.034310875077634 -0.0195198802103645 -0.159133704123859 -0.215118919328213
-0.0371647558462267 -0.0236168000101551 -0.208045465727527 -0.107169353769684
-0.0311125162571232 -0.0213953277015499 -0.190089392591027 -0.0450219909982594
-0.0171710961224065 -0.0224526262873819 -0.182912996609635 -0.026868638763489
0.00726351675900136 -0.0227351327314568 -0.189192247615727 -0.0406906627522631
0.0329090441685968 -0.0210066416429708 -0.184528836176798 -0.0771982373836416
0.0549399949011393 0.0245706007359688 -0.164095191735408 -0.171432141977043
0.0265134319227937 0.0816536592565354 -0.11500113429945 -0.266215809248994
-0.0615122884113991 0.0651534497949621 -0.0813590476702554 -0.277511875825067
-0.104471878327415 0.0234966933028304 -0.176317777576351 -0.294789661087519
-0.162649423271981 -0.0367231876403448 -0.0626214450848458 -0.238706919480844
-0.0809121293252219 0.0382540195468296 -0.0242967893855024 0.0380273253718064
-0.0222518840417692 0.0694180856873122 0.21736869689974 0.0190585090465084
0.00483182433713527 0.0457970553295826 0.216095837591303 -0.172248133382951
0.0145227213748599 0.0284719437233913 0.0295861102994302 -0.289751200289534
0.0256659440771794 0.0281060177689877 -0.153464239921857 -0.237141834149687
0.0469025901576841 0.000114662756782071 -0.211849606781721 -0.114775438620083
0.0525707560804263 -0.00759571065842898 -0.183914249515368 -0.0404655928075561
0.0618572307488176 0.00531531744546 -0.176416005015232 -0.0141159006879779
0.054798900745678 0.0438556069085398 -0.179720223307483 -0.0226444760203094
0.0375551129838741 0.066773612574484 -0.183685711479378 -0.0488992813226802
-0.0193656879683284 0.112024048243967 -0.17225532451704 -0.133148248811505
-0.0926832217444044 0.0963061067798179 -0.13291894818895 -0.228728806010672
-0.163346291955911 -0.0101415896016601 -0.115096818377842 -0.227891531218141
-0.189666053298971 -0.104560389905824 -0.18398190861934 -0.237276888599525
-0.232309473977945 -0.145090783353964 0.00558281133532074 -0.188664143218399
-0.201258511815888 -0.0289268802301877 0.0115180522066345 0.0742899541663871
-0.156857068572872 0.102664705798568 0.265698794988754 0.0564009858551227
-0.0638261993297323 0.158978573011777 0.278410804427349 -0.161488894269493
0.0366225078893439 0.12359663964111 0.0668137442886302 -0.295517040144542
0.0805963531194478 0.0871580179247685 -0.119774267519472 -0.242593890104346
0.125708156864071 0.0319976253849136 -0.185798766291357 -0.113586497567903
0.128938213540709 0.00623526316556448 -0.1515937858193 -0.0318825262890819
0.133330326921676 0.0210923465347418 -0.141440179899461 0.0061368058960734
0.105540616978307 0.0885971098669625 -0.14919099923875 0.0108971472337025
0.0618515842530245 0.133066580265658 -0.171794183689693 0.00405618810965903
-0.05225908123923 0.199958118218497 -0.184052432077886 -0.0728177167502595
-0.178156744215117 0.140815121975118 -0.156959610821182 -0.177397195701585
-0.250988347375253 -0.0415693113746292 -0.134711873254669 -0.170464309889667
-0.26138190015154 -0.196684707919585 -0.166806243310593 -0.150841037455626
-0.258918961513833 -0.241043876412066 0.0762801558882877 -0.0960009991177866
-0.289862360527064 -0.12075969829516 0.0516594583926008 0.137394849786106
-0.289047438665525 0.0966885634779002 0.299443584261883 0.119451992189462
-0.15422110697134 0.247546617156129 0.333288750851454 -0.115268155675299
0.0384516289805063 0.214980605585467 0.114421744722471 -0.267650943024565
0.11735761101435 0.145097007629193 -0.0621810919984919 -0.222374467583816
0.183015114439288 0.0659811908855603 -0.13309111543352 -0.100824499799473
0.186226675823094 0.0192054247611453 -0.0968041527307388 -0.0193314714521933
0.18637686471882 0.0260596077268949 -0.0840137060998829 0.0274438237982559
0.148100671567973 0.106955342578156 -0.097079322948042 0.0479700423982562
0.0938393831327104 0.170704047825951 -0.140406574502646 0.0629296774440931
-0.0507781659404359 0.261996771437636 -0.180302970719721 -0.00520022642645304
-0.220513607928685 0.185125114394312 -0.172194143855791 -0.119865732976926
-0.303098094844504 -0.0446706904943574 -0.131025497680664 -0.120100276347463
-0.301567467920895 -0.247637857284227 -0.121353303650512 -0.0550459469118952
-0.238210244799799 -0.300014036584143 0.135316837462389 0.0286577154291044
-0.31656280960268 -0.209945100145536 0.0835541794708703 0.21673289621711
-0.372616064722365 0.0486040744290477 0.29877962182124 0.1934975911864
-0.238189585065116 0.275957023296466 0.353882901516868 -0.0371942915457109
0.0162783436408169 0.272342651217442 0.155677310391745 -0.200983206452233
0.128886246290955 0.183294598498646 0.00584438564551826 -0.172381722728231
0.210009467817769 0.0915596376620741 -0.0617206967721516 -0.0754112835271573
0.215521627284233 0.0293301863602067 -0.0292387227299886 -0.00321480812717581
0.214567410761421 0.0255710911907249 -0.014445639686295 0.044460349407592
0.172911024768842 0.107661476802615 -0.0321643497257518 0.0792324467798511
0.11378344382474 0.179584506363402 -0.0931727910959127 0.114300469275508
-0.0433187262779872 0.284663688392899 -0.160734606494448 0.0546088318746356
-0.230335549728747 0.201571057177174 -0.169965992951345 -0.0684528450925985
-0.310206084202887 -0.046856977678255 -0.108111027284093 -0.0843139586860931
-0.295947068862267 -0.265944849562592 -0.0591064526711308 0.0326205014689267
-0.177039938894341 -0.301281008576076 0.172213545603137 0.158689782517089
-0.271936944090368 -0.257147590392388 0.099801973191491 0.289991467396583
-0.372901449368362 -0.0169686399077365 0.258047221785313 0.256428886764749
-0.273370705627823 0.238382436685541 0.328377039546219 0.0485170553115895
-0.0108785542015744 0.271466261166238 0.177078524157107 -0.11033363524322
0.115852235842571 0.186203277572205 0.0689979023438162 -0.102220552504259
0.202757458499388 0.0989671677718989 0.0144414669285972 -0.0425992450917785
0.213088555097345 0.033489221938308 0.0390889774600222 0.0127288057533739
0.211779135753282 0.0246719434586581 0.0563407643085157 0.0596034168988872
0.173483759645064 0.0987846015414521 0.0330328742984148 0.104499701432322
0.112652766709359 0.170957910428112 -0.045285069052793 0.154697643066586
-0.0449360600128184 0.268065868318977 -0.135148012260933 0.098973964709307
-0.223091199906268 0.178239892197617 -0.15841407195578 -0.0290198303912066
-0.277969917675322 -0.063617528713583 -0.076981977968868 -0.060701263025827
-0.242130514489056 -0.260549666456567 0.00260937169139748 0.105789334464161
-0.0915679806517877 -0.24034226806183 0.185630117024369 0.263847045005922
-0.17830751388381 -0.239727892024161 0.102640479496503 0.335755370328383
-0.290882382427987 -0.0575495666474194 0.197164563649211 0.285511074581751
-0.239249618694593 0.164673563353738 0.272614538046846 0.11464000961764
-0.0248874555926644 0.216028649286089 0.178203515517318 -0.0242877561783642
0.0874764300437136 0.151535782021408 0.118000951227875 -0.0320117139700809
0.163931779328955 0.085187892299911 0.0832125838452477 -0.00957751150470344
0.178963216598404 0.0321188092277737 0.100887496161832 0.0273522133551537
0.179845374624641 0.0233266455980488 0.118642630425185 0.0713153469387958
0.150413041060913 0.0844956460185846 0.0881775302534359 0.127802643090122
0.0936925744818617 0.148534515242113 -0.00766905477485012 0.187618473416768
-0.0540959171782949 0.2231233799009 -0.117826901325275 0.129479705781404
-0.200633575361958 0.125503762116563 -0.149247233644944 -0.000784306060504231
-0.216132242895741 -0.0878610169627327 -0.0500446429023048 -0.0446309635405809
-0.153446570802541 -0.23287322590072 0.0492532583927545 0.167620666874048
0.00758230235438155 -0.134241906105309 0.178726423833764 0.319452368696372
-0.0626861319433859 -0.164076080267732 0.101704303113705 0.342378652225819
-0.159539622723928 -0.0638299349950065 0.139971376840326 0.282072038027616
-0.152268477595168 0.0796389169500097 0.216630398783782 0.150071591599712
-0.0209885395468114 0.126860762165849 0.174638219169375 0.0361459523666109
0.0505447977059995 0.0890199831313706 0.151043189841987 0.0172857266304254
0.100186636095388 0.0545466119127243 0.134443470560333 0.0144242156232341
0.117608060665228 0.025166295420005 0.145132404512566 0.0371071884894211
0.122117232750728 0.0206450843754123 0.165988515370972 0.0835207559422319
0.107941167562607 0.0621913622186714 0.126059873066878 0.150776283407939
0.0620405598633306 0.112266350425313 0.0115621889368828 0.219244188899218
-0.059157512752172 0.156315691226499 -0.117189157775369 0.152488998847185
-0.156605329883707 0.0601746476694014 -0.151054341384773 0.0174152567233814
-0.130301124599494 -0.101961822943178 -0.0318790248981257 -0.0342315242786955
-0.0431538267406775 -0.175049266368866 0.0745613145239957 0.212315041738992
-0.0628323683302666 0.0639058838986975 -0.125032306601265 -0.243023182588456
0.0417777945583628 0.0698339034754038 -0.0476971262147914 0.0335155142960455
0.0890463066750797 0.0106568021450327 0.178406499528612 0.00333097160900969
0.0425253860796808 -0.0637989376375585 0.164608649967052 -0.165917135964266
-0.0198599273787165 -0.0485699799507298 0.00561049460684032 -0.265798516614
-0.0330594569242493 -0.018298557371653 -0.165238064274514 -0.209490107753029
-0.0385286660673928 -0.02236432589589 -0.211643033156399 -0.10097841599829
-0.0317664550241447 -0.020541688491404 -0.191543701844242 -0.0398947544357513
-0.0173867234472555 -0.0213575785355147 -0.183671066027894 -0.021050429926084
0.00682364518067274 -0.0229895756757932 -0.19076747146894 -0.0338245898973645
0.0315292534656454 -0.0222312770486254 -0.18845721334876 -0.0730138884276763
0.0560826242339936 0.0235244200182091 -0.170962744239168 -0.170347426970713
0.028689586131884 0.080100218242116 -0.122042164992622 -0.264035316862027
-0.0629170687152167 0.0668744824946394 -0.0847216635576855 -0.278521665770894
-0.104577205990356 0.0258113875923432 -0.1839032639494 -0.295440355995318
-0.165665649156416 -0.0328862306547326 -0.0685417597207611 -0.238485923346541
-0.0820277899795991 0.0406135639747884 -0.0237651173608734 0.041031417247627
-0.0201474322965029 0.0719179056188586 0.221649391512346 0.012839172752482
0.00666828136184308 0.0469191134178597 0.214078266012066 -0.180268975740126
0.0162759406485527 0.0291456215601115 0.0236238931768218 -0.291622309862714
0.0283276037381633 0.028364242002536 -0.159831142510018 -0.232493387289251
0.0473429235998567 -0.00184808537657014 -0.213862929083829 -0.108102544408661
0.0524407192026948 -0.0103372138019607 -0.185370395627133 -0.0358986727556971
0.0626242115083742 0.00331918992464804 -0.176098575650233 -0.00811950711179343
0.057492006123696 0.0430702041073464 -0.18115134141013 -0.0165032805502121
0.0392099958801482 0.0655434368521747 -0.185905696451928 -0.0445831716166671
-0.0156013152662609 0.114044655233713 -0.177475408865788 -0.131577369624299
-0.0917600397316529 0.0986433989099312 -0.139611665106618 -0.226076986720228
-0.167094987911382 -0.00747718158472635 -0.11762947902699 -0.227550011233672
-0.194166308597013 -0.100452221767193 -0.190035570397181 -0.237220641635186
-0.23805107755769 -0.139707725160569 0.00173256876200695 -0.190987337206413
-0.204555521898395 -0.0255280092761778 0.012518800823681 0.0768771986208565
-0.155232202980876 0.108855481424591 0.271182431083641 0.049576306057127
-0.0590276018574916 0.163070336470874 0.277911905690705 -0.17076679751284
0.0414302387440348 0.124477754665826 0.0621082433993597 -0.299530146491821
0.0848157826699605 0.0860698711928657 -0.126300725128269 -0.239872775938342
0.125452623429877 0.0278786628124251 -0.186660783669562 -0.107730408552
0.129391573614949 0.000528922747932996 -0.152242478254125 -0.0283231028108119
0.134078860557826 0.0165675068624724 -0.140024678749387 0.0108066822675528
0.109181235388397 0.0857942084293299 -0.148673884268257 0.017040627569693
0.0657353491664929 0.13226047136065 -0.172384864499642 0.00875240636252385
-0.0453573350100488 0.20380647492277 -0.188003661780326 -0.0706970188550792
-0.175420921088456 0.145754388930693 -0.164596601591667 -0.174288494354563
-0.254916173267923 -0.0371622310353831 -0.137639064386967 -0.170004163518863
-0.268346314202901 -0.190096882994647 -0.169626081722603 -0.150631041252987
-0.267353288203109 -0.236833329238995 0.0749668501236532 -0.0976335034396824
-0.295790782810807 -0.116058520173763 0.0530063024488313 0.139016331589815
-0.289155060584548 0.105585013851072 0.306409146586248 0.112816480184525
-0.147043647752167 0.255432533305806 0.333741138032647 -0.125425680643712
0.0446480391404999 0.216385872983064 0.111311090307965 -0.272550315142744
0.124058370911802 0.142880790217049 -0.068234079438912 -0.222271880750962
0.185168731380607 0.0604827629899376 -0.132869442300457 -0.0969345126628628
0.187327261118353 0.010868297733818 -0.0969238171216006 -0.0166855422116414
0.188235224678907 0.0199630405383098 -0.0819747858389572 0.029842053732823
0.152912441064176 0.103080292491055 -0.0955073374215011 0.0521238514765124
0.0981886644049224 0.169261944397563 -0.138904408827985 0.0680137359837996
-0.0416385400461554 0.266748611220398 -0.18240398077441 -0.00177282603387009
-0.216640276633059 0.192860076015418 -0.178760900727104 -0.116051614836705
-0.307214538311942 -0.0386672145178733 -0.133761223990597 -0.119276659276192
-0.310030274918229 -0.240919106528734 -0.121879384474175 -0.0548560422344116
-0.247494010992592 -0.297294060306271 0.136694299614239 0.0262761230628563
-0.325163129382694 -0.204965309406638 0.0872474874067237 0.217376824191218
-0.374861803457252 0.0594007148969451 0.306581565098525 0.189084206989853
-0.230849059608801 0.285281343715839 0.355930907927653 -0.0468648730773789
0.0229043428078267 0.273981039315014 0.154166323689426 -0.205354718733765
0.136554279597569 0.180813798519367 0.00125524732537792 -0.174561492369105
0.21308943022228 0.0842109547998328 -0.0612993444994469 -0.0738946528525946
0.217210012597962 0.0200412811383225 -0.0294128071712562 -0.00343593120222836
0.2159112611585 0.0186286397544781 -0.0123404222312538 0.0454775095271605
0.177003039505659 0.102411948792724 -0.0302184458530059 0.0817164488929833
0.119017604480645 0.178217363283391 -0.090339794685682 0.118766903054297
-0.0325428262321798 0.288671275247389 -0.161294517085214 0.0588289267914781
-0.225428664332399 0.208833684793753 -0.175501647793453 -0.064872515132247
-0.313648477523068 -0.0409276238805167 -0.110178211723827 -0.0831401826869987
-0.305047490796899 -0.258885543691864 -0.0574245731841067 0.0322382457036906
-0.186433134674137 -0.300277670383552 0.176174525687055 0.157674782494851
-0.281880804669521 -0.253928310178105 0.104217295306693 0.29089588634403
-0.376104401441882 -0.00701498213501874 0.267904529143812 0.253431651207479
-0.26677238103779 0.248907241205575 0.33123735629888 0.0407873378610722
-0.00419962764168881 0.27303690063595 0.17675499513504 -0.114717326374362
0.122313742316096 0.184463980960748 0.0665535052093928 -0.106252419767081
0.205561648589466 0.0922882347763776 0.0159893141122054 -0.0425717096120509
0.214852407155288 0.0248707414497637 0.040451018839911 0.0116980270654184
0.213257610029312 0.0172407771236909 0.057500626423341 0.0572994309171218
0.177711527219016 0.0941894059630488 0.0356967563326054 0.104845129175845
0.118475097680711 0.169075150663676 -0.0407956810631918 0.157407574586832
-0.0354936288248841 0.271769859083063 -0.133745157543099 0.102764387438341
-0.219037217844963 0.184500293787567 -0.16304811108005 -0.0248883833898378
-0.281550233624113 -0.057768911959117 -0.0792952027868151 -0.0609536442679129
-0.25054296320046 -0.254746413168389 0.00557313768811444 0.105574960596954
-0.0982825063325806 -0.240563130225696 0.192386387564289 0.263577220882566
-0.185662040622314 -0.23759721027083 0.109046887580746 0.336520769163459
-0.294114128106661 -0.0522225160799878 0.204636843241574 0.285096978365926
-0.234979551350564 0.172529091326592 0.276599626273293 0.108674929582984
-0.0201113326390124 0.217441451714964 0.180073750308791 -0.0272693851030909
0.0920049361822128 0.149411511711723 0.11755527275576 -0.0369041278257231
0.166473355041202 0.0792742772414591 0.0843297824775043 -0.0114929013781906
0.180077910788048 0.024238687495431 0.101227287248619 0.0247344542301517
0.180680559242086 0.0175525156675797 0.120689587621312 0.0686268303359517
0.153484358830578 0.0800023550798068 0.0911925698956853 0.125922064086307
0.0975207275955953 0.146314479412902 -0.00283960822111363 0.190268760823586
-0.0458897995739092 0.226606173182655 -0.115711035731599 0.133565186318652
-0.196881194990611 0.132240480524936 -0.153086328293854 0.00295811175761202
-0.218507744326211 -0.0829412128711688 -0.0520176876285329 -0.0453113684179425
-0.159470588550214 -0.227976554119268 0.0542151799346144 0.166500627335403
0.00340306974929107 -0.135332120294129 0.187092246485424 0.320446668615561
-0.0685905400903497 -0.164308811439597 0.108276829147222 0.342698696712298
-0.162494057044929 -0.0609174822125669 0.146873662933355 0.283139526156039
-0.150969742816282 0.0839999091373079 0.220156195116564 0.145893786094063
-0.0187723911707688 0.127292527598993 0.176700965343783 0.0331854358400551
0.0523845673987143 0.0875677677287205 0.152430266546242 0.011932988249315
0.101904553245612 0.0513797074052041 0.135969349242073 0.0102347039834487
0.118999635330441 0.0196807480069552 0.145785723520723 0.0342361397674266
0.122720528306416 0.0162528882804913 0.167579064908619 0.0794859932272126
0.11057020908901 0.0582089494326848 0.128630127745068 0.148638890988788
0.0657299467419558 0.110687600528414 0.0172409126788668 0.220594608909636
-0.0532853183618104 0.158973701685334 -0.114423898498886 0.15617892324442
-0.154528196167307 0.0645466935831579 -0.153893605924662 0.0208861834460335
-0.132965166857894 -0.0994596608846604 -0.0340558717844922 -0.0348498590082721
-0.0468215421832163 -0.173474073740803 0.0806201268088446 0.21094415266431
-0.0505772545878748 0.0747192500648145 -0.189143695998733 -0.227569913698738
0.0542501474152669 0.0612110665625964 -0.0431067404162861 0.0500386368823988
0.0900851584538983 -0.00864259579313927 0.189572374258741 -0.0291477198706245
0.0261806165275239 -0.0750476678828615 0.143010471001985 -0.203817403387865
-0.0315135902122725 -0.0456090473096895 -0.0487072332773224 -0.278037725369899
-0.0386738005556014 -0.0091009583005094 -0.209985344383651 -0.181168974804614
-0.0447279569650526 -0.0111237911960643 -0.231741653713366 -0.0632215253482078
-0.0365831042242953 -0.013862008975229 -0.201820084677935 -0.000830256174515604
-0.0220267671262342 -0.0179780517059949 -0.191884128722405 0.0184601719463339
0.000849116886934267 -0.0247887880738028 -0.204923093352683 0.00824910940229343
0.0239667553056694 -0.0292942732447692 -0.210852209977763 -0.0335662357544366
0.0607065825025059 0.0076993612945555 -0.216256044216769 -0.137707088099368
0.044757736804276 0.0671851255492767 -0.188592829673722 -0.245783612799381
-0.0480038344147442 0.0766471893823599 -0.146650165078976 -0.275653017735098
-0.10095587327362 0.0421081981942678 -0.247140005271283 -0.274406772676862
-0.168782823426988 0.00129604538024181 -0.12862533276144 -0.244596109338495
-0.0721613838826467 0.0581744605656815 -0.0198032987147417 0.047147359923304
-0.00300405733858327 0.0735467492978711 0.22602034347531 -0.0320016775899113
0.0180767073906555 0.0407576985594008 0.180820980098825 -0.228858470510624
0.0197099225745334 0.0234061457169551 -0.0368697568850659 -0.302662974844671
0.0321881574957754 0.0234480114309536 -0.209757035315569 -0.200756590988996
0.0430508883863306 -0.0109733319315944 -0.234989179154505 -0.0629208840076339
0.0482179472202803 -0.0207484493636452 -0.194089750977574 0.0019742824868207
0.0613479886709215 -0.00957586502294215 -0.182181647751222 0.0294350729327204
0.0640734009418235 0.0302742813860583 -0.192111529800381 0.0245591426090183
0.0481658291833732 0.0554810715113075 -0.203109531263086 -0.00407121559084164
0.0077957319266326 0.112539397629129 -0.216051054975202 -0.0989367616879768
-0.0696779014131677 0.110796584917488 -0.198374179547507 -0.20800676795075
-0.169251042563578 0.0248654926518753 -0.162442656268324 -0.215465965428967
-0.218400453473106 -0.0650700178213454 -0.231995834256476 -0.21008813491261
-0.259860447987362 -0.0892990950866865 -0.0432174564059316 -0.217248887677549
-0.206302563375977 0.0192395900774363 0.0240780232548729 0.0694534591933866
-0.126038681739896 0.139437661990306 0.275426238894807 -0.0109292473799915
-0.0177834786060514 0.16869065223809 0.237252133832821 -0.232806817814093
0.0645723418250798 0.111308812549007 -0.00118699580173774 -0.312327700247089
0.0999127225368233 0.068298849817974 -0.178519032900365 -0.212027931268474
0.127246935391124 -0.00118274421522169 -0.207277748224283 -0.061626442005394
0.126369159360155 -0.0258403013009297 -0.159023399229616 0.00325127676150749
0.134280188318066 -0.010746040239337 -0.141829623449008 0.04080090433577
0.124521287853774 0.0627379345325401 -0.153106240548312 0.0525224697963925
0.087435229988398 0.115923787978966 -0.177950083416831 0.0483557265007862
-0.0035134531201391 0.206850867461712 -0.215123689984586 -0.0346760209497492
-0.142153603515061 0.174103062277214 -0.2143423117008 -0.152878123275249
-0.264210115688361 0.0146521653303647 -0.165205666082797 -0.153157946188259
-0.312910663289304 -0.138068249640085 -0.18600361042536 -0.121929885507502
-0.307056551949618 -0.177970458417952 0.0553235916152331 -0.140269954220105
-0.315142974633413 -0.051359617198686 0.0792122494136489 0.119170353145008
-0.25618659257564 0.165110971473316 0.318367744821397 0.0379585859444129
-0.0817356546683149 0.277975049977569 0.294680007103123 -0.201161351300924
0.0873293256225894 0.200359491737494 0.0502143938687184 -0.289734844058619
0.150230803464079 0.116073684120585 -0.117182761983515 -0.202377024137965
0.192246711017684 0.0164591083663943 -0.151377762236794 -0.0560528843344062
0.185897915799699 -0.0272256608440645 -0.101145822595103 0.00391719588229374
0.187260848416154 -0.0184674332471892 -0.0793826684866257 0.0474044646347998
0.171431986382467 0.0718452496439184 -0.0924040757088743 0.0773247924215209
0.126585895373946 0.146043543179422 -0.130755440930136 0.102777656717585
0.0124179423017347 0.269391317538523 -0.195390921447358 0.0350274235400138
-0.172718743129928 0.229231787170688 -0.21872187283993 -0.0913844114959589
-0.316580149295484 0.0246939576634841 -0.148501410576492 -0.102871969245955
-0.366327210993862 -0.177644206757341 -0.112342172871133 -0.0323177129759102
-0.299057600199111 -0.240898163004612 0.150370668342153 -0.0251455517106195
-0.36252954523823 -0.133809021340589 0.13344405691205 0.190048977852236
-0.34989480757196 0.138214752119942 0.332414637902398 0.109368846669058
-0.155266790368004 0.327115022389454 0.327452980050331 -0.130122736084814
0.0796731384355889 0.261014845271344 0.103746722089286 -0.228140695322855
0.170250589637615 0.150512211647437 -0.0383661371068367 -0.16616286800443
0.22555157133485 0.033250914418609 -0.0757553538202899 -0.0440155480352501
0.217306726651212 -0.0250315055825005 -0.0299927434813844 0.00432773911217695
0.215094752660943 -0.0254676620364796 -0.0052073721954112 0.04844027863171
0.194794477349904 0.0666420670501195 -0.0180635266335861 0.0934910136699116
0.149028364571064 0.152063698458696 -0.069445522512262 0.144723393585262
0.0259353115863481 0.289681159842419 -0.159784216519236 0.0931798615562642
-0.17890047315957 0.248014471356588 -0.205309599078185 -0.0383290656190401
-0.32290253239321 0.0248427904065067 -0.116598966432708 -0.0711988545988425
-0.362945777917519 -0.195365282826103 -0.0274214992291064 0.0454059930142974
-0.240816875171102 -0.254567616021558 0.222864912114092 0.106868583341021
-0.328488036788528 -0.191648468427579 0.170072470987161 0.263268628654291
-0.365540906905073 0.0738596257612886 0.309310656461205 0.180159410088712
-0.198766019763722 0.301251044868715 0.321209390444065 -0.0381042801595259
0.0529078251858165 0.266428803515529 0.144846445658673 -0.141143982778388
0.157247893774155 0.156426670543558 0.041607486856366 -0.109948104944467
0.220674875706798 0.0426649945499528 0.00698352847864638 -0.0280008912063509
0.216337090266899 -0.0196767074994543 0.0434640696743316 0.00530158482209508
0.212526003525785 -0.0254058512067798 0.0689705312149027 0.0464953858270292
0.193466605515303 0.0579167387522884 0.0540644058551458 0.102080902362608
0.146194589080793 0.143166723018312 -0.0100824725093584 0.173582030890948
0.0193308132055102 0.274833023168636 -0.121595955688586 0.132843673706432
-0.176187181569337 0.223950736610697 -0.18300973168542 -0.000295709937349488
-0.293937074498398 0.00116952372680382 -0.0817856751868442 -0.0522642265636082
-0.307215934150582 -0.200491270828002 0.0494874450537171 0.110032404255842
-0.143728059330452 -0.213360558432335 0.263579536880612 0.222548444918272
-0.23130218612378 -0.19404655504172 0.186708615287035 0.314243136353814
-0.2945966145198 0.0131342397124098 0.258022157151795 0.228753359458071
-0.185409029064852 0.219695950708892 0.284153841065073 0.0433808427193545
0.0263886366246613 0.215078450324864 0.168104366852631 -0.0555064503484088
0.120576683320786 0.127912235798691 0.108538253496814 -0.0526927682768061
0.179405287728485 0.0385386992507697 0.0823506435862662 -0.013915831432325
0.181971693835941 -0.012849283043281 0.108084866298037 0.00564560518693233
0.181736260076669 -0.0193530847013494 0.134734114841744 0.0440816385346496
0.167649965185404 0.0494403682839403 0.116649494372233 0.111852843073765
0.122452748130641 0.125356884167854 0.0370902878655999 0.197221677506086
-0.000642228427986932 0.232546734220789 -0.0952741833886444 0.16060643127165
-0.166176465352451 0.167033106200687 -0.164096638216936 0.0274139252945079
-0.236391348056607 -0.037603585570082 -0.0523659133201468 -0.0388867072179949
-0.209082356350478 -0.191604293084077 0.106372872401908 0.164662422181212
-0.0244334526598524 -0.129787852791114 0.269633027068513 0.29235078445208
-0.0996142762576987 -0.146765347305891 0.187293022581315 0.328494377488154
-0.168703700406578 -0.0243611432716161 0.205051923628353 0.248614419801839
-0.123745457234668 0.114461727722046 0.243406889335813 0.0969051373277492
0.00916018178856022 0.126268543616659 0.181118849668671 0.00341152086654697
0.0694755392523973 0.0744020599909069 0.155464774936446 -0.0140929843733302
0.110452999436004 0.0263543127115647 0.137763086331007 -0.00692021548946857
0.121495646771701 -0.00496971406597664 0.15452737256057 0.00559785425965745
0.124355283069397 -0.00852314789948028 0.185877639107589 0.0460301810635627
0.121205767502189 0.0368928652973591 0.161173513364753 0.126006215261901
0.0839921113932581 0.0977034758321935 0.0638564255979221 0.223877557513948
-0.0222838265960658 0.167724164162026 -0.0878670488302272 0.183561115908943
-0.138841660671707 0.0927140459808288 -0.157722888461142 0.0486875979030037
-0.153539688261919 -0.0721730595984966 -0.0353623452514466 -0.0294029820873176
-0.0841998260193383 -0.159548329361683 0.136222860947836 0.207022254249525
-0.0513731245548511 0.0814865589976349 -0.204658106390991 -0.233912342185659
0.0578331037440481 0.0630477353790795 -0.0434132260071872 0.0552755017539745
0.0952115763586632 -0.0120464304783071 0.197303269983762 -0.037762455666884
0.0256608681897168 -0.079350582021768 0.143758188713254 -0.218530348847874
-0.0338462596453447 -0.0472265706115766 -0.0582758613643721 -0.289860555716585
-0.038951651971435 -0.00871618560656358 -0.224742753553515 -0.182767898613693
-0.0470398899058336 -0.00909398151918278 -0.244365106338071 -0.0578028492286984
-0.0392308173074807 -0.0123738159604775 -0.211749220579535 0.00614059275209236
-0.0232047174682232 -0.0173478631144084 -0.199767384228792 0.0263056101138972
0.00048800973223662 -0.0265055458057891 -0.214022543471948 0.0170457514128459
0.0235258920829049 -0.0314225920457205 -0.222760724333447 -0.0288699546161184
0.0634279081543175 0.00585997279836716 -0.23367136648449 -0.138201386560232
0.0478605565421936 0.0681194680273054 -0.203837596273435 -0.252599760979934
-0.0509080529100722 0.0824519039761804 -0.158412846268485 -0.287258638000472
-0.105005474563371 0.0471365394326498 -0.268553329352641 -0.285030635626645
-0.178161763449842 0.00767345204061487 -0.141657552523577 -0.253806250921101
-0.0755926975290475 0.0641854031296345 -0.0193737774910677 0.0511168952508086
0.000297733973237749 0.0789274245287973 0.236417380546711 -0.0418854133191588
0.021375247734023 0.0432674452237066 0.183479975803838 -0.246518573134231
0.0227648269301166 0.0236792644354795 -0.0462544949831127 -0.317133158447453
0.0362952066570021 0.023348522564996 -0.22542030426814 -0.20276081893048
0.0455422047784374 -0.0125955234987223 -0.24624515175047 -0.0584806767735306
0.0492938736396429 -0.0243859427058084 -0.203068629564835 0.00849696151723582
0.0643728865915914 -0.0122566922347193 -0.188459176404068 0.0366892747565874
0.0692199937187728 0.0298959108524663 -0.199869685901264 0.0332534807474556
0.0519818452571155 0.0570295412487111 -0.213663468543805 0.002000551976016
0.0125543774384679 0.118012784003355 -0.232348512471043 -0.0980924723328553
-0.0701948108786036 0.117878544556109 -0.213931581551059 -0.211803157013302
-0.179174155311973 0.0307996173475046 -0.174327373423764 -0.224048007572249
-0.231523256306381 -0.060794111826686 -0.249912626763998 -0.217506948555896
-0.276466940349369 -0.0847119523044864 -0.0512819652324835 -0.226880751594631
-0.217318296411094 0.0265910342004028 0.026853452473382 0.072914190508183
-0.127313760121816 0.151480769757433 0.288999616469637 -0.0216238363882903
-0.011557344103273 0.179512554026113 0.242129044624323 -0.253714264047351
0.0729414754603401 0.115310217087312 -0.0101025797205833 -0.32925980608814
0.109099199265415 0.0680864324245698 -0.193778627134501 -0.215325914244833
0.133219133828031 -0.00555055310377859 -0.217078950336165 -0.0589367069760476
0.130246067399493 -0.0327562295322294 -0.165999269131903 0.008417185691552
0.140793115952906 -0.0171558819612685 -0.145893180295148 0.0472044118391955
0.133721469368482 0.0615392945301858 -0.158468516482063 0.0612345783272497
0.0954277717164874 0.119006608491091 -0.185018946728664 0.0574625498170894
0.00558174497052901 0.218165737993233 -0.229468131569968 -0.0305062212956314
-0.144913697054442 0.187615784223458 -0.230711402379574 -0.153296813367099
-0.27853531231977 0.0223830754810335 -0.176584997328992 -0.158467697393798
-0.333313028791152 -0.134966491488088 -0.198390541554195 -0.125508472386913
-0.327487130728852 -0.17674904559926 0.0541798423221971 -0.14978220420358
-0.334567089174152 -0.044732668286947 0.0860808407666297 0.123866825862796
-0.263749497664522 0.18323889798115 0.336405210550261 0.0286547776298526
-0.0755877437368901 0.295474467056826 0.302830244944361 -0.221479393485838
0.0992710731621263 0.208484215720804 0.0448616901673275 -0.306974086383807
0.163029244937357 0.116632089071124 -0.129962599475394 -0.207710188144598
0.201169201568142 0.0105666794952435 -0.157502638465693 -0.0547065017344018
0.192357522888489 -0.0377348204118808 -0.105727768884953 0.00689039044398866
0.196200870639821 -0.0273402600644265 -0.0804665216892325 0.0518525977877527
0.183029659441638 0.0695818408535562 -0.0936788434925515 0.0853274830172157
0.137845336874211 0.149381270491656 -0.13313426479564 0.112936821066133
0.0249637613178549 0.28265836377894 -0.20672679814985 0.0426574618866408
-0.17493558276217 0.246790040974727 -0.233707386014774 -0.088264252406175
-0.332387367887234 0.0347120915084544 -0.15783479568884 -0.106408470784009
-0.389728694236981 -0.174118013644 -0.11828699308471 -0.0333920368375313
-0.322365994382238 -0.244030885725047 0.157936639293749 -0.0306194290353948
-0.386307557080149 -0.129520666262879 0.144002174698907 0.196280662594528
-0.363094873124487 0.157059382416978 0.35353412659529 0.10422295545565
-0.150639444747117 0.349490006549133 0.338712175786026 -0.147149332025625
0.0927314372015015 0.272136258739275 0.103567740989255 -0.244394430432456
0.184735595464677 0.152116803621986 -0.0464754107673935 -0.172459563453964
0.236761439965347 0.0266698569050502 -0.0776369171892216 -0.0452186969204435
0.225036948398067 -0.0364688447851478 -0.0308300371459318 0.00484396877099919
0.223936584305769 -0.035997704456203 -0.0034965441519373 0.0501040432862056
0.207036368194512 0.0643041622000706 -0.0157477479853594 0.0996651297953163
0.161836132046063 0.154200178217731 -0.0680550289894996 0.154407763194672
0.0391935122823686 0.302903699576505 -0.167169656185381 0.102271467231258
-0.178974802229933 0.266711325007508 -0.219087720108017 -0.0336554636560009
-0.338797526307232 0.0349745843846814 -0.125263417557174 -0.0725628129030337
-0.387016502905622 -0.192374482989394 -0.026994121942451 0.0467142620876602
-0.261319327414884 -0.260122899901691 0.237448849134595 0.108076284860433
-0.353020687577453 -0.190983823885849 0.185599673799801 0.271711760497825
-0.381706304836315 0.0895610031697893 0.330689589110624 0.180664561671726
-0.198222976734578 0.322860533501276 0.334358575158054 -0.0499038028443507
0.0644157417433613 0.279090973761332 0.148396988101839 -0.153130046681592
0.170289252077733 0.158772639945602 0.0391744474858642 -0.117304394058511
0.232100354939443 0.0365671280705748 0.00839432010802867 -0.0306494329002059
0.223998130047121 -0.0307674180244378 0.0456579431821527 0.00418567030334285
0.221336528103263 -0.0354466657958506 0.073705518167225 0.0461199163764115
0.205088677885383 0.0545401759733459 0.0601369655718285 0.106274996888922
0.157857871386405 0.145750761755435 -0.00514604082745795 0.18280173811468
0.0316191226078252 0.287882268208737 -0.125246823650127 0.143211980105157
-0.177062822864085 0.240568829021949 -0.195284189299609 0.00580174589203838
-0.308231201292804 0.00864183522881068 -0.0886915324084002 -0.0545723397770918
-0.327915936178226 -0.199621072374476 0.0560347857048051 0.112633094686778
-0.158717191996682 -0.218661714192346 0.283690029291115 0.227549340013898
-0.250484885763871 -0.196566131577606 0.203796363799751 0.325903892637418
-0.309501241168323 0.0242240706175473 0.277968548133878 0.23365660821926
-0.186400861638043 0.236376506878583 0.297997715351471 0.0373377152156257
0.0346203786036885 0.225203972967178 0.174923234851984 -0.0633960613629948
0.130479190008007 0.130219495239568 0.111297557543499 -0.059743055521785
0.188838838317917 0.0338160264781716 0.0873216287335932 -0.0175886609148274
0.189634446334351 -0.0216175913281819 0.113378699993237 0.00289682452651454
0.189352670575867 -0.0275296557866663 0.142172086512216 0.0416192525046869
0.177065524326472 0.0452454813951766 0.124918282630213 0.114623060448245
0.132094089527244 0.127895776603468 0.0450581728897878 0.206843021605702
0.00904217025248062 0.243633919074121 -0.0964474844568027 0.171398734125972
-0.167804845305311 0.180298018851242 -0.174170737295628 0.0346089526274801
-0.248734722365868 -0.032803416461594 -0.058265335614091 -0.0406461103048876
-0.224879843600205 -0.193068549312822 0.117950906070676 0.169282113836748
-0.0306827972415503 -0.135152724373306 0.292766107149067 0.302216485025008
-0.110534591910829 -0.150001662548416 0.206236250677005 0.34032831577131
-0.178184375302721 -0.0198248704030168 0.222142428053197 0.255994267718895
-0.126094029813006 0.124276700425666 0.256584778995682 0.0952583052359883
0.0126215333876407 0.131443804715937 0.190484512034725 -0.000973643749116323
0.0737416076001842 0.0760105160396954 0.16219614711976 -0.0204798456191467
0.115965979447677 0.0231946617657122 0.14533383469069 -0.0119912365154721
0.126540597793851 -0.0108275719662369 0.162783382110657 0.00159061844823466
0.129855659032296 -0.0139666148125301 0.195352169524063 0.0415014666045826
0.127707558846987 0.033836140785934 0.171131092493633 0.128228671363204
0.0912358256156595 0.0992135860576802 0.0747742020823548 0.234390449865782
-0.0161462887131386 0.175790248467361 -0.0875225468102904 0.196020279609807
-0.14140346653216 0.100740895383162 -0.166970855434388 0.0564086047157694
-0.162351815660385 -0.0716872393142427 -0.0407293710292463 -0.0316704474824057
-0.0931626378606083 -0.164280735348864 0.149585979350754 0.213383841353311
-0.0495627269921207 0.0911816045433495 -0.230792664621557 -0.233602737657393
0.0634210194994154 0.0641153901704674 -0.0420604770700637 0.0619971569006547
0.0999841418766488 -0.0186430229183382 0.204752745340545 -0.0527890003497261
0.0222312939884306 -0.0845298330067995 0.137539402560678 -0.239603763115851
-0.0375775884147226 -0.0481533058672046 -0.0794824902073542 -0.30144181139473
-0.0394843425706461 -0.006954285817252 -0.245793638841502 -0.176933884421837
-0.0486361244386723 -0.00592650005650174 -0.260059943967927 -0.0440683245562805
-0.0417436729574329 -0.00974233606883823 -0.222230948134517 0.0204305668705364
-0.0248864175449206 -0.0168971999683835 -0.207902126932455 0.0404165277333558
-0.000563620101191358 -0.0275623770586965 -0.223114505342575 0.032287784033937
0.0218228826883712 -0.0339616989121548 -0.237502177456333 -0.0158503663270978
0.0667345418012526 0.0015557663484997 -0.256441323953945 -0.131138356334022
0.052861531702309 0.0668597657483798 -0.22906527141015 -0.252077604146028
-0.0496383110742274 0.0905897125324885 -0.181358717832113 -0.296205618331075
-0.106975936214331 0.0567728803103061 -0.300751953059714 -0.286853199521583
-0.186646259885772 0.0211340678582535 -0.1657272837084 -0.259070027644449
-0.0761827447554534 0.0731249815684616 -0.0169820779597104 0.0560266455619633
0.00681431720999372 0.0834896321264179 0.245265040664315 -0.0604068043516737
0.0264403270017841 0.0442929825712534 0.177359364287448 -0.271559346154738
0.0268761167972317 0.0231142990761138 -0.0686628526583306 -0.331557572769666
0.041371594607515 0.0215849054647867 -0.249113748861592 -0.197681650200882
0.0468202193345996 -0.0158029104593741 -0.26114810167296 -0.0457633386156278
0.0492362130291626 -0.0288624430362146 -0.212240951916129 0.0217769784336678
0.0669558874065076 -0.0182943352618651 -0.194552735379515 0.0507766242524139
0.0757025413498566 0.0266712000742663 -0.207169254416299 0.0487921426327317
0.0581457704178748 0.057344228228134 -0.224491529801549 0.0158066642067874
0.0220647835521818 0.122959290444473 -0.253275124124394 -0.0880486146229461
-0.0675580449226164 0.127244680726428 -0.238833360628729 -0.209213432969052
-0.188048253177064 0.0448290175584048 -0.194715785363731 -0.229285387945643
-0.248434490514605 -0.0482814006031976 -0.276124663586749 -0.216760501732697
-0.296176877831417 -0.0708500179703976 -0.0686602832982239 -0.237339893256827
-0.227507873191824 0.0417348203130379 0.0314760562963976 0.0762350998237851
-0.122662231337189 0.168682725230466 0.30166971302524 -0.0424293592594819
0.000966998214586887 0.189923443633434 0.237841230536502 -0.282860306277459
0.085038634722345 0.116313095349707 -0.0306489554581318 -0.3467089180791
0.120319405110254 0.0639112131510687 -0.216992251429486 -0.213907036958775
0.139388760486608 -0.0145506192365924 -0.229512227336612 -0.0481409630977545
0.133239451836603 -0.0444818928807359 -0.172949088199662 0.0194781710997638
0.146535794658966 -0.0283781977764921 -0.148423196465547 0.0586955958567719
0.146201675777118 0.0564075590213787 -0.161564727640306 0.0757600093371585
0.108416674679666 0.119094546714039 -0.191671665475268 0.0720322866577882
0.0221814534863297 0.229055211104389 -0.246008309369969 -0.0164522063646719
-0.141304478961923 0.205873532463153 -0.253521054980208 -0.146234228351523
-0.293768753868993 0.0415861944015226 -0.193829295279135 -0.158593721083397
-0.35926763469166 -0.118772712421873 -0.216418166204856 -0.123290553683513
-0.35657781273556 -0.165398202358909 0.0479149946669926 -0.161223138311585
-0.355747092247012 -0.026022093934752 0.09675929470053 0.126068943764773
-0.263789920207132 0.211354974560661 0.354099782237052 0.00807163732483963
-0.057742657497393 0.316752368702384 0.303789636869812 -0.252697871844196
0.119905692567342 0.212430684637286 0.027721208663995 -0.327684831283085
0.18012053585226 0.110849762909685 -0.150615184579021 -0.209121281615209
0.212003159077104 -0.00288565649031798 -0.1665876814831 -0.0491271141510444
0.197039379429146 -0.0539624176065869 -0.10978600469429 0.0135204768758887
0.203653488386122 -0.0432605841677949 -0.0800543880075853 0.0592608407757471
0.19691129379136 0.0612259813353635 -0.0913799052891055 0.0963536862477261
0.155266123268353 0.148703329696426 -0.132382899835443 0.127646499981477
0.0466927413021209 0.294502085004846 -0.217010183958747 0.0587279145913325
-0.167741765952109 0.271184290743638 -0.253904221013025 -0.0777011215273216
-0.348378089801394 0.0576882359804307 -0.173171173587991 -0.103930335889849
-0.420923859372048 -0.156166939226899 -0.12614582824213 -0.0301851080085588
-0.354935380959973 -0.235713548870659 0.163864652824934 -0.0415007809650083
-0.415760595589021 -0.112388092564818 0.162711245411504 0.197967643728103
-0.371542632005489 0.190482424426372 0.376805654088896 0.0860017912221425
-0.133747242460746 0.378697520734342 0.345512299627535 -0.176231538131588
0.116154021018427 0.280750417742398 0.0936041310397229 -0.264224788122456
0.205432145523553 0.147830564870493 -0.0606828108539269 -0.178285188035332
0.249545447681429 0.0117496185795154 -0.0823837578774694 -0.0439383346055682
0.231686492683789 -0.0547339148700014 -0.031444075234502 0.00717725325880639
0.232019273030506 -0.0540853543693886 -0.000287184158709517 0.0529632258645281
0.222149590386314 0.0531019481758269 -0.00901479560553983 0.106392738110366
0.180312062936869 0.151980898592549 -0.0609820293675148 0.166690074682847
0.0634854465139706 0.31548769299825 -0.171752247628628 0.118831444750418
-0.170274554571534 0.292729424909871 -0.23420718765059 -0.0197806449032885
-0.354783143414408 0.0580902646827693 -0.136780465172941 -0.0704928981370022
-0.419228609520397 -0.17536413200101 -0.0245430960346829 0.0480171962839409
-0.292164413976116 -0.256702736850356 0.256828539640627 0.0987120154386734
-0.385652129910911 -0.178270169188962 0.210418434080731 0.274356332862946
-0.395411966625608 0.121490283162205 0.357893162224904 0.168632446085328
-0.185987247015484 0.353439203144879 0.346266052468809 -0.0739525775065923
0.0866493236982922 0.289742193481434 0.146212906694273 -0.170923921001217
0.188798430557973 0.156659114144539 0.032933126881529 -0.125405351358138
0.244928914133649 0.0221373593625437 0.0085350486199136 -0.0345435044130796
0.231059696289436 -0.0492609692320036 0.0487565759911357 0.00126849141696939
0.228906883526754 -0.0534494134093881 0.079987446642281 0.0427940192549284
0.21865425623915 0.0434108203115625 0.0694689580475004 0.108119649801057
0.176184546833 0.14254396334504 0.00757541607460911 0.192398140051078
0.0542954207221839 0.299229611224574 -0.124551451852529 0.159642947625668
-0.169774296408522 0.264571869501091 -0.207577618052938 0.0206802265105743
-0.324012201261691 0.0285605934491391 -0.0981869708839656 -0.0528424476581466
-0.357946869435248 -0.187170180448936 0.067210697107041 0.114106178917986
-0.181812099261907 -0.219566079902217 0.312856063905288 0.223912819406025
-0.277367650564688 -0.190520306892358 0.233249269383554 0.329513372288769
-0.324050428502559 0.0466221474729737 0.305567191615128 0.228586129300822
-0.180567856319173 0.261680699766789 0.314352141513046 0.0219079324416272
0.050740303454808 0.235273104666835 0.180296093543889 -0.0772824600191705
0.14499725835422 0.129014099622282 0.11292134571278 -0.0697437566780406
0.19936784483467 0.0227170790643274 0.0918276866787746 -0.0252109284216919
0.195993294649009 -0.037440223288665 0.120563744473948 -0.00410930858697687
0.195840867716412 -0.0426108895294868 0.151230852336607 0.0347908109901883
0.188428445475696 0.0356683414174009 0.13791519977396 0.113133806616973
0.147355636041103 0.125718444828494 0.0607713611316611 0.214851583612205
0.0268422356825101 0.254102976520861 -0.0921023680439097 0.187335175471023
-0.163461482169888 0.199679426107898 -0.183512020310039 0.0486816678525439
-0.263437291635796 -0.0196826665352439 -0.0653906829420832 -0.0404464002050738
-0.24921574702291 -0.186903823652288 0.136188035889144 0.170164907821405
-0.0413269734073207 -0.138837881500431 0.326208342369386 0.302619381480767
-0.126132061822578 -0.149305062072505 0.235421807378247 0.344424430763348
-0.188899810372835 -0.00842497834853643 0.248463764995139 0.257156449929288
-0.125248264571436 0.139335247415665 0.27391643089072 0.0864986597582083
0.021484597816699 0.138142986804339 0.20177593174872 -0.0119160196205835
0.0815629251678485 0.0763968900231922 0.168803632050417 -0.0314797692353394
0.122680103822697 0.0166848724951711 0.152538168256419 -0.0224716940818477
0.130838164638864 -0.0216087705242845 0.171626109998364 -0.00764752590419364
0.134534463349629 -0.0236264609920102 0.20678862570824 0.0315593659150736
0.135335200137623 0.0263603828669643 0.187435982634272 0.124989361583805
0.101698525186336 0.0981401854337185 0.0936760115595753 0.24112467112669
-0.00457697469140134 0.184954248493268 -0.0814331234538309 0.212547560827807
-0.14089753570839 0.114328573951109 -0.174437657460054 0.0709744722950122
-0.174845567142164 -0.0663342795804608 -0.0465872941468458 -0.0310233672300028
-0.107964434843106 -0.164948649167169 0.173053550185331 0.214124514499918
-0.0417695340483053 0.0999330535815869 -0.256866867242598 -0.219815164970536
0.0695293780856069 0.0615958182276855 -0.0381132442175473 0.0684572985560784
0.1015075707071 -0.0285405595558439 0.203818062312055 -0.0713971158632302
0.0158374616241192 -0.0879328938394777 0.121256669028483 -0.257339109231777
-0.0420303425298709 -0.0465497264489142 -0.106001328928824 -0.302106399346063
-0.0397087366765864 -0.00394680977909894 -0.265098526946392 -0.157750002316683
-0.0488545542437398 -0.00104345278409265 -0.268909640507828 -0.0214162204509857
-0.0433109315114449 -0.00535816809172809 -0.224998976835636 0.0405146142962989
-0.026448235046242 -0.0151698910010143 -0.208376301927009 0.0595852433631519
-0.00314871102405397 -0.028201124360022 -0.224306342189191 0.0541426907040801
0.0195692990261849 -0.035653830242187 -0.244889751195996 0.00441561860747209
0.0677342111226571 -0.00475191055456028 -0.274185141670076 -0.109533134764011
0.058617299566744 0.063008548408868 -0.254138258320877 -0.238732917324067
-0.0448326786000445 0.0982877741374132 -0.206958331666067 -0.291479912697809
-0.104586403848171 0.0677940758252766 -0.332946724913283 -0.270095257699356
-0.18884679772196 0.0396502238426905 -0.192356643763757 -0.252170003755945
-0.0717040577197792 0.0820366172477201 -0.0134570398219023 0.0601540551303257
0.0157837912003735 0.0847898188410986 0.243790970584013 -0.0829290712766546
0.0323012366389632 0.0436048183843401 0.158048930834642 -0.293535839374333
0.030541000372396 0.0209007757589661 -0.0982117031974529 -0.33410047339116
0.0452912809258959 0.0177583172390873 -0.270576196920224 -0.17935333749414
0.0471557295836193 -0.0203123015709602 -0.269614668111836 -0.0239960425989294
0.0465430385252928 -0.0342576039995665 -0.214743386581974 0.0406097387054269
0.0668633285521392 -0.0254304326982096 -0.192948731450319 0.0686275335680457
0.0807089335839799 0.0202164544174145 -0.205918512431756 0.0687302227882542
0.0652983312266627 0.0532555305587904 -0.229153153967794 0.0360365966042974
0.0344035385346249 0.123424637114949 -0.268928587330862 -0.0676854141874228
-0.0595243038363201 0.1357889731528 -0.2617225355565 -0.193892846786495
-0.19016287439839 0.0628487643902483 -0.215359325919108 -0.221318504426045
-0.25691001818263 -0.02698501285988 -0.302684026270258 -0.201390899715215
-0.307883145262124 -0.0450964687729628 -0.0909795363634697 -0.238722096384339
-0.229429965599042 0.0629988285102772 0.0376156976574894 0.0762943024204978
-0.10821997563018 0.183759088140802 0.302470405368315 -0.0697063318923418
0.0195508325550041 0.194804160937219 0.218828257502658 -0.31011694917527
0.0982692433931724 0.110955062905179 -0.062330262864813 -0.353010140376149
0.130235690183111 0.0539264453043782 -0.239989484936692 -0.198163039536689
0.140784436922156 -0.0271132931387012 -0.237157964272718 -0.0304925778694906
0.130094707769105 -0.0581074819862898 -0.173981815517923 0.0342349468000511
0.146554651193561 -0.0433669265636749 -0.145323092116829 0.0727020378858326
0.15499878200339 0.0433189553194227 -0.157742221827358 0.09238596023318
0.122157102341205 0.112480363984772 -0.189348164403901 0.0907073561349915
0.0449063894133136 0.231150990283771 -0.255701656518811 0.00479539177560735
-0.126785983891317 0.223290572052411 -0.271908575534453 -0.127407109843024
-0.297797904676711 0.068620290102618 -0.210738748055548 -0.149251508057514
-0.376936164638776 -0.0888027420396838 -0.231585293160022 -0.111016350642208
-0.37888089994601 -0.137007153883906 0.0349293157257775 -0.171615635822479
-0.365619138303854 0.00361195277916803 0.107552915377922 0.120509851273699
-0.249624016607568 0.240524746022208 0.360944052232954 -0.0224020701178535
-0.0296549181677876 0.330184486419371 0.287225640846874 -0.285321851542164
0.142285444267533 0.207502573802579 0.000266130544756634 -0.338584442057924
0.19483118949234 0.0968960015986075 -0.171899765572387 -0.199152225988744
0.216117719981462 -0.0222435896184746 -0.173184494507792 -0.0370309026830956
0.194150125548831 -0.0741098617259811 -0.110300059895752 0.0230067477143428
0.20231762545241 -0.063503634989332 -0.0762487592115095 0.0668951363290759
0.208130361259741 0.0445353070720098 -0.0838717620198505 0.107177965881267
0.172776096103412 0.137984134718382 -0.125185254884554 0.142304358142503
0.076757362397606 0.296195257072186 -0.219960254049226 0.0799752689602841
-0.146975807645601 0.293073927835803 -0.267487753550771 -0.0564406119226276
-0.352520705775516 0.0894864031961777 -0.185400516830951 -0.0946026919631071
-0.44378175361725 -0.120359564966069 -0.130356437315367 -0.0241465058639653
-0.382575646518421 -0.20986778370354 0.163405834124876 -0.0573001861323613
-0.435314379014974 -0.0779536475071162 0.180290701125721 0.18769418847317
-0.361178562689241 0.229733905144842 0.390188068922381 0.0548001768631804
-0.102669029096437 0.40037755903253 0.337094243706785 -0.209757841369546
0.144307455027595 0.277602064331897 0.0730861071393432 -0.279436161529102
0.223347248468527 0.132898393280422 -0.0782417722873982 -0.175116478830065
0.255369438854534 -0.0102757130804585 -0.0860011839261802 -0.0395134893557657
0.228464611686743 -0.0784822714515876 -0.030918513305635 0.00919650083401163
0.230007751122484 -0.0774295499590548 0.00463990546178059 0.0533002712717875
0.232822922021221 0.0345243313773943 0.000458240829870498 0.109502694019438
0.198217855573426 0.139686885319762 -0.0479683548458853 0.175962815641059
0.0955302233924514 0.316299391355457 -0.168133467125531 0.138556765727206
-0.147727877414915 0.314476361168972 -0.243536110162891 0.000698239101707745
-0.357699212351125 0.090105024232358 -0.146841084611755 -0.0628291845617607
-0.444350460034804 -0.139948889296107 -0.0198225928214739 0.0489832266801136
-0.320886610996519 -0.235860905325831 0.271062455315971 0.0797819694108079
-0.409940707663856 -0.148596733817307 0.235605310192211 0.262467067564772
-0.391563273406065 0.160559086552633 0.3781571756398 0.141837460026102
-0.157823810277316 0.378669450036185 0.346622692107125 -0.103394369267891
0.114727478607896 0.288818714226399 0.135952009092455 -0.187505735765756
0.208557530584829 0.143370352019049 0.0218109348748565 -0.129960001790259
0.250896101809423 0.000163242276852269 0.00746098433521604 -0.0375894964041924
0.228932799904195 -0.0723442373469529 0.051321416601357 -0.00417152121053169
0.226962154292331 -0.0769902369954255 0.0851739609939218 0.0363805647664537
0.227062395510422 0.0247810215963122 0.0807550187937652 0.105293972386619
0.191698831105509 0.130745342894283 0.02481516483907 0.196418158138114
0.0843268089632029 0.2997061243786 -0.116336340292558 0.176448835049029
-0.14913918952657 0.285211276317419 -0.212300664211063 0.0406363898174529
-0.328635289191091 0.056775885399348 -0.106302942059687 -0.0465047926818533
-0.382146993585682 -0.157418216110538 0.0800038016806385 0.108476957856228
-0.204646370881517 -0.207440868190882 0.339917685878464 0.203853605604449
-0.299749635003377 -0.169217503458211 0.263675283940203 0.316957998574213
-0.326089928882616 0.0783639092500998 0.330061499831764 0.20802878387015
-0.160870614647163 0.284348167317333 0.321161131812851 -0.003096442750498
0.0726982826766279 0.236326281501663 0.17849544091419 -0.0937590546437554
0.159462751667881 0.119943324690565 0.108821981541376 -0.0803412413145846
0.20434404995731 0.00543161098426985 0.0930915693096479 -0.0346623295515597
0.193902062772513 -0.0575849568211564 0.123296882146962 -0.0148601543473059
0.194652508218498 -0.0619509792663626 0.157430696208733 0.0223569916937612
0.195129913112809 0.0192956663279194 0.149807402268751 0.104191846290496
0.160785527677965 0.115302707461167 0.0818270175025456 0.214452808495402
0.0512842013647306 0.256586835792813 -0.0805200198398453 0.201608233599711
-0.148153826056294 0.217758283946224 -0.186010313157283 0.0675145251183841
-0.270556392947303 0.00163430099559574 -0.0724401625064333 -0.0364070010077199
-0.270103473023046 -0.167405609419438 0.155107462664927 0.160382974785077
-0.0546541095011991 -0.13649196004796 0.360651542484704 0.284440138601459
-0.141992312380732 -0.140221463260864 0.268019361096137 0.332638951658408
-0.192607530135384 0.0094726985669622 0.274505125996519 0.243462878525995
-0.115568608522035 0.153893751488076 0.287570099723044 0.0671532363758323
0.0334227091852162 0.140321146973678 0.205590249112344 -0.0289968930695034
0.0899122528540758 0.0717894553969894 0.170216588923147 -0.0471562904795878
0.125786447944951 0.00706297109079875 0.155012646585284 -0.0366882584343014
0.129654179363686 -0.0348669169233826 0.175988720137823 -0.0223211951611241
0.133932681148935 -0.0369767247818229 0.212606338319583 0.0141921583823231
0.139821275384472 0.0144820959810759 0.200088449160734 0.111295681164975
0.112636742587474 0.0917278450566288 0.117365635402669 0.238384163563773
0.012781853456359 0.188325303455943 -0.065477896019219 0.226287418329154
-0.133395231665715 0.128137617714406 -0.174312292326369 0.0887039928007932
-0.183685806147153 -0.0530037407152149 -0.0517795543150056 -0.0276145738462835
-0.123585006103961 -0.157301211398957 0.196376785196442 0.202994977430002
-0.0326370174930267 0.103619233551329 -0.270523968871669 -0.197538104655962
0.0734048677155308 0.0572056208824842 -0.0326104207106632 0.0720749050030027
0.0980206475596038 -0.0364247221613787 0.194240548531842 -0.0856199841068593
0.00909476107583297 -0.0880538479133554 0.100611131512173 -0.262865518818123
-0.0447143561694699 -0.04210430600051 -0.126454832449547 -0.289648760048339
-0.0376351404647126 -0.00151546454169713 -0.271079838387217 -0.134796156369279
-0.0465701666910808 0.00313684818505675 -0.265092929109239 0.000860194716611816
-0.0424424548554684 -0.00121924064793323 -0.216980562920313 0.0571530641923028
-0.0265994462027437 -0.0134678193955882 -0.200247498274331 0.0746648879985736
-0.00471840947823388 -0.0275077441596498 -0.21507768297015 0.0705964583517114
0.0160595656572843 -0.036158396685513 -0.241559152094478 0.0228944160367519
0.0652333557406062 -0.00964366558407554 -0.277321619920037 -0.0857839303413179
0.0597836242117526 0.0573923982308379 -0.265724720354333 -0.214906896164694
-0.0371276869564086 0.101324385383553 -0.222622479827957 -0.275083098708101
-0.0967057299842257 0.0745362207055436 -0.349330949809271 -0.244082704770132
-0.181202564046858 0.0551553953975477 -0.209723864131037 -0.234910168250252
-0.0646072056002131 0.0864280649712426 -0.00959347575840518 0.0621296119030104
0.023140163140984 0.0813968737594092 0.232514613750988 -0.099491417619182
0.0357694160031261 0.0407566047454951 0.132948407484382 -0.301503288692765
0.0315990247598223 0.0181770844756737 -0.121959274330019 -0.320669588868081
0.047585400256642 0.0130936053305031 -0.278715599544764 -0.154389728896461
0.0448465508681598 -0.0229862097570139 -0.265521402676515 -0.00274421622779315
0.0423964209383273 -0.0375673360120307 -0.206749582041104 0.0556425329173354
0.0636292631356097 -0.030661711321457 -0.183166997280271 0.0818783138139146
0.0814969071634745 0.0132093745180736 -0.196129621919431 0.0841481467292702
0.0682747980522909 0.04797547206506 -0.222227991215542 0.0526731742238143
0.0440309052296728 0.118460155825085 -0.269535445637753 -0.0442747188602868
-0.0495432403614509 0.138455774000578 -0.270814016868707 -0.170772007641132
-0.183256959552138 0.0768471932018561 -0.226472556717558 -0.20540397181093
-0.253584132664904 -0.00550554591128019 -0.312731611488329 -0.179021433271363
-0.305981479700946 -0.0200561602394229 -0.109349739360371 -0.229343791217581
-0.22147726836756 0.0796899719622515 0.040454057482508 0.0733885259044296
-0.0905119332668528 0.189747620170244 0.290491711946654 -0.090598985538639
0.0361418106158771 0.190405845364695 0.191172241982027 -0.3215735983112
0.106419144107042 0.101563003960666 -0.0873270203780634 -0.342864403003772
0.132877291634534 0.041869337655384 -0.249967099098452 -0.174343402672452
0.136453138086214 -0.0375967775620115 -0.233973227746562 -0.0132917063253388
0.121355467736029 -0.0678815335767632 -0.168483795661147 0.0460959568991142
0.139751450138593 -0.0551340185895178 -0.136798984194336 0.0816222963537845
0.15681665769263 0.0304247661592965 -0.146082116394297 0.102793982685236
0.129387647922924 0.101145946272515 -0.179375254478899 0.103966250130915
0.0637570207234857 0.222993019551649 -0.252836367366037 0.0257226459310568
-0.108030414838541 0.23029744844496 -0.277104354920335 -0.105126894783828
-0.287928349624092 0.0904749830949662 -0.217688784556712 -0.134302342029591
-0.376629595444711 -0.0571196692292578 -0.236405026303284 -0.0947161001294123
-0.381733757729523 -0.105066887611127 0.0202010999950671 -0.172393732571577
-0.360198022689506 0.0321458187378601 0.112376079851318 0.110864517208733
-0.224669273637252 0.256431088994969 0.350253701712648 -0.0491474017171173
-0.000915739182299202 0.327879983273806 0.260636044614779 -0.300762174129389
0.156170691393897 0.193162452807388 -0.026142600018106 -0.332742026909746
0.200509365807029 0.0800623323769948 -0.184408399005696 -0.181568904525067
0.209480064255996 -0.0389177380847583 -0.170832522666301 -0.0245533985145892
0.182594848634087 -0.0891423885086068 -0.106287690226945 0.0301311370608318
0.192535926720182 -0.0796177081824896 -0.068624687083643 0.0708158462728872
0.208548459322652 0.0267002876556508 -0.0732944713378213 0.112115190543589
0.181042159712677 0.122263475263412 -0.111804899302098 0.149701721331122
0.101340179435643 0.284845043993994 -0.211650988027991 0.0977287900026135
-0.121580688406105 0.300039739301002 -0.268293043022991 -0.0351922988464088
-0.340412823233187 0.115241226451693 -0.189965056361501 -0.0815042025157112
-0.443423014698433 -0.0820739181079015 -0.130059986339028 -0.0170674168293681
-0.391861647882266 -0.176402692757168 0.155700377447317 -0.0694178870556418
-0.434982655750511 -0.044203674496587 0.188564389555639 0.171302996533539
-0.335656264329073 0.254981542077996 0.385627486454902 0.0251926697017826
-0.0676198925790392 0.401907885469088 0.314806332436184 -0.230071689792652
0.16433609664782 0.261893574017911 0.0499763673249024 -0.281148819486407
0.231134000829282 0.112721893608092 -0.090257249389846 -0.165247413076372
0.249452858649237 -0.0304540638146235 -0.0857583281342664 -0.0340302079467253
0.215495835947701 -0.096393336000072 -0.0296986033312855 0.0104127552654623
0.217742670727014 -0.0951380470476584 0.00932706738286316 0.051634261901056
0.231043110846603 0.0149847835857124 0.00918191761237467 0.107861821439248
0.206005626071478 0.121707908004164 -0.0333569743540842 0.176780672684964
0.120631468789136 0.301120999667145 -0.156087973237672 0.151567414248658
-0.119338670287672 0.320549117447657 -0.241001757783525 0.0197646724554933
-0.344893432341867 0.115842240954623 -0.150486932228065 -0.0526290495638285
-0.444935662588297 -0.100810973735299 -0.0147450970767973 0.0464553928536616
-0.333847181983484 -0.206477598722272 0.272292215068073 0.0586436339454869
-0.413711747638499 -0.114228537737352 0.247691427868778 0.239820690888167
-0.370655253264141 0.189851304268316 0.380301447088231 0.111249594226659
-0.124499830834103 0.386448432125118 0.331515424314144 -0.126213843614719
0.135942301769228 0.276261729860859 0.11954548548509 -0.194554631754068
0.216316014207043 0.125196789001328 0.0123263215623562 -0.128550276734937
0.246069707400815 -0.0199800641532433 0.0059691232767767 -0.0388439769449378
0.216026293041186 -0.0904624119110974 0.0506148867359737 -0.00808162802209763
0.214523008238291 -0.0942174198461628 0.0864341725984621 0.0292530919890571
0.224924675058773 0.00643280078742423 0.0869064961293036 0.0968908457288156
0.199643220068887 0.113718977294475 0.0397213519801734 0.19105757390895
0.107219370500161 0.286133893100708 -0.102676387233244 0.184008232472718
-0.122621223600347 0.291498052658567 -0.207337643750239 0.0573495832381115
-0.318097650452829 0.0801957466572429 -0.110083811976654 -0.0385310099727699
-0.38571023368462 -0.122765959159271 0.0885121926478043 0.0979405105159629
-0.217112184896304 -0.187216080213368 0.348770827889653 0.176270793681831
-0.307916924599171 -0.142532652683767 0.280173028825125 0.290993035271788
-0.3123323005948 0.102677992055018 0.338042677506683 0.181013099168786
-0.135723634558597 0.293281216826217 0.314291658015555 -0.0246479510212699
0.090356844793221 0.227330290975483 0.168775541353387 -0.105167641516054
0.166475976095712 0.106760973069842 0.101909281135298 -0.0864895255036299
0.200034519369319 -0.00964255622283266 0.0904751242621837 -0.0432771729731646
0.183276475490318 -0.0719620531059386 0.121225017823128 -0.0243199200025816
0.184390646031378 -0.0769966508657429 0.155221774802779 0.00970798111540976
0.192775889669939 0.00290477295584885 0.15473060509852 0.0912483202338366
0.167666427972048 0.101317609496652 0.0963986842466051 0.203875991162664
0.0718975448511446 0.24645060396287 -0.0649839278122903 0.206108985288496
-0.127701093289623 0.22495044151811 -0.179769494661303 0.0817496078250261
-0.265538201011926 0.0218791937414304 -0.0756390857580695 -0.0306360616531847
-0.276467608483503 -0.141062353977506 0.166208300156496 0.143569579491299
-0.0640104979366424 -0.128282752776158 0.376352429252382 0.256144483460508
-0.148983491879813 -0.124542594115888 0.284925003570751 0.306174636918596
-0.186573962453551 0.024468223533076 0.287308497779658 0.220216021226393
-0.101218162764837 0.161779164236389 0.28677992601596 0.0461302172350103
0.0431163363659157 0.134996936710981 0.200376649013907 -0.0434720378234788
0.0941389822829704 0.0644554815767454 0.164405638275654 -0.0594821678499932
0.1232555187846 -0.00331454001612874 0.150951871670511 -0.0485559237696006
0.123162474670169 -0.0454696480618941 0.172427524373802 -0.0354333086897403
0.128331536116555 -0.0479701810013587 0.209184349155091 -0.00233553473163801
0.137925309520515 0.00233974676573652 0.20536343858291 0.0947971541008764
0.11702342604583 0.0811078914414843 0.134166527588973 0.225201082786851
0.0282553911026051 0.182742527855243 -0.049154325523453 0.228345780407858
-0.120220808840979 0.13486327423748 -0.166031721988311 0.101419986766306
-0.184169105937742 -0.0389838282567499 -0.055070182067321 -0.0240365361695983
-0.133275292078805 -0.143207533472001 0.210217070921681 0.182292144086166
-0.0214007627326496 0.103907104730735 -0.297195153284783 -0.131843635252651
0.0787313818928948 0.0445675834367916 -0.0153612474628129 0.0806067559502992
0.0856888301330185 -0.053346520902708 0.178738037982943 -0.115874320707811
-0.0104851470799546 -0.0870039159169456 0.0555830459795498 -0.277797874956799
-0.054213589032338 -0.0313007048849179 -0.175571352778771 -0.260345228971509
-0.0371331918355182 0.00714068347209692 -0.286169744912672 -0.08405405879885
-0.0427860423587992 0.0126202253319902 -0.260115994865997 0.0445634674521831
-0.0403907010087045 0.00675376206419467 -0.199150118997089 0.0905242439702271
-0.0271706587136977 -0.00700671193941869 -0.179534052171691 0.108274748654989
-0.00908192013234183 -0.0238335174464067 -0.193825251551883 0.107929693118706
0.00905498965467616 -0.034707831898885 -0.227648199917921 0.0664690199612416
0.0573029194470965 -0.0196918550652567 -0.280980424902955 -0.0320141789937162
0.0607117915326449 0.0441682511954137 -0.292604070364167 -0.156947958642267
-0.0230135561219945 0.0979700090064526 -0.260892422451468 -0.22628040607134
-0.0876328946171495 0.08335721037824 -0.373964811933332 -0.179833611409413
-0.167955896716064 0.077362264001182 -0.25340851065988 -0.182375956899589
-0.0468376079581037 0.0928496776144133 -0.00174015541466522 0.0663889032825045
0.0342953623625752 0.0671949686930175 0.20468693522863 -0.129420843568155
0.0356775025742499 0.0270878836955961 0.0774320412672901 -0.310852097622392
0.026436798854419 0.0132236149255392 -0.172609599481376 -0.287475081266012
0.0460413390490778 0.00826430708248338 -0.292947626590163 -0.100570993329312
0.0393954648342131 -0.0267009905817817 -0.25603002712155 0.0403261447099539
0.0338211589353005 -0.0392622859689783 -0.188660991690909 0.087783024271026
0.0559323318260906 -0.0381249049963251 -0.163303256019226 0.112966578544428
0.0795456373979292 0.00114102426267829 -0.173904050511116 0.119376662656849
0.070196382229702 0.0386784799312404 -0.204507426271745 0.0913296804079176
0.057343020701873 0.106103167759214 -0.267740539034818 0.00465829128335717
-0.0314362247525393 0.135803973501033 -0.292101983404621 -0.113923598303773
-0.165015691577971 0.0978475238318001 -0.251375045539248 -0.161023440030544
-0.248491062713315 0.0286230078385127 -0.327755937908301 -0.126131017453936
-0.294197316500459 0.0223949926302194 -0.163110886994251 -0.200311345168352
-0.193890445410105 0.108624228724494 0.0418629327359712 0.0664660893332903
-0.0538047182301061 0.184689301369555 0.251648570360354 -0.125498545144696
0.0614538669037812 0.165130866679273 0.123420592966641 -0.330723514720527
0.109059156601208 0.0798224715512025 -0.139193269263309 -0.30755662545516
0.13170196769269 0.0231656480203672 -0.265384247310415 -0.123354574278819
0.122454281558821 -0.0548557217006931 -0.223165900443636 0.0263056369925202
0.10379222118596 -0.0804189605935628 -0.152481414895918 0.0725874419528476
0.124313927524771 -0.07312526541343 -0.11892474919948 0.104991772159674
0.155007900969597 0.00569690059946452 -0.122675579725072 0.129890997368117
0.135749191539 0.0810701901579438 -0.153775735929844 0.13235998798582
0.0923963248880801 0.203522215137599 -0.23998051595057 0.0679212720786056
-0.0729689285809466 0.230705057020827 -0.289324197910106 -0.0494394275512536
-0.26301043059271 0.127542605504485 -0.229259086073531 -0.097286181624013
-0.372368279891917 -0.00136115317293043 -0.240521739729492 -0.0594292055651602
-0.375831462824737 -0.0479865666136847 -0.0330322509958856 -0.174622605248376
-0.331323756093305 0.0845367836011813 0.11226175690283 0.0869202412329712
-0.167456077645836 0.267114966437045 0.305335075569155 -0.094139360638882
0.0500067230889561 0.297931574409685 0.185456054650994 -0.315029416741114
0.170485935463148 0.15643048244606 -0.0757905727412263 -0.302529836948437
0.201594335978051 0.0481463284697581 -0.199863713523735 -0.13939260991796
0.190905362552543 -0.0675832587343331 -0.159984761655261 0.00482746374743111
0.157989004724355 -0.109242968642148 -0.0946015189304609 0.04660466528002
0.170438942401325 -0.104337437720536 -0.0557484713423524 0.0837882913757783
0.204593582030292 -0.00584556424814051 -0.0512114675866068 0.126340930714103
0.188876823315989 0.0941291346562232 -0.080434506776258 0.164736210859188
0.138478231639825 0.25796003112092 -0.18963016686869 0.128604401866157
-0.0757704841605881 0.298608160099156 -0.269725304137327 0.0174412856675958
-0.307987841691628 0.160255173588961 -0.193994721390764 -0.0527354329882418
-0.43872302547691 -0.0154505212167967 -0.125401078886596 -0.00254848046860586
-0.392192462417417 -0.113881593108907 0.115432227598633 -0.104113955377891
-0.411334885513097 0.0235308028507783 0.192975761573189 0.127060370340631
-0.269014355588556 0.2816821388907 0.344942329232082 -0.0312553608701743
0.00323247532019486 0.377430239368726 0.243142000236362 -0.253248922482184
0.190033773897186 0.218259741253718 0.00769086167351034 -0.259947555762644
0.23480014129303 0.0748736571758549 -0.104307002499353 -0.138336357024936
0.23003239603815 -0.0667841291482186 -0.0769786071923525 -0.0167474802098924
0.188739640203208 -0.121392420958659 -0.0231985552231433 0.0154842579716115
0.19196479649014 -0.124804984905782 0.0164395240759123 0.0523592270657624
0.224824279016681 -0.0205774696745553 0.0271323226088307 0.108321377903465
0.21285159350941 0.0905775135941661 0.000204593273877417 0.175695153349255
0.160443463976801 0.272191046398507 -0.127118927254797 0.170309712841467
-0.0709750761447045 0.319422626853407 -0.233235267867626 0.0665901720341947
-0.31197206074355 0.16140626945097 -0.151243818612146 -0.0314301833254818
-0.440632230785836 -0.0328722996465989 -0.00499814512226897 0.0391896269037508
-0.337224474097892 -0.151117382558282 0.253862226777587 -0.00528969882668629
-0.401704403827252 -0.0458790733519976 0.263599726802788 0.179575902735175
-0.3103786280948 0.22738634067242 0.353306310285647 0.0487266213590762
-0.0507080795653444 0.37285460407488 0.275951574618467 -0.158008510330672
0.166669012865384 0.234957171152604 0.0881472873916139 -0.188935638660585
0.223972837127118 0.0875378412971855 0.00100001476241741 -0.120004105555503
0.228335589369437 -0.056273519115117 0.0125976746324353 -0.0363538963799395
0.190538314864509 -0.117127175825153 0.0501240701459952 -0.0154974506768969
0.189294266270761 -0.12321023560853 0.0872998151975278 0.0173062115513953
0.217037756443539 -0.0284796675966372 0.10060044051354 0.083470546699051
0.2061155569496 0.0840541605226615 0.0724431721201583 0.176955643178489
0.145362757861812 0.260486485565614 -0.0694725545000078 0.192030529045818
-0.0779724946575926 0.291669426927373 -0.194717057584318 0.0956426089272073
-0.291078533774005 0.123939050713888 -0.109942886923428 -0.0240871807724369
-0.384888930903296 -0.0612752844843246 0.10211968608932 0.0730925160543476
-0.222377542692914 -0.147454454928144 0.354987146011985 0.0947174210247263
-0.303728204502991 -0.0890070467405251 0.307628195161186 0.221979815903104
-0.267474556476968 0.13851798159273 0.331608075888133 0.11763676711873
-0.0747621098464138 0.289900512965983 0.280062532852598 -0.0639122359933117
0.118780069909174 0.195660533355243 0.149349700503925 -0.114807016973401
0.173615389073624 0.0764004536824674 0.0922320683183783 -0.0960973374248819
0.186629664071579 -0.041580489242903 0.0917482069417443 -0.0537705046526369
0.162564853507321 -0.0956753076456639 0.115188552513828 -0.0425617425344925
0.162568607578135 -0.102953004345124 0.150498179744873 -0.0139472750723044
0.185577237188738 -0.0269018557827017 0.164298834869266 0.0648625627098588
0.174259894324704 0.0759256006451066 0.12973279787621 0.1782483732332
0.105453023690216 0.227727655644128 -0.0291552848097482 0.206113819391107
-0.0914031274868584 0.22911201708613 -0.162299828737226 0.11351726496415
-0.249534029683762 0.0600147391973689 -0.075559059834295 -0.0200170028350422
-0.281210478801816 -0.0943047320494381 0.184066024292879 0.105184165524674
-0.0684879643648615 -0.112172276914727 0.404081061399663 0.168154226212346
-0.151689458311133 -0.0964088033615799 0.321563565981948 0.238341030531314
-0.163018398758995 0.0487631053201644 0.300177745506644 0.160932979928377
-0.0634710322859314 0.162388045528764 0.271693431685839 0.00316429977642157
0.0614531553772783 0.116039830970804 0.188495336033852 -0.0678650875673944
0.0977782706998585 0.0464271502017561 0.154390864452357 -0.0832622697849177
0.115073429176183 -0.0233645363641329 0.14599777824757 -0.070599360112994
0.109104580488002 -0.0620309527839831 0.162604861385433 -0.0629969380022872
0.113743440563315 -0.0663702035921808 0.200262883285429 -0.0361371745622768
0.133211110267091 -0.0192635800525907 0.213833038234156 0.0586055570842484
0.123857531323616 0.0630073008443948 0.168412051325511 0.191274441872128
0.053832747567358 0.172904607594486 -0.00850252030731105 0.224875821979121
-0.0964482159301626 0.143079786270724 -0.145323110690489 0.128362960513852
-0.181837613179022 -0.00948507104612126 -0.0543662781727607 -0.0151119969097032
-0.143578482745467 -0.11572536546368 0.23296057861564 0.137150552957448
-0.0189399484021149 0.103191473391533 -0.293526208636821 -0.129682482933353
0.077702897096636 0.0449252770027122 -0.0146093454024878 0.0810358233624291
0.0833678464470229 -0.0527112033378695 0.175533915167303 -0.113007487055047
-0.0104558879579179 -0.0847707780861735 0.0536900337224463 -0.273707221825196
-0.0523862087060163 -0.0299688718529749 -0.172475187792917 -0.256459510836165
-0.0353949409691687 0.00575209111323207 -0.279427412908721 -0.0812168217257625
-0.0411197417524205 0.0122531869109555 -0.253183534427963 0.0454276386840673
-0.0395796402156594 0.00722260408989056 -0.19568273864236 0.0897419110356894
-0.0259668881117097 -0.00647277969703506 -0.176250774501773 0.106041711590376
-0.00910884237364026 -0.0236460337420475 -0.1900731169691 0.106899144030672
0.00836817683612044 -0.0335420898167133 -0.223638314190525 0.0654321136556261
0.0557419354171838 -0.0186481678635651 -0.274392267008371 -0.0318327626287745
0.057875182724444 0.0441755367675408 -0.285212782256151 -0.155276002010283
-0.0238609340272804 0.0964158475997138 -0.255386215705939 -0.226064013340386
-0.0853482193635751 0.0814189456760529 -0.368777984017678 -0.178686030551036
-0.163218423536694 0.0773510757481181 -0.252256999752321 -0.179183012846465
-0.0454252501125136 0.0917560648805308 -0.00205560886785081 0.0666703121044873
0.0348836458870834 0.0655803537957442 0.200605321595746 -0.126613065580916
0.036264299321011 0.0267903530749632 0.0746421781327905 -0.306948103101536
0.02700490965836 0.0135857838508944 -0.168995741294076 -0.282482825554519
0.0462309637497523 0.00719736671711328 -0.285567852463026 -0.0980056329123526
0.0388414876086236 -0.0267533541541285 -0.250223488133225 0.0405954475488831
0.0324612925362533 -0.0382219503783723 -0.185396393290944 0.0855693329885051
0.0537684663529862 -0.0365584115201902 -0.159438876620168 0.11042839507345
0.0786796537826363 0.000247047875666326 -0.169553379156812 0.116953551697171
0.0691754011587516 0.037913315115485 -0.200816611402021 0.0902847820030285
0.0561397786221642 0.103979247617451 -0.262247518060169 0.00535770022820224
-0.0314542772276673 0.134404932998199 -0.286021211792669 -0.112867340949444
-0.162829573264559 0.0963497961059196 -0.245915526145642 -0.162328303998725
-0.242935995169391 0.0284426162278771 -0.323225717902486 -0.126537134962551
-0.287434948595573 0.0233739810296549 -0.162762456927925 -0.197059975717994
-0.19129013039442 0.107418538273538 0.0402453196848821 0.067552256672841
-0.0513038200511002 0.180939333240515 0.246133254099007 -0.121967818455846
0.0624254000734509 0.162515404451301 0.121240818305965 -0.324344230123994
0.108030130844039 0.0784141574425815 -0.137435226311234 -0.302502591509393
0.130763194964506 0.021399198001367 -0.258844377536089 -0.119931410815526
0.12010235810545 -0.0550157294685804 -0.217422041823917 0.0257279271991252
0.0995757461482396 -0.0786978500060622 -0.149405364938925 0.0704144822679101
0.120186130278651 -0.0723131266246655 -0.11518527352452 0.102585407051582
0.152945319319508 0.00402748673245939 -0.119158306329604 0.127339244193561
0.134506739623312 0.0790996741777799 -0.150328023374245 0.130263976660569
0.092117811993048 0.1988568471657 -0.235212926034931 0.068666517051785
-0.0712636998679583 0.227544723716215 -0.284288781970252 -0.048541508225465
-0.258842213348225 0.125761858154297 -0.225712982657955 -0.0983465722642391
-0.363788859809395 -0.000191330310303314 -0.236769828576583 -0.0618879453700549
-0.368590922399932 -0.0465645654816627 -0.0349704073977951 -0.171412106087427
-0.326704447071354 0.0836045912217133 0.107518611905748 0.0871003246340157
-0.162116022773985 0.262464871417266 0.29853284517249 -0.0902510725460273
0.0525648189904478 0.293448200589819 0.182315040867647 -0.309708660348087
0.16814128004533 0.153270572617535 -0.074014191985477 -0.296765177979699
0.198621202361607 0.0467966573367149 -0.194077350974048 -0.135559669596079
0.187221983308786 -0.0683669497158953 -0.155861320362113 0.00407158229240649
0.152708190208792 -0.10703195772715 -0.0924823222210733 0.045113981478269
0.164464912262785 -0.103410507275155 -0.0534676670777412 0.0816634758942247
0.201572635171631 -0.006976321519516 -0.0498367829348951 0.123773639108406
0.186544606390943 0.0913788713298259 -0.0776828425820554 0.160908051018297
0.137855288476363 0.251546778534759 -0.185382250189987 0.128593591616958
-0.0730609815953238 0.295129663464597 -0.265012965281329 0.0171468989041573
-0.302774619271971 0.157484835274189 -0.191003654367227 -0.0533250516662943
-0.42778189627687 -0.0137050884548125 -0.123667953351989 -0.00629548619240294
-0.384408605353517 -0.110771199338936 0.111265909667273 -0.102582857712799
-0.405074508420697 0.023573594146644 0.186094212009441 0.126975867105855
-0.261090340990863 0.277664961402256 0.337760435049354 -0.0281283871826502
0.0066094323959326 0.372349781511388 0.239028820255057 -0.248239935774305
0.188103267839455 0.213821360891672 0.00841426801222774 -0.255783383271977
0.232377129719162 0.0722307897707536 -0.101386705288178 -0.135287341175396
0.22484455749435 -0.0663327676981597 -0.0742689725374259 -0.0185473289379666
0.182721945601009 -0.11972939125029 -0.0224696193713675 0.0143399356191016
0.18505563752997 -0.12258803189883 0.0166246652327392 0.0507576605046956
0.220332219774596 -0.0213688054352113 0.0274344311508517 0.106124877409822
0.209605613306071 0.0877377562681666 0.000761984844399902 0.173366565316655
0.159480726207247 0.26557948271107 -0.123913829039096 0.169627995740497
-0.0680892992324437 0.313428826320092 -0.231140338472799 0.0672449829525071
-0.306222157308229 0.158485096834196 -0.149983475463174 -0.0321785406610147
-0.430051277037614 -0.0297938960365825 -0.00471501344817766 0.0354937717633671
-0.3314712660365 -0.147047076507384 0.247556092172068 -0.00451189276918019
-0.394424469717145 -0.0444357673572356 0.254805251904889 0.177202530775163
-0.302838441750054 0.223655817626899 0.345691864815214 0.0494949476232741
-0.0465002349171121 0.367379511442624 0.270991078433894 -0.154605692098617
0.165003030149974 0.230715902965909 0.087712327359817 -0.184666227182804
0.220744764077675 0.0856460239453015 0.00177013498002894 -0.117776777978966
0.223503106725257 -0.0563828960184391 0.012897635199076 -0.0376581459872904
0.18410032242631 -0.114961017054576 0.0504036505787588 -0.0170001011320378
0.182693084904595 -0.121508234811372 0.0862352954538759 0.0167862380217004
0.212710463859323 -0.0285604301482652 0.0990144995350432 0.0825690679718704
0.202735841689359 0.0813498569791171 0.0716363215173489 0.173550740160826
0.144727879498621 0.254050115925719 -0.0674619498069902 0.191434020897134
-0.0748009316873004 0.285758934247155 -0.192221537131067 0.0963198587797221
-0.28563694750158 0.121597463946022 -0.109008945793781 -0.0240886483702761
-0.37472875459573 -0.0580044787552452 0.10004349851204 0.0678902691951472
-0.218053019961048 -0.143184530255927 0.3488013097804 0.0940060775711152
-0.297465464478145 -0.0864589272718311 0.297952188791561 0.220190948015965
-0.260548528954805 0.136331091157834 0.324811657894398 0.117399030916222
-0.0703585540356926 0.28524945961237 0.275151123201702 -0.0614530765629471
0.11725623610621 0.191982958772608 0.146778193262832 -0.112480689465509
0.17070417699095 0.074473158432923 0.0916985969110519 -0.0954363241132052
0.182318667190833 -0.0412000361318586 0.0908057880224628 -0.0555047373755136
0.157375441014005 -0.0950460019813194 0.114164315221276 -0.0434860007084058
0.156913006679343 -0.101604297698303 0.147751984645688 -0.0135395159771895
0.181797879910482 -0.0266835698257664 0.16071282120096 0.0640427114374788
0.171268620278918 0.0736703443380435 0.127481737225062 0.174747510995897
0.104279996105327 0.222109836588843 -0.0273176705015147 0.204742844043217
-0.0886568250364742 0.22381703309011 -0.161150004578458 0.112813716269597
-0.24453575890455 0.0589040792785444 -0.0754633005548764 -0.0204778717624592
-0.273770879183596 -0.0908981593648069 0.181324255324654 0.100402830830312
-0.0670852770587245 -0.108731516547496 0.398367725449102 0.167963402956017
-0.147717828679124 -0.093447832981741 0.313134473470968 0.236182714020985
-0.157524718411238 0.0478029743438299 0.294177433251859 0.160088154887283
-0.0603723716660336 0.160523906243967 0.267713899327115 0.00384126984337062
0.060558309683202 0.114115503811091 0.185778706075008 -0.0662704657575063
0.0963728008542887 0.045935502887401 0.152904345117874 -0.0827506344989306
0.112109621621621 -0.0240264894083704 0.144580241853571 -0.0706886687500757
0.105218250115156 -0.061589755299972 0.161445702756681 -0.0627182692134202
0.110018362345437 -0.0662796880364762 0.196432456661329 -0.035203365696947
0.129909847553781 -0.0198768735357829 0.209542420231851 0.0582954876877365
0.122322068786495 0.0614932415864947 0.166017114440949 0.186879957126524
0.0536209072737 0.168839216882304 -0.00816057812305366 0.222353093851468
-0.0942558709337879 0.139271916757783 -0.144415713668802 0.127398192264868
-0.178019275502686 -0.0092331832473891 -0.0548587591118313 -0.0151953035749736
-0.139303800049295 -0.111725012478319 0.229467521058923 0.13191182498885
-0.0185681928310003 0.105083114846622 -0.29809985960965 -0.135619388243922
0.0788324911940393 0.0478489593123446 -0.0157627374022534 0.0853449260487631
0.0854189212353706 -0.0528392728106552 0.180708027515468 -0.111725195487102
-0.00918098224755389 -0.0861907960908748 0.058760162661933 -0.278546547467314
-0.0525500956435183 -0.0307972700632315 -0.17226676112701 -0.264623284916468
-0.0353578891759066 0.00444939121614386 -0.281775585001397 -0.0874876332602959
-0.0412547148348674 0.0120851946874553 -0.255916961733234 0.0431226443875769
-0.0400584376181691 0.00788600190754682 -0.20005392730972 0.0883509897753747
-0.0261498626801241 -0.00637826559695547 -0.180564173738618 0.105872817657554
-0.00820698230067282 -0.0235187689639753 -0.194658303477351 0.105473959060994
0.00858882466059092 -0.033464778706543 -0.229195928837268 0.0628689754407063
0.056796893419077 -0.0175950738902904 -0.27742571907152 -0.0377416362537659
0.0564873158593705 0.0468287972972414 -0.285073765246137 -0.163554450644346
-0.0269725628661088 0.0988390888310804 -0.254329819576163 -0.237590223700718
-0.0876395069862814 0.080528775389884 -0.374754317684855 -0.190645217040386
-0.165483808251473 0.0771561584160972 -0.255942561591214 -0.186946188172531
-0.0480785574487644 0.0935846972290477 -0.00416143157904657 0.0705286831184768
0.0349331977995784 0.0667575895440061 0.205919620782838 -0.123719503102909
0.0376381015832624 0.0280574955344767 0.0818354235901081 -0.310617675340245
0.0276539913346363 0.0149287427424693 -0.167521525150402 -0.290766898125824
0.0476741779906788 0.00691145888694867 -0.28758716569327 -0.104061548759198
0.0399940516887274 -0.0269086908720191 -0.253053779148486 0.0378389415583963
0.0329653290968673 -0.0377479332991847 -0.189651043072271 0.084147271859909
0.0552156271582656 -0.0365447548454638 -0.163265801930764 0.109026939487711
0.0808686977670231 0.00143799352776642 -0.173900830007746 0.117116276922953
0.0697422825807717 0.0398837507546225 -0.205947770230026 0.08791038234359
0.0566650737451809 0.106337363529678 -0.266068076028535 0.00122011179477172
-0.0347396110263495 0.137411808568051 -0.288161238475591 -0.120440054043368
-0.168868925108057 0.0961465024892238 -0.247174481565604 -0.172295516423621
-0.24712401026512 0.0244210366068959 -0.329260327473666 -0.136619186169501
-0.291746997067988 0.0202362883230548 -0.16546148257275 -0.203812380358937
-0.197841756674475 0.107488286535453 0.0379379782955626 0.0711434466824305
-0.0538622715145188 0.183469607412427 0.252017627771713 -0.118917164531548
0.0627690513500085 0.166765019551945 0.128653878701101 -0.329679710916823
0.109880701070394 0.0815630416273051 -0.133688578374645 -0.310793279574066
0.133452625546806 0.0229366628935861 -0.260394076754629 -0.124983354550278
0.122247383414393 -0.0544244816020224 -0.220136999866201 0.0216656043577245
0.101349657083959 -0.0780676512394794 -0.15307554939434 0.0682098269067464
0.122149295452033 -0.071515094965435 -0.11859357368048 0.10184752837578
0.156074152200523 0.00570726791323366 -0.122664545960673 0.127023187978111
0.135310468403918 0.082606211862459 -0.154743705344149 0.13030885683506
0.091609697459768 0.203282034040628 -0.240124668626284 0.0664304782787592
-0.0761236754522878 0.2317846609079 -0.288905058430549 -0.0541579869885277
-0.266919720897235 0.12317419484718 -0.228333642086439 -0.106843050065547
-0.368854364766951 -0.00610116057654693 -0.241541884646395 -0.0698898121009153
-0.373619867446716 -0.0522906749285466 -0.0359444785934158 -0.174860989197606
-0.335057584485089 0.0805354544940807 0.104906622551958 0.0932946416129799
-0.166898206182248 0.264897487755791 0.304337274088198 -0.085480490627951
0.0521937158559604 0.300091182206313 0.191427543392303 -0.312115466632846
0.171479133787845 0.159101564391583 -0.0691685299991174 -0.304221648119694
0.20297299053766 0.0490149151687435 -0.194065643388088 -0.140944548053863
0.190388398549933 -0.0671401446860661 -0.156979117859181 1.88059157610872E-05
0.154856839882704 -0.106910039569016 -0.0945804342846599 0.043225363566678
0.166551764026476 -0.102505516743957 -0.0544570721266737 0.0813105456970569
0.205519769410418 -0.00578790511820296 -0.0519254305595002 0.125297705141536
0.188745644623844 0.0956526744911585 -0.0817378330656253 0.163192386008486
0.137815509090125 0.257099698090336 -0.189796525712509 0.129951694918259
-0.0779399927205822 0.299903872543033 -0.271546154382579 0.0141750197669463
-0.311528942412149 0.154886544434723 -0.193829135161643 -0.0595180950180395
-0.434156608078289 -0.0196098403426739 -0.126183613300022 -0.0115506900305517
-0.388929086274952 -0.117450135504066 0.112693919496669 -0.101749499678151
-0.414326754027466 0.0179914729153706 0.183657665948437 0.135236456298361
-0.268478851879252 0.278488159572749 0.342786000403038 -0.0209583863456287
0.00379635729944047 0.379887368586651 0.248818647743285 -0.247752420207284
0.190050610167376 0.221347112086306 0.012926926535528 -0.260312400141304
0.23675378235875 0.0770897035764341 -0.0988571709498176 -0.139244981105319
0.228904716056431 -0.0657891453072219 -0.0733831599674437 -0.0219618786306916
0.184820004480268 -0.11965978861892 -0.0222308576067343 0.0126316704227618
0.187308278029346 -0.121474396026414 0.0171557588996564 0.0511968464422974
0.224345689416064 -0.0197564637783996 0.0261273457064251 0.107985310345954
0.212928024204175 0.0926436790952613 -0.00122788136070965 0.176074791967485
0.15849858316565 0.271565887920432 -0.126750970334519 0.173051087757824
-0.0724940868386096 0.318284614432826 -0.237741367403885 0.0658071156692022
-0.315336913433549 0.156161306287512 -0.152956416658214 -0.0354377842242716
-0.434674533703256 -0.0371194346167675 -0.00616974073770944 0.0325424226789382
-0.334664750603897 -0.153146856427735 0.250887915964076 0.00123016804705373
-0.401460615754621 -0.0516686732822299 0.252692035659931 0.188485907081689
-0.308452529236218 0.223187978562372 0.350334698713525 0.0590852486091132
-0.0509508940455602 0.3743294878843 0.278852366068918 -0.152911053157105
0.16596149871936 0.23762445543704 0.0924115911710888 -0.186840459356757
0.224731812872735 0.0905961603232149 0.00548921747221632 -0.120338398490215
0.226974868203591 -0.0544922932484462 0.0153714287871192 -0.0409738454998799
0.186740515667801 -0.115436274141595 0.0521402112630279 -0.0172725438921425
0.184881945483916 -0.120780343059457 0.0883127249345147 0.0182787801096224
0.217006910324755 -0.0268219805682721 0.0998162728883265 0.0853467237687498
0.205256147302476 0.0852070599148415 0.0714864148744693 0.177974269783376
0.143902535871685 0.259508365832988 -0.0698794831162331 0.195246551892817
-0.0787521705584635 0.28960470798595 -0.199103992746669 0.0969374386555075
-0.292868871530644 0.118450466866865 -0.111594307660408 -0.0268839185591578
-0.378813691684388 -0.0639954135690519 0.101390147804829 0.0684056845106352
-0.218818543771919 -0.148131282293557 0.353352439723264 0.103739650161022
-0.301635454643223 -0.0927125010574122 0.296183112007611 0.232788822669224
-0.265635392209852 0.134514707001466 0.32781638603247 0.127614526839771
-0.073587276411603 0.290513547704029 0.28172476864466 -0.0570614320025901
0.116777478386003 0.19779261394235 0.152552087892985 -0.112375741526769
0.173887186567403 0.0790566717454105 0.0961664415693998 -0.0959258173293808
0.185619673844363 -0.0402322989447947 0.0947260052138451 -0.0568585927468807
0.158990868062284 -0.0948802215894055 0.118811276340299 -0.04396777219434
0.159016681182016 -0.10101804031966 0.151280247932568 -0.011458966100133
0.185030419739629 -0.0255630368315821 0.162889613580802 0.0680054669426716
0.173555241054406 0.0771091247378346 0.127026481425252 0.179426808914847
0.103490657502855 0.227567102415533 -0.0309814353882717 0.209743101949892
-0.0923611805266589 0.226210107844893 -0.167005614203664 0.11436283462191
-0.25051749269345 0.0559654974349779 -0.0775250387573361 -0.0216777182421401
-0.275229655431581 -0.094856545015209 0.184079220721012 0.102581004535733
-0.065708245687987 -0.109853171684826 0.403512223940938 0.179674131141973
-0.148131677913893 -0.0969651808577058 0.312024582512928 0.249418765894471
-0.159550365802213 0.0458330155233139 0.29615609853223 0.170435209669859
-0.0620638234380168 0.16359551402271 0.272828901442726 0.00923148792844957
0.0597248571681813 0.117519936491056 0.191935954248229 -0.0644866738732019
0.0972493014293219 0.048558957761607 0.157465931046254 -0.0834064868197185
0.114103709644764 -0.0226400669390866 0.1492747350512 -0.0722526283119428
0.106071780612126 -0.0621070919310502 0.166403558500122 -0.0624455952856686
0.111427331618337 -0.0659773422496835 0.201035838083017 -0.0321573576754212
0.131356844184513 -0.0189293032607681 0.211867151757827 0.06292804801351
0.123792284671055 0.0644696129847325 0.165419753356004 0.192726561843848
0.0515670308933152 0.172093647333095 -0.0118400613502918 0.227947730544812
-0.0971557108446942 0.138988745643731 -0.149407244184293 0.128990302904278
-0.180863340138521 -0.0118530860739667 -0.0562294602985975 -0.0172155215364474
-0.138314030706331 -0.113990762679152 0.232510350868769 0.13506981786693
-0.0172501625432328 0.11144238023182 -0.318317366970165 -0.143828749675397
0.0843460232771074 0.0520840240466141 -0.0157827512277812 0.0924286220841531
0.0899234623834343 -0.0559748278966877 0.192905093056694 -0.116155104389616
-0.00919745181495089 -0.0903850190803557 0.0632320722178782 -0.294602380127835
-0.054143004445205 -0.0330052346604914 -0.180730762497758 -0.281154569482502
-0.0365142221105847 0.00371515156849353 -0.295261842941034 -0.0941652264170552
-0.0423312517311647 0.0129059046696758 -0.269406797841426 0.04581873170518
-0.0420475780426741 0.00901535362783543 -0.212202531735 0.0926092097943299
-0.0267597603194938 -0.0065004623294461 -0.191817300072095 0.110811332967735
-0.00860356311783126 -0.0244287522163414 -0.206090413885398 0.111248038637674
0.00890554825397609 -0.0346817602592862 -0.242782181268862 0.0642472009464679
0.0602599846815257 -0.0179839048025116 -0.292948053321747 -0.0431686968441943
0.0579739331569187 0.0507111166153489 -0.298545532603688 -0.175643405578383
-0.0302318314758126 0.105973010861899 -0.266323698534103 -0.257368907908492
-0.0932171211274547 0.0843803343372264 -0.397014783280556 -0.205455001353914
-0.172721174088897 0.0814096187105457 -0.273813229069765 -0.197479902989164
-0.0514318294272651 0.100004465546827 -0.00479158492325139 0.0775698821100951
0.0365969366967431 0.0705305846811107 0.219243751452006 -0.127981219904788
0.0406411017227473 0.029860844555855 0.0870091884095932 -0.328706221797302
0.0306426189528947 0.0161238709072765 -0.175596678615174 -0.30934598967408
0.0515902460881221 0.0065541619181858 -0.301722736965504 -0.11048951556549
0.0423268650721842 -0.0279618097915452 -0.266137634864077 0.0390587888065975
0.0337636001969853 -0.0389878021954511 -0.201283898498164 0.0881500829475033
0.0587612192281157 -0.0377614334994298 -0.172799221142606 0.11476877449202
0.0860078287330299 0.00171767065067998 -0.184249633752857 0.122472014505127
0.0734439331433694 0.0431749862152028 -0.217816956978854 0.0920386999170804
0.059713377636153 0.11344222146111 -0.280785321140106 -0.000438100687656248
-0.0382441548066207 0.146179432254404 -0.303642448103045 -0.129143948474005
-0.180934635474421 0.101437757734217 -0.259395833581359 -0.186976127824686
-0.260011174754858 0.0253608893723894 -0.349344253173251 -0.149825568411254
-0.30728706039768 0.0204362331961571 -0.178562174011995 -0.215231551731977
-0.210317379144187 0.11347984631836 0.0383736445742983 0.0785429423069897
-0.0566386635144808 0.193200510551873 0.267583110922267 -0.122099307034417
0.0682261291724585 0.176751205948599 0.138097557039979 -0.348499927714693
0.117614712181211 0.0870390059656695 -0.140080618750921 -0.330120908415405
0.142559600482039 0.0232423776392805 -0.272614081354044 -0.133640942145966
0.128877123249517 -0.0571858622518586 -0.231376622233693 0.0212580231247566
0.105564871683223 -0.0821101853483294 -0.162539176748061 0.0705776245588428
0.128305718968984 -0.0746883395324112 -0.124518185606027 0.106338755451521
0.165144101372271 0.00617692588271499 -0.129941232857354 0.134037425316865
0.143400451942762 0.0877610461994329 -0.16349320175543 0.13616664993837
0.0970868236715089 0.215531875065751 -0.252598714027719 0.069999978806836
-0.0799068074271088 0.246368725795892 -0.305880257841806 -0.0593952139516291
-0.284601941969768 0.129963825340136 -0.240932205522808 -0.116309783730951
-0.388784370308458 -0.00785155344466362 -0.257263933259881 -0.078504248947298
-0.39308716933888 -0.0561048375538368 -0.0407138056494524 -0.18400011980299
-0.356206449415781 0.0849299020646797 0.108078565911619 0.102070926354989
-0.176414476841995 0.279503961483482 0.322299917035046 -0.0873932765009945
0.0567183238250159 0.318210081359813 0.203887506968742 -0.329446304976207
0.182613988520345 0.169639874080116 -0.0710711893527494 -0.323069785810285
0.216274119501962 0.0514446341395199 -0.202880093895001 -0.149146151230414
0.201717312674064 -0.0708137417215729 -0.164961375847234 -0.00308839581324676
0.161395050439571 -0.112881570173752 -0.0997100048813039 0.044607657990156
0.174555421127351 -0.107042214048871 -0.0567802599297754 0.0845542343397013
0.21762717312465 -0.00545797520054466 -0.0538711786727259 0.131866580480247
0.19965023822271 0.100982406448833 -0.0858832662403676 0.171768163907022
0.145471013076419 0.272133376211886 -0.199834861193407 0.13754565403905
-0.0817224211588144 0.31760908785542 -0.289047376031505 0.014363596318519
-0.331270737397418 0.162634183309448 -0.205975319485057 -0.0656265502401901
-0.457181423975045 -0.0225222329436406 -0.135077362925846 -0.0155571653332609
-0.409958309617186 -0.125899180430033 0.117306611186063 -0.10555503710788
-0.439525093929501 0.017963657765853 0.191057787956353 0.146825720068973
-0.283344623563435 0.293322006321874 0.361281847519857 -0.0179058641538935
0.00577388878404504 0.402385516859607 0.263766101329855 -0.261475546606315
0.202675366313496 0.23463561364194 0.0159139421872115 -0.27610848755626
0.251798525165652 0.0812447918837019 -0.102455023978605 -0.14732230706962
0.241300960814822 -0.0690654536634325 -0.0764974122369778 -0.0266241819452961
0.192644326532617 -0.126366926934738 -0.0230625051087417 0.0116160735090103
0.196658438467502 -0.12702465917668 0.0186225542006536 0.0530486367332251
0.237737604106723 -0.0209551487684389 0.0277549203160308 0.114512153637444
0.225193454412136 0.09700579631573 -0.000671165789786904 0.186402759943618
0.168848521872169 0.288092539711884 -0.133195582062287 0.184048240657324
-0.0758736281188224 0.336486478892116 -0.253589655572782 0.0703885736421718
-0.334504689257058 0.164063551308723 -0.161980290750613 -0.0399020367846907
-0.458094673083432 -0.0399250209534459 -0.00737027148617636 0.0314844341526462
-0.352091108310031 -0.161828659349146 0.265085144835145 0.00438016792022953
-0.426201290035191 -0.0562079288289588 0.26342647054172 0.204139855366247
-0.325292290240858 0.233841667169488 0.369143998468576 0.0659853330324736
-0.051594965555494 0.396796661918624 0.296047343255255 -0.16071406042993
0.177031247251092 0.253264465687802 0.0995290924386906 -0.197519049466553
0.238996064804925 0.0960295665753937 0.00749258786274257 -0.127701580804133
0.239606097133574 -0.0573726649470175 0.0176442852750352 -0.0459865090609121
0.195247574017691 -0.122723183832112 0.0557987134969158 -0.020613652778774
0.193768917437366 -0.126763110420812 0.094296355627309 0.0192148042364597
0.229148443738337 -0.0285651695682908 0.105189151867922 0.090954488278164
0.21723124497609 0.0903320911477243 0.0756172649237028 0.187844566180961
0.152143578792326 0.275666600281407 -0.0723683067664374 0.208357219809888
-0.0824137288300524 0.305542493982955 -0.212588316051982 0.103305531318058
-0.310698056555308 0.12424252067472 -0.118997053060963 -0.0289485154341099
-0.39891382271527 -0.0672922716678371 0.106900284817782 0.0700431231414187
-0.229894265079694 -0.156139609159027 0.374475341478916 0.114591289092107
-0.318341996174177 -0.0993469699152453 0.310809111250035 0.252373851676985
-0.279102478686486 0.140433112954032 0.345683446597332 0.138792296243297
-0.0760745159723223 0.308430748365853 0.297415366341293 -0.0583998839343342
0.124254958779082 0.210164371781573 0.162486826686114 -0.118102409811896
0.185283227451208 0.084215743729966 0.104000700039476 -0.10182129640309
0.195631105008679 -0.0419960138734962 0.101025415552888 -0.0626356690743616
0.166135572220406 -0.100999227551006 0.127375982448901 -0.049146681013026
0.166242039441921 -0.106031311209935 0.16150970568675 -0.0117571734560948
0.194881807908328 -0.0269158733267455 0.171446987450749 0.0731219627347398
0.183712763917897 0.0816163372887994 0.134628078926546 0.190021462039198
0.109317748355791 0.241105747465329 -0.0313187599979376 0.223527000169205
-0.0974577743627059 0.237979702383195 -0.178705724172904 0.121736183840517
-0.264937578143582 0.0578648532943579 -0.08320450258001 -0.0242525244345932
-0.289328313105054 -0.0997595439501453 0.195300855401887 0.106641537222142
-0.0678587112037023 -0.115312264366937 0.428646594089991 0.195267338674514
-0.155746635719784 -0.102915609205736 0.327432517739391 0.268884546749517
-0.167438055171189 0.0466957513253786 0.31288803681638 0.182609748830034
-0.0641095585917509 0.173560335851961 0.288668843504758 0.0121489449639907
0.0627918014084313 0.124977912417481 0.202858859939311 -0.0672544468491136
0.103163303396539 0.0528015502275878 0.167678904399107 -0.0879112056449841
0.119437937945444 -0.0231629903100705 0.15935216262701 -0.0774705164925762
0.110749275489565 -0.065852485161287 0.178255604802534 -0.0686569952630024
0.116605148876235 -0.0692795700351855 0.212861599410269 -0.0333959020935175
0.137959820249876 -0.0198515307997597 0.223263959260798 0.0687179746782147
0.130841746418031 0.0680662794801469 0.173892000425798 0.204231371885238
0.0550481789401972 0.181861932969774 -0.0137154380627576 0.242158336993991
-0.103200167998546 0.146033467004392 -0.160565378091721 0.137047765974828
-0.191784390075378 -0.0130233053000875 -0.0604269603555499 -0.0183540612626703
-0.144414178492964 -0.119555848160451 0.246912162720446 0.140774165589742
-0.0118280046357673 0.119915628128357 -0.352907230725189 -0.141471321239868
0.0938770823193753 0.0530562592363136 -0.0128291277841913 0.104203107761786
0.0939184519935295 -0.0638177694615002 0.206274417064565 -0.130469394074051
-0.0135383377930454 -0.0971051205266053 0.058104003315596 -0.32013104743621
-0.0591491066777947 -0.0340552503600846 -0.205897859026536 -0.297379005108803
-0.0391768072430844 0.00443333113072018 -0.321514981766375 -0.0924159720378715
-0.0443993940906497 0.015144935070477 -0.286397438362232 0.0593995252580223
-0.0441590768659223 0.0125524719356041 -0.226467978571708 0.108464818824913
-0.0280456656926748 -0.00573660495939781 -0.203122311194349 0.127563391104898
-0.00941879663383784 -0.025462334532369 -0.217842050557607 0.128738009526482
0.00778197331558404 -0.0365311473479973 -0.259640779029445 0.0777612265879475
0.0638029791900971 -0.0207269127799556 -0.317629776968868 -0.0382207302288241
0.0626103011967313 0.0536810481818167 -0.326235659343794 -0.18050110915857
-0.0303668813271359 0.117700820311092 -0.294575480411666 -0.272796353712262
-0.0966807818485123 0.0943768018156902 -0.438795515490199 -0.210459066733189
-0.181058137964164 0.0935087377322025 -0.306275800180002 -0.20173881458775
-0.0522495161105092 0.11084303509511 -0.00242407765606929 0.0872225989478789
0.0422647581252854 0.0747588366954693 0.233775543093348 -0.144328854746666
0.0466676206078238 0.0316168640247521 0.0827201086802837 -0.358513808007796
0.0354438379274647 0.0165078688775351 -0.200848142694015 -0.329011155341511
0.0564011039748379 0.00407146005054344 -0.327808793973542 -0.109082642798632
0.0447805937818255 -0.0322602816753721 -0.283921845399546 0.0513230060804366
0.0348223039663989 -0.0424760782658678 -0.214413133943352 0.101809268667617
0.0620942940420533 -0.0430887050245873 -0.182832709596769 0.129959040223169
0.0930492607116177 -0.000934177787871947 -0.193585169659935 0.139923871463341
0.0805274671893781 0.0440225022153961 -0.232806716965309 0.105912970087609
0.0694761246318249 0.120192094783017 -0.302684295884174 0.00918833562153593
-0.0365146903211539 0.160346976402074 -0.331146489998438 -0.129328442622749
-0.193730785166018 0.117261603453999 -0.285655293825656 -0.196710326820547
-0.279924787121227 0.0357784118514956 -0.384516816313195 -0.151194241788437
-0.328797310165753 0.0334793263946733 -0.204163134880522 -0.22411489813672
-0.223993417123542 0.131768607005965 0.0430627743772712 0.0877764585503458
-0.0533478655443068 0.210731608148787 0.28580240092354 -0.138956309884651
0.0825214015942196 0.188628174822148 0.135496929544948 -0.381447341604252
0.132142448835144 0.0901264586086491 -0.162724584699231 -0.35262677697741
0.156003589898995 0.0178468201741031 -0.296549348735376 -0.134315049748497
0.13676519876594 -0.0675464932825579 -0.247993237770821 0.0302508996230222
0.108773965140786 -0.0920529931398739 -0.172380067163639 0.0817420903618703
0.134986752271165 -0.0842523310783342 -0.130636512308868 0.118388895791842
0.178790727222623 0.000184600783009007 -0.134614008443623 0.149442205037446
0.158416808859982 0.0897936558636516 -0.171858823665105 0.152307537855516
0.114005222055146 0.229205333745748 -0.269164611658871 0.0853425399909509
-0.077282681575397 0.269688605683575 -0.332406048102321 -0.0532091864678713
-0.304271480431328 0.150895322870598 -0.263616849822136 -0.119744634270176
-0.419242452764532 0.00612198181739807 -0.282079369848618 -0.07804484894608
-0.425271040682554 -0.0452122128778113 -0.0533584352652388 -0.195480045692551
-0.383430606651633 0.105467769824911 0.119060134752646 0.110771191100006
-0.178671009907585 0.30826412734557 0.344942857225887 -0.102071763638416
0.0767214904344651 0.34280320925771 0.207887102055961 -0.364448328363358
0.205450486567103 0.176161624291101 -0.0875932715919234 -0.347415723191166
0.236845289420296 0.0465402736523248 -0.222371835270352 -0.15388316124279
0.213882543599705 -0.0842966273819347 -0.177000517167366 7.01455717366465E-05
0.168230936009563 -0.127754827318741 -0.106020494177088 0.0495293467285699
0.182978393706703 -0.121483774850806 -0.0578973847131696 0.0919158823140236
0.23473556214128 -0.0151731022197534 -0.0534214337028064 0.144293525008755
0.219192997960405 0.101104656063728 -0.0853904616783231 0.188247212297469
0.169578924099833 0.288346696224861 -0.208623046372615 0.156325595035313
-0.0744081832573961 0.345975264361275 -0.312564008801145 0.0274557411815663
-0.354843608047371 0.18805028734745 -0.224310886889932 -0.0651429245768031
-0.493802997676887 -0.0070980655735561 -0.14801681311114 -0.0153504613833782
-0.445369402786481 -0.119306840610915 0.121467140305014 -0.115705977528315
-0.475336865211141 0.0360502018031439 0.209297256635278 0.156745806036484
-0.293371622601131 0.326858025322205 0.390131481249686 -0.0305128726781061
0.0252717438827228 0.43567717334205 0.275629226857416 -0.291662653719929
0.228931575592383 0.246855301235603 0.00810062129287258 -0.29978578329216
0.276863177176583 0.0775466480409314 -0.114068173187441 -0.156134995741725
0.25744600338959 -0.0836646356322626 -0.0836418288176409 -0.0290527610515059
0.201020688749049 -0.143643749313792 -0.0244986849651418 0.01121504317124
0.205470920751905 -0.14355759275768 0.0232315430698489 0.054684691180818
0.256423273399109 -0.0316123890190004 0.0352843104066227 0.122503791162972
0.246900545084142 0.0961073209737384 0.00694262855587525 0.200195020333085
0.194298701372825 0.304270614801969 -0.134603917230076 0.203799203224146
-0.0668632411284267 0.366580822501367 -0.27264371447873 0.0874394086233191
-0.356741258639752 0.188362816127611 -0.177484895930154 -0.0374890878274812
-0.495537677041405 -0.0248057095877182 -0.00686751307480237 0.0313179080389654
-0.383796966208539 -0.161827224773429 0.285539782950596 -0.00207490392054598
-0.462657250752825 -0.0436496785363293 0.290057087694529 0.215323368608954
-0.341473514565308 0.263839925886724 0.401317775125592 0.0596637665572778
-0.0379009812997437 0.431922258578754 0.313067116096359 -0.182808848420387
0.201620985776212 0.267131225239958 0.102614137937977 -0.217974048788874
0.263908382881085 0.0938100100704122 0.00566926622615447 -0.138678359060918
0.255481149204275 -0.071439580151558 0.0185805160783923 -0.0534945681363392
0.203352251126964 -0.139810398526284 0.0600886261597924 -0.0273529629341109
0.202285117976803 -0.142937067864252 0.1036847355966 0.0147379869152187
0.245813114039266 -0.0398408067903628 0.116858086075631 0.0947506056447786
0.237734046947182 0.088879802769033 0.0893118156842928 0.200263733299579
0.176342031973138 0.292055557267834 -0.0692344986993006 0.228675711159341
-0.0763708710853739 0.332764835824996 -0.227664259544 0.121924871751209
-0.332555574074116 0.144729082811223 -0.130058257176552 -0.0274490655352793
-0.431459009443399 -0.0583822579135231 0.118820764801006 0.0688443805050263
-0.252844983365166 -0.158773436524509 0.409672507512355 0.112937914130812
-0.348080313636375 -0.0952236764106227 0.342104205652359 0.264566663517172
-0.295593444539924 0.16091551941555 0.376901286968466 0.139199580465748
-0.0670496326479957 0.336529821757108 0.318592607411118 -0.0726091725083679
0.143358374483621 0.223068269787375 0.172749076988524 -0.132436118681248
0.20430839548475 0.0842740480660014 0.11025811097312 -0.113845307150277
0.208581135469272 -0.0529437526635442 0.107584884795749 -0.0738678855434783
0.17299198320127 -0.116155900768577 0.13580080475522 -0.0610820948145787
0.173991312165685 -0.12031653882725 0.174241811510078 -0.0206752800632621
0.208415090570901 -0.0373197996347248 0.188639688412644 0.0745601601120565
0.201373755730621 0.0803582699396507 0.152465892000525 0.200100673015395
0.128257233676385 0.256619065381348 -0.0251782682042994 0.243459650256098
-0.0953038496853741 0.258766056723636 -0.190218710519661 0.14158545395591
-0.284497135751837 0.071217174160139 -0.0920779136449114 -0.0225486081896326
-0.314033881724376 -0.0961091440465584 0.215877076357987 0.10489483532822
-0.0761112219869584 -0.120697709596277 0.472979451248035 0.196496105753601
-0.170812782957855 -0.104934096285331 0.36209994724216 0.282472653577636
-0.178015395921678 0.0556805029158162 0.343998139341133 0.1890676414335
-0.059407211534842 0.189733792517256 0.310713340776295 0.00438002558198
0.0735957201403877 0.132924875207647 0.21794329857127 -0.0782275938273728
0.114027567798795 0.0536167077161112 0.179592471199687 -0.102143478536551
0.127506575249229 -0.0303113934019571 0.170117219937068 -0.0924218332800911
0.115463757589246 -0.076311879080345 0.189970119173744 -0.084891192488768
0.121765431818251 -0.0792071167528175 0.229194395140075 -0.0453359994875038
0.146433257062281 -0.027317210510978 0.244236591213317 0.067509591075134
0.143946158831363 0.0673637565201214 0.195255074200714 0.215221562547753
0.067165383729397 0.194585297062463 -0.00572215827597665 0.263363265822453
-0.105579678349307 0.159694000947808 -0.169985811483085 0.156080099948061
-0.206054723675038 -0.0076907572669264 -0.0678769683851059 -0.0188895972664135
-0.158183504247974 -0.12260670105785 0.272616905098582 0.139682148265853
-0.0372625162746039 0.125449254373172 -0.349711553223531 -0.194304132833834
0.0905661447979692 0.0708936273000091 -0.0240790078490967 0.113228870053304
0.106349758527931 -0.054551948401542 0.243898292516804 -0.110277319808761
-0.00438799688632656 -0.104075129332964 0.110362133914341 -0.339095801281879
-0.0626850580776855 -0.0417334443156444 -0.179433381971797 -0.348363139418468
-0.0444431391731582 -0.000247808419736482 -0.328904782589851 -0.145228706494232
-0.0496903898103482 0.0097538180704665 -0.315254682419385 0.0220988205963685
-0.0490717416230208 0.00776270172791243 -0.257556303524141 0.0824837869218558
-0.027726764330408 -0.0112415169263048 -0.236300245977636 0.108532343250067
-0.00650100947936669 -0.0273913048328701 -0.249499205016496 0.106623451930694
0.0125795991222479 -0.0366313486876478 -0.287862771435188 0.0477469971136751
0.067512639987413 -0.0146060143897336 -0.332752866088495 -0.0860769568052282
0.0532512563586188 0.0661298816388952 -0.317636641155601 -0.241159655021711
-0.0573775645697723 0.115702314531708 -0.265238520263994 -0.340502316945523
-0.12765706867083 0.0835739972229937 -0.425534364027646 -0.30236925675611
-0.209406254010359 0.0689696599682934 -0.300852327708759 -0.252738779938643
-0.0700804101563113 0.106954375816832 -0.0167875927042559 0.0991377870455596
0.0302595117628062 0.0790220168719701 0.270872299009338 -0.112089949064805
0.0389523325908335 0.0368513546133365 0.143412882520939 -0.366789979940896
0.0279722003580695 0.0248559869683306 -0.163804596557268 -0.378542291670351
0.0557629319866583 0.0140740248403621 -0.32978447622616 -0.163392488266887
0.0506029097098017 -0.0259681784119059 -0.308492914094855 0.014015039030565
0.0426856443964479 -0.0357528745539994 -0.24502444544021 0.0770746604594451
0.0733340376781571 -0.0350664195958957 -0.215485331719162 0.113860942308048
0.0988257653466916 0.0157710714715167 -0.227095896946864 0.123236786198756
0.0752978374047243 0.0639378176597074 -0.264835153568009 0.077083601132325
0.0511097809314793 0.13688654568028 -0.327222985617904 -0.0428608713914307
-0.0721382292666236 0.160984061869962 -0.329045514483456 -0.190424245149911
-0.23189563866749 0.0867167680233034 -0.260044594085169 -0.257046129547138
-0.316262223479005 -0.0130223482041959 -0.370501167285927 -0.223308190401678
-0.351718336545372 -0.0199881172828573 -0.195919442543597 -0.26385167797684
-0.252249602935113 0.101711534053543 0.0252132270462088 0.106404414650387
-0.0886447426921355 0.20436139777061 0.317359972023069 -0.0905664096093024
0.0535766961069215 0.203053361629865 0.202947014111383 -0.372123297186126
0.116966869762431 0.116678936989059 -0.113261610218971 -0.39528386003011
0.159136476381376 0.0454889082104147 -0.29056101540951 -0.185230717286804
0.152927975648479 -0.0493337449305696 -0.263474711095631 -0.00372756341052211
0.129846251662834 -0.0751072720668871 -0.196652204741255 0.061013241689629
0.15687190813662 -0.0661450549576404 -0.157343246813546 0.109822313755806
0.190097363040973 0.0310240076038761 -0.166973196455942 0.143853133802758
0.150367599815893 0.126884005363723 -0.208999007921944 0.13242873301795
0.0834127498109695 0.2603460438778 -0.308780001063625 0.0391409412403868
-0.136593657885379 0.269111308124477 -0.340865884384092 -0.109074970357652
-0.356464288053397 0.103457535277738 -0.243100206703354 -0.174795873616957
-0.461631512542153 -0.0717400331604768 -0.266836929989353 -0.124156246683313
-0.436253822701609 -0.120165882458012 -0.0457520275719462 -0.21410176330819
-0.412551932937735 0.0478475240718955 0.0961472745437037 0.141137285804668
-0.233231315561415 0.283206260424441 0.367641842136113 -0.03667177715896
0.0256901908481374 0.358869777622922 0.272625258510269 -0.333055956086409
0.180306751279203 0.217551910434536 -0.0302927196153023 -0.37440393210692
0.240733589999321 0.0879901609918983 -0.207041956045498 -0.194665146030307
0.235777971682915 -0.0550302511309888 -0.181032349872622 -0.0240875927685749
0.197401617297894 -0.102820119037535 -0.120185589324184 0.0349994674429563
0.212115862498024 -0.0970316559253761 -0.0762698649739528 0.0926578436324481
0.251904124351154 0.0235092016903524 -0.0800021489280942 0.150903865564731
0.213608845003137 0.151411378564282 -0.124699980157854 0.182008526943738
0.132397586235006 0.334067343527392 -0.259049036596089 0.122516867257892
-0.148612579409589 0.351710798233639 -0.331625676350778 -0.0229096294347816
-0.41435757842157 0.134152440692405 -0.208852860788526 -0.112044227978857
-0.538322935613897 -0.0982596564503502 -0.130006869298826 -0.0326725974876271
-0.441809688167792 -0.203666690516603 0.125701937108831 -0.107637402945151
-0.496055805641656 -0.038973838003466 0.182171092803416 0.20041660377249
-0.354077442641005 0.28393709853554 0.395211781335172 0.0478562083599921
-0.0383603843709187 0.447682000074457 0.327647701930953 -0.240865347445705
0.19564027235828 0.293919726724435 0.0686550146114861 -0.30579180861138
0.278857202736309 0.125947787108235 -0.0903473699989147 -0.180368324270934
0.280888701433663 -0.0480118320063486 -0.0755615178552811 -0.0414757279598379
0.23619933474009 -0.11478916885919 -0.027720822700384 0.00696414653073646
0.238942004332303 -0.11713743010501 0.0164654296707501 0.0644949743631715
0.277223188327872 0.00842792727175113 0.0168370884130845 0.140828047804252
0.243649924398078 0.151039901657641 -0.0289980419846869 0.208788487328397
0.158077812529854 0.356583207535129 -0.189923428776906 0.183935285819245
-0.14342480869334 0.374085493241899 -0.298121427622661 0.0482925771647919
-0.417204675808546 0.135447304109965 -0.163332835919472 -0.0749354898890937
-0.533307181849876 -0.118234423936454 0.0120218934391205 0.0411305465970196
-0.36776363843598 -0.237739460620202 0.284232468139153 0.0345840515605126
-0.468623015599402 -0.121799969813815 0.260039147812976 0.271726589151931
-0.392641977492671 0.210487672515776 0.390480694910256 0.139857600844835
-0.0995762043339065 0.433555997470195 0.346818076531889 -0.120195694170544
0.165689208746224 0.308314145382058 0.154100992594457 -0.203557577015938
0.263214368798633 0.140318753329461 0.034577330891125 -0.143702177975944
0.277041508989497 -0.0365035169409245 0.0364557450313223 -0.0530957964682501
0.23846935002546 -0.111623949187949 0.0690246136774793 -0.0230520140135699
0.235665428345355 -0.116046411251321 0.107887888341573 0.0336021102441611
0.267395359827946 -0.00109615147987718 0.108692124665619 0.123406813761655
0.237054165046634 0.141633692630516 0.0587741494893881 0.219771354202535
0.1411483181558 0.341648593557803 -0.121419563893003 0.219522147409666
-0.146924174521093 0.336435553197217 -0.255796984807831 0.092085661224789
-0.383064613077936 0.0932755755906081 -0.117608154067124 -0.0552807517162611
-0.456469236334599 -0.14181952773572 0.135985401125864 0.101710520690984
-0.226676680902255 -0.212961647979414 0.403221057707146 0.174476090696718
-0.339915631656985 -0.156916128710688 0.312060587647311 0.328549753937718
-0.32610178343858 0.113002446853544 0.357565985324122 0.214093780651693
-0.115251274089001 0.330707113478469 0.336321508723384 -0.00826010180144907
0.113032881487643 0.251819287304925 0.212824776634525 -0.103947299985697
0.203322093164199 0.120312599585141 0.140514915988974 -0.103538223638839
0.225818607535143 -0.0239585618897115 0.134519226977494 -0.0628038405511238
0.202058525599726 -0.0928195671051965 0.154171905038754 -0.0480947880016297
0.201968073709243 -0.0977530306348517 0.189410594540014 0.00565601181480648
0.226880287408386 -0.00501519815883861 0.188746500462393 0.11086150640228
0.199667744748746 0.125608518031254 0.126399886526219 0.23007567482244
0.0968254040349288 0.296473196106236 -0.0748638430534629 0.242659522962071
-0.153413569885872 0.255412370658893 -0.218535594968448 0.120130322451944
-0.317018407175212 0.0239205867040325 -0.0808772027892429 -0.0402603918005477
-0.320125477925232 -0.161125597254414 0.227055224066648 0.155999353638054
-0.0472661552158707 -0.142544915704632 0.463765228375702 0.27480719106163
-0.152762533376747 -0.139817025808677 0.337133357766224 0.349676814866301
-0.186645867405248 0.0233432999274572 0.322594052070724 0.25547818918185
-0.0848555843959423 0.181899971969387 0.321544198277987 0.0639142801318509
0.055357962659866 0.145605951365346 0.248483540443099 -0.0434445719234598
0.112300067883331 0.0727639061294474 0.210454124134081 -0.0819119371166516
0.137046795858411 -0.012408037159703 0.200501209097312 -0.0745554069477218
0.13438473256208 -0.0611082077918573 0.216033198526555 -0.0650227295319935
0.140613156714889 -0.0636338524568505 0.25128456801865 -0.0142503416014332
0.159737457548823 -0.00502040666820887 0.249271437332254 0.110142020509941
0.141822483801748 0.101157765000005 0.172058205152556 0.252047592760431
0.0399846074019427 0.220642773690876 -0.0534495449396441 0.270401324458384
-0.145573042218402 0.147515144483844 -0.199361190100484 0.140459850455866
-0.218393288718979 -0.0455773536246743 -0.0600816787491146 -0.0286697818614792
-0.144566221942548 -0.160588296620766 0.274166744370425 0.199433747243644
-0.0228613201942897 0.129976874492608 -0.379352249547273 -0.158840518156563
0.100375819389504 0.0637647634591118 -0.0121837197997076 0.120945787648991
0.102133069876759 -0.0663677834768042 0.240083355519489 -0.13680735849558
-0.0147597114454242 -0.105558209768837 0.0793755079005813 -0.357205873976117
-0.0672079098220804 -0.0364961471642212 -0.217920909641446 -0.338936240340414
-0.0456027907456761 0.0037180859013572 -0.349631898693998 -0.115713170851842
-0.0482787971350744 0.014954250460774 -0.317683331705646 0.055586784440413
-0.0483487984221244 0.0143842733835028 -0.255653021408171 0.111840948146211
-0.0282229677767245 -0.00843271381437855 -0.230625968935004 0.135547160975422
-0.00823103140574486 -0.0265213863409176 -0.243679257832569 0.134402286991246
0.00911667719943698 -0.0378745202809847 -0.290576244938001 0.077681637525726
0.067499678185568 -0.0214943303885306 -0.348903573348894 -0.0558631800582768
0.0601163894251599 0.0637735358132671 -0.3458015611 -0.217676183264207
-0.0474591962981478 0.126507655014443 -0.30343669920413 -0.326285202149682
-0.120281437240453 0.0978700379727062 -0.468847121945071 -0.268827419572883
-0.204232038548029 0.0900144445534586 -0.33541545672185 -0.223308520929296
-0.0608199097111541 0.117415973770185 -0.00653630234680403 0.10636617466121
0.0390966432379193 0.0780674664460248 0.267035725514896 -0.140141376556446
0.0445370143402272 0.0334326166501809 0.109309780353722 -0.388535700569604
0.0326247483134747 0.0225844328591577 -0.205479841751211 -0.371363615048234
0.059115352254377 0.0076988050284605 -0.35216804604331 -0.134010898109986
0.049910056191277 -0.0326753012570583 -0.311756085261625 0.0448759250527838
0.0399348776515337 -0.0400660984209335 -0.242656240874152 0.104404821168626
0.0713467935463088 -0.0436005515620033 -0.208692683486915 0.139044869461941
0.10310953074541 0.00594795338922942 -0.218967735712657 0.148939848572368
0.0833326993105263 0.0584016106729718 -0.263755050837067 0.104433563680359
0.0671303750823313 0.135017758600585 -0.339113572619759 -0.0112527538475804
-0.0576327283650644 0.172734886179526 -0.353527413480269 -0.161454114305177
-0.229278479591944 0.114151200202918 -0.289679151909366 -0.241728087390367
-0.322003054836846 0.0186356341165228 -0.403225254283109 -0.192667450161575
-0.35980958323586 0.0138195349884105 -0.229826952671174 -0.246439097320678
-0.247382560604791 0.130458970818029 0.0357355815613025 0.110170032255465
-0.0691151206155111 0.217761935809945 0.316108041949553 -0.121838695330785
0.0789263144408277 0.20196032210259 0.168628732631909 -0.399762471224748
0.134100385594764 0.107205586032868 -0.15594740449985 -0.393181245215296
0.167328621952077 0.0280802053021661 -0.314211851394507 -0.15987726320547
0.150990769181853 -0.066460671145347 -0.268540002686419 0.0219746925170821
0.123348169004977 -0.0893756938420695 -0.195413227875993 0.0815319995359661
0.152502416830721 -0.0837147760346288 -0.150341759034445 0.128112871055227
0.197626082639952 0.0112952323354878 -0.15560455528583 0.163683950640975
0.16630955489464 0.114357135739103 -0.201167467721732 0.155913130292187
0.112670302911758 0.25769063158835 -0.310573959384825 0.0706679871278225
-0.110793941840424 0.28916599902374 -0.359133819205391 -0.0767587661776923
-0.355069411906786 0.143304775673229 -0.264896143848817 -0.157200541561757
-0.476192107903366 -0.0244296954184426 -0.285980036296094 -0.102581722123358
-0.4569413824059 -0.0803751721854387 -0.0705491785106337 -0.210811320597783
-0.416611230124425 0.0925484570423845 0.110716140434193 0.138354013666079
-0.207682637536158 0.313044867430719 0.370469831867574 -0.0706066249637942
0.0674602339994003 0.364120183943884 0.243479470079523 -0.364662056554175
0.209200862222656 0.203161319376252 -0.0681937699538803 -0.381541578432536
0.256190600381557 0.0623657834689479 -0.228564053202315 -0.178096897353918
0.23452388171498 -0.0811728580198207 -0.187711845853227 -0.00850663861170742
0.18862564050521 -0.125230452060795 -0.120199465517974 0.0474999748996453
0.206248531605598 -0.121656112667812 -0.0694951077786137 0.101304560876055
0.259435169654288 -0.00191395076018887 -0.0651603569435787 0.162233649161629
0.233740541262201 0.132910113394204 -0.109426126195732 0.197628120606641
0.171927727434584 0.327301534963827 -0.25110056111171 0.151282674391838
-0.11373946789123 0.373092042921392 -0.341330998593397 0.012728279284181
-0.412074247728296 0.180162656944804 -0.223479056997093 -0.09564040836975
-0.557838780608331 -0.043935531961574 -0.136778207139356 -0.023699322362782
-0.47061557693346 -0.163668703523258 0.116734602818531 -0.119301323814203
-0.511704688859879 0.011908001638723 0.204075972741706 0.189242946176908
-0.330629090825327 0.325069741999905 0.407906781397209 0.0125207095358367
0.011286115820839 0.460809272749105 0.308339965246089 -0.276709507702461
0.232129994642065 0.278166509211461 0.0394376373394664 -0.319283681183456
0.299060611002904 0.0978155393376865 -0.108356239285203 -0.175656881943279
0.282264983407371 -0.0787420649325989 -0.0816058468482123 -0.0375204538746588
0.226237036364848 -0.142922277001535 -0.0285496179658516 0.007379754748827
0.23105037773603 -0.143910273600515 0.0225528369045711 0.062520811663839
0.283440504643482 -0.0198362737807419 0.0318703655384013 0.142749036428687
0.264739150479294 0.129191869289647 -0.00832886641698397 0.215404173073729
0.20043932267259 0.348022860127565 -0.173055090663559 0.207707135236959
-0.106056053654595 0.395739516754533 -0.30033953060598 0.0826385488748543
-0.414426357978407 0.180671573450347 -0.17402582321608 -0.0605875400417646
-0.55523927691907 -0.0631414045412993 0.0163390114806227 0.0367097992640514
-0.396218965403521 -0.206133018161893 0.293995515223581 0.00894900966513236
-0.490967107262848 -0.0764895326594017 0.290643710345839 0.253931708143063
-0.377463361369508 0.254503111124889 0.411405273951565 0.107263595474387
-0.0521572590090454 0.452180882795012 0.341106425814808 -0.154692472890702
0.203557125870774 0.296492685912393 0.139010957223042 -0.222089269840711
0.285687817586859 0.115089563051195 0.0228399936240039 -0.151603348226457
0.280105096343576 -0.0655508849854676 0.0321401604687391 -0.0601066472951662
0.228304438431613 -0.139611946012177 0.0670958109015881 -0.0325981318807063
0.226872941110138 -0.144080700655932 0.113525186036212 0.021265499833739
0.272427144660023 -0.0297099267531013 0.124247468501014 0.115655685951296
0.256528949060822 0.119411188668028 0.0828794631337758 0.218923445184617
0.182082947701843 0.334174809363382 -0.100968644453769 0.237017597736434
-0.114940865933642 0.357141450804902 -0.252041471580836 0.124581203765533
-0.382106939721844 0.134533657827067 -0.125984838699525 -0.0441636757629416
-0.477469124002147 -0.0959268744279464 0.150106469645825 0.0864323725629685
-0.251001385619065 -0.194051140831833 0.43074872884769 0.139516093842708
-0.363181994749152 -0.124821642757476 0.350737469849586 0.307441396264538
-0.320291974996878 0.147212641440828 0.384781751561946 0.185872362009812
-0.0790391387713396 0.349353807137635 0.34183560871817 -0.0396511752020614
0.143400986872765 0.244512595786954 0.209965689884264 -0.126264622377393
0.221010050423048 0.100585203111641 0.135358505981192 -0.121414996709635
0.228052822599435 -0.0481614069596538 0.131490914312956 -0.080573186368403
0.193394796223674 -0.116002590450688 0.151375705519853 -0.0676103753991515
0.195191539526491 -0.121415514830508 0.193283643316424 -0.0157281216790387
0.229996697862474 -0.0283433724645242 0.204356640203018 0.0947540576379185
0.216817354873216 0.107539780601082 0.152375485901692 0.222358757052612
0.131007211554982 0.291792582381116 -0.0511338590104093 0.255755426028054
-0.129892244443269 0.274100384023745 -0.211930827457156 0.148625305030661
-0.321255794349616 0.0566263170517957 -0.0864285225254188 -0.0334645323069299
-0.340959944716907 -0.12998454729531 0.248383306631885 0.131365359896471
-0.0612521134670991 -0.140675526461279 0.504029812200132 0.234421789488847
-0.169524700175949 -0.126050166983343 0.37820083118023 0.325456604349332
-0.187968551941335 0.0420983384498908 0.353231915524119 0.230912250027666
-0.0639672373367589 0.192982887976508 0.334291521562957 0.0355973982446641
0.0724080111091688 0.142959304186981 0.251998806724951 -0.0681825493457358
0.123198621750536 0.0622682047668123 0.208351323368794 -0.106015531401397
0.138675570751491 -0.0268836963703051 0.197903633828652 -0.0988613276858775
0.127764880458535 -0.0766054930101311 0.212758366605206 -0.092516085835153
0.135956766875709 -0.080458941655382 0.254272970678895 -0.0412251234736356
0.161162033168178 -0.0214623544165931 0.266832392100777 0.0878507804165559
0.154880138496582 0.0873206197826246 0.19978039442455 0.24014261058824
0.0647815126119393 0.221128784237767 -0.0268082646206378 0.282136227136655
-0.134701329043724 0.162837728657399 -0.189689944760238 0.166228882113592
-0.226819553220596 -0.0243817978883167 -0.0648217258911552 -0.0235991129651065
-0.160492786403354 -0.147485036124709 0.300085796662097 0.171403804355054
-0.01108092947576 0.127685022704687 -0.386068866285958 -0.122459831282657
0.103371790539109 0.0550595645180082 -0.0013198733417828 0.123180410417021
0.0938773191893207 -0.0728434114234972 0.227506534291067 -0.152857750942914
-0.0227667048757947 -0.103198520836657 0.0512216014719578 -0.357095361705876
-0.0686127366671272 -0.0307184558559915 -0.240824101542721 -0.317125080271793
-0.0445657773469534 0.0063860461189107 -0.35181231628744 -0.0870898719938679
-0.0455529576847609 0.0175168970716708 -0.306044478779783 0.080755831215662
-0.0448600264713281 0.0190967582076548 -0.243346938665249 0.132086539463841
-0.0274149387639537 -0.00705351634819756 -0.217342403879025 0.154117937037208
-0.00913306960112084 -0.0251867923338806 -0.229878457626494 0.151301830939633
0.00609928314368528 -0.0369090939148404 -0.280310964472078 0.0980830482049484
0.0642218964089424 -0.0263411468037606 -0.348933558385366 -0.0294723907873248
0.0632713350345678 0.0601711301179516 -0.355001591129857 -0.18921034870694
-0.036593857389847 0.131053826292195 -0.323414861840109 -0.303183312159547
-0.109355924809136 0.1037718470374 -0.484710096941743 -0.227947025126106
-0.193098950656717 0.102502134407911 -0.349255575545841 -0.189227436948736
-0.0506118175281653 0.120940096704504 0.00276522887019014 0.108393732227834
0.0451406987364487 0.0738706865785552 0.252862821071065 -0.15686597898498
0.0492871409276447 0.0282823957234858 0.0775944811324 -0.389984886250844
0.0348993607379178 0.0191441278561295 -0.231286639009981 -0.350007047976053
0.058770200646321 0.00129831769118777 -0.355327771557116 -0.105351454389375
0.0462212589616326 -0.0362735344676217 -0.302045733630336 0.0691329240808874
0.035840873882116 -0.0416215655967706 -0.23092191738663 0.123427905611568
0.0674175057408918 -0.0492189346579129 -0.19521825830894 0.154083439085874
0.103292575238951 -0.00272309301231981 -0.203932313550259 0.164022540602531
0.0871230707819664 0.0507141607463379 -0.253027141191682 0.123842996190059
0.0774449546276331 0.127196179988419 -0.3345924550292 0.0149302055109411
-0.0430496306580346 0.175339316744497 -0.358646839188469 -0.132412295963504
-0.217707329932566 0.132327803167229 -0.304329249466236 -0.21894850163931
-0.313213263521462 0.0427475827130541 -0.413971444550828 -0.160112771448824
-0.351382641676594 0.0407139631101392 -0.24690170121054 -0.219055201923933
-0.233524536303424 0.149149705871748 0.0427477434981968 0.109814419685755
-0.0487810601077018 0.21983847605249 0.301880172439568 -0.141841051125283
0.0974850170990594 0.191398962939566 0.134991459056124 -0.404845399116823
0.141908923826259 0.0936293160976067 -0.184148053989262 -0.37573897990545
0.166985034396391 0.0118304129694277 -0.32018376824675 -0.133368188608884
0.142794168527869 -0.0780854687674047 -0.262053567267329 0.0418166899406014
0.112677668632984 -0.0969350694559022 -0.186989515351334 0.0961663303147105
0.142391561316568 -0.0952499392755281 -0.13971915281526 0.138194837496073
0.19588524467568 -0.00478422602513596 -0.139591684516028 0.173301204285158
0.173271968616202 0.0994667666058948 -0.187111321485764 0.169159602705777
0.132459780632697 0.243325683024114 -0.299642758021549 0.0941425997342058
-0.0855160166262069 0.293300174676721 -0.358857276074779 -0.0477453903326719
-0.339818569246934 0.170403189477753 -0.271979312036533 -0.137171264751853
-0.468050835385065 0.0126663525600648 -0.292184739190389 -0.0812621185844735
-0.453878149175971 -0.0433106859509522 -0.0870422081687396 -0.197839025851027
-0.403980051403021 0.125862279354261 0.1181995831142 0.13191924637903
-0.177490364570212 0.324480361150982 0.358928445581484 -0.0947539874071353
0.100212400214269 0.351461008187625 0.211117218800239 -0.375659585463571
0.22519274004104 0.181413460802859 -0.0955296948007251 -0.371128343305592
0.257406753285902 0.037859641389694 -0.238441796529011 -0.158506010024107
0.223239221405139 -0.10021385036176 -0.186408547485242 0.00560923138239847
0.172943231935486 -0.138433366397443 -0.115404863865894 0.0561410393982644
0.191760868369258 -0.135884001170625 -0.0612182836735269 0.104172128575214
0.255028137088912 -0.0238169988577445 -0.0517224500336486 0.164807611294656
0.241044973112264 0.112078351187384 -0.0929914242146959 0.202703058738193
0.198493891720694 0.306526279278211 -0.233879065492758 0.168920576792669
-0.0806515734721973 0.376499932793787 -0.335569471126748 0.0411111106893295
-0.393118178555085 0.211070796088352 -0.227119960481828 -0.0785246413535235
-0.549864315862225 0.00196511370339912 -0.13774631773432 -0.0154789588991837
-0.474329014855415 -0.124171265917043 0.104735045401065 -0.123888805355909
-0.503578890681084 0.0529702020366639 0.213302441239418 0.174736467369667
-0.297410406688488 0.345883996747215 0.400800597417373 -0.0156726646874931
0.0531210159420023 0.450896959912961 0.281669841995727 -0.29297176250506
0.254822047537833 0.253964254302381 0.0158636078324325 -0.317876270970313
0.303655099780629 0.0694786713309701 -0.118693606548153 -0.165362143319958
0.270728391312219 -0.10185942640698 -0.0837339479935911 -0.0324137851530286
0.207775241485572 -0.158889215757819 -0.0286514941805486 0.00885409180108276
0.213798625991435 -0.160610409268934 0.0257022250418877 0.0581953530675743
0.277457210251188 -0.0434505035508758 0.0436017095046297 0.137957397851848
0.271104561272792 0.10552258928184 0.00830998050662294 0.212984886020822
0.228359167979299 0.324718533172955 -0.15247965620144 0.217527685601647
-0.0725935625499311 0.396339750569122 -0.287921476103571 0.107088181093527
-0.394630319005343 0.211261206633253 -0.176192927463276 -0.0475026568700654
-0.547956549364637 -0.0177731455810957 0.018262949842003 0.0316756933526336
-0.405468921929824 -0.171613227510212 0.290283474653533 -0.0115294048388151
-0.48996828565648 -0.0341490190949088 0.30446155071552 0.229686692462025
-0.348851747177751 0.280634503940981 0.412047592435114 0.077854940550654
-0.0101848019218572 0.447750320983528 0.323136272203581 -0.175193713770259
0.226067181784712 0.274342815428434 0.121151941045304 -0.229267179184835
0.291054706086072 0.0877512957474515 0.0114265842898587 -0.151785540268866
0.270087225676949 -0.0879688732835385 0.0265920716786302 -0.0642276932117662
0.209696106637257 -0.156278983547104 0.0616952012762642 -0.0389636566680481
0.210234370860332 -0.160216306754104 0.111548297344496 0.0103746676483501
0.265085346390743 -0.0521991267395521 0.132443756244942 0.104091217173986
0.262000966143492 0.096894339031937 0.0982335718866832 0.207966096022362
0.209600827171537 0.312768527856977 -0.0800431231848233 0.241488758680093
-0.0835386100485768 0.358238718978301 -0.236760606400645 0.146306183018246
-0.366373323524957 0.162557923280266 -0.126757135315818 -0.0341258462164665
-0.473788000875094 -0.0553845773109841 0.154245004240784 0.0691952467941101
-0.261337734042135 -0.171781367951131 0.435721727247009 0.104070700001439
-0.366240860731277 -0.0940140575343329 0.368129206955417 0.277814879878913
-0.301512393943611 0.169245682839992 0.392375525367833 0.15665228932201
-0.045553661584955 0.347840607626976 0.333200155011079 -0.0629409639785271
0.162164888758978 0.227964543014879 0.198575790506357 -0.14022531991684
0.226697872392206 0.0793482891053502 0.125285125007485 -0.131480229913061
0.220473060630401 -0.0669849169079937 0.123553702283054 -0.0913312969302099
0.177930053857742 -0.130420259438826 0.141942849503865 -0.0805719896846309
0.180313188195289 -0.135208192915606 0.187740398793406 -0.0330000066484634
0.223111566744949 -0.047356011152742 0.209880650626916 0.0770180165738978
0.221808297558041 0.0875612750010539 0.167023141773979 0.20590045712976
0.154453287074194 0.275544852064198 -0.0288581808282554 0.257446227897927
-0.106462075313685 0.278244115518977 -0.195901420037944 0.165990361648499
-0.31204032705755 0.0813861336126566 -0.0877534778970108 -0.0264105743051604
-0.341529339960096 -0.09827558749372 0.254928794101437 0.105155522307441
-0.0698241682099915 -0.134390067090144 0.517499105693364 0.191070944733686
-0.175315162272911 -0.110724017894207 0.397100832238358 0.293866913759349
-0.180110607796621 0.0554348821296973 0.3656402078384 0.203931543396613
-0.0442465610914396 0.193046814395126 0.332488154828994 0.0110829323835792
0.0832803426783437 0.134470756652906 0.24425821299297 -0.0857773494396611
0.126240972870111 0.0510898295525046 0.198570313744211 -0.122866797989154
0.133896575646069 -0.0375502666642125 0.187576247221285 -0.114691676365065
0.117482730469417 -0.0864794567378815 0.200608126141863 -0.110717680422768
0.125662779355593 -0.0915062918395141 0.245967446513196 -0.0615805412684564
0.155516396207878 -0.0339372955906729 0.271095445301373 0.0657025513033907
0.160178387433575 0.0729473426039236 0.216092904487625 0.220523321448771
0.083106660395667 0.210967292835035 -0.00385248537468748 0.280652358896148
-0.119633423951128 0.169022124512596 -0.17386270539126 0.18114975693911
-0.224710359755928 -0.00605544262498355 -0.0667619964254193 -0.0178405349211184
-0.166472980948538 -0.130458857783468 0.308866278937511 0.139707163165167
-0.00420652858934632 0.122966762520346 -0.384167525662417 -0.0983315680348177
0.103695106651887 0.0499668312158205 0.00603221807432233 0.123419040939104
0.0877818332618254 -0.0751163231827338 0.218325651399172 -0.158621521870217
-0.0260169391481466 -0.0995090440852501 0.0372441119010729 -0.350664368426461
-0.0679926370243065 -0.0275511661565147 -0.249645276145883 -0.300806973801222
-0.0433914632559065 0.00762733427721303 -0.347568770237595 -0.071211145801506
-0.0439046235527292 0.01843372131645 -0.29380996163151 0.0921339458128465
-0.0414626571818624 0.0205698486342309 -0.232497806204939 0.141809591073527
-0.0270734617956339 -0.00538718232983867 -0.206840128931342 0.162534037353096
-0.0088231754950327 -0.0245224361157135 -0.21951552495704 0.158438672362816
0.00447178396743106 -0.0357121234652693 -0.270281420004467 0.108805594364997
0.0613356407540053 -0.0286702168047594 -0.342795666526112 -0.0136342473317213
0.0645288081032825 0.0577018126653839 -0.352550210165818 -0.173415017115123
-0.0300954950248443 0.131952196649451 -0.329011487382192 -0.286783117182714
-0.101549095444938 0.104657736578142 -0.487499399059673 -0.203711006402343
-0.183547006959171 0.107253274949518 -0.351230386203539 -0.164978697608089
-0.0446003100400015 0.121482571805273 0.0083988965092521 0.109805702075012
0.0470793056143956 0.0707257048867593 0.242940590555729 -0.163555866381202
0.0506577092497894 0.0246684264075295 0.0605802182824188 -0.382920196191401
0.0360143039753151 0.0166110083521775 -0.241157419181973 -0.333720117864911
0.057513481174429 -0.00259453365133453 -0.351575067745168 -0.0879416147378427
0.0434786787717335 -0.0387270428472254 -0.29231719983442 0.0812061744309991
0.0337254276592374 -0.0415543186562097 -0.221074571488031 0.131784646158339
0.0635234754094124 -0.0516953297309225 -0.184984026800475 0.161012024322865
0.101790178809356 -0.00767113142860307 -0.193041508437272 0.169481445867655
0.0884975186850718 0.046978562157988 -0.243537679300545 0.132258878204931
0.0808731422757856 0.119988307891864 -0.327080132432462 0.029329607877725
-0.033806839036564 0.174761550344403 -0.355146198422293 -0.115661207483751
-0.208420012734773 0.139952432719971 -0.305404175458605 -0.205097039829467
-0.303142664641871 0.0538557042720755 -0.415337876181848 -0.141000046047854
-0.34188741781289 0.053485045882699 -0.252206230230604 -0.199619371457299
-0.222785422952993 0.157181941823642 0.0465727620171476 0.110281563805359
-0.037607201993086 0.216450966236613 0.291691517914355 -0.14849603552421
0.107289212922407 0.181233529046986 0.115363845175754 -0.399973171597223
0.145260941424982 0.0839208767506381 -0.195681423400941 -0.361950143923113
0.163653025674871 0.00265272428057985 -0.318972290090121 -0.118004391122207
0.135376443900251 -0.0844953756594933 -0.254664495978736 0.0529295668419199
0.104854373498026 -0.0996796538538412 -0.179030943174655 0.103793475378588
0.134810250917823 -0.100645027954964 -0.131410423159613 0.142744716421089
0.192595232734498 -0.0145989728076847 -0.129546003319201 0.176345006085218
0.174850020617912 0.0899212219321148 -0.177842125972404 0.173833815239009
0.142334387078437 0.2314100487042 -0.289234797531554 0.104697641891289
-0.0699280454575191 0.291059623658817 -0.351961495399501 -0.0308521503383522
-0.327247938967079 0.183493003966886 -0.270843096550899 -0.126067296855583
-0.455474168701422 0.0314823189643684 -0.292578559646592 -0.0696609600289687
-0.446594639214073 -0.0245510217214703 -0.0937547294379758 -0.186640156832735
-0.391064435803079 0.142261244796132 0.120178109825722 0.128795746973609
-0.158116871560882 0.325484278489801 0.349098510465167 -0.104394966535854
0.118625362714732 0.336827813630225 0.191710237804085 -0.374734628624422
0.230364784951076 0.165962883774208 -0.108780214671429 -0.360993750803644
0.253289143378575 0.0237718068271397 -0.239192138213269 -0.145771310347385
0.214195585822702 -0.109525776272316 -0.181885026138351 0.0124321330730965
0.161639123730398 -0.142880181938066 -0.111790173731 0.0604601901249713
0.180672946281899 -0.14271606617442 -0.0577714832910728 0.105199817990442
0.249473012240725 -0.0356617107277506 -0.0429746993136884 0.16416006415362
0.241416019817038 0.0983341161398042 -0.0843169811696584 0.202746629607119
0.20958016552954 0.290106820729827 -0.221016576974849 0.175258517724294
-0.0617004230295736 0.370199004970668 -0.324659269788244 0.0562169296720286
-0.376659545143653 0.224797917426524 -0.224835194052414 -0.0699060436155264
-0.53439568131895 0.0248335999560649 -0.137564499677405 -0.0124405937678315
-0.469126111077128 -0.102647552036687 0.0969462893804527 -0.123155865072965
-0.491895328579026 0.075203995498685 0.215058142513582 0.165409863253285
-0.273458657481535 0.351008418749263 0.392072153602625 -0.0277699381610213
0.0769205874140281 0.436735444777768 0.264531826155682 -0.296668929787899
0.26230289983139 0.235617055434191 0.00239344294031689 -0.31338168920705
0.300278151670566 0.0525737013208466 -0.12292737029137 -0.158348467732685
0.259675206019039 -0.113665390083992 -0.0842134530059775 -0.0289496227544625
0.193969549199595 -0.164886493805241 -0.0289757772600296 0.00946419722205557
0.201220838650806 -0.167436554276218 0.0252024285562324 0.056380052651633
0.269311848323493 -0.0559061537373132 0.0500035817313212 0.133453381249285
0.271254180432688 0.0910586204610426 0.0163582247301295 0.207719960490277
0.240778573371337 0.305699213769981 -0.139137778648206 0.220008991196591
-0.0530045807571759 0.389182657561715 -0.276556382108105 0.120245060327032
-0.378580616828483 0.225223657270966 -0.173733123748787 -0.0405044022161622
-0.533277501486786 0.00540444356543685 0.0176513690303988 0.0268070374520084
-0.404669052212378 -0.15207215615528 0.284487066933839 -0.0222285189937611
-0.481784885128828 -0.0129322227427452 0.306492416778626 0.215812119327478
-0.326908339464394 0.28766619170074 0.406269306223857 0.0626055282101331
0.013895115992564 0.435123857525805 0.309756799081305 -0.181930951324038
0.235993704499488 0.256913932972965 0.110431056240617 -0.230733792869034
0.289206562131552 0.0714881243378641 0.0067558181869165 -0.150886989131734
0.259944219126077 -0.100249974617204 0.0223212498064683 -0.0662503282738267
0.195484207505189 -0.162691479439722 0.0572801089298579 -0.0414013720083698
0.197230424095592 -0.167597728992052 0.107378518620806 0.00462092379377935
0.256650934295274 -0.0633381034725166 0.135549763057675 0.0962334901791467
0.261802118721909 0.0827425872662872 0.103918356084374 0.199449204548711
0.220779166046195 0.295921780175568 -0.0656125765440714 0.23926498254861
-0.066234390995193 0.352981868704882 -0.224783774504302 0.1559657265255
-0.352458132227286 0.175384110529198 -0.125080872713053 -0.0294802762902187
-0.462426884540025 -0.0335910030816349 0.153729803682788 0.0573690778406405
-0.262319212909495 -0.15831879007045 0.432347193078021 0.0840441160092645
-0.362511781015556 -0.0769540610136717 0.370522660536054 0.259490710849013
-0.285899718067944 0.177031603426961 0.391258555069305 0.140943678346493
-0.0260881713271886 0.339643696403278 0.324594404501917 -0.0723704258866852
0.17053564283786 0.214646308753303 0.190164176863373 -0.146524510876569
0.225450660347222 0.06700519669362 0.118399077182837 -0.136533966303337
0.212635654624028 -0.0759260116965048 0.116898730857714 -0.0981536516166193
0.165243431147565 -0.136383665936679 0.134064471911801 -0.086378216750791
0.168483036217342 -0.142624438217826 0.181123162835442 -0.0404168810861387
0.215135237611087 -0.0564358485949248 0.210490290751275 0.0657031993572042
0.221567233158238 0.0752390136170775 0.171204552067843 0.195273532577101
0.165971418235022 0.260953136575497 -0.0163026832473991 0.253224745516147
-0.0932988511490714 0.275281107114421 -0.183324966988091 0.173668746547403
-0.30205380149876 0.0932310082205754 -0.0865819931860419 -0.0230317995042001
-0.334719143205391 -0.0819428810975286 0.253731778874281 0.0875605052249342
-0.0734242817708888 -0.128610156963497 0.515026137788667 0.164511722092649
-0.175253419431251 -0.101052259720206 0.400898258621383 0.271928809067736
-0.173110241066261 0.0610165217506749 0.367051681289954 0.186163007576088
-0.0326135230935627 0.187959473195259 0.326326840876156 -0.000394213513985385
0.0882316842086637 0.127377148241123 0.238227282842248 -0.0943356611884949
0.126531573574417 0.0446294478689207 0.190329075019582 -0.131590457955847
0.12902837882039 -0.0434561050249963 0.179684574272442 -0.123323776108726
0.108115478150564 -0.0900917109824701 0.190366137714683 -0.118357137022969
0.117104921031254 -0.095663029509763 0.236841221232763 -0.0717360605124237
0.149824068904279 -0.0400318350850819 0.269891056807052 0.0517274818201741
0.15991633547771 0.0630508877794724 0.219569319476753 0.207221768276541
0.0917227250538204 0.201448994308076 0.00942831643151243 0.276613903381178
-0.111809541017308 0.169567958415503 -0.161375584461643 0.185921421000378
-0.218920348158706 0.00377499468325312 -0.0665826744184247 -0.0162224257229096
-0.164414923453031 -0.121136484269291 0.307720622502066 0.119251335808936
-0.00136529757480479 0.12122255065657 -0.38601000129694 -0.0858008447661757
0.104307815891643 0.0475139854083604 0.011562090872012 0.125666387750148
0.0857959399042047 -0.076447790091178 0.217767037562663 -0.163218990759895
-0.0286488993181538 -0.100084157852457 0.031833661537646 -0.35119967566642
-0.0681194734881884 -0.0258582414810219 -0.255630885301639 -0.29765038522639
-0.0433385977678452 0.00783240971518354 -0.349335255130087 -0.064626683524629
-0.0438094438885263 0.0188704977460097 -0.289604528635243 0.0977285623312652
-0.0396221574726144 0.0215086298073424 -0.229019550078775 0.148474513070042
-0.0272375073798317 -0.005741922208934 -0.202332699407839 0.169938227485132
-0.00896378358306194 -0.0247563219014498 -0.217792253963664 0.163626378326593
0.00347956188726953 -0.0352075738166427 -0.269410186295626 0.114042117042466
0.0605020661425598 -0.0301715031044643 -0.344278908697767 -0.0080522882252373
0.0660146758672197 0.057534099311894 -0.354706331149142 -0.169300929690758
-0.026381397953795 0.134277845016899 -0.334655817246306 -0.284874406299291
-0.099100657259328 0.10435451242362 -0.493482353477779 -0.194840609378073
-0.181549475900505 0.1092496619885 -0.354549611413891 -0.154233018327408
-0.0428118514792933 0.123281410807905 0.0124441391379301 0.114107384767943
0.0487034519709439 0.0695302413679194 0.242315702039379 -0.167062262861144
0.0525435907354808 0.0219935766868339 0.0552132725704167 -0.383809632016268
0.0376748558105087 0.0149795677690343 -0.24814775716013 -0.330784629657521
0.0569413384517211 -0.00431562155431878 -0.353925678226292 -0.0823247924300566
0.0423724521464249 -0.040034599686398 -0.288951682607166 0.0879632565827058
0.0330219292248798 -0.0422673159213672 -0.218919710114999 0.138764396936378
0.0622989963523517 -0.0539315082005945 -0.181575388367872 0.167854204807539
0.102733482012043 -0.0103552698594192 -0.190867339655432 0.174664759478937
0.0894787430219728 0.0449429346590636 -0.242094049298502 0.138049367616847
0.0846519118055509 0.118219176557662 -0.326569061335454 0.034521796487433
-0.0304881825342205 0.176195170295008 -0.356733753194802 -0.110650129128549
-0.205452872141293 0.14727465266107 -0.309513168065054 -0.204883029320732
-0.301082919929065 0.0582892836273995 -0.420562348003859 -0.132772166431762
-0.340103017753961 0.0594083055319314 -0.256492092857496 -0.19044726785373
-0.219958729479265 0.163136106161701 0.0496287772350504 0.113692327291527
-0.0325034279484894 0.216118979563253 0.291168657034856 -0.152438173907524
0.113308479277777 0.176555165972854 0.109397984380427 -0.401192504636304
0.148470664323105 0.0794297048402272 -0.202828893853159 -0.359800142921566
0.163364579805752 -0.00175111145133631 -0.320404994584876 -0.111979348601971
0.133272525354966 -0.0887453336757244 -0.253642107330858 0.0582085329348302
0.101767154042642 -0.101611011182195 -0.177135006958514 0.109315582309853
0.13222541450216 -0.104267812835663 -0.129193568689179 0.146595847528674
0.193503601632654 -0.0190329552042013 -0.125926587414061 0.179432511275939
0.176866163478188 0.0858445191555473 -0.175832767201439 0.178627618989378
0.148031330421242 0.226522866357312 -0.286820810499738 0.11072775886664
-0.0630272831238527 0.292196263138167 -0.351932277759606 -0.0233346910001695
-0.323952679275148 0.191364648922542 -0.273444114948997 -0.124623025802339
-0.452042706520022 0.0394854806082993 -0.29522033283203 -0.0653216816498702
-0.446539469267882 -0.0169700686526478 -0.0977885533509833 -0.181108990230248
-0.388285215329882 0.151214763489825 0.123010800519573 0.131045331283437
-0.149824649882565 0.327364686204658 0.349632386746918 -0.107631900550952
0.12937850559504 0.331764995694742 0.186902660198633 -0.377305563166636
0.236093651201447 0.159438710531449 -0.116782469910171 -0.360097341881452
0.254058451271721 0.0176046345435407 -0.242305025978383 -0.142204545826538
0.210505989384038 -0.116063076011577 -0.182436059225137 0.0162798371472184
0.156184466199336 -0.146498491834853 -0.111170331082829 0.0637406014100461
0.176305617860639 -0.147200581042454 -0.0562121077965223 0.108268163414823
0.249817763522311 -0.0423392776081611 -0.0390225208806567 0.165265378773858
0.244155846099047 0.0926702675250589 -0.0817028794763145 0.206459598671081
0.218337769568597 0.28371179056163 -0.216540421044835 0.17944806784824
-0.0535081543198563 0.371171516143007 -0.323364695441897 0.0644281264393869
-0.373993604875269 0.233314788809958 -0.225828364492054 -0.0685151198366298
-0.530446115808071 0.0337522349872238 -0.139799628790256 -0.0120069720797519
-0.473099314451104 -0.0948542628085187 0.0951060391051274 -0.12223758130176
-0.491553040380506 0.0857838985192993 0.217943462207377 0.165891343095249
-0.264888301287322 0.355895459588991 0.393455441773522 -0.0323599713825126
0.0908097353863136 0.431594600978366 0.260583089367961 -0.299265436343678
0.270671019272275 0.227900044320272 -0.00293320958393597 -0.316360657858909
0.30151604756765 0.0443130641319984 -0.12529234754828 -0.156869253679005
0.257058810370008 -0.120790150265375 -0.0853798112188729 -0.0284445909209919
0.187421317465102 -0.169260427543304 -0.0296347083676062 0.0108817046097348
0.195042531419364 -0.172458565471418 0.0252525225154858 0.0572343866430734
0.268377838028231 -0.0625666201805991 0.0530151866974876 0.13262767675951
0.273430955515761 0.0841302074189297 0.0193361970525856 0.208641064221895
0.250461436219307 0.298439050217827 -0.13366376842968 0.222441724971516
-0.0439087316932302 0.389453839186205 -0.273560243658107 0.128439920342748
-0.375624412096381 0.234139247554392 -0.174331520228685 -0.0397094693180324
-0.531078789048718 0.0165409186626605 0.0177544965281856 0.0234154663097406
-0.407413848343913 -0.144361254453052 0.284662410640984 -0.0259176286961021
-0.482870352889826 -0.00157157628557712 0.309817946420259 0.213379914757998
-0.319407190543012 0.293474596349301 0.408565018054472 0.0571140039516259
0.0276615382021735 0.432449608727186 0.307509899344858 -0.185991313062996
0.243131795351683 0.250550285210245 0.107278641092816 -0.235693434232102
0.291211680535379 0.0644620185046919 0.0035288354311393 -0.152831203579846
0.256296613753467 -0.107611858274821 0.0213619169805397 -0.0681494232114598
0.188937841252581 -0.167063898382284 0.0554608806832728 -0.0436499075717029
0.190148065511104 -0.173559944596174 0.106335040490705 0.00317527660796412
0.25516797044765 -0.0694014182341451 0.138063649415189 0.0928357491184668
0.263915456425439 0.0759284885568384 0.10636469875185 0.198466698982438
0.230827838883856 0.288210674717679 -0.0605798507021184 0.241685903135511
-0.0594417803693236 0.353377704131453 -0.220176218325787 0.163501580650909
-0.349455531887803 0.183545422228439 -0.126281308652618 -0.0292963095333682
-0.459402585169243 -0.0243016021465566 0.153813242204919 0.0504437102576114
-0.265621117364965 -0.153132442806557 0.435076348203215 0.0771767570493372
-0.363670041062382 -0.0693218860458974 0.376122611356249 0.254022080107679
-0.281338550417794 0.182366446532592 0.394277885909891 0.135012835047244
-0.0153475094585881 0.336640299789809 0.324029077518846 -0.0765341607183164
0.176124135833253 0.210565634314158 0.18974991713621 -0.151312207813627
0.227323638912346 0.0610825340853289 0.117037450852806 -0.141754521374183
0.21026523374261 -0.0813660699614682 0.115411557836129 -0.102917355354195
0.159047487396913 -0.139743439053163 0.131430293096811 -0.0910833759282363
0.162803320715432 -0.147271391468032 0.179362881301817 -0.0443518555645515
0.21362886260568 -0.0615255460302242 0.212683466397007 0.0606575176523488
0.223817356246333 0.0690976075294438 0.174516890891596 0.192438541546138
0.173873108127475 0.254934321335994 -0.0108692998274631 0.254600374731215
-0.0880547352683278 0.276519326060053 -0.178327936195315 0.17920331623327
-0.299924909285385 0.100124678427732 -0.0881897947768117 -0.0235447543967511
-0.332704538307749 -0.0762387784039162 0.25524329092805 0.0784570399612131
-0.075142840393934 -0.127543373135922 0.519828509472666 0.155791517811556
-0.176346329447105 -0.0975907842588873 0.406041002417431 0.264909482213196
-0.170731689780213 0.063619040182581 0.370347029174369 0.180924889705218
-0.0273058710767791 0.186576695186735 0.326107505578165 -0.0051852895115874
0.0917632231748135 0.125364122049943 0.238921587135264 -0.0998291875861392
0.128417852082369 0.0417747502497756 0.189187929957527 -0.13747474185594
0.127326181672775 -0.0463225321676675 0.178489148398414 -0.130977850656934
0.104023003674545 -0.0921636958739351 0.186693693724438 -0.124541136327265
0.112193459701211 -0.100001089817826 0.234823470302679 -0.0767887917959631
0.148356791218422 -0.042620481817304 0.271530346344486 0.04537302480219
0.161844717855814 0.0585581700614172 0.22361272158657 0.203630217316112
0.0973970073456823 0.198469886911091 0.0149164915207423 0.276832632223131
-0.109414547398653 0.172235407744914 -0.155824165374812 0.19073926939029
-0.218091201779681 0.00787932517538734 -0.0676296965388807 -0.0165304374520926
-0.164097177564663 -0.118325665107442 0.309434132835622 0.108916528545715
0.0528099173392699 0.116926839533675 -0.389925170951696 0.0983490478150498
0.117557259986367 -0.00271969606171838 0.0739234291574175 0.109211089060514
0.0417560613108164 -0.106265059687039 0.124212906825465 -0.255099131750498
-0.0735724581103511 -0.0747027808512674 -0.13501022542563 -0.34339302930844
-0.0733962111650196 0.012319922931084 -0.376239389741907 -0.153938665745646
-0.0353643543995789 0.029083815716142 -0.352140686516375 0.102284922342611
-0.0321167406036772 0.0366297889806217 -0.221587517972278 0.225253843874981
-0.0254487052524086 0.0373864990809206 -0.14054333037278 0.245535976164854
-0.0285654139880253 0.00640025469370966 -0.106607736181324 0.253528362717591
-0.0187566294398833 -0.0191302744565987 -0.124513550261233 0.253965459389441
-0.0132466539412376 -0.0324058406495011 -0.193048717250117 0.229226829080002
0.0365026891723016 -0.0536386367478846 -0.31702670027414 0.150956810350397
0.0855421661218085 0.0220595122524357 -0.402269191284536 0.00622939489797236
0.035624270765385 0.134258804315787 -0.444786301154832 -0.118433550427709
-0.0483714480604637 0.145134932523712 -0.554621647406859 0.0343095773085705
-0.119834376171337 0.182655440982163 -0.394974744996927 0.0278764875465035
0.0150605794079425 0.129936912655818 0.0700844407108355 0.103493988584197
0.0706458514190988 0.0428794308070326 0.153008704186951 -0.265497836797859
0.0524400407772681 -0.00110041754278208 -0.120709246770562 -0.382585575809767
0.0413051289029626 0.00322620563434811 -0.381941092689455 -0.191083970395596
0.0514788231604009 -0.0275487725303138 -0.361659895056903 0.0858658460366509
0.0197435390690959 -0.0564158185142964 -0.223807777775736 0.212087714289369
0.0146476778011334 -0.0546003165307493 -0.135119489418206 0.230969562849696
0.0330189805549627 -0.0790736803267694 -0.0872046580022073 0.242037710363854
0.0925571807668228 -0.0556854141830615 -0.0924252418463653 0.252830460335579
0.1052874178345 0.00360159579997985 -0.161012321677554 0.243610525077186
0.126505186701727 0.0708947648084002 -0.289211021288834 0.190137638582107
0.0477231958641874 0.176927316070962 -0.382311121175406 0.0599448471029742
-0.127949821655413 0.22927992347027 -0.38645686486853 -0.0636404307643112
-0.260354899894003 0.200126395382787 -0.454234405422822 0.0475389766796175
-0.290927975867445 0.203656246715588 -0.326028648028144 -0.0460978067724291
-0.130474607121313 0.242720196656473 0.104810764457864 0.0930352903621118
0.058317375600077 0.211557240318944 0.210145567607139 -0.266420479478149
0.173898838073851 0.109353798111601 -0.0714495640738009 -0.420600574109417
0.169779809665801 0.0124531970650254 -0.349525252448561 -0.242987223530926
0.150503756996811 -0.0727792041002181 -0.342830004410255 0.0404239996169846
0.0812462693735979 -0.140570781453409 -0.20340499055083 0.165458032285806
0.0518601215110267 -0.140360533089632 -0.110202100413353 0.183878690698737
0.0751681075414109 -0.157315528273561 -0.046767352103942 0.19879410930011
0.173600288996016 -0.105398876465702 -0.0280798551761924 0.228817104680767
0.206440976797008 0.00288081310085909 -0.0818828417047531 0.254107340365499
0.236841484747629 0.141350417175564 -0.223329255783959 0.249764085909321
0.0687253459947004 0.302763051197621 -0.343369559832038 0.138646628631072
-0.217973099950054 0.327587999645372 -0.320781511331953 -0.0117604287368971
-0.411336432420993 0.256163752570287 -0.303604889634402 0.0447270832181752
-0.422782268317548 0.176669944185901 -0.179856758769328 -0.106047411675073
-0.291276269532895 0.302807393311637 0.177815751457373 0.0803387275290378
-0.00185069509788424 0.360807747908767 0.28713389819048 -0.244367845947542
0.256262797164667 0.241490951421348 0.0174978686704226 -0.428656553376472
0.283899656759791 0.0455854634372536 -0.266678932191895 -0.28628853844721
0.241936205033419 -0.0961398066465691 -0.282273606384679 -0.02460312763258
0.140714874006675 -0.200618882130948 -0.155201489578724 0.0918215171454832
0.0814940474182076 -0.205963180596089 -0.0699741907704049 0.111404710574693
0.097125168172303 -0.216955915470034 0.00263249513775833 0.12949003145098
0.215625635029595 -0.152642128592809 0.0466158341550249 0.175436502596869
0.273906690530927 -0.0234109018777695 0.0171296586636766 0.239775289985428
0.327763005743212 0.161144686414111 -0.127694140978734 0.287917194068563
0.113294964786951 0.37272760397945 -0.279396831395354 0.208124471935665
-0.244356268367037 0.390679021880967 -0.254562448312908 0.0157230839241976
-0.484706276906114 0.287903204040548 -0.134112156124381 0.018262691716626
-0.48122395481535 0.112318424332164 0.0224142060285441 -0.138770902610515
-0.414113796194622 0.285246980913934 0.278479061769358 0.0705001951593468
-0.0953485757799234 0.434650291985208 0.362337179857691 -0.188789175787126
0.264152586864607 0.345488584141136 0.124819017411601 -0.385706659644655
0.344143649010616 0.0912439108878875 -0.136844841949219 -0.298027503182441
0.298071252644231 -0.0934514187434483 -0.181875928739134 -0.0930211042830842
0.180708346367863 -0.22613264491751 -0.0850063772892572 0.00343013949495663
0.10024537723483 -0.240317256509747 -0.0200655171325212 0.0234479614812433
0.103651744404803 -0.248229941246011 0.0537188489567174 0.043699099480284
0.223957407614541 -0.180230332004375 0.1165761121437 0.102000764002198
0.297698432303488 -0.0448289288489975 0.111130630169614 0.197052998888386
0.366002941354467 0.159255569379536 -0.0309703084866602 0.29219263049412
0.130309135100268 0.38696182688201 -0.204740089707155 0.244909741679836
-0.244834546360804 0.391019779023234 -0.192935911695788 0.0205123897875211
-0.491490895193783 0.27141602268428 0.0289394361166511 -0.0197987628348028
-0.444047720305374 0.0330277350462139 0.239604623850134 -0.138065270960176
-0.445094955743719 0.199153458842469 0.382545678783365 0.0702934552182048
-0.17238586187342 0.399360868158898 0.412031675714708 -0.111667457730935
0.207847655123295 0.371879113998234 0.218334900762435 -0.300065929813708
0.329213118734374 0.121288528834091 0.00355952355456032 -0.274047944263389
0.296682680463607 -0.0720154043978044 -0.0609757259800749 -0.149929015236464
0.186877453433302 -0.213966357827412 -0.0058691719096079 -0.0833742071322608
0.101142226504845 -0.238708894654523 0.0332176526123738 -0.0673258620172577
0.0993779954441552 -0.246238239123762 0.102625518670054 -0.0446819924069187
0.207904750751432 -0.180568600043181 0.176161016234916 0.024889765788593
0.284320981864391 -0.0487381511943209 0.186898893942823 0.147167875983987
0.345467438309195 0.159205931380532 0.0442796178417773 0.274699428562907
0.0998391036252703 0.360874915055974 -0.138345689834108 0.251469369984533
-0.243035631557659 0.331464676452039 -0.141167705048952 0.0108764285061374
-0.443591226971326 0.198225910999013 0.169851975026756 -0.051393025233181
-0.314699832614685 -0.0361450523325409 0.427723799781831 -0.115213134736366
-0.365490617626074 0.0851211574481401 0.460401393687221 0.0720545263647921
-0.183957814327542 0.280290197438072 0.428219117799362 -0.0375325422005118
0.128442674548174 0.304336773088736 0.277619454238389 -0.207476649208246
0.250172564709036 0.113758302828587 0.116005899049659 -0.232439279809142
0.237133807135297 -0.0462192964687716 0.0472034142551112 -0.19000356300425
0.156098019435252 -0.168307452882086 0.063381014000048 -0.158935875196077
0.0850650663238016 -0.200123476708429 0.0790971523075102 -0.146695017493227
0.0844015132999342 -0.209864931043789 0.146426438299057 -0.12311216047924
0.171747267479051 -0.153924030273526 0.228563969438638 -0.0406279237618843
0.243715513817215 -0.0367578078295218 0.246581829699235 0.107683096051101
0.277825430662554 0.155721047204531 0.095885871039917 0.259253444985798
0.0381033436508773 0.303067317678478 -0.090873579060627 0.24533721639357
-0.235173365215872 0.230027094575244 -0.0995377861655113 0.00234455460281913
-0.346965858143637 0.0877932576052222 0.277532236517965 -0.0639385890320767
-0.127732021030053 -0.0944117452685958 0.545485324798022 -0.0873202363972014
-0.206463625087266 -0.0217670668028057 0.492536174734914 0.0633676939487846
-0.132984957732627 0.124211182758457 0.423374441509262 0.0075288996220452
0.0532721762181755 0.173355900739395 0.30689899291052 -0.147977457293449
0.135559931914221 0.0721226357461361 0.180425124751792 -0.205734262891455
0.135480993170431 -0.0202340946403565 0.112496944789301 -0.218029032662277
0.096151853302721 -0.0993690079304593 0.106274042363896 -0.210708736907919
0.0539142312678412 -0.130269257449925 0.113094196754463 -0.204461463830924
0.0596394483530318 -0.142847470315001 0.181341558604168 -0.180130024201257
0.119273104389974 -0.107378859669229 0.273542968953065 -0.0832550780170624
0.180192735402332 -0.0190433996863112 0.296657409477211 0.0929892322552449
0.181717367210265 0.138979799982007 0.130764064296306 0.261483190247208
-0.028982493834539 0.214480701814539 -0.0630430130183742 0.242974449974385
-0.200145396625753 0.10675179615942 -0.0725455348484966 0.00344620512454744
-0.207963769736422 -0.0345055105935954 0.342365641097052 -0.0499116581227516
0.0602449079550197 0.116915516490933 -0.397901242298822 0.125026819014555
0.122658699111554 -0.00820414415956718 0.0860763572538712 0.110582418661641
0.0382910040424383 -0.111332872495608 0.118404363592981 -0.2728431259202
-0.0811628659218215 -0.0745964679783902 -0.15621893634982 -0.353634279206404
-0.0754683908914598 0.0151300363022772 -0.401894583071291 -0.143153972537239
-0.035419012443183 0.0313421867928945 -0.363911369238065 0.122853158575528
-0.0322024138868353 0.0397379626138975 -0.218798562901579 0.244348795750524
-0.0232176461074019 0.0394346252993983 -0.132174199448795 0.264752278900954
-0.0294079519136442 0.00749753415811152 -0.0967884374469771 0.271593049677433
-0.0196331340609981 -0.0197706228841395 -0.116936574285701 0.272617326174825
-0.0150059958623329 -0.0323570629274959 -0.190568831517969 0.249136875366705
0.0349456015247994 -0.056595606495596 -0.322700722491647 0.172379636384839
0.0912140836772536 0.019089126029543 -0.419180125680052 0.0224587148521831
0.0442622097815693 0.138593702766029 -0.470828594338879 -0.103339720626225
-0.0439610033929338 0.151830226474454 -0.577753059039419 0.0650249303457605
-0.116178421749043 0.195341560502325 -0.407728968929069 0.0523236595468885
0.0226197056893066 0.135110703936299 0.0819345264542836 0.105770792299496
0.0757600966726524 0.0414563323707368 0.148701733388586 -0.28462444396773
0.0540976858571367 -0.00587867159010628 -0.143639376854111 -0.394396099999908
0.0433020881535642 -0.000883996402631115 -0.409912119910502 -0.182579078686601
0.0524311369597658 -0.031771137136454 -0.373701208200167 0.106608510102944
0.01675093036967 -0.0595967541315924 -0.221568368576453 0.230968643789506
0.0127729291039763 -0.0575094613731515 -0.127017267473315 0.24943167058099
0.0301373732760305 -0.0848482517404792 -0.0769906067840783 0.259263300139906
0.0947156141720078 -0.0653450262693633 -0.0834252875464327 0.27009359452576
0.109682680919245 -0.000703828090748627 -0.156000909183388 0.263379274415273
0.135406807622274 0.067421207952485 -0.291558753979316 0.211931535473757
0.0590166459697984 0.182183041685499 -0.395278674099446 0.0798223567408253
-0.121191298156337 0.247273841960927 -0.408611236131966 -0.0503795557207026
-0.261251940546835 0.219223027396941 -0.472806434777047 0.071721261907846
-0.29280773482864 0.226455403440274 -0.340460577026971 -0.0286952986156342
-0.123520358038564 0.26055350969956 0.11681885438234 0.0943281390744042
0.0729055101045745 0.216395565562934 0.209050708319903 -0.288413175324233
0.186814588527206 0.101798892124425 -0.0926687951028903 -0.436291928651261
0.178155287541388 0.00119557405017743 -0.380161818723224 -0.237167259275758
0.153372636949278 -0.0844401654177759 -0.356014352951831 0.0583938117724655
0.0759626049151813 -0.151240220781475 -0.202078287119632 0.182599584289182
0.0460428391697457 -0.147979844460706 -0.104970223176768 0.198867015334681
0.0691264072524331 -0.167738317784654 -0.037379636328864 0.212287989670659
0.176588544283986 -0.121513045417613 -0.0182238029657436 0.242124164571162
0.215813673971367 -0.00826940444517923 -0.072761260353909 0.272442684427904
0.254388210601248 0.133685524020167 -0.220217605604739 0.271194920953163
0.086865145006761 0.31120329707635 -0.349010262171709 0.160748830998282
-0.210522245671277 0.354129253343748 -0.337117599954962 0.000348097017966399
-0.413835393995246 0.284623738124044 -0.31690802564105 0.0608727580298206
-0.431728137595067 0.205402948475511 -0.191717788784942 -0.0996418315875411
-0.287477410362305 0.331215435243398 0.191988047225852 0.0771860112061624
0.01669903755108 0.375251411789819 0.290142943044644 -0.26800543672846
0.279042582192621 0.233507290762048 -0.0015415999485252 -0.449055470663406
0.299860335436329 0.0299060038248991 -0.294787552513423 -0.287511944834021
0.248103245785853 -0.114434827301096 -0.29666825338141 -0.0116924988691143
0.134179238234198 -0.217289290441971 -0.156886764495372 0.102635800082205
0.0736153534844187 -0.217355059509697 -0.0672101734791241 0.120053075641717
0.0880669991044384 -0.231315685446577 0.0100590146089427 0.13687972364914
0.217789895089281 -0.172426009576122 0.057014999754551 0.181327995621715
0.283975152625396 -0.0386260516594163 0.0295956185729349 0.251360382487732
0.350338841219219 0.148228689893425 -0.118580936567393 0.306580404346867
0.13634415033307 0.38247148400999 -0.27843510589968 0.231297055227311
-0.235827901984541 0.42064844569771 -0.266422246447439 0.0275640543900099
-0.489318010286924 0.322060793318814 -0.141902995437135 0.0246723409378544
-0.496927713563209 0.140861286719153 0.0169897828209549 -0.14368510486108
-0.417048265025776 0.319159100152837 0.295012142423369 0.062457335995093
-0.0767291009217165 0.456282877963606 0.370420216250406 -0.21300509849539
0.293355297799327 0.341729028424719 0.112421852211222 -0.408705535934744
0.363988391398784 0.0754268799270205 -0.161297701575883 -0.307784275897882
0.306815157042416 -0.114393511413756 -0.194981781779555 -0.0897706663685352
0.174883182593682 -0.246220565921567 -0.0887454086951118 0.00714955449496826
0.0900588882303068 -0.253554310230927 -0.0201288516404943 0.0250567331375603
0.0918821042957507 -0.264763557855206 0.0583588696249241 0.0445217798332619
0.224324877460854 -0.201946603477315 0.126194798250419 0.100499630204475
0.307882465010836 -0.0627813605414154 0.125740152294665 0.202558372556176
0.391319720226424 0.143192527513274 -0.0183822922596531 0.306365519339784
0.154657742412844 0.396435943535789 -0.198507516332988 0.266966342762482
-0.235065777372343 0.421483166275614 -0.203419483622495 0.0288748347520298
-0.497221454755266 0.303616079311304 0.026476680219021 -0.023887307463815
-0.459614600401331 0.0582061142478437 0.243985063030689 -0.15526727619041
-0.454564308218031 0.230306440735243 0.402160342653287 0.0563400609567214
-0.159495367227665 0.4229096912447 0.424855034375933 -0.134332221271913
0.235891720683882 0.373284293599875 0.215092118981657 -0.323290181628268
0.350919266466233 0.107672945515491 -0.0123083291249929 -0.288363084406121
0.30673239357957 -0.0916575608383392 -0.0719352669823637 -0.155183494820431
0.182850909070943 -0.233675521125473 -0.0107179468911991 -0.0888160159157586
0.0914528249072305 -0.251901002795065 0.0294751890525225 -0.072178593713358
0.0867905772056072 -0.261305218440125 0.104991644625054 -0.0511876292878963
0.207672206013902 -0.200111355705312 0.184368048161099 0.0158267460955792
0.294174364876608 -0.0657966514583156 0.202000486201055 0.146056944059593
0.369197851203453 0.143300244950426 0.059763966855822 0.283915268913126
0.122185671090762 0.370604829030228 -0.129424404787251 0.270284645412738
-0.236984249296147 0.358230389787665 -0.149101358384487 0.0177765883942025
-0.449882597438146 0.226286858616599 0.171170353190989 -0.0653833496995714
-0.329304206472926 -0.022139614613353 0.440192419121297 -0.141844200413336
-0.37680628216874 0.107440893975825 0.48113432247885 0.0532482941043447
-0.17739753928068 0.299172708482743 0.444870058239884 -0.0578453088170411
0.14978141922651 0.306936951022862 0.280751637303881 -0.229542225112338
0.26761713670322 0.103748155248037 0.108880667827563 -0.25121427228657
0.245462980068739 -0.0619716724568102 0.0386263342981541 -0.203561507850503
0.152886289275326 -0.184645956451691 0.0570607177146651 -0.171721477031114
0.0762318538216401 -0.210779971088303 0.0736534891046762 -0.158203286318759
0.0735459237444054 -0.222331291055465 0.145672658560522 -0.136753374217817
0.171285141217932 -0.170298438315062 0.235553540352875 -0.0554853513917508
0.252236656978369 -0.0519777640546549 0.263253629241843 0.102166047940367
0.298646171715606 0.14514941075863 0.112449032993913 0.265495621144893
0.0548410823904624 0.314739076047385 -0.0809901489648472 0.261105960858181
-0.232201411678776 0.251861660123642 -0.105830890631277 0.00636790078832897
-0.355510213131223 0.106209285256458 0.283651552359304 -0.0849427470149278
-0.13676887004708 -0.0924918557653197 0.564665511644143 -0.120271701438851
-0.215600303099602 -0.0126260526157333 0.514324787246315 0.0423856225854009
-0.13201530884193 0.13505201775984 0.440983464283202 -0.00957261371881846
0.0636168476262256 0.174828166694121 0.313346916359153 -0.169121105697272
0.145763331859526 0.0681001427870037 0.179368026978033 -0.225893252990853
0.140833412020083 -0.0290160679669206 0.106700271854123 -0.235797978147923
0.0945764183061851 -0.108440369806334 0.0980900170549014 -0.22956173096832
0.0473560631319845 -0.13661248788051 0.10451236512591 -0.220775728599842
0.052042444514886 -0.150975247507394 0.179192861519484 -0.198672809834523
0.118311704501218 -0.117831314992146 0.280634713118735 -0.102233467126346
0.18619154111372 -0.0302604012947418 0.31402588510757 0.0835536145124411
0.197469100843329 0.133760986237473 0.149062132294804 0.267288027818196
-0.0195888725366688 0.226036483497177 -0.0528021228040021 0.257078316900021
-0.202518507444906 0.119855781796521 -0.0774572551300432 0.00675245801710822
-0.217538266911435 -0.0274864014033318 0.351249619196326 -0.0730438921356264
0.0694240117038395 0.113188480793605 -0.395186191837377 0.161634928713375
0.125949978919214 -0.0175729289228364 0.099910320429633 0.107434325806951
0.0309526384769594 -0.116517471638786 0.102542971112883 -0.290273314444087
-0.0909339992819993 -0.0705565033846351 -0.187016630715717 -0.354380514993643
-0.0769584866399389 0.0203236731208478 -0.427004426742987 -0.11626525286978
-0.0344535675528743 0.0339744962908495 -0.366543299883561 0.154718569360608
-0.0295684737113628 0.0432610830184907 -0.204226791854524 0.266711384361194
-0.0198269629738504 0.0420395170973034 -0.113375519796413 0.284098944754029
-0.0300815788275775 0.00976521456240341 -0.076085680442764 0.288770685622548
-0.0220977037280485 -0.0200458297067341 -0.0979384388942278 0.292012824445677
-0.0181645890585809 -0.0309432440089567 -0.176854729672267 0.269947462084567
0.031220490367207 -0.0604176088381205 -0.319044451305501 0.201780814651221
0.0951068671632091 0.012568427951453 -0.428255974913414 0.0519226948527049
0.0575365423114507 0.13995884473562 -0.495046394697566 -0.0742378131872122
-0.0344377390073272 0.157472080045587 -0.590351641060696 0.114096450131757
-0.104469321594481 0.208244969011295 -0.411711084070305 0.0885138294555573
0.0342925486824746 0.138438550783269 0.0958046355611988 0.103650715246135
0.0823839173937019 0.0365441104606996 0.132878285490869 -0.304619728271702
0.0541592489680897 -0.0124170045793544 -0.176540890469538 -0.396787635273663
0.0447207753099495 -0.00662422928738093 -0.439094432157412 -0.156003433562408
0.0510337786132111 -0.0385858105364204 -0.377321380022916 0.138221827278267
0.0119149347745034 -0.0629009891829589 -0.208090534286423 0.253770474981896
0.00857361326757465 -0.0599921087464831 -0.109403863328206 0.267587498251367
0.0227574667020484 -0.0903078411020289 -0.0563137977174942 0.273952509260209
0.0927967646587936 -0.0769178253643069 -0.0648141397706456 0.286587792614458
0.113643043255526 -0.00930779619160041 -0.140655987280658 0.284531047881902
0.144653121326487 0.0583160882098491 -0.284372306872138 0.239917405327263
0.0747981088874138 0.182455781508193 -0.398715850471975 0.10944109077901
-0.104773911974975 0.264389005622409 -0.427073939510198 -0.0236887937713092
-0.251629790033655 0.242118714768449 -0.482901178035359 0.111874807626972
-0.282588471096096 0.255775522177996 -0.348772691980095 0.000421664137449174
-0.105986939620138 0.278432580041285 0.130810757287973 0.0898379987793956
0.0930288596666105 0.215554792167241 0.19493449785558 -0.31251007234634
0.199533427718636 0.0863321881973292 -0.128035852576439 -0.44329837907668
0.183476158178854 -0.0150887238337961 -0.412965222150034 -0.215457942100207
0.151562796381669 -0.100641993609844 -0.362987223487495 0.0875296893553456
0.0646248762652652 -0.162377704747959 -0.192783736844836 0.202053240271178
0.0347953241860511 -0.155038394317733 -0.0906932355995363 0.21344869109243
0.0554731909681018 -0.178740197250496 -0.0198223307613739 0.222719799493443
0.172235128144589 -0.141491647355034 0.000873543741262341 0.251168966282368
0.22228024610779 -0.0259590476064974 -0.0547327773004368 0.287550903760817
0.272136002148069 0.115911136081567 -0.205347359313853 0.294953597233704
0.113437769798978 0.31330422735829 -0.345576292881925 0.190700208556328
-0.188362533277281 0.381442617309111 -0.34937723273131 0.0231567072848446
-0.403138550097185 0.322322020462182 -0.323775558202228 0.0875455893981522
-0.426426434938837 0.245893120645347 -0.202901170246951 -0.0846768741245383
-0.269355960427471 0.364197464301763 0.205330653593513 0.0678793630247438
0.0477319839344877 0.38205644663743 0.279853685824709 -0.296980905786207
0.304366944316181 0.212829592110792 -0.0341372634236526 -0.462663943982155
0.310824185967035 0.0036286473338358 -0.329739993554369 -0.273805514337546
0.246163795405255 -0.139073709397378 -0.306548966469358 0.00931491591715247
0.118472683340664 -0.235362491130615 -0.15276656210119 0.116775780054527
0.0564217044950767 -0.227672862615808 -0.0591725751638645 0.128708027815348
0.0696005467265417 -0.243983709112358 0.0229990190342721 0.140956627045742
0.210267884728997 -0.19737484273286 0.0727967622531485 0.18337585199393
0.289757578158475 -0.0625435317790716 0.0506912133973417 0.259160076452147
0.372729349215277 0.121380735997139 -0.0993615263967026 0.324088563392567
0.169316014030358 0.38223333138692 -0.265735025563387 0.259185101515277
-0.208428043249375 0.45260661153053 -0.275063311823574 0.0463707748816399
-0.476562637864569 0.366120408693442 -0.147328673465731 0.0353290806562853
-0.497097844442326 0.183620882273791 0.00689539139007047 -0.147666632004937
-0.403742373722443 0.361000835376413 0.308962151349227 0.0436897879270568
-0.042141618903359 0.472672432924659 0.365597459779463 -0.244999885439527
0.328207641621074 0.324183917374007 0.0853686619170278 -0.429933407661561
0.381148195488454 0.0445006339143503 -0.193435595678345 -0.305169218218355
0.307078109801673 -0.144603857483767 -0.208014563854274 -0.0779560380176626
0.158364679189883 -0.268626434928488 -0.0910335733279934 0.0125422301216732
0.0699003673226269 -0.266082550212807 -0.0193012343272527 0.0265063324360569
0.0701156154727562 -0.278053150343373 0.0646049223664139 0.0416478069452173
0.214113012113773 -0.227273914462366 0.137274097522062 0.093983219316707
0.312064972581065 -0.0902735728829864 0.145451077405921 0.201508593101293
0.413623428429824 0.112819229031594 0.00381744418667484 0.315859613084497
0.190630125818869 0.395441295482247 -0.179676509875746 0.288921401125602
-0.210168817661933 0.45200548766189 -0.209483904852608 0.0452132671027919
-0.486765304773055 0.348636910597427 0.0216819392164006 -0.0293214605158799
-0.466917699223675 0.0969485818344014 0.238538095446226 -0.176971243055717
-0.450514958097533 0.271773427455836 0.416723692863752 0.0291419069735282
-0.129659336065721 0.445733444865135 0.427702874402686 -0.168790705713757
0.271909985896506 0.360027650770553 0.196744873597956 -0.348965397219233
0.369903489736372 0.0799492917190774 -0.0382365933794929 -0.297860988925439
0.309402606078018 -0.121381459462236 -0.0864915028921937 -0.156043403396893
0.168446265072069 -0.255836756893569 -0.0187877648043607 -0.0928656762433025
0.071026506960277 -0.264383996557697 0.0230907249765043 -0.0773254695448835
0.0660072799570191 -0.274187607067941 0.10390474517243 -0.0605784252963617
0.196761908732598 -0.224263567696507 0.189492631003993 0.00173453915903594
0.297302078846537 -0.0922053568043512 0.21980849466462 0.136444536635517
0.391191358241603 0.114891412202723 0.0816066543196514 0.287239865380035
0.15585809394888 0.372530532870369 -0.109148616260276 0.28709035921072
-0.214675702406843 0.38797204770875 -0.154478436730881 0.02888153976798
-0.442893949903709 0.265128644468301 0.167171412537457 -0.0842643364740399
-0.339033101946311 0.00351154627360797 0.440776559857961 -0.178723093673664
-0.378906202064198 0.139894437870105 0.497806883726022 0.0194427026134518
-0.159425923825888 0.319844281820174 0.452355363044429 -0.0910426522762861
0.177154274549544 0.299138428237085 0.272195213113214 -0.256325556293131
0.284116938939705 0.0840928123834626 0.0906865619700927 -0.268525755110697
0.247465153060938 -0.0855069650092169 0.0243993263245693 -0.213962544638629
0.141320532743661 -0.203160664747893 0.0433560172934026 -0.184509905624617
0.0595494617173618 -0.219971832180287 0.0604046110381516 -0.170277801989677
0.0551710370240472 -0.232827989464305 0.138548647881893 -0.152303404098385
0.16186213322945 -0.189773410693571 0.236602346729728 -0.0755503719130146
0.254158256469849 -0.0745390278140172 0.279409909447848 0.0867762815154394
0.318765653847287 0.121462567595526 0.135078114826912 0.264439938468233
0.0817905973716401 0.319460572236204 -0.0609472238586915 0.275017264326114
-0.218973753985639 0.276584497935829 -0.110506231022306 0.0149243199238962
-0.356296382518214 0.134718520279889 0.281316855856829 -0.113587566880325
-0.146286300503723 -0.0841049986658586 0.570440121241732 -0.167135836480429
-0.221463524422451 0.00329727138468443 0.528252724884581 0.00494459648068516
-0.125640751977052 0.147532354705972 0.452967723893498 -0.0408439549649058
0.0781449378293186 0.17155659736236 0.309587293261658 -0.196589343338859
0.156318754861595 0.0570685996932198 0.167469091381966 -0.247391845534959
0.143460433205579 -0.0418791697025984 0.0913970861166606 -0.253286020208831
0.0880212350850261 -0.118752902851937 0.0804870204420465 -0.247709047730631
0.0370567451692744 -0.14171352472817 0.0875871708178482 -0.236168453322488
0.0385411044083842 -0.156579259577506 0.167460968538621 -0.218890725134998
0.111643604913312 -0.131121467977161 0.279470010014102 -0.128052548001258
0.187725296559401 -0.0463829614495813 0.331076186757121 0.0626482132364575
0.212783154805798 0.119520393134778 0.172874527831513 0.263044422846364
-0.00183447645472505 0.234769443158174 -0.0339905181946125 0.268954814780786
-0.19843563720011 0.138065455124979 -0.0808347403790707 0.0129877594618998
-0.22565513345602 -0.0127103474318782 0.351943526634065 -0.106578201434328
0.0767374570668347 0.105166731198469 -0.377285051195816 0.194329427431624
0.124854418594903 -0.0282036445964748 0.110802881359396 0.0988845801406935
0.0218434648044438 -0.117938505509767 0.0792654789653575 -0.299407980348445
-0.0976916476481511 -0.062417162245556 -0.214890106375494 -0.340508464701615
-0.0752074334643754 0.0257876242893802 -0.43799739044784 -0.0802141606206676
-0.032103388227722 0.0354069230695041 -0.354627085708952 0.185578850375622
-0.026400729564382 0.0450789165033527 -0.180843454751382 0.28188265585473
-0.0153662750815248 0.0424442431986136 -0.0864147736941689 0.293844048614595
-0.0290194183205471 0.0117976087307643 -0.0487004581590943 0.29644085435771
-0.0241496041418317 -0.0192812893026771 -0.0727148697189265 0.30195615171219
-0.019685926399479 -0.0279194787078923 -0.155351001379667 0.284146799300906
0.0260537860596913 -0.0624444077819018 -0.301853919531793 0.226771489577351
0.0957584867503469 0.0050461425952133 -0.421842972570079 0.0818898400267705
0.0701965267488733 0.134993241494686 -0.501875283020267 -0.0362931748339585
-0.0227646022910095 0.157307525907382 -0.579424076902698 0.163993897917415
-0.0871027990304054 0.214734328117982 -0.399764103551902 0.123365826268828
0.0469956251905479 0.13482394572089 0.106844648209353 0.0965949936628541
0.0861387454983102 0.0291982795436926 0.109144764843169 -0.316087344348248
0.0515087228780457 -0.0181186675555785 -0.208006098556093 -0.382713231824694
0.0431282219383966 -0.0122130048522219 -0.453298722627933 -0.1180632627274
0.0475367374513759 -0.0440494644508285 -0.367298288684538 0.169079527389078
0.00579337228548381 -0.0636199045174944 -0.185155078688996 0.269827002784897
0.00387599697488143 -0.0607256279481661 -0.0854170304364789 0.277028783584011
0.0139028547295019 -0.0927728010186849 -0.0311365566316307 0.279933020818008
0.0857184448599277 -0.0871925934785824 -0.0398313257754335 0.292723785734555
0.11323047583726 -0.0184014997227934 -0.116834911319909 0.296233277940029
0.149257745367755 0.0456555105030989 -0.263891289306102 0.26198780101154
0.0892666028487594 0.175176370980342 -0.387833173006824 0.138705220116706
-0.0817686038611458 0.272475902244681 -0.429269095569258 0.0082369472360895
-0.231781079213934 0.259244894200804 -0.473113980844912 0.152655174562733
-0.259285800406242 0.276950341076523 -0.345029180902285 0.0314440833372096
-0.0822820768055685 0.286384925852468 0.140122733459967 0.0809204533924929
0.111777776252371 0.205688664299542 0.170338144555556 -0.328449429605623
0.204107883500818 0.0667522095447036 -0.163306327750591 -0.43220869807061
0.180616210504646 -0.0332182886482026 -0.434709623970184 -0.179317661986984
0.142850015595235 -0.115902343113478 -0.356030439090279 0.117392137087871
0.0492611098889502 -0.166946661815382 -0.174539223476578 0.216651236309788
0.0216972178353655 -0.156512368548059 -0.0721738260222415 0.22072504690414
0.0387468865722382 -0.183283027687835 0.000516271515869629 0.225021643370546
0.159386437916284 -0.15892533580553 0.0218305195418317 0.252270467792719
0.219829830548241 -0.0444105276672328 -0.0298616724640012 0.293926735632869
0.28066082491822 0.0909185537536803 -0.181406876166758 0.310977164396177
0.138970117390217 0.302360722218993 -0.325985061094341 0.21617102439912
-0.155357037390277 0.396843054825028 -0.349844271404289 0.0495313561330564
-0.375338931637457 0.351369184300147 -0.319129575194455 0.113974452283872
-0.403301837649024 0.279535985478564 -0.207383223557685 -0.0658632671121622
-0.237933208448977 0.385650642726356 0.21160357672307 0.052603297088292
0.0810529260179724 0.374950074927491 0.256369986881932 -0.31846937851432
0.319334958940022 0.183542400879719 -0.0719424045120363 -0.45859985124044
0.309403939477228 -0.0254797584502893 -0.356545460069755 -0.243765366087974
0.234786259761236 -0.162592971913569 -0.306460853155391 0.0347117535876034
0.0967137807557071 -0.245195271540268 -0.143187070854719 0.127776755929631
0.0367443624162038 -0.229549036321435 -0.0483189436197009 0.132640065606664
0.046567923257306 -0.249033323768888 0.0357965684785742 0.139745952116995
0.192591389352568 -0.217141138022281 0.0884026524979123 0.177616983903111
0.284233853983888 -0.0874884100366174 0.0730248090111045 0.256601737296365
0.381863970581602 0.0861727972916345 -0.0739181242499038 0.331152743031656
0.201967994782765 0.366873685737863 -0.240343261918493 0.277370574796266
-0.17095246674552 0.46887746018614 -0.273832674706827 0.067486178056407
-0.443796687210865 0.400103452476725 -0.147454125640375 0.0468147228242162
-0.479024950084597 0.224538864647614 -0.00486675811974549 -0.146487566355735
-0.372383062614878 0.393220905236543 0.311085312154492 0.021415927062302
-0.00292481203843293 0.471336798274022 0.345423957630878 -0.272845700724246
0.352829698690165 0.290873995308234 0.0507208326172749 -0.435248523733548
0.384602543577318 0.00886755441375742 -0.22281100195422 -0.286702469561487
0.295006357791105 -0.17266747784262 -0.215768742902608 -0.0610896892963352
0.134040204662907 -0.281209839024091 -0.0909914699710002 0.0184981070925721
0.0461312493375216 -0.268908882564652 -0.0180289153250643 0.028084166218299
0.0440997137756447 -0.281085909568601 0.0692280533918809 0.0370326574124256
0.194264845486842 -0.247063573439078 0.144252194725209 0.082832511181128
0.303134137683805 -0.116643162341361 0.163420654267474 0.191571065444433
0.422413377846323 0.0727147055273795 0.0281011493657601 0.314699044598469
0.22329897251081 0.378343234499928 -0.152861398114008 0.302080506595767
-0.17006826373314 0.469096374328304 -0.207625058480661 0.0611912048539808
-0.453213622144043 0.382865262167025 0.0143164818845193 -0.0324080036436996
-0.454169619047895 0.135317156958443 0.222665906108999 -0.19463179187283
-0.424885089972972 0.308960166653396 0.416127327079431 -0.00356989378075308
-0.092467847718611 0.452278907768357 0.411991384513487 -0.201081794674776
0.299442637402778 0.332650458016131 0.167699343641734 -0.362513689990736
0.375968669791545 0.04531198780396 -0.0661571703957742 -0.293913969424466
0.298326443667016 -0.150538104499531 -0.100351199189322 -0.148858372198072
0.144230275839501 -0.270569866540116 -0.0293857282142235 -0.0936602347528452
0.047792958643655 -0.266477900082303 0.0151360095388805 -0.0799864162082091
0.038731373116857 -0.27620164544855 0.0984268385900906 -0.069337941569123
0.175916154615029 -0.242484274293399 0.188786515239887 -0.0126044406941877
0.288155361122262 -0.117308816097215 0.232273548804332 0.12079285545799
0.399350129937075 0.0770133006763706 0.104345026631121 0.279904284834216
0.186978255673462 0.35746722814667 -0.0820484440393161 0.294757791953296
-0.181650983856585 0.403899922546926 -0.15354045467228 0.0419521538574894
-0.418515684389309 0.297680741239306 0.154453479784615 -0.100519021421242
-0.335448204229751 0.0315613647584794 0.424011780387585 -0.21410091327449
-0.365667970647334 0.170703981001871 0.494157335838425 -0.019809709950849
-0.132966679637953 0.330797097367332 0.443545529044359 -0.124497821564239
0.20042815185426 0.279949764213798 0.250189363484017 -0.276919087255804
0.291992726634923 0.0573076838664206 0.0666995643901246 -0.275745991151381
0.240382995321878 -0.108661544908258 0.00444526872035949 -0.217620438259083
0.122918859505344 -0.214402170838661 0.0249417304455078 -0.191142999956356
0.0398590645764741 -0.222043207402109 0.0429038797341374 -0.176115558904956
0.032171011068791 -0.234107768855224 0.124434116188494 -0.163724284079738
0.144873646413317 -0.204034110469912 0.228650678249464 -0.094344991993495
0.246904522398096 -0.0954059103575837 0.287224183531851 0.0645738075801694
0.327868903772805 0.0911083216843443 0.155618875737446 0.253799114543039
0.109146029916351 0.311577608114833 -0.0361150681171713 0.278604650880795
-0.194837010332062 0.29310096373224 -0.110857551243344 0.0239808781515017
-0.342531064936574 0.161920857753229 0.265732377983468 -0.139019550634452
-0.151378592906761 -0.0716970097511542 0.554273222790896 -0.213487666449973
-0.219048132485269 0.020976901980505 0.524707023674645 -0.0360848705172806
-0.11300316350183 0.156579560750857 0.44775186590669 -0.0745131169525136
0.0911533131068958 0.161807931041348 0.293266404610178 -0.219675988474717
0.161677886239661 0.0425827882738911 0.146788692491621 -0.261925319497079
0.139177768167867 -0.0552219334474253 0.069247389698981 -0.263070743253376
0.0770832869818974 -0.12610918917219 0.0563498726171759 -0.257969986423872
0.0245588470464808 -0.141796919545915 0.063558392089797 -0.244820453940093
0.0228104308036098 -0.156752409888522 0.14618403498385 -0.232733401171037
0.099352627151294 -0.140092096743926 0.266409303766272 -0.15121367568663
0.181745800530179 -0.0628895214283059 0.336162256855745 0.0361175234616622
0.221999417480061 0.0989291016255675 0.193734420021641 0.249336902733478
0.0184626337695881 0.234580357463724 -0.0108717205946137 0.270924260493234
-0.18648462093543 0.152152860579769 -0.0816429945547361 0.0202279434595928
-0.224612132043714 0.0045296735735466 0.336904527116084 -0.139121262677178
0.0785259138967204 0.0960285485000981 -0.352043090690803 0.212485979222398
0.12002445092348 -0.0353464035967661 0.117470780723341 0.090342247879223
0.0150201236924708 -0.116314786960628 0.0600830820381173 -0.297617528218549
-0.100257761067654 -0.0532957377391555 -0.229462345442555 -0.322056371025393
-0.072918456857397 0.0289868875188428 -0.432599543778896 -0.049760913775351
-0.0310534099387111 0.0359697780684665 -0.336005758667832 0.205219583061167
-0.0231825058446206 0.0460876194758778 -0.159019362240586 0.285254850021113
-0.0113688093836313 0.0413037101723544 -0.0642118359496104 0.292774055865151
-0.0276667608612509 0.0129189763029264 -0.0272518472652152 0.293359215239704
-0.024719062774162 -0.0187416822195053 -0.0509622578811213 0.30047641257428
-0.0204472638686982 -0.0248284183740633 -0.134891558106797 0.286510668374099
0.0214051822527936 -0.0617431241927298 -0.280661403602424 0.238670174653346
0.0931138246069981 -0.000957151250088412 -0.406749025074681 0.101173880883402
0.0783234368159714 0.127926193518043 -0.493971795036251 -0.00782503586297703
-0.0142037265001582 0.1522948552224 -0.554192315994625 0.196571819124497
-0.0724596835633597 0.213246314168613 -0.378985433147306 0.145561736548478
0.0543884271731293 0.129064075388518 0.112787380600356 0.0891508622659506
0.0872375719733055 0.021723370051993 0.0884243029551624 -0.315062733499988
0.0478119796692439 -0.0214233228441601 -0.225453502254078 -0.363155033847676
0.0403297114839287 -0.0157186156149963 -0.452303055698669 -0.0856467854161961
0.0425161732304744 -0.0481661291662858 -0.348463463632765 0.189221412283281
0.00083376384301781 -0.0622039121309593 -0.163938392432212 0.273399432661171
0.000307474733819466 -0.0596432347832343 -0.0646091299831445 0.277013897697245
0.00691152896192552 -0.0914188183083836 -0.0108141487056143 0.276021897319632
0.0778098868189949 -0.0922798767820579 -0.020278344578634 0.289934196621996
0.110101648645185 -0.024432982630678 -0.0958181571510969 0.297435474259124
0.148175652610247 0.0345962718761783 -0.241977825148444 0.271291582676568
0.0972809752180723 0.165809383146828 -0.368184390182882 0.154228076358986
-0.061849816582799 0.271877463158484 -0.421592896795263 0.0320260766337691
-0.210894296851742 0.264331654240617 -0.453406128163007 0.178209350088345
-0.235090638819921 0.284682368626733 -0.332130194866628 0.0521591662228629
-0.0614536027126267 0.284849940173603 0.143016777847957 0.0727929590685836
0.122492801410137 0.191457325757313 0.147940163962435 -0.330594496526235
0.201335239202358 0.0499106012030533 -0.184488999192454 -0.412864155409469
0.173664618259064 -0.0466428067767515 -0.437126564330899 -0.145065603853556
0.131337788898094 -0.124247384739612 -0.341020628166167 0.136384589503723
0.0359853484079442 -0.165198330474142 -0.156961071648755 0.221286171262574
0.0114143486707314 -0.153237962396894 -0.0564106263325301 0.220358447940986
0.0240458838203293 -0.180702817485634 0.016993032700903 0.220547855820829
0.145108789053069 -0.168338558975642 0.0375037049044506 0.246028583249259
0.212180122552856 -0.057154028748279 -0.0103753170535983 0.290349788328914
0.278802446208514 0.0691945668341302 -0.158414181735968 0.31359883913752
0.154266961063301 0.285966612846382 -0.303558543125102 0.227093872737998
-0.12773684016346 0.396644523577463 -0.340810642312125 0.0686070577581684
-0.344075427701006 0.361158912558736 -0.305652969911126 0.13092043426143
-0.37377619936528 0.295495157457018 -0.204466979451572 -0.0493488376708769
-0.207418955127174 0.391655201173406 0.210006020826897 0.0418328415879966
0.102519069277202 0.357671480822586 0.231710492856258 -0.325593686903444
0.320851061897553 0.155630822753964 -0.097168561817524 -0.443210482838575
0.299018185628372 -0.0481424945703614 -0.366826599957747 -0.213292615007045
0.218469187042142 -0.17644530335733 -0.297782670320876 0.05337838974897
0.0771099294196249 -0.244390078002165 -0.131559129249528 0.132501438131327
0.0206175885068542 -0.224988714198091 -0.0397005752790696 0.133281988730942
0.0271308453975353 -0.243848083185985 0.0456923567209295 0.134490932365894
0.173074554037328 -0.227008833371885 0.0974471664872755 0.169857523487841
0.272172282966439 -0.103212211454872 0.0881355291832125 0.248048434189462
0.377072939662534 0.0572593976251394 -0.0527900674147845 0.327812255672047
0.21993948722027 0.344416100158561 -0.216361220230754 0.28274069504344
-0.138484716570721 0.468818867433365 -0.264629873775059 0.0820394944160864
-0.407968965867396 0.414187513077938 -0.144342479932395 0.0539758111643398
-0.450675141297432 0.246768107515165 -0.0130777438563945 -0.140217360306417
-0.33887955928677 0.408993595065595 0.304139373136637 0.00509839131027551
0.0272035563824514 0.457692888593297 0.321744576771653 -0.28496334514623
0.359927119879842 0.258275924784282 0.0234540860913062 -0.426764920164002
0.374937891900638 -0.0191154075683854 -0.239428801894006 -0.263085434143899
0.277082676436704 -0.191642319661578 -0.215032669668463 -0.0461463960482374
0.110783621743766 -0.283341661308376 -0.0891833043336695 0.0214811290936083
0.0277469531362424 -0.263506447423072 -0.017180648744065 0.0279291279042475
0.0227579280935989 -0.275074143647334 0.0698869531769176 0.0318771557216008
0.172662280925415 -0.255483332963711 0.14586861780052 0.0737453124405388
0.288859111043001 -0.132946940546381 0.173211926834394 0.177800799784388
0.415079357335692 0.0413373132059513 0.0458118795722968 0.30625274373839
0.242889927646631 0.354763778792599 -0.128155888668122 0.301224401035385
-0.137687282574209 0.466205524531681 -0.201780627951993 0.0728139616517431
-0.416812212434868 0.398010605992434 0.00724071047686075 -0.0335448370990791
-0.433010667019117 0.158042422710186 0.205161693103046 -0.202109686256964
-0.396093004079591 0.328317208185365 0.403360116036095 -0.0255984935551313
-0.062490499969785 0.444393111819294 0.38984906052627 -0.217804294080653
0.310860765547072 0.302331148838054 0.141601353743587 -0.362767536270061
0.369912168370117 0.017694493276885 -0.0859307800052457 -0.280060285496833
0.282309600193396 -0.168016833991353 -0.107842773938168 -0.140040122118058
0.122152404238923 -0.273638116853658 -0.0363967377790935 -0.092391550017865
0.0290584809700528 -0.260608264377045 0.00622461698794314 -0.0799639804141037
0.0183592232497456 -0.26910883758628 0.0908643463434 -0.0738474829884151
0.154946152899443 -0.249048861264283 0.1827857405134 -0.0226490550191481
0.273684674574354 -0.13362617806678 0.235987936173728 0.104769897347931
0.393136667287821 0.0464986368973375 0.118130262220031 0.268280114113649
0.205863896596892 0.336591499885233 -0.0596804569282532 0.291429006848124
-0.152850881137747 0.404979450373485 -0.148862105989726 0.0510933698091334
-0.388517994502103 0.313659786393066 0.140394313088695 -0.109495882865503
-0.322570975867518 0.0507783772461574 0.399383422791285 -0.233040932094439
-0.345705448122383 0.188813652483395 0.477953879261933 -0.0460476846596298
-0.108552003976911 0.32854622182965 0.424791828148165 -0.144647761976471
0.210503779458348 0.257651149231302 0.227858813463716 -0.283064165528353
0.288045042664044 0.034183713182994 0.0462953308046611 -0.271641814528701
0.227681360327804 -0.123504659896914 -0.00901874610138285 -0.214112627671207
0.10509886905902 -0.21798141985676 0.0088938513093061 -0.191191703636428
0.0243297904234043 -0.216695376393074 0.0270307818440182 -0.175429005968578
0.0148907873369193 -0.226582635450192 0.110196401877617 -0.168064531921755
0.126238223844236 -0.208945649041041 0.215645172140908 -0.105646317666297
0.234051816610703 -0.109755344626559 0.284889775427477 0.0462589245523169
0.323816855631794 0.0646524121445148 0.167174468532954 0.239675731618138
0.126696967725403 0.296812475920497 -0.016241812465171 0.272557935751975
-0.172658770275773 0.296776680880571 -0.107942497577035 0.0303719743003575
-0.322374713197764 0.176680826309363 0.245090775553115 -0.154915453383472
-0.150940956510877 -0.0612236003622961 0.525792400083881 -0.239437098784249
-0.212120826406362 0.0331374579708008 0.505479559311592 -0.0652111469828429
-0.101098117421605 0.158852806245234 0.4330605438352 -0.0959601830830307
0.0971185110540514 0.14992754062666 0.273097232005304 -0.230168679780849
0.161049487008984 0.0295610588841385 0.126962110294622 -0.265459360372019
0.132270834046363 -0.0640746697127348 0.0502650406452989 -0.263498830475056
0.0668795094822282 -0.127066716986751 0.03437677635575 -0.257891635140788
0.0148893856204414 -0.137520826479294 0.0431613187799729 -0.243004314228283
0.0116037907392901 -0.151264434559543 0.125649315697513 -0.237507569161868
0.0864953104486325 -0.142047875469552 0.249160318803346 -0.163065288768229
0.172233388592061 -0.073115094555705 0.331455125728529 0.0157118825161069
0.221993988637629 0.0804015948355146 0.203406638052868 0.233179767755053
0.033189802370619 0.227491198680809 0.00689637080605924 0.264983832351163
-0.172604416832924 0.158874310397991 -0.0798784475967245 0.0245696988713909
-0.217579538915869 0.0173307600950338 0.31454500112415 -0.159543708405071
0.0760159008658147 0.100024066690763 -0.3419565886284 0.197166402866296
0.119268696203351 -0.0326609707295021 0.113462688463215 0.0886302538803543
0.0158993540173867 -0.113712079788463 0.0622948316440805 -0.288497933509414
-0.0977447643799111 -0.050051830271596 -0.222289870875564 -0.319118076574612
-0.0708432059331005 0.0311992026655901 -0.42011393294476 -0.0493730218454129
-0.0307658750077838 0.0358348985622984 -0.32728374601081 0.19669315964347
-0.0256068273641991 0.046988640554878 -0.157105769884022 0.278126318876185
-0.0123303850997522 0.0404443169637472 -0.0601735466010664 0.287641695919168
-0.0278209085606543 0.0140117596524715 -0.0248642691707519 0.289000110779032
-0.0246457566144606 -0.0177272574618846 -0.0495266290366363 0.294315551170398
-0.0185421693551666 -0.0216738964957339 -0.134617255183543 0.277455219658762
0.0181463191805331 -0.0539864986206385 -0.2734948857102 0.225110783945433
0.084555845147433 0.0012921659464649 -0.393953912895587 0.0882965990087894
0.0695755736341109 0.124133409294358 -0.484539110374086 -0.017699922213276
-0.0194245369450836 0.153001067790073 -0.546198658827102 0.173785049367648
-0.0777998272488733 0.211301836218539 -0.364357101965478 0.139403896615185
0.0492557268373575 0.127067186922744 0.114372349711476 0.0888379988412414
0.0819289889936562 0.0230146914234019 0.0953563118322136 -0.306549866900104
0.0434998120790462 -0.0164507836117838 -0.211747252351471 -0.361739275522344
0.0401079508027792 -0.0107255251636591 -0.438458727414432 -0.0881148514414671
0.0427768553071896 -0.0456301475343507 -0.340550784022402 0.177441523650279
-0.000148650706601201 -0.0589147138448527 -0.163151977484646 0.263651858855759
0.0013606068511813 -0.0598249768359766 -0.0612002621003591 0.270250531829096
0.00668505550385347 -0.0884763099451681 -0.00777538535534984 0.271517105997541
0.0777541020870406 -0.0918118400814719 -0.0165258621504557 0.285170138309056
0.112413233381772 -0.0208915535363021 -0.0939451204374707 0.292701837758652
0.141417945104952 0.0406986015133076 -0.235341709484828 0.265291154828205
0.0875643921307691 0.166668095700836 -0.361996713602755 0.143321197544344
-0.0690477878747377 0.265061074033686 -0.42056165105887 0.0201885464803404
-0.210704867018765 0.262207423305318 -0.452241841634202 0.155890397005443
-0.241491229085553 0.275483823319463 -0.316685288455909 0.0572628937990689
-0.0698205706990715 0.275860015793472 0.148869190081596 0.0771634788869216
0.110704866483931 0.190216813516565 0.160198807277184 -0.320574188056317
0.189621497901914 0.0548055651864547 -0.165096671234088 -0.411619031440402
0.170343581568498 -0.0376568524296628 -0.421053365156308 -0.150060768727499
0.131465512954597 -0.119837748139305 -0.332914423930703 0.123811032092728
0.0362584638558712 -0.159735654251682 -0.157652688835885 0.20997199951844
0.0142676295916366 -0.151498543787248 -0.0540027395457123 0.213999641196357
0.024357482883051 -0.176661869966668 0.0199826859279721 0.215849700979261
0.144850560367146 -0.167373014409833 0.0413203179894268 0.242847542885558
0.213986892572782 -0.0539372132916717 -0.00685225888143018 0.290312604700508
0.270234439259885 0.0745676388999492 -0.151336241441901 0.31346677020252
0.142564091344025 0.28688175998346 -0.303273706350885 0.220200775538332
-0.133618837874938 0.388592598057466 -0.34710816132194 0.056264932953033
-0.339281656370219 0.356544702340651 -0.314078165857402 0.110419946054721
-0.380108300684013 0.280642361559458 -0.191439602671131 -0.0336013767188679
-0.218174496279269 0.376089946152298 0.21785772416814 0.0533029498104054
0.0842650780212207 0.351464909755483 0.248558648498399 -0.310893057703254
0.301485613177873 0.158566790956803 -0.0723722677373375 -0.439068283519353
0.291959932961173 -0.0361220000871868 -0.349550906160553 -0.219502564156073
0.217345374904267 -0.170168326348471 -0.289937329547499 0.0407717712311557
0.0791409405223973 -0.237824564429623 -0.134068572564854 0.120661867781887
0.0251916621979741 -0.222731693397042 -0.0398564154024018 0.127761688782799
0.0283329676483373 -0.23929996292982 0.0484394501669402 0.130562496552333
0.172582461058507 -0.226450680114048 0.101036131126139 0.167298573776611
0.273740666342357 -0.0996503732030666 0.0929987349865223 0.251168195345868
0.366534209980771 0.0624120571138676 -0.0452016924202274 0.331722430749069
0.207793440843763 0.345778171270864 -0.219448811664349 0.279585227059192
-0.143074940705262 0.458980658899489 -0.275607224450428 0.0713549740171733
-0.399485520051609 0.404998342909684 -0.158788281300958 0.0395109862790554
-0.456056149107994 0.228322418355203 -0.0047607943597155 -0.114535835490805
-0.348039352091478 0.387540209289233 0.310146022101805 0.0228022419354925
0.00552424157515636 0.446550349020771 0.337750415221081 -0.266067166488029
0.336069405041999 0.257031976463577 0.0494063574335639 -0.418845556178053
0.363951788498671 -0.00747321285017453 -0.222411054577246 -0.269101088431978
0.274738231263086 -0.183492149720444 -0.208025536991875 -0.057037919948082
0.112616164446138 -0.275975773133802 -0.092362445398461 0.0115043465728131
0.033029673298674 -0.260055264865204 -0.0194230056114914 0.0237170905525462
0.0244118224628213 -0.270382702299997 0.0728340956130471 0.0299878514296316
0.172563611740102 -0.255489049116425 0.147980829094354 0.0735678358805659
0.290857338782736 -0.130729098016258 0.176794231864965 0.18370289208828
0.405772627427317 0.0452358389111715 0.0537154141994644 0.313534950213669
0.232852256805918 0.355482719242302 -0.134290180861102 0.300275941696469
-0.142402852098344 0.459367795395292 -0.212792107967621 0.0643259788649344
-0.406868363755478 0.388526818861644 -0.00935119883287442 -0.0423487255272117
-0.437280873449582 0.138897857573358 0.207128076698867 -0.170260124511885
-0.403128432184476 0.305671364075632 0.404258404422524 -0.00139284832947757
-0.0817851265978191 0.43026265379253 0.402012373421237 -0.193806577766617
0.286614542152925 0.297046251192327 0.164344970551744 -0.351039980194133
0.357507444980508 0.0258609818171669 -0.071692771256785 -0.284324347939793
0.278246322717599 -0.162147180712953 -0.102770026142246 -0.146359052240984
0.123694187953017 -0.267035708023917 -0.0405997776455512 -0.0997546751629403
0.0343577702454671 -0.257433835666243 0.00340908274637336 -0.0815747991976303
0.0193283962197284 -0.264199028297615 0.0921548576347394 -0.0730106378024124
0.154264281953742 -0.248669027427728 0.184068773989566 -0.0211270014841076
0.274729407915536 -0.130818252172271 0.238967301472403 0.112054147616086
0.38556380037008 0.0485226185244793 0.12324875182209 0.278021692516263
0.197873714564646 0.338079208974922 -0.068484290962414 0.29039353450947
-0.155651879698228 0.397019908493845 -0.159990249429365 0.0437108094625984
-0.37789489665567 0.305336876596582 0.122939940627827 -0.112046517803974
-0.325721510541279 0.0338927692988845 0.394278424950113 -0.201888451622925
-0.350082910702684 0.169442758388852 0.471708797591918 -0.0208500540849131
-0.12217581201912 0.314170320672376 0.42829232975501 -0.120367681611842
0.191289128062472 0.250805509603371 0.241874611505283 -0.269443715017521
0.277070705833003 0.0395820979683639 0.0563305866402941 -0.273092569410814
0.223427406099508 -0.118093673989003 -0.00630599737254697 -0.216096455891833
0.106799895212598 -0.213233145649911 0.00499639867706678 -0.194897539045341
0.0290863240104232 -0.21364025236429 0.0233939184798612 -0.173700461533911
0.0164754404905207 -0.222456185266916 0.108475612685625 -0.165029942845343
0.125783313607233 -0.208539581486318 0.21453007437993 -0.102690637536347
0.235145475961186 -0.107875129268275 0.28525766389666 0.0548501977747417
0.319136937049671 0.0663486638285328 0.167745679515486 0.249591451320588
0.120558439579687 0.297452839810148 -0.0257733751243623 0.271736623739734
-0.174104633392818 0.29028167611807 -0.115979987983647 0.0241396068523149
-0.312859704788571 0.170465112495613 0.229848580426745 -0.152448408062866
-0.151984498319655 -0.0713150624342682 0.514871001130734 -0.213703425864628
-0.213267904115617 0.0205063302377084 0.493199003889771 -0.0438388376118025
-0.108242854518576 0.147649384013784 0.429417073561112 -0.073809437570705
0.0847837492598631 0.144611715723749 0.278671383564476 -0.216370705841406
0.15253410615978 0.031401126666951 0.130829669073285 -0.262219362086803
0.128811166959961 -0.0606969282270221 0.0514542235662095 -0.260727457438774
0.068201654655545 -0.125853676983692 0.0304615678625366 -0.257637778993961
0.0185161116572142 -0.135336516391663 0.0375339023373656 -0.238833328219328
0.0133138471691407 -0.14884214015924 0.1226536916669 -0.231758884053717
0.0866350789742362 -0.142416490130726 0.246123927476163 -0.15896141348711
0.17365773431705 -0.0727442554492917 0.32818508016327 0.0227553209285795
0.219561150328184 0.0815507654264181 0.200601504508588 0.240960041506347
0.0297688387572738 0.228000124236991 -0.00402781852278446 0.26129831178208
-0.172722153197045 0.154405666568936 -0.0845577984022745 0.0179840344495086
-0.210321507024912 0.0137178192900726 0.302592212181132 -0.153844039655529
0.0751489300263455 0.0983408952624105 -0.335402785518284 0.202449027472789
0.118478178636 -0.033794728242601 0.117728079677857 0.0869449285137614
0.0140953446397869 -0.114676328109429 0.059247914267601 -0.29011863356966
-0.0989861213993046 -0.0469675064119385 -0.227328678429531 -0.317916438236786
-0.0718000542802179 0.0328215720476089 -0.4218199350635 -0.041426169054174
-0.0321032509032807 0.0365510001102879 -0.324915682990522 0.204288972540479
-0.0247231349444061 0.0478434958614095 -0.151753570750512 0.280989383393941
-0.0115046135412907 0.0401960062009888 -0.0517574928395024 0.289132909770421
-0.0276578623723876 0.0143376625477874 -0.0163555422984466 0.291256739050925
-0.0259634129566806 -0.0177188198404675 -0.043521631915388 0.297770883501708
-0.01737327980911 -0.0206928402739644 -0.13127525455887 0.279892338357674
0.01743117196686 -0.0536998044770126 -0.269047229007055 0.227980407007593
0.0840769936144289 0.00116799881068638 -0.39410068535147 0.088609792562521
0.0729054496927322 0.12256180981109 -0.48627651932175 -0.0130073792890205
-0.019784339395249 0.15259132930679 -0.540864556660285 0.184093048489665
-0.0744551530654804 0.210623067024309 -0.358994241190812 0.146294049946431
0.0514429401214426 0.126644009776785 0.118775724810453 0.08824162291407
0.0829611892449978 0.0202079412352805 0.091959624796079 -0.308203953315594
0.0423033728456735 -0.0174881425887936 -0.216619320787559 -0.3602007174266
0.0384092330734019 -0.0114015862619753 -0.439792262064802 -0.078767608233826
0.0396230215387118 -0.0476309269874834 -0.338106910708109 0.183817973055758
-0.00159014140047465 -0.0578271197134677 -0.158738829965973 0.266158703699598
0.000853592836182244 -0.0594289551487085 -0.0538036965969865 0.272175493654725
0.00392312364012353 -0.0889185033556045 -8.95811830098839E-05 0.272592089791529
0.075238011282172 -0.0948380776333855 -0.0111361935535925 0.287363362250945
0.113404179655204 -0.022391701503809 -0.0896509490174468 0.295050874148779
0.141941694869855 0.0378510401228985 -0.231191553104607 0.267731319769023
0.0899777149159499 0.165544047386661 -0.361345782238759 0.144874890462774
-0.0645582906202828 0.265985676360419 -0.4221612977208 0.0246412211309768
-0.208210906553613 0.263329731757916 -0.450580945299963 0.162867835880354
-0.235257288704419 0.277430089766274 -0.312937002279241 0.0640256559703861
-0.0648090782805341 0.277949076622689 0.152700615752088 0.0774446352857302
0.114272723210375 0.185664783542765 0.156083280596121 -0.321977635072526
0.189259146958852 0.0502382369088536 -0.170507319569865 -0.409389919329199
0.168056353926268 -0.0418509113627542 -0.424953896968425 -0.139641531423688
0.126981892797849 -0.124499545252959 -0.331331995748288 0.130540468237683
0.0326248298260525 -0.160132719787712 -0.15450136987732 0.212488692089574
0.0115236661303518 -0.151625652248362 -0.0492280753638821 0.216203801375321
0.0203395277672547 -0.176186422392012 0.0258242454679803 0.216007401782994
0.140685715965628 -0.172730722742542 0.0463225920293178 0.244160823301035
0.214615428501248 -0.0573722822456899 -0.0018533246179731 0.29145415961273
0.270948175091269 0.0682445300031674 -0.147742899343498 0.31544065396409
0.147131269476033 0.284060868748705 -0.299778969208993 0.220138924028319
-0.127415738092319 0.390784729861523 -0.348449040570387 0.0602916674057045
-0.335622127288134 0.358527764912503 -0.313344637766883 0.116077074554767
-0.373345633617582 0.28395864874271 -0.191049248462065 -0.028229428156122
-0.2110549484137 0.37959852044932 0.218924009055696 0.0539434317305366
0.0900954992819656 0.347141313270205 0.244516046851122 -0.312134085897132
0.302480643788614 0.1505971356282 -0.0776858564853304 -0.437675289962189
0.289792059022152 -0.0445556886493435 -0.354492716158501 -0.210199413943205
0.212903060664712 -0.177530345402719 -0.289865643884771 0.0451675140535071
0.0732547142910947 -0.239209165712277 -0.132951721647719 0.122728909818558
0.0210949640461219 -0.222360535815485 -0.0379251503802253 0.129871910902035
0.022636485819859 -0.238068840752946 0.0518389240585763 0.130302977342049
0.167726843914967 -0.232073472957614 0.103947324206252 0.16824635884536
0.273963459792871 -0.105250477805169 0.0978913019205241 0.250795921371293
0.367554453719546 0.0535607447039462 -0.040722674377802 0.333834341858548
0.214281008505394 0.341925271952999 -0.214021382398446 0.279541216263675
-0.136793626518217 0.462444433588266 -0.276165987679261 0.074776308434178
-0.392919323179307 0.408612693428924 -0.16108660784298 0.0418019591151503
-0.44895688959734 0.232582412043754 -0.00629665300192423 -0.112175317677585
-0.342100342547803 0.393403346203879 0.309307238588566 0.0234902248658599
0.0128357704804808 0.444360036013394 0.333599378703995 -0.267181278064322
0.338085951255282 0.248612505809169 0.0449502388389689 -0.417808485510049
0.36208291826059 -0.0168798917319415 -0.228059746766974 -0.261819563495597
0.269905737669961 -0.192316454153421 -0.209050193194217 -0.0531031316461045
0.106810429244229 -0.279085594777145 -0.0941296526679804 0.0117232131160228
0.0280183989517613 -0.260557764731983 -0.0215390771564787 0.025336329099073
0.0182321735784443 -0.268162884539711 0.0730522475031882 0.0290580749431885
0.166527938541763 -0.260509244642556 0.150343363706559 0.0726206614225768
0.28894449810345 -0.136649680641951 0.181697381579804 0.181652896842561
0.40579821549721 0.03404535987603 0.0570774621880873 0.314140111611837
0.238995760116557 0.351418909197577 -0.128325053550079 0.299728333217066
-0.135759212238905 0.46207477576179 -0.212881570590244 0.0677355387976287
-0.399468035669636 0.391179220856612 -0.0141067726365249 -0.0431278943456948
-0.431432928025939 0.141958514461941 0.20383400071206 -0.170284732026498
-0.398391153545858 0.31199582247336 0.401435164779431 -0.00310436932230563
-0.0756999004000604 0.428330980287223 0.399826288972869 -0.195313678827726
0.290097526143716 0.290122949004203 0.160082534576611 -0.351238770132059
0.35611958796515 0.0161153439016635 -0.078107555470182 -0.280061924996791
0.274435480162145 -0.170725730225219 -0.105574210891501 -0.146032219558228
0.11734545954478 -0.270682551045726 -0.0456521876495782 -0.101033585195625
0.0296982682571265 -0.256994055621378 -0.00144258898866963 -0.08065478232269
0.0139386229266224 -0.261673504117337 0.0893067389063674 -0.0750040406989332
0.148511111432068 -0.252258602244823 0.183655124796566 -0.0236179829714753
0.272319150641911 -0.136871100015437 0.242603642009043 0.108730124015692
0.385086094646036 0.0387039388548401 0.1269051540413 0.278214830196306
0.205110817807727 0.332950250976382 -0.062641005809578 0.289817878372447
-0.149354050211618 0.399655623989714 -0.160438016935456 0.0455612684449771
-0.371177867958466 0.30688450360747 0.116224806407283 -0.115436982250528
-0.322943006883364 0.0367120538368909 0.389831172646175 -0.205101611498139
-0.34658665812832 0.173983495381449 0.468274596086253 -0.0236271758323007
-0.117600949033189 0.313726311380265 0.427253905437906 -0.122388586314493
0.193063423928927 0.245968176813317 0.239132167022323 -0.271226262736848
0.275999923808948 0.0321707075931735 0.0500312008225116 -0.272644702348585
0.220467272474718 -0.124974285633034 -0.0103686027196709 -0.218447052157872
0.101377805754802 -0.216587073827375 -0.00285168756243331 -0.197382334784739
0.0253683638014927 -0.212115667824719 0.0156474787426982 -0.173851931183262
0.0116245944063811 -0.21980916857376 0.103044119254592 -0.166756213690131
0.120589447757814 -0.210752244917859 0.213123135686809 -0.105480776458393
0.232333185042424 -0.112081588808728 0.28755184048683 0.0503890704936486
0.318468831776128 0.0580968940324962 0.17222350144739 0.248119972195603
0.127075799827261 0.293961210344449 -0.0216364389855718 0.270859540819674
-0.16920910032063 0.292585485548619 -0.117067094216154 0.0250601257078597
-0.307990312519754 0.172230192069773 0.222086783325148 -0.158287718520016
-0.151143096084596 -0.0699657656245361 0.510940714050883 -0.21881744591622
-0.212311767481186 0.0224551166397948 0.489379555299579 -0.0454566425832394
-0.105609817994387 0.148183676578726 0.42860948861728 -0.0770896087699265
0.0855191020894045 0.141920503144874 0.275749058333312 -0.218519184123505
0.152282221921131 0.0265282081048272 0.125516287895625 -0.264570242547994
0.127040053741839 -0.0643845521850545 0.0460052485727133 -0.264697383746936
0.0650269689973329 -0.126969417348075 0.0214727111385526 -0.260291130352416
0.0168149402210513 -0.134206693277627 0.0293911681252657 -0.238374020002965
0.0104020787282777 -0.146613654615738 0.116214867649705 -0.23395775067413
0.082386702560823 -0.143215262945681 0.242972807988189 -0.162299326306922
0.171165671565826 -0.0754322987359282 0.329824480960669 0.0175710857238043
0.219676028420181 0.0759157180197846 0.204223179689729 0.239663923186775
0.0341872422206466 0.227227953726425 0.000184329243077004 0.260459639857054
-0.170463997974875 0.155304834293845 -0.0854649825506138 0.0184023211928987
-0.208123897282544 0.0157403791126706 0.294714448831257 -0.160444773296776
0.0766216600775694 0.0984593445818824 -0.337374479447531 0.214291577095429
0.120940910617794 -0.0366705372985428 0.125123947367525 0.0866929380565106
0.0122844145749892 -0.118091553906112 0.0568983406482103 -0.300300941701505
-0.102108030644624 -0.0448563296215634 -0.239231826278396 -0.324678785101247
-0.073554514113445 0.0363042310572798 -0.434956206471357 -0.0332418595938489
-0.0341742639329978 0.0394610568439863 -0.329999354541035 0.218889889184861
-0.024327239939813 0.0500064785854761 -0.149471067532746 0.291958585836394
-0.0103951792543271 0.0405975750790168 -0.0427233175842539 0.298544144492282
-0.0287790584687978 0.014817459459481 -0.00748987402318964 0.301582123468527
-0.0275991626046368 -0.0188156204303507 -0.0379016447621778 0.308814950007113
-0.0159810748608667 -0.0212582414326223 -0.131544334229535 0.289547555108467
0.0164983213377976 -0.0550193559850489 -0.271685704579582 0.23700721390067
0.0854451408939809 -0.000121563599181227 -0.404140225566655 0.093636853578358
0.0773443238072772 0.123696418408804 -0.499158469131415 -0.00564571052765698
-0.0201437309372309 0.156824118289824 -0.551524176030961 0.19888282302841
-0.0726448031238877 0.215309171191272 -0.362924797593572 0.157197094296087
0.056157670381735 0.12927248776017 0.126231124446895 0.0894181489941504
0.0856615190767087 0.017148551262984 0.0899635104964367 -0.318681248875193
0.0429440081698491 -0.0190720319353417 -0.229181774179477 -0.368136448876197
0.03780200550049 -0.0128136111587743 -0.453173694286892 -0.0706227423117397
0.0375527083124568 -0.0502465608172425 -0.343239604526248 0.197711189316353
-0.00322099570144108 -0.0590131032879489 -0.157604060623936 0.277697025475689
-0.000838625093966901 -0.0612230207334385 -0.0472897249611832 0.282201183013747
0.00180879845627534 -0.0909308550087347 0.00819682735933218 0.281609581982607
0.0743894116040204 -0.101066926571608 -0.00478658977943565 0.298167935052934
0.118184131435972 -0.0262523830356406 -0.0866976405765794 0.305769197882783
0.146387184105039 0.0356903213821207 -0.233261834661684 0.277852323386432
0.0945718840607255 0.167862966128303 -0.368446109322475 0.149946224289111
-0.0612050333927151 0.274371947236246 -0.433991092909818 0.0311964423001271
-0.209913136307762 0.273048289544171 -0.459391538987223 0.174238653467685
-0.235369428912493 0.285724348477443 -0.317662522953495 0.0729177970350379
-0.0600430102562995 0.286967987602274 0.160639777378752 0.0785907371348801
0.121244638150406 0.185063382516387 0.156636632022685 -0.331879910526435
0.194687176301587 0.0467398437092743 -0.181212347476874 -0.418645828784114
0.169767511044481 -0.0481202715748935 -0.439210849197415 -0.132869879050306
0.12571894829539 -0.132228459262343 -0.338288865737935 0.141189839197288
0.0293698117717425 -0.164580176414535 -0.154488110750005 0.220919160643181
0.00839457460627975 -0.155405612919244 -0.0445628024432772 0.224304328897839
0.0156949728410646 -0.180759319295421 0.0327602134107365 0.221998351462212
0.139209146418416 -0.18240088633401 0.053173078996886 0.250826398964352
0.22168408761708 -0.0646131818881986 0.00428149888188165 0.2998698221154
0.279342834636251 0.0628010075641636 -0.146456992993236 0.327199424220937
0.156556153125517 0.288379064193794 -0.30423357930164 0.227673402795771
-0.123433922790112 0.403442890668349 -0.358303681739991 0.0669974743412702
-0.338294976414213 0.371249303028101 -0.320867498715304 0.124758026393746
-0.374834802652552 0.295578422676276 -0.19478234017859 -0.0225948835991598
-0.209557742740241 0.394581710539333 0.227329529666218 0.0547991679337338
0.0986977893840482 0.351243096623739 0.247277434307333 -0.321661364828998
0.31230377193582 0.146840916270344 -0.0865245608203193 -0.448357846106905
0.294116319991812 -0.0543909587922077 -0.368222302410419 -0.20471837800966
0.212716168455117 -0.189711460055458 -0.297222804403247 0.0528545043702678
0.0690130853295586 -0.24762908834747 -0.13497258615942 0.12795632998484
0.0160513639624349 -0.227609699355592 -0.0366211256669995 0.136043539616576
0.017084798095902 -0.243808235535583 0.0568230997154386 0.132631196020919
0.165210709011317 -0.244143834910464 0.111294287339572 0.171807147224366
0.279100254334089 -0.11482038683527 0.106951914379375 0.256155283689979
0.378009473130429 0.0443074747344021 -0.0371121814981214 0.344087361375983
0.227032185328551 0.346152008195459 -0.215094244489443 0.287712541865516
-0.13255988853158 0.477214217510357 -0.283754522531549 0.0820598618227827
-0.397782706126508 0.423288631493143 -0.167141510422548 0.0451046857543153
-0.454046458652777 0.242472125431449 -0.0084350304712027 -0.111427854949517
-0.343309967859962 0.410532966150929 0.318328641518064 0.0226873317831903
0.021771116773822 0.451285364631959 0.339577888699932 -0.276613463736029
0.350283448398817 0.245998851451811 0.0394846375137786 -0.428877929384666
0.368843186433364 -0.0293993978031434 -0.240835719176957 -0.260957431101903
0.270822311228633 -0.207318741794213 -0.216274362736011 -0.0508460513778727
0.101278368225554 -0.289797801838854 -0.0982945145381881 0.0136177204960527
0.0221254439966288 -0.265839639674392 -0.0230665055764583 0.0285541368901098
0.0121049581567896 -0.273845685448786 0.07555673718685 0.0280866102941358
0.162719663131264 -0.271827192923107 0.156245949235096 0.0730718254287042
0.294373539775608 -0.147483585670638 0.192609997145406 0.183432695586714
0.415893625980781 0.0228463861199323 0.0635153456325939 0.322449719076273
0.25316736889653 0.35465459208966 -0.126557582249345 0.30695493786214
-0.130026510324858 0.476500871244268 -0.218791078268521 0.072399389207847
-0.403670556412544 0.406888854632706 -0.0189966437384833 -0.0448914534913138
-0.438165442953065 0.151499903438464 0.205457281757506 -0.176348700079516
-0.401594465518987 0.327806175499891 0.410423088651118 -0.00633221290382518
-0.0685225146490962 0.437792486017822 0.407225596340298 -0.203580936086481
0.301429900940689 0.289529069874771 0.158553849269055 -0.361793384625854
0.364046506233768 0.00654980391935807 -0.0872156118491141 -0.283310288435117
0.275685364052511 -0.184526060440029 -0.11170008056661 -0.149247552824729
0.113274600515189 -0.281999675059316 -0.0518952144521747 -0.103985782186014
0.0239439981699527 -0.262866002245067 -0.00667516884473206 -0.0810990547479752
0.00783763587829293 -0.266615957899145 0.0891191347005631 -0.0783420279832683
0.144835389807799 -0.263407745432296 0.187944962589878 -0.0264082806354242
0.277008335185433 -0.14659270347839 0.25322363905802 0.107836104251362
0.394539850286771 0.0272155527167471 0.134382372741929 0.284513446534599
0.216824542827813 0.33599710059669 -0.0586523734804981 0.296469173971943
-0.14585902416295 0.412756381347539 -0.165072862799753 0.0499725443549421
-0.374499904668487 0.318332113756249 0.112045869528376 -0.122196305958764
-0.328419311066531 0.0417278142235729 0.395588102585225 -0.213951349463038
-0.352869745834116 0.185100257132579 0.477504877901299 -0.0288732661302368
-0.114479209882773 0.322183429080853 0.436711602861225 -0.129659390826448
0.202069895473372 0.247171046630886 0.24063851622213 -0.279878772613967
0.282933687118896 0.0244861639087474 0.0444683438020892 -0.279513078746935
0.221854879541343 -0.135610169881455 -0.016566391795865 -0.226186271762812
0.0981265013108614 -0.225915031385156 -0.0115359775557008 -0.204370604294042
0.0214241977795685 -0.21740104585449 0.0084259013433251 -0.176870531333523
0.00691909558307188 -0.223187755587116 0.100026456144058 -0.172681873248137
0.117171609104805 -0.21833782561196 0.21598703802743 -0.111020832998461
0.236094648534214 -0.121212479575163 0.298282250831061 0.0456473321809271
0.326831349835988 0.0499242973417767 0.181177299677772 0.254075335730685
0.136709578796408 0.297946342269614 -0.0166061167844827 0.277105767561127
-0.168065571509998 0.303302061174285 -0.12099522178203 0.028113186656987
-0.311579226868343 0.180455025818214 0.218967819750289 -0.169089919676713
-0.155766611875403 -0.0707178971635898 0.52003272789609 -0.232619719750959
-0.217255509545616 0.0259058293262802 0.498769313343331 -0.0511990541246508
-0.105534380087639 0.153371201895088 0.440015403808058 -0.0839508651177668
0.0888163539072974 0.143075433766279 0.279750832195749 -0.227200186155486
0.155929925162717 0.0220385949596549 0.122144075692634 -0.274160541774552
0.127828715312139 -0.0699694743111332 0.0401826703899936 -0.275438404311782
0.0633423674375155 -0.132150709475024 0.0118328721688638 -0.269712302043864
0.0143204586631334 -0.136156843935609 0.0203809800977084 -0.244403144211193
0.0078985707501048 -0.14783289279021 0.111129954167573 -0.241236823047797
0.0805438312242931 -0.148122391457812 0.244712789744346 -0.170693894617564
0.172847686410535 -0.081407814615804 0.339161453332568 0.0121904380941991
0.225474274553464 0.0719421494989644 0.215416770632234 0.244081172268156
0.0399125496153923 0.232386885885228 0.00574678105837419 0.267037035493217
-0.172238175346496 0.162213312235498 -0.0889194188281165 0.0202288248885094
-0.211264685564414 0.0182640231683888 0.29341320534143 -0.172789267834032
0.080895991800584 0.098339158997012 -0.339296294858384 0.236929953075585
0.12560519612051 -0.0432833683859571 0.136357692935239 0.0850673038840941
0.00734022251853554 -0.124200921736866 0.0479191915796885 -0.317592204055588
-0.108000065633658 -0.0416326023858487 -0.266098296073611 -0.331265180941785
-0.0750996787090373 0.0418318695534258 -0.45439407699228 -0.0152785554928688
-0.0349997102579255 0.0438913128039201 -0.333401127718722 0.245253251829953
-0.0228259098190826 0.0543940136557517 -0.140999081927404 0.312101015319238
-0.00902707278085707 0.0422911808783022 -0.0280588767066421 0.313320644126549
-0.0293111721710958 0.0164033361603119 0.00932653962675334 0.314741618963976
-0.030629481461621 -0.0185874357686775 -0.0251610341826161 0.32574615482458
-0.0163454271689758 -0.0217627728744913 -0.125684434254534 0.309055760533556
0.0151045880242207 -0.057591140812901 -0.273066746049794 0.25618508932698
0.0890867275281932 -0.002502994549258 -0.419977158856421 0.110347068045495
0.0865647957793081 0.125413354111004 -0.522564623600933 0.011947472690722
-0.016944737434275 0.164469619129016 -0.564558210246421 0.229224206886159
-0.068236448886364 0.224584376424262 -0.368683783992906 0.179731032073761
0.0650546082560126 0.132729418965602 0.137988162688048 0.0889633372189152
0.0892231003478362 0.0118908715362434 0.0815145441983147 -0.337091493231601
0.0440978157718001 -0.021693238496173 -0.255169048173031 -0.375940386531304
0.0384456943725125 -0.0145038410541657 -0.475957160708427 -0.0516979440153381
0.0353838910018173 -0.0531670945006438 -0.350079552195709 0.223566016701663
-0.00674572555156682 -0.0608529589181951 -0.150739999789662 0.296045142732087
-0.00385653662980252 -0.0641394395669752 -0.0326968451491502 0.295568330765469
-0.00361868402699053 -0.0947089895282926 0.0244208000373689 0.292618109954844
0.0711235552772253 -0.110401161881791 0.00932367835199059 0.313157771843121
0.123549903105196 -0.0332750068860899 -0.0778025555660106 0.323635214827021
0.154518434432732 0.0301250440000637 -0.231806567312468 0.298141206518331
0.106125054753645 0.171856372675318 -0.379768622743557 0.167022293913574
-0.0519698562064133 0.288380938752981 -0.45234054025943 0.0493319703423693
-0.209870957067202 0.292146546578753 -0.471695917037549 0.202182418226874
-0.23162141344293 0.303508843373947 -0.325749333040829 0.0909337155563568
-0.0496311165124627 0.301749397877088 0.172663910902935 0.0776514678092427
0.133351602539546 0.184593026969901 0.150619890609261 -0.351626947521307
0.203863572995533 0.0379588108764598 -0.205873811730976 -0.430139440510553
0.172783090636568 -0.0578571305634115 -0.462995233252641 -0.116411267856764
0.122503957867287 -0.144672205173213 -0.346539627872148 0.163537048084779
0.0226446009768272 -0.17371887158019 -0.150644492135723 0.236480966803577
0.00125554951953058 -0.161804659313331 -0.0346931163047891 0.23713426724428
0.00735823494253797 -0.188472114457478 0.0459497247078304 0.229426181283433
0.134768402275822 -0.198901070658998 0.0675048761523528 0.262307793447949
0.229352619740445 -0.0776502112333115 0.0176681064774542 0.313743572341678
0.293510531231262 0.0515260857670274 -0.140782310371327 0.347874599873905
0.175670991396353 0.294441273733285 -0.308917774969951 0.246838820429092
-0.111634441655307 0.427589758710893 -0.372928338718309 0.082717525846365
-0.337727388746278 0.399122020992664 -0.33084111449588 0.143014756052089
-0.376683581601414 0.31752545061823 -0.202137459181024 -0.0131267575656394
-0.200908587610533 0.421136821762937 0.240191124712876 0.0515576620929683
0.117098342568174 0.35782659974826 0.246056204014705 -0.344326111480638
0.33025172059153 0.137132044659218 -0.108000254901998 -0.463396149340111
0.301854124722932 -0.0716044318026168 -0.393078514808041 -0.193790532552596
0.210074063686722 -0.209730758662111 -0.307882580386921 0.0690269664545871
0.05868153939458 -0.262694800924881 -0.135532322008133 0.139538812567472
0.00597905706620543 -0.237228817620012 -0.0314218479781353 0.145068552556741
0.00625354063247328 -0.252626562579408 0.0661750644699756 0.135852516778348
0.159068596825267 -0.264035208966969 0.124930893554041 0.176516255909715
0.287274759698643 -0.133710599595029 0.123985511586464 0.263505206728146
0.394747628160402 0.0260186974811039 -0.025146174908623 0.361980693949327
0.251683324245463 0.349812927120993 -0.213337071195242 0.305877013799637
-0.1168026409002 0.50529232841208 -0.294090679148541 0.0953691360099585
-0.396270565230454 0.45519222970926 -0.175090186862296 0.0532763999329645
-0.460737194366925 0.267207482388056 -0.0119980055945384 -0.112491052519687
-0.340950238605429 0.442493777144229 0.332150253173223 0.0152383252803729
0.0416852863176197 0.466470615115009 0.344033123765648 -0.299171381344397
0.373755078178222 0.239488918526947 0.0245923605059135 -0.447920487671926
0.381334138166045 -0.0481165235112143 -0.262533526787959 -0.256374379555455
0.269945530590507 -0.231544975347141 -0.228437320235918 -0.0434568259530909
0.0903012834643912 -0.308494245242548 -0.103614089825035 0.0176275605440547
0.00980008287852338 -0.277140385120139 -0.0230948445171117 0.0328079741092394
-0.000289267925556968 -0.283339382725649 0.0794531502576226 0.0261923635028348
0.154686315336827 -0.292476223814721 0.167167410238735 0.0703911648290251
0.300559266452162 -0.167399737865797 0.209975974439671 0.183872937419853
0.432603922330571 0.00241624404641911 0.0792524791567692 0.33674152540507
0.27953636862071 0.35693386958924 -0.119105440423183 0.323089727458814
-0.116187029744832 0.503014272245106 -0.226408071792746 0.0845738863009006
-0.403714213695321 0.43733053333609 -0.0262559022087616 -0.0465949534154905
-0.446907269596094 0.171032476770188 0.207985897672314 -0.188319738500624
-0.405248452326568 0.359738858635619 0.426102489386237 -0.0190150324330804
-0.0549427409325249 0.456955633161453 0.417691173202157 -0.225561011940292
0.324315907468759 0.287835637130932 0.152463854636803 -0.382748849289166
0.377332366555899 -0.0121515655242829 -0.104058778716043 -0.286511332131238
0.276619630380325 -0.208107272014652 -0.124362531991554 -0.151606038197208
0.101187427481408 -0.30038996504502 -0.0619073734978517 -0.107145956230841
0.0123534330537846 -0.274017347595752 -0.0126687080708007 -0.0817932811497378
-0.00435473146888185 -0.275803105471859 0.0888068377215607 -0.0852687329053573
0.136200737047692 -0.280664312261421 0.195585203392981 -0.0343479674898307
0.282210518843185 -0.166115515892294 0.27001000902694 0.100417545541372
0.410311058946402 0.00756806293189973 0.152640564445239 0.293944906487584
0.241091626399542 0.339314261421697 -0.0489181432968183 0.310150890417556
-0.134219618062139 0.436645481694533 -0.17112488048512 0.058322985495935
-0.376107639438684 0.345453535808069 0.106340653076587 -0.133567588459279
-0.338921989922074 0.0539226450941289 0.404501704944731 -0.236860414122238
-0.36011018676364 0.208115691440416 0.493797361256731 -0.0446211585737817
-0.106832184734724 0.338813871106047 0.451040843840411 -0.149639549069941
0.218531669214614 0.247929566166187 0.240311455156049 -0.299991776057594
0.294464694926469 0.010935384266599 0.032963296321912 -0.288819998850981
0.222748280980242 -0.153571865144157 -0.0288733477318666 -0.236656973976861
0.0887658840418997 -0.240299476248992 -0.0260084788778866 -0.213623095089489
0.0121581395989521 -0.226298706996019 -0.00262154510149037 -0.183041565729272
-0.00269790514351512 -0.230616179196242 0.0953235299248206 -0.183465359523086
0.110738991008641 -0.232364902425158 0.220443576004797 -0.12436409830162
0.240123479718293 -0.13632404214389 0.31426732878647 0.0346439416544882
0.341152506948708 0.0340982389537501 0.200115364308891 0.259061306465539
0.155521651901967 0.303607804643758 -0.00550980399519231 0.289001530033128
-0.161775505936959 0.322755661714305 -0.126203322093594 0.0336405000491344
-0.316035462293728 0.198208099838224 0.214792401516427 -0.186826592631241
-0.164414460934562 -0.0679761514923678 0.531634839894158 -0.259699907849649
-0.225176550316165 0.0354259034197185 0.515065152737939 -0.0707678600235233
-0.103815386248381 0.163279545783974 0.455612737827596 -0.102936141435511
0.0970349930131839 0.145332866784864 0.282637166423371 -0.245413858563977
0.16225251678249 0.0144935644698095 0.11375452236383 -0.288902260571982
0.128896482170527 -0.0794405107463399 0.0281165140915153 -0.29178634326519
0.0587147444549299 -0.141646165928528 -0.00537084518402134 -0.282974535920967
0.00979670009688068 -0.142407985421344 0.00612029868996085 -0.25409807432131
0.00249255422965849 -0.152419050180538 0.102670932096002 -0.255306367183281
0.0761619359978475 -0.156002213616487 0.247589819139465 -0.189083237782731
0.175439891253155 -0.0921476314467675 0.355605953804282 -0.00269086292572327
0.237736530102442 0.0629194123765611 0.234718026842812 0.247196690226179
0.0517288281259857 0.239112954420216 0.0160725687397544 0.278682990818964
-0.172234607642517 0.175319786660117 -0.0941085669152093 0.023963579140342
-0.218265629545317 0.0260102962196091 0.29098486829615 -0.19373458912494
0.0868546726574917 0.0957327718111678 -0.331515652374639 0.268753553132087
0.126998192326168 -0.0538548535599697 0.1494310389892 0.0780750476128698
-0.00232926033295945 -0.128693527873298 0.025826809004879 -0.333812310270737
-0.113396183874603 -0.0346050550480512 -0.300901764302377 -0.32528571614301
-0.0742078578549866 0.0501509770628856 -0.471778111329444 0.0188628780238182
-0.0330761271741164 0.0505140729540653 -0.326075841416433 0.281461085940801
-0.0189676797370981 0.0587333715158637 -0.121094615457882 0.332676849120933
-0.00569805954551405 0.0442828172058975 -0.000328756698466009 0.323663732260783
-0.0298238794465371 0.0190952297335791 0.0373152308878956 0.325892298792061
-0.0335050879041643 -0.0170611899424703 -6.68080491499381E-05 0.341492417140062
-0.0170795730401329 -0.0216859650960535 -0.109999347860096 0.329716262095958
0.0113262657997319 -0.0601428264553664 -0.264576499674625 0.282684345036462
0.0917095789022891 -0.00770048647909445 -0.429481157502625 0.139799789281227
0.0995712198869844 0.123189024865287 -0.540959337584785 0.048897288019448
-0.00761516378830706 0.171173530240425 -0.566558289421067 0.27914808940735
-0.056430557604653 0.235422948831842 -0.364947748562938 0.211845906726307
0.0779681879032512 0.132819126335309 0.151498992384937 0.08247672688884
0.0923403096910624 0.0044486440651547 0.0606886192568348 -0.355628607963649
0.0441839382125862 -0.0269615156938396 -0.2936755182176 -0.37282724141097
0.0378044896843896 -0.0178686596496925 -0.495984909361727 -0.0167823595242054
0.0307910287856203 -0.05699386553701 -0.34512029824317 0.259464152620812
-0.0112666704203874 -0.0622110691732276 -0.131835805246482 0.316798955793271
-0.00868754271124171 -0.0655338725503504 -0.00856389226370783 0.307786252631856
-0.0121706738085114 -0.0973717670592407 0.0501215580304992 0.301637122107873
0.064112917740997 -0.120830558279678 0.0352954616315036 0.325841834746128
0.127218150156493 -0.0446360445484749 -0.0587756908077512 0.341683104629021
0.162078783513545 0.0186691077732225 -0.219451263230409 0.325081666904471
0.121668111248266 0.170592786416661 -0.383494225103301 0.196061233955942
-0.0324980129956743 0.303118944755297 -0.467224985596244 0.0817779489796118
-0.19744265628461 0.316873361411294 -0.473261974410862 0.243210735624069
-0.219706216084117 0.32563082538213 -0.327772090324001 0.119298271617971
-0.0284372511233478 0.316722704317594 0.186882371042432 0.0700108282246584
0.149812695506428 0.177972980672796 0.132044918558503 -0.37623932042526
0.212875331524269 0.0227508016210664 -0.24530203822476 -0.432113862247209
0.173173240286486 -0.073152953388621 -0.487369292840628 -0.0838463164712771
0.113084867601507 -0.159828630601183 -0.346658927168863 0.197411868508502
0.00849044957538136 -0.180952145603101 -0.137643600053625 0.256251809158474
-0.0113213222750809 -0.166760418300629 -0.0156291186682514 0.247638669927194
-0.00774422181971245 -0.194511260552357 0.0670066046734401 0.233882369375474
0.122214217134433 -0.218041959795628 0.0912313769045341 0.26875079036427
0.233239710286171 -0.0991717694498729 0.0407127353776577 0.324220907384835
0.307290189386121 0.0300916312288407 -0.121648398087108 0.3699720272128
0.203873817064471 0.291308657688603 -0.304251163292454 0.273362706878106
-0.0842737826086167 0.450698253138167 -0.381432862459593 0.11188777502175
-0.321833981973455 0.436853653652511 -0.334131968264812 0.170630026061795
-0.366454827601655 0.351729126911162 -0.207367874602599 0.00305001522204981
-0.175644241222851 0.450622443978603 0.254475899854137 0.039488341979641
0.146558120035823 0.358665681015313 0.231195234499985 -0.372406626693061
0.350690991128901 0.115550606089074 -0.144280908740548 -0.473089493571386
0.304504640006797 -0.0975944260266135 -0.420188372693167 -0.166858491844451
0.198240930827855 -0.235268855341194 -0.313725558570466 0.0958150174109472
0.0376935123213596 -0.276126610602413 -0.13060812712653 0.153490969021523
-0.0126835838803419 -0.244888170531164 -0.0203205796597111 0.153567113580696
-0.0143283894804793 -0.260437727412259 0.0796050724821199 0.135494303198241
0.141838079466998 -0.286883101162084 0.143784245112259 0.174652033375121
0.289235454706044 -0.161341479912065 0.148152073393932 0.263757208097879
0.409048563033741 -0.00583278591630139 -0.000657076449042507 0.378278857831487
0.286178094297148 0.342562986690325 -0.199964447322417 0.328765880789188
-0.083501602326057 0.532415637757467 -0.300060913443602 0.119427593905681
-0.377857455327917 0.496610055852173 -0.18124726100425 0.067938016713231
-0.456278412970373 0.304993305145965 -0.0184318452480035 -0.112411361072137
-0.319786290052553 0.484835821661745 0.345007070997503 -0.0035467423679172
0.0740456912340747 0.476766437461003 0.336394187939091 -0.330541079686062
0.403509333371528 0.217750811620217 -0.00583400221274356 -0.465151174862467
0.387969646598063 -0.0803505351177818 -0.289201898517667 -0.240693566107649
0.258455785627553 -0.262969586689232 -0.240115352737419 -0.0273806800233237
0.066025352822671 -0.326894657394086 -0.107926221525979 0.0252306749326471
-0.0113549072975201 -0.286628059282719 -0.0218359602671598 0.0383191624934342
-0.0234655805909237 -0.291174234409495 0.0850514137353176 0.021382968195838
0.134653815562996 -0.315699452010557 0.179312090978604 0.0620505632462196
0.300211780960718 -0.197261816868434 0.231763210159363 0.174230288294277
0.445862625606602 -0.0342856428935112 0.106342353070229 0.345072700904408
0.316039088893387 0.347455299664228 -0.0999000916443401 0.340616449007915
-0.0824961009853169 0.530280502723025 -0.23015878569263 0.102290382898412
-0.386353982350113 0.479146406330442 -0.0351347467341139 -0.046722860089253
-0.451618545045112 0.205269229079909 0.203281476847133 -0.206360583813426
-0.394035202689307 0.402679984428692 0.438396925800293 -0.0447395945419355
-0.0251280766786366 0.474788800758162 0.417814542366743 -0.259295695730527
0.355922662852095 0.271530778105745 0.131602661332621 -0.405304732019524
0.387603522259323 -0.0428355126278322 -0.127888761076101 -0.283692653210673
0.267198926892515 -0.23870258707076 -0.140579244378933 -0.147288076503337
0.0778369993517553 -0.319624757395827 -0.0764265950665376 -0.107292349976811
-0.00926981890929825 -0.283029698417641 -0.0202160888180661 -0.0812439360403329
-0.0256644560446597 -0.282197175814438 0.0844399808877673 -0.0945075222736263
0.116858636565611 -0.300792207412689 0.20089376195557 -0.0498392780975475
0.279674237556292 -0.193729682760644 0.288406577098541 0.0840972358919195
0.422342283739913 -0.0267085915689062 0.179988174848671 0.295832193523606
0.275188551592449 0.332134131230869 -0.0269708770925605 0.323175937008442
-0.106478417814404 0.463050088346371 -0.174189144789543 0.0713121875648194
-0.363752082521058 0.382163882937004 0.0941766492480392 -0.14614250156088
-0.346803818086378 0.0769505330339165 0.402734333586797 -0.270470386625469
-0.357480802688659 0.241883721818152 0.505846168862077 -0.0771568749334006
-0.0865082150688222 0.357018130386335 0.458335863349127 -0.183388274261783
0.243055626576304 0.238952035114573 0.228810086932777 -0.325042074041084
0.30390500496965 -0.0131932570284466 0.0131161058509605 -0.296987416293077
0.216727995989955 -0.177929031278907 -0.0488729833543257 -0.244225770962947
0.0702098688612241 -0.255823353855914 -0.0471436322428315 -0.219521877248416
-0.00554717197827123 -0.234356486238412 -0.0190529571505733 -0.185889557458355
-0.0202359005195327 -0.236116983250818 0.0829932378260342 -0.195283067695673
0.0946244820183768 -0.247164877148809 0.21896992930255 -0.145062134498476
0.237534772827305 -0.160349195191528 0.329299053614177 0.0130854863237454
0.353287013806102 0.00688937774510418 0.226233819605799 0.256847926311619
0.183821999198968 0.301272471813913 0.0160946804730761 0.298535766133749
-0.143871922212893 0.345730538919156 -0.130580526319656 0.043209295906119
-0.311194699878612 0.225131679905187 0.201506575233496 -0.209747523755772
-0.175210719720561 -0.0603918375828194 0.530166202358252 -0.304922640581821
-0.230495201040068 0.053054139269137 0.525172880719236 -0.104560387023442
-0.0956698407670458 0.175773252592949 0.465520378400395 -0.135892773732338
0.109531189369556 0.143166075894504 0.275661202642572 -0.271565761652895
0.167640758511579 0.00111777321870784 0.0966431846910949 -0.304603051667778
0.125473998401508 -0.0926470333230125 0.00481515932896541 -0.305533690349062
0.0474298476547552 -0.150668271935134 -0.0327619833948457 -0.292162362934553
-0.000985347524626025 -0.147351757553058 -0.0162395471499955 -0.260020622237472
-0.00867705817719058 -0.156368763014594 0.084303988101448 -0.268999976797988
0.0667201282071415 -0.165857459663046 0.241969723091235 -0.21325742353491
0.174098286603054 -0.108540454523553 0.368921148864908 -0.0292310848096891
0.24916290410236 0.0454013503693775 0.261474611625586 0.240327836953717
0.0716080692844571 0.243431079726043 0.0377870758766255 0.286877996957241
-0.165347010018448 0.192558202344917 -0.0982338894742404 0.0310624959508416
-0.222688139946526 0.0400941655389627 0.279646622273053 -0.222811189805164
0.0415155691638604 0.126931284624099 -0.417671402881389 0.106444936375918
0.139313253687384 0.000400372205892457 0.103278194782943 0.136010410727568
0.047491627016221 -0.116818320559445 0.160972933346592 -0.295599675183762
-0.0889367621103221 -0.0713435069587876 -0.146730142057258 -0.426772645435057
-0.0854473845094634 0.0212275671123056 -0.440745638067296 -0.174348102181427
-0.0501505679780999 0.0374435492799237 -0.416694345590157 0.124091137198525
-0.0416833446623766 0.0517529175537061 -0.24883560015892 0.255163049544028
-0.0226812503073849 0.0399900735985091 -0.127719668333547 0.296387649024065
-0.0338254283438541 0.00667880873957702 -0.0943615005942287 0.316270932403492
-0.0232094923688273 -0.0278007482454836 -0.137584336484116 0.314230332879515
-0.00558061989271506 -0.0259262802796863 -0.238368656547964 0.257529577020275
0.0331317147568763 -0.0436130027324851 -0.3595179081016 0.142640872751942
0.0826974850485608 0.0339249383988934 -0.456673434885972 -0.0587544323539921
0.0340189800048025 0.15487146382354 -0.529013647057461 -0.193284991374944
-0.0793746396257698 0.156750059204116 -0.650780479802817 -0.00344672465690368
-0.149303270091585 0.194185927908954 -0.421214609671381 0.0449952136349171
0.0160692742400071 0.154097173857075 0.107470245156851 0.136786884553267
0.078745925027129 0.0448778863910391 0.203579434755141 -0.305964995501235
0.051637499381711 -0.00145559472301872 -0.119034012851124 -0.471323275651223
0.0449498438574474 0.00651520842593131 -0.451668027514849 -0.222121631216333
0.0526716817221265 -0.0365972131203498 -0.429240861808952 0.0942650927742962
0.0139367044015359 -0.0587053992521726 -0.253279903232831 0.235945884252496
0.0197626404529232 -0.0635642853756433 -0.129541479696589 0.278520046117457
0.0302373423528142 -0.0944351885911087 -0.0718649785482212 0.298685561813115
0.108959046199053 -0.0871608646991931 -0.09743709519522 0.316057465820004
0.139557979132918 0.011226825681735 -0.193602184810104 0.294291576777613
0.138807605887272 0.0898869177630051 -0.334807911927907 0.207450959431863
0.0351573167185215 0.211230813130154 -0.441170472294195 0.016519987302957
-0.161493383664355 0.26765189244264 -0.478397256513737 -0.134393181874801
-0.312999761444386 0.211603720431357 -0.548764435471605 0.0034354676265668
-0.338228301435704 0.20815388231833 -0.345101096467611 -0.0197441493861754
-0.159244424027237 0.281288947208975 0.150926773059845 0.138749732223436
0.0585786152587887 0.229241293749501 0.282205319080827 -0.297911940029002
0.184133176315323 0.113190338503025 -0.0468797866021111 -0.510662153395066
0.191870913086516 0.011413181613509 -0.41946516298462 -0.286739287138265
0.170722352247617 -0.0994333827577977 -0.40815470514207 0.0333141194164206
0.0797955089968852 -0.161938934581678 -0.23503638918821 0.176598551457099
0.059310610241546 -0.159429200215806 -0.113356649130755 0.220889884083384
0.0723020399939647 -0.182401988052843 -0.0302416573693471 0.242792309181334
0.200973433864256 -0.154202400761734 -0.0210388066558744 0.286194462173368
0.260559743108151 0.00256896692773809 -0.0908003380119224 0.320357814104595
0.269002817581912 0.156203399662474 -0.262070706876211 0.296290839382457
0.0601962428149928 0.357603267180202 -0.403475027343854 0.124609758197158
-0.270442106897208 0.384236968505897 -0.414477936068165 -0.0715845226581017
-0.476927260729741 0.269498793716807 -0.390196686820156 -0.00301260544009012
-0.487653636968116 0.168512875812995 -0.184510433248244 -0.0721528386517788
-0.352851182252296 0.344197133195813 0.231329197234865 0.13869944132851
-0.0217781169578215 0.394362400767923 0.378198486444535 -0.254382288592819
0.270176359676757 0.253004454327938 0.06771296259934 -0.509281276463767
0.32072381220026 0.0436869369628297 -0.322541768838354 -0.340527966061105
0.278858349466298 -0.135218101736291 -0.337986739009088 -0.0471824265362026
0.145231785887656 -0.240228759028207 -0.186969544272909 0.0844261286452653
0.0906814966167318 -0.232816667409172 -0.0809936773431762 0.132813210163091
0.0925294484248106 -0.246165033808804 0.0209999062231329 0.157924414920596
0.246346313603475 -0.211885651455201 0.0655572722428679 0.221265694292595
0.337196303762352 -0.0320443756795077 0.0358855326828384 0.309569172347232
0.377331166579824 0.164139284148989 -0.150936297959721 0.357717184696083
0.116419710818031 0.440332679739931 -0.330788469803013 0.224465805863746
-0.302724800716126 0.458828486647668 -0.344077905821598 -0.0296084118279191
-0.55441479879057 0.301936718257921 -0.202995421228401 -0.0309618132830561
-0.553055833975445 0.0849489369625025 0.0402686991910985 -0.0980693051141802
-0.503416803400831 0.315054384470561 0.336773494197415 0.139085054453743
-0.140184279659848 0.474052553567887 0.461930781403942 -0.170432377839997
0.275068911049113 0.367731264025152 0.195934841556349 -0.443387649563774
0.388437965535235 0.092272344915244 -0.169464079670517 -0.357398495645461
0.34482537205448 -0.137272309738993 -0.218450652968973 -0.131749693799073
0.190995972252697 -0.277852932158899 -0.114718245083526 -0.0255804361709679
0.108741724475346 -0.27214756970555 -0.0377074607946324 0.026299658693987
0.0958227734387927 -0.276980955533619 0.0716876280691247 0.0547515357844076
0.250423723591846 -0.240750454908815 0.144779661456188 0.132059239425783
0.362266562172374 -0.0622670133821237 0.15151592718583 0.260908675132768
0.424425762755912 0.150790622165868 -0.0387315035872439 0.372881726031476
0.144514692606678 0.456766241657393 -0.242343135114981 0.280603464538028
-0.299726798448735 0.458131556642741 -0.271452886400242 -0.0145309050831058
-0.554207972355323 0.281012964333021 -0.0174732686931565 -0.0707104324412128
-0.508547748563382 -0.00463667723701036 0.282928859130812 -0.0903352392936787
-0.539286333690693 0.207179327815125 0.439579595778972 0.14415518652887
-0.231264413973637 0.429069674268429 0.508101016589051 -0.0665302426903036
0.207687590577289 0.395321928202435 0.299930774560239 -0.328418551961626
0.370200245158788 0.12472842224751 -0.00103921436682577 -0.328846751398823
0.341969357167411 -0.112353243730404 -0.0755997361968465 -0.201804898567227
0.199846719993748 -0.267893997700824 -0.0301778841909206 -0.134083344454003
0.108765454422772 -0.269161561250746 0.00894542693483402 -0.0830499728929504
0.0894345993805185 -0.270648152913103 0.116454396803784 -0.0515163647126477
0.227995319726197 -0.23420720396438 0.207878005916585 0.037853495045833
0.341149735193646 -0.0693649561758461 0.240136814736149 0.200343206048224
0.401332427842535 0.145792161962325 0.0493854895513944 0.359156021633889
0.113661969406773 0.424297453963832 -0.167419006312048 0.294136434359104
-0.291071764960212 0.383697505683507 -0.205762786954569 -0.0188101911551171
-0.493662959785508 0.199432888983679 0.146937731100169 -0.103060949037289
-0.360000197585379 -0.079275750158475 0.491138201779463 -0.0690653458043487
-0.440640303588716 0.0724311542674835 0.511907104761589 0.144928319275523
-0.238270319874761 0.29097946691797 0.509723433834804 0.0241265140629208
0.117988798913648 0.31874636054458 0.355805009801719 -0.210154275787389
0.279654069928831 0.114962339170205 0.137099806930028 -0.27914787176349
0.269723583962221 -0.0770772636872482 0.0515639056513046 -0.251659130240419
0.166321059126237 -0.211345337612481 0.0422368870485973 -0.225155632483806
0.0916738041026144 -0.221459813310973 0.0527152599935984 -0.17851084162539
0.0750488204770814 -0.226295760472927 0.153798844407587 -0.144715747199686
0.186111253110921 -0.193396591058128 0.261414158193432 -0.0432093785997163
0.287905836223024 -0.0542398194144629 0.305541804177146 0.151130325610544
0.324372531301129 0.149790311272283 0.106572223321049 0.34137016239289
0.0419821987017627 0.357223084659755 -0.116667078089259 0.288603838355991
-0.277147388803593 0.259274716081515 -0.149308829480015 -0.0256420200981213
-0.379064920919103 0.077611465296341 0.274889215462083 -0.111428638949357
-0.144489801830453 -0.134520842082894 0.622273094378673 -0.0507554087997778
-0.243322372716898 -0.0510663729232626 0.534248604722846 0.128711527731305
-0.169138231682256 0.118616621167181 0.491606984075129 0.0752504232496688
0.0358855991116942 0.175058427366722 0.373877566251213 -0.136021390888491
0.147483235898488 0.0705585693707558 0.217683911939226 -0.24531923039756
0.150868538671753 -0.0342467058664895 0.128987329989771 -0.283863584623681
0.102796167019387 -0.123022089042674 0.0859821241665693 -0.285408497789284
0.0608398090607333 -0.138992526930723 0.0858044680221951 -0.244661083830856
0.0543101636120193 -0.148930439883668 0.184627228724069 -0.211792240730276
0.127054854722463 -0.127904044597522 0.308480727014792 -0.097056214897218
0.206444762265438 -0.0316938613620527 0.356733970259131 0.128252510168404
0.213727722397853 0.143155482184968 0.144199400610314 0.338996544713318
-0.0358289153308736 0.256852558446146 -0.0927033634866184 0.284635615846988
-0.233311383588316 0.109005835004681 -0.110005730508503 -0.0218934964894206
-0.220280516173274 -0.0581189281927111 0.354114756909638 -0.0838524734588212
0.0472545678629807 0.122633313413929 -0.402553688618407 0.138079091058398
0.138152417227109 -0.00964296279825999 0.113308830978538 0.126623388906257
0.0370126632317042 -0.11764333836723 0.133821888729448 -0.304863573473234
-0.0928591840407529 -0.0640019885245689 -0.180804191171168 -0.410249053253865
-0.0825175738617594 0.0289455326381851 -0.448878217454085 -0.13655018759033
-0.0458642912928875 0.0424160599337986 -0.398709966107851 0.158692559805702
-0.0355549566928812 0.0559035295751826 -0.221943445991549 0.27210373632357
-0.0185431357201799 0.0417175630198448 -0.099016429835218 0.301206624712934
-0.0339102064276847 0.00951300021235058 -0.0634960997664124 0.320125587497418
-0.0251843574138435 -0.0256407667616269 -0.108245925105446 0.324333424478827
-0.00673290234926209 -0.0248471217285069 -0.216896337246492 0.274838336847805
0.0286630070907601 -0.0448125195609278 -0.34323629978926 0.166281832237764
0.0839445780942598 0.0285547303673519 -0.45557567050226 -0.0276956298807203
0.0467771241397736 0.150320174595337 -0.535613409098722 -0.149780470756285
-0.066982490233608 0.160638789035617 -0.639579383891002 0.0495787553230514
-0.134717990617964 0.201678714947014 -0.409764268946749 0.0782130950353478
0.0291268579001606 0.151196945640905 0.117597713249394 0.129116673225772
0.0802742950243049 0.0371650281184203 0.175685735746582 -0.317325991767998
0.0507336967260606 -0.00663282291556153 -0.1556844340022 -0.457075453101689
0.0451048478351692 0.00284050761362111 -0.462224961382106 -0.182637168028502
0.048049249118927 -0.0397106168171361 -0.414864000120619 0.130611506410767
0.00877898807422418 -0.0577467665003144 -0.229696869570702 0.252156388226467
0.0148526902246028 -0.0637060771725085 -0.101280805330507 0.284167256940385
0.0195799398244666 -0.0946098356442219 -0.0434202797394249 0.300783591989859
0.0984763684820261 -0.0958540790234345 -0.0691060238113675 0.321787979091495
0.139951217407628 -0.000683696052992018 -0.168456999764493 0.306781789810396
0.14371665894765 0.076772105930437 -0.314106269614867 0.229768214632518
0.0514509519678153 0.207270362182722 -0.435372517188842 0.0448523985950588
-0.137975011003399 0.27727721755543 -0.48173946028073 -0.0968048823955131
-0.292450007863437 0.232210117561904 -0.540931667341959 0.0470253326942136
-0.3186788927806 0.228622545628899 -0.339320534235801 0.00925310295059013
-0.133304744780258 0.290741201092025 0.160124970681971 0.128601792711053
0.0744442644334541 0.219328357086247 0.254867225505048 -0.314263573467353
0.190560963188776 0.093543956238311 -0.0871115316757869 -0.500355437117893
0.188857480241369 -0.00493234441327118 -0.434621377594489 -0.245766186656212
0.158022340622979 -0.112262930973025 -0.39812282180476 0.0682531050102545
0.0640214606577944 -0.165972263744263 -0.216268260946604 0.191931552277627
0.0447549589469217 -0.161021402796344 -0.0912466496103705 0.227279871577894
0.0543723489303346 -0.184430721269927 -0.007270154125414 0.241982829051103
0.183415978126772 -0.170704685689222 0.00495274092825533 0.286122511052761
0.258788718127368 -0.0192436610128692 -0.064938603824978 0.325702143593429
0.276783159741516 0.130873535661565 -0.235929332907702 0.313129047678242
0.087959001429169 0.348379357349337 -0.388328477736804 0.150143008836184
-0.236961925254716 0.400826262590694 -0.415674354183613 -0.0402934148016945
-0.449733530919644 0.301108730667545 -0.386181651617885 0.0265436021656936
-0.467640200237525 0.19906357492 -0.185304454927085 -0.0546267050322687
-0.320706588423154 0.368301030967418 0.238226022328575 0.123828230499548
0.00760545848419639 0.387979294766637 0.353286275382447 -0.277737684231355
0.286551048764258 0.224388949859033 0.0271263955940526 -0.507428351312957
0.318629470898102 0.0149382089562344 -0.343791812030985 -0.305150377450462
0.26055140980975 -0.158019243382397 -0.335612921285101 -0.0177090108287857
0.120380634300753 -0.24925575486761 -0.178100227930926 0.0973780174882495
0.0681733315836959 -0.236121388742542 -0.0672490210042576 0.138269474675687
0.0687766392358411 -0.248076086751957 0.0349391906420155 0.153262355821387
0.223161236112586 -0.230379609502609 0.0847588582575642 0.214940057963061
0.331944528624527 -0.0606755783275197 0.06049214501047 0.303488202644026
0.384511012286489 0.128201192301263 -0.121155308583254 0.365999604607605
0.150515975337831 0.424655257342178 -0.307781779632503 0.243114167804044
-0.262505063295273 0.478091195347814 -0.341977270641793 -0.00430571359095642
-0.52294076723924 0.33923690620741 -0.206197358298446 -0.0162710311875929
-0.539244635669468 0.123444716005721 0.0335757382525925 -0.0966854978312381
-0.470938132131618 0.351961621177339 0.340885027155431 0.116656532339741
-0.101249549259824 0.474127637183045 0.442201141629974 -0.19985630326982
0.299503341671312 0.336621083745822 0.160908289712207 -0.45127930378011
0.388787698564597 0.0575188445599292 -0.193883341149548 -0.332573583920397
0.32485267936283 -0.166329988051741 -0.224752777240251 -0.11125105109389
0.160864720980499 -0.29060143498172 -0.116222850653918 -0.0169623258671021
0.0821913820384205 -0.275878823771603 -0.0344426659787252 0.0307865793008481
0.0699191368613799 -0.279513998095144 0.0752202294768005 0.0476665698710418
0.224664778388686 -0.259310491716054 0.154159634712355 0.119864586149498
0.353228658656388 -0.09288967610826 0.170792023556888 0.24584371361959
0.428409277546358 0.110861824350584 -0.00701400354832277 0.373878442527552
0.178937855504248 0.438688176879862 -0.216281348341519 0.291891320633317
-0.259033628387013 0.476841508924074 -0.269756355356061 0.00572120601598597
-0.523558695323704 0.31796653174009 -0.0277343062003007 -0.0698418679037813
-0.501213611547634 0.0318279780139232 0.273754730949553 -0.10881228620728
-0.516034898860935 0.247887075322053 0.441770892502993 0.113294887490074
-0.19484022891533 0.437123064976493 0.495798472170961 -0.100702516930998
0.23617255818887 0.370820008689106 0.271745332075264 -0.343826150018276
0.374192436755196 0.091114807506238 -0.0246602844797715 -0.317505877512351
0.325118053869745 -0.141722408106012 -0.0902540101761947 -0.193180829781041
0.16910585942561 -0.280686827087227 -0.0439514286723274 -0.131118878698285
0.0829405390684996 -0.272230534185921 0.00227704159575619 -0.0803188629561497
0.0640220327529422 -0.272368312161095 0.110216299084135 -0.0596846655408992
0.202899288692983 -0.249561212672768 0.207504831658727 0.0215114469855133
0.331803852760379 -0.0964377729169296 0.253810622351528 0.179568825935501
0.405397367766912 0.108278475919991 0.0784146001937326 0.353209787335328
0.146267795226438 0.407882976721956 -0.140431717617029 0.300926042975911
-0.25709409011784 0.400979545618708 -0.205370037937509 -0.00348928270814278
-0.468917254439851 0.23464274910997 0.130659496623953 -0.115588844641282
-0.36129990718726 -0.0531149165103327 0.480126115742548 -0.105041273395576
-0.426939320541349 0.107192357032831 0.511241144902788 0.108510131453986
-0.213100963292468 0.303970749998179 0.504812115932981 -0.0112598699690568
0.14132932276507 0.303425377167585 0.335657499093349 -0.231645911387201
0.283846296553096 0.0892151287628904 0.114078988288647 -0.279444554127688
0.256907986981638 -0.099300810846634 0.0306779040169954 -0.253309340535043
0.142155794192133 -0.22235866510957 0.0187470075735026 -0.227089916025545
0.0703290333847183 -0.224223436841887 0.0347085773833335 -0.177283200474735
0.0550947220840807 -0.227243304949712 0.138741688426336 -0.153462909807885
0.165769427233885 -0.20518911446402 0.253796817723097 -0.062420874161529
0.278719559571138 -0.0774486101050037 0.313951756627378 0.124500499136337
0.330351388121913 0.117233525383472 0.13431173153169 0.33173255529606
0.0713320082434241 0.347883226017962 -0.0911421156002322 0.292519522960689
-0.251925749040576 0.277256914390653 -0.151596216723747 -0.0145257960108218
-0.366195276238115 0.102969920253991 0.255380304976385 -0.132834162082963
-0.152890228016626 -0.121733899492455 0.609450659075066 -0.0959745184854315
-0.243652435937406 -0.0312657250075711 0.532758317544277 0.0914386716127413
-0.157445083443907 0.12942050749161 0.492060088900195 0.039662595365032
0.0479931829582381 0.169179241899529 0.359675376687232 -0.159441419872959
0.150527640728212 0.0560345962656723 0.196298827457888 -0.255205098790324
0.143960009223024 -0.047588381470982 0.103504922547765 -0.292709153323971
0.0893122278648036 -0.128827011909959 0.0572996099561184 -0.288750044741885
0.0471601796620709 -0.141001846252941 0.0603456685214547 -0.244694628750012
0.0411275266381916 -0.149938273181026 0.162107293201329 -0.220253129332043
0.114880223190938 -0.136131451000978 0.294767311796589 -0.119808543101513
0.200359102133602 -0.0485814491475962 0.362783451922613 0.0984520454551251
0.222192562698274 0.121111685885792 0.169242764712062 0.326730433866544
-0.0143399148138018 0.255294629745961 -0.0678396038521906 0.287729678889296
-0.221234155868906 0.125310851119589 -0.113233016696659 -0.0142615652988767
-0.221369216519535 -0.0418084309440827 0.335934322997763 -0.112580982758238
0.0500798501157579 0.118894655510761 -0.38255432614669 0.15930547451788
0.134632414008376 -0.0169628752925712 0.119705874297494 0.119566504800557
0.0289524022662581 -0.115702412249001 0.111520640317101 -0.304283705232153
-0.0949602671950865 -0.0566593863774605 -0.202039375394077 -0.389810185666175
-0.0779067049697959 0.0343406089063615 -0.444706512293735 -0.105615313051686
-0.0411002054694623 0.0465391754528121 -0.37730198185707 0.181410640417931
-0.0290600332786626 0.0578181782148773 -0.19803334053234 0.279399794398501
-0.0141471073791464 0.0423189505911418 -0.0743002557555191 0.29906193716162
-0.0331752753618772 0.0119780447827767 -0.0383645325747016 0.317043477098652
-0.0270332079692324 -0.0231811845759941 -0.0832459427161696 0.325713423695488
-0.00691300836830998 -0.0241854541074075 -0.196356406062936 0.282850879783527
0.0254518136442762 -0.0444818316526067 -0.325120644956331 0.180282205470899
0.0838347781955728 0.0243335766986749 -0.448022713265395 -0.00372039810984555
0.0559015106544418 0.143308612811186 -0.53151501653741 -0.115167949856069
-0.0562208523442967 0.160619300694355 -0.618676281298239 0.0868980228482409
-0.121594812185343 0.20488968805016 -0.392139597353038 0.101557561109467
0.0388232148559003 0.146808625094951 0.124306107607584 0.122386183253858
0.0800833297886148 0.0313505094751343 0.151767587867543 -0.318758092727206
0.0485958818623977 -0.0114298121721156 -0.180402345880386 -0.437201378164901
0.0441228806214177 0.000115734661451187 -0.461046144684537 -0.148167758417727
0.0435704900730644 -0.0407202729076897 -0.394156660354163 0.155953388585401
0.00460236747375868 -0.05587936579299 -0.206895674766768 0.26011304030913
0.0108593614973951 -0.0624093251062406 -0.0778703609656332 0.282828832761176
0.0123693623687605 -0.0928990752290499 -0.0205855076838947 0.296596705388723
0.0888580000686317 -0.100849834493121 -0.0446236420359533 0.32186068158284
0.138210025393274 -0.0100881445742779 -0.146685149266212 0.31155712498817
0.144964200642793 0.0658707623633131 -0.292795063585323 0.241302115905995
0.0635242031346442 0.200313698106221 -0.423870181687709 0.0649281613957613
-0.116528215153581 0.279416905987369 -0.476153138644213 -0.0665266580692683
-0.271267845889778 0.243141026635098 -0.524621763723171 0.0775883373952777
-0.298639942698217 0.240765455000368 -0.328307034608427 0.0308339121202041
-0.111022040551798 0.292123645399388 0.165645704150064 0.120213455747519
0.0848477697417168 0.207784398075391 0.229673690861084 -0.319586553320425
0.19061351438969 0.076633043984748 -0.115865752959722 -0.483185285341402
0.18344996144107 -0.0172236849701294 -0.43729320307607 -0.210157857719473
0.144632794911194 -0.119495634528911 -0.382442628873822 0.0946188130424522
0.0499704493282918 -0.165013915436856 -0.19910521079415 0.200052587246629
0.0325628151683218 -0.158728563611696 -0.0720950689040919 0.226839508917892
0.0398227412085653 -0.182032012298771 0.0107383344383452 0.236727496268164
0.16621497392923 -0.179274200330115 0.02463518077649 0.281980134105097
0.253201892360601 -0.0372430336410361 -0.0431085333544095 0.323677682932968
0.277642668395855 0.109335312215498 -0.210987013001145 0.320030035566962
0.108096892121914 0.33511042261412 -0.37159175243161 0.165095604280498
-0.205335906181773 0.407126624130794 -0.408885311299557 -0.01611888148117
-0.41970251144843 0.318985031014887 -0.377759792488044 0.0491492339207737
-0.444630688733445 0.219826506834642 -0.182052859989445 -0.0397147125060824
-0.289323337113664 0.380292306437593 0.241473586534212 0.111945624680749
0.030127562475133 0.375543885073699 0.328086931477838 -0.289342817342513
0.292093193588414 0.197701840647976 -0.00372237126560633 -0.496811610906565
0.310333746866819 -0.00704342281781511 -0.351447641128013 -0.272829650017429
0.241374333011272 -0.171985178898837 -0.327144174900511 0.0054734278798178
0.0978034942246919 -0.24984524393791 -0.168479937561572 0.104904019678478
0.050018279770017 -0.23264067235368 -0.0555452874098935 0.139855094474666
0.0491200798281162 -0.245327777381572 0.0450893291334452 0.14695275102283
0.199830867289013 -0.240732847035541 0.0982638430386616 0.207179089651617
0.320811051143451 -0.0832492158443907 0.0783153364254251 0.294949509082195
0.381910101058557 0.09898905507117 -0.0947366935989041 0.366726072579316
0.17355540868036 0.405739070197121 -0.286788711366266 0.251144301789961
-0.225684882864007 0.484103484981262 -0.335508022826026 0.0160352411115008
-0.49002391926861 0.361104619616759 -0.205296688514044 -0.00365533676028827
-0.517817318709185 0.150302244722068 0.0292051373871071 -0.0936628836190876
-0.436130467935393 0.375076778765788 0.338911277128485 0.0995749698564042
-0.0719429944249543 0.465881965647043 0.420160556906614 -0.217534938724001
0.312864715660378 0.307644511526946 0.131357856021684 -0.448558394718411
0.381260515761334 0.0293423196612863 -0.207222326368905 -0.306864372783353
0.30307164089961 -0.184628504313198 -0.224757077593515 -0.0934423803625409
0.134135372550835 -0.292329602463611 -0.115985700220903 -0.0106057094792883
0.0602739850558463 -0.272898435332041 -0.0310519989083483 0.0331382011296724
0.0481457694973824 -0.274723793858743 0.0772078323622677 0.0417750600329865
0.200331474023714 -0.268038220494307 0.159145282927975 0.109493191876403
0.339606288139334 -0.115437052477414 0.182901081418603 0.230903585148266
0.422811346533728 0.0774929563783087 0.0177668912480363 0.367483385931492
0.201173038041125 0.415167197532522 -0.193767310050098 0.294826643037533
-0.222831206984122 0.482370156141322 -0.264203250040511 0.0210815002682901
-0.49082167341264 0.342216188683735 -0.0363892413612104 -0.0676468200833588
-0.487236389095394 0.0586663740940264 0.261362947070599 -0.120829234524332
-0.48656793359532 0.274990132084496 0.435831849000908 0.090048552661026
-0.163756641079946 0.436584103983258 0.478345126596809 -0.123178462885839
0.252373367878371 0.344829624521604 0.246118632964414 -0.349769637193882
0.368913436625534 0.0624198412318693 -0.0403743478611106 -0.302537855696076
0.304513841500956 -0.160359599514922 -0.0987178068896632 -0.182375773244436
0.143150604464596 -0.283750011257264 -0.0539223338230175 -0.126477305409773
0.0605934572826627 -0.269659464622911 -0.00390457093462028 -0.0760401740746663
0.0426912279054687 -0.267676485397159 0.103563633286559 -0.0643190323630323
0.179401147171088 -0.256643289835474 0.205631556923201 0.0102011351667578
0.317513853493641 -0.117244475219331 0.260327353306763 0.159417719875554
0.399827550587865 0.0762671986985002 0.100766302300615 0.342511469164829
0.168045203748574 0.387607607903567 -0.11782537558323 0.299792097901333
-0.226113628460988 0.409002028039107 -0.201830428782417 0.0082248501460197
-0.442171522788975 0.254656974947073 0.114083788630674 -0.121727626176565
-0.355533338095996 -0.0324596836426266 0.462108892455172 -0.129276990807243
-0.409838963718898 0.130555423930463 0.50267741498627 0.08102109809704
-0.190080514285972 0.307539196838879 0.493530499124068 -0.0364135599710842
0.155386933910026 0.285917441411457 0.315346770801911 -0.243320949251887
0.281014301596931 0.0669309106297413 0.0976566495175359 -0.275533516354658
0.241929899998026 -0.114398357425747 0.0143898146261013 -0.250833569004638
0.121290706971018 -0.225342122987057 0.000535018953208598 -0.223424659121892
0.0526628637425387 -0.222121932149261 0.0209572881135651 -0.172705943900206
0.0372806501304342 -0.22352718749312 0.124821854264898 -0.157103775355928
0.147457458394463 -0.210106206737265 0.243591857085693 -0.074612746573705
0.266585427334363 -0.0943131478721171 0.315327627016275 0.103151661211809
0.32726013625291 0.0901223553832025 0.153631727272442 0.318210345100017
0.0918738330192685 0.333297774608304 -0.0702024849251662 0.289117508802933
-0.228917175310955 0.285428631000843 -0.150532310657555 -0.00523906413477864
-0.350401606887019 0.120858804469744 0.234319628555415 -0.146344999667674
-0.156217019697586 -0.110266505426697 0.589144455717057 -0.129003269823287
-0.23999924618762 -0.0157345540892587 0.522377904398749 0.063035737753755
-0.146376366963417 0.134543412124306 0.484138141794912 0.0136872673751533
0.0571258099231691 0.161462291620209 0.342852162149929 -0.175306740869939
0.148786522443014 0.044197507468848 0.178564921584369 -0.258183960626593
0.135817288267183 -0.0554405328266272 0.0823837582659581 -0.294113888823275
0.0767712735528654 -0.130108508585202 0.0328924062080705 -0.285127977778032
0.036307537662526 -0.139561044532028 0.0406326632918437 -0.239610087455661
0.0301402757080303 -0.147365506085426 0.143248311851106 -0.222728557527171
0.102729781470639 -0.139174862752741 0.279023464437242 -0.133579831303779
0.191085742598128 -0.0605472603111459 0.361706761194463 0.0735551011459917
0.222719947506417 0.1021813231221 0.187390562453022 0.310354731544497
0.00311611733644893 0.249594439016116 -0.047796176226071 0.283946027619418
-0.208111578197308 0.134023545512893 -0.113762107633474 -0.00730273641822015
-0.216961428517333 -0.0293255957007686 0.314935402836414 -0.131814291334259
0.0528334193635646 0.117380392768589 -0.365186238475213 0.17453976002149
0.132329022214614 -0.0231732213551009 0.125472300404778 0.114176154480387
0.023336355600774 -0.113669927278024 0.094160331352051 -0.302137399408616
-0.0957466812322332 -0.0508063913055462 -0.219285860895335 -0.372362311460497
-0.0738150193841545 0.0386522524461268 -0.440943666511806 -0.0829960598951999
-0.036497071610595 0.0489921872221777 -0.35879103723497 0.199805369277988
-0.0231010717116355 0.0583979140515416 -0.177986574475783 0.284095069164336
-0.00992498310953415 0.0419974646661484 -0.0547475286358062 0.294701119833257
-0.0318926860373259 0.0147156196047726 -0.0180890250558092 0.312998602917415
-0.028600755834983 -0.0216567789866537 -0.0638429460046101 0.325566673975055
-0.00709546546659757 -0.0230435826313923 -0.179110632687118 0.288400821821909
0.0230823623417742 -0.0442987596108738 -0.31059329082859 0.188518627578821
0.0837809129991895 0.0213314498303218 -0.440962181191614 0.0136828930840185
0.0626567956101811 0.137360059920421 -0.526169455076878 -0.0886565135611152
-0.0484263163710796 0.15969806483073 -0.599975262782089 0.114447653616319
-0.111623152492287 0.207444663637742 -0.378069594805958 0.119346524173675
0.046544311806328 0.14269506226131 0.130230794565833 0.116981497818596
0.0797515529627976 0.026578497492789 0.133436668862184 -0.317529091082474
0.045850226005856 -0.0147549307833098 -0.199686945638898 -0.420073756146625
0.0436960681517869 -0.00199021169983562 -0.45822562429451 -0.12129935996289
0.0410594475515256 -0.041439082383174 -0.376233340068002 0.174886055979907
0.00170864576842416 -0.0542117635700568 -0.189450351752133 0.265148486636451
0.00789835631070994 -0.0606207391531047 -0.0600455026814838 0.279287058909668
0.00627942243902004 -0.0903332625887559 -0.00263416301422453 0.291926875798907
0.0802671070338741 -0.104344065704132 -0.024928602466472 0.319877116251804
0.136320529028156 -0.0182206522258391 -0.128888207396032 0.315357646929763
0.145869337978097 0.0567387717355322 -0.276232735374624 0.249625785772618
0.0727654498627668 0.194209318042754 -0.414469492559125 0.0796289685626212
-0.0994982670192275 0.279982336109426 -0.46976807778451 -0.0441122701663036
-0.254657168045491 0.249791098638534 -0.510588028582156 0.101819767670746
-0.283261229535843 0.249215852254931 -0.317608592205719 0.0468681541299163
-0.0928300460693565 0.293379825109913 0.170382606975353 0.115134303904942
0.0925765503954276 0.198795193587333 0.209485090170038 -0.321115709924591
0.188995051358316 0.0628227549068626 -0.136387840887294 -0.46801593029153
0.178284276055383 -0.0265502116067559 -0.437486606250971 -0.181830811552617
0.134379973273368 -0.124418954504916 -0.368695721812238 0.1134725375361
0.0383772087403607 -0.162816266824561 -0.184750435389338 0.205800947808727
0.0240333484242823 -0.156005663142567 -0.0568308302588244 0.225003397174238
0.0278262391721585 -0.178754056100194 0.0238529235632799 0.231396099526268
0.151200270654763 -0.185204394474658 0.0415799489658712 0.277680186596344
0.247784177073801 -0.0509313137685928 -0.0260217449005852 0.32121283771982
0.277352116559907 0.092271624985094 -0.190394223887116 0.324611716928387
0.123184067190596 0.324717879489379 -0.358860965200365 0.175925497087657
-0.18088510503154 0.410190905211965 -0.402434051931494 0.00386853314088772
-0.39548312672854 0.332050735765278 -0.369608844823754 0.0659859721747787
-0.42881223144981 0.2327013282215 -0.177551151862829 -0.0286509426006164
-0.263442068321378 0.388596338021822 0.24374801230184 0.104741118417699
0.0460247616905578 0.364460444752054 0.309489107519418 -0.295193409430442
0.294266067426764 0.175769619478566 -0.0259460732036046 -0.486646118894263
0.302588812093489 -0.0236686173220651 -0.354562470808912 -0.246222483083246
0.224992258386807 -0.181755802230134 -0.317742189837753 0.0236183591101843
0.0804679883042244 -0.248820286038457 -0.160707039773526 0.110500456679801
0.0361468072152625 -0.228642168540165 -0.0455610900125628 0.139515728688741
0.0342110567777516 -0.240718700595826 0.0524686904420494 0.141660531248347
0.181053198835193 -0.24744315735176 0.109906657782456 0.200461431440492
0.311213756816496 -0.0996055785908484 0.0929168984638912 0.286183393551704
0.376995127844713 0.075700942744732 -0.0738495330486665 0.365422008497263
0.191301771642271 0.388957155989565 -0.270234496163988 0.256863109386791
-0.198239351083281 0.486923128114346 -0.329243122735082 0.0303417228328931
-0.461372159078137 0.375478622501707 -0.205889691476801 0.00610275526904174
-0.502456727137789 0.168824925180177 0.0257308732072967 -0.091328624252419
-0.408339974392483 0.388624490860518 0.337784316009835 0.088589042380308
-0.0495135693434075 0.459130191873654 0.403125631272231 -0.228532922343256
0.319292067173148 0.282232165643248 0.108518478349904 -0.445162167323537
0.37373525941348 0.00747324791225009 -0.213284580189594 -0.28695106537679
0.284339666641868 -0.197491302229265 -0.222597913127306 -0.080361699436422
0.111593649710102 -0.292259105734736 -0.116787142889304 -0.00573298066147252
0.0441032878737121 -0.267969563198665 -0.027690383570307 0.0351378524346411
0.0312203587775088 -0.270014121348142 0.0784592280982511 0.0370006663447509
0.179813871994546 -0.273266238655356 0.164066619938473 0.101805971250904
0.327280718174967 -0.132338099893211 0.192740173981203 0.218712529473284
0.41600623641074 0.051812840124071 0.0372531015841976 0.361972487076036
0.21842622672245 0.397586839625984 -0.176082099130444 0.294839047965717
-0.194796079777794 0.484190589715307 -0.259153851725244 0.0321689851016551
-0.463466826499853 0.356481971885875 -0.0434392051761321 -0.0644150642928325
-0.475278301010435 0.0779028075531539 0.251668239815441 -0.128404428946261
-0.462222031432074 0.294733515941608 0.431530129412478 0.0746785849964805
-0.142264275329565 0.434426654376094 0.464916826993752 -0.138893935120285
0.262028688253984 0.322855939063902 0.225989248833696 -0.352706921592215
0.36291087087553 0.0405080518822632 -0.0499310488598206 -0.289916017308208
0.286930961312197 -0.174149678081471 -0.104340966447387 -0.175721408671886
0.121476086167531 -0.283696092934565 -0.0626084956940332 -0.122527960252885
0.0450555950628576 -0.265066541529603 -0.00767347270870817 -0.072679909402741
0.0261403660369033 -0.262293531804783 0.0984502219373531 -0.067452258337602
0.160491688387718 -0.260307422064161 0.203266871411102 0.00088065939038136
0.305512159919136 -0.132598565018725 0.264196670622923 0.144620327000172
0.393091487603588 0.0511384320543124 0.117943485616099 0.333086852046352
0.185348375131775 0.370617338411482 -0.101151464831344 0.296151235186479
-0.201299120021621 0.412396562668086 -0.19919459910746 0.0174635447939835
-0.419819755414339 0.270028884427364 0.100444842080163 -0.124655110307031
-0.349877677677974 -0.016591118023912 0.448359449818708 -0.146304677482909
-0.394605629458401 0.14854489165196 0.494529000977089 0.0620567122054262
-0.173312571396141 0.308481585659935 0.483471049111931 -0.0547135588879587
0.165077186400442 0.270917450388016 0.298433589148798 -0.250886334221343
0.277594413193462 0.0495510070509608 0.0874591152103743 -0.271602054086333
0.228457858304223 -0.125078353654421 0.00230326553659267 -0.247651751241411
0.104124800749071 -0.225270509728244 -0.0153417616409168 -0.219847021319726
0.0391297296064463 -0.218704700498647 0.009991722288163 -0.166727876169209
0.0239693849058564 -0.21884373510337 0.114504463947028 -0.15870017938234
0.132814992862141 -0.212117901609167 0.23588834410628 -0.0845029866847559
0.255416833920737 -0.107174513236986 0.315675649941345 0.085771815949333
0.322992492481023 0.0693320641235464 0.16827448234575 0.306509795070768
0.106872137623422 0.320778286140868 -0.0545442645655271 0.284904120825835
-0.210242761200468 0.290639564712751 -0.149670298347692 0.00184275674499787
-0.336384503325081 0.133301289549133 0.216145311113437 -0.154389568714656
-0.15789016029712 -0.101514086768902 0.569846964475747 -0.152600096059772
-0.236068851054839 -0.00421219777463178 0.511761780079483 0.0432638185262142
-0.138470642094644 0.136862370920182 0.477393138601621 -0.00699206578737028
0.0631074158276776 0.154661548336117 0.328873748504262 -0.18497408796062
0.146902955465371 0.0347384929578586 0.166013225960841 -0.258990239699376
0.128847988283606 -0.0615210184226231 0.0652734872238172 -0.294843027912055
0.0673279886815138 -0.130376725460589 0.0137411768449894 -0.282083952310249
0.0282383084066337 -0.137650478895917 0.0256901250268206 -0.232546733184318
0.021449137232248 -0.145380771512473 0.128125804076151 -0.223098158175573
0.0937176326648246 -0.140559074594322 0.266195012303911 -0.144344722979833
0.183274347730244 -0.0698682155183276 0.359495576156313 0.0541147230181306
0.222264034946339 0.0864242388411223 0.201412475239956 0.297413766041193
0.0151624246920768 0.243980139438062 -0.0322864611345277 0.279379618077561
-0.197909092848701 0.140409886295883 -0.115131908269535 -0.00149285885797374
-0.213996253293985 -0.0203635656823473 0.296169715457178 -0.143628804901008
0.0561513359131022 0.115775988715169 -0.35194844957506 0.189944880877938
0.130939296162325 -0.0288103203827909 0.132319729112991 0.109781025252623
0.0192075078576086 -0.112918635159423 0.0799109338231639 -0.300414637602219
-0.0966162360735573 -0.0459207491702447 -0.233191856645779 -0.358523752734638
-0.0693282937229233 0.0425381509844623 -0.438657612478804 -0.0620081118904412
-0.0320299562183418 0.0509273352402563 -0.341548634657229 0.215808958134581
-0.0186112445136715 0.0582787771831534 -0.160542974739352 0.289638362959146
-0.00617468759662017 0.0416294105405607 -0.0384410295737784 0.29105860743655
-0.0303546157994351 0.0166127300887047 0.00151036075300734 0.310299143138192
-0.0300121858688404 -0.0200192851017363 -0.0444115818833946 0.326512392127073
-0.00681880204347007 -0.0230357169606413 -0.164571278514355 0.293481556066121
0.0216625313361142 -0.0444146581889704 -0.298756579745555 0.196812778221482
0.0848934349769147 0.0176612159016612 -0.437741665648117 0.0289140231431233
0.069390356355179 0.132084687979552 -0.52130652879661 -0.0658094395751296
-0.0409677110586443 0.158512629123695 -0.582617220130407 0.140450184856306
-0.102425095125684 0.210439461792084 -0.366710248385552 0.135653303632545
0.0547002704634165 0.138543559813626 0.136396882359005 0.113642684043804
0.0800666706798708 0.0224130634034889 0.117872257527439 -0.316776380747506
0.0435081331978802 -0.0182360995913601 -0.21665512568172 -0.40474031535081
0.0436575162993019 -0.00416041431153044 -0.456565137270366 -0.0979851872745239
0.0387034744353602 -0.0417762786829533 -0.361334833315882 0.191072779770521
-9.32127598048185E-05 -0.053021659167924 -0.172954538749768 0.271397796901933
0.006434417245302 -0.0603404573432796 -0.0435370200187138 0.277048380719031
0.00174300673225331 -0.0878803270273592 0.0140555006859454 0.288633511818282
0.0731139770227415 -0.107360450639979 -0.00630308282601605 0.319856140468309
0.135090492744564 -0.0257487437978224 -0.11204938938788 0.319278569801885
0.147036132441674 0.0487599527676102 -0.261362733167624 0.257867206627277
0.0813159168214755 0.188869169053529 -0.408364139208122 0.0930498642942706
-0.0852335688624815 0.280890402394638 -0.465240218658822 -0.0224719518759254
-0.239782435050958 0.256286211758239 -0.499052245556846 0.123761887906338
-0.269824268703727 0.256900706061281 -0.308015798783333 0.0616633936858404
-0.0754291542014255 0.294096423073014 0.176366767047845 0.110410609993929
0.0992190022182359 0.190953442659976 0.194047386802553 -0.324179083891859
0.187267358750527 0.0515070205711793 -0.155956829007276 -0.456086764998307
0.174527945487149 -0.0355781635836172 -0.435519190799694 -0.157217149829952
0.124918830163642 -0.129173829449966 -0.354971737678761 0.129594015600453
0.029184894630579 -0.160965444061775 -0.172127140477775 0.211509093047682
0.0170244115516859 -0.153749907856231 -0.0440439605972374 0.22359140707685
0.0182827471934036 -0.176221848814397 0.0361873113528854 0.227376033492696
0.138138108904905 -0.191700601435314 0.0575122732028417 0.274889676713844
0.244078204471146 -0.0645731645563419 -0.0103755523951577 0.320509396075559
0.277709426629976 0.0753044818948537 -0.174273498150292 0.328720831160047
0.138407471711955 0.314038428502483 -0.349278134865076 0.186406003024589
-0.157990766953314 0.413556413862687 -0.398192611658457 0.0211379990904955
-0.374705900643177 0.344561172998735 -0.363203733046827 0.0833410120463707
-0.413747264339726 0.247593855468619 -0.174057235416902 -0.0189137242253251
-0.24058484064534 0.396454333410068 0.248236651850996 0.0977320280487188
0.0600789694260603 0.357034716730061 0.294280127447811 -0.301214787926225
0.296676337769934 0.157048975662138 -0.0462186991515671 -0.477052272055302
0.29611489056354 -0.0381359649618668 -0.3576156080291 -0.22277282819296
0.211466666142524 -0.189776246492461 -0.308699456887456 0.0378336248868888
0.0645299856774304 -0.247909829611467 -0.154020303574395 0.116088453930038
0.0246482945452659 -0.224924386382041 -0.0370629592946786 0.139785809162074
0.0206461023973732 -0.236857773510594 0.0597719496395609 0.137519451040647
0.164668010111739 -0.254160686649339 0.121268246296262 0.194715328718878
0.303413089753176 -0.115442820052732 0.105556798829524 0.280726587800901
0.374956378822521 0.0546079562284381 -0.0548218751415275 0.365399691661371
0.207920844538984 0.373908917594616 -0.258338876489074 0.262183894959236
-0.172870079536728 0.490024870237475 -0.323740788584237 0.0437126045872859
-0.43714544400892 0.390152925810552 -0.205409658514328 0.0164696252166872
-0.489178278761187 0.186005729741093 0.0234526084031592 -0.0890886982118726
-0.384125484693404 0.405338257291355 0.340396879421829 0.0784642008181862
-0.0316977040792229 0.453391356807437 0.391019032972198 -0.239215504818677
0.327068471650098 0.261518303779342 0.0893105898169663 -0.44229543042516
0.367663396950612 -0.010685303004095 -0.217811891581389 -0.269641648460162
0.268609420397409 -0.209106437638229 -0.221140150955903 -0.0698266484601184
0.0926421419213644 -0.29161152902165 -0.117586289990458 -0.00053719797529018
0.0293996434683991 -0.264188127981863 -0.0245455532638084 0.0373616438142754
0.0166773690027681 -0.264832675521983 0.078492010288829 0.0326287449519724
0.161638568455289 -0.2796811133265 0.170185581456616 0.0946651437857227
0.317377800200982 -0.148044740610894 0.201751116669498 0.208109576285082
0.411436080647144 0.0286054264851862 0.0554560565971632 0.357109429770361
0.235660400137227 0.380439424671702 -0.161421462689414 0.29532398006211
-0.168815486992672 0.489668759269751 -0.254582983374389 0.0427621168052543
-0.440178540162756 0.371456439532848 -0.0502023963527659 -0.0610994853443283
-0.466909647372872 0.0938044942722378 0.243407955137151 -0.136757014950915
-0.443562650524616 0.3129414931427 0.430725910208226 0.0599933023915675
-0.122519827531034 0.432762213833362 0.453787048921218 -0.152816274888836
0.272011719576381 0.30555428964246 0.209291355501888 -0.35639570876495
0.357629649210009 0.0213057635738192 -0.0577560215667987 -0.281281196910442
0.271400117072022 -0.185779663452196 -0.109031716538064 -0.170013133559768
0.103089784393501 -0.283135543299491 -0.0716231070221476 -0.117876847609641
0.0302544097622681 -0.261836762714369 -0.0105207991113718 -0.0689998760837097
0.0118583275129591 -0.257060636050125 0.0930793639687327 -0.0711119129651915
0.144125776954288 -0.264810478574296 0.203115100051064 -0.00661946522326104
0.294479843844549 -0.147207904122864 0.269853510959362 0.130898138185943
0.388097479157253 0.0281613782050498 0.134445300611705 0.325640045581756
0.200649372351401 0.356655156081284 -0.0869422262167957 0.295370435792449
-0.178119467029776 0.417366334743133 -0.197220292157519 0.0255954937095839
-0.399341131972937 0.283627139833052 0.0877222442051843 -0.127103450516737
-0.346259863982189 -0.00173196175089175 0.435329610081212 -0.161820473868468
-0.381911883646642 0.16488236799013 0.490809641019057 0.0452640710677131
-0.158243823470814 0.311260738470888 0.476223490158876 -0.07198787074028
0.173702193797029 0.258027803655113 0.28550131339847 -0.257713887529297
0.274279581112963 0.0351448778202208 0.0785896972021231 -0.268583328799081
0.217092503041659 -0.134695763921501 -0.00862489951436545 -0.24704809435867
0.0897162095933094 -0.225429674035522 -0.0293901312677684 -0.216471401411894
0.0274708656219577 -0.216839275546448 0.00188856993864469 -0.162147363646884
0.0119973008545151 -0.214917766852717 0.104259522168551 -0.160394653524896
0.119253125042825 -0.215349539602115 0.22968717570788 -0.0935204650637802
0.246443566699589 -0.119769200136274 0.317424548114592 0.0706352855849588
0.32001862138906 0.0494416993719724 0.183346065926877 0.297048389736288
0.121313995730211 0.311109322848292 -0.0405588411529313 0.281226793957188
-0.193940202815175 0.296492649500083 -0.149352205792135 0.0091308380999674
-0.324133132918339 0.144495000826188 0.200884768695589 -0.161948037345161
-0.159421962365848 -0.0937095755488391 0.552851870557095 -0.173654215169628
-0.232056315993971 0.00659118527162723 0.507747311247105 0.0249030249574758
-0.131980980590328 0.141449238307747 0.472620234166711 -0.0265106272512541
0.0683080587286182 0.149518201082019 0.317336371757828 -0.19396918493387
0.145528281727833 0.0268343633887135 0.15560482698434 -0.262224932086472
0.123127196295861 -0.0660061801415218 0.0507790707073739 -0.297154766895942
0.0593043754061641 -0.13016891431918 -0.00409537159780941 -0.278750562875045
0.0211104923357433 -0.136587125887419 0.0137363998162094 -0.227731852005122
0.0135339430673236 -0.143154465658786 0.115854551755013 -0.224319903101428
0.0850639850139271 -0.14321976386458 0.255581704775606 -0.153011391918099
0.176346374943092 -0.0782443263913119 0.357716764504184 0.0355941615630201
0.221727703578339 0.0728397528446863 0.215260506916355 0.285226160798141
0.0271525208159062 0.238508481975228 -0.0192088164234653 0.275417827939427
-0.189142081087377 0.146950228741152 -0.116896204443277 0.00358429672174263
-0.212029514112912 -0.0134839236529163 0.279618458768333 -0.155278055541528
0.0346128156032211 0.117063844014556 -0.373907333024726 0.131039489861708
0.127997436474183 -0.00774451295788106 0.114449272790383 0.135815216980681
0.039571107940956 -0.101280730701696 0.13167447909839 -0.274411383652942
-0.0792854210057649 -0.0560092414385289 -0.16989406458589 -0.386214138450357
-0.0661475150871637 0.0277012906181519 -0.414906252983965 -0.13212782950079
-0.0344806593392344 0.0426485375422367 -0.367322276296969 0.154530408091746
-0.0235393309515021 0.0538385708721138 -0.205936152444849 0.257234803902903
-0.0102069865605061 0.0380165118720152 -0.0839722635487724 0.273617780211179
-0.0317391462949288 0.0118965302636295 -0.0477577325462995 0.302013766766913
-0.024668489714151 -0.0241957933040756 -0.0968432382787894 0.308495595267132
-0.0014553246590702 -0.0238214050351626 -0.210718481478726 0.256853039225833
0.0301870078857936 -0.0359724243146687 -0.326584232496867 0.133904339920532
0.0774540359110014 0.0371915366036618 -0.434454515749232 -0.049849227271941
0.04212924852558 0.14318650054565 -0.506154544124471 -0.154230018227616
-0.0690856932134127 0.146284047252597 -0.608363612317002 0.0319652357976299
-0.131587070680389 0.179233171790233 -0.379953647850943 0.0770036621339758
0.030849637011404 0.1408613532298 0.113069380417347 0.136777400610063
0.0759179419193041 0.0371952861905113 0.166320969120821 -0.281865688510282
0.0484176176676429 -0.00906757048498569 -0.144449867109074 -0.427166703090577
0.0497534958820575 0.00177061257402777 -0.428059234043571 -0.16670322831596
0.0474293385464003 -0.0356381751551137 -0.381954103652141 0.129136420126133
0.010401535574444 -0.0499261082625338 -0.215221738945346 0.236825333219545
0.0183009953772997 -0.0588356341758569 -0.0874621128018689 0.258950270738654
0.0162693768634758 -0.0844542402831621 -0.0313409221557387 0.283051338009069
0.0882296464003252 -0.0928348309447284 -0.0569692262717989 0.308084945567094
0.137282222791431 -0.00284110483551873 -0.159544617158371 0.291295089319836
0.133292040146268 0.0760015205659358 -0.296584281101767 0.204137568676141
0.0420779585328827 0.203334338157976 -0.415405059641873 0.0236760495890174
-0.134280268698862 0.261251577647151 -0.462001696647719 -0.102834442869282
-0.279537166815372 0.203509954844806 -0.523308918823064 0.0309022090128833
-0.300410972876404 0.195703100739636 -0.314613560417821 0.0136459473972213
-0.117092856700245 0.269578959695839 0.147932145749665 0.134749432212397
0.0667092131585874 0.201533465301255 0.235780948882781 -0.275254413498357
0.172707269388819 0.0790924122588781 -0.0783606599853547 -0.464706827256705
0.179409088169108 -0.00688504218697946 -0.400411077084906 -0.219159625678908
0.144093665245852 -0.105091079180214 -0.36439034529562 0.0732423086628391
0.0540767163660734 -0.149946615373521 -0.20457717867617 0.177688769684865
0.0433402318800804 -0.147406738281671 -0.0795747410051282 0.208164842418677
0.0478970966728823 -0.166793368837849 -0.000102018459282689 0.227208557037835
0.164342542746784 -0.163237040491826 0.0147954007602181 0.274856591387889
0.249097677166104 -0.021576702627597 -0.0563955107334801 0.308860855629883
0.253706917289816 0.124535646082565 -0.218535334881558 0.290673821412046
0.0732682117386206 0.336000614802394 -0.373510917114765 0.129673481206524
-0.230278634622579 0.376069092334127 -0.406556105470946 -0.0476046309367002
-0.425763079910051 0.265437126706085 -0.38084221057673 0.0177293348242409
-0.435259081286044 0.163154978357684 -0.172053382106508 -0.0439043426134233
-0.289355905750605 0.343851231956132 0.216519860525626 0.127618490268158
0.0012148577349666 0.355392783369215 0.323145750884724 -0.23809515629172
0.256754306718156 0.197458477289704 0.0289135182982452 -0.465030717056926
0.294665276373409 0.0113714389530378 -0.313654415383753 -0.269179341125955
0.234839798384094 -0.149822029968455 -0.305147394433539 -0.00789410103779406
0.0994462116571574 -0.227452265212945 -0.169684307703138 0.0868172523789179
0.0619692235900879 -0.216878662089163 -0.0588411501846684 0.129324298633284
0.0604496648610937 -0.224122966917281 0.036748332340109 0.143103706929174
0.199257229056471 -0.21889332543666 0.0904756284337499 0.207919583076865
0.31586741176224 -0.0613240423561609 0.0652237387097786 0.287630717500511
0.350686757531652 0.120164782936763 -0.105871711583694 0.347595092113852
0.130693214055297 0.409399359692464 -0.293014183917131 0.221994408473213
-0.2573981462778 0.44940443272033 -0.339091532017495 -0.00989322926144802
-0.495098453700472 0.299540636571757 -0.213302213229289 -0.0187247214098704
-0.49868990460517 0.0943362317802113 0.0312718985756302 -0.0821515089664296
-0.428339076906916 0.331861614286495 0.308450499878889 0.118611675721069
-0.103273105549901 0.435059255397717 0.406240747780877 -0.165827195760352
0.267318422371911 0.300991359641437 0.153519911847648 -0.408871913425869
0.357097728698443 0.0497911745454707 -0.172416057031165 -0.29328094154025
0.292420212636957 -0.157292743698049 -0.20236175390392 -0.0982119553270571
0.132220244729983 -0.26595178686523 -0.11427865702096 -0.0220102936761979
0.0722307883242524 -0.253617826936067 -0.0301250540782391 0.0331221279900456
0.0606120710838055 -0.251043296277449 0.0730806884015687 0.0447203517435514
0.201082990424487 -0.243677394034091 0.15414658571113 0.119065801662343
0.33418975964355 -0.0909560831691826 0.172278332459608 0.231906987742652
0.388833544202766 0.0995882080287228 0.00548218242831472 0.358874936596994
0.158626189085596 0.418674385793209 -0.201779589081923 0.271337329009421
-0.253636580927697 0.446865292734 -0.270466631438955 -0.00072771978692339
-0.494767928533906 0.279575845224097 -0.0442826691747322 -0.0673414689565441
-0.462895387835948 0.0152912514874627 0.253865992364652 -0.0948142122826861
-0.471610857911823 0.236294178598135 0.401474630896128 0.114093093561162
-0.190558180621995 0.401825724126342 0.453846076742752 -0.0750266595138139
0.207146127563428 0.333968825343425 0.255451542682639 -0.305502473087174
0.341073715415937 0.0805316496516092 -0.0126260953992164 -0.27930012032812
0.290117306569666 -0.13419232057075 -0.0775569363323892 -0.178970356109411
0.140519399187215 -0.255861753975147 -0.0489361396594575 -0.129504792048792
0.0726762143257167 -0.251157084620457 0.000562028312623863 -0.0666567290624173
0.0548749958787166 -0.244286065072912 0.103800027007919 -0.0536235078084944
0.181522031479139 -0.231391891796146 0.202645582782301 0.0275771268641881
0.310942164130385 -0.0932526034797526 0.249525553613996 0.168809091198305
0.366566844550154 0.0946226402511277 0.0872486693759061 0.341797888753966
0.128924897285169 0.387700127084148 -0.128735717518424 0.282856092781634
-0.249770620739072 0.374216067889929 -0.209425520213162 -0.0068786310046534
-0.440175329443758 0.199694470489642 0.105995923522466 -0.1085536089201
-0.33287356652374 -0.0566951793411901 0.446401759350614 -0.0882598471143192
-0.392841690265467 0.105628114380405 0.468321885377783 0.109496133434735
-0.206415093475171 0.278780432580093 0.4650595685808 0.00607010776271343
0.121043386324282 0.274753347845467 0.314630978276244 -0.199295914875584
0.256394630173998 0.0804275101159913 0.118444272193332 -0.247325819558757
0.229451356254559 -0.0922670359899983 0.032338043613819 -0.240775566456534
0.118612303245225 -0.202132830799393 0.00754028907831108 -0.218838059066747
0.0617988643089561 -0.207000175125909 0.0277456230215425 -0.15350549331697
0.0477904744854237 -0.203545385378825 0.129090775630285 -0.137800981407807
0.149609892850532 -0.188211849127978 0.241487996099451 -0.0516349584422423
0.258680412392062 -0.0740222907201744 0.304822130076277 0.118459682984962
0.297186277744614 0.103000849512308 0.139111654370984 0.324260851214251
0.0590375303761455 0.327005529374054 -0.0827415326648699 0.277603713863867
-0.242871565612538 0.252236548973947 -0.158444063137303 -0.0166416099605891
-0.341506802972081 0.0789927529215941 0.225449009733815 -0.122992471370727
-0.139708065947259 -0.109610129787941 0.566253868136382 -0.0816072376987533
-0.227236119038357 -0.023009764147433 0.490552833848227 0.0988301819127125
-0.153992013049191 0.120914226964703 0.458857097728844 0.051518547681135
0.0393367853465781 0.155744141223935 0.336320245857292 -0.132263812186759
0.133592809017234 0.0527688640367956 0.19351066760286 -0.228722327178679
0.128078768595317 -0.0416329667239989 0.0969974827007882 -0.282765412068058
0.0751019691786506 -0.115972381274449 0.0421766683148279 -0.275419449625023
0.0433654778040622 -0.130380909895254 0.0501606727951388 -0.21476606492322
0.0362917096271798 -0.134017442138144 0.150803851117567 -0.196923958197378
0.105679770236335 -0.123920841018537 0.27542184866278 -0.103785926533001
0.183385125588412 -0.045214771063169 0.34756401105698 0.0930999302850284
0.199751837780672 0.106927930407549 0.168587749945688 0.31898733951252
-0.0182661136236321 0.238216968898281 -0.063758822065378 0.272609569994338
-0.21153832375679 0.1076791042058 -0.123062126280363 -0.0168855012875574
-0.204565042383134 -0.0532111069786982 0.303647952506995 -0.103058898717222
0.0382529244208678 0.114812939183194 -0.359080578608063 0.145446515612688
0.125646506586791 -0.0140649502579255 0.12186346720969 0.130898107858018
0.0353816841086912 -0.100904871210288 0.118241785590213 -0.271941365606118
-0.079622008114687 -0.0512390358890346 -0.183358662554957 -0.372166888990926
-0.0618391817356905 0.0296218328646221 -0.411035470119335 -0.111554519479442
-0.0298715127149738 0.042929099817814 -0.347950832304991 0.166987055232665
-0.018618182944088 0.0529434222141419 -0.186160717169178 0.261680606400101
-0.00683312629224376 0.0364751181615011 -0.0678676374694992 0.26979469130423
-0.0289746324078611 0.013911082210598 -0.0285988219786959 0.296729345891498
-0.0258551733323997 -0.0221686812447691 -0.0782219677030014 0.307553873968351
-0.00188439825018758 -0.0235985003455452 -0.195424331093598 0.261031976158021
0.0280701042485277 -0.036281720638867 -0.314578502123599 0.142491575668852
0.0778916656413826 0.0340763045040163 -0.42804958679533 -0.033725303901796
0.0483181738903073 0.137561445460919 -0.49871448589246 -0.130860033089901
-0.0618676382828388 0.143933403270184 -0.588246160548983 0.0559312314134439
-0.121586034418808 0.181015128916284 -0.367471636224455 0.0917657573011866
0.0376812082761975 0.135597089350841 0.120673733456843 0.132521024595524
0.0759076612277077 0.031607120774498 0.151832851162215 -0.279619276247132
0.0461372631910588 -0.0116353723848498 -0.159588464060454 -0.410962059553623
0.0493511997710992 -0.00132034092705678 -0.4236276941161 -0.14602219637931
0.0455431631992393 -0.0376283180942343 -0.363486269084915 0.143624511167833
0.00799389245424087 -0.0487909060166907 -0.197220517438876 0.242054218417444
0.0161762860904607 -0.0590614243446461 -0.0729242895322397 0.256623137263519
0.0127217913388292 -0.0819943199603811 -0.0143611159236314 0.27843072430206
0.0799636495258577 -0.0947587512538277 -0.0379339541239497 0.305086430418041
0.134453114708631 -0.0108952249559662 -0.143581276860398 0.292697541361125
0.13441224704861 0.0667362302490419 -0.280844253944532 0.21021834705903
0.0512217273864939 0.196791467955581 -0.408164727897279 0.0376133132567486
-0.118613344108402 0.260652469758314 -0.454598788304821 -0.0826764930726946
-0.263194890617697 0.208663846460076 -0.507118265790844 0.0531726035444997
-0.285822200482937 0.202555243593662 -0.304219487592391 0.0265297586918377
-0.101021500530927 0.268097752946755 0.153928013582004 0.129820510938148
0.0730686271196889 0.193455252501108 0.219445357663082 -0.276220393615737
0.170432822797377 0.0681232217201152 -0.0975332750824113 -0.450525498661812
0.174677452748929 -0.0164113662283948 -0.399176966269715 -0.196012601878222
0.134873655035715 -0.110020841159618 -0.350714898686671 0.0885286092120106
0.0448970794727325 -0.148042937896481 -0.190725844680987 0.183419778427315
0.0368357692173314 -0.146045561916719 -0.0667015386390763 0.207062290000774
0.0384042323546962 -0.163479817002841 0.0123668347849079 0.222767412914942
0.150831467476041 -0.167791713851116 0.0302118559568775 0.269780642174449
0.243469998478925 -0.0351372063946438 -0.0405948802828764 0.306149412727767
0.253187566572697 0.108189698487695 -0.199367819530029 0.293277393608192
0.0876387914637972 0.32449180310951 -0.359352130956713 0.138958692284167
-0.208037913970095 0.37877430822233 -0.397978713301604 -0.0302523357919966
-0.402773418907034 0.273046362338228 -0.37198885505419 0.0330054515536033
-0.419507690302022 0.174665300359262 -0.167924852109996 -0.0352363606299805
-0.266534990363965 0.348577714956069 0.219900135617986 0.120042170643822
0.0146654378995794 0.345603983449215 0.307273241181552 -0.243733197385982
0.257194633954988 0.179180181302508 0.00852793957375447 -0.454207773877062
0.288180012752402 -0.00399168860358469 -0.314956560675211 -0.248163784728022
0.220890228847596 -0.157526702040361 -0.295530644107684 0.00490592066157558
0.0842816718986813 -0.225164828664468 -0.16210895989399 0.093048232422814
0.0507632658590347 -0.213843611997908 -0.0502059181818201 0.129461103407572
0.0479836300449002 -0.219571908010271 0.0436899938330561 0.138665045370895
0.182089711984354 -0.223098853128982 0.102166158636726 0.200612317221474
0.306721108289942 -0.076920154576293 0.0772537578029376 0.278776018440038
0.345910162404261 0.0978675440901584 -0.0867585169501042 0.345784881707938
0.146377472815587 0.392679825797017 -0.278697609672551 0.225436871241333
-0.230523944066144 0.449702264529711 -0.330121744189713 0.00398958425960132
-0.469633238205061 0.308857540966186 -0.210761619250331 -0.00830889120462339
-0.483397899611923 0.111694764654074 0.0286647004751493 -0.0800689712091871
-0.403594853113899 0.34235308330024 0.309245540775648 0.107700090260333
-0.0833874689449365 0.429286776532707 0.390883535335158 -0.175830545599989
0.27338863005507 0.280272390382928 0.133870521148696 -0.402936548889074
0.349863107274422 0.0310646374299269 -0.176026699641408 -0.276352080865584
0.276563542639328 -0.168511682088022 -0.199876009240779 -0.0896638468756035
0.11436947268367 -0.263982590638133 -0.114308781120848 -0.0163466591546386
0.0587787424876562 -0.250039773777274 -0.0268639856791054 0.0343802602656657
0.0463248332296796 -0.245220488167084 0.0733595062178705 0.0408487948251855
0.182169768679404 -0.246803691130434 0.159875138394206 0.110651126640943
0.321958839406677 -0.106762163630693 0.179643208257974 0.219374026155703
0.38234181625744 0.0766218234293376 0.0242916076647629 0.352219144822577
0.17355699204285 0.401575815238061 -0.186164248283812 0.270459607878146
-0.226513571101471 0.448075775182407 -0.264220226717821 0.0108089292702786
-0.468648393569215 0.29056542334439 -0.0498647327460692 -0.063065896846626
-0.450669604715729 0.0304540186982204 0.244965459783638 -0.100529173822365
-0.449014595717201 0.252471949082775 0.397772006447739 0.0996669574544882
-0.171216089412235 0.401028609153898 0.441228239665802 -0.0896810482369411
0.216006304568432 0.315767137983749 0.238412519163338 -0.305913198312449
0.335188122020188 0.0612486585914247 -0.0190721367562042 -0.269604135379387
0.275785170050122 -0.14558531071964 -0.0822824346311471 -0.174741401511379
0.122227097762512 -0.255009850361121 -0.0572558425379257 -0.124769574926493
0.0580146420887118 -0.247614377967517 -0.00162123487201881 -0.0640107313770694
0.0411410619769564 -0.237543957755384 0.09856195756434 -0.0564815918310255
0.16297282719539 -0.234037173378129 0.202414918313007 0.0182814045543683
0.299447445954803 -0.106857633209732 0.253216027911767 0.153408382556331
0.358802149264464 0.0712791703591524 0.103432776900375 0.33248608703953
0.143414898623633 0.370871592639086 -0.113692047111116 0.27918804577083
-0.225913745302537 0.376954558241982 -0.205843130797515 0.00165905928844783
-0.419596769681676 0.210236849187128 0.0940263941623286 -0.10923989019168
-0.32770268153908 -0.0424330323898267 0.432578263588995 -0.103238262998902
-0.378231594541893 0.12042135864588 0.460784442419726 0.0932606786510665
-0.190319862200034 0.282720620350433 0.455053938670187 -0.010902278767699
0.129910262179958 0.262630329177397 0.298488198228138 -0.203862053647036
0.252866697403981 0.0659080283476408 0.109279073343564 -0.24448791950384
0.218331769722022 -0.100824737802184 0.020195414860743 -0.240023039903156
0.104485844015311 -0.201791649709674 -0.00634598143199653 -0.214679779429273
0.0496880545736633 -0.204913691039454 0.0208558180179574 -0.149746177552626
0.0363117515038888 -0.198032421137965 0.11969772318331 -0.139603618710919
0.135779541237716 -0.190007876172734 0.234636265790586 -0.0599373917337969
0.248308687446757 -0.0856420018338492 0.304029429694083 0.101200938854099
0.292466533285715 0.0837734133842706 0.152385208812211 0.311251633820761
0.0721424112509479 0.315015791553656 -0.0692390631240991 0.27192410777607
-0.225493255798702 0.256538423816092 -0.156950261085975 -0.00931181820392376
-0.32905675823323 0.0886961451282929 0.208955791297643 -0.129184789496764
-0.140120641217084 -0.102757381584059 0.54974250928606 -0.100255553915543
-0.222823264672716 -0.0119167259251402 0.480720846220043 0.0796862033007347
-0.145777998676831 0.126103996511793 0.449435640644197 0.0331426189855726
0.0452426750327729 0.150422752713511 0.323508403526772 -0.140281933224767
0.131834987865271 0.0449439172978345 0.18186928768093 -0.23086246189242
0.122312405483996 -0.0455188488143942 0.0806372169293361 -0.283931250080174
0.0669988590630209 -0.115364463745032 0.0245148487910723 -0.271239183294216
0.036010399734481 -0.129271319562323 0.0389404575160252 -0.209877206124035
0.029401520382266 -0.131327404375816 0.137694456617011 -0.197353616510583
0.0965977056801011 -0.125078030411312 0.264052428402615 -0.113408913887416
0.176085014692117 -0.0531482578324054 0.343806815240848 0.0749536793451613
0.198085457008539 0.0928818643410144 0.18090141664984 0.305327011289513
-0.00714596353515395 0.233150349531829 -0.0496311208884031 0.26710306443121
-0.201037477815248 0.112542628436606 -0.123944029019006 -0.011430375098889
-0.201797994816213 -0.0449750256268084 0.286191685693245 -0.113417165947252
0.0407071121296688 0.112491738085398 -0.345045035971701 0.152769937322021
0.122569251531037 -0.0188290199439231 0.126488919720332 0.126595851951486
0.0316643490292046 -0.0999978876356975 0.109330672388335 -0.267669134472256
-0.0794142589379402 -0.0471093660088815 -0.190167894650716 -0.355779258340038
-0.0588103159432422 0.0307734714653731 -0.406709620356906 -0.0974249244631031
-0.0265374158097157 0.0423615122986552 -0.330839290597511 0.173764297617486
-0.0150811834642904 0.0519701371149844 -0.170002933357623 0.260987716747116
-0.0042978488319485 0.0343564093831809 -0.0565085105112334 0.263785195098142
-0.0260114139516612 0.0145142311144007 -0.0152990397086843 0.289769945876851
-0.026655976849472 -0.0199916296170479 -0.0638663969224819 0.303329296302494
-0.00249023944635087 -0.0232358621284939 -0.183308816952816 0.262211798817524
0.0258601373887753 -0.0368549403328536 -0.303528745556157 0.145315242984489
0.078146513700041 0.0311948267114303 -0.420875493078388 -0.0243550462383541
0.0525106813017134 0.131326779935639 -0.487522976458993 -0.114117317197405
-0.0572745326256339 0.139728274282875 -0.568351247769332 0.0709561847310235
-0.114259940011086 0.180585658284447 -0.354502527594505 0.100569982076597
0.042686802992979 0.129928650338136 0.125471197449384 0.127875923741887
0.0749337913509577 0.027114329398996 0.14158259722041 -0.274902456244296
0.0436333646470682 -0.013802080274203 -0.169280334269763 -0.395238431271312
0.0482381832695584 -0.00379666595753182 -0.41749982043004 -0.129316617242768
0.043668298655131 -0.038271530399983 -0.346907821508031 0.152707842332977
0.00714463663473987 -0.0478394941166888 -0.18232125683945 0.242849659106616
0.0149539608499307 -0.0589979847496529 -0.0608673059156414 0.25224049181555
0.0101239992216791 -0.0794943832986633 -0.00183760005919755 0.272024919898521
0.0737725846271881 -0.0952604297233189 -0.0241572443935385 0.300250091950641
0.131760998449049 -0.0159895841692157 -0.130304018785991 0.291832516534862
0.132359862838919 0.059139557858948 -0.267479670721053 0.212049242620484
0.0564968552825128 0.190689968410704 -0.398309629544041 0.0447844870060891
-0.106414220217095 0.257611317754676 -0.443314078152989 -0.0676745416485738
-0.250582317269235 0.207106957030313 -0.491109467211606 0.06598145515147
-0.2738917789098 0.205195550019839 -0.294052708442752 0.0352505757714483
-0.0883032204587611 0.264491483375946 0.157696620186127 0.125173681905112
0.0760923703200818 0.184628349606881 0.208842945732097 -0.27234391346191
0.166774776675937 0.0599764881171315 -0.109251369006403 -0.435043217124016
0.169449271619927 -0.0223573332715595 -0.391431819380408 -0.178388429414495
0.127157995366648 -0.112322890424144 -0.337111641292193 0.0957537237688642
0.038278348106778 -0.14488976270134 -0.178928889558564 0.18527480012017
0.0310441878776539 -0.144764348614444 -0.0573324683202074 0.204171097180708
0.0322945379274618 -0.159568399755703 0.0215170378659167 0.217387876866995
0.139341395532693 -0.168864080035505 0.0422175400992864 0.262759439148737
0.237070735935207 -0.0441111721245741 -0.0295151204703549 0.301002878785009
0.249454972262331 0.09474145149994 -0.185249008968965 0.292318500140242
0.0958161361434775 0.313636391013265 -0.34899861687893 0.14273497585238
-0.189881466024693 0.374026470712114 -0.387512688777969 -0.0199234014810494
-0.383997265327552 0.27386573791753 -0.363337762944437 0.0435342993713932
-0.40582225449486 0.181698585778177 -0.163366028181531 -0.0285093942427061
-0.247535623727762 0.348305292111572 0.221886842207406 0.114746400573705
0.0238611945327279 0.335988720522492 0.295956873732095 -0.242897463886265
0.254986557432151 0.165326633091359 -0.00355356805162893 -0.443661723701972
0.279441158718218 -0.0144942227068392 -0.310033303701104 -0.231241541163497
0.208788474686552 -0.161640280944466 -0.286251659236679 0.0127905865284825
0.073020900093821 -0.220915644394625 -0.156043563567621 0.0954942142466088
0.042510541602137 -0.210264365605918 -0.0437675960745363 0.12790917037846
0.0390274717702541 -0.214197022822533 0.0478723061297209 0.135143303005645
0.167191922207705 -0.223706779389024 0.109771227611655 0.192732767248751
0.29720615330127 -0.0872655595755735 0.085510894882896 0.270871455387772
0.339344219709317 0.0812051857529151 -0.0721308835055552 0.34038026243444
0.156426870500833 0.377128479285744 -0.265194594426851 0.225054971521486
-0.20980137644972 0.446682768030309 -0.322646487606261 0.0122184769533006
-0.445988999516846 0.312020061970309 -0.208637890622299 -0.000698568743408188
-0.470369145197346 0.11975843372862 0.0269846275845286 -0.0778531256530298
-0.380931089570793 0.347945572922139 0.306706096747859 0.100670229117624
-0.0701422450907693 0.421369266841863 0.376339850822049 -0.179318125839736
0.27326710194443 0.264845178366652 0.120025944595679 -0.396061829473957
0.340240470278171 0.0175867670905268 -0.174468472224891 -0.262546327793028
0.261103620426236 -0.174310554805322 -0.195785460944327 -0.0831752480131954
0.0998006161262211 -0.259586066304428 -0.113499849992505 -0.0126550561407843
0.0481214147543902 -0.245384456552808 -0.0239170760481148 0.0342538864568854
0.0362318985648376 -0.238433926895776 0.0724930962883024 0.0384463682365799
0.166423692705936 -0.246163113258243 0.163099896404632 0.10301913475067
0.311005448604253 -0.116026557993174 0.183348369503822 0.208704717457427
0.372303270883543 0.0592872281508876 0.0365465897862302 0.343336127539166
0.183486717090414 0.384071143507822 -0.175463757408648 0.2665378159355
-0.206420730686478 0.445098748884591 -0.257953598755348 0.0165746153722662
-0.446764726429269 0.293974730317858 -0.0537661476329362 -0.0586845117196942
-0.440436146089993 0.0414488271608772 0.23697909722579 -0.103782943707169
-0.430089677603917 0.260502062527923 0.391782514517516 0.0894617825409012
-0.1561941648925 0.395863731587441 0.427364144153607 -0.0954427514787944
0.219105114720033 0.299495245511706 0.225321575894642 -0.303626412090981
0.327510344288596 0.0492231946909195 -0.0209750013299793 -0.261001093612889
0.261890123531103 -0.150172758808436 -0.0861951730552731 -0.171294551276129
0.108123419149191 -0.251025782548742 -0.0625538996420989 -0.12068669381178
0.0470498909534708 -0.243086171525984 -0.00254425026368085 -0.06109790082432
0.0311551394497031 -0.230163004955333 0.0929420157171491 -0.0572867495665243
0.150334751424977 -0.232696526082992 0.200141100486864 0.0116312836758707
0.287431066446203 -0.116789181316738 0.252828048875049 0.141239899990882
0.349910578510715 0.0550818823259076 0.113858774937193 0.321414028517076
0.152563478074414 0.354506253638943 -0.103248753390702 0.272536980320872
-0.207727587756044 0.37340092073527 -0.201607227424185 0.00679772730631921
-0.401367821120995 0.213261672982345 0.0837452830059544 -0.108105004180857
-0.320733957489928 -0.0336548610875363 0.418894091330649 -0.110680078484475
-0.364282052436802 0.130127419239048 0.452172644222209 0.0813621301174018
-0.17827065180643 0.283109076360668 0.443591442326985 -0.0203976222319924
0.133525077880614 0.251476308362964 0.28738680441244 -0.204036595373509
0.247239932142614 0.0547837865645865 0.103731420707073 -0.240650905102047
0.208029088192933 -0.10499150250222 0.0103251612638237 -0.238475611908408
0.0931639728075284 -0.198533374459048 -0.0174068833782444 -0.209899684585762
0.0402712211995243 -0.201227881863519 0.0157550809300637 -0.145526960186583
0.028370375150254 -0.192381873954787 0.110625627700891 -0.138829755062221
0.124616054269943 -0.188810087920232 0.228205256721352 -0.0655441134242144
0.238282196829513 -0.0931035314199832 0.299581594030489 0.0889361971583976
0.284552609448353 0.0696017382107516 0.161245973934285 0.298587945952012
0.0803575690711697 0.304599878267024 -0.0591972322961123 0.263995785139686
-0.210874686341373 0.257876505172839 -0.155198087489609 -0.0047042698627279
-0.317355686672865 0.0939019022845656 0.194417867434645 -0.131354538208496
-0.140265909522102 -0.0969612806542742 0.532546099120928 -0.110351607271944
-0.216806089288275 -0.00390939211834919 0.472099893172389 0.0679055113218276
-0.137634961152565 0.128655324219193 0.439295938497515 0.0217419184226469
0.0490546642150297 0.144989247602586 0.31301852033915 -0.14241569572696
0.129499510562399 0.0385413660990261 0.174709849479864 -0.229869234650056
0.116932793722363 -0.0476676234254649 0.0664500677629378 -0.283346828561697
0.0611644304132338 -0.113799850838257 0.0109342011583986 -0.265958909375041
0.0292204621698202 -0.127178774107112 0.0307600579820888 -0.204289151618724
0.0241129893049859 -0.127771903933611 0.127407891427734 -0.19575194537397
0.0894278853903433 -0.124401876457176 0.25408157338337 -0.11825486432697
0.16811080184175 -0.0578472577153128 0.338263992085245 0.060342426539198
0.194363061577219 0.0817665749266998 0.187956197689543 0.291380389506439
0.000494280631319885 0.22691154546244 -0.0409069478366437 0.259311193457831
-0.19353924387277 0.115083103504995 -0.12285200633494 -0.00703630789953758
-0.199034371479604 -0.039402414580057 0.270829534998437 -0.11960472019907
0.0422528632957594 0.111717183082888 -0.336699445509141 0.157151285936031
0.120529348528544 -0.0222653482342708 0.131304671692987 0.124188581982165
0.0301026343621009 -0.0997826610341233 0.10507320292501 -0.26537655268179
-0.0792952227322959 -0.0448397487586141 -0.194576937421445 -0.347573861560588
-0.0569997104022881 0.0300520292989042 -0.402936456821575 -0.0907867340199336
-0.0241328334644852 0.0411965558967763 -0.320483566039128 0.177060477640281
-0.0126605934716304 0.0506386770014411 -0.157927942360336 0.259213780884115
-0.0026659203539862 0.0323898803460744 -0.0484373408722756 0.2605179150375
-0.0243645257344933 0.0149658636426518 -0.00571874051913262 0.285655700928865
-0.0267964006345369 -0.0186389007640414 -0.0550710723934206 0.30140976981374
-0.00263352694407889 -0.0228349525095925 -0.176722417848481 0.262975248859292
0.0241902297977404 -0.0362563087115807 -0.297007806815679 0.143571191307946
0.0787893661161969 0.0298130714966129 -0.41652574688742 -0.0210649381147845
0.0547255923219357 0.127437488851893 -0.479788294362428 -0.107957938573569
-0.0562904989594547 0.137014062333527 -0.55512540724038 0.0745733732102709
-0.109910688913226 0.180156738590551 -0.346017616187316 0.105325609300832
0.0451078567017515 0.125815629963783 0.130009826542268 0.125959258668388
0.0738327152798972 0.0244576680933909 0.136687441645199 -0.271632232319031
0.0415624588065858 -0.0151899729560484 -0.172521568457196 -0.387020313389819
0.0473269278622565 -0.00612282150775965 -0.413368480325994 -0.120918950331503
0.0423124509469385 -0.0394884644429849 -0.337150301920705 0.154412144629553
0.00583803164261121 -0.0471431116323114 -0.17192480574249 0.242777243730074
0.0139707740458625 -0.0596273089558309 -0.0538080433882098 0.249081911346045
0.00915605601547311 -0.0784750162579867 0.00583203975018424 0.268632004798345
0.070058394995731 -0.0954118171591073 -0.0147588032771015 0.296551560577655
0.129724764863164 -0.02015495111838 -0.123817064660697 0.29183419012452
0.130313908619463 0.0549513649441289 -0.260049189218428 0.210789090170171
0.0599545477668481 0.186157319319006 -0.391834385549497 0.0473331747679189
-0.099568244303143 0.254070341340184 -0.437983457807252 -0.0622596082844744
-0.243985157191276 0.20376217301579 -0.481100035768324 0.0725476332101522
-0.26766786486656 0.205924085213159 -0.288241663868313 0.040350471449349
-0.0804601216020687 0.260085692839901 0.16181079115544 0.123244173095138
0.0775824257820757 0.17939955326763 0.20233565091611 -0.269133810463283
0.162672758893279 0.0539800280467029 -0.11304881688303 -0.425491935772681
0.1654567065019 -0.0261761001190106 -0.385594241535321 -0.17056151513644
0.122276127276563 -0.113502701225569 -0.327894559791809 0.0992300657502332
0.0342828006577941 -0.142258724128485 -0.170911275441619 0.1858519325219
0.0279115561179427 -0.143802912426709 -0.0507898387797681 0.202766114263138
0.0285411773180969 -0.156560402882785 0.0274682346305462 0.214208996885866
0.132575239126445 -0.169003326604045 0.0500565447738178 0.258012435320771
0.232751787560199 -0.0510569293498899 -0.0236917435615154 0.298874111316806
0.246365034063679 0.0867496130438264 -0.176013148764004 0.289160110216445
0.102394470744175 0.307726288412354 -0.344062424225359 0.143098446687613
-0.18039338037254 0.372651247626327 -0.381355424540377 -0.0148451123225582
-0.372171884667161 0.271554111582948 -0.356027485283043 0.0495252851875285
-0.397061092078237 0.183978387180272 -0.1590914568693 -0.0252108962082312
-0.23411584391793 0.347191339694965 0.224101653750856 0.112950531053777
0.0276955998022318 0.328856802419823 0.288210226997956 -0.240051030117739
0.25135018587045 0.156146702072923 -0.009273331387928 -0.435690387567357
0.273529852940819 -0.0208793210116911 -0.304161179821179 -0.221778920918366
0.200830851946295 -0.163697036981493 -0.279991358170111 0.0155690657784275
0.0657175584713558 -0.217556498751949 -0.152086976676824 0.0971432610047766
0.0365353233573372 -0.208179087855763 -0.039082250955153 0.127253520174405
0.0340883543277696 -0.210417422718886 0.0504868138744593 0.133197318633516
0.15778546035686 -0.223500051180514 0.115552901779907 0.187727621456763
0.291037647984255 -0.0955313279536191 0.0900840299257201 0.266615464227049
0.333272861936428 0.0713022768248459 -0.0624503943528642 0.335090977778982
0.162135288723564 0.367741953836621 -0.260006525355218 0.222643466255718
-0.198535708908884 0.444247270111475 -0.317042589041566 0.0147307365223331
-0.433093392688069 0.307506060548551 -0.207136434804716 0.00373360521048847
-0.461708663909371 0.123241586856473 0.0276242145106281 -0.0764654289251827
-0.367916321216684 0.348819546694357 0.306331658461105 0.0980557000250749
-0.0628770165619127 0.414607102695329 0.370942240497571 -0.178611025956823
0.272184919000295 0.252845461917636 0.113533974947967 -0.39141679966392
0.334219279183038 0.00969915191184314 -0.171151300890483 -0.255846402977505
0.252253760897072 -0.176306912242657 -0.194513653540043 -0.080948414596229
0.0912551772224279 -0.255909040429642 -0.114320531655437 -0.0106160544286162
0.0405345124225798 -0.242385275674227 -0.0217519516211058 0.0350482714696736
0.0306921707086874 -0.233516060569673 0.072083739798605 0.0380365286930446
0.157372642192216 -0.24504341770202 0.165813867178878 0.0981828237183917
0.302718798698284 -0.123799664094401 0.185017788951764 0.203213617947158
0.364652874372324 0.0481059038522436 0.0444834193045203 0.337825187549208
0.18753771514332 0.37253092547684 -0.169564816855859 0.261767512154138
-0.194812675462871 0.441560098541135 -0.253808065753526 0.0188434423427774
-0.434233948290468 0.291142550739628 -0.0569727199282692 -0.0552403011946078
-0.433981637486767 0.045404892975513 0.232708531236983 -0.103646535540434
-0.415534211947376 0.264071622882843 0.388225521033396 0.0860480941982094
-0.14695422837808 0.392572558830808 0.421482961169415 -0.0971766155624694
0.220221064925599 0.290953079975386 0.21803014367957 -0.299943793335881
0.322123883225421 0.0397508715528671 -0.0211581118647902 -0.256578628159498
0.253680847364998 -0.15355867707626 -0.0893473952316142 -0.170333536584631
0.0998956814033453 -0.247432476005466 -0.068152017445123 -0.117816612476738
0.0403213728515987 -0.239408233424696 -0.00343441785453234 -0.0593338149958602
0.0261349521682761 -0.22558678424904 0.0902987296715131 -0.0564005282623158
0.141165277115898 -0.231123016456553 0.199742380662826 0.00807827986427173
0.279628739354927 -0.122572762108861 0.251767644923369 0.134583840106369
0.340443836540772 0.0456097444989939 0.121412656156283 0.314484590524938
0.156984098626788 0.345253665262901 -0.0984135704586648 0.267292864376948
-0.198253537330465 0.370856176547785 -0.198938458236845 0.00916970856836341
-0.389471527225222 0.214006094101973 0.0763924343180229 -0.10667758535202
-0.317280998555079 -0.0292996802584795 0.411720351936424 -0.112232573816787
-0.354978384478545 0.134938098303291 0.446503032063568 0.0775281462605729
-0.16979693739562 0.281232786783082 0.435888329832078 -0.0233824289534599
0.136137981252082 0.244693454949797 0.280979701636863 -0.201753639272837
0.243537198578891 0.0484226851212095 0.102321112264159 -0.23820692741148
0.202258607948946 -0.106945030895944 0.00390771450603858 -0.238467892920237
0.0869390180935315 -0.19594595161261 -0.0260978560390503 -0.205860326309992
0.034040883535482 -0.197910755730246 0.0128517308576 -0.143056949397111
0.0236526500120505 -0.188364329817875 0.105534336822737 -0.137763934651586
0.118246444284194 -0.187757788227361 0.224602117945114 -0.0681137175706082
0.231434995180514 -0.0977082677653108 0.297188539392237 0.0811861096693119
0.277940538162891 0.0605639121375435 0.166334374826085 0.291043879250354
0.0851169966577626 0.296535157145883 -0.0550982116439222 0.258315364332731
-0.203755363504739 0.255263951587987 -0.15450996437372 -0.00160554708157983
-0.310371407684655 0.0947926021066675 0.184474759518402 -0.13157926873866
-0.139936907115575 -0.0942831055343334 0.522897011751354 -0.113764745849241
-0.212647928143425 -0.000630111715820034 0.463802238456382 0.0625476150649411
-0.131991089982056 0.130007289798576 0.432883582518347 0.016876001577956
0.0508848856724058 0.141371485255742 0.307531854016814 -0.140909235091996
0.12747479324841 0.0352321394064232 0.172053593329358 -0.228996938964004
0.11421862378671 -0.0483537005097781 0.0570637810193706 -0.282157952569436
0.0568942262077105 -0.111746167691183 0.000787919783078805 -0.262620920169685
0.0249786727051711 -0.125648225181233 0.026345846291069 -0.200956129256229
0.0212203445925093 -0.125246369767145 0.120219464536241 -0.19420976466338
0.085384223363436 -0.124139304447511 0.247021427271035 -0.120329647328094
0.162797915521597 -0.060830785379176 0.332938352020963 0.05315380796176
0.190126615112326 0.075927694208508 0.192357432198935 0.282398806115124
0.00494899568434268 0.222578523651293 -0.0374322368223758 0.253487438948342
-0.188606726431053 0.115706417835665 -0.123411977201861 -0.00428501788003885
-0.196625010847494 -0.0363508708582855 0.259121315386874 -0.121313426876318
0.0441572345956927 0.113415467287876 -0.334639498978595 0.162830978412522
0.120150158615939 -0.0252454831520731 0.137280129352506 0.124395369862679
0.0285035535822106 -0.101029427686298 0.103878090912108 -0.266756431419493
-0.0805477863151017 -0.0434474108375595 -0.200311933712428 -0.345361225634485
-0.0565048614933257 0.0301924366412602 -0.407419366921801 -0.0872217833173413
-0.0234879604129056 0.0403903289847433 -0.318414625221655 0.179886955111358
-0.0106955870066314 0.0500876970682853 -0.150455292111573 0.261413035614932
-0.00155355904260276 0.0311102259209361 -0.0432284043683753 0.261507970725846
-0.0226405587945328 0.0148153790109157 0.00187380342466187 0.286145646995979
-0.0265087733609628 -0.0179770005352775 -0.0496346870378278 0.30316595816441
-0.00250775747841082 -0.0232188322130472 -0.173968628670616 0.267444116863461
0.0232270871003934 -0.036705842154496 -0.297515021264256 0.144289250489027
0.0803761318076941 0.0297598387152796 -0.419689911190908 -0.0199670354094574
0.0574700675753812 0.124336931686479 -0.481818746336591 -0.105252993173019
-0.0570939590068822 0.136586082129971 -0.55190788931376 0.0792505005737943
-0.108511199035072 0.182427591049877 -0.345226658936572 0.111352007229392
0.047445233620194 0.124022383834912 0.136696364480216 0.126998160963051
0.0733789686091092 0.0224630754694772 0.136038483773344 -0.271903064628809
0.0398324463426935 -0.0168057039979359 -0.178341922834954 -0.385450692077586
0.046904498872326 -0.00768015060818936 -0.415294689751986 -0.118704268347296
0.0414316321901344 -0.0416817893604808 -0.334179100254954 0.159498422718848
0.00557828879182757 -0.0472499834600673 -0.165661280367464 0.245618489961779
0.0132839738397981 -0.0610996197168622 -0.0478617332597903 0.251163441436273
0.00767460543664714 -0.0791095609262028 0.0130544838565225 0.269829435901661
0.0684996345734356 -0.0965394120331236 -0.00845022597640063 0.298267594734213
0.130478560241661 -0.0239219067023994 -0.12005081184454 0.296111460182414
0.130951149517548 0.0525523740752886 -0.258310201990527 0.21249133908481
0.0636126918018697 0.186591391946727 -0.395340829796135 0.0492208343132628
-0.095837229637287 0.255240708184197 -0.438004631205746 -0.0600162128658264
-0.244842063809564 0.203921764558733 -0.48051412558539 0.0765471441789395
-0.267119265359603 0.209158003507006 -0.287843414816618 0.0443732972866002
-0.0762571591582593 0.261227989953138 0.168526711418832 0.124287436319178
0.0784093465019897 0.177713988901038 0.202143080779036 -0.269223350964059
0.161813872569566 0.0509845913099753 -0.118968037390811 -0.425529206382704
0.164936150625479 -0.0296579164078114 -0.387959333263715 -0.167103275984847
0.11972367107191 -0.117062630722565 -0.325531309512422 0.102578968764232
0.0312555976900673 -0.142258501541748 -0.167478248324 0.188660560407464
0.02490296226756 -0.144968058803616 -0.0453530613938189 0.203985907301671
0.0255967956682351 -0.157945002375379 0.0329747114920876 0.216138782925344
0.12874855736597 -0.171164144281201 0.0580528482579031 0.258160838738704
0.233423340486508 -0.0575594040398239 -0.0185857352142341 0.302242684794872
0.246306107809491 0.0817912043048143 -0.172089554853966 0.291624530781265
0.107468568515508 0.306579572329001 -0.344797201989642 0.143700341730155
-0.174085435924302 0.375908625290038 -0.382304989953089 -0.013140074694002
-0.371679954953744 0.27119206816265 -0.356149900255613 0.053667066947071
-0.398800633675459 0.188910170316835 -0.15838398947535 -0.0228791613281751
-0.229642908091912 0.35090232775182 0.230098185521271 0.113328624277444
0.031745145244272 0.328846376956829 0.28880419744948 -0.240071028952282
0.252192343100421 0.152974871032949 -0.0140335559142997 -0.436323771887068
0.273593936018511 -0.0255486387455981 -0.305311450983106 -0.221542086597199
0.197950912268866 -0.16827827749596 -0.28060598227676 0.0172708528979198
0.0612541494673362 -0.21796306626441 -0.151436372561732 0.099643981187864
0.0327194852112595 -0.209719674407048 -0.0362211877219622 0.128251130127464
0.0303314319151966 -0.210969694242865 0.0549168075732141 0.134604164952999
0.154186952400154 -0.226088646062689 0.122875735331936 0.186222159298484
0.29013441872627 -0.102743826661059 0.0943406766879859 0.267712462840702
0.332503688717255 0.0645306708034065 -0.0566161220354138 0.336956304886997
0.168104371655094 0.365668842376956 -0.259897499741299 0.223020448001889
-0.192445451324946 0.447569297104055 -0.31809095507159 0.0153314157347943
-0.43189015040247 0.308823262326698 -0.208551895172433 0.00752812540375204
-0.463996298295228 0.128546626395695 0.0281586923376139 -0.0762873769817828
-0.360623263495865 0.354033966718053 0.311589977324826 0.0983792037263671
-0.0586307897436353 0.416777973269302 0.369238012798659 -0.178153638014904
0.275070287788524 0.250307277496076 0.11089284322386 -0.392426781251369
0.335105638817113 0.00473253141181162 -0.170240610011479 -0.255395206783766
0.249002974826887 -0.181422333712534 -0.197100777304152 -0.081586747026416
0.0856244814331595 -0.256548591995779 -0.117371674423952 -0.00921717438670554
0.0352253338659073 -0.243762315350095 -0.0206606346882176 0.0356566572756947
0.0266153595856593 -0.233161346611413 0.0735415758198903 0.0386186958292243
0.15257846144252 -0.247191568630314 0.17100387074437 0.0951351175756532
0.301210323618516 -0.131696494752438 0.189554235268601 0.202252560131841
0.363668809321233 0.0407513827796187 0.0514979214424263 0.33813379767523
0.194211938986666 0.370476894267847 -0.169229478083344 0.26148456093747
-0.188826425845239 0.446191361864206 -0.254863112982857 0.0208218172683474
-0.431978369292841 0.290852044120457 -0.0601230311010072 -0.0529706408034199
-0.436548643854341 0.0485047649924711 0.233444057285946 -0.106124675047686
-0.411331222360769 0.270459400562461 0.392685580731152 0.0849888428658529
-0.142727692148343 0.395682575696124 0.420940524832106 -0.0971946797208596
0.223534006968709 0.28804416867848 0.217265685779807 -0.300532146999403
0.323221678080916 0.034679724392517 -0.0189782919062347 -0.258114611178511
0.251379338050594 -0.158328717268347 -0.0937048130169271 -0.171935665078696
0.0939993868123649 -0.247830347427994 -0.0735386425710485 -0.117374858760422
0.0341446648014292 -0.239382356723136 -0.0037653619434156 -0.0597678433733833
0.0224800916239512 -0.224708010536841 0.089357253948543 -0.0562690860480223
0.137237098163828 -0.232960507042594 0.202871182250718 0.00436768359304631
0.276961086074244 -0.129262545979438 0.254128655226289 0.132186996046067
0.338647899336686 0.0384487895806891 0.127954864908283 0.313359676239768
0.162436301195461 0.344009822337132 -0.0973150315833342 0.264948721874079
-0.193240929234603 0.374853312405272 -0.199963513151671 0.0109158149469461
-0.387753717630889 0.214579512488272 0.071760052236944 -0.105923651994144
-0.319468664116563 -0.0278530237408212 0.412745860357415 -0.116078534252295
-0.352751968975485 0.13941269775222 0.450134280881707 0.0748026912520805
-0.16595222203035 0.284015378657469 0.438659573700576 -0.0248323493940131
0.139075246823541 0.24265188422691 0.281234887411999 -0.202756354413179
0.244774829901509 0.0440151363791805 0.104094340806512 -0.240424014795234
0.201276997810049 -0.110667447805198 -0.00266468955338328 -0.241718206021873
0.0827008721469164 -0.196369441735818 -0.0343023467679136 -0.205709186035344
0.0293876115449101 -0.19855238254046 0.00988704223757934 -0.143676564172711
0.0205859242441085 -0.18761216701284 0.103148052490985 -0.137805420042079
0.115206849121458 -0.189144844462366 0.225484600997257 -0.0719086905617315
0.22879601875958 -0.102531702116672 0.298738536145817 0.0779013882678379
0.276658033875129 0.0553142591286781 0.173814946668247 0.289841563114297
0.0904043481660424 0.295498315042158 -0.0539395354954314 0.256346158524673
-0.201137795138804 0.257423563941729 -0.155499495163928 -0.000250349559567561
-0.310167254838693 0.0963364768665052 0.178750453215772 -0.132242645446316
-0.142606683958101 -0.0937515443322693 0.524363964267864 -0.117963543455899
-0.211822598626999 0.00215366573211496 0.464444615215198 0.0619777324588891
-0.129730970423901 0.13191069057624 0.434881888187886 0.01468452788235
0.0533702577809179 0.140601812826892 0.308006850383074 -0.141982794055712
0.128282562105464 0.0330280447232706 0.172808762079421 -0.232173273326108
0.11494625720748 -0.0497787235299458 0.0493079997588694 -0.285868156457264
0.055554404924984 -0.112661216021255 -0.00864577658569874 -0.263113335761859
0.0222838214943903 -0.125354055615567 0.0222891490021974 -0.20156641595781
0.0184708606530103 -0.124500776421583 0.117350938168619 -0.194371323608309
0.0834960479368754 -0.12571171709278 0.246483061853831 -0.123561806653838
0.16126874776255 -0.0628918625479723 0.334097924846718 0.0489402098981071
0.189665633352565 0.0725727068764944 0.19782098704216 0.280956492199577
0.00882521735160893 0.223169302952646 -0.0356408408418339 0.252856724933544
-0.188606004333005 0.117719892341701 -0.124993238061738 -0.00247213265862022
-0.197130629458056 -0.0351621996580123 0.254031784337513 -0.12359165578703
0.102175029460769 0.0700411865136346 -0.156552597075485 0.337334777772666
0.0804110261179215 -0.0916513329050565 0.195113048002237 0.00694234441942313
-0.0394819820947322 -0.100410373626206 -0.0824821028301082 -0.283461057078458
-0.0921572620882719 0.0132821829353729 -0.38172051805731 -0.151969546001644
-0.0268565049012309 0.059137689677919 -0.380676630345409 0.186719282579638
0.00654137694922187 0.0467652002692607 -0.138859645794377 0.343750866047532
0.0241519355223165 0.0447951912222643 0.0474891800085633 0.303412190022337
0.0181184605252024 0.024753246889799 0.131208460542645 0.23383401717764
-0.00750875693097615 0.0271125184060161 0.184840858890353 0.224743495111269
-0.0313752046858023 0.00310657045159194 0.15389147495296 0.275399725081409
-0.0156157705759452 -0.0154874954865184 0.0303067898596267 0.325436790495699
-0.00355093340696003 -0.0405943473219582 -0.152431556052269 0.303409218610875
0.083451220747087 -0.0236739997377046 -0.352457485709554 0.252679551589447
0.121629241785464 0.0671038720569104 -0.458015570970281 0.229089438001896
0.0325802369528169 0.154442816735075 -0.401027084556932 0.415775367717308
0.0157246573232462 0.215105961922615 -0.19144483127961 0.309808138471595
0.110613702121212 0.0683207027390465 0.197940224286346 0.0162571098958861
0.0707299350577264 -0.0275965823066107 -0.0524282572635357 -0.306217642013524
0.0180515928549204 -0.0350370638069201 -0.385181611727983 -0.201446872436503
0.0327058244825129 -0.0333361544257784 -0.404654330632463 0.163574343495106
0.00774126154902281 -0.0578107879712278 -0.166693484663284 0.333440293519899
-0.0226529892582384 -0.0407927950185597 0.0236020629455492 0.300064114975472
-0.0290789438477424 -0.0574022834988888 0.120749475989675 0.229203511578154
-0.0422536659844529 -0.0684449921886402 0.185146141781278 0.205314278009118
-0.00541246541370881 -0.121415697449697 0.183756621815533 0.245612086674459
0.0909108412525745 -0.101952566530252 0.0914507358942276 0.313671026814124
0.141222400789411 -0.0355251564780918 -0.0772167237163818 0.331889082525353
0.172636569366604 0.119309175647266 -0.291573165338687 0.290800368987272
0.0816345835040898 0.274139865838521 -0.398096767044552 0.234601493149916
-0.0795403630135486 0.331569183990592 -0.342831756224142 0.357485479508776
-0.100810305442122 0.329498607055477 -0.183689611176662 0.230731552631808
0.0932993345813262 0.249051846652871 0.223053866742894 0.00307288396327028
0.166819648932041 0.0939693130095282 0.00979374019068604 -0.340815202129272
0.153547844387544 -0.0531535290801062 -0.355756676484962 -0.276123551216154
0.112947860084022 -0.121840953904106 -0.411697840306402 0.103476326274075
0.0240423871809008 -0.165643886684167 -0.193292212885274 0.280073420880043
-0.0615557110479691 -0.130413092023478 -0.0162495092179302 0.255885439158881
-0.0719805013222144 -0.131672717330593 0.0939525304272045 0.190464554239047
-0.0777735676645855 -0.142503154945393 0.168941811643388 0.150781404612707
-0.00448992359510176 -0.220962264129818 0.21251212497332 0.17112873987117
0.153786195787874 -0.196950991310767 0.175644865727345 0.253291424762418
0.254772401812013 -0.0856218492197673 0.0429123631321954 0.340510711039332
0.288874528410059 0.190709275799843 -0.189723430084226 0.33303498604525
0.0978461852769252 0.426572885678928 -0.328712093839266 0.235299075203511
-0.140210547975743 0.469743183187516 -0.256713447677412 0.254805357873169
-0.222110565446889 0.388105260687504 -0.121664100829378 0.105717258649497
0.0254063948862141 0.408579605139375 0.263357194609928 -0.0359585455827581
0.219495202590679 0.243252486059872 0.103701408098892 -0.364766397789971
0.284641105053687 -0.0263187206073665 -0.270998481271786 -0.350228026444715
0.201668184607676 -0.182669163360333 -0.377088330011421 0.00627674586585816
0.0541317166210453 -0.253620770546346 -0.210437499635051 0.181853194497504
-0.0853497823371801 -0.207405524690508 -0.0622522384246099 0.174321354371991
-0.106469526835354 -0.18746316960406 0.054316844557878 0.12384643433195
-0.107869452141172 -0.188709960329566 0.134788118375384 0.0734316142679761
-0.0194570850361683 -0.280891838087911 0.219518197881591 0.0720013825401552
0.170475360128965 -0.27149198186055 0.2427725597899 0.153262840877526
0.315077592288676 -0.154879649406923 0.165569879102432 0.305170851946808
0.379859286419625 0.201108864183574 -0.0716157134513 0.340869893880448
0.132359596087055 0.49721868332657 -0.260366461833327 0.215489556927674
-0.161874360007342 0.53739216008234 -0.167795576712178 0.117718925754458
-0.309560217769318 0.375059545644115 -0.00915587852340034 -0.0481743344958256
-0.0771150031742092 0.488670402051983 0.315413199515906 -0.0945448764045128
0.201354262238482 0.367250910023023 0.209599668639549 -0.358571460893915
0.360047873519275 0.0370307797109104 -0.138204121609977 -0.391822622847617
0.26739742093166 -0.196272140636808 -0.289232102768948 -0.107341613609001
0.0862819615230038 -0.295735130478976 -0.205178641348752 0.0498340771877698
-0.0902055936437095 -0.252297457962807 -0.105237423885242 0.0652916481960167
-0.126126157739867 -0.215754673307055 0.00656288437167901 0.0410308820340373
-0.125775144222893 -0.20463553570803 0.0890472895775685 -0.0143896657228393
-0.0347585107042867 -0.297590393455524 0.200985030106735 -0.0330526818523319
0.160996318550758 -0.302122790445619 0.276524464369415 0.0407012208995054
0.324442167857135 -0.19461217367747 0.253681345458565 0.237245587809542
0.406701760175236 0.187441527383016 0.0259115873430874 0.312925622241501
0.133638618141999 0.492062532313556 -0.207313504397666 0.178108780146117
-0.170551094961253 0.523461042995869 -0.0869750661393785 -0.0267246777627802
-0.332879425532475 0.291994202547141 0.13088618883547 -0.201129922694724
-0.166381736702477 0.450948659363297 0.367188446772049 -0.154917356281095
0.123272991002123 0.399682654274689 0.297936912378736 -0.322155327206656
0.343032549982556 0.096072316445522 0.0072545136450661 -0.38050166179272
0.276329943616357 -0.165500528273143 -0.169206975226273 -0.202393322928774
0.102699891369797 -0.279115945977609 -0.179831891165243 -0.0859840434285661
-0.0793195531344879 -0.250689415565369 -0.139652335172114 -0.0485422659406654
-0.124645534443183 -0.212717581383557 -0.0404234947844158 -0.0447892016283232
-0.12412033455476 -0.195738195472448 0.0407224652867501 -0.100004791813452
-0.037643714832178 -0.275517226864714 0.168721244550943 -0.125065589477127
0.142739950516489 -0.284821063026841 0.283185482577311 -0.0555580449617437
0.303378433007631 -0.180582501996661 0.299314178230869 0.168870059263086
0.362295771918392 0.183603297487303 0.0867630959738438 0.27029722104197
0.0835850773603469 0.436313850628902 -0.167508018003088 0.134605034778725
-0.182307111851621 0.430203380536028 -0.0126678085838525 -0.151562201237555
-0.280236872265109 0.161145665611705 0.259860238546819 -0.326867790685587
-0.196759766469987 0.312710964455904 0.402487954035503 -0.201827812757114
0.0382803190213148 0.324656006750497 0.351006601218072 -0.273931863386764
0.251225056120352 0.109231044514955 0.118076377103461 -0.338151575635326
0.219747870627734 -0.111102064809302 -0.0605017528897743 -0.263472363219513
0.092002181657868 -0.210307867360909 -0.152407343846701 -0.195694864495248
-0.0567827632717808 -0.203765745005924 -0.163839774186603 -0.144002093295582
-0.102988948275596 -0.176420077018448 -0.0811163133356169 -0.11992545457271
-0.102161772116171 -0.16505101450956 -0.00129807652092242 -0.174136414684682
-0.0279185142316704 -0.226365755499688 0.138310437839177 -0.199867060833424
0.122047718419081 -0.231571067423609 0.284566796416279 -0.126784917107458
0.262851312100796 -0.128241181827335 0.321298007289079 0.121248977302605
0.271053723285612 0.189536257693566 0.116315099436286 0.235893127839773
0.00109388429263134 0.343916754549359 -0.134891892573022 0.0975780850343833
-0.192958501645358 0.279314021199937 0.059759472056373 -0.236060284452372
-0.171275352551385 0.00315162456321016 0.341562091002697 -0.408601372400151
-0.165958983347696 0.122653357068778 0.404938822446521 -0.23145254403679
-0.0221227451166155 0.180027121885586 0.365443284718317 -0.243909655198448
0.124493888076998 0.0776839837620456 0.172531236771284 -0.303977305191336
0.119987527039944 -0.0509917218824962 -0.00232385609931957 -0.297025307733737
0.061019690129549 -0.108914431518109 -0.140168374859351 -0.260505957004932
-0.0268171939304273 -0.121483090867448 -0.179100736758259 -0.204439502592561
-0.0626898213809593 -0.114383145137049 -0.10845727073886 -0.173861811672452
-0.063840652573055 -0.114339702802869 -0.0274794577300513 -0.228667900308186
-0.0127086271044262 -0.156404820976629 0.121620583244367 -0.252957167362589
0.0931427484366428 -0.155573755165654 0.294455427277923 -0.171978823909085
0.203863737405494 -0.0600354126441007 0.335674565945759 0.0982099690147392
0.155473456679556 0.182912128972063 0.129678578657709 0.221398606947927
-0.0804687720128317 0.220597110615561 -0.107799103580749 0.0761232478311348
-0.183803093648551 0.0984963219104537 0.128197001865315 -0.270967049644059
0.109717394182131 0.0670253851322352 -0.141497711567825 0.355141700882726
0.0770768661566369 -0.0983040339914131 0.205588997652274 -0.00460157596961021
-0.0450571517989706 -0.100587431670023 -0.096366208430221 -0.287869608612086
-0.0934877142165908 0.0196415322309815 -0.39941609857653 -0.13643094616734
-0.0252355700932108 0.0625008976338046 -0.382970557643457 0.214698421093765
0.00876311254900336 0.0471631551632105 -0.12620730448987 0.358060433630683
0.0274647058032084 0.0436635811802269 0.0652970252078857 0.304993986917597
0.0187731217283968 0.023569229262137 0.147862477524953 0.230874786884206
-0.0057373926256575 0.0273635783982722 0.204502271012285 0.217650320411735
-0.0319234930401698 0.00472279843064931 0.173743564965908 0.275214606346967
-0.0168919547755228 -0.0148403853056923 0.0488140894442461 0.334293441736144
-0.00606018299022423 -0.0411776772754641 -0.145054333071747 0.316524664643102
0.0847853183394924 -0.0292164902690733 -0.353639244729727 0.276688839350943
0.126533014317298 0.0614731857124887 -0.458198517543244 0.25397614787724
0.0377894724853372 0.159014803456474 -0.393039007228194 0.441950929162759
0.0268825648104633 0.220622070684334 -0.179034833500797 0.328222628212105
0.116459504648511 0.0635755070804235 0.209529401348778 0.00455471676939895
0.0698746698544929 -0.0320271824815196 -0.06538095380286 -0.311885980202676
0.0155077152700339 -0.036192439124455 -0.404320553186484 -0.187645823099567
0.030723580446018 -0.0356720693568768 -0.408758943471132 0.189972656145432
0.00360348632866147 -0.0593400853373626 -0.153514814769333 0.34999543291357
-0.0252470488744188 -0.0407779402189618 0.0405343473378805 0.304272734921641
-0.0334841153793859 -0.0582268387113414 0.137668211480425 0.225667501432293
-0.0470437776924766 -0.0674615941252854 0.203178487340772 0.19773803408755
-0.0127043380574628 -0.123674649846384 0.204310823279026 0.241388160596801
0.0874044979703047 -0.110155439729087 0.11176470284653 0.319036677219762
0.141441781466104 -0.04298231532285 -0.0656985232915926 0.342942515602679
0.183546329145732 0.112341336885908 -0.289001268457293 0.312242232211962
0.0968897684424818 0.275644283052385 -0.398823930073689 0.258322616502719
-0.07040537377938 0.345012608002227 -0.332885277658329 0.381380376518982
-0.0899609807698572 0.343259864244667 -0.176415154958168 0.245823167471959
0.108044122559738 0.250100375448121 0.233616679234811 -0.0101515653642871
0.174346946365329 0.0882950707164875 -0.00157309244880701 -0.349248089654956
0.153092767032411 -0.0613636472738466 -0.378157424796576 -0.264521421480556
0.108663636925014 -0.130985738175105 -0.418024354171524 0.126596620104878
0.0144980791709035 -0.170814188856955 -0.18454944482811 0.296750273953079
-0.0701845744625519 -0.129511392797379 -0.00246551742976172 0.262799898833236
-0.0818120892319403 -0.131404399325209 0.107376430294072 0.189090951177036
-0.0881064148173326 -0.141001945851424 0.184628776891307 0.143362406994747
-0.0177376169074261 -0.226121686414011 0.229693381673753 0.162161513571521
0.145449541207756 -0.211175286379825 0.195404383687294 0.252836865000577
0.254939539121549 -0.100091734581091 0.0602264070446499 0.345556256189513
0.306137575630343 0.181401732356983 -0.18317887468661 0.350920622277602
0.121517326575648 0.431943261243912 -0.326236487358 0.256624717698786
-0.127331763490559 0.488035454038378 -0.249851104129895 0.273349521697654
-0.211448761193853 0.409952456290482 -0.118604541284351 0.113673486039793
0.0461627006251763 0.417515323673875 0.273309740616108 -0.0519692038298266
0.236140817598879 0.240128381204579 0.093650142528426 -0.377702189838614
0.289317441433609 -0.0402799159322486 -0.29506495098654 -0.34642054858085
0.196288981223205 -0.19859477601956 -0.387415907466418 0.0229832773538388
0.0401014976403065 -0.263356239620784 -0.208155161585925 0.196216829853318
-0.097996021014554 -0.205714113365792 -0.0551008131702974 0.183047252574392
-0.120376606447165 -0.186067985086946 0.062525756156019 0.123114521489753
-0.120745219071866 -0.185973334659655 0.145457485335215 0.0671097291341169
-0.0366972111230481 -0.286707098762287 0.230481700670085 0.0588389067030708
0.158246620635182 -0.288573871335053 0.259933475270555 0.146342177540676
0.312996247331789 -0.174116036621877 0.185562747700205 0.302666552375012
0.401408926108616 0.186206955358454 -0.0617580683609109 0.354704409196711
0.160945444318959 0.502574887264111 -0.257736200836287 0.233334158306084
-0.145937592188612 0.558769275570286 -0.165664548869055 0.129359711391219
-0.30224346330785 0.401198518771824 -0.0100872357266709 -0.0501847258522333
-0.0542809438848222 0.504919665605607 0.32207937093204 -0.113790924830534
0.224118106734821 0.368263400922965 0.202553224566232 -0.375842300032005
0.369936681064446 0.0209346148839078 -0.158944224359177 -0.39539981155202
0.263740204146444 -0.216065264640899 -0.301735920759308 -0.0985024141025744
0.0716490522974991 -0.308566972388277 -0.209989022183867 0.061238154753642
-0.105993360088795 -0.250894250503248 -0.106301161788497 0.0753149960201194
-0.141381090094597 -0.213089561891409 0.00973559697877991 0.0404902904788165
-0.139867881144253 -0.200778143449928 0.0931535648471624 -0.0199464935975403
-0.0517472271834406 -0.302320333791998 0.205925831822247 -0.0477506488261879
0.146593917496566 -0.319078010520474 0.28802569953554 0.0284456008894835
0.319716260047013 -0.215156017704993 0.273002765330221 0.227424167833917
0.4259644436766 0.168881955234195 0.0377886729349708 0.320507690660795
0.162569366209445 0.496778725189116 -0.205443235085834 0.191978603780047
-0.15298876227555 0.542192415697187 -0.090759657163447 -0.0212084679867312
-0.330147058877824 0.317544385456492 0.126142462201956 -0.214158559312511
-0.148151672305678 0.469518624558406 0.371147069453374 -0.17703533115424
0.146391430137497 0.404485984199627 0.293910555862001 -0.342622513227415
0.356530823261605 0.0827356523387229 -0.00841022982269268 -0.390636507966013
0.273968175766317 -0.184618850482268 -0.18132854368887 -0.202277303819363
0.0897277389364367 -0.292709694925073 -0.191343250157315 -0.0789004871227443
-0.0948786679293728 -0.250959268779451 -0.148220489601154 -0.0381021286839249
-0.139695201387203 -0.209391925244839 -0.0437487071998797 -0.0440449810414279
-0.136218287227747 -0.192020478703744 0.0382341044522411 -0.105134988279487
-0.0535771808907237 -0.280098606006645 0.167182010224326 -0.14001451598899
0.129756852214865 -0.298436239589389 0.28986040372384 -0.0710862743659469
0.298452008794513 -0.199878968221992 0.31720789203306 0.155545276293708
0.381867992317871 0.16836568968227 0.0988118929567925 0.27293808797648
0.108006485885243 0.442855772789681 -0.167406434096959 0.145505913261574
-0.169848684402213 0.446975844607888 -0.0215048434527833 -0.151374546621219
-0.281434131896222 0.17960896852938 0.253503357772794 -0.348172847279637
-0.186078254470762 0.330150552209757 0.403339789596972 -0.225516983664341
0.055735502070649 0.329968891458567 0.348759662027024 -0.297395659557171
0.26293444899375 0.0985723861095829 0.108780185321929 -0.351994515489187
0.218616088356905 -0.126605077549064 -0.0721233818719856 -0.27044121174298
0.0833006531876759 -0.221957708667537 -0.168819314184695 -0.192645697511217
-0.069210009605706 -0.20384445216942 -0.178648950732475 -0.133842191597436
-0.114802063140658 -0.173451342496921 -0.0898339419069941 -0.117711679981906
-0.112718348942654 -0.162022484834447 -0.00845431487761694 -0.177485796603192
-0.0409889309736063 -0.230345248407249 0.132042971989637 -0.213857257116134
0.111195438531342 -0.242631963171398 0.287065311417392 -0.143771683275147
0.260488251513769 -0.144132537407181 0.336300621462857 0.106447749387207
0.286787994126647 0.180126098912138 0.128534948691992 0.235118280292073
0.0177640792980542 0.353342765443054 -0.135383776901898 0.105997941975204
-0.186742895148982 0.295010590761581 0.0475689283196291 -0.241674102494587
-0.176556939208087 0.012132541638243 0.333172986533031 -0.435860076456838
-0.163828719968823 0.13377391782794 0.403867353469271 -0.253695957394871
-0.013240439404675 0.184780762401574 0.366280699873826 -0.267357642465053
0.131730687119162 0.0718135686331953 0.16782555552478 -0.320165514287962
0.119574786288423 -0.059449183519077 -0.0143065288261745 -0.307454572858952
0.0565942687537038 -0.115958467219213 -0.159914656896749 -0.259246683708669
-0.0340807391609827 -0.12174579448277 -0.196832993397705 -0.195447740395164
-0.0711416901819491 -0.112690103278653 -0.120646463697608 -0.170831998469481
-0.0713677695657465 -0.112570999631314 -0.038970652564726 -0.232466720692165
-0.0217598615189508 -0.158842714774455 0.11241115288286 -0.266903502149289
0.0858793997636179 -0.162890744505711 0.294345687159827 -0.191075295097065
0.203499876929301 -0.0711046383806833 0.349480962730114 0.0828591741461428
0.168370424100309 0.1789064617564 0.141691833112222 0.221012032124595
-0.072862213879692 0.231008418218041 -0.108231927514179 0.0841988203312989
-0.184468122129801 0.109627642260527 0.116556488405981 -0.280438508706043
0.116427370378107 0.0595592755786886 -0.114242959311923 0.368189047285401
0.0698043485620705 -0.104790158370856 0.211089686986037 -0.0227744004165129
-0.0527859583990704 -0.0986766289738887 -0.11468686812261 -0.284571693302423
-0.0927880064110901 0.0272763107896194 -0.410677323140368 -0.108887246779746
-0.0212200894658639 0.0652879726903268 -0.37311799231768 0.244712925474797
0.012333004200572 0.0473566274866653 -0.100700825786672 0.368893740239738
0.0312044791622304 0.0409956077705165 0.0878687134730002 0.29912600388593
0.019544532833447 0.0219918837859637 0.166122626381036 0.219843702827448
-0.00420266757413025 0.026582344319542 0.223390595955705 0.200617077457238
-0.0311771940419018 0.00784031436025939 0.198941492709723 0.264848655528299
-0.0178860490428658 -0.0142514775215284 0.0730300558901228 0.334163735139349
-0.00856789960059705 -0.0396402024080195 -0.130068254888094 0.329188104887478
0.0838328879458071 -0.0374243331353898 -0.343171849085025 0.303784190985746
0.129873799412962 0.0514571351785062 -0.446273818347951 0.284608184386057
0.0473812069788693 0.160363887077534 -0.367880019031603 0.465202251273164
0.0416936294119733 0.220971269695656 -0.155539445255627 0.343595206747252
0.121203204711517 0.0556475003360863 0.215977774642781 -0.0130649807993447
0.0676593390396001 -0.0366084508767544 -0.0840074997640261 -0.310258587092366
0.0119880195047754 -0.036436962069147 -0.420893003770632 -0.161042971594397
0.0271450262534377 -0.038106581048979 -0.401378647204319 0.222898737056119
-0.000920169587736449 -0.0598273323629954 -0.129199247500263 0.362596930310338
-0.0278663248350183 -0.0393354421239839 0.0635451820712986 0.30135390160101
-0.0386986190944914 -0.0561518394229036 0.156101350201053 0.215264767062121
-0.0527864708557376 -0.0641747219125649 0.222277340114044 0.180307633622288
-0.0230214780838235 -0.124242213398481 0.226477712149318 0.226493304815659
0.0797026656893159 -0.118437286571031 0.138251754961511 0.314446739722179
0.139082641693209 -0.0529927864598905 -0.0457260006141396 0.349090917995825
0.193002219820021 0.0994803747460548 -0.274079404655449 0.336370779188143
0.115471626595622 0.270448384119394 -0.384290634020415 0.285231256803817
-0.051289442896507 0.353792067502688 -0.311513493523144 0.403478892664847
-0.0673187679375615 0.354031320272847 -0.158776860463787 0.260194764547182
0.126775057508989 0.243141299343701 0.238948211539358 -0.0295104587518088
0.182065355159954 0.0780276295801532 -0.0213671563329087 -0.352088555815729
0.148407319514743 -0.0717568675859198 -0.39873114228357 -0.24017841928261
0.0989465679738943 -0.139947219715286 -0.415260580585968 0.157257858981857
0.000130002643305551 -0.172232022442306 -0.165727942339872 0.312101306600648
-0.0797064049271882 -0.12423294052624 0.0173077427869022 0.264575795822171
-0.0932439153054095 -0.125599201384303 0.123750004345903 0.179626281111431
-0.0988533340048608 -0.134478777768445 0.199945722410068 0.127330109486132
-0.0358929386891557 -0.226423823446781 0.245008586358169 0.144785642834826
0.129412793925189 -0.224490564123092 0.21844308465464 0.241866271027481
0.24803769041774 -0.118331057620875 0.0828869087181532 0.342903699631477
0.321883856869524 0.159397843598018 -0.165156050332076 0.367926552391811
0.153427960195628 0.424967825083051 -0.311674265603847 0.27877828539881
-0.0992193426787751 0.500841599279761 -0.2343204025378 0.289973577408022
-0.187167296549281 0.430024323797052 -0.111114388083721 0.122172157899618
0.0766771075220346 0.416702607298233 0.275208875239056 -0.0735707877107404
0.254800604304234 0.22706376018601 0.0742213111255514 -0.387071144329663
0.287984344536239 -0.0607626459788882 -0.321065026100017 -0.329574626252378
0.181746673170309 -0.215577009575371 -0.389462850778518 0.0500583431728992
0.0198647450896507 -0.268514232401411 -0.197414257118028 0.212704810860681
-0.114113289103994 -0.197650057544317 -0.0418135449486018 0.190050231856368
-0.135674940560886 -0.176894435611375 0.0730275584443053 0.117647034206339
-0.135535253200935 -0.176366029958234 0.154933039541261 0.0537975248974484
-0.0592910748313767 -0.286065653230076 0.237792377651229 0.0393962950164961
0.136046227435042 -0.303239469323064 0.275766990785039 0.129739743740676
0.299661401158838 -0.197218514886853 0.207685304823979 0.289897705517437
0.418434688487872 0.157759010971934 -0.0418444658302211 0.363075911915368
0.199875584882144 0.496505264620831 -0.245931269474299 0.250701051794912
-0.113829698260229 0.572407219938536 -0.158273259324083 0.142857667730082
-0.279147084966928 0.428188569927489 -0.0135605010220207 -0.050477966625684
-0.0180141707636081 0.513122991675544 0.319043651934851 -0.138109608304135
0.252276424567854 0.357026737199792 0.184978082913533 -0.391976231375114
0.373426242058641 -0.00525118089606006 -0.186922120050265 -0.387601158421664
0.247835772922472 -0.238040399958074 -0.310172565376522 -0.0793612845183074
0.0476431289637733 -0.316752510593052 -0.209151787627342 0.076679917991546
-0.125336294504071 -0.24205647979525 -0.101802551176911 0.0869992681488097
-0.159075290410979 -0.202029552384458 0.0133202568838517 0.0395565455127493
-0.154697564997656 -0.189607869893055 0.0961500954723446 -0.0293907109622723
-0.0756895015519877 -0.29956492297647 0.203800793597178 -0.0659776088204885
0.122555425518114 -0.333207202151971 0.295334113317663 0.00872273126523808
0.303667435220541 -0.23860971664723 0.292004051137411 0.207964504579896
0.442355384449429 0.138810310989063 0.0562140235172804 0.320495458229108
0.199910115272289 0.49115461270349 -0.196189071154008 0.206418553142812
-0.122879817900416 0.558368248972078 -0.0932974011054773 -0.0136917019634202
-0.313606889223693 0.344648932941028 0.113624846206194 -0.224708903025537
-0.115848345866974 0.483634380011949 0.362435429033411 -0.20427992285515
0.175706585036611 0.398615028422311 0.278322585765857 -0.364272401966448
0.364724431791152 0.0570310920990861 -0.0327938737307835 -0.393720259548926
0.261462084079636 -0.207155103566302 -0.196373437984848 -0.194860052952322
0.0675918075923834 -0.302681271061043 -0.200786357343721 -0.0658564220397071
-0.114203488361082 -0.242661908376417 -0.153344277538795 -0.0231528678478179
-0.156297877547124 -0.197864598618956 -0.0471971213269635 -0.0410793323705883
-0.15076887868847 -0.180396222175813 0.0333798283419051 -0.109000907921537
-0.0755783685303941 -0.276871946602752 0.158607480622042 -0.156109880488279
0.107018311019962 -0.310581493964584 0.289745240745772 -0.0914436221270356
0.282578565175956 -0.221534126893168 0.331657883480525 0.132413658916236
0.396499597961124 0.141022654165082 0.114805377501253 0.269273653795286
0.139488405377583 0.438209128528117 -0.160314610875428 0.158078685227542
-0.144785449276387 0.461917184816827 -0.0330752604130249 -0.14786704060428
-0.27314312801886 0.202205272029032 0.233534068399967 -0.369464599418592
-0.16405878974403 0.345932488532081 0.39176816685122 -0.253674859832709
0.0793292786538162 0.328678524904952 0.335809287000493 -0.321983624908605
0.27266376857582 0.0790285846972713 0.0896671878064301 -0.363173915018083
0.20957425371064 -0.144525590234975 -0.0893846358549568 -0.271837663356851
0.0666179385155895 -0.231078309816619 -0.186605640792862 -0.181152742504346
-0.0846435120576602 -0.198124937281876 -0.191085741275167 -0.116634621574409
-0.129315931004183 -0.16408320189428 -0.0990218773730601 -0.110976737961667
-0.124635175671128 -0.153202822552172 -0.0196340077891765 -0.178524601909972
-0.0583593091197811 -0.228574328285504 0.117758035667573 -0.226807099771305
0.0939618377893428 -0.252012807063754 0.281002328986805 -0.164512427163854
0.249545706633509 -0.162554858142432 0.347653505779568 0.080910357358382
0.302480819437695 0.158682826609451 0.142593857000787 0.228918915167096
0.0423162214473126 0.354672257023309 -0.1312770000174 0.116982937895437
-0.170467016728101 0.30972921611984 0.0304307595005223 -0.243475345809718
-0.177790924089741 0.0258133056173039 0.308195869479907 -0.461066832384318
-0.155970462062137 0.145872128685355 0.388689609456221 -0.280294241802883
0.000472511029864596 0.186381315325854 0.353215690273376 -0.292976262270904
0.137268178810759 0.0620427772935719 0.152128623585596 -0.335170855944777
0.114666211137586 -0.0697113551004924 -0.0329186279243946 -0.312827210035088
0.0485532654584406 -0.12315444995162 -0.182166052689615 -0.248658339747066
-0.0427373704283657 -0.119762567100969 -0.213977836696519 -0.177856025995312
-0.0808298998405707 -0.106805161230879 -0.133631268892347 -0.161570797758865
-0.079693859604606 -0.107440838137668 -0.0545204470752618 -0.231202851228637
-0.0341755181840012 -0.158123367618042 0.0945439520782722 -0.276683569281077
0.0746527258414697 -0.17003367946124 0.283681673541554 -0.212773077167948
0.198535234756488 -0.0859381987424472 0.359242860734287 0.0584351499565029
0.1823160947065 0.166729569951681 0.155379426181294 0.212647827140785
-0.0583491749382691 0.238438445523679 -0.105010909653504 0.0923801297523771
-0.180161127718882 0.121804350865753 0.0956536001881384 -0.287051373974342
0.119089897084435 0.0499760450886038 -0.0837276681009774 0.370804420077061
0.0595867434649026 -0.107690601554918 0.20934953320043 -0.043191984513974
-0.0590964742767622 -0.0931327454385715 -0.131300665618928 -0.273861706478532
-0.0894591459202894 0.0345434857746613 -0.4101466463982 -0.0785022704154387
-0.0162925998333721 0.0670990920527296 -0.350172300132634 0.270147268659175
0.0156178377130774 0.0454940446934899 -0.071566270765647 0.369458450164248
0.0339203626066698 0.0364717661469237 0.107792623853956 0.283247610555253
0.0203150088699362 0.0196349790974855 0.179380908916038 0.201645186649071
-0.00165997291815272 0.0263020835618073 0.235388354804892 0.177763522032281
-0.0301985838769707 0.00977786634172944 0.21727847964576 0.245320505981447
-0.0184699537948564 -0.0131529395156352 0.0965353131826852 0.324692483992322
-0.0114886362945127 -0.0381544126753452 -0.111448449057325 0.332824028944046
0.0798951730460356 -0.0438246758560041 -0.319870373112802 0.326806458491037
0.129297008279884 0.0410940943509992 -0.417919685529177 0.30607152684428
0.0566158004297021 0.158219889438313 -0.33080129553521 0.481001355964907
0.0561637028543691 0.215782984322574 -0.126924304549707 0.348395777558986
0.12231291578969 0.0459442902411397 0.2153735825633 -0.0324396199609743
0.0637723632911405 -0.0404219281197967 -0.100911787368061 -0.301097347919577
0.00877689264013514 -0.0357471338139928 -0.425112955396746 -0.127676251821745
0.0232776503010225 -0.0389270215343528 -0.377345001548914 0.24998043167274
-0.00608647113104378 -0.0579978569123356 -0.100104833979764 0.366037321401608
-0.0297337132775374 -0.0370088256811495 0.0854544461021759 0.288690753580038
-0.0431715710895087 -0.0520760501568559 0.170069330049275 0.198464134880801
-0.0563897006387182 -0.058481659856864 0.233426834145173 0.156617742037096
-0.0327866635081691 -0.119506718223425 0.241591528457707 0.20541297393428
0.0685958464622185 -0.123109720591003 0.160093525404588 0.300546590372444
0.132423158782128 -0.0614092809369462 -0.0247122129319178 0.345931395060793
0.196900374367044 0.0833565939940147 -0.250342684221629 0.351611345906584
0.131896505867812 0.257535138906992 -0.357808819028236 0.302175710081607
-0.0290726414291505 0.355104534832842 -0.27981840502168 0.416812971527698
-0.0428728805364574 0.35513894332586 -0.136607594181283 0.266370342312175
0.141484336242217 0.229035255843588 0.236764735094705 -0.0492363287860225
0.18442967564273 0.0643670732736793 -0.0400450397149534 -0.346550113107986
0.14018225830856 -0.079778633274745 -0.409329489575106 -0.208460715044181
0.085622075870546 -0.145009192327141 -0.396265304804108 0.185547074429086
-0.0133368984260855 -0.169416370413849 -0.141370890808062 0.318695297505123
-0.0859761127734585 -0.115217661992954 0.0374866791135641 0.258319479849882
-0.101715101903967 -0.115390419018452 0.134708339484 0.165310027602829
-0.107031095458572 -0.123706076512689 0.207970178980223 0.106770360697524
-0.053581568824885 -0.21913600671447 0.253783628305092 0.121760617010865
0.109636942125638 -0.231428426412069 0.235334932256666 0.222250976383099
0.234075022318395 -0.133857248305417 0.10289896206539 0.329779449196324
0.328591292534829 0.133731493909605 -0.141122080672159 0.374574190979959
0.18064929652535 0.408023220464202 -0.288830855628486 0.292648661766223
-0.0694240994044585 0.503528670477118 -0.210453594663935 0.301390222272545
-0.155799087307894 0.439074944326876 -0.10001959545237 0.127297969150747
0.105379656449139 0.404325781412862 0.268473210274345 -0.0934119210284221
0.266393714262383 0.20634093594538 0.052646907623912 -0.386465966716922
0.277421907052186 -0.079264354992882 -0.337599425913439 -0.301631205835162
0.161725521836962 -0.225267353052408 -0.379425814861088 0.0759308377709462
-0.00161948633961227 -0.26503414394384 -0.179548331822683 0.224319640076379
-0.125081520202558 -0.183681141853555 -0.0260069376340639 0.191148105022106
-0.146639702967338 -0.161994841651554 0.0809100208325182 0.1084589236
-0.144664920808493 -0.160346695203513 0.159175171453008 0.0372148614682371
-0.0801283017768141 -0.275262231643132 0.237229492206861 0.0186283387307286
0.10967963004675 -0.309752781812431 0.28510204140409 0.108576854454033
0.278429825993093 -0.214742063286437 0.223290004130269 0.267344791132419
0.423409154241043 0.123723965135281 -0.0197322213049182 0.361263421578554
0.231487374546132 0.472312508803175 -0.226924001066773 0.261660624649154
-0.0775861548716165 0.572862481008131 -0.145656619145069 0.151559027228926
-0.246813134302305 0.443089650165997 -0.0163495391442186 -0.0502648432630605
0.0185789157126816 0.505681697938812 0.305164081410399 -0.15881045921054
0.27362097403732 0.333429500300738 0.159701845483311 -0.398329828514511
0.36719891167141 -0.0316668918016424 -0.206893604185361 -0.367693873467822
0.224530353437071 -0.253364723627095 -0.310617515966876 -0.0583257776324725
0.0218264150107346 -0.315297887829119 -0.202295928841537 0.0911318685059789
-0.139886879635865 -0.226375177762719 -0.0934502669901159 0.0962151408476476
-0.172035327014196 -0.184567433888901 0.0157558009433873 0.0367222375276518
-0.164057228772165 -0.172337028304909 0.0947829605464144 -0.038865379554251
-0.0967383087052951 -0.288205666018418 0.195907925861496 -0.0829053202831373
0.0940676358605424 -0.336461648602709 0.294761503127887 -0.012197026299332
0.278572771483664 -0.25411382262762 0.301951308489987 0.180780402118949
0.445357394986326 0.103464149762413 0.073418692714212 0.312950621735764
0.23332446438444 0.468491124142287 -0.181677183160573 0.215451803997164
-0.0877807784927053 0.558004264418445 -0.092895689900142 -0.00584913736185539
-0.284762388419004 0.362304658711146 0.0966477393852043 -0.230076487849722
-0.078400956923916 0.483756977270175 0.342403861599144 -0.224095723007452
0.201174597538444 0.379525093591303 0.254511978027763 -0.375746137818821
0.362059501700907 0.0296429461738218 -0.0558893166884073 -0.385655428244419
0.240337683070219 -0.223570833931721 -0.204890795352839 -0.181070849195717
0.0420180156459396 -0.303114514856033 -0.204999827199184 -0.0492614887008045
-0.12874450358861 -0.228015775486993 -0.152029113120792 -0.00723293424387343
-0.168110395140745 -0.180655776705663 -0.0498003567834949 -0.0370809549642672
-0.16008435915357 -0.164081457064717 0.0263439229523318 -0.112418624688672
-0.094263605551039 -0.265023471980805 0.143485013911619 -0.167241693288987
0.0821130748777892 -0.313302392831338 0.281282642158066 -0.111461599742358
0.259570332764565 -0.235675459731039 0.33653086935959 0.104079771842508
0.399998941963553 0.108467220947028 0.12862505874293 0.257150501437725
0.16933749202353 0.421282754640893 -0.14946917468178 0.166006928210806
-0.114185018258591 0.464143568877992 -0.0428625449218284 -0.141106326176052
-0.255573951596206 0.219190330370114 0.204548145422339 -0.380122154377604
-0.136546265789059 0.351131291251079 0.367783711013002 -0.274425504939584
0.100738357900472 0.31708094434698 0.313065963336003 -0.338760541617677
0.27168830552295 0.0579322424141635 0.0667560799785249 -0.364048432331319
0.192949957194966 -0.157538464421807 -0.105576739310162 -0.264385146901525
0.046393189735818 -0.233359795161883 -0.198995586674355 -0.164268852370126
-0.0968403441072466 -0.186923168336127 -0.196263120562219 -0.096548036991971
-0.139425628814545 -0.14915898601733 -0.105544288799242 -0.101254302446441
-0.132621986524478 -0.139425734022033 -0.0308368638098177 -0.175288197889136
-0.0744303036151006 -0.219004720904433 0.0988816577055747 -0.232678200385611
0.073466806104853 -0.254136450958638 0.266731160648139 -0.181711867051458
0.231643850444561 -0.175745371180594 0.349102472360795 0.0530906435231462
0.307730508472412 0.133969171937855 0.153323561496854 0.215189556130971
0.0661916852087506 0.346095304488273 -0.12285570981545 0.124209206949225
-0.148973185878998 0.316105814570926 0.0125828713576593 -0.238030572019092
-0.174137810459917 0.0389704856918029 0.272262421427806 -0.474950639764821
-0.142217730090759 0.154279265137288 0.363027490791036 -0.299092190080124
0.0139687417424772 0.181647480797274 0.329647206633256 -0.31290379286872
0.138365822048409 0.0498148965347195 0.130670190085208 -0.340409877434846
0.105820480301631 -0.0769401363193741 -0.0526373449684939 -0.309470752554086
0.0379119994983757 -0.12543271793041 -0.199449465923108 -0.230828108266659
-0.0504978901292689 -0.114182031755062 -0.223780800811985 -0.154501803786046
-0.0871313774217437 -0.0981012695501405 -0.14340143074957 -0.147872992961035
-0.0858210900643453 -0.0993666391864689 -0.0697878535410171 -0.223662461767068
-0.0451408770450532 -0.152497790925829 0.0722567835255404 -0.278960328395818
0.0614408232973897 -0.172017421878501 0.265660460607373 -0.229133154489774
0.187759769504661 -0.0971015380713638 0.357981608984019 0.030790675463225
0.191081970040252 0.149855889047281 0.164820547463377 0.198728672165963
-0.0415852724572188 0.239363461500105 -0.0987089038502634 0.100510041040266
-0.169571771237824 0.132705125638 0.0725075395105515 -0.286454984079916
0.11820275964018 0.0420614992653856 -0.058472027260804 0.361980866562927
0.0514958823157733 -0.106957717009431 0.202705093035321 -0.0577326956912916
-0.061879322974503 -0.0870422105813875 -0.139469657320895 -0.260501436472781
-0.0839211781937537 0.0387928148073911 -0.400420358006414 -0.0535621960826923
-0.0113391276824907 0.0664584309989579 -0.32348352854839 0.283736533774091
0.0185243634139099 0.0432874966205307 -0.0497090137684152 0.361186709370474
0.0346631171433395 0.0315838452761479 0.119263776518921 0.264000773780378
0.0202458451063444 0.0172777206137782 0.184924175465165 0.183055555608235
2.18422215606398E-05 0.0243631943620339 0.237897490168762 0.155127741059277
-0.028345121497625 0.0114571146106427 0.226335299357349 0.223810463711394
-0.0181228249685409 -0.0118076326551697 0.111848491543128 0.310443218716454
-0.0127548630848794 -0.0353523625907887 -0.0949950436453026 0.328236577908008
0.0746790825763238 -0.0479927898440593 -0.294641337969838 0.333953261614389
0.124935383157689 0.0330654879624896 -0.390651730676563 0.314230452892179
0.0635474093079002 0.153279493950396 -0.298797109912343 0.479210571101107
0.0656772104004525 0.206940415984241 -0.101826001876208 0.343273383254304
0.120404517655585 0.0375123236023001 0.208679241432609 -0.0484584364705785
0.0593607064337417 -0.042072141348762 -0.110236936080619 -0.289097643164809
0.00628610558059673 -0.0340153326409105 -0.417332107430976 -0.100722835990224
0.0202601631960034 -0.0378683750318606 -0.351842396217428 0.263670737019091
-0.009431112560192 -0.0556367685661475 -0.0769387508332706 0.357394395124094
-0.0302439262561521 -0.0349421107249211 0.0996860343850987 0.27176344584
-0.044865349945998 -0.0474464736462965 0.175259394611549 0.179677029022701
-0.0571972674921811 -0.0532828370655082 0.235805417864828 0.135041443889017
-0.0391723867369936 -0.113294845219341 0.247590548427521 0.182824741500976
0.0587245841765702 -0.123829614690452 0.173312006295942 0.282215032945277
0.124345822031294 -0.06553890579985 -0.0110416085607811 0.336328144195251
0.194746808658902 0.0688393817394056 -0.227433297130793 0.356537402659667
0.138673037173784 0.242352570515943 -0.332128402527437 0.30813630966974
-0.0119053969677261 0.348222418082341 -0.250088930750702 0.415580750425178
-0.0234744253183784 0.347348569802833 -0.117143401155916 0.264856763639117
0.149250836042904 0.214108872767168 0.228571682379048 -0.064194563721686
0.181516741107614 0.0532324355422414 -0.0518306701521388 -0.335255386239736
0.130224627608402 -0.0841027130548299 -0.405647068143015 -0.180817234412799
0.0736508421956356 -0.144607586264237 -0.373969364113996 0.201650121429646
-0.0238677681126915 -0.162520718055586 -0.118940673976918 0.316226675216244
-0.088453514919091 -0.10667548874972 0.0528752133384892 0.246350671584412
-0.105089709922653 -0.104855473332556 0.139668161445135 0.150815112328424
-0.108804065024954 -0.111433588240724 0.207697467788106 0.0864367439972644
-0.0654165062519448 -0.208526609846605 0.253283711261226 0.101746352854488
0.0919572223533463 -0.230460746075954 0.243050958614704 0.202103926445249
0.217797717614011 -0.140823590597036 0.113416942617357 0.313221863094684
0.324030959993265 0.109855399306801 -0.120346282415179 0.372126905619732
0.195987614719124 0.384417328969429 -0.265766516496979 0.295363479213556
-0.0449300634789667 0.493378245610802 -0.188363906827178 0.300939957570962
-0.128463469545156 0.435576466293066 -0.0900576337360074 0.127006992833524
0.124119069380123 0.383998389606617 0.256362441572501 -0.107064386249138
0.269557561543015 0.186334351125964 0.0367283651043797 -0.378461389725222
0.263182656381585 -0.0915946114844679 -0.341677610713731 -0.27407387525559
0.142697216177851 -0.226936193276922 -0.362513782401454 0.093542165120774
-0.0190318306018954 -0.255767181564841 -0.162069809590696 0.226898102156409
-0.12953850027426 -0.170206919567537 -0.0133099810946556 0.187430425195441
-0.150934422843209 -0.146445343660065 0.0835659125349264 0.0988985593846918
-0.146880952740975 -0.145503806850257 0.157227230290271 0.0226251145805082
-0.0946096056755925 -0.26084891624345 0.230905916128396 0.00186853087957483
0.0878332829801107 -0.306308355362412 0.28484107690156 0.0880251610779054
0.255886137776757 -0.220922031337371 0.228734313805374 0.245201214864544
0.416292872492362 0.0946297834367597 -0.00413626718683915 0.352086972910019
0.249854381333274 0.445629395928936 -0.209140964057728 0.263356420577843
-0.0493574193003089 0.56098951565501 -0.133941104930251 0.154590573039257
-0.217628010362532 0.444755215568604 -0.0183513100936458 -0.0490436736392795
0.0465791591520494 0.48718588182692 0.288363677475109 -0.169520585397354
0.282422606946304 0.30937723859784 0.140414551434771 -0.394259987472367
0.35181023465815 -0.0503724622887623 -0.218136409253339 -0.346308019991747
0.202055493872413 -0.257988625901041 -0.302251769273896 -0.0424559114051249
0.00100276613835226 -0.306618452460034 -0.192145814224143 0.0998341961259161
-0.146385261898485 -0.209420546766628 -0.0835709082309517 0.100507033656615
-0.175977737612101 -0.167106500430887 0.0164505421301035 0.0339769094764388
-0.165889502863159 -0.155540048074217 0.0896580093799996 -0.046733801206778
-0.110636192699756 -0.272254050293021 0.183956269784423 -0.0933031746542552
0.0700349195149806 -0.331122990495405 0.28744831620034 -0.0290206855741408
0.253942680184784 -0.260383297229553 0.300415155033917 0.156009421090218
0.436330403765949 0.0746917678186914 0.0838092667592461 0.3007196112451
0.249230399867115 0.439746961195652 -0.167467381696064 0.217224261729746
-0.0600242386113562 0.546121778340032 -0.0901877393235577 0.0010304413470493
-0.257484076758997 0.368551295907707 0.0820052862246016 -0.228776983342678
-0.0506528699148991 0.471729130359778 0.321258016350704 -0.233831147695712
0.215084683160448 0.35753781764547 0.232574398114289 -0.377781159477703
0.350914430623854 0.00899862781554631 -0.071502989944115 -0.370458489851162
0.217907987621031 -0.229416463815824 -0.206760083925357 -0.167010866415034
0.0211155579290294 -0.296522252703328 -0.203352253633772 -0.0359725477147445
-0.135462590735269 -0.211528431966321 -0.146062549187888 0.00490330572777495
-0.172686348612351 -0.162733732310491 -0.0503613335077475 -0.0327380067961412
-0.161252856725814 -0.147372330294299 0.0199623354418397 -0.112651364253104
-0.106326693695136 -0.250712955455563 0.129005214427684 -0.170468141641499
0.0601590128826502 -0.307192282053736 0.270044095799841 -0.123176043499255
0.236774203438292 -0.240614010880492 0.330320867839268 0.0798457655222484
0.391950282818083 0.0822504898186286 0.133281899895247 0.243099817058685
0.185814054575958 0.398691546077563 -0.139017731794458 0.168362883216163
-0.0897745945007906 0.456955314156952 -0.0492878314073206 -0.131718867382244
-0.236398674127256 0.227676885944592 0.179048319530334 -0.378103998133212
-0.113950855964736 0.346019750104922 0.341155037428902 -0.281102945236499
0.114325617880368 0.301511640322075 0.289276617699821 -0.344208126393018
0.264972351134997 0.0408144133210637 0.0496637450843775 -0.357056215997775
0.176052909409687 -0.163398311537922 -0.114772680777541 -0.254182636986258
0.0301580523189047 -0.229050046327477 -0.203784160714499 -0.14797505579486
-0.102774249198644 -0.174204367076507 -0.194306866621865 -0.0786317345259233
-0.143027878486929 -0.134595870058138 -0.107822903950753 -0.0910539086849387
-0.134510718203496 -0.126424745427777 -0.0397063272930842 -0.169052002441206
-0.0838966466910809 -0.207549349462629 0.0822896756990778 -0.230802099785571
0.0557703229936148 -0.249241785072141 0.251566734924121 -0.190571767449914
0.212431504441213 -0.180899585611266 0.340570988909599 0.03018122618672
0.304635015703829 0.110864114830569 0.156341614859103 0.202189179447239
0.0816073254157905 0.332020083896833 -0.114571752688874 0.127999879887817
-0.13067967270771 0.313831807277328 -0.000646093737135264 -0.227573013520177
-0.166477499691928 0.047405111257937 0.240584599415845 -0.47390891157994
-0.129559195140081 0.156265533577754 0.337912024851963 -0.304316607550267
0.021625128929662 0.173781518602546 0.306610958732231 -0.318076179814918
0.134909846898995 0.0396529788899657 0.112980113599486 -0.338728546649554
0.0962471835551119 -0.080046370464019 -0.067412719531022 -0.300895788309385
0.0283603610757212 -0.124537255465984 -0.207729889760997 -0.211542725772555
-0.0548199512263807 -0.106933909047234 -0.224383495916624 -0.132500728488057
-0.0905822715846864 -0.0875450411987894 -0.146510674473761 -0.133907292273245
-0.088078161070502 -0.0901549890678804 -0.079469633907244 -0.212359253694033
-0.0522692653129623 -0.144818767281655 0.055661671991478 -0.273422263791706
0.0495319643371251 -0.169355483999153 0.246777219736691 -0.235903322143378
0.175271659289988 -0.103523580610097 0.347805580757521 0.00938183323292506
0.192699185930933 0.133884141471443 0.16749089466704 0.184906815766462
-0.0286365943243068 0.235172637546061 -0.0913870719866803 0.103368368898292
-0.158523233929437 0.137484070944876 0.0550854657578663 -0.276864488791095
0.0895899266037065 0.0902116223172651 -0.189399374940839 0.287845193041136
0.0885171299299646 -0.07251296041296 0.201472903235647 0.0186188112895811
-0.020646968637862 -0.103772472557969 -0.0263766627739536 -0.287530291163882
-0.0880045973057622 0.00172421640382454 -0.341334341865636 -0.199750236469911
-0.0326241553054564 0.0530240378683836 -0.397540464044141 0.129761998522112
-0.000506285242885969 0.0437491652645823 -0.182135894733456 0.303074160035738
0.018802584956083 0.0388825130819928 0.00498599325276524 0.278400716548953
0.0122199513024558 0.0226270583319025 0.0952951007726685 0.23185538325703
-0.00685423971426736 0.0213482257735442 0.1531965095501 0.226490091788656
-0.0272304353459428 -0.00074350801599672 0.11964937381915 0.28768577871129
-0.00822829559573891 -0.0167555869241624 -0.0216540540301609 0.318486748185795
0.00497582101288771 -0.033003185472945 -0.219917926462843 0.255113957104069
0.0865077102233777 -0.0115192021944549 -0.391007829346148 0.183702306723555
0.0976807893002336 0.0815010773971371 -0.468031943552701 0.135770295397331
0.00187038541112167 0.172302032740431 -0.464618255938368 0.310008820399548
-0.030414669656988 0.217598676493939 -0.203519838601135 0.256023868146777
0.0899322498325325 0.0823266108387728 0.211865786551836 0.0282274802803947
0.0692287458985329 -0.0142629185243606 0.0171149720266381 -0.309502080466653
0.0194998474793576 -0.0247283060678577 -0.339741480170116 -0.253412943140142
0.0366244542977263 -0.0266591789171992 -0.420597475489836 0.0974000342861971
0.0132545401610488 -0.0533765749140822 -0.210600262405391 0.286239710829947
-0.0124997356140497 -0.0430493738173722 -0.0159385758182081 0.279187805491685
-0.0226533553955489 -0.0591862556735675 0.0884109250088386 0.224888412058378
-0.0289955513578356 -0.0688360956743657 0.160862627726137 0.205879791228572
0.00784800444986676 -0.117125039144939 0.155627830679024 0.25839680653588
0.102269422649466 -0.0908214508730273 0.0462986701844532 0.316934238517283
0.138635834006094 -0.009899731259768 -0.144180555161392 0.294598123022549
0.155159028493509 0.138674441283472 -0.34220716486845 0.232179827360452
0.0382409752519232 0.274099292399527 -0.4229802588452 0.155868800048049
-0.136303326611119 0.324055937625253 -0.402865291611011 0.266774473979383
-0.172792637576761 0.30795097160291 -0.169491997375561 0.185407764095656
0.0424816333435491 0.248999262480004 0.245578569646451 0.0224296476415009
0.139601239210607 0.120952119736092 0.0970271731995967 -0.334324733364665
0.14782883892172 -0.0184840344838811 -0.299436630701442 -0.330312767123748
0.125506909556943 -0.0983509126277035 -0.419311871593693 0.0280887497175732
0.0416933054555564 -0.153035970114229 -0.235539909495996 0.231696603957267
-0.0364527376422985 -0.127304779057607 -0.0496472705174265 0.239665412299977
-0.0544969114540738 -0.133001763889987 0.0674198845083133 0.186603951314644
-0.0540561933790729 -0.140377962683481 0.155485555681608 0.150868764068637
0.017957654987649 -0.21203879231848 0.193925556155164 0.186232893489166
0.169670617571688 -0.176721029240286 0.141141606563592 0.27204911680506
0.25041832802044 -0.0444870702658515 -0.0212252855588348 0.323005566912307
0.260608609107417 0.221960341011995 -0.252727517099999 0.291567121961208
0.0407516173799827 0.421863238316309 -0.365743219158362 0.174275664080952
-0.21645655618043 0.443575875695655 -0.309025677653076 0.184828843723556
-0.306508376941958 0.342643827993183 -0.0807962902613786 0.0823395710096007
-0.0495625254894168 0.388657916534901 0.295446536901139 -0.00184676358655513
0.16387767435791 0.274322599743369 0.203203483619979 -0.342680992837012
0.266813636465251 0.0293586217237047 -0.202122857317278 -0.399347599950873
0.218990832254296 -0.142831609776939 -0.368738174639762 -0.0695242827883099
0.0820002301506219 -0.233085936557614 -0.242600894316613 0.133296035082457
-0.0480079632357106 -0.198248500663937 -0.0866355664572721 0.162067932164615
-0.0804678212281169 -0.187726700552022 0.0368345832006801 0.119909886060339
-0.0754934910310778 -0.18408586707447 0.135118412901945 0.0737262710243583
0.0101988628029279 -0.269606751610429 0.211839453879143 0.0868776715389256
0.190938367773383 -0.247520247104675 0.223632546283088 0.186703515391351
0.313784050598694 -0.104453895693689 0.111726083045566 0.307458183532917
0.35165243774335 0.238855976446874 -0.142639592736932 0.31955526160065
0.0688900605765956 0.495394134921349 -0.305219095083273 0.171338932242639
-0.246015567142967 0.50027844886674 -0.206428992224955 0.0739780017420662
-0.390994700537258 0.312516724721078 0.0551552376607314 -0.0387639167607055
-0.161073216948509 0.445479044259602 0.353038034922227 -0.0385400377000419
0.125888402714856 0.390273998709883 0.311504946788481 -0.314034188536263
0.32776008360405 0.101584924598082 -0.0580260966129632 -0.420150503385935
0.282372560591261 -0.145168262193441 -0.26248619511587 -0.171238645976762
0.118534140824096 -0.271282292852994 -0.221649424227016 0.00667725552048425
-0.0475342435458831 -0.239045837125222 -0.117363618431682 0.0582455715874437
-0.094849594761864 -0.214107224208079 0.0015229465777767 0.0364939690828663
-0.0890226698526898 -0.200359932413407 0.101879163917645 -0.0131171715408614
-0.000472020017548487 -0.284806137365816 0.205790197924571 -0.0168929876713895
0.184365818979595 -0.275820086103588 0.271631191041189 0.0835531803924327
0.325922224694208 -0.141404949039016 0.212474519110587 0.255370424334487
0.377496520741894 0.224756663604257 -0.0430031412003217 0.306899417316057
0.0709802656751548 0.489276956688225 -0.251765173253878 0.146612059346331
-0.250403496019931 0.480065450285107 -0.107380688236397 -0.0455688025154967
-0.394504462544068 0.224883945100473 0.207575798287105 -0.153958662513548
-0.240064956350924 0.393079922899744 0.405026433816439 -0.0761074248337935
0.0460439230241031 0.403744231551135 0.387955832771039 -0.256897217354313
0.300315501058235 0.152070505274555 0.0890079887618699 -0.384644395045035
0.283621482629896 -0.112456719221916 -0.125413284586029 -0.247125484164027
0.13304905692894 -0.253784121960261 -0.177300189028924 -0.119940380336959
-0.0372938972859999 -0.237738936185189 -0.136735979061542 -0.0509105500270682
-0.093841544840904 -0.209456066210185 -0.0329632577087249 -0.0480111035188686
-0.087995028418326 -0.191458881968228 0.0639327937889787 -0.0972677851878984
-0.0053133460459063 -0.263973933720874 0.186114708580778 -0.107564158347144
0.164929403293036 -0.257924933179534 0.291470591683404 -0.0071565373684443
0.302035772482624 -0.131673614402943 0.269081250729366 0.199448957337251
0.332868831037489 0.214588240144455 0.0221657905654785 0.275147530766553
0.0271261097306545 0.428522529082042 -0.207331826544119 0.111491216823092
-0.245297185231001 0.385134149652145 -0.0138656067816534 -0.147857509061966
-0.314260694012271 0.105591102042694 0.337294446246467 -0.248179709548219
-0.243389629010728 0.255739063156797 0.434927528460146 -0.106319315131046
-0.0201409581100128 0.312226525298507 0.419513652604741 -0.197578644220598
0.212622272601903 0.143521509524778 0.194637388903352 -0.318555880676964
0.219103211025914 -0.0705795268427172 -0.00631404184162829 -0.286786717629872
0.114847961143454 -0.190702232184488 -0.13280193434861 -0.217968963174931
-0.0226030442593252 -0.192888123574074 -0.146862395207863 -0.143779824341202
-0.0780791427275075 -0.173147907297499 -0.0620645561141316 -0.121229362218057
-0.0734180686402085 -0.162243971267816 0.0314451513832618 -0.169074892435423
-0.00151883683426844 -0.217222985113007 0.166265320704476 -0.177069902780942
0.139668775068477 -0.207147742215988 0.300780566450578 -0.0726597221893957
0.258443733156597 -0.0864524413349935 0.295697140651029 0.159967503156068
0.242890688074835 0.209533970333756 0.0562979545254437 0.245944175461797
-0.0431280855840265 0.331638021310586 -0.168192762494651 0.0789481062697564
-0.2315883526582 0.239861807769391 0.0738957753556485 -0.214222802502439
-0.17270811100346 -0.0279544363356685 0.410817892860473 -0.311983596315412
-0.180510661489284 0.0827236921815553 0.428957127663182 -0.126843382583724
-0.0506098227370559 0.161099119411448 0.415940388630233 -0.163782723120154
0.0989580308575318 0.0887054458892966 0.244315241293562 -0.270105387061721
0.115029343004634 -0.0288466130324932 0.0586265866580604 -0.304916257246479
0.0730858869867413 -0.0991172099122756 -0.107942027352862 -0.272300569238008
-0.00640695290024225 -0.114968476248164 -0.15300781252634 -0.203551182528379
-0.0489814039470805 -0.111884226186249 -0.0796884238765644 -0.173883705331619
-0.0464857854242305 -0.113853265825993 0.011790585993586 -0.221435726146639
0.0033343036633444 -0.149723243673951 0.158308823026549 -0.224756748579054
0.105178767608801 -0.137528311710807 0.313749952864749 -0.113603161646093
0.196566370023044 -0.0313768017127483 0.310355967076297 0.145179056953048
0.132181371833963 0.19006855686389 0.0723737772821197 0.233164876198081
-0.109636383857298 0.205534733491413 -0.134899175119429 0.0604824820766535
-0.193823803658115 0.0665080814206558 0.151100559858109 -0.234707023952621
0.0914951366439461 0.0871934091730732 -0.177034699827818 0.288346548319345
0.084560222685023 -0.0738288530948493 0.20098216682912 0.0084981742932558
-0.0235316728714553 -0.102551996920743 -0.0330969830456083 -0.285957891695395
-0.0866729248894826 0.00493192897123509 -0.341254353888647 -0.187342742525391
-0.0296768113874632 0.0541892431176344 -0.390033029989798 0.141980243554456
0.00142115631880655 0.0430948066646116 -0.169339242184266 0.303765912782059
0.0190459612861921 0.036778541816084 0.0130779494692566 0.270892599008297
0.0127949027228788 0.0210681583611627 0.101781342292764 0.224493796499214
-0.00579505450698271 0.0206222956782835 0.160345706383714 0.217220760228609
-0.0267267474897775 0.000336792908473008 0.131090930805248 0.280085447477729
-0.00799698908901082 -0.0169963152772611 -0.0124989285228541 0.316722032171548
0.00378447280743593 -0.0314827797070976 -0.215898172607926 0.260067597937369
0.0852561735584257 -0.0146367233310473 -0.38384919932948 0.193424602555674
0.0975786564289297 0.0780477833509019 -0.459082747588783 0.143155678940641
0.00688548539291201 0.172699588823374 -0.453124538188654 0.317878694911263
-0.023364653339762 0.217840470048303 -0.192849366583628 0.257947571562015
0.0910703416774381 0.0781354191121386 0.212398787767386 0.0179490416511536
0.0681275149580123 -0.0164081626182558 0.0111763364481744 -0.308237475773853
0.0177931709941104 -0.0243980818606131 -0.341578248442141 -0.240658833901843
0.0354018740010046 -0.0269763315665871 -0.41220079888005 0.110484877805904
0.0108489588141327 -0.0531534096151756 -0.198306781153606 0.290804528652982
-0.0137369722802951 -0.0429222455993814 -0.00607567895923323 0.273012087461683
-0.0245330879146137 -0.0578302860443419 0.0952010398510339 0.217401712802472
-0.0305748902290945 -0.0672474746096911 0.167567670079099 0.194642463830864
0.00366660377616241 -0.116141358895517 0.165980052107535 0.248900842798926
0.097304636505477 -0.0937779811282727 0.0568226690646467 0.313327551856448
0.136859760001416 -0.0134560433807707 -0.138511357369541 0.296200930413204
0.158128898980508 0.130904390806536 -0.334806281457706 0.239868331574797
0.0443065618959016 0.269999020840698 -0.414487432444196 0.162225081440804
-0.127886754160283 0.326402170805959 -0.393205883484102 0.272937786573031
-0.162174060007021 0.311722746274987 -0.162136026795786 0.187177018673938
0.0503843831771144 0.244057623726687 0.244712112198123 0.0120908265103284
0.142028064134111 0.115170390084769 0.0905937971199839 -0.335693190979297
0.144551573380466 -0.0224740683099578 -0.304188100677671 -0.315999489634679
0.120717552705476 -0.10188418456264 -0.41375802153857 0.0409477209621589
0.034677914891392 -0.153199553517943 -0.22502375566611 0.237037078637856
-0.0394505277680823 -0.124921468809194 -0.0399762716026687 0.236421452200637
-0.0585514279411935 -0.129041024826788 0.073082128961047 0.179754500453737
-0.0565917842103169 -0.135767295505456 0.160039360968135 0.140324850537467
0.00979484742655925 -0.209900488712495 0.199949990651818 0.175769479123337
0.161186655236506 -0.182296967044892 0.150811098181977 0.264804402210797
0.246023204581436 -0.0510106480359067 -0.0145145667122986 0.318602181167249
0.265228762066363 0.209954918192331 -0.245906391604276 0.29396276690246
0.0517434155592463 0.417183180891168 -0.358632975559325 0.179513501183119
-0.205617163808209 0.448267423739166 -0.302312808997284 0.190294932026208
-0.293446819337311 0.349509673657836 -0.0783837592031947 0.0821323496395432
-0.0364781107629109 0.38441101010588 0.292368516774625 -0.0115000173884114
0.17174222393001 0.267239060545 0.196990060235213 -0.346029184941062
0.263982224548643 0.0214107325526832 -0.209994682010635 -0.386514283696493
0.210880089766359 -0.148845096574409 -0.3664583424532 -0.0577956401576473
0.0714949409016747 -0.233856385381413 -0.235364966068303 0.140143879031401
-0.0529241610628873 -0.194083408659176 -0.0788994520536859 0.1630254360916
-0.0861109298238223 -0.181055651290599 0.0405419642681114 0.116482492981798
-0.0787894547826235 -0.178271260936626 0.137152807092656 0.0645708059905785
0.000133517888562732 -0.266939885519087 0.213918121251526 0.0767492182570995
0.179584020879348 -0.252321031961285 0.230291153346718 0.177246478042886
0.305585013050591 -0.112592071540498 0.116539590147195 0.298235624450683
0.355724463019329 0.223062819424353 -0.135127151800051 0.320293004662501
0.0833033508953811 0.488185402186617 -0.3003302935427 0.175721540357325
-0.233851712185615 0.50523877482896 -0.203063972435579 0.0781919458033931
-0.378400529671595 0.323124359326872 0.0524046832173278 -0.0404860836845544
-0.144780817447462 0.444529414345324 0.348308204713567 -0.048100503115321
0.136518452446325 0.38198482596176 0.304991694362329 -0.3213158915809
0.325821851620184 0.0891199637475008 -0.0687105767853083 -0.412728437686209
0.27393105061086 -0.153257194140865 -0.263429192073514 -0.16291089183931
0.106160919430851 -0.272252552197202 -0.219374181544035 0.0141773431305829
-0.0538362316452664 -0.234229037389112 -0.112749963328921 0.062690907638859
-0.100981448047581 -0.206479310609912 0.00258744905867329 0.0361469617422817
-0.0917875789292121 -0.193370045940908 0.100223112130749 -0.0196472297517213
-0.0107500036582771 -0.281713312394852 0.20351739351584 -0.0252623355702811
0.171236430597405 -0.280208158675358 0.275048096002646 0.0737471583921273
0.31530074142694 -0.148664600523488 0.216578868096494 0.243994894618866
0.380800037031911 0.208451591121797 -0.0382338536299824 0.306195566305158
0.0850794081028374 0.483298712351385 -0.248755404309901 0.15051729310343
-0.238180420058475 0.485028664795361 -0.108528604607417 -0.0419326730273503
-0.385196967291051 0.235781265084217 0.20059071446361 -0.158212986956047
-0.224094464399954 0.39457068871282 0.397164825930801 -0.0855223892416344
0.0583176725090745 0.398574365397877 0.382660782945106 -0.266300398603728
0.301176031998728 0.139790609730111 0.0801876572302682 -0.382280096586693
0.275946738062369 -0.121406895656656 -0.128489514011014 -0.242853490109115
0.120607237270443 -0.256074535157146 -0.180553637944489 -0.112436717598025
-0.0440462179496579 -0.232998740961943 -0.136215966732323 -0.0436518522323965
-0.100447076635215 -0.20163525167162 -0.0351313719513511 -0.0452655002911099
-0.0917854349277198 -0.185218084056155 0.0598444892013351 -0.100704287374236
-0.0139703340461202 -0.260620821376005 0.179800931268585 -0.113065775394277
0.153699975789434 -0.26087630677019 0.292188503056731 -0.0161312639739025
0.292585009700347 -0.137924001934264 0.271240826905348 0.186168270652965
0.337368960158623 0.201005465878218 0.0251467471294303 0.272458576691755
0.0398174793926013 0.42508763122345 -0.205089580613053 0.115166496811646
-0.23427805112004 0.389831920922342 -0.0191322476559932 -0.144338334436316
-0.30836217756632 0.115320649013985 0.326731412077228 -0.255348627623154
-0.232426588015335 0.259035908837659 0.426123390437145 -0.114132108669675
-0.0104180975999431 0.309162186396131 0.413453989608347 -0.206464298280911
0.213120247859032 0.134784142512825 0.1868976657262 -0.320163866929598
0.213425847158685 -0.0767989638153408 -0.0115722439311344 -0.286689994530017
0.104901501162764 -0.192695281508256 -0.139403188272022 -0.210181659031511
-0.0290835080396643 -0.189433522633219 -0.150195030897066 -0.135199757034988
-0.0834738202319261 -0.166188517553722 -0.0652787352315971 -0.116600899153644
-0.0765110235116851 -0.157019986200714 0.0255409048658779 -0.169104024789567
-0.00922923641450649 -0.214041918721464 0.158943663777586 -0.180998956984842
0.13064889192725 -0.209438629541559 0.298359279843652 -0.0821541071182077
0.251088195232545 -0.0928148891174342 0.297199889972135 0.14764757982476
0.247068120836602 0.197905572862007 0.0596322847031756 0.242227270329899
-0.0333249387541042 0.330738411221242 -0.167225499932855 0.0836372778606539
-0.224432895982316 0.243824137830035 0.0660023074957436 -0.212570871269741
-0.171422118690235 -0.0220350904690309 0.397637138641046 -0.319518240973782
-0.175483025179551 0.0869954022337256 0.420374804947627 -0.132433093519834
-0.0454016126873478 0.160278602283932 0.408824313648639 -0.171417902830515
0.0996457718900161 0.0838867867737469 0.236647206593673 -0.27364269775139
0.111760610661053 -0.0316302250881819 0.0503881444824952 -0.306818804251312
0.0676496340227699 -0.100727674076418 -0.117851778372168 -0.265356352880343
-0.0102400479367834 -0.114416233646189 -0.157583793089252 -0.193804893929138
-0.0519963870224351 -0.10737655597387 -0.0851680052289479 -0.167973559561925
-0.0497480031415006 -0.110456877654654 0.00399002759697725 -0.219024611099375
-0.00256312829975112 -0.148772787152037 0.150167414415128 -0.226920832607901
0.0986086525048757 -0.139227759517526 0.308878779135262 -0.122955425970292
0.193154299528492 -0.0368190700336314 0.309776133154811 0.13396854617368
0.1361169759778 0.182275123391276 0.0749174598098465 0.230176236366414
-0.103085389994142 0.207996560607991 -0.134668179827705 0.0656075865420065
-0.191335919842113 0.0711783747293577 0.141550221988738 -0.234789440398074
0.0955801284479819 0.0836948018158582 -0.163194542143026 0.295546248091441
0.0811264297827314 -0.0776757259742048 0.201255914431222 -0.00380945980836713
-0.0282293804154342 -0.101671604935696 -0.0436748990911114 -0.286941463424197
-0.0859815556180565 0.00965725662412415 -0.346605305542438 -0.174715868252436
-0.0266333042590856 0.0559393179940896 -0.383718951967825 0.162423052609072
0.00346559446637303 0.042458818010883 -0.154486198675327 0.310451198859711
0.0200087799944021 0.0344383715612111 0.023904182590825 0.266484146863067
0.0135330749509305 0.0197787194226436 0.113135376513083 0.217044019329906
-0.0045539194846359 0.0196751188572317 0.171617877274027 0.20646524156777
-0.0256676856694964 0.00145130712520575 0.1464085468453 0.272157598823622
-0.008866103716578 -0.0167648325723862 0.000993201324663421 0.318546494369638
0.00302912721255161 -0.0304760379107053 -0.210336117075312 0.270414096988368
0.0838657021067214 -0.0197476707173554 -0.376438057771753 0.210422567767744
0.099928064400098 0.074156187942784 -0.453277962507119 0.157107948057051
0.0145116302948038 0.175169510829247 -0.442314782164953 0.333917853856784
-0.0136616632724638 0.220458855755633 -0.180943223378556 0.265884074349382
0.0943230111573885 0.074062108084007 0.212199597847784 0.00463451756712465
0.06758705756482 -0.0193535268544214 0.000444855010405841 -0.310822134994613
0.0164616410864854 -0.0248382861511124 -0.349484460298886 -0.226853967704677
0.0339589320827241 -0.0287629555235887 -0.406955762831352 0.129829047212262
0.00782315038827362 -0.0535372498891186 -0.182903198157752 0.299435221157962
-0.0160667972845258 -0.0430837099253069 0.00606705177991672 0.269910000806784
-0.0271253191248162 -0.0568266100714673 0.10569524417075 0.211150675225384
-0.0327224231825382 -0.0654670620705268 0.176747366416624 0.183355367800024
-0.00226129051851718 -0.116086667903675 0.179624079271354 0.239122723045117
0.0929845916173538 -0.0998544846672686 0.071715101031111 0.311282010215387
0.13553890269807 -0.0180950508415944 -0.131703520626845 0.303006980449038
0.163019448720516 0.123629320992127 -0.328108144021916 0.255035707913335
0.0546761912244848 0.268344701768764 -0.40984227735619 0.174032806484345
-0.115638921688274 0.335718831629571 -0.383954471603026 0.287176639949513
-0.149281748486538 0.321575046227944 -0.154743285049287 0.193478109011493
0.0615029896824299 0.241122874655397 0.245201695563447 -0.0015699027974207
0.14773904116843 0.108723311455927 0.0803604988652509 -0.3421984712064
0.142786644242326 -0.0281883787201192 -0.31580988916972 -0.303244855466677
0.115486021304848 -0.107160744610381 -0.409850942663708 0.0607266078647592
0.0270242067391474 -0.154135537352304 -0.212821378945584 0.246241535549594
-0.0451726038407265 -0.12358071023547 -0.0276837674088915 0.235596150367307
-0.0649960566921172 -0.125362790449639 0.0817266845185792 0.174954562968546
-0.0614054945048107 -0.133039011737747 0.166906531923205 0.128845145906512
-0.000964178451018805 -0.210148739464335 0.210259579915903 0.164312064903799
0.151128970042524 -0.191226476162291 0.165011640388919 0.258097573671917
0.242431113048096 -0.0611741559320614 -0.0054425448983019 0.31927650825967
0.274068197914089 0.196861751403011 -0.237399250729448 0.305614498695795
0.0701674467805519 0.416267415118007 -0.351736264749568 0.191100141426604
-0.18957124569338 0.458929013732093 -0.296056413756709 0.201406090949232
-0.278822304911441 0.365273711690767 -0.0759286403849745 0.0853089456798636
-0.0194214255331902 0.385099118279518 0.292727697665981 -0.0255017477170868
0.184181366319263 0.260051258172476 0.1871615757878 -0.356842618254754
0.263638600324564 0.00944708790435676 -0.223603829516018 -0.377458400451629
0.202829673622051 -0.159191165811989 -0.366662586055998 -0.0417007037983779
0.0584109120485595 -0.236452949341938 -0.228459103113953 0.150849468418883
-0.0615894140541044 -0.19223308016488 -0.0696056745966298 0.165581557725082
-0.0942933113483472 -0.175200085092915 0.0457876397327213 0.113172730128429
-0.0856506972030945 -0.173499799919082 0.13998556929198 0.0540459724754767
-0.0131354720970532 -0.266597687150031 0.218756901968197 0.0651471750179237
0.166123992744743 -0.262168026456477 0.241663451979151 0.165479272799124
0.299446648403082 -0.124841693299154 0.126076772381208 0.291951300291101
0.366356977006383 0.206690155783894 -0.125810896739841 0.327354850486211
0.103673451894493 0.484814264518143 -0.296112289586701 0.185904729576997
-0.215509690419961 0.516329252792011 -0.201728459713662 0.0874635273352266
-0.364979498013741 0.341592982648633 0.0492795852145664 -0.043073120845638
-0.125604799399073 0.448996605982593 0.345224824278355 -0.0612176929479673
0.154164563802241 0.376218722269274 0.296958724808838 -0.33595455772129
0.329740151383516 0.0752245928021238 -0.081989744394099 -0.410149817227397
0.265321697727482 -0.166274910431084 -0.267712569359039 -0.153129560227413
0.090433297790991 -0.276788819356243 -0.218780141361249 0.0243965495982384
-0.0643043821208824 -0.231385923517475 -0.108440591377914 0.0683170851414665
-0.110779041030618 -0.199396904249866 0.00401414162489703 0.0361569304845484
-0.0988493799781048 -0.188063877980762 0.0988965805197717 -0.0271473842080468
-0.0255075278376824 -0.28027023067261 0.202408076849545 -0.0361825671303504
0.157081290626272 -0.28861685333433 0.282715206920209 0.0595009219019757
0.307152069633589 -0.161866860195986 0.224147414349723 0.232318121107123
0.39082300759272 0.190129260835695 -0.0295209336880897 0.308567363709978
0.106021422309103 0.479420625040788 -0.246147388037489 0.159486718415953
-0.221941070764172 0.496482257549582 -0.110743581978646 -0.0366191798605462
-0.37509806799026 0.253578532023954 0.192916668580732 -0.167363830033785
-0.206392735239541 0.403092980458215 0.393430581130056 -0.0991810329577999
0.0746606613031166 0.39607662454822 0.376628512682017 -0.280923256962022
0.306326938560213 0.126294661015561 0.0670024006156601 -0.384712814602851
0.269437746551061 -0.133797564717868 -0.13677694370574 -0.240175927693621
0.105370229529815 -0.261165789444901 -0.18636004722699 -0.103039658403534
-0.054285080102771 -0.230437376899943 -0.137615423810746 -0.0360705198068328
-0.109629514373909 -0.194129203294015 -0.0369887242382682 -0.0429243212410574
-0.0983027234512691 -0.178989300954883 0.0549781864832091 -0.105659019900751
-0.027467652444794 -0.258824504225157 0.175420469551719 -0.122352437908988
0.140654459647995 -0.26836382414259 0.295210203064789 -0.0311505670329208
0.284599882940393 -0.149996945343165 0.277907755698041 0.17201111702417
0.345499602426308 0.183668946204416 0.0331265213217357 0.272269084551303
0.0583734368461418 0.423409315689182 -0.204487312786369 0.124134382878075
-0.222028679193586 0.401294611487224 -0.0256009236772834 -0.142379843097786
-0.303197611067776 0.130278458524419 0.316580798469612 -0.268637420108279
-0.221513188128715 0.268136525929971 0.420987412857228 -0.127745518890154
0.00259665791821823 0.309220071989197 0.409470185550599 -0.222819709163641
0.218497514113853 0.125326705954947 0.17677353473892 -0.327423075434529
0.208879203136365 -0.0867997720554769 -0.0218651304253096 -0.289114680539371
0.0935658101262981 -0.197467212099213 -0.1503974394164 -0.203799740729363
-0.0379784499497372 -0.187479567547794 -0.15594412912001 -0.125376120598519
-0.0910410278680415 -0.159564464554743 -0.0707175731096242 -0.111782163372007
-0.0826920476881845 -0.151764952805332 0.0167297990176057 -0.171391522664482
-0.0201087144150861 -0.213294025359028 0.150627160498688 -0.187625921230905
0.119720034544383 -0.214730050375588 0.297264505123179 -0.0967543928256657
0.246171465163273 -0.102643336527783 0.302578723267436 0.132643143857056
0.255055632945871 0.184722841410854 0.065766028031156 0.240749586386476
-0.0188566357044412 0.333000910811685 -0.166886131610727 0.0916910187967188
-0.216121221471599 0.254851604023812 0.0565479298787316 -0.213587977806562
-0.172723247233118 -0.013142970964651 0.387111102688692 -0.335365254510993
-0.171736042848938 0.0944034357232824 0.414846195314996 -0.14392824483578
-0.0385369922261142 0.161019872001697 0.40338039325451 -0.188206487991891
0.101709831305656 0.0789473541182533 0.22941437871722 -0.283866200850856
0.109529912853908 -0.0357825677692102 0.0394353393291893 -0.312451914456554
0.0616824042692784 -0.104118630434418 -0.130829758965238 -0.259708367265668
-0.016120818243015 -0.113713074930139 -0.167100920489707 -0.183491642990365
-0.0581435771427102 -0.102976325787331 -0.091824898769662 -0.162022335658311
-0.0551659240834445 -0.106985895627691 -0.00678230657437661 -0.218450569547429
-0.0105896562248712 -0.14793278613537 0.140249433915303 -0.23231032922317
0.0920849064988323 -0.143044003154263 0.305325120821042 -0.137270768628211
0.190210719607038 -0.0447702393399831 0.316050304695859 0.118792105906464
0.143841415313823 0.175666348001294 0.0812764404564674 0.226973585470266
-0.0940530954644901 0.214584010108369 -0.133361616893538 0.0727861263880539
-0.189139042302191 0.0800968208438275 0.130238740454721 -0.238761094612698
0.10011471912192 0.0773580033007352 -0.142562757589373 0.301528127175
0.074630135908565 -0.0812154508679262 0.197505620860243 -0.019675637119959
-0.034698398359245 -0.0999449782665018 -0.0606077618294552 -0.28209566998692
-0.0834764224700525 0.0154034298537099 -0.351531945740579 -0.152017344958469
-0.0220137607880176 0.0570184959445494 -0.36701953470218 0.185588608436998
0.00608321739311099 0.0413380011561487 -0.132202856402086 0.31590387663043
0.0214274989212989 0.031934714049111 0.0394231068051026 0.259214500829305
0.0147388776228395 0.0180403266016323 0.125825177846416 0.205197950816369
-0.00291644145239064 0.0196137537706485 0.183969099157213 0.189323635937064
-0.0242265495380724 0.00299786833331665 0.164341353076518 0.257429063466307
-0.00969843618087625 -0.0165269437081237 0.0222467587270405 0.316408348265418
0.000892773227218722 -0.0297031913616044 -0.195297613217927 0.283452318463993
0.0806117353514767 -0.025257566325991 -0.360064221944628 0.232141502889459
0.102411614424216 0.0677306860523136 -0.441071326562104 0.178094111647775
0.0263301926388939 0.173674365103466 -0.418513697335395 0.355889095894363
0.000182242467453592 0.219774269676381 -0.162921601982615 0.27303638263843
0.0979008729005192 0.0663919307789412 0.209145048929247 -0.0109851345734618
0.0654270622648057 -0.0245612889853689 -0.0167318798498718 -0.30972943561472
0.014190871829022 -0.0254542687413141 -0.358548370057886 -0.203388098020597
0.0316172794095445 -0.0303994020828616 -0.393003717388264 0.155624605708462
0.0035188767669135 -0.053742498817577 -0.159716121870819 0.307285842764248
-0.019226765582787 -0.042141615998988 0.0238456975696849 0.262753945628336
-0.0303005461949386 -0.0541403010975514 0.118319162172062 0.199971080689783
-0.0364540455228867 -0.0632035078071311 0.187131315972004 0.165492632425647
-0.0104094710980787 -0.11447847804812 0.195922443609642 0.222525860854146
0.0845204615846825 -0.105861607938542 0.09280882145251 0.30358168221468
0.133454121543752 -0.0256359081703653 -0.115480856237785 0.30869588013266
0.168943866141293 0.110645929487243 -0.310498860178928 0.272808395831832
0.0706404999370926 0.262504440258409 -0.395693358010545 0.193023010774861
-0.0940351039103688 0.341292443187446 -0.362412167062304 0.306339451768246
-0.126694800800022 0.328159742724161 -0.14242690606413 0.201099392336686
0.0759752785825421 0.232857919422237 0.241092141841617 -0.0180003156368572
0.153717870754226 0.0975527662678798 0.0614136296915963 -0.346797861606145
0.138762700707345 -0.0366644994278923 -0.32861681804176 -0.280889587263178
0.106530654799176 -0.113901209332745 -0.399776033423626 0.0872938927988086
0.0150428006888519 -0.153069260578176 -0.192614896917845 0.25752322944916
-0.0534344238884524 -0.119322897717175 -0.0116295649555971 0.232871811247552
-0.0721972141409161 -0.118747677535996 0.0923831232703096 0.165592979435684
-0.0685986637663543 -0.127034063926334 0.173485376628775 0.112313760261998
-0.0164720311864011 -0.207153999067954 0.22062031920597 0.145747635859145
0.13518497983773 -0.200094771002419 0.182391331545443 0.244580957338856
0.235037943525863 -0.0755023262543459 0.0105797293544243 0.316812361537808
0.283244564896541 0.17590956599988 -0.218656869188345 0.318874161246013
0.0956425369431154 0.406344016286555 -0.339413629899477 0.208129194913815
-0.159717346110642 0.468983259099196 -0.282143660211408 0.216571969591653
-0.252697718244555 0.380200484540561 -0.071927658432585 0.0888929507440662
0.00589367419319523 0.379916834747025 0.286616555333712 -0.0431815627648161
0.199865146795507 0.245113065654093 0.167201112539331 -0.366755750522733
0.261204653264798 -0.00700210964340079 -0.241922661754653 -0.358140366389256
0.189245901233654 -0.171453341896318 -0.363059805179658 -0.0191560934696623
0.0396686120342977 -0.2367634716472 -0.215096835060126 0.163834896304126
-0.0737424206887063 -0.1852682486224 -0.0570949073030378 0.167673337657421
-0.104131591329141 -0.165663875265717 0.0526401691658607 0.108437372329304
-0.0943835898830587 -0.165329798406789 0.141065600741136 0.0409737722676903
-0.0321092740249903 -0.261803491134108 0.22155000462864 0.0473994160898129
0.145689837185848 -0.270674884518613 0.252988628272502 0.147289586614438
0.286347505408655 -0.142301357684811 0.13992418497067 0.280967594684593
0.374718655355603 0.180016653801674 -0.108184065709028 0.332539347241187
0.134724142911002 0.474039297565183 -0.284727145983552 0.200389611455979
-0.18399918599152 0.528954787904573 -0.194332140387477 0.0982970261571776
-0.338789958254548 0.361534820736654 0.0437719872539464 -0.0456844757443116
-0.0945261678952039 0.450917777540898 0.337481165652855 -0.0812540298566047
0.177821289935229 0.362718521595072 0.27819240713621 -0.35247177720594
0.330024785611539 0.052701529320804 -0.104978011767692 -0.399265443155827
0.250528462277992 -0.182094090075767 -0.271543585556825 -0.136465260351003
0.0687482288110515 -0.279069643759239 -0.21443816517901 0.0377968859330656
-0.0788275142515958 -0.223771350684164 -0.101306205060143 0.0751468530705887
-0.122375927254798 -0.187241231348591 0.0062479425013466 0.0354373784454489
-0.108169310347317 -0.178516556939314 0.0953140315376792 -0.0360841523624191
-0.0449466202077194 -0.274904969320073 0.198874477276313 -0.0507023329305959
0.134405998172434 -0.296995678025579 0.286716752423881 0.0393858512736288
0.291621640144297 -0.178985030944379 0.23363485220771 0.21439832560808
0.398395382340696 0.160740363006789 -0.0143020947320214 0.308824664047805
0.135539975324471 0.468518175504201 -0.23754932326759 0.173335271912675
-0.189392963136421 0.507683648606898 -0.11290851098033 -0.0285548186670483
-0.354066492419196 0.27632505143407 0.179760365348935 -0.176493606186209
-0.178325419018903 0.409949402740578 0.382364643689887 -0.119782729654191
0.100563037537478 0.385764724733312 0.358955519833025 -0.302282063511643
0.310364291808887 0.104758916443569 0.045892661294167 -0.383410512592836
0.256736500948706 -0.150995163660812 -0.148529712765705 -0.23162677736987
0.0853564533775063 -0.26460388008203 -0.191323969892018 -0.0901331041089988
-0.0691926786460798 -0.2231772582715 -0.13754433330463 -0.0251340753414557
-0.120907616667046 -0.18173426362519 -0.0389437749801291 -0.0390543145712718
-0.107343175117936 -0.169757625679359 0.0460028175211052 -0.109286578811016
-0.0447504134207792 -0.253623930583365 0.165611650248066 -0.133162401121797
0.119974091490229 -0.274163047079172 0.29251031641242 -0.0518707857386863
0.270754905816847 -0.165296380934689 0.283842247761672 0.151506014797035
0.354449717474599 0.157111570667522 0.0451088165407936 0.269013516135182
0.0846260385898072 0.415497618967103 -0.197916238962839 0.136486899245137
-0.197454606078457 0.41262999710791 -0.0342839251565432 -0.138190967301149
-0.290946739463555 0.148547701263754 0.29658399880739 -0.283355994975541
-0.202497886427557 0.278405846050425 0.408431895000007 -0.148143595856744
0.0219162976891483 0.305338315350583 0.394382170424763 -0.245048385329473
0.222922078510596 0.109620942330715 0.158581883184709 -0.334356335452288
0.200848296945164 -0.09974130665067 -0.0375512087782212 -0.288614625202476
0.0782437334042047 -0.201044771243813 -0.162443532185906 -0.191207830420129
-0.0505513451879909 -0.182719892710355 -0.162330163643364 -0.11114840082181
-0.100338212614777 -0.148650552002648 -0.0766451944500449 -0.104430651450183
-0.0911937216624653 -0.143648225347268 0.00510946772796058 -0.170367579686934
-0.0349897922644353 -0.208414615660276 0.13803544613453 -0.195812232970485
0.103960388908845 -0.219808900452761 0.290041814304601 -0.117191688104288
0.235350268127575 -0.117054017055148 0.306346689135015 0.111515279849465
0.263277240514359 0.165299363766873 0.07683715816027 0.235444794358797
0.002452526469558 0.331403222905099 -0.161600441892355 0.103143964670399
-0.199990118169883 0.267267820105708 0.0420661117362119 -0.21280096735272
-0.170368715206162 -0.00099211919880029 0.360924027999219 -0.351970557105961
-0.163466026576594 0.104814677575689 0.403331524288436 -0.163507899658212
-0.0283012169842363 0.161292932979171 0.390872549929739 -0.209005393449495
0.104442906567891 0.0715353538827405 0.213596077577507 -0.294673335234349
0.105595288591162 -0.0434218160224497 0.0195644875190129 -0.315212453353668
0.0533051184653664 -0.10633585366047 -0.147131622427665 -0.247005114370121
-0.024242175705167 -0.110805958328089 -0.177321674702583 -0.167803361006364
-0.06367048170455 -0.0950564924347754 -0.101195059838603 -0.152797110286512
-0.0611531134508185 -0.101187970507819 -0.0212947591493813 -0.215429640115934
-0.0212977712638019 -0.144728855051783 0.124215120846714 -0.238998893591394
0.0813825520535753 -0.14630875087227 0.294018959897994 -0.15690461216119
0.184751160525537 -0.056728299555708 0.319355695061927 0.0971045305678241
0.152786642574292 0.162899899246415 0.0920515328854508 0.221521872024645
-0.0784887906536006 0.219311857947927 -0.129875002182236 0.082586104930155
-0.182720627105963 0.0924379431607883 0.113321172890339 -0.242294216608616
0.101323920788493 0.0685776220254075 -0.117076297788239 0.29789090873727
0.0661612890774396 -0.0823480716702438 0.18650427277669 -0.0327534645290972
-0.0410169906995027 -0.0942313961701308 -0.0758307730500455 -0.267927780294852
-0.0791056825440369 0.0206173435712424 -0.345489458634516 -0.12590181367878
-0.016532835869225 0.056094241801876 -0.338959396533069 0.20267920696181
0.00895005812749945 0.0390939365696819 -0.105510534004989 0.310174691156267
0.021745687923018 0.0293634162168683 0.0530623968717489 0.242691177578559
0.0146665193581285 0.0156636242150612 0.133957000350709 0.186788480454954
-0.00134559425287646 0.0184209719283673 0.189017425262609 0.165958848123513
-0.0224853830288728 0.00415711134674413 0.17706011532016 0.234256282581558
-0.00967477785142685 -0.0152548372518157 0.0413777816580297 0.303897738555352
-0.00034898964044737 -0.0273828886054378 -0.173921056694371 0.287679144417962
0.0747812050442723 -0.0304183177700061 -0.331780286517509 0.24725882499634
0.101787950364576 0.0588186344586973 -0.414111252093762 0.192799713820067
0.0372648746933768 0.166781428548475 -0.382117075350137 0.368072533975842
0.0146605865783511 0.211863024177192 -0.139913277962326 0.273551960723387
0.0980368327345743 0.0574510529028967 0.198806187875097 -0.0251655173178015
0.060757892315102 -0.0287878026156816 -0.0347263592384683 -0.298517010088335
0.0116831692234711 -0.0247891399150484 -0.354873550294011 -0.174116621663236
0.0281418609624309 -0.0309263467992756 -0.365738864775634 0.175337432760623
-0.000184555602919749 -0.0512736760801145 -0.133056999865442 0.30424838566536
-0.0218258460386779 -0.0387743185093518 0.0390274226256668 0.24766453005169
-0.0333390058567716 -0.0500904055884666 0.126437080513038 0.181669831448772
-0.0385131362530218 -0.0582537346973861 0.190821943268538 0.142423283464562
-0.0175304256589779 -0.109188223541572 0.204700818695904 0.198089501783812
0.0729451806460965 -0.107853078814715 0.110372280027076 0.285959075238477
0.126543036813536 -0.0323953804860585 -0.0956496227025204 0.306923107456637
0.16754292542303 0.0949747799775662 -0.28124775349549 0.283307129409349
0.083713093351417 0.248703560416509 -0.37077650248073 0.205285822360842
-0.0694597701030389 0.334961658958068 -0.331693907765897 0.316702097608497
-0.0990824162875709 0.325206540697819 -0.12572533218703 0.202041178190187
0.0874133991446219 0.21773706654703 0.229236154892873 -0.0337132296688679
0.153905643599073 0.0824712749091457 0.0397526491968029 -0.339758032388028
0.130413199847547 -0.0438416319890734 -0.331570422202882 -0.248808620903539
0.0934939675866324 -0.116702370501015 -0.376965826778138 0.107691301037275
0.00302619807663774 -0.147379603165587 -0.167760807920208 0.258590558465712
-0.05875180228369 -0.110946524794718 0.00467187977900741 0.221456133915275
-0.0772272349724475 -0.108596893168916 0.0999200489192994 0.1519509573099
-0.0729699928596863 -0.117536593414848 0.173111021413254 0.0927569402226509
-0.0302876609144934 -0.197761253430469 0.223067110140715 0.123128569511925
0.115155022825228 -0.201801799420332 0.193719591569288 0.22183087423517
0.220885593451309 -0.0872517156839203 0.0259471087590077 0.305075480027168
0.283372264915506 0.150068596514288 -0.191938125797609 0.322369247673834
0.116436929130991 0.384683200407303 -0.315890448310871 0.218523845886196
-0.126531693235454 0.463504620313286 -0.257499591489766 0.225652562616102
-0.217369802533984 0.382788554539963 -0.0655174860044165 0.0910417849157577
0.029360851237593 0.362253165096792 0.271618808922663 -0.0586896826240371
0.207502241327791 0.221124538771707 0.141351330459247 -0.364666048933002
0.249505883831046 -0.0236800559159384 -0.252048658986073 -0.329956644128399
0.169386877806208 -0.177797334096144 -0.348163120837252 0.00345422892521244
0.020963113595822 -0.229058060608933 -0.195543408460843 0.169916372541928
-0.0835836322412697 -0.172916126046543 -0.0427957413172136 0.163389906617356
-0.111029856724764 -0.150669168985966 0.0581687806665282 0.0996940854627619
-0.0995350178946687 -0.152355140265364 0.136929628587492 0.0273501813421083
-0.0494465486327251 -0.24831985153235 0.21656357539504 0.0286635523624533
0.120066818122 -0.271329028451609 0.255220090227092 0.122524011487707
0.265733288712784 -0.154361074007333 0.14868571380544 0.26160471204117
0.370058185582404 0.145545475611561 -0.0860085415601166 0.328389147012213
0.158586873535391 0.447477713713536 -0.263812153434153 0.208600113250795
-0.14448218803645 0.522465349205268 -0.181902902506224 0.106663669850689
-0.301744418641036 0.369968871906822 0.0371712608065143 -0.0453400648760291
-0.0631347743581901 0.437073516686015 0.319253755676152 -0.0972104798960184
0.195516449812751 0.335818154811126 0.247949484151135 -0.357173017882692
0.319163976799879 0.0298939366321289 -0.122068434582051 -0.376804551660291
0.227160591455653 -0.19313406951477 -0.267686141294857 -0.116741484956018
0.0458078749194357 -0.271459813453827 -0.203074923096472 0.0497552809601427
-0.090616238494695 -0.209108544868798 -0.0918171670540515 0.0788449401598754
-0.129153457993909 -0.169820636969565 0.00883604225870423 0.0338973691145578
-0.114011664898701 -0.164106077062492 0.0876491356303756 -0.0431267985142599
-0.0612765669812898 -0.260610102543925 0.188202198430703 -0.063658497573746
0.107905044223901 -0.293869446138004 0.280868486756771 0.0162644858270617
0.267561282095606 -0.189466699556656 0.235074302709918 0.190805471670867
0.391177978431164 0.126765501609436 0.00202369393624675 0.299525193389832
0.161110469881746 0.442970570910659 -0.220784098043058 0.181243014171125
-0.153124915348863 0.502819973254131 -0.110913616047192 -0.0197136813639587
-0.321843125144233 0.289546295080256 0.159701050946539 -0.179201769354759
-0.146749748702281 0.403922976654105 0.360167654748901 -0.136115001059382
0.121541459909372 0.363880487823204 0.329349678838689 -0.31305195064561
0.304596957506301 0.0816744332404378 0.0244127637186475 -0.369877267133761
0.235683675392789 -0.162264657241948 -0.1553048962241 -0.216951551083724
0.0621897753036884 -0.258912017794961 -0.190654987871709 -0.0748774411700768
-0.0820618751415644 -0.209330694270608 -0.132576193001745 -0.0138184617686546
-0.126760120535987 -0.164724406186923 -0.0388918923118269 -0.0343197565994831
-0.112302496986846 -0.15647611147508 0.0360343192141328 -0.108814051275092
-0.0602013280942837 -0.239307309588461 0.151295443798497 -0.140292719164714
0.0961961804231246 -0.272129171008993 0.280095368983192 -0.0715061567588477
0.247742787610636 -0.175623770496548 0.280168398160612 0.12756129366435
0.347368845410404 0.125937682057833 0.0572991932476288 0.257185265622959
0.10923529364228 0.394776677918083 -0.185126994573668 0.144358603547728
-0.165884859595645 0.411637701618822 -0.0416860050164038 -0.12948626076585
-0.269101718582787 0.161033206676182 0.266657042207779 -0.290026156461601
-0.177639146604515 0.279329876414689 0.38497176002104 -0.164344196371812
0.0408669813108307 0.291103356374912 0.365501498371674 -0.260222619667406
0.220028657687148 0.0904319484432331 0.13625585692218 -0.33005472696736
0.18489298928609 -0.109275694982399 -0.0538464019668115 -0.278695637480039
0.0597916618928771 -0.197745976524548 -0.169787125082962 -0.173008271888313
-0.0613608232784734 -0.170920747302473 -0.162661760279063 -0.0946102639552888
-0.105501699715451 -0.133688847264864 -0.0795251132811428 -0.094922296939765
-0.0955288606156769 -0.131343325650641 -0.00693784017950182 -0.163108971567773
-0.0475332087167414 -0.196187483766168 0.120429059127293 -0.198100088367187
0.0858183592892293 -0.217733547113313 0.273611732850984 -0.132828590502379
0.217807786083562 -0.127874362727458 0.30005448803217 0.0866746267753055
0.261777853329666 0.139442203031902 0.0858665499243112 0.223696895317223
0.0245222666130754 0.319034243447526 -0.151350007262448 0.110747317912457
-0.175615783762478 0.270496240493134 0.0266589238813985 -0.205691507920545
-0.162194049639375 0.00958152433950316 0.327273141879258 -0.359589358051889
-0.151103680832199 0.110489527521618 0.379814804694425 -0.178768197170283
-0.0176599224050899 0.156622722351637 0.364395083832034 -0.224441502618494
0.103753225996763 0.0620483576755508 0.190720365291679 -0.29649725301542
0.0975567670610528 -0.048603242682943 -0.000610327104192647 -0.307826873149789
0.0435813521870318 -0.105171351975004 -0.158335903180075 -0.227492245670019
-0.0309171001841592 -0.104782981848915 -0.181356407795559 -0.146944948205975
-0.0669933921280697 -0.0849590328648028 -0.106341175467462 -0.139189391911116
-0.0653370431948309 -0.0927749750299468 -0.0350364140138636 -0.203377232410801
-0.0310695199925593 -0.136433259598153 0.105665634129146 -0.237478148974936
0.0690671463248474 -0.145555108271839 0.274339582021539 -0.171176001650944
0.172482958970141 -0.0662448946211608 0.311666773271192 0.0727222680310339
0.156736428711107 0.145097905842437 0.100130198378856 0.208079005672851
-0.0603948721383056 0.216503161304307 -0.120476668532714 0.0892055358944133
-0.170100889433876 0.101811186471574 0.0934560350384118 -0.239100756294955
0.108374513309017 0.0538603332956498 -0.0804267465827041 0.289941647358574
0.052224606572083 -0.0850821924498573 0.166358421224033 -0.0528889510172086
-0.0525082445364613 -0.0831718330228062 -0.104475672372775 -0.237952764190139
-0.0719725266054795 0.0283159630020194 -0.339108636953536 -0.0689744442049749
-0.00892320788563952 0.052982305502333 -0.287127101773076 0.236014267401774
0.0139230626016282 0.0355393462616887 -0.0583860218415071 0.302597230196157
0.0240104628606058 0.0249390333532457 0.079178665309411 0.220523158467145
0.0152678406646449 0.0118064236291404 0.148802542901048 0.153188397114515
0.00182546796703413 0.0148350125558565 0.196730123887429 0.127790363214573
-0.0198781043182398 0.00466040279410974 0.198407105561097 0.192517479446225
-0.0103984432276859 -0.0157568705602037 0.0772996246989069 0.280855968052732
0.00093637676717935 -0.0246082164870109 -0.12992577797472 0.295759852636397
0.0670714213101018 -0.0371479681801822 -0.278746302371997 0.270385399135951
0.104819447892118 0.0447016988290014 -0.357203833955443 0.231965672773787
0.0621437992327832 0.15152024019861 -0.312303809150324 0.400159393765143
0.0458176656345896 0.204544323671457 -0.100403435472282 0.257015752468178
0.0988680540630365 0.0411062238367161 0.177764054782129 -0.0518699868239536
0.0502949399779393 -0.0360533381099546 -0.0742614093060725 -0.277264491675821
0.00631605068771613 -0.0244635756738553 -0.357399893759799 -0.112286801737573
0.0212868033643943 -0.0338835785125601 -0.318400414968189 0.215381160695346
-0.00581494747438601 -0.0466405893373677 -0.085990629311879 0.301991838590169
-0.0245730253480508 -0.0324425243028579 0.0663636628937337 0.226973298749204
-0.0378075067011197 -0.0425400665567939 0.14167352013739 0.149382101832358
-0.0423956583620763 -0.0502659941892022 0.19386645307753 0.105461302541865
-0.0314513742960499 -0.0999440539267867 0.216328348916014 0.151757570292292
0.0529100910984371 -0.112265595087867 0.138208182966651 0.250787933662733
0.115993472696925 -0.0464452581348446 -0.0525907873386839 0.300077027881141
0.170884577999014 0.0641988670321747 -0.223545462808254 0.299915482383886
0.11291752494767 0.219630406944729 -0.310095029357696 0.246042356220609
-0.0121938002911961 0.321012337602942 -0.274823637321658 0.350289255122633
-0.0481036946235892 0.329158844366649 -0.0889948700609132 0.178102879753865
0.108437290239076 0.191711948707953 0.205753329375825 -0.0682571280744886
0.152249120818764 0.0555998868538946 -0.0127244767236962 -0.330531194887631
0.114033830513305 -0.0561876393171231 -0.348959157124389 -0.187067987923155
0.0706734650352036 -0.121771585357604 -0.341316140462077 0.155556083446165
-0.0156223122215016 -0.135921813233646 -0.127292312501241 0.266827792862303
-0.0675814902306128 -0.0939328559968021 0.0284860204216363 0.209006101725417
-0.0859668055403312 -0.0905675551316222 0.112823260201211 0.125983632967331
-0.0831102837573218 -0.100414795275304 0.169735356004567 0.0605075785953639
-0.0549908529426791 -0.178852966090731 0.220735535256173 0.0784843921694241
0.0773948877374143 -0.205608957471755 0.206116211777361 0.177620160751127
0.195199918507463 -0.109108177892987 0.0614976736085013 0.279482019237878
0.285187180649641 0.0976501796395025 -0.131161022695461 0.322881875183128
0.160390794175807 0.340233013944952 -0.253226144902467 0.2556561746429
-0.0475767298669963 0.444612713509947 -0.219152683446281 0.258766945061468
-0.152497083540046 0.400530781762701 -0.0381988898448891 0.0596098195355378
0.071287808548945 0.334129754840858 0.244044613185992 -0.102414776549188
0.221752502032561 0.177381644170188 0.0785574150732638 -0.37523203870256
0.227278254357816 -0.0511951503371333 -0.290979390603333 -0.277536070536659
0.133471956026522 -0.187524009638468 -0.334092059129121 0.0520716959460513
-0.00925096536301261 -0.21428173742861 -0.16814944326004 0.189350961169507
-0.0981904971760699 -0.147535879404433 -0.0246331605481681 0.160902349286054
-0.12236794006515 -0.124843393029906 0.0661789750261356 0.0834528838690434
-0.112143721563041 -0.129227761046653 0.126303312097977 0.0047514424757731
-0.0802885941606795 -0.222479233864618 0.200781971682489 -0.00874250354520599
0.0712514966811124 -0.269091233144073 0.250460412939882 0.0760574475780024
0.225201556093816 -0.177896725401062 0.170133344494044 0.219223322018573
0.364675634133021 0.0792273650306263 -0.0296227973614516 0.314149367858685
0.206748351374474 0.390504425595858 -0.203405182922047 0.243014487750974
-0.0598878717291279 0.500201267663924 -0.162984019013842 0.139629030554348
-0.235308141500054 0.398657288505156 0.0470990674321754 -0.0822175854630214
-0.00612824156383006 0.413820869898093 0.285617151752342 -0.146005697148526
0.222783811751947 0.286160038601275 0.181492393857295 -0.385978329782894
0.299435516268139 -0.0103846541934094 -0.174380090000426 -0.342140996743005
0.185845794810073 -0.209219021498796 -0.278402590646069 -0.0733368624189067
0.00746995770287378 -0.256689402928268 -0.194009845023037 0.077634437489301
-0.109809943267778 -0.181366972210268 -0.0827607908517738 0.0888801075804069
-0.141581079458156 -0.139798076899987 0.0124248673828816 0.029509220775505
-0.127028071874248 -0.137960996950081 0.0712812704469392 -0.0532691695981601
-0.0925341312597444 -0.230475429913956 0.160708802381088 -0.0899938457125505
0.0569974985146907 -0.287871097551486 0.258446138530777 -0.0271443274683687
0.221962292092875 -0.211542984984868 0.242880665299412 0.141662007227986
0.380676680138033 0.057851714405455 0.0489254831986718 0.275425444056285
0.207767939613813 0.384421442025618 -0.166471126890926 0.212800607926113
-0.0691249328535091 0.483964245009659 -0.112786202867735 0.0112666992728991
-0.267168129497488 0.320621369391884 0.148648011576305 -0.217085209594158
-0.0887212374824498 0.39235477166652 0.323459795746575 -0.185726744404068
0.159093350238101 0.321856963916929 0.266362862491731 -0.356024576903703
0.29256597084844 0.0395901079057025 -0.035539367540954 -0.359067696861055
0.19794905262209 -0.181602524866269 -0.186909016975546 -0.184240393548601
0.0243369692911796 -0.247663209695354 -0.198050947595624 -0.0414042048651481
-0.102169001398881 -0.182142633691156 -0.133916890464836 0.00689825104901418
-0.138544262108078 -0.134327059254558 -0.0413058808173528 -0.0269019630423534
-0.124310080029266 -0.129872262463608 0.0150799963833196 -0.106518821241425
-0.0883826418274244 -0.210634200856741 0.116814093852252 -0.15494434134372
0.0495237183485903 -0.264550039317689 0.247694715397831 -0.10861130876803
0.204356988252722 -0.195385930720176 0.277130587259416 0.07562670153088
0.339376495903503 0.0646864600921774 0.0940473350017035 0.22972566084978
0.153424133191158 0.348827616997837 -0.140197496817036 0.174151591837711
-0.0952629656000682 0.400961125609266 -0.0625263988485213 -0.103992677649937
-0.23449055960225 0.18955135368824 0.232769282425353 -0.322299246126742
-0.13214631650771 0.280414572916718 0.343334095509009 -0.210839502718409
0.0745052109734257 0.263621261332513 0.311215854596086 -0.306050716691967
0.214165039169203 0.0586399954602743 0.0782079208523737 -0.337075189463672
0.158054806006611 -0.12524265030036 -0.0971061377451186 -0.25753673467666
0.0301849232169783 -0.19048805698391 -0.189869170799383 -0.137466824722863
-0.0787410731026467 -0.149987948384935 -0.171680461973035 -0.065511757845302
-0.114142841225581 -0.109228137405812 -0.0863117782706131 -0.0770908565083379
-0.106489513158975 -0.108642530906843 -0.0311799535756807 -0.151940795222197
-0.0706823103364931 -0.172880441908896 0.0812152807941217 -0.203782660384522
0.0463753071019187 -0.212124907684362 0.234390745695811 -0.164180057692377
0.181562576259351 -0.146754538325791 0.29231900793836 0.0360765191358646
0.261152744686726 0.088715285969414 0.115122473086066 0.196962897187601
0.0661925314829572 0.288802691439195 -0.117114933492517 0.137706332971554
-0.124420964517347 0.27326830613143 -0.00878771876482027 -0.188427499498164
-0.153462348300536 0.0288959672601625 0.274868370882898 -0.382065668514441
-0.126938840407758 0.11942610115092 0.339502509945345 -0.216969415122492
0.00355562628844584 0.14517876984774 0.316034289113234 -0.266133799072409
0.102507972833824 0.0449567905352083 0.135722404285651 -0.310728544943889
0.0852412357710569 -0.0576554562747462 -0.04820514681619 -0.292848015180342
0.0264718000833003 -0.103084976190556 -0.183024480621077 -0.190114540554347
-0.0432684533600024 -0.0922631372255975 -0.193841790525562 -0.113608353807535
-0.0725456494793796 -0.0685434338026256 -0.116826921933188 -0.113760069775985
-0.0736582848533394 -0.0756623184106954 -0.0610641418925895 -0.185129704431721
-0.0481904511742738 -0.119578196589661 0.0637795089772905 -0.237304334971185
0.04144404212133 -0.143053613720289 0.231498257740384 -0.198319645261527
0.14814450811807 -0.0856257840997539 0.302847523225824 0.0233288361783509
0.165076330299453 0.1085703831918 0.125526808134762 0.183849070906114
-0.0242865283321134 0.206066591418732 -0.0971465971785513 0.111470670262833
-0.142276286434925 0.115490825762906 0.0502510218513346 -0.232874129514371
0.103236657902416 0.0506088350034167 -0.0740394281242228 0.27475188596879
0.0496001328618278 -0.079511730379414 0.155727927134466 -0.0501391244835005
-0.0510933373938773 -0.07792462546128 -0.0996801373028059 -0.224394553895338
-0.0676885280580694 0.0270925182125497 -0.319785692727965 -0.0666610657460059
-0.0068095428074394 0.0498597901896584 -0.268990959665765 0.224269905936481
0.0131611189782788 0.0329311673929649 -0.0536275667892473 0.28427227188524
0.0229579191500868 0.0233821730193523 0.0727676809085856 0.205436663892178
0.0139561636273335 0.0103223818900311 0.139824615977903 0.142142061201953
0.00171601654468985 0.0125283204737247 0.185529240307725 0.117435541399501
-0.0186755397239785 0.00432483317398907 0.188520243001743 0.178662087640559
-0.00970636829529039 -0.0149821218004135 0.0746441565672035 0.264621445061642
0.00154865556925398 -0.0226047955803455 -0.124006282946037 0.282592916856676
0.0619795618466503 -0.0352267927126714 -0.261555203493524 0.25619018532294
0.0992821574125725 0.0415228398867585 -0.339411953497676 0.216597663913647
0.0602829696689111 0.14246417399058 -0.295792872989503 0.376111269841743
0.0455076110428154 0.193477578068359 -0.0935574877614423 0.243272583639556
0.0929749910732701 0.0380326691656698 0.165990733376907 -0.0490358526221165
0.0464543519051012 -0.0347048987185664 -0.0697369447222544 -0.261963295791687
0.0052016822001644 -0.0221611872368967 -0.334947518151276 -0.106598261641848
0.0195760406000632 -0.0315391863368765 -0.298085604074132 0.203018521843759
-0.00612092541657179 -0.0439573348628974 -0.0798611561064437 0.284236297259875
-0.0238427957021555 -0.0300129169551325 0.0613458993355633 0.212403261268337
-0.035912882442086 -0.0401069459510122 0.133848861321493 0.138371183387547
-0.0398432573029746 -0.0479803555194487 0.182370697459196 0.0954320362393435
-0.0307763743685491 -0.0939441288961082 0.20594465087189 0.139487149611853
0.0481304261890633 -0.107045415284223 0.132431395667931 0.236093909734623
0.109618182765143 -0.0437163109728355 -0.0509660645105562 0.286489453768999
0.160425910377445 0.0590766909232692 -0.210146773942179 0.28348501459487
0.106986685140994 0.206560671223204 -0.293998982949267 0.231248462767417
-0.0105200958711904 0.304277512587996 -0.259825521227016 0.330161888948912
-0.0428320474802717 0.310607268668578 -0.0838624216192214 0.170200168876759
0.102661985701634 0.17952801318453 0.192409165094042 -0.0641732724573141
0.142965706453195 0.05067492969757 -0.0117459750478875 -0.31350123495003
0.106221969354631 -0.0532508791679565 -0.328078514405177 -0.176619205986702
0.0650890897292396 -0.114992585643917 -0.320431697592436 0.146689296161006
-0.0163155595291772 -0.12738627677896 -0.118236855761491 0.2513268505948
-0.065097298594106 -0.0873967925402762 0.0274019204017814 0.1945761754574
-0.081660622608335 -0.0845755060796653 0.106654859260673 0.1158867121301
-0.0777452940989619 -0.0946197472432449 0.158633052792333 0.0532154616830474
-0.053909491702374 -0.168542696044131 0.209083405980436 0.0697570160968806
0.0698920694278402 -0.19524224146019 0.197274528972043 0.164995737562064
0.183736632434257 -0.103756406433378 0.05741455441283 0.266342558338437
0.268345631444249 0.0902481423563098 -0.124263471239242 0.306928954265297
0.152930533125913 0.31953935631155 -0.241438518241578 0.239227957815745
-0.0438687895463752 0.421856594010003 -0.207955687019315 0.244622006900228
-0.141743597130241 0.378665899115279 -0.0372412748452683 0.059129123168023
0.0680089767952177 0.31393293531577 0.228920456969507 -0.0953552823534489
0.208267904500463 0.164897158602517 0.0745282464649209 -0.356361425744613
0.2133135370233 -0.0502072027322905 -0.270791861217852 -0.260863058325486
0.12337943604468 -0.178444205435729 -0.314089631548414 0.0494397298195186
-0.0115152755507927 -0.201294999127264 -0.157276415565929 0.178966297511551
-0.0937849834461313 -0.138674517331285 -0.0223194531613709 0.150603456352605
-0.11554756517375 -0.115994117708835 0.0636341274897733 0.0770461847768178
-0.105794411329064 -0.121556925359787 0.117550928966946 0.00133569197719608
-0.0774989394390866 -0.208709659197146 0.189602428647642 -0.0120912051442163
0.0635051763119586 -0.255496836480786 0.237831282619852 0.0686635872167534
0.21144693801061 -0.169006825911538 0.159210238983581 0.208479507177393
0.343660478397224 0.0723468248781447 -0.0290579504451985 0.298325967162223
0.198177513784485 0.367360849934548 -0.194476564326396 0.2300950304035
-0.0533437083965912 0.475774032080406 -0.154550725824521 0.13232496955526
-0.220229539989628 0.375845441671098 0.0430083017656202 -0.0748161193528798
-0.00484141240753732 0.390442989143351 0.268202788039043 -0.136427217766074
0.212253665518771 0.267037082081481 0.172647526013848 -0.366638305613326
0.281813495513765 -0.0111335488813938 -0.161250495643543 -0.32375936961383
0.17264683868092 -0.198606843035115 -0.262679424708755 -0.0705693308005418
0.00426506224733879 -0.241397561009526 -0.183420299558595 0.0741942675082554
-0.105545176230508 -0.168909065667512 -0.077448985571253 0.0845172488500573
-0.133471088111112 -0.129707587804031 0.0125030340625893 0.0276822719942832
-0.119250293836824 -0.129493713300809 0.0652856097953477 -0.051994492972517
-0.0896469987796603 -0.216141477793566 0.15089670524696 -0.0873202778167948
0.0499450391494774 -0.273314700397633 0.246401455324865 -0.0299777391645529
0.207196805829826 -0.199968503431908 0.227397490350803 0.13367097232966
0.358485462869632 0.051367136307748 0.0440128581663816 0.261620699840571
0.199397712813799 0.362934627169896 -0.159351511793416 0.202818954526437
-0.0631215078242657 0.459510405650669 -0.107319352123457 0.0119318240491059
-0.251227284301706 0.302964281888564 0.138726801220791 -0.202724294280848
-0.0830041542877336 0.370473175991202 0.303299114868615 -0.17375874037632
0.151450067760826 0.300205607030106 0.252336711030619 -0.337939222675555
0.275596627719386 0.0359291283393954 -0.0298074777732625 -0.340262196808641
0.183966438282058 -0.173302178385506 -0.176228436337699 -0.176547009566898
0.0202554064886429 -0.233152815488936 -0.188225626761908 -0.0372304492433398
-0.0980329792642294 -0.170534110914186 -0.126108830058165 0.00837898737189327
-0.130494487097645 -0.124584911548831 -0.0386075811900062 -0.0258285026742244
-0.11725270267244 -0.122014196355632 0.0120280513072101 -0.100767342631436
-0.0846814206976297 -0.197800101531068 0.109420683077525 -0.148231093596297
0.0435183912486001 -0.250209655213575 0.233956783298762 -0.106535214826492
0.190195048766845 -0.184488496139289 0.260494803546771 0.0708932805284364
0.317973722429167 0.0568238025465864 0.0867769662585417 0.219306957078454
0.146793550151997 0.327602804792564 -0.133539901281519 0.166755680246112
-0.0877174212588627 0.381006139023662 -0.0602957273604806 -0.0970281767298918
-0.220598604157911 0.178921195811828 0.218241940459448 -0.30429825561437
-0.123302613284162 0.264939996355237 0.323896340459999 -0.196677135407467
0.0714789603444277 0.247520073780469 0.293744603166928 -0.290607299282078
0.201954251555352 0.0535477155991702 0.0766118061489044 -0.319518769448625
0.146948105968147 -0.119278347543145 -0.0930852682745854 -0.246133580414526
0.0265102071653115 -0.179402290300073 -0.181002873885574 -0.127761799501421
-0.0755771341044701 -0.140072599056154 -0.161346834409404 -0.0589771966888522
-0.107296750914524 -0.100259619074235 -0.0813574409965715 -0.0726575724398541
-0.100309151822626 -0.101365165848051 -0.0313143553920996 -0.142638399112322
-0.0681156288446663 -0.161480579131341 0.0761596798083429 -0.19356068794572
0.0424434014012564 -0.201240195160181 0.22134879838923 -0.159038504515796
0.169225187230159 -0.138703793151316 0.274967295632893 0.0335125439334979
0.245094980925365 0.0802844662580099 0.107716674236466 0.18814691770647
0.0648886473447957 0.272435459662598 -0.111561832559056 0.131833331100113
-0.11553013239339 0.25861364533814 -0.00899786535757338 -0.177219430973108
-0.144622825621304 0.0268583706505341 0.259474348862912 -0.360822290633843
-0.119013631846826 0.113337326019563 0.320167449077016 -0.203319642304088
0.00420752695343692 0.136493296252974 0.299266052013458 -0.251357021102687
0.0963949071217333 0.0421681191098279 0.13157601466942 -0.295292182713423
0.0789676095330043 -0.0549724395039298 -0.0467298427326871 -0.279550558465247
0.0237692835628513 -0.0979826402662249 -0.174925326810088 -0.178321140310097
-0.0417087875674773 -0.0853152353204808 -0.182732959433932 -0.103226847547959
-0.0681966384014886 -0.0636082921568293 -0.109773964283758 -0.106101552831685
-0.0695040163210081 -0.0697262592937817 -0.0577621187402735 -0.173470691393799
-0.046105891240706 -0.111337233978191 0.0594639996041788 -0.225263152044837
0.0384344302461001 -0.135605782734756 0.218145292734651 -0.189848920071018
0.137803935957815 -0.0814103282414912 0.284769993753923 0.0205467579757799
0.155013374872587 0.100804705624251 0.117259703286732 0.175074691093235
-0.0211030999665062 0.19504682444216 -0.0916874435745861 0.106982271118528
-0.132651432335413 0.110504792937145 0.0451087747938998 -0.219335955129576
0.100162683870464 0.0514068760899463 -0.0772129226334725 0.265360235195498
0.0497647016750312 -0.0759087812236699 0.152111091233774 -0.0441079749935323
-0.0489784423722857 -0.0761754399160316 -0.0911532672951329 -0.220229303453845
-0.0663029246539684 0.0255659202729838 -0.309825620602361 -0.0742335737013228
-0.00751276627958131 0.0477259434700234 -0.265158533579287 0.213431219170763
0.0121369824277812 0.0318742059133938 -0.0584368260740145 0.274199598145344
0.0212438884291514 0.0226720978296559 0.0639024173191445 0.200438844876071
0.0128997237844855 0.00967077962751786 0.132058288756031 0.13903234516185
0.0011844323215946 0.0112844347056418 0.176396894153717 0.115205277957613
-0.0175016290251862 0.0030598366105597 0.179663910509632 0.17383488982474
-0.00926794267900301 -0.0155476417605518 0.0666684227850439 0.258729660229112
0.00285178980851758 -0.0218129283193536 -0.127609199692322 0.274077247692631
0.0599129702656983 -0.0329368799882519 -0.260342078935707 0.241192072646106
0.0947961109379947 0.0420141908028568 -0.334897953804195 0.199392065236205
0.0557648602091218 0.139644770604333 -0.295989978939065 0.355955433504683
0.0406181600488547 0.188973007852633 -0.0951038432734047 0.235299926632702
0.0895100921475815 0.0391039917004515 0.160981999390737 -0.0423566075451069
0.0444947775538871 -0.0330609949219415 -0.0614195005851687 -0.255793098230075
0.00458692484646446 -0.0209665753899232 -0.322361853827456 -0.112889322078931
0.0197137337138932 -0.0301213395368907 -0.293200831124894 0.1915119981034
-0.00544039593908485 -0.0429205810484144 -0.0832581579583538 0.273352281130894
-0.0230257301242397 -0.0291354009188109 0.0534653257499401 0.205100479000618
-0.0338175805648121 -0.0396639657913635 0.1257579666217 0.134796138659306
-0.0374047210640949 -0.0489364336331854 0.172804109979683 0.0939446876827749
-0.0285592511443772 -0.0917054575593782 0.197241742454007 0.136408697245498
0.047437075158164 -0.104174916456234 0.125383452022829 0.230706912133119
0.108005110224651 -0.0401971091930666 -0.0571952106500111 0.280072159857876
0.153394439519921 0.0613260340349671 -0.210987623732692 0.269535581968254
0.0996195935503522 0.202580857712968 -0.292027582922855 0.214484041956472
-0.0154285366752778 0.295307636945079 -0.260188237784398 0.31311965659426
-0.0472240938319374 0.300689220732731 -0.0854611889763059 0.16551581773729
0.0952703042318756 0.175858872320871 0.186542942637076 -0.0557074768972478
0.13689838688933 0.0511372732996184 -0.00365869607612208 -0.305277680501917
0.103089283179952 -0.0491624534639121 -0.312615484424264 -0.180934546012481
0.0645333958254655 -0.110279402838977 -0.312847787576157 0.134819952978179
-0.0141939562786142 -0.123545818419682 -0.119533187796054 0.24125627969254
-0.0616692977378398 -0.085719363753391 0.0221094080923325 0.187735150963996
-0.0774128828806442 -0.0826989646096535 0.100823597569185 0.112344477617364
-0.0731024573583309 -0.0945542035775812 0.151214103905391 0.052819558201555
-0.0502865512458287 -0.164444326823414 0.201252540362546 0.0685636686467748
0.0692830451865653 -0.18857868182601 0.190138052269831 0.162835447787896
0.179851128379795 -0.0965991510187968 0.0480606462711963 0.261253732599564
0.256664433664893 0.0916001001933508 -0.129628508132412 0.295747950881619
0.142635628425326 0.312740831138668 -0.243282473796278 0.225736582823251
-0.0516947041525527 0.409835174262542 -0.206988776097465 0.233171208367755
-0.145309558562632 0.362876748940191 -0.0384211471654017 0.0589962837548446
0.0595165437041288 0.305029939881428 0.221839229036932 -0.0846119721555021
0.198500272702165 0.16323725658712 0.0816062607557748 -0.345054589649508
0.206534117203294 -0.0441805504138474 -0.25434712246608 -0.261123430554068
0.121437015203262 -0.170265716376654 -0.30508321673974 0.0388200447181833
-0.00885994152757228 -0.194688302827093 -0.15641869621535 0.170580377240034
-0.0889104236450861 -0.134919482348683 -0.0242700128895088 0.145318630428561
-0.110309008742299 -0.113648468082741 0.06037496353927 0.0745796733846188
-0.0994299704656218 -0.120934314399449 0.11253440485305 0.00231474744773013
-0.0724375691962734 -0.204101603982992 0.183413230899111 -0.0106233985525416
0.0637040860821433 -0.247401043022512 0.231590452281885 0.0683539416850593
0.207655686364517 -0.159547913338877 0.148641928253741 0.207178937920956
0.329937316973111 0.0754114987209296 -0.037448200868117 0.291497618482403
0.186126415411152 0.360592983677609 -0.196950637644272 0.219538215904144
-0.0621522185436237 0.461942028883212 -0.153953677885715 0.12580581578954
-0.222186609044942 0.360594229075689 0.0428456990390107 -0.0687712036495512
-0.0131615611296064 0.377687557816995 0.261339906105307 -0.123252501561787
0.200188286791444 0.262020045973187 0.176731177080652 -0.353137053008617
0.272598776059588 -0.00528937086078712 -0.145854873131793 -0.319114915404778
0.169355353869201 -0.189668432300199 -0.252528599079347 -0.0771122739488327
0.00728801574963943 -0.233606540158227 -0.179764172748812 0.0690527030848453
-0.099695853220421 -0.165080710466714 -0.0757890721584322 0.0801146504409728
-0.126123219313502 -0.126444890628124 0.0114629493000864 0.0254041941166663
-0.113131926176138 -0.128419749673352 0.0629042095939715 -0.0500502695586081
-0.0833930175628913 -0.211554839924988 0.147959224185489 -0.0840239671545947
0.0513356239985788 -0.264749600373334 0.24079856823058 -0.0262494822906128
0.203819651266813 -0.189465676284215 0.21688639638204 0.135261105211347
0.344477775901675 0.0562622145983571 0.0348793082441957 0.257973948376138
0.187449757267156 0.356536919129228 -0.161721296815911 0.194071875303963
-0.0714814334101709 0.445977276702166 -0.1049752527427 0.0102513051276984
-0.250027465528074 0.288574411114927 0.13877686395164 -0.191121062652387
-0.0885998530362379 0.357183322936953 0.29708239745159 -0.158392304465212
0.140375035573053 0.294425169530323 0.253721874910384 -0.32357283509895
0.264555164717909 0.0393053366173136 -0.0180790950668096 -0.332095430924299
0.180453911856626 -0.164147331470537 -0.167035723535505 -0.178621376027999
0.0227229742456224 -0.225519900282946 -0.182898053677356 -0.0390293930686933
-0.0925271018496131 -0.16619734248564 -0.121403572792795 0.00713765796114029
-0.123406878397983 -0.121264611951881 -0.0367428226714613 -0.0263451944386808
-0.111088460000215 -0.120811183903173 0.0133788904508339 -0.0976053253194441
-0.0790796688421716 -0.192932343855286 0.108598187849616 -0.143084026489917
0.0455629293852105 -0.242228332116107 0.230257546593663 -0.10172208438187
0.186579421517164 -0.174626460391896 0.249730552970247 0.0742664357326433
0.305538907525971 0.0599241479925493 0.0773885354431594 0.217660656042606
0.13792352356524 0.321906067504032 -0.135150839586615 0.160749150387667
-0.0915753718153688 0.369235870823458 -0.0570146457548708 -0.0944804004636396
-0.217710907057934 0.168886186307661 0.219871909434288 -0.287846511832594
-0.125369791561889 0.254561800627728 0.318538727872422 -0.180929729660302
0.0633526625950905 0.2403170752216 0.292742350040476 -0.274817853721426
0.19364472600328 0.0558043069145392 0.0852902896750983 -0.309723442577613
0.143761676555889 -0.112768295936486 -0.0856409558224209 -0.244497984980499
0.0283858341438311 -0.173731509990607 -0.174740048087657 -0.127146094742891
-0.070999069050906 -0.136651120812584 -0.154987501187696 -0.0593019413593677
-0.1010078258267 -0.097465790270627 -0.077692497150966 -0.0718031864953373
-0.0949991320517496 -0.0994744273242946 -0.0276553696953959 -0.13887697364268
-0.0628956202604451 -0.156942004404827 0.0775649565142343 -0.187248944790852
0.0439084671453736 -0.193802531521127 0.218471990353664 -0.151444812942172
0.165055503034809 -0.130181449417027 0.265227140049872 0.0380478905853461
0.234092591109843 0.0819595320711057 0.0977752746936108 0.187624234064978
0.0587347433080855 0.265199539132139 -0.112287190901452 0.127053986686236
-0.11715746056664 0.249465824261862 -0.00601290539944916 -0.171052959775756
-0.140630622358719 0.0236730321065755 0.261031983941645 -0.343240402562908
-0.117589437015292 0.108551430739503 0.316005396520576 -0.187270914971696
0.00068826576996285 0.131387414128155 0.296834080934372 -0.236497832237418
0.0915595828326371 0.0425021920288719 0.137669323690577 -0.285773256789503
0.0764917743392138 -0.0514918700156566 -0.0402574918121374 -0.274416633600124
0.0249143802859132 -0.0948355847879847 -0.16650539879322 -0.176194348407555
-0.0389355012376262 -0.083221966576776 -0.174550877745683 -0.102002583173907
-0.0640340135601244 -0.0611249965468729 -0.104662737664251 -0.105483155656477
-0.0663084568933277 -0.0683038369929201 -0.0530718915506486 -0.169052030950565
-0.0426959373849709 -0.107208134571939 0.0618610893680498 -0.217693898734766
0.0394465927018353 -0.130888058437812 0.215708660310327 -0.180962028685545
0.134568039331678 -0.0751372256587505 0.275263584178845 0.0261672123364874
0.147363206754175 0.100254284958147 0.108205308398555 0.174448002947568
-0.0231194354102234 0.18831316292601 -0.0911528678472017 0.10320007432668
-0.130220311109744 0.104126308555923 0.0477097953881917 -0.211025374294166
0.100385445455283 0.0539798502513521 -0.0836079777557985 0.265909813047205
0.0520033259994269 -0.0750516697302594 0.153935065459362 -0.0384571837882897
-0.0484008849157432 -0.0772618061918948 -0.0848476937317215 -0.224112242159009
-0.0669175166374009 0.0254673742936193 -0.31092852951402 -0.0842102675735063
-0.00754784400261736 0.0472611200822919 -0.270234041411103 0.209583615871171
0.0110632161909388 0.0314118720196418 -0.0648819569067326 0.274838205161396
0.0212876226224459 0.0232734865037942 0.0566494076462531 0.202338986675232
0.0123990965031648 0.00969591174415005 0.12873487534574 0.140594776985501
0.000678505305010142 0.0098140282644502 0.173635665647965 0.117617933647829
-0.0178706104429475 0.00167986629160559 0.177181722305987 0.176616456946273
-0.00921778919299027 -0.0159466366244588 0.0626867851042175 0.263143123844018
0.00441658646307186 -0.0219797145607277 -0.135757281503977 0.275472760448858
0.0602874287270092 -0.0315106292152336 -0.268600951515542 0.234822519060755
0.0938307432232389 0.0435120491458194 -0.344858069794215 0.189549943571576
0.0535017030364985 0.141999219666963 -0.307238707672739 0.3530507047313
0.0386200466273314 0.191403345017221 -0.102277644834364 0.236711137176182
0.088959150932996 0.0406549964556946 0.162254938967525 -0.0364891190095683
0.0440429209355596 -0.0319939784470525 -0.0546787366268093 -0.260099705881096
0.00441887131402173 -0.0195740228146151 -0.322117719324025 -0.123365280763943
0.0206079746781146 -0.0308241912240442 -0.297930928439291 0.186679348559207
-0.00540882442518951 -0.0435040849435288 -0.0903717709430145 0.272598825355923
-0.021687996237561 -0.029873238211601 0.0473671913362113 0.206129260435808
-0.0335446523930733 -0.0402167239088325 0.122404520255536 0.136709128797075
-0.036656281453505 -0.0506643732837028 0.16990403521804 0.0962287035314928
-0.0272979552542846 -0.0937155281924236 0.195589171733188 0.138657592340436
0.0484371862433457 -0.104002673978983 0.12200812680627 0.234599220159056
0.109814667743537 -0.0377930332505306 -0.0657616361982663 0.282695233876842
0.152039017605666 0.0649842792006728 -0.220675756853512 0.266551431095185
0.0957206380593994 0.206189063038738 -0.303229369561864 0.206984537219365
-0.0225817323240959 0.297797012588404 -0.27162115961232 0.308608620507591
-0.0520613221745906 0.302425735910622 -0.0896848968395482 0.167141207383568
0.0923321258726306 0.178111836390271 0.187989437539079 -0.0491105209129591
0.134970688428669 0.0536907627575624 0.00509807621207723 -0.308435931440437
0.103623423639896 -0.0462634903421893 -0.308524233852474 -0.190985004111133
0.0664766489996611 -0.109760375334536 -0.317064235807763 0.127344032167158
-0.0123091602192086 -0.124748481764563 -0.125703626065005 0.239341052249363
-0.0605717075636464 -0.0867106184399451 0.0169065151425521 0.187726486994086
-0.0762920841590413 -0.0844633424576782 0.0984097874461918 0.113567579278083
-0.0710124062643114 -0.0975049455749332 0.149459967952676 0.0544243371699341
-0.0484331991444558 -0.166176027587881 0.201237488640546 0.070294440783287
0.0715990467738052 -0.189688681531598 0.189629615651961 0.165976652517989
0.182529092474338 -0.093952742521458 0.0397633066670314 0.266473333166327
0.255712403670595 0.0988116454596921 -0.139176103822843 0.296040415409855
0.137172756574997 0.318629936981767 -0.253327089344231 0.220893297989542
-0.0609620009355443 0.413364825311719 -0.214614481124934 0.229768502368861
-0.153267901066814 0.364262652190534 -0.0406808331571889 0.061314204788676
0.0528824416176685 0.30843697117984 0.223755899623861 -0.0766845803365083
0.195284358492584 0.166829236129394 0.0916632814965413 -0.347269293594143
0.207390918911314 -0.039639937343147 -0.247748314940827 -0.270692293642507
0.125010115344304 -0.16900823082583 -0.307212809475109 0.031183247897905
-0.00618780049639403 -0.196378648504713 -0.161130826828497 0.168485403082619
-0.087113964304882 -0.136912683894331 -0.0273256098086538 0.145222444918363
-0.108252580406926 -0.11526300229054 0.058379111272318 0.0741542375005348
-0.0972321156917362 -0.124436769055612 0.111745848814331 0.00312542247266188
-0.0699359453615017 -0.206861850553462 0.184285623140851 -0.00978152335543551
0.0665698350918417 -0.249379996586392 0.232518350812896 0.0707532932034838
0.210995092325375 -0.15628687666846 0.143489142813314 0.213929702640528
0.329675475954405 0.0828131195729461 -0.0474254329216173 0.294161267713012
0.180863515912806 0.367402920384645 -0.206578978490977 0.216909325343004
-0.0733439237037185 0.466757705123462 -0.15865863571154 0.124006247848052
-0.230681981733157 0.357863035231615 0.0442152365966435 -0.0660262927285273
-0.0213506747814934 0.380400022323883 0.265229337893583 -0.114006870456859
0.193791276150818 0.267788183960039 0.188191047158311 -0.352794224811717
0.273456722913873 0.000692701240522929 -0.135684973694921 -0.327000580496921
0.17341014499132 -0.188105632212789 -0.252358850040824 -0.0856444692434854
0.0105752172684658 -0.235241954796958 -0.182730741403248 0.0660588408028955
-0.0975286916855506 -0.167542526950062 -0.0769444225001576 0.0796115012874513
-0.123993706462125 -0.128415384053275 0.0104425679446567 0.0249925154615109
-0.110713465306264 -0.132237754381359 0.063221942486668 -0.0499946420414826
-0.0800598977103903 -0.213758794309543 0.149468211088337 -0.0835361024489873
0.0547067795023597 -0.265956029878109 0.243539206165988 -0.0254232833639058
0.206867294530983 -0.186251752152241 0.213761020784897 0.141855306645247
0.343364704870234 0.0622180484993205 0.0262522640952447 0.263921996009144
0.182733684756981 0.363414700993422 -0.169645220158391 0.193116854884109
-0.0818053136094393 0.448782911755822 -0.106782389014749 0.00874352223699967
-0.257532116526061 0.285333633432702 0.143941179031356 -0.188017431253446
-0.0966165207216792 0.357902976531361 0.301992235425577 -0.14879195850783
0.133956666662646 0.29777535103865 0.264516722867079 -0.320101357975731
0.265012587891794 0.0455288562737014 -0.00638329367623675 -0.33790720918349
0.18318704208104 -0.161466225732443 -0.164496923569005 -0.186421796362656
0.0259696741516161 -0.226031532608543 -0.183960763000429 -0.0430562416207748
-0.0902705596924763 -0.168060228720312 -0.121452737085953 0.00552190897922196
-0.120778234962123 -0.122159305741027 -0.0368429078003434 -0.0279902854587225
-0.109109640423427 -0.122913710764036 0.0148433552739983 -0.0986343714392279
-0.0756490355589484 -0.195187533920602 0.111287295503001 -0.142986532399003
0.0486504133733318 -0.243631300545323 0.234425741917543 -0.100300882742892
0.189931845488639 -0.170856440696698 0.248573837181863 0.0813836026961282
0.304086256766836 0.0649604263054076 0.0708579535734557 0.223694599365713
0.133219120477054 0.326214678654244 -0.140813931994916 0.159762470357508
-0.101589590679522 0.371156183842013 -0.0559406874940848 -0.0948716888464515
-0.223198549362876 0.165474976295815 0.227739386284316 -0.28387453881631
-0.131024613784786 0.253611218458352 0.324952285000784 -0.170011948111885
0.0574232025610071 0.242346402088761 0.302843276743994 -0.26970736918004
0.192606237917247 0.0606604687876977 0.096439527736739 -0.312655485933194
0.145798546218673 -0.110536538240263 -0.0809817321503234 -0.251371395855482
0.030686615340471 -0.174811161369861 -0.173897180707367 -0.13081973597326
-0.0685936900179665 -0.137592647761049 -0.153819377523529 -0.0608571296938739
-0.0985404742719936 -0.0990255529498085 -0.0764152485542615 -0.0742788757128726
-0.0933324485096659 -0.101142607995471 -0.0252333544881316 -0.140008928953948
-0.0601394844138596 -0.158348336984054 0.0812949779859014 -0.187737301933208
0.0477637489193678 -0.195121393341076 0.223283065912889 -0.150832926087819
0.167764748738129 -0.126751758199813 0.264895865225683 0.0451488673927786
0.232174009218017 0.0867444933318715 0.0920812605882392 0.194076794623168
0.0545021105168374 0.268578836602614 -0.116799746522843 0.127011831491979
-0.122425249374555 0.248954652981795 -0.00327426021176161 -0.171478791735712
-0.141907051341913 0.0213179856587537 0.271524954328736 -0.339858671471818
-0.119770297795956 0.106930651898636 0.324237614563935 -0.178101136367955
-0.00215698274617445 0.131340519840572 0.305318355778692 -0.230997134404733
0.0903533873384879 0.0449816251505244 0.147540792410511 -0.286519383108712
0.0772038821390298 -0.0499395533158601 -0.0357132230803397 -0.280169264951139
0.0261626286264124 -0.0953153683799852 -0.164696999588154 -0.180036866876654
-0.0373692268995444 -0.0839126437036538 -0.173206292797611 -0.104603954821401
-0.062096093921988 -0.0612178269997457 -0.103384654743208 -0.107849747318152
-0.0653201681563894 -0.0688666989248846 -0.049316017440893 -0.171052077428359
-0.040484037010366 -0.107531839360313 0.0669533132967583 -0.218097592252796
0.0422297863076897 -0.130816781060441 0.220202512933613 -0.179082229914764
0.135527961904284 -0.0724675107285136 0.276284856571003 0.0333787319573275
0.144259955391886 0.103226471290836 0.103052785444726 0.179830864150826
-0.0264223545127735 0.188637211925597 -0.0943195022352402 0.10269555139419
-0.132485692022086 0.102064245763301 0.0513556076928042 -0.210649321283055
0.105949750937091 0.055528346149146 -0.0858965362860367 0.277108991681466
0.0545710799292652 -0.0776876919494919 0.160631978565006 -0.0386715402777531
-0.0507928216237466 -0.0790644930507666 -0.0886105048551345 -0.232319157603574
-0.069020280712117 0.0281423199303384 -0.324360628792122 -0.0893901143140859
-0.00669230585421435 0.0484934816674206 -0.279436565053343 0.218217864897376
0.0108685986454665 0.03216695062705 -0.066519674568048 0.285346823801639
0.0228632597814015 0.0240425067491237 0.0559265838576686 0.210919966103011
0.0126495117130975 0.00930833828101047 0.132899745315707 0.144811489681003
0.000459522926776479 0.00874608500685028 0.179379687498877 0.120267621827653
-0.018261008512359 0.000943325764436048 0.184598510982359 0.181009371961803
-0.00982833692937898 -0.0165904305554365 0.0667365441198551 0.273328005764174
0.00521194972556322 -0.0221465198522518 -0.141650129235368 0.288650741846135
0.0617847696935098 -0.0321341535338902 -0.279223943096108 0.24345345129868
0.0966477062799274 0.0440914922662589 -0.360308989695136 0.19462773860146
0.0564446182752959 0.147221029648522 -0.321065061290743 0.365515574296149
0.0421782437848169 0.198567223007557 -0.105289618594367 0.247954767012229
0.093093027225943 0.041975653980717 0.168770118162618 -0.035199315276086
0.0453358436432146 -0.0330258222639974 -0.0561702586599477 -0.270498192490735
0.00429193665509478 -0.019011849523557 -0.334533671746409 -0.130189545894973
0.0215937323823325 -0.0325479859616053 -0.307957521399787 0.193978721854239
-0.00639482713644864 -0.0446300558703978 -0.0920042478256937 0.283681228373394
-0.0226688010581135 -0.0310377585426128 0.047066969764301 0.213045462528233
-0.0351215395647531 -0.0414304368116442 0.126753783155236 0.139531655450179
-0.0386925942864955 -0.0537198964398936 0.175235829522407 0.0973996050532853
-0.0298827723551345 -0.0974489041933541 0.203420640180719 0.140779537619399
0.0488146557860288 -0.108617548136472 0.128299925753974 0.242792269315359
0.114566585050311 -0.039713886107455 -0.0692458275225899 0.296058619903347
0.157692069404457 0.0674835752091925 -0.230388167629095 0.276899095287175
0.0996541048096031 0.213034003857397 -0.318489929048212 0.212425979781184
-0.0228208373020655 0.31000076801979 -0.282739299603596 0.320635128158193
-0.0525973438071547 0.31406357054293 -0.0934523159976114 0.176705292350149
0.0966137079412422 0.184308416986734 0.194650208349765 -0.0470884698888998
0.139192773801467 0.0545495862737446 0.00650612393027435 -0.321113043209865
0.106390917435429 -0.0475389605459706 -0.31956739765888 -0.200238500371722
0.0683373919751066 -0.114427315100252 -0.328936908152635 0.132528674691778
-0.014115954141992 -0.129047624799967 -0.129139623072518 0.249367332012493
-0.0632241666011457 -0.0896184517498425 0.016739356192757 0.193733267367512
-0.079441849587221 -0.0866192258798411 0.101886075446151 0.11562182436514
-0.0741992128831368 -0.102146991055472 0.153432799784076 0.0541266228030667
-0.0522060414010773 -0.172955630804935 0.20844259591609 0.0697925086329103
0.0714736371187496 -0.197381868350557 0.197926579414198 0.169616359113637
0.189613555203249 -0.0981359964732787 0.0407281506377484 0.278995768014979
0.265123299171064 0.101114514509507 -0.146449912962609 0.309843876157646
0.143427005702821 0.331128649953687 -0.265922266743625 0.228911285787812
-0.0630597526314329 0.431252664893565 -0.224441270981925 0.239092109576343
-0.155984425990985 0.377769029276984 -0.042650255627874 0.0661084189250955
0.0557738221569887 0.319317988258259 0.23195104176257 -0.0754797772212452
0.201767009775937 0.172534462492282 0.0969605609310459 -0.361960393588053
0.214268284687992 -0.0407744085768573 -0.255684339199171 -0.284220874264142
0.127517356111172 -0.176769495189743 -0.319775436257411 0.0312347081353977
-0.00813049732685639 -0.20367686035055 -0.167127099012071 0.175627763076687
-0.091105612514881 -0.141057096069431 -0.0279220592166743 0.149537272640359
-0.112305375947413 -0.117583297834315 0.0603559130843367 0.0752718911897642
-0.101364222247346 -0.129582105272846 0.113491295667835 0.000619247606590815
-0.0749377363027763 -0.213606142730569 0.190947179726641 -0.0126989768728974
0.0657717619614698 -0.259088764187641 0.243178981402473 0.0697267893865804
0.21762294796432 -0.162465304297183 0.14818175269457 0.223865216862673
0.341947599333942 0.0845286698442469 -0.0510692145108058 0.308155825598098
0.189439901030031 0.382203815429034 -0.217004541337379 0.225660993722501
-0.0751036852539821 0.485939407371517 -0.165535785091064 0.129374361269937
-0.238128862832587 0.373844721357918 0.045661077144865 -0.0657061451703026
-0.0208338754941091 0.394918305970321 0.273382122900681 -0.114159621010144
0.201280292424622 0.275929794064755 0.196281974411043 -0.366766825077618
0.282446814592796 -0.000336587883749393 -0.137990377522551 -0.343091262974173
0.177440686804411 -0.195913825288205 -0.262500337440204 -0.0908844015618538
0.00836921989687304 -0.244067096369113 -0.189437487844142 0.0691967007231449
-0.101690093937179 -0.172297656622495 -0.0792534491453076 0.0829770783133162
-0.128516934744574 -0.131372638566047 0.0108306472908017 0.0243884385888276
-0.114887700592708 -0.136786119379794 0.0634091241099474 -0.052857484419965
-0.0849852086557212 -0.221418103271345 0.154578547270246 -0.089722646417347
0.0530991583800857 -0.276932267857584 0.253819112281619 -0.0301239998098157
0.212462573402378 -0.193702748209161 0.22062093120293 0.148537893743003
0.356274784182532 0.0624497340819529 0.0255678175768121 0.277176493855343
0.192533409175142 0.376560062210009 -0.178684172447756 0.202111883488353
-0.0828805433771936 0.470173127249646 -0.111564568351533 0.0100287786982022
-0.26698317760262 0.297902257488959 0.149624266291939 -0.193752345542264
-0.0994501076741826 0.373390879551907 0.312335854010284 -0.149705887233479
0.137835541926263 0.308939359197297 0.275918522861615 -0.333414760647022
0.274214965889076 0.0467006799048674 -0.00406880582433501 -0.353645813092907
0.188417581493728 -0.169024548594784 -0.171810139609529 -0.19762253919438
0.0241773369731335 -0.235761609762898 -0.191736551549358 -0.0433004872113064
-0.0942519421006517 -0.173414977543481 -0.125000885395273 0.00636246698196218
-0.12429272936047 -0.125465690151062 -0.0381051501649557 -0.02903933034761
-0.112886280457105 -0.127380373749115 0.0134924211079098 -0.102825688799055
-0.0791186858778695 -0.201858663137982 0.114031380582032 -0.150504641245898
0.048754331360781 -0.253257532042869 0.2440950977767 -0.107947529449831
0.194882494095693 -0.177847154264882 0.257674336979427 0.0847692661389341
0.314045231704664 0.0660639329126984 0.0716920288626329 0.235790736135457
0.140930734886104 0.337442701416192 -0.148274016302311 0.16812755884252
-0.103513883843036 0.386498722971156 -0.0590752247410904 -0.0975929108592163
-0.231067866827356 0.17327478674137 0.237203498558725 -0.293884603038175
-0.135375674533487 0.263836160119924 0.337689001661045 -0.172871402202471
0.0600014558706051 0.251246659343809 0.315530622089019 -0.280676652616539
0.199739237820718 0.063042233023754 0.103027397049659 -0.327400813499152
0.149664142088088 -0.114891014715584 -0.0853631681270839 -0.26438425130793
0.0299263321297144 -0.182657791182238 -0.181525531290538 -0.134775033093688
-0.072230833721872 -0.141437622766392 -0.159167607407706 -0.0621971362512506
-0.101631771725588 -0.100341833459762 -0.0799310000408567 -0.0765748127537043
-0.0968529985940881 -0.104167209260385 -0.0275760839478794 -0.144949470303551
-0.0633509485614925 -0.163318392402332 0.0836341533317193 -0.195705804478862
0.0477081922636981 -0.202782160655512 0.231809711355142 -0.15867700783828
0.172728092770726 -0.131742363148729 0.274324263804267 0.0466913735037693
0.239133292463296 0.0889346513671186 0.0949591514792444 0.204104827115419
0.0581588514200571 0.278490142281305 -0.122142686773788 0.133521915537315
-0.125888442518723 0.259073670896536 -0.00402285401421685 -0.176643490329591
-0.146778320808274 0.0230464729181836 0.282515381161747 -0.352110707018336
-0.122765051907012 0.111580761920843 0.336882092108275 -0.181662147713349
-0.00285174811099995 0.135471590498344 0.317925521663708 -0.239715355951062
0.0932541892612135 0.0467456656530014 0.155817732604985 -0.299941535535871
0.0789811903140252 -0.0518344570459323 -0.0390633166683173 -0.293954953439548
0.0259864629815296 -0.0999727336216575 -0.172808465872412 -0.186853368766364
-0.0392214306674661 -0.0859277015137822 -0.1797543270192 -0.106714536059847
-0.0629945782794183 -0.0618842154718557 -0.107181055515273 -0.11120450297722
-0.0673259030144217 -0.0693964212961807 -0.0525770721618066 -0.17634590802716
-0.0422715821892655 -0.110432127389526 0.0688116296755428 -0.227658043029347
0.0432587021051769 -0.136438038436443 0.229000515760778 -0.188126350716437
0.139603031881502 -0.07485157526973 0.285991099050393 0.0341873382189749
0.148735511984853 0.10622010376217 0.105609331715703 0.18938582917916
-0.026559341187292 0.195758753248448 -0.0992530456321938 0.108023764293106
-0.13595985341721 0.105009481305604 0.0518139331795227 -0.217619426237321
0.120400983656889 0.0367057192987216 -0.0506749036966503 0.309485083743525
0.0452214003557862 -0.0881443003937638 0.16238837127527 -0.0606293640594765
-0.0631588217662469 -0.0718206602217688 -0.124337088692211 -0.224764840771325
-0.0632556515019845 0.0365262654793087 -0.349136529407748 -0.0359737570601211
-0.00166493957555003 0.0453974342946316 -0.248715038500807 0.2721635609622
0.0147733685773211 0.0298754815638233 -0.0220553721564281 0.30677326058761
0.0269354396061683 0.021008799371351 0.0936925676408702 0.21077567898561
0.0128460292314423 0.00761811704511197 0.15718585146649 0.127161371607312
4.66966685290704E-05 0.00940633551678455 0.203908450445286 0.0949277162959338
-0.0209337146372834 0.00377459635583993 0.219810940465615 0.154667268480583
-0.0157565646889376 -0.0157053905816681 0.112064319693158 0.274158993481408
0.00417065672928424 -0.0260629355820151 -0.103203073056666 0.325830556836752
0.0568562764406349 -0.0435295295875397 -0.251752086562666 0.295604130859865
0.106656995820124 0.0281024472634692 -0.343565256002796 0.252770729083488
0.0840021455991343 0.140360007280474 -0.278415499830218 0.427658489318088
0.0795653952847757 0.197781990970152 -0.0811744967789775 0.269970806604205
0.103229057499539 0.0307788787981923 0.167110463566333 -0.0617724926897962
0.0429624737937263 -0.0393928574644184 -0.103782857521381 -0.270028074157771
0.00518524849921607 -0.0217207209350914 -0.369210355537852 -0.0738722079827498
0.0154426948681285 -0.0413417542025736 -0.284575829808751 0.256430786468176
-0.0149245393942412 -0.0470653171707231 -0.0473764731983462 0.311586183337563
-0.0280074630331769 -0.0287442540692399 0.0852602454390052 0.216098441955375
-0.0437394433848153 -0.0373537266146795 0.150672335020581 0.122122288735344
-0.0493639992039672 -0.0489791112864733 0.195531764275712 0.0716117379769689
-0.0480644338521288 -0.0937007495070893 0.230712064356379 0.110532662659874
0.0285816698745833 -0.118087351340259 0.171017762143771 0.231755705351453
0.112746796118097 -0.0599562096163047 -0.0283071616986436 0.321799919414363
0.171280926975349 0.0415210299809443 -0.196177533855757 0.322141676177478
0.136158669235 0.199394294658308 -0.292141765950299 0.266720009478539
0.0286447789714438 0.318447197059034 -0.245218341844211 0.378067903805952
0.00121712652863153 0.337206366235061 -0.0825180726755425 0.179896855865622
0.128251873023964 0.179794933941939 0.188023139707719 -0.0829725965223488
0.154600082012243 0.0374719795428966 -0.0555277401926708 -0.336383012208967
0.106525648731572 -0.0655157709871844 -0.371296767775316 -0.148260700457938
0.0513843399434706 -0.132739962564319 -0.318185742397476 0.200600681008948
-0.0360807183273445 -0.133070112615566 -0.0910563861065235 0.286584966586562
-0.0783914659357246 -0.0821742652524869 0.0522091148381889 0.20229352280243
-0.0955360511925598 -0.0757467696890821 0.120893705328707 0.101156808023881
-0.0930335639446254 -0.0923224374634603 0.164608195397721 0.0306691994841925
-0.0825992251319203 -0.166299283238463 0.223603532780354 0.0360879530676129
0.0365832135959068 -0.211473070822232 0.231000591226959 0.145317461221858
0.179578251327938 -0.130385648054113 0.0815148491469877 0.286437733719947
0.286737384570463 0.057816600493753 -0.104809135129873 0.340627822709699
0.20027988646404 0.312774759436407 -0.23350137334365 0.273665348174091
0.00741451346914971 0.448330548601711 -0.197762784844541 0.285156644964114
-0.095910869841906 0.425708027091557 -0.0451636109487224 0.045547767409534
0.107015225289302 0.326508569745846 0.220048079371025 -0.123846598653784
0.238629538670705 0.151162196993312 0.0253814749349388 -0.397788234730199
0.219880864815853 -0.0737705962550595 -0.323906166226678 -0.246295658626781
0.103580803123255 -0.20504790352715 -0.329265215960339 0.0967785351713247
-0.0414421268570563 -0.209674983551475 -0.141329184558548 0.219807038847264
-0.115107971283518 -0.131387579926977 -0.00213628250530639 0.166130135347238
-0.133662058054783 -0.102665585871845 0.0736339742168736 0.0665393780655349
-0.12498247089097 -0.11617171930933 0.115970626120321 -0.0177611541599796
-0.111947762200599 -0.20488117929381 0.191086655894805 -0.045832828106595
0.020986492312292 -0.272253097035593 0.261638222872088 0.0337881629805871
0.196890875738015 -0.20063072648361 0.182460590992731 0.212316432075606
0.361326681340449 0.0267434524900735 -0.00696891506803939 0.324655509235442
0.256574199838812 0.356698776218085 -0.181888918783553 0.263356306322053
0.00207859629308148 0.507275675186459 -0.152448495878373 0.163021543275673
-0.182836261240693 0.435680837488019 0.0281362294215652 -0.112730683098574
0.0375203964175274 0.417827091303483 0.258103226589533 -0.175845672218602
0.252422986008933 0.25924436385148 0.125088037243481 -0.426251345957445
0.295716946888672 -0.0402670434785552 -0.216847228978464 -0.329857790310727
0.153217452337456 -0.231124494618991 -0.296401734815066 -0.0387759810243275
-0.0308509781783919 -0.25393336388182 -0.18366907778242 0.11554562704337
-0.131273958821935 -0.162450100201936 -0.0670195585913848 0.107210283217489
-0.151819091573292 -0.113747488185928 0.0145082810290755 0.0226921961129426
-0.140147019431424 -0.120785249705222 0.0555037087887183 -0.0652920383512363
-0.123034223790625 -0.210856789262166 0.141284671258263 -0.118513568204108
0.00672149987634752 -0.288426960956249 0.257087758789221 -0.0715373938024642
0.186945154580268 -0.230463810232505 0.246904794706753 0.122087393798337
0.371624052940687 0.00257862650212422 0.0666869188518226 0.280595712836877
0.257403372827399 0.350863727282477 -0.145120619117295 0.234131086480567
-0.00880448188230574 0.490419485575602 -0.115369373194525 0.0310171990570526
-0.22627709312151 0.363316484064923 0.120425954571517 -0.261677869496372
-0.0474182415313071 0.406696226972841 0.296117553965985 -0.220527007341307
0.191320822051919 0.303407314090156 0.215640039598256 -0.407053244034351
0.29397812058404 0.0104585172635884 -0.0797407155896589 -0.367753725438734
0.170001911215809 -0.203367047726446 -0.222721627370133 -0.166197147759107
-0.0122507056639135 -0.247801355156244 -0.205848430634589 -0.00130163529562085
-0.123601012641843 -0.164246462940796 -0.128700190137478 0.0357795574725808
-0.146297820345739 -0.108993671232252 -0.043868897836359 -0.0232832830497576
-0.135502922357779 -0.111135979018357 -0.00393579857023442 -0.108445089103503
-0.112870383994476 -0.19203796681445 0.0903739295345808 -0.174463019832421
0.00628074817833569 -0.26401212671756 0.23442543499799 -0.150964251589912
0.171026018831393 -0.210953464396216 0.276125699186646 0.0491609021768163
0.328810120085175 0.0143060942394726 0.109322223758085 0.230983342685405
0.198368912747226 0.319359613321569 -0.120058018373585 0.194827457791417
-0.0433762006033721 0.409691903496558 -0.0769637471603643 -0.0892817498133549
-0.210739699049255 0.227746002065752 0.201398156380386 -0.37192439013127
-0.101519623684627 0.299574012815614 0.323297262463653 -0.246068802842606
0.0997851363496867 0.255311442019957 0.271059311453777 -0.357166443720987
0.218394427092981 0.0393904669718237 0.0384056598518711 -0.361868229892787
0.139392900479939 -0.140928965196728 -0.144076838274665 -0.25407565078042
0.00302651184596592 -0.193360944098168 -0.212311102954241 -0.100979371501656
-0.0951860700447452 -0.135293625537944 -0.177271893212623 -0.030196112376662
-0.117709553342213 -0.0875230892042415 -0.0943024906902729 -0.0655559298773298
-0.114010877899466 -0.0897695394486146 -0.0530262122186839 -0.145255737467421
-0.0890195992700421 -0.155810600068468 0.0516498143672961 -0.216095153257275
0.0156261805765142 -0.211911639618445 0.213906074739597 -0.201950390862079
0.154782576696296 -0.159281218481771 0.288664286964067 0.00556891822658943
0.256817926742472 0.0505211986956906 0.129620556219571 0.194408159471417
0.104388469190244 0.272890945224125 -0.0989674348811711 0.156781694664073
-0.0868104815831954 0.282894668529372 -0.0326737707518885 -0.180711761259881
-0.148781884763327 0.0552429048274044 0.242265550706988 -0.427163051970664
-0.110192658889671 0.138900764880124 0.325354978287837 -0.251256807639505
0.0167255008882762 0.145016300362861 0.288162194263652 -0.310789955666989
0.105176722216692 0.0388829106714953 0.102762643954582 -0.34283617853218
0.0774551362188455 -0.064454385052803 -0.0978475020652751 -0.296494698470961
0.0118098186049316 -0.107684526300577 -0.212083174334396 -0.16001207824688
-0.052639802417219 -0.0832739539851316 -0.206712575834778 -0.0749468235923287
-0.0722148021586754 -0.0535888347960306 -0.127851914208806 -0.0964725035508404
-0.0787382916672194 -0.0591281044000653 -0.0835644691403071 -0.174197081241301
-0.0592678506473634 -0.104386515131389 0.0333871278986516 -0.246488405702127
0.0222140947482906 -0.143771975004277 0.206135354967852 -0.231327319022914
0.129532811506452 -0.0963091696638134 0.299011708280256 -0.00958998908217134
0.167338735115566 0.083541878945872 0.139734981077942 0.178620251765143
0.00425373122607074 0.202114167089494 -0.0810824550129394 0.128940667606199
-0.122514559138755 0.12839668916954 0.0193613563168318 -0.232146900009025
0.125609408898256 0.0252161136203257 -0.0229665723257915 0.316674143345741
0.0382335464168212 -0.0931337822376022 0.161518148484151 -0.0731909441833218
-0.0690068453692818 -0.0655542604113655 -0.141909367851024 -0.216676535395995
-0.0590789150037734 0.0423999865355494 -0.357071293253152 -0.00815259197750643
0.00250711212618726 0.044999960796497 -0.225586897461862 0.295660996560488
0.0174502703316624 0.029611122624111 0.0051562864139909 0.310112378267972
0.028747896641517 0.0180162051145253 0.110893915681539 0.206380408618253
0.0130528268332418 0.00611876815673939 0.167195834513433 0.114033138499341
0.000151418399434704 0.00824879507449259 0.211800620963095 0.0776434131982352
-0.0210561107059419 0.00534813543193606 0.233030354284936 0.135582390216188
-0.0166697387297061 -0.0145817084302914 0.136732326597103 0.266443130443649
0.00329114501417361 -0.0267139651859313 -0.0766830705542688 0.339468077107703
0.0530081551230786 -0.0482212257342248 -0.229538642704734 0.316931569937355
0.108335385133536 0.0187962432871268 -0.3268680157386 0.281720661936823
0.0972641407350376 0.133368350738791 -0.24411990289642 0.454694720109949
0.0988747168730024 0.191290563933408 -0.0571405362428338 0.280888330471123
0.106980354463073 0.0208372804863666 0.165225228989175 -0.073352125226463
0.0396175629997108 -0.042904668873934 -0.125770152986257 -0.263424654520785
0.00427250026113637 -0.0209872226245308 -0.379005706185748 -0.046055382334515
0.0115892625631714 -0.0437427381341695 -0.262898852957465 0.282008157405166
-0.0191820325646387 -0.0453262687138105 -0.0203643359976678 0.317322289413662
-0.029717318711051 -0.026053618228218 0.102610378725425 0.210833139220442
-0.0471930820056472 -0.0335751013101673 0.15951586590469 0.108816636934045
-0.0547916068433529 -0.0455724550861183 0.20022397047127 0.0536442933895504
-0.0574006209864168 -0.0902319643180502 0.239813794578665 0.0885767795595745
0.0172453975921322 -0.120742534991704 0.191697353813615 0.217055631735775
0.108817766179777 -0.0695326114391669 -0.0019235143413446 0.328993289472578
0.175098613343562 0.0272246104460877 -0.171135615649851 0.340419759828274
0.153163551601571 0.187876206753598 -0.274971336141016 0.290874393132901
0.0563529581151487 0.317373647130309 -0.21534443785169 0.403608850064462
0.0325454333342479 0.338070058692856 -0.0668750053021482 0.191424366286587
0.144625429590018 0.167826893021983 0.184624635779301 -0.0958405525628302
0.158102960000321 0.0247461935400045 -0.0824342259265685 -0.334019114294289
0.101647501210988 -0.0738422008150743 -0.385471097859249 -0.121221821447625
0.0392122934021605 -0.138201634604365 -0.302549120544499 0.228173653572585
-0.0489763721892156 -0.129723673977646 -0.0663955242777046 0.295326812064382
-0.0851210419034733 -0.0752570671270528 0.0680999659831952 0.198883727030475
-0.101432598697297 -0.0675675607268681 0.128728504267816 0.0898879838894059
-0.10271080836112 -0.0854745054929262 0.165528804970595 0.0151725906541681
-0.098922331803354 -0.160180552363244 0.225685539979237 0.0142508483589022
0.0162240307056362 -0.214873777959862 0.244367711639872 0.122549327685991
0.168843687700329 -0.145631095517408 0.105741975189799 0.284542220425082
0.292951242482596 0.0321229650478907 -0.0781439336181502 0.35353945720918
0.228476957069818 0.295360307176638 -0.214959932507314 0.294958791053412
0.0464173824665226 0.451229819492587 -0.174372804287706 0.305311608656947
-0.0584515838013851 0.434901257034386 -0.0419022661167853 0.0538102362494673
0.135592292946648 0.318161748450686 0.21298406470549 -0.138093864759173
0.251267923606575 0.130865764164188 -0.00712406211569311 -0.403330851584499
0.214076822560321 -0.0929075880730685 -0.346222540913577 -0.223822242520261
0.0853130743769789 -0.215011667409643 -0.32363845420093 0.123518971698781
-0.0623264669581293 -0.206240600878616 -0.122423761929082 0.233403835340694
-0.12692478313015 -0.120709424849761 0.0116314665593345 0.166105418113479
-0.142227549645844 -0.0909335728672725 0.0781509366943507 0.0595149391448157
-0.136320480710845 -0.105888180191281 0.111619644517671 -0.0286074208111139
-0.131501016885057 -0.195492707863893 0.185773692304418 -0.0648271450236472
-0.00637973885327686 -0.275189681587046 0.26477352352469 0.00788232669740114
0.180020604387156 -0.21778676097861 0.201308726301222 0.199439801481774
0.364417366558229 -0.00488661372187376 0.0197422883718478 0.330671005338982
0.287879212111411 0.334202939751527 -0.163101041112599 0.282036969331474
0.0477163477806705 0.510340612964723 -0.139731912334863 0.178441846888284
-0.143706704598069 0.454302473680111 0.0185313050967458 -0.112644649892574
0.0742592504836874 0.415729876679463 0.246786597590351 -0.192848410593831
0.275475672878187 0.238065823041631 0.0915986163838135 -0.439946752423745
0.29386767883823 -0.0659301759741145 -0.246608458498637 -0.317173074723672
0.13223107514926 -0.245734782408453 -0.302986777090982 -0.0157916747161643
-0.0562238349635735 -0.251683416025771 -0.174483435677914 0.132744744102855
-0.146625132246279 -0.15017760400804 -0.0575053607043041 0.112221512435079
-0.161026079946707 -0.100018268503814 0.0153456024029518 0.0212025984258559
-0.151192177620074 -0.108942653961848 0.0474449038502498 -0.0705597646215634
-0.142793396721204 -0.200740575295862 0.12924968791381 -0.132726209288429
-0.0216282017941506 -0.290406267988004 0.250861441519343 -0.0986759793769104
0.167078989290013 -0.246504651369648 0.258562254135458 0.103034446504192
0.371707966125489 -0.0303352660078244 0.0907831904637026 0.27994780333878
0.290483378398201 0.32905302021476 -0.128677296865931 0.249551204663846
0.0337788062103394 0.494212871734379 -0.112600528176567 0.0431364400817744
-0.195039248051457 0.384832578151347 0.0980246725074027 -0.270716850883883
-0.012586498785106 0.412571553378271 0.281918652727763 -0.242031481041445
0.216856286294667 0.288181143400813 0.183374093737022 -0.428064721147044
0.296328375055307 -0.0144995313663737 -0.110407352920967 -0.366572466214533
0.151775947992029 -0.219316352894665 -0.240596662233905 -0.150313931805827
-0.037108091430585 -0.247426644778367 -0.207620184910852 0.0166859221991993
-0.138661776816402 -0.153228514163989 -0.125553969103689 0.0470263687222181
-0.154310921279982 -0.0954177032650795 -0.0474200708621952 -0.019927764302451
-0.146255087298796 -0.0990302578220702 -0.0150510961649853 -0.107951507669058
-0.131158882302561 -0.182551700245022 0.0744133283557339 -0.183963047760409
-0.0188215269497639 -0.265776577737066 0.221428559252844 -0.176049041933874
0.152862582752143 -0.224964674187338 0.280636360185569 0.0267891271835604
0.330486934355972 -0.015121915428707 0.130088928773684 0.226586087635059
0.228409132773112 0.302645065454348 -0.105815728115763 0.208908175611229
-0.00777350907235495 0.414937877958546 -0.0845011600184795 -0.0813401707604604
-0.190925045092459 0.247812285503553 0.170108184269813 -0.389808183205665
-0.0749060607119315 0.310017118949842 0.305857126556306 -0.27222015576278
0.120838965079003 0.247965039782553 0.243440268737058 -0.382817791674181
0.222990370399141 0.0213168642806658 0.00890777875137812 -0.369069070700864
0.127325165822213 -0.153694356422066 -0.169032917978435 -0.245759533926857
-0.0172133456046201 -0.194336936827817 -0.222422981766386 -0.082272685318395
-0.107933630960067 -0.126425725913777 -0.180210261238502 -0.0144779759919611
-0.124300547749312 -0.076436455495939 -0.100286198221953 -0.057338979521925
-0.122467451448958 -0.0788209560833074 -0.0668033471784281 -0.140753463338414
-0.103493498522153 -0.148193287134274 0.0324672414248328 -0.222650083132758
-0.00431449005025485 -0.2143732467814 0.196748139608826 -0.224552488226773
0.142122238759118 -0.172248846479917 0.29008602454245 -0.0180147463415073
0.259466992043609 0.0277356675062528 0.146878562539414 0.187285417974716
0.130001870862228 0.264236269432083 -0.0873894876816542 0.168006175633065
-0.0617207349219132 0.291622466331974 -0.0481994361920052 -0.177072856834858
-0.143463757949873 0.0693160863927943 0.207410092974569 -0.449117700751115
-0.0977750838006996 0.149051212426008 0.307117804742146 -0.277938015657883
0.028598152396668 0.143625537938918 0.263473746490851 -0.336586615558209
0.109949836976913 0.0302737882886971 0.075870588588789 -0.354713621894376
0.0716840688175461 -0.0706158943668749 -0.126636584725526 -0.29066462064472
7.89523075717643E-05 -0.109862393261327 -0.228558805151656 -0.142217327643066
-0.0602431366788566 -0.0782667458079878 -0.214520776309387 -0.0568685706974701
-0.0755535231448496 -0.0473773174671983 -0.13672567595806 -0.0860167864647262
-0.083268452240639 -0.0509015730883598 -0.0995790879260429 -0.167344572581533
-0.0682187162381124 -0.0986788481862686 0.0118737241076378 -0.250966997060154
0.00963254698751909 -0.146583083461993 0.187155542078036 -0.252076143648824
0.121893864066937 -0.108159481905333 0.299748046281894 -0.0354300815430265
0.174026941548828 0.0692286308028422 0.154780780199079 0.169903835422255
0.0234264332414162 0.201800392946457 -0.0713215728328937 0.13732465208046
-0.111082716439457 0.137663296060347 -0.00193077251756484 -0.233709263400331
0.123012980446266 0.0129725096332786 0.00367165683955114 0.307699700096281
0.0297684579904112 -0.093039449639639 0.152007009332694 -0.0819801811039574
-0.0711688032823331 -0.0568696631256505 -0.150332025096275 -0.198485065580403
-0.0511273922856096 0.0454104030231591 -0.344421004365802 0.0191374572446367
0.00596833008029454 0.0420361841922767 -0.19241885839532 0.299075224202549
0.0192626297772759 0.0268911655766717 0.028964410517843 0.295631719768775
0.0299682831154269 0.0137748336249279 0.120306148594509 0.19073490837783
0.012758268982385 0.00428808208015238 0.167774291909299 0.0972771973297152
-0.000366376571027467 0.00798687491970763 0.206768660430702 0.0575195114169162
-0.0201376017942211 0.00646673744756156 0.232610523271422 0.110115728491481
-0.0170797830587028 -0.012251986174764 0.15106407372121 0.244699482545445
0.00231825148366182 -0.0263252712770968 -0.0480103538607539 0.332438222243093
0.0463251103831004 -0.0490486028324316 -0.19606001484227 0.319148100317742
0.102879851159305 0.0101073341306935 -0.295148721384811 0.291717646555355
0.102435523200032 0.119766521521566 -0.200092462430573 0.451446881463856
0.110354428517296 0.173861228504681 -0.0319702393817914 0.276149404577075
0.103603014027131 0.0105768720611117 0.155898657568495 -0.0809531959520945
0.0348803081693863 -0.0438600299579291 -0.138228061253494 -0.244730118164773
0.00411759940082183 -0.0197848543472176 -0.367673975616521 -0.0161011553697184
0.00756913706675614 -0.0432592385677405 -0.229476576598354 0.288577873537232
-0.0223992596721325 -0.0408763554309486 0.00572118612368807 0.305332082431702
-0.0301644617731513 -0.0232009954480298 0.112609336527783 0.194132804692834
-0.0474765636057869 -0.0290252222835361 0.159519548359312 0.0920982988164141
-0.0573437923770015 -0.0396632167119388 0.193602449382046 0.0361934353371628
-0.0631594281103074 -0.081880193799133 0.235194673165823 0.0647011045197212
0.00702933095908301 -0.116529816224964 0.199710660136069 0.191861263093839
0.0994403186091381 -0.0752459040336722 0.0227560831751653 0.317365785008629
0.168713856021308 0.0126592595064734 -0.139647051671677 0.337987240947606
0.15964033293747 0.167959945512785 -0.244416197857899 0.29739920788312
0.0787585013081048 0.300408043247249 -0.17559682852618 0.401049015775006
0.0597200376742916 0.320456778834974 -0.0479289685473951 0.191936174829915
0.151773179590134 0.148259810418666 0.173029752274134 -0.101311210058323
0.152404940185021 0.0115341151232107 -0.101829032144318 -0.315889289682404
0.0923129486141701 -0.0770604522419121 -0.379650766538563 -0.0893367231551108
0.0266081091433452 -0.135460591300031 -0.273284661600249 0.24000462166014
-0.057730802400333 -0.119048371449224 -0.0400684975291423 0.287232733531489
-0.0864494800587548 -0.0657013672943842 0.0793150845479562 0.184185193939475
-0.102204488725893 -0.0564861843886239 0.128109575886508 0.0763852951851797
-0.105321661956321 -0.0739615277711436 0.156449132295478 0.00190924364567388
-0.108859076236017 -0.144203131021487 0.214719564915592 -0.00456848617654094
-0.00272134807283844 -0.206809695687742 0.242320233329493 0.0965410571917657
0.150716300949368 -0.152648122004371 0.122050871259501 0.266421495026943
0.281386979496146 0.00837995652334324 -0.0492629135393434 0.34574567831042
0.240449448164382 0.264398261398584 -0.18644972460598 0.300010284087788
0.0780857109498567 0.429010059397327 -0.144193401681911 0.305821801462768
-0.0197847526091489 0.420519322686333 -0.0343305859835823 0.05792653631064
0.15423608775814 0.292314218173433 0.196654746673153 -0.143729507329014
0.249268328020296 0.105388937828181 -0.0342303433921424 -0.387397328224951
0.197676827715646 -0.104252720657764 -0.348792592901594 -0.190507933710906
0.0639312623686576 -0.212378349531087 -0.301231929636397 0.141985014760031
-0.0769029376207452 -0.191276401554268 -0.0993980925223272 0.231445118798978
-0.130233014435242 -0.104819038525484 0.0235235740626029 0.157150232727361
-0.141516676503419 -0.075482767960253 0.0774728403795619 0.0510407344388518
-0.138920453759827 -0.0908938671025553 0.101856684199614 -0.0362935746599864
-0.142778403769578 -0.175805813214416 0.17008931641221 -0.0772507347912958
-0.0295105297325493 -0.262120956528941 0.25264705415651 -0.0172146017253907
0.155407762924342 -0.22140220312835 0.207470782927533 0.178427906802114
0.346430834549667 -0.0331800335088578 0.043322671721165 0.317590136171677
0.302558116641545 0.297202160908877 -0.137210294784701 0.283026897481685
0.0855139910429837 0.485893187399926 -0.119477982657787 0.18331323724435
-0.101609861351474 0.444827815081467 0.00979640155689836 -0.105268053156037
0.103738313404242 0.390499505720011 0.224148834073613 -0.198471977103793
0.280840643458863 0.207827603843888 0.0553228411836345 -0.429134559041718
0.276046276204688 -0.0857998615398791 -0.258902168522877 -0.288199337184069
0.105831281111527 -0.245650178160931 -0.293020978774958 0.00632780786084683
-0.0757935680400117 -0.235447040771714 -0.157105860634358 0.139881635943246
-0.150719890464152 -0.13081687949776 -0.0462017979678405 0.111043937753283
-0.160320697794023 -0.0825255454362562 0.0152407924828231 0.0190710586142786
-0.153446630068618 -0.0924283162103551 0.0375350895530529 -0.0713475135834863
-0.153738441710942 -0.180086600969141 0.111552113298346 -0.137702818096996
-0.0459427271295645 -0.275330313534182 0.230139344610718 -0.117500762999576
0.139990390856419 -0.248566432593605 0.254069233229062 0.0812074645887237
0.351532954605609 -0.0583200192780258 0.107908274894144 0.264448185356761
0.304156457131205 0.289391268257299 -0.105322904852627 0.251132487936292
0.0703611291308364 0.471274440307837 -0.103198748983255 0.050609510570086
-0.156521789093357 0.382952689859249 0.0744257999512071 -0.263920679578134
0.0205285866694805 0.394998165299825 0.25316058819309 -0.247863818062279
0.228322788509709 0.260166910185833 0.144625715842285 -0.423105517303837
0.282464371133432 -0.0358661997953789 -0.132279617520403 -0.345586113096577
0.127421106710586 -0.221711405173473 -0.243928951600062 -0.128347402089584
-0.0571711225999376 -0.233611299658671 -0.19903435452269 0.0325800782105419
-0.144412446707037 -0.134080273714675 -0.116304634329723 0.0546692872540401
-0.153241721423643 -0.0782121620016491 -0.0477629137778328 -0.0152183216276935
-0.146571267229972 -0.0827049990963524 -0.02488642491356 -0.101652199198814
-0.140738545979575 -0.164319644158161 0.0548247439046004 -0.181293325139773
-0.0407888011152104 -0.252304596413195 0.196397782539353 -0.189180982526037
0.128603603272443 -0.227016883129019 0.270000233470989 0.00547405204798683
0.311596426191589 -0.0396555399450273 0.141594841789485 0.210889571174958
0.242572180791358 0.270534336379371 -0.0860736775316106 0.210484457484567
0.0245681555276726 0.397351534323238 -0.0863906772755491 -0.0705120369419264
-0.161645603846955 0.251058345156521 0.133768742364068 -0.383466214086563
-0.0481103827673203 0.301818389006995 0.273869025555307 -0.280669254235091
0.133563621214973 0.228647861854966 0.204233752521365 -0.383506237583691
0.214749051108818 0.00388006759076081 -0.0177835579015222 -0.357036228478122
0.109443317697891 -0.156332493483891 -0.182947193542011 -0.223848796176268
-0.0337981722327646 -0.184437815250003 -0.220963438147193 -0.0620078847984804
-0.112710941953375 -0.111869312196177 -0.173193949629301 0.000289284817677867
-0.123110804314809 -0.0631594808689095 -0.101205946626405 -0.0467556420178443
-0.121323855632063 -0.0645336735945968 -0.0758734137036201 -0.129143479669221
-0.110591937683348 -0.133064077359721 0.0133522927594891 -0.215542078848569
-0.0224285931944321 -0.20476773396446 0.169002484488282 -0.233253917875728
0.121903596015123 -0.175052433420492 0.275562646083432 -0.0380805943306572
0.248475253511108 0.00794757558332412 0.154271812583196 0.17123383238495
0.144374145164101 0.241293907445687 -0.071264108304147 0.169921724338008
-0.0373449998070254 0.281975480069881 -0.0593326197136745 -0.16506847714152
-0.129791102920009 0.0770468073253959 0.164506750311176 -0.442848505228354
-0.0814022304583896 0.149493971924263 0.275069996851168 -0.2871255284632
0.0375159188919454 0.134560730599078 0.227221523524537 -0.341627661245385
0.107207157138404 0.0210731611743703 0.0466350187893467 -0.347804097111281
0.063013166529694 -0.0727824796969213 -0.145158674876316 -0.269699314823931
-0.0105034347452333 -0.104448659003642 -0.231449404571421 -0.118442151578011
-0.0632080632204561 -0.0695444030907508 -0.208673102249692 -0.036820890404457
-0.074726074934205 -0.0388794933510303 -0.137748741777455 -0.0709780854320301
-0.0821102230945011 -0.0407299233476018 -0.108474309870931 -0.1515021080058
-0.072884455618349 -0.0884119056743549 -0.00868779104105572 -0.24148499246632
-0.00335604806897512 -0.140561968301029 0.158300480460845 -0.257673762991516
0.108559693912261 -0.111948835544555 0.284304704101786 -0.0559306390657582
0.170312768581281 0.0540797687680467 0.160399141454516 0.153553855983215
0.0381579131994415 0.190165322660482 -0.0577351656794217 0.138792838137677
-0.0964248014571008 0.139726237763057 -0.0199992654657241 -0.223033628090247
0.115425656313956 0.00623515657960522 0.0169190138686133 0.288778918764281
0.0238981369015991 -0.0886569506558381 0.143179785571808 -0.0822144836323364
-0.0675363140721707 -0.0503968340886866 -0.145762674867585 -0.18244418378058
-0.0446145377414058 0.0434881802117932 -0.324339888503038 0.02882379499919
0.0073261386747983 0.038475409332343 -0.16939019156514 0.285503858230874
0.019028025834615 0.0253411187863299 0.0380796663390666 0.275628870687758
0.0280607950489486 0.0102804018588942 0.119796270550563 0.176441199838849
0.0115576529821317 0.00320711708576158 0.159809438849823 0.0860114776296096
-0.000809899284221914 0.00733676835108541 0.194497765383028 0.0464353891398057
-0.0192645547845511 0.0066007310628522 0.219607694634125 0.0942609759346265
-0.0157149926452798 -0.0110507279491727 0.149250449880229 0.224551143658229
0.00205197107188764 -0.0253538517221681 -0.0335869849704331 0.314499673320507
0.0414432273471935 -0.0469095654726769 -0.173615765157063 0.302585157952153
0.0944942320613398 0.00661883061941086 -0.269610837863771 0.280046764360559
0.10054512830847 0.108461359670236 -0.172061499863413 0.42825992982212
0.110595112997111 0.156538826554674 -0.017076677110761 0.261046924235777
0.0962911643806749 0.00541538696148481 0.147497362495433 -0.0799540792754871
0.0305942090464681 -0.0411223151541203 -0.136268832750715 -0.226704130200839
0.00450187453280206 -0.0184751154642945 -0.34605556003838 -0.00427275960365758
0.00521577181349961 -0.0413673132469205 -0.204393885686019 0.277190876893776
-0.0224909712027892 -0.0370967260140782 0.0163306149751968 0.284709874564885
-0.0283103834023049 -0.0211895032611677 0.111382598892411 0.178921168519699
-0.0455310658444516 -0.0254688675158904 0.151163700699667 0.0812387437731601
-0.0557333114213837 -0.0348881611834879 0.180218139448686 0.0275000485281864
-0.0627161968252336 -0.073807464584501 0.220482959732311 0.0512256178609391
0.00159286089391962 -0.108967723203248 0.193367195074238 0.171618773976175
0.0908661676404067 -0.0741580828255678 0.0320689889320648 0.298484389241526
0.157722027671144 0.00665132065302505 -0.120584767793293 0.32086375117483
0.152973862351029 0.15073085265848 -0.222532485443275 0.28663980838496
0.0836013509136717 0.278062578393505 -0.150648104191103 0.380755743626327
0.0684336379841651 0.29579069257931 -0.0350549047598365 0.18354136366344
0.146263138900896 0.132277367537372 0.162357227668902 -0.0983351938983736
0.141680691234198 0.0061272213562576 -0.104908026430454 -0.294274775617477
0.0844847041519606 -0.0748771218120377 -0.359012351539224 -0.0732259633594918
0.0187436399885618 -0.127692926055569 -0.246940316579263 0.232676197082918
-0.0588228463821886 -0.108021147858008 -0.027065241104118 0.269504554728892
-0.0826114370268342 -0.0581338560292097 0.079864094857652 0.16984256321785
-0.0971663023842766 -0.0492912908198308 0.120925212412817 0.067523685406464
-0.102670363128798 -0.065373582844633 0.144158916294928 -0.0027204644599429
-0.107985099720155 -0.130343955998588 0.198313200742412 -0.01341706307629
-0.0114049122858999 -0.191937046233992 0.228258345524042 0.0791904960684861
0.135776120375569 -0.14816757924382 0.123011490481167 0.247683376293149
0.262061303610135 -0.00175606455611807 -0.0353185099951484 0.326460141157171
0.233515360627834 0.237791086632385 -0.166091138887138 0.286693635903728
0.0881952799591097 0.39921770761602 -0.12343580256402 0.291248508743489
-0.00207321947604537 0.393001181211588 -0.0280098584577126 0.0583774039693785
0.154537308040363 0.266792918532743 0.183104541959413 -0.137174588842244
0.23568760238722 0.0907422560998717 -0.0442835752074389 -0.36243854117623
0.181449841694412 -0.103602313201195 -0.333140514234447 -0.169602344408718
0.0506517449334811 -0.200368717733955 -0.277793936211957 0.141560955585478
-0.080264640266645 -0.175131014548609 -0.0852337728623641 0.219545233659798
-0.125187243216781 -0.0931563726367269 0.0268017488137186 0.14644980216713
-0.133757884665822 -0.0655096215090536 0.0726152267494065 0.0455575918959538
-0.133934877386542 -0.0796931068237994 0.0913633770079982 -0.0361944151694848
-0.140967332964268 -0.158501564945004 0.154098583131489 -0.0791169593148772
-0.038460293771415 -0.242676312017149 0.233158744394796 -0.0277081688525707
0.137445418204036 -0.212768604462427 0.200360630615627 0.161979266137557
0.320737503971599 -0.0435682537336819 0.0510298601480921 0.297790480621699
0.293512915608808 0.265804214945686 -0.120051714764924 0.271563413838355
0.0964516345264093 0.451745980577171 -0.104288436843461 0.176042607149138
-0.0768762525542249 0.418223101836983 0.00689064124846916 -0.0959236463684623
0.11063827575493 0.359567462463959 0.20588391550442 -0.188524271651107
0.268462885862241 0.184436787294053 0.0388294155908102 -0.404248888235604
0.255381986285082 -0.0894223666362987 -0.252225571848711 -0.263544681453264
0.0892446687244725 -0.232961739891459 -0.274989509385146 0.0143032251679488
-0.0816825874266302 -0.215114695716367 -0.142402262984383 0.136127582631949
-0.145626331547672 -0.116200566230544 -0.0390720967467532 0.105318500426225
-0.150982250624458 -0.0710847224849955 0.0136021759425611 0.0171550462239246
-0.146807836257998 -0.0799293368332957 0.0300263883544904 -0.0665722416202053
-0.15114729252247 -0.162413414063191 0.0974483040726353 -0.132426341495311
-0.0555516977393507 -0.254753359298018 0.20854275820687 -0.121181124923894
0.12162924396534 -0.236515776188269 0.240430783376648 0.0688141226021217
0.323838729356227 -0.0670156021583298 0.10936307136575 0.247216063026008
0.293962464324347 0.259739001100199 -0.0902825838393047 0.24088202942896
0.0830808499391038 0.438897596549354 -0.0935056250106629 0.0514699493536054
-0.130369544970942 0.362633228353371 0.060700679264016 -0.245958122962726
0.0338772457112745 0.36786408206625 0.230166802767907 -0.236275630234211
0.220867406874144 0.235445681617174 0.121683014725571 -0.400383821362731
0.263449350798172 -0.043865375443347 -0.135484645556321 -0.321230002982074
0.1104138171939 -0.21181083499634 -0.234801086654383 -0.111954970933838
-0.0646869101812916 -0.21417229544609 -0.186236514311978 0.0368814097720328
-0.139954359683299 -0.119791138518288 -0.106659470719352 0.0547749085085228
-0.144501719532713 -0.0677037671204899 -0.0457351961436781 -0.0122803360727939
-0.139551490316737 -0.0707072754368126 -0.0284755843835914 -0.0927580785652421
-0.137797769897762 -0.147394303620388 0.043504167180943 -0.172634121736738
-0.0494344992933141 -0.233231567727317 0.174203300244333 -0.186802933137825
0.112312029502318 -0.214963742973965 0.252842729500582 -0.00213851714859941
0.288073077879767 -0.0470432809186999 0.139420440385159 0.195213680520833
0.235852794524178 0.24241418909107 -0.0735369806756549 0.202356668680355
0.0375750160355249 0.370062685814882 -0.083087567885692 -0.0618404832284341
-0.141732203317559 0.239218981604925 0.111718788097067 -0.360698577582107
-0.033354169440565 0.283283376995722 0.248208887762415 -0.267919780227922
0.131504243027149 0.209995386623603 0.179344832829182 -0.364976997138359
0.201829746677739 -0.00363567274331368 -0.0282522445331367 -0.335159125102192
0.0962069309673944 -0.150083549786045 -0.181243292526111 -0.203325925938447
-0.040886349505169 -0.169322807362694 -0.210735157981606 -0.0495113424195402
-0.109805508884501 -0.0998725889214855 -0.161560960527576 0.00654226164040335
-0.115528325314967 -0.0543125966304339 -0.0966307442325834 -0.0402175797071494
-0.114312331927803 -0.0553670285407207 -0.0763987727414243 -0.117155910918321
-0.108200911612571 -0.120245996693694 0.00420667761043242 -0.202593687847033
-0.0299682417485932 -0.19029207838561 0.148164075142517 -0.226484296893861
0.107819177859216 -0.167464055282901 0.256252318251604 -0.0444286180438599
0.230712574070216 -0.000582584907422877 0.149925400918106 0.157869064038955
0.1435288146381 0.218896231860682 -0.0602760149514741 0.16321926888028
-0.0261229902672386 0.264777375920897 -0.0614686111879787 -0.152115669694641
-0.117648933137056 0.0764543527017455 0.140067747845427 -0.420005163753325
-0.0696480591652339 0.14218864973441 0.24839790475289 -0.276142546747743
0.0384521095711351 0.125210576930222 0.201871520640953 -0.323935818540276
0.101503089829032 0.0160365774565058 0.032508802091307 -0.328498488515816
0.056400279426856 -0.0700841642169978 -0.147123267432409 -0.248259050615806
-0.0156001018008109 -0.0960949022887491 -0.222338508361196 -0.102237933824939
-0.0617839097166961 -0.0625381684071498 -0.196716614514929 -0.0266836518532805
-0.0700376907014935 -0.0333508386120714 -0.131301014106735 -0.0617505124500905
-0.0767876631346306 -0.0338945389083364 -0.107122094631203 -0.137390636557342
-0.070921328608056 -0.0797632849620002 -0.0172260333857728 -0.225899968006555
-0.00910634895889274 -0.131668255211611 0.137441885434478 -0.247994246129872
0.0972948064659116 -0.108381538809628 0.264809397472073 -0.0608084860395827
0.159991898074393 0.0451530740226852 0.155034516294277 0.140422994040402
0.0424962621895214 0.175338367004419 -0.0495658263554908 0.13299549748773
-0.0855815320710173 0.133010985871747 -0.02750929202293 -0.207529466495648
0.109555459787893 0.00517884756806506 0.0181489200115094 0.276339602803898
0.0228741483493162 -0.0845855845595615 0.14021257936596 -0.0781546566353521
-0.0637168236741796 -0.0480714742472604 -0.137080515878886 -0.176652858096384
-0.0420196401599911 0.0408175163646805 -0.310248236195462 0.0256080128328495
0.00662852912911415 0.0358373943706698 -0.162468200581458 0.27044869716708
0.0182705074878698 0.0250186095208023 0.0363546588985427 0.262331297188368
0.0262016190247243 0.0090734612122991 0.112932390776166 0.169470978507319
0.0105724841550165 0.00294893174233539 0.151040600934156 0.0831429578378612
-0.00225396010917137 0.00691263848798413 0.184340502101469 0.0462746932481703
-0.0183078214535651 0.00577782632511518 0.20815631050211 0.0906566934469053
-0.0142172980410985 -0.0105162521221888 0.140992607521827 0.215425498473305
0.00223878124001895 -0.024637146959854 -0.0342477623803018 0.300305523034636
0.0393790246149041 -0.0435761403595034 -0.168726216561093 0.285482322805248
0.0883553024053209 0.00768051766641685 -0.261926808472295 0.263992350425719
0.0950331656419487 0.103179206299756 -0.167575456652252 0.406072533533015
0.104829944036414 0.148238232673237 -0.0139486580572401 0.250667174189164
0.0912858012177424 0.00523316375661856 0.144287663717485 -0.0735907754144891
0.0286082464415154 -0.0386363835141117 -0.127091251712764 -0.218430433826661
0.00534807689874199 -0.0177366564351115 -0.33090185572394 -0.00725639019602492
0.00509806777826844 -0.0401216270160005 -0.196037908364606 0.261808347939758
-0.0213228507714033 -0.034635216437429 0.014730834076492 0.270580040584351
-0.0268779958760643 -0.0210620856864176 0.104892060709851 0.171337815279969
-0.0436996701966098 -0.0248458949957017 0.142802739159365 0.0789159988604791
-0.0541182546576205 -0.0335422628468027 0.17037877743981 0.0279709741192449
-0.0601008370245469 -0.0700110507264884 0.208184344646435 0.0493237690486823
0.00184976014893849 -0.102944843930949 0.18153264072556 0.163823735482647
0.0881717710956956 -0.070981549699299 0.0288378609031505 0.286714006629705
0.149243960199325 0.00834894168173753 -0.117570023722369 0.304077251036915
0.143068308804025 0.145308467404188 -0.216380162992951 0.270235417781701
0.0775662863072989 0.265553840249206 -0.14745420584327 0.360252980748543
0.0641339181100444 0.279540482845258 -0.0313924520121107 0.177410868795529
0.137314990586709 0.125833853238368 0.158939822772296 -0.0905375109969702
0.134423080553006 0.00673986157486922 -0.0957830745438497 -0.282871472739452
0.0815267631240518 -0.0704332232171973 -0.342256422466474 -0.0725041846023153
0.0176943276758689 -0.122054327738652 -0.236266997475052 0.218932743928624
-0.0561273262973448 -0.102124661530071 -0.0275209446298432 0.255454401428553
-0.0785324541188455 -0.0558094765368273 0.0751232259060077 0.162305870494396
-0.0915631139877233 -0.0474430151112705 0.113575539807947 0.0657641037387272
-0.0980263625743296 -0.0621727501829514 0.135702561973071 -0.0013413927947205
-0.103908975803767 -0.124059343415429 0.187341420601898 -0.0120165312672353
-0.0112475832274816 -0.181953851731403 0.216073530773093 0.074487561328
0.130296790908522 -0.14074189210717 0.116232502360246 0.239075209809629
0.248639096380957 -0.000132409923294048 -0.0361916378190637 0.311641800705099
0.219540117518671 0.226703420610107 -0.162643326245295 0.272689852666692
0.0818658823353408 0.381684728116551 -0.11835910206607 0.276087110618249
-0.00254231547740658 0.371284206478355 -0.0250362696343976 0.0583563525508324
0.144578032282571 0.253715739544737 0.179330303171651 -0.126292688874687
0.222995074805318 0.0873898497614407 -0.0382936070148466 -0.347353557961343
0.17376773232568 -0.0977236229445293 -0.317052296483834 -0.165999569061311
0.048178621603524 -0.190834765241607 -0.266784367671153 0.132328423821066
-0.0774793161888018 -0.165580194375764 -0.0816107879256822 0.208842646811906
-0.118824740990925 -0.0885695987970214 0.0247661843308513 0.137858255665879
-0.126521198927058 -0.0624855660583735 0.0682163019829961 0.0440840883853352
-0.12675772616433 -0.0761510583953295 0.0846008097024969 -0.0330158650564482
-0.13469248126812 -0.151264974990289 0.14558458223562 -0.0748026160985646
-0.0376617553591561 -0.229947598633037 0.219841141013931 -0.0279504955418885
0.131692303143823 -0.201644373315393 0.189923402417062 0.157653833554705
0.304316542192874 -0.039133328590026 0.045902324629335 0.286830141836464
0.276385782203637 0.252596701214182 -0.11730015544353 0.258931309138094
0.0887923744585464 0.432229754246368 -0.0987661984767859 0.166989724734402
-0.0739121217684539 0.395441975664843 0.00905665796310781 -0.0882536834987626
0.102913607759552 0.342989661343375 0.200742608916543 -0.173524381915758
0.252851859283745 0.17757458625938 0.0412869817872809 -0.385101187006525
0.244053277903092 -0.0833211558340902 -0.238578239133462 -0.255124697948001
0.0847138003757742 -0.221372286307023 -0.263713237751416 0.0118871598921821
-0.0790227984873996 -0.204082401617354 -0.137338970074677 0.129572101351034
-0.138035606944094 -0.110442918212776 -0.0381255095625888 0.0992693426826938
-0.142196138280853 -0.0682866168704854 0.0124065720867042 0.017345268694428
-0.138621792062224 -0.0764143553809357 0.0271346341094957 -0.0618653288998277
-0.144719431141077 -0.154817547773937 0.091733538047391 -0.125784053973587
-0.0538645027659439 -0.241079285680652 0.196553647899531 -0.11731801697416
0.116793411005525 -0.224590190855155 0.228356621198422 0.0693959231058078
0.306492925249141 -0.0614727486926308 0.10278967492576 0.239306210629432
0.278872976651162 0.246477793015189 -0.0870279020635425 0.231138212747554
0.075910611326031 0.419780396474594 -0.0885897541780698 0.0481198163076672
-0.125050913872921 0.342125270864469 0.0600545948880541 -0.231063305899464
0.0291728571087494 0.349691130156548 0.223068207796777 -0.218974891723522
0.208183038470869 0.226733288766928 0.119699592292557 -0.380126387955924
0.25133850510451 -0.0400480155316959 -0.126681802408156 -0.309002514126344
0.105218169585112 -0.201068428522969 -0.224808953878081 -0.10835815233617
-0.0631502101984998 -0.202462552110061 -0.178039848304485 0.0358162734054837
-0.132977961705586 -0.113675935282396 -0.101627618901226 0.0519310333016689
-0.135539439227759 -0.0645186927225333 -0.0439149858021935 -0.0117275912197321
-0.131160960806221 -0.0671546679279338 -0.0280140188960391 -0.0868620940743092
-0.131396738452774 -0.14033007054192 0.041634845533113 -0.163949837060414
-0.0480728973452732 -0.221534921637609 0.164149491346316 -0.179216023259988
0.107667498368124 -0.204187630274338 0.240991382489998 0.000916546493019686
0.272738877014488 -0.0425204978328838 0.130916463103002 0.190240135882964
0.223558161307909 0.231318063560642 -0.0703916218920615 0.193879689051019
0.0326863324271729 0.353112623788239 -0.0775732070470968 -0.0605575336001258
-0.134851759307732 0.225179935895176 0.110269530702472 -0.340802280031217
-0.0333122661472207 0.268825987499966 0.239507724331771 -0.248704304341276
0.122514243633659 0.201303475971412 0.174059148254542 -0.343785308760613
0.19233791031985 -0.00281077023091747 -0.0238581964901534 -0.320894236253169
0.0918706146323239 -0.142668612609208 -0.173123217356537 -0.195095512282562
-0.0408733022224377 -0.160165644396575 -0.201859856155803 -0.0468050201930173
-0.104501952572131 -0.0947225812541491 -0.154021198978691 0.00611860693733635
-0.108049432974833 -0.052433573002384 -0.0919450529551663 -0.0389886443398926
-0.106834347427822 -0.0521577761001903 -0.0731373307448323 -0.110416876926579
-0.102783147574979 -0.114550145176463 0.00392657844477666 -0.19285848057314
-0.0289951050536212 -0.180628780760632 0.139922978064476 -0.216885068596346
0.103430722662324 -0.159295420770362 0.24479682329366 -0.0397219799805496
0.21826930971418 0.00194384264346008 0.141546684151537 0.15418720294846
0.135231073565368 0.208228203534969 -0.0576456156526336 0.156740587303716
-0.0268763042453959 0.251691798279599 -0.0579940004052453 -0.145228851092551
-0.110252228294967 0.0702691133233836 0.134833365451206 -0.3966900686532
-0.0660025817590118 0.134625438084758 0.238597916725789 -0.258479747750952
0.0354606341238221 0.120260589218804 0.19518018550347 -0.306751562164605
0.097063136336924 0.0157184415192708 0.0341199041932687 -0.314256494549146
0.0537276231188932 -0.0666741488291463 -0.139873094820016 -0.23797097739732
-0.0157204542607016 -0.0902471496000832 -0.213428013402621 -0.0970778659852929
-0.0594448625059087 -0.059352128311252 -0.187447404102616 -0.025622618209835
-0.0650334950191074 -0.0320103691179185 -0.125218237368769 -0.0601987087821676
-0.0711589944798279 -0.0315866120739229 -0.102558882414746 -0.131088580640432
-0.0671758030371178 -0.0755257238712183 -0.0157026670026239 -0.216039380015744
-0.00938382534288302 -0.125116033827697 0.130532567123615 -0.237348455910149
0.0930773679748051 -0.10288680107325 0.252234830469311 -0.0553617916309154
0.150798601390926 0.0449818475880748 0.146176340984734 0.136983773493551
0.0395898252796126 0.166770186579114 -0.0467505575354315 0.1268914853646
-0.0837872604188629 0.125364055562113 -0.0265854779277428 -0.197782309063125
0.105353118446187 0.0181644568899994 -0.0221789986546017 0.282082369576033
0.0345252932252929 -0.0779935246952438 0.156142263821479 -0.0533280097026367
-0.0527540892650544 -0.0561701908685654 -0.103181638842273 -0.196214818270941
-0.0460269577962378 0.0299745473994483 -0.305706098351503 -0.0217365267857033
-0.001703379368821 0.0343003094031202 -0.198655811004774 0.237162207127812
0.0159469783019728 0.0265716538746691 -0.00524664274733022 0.261702693453844
0.0254715715754706 0.0125168546671778 0.0868238029070287 0.183310098424301
0.0106037956292748 0.00395983512390446 0.133976906518177 0.106263907825093
-0.00196593617740219 0.00551535177322237 0.173717538963664 0.0755964361495986
-0.0174360555014175 0.00182853469011468 0.188215485353268 0.121642064290307
-0.00803678534269959 -0.0125826473911469 0.101928631825654 0.234787299860536
0.011334455266786 -0.0228263031961866 -0.0847181834037896 0.291474001595879
0.047343997116428 -0.0290760687746009 -0.2148920685263 0.24675829398154
0.0849801218235462 0.0278830619476351 -0.304208775080546 0.209070172807202
0.0781174351240404 0.11985516236491 -0.236705329565673 0.368126562719129
0.0805159917164347 0.156464600794058 -0.0592747922016134 0.247286129768455
0.086500689253198 0.0194207708643545 0.154770278275727 -0.0468538184606923
0.0348687656285075 -0.0320333731158293 -0.0905856017639155 -0.231792093549381
0.00923156704025263 -0.0176122362181875 -0.321459953810097 -0.0539092922566824
0.00938084176207424 -0.0386192618944525 -0.227726698680157 0.227719781404337
-0.0139403303481991 -0.0372930934271951 -0.0243580285513934 0.26731661478013
-0.022109503997789 -0.0256295614481103 0.0791493198967919 0.184708132937642
-0.037148993627388 -0.0318177862774166 0.125387734288686 0.100417796589772
-0.0453192000741684 -0.0422226611819641 0.160897523656386 0.0557397638123767
-0.0462127684430904 -0.0779792275301082 0.192460227217614 0.0822597540276309
0.0211278795421335 -0.0989894546511649 0.14799731915833 0.190811913887478
0.101703514155162 -0.0534229178779683 -0.0227549067383812 0.288121208767956
0.145129361632759 0.0378083390151572 -0.16823240958028 0.273428415216038
0.114389231043171 0.168756499412569 -0.257381322012091 0.221955441629361
0.0333867311879074 0.273651154886286 -0.205031801255481 0.327036464468087
0.023901728860035 0.278630347669658 -0.0733800629648732 0.165709635876867
0.112703435816247 0.143245682505191 0.165373667039443 -0.0611978274186458
0.12966804287196 0.0282706288212482 -0.0568601264365307 -0.286815623238612
0.0916279156118973 -0.0552939321018362 -0.324697480656033 -0.1152223084547
0.0356311911929391 -0.115064220034446 -0.260842399472009 0.184268920111048
-0.0378523723847214 -0.108141755867846 -0.059664233282554 0.248802138362072
-0.0665357698803722 -0.0673663397644877 0.0513718586658445 0.171121098982962
-0.0805139031099328 -0.0620591228826415 0.0995960195854884 0.0823017244619634
-0.083713895477513 -0.0766501539343939 0.131341649048447 0.0225379285726267
-0.0801040010204949 -0.136926090114097 0.180557156689311 0.0194631310331467
0.020382097091013 -0.177415452489134 0.193627553140624 0.109238725420896
0.154413551796268 -0.115253138358867 0.0720146174142732 0.257321883073177
0.24259452865926 0.0435189555578254 -0.0903504393924868 0.29467678275531
0.175082855833675 0.258531139016646 -0.203070712113388 0.231769758497784
0.0173971984901681 0.386287798715776 -0.16269854314325 0.248422020936485
-0.0543148073362866 0.3589039443309 -0.0537166917741314 0.0427832001293927
0.0998200146064314 0.268467786024304 0.183905288556943 -0.0947954331476798
0.201991708513548 0.121324707538494 0.00257899482699681 -0.339992048571713
0.184823708979707 -0.0658331719934426 -0.288782435007698 -0.198684598011778
0.0767429583893785 -0.176740952560373 -0.279012394659364 0.0986097131584382
-0.0487645882327803 -0.172137642799554 -0.104468370439411 0.196137438208449
-0.101341387012536 -0.105504404074899 0.00668664326839624 0.141475658826314
-0.11147001060018 -0.0821348580803743 0.0581593137879301 0.0541558438063061
-0.11011757317196 -0.0941465325030553 0.0857467679679007 -0.0156132439700029
-0.106713822644655 -0.168508676570591 0.149471962301991 -0.0471785877982302
0.00150394525095326 -0.228134926380915 0.213480808339935 0.00848469387309419
0.164270919660865 -0.17569300026832 0.156756038724636 0.190753122719453
0.303923077334991 0.0134520534249097 -0.00708354997111417 0.284983986478468
0.226481371479352 0.292638092409909 -0.155474119921893 0.225148640315035
0.0143146084849987 0.437379562571335 -0.123070778948095 0.143203163736889
-0.127787658847131 0.372723690425583 0.000486781891480304 -0.101744116963615
0.0461607544047635 0.349050203739756 0.209627153346298 -0.142275759538617
0.217626260537827 0.213700907152622 0.0804599902560254 -0.365496273993082
0.250630492878309 -0.0405182194942717 -0.20371886889302 -0.273261955089767
0.118347988870038 -0.200175195546671 -0.260874473473947 -0.0166295689024144
-0.0445846224266851 -0.208569829216825 -0.146153413251187 0.111562067197935
-0.117383238753928 -0.130250738933919 -0.0494976466275029 0.0950375829792932
-0.125764682061453 -0.0896748115172226 0.00859186473000601 0.0182534282419054
-0.121033047846968 -0.0960450428368408 0.0343004110673186 -0.0531885757467013
-0.116136483473875 -0.172442786952124 0.105317983494595 -0.106144636516755
-0.0136748275238352 -0.2422176156388 0.205077999145152 -0.0826194440840954
0.152968257501528 -0.200422788373082 0.209586390241781 0.10972787185972
0.308683617481586 -0.00876763318550881 0.0572547825243135 0.248799493365977
0.231039886622249 0.286407902298302 -0.120668938841004 0.202680890328162
0.00234243166984268 0.42031621795079 -0.0916487333775341 0.027217719804218
-0.168998289227261 0.315271393902242 0.0764194226794252 -0.236755382668555
-0.0254589979265901 0.344126002380803 0.239072449619066 -0.187485844553751
0.16635649270902 0.254715296302501 0.156169093617109 -0.352333517510736
0.250230592541514 0.00320668503767949 -0.0883744838707392 -0.310855579272867
0.135180731338139 -0.176177607801418 -0.206550443406534 -0.128528430341772
-0.0302790511259251 -0.20413815707899 -0.173523657871133 0.0144900904355719
-0.112291030709652 -0.131715106093025 -0.105578874098046 0.0400084491041491
-0.119996506453704 -0.085521246570911 -0.0418615426923155 -0.0187123454377439
-0.115349328984359 -0.0855872982356408 -0.015340944127951 -0.0878999875249389
-0.105495485612488 -0.15791156472039 0.0634087965295795 -0.151587611734953
-0.0114153348206027 -0.222708426944731 0.184687800484667 -0.149115990204176
0.140108277780207 -0.183299908811023 0.233176581561915 0.043577642554833
0.272002047762174 0.00340566708192273 0.0935668960775879 0.206595423997432
0.178997700866588 0.260398848232899 -0.096721350010713 0.172170484466693
-0.0293925821944176 0.348680598737179 -0.0634331031689795 -0.0768395604475601
-0.162220564957619 0.200521807061759 0.147432284593796 -0.333991315623068
-0.0733120364627101 0.255913131993364 0.264342588690447 -0.215338158250599
0.0885667983856727 0.216937253934706 0.208488798897749 -0.312104705185395
0.187129476416073 0.0299725596247065 0.014726758378432 -0.310936807681244
0.112740818301355 -0.122784120024413 -0.14339392742316 -0.208065331199502
-0.0149089313343611 -0.159352142869379 -0.186702240780973 -0.0704188586491149
-0.0876200555712289 -0.109126404408525 -0.151304004499949 -0.0125219363518139
-0.0956068367870124 -0.0688042512299737 -0.0842562250183628 -0.0531788644052705
-0.0942935539792711 -0.0674608600783552 -0.0549839382622456 -0.118613937027088
-0.0824813837595504 -0.126924438259026 0.0323386680769687 -0.186760780866124
-0.000864728595802478 -0.180472167842674 0.16716697425684 -0.18931118341895
0.127708976698643 -0.139670006442382 0.244380410897525 0.00383529729775354
0.213100925390121 0.0371591629589492 0.110906921317246 0.173721676549138
0.0974630531725565 0.224117955299979 -0.077616537301049 0.139180028430243
-0.0711039970415012 0.240227671309374 -0.0305061271541088 -0.155360819318497
-0.116848908357531 0.0537593786880033 0.190294318891043 -0.379260041200543
-0.0836396627859189 0.120935556697405 0.270750139387664 -0.223070556524364
0.0154814669510427 0.123701906601111 0.230759237941366 -0.273262108024902
0.0918206282777954 0.0320290112856145 0.0747682605681381 -0.299149304800705
0.0639704376614424 -0.0558848836006135 -0.104779903075664 -0.24858965236644
-0.00256135814030852 -0.0881983518822356 -0.193505871409807 -0.124251582544235
-0.0497691508816517 -0.0666764003329289 -0.180141294591521 -0.0491354874871589
-0.0571092570062922 -0.0418230746548148 -0.112915884803127 -0.0793897332409642
-0.0635043309641237 -0.0417886857477342 -0.0796033465659215 -0.142593645655227
-0.0534282850368512 -0.0842190085835935 0.0176185226765474 -0.212398461234056
0.0090938901667123 -0.123914461483759 0.164229587210297 -0.21080960348228
0.107476292959659 -0.0877962820088648 0.255773025076297 -0.0108683856615299
0.141817795375967 0.0681332811192582 0.119114290914192 0.15816271912876
0.0106718171651276 0.167242966739657 -0.0627643681281122 0.113851853249511
-0.105524162264194 0.107251696623683 0.00868734298297366 -0.200361470707406
0.106618908609695 0.018677211165726 -0.0193924554578219 0.287779070961145
0.0349902974510242 -0.0792189522751969 0.163900219117697 -0.0546190907657743
-0.0532620016547597 -0.0576467690405848 -0.102527429159762 -0.20205479578241
-0.0467006234851153 0.0293298256510477 -0.313344883216918 -0.0242256458648066
-0.00177943220071357 0.0343930591841074 -0.204118542705859 0.240228993652989
0.0166845091753921 0.0274199657966639 -0.0052956994302425 0.266580305937212
0.025331057129501 0.0122678813377497 0.0888965210797339 0.188543576734253
0.0105900533900542 0.0034598694473481 0.137369385501022 0.110063189028078
-0.00234440447897033 0.00566068154623531 0.177397570272711 0.0781663472061757
-0.0180044370632524 0.0020325612488183 0.19099054628437 0.124553984218497
-0.00784667708374884 -0.0130208176186447 0.102434819151863 0.241158380865533
0.0113912996218685 -0.0234685643015108 -0.0881452386566745 0.298968382070077
0.0480034905925231 -0.0281447186783946 -0.223105215607553 0.248459048462032
0.0853710466083294 0.0306198213701646 -0.314753445058229 0.21048845744481
0.0785700470989908 0.121951675568464 -0.24466789365254 0.372463865179954
0.0816717478311761 0.158581815260349 -0.0563448711408573 0.253104208597605
0.0871863885851037 0.0198008073295876 0.162621640133165 -0.0473186263790358
0.0355836742962982 -0.0325021712925605 -0.0898347746149755 -0.238413801491734
0.00988227542978097 -0.0184762704055854 -0.329430056353148 -0.0568537945046971
0.00855338563461548 -0.0404164892402886 -0.234247024752726 0.231154750518633
-0.0139330246787931 -0.0376209170865108 -0.0248740024862713 0.272974080594041
-0.0227819837507502 -0.0258433866956421 0.0802997679660806 0.18897635299818
-0.0391545207154416 -0.0333657899000578 0.128142124308612 0.103604090566444
-0.0470705586980462 -0.0431627387670201 0.1639190281498 0.0587633953266015
-0.0479840177074964 -0.0795117515877582 0.194884423470002 0.0847550701722036
0.0220013652661631 -0.10094074384571 0.149360803781865 0.194995817399989
0.104164028203774 -0.0546878525874749 -0.0232437027237488 0.296113217421925
0.147500989563845 0.0403429702013571 -0.173687531339067 0.277073250584297
0.114520424061826 0.173507377409176 -0.266453654717837 0.223494889262746
0.032359666026819 0.279903432938173 -0.210709501270196 0.331134960764927
0.0230138261329727 0.282462957816855 -0.071121771933604 0.170549756881052
0.1133330154975 0.146417253788966 0.174578834139923 -0.0595115963723861
0.130909015089046 0.0302212779881183 -0.0547816320538608 -0.294187437631231
0.0935138014055691 -0.056311220078652 -0.330889659535965 -0.120669294557615
0.0349958144311258 -0.117977991824471 -0.267947296745204 0.18565386650534
-0.0388211133295715 -0.109141709240963 -0.0614311701452098 0.253257536583818
-0.0681745595812 -0.0693062584863761 0.0511131755864903 0.174905027579962
-0.0820164768045295 -0.0639731827101553 0.10040292740778 0.0854653599316889
-0.085851176647718 -0.0784769282142148 0.132768593463185 0.0242957726706703
-0.0830851669823452 -0.139185343153424 0.183200717496587 0.0211778185085717
0.0206023548845263 -0.181014067999205 0.195692775632059 0.110450731855502
0.157413153318511 -0.118296559237651 0.0717248128669997 0.265495617248885
0.245642221982123 0.0470704191740777 -0.0946165776841845 0.301351800600719
0.175766546029921 0.265051727243388 -0.210457469271799 0.235078004238077
0.0162384104996363 0.395347266463424 -0.165018034255732 0.252361686550322
-0.0562847277104993 0.363564791369593 -0.0515048146833948 0.0464186185254363
0.100189602662327 0.272659994303307 0.193487712619643 -0.0926135613765866
0.204728464731086 0.125091404814898 0.00680096014123411 -0.347524102863969
0.189218070444137 -0.0670608093216222 -0.294075481044922 -0.205882871739351
0.0770523461038938 -0.179975917723294 -0.284816879038688 0.0990764615294142
-0.0511720938926843 -0.17348116040659 -0.10713655317599 0.199952860321162
-0.103132092010587 -0.107497975928652 0.00595946765673029 0.14374682623482
-0.113416023606032 -0.0845757672426275 0.058786705715578 0.0558048125787695
-0.112046013271702 -0.0964707960825031 0.0870191529941955 -0.0141087430272175
-0.110311268383331 -0.1710556387358 0.151162539883533 -0.0480613837810492
0.000316755366150671 -0.232310955591172 0.215267114739275 0.00802734809747462
0.167871968579439 -0.179435595802262 0.159184084677841 0.197015224734216
0.30784643821684 0.0151571218683125 -0.00793340588823887 0.293279264348486
0.229138294887957 0.299311355887383 -0.160060968212602 0.229456859688962
0.01206578057419 0.446960226680898 -0.124151150210414 0.144356034556989
-0.130437747588216 0.377314758624623 0.00308208861938319 -0.100765056796257
0.0444503360293076 0.354574595072578 0.218693352789853 -0.139106049385211
0.219860342356227 0.220016662166612 0.085114051510977 -0.37271785509252
0.255502232612287 -0.0409276150981752 -0.20594835674333 -0.282759802331022
0.119223898230336 -0.203477996606924 -0.266039480515042 -0.0180057360596677
-0.0473449051851455 -0.21074090969849 -0.149147675021319 0.114914076327032
-0.12037556634901 -0.131637560436687 -0.0507075152927649 0.0966207855506461
-0.126621124612419 -0.0922073039448043 0.00773072799267152 0.0188905962260566
-0.122544886773335 -0.0979399640411701 0.0339996708907585 -0.0523822236498098
-0.11971539679208 -0.176031078692072 0.106687565269798 -0.108043410490017
-0.0148783553414634 -0.246248940696633 0.206700345279653 -0.0855996491884994
0.155798774534021 -0.205154500401332 0.214464431751263 0.114810501380761
0.313826313427827 -0.00691346520217037 0.0578730543404008 0.258076841382806
0.233117044161844 0.291676745387882 -0.124085452912754 0.206944721151331
0.00115699083121024 0.430517463634129 -0.0927346586341202 0.0274088307417936
-0.174428592037896 0.317477674851235 0.080313650649294 -0.237180855394792
-0.0274676667081796 0.349172660899016 0.247356601403071 -0.184110686423763
0.168067086330512 0.261490431740558 0.163099405221487 -0.356912039221269
0.255644940054225 0.00350568478296653 -0.0873520558067307 -0.319266971281023
0.136720761562782 -0.17997276072007 -0.210948053426629 -0.131850018635026
-0.0325362663352983 -0.205910337444523 -0.177229399958484 0.0150696530743846
-0.115091665704213 -0.133950703046932 -0.107310421281211 0.0405039335941313
-0.120571044334959 -0.0878180350732337 -0.0430872989925352 -0.0191611334456207
-0.115463056332372 -0.0874200073936578 -0.0160463076032909 -0.0881639730468337
-0.108828009305102 -0.160740232046814 0.0630876528267749 -0.15376517112724
-0.0129329749200704 -0.226306569969995 0.185311067620078 -0.152619592455201
0.141731294293944 -0.186736471005995 0.238513172101217 0.0477701503532019
0.276235139201048 0.00544125401925034 0.0951154771007592 0.214436387392796
0.180557244824789 0.266345052505365 -0.0986502807477646 0.175517201395908
-0.031807191107439 0.357609605397707 -0.0646016443472855 -0.0787280916260749
-0.165870083108937 0.201864547090742 0.153282830550713 -0.336459905114361
-0.0749432403278552 0.259812511053495 0.272979504559765 -0.21317337180541
0.0885809918245715 0.222740616101161 0.215421861591598 -0.316072566357526
0.191424032429732 0.0304580639279689 0.0190389478138794 -0.318169190540854
0.114483321119759 -0.12546594688235 -0.146451588540332 -0.212659968637972
-0.0170255924906689 -0.160817777772983 -0.190520829606412 -0.0714718383936278
-0.0902021866234711 -0.110101676802744 -0.154047925090895 -0.0124742975877313
-0.0957239578047326 -0.0704836057587823 -0.0862073898362955 -0.0547130975874898
-0.0946224183047396 -0.0687250577036019 -0.0564346332899621 -0.119556865659018
-0.0844542512623755 -0.129990449562167 0.032440446003894 -0.19003322516516
-0.00143598790721573 -0.183303807203196 0.169390749840612 -0.194043841969531
0.130277899011334 -0.142551063783745 0.249844722984964 0.00650911275235072
0.216200326375868 0.0407998219251843 0.112426575494263 0.181351161316121
0.097502200005731 0.228779412550772 -0.0787723388357471 0.141808776721861
-0.0737304962576767 0.244808466654395 -0.0307106632922917 -0.158576563402052
-0.118332754926946 0.0532259622734402 0.196705805427918 -0.384668917197757
-0.0841124599522005 0.12172136852707 0.279081549110094 -0.22238502087875
0.0148941348724585 0.127146693735569 0.238410575399275 -0.276124983655897
0.0937711511085703 0.0326522196465898 0.0786478802030163 -0.305634908911606
0.0645520964483836 -0.0575186163299181 -0.106030521783745 -0.253435936165209
-0.00369522371819756 -0.0881667524064823 -0.198019874505589 -0.125289585010045
-0.0511520315090144 -0.067341848590042 -0.183797119514874 -0.0494187972874162
-0.057242159582465 -0.0432644676599107 -0.115367722382519 -0.0811362093669089
-0.0630931568730069 -0.0419891551704813 -0.0818595429179965 -0.144998928169304
-0.0544955895558547 -0.0851422870053389 0.0169965774399571 -0.216760273968109
0.00879103650525809 -0.126281503157467 0.166522121451892 -0.214885797144517
0.109212020613265 -0.0892583454315744 0.260623704989669 -0.010107364366159
0.144559634209165 0.0713036643322949 0.120149387934368 0.16534058895364
0.0105787160134562 0.170604210583553 -0.0646121156258513 0.115860896372414
-0.109072176531924 0.10917700940964 0.00812829436588319 -0.203360117968539
0.109390417715722 0.0150539389753406 -0.00601562482964085 0.29586052754481
0.0324730857742 -0.0823690289199223 0.169845741739566 -0.0629366314901393
-0.0564674325724498 -0.0570874815982846 -0.110095634986748 -0.206026402980225
-0.047180405248117 0.0319602545582551 -0.32483788073726 -0.0139345104076304
-0.0012259470844134 0.0349601559711008 -0.202203963784071 0.254422954590073
0.0193819491714538 0.0273768351358618 0.00426328613299573 0.273025477910796
0.0259227486041585 0.0117784348449127 0.0987927393684462 0.191527979410042
0.0101857958748639 0.00230943275066205 0.145223034959366 0.109050727545375
-0.003206675239286 0.00594727027413038 0.186353706957277 0.0741506580386277
-0.0193697657315331 0.00279176354032408 0.200494494638724 0.121407676094298
-0.00825029705861664 -0.0135189937224312 0.113767918708509 0.246004049615269
0.0112302806156071 -0.0243750633807997 -0.0810472669006026 0.310956099262598
0.0482569209743164 -0.0295559710744617 -0.223008808726555 0.260194342684879
0.0875488517169916 0.0299590265128684 -0.317853208088033 0.224638558612042
0.0848538309294933 0.122555879580305 -0.237617985922869 0.388863826717258
0.0890622912348769 0.158721512005102 -0.0450675001375307 0.262890298232423
0.0894149038225798 0.0171886595896654 0.170631828226004 -0.0541974252172229
0.0347519908055847 -0.0345883756917489 -0.0984347588242269 -0.243147924779653
0.00910290102803957 -0.0196007838738584 -0.341452972808708 -0.0476353830429343
0.00667170912776219 -0.0417247995917226 -0.234168519612188 0.243470940403218
-0.0156273119270481 -0.0372707537404419 -0.0156394403962413 0.279448004112889
-0.0239633595565952 -0.0259981990445695 0.0893827165769324 0.191919416355165
-0.0412353832527724 -0.0333001502574853 0.135277381878601 0.103074221025464
-0.0509500984030412 -0.0427799964266988 0.1716919612789 0.055088178479638
-0.0528989650879146 -0.0792256002225246 0.202226753963266 0.0796197095608484
0.0190314469084303 -0.105199950730499 0.159223975157366 0.196103975902113
0.105509207446357 -0.0604255581841069 -0.0143037731670783 0.306850029535683
0.151838018438661 0.0375517430950266 -0.170619735173203 0.290841266836878
0.122209603526827 0.17575844137338 -0.268934533691823 0.238405236515004
0.0427358587396544 0.287036968582783 -0.20467252455237 0.345516938582233
0.0329825253375765 0.286755308308011 -0.0633797374060976 0.179828880424172
0.12040075312943 0.144883122963818 0.182931968984928 -0.0659612826976276
0.134880963657481 0.0266239877593588 -0.0644854541290863 -0.302634376454134
0.0941088020892487 -0.0617685140787771 -0.344790876713228 -0.114230258624616
0.0306219742622709 -0.122749684753292 -0.269070879202905 0.198878401897885
-0.0447499296362106 -0.109427570347536 -0.0532335430184482 0.26134495421715
-0.0726547741195576 -0.0675795617991101 0.0593952374782619 0.177606949020859
-0.0861306472681522 -0.0634526317300106 0.10629818929169 0.0848212302619386
-0.0916174923146699 -0.0771789733485294 0.137182593569143 0.0225442273732418
-0.0917052892514236 -0.139083781010939 0.187842271811078 0.0143636778773332
0.0133508391052536 -0.186464057481895 0.202298628175769 0.106017427056555
0.157126242864369 -0.127150948828096 0.0829987791707712 0.271434737326266
0.253040323383279 0.0411224910276948 -0.0871680709663609 0.31402868785056
0.188695923337026 0.266890119832075 -0.209601302043054 0.248597872190466
0.0317814680125632 0.406220747194251 -0.160028481701252 0.264158653609988
-0.0459920457266211 0.371468583319714 -0.0479768611073091 0.0520013158149786
0.111500137205391 0.275335799386437 0.201512080002249 -0.098171733386199
0.213394682922152 0.122253331274306 -0.00307276540836667 -0.358521006370377
0.191475075678713 -0.0759412685403455 -0.30927729212102 -0.203541694644958
0.0711465765090145 -0.187841586782955 -0.289414144888982 0.110583930131421
-0.0600304702341732 -0.174286063947179 -0.102108682492495 0.209378354448005
-0.109813436436094 -0.105945220273532 0.0107412698728948 0.146730709534197
-0.118448794019735 -0.0829483750199816 0.0623280122878025 0.0557771482434378
-0.11919924273153 -0.0947564182233398 0.0882676404924053 -0.0152093323410729
-0.12172829484833 -0.17057063816712 0.151824694506767 -0.0537966470412189
-0.00935217076911179 -0.238979993328872 0.218144492689233 2.91316726665258E-05
0.164373119653288 -0.190915652483367 0.171260690173724 0.199239131934459
0.314791580427332 0.00607124442703179 0.00192692867890644 0.304071977127358
0.245287476459047 0.297606174901857 -0.156879614485538 0.241878904786784
0.0310746525855265 0.459693560052018 -0.121102867688572 0.151183554270252
-0.121957966143653 0.388801861507476 0.0024983702443654 -0.100594095782783
0.0578942497603979 0.361028340829812 0.224434235535637 -0.144992151372063
0.233325908678309 0.219498040510754 0.0781246346300731 -0.38643717239688
0.260965135336558 -0.0513199584533869 -0.220433162751509 -0.284034543933624
0.114018047956101 -0.214015223974465 -0.273961860378036 -0.00939908511426319
-0.0581078643390886 -0.212707817375668 -0.148552347007783 0.12310136776642
-0.129102989098544 -0.130027262702754 -0.0489467648779792 0.100761906867059
-0.132301790355566 -0.0905270069609165 0.00843103688142764 0.020113491737743
-0.12877407752044 -0.0961085953686195 0.0330812859746331 -0.0526099953890062
-0.130752756431587 -0.174984376891863 0.104422431504885 -0.114234304432985
-0.0263888588466751 -0.251901835478673 0.205801661747672 -0.0963230471101545
0.15104737525361 -0.215845191929536 0.224644245409083 0.112637546799037
0.32016834507419 -0.016738437412395 0.0696330784855638 0.265969164024116
0.248512452037823 0.291815445644 -0.119230397173049 0.217626158236072
0.0175678155940963 0.443497636528263 -0.0930220467118968 0.0298934341933298
-0.16830829205988 0.329385718865818 0.0764971311912413 -0.24352524919237
-0.0156277815584834 0.357278322106389 0.252812935285449 -0.192000306731563
0.181471172761678 0.264579546241758 0.157280424206293 -0.372436531496366
0.2629561562051 -0.0058647070378857 -0.099624344929077 -0.32643776682554
0.132554525194492 -0.190373178631884 -0.220578523986964 -0.128320683419799
-0.0428413573410367 -0.20771347669717 -0.181183657055822 0.022945484800208
-0.123865769439177 -0.131964625607481 -0.1093331550421 0.0455967596179608
-0.125447206688584 -0.0866750648466444 -0.0456797872161073 -0.0180669284819803
-0.120723452260725 -0.0857797787091732 -0.0200415316064359 -0.087748437283842
-0.119201484698414 -0.160061811973346 0.0591886132641138 -0.160497135342855
-0.0234790227816226 -0.23183353460603 0.181160785940989 -0.16438647866525
0.137896470245434 -0.197223489401493 0.247100494049607 0.0415581586581862
0.28303124446318 -0.00228198911342409 0.107213116436664 0.220484480487223
0.194844025832009 0.266923234668232 -0.0946391965057275 0.183762993574857
-0.0183152686771142 0.369330389130619 -0.0682117206953897 -0.0794362523163604
-0.163434424599674 0.210678867640131 0.147210990835005 -0.347744872397787
-0.0673138402045666 0.26777837586084 0.275448920128326 -0.223442348815466
0.0989190700754324 0.226871323742784 0.212436957483896 -0.330921987224677
0.197296406307281 0.0237041557452598 0.0102143974693717 -0.32852699888559
0.112122355341748 -0.133731010565861 -0.157767957207323 -0.213621024983247
-0.0245607498903577 -0.162407729591285 -0.198504162807989 -0.0649947792058694
-0.0974730932249553 -0.108420652163741 -0.159165138918425 -0.00642238597427095
-0.100164365919438 -0.0702825884312745 -0.0913893230530397 -0.0527296179822356
-0.0979294669342361 -0.0667700792578708 -0.0617243692617863 -0.1191001073881
-0.0923223049282168 -0.129364392069909 0.0253167412995975 -0.196180762398816
-0.00954077546733525 -0.188308218027607 0.164234824980685 -0.205862892572675
0.127132144422592 -0.151338320533971 0.257440748630762 -0.00144726177573141
0.223074112327058 0.0350685586171913 0.12311291414759 0.186082351831225
0.108192383694862 0.230901828228124 -0.0760152776059031 0.14815059109949
-0.0663673652357779 0.255109373005034 -0.0372447945598735 -0.161659217026417
-0.118985375638154 0.0570688845380856 0.188755912972118 -0.398283039518638
-0.0809795815107165 0.125602532041567 0.280000745836028 -0.23393731037094
0.0199526944196417 0.130272441043451 0.23701844999983 -0.290291888537313
0.0971974338290249 0.0292135824151534 0.0725192990888492 -0.316810871048562
0.0639908968001325 -0.0613685004614786 -0.117691208905948 -0.257459435594666
-0.00826789518958602 -0.0884684925897326 -0.20795867806017 -0.120661501255938
-0.0552733118511702 -0.066545226949289 -0.191831493578777 -0.0433835092726014
-0.0589742188918421 -0.0430565461122928 -0.122916802044893 -0.0796324597650142
-0.0642484958822672 -0.0403425911942758 -0.0884433672870082 -0.145221941484132
-0.0587721056557937 -0.0850183933362453 0.00924832018808556 -0.223829778152844
0.00370608177816684 -0.129903420516495 0.161320243727726 -0.227187738075691
0.108135240568515 -0.0958264024074938 0.268770573427623 -0.0181024245986708
0.150635323939642 0.0685455384025081 0.129542898012788 0.168345736438534
0.0169140709266236 0.173984929759857 -0.0625891223857337 0.121419977829316
-0.107777933165595 0.116269124775614 -0.00018523368361361 -0.208532180107061
0.109334074356593 0.00770646596487256 0.0164908682746178 0.294423716307496
0.0271611560669087 -0.0844898931320532 0.170076716281522 -0.0762095539583674
-0.0595032721137972 -0.0545532062469051 -0.120399848225473 -0.201005857110238
-0.045394524304255 0.0342266030006123 -0.326132821577049 0.00611969580803828
0.000337009198592908 0.0344927233644584 -0.188009414888403 0.267259968872384
0.0217885135121439 0.0247141376102282 0.0215637887981065 0.271576373894119
0.0273169708763677 0.00952305967631411 0.111589621040001 0.185302828125137
0.00888501309265109 0.000859274393038048 0.153294755533089 0.100789372537421
-0.00334651103225481 0.00562438947071118 0.191376301988108 0.0620201926629098
-0.0188237220754068 0.00472632742666531 0.207300721589264 0.109764603093539
-0.00870279182285242 -0.0141272642697905 0.127819863191708 0.240919303735054
0.00916710486803644 -0.0255860250581644 -0.0630885990634564 0.316990677273404
0.0460764432593875 -0.0312770022677209 -0.209562102777511 0.271251049337538
0.0881019619949031 0.0266126936858807 -0.307824109540322 0.242240881066764
0.0918649416301799 0.117711679246018 -0.215492229985345 0.399349819012063
0.0977767970521 0.151820733142885 -0.024968555683065 0.264674076013167
0.0899004171739661 0.0112727279041581 0.172485455827182 -0.0656697545407559
0.0324460988517877 -0.0365941856847755 -0.111286590791253 -0.23905459178409
0.0081282648508916 -0.0200074457892264 -0.344201807203994 -0.0286135973217833
0.00238075452477112 -0.0422723852718753 -0.219353808094949 0.25875759022476
-0.017560034039153 -0.036599889813969 0.00202539671936564 0.279306942635288
-0.0258827168513612 -0.0247438754098546 0.101351009409791 0.186142095983127
-0.0437167317920221 -0.0312720566601002 0.142572568369974 0.0956246067895309
-0.0545762552597851 -0.0391799621669549 0.175974425205912 0.0453088228361976
-0.0592851387410554 -0.075022641908208 0.207169805961081 0.0675192642043932
0.0120500409758944 -0.107138840283603 0.170070656339444 0.187459705975765
0.100685382717917 -0.0675444601883436 0.0041581997106978 0.309202142618452
0.153546428971484 0.0301066676908599 -0.154384464411627 0.300095902621258
0.131356035869909 0.169770321995195 -0.255658141815365 0.253858877672999
0.0605166507987278 0.285116065423968 -0.182096296594248 0.356105140964744
0.0491478609530389 0.282484369273457 -0.0479698492781391 0.184326852991985
0.127867280483617 0.137087301192997 0.184549422051263 -0.0761346953366723
0.135562947413819 0.0186210276008429 -0.0800035117080456 -0.300094524561604
0.090049208948378 -0.0673408323310245 -0.352143261998929 -0.0953959964631043
0.0211201542112661 -0.124618392615397 -0.257023206604465 0.215539827165341
-0.0519838174200718 -0.105844844722058 -0.0371952692466557 0.264122853267406
-0.0769504468024804 -0.0627676008990853 0.0700170828902089 0.173578821545434
-0.0907728689247659 -0.059263958539948 0.11169339461303 0.0789656922468394
-0.0967332805702632 -0.0717683867424957 0.138955615372025 0.0154351371400958
-0.102158477119403 -0.132184558713593 0.188170748475224 0.00373679177631006
0.000663419022247523 -0.187648312293638 0.206427160266683 0.09454685353706
0.14850393221699 -0.137598907751996 0.0995667421728201 0.268195215722916
0.254991318648039 0.0277117089630441 -0.0685938904153727 0.320299079572331
0.203949557329376 0.257090590937442 -0.194781968748064 0.260353207978251
0.0557459826121458 0.404812299041633 -0.142529103138448 0.270886890119204
-0.0239961045406009 0.372909878640745 -0.040698914049404 0.0564161260682548
0.127087903461689 0.267790115712106 0.201430646089167 -0.107970898615401
0.220570981474947 0.110229089212753 -0.0223366013690047 -0.359280571538951
0.18620959458657 -0.0875989167251252 -0.320870469915286 -0.187194021624606
0.0574089916436773 -0.192441075730594 -0.282546587927599 0.127182622287593
-0.0715616224758639 -0.16876800498381 -0.0888892284460939 0.214629041371454
-0.116940856389652 -0.0978648806798042 0.0194026957642467 0.146109733089212
-0.123798100011566 -0.0764906614295526 0.065658878412465 0.05230464720469
-0.124553172514014 -0.0871261261579824 0.0879612725927013 -0.0191624312269778
-0.134151705603679 -0.161986966223702 0.148347906402317 -0.0632865994749845
-0.0261093362920338 -0.238110584840082 0.214783773677792 -0.0130636501170493
0.151484726543866 -0.201065249057928 0.184244463723395 0.19098325671407
0.31466692926129 -0.0111877494381183 0.021242427587964 0.305995461878224
0.26207646073077 0.283755397317558 -0.142214145697284 0.250464800096804
0.058867836403873 0.459364034419355 -0.110216193753922 0.156214667123357
-0.101011749765916 0.394113610663626 7.52803705948998E-05 -0.0974371639970804
0.078959917554286 0.356643921188993 0.22220702954941 -0.155369823701459
0.24665900409461 0.206029563573126 0.0567568619718395 -0.390470992626542
0.256877353710877 -0.0678424184119028 -0.23610435003407 -0.272777594997881
0.0986806139718605 -0.221093461486896 -0.274119092654506 0.00612393216849972
-0.0720978567398475 -0.205800422533902 -0.14090339494953 0.132684504650245
-0.136939515199308 -0.119962956842326 -0.0426562238907837 0.103219515986504
-0.137635517810803 -0.0841348055840819 0.00945287044210786 0.0201930609321025
-0.134410615474709 -0.0877667953928784 0.0297823305656628 -0.0530326975927966
-0.14386544412655 -0.166172756954122 0.0962582469726817 -0.119335419653099
-0.0433359822979856 -0.250140851102788 0.195673812209103 -0.108993025045208
0.136002778513331 -0.225172802300261 0.232726925350437 0.100430338642569
0.318806298397486 -0.0343911674042997 0.0873035547412329 0.264063310075196
0.267469112046071 0.27592411278253 -0.105848626584829 0.224580986788996
0.0466666443624865 0.442550459675284 -0.0900294609582512 0.0333978380010881
-0.149829725215793 0.336297031036616 0.06425893741484 -0.244836487644391
0.00600213834464389 0.356984561010643 0.245871361471167 -0.20333911001697
0.19849527566294 0.254086888792772 0.13678389631143 -0.380352692689957
0.261924465408187 -0.0232408850110209 -0.11604319944646 -0.322618018434093
0.119565071331429 -0.19974039973031 -0.227986202147278 -0.115556164219626
-0.0570063637221508 -0.202648492017119 -0.179430668654858 0.0342239557867242
-0.131885849482698 -0.122509330010646 -0.106824700866572 0.0520897627920525
-0.12942456315281 -0.0798943951181722 -0.0472320228387266 -0.0149011772092346
-0.125100605546979 -0.0785546438477241 -0.0251479324377791 -0.0846316876408813
-0.130736765347739 -0.151944403085436 0.0484659171805009 -0.16284362518724
-0.0398894302423027 -0.2302948925592 0.168242021743049 -0.175267084710114
0.124256711296377 -0.204793463688151 0.250455694741076 0.0281225351732517
0.282868842693463 -0.0177897851383439 0.122218917098713 0.216975613950132
0.21056987450972 0.254842932539658 -0.0819610432152518 0.18838440940567
0.00613952600659462 0.370237501056214 -0.0724484321747887 -0.0766590494825791
-0.151555878852398 0.218294638331971 0.128145191815131 -0.353617354906583
-0.0512785942427342 0.269034793434411 0.265411580381567 -0.235537823838173
0.113543071929164 0.221006902583455 0.193856674223202 -0.341876083268792
0.198386483796012 0.010791485826328 -0.00751574449908107 -0.330009280152295
0.102374843816674 -0.141371856317306 -0.170118253416646 -0.205160556999294
-0.0356144592804916 -0.158245194576471 -0.202340696217015 -0.0524750347733997
-0.104775232380441 -0.100960525918413 -0.15986606545285 0.00355781976801913
-0.10314588819702 -0.0651466163118508 -0.0962225453452677 -0.0472910239762139
-0.100814528544543 -0.0609344125447494 -0.069575468799659 -0.113700051633921
-0.101332006423289 -0.122908463238473 0.0124504423630821 -0.197267293444034
-0.0227491207855561 -0.187131574881491 0.148875535792488 -0.216264013682831
0.116739583445141 -0.15921465389117 0.257882640583219 -0.0158118131600421
0.225719730480464 0.0228925761016399 0.135933516334337 0.180368607015937
0.122125052680281 0.224306103150934 -0.0663062965499436 0.151928768522794
-0.0506120379428253 0.25908812635972 -0.0474481840502861 -0.160072414357309
-0.114644260613426 0.0618484699725474 0.167137070670968 -0.406914039917152
-0.0727194430970056 0.128336649677004 0.268307083311371 -0.246569800113193
0.0280154653625506 0.129139288346581 0.222267202501847 -0.302555739784224
0.0984014357115133 0.0226773529500986 0.0560724364026809 -0.322914887847693
0.05917040552243 -0.0662030950712583 -0.132969535799657 -0.251315025634254
-0.0144787590598081 -0.0859184800402098 -0.216546062171703 -0.1066062141646
-0.0602835390199731 -0.061569589147446 -0.194263410734234 -0.0302507627692996
-0.0606802649542866 -0.0403904967234002 -0.129361012417406 -0.0711353245446758
-0.0650059491258499 -0.0368775878546931 -0.0973929992874858 -0.137996561557891
-0.0642926270966687 -0.080949354483499 -0.00561547683237839 -0.223933240647292
-0.00545836547162917 -0.129351765013169 0.145386725261854 -0.237652884401963
0.10130977599764 -0.102866504680563 0.267462640055932 -0.0342044036843248
0.155121794637467 0.0601921556107892 0.140911247138946 0.163037736516345
0.0269960260886927 0.172372874379508 -0.0556146080031053 0.124092111313265
-0.10026440061067 0.122813448597205 -0.0145661310190834 -0.20712428272828
0.105245842342276 0.00113798292317042 0.0340522244738687 0.28027730646042
0.0205842780269319 -0.0826537493355424 0.163054064627293 -0.0844886642458817
-0.0608817488944776 -0.0493296621886261 -0.124592585136143 -0.189754366834527
-0.0417727017976911 0.035316365320407 -0.316016184335585 0.0239670941251122
0.00180645423525717 0.0329438357572051 -0.167242575924443 0.268174207852456
0.0229950803256039 0.0217262779633304 0.0354498057230037 0.25921384255311
0.0261564821868924 0.00636029012390806 0.118232399932322 0.173292638859625
0.00795768588559877 4.28143330447085E-05 0.154337113270133 0.0891770013612295
-0.00359778997791627 0.00571251089725121 0.189058562288971 0.0486613292613536
-0.0179595009378767 0.00562952120893527 0.206779772666841 0.0943717216012439
-0.0092148016082451 -0.0134029368648869 0.136862115443377 0.226346910951206
0.00787156177751333 -0.0252215473469403 -0.0447948842159896 0.309350406510439
0.0431669610215132 -0.0314231878446199 -0.190063281451936 0.269776532343538
0.0858477077595216 0.0228309898159942 -0.28721615325985 0.247976036835596
0.0939861843043163 0.108490973579899 -0.187814337459192 0.392924665472678
0.100208626646164 0.139825414190317 -0.00585084584362615 0.254279005152227
0.0856597432429759 0.00626405216171465 0.166928618275802 -0.0739891171748126
0.028717199081179 -0.0368285800753104 -0.117205929456112 -0.227002747507758
0.00581748660874814 -0.0201903752875737 -0.334817392628756 -0.0100386942989205
-0.000798627730486376 -0.040596888468179 -0.198904261885795 0.260377371399453
-0.0191188883904371 -0.0344400909027922 0.0180144817226774 0.268234337026439
-0.0258836410122709 -0.0228205438532447 0.107987616465573 0.174666027617106
-0.0447927588794033 -0.0281564759915672 0.144020340668415 0.0853540104999754
-0.05554314100871 -0.0354571525719715 0.172710656853243 0.0346265404415654
-0.0623857616641744 -0.0683588960681357 0.203277896789193 0.054436549424928
0.00488878436596904 -0.103714098890651 0.173372758077769 0.172483121818888
0.0932316635107864 -0.0701076184713635 0.0194970320318072 0.298613943262077
0.14951461524993 0.0228454762265892 -0.134620373244627 0.295988888794693
0.133978473571393 0.158550149934067 -0.235112617444978 0.255386834472943
0.0726412085605085 0.271594633035239 -0.157062209988722 0.349758483870655
0.0609341438786061 0.267575292822851 -0.031981090321351 0.179962909635129
0.128566022643775 0.124607585319143 0.179105454011021 -0.0834739716554837
0.131288753491503 0.0113414278437729 -0.0912650892734622 -0.28610057220375
0.0825028276326678 -0.0691643748295987 -0.343982731987881 -0.075089179339166
0.0121761423133088 -0.120934978125287 -0.236437297695381 0.220608252443705
-0.0560434016911021 -0.0978329675020655 -0.0210799820122761 0.255321695025625
-0.0765988135482381 -0.0557176639045555 0.0761658010435568 0.16345648400089
-0.0910230343045977 -0.0521823002126704 0.113212424693394 0.0705573201279055
-0.098266147896127 -0.0637850025525547 0.135664750439375 0.00816099511632689
-0.10748899477933 -0.120424439937669 0.180841725317955 -0.0059876256005379
-0.0111577723319275 -0.181357572936567 0.20227279385682 0.0812155766464408
0.134637743176934 -0.140107141405861 0.110289572552711 0.254904699175596
0.247697816868623 0.0151535426768879 -0.0491946127648725 0.311757813504443
0.208534884358524 0.237722191738544 -0.175777881263286 0.258859551350336
0.0757628154395855 0.387271859222742 -0.122249452681938 0.264321668520308
-0.0054351321262264 0.357283855852884 -0.032549086173604 0.0582060564989776
0.1347195736449 0.25009737104731 0.194544640758358 -0.113183896435774
0.216993565648858 0.0953093910477344 -0.037941350677005 -0.345680965393095
0.174023684983179 -0.0939918916167978 -0.318462046828485 -0.165016090240873
0.0430014870744293 -0.188616532774736 -0.265516917648305 0.137659940596907
-0.0785287654336486 -0.156513281709591 -0.0731790997109053 0.210962479518077
-0.117255119586349 -0.0871041449892652 0.0262742301432217 0.13879045932628
-0.12354749796517 -0.0680070992427942 0.0659947172641803 0.0477757799571844
-0.125206304783815 -0.0781735771755826 0.0842583406074467 -0.0224570312763328
-0.140001026088429 -0.146873337347751 0.137795673180082 -0.0676579966624808
-0.0403266766782818 -0.227345196813064 0.203907567953131 -0.0228799824534454
0.133589724924817 -0.200714142477803 0.18821632130278 0.175859761902182
0.302937687458597 -0.0260265372908254 0.0377523794356391 0.294378269105757
0.267660937636032 0.261014374324363 -0.124185652095111 0.247525337956666
0.0826910884102653 0.438439387436689 -0.0973810201571127 0.153749656661225
-0.0779118797684168 0.382122227970059 -0.0020776592765424 -0.0912289296820158
0.0924694256260682 0.336258164178115 0.211668430448954 -0.158853535683498
0.248271884692866 0.186721551011248 0.0364632927458246 -0.378913896143772
0.243270113789232 -0.0794268978191109 -0.24081906926315 -0.252334142177248
0.0809889505794214 -0.218579662388184 -0.263060890452257 0.0195903379767466
-0.0815121870851504 -0.192586617692989 -0.128105761148875 0.134417072935259
-0.138138036253634 -0.107044972426287 -0.0369008856063356 0.101668911516858
-0.135979350264919 -0.0737651226393073 0.00959133353349894 0.0196664337979841
-0.133692721955184 -0.0778677467657423 0.0265409451613252 -0.0513105732286814
-0.149838408293996 -0.151012185686889 0.0859130796164468 -0.119623578540413
-0.0575474615679335 -0.237692648889866 0.179346404252164 -0.113742372083535
0.117308166163977 -0.223199582790586 0.229741592201816 0.0855338734142551
0.304697383891976 -0.0484084768703917 0.0999325097865037 0.250644104816743
0.270368324518951 0.252203603306124 -0.0897682111361951 0.219893849140028
0.0695768811893894 0.424077031820742 -0.0840535738783253 0.0346797868444881
-0.127280482991571 0.330255682643057 0.0517759747256036 -0.236138737457658
0.0234406382058117 0.341149186066937 0.231044863873349 -0.204563090643005
0.204129774757719 0.235283503868994 0.113834928291303 -0.37332165575062
0.250133233856913 -0.0364077510064062 -0.127758800796804 -0.306061165302703
0.102382328358243 -0.199154062916931 -0.225681530620179 -0.101063448058677
-0.066647796925892 -0.18967074803521 -0.170479528526229 0.0427189287384434
-0.133752453543885 -0.108928594753034 -0.100705858616679 0.0562537041626025
-0.129273628783568 -0.0718735861306089 -0.0471087171116663 -0.0111362569034347
-0.123561083217141 -0.0693596900578941 -0.0282824760516282 -0.0791764634456209
-0.135554639898811 -0.137779157585895 0.0365947814815461 -0.158840171938872
-0.0526417722943893 -0.218867492209686 0.149440278872101 -0.177336450170304
0.10671697747062 -0.203635278430992 0.243999105836672 0.0151923957937812
0.27176076146451 -0.0309544661740579 0.131704812153965 0.203926537496385
0.216614280791931 0.233919676892193 -0.0691785023160115 0.18422617101623
0.0265735311374104 0.3561398581574 -0.0738207541571263 -0.0718004577832923
-0.135439389184715 0.21544147230322 0.107491986101411 -0.344204754952154
-0.0353155642610928 0.259170987757463 0.24691919934848 -0.236996253779451
0.121033551445709 0.207896150838885 0.170642691893167 -0.337660703501942
0.19086667826103 -0.000336439231085518 -0.0214397207217012 -0.3188276480687
0.0896891307675119 -0.142335676896361 -0.174035570830019 -0.190027106133955
-0.0439366188798373 -0.148344429173897 -0.19756608762108 -0.0390351482816185
-0.106301381127529 -0.0897858731725013 -0.154237072796867 0.0137342237501373
-0.102439367497628 -0.0586024986411586 -0.0962232477257425 -0.0398019925124565
-0.0985093466550941 -0.0538216270743625 -0.0724491719992768 -0.105138770647557
-0.104916994060739 -0.111277331017017 0.000420792072329453 -0.190227915681783
-0.0339554532594507 -0.179232871418493 0.129296985798703 -0.215281239693679
0.102344966896612 -0.158909490404644 0.248137700849002 -0.0285291480166384
0.218907679548529 0.0108281815729302 0.142065039289932 0.168775064937057
0.128944117490599 0.209091990266747 -0.0561184435823838 0.148321672164229
-0.0337152690148797 0.251963568739714 -0.0551555460148982 -0.151432807915014
-0.107678274601985 0.0632921737223093 0.140496652925161 -0.39861067793363
-0.0631724664816672 0.125093178839772 0.247779378075447 -0.248649745506698
0.0348042795325814 0.12304773917268 0.197854852567962 -0.301692649404361
0.0952559459727799 0.016316572396072 0.0403718332088315 -0.315001286319414
0.0520833124844175 -0.0671107243449442 -0.140348019092194 -0.236549380496187
-0.0186226039621628 -0.0803343137130504 -0.214340545041514 -0.0903176617640828
-0.0612887347838809 -0.054452856890436 -0.189624496291761 -0.0173386243802389
-0.0603273109686845 -0.0367250925877824 -0.129951726058164 -0.0614497714255692
-0.0630415549127646 -0.0325423711229676 -0.101815267168998 -0.126972989145837
-0.0661721389953984 -0.0733219467023564 -0.0181768979396865 -0.21513139137742
-0.0130999242247367 -0.123754652389801 0.125534842018797 -0.235985078052847
0.0907269085766783 -0.103820082294163 0.256453445805589 -0.046086100088331
0.153247007217796 0.0495302328888258 0.145351814995464 0.151673577982916
0.034744337635095 0.164231975964865 -0.0477196097095574 0.121983691821587
-0.0890580856317601 0.123596311517437 -0.0263292821571579 -0.197964019966164
0.0951189386415695 0.0135597141028824 0.00874558896427905 0.267767476020866
0.028783431182623 -0.0731496049980621 0.167925689880675 -0.065985498752544
-0.0494684048211414 -0.0531778911045918 -0.0920417213020966 -0.196018454637616
-0.0438306359810577 0.0260691052591859 -0.293949887687198 -0.0144097661913605
-0.00454494111389043 0.0301559736891658 -0.185297045862459 0.230420845185551
0.017748446385116 0.0202671005026895 0.00474735090052533 0.246493978960244
0.0247334699817569 0.00779907728358301 0.0926766647906153 0.175662162580291
0.00728796770615456 0.000377954510257289 0.137282830840351 0.101972028788854
-0.00504787264603798 0.00315620031701768 0.175899291268088 0.0675465774733043
-0.0184331720184272 0.00239064698686297 0.186822213198916 0.112923430604055
-0.00706845740579348 -0.0162809858156889 0.10478217193604 0.234360511807216
0.0133472078776631 -0.0263286859549361 -0.0796045703411854 0.294458720094883
0.0497254529759439 -0.0249327149902767 -0.218539614169875 0.234039520316235
0.0818549329853827 0.0329227531473047 -0.310106754333297 0.203277315196545
0.0805106041196047 0.11328484828657 -0.233618553791521 0.356889921804913
0.0746217943185501 0.139519922742772 -0.0339720758019669 0.243985234233125
0.0765544593970657 0.0168189120062025 0.169347348465806 -0.0495614713593274
0.0308988488635942 -0.0299625359811787 -0.0795964148933948 -0.224751328925439
0.0083802026221733 -0.0187499697237584 -0.305283132364101 -0.0455647219800853
0.00337440069826403 -0.0388596220049204 -0.210530156251202 0.219923932506242
-0.0143554471632203 -0.0365483511651566 -0.0112555719143985 0.250299105919313
-0.0207940262642499 -0.0264215563293239 0.0833689892567858 0.175719040330412
-0.0399193194825984 -0.0323586119836728 0.126794626550994 0.0970942514492203
-0.0495956641915046 -0.0409393940279859 0.161327621808885 0.0535290359892512
-0.0516566738130223 -0.0724396295706779 0.187521669753543 0.0777043232741186
0.0165940534874669 -0.100095407964841 0.142771539916315 0.190474455098698
0.0982677657399273 -0.0597076073472953 -0.0183196938617275 0.293075193312758
0.145048562607356 0.0377841229788171 -0.16998440377535 0.263995874417012
0.112015406308285 0.166628298820766 -0.262592484588644 0.21136349466583
0.0421532983342661 0.267131027107893 -0.200825799427101 0.310080181087281
0.0227801206066974 0.252732736722185 -0.0589733960961655 0.174228464937556
0.101555887400255 0.131158530737053 0.17902929815105 -0.0509201002769964
0.11946548357848 0.0283635465020257 -0.0483628484062941 -0.269905971504955
0.086034910447912 -0.0544114315166991 -0.305328919134838 -0.103521368211425
0.0267988176015461 -0.111897543700665 -0.238146755854307 0.180981860728808
-0.0409521443214847 -0.0998219387432343 -0.0429201300564278 0.232701686783192
-0.0650138435480996 -0.0624340126434145 0.0554042827868182 0.161652726744126
-0.0804229166535301 -0.0606354516104039 0.0985119237450926 0.081010628257567
-0.0863207751403549 -0.0730737577978038 0.12999579547402 0.0252387840374673
-0.0886034881202053 -0.126513545459942 0.173458304524658 0.0202612657549694
0.00918420716605014 -0.174636061581507 0.180507886665938 0.108903127699051
0.144663877459047 -0.121195444570637 0.0735495408908132 0.263833946906758
0.238156644658466 0.0400244240976582 -0.0928516293395051 0.289815382386513
0.173257255504144 0.250468731845986 -0.208239200209094 0.218503390363723
0.0320290536145592 0.379587947010786 -0.159521257669758 0.227427537137639
-0.0499443193745132 0.326574961044284 -0.0543042949824105 0.0608568973340984
0.0905927691042546 0.246587074240472 0.192575569370067 -0.071483557191359
0.189249434101525 0.116978757778059 0.0042700372458066 -0.312382057673448
0.174699143814216 -0.0648101096807899 -0.270397719049676 -0.180740690360188
0.0652494227068476 -0.170293629309546 -0.253792282166721 0.102169274339671
-0.0542787278905744 -0.156702975776204 -0.085777329466873 0.184457992333851
-0.0996799695889449 -0.0956748839294019 0.0112203644008147 0.133675240566964
-0.109667879780059 -0.0801704345121987 0.0562461758430279 0.053712923693504
-0.110006761426494 -0.0894982199551322 0.0840869550650952 -0.00832132721766301
-0.117038558249966 -0.154114236155851 0.140365188048242 -0.0425127851023465
-0.013562033853354 -0.221190151787 0.192998047916033 0.0117095592394042
0.149296070383694 -0.178403160918185 0.157268761124464 0.198160388843157
0.294769445087871 0.00594930220374633 -0.00814357572020173 0.28492776795894
0.226534322964817 0.277652762552025 -0.159744179006994 0.212213190434027
0.0339137246373109 0.42902033544617 -0.124472982727885 0.120772882946611
-0.117989584933493 0.340972618400524 -0.0148314440321676 -0.0778005132681852
0.0414992457232723 0.320601798679592 0.207837709299602 -0.110624762149655
0.205725626426222 0.205831005686738 0.0724881385780183 -0.331286615982857
0.237512023253918 -0.040994222170533 -0.189217661602177 -0.248941683035182
0.105679289431903 -0.19325082967362 -0.23873026775425 -0.00462725723431281
-0.0512901228892731 -0.189027884405808 -0.127343971485649 0.10733803801707
-0.117115802090966 -0.115816380331555 -0.0431350094353231 0.0919566633276835
-0.12110091344342 -0.0880342703381495 0.00545725407877671 0.0205543980351381
-0.116790132348503 -0.0905170548651977 0.0325189756097669 -0.0415577425608242
-0.1257290399136 -0.158520271184138 0.0964536833881113 -0.0969689324244665
-0.0300138873794602 -0.232216847571543 0.180503584961166 -0.0779418515379853
0.134442750191278 -0.200990362320469 0.208967461821873 0.116997798405104
0.297844065329061 -0.015766333501716 0.0570531162777301 0.25211693872721
0.231322130639265 0.268842143315913 -0.123591815036575 0.189536870568203
0.023020389670526 0.413881935843915 -0.098162071404295 0.0073265919006127
-0.15956372766082 0.287012709396698 0.0511795570199736 -0.210063504012085
-0.0239599156183891 0.315492967042306 0.227574747624061 -0.153895328080097
0.15910698824796 0.245018650908887 0.139724717560367 -0.317264047798653
0.238690021320775 -6.84535277427779E-07 -0.0806879785319386 -0.285522252794133
0.123293428678474 -0.172557951002197 -0.190819553267507 -0.112243709856731
-0.037299391644171 -0.184355511754913 -0.157045106448931 0.0173847994591793
-0.113490172802399 -0.116981712679934 -0.099151218600376 0.0437030952351064
-0.114876304817937 -0.0841093657995457 -0.0448747310091845 -0.0147777678020308
-0.107432357006146 -0.081110366133388 -0.0167613499637272 -0.0744075915353584
-0.113150544090376 -0.144514548116668 0.0536308308795841 -0.14076423486346
-0.0268541271168203 -0.213261284423871 0.159282044707995 -0.142383573556095
0.121534192349683 -0.182779213376906 0.23106413427978 0.0488839733001585
0.263175349153762 -0.00322246363369116 0.0940488158755338 0.210588891692785
0.18086001908909 0.245707834683324 -0.0977616923428645 0.158468316278938
-0.0125321522919098 0.343728008896561 -0.0732444571580843 -0.0920643150779073
-0.150832421518174 0.1803986983384 0.120263500724974 -0.307898419458571
-0.0667351769982835 0.232581692142919 0.246584249287097 -0.186959416786218
0.0852980454615539 0.208000383275028 0.189637940772593 -0.282742491150188
0.17813062752969 0.02494971747484 0.0176175705031444 -0.288495619780207
0.103574155607764 -0.120909974124486 -0.135245082508448 -0.189987451775723
-0.0203584837170295 -0.142000194005676 -0.175547365127685 -0.0601584382583301
-0.0893506387143944 -0.0954821154294501 -0.145191195412223 -0.00225155402976706
-0.0903592784394846 -0.0683447272975231 -0.0886432682496441 -0.0471468551185992
-0.08577926242734 -0.0629902622066724 -0.0570426280524518 -0.105132780524685
-0.0866011552076914 -0.115798637796584 0.022165460216504 -0.175787213357113
-0.0134515459772 -0.17223501430665 0.144932647287448 -0.183398059895969
0.111976076344475 -0.139987929766601 0.239860321955536 0.00614032446086945
0.208238987427971 0.0307437321019935 0.110938982884892 0.177739346617152
0.100572771974651 0.212418550208362 -0.0780310672793688 0.126421616714544
-0.0601057472708366 0.237965212254642 -0.0418967675847884 -0.163963595860738
-0.107267026743409 0.0441967716268558 0.165967194905424 -0.356505633093914
-0.0742303534363365 0.10508700414551 0.251834049916992 -0.202572767726611
0.0168535468185829 0.118434871637478 0.212857287389181 -0.251908881592209
0.0867488182725042 0.0281884915370312 0.0730951943187882 -0.282821906720669
0.0579289388501921 -0.0553663255283067 -0.10253125006091 -0.231994743027132
-0.00521309126186422 -0.0752576325617088 -0.188719103680134 -0.107555664180243
-0.0509169499404651 -0.0568719039803865 -0.176024466675604 -0.0350137496674493
-0.0529280882185853 -0.0432299152228773 -0.117858117824057 -0.0716336741234412
-0.0546223161705221 -0.0379379180113365 -0.0821851077471547 -0.130145666494366
-0.0542116584823741 -0.0761263031430481 0.00666056350414443 -0.202671438080097
-0.000687262841354119 -0.117877042937575 0.144408068494779 -0.206027713368907
0.094754189625407 -0.0888890230151297 0.248976774605435 -0.0113189408558281
0.140739126966953 0.0614749031043349 0.117618173728165 0.161748554425049
0.0146796993861174 0.15993766221714 -0.0626697080024796 0.103975183309606
-0.0987993471417935 0.109029681041723 -0.0037649760233414 -0.200735550454498
0.0911759974501926 0.0137261311815149 0.00703820682254437 0.257703785999031
0.0280885633540741 -0.0694024996649078 0.16579081462286 -0.0631246553595366
-0.0478845054444959 -0.0520946687544831 -0.0840921562565501 -0.193665933687203
-0.0424738312114021 0.0248013855721256 -0.284624953170882 -0.0193004153463089
-0.00511795350239857 0.0289981073814168 -0.183558369346476 0.221363723627172
0.0170270974644271 0.0193001584523731 0.00108623844708626 0.238496251865844
0.0236412512467491 0.0061051457582588 0.0882138971788936 0.17227442704912
0.00589841177494701 -0.000155630519406669 0.133277446516291 0.100397354933875
-0.00612487492262012 0.00312847337552518 0.169930847659272 0.0674885543904499
-0.0179604067499214 0.00156193537386475 0.179255617794671 0.111939311502882
-0.00711157708065518 -0.01618707589781 0.0985635346636148 0.230684909803011
0.0133750035998005 -0.0250334740584102 -0.0827803840713069 0.285210883591502
0.0479294927612248 -0.0228404432429415 -0.218164274283806 0.221370396582565
0.078268061693984 0.0343798771709047 -0.305678108066274 0.190800762570987
0.0756393203905223 0.110985812654697 -0.233544635221546 0.338900675085183
0.0687985211325858 0.13555224960593 -0.0329128507743157 0.234156892974613
0.0728826075996726 0.0176534844913996 0.168319103431733 -0.0466393709724478
0.0303007746952269 -0.0276063104902584 -0.0714723447750821 -0.220381488178703
0.00834409318321433 -0.0175011157690537 -0.295467378404636 -0.0496405906299393
0.00258581437787099 -0.0372920320292882 -0.206795002022639 0.21034110626088
-0.0136300312770313 -0.0357502207967242 -0.0137263052710074 0.242001678006725
-0.0193974337156582 -0.0263682968541961 0.0783298431548766 0.171319996671982
-0.0389072149161303 -0.0327045450615361 0.123452334699309 0.0959089996140448
-0.0485514908701923 -0.0400747370369637 0.157350916853804 0.0538876334062403
-0.0502073109163734 -0.0702577791677727 0.181333896164822 0.0780771802674336
0.0164487676662598 -0.0975528590524733 0.135412611342729 0.187774153212599
0.0963858264321409 -0.0566687525684663 -0.0221540490218801 0.28568735805743
0.140656115858368 0.0398625312181274 -0.170682336397286 0.251686583289021
0.105560343998219 0.165308374525177 -0.260324301849725 0.198541325634907
0.0365862777065744 0.258806752876548 -0.200317469812897 0.294793343259788
0.0168149003480618 0.243735218254331 -0.0561637742059391 0.167261490640256
0.0946180823085892 0.128014693694879 0.178655986458017 -0.0464985193110478
0.114709522766719 0.0302858762337229 -0.0401743581499427 -0.263478693293794
0.0835236984142381 -0.0507049098411707 -0.294083298483582 -0.106681433284001
0.0253009320383213 -0.108147452072775 -0.234023908468103 0.171313803669356
-0.0386410516226881 -0.0967292122590789 -0.044449913509331 0.224510207058708
-0.061701472900199 -0.0618405236999313 0.0508728621233784 0.157644760538174
-0.0780559322911876 -0.0607886418513926 0.0955969958380986 0.079776257735761
-0.0833917197958186 -0.0719245330615267 0.126492412863459 0.0270088185343738
-0.0858273172420812 -0.122956869096685 0.168067887864365 0.021754175118482
0.00951205981352072 -0.16923902111638 0.171882950090644 0.109920260342555
0.141324018059665 -0.115288959267093 0.0674457238377394 0.258459047748303
0.231115346527639 0.0436904645091917 -0.0949175232020753 0.278500415595553
0.164067375936167 0.246087170042446 -0.207800765970614 0.205879863429746
0.0262076723247467 0.366446051745651 -0.158067482630876 0.21535767460445
-0.055085503989162 0.314582022344225 -0.0499852123303167 0.0589945147066459
0.0823817906531136 0.239630682163865 0.192155953095065 -0.064991564210562
0.181454455772086 0.117572611584188 0.0113086996891614 -0.303411620870582
0.169265663682865 -0.0593024785779193 -0.258759172528219 -0.180989322766695
0.0641918578286232 -0.164387434678099 -0.246941256009954 0.0945698574156896
-0.0512331678207419 -0.151803416707028 -0.0850416536052277 0.177526198853597
-0.0946660829861654 -0.0936379018506327 0.00803492186009571 0.129623030352556
-0.105434386324343 -0.0798657175994911 0.0539855056979622 0.0534829462399625
-0.106037286432047 -0.0885712332545062 0.0821959799803554 -0.00579371065785367
-0.113161810157298 -0.149615658319459 0.136347468027369 -0.0387019563843052
-0.0130775755241642 -0.213846526610127 0.185672958854181 0.0154406483740652
0.146182061145293 -0.170400779078378 0.150391353272179 0.195222149435984
0.286504757720417 0.0111005584798293 -0.0126944540539164 0.275981681001043
0.215376681311583 0.273712706959724 -0.160026909089743 0.200621710012517
0.0275229108805758 0.415520548567377 -0.122646797364084 0.11229940256524
-0.121401898031252 0.327613995124866 -0.00949060354102975 -0.07389533052376
0.0332043423943536 0.309774279560579 0.207234896109865 -0.101380596519448
0.196197376724526 0.203630480901295 0.0782807765773544 -0.318657843253279
0.229878805124792 -0.0365530584108773 -0.178778071648834 -0.246486738916714
0.102984450871573 -0.186026198471269 -0.230889509314001 -0.00996871763636689
-0.0481080145133296 -0.182663359089275 -0.124488358608135 0.102652210139562
-0.111298175347912 -0.113579625039881 -0.0445568012956296 0.0886180682584003
-0.116324299091011 -0.0882551545715597 0.004832508026758 0.0208559892578647
-0.112226092764221 -0.0893038507624932 0.0320982544477989 -0.0393324108612874
-0.121392758816562 -0.153753422021618 0.0947269969905571 -0.0922832209995997
-0.028545770148113 -0.225399657384151 0.173768568314202 -0.0713458234686571
0.131640048840522 -0.191729024249274 0.200855445245154 0.117511993914754
0.289760008415451 -0.0106490022484704 0.0517720739480438 0.2450630979558
0.219933390621581 0.264616090873431 -0.12490485381542 0.179977466277768
0.0162201590779766 0.399964319964588 -0.0961999616103611 0.00315351834799353
-0.159546073163096 0.274522999735289 0.055687349976202 -0.200250344695363
-0.0298978767066114 0.303847600039101 0.225567150348363 -0.142946070367617
0.150607517058303 0.240234755053481 0.142244489701153 -0.303128273976361
0.230217675291256 0.00375515803486594 -0.0719649562952298 -0.280068653653577
0.119558349097554 -0.165719918488108 -0.183335162895916 -0.112738272157758
-0.0339115641682297 -0.177849017348918 -0.153187906804512 0.0155797761099269
-0.107588425751382 -0.113303583598451 -0.0971445271740509 0.0415222561442888
-0.110030410857838 -0.0845887137975334 -0.0442709874177842 -0.01408750156318
-0.102814065448969 -0.0803890714906331 -0.0149262896081638 -0.0711826672307423
-0.109124232087129 -0.140121570139263 0.0540119927152268 -0.134635587587662
-0.0262903478731601 -0.206353489786537 0.154532461476143 -0.134306094003113
0.119363059836749 -0.174267148165527 0.223948465301396 0.051729713101761
0.255800902954708 0.000989368977767954 0.0886608488217259 0.205783417291644
0.172289399388217 0.240527641556729 -0.0988773278674942 0.149829722696513
-0.0162700392533431 0.331761680751421 -0.0709318660536263 -0.0921798043448317
-0.150473214145417 0.171091866071734 0.123330084220017 -0.293784048106381
-0.0692471678253853 0.222315471496178 0.243196664555877 -0.174715827846731
0.0801596267816859 0.20278678691088 0.188419257982236 -0.268887256027975
0.171870675627221 0.0272372797699905 0.0235866247307278 -0.280787603393197
0.100431972116124 -0.115435419545944 -0.127776703064504 -0.188215597054674
-0.0182268927861957 -0.135945307018018 -0.169245576005253 -0.0597478730264806
-0.0850870535328739 -0.092354219186773 -0.141638703328529 -0.00269474124144725
-0.0869991681016295 -0.0687806842431084 -0.0864733800609791 -0.0460675453008341
-0.0808389972087193 -0.0628156169811341 -0.0532904924516919 -0.101151893616561
-0.0831178065568844 -0.112703377500218 0.024160213887511 -0.168914996393761
-0.012911901755709 -0.166693626168081 0.141087095070024 -0.174697160404287
0.109061899311043 -0.133661097121613 0.23336437609136 0.0103345831026137
0.201796169780365 0.033221451879018 0.105175835083426 0.174395371217238
0.0940822247922492 0.207102984811184 -0.0794011948725653 0.120027241593214
-0.0602778190354202 0.229034319336487 -0.0396526027702711 -0.160065793064765
-0.105407000264352 0.04003863861951 0.167862536213482 -0.340083638467299
-0.0744770666817979 0.0990743305586376 0.248404675855671 -0.188851660836681
0.0146723974924782 0.114503612285736 0.211662500038638 -0.238684969657058
0.0836524175054512 0.0288819977459848 0.0775775941158017 -0.274213896277233
0.0555574349811151 -0.0528385069676233 -0.0950878836601244 -0.228282476186083
-0.00347570037214072 -0.071774647620006 -0.181758340305852 -0.106012212847702
-0.0479583210467253 -0.0545479743625594 -0.170774274742583 -0.0343002081801227
-0.0505877810515887 -0.0432214359472382 -0.114972993986077 -0.0701816224950689
-0.0508386229439933 -0.0385055730920248 -0.0779748589970893 -0.125813676690672
-0.0516222858344144 -0.0733682527900697 0.00872297452738115 -0.195467169146442
-0.000151805052051694 -0.112998947040292 0.141517025671777 -0.196886633994535
0.0925145859109417 -0.0848944372996434 0.242477706875385 -0.00695522507988019
0.135911430407128 0.0610283529275046 0.112077278492826 0.159437659840501
0.0118607537487441 0.155106218056817 -0.0642657642237284 0.0989710561714566
-0.0972910934517646 0.104108538904792 -0.00331341642210291 -0.193708280897546
0.0902735251513576 0.0159139617296271 0.00272423628965445 0.256707715195935
0.0294672771178132 -0.0677884435753652 0.170583764296882 -0.0614306537877448
-0.0473098259118211 -0.0531891330235863 -0.0772185898794331 -0.199634248862129
-0.0427003872218902 0.0241577783905978 -0.284860838936271 -0.0267036855757022
-0.00678295760507323 0.0291402411394253 -0.188559454854814 0.219272301155019
0.0163507212897093 0.0192849984063343 -0.00403964343700405 0.238482199697959
0.0229463396459125 0.00544117913713651 0.0859605303577232 0.174639387392196
0.00491476900283343 0.000214934734642326 0.133770450840802 0.103304681547534
-0.00680238869174572 0.00382034901039158 0.170493585603324 0.0713431409016972
-0.0185128530492899 0.00141595218247855 0.178699952005894 0.117089698770424
-0.0063723821888434 -0.0170430232849489 0.0942127922420557 0.236273036165414
0.0140676193514333 -0.0248488358984471 -0.0907739105416325 0.285715140547595
0.049626700408439 -0.0208193777411052 -0.228283769415523 0.215075530898311
0.0783483213519209 0.037813822865948 -0.314794508960648 0.182478911024071
0.0729261145070412 0.113274886115821 -0.243070255931938 0.331905373935912
0.0645651232000011 0.137758933866871 -0.036083931827282 0.232874462514964
0.0717368636570158 0.0205703168139629 0.174268920776524 -0.0438306043303448
0.0307392805180712 -0.0269325168097089 -0.0639682165821507 -0.225437020630273
0.0083107944128117 -0.0167212261522886 -0.295846334301521 -0.0578448976112326
0.0024634137644315 -0.037715902594362 -0.212830267065571 0.206921158555549
-0.0128873158996411 -0.036186661214558 -0.0191990275448399 0.242227726812534
-0.0191785114030632 -0.0281683345687358 0.0751655509126736 0.174675348216542
-0.0396136428934666 -0.0344223069486704 0.123270495496244 0.0991040755820811
-0.049056127022532 -0.041172771331744 0.157585563040826 0.0579853717495427
-0.0497900639276385 -0.0714632241828451 0.181280555802167 0.0822746836815731
0.0174395625459351 -0.0979184404730632 0.131935996828719 0.193305860164337
0.0987585995982498 -0.0548223765204392 -0.0304023506213255 0.288385177765209
0.140144062200936 0.0444021283612703 -0.180119603028854 0.247298473985067
0.102125723071381 0.169937055796311 -0.268603531519485 0.191546989811294
0.0305150525448976 0.261110941568698 -0.209300236352943 0.288122585489477
0.00990582977441401 0.245131930260616 -0.0577903650242491 0.165544143303075
0.090984909947211 0.131518603704098 0.185232494904142 -0.0422081734671651
0.114287245797536 0.0338227593135188 -0.0316430880267506 -0.267073839560828
0.0847170529516859 -0.0486093602284601 -0.29326441061621 -0.115939009525144
0.0266931068770752 -0.107876146673797 -0.239128524577365 0.165982753312426
-0.0371662114715979 -0.0971901463503562 -0.0493380187772746 0.223769204960071
-0.0599015585020694 -0.0642144751296515 0.0470372829085326 0.159910506087238
-0.0780810051658334 -0.0636786155066437 0.0955791176274221 0.0820228080352775
-0.0831631713187295 -0.0744679754584133 0.127420093584955 0.03008885189786
-0.0853862527428298 -0.124380269514226 0.168504001745691 0.0255437548493421
0.0114559088296335 -0.169885039163871 0.169116443705186 0.116540668896294
0.144532184624462 -0.112373702970456 0.0611365294799551 0.26309219714481
0.231918423811969 0.0497574444273524 -0.103953236199533 0.27684360583996
0.159208432433737 0.253114434098953 -0.216491291224117 0.200387163034838
0.0175235122743304 0.368854611902328 -0.164914169125518 0.209620130284834
-0.0641028079992089 0.31410218487105 -0.0483194237898494 0.0580155875892064
0.0754916580439289 0.242225990609267 0.198995858946019 -0.0595214481419448
0.179489141381862 0.12275284976074 0.0219171104260746 -0.304612034279887
0.171715234554047 -0.05581084507967 -0.2553789392946 -0.19065185195091
0.0660255759859524 -0.164110804056879 -0.251696386367676 0.088555078247164
-0.04893167200114 -0.152162880855017 -0.0887125587984825 0.175547602672127
-0.0923659985779908 -0.0965076434205196 0.00458816292528099 0.131085531119111
-0.104659287429477 -0.0836891826202221 0.0542157483341527 0.0555871201571837
-0.104965409464835 -0.091356295118576 0.0835228687573407 -0.00307861923460739
-0.112238685999628 -0.151374249455168 0.138962282270875 -0.0358316855040293
-0.0115291695475645 -0.215686898159119 0.184471812025068 0.0215309816963511
0.150418780765602 -0.167157213859912 0.146258399066622 0.202136944911
0.288128823409588 0.0183351267171066 -0.0203190235828823 0.276405425326934
0.211033795479499 0.28062435207371 -0.169176486551304 0.195899669817979
0.0181449409727416 0.417655638953687 -0.12681372803528 0.107479392563057
-0.132277911561868 0.32480090638146 -0.00504063315000848 -0.0732274514038607
0.0241051130987457 0.311601212046255 0.214333384755264 -0.0947834138874892
0.193377850324099 0.209640813116037 0.0887195788144376 -0.317769671071634
0.23139288981764 -0.0310801976394014 -0.1725507176204 -0.254329396270898
0.105999028084985 -0.185329705101377 -0.231915253529326 -0.0167679379116663
-0.044853936073582 -0.182847846907062 -0.127243358435683 0.100053174558578
-0.10869679202497 -0.11576976999237 -0.0473626379693999 0.0890820914565725
-0.115508738720353 -0.0921755317144208 0.00439057996162763 0.0213665463058956
-0.110656396780397 -0.0926999269502074 0.0338648461113132 -0.037521006097354
-0.120538513207643 -0.154957581624943 0.09761205490042 -0.0906103701886509
-0.0268532718811757 -0.226743694471481 0.175258940568444 -0.0659560697273976
0.135873449225813 -0.188335440916172 0.200066133952493 0.123906337440365
0.292175164056203 -0.0043801324209743 0.0453044173449944 0.247596517916972
0.216403235755706 0.270720538435853 -0.132441278068993 0.176637990065362
0.00882791578582798 0.401538699456953 -0.098606759876416 -0.00124500190389475
-0.168604433025736 0.271240900934744 0.0638727607062971 -0.197655596247391
-0.0390013102502904 0.3040821760717 0.233047776129527 -0.134840697371412
0.146586617719274 0.245161384422403 0.152769053733311 -0.299112017008496
0.23038848872135 0.00925351018403812 -0.0634218099570506 -0.285371433727443
0.121700154150153 -0.163811787977872 -0.181650375712394 -0.119904151203714
-0.0305420640962885 -0.17797053644868 -0.153928477264103 0.0121567757788629
-0.10525699520964 -0.116104553181249 -0.0994883463594665 0.0410424399954989
-0.109162654792187 -0.0885399731483912 -0.0448301433792567 -0.0150502360669783
-0.100864040327265 -0.0839228709086592 -0.0131015515400472 -0.0704264094146148
-0.107619320075454 -0.141036353013034 0.0569926412541702 -0.133950611188579
-0.0243519438082581 -0.206856775811998 0.156388868975898 -0.129774235436396
0.122401585255957 -0.172020343691329 0.223893871148436 0.0586025539895718
0.257570866011364 0.00623063120471266 0.0847121814384175 0.210099013927791
0.168642569064896 0.245614129443777 -0.106218866820198 0.147568179012376
-0.0228596759535865 0.332164115870021 -0.0714595229612624 -0.0955933788373205
-0.156302227342282 0.167850460450971 0.133943461002434 -0.290483566507278
-0.0770103425110236 0.220919208573068 0.250670714075084 -0.165898026629652
0.0755954371234799 0.206240792736699 0.197798613069931 -0.262860530897679
0.17166256629371 0.0310672726851176 0.0331853423637283 -0.283853672471421
0.101935691345548 -0.113468700388828 -0.124241568293753 -0.194471279020448
-0.0153833170160651 -0.13574930910313 -0.16927284613703 -0.0637198329950277
-0.0829894824507217 -0.0937243935412799 -0.143465443071263 -0.00467698697451343
-0.0860072895081942 -0.0727014952853014 -0.0869803211900323 -0.0477425225710253
-0.0791141376292401 -0.0659652101326004 -0.051056611409494 -0.101543763343631
-0.0816157459319534 -0.113582095685119 0.0275646774436507 -0.168762468850891
-0.0108886571741977 -0.166849902216498 0.14421035206953 -0.171282298047499
0.111549706209104 -0.130426347653593 0.234233453678394 0.0166793706630975
0.201899191265823 0.0375298336772848 0.102536136628169 0.178799858054759
0.0907193558596055 0.210008980909585 -0.0848831148484219 0.117211433712596
-0.0654283719215951 0.226896541162917 -0.0381915358276645 -0.161978454598995
-0.107938971133741 0.0373724856439655 0.178875974946312 -0.336923846422798
-0.0777402025521274 0.0964878291483598 0.255275097516263 -0.181073647593334
0.0123910900322263 0.114803236380077 0.219113566493619 -0.231951174006288
0.0824085765344674 0.0304685143458779 0.0865834582934417 -0.276339923880048
0.0557246421301824 -0.0514520866215949 -0.0898728922555685 -0.234176309483798
-0.00214120890056185 -0.0707828057866985 -0.180343038368099 -0.110279646729462
-0.0471450742883419 -0.0550417141862265 -0.171992656844902 -0.0366674908869464
-0.050511678612724 -0.045579622602225 -0.115881901524421 -0.0722670505117562
-0.0493672093117376 -0.0401125866126139 -0.0756522150341297 -0.12780937655582
-0.0501149103699362 -0.0742254962627915 0.0131966078800963 -0.19529672941825
0.00190110852958004 -0.113422920231015 0.145685204586686 -0.193467103285412
0.0933014542074827 -0.0824339236640021 0.244499806440308 -0.00117109287211711
0.135207698353602 0.0642596056961911 0.109017714869963 0.164453212319605
0.00903390724246952 0.156506086565027 -0.0690264763975585 0.0971217811731884
-0.100383421771706 0.101204437904792 -0.000173204359404175 -0.193141530047768
