TRXV5
3
4
4
9
string Extension=J
integer IsArchMeasurement=1
integer IsSpherical=1
string Generator=SPM
string GeneratorVersion=1.3.1 Dev
double ArchRadius=0.449999988079071
integer FrequencyAxisIndex=0
integer AzimuthAxisIndex=1
integer ElevationAxisIndex=2
Frequency
5 136 690000000 960000000 LIN
Azimuth
7 8 0 2.74889357189107 LIN
Elevation
7 15 -2.74889357189107 2.74889357189107 LIN
Polar H Real Part
13
Polar H Imaginary Part
14
Polar V Real Part
13
Polar V Imaginary Part
14
Polar H Magnitude (dB)
12 0xC0000002 0 1
Polar H Phase
7 0xC0000003 0 1
Polar V Magnitude (dB)
12 0xC0000002 2 3
Polar V Phase
7 0xC0000003 2 3
0.106063842773437 -0.141159057617187 0.3807373046875 -0.237701416015625
-0.00250244140625 -0.180984497070313 0.137283325195313 -0.216445922851563
-0.125816345214844 -0.05230712890625 -0.103195190429688 0.0128707885742188
-0.103187561035156 0.0494384765625 0.00878906250000001 0.222747802734375
-0.05279541015625 0.0676345825195312 0.206588745117188 0.204818725585937
-0.0175018310546875 0.0881118774414063 0.371673583984375 0.0814208984375
0.0139083862304688 0.0755691528320313 0.427520751953125 -0.091278076171875
-0.0096588134765625 0.076416015625 0.410491943359375 -0.163726806640625
-0.03839111328125 0.0850677490234375 0.387969970703125 -0.1187744140625
-0.0729293823242187 0.0591964721679688 0.345947265625 0.000885009765625004
-0.0871047973632813 -0.00614929199218751 0.240554809570313 0.073974609375
-0.0693283081054687 -0.0663223266601563 0.118209838867188 0.08575439453125
0.028533935546875 -0.120437622070312 0.119377136230469 -0.00753784179687501
0.156997680664062 -0.0982666015625 0.400482177734375 -0.10296630859375
0.21466064453125 -0.02447509765625 0.64178466796875 0.1571044921875
-0.160354614257812 -0.131240844726563 0.382415771484375 -0.2425537109375
-0.221221923828125 -0.09844970703125 0.141815185546875 -0.222625732421875
-0.241195678710938 0.07916259765625 -0.0763626098632813 -0.0199127197265625
-0.122177124023438 0.214004516601562 0.01690673828125 0.172378540039063
0.0189361572265625 0.200225830078125 0.182220458984375 0.154281616210938
0.140487670898438 0.157485961914062 0.3419189453125 0.047821044921875
0.17938232421875 0.0732269287109375 0.3839111328125 -0.10809326171875
0.13922119140625 0.0741806030273438 0.366943359375 -0.177825927734375
0.132972717285156 0.0899581909179688 0.358245849609375 -0.138397216796875
0.0960922241210938 0.117073059082031 0.335357666015625 -0.01800537109375
0.0248031616210938 0.116844177246094 0.235427856445313 0.0471954345703125
-0.0280303955078125 0.105995178222656 0.138160705566406 0.0614852905273438
-0.0695114135742187 0.053131103515625 0.178970336914063 -0.0233612060546875
-0.0631752014160156 0.00827407836914062 0.44879150390625 -0.076690673828125
-0.0573043823242188 0.0140647888183594 0.63885498046875 0.24261474609375
-0.381439208984375 -0.129547119140625 0.325286865234375 -0.221832275390625
-0.394683837890625 -0.025482177734375 0.11956787109375 -0.203521728515625
-0.315948486328125 0.208465576171875 -0.0500030517578125 -0.0414161682128906
-0.115203857421875 0.349853515625 0.0281295776367187 0.107963562011719
0.091461181640625 0.30072021484375 0.144378662109375 0.0821685791015625
0.277267456054688 0.20306396484375 0.270721435546875 0.00259399414062501
0.31475830078125 0.064178466796875 0.28350830078125 -0.119873046875
0.267990112304688 0.061737060546875 0.267059326171875 -0.176559448242188
0.289703369140625 0.0858154296875 0.271469116210938 -0.146347045898438
0.25457763671875 0.167373657226562 0.273422241210938 -0.0456695556640625
0.128021240234375 0.238250732421875 0.198104858398438 0.00350952148437501
0.00469970703125 0.277496337890625 0.146865844726562 0.0184173583984375
-0.181671142578125 0.215805053710938 0.230850219726563 -0.04443359375
-0.29022216796875 0.10174560546875 0.45306396484375 -0.048675537109375
-0.326385498046875 0.037078857421875 0.62628173828125 0.20855712890625
-0.575927734375 -0.0580444335937501 0.194580078125 -0.233261108398437
-0.52545166015625 0.1063232421875 0.0518035888671875 -0.18115234375
-0.342803955078125 0.3095703125 -0.0214691162109375 -0.0535163879394531
-0.095306396484375 0.429962158203125 0.0318508148193359 0.0340557098388672
0.1405029296875 0.35662841796875 0.0850830078125 0.00735473632812502
0.35491943359375 0.230743408203125 0.1629638671875 -0.0328216552734375
0.39471435546875 0.06634521484375 0.149276733398438 -0.097900390625
0.344024658203125 0.0712890625 0.134597778320313 -0.132980346679688
0.3865966796875 0.104522705078125 0.146331787109375 -0.118499755859375
0.3470458984375 0.22515869140625 0.165374755859375 -0.05548095703125
0.1796875 0.3399658203125 0.127281188964844 -0.043243408203125
-0.00268554687499999 0.409088134765625 0.136947631835938 -0.029144287109375
-0.294830322265625 0.3212890625 0.25592041015625 -0.0399169921875
-0.48016357421875 0.128387451171875 0.38970947265625 0.02496337890625
-0.535736083984375 0.011383056640625 0.46905517578125 0.239105224609375
-0.672607421875 -0.0109863281250001 0.031707763671875 -0.209030151367188
-0.58148193359375 0.2132568359375 -0.0253524780273438 -0.125282287597656
-0.314056396484375 0.396881103515625 -0.000144958496093767 -0.051544189453125
-0.034881591796875 0.47027587890625 0.0301399230957031 -0.0393714904785156
0.19891357421875 0.360260009765625 0.0154266357421875 -0.0683364868164062
0.408355712890625 0.204803466796875 0.0374374389648438 -0.0733184814453125
0.42694091796875 0.036468505859375 -0.00803375244140623 -0.083251953125
0.377166748046875 0.049896240234375 -0.0251922607421875 -0.0968704223632813
0.434326171875 0.087371826171875 -0.0106582641601562 -0.103340148925781
0.39874267578125 0.231903076171875 0.0294113159179688 -0.08984375
0.216094970703125 0.38116455078125 0.0371246337890625 -0.109474182128906
0.00643920898437505 0.477691650390625 0.110855102539063 -0.0933609008789062
-0.3533935546875 0.380889892578125 0.251190185546875 -0.0520782470703125
-0.588623046875 0.1490478515625 0.2763671875 0.06658935546875
-0.66143798828125 0.00256347656249996 0.272872924804687 0.214797973632813
-0.68121337890625 0.0456542968749999 -0.1552734375 -0.169509887695313
-0.559112548828125 0.28466796875 -0.1119384765625 -0.05169677734375
-0.248443603515625 0.425811767578125 0.00888442993164061 -0.038665771484375
0.030487060546875 0.4459228515625 0.0109939575195313 -0.0998916625976562
0.230010986328125 0.312286376953125 -0.064849853515625 -0.120704650878906
0.40301513671875 0.150421142578125 -0.094573974609375 -0.0902328491210937
0.3970947265625 0.00030517578125 -0.161834716796875 -0.0500030517578125
0.355743408203125 0.020721435546875 -0.181121826171875 -0.0474090576171875
0.410797119140625 0.057952880859375 -0.168014526367188 -0.078338623046875
0.380615234375 0.194671630859375 -0.111846923828125 -0.120185852050781
0.213226318359375 0.34869384765625 -0.0572662353515625 -0.168319702148437
0.0146789550781251 0.44976806640625 0.072845458984375 -0.14996337890625
-0.3363037109375 0.367919921875 0.215866088867187 -0.0600433349609375
-0.58447265625 0.1490478515625 0.132369995117188 0.099700927734375
-0.676025390625 0.00421142578124987 0.05108642578125 0.172088623046875
-0.58868408203125 0.07684326171875 -0.3387451171875 -0.128509521484375
-0.46710205078125 0.28338623046875 -0.19866943359375 0.01885986328125
-0.17156982421875 0.376953125 0.000913619995117175 -0.0167045593261719
0.068603515625 0.358856201171875 -0.0211105346679687 -0.13555908203125
0.217620849609375 0.229019165039063 -0.139984130859375 -0.145095825195312
0.337432861328125 0.08367919921875 -0.211578369140625 -0.0828857421875
0.308563232421875 -0.032745361328125 -0.289215087890625 -0.00466918945312505
0.276596069335938 -0.0111846923828125 -0.309234619140625 0.00863647460937494
0.319915771484375 0.01751708984375 -0.2965087890625 -0.04608154296875
0.29803466796875 0.11846923828125 -0.230453491210937 -0.139373779296875
0.175796508789063 0.245468139648438 -0.131072998046875 -0.206268310546875
0.030120849609375 0.332977294921875 0.03729248046875 -0.185760498046875
-0.24346923828125 0.2916259765625 0.163558959960937 -0.0567779541015625
-0.46710205078125 0.13653564453125 -0.0115280151367188 0.124092102050781
-0.5806884765625 0.0232543945312499 -0.159820556640625 0.125823974609375
-0.4095458984375 0.082366943359375 -0.490447998046875 -0.1043701171875
-0.312652587890625 0.214935302734375 -0.279830932617187 0.063751220703125
-0.091766357421875 0.261444091796875 -0.0262908935546875 0.00866699218750002
0.0757904052734375 0.223526000976563 -0.0575714111328125 -0.145370483398438
0.163528442382812 0.123458862304687 -0.197189331054688 -0.143539428710937
0.217575073242188 0.015472412109375 -0.298553466796875 -0.0588684082031251
0.176101684570313 -0.0544281005859375 -0.374267578125 0.0408020019531249
0.1553955078125 -0.039947509765625 -0.388671875 0.0607604980468749
0.177398681640625 -0.0264892578125 -0.376556396484375 -0.01336669921875
0.17327880859375 0.017181396484375 -0.30084228515625 -0.142364501953125
0.120979309082031 0.0978927612304688 -0.170562744140625 -0.216506958007813
0.0570220947265625 0.16607666015625 0.013671875 -0.195465087890625
-0.09722900390625 0.187728881835938 0.111053466796875 -0.0417556762695312
-0.273300170898438 0.125 -0.123123168945313 0.141433715820313
-0.39776611328125 0.057861328125 -0.320770263671875 0.0905761718750001
0.09710693359375 -0.169387817382813 0.349456787109375 -0.284271240234375
-0.03228759765625 -0.19940185546875 0.10687255859375 -0.23968505859375
-0.146865844726562 -0.0406036376953125 -0.109359741210938 0.022186279296875
-0.108863830566406 0.0707931518554688 0.0254058837890625 0.224517822265625
-0.0486984252929687 0.08697509765625 0.224319458007813 0.189682006835938
-0.000999450683593742 0.103424072265625 0.38079833984375 0.0501708984375
0.0326766967773438 0.0850448608398438 0.418792724609375 -0.13214111328125
0.0067596435546875 0.0893402099609375 0.39263916015625 -0.20849609375
-0.0226364135742187 0.104377746582031 0.37860107421875 -0.16180419921875
-0.068389892578125 0.0822601318359375 0.3477783203125 -0.03369140625
-0.098388671875 0.0105972290039062 0.254150390625 0.04998779296875
-0.0895843505859375 -0.0593948364257813 0.135284423828125 0.0774154663085938
0.0114288330078125 -0.136611938476563 0.124557495117188 -0.00710296630859376
0.154876708984375 -0.134078979492188 0.386627197265625 -0.13031005859375
0.227371215820313 -0.062255859375 0.65020751953125 0.11016845703125
-0.1683349609375 -0.132919311523437 0.35321044921875 -0.29425048828125
-0.241592407226562 -0.0954284667968751 0.112380981445312 -0.249267578125
-0.249221801757813 0.100311279296875 -0.0856399536132813 -0.0163192749023438
-0.111083984375 0.2354736328125 0.0277099609375 0.1710205078125
0.036529541015625 0.21160888671875 0.194656372070313 0.136734008789063
0.162399291992188 0.155441284179688 0.346527099609375 0.015045166015625
0.196701049804688 0.0642547607421875 0.369659423828125 -0.147369384765625
0.155014038085937 0.07025146484375 0.344970703125 -0.21990966796875
0.1490478515625 0.08880615234375 0.342926025390625 -0.1826171875
0.105781555175781 0.119728088378906 0.335479736328125 -0.05780029296875
0.0261077880859375 0.120780944824219 0.248611450195313 0.019195556640625
-0.0281753540039062 0.105575561523438 0.155532836914063 0.0481109619140625
-0.0677833557128906 0.0452804565429688 0.184982299804688 -0.03216552734375
-0.0541000366210937 -0.00411605834960937 0.442962646484375 -0.111236572265625
-0.0410842895507813 0.00548553466796876 0.662841796875 0.19403076171875
-0.38916015625 -0.10662841796875 0.303680419921875 -0.271636962890625
-0.4049072265625 -0.00366210937500008 0.094818115234375 -0.230682373046875
-0.310577392578125 0.235107421875 -0.0630874633789063 -0.0435523986816406
-0.089263916015625 0.368804931640625 0.0331268310546875 0.102561950683594
0.118988037109375 0.30169677734375 0.1470947265625 0.0641021728515625
0.300750732421875 0.183807373046875 0.265518188476562 -0.028350830078125
0.328033447265625 0.0394287109375 0.265045166015625 -0.152755737304688
0.2816162109375 0.04278564453125 0.241043090820313 -0.211380004882813
0.304412841796875 0.065277099609375 0.251632690429688 -0.185546875
0.27093505859375 0.150894165039063 0.2716064453125 -0.0847015380859375
0.144485473632813 0.23114013671875 0.207122802734375 -0.0263519287109375
0.023223876953125 0.274444580078125 0.163497924804688 9.15527343750168E-05
-0.163314819335937 0.219879150390625 0.2381591796875 -0.0622711181640625
-0.274627685546875 0.113571166992188 0.45477294921875 -0.087127685546875
-0.309967041015625 0.057647705078125 0.6531982421875 0.1573486328125
-0.57818603515625 -0.0106201171874999 0.175003051757813 -0.275985717773438
-0.517333984375 0.14752197265625 0.031402587890625 -0.204132080078125
-0.3211669921875 0.33807373046875 -0.0350112915039063 -0.0618019104003906
-0.05926513671875 0.442352294921875 0.0303287506103516 0.0262012481689453
0.172027587890625 0.34832763671875 0.0797576904296875 -0.00798034667968748
0.379425048828125 0.19854736328125 0.15216064453125 -0.05780029296875
0.404205322265625 0.03009033203125 0.12982177734375 -0.119949340820312
0.35552978515625 0.04107666015625 0.111740112304688 -0.156341552734375
0.400299072265625 0.068756103515625 0.127975463867188 -0.146652221679687
0.369384765625 0.194732666015625 0.163482666015625 -0.08721923828125
0.210052490234375 0.326995849609375 0.132537841796875 -0.0687713623046875
0.03424072265625 0.409393310546875 0.149444580078125 -0.049652099609375
-0.266357421875 0.339996337890625 0.265609741210938 -0.064910888671875
-0.465576171875 0.165252685546875 0.402496337890625 -0.010040283203125
-0.52783203125 0.0565185546874999 0.50164794921875 0.200958251953125
-0.6710205078125 0.05145263671875 0.0203094482421875 -0.237823486328125
-0.558990478515625 0.266693115234375 -0.0362396240234375 -0.142166137695312
-0.279449462890625 0.42279052734375 -0.0132331848144531 -0.0627670288085937
0.0103759765625001 0.4730224609375 0.0208168029785156 -0.0492630004882812
0.233428955078125 0.33990478515625 0.00407409667968751 -0.0792694091796875
0.425689697265625 0.160919189453125 0.0208740234375 -0.0884552001953125
0.427154541015625 -0.00836181640625 -0.0261611938476562 -0.0901718139648438
0.38397216796875 0.010894775390625 -0.0457305908203125 -0.103797912597656
0.44464111328125 0.04156494140625 -0.0285110473632812 -0.115303039550781
0.423614501953125 0.19024658203125 0.0221328735351563 -0.109664916992187
0.25482177734375 0.362091064453125 0.0329132080078125 -0.128349304199219
0.053863525390625 0.476470947265625 0.115959167480469 -0.114128112792969
-0.3170166015625 0.410125732421875 0.26055908203125 -0.08099365234375
-0.57489013671875 0.2021484375 0.295654296875 0.040557861328125
-0.6593017578125 0.0664062499999998 0.306976318359375 0.19415283203125
-0.67901611328125 0.11669921875 -0.159149169921875 -0.180709838867188
-0.529296875 0.34588623046875 -0.113311767578125 -0.0597000122070312
-0.2056884765625 0.45062255859375 -0.00145339965820314 -0.0525398254394531
0.0788574218750001 0.441253662109375 -0.00330352783203125 -0.108070373535156
0.264129638671875 0.2850341796875 -0.0808563232421875 -0.123908996582031
0.415618896484375 0.100982666015625 -0.111541748046875 -0.0926284790039063
0.392578125 -0.04742431640625 -0.176025390625 -0.0407562255859375
0.35565185546875 -0.020751953125 -0.1951904296875 -0.0370025634765625
0.41546630859375 0.008880615234375 -0.183258056640625 -0.0731964111328125
0.40155029296875 0.1483154296875 -0.124176025390625 -0.125991821289063
0.25140380859375 0.3258056640625 -0.06927490234375 -0.178970336914062
0.0649414062499999 0.447052001953125 0.0695648193359375 -0.168380737304687
-0.29718017578125 0.39862060546875 0.22259521484375 -0.0888519287109375
-0.57208251953125 0.2086181640625 0.154953002929688 0.0870513916015625
-0.6778564453125 0.0776367187500001 0.0806427001953125 0.173171997070313
-0.58856201171875 0.14434814453125 -0.33685302734375 -0.120025634765625
-0.438385009765625 0.343353271484375 -0.190475463867188 0.021087646484375
-0.130035400390625 0.3978271484375 -0.00568389892578126 -0.0292568206787109
0.11224365234375 0.350372314453125 -0.038238525390625 -0.140060424804687
0.246978759765625 0.199798583984375 -0.157760620117187 -0.138900756835938
0.343963623046875 0.0380859375 -0.226287841796875 -0.07159423828125
0.29901123046875 -0.07501220703125 -0.296661376953125 0.019989013671875
0.272186279296875 -0.04827880859375 -0.315185546875 0.0348205566406251
0.317840576171875 -0.02532958984375 -0.3092041015625 -0.024322509765625
0.310150146484375 0.07574462890625 -0.2437744140625 -0.130447387695313
0.204330444335938 0.221023559570312 -0.1488037109375 -0.207427978515625
0.072845458984375 0.325653076171875 0.0275726318359375 -0.199905395507812
-0.20721435546875 0.315948486328125 0.168441772460938 -0.0801849365234375
-0.45526123046875 0.190887451171875 0.0118255615234375 0.127059936523438
-0.58251953125 0.0925903320312501 -0.13519287109375 0.149124145507813
-0.413787841796875 0.134918212890625 -0.48779296875 -0.075469970703125
-0.293914794921875 0.263824462890625 -0.2669677734375 0.0776977539062501
-0.061187744140625 0.28173828125 -0.0291061401367188 -0.000158309936523426
0.110137939453125 0.217453002929687 -0.076934814453125 -0.144439697265625
0.185302734375 0.0992431640625 -0.215179443359375 -0.127243041992188
0.219558715820312 -0.02081298828125 -0.30810546875 -0.0335693359375
0.163619995117188 -0.0859527587890625 -0.373748779296875 0.0782165527343749
0.146774291992188 -0.0663604736328125 -0.3868408203125 0.0988769531250001
0.169036865234375 -0.0567779541015625 -0.383697509765625 0.02056884765625
0.172836303710938 -0.014801025390625 -0.314666748046875 -0.123321533203125
0.13519287109375 0.0759353637695313 -0.189132690429688 -0.209671020507813
0.0852813720703125 0.1529541015625 7.62939453125124E-05 -0.204025268554688
-0.0672149658203125 0.199188232421875 0.114677429199219 -0.0573654174804687
-0.258773803710938 0.166839599609375 -0.098480224609375 0.158798217773438
-0.398895263671875 0.1156005859375 -0.30218505859375 0.132232666015625
0.077728271484375 -0.191909790039063 0.29693603515625 -0.3095703125
-0.066497802734375 -0.20404052734375 0.069091796875 -0.245361328125
-0.161346435546875 -0.0220794677734375 -0.111488342285156 0.0315475463867187
-0.105766296386719 0.0915451049804688 0.0382843017578125 0.218475341796875
-0.0372085571289063 0.102981567382813 0.23101806640625 0.168075561523438
0.0191574096679687 0.111228942871094 0.376068115234375 0.019317626953125
0.0551223754882813 0.0870437622070313 0.393707275390625 -0.16357421875
0.0283737182617188 0.0942535400390625 0.35791015625 -0.2376708984375
0.000717163085937509 0.11541748046875 0.34906005859375 -0.193603515625
-0.0555496215820312 0.102119445800781 0.333099365234375 -0.064453125
-0.102813720703125 0.0310897827148437 0.2545166015625 0.0233154296875
-0.105384826660156 -0.0479049682617188 0.147293090820312 0.064056396484375
-0.0109100341796875 -0.146194458007813 0.128311157226563 -0.00681304931640626
0.13934326171875 -0.166702270507813 0.3609619140625 -0.146728515625
0.224594116210937 -0.1019287109375 0.630615234375 0.066162109375
-0.172256469726563 -0.132980346679687 0.302947998046875 -0.326263427734375
-0.257125854492188 -0.0862579345703125 0.0731658935546875 -0.2586669921875
-0.248611450195313 0.119186401367188 -0.0931243896484375 -0.010345458984375
-0.0948486328125 0.24859619140625 0.036407470703125 0.163131713867188
0.053741455078125 0.213729858398438 0.194244384765625 0.115432739257813
0.17938232421875 0.146469116210938 0.331695556640625 -0.0164794921875
0.207794189453125 0.0516510009765625 0.337432861328125 -0.176361083984375
0.167388916015625 0.06207275390625 0.3052978515625 -0.24761962890625
0.162109375 0.08428955078125 0.30816650390625 -0.214569091796875
0.114570617675781 0.120262145996094 0.317657470703125 -0.09356689453125
0.02685546875 0.123497009277344 0.246719360351563 -0.01177978515625
-0.0311355590820313 0.104446411132813 0.166229248046875 0.0288543701171875
-0.06805419921875 0.0339889526367187 0.18658447265625 -0.040802001953125
-0.0485115051269531 -0.0214614868164063 0.419036865234375 -0.137359619140625
-0.0255393981933594 -0.00968360900878907 0.65460205078125 0.13983154296875
-0.380401611328125 -0.08404541015625 0.261474609375 -0.306549072265625
-0.3990478515625 0.01763916015625 0.060943603515625 -0.2435302734375
-0.29364013671875 0.25225830078125 -0.0757217407226563 -0.0405349731445313
-0.061492919921875 0.370208740234375 0.0336456298828125 0.0952529907226563
0.139617919921875 0.2906494140625 0.139213562011719 0.04620361328125
0.31072998046875 0.15911865234375 0.24481201171875 -0.05401611328125
0.32769775390625 0.013458251953125 0.231124877929688 -0.172653198242187
0.28466796875 0.02215576171875 0.201919555664063 -0.230819702148438
0.306976318359375 0.043060302734375 0.216293334960938 -0.211776733398438
0.276992797851563 0.1302490234375 0.252456665039063 -0.119033813476562
0.153427124023438 0.2174072265625 0.203094482421875 -0.0568389892578125
0.0366363525390625 0.261978149414063 0.170669555664063 -0.0220947265625
-0.144317626953125 0.211502075195312 0.237823486328125 -0.080169677734375
-0.251861572265625 0.114242553710938 0.43841552734375 -0.119354248046875
-0.282684326171875 0.067047119140625 0.64935302734375 0.1019287109375
-0.55194091796875 0.0307922363281251 0.139984130859375 -0.305328369140625
-0.48980712890625 0.1756591796875 0.00335693359374997 -0.215789794921875
-0.291168212890625 0.3480224609375 -0.0502395629882813 -0.0627403259277343
-0.02490234375 0.43487548828125 0.0244312286376953 0.0189342498779297
0.1949462890625 0.3253173828125 0.0674667358398438 -0.0214004516601562
0.383148193359375 0.16168212890625 0.129867553710938 -0.0755157470703125
0.393951416015625 -0.00494384765625 0.102569580078125 -0.130859375
0.349273681640625 0.01019287109375 0.0797119140625 -0.167404174804688
0.395050048828125 0.03375244140625 0.099334716796875 -0.164886474609375
0.374786376953125 0.15753173828125 0.147171020507813 -0.115188598632812
0.22802734375 0.299774169921875 0.126167297363281 -0.0935440063476563
0.065155029296875 0.3902587890625 0.153366088867188 -0.07177734375
-0.23089599609375 0.339874267578125 0.264541625976562 -0.0889129638671875
-0.433502197265625 0.186859130859375 0.396270751953125 -0.04290771484375
-0.494476318359375 0.0925598144531251 0.512115478515625 0.155059814453125
-0.6361083984375 0.10650634765625 -0.00019836425781256 -0.25848388671875
-0.51287841796875 0.300323486328125 -0.0535736083984375 -0.1534423828125
-0.23681640625 0.425872802734375 -0.0286979675292969 -0.0692024230957031
0.048614501953125 0.45257568359375 0.00941085815429688 -0.0537872314453125
0.251800537109375 0.306549072265625 -0.0118026733398437 -0.0849838256835937
0.42010498046875 0.115875244140625 -0.000335693359374981 -0.095245361328125
0.408294677734375 -0.0472412109375 -0.0459136962890625 -0.088104248046875
0.370880126953125 -0.0234375 -0.0668334960937499 -0.102218627929688
0.4315185546875 -0.00146484375 -0.0504302978515625 -0.119956970214844
0.425140380859375 0.143096923828125 0.00772094726562501 -0.125587463378906
0.27655029296875 0.3271484375 0.0225677490234375 -0.144515991210937
0.092864990234375 0.4527587890625 0.112648010253906 -0.133773803710937
-0.27020263671875 0.414337158203125 0.256683349609375 -0.10888671875
-0.53680419921875 0.239593505859375 0.3006591796875 0.011627197265625
-0.62396240234375 0.12054443359375 0.326873779296875 0.162109375
-0.63836669921875 0.17840576171875 -0.163223266601563 -0.189071655273438
-0.472869873046875 0.3822021484375 -0.114494323730469 -0.0691452026367187
-0.155792236328125 0.4493408203125 -0.0149116516113281 -0.0615425109863281
0.1177978515625 0.4132080078125 -0.0189971923828125 -0.110000610351562
0.278274536132812 0.244903564453125 -0.0957183837890625 -0.121536254882812
0.402008056640625 0.0537109375 -0.127761840820312 -0.0883026123046875
0.364410400390625 -0.08544921875 -0.18316650390625 -0.0269012451171875
0.335968017578125 -0.056304931640625 -0.2032470703125 -0.02276611328125
0.397064208984375 -0.0350341796875 -0.195648193359375 -0.062652587890625
0.398101806640625 0.099517822265625 -0.135139465332031 -0.126594543457031
0.27294921875 0.28839111328125 -0.08245849609375 -0.1827392578125
0.10711669921875 0.42022705078125 0.0597686767578125 -0.182296752929687
-0.24786376953125 0.40570068359375 0.216552734375 -0.11590576171875
-0.53143310546875 0.251983642578125 0.169586181640625 0.067169189453125
-0.6436767578125 0.1414794921875 0.108535766601562 0.160842895507813
-0.554931640625 0.20318603515625 -0.325042724609375 -0.111602783203125
-0.383575439453125 0.380035400390625 -0.177719116210938 0.0171661376953125
-0.0819091796875 0.398834228515625 -0.0154266357421875 -0.0399093627929687
0.14837646484375 0.3232421875 -0.05499267578125 -0.136817932128906
0.258926391601563 0.160186767578125 -0.169281005859375 -0.125930786132812
0.327301025390625 -0.006927490234375 -0.232742309570312 -0.055908203125
0.270050048828125 -0.10723876953125 -0.29083251953125 0.043731689453125
0.250442504882813 -0.0771484375 -0.30877685546875 0.0589599609375
0.29547119140625 -0.062286376953125 -0.3089599609375 -0.0020751953125
0.30072021484375 0.03424072265625 -0.250701904296875 -0.11834716796875
0.218582153320313 0.185592651367188 -0.163040161132813 -0.200332641601563
0.1070556640625 0.300506591796875 0.013031005859375 -0.206924438476562
-0.163238525390625 0.319549560546875 0.162857055664063 -0.102645874023437
-0.418121337890625 0.232513427734375 0.035308837890625 0.119194030761719
-0.552215576171875 0.155975341796875 -0.100494384765625 0.158203125
-0.393157958984375 0.183135986328125 -0.467742919921875 -0.0531005859375
-0.255340576171875 0.297210693359375 -0.245391845703125 0.0799713134765625
-0.024871826171875 0.28546142578125 -0.0350742340087891 -0.00890350341796874
0.138168334960938 0.197738647460938 -0.0932693481445312 -0.135391235351563
0.194046020507813 0.06787109375 -0.22186279296875 -0.105850219726562
0.205673217773437 -0.053924560546875 -0.304656982421875 -0.00848388671874994
0.138008117675781 -0.107765197753906 -0.355010986328125 0.109832763671875
0.125282287597656 -0.0865631103515625 -0.366241455078125 0.12994384765625
0.1470947265625 -0.0794830322265625 -0.371337890625 0.050750732421875
0.157470703125 -0.044158935546875 -0.317230224609375 -0.1011962890625
0.138229370117188 0.048095703125 -0.201446533203125 -0.195327758789063
0.105140686035156 0.129310607910156 -0.013763427734375 -0.2044677734375
-0.0332183837890625 0.195755004882813 0.111709594726563 -0.0721206665039062
-0.22698974609375 0.197616577148437 -0.0687408447265625 0.162796020507813
-0.37158203125 0.16815185546875 -0.263595581054688 0.160064697265625
0.0568695068359375 -0.20489501953125 0.24664306640625 -0.310394287109375
-0.097381591796875 -0.199111938476562 0.0360107421875 -0.236709594726563
-0.170120239257813 -0.00222778320312502 -0.111328125 0.040557861328125
-0.0986557006835938 0.110450744628906 0.04559326171875 0.210540771484375
-0.0235977172851563 0.114669799804688 0.227584838867187 0.151748657226563
0.0397109985351563 0.113410949707031 0.359710693359375 0.000976562500000007
0.0747756958007813 0.0831069946289063 0.3634033203125 -0.174224853515625
0.0473098754882813 0.0928115844726563 0.321685791015625 -0.245269775390625
0.0242156982421875 0.119041442871094 0.31622314453125 -0.204803466796875
-0.0380020141601562 0.116294860839844 0.31256103515625 -0.08251953125
-0.101493835449219 0.050048828125 0.246124267578125 0.00299072265625
-0.117202758789063 -0.0330429077148438 0.152313232421875 0.0495147705078125
-0.0322723388671875 -0.14825439453125 0.132980346679688 -0.00484466552734376
0.116897583007813 -0.18975830078125 0.335845947265625 -0.14398193359375
0.210739135742188 -0.132827758789063 0.59771728515625 0.04656982421875
-0.173812866210938 -0.135726928710938 0.25152587890625 -0.3321533203125
-0.268035888671875 -0.08026123046875 0.0385589599609375 -0.252853393554687
-0.244964599609375 0.133071899414062 -0.0986557006835938 -0.00308990478515626
-0.080718994140625 0.255722045898438 0.03839111328125 0.15545654296875
0.0669403076171875 0.21343994140625 0.185653686523437 0.1002197265625
0.190155029296875 0.137069702148438 0.309539794921875 -0.03143310546875
0.213882446289062 0.040863037109375 0.303436279296875 -0.183685302734375
0.175460815429688 0.054595947265625 0.264785766601563 -0.252273559570313
0.172042846679688 0.08001708984375 0.270370483398438 -0.22515869140625
0.120681762695313 0.121292114257812 0.291046142578125 -0.11395263671875
0.0247726440429688 0.128639221191406 0.235427856445312 -0.0341949462890625
-0.0374069213867188 0.103614807128906 0.169509887695312 0.01116943359375
-0.074005126953125 0.0211868286132812 0.186309814453125 -0.044342041015625
-0.0488166809082031 -0.0424308776855469 0.39324951171875 -0.1439208984375
-0.0166740417480469 -0.0313282012939453 0.6282958984375 0.108154296875
-0.36322021484375 -0.075653076171875 0.215545654296875 -0.31927490234375
-0.389556884765625 0.02508544921875 0.028076171875 -0.242843627929688
-0.277984619140625 0.25579833984375 -0.0850143432617188 -0.0356216430664062
-0.043670654296875 0.364898681640625 0.029571533203125 0.088623046875
0.14959716796875 0.279052734375 0.126327514648438 0.0356979370117188
0.310028076171875 0.14105224609375 0.219833374023438 -0.064178466796875
0.320770263671875 -0.001617431640625 0.197586059570313 -0.174880981445312
0.280014038085938 0.009796142578125 0.162628173828125 -0.230880737304688
0.302459716796875 0.03033447265625 0.1781005859375 -0.218780517578125
0.271759033203125 0.117355346679688 0.225296020507813 -0.139144897460938
0.150726318359375 0.206802368164062 0.1904296875 -0.0797576904296875
0.0379791259765625 0.246261596679687 0.171356201171875 -0.0415802001953125
-0.134628295898438 0.194244384765625 0.233596801757813 -0.0904693603515625
-0.233901977539062 0.100921630859375 0.415985107421875 -0.13299560546875
-0.25469970703125 0.0597686767578125 0.625732421875 0.0677490234375
-0.515838623046875 0.04632568359375 0.10308837890625 -0.318145751953125
-0.45977783203125 0.181396484375 -0.023284912109375 -0.218505859375
-0.267425537109375 0.341796875 -0.0633468627929688 -0.0613670349121094
-0.00534057617187498 0.417388916015625 0.0148458480834961 0.0142488479614258
0.199859619140625 0.303802490234375 0.052581787109375 -0.0277748107910156
0.372589111328125 0.136932373046875 0.104995727539063 -0.0809249877929687
0.3758544921875 -0.023406982421875 0.075775146484375 -0.129478454589844
0.3349609375 -0.0068359375 0.0499420166015625 -0.165390014648438
0.379119873046875 0.012725830078125 0.068511962890625 -0.169952392578125
0.364349365234375 0.13238525390625 0.124656677246094 -0.133102416992188
0.228012084960937 0.276657104492188 0.114662170410156 -0.113357543945312
0.075347900390625 0.3646240234375 0.151016235351563 -0.0911102294921875
-0.205657958984375 0.322418212890625 0.258392333984375 -0.105194091796875
-0.40020751953125 0.185516357421875 0.383209228515625 -0.064117431640625
-0.45391845703125 0.101898193359375 0.5042724609375 0.119049072265625
-0.58880615234375 0.129638671875 -0.0220794677734375 -0.271331787109375
-0.4644775390625 0.30584716796875 -0.0703277587890625 -0.160812377929687
-0.205352783203125 0.41046142578125 -0.04400634765625 -0.071441650390625
0.067657470703125 0.42376708984375 -0.00254058837890624 -0.0554046630859375
0.2509765625 0.275588989257813 -0.0265884399414062 -0.0853424072265625
0.39971923828125 0.087799072265625 -0.021453857421875 -0.0944976806640625
0.3795166015625 -0.067413330078125 -0.0617752075195312 -0.0815811157226563
0.349151611328125 -0.042938232421875 -0.0846405029296875 -0.0943984985351563
0.406341552734375 -0.0263671875 -0.0703125 -0.117591857910156
0.408447265625 0.109649658203125 -0.00924682617187498 -0.135543823242188
0.280059814453125 0.293304443359375 0.0115814208984375 -0.156341552734375
0.11181640625 0.41864013671875 0.10650634765625 -0.149383544921875
-0.234710693359375 0.3983154296875 0.24737548828125 -0.1282958984375
-0.494903564453125 0.250335693359375 0.296630859375 -0.01092529296875
-0.574462890625 0.14385986328125 0.332611083984375 0.133331298828125
-0.5888671875 0.20574951171875 -0.165420532226562 -0.199966430664063
-0.4166259765625 0.38775634765625 -0.118278503417969 -0.080596923828125
-0.12054443359375 0.427642822265625 -0.0294990539550781 -0.0664253234863281
0.135345458984375 0.377899169921875 -0.031982421875 -0.107734680175781
0.273468017578125 0.210159301757813 -0.1064453125 -0.1151123046875
0.374603271484375 0.024810791015625 -0.139701843261719 -0.0811996459960938
0.330322265625 -0.103240966796875 -0.186111450195312 -0.01641845703125
0.309356689453125 -0.073638916015625 -0.206573486328125 -0.0110626220703125
0.367095947265625 -0.058319091796875 -0.202789306640625 -0.05352783203125
0.376556396484375 0.06414794921875 -0.144912719726562 -0.127456665039063
0.272735595703125 0.251434326171875 -0.092376708984375 -0.184890747070312
0.12689208984375 0.383941650390625 0.0507049560546875 -0.19219970703125
-0.208038330078125 0.3902587890625 0.206130981445313 -0.134292602539062
-0.485443115234375 0.269287109375 0.175582885742187 0.046966552734375
-0.591796875 0.17498779296875 0.128036499023437 0.142852783203125
-0.510650634765625 0.235321044921875 -0.309906005859375 -0.119293212890625
-0.329742431640625 0.3895263671875 -0.169052124023438 0.00300598144531249
-0.0467529296875 0.3812255859375 -0.0272445678710938 -0.0468406677246094
0.166351318359375 0.28887939453125 -0.0669021606445312 -0.130546569824219
0.252548217773438 0.126373291015625 -0.173538208007812 -0.113784790039062
0.2979736328125 -0.033355712890625 -0.23358154296875 -0.0440826416015625
0.235183715820313 -0.121368408203125 -0.280181884765625 0.0570220947265625
0.221969604492188 -0.0916900634765625 -0.29681396484375 0.073272705078125
0.264266967773438 -0.0812225341796875 -0.3021240234375 0.012298583984375
0.2757568359375 0.0034942626953125 -0.252471923828125 -0.10980224609375
0.21630859375 0.153106689453125 -0.1697998046875 -0.19384765625
0.123748779296875 0.2662353515625 0.00347900390625002 -0.209396362304687
-0.125579833984375 0.30487060546875 0.153274536132813 -0.118194580078125
-0.373931884765625 0.252044677734375 0.0520248413085937 0.104789733886719
-0.503326416015625 0.193023681640625 -0.0684967041015625 0.15289306640625
-0.362396240234375 0.212921142578125 -0.440093994140625 -0.049468994140625
-0.2144775390625 0.312286376953125 -0.226882934570313 0.06817626953125
0.00462341308593751 0.277511596679687 -0.0426979064941406 -0.0164451599121094
0.154098510742187 0.172622680664063 -0.102348327636719 -0.124565124511719
0.190170288085938 0.040435791015625 -0.219940185546875 -0.0875244140625
0.18280029296875 -0.075927734375 -0.2935791015625 0.007781982421875
0.108657836914063 -0.117073059082031 -0.331756591796875 0.1241455078125
0.101600646972656 -0.09405517578125 -0.341461181640625 0.1441650390625
0.120323181152344 -0.0908203125 -0.352935791015625 0.0672302246093751
0.133270263671875 -0.0630950927734375 -0.310455322265625 -0.0867919921875
0.130897521972656 0.0234451293945313 -0.203567504882813 -0.182159423828125
0.11309814453125 0.101890563964844 -0.0229949951171875 -0.201980590820313
-0.00660705566406251 0.181060791015625 0.105934143066406 -0.0828857421875
-0.190994262695312 0.211669921875 -0.0418853759765625 0.155715942382813
-0.3331298828125 0.200408935546875 -0.2218017578125 0.16796875
0.0382843017578125 -0.216079711914062 0.208648681640625 -0.297576904296875
-0.12298583984375 -0.19232177734375 0.0129241943359375 -0.22064208984375
-0.175643920898437 0.0145721435546875 -0.111747741699219 0.0483474731445313
-0.0915069580078125 0.126312255859375 0.0463409423828125 0.207366943359375
-0.0105361938476562 0.124557495117187 0.220474243164063 0.145126342773438
0.0588302612304688 0.113517761230469 0.34722900390625 -0.00448608398437499
0.091552734375 0.076263427734375 0.34295654296875 -0.172210693359375
0.0652313232421875 0.08892822265625 0.2960205078125 -0.24072265625
0.046112060546875 0.118553161621094 0.292510986328125 -0.204254150390625
-0.020843505859375 0.12640380859375 0.293853759765625 -0.0875244140625
-0.0983200073242188 0.0675506591796875 0.237625122070313 -0.00765991210937499
-0.125968933105469 -0.0179901123046875 0.155227661132813 0.0390167236328125
-0.0508270263671875 -0.148971557617188 0.14190673828125 -0.00120544433593751
0.095703125 -0.208084106445313 0.32421875 -0.129852294921875
0.196060180664063 -0.156509399414063 0.57086181640625 0.0517578125
-0.176193237304688 -0.14642333984375 0.21173095703125 -0.32452392578125
-0.2811279296875 -0.0777435302734375 0.01422119140625 -0.2410888671875
-0.246810913085937 0.142715454101563 -0.103012084960938 0.00452423095703125
-0.0726165771484375 0.26361083984375 0.0347137451171875 0.151611328125
0.0749053955078125 0.2176513671875 0.173736572265625 0.0953369140625
0.200424194335938 0.134353637695313 0.292205810546875 -0.033782958984375
0.220962524414063 0.0355224609375 0.278396606445313 -0.177841186523438
0.183853149414063 0.0502777099609375 0.235733032226563 -0.24395751953125
0.182861328125 0.0794525146484375 0.241256713867188 -0.223648071289063
0.127281188964844 0.126296997070313 0.268875122070313 -0.121429443359375
0.0218124389648437 0.1375732421875 0.223770141601563 -0.048828125
-0.0475997924804687 0.106742858886719 0.170608520507813 -0.00355529785156249
-0.08709716796875 0.00916290283203124 0.191360473632813 -0.0452117919921875
-0.0559844970703125 -0.0652961730957031 0.379608154296875 -0.13616943359375
-0.013946533203125 -0.0555152893066406 0.6036376953125 0.102783203125
-0.348876953125 -0.08367919921875 0.178070068359375 -0.321136474609375
-0.38812255859375 0.021484375 0.00357055664062496 -0.237899780273438
-0.275177001953125 0.254898071289062 -0.0938339233398438 -0.0287628173828125
-0.0382080078125 0.362152099609375 0.0235748291015625 0.0857009887695313
0.152435302734375 0.274520874023438 0.112052917480469 0.0327377319335938
0.310302734375 0.135498046875 0.198974609375 -0.0623016357421875
0.316619873046875 -0.006591796875 0.173538208007813 -0.1661376953125
0.278396606445313 0.0059356689453125 0.134124755859375 -0.220474243164063
0.30084228515625 0.027587890625 0.148651123046875 -0.214828491210938
0.267913818359375 0.115524291992188 0.201675415039063 -0.148605346679688
0.143768310546875 0.20489501953125 0.177413940429688 -0.0947113037109375
0.029754638671875 0.23785400390625 0.17034912109375 -0.0578765869140625
-0.137649536132812 0.17401123046875 0.234481811523438 -0.095794677734375
-0.227294921875 0.0792236328125 0.403594970703125 -0.13458251953125
-0.237045288085937 0.0392303466796875 0.60626220703125 0.05645751953125
-0.48822021484375 0.040374755859375 0.072479248046875 -0.3226318359375
-0.44146728515625 0.17254638671875 -0.0455169677734375 -0.217376708984375
-0.26019287109375 0.33050537109375 -0.0755157470703125 -0.057586669921875
-0.00128173828125 0.404937744140625 0.00538253784179688 0.0138797760009766
0.194854736328125 0.293609619140625 0.038116455078125 -0.0287857055664062
0.361541748046875 0.129486083984375 0.08428955078125 -0.0775070190429687
0.36175537109375 -0.0284423828125 0.0547866821289063 -0.121269226074219
0.325408935546875 -0.010986328125 0.0256805419921875 -0.155685424804687
0.367919921875 0.00750732421875 0.0427703857421875 -0.167205810546875
0.35186767578125 0.12225341796875 0.103897094726563 -0.14337158203125
0.22052001953125 0.26458740234375 0.102386474609375 -0.127632141113281
0.071380615234375 0.34716796875 0.148330688476563 -0.10772705078125
-0.199462890625 0.299041748046875 0.256423950195313 -0.114852905273438
-0.38189697265625 0.1697998046875 0.373748779296875 -0.072662353515625
-0.423614501953125 0.090911865234375 0.494140625 0.1005859375
-0.551177978515625 0.12860107421875 -0.041473388671875 -0.284027099609375
-0.436859130859375 0.291656494140625 -0.0875244140625001 -0.167510986328125
-0.194091796875 0.388824462890625 -0.058197021484375 -0.0714263916015625
0.068939208984375 0.400543212890625 -0.0135841369628906 -0.0545845031738281
0.241073608398438 0.258865356445313 -0.0397567749023437 -0.0835342407226562
0.3775634765625 0.07843017578125 -0.038330078125 -0.0892410278320313
0.3568115234375 -0.069183349609375 -0.0756378173828125 -0.0739593505859375
0.330810546875 -0.0458984375 -0.0999069213867187 -0.0855636596679688
0.38470458984375 -0.033233642578125 -0.0884628295898437 -0.11328125
0.38818359375 0.093231201171875 -0.0258636474609375 -0.143234252929688
0.269088745117188 0.2745361328125 6.10351562500211E-05 -0.167694091796875
0.11163330078125 0.3941650390625 0.1016845703125 -0.162506103515625
-0.2208251953125 0.37457275390625 0.242645263671875 -0.140899658203125
-0.467132568359375 0.2418212890625 0.29290771484375 -0.02392578125
-0.536651611328125 0.1424560546875 0.33233642578125 0.1136474609375
-0.547821044921875 0.2100830078125 -0.171798706054688 -0.217437744140625
-0.379180908203125 0.374786376953125 -0.127334594726563 -0.0954132080078125
-0.103485107421875 0.40460205078125 -0.0434913635253906 -0.0694313049316406
0.136322021484375 0.34893798828125 -0.0421905517578125 -0.104667663574219
0.259613037109375 0.189682006835938 -0.115501403808594 -0.110641479492187
0.347564697265625 0.01544189453125 -0.150070190429687 -0.0753173828125
0.30224609375 -0.10394287109375 -0.191024780273437 -0.00848388671875004
0.2857666015625 -0.07550048828125 -0.2103271484375 -0.00323486328124997
0.34014892578125 -0.065948486328125 -0.210845947265625 -0.0486602783203125
0.352935791015625 0.048126220703125 -0.155624389648437 -0.130935668945312
0.264144897460938 0.228729248046875 -0.101425170898437 -0.190383911132813
0.12945556640625 0.356414794921875 0.044281005859375 -0.20196533203125
-0.189727783203125 0.3675537109375 0.198577880859375 -0.1475830078125
-0.4525146484375 0.267822265625 0.177734375 0.030517578125
-0.548919677734375 0.18218994140625 0.141006469726562 0.125
-0.472320556640625 0.2449951171875 -0.301788330078125 -0.137237548828125
-0.292572021484375 0.383575439453125 -0.168731689453125 -0.0162200927734375
-0.0281982421875 0.36077880859375 -0.0403404235839844 -0.052398681640625
0.170852661132812 0.259597778320313 -0.0758743286132813 -0.125930786132812
0.239730834960938 0.103958129882813 -0.176284790039062 -0.107772827148438
0.27142333984375 -0.0443267822265625 -0.235061645507812 -0.03863525390625
0.20611572265625 -0.120346069335938 -0.272918701171875 0.0616302490234375
0.198898315429688 -0.0924072265625 -0.289886474609375 0.0789794921875
0.236038208007813 -0.085357666015625 -0.2996826171875 0.0177001953125
0.25042724609375 -0.0102691650390625 -0.2547607421875 -0.10968017578125
0.204910278320313 0.130325317382813 -0.173583984375 -0.19354248046875
0.12530517578125 0.238510131835938 -0.00250244140624997 -0.21417236328125
-0.105712890625 0.284698486328125 0.145767211914063 -0.12896728515625
-0.34033203125 0.25390625 0.0618820190429687 0.0896224975585938
-0.460174560546875 0.204620361328125 -0.0440826416015625 0.140594482421875
-0.33636474609375 0.2298583984375 -0.419158935546875 -0.0660400390625
-0.183441162109375 0.314971923828125 -0.219940185546875 0.0487823486328126
0.024261474609375 0.267898559570313 -0.0532913208007813 -0.0225372314453125
0.161819458007813 0.151229858398438 -0.1082763671875 -0.116722106933594
0.182418823242187 0.018524169921875 -0.215682983398437 -0.0783233642578124
0.160125732421875 -0.0868682861328125 -0.284942626953125 0.014068603515625
0.0837936401367188 -0.116302490234375 -0.315399169921875 0.12701416015625
0.0806655883789063 -0.0935592651367188 -0.324615478515625 0.14581298828125
0.09564208984375 -0.091583251953125 -0.34075927734375 0.071075439453125
0.108924865722656 -0.0720748901367188 -0.306488037109375 -0.08428955078125
0.118209838867188 0.00426483154296875 -0.203170776367188 -0.179367065429688
0.112220764160156 0.07843017578125 -0.026885986328125 -0.201004028320313
0.0101165771484375 0.163406372070313 0.101821899414062 -0.0916213989257812
-0.159683227539063 0.215667724609375 -0.0238037109375 0.14227294921875
-0.296966552734375 0.215911865234375 -0.186614990234375 0.160797119140625
0.0191650390625 -0.228317260742188 0.183486938476563 -0.279708862304688
-0.151138305664063 -0.185943603515625 -0.00401306152343753 -0.205947875976563
-0.1826171875 0.0331878662109375 -0.112525939941406 0.0565719604492187
-0.0827789306640625 0.143203735351562 0.0469818115234375 0.210662841796875
0.00391387939453124 0.134750366210938 0.219070434570313 0.1463623046875
0.07879638671875 0.112434387207031 0.345916748046875 -0.00323486328124999
0.110130310058594 0.0682754516601562 0.336761474609375 -0.168060302734375
0.0822372436523438 0.0845108032226563 0.285491943359375 -0.23468017578125
0.0685272216796875 0.115989685058594 0.279647827148438 -0.20208740234375
-0.0018768310546875 0.135108947753906 0.284881591796875 -0.089263916015625
-0.0922088623046875 0.0863189697265625 0.232940673828125 -0.0152740478515625
-0.133499145507812 -0.00197601318359375 0.160003662109375 0.0303192138671875
-0.0714569091796875 -0.149566650390625 0.154983520507813 0.00161743164062499
0.0719757080078125 -0.226882934570313 0.3270263671875 -0.11529541015625
0.1812744140625 -0.180679321289063 0.5640869140625 0.06732177734375
-0.186111450195312 -0.162246704101563 0.18212890625 -0.313995361328125
-0.301239013671875 -0.076507568359375 -0.00700378417968752 -0.228164672851562
-0.253799438476563 0.155410766601563 -0.108383178710938 0.0115966796875
-0.066680908203125 0.276138305664063 0.031494140625 0.154739379882813
0.0860137939453125 0.22479248046875 0.166702270507813 0.0980072021484375
0.216018676757813 0.133026123046875 0.28326416015625 -0.0291748046875
0.23388671875 0.0305023193359375 0.267486572265625 -0.169723510742188
0.19720458984375 0.0474853515625 0.218917846679687 -0.235260009765625
0.199234008789063 0.07781982421875 0.222381591796875 -0.218490600585938
0.139015197753906 0.134941101074219 0.253555297851562 -0.126449584960937
0.0216217041015625 0.152603149414063 0.216033935546875 -0.059722900390625
-0.0593032836914063 0.114631652832031 0.173660278320313 -0.0154876708984375
-0.105010986328125 0.00028228759765626 0.202239990234375 -0.04718017578125
-0.07086181640625 -0.0898590087890625 0.3809814453125 -0.12994384765625
-0.0171585083007812 -0.0820236206054688 0.59527587890625 0.10845947265625
-0.348480224609375 -0.100494384765625 0.147857666015625 -0.319488525390625
-0.40008544921875 0.016265869140625 -0.01959228515625 -0.231063842773438
-0.28326416015625 0.25927734375 -0.102775573730469 -0.0235519409179687
-0.035247802734375 0.368743896484375 0.0160293579101562 0.0884857177734375
0.1572265625 0.280105590820313 0.100387573242188 0.0357818603515625
0.317901611328125 0.136962890625 0.185501098632813 -0.057098388671875
0.322296142578125 -0.008453369140625 0.157379150390625 -0.155868530273437
0.285003662109375 0.0040283203125 0.114089965820313 -0.208602905273438
0.30938720703125 0.02734375 0.125350952148438 -0.2088623046875
0.271041870117188 0.120742797851563 0.181564331054688 -0.154586791992188
0.140304565429688 0.2137451171875 0.165725708007813 -0.108474731445312
0.017852783203125 0.240066528320313 0.171127319335937 -0.0746307373046875
-0.152297973632813 0.161880493164063 0.2423095703125 -0.103164672851562
-0.235321044921875 0.056121826171875 0.404022216796875 -0.13372802734375
-0.231903076171875 0.0138092041015625 0.60107421875 0.05389404296875
-0.476837158203125 0.0232849121093751 0.0433959960937499 -0.3282470703125
-0.444488525390625 0.161041259765625 -0.0698699951171875 -0.217041015625
-0.266571044921875 0.326507568359375 -0.0888671875 -0.0539627075195312
-0.00402832031250002 0.403900146484375 -0.00362300872802734 0.0146493911743164
0.19189453125 0.294830322265625 0.0230998992919922 -0.0256996154785156
0.359893798828125 0.131378173828125 0.0678939819335938 -0.0706405639648437
0.35919189453125 -0.02667236328125 0.038848876953125 -0.11083984375
0.324737548828125 -0.010986328125 0.006683349609375 -0.145431518554688
0.36602783203125 0.008880615234375 0.0197906494140625 -0.16107177734375
0.348236083984375 0.122344970703125 0.0828704833984375 -0.152191162109375
0.215072631835937 0.266403198242187 0.09002685546875 -0.143585205078125
0.0615234375 0.341766357421875 0.147018432617188 -0.125
-0.20550537109375 0.284637451171875 0.261367797851563 -0.126815795898437
-0.38031005859375 0.152984619140625 0.376373291015625 -0.080810546875
-0.408843994140625 0.0729370117187499 0.493194580078125 0.09173583984375
-0.5313720703125 0.117950439453125 -0.0643310546875 -0.29833984375
-0.426544189453125 0.277099609375 -0.108718872070313 -0.174224853515625
-0.196563720703125 0.37701416015625 -0.0738449096679688 -0.07012939453125
0.06396484375 0.39202880859375 -0.0248298645019531 -0.0530204772949219
0.233062744140625 0.25738525390625 -0.0530624389648437 -0.0810089111328125
0.36895751953125 0.08160400390625 -0.0537185668945312 -0.0820846557617188
0.345916748046875 -0.065338134765625 -0.0899200439453125 -0.0642471313476563
0.32275390625 -0.04425048828125 -0.116401672363281 -0.0750885009765625
0.37481689453125 -0.03326416015625 -0.108299255371094 -0.107391357421875
0.376617431640625 0.09051513671875 -0.0458526611328125 -0.150283813476563
0.26226806640625 0.268844604492188 -0.013092041015625 -0.1793212890625
0.1065673828125 0.3839111328125 0.0971527099609375 -0.18109130859375
-0.221771240234375 0.359405517578125 0.241897583007813 -0.155471801757813
-0.457305908203125 0.22943115234375 0.294830322265625 -0.0380859375
-0.515350341796875 0.131500244140625 0.33782958984375 0.099517822265625
-0.521728515625 0.20654296875 -0.1856689453125 -0.239227294921875
-0.36138916015625 0.3631591796875 -0.1441650390625 -0.109420776367188
-0.100860595703125 0.387115478515625 -0.0607528686523438 -0.0720443725585937
0.13165283203125 0.33349609375 -0.0529022216796875 -0.102729797363281
0.246917724609375 0.17987060546875 -0.125816345214844 -0.109123229980469
0.330169677734375 0.0150146484375 -0.162811279296875 -0.06903076171875
0.284698486328125 -0.096832275390625 -0.19873046875 -0.00279235839843754
0.27349853515625 -0.0719146728515625 -0.220855712890625 0.00476074218749998
0.322723388671875 -0.064117431640625 -0.224395751953125 -0.0430450439453125
0.33514404296875 0.04168701171875 -0.171463012695313 -0.135177612304688
0.25494384765625 0.216842651367188 -0.113174438476562 -0.198654174804688
0.1256103515625 0.339935302734375 0.037384033203125 -0.215042114257812
-0.183074951171875 0.351715087890625 0.195449829101563 -0.161941528320312
-0.435333251953125 0.261505126953125 0.1817626953125 0.015655517578125
-0.522216796875 0.179046630859375 0.153060913085937 0.108840942382813
-0.44879150390625 0.249969482421875 -0.30645751953125 -0.163055419921875
-0.267364501953125 0.37774658203125 -0.180999755859375 -0.0366516113281249
-0.01666259765625 0.346405029296875 -0.0569419860839844 -0.0569114685058593
0.169769287109375 0.240249633789063 -0.0840377807617188 -0.123023986816406
0.227783203125 0.089752197265625 -0.181640625 -0.104339599609375
0.250198364257813 -0.048828125 -0.240325927734375 -0.0342559814453125
0.184738159179688 -0.114959716796875 -0.27471923828125 0.0645904541015625
0.182098388671875 -0.08837890625 -0.2923583984375 0.083404541015625
0.216720581054688 -0.0832061767578125 -0.305389404296875 0.021514892578125
0.228424072265625 -0.015655517578125 -0.266067504882813 -0.111663818359375
0.1934814453125 0.116348266601563 -0.183334350585938 -0.198623657226562
0.1224365234375 0.21832275390625 -0.00904846191406249 -0.223602294921875
-0.09478759765625 0.268508911132813 0.14154052734375 -0.14013671875
-0.315704345703125 0.25189208984375 0.0701522827148437 0.074432373046875
-0.431915283203125 0.209197998046875 -0.0240249633789063 0.124885559082031
-0.317626953125 0.244598388671875 -0.417327880859375 -0.091766357421875
-0.159820556640625 0.3201904296875 -0.22576904296875 0.0264739990234376
0.041229248046875 0.260879516601563 -0.0684700012207031 -0.0267219543457031
0.167984008789063 0.132827758789063 -0.115745544433594 -0.1116943359375
0.1748046875 0.00323486328125 -0.215545654296875 -0.0728302001953125
0.141143798828125 -0.0953369140625 -0.282379150390625 0.01531982421875
0.061676025390625 -0.112075805664063 -0.308807373046875 0.127227783203125
0.0633621215820313 -0.0893936157226563 -0.320465087890625 0.14630126953125
0.0755615234375 -0.0881500244140625 -0.33880615234375 0.0720825195312501
0.0855941772460938 -0.0751800537109375 -0.31024169921875 -0.0859375
0.104103088378906 -0.008026123046875 -0.206802368164062 -0.18060302734375
0.108589172363281 0.0581512451171875 -0.03045654296875 -0.20782470703125
0.023345947265625 0.14697265625 0.0984344482421875 -0.0997085571289062
-0.133377075195312 0.216812133789063 -0.01092529296875 0.129379272460938
-0.266616821289063 0.226272583007813 -0.160552978515625 0.149261474609375
-0.00630187988281248 -0.241378784179688 0.160934448242188 -0.264114379882812
-0.182449340820313 -0.173858642578125 -0.0183258056640625 -0.190475463867188
-0.188873291015625 0.0574798583984375 -0.11468505859375 0.0695343017578125
-0.070159912109375 0.164016723632813 0.052337646484375 0.2188720703125
0.0226898193359375 0.144912719726563 0.22601318359375 0.149978637695313
0.103202819824219 0.107200622558594 0.35369873046875 -0.00543212890624999
0.129692077636719 0.0555877685546875 0.338623046875 -0.16973876953125
0.100914001464844 0.0745086669921875 0.280914306640625 -0.234649658203125
0.0924453735351563 0.108985900878906 0.2730712890625 -0.204086303710938
0.02178955078125 0.14190673828125 0.281341552734375 -0.092529296875
-0.08380126953125 0.106498718261719 0.230911254882813 -0.024993896484375
-0.140487670898438 0.0182113647460937 0.16632080078125 0.020263671875
-0.0975799560546875 -0.146591186523438 0.172027587890625 -0.00158691406250001
0.042144775390625 -0.243911743164062 0.341156005859375 -0.108001708984375
0.1630859375 -0.206649780273437 0.5767822265625 0.08050537109375
-0.209274291992188 -0.17803955078125 0.154388427734375 -0.30487060546875
-0.331451416015625 -0.067169189453125 -0.0270538330078125 -0.215606689453125
-0.262680053710938 0.177719116210938 -0.114959716796875 0.023101806640625
-0.0550537109375 0.29583740234375 0.03070068359375 0.16229248046875
0.104110717773438 0.235809326171875 0.165924072265625 0.101760864257813
0.238616943359375 0.129745483398438 0.283233642578125 -0.02752685546875
0.251144409179688 0.018218994140625 0.264205932617188 -0.16534423828125
0.214736938476563 0.039703369140625 0.207046508789063 -0.229736328125
0.221908569335938 0.0734405517578125 0.208633422851563 -0.215682983398438
0.158233642578125 0.142120361328125 0.241348266601563 -0.130645751953125
0.027801513671875 0.17095947265625 0.2086181640625 -0.0725250244140625
-0.068450927734375 0.1322021484375 0.175857543945312 -0.031402587890625
-0.12908935546875 -0.00279998779296876 0.21685791015625 -0.055999755859375
-0.096160888671875 -0.109840393066406 0.391876220703125 -0.128204345703125
-0.030059814453125 -0.110374450683594 0.605712890625 0.11346435546875
-0.363983154296875 -0.116546630859375 0.117645263671875 -0.31927490234375
-0.423583984375 0.0186767578124999 -0.044158935546875 -0.223159790039062
-0.293182373046875 0.275848388671875 -0.114692687988281 -0.0124740600585937
-0.027587890625 0.386077880859375 0.0107421875 0.0956344604492188
0.171295166015625 0.290252685546875 0.09295654296875 0.042083740234375
0.33660888671875 0.134033203125 0.179306030273438 -0.05010986328125
0.336212158203125 -0.015899658203125 0.148605346679688 -0.144973754882813
0.29931640625 -0.0018310546875 0.0991058349609375 -0.197433471679688
0.32666015625 0.02349853515625 0.106781005859375 -0.202301025390625
0.2855224609375 0.12548828125 0.161880493164063 -0.15997314453125
0.144546508789063 0.228836059570313 0.152786254882813 -0.124404907226562
0.00979614257812503 0.25274658203125 0.168792724609375 -0.095458984375
-0.17279052734375 0.156448364257813 0.253768920898438 -0.118438720703125
-0.2554931640625 0.03887939453125 0.414154052734375 -0.141845703125
-0.239578247070313 -0.010833740234375 0.61151123046875 0.04766845703125
-0.485107421875 0.00982666015624997 0.00994873046874998 -0.3345947265625
-0.459228515625 0.15911865234375 -0.097198486328125 -0.212982177734375
-0.277130126953125 0.3331298828125 -0.104354858398438 -0.04632568359375
-0.00381469726562498 0.414794921875 -0.0148906707763672 0.0214939117431641
0.199920654296875 0.304473876953125 0.0106296539306641 -0.019784927368164
0.371795654296875 0.130950927734375 0.0560150146484375 -0.0616378784179687
0.3671875 -0.028961181640625 0.0258865356445313 -0.0983352661132813
0.33282470703125 -0.0118408203125 -0.0109786987304687 -0.131637573242188
0.374359130859375 0.006500244140625 -0.00238037109374999 -0.153640747070312
0.355072021484375 0.124481201171875 0.05963134765625 -0.157180786132813
0.215469360351563 0.27423095703125 0.0738983154296875 -0.159561157226562
0.057769775390625 0.348541259765625 0.14154052734375 -0.147994995117187
-0.220428466796875 0.279266357421875 0.268142700195313 -0.147018432617187
-0.39190673828125 0.14141845703125 0.38568115234375 -0.094146728515625
-0.410003662109375 0.054107666015625 0.50506591796875 0.07794189453125
-0.527862548828125 0.106903076171875 -0.0964050292968751 -0.312957763671875
-0.4300537109375 0.27154541015625 -0.137939453125 -0.17822265625
-0.2032470703125 0.37646484375 -0.0930938720703125 -0.0651626586914062
0.061492919921875 0.39434814453125 -0.0378074645996094 -0.0482940673828125
0.23162841796875 0.26116943359375 -0.0691757202148437 -0.0761184692382813
0.370880126953125 0.084014892578125 -0.0694198608398437 -0.0719680786132813
0.34698486328125 -0.062896728515625 -0.104034423828125 -0.0502548217773438
0.324310302734375 -0.042816162109375 -0.133308410644531 -0.06072998046875
0.374908447265625 -0.03399658203125 -0.130584716796875 -0.0978622436523438
0.377166748046875 0.090087890625 -0.0713653564453125 -0.154495239257813
0.261886596679688 0.270980834960938 -0.0321044921875 -0.193923950195312
0.10369873046875 0.38336181640625 0.0869598388671875 -0.202987670898437
-0.22918701171875 0.355377197265625 0.243331909179687 -0.177505493164062
-0.460205078125 0.225433349609375 0.301422119140625 -0.055023193359375
-0.50872802734375 0.122314453125 0.349578857421875 0.081695556640625
-0.50927734375 0.20611572265625 -0.214614868164063 -0.260513305664062
-0.3507080078125 0.357177734375 -0.1724853515625 -0.120574951171875
-0.100372314453125 0.38006591796875 -0.0812835693359375 -0.0697860717773437
0.12933349609375 0.325439453125 -0.0667343139648438 -0.0997161865234375
0.239410400390625 0.177536010742188 -0.140609741210937 -0.104385375976563
0.321380615234375 0.017730712890625 -0.177459716796875 -0.06048583984375
0.275741577148438 -0.0909423828125 -0.211135864257812 0.00918579101562495
0.267242431640625 -0.069000244140625 -0.234176635742187 0.0184326171875
0.3143310546875 -0.061859130859375 -0.243484497070312 -0.0324554443359375
0.326873779296875 0.03997802734375 -0.196319580078125 -0.136444091796875
0.250335693359375 0.211288452148438 -0.133071899414062 -0.208892822265625
0.12432861328125 0.331298828125 0.0243988037109375 -0.233779907226562
-0.182098388671875 0.345184326171875 0.1907958984375 -0.182952880859375
-0.426055908203125 0.26239013671875 0.185409545898437 -0.00238037109374998
-0.50799560546875 0.177459716796875 0.164932250976562 0.0893096923828125
-0.430877685546875 0.259765625 -0.327728271484375 -0.18804931640625
-0.24652099609375 0.377227783203125 -0.2042236328125 -0.0528717041015625
-0.00500488281250001 0.337493896484375 -0.0768966674804688 -0.057861328125
0.170501708984375 0.225082397460937 -0.096649169921875 -0.120109558105469
0.218032836914063 0.079345703125 -0.193893432617188 -0.100494384765625
0.23480224609375 -0.049224853515625 -0.2529296875 -0.027587890625
0.16973876953125 -0.10687255859375 -0.282623291015625 0.0733032226562499
0.170608520507812 -0.0827484130859375 -0.3009033203125 0.0944213867187499
0.200836181640625 -0.0785980224609375 -0.3193359375 0.0302734375
0.21112060546875 -0.0167694091796875 -0.286773681640625 -0.11114501953125
0.181655883789063 0.1065673828125 -0.200424194335938 -0.203903198242187
0.118576049804688 0.202865600585938 -0.0217742919921875 -0.236526489257812
-0.08831787109375 0.256240844726563 0.136154174804688 -0.157867431640625
-0.297271728515625 0.25384521484375 0.0755462646484375 0.0590286254882813
-0.407501220703125 0.2149658203125 -0.00926208496093753 0.1064453125
-0.301116943359375 0.264251708984375 -0.43182373046875 -0.115997314453125
-0.13348388671875 0.32684326171875 -0.244903564453125 0.00959777832031248
0.0608367919921875 0.255035400390625 -0.0865325927734375 -0.02734375
0.174758911132813 0.113296508789062 -0.125587463378906 -0.107109069824219
0.166244506835938 -0.01336669921875 -0.221282958984375 -0.068145751953125
0.120872497558594 -0.100013732910156 -0.288787841796875 0.020355224609375
0.04248046875 -0.104743957519531 -0.310882568359375 0.131683349609375
0.0478897094726562 -0.0841064453125 -0.3212890625 0.153656005859375
0.0574951171875 -0.0810165405273438 -0.3460693359375 0.077178955078125
0.0629501342773438 -0.0744857788085938 -0.324432373046875 -0.085540771484375
0.0871353149414063 -0.0203933715820313 -0.219039916992188 -0.185348510742187
0.10211181640625 0.0382843017578125 -0.03912353515625 -0.217391967773438
0.0339431762695313 0.130859375 0.0957107543945313 -0.113273620605469
-0.107009887695313 0.2166748046875 -0.00180816650390626 0.115715026855469
-0.238082885742187 0.236297607421875 -0.140388488769531 0.13385009765625
-0.041748046875 -0.250213623046875 0.14068603515625 -0.2486572265625
-0.21697998046875 -0.149276733398438 -0.032684326171875 -0.171661376953125
-0.188018798828125 0.0883941650390625 -0.111526489257813 0.0853805541992188
-0.04779052734375 0.183929443359375 0.066864013671875 0.226730346679688
0.049957275390625 0.149566650390625 0.239151000976563 0.14813232421875
0.128791809082031 0.0938949584960938 0.364501953125 -0.019866943359375
0.147293090820312 0.0330047607421875 0.340728759765625 -0.18353271484375
0.119895935058594 0.0580291748046875 0.273895263671875 -0.243209838867188
0.117996215820312 0.0920944213867187 0.26544189453125 -0.210296630859375
0.04998779296875 0.14178466796875 0.278152465820313 -0.10137939453125
-0.0649795532226563 0.126663208007812 0.229568481445313 -0.037841796875
-0.141998291015625 0.044830322265625 0.17279052734375 0.0039825439453125
-0.125877380371094 -0.134605407714844 0.190826416015625 -0.0142822265625
0.00219726562500002 -0.255783081054688 0.360076904296875 -0.1153564453125
0.13360595703125 -0.231414794921875 0.600341796875 0.0799560546875
-0.243331909179688 -0.18267822265625 0.124237060546875 -0.290863037109375
-0.363861083984375 -0.041656494140625 -0.046051025390625 -0.199050903320313
-0.263839721679687 0.208633422851563 -0.117507934570313 0.0390701293945313
-0.03192138671875 0.317108154296875 0.0389251708984375 0.17095947265625
0.132537841796875 0.240753173828125 0.169891357421875 0.104171752929688
0.26678466796875 0.114273071289063 0.286529541015625 -0.031768798828125
0.269058227539063 -0.0035400390625 0.261917114257813 -0.168426513671875
0.233245849609375 0.0210418701171875 0.1964111328125 -0.227142333984375
0.246856689453125 0.05645751953125 0.19366455078125 -0.214874267578125
0.18414306640625 0.139923095703125 0.227569580078125 -0.138153076171875
0.044403076171875 0.191131591796875 0.197525024414063 -0.08917236328125
-0.071807861328125 0.1551513671875 0.174209594726563 -0.0523834228515625
-0.15765380859375 0.00492858886718752 0.229598999023438 -0.0746917724609375
-0.132156372070313 -0.122955322265625 0.4056396484375 -0.143951416015625
-0.0525054931640625 -0.135139465332031 0.623046875 0.10247802734375
-0.390106201171875 -0.122222900390625 0.079620361328125 -0.31280517578125
-0.450775146484375 0.038848876953125 -0.0709228515625 -0.208984375
-0.296844482421875 0.30499267578125 -0.124725341796875 0.00202178955078126
-0.00625610351562497 0.40692138671875 0.0106964111328125 0.1070556640625
0.197052001953125 0.295501708984375 0.0892791748046875 0.0496292114257813
0.36279296875 0.121185302734375 0.175430297851563 -0.047821044921875
0.351715087890625 -0.03662109375 0.14312744140625 -0.136886596679688
0.313568115234375 -0.01800537109375 0.0849151611328125 -0.18487548828125
0.34649658203125 0.006378173828125 0.0860137939453125 -0.192916870117188
0.30755615234375 0.120269775390625 0.140335083007813 -0.163299560546875
0.1593017578125 0.242172241210937 0.133636474609375 -0.139137268066406
0.0115203857421875 0.2705078125 0.160110473632812 -0.119842529296875
-0.193817138671875 0.16363525390625 0.260055541992188 -0.14642333984375
-0.282196044921875 0.0321044921874999 0.424163818359375 -0.164276123046875
-0.258270263671875 -0.0270843505859375 0.625732421875 0.02435302734375
-0.501373291015625 0.00717163085937503 -0.032562255859375 -0.33209228515625
-0.478729248046875 0.173980712890625 -0.128494262695313 -0.198623657226563
-0.28125 0.353729248046875 -0.120681762695313 -0.0320510864257812
0.00900268554687497 0.43017578125 -0.0220355987548828 0.0311317443847657
0.217254638671875 0.3106689453125 -0.000452995300292957 -0.0103464126586914
0.391510009765625 0.124542236328125 0.0471839904785156 -0.0514678955078125
0.37884521484375 -0.04168701171875 0.01397705078125 -0.082855224609375
0.346221923828125 -0.024017333984375 -0.0271835327148437 -0.11468505859375
0.389984130859375 -0.005523681640625 -0.0250167846679687 -0.140022277832031
0.36993408203125 0.119964599609375 0.0330352783203125 -0.157806396484375
0.2293701171875 0.280364990234375 0.04901123046875 -0.172531127929687
0.06182861328125 0.3587646484375 0.127487182617188 -0.173995971679687
-0.234161376953125 0.288177490234375 0.26837158203125 -0.177169799804687
-0.408599853515625 0.141754150390625 0.39068603515625 -0.12176513671875
-0.41864013671875 0.046478271484375 0.517425537109375 0.05279541015625
-0.531005859375 0.10888671875 -0.142974853515625 -0.317840576171875
-0.432708740234375 0.281158447265625 -0.173248291015625 -0.169952392578125
-0.2054443359375 0.38641357421875 -0.113021850585938 -0.0514373779296875
0.066162109375 0.40277099609375 -0.0510482788085937 -0.0397872924804687
0.24066162109375 0.26513671875 -0.08538818359375 -0.0648269653320312
0.380157470703125 0.079345703125 -0.084381103515625 -0.0564727783203125
0.350067138671875 -0.068603515625 -0.115509033203125 -0.0314788818359375
0.32745361328125 -0.05035400390625 -0.146743774414062 -0.0368499755859375
0.38006591796875 -0.041259765625 -0.15399169921875 -0.0775604248046875
0.382598876953125 0.08367919921875 -0.102493286132812 -0.149215698242188
0.271591186523438 0.269485473632813 -0.0618133544921875 -0.203399658203125
0.110198974609375 0.387298583984375 0.066436767578125 -0.225250244140625
-0.232208251953125 0.360443115234375 0.235458374023437 -0.20806884765625
-0.46405029296875 0.23248291015625 0.302581787109375 -0.082427978515625
-0.50830078125 0.12255859375 0.359710693359375 0.052215576171875
-0.49859619140625 0.212310791015625 -0.258392333984375 -0.271697998046875
-0.33880615234375 0.359161376953125 -0.207977294921875 -0.119979858398438
-0.09576416015625 0.37811279296875 -0.104667663574219 -0.0604324340820312
0.130615234375 0.3204345703125 -0.0819549560546875 -0.0920333862304687
0.2388916015625 0.175018310546875 -0.159072875976562 -0.09344482421875
0.31951904296875 0.015655517578125 -0.193817138671875 -0.04425048828125
0.27197265625 -0.088287353515625 -0.222702026367187 0.0305023193359375
0.264297485351563 -0.06964111328125 -0.245574951171875 0.0416259765625
0.31072998046875 -0.0643310546875 -0.263809204101563 -0.0110321044921875
0.321380615234375 0.035736083984375 -0.227249145507813 -0.12628173828125
0.2503662109375 0.204513549804688 -0.162078857421875 -0.210983276367188
0.128082275390625 0.326141357421875 0.00120544433593751 -0.251724243164063
-0.178924560546875 0.344390869140625 0.178741455078125 -0.208465576171875
-0.418701171875 0.270355224609375 0.185882568359375 -0.0251617431640625
-0.494049072265625 0.1844482421875 0.17333984375 0.06329345703125
-0.410369873046875 0.27740478515625 -0.364654541015625 -0.200897216796875
-0.220703125 0.378509521484375 -0.236892700195313 -0.057403564453125
0.00897216796874997 0.328765869140625 -0.0994873046875 -0.0503005981445312
0.172393798828125 0.2081298828125 -0.1131591796875 -0.112602233886719
0.208343505859375 0.068817138671875 -0.206924438476563 -0.0903930664062501
0.221206665039063 -0.0504302978515625 -0.266281127929687 -0.0120391845703125
0.157928466796875 -0.0982208251953125 -0.289215087890625 0.092010498046875
0.162109375 -0.0785369873046875 -0.30694580078125 0.11517333984375
0.189956665039063 -0.073089599609375 -0.3333740234375 0.05084228515625
0.19696044921875 -0.016693115234375 -0.311981201171875 -0.0983581542968751
0.172775268554688 0.097808837890625 -0.22637939453125 -0.203018188476563
0.114974975585937 0.188095092773438 -0.0438232421875 -0.249420166015625
-0.0799102783203125 0.245162963867188 0.122100830078125 -0.177536010742187
-0.277008056640625 0.256072998046875 0.076812744140625 0.0408477783203125
-0.384368896484375 0.224945068359375 0.00303649902343747 0.0844955444335938
-0.273101806640625 0.28717041015625 -0.46270751953125 -0.127044677734375
-0.100311279296875 0.3311767578125 -0.272979736328125 0.00360107421874996
0.083038330078125 0.243240356445313 -0.107337951660156 -0.0194625854492188
0.178146362304687 0.090606689453125 -0.139137268066406 -0.0974197387695313
0.153549194335938 -0.029388427734375 -0.229965209960938 -0.056488037109375
0.0992584228515625 -0.103141784667969 -0.2962646484375 0.0335693359375
0.0237579345703125 -0.0924911499023437 -0.314117431640625 0.1458740234375
0.0340118408203125 -0.0739059448242188 -0.3223876953125 0.170440673828125
0.0410194396972656 -0.0697174072265625 -0.354736328125 0.09344482421875
0.0393829345703125 -0.0676116943359375 -0.345367431640625 -0.0743408203125
0.0671463012695312 -0.0290336608886719 -0.240875244140625 -0.182266235351563
0.090423583984375 0.0193634033203125 -0.0563507080078125 -0.226821899414063
0.0431060791015625 0.111404418945312 0.0862350463867187 -0.129608154296875
-0.0757904052734375 0.211822509765625 0.00724792480468749 0.100120544433594
-0.204376220703125 0.243179321289063 -0.121444702148437 0.11444091796875
-0.0831146240234375 -0.243438720703125 0.122039794921875 -0.224365234375
-0.242095947265625 -0.111602783203125 -0.040740966796875 -0.146987915039063
-0.175537109375 0.120132446289063 -0.101181030273438 0.103042602539063
-0.017791748046875 0.196014404296875 0.0862274169921875 0.23065185546875
0.079864501953125 0.143783569335938 0.25311279296875 0.13665771484375
0.150665283203125 0.06878662109375 0.369110107421875 -0.042144775390625
0.155609130859375 0.0057525634765625 0.3353271484375 -0.200836181640625
0.133186340332031 0.0361557006835938 0.262908935546875 -0.252243041992188
0.138618469238281 0.0662155151367188 0.249420166015625 -0.217056274414062
0.0791168212890625 0.131134033203125 0.26495361328125 -0.113983154296875
-0.0392913818359375 0.14117431640625 0.22222900390625 -0.054901123046875
-0.135398864746094 0.0709686279296875 0.167404174804688 -0.0114593505859375
-0.150009155273437 -0.108932495117188 0.201736450195313 -0.0354461669921875
-0.0440216064453125 -0.25030517578125 0.370849609375 -0.1337890625
0.09344482421875 -0.248764038085938 0.6173095703125 0.06109619140625
-0.2783203125 -0.170318603515625 0.0953216552734375 -0.265914916992187
-0.38592529296875 0.000579833984374987 -0.0608062744140625 -0.168777465820313
-0.250167846679687 0.244140625 -0.113418579101563 0.058074951171875
0.00381469726562498 0.3240966796875 0.0489349365234375 0.1754150390625
0.162948608398438 0.232589721679688 0.175506591796875 0.09991455078125
0.292510986328125 0.08270263671875 0.28839111328125 -0.042755126953125
0.27691650390625 -0.0343780517578125 0.2537841796875 -0.174423217773438
0.243667602539063 -0.0057830810546875 0.180709838867188 -0.225082397460938
0.263229370117188 0.02569580078125 0.1800537109375 -0.210205078125
0.213836669921875 0.126129150390625 0.210433959960938 -0.14111328125
0.0696563720703125 0.200912475585937 0.178009033203125 -0.101730346679687
-0.062530517578125 0.175949096679688 0.162200927734375 -0.0721893310546875
-0.181793212890625 0.0248565673828125 0.234695434570313 -0.101516723632813
-0.171585083007813 -0.11773681640625 0.40887451171875 -0.165618896484375
-0.0857391357421875 -0.15081787109375 0.63775634765625 0.07537841796875
-0.417144775390625 -0.110809326171875 0.039642333984375 -0.29083251953125
-0.468231201171875 0.074310302734375 -0.0939025878906251 -0.182113647460937
-0.283355712890625 0.33587646484375 -0.129203796386719 0.0269622802734375
0.02520751953125 0.413665771484375 0.0165328979492188 0.115913391113281
0.227508544921875 0.286590576171875 0.0898818969726563 0.0547714233398438
0.382904052734375 0.091766357421875 0.173690795898438 -0.0440521240234375
0.35595703125 -0.063323974609375 0.136459350585938 -0.127410888671875
0.324310302734375 -0.042999267578125 0.0742950439453125 -0.17047119140625
0.361175537109375 -0.024993896484375 0.0675811767578125 -0.178131103515625
0.328125 0.102081298828125 0.114334106445313 -0.15911865234375
0.1807861328125 0.245101928710937 0.109832763671875 -0.145965576171875
0.022064208984375 0.28558349609375 0.139297485351562 -0.1417236328125
-0.204864501953125 0.177825927734375 0.253646850585938 -0.17657470703125
-0.3095703125 0.044097900390625 0.420867919921875 -0.192626953125
-0.2777099609375 -0.0345764160156251 0.630126953125 -0.009765625
-0.512786865234375 0.0185546875 -0.0787048339843751 -0.311279296875
-0.480133056640625 0.198944091796875 -0.158981323242188 -0.1695556640625
-0.2713623046875 0.376373291015625 -0.127326965332031 -0.0109710693359375
0.0345458984375 0.437103271484375 -0.0268096923828125 0.0431632995605469
0.241668701171875 0.30596923828125 -0.00903701782226561 0.00446224212646486
0.404327392578125 0.102020263671875 0.0407333374023438 -0.0401458740234375
0.38385009765625 -0.063018798828125 0.012847900390625 -0.0642547607421875
0.350738525390625 -0.044036865234375 -0.0369796752929687 -0.0894775390625
0.397705078125 -0.029541015625 -0.042388916015625 -0.115463256835938
0.37982177734375 0.100860595703125 0.000793457031250016 -0.14813232421875
0.246444702148438 0.278350830078125 0.01593017578125 -0.178512573242187
0.072265625 0.366241455078125 0.0995941162109375 -0.194061279296875
-0.237152099609375 0.298431396484375 0.2498779296875 -0.211898803710938
-0.423370361328125 0.152618408203125 0.38055419921875 -0.15582275390625
-0.426239013671875 0.04534912109375 0.515380859375 0.014251708984375
-0.525970458984375 0.121337890625 -0.192596435546875 -0.3048095703125
-0.42706298828125 0.2928466796875 -0.207168579101563 -0.14776611328125
-0.200897216796875 0.392303466796875 -0.129150390625 -0.0309906005859375
0.080963134765625 0.40185546875 -0.060272216796875 -0.0249366760253906
0.252593994140625 0.258941650390625 -0.0995941162109375 -0.0489425659179687
0.386566162109375 0.063385009765625 -0.0914764404296875 -0.035797119140625
0.349365234375 -0.077117919921875 -0.1187744140625 -0.00790405273437503
0.33203125 -0.060638427734375 -0.152801513671875 -0.007843017578125
0.378387451171875 -0.0584716796875 -0.16668701171875 -0.0508575439453125
0.384613037109375 0.069122314453125 -0.132499694824219 -0.132720947265625
0.281768798828125 0.264434814453125 -0.097747802734375 -0.19696044921875
0.12518310546875 0.383056640625 0.0339813232421875 -0.237457275390625
-0.224334716796875 0.36688232421875 0.213119506835938 -0.237396240234375
-0.4603271484375 0.244415283203125 0.288665771484375 -0.11407470703125
-0.501007080078125 0.132171630859375 0.356719970703125 0.016510009765625
-0.48052978515625 0.22210693359375 -0.30615234375 -0.258270263671875
-0.319580078125 0.356658935546875 -0.2442626953125 -0.0999603271484374
-0.087158203125 0.37451171875 -0.123619079589844 -0.04083251953125
0.135406494140625 0.310943603515625 -0.0976181030273437 -0.0748214721679687
0.237503051757813 0.167724609375 -0.172958374023437 -0.073211669921875
0.316070556640625 0.008056640625 -0.203384399414062 -0.0200958251953125
0.265472412109375 -0.0892791748046875 -0.22283935546875 0.05621337890625
0.261749267578125 -0.0737762451171875 -0.248260498046875 0.07354736328125
0.30364990234375 -0.066436767578125 -0.271377563476563 0.0229644775390625
0.315093994140625 0.028076171875 -0.251419067382813 -0.10137939453125
0.248794555664062 0.1934814453125 -0.195907592773437 -0.198104858398437
0.13262939453125 0.312835693359375 -0.03106689453125 -0.257308959960938
-0.1685791015625 0.34124755859375 0.151962280273438 -0.233444213867187
-0.39898681640625 0.27978515625 0.175338745117187 -0.049407958984375
-0.47467041015625 0.191986083984375 0.176422119140625 0.0300445556640625
-0.3782958984375 0.28704833984375 -0.405029296875 -0.1907958984375
-0.189300537109375 0.371337890625 -0.269821166992188 -0.04571533203125
0.0242919921875 0.30926513671875 -0.118438720703125 -0.0320053100585937
0.169326782226563 0.188735961914063 -0.127838134765625 -0.0979232788085938
0.199111938476563 0.0587005615234375 -0.218276977539062 -0.0722808837890625
0.203598022460938 -0.050994873046875 -0.273086547851563 0.011383056640625
0.147811889648438 -0.0904083251953125 -0.286712646484375 0.1160888671875
0.151473999023438 -0.07379150390625 -0.301910400390625 0.14404296875
0.1812744140625 -0.0654296875 -0.3387451171875 0.0819702148437501
0.181106567382813 -0.0163116455078125 -0.3319091796875 -0.0712890625
0.161285400390625 0.0920562744140625 -0.253707885742188 -0.186080932617187
0.11053466796875 0.174346923828125 -0.0717010498046875 -0.24993896484375
-0.071044921875 0.23046875 0.0977325439453125 -0.196090698242187
-0.250823974609375 0.255996704101563 0.0719146728515625 0.0203094482421875
-0.349761962890625 0.22711181640625 0.0101394653320312 0.0560493469238281
-0.234771728515625 0.297088623046875 -0.489013671875 -0.115570068359375
-0.060577392578125 0.325714111328125 -0.296630859375 0.013702392578125
0.103256225585938 0.220901489257812 -0.121749877929687 -0.00358581542968746
0.173126220703125 0.062957763671875 -0.149459838867188 -0.083160400390625
0.133064270019531 -0.0446090698242188 -0.229415893554687 -0.041290283203125
0.074859619140625 -0.0978546142578125 -0.297515869140625 0.05279541015625
0.00791931152343749 -0.0743484497070313 -0.306121826171875 0.164154052734375
0.0246963500976562 -0.0587997436523437 -0.31524658203125 0.189666748046875
0.0298576354980469 -0.052215576171875 -0.355224609375 0.11572265625
0.0183143615722656 -0.0531501770019531 -0.35772705078125 -0.048736572265625
0.0401535034179688 -0.0283050537109375 -0.25836181640625 -0.169189453125
0.071441650390625 0.004364013671875 -0.08013916015625 -0.229721069335938
0.0446929931640625 0.0865707397460938 0.071044921875 -0.140525817871094
-0.046722412109375 0.194793701171875 0.00527191162109375 0.08282470703125
-0.164077758789062 0.240371704101563 -0.10821533203125 0.0936660766601563
-0.116058349609375 -0.217788696289063 0.111343383789062 -0.19305419921875
-0.246810913085937 -0.065185546875 -0.040496826171875 -0.1236572265625
-0.15142822265625 0.144027709960937 -0.0843963623046875 0.110496520996094
0.0179595947265625 0.191268920898438 0.103408813476563 0.216934204101562
0.101463317871094 0.124839782714844 0.25640869140625 0.118560791015625
0.157684326171875 0.03692626953125 0.3609619140625 -0.06256103515625
0.152450561523438 -0.0240936279296875 0.320709228515625 -0.21319580078125
0.132164001464844 0.00713348388671875 0.244110107421875 -0.254684448242188
0.143798828125 0.0348663330078125 0.235397338867188 -0.218795776367188
0.100563049316406 0.109809875488281 0.253524780273438 -0.117401123046875
-0.009368896484375 0.14117431640625 0.20477294921875 -0.062255859375
-0.114784240722656 0.0900802612304688 0.1572265625 -0.030548095703125
-0.160781860351563 -0.07623291015625 0.20452880859375 -0.058441162109375
-0.0818023681640625 -0.225784301757813 0.368927001953125 -0.15374755859375
0.0511016845703125 -0.243927001953125 0.62188720703125 0.0361328125
-0.305572509765625 -0.14739990234375 0.07757568359375 -0.232223510742188
-0.3828125 0.045074462890625 -0.066192626953125 -0.141021728515625
-0.222900390625 0.265029907226563 -0.103759765625 0.0706329345703125
0.038238525390625 0.321929931640625 0.0624237060546875 0.172119140625
0.188323974609375 0.210540771484375 0.177780151367188 0.096038818359375
0.2940673828125 0.0482177734375 0.27960205078125 -0.0536041259765625
0.270217895507813 -0.063629150390625 0.24664306640625 -0.174057006835937
0.243011474609375 -0.03070068359375 0.172515869140625 -0.21502685546875
0.26727294921875 -0.0044708251953125 0.163345336914063 -0.2001953125
0.228317260742188 0.104888916015625 0.190078735351563 -0.135894775390625
0.0944976806640625 0.197479248046875 0.156082153320313 -0.1046142578125
-0.0467987060546875 0.192520141601563 0.144607543945313 -0.086578369140625
-0.191650390625 0.050140380859375 0.223846435546875 -0.123245239257813
-0.202590942382813 -0.0989227294921875 0.398345947265625 -0.18829345703125
-0.119003295898437 -0.149490356445313 0.63018798828125 0.04571533203125
-0.432891845703125 -0.093597412109375 0.011932373046875 -0.256683349609375
-0.464569091796875 0.11077880859375 -0.104415893554688 -0.148330688476563
-0.25860595703125 0.3538818359375 -0.121353149414063 0.0432510375976563
0.055419921875 0.4072265625 0.022216796875 0.11993408203125
0.246307373046875 0.266021728515625 0.0879364013671875 0.0598983764648438
0.384796142578125 0.05609130859375 0.167465209960938 -0.0437774658203125
0.347503662109375 -0.091064453125 0.133987426757813 -0.118911743164063
0.318267822265625 -0.0665283203125 0.0692901611328125 -0.15130615234375
0.35870361328125 -0.049652099609375 0.0579986572265625 -0.15679931640625
0.33740234375 0.082122802734375 0.0927276611328125 -0.143173217773438
0.200698852539062 0.238433837890625 0.0801849365234375 -0.1446533203125
0.03448486328125 0.291595458984375 0.114242553710937 -0.151931762695312
-0.214324951171875 0.196624755859375 0.232162475585937 -0.199356079101562
-0.329193115234375 0.0566101074218749 0.3984375 -0.218109130859375
-0.299102783203125 -0.03411865234375 0.61016845703125 -0.04205322265625
-0.515838623046875 0.0328674316406249 -0.110824584960938 -0.273239135742188
-0.472808837890625 0.2244873046875 -0.1715087890625 -0.134902954101563
-0.255645751953125 0.389404296875 -0.130020141601563 0.012725830078125
0.0577392578125 0.43267822265625 -0.0227088928222656 0.0559921264648438
0.258209228515625 0.289581298828125 -0.0112638473510742 0.0172519683837891
0.40802001953125 0.0736083984375 0.037078857421875 -0.0271873474121094
0.376129150390625 -0.083404541015625 0.0117912292480469 -0.0450553894042969
0.346343994140625 -0.06134033203125 -0.0372657775878906 -0.06427001953125
0.39263916015625 -0.0509033203125 -0.0511398315429687 -0.09075927734375
0.383819580078125 0.083221435546875 -0.0193710327148437 -0.126457214355469
0.256607055664063 0.268768310546875 -0.0118255615234375 -0.167587280273437
0.083892822265625 0.36224365234375 0.069366455078125 -0.199569702148438
-0.234771728515625 0.307098388671875 0.225296020507812 -0.230377197265625
-0.42376708984375 0.164459228515625 0.359832763671875 -0.178619384765625
-0.42828369140625 0.048431396484375 0.498443603515625 -0.020843505859375
-0.51861572265625 0.123931884765625 -0.224533081054688 -0.266357421875
-0.414947509765625 0.299713134765625 -0.226470947265625 -0.110702514648438
-0.1875 0.39642333984375 -0.133697509765625 -0.0071334838867187
0.09246826171875 0.394683837890625 -0.0636520385742188 -0.00823211669921873
0.257965087890625 0.2489013671875 -0.102615356445312 -0.0264663696289062
0.383819580078125 0.049835205078125 -0.0926055908203125 -0.0161895751953125
0.34429931640625 -0.08856201171875 -0.112709045410156 0.0179901123046875
0.323455810546875 -0.072845458984375 -0.145523071289063 0.020263671875
0.374237060546875 -0.06695556640625 -0.169937133789062 -0.0196533203125
0.381011962890625 0.054718017578125 -0.148284912109375 -0.102523803710938
0.28350830078125 0.248779296875 -0.121734619140625 -0.179397583007812
0.12969970703125 0.372650146484375 0.00239562988281251 -0.237091064453125
-0.21954345703125 0.36553955078125 0.180267333984375 -0.2529296875
-0.448944091796875 0.25384521484375 0.267288208007813 -0.1341552734375
-0.489044189453125 0.13018798828125 0.33984375 -0.0157470703125
-0.455413818359375 0.220367431640625 -0.3387451171875 -0.228790283203125
-0.297607421875 0.349334716796875 -0.266372680664063 -0.0714263916015625
-0.080291748046875 0.36077880859375 -0.132293701171875 -0.0158309936523437
0.132476806640625 0.299102783203125 -0.103729248046875 -0.057373046875
0.231719970703125 0.163909912109375 -0.177978515625 -0.0509033203125
0.306182861328125 0.004730224609375 -0.201812744140625 0.00469970703124998
0.260848999023438 -0.0887451171875 -0.212844848632812 0.0803070068359375
0.25482177734375 -0.0738525390625 -0.234817504882813 0.100112915039063
0.295928955078125 -0.07147216796875 -0.2677001953125 0.0519561767578124
0.30279541015625 0.0242919921875 -0.26324462890625 -0.0699462890625
0.241744995117188 0.185546875 -0.215911865234375 -0.177230834960938
0.132659912109375 0.299713134765625 -0.0624847412109375 -0.250686645507813
-0.158721923828125 0.331634521484375 0.120071411132812 -0.2386474609375
-0.37908935546875 0.2757568359375 0.155319213867187 -0.0670928955078125
-0.448974609375 0.189056396484375 0.1622314453125 0.00106811523437501
-0.34295654296875 0.280670166015625 -0.433990478515625 -0.17010498046875
-0.162017822265625 0.349090576171875 -0.29083251953125 -0.021697998046875
0.028289794921875 0.28741455078125 -0.128501892089844 -0.0102310180664062
0.157012939453125 0.169967651367188 -0.133522033691406 -0.0774688720703125
0.1788330078125 0.0550384521484375 -0.22027587890625 -0.0492706298828125
0.188034057617188 -0.0435638427734375 -0.268096923828125 0.0339813232421875
0.139999389648438 -0.0751800537109375 -0.27545166015625 0.136093139648437
0.147750854492188 -0.0642547607421875 -0.2879638671875 0.1651611328125
0.172683715820312 -0.0582275390625 -0.32928466796875 0.1068115234375
0.167190551757813 -0.00494384765625 -0.33819580078125 -0.04107666015625
0.142196655273437 0.090179443359375 -0.267486572265625 -0.16278076171875
0.0969085693359375 0.161788940429688 -0.098297119140625 -0.238998413085938
-0.0699615478515625 0.213180541992188 0.0727691650390625 -0.197113037109375
-0.226959228515625 0.238265991210937 0.0594902038574219 0.00474548339843751
-0.316497802734375 0.216552734375 0.00411033630371092 0.0302181243896484
-0.19232177734375 0.29266357421875 -0.5091552734375 -0.100006103515625
-0.030517578125 0.298187255859375 -0.315338134765625 0.0302429199218751
0.112869262695313 0.191986083984375 -0.129325866699219 0.0176773071289063
0.157974243164063 0.0404510498046875 -0.149932861328125 -0.062103271484375
0.1083984375 -0.0482330322265625 -0.227035522460937 -0.022216796875
0.0545501708984375 -0.0857315063476563 -0.28704833984375 0.07025146484375
0.00291061401367188 -0.0523605346679688 -0.28936767578125 0.175384521484375
0.0188560485839844 -0.0438156127929688 -0.29815673828125 0.204803466796875
0.0246238708496094 -0.0354270935058594 -0.343780517578125 0.137542724609375
0.00594139099121094 -0.0319652557373047 -0.360443115234375 -0.025543212890625
0.022430419921875 -0.02099609375 -0.269683837890625 -0.148269653320313
0.0505828857421875 -0.0042724609375 -0.09820556640625 -0.217361450195313
0.0384330749511719 0.0633888244628906 0.0499725341796875 -0.144058227539063
-0.027099609375 0.167938232421875 0.00334930419921874 0.0642890930175781
-0.128219604492187 0.220458984375 -0.105133056640625 0.0656814575195313
-0.132766723632813 -0.189407348632812 0.114273071289062 -0.1619873046875
-0.238311767578125 -0.0296630859375 -0.0302581787109375 -0.100936889648437
-0.126251220703125 0.15283203125 -0.0705642700195312 0.111976623535156
0.04119873046875 0.179031372070312 0.11077880859375 0.205230712890625
0.112754821777344 0.105583190917969 0.25213623046875 0.107376098632813
0.154251098632813 0.0100555419921875 0.348236083984375 -0.0743408203125
0.142105102539063 -0.0440826416015625 0.307891845703125 -0.214569091796875
0.126846313476563 -0.012451171875 0.2322998046875 -0.248764038085938
0.140495300292969 0.0105056762695313 0.225921630859375 -0.211380004882813
0.109832763671875 0.0868301391601563 0.24267578125 -0.111968994140625
0.01116943359375 0.132904052734375 0.190963745117188 -0.0620880126953125
-0.0943832397460938 0.0994033813476563 0.144866943359375 -0.0381927490234375
-0.159576416015625 -0.0498809814453125 0.19891357421875 -0.073638916015625
-0.101715087890625 -0.195755004882813 0.364013671875 -0.16314697265625
0.0203704833984375 -0.229110717773438 0.6136474609375 0.0240478515625
-0.316741943359375 -0.12445068359375 0.0738677978515625 -0.195907592773438
-0.3704833984375 0.0753173828125 -0.0577239990234375 -0.11395263671875
-0.197006225585938 0.272857666015625 -0.0914230346679688 0.079193115234375
0.061920166015625 0.306396484375 0.0689697265625 0.168411254882813
0.1976318359375 0.188888549804688 0.1756591796875 0.0934295654296875
0.286956787109375 0.02032470703125 0.27117919921875 -0.05596923828125
0.258071899414063 -0.082305908203125 0.239822387695313 -0.16937255859375
0.235244750976563 -0.0491943359375 0.167572021484375 -0.203506469726563
0.262161254882813 -0.0266876220703125 0.156448364257813 -0.184829711914063
0.234786987304688 0.0851898193359375 0.178466796875 -0.123062133789063
0.112106323242188 0.192123413085938 0.138557434082031 -0.0979995727539063
-0.032073974609375 0.199386596679688 0.125587463378906 -0.0903472900390625
-0.194503784179688 0.0708465576171875 0.211074829101563 -0.13702392578125
-0.22216796875 -0.0785369873046875 0.3851318359375 -0.196685791015625
-0.143310546875 -0.142776489257812 0.6151123046875 0.03717041015625
-0.440704345703125 -0.077423095703125 0.00224304199218749 -0.21795654296875
-0.4517822265625 0.1326904296875 -0.101692199707031 -0.117439270019531
-0.23876953125 0.358795166015625 -0.109725952148438 0.0572357177734375
0.074066162109375 0.3935546875 0.0279312133789063 0.12164306640625
0.2545166015625 0.247589111328125 0.0876922607421875 0.0658645629882813
0.37689208984375 0.031280517578125 0.164642333984375 -0.038604736328125
0.336395263671875 -0.104339599609375 0.136886596679688 -0.108047485351563
0.310028076171875 -0.081207275390625 0.072174072265625 -0.132774353027344
0.349822998046875 -0.069183349609375 0.056427001953125 -0.136955261230469
0.336181640625 0.06646728515625 0.0821380615234375 -0.122940063476562
0.210845947265625 0.232437133789063 0.0600662231445313 -0.1324462890625
0.04205322265625 0.292938232421875 0.0902099609375 -0.150177001953125
-0.21771240234375 0.208038330078125 0.210464477539063 -0.208877563476563
-0.34039306640625 0.0694274902343751 0.378265380859375 -0.226531982421875
-0.31195068359375 -0.0341186523437501 0.587158203125 -0.054443359375
-0.515289306640625 0.03558349609375 -0.121124267578125 -0.233291625976562
-0.463470458984375 0.233917236328125 -0.171173095703125 -0.102569580078125
-0.244537353515625 0.390869140625 -0.1240234375 0.0314407348632813
0.0675048828125 0.421051025390625 -0.0194931030273438 0.064483642578125
0.26123046875 0.276275634765625 -0.00993728637695311 0.0302886962890625
0.40130615234375 0.056610107421875 0.0392570495605469 -0.0156631469726562
0.366455078125 -0.091644287109375 0.0201892852783203 -0.0307369232177734
0.339447021484375 -0.07012939453125 -0.0280838012695312 -0.0452232360839844
0.384765625 -0.061279296875 -0.0490379333496094 -0.0681533813476563
0.380096435546875 0.072174072265625 -0.0273284912109375 -0.103157043457031
0.259368896484375 0.26092529296875 -0.03021240234375 -0.15216064453125
0.087615966796875 0.3585205078125 0.04449462890625 -0.194168090820313
-0.237213134765625 0.309783935546875 0.200088500976563 -0.237396240234375
-0.426300048828125 0.1685791015625 0.3360595703125 -0.188262939453125
-0.429779052734375 0.042633056640625 0.472137451171875 -0.03546142578125
-0.509124755859375 0.117156982421875 -0.23992919921875 -0.229721069335937
-0.405731201171875 0.29486083984375 -0.229339599609375 -0.0790252685546874
-0.18511962890625 0.39251708984375 -0.130455017089844 0.0141830444335938
0.092437744140625 0.3873291015625 -0.0614356994628906 0.00546646118164064
0.2547607421875 0.243850708007812 -0.100608825683594 -0.00830078124999999
0.37542724609375 0.041351318359375 -0.0875091552734375 -0.000793457031249985
0.33648681640625 -0.089019775390625 -0.101112365722656 0.0344924926757813
0.318572998046875 -0.074676513671875 -0.133262634277344 0.0390167236328125
0.366180419921875 -0.071929931640625 -0.162399291992187 0.00404357910156252
0.3717041015625 0.05047607421875 -0.152862548828125 -0.0766143798828125
0.277877807617188 0.242477416992187 -0.136642456054687 -0.159912109375
0.126220703125 0.36260986328125 -0.0221710205078125 -0.226959228515625
-0.217071533203125 0.35931396484375 0.152587890625 -0.254409790039063
-0.440277099609375 0.247894287109375 0.243743896484375 -0.141204833984375
-0.4776611328125 0.118316650390625 0.315460205078125 -0.031585693359375
-0.43865966796875 0.204376220703125 -0.353271484375 -0.1998291015625
-0.28973388671875 0.329681396484375 -0.273147583007813 -0.0440216064453124
-0.08587646484375 0.349273681640625 -0.131210327148438 0.00476837158203126
0.12054443359375 0.291229248046875 -0.102142333984375 -0.0413665771484375
0.221908569335938 0.16387939453125 -0.17327880859375 -0.031494140625
0.2972412109375 0.008056640625 -0.1932373046875 0.0208740234375
0.256820678710938 -0.0798187255859375 -0.19891357421875 0.0950164794921875
0.250579833984375 -0.069183349609375 -0.21807861328125 0.115615844726562
0.28973388671875 -0.065216064453125 -0.25592041015625 0.0715789794921876
0.292938232421875 0.028564453125 -0.261764526367188 -0.0453643798828125
0.230377197265625 0.184539794921875 -0.225067138671875 -0.153823852539063
0.121795654296875 0.2908935546875 -0.0814971923828125 -0.235061645507813
-0.160186767578125 0.317230224609375 0.0945587158203125 -0.23529052734375
-0.367401123046875 0.260986328125 0.1351318359375 -0.0737762451171875
-0.429656982421875 0.171051025390625 0.142074584960937 -0.01654052734375
-0.318023681640625 0.259765625 -0.446502685546875 -0.15057373046875
-0.15045166015625 0.321624755859375 -0.3018798828125 -0.00204467773437505
0.0215911865234375 0.265838623046875 -0.128753662109375 0.00996398925781253
0.138137817382813 0.160018920898438 -0.131240844726563 -0.06121826171875
0.163330078125 0.0590362548828125 -0.213531494140625 -0.034332275390625
0.17901611328125 -0.0307464599609375 -0.258712768554688 0.048095703125
0.140266418457031 -0.0609054565429688 -0.26104736328125 0.144256591796875
0.145477294921875 -0.0535125732421875 -0.269821166992188 0.1744384765625
0.1702880859375 -0.0454864501953125 -0.3155517578125 0.122314453125
0.159820556640625 0.0087432861328125 -0.33251953125 -0.019744873046875
0.128471374511719 0.0956802368164063 -0.27099609375 -0.142059326171875
0.0809783935546875 0.156280517578125 -0.111480712890625 -0.225143432617187
-0.0758514404296875 0.195663452148437 0.051177978515625 -0.192138671875
-0.21588134765625 0.215484619140625 0.0452804565429687 -0.00371170043945311
-0.295654296875 0.193603515625 -0.00822830200195314 0.00878572463989259
-0.162261962890625 0.273391723632813 -0.51556396484375 -0.0866699218750001
-0.01611328125 0.267471313476563 -0.325408935546875 0.045257568359375
0.10906982421875 0.166061401367188 -0.129623413085938 0.0340576171875
0.137306213378906 0.0276565551757813 -0.145217895507813 -0.04852294921875
0.0894393920898438 -0.043212890625 -0.217300415039063 -0.0128326416015625
0.0420684814453125 -0.066162109375 -0.275222778320312 0.07708740234375
0.00518417358398438 -0.0348606109619141 -0.278060913085937 0.17706298828125
0.019622802734375 -0.0297698974609375 -0.283233642578125 0.20684814453125
0.0262546539306641 -0.0166893005371094 -0.332275390625 0.147430419921875
0.00122547149658203 -0.0115289688110352 -0.3548583984375 -0.00979614257812493
0.0055232048034668 -0.00703668594360351 -0.27008056640625 -0.132583618164063
0.0303745269775391 -0.00215911865234375 -0.108261108398438 -0.204864501953125
0.0263824462890625 0.046051025390625 0.0351638793945312 -0.140525817871094
-0.0204925537109375 0.13818359375 -0.00465011596679688 0.0520782470703125
-0.106918334960937 0.193954467773438 -0.109039306640625 0.0393905639648437
-0.140731811523438 -0.1668701171875 0.127204895019531 -0.134437561035156
-0.226760864257812 -0.00671386718750002 -0.016143798828125 -0.087310791015625
-0.107315063476563 0.156646728515625 -0.0604400634765625 0.110824584960938
0.0565338134765625 0.16583251953125 0.112686157226563 0.19830322265625
0.118209838867188 0.0894317626953125 0.249298095703125 0.10430908203125
0.146392822265625 -0.00885009765625 0.3419189453125 -0.0743408203125
0.132087707519531 -0.0578384399414063 0.304779052734375 -0.211181640625
0.120071411132812 -0.02655029296875 0.232147216796875 -0.241226196289063
0.132888793945313 -0.00791168212890625 0.22564697265625 -0.2022705078125
0.113319396972656 0.0693359375 0.24127197265625 -0.103988647460938
0.0258102416992187 0.1239013671875 0.183029174804688 -0.056640625
-0.0792465209960938 0.101837158203125 0.135765075683594 -0.03857421875
-0.153564453125 -0.030670166015625 0.195587158203125 -0.08331298828125
-0.11041259765625 -0.172378540039063 0.366729736328125 -0.16754150390625
0.00280761718749998 -0.213226318359375 0.61279296875 0.0284423828125
-0.32464599609375 -0.1083984375 0.0834503173828125 -0.164459228515625
-0.359588623046875 0.09259033203125 -0.0446319580078125 -0.0954513549804688
-0.183197021484375 0.275253295898437 -0.081878662109375 0.08306884765625
0.07275390625 0.293914794921875 0.0716705322265625 0.166275024414063
0.200851440429687 0.175430297851563 0.174423217773438 0.09564208984375
0.277694702148438 0.00457763671875 0.268051147460938 -0.0526580810546875
0.249298095703125 -0.093414306640625 0.2425537109375 -0.162216186523438
0.229660034179688 -0.0608062744140625 0.172073364257813 -0.19195556640625
0.256759643554687 -0.04168701171875 0.159408569335938 -0.172714233398438
0.237625122070313 0.0724029541015625 0.17779541015625 -0.108917236328125
0.12347412109375 0.187454223632813 0.1290283203125 -0.087890625
-0.0236663818359375 0.204849243164062 0.112632751464844 -0.08782958984375
-0.196533203125 0.0872955322265625 0.20361328125 -0.1427001953125
-0.235702514648438 -0.062713623046875 0.380767822265625 -0.1976318359375
-0.162216186523438 -0.138107299804688 0.60565185546875 0.04156494140625
-0.447021484375 -0.0727233886718751 0.00498962402343749 -0.18408203125
-0.446624755859375 0.143829345703125 -0.09130859375 -0.0956192016601562
-0.23065185546875 0.35968017578125 -0.10064697265625 0.0650100708007813
0.081756591796875 0.38421630859375 0.0313949584960938 0.124229431152344
0.256332397460937 0.238296508789062 0.0894622802734375 0.0743179321289063
0.368133544921875 0.020263671875 0.1651611328125 -0.0309295654296875
0.32977294921875 -0.111785888671875 0.144973754882813 -0.099151611328125
0.306304931640625 -0.08837890625 0.08282470703125 -0.120071411132813
0.345703125 -0.077239990234375 0.0628433227539063 -0.120697021484375
0.33819580078125 0.057525634765625 0.0816879272460938 -0.104927062988281
0.217544555664063 0.231704711914063 0.0499801635742188 -0.118644714355469
0.044586181640625 0.2979736328125 0.074951171875 -0.14422607421875
-0.2249755859375 0.217559814453125 0.197280883789063 -0.2109375
-0.35382080078125 0.077178955078125 0.366912841796875 -0.22503662109375
-0.3277587890625 -0.037353515625 0.57147216796875 -0.04974365234375
-0.52191162109375 0.031890869140625 -0.120391845703125 -0.201492309570312
-0.461151123046875 0.23358154296875 -0.162734985351563 -0.0792236328125
-0.2449951171875 0.38995361328125 -0.116264343261719 0.0432510375976563
0.069915771484375 0.417755126953125 -0.0150527954101563 0.0718765258789063
0.260223388671875 0.273086547851563 -0.00648880004882811 0.0413131713867188
0.395782470703125 0.051239013671875 0.0424003601074219 -0.00559616088867187
0.363861083984375 -0.092376708984375 0.0305595397949219 -0.0205154418945313
0.337677001953125 -0.07281494140625 -0.016510009765625 -0.0315418243408203
0.3834228515625 -0.064208984375 -0.0414543151855469 -0.0507011413574219
0.379241943359375 0.07012939453125 -0.0283203125 -0.083587646484375
0.260757446289062 0.26312255859375 -0.0407180786132812 -0.137031555175781
0.08428955078125 0.361846923828125 0.0282135009765625 -0.186996459960937
-0.24676513671875 0.311920166015625 0.183639526367188 -0.237823486328125
-0.436553955078125 0.166900634765625 0.321014404296875 -0.187469482421875
-0.4405517578125 0.0309143066406251 0.454254150390625 -0.03558349609375
-0.511627197265625 0.1026611328125 -0.243148803710938 -0.203659057617188
-0.4100341796875 0.28466796875 -0.226730346679688 -0.0562744140625
-0.19427490234375 0.389373779296875 -0.124336242675781 0.0298690795898438
0.086151123046875 0.38763427734375 -0.0572471618652344 0.0154685974121094
0.25274658203125 0.247360229492187 -0.0955352783203125 0.00391387939453126
0.37274169921875 0.04327392578125 -0.0820083618164062 0.0103912353515625
0.338470458984375 -0.086090087890625 -0.0888137817382812 0.0438003540039062
0.319061279296875 -0.0716552734375 -0.120208740234375 0.050506591796875
0.364776611328125 -0.066986083984375 -0.153610229492187 0.0186920166015625
0.36871337890625 0.055633544921875 -0.15130615234375 -0.0578460693359375
0.271987915039063 0.247726440429688 -0.143600463867187 -0.144561767578125
0.117462158203125 0.364898681640625 -0.03662109375 -0.216506958007812
-0.22882080078125 0.35382080078125 0.135009765625 -0.249771118164063
-0.4482421875 0.2374267578125 0.227264404296875 -0.140243530273437
-0.480010986328125 0.101470947265625 0.295806884765625 -0.03662109375
-0.43743896484375 0.182342529296875 -0.36114501953125 -0.18133544921875
-0.2960205078125 0.311553955078125 -0.276229858398438 -0.0230865478515625
-0.10113525390625 0.3421630859375 -0.127197265625 0.0208740234375
0.106597900390625 0.293304443359375 -0.0972900390625 -0.02923583984375
0.214584350585937 0.172592163085937 -0.167556762695313 -0.0204925537109375
0.295013427734375 0.01885986328125 -0.18621826171875 0.030059814453125
0.261764526367188 -0.0711517333984375 -0.188262939453125 0.101730346679688
0.25360107421875 -0.061431884765625 -0.205810546875 0.1231689453125
0.291961669921875 -0.056640625 -0.247467041015625 0.0834960937499999
0.290130615234375 0.038970947265625 -0.258087158203125 -0.0286102294921875
0.220809936523437 0.192779541015625 -0.22882080078125 -0.140396118164063
0.107696533203125 0.29168701171875 -0.0922393798828125 -0.22393798828125
-0.173004150390625 0.306121826171875 0.0785980224609375 -0.22967529296875
-0.37054443359375 0.24334716796875 0.1199951171875 -0.07415771484375
-0.4259033203125 0.1473388671875 0.124259948730469 -0.0263290405273437
-0.310882568359375 0.235687255859375 -0.45513916015625 -0.139312744140625
-0.15484619140625 0.29864501953125 -0.310028076171875 0.013214111328125
0.00587463378906249 0.253952026367187 -0.127059936523438 0.0240707397460938
0.119247436523438 0.160354614257813 -0.126152038574219 -0.0506668090820313
0.152252197265625 0.0702667236328125 -0.206634521484375 -0.0264434814453125
0.17535400390625 -0.0154266357421875 -0.251998901367188 0.0533447265625
0.14678955078125 -0.047637939453125 -0.252685546875 0.14752197265625
0.149887084960938 -0.0435943603515625 -0.259933471679688 0.177703857421875
0.174835205078125 -0.0326995849609375 -0.307830810546875 0.129302978515625
0.158599853515625 0.0244598388671875 -0.32879638671875 -0.00885009765624996
0.117774963378906 0.107933044433594 -0.270767211914063 -0.131683349609375
0.0644073486328125 0.159469604492188 -0.11846923828125 -0.21484375
-0.0901641845703125 0.182891845703125 0.039154052734375 -0.184967041015625
-0.218048095703125 0.192718505859375 0.031808853149414 -0.00629043579101561
-0.288818359375 0.166229248046875 -0.0233688354492188 -0.00763893127441405
-0.149749755859375 0.251419067382813 -0.522674560546875 -0.0870361328125001
-0.0149383544921875 0.242233276367188 -0.33404541015625 0.0540771484375001
0.0984954833984375 0.149917602539063 -0.126564025878906 0.04669189453125
0.117759704589844 0.0248565673828125 -0.13922119140625 -0.0407333374023437
0.0766754150390625 -0.0332183837890625 -0.209442138671875 -0.0107269287109375
0.0383338928222656 -0.0480232238769531 -0.2685546875 0.0772247314453125
0.0116729736328125 -0.0195770263671875 -0.272369384765625 0.173049926757813
0.0246295928955078 -0.0181217193603516 -0.277099609375 0.20550537109375
0.0330734252929687 -0.00328636169433594 -0.327911376953125 0.148712158203125
0.00295400619506836 0.00695943832397461 -0.35186767578125 -0.00302124023437507
-0.00409126281738281 0.00846052169799805 -0.268997192382813 -0.125518798828125
0.0139951705932617 0.00336265563964844 -0.112472534179688 -0.1986083984375
0.0113792419433594 0.0336856842041016 0.0254898071289062 -0.136474609375
-0.024078369140625 0.114822387695313 -0.0152091979980469 0.0438423156738281
-0.099365234375 0.166824340820313 -0.119911193847656 0.0164642333984375
-0.145095825195313 -0.150222778320313 0.146987915039063 -0.11541748046875
-0.218048095703125 0.010284423828125 -0.000816345214843766 -0.0790634155273437
-0.0934295654296875 0.15972900390625 -0.05401611328125 0.111343383789062
0.0680389404296875 0.15643310546875 0.115707397460938 0.197769165039063
0.1231689453125 0.0776824951171875 0.251327514648438 0.106338500976563
0.139900207519531 -0.0228729248046875 0.34442138671875 -0.075653076171875
0.124794006347656 -0.069549560546875 0.311920166015625 -0.21319580078125
0.11480712890625 -0.0375518798828125 0.2412109375 -0.24041748046875
0.127655029296875 -0.02178955078125 0.234786987304687 -0.199966430664062
0.115852355957031 0.0551986694335938 0.24920654296875 -0.09893798828125
0.0365219116210938 0.116043090820313 0.18267822265625 -0.050506591796875
-0.0685653686523437 0.105056762695313 0.131240844726563 -0.0379638671875
-0.149078369140625 -0.016693115234375 0.1964111328125 -0.092559814453125
-0.116073608398438 -0.15582275390625 0.37615966796875 -0.171966552734375
-0.00973510742187498 -0.202117919921875 0.6295166015625 0.03680419921875
-0.336456298828125 -0.0972900390625 0.100311279296875 -0.141632080078125
-0.35833740234375 0.10693359375 -0.030059814453125 -0.08489990234375
-0.174758911132813 0.280319213867188 -0.075225830078125 0.0863418579101563
0.081573486328125 0.288330078125 0.075531005859375 0.16839599609375
0.206069946289062 0.168975830078125 0.179306030273438 0.103286743164063
0.274871826171875 -0.0071258544921875 0.273284912109375 -0.0493316650390625
0.247406005859375 -0.103256225585938 0.2532958984375 -0.1614990234375
0.229598999023438 -0.0703277587890625 0.183425903320313 -0.187896728515625
0.256927490234375 -0.053558349609375 0.170196533203125 -0.16632080078125
0.244552612304687 0.0628814697265625 0.185165405273438 -0.0991668701171875
0.13525390625 0.186477661132813 0.126853942871094 -0.0798110961914062
-0.0157928466796875 0.213973999023438 0.106346130371094 -0.084930419921875
-0.202072143554688 0.10260009765625 0.201690673828125 -0.150115966796875
-0.251129150390625 -0.0496826171875 0.38714599609375 -0.1998291015625
-0.181289672851562 -0.134445190429687 0.6136474609375 0.0518798828125
-0.46441650390625 -0.0699768066406249 0.01531982421875 -0.160247802734375
-0.451934814453125 0.15411376953125 -0.0805282592773438 -0.0815963745117187
-0.2310791015625 0.368896484375 -0.0933685302734375 0.0716781616210938
0.086334228515625 0.384857177734375 0.0361480712890625 0.129898071289063
0.262435913085938 0.237167358398438 0.09466552734375 0.0819625854492188
0.369659423828125 0.013763427734375 0.172210693359375 -0.0243682861328125
0.333953857421875 -0.1180419921875 0.158676147460938 -0.0960235595703125
0.31036376953125 -0.0955810546875 0.095794677734375 -0.114768981933594
0.351409912109375 -0.086456298828125 0.0729293823242188 -0.11138916015625
0.34686279296875 0.054168701171875 0.0883941650390625 -0.0919952392578125
0.227874755859375 0.237350463867188 0.0452117919921875 -0.108039855957031
0.04815673828125 0.309967041015625 0.0662765502929688 -0.1402587890625
-0.238174438476563 0.232162475585937 0.191543579101562 -0.216201782226562
-0.375335693359375 0.086273193359375 0.368499755859375 -0.22674560546875
-0.350616455078125 -0.0406494140625 0.57330322265625 -0.040283203125
-0.541900634765625 0.0283813476562501 -0.115768432617188 -0.17919921875
-0.473724365234375 0.237823486328125 -0.155410766601563 -0.062835693359375
-0.253936767578125 0.401611328125 -0.110382080078125 0.0529327392578125
0.0694580078125 0.42437744140625 -0.0104217529296875 0.0789794921875
0.26702880859375 0.28094482421875 -0.00222778320312498 0.0520057678222656
0.400421142578125 0.0504150390625 0.0485763549804688 0.00252532958984375
0.37115478515625 -0.0950927734375 0.0431861877441406 -0.0154304504394531
0.345703125 -0.075958251953125 -0.00266838073730466 -0.0235557556152344
0.393463134765625 -0.0670166015625 -0.0342369079589843 -0.0386161804199219
0.388916015625 0.0732421875 -0.0247650146484375 -0.0691490173339844
0.267898559570313 0.272872924804688 -0.0470123291015625 -0.126083374023437
0.082489013671875 0.37603759765625 0.017974853515625 -0.182220458984375
-0.2645263671875 0.32159423828125 0.174758911132812 -0.239974975585937
-0.45867919921875 0.168426513671875 0.316619873046875 -0.187835693359375
-0.4599609375 0.0196533203124999 0.449310302734375 -0.03076171875
-0.53228759765625 0.0916442871093751 -0.246826171875 -0.1856689453125
-0.4259033203125 0.282501220703125 -0.225204467773438 -0.039398193359375
-0.210845947265625 0.398284912109375 -0.120147705078125 0.0410842895507813
0.08062744140625 0.398284912109375 -0.0531730651855469 0.02362060546875
0.2569580078125 0.259780883789063 -0.091552734375 0.0138168334960938
0.379730224609375 0.05029296875 -0.0771560668945312 0.0184173583984375
0.350250244140625 -0.08404541015625 -0.0785675048828125 0.0497665405273438
0.330291748046875 -0.070953369140625 -0.109893798828125 0.0581817626953125
0.37628173828125 -0.06591796875 -0.148086547851562 0.0304107666015625
0.376983642578125 0.063812255859375 -0.150405883789062 -0.04425048828125
0.27630615234375 0.26068115234375 -0.15093994140625 -0.134490966796875
0.109710693359375 0.378326416015625 -0.0460052490234375 -0.211044311523437
-0.247467041015625 0.35906982421875 0.124740600585937 -0.248931884765625
-0.468597412109375 0.233612060546875 0.219131469726562 -0.1395263671875
-0.497802734375 0.0829467773437501 0.285491943359375 -0.036865234375
-0.45159912109375 0.166412353515625 -0.371124267578125 -0.169952392578125
-0.31396484375 0.3043212890625 -0.282196044921875 -0.00753784179687501
-0.1190185546875 0.3465576171875 -0.124801635742188 0.0335159301757813
0.0968017578125 0.306671142578125 -0.0934829711914063 -0.0226287841796875
0.215957641601563 0.188232421875 -0.165252685546875 -0.013275146484375
0.302825927734375 0.030242919921875 -0.184524536132813 0.037353515625
0.274871826171875 -0.06512451171875 -0.182769775390625 0.10675048828125
0.264328002929688 -0.0577850341796875 -0.199050903320312 0.129806518554688
0.304290771484375 -0.0491943359375 -0.245346069335937 0.0931396484375
0.29754638671875 0.05120849609375 -0.259292602539063 -0.0188446044921875
0.220138549804688 0.20758056640625 -0.234756469726563 -0.1318359375
0.0975341796875 0.303253173828125 -0.100494384765625 -0.2188720703125
-0.19256591796875 0.30743408203125 0.0686492919921875 -0.226211547851562
-0.38702392578125 0.233856201171875 0.109855651855469 -0.0725555419921875
-0.43994140625 0.127105712890625 0.110176086425781 -0.0319595336914062
-0.317413330078125 0.217864990234375 -0.471893310546875 -0.13677978515625
-0.16790771484375 0.285430908203125 -0.321502685546875 0.025390625
-0.010986328125 0.252182006835938 -0.125572204589844 0.0359725952148438
0.105438232421875 0.169876098632813 -0.12255859375 -0.0452957153320312
0.1483154296875 0.08447265625 -0.2056884765625 -0.0227813720703125
0.181381225585938 -0.00030517578125 -0.25189208984375 0.0568695068359375
0.159255981445313 -0.037689208984375 -0.251495361328125 0.149993896484375
0.159713745117188 -0.035491943359375 -0.257965087890625 0.182510375976563
0.186508178710938 -0.0231475830078125 -0.30841064453125 0.13751220703125
0.164321899414062 0.0391693115234375 -0.3326416015625 -0.00137329101562505
0.113494873046875 0.123908996582031 -0.276260375976563 -0.126617431640625
0.052520751953125 0.168701171875 -0.1243896484375 -0.211029052734375
-0.108444213867188 0.1788330078125 0.031524658203125 -0.181838989257813
-0.230377197265625 0.17724609375 0.0216827392578125 -0.00737380981445311
-0.295867919921875 0.144317626953125 -0.0404548645019531 -0.0202865600585937
-0.146652221679687 0.236480712890625 -0.54156494140625 -0.090118408203125
-0.02032470703125 0.226943969726563 -0.350067138671875 0.0631713867187501
0.0882720947265625 0.1417236328125 -0.125511169433594 0.056304931640625
0.1033935546875 0.0265121459960938 -0.136077880859375 -0.0364761352539063
0.0685691833496094 -0.0233612060546875 -0.207321166992188 -0.0118408203125
0.03973388671875 -0.0324592590332031 -0.26953125 0.076995849609375
0.02020263671875 -0.00771903991699219 -0.276779174804688 0.173309326171875
0.0319461822509766 -0.00938796997070313 -0.27947998046875 0.206863403320312
0.0416526794433594 0.00827789306640625 -0.332977294921875 0.151947021484375
0.00749015808105469 0.0223388671875 -0.3583984375 0.000671386718749981
-0.0096893310546875 0.0245609283447266 -0.274276733398438 -0.12506103515625
0.00126934051513672 0.0118198394775391 -0.117584228515625 -0.197341918945313
-0.00440406799316407 0.0273685455322266 0.0193252563476563 -0.134895324707031
-0.03302001953125 0.0967330932617187 -0.0261383056640625 0.0396499633789063
-0.100296020507813 0.146377563476563 -0.137565612792969 -0.00182342529296874
-0.151885986328125 -0.135284423828125 0.1715087890625 -0.104461669921875
-0.212448120117188 0.028717041015625 0.0135345458984375 -0.076171875
-0.0794830322265625 0.166534423828125 -0.0471572875976563 0.113677978515625
0.081512451171875 0.148910522460938 0.1246337890625 0.199951171875
0.129188537597656 0.0660247802734375 0.26373291015625 0.105819702148437
0.135902404785156 -0.0367813110351563 0.355224609375 -0.083465576171875
0.117347717285156 -0.0823135375976563 0.32159423828125 -0.227203369140625
0.109855651855469 -0.0502777099609375 0.250015258789063 -0.251602172851563
0.122932434082031 -0.0358810424804688 0.245346069335938 -0.208297729492188
0.120292663574219 0.042266845703125 0.26214599609375 -0.102493286132813
0.048309326171875 0.109077453613281 0.1871337890625 -0.0491180419921875
-0.0580673217773437 0.108924865722656 0.130203247070313 -0.0385589599609375
-0.145706176757812 -0.00300598144531252 0.199813842773438 -0.106521606445313
-0.123733520507812 -0.142288208007813 0.391632080078125 -0.189483642578125
-0.0224151611328125 -0.194747924804688 0.660400390625 0.03277587890625
-0.353424072265625 -0.08349609375 0.120513916015625 -0.126701354980469
-0.361114501953125 0.1290283203125 -0.0162124633789063 -0.077911376953125
-0.167938232421875 0.294219970703125 -0.0680007934570313 0.0916748046875
0.094970703125 0.2879638671875 0.0837860107421875 0.173110961914063
0.218185424804688 0.161117553710937 0.189529418945313 0.1070556640625
0.27691650390625 -0.0203704833984375 0.285491943359375 -0.051422119140625
0.248275756835938 -0.11956787109375 0.266815185546875 -0.17059326171875
0.231826782226563 -0.0858306884765625 0.196640014648438 -0.1951904296875
0.261520385742188 -0.0709991455078125 0.1817626953125 -0.168792724609375
0.25653076171875 0.0506591796875 0.197967529296875 -0.0975189208984375
0.152481079101563 0.187057495117187 0.128143310546875 -0.0754547119140625
-0.00547790527343751 0.225830078125 0.101821899414063 -0.0851364135742187
-0.208114624023437 0.123504638671875 0.201385498046875 -0.162734985351563
-0.270034790039063 -0.0337066650390625 0.399139404296875 -0.21435546875
-0.204849243164063 -0.13018798828125 0.64093017578125 0.05328369140625
-0.491180419921875 -0.0609130859374999 0.027008056640625 -0.142578125
-0.464874267578125 0.174530029296875 -0.0705642700195313 -0.0707626342773438
-0.231170654296875 0.388336181640625 -0.08624267578125 0.0790786743164063
0.098724365234375 0.392730712890625 0.0443115234375 0.135604858398438
0.27838134765625 0.23638916015625 0.103981018066406 0.0901947021484375
0.378662109375 0.003265380859375 0.182815551757813 -0.0225830078125
0.3421630859375 -0.134063720703125 0.17236328125 -0.101089477539063
0.31878662109375 -0.111175537109375 0.110183715820313 -0.11737060546875
0.362274169921875 -0.103118896484375 0.0839691162109375 -0.108268737792969
0.3643798828125 0.0443115234375 0.0978164672851563 -0.0866851806640625
0.24786376953125 0.24237060546875 0.0425033569335938 -0.101707458496094
0.05963134765625 0.329254150390625 0.0575637817382812 -0.13946533203125
-0.249832153320313 0.255722045898438 0.187576293945313 -0.227813720703125
-0.401031494140625 0.10467529296875 0.374481201171875 -0.2393798828125
-0.38037109375 -0.03631591796875 0.59259033203125 -0.0443115234375
-0.5728759765625 0.0347290039062501 -0.113296508789063 -0.161651611328125
-0.49365234375 0.258941650390625 -0.150070190429688 -0.048797607421875
-0.261810302734375 0.425262451171875 -0.104194641113281 0.063720703125
0.078125 0.440887451171875 -0.00426483154296875 0.0857391357421875
0.28436279296875 0.28741455078125 0.00490570068359376 0.0607566833496094
0.416046142578125 0.04571533203125 0.0562362670898438 0.0084228515625
0.38641357421875 -0.1083984375 0.0564002990722657 -0.013519287109375
0.360504150390625 -0.088348388671875 0.00967979431152346 -0.0198516845703125
0.409912109375 -0.08001708984375 -0.0267410278320312 -0.029815673828125
0.40936279296875 0.0699462890625 -0.0208663940429687 -0.0587387084960937
0.28662109375 0.28448486328125 -0.0541000366210937 -0.118927001953125
0.090423583984375 0.39764404296875 0.00727844238281252 -0.181137084960937
-0.279632568359375 0.34625244140625 0.167953491210937 -0.249359130859375
-0.48724365234375 0.184539794921875 0.31878662109375 -0.1962890625
-0.49163818359375 0.0199584960937501 0.45697021484375 -0.032623291015625
-0.5616455078125 0.0925903320312501 -0.255661010742188 -0.169647216796875
-0.44927978515625 0.29888916015625 -0.226791381835938 -0.0221099853515625
-0.22320556640625 0.421783447265625 -0.114738464355469 0.0540237426757813
0.084869384765625 0.419464111328125 -0.0479278564453125 0.0302467346191406
0.2734375 0.271255493164063 -0.0877838134765625 0.0232315063476563
0.39862060546875 0.0498046875 -0.074371337890625 0.027374267578125
0.368804931640625 -0.093109130859375 -0.0699501037597656 0.0557708740234375
0.34661865234375 -0.0784912109375 -0.09967041015625 0.0666885375976562
0.3970947265625 -0.073760986328125 -0.145538330078125 0.044525146484375
0.397613525390625 0.06451416015625 -0.151275634765625 -0.0311126708984375
0.29296875 0.275909423828125 -0.161239624023437 -0.126113891601563
0.115447998046875 0.399658203125 -0.0589141845703125 -0.209014892578125
-0.264678955078125 0.3804931640625 0.114761352539063 -0.255615234375
-0.497650146484375 0.244964599609375 0.215408325195312 -0.144317626953125
-0.5281982421875 0.08123779296875 0.282073974609375 -0.04034423828125
-0.476165771484375 0.16461181640625 -0.390899658203125 -0.156890869140625
-0.335357666015625 0.31201171875 -0.29150390625 0.011260986328125
-0.134521484375 0.36456298828125 -0.121879577636719 0.0468063354492188
0.095703125 0.326416015625 -0.0912017822265625 -0.0156784057617187
0.228286743164062 0.202865600585937 -0.165740966796875 -0.00527954101562497
0.320037841796875 0.03680419921875 -0.1851806640625 0.047454833984375
0.29400634765625 -0.067291259765625 -0.180068969726562 0.116043090820312
0.281890869140625 -0.0604248046875 -0.194931030273437 0.140762329101563
0.323516845703125 -0.0523681640625 -0.247039794921875 0.10888671875
0.31500244140625 0.05767822265625 -0.266326904296875 -0.00411987304687505
0.230743408203125 0.22479248046875 -0.247055053710937 -0.123794555664063
0.097564697265625 0.321563720703125 -0.112808227539063 -0.216781616210937
-0.210418701171875 0.320343017578125 0.05877685546875 -0.229202270507813
-0.412078857421875 0.23785400390625 0.102561950683594 -0.0740509033203125
-0.4630126953125 0.120208740234375 0.097808837890625 -0.0379180908203125
-0.329803466796875 0.21282958984375 -0.5 -0.12799072265625
-0.18218994140625 0.283843994140625 -0.337493896484375 0.0446777343750001
-0.0240936279296875 0.259735107421875 -0.124588012695313 0.0485610961914063
0.0985107421875 0.183761596679688 -0.122962951660156 -0.0402297973632812
0.15301513671875 0.098876953125 -0.208587646484375 -0.0172576904296875
0.193954467773438 0.010162353515625 -0.256393432617188 0.0666046142578125
0.174972534179687 -0.03485107421875 -0.25494384765625 0.160064697265625
0.173583984375 -0.033905029296875 -0.258758544921875 0.194351196289062
0.203445434570313 -0.0202484130859375 -0.314605712890625 0.152435302734375
0.178695678710938 0.0508880615234375 -0.34320068359375 0.01226806640625
0.117462158203125 0.14208984375 -0.290130615234375 -0.12078857421875
0.0466766357421875 0.183303833007813 -0.136215209960938 -0.210403442382813
-0.125411987304687 0.183792114257813 0.022003173828125 -0.1824951171875
-0.248275756835938 0.173370361328125 0.0117979049682617 -0.00707530975341796
-0.31109619140625 0.133819580078125 -0.0594520568847657 -0.0290336608886719
-0.146759033203125 0.229949951171875 -0.57373046875 -0.0850830078125001
-0.0247650146484375 0.219497680664063 -0.368621826171875 0.0802001953125
0.0809555053710938 0.137657165527344 -0.125656127929688 0.0680999755859375
0.09332275390625 0.031341552734375 -0.135963439941406 -0.034393310546875
0.0653724670410156 -0.013885498046875 -0.21142578125 -0.010528564453125
0.0449485778808594 -0.0193214416503906 -0.277847290039063 0.082977294921875
0.0311470031738281 0.00090789794921875 -0.285064697265625 0.1824951171875
0.0400466918945313 -0.0029449462890625 -0.286285400390625 0.218475341796875
0.0534095764160156 0.0152435302734375 -0.34234619140625 0.1666259765625
0.0159416198730469 0.0372314453125 -0.37335205078125 0.01153564453125
-0.0117607116699219 0.0405197143554688 -0.28790283203125 -0.121002197265625
-0.00888824462890625 0.0209083557128906 -0.127944946289062 -0.198333740234375
-0.0193595886230469 0.0244026184082031 0.0124130249023438 -0.135047912597656
-0.0428390502929687 0.0859298706054688 -0.0372886657714844 0.0393905639648438
-0.104705810546875 0.133522033691406 -0.1595458984375 -0.0151824951171875
-0.160263061523438 -0.117294311523437 0.194732666015625 -0.103118896484375
-0.205535888671875 0.0503082275390625 0.0253982543945312 -0.07647705078125
-0.061431884765625 0.172271728515625 -0.0377349853515625 0.116416931152344
0.0963897705078125 0.137344360351563 0.138763427734375 0.198974609375
0.135704040527344 0.0511703491210938 0.278839111328125 0.0975799560546875
0.128242492675781 -0.0523452758789063 0.364776611328125 -0.10296630859375
0.106483459472656 -0.0965728759765625 0.32672119140625 -0.2518310546875
0.102287292480469 -0.064453125 0.250091552734375 -0.271896362304688
0.116615295410156 -0.0526962280273438 0.250106811523438 -0.226287841796875
0.123268127441406 0.026123046875 0.2735595703125 -0.116973876953125
0.0604248046875 0.101005554199219 0.193069458007813 -0.055572509765625
-0.0447921752929688 0.112907409667969 0.129127502441406 -0.0431671142578125
-0.142059326171875 0.0127105712890625 0.198516845703125 -0.125503540039063
-0.133193969726563 -0.125999450683594 0.39923095703125 -0.219146728515625
-0.038482666015625 -0.1868896484375 0.697021484375 0.00793457031249999
-0.3721923828125 -0.058074951171875 0.140029907226562 -0.120216369628906
-0.358642578125 0.15966796875 -0.00436401367187503 -0.0749130249023437
-0.151824951171875 0.311981201171875 -0.0585708618164062 0.0967025756835938
0.114959716796875 0.28472900390625 0.0969085693359375 0.175430297851563
0.233734130859375 0.147796630859375 0.205352783203125 0.105194091796875
0.27850341796875 -0.0395355224609375 0.29718017578125 -0.06427001953125
0.243606567382812 -0.141082763671875 0.275314331054687 -0.190902709960937
0.230667114257813 -0.106277465820313 0.202239990234375 -0.211532592773438
0.262893676757813 -0.0951995849609375 0.189849853515625 -0.180572509765625
0.269363403320313 0.031280517578125 0.209014892578125 -0.105239868164063
0.17425537109375 0.181182861328125 0.130241394042969 -0.0761032104492187
0.012542724609375 0.2376708984375 0.0970611572265625 -0.0876998901367188
-0.208038330078125 0.148590087890625 0.19610595703125 -0.181732177734375
-0.28802490234375 -0.008575439453125 0.404449462890625 -0.24237060546875
-0.231216430664063 -0.116668701171875 0.67193603515625 0.03411865234375
-0.51934814453125 -0.0342407226562499 0.0375900268554687 -0.130195617675781
-0.473236083984375 0.2091064453125 -0.0615158081054688 -0.0615158081054688
-0.219268798828125 0.41680908203125 -0.0768203735351563 0.08697509765625
0.121368408203125 0.398101806640625 0.05609130859375 0.139617919921875
0.301544189453125 0.2274169921875 0.118370056152344 0.0925827026367188
0.387603759765625 -0.017547607421875 0.194503784179688 -0.027008056640625
0.345977783203125 -0.16131591796875 0.184097290039063 -0.11395263671875
0.323333740234375 -0.135406494140625 0.119850158691406 -0.126495361328125
0.3701171875 -0.131622314453125 0.0925216674804688 -0.11016845703125
0.383209228515625 0.02301025390625 0.106590270996094 -0.0865020751953125
0.27618408203125 0.23980712890625 0.039398193359375 -0.098114013671875
0.08056640625 0.34503173828125 0.0479660034179688 -0.139533996582031
-0.252716064453125 0.289825439453125 0.176834106445312 -0.244705200195312
-0.422210693359375 0.139007568359375 0.37451171875 -0.2637939453125
-0.412567138671875 -0.0184326171874999 0.612548828125 -0.06298828125
-0.603759765625 0.0625000000000001 -0.112457275390625 -0.144500732421875
-0.503875732421875 0.29461669921875 -0.1448974609375 -0.033233642578125
-0.255523681640625 0.459381103515625 -0.0954208374023438 0.0751266479492188
0.100799560546875 0.4566650390625 0.00593566894531252 0.091644287109375
0.31256103515625 0.285003662109375 0.0148811340332031 0.0681037902832032
0.43414306640625 0.0283203125 0.0655326843261719 0.012298583984375
0.39825439453125 -0.13531494140625 0.0682907104492188 -0.0173416137695313
0.372650146484375 -0.112274169921875 0.0205955505371094 -0.0200595855712891
0.426727294921875 -0.10662841796875 -0.0184535980224609 -0.0219688415527344
0.432769775390625 0.05224609375 -0.0163955688476562 -0.0505752563476563
0.317108154296875 0.287322998046875 -0.062530517578125 -0.1102294921875
0.112823486328125 0.4168701171875 -0.00758361816406251 -0.179244995117187
-0.284881591796875 0.380889892578125 0.153976440429687 -0.263397216796875
-0.51202392578125 0.21917724609375 0.31573486328125 -0.213592529296875
-0.527069091796875 0.0378417968749999 0.4661865234375 -0.04718017578125
-0.59173583984375 0.11492919921875 -0.266510009765625 -0.14825439453125
-0.462890625 0.330352783203125 -0.227645874023438 -0.000457763671875019
-0.2218017578125 0.45745849609375 -0.107948303222656 0.0674667358398438
0.104644775390625 0.439483642578125 -0.04229736328125 0.0374984741210938
0.30169677734375 0.2757568359375 -0.0837936401367187 0.0339279174804688
0.421142578125 0.037750244140625 -0.0682182312011718 0.03759765625
0.385406494140625 -0.115478515625 -0.0608291625976562 0.0613822937011719
0.362030029296875 -0.09912109375 -0.0900192260742187 0.0749588012695312
0.415496826171875 -0.09674072265625 -0.139472961425781 0.0607376098632813
0.4227294921875 0.0506591796875 -0.1513671875 -0.0158843994140625
0.3212890625 0.280792236328125 -0.174331665039062 -0.113021850585937
0.13494873046875 0.4188232421875 -0.0765533447265625 -0.205612182617187
-0.271575927734375 0.4129638671875 0.098785400390625 -0.264083862304688
-0.518768310546875 0.276397705078125 0.209304809570312 -0.154159545898437
-0.559112548828125 0.0973815917968751 0.279876708984375 -0.050933837890625
-0.499298095703125 0.17987060546875 -0.413848876953125 -0.133331298828125
-0.34710693359375 0.33416748046875 -0.298736572265625 0.037139892578125
-0.13690185546875 0.39154052734375 -0.116798400878906 0.0614776611328125
0.107208251953125 0.345794677734375 -0.0901031494140625 -0.00865936279296874
0.24981689453125 0.209716796875 -0.16644287109375 0.00651550292968749
0.342376708984375 0.030059814453125 -0.184295654296875 0.06231689453125
0.312164306640625 -0.082427978515625 -0.174713134765625 0.128692626953125
0.296600341796875 -0.075103759765625 -0.187088012695312 0.15594482421875
0.343963623046875 -0.06744384765625 -0.243820190429687 0.131301879882813
0.337738037109375 0.0521240234375 -0.27142333984375 0.0168304443359375
0.251968383789063 0.234100341796875 -0.262069702148438 -0.1085205078125
0.10992431640625 0.338531494140625 -0.13153076171875 -0.211654663085937
-0.220062255859375 0.343048095703125 0.0433349609375 -0.232803344726562
-0.4307861328125 0.259307861328125 0.0941390991210937 -0.07672119140625
-0.487457275390625 0.13043212890625 0.0846099853515625 -0.0440521240234375
-0.341033935546875 0.21978759765625 -0.531524658203125 -0.103607177734375
-0.19000244140625 0.29278564453125 -0.34912109375 0.0731201171875
-0.0292205810546875 0.273452758789062 -0.121246337890625 0.0633392333984375
0.0998077392578125 0.19677734375 -0.12457275390625 -0.0335540771484375
0.164108276367188 0.107345581054688 -0.213714599609375 -0.00651550292968753
0.21087646484375 0.0120086669921875 -0.260223388671875 0.082763671875
0.191268920898438 -0.040313720703125 -0.254470825195313 0.178009033203125
0.187210083007812 -0.0397491455078125 -0.25482177734375 0.21343994140625
0.2210693359375 -0.0262603759765625 -0.316162109375 0.17779541015625
0.19659423828125 0.0542755126953125 -0.3533935546875 0.03656005859375
0.129486083984375 0.155609130859375 -0.30731201171875 -0.105224609375
0.0489654541015625 0.197540283203125 -0.154037475585937 -0.205963134765625
-0.138229370117187 0.196395874023438 0.009368896484375 -0.183242797851562
-0.262603759765625 0.181243896484375 0.00284862518310545 -0.00516605377197265
-0.325714111328125 0.1346435546875 -0.08001708984375 -0.032745361328125
-0.143325805664063 0.229156494140625 -0.6104736328125 -0.0609741210937501
-0.0246124267578125 0.215911865234375 -0.385223388671875 0.10906982421875
0.0769500732421875 0.135223388671875 -0.123512268066406 0.0812911987304688
0.0863189697265625 0.0352630615234375 -0.138221740722656 -0.0280838012695312
0.064422607421875 -0.006317138671875 -0.21820068359375 -0.0032806396484375
0.0528411865234375 -0.0100936889648438 -0.28387451171875 0.0975341796874999
0.0424919128417969 0.00603866577148438 -0.288726806640625 0.201812744140625
0.0495223999023438 0.000339508056640625 -0.2857666015625 0.23931884765625
0.0662345886230469 0.0185623168945313 -0.3468017578125 0.19281005859375
0.0276870727539063 0.0487556457519531 -0.387969970703125 0.0343017578124999
-0.00893020629882813 0.0568962097167969 -0.305999755859375 -0.109375
-0.0154514312744141 0.0320053100585938 -0.143814086914063 -0.195953369140625
-0.0333290100097656 0.0252418518066406 0.00221252441406248 -0.135757446289063
-0.0524063110351562 0.07928466796875 -0.0460128784179687 0.0413093566894531
-0.109001159667969 0.125076293945313 -0.18536376953125 -0.0199737548828125
-0.163497924804687 -0.0955047607421875 0.213836669921875 -0.109237670898437
-0.190475463867188 0.0715789794921875 0.0360031127929687 -0.0796966552734375
-0.0401611328125 0.173507690429688 -0.0249862670898437 0.116569519042969
0.107749938964844 0.120185852050781 0.15386962890625 0.18975830078125
0.137054443359375 0.0332489013671875 0.2900390625 0.079620361328125
0.115913391113281 -0.0661087036132812 0.36273193359375 -0.1290283203125
0.0912551879882813 -0.10791015625 0.315399169921875 -0.277587890625
0.0896759033203125 -0.0766067504882813 0.238555908203125 -0.29254150390625
0.104652404785156 -0.0677719116210938 0.243408203125 -0.24755859375
0.121414184570313 0.0084381103515625 0.274642944335938 -0.138107299804688
0.0706100463867188 0.08819580078125 0.193954467773438 -0.065460205078125
-0.030059814453125 0.113456726074219 0.126510620117188 -0.0490036010742187
-0.133071899414063 0.0286636352539062 0.188568115234375 -0.145370483398438
-0.139572143554688 -0.105720520019531 0.391143798828125 -0.251251220703125
-0.0549163818359375 -0.17254638671875 0.71453857421875 -0.0352783203125
-0.37896728515625 -0.0237426757812501 0.155487060546875 -0.11895751953125
-0.341766357421875 0.191131591796875 0.00554656982421873 -0.0742568969726563
-0.1263427734375 0.3232421875 -0.0467300415039063 0.0989837646484375
0.136016845703125 0.272384643554688 0.112319946289063 0.169830322265625
0.244186401367188 0.126388549804688 0.218704223632813 0.09320068359375
0.27081298828125 -0.0622711181640625 0.300689697265625 -0.0841064453125
0.2301025390625 -0.163284301757813 0.2711181640625 -0.214263916015625
0.21905517578125 -0.128204345703125 0.198043823242188 -0.229232788085937
0.253280639648438 -0.121658325195312 0.188629150390625 -0.194107055664063
0.273590087890625 0.0047454833984375 0.212310791015625 -0.1192626953125
0.194656372070312 0.166778564453125 0.128684997558594 -0.0799331665039062
0.035736083984375 0.24188232421875 0.0893020629882812 -0.0892333984375
-0.197280883789062 0.175430297851563 0.181396484375 -0.198593139648438
-0.2967529296875 0.02447509765625 0.394195556640625 -0.27239990234375
-0.252334594726563 -0.0936279296875 0.6878662109375 -0.00329589843750001
-0.53204345703125 0.00476074218749997 0.0477676391601562 -0.119903564453125
-0.460693359375 0.249542236328125 -0.0519905090332032 -0.054046630859375
-0.190460205078125 0.4375 -0.0647048950195313 0.0920486450195313
0.149749755859375 0.391448974609375 0.0699920654296875 0.137321472167969
0.3203125 0.205169677734375 0.132286071777344 0.0888671875
0.38800048828125 -0.04473876953125 0.201400756835938 -0.038421630859375
0.335540771484375 -0.1904296875 0.186599731445313 -0.131179809570312
0.315399169921875 -0.164947509765625 0.121879577636719 -0.137893676757812
0.364105224609375 -0.164947509765625 0.0975265502929688 -0.115028381347656
0.39227294921875 -0.007720947265625 0.111534118652344 -0.0905914306640625
0.302581787109375 0.222869873046875 0.0353775024414063 -0.094085693359375
0.10992431640625 0.3494873046875 0.0353164672851563 -0.136802673339844
-0.238800048828125 0.321258544921875 0.155410766601562 -0.257904052734375
-0.42724609375 0.1802978515625 0.360504150390625 -0.289581298828125
-0.433837890625 0.012725830078125 0.616455078125 -0.09686279296875
-0.6165771484375 0.10357666015625 -0.109199523925781 -0.124481201171875
-0.493560791015625 0.335205078125 -0.136100769042969 -0.0179595947265625
-0.230438232421875 0.48828125 -0.0828933715820313 0.0830535888671875
0.131195068359375 0.45782470703125 0.0170135498046875 0.0939178466796876
0.338165283203125 0.267578125 0.0263137817382813 0.0721511840820313
0.443450927734375 0 0.0744857788085938 0.0118026733398438
0.396484375 -0.1671142578125 0.0769119262695313 -0.0241317749023438
0.371002197265625 -0.142578125 0.0294914245605469 -0.0231513977050781
0.42724609375 -0.14215087890625 -0.00997352600097654 -0.0160274505615234
0.447723388671875 0.022491455078125 -0.0109672546386718 -0.0442581176757813
0.347808837890625 0.27392578125 -0.0701141357421875 -0.0986251831054688
0.143951416015625 0.42193603515625 -0.024261474609375 -0.173004150390625
-0.271392822265625 0.414825439453125 0.131271362304687 -0.272933959960938
-0.517364501953125 0.26190185546875 0.30078125 -0.23236083984375
-0.5469970703125 0.0705261230468749 0.46502685546875 -0.0714111328125
-0.6046142578125 0.15069580078125 -0.272537231445313 -0.119125366210938
-0.45635986328125 0.366180419921875 -0.220748901367188 0.022979736328125
-0.201904296875 0.486083984375 -0.0967636108398438 0.0785140991210938
0.13153076171875 0.4481201171875 -0.0352821350097656 0.0434379577636719
0.327972412109375 0.26416015625 -0.0761489868164062 0.0434799194335938
0.436279296875 0.01287841796875 -0.05926513671875 0.0466270446777344
0.389190673828125 -0.14483642578125 -0.0496597290039062 0.0644607543945312
0.364776611328125 -0.12713623046875 -0.076690673828125 0.080352783203125
0.421539306640625 -0.12738037109375 -0.127700805664062 0.0767593383789063
0.438446044921875 0.025054931640625 -0.147109985351562 0.00100708007812502
0.348052978515625 0.27044677734375 -0.183090209960937 -0.0949554443359375
0.163299560546875 0.424713134765625 -0.0953369140625 -0.194732666015625
-0.2589111328125 0.44354248046875 0.07684326171875 -0.267990112304688
-0.5220947265625 0.315338134765625 0.19573974609375 -0.163955688476562
-0.5748291015625 0.12762451171875 0.271621704101563 -0.0638427734375
-0.506011962890625 0.204986572265625 -0.427398681640625 -0.0962829589843749
-0.343353271484375 0.359039306640625 -0.295135498046875 0.0674438476562501
-0.125457763671875 0.41510009765625 -0.107406616210938 0.0747528076171875
0.12677001953125 0.35626220703125 -0.0869293212890625 -0.000343322753906216
0.271377563476562 0.204238891601562 -0.1627197265625 0.021240234375
0.35833740234375 0.0130615234375 -0.177154541015625 0.078643798828125
0.320068359375 -0.104827880859375 -0.163009643554687 0.14129638671875
0.302734375 -0.096160888671875 -0.171401977539062 0.1690673828125
0.35321044921875 -0.092071533203125 -0.23114013671875 0.155044555664063
0.3538818359375 0.03521728515625 -0.268524169921875 0.0425567626953124
0.275802612304688 0.231948852539063 -0.27252197265625 -0.0843048095703125
0.12945556640625 0.3458251953125 -0.149444580078125 -0.198226928710937
-0.21331787109375 0.367919921875 0.0242462158203125 -0.231033325195313
-0.433074951171875 0.28924560546875 0.0836334228515625 -0.0780792236328125
-0.497222900390625 0.153350830078125 0.0694694519042968 -0.0481643676757812
-0.341064453125 0.232818603515625 -0.550628662109375 -0.0629882812499999
-0.186981201171875 0.302154541015625 -0.3502197265625 0.107086181640625
-0.025909423828125 0.283966064453125 -0.113563537597656 0.0767135620117188
0.108200073242188 0.206832885742188 -0.124557495117188 -0.0236053466796875
0.176528930664063 0.107513427734375 -0.214035034179688 0.00836181640625001
0.224685668945313 0.0062713623046875 -0.25531005859375 0.102737426757812
0.201812744140625 -0.0521087646484375 -0.2445068359375 0.197174072265625
0.1951904296875 -0.0507049560546875 -0.239761352539063 0.2320556640625
0.23236083984375 -0.0403289794921875 -0.3033447265625 0.206634521484375
0.21270751953125 0.0487213134765625 -0.35308837890625 0.0670776367187501
0.145751953125 0.1614990234375 -0.3187255859375 -0.08056640625
0.057220458984375 0.207839965820313 -0.171371459960938 -0.191940307617188
-0.14093017578125 0.2113037109375 -0.005889892578125 -0.179229736328125
-0.268630981445313 0.194656372070312 -0.00480985641479494 -0.00181293487548827
-0.33135986328125 0.14447021484375 -0.100082397460938 -0.0312728881835937
-0.133590698242188 0.227554321289063 -0.63238525390625 -0.0216674804687499
-0.0209197998046875 0.209884643554688 -0.386627197265625 0.14453125
0.0736160278320313 0.131385803222656 -0.115859985351562 0.0954208374023438
0.080902099609375 0.0390472412109375 -0.138473510742188 -0.0181350708007813
0.0640869140625 -0.00067901611328125 -0.219696044921875 0.00979614257812505
0.0615425109863281 -0.00506591796875 -0.281890869140625 0.1171875
0.0543556213378906 0.00742721557617188 -0.281768798828125 0.223297119140625
0.0585174560546875 0.00115585327148438 -0.27301025390625 0.260543823242188
0.078460693359375 0.017303466796875 -0.337921142578125 0.221405029296875
0.041778564453125 0.0555305480957031 -0.391357421875 0.06683349609375
-0.001800537109375 0.0710296630859375 -0.318511962890625 -0.085968017578125
-0.018798828125 0.0434837341308594 -0.160537719726563 -0.185546875
-0.0458717346191406 0.0291481018066406 -0.00942230224609376 -0.132225036621094
-0.0604476928710938 0.0751800537109375 -0.052337646484375 0.0454750061035156
-0.109176635742187 0.119583129882813 -0.207992553710937 -0.014801025390625
-0.1585693359375 -0.0742340087890625 0.2259521484375 -0.11572265625
-0.169525146484375 0.0858306884765625 0.0425186157226562 -0.0825347900390625
-0.0211029052734375 0.165908813476562 -0.0143661499023438 0.111480712890625
0.1126708984375 0.100700378417969 0.1630859375 0.175949096679688
0.132575988769531 0.0171279907226562 0.29052734375 0.06036376953125
0.100051879882813 -0.073516845703125 0.35003662109375 -0.14959716796875
0.073333740234375 -0.113014221191406 0.29541015625 -0.293548583984375
0.0745162963867188 -0.08319091796875 0.219696044921875 -0.30255126953125
0.089141845703125 -0.0773544311523438 0.228927612304687 -0.259017944335938
0.114509582519531 -0.006927490234375 0.266342163085938 -0.1534423828125
0.0754547119140625 0.0735702514648438 0.18902587890625 -0.073150634765625
-0.0166091918945312 0.1082763671875 0.120391845703125 -0.0523223876953125
-0.119514465332031 0.0397262573242188 0.173187255859375 -0.157699584960938
-0.138504028320313 -0.08538818359375 0.372039794921875 -0.273773193359375
-0.0652618408203125 -0.15472412109375 0.70928955078125 -0.07379150390625
-0.37213134765625 0.00573730468750004 0.16851806640625 -0.11846923828125
-0.315216064453125 0.212921142578125 0.0135040283203125 -0.0740203857421875
-0.09881591796875 0.322235107421875 -0.0347824096679688 0.0970916748046875
0.148574829101563 0.252059936523438 0.121902465820313 0.160018920898438
0.243988037109375 0.104736328125 0.224502563476563 0.0791473388671875
0.256759643554688 -0.0791015625 0.294952392578125 -0.09991455078125
0.208831787109375 -0.176956176757813 0.258941650390625 -0.2294921875
0.2022705078125 -0.142929077148438 0.185821533203125 -0.2381591796875
0.236053466796875 -0.140655517578125 0.180923461914063 -0.20281982421875
0.267654418945313 -0.0187225341796875 0.208480834960938 -0.130081176757813
0.2054443359375 0.147125244140625 0.124382019042969 -0.0813827514648437
0.0557403564453125 0.236679077148438 0.0815353393554688 -0.087371826171875
-0.180343627929687 0.192306518554688 0.162322998046875 -0.206954956054687
-0.293243408203125 0.0531005859375001 0.372406005859375 -0.2901611328125
-0.262222290039063 -0.06817626953125 0.682861328125 -0.03692626953125
-0.528350830078125 0.0416870117187501 0.0577316284179687 -0.109489440917969
-0.43438720703125 0.27545166015625 -0.0412445068359375 -0.0483512878417968
-0.159820556640625 0.44256591796875 -0.0508956909179688 0.0916671752929688
0.1697998046875 0.37567138671875 0.080596923828125 0.131126403808594
0.326141357421875 0.179962158203125 0.14056396484375 0.0796966552734375
0.376312255859375 -0.07000732421875 0.202789306640625 -0.048553466796875
0.3157958984375 -0.211395263671875 0.181411743164063 -0.142974853515625
0.297607421875 -0.184356689453125 0.117996215820313 -0.144912719726563
0.3458251953125 -0.190643310546875 0.098541259765625 -0.118026733398438
0.387451171875 -0.03631591796875 0.112396240234375 -0.0953369140625
0.31781005859375 0.20013427734375 0.0313720703125 -0.0879058837890625
0.1336669921875 0.341552734375 0.0245361328125 -0.129959106445313
-0.218109130859375 0.33978271484375 0.13232421875 -0.260635375976563
-0.418975830078125 0.212860107421875 0.336883544921875 -0.30316162109375
-0.4383544921875 0.0438232421875 0.60418701171875 -0.1248779296875
-0.6087646484375 0.14056396484375 -0.100006103515625 -0.105293273925781
-0.46844482421875 0.361602783203125 -0.123451232910156 -0.0069122314453125
-0.200469970703125 0.5 -0.069854736328125 0.0865249633789063
0.155670166015625 0.447784423828125 0.0265350341796875 0.09197998046875
0.351043701171875 0.242645263671875 0.0372085571289063 0.0706863403320313
0.43951416015625 -0.027130126953125 0.0819931030273438 0.00876617431640625
0.3809814453125 -0.19329833984375 0.0812606811523438 -0.0316619873046875
0.357513427734375 -0.165924072265625 0.0352439880371094 -0.0263748168945313
0.41412353515625 -0.17120361328125 -0.00048732757568357 -0.0125703811645508
0.447296142578125 -0.007568359375 -0.0053291320800781 -0.0395393371582031
0.365966796875 0.2518310546875 -0.0735473632812499 -0.08538818359375
0.1688232421875 0.414337158203125 -0.03607177734375 -0.161041259765625
-0.248870849609375 0.4346923828125 0.107879638671875 -0.272048950195312
-0.505157470703125 0.29705810546875 0.279434204101562 -0.24249267578125
-0.549591064453125 0.100738525390625 0.45123291015625 -0.090179443359375
-0.5982666015625 0.18072509765625 -0.266250610351563 -0.09033203125
-0.436431884765625 0.388580322265625 -0.207977294921875 0.041412353515625
-0.17767333984375 0.50140380859375 -0.0839004516601563 0.0842742919921875
0.156646728515625 0.441497802734375 -0.0273590087890625 0.0456962585449219
0.3428955078125 0.2431640625 -0.0651359558105468 0.0496902465820313
0.436370849609375 -0.01300048828125 -0.0486297607421875 0.0523757934570313
0.3797607421875 -0.16888427734375 -0.0390243530273437 0.064239501953125
0.35528564453125 -0.149444580078125 -0.06414794921875 0.0811843872070312
0.41204833984375 -0.155517578125 -0.112106323242187 0.0860748291015625
0.440399169921875 -0.001617431640625 -0.137710571289062 0.0139389038085938
0.366485595703125 0.252960205078125 -0.184524536132812 -0.0746612548828125
0.185150146484375 0.416748046875 -0.106582641601563 -0.177688598632812
-0.238739013671875 0.46124267578125 0.0551300048828125 -0.261154174804687
-0.50787353515625 0.347259521484375 0.17852783203125 -0.166534423828125
-0.5726318359375 0.15521240234375 0.255966186523437 -0.07257080078125
-0.5010986328125 0.224456787109375 -0.4244384765625 -0.060760498046875
-0.33038330078125 0.3721923828125 -0.28216552734375 0.0906372070312501
-0.1092529296875 0.427032470703125 -0.0951309204101562 0.0825042724609375
0.14263916015625 0.356109619140625 -0.0804672241210937 0.00655364990234378
0.28515625 0.19146728515625 -0.154037475585937 0.0322418212890625
0.363433837890625 -0.00579833984375 -0.164260864257812 0.090362548828125
0.316650390625 -0.125091552734375 -0.14837646484375 0.147445678710937
0.298675537109375 -0.112945556640625 -0.153610229492188 0.174774169921875
0.35009765625 -0.114105224609375 -0.211029052734375 0.1697998046875
0.360015869140625 0.0152587890625 -0.256027221679688 0.0621795654296875
0.290863037109375 0.220062255859375 -0.271896362304687 -0.0610504150390625
0.14569091796875 0.342681884765625 -0.160018920898437 -0.179367065429687
-0.20086669921875 0.381439208984375 0.0071258544921875 -0.220916748046875
-0.42401123046875 0.31011962890625 0.0722732543945312 -0.0752716064453125
-0.49481201171875 0.17108154296875 0.0541915893554687 -0.0474205017089844
-0.332366943359375 0.23785400390625 -0.549957275390625 -0.0244445800781251
-0.17987060546875 0.304046630859375 -0.338836669921875 0.133941650390625
-0.020660400390625 0.288970947265625 -0.103103637695313 0.0855789184570313
0.112594604492188 0.209396362304688 -0.119972229003906 -0.0149612426757813
0.183685302734375 0.104278564453125 -0.207138061523438 0.021484375
0.232711791992188 -0.002227783203125 -0.243194580078125 0.11785888671875
0.205596923828125 -0.063201904296875 -0.2279052734375 0.208511352539062
0.196517944335938 -0.060821533203125 -0.219711303710938 0.242340087890625
0.235015869140625 -0.0541229248046875 -0.2822265625 0.224945068359375
0.22259521484375 0.039276123046875 -0.3389892578125 0.0914306640625
0.159011840820313 0.160797119140625 -0.318145751953125 -0.056060791015625
0.0656280517578125 0.211532592773438 -0.18109130859375 -0.174087524414063
-0.139602661132812 0.220779418945313 -0.0184783935546875 -0.169906616210938
-0.266876220703125 0.204498291015625 -0.0107755661010742 0.00278377532958986
-0.329132080078125 0.149688720703125 -0.11553955078125 -0.0242996215820313
-0.123748779296875 0.21875 -0.63275146484375 0.0181274414062501
-0.0191497802734375 0.20098876953125 -0.37469482421875 0.171722412109375
0.0694732666015625 0.126686096191406 -0.105033874511719 0.102394104003906
0.0747604370117188 0.043670654296875 -0.134895324707031 -0.00998687744140627
0.0639915466308594 0.00399398803710938 -0.2139892578125 0.0213775634765625
0.069580078125 -0.00220489501953125 -0.271148681640625 0.131301879882813
0.0644760131835938 0.00565719604492188 -0.266006469726563 0.236892700195312
0.0646476745605469 -0.00037384033203125 -0.25274658203125 0.272659301757813
0.087158203125 0.013702392578125 -0.318572998046875 0.2415771484375
0.0546340942382812 0.0574760437011719 -0.380401611328125 0.094146728515625
0.00754547119140625 0.0802230834960938 -0.31915283203125 -0.0630493164062501
-0.018890380859375 0.0539474487304688 -0.17047119140625 -0.169998168945313
-0.0550193786621094 0.035614013671875 -0.018218994140625 -0.125213623046875
-0.0680084228515625 0.0737838745117188 -0.0567512512207031 0.0493888854980469
-0.10931396484375 0.112136840820312 -0.224212646484375 -0.00666809082031249
-0.1492919921875 -0.0595855712890625 0.236801147460937 -0.118453979492187
-0.150421142578125 0.09063720703125 0.0490646362304687 -0.0847244262695313
-0.00878906249999999 0.155487060546875 -0.00865936279296876 0.104530334472656
0.111259460449219 0.0857925415039063 0.165603637695313 0.163848876953125
0.124824523925781 0.006439208984375 0.28607177734375 0.048095703125
0.0878677368164062 -0.0753250122070313 0.336395263671875 -0.158935546875
0.0592498779296875 -0.112663269042969 0.278961181640625 -0.29705810546875
0.061798095703125 -0.0844192504882813 0.206817626953125 -0.30206298828125
0.0749588012695313 -0.080535888671875 0.217315673828125 -0.260513305664063
0.105064392089844 -0.0170822143554688 0.257705688476563 -0.160781860351563
0.075531005859375 0.0611572265625 0.183334350585938 -0.0755157470703125
-0.00845336914062501 0.102607727050781 0.116065979003906 -0.0519638061523437
-0.105857849121094 0.0431747436523438 0.1600341796875 -0.161819458007813
-0.132797241210937 -0.0711669921875 0.35504150390625 -0.2816162109375
-0.068603515625 -0.136772155761719 0.69671630859375 -0.09136962890625
-0.359344482421875 0.0232849121093751 0.180816650390625 -0.116073608398438
-0.292236328125 0.2183837890625 0.0223541259765625 -0.0743179321289062
-0.08258056640625 0.313568115234375 -0.0275955200195313 0.0918197631835938
0.151199340820313 0.235549926757813 0.125686645507813 0.150665283203125
0.237838745117188 0.0899810791015625 0.224380493164063 0.0693511962890625
0.242477416992188 -0.086395263671875 0.28741455078125 -0.107086181640625
0.191848754882813 -0.17999267578125 0.248016357421875 -0.235321044921875
0.186874389648438 -0.147796630859375 0.177825927734375 -0.23992919921875
0.219161987304688 -0.149154663085938 0.175857543945313 -0.20379638671875
0.258712768554688 -0.0346221923828125 0.204879760742188 -0.135360717773438
0.208084106445313 0.131332397460938 0.120956420898438 -0.0801849365234375
0.0668792724609375 0.22882080078125 0.0767745971679688 -0.08331298828125
-0.166000366210938 0.19964599609375 0.148574829101563 -0.206588745117188
-0.284423828125 0.0706787109375 0.354888916015625 -0.294189453125
-0.26348876953125 -0.0492401123046875 0.67010498046875 -0.05230712890625
-0.5146484375 0.0599975585937499 0.0710067749023437 -0.100608825683594
-0.4119873046875 0.28424072265625 -0.0316047668457032 -0.0446205139160156
-0.13995361328125 0.439422607421875 -0.0426406860351563 0.0883865356445313
0.17626953125 0.35931396484375 0.0867919921875 0.124244689941406
0.322357177734375 0.162506103515625 0.144744873046875 0.073394775390625
0.363189697265625 -0.080108642578125 0.202178955078125 -0.054473876953125
0.297210693359375 -0.218658447265625 0.177383422851563 -0.148910522460937
0.281494140625 -0.191497802734375 0.117156982421875 -0.1475830078125
0.328125 -0.2021484375 0.0998382568359375 -0.119071960449219
0.377410888671875 -0.0537109375 0.113212585449219 -0.0967178344726562
0.321990966796875 0.182403564453125 0.03057861328125 -0.08172607421875
0.144317626953125 0.33270263671875 0.0198287963867188 -0.120582580566406
-0.202056884765625 0.34783935546875 0.1170654296875 -0.255416870117188
-0.406341552734375 0.230438232421875 0.318023681640625 -0.30120849609375
-0.43560791015625 0.06121826171875 0.5875244140625 -0.1331787109375
-0.59661865234375 0.15704345703125 -0.0863189697265625 -0.09149169921875
-0.44708251953125 0.370391845703125 -0.110481262207031 -0.000724792480468749
-0.1798095703125 0.499755859375 -0.0592727661132813 0.0849990844726563
0.165863037109375 0.4349365234375 0.0333251953125 0.08892822265625
0.351165771484375 0.22540283203125 0.0441665649414063 0.06890869140625
0.430511474609375 -0.041839599609375 0.087371826171875 0.00684356689453125
0.36639404296875 -0.20416259765625 0.0835800170898438 -0.0363006591796875
0.344451904296875 -0.175994873046875 0.0394515991210938 -0.0295944213867188
0.39910888671875 -0.185089111328125 0.00812625885009768 -0.0111865997314453
0.439697265625 -0.025482177734375 0.000499725341796906 -0.0374259948730469
0.371368408203125 0.235565185546875 -0.072174072265625 -0.07513427734375
0.17974853515625 0.405609130859375 -0.0410614013671875 -0.148666381835937
-0.234893798828125 0.44171142578125 0.092742919921875 -0.2637939453125
-0.491607666015625 0.313018798828125 0.2633056640625 -0.23919677734375
-0.544403076171875 0.116363525390625 0.43597412109375 -0.09429931640625
-0.5877685546875 0.1925048828125 -0.253707885742188 -0.0713043212890625
-0.418975830078125 0.3939208984375 -0.193084716796875 0.05023193359375
-0.161163330078125 0.50457763671875 -0.0730361938476563 0.0849990844726563
0.16705322265625 0.435150146484375 -0.0201301574707031 0.0466804504394532
0.34698486328125 0.2286376953125 -0.0559234619140625 0.051727294921875
0.432525634765625 -0.02691650390625 -0.0385169982910156 0.0525131225585938
0.36724853515625 -0.1810302734375 -0.0307426452636719 0.0617637634277344
0.345703125 -0.15966796875 -0.0538177490234375 0.0787887573242187
0.40289306640625 -0.169677734375 -0.0967330932617187 0.0893096923828125
0.436065673828125 -0.016693115234375 -0.126876831054687 0.0199661254882812
0.3721923828125 0.238983154296875 -0.180099487304687 -0.0610504150390625
0.19561767578125 0.40850830078125 -0.110137939453125 -0.163528442382812
-0.226806640625 0.466644287109375 0.0418548583984375 -0.250106811523438
-0.49755859375 0.3597412109375 0.166351318359375 -0.161895751953125
-0.56622314453125 0.16290283203125 0.24188232421875 -0.072998046875
-0.492340087890625 0.22955322265625 -0.413055419921875 -0.0390625000000001
-0.3212890625 0.37384033203125 -0.26837158203125 0.103271484375
-0.10009765625 0.428955078125 -0.0849838256835937 0.0848007202148438
0.15008544921875 0.354888916015625 -0.074066162109375 0.00985717773437503
0.288909912109375 0.18328857421875 -0.143905639648438 0.0373382568359375
0.363922119140625 -0.016021728515625 -0.151992797851562 0.0951385498046875
0.31292724609375 -0.134979248046875 -0.137054443359375 0.14764404296875
0.293731689453125 -0.121185302734375 -0.139755249023437 0.174575805664063
0.344268798828125 -0.12567138671875 -0.193099975585938 0.1748046875
0.360107421875 0.004608154296875 -0.2418212890625 0.0717010498046875
0.297607421875 0.21295166015625 -0.266082763671875 -0.0452117919921875
0.15216064453125 0.338714599609375 -0.162033081054688 -0.163345336914062
-0.194793701171875 0.3851318359375 -0.00239562988281251 -0.209213256835937
-0.41595458984375 0.3179931640625 0.0645942687988281 -0.0701141357421875
-0.490264892578125 0.173370361328125 0.04150390625 -0.0439720153808594
-0.327911376953125 0.23370361328125 -0.541046142578125 -0.00189208984374987
-0.1785888671875 0.29925537109375 -0.325775146484375 0.147369384765625
-0.02081298828125 0.289825439453125 -0.093963623046875 0.0888595581054688
0.113815307617187 0.213516235351563 -0.114608764648438 -0.0107574462890625
0.186614990234375 0.103363037109375 -0.198562622070313 0.0283966064453125
0.237030029296875 -0.0071563720703125 -0.230453491210938 0.124099731445312
0.208053588867188 -0.07012939453125 -0.215408325195313 0.210739135742188
0.197265625 -0.06585693359375 -0.204269409179688 0.2418212890625
0.235626220703125 -0.0618743896484375 -0.262481689453125 0.22998046875
0.22772216796875 0.0331268310546875 -0.324310302734375 0.103759765625
0.166900634765625 0.159942626953125 -0.310089111328125 -0.040313720703125
0.069061279296875 0.213241577148438 -0.1824951171875 -0.159454345703125
-0.14019775390625 0.2254638671875 -0.0240936279296875 -0.159027099609375
-0.266189575195313 0.206634521484375 -0.0152645111083985 0.00712108612060549
-0.327056884765625 0.146820068359375 -0.127449035644531 -0.0190353393554687
-0.120590209960937 0.206878662109375 -0.62384033203125 0.0397338867187499
-0.023162841796875 0.190933227539063 -0.36260986328125 0.18402099609375
0.0615234375 0.123870849609375 -0.0962295532226563 0.10565185546875
0.0701103210449219 0.0503082275390625 -0.129508972167969 -0.00626373291015626
0.0641021728515625 0.0096282958984375 -0.208145141601562 0.025848388671875
0.0766754150390625 -0.00090789794921875 -0.260360717773438 0.136688232421875
0.0723876953125 0.00323486328125 -0.254714965820313 0.239959716796875
0.07073974609375 -0.001129150390625 -0.237884521484375 0.273391723632813
0.0933456420898438 0.0106735229492188 -0.301239013671875 0.248809814453125
0.0651092529296875 0.056610107421875 -0.365478515625 0.1092529296875
0.0163650512695312 0.0868377685546875 -0.31280517578125 -0.047943115234375
-0.0184402465820312 0.0613517761230469 -0.172271728515625 -0.157119750976563
-0.0624580383300781 0.0414085388183594 -0.0228652954101563 -0.117813110351562
-0.0753402709960938 0.0715179443359375 -0.060455322265625 0.0522994995117188
-0.111160278320313 0.102928161621094 -0.236129760742187 -0.000610351562500018
-0.140449523925781 -0.0510711669921875 0.251220703125 -0.119659423828125
-0.137100219726562 0.09185791015625 0.0572509765625 -0.0870513916015625
-0.00244140625000001 0.147369384765625 -0.0050201416015625 0.0994491577148438
0.108001708984375 0.07550048828125 0.166091918945313 0.158782958984375
0.118537902832031 0.00087738037109375 0.28387451171875 0.04315185546875
0.0800094604492188 -0.0755462646484375 0.331878662109375 -0.1627197265625
0.049957275390625 -0.11016845703125 0.273773193359375 -0.29913330078125
0.0536727905273438 -0.0847244262695313 0.20343017578125 -0.3013916015625
0.0656051635742188 -0.0818862915039063 0.214385986328125 -0.2613525390625
0.0980911254882813 -0.02294921875 0.254608154296875 -0.163772583007813
0.0749969482421875 0.0533676147460937 0.182373046875 -0.0756072998046875
-0.00321197509765626 0.0968246459960938 0.115188598632813 -0.0508804321289062
-0.0968704223632813 0.0442581176757812 0.153289794921875 -0.162918090820313
-0.127708435058594 -0.0618667602539063 0.3494873046875 -0.282958984375
-0.0684814453125 -0.124168395996094 0.6959228515625 -0.0947265625
-0.352142333984375 0.0316162109375 0.196365356445313 -0.1136474609375
-0.2783203125 0.21923828125 0.0313034057617187 -0.0750503540039062
-0.074462890625 0.307891845703125 -0.023040771484375 0.0867538452148438
0.148941040039063 0.226318359375 0.128097534179688 0.14520263671875
0.233062744140625 0.0834197998046875 0.225021362304688 0.0645751953125
0.234466552734375 -0.0880126953125 0.2862548828125 -0.11053466796875
0.182266235351562 -0.181167602539062 0.24542236328125 -0.238494873046875
0.177871704101563 -0.149459838867188 0.176559448242188 -0.240676879882813
0.209945678710938 -0.1534423828125 0.17645263671875 -0.204986572265625
0.253662109375 -0.04315185546875 0.20501708984375 -0.138473510742188
0.210189819335938 0.122711181640625 0.120574951171875 -0.077545166015625
0.0733489990234375 0.225265502929688 0.0754241943359375 -0.0789337158203125
-0.158859252929688 0.203872680664063 0.140960693359375 -0.205474853515625
-0.281585693359375 0.0828857421875001 0.349761962890625 -0.29449462890625
-0.266586303710938 -0.038238525390625 0.6695556640625 -0.05419921875
-0.5107421875 0.0671081542968751 0.0861587524414062 -0.0939712524414063
-0.39990234375 0.2872314453125 -0.0226211547851563 -0.0433120727539062
-0.132080078125 0.434814453125 -0.0373992919921875 0.0848236083984375
0.176605224609375 0.35162353515625 0.0899276733398438 0.121017456054688
0.319091796875 0.156494140625 0.14837646484375 0.070343017578125
0.357452392578125 -0.085052490234375 0.204498291015625 -0.057342529296875
0.288116455078125 -0.221405029296875 0.178054809570313 -0.152618408203125
0.274917602539063 -0.195083618164063 0.118438720703125 -0.149993896484375
0.31976318359375 -0.20849609375 0.104995727539063 -0.119674682617188
0.375244140625 -0.063201904296875 0.116241455078125 -0.0987548828125
0.32586669921875 0.175140380859375 0.031280517578125 -0.0771636962890625
0.15179443359375 0.33154296875 0.0188064575195313 -0.114036560058594
-0.19732666015625 0.3553466796875 0.10943603515625 -0.250656127929688
-0.40557861328125 0.243499755859375 0.31121826171875 -0.29791259765625
-0.439300537109375 0.0700378417968751 0.585205078125 -0.1318359375
-0.59527587890625 0.16107177734375 -0.0720977783203126 -0.0829696655273437
-0.44122314453125 0.371826171875 -0.100860595703125 0.00251770019531252
-0.17388916015625 0.50244140625 -0.0531997680664063 0.0831298828125
0.16986083984375 0.432586669921875 0.0376129150390625 0.0867691040039063
0.351776123046875 0.219970703125 0.0496711730957031 0.0671958923339844
0.4283447265625 -0.046600341796875 0.0933685302734375 0.005340576171875
0.360565185546875 -0.2099609375 0.0866241455078125 -0.0401458740234375
0.340362548828125 -0.1802978515625 0.0440711975097656 -0.031707763671875
0.394256591796875 -0.19329833984375 0.0156927108764649 -0.0109014511108399
0.439453125 -0.0355224609375 0.00534057617187503 -0.0370216369628906
0.376861572265625 0.230316162109375 -0.0704421997070312 -0.0692520141601563
0.1861572265625 0.40594482421875 -0.0423660278320312 -0.139869689941406
-0.2320556640625 0.4498291015625 0.085235595703125 -0.25732421875
-0.492340087890625 0.323883056640625 0.256332397460937 -0.233856201171875
-0.548553466796875 0.120391845703125 0.4298095703125 -0.092926025390625
-0.59002685546875 0.19476318359375 -0.242416381835938 -0.061187744140625
-0.417144775390625 0.3958740234375 -0.184738159179688 0.0563354492187501
-0.157379150390625 0.50958251953125 -0.0661544799804688 0.0843429565429688
0.171295166015625 0.43731689453125 -0.0147590637207031 0.0454750061035157
0.348724365234375 0.225982666015625 -0.0493049621582031 0.0521202087402344
0.434051513671875 -0.03204345703125 -0.0312423706054687 0.0533294677734375
0.366851806640625 -0.187652587890625 -0.0258026123046875 0.059234619140625
0.34442138671875 -0.163330078125 -0.0470733642578125 0.0766830444335937
0.39947509765625 -0.1771240234375 -0.0880050659179687 0.0900192260742187
0.4384765625 -0.023895263671875 -0.119842529296875 0.0227127075195313
0.37872314453125 0.235870361328125 -0.177444458007813 -0.0531768798828125
0.1986083984375 0.410369873046875 -0.111373901367187 -0.153778076171875
-0.226531982421875 0.473541259765625 0.0370330810546875 -0.242355346679688
-0.498260498046875 0.368255615234375 0.1607666015625 -0.156295776367188
-0.57110595703125 0.16387939453125 0.233627319335937 -0.0682373046875
-0.49755859375 0.22711181640625 -0.40631103515625 -0.0281677246093749
-0.32464599609375 0.37322998046875 -0.26092529296875 0.110519409179688
-0.099395751953125 0.436279296875 -0.0798873901367187 0.0858688354492188
0.154022216796875 0.36138916015625 -0.0700302124023437 0.0107307434082031
0.292388916015625 0.183624267578125 -0.13775634765625 0.0391464233398438
0.36907958984375 -0.020599365234375 -0.143814086914063 0.0961456298828125
0.3145751953125 -0.141265869140625 -0.131271362304687 0.146270751953125
0.29541015625 -0.12493896484375 -0.132064819335938 0.171875
0.345458984375 -0.13165283203125 -0.18194580078125 0.175949096679688
0.3642578125 -0.000732421875 -0.233261108398437 0.075286865234375
0.30487060546875 0.212554931640625 -0.261962890625 -0.0379180908203125
0.15423583984375 0.3419189453125 -0.162490844726563 -0.1544189453125
-0.197021484375 0.3924560546875 -0.005096435546875 -0.201202392578125
-0.419586181640625 0.321533203125 0.05999755859375 -0.0654296875
-0.493988037109375 0.170013427734375 0.0313835144042968 -0.0395927429199219
-0.33184814453125 0.22711181640625 -0.5379638671875 0.00897216796875001
-0.185821533203125 0.2958984375 -0.320892333984375 0.154998779296875
-0.025482177734375 0.29632568359375 -0.0890731811523437 0.090484619140625
0.114913940429688 0.2225341796875 -0.110824584960937 -0.00865936279296874
0.189254760742188 0.107620239257812 -0.193405151367188 0.029510498046875
0.243743896484375 -0.0093841552734375 -0.223922729492187 0.125534057617187
0.213592529296875 -0.0747833251953125 -0.210433959960938 0.211090087890625
0.200958251953125 -0.0673675537109375 -0.19775390625 0.240737915039063
0.239654541015625 -0.0663604736328125 -0.2532958984375 0.23223876953125
0.234283447265625 0.029815673828125 -0.315704345703125 0.10906982421875
0.174331665039063 0.163360595703125 -0.3067626953125 -0.03326416015625
0.0694122314453125 0.218658447265625 -0.182342529296875 -0.15179443359375
-0.146331787109375 0.231918334960938 -0.0260009765625 -0.152618408203125
-0.272186279296875 0.207778930664062 -0.0194072723388672 0.0104598999023438
-0.332000732421875 0.139251708984375 -0.13885498046875 -0.015472412109375
-0.124008178710938 0.196792602539062 -0.62506103515625 0.0472412109375
-0.03155517578125 0.184097290039063 -0.360137939453125 0.19146728515625
0.0538711547851563 0.126426696777344 -0.0927734375 0.107490539550781
0.0673484802246094 0.0582237243652344 -0.126602172851563 -0.00476837158203127
0.0652542114257813 0.0149421691894531 -0.205062866210938 0.0269927978515625
0.0838623046875 0.00029754638671875 -0.257492065429688 0.138320922851562
0.079986572265625 0.000946044921875 -0.251205444335937 0.241058349609375
0.0764999389648438 -0.00176239013671875 -0.232025146484375 0.273330688476563
0.098968505859375 0.0081939697265625 -0.292144775390625 0.2503662109375
0.0736236572265625 0.0568466186523438 -0.35797119140625 0.11572265625
0.0231857299804687 0.0925140380859375 -0.310394287109375 -0.041473388671875
-0.0179061889648437 0.068878173828125 -0.173126220703125 -0.150558471679687
-0.0699195861816406 0.0463218688964844 -0.02392578125 -0.112724304199219
-0.083404541015625 0.0706558227539062 -0.0650215148925781 0.0542259216308594
-0.117141723632813 0.0941009521484375 -0.24920654296875 0.00103759765625004
-0.134796142578125 -0.0468215942382813 0.272125244140625 -0.125152587890625
-0.128425598144531 0.0933914184570312 0.0661697387695312 -0.0911788940429688
0.002685546875 0.144012451171875 -0.00298309326171875 0.0971527099609375
0.107284545898438 0.06842041015625 0.170211791992188 0.155929565429688
0.116889953613281 -0.0027618408203125 0.288726806640625 0.04156494140625
0.0752639770507813 -0.0764617919921875 0.334930419921875 -0.168365478515625
0.0430831909179688 -0.11029052734375 0.27691650390625 -0.308502197265625
0.0468521118164063 -0.0860443115234375 0.207305908203125 -0.30853271484375
0.0588836669921875 -0.0845260620117188 0.2174072265625 -0.26800537109375
0.0950775146484375 -0.0281524658203125 0.258132934570313 -0.170822143554688
0.0749740600585937 0.047698974609375 0.186264038085938 -0.077362060546875
0.000953674316406256 0.0944366455078125 0.117813110351563 -0.0508575439453125
-0.0917816162109375 0.0448760986328125 0.151229858398438 -0.169082641601563
-0.12493896484375 -0.0564651489257813 0.35369873046875 -0.290771484375
-0.0678024291992187 -0.115913391113281 0.7149658203125 -0.09991455078125
-0.353363037109375 0.0372009277343751 0.218185424804688 -0.11541748046875
-0.2742919921875 0.224472045898437 0.0408096313476562 -0.0765304565429687
-0.070556640625 0.309661865234375 -0.0202484130859375 0.0857467651367188
0.150588989257813 0.225341796875 0.132415771484375 0.144195556640625
0.233795166015625 0.0810394287109375 0.229812622070313 0.063018798828125
0.234085083007812 -0.090606689453125 0.291717529296875 -0.116851806640625
0.179443359375 -0.184310913085938 0.250228881835938 -0.246047973632813
0.175277709960938 -0.154388427734375 0.181930541992187 -0.247894287109375
0.20654296875 -0.160812377929687 0.183013916015625 -0.2093505859375
0.254806518554688 -0.05084228515625 0.20977783203125 -0.144821166992188
0.216812133789063 0.118362426757813 0.123519897460938 -0.0767135620117187
0.079864501953125 0.228103637695313 0.0782928466796875 -0.0772018432617187
-0.155426025390625 0.213287353515625 0.139434814453125 -0.209197998046875
-0.284515380859375 0.095977783203125 0.354339599609375 -0.301055908203125
-0.273712158203125 -0.02777099609375 0.686279296875 -0.054931640625
-0.51934814453125 0.0732116699218751 0.103935241699219 -0.0914459228515625
-0.4010009765625 0.294189453125 -0.0137138366699219 -0.0429916381835937
-0.1290283203125 0.443695068359375 -0.0343399047851563 0.0836334228515625
0.180328369140625 0.354644775390625 0.09429931640625 0.119461059570313
0.324462890625 0.15625 0.154693603515625 0.069122314453125
0.363006591796875 -0.08905029296875 0.211639404296875 -0.06201171875
0.288665771484375 -0.227935791015625 0.1820068359375 -0.160324096679688
0.27545166015625 -0.202743530273438 0.122970581054688 -0.154693603515625
0.321441650390625 -0.218292236328125 0.112174987792969 -0.122535705566406
0.381072998046875 -0.071746826171875 0.121421813964844 -0.102195739746094
0.33685302734375 0.174041748046875 0.0328216552734375 -0.07501220703125
0.160308837890625 0.33880615234375 0.0188064575195313 -0.110816955566406
-0.197021484375 0.369293212890625 0.107284545898438 -0.253173828125
-0.41131591796875 0.259765625 0.315032958984375 -0.3026123046875
-0.45379638671875 0.0787963867187499 0.59600830078125 -0.1328125
-0.6083984375 0.16778564453125 -0.0602035522460938 -0.077667236328125
-0.4454345703125 0.38494873046875 -0.0947113037109375 0.00530242919921878
-0.17327880859375 0.51611328125 -0.0504226684570313 0.083404541015625
0.177001953125 0.4425048828125 0.0428466796875 0.0865249633789063
0.360321044921875 0.222564697265625 0.0551834106445313 0.0668220520019532
0.437469482421875 -0.052642822265625 0.100166320800781 0.00341796875
0.3646240234375 -0.217193603515625 0.092193603515625 -0.0441970825195313
0.345672607421875 -0.187896728515625 0.0496902465820313 -0.0350265502929688
0.40203857421875 -0.204010009765625 0.0228023529052735 -0.0111560821533203
0.449493408203125 -0.042816162109375 0.00995254516601565 -0.0384712219238281
0.39276123046875 0.231201171875 -0.0702056884765625 -0.0646705627441406
0.194427490234375 0.417266845703125 -0.0427169799804687 -0.135940551757812
-0.237640380859375 0.46722412109375 0.083038330078125 -0.257492065429687
-0.504058837890625 0.342437744140625 0.25823974609375 -0.235153198242187
-0.5672607421875 0.126220703125 0.43597412109375 -0.089996337890625
-0.60736083984375 0.19976806640625 -0.237579345703125 -0.053863525390625
-0.427947998046875 0.4073486328125 -0.180694580078125 0.06097412109375
-0.158599853515625 0.52783203125 -0.0645370483398438 0.087249755859375
0.180877685546875 0.452117919921875 -0.0114860534667969 0.0458564758300781
0.360748291015625 0.228912353515625 -0.0452957153320312 0.0528564453125
0.44659423828125 -0.038604736328125 -0.0248298645019531 0.0543212890625
0.372802734375 -0.196868896484375 -0.0213050842285156 0.0580863952636719
0.351593017578125 -0.171234130859375 -0.0429153442382812 0.07635498046875
0.408050537109375 -0.187835693359375 -0.0810775756835937 0.0923004150390625
0.450653076171875 -0.03302001953125 -0.116218566894531 0.0228652954101562
0.39385986328125 0.240020751953125 -0.178436279296875 -0.048431396484375
0.208740234375 0.423004150390625 -0.112808227539062 -0.149215698242188
-0.231964111328125 0.490997314453125 0.0344085693359375 -0.240127563476562
-0.511138916015625 0.38433837890625 0.161148071289062 -0.153823852539062
-0.59075927734375 0.1676025390625 0.232528686523437 -0.0665435791015625
-0.5147705078125 0.230743408203125 -0.408721923828125 -0.0197753906249999
-0.336395263671875 0.3822021484375 -0.260498046875 0.118988037109375
-0.101531982421875 0.4541015625 -0.0773086547851563 0.0885009765625
0.161895751953125 0.3773193359375 -0.0683441162109375 0.0114212036132813
0.302825927734375 0.189697265625 -0.135421752929687 0.03955078125
0.383148193359375 -0.025421142578125 -0.141372680664063 0.0979766845703125
0.323699951171875 -0.150177001953125 -0.129608154296875 0.14898681640625
0.304107666015625 -0.1312255859375 -0.129150390625 0.17364501953125
0.3544921875 -0.13983154296875 -0.17730712890625 0.181350708007813
0.3773193359375 -0.007080078125 -0.23114013671875 0.0796356201171874
0.319732666015625 0.218109130859375 -0.264984130859375 -0.0319366455078125
0.159942626953125 0.355194091796875 -0.165786743164062 -0.149978637695312
-0.20465087890625 0.409515380859375 -0.00698852539062502 -0.198638916015625
-0.43267822265625 0.33453369140625 0.05877685546875 -0.0616836547851562
-0.512542724609375 0.1700439453125 0.0230560302734375 -0.0364952087402344
-0.34722900390625 0.2254638671875 -0.550079345703125 0.016998291015625
-0.1982421875 0.30047607421875 -0.324859619140625 0.165191650390625
-0.029510498046875 0.309295654296875 -0.088134765625 0.094970703125
0.119140625 0.236831665039063 -0.110588073730469 -0.00811004638671873
0.196868896484375 0.1131591796875 -0.19500732421875 0.031219482421875
0.255813598632813 -0.012237548828125 -0.223861694335937 0.128997802734375
0.223541259765625 -0.081298828125 -0.21173095703125 0.215805053710938
0.210159301757813 -0.071685791015625 -0.197113037109375 0.244888305664062
0.24896240234375 -0.0720062255859375 -0.252105712890625 0.238037109375
0.246902465820313 0.027130126953125 -0.3155517578125 0.1151123046875
0.185028076171875 0.170089721679688 -0.31060791015625 -0.027862548828125
0.072509765625 0.2294921875 -0.186981201171875 -0.148513793945312
-0.154754638671875 0.24346923828125 -0.0269775390625 -0.149765014648437
-0.28485107421875 0.21539306640625 -0.0229911804199219 0.0145549774169922
-0.34771728515625 0.135101318359375 -0.153564453125 -0.0119476318359375
-0.133209228515625 0.193038940429688 -0.6402587890625 0.0535888671875001
-0.040802001953125 0.184097290039063 -0.368408203125 0.201629638671875
0.0485610961914063 0.132064819335938 -0.0929183959960938 0.111709594726563
0.0666313171386719 0.0679244995117188 -0.127937316894531 -0.00391387939453122
0.0679855346679688 0.0210380554199219 -0.207931518554688 0.027313232421875
0.092529296875 0.00042724609375 -0.259918212890625 0.14190673828125
0.0885009765625 -0.0017547607421875 -0.2554931640625 0.248489379882813
0.0844573974609375 -0.00203704833984375 -0.235336303710938 0.277008056640625
0.107093811035156 0.00634765625 -0.294281005859375 0.2586669921875
0.0828933715820313 0.0572280883789062 -0.359588623046875 0.123260498046875
0.0306854248046875 0.0988388061523437 -0.314300537109375 -0.036529541015625
-0.0185394287109375 0.076751708984375 -0.178024291992187 -0.149154663085938
-0.0773696899414063 0.0527725219726563 -0.0259017944335938 -0.110969543457031
-0.0930023193359375 0.0720672607421875 -0.0716476440429687 0.057830810546875
-0.127067565917969 0.0877838134765625 -0.269195556640625 0.00404357910156252
-0.13226318359375 -0.0423126220703125 0.2967529296875 -0.1392822265625
-0.120399475097656 0.0997772216796875 0.075225830078125 -0.100883483886719
0.00889587402343749 0.141937255859375 0.00103759765625 0.0956268310546875
0.108055114746094 0.060882568359375 0.180679321289063 0.154891967773438
0.116462707519531 -0.009979248046875 0.298980712890625 0.035186767578125
0.071197509765625 -0.0805130004882813 0.340911865234375 -0.183929443359375
0.0362167358398438 -0.112442016601562 0.27789306640625 -0.3282470703125
0.0395736694335938 -0.0892410278320313 0.208251953125 -0.3251953125
0.05108642578125 -0.0891647338867188 0.220611572265625 -0.28271484375
0.0907440185546875 -0.03533935546875 0.264495849609375 -0.183914184570313
0.0769119262695313 0.0420684814453125 0.191879272460938 -0.08404541015625
0.005401611328125 0.0934371948242188 0.12127685546875 -0.0548629760742188
-0.0876312255859375 0.0477066040039062 0.149215698242188 -0.180206298828125
-0.125839233398437 -0.049468994140625 0.3592529296875 -0.311767578125
-0.069366455078125 -0.107879638671875 0.74407958984375 -0.12030029296875
-0.362152099609375 0.050384521484375 0.240859985351563 -0.124557495117188
-0.271347045898437 0.238250732421875 0.0505142211914062 -0.0822982788085937
-0.0623779296875 0.318450927734375 -0.0167236328125 0.0851287841796875
0.158981323242188 0.224853515625 0.142303466796875 0.143280029296875
0.241714477539063 0.07562255859375 0.241256713867188 0.0573577880859375
0.237411499023438 -0.101104736328125 0.300811767578125 -0.13037109375
0.176040649414062 -0.195205688476562 0.253662109375 -0.264266967773438
0.174362182617188 -0.1654052734375 0.185775756835938 -0.263046264648438
0.204330444335938 -0.174972534179688 0.188247680664063 -0.22283935546875
0.259292602539063 -0.06512451171875 0.21539306640625 -0.157058715820313
0.229354858398438 0.1131591796875 0.128173828125 -0.0818862915039063
0.0929107666015625 0.234390258789063 0.0801925659179688 -0.0799560546875
-0.151718139648437 0.228057861328125 0.135848999023437 -0.218673706054687
-0.29132080078125 0.115478515625 0.36077880859375 -0.318206787109375
-0.287322998046875 -0.01336669921875 0.71697998046875 -0.07171630859375
-0.538116455078125 0.0910949707031249 0.121810913085937 -0.0932159423828125
-0.404571533203125 0.31585693359375 -0.00594329833984377 -0.0429039001464844
-0.120758056640625 0.462738037109375 -0.0309829711914063 0.0837783813476563
0.195770263671875 0.36468505859375 0.1033935546875 0.118637084960938
0.33941650390625 0.1517333984375 0.164642333984375 0.0654144287109375
0.372039794921875 -0.104156494140625 0.2210693359375 -0.071746826171875
0.290313720703125 -0.245086669921875 0.188201904296875 -0.173782348632813
0.278472900390625 -0.218353271484375 0.12921142578125 -0.166732788085938
0.323577880859375 -0.238037109375 0.119239807128906 -0.132179260253906
0.391845703125 -0.09136962890625 0.126007080078125 -0.110977172851563
0.35845947265625 0.16748046875 0.0343399047851563 -0.075958251953125
0.17987060546875 0.350128173828125 0.019805908203125 -0.109901428222656
-0.194915771484375 0.39617919921875 0.101516723632813 -0.260009765625
-0.42156982421875 0.290313720703125 0.320526123046875 -0.31591796875
-0.4747314453125 0.0992126464843751 0.6182861328125 -0.1480712890625
-0.6318359375 0.19140625 -0.0501327514648438 -0.0745468139648438
-0.45147705078125 0.40924072265625 -0.0889511108398438 0.00964355468750001
-0.16552734375 0.54254150390625 -0.0468292236328125 0.0867996215820313
0.197052001953125 0.4580078125 0.04986572265625 0.0876541137695313
0.380859375 0.221771240234375 0.0629425048828125 0.0670738220214844
0.45458984375 -0.0693359375 0.108657836914063 -0.001953125
0.372344970703125 -0.23736572265625 0.0979995727539063 -0.051483154296875
0.3533935546875 -0.205963134765625 0.0561676025390625 -0.0410041809082031
0.410125732421875 -0.226806640625 0.0310478210449219 -0.0127029418945313
0.4676513671875 -0.063507080078125 0.0136032104492188 -0.0408172607421875
0.417999267578125 0.228851318359375 -0.0721588134765625 -0.0620956420898437
0.21630859375 0.433197021484375 -0.0455551147460937 -0.133148193359375
-0.23431396484375 0.49908447265625 0.0772705078125 -0.264175415039062
-0.518524169921875 0.37744140625 0.261337280273437 -0.24530029296875
-0.59344482421875 0.1468505859375 0.449981689453125 -0.09906005859375
-0.63421630859375 0.221923828125 -0.236312866210938 -0.044219970703125
-0.436859130859375 0.435272216796875 -0.17919921875 0.0735321044921876
-0.150390625 0.55853271484375 -0.06036376953125 0.0916213989257813
0.20208740234375 0.471466064453125 -0.00745010375976561 0.0479545593261719
0.382843017578125 0.230438232421875 -0.0405464172363281 0.0547332763671875
0.4664306640625 -0.0552978515625 -0.0192489624023437 0.0543746948242188
0.383941650390625 -0.21807861328125 -0.0175590515136719 0.0577011108398437
0.363250732421875 -0.18975830078125 -0.03662109375 0.0772552490234375
0.420196533203125 -0.21112060546875 -0.0745773315429687 0.0972976684570313
0.470489501953125 -0.050445556640625 -0.116134643554687 0.0273284912109375
0.422760009765625 0.23944091796875 -0.18438720703125 -0.0414886474609375
0.22906494140625 0.44012451171875 -0.1201171875 -0.145355224609375
-0.23211669921875 0.52496337890625 0.0287017822265625 -0.24462890625
-0.525390625 0.41748046875 0.16064453125 -0.158660888671875
-0.6190185546875 0.18621826171875 0.235626220703125 -0.06781005859375
-0.539703369140625 0.24761962890625 -0.419342041015625 -0.00329589843750004
-0.348388671875 0.40557861328125 -0.26397705078125 0.136276245117187
-0.098114013671875 0.482452392578125 -0.0745315551757812 0.0965042114257813
0.181365966796875 0.397613525390625 -0.0667076110839844 0.0134429931640625
0.323638916015625 0.191802978515625 -0.136093139648437 0.044097900390625
0.403900146484375 -0.03955078125 -0.138458251953125 0.104866027832031
0.337005615234375 -0.16766357421875 -0.127883911132813 0.156829833984375
0.317718505859375 -0.14752197265625 -0.125808715820312 0.1805419921875
0.36907958984375 -0.15972900390625 -0.1734619140625 0.191650390625
0.39764404296875 -0.021087646484375 -0.233917236328125 0.0887451171875
0.34417724609375 0.219512939453125 -0.273208618164063 -0.02227783203125
0.175750732421875 0.37115478515625 -0.174514770507813 -0.145843505859375
-0.207977294921875 0.43695068359375 -0.011444091796875 -0.199127197265625
-0.446624755859375 0.36285400390625 0.0565528869628906 -0.0593948364257812
-0.536834716796875 0.18353271484375 0.0157508850097656 -0.0328083038330078
-0.3656005859375 0.2373046875 -0.57049560546875 0.03619384765625
-0.2091064453125 0.316925048828125 -0.33251953125 0.186248779296875
-0.028472900390625 0.3297119140625 -0.0866622924804688 0.103164672851563
0.131729125976563 0.253067016601563 -0.11279296875 -0.00422668457031247
0.211639404296875 0.11871337890625 -0.198379516601562 0.036773681640625
0.272659301757813 -0.0197296142578125 -0.224884033203125 0.14019775390625
0.23486328125 -0.0941162109375 -0.213134765625 0.229080200195313
0.222579956054688 -0.082061767578125 -0.195037841796875 0.256622314453125
0.261627197265625 -0.08447265625 -0.249313354492187 0.253555297851563
0.263198852539063 0.0194549560546875 -0.319000244140625 0.12933349609375
0.20361328125 0.174697875976563 -0.321044921875 -0.0172119140625
0.081085205078125 0.242950439453125 -0.196853637695312 -0.14453125
-0.159835815429687 0.26318359375 -0.0312042236328125 -0.149856567382813
-0.29681396484375 0.231903076171875 -0.0280933380126953 0.0201396942138672
-0.367431640625 0.14141845703125 -0.170822143554688 -0.00349426269531251
-0.141006469726563 0.196502685546875 -0.66900634765625 0.0751953125000001
-0.0478057861328125 0.189224243164063 -0.378326416015625 0.2237548828125
0.0468826293945313 0.139457702636719 -0.0907211303710938 0.120742797851563
0.070953369140625 0.0775833129882813 -0.130752563476563 -0.000610351562500021
0.07415771484375 0.0252838134765625 -0.214736938476563 0.033233642578125
0.102752685546875 -0.0013580322265625 -0.26666259765625 0.154052734375
0.099212646484375 -0.00749969482421875 -0.259994506835938 0.264785766601563
0.0935821533203125 -0.00555419921875 -0.23651123046875 0.294464111328125
0.117141723632812 0.0018157958984375 -0.29510498046875 0.27685546875
0.0949325561523438 0.0559616088867188 -0.366424560546875 0.1407470703125
0.0410232543945313 0.105789184570313 -0.32708740234375 -0.026123046875
-0.0165176391601562 0.08721923828125 -0.188583374023438 -0.146316528320312
-0.0847015380859375 0.0629119873046875 -0.028564453125 -0.111587524414063
-0.102005004882812 0.0776443481445313 -0.0779953002929688 0.0641403198242188
-0.137435913085938 0.0865631103515625 -0.293212890625 0.0133972167968749
-0.131515502929687 -0.0343017578125 0.3148193359375 -0.164764404296875
-0.109481811523437 0.107208251953125 0.0801925659179688 -0.112007141113281
0.0192337036132812 0.140281677246094 0.005889892578125 0.0939865112304688
0.110176086425781 0.0518569946289062 0.1944580078125 0.146835327148438
0.115684509277344 -0.0188751220703125 0.3095703125 0.017425537109375
0.064788818359375 -0.0876541137695313 0.34039306640625 -0.208770751953125
0.0274200439453125 -0.115547180175781 0.26812744140625 -0.35577392578125
0.0309295654296875 -0.0915603637695312 0.19873046875 -0.347625732421875
0.040435791015625 -0.09405517578125 0.214141845703125 -0.305389404296875
0.0867385864257813 -0.0441513061523438 0.262237548828125 -0.205429077148438
0.0792617797851563 0.0342025756835938 0.194122314453125 -0.096282958984375
0.0125198364257813 0.0925369262695313 0.122833251953125 -0.0629119873046875
-0.082366943359375 0.0517044067382812 0.140945434570313 -0.194107055664062
-0.127304077148438 -0.0384750366210938 0.355865478515625 -0.340545654296875
-0.0720367431640625 -0.099212646484375 0.77081298828125 -0.16632080078125
-0.36810302734375 0.074249267578125 0.2603759765625 -0.144210815429688
-0.259811401367187 0.258819580078125 0.0572128295898437 -0.0900344848632813
-0.04443359375 0.3282470703125 -0.0113067626953125 0.0860595703125
0.172882080078125 0.220718383789063 0.155670166015625 0.137283325195313
0.251724243164063 0.0633392333984375 0.2537841796875 0.044708251953125
0.237472534179688 -0.117401123046875 0.3035888671875 -0.152679443359375
0.167999267578125 -0.209930419921875 0.248931884765625 -0.28961181640625
0.166122436523438 -0.180007934570313 0.1817626953125 -0.28338623046875
0.1949462890625 -0.193572998046875 0.186798095703125 -0.242996215820313
0.2608642578125 -0.0861968994140625 0.214874267578125 -0.175094604492187
0.244247436523438 0.0997314453125 0.129302978515625 -0.0896682739257813
0.112808227539062 0.236846923828125 0.0806045532226563 -0.0841140747070313
-0.14080810546875 0.246490478515625 0.12640380859375 -0.231842041015625
-0.292327880859375 0.142608642578125 0.358123779296875 -0.345947265625
-0.297760009765625 0.00872802734374999 0.7435302734375 -0.11224365234375
-0.553009033203125 0.12493896484375 0.139572143554687 -0.100921630859375
-0.396728515625 0.347747802734375 0.00233459472656248 -0.0440216064453125
-0.096588134765625 0.481353759765625 -0.0241928100585938 0.0868301391601563
0.2236328125 0.364837646484375 0.114784240722656 0.115425109863281
0.359130859375 0.1380615234375 0.175857543945313 0.0568695068359375
0.379241943359375 -0.129669189453125 0.226303100585938 -0.0893707275390625
0.285125732421875 -0.26953125 0.187515258789063 -0.193710327148438
0.273727416992188 -0.242156982421875 0.1285400390625 -0.183120727539063
0.318450927734375 -0.267364501953125 0.121597290039063 -0.144500732421875
0.398345947265625 -0.121826171875 0.125846862792969 -0.123603820800781
0.3837890625 0.150787353515625 0.0336532592773438 -0.0769119262695312
0.20947265625 0.3544921875 0.01715087890625 -0.111038208007812
-0.1768798828125 0.42608642578125 0.090301513671875 -0.270950317382813
-0.4188232421875 0.332000732421875 0.31378173828125 -0.339813232421875
-0.48980712890625 0.1328125 0.63653564453125 -0.1832275390625
-0.6478271484375 0.2315673828125 -0.0390014648437501 -0.071044921875
-0.4439697265625 0.448211669921875 -0.0816726684570313 0.017425537109375
-0.13983154296875 0.572021484375 -0.0396728515625 0.0910186767578126
0.23175048828125 0.466094970703125 0.0590896606445313 0.0854110717773438
0.408050537109375 0.20867919921875 0.0723800659179688 0.0642852783203125
0.46942138671875 -0.099609375 0.116828918457031 -0.00961303710937501
0.371124267578125 -0.2684326171875 0.101974487304688 -0.0626068115234375
0.3546142578125 -0.235931396484375 0.061614990234375 -0.0490074157714844
0.40936279296875 -0.2628173828125 0.0384597778320313 -0.0172157287597656
0.479583740234375 -0.097015380859375 0.0143966674804688 -0.0447349548339844
0.451995849609375 0.21142578125 -0.0757598876953125 -0.0561676025390625
0.2520751953125 0.440277099609375 -0.0512466430664062 -0.129638671875
-0.215576171875 0.53662109375 0.0653533935546875 -0.27099609375
-0.516387939453125 0.425689697265625 0.257110595703125 -0.261489868164063
-0.61309814453125 0.1846923828125 0.459869384765625 -0.12213134765625
-0.6524658203125 0.2625732421875 -0.235183715820313 -0.02801513671875
-0.433197021484375 0.475799560546875 -0.171966552734375 0.0894775390625
-0.123779296875 0.59014892578125 -0.0530014038085938 0.0987777709960938
0.241302490234375 0.48211669921875 -0.00143432617187498 0.0473861694335938
0.413848876953125 0.220306396484375 -0.0357246398925781 0.0576286315917969
0.484893798828125 -0.088043212890625 -0.0117874145507812 0.0558967590332031
0.387664794921875 -0.250091552734375 -0.0112838745117187 0.0580711364746094
0.36822509765625 -0.220367431640625 -0.0292282104492187 0.0766525268554687
0.425262451171875 -0.245452880859375 -0.0648422241210937 0.102638244628906
0.487060546875 -0.083282470703125 -0.114616394042969 0.0336227416992187
0.457366943359375 0.223419189453125 -0.191253662109375 -0.02886962890625
0.263458251953125 0.44805908203125 -0.127799987792969 -0.137130737304687
-0.21490478515625 0.5643310546875 0.0175018310546875 -0.247695922851563
-0.522918701171875 0.46746826171875 0.156845092773437 -0.165557861328125
-0.6395263671875 0.2237548828125 0.236221313476562 -0.07763671875
-0.555938720703125 0.283721923828125 -0.42681884765625 0.0245971679687499
-0.34539794921875 0.440887451171875 -0.259323120117188 0.160171508789062
-0.07720947265625 0.510467529296875 -0.0682525634765625 0.105804443359375
0.215576171875 0.409149169921875 -0.0651206970214844 0.0177993774414063
0.35162353515625 0.18450927734375 -0.134727478027344 0.0526199340820313
0.421783447265625 -0.06689453125 -0.132743835449219 0.114761352539062
0.342041015625 -0.197265625 -0.120193481445312 0.167343139648438
0.324981689453125 -0.173431396484375 -0.116531372070312 0.190109252929688
0.376983642578125 -0.19061279296875 -0.161575317382812 0.205459594726563
0.413909912109375 -0.0478515625 -0.232376098632812 0.104171752929688
0.375030517578125 0.209808349609375 -0.281402587890625 -0.00418090820312504
0.20477294921875 0.380950927734375 -0.184906005859375 -0.13555908203125
-0.194854736328125 0.4710693359375 -0.021331787109375 -0.200210571289062
-0.445770263671875 0.405120849609375 0.0536880493164062 -0.0595970153808593
-0.556243896484375 0.21417236328125 0.00659179687499996 -0.0271034240722656
-0.37567138671875 0.261260986328125 -0.5870361328125 0.0736083984375001
-0.209991455078125 0.34027099609375 -0.3314208984375 0.21600341796875
-0.0152587890625 0.348968505859375 -0.0805206298828125 0.114082336425781
0.154327392578125 0.263961791992188 -0.114784240722656 0.00231170654296876
0.23040771484375 0.115631103515625 -0.20050048828125 0.0470733642578125
0.288177490234375 -0.03863525390625 -0.222320556640625 0.157028198242188
0.243301391601563 -0.115203857421875 -0.206314086914062 0.249435424804688
0.230636596679688 -0.100311279296875 -0.18634033203125 0.273483276367188
0.271163940429688 -0.105117797851563 -0.2396240234375 0.274642944335938
0.278411865234375 0.0022735595703125 -0.31854248046875 0.151519775390625
0.226821899414062 0.171661376953125 -0.331024169921875 0.00302124023437496
0.0985565185546875 0.254318237304688 -0.209442138671875 -0.133834838867188
-0.15606689453125 0.2886962890625 -0.038116455078125 -0.14947509765625
-0.3004150390625 0.25872802734375 -0.0308303833007813 0.0265216827392578
-0.382171630859375 0.159942626953125 -0.188949584960938 0.0109710693359375
-0.142959594726563 0.204818725585938 -0.69171142578125 0.116943359375
-0.04925537109375 0.196929931640625 -0.3804931640625 0.256988525390625
0.05181884765625 0.146209716796875 -0.086151123046875 0.132804870605469
0.0790328979492188 0.0837631225585938 -0.134376525878906 0.00683593749999999
0.080596923828125 0.0279464721679688 -0.218780517578125 0.0439605712890625
0.1119384765625 -0.00843048095703125 -0.264938354492188 0.173019409179688
0.105972290039063 -0.017913818359375 -0.25439453125 0.289276123046875
0.101829528808594 -0.0140762329101562 -0.2276611328125 0.314697265625
0.126304626464844 -0.00643157958984375 -0.28741455078125 0.30108642578125
0.107131958007813 0.0508880615234375 -0.3662109375 0.165740966796875
0.0547027587890625 0.109230041503906 -0.33807373046875 -0.00643920898437494
-0.0108795166015625 0.0965728759765625 -0.2021484375 -0.137283325195313
-0.0895538330078125 0.075531005859375 -0.035064697265625 -0.110664367675781
-0.10894775390625 0.0864791870117187 -0.0822677612304687 0.073822021484375
-0.147079467773438 0.0900726318359375 -0.315582275390625 0.0339660644531249
-0.128562927246094 -0.024383544921875 0.32122802734375 -0.1953125
-0.0945510864257813 0.112525939941406 0.08251953125 -0.124038696289063
0.030029296875 0.135078430175781 0.0117263793945312 0.0909652709960938
0.108482360839844 0.0400619506835938 0.204193115234375 0.132049560546875
0.1112060546875 -0.0277328491210937 0.31195068359375 -0.004669189453125
0.0555648803710937 -0.0909347534179688 0.327880859375 -0.235626220703125
0.0164718627929688 -0.1148681640625 0.247039794921875 -0.37860107421875
0.0211334228515625 -0.0936737060546875 0.178192138671875 -0.36724853515625
0.0267791748046875 -0.0953750610351563 0.197723388671875 -0.324920654296875
0.07769775390625 -0.0526962280273438 0.251022338867187 -0.225830078125
0.080169677734375 0.0267715454101563 0.189865112304688 -0.110870361328125
0.0198898315429687 0.0888671875 0.120155334472656 -0.0720596313476562
-0.074188232421875 0.0562515258789063 0.123703002929688 -0.20562744140625
-0.124954223632813 -0.0270309448242188 0.3372802734375 -0.367095947265625
-0.0723037719726562 -0.0872650146484375 0.77337646484375 -0.22369384765625
-0.36285400390625 0.10028076171875 0.270736694335938 -0.167739868164063
-0.237289428710938 0.276107788085938 0.0611648559570312 -0.0979461669921875
-0.02166748046875 0.330657958984375 -0.00495147705078125 0.0846481323242188
0.186309814453125 0.20819091796875 0.166854858398438 0.124526977539063
0.2554931640625 0.045379638671875 0.259231567382813 0.0266265869140625
0.228805541992188 -0.1341552734375 0.296051025390625 -0.17645263671875
0.152175903320313 -0.222869873046875 0.2320556640625 -0.312042236328125
0.151138305664063 -0.193008422851563 0.166412353515625 -0.3013916015625
0.178726196289063 -0.211166381835938 0.175628662109375 -0.2611083984375
0.253738403320313 -0.109481811523438 0.20660400390625 -0.193511962890625
0.253005981445313 0.07977294921875 0.12615966796875 -0.0970077514648438
0.134979248046875 0.230316162109375 0.0783462524414063 -0.0879669189453125
-0.121612548828125 0.261886596679688 0.111007690429687 -0.239715576171875
-0.280853271484375 0.1708984375 0.339508056640625 -0.37286376953125
-0.29974365234375 0.037811279296875 0.75006103515625 -0.164306640625
-0.550537109375 0.16680908203125 0.151351928710938 -0.111114501953125
-0.372222900390625 0.37713623046875 0.00997161865234373 -0.0448074340820312
-0.063018798828125 0.490570068359375 -0.0160980224609375 0.0861968994140625
0.2496337890625 0.353118896484375 0.125442504882813 0.10504150390625
0.371307373046875 0.113525390625 0.184432983398438 0.0439453125
0.374298095703125 -0.16015625 0.224807739257813 -0.107635498046875
0.26824951171875 -0.291046142578125 0.175048828125 -0.2122802734375
0.258819580078125 -0.264312744140625 0.121536254882813 -0.197341918945313
0.299530029296875 -0.294586181640625 0.118484497070313 -0.15875244140625
0.39013671875 -0.156463623046875 0.120536804199219 -0.133049011230469
0.401641845703125 0.12249755859375 0.03143310546875 -0.0770034790039062
0.242218017578125 0.344329833984375 0.0147171020507813 -0.109024047851562
-0.146331787109375 0.446624755859375 0.0720367431640625 -0.2763671875
-0.397125244140625 0.37152099609375 0.297210693359375 -0.360321044921875
-0.487335205078125 0.17413330078125 0.6334228515625 -0.22430419921875
-0.64111328125 0.27984619140625 -0.0270423889160157 -0.0673866271972656
-0.418182373046875 0.4840087890625 -0.0704498291015625 0.022247314453125
-0.0999755859375 0.58868408203125 -0.0300979614257813 0.0931625366210938
0.26904296875 0.455596923828125 0.0683135986328125 0.0807113647460938
0.42901611328125 0.183685302734375 0.0794296264648438 0.0569992065429688
0.468414306640625 -0.138397216796875 0.120994567871094 -0.0201950073242188
0.357269287109375 -0.2984619140625 0.101600646972656 -0.0742340087890625
0.34234619140625 -0.266754150390625 0.0619010925292969 -0.0589218139648438
0.39398193359375 -0.29791259765625 0.0452041625976563 -0.0223007202148438
0.478790283203125 -0.138946533203125 0.0136337280273438 -0.0470695495605469
0.47705078125 0.18060302734375 -0.0785369873046875 -0.048187255859375
0.290802001953125 0.43182373046875 -0.0566024780273437 -0.122695922851563
-0.17962646484375 0.5633544921875 0.0481719970703125 -0.272445678710937
-0.492431640625 0.4737548828125 0.242279052734375 -0.27777099609375
-0.6138916015625 0.2333984375 0.45660400390625 -0.14910888671875
-0.64630126953125 0.3148193359375 -0.226287841796875 -0.01080322265625
-0.40789794921875 0.51123046875 -0.156402587890625 0.106033325195313
-0.08477783203125 0.60821533203125 -0.043609619140625 0.103309631347656
0.28228759765625 0.47332763671875 0.00423431396484376 0.0477561950683594
0.439422607421875 0.195098876953125 -0.0285186767578125 0.057525634765625
0.488739013671875 -0.12725830078125 -0.00412750244140622 0.0540580749511719
0.3758544921875 -0.282470703125 -0.0033302307128906 0.0552825927734375
0.359100341796875 -0.2530517578125 -0.0189208984375 0.0746307373046875
0.414337158203125 -0.283782958984375 -0.051513671875 0.105964660644531
0.486114501953125 -0.122650146484375 -0.110275268554687 0.0409088134765625
0.484893798828125 0.19476318359375 -0.191253662109375 -0.0130615234375
0.304351806640625 0.440032958984375 -0.133285522460938 -0.124839782714844
-0.17669677734375 0.5924072265625 0.00292968749999999 -0.246856689453125
-0.49749755859375 0.515289306640625 0.147079467773437 -0.172012329101562
-0.6390380859375 0.271728515625 0.230300903320312 -0.0883026123046875
-0.551513671875 0.323577880859375 -0.421661376953125 0.0574951171874999
-0.325286865234375 0.472137451171875 -0.243637084960937 0.18402099609375
-0.041259765625 0.52880859375 -0.0565872192382812 0.113258361816406
0.253997802734375 0.405792236328125 -0.0625 0.0221748352050781
0.375396728515625 0.1651611328125 -0.129936218261719 0.0601654052734375
0.426177978515625 -0.101715087890625 -0.122062683105469 0.123489379882812
0.33599853515625 -0.2286376953125 -0.107223510742188 0.175735473632813
0.31927490234375 -0.20025634765625 -0.101119995117188 0.195358276367187
0.369873046875 -0.223724365234375 -0.143768310546875 0.217193603515625
0.4171142578125 -0.08123779296875 -0.223602294921875 0.12005615234375
0.4005126953125 0.18603515625 -0.282470703125 0.017913818359375
0.23895263671875 0.37762451171875 -0.191787719726562 -0.118804931640625
-0.166717529296875 0.496826171875 -0.032958984375 -0.195465087890625
-0.426727294921875 0.4429931640625 0.0496482849121094 -0.0575790405273437
-0.557525634765625 0.2496337890625 -0.00138854980468753 -0.0211391448974609
-0.37200927734375 0.28839111328125 -0.584716796875 0.11895751953125
-0.1971435546875 0.360595703125 -0.31768798828125 0.2476806640625
0.00640869140625003 0.360626220703125 -0.0691146850585937 0.122711181640625
0.180145263671875 0.263519287109375 -0.113090515136719 0.0101318359375
0.245742797851563 0.105209350585938 -0.196548461914062 0.0609283447265625
0.294036865234375 -0.063995361328125 -0.21160888671875 0.172805786132812
0.242630004882813 -0.137771606445313 -0.189102172851562 0.266021728515625
0.23004150390625 -0.120315551757813 -0.167755126953125 0.2860107421875
0.270462036132813 -0.130020141601563 -0.219268798828125 0.2938232421875
0.28546142578125 -0.021240234375 -0.3067626953125 0.17340087890625
0.248489379882813 0.157577514648438 -0.33184814453125 0.029296875
0.119842529296875 0.255416870117188 -0.21832275390625 -0.116287231445313
-0.140380859375 0.3092041015625 -0.047027587890625 -0.144729614257812
-0.29010009765625 0.284759521484375 -0.0311565399169922 0.0336952209472656
-0.3848876953125 0.182708740234375 -0.19854736328125 0.030029296875
-0.138168334960938 0.213088989257813 -0.69525146484375 0.1688232421875
-0.045623779296875 0.20257568359375 -0.36724853515625 0.291259765625
0.05902099609375 0.148880004882813 -0.0744476318359375 0.14227294921875
0.0886764526367188 0.0854110717773438 -0.133712768554687 0.0172576904296875
0.0876388549804687 0.0279617309570312 -0.21728515625 0.057220458984375
0.116111755371094 -0.0178146362304688 -0.254119873046875 0.193817138671875
0.110328674316406 -0.0288314819335938 -0.237640380859375 0.310577392578125
0.10601806640625 -0.0230026245117187 -0.2080078125 0.332275390625
0.132080078125 -0.018798828125 -0.267852783203125 0.32391357421875
0.116264343261719 0.0411911010742188 -0.355712890625 0.1934814453125
0.0699005126953125 0.108314514160156 -0.3397216796875 0.019195556640625
-0.002655029296875 0.102790832519531 -0.213104248046875 -0.121414184570313
-0.0898284912109375 0.08831787109375 -0.0421218872070313 -0.106254577636719
-0.10986328125 0.09759521484375 -0.0828857421875 0.0829849243164063
-0.15252685546875 0.096527099609375 -0.329681396484375 0.062469482421875
-0.121490478515625 -0.0155181884765625 0.315948486328125 -0.220245361328125
-0.0802154541015625 0.113456726074219 0.0804443359375 -0.133964538574219
0.03839111328125 0.125640869140625 0.0176010131835937 0.0853118896484375
0.103355407714844 0.031494140625 0.207122802734375 0.112808227539063
0.104850769042969 -0.0372314453125 0.30706787109375 -0.0252685546875
0.0480880737304688 -0.0907363891601563 0.305511474609375 -0.25238037109375
0.00439453125000001 -0.113578796386719 0.220855712890625 -0.3880615234375
0.0100631713867188 -0.09075927734375 0.154510498046875 -0.370361328125
0.0146331787109375 -0.0941085815429688 0.175689697265625 -0.33172607421875
0.0708389282226562 -0.0580368041992187 0.231689453125 -0.237045288085937
0.0779037475585938 0.0155487060546875 0.1783447265625 -0.116973876953125
0.024993896484375 0.0820541381835938 0.113349914550781 -0.0790557861328125
-0.0677528381347656 0.0579795837402344 0.107177734375 -0.208511352539062
-0.117820739746094 -0.0153656005859375 0.3106689453125 -0.38433837890625
-0.0697174072265625 -0.0772781372070313 0.75042724609375 -0.2686767578125
-0.3447265625 0.122039794921875 0.271774291992187 -0.188308715820312
-0.212127685546875 0.28448486328125 0.0645675659179687 -0.106712341308594
1.97511126097146E-17 0.32257080078125 0.000221252441406253 0.0786361694335938
0.1929931640625 0.1932373046875 0.169952392578125 0.109222412109375
0.250473022460938 0.0287322998046875 0.256179809570313 0.010772705078125
0.21612548828125 -0.146743774414063 0.281112670898438 -0.191375732421875
0.135238647460938 -0.2288818359375 0.20947265625 -0.32208251953125
0.133865356445313 -0.198226928710938 0.147125244140625 -0.309234619140625
0.157974243164063 -0.219009399414063 0.162033081054688 -0.26849365234375
0.2393798828125 -0.126632690429688 0.190505981445313 -0.204116821289063
0.256576538085938 0.06036376953125 0.118446350097656 -0.100677490234375
0.150238037109375 0.21826171875 0.0718460083007813 -0.09075927734375
-0.101318359375 0.26690673828125 0.092742919921875 -0.238800048828125
-0.258544921875 0.189682006835938 0.314697265625 -0.38494873046875
-0.29132080078125 0.06048583984375 0.73284912109375 -0.2044677734375
-0.528594970703125 0.19842529296875 0.158248901367187 -0.124435424804688
-0.33880615234375 0.39385986328125 0.0196647644042969 -0.0457878112792969
-0.032684326171875 0.485992431640625 -0.00833892822265625 0.0823516845703125
0.267974853515625 0.330963134765625 0.129623413085938 0.0947113037109375
0.375335693359375 0.088043212890625 0.1846923828125 0.0294189453125
0.358917236328125 -0.18170166015625 0.219009399414063 -0.123092651367188
0.2479248046875 -0.30621337890625 0.162353515625 -0.2247314453125
0.236770629882813 -0.27545166015625 0.1083984375 -0.206787109375
0.273284912109375 -0.31024169921875 0.110977172851563 -0.163864135742188
0.370147705078125 -0.18206787109375 0.111930847167969 -0.140266418457031
0.40496826171875 0.09161376953125 0.0256118774414063 -0.0776596069335937
0.2650146484375 0.325775146484375 0.0102005004882813 -0.109481811523437
-0.112152099609375 0.454803466796875 0.0572967529296875 -0.270217895507812
-0.363006591796875 0.395538330078125 0.27020263671875 -0.36761474609375
-0.47247314453125 0.204864501953125 0.61065673828125 -0.2564697265625
-0.6171875 0.31463623046875 -0.0138320922851563 -0.0681648254394531
-0.38134765625 0.502349853515625 -0.0560493469238281 0.0257072448730469
-0.06304931640625 0.584228515625 -0.0198745727539063 0.0918426513671876
0.296630859375 0.435577392578125 0.0718460083007813 0.072265625
0.438720703125 0.15106201171875 0.086334228515625 0.04754638671875
0.453094482421875 -0.16900634765625 0.120018005371094 -0.0312271118164063
0.335662841796875 -0.317901611328125 0.0955123901367188 -0.0830841064453125
0.32135009765625 -0.284454345703125 0.0609893798828125 -0.0683097839355469
0.36627197265625 -0.32073974609375 0.0490989685058594 -0.0266494750976563
0.457794189453125 -0.17083740234375 0.0114860534667969 -0.05047607421875
0.487701416015625 0.146514892578125 -0.0806655883789062 -0.037994384765625
0.318634033203125 0.407440185546875 -0.0603103637695313 -0.112442016601562
-0.1402587890625 0.57281494140625 0.0325775146484375 -0.268203735351562
-0.45477294921875 0.49884033203125 0.22320556640625 -0.280960083007812
-0.593994140625 0.26800537109375 0.438262939453125 -0.1685791015625
-0.619384765625 0.3468017578125 -0.211257934570313 0.00534057617187497
-0.37493896484375 0.530242919921875 -0.138031005859375 0.112785339355469
-0.04437255859375 0.60614013671875 -0.02972412109375 0.0995025634765625
0.31201171875 0.453765869140625 0.0071372985839844 0.0447654724121094
0.450347900390625 0.164794921875 -0.0218925476074218 0.05767822265625
0.471954345703125 -0.15985107421875 0.00678253173828128 0.0478973388671875
0.3538818359375 -0.304534912109375 0.0016899108886719 0.0548171997070312
0.337921142578125 -0.27508544921875 -0.0143814086914062 0.0684928894042969
0.39007568359375 -0.31201171875 -0.0389328002929687 0.102813720703125
0.470367431640625 -0.15679931640625 -0.105422973632812 0.0465927124023437
0.49774169921875 0.1571044921875 -0.18682861328125 0.00450134277343749
0.331085205078125 0.419677734375 -0.133132934570312 -0.112312316894531
-0.13677978515625 0.6009521484375 -0.00885009765625 -0.241607666015625
-0.462066650390625 0.5430908203125 0.137527465820312 -0.170501708984375
-0.619384765625 0.30181884765625 0.221664428710937 -0.0970306396484375
-0.529510498046875 0.353271484375 -0.401580810546875 0.0816650390625
-0.29779052734375 0.486785888671875 -0.2215576171875 0.197006225585938
-0.011383056640625 0.5294189453125 -0.0423736572265625 0.113334655761719
0.282257080078125 0.386474609375 -0.0536842346191406 0.0253829956054688
0.384033203125 0.139434814453125 -0.120742797851562 0.0631866455078125
0.4189453125 -0.13397216796875 -0.107086181640625 0.128585815429688
0.31890869140625 -0.252105712890625 -0.091064453125 0.177200317382813
0.304656982421875 -0.219970703125 -0.08782958984375 0.1944580078125
0.352081298828125 -0.249176025390625 -0.121658325195312 0.219772338867187
0.4063720703125 -0.110626220703125 -0.210662841796875 0.13104248046875
0.4124755859375 0.15740966796875 -0.271392822265625 0.0383758544921875
0.259552001953125 0.36163330078125 -0.191162109375 -0.102981567382813
-0.135345458984375 0.5079345703125 -0.0410614013671875 -0.187271118164062
-0.394500732421875 0.463592529296875 0.0463752746582031 -0.0530815124511718
-0.544677734375 0.27679443359375 -0.00546264648437503 -0.013117790222168
-0.35650634765625 0.305572509765625 -0.566650390625 0.15594482421875
-0.181976318359375 0.369873046875 -0.2938232421875 0.265625
0.024627685546875 0.360198974609375 -0.0523834228515625 0.126510620117188
0.200653076171875 0.250442504882813 -0.111274719238281 0.0160140991210938
0.2564697265625 0.0903167724609375 -0.189834594726562 0.0709991455078125
0.2916259765625 -0.08514404296875 -0.192901611328125 0.181793212890625
0.233474731445312 -0.156448364257812 -0.167327880859375 0.2713623046875
0.22137451171875 -0.138458251953125 -0.1463623046875 0.29052734375
0.264114379882813 -0.1492919921875 -0.1956787109375 0.301300048828125
0.282562255859375 -0.040985107421875 -0.286956787109375 0.188690185546875
0.262405395507813 0.1407470703125 -0.321929931640625 0.052642822265625
0.136123657226563 0.249588012695313 -0.215866088867188 -0.0970916748046875
-0.1217041015625 0.319000244140625 -0.0525131225585938 -0.137168884277344
-0.271026611328125 0.2982177734375 -0.0312957763671875 0.038330078125
-0.378692626953125 0.19805908203125 -0.199905395507813 0.051910400390625
-0.130615234375 0.21417236328125 -0.67303466796875 0.21136474609375
-0.0413055419921875 0.20208740234375 -0.34271240234375 0.31451416015625
0.061065673828125 0.14678955078125 -0.0607147216796875 0.148513793945313
0.0975875854492188 0.0829315185546875 -0.130157470703125 0.024932861328125
0.0898895263671875 0.024932861328125 -0.208084106445312 0.0704803466796875
0.117698669433594 -0.027587890625 -0.238250732421875 0.202774047851562
0.109222412109375 -0.0382232666015625 -0.212432861328125 0.323822021484375
0.108444213867188 -0.0329971313476563 -0.186492919921875 0.3388671875
0.133712768554688 -0.0293502807617188 -0.2432861328125 0.336029052734375
0.122146606445313 0.0279693603515625 -0.332977294921875 0.2119140625
0.0818405151367188 0.101203918457031 -0.327117919921875 0.0433349609375001
0.00502777099609374 0.104888916015625 -0.21441650390625 -0.10333251953125
-0.0858306884765625 0.0998458862304688 -0.0468368530273438 -0.0995712280273438
-0.10528564453125 0.102485656738281 -0.079620361328125 0.09344482421875
-0.155166625976563 0.101242065429687 -0.32940673828125 0.08721923828125
-0.1131591796875 -0.0141448974609375 0.310211181640625 -0.2335205078125
-0.0669403076171875 0.106986999511719 0.077789306640625 -0.138031005859375
0.0422439575195312 0.115547180175781 0.0189208984375 0.0789260864257813
0.099884033203125 0.0247268676757813 0.204360961914062 0.102462768554687
0.0964584350585938 -0.0401687622070313 0.294036865234375 -0.036163330078125
0.038330078125 -0.0895156860351562 0.287109375 -0.25396728515625
-0.000732421874999993 -0.10772705078125 0.1998291015625 -0.38934326171875
0.00411224365234375 -0.0855178833007813 0.139434814453125 -0.370147705078125
0.00780487060546874 -0.0892486572265625 0.1619873046875 -0.33154296875
0.058319091796875 -0.0597648620605469 0.218032836914063 -0.24041748046875
0.0737686157226563 0.0115509033203125 0.171859741210937 -0.122329711914062
0.0308456420898438 0.075531005859375 0.109222412109375 -0.0804824829101563
-0.06085205078125 0.05615234375 0.09637451171875 -0.204635620117187
-0.111160278320312 -0.00848388671875002 0.293212890625 -0.385101318359375
-0.0636672973632813 -0.0685958862304688 0.72808837890625 -0.29278564453125
-0.330657958984375 0.131866455078125 0.271072387695313 -0.201583862304687
-0.190521240234375 0.279953002929688 0.0668792724609375 -0.110137939453125
0.00915527343749997 0.310943603515625 0.00469970703125 0.0724105834960938
0.194290161132813 0.179306030273438 0.168838500976562 0.098541259765625
0.245376586914062 0.01824951171875 0.250076293945313 -0.0023345947265625
0.201736450195313 -0.154586791992187 0.265884399414063 -0.1976318359375
0.1214599609375 -0.226898193359375 0.194061279296875 -0.3253173828125
0.121917724609375 -0.19940185546875 0.13385009765625 -0.310943603515625
0.141693115234375 -0.217758178710937 0.150543212890625 -0.270309448242187
0.222824096679688 -0.133941650390625 0.180099487304688 -0.205795288085938
0.254150390625 0.04547119140625 0.114036560058594 -0.102134704589844
0.1585693359375 0.203460693359375 0.0711517333984375 -0.0901412963867188
-0.0849456787109375 0.2652587890625 0.080230712890625 -0.2359619140625
-0.245285034179687 0.201171875 0.297698974609375 -0.38385009765625
-0.279022216796875 0.0723876953124999 0.71160888671875 -0.22705078125
-0.5108642578125 0.215179443359375 0.166290283203125 -0.13262939453125
-0.3121337890625 0.392364501953125 0.0276069641113281 -0.0520172119140625
-0.01318359375 0.474761962890625 -0.0021820068359375 0.0787811279296875
0.272979736328125 0.313812255859375 0.129913330078125 0.0848617553710938
0.368499755859375 0.071624755859375 0.18109130859375 0.0203399658203125
0.3402099609375 -0.195098876953125 0.208419799804688 -0.127792358398438
0.228485107421875 -0.309600830078125 0.153060913085938 -0.227523803710938
0.219207763671875 -0.281097412109375 0.100173950195313 -0.210739135742188
0.25201416015625 -0.316925048828125 0.10736083984375 -0.169662475585938
0.35272216796875 -0.1949462890625 0.104400634765625 -0.142318725585938
0.404541015625 0.0704345703125 0.0258560180664063 -0.0718994140625
0.27655029296875 0.3099365234375 0.0107574462890625 -0.103591918945313
-0.09521484375 0.451873779296875 0.0451202392578125 -0.26513671875
-0.33782958984375 0.40765380859375 0.25726318359375 -0.36761474609375
-0.455902099609375 0.220611572265625 0.59307861328125 -0.2703857421875
-0.593017578125 0.333251953125 -0.00253295898437504 -0.0716094970703125
-0.352325439453125 0.499969482421875 -0.0430564880371094 0.0252227783203125
-0.03875732421875 0.57647705078125 -0.0121536254882812 0.0880737304687501
0.3087158203125 0.413238525390625 0.0740890502929688 0.0661468505859375
0.4344482421875 0.133148193359375 0.08563232421875 0.0431137084960938
0.43682861328125 -0.1875 0.120803833007813 -0.0360031127929688
0.314056396484375 -0.329315185546875 0.0943679809570313 -0.0879898071289063
0.3028564453125 -0.294219970703125 0.0584869384765625 -0.0724029541015625
0.346435546875 -0.333282470703125 0.0493049621582031 -0.0331916809082031
0.442413330078125 -0.188812255859375 0.0121345520019532 -0.0497474670410156
0.485687255859375 0.120452880859375 -0.0753402709960937 -0.0314102172851563
0.3345947265625 0.389739990234375 -0.0552597045898437 -0.109413146972656
-0.115234375 0.57086181640625 0.02349853515625 -0.259750366210937
-0.42364501953125 0.51080322265625 0.21173095703125 -0.275558471679687
-0.57763671875 0.2840576171875 0.423675537109375 -0.175628662109375
-0.60003662109375 0.36480712890625 -0.1932373046875 0.00686645507812498
-0.34771728515625 0.53265380859375 -0.121696472167969 0.114799499511719
-0.02239990234375 0.5992431640625 -0.021392822265625 0.0999679565429688
0.328399658203125 0.434844970703125 0.0133094787597656 0.04376220703125
0.447723388671875 0.14404296875 -0.0181732177734375 0.0547561645507813
0.4595947265625 -0.181671142578125 0.0114898681640625 0.046783447265625
0.3345947265625 -0.31829833984375 0.00625991821289064 0.0480079650878906
0.32196044921875 -0.283966064453125 -0.00953292846679685 0.0632514953613281
0.3685302734375 -0.32403564453125 -0.0291748046875 0.099761962890625
0.453094482421875 -0.175445556640625 -0.0966873168945312 0.0471649169921875
0.49688720703125 0.13348388671875 -0.179183959960937 0.013275146484375
0.343292236328125 0.3961181640625 -0.128929138183594 -0.102325439453125
-0.1134033203125 0.59820556640625 -0.014556884765625 -0.230300903320312
-0.427337646484375 0.54833984375 0.129989624023438 -0.16748046875
-0.602783203125 0.318359375 0.209182739257812 -0.0918731689453125
-0.511016845703125 0.365570068359375 -0.381072998046875 0.09381103515625
-0.279205322265625 0.488861083984375 -0.200408935546875 0.202484130859375
0.01007080078125 0.522674560546875 -0.033660888671875 0.11260986328125
0.29754638671875 0.372406005859375 -0.0517120361328125 0.0256423950195313
0.389068603515625 0.123809814453125 -0.11370849609375 0.0669097900390625
0.40777587890625 -0.15155029296875 -0.0953750610351562 0.124519348144531
0.303619384765625 -0.264312744140625 -0.0812225341796875 0.175033569335937
0.293060302734375 -0.23297119140625 -0.0770721435546875 0.18853759765625
0.337615966796875 -0.261688232421875 -0.108078002929687 0.217147827148437
0.395050048828125 -0.1298828125 -0.198196411132813 0.13427734375
0.416748046875 0.13458251953125 -0.261520385742188 0.0491485595703125
0.2728271484375 0.345550537109375 -0.185104370117187 -0.092071533203125
-0.11370849609375 0.50628662109375 -0.041229248046875 -0.179977416992187
-0.370574951171875 0.471405029296875 0.0437431335449219 -0.0496826171875
-0.53131103515625 0.289154052734375 -0.0109748840332032 -0.00363540649414061
-0.3455810546875 0.311370849609375 -0.54327392578125 0.173492431640625
-0.171417236328125 0.3699951171875 -0.27056884765625 0.273666381835938
0.03594970703125 0.3560791015625 -0.0462493896484375 0.127090454101563
0.212005615234375 0.2471923828125 -0.103080749511719 0.02020263671875
0.259078979492188 0.0801239013671875 -0.181182861328125 0.0735015869140625
0.284210205078125 -0.0992431640625 -0.179244995117187 0.18115234375
0.22393798828125 -0.166732788085938 -0.152816772460938 0.271392822265625
0.21630859375 -0.147354125976562 -0.1326904296875 0.284423828125
0.253021240234375 -0.161361694335938 -0.17578125 0.297454833984375
0.27783203125 -0.0564422607421875 -0.27313232421875 0.194595336914063
0.26702880859375 0.126510620117188 -0.30877685546875 0.0641174316406251
0.147247314453125 0.242172241210938 -0.21087646484375 -0.0864410400390625
-0.10845947265625 0.32244873046875 -0.0523452758789063 -0.131118774414062
-0.257568359375 0.304351806640625 -0.0293731689453125 0.0443916320800781
-0.3736572265625 0.205657958984375 -0.200302124023438 0.0656890869140625
-0.127182006835938 0.212814331054688 -0.65533447265625 0.2337646484375
-0.041351318359375 0.201995849609375 -0.322906494140625 0.322235107421875
0.0626220703125 0.144699096679688 -0.0523529052734375 0.144927978515625
0.100677490234375 0.0847320556640625 -0.1256103515625 0.0283660888671875
0.0933685302734375 0.024017333984375 -0.202117919921875 0.075347900390625
0.11920166015625 -0.03289794921875 -0.222076416015625 0.207443237304687
0.108306884765625 -0.0471420288085937 -0.197509765625 0.3221435546875
0.107284545898438 -0.039703369140625 -0.170013427734375 0.33740234375
0.1329345703125 -0.0372314453125 -0.2220458984375 0.33441162109375
0.12347412109375 0.02105712890625 -0.3143310546875 0.21942138671875
0.0874862670898438 0.09710693359375 -0.319305419921875 0.054595947265625
0.01202392578125 0.107269287109375 -0.210861206054687 -0.0904388427734375
-0.0783920288085937 0.1046142578125 -0.0482330322265625 -0.0972671508789062
-0.1043701171875 0.105903625488281 -0.07708740234375 0.0941925048828125
-0.157821655273437 0.10052490234375 -0.32720947265625 0.109832763671875
-0.1094970703125 -0.0129241943359375 0.311492919921875 -0.245361328125
-0.0577850341796875 0.100975036621094 0.0797576904296875 -0.143295288085938
0.043975830078125 0.109146118164063 0.0177993774414063 0.0759811401367187
0.0937576293945312 0.02227783203125 0.20172119140625 0.0956573486328125
0.09063720703125 -0.041351318359375 0.290130615234375 -0.040435791015625
0.0326461791992188 -0.0878829956054688 0.277130126953125 -0.255844116210938
-0.00434875488281249 -0.103935241699219 0.18988037109375 -0.3895263671875
-0.00149536132812501 -0.0821075439453125 0.131103515625 -0.36981201171875
0.00128936767578124 -0.0854949951171875 0.155609130859375 -0.33270263671875
0.0532379150390625 -0.0587387084960937 0.211013793945313 -0.242080688476562
0.0711593627929688 0.00787353515625 0.168670654296875 -0.12298583984375
0.0309982299804688 0.0712127685546875 0.106346130371094 -0.0814208984375
-0.0571441650390625 0.0548934936523438 0.0897369384765625 -0.202880859375
-0.106086730957031 -0.00320434570312498 0.287322998046875 -0.387481689453125
-0.0576324462890625 -0.0636062622070313 0.71807861328125 -0.30535888671875
-0.32171630859375 0.13720703125 0.274505615234375 -0.21368408203125
-0.178024291992187 0.274765014648438 0.072357177734375 -0.116508483886719
0.015411376953125 0.30462646484375 0.0058441162109375 0.0705718994140625
0.1942138671875 0.17303466796875 0.167755126953125 0.093017578125
0.24151611328125 0.012542724609375 0.245391845703125 -0.0074005126953125
0.194076538085938 -0.1578369140625 0.260391235351563 -0.200469970703125
0.115036010742188 -0.2271728515625 0.18634033203125 -0.329681396484375
0.113540649414063 -0.19818115234375 0.127166748046875 -0.313629150390625
0.132400512695312 -0.219223022460938 0.146316528320313 -0.273056030273438
0.212799072265625 -0.139892578125 0.173583984375 -0.206924438476562
0.251876831054688 0.0361175537109375 0.112564086914063 -0.100883483886719
0.16387939453125 0.197525024414063 0.0712814331054688 -0.0916824340820312
-0.0775146484375 0.26556396484375 0.076324462890625 -0.232666015625
-0.23388671875 0.208145141601563 0.292205810546875 -0.384521484375
-0.2723388671875 0.08123779296875 0.70343017578125 -0.23736572265625
-0.499481201171875 0.223388671875 0.174087524414062 -0.141204833984375
-0.29974365234375 0.3907470703125 0.0343132019042968 -0.0557289123535156
-0.00524902343750005 0.46734619140625 -0.000991821289062508 0.0755386352539063
0.278167724609375 0.304229736328125 0.129989624023438 0.0785064697265625
0.36505126953125 0.063201904296875 0.177902221679688 0.0161590576171875
0.330780029296875 -0.203765869140625 0.20538330078125 -0.13238525390625
0.21868896484375 -0.31304931640625 0.146926879882813 -0.231231689453125
0.21002197265625 -0.28472900390625 0.0957183837890625 -0.214920043945313
0.240447998046875 -0.32080078125 0.106201171875 -0.172470092773438
0.341217041015625 -0.204010009765625 0.100387573242188 -0.142959594726563
0.404327392578125 0.057647705078125 0.0269126892089844 -0.0699386596679688
0.283599853515625 0.298370361328125 0.0127716064453125 -0.1041259765625
-0.0830078125 0.4527587890625 0.0411529541015625 -0.260040283203125
-0.32476806640625 0.412750244140625 0.25335693359375 -0.364959716796875
-0.448699951171875 0.231109619140625 0.58319091796875 -0.2764892578125
-0.58087158203125 0.341064453125 0.00704193115234371 -0.07672119140625
-0.338043212890625 0.50115966796875 -0.0323925018310547 0.0208911895751953
-0.02899169921875 0.57171630859375 -0.00835418701171876 0.0845108032226563
0.318695068359375 0.4017333984375 0.0762863159179688 0.0624847412109375
0.435821533203125 0.12078857421875 0.0860214233398438 0.0393447875976563
0.428985595703125 -0.199859619140625 0.121932983398438 -0.0419082641601563
0.30419921875 -0.3369140625 0.0932540893554688 -0.09259033203125
0.29400634765625 -0.300018310546875 0.0561904907226563 -0.0783920288085938
0.33514404296875 -0.339752197265625 0.052825927734375 -0.0373039245605469
0.431427001953125 -0.19921875 0.0107498168945313 -0.0496444702148438
0.487060546875 0.105010986328125 -0.0722732543945312 -0.0285491943359375
0.3414306640625 0.378997802734375 -0.0527267456054687 -0.107704162597656
-0.10260009765625 0.57159423828125 0.02105712890625 -0.254638671875
-0.40960693359375 0.51580810546875 0.208786010742187 -0.27398681640625
-0.57080078125 0.29302978515625 0.4178466796875 -0.176513671875
-0.59033203125 0.37127685546875 -0.181045532226563 0.00675964355468749
-0.336212158203125 0.534393310546875 -0.11004638671875 0.111473083496094
-0.01141357421875 0.5972900390625 -0.0156478881835937 0.0976943969726563
0.340728759765625 0.423431396484375 0.0157089233398438 0.0404701232910157
0.450958251953125 0.132537841796875 -0.0162467956542968 0.0523490905761719
0.45147705078125 -0.1959228515625 0.014495849609375 0.0423622131347656
0.326507568359375 -0.32794189453125 0.00934219360351564 0.0434913635253906
0.315460205078125 -0.29229736328125 -0.00890350341796873 0.0573539733886718
0.358917236328125 -0.33233642578125 -0.023223876953125 0.096038818359375
0.444305419921875 -0.188018798828125 -0.0952301025390625 0.0471649169921875
0.500213623046875 0.11834716796875 -0.174484252929687 0.018096923828125
0.351715087890625 0.38885498046875 -0.124366760253906 -0.100486755371094
-0.1004638671875 0.5989990234375 -0.016082763671875 -0.225753784179688
-0.413848876953125 0.552734375 0.128509521484375 -0.163192749023438
-0.60028076171875 0.324462890625 0.205276489257813 -0.088348388671875
-0.504791259765625 0.371246337890625 -0.36920166015625 0.0974731445312501
-0.272125244140625 0.492950439453125 -0.187606811523438 0.203109741210938
0.0162353515625 0.521270751953125 -0.0271987915039062 0.111251831054688
0.309295654296875 0.3662109375 -0.04937744140625 0.02581787109375
0.391693115234375 0.114990234375 -0.111457824707031 0.0660476684570313
0.4007568359375 -0.1658935546875 -0.0886383056640625 0.12115478515625
0.2977294921875 -0.273223876953125 -0.0752105712890625 0.171646118164062
0.286468505859375 -0.241363525390625 -0.0734100341796875 0.183624267578125
0.32928466796875 -0.271728515625 -0.0995635986328125 0.212493896484375
0.38916015625 -0.139801025390625 -0.19183349609375 0.1353759765625
0.42022705078125 0.122802734375 -0.254852294921875 0.0553741455078125
0.280914306640625 0.338714599609375 -0.179107666015625 -0.0875244140625
-0.1011962890625 0.5078125 -0.0425262451171875 -0.176788330078125
-0.358917236328125 0.47332763671875 0.0432929992675781 -0.0453605651855468
-0.53131103515625 0.29351806640625 -0.0120658874511719 0.0037059783935547
-0.341827392578125 0.312591552734375 -0.53125 0.18182373046875
-0.17010498046875 0.373443603515625 -0.258224487304688 0.276824951171875
0.03875732421875 0.356781005859375 -0.0399932861328125 0.125167846679688
0.22137451171875 0.243301391601563 -0.100013732910156 0.0224761962890625
0.263656616210938 0.0762176513671875 -0.17724609375 0.0750579833984375
0.28228759765625 -0.108978271484375 -0.170989990234375 0.179840087890625
0.22039794921875 -0.17559814453125 -0.145095825195313 0.27044677734375
0.214126586914063 -0.15472412109375 -0.1280517578125 0.281280517578125
0.250457763671875 -0.170211791992188 -0.165618896484375 0.295989990234375
0.276016235351563 -0.0651702880859375 -0.26434326171875 0.19677734375
0.272567749023438 0.117141723632813 -0.30230712890625 0.069976806640625
0.153472900390625 0.239532470703125 -0.206314086914063 -0.0811309814453125
-0.10125732421875 0.32586669921875 -0.0523223876953125 -0.129203796386719
-0.252899169921875 0.306549072265625 -0.0292205810546875 0.0473289489746094
-0.3773193359375 0.209381103515625 -0.200286865234375 0.077117919921875
-0.128387451171875 0.2100830078125 -0.64361572265625 0.2442626953125
-0.045379638671875 0.204208374023438 -0.312530517578125 0.3280029296875
0.061004638671875 0.144790649414063 -0.04681396484375 0.143661499023438
0.105796813964844 0.0852508544921875 -0.120712280273438 0.0311279296875
0.09765625 0.023773193359375 -0.199005126953125 0.07659912109375
0.119522094726563 -0.0376434326171875 -0.21661376953125 0.206573486328125
0.107337951660156 -0.05279541015625 -0.188751220703125 0.32373046875
0.108383178710938 -0.0449447631835938 -0.16497802734375 0.335845947265625
0.133903503417969 -0.0446319580078125 -0.212249755859375 0.336517333984375
0.125823974609375 0.0157699584960937 -0.305755615234375 0.220489501953125
0.093994140625 0.0928955078125 -0.31256103515625 0.061065673828125
0.0167160034179687 0.109375 -0.207427978515625 -0.0848388671875
-0.0755691528320313 0.109565734863281 -0.048370361328125 -0.0948104858398437
-0.104927062988281 0.108360290527344 -0.0779190063476562 0.100074768066406
-0.16265869140625 0.100418090820312 -0.32818603515625 0.121246337890625
-0.107536315917969 -0.0119400024414062 0.31610107421875 -0.260894775390625
-0.0514144897460938 0.0981521606445313 0.0831756591796875 -0.152069091796875
0.0455398559570313 0.105506896972656 0.017822265625 0.0749664306640625
0.0897750854492188 0.0206756591796875 0.202728271484375 0.092803955078125
0.087249755859375 -0.0429916381835938 0.2901611328125 -0.045928955078125
0.029449462890625 -0.0878829956054688 0.274505615234375 -0.261062622070313
-0.00904846191406251 -0.103019714355469 0.182952880859375 -0.397552490234375
-0.006134033203125 -0.0799560546875 0.126678466796875 -0.376922607421875
-0.00373077392578125 -0.0826568603515625 0.152374267578125 -0.339935302734375
0.0472679138183594 -0.0599021911621094 0.208847045898438 -0.247390747070313
0.0694389343261719 0.00539016723632813 0.168472290039063 -0.125839233398438
0.0330734252929688 0.0685386657714844 0.106796264648438 -0.0843505859375
-0.0560035705566406 0.0545120239257813 0.0865020751953125 -0.204238891601563
-0.102058410644531 0.000862121582031266 0.284515380859375 -0.399932861328125
-0.0531082153320312 -0.0616874694824219 0.72027587890625 -0.32171630859375
-0.3206787109375 0.143524169921875 0.28314208984375 -0.22906494140625
-0.170455932617187 0.27520751953125 0.0772247314453125 -0.124984741210937
0.020477294921875 0.304351806640625 0.00638580322265626 0.0695037841796875
0.19696044921875 0.1695556640625 0.169601440429688 0.0891265869140625
0.241653442382812 0.0069122314453125 0.245513916015625 -0.0124969482421875
0.189804077148438 -0.164154052734375 0.257644653320313 -0.208267211914063
0.1080322265625 -0.23248291015625 0.181488037109375 -0.338226318359375
0.108169555664062 -0.2020263671875 0.122833251953125 -0.32183837890625
0.124908447265625 -0.222747802734375 0.145004272460938 -0.280975341796875
0.20758056640625 -0.146499633789063 0.171127319335938 -0.211837768554688
0.256011962890625 0.02813720703125 0.113082885742188 -0.102210998535156
0.171844482421875 0.19293212890625 0.0718154907226563 -0.0958328247070312
-0.071685791015625 0.27099609375 0.074432373046875 -0.235031127929687
-0.22869873046875 0.216659545898437 0.291168212890625 -0.394927978515625
-0.270950317382813 0.08905029296875 0.70660400390625 -0.252197265625
-0.500152587890625 0.232757568359375 0.183212280273437 -0.152587890625
-0.292022705078125 0.395416259765625 0.042388916015625 -0.0621261596679687
0.00149536132812503 0.471038818359375 0.000976562499999999 0.0741119384765625
0.287139892578125 0.299957275390625 0.131301879882813 0.0755691528320313
0.36944580078125 0.05609130859375 0.178695678710938 0.0123443603515625
0.328033447265625 -0.215118408203125 0.205398559570313 -0.139907836914063
0.21240234375 -0.322998046875 0.144454956054688 -0.23870849609375
0.20428466796875 -0.2923583984375 0.0916748046875 -0.222686767578125
0.233612060546875 -0.330169677734375 0.10784912109375 -0.180282592773438
0.33587646484375 -0.215423583984375 0.0981597900390625 -0.147048950195313
0.41119384765625 0.04449462890625 0.0284881591796875 -0.0687828063964844
0.29595947265625 0.294830322265625 0.0132980346679688 -0.1077880859375
-0.074188232421875 0.46148681640625 0.03778076171875 -0.261886596679687
-0.31878662109375 0.427001953125 0.253875732421875 -0.371673583984375
-0.449737548828125 0.24212646484375 0.58660888671875 -0.28668212890625
-0.58258056640625 0.35467529296875 0.015777587890625 -0.0843963623046875
-0.332489013671875 0.50921630859375 -0.0236587524414063 0.01654052734375
-0.02008056640625 0.5787353515625 -0.00533294677734375 0.0833740234375001
0.332916259765625 0.39898681640625 0.0786209106445313 0.06048583984375
0.443115234375 0.11383056640625 0.0865859985351563 0.0374679565429688
0.425994873046875 -0.213714599609375 0.124496459960938 -0.0476531982421875
0.300323486328125 -0.35076904296875 0.0933914184570313 -0.0992889404296875
0.2894287109375 -0.312408447265625 0.0533218383789063 -0.0845718383789063
0.33038330078125 -0.3546142578125 0.056671142578125 -0.0427780151367188
0.429534912109375 -0.212371826171875 0.0103912353515625 -0.0509490966796875
0.497802734375 0.08941650390625 -0.07080078125 -0.0237350463867188
0.35601806640625 0.375244140625 -0.05157470703125 -0.109550476074219
-0.09271240234375 0.58392333984375 0.0181121826171875 -0.255630493164062
-0.402801513671875 0.533111572265625 0.210769653320313 -0.277191162109375
-0.5767822265625 0.30712890625 0.4208984375 -0.18035888671875
-0.59271240234375 0.384765625 -0.174301147460938 0.00524902343749999
-0.331573486328125 0.54486083984375 -0.101768493652344 0.111518859863281
-0.00201416015624995 0.606689453125 -0.0124740600585938 0.0968780517578125
0.358551025390625 0.420623779296875 0.0180091857910156 0.0395622253417969
0.460784912109375 0.124420166015625 -0.0158157348632812 0.0530471801757813
0.4501953125 -0.211212158203125 0.0189781188964844 0.037811279296875
0.3228759765625 -0.3419189453125 0.0108261108398438 0.0394744873046875
0.311981201171875 -0.304962158203125 -0.00985336303710936 0.054046630859375
0.355712890625 -0.3486328125 -0.0172271728515625 0.092254638671875
0.442352294921875 -0.203033447265625 -0.09490966796875 0.0487136840820313
0.5107421875 0.103729248046875 -0.17254638671875 0.024200439453125
0.36749267578125 0.38641357421875 -0.12408447265625 -0.100494384765625
-0.0906982421875 0.61175537109375 -0.0183563232421875 -0.226333618164062
-0.4090576171875 0.56793212890625 0.12957763671875 -0.162933349609375
-0.6053466796875 0.33941650390625 0.208023071289063 -0.0861053466796875
-0.5064697265625 0.3822021484375 -0.364715576171875 0.101776123046875
-0.270477294921875 0.5047607421875 -0.180038452148438 0.206588745117188
0.023345947265625 0.531707763671875 -0.0227203369140625 0.111534118652344
0.32696533203125 0.363037109375 -0.0469970703125 0.0261688232421875
0.40234375 0.107452392578125 -0.111373901367187 0.0683517456054688
0.401397705078125 -0.181488037109375 -0.0856857299804687 0.119613647460938
0.294586181640625 -0.287689208984375 -0.0715789794921875 0.171295166015625
0.285552978515625 -0.255279541015625 -0.0728912353515625 0.18316650390625
0.327728271484375 -0.287994384765625 -0.0935821533203125 0.212326049804687
0.388397216796875 -0.153045654296875 -0.190460205078125 0.139633178710937
0.431427001953125 0.111572265625 -0.254348754882813 0.0630645751953125
0.293853759765625 0.33740234375 -0.179107666015625 -0.087127685546875
-0.0948486328125 0.518798828125 -0.0443878173828125 -0.177780151367187
-0.356048583984375 0.485198974609375 0.0451278686523437 -0.0421371459960937
-0.539031982421875 0.3062744140625 -0.012228012084961 0.0116710662841797
-0.345306396484375 0.3206787109375 -0.53021240234375 0.1920166015625
-0.1705322265625 0.38214111328125 -0.2530517578125 0.284454345703125
0.042694091796875 0.364471435546875 -0.0349655151367187 0.1265869140625
0.234375 0.24249267578125 -0.0989303588867187 0.023590087890625
0.273117065429688 0.0725250244140625 -0.17724609375 0.0787200927734375
0.28424072265625 -0.12017822265625 -0.1676025390625 0.181076049804688
0.219635009765625 -0.187347412109375 -0.140655517578125 0.274383544921875
0.215347290039062 -0.16595458984375 -0.126220703125 0.284027099609375
0.250289916992188 -0.182098388671875 -0.159881591796875 0.299163818359375
0.278305053710938 -0.0749664306640625 -0.26165771484375 0.20147705078125
0.281158447265625 0.10968017578125 -0.300994873046875 0.077239990234375
0.1629638671875 0.240814208984375 -0.206069946289063 -0.07861328125
-0.096649169921875 0.33447265625 -0.0544204711914063 -0.129447937011719
-0.251983642578125 0.315521240234375 -0.0291366577148438 0.0530891418457032
-0.386993408203125 0.217071533203125 -0.202987670898438 0.08905029296875
-0.131561279296875 0.212005615234375 -0.64520263671875 0.259765625
-0.0485382080078125 0.209182739257813 -0.30877685546875 0.3388671875
0.0596923828125 0.149215698242188 -0.0418548583984375 0.146072387695313
0.112632751464844 0.0858383178710938 -0.120346069335937 0.0333404541015625
0.103919982910156 0.0238113403320313 -0.199356079101563 0.0799407958984375
0.12225341796875 -0.043426513671875 -0.214569091796875 0.2100830078125
0.108367919921875 -0.0585784912109375 -0.184051513671875 0.33111572265625
0.111381530761719 -0.0521469116210938 -0.160430908203125 0.341644287109375
0.136734008789063 -0.0525894165039063 -0.2069091796875 0.34222412109375
0.129600524902344 0.0098114013671875 -0.30206298828125 0.22918701171875
0.100700378417969 0.0902633666992188 -0.311492919921875 0.068206787109375
0.0221176147460938 0.112457275390625 -0.2088623046875 -0.0818939208984375
-0.0745162963867188 0.115371704101563 -0.0496063232421875 -0.0954513549804688
-0.106849670410156 0.112167358398437 -0.0798721313476562 0.106941223144531
-0.17095947265625 0.103378295898438 -0.333709716796875 0.13690185546875
-0.106941223144531 -0.00840759277343748 0.32061767578125 -0.28466796875
-0.045074462890625 0.09625244140625 0.083740234375 -0.164520263671875
0.049560546875 0.101150512695313 0.0195236206054688 0.0761642456054688
0.0884552001953125 0.0183792114257813 0.208114624023438 0.0872650146484375
0.084564208984375 -0.0458450317382813 0.293670654296875 -0.05517578125
0.0244216918945313 -0.0904922485351563 0.2694091796875 -0.275619506835938
-0.0161819458007813 -0.103477478027344 0.17156982421875 -0.413726806640625
-0.0111160278320312 -0.0784683227539063 0.11602783203125 -0.391387939453125
-0.0107650756835937 -0.080810546875 0.145050048828125 -0.35430908203125
0.0423736572265625 -0.0620498657226562 0.205230712890625 -0.259078979492188
0.0697517395019531 0.000762939453125 0.168655395507812 -0.133407592773438
0.0356979370117188 0.0664558410644531 0.105674743652344 -0.0897903442382813
-0.0537338256835937 0.0568199157714844 0.0817718505859375 -0.210296630859375
-0.09942626953125 0.00583648681640623 0.279205322265625 -0.421112060546875
-0.0512428283691406 -0.06146240234375 0.7265625 -0.3564453125
-0.32110595703125 0.156890869140625 0.288604736328125 -0.251312255859375
-0.16064453125 0.281463623046875 0.081085205078125 -0.136215209960937
0.029876708984375 0.307525634765625 0.00870132446289063 0.0693321228027344
0.204299926757813 0.165985107421875 0.1748046875 0.084564208984375
0.244461059570312 -0.0006103515625 0.24945068359375 -0.0205078125
0.184112548828125 -0.17529296875 0.255889892578125 -0.22332763671875
0.0995635986328125 -0.242050170898438 0.173126220703125 -0.35430908203125
0.1002197265625 -0.2083740234375 0.112823486328125 -0.3349609375
0.116775512695312 -0.23150634765625 0.13970947265625 -0.294830322265625
0.2017822265625 -0.157699584960938 0.167587280273438 -0.221694946289063
0.260955810546875 0.015380859375 0.113540649414063 -0.107742309570313
0.183135986328125 0.18902587890625 0.071380615234375 -0.101020812988281
-0.0615692138671875 0.280624389648438 0.0691375732421875 -0.24114990234375
-0.222335815429688 0.233016967773438 0.28900146484375 -0.4158935546875
-0.271560668945313 0.10211181640625 0.71636962890625 -0.28082275390625
-0.501129150390625 0.253875732421875 0.191558837890625 -0.168930053710938
-0.28240966796875 0.41009521484375 0.0485916137695312 -0.070526123046875
0.01641845703125 0.4803466796875 0.00493621826171874 0.07379150390625
0.303741455078125 0.293792724609375 0.136528015136719 0.0719070434570313
0.37890625 0.043060302734375 0.182113647460938 0.005828857421875
0.32275390625 -0.23370361328125 0.206954956054688 -0.151779174804688
0.202850341796875 -0.340545654296875 0.138656616210938 -0.253189086914063
0.195526123046875 -0.306884765625 0.0837554931640625 -0.234130859375
0.222320556640625 -0.348419189453125 0.105926513671875 -0.192092895507813
0.331146240234375 -0.23431396484375 0.0960693359375 -0.152389526367188
0.422576904296875 0.026092529296875 0.0292625427246094 -0.069122314453125
0.314544677734375 0.288848876953125 0.0118179321289063 -0.111724853515625
-0.05889892578125 0.47802734375 0.03179931640625 -0.26727294921875
-0.30792236328125 0.45147705078125 0.251861572265625 -0.388671875
-0.453125 0.264801025390625 0.59185791015625 -0.30999755859375
-0.583251953125 0.37933349609375 0.0220413208007812 -0.0926437377929687
-0.323333740234375 0.529815673828125 -0.01678466796875 0.0123233795166016
-0.000610351562499938 0.59429931640625 -0.00145721435546875 0.0834274291992188
0.356414794921875 0.39324951171875 0.0834579467773438 0.0584335327148438
0.45623779296875 0.09954833984375 0.0893707275390625 0.0354766845703125
0.423004150390625 -0.23858642578125 0.12738037109375 -0.0558090209960938
0.291839599609375 -0.373046875 0.092010498046875 -0.108726501464844
0.282135009765625 -0.331695556640625 0.0489883422851563 -0.0917587280273438
0.32177734375 -0.37933349609375 0.0595588684082031 -0.0500335693359375
0.427154541015625 -0.23651123046875 0.00790023803710941 -0.0513534545898438
0.513519287109375 0.068634033203125 -0.0701560974121093 -0.0198554992675781
0.38037109375 0.369903564453125 -0.0548782348632812 -0.11309814453125
-0.0744628906250001 0.60498046875 0.01080322265625 -0.261444091796875
-0.392913818359375 0.5614013671875 0.210662841796875 -0.287567138671875
-0.58416748046875 0.3341064453125 0.426300048828125 -0.1962890625
-0.59490966796875 0.41162109375 -0.171371459960938 0.00628662109375006
-0.322265625 0.56829833984375 -0.0924453735351563 0.112960815429688
0.0164184570312501 0.6248779296875 -0.00646209716796874 0.0973892211914063
0.385284423828125 0.41424560546875 0.0215530395507813 0.03814697265625
0.4796142578125 0.109405517578125 -0.0136032104492187 0.0549774169921875
0.450286865234375 -0.23748779296875 0.0223331451416016 0.0341072082519531
0.3173828125 -0.368255615234375 0.0135688781738281 0.0366096496582031
0.307098388671875 -0.32696533203125 -0.0111160278320312 0.0521812438964844
0.348236083984375 -0.373809814453125 -0.0117416381835937 0.0901107788085937
0.444061279296875 -0.225372314453125 -0.09539794921875 0.0528564453125
0.528076171875 0.08251953125 -0.172500610351562 0.0328521728515625
0.392059326171875 0.380523681640625 -0.128387451171875 -0.101753234863281
-0.0718994140625 0.6324462890625 -0.02508544921875 -0.229660034179688
-0.3992919921875 0.595703125 0.13177490234375 -0.167953491210937
-0.61737060546875 0.365966796875 0.211334228515625 -0.0897369384765625
-0.510986328125 0.40570068359375 -0.364898681640625 0.113861083984375
-0.262603759765625 0.527008056640625 -0.172088623046875 0.21563720703125
0.040435791015625 0.54791259765625 -0.0164566040039063 0.112884521484375
0.353240966796875 0.35845947265625 -0.0451850891113281 0.027374267578125
0.420684814453125 0.094390869140625 -0.11077880859375 0.0744552612304687
0.4022216796875 -0.204193115234375 -0.081298828125 0.120445251464844
0.29083251953125 -0.309478759765625 -0.066009521484375 0.174835205078125
0.282684326171875 -0.27508544921875 -0.070587158203125 0.187469482421875
0.324127197265625 -0.312255859375 -0.0865478515625 0.217498779296875
0.390228271484375 -0.173431396484375 -0.1890869140625 0.148101806640625
0.44818115234375 0.09375 -0.254608154296875 0.073699951171875
0.3155517578125 0.334686279296875 -0.183609008789063 -0.085205078125
-0.078460693359375 0.53717041015625 -0.050933837890625 -0.17987060546875
-0.3489990234375 0.509246826171875 0.0477447509765625 -0.0408554077148437
-0.54864501953125 0.330230712890625 -0.011138916015625 0.0183448791503906
-0.348297119140625 0.33721923828125 -0.532623291015625 0.212921142578125
-0.167083740234375 0.401275634765625 -0.245513916015625 0.301177978515625
0.053558349609375 0.377685546875 -0.0289688110351562 0.129379272460938
0.254302978515625 0.2398681640625 -0.0975723266601562 0.0277557373046875
0.286651611328125 0.064208984375 -0.178054809570312 0.0871734619140625
0.286163330078125 -0.137054443359375 -0.163406372070313 0.186965942382812
0.218002319335938 -0.203536987304688 -0.13299560546875 0.284271240234375
0.214584350585938 -0.1810302734375 -0.12139892578125 0.294036865234375
0.250778198242188 -0.202499389648438 -0.150604248046875 0.309326171875
0.281646728515625 -0.09063720703125 -0.2581787109375 0.2139892578125
0.29498291015625 0.09881591796875 -0.302215576171875 0.08966064453125
0.178268432617188 0.241500854492188 -0.2122802734375 -0.0746917724609375
-0.086700439453125 0.348876953125 -0.0596694946289062 -0.130691528320312
-0.25 0.3319091796875 -0.0272369384765625 0.0604209899902344
-0.395904541015625 0.23516845703125 -0.20526123046875 0.105255126953125
-0.132171630859375 0.21807861328125 -0.65228271484375 0.28839111328125
-0.0479583740234375 0.218612670898437 -0.304229736328125 0.360107421875
0.0628662109375 0.154525756835938 -0.0362396240234375 0.150070190429688
0.12237548828125 0.084625244140625 -0.119720458984375 0.0387725830078125
0.111045837402344 0.0215988159179688 -0.201065063476562 0.0885162353515625
0.124748229980469 -0.0504913330078125 -0.211578369140625 0.2197265625
0.110183715820313 -0.0669403076171875 -0.175994873046875 0.34564208984375
0.113304138183594 -0.0600051879882813 -0.153717041015625 0.35504150390625
0.139297485351563 -0.0627593994140625 -0.200164794921875 0.356201171875
0.134941101074219 0.0022430419921875 -0.2991943359375 0.2425537109375
0.109672546386719 0.0864791870117188 -0.314849853515625 0.0806884765625
0.0292205810546875 0.116401672363281 -0.213882446289063 -0.0761566162109375
-0.0712661743164062 0.122756958007813 -0.0552749633789063 -0.0953750610351562
-0.108963012695312 0.119224548339844 -0.0794677734375 0.117179870605469
-0.178619384765625 0.11199951171875 -0.33807373046875 0.158966064453125
-0.105728149414063 -0.00276947021484376 0.313995361328125 -0.31378173828125
-0.0370864868164063 0.0942153930664063 0.0798492431640625 -0.178558349609375
0.0543212890625 0.0965499877929688 0.0235137939453125 0.074920654296875
0.0868072509765625 0.015655517578125 0.214157104492188 0.0760040283203125
0.0799026489257813 -0.0496978759765625 0.291717529296875 -0.07318115234375
0.0173568725585937 -0.092376708984375 0.257568359375 -0.291717529296875
-0.0249481201171875 -0.101753234863281 0.14935302734375 -0.42950439453125
-0.0176925659179687 -0.075347900390625 0.096038818359375 -0.403411865234375
-0.0173492431640625 -0.0776214599609375 0.12835693359375 -0.36785888671875
0.0351142883300781 -0.0631179809570313 0.193359375 -0.27398681640625
0.0680999755859375 -0.00551605224609375 0.163681030273438 -0.144195556640625
0.0391654968261719 0.0627288818359375 0.101669311523438 -0.097320556640625
-0.0493545532226563 0.0604476928710938 0.07110595703125 -0.217071533203125
-0.0948944091796875 0.0125045776367188 0.259490966796875 -0.444305419921875
-0.0500259399414063 -0.0591850280761719 0.71429443359375 -0.4022216796875
-0.31414794921875 0.175048828125 0.284515380859375 -0.27960205078125
-0.144195556640625 0.287017822265625 0.0796661376953125 -0.15093994140625
0.0462646484375 0.307586669921875 0.0127906799316406 0.0688591003417969
0.213150024414063 0.155563354492188 0.181365966796875 0.075408935546875
0.245223999023438 -0.0142974853515625 0.2501220703125 -0.0336456298828125
0.173324584960938 -0.187408447265625 0.24658203125 -0.239715576171875
0.082794189453125 -0.250564575195313 0.15338134765625 -0.370574951171875
0.0874176025390625 -0.21484375 0.0938720703125 -0.34759521484375
0.101089477539062 -0.240097045898437 0.127410888671875 -0.309783935546875
0.191604614257813 -0.170440673828125 0.157791137695313 -0.233535766601562
0.26409912109375 -0.0034027099609375 0.11077880859375 -0.114402770996094
0.19732666015625 0.178909301757813 0.0655441284179688 -0.107337951660156
-0.045318603515625 0.288787841796875 0.05657958984375 -0.246658325195312
-0.207260131835938 0.250595092773437 0.271575927734375 -0.438079833984375
-0.267501831054688 0.119171142578125 0.7119140625 -0.32672119140625
-0.49310302734375 0.283294677734375 0.192169189453125 -0.189895629882813
-0.260772705078125 0.424957275390625 0.05242919921875 -0.0814056396484375
0.04217529296875 0.486785888671875 0.00976562500000001 0.072906494140625
0.3221435546875 0.27874755859375 0.143295288085938 0.064422607421875
0.3846435546875 0.02264404296875 0.184402465820313 -0.003082275390625
0.30999755859375 -0.257293701171875 0.200454711914063 -0.167892456054688
0.181488037109375 -0.35797119140625 0.125457763671875 -0.267486572265625
0.178314208984375 -0.321685791015625 0.0693206787109375 -0.243133544921875
0.201416015625 -0.3668212890625 0.0979156494140625 -0.204574584960938
0.317657470703125 -0.2568359375 0.088409423828125 -0.15972900390625
0.428985595703125 -0.003265380859375 0.027557373046875 -0.070098876953125
0.3367919921875 0.271484375 0.00488281250000003 -0.115608215332031
-0.0304260253906251 0.489654541015625 0.0175018310546875 -0.271270751953125
-0.28271484375 0.47662353515625 0.237457275390625 -0.4085693359375
-0.446441650390625 0.29412841796875 0.58447265625 -0.3463134765625
-0.57177734375 0.41094970703125 0.0244064331054687 -0.101997375488281
-0.295745849609375 0.55047607421875 -0.0089998245239258 0.00755882263183597
0.0299072265625 0.60406494140625 0.005462646484375 0.0827941894531251
0.383819580078125 0.3751220703125 0.0885162353515625 0.0523681640625
0.469879150390625 0.073150634765625 0.0927886962890625 0.0317459106445313
0.41241455078125 -0.270233154296875 0.126777648925781 -0.068115234375
0.26995849609375 -0.39874267578125 0.0866470336914063 -0.119232177734375
0.265533447265625 -0.354095458984375 0.0417404174804688 -0.0978546142578125
0.30023193359375 -0.406768798828125 0.0593452453613282 -0.0587272644042969
0.414886474609375 -0.26446533203125 0.00616836547851565 -0.0520782470703125
0.524871826171875 0.034393310546875 -0.0689353942871093 -0.0150375366210937
0.40887451171875 0.35205078125 -0.0619430541992187 -0.113075256347656
-0.04193115234375 0.61920166015625 -0.00212097167968751 -0.262771606445312
-0.365478515625 0.59246826171875 0.202056884765625 -0.301727294921875
-0.57720947265625 0.3714599609375 0.42315673828125 -0.219635009765625
-0.58447265625 0.44683837890625 -0.16571044921875 0.0100555419921876
-0.2960205078125 0.5916748046875 -0.081298828125 0.11590576171875
0.0496826171875001 0.6351318359375 0.001495361328125 0.0974502563476563
0.4158935546875 0.394927978515625 0.0257797241210938 0.0360908508300781
0.49481201171875 0.081756591796875 -0.0104484558105468 0.0571365356445313
0.438690185546875 -0.27056884765625 0.0264701843261719 0.0282783508300781
0.29736328125 -0.395355224609375 0.0158843994140625 0.0316390991210937
0.2900390625 -0.351348876953125 -0.0116653442382812 0.0517463684082031
0.32867431640625 -0.40576171875 -0.00561523437499998 0.0874481201171875
0.43255615234375 -0.25762939453125 -0.0934295654296875 0.0586624145507812
0.540740966796875 0.047576904296875 -0.169830322265625 0.0436553955078125
0.420166015625 0.36199951171875 -0.135169982910156 -0.0982208251953124
-0.0369873046875 0.64788818359375 -0.037567138671875 -0.229965209960937
-0.3714599609375 0.62591552734375 0.128189086914062 -0.174667358398437
-0.6104736328125 0.4046630859375 0.211105346679687 -0.099090576171875
-0.5006103515625 0.436065673828125 -0.357635498046875 0.13250732421875
-0.239898681640625 0.550750732421875 -0.157684326171875 0.226577758789063
0.069305419921875 0.558258056640625 -0.00740051269531248 0.11376953125
0.380859375 0.34075927734375 -0.0415382385253906 0.0292472839355469
0.43463134765625 0.070526123046875 -0.106575012207031 0.0819931030273438
0.393585205078125 -0.2344970703125 -0.0736160278320312 0.121620178222656
0.27447509765625 -0.33544921875 -0.0565643310546875 0.17742919921875
0.269775390625 -0.297943115234375 -0.0644683837890625 0.1925048828125
0.308258056640625 -0.34088134765625 -0.07305908203125 0.21990966796875
0.3841552734375 -0.201507568359375 -0.1824951171875 0.159942626953125
0.460479736328125 0.063995361328125 -0.250320434570312 0.089996337890625
0.339996337890625 0.321563720703125 -0.190673828125 -0.078399658203125
-0.05096435546875 0.5504150390625 -0.060760498046875 -0.17828369140625
-0.32666015625 0.53582763671875 0.0484695434570312 -0.0407447814941406
-0.544769287109375 0.3653564453125 -0.00876998901367191 0.0235385894775391
-0.340667724609375 0.358795166015625 -0.526275634765625 0.242401123046875
-0.151123046875 0.418853759765625 -0.229400634765625 0.319183349609375
0.073028564453125 0.38641357421875 -0.0188751220703125 0.131568908691406
0.2747802734375 0.226791381835938 -0.094757080078125 0.032684326171875
0.29827880859375 0.04742431640625 -0.174560546875 0.0984954833984375
0.281463623046875 -0.15936279296875 -0.154800415039062 0.194839477539063
0.208786010742188 -0.223052978515625 -0.117523193359375 0.293670654296875
0.207443237304688 -0.199676513671875 -0.10809326171875 0.3043212890625
0.240509033203125 -0.225677490234375 -0.134063720703125 0.319091796875
0.279739379882813 -0.111724853515625 -0.2490234375 0.230438232421875
0.30645751953125 0.0789794921875 -0.2982177734375 0.108917236328125
0.196395874023437 0.234619140625 -0.218292236328125 -0.0662078857421875
-0.0693359375 0.359375 -0.0672073364257813 -0.128669738769531
-0.236602783203125 0.3504638671875 -0.022125244140625 0.0671043395996094
-0.39599609375 0.26025390625 -0.20123291015625 0.123565673828125
-0.12762451171875 0.2259521484375 -0.643798828125 0.3287353515625
-0.042022705078125 0.228225708007813 -0.286956787109375 0.38323974609375
0.0692901611328125 0.158203125 -0.0264129638671875 0.153289794921875
0.131683349609375 0.0781478881835938 -0.116859436035156 0.0449066162109375
0.117881774902344 0.0149917602539063 -0.198318481445313 0.0999908447265625
0.124961853027344 -0.0605392456054687 -0.202163696289063 0.2315673828125
0.10845947265625 -0.0768661499023437 -0.15802001953125 0.35992431640625
0.111915588378906 -0.0711135864257813 -0.137237548828125 0.36920166015625
0.137832641601563 -0.0768814086914063 -0.180023193359375 0.370880126953125
0.138359069824219 -0.00971221923828125 -0.286865234375 0.261138916015625
0.117843627929688 0.0795440673828125 -0.31207275390625 0.10015869140625
0.038848876953125 0.117134094238281 -0.219802856445313 -0.0654449462890625
-0.0658111572265625 0.12982177734375 -0.0619430541992188 -0.093170166015625
-0.106781005859375 0.127342224121094 -0.0740966796875 0.127830505371094
-0.182632446289063 0.123764038085937 -0.334259033203125 0.18658447265625
-0.101112365722656 0.00311279296875001 0.295318603515625 -0.336090087890625
-0.029266357421875 0.0889511108398437 0.070953369140625 -0.188873291015625
0.0581741333007813 0.0887069702148438 0.0274429321289063 0.0719757080078125
0.0840530395507813 0.0110244750976563 0.216201782226562 0.0618438720703125
0.0748214721679687 -0.0526580810546875 0.283203125 -0.08935546875
0.00941467285156249 -0.09051513671875 0.236114501953125 -0.301605224609375
-0.0334396362304687 -0.0962905883789063 0.120025634765625 -0.434356689453125
-0.0234413146972656 -0.0695343017578125 0.071319580078125 -0.4052734375
-0.0230636596679688 -0.0725250244140625 0.1048583984375 -0.373260498046875
0.0276412963867188 -0.0622215270996094 0.174560546875 -0.28204345703125
0.065338134765625 -0.0114517211914063 0.154037475585938 -0.151611328125
0.0417594909667969 0.0568199157714844 0.0941925048828125 -0.101936340332031
-0.0435142517089844 0.0619888305664063 0.057373046875 -0.218475341796875
-0.0873184204101563 0.01837158203125 0.230682373046875 -0.458251953125
-0.0488739013671875 -0.056304931640625 0.68218994140625 -0.440673828125
-0.297821044921875 0.18988037109375 0.270477294921875 -0.30084228515625
-0.125030517578125 0.285064697265625 0.074462890625 -0.162124633789062
0.061981201171875 0.298828125 0.0173721313476563 0.0665664672851563
0.217926025390625 0.141006469726563 0.183700561523438 0.062347412109375
0.240081787109375 -0.0279083251953125 0.244491577148438 -0.0477142333984375
0.155899047851563 -0.197006225585938 0.228668212890625 -0.252487182617188
0.0627593994140625 -0.251693725585938 0.128387451171875 -0.377197265625
0.07177734375 -0.2158203125 0.071868896484375 -0.34991455078125
0.0819549560546875 -0.243209838867188 0.108367919921875 -0.31689453125
0.1748046875 -0.179428100585938 0.14227294921875 -0.239547729492188
0.25872802734375 -0.0234222412109375 0.104423522949219 -0.119087219238281
0.205718994140625 0.162750244140625 0.058258056640625 -0.110923767089844
-0.02606201171875 0.29034423828125 0.041961669921875 -0.246231079101562
-0.185791015625 0.262161254882813 0.244873046875 -0.452117919921875
-0.256744384765625 0.134033203125 0.6839599609375 -0.36474609375
-0.47247314453125 0.3052978515625 0.185470581054687 -0.2066650390625
-0.23260498046875 0.42938232421875 0.0530624389648437 -0.0911178588867187
0.068115234375 0.478729248046875 0.0158729553222656 0.0696334838867188
0.334197998046875 0.25396728515625 0.1456298828125 0.0533294677734375
0.380096435546875 -0.00115966796875 0.182571411132813 -0.0130767822265625
0.28521728515625 -0.27471923828125 0.18865966796875 -0.179885864257813
0.15301513671875 -0.367034912109375 0.107101440429688 -0.274795532226563
0.154510498046875 -0.327911376953125 0.052001953125 -0.245956420898438
0.172271728515625 -0.37725830078125 0.08526611328125 -0.21246337890625
0.294952392578125 -0.2735595703125 0.078125 -0.162399291992188
0.4224853515625 -0.033935546875 0.0254745483398438 -0.0710220336914063
0.350067138671875 0.246856689453125 -0.00232696533203124 -0.115669250488281
0.000793457031249956 0.490203857421875 0.00308227539062502 -0.267440795898437
-0.249725341796875 0.48968505859375 0.2137451171875 -0.41912841796875
-0.425933837890625 0.317413330078125 0.5579833984375 -0.374420166015625
-0.5450439453125 0.43865966796875 0.024932861328125 -0.109870910644531
-0.260528564453125 0.55682373046875 -0.00171017646789552 0.000713586807251011
0.0634765625 0.59710693359375 0.0122833251953125 0.0796432495117188
0.402740478515625 0.34576416015625 0.0922164916992188 0.044952392578125
0.470703125 0.04473876953125 0.0951919555664063 0.0269088745117188
0.38525390625 -0.294219970703125 0.121963500976563 -0.0788345336914063
0.239349365234375 -0.4124755859375 0.0780410766601563 -0.1273193359375
0.238983154296875 -0.366729736328125 0.0323333740234375 -0.099884033203125
0.267822265625 -0.42364501953125 0.0558891296386719 -0.0662269592285157
0.390594482421875 -0.288970947265625 0.00314712524414065 -0.0514144897460938
0.520843505859375 -0.00347900390625 -0.0667190551757812 -0.0103530883789063
0.42449951171875 0.3212890625 -0.0685195922851562 -0.108978271484375
-0.00451660156249997 0.619384765625 -0.015533447265625 -0.258331298828125
-0.32373046875 0.60968017578125 0.18621826171875 -0.310150146484375
-0.5546875 0.40277099609375 0.40789794921875 -0.240020751953125
-0.557037353515625 0.472900390625 -0.157211303710938 0.0140838623046875
-0.2596435546875 0.60040283203125 -0.0673751831054688 0.11456298828125
0.0852050781249999 0.6309814453125 0.00990295410156252 0.0941162109375001
0.43621826171875 0.362213134765625 0.0298843383789063 0.0321598052978516
0.494659423828125 0.049346923828125 -0.0046119689941406 0.0585403442382813
0.415130615234375 -0.2974853515625 0.028493881225586 0.021188735961914
0.26715087890625 -0.4122314453125 0.0171871185302735 0.0265522003173828
0.264801025390625 -0.36724853515625 -0.0112037658691406 0.0518913269042969
0.29541015625 -0.4267578125 0.000808715820312515 0.082305908203125
0.41009521484375 -0.2821044921875 -0.0882949829101562 0.0641098022460937
0.537750244140625 0.00982666015625 -0.162490844726562 0.0539398193359375
0.437774658203125 0.332794189453125 -0.139785766601562 -0.0906219482421875
0.00012207031250002 0.6463623046875 -0.048614501953125 -0.22393798828125
-0.3314208984375 0.64398193359375 0.120315551757812 -0.17901611328125
-0.58612060546875 0.4368896484375 0.204086303710938 -0.107818603515625
-0.47589111328125 0.4593505859375 -0.3416748046875 0.147216796875
-0.20770263671875 0.559295654296875 -0.136489868164063 0.2301025390625
0.10089111328125 0.55499267578125 0.00202178955078125 0.111068725585938
0.401580810546875 0.311248779296875 -0.0375518798828125 0.029937744140625
0.43701171875 0.04132080078125 -0.0988082885742187 0.08807373046875
0.373565673828125 -0.259674072265625 -0.0653457641601562 0.1204833984375
0.249786376953125 -0.35333251953125 -0.04534912109375 0.175521850585938
0.248809814453125 -0.314117431640625 -0.055145263671875 0.194259643554687
0.2808837890625 -0.361541748046875 -0.0587615966796875 0.218124389648437
0.36602783203125 -0.225494384765625 -0.170074462890625 0.168991088867187
0.4600830078125 0.031158447265625 -0.2388916015625 0.104232788085938
0.355926513671875 0.29681396484375 -0.193145751953125 -0.0672149658203125
-0.01959228515625 0.55126953125 -0.0696258544921875 -0.172149658203125
-0.294158935546875 0.5496826171875 0.0495376586914062 -0.0409164428710937
-0.525726318359375 0.392425537109375 -0.00638008117675784 0.0272846221923828
-0.323028564453125 0.372100830078125 -0.503082275390625 0.270294189453125
-0.12835693359375 0.426361083984375 -0.204864501953125 0.329315185546875
0.093963623046875 0.38580322265625 -0.00926971435546875 0.129409790039063
0.288909912109375 0.2061767578125 -0.0897369384765625 0.0367584228515625
0.301177978515625 0.027862548828125 -0.165664672851562 0.108047485351563
0.268783569335938 -0.177505493164062 -0.141082763671875 0.198287963867188
0.192840576171875 -0.237625122070313 -0.098846435546875 0.295257568359375
0.19329833984375 -0.213546752929688 -0.0911865234375 0.30792236328125
0.222625732421875 -0.24273681640625 -0.112945556640625 0.320892333984375
0.269607543945313 -0.130645751953125 -0.2314453125 0.242507934570313
0.309112548828125 0.056243896484375 -0.285919189453125 0.126312255859375
0.209457397460937 0.221237182617188 -0.2191162109375 -0.0526580810546875
-0.047882080078125 0.3624267578125 -0.0740585327148437 -0.122177124023437
-0.21612548828125 0.361297607421875 -0.0160903930664063 0.0711898803710938
-0.3831787109375 0.281982421875 -0.191024780273438 0.138107299804688
-0.119583129882813 0.228469848632813 -0.61663818359375 0.36199951171875
-0.0314178466796875 0.232376098632813 -0.26129150390625 0.39892578125
0.0756988525390625 0.158432006835938 -0.0165557861328125 0.151580810546875
0.136451721191406 0.0691986083984375 -0.111968994140625 0.050689697265625
0.1209716796875 0.00710296630859375 -0.189102172851563 0.110794067382812
0.12158203125 -0.0694198608398438 -0.186798095703125 0.239044189453125
0.103813171386719 -0.085479736328125 -0.134765625 0.365966796875
0.107833862304688 -0.0803604125976563 -0.114288330078125 0.37396240234375
0.131599426269531 -0.0887374877929687 -0.154266357421875 0.37664794921875
0.1368408203125 -0.0213088989257813 -0.266769409179688 0.2744140625
0.12396240234375 0.0698013305664063 -0.2998046875 0.11846923828125
0.0482025146484375 0.114151000976563 -0.220672607421875 -0.0511016845703125
-0.0577545166015625 0.133834838867188 -0.066864013671875 -0.0876388549804687
-0.1015625 0.133758544921875 -0.0647430419921875 0.134880065917969
-0.179855346679687 0.135162353515625 -0.319976806640625 0.210205078125
-0.0955886840820312 0.00631713867187502 0.2755126953125 -0.347015380859375
-0.02349853515625 0.0814666748046875 0.062591552734375 -0.194564819335937
0.05865478515625 0.0799484252929688 0.02923583984375 0.0682106018066406
0.0809860229492188 0.008941650390625 0.211502075195313 0.0501708984375
0.069671630859375 -0.0528221130371094 0.269805908203125 -0.097625732421875
0.0025634765625 -0.0873184204101563 0.21600341796875 -0.30194091796875
-0.0388107299804688 -0.0888595581054688 0.098480224609375 -0.42864990234375
-0.0263442993164063 -0.0636558532714844 0.052581787109375 -0.39837646484375
-0.0274467468261719 -0.0668563842773438 0.087677001953125 -0.36773681640625
0.0211105346679688 -0.0595741271972656 0.15887451171875 -0.280807495117188
0.0607261657714844 -0.0157241821289063 0.142669677734375 -0.154251098632813
0.0423049926757813 0.0517959594726563 0.0868072509765625 -0.103057861328125
-0.0377159118652344 0.0608139038085938 0.0472564697265625 -0.215240478515625
-0.0796356201171875 0.0210800170898438 0.20562744140625 -0.458587646484375
-0.04632568359375 -0.0534133911132812 0.6431884765625 -0.45477294921875
-0.2813720703125 0.195281982421875 0.254425048828125 -0.311309814453125
-0.1094970703125 0.275070190429688 0.0688323974609375 -0.170242309570312
0.07073974609375 0.285858154296875 0.0212135314941406 0.0619125366210938
0.21539306640625 0.128509521484375 0.180419921875 0.051177978515625
0.231231689453125 -0.0357208251953125 0.235610961914063 -0.05511474609375
0.14013671875 -0.197265625 0.212142944335937 -0.25543212890625
0.0475921630859375 -0.246597290039063 0.108184814453125 -0.374420166015625
0.0596466064453125 -0.210174560546875 0.054534912109375 -0.343597412109375
0.06646728515625 -0.238433837890625 0.092071533203125 -0.31488037109375
0.158859252929688 -0.18060302734375 0.12890625 -0.237838745117187
0.248397827148437 -0.0378875732421875 0.0969009399414063 -0.120048522949219
0.206710815429688 0.147979736328125 0.0516586303710938 -0.110557556152344
-0.0111083984375 0.284912109375 0.03253173828125 -0.241119384765625
-0.16534423828125 0.263031005859375 0.22076416015625 -0.451446533203125
-0.24285888671875 0.140960693359375 0.650634765625 -0.3792724609375
-0.44677734375 0.315582275390625 0.177902221679687 -0.217086791992187
-0.208160400390625 0.421234130859375 0.0537796020507812 -0.0994644165039062
0.085235595703125 0.462249755859375 0.0191879272460938 0.0647010803222657
0.334320068359375 0.2320556640625 0.144012451171875 0.0433502197265625
0.36944580078125 -0.01690673828125 0.177719116210938 -0.0196685791015625
0.261428833007813 -0.280517578125 0.176361083984375 -0.184844970703125
0.130126953125 -0.36358642578125 0.091339111328125 -0.274505615234375
0.13470458984375 -0.324127197265625 0.039215087890625 -0.241043090820313
0.147369384765625 -0.3740234375 0.0742950439453125 -0.213211059570313
0.270111083984375 -0.27801513671875 0.07098388671875 -0.159454345703125
0.406829833984375 -0.0543212890625 0.0234336853027344 -0.0701408386230469
0.35052490234375 0.223480224609375 -0.00727081298828122 -0.112449645996094
0.02276611328125 0.47930908203125 -0.00643920898437502 -0.259567260742187
-0.218475341796875 0.48797607421875 0.194122314453125 -0.41815185546875
-0.403961181640625 0.3267822265625 0.528228759765625 -0.38409423828125
-0.517059326171875 0.44488525390625 0.025848388671875 -0.1151123046875
-0.231964111328125 0.547210693359375 0.00463485717773436 -0.00712060928344723
0.0868530273437501 0.58197021484375 0.0169143676757813 0.073944091796875
0.404541015625 0.317840576171875 0.0922317504882813 0.0373153686523438
0.45947265625 0.022003173828125 0.0948486328125 0.0229263305664063
0.3597412109375 -0.304443359375 0.115737915039063 -0.08575439453125
0.210693359375 -0.414703369140625 0.0694503784179688 -0.130470275878906
0.216583251953125 -0.36676025390625 0.02606201171875 -0.097991943359375
0.237884521484375 -0.42706298828125 0.0519180297851563 -0.070709228515625
0.365020751953125 -0.298583984375 0.0021171569824219 -0.0492515563964844
0.5045166015625 -0.029083251953125 -0.0631561279296875 -0.00669097900390624
0.42718505859375 0.29541015625 -0.0713653564453125 -0.103485107421875
0.0225830078125 0.60748291015625 -0.02471923828125 -0.250015258789062
-0.2879638671875 0.60894775390625 0.1722412109375 -0.309478759765625
-0.528167724609375 0.412017822265625 0.386566162109375 -0.247467041015625
-0.529083251953125 0.47882080078125 -0.147705078125 0.0131988525390625
-0.23101806640625 0.59185791015625 -0.0552291870117188 0.108146667480469
0.108154296875 0.6153564453125 0.0150146484375 0.0887603759765625
0.440826416015625 0.3323974609375 0.0316047668457032 0.0285396575927735
0.48626708984375 0.026885986328125 -0.000213623046874971 0.0573043823242187
0.38623046875 -0.309906005859375 0.0290184020996094 0.0147418975830078
0.2388916015625 -0.417449951171875 0.0168323516845703 0.0217704772949219
0.242523193359375 -0.369537353515625 -0.0105018615722656 0.05108642578125
0.2640380859375 -0.430450439453125 0.00406646728515627 0.0756378173828125
0.38409423828125 -0.294677734375 -0.0820388793945312 0.0667266845703125
0.523162841796875 -0.017669677734375 -0.152877807617187 0.0591583251953125
0.43914794921875 0.30645751953125 -0.140220642089844 -0.082366943359375
0.0245971679687499 0.63232421875 -0.054962158203125 -0.214935302734375
-0.295654296875 0.63946533203125 0.1134033203125 -0.178573608398437
-0.55767822265625 0.446502685546875 0.195358276367187 -0.110153198242187
-0.451141357421875 0.46337890625 -0.32342529296875 0.1527099609375
-0.182159423828125 0.553955078125 -0.1190185546875 0.226776123046875
0.12109375 0.54364013671875 0.008514404296875 0.105949401855469
0.403350830078125 0.28466796875 -0.0335597991943359 0.02850341796875
0.42999267578125 0.021636962890625 -0.0898895263671875 0.0906524658203125
0.349822998046875 -0.270965576171875 -0.0583267211914062 0.11517333984375
0.2259521484375 -0.35809326171875 -0.0370941162109375 0.170150756835937
0.229644775390625 -0.3182373046875 -0.047149658203125 0.192642211914063
0.253997802734375 -0.3681640625 -0.0478668212890625 0.211090087890625
0.34454345703125 -0.23675537109375 -0.157028198242187 0.17108154296875
0.448822021484375 0.00689697265625 -0.225494384765625 0.1119384765625
0.358978271484375 0.273773193359375 -0.191268920898437 -0.0578765869140625
0.001708984375 0.539642333984375 -0.0733489990234375 -0.163436889648437
-0.265228271484375 0.547607421875 0.049835205078125 -0.0401191711425781
-0.5028076171875 0.404022216796875 -0.00423622131347659 0.0297718048095703
-0.3055419921875 0.37396240234375 -0.476898193359375 0.280975341796875
-0.111297607421875 0.423492431640625 -0.182373046875 0.328369140625
0.10662841796875 0.3782958984375 -0.00223541259765623 0.124237060546875
0.291229248046875 0.187469482421875 -0.08502197265625 0.0385818481445312
0.29730224609375 0.013641357421875 -0.154449462890625 0.1121826171875
0.253433227539063 -0.1868896484375 -0.129592895507812 0.194412231445313
0.17645263671875 -0.243820190429687 -0.083892822265625 0.289764404296875
0.180130004882813 -0.218429565429688 -0.07696533203125 0.30413818359375
0.203399658203125 -0.24993896484375 -0.095550537109375 0.3138427734375
0.255401611328125 -0.141464233398438 -0.2137451171875 0.244583129882812
0.303741455078125 0.03936767578125 -0.269577026367188 0.1348876953125
0.21453857421875 0.205795288085938 -0.215087890625 -0.0429229736328125
-0.032501220703125 0.3568115234375 -0.0766220092773438 -0.1148681640625
-0.197601318359375 0.361724853515625 -0.00973510742187502 0.0726394653320313
-0.36798095703125 0.290435791015625 -0.17974853515625 0.146224975585938
-0.112838745117188 0.22503662109375 -0.58544921875 0.3770751953125
-0.024017333984375 0.231430053710938 -0.23583984375 0.40081787109375
0.07861328125 0.156082153320313 -0.00923156738281249 0.146438598632813
0.136985778808594 0.0616607666015625 -0.106582641601562 0.053497314453125
0.120674133300781 0.00189208984375 -0.178680419921875 0.115570068359375
0.11590576171875 -0.0740280151367188 -0.171875 0.238296508789063
0.0978469848632813 -0.091156005859375 -0.115966796875 0.3609619140625
0.102561950683594 -0.08514404296875 -0.096588134765625 0.369171142578125
0.122932434082031 -0.0956192016601563 -0.134246826171875 0.37060546875
0.132614135742188 -0.02960205078125 -0.246185302734375 0.276565551757813
0.125434875488281 0.060943603515625 -0.283905029296875 0.1279296875
0.0530242919921875 0.109214782714844 -0.21600341796875 -0.040313720703125
-0.0517501831054688 0.134246826171875 -0.0689468383789062 -0.0815277099609375
-0.0948944091796875 0.135330200195312 -0.0558319091796875 0.138267517089844
-0.174514770507813 0.140380859375 -0.30291748046875 0.221282958984375
-0.0907669067382812 0.00713348388671876 0.265106201171875 -0.34832763671875
-0.0221939086914063 0.0735626220703125 0.058135986328125 -0.19866943359375
0.055908203125 0.0734939575195313 0.0303077697753906 0.0643577575683594
0.0780792236328125 0.0081634521484375 0.2059326171875 0.0435333251953125
0.0657997131347656 -0.0522956848144531 0.26025390625 -0.0991668701171875
-0.0012969970703125 -0.084381103515625 0.205352783203125 -0.2982177734375
-0.0409927368164063 -0.0835723876953125 0.08660888671875 -0.41925048828125
-0.0275840759277344 -0.058868408203125 0.043853759765625 -0.390045166015625
-0.02935791015625 -0.0622825622558594 0.080230712890625 -0.360809326171875
0.0179061889648438 -0.0566024780273438 0.150711059570313 -0.275604248046875
0.0560264587402344 -0.0171089172363281 0.135940551757813 -0.15240478515625
0.0413055419921875 0.047821044921875 0.0826873779296875 -0.102058410644531
-0.0337905883789063 0.0586318969726562 0.043182373046875 -0.210891723632813
-0.0730972290039063 0.02105712890625 0.19268798828125 -0.45355224609375
-0.0428848266601562 -0.0524330139160156 0.62127685546875 -0.4522705078125
-0.271209716796875 0.19366455078125 0.24578857421875 -0.315887451171875
-0.103515625 0.263259887695313 0.0659027099609375 -0.175796508789062
0.072357177734375 0.275955200195313 0.0220947265625 0.0579566955566406
0.210739135742187 0.1214599609375 0.17578125 0.0450286865234375
0.224655151367188 -0.0388946533203125 0.228317260742188 -0.0578765869140625
0.129959106445313 -0.194183349609375 0.201797485351563 -0.252883911132813
0.0391845703125 -0.239334106445313 0.097381591796875 -0.3687744140625
0.0541839599609375 -0.204971313476563 0.0462646484375 -0.336761474609375
0.05743408203125 -0.2327880859375 0.08587646484375 -0.311676025390625
0.149078369140625 -0.177703857421875 0.122909545898438 -0.232742309570312
0.239608764648438 -0.043914794921875 0.09344482421875 -0.118545532226562
0.203598022460938 0.139312744140625 0.047760009765625 -0.108474731445312
-0.00448608398437503 0.27972412109375 0.028594970703125 -0.236419677734375
-0.15313720703125 0.259765625 0.2086181640625 -0.448089599609375
-0.234603881835937 0.141326904296875 0.62969970703125 -0.38018798828125
-0.433074951171875 0.31195068359375 0.17437744140625 -0.221420288085937
-0.1976318359375 0.408294677734375 0.05419921875 -0.107337951660156
0.09014892578125 0.449249267578125 0.0210800170898438 0.0599632263183594
0.328704833984375 0.219757080078125 0.140975952148438 0.0374603271484375
0.3599853515625 -0.022247314453125 0.173507690429688 -0.0216827392578125
0.246902465820313 -0.27740478515625 0.167770385742188 -0.185836791992188
0.117034912109375 -0.35736083984375 0.0824737548828125 -0.271636962890625
0.126312255859375 -0.318359375 0.033477783203125 -0.235992431640625
0.133148193359375 -0.3682861328125 0.06884765625 -0.212860107421875
0.256103515625 -0.276657104492188 0.0672149658203125 -0.155609130859375
0.394683837890625 -0.06353759765625 0.0227890014648438 -0.0681915283203125
0.34649658203125 0.213043212890625 -0.00960540771484372 -0.10931396484375
0.031341552734375 0.4713134765625 -0.008453369140625 -0.253280639648437
-0.202423095703125 0.480010986328125 0.184906005859375 -0.412841796875
-0.3907470703125 0.325225830078125 0.510772705078125 -0.381072998046875
-0.50103759765625 0.440093994140625 0.0277481079101562 -0.120628356933594
-0.221160888671875 0.532257080078125 0.00856494903564452 -0.0156097412109375
0.0938110351562499 0.56939697265625 0.0186424255371094 0.0689697265625
0.39971923828125 0.30218505859375 0.0908355712890625 0.0330047607421875
0.448699951171875 0.01434326171875 0.0952224731445313 0.021484375
0.342559814453125 -0.304473876953125 0.111297607421875 -0.0894088745117188
0.196014404296875 -0.411407470703125 0.064300537109375 -0.131683349609375
0.20599365234375 -0.36279296875 0.022705078125 -0.0957260131835938
0.219696044921875 -0.42144775390625 0.0489349365234375 -0.0733871459960938
0.346710205078125 -0.2996826171875 0.00252914428710939 -0.0473709106445313
0.490142822265625 -0.04156494140625 -0.0600967407226562 -0.00516891479492189
0.4217529296875 0.28094482421875 -0.0718841552734375 -0.09942626953125
0.0328369140625 0.5970458984375 -0.0256805419921875 -0.242919921875
-0.27032470703125 0.59942626953125 0.165374755859375 -0.305877685546875
-0.51220703125 0.41168212890625 0.37457275390625 -0.243499755859375
-0.51568603515625 0.4732666015625 -0.139694213867188 0.00965118408203129
-0.2191162109375 0.57952880859375 -0.0474395751953125 0.0998458862304688
0.11798095703125 0.60516357421875 0.0174789428710938 0.0835952758789063
0.436370849609375 0.316131591796875 0.0312900543212891 0.0250720977783203
0.47601318359375 0.01763916015625 0.00310516357421878 0.0563850402832031
0.3699951171875 -0.311614990234375 0.0286655426025391 0.0092964172363281
0.22308349609375 -0.41412353515625 0.0160074234008789 0.0171871185302734
0.230499267578125 -0.36651611328125 -0.010894775390625 0.0510673522949219
0.246826171875 -0.42852783203125 0.00475311279296877 0.070037841796875
0.36669921875 -0.29498291015625 -0.0772323608398437 0.0663528442382813
0.50830078125 -0.029083251953125 -0.146209716796875 0.060272216796875
0.43511962890625 0.292236328125 -0.138282775878906 -0.0777740478515625
0.03594970703125 0.62115478515625 -0.05548095703125 -0.208175659179687
-0.27764892578125 0.62957763671875 0.111709594726562 -0.175872802734375
-0.545440673828125 0.446746826171875 0.189254760742188 -0.107803344726563
-0.44158935546875 0.45672607421875 -0.30963134765625 0.149871826171875
-0.171478271484375 0.543731689453125 -0.108489990234375 0.21929931640625
0.1290283203125 0.536041259765625 0.00997161865234376 0.100547790527344
0.399871826171875 0.2698974609375 -0.031412124633789 0.027252197265625
0.4217529296875 0.012542724609375 -0.0835723876953125 0.0897293090820313
0.33489990234375 -0.272613525390625 -0.0552978515625 0.109237670898437
0.21209716796875 -0.35821533203125 -0.0337982177734375 0.163894653320312
0.218963623046875 -0.31787109375 -0.043670654296875 0.189224243164062
0.23724365234375 -0.366241455078125 -0.0438690185546875 0.20281982421875
0.32952880859375 -0.239349365234375 -0.149246215820313 0.169113159179687
0.436676025390625 -0.003387451171875 -0.215362548828125 0.112716674804687
0.35565185546875 0.263092041015625 -0.187026977539062 -0.0526275634765625
0.0106201171875 0.530364990234375 -0.0729217529296875 -0.157424926757812
-0.249603271484375 0.53985595703125 0.0510673522949219 -0.0383567810058593
-0.490692138671875 0.40399169921875 -0.00305366516113284 0.0321159362792969
-0.300384521484375 0.36773681640625 -0.459686279296875 0.279693603515625
-0.10418701171875 0.41766357421875 -0.16943359375 0.322540283203125
0.1112060546875 0.37530517578125 9.91821289062599E-05 0.119636535644531
0.28955078125 0.178253173828125 -0.081268310546875 0.0378036499023438
0.29302978515625 0.007171630859375 -0.14630126953125 0.111923217773438
0.243896484375 -0.188507080078125 -0.123504638671875 0.188980102539063
0.167190551757813 -0.244888305664063 -0.07623291015625 0.2823486328125
0.172958374023438 -0.219635009765625 -0.070892333984375 0.299285888671875
0.191619873046875 -0.250640869140625 -0.089019775390625 0.305328369140625
0.245407104492187 -0.1448974609375 -0.203262329101563 0.2403564453125
0.29754638671875 0.03033447265625 -0.25799560546875 0.135910034179687
0.213912963867187 0.198959350585938 -0.209945678710938 -0.0376434326171875
-0.0267333984375 0.350860595703125 -0.0756149291992187 -0.109764099121094
-0.18896484375 0.35675048828125 -0.00605010986328126 0.0732345581054688
-0.35968017578125 0.2899169921875 -0.172897338867188 0.148300170898438
-0.112716674804688 0.2197265625 -0.5638427734375 0.3759765625
-0.0218963623046875 0.229888916015625 -0.221588134765625 0.396453857421875
0.078826904296875 0.158035278320313 -0.006195068359375 0.142440795898438
0.136283874511719 0.0584259033203125 -0.101020812988281 0.053680419921875
0.120033264160156 -0.0002288818359375 -0.170150756835938 0.115127563476562
0.113029479980469 -0.0757904052734375 -0.163864135742188 0.2332763671875
0.0949249267578125 -0.0940017700195313 -0.105377197265625 0.353363037109375
0.0998153686523437 -0.087890625 -0.087005615234375 0.362548828125
0.117767333984375 -0.0980453491210938 -0.1248779296875 0.364166259765625
0.128318786621094 -0.0337371826171875 -0.233993530273438 0.272705078125
0.12518310546875 0.0557174682617188 -0.271209716796875 0.129806518554688
0.0557403564453125 0.106674194335938 -0.210418701171875 -0.0355987548828125
-0.0487594604492187 0.133193969726563 -0.0684814453125 -0.0770034790039062
-0.093414306640625 0.135017395019531 -0.0500717163085938 0.139022827148438
-0.173538208007813 0.141250610351562 -0.29193115234375 0.224517822265625
-0.0877151489257813 0.00646209716796876 0.26385498046875 -0.353790283203125
-0.0231704711914063 0.0685806274414063 0.0559844970703125 -0.206100463867187
0.0527763366699219 0.0700263977050781 0.0304679870605469 0.0623512268066406
0.076751708984375 0.00826263427734375 0.20416259765625 0.04168701171875
0.0654754638671875 -0.0517730712890625 0.257659912109375 -0.09832763671875
-0.00350189208984375 -0.0821151733398438 0.203643798828125 -0.295623779296875
-0.0424346923828125 -0.0807113647460937 0.08416748046875 -0.42041015625
-0.0271568298339844 -0.0562057495117188 0.04229736328125 -0.3909912109375
-0.0302314758300781 -0.0598182678222656 0.0811767578125 -0.36163330078125
0.0158462524414063 -0.0540046691894531 0.150100708007813 -0.273544311523438
0.0533447265625 -0.0185012817382812 0.135528564453125 -0.150543212890625
0.0397529602050781 0.0451889038085938 0.081787109375 -0.1024169921875
-0.032012939453125 0.0568733215332031 0.0421142578125 -0.211776733398438
-0.0685844421386719 0.0203018188476562 0.190216064453125 -0.454864501953125
-0.0405120849609375 -0.0528984069824219 0.61962890625 -0.44927978515625
-0.269775390625 0.19171142578125 0.24639892578125 -0.321746826171875
-0.105072021484375 0.256484985351563 0.0659027099609375 -0.184356689453125
0.070343017578125 0.2740478515625 0.0220603942871094 0.0555267333984375
0.20904541015625 0.121063232421875 0.174728393554688 0.0420684814453125
0.224395751953125 -0.0388946533203125 0.226547241210938 -0.057342529296875
0.125564575195313 -0.193466186523438 0.199813842773438 -0.253677368164063
0.0355377197265625 -0.237869262695312 0.09442138671875 -0.370086669921875
0.053375244140625 -0.203399658203125 0.04522705078125 -0.337127685546875
0.053863525390625 -0.231338500976563 0.086029052734375 -0.3126220703125
0.1453857421875 -0.176315307617188 0.123779296875 -0.232177734375
0.235931396484375 -0.04656982421875 0.0930328369140625 -0.117469787597656
0.203338623046875 0.137405395507813 0.0475845336914063 -0.108161926269531
-0.000442504882812476 0.280227661132813 0.02899169921875 -0.236709594726563
-0.148361206054688 0.259780883789063 0.20867919921875 -0.45037841796875
-0.233810424804687 0.140350341796875 0.62860107421875 -0.37664794921875
-0.435150146484375 0.310089111328125 0.177078247070312 -0.2288818359375
-0.199432373046875 0.40057373046875 0.056304931640625 -0.11651611328125
0.089813232421875 0.44818115234375 0.0208702087402344 0.0572891235351563
0.326141357421875 0.21673583984375 0.139633178710938 0.0356826782226563
0.359527587890625 -0.0224609375 0.174270629882813 -0.0211029052734375
0.241683959960938 -0.27838134765625 0.166915893554688 -0.1881103515625
0.111907958984375 -0.357086181640625 0.07989501953125 -0.274581909179688
0.1259765625 -0.317626953125 0.0331573486328125 -0.23590087890625
0.12762451171875 -0.367462158203125 0.068756103515625 -0.21502685546875
0.252197265625 -0.27618408203125 0.068267822265625 -0.154983520507813
0.390380859375 -0.06683349609375 0.0234489440917969 -0.0676307678222656
0.345703125 0.21160888671875 -0.00894165039062497 -0.108894348144531
0.035308837890625 0.47418212890625 -0.00740051269531251 -0.252838134765625
-0.19818115234375 0.4794921875 0.185943603515625 -0.415191650390625
-0.392608642578125 0.325653076171875 0.5103759765625 -0.3773193359375
-0.504974365234375 0.43829345703125 0.0310821533203125 -0.12701416015625
-0.223297119140625 0.5281982421875 0.0119590759277344 -0.0241241455078125
0.09375 0.57073974609375 0.0189666748046875 0.0668449401855469
0.39990234375 0.29925537109375 0.0904464721679688 0.0311431884765625
0.449371337890625 0.01190185546875 0.0969161987304688 0.0223312377929688
0.33740234375 -0.3067626953125 0.110099792480469 -0.0938491821289063
0.190338134765625 -0.4136962890625 0.0623245239257813 -0.135360717773438
0.2047119140625 -0.36407470703125 0.0220870971679688 -0.0953750610351563
0.214630126953125 -0.42388916015625 0.049163818359375 -0.0764846801757813
0.342254638671875 -0.29974365234375 0.00363922119140627 -0.0463905334472656
0.487335205078125 -0.045654296875 -0.0581436157226562 -0.00446319580078126
0.42230224609375 0.28009033203125 -0.0710983276367187 -0.0985488891601562
0.0340576171875 0.59954833984375 -0.0234375 -0.241424560546875
-0.2672119140625 0.600830078125 0.1690673828125 -0.306793212890625
-0.51593017578125 0.4110107421875 0.37469482421875 -0.239898681640625
-0.52203369140625 0.47149658203125 -0.1361083984375 0.00403594970703131
-0.22216796875 0.5765380859375 -0.0428924560546875 0.0927505493164063
0.1199951171875 0.6087646484375 0.0175552368164063 0.081207275390625
0.43572998046875 0.3138427734375 0.0317916870117188 0.0241146087646485
0.477264404296875 0.016510009765625 0.00681686401367191 0.0566864013671875
0.36492919921875 -0.31475830078125 0.0284767150878906 0.00482559204101561
0.217864990234375 -0.41790771484375 0.0148181915283203 0.0141849517822265
0.229705810546875 -0.369476318359375 -0.0107269287109375 0.05169677734375
0.24090576171875 -0.42926025390625 0.00436782836914064 0.0668411254882812
0.36199951171875 -0.296173095703125 -0.0755538940429687 0.0658950805664062
0.506500244140625 -0.03265380859375 -0.143722534179687 0.0608062744140625
0.435272216796875 0.29217529296875 -0.137107849121094 -0.076080322265625
0.0369873046875 0.6251220703125 -0.053131103515625 -0.206939697265625
-0.274658203125 0.630126953125 0.114288330078125 -0.175262451171875
-0.55023193359375 0.4461669921875 0.18963623046875 -0.10406494140625
-0.44805908203125 0.454742431640625 -0.30596923828125 0.146026611328125
-0.175537109375 0.54266357421875 -0.103225708007813 0.214523315429688
0.131378173828125 0.5428466796875 0.0106048583984375 0.0988922119140625
0.4013671875 0.26898193359375 -0.0303668975830078 0.02685546875
0.42413330078125 0.011627197265625 -0.080078125 0.0904083251953125
0.332122802734375 -0.275848388671875 -0.0547561645507812 0.103752136230469
0.20733642578125 -0.36224365234375 -0.0340576171875 0.160293579101562
0.21832275390625 -0.320526123046875 -0.04327392578125 0.190811157226563
0.2325439453125 -0.3692626953125 -0.04437255859375 0.200347900390625
0.326171875 -0.2412109375 -0.147567749023438 0.1688232421875
0.435150146484375 -0.007843017578125 -0.21240234375 0.112701416015625
0.3560791015625 0.26312255859375 -0.185562133789062 -0.051727294921875
0.0111083984375 0.532745361328125 -0.0712738037109375 -0.156036376953125
-0.249053955078125 0.54010009765625 0.0542182922363281 -0.0377044677734375
-0.496063232421875 0.403106689453125 -0.00314712524414066 0.0352439880371094
-0.30792236328125 0.36737060546875 -0.456085205078125 0.277069091796875
-0.106170654296875 0.419158935546875 -0.165435791015625 0.32122802734375
0.11383056640625 0.381378173828125 -0.000389099121093742 0.119194030761719
0.290771484375 0.177001953125 -0.0797805786132812 0.0382232666015625
0.296051025390625 0.005828857421875 -0.142654418945313 0.11236572265625
0.242477416992187 -0.19110107421875 -0.122406005859375 0.18475341796875
0.163909912109375 -0.248565673828125 -0.0753326416015625 0.27984619140625
0.172454833984375 -0.223007202148438 -0.06988525390625 0.29998779296875
0.18792724609375 -0.253738403320313 -0.089324951171875 0.3038330078125
0.243118286132813 -0.14764404296875 -0.201004028320313 0.239532470703125
0.297393798828125 0.027587890625 -0.253982543945313 0.136001586914062
0.214492797851563 0.199127197265625 -0.208282470703125 -0.036407470703125
-0.0267333984375 0.353515625 -0.0747451782226563 -0.108200073242187
-0.18829345703125 0.357635498046875 -0.00312805175781251 0.0754318237304688
-0.365692138671875 0.292083740234375 -0.172164916992188 0.151229858398438
-0.118896484375 0.218536376953125 -0.561309814453125 0.377044677734375
-0.0234832763671875 0.232940673828125 -0.218597412109375 0.398223876953125
0.0799407958984375 0.163421630859375 -0.00708007812500001 0.142120361328125
0.136886596679688 0.0591278076171875 -0.100082397460937 0.0542449951171875
0.122543334960938 -0.0001220703125 -0.167495727539063 0.114654541015625
0.113822937011719 -0.0774307250976563 -0.163070678710937 0.230941772460938
0.0942916870117188 -0.0966339111328125 -0.104400634765625 0.353485107421875
0.100242614746094 -0.0911483764648438 -0.086761474609375 0.36407470703125
0.116622924804688 -0.100540161132813 -0.124664306640625 0.362274169921875
0.127510070800781 -0.0365447998046875 -0.232131958007813 0.271072387695312
0.12652587890625 0.0538101196289062 -0.267288208007812 0.13018798828125
0.0572662353515625 0.106605529785156 -0.208602905273438 -0.034393310546875
-0.0491104125976563 0.135261535644531 -0.06842041015625 -0.0747528076171875
-0.09417724609375 0.137054443359375 -0.048004150390625 0.142333984375
-0.177230834960938 0.142471313476562 -0.290435791015625 0.22747802734375
-0.0867156982421875 0.00661468505859375 0.267486572265625 -0.36920166015625
-0.0240020751953125 0.0655326843261719 0.0526885986328125 -0.217880249023438
0.0520668029785156 0.0692520141601563 0.0316581726074219 0.0613327026367188
0.0767745971679688 0.0076904296875 0.207901000976562 0.0381927490234375
0.0656814575195313 -0.0533866882324219 0.2613525390625 -0.102325439453125
-0.006622314453125 -0.0827178955078125 0.2054443359375 -0.30145263671875
-0.0453033447265625 -0.0789794921875 0.07867431640625 -0.429840087890625
-0.0287513732910156 -0.0551490783691406 0.040985107421875 -0.4000244140625
-0.0322151184082031 -0.058502197265625 0.08160400390625 -0.372894287109375
0.0140533447265625 -0.0532112121582031 0.152542114257813 -0.280181884765625
0.0515251159667969 -0.0207176208496094 0.1370849609375 -0.154876708984375
0.0403366088867188 0.0449333190917969 0.082550048828125 -0.10498046875
-0.0297508239746094 0.0568161010742188 0.040496826171875 -0.218505859375
-0.0661849975585938 0.0198478698730469 0.1868896484375 -0.470458984375
-0.0393753051757812 -0.0550384521484375 0.63043212890625 -0.46356201171875
-0.273361206054688 0.198287963867187 0.24981689453125 -0.337615966796875
-0.108474731445312 0.258148193359375 0.064727783203125 -0.198379516601562
0.0725860595703125 0.278594970703125 0.0233840942382812 0.0541419982910156
0.213668823242188 0.120468139648438 0.178253173828125 0.0394287109375
0.228912353515625 -0.0424346923828125 0.231414794921875 -0.060028076171875
0.123138427734375 -0.197555541992188 0.20086669921875 -0.261215209960938
0.031036376953125 -0.242431640625 0.090362548828125 -0.380828857421875
0.052703857421875 -0.207473754882813 0.042999267578125 -0.345977783203125
0.04998779296875 -0.235595703125 0.086090087890625 -0.32354736328125
0.144775390625 -0.181106567382813 0.125946044921875 -0.237747192382812
0.237960815429687 -0.05181884765625 0.0939559936523438 -0.119987487792969
0.209609985351563 0.137863159179688 0.0474700927734375 -0.110870361328125
0.005279541015625 0.287109375 0.0271759033203125 -0.2435302734375
-0.144927978515625 0.266036987304687 0.2083740234375 -0.4656982421875
-0.23779296875 0.146026611328125 0.63958740234375 -0.3916015625
-0.444915771484375 0.32061767578125 0.181167602539063 -0.242095947265625
-0.2042236328125 0.40667724609375 0.05804443359375 -0.12890625
0.09515380859375 0.45831298828125 0.0217018127441406 0.0556449890136719
0.334381103515625 0.21795654296875 0.142852783203125 0.0328521728515625
0.368743896484375 -0.027099609375 0.179107666015625 -0.0224151611328125
0.239501953125 -0.286163330078125 0.166641235351563 -0.196640014648438
0.107208251953125 -0.366973876953125 0.075653076171875 -0.284271240234375
0.124298095703125 -0.32781982421875 0.0310821533203125 -0.241500854492188
0.122283935546875 -0.3773193359375 0.0689239501953125 -0.223342895507813
0.251068115234375 -0.28411865234375 0.070037841796875 -0.158767700195313
0.39630126953125 -0.07623291015625 0.0244522094726563 -0.06903076171875
0.356109619140625 0.2132568359375 -0.00990295410156248 -0.110649108886719
0.044464111328125 0.48736572265625 -0.00804138183593751 -0.259262084960937
-0.19482421875 0.492706298828125 0.18719482421875 -0.4273681640625
-0.401702880859375 0.337158203125 0.52166748046875 -0.3892822265625
-0.518707275390625 0.453216552734375 0.0330657958984375 -0.137138366699219
-0.227508544921875 0.53729248046875 0.0141735076904297 -0.0331172943115234
0.1038818359375 0.58660888671875 0.0202522277832031 0.0661849975585938
0.410064697265625 0.30133056640625 0.0933380126953125 0.0292739868164063
0.4617919921875 0.008697509765625 0.101806640625 0.02203369140625
0.337799072265625 -0.31805419921875 0.110710144042969 -0.101036071777344
0.18646240234375 -0.4266357421875 0.0601043701171875 -0.142333984375
0.204986572265625 -0.3770751953125 0.0221099853515625 -0.0972671508789063
0.210052490234375 -0.4368896484375 0.0490188598632813 -0.0812149047851563
0.34307861328125 -0.311248779296875 0.00444412231445314 -0.0472984313964844
0.4967041015625 -0.054168701171875 -0.058349609375 -0.00363540649414063
0.4356689453125 0.284332275390625 -0.0733642578125 -0.0996170043945313
0.04437255859375 0.61724853515625 -0.02496337890625 -0.246902465820313
-0.264892578125 0.61669921875 0.171295166015625 -0.316131591796875
-0.530181884765625 0.426513671875 0.383148193359375 -0.24639892578125
-0.536224365234375 0.48553466796875 -0.136337280273438 -0.000297546386718717
-0.2259521484375 0.59124755859375 -0.0400161743164063 0.0880279541015626
0.13043212890625 0.6259765625 0.0185699462890625 0.0819168090820313
0.448944091796875 0.31500244140625 0.0340633392333985 0.0240554809570313
0.49267578125 0.01275634765625 0.0115089416503907 0.0575447082519531
0.36724853515625 -0.326812744140625 0.0275382995605469 -0.00093078613281252
0.2144775390625 -0.43280029296875 0.0136795043945313 0.01043701171875
0.230712890625 -0.384063720703125 -0.0103607177734375 0.0534820556640625
0.23809814453125 -0.4439697265625 0.00484848022460939 0.0665740966796875
0.3636474609375 -0.308502197265625 -0.075531005859375 0.0686416625976562
0.516693115234375 -0.041290283203125 -0.144760131835938 0.0643768310546875
0.4476318359375 0.296142578125 -0.140037536621094 -0.0761795043945313
0.04638671875 0.64324951171875 -0.054779052734375 -0.210769653320312
-0.274169921875 0.6483154296875 0.118637084960937 -0.180816650390625
-0.56353759765625 0.46246337890625 0.193954467773437 -0.104873657226562
-0.463653564453125 0.469024658203125 -0.309417724609375 0.1480712890625
-0.178497314453125 0.558837890625 -0.10009765625 0.216033935546875
0.142791748046875 0.558563232421875 0.011444091796875 0.101280212402344
0.415435791015625 0.270843505859375 -0.0292911529541015 0.0275917053222656
0.438079833984375 0.00714111328125 -0.0771026611328125 0.0924301147460937
0.334930419921875 -0.28851318359375 -0.0557479858398437 0.101905822753906
0.204498291015625 -0.3759765625 -0.0338897705078125 0.161422729492187
0.22003173828125 -0.334442138671875 -0.0418701171875 0.195938110351562
0.23004150390625 -0.38232421875 -0.0441131591796875 0.203964233398437
0.32794189453125 -0.252838134765625 -0.148162841796875 0.173492431640625
0.445465087890625 -0.01422119140625 -0.2137451171875 0.116928100585938
0.368438720703125 0.26702880859375 -0.188888549804687 -0.0502777099609374
0.017578125 0.549591064453125 -0.0730438232421875 -0.157821655273437
-0.24847412109375 0.556793212890625 0.0582809448242187 -0.0382575988769531
-0.51019287109375 0.416748046875 -0.00207901000976565 0.0387802124023438
-0.320587158203125 0.378387451171875 -0.46160888671875 0.28466796875
-0.107940673828125 0.432403564453125 -0.16259765625 0.32965087890625
0.122711181640625 0.395355224609375 0.000732421875000005 0.122459411621094
0.301055908203125 0.178466796875 -0.0800018310546875 0.0404205322265625
0.30706787109375 0.0029296875 -0.14111328125 0.115737915039063
0.245956420898437 -0.201156616210937 -0.1236572265625 0.185958862304688
0.164138793945312 -0.260223388671875 -0.074371337890625 0.285858154296875
0.174468994140625 -0.233993530273437 -0.06787109375 0.3087158203125
0.186737060546875 -0.263381958007813 -0.0892333984374999 0.31024169921875
0.245773315429688 -0.155624389648438 -0.20263671875 0.246200561523438
0.3050537109375 0.02288818359375 -0.256301879882813 0.140762329101562
0.22308349609375 0.202651977539062 -0.2120361328125 -0.03466796875
-0.024932861328125 0.36474609375 -0.0763931274414063 -0.108688354492187
-0.1893310546875 0.369049072265625 0.00086212158203124 0.0792999267578125
-0.37689208984375 0.303619384765625 -0.174331665039063 0.15936279296875
-0.126327514648438 0.225128173828125 -0.5684814453125 0.38922119140625
-0.0237274169921875 0.24169921875 -0.217681884765625 0.410675048828125
0.0851287841796875 0.171524047851563 -0.00624084472656249 0.14752197265625
0.142227172851562 0.059967041015625 -0.100830078125 0.0576248168945313
0.128326416015625 -0.0015411376953125 -0.167831420898437 0.117889404296875
0.117950439453125 -0.0818710327148437 -0.164306640625 0.23504638671875
0.0957717895507812 -0.10272216796875 -0.102142333984375 0.360992431640625
0.101806640625 -0.0979461669921875 -0.0841064453125 0.374908447265625
0.117149353027344 -0.106620788574219 -0.123565673828125 0.3697509765625
0.129493713378906 -0.0407791137695313 -0.233718872070313 0.278076171875
0.132041931152344 0.0522613525390625 -0.268798828125 0.134918212890625
0.0614242553710937 0.110008239746094 -0.212631225585937 -0.032073974609375
-0.050048828125 0.140525817871094 -0.0702590942382812 -0.074615478515625
-0.0971832275390625 0.143157958984375 -0.0450439453125 0.149642944335938
-0.184127807617187 0.149856567382813 -0.29595947265625 0.2388916015625
-0.08599853515625 0.00963592529296875 0.262603759765625 -0.393341064453125
-0.0245895385742188 0.0644874572753906 0.0431365966796875 -0.231796264648438
0.0535125732421875 0.0688362121582031 0.0345191955566406 0.0603713989257813
0.078155517578125 0.005767822265625 0.214111328125 0.0307159423828125
0.0660324096679688 -0.0583915710449219 0.266067504882813 -0.11273193359375
-0.011627197265625 -0.0828018188476563 0.202484130859375 -0.316314697265625
-0.0504150390625 -0.0769271850585938 0.065460205078125 -0.44573974609375
-0.0310935974121094 -0.05389404296875 0.02734375 -0.416656494140625
-0.0361366271972656 -0.0567741394042969 0.0731201171875 -0.390289306640625
0.01214599609375 -0.0536537170410156 0.149627685546875 -0.29437255859375
0.0496101379394531 -0.0231285095214844 0.136138916015625 -0.162933349609375
0.0417938232421875 0.0436897277832031 0.0810699462890625 -0.111328125
-0.0262565612792969 0.0579605102539063 0.032928466796875 -0.228057861328125
-0.0635910034179688 0.0215911865234375 0.173614501953125 -0.495208740234375
-0.04083251953125 -0.0561561584472656 0.63592529296875 -0.49920654296875
-0.2747802734375 0.214523315429687 0.24798583984375 -0.36126708984375
-0.105392456054688 0.26617431640625 0.05670166015625 -0.214691162109375
0.0826416015625 0.284393310546875 0.0255012512207031 0.0526771545410156
0.22222900390625 0.11688232421875 0.18389892578125 0.0330657958984375
0.2353515625 -0.052093505859375 0.238113403320313 -0.0685272216796875
0.117538452148438 -0.207366943359375 0.197433471679687 -0.276336669921875
0.020263671875 -0.249481201171875 0.0777587890625 -0.397003173828125
0.047119140625 -0.215606689453125 0.032562255859375 -0.360321044921875
0.0399017333984375 -0.243392944335938 0.07794189453125 -0.339569091796875
0.141342163085937 -0.190994262695312 0.123748779296875 -0.24884033203125
0.241165161132813 -0.0631561279296875 0.0938034057617188 -0.1259765625
0.220565795898438 0.134689331054688 0.04620361328125 -0.116401672363281
0.01837158203125 0.296600341796875 0.0201873779296875 -0.253875732421875
-0.135604858398438 0.27960205078125 0.197174072265625 -0.48974609375
-0.241500854492188 0.158966064453125 0.650634765625 -0.42315673828125
-0.45068359375 0.3472900390625 0.180633544921875 -0.261184692382813
-0.200958251953125 0.422760009765625 0.0546722412109375 -0.144149780273437
0.11383056640625 0.472137451171875 0.0240020751953125 0.0551033020019532
0.351287841796875 0.2127685546875 0.147964477539063 0.0275421142578125
0.381805419921875 -0.041259765625 0.186920166015625 -0.029449462890625
0.233917236328125 -0.303741455078125 0.16375732421875 -0.210418701171875
0.09356689453125 -0.38250732421875 0.06610107421875 -0.29803466796875
0.11578369140625 -0.34393310546875 0.02435302734375 -0.250335693359375
0.108551025390625 -0.393463134765625 0.0641326904296875 -0.236373901367188
0.247344970703125 -0.301605224609375 0.0681304931640625 -0.165969848632813
0.40362548828125 -0.093292236328125 0.0240097045898438 -0.0704345703125
0.376922607421875 0.20782470703125 -0.012542724609375 -0.114051818847656
0.066314697265625 0.503753662109375 -0.0160369873046875 -0.268280029296875
-0.180023193359375 0.513763427734375 0.180389404296875 -0.451751708984375
-0.406982421875 0.3623046875 0.526702880859375 -0.416534423828125
-0.527099609375 0.487060546875 0.0323944091796875 -0.148330688476563
-0.2230224609375 0.560882568359375 0.0145034790039062 -0.0437660217285156
0.12890625 0.60455322265625 0.023223876953125 0.0672340393066407
0.433807373046875 0.2947998046875 0.0986557006835938 0.0254974365234375
0.4805908203125 -0.009185791015625 0.110420227050781 0.0188522338867188
0.334075927734375 -0.341461181640625 0.108390808105469 -0.112312316894531
0.172210693359375 -0.448089599609375 0.0540771484375 -0.151763916015625
0.198028564453125 -0.399658203125 0.0202178955078125 -0.101226806640625
0.19635009765625 -0.459014892578125 0.0482254028320313 -0.0886306762695313
0.340423583984375 -0.334564208984375 0.00457000732421877 -0.0489578247070313
0.508270263671875 -0.076416015625 -0.0585670471191406 -0.00057220458984375
0.46142578125 0.27984619140625 -0.07763671875 -0.0999984741210938
0.0689697265625 0.64044189453125 -0.031402587890625 -0.254623413085937
-0.2496337890625 0.64581298828125 0.16973876953125 -0.333831787109375
-0.538848876953125 0.458984375 0.38909912109375 -0.2652587890625
-0.5458984375 0.52471923828125 -0.138572692871094 -0.00104522705078124
-0.218505859375 0.617431640625 -0.036529541015625 0.0843124389648438
0.159912109375 0.6480712890625 0.0221481323242188 0.0841674804687501
0.47576904296875 0.309234619140625 0.037750244140625 0.02313232421875
0.51336669921875 -0.00567626953125 0.0178565979003906 0.0589714050292969
0.36517333984375 -0.353240966796875 0.0256881713867188 -0.00753593444824221
0.200439453125 -0.457611083984375 0.0120229721069336 0.00746726989746091
0.224456787109375 -0.408721923828125 -0.00812149047851561 0.0566787719726562
0.224273681640625 -0.468597412109375 0.00707244873046876 0.066253662109375
0.36212158203125 -0.332550048828125 -0.0748367309570312 0.0729293823242187
0.529754638671875 -0.0621337890625 -0.145004272460937 0.0714111328125
0.476837158203125 0.2919921875 -0.145217895507812 -0.073272705078125
0.0706176757812501 0.66790771484375 -0.060302734375 -0.215728759765625
-0.25909423828125 0.6787109375 0.119964599609375 -0.191207885742188
-0.5738525390625 0.497802734375 0.198196411132812 -0.112136840820312
-0.471649169921875 0.50274658203125 -0.312103271484375 0.15887451171875
-0.170166015625 0.58453369140625 -0.0936737060546875 0.221206665039063
0.17120361328125 0.57891845703125 0.0158233642578125 0.105125427246094
0.4393310546875 0.263885498046875 -0.02728271484375 0.02996826171875
0.458221435546875 -0.009002685546875 -0.0715789794921875 0.0975189208984375
0.33343505859375 -0.312103271484375 -0.0567398071289062 0.101211547851562
0.194854736328125 -0.398956298828125 -0.031890869140625 0.165542602539062
0.214141845703125 -0.358062744140625 -0.03570556640625 0.204788208007812
0.219451904296875 -0.404815673828125 -0.0394134521484375 0.21063232421875
0.326751708984375 -0.27252197265625 -0.14654541015625 0.183334350585937
0.458892822265625 -0.032379150390625 -0.214584350585937 0.127944946289062
0.391204833984375 0.265411376953125 -0.195587158203125 -0.044708251953125
0.0366210937499999 0.572509765625 -0.0785675048828125 -0.160171508789062
-0.23779296875 0.58251953125 0.0633544921875 -0.0401420593261719
-0.518890380859375 0.449798583984375 0.000331878662109346 0.0435676574707032
-0.326690673828125 0.403656005859375 -0.465728759765625 0.305267333984375
-0.100311279296875 0.4525146484375 -0.15374755859375 0.342742919921875
0.14434814453125 0.409393310546875 0.00508117675781252 0.128715515136719
0.319793701171875 0.17425537109375 -0.0787887573242187 0.0461807250976563
0.32159423828125 -0.008392333984375 -0.138679504394531 0.12261962890625
0.246719360351562 -0.219467163085938 -0.123550415039062 0.19122314453125
0.157913208007813 -0.278182983398438 -0.06781005859375 0.295928955078125
0.171142578125 -0.251708984375 -0.058929443359375 0.322113037109375
0.180877685546875 -0.281585693359375 -0.081787109375 0.323883056640625
0.2452392578125 -0.17022705078125 -0.200241088867187 0.260040283203125
0.31671142578125 0.011260986328125 -0.256912231445313 0.153411865234375
0.238784790039063 0.203445434570312 -0.2191162109375 -0.0280609130859375
-0.012908935546875 0.380950927734375 -0.0800399780273437 -0.108108520507812
-0.183258056640625 0.388275146484375 0.00803375244140623 0.08404541015625
-0.384735107421875 0.327789306640625 -0.173843383789063 0.174072265625
-0.129623413085937 0.236907958984375 -0.57427978515625 0.4189453125
-0.017852783203125 0.253265380859375 -0.207183837890625 0.431976318359375
0.0957183837890625 0.178726196289063 -0.00134277343749998 0.15521240234375
0.15081787109375 0.0586395263671875 -0.100540161132813 0.0649948120117187
0.135124206542969 -0.0061798095703125 -0.167831420898437 0.126220703125
0.119743347167969 -0.0909576416015625 -0.163742065429687 0.243865966796875
0.0941314697265625 -0.112640380859375 -0.092987060546875 0.375823974609375
0.101325988769531 -0.107620239257813 -0.07470703125 0.3914794921875
0.116264343261719 -0.116752624511719 -0.11602783203125 0.387603759765625
0.13165283203125 -0.048583984375 -0.23150634765625 0.294342041015625
0.140167236328125 0.0476455688476563 -0.270599365234375 0.147048950195313
0.069122314453125 0.111846923828125 -0.219085693359375 -0.0258178710937499
-0.0472564697265625 0.150360107421875 -0.0738677978515625 -0.0723724365234375
-0.09600830078125 0.153579711914063 -0.0374908447265625 0.158355712890625
-0.188385009765625 0.16302490234375 -0.296478271484375 0.26031494140625
-0.0833282470703125 0.014068603515625 0.245452880859375 -0.42010498046875
-0.0227813720703125 0.0639724731445312 0.0255126953125 -0.242843627929688
0.0555992126464844 0.0660400390625 0.0377845764160156 0.0573768615722656
0.07891845703125 0.001800537109375 0.217880249023437 0.0167694091796875
0.0620918273925781 -0.0648536682128906 0.264053344726563 -0.130355834960938
-0.01812744140625 -0.081939697265625 0.188140869140625 -0.33343505859375
-0.05645751953125 -0.07232666015625 0.038330078125 -0.45843505859375
-0.0348663330078125 -0.0506210327148438 0.00311279296875004 -0.426513671875
-0.0412330627441406 -0.0538139343261719 0.051727294921875 -0.4049072265625
0.00912857055664062 -0.0545310974121094 0.13690185546875 -0.3094482421875
0.0461502075195313 -0.0270004272460937 0.129501342773437 -0.173049926757812
0.0435371398925781 0.0413932800292969 0.0764389038085938 -0.118049621582031
-0.0216102600097656 0.0581474304199219 0.01861572265625 -0.235260009765625
-0.05987548828125 0.0237197875976562 0.14349365234375 -0.51568603515625
-0.0431785583496094 -0.0556602478027344 0.6192626953125 -0.546875
-0.266220092773438 0.235992431640625 0.2318115234375 -0.38720703125
-0.0949249267578125 0.27459716796875 0.041473388671875 -0.228546142578125
0.10009765625 0.285430908203125 0.0281524658203125 0.0499191284179688
0.232009887695312 0.105789184570313 0.187835693359375 0.0201873779296875
0.237030029296875 -0.068359375 0.239608764648438 -0.084625244140625
0.1043701171875 -0.216949462890625 0.184173583984375 -0.29345703125
0.00321960449218752 -0.252853393554688 0.051971435546875 -0.410003662109375
0.0340423583984375 -0.221969604492188 0.012298583984375 -0.369384765625
0.0241546630859375 -0.24920654296875 0.06005859375 -0.35369873046875
0.1304931640625 -0.201828002929688 0.113021850585938 -0.261566162109375
0.239242553710937 -0.079833984375 0.088836669921875 -0.1329345703125
0.233184814453125 0.12396240234375 0.0405426025390625 -0.121726989746094
0.039825439453125 0.3004150390625 0.00462341308593751 -0.260986328125
-0.117156982421875 0.290679931640625 0.169525146484375 -0.513458251953125
-0.23785400390625 0.177932739257812 0.63897705078125 -0.46942138671875
-0.440521240234375 0.38287353515625 0.17083740234375 -0.28173828125
-0.184967041015625 0.440948486328125 0.0462646484375 -0.158599853515625
0.144195556640625 0.475341796875 0.0268669128417969 0.0533790588378907
0.369110107421875 0.195953369140625 0.15301513671875 0.01666259765625
0.38787841796875 -0.0667724609375 0.190994262695313 -0.041748046875
0.216827392578125 -0.32275390625 0.150955200195313 -0.226516723632813
0.06756591796875 -0.39495849609375 0.045684814453125 -0.30926513671875
0.096435546875 -0.357666015625 0.0101776123046875 -0.25732421875
0.08270263671875 -0.40625 0.0513763427734375 -0.248306274414063
0.230865478515625 -0.322357177734375 0.06170654296875 -0.173965454101563
0.404052734375 -0.12152099609375 0.0213775634765625 -0.0720901489257813
0.398956298828125 0.190948486328125 -0.0185546875 -0.115875244140625
0.10284423828125 0.512481689453125 -0.0312652587890625 -0.274765014648437
-0.148223876953125 0.531982421875 0.156280517578125 -0.4720458984375
-0.396881103515625 0.395111083984375 0.514984130859375 -0.452911376953125
-0.513275146484375 0.53033447265625 0.026641845703125 -0.157943725585937
-0.19940185546875 0.586181640625 0.0120506286621094 -0.0545387268066406
0.1680908203125 0.610595703125 0.0276451110839844 0.0661888122558594
0.458953857421875 0.274658203125 0.10284423828125 0.0193862915039063
0.492919921875 -0.039520263671875 0.117027282714844 0.0116348266601563
0.315887451171875 -0.368804931640625 0.0999374389648438 -0.124908447265625
0.14288330078125 -0.468109130859375 0.0423431396484375 -0.16015625
0.17535400390625 -0.42095947265625 0.0142669677734375 -0.104255676269531
0.16766357421875 -0.480194091796875 0.0439071655273438 -0.096160888671875
0.323272705078125 -0.360809326171875 0.00336456298828127 -0.0499992370605469
0.51202392578125 -0.10931396484375 -0.0585403442382812 0.00369644165039062
0.489715576171875 0.2601318359375 -0.0830612182617187 -0.0973968505859375
0.11273193359375 0.65167236328125 -0.0460357666015625 -0.259246826171875
-0.2127685546875 0.6710205078125 0.15423583984375 -0.352386474609375
-0.527008056640625 0.504058837890625 0.3837890625 -0.29034423828125
-0.53326416015625 0.56976318359375 -0.138969421386719 0.00231933593750002
-0.19097900390625 0.64581298828125 -0.0315933227539063 0.0808639526367188
0.20379638671875 0.65447998046875 0.0283432006835938 0.0846862792968751
0.502777099609375 0.286102294921875 0.0418319702148438 0.0209388732910156
0.526458740234375 -0.0399169921875 0.0260162353515625 0.0571479797363281
0.347137451171875 -0.38360595703125 0.0208930969238281 -0.0136795043945313
0.171539306640625 -0.481353759765625 0.00869750976562501 0.00474309921264645
0.201873779296875 -0.432708740234375 -0.00455856323242186 0.0588874816894531
0.19586181640625 -0.491241455078125 0.0100364685058594 0.0647354125976562
0.345062255859375 -0.36083984375 -0.0709609985351562 0.0788955688476562
0.53594970703125 -0.099395751953125 -0.14190673828125 0.0817718505859375
0.506103515625 0.27166748046875 -0.151031494140625 -0.06683349609375
0.115966796875 0.68023681640625 -0.072540283203125 -0.216705322265625
-0.2208251953125 0.7052001953125 0.1141357421875 -0.203567504882812
-0.56317138671875 0.54461669921875 0.197250366210937 -0.123031616210937
-0.460540771484375 0.54510498046875 -0.30755615234375 0.176483154296875
-0.14385986328125 0.6099853515625 -0.0812530517578125 0.22589111328125
0.21197509765625 0.58587646484375 0.0240020751953125 0.107986450195313
0.46478271484375 0.242919921875 -0.0232868194580078 0.0324859619140625
0.470977783203125 -0.038543701171875 -0.0633010864257812 0.101768493652344
0.31866455078125 -0.341033935546875 -0.056793212890625 0.101882934570312
0.169647216796875 -0.42193603515625 -0.025482177734375 0.168411254882812
0.195465087890625 -0.3804931640625 -0.024017333984375 0.212295532226563
0.1953125 -0.426849365234375 -0.028167724609375 0.216262817382812
0.31329345703125 -0.29888916015625 -0.138153076171875 0.194931030273438
0.4659423828125 -0.06268310546875 -0.20916748046875 0.143524169921875
0.416656494140625 0.24951171875 -0.200775146484375 -0.0342559814453125
0.07379150390625 0.58355712890625 -0.0866546630859375 -0.159194946289062
-0.20623779296875 0.60650634765625 0.0667991638183594 -0.0455398559570312
-0.508575439453125 0.493011474609375 0.00398254394531247 0.0474624633789063
-0.31756591796875 0.435150146484375 -0.454620361328125 0.337066650390625
-0.078338623046875 0.4718017578125 -0.1341552734375 0.356536865234375
0.17425537109375 0.415740966796875 0.01483154296875 0.133598327636719
0.3372802734375 0.15924072265625 -0.07464599609375 0.0524978637695312
0.331878662109375 -0.028778076171875 -0.130966186523437 0.131019592285156
0.237548828125 -0.24102783203125 -0.119247436523437 0.197891235351562
0.140625 -0.29705810546875 -0.053680419921875 0.30377197265625
0.157730102539062 -0.269638061523437 -0.04083251953125 0.3328857421875
0.16473388671875 -0.299713134765625 -0.0645751953125 0.33447265625
0.237167358398438 -0.189788818359375 -0.188751220703125 0.276535034179688
0.323638916015625 -0.009857177734375 -0.250869750976563 0.170913696289062
0.257400512695313 0.194290161132813 -0.224411010742188 -0.0155792236328125
0.009918212890625 0.392303466796875 -0.0864181518554687 -0.10528564453125
-0.162994384765625 0.40679931640625 0.017669677734375 0.0852813720703125
-0.37689208984375 0.359649658203125 -0.166427612304688 0.191177368164063
-0.125 0.251724243164063 -0.560455322265625 0.458984375
-0.00430297851562501 0.262557983398438 -0.184478759765625 0.45343017578125
0.110366821289062 0.1815185546875 0.00926208496093752 0.161544799804688
0.158905029296875 0.0520782470703125 -0.0955886840820312 0.07379150390625
0.140312194824219 -0.0145492553710938 -0.162368774414063 0.136550903320312
0.117446899414063 -0.102210998535156 -0.155654907226562 0.255538940429688
0.088348388671875 -0.124176025390625 -0.073333740234375 0.38818359375
0.096221923828125 -0.117599487304688 -0.0513916015625 0.403564453125
0.109886169433594 -0.127876281738281 -0.09478759765625 0.40362548828125
0.129493713378906 -0.0587158203125 -0.21795654296875 0.312652587890625
0.147140502929687 0.03826904296875 -0.2650146484375 0.165481567382813
0.0795974731445313 0.111015319824219 -0.224746704101563 -0.0115814208984375
-0.040191650390625 0.159317016601563 -0.0781402587890625 -0.0678634643554688
-0.088775634765625 0.164031982421875 -0.0237274169921875 0.165573120117188
-0.18646240234375 0.18011474609375 -0.286468505859375 0.2872314453125
-0.078033447265625 0.017242431640625 0.21783447265625 -0.43408203125
-0.0207481384277344 0.0618743896484375 0.00627136230468749 -0.244781494140625
0.0571403503417969 0.0610580444335938 0.0395278930664063 0.0530624389648438
0.0766143798828125 -0.00357818603515625 0.213851928710938 0.001129150390625
0.0557479858398437 -0.0678215026855469 0.25274658203125 -0.14508056640625
-0.0243148803710938 -0.078155517578125 0.166778564453125 -0.34197998046875
-0.0597572326660156 -0.0642967224121094 0.00732421874999997 -0.455810546875
-0.0369606018066406 -0.0460205078125 -0.02349853515625 -0.42425537109375
-0.0448875427246094 -0.0481300354003906 0.025726318359375 -0.407867431640625
0.00531387329101563 -0.0533103942871094 0.118560791015625 -0.31463623046875
0.0416107177734375 -0.0296363830566406 0.117294311523437 -0.179229736328125
0.0445594787597656 0.0379104614257813 0.067596435546875 -0.122039794921875
-0.0162239074707031 0.0557746887207031 0.000915527343749995 -0.2337646484375
-0.0545234680175781 0.0253868103027344 0.1053466796875 -0.519805908203125
-0.0447311401367187 -0.0528984069824219 0.578369140625 -0.579833984375
-0.2467041015625 0.250167846679688 0.207122802734375 -0.401641845703125
-0.0800018310546875 0.275405883789062 0.023101806640625 -0.232681274414063
0.116195678710938 0.276580810546875 0.0294151306152344 0.047882080078125
0.234344482421875 0.0900726318359375 0.185211181640625 0.00602722167968751
0.229690551757813 -0.0842742919921875 0.233184814453125 -0.0987091064453125
0.086517333984375 -0.218673706054688 0.162811279296875 -0.301849365234375
-0.0144195556640625 -0.24822998046875 0.022857666015625 -0.40997314453125
0.0190277099609375 -0.220794677734375 -0.0113525390625 -0.3673095703125
0.00527954101562497 -0.245697021484375 0.037384033203125 -0.35821533203125
0.114013671875 -0.208099365234375 0.0978240966796875 -0.2662353515625
0.228424072265625 -0.09490966796875 0.0804672241210938 -0.135841369628906
0.23931884765625 0.107818603515625 0.0333938598632813 -0.124015808105469
0.06195068359375 0.2935791015625 -0.0124053955078125 -0.259765625
-0.093780517578125 0.292236328125 0.134033203125 -0.51971435546875
-0.2252197265625 0.192489624023438 0.60467529296875 -0.50628662109375
-0.411224365234375 0.409912109375 0.15362548828125 -0.294952392578125
-0.1578369140625 0.446075439453125 0.0318756103515625 -0.1666259765625
0.173980712890625 0.46337890625 0.0295257568359375 0.0515556335449219
0.376434326171875 0.16937255859375 0.152114868164063 0.00582885742187501
0.3814697265625 -0.09417724609375 0.189620971679688 -0.0548248291015625
0.18927001953125 -0.33343505859375 0.133026123046875 -0.235321044921875
0.037628173828125 -0.3939208984375 0.0225830078125 -0.30908203125
0.071258544921875 -0.361663818359375 -0.00529479980468751 -0.255523681640625
0.052734375 -0.406280517578125 0.034881591796875 -0.251235961914063
0.20452880859375 -0.33331298828125 0.05157470703125 -0.175918579101563
0.38873291015625 -0.146759033203125 0.0186767578125 -0.071044921875
0.408660888671875 0.16290283203125 -0.02423095703125 -0.115036010742187
0.137420654296875 0.499664306640625 -0.0476531982421875 -0.271072387695312
-0.11102294921875 0.53363037109375 0.12347412109375 -0.478424072265625
-0.370941162109375 0.4193115234375 0.48284912109375 -0.480224609375
-0.477691650390625 0.562042236328125 0.0180816650390625 -0.16412353515625
-0.16375732421875 0.59222412109375 0.00609588623046874 -0.0621490478515625
0.2066650390625 0.59832763671875 0.0316543579101563 0.0637474060058594
0.471038818359375 0.243316650390625 0.1043701171875 0.0113983154296875
0.487457275390625 -0.07373046875 0.120071411132813 0.00177764892578125
0.28314208984375 -0.387359619140625 0.086761474609375 -0.131584167480469
0.106292724609375 -0.47344970703125 0.0281219482421875 -0.1622314453125
0.14556884765625 -0.42999267578125 0.00801849365234375 -0.103599548339844
0.130767822265625 -0.486297607421875 0.0364303588867188 -0.100830078125
0.29364013671875 -0.37774658203125 0.00065231323242189 -0.0497512817382813
0.497711181640625 -0.144073486328125 -0.0563201904296875 0.00873184204101563
0.504425048828125 0.226837158203125 -0.086669921875 -0.0923538208007812
0.15576171875 0.6397705078125 -0.060028076171875 -0.2552490234375
-0.16522216796875 0.67340087890625 0.132354736328125 -0.359954833984375
-0.494842529296875 0.53607177734375 0.363189697265625 -0.3096923828125
-0.498779296875 0.6026611328125 -0.135124206542969 0.0065383911132813
-0.15350341796875 0.65179443359375 -0.027679443359375 0.0747528076171875
0.2476806640625 0.64013671875 0.0344619750976563 0.0836944580078125
0.517852783203125 0.251373291015625 0.0453414916992188 0.0165252685546875
0.52386474609375 -0.076934814453125 0.033172607421875 0.0521507263183594
0.314697265625 -0.403350830078125 0.0149059295654297 -0.0170974731445313
0.13360595703125 -0.489044189453125 0.00555086135864259 0.00361442565917966
0.170196533203125 -0.444427490234375 -0.000331878662109369 0.0593681335449218
0.157928466796875 -0.50006103515625 0.012939453125 0.0616950988769531
0.3154296875 -0.379119873046875 -0.064971923828125 0.0827255249023437
0.52294921875 -0.133056640625 -0.133743286132812 0.0910491943359375
0.519622802734375 0.2396240234375 -0.152389526367187 -0.056304931640625
0.1593017578125 0.670166015625 -0.0828399658203125 -0.211685180664062
-0.1728515625 0.70916748046875 0.102691650390625 -0.2099609375
-0.52935791015625 0.58050537109375 0.188919067382812 -0.1318359375
-0.42901611328125 0.57562255859375 -0.292633056640625 0.19024658203125
-0.10711669921875 0.61639404296875 -0.0667724609375 0.223114013671875
0.2520751953125 0.57208251953125 0.0319976806640625 0.107818603515625
0.477813720703125 0.211700439453125 -0.0176029205322265 0.0329933166503906
0.46832275390625 -0.071319580078125 -0.0527801513671875 0.102066040039062
0.289642333984375 -0.3602294921875 -0.0558853149414062 0.102294921875
0.135284423828125 -0.430694580078125 -0.017578125 0.1678466796875
0.166961669921875 -0.39166259765625 -0.00979614257812498 0.21246337890625
0.16143798828125 -0.43603515625 -0.0147857666015625 0.215499877929687
0.28759765625 -0.3157958984375 -0.123687744140625 0.2020263671875
0.45574951171875 -0.093048095703125 -0.197021484375 0.155532836914063
0.431610107421875 0.221527099609375 -0.199066162109375 -0.021881103515625
0.1116943359375 0.57550048828125 -0.0936431884765625 -0.153213500976562
-0.16510009765625 0.61151123046875 0.06610107421875 -0.0504989624023437
-0.479766845703125 0.523590087890625 0.00796127319335935 0.04937744140625
-0.292694091796875 0.455780029296875 -0.429351806640625 0.360107421875
-0.050445556640625 0.47698974609375 -0.1094970703125 0.358795166015625
0.203948974609375 0.405426025390625 0.0256500244140625 0.1343994140625
0.346221923828125 0.13720703125 -0.0662345886230469 0.0568809509277344
0.330780029296875 -0.0523681640625 -0.11907958984375 0.136070251464844
0.2174072265625 -0.2559814453125 -0.11065673828125 0.201858520507812
0.116363525390625 -0.305145263671875 -0.03619384765625 0.304901123046875
0.1376953125 -0.280242919921875 -0.0186767578125 0.33380126953125
0.140533447265625 -0.30810546875 -0.0438232421875 0.335662841796875
0.219436645507813 -0.2032470703125 -0.16925048828125 0.28515625
0.320037841796875 -0.031707763671875 -0.236251831054688 0.185165405273437
0.269851684570313 0.1771240234375 -0.221527099609375 -0.000488281250000022
0.035491943359375 0.3919677734375 -0.0898513793945312 -0.0989151000976562
-0.136077880859375 0.412384033203125 0.027008056640625 0.0822067260742188
-0.355712890625 0.38287353515625 -0.1519775390625 0.203018188476563
-0.114349365234375 0.261322021484375 -0.526123046875 0.489227294921875
0.0115966796875 0.264312744140625 -0.152191162109375 0.46173095703125
0.123733520507812 0.177017211914062 0.0216217041015625 0.162200927734375
0.162078857421875 0.042144775390625 -0.0859603881835937 0.0798110961914063
0.141357421875 -0.0240478515625 -0.151519775390625 0.143447875976562
0.109138488769531 -0.11065673828125 -0.142578125 0.261917114257813
0.0777053833007813 -0.131210327148438 -0.048980712890625 0.389190673828125
0.0865020751953125 -0.125022888183594 -0.02508544921875 0.40460205078125
0.0989761352539063 -0.135276794433594 -0.06842041015625 0.4078369140625
0.123222351074219 -0.0664443969726562 -0.1961669921875 0.3236083984375
0.148712158203125 0.026031494140625 -0.250717163085938 0.179702758789062
0.0875320434570313 0.105094909667969 -0.222396850585937 0.00413513183593751
-0.029571533203125 0.1636962890625 -0.0795059204101563 -0.0615615844726563
-0.0778656005859375 0.169815063476563 -0.009185791015625 0.165618896484375
-0.17620849609375 0.192489624023438 -0.26446533203125 0.305755615234375
-0.0724105834960938 0.017547607421875 0.1947021484375 -0.43487548828125
-0.0196571350097656 0.0592880249023438 -0.00863647460937499 -0.23931884765625
0.0559005737304688 0.0567779541015625 0.0392265319824219 0.0495872497558594
0.0726318359375 -0.00579833984375 0.205581665039063 -0.007781982421875
0.0499916076660156 -0.0689430236816406 0.239486694335938 -0.151763916015625
-0.0282135009765625 -0.072662353515625 0.14788818359375 -0.33837890625
-0.0600395202636719 -0.0571708679199219 -0.012298583984375 -0.4442138671875
-0.0371322631835937 -0.0413398742675781 -0.040374755859375 -0.41424560546875
-0.045654296875 -0.0431251525878906 0.00885009765624997 -0.400787353515625
0.00273895263671875 -0.051177978515625 0.1036376953125 -0.31170654296875
0.0370826721191406 -0.0290985107421875 0.107208251953125 -0.177703857421875
0.0443382263183594 0.0350799560546875 0.0607376098632812 -0.122581481933594
-0.0122833251953125 0.0514907836914063 -0.0104217529296875 -0.227371215820313
-0.0485267639160156 0.0243110656738281 0.07672119140625 -0.5084228515625
-0.0443382263183594 -0.0496482849121094 0.539306640625 -0.588623046875
-0.228591918945312 0.252395629882813 0.185791015625 -0.403778076171875
-0.0699462890625 0.269561767578125 0.00784301757812499 -0.230682373046875
0.124237060546875 0.264480590820313 0.0294380187988281 0.0448455810546875
0.230178833007813 0.0782928466796875 0.179000854492188 -0.0022735595703125
0.21954345703125 -0.0935211181640625 0.223770141601563 -0.106613159179688
0.071533203125 -0.21514892578125 0.144561767578125 -0.300567626953125
-0.026947021484375 -0.237884521484375 0.00311279296874996 -0.39910888671875
0.00936889648437502 -0.2149658203125 -0.0257568359375 -0.35784912109375
-0.007049560546875 -0.237442016601562 0.02081298828125 -0.353485107421875
0.099639892578125 -0.205657958984375 0.0855712890625 -0.263229370117188
0.215560913085937 -0.1019287109375 0.0740127563476563 -0.133934020996094
0.238174438476563 0.0943603515625 0.027618408203125 -0.123451232910156
0.0749359130859375 0.280929565429688 -0.0234832763671875 -0.253341674804688
-0.07684326171875 0.285064697265625 0.104522705078125 -0.51116943359375
-0.211181640625 0.19830322265625 0.5679931640625 -0.51544189453125
-0.3836669921875 0.416015625 0.13983154296875 -0.298065185546875
-0.138641357421875 0.44049072265625 0.0204010009765625 -0.1678466796875
0.189361572265625 0.44561767578125 0.0302581787109375 0.048675537109375
0.37139892578125 0.14874267578125 0.14703369140625 -0.00274658203124999
0.366485595703125 -0.109405517578125 0.18365478515625 -0.0633087158203125
0.165863037109375 -0.330078125 0.116424560546875 -0.233795166015625
0.014434814453125 -0.382843017578125 0.00573730468749999 -0.30157470703125
0.053436279296875 -0.354522705078125 -0.0148468017578125 -0.249130249023438
0.031158447265625 -0.39508056640625 0.0222320556640625 -0.249420166015625
0.181915283203125 -0.3309326171875 0.04425048828125 -0.172622680664063
0.369720458984375 -0.159576416015625 0.0160942077636719 -0.0688629150390625
0.406646728515625 0.1419677734375 -0.0275344848632812 -0.112419128417969
0.158050537109375 0.480560302734375 -0.057464599609375 -0.2630615234375
-0.0833740234375 0.51837158203125 0.09881591796875 -0.471221923828125
-0.3450927734375 0.427581787109375 0.45233154296875 -0.486663818359375
-0.44384765625 0.5706787109375 0.0139312744140625 -0.165435791015625
-0.138427734375 0.584228515625 -0.000339508056640629 -0.0664024353027343
0.2310791015625 0.57666015625 0.0347671508789063 0.0623092651367188
0.467987060546875 0.216217041015625 0.103019714355469 0.00477600097656251
0.472869873046875 -0.096923828125 0.119712829589844 -0.00597381591796876
0.2540283203125 -0.387603759765625 0.074005126953125 -0.131790161132813
0.0765686035156249 -0.46405029296875 0.0173187255859375 -0.15936279296875
0.122039794921875 -0.425048828125 0.00435638427734375 -0.101295471191406
0.102264404296875 -0.47662353515625 0.0306396484375 -0.101356506347656
0.264892578125 -0.379547119140625 -0.000282287597656232 -0.0479164123535156
0.4764404296875 -0.16168212890625 -0.052520751953125 0.0120735168457031
0.50384521484375 0.200286865234375 -0.0869064331054687 -0.087646484375
0.17987060546875 0.6177978515625 -0.0682525634765625 -0.2481689453125
-0.1326904296875 0.65875244140625 0.11383056640625 -0.35791015625
-0.4637451171875 0.546051025390625 0.342315673828125 -0.314788818359375
-0.46392822265625 0.61309814453125 -0.129432678222656 0.00720214843750006
-0.126220703125 0.64459228515625 -0.0261116027832031 0.0686683654785157
0.27252197265625 0.6182861328125 0.0395278930664063 0.0821380615234375
0.51495361328125 0.223175048828125 0.0470085144042969 0.0124320983886719
0.50927734375 -0.10015869140625 0.0378494262695313 0.0466880798339844
0.28472900390625 -0.40557861328125 0.00782299041748049 -0.0172405242919922
0.10247802734375 -0.482269287109375 0.00222063064575196 0.00341606140136716
0.146331787109375 -0.44091796875 0.00274276733398439 0.0579910278320312
0.130096435546875 -0.491455078125 0.0145072937011719 0.0582084655761719
0.286468505859375 -0.380615234375 -0.059722900390625 0.0842742919921875
0.500946044921875 -0.154449462890625 -0.1246337890625 0.09576416015625
0.5186767578125 0.212554931640625 -0.148727416992188 -0.05010986328125
0.184814453125 0.64703369140625 -0.08837890625 -0.204238891601563
-0.13885498046875 0.693115234375 0.0923919677734375 -0.211532592773437
-0.49578857421875 0.5888671875 0.180465698242187 -0.134002685546875
-0.39892578125 0.584228515625 -0.275711059570313 0.193710327148438
-0.0811157226562499 0.60546875 -0.0569305419921875 0.216293334960938
0.275421142578125 0.551239013671875 0.0389404296875 0.105751037597656
0.475555419921875 0.18572998046875 -0.0120429992675781 0.0314559936523438
0.4569091796875 -0.093017578125 -0.0442352294921875 0.0984268188476563
0.263336181640625 -0.364410400390625 -0.0558242797851563 0.10150146484375
0.1072998046875 -0.426055908203125 -0.012786865234375 0.16534423828125
0.14501953125 -0.39044189453125 -0.000762939453124994 0.208602905273437
0.134857177734375 -0.430938720703125 -0.00691223144531251 0.2098388671875
0.2626953125 -0.317657470703125 -0.1126708984375 0.2027587890625
0.438873291015625 -0.1116943359375 -0.182830810546875 0.160140991210937
0.43212890625 0.198486328125 -0.193634033203125 -0.01318359375
0.133819580078125 0.559600830078125 -0.0960540771484375 -0.146728515625
-0.1346435546875 0.59814453125 0.0648078918457031 -0.0539283752441406
-0.449676513671875 0.533294677734375 0.0113258361816406 0.0497627258300782
-0.272430419921875 0.4620361328125 -0.403564453125 0.3662109375
-0.03076171875 0.468994140625 -0.092132568359375 0.35113525390625
0.219696044921875 0.39105224609375 0.0338516235351563 0.132240295410156
0.345947265625 0.1197509765625 -0.0584602355957031 0.057037353515625
0.323822021484375 -0.066925048828125 -0.107994079589844 0.134880065917969
0.19793701171875 -0.259933471679687 -0.105072021484375 0.200775146484375
0.094879150390625 -0.30413818359375 -0.024749755859375 0.29925537109375
0.120330810546875 -0.280441284179688 -0.00399780273437502 0.32708740234375
0.120086669921875 -0.305816650390625 -0.0294189453125 0.329833984375
0.202423095703125 -0.20648193359375 -0.152984619140625 0.28564453125
0.309661865234375 -0.0465087890625 -0.2200927734375 0.1898193359375
0.272537231445312 0.161788940429688 -0.214508056640625 0.00892639160156251
0.0513916015625 0.38299560546875 -0.0898513793945313 -0.09332275390625
-0.1153564453125 0.4056396484375 0.03277587890625 0.077880859375
-0.334381103515625 0.3902587890625 -0.138534545898438 0.206298828125
-0.104629516601563 0.2625732421875 -0.492279052734375 0.49615478515625
0.022125244140625 0.258987426757813 -0.12713623046875 0.455230712890625
0.131439208984375 0.17041015625 0.0318450927734375 0.158721923828125
0.161575317382813 0.03546142578125 -0.076416015625 0.0806503295898438
0.138710021972656 -0.030731201171875 -0.14056396484375 0.144699096679688
0.100860595703125 -0.114105224609375 -0.132186889648438 0.261016845703125
0.0670547485351563 -0.132820129394531 -0.033416748046875 0.38250732421875
0.0777664184570312 -0.127235412597656 -0.00738525390625 0.397308349609375
0.0886154174804688 -0.136962890625 -0.050994873046875 0.40057373046875
0.115432739257812 -0.0706024169921875 -0.177734375 0.32373046875
0.146804809570313 0.0170440673828125 -0.234481811523438 0.184478759765625
0.0915679931640625 0.0987625122070313 -0.21502685546875 0.014373779296875
-0.021026611328125 0.163986206054687 -0.0779647827148438 -0.0561294555664062
-0.068756103515625 0.169708251953125 0.00189208984374998 0.160797119140625
-0.16644287109375 0.197158813476563 -0.243377685546875 0.31097412109375
-0.0684661865234375 0.0156707763671875 0.183990478515625 -0.43157958984375
-0.02008056640625 0.0572509765625 -0.014892578125 -0.23345947265625
0.0539169311523438 0.0547637939453125 0.0390586853027344 0.0477256774902344
0.0694694519042969 -0.00592803955078125 0.198898315429688 -0.01220703125
0.0452003479003906 -0.0683784484863281 0.231536865234375 -0.152130126953125
-0.0295333862304688 -0.0681571960449219 0.139251708984375 -0.333282470703125
-0.05853271484375 -0.052001953125 -0.02154541015625 -0.43450927734375
-0.0360336303710937 -0.0386085510253906 -0.046783447265625 -0.405670166015625
-0.0455818176269531 -0.039154052734375 0.00103759765625001 -0.3953857421875
0.000968933105468747 -0.0491447448730469 0.097259521484375 -0.307769775390625
0.0339832305908203 -0.0279045104980469 0.102340698242188 -0.174713134765625
0.0440216064453125 0.0339431762695313 0.056732177734375 -0.121185302734375
-0.0106430053710937 0.0473899841308594 -0.0152587890625 -0.221282958984375
-0.0441970825195313 0.0213890075683594 0.063323974609375 -0.49725341796875
-0.0424461364746094 -0.0480232238769531 0.515625 -0.58294677734375
-0.216781616210938 0.25042724609375 0.17578125 -0.40216064453125
-0.06658935546875 0.263809204101563 0.000747680664062484 -0.22723388671875
0.125213623046875 0.25714111328125 0.0295562744140625 0.0441513061523438
0.223297119140625 0.0729217529296875 0.173309326171875 -0.00724792480468749
0.21124267578125 -0.09600830078125 0.21734619140625 -0.110183715820312
0.064178466796875 -0.209243774414063 0.134765625 -0.295257568359375
-0.032928466796875 -0.22894287109375 -0.00631713867187498 -0.389801025390625
0.00502014160156252 -0.20941162109375 -0.030792236328125 -0.35107421875
-0.0128173828125 -0.229812622070313 0.0142822265625 -0.3492431640625
0.0924072265625 -0.200729370117188 0.080352783203125 -0.259109497070313
0.206863403320313 -0.103042602539063 0.0703582763671875 -0.131546020507813
0.235824584960938 0.087799072265625 0.0247650146484375 -0.1224365234375
0.0796356201171875 0.2706298828125 -0.0284271240234375 -0.247695922851562
-0.0676727294921875 0.276458740234375 0.091888427734375 -0.501007080078125
-0.202423095703125 0.199050903320313 0.547271728515625 -0.51263427734375
-0.36834716796875 0.415618896484375 0.133087158203125 -0.2991943359375
-0.131561279296875 0.433074951171875 0.0139923095703125 -0.16839599609375
0.193756103515625 0.432891845703125 0.0322418212890625 0.0487136840820313
0.363800048828125 0.139892578125 0.143585205078125 -0.00683593749999999
0.35638427734375 -0.116729736328125 0.179840087890625 -0.0677947998046875
0.15252685546875 -0.32318115234375 0.10687255859375 -0.229171752929688
0.00347900390624997 -0.370697021484375 -0.00198364257812498 -0.294708251953125
0.044647216796875 -0.34765625 -0.018646240234375 -0.243682861328125
0.019500732421875 -0.384246826171875 0.016815185546875 -0.247222900390625
0.16900634765625 -0.324188232421875 0.041961669921875 -0.169754028320313
0.35614013671875 -0.162841796875 0.0164718627929688 -0.0657920837402344
0.40216064453125 0.132476806640625 -0.0290069580078125 -0.110679626464844
0.164154052734375 0.465576171875 -0.061431884765625 -0.257461547851563
-0.07269287109375 0.505279541015625 0.086700439453125 -0.46185302734375
-0.33148193359375 0.4271240234375 0.434967041015625 -0.4818115234375
-0.424560546875 0.569580078125 0.01177978515625 -0.16741943359375
-0.12890625 0.57489013671875 -0.00472259521484376 -0.0692672729492187
0.238189697265625 0.562255859375 0.0367393493652344 0.0619964599609375
0.460052490234375 0.20343017578125 0.101310729980469 0.000495910644531262
0.4632568359375 -0.107177734375 0.119064331054688 -0.0108795166015625
0.236328125 -0.382080078125 0.0667190551757813 -0.12896728515625
0.060791015625 -0.45361328125 0.0112762451171875 -0.15557861328125
0.109954833984375 -0.420074462890625 0.003509521484375 -0.0989227294921875
0.0877685546875 -0.46661376953125 0.0272140502929687 -0.102218627929688
0.24896240234375 -0.37139892578125 3.05175781250148E-05 -0.0457420349121094
0.4615478515625 -0.166229248046875 -0.0491714477539062 0.01483154296875
0.497528076171875 0.18756103515625 -0.0857620239257812 -0.0858993530273437
0.19012451171875 0.60186767578125 -0.07098388671875 -0.243606567382813
-0.1180419921875 0.641845703125 0.10430908203125 -0.352325439453125
-0.4473876953125 0.54449462890625 0.331085205078125 -0.311859130859375
-0.44488525390625 0.61370849609375 -0.124969482421875 0.00408172607421877
-0.11468505859375 0.63519287109375 -0.0269660949707031 0.0631141662597657
0.282470703125 0.60247802734375 0.0433425903320313 0.0813827514648438
0.508697509765625 0.20941162109375 0.0482559204101563 0.00948333740234376
0.499176025390625 -0.111785888671875 0.040313720703125 0.0422515869140625
0.2652587890625 -0.40087890625 0.00290012359619142 -0.015711784362793
0.084136962890625 -0.471771240234375 -0.000608921051025385 0.00429630279541013
0.1331787109375 -0.435455322265625 0.00426101684570313 0.0583305358886718
0.11273193359375 -0.482452392578125 0.0137405395507813 0.056365966796875
0.268585205078125 -0.37493896484375 -0.0555496215820312 0.08453369140625
0.484619140625 -0.159332275390625 -0.118049621582031 0.0969161987304687
0.513946533203125 0.199920654296875 -0.146148681640625 -0.047210693359375
0.19403076171875 0.63104248046875 -0.090362548828125 -0.201187133789063
-0.12567138671875 0.6776123046875 0.0870513916015625 -0.209243774414063
-0.47845458984375 0.58935546875 0.174835205078125 -0.132156372070312
-0.382568359375 0.583984375 -0.265518188476563 0.190292358398438
-0.071044921875 0.59820556640625 -0.053466796875 0.208770751953125
0.284332275390625 0.538177490234375 0.0439605712890625 0.105079650878906
0.470458984375 0.173919677734375 -0.00859260559082029 0.0289897918701172
0.447723388671875 -0.10345458984375 -0.0397415161132812 0.0945358276367187
0.245941162109375 -0.36065673828125 -0.0571212768554687 0.101974487304687
0.09039306640625 -0.417877197265625 -0.011962890625 0.162582397460937
0.133026123046875 -0.3861083984375 0.003753662109375 0.205551147460937
0.120697021484375 -0.423095703125 -0.00514221191406251 0.205795288085937
0.247802734375 -0.313018798828125 -0.1063232421875 0.201339721679688
0.426239013671875 -0.118072509765625 -0.17388916015625 0.161117553710938
0.428955078125 0.187744140625 -0.188568115234375 -0.00985717773437496
0.1419677734375 0.546539306640625 -0.0959014892578125 -0.1441650390625
-0.12371826171875 0.5858154296875 0.0635795593261719 -0.0557060241699218
-0.434600830078125 0.53155517578125 0.0128746032714843 0.0509376525878907
-0.261932373046875 0.461151123046875 -0.3876953125 0.361572265625
-0.02288818359375 0.462127685546875 -0.084259033203125 0.34246826171875
0.228424072265625 0.38214111328125 0.03997802734375 0.130439758300781
0.342681884765625 0.11016845703125 -0.0527610778808593 0.0552215576171875
0.317626953125 -0.074432373046875 -0.101936340332031 0.131324768066406
0.185836791992187 -0.258895874023438 -0.103424072265625 0.199600219726562
0.08184814453125 -0.2987060546875 -0.019775390625 0.2939453125
0.1109619140625 -0.278305053710938 0.00137329101562501 0.322265625
0.10906982421875 -0.300811767578125 -0.02392578125 0.324249267578125
0.191024780273438 -0.203704833984375 -0.145111083984375 0.2828369140625
0.301300048828125 -0.052520751953125 -0.210784912109375 0.190032958984375
0.271148681640625 0.153411865234375 -0.20806884765625 0.0125732421875
0.05810546875 0.376953125 -0.0888595581054688 -0.0911026000976562
-0.10687255859375 0.397552490234375 0.035858154296875 0.0734634399414063
-0.32415771484375 0.390472412109375 -0.131088256835938 0.206024169921875
-0.101791381835937 0.262802124023438 -0.4735107421875 0.492462158203125
0.025787353515625 0.254959106445313 -0.117218017578125 0.44671630859375
0.13543701171875 0.167190551757813 0.037445068359375 0.15582275390625
0.161331176757813 0.0325775146484375 -0.0700225830078125 0.0787582397460938
0.137245178222656 -0.0341110229492188 -0.134750366210938 0.14227294921875
0.0954666137695312 -0.114311218261719 -0.127853393554688 0.258132934570313
0.0605392456054687 -0.132270812988281 -0.02593994140625 0.375823974609375
0.0726394653320312 -0.127471923828125 -0.000946044921875031 0.390045166015625
0.0828704833984375 -0.135963439941406 -0.042388916015625 0.393890380859375
0.109786987304688 -0.0709762573242188 -0.168426513671875 0.319610595703125
0.144027709960938 0.011871337890625 -0.22467041015625 0.18402099609375
0.0930633544921875 0.0947036743164063 -0.208908081054688 0.0184326171875
-0.016448974609375 0.164413452148438 -0.076690673828125 -0.0534210205078125
-0.0648193359375 0.16748046875 0.0075836181640625 0.156021118164063
-0.162307739257812 0.198287963867188 -0.23223876953125 0.3114013671875
-0.0664863586425781 0.0135154724121094 0.182098388671875 -0.43438720703125
-0.0213623046875 0.0569534301757812 -0.0169830322265625 -0.232742309570312
0.0523948669433594 0.0548248291015625 0.0388450622558594 0.0480537414550781
0.0676460266113281 -0.00403594970703125 0.197036743164063 -0.0128021240234375
0.0436744689941406 -0.0674362182617188 0.230484008789063 -0.152542114257813
-0.0299453735351563 -0.0661201477050781 0.13775634765625 -0.33221435546875
-0.056976318359375 -0.0495223999023438 -0.025543212890625 -0.432098388671875
-0.0348396301269531 -0.0367393493652344 -0.048095703125 -0.40673828125
-0.0458717346191406 -0.0368728637695312 -0.00061035156250004 -0.399017333984375
0.000553131103515623 -0.0485153198242188 0.098724365234375 -0.30792236328125
0.0320339202880859 -0.0268173217773438 0.10186767578125 -0.174331665039063
0.0437889099121094 0.0333671569824219 0.055389404296875 -0.122245788574219
-0.0106964111328125 0.0443305969238281 -0.01690673828125 -0.220413208007812
-0.0415115356445313 0.0185203552246094 0.05926513671875 -0.492095947265625
-0.0402450561523438 -0.0475234985351563 0.512939453125 -0.58203125
-0.213958740234375 0.249099731445313 0.175506591796875 -0.40667724609375
-0.06732177734375 0.263137817382813 -0.00280761718750001 -0.228256225585937
0.125335693359375 0.257003784179688 0.0308265686035156 0.0448837280273438
0.221786499023438 0.073577880859375 0.171371459960937 -0.00857543945312499
0.208984375 -0.0978851318359375 0.21673583984375 -0.111968994140625
0.06060791015625 -0.206436157226562 0.13311767578125 -0.293243408203125
-0.0348663330078125 -0.225341796875 -0.00936889648437498 -0.389068603515625
0.00453186035156251 -0.208450317382813 -0.0318603515625 -0.352447509765625
-0.01593017578125 -0.227294921875 0.011505126953125 -0.352691650390625
0.089599609375 -0.199432373046875 0.0814056396484375 -0.259719848632813
0.20465087890625 -0.102447509765625 0.0710830688476563 -0.130233764648437
0.237136840820313 0.0866546630859375 0.02386474609375 -0.123283386230469
0.0809326171875 0.267913818359375 -0.03033447265625 -0.247512817382812
-0.06573486328125 0.27252197265625 0.087646484375 -0.499237060546875
-0.200454711914062 0.201934814453125 0.543853759765625 -0.51312255859375
-0.364227294921875 0.418304443359375 0.1326904296875 -0.30517578125
-0.13140869140625 0.43255615234375 0.0103302001953125 -0.171096801757812
0.197235107421875 0.433074951171875 0.0340538024902344 0.0498809814453125
0.36175537109375 0.138671875 0.142257690429688 -0.00924682617187499
0.3538818359375 -0.120819091796875 0.179916381835938 -0.0702667236328125
0.14617919921875 -0.3203125 0.103958129882812 -0.227798461914063
-0.00216674804687497 -0.36602783203125 -0.00555419921874998 -0.29345703125
0.043182373046875 -0.347137451171875 -0.0193328857421875 -0.245010375976563
0.015289306640625 -0.382415771484375 0.014190673828125 -0.249740600585938
0.164764404296875 -0.321868896484375 0.04290771484375 -0.169525146484375
0.3538818359375 -0.16351318359375 0.0179595947265625 -0.0640792846679688
0.40509033203125 0.130828857421875 -0.0295562744140625 -0.112541198730469
0.166748046875 0.463775634765625 -0.063446044921875 -0.258529663085937
-0.0713195800781251 0.50006103515625 0.083648681640625 -0.4620361328125
-0.33001708984375 0.429473876953125 0.434417724609375 -0.482452392578125
-0.421875 0.573486328125 0.01312255859375 -0.172836303710938
-0.12774658203125 0.5765380859375 -0.0073394775390625 -0.0729598999023437
0.24481201171875 0.56292724609375 0.0412216186523438 0.0637397766113282
0.45947265625 0.19927978515625 0.102394104003906 -0.00174713134765624
0.462310791015625 -0.1119384765625 0.121101379394531 -0.0143661499023438
0.2293701171875 -0.379638671875 0.06304931640625 -0.1270751953125
0.0526123046875 -0.448760986328125 0.00837707519531249 -0.1541748046875
0.10693359375 -0.42041015625 0.00418853759765627 -0.0984649658203125
0.08123779296875 -0.4639892578125 0.0253524780273438 -0.103790283203125
0.244476318359375 -0.369659423828125 0.00135040283203127 -0.0451545715332031
0.45806884765625 -0.168243408203125 -0.0470161437988281 0.0167121887207031
0.50103759765625 0.18731689453125 -0.0864105224609375 -0.0873947143554687
0.19317626953125 0.599609375 -0.073394775390625 -0.245223999023437
-0.11724853515625 0.638427734375 0.102447509765625 -0.353057861328125
-0.447174072265625 0.5487060546875 0.329833984375 -0.31085205078125
-0.44287109375 0.61968994140625 -0.123252868652344 -0.000801086425781196
-0.1142578125 0.63726806640625 -0.0292167663574219 0.0599136352539063
0.28997802734375 0.60357666015625 0.0482559204101563 0.0836105346679688
0.509124755859375 0.206024169921875 0.0502738952636719 0.00703430175781251
0.49920654296875 -0.11822509765625 0.0421867370605469 0.0385284423828125
0.2576904296875 -0.3997802734375 -0.000860214233398422 -0.0138263702392578
0.07537841796875 -0.46759033203125 -0.00268888473510742 0.00591611862182614
0.128875732421875 -0.438873291015625 0.00565338134765625 0.0587654113769531
0.105712890625 -0.48175048828125 0.0124702453613281 0.0561294555664062
0.263214111328125 -0.372833251953125 -0.0549468994140625 0.08587646484375
0.48248291015625 -0.162445068359375 -0.114967346191406 0.0991134643554688
0.516937255859375 0.197662353515625 -0.145599365234375 -0.0485076904296875
0.19732666015625 0.63031005859375 -0.0923614501953125 -0.202789306640625
-0.12347412109375 0.67523193359375 0.0864715576171875 -0.210540771484375
-0.48016357421875 0.5933837890625 0.175216674804687 -0.130447387695312
-0.38226318359375 0.5916748046875 -0.264190673828125 0.187286376953125
-0.07061767578125 0.6005859375 -0.055267333984375 0.20660400390625
0.2933349609375 0.53997802734375 0.0497283935546875 0.10577392578125
0.471343994140625 0.171173095703125 -0.00626373291015622 0.0267677307128906
0.448944091796875 -0.110107421875 -0.0368118286132812 0.091461181640625
0.24005126953125 -0.359588623046875 -0.0609817504882812 0.104164123535156
0.08221435546875 -0.4158935546875 -0.012969970703125 0.164138793945312
0.12969970703125 -0.388763427734375 0.00538635253906248 0.207473754882812
0.115264892578125 -0.42242431640625 -0.00453186035156251 0.207229614257813
0.243255615234375 -0.31158447265625 -0.105453491210938 0.202896118164062
0.42364501953125 -0.120941162109375 -0.171127319335937 0.16229248046875
0.430755615234375 0.18621826171875 -0.188232421875 -0.010345458984375
0.14447021484375 0.549468994140625 -0.0973968505859375 -0.1455078125
-0.123291015625 0.58343505859375 0.0637474060058594 -0.0575332641601562
-0.435333251953125 0.5386962890625 0.0131568908691406 0.0534782409667969
-0.26312255859375 0.4674072265625 -0.384613037109375 0.36077880859375
-0.02392578125 0.464324951171875 -0.084381103515625 0.341705322265625
0.2349853515625 0.38360595703125 0.045379638671875 0.130897521972656
0.344573974609375 0.108795166015625 -0.0500564575195312 0.0535812377929688
0.319793701171875 -0.078826904296875 -0.100334167480469 0.129539489746094
0.181488037109375 -0.258560180664063 -0.105941772460938 0.2017822265625
0.074951171875 -0.298553466796875 -0.020111083984375 0.295318603515625
0.107818603515625 -0.28057861328125 0.00390625000000003 0.3238525390625
0.104248046875 -0.300750732421875 -0.022857666015625 0.3271484375
0.18817138671875 -0.202407836914063 -0.14453125 0.28387451171875
0.29998779296875 -0.055755615234375 -0.208114624023438 0.18988037109375
0.273605346679688 0.152786254882813 -0.20758056640625 0.01373291015625
0.06011962890625 0.379241943359375 -0.0894927978515625 -0.0919418334960937
-0.1065673828125 0.39630126953125 0.0368118286132812 0.0724639892578125
-0.325286865234375 0.393585205078125 -0.128799438476563 0.209091186523438
-0.104171752929688 0.266769409179688 -0.471588134765625 0.49078369140625
0.025787353515625 0.256576538085938 -0.116302490234375 0.44677734375
0.13958740234375 0.16802978515625 0.0423736572265625 0.1558837890625
0.163650512695312 0.0311279296875 -0.066741943359375 0.077423095703125
0.139503479003906 -0.0361251831054688 -0.133621215820312 0.141143798828125
0.09307861328125 -0.115028381347656 -0.130172729492187 0.258926391601563
0.0564117431640625 -0.13250732421875 -0.025390625 0.3770751953125
0.0703659057617188 -0.128677368164063 0.00106811523437503 0.391815185546875
0.0801010131835937 -0.136207580566406 -0.04052734375 0.398345947265625
0.108619689941406 -0.0706329345703125 -0.167755126953125 0.320587158203125
0.1434326171875 0.00897216796875 -0.222274780273438 0.183685302734375
0.0946426391601562 0.0940704345703125 -0.207382202148438 0.0203399658203125
-0.0149078369140625 0.16748046875 -0.0768966674804688 -0.05401611328125
-0.0648345947265625 0.16827392578125 0.0096282958984375 0.15472412109375
-0.164260864257813 0.201126098632812 -0.229827880859375 0.31427001953125
-0.0665397644042969 0.0121116638183594 0.179901123046875 -0.4495849609375
-0.022216796875 0.0578804016113281 -0.021087646484375 -0.238357543945313
0.0528488159179687 0.0564384460449219 0.0410270690917969 0.0485725402832031
0.0686798095703125 -0.00252532958984375 0.19970703125 -0.016357421875
0.0423927307128906 -0.0691986083984375 0.232315063476563 -0.159896850585937
-0.0324020385742188 -0.0654296875 0.137420654296875 -0.3402099609375
-0.0572433471679687 -0.0484237670898438 -0.03369140625 -0.441650390625
-0.03466796875 -0.0364494323730469 -0.0567626953125 -0.418212890625
-0.0476303100585938 -0.0348129272460937 -0.00698852539062504 -0.412567138671875
-0.00162506103515625 -0.0490837097167969 0.0989990234375 -0.318145751953125
0.0319747924804688 -0.0266704559326172 0.102035522460938 -0.178024291992188
0.0454826354980469 0.0337944030761719 0.0542526245117188 -0.126548767089844
-0.0110893249511719 0.0422821044921875 -0.0209503173828125 -0.224563598632813
-0.0409049987792969 0.0166168212890625 0.052276611328125 -0.50262451171875
-0.0400543212890625 -0.0480194091796875 0.5159912109375 -0.60028076171875
-0.214950561523438 0.256118774414063 0.173309326171875 -0.422637939453125
-0.067230224609375 0.269882202148438 -0.00753784179687503 -0.234771728515625
0.132568359375 0.262130737304688 0.0343894958496094 0.0465774536132813
0.226242065429688 0.07415771484375 0.174118041992188 -0.0124359130859375
0.210617065429688 -0.103134155273438 0.219802856445313 -0.118576049804688
0.056427001953125 -0.208831787109375 0.13214111328125 -0.300201416015625
-0.0391693115234375 -0.225677490234375 -0.017303466796875 -0.39715576171875
0.00187683105468749 -0.213241577148437 -0.037353515625 -0.362060546875
-0.0212554931640625 -0.229598999023438 0.00524902343750001 -0.364532470703125
0.0878143310546875 -0.202911376953125 0.0821685791015625 -0.267745971679688
0.20697021484375 -0.10650634765625 0.0724334716796875 -0.132514953613281
0.2449951171875 0.0854034423828125 0.0218276977539063 -0.128120422363281
0.0857086181640625 0.271194458007813 -0.035308837890625 -0.253982543945313
-0.0634002685546875 0.27606201171875 0.08111572265625 -0.50994873046875
-0.202178955078125 0.20904541015625 0.55023193359375 -0.529754638671875
-0.366851806640625 0.43304443359375 0.1328125 -0.319122314453125
-0.131011962890625 0.44476318359375 0.0060272216796875 -0.177719116210937
0.2100830078125 0.439849853515625 0.0390357971191406 0.0516319274902344
0.37030029296875 0.13873291015625 0.145034790039063 -0.0127716064453125
0.359161376953125 -0.12957763671875 0.18304443359375 -0.076995849609375
0.142669677734375 -0.325347900390625 0.101974487304688 -0.231231689453125
-0.00982666015624999 -0.369476318359375 -0.011566162109375 -0.298675537109375
0.037872314453125 -0.356048583984375 -0.0224151611328125 -0.25140380859375
0.00714111328124998 -0.3880615234375 0.0102691650390625 -0.2586669921875
0.162689208984375 -0.32806396484375 0.0439453125 -0.173477172851563
0.35809326171875 -0.171478271484375 0.0205612182617188 -0.0647735595703125
0.41796875 0.1280517578125 -0.0323410034179687 -0.116600036621094
0.1767578125 0.47216796875 -0.070159912109375 -0.264404296875
-0.067901611328125 0.509857177734375 0.07830810546875 -0.472991943359375
-0.332427978515625 0.445953369140625 0.4359130859375 -0.49554443359375
-0.42291259765625 0.594970703125 0.011016845703125 -0.183624267578125
-0.12738037109375 0.5919189453125 -0.0118255615234375 -0.0781936645507812
0.26123046875 0.57366943359375 0.0473899841308594 0.0651893615722657
0.472137451171875 0.199615478515625 0.104339599609375 -0.00625610351562499
0.4705810546875 -0.123992919921875 0.124397277832031 -0.0198745727539063
0.2252197265625 -0.388916015625 0.0601806640625 -0.128547668457031
0.042327880859375 -0.455291748046875 0.00445556640625001 -0.157150268554688
0.102874755859375 -0.432586669921875 0.00382232666015626 -0.101539611816406
0.073883056640625 -0.474212646484375 0.02337646484375 -0.108009338378906
0.243011474609375 -0.37774658203125 0.00226974487304689 -0.0450401306152344
0.465484619140625 -0.17877197265625 -0.0452499389648437 0.0188369750976563
0.518951416015625 0.184814453125 -0.090179443359375 -0.0897216796875
0.2071533203125 0.61480712890625 -0.0802764892578125 -0.250534057617187
-0.11431884765625 0.652099609375 0.09844970703125 -0.3623046875
-0.45306396484375 0.57281494140625 0.333953857421875 -0.31964111328125
-0.44757080078125 0.64385986328125 -0.125686645507813 -0.00490570068359374
-0.11175537109375 0.65570068359375 -0.0323562622070313 0.0584716796875
0.3099365234375 0.6165771484375 0.0560531616210938 0.0849838256835938
0.524627685546875 0.20330810546875 0.0527000427246094 0.00317382812500001
0.509033203125 -0.131805419921875 0.0446929931640625 0.0351219177246094
0.253997802734375 -0.409515380859375 -0.00390243530273436 -0.0120220184326172
0.064788818359375 -0.475677490234375 -0.00439357757568359 0.00681495666503903
0.124420166015625 -0.45159912109375 0.0084686279296875 0.0613784790039062
0.098541259765625 -0.4935302734375 0.0130767822265625 0.0577354431152343
0.2646484375 -0.380828857421875 -0.05401611328125 0.0902786254882812
0.49078369140625 -0.17431640625 -0.113861083984375 0.10369873046875
0.534942626953125 0.19671630859375 -0.150344848632812 -0.049072265625
0.210205078125 0.646728515625 -0.0996856689453125 -0.207046508789062
-0.12274169921875 0.6888427734375 0.0850372314453125 -0.21636962890625
-0.48675537109375 0.618896484375 0.177688598632812 -0.132415771484375
-0.38568115234375 0.614501953125 -0.26702880859375 0.190093994140625
-0.0667724609375 0.61907958984375 -0.0560760498046875 0.209701538085938
0.312225341796875 0.55010986328125 0.058013916015625 0.108024597167969
0.48736572265625 0.16656494140625 -0.00342941284179684 0.0250053405761719
0.460174560546875 -0.123443603515625 -0.03558349609375 0.0904998779296875
0.237213134765625 -0.368988037109375 -0.0640716552734375 0.109169006347656
0.072235107421875 -0.423309326171875 -0.0120697021484375 0.16943359375
0.124908447265625 -0.401947021484375 0.00993347167968751 0.214340209960937
0.1082763671875 -0.433502197265625 -0.001922607421875 0.214462280273438
0.243408203125 -0.3179931640625 -0.10516357421875 0.210601806640625
0.43035888671875 -0.13079833984375 -0.170654296875 0.168731689453125
0.446197509765625 0.186187744140625 -0.192306518554687 -0.00875854492187499
0.15570068359375 0.563720703125 -0.104263305664063 -0.1483154296875
-0.12225341796875 0.5965576171875 0.0644912719726562 -0.0601654052734375
-0.444793701171875 0.55950927734375 0.0147438049316406 0.0573997497558594
-0.264068603515625 0.486114501953125 -0.389556884765625 0.371307373046875
-0.018768310546875 0.478607177734375 -0.08367919921875 0.349273681640625
0.25048828125 0.38958740234375 0.0528945922851563 0.1328125
0.35595703125 0.10528564453125 -0.0476760864257812 0.0527725219726563
0.327423095703125 -0.0887451171875 -0.0999984741210937 0.131462097167969
0.179519653320313 -0.265716552734375 -0.108871459960937 0.2093505859375
0.068359375 -0.30413818359375 -0.017547607421875 0.304351806640625
0.10406494140625 -0.2900390625 0.00897216796874999 0.334686279296875
0.10028076171875 -0.30914306640625 -0.01885986328125 0.33831787109375
0.18853759765625 -0.20831298828125 -0.144012451171875 0.29412841796875
0.304656982421875 -0.063018798828125 -0.208587646484375 0.196945190429687
0.284149169921875 0.1527099609375 -0.211776733398437 0.0162506103515625
0.068756103515625 0.390716552734375 -0.094573974609375 -0.0935897827148437
-0.105438232421875 0.4061279296875 0.0401077270507812 0.071685791015625
-0.33251953125 0.410888671875 -0.128387451171875 0.21881103515625
-0.105743408203125 0.276870727539063 -0.476165771484375 0.50775146484375
0.0292510986328125 0.263687133789063 -0.112762451171875 0.45819091796875
0.147979736328125 0.170196533203125 0.0493316650390625 0.157363891601563
0.169586181640625 0.0282745361328125 -0.065032958984375 0.0787353515625
0.1439208984375 -0.04071044921875 -0.134674072265625 0.1448974609375
0.0931625366210938 -0.118820190429688 -0.13232421875 0.268325805664063
0.0528793334960937 -0.13604736328125 -0.021240234375 0.387359619140625
0.0686111450195313 -0.133781433105469 0.00613403320312501 0.404449462890625
0.079193115234375 -0.141525268554688 -0.03564453125 0.411041259765625
0.109329223632812 -0.0732040405273438 -0.1673583984375 0.33172607421875
0.146041870117187 0.0051422119140625 -0.223236083984375 0.190338134765625
0.099365234375 0.0940475463867188 -0.21038818359375 0.024139404296875
-0.0108642578125 0.174072265625 -0.0800552368164062 -0.0540237426757812
-0.064483642578125 0.174224853515625 0.013427734375 0.156646728515625
-0.168502807617188 0.211090087890625 -0.229705810546875 0.3275146484375
-0.0667610168457031 0.0123291015625 0.1678466796875 -0.472137451171875
-0.0215034484863281 0.0599365234375 -0.030426025390625 -0.2452392578125
0.0560836791992188 0.0577583312988281 0.0453872680664063 0.0493888854980469
0.0701637268066406 -0.00344085693359375 0.203399658203125 -0.0253143310546875
0.0388870239257812 -0.0711669921875 0.231948852539063 -0.17401123046875
-0.0365257263183594 -0.0637664794921875 0.129364013671875 -0.353485107421875
-0.0599555969238281 -0.0463294982910156 -0.0517578125 -0.45306396484375
-0.036102294921875 -0.0357818603515625 -0.076568603515625 -0.432159423828125
-0.0501937866210938 -0.0315475463867187 -0.0274658203125 -0.429779052734375
-0.00411224365234375 -0.0494155883789063 0.09112548828125 -0.333984375
0.0309600830078125 -0.0264167785644531 0.099090576171875 -0.185394287109375
0.0485954284667969 0.0320587158203125 0.0501785278320313 -0.133087158203125
-0.0110054016113281 0.0414848327636719 -0.0307464599609375 -0.231216430664062
-0.0406723022460938 0.0152702331542969 0.032135009765625 -0.517425537109375
-0.04052734375 -0.0481452941894531 0.505615234375 -0.6358642578125
-0.209762573242188 0.270660400390625 0.162811279296875 -0.445648193359375
-0.06085205078125 0.280014038085937 -0.0184478759765625 -0.243011474609375
0.147323608398438 0.266311645507813 0.0400276184082031 0.0464324951171875
0.235336303710937 0.0700531005859375 0.177352905273438 -0.021270751953125
0.210708618164062 -0.11468505859375 0.22039794921875 -0.131698608398438
0.048492431640625 -0.213241577148437 0.124725341796875 -0.312103271484375
-0.0498504638671875 -0.227462768554687 -0.034271240234375 -0.40753173828125
-0.00585937500000001 -0.219512939453125 -0.053985595703125 -0.373809814453125
-0.0318145751953125 -0.232376098632813 -0.011505126953125 -0.379150390625
0.0812835693359375 -0.210281372070313 0.076202392578125 -0.27984619140625
0.207565307617188 -0.116744995117188 0.0713729858398438 -0.137809753417969
0.257843017578125 0.078094482421875 0.016265869140625 -0.13385009765625
0.09857177734375 0.27447509765625 -0.048248291015625 -0.260360717773438
-0.055511474609375 0.28369140625 0.0618896484375 -0.526123046875
-0.19952392578125 0.2252197265625 0.54376220703125 -0.564697265625
-0.35980224609375 0.46026611328125 0.123687744140625 -0.33929443359375
-0.119537353515625 0.4632568359375 -0.00357055664062502 -0.186111450195313
0.236846923828125 0.4471435546875 0.047454833984375 0.0512199401855469
0.38580322265625 0.130218505859375 0.147384643554688 -0.02154541015625
0.362823486328125 -0.150543212890625 0.184982299804688 -0.0886688232421875
0.130279541015625 -0.3372802734375 0.095245361328125 -0.240524291992188
-0.0274658203125 -0.375030517578125 -0.02490234375 -0.3070068359375
0.02496337890625 -0.36822509765625 -0.03228759765625 -0.260223388671875
-0.010406494140625 -0.397125244140625 -0.00279235839843752 -0.269271850585938
0.15380859375 -0.34112548828125 0.0402679443359375 -0.181564331054688
0.361114501953125 -0.19036865234375 0.01995849609375 -0.0655975341796875
0.438140869140625 0.115142822265625 -0.03985595703125 -0.120285034179687
0.199981689453125 0.47900390625 -0.0848846435546875 -0.269790649414062
-0.051544189453125 0.5240478515625 0.060638427734375 -0.48626708984375
-0.326446533203125 0.475555419921875 0.430084228515625 -0.52435302734375
-0.41357421875 0.6314697265625 0.00341796874999999 -0.195281982421875
-0.10931396484375 0.61663818359375 -0.0188140869140625 -0.0827255249023437
0.29656982421875 0.58135986328125 0.0574951171875 0.0650634765625
0.493621826171875 0.18841552734375 0.107078552246094 -0.0127182006835937
0.477935791015625 -0.150787353515625 0.127044677734375 -0.0285186767578125
0.212646484375 -0.403350830078125 0.0554656982421875 -0.132728576660156
0.022247314453125 -0.46514892578125 -0.00350952148437498 -0.161087036132813
0.0863647460937499 -0.45013427734375 0.00148773193359376 -0.105735778808594
0.05322265625 -0.489471435546875 0.0180740356445313 -0.112930297851563
0.235748291015625 -0.39678955078125 0.00259399414062501 -0.0458717346191406
0.4708251953125 -0.20184326171875 -0.0431709289550781 0.022064208984375
0.544769287109375 0.170562744140625 -0.097991943359375 -0.091278076171875
0.239501953125 0.62530517578125 -0.096038818359375 -0.255279541015625
-0.0958251953125 0.67303466796875 0.08648681640625 -0.37530517578125
-0.44781494140625 0.6114501953125 0.331634521484375 -0.339935302734375
-0.4364013671875 0.68536376953125 -0.130409240722656 -0.00574493408203122
-0.09185791015625 0.68310546875 -0.034210205078125 0.0586280822753907
0.3497314453125 0.6217041015625 0.0681381225585938 0.0840606689453125
0.54937744140625 0.189117431640625 0.0547409057617188 -0.00166702270507811
0.51904296875 -0.161529541015625 0.0484352111816407 0.0311126708984375
0.242401123046875 -0.429351806640625 -0.00717926025390623 -0.00936985015869143
0.04437255859375 -0.486602783203125 -0.00563812255859375 0.00818538665771481
0.108856201171875 -0.471160888671875 0.0129470825195313 0.0627670288085937
0.0785522460937501 -0.510498046875 0.0144805908203125 0.0599021911621093
0.25537109375 -0.40020751953125 -0.050811767578125 0.0966567993164062
0.49609375 -0.20001220703125 -0.110572814941406 0.112052917480469
0.56298828125 0.181884765625 -0.15771484375 -0.046051025390625
0.2432861328125 0.661865234375 -0.114486694335937 -0.209228515625
-0.1031494140625 0.7130126953125 0.0787811279296875 -0.224990844726562
-0.48260498046875 0.65972900390625 0.178726196289062 -0.140228271484375
-0.3743896484375 0.6527099609375 -0.2685546875 0.20159912109375
-0.04827880859375 0.64373779296875 -0.0528411865234375 0.216720581054688
0.350433349609375 0.555908203125 0.0708847045898438 0.107315063476563
0.5086669921875 0.15228271484375 -0.00150489807128903 0.0228538513183594
0.4686279296875 -0.149566650390625 -0.0325851440429687 0.091949462890625
0.226837158203125 -0.38726806640625 -0.06402587890625 0.117958068847656
0.053070068359375 -0.43359375 -0.007537841796875 0.1768798828125
0.109893798828125 -0.420562744140625 0.0206756591796875 0.2220458984375
0.091033935546875 -0.449462890625 0.00630187988281252 0.224197387695312
0.2374267578125 -0.33489990234375 -0.098785400390625 0.223007202148437
0.436248779296875 -0.1527099609375 -0.167282104492187 0.180694580078125
0.469818115234375 0.17437744140625 -0.19927978515625 -0.00186157226562503
0.183837890625 0.5784912109375 -0.116165161132812 -0.148727416992187
-0.10540771484375 0.61676025390625 0.0647087097167969 -0.0645065307617187
-0.43878173828125 0.59869384765625 0.0184860229492187 0.061798095703125
-0.25555419921875 0.515625 -0.38775634765625 0.39453125
-0.00299072265625 0.497222900390625 -0.074432373046875 0.362640380859375
0.277191162109375 0.39288330078125 0.0653457641601563 0.132720947265625
0.372528076171875 0.0936279296875 -0.0449638366699219 0.0536537170410156
0.3350830078125 -0.10858154296875 -0.096923828125 0.137138366699219
0.173233032226562 -0.280120849609375 -0.107208251953125 0.222198486328125
0.054779052734375 -0.3123779296875 -0.00714111328125002 0.315643310546875
0.09423828125 -0.3040771484375 0.025115966796875 0.34649658203125
0.089080810546875 -0.32281494140625 -0.00466918945312496 0.352569580078125
0.185348510742188 -0.219268798828125 -0.13677978515625 0.310577392578125
0.30938720703125 -0.077728271484375 -0.205291748046875 0.210433959960938
0.29986572265625 0.145416259765625 -0.217529296875 0.0248870849609375
0.08740234375 0.403839111328125 -0.103401184082031 -0.0922698974609375
-0.09503173828125 0.42181396484375 0.0446090698242187 0.07244873046875
-0.328948974609375 0.4407958984375 -0.121902465820312 0.233428955078125
-0.100189208984375 0.292816162109375 -0.471160888671875 0.539642333984375
0.039581298828125 0.271896362304688 -0.099212646484375 0.476898193359375
0.161117553710938 0.169052124023438 0.0599365234375 0.158401489257813
0.176528930664063 0.0210418701171875 -0.06195068359375 0.0817108154296875
0.147811889648438 -0.0489501953125 -0.132110595703125 0.15289306640625
0.0908889770507813 -0.125900268554688 -0.128570556640625 0.282501220703125
0.0472412109375 -0.141067504882813 -0.00683593750000004 0.40216064453125
0.0636749267578125 -0.141708374023438 0.0252685546875 0.417572021484375
0.0745697021484375 -0.149032592773438 -0.017822265625 0.427642822265625
0.108360290527344 -0.0792922973632813 -0.1597900390625 0.349334716796875
0.149063110351563 -0.0018768310546875 -0.221923828125 0.2030029296875
0.107337951660156 0.0926742553710938 -0.215667724609375 0.03411865234375
-0.00173950195312501 0.182754516601562 -0.0853805541992188 -0.0514755249023437
-0.0601806640625 0.182907104492188 0.022003173828125 0.159820556640625
-0.167068481445312 0.22686767578125 -0.22137451171875 0.348419189453125
-0.0674209594726563 0.0142021179199219 0.14190673828125 -0.4915771484375
-0.0184402465820312 0.0614280700683594 -0.0470123291015625 -0.246963500976563
0.0612068176269531 0.0556716918945313 0.0512657165527344 0.0456275939941406
0.0721359252929687 -0.0052490234375 0.202499389648438 -0.039215087890625
0.0341262817382812 -0.0729598999023438 0.2227783203125 -0.189895629882813
-0.0412178039550781 -0.0602760314941406 0.111572265625 -0.366729736328125
-0.0619697570800781 -0.0420036315917969 -0.08111572265625 -0.4556884765625
-0.03741455078125 -0.0332565307617188 -0.10693359375 -0.434661865234375
-0.053131103515625 -0.0255355834960938 -0.05810546875 -0.4373779296875
-0.0081329345703125 -0.0488433837890625 0.072265625 -0.346435546875
0.0296859741210938 -0.0277576446533203 0.0901641845703125 -0.19244384765625
0.051116943359375 0.0298271179199219 0.0400466918945313 -0.138336181640625
-0.0109825134277344 0.0411529541015625 -0.0474700927734375 -0.233428955078125
-0.0403785705566406 0.0152359008789062 -0.00137329101562499 -0.522735595703125
-0.0424919128417969 -0.0462188720703125 0.47216796875 -0.67559814453125
-0.19635009765625 0.28729248046875 0.134002685546875 -0.465240478515625
-0.045562744140625 0.2874755859375 -0.034912109375 -0.246429443359375
0.168136596679687 0.261672973632813 0.0474395751953125 0.0434303283691406
0.243316650390625 0.0592803955078125 0.176528930664063 -0.033416748046875
0.20440673828125 -0.1292724609375 0.212966918945313 -0.147720336914062
0.0342864990234375 -0.2154541015625 0.108367919921875 -0.322662353515625
-0.0645599365234375 -0.22357177734375 -0.0621337890625 -0.41131591796875
-0.0198211669921875 -0.221160888671875 -0.079681396484375 -0.37884521484375
-0.0478363037109375 -0.230377197265625 -0.0390625 -0.387451171875
0.0688629150390625 -0.216537475585938 0.061859130859375 -0.29095458984375
0.202926635742188 -0.130813598632813 0.065185546875 -0.14276123046875
0.267623901367188 0.0626068115234375 0.00571441650390626 -0.138404846191406
0.115798950195313 0.2725830078125 -0.06719970703125 -0.260772705078125
-0.039764404296875 0.288909912109375 0.029083251953125 -0.53485107421875
-0.188034057617188 0.241729736328125 0.51513671875 -0.60467529296875
-0.33477783203125 0.49072265625 0.101959228515625 -0.35711669921875
-0.094940185546875 0.47784423828125 -0.01824951171875 -0.190902709960937
0.2696533203125 0.438720703125 0.0565986633300781 0.0467376708984375
0.39892578125 0.112060546875 0.146224975585938 -0.0326995849609375
0.3555908203125 -0.175079345703125 0.18011474609375 -0.103012084960938
0.108917236328125 -0.3447265625 0.081756591796875 -0.247604370117188
-0.052032470703125 -0.37347412109375 -0.047760009765625 -0.308746337890625
0.00112915039062499 -0.3756103515625 -0.0494842529296875 -0.264556884765625
-0.0382080078125 -0.398834228515625 -0.0224456787109375 -0.274810791015625
0.13458251953125 -0.353424072265625 0.0316162109375 -0.187591552734375
0.3526611328125 -0.21380615234375 0.0190391540527344 -0.0666961669921875
0.45550537109375 0.088775634765625 -0.0502700805664062 -0.120468139648437
0.23297119140625 0.475830078125 -0.106887817382812 -0.267349243164062
-0.023773193359375 0.533447265625 0.0304565429687499 -0.4945068359375
-0.3013916015625 0.506011962890625 0.403472900390625 -0.55523681640625
-0.38006591796875 0.66851806640625 -0.01141357421875 -0.203857421875
-0.07501220703125 0.634033203125 -0.0282058715820313 -0.0851211547851562
0.3421630859375 0.5712890625 0.0687294006347656 0.0596580505371094
0.513458251953125 0.16229248046875 0.107223510742188 -0.022613525390625
0.47381591796875 -0.1866455078125 0.126571655273438 -0.0391006469726563
0.1871337890625 -0.4197998046875 0.0466842651367188 -0.135704040527344
-0.00906372070312501 -0.467376708984375 -0.0154571533203125 -0.162200927734375
0.0584716796875 -0.464385986328125 -0.00434112548828125 -0.109001159667969
0.0191040039062501 -0.49896240234375 0.0102615356445313 -0.116294860839844
0.21368408203125 -0.4139404296875 0.00176620483398439 -0.0464630126953125
0.464508056640625 -0.235076904296875 -0.0400428771972656 0.026336669921875
0.5662841796875 0.138427734375 -0.107109069824219 -0.0874710083007813
0.28009033203125 0.62347412109375 -0.11663818359375 -0.251449584960937
-0.0584716796875 0.6875 0.064208984375 -0.383575439453125
-0.41900634765625 0.65032958984375 0.315765380859375 -0.3612060546875
-0.4007568359375 0.727294921875 -0.135955810546875 -0.00285339355468747
-0.05224609375 0.70184326171875 -0.0348587036132812 0.0599899291992188
0.40069580078125 0.61029052734375 0.0807037353515625 0.0775680541992188
0.5693359375 0.1583251953125 0.0555267333984375 -0.00804138183593749
0.515838623046875 -0.200103759765625 0.0514755249023438 0.0250358581542969
0.216766357421875 -0.4471435546875 -0.00927829742431639 -0.00689888000488284
0.01177978515625 -0.4913330078125 -0.00728607177734375 0.0096321105957031
0.07830810546875 -0.48724365234375 0.01904296875 0.0628852844238281
0.0438232421875 -0.521270751953125 0.0189857482910156 0.0608978271484375
0.233978271484375 -0.418609619140625 -0.0435867309570312 0.102783203125
0.491119384765625 -0.232757568359375 -0.103492736816406 0.121185302734375
0.5863037109375 0.1483154296875 -0.164764404296875 -0.037567138671875
0.28955078125 0.6595458984375 -0.132461547851563 -0.20379638671875
-0.06524658203125 0.7296142578125 0.065765380859375 -0.232040405273437
-0.45013427734375 0.70635986328125 0.173477172851562 -0.15032958984375
-0.3404541015625 0.69171142578125 -0.262893676757813 0.217636108398438
-0.01007080078125 0.65966796875 -0.0429840087890625 0.223037719726563
0.395050048828125 0.542877197265625 0.0835800170898438 0.101142883300781
0.528045654296875 0.1234130859375 0.000545501708984407 0.0205516815185547
0.46575927734375 -0.18609619140625 -0.0263824462890625 0.0919570922851562
0.20379638671875 -0.405975341796875 -0.0598907470703125 0.126205444335937
0.02447509765625 -0.439361572265625 0.00270080566406252 0.181472778320312
0.0838623046874999 -0.434478759765625 0.03753662109375 0.2247314453125
0.061004638671875 -0.46099853515625 0.022735595703125 0.22943115234375
0.219512939453125 -0.35223388671875 -0.0855712890625 0.235000610351562
0.431060791015625 -0.1820068359375 -0.156509399414063 0.193603515625
0.4906005859375 0.146759033203125 -0.20404052734375 0.00971984863281251
0.22454833984375 0.57861328125 -0.129837036132813 -0.141510009765625
-0.0723876953125 0.63262939453125 0.0618972778320312 -0.068603515625
-0.41046142578125 0.639404296875 0.0242042541503906 0.0647315979003907
-0.229278564453125 0.5433349609375 -0.371246337890625 0.42156982421875
0.027313232421875 0.507354736328125 -0.055450439453125 0.373260498046875
0.31024169921875 0.380615234375 0.0784530639648438 0.127761840820313
0.38446044921875 0.06976318359375 -0.041290283203125 0.0553398132324219
0.333160400390625 -0.135284423828125 -0.089080810546875 0.142166137695313
0.1566162109375 -0.294219970703125 -0.0972747802734375 0.23431396484375
0.033355712890625 -0.317718505859375 0.012359619140625 0.322845458984375
0.07403564453125 -0.3155517578125 0.050537109375 0.352569580078125
0.068359375 -0.332366943359375 0.020721435546875 0.361846923828125
0.173324584960938 -0.23260498046875 -0.11944580078125 0.325958251953125
0.306610107421875 -0.100189208984375 -0.193588256835937 0.225433349609375
0.31646728515625 0.12811279296875 -0.21966552734375 0.0392913818359375
0.11700439453125 0.406646728515625 -0.112419128417969 -0.0855636596679687
-0.072967529296875 0.43475341796875 0.0510940551757812 0.0697021484375
-0.310028076171875 0.4716796875 -0.107162475585937 0.246826171875
-0.085418701171875 0.30682373046875 -0.44659423828125 0.5740966796875
0.056243896484375 0.2757568359375 -0.0714111328125 0.491119384765625
0.175552368164063 0.161209106445313 0.07305908203125 0.154220581054688
0.1806640625 0.0089874267578125 -0.0560989379882812 0.0853958129882813
0.147262573242188 -0.0614166259765625 -0.124114990234375 0.16192626953125
0.0845489501953125 -0.1339111328125 -0.11572265625 0.297271728515625
0.0372467041015625 -0.14495849609375 0.017791748046875 0.41033935546875
0.05419921875 -0.14837646484375 0.053985595703125 0.42608642578125
0.0653076171875 -0.156967163085938 0.013763427734375 0.439727783203125
0.104515075683594 -0.0869598388671875 -0.140869140625 0.3663330078125
0.149887084960938 -0.0133514404296875 -0.211532592773438 0.218460083007812
0.115829467773438 0.0867691040039063 -0.216018676757813 0.0487060546875
0.0126800537109375 0.188034057617188 -0.0901031494140625 -0.0456008911132812
-0.050201416015625 0.189956665039063 0.03399658203125 0.1597900390625
-0.157302856445313 0.243911743164062 -0.199005126953125 0.36920166015625
-0.0648994445800781 0.0169486999511719 0.10736083984375 -0.49462890625
-0.0144271850585937 0.0612220764160156 -0.063018798828125 -0.242141723632813
0.0644302368164063 0.0507431030273438 0.0549240112304688 0.039947509765625
0.072296142578125 -0.0082855224609375 0.194427490234375 -0.052001953125
0.0277252197265625 -0.0726776123046875 0.205673217773438 -0.200210571289063
-0.0439834594726562 -0.0534744262695313 0.087188720703125 -0.36956787109375
-0.0625152587890625 -0.03594970703125 -0.110198974609375 -0.4437255859375
-0.0380859375 -0.0294456481933594 -0.137176513671875 -0.423553466796875
-0.0527420043945313 -0.0196952819824219 -0.09039306640625 -0.4287109375
-0.0112686157226563 -0.0458564758300781 0.049468994140625 -0.34759521484375
0.0275821685791016 -0.0274238586425781 0.0776824951171875 -0.193191528320313
0.0532760620117187 0.0257072448730469 0.0286407470703125 -0.13836669921875
-0.011016845703125 0.0400238037109375 -0.0642242431640625 -0.226181030273438
-0.0386161804199219 0.0164146423339844 -0.0361328125 -0.5108642578125
-0.0429191589355469 -0.0435256958007813 0.4190673828125 -0.68914794921875
-0.173553466796875 0.293426513671875 0.0988464355468749 -0.46905517578125
-0.028076171875 0.285797119140625 -0.052581787109375 -0.241836547851562
0.18359375 0.245986938476563 0.0527534484863281 0.0371665954589844
0.244064331054688 0.0443267822265625 0.168731689453125 -0.044952392578125
0.190963745117188 -0.139053344726563 0.19915771484375 -0.158966064453125
0.0196685791015625 -0.210372924804687 0.08734130859375 -0.32330322265625
-0.076416015625 -0.213027954101563 -0.08892822265625 -0.400726318359375
-0.0330963134765625 -0.216278076171875 -0.1046142578125 -0.3702392578125
-0.06280517578125 -0.220230102539062 -0.06781005859375 -0.380401611328125
0.0534515380859375 -0.215225219726563 0.043609619140625 -0.292266845703125
0.191802978515625 -0.13983154296875 0.0572357177734375 -0.143112182617188
0.268753051757812 0.043975830078125 -0.00616455078124998 -0.136238098144531
0.130752563476563 0.261688232421875 -0.085662841796875 -0.251800537109375
-0.022613525390625 0.285858154296875 -0.00592041015625001 -0.5244140625
-0.167999267578125 0.251327514648438 0.4654541015625 -0.622802734375
-0.297821044921875 0.504791259765625 0.07403564453125 -0.361480712890625
-0.06475830078125 0.477264404296875 -0.0337371826171875 -0.188812255859375
0.296722412109375 0.41259765625 0.0627212524414063 0.0384712219238282
0.4013671875 0.0841064453125 0.139762878417969 -0.0433197021484375
0.3363037109375 -0.196533203125 0.16912841796875 -0.1136474609375
0.08343505859375 -0.342041015625 0.064727783203125 -0.24652099609375
-0.074859619140625 -0.358856201171875 -0.0670166015625 -0.301361083984375
-0.024078369140625 -0.369873046875 -0.067291259765625 -0.259185791015625
-0.064605712890625 -0.386322021484375 -0.0426483154296875 -0.27020263671875
0.109222412109375 -0.354034423828125 0.0208282470703125 -0.187530517578125
0.3333740234375 -0.233367919921875 0.0169792175292969 -0.0659332275390625
0.455230712890625 0.057281494140625 -0.060150146484375 -0.1156005859375
0.2607421875 0.454254150390625 -0.12457275390625 -0.255111694335937
0.00790405273437505 0.525634765625 -0.00149536132812502 -0.485565185546875
-0.2640380859375 0.519683837890625 0.3592529296875 -0.56805419921875
-0.329833984375 0.68548583984375 -0.0275421142578125 -0.20458984375
-0.0343017578125 0.6319580078125 -0.0370712280273438 -0.0832748413085937
0.378448486328125 0.539306640625 0.0766983032226563 0.0494766235351563
0.515777587890625 0.125885009765625 0.102401733398438 -0.0316238403320312
0.452056884765625 -0.215362548828125 0.121383666992188 -0.0487136840820313
0.155792236328125 -0.42193603515625 0.0370254516601562 -0.133468627929688
-0.03948974609375 -0.45367431640625 -0.02801513671875 -0.158462524414063
0.02557373046875 -0.46173095703125 -0.0110244750976562 -0.109092712402344
-0.016265869140625 -0.488800048828125 0.00179290771484375 -0.115211486816406
0.18280029296875 -0.41851806640625 0.00085449218750001 -0.04632568359375
0.440765380859375 -0.260986328125 -0.0352897644042969 0.0290870666503906
0.5701904296875 0.09820556640625 -0.113555908203125 -0.07928466796875
0.3182373046875 0.5992431640625 -0.133468627929688 -0.236984252929687
-0.017578125 0.681640625 0.03802490234375 -0.37969970703125
-0.370361328125 0.6727294921875 0.2874755859375 -0.3721923828125
-0.34710693359375 0.74462890625 -0.137054443359375 0.00226593017578129
-0.00817871093749994 0.6983642578125 -0.0345802307128906 0.0613212585449219
0.4371337890625 0.57464599609375 0.0898056030273438 0.0665740966796875
0.572265625 0.120361328125 0.0532951354980469 -0.0137214660644531
0.491455078125 -0.233154296875 0.0516281127929688 0.0188446044921875
0.1812744140625 -0.450927734375 -0.0112237930297851 -0.00309944152832034
-0.0219116210937499 -0.478790283203125 -0.00805854797363281 0.011627197265625
0.043609619140625 -0.4854736328125 0.0238761901855469 0.0593833923339843
0.005645751953125 -0.512847900390625 0.0232467651367187 0.0599555969238281
0.20196533203125 -0.425079345703125 -0.0341262817382812 0.104377746582031
0.4652099609375 -0.26129150390625 -0.0920791625976562 0.125946044921875
0.5889892578125 0.10748291015625 -0.166793823242187 -0.026275634765625
0.330322265625 0.634521484375 -0.146209716796875 -0.188766479492187
-0.0205688476562499 0.72314453125 0.0502777099609375 -0.231353759765625
-0.39892578125 0.72906494140625 0.16278076171875 -0.155853271484375
-0.291259765625 0.7054443359375 -0.2470703125 0.228179931640625
0.03131103515625 0.65447998046875 -0.0315399169921875 0.222763061523438
0.42803955078125 0.50762939453125 0.0933609008789063 0.0894241333007813
0.52764892578125 0.08551025390625 0.00217247009277347 0.0174674987792969
0.44598388671875 -0.21697998046875 -0.0190658569335937 0.0893325805664062
0.172698974609375 -0.409454345703125 -0.053070068359375 0.131233215332031
-0.00607299804687495 -0.429473876953125 0.0127105712890625 0.180328369140625
0.05194091796875 -0.4346923828125 0.05401611328125 0.218719482421875
0.026824951171875 -0.456695556640625 0.0395660400390625 0.225936889648437
0.193084716796875 -0.35882568359375 -0.06744384765625 0.238021850585938
0.41046142578125 -0.209259033203125 -0.140670776367187 0.20050048828125
0.49462890625 0.110443115234375 -0.20196533203125 0.0235595703125
0.262176513671875 0.559234619140625 -0.139198303222656 -0.127822875976562
-0.03338623046875 0.62799072265625 0.0578079223632813 -0.0710906982421875
-0.3648681640625 0.66107177734375 0.0308456420898437 0.0642089843750001
-0.19189453125 0.55303955078125 -0.341644287109375 0.435882568359375
0.0570068359375001 0.500946044921875 -0.03314208984375 0.373443603515625
0.331573486328125 0.35491943359375 0.08807373046875 0.116714477539063
0.382354736328125 0.04345703125 -0.0360374450683594 0.0548934936523438
0.317901611328125 -0.1575927734375 -0.0776824951171875 0.14300537109375
0.1341552734375 -0.298736572265625 -0.0827178955078125 0.239059448242187
0.011016845703125 -0.31146240234375 0.032501220703125 0.319305419921875
0.050628662109375 -0.316497802734375 0.075042724609375 0.344085693359375
0.042388916015625 -0.330657958984375 0.04779052734375 0.3572998046875
0.155303955078125 -0.2381591796875 -0.09442138671875 0.330230712890625
0.29290771484375 -0.118865966796875 -0.175888061523437 0.23333740234375
0.3203125 0.10498046875 -0.214035034179687 0.053314208984375
0.143829345703125 0.39520263671875 -0.117416381835937 -0.0741653442382812
-0.0457763671875 0.4326171875 0.0564651489257813 0.0646705627441407
-0.276214599609375 0.487762451171875 -0.0856781005859375 0.250411987304688
-0.065765380859375 0.310028076171875 -0.40386962890625 0.592529296875
0.07275390625 0.269454956054688 -0.041168212890625 0.489837646484375
0.18328857421875 0.147079467773438 0.0819091796875 0.144210815429688
0.17816162109375 -0.0041046142578125 -0.0479660034179687 0.0858917236328125
0.141006469726563 -0.0722503662109375 -0.1109619140625 0.165130615234375
0.0741958618164062 -0.137680053710938 -0.0972900390625 0.300872802734375
0.0262603759765625 -0.143325805664063 0.043487548828125 0.406005859375
0.0425262451171875 -0.150390625 0.08465576171875 0.417205810546875
0.0519866943359375 -0.159225463867188 0.04730224609375 0.433746337890625
0.0970535278320313 -0.0919036865234375 -0.11383056640625 0.371795654296875
0.14398193359375 -0.024017333984375 -0.1944580078125 0.22796630859375
0.120697021484375 0.0764236450195313 -0.208847045898438 0.06304931640625
0.02728271484375 0.185516357421875 -0.092132568359375 -0.0370864868164063
-0.037261962890625 0.191146850585938 0.0457611083984375 0.1536865234375
-0.140380859375 0.253265380859375 -0.168212890625 0.375946044921875
-0.0620956420898438 0.0180320739746094 0.08184814453125 -0.482635498046875
-0.011688232421875 0.0589408874511719 -0.071136474609375 -0.234176635742187
0.0655288696289063 0.0460128784179688 0.0555343627929688 0.0338401794433594
0.0708160400390625 -0.0104904174804688 0.183609008789062 -0.0583343505859375
0.0239410400390625 -0.0697441101074219 0.189376831054688 -0.2005615234375
-0.0443000793457031 -0.0483055114746094 0.0712890625 -0.360260009765625
-0.0603485107421875 -0.0319480895996094 -0.12664794921875 -0.42413330078125
-0.0367393493652344 -0.0267372131347656 -0.153228759765625 -0.404541015625
-0.05047607421875 -0.0137519836425781 -0.110260009765625 -0.411834716796875
-0.01348876953125 -0.0423431396484375 0.034088134765625 -0.341094970703125
0.0261554718017578 -0.0271739959716797 0.06829833984375 -0.188629150390625
0.0528755187988281 0.0225372314453125 0.0199127197265625 -0.135383605957031
-0.0109329223632813 0.038604736328125 -0.0738677978515625 -0.2158203125
-0.0364036560058594 0.0157012939453125 -0.056854248046875 -0.489654541015625
-0.0411109924316406 -0.0407524108886719 0.3758544921875 -0.67730712890625
-0.154876708984375 0.2900390625 0.07476806640625 -0.45880126953125
-0.0163116455078125 0.27734375 -0.0634002685546875 -0.233078002929688
0.18994140625 0.228683471679687 0.0546722412109375 0.029876708984375
0.2396240234375 0.0338287353515625 0.1590576171875 -0.0514373779296875
0.178298950195313 -0.141159057617188 0.185134887695313 -0.160934448242188
0.0101776123046875 -0.201431274414062 0.072052001953125 -0.31634521484375
-0.08135986328125 -0.2003173828125 -0.104278564453125 -0.38372802734375
-0.0409393310546875 -0.20831298828125 -0.120391845703125 -0.3553466796875
-0.0702362060546875 -0.207763671875 -0.0859375 -0.365997314453125
0.042633056640625 -0.208541870117188 0.030487060546875 -0.286773681640625
0.178970336914063 -0.142807006835938 0.051605224609375 -0.139785766601563
0.263702392578125 0.030364990234375 -0.0134811401367187 -0.131095886230469
0.13580322265625 0.249069213867188 -0.095489501953125 -0.237686157226563
-0.0114593505859375 0.276687622070313 -0.026611328125 -0.50274658203125
-0.151611328125 0.251144409179688 0.42535400390625 -0.61572265625
-0.26373291015625 0.500885009765625 0.05352783203125 -0.354644775390625
-0.0438232421875 0.464691162109375 -0.0440521240234375 -0.182342529296875
0.3076171875 0.384246826171875 0.0655479431152344 0.0293045043945313
0.392547607421875 0.06671142578125 0.131385803222656 -0.0488357543945312
0.3148193359375 -0.204132080078125 0.158187866210938 -0.117401123046875
0.066864013671875 -0.330902099609375 0.0536651611328125 -0.239669799804688
-0.086151123046875 -0.341064453125 -0.079925537109375 -0.287750244140625
-0.038482666015625 -0.3575439453125 -0.077972412109375 -0.250106811523438
-0.079803466796875 -0.3685302734375 -0.0550994873046875 -0.260208129882813
0.09100341796875 -0.344482421875 0.013427734375 -0.1842041015625
0.311767578125 -0.23870849609375 0.0150375366210938 -0.0636329650878906
0.44500732421875 0.035919189453125 -0.0646743774414062 -0.108772277832031
0.272216796875 0.432342529296875 -0.132919311523437 -0.237777709960938
0.0267333984375 0.507049560546875 -0.021148681640625 -0.467254638671875
-0.23529052734375 0.517120361328125 0.324462890625 -0.55865478515625
-0.2879638671875 0.67816162109375 -0.03973388671875 -0.199142456054687
-0.00866699218749997 0.614501953125 -0.0436248779296875 -0.0795898437499999
0.39288330078125 0.503387451171875 0.0796051025390625 0.0389556884765625
0.50445556640625 0.101470947265625 0.0960464477539063 -0.0362625122070312
0.42572021484375 -0.229278564453125 0.114448547363281 -0.0540008544921875
0.13165283203125 -0.41033935546875 0.0304412841796875 -0.128738403320313
-0.05670166015625 -0.433135986328125 -0.0357513427734375 -0.151519775390625
0.00448608398437499 -0.448760986328125 -0.0161209106445312 -0.106788635253906
-0.037994384765625 -0.4698486328125 -0.00390625000000001 -0.112380981445313
0.158599853515625 -0.4114990234375 0.000568389892578134 -0.0452117919921875
0.41510009765625 -0.269927978515625 -0.030914306640625 0.0303268432617187
0.55987548828125 0.071197509765625 -0.115348815917969 -0.0718154907226563
0.335205078125 0.5699462890625 -0.140396118164062 -0.220748901367188
0.00762939453125004 0.65985107421875 0.023468017578125 -0.366607666015625
-0.33233642578125 0.6700439453125 0.264434814453125 -0.36639404296875
-0.3033447265625 0.73809814453125 -0.136123657226563 0.00516510009765629
0.01953125 0.6785888671875 -0.0344429016113281 0.0613861083984375
0.4520263671875 0.534698486328125 0.093353271484375 0.054901123046875
0.5594482421875 0.09271240234375 0.0505218505859375 -0.0178031921386719
0.465057373046875 -0.24871826171875 0.0504264831542969 0.0132255554199219
0.154998779296875 -0.441619873046875 -0.0114259719848633 0.000205039978027317
-0.04046630859375 -0.45745849609375 -0.00900554656982422 0.0126152038574218
0.020233154296875 -0.473541259765625 0.0261955261230469 0.0550384521484375
-0.019073486328125 -0.493988037109375 0.0270767211914063 0.0572319030761719
0.1783447265625 -0.418853759765625 -0.0270004272460937 0.1026611328125
0.438323974609375 -0.27215576171875 -0.081878662109375 0.125686645507812
0.578369140625 0.07720947265625 -0.164016723632812 -0.0179595947265625
0.3489990234375 0.60406494140625 -0.150070190429687 -0.172775268554687
0.00775146484375 0.6998291015625 0.040618896484375 -0.224807739257812
-0.3580322265625 0.72430419921875 0.153488159179687 -0.154922485351562
-0.250732421875 0.699462890625 -0.233306884765625 0.229232788085938
0.0554199218749999 0.63623046875 -0.0234222412109375 0.218551635742188
0.43914794921875 0.47186279296875 0.097412109375 0.0778732299804688
0.5147705078125 0.061737060546875 0.00294780731201175 0.0144681930541992
0.419647216796875 -0.231475830078125 -0.0152206420898437 0.0835189819335937
0.148101806640625 -0.40264892578125 -0.047210693359375 0.131767272949219
-0.02374267578125 -0.410919189453125 0.01904296875 0.175537109375
0.02972412109375 -0.42413330078125 0.062957763671875 0.209014892578125
0.00338745117187497 -0.4412841796875 0.0512237548828125 0.217620849609375
0.171295166015625 -0.354583740234375 -0.0534515380859375 0.234207153320312
0.386444091796875 -0.219512939453125 -0.125930786132813 0.199462890625
0.486053466796875 0.085113525390625 -0.1947021484375 0.0315704345703125
0.280303955078125 0.53302001953125 -0.140327453613281 -0.115028381347656
-0.0093994140625 0.6097412109375 0.0550460815429687 -0.0714035034179687
-0.32794189453125 0.65802001953125 0.0350341796875 0.0620803833007813
-0.16192626953125 0.545867919921875 -0.313690185546875 0.433746337890625
0.075531005859375 0.485198974609375 -0.017303466796875 0.364471435546875
0.338958740234375 0.32879638671875 0.09210205078125 0.105888366699219
0.372314453125 0.025848388671875 -0.0318107604980469 0.0522270202636719
0.29998779296875 -0.168426513671875 -0.0695877075195312 0.13836669921875
0.11688232421875 -0.293914794921875 -0.072113037109375 0.237869262695312
-0.00329589843749998 -0.2996826171875 0.044403076171875 0.310272216796875
0.0347900390625 -0.309539794921875 0.089996337890625 0.33001708984375
0.02447509765625 -0.321746826171875 0.066131591796875 0.34381103515625
0.1396484375 -0.236297607421875 -0.07598876953125 0.32525634765625
0.276947021484375 -0.127899169921875 -0.15936279296875 0.232330322265625
0.315277099609375 0.086822509765625 -0.204727172851562 0.06134033203125
0.15911865234375 0.37799072265625 -0.116531372070312 -0.064727783203125
-0.0277099609375 0.420806884765625 0.0587539672851563 0.0590744018554688
-0.247528076171875 0.487091064453125 -0.0695648193359375 0.245361328125
-0.052215576171875 0.304962158203125 -0.36676025390625 0.58935546875
0.0802154541015625 0.259246826171875 -0.017486572265625 0.478057861328125
0.1834716796875 0.135528564453125 0.08575439453125 0.134857177734375
0.170730590820313 -0.010986328125 -0.0415802001953125 0.083404541015625
0.133331298828125 -0.0768890380859375 -0.10040283203125 0.160919189453125
0.066192626953125 -0.136878967285156 -0.084075927734375 0.29705810546875
0.0190505981445312 -0.139152526855469 0.05950927734375 0.39288330078125
0.0342559814453125 -0.1480712890625 0.102630615234375 0.402069091796875
0.0417327880859375 -0.156723022460937 0.068206787109375 0.419036865234375
0.0895538330078125 -0.0919876098632813 -0.093536376953125 0.365478515625
0.136024475097656 -0.0295791625976563 -0.178390502929688 0.227737426757813
0.119644165039062 0.0676651000976563 -0.197967529296875 0.07086181640625
0.0374755859375 0.178909301757813 -0.0898361206054688 -0.0304794311523437
-0.0284423828125 0.187225341796875 0.052093505859375 0.145217895507813
-0.126327514648437 0.25286865234375 -0.145263671875 0.36846923828125
-0.0599784851074219 0.0169868469238281 0.0716552734374999 -0.470306396484375
-0.0106201171875 0.0566482543945313 -0.0755157470703125 -0.227798461914063
0.064208984375 0.0428047180175781 0.05401611328125 0.0299568176269531
0.0700340270996094 -0.0112495422363281 0.175460815429687 -0.0593414306640625
0.0222511291503906 -0.0672035217285156 0.18121337890625 -0.196029663085938
-0.0432701110839844 -0.0438995361328125 0.065826416015625 -0.352752685546875
-0.0588035583496094 -0.0293922424316406 -0.132354736328125 -0.40911865234375
-0.0356864929199219 -0.0247116088867188 -0.158538818359375 -0.391265869140625
-0.0477371215820313 -0.0113563537597656 -0.11798095703125 -0.398590087890625
-0.0135574340820313 -0.0397834777832031 0.027496337890625 -0.333953857421875
0.0254154205322266 -0.0261726379394531 0.065093994140625 -0.183181762695312
0.0516624450683594 0.0206108093261719 0.015045166015625 -0.130439758300781
-0.0120925903320312 0.0380210876464844 -0.077423095703125 -0.207015991210937
-0.035430908203125 0.0143470764160156 -0.063323974609375 -0.4705810546875
-0.0386238098144531 -0.0396995544433594 0.35552978515625 -0.65679931640625
-0.1456298828125 0.28314208984375 0.06243896484375 -0.446685791015625
-0.0125274658203125 0.269866943359375 -0.068267822265625 -0.226455688476562
0.188644409179688 0.21710205078125 0.0544700622558594 0.0237083435058594
0.234390258789062 0.028778076171875 0.151702880859375 -0.0525054931640625
0.170135498046875 -0.139816284179688 0.176742553710938 -0.158599853515625
0.00662231445312499 -0.192550659179688 0.06683349609375 -0.3082275390625
-0.0812835693359375 -0.191741943359375 -0.10968017578125 -0.37078857421875
-0.0432586669921875 -0.2017822265625 -0.125396728515625 -0.3447265625
-0.0709991455078125 -0.197555541992188 -0.09295654296875 -0.35467529296875
0.037200927734375 -0.201553344726563 0.0252685546875 -0.281341552734375
0.171661376953125 -0.140823364257812 0.0495452880859375 -0.135635375976563
0.256973266601562 0.024993896484375 -0.0171890258789062 -0.127082824707031
0.136322021484375 0.241195678710938 -0.098052978515625 -0.227386474609375
-0.00820922851562501 0.26824951171875 -0.03289794921875 -0.484344482421875
-0.1414794921875 0.247161865234375 0.4039306640625 -0.5985107421875
-0.24920654296875 0.490203857421875 0.042083740234375 -0.34661865234375
-0.036834716796875 0.454315185546875 -0.048828125 -0.176971435546875
0.30657958984375 0.366607666015625 0.0651779174804688 0.0223960876464844
0.3834228515625 0.058807373046875 0.124427795410156 -0.0505447387695312
0.300384521484375 -0.20257568359375 0.150833129882813 -0.116928100585938
0.059295654296875 -0.31793212890625 0.0496673583984375 -0.233245849609375
-0.087921142578125 -0.326995849609375 -0.0847625732421875 -0.277801513671875
-0.0440673828125 -0.347381591796875 -0.082183837890625 -0.242691040039063
-0.08416748046875 -0.352752685546875 -0.0591278076171875 -0.252471923828125
0.082061767578125 -0.3345947265625 0.010894775390625 -0.181076049804688
0.29901123046875 -0.236175537109375 0.0164833068847656 -0.0619697570800782
0.43487548828125 0.025634765625 -0.0666656494140625 -0.105018615722656
0.2725830078125 0.41790771484375 -0.133499145507812 -0.226394653320313
0.031280517578125 0.493408203125 -0.0260009765625 -0.4503173828125
-0.21923828125 0.50732421875 0.309234619140625 -0.543243408203125
-0.26690673828125 0.66363525390625 -0.0451202392578125 -0.19378662109375
-0.000549316406249986 0.59991455078125 -0.047088623046875 -0.0766448974609375
0.391143798828125 0.480224609375 0.080078125 0.0304718017578125
0.49224853515625 0.090972900390625 0.0911178588867188 -0.0387191772460937
0.408660888671875 -0.2286376953125 0.109886169433594 -0.056365966796875
0.121368408203125 -0.397308349609375 0.0278091430664063 -0.124221801757813
-0.06231689453125 -0.41595458984375 -0.0395355224609375 -0.145645141601563
-0.00415039062500003 -0.4378662109375 -0.0190277099609375 -0.1048583984375
-0.046783447265625 -0.45208740234375 -0.00579071044921875 -0.110031127929688
0.146728515625 -0.3997802734375 0.00101852416992188 -0.0449638366699219
0.3983154296875 -0.26898193359375 -0.0272541046142578 0.0304851531982422
0.546356201171875 0.0562744140625 -0.114852905273437 -0.067779541015625
0.33697509765625 0.55145263671875 -0.140762329101562 -0.209259033203125
0.01336669921875 0.642578125 0.017822265625 -0.35577392578125
-0.311767578125 0.6595458984375 0.25335693359375 -0.3565673828125
-0.28179931640625 0.723876953125 -0.135574340820313 0.0059738159179688
0.02886962890625 0.66363525390625 -0.0351905822753906 0.0612258911132813
0.4521484375 0.5113525390625 0.0936050415039063 0.0452423095703125
0.54571533203125 0.079010009765625 0.0482749938964844 -0.0205841064453125
0.445770263671875 -0.251373291015625 0.0489006042480469 0.00907135009765623
0.141387939453125 -0.42938232421875 -0.0107650756835937 0.00205516815185544
-0.047454833984375 -0.44219970703125 -0.0104484558105469 0.0131254196166992
0.010589599609375 -0.462005615234375 0.0266799926757813 0.0520820617675781
-0.028411865234375 -0.47796630859375 0.0292320251464844 0.0534515380859375
0.16595458984375 -0.407470703125 -0.023345947265625 0.100250244140625
0.419769287109375 -0.27130126953125 -0.0758743286132812 0.123527526855469
0.56427001953125 0.06268310546875 -0.161346435546875 -0.015106201171875
0.35064697265625 0.5841064453125 -0.148178100585937 -0.162429809570312
0.01422119140625 0.6805419921875 0.0382537841796875 -0.218353271484375
-0.33746337890625 0.713623046875 0.148406982421875 -0.150375366210937
-0.2320556640625 0.6859130859375 -0.225677490234375 0.224044799804688
0.0635986328124999 0.6202392578125 -0.021148681640625 0.21502685546875
0.436920166015625 0.450164794921875 0.0977935791015625 0.0687332153320313
0.502288818359375 0.050628662109375 0.00353908538818363 0.0120058059692383
0.402618408203125 -0.234283447265625 -0.0139389038085937 0.0782470703125
0.136260986328125 -0.39154052734375 -0.0439605712890625 0.131271362304687
-0.0296630859375 -0.3966064453125 0.0202484130859375 0.172409057617187
0.019989013671875 -0.414764404296875 0.06658935546875 0.201370239257812
-0.00613403320312499 -0.427154541015625 0.0568389892578125 0.21014404296875
0.15997314453125 -0.34527587890625 -0.0465240478515625 0.2294921875
0.369781494140625 -0.219085693359375 -0.1182861328125 0.19549560546875
0.474822998046875 0.073822021484375 -0.189422607421875 0.0337982177734375
0.28515625 0.51556396484375 -0.137992858886719 -0.106346130371094
-0.00268554687500006 0.5928955078125 0.053924560546875 -0.0709228515625
-0.308837890625 0.64715576171875 0.0367050170898437 0.0603675842285157
-0.149444580078125 0.53472900390625 -0.29974365234375 0.42626953125
0.0806274414062501 0.473724365234375 -0.01123046875 0.356689453125
0.336273193359375 0.31439208984375 0.0925674438476563 0.0980148315429688
0.362640380859375 0.019683837890625 -0.0294380187988281 0.0492324829101562
0.287811279296875 -0.169891357421875 -0.0656967163085938 0.132133483886719
0.10760498046875 -0.287078857421875 -0.0682525634765625 0.235198974609375
-0.00720214843749997 -0.2884521484375 0.04815673828125 0.303131103515625
0.02734375 -0.303009033203125 0.095184326171875 0.31951904296875
0.016845703125 -0.31195068359375 0.074066162109375 0.332366943359375
0.131866455078125 -0.231094360351562 -0.067352294921875 0.3182373046875
0.264328002929688 -0.1287841796875 -0.150665283203125 0.228073120117188
0.308563232421875 0.077880859375 -0.197723388671875 0.0634307861328125
0.16375732421875 0.3662109375 -0.113189697265625 -0.0589599609375
-0.02117919921875 0.409759521484375 0.0600395202636719 0.0547752380371094
-0.233612060546875 0.4793701171875 -0.0624237060546875 0.237899780273438
-0.046905517578125 0.2989501953125 -0.34820556640625 0.57666015625
0.0812835693359375 0.252593994140625 -0.00857543945312503 0.466461181640625
0.180618286132813 0.129547119140625 0.085723876953125 0.128425598144531
0.16534423828125 -0.0138092041015625 -0.0373306274414063 0.0800247192382813
0.128120422363281 -0.0784225463867188 -0.0954742431640625 0.154998779296875
0.0615386962890625 -0.134803771972656 -0.079010009765625 0.292510986328125
0.0160064697265625 -0.134262084960938 0.06597900390625 0.383880615234375
0.0296478271484375 -0.1455078125 0.10955810546875 0.39044189453125
0.0368499755859375 -0.152862548828125 0.0782470703125 0.40533447265625
0.0848312377929687 -0.0910186767578125 -0.084014892578125 0.357818603515625
0.130241394042969 -0.0312652587890625 -0.169967651367188 0.2227783203125
0.11700439453125 0.0626602172851563 -0.190536499023437 0.0726318359375
0.042022705078125 0.172760009765625 -0.0868072509765625 -0.0268402099609375
-0.02508544921875 0.182235717773438 0.0548248291015625 0.137229919433594
-0.120025634765625 0.25 -0.132568359375 0.3582763671875
-0.059661865234375 0.0157546997070313 0.0677185058593749 -0.468505859375
-0.0112991333007813 0.054931640625 -0.0785064697265625 -0.2265625
0.0635452270507813 0.0403518676757812 0.0539321899414063 0.0270957946777344
0.07012939453125 -0.011749267578125 0.171966552734375 -0.060394287109375
0.0218276977539063 -0.0658149719238281 0.178924560546875 -0.192855834960937
-0.0426902770996094 -0.0419921875 0.065673828125 -0.350189208984375
-0.0577850341796875 -0.0285453796386719 -0.133636474609375 -0.407135009765625
-0.0342350006103516 -0.0248222351074219 -0.1624755859375 -0.38909912109375
-0.0458297729492188 -0.00915908813476563 -0.121826171875 -0.3951416015625
-0.0138320922851563 -0.0385169982910156 0.025909423828125 -0.33428955078125
0.0255470275878906 -0.0258884429931641 0.065643310546875 -0.18072509765625
0.0518455505371094 0.0190849304199219 0.0123367309570313 -0.128044128417969
-0.0133247375488281 0.0387077331542969 -0.080047607421875 -0.204055786132813
-0.0345935821533203 0.0135517120361328 -0.063507080078125 -0.463287353515625
-0.0370101928710937 -0.0403633117675781 0.352783203125 -0.64593505859375
-0.142929077148437 0.279510498046875 0.05859375 -0.443817138671875
-0.0128631591796875 0.266815185546875 -0.0715484619140625 -0.22479248046875
0.18878173828125 0.21295166015625 0.0541343688964844 0.0193977355957031
0.232757568359375 0.0276947021484375 0.147979736328125 -0.0528717041015625
0.167068481445313 -0.138839721679688 0.174118041992188 -0.156646728515625
0.00709533691406248 -0.18804931640625 0.066925048828125 -0.305999755859375
-0.08050537109375 -0.188079833984375 -0.11187744140625 -0.367706298828125
-0.0438995361328125 -0.20074462890625 -0.128936767578125 -0.3426513671875
-0.0699462890625 -0.193649291992188 -0.096160888671875 -0.35260009765625
0.0365753173828125 -0.19842529296875 0.025115966796875 -0.281463623046875
0.17010498046875 -0.140335083007813 0.0514144897460938 -0.134330749511719
0.256378173828125 0.022796630859375 -0.02008056640625 -0.125465393066406
0.13531494140625 0.240234375 -0.0993804931640625 -0.223434448242187
-0.00845336914062501 0.265457153320313 -0.03302001953125 -0.476837158203125
-0.138519287109375 0.2462158203125 0.40069580078125 -0.58966064453125
-0.2442626953125 0.48468017578125 0.038360595703125 -0.344696044921875
-0.03619384765625 0.4515380859375 -0.0524444580078125 -0.175735473632812
0.3060302734375 0.35833740234375 0.0645828247070313 0.0161781311035156
0.380401611328125 0.056060791015625 0.121658325195313 -0.0512237548828125
0.295928955078125 -0.201812744140625 0.148300170898438 -0.116531372070313
0.05810546875 -0.31219482421875 0.0494232177734375 -0.231201171875
-0.087646484375 -0.321563720703125 -0.0880889892578125 -0.275375366210938
-0.045013427734375 -0.345947265625 -0.085784912109375 -0.242233276367188
-0.0836181640625 -0.3470458984375 -0.0615386962890625 -0.251602172851562
0.079986572265625 -0.33013916015625 0.0113067626953125 -0.181503295898438
0.295806884765625 -0.235595703125 0.0188674926757813 -0.0609588623046875
0.433319091796875 0.023101806640625 -0.0690994262695313 -0.103889465332031
0.273712158203125 0.415924072265625 -0.132797241210937 -0.221725463867188
0.030181884765625 0.49017333984375 -0.025726318359375 -0.443695068359375
-0.215576171875 0.5057373046875 0.308990478515625 -0.533843994140625
-0.26336669921875 0.65716552734375 -0.0489044189453125 -0.191619873046875
0.000915527343750043 0.59686279296875 -0.0495529174804688 -0.0757369995117187
0.391632080078125 0.472076416015625 0.0798492431640625 0.0238876342773438
0.49005126953125 0.086669921875 0.0892486572265625 -0.0403594970703125
0.403289794921875 -0.231414794921875 0.107887268066406 -0.057647705078125
0.11749267578125 -0.391448974609375 0.028289794921875 -0.122817993164063
-0.0621337890625 -0.410980224609375 -0.0422821044921875 -0.143798828125
-0.0059814453125 -0.43682861328125 -0.020660400390625 -0.105758666992188
-0.049102783203125 -0.44659423828125 -0.00637817382812501 -0.110916137695313
0.14501953125 -0.39678955078125 0.00146484375000001 -0.0458984375
0.392608642578125 -0.267425537109375 -0.0247364044189453 0.0301017761230469
0.543853759765625 0.053680419921875 -0.11688232421875 -0.0676193237304688
0.339141845703125 0.54803466796875 -0.13970947265625 -0.203765869140625
0.0133056640625001 0.6370849609375 0.018890380859375 -0.351287841796875
-0.3060302734375 0.65869140625 0.25323486328125 -0.351593017578125
-0.2763671875 0.7188720703125 -0.137237548828125 0.00607299804687505
0.02978515625 0.660888671875 -0.0364570617675781 0.0619773864746094
0.451629638671875 0.504180908203125 0.09381103515625 0.0389785766601563
0.5430908203125 0.07745361328125 0.0474395751953125 -0.0228614807128906
0.43939208984375 -0.251922607421875 0.0476303100585938 0.00633621215820311
0.139251708984375 -0.4237060546875 -0.0102548599243164 0.00354194641113278
-0.048583984375 -0.435577392578125 -0.0119609832763672 0.0148563385009765
0.00689697265624997 -0.461151123046875 0.0263328552246094 0.0504379272460937
-0.032135009765625 -0.47021484375 0.0302810668945313 0.05108642578125
0.1629638671875 -0.40374755859375 -0.0219345092773437 0.0987701416015625
0.415191650390625 -0.27081298828125 -0.0722808837890625 0.122467041015625
0.561737060546875 0.0587158203125 -0.161956787109375 -0.014373779296875
0.35552978515625 0.579833984375 -0.147003173828125 -0.157562255859375
0.0120849609375 0.67523193359375 0.0392608642578125 -0.216781616210937
-0.33258056640625 0.71173095703125 0.1488037109375 -0.147872924804687
-0.22698974609375 0.6832275390625 -0.2247314453125 0.223175048828125
0.06512451171875 0.618896484375 -0.0206146240234375 0.214889526367188
0.4383544921875 0.444793701171875 0.0980453491210938 0.063018798828125
0.499053955078125 0.0487060546875 0.00393295288085941 0.00962924957275391
0.396881103515625 -0.236083984375 -0.0148849487304687 0.0742645263671875
0.1326904296875 -0.38763427734375 -0.0436630249023437 0.132270812988281
-0.030426025390625 -0.39202880859375 0.0203857421875 0.172409057617188
0.01715087890625 -0.414276123046875 0.0677947998046875 0.199188232421875
-0.00915527343750005 -0.422607421875 0.0601043701171875 0.20709228515625
0.157745361328125 -0.3414306640625 -0.0442047119140625 0.228042602539062
0.363922119140625 -0.2181396484375 -0.11553955078125 0.194244384765625
0.471221923828125 0.069610595703125 -0.188278198242187 0.0341033935546875
0.288787841796875 0.512115478515625 -0.135765075683594 -0.102714538574219
-0.00311279296875 0.58770751953125 0.0556411743164062 -0.071563720703125
-0.3060302734375 0.6461181640625 0.0383682250976562 0.0593643188476563
-0.146575927734375 0.533966064453125 -0.296539306640625 0.422149658203125
0.081390380859375 0.47283935546875 -0.00970458984374998 0.35589599609375
0.335968017578125 0.310272216796875 0.0929946899414063 0.0939102172851563
0.359832763671875 0.01812744140625 -0.0275993347167969 0.0463104248046875
0.285003662109375 -0.171417236328125 -0.0660781860351563 0.127433776855469
0.1048583984375 -0.284759521484375 -0.0672760009765625 0.235244750976562
-0.00857543945312502 -0.285369873046875 0.049407958984375 0.30291748046875
0.024139404296875 -0.302215576171875 0.097900390625 0.317108154296875
0.013671875 -0.3095703125 0.078338623046875 0.328582763671875
0.12908935546875 -0.2283935546875 -0.06451416015625 0.3167724609375
0.260223388671875 -0.127639770507812 -0.148117065429688 0.226470947265625
0.306304931640625 0.074676513671875 -0.1953125 0.0634765625
0.167022705078125 0.36279296875 -0.1109619140625 -0.0563430786132812
-0.022247314453125 0.405731201171875 0.0615081787109375 0.0517692565917969
-0.23162841796875 0.47943115234375 -0.0597991943359375 0.23419189453125
-0.047027587890625 0.2984619140625 -0.34417724609375 0.57086181640625
0.081329345703125 0.25201416015625 -0.00543212890624997 0.464935302734375
0.178863525390625 0.129776000976563 0.0855865478515625 0.126327514648438
0.163589477539063 -0.0134124755859375 -0.0353012084960937 0.0771636962890625
0.127410888671875 -0.0790481567382813 -0.096343994140625 0.151535034179688
0.0603713989257813 -0.134796142578125 -0.07989501953125 0.292388916015625
0.0156173706054687 -0.133155822753906 0.06768798828125 0.38262939453125
0.0277862548828125 -0.145782470703125 0.11260986328125 0.387054443359375
0.0345001220703125 -0.152206420898437 0.082550048828125 0.400421142578125
0.083526611328125 -0.0898361206054688 -0.080474853515625 0.35687255859375
0.126701354980469 -0.032196044921875 -0.167587280273438 0.221420288085938
0.115829467773438 0.0604934692382813 -0.187240600585938 0.072845458984375
0.04510498046875 0.171295166015625 -0.084503173828125 -0.0253982543945312
-0.024200439453125 0.18096923828125 0.0560836791992188 0.133026123046875
-0.118484497070313 0.250411987304687 -0.13018798828125 0.352081298828125
-0.06109619140625 0.0160942077636719 0.063720703125 -0.4757080078125
-0.0120620727539063 0.0543785095214844 -0.0849456787109375 -0.229278564453125
0.0636177062988281 0.0383644104003906 0.0544319152832031 0.0251007080078125
0.071502685546875 -0.0132675170898437 0.171524047851563 -0.062744140625
0.020721435546875 -0.0661201477050781 0.180435180664063 -0.197601318359375
-0.0434951782226562 -0.0406875610351563 0.063507080078125 -0.358367919921875
-0.0583000183105469 -0.0275611877441406 -0.143157958984375 -0.410797119140625
-0.0342273712158203 -0.0250110626220703 -0.172882080078125 -0.392852783203125
-0.0454559326171875 -0.00711822509765626 -0.13128662109375 -0.3995361328125
-0.0145034790039063 -0.0377998352050781 0.02313232421875 -0.342132568359375
0.0269832611083984 -0.0266590118408203 0.0667724609375 -0.183013916015625
0.0533256530761719 0.0181503295898438 0.00911712646484377 -0.129371643066406
-0.0147895812988281 0.0407829284667969 -0.08599853515625 -0.205337524414062
-0.0346527099609375 0.0128955841064453 -0.068572998046875 -0.465789794921875
-0.0358695983886719 -0.04205322265625 0.3560791015625 -0.65380859375
-0.14300537109375 0.28411865234375 0.05499267578125 -0.451141357421875
-0.01104736328125 0.271072387695313 -0.0784149169921875 -0.227935791015625
0.192581176757812 0.211441040039063 0.0540809631347656 0.0153999328613281
0.236709594726563 0.025146484375 0.147811889648438 -0.055694580078125
0.166961669921875 -0.142852783203125 0.175872802734375 -0.160812377929688
0.00503540039062502 -0.188995361328125 0.06536865234375 -0.31353759765625
-0.0829315185546875 -0.188919067382813 -0.11962890625 -0.37261962890625
-0.046600341796875 -0.20538330078125 -0.138702392578125 -0.34710693359375
-0.0717010498046875 -0.193939208984375 -0.105255126953125 -0.3577880859375
0.0348358154296875 -0.200973510742188 0.02154541015625 -0.288818359375
0.171966552734375 -0.144424438476563 0.0527801513671875 -0.1365966796875
0.262344360351563 0.0191497802734375 -0.0244216918945312 -0.126502990722656
0.141357421875 0.244476318359375 -0.104202270507812 -0.224044799804687
-0.00752258300781248 0.269500732421875 -0.039520263671875 -0.48211669921875
-0.137680053710937 0.251358032226563 0.40386962890625 -0.59735107421875
-0.2425537109375 0.493408203125 0.033294677734375 -0.34942626953125
-0.030792236328125 0.458099365234375 -0.0589752197265625 -0.177322387695312
0.315399169921875 0.35882568359375 0.0650100708007813 0.0102157592773438
0.385955810546875 0.053253173828125 0.120414733886719 -0.054046630859375
0.298370361328125 -0.208282470703125 0.149124145507813 -0.120651245117188
0.055419921875 -0.31494140625 0.048309326171875 -0.236053466796875
-0.09173583984375 -0.324188232421875 -0.09490966796875 -0.276870727539063
-0.05023193359375 -0.353515625 -0.0922088623046875 -0.24591064453125
-0.08880615234375 -0.34979248046875 -0.067718505859375 -0.257080078125
0.07861328125 -0.334503173828125 0.00904846191406251 -0.186691284179688
0.297637939453125 -0.241729736328125 0.0208969116210938 -0.061920166015625
0.440277099609375 0.017364501953125 -0.074432373046875 -0.104957580566406
0.284820556640625 0.42108154296875 -0.13739013671875 -0.221038818359375
0.031768798828125 0.497222900390625 -0.028656005859375 -0.44866943359375
-0.21405029296875 0.5174560546875 0.312591552734375 -0.54022216796875
-0.25933837890625 0.6702880859375 -0.0533294677734375 -0.194091796875
0.00750732421875004 0.6063232421875 -0.0542144775390625 -0.0751419067382812
0.40362548828125 0.47308349609375 0.0810623168945313 0.0171661376953125
0.497955322265625 0.08209228515625 0.088958740234375 -0.043182373046875
0.404754638671875 -0.240081787109375 0.108421325683594 -0.0615005493164063
0.116363525390625 -0.397064208984375 0.0274581909179688 -0.124900817871094
-0.067169189453125 -0.41412353515625 -0.0475006103515625 -0.144378662109375
-0.012847900390625 -0.4466552734375 -0.0237808227539062 -0.1085205078125
-0.05609130859375 -0.450469970703125 -0.00859832763671877 -0.114974975585938
0.142852783203125 -0.401702880859375 0.00150680541992188 -0.0481643676757813
0.395111083984375 -0.276397705078125 -0.0222930908203125 0.0306510925292969
0.5545654296875 0.046905517578125 -0.121612548828125 -0.0674209594726563
0.354461669921875 0.5560302734375 -0.14312744140625 -0.203155517578125
0.01531982421875 0.64703369140625 0.017578125 -0.355712890625
-0.307373046875 0.67425537109375 0.256622314453125 -0.355865478515625
-0.2734375 0.73284912109375 -0.141372680664063 0.00697326660156253
0.0382080078125 0.672607421875 -0.0379142761230469 0.0640830993652344
0.466827392578125 0.504180908203125 0.0955657958984375 0.0326461791992188
0.551483154296875 0.0709228515625 0.0470390319824219 -0.0260124206542969
0.442840576171875 -0.26324462890625 0.0469818115234375 0.00324630737304686
0.135894775390625 -0.42974853515625 -0.0102157592773437 0.00463771820068357
-0.052734375 -0.44085693359375 -0.0144004821777344 0.0170021057128906
-9.15527343750075E-05 -0.471923828125 0.0272407531738281 0.0495109558105468
-0.03936767578125 -0.4775390625 0.03173828125 0.0488395690917968
0.1619873046875 -0.41107177734375 -0.020294189453125 0.100677490234375
0.41766357421875 -0.27960205078125 -0.07025146484375 0.12469482421875
0.57305908203125 0.0533447265625 -0.1658935546875 -0.013641357421875
0.37054443359375 0.58746337890625 -0.149017333984375 -0.156478881835937
0.0166625976562499 0.68597412109375 0.0400390625 -0.221221923828125
-0.33294677734375 0.7296142578125 0.151565551757812 -0.150253295898437
-0.22357177734375 0.694580078125 -0.22772216796875 0.228302001953125
0.072998046875 0.6302490234375 -0.0185394287109375 0.2196044921875
0.451690673828125 0.447906494140625 0.10076904296875 0.0580596923828125
0.508697509765625 0.043487548828125 0.00419902801513675 0.0070638656616211
0.401519775390625 -0.2457275390625 -0.0154876708984375 0.0728836059570312
0.130859375 -0.393707275390625 -0.0435867309570313 0.136260986328125
-0.03558349609375 -0.396575927734375 0.0216522216796875 0.176925659179687
0.01068115234375 -0.424285888671875 0.0726318359375 0.200485229492187
-0.01519775390625 -0.428497314453125 0.0656280517578125 0.206298828125
0.156036376953125 -0.34765625 -0.0413055419921875 0.232391357421875
0.36578369140625 -0.224365234375 -0.113601684570312 0.197708129882813
0.480010986328125 0.065185546875 -0.192184448242187 0.0363006591796875
0.301849365234375 0.517913818359375 -0.136703491210937 -0.100921630859375
-0.000122070312500052 0.59808349609375 0.0576629638671875 -0.0753250122070312
-0.30560302734375 0.66156005859375 0.0408706665039062 0.0596084594726563
-0.14373779296875 0.544403076171875 -0.298095703125 0.430999755859375
0.087066650390625 0.4827880859375 -0.00451660156250003 0.36260986328125
0.346923828125 0.314178466796875 0.0956497192382813 0.0910415649414063
0.3668212890625 0.01580810546875 -0.0262985229492187 0.0457534790039063
0.2877197265625 -0.179534912109375 -0.0679779052734375 0.126823425292969
0.104278564453125 -0.29046630859375 -0.0670928955078125 0.241973876953125
-0.0113525390625 -0.28863525390625 0.053741455078125 0.308868408203125
0.019744873046875 -0.310272216796875 0.10589599609375 0.321380615234375
0.00958251953124998 -0.3143310546875 0.0869140625 0.33038330078125
0.128463745117187 -0.232284545898437 -0.060394287109375 0.32403564453125
0.2606201171875 -0.132553100585938 -0.1478271484375 0.230438232421875
0.3116455078125 0.07208251953125 -0.197891235351562 0.0670623779296875
0.17718505859375 0.366729736328125 -0.111381530761719 -0.0547409057617187
-0.0198974609375 0.411834716796875 0.0645332336425781 0.0489730834960938
-0.2310791015625 0.4912109375 -0.0580291748046875 0.236618041992188
-0.04510498046875 0.305633544921875 -0.34381103515625 0.58148193359375
0.0840911865234375 0.257217407226563 0.00213623046875005 0.4744873046875
0.184783935546875 0.13189697265625 0.0888442993164063 0.126411437988281
0.166549682617187 -0.013580322265625 -0.0334320068359375 0.0771102905273438
0.129119873046875 -0.0823135375976563 -0.097686767578125 0.152099609375
0.0597305297851562 -0.138519287109375 -0.079986572265625 0.300048828125
0.0146484375 -0.134963989257813 0.074371337890625 0.390350341796875
0.0255126953125 -0.149169921875 0.123138427734375 0.393402099609375
0.0325775146484375 -0.155685424804688 0.092559814453125 0.405364990234375
0.0845870971679688 -0.0917510986328125 -0.077178955078125 0.3646240234375
0.1270751953125 -0.03314208984375 -0.16851806640625 0.224960327148437
0.118080139160156 0.060394287109375 -0.188095092773437 0.07696533203125
0.0500946044921875 0.172515869140625 -0.0844573974609375 -0.02459716796875
-0.022796630859375 0.183685302734375 0.0597686767578125 0.131660461425781
-0.118881225585937 0.25738525390625 -0.12835693359375 0.356414794921875
-0.0616416931152344 0.0181388854980469 0.049224853515625 -0.4876708984375
-0.012359619140625 0.0558929443359375 -0.096710205078125 -0.23089599609375
0.0639877319335938 0.0363197326660156 0.054962158203125 0.0217094421386719
0.0719146728515625 -0.0164413452148438 0.171661376953125 -0.0691070556640625
0.0187263488769531 -0.0678863525390625 0.178802490234375 -0.206497192382813
-0.045379638671875 -0.0379486083984375 0.053375244140625 -0.369903564453125
-0.0604438781738281 -0.0262107849121094 -0.16168212890625 -0.416473388671875
-0.0355262756347656 -0.0249862670898437 -0.193145751953125 -0.39508056640625
-0.0449714660644531 -0.00441741943359375 -0.1507568359375 -0.40460205078125
-0.0166168212890625 -0.0373382568359375 0.0111083984375 -0.353759765625
0.0262889862060547 -0.0287399291992188 0.0637054443359375 -0.188644409179688
0.0551033020019531 0.0163002014160156 0.00292968749999999 -0.131118774414063
-0.0146636962890625 0.0432205200195312 -0.09674072265625 -0.204788208007813
-0.03399658203125 0.0127315521240234 -0.08367919921875 -0.47076416015625
-0.0367431640625 -0.0431404113769531 0.3463134765625 -0.67462158203125
-0.1373291015625 0.29376220703125 0.03948974609375 -0.461761474609375
-0.0029449462890625 0.27587890625 -0.0908050537109375 -0.22900390625
0.202316284179687 0.207839965820313 0.05487060546875 0.0101737976074219
0.241989135742187 0.0173797607421875 0.146881103515625 -0.0620269775390625
0.164886474609375 -0.151229858398438 0.174514770507813 -0.169708251953125
-0.000305175781249985 -0.191253662109375 0.0577392578125 -0.32403564453125
-0.0903167724609375 -0.189483642578125 -0.138336181640625 -0.375732421875
-0.0540313720703125 -0.210296630859375 -0.15716552734375 -0.351165771484375
-0.0792999267578125 -0.194808959960938 -0.122039794921875 -0.363555908203125
0.0294189453125 -0.2060546875 0.011932373046875 -0.299072265625
0.171707153320313 -0.152206420898438 0.05242919921875 -0.141082763671875
0.268768310546875 0.009307861328125 -0.0321197509765625 -0.128425598144531
0.152603149414063 0.246551513671875 -0.114990234375 -0.224105834960938
0.000854492187500013 0.2752685546875 -0.052825927734375 -0.488739013671875
-0.1319580078125 0.260818481445313 0.39697265625 -0.61846923828125
-0.231597900390625 0.511962890625 0.01995849609375 -0.357147216796875
-0.0177001953125 0.469512939453125 -0.069244384765625 -0.179046630859375
0.334136962890625 0.3531494140625 0.0657234191894531 0.0035820007324219
0.395111083984375 0.041259765625 0.119293212890625 -0.0602493286132813
0.2957763671875 -0.22308349609375 0.148223876953125 -0.128646850585938
0.04656982421875 -0.32159423828125 0.043609619140625 -0.244277954101563
-0.103515625 -0.32684326171875 -0.109695434570312 -0.279464721679688
-0.065399169921875 -0.36279296875 -0.106338500976563 -0.2493896484375
-0.102203369140625 -0.35418701171875 -0.0802764892578125 -0.262710571289062
0.069488525390625 -0.34356689453125 0.00349426269531251 -0.193283081054688
0.296722412109375 -0.25640869140625 0.0218925476074219 -0.0651931762695313
0.452880859375 0.001983642578125 -0.0825347900390625 -0.104660034179688
0.307830810546875 0.42193603515625 -0.146881103515625 -0.219985961914062
0.04766845703125 0.507720947265625 -0.041656494140625 -0.45751953125
-0.200958251953125 0.536346435546875 0.30560302734375 -0.55865478515625
-0.24365234375 0.6920166015625 -0.0630340576171875 -0.196426391601562
0.02703857421875 0.6199951171875 -0.0599746704101563 -0.0745391845703124
0.430145263671875 0.466583251953125 0.0820159912109375 0.00945281982421878
0.511016845703125 0.067138671875 0.0878219604492188 -0.0493850708007812
0.405670166015625 -0.260162353515625 0.107795715332031 -0.0677413940429688
0.103607177734375 -0.40631103515625 0.0248565673828125 -0.128974914550781
-0.0820617675781251 -0.41973876953125 -0.05572509765625 -0.144622802734375
-0.0306396484375 -0.4608154296875 -0.02984619140625 -0.111618041992188
-0.072052001953125 -0.4593505859375 -0.0141372680664063 -0.120704650878906
0.13153076171875 -0.4146728515625 0.000213623046875009 -0.0507583618164063
0.394287109375 -0.29571533203125 -0.0194473266601562 0.0310859680175781
0.5699462890625 0.0286865234375 -0.1300048828125 -0.0653610229492188
0.38421630859375 0.557769775390625 -0.150924682617188 -0.201644897460938
0.0354003906249999 0.6619873046875 0.00970458984374997 -0.363861083984375
-0.2906494140625 0.701416015625 0.25518798828125 -0.3702392578125
-0.2542724609375 0.75787353515625 -0.146255493164063 0.0123748779296876
0.0631103515625 0.6883544921875 -0.0379447937011719 0.0679664611816407
0.4967041015625 0.49908447265625 0.0974349975585938 0.0249481201171875
0.56646728515625 0.05322265625 0.0469818115234375 -0.0302696228027344
0.442108154296875 -0.2867431640625 0.0468940734863282 -0.000980377197265643
0.125274658203125 -0.442596435546875 -0.0103607177734375 0.00584316253662107
-0.069976806640625 -0.445465087890625 -0.0161819458007813 0.0200977325439453
-0.0178833007812499 -0.487213134765625 0.0293312072753906 0.0492706298828125
-0.057861328125 -0.4876708984375 0.03448486328125 0.0459022521972656
0.151336669921875 -0.422698974609375 -0.01678466796875 0.103309631347656
0.417144775390625 -0.29803466796875 -0.066009521484375 0.128868103027344
0.58770751953125 0.0352783203125 -0.173187255859375 -0.009246826171875
0.40277099609375 0.5892333984375 -0.155059814453125 -0.153366088867187
0.03619384765625 0.70037841796875 0.0359039306640625 -0.22918701171875
-0.316650390625 0.75921630859375 0.153350830078125 -0.157669067382812
-0.20587158203125 0.719970703125 -0.226409912109375 0.239242553710938
0.0966796875 0.64520263671875 -0.01220703125 0.226577758789063
0.47930908203125 0.44146728515625 0.104721069335938 0.0519180297851563
0.520904541015625 0.027496337890625 0.00597763061523441 0.00381231307983399
0.400909423828125 -0.267425537109375 -0.0154800415039062 0.0719528198242187
0.119842529296875 -0.406768798828125 -0.0405426025390625 0.142471313476562
-0.0477294921875 -0.403228759765625 0.027130126953125 0.182968139648438
-0.00668334960937503 -0.437286376953125 0.08270263671875 0.201828002929687
-0.031463623046875 -0.43756103515625 0.0759735107421875 0.205307006835938
0.148040771484375 -0.3587646484375 -0.03369140625 0.239639282226563
0.365203857421875 -0.24066162109375 -0.108184814453125 0.2047119140625
0.493682861328125 0.049102783203125 -0.196640014648437 0.043182373046875
0.32916259765625 0.51806640625 -0.140190124511719 -0.0980606079101563
0.0167236328125 0.61114501953125 0.0587005615234375 -0.0818328857421875
-0.29022216796875 0.68994140625 0.0443382263183594 0.0587844848632813
-0.12957763671875 0.56268310546875 -0.291290283203125 0.448638916015625
0.105682373046875 0.492401123046875 0.00817871093749999 0.37237548828125
0.367156982421875 0.310760498046875 0.101730346679688 0.08740234375
0.3758544921875 0.003997802734375 -0.024200439453125 0.0444412231445313
0.28863525390625 -0.195159912109375 -0.0674285888671875 0.1297607421875
0.096466064453125 -0.3004150390625 -0.0623779296875 0.252212524414063
-0.020294189453125 -0.29449462890625 0.0654296875 0.31671142578125
0.00711059570312497 -0.320281982421875 0.122344970703125 0.3238525390625
-0.002777099609375 -0.321624755859375 0.103363037109375 0.33197021484375
0.124404907226562 -0.24029541015625 -0.0499267578125 0.33453369140625
0.2603759765625 -0.14227294921875 -0.14263916015625 0.239517211914063
0.3206787109375 0.062652587890625 -0.200164794921875 0.0743865966796875
0.196502685546875 0.367828369140625 -0.112884521484375 -0.0519561767578125
-0.00891113281249997 0.421295166015625 0.06915283203125 0.0445632934570313
-0.221099853515625 0.512420654296875 -0.0523529052734375 0.241744995117188
-0.037506103515625 0.315460205078125 -0.33343505859375 0.60345458984375
0.0948638916015625 0.261001586914063 0.0185546875 0.484710693359375
0.194671630859375 0.13067626953125 0.0956802368164063 0.12554931640625
0.170013427734375 -0.0185089111328125 -0.0294952392578125 0.0768051147460937
0.129463195800781 -0.0905532836914062 -0.09710693359375 0.1563720703125
0.0565643310546875 -0.144668579101563 -0.073699951171875 0.31292724609375
0.0113677978515625 -0.138374328613281 0.0909423828125 0.400421142578125
0.0190277099609375 -0.154327392578125 0.1422119140625 0.39776611328125
0.02642822265625 -0.160903930664063 0.112579345703125 0.408447265625
0.0831069946289063 -0.0962295532226563 -0.064605712890625 0.377471923828125
0.126502990722656 -0.0375289916992188 -0.165206909179687 0.234649658203125
0.122200012207031 0.0567855834960938 -0.18817138671875 0.0843048095703125
0.0591888427734375 0.172805786132812 -0.0845184326171875 -0.0220413208007812
-0.01751708984375 0.188461303710938 0.06585693359375 0.128768920898438
-0.113983154296875 0.269638061523438 -0.120819091796875 0.3651123046875
-0.06103515625 0.0215339660644531 0.0246582031249999 -0.493804931640625
-0.0104446411132813 0.0561714172363281 -0.112640380859375 -0.226516723632813
0.063720703125 0.0325889587402344 0.055206298828125 0.0169219970703125
0.071014404296875 -0.0203018188476563 0.166641235351563 -0.07843017578125
0.0146751403808594 -0.0686607360839844 0.170501708984375 -0.217529296875
-0.0465354919433594 -0.0344619750976562 0.03515625 -0.378692626953125
-0.0618705749511719 -0.0223541259765625 -0.18646240234375 -0.411773681640625
-0.0365943908691406 -0.0242156982421875 -0.22003173828125 -0.386932373046875
-0.0433158874511719 -0.00132369995117187 -0.17657470703125 -0.399200439453125
-0.0183448791503906 -0.0360870361328125 -0.00823974609375001 -0.360931396484375
0.0253620147705078 -0.0314998626708984 0.0572357177734375 -0.193222045898438
0.0563316345214844 0.0117568969726563 -0.00615692138671874 -0.13037109375
-0.0127143859863281 0.0451393127441406 -0.110992431640625 -0.199203491210937
-0.0336990356445313 0.013031005859375 -0.107025146484375 -0.467864990234375
-0.0387649536132813 -0.0432929992675781 0.31842041015625 -0.69171142578125
-0.122894287109375 0.302581787109375 0.015472412109375 -0.465606689453125
0.0103759765625 0.278396606445313 -0.106674194335937 -0.22503662109375
0.212890625 0.1976318359375 0.0536994934082031 0.00403976440429689
0.244247436523438 0.004852294921875 0.1419677734375 -0.0702667236328125
0.158096313476563 -0.160507202148438 0.16741943359375 -0.180740356445312
-0.0098876953125 -0.190582275390625 0.0418701171875 -0.33172607421875
-0.09942626953125 -0.185867309570313 -0.161407470703125 -0.371612548828125
-0.0666046142578125 -0.21087646484375 -0.181610107421875 -0.345123291015625
-0.089111328125 -0.191650390625 -0.146636962890625 -0.361968994140625
0.0189361572265625 -0.208450317382813 -0.00473022460937499 -0.30517578125
0.165023803710938 -0.163482666015625 0.048431396484375 -0.145660400390625
0.27239990234375 -0.0054779052734375 -0.0420379638671875 -0.126235961914063
0.168289184570313 0.242050170898438 -0.128326416015625 -0.2178955078125
0.0139923095703125 0.277389526367188 -0.075408935546875 -0.488922119140625
-0.119247436523438 0.2703857421875 0.37371826171875 -0.64019775390625
-0.207916259765625 0.527130126953125 0.000946044921874995 -0.359283447265625
0.00640869140625004 0.47332763671875 -0.0817718505859375 -0.175323486328125
0.353759765625 0.33685302734375 0.0640144348144532 -0.0036964416503906
0.400726318359375 0.02020263671875 0.11474609375 -0.0683212280273438
0.28570556640625 -0.240264892578125 0.143218994140625 -0.138519287109375
0.030548095703125 -0.3240966796875 0.0314483642578125 -0.249969482421875
-0.120086669921875 -0.3233642578125 -0.127639770507812 -0.27294921875
-0.086517333984375 -0.364990234375 -0.123214721679688 -0.245895385742187
-0.121826171875 -0.35150146484375 -0.0981597900390625 -0.263046264648438
0.052459716796875 -0.3497314453125 -0.0076751708984375 -0.196990966796875
0.2857666015625 -0.2750244140625 0.0214271545410156 -0.0674057006835938
0.4580078125 -0.024505615234375 -0.0921096801757812 -0.100044250488281
0.334381103515625 0.409820556640625 -0.159164428710937 -0.21240234375
0.071807861328125 0.51007080078125 -0.06219482421875 -0.458740234375
-0.174835205078125 0.55157470703125 0.284912109375 -0.57745361328125
-0.2091064453125 0.7095947265625 -0.074737548828125 -0.193161010742187
0.06109619140625 0.62335205078125 -0.0665817260742188 -0.0705184936523437
0.458831787109375 0.44573974609375 0.08123779296875 0.000198364257812527
0.51849365234375 0.039947509765625 0.0850067138671875 -0.056640625
0.39190673828125 -0.284942626953125 0.1044921875 -0.0760955810546875
0.083740234375 -0.414642333984375 0.0183258056640625 -0.131828308105469
-0.1026611328125 -0.41802978515625 -0.0664443969726563 -0.139877319335938
-0.057373046875 -0.466339111328125 -0.0385284423828125 -0.111846923828125
-0.09808349609375 -0.460113525390625 -0.0230789184570313 -0.124526977539063
0.111724853515625 -0.424285888671875 -0.00237274169921875 -0.0520668029785157
0.383941650390625 -0.31805419921875 -0.0154705047607422 0.0313301086425781
0.57769775390625 -0.00299072265625 -0.137504577636719 -0.058624267578125
0.41961669921875 0.543670654296875 -0.1610107421875 -0.193923950195312
0.06634521484375 0.6671142578125 -0.00723266601562503 -0.36724853515625
-0.2567138671875 0.72332763671875 0.240081787109375 -0.385101318359375
-0.2169189453125 0.77740478515625 -0.146865844726563 0.019561767578125
0.1005859375 0.6885986328125 -0.03570556640625 0.0715637207031251
0.527618408203125 0.475311279296875 0.0986557006835938 0.0152511596679688
0.5743408203125 0.02435302734375 0.0455360412597657 -0.0361824035644531
0.430145263671875 -0.314056396484375 0.0460739135742188 -0.00522994995117189
0.10150146484375 -0.45147705078125 -0.0103597640991211 0.00686550140380857
-0.092010498046875 -0.44659423828125 -0.0162105560302734 0.0242214202880859
-0.048614501953125 -0.493377685546875 0.0316581726074219 0.0462570190429687
-0.08544921875 -0.488861083984375 0.0363426208496094 0.0401992797851562
0.13177490234375 -0.43408203125 -0.0104598999023437 0.104911804199219
0.404571533203125 -0.321563720703125 -0.0579910278320312 0.132698059082031
0.595458984375 0.00341796875 -0.177841186523437 0.000503540039062525
0.440673828125 0.57232666015625 -0.161544799804687 -0.147064208984375
0.07073974609375 0.70672607421875 0.0268402099609375 -0.234405517578125
-0.27886962890625 0.78375244140625 0.147720336914062 -0.166824340820312
-0.17047119140625 0.73822021484375 -0.216140747070313 0.25299072265625
0.13165283203125 0.6455078125 0.00018310546875001 0.229736328125
0.509735107421875 0.420806884765625 0.107460021972656 0.042572021484375
0.52801513671875 -0.00018310546875 0.00620317459106449 -0.000487327575683594
0.389892578125 -0.29364013671875 -0.0134124755859375 0.0707244873046875
0.0988464355468749 -0.416015625 -0.03350830078125 0.147567749023438
-0.068084716796875 -0.40338134765625 0.0371856689453125 0.186126708984375
-0.03173828125 -0.44354248046875 0.0947723388671875 0.197952270507812
-0.057342529296875 -0.4404296875 0.0880279541015625 0.198776245117187
0.131103515625 -0.368255615234375 -0.0198211669921875 0.244552612304687
0.3560791015625 -0.26068115234375 -0.0982208251953125 0.210739135742188
0.501007080078125 0.02313232421875 -0.197769165039063 0.053375244140625
0.3634033203125 0.504058837890625 -0.14337158203125 -0.0917358398437499
0.0466308593750001 0.61553955078125 0.0558929443359375 -0.08880615234375
-0.25775146484375 0.7132568359375 0.0482101440429687 0.0559768676757813
-0.10211181640625 0.5738525390625 -0.2703857421875 0.46539306640625
0.13287353515625 0.491485595703125 0.02923583984375 0.375823974609375
0.389007568359375 0.29449462890625 0.106727600097656 0.0805282592773438
0.38092041015625 -0.015625 -0.0204238891601562 0.0420951843261719
0.280120849609375 -0.2144775390625 -0.063079833984375 0.132461547851563
0.080902099609375 -0.30816650390625 -0.0502471923828125 0.260391235351563
-0.03448486328125 -0.2955322265625 0.084564208984375 0.31927490234375
-0.01251220703125 -0.3236083984375 0.143341064453125 0.31927490234375
-0.021331787109375 -0.32501220703125 0.12353515625 0.325653076171875
0.113143920898438 -0.24853515625 -0.0313720703125 0.34088134765625
0.253921508789063 -0.15576171875 -0.132247924804687 0.247787475585938
0.326263427734375 0.045989990234375 -0.197494506835938 0.0850372314453125
0.21966552734375 0.358642578125 -0.113365173339844 -0.0471725463867187
0.011077880859375 0.425567626953125 0.0722885131835938 0.0371627807617188
-0.1971435546875 0.52996826171875 -0.0409698486328125 0.243972778320313
-0.0224609375 0.32135009765625 -0.30487060546875 0.6229248046875
0.109298706054688 0.259170532226563 0.044677734375 0.488128662109375
0.20574951171875 0.123245239257813 0.103645324707031 0.121040344238281
0.172164916992188 -0.027374267578125 -0.0242080688476562 0.075836181640625
0.125991821289063 -0.0992431640625 -0.091796875 0.160980224609375
0.049041748046875 -0.149566650390625 -0.059295654296875 0.32342529296875
0.00462341308593749 -0.140312194824219 0.115478515625 0.4010009765625
0.0095977783203125 -0.156784057617188 0.16851806640625 0.39306640625
0.017059326171875 -0.164535522460938 0.1387939453125 0.403778076171875
0.0792617797851563 -0.100776672363281 -0.043731689453125 0.385284423828125
0.125099182128906 -0.0433197021484375 -0.154953002929687 0.245269775390625
0.125595092773438 0.050689697265625 -0.183990478515625 0.0948791503906249
0.0710906982421875 0.169952392578125 -0.0840835571289063 -0.0188140869140625
-0.0089263916015625 0.190216064453125 0.0731582641601563 0.122756958007813
-0.0999908447265625 0.2801513671875 -0.10455322265625 0.37213134765625
-0.058502197265625 0.0237884521484375 -0.00119018554687503 -0.48590087890625
-0.00846099853515626 0.0561904907226563 -0.123779296875 -0.216262817382813
0.061767578125 0.029510498046875 0.0534477233886719 0.0121841430664063
0.0684852600097656 -0.0227165222167969 0.158111572265625 -0.0843658447265625
0.0104789733886719 -0.0670318603515625 0.15789794921875 -0.2232666015625
-0.0465126037597656 -0.030059814453125 0.014678955078125 -0.378326416015625
-0.0616493225097656 -0.0187644958496094 -0.208587646484375 -0.395599365234375
-0.0377616882324219 -0.0226364135742188 -0.239837646484375 -0.3675537109375
-0.0406646728515625 0.000362396240234377 -0.19805908203125 -0.38323974609375
-0.0204372406005859 -0.0343170166015625 -0.02825927734375 -0.358367919921875
0.0231380462646484 -0.0330162048339844 0.049041748046875 -0.19354248046875
0.0553169250488281 0.00786972045898438 -0.01458740234375 -0.125526428222656
-0.0102653503417969 0.0458183288574219 -0.121002197265625 -0.187484741210938
-0.0316638946533203 0.0118904113769531 -0.12603759765625 -0.452362060546875
-0.0397224426269531 -0.0416107177734375 0.28472900390625 -0.6934814453125
-0.10565185546875 0.30279541015625 -0.00759887695312498 -0.457763671875
0.022491455078125 0.272064208984375 -0.1185302734375 -0.21392822265625
0.217849731445313 0.183151245117188 0.0509376525878906 -0.00146102905273436
0.239898681640625 -0.006805419921875 0.134475708007813 -0.0763702392578125
0.145843505859375 -0.16546630859375 0.156326293945312 -0.187255859375
-0.0177459716796875 -0.184616088867188 0.024505615234375 -0.33245849609375
-0.106674194335938 -0.177490234375 -0.18133544921875 -0.35614013671875
-0.0782318115234375 -0.206756591796875 -0.1995849609375 -0.329254150390625
-0.096221923828125 -0.184402465820313 -0.16650390625 -0.348907470703125
0.00854492187499999 -0.205398559570313 -0.021759033203125 -0.30316162109375
0.154571533203125 -0.1708984375 0.042633056640625 -0.147308349609375
0.267898559570313 -0.0205841064453125 -0.050384521484375 -0.120216369628906
0.180023193359375 0.230331420898437 -0.137344360351563 -0.206512451171875
0.0267181396484375 0.271697998046875 -0.0961914062500001 -0.47491455078125
-0.103607177734375 0.271011352539063 0.341796875 -0.64459228515625
-0.17779541015625 0.527801513671875 -0.017852783203125 -0.35272216796875
0.028594970703125 0.464508056640625 -0.0919189453125 -0.166717529296875
0.36444091796875 0.31317138671875 0.0605583190917969 -0.010498046875
0.394012451171875 0.0003662109375 0.107536315917969 -0.0740890502929688
0.268447875976563 -0.251235961914063 0.133956909179688 -0.14471435546875
0.014068603515625 -0.317901611328125 0.0179290771484375 -0.249588012695313
-0.133453369140625 -0.312530517578125 -0.14215087890625 -0.261245727539063
-0.10552978515625 -0.35809326171875 -0.138107299804688 -0.235641479492188
-0.1370849609375 -0.340057373046875 -0.114944458007813 -0.255523681640625
0.034423828125 -0.346588134765625 -0.019012451171875 -0.196731567382813
0.269195556640625 -0.28631591796875 0.0200386047363281 -0.0690803527832032
0.4508056640625 -0.047088623046875 -0.0995407104492187 -0.0927276611328125
0.35308837890625 0.387939453125 -0.1658935546875 -0.200607299804687
0.094757080078125 0.49945068359375 -0.08160400390625 -0.447509765625
-0.144073486328125 0.55255126953125 0.2568359375 -0.57843017578125
-0.16949462890625 0.70672607421875 -0.0837249755859375 -0.186050415039062
0.09136962890625 0.60968017578125 -0.0712356567382813 -0.0638961791992187
0.473663330078125 0.414031982421875 0.07781982421875 -0.00735473632812497
0.512939453125 0.013824462890625 0.07855224609375 -0.0631866455078125
0.37109375 -0.3013916015625 0.097930908203125 -0.0816421508789063
0.0609130859375 -0.410797119140625 0.0113754272460938 -0.131378173828125
-0.12249755859375 -0.40625 -0.0733871459960938 -0.131088256835938
-0.08465576171875 -0.45965576171875 -0.046051025390625 -0.10858154296875
-0.120849609375 -0.446868896484375 -0.0334014892578125 -0.123847961425781
0.0897216796875 -0.423065185546875 -0.00513076782226562 -0.0523872375488282
0.362152099609375 -0.3336181640625 -0.0114994049072265 0.030527114868164
0.56964111328125 -0.0328369140625 -0.141876220703125 -0.0498046875
0.4442138671875 0.512908935546875 -0.16705322265625 -0.183517456054687
0.0970458984375001 0.655029296875 -0.02264404296875 -0.3634033203125
-0.21514892578125 0.72613525390625 0.219573974609375 -0.388641357421875
-0.17364501953125 0.77691650390625 -0.144073486328125 0.0263214111328126
0.13372802734375 0.6732177734375 -0.0323028564453125 0.0740814208984375
0.54693603515625 0.4388427734375 0.0958328247070313 0.00559997558593753
0.567626953125 -0.0052490234375 0.0420379638671875 -0.04241943359375
0.40625 -0.334075927734375 0.0442733764648438 -0.0097007751464844
0.077423095703125 -0.44781494140625 -0.00962734222412109 0.008061408996582
-0.112274169921875 -0.435211181640625 -0.0143203735351563 0.0281219482421875
-0.076751708984375 -0.48602294921875 0.0322914123535156 0.042755126953125
-0.110198974609375 -0.476318359375 0.0349807739257812 0.0340499877929687
0.107269287109375 -0.432220458984375 -0.004364013671875 0.103721618652344
0.38214111328125 -0.33746337890625 -0.049468994140625 0.132026672363281
0.58880615234375 -0.02850341796875 -0.178421020507813 0.00967407226562497
0.4674072265625 0.541473388671875 -0.1640625 -0.137496948242187
0.1014404296875 0.69378662109375 0.0164642333984375 -0.2354736328125
-0.23577880859375 0.78826904296875 0.138626098632813 -0.1717529296875
-0.1317138671875 0.734130859375 -0.199554443359375 0.2584228515625
0.1632080078125 0.6298828125 0.0127410888671875 0.228286743164063
0.52679443359375 0.38641357421875 0.107460021972656 0.0337448120117188
0.52069091796875 -0.027862548828125 0.00559282302856449 -0.00509023666381836
0.368927001953125 -0.3115234375 -0.01123046875 0.0681686401367187
0.075927734375 -0.414520263671875 -0.0254974365234375 0.14910888671875
-0.086517333984375 -0.39459228515625 0.0480804443359375 0.185562133789063
-0.0576171875 -0.437255859375 0.103912353515625 0.18865966796875
-0.080902099609375 -0.43011474609375 0.095977783203125 0.187255859375
0.11102294921875 -0.369384765625 -0.00590515136718751 0.242721557617188
0.337615966796875 -0.273773193359375 -0.085113525390625 0.211578369140625
0.495361328125 -0.00299072265625 -0.193634033203125 0.0633087158203125
0.3853759765625 0.47637939453125 -0.143447875976562 -0.08453369140625
0.07305908203125 0.60504150390625 0.051605224609375 -0.0937271118164062
-0.21734619140625 0.717041015625 0.0502548217773437 0.0517921447753907
-0.0731201171875 0.57293701171875 -0.2437744140625 0.469879150390625
0.155731201171875 0.479156494140625 0.049346923828125 0.37005615234375
0.401702880859375 0.269439697265625 0.109420776367188 0.0717239379882813
0.376007080078125 -0.0341796875 -0.0179672241210937 0.0380783081054687
0.2650146484375 -0.227691650390625 -0.0576400756835937 0.131858825683594
0.063812255859375 -0.3074951171875 -0.03631591796875 0.262939453125
-0.0478515625 -0.289764404296875 0.1025390625 0.31451416015625
-0.030517578125 -0.320709228515625 0.160003662109375 0.30609130859375
-0.040374755859375 -0.31927490234375 0.139068603515625 0.311279296875
0.0997467041015625 -0.2498779296875 -0.011505126953125 0.33941650390625
0.2423095703125 -0.1651611328125 -0.117507934570312 0.25091552734375
0.323760986328125 0.028289794921875 -0.190811157226562 0.093719482421875
0.23712158203125 0.340972900390625 -0.111198425292969 -0.0424652099609375
0.03076171875 0.419464111328125 0.0732574462890625 0.0287857055664063
-0.166046142578125 0.533905029296875 -0.0298004150390625 0.240707397460938
-0.00668334960937497 0.318603515625 -0.27001953125 0.625244140625
0.119964599609375 0.2498779296875 0.0723876953125001 0.479339599609375
0.211380004882813 0.1119384765625 0.109375 0.113800048828125
0.169998168945313 -0.035797119140625 -0.0188446044921875 0.0718307495117188
0.119972229003906 -0.10565185546875 -0.0849761962890625 0.162063598632812
0.0399322509765625 -0.150726318359375 -0.042266845703125 0.325408935546875
-0.00157928466796875 -0.1395263671875 0.137237548828125 0.39178466796875
0.000518798828125 -0.154922485351563 0.18865966796875 0.3775634765625
0.0061492919921875 -0.1630859375 0.15936279296875 0.387542724609375
0.0731735229492188 -0.103324890136719 -0.020782470703125 0.382568359375
0.120223999023437 -0.0475997924804687 -0.141021728515625 0.249267578125
0.126312255859375 0.0435867309570313 -0.174758911132813 0.102340698242188
0.079925537109375 0.161590576171875 -0.0815505981445313 -0.016357421875
0.000396728515624989 0.1884765625 0.07720947265625 0.11273193359375
-0.085296630859375 0.282623291015625 -0.087005615234375 0.368682861328125
-0.0555877685546875 0.0243186950683594 -0.01580810546875 -0.47149658203125
-0.00782012939453125 0.0545463562011719 -0.129348754882813 -0.204833984375
0.0591773986816406 0.0278701782226562 0.0508842468261719 0.00960540771484375
0.0657768249511719 -0.0235481262207031 0.150299072265625 -0.0858306884765625
0.00808334350585938 -0.0649375915527344 0.1484375 -0.224624633789062
-0.0447311401367188 -0.0259208679199219 0.00216674804687499 -0.371856689453125
-0.0601806640625 -0.0154685974121094 -0.2177734375 -0.379180908203125
-0.0380401611328125 -0.0213775634765625 -0.24920654296875 -0.34979248046875
-0.0376434326171875 0.00144577026367187 -0.207275390625 -0.3663330078125
-0.0208969116210938 -0.0323009490966797 -0.041839599609375 -0.3502197265625
0.0207843780517578 -0.0338020324707031 0.0442047119140625 -0.190933227539063
0.0535507202148438 0.0043487548828125 -0.0187835693359375 -0.119636535644531
-0.00759506225585937 0.0458526611328125 -0.1246337890625 -0.175643920898438
-0.0313358306884766 0.0104084014892578 -0.13427734375 -0.433807373046875
-0.0390129089355469 -0.0407829284667969 0.26226806640625 -0.68115234375
-0.092620849609375 0.29705810546875 -0.021392822265625 -0.44256591796875
0.02978515625 0.263992309570313 -0.124237060546875 -0.202194213867187
0.216629028320313 0.17156982421875 0.0472030639648438 -0.00471496582031249
0.23358154296875 -0.0135955810546875 0.126274108886719 -0.0787506103515625
0.137222290039063 -0.164520263671875 0.147232055664062 -0.188156127929688
-0.0220947265625 -0.177169799804688 0.012786865234375 -0.32684326171875
-0.10888671875 -0.1693115234375 -0.18963623046875 -0.340728759765625
-0.0845184326171875 -0.200973510742188 -0.209259033203125 -0.313446044921875
-0.0987548828125 -0.177093505859375 -0.177947998046875 -0.33416748046875
0.001739501953125 -0.199981689453125 -0.032867431640625 -0.2967529296875
0.14599609375 -0.172225952148438 0.0401153564453125 -0.1455078125
0.26129150390625 -0.030059814453125 -0.0553970336914063 -0.113548278808594
0.18438720703125 0.218994140625 -0.140365600585938 -0.195281982421875
0.0341339111328125 0.26300048828125 -0.10565185546875 -0.45849609375
-0.092376708984375 0.26666259765625 0.319580078125 -0.6346435546875
-0.15472412109375 0.51776123046875 -0.027740478515625 -0.340911865234375
0.04229736328125 0.449493408203125 -0.09613037109375 -0.157119750976563
0.36322021484375 0.29193115234375 0.0557670593261719 -0.0142898559570312
0.383880615234375 -0.01080322265625 0.100273132324219 -0.076416015625
0.252639770507812 -0.25341796875 0.126419067382813 -0.146087646484375
0.00463867187500001 -0.30810546875 0.0098724365234375 -0.246063232421875
-0.139434814453125 -0.30023193359375 -0.147048950195312 -0.24853515625
-0.117523193359375 -0.348480224609375 -0.145187377929687 -0.224151611328125
-0.14501953125 -0.326568603515625 -0.124923706054687 -0.245803833007813
0.0230712890625 -0.337646484375 -0.02471923828125 -0.191848754882813
0.25439453125 -0.2886962890625 0.0199165344238281 -0.0700759887695313
0.438751220703125 -0.061279296875 -0.102500915527344 -0.0846405029296875
0.358612060546875 0.366729736328125 -0.166519165039063 -0.1904296875
0.105224609375 0.48468017578125 -0.089935302734375 -0.434478759765625
-0.125213623046875 0.543121337890625 0.2374267578125 -0.57037353515625
-0.14373779296875 0.6929931640625 -0.0865631103515625 -0.177749633789062
0.10662841796875 0.58935546875 -0.072357177734375 -0.0578460693359375
0.475128173828125 0.387298583984375 0.0735855102539063 -0.0132980346679687
0.49920654296875 -0.001953125 0.0727157592773438 -0.0660552978515625
0.3515625 -0.3052978515625 0.0929107666015625 -0.08428955078125
0.046966552734375 -0.39874267578125 0.00691986083984375 -0.12933349609375
-0.131591796875 -0.3935546875 -0.0753402709960938 -0.123741149902344
-0.100067138671875 -0.448455810546875 -0.0509262084960938 -0.104263305664063
-0.133758544921875 -0.432281494140625 -0.0407333374023438 -0.121543884277344
0.07366943359375 -0.41412353515625 -0.006072998046875 -0.0520362854003906
0.343353271484375 -0.337799072265625 -0.00801467895507811 0.0278663635253906
0.555206298828125 -0.05072021484375 -0.143600463867187 -0.0426177978515625
0.452972412109375 0.48492431640625 -0.16546630859375 -0.173934936523437
0.11212158203125 0.63726806640625 -0.031219482421875 -0.35552978515625
-0.18988037109375 0.71514892578125 0.206695556640625 -0.38519287109375
-0.14471435546875 0.7603759765625 -0.138916015625 0.0296783447265625
0.1507568359375 0.65155029296875 -0.0289993286132812 0.0751113891601563
0.54803466796875 0.408203125 0.0927505493164063 -0.000465393066406225
0.553253173828125 -0.0230712890625 0.0377960205078125 -0.0456733703613281
0.384063720703125 -0.3404541015625 0.0417709350585938 -0.013397216796875
0.062469482421875 -0.437164306640625 -0.00858688354492187 0.00839710235595701
-0.12286376953125 -0.421112060546875 -0.0109729766845703 0.0303802490234375
-0.092376708984375 -0.474700927734375 0.0317039489746094 0.0402297973632812
-0.124237060546875 -0.46087646484375 0.0316371917724609 0.0295772552490234
0.0916748046875001 -0.423675537109375 0.000122070312500001 0.100868225097656
0.364410400390625 -0.33990478515625 -0.04217529296875 0.128875732421875
0.57318115234375 -0.0462646484375 -0.176742553710937 0.0160980224609375
0.475799560546875 0.511016845703125 -0.16162109375 -0.1302490234375
0.1185302734375 0.674560546875 0.0102386474609375 -0.2327880859375
-0.205810546875 0.77459716796875 0.13104248046875 -0.170822143554687
-0.10711669921875 0.72100830078125 -0.185760498046875 0.256103515625
0.17822265625 0.60955810546875 0.0207977294921875 0.223068237304688
0.527099609375 0.35870361328125 0.105628967285156 0.0265426635742188
0.50738525390625 -0.042999267578125 0.00421524047851566 -0.00922298431396485
0.34857177734375 -0.316650390625 -0.01043701171875 0.0650215148925781
0.061614990234375 -0.404571533203125 -0.0195159912109375 0.148223876953125
-0.095977783203125 -0.383148193359375 0.055938720703125 0.182266235351562
-0.073455810546875 -0.427337646484375 0.1075439453125 0.179641723632812
-0.0950927734375 -0.416290283203125 0.09716796875 0.176666259765625
0.09765625 -0.361663818359375 0.00392150878906253 0.236587524414062
0.321533203125 -0.277130126953125 -0.07586669921875 0.208282470703125
0.48358154296875 -0.018402099609375 -0.189483642578125 0.06829833984375
0.39263916015625 0.45208740234375 -0.140220642089844 -0.0799331665039062
0.08697509765625 0.589111328125 0.0483551025390625 -0.0974731445312499
-0.1907958984375 0.7061767578125 0.0494346618652344 0.0480728149414063
-0.054779052734375 0.56103515625 -0.2222900390625 0.4630126953125
0.167144775390625 0.4617919921875 0.061859130859375 0.360015869140625
0.403167724609375 0.249908447265625 0.109703063964844 0.0646896362304688
0.36541748046875 -0.046234130859375 -0.0172958374023437 0.0332469940185547
0.251785278320313 -0.232025146484375 -0.0545883178710938 0.128524780273437
0.051727294921875 -0.301788330078125 -0.0262451171875 0.26019287109375
-0.054229736328125 -0.28253173828125 0.113250732421875 0.30572509765625
-0.042388916015625 -0.3128662109375 0.166534423828125 0.292205810546875
-0.0517578125 -0.309051513671875 0.14483642578125 0.294952392578125
0.0902862548828125 -0.245376586914063 0.00296020507812499 0.331451416015625
0.231414794921875 -0.16754150390625 -0.106719970703125 0.248031616210937
0.316864013671875 0.01806640625 -0.183761596679687 0.09735107421875
0.24285888671875 0.32305908203125 -0.107696533203125 -0.0406646728515625
0.04095458984375 0.408233642578125 0.071929931640625 0.0209732055664063
-0.146240234375 0.526947021484375 -0.0239410400390625 0.234039306640625
0.00234985351562501 0.31201171875 -0.24322509765625 0.61279296875
0.123809814453125 0.241195678710938 0.087158203125 0.46405029296875
0.21112060546875 0.102096557617188 0.111709594726563 0.106307983398438
0.1651611328125 -0.0402679443359375 -0.0166549682617187 0.0671768188476563
0.113746643066406 -0.108779907226562 -0.080780029296875 0.159698486328125
0.03448486328125 -0.148788452148438 -0.0308837890625 0.321929931640625
-0.0048828125 -0.136734008789063 0.1512451171875 0.37982177734375
-0.00502014160156249 -0.151824951171875 0.199951171875 0.3614501953125
-0.0010986328125 -0.158538818359375 0.16937255859375 0.369354248046875
0.0687026977539063 -0.102737426757813 -0.00531005859374996 0.37493896484375
0.115730285644531 -0.049346923828125 -0.130386352539062 0.248291015625
0.124473571777344 0.0391082763671875 -0.166824340820313 0.104660034179687
0.0842132568359375 0.1536865234375 -0.0779800415039063 -0.0158233642578125
0.00558471679687498 0.18365478515625 0.078277587890625 0.102783203125
-0.0730438232421875 0.279220581054688 -0.07684326171875 0.360107421875
-0.0539321899414062 0.0233688354492188 -0.02001953125 -0.46142578125
-0.00828170776367188 0.0541229248046875 -0.130661010742188 -0.197357177734375
0.0576972961425781 0.0278778076171875 0.048675537109375 0.00870895385742188
0.0648956298828125 -0.0233688354492188 0.145401000976563 -0.085693359375
0.00702667236328125 -0.0622787475585938 0.143905639648438 -0.223663330078125
-0.0426216125488281 -0.023956298828125 -0.00320434570312499 -0.3677978515625
-0.0584945678710938 -0.0132102966308594 -0.222625732421875 -0.368560791015625
-0.0380401611328125 -0.0211410522460938 -0.252655029296875 -0.33917236328125
-0.03564453125 0.000576019287109374 -0.210601806640625 -0.3577880859375
-0.0213813781738281 -0.031402587890625 -0.047821044921875 -0.345916748046875
0.0190315246582031 -0.0340232849121094 0.043426513671875 -0.189773559570313
0.0525436401367188 0.00323867797851563 -0.020751953125 -0.115020751953125
-0.0071258544921875 0.0449180603027344 -0.125289916992188 -0.168548583984375
-0.0310897827148438 0.00836372375488281 -0.135467529296875 -0.421661376953125
-0.0386581420898438 -0.0406608581542969 0.25872802734375 -0.66888427734375
-0.087158203125 0.29150390625 -0.0252685546875 -0.433868408203125
0.031097412109375 0.258514404296875 -0.125396728515625 -0.193923950195312
0.214004516601562 0.166091918945313 0.0444221496582031 -0.00621032714843749
0.229598999023438 -0.01434326171875 0.120841979980469 -0.0783538818359375
0.1329345703125 -0.1622314453125 0.143096923828125 -0.188201904296875
-0.0213623046875 -0.172271728515625 0.00756835937499999 -0.3240966796875
-0.108963012695312 -0.164779663085938 -0.19317626953125 -0.331573486328125
-0.087738037109375 -0.19769287109375 -0.21234130859375 -0.303497314453125
-0.0987091064453125 -0.173538208007813 -0.1826171875 -0.326507568359375
-0.00024414062499998 -0.1959228515625 -0.037811279296875 -0.29351806640625
0.141281127929688 -0.172286987304688 0.0391998291015625 -0.146331787109375
0.2568359375 -0.032928466796875 -0.057464599609375 -0.108383178710937
0.184967041015625 0.212814331054688 -0.139358520507813 -0.187652587890625
0.03497314453125 0.257431030273438 -0.10638427734375 -0.4490966796875
-0.08795166015625 0.263153076171875 0.31231689453125 -0.6260986328125
-0.14752197265625 0.50848388671875 -0.0299072265625 -0.33270263671875
0.045440673828125 0.4410400390625 -0.09716796875 -0.149490356445312
0.360809326171875 0.282623291015625 0.0528793334960938 -0.0171585083007812
0.377410888671875 -0.013916015625 0.0951461791992188 -0.0776443481445313
0.244430541992188 -0.252105712890625 0.122116088867188 -0.1470947265625
0.00363159179687503 -0.301025390625 0.00608825683593749 -0.243621826171875
-0.1396484375 -0.292572021484375 -0.1485595703125 -0.240676879882813
-0.124053955078125 -0.34320068359375 -0.148773193359375 -0.216659545898438
-0.147003173828125 -0.319854736328125 -0.13006591796875 -0.240158081054688
0.019287109375 -0.33123779296875 -0.02825927734375 -0.190658569335938
0.247100830078125 -0.28759765625 0.0204315185546875 -0.0709991455078125
0.431732177734375 -0.066864013671875 -0.105026245117187 -0.0793685913085938
0.358184814453125 0.35546875 -0.165130615234375 -0.18377685546875
0.107574462890625 0.477447509765625 -0.08953857421875 -0.4259033203125
-0.116729736328125 0.53448486328125 0.23382568359375 -0.56158447265625
-0.133544921875 0.68121337890625 -0.086578369140625 -0.172348022460937
0.111572265625 0.577880859375 -0.0714111328125 -0.0534133911132812
0.473236083984375 0.3729248046875 0.070709228515625 -0.0164337158203125
0.491180419921875 -0.006744384765625 0.0683403015136719 -0.0676307678222656
0.340484619140625 -0.305328369140625 0.0897750854492188 -0.0865936279296875
0.042938232421875 -0.3907470703125 0.00560760498046874 -0.127273559570313
-0.13360595703125 -0.383453369140625 -0.0755157470703125 -0.119361877441406
-0.108367919921875 -0.44207763671875 -0.053741455078125 -0.101081848144531
-0.137939453125 -0.422821044921875 -0.0465621948242188 -0.11932373046875
0.068878173828125 -0.40594482421875 -0.00650787353515624 -0.05206298828125
0.334564208984375 -0.33758544921875 -0.00587463378906248 0.025604248046875
0.5469970703125 -0.056488037109375 -0.144760131835938 -0.037628173828125
0.451995849609375 0.471771240234375 -0.163528442382813 -0.1695556640625
0.11541748046875 0.6251220703125 -0.033355712890625 -0.351165771484375
-0.17913818359375 0.70391845703125 0.201751708984375 -0.37860107421875
-0.13421630859375 0.74896240234375 -0.135246276855469 0.0303192138671876
0.15557861328125 0.63861083984375 -0.0266036987304687 0.075469970703125
0.54486083984375 0.3936767578125 0.0902099609375 -0.00471496582031248
0.5428466796875 -0.028106689453125 0.0334548950195313 -0.047821044921875
0.372344970703125 -0.34002685546875 0.0404014587402344 -0.0152549743652344
0.055572509765625 -0.428436279296875 -0.00777435302734375 0.00889873504638669
-0.1241455078125 -0.4122314453125 -0.0080394744873047 0.0315837860107422
-0.100677490234375 -0.468597412109375 0.0308303833007812 0.039093017578125
-0.1302490234375 -0.45013427734375 0.0269680023193359 0.0283393859863281
0.086395263671875 -0.416778564453125 0.00276184082031251 0.0987014770507812
0.35455322265625 -0.339324951171875 -0.0386199951171875 0.125885009765625
0.56524658203125 -0.0535888671875 -0.176376342773437 0.02044677734375
0.47357177734375 0.495880126953125 -0.159088134765625 -0.12738037109375
0.121337890625 0.6629638671875 0.00801086425781252 -0.232101440429687
-0.19439697265625 0.76458740234375 0.12799072265625 -0.168685913085937
-0.0950927734375 0.7086181640625 -0.179092407226563 0.251129150390625
0.1826171875 0.59649658203125 0.0245513916015625 0.219482421875
0.5255126953125 0.344818115234375 0.103981018066406 0.02252197265625
0.499603271484375 -0.047454833984375 0.00195312500000003 -0.0122356414794922
0.33831787109375 -0.317962646484375 -0.010955810546875 0.0628318786621094
0.056243896484375 -0.397247314453125 -0.0163421630859375 0.146987915039062
-0.098358154296875 -0.376373291015625 0.0606842041015625 0.17950439453125
-0.081085205078125 -0.4207763671875 0.108779907226563 0.174942016601562
-0.100311279296875 -0.407257080078125 0.0947113037109375 0.171188354492187
0.0925598144531251 -0.355865478515625 0.00944519042968752 0.233352661132812
0.313568115234375 -0.275543212890625 -0.0714263916015625 0.204666137695312
0.475494384765625 -0.022918701171875 -0.187484741210937 0.0706024169921875
0.39288330078125 0.436798095703125 -0.13751220703125 -0.0795516967773437
0.0927124023437499 0.57666015625 0.0458526611328125 -0.10040283203125
-0.1788330078125 0.69757080078125 0.0480384826660156 0.0462493896484375
-0.047149658203125 0.5513916015625 -0.2132568359375 0.451416015625
0.16864013671875 0.453826904296875 0.066741943359375 0.3525390625
0.40020751953125 0.24078369140625 0.109405517578125 0.0601806640625
0.3603515625 -0.0496826171875 -0.0171394348144531 0.0299434661865234
0.244354248046875 -0.233749389648438 -0.0535049438476562 0.126800537109375
0.04779052734375 -0.29669189453125 -0.021453857421875 0.258712768554688
-0.05645751953125 -0.278945922851563 0.120635986328125 0.300628662109375
-0.047027587890625 -0.307952880859375 0.16998291015625 0.28466796875
-0.05615234375 -0.3021240234375 0.1448974609375 0.28704833984375
0.086761474609375 -0.240890502929688 0.00930786132812498 0.325958251953125
0.226348876953125 -0.166397094726563 -0.101837158203125 0.245086669921875
0.31201171875 0.01434326171875 -0.1802978515625 0.0986175537109375
0.24322509765625 0.313446044921875 -0.104972839355469 -0.0413436889648437
0.043792724609375 0.401458740234375 0.0695762634277344 0.0152359008789063
-0.137725830078125 0.51983642578125 -0.023468017578125 0.229141235351563
0.00378417968750001 0.30828857421875 -0.23382568359375 0.6002197265625
0.124786376953125 0.23638916015625 0.09259033203125 0.453857421875
0.2108154296875 0.098052978515625 0.112884521484375 0.102485656738281
0.162521362304688 -0.04217529296875 -0.0160560607910156 0.0633888244628906
0.11163330078125 -0.110336303710938 -0.079742431640625 0.158004760742188
0.0319671630859375 -0.14697265625 -0.02490234375 0.320281982421875
-0.00560760498046874 -0.135894775390625 0.15814208984375 0.372802734375
-0.00701904296875 -0.149368286132812 0.20367431640625 0.35198974609375
-0.00456237792968749 -0.154373168945313 0.1712646484375 0.35888671875
0.0673751831054688 -0.1009521484375 0.00201416015624998 0.369171142578125
0.113433837890625 -0.0484542846679688 -0.125579833984375 0.246170043945312
0.122856140136719 0.037200927734375 -0.161880493164062 0.104660034179687
0.0850982666015625 0.148223876953125 -0.0766830444335938 -0.017364501953125
0.00773620605468749 0.181243896484375 0.0752334594726563 0.09619140625
-0.06903076171875 0.277587890625 -0.07550048828125 0.35406494140625
-0.0534629821777344 0.0223960876464844 -0.01947021484375 -0.459808349609375
-0.00838088989257813 0.0548515319824219 -0.132171630859375 -0.194381713867188
0.0573539733886719 0.0286445617675781 0.0481986999511719 0.00802230834960938
0.0649452209472656 -0.023223876953125 0.14508056640625 -0.0857391357421875
0.00728607177734374 -0.0615463256835938 0.14337158203125 -0.226425170898438
-0.0407257080078125 -0.0230331420898437 -0.00708007812499997 -0.374298095703125
-0.0579757690429687 -0.0127410888671875 -0.230010986328125 -0.368804931640625
-0.0391807556152344 -0.0214080810546875 -0.2579345703125 -0.335296630859375
-0.0349521636962891 -0.000112533569335936 -0.215728759765625 -0.357177734375
-0.0212001800537109 -0.0307292938232422 -0.052703857421875 -0.34869384765625
0.0183143615722656 -0.0343818664550781 0.04461669921875 -0.1917724609375
0.0525550842285156 0.00204849243164063 -0.022064208984375 -0.11346435546875
-0.00645065307617188 0.0448646545410156 -0.126693725585937 -0.164794921875
-0.0322628021240234 0.00657272338867188 -0.13568115234375 -0.42108154296875
-0.0381355285644531 -0.0418701171875 0.26385498046875 -0.67144775390625
-0.086090087890625 0.2911376953125 -0.02447509765625 -0.4312744140625
0.03106689453125 0.259201049804688 -0.126922607421875 -0.190093994140625
0.215438842773438 0.165084838867187 0.0432472229003906 -0.00768280029296874
0.230178833007812 -0.0145416259765625 0.119819641113281 -0.0793685913085938
0.132461547851563 -0.162765502929688 0.143020629882813 -0.19189453125
-0.02008056640625 -0.171234130859375 0.00427246093750003 -0.327850341796875
-0.109481811523438 -0.16412353515625 -0.198211669921875 -0.329803466796875
-0.0916290283203125 -0.199081420898438 -0.218017578125 -0.300567626953125
-0.1004638671875 -0.1749267578125 -0.18798828125 -0.326141357421875
-0.00114440917968749 -0.19610595703125 -0.04144287109375 -0.29669189453125
0.140884399414063 -0.1749267578125 0.0405120849609375 -0.148101806640625
0.257919311523438 -0.035003662109375 -0.0604171752929687 -0.105941772460938
0.187728881835937 0.213241577148438 -0.140396118164062 -0.186416625976563
0.034881591796875 0.257110595703125 -0.105560302734375 -0.449005126953125
-0.0876007080078125 0.264144897460938 0.3172607421875 -0.6268310546875
-0.1453857421875 0.5093994140625 -0.029205322265625 -0.33062744140625
0.04681396484375 0.43939208984375 -0.097900390625 -0.145904541015625
0.362274169921875 0.279205322265625 0.0514373779296875 -0.0189743041992187
0.3792724609375 -0.014556884765625 0.0927581787109375 -0.0781631469726563
0.24346923828125 -0.254058837890625 0.12158203125 -0.150604248046875
0.00454711914062501 -0.299652099609375 0.004180908203125 -0.245407104492188
-0.14111328125 -0.292388916015625 -0.151718139648437 -0.239288330078125
-0.130462646484375 -0.344818115234375 -0.15362548828125 -0.215179443359375
-0.14996337890625 -0.3212890625 -0.136764526367187 -0.238861083984375
0.018890380859375 -0.332000732421875 -0.030975341796875 -0.192855834960938
0.246978759765625 -0.291473388671875 0.0219802856445313 -0.0741195678710938
0.43450927734375 -0.069244384765625 -0.107154846191406 -0.075531005859375
0.36370849609375 0.355194091796875 -0.165390014648437 -0.183868408203125
0.10833740234375 0.47686767578125 -0.0899963378906251 -0.427825927734375
-0.11614990234375 0.537994384765625 0.2366943359375 -0.56402587890625
-0.1298828125 0.6817626953125 -0.0849761962890625 -0.172134399414062
0.1124267578125 0.57855224609375 -0.071197509765625 -0.0504608154296875
0.477386474609375 0.37005615234375 0.0690650939941407 -0.0191116333007812
0.49298095703125 -0.0089111328125 0.0654487609863282 -0.0690460205078125
0.3387451171875 -0.309417724609375 0.0895462036132813 -0.0890579223632813
0.044189453125 -0.3890380859375 0.00550079345703125 -0.128395080566406
-0.135284423828125 -0.384918212890625 -0.0753402709960938 -0.118293762207031
-0.115692138671875 -0.445068359375 -0.0563735961914063 -0.0997772216796875
-0.141845703125 -0.423797607421875 -0.051605224609375 -0.118385314941406
0.0693359375 -0.406219482421875 -0.00748443603515625 -0.0533866882324219
0.33392333984375 -0.340423583984375 -0.00426483154296873 0.0234375
0.5499267578125 -0.06072998046875 -0.148574829101563 -0.033782958984375
0.4578857421875 0.4708251953125 -0.163284301757812 -0.170303344726563
0.11737060546875 0.62567138671875 -0.032196044921875 -0.3541259765625
-0.1773681640625 0.70867919921875 0.20391845703125 -0.380401611328125
-0.1298828125 0.75018310546875 -0.134170532226563 0.0300598144531251
0.15899658203125 0.6395263671875 -0.0243301391601562 0.0776977539062501
0.550262451171875 0.390380859375 0.0896224975585938 -0.00735473632812498
0.545562744140625 -0.030059814453125 0.0312919616699219 -0.0504722595214844
0.370452880859375 -0.345367431640625 0.039947509765625 -0.0177459716796875
0.054901123046875 -0.42767333984375 -0.00668525695800781 0.00925350189208982
-0.12615966796875 -0.41485595703125 -0.00542449951171876 0.0324020385742187
-0.109375 -0.47137451171875 0.0302505493164063 0.0395431518554687
-0.134429931640625 -0.451629638671875 0.0236930847167969 0.0285530090332031
0.086700439453125 -0.417724609375 0.00463104248046876 0.098388671875
0.35626220703125 -0.343902587890625 -0.0372543334960937 0.124069213867187
0.5679931640625 -0.0555419921875 -0.179672241210938 0.0244903564453125
0.479644775390625 0.494781494140625 -0.15869140625 -0.129150390625
0.12310791015625 0.66522216796875 0.00764465332031253 -0.236862182617187
-0.19384765625 0.77008056640625 0.128631591796875 -0.169296264648437
-0.0931396484375 0.71148681640625 -0.17828369140625 0.249954223632813
0.18536376953125 0.59759521484375 0.0279083251953125 0.220565795898438
0.5301513671875 0.340850830078125 0.104469299316406 0.0192108154296875
0.50262451171875 -0.050048828125 -0.000131607055664033 -0.0149059295654297
0.337677001953125 -0.323822021484375 -0.0110893249511719 0.061676025390625
0.055938720703125 -0.398529052734375 -0.01373291015625 0.14898681640625
-0.100006103515625 -0.37835693359375 0.0662078857421875 0.180023193359375
-0.08660888671875 -0.42315673828125 0.111083984375 0.174423217773437
-0.104583740234375 -0.40692138671875 0.09375 0.171035766601562
0.0938720703125 -0.3568115234375 0.01287841796875 0.2333984375
0.31488037109375 -0.278472900390625 -0.07000732421875 0.20477294921875
0.478363037109375 -0.02532958984375 -0.189651489257812 0.0742340087890625
0.39825439453125 0.437591552734375 -0.136299133300781 -0.0825653076171875
0.09307861328125 0.5792236328125 0.0446319580078125 -0.105331420898437
-0.17816162109375 0.7027587890625 0.0470695495605469 0.0471725463867188
-0.0457763671875 0.555206298828125 -0.213043212890625 0.4512939453125
0.1708984375 0.454681396484375 0.07086181640625 0.352081298828125
0.406951904296875 0.23797607421875 0.110908508300781 0.057525634765625
0.3619384765625 -0.050994873046875 -0.0186538696289062 0.0277118682861328
0.244400024414063 -0.238723754882813 -0.0536956787109375 0.127555847167969
0.047576904296875 -0.298126220703125 -0.0181732177734375 0.262130737304687
-0.0578155517578125 -0.28094482421875 0.1280517578125 0.299957275390625
-0.050689697265625 -0.3099365234375 0.174224853515625 0.283538818359375
-0.059356689453125 -0.30108642578125 0.14617919921875 0.2869873046875
0.08770751953125 -0.242080688476563 0.013702392578125 0.327911376953125
0.227340698242188 -0.167678833007813 -0.10064697265625 0.246368408203125
0.3143310546875 0.013427734375 -0.181365966796875 0.100830078125
0.246551513671875 0.3114013671875 -0.104667663574219 -0.0445709228515625
0.045654296875 0.402557373046875 0.0679130554199219 0.0108985900878906
-0.13690185546875 0.52459716796875 -0.0253753662109375 0.22991943359375
0.00515747070312498 0.31072998046875 -0.23468017578125 0.59771728515625
0.125686645507813 0.23724365234375 0.097198486328125 0.453338623046875
0.213119506835938 0.098236083984375 0.115203857421875 0.100929260253906
0.163131713867188 -0.0432281494140625 -0.0163116455078125 0.0609588623046875
0.110916137695313 -0.113166809082031 -0.08001708984375 0.15985107421875
0.031005859375 -0.148345947265625 -0.0218505859375 0.32525634765625
-0.00596618652343751 -0.137733459472656 0.166656494140625 0.373382568359375
-0.00793457031249999 -0.150177001953125 0.210540771484375 0.350341796875
-0.005615234375 -0.15338134765625 0.174530029296875 0.359375
0.0682449340820313 -0.101287841796875 0.00692749023437498 0.37030029296875
0.114494323730469 -0.0485610961914063 -0.124664306640625 0.248794555664063
0.1234130859375 0.036590576171875 -0.161178588867188 0.10577392578125
0.086639404296875 0.147567749023438 -0.0767898559570313 -0.0205307006835938
0.00958251953125001 0.181564331054688 0.0742416381835938 0.0923538208007813
-0.067596435546875 0.280136108398437 -0.078460693359375 0.355224609375
-0.0538139343261719 0.0233802795410156 -0.025054931640625 -0.4678955078125
-0.00784683227539063 0.05657958984375 -0.137481689453125 -0.19293212890625
0.0580024719238281 0.0296478271484375 0.0481796264648438 0.00713729858398438
0.0666580200195312 -0.024658203125 0.14556884765625 -0.0892791748046875
0.0077362060546875 -0.0614547729492187 0.141387939453125 -0.236114501953125
-0.0405426025390625 -0.0227928161621094 -0.0179443359375 -0.38397216796875
-0.0581703186035156 -0.011627197265625 -0.244537353515625 -0.36956787109375
-0.0411834716796875 -0.0208015441894531 -0.273101806640625 -0.33636474609375
-0.0356330871582031 -0.000850677490234375 -0.2303466796875 -0.3602294921875
-0.0228824615478516 -0.0298805236816406 -0.063262939453125 -0.3558349609375
0.0175056457519531 -0.0356407165527344 0.043487548828125 -0.197509765625
0.0532035827636719 0.000354766845703125 -0.0251693725585937 -0.112625122070313
-0.00650787353515625 0.0454940795898438 -0.132522583007813 -0.162612915039063
-0.0340366363525391 0.00600814819335937 -0.141815185546875 -0.426361083984375
-0.0387916564941406 -0.0432662963867187 0.264404296875 -0.69049072265625
-0.08331298828125 0.296600341796875 -0.029541015625 -0.437652587890625
0.0353240966796875 0.263092041015625 -0.131546020507812 -0.188461303710938
0.221511840820312 0.164459228515625 0.0426673889160156 -0.00949859619140624
0.235397338867187 -0.017822265625 0.118827819824219 -0.0824966430664063
0.132278442382813 -0.168243408203125 0.14178466796875 -0.200942993164063
-0.0211944580078125 -0.173797607421875 -0.00421142578124997 -0.337188720703125
-0.114181518554687 -0.165191650390625 -0.21124267578125 -0.331756591796875
-0.100723266601563 -0.201889038085938 -0.232086181640625 -0.299835205078125
-0.10577392578125 -0.178024291992188 -0.2025146484375 -0.3284912109375
-0.00363159179687501 -0.199462890625 -0.050445556640625 -0.30279541015625
0.139358520507813 -0.18194580078125 0.04010009765625 -0.155166625976563
0.26385498046875 -0.041961669921875 -0.0647735595703125 -0.103202819824219
0.195693969726563 0.213348388671875 -0.145797729492187 -0.1854248046875
0.03802490234375 0.261688232421875 -0.110504150390625 -0.456695556640625
-0.0852508544921875 0.27117919921875 0.3209228515625 -0.64666748046875
-0.140228271484375 0.519805908203125 -0.032562255859375 -0.334869384765625
0.053863525390625 0.44720458984375 -0.100738525390625 -0.144851684570312
0.3756103515625 0.277587890625 0.0502853393554688 -0.0226097106933594
0.38690185546875 -0.02166748046875 0.0916061401367188 -0.0815277099609375
0.2437744140625 -0.2637939453125 0.121673583984375 -0.158248901367188
0.00155639648437503 -0.305084228515625 -0.00143432617187498 -0.253707885742188
-0.14892578125 -0.29632568359375 -0.160614013671875 -0.240951538085937
-0.143798828125 -0.351226806640625 -0.16278076171875 -0.213409423828125
-0.15924072265625 -0.3258056640625 -0.14764404296875 -0.2398681640625
0.015350341796875 -0.338470458984375 -0.0367431640625 -0.197479248046875
0.246673583984375 -0.303924560546875 0.0220489501953125 -0.0784072875976563
0.443817138671875 -0.07977294921875 -0.113136291503906 -0.0716171264648438
0.379302978515625 0.357269287109375 -0.169998168945313 -0.184402465820312
0.1163330078125 0.485595703125 -0.0965270996093749 -0.43621826171875
-0.110015869140625 0.5517578125 0.23651123046875 -0.57904052734375
-0.1219482421875 0.69720458984375 -0.0875396728515625 -0.174148559570312
0.1231689453125 0.586181640625 -0.0716552734375 -0.0479583740234375
0.492889404296875 0.366729736328125 0.0689125061035157 -0.0223808288574219
0.503021240234375 -0.01568603515625 0.0631027221679688 -0.0726318359375
0.3388671875 -0.322845458984375 0.089874267578125 -0.0954818725585938
0.041046142578125 -0.39691162109375 0.00324249267578124 -0.133232116699219
-0.143890380859375 -0.391754150390625 -0.0780487060546875 -0.118499755859375
-0.131072998046875 -0.45306396484375 -0.0611801147460938 -0.0991897583007813
-0.153533935546875 -0.429229736328125 -0.0582962036132813 -0.118370056152344
0.06549072265625 -0.416595458984375 -0.00899505615234375 -0.0555000305175782
0.335845947265625 -0.355255126953125 -0.00306320190429686 0.0214157104492187
0.56378173828125 -0.07086181640625 -0.154022216796875 -0.0277862548828125
0.47576904296875 0.47174072265625 -0.16888427734375 -0.172088623046875
0.1278076171875 0.6395263671875 -0.03753662109375 -0.36358642578125
-0.17169189453125 0.7281494140625 0.204925537109375 -0.391448974609375
-0.12091064453125 0.76690673828125 -0.1348876953125 0.0317230224609375
0.17120361328125 0.64837646484375 -0.0210113525390625 0.0811462402343751
0.56988525390625 0.38787841796875 0.09051513671875 -0.01171875
0.55694580078125 -0.040374755859375 0.0288772583007813 -0.0538406372070312
0.371673583984375 -0.360870361328125 0.0403480529785157 -0.0210990905761719
0.05224609375 -0.437347412109375 -0.00580120086669921 0.0086865425109863
-0.136474609375 -0.421783447265625 -0.00349617004394532 0.0324783325195312
-0.124053955078125 -0.48016357421875 0.0319862365722656 0.0409698486328125
-0.14678955078125 -0.45733642578125 0.0220050811767578 0.0308189392089843
0.0844726562499999 -0.42755126953125 0.00649261474609376 0.0998153686523437
0.356658935546875 -0.358612060546875 -0.035400390625 0.125511169433594
0.582275390625 -0.06719970703125 -0.184906005859375 0.031982421875
0.5010986328125 0.496673583984375 -0.1632080078125 -0.131820678710937
0.1353759765625 0.67803955078125 0.00340270996093753 -0.245803833007813
-0.1849365234375 0.79254150390625 0.129119873046875 -0.174774169921875
-0.08441162109375 0.72686767578125 -0.178115844726563 0.254867553710938
0.19830322265625 0.60736083984375 0.0346832275390625 0.224884033203125
0.55047607421875 0.337738037109375 0.107231140136719 0.0151138305664063
0.5128173828125 -0.059814453125 -0.00211906433105466 -0.0175685882568359
0.337249755859375 -0.33990478515625 -0.0104789733886718 0.0615158081054687
0.051513671875 -0.40728759765625 -0.00962829589843748 0.152847290039063
-0.108978271484375 -0.3863525390625 0.0743865966796875 0.1815185546875
-0.100616455078125 -0.4327392578125 0.11865234375 0.175506591796875
-0.114776611328125 -0.413299560546875 0.097442626953125 0.174285888671875
0.0924072265625 -0.36456298828125 0.019134521484375 0.23797607421875
0.316741943359375 -0.291107177734375 -0.06744384765625 0.2095947265625
0.490997314453125 -0.03338623046875 -0.193389892578125 0.081756591796875
0.41436767578125 0.437591552734375 -0.140525817871094 -0.0849990844726562
0.1033935546875 0.59124755859375 0.0416030883789063 -0.112579345703125
-0.17095947265625 0.7227783203125 0.04742431640625 0.0482139587402344
-0.03924560546875 0.56939697265625 -0.2119140625 0.45941162109375
0.18109130859375 0.46209716796875 0.08087158203125 0.357818603515625
0.420654296875 0.2364501953125 0.115730285644531 0.0549087524414063
0.369720458984375 -0.058197021484375 -0.019418716430664 0.0258102416992187
0.244354248046875 -0.250823974609375 -0.0535125732421875 0.130226135253906
0.044525146484375 -0.305084228515625 -0.0115509033203125 0.269561767578125
-0.063568115234375 -0.287872314453125 0.1409912109375 0.30279541015625
-0.05987548828125 -0.31695556640625 0.186248779296875 0.28466796875
-0.066741943359375 -0.305419921875 0.155487060546875 0.291015625
0.087249755859375 -0.247695922851562 0.02276611328125 0.334381103515625
0.229324340820313 -0.17559814453125 -0.098480224609375 0.253738403320313
0.32208251953125 0.009246826171875 -0.183456420898437 0.106964111328125
0.25811767578125 0.313232421875 -0.108802795410156 -0.0470428466796875
0.05242919921875 0.410369873046875 0.0668220520019531 0.00572586059570315
-0.130828857421875 0.5400390625 -0.0256805419921875 0.236602783203125
0.00946044921874999 0.318695068359375 -0.23150634765625 0.60888671875
0.13153076171875 0.240753173828125 0.108245849609375 0.459503173828125
0.221206665039063 0.0962677001953125 0.120651245117188 0.0999755859375
0.166763305664063 -0.0462188720703125 -0.015411376953125 0.0607070922851563
0.111007690429688 -0.119544982910156 -0.0805816650390625 0.163970947265625
0.029083251953125 -0.152481079101563 -0.014434814453125 0.33489990234375
-0.0084228515625 -0.142349243164063 0.181732177734375 0.37646484375
-0.0118255615234375 -0.153610229492188 0.225372314453125 0.3514404296875
-0.00920104980468752 -0.155776977539063 0.18719482421875 0.362335205078125
0.0696029663085938 -0.10491943359375 0.0166015625 0.379486083984375
0.116233825683594 -0.0510711669921875 -0.123397827148437 0.257598876953125
0.12713623046875 0.0359725952148438 -0.162109375 0.110504150390625
0.0917816162109375 0.147659301757813 -0.079193115234375 -0.0232467651367187
0.012481689453125 0.18572998046875 0.0742034912109375 0.0891265869140625
-0.0638427734375 0.2891845703125 -0.078704833984375 0.365325927734375
0.0574803439648897 0.0851553336961758 0.393780145238282 -0.293634095009519
0.0698764307594234 -0.0149914426547832 0.104102803269075 -0.232941209246125
-0.0128963307082914 -0.0649276065762669 0.00575717320700612 0.0589772593901563
-0.080183215460691 -0.0313115308161587 0.15302529553967 0.10713001718216
-0.0616206671402371 0.0647567702592329 0.310902513295008 -0.00169906758715918
0.00379601863253149 0.0847981377491544 0.345734093287655 -0.196654397958987
0.03583590059632 0.080016287900026 0.27228375721522 -0.371623219683404
0.0337950317550293 0.0644679487159988 0.194939344219388 -0.433489604276177
0.0272541438784284 0.0610296169987914 0.243468807107192 -0.373431511015675
0.00167653437031688 0.0564560181945307 0.280151757772657 -0.227178698488308
-0.0410967924099843 0.021788733687108 0.211441376711566 -0.0517879168369918
-0.0321665735236628 -0.0386877871113694 0.0831591154855704 -0.0735716625856148
0.0418762816110938 -0.0152855935493654 0.0553249672568324 -0.20134862780526
0.0304569541686584 0.046753391306053 0.305392695702743 -0.335085465413392
-0.0237545692591415 0.0871565490741473 0.697598677237457 -0.202191924806318
0.296191558615102 -0.0396671781990183 0.332706848091066 -0.30646616849163
0.210199930270332 -0.183417645075322 0.0651713325015811 -0.244034420127948
0.00363578881220309 -0.281730598566683 -0.0311514896535992 0.0662850757342169
-0.193180827297899 -0.183437277217935 0.110325424551199 0.130458303236632
-0.232910243785558 0.0490493303449528 0.291026999167024 0.0416921049583663
-0.126159295219501 0.159988629488083 0.330040491128975 -0.150736917405175
-0.0757395583240155 0.210343630570023 0.271022648317918 -0.311267458293836
-0.0632039059422566 0.2241732663565 0.198664110304473 -0.373275048647798
-0.0859360218577443 0.223796663451198 0.245225280478132 -0.32409474275202
-0.147846030715695 0.148688266591477 0.254196265976432 -0.168874306869918
-0.234023918496259 0.0291949708274622 0.171020675645483 -0.0065054189521873
-0.198052780681346 -0.196561759126625 0.0312261621662084 -0.0779138261535737
0.00879325736817711 -0.272360703034309 0.0415274645201527 -0.222451821828107
0.18002559400179 -0.159892672379903 0.328510631524701 -0.348381481662733
0.243177254121803 -0.0349052321062248 0.70122390835567 -0.164017167737605
0.507100971362557 -0.122581042020332 0.219416420001726 -0.280362943584452
0.347176309099721 -0.320398397666702 0.00737298915923575 -0.215449383603973
0.00625560314263604 -0.477144409671097 -0.0579689588931924 0.0891716372137884
-0.301543441830361 -0.313414331854931 0.0769931433647224 0.144849429425164
-0.383649593881472 0.0342865036663174 0.252368633901562 0.0666169641418381
-0.241476801578837 0.215980606992584 0.272905304038016 -0.0968888299928597
-0.177789854739382 0.306462167806553 0.220580198331928 -0.215918119636648
-0.149484369600572 0.347486818521483 0.16401241223203 -0.26103085014589
-0.184177415496479 0.350361387268381 0.200847036213841 -0.226587537668023
-0.272729242379196 0.218261428919544 0.180665329224273 -0.0876563126235374
-0.397339966714371 0.0300483630552171 0.0913624079545722 0.0372792166707453
-0.341409290964848 -0.331504380977054 -0.042341673631063 -0.0827850155496044
-0.0274733637079697 -0.498498547623212 0.00471221109531036 -0.239203279187095
0.302893933903882 -0.354965188365009 0.300289296941823 -0.346164834789385
0.480050797141288 -0.159983497258982 0.601579598203504 -0.219024842502188
0.644567231534246 -0.250871166806076 0.023793499394921 -0.25044169722042
0.410064633558948 -0.474751116237175 -0.0999301938320225 -0.146813934233177
0.0079124772671697 -0.628175322052593 -0.0799412763851934 0.124136198787046
-0.378284125253789 -0.419976467503311 0.0396565631042179 0.153725665538747
-0.495580615313748 0.00283794957820979 0.181611262653591 0.0894542143479103
-0.336364802045431 0.233403104696883 0.177942838529309 -0.0265772728515728
-0.271541015243844 0.345949101540716 0.14383048270377 -0.0807361250984406
-0.24066211705994 0.398994050061158 0.112587702818942 -0.0996696378385975
-0.282278702261633 0.39702163491179 0.132892635045407 -0.081249411305353
-0.372480960355456 0.220755362706976 0.0733510083500083 0.0197333797404124
-0.497712572017192 -0.0073072341616331 -0.0209163511753394 0.0774977522688863
-0.406324817074886 -0.444977212420211 -0.120928323236665 -0.0878528845168391
-0.0205190854347956 -0.650631796242969 -0.018765676314153 -0.23234040752721
0.411032248822617 -0.457797623886512 0.256909540508525 -0.275109101149531
0.648382552638356 -0.207009173628856 0.442469220036634 -0.150587081438967
0.703575116898688 -0.314625417550398 -0.189335726666624 -0.183017586639791
0.423364846888847 -0.567335797027158 -0.212667036816069 -0.0358528363577798
-0.023531414524395 -0.705898948108689 -0.0905804482044767 0.166178789786419
-0.436132124673574 -0.452187158863434 0.0050924660132648 0.149268106676565
-0.545757614028143 -0.000233106820325229 0.0896414257874072 0.0918664518121995
-0.371182102177668 0.235905353715461 0.050106374433316 0.0345103444868674
-0.307463000517522 0.346441511528891 0.0291306508091171 0.0516246954408187
-0.272957590099514 0.403124046114159 0.0250249326950845 0.0609549456690068
-0.312575503161579 0.394104699509167 0.0294408286641528 0.0606664446870782
-0.397781959741652 0.204139448488295 -0.0533761723387996 0.111790751686715
-0.510385245419896 -0.0244128823658145 -0.137450779261002 0.101338217044348
-0.411633198128223 -0.466794293509676 -0.193123981471249 -0.0851113659588875
-0.020329995686106 -0.685756361339819 -0.0525641175471683 -0.206596207248846
0.433991801354913 -0.492145750722482 0.172127277115751 -0.186408161960231
0.707394409892252 -0.239591578544553 0.228657212035781 -0.0866795914762973
0.65504318673281 -0.350332144749061 -0.405925972853541 -0.0874560839526399
0.36405575727804 -0.574880834882341 -0.31705969897209 0.098142272106548
-0.05582091570836 -0.66568346795326 -0.094058634169529 0.198529596642009
-0.418827650613704 -0.402318182997754 -0.0322793173245887 0.13085770071228
-0.501949697213851 0.000840284850779942 -0.0189297744378814 0.086213477643688
-0.345925592680987 0.202742907395214 -0.0863054903133356 0.0950895375898384
-0.29575669517924 0.294647033131199 -0.0908659213691165 0.17749183278157
-0.260670112790203 0.344538488062209 -0.0682342157866194 0.211528390648008
-0.293805864306492 0.328935151396488 -0.0801896151314211 0.191556293926135
-0.356077463590273 0.150707438810906 -0.172147470130216 0.182918672768249
-0.429818983346721 -0.0458428130670145 -0.235465770216927 0.102168404735344
-0.32452848733069 -0.411135843882396 -0.23574802732342 -0.0823720617275792
0.00179438961947624 -0.589630572959638 -0.0679655597994583 -0.165533614497961
0.383622443697926 -0.423450385077141 0.0818546904090193 -0.0800852717612108
0.648674001886176 -0.228565583535273 0.00513159773207092 -0.0103598254638794
0.502460698381343 -0.326846175402227 -0.585636704056572 0.0182179084063475
0.248065105875728 -0.47980227880815 -0.394641784071683 0.223931138438904
-0.0637809236253495 -0.498825269413909 -0.088891482574344 0.210464350702311
-0.314989487628204 -0.284203429742342 -0.0630973779062298 0.0991552320616134
-0.363204214998131 -0.00491945666252918 -0.118985062498385 0.0681669515374807
-0.260259472211045 0.132590441601954 -0.207739655052419 0.139585488918288
-0.235911381874556 0.193666045552378 -0.198189864587093 0.277334314451884
-0.208817239817107 0.233006693729341 -0.152664061155048 0.330650906291839
-0.230131555790817 0.213354609629508 -0.17709636680842 0.291058632906752
-0.262100395132513 0.0727166458581457 -0.263597959358191 0.218891305860109
-0.282126981884879 -0.0626124870724251 -0.294938031599113 0.0744765856236314
-0.183083313155014 -0.292464142509027 -0.235602144126592 -0.083291815510302
0.0287118907726148 -0.395854619818954 -0.0608331056857498 -0.12186030960074
0.27765649930772 -0.28397713104685 0.00453414213745749 0.0163158910208094
0.487998808930375 -0.179261032983199 -0.18865319482966 0.063868147335779
0.273134593653703 -0.250508190528298 -0.699436562059723 0.111883428103668
0.0927605374341472 -0.305057126500237 -0.435681504910777 0.321597203110345
-0.0654966278835249 -0.251987567922931 -0.0744987096547928 0.2105687796131
-0.15897519583371 -0.117396273047659 -0.069644751006544 0.065294958686482
-0.165826745449035 -0.00860640162210739 -0.183892617359276 0.038680402000581
-0.130565695426036 0.0404383559810363 -0.290108698915199 0.154032621988109
-0.137107512929515 0.061896326691956 -0.277350259584232 0.329918509576158
-0.124439000640845 0.0864365811577455 -0.214888304264398 0.39813820315315
-0.134612790505256 0.0702520987066953 -0.248075666240155 0.343468070239624
-0.136725362887762 -0.00809752052455226 -0.315025022467619 0.217873218665036
-0.110195781812452 -0.0633415276712921 -0.31173034435414 0.029458866798943
-0.0386369294432915 -0.139457855895739 -0.203581291876322 -0.0864823336468413
0.0363454279982369 -0.166096965270198 -0.0402503914532635 -0.0852072767293003
0.129376146240429 -0.125049783147046 -0.0505503279387257 0.0861643115095967
0.260304444726434 -0.112928501620816 -0.326015735365895 0.127423367529085
0.061044913180559 0.0830522724827004 0.382852983423854 -0.312830632657998
0.0689695942199649 -0.019072485783197 0.0908540197147599 -0.236642660649047
-0.0153213861121024 -0.0648900143832336 0.0079069887147967 0.0586633828310866
-0.0814436079354678 -0.0283897526532577 0.159707689687963 0.099080333467843
-0.0586834591685616 0.0670038926534001 0.313402008007263 -0.0204341010919076
0.00806222327520213 0.0839827975630116 0.336283707418758 -0.220857426901021
0.0401200605261429 0.0776268199156949 0.248626601119089 -0.389880545027371
0.0382019774430221 0.0627806746155672 0.167358028145646 -0.445719011308561
0.0313318257644737 0.0611043568976141 0.221679169357492 -0.392666302603155
0.00629826760251164 0.0557488637191137 0.268327770692037 -0.247559529398562
-0.0394916103782783 0.0250340244207578 0.211868422396 -0.0641196938112636
-0.0353383484374809 -0.0359677827972532 0.0765960765621991 -0.0768726548468318
0.04113712184258 -0.0169731113468241 0.0428307837388378 -0.202538155940246
0.0333588105359103 0.0464300610631037 0.291484013590966 -0.349799084965762
-0.0207010437443649 0.0889916193761941 0.696172449488805 -0.238083956656899
0.295135803405896 -0.0545952005138177 0.321490643974251 -0.32397363898687
0.202025249544594 -0.195577055514068 0.0515507922466617 -0.246339163174619
-0.0111600681330374 -0.283425424240641 -0.0281054471922896 0.0677141403538217
-0.203821526323112 -0.175658777062616 0.117084400835278 0.123123634843182
-0.231730788273546 0.061876395416785 0.296289082395691 0.0230290986520929
-0.119048738150537 0.167335520433897 0.324154910450019 -0.172044993151562
-0.0647546746969526 0.215675913098423 0.252162962576592 -0.331142464708271
-0.0492195481877572 0.230431057381734 0.174960187846485 -0.387183514993151
-0.0736401558982661 0.23203714305584 0.225544597145562 -0.344501199729793
-0.140239870489624 0.156534604551454 0.245118326130774 -0.187414263373355
-0.233619693611558 0.0436845798209578 0.17443532609145 -0.0173851075341459
-0.212812571644629 -0.187146247298215 0.0243754331667332 -0.0776331448187321
-0.00718437225318741 -0.275718638910317 0.0295116075745411 -0.224304750937407
0.173715499327967 -0.170438198178191 0.313086694752644 -0.365561594755579
0.242574010485717 -0.0488280096691753 0.701276515040428 -0.200511548623163
0.502276130465609 -0.149708747233246 0.208622451436007 -0.291212409394477
0.333310540412406 -0.3384779544346 -0.00398156171503956 -0.214462139460275
-0.0200434757591486 -0.479699948122034 -0.0522834206584984 0.0915248360841001
-0.320013776218863 -0.30203092460873 0.0842492659912406 0.139906594442848
-0.383889819439387 0.0567462515168614 0.259074614500038 0.0497930364480557
-0.232629384495027 0.230011847688317 0.270601746529355 -0.115288628003615
-0.163465301930861 0.318679587588965 0.20855381491044 -0.23111398898412
-0.128399403745039 0.360929520883353 0.147738550029799 -0.271832204184245
-0.164644198270551 0.366241289014734 0.186250467332738 -0.241787363654274
-0.264064893324469 0.233102468897413 0.175269895751846 -0.0999437833697091
-0.397531381638826 0.0539802126170777 0.0957766160457649 0.0304917520525398
-0.364693816827772 -0.317514093666334 -0.0514709639200035 -0.0789825035731084
-0.0557147437055205 -0.501732297026898 -0.00788443923392206 -0.239709143666079
0.288382909377562 -0.374369087663357 0.284423584503454 -0.363890919224292
0.475597467460099 -0.18711502828324 0.596561120242323 -0.251670837319668
0.6349423815885 -0.285146223391577 0.0141291295896769 -0.25330183363733
0.388750901635309 -0.498801813553577 -0.106973233006528 -0.138661126866602
-0.0254134530283919 -0.634253730591734 -0.0718836846661086 0.127443501092822
-0.403452166604974 -0.405013693262453 0.0472635222429964 0.15073067546695
-0.498630289177795 0.0326165081793911 0.190969612797755 0.0770244224309996
-0.326721592930153 0.252692492891312 0.178675387547884 -0.0381656310430827
-0.25508457576605 0.364107284076051 0.139677372952405 -0.0903278597704738
-0.218076160147177 0.419311574978053 0.105934323287009 -0.107403110160973
-0.261260722202935 0.417092615992898 0.126143969163549 -0.0911306995166985
-0.365769351823677 0.240748383820972 0.0744347759089509 0.0150248911757789
-0.501383287222654 0.0217803687835666 -0.0154720551712219 0.0770956735288888
-0.436291007146341 -0.427144714976726 -0.130557539046407 -0.0794694461216694
-0.0576619717748074 -0.65591592612408 -0.0302538840477253 -0.233315938858488
0.390782441699456 -0.482581136097717 0.246144145474974 -0.292367900871659
0.643328478972227 -0.246495318773962 0.437732243437279 -0.173048498320887
0.692306811159112 -0.35127452336482 -0.197534548364773 -0.175955769607929
0.397495873863913 -0.590301090271427 -0.213154687132791 -0.0227588686905595
-0.0643102174148073 -0.71115013141708 -0.0798082858194336 0.171414244750312
-0.464350958172055 -0.432360510613842 0.0134263666754013 0.147812089625174
-0.547656251270086 0.0327021182855366 0.0981620781261798 0.0838259896885535
-0.362423030671321 0.258186198237589 0.0535493969837299 0.0311588642429933
-0.293791137890459 0.36703620623594 0.0332496228924988 0.0498424328976055
-0.250588283535953 0.423828746953481 0.0278438538850998 0.0597228691727383
-0.291650872911661 0.417680578564603 0.0304361552517875 0.0587318814470561
-0.390830239829468 0.227126350311528 -0.0475265928105659 0.116258942476338
-0.515004196588549 0.00455721718311779 -0.13207162751197 0.107967441384444
-0.442634760303755 -0.45170822060704 -0.203925881985092 -0.0730792086359205
-0.058156199619745 -0.691526277132257 -0.0625529319556436 -0.207629983592039
0.412349914747839 -0.518938756953611 0.164692994472388 -0.200634236537759
0.701874016518272 -0.28232018348916 0.2244380887983 -0.0985601290007493
0.641572346942039 -0.385372233608023 -0.411006756802201 -0.0698526262558371
0.338202422198672 -0.598086339998373 -0.311712337047462 0.117036250718338
-0.0950919128338175 -0.668726913019865 -0.0804003940877395 0.204472377232525
-0.444620817501909 -0.384928246867132 -0.0245749649460326 0.130572171315192
-0.505242466492413 0.0322614703871611 -0.0115791278353493 0.0845324882748499
-0.338280717383372 0.222993452459956 -0.081505552659719 0.100598677103807
-0.283970156301854 0.31425748669725 -0.0797341812016579 0.185339886760747
-0.242735295570748 0.365374783419903 -0.0548692253816627 0.217359001932801
-0.276226528178019 0.349106481005491 -0.0714813292028065 0.198019275696163
-0.353088178321536 0.169780130199079 -0.163538260102083 0.195482184571226
-0.436858127883338 -0.0219679972853122 -0.231896047439286 0.115251180163541
-0.352759801318368 -0.399665970291047 -0.244883629873802 -0.0679839527654987
-0.0318003116046854 -0.594387348619887 -0.0758218389604778 -0.166092967680229
0.366254394796951 -0.447129938061372 0.0789334099082853 -0.0902835257531255
0.643311467603065 -0.26602832621714 0.00282169259466422 -0.00943181759733584
0.489971583522929 -0.356159283442995 -0.587829080296267 0.0433577623622331
0.227202233524568 -0.495243471900004 -0.382991755120939 0.24709373054964
-0.0940498037356861 -0.50062622950218 -0.0752407772890854 0.216021873094706
-0.332618859503522 -0.270257394923292 -0.0566054443907066 0.100428082378378
-0.366664085141713 0.0185314190010055 -0.114299431959954 0.0729327351820618
-0.25652525823121 0.148190690303421 -0.201673976978416 0.151749830977998
-0.229846677032098 0.210062016697922 -0.181145572131223 0.291645290339221
-0.197520719235017 0.249453338409142 -0.131338205948808 0.342190591590536
-0.219825949576818 0.228832415023803 -0.162034670209754 0.304582721689248
-0.262505203664771 0.0865417964860618 -0.252356254558703 0.238451014912954
-0.288173112387027 -0.0475308474177625 -0.294692208875085 0.0919119168503252
-0.201296823889504 -0.287098197579784 -0.244228653049227 -0.0704039972937142
0.00544720338398875 -0.400803371396607 -0.0663446184872235 -0.123358932115721
0.264423421496562 -0.299904753359866 0.00537516383279846 0.0101958499344972
0.48362119078998 -0.208582478816771 -0.190114047509291 0.0755171038396806
0.263687556217189 -0.266698709210077 -0.698249672993607 0.143207020376419
0.0805120594982622 -0.31179424055624 -0.419999522365973 0.34530231379787
-0.0797505911282875 -0.251804873477817 -0.0611229743213027 0.215377866387199
-0.166703861721469 -0.110033081315154 -0.0650470078396271 0.0677350172842118
-0.167410495390903 0.00223715254391968 -0.183115522723738 0.0478234317296703
-0.129795387553517 0.0485503233968349 -0.285253719204413 0.172232444008572
-0.135682206573404 0.0715421680943767 -0.256735604995967 0.349802572869169
-0.120878210863275 0.0951357213950168 -0.190375999322969 0.413836749396704
-0.131613467350517 0.0771076763154243 -0.230173488347381 0.361500215862813
-0.139762132540845 -0.000760293294655625 -0.303699630891716 0.239287191766958
-0.114742162867795 -0.0587771369176098 -0.31448391975548 0.0478704331787998
-0.0469082052339406 -0.14015025265787 -0.210744095499968 -0.0753569100688583
0.0262000392629366 -0.168662571398531 -0.0451543665565148 -0.0879456186846528
0.123183006542591 -0.131858266899049 -0.0465767410057279 0.0836520139647129
0.25739559354589 -0.130029648020135 -0.325992777098144 0.145951901676469
0.0644255919372109 0.0792870834077858 0.36381323479452 -0.323877226739204
0.0663498289931035 -0.0222413248819661 0.0771426943357391 -0.23424108448795
-0.0163925431223091 -0.0634832606442098 0.010008184804569 0.0579181842480078
-0.082318990289273 -0.0249718323032089 0.161683549880662 0.0894846827705842
-0.0548684496344375 0.0683693950348761 0.307862113122251 -0.0391363411549564
0.0117152523238476 0.0817144062734063 0.320440670405431 -0.236979016153311
0.0433924266019752 0.0736314172072632 0.222018806658074 -0.39818729807622
0.0418679154487634 0.0597521977855367 0.138132460073096 -0.447619425054495
0.0348731233414166 0.0588985187827178 0.195380684469787 -0.401500876614777
0.00971856980084402 0.0540537716679067 0.25007077475346 -0.260572904995362
-0.0361136496973634 0.027049014212768 0.208169708622393 -0.0749313986878417
-0.0366522139898436 -0.0324608205478103 0.0700162108771178 -0.0785455877648611
0.0405648526744144 -0.0196802032368841 0.0310562216835968 -0.198457198057132
0.034781422303169 0.0446845720522261 0.272455857000679 -0.355810937851183
-0.0170262926830551 0.0894764122565852 0.676913116646874 -0.268824875642678
0.287801648533731 -0.067320905805661 0.304420111313416 -0.332141426893847
0.189783111138981 -0.2013012797447 0.0383460779010177 -0.242223961209734
-0.0242816787080753 -0.277933931713528 -0.0241353935781774 0.0674770853435794
-0.209898216131492 -0.164162236724509 0.121286877583409 0.114946700755127
-0.22507710110129 0.0724582510932064 0.293811172754202 0.00467165058232523
-0.109807224805611 0.169675932855629 0.310540604691766 -0.189328263044526
-0.0534897158620265 0.215717575456406 0.22748744556981 -0.340266053709236
-0.0352686452256241 0.230393432561126 0.147267252077294 -0.390093242923373
-0.0589672829857547 0.233986583704271 0.20082127167722 -0.351729412961073
-0.1303916706438 0.160921941521936 0.230135793639964 -0.199177830148104
-0.227849017893539 0.056010468436162 0.172170132216953 -0.0271280913266264
-0.220043104226649 -0.173074575229826 0.0169616828957663 -0.075849280846497
-0.0206317951631884 -0.271952805976394 0.0176966169012768 -0.220303326214072
0.164178661988758 -0.176153493280056 0.2946650241876 -0.374275399065303
0.237032812795307 -0.0603527856710978 0.685163774174453 -0.230138472979203
0.487346484102139 -0.17038101004151 0.194313523185041 -0.295367238352475
0.312200772006654 -0.348190950297635 -0.0140604668197356 -0.207663736048125
-0.0430890925475182 -0.471331021209755 -0.0464196525562199 0.0916925034045303
-0.330730813344557 -0.282749086690642 0.0891280837013468 0.131818282364058
-0.374599060289979 0.0760137898659621 0.258745289448794 0.0330434256374835
-0.21897725423591 0.23832204803951 0.260779911845617 -0.129468447486228
-0.146208303036972 0.322905904451735 0.19065694975143 -0.240005159247616
-0.105854866869729 0.365631263941198 0.128104785805674 -0.275189031087401
-0.141675420656307 0.371317522692659 0.167810685010354 -0.249793119723868
-0.250463528968015 0.243171638500582 0.16673039498786 -0.108215776152983
-0.390200291847716 0.0742941508090615 0.0970722188915431 0.0237609400976716
-0.377762884332606 -0.29517396540239 -0.0574531637944617 -0.0722795309482625
-0.0800514386956429 -0.495606711034834 -0.0182635994822099 -0.23524059998941
0.268372216529117 -0.382544855373482 0.265379465048328 -0.37338879885957
0.460860632433684 -0.208678011673303 0.57744510180861 -0.274388172748062
0.612113770448262 -0.310800873289184 0.00405792559011539 -0.249863754382276
0.36129881627005 -0.509027622382019 -0.11072119059461 -0.129945524471362
-0.059083969837492 -0.622805532628289 -0.062627545598113 0.12827936038063
-0.41800182050262 -0.380122680462185 0.0532412528695076 0.144111192042777
-0.489005671709466 0.0577601412164755 0.193295817714048 0.0623087807288107
-0.310727029061329 0.263879314071754 0.17432733578217 -0.0485537015748129
-0.23462893704636 0.374820577525644 0.132601878902168 -0.0972862072723304
-0.190472828242402 0.428127917180568 0.0966469327284624 -0.111223937475463
-0.233274837540429 0.427399896113651 0.116762048998912 -0.0975058065477989
-0.350251251732233 0.255242874314722 0.0729981139981165 0.0105567998082958
-0.493211270122828 0.0477724710370418 -0.010866035517645 0.0759877765152637
-0.456226837747692 -0.401314353973201 -0.135798140016401 -0.0685359722891402
-0.0899902441168017 -0.644712522056716 -0.0406486480560349 -0.229546223203863
0.364413962182421 -0.495627949821059 0.2298438796772 -0.303093671560115
0.625088195433768 -0.276680903727081 0.424408796254999 -0.190637855350222
0.66664828048026 -0.381505146011912 -0.201697408845101 -0.166490410725322
0.365023127241167 -0.601588721705013 -0.209622708083915 -0.0103943002843734
-0.0998923631067702 -0.69907596783227 -0.0677243667606431 0.17112507962187
-0.478918414916272 -0.40495945639248 0.0205382671013925 0.14213141496631
-0.537839889246028 0.0634330413403068 0.102336385300216 0.0736940843885647
-0.347303816372886 0.271590111662919 0.0546469040864591 0.026810567784525
-0.272050362246159 0.3790351960939 0.0363431173439376 0.0465781369176325
-0.222912530586572 0.434864928671022 0.0309175412234054 0.0569805501102865
-0.264076235923896 0.428485241784609 0.0306809806332496 0.0563437989169263
-0.377782097030401 0.242532328115823 -0.0417511731574332 0.118185006240964
-0.509740853450963 0.0311453070399455 -0.125236653781006 0.112774938140026
-0.46274251750261 -0.425165982186861 -0.207588287526138 -0.0586451473093888
-0.0936217331911743 -0.680090068720631 -0.0713543778354514 -0.203497561310461
0.384533303143303 -0.531286360625862 0.153048615092579 -0.209568052109456
0.680372849264827 -0.313534088013325 0.216242315523631 -0.106370066710837
0.614624774535066 -0.412977595273454 -0.40801398107977 -0.053594960856546
0.307334839700051 -0.606021122679621 -0.29939630231451 0.131142182482266
-0.128775145843289 -0.654870098713286 -0.0662355689611622 0.203528100378233
-0.458347870466974 -0.359501412623284 -0.0181972380138382 0.126935502576718
-0.496560781223493 0.0602058310942085 -0.00597524319185793 0.0803847409348444
-0.324871231880099 0.23778822068629 -0.0756194911272361 0.102867095805055
-0.266013543832008 0.327925464062458 -0.0663827434476978 0.185605779740133
-0.218537251974039 0.376898957655434 -0.0406827337020387 0.216473389483483
-0.254048317860738 0.360115684281498 -0.0607884844905838 0.200250239171567
-0.343133551667671 0.183871449617249 -0.15089055586575 0.20400249895176
-0.431153716255074 0.000879205713396685 -0.223795111978996 0.125025657429969
-0.370857347279977 -0.378976968004997 -0.247702932947056 -0.0526794362259505
-0.0624259509634312 -0.587437862815817 -0.0832449757688539 -0.163869100508978
0.342166994608455 -0.457960148720628 0.0730381200779637 -0.0981716182952617
0.623479307385902 -0.296210053269935 0.000250944921800937 -0.00836557897683588
0.467226509933471 -0.37471429269059 -0.577572592250916 0.0657837681652528
0.201667598290299 -0.498699736787381 -0.363320758497425 0.26168852536291
-0.120212069262916 -0.491457057070774 -0.0607835398572508 0.21590842998278
-0.342614377613246 -0.250649590930934 -0.0504943776163967 0.0995681118242659
-0.360496132112665 0.0396616660552255 -0.10855742140896 0.0751567852795985
-0.247093250268898 0.160039204044272 -0.192259727212374 0.160298239813603
-0.217404642963551 0.222109446820161 -0.159642696987804 0.297226155169285
-0.18100410185311 0.258991144831667 -0.107967044991242 0.343621805033163
-0.204417561044555 0.237381674986137 -0.143338210633929 0.31028963500831
-0.256806123167552 0.0978524924711176 -0.236032267869774 0.250660083329272
-0.286385770139341 -0.0324023991590928 -0.28727023586888 0.105933580702017
-0.215457656465393 -0.275516147673968 -0.245416789959019 -0.0559383819105879
-0.0156395279782657 -0.396034008579104 -0.0719582142877983 -0.12337937984138
0.247184300333309 -0.308079146910951 0.00488470708714828 0.00414316519816609
0.468453800863142 -0.231463185365944 -0.186358214257481 0.0847946634365922
0.248982271916721 -0.276970594928656 -0.683762707960101 0.169373955284412
0.0652099337573486 -0.311697469723573 -0.393969538816535 0.359786924185549
-0.0929796816409689 -0.246518491258572 -0.0472617010100716 0.215046092235872
-0.170481644116208 -0.101227946216663 -0.0601075842349419 0.068379340784002
-0.164662237259081 0.013385715955443 -0.178386019537655 0.0546906137019582
-0.126577905428075 0.0550856417205738 -0.274131714166929 0.186120995982713
-0.131578841552108 0.0793564335687833 -0.231143389539771 0.359217494169483
-0.114972790277563 0.101678240964004 -0.160635955687445 0.417972182961603
-0.126466576509946 0.0828336308111951 -0.205180367285091 0.371052444417818
-0.139353996955369 0.0062319394229432 -0.286693980121425 0.254832074987794
-0.115998288854472 -0.0521959215814972 -0.30928037533614 0.0654256081655595
-0.054068857193092 -0.137469870721313 -0.211618971625064 -0.0630761938494096
0.0163188842420409 -0.167177126879287 -0.0497292710415398 -0.089034935792845
0.115316299516395 -0.135664451798893 -0.0435437576612243 0.0797802453464102
0.248574875181953 -0.143312632758806 -0.317745833117774 0.161066256975103
0.086748552808708 0.0478499678499868 0.232580147869651 -0.419160980746474
0.0520104300699061 -0.0460538142123786 -0.00404608942575903 -0.236417341977908
-0.0354771075957349 -0.0542071393297066 0.0329707365328431 0.0512821692581686
-0.0833770112075156 0.00628485547714798 0.18313921442943 0.0251617215556111
-0.0255590126878652 0.0796706833663617 0.26965776631278 -0.141896254723159
0.0405710540604676 0.0672597766629069 0.211254838250047 -0.330079930571688
0.0663305226578851 0.0502448563938045 0.0608639264661029 -0.444137794236993
0.0576192783455994 0.0374036369650131 -0.0323314915663429 -0.452947033704897
0.052053463080074 0.0421713964745808 0.0429224670423227 -0.433638339611781
0.0256012405791941 0.045549988876178 0.14257602968972 -0.323438774208534
-0.0231770240968776 0.036915402127961 0.166642677419322 -0.139070146449398
-0.0433246786370053 -0.0164480575662274 0.0391001612113455 -0.091716973148332
0.0304780893288069 -0.0312714333864389 -0.0352564577918169 -0.189810484349009
0.0440506905159599 0.0332410103765862 0.143089421047997 -0.414404083341947
0.00803683459289411 0.0927703673998051 0.543519813663408 -0.452762834343713
0.245505312683363 -0.167884573991334 0.171660122001457 -0.396933117466737
0.104315041367368 -0.255671842996506 -0.0378844260060807 -0.220563370692174
-0.118219388768858 -0.248089477278757 0.0175343081452894 0.0735509826315942
-0.251175845348519 -0.0753746693426753 0.162873694063454 0.0572808122144271
-0.17905493370334 0.140693878159317 0.273491270535723 -0.104911388669274
-0.041469276211547 0.188759260744518 0.217836930769528 -0.287899508929369
0.0233180620681754 0.217123144143364 0.0883603938648154 -0.397876597568161
0.0446048682095681 0.219784357518213 -0.00624061910975312 -0.407301582818632
0.0250660682158263 0.233468750451836 0.0618288203285032 -0.392095876785661
-0.0696033286338133 0.189961630262593 0.145786751745016 -0.262644507267571
-0.18967694074679 0.126236709914607 0.152652515966277 -0.0879525960499569
-0.260873801373176 -0.086281283676217 -0.00434439680267629 -0.0707706985776313
-0.108740369878436 -0.244401519444183 -0.0555363493389967 -0.201241933030162
0.0911857114965802 -0.21390941300186 0.15168220351418 -0.438175173669699
0.199012093867862 -0.128742901467435 0.55372684420948 -0.422418886373107
0.397954631681801 -0.335297247391665 0.0803252401176855 -0.317833012035917
0.166019959907282 -0.436741076491825 -0.0723848741948159 -0.162557206072087
-0.204227640369165 -0.418467925605724 0.0172864125531715 0.104745294595598
-0.404616944411748 -0.138947059054537 0.14802957015508 0.078220692122734
-0.313795734315266 0.195216701837292 0.252278200174675 -0.0744058320527939
-0.118433285348108 0.288075123542504 0.189993904600441 -0.221098600181268
-0.0263715545845777 0.350851395344332 0.0917685851409983 -0.298379134987569
0.0245441770011825 0.366219041211109 0.0127916242382445 -0.298737868039823
-0.00518082864672092 0.385745325430597 0.0634119710242401 -0.287361642174273
-0.153189852185336 0.304735699586975 0.117956665137342 -0.161548107614854
-0.332474624220445 0.196863604841195 0.102619205724172 -0.0198719144200505
-0.448054500442073 -0.148257319404477 -0.0682796788694816 -0.0417500339003016
-0.235849179754527 -0.429830311176275 -0.0942652012832926 -0.200100331109632
0.119774047184071 -0.437856308388244 0.121556608177783 -0.428579155517827
0.362019745079327 -0.339709913432185 0.434646904799576 -0.433138028706896
0.466581617310282 -0.508411093800372 -0.081209733818948 -0.207823657556445
0.154670379534201 -0.601512937542568 -0.131208137391824 -0.05260468484869
-0.272754003637327 -0.554936803747527 0.0235224662541416 0.145737593174085
-0.521570698581248 -0.197994818761609 0.125393066728763 0.0978319413864147
-0.426594120171106 0.218768695461046 0.20407176838317 -0.0304497002889303
-0.196097603749642 0.343152721938682 0.137496927170511 -0.119985261798772
-0.0928562854654291 0.430998090563005 0.0904727455452807 -0.150281840246139
-0.0316390057707242 0.453130834520982 0.0410312345196451 -0.141905008354917
-0.0702654574977284 0.468168245868864 0.0675282877007144 -0.131766643102446
-0.241361306784752 0.349459760190311 0.0726832271070804 -0.022361913131929
-0.437071182783928 0.207478071692885 0.0233787502108613 0.062510273302875
-0.555938297668917 -0.22230812706887 -0.137317232903152 -0.0114107383295463
-0.293079024075284 -0.566638541348109 -0.114348945461341 -0.185850698296538
0.172381586555594 -0.576692037585278 0.106368577117622 -0.354175607623298
0.496855884140818 -0.455279806707303 0.313249972824249 -0.312453540291451
0.49231602031062 -0.591402316959466 -0.244557986378338 -0.0607989034682314
0.126639385053209 -0.690929553552795 -0.180716372398536 0.0920697270305919
-0.338340866719624 -0.609019584641001 0.0386633219565416 0.185588115650531
-0.587502956665994 -0.199086229620859 0.0971721354996109 0.103942371813956
-0.469785854440601 0.239998647725636 0.124484036750842 0.00710383237691726
-0.227068381338732 0.363690590779811 0.0527123852723463 -0.0103660240653298
-0.126471266803293 0.450802967598461 0.0539907946505582 0.0144363484436614
-0.0574740373406768 0.472339510051594 0.0400366555429472 0.0326493076914992
-0.0982608017164245 0.479417405313501 0.0402454591134699 0.0369540852114649
-0.269787834832028 0.346054300053807 0.00338391393125337 0.114285601895032
-0.456405809169778 0.196594254765156 -0.0690394774436872 0.134704830912991
-0.570091856528394 -0.241958916639005 -0.199398051893951 0.0212736602768258
-0.308833779308199 -0.596517268834833 -0.135709094304174 -0.152802215794707
0.180185135857361 -0.615168072746842 0.0619550018454117 -0.244856350999331
0.535857251837089 -0.509348407412371 0.145437956855492 -0.172116466949286
0.433457354648963 -0.602035800085091 -0.399605246994277 0.109859924561815
0.0741747098285807 -0.673216394524597 -0.216869195177096 0.249532861401526
-0.347854809314374 -0.561099281987807 0.0483284055126954 0.212921469195535
-0.550359635541701 -0.164830903566297 0.0530612908949551 0.103094305640537
-0.433327131021745 0.224757748361796 0.024893364814572 0.050518564077905
-0.220582231813096 0.326074747612518 -0.0413966080952043 0.105861253981373
-0.13937827434795 0.401630366726994 0.00878896169788448 0.179503112061742
-0.0746682952476273 0.417611998572736 0.0319953107089469 0.203251259255329
-0.111840471021287 0.413698434996071 0.00650908493082551 0.199923299017936
-0.256518066934402 0.282294836603616 -0.0683120481443669 0.230216918233045
-0.395281119821063 0.142855099912026 -0.155880247375078 0.181001311004946
-0.469653735959373 -0.229022914972642 -0.235324814650334 0.0381216119543192
-0.250158234397965 -0.519663062324052 -0.13483021202037 -0.115762695496507
0.166209550589038 -0.534729625751899 0.0229267217479452 -0.117139200232665
0.489599191160428 -0.476933111189556 -0.0219895418146654 -0.0152545843957826
0.309406658591786 -0.513210110702039 -0.518593788269756 0.269588945539968
0.0142006963185024 -0.535966120071624 -0.235959527211812 0.383362633705842
-0.284539735153797 -0.412453475159531 0.0474879161220519 0.220472735507727
-0.405558778412432 -0.10724419211871 0.00587234873742557 0.0930642524599397
-0.316494117274357 0.160502608647732 -0.0724212912749655 0.0866264916021554
-0.175665731854157 0.230676396429171 -0.127936278866456 0.203081928013683
-0.129418896339471 0.287536875955231 -0.0384301987393422 0.318436691412647
-0.0792624180375135 0.29878479266714 0.0171981400661608 0.343063940668971
-0.107826845601245 0.285220513099751 -0.0304861792076911 0.329582174346923
-0.205089219774162 0.175210716683832 -0.131249890660151 0.30412006493556
-0.273655701099063 0.0640554855803438 -0.222530184840908 0.18867920636295
-0.291388423001724 -0.183702448854942 -0.237734525064447 0.0331598299072211
-0.144188379659081 -0.358077198875634 -0.111807900101458 -0.0859342749667925
0.12765801576213 -0.365065956119558 -0.00464131406617104 -0.00143055988297638
0.367850247643071 -0.36844010591058 -0.160460641334865 0.129266604408134
0.137611466130483 -0.341810472475605 -0.581602915234878 0.389875088383471
-0.0460576144287486 -0.310150287390716 -0.239557151042836 0.473740494853773
-0.172664656720571 -0.195199612169187 0.0434531337976285 0.212739039825609
-0.192960344604374 -0.0315285841502788 -0.0244465111798723 0.0742510481348461
-0.147115913070124 0.0707999966979223 -0.145481929921743 0.100677647417749
-0.101297613063472 0.095323679263305 -0.192653678241906 0.26116383858813
-0.0982235829635324 0.124714563476065 -0.0824619377443498 0.405446625446516
-0.0719038615246727 0.133870737830907 -0.00162825228434191 0.431245789988567
-0.0890089703029361 0.118072938539994 -0.0638753720440394 0.407559585117725
-0.125818656670637 0.0521767140079571 -0.176817534376618 0.327122691770011
-0.123945887111142 -0.00993726074610176 -0.257961914233114 0.162515246559229
-0.0966637303528639 -0.109666003204713 -0.21289412445912 0.0128539482607843
-0.0403763818931452 -0.158090697628237 -0.0793719868082962 -0.0659442839437827
0.0625966161661759 -0.16314150961644 -0.0216099808572515 0.0842019796611467
0.18855023043262 -0.215777684045645 -0.251962964880987 0.242879444392276
0.0860025432477335 0.0452142403615024 0.2240515338513 -0.418559999663809
0.0501733164288113 -0.0464838475343101 -0.00693367080216675 -0.230876359995853
-0.0349835985953911 -0.0539754618062214 0.0344218958525049 0.0512036307527984
-0.0827999103442388 0.00750115196573195 0.181116130550051 0.0195360002441593
-0.0244578933482653 0.0788142239541476 0.262416872554134 -0.14752521037446
0.0414738882862003 0.0652367219218577 0.200951293362758 -0.334480969565695
0.0655972350202074 0.0475710541251156 0.0489229020101626 -0.437948864256067
0.0577465628649946 0.0352144392090617 -0.043639330611361 -0.442981664195467
0.0535480115504426 0.0400169430049699 0.0289241049171053 -0.429599595767301
0.026478707586885 0.043704925235408 0.130622914951917 -0.322733981514618
-0.0217043548132309 0.0365105825815231 0.161938599895738 -0.142540977225128
-0.0421324298320734 -0.0146214625378174 0.0355864326185157 -0.0899369306742806
0.0295943882214154 -0.0317456872046595 -0.0369828226594771 -0.183906247952742
0.0428394751737048 0.0335420873689667 0.137378278210442 -0.411142359445921
0.00853293119874254 0.0931202523368547 0.531459950733919 -0.456782549160514
0.238023635685466 -0.170372895653507 0.164612703563188 -0.394069624565604
0.0984792320537577 -0.254351684915255 -0.0395151417009563 -0.21460776352572
-0.121147798433124 -0.242738857097047 0.0197612287578633 0.0718999421126615
-0.250364162638954 -0.0701002934302434 0.161414990134478 0.0518812691027347
-0.17382670690373 0.142518483764339 0.266371578927018 -0.112471274061003
-0.0380125295654495 0.186093584461761 0.207871067485217 -0.292076012481822
0.0273477630479734 0.214597007938409 0.0760857077727574 -0.393873005700882
0.0500212321480331 0.216232953788007 -0.0180450912331457 -0.398246173097331
0.0322773584930185 0.229496733864213 0.0480150725035651 -0.387759993785692
-0.0657677881986389 0.189179572381276 0.136489655185994 -0.263265578025173
-0.184448878687446 0.128982485362041 0.148692722317256 -0.091489342871437
-0.261146503327809 -0.0792993378152421 -0.00683459062092423 -0.067121845795403
-0.112963120056739 -0.23947358437483 -0.0567176202632211 -0.196687008842126
0.0853605294332187 -0.212402704409055 0.145210134110987 -0.436414063668796
0.193029334525705 -0.131530957599338 0.541294019571913 -0.428276430426427
0.386151879520997 -0.338403438452175 0.0751745471266622 -0.315951100837366
0.1575454733698 -0.434225139759505 -0.0727401830706682 -0.157235492837835
-0.210054615921282 -0.408183025506718 0.0207071212257991 0.101584582809138
-0.403239149439123 -0.130095300876593 0.145967557403475 0.0726463462368653
-0.305582716776418 0.198787238440511 0.246665734018526 -0.0825087751097651
-0.112266874520321 0.284958301378346 0.181300128735508 -0.224644527261007
-0.0190618122884629 0.34857793317718 0.0810780372355836 -0.29599279243749
0.0353942477987731 0.362109800319284 0.00338485946494083 -0.292859300665242
0.00604550799559868 0.381137222591169 0.0525052298645016 -0.284307339474243
-0.146605950513787 0.304161323613239 0.111577826951935 -0.162463373278858
-0.32404985725541 0.201923213085623 0.100078269129642 -0.0231691189317248
-0.448334518819159 -0.137006009861339 -0.0693022052807546 -0.0366039906287726
-0.244194092754241 -0.419906789356526 -0.0954023092898528 -0.196159385951737
0.111359702280204 -0.434652441079911 0.114239587547898 -0.426949137194141
0.350494665958713 -0.342701052111005 0.422559595545257 -0.434743438003014
0.451508588066268 -0.510391142620847 -0.0836767737652215 -0.205190627958766
0.142491685781182 -0.597823883420403 -0.128220711396952 -0.0483729461886538
-0.280688560464215 -0.541398848933771 0.028149843432276 0.139916163527464
-0.518516742442197 -0.186384957603386 0.12404452276333 0.0923705166134894
-0.414943205423548 0.22519802989095 0.200304501999843 -0.0385323332808716
-0.188136685164563 0.3423537879165 0.131677216829488 -0.122891841437923
-0.0827914604713615 0.429952786933508 0.0832801751187174 -0.150160211021478
-0.0178963589087203 0.451686650364781 0.0352171842765171 -0.139864244517687
-0.0567423373778086 0.464459286063692 0.0597770030117254 -0.130837499056043
-0.2341418144651 0.350797004805338 0.0711767332850819 -0.0229274093555799
-0.427233501973367 0.213866647395086 0.0234063285788715 0.0604755890007451
-0.557843865967114 -0.207581203824224 -0.136447587073756 -0.00592273257367989
-0.302813732157377 -0.554530926173631 -0.11583531350445 -0.183201573219271
0.161811089342737 -0.573063226203494 0.0973954203017948 -0.353753882932339
0.482042245180096 -0.461132887552181 0.304681270201049 -0.312572659580186
0.474352578237357 -0.592656939342052 -0.243602354407348 -0.0568370750518776
0.115002369885115 -0.686621606527859 -0.175973168174231 0.0945743593653836
-0.349162144304799 -0.593556814400906 0.0448390083006469 0.179474981493018
-0.585372115945551 -0.185795496001366 0.0959759412645805 0.0990968719557135
-0.457364174319569 0.249108088811582 0.122106805472174 0.000181424490963684
-0.218594766166319 0.363074821742597 0.0496859677366545 -0.0117500844830296
-0.114754404907813 0.45018720960698 0.0519981640715731 0.0123709498256152
-0.0438892751200727 0.47051499210571 0.0391247437008416 0.0313956643832669
-0.0844265398790013 0.476055140427618 0.0389022389883901 0.0369660133624089
-0.261942825343254 0.349046177959332 0.00633141410550884 0.114004330785555
-0.448620863599204 0.204113274938214 -0.0661912572159794 0.134801292634609
-0.573524083530886 -0.227398037737536 -0.197430564020343 0.0280987901128308
-0.31883239337741 -0.583841067796385 -0.138494446388274 -0.150487288964253
0.167533748781383 -0.611520343590445 0.0544506890891345 -0.245393636254484
0.52074528510814 -0.517047452582007 0.140817847268524 -0.170998515657355
0.416921089085858 -0.603126699421863 -0.394959997337543 0.113738395926637
0.0624961486390312 -0.668322674004224 -0.208297044983627 0.25010231919658
-0.360002812801793 -0.545948387528012 0.054596147181527 0.206102832806572
-0.550783281811345 -0.153449211090337 0.0537287900739673 0.0994769393415192
-0.420255597295143 0.232864968983152 0.0252542722201569 0.0455155963323765
-0.210970728800983 0.327842090791267 -0.0405402488282834 0.105893022682165
-0.127492263732333 0.403900619995051 0.0128211572101036 0.175167112847681
-0.0611507914107157 0.41729270998843 0.0358881151980578 0.198088873200081
-0.0991412527409826 0.411453915787554 0.0108649959574961 0.198336047159306
-0.249596188135065 0.285258061953923 -0.0604819431861641 0.230350645936424
-0.387239360907422 0.149522637515976 -0.151583665882729 0.183271214576417
-0.473498081115709 -0.21707702808548 -0.232586046695726 0.0451462876593148
-0.259116628817083 -0.508688531022883 -0.138007717225459 -0.114118322586718
0.155651477636679 -0.531096111265116 0.0167020781268424 -0.119333222639154
0.475175839211406 -0.484253922062957 -0.0222074446753526 -0.0122375971016405
0.295848990260792 -0.512966213107544 -0.509969900870239 0.274012091798102
0.006372395490998 -0.531530642437618 -0.225759211630362 0.38235835797974
-0.292261160050789 -0.401713477246947 0.0531042755720254 0.213915696295784
-0.40429028034094 -0.0996052288597324 0.00704869597747759 0.0907466026932705
-0.307351618329799 0.166794959286995 -0.0710400663236965 0.0848604294929308
-0.169031108406331 0.232019086792318 -0.124014697124619 0.205901113377775
-0.121488932941294 0.29023150325239 -0.0294475704482636 0.313820007587245
-0.0697351319969129 0.299689392769551 0.0262461904711117 0.335657386177475
-0.0997654884287028 0.284935089713533 -0.020689937255755 0.326314752228545
-0.200490655754956 0.178886032401232 -0.120371802161411 0.304475905744557
-0.268990404522404 0.0696472284464128 -0.216119226842799 0.193501856187862
-0.295080913022298 -0.176507256142912 -0.234813581211522 0.0400149022179588
-0.151920129358964 -0.350887354239403 -0.115656217508512 -0.0852130358850578
0.121555552137216 -0.362453852189558 -0.00884364324583417 -0.00445407033590868
0.355127651101747 -0.374995879571338 -0.157489690414602 0.133755906330254
0.130902664894554 -0.34104556542535 -0.571096300876973 0.392975039237035
-0.0493062274091464 -0.307662521674657 -0.227105468186462 0.471659734403146
-0.176772245187258 -0.189685986694032 0.048678250559676 0.208060810415504
-0.191569781146441 -0.0291926670260377 -0.0226251948449922 0.0731396963348447
-0.142426437439125 0.0742397957377045 -0.142697730195232 0.101171989575348
-0.0977803800590558 0.0968966863105628 -0.186415014095479 0.264927887958452
-0.0940943521600633 0.127594368303395 -0.0704706870645471 0.401364966493115
-0.0669694382895014 0.136436996939179 0.0115468863816529 0.423277019743286
-0.0854868558266456 0.119066646316621 -0.0508602631244493 0.404382756268624
-0.124362100469788 0.0549807480516429 -0.164133924827536 0.328974893333373
-0.122494643637515 -0.00742530620936482 -0.251185726351093 0.169605752333345
-0.0995355716787197 -0.106878452698703 -0.209651407338629 0.0182047121388756
-0.0440191862194735 -0.1539204672448 -0.0836835972703263 -0.0663418031265148
0.0603391718171987 -0.162291608072603 -0.0234421262263575 0.0810367322171364
0.18259184174681 -0.219142356516527 -0.245196137159347 0.246658705639662
0.0862551517599021 0.0434309039492789 0.219932968883812 -0.424943207852381
0.0496433428239023 -0.0467574681033574 -0.00848185853101714 -0.229714797916667
-0.0355274342798624 -0.0555517843953424 0.037426200542258 0.0514054609436487
-0.084493809610439 0.00810284165338622 0.181665631998242 0.0153910599380623
-0.0240012999693341 0.0796287455330979 0.258809747136256 -0.156372382823866
0.0418752411831317 0.064083288255639 0.193216916937854 -0.342695196356503
0.0658134636561079 0.0465543433293477 0.0381930390476877 -0.438713050863533
0.0587447831338867 0.0337336675655427 -0.0555728863948509 -0.440050382781933
0.0552884179143056 0.0380723587577784 0.0150913791145305 -0.430926611588767
0.0272783149655874 0.0422944652777031 0.121095195362773 -0.32756636886542
-0.0208567710050821 0.036498379087808 0.158918415117583 -0.147177805816887
-0.0416554306729699 -0.0133816572500572 0.0323444647222099 -0.0889683074012851
0.0292405312360613 -0.0329003784616475 -0.0391367566318628 -0.182417370558541
0.0426065006581662 0.0340207083970484 0.133050876966056 -0.415540151082461
0.00920561723027956 0.0949067631635033 0.526474603703148 -0.467771252560375
0.234633452293136 -0.175794710395031 0.16073790758488 -0.399671860482446
0.0935736592589269 -0.256687623762754 -0.041456231802391 -0.212767151238541
-0.125254019994107 -0.242133562076724 0.022837084727697 0.0710783865523577
-0.253717223877432 -0.0660206204747508 0.160913168393941 0.0470867887087821
-0.172140024011081 0.147668116416661 0.264096115824161 -0.121297260471593
-0.0358115912041676 0.186933838971715 0.2000098627477 -0.300438238235713
0.031706091953062 0.215593018729975 0.0648802966186821 -0.396004616286068
0.0565573144064443 0.216640398190729 -0.0285750803883585 -0.395332578858525
0.0388686236944812 0.229133767106589 0.0349527448027952 -0.389632339277136
-0.0624595555287035 0.191177560802167 0.128121201228721 -0.26816658801851
-0.182427899770405 0.133273545325018 0.14686899932243 -0.0961480167005017
-0.264868813555062 -0.0736218940323811 -0.00953265296351192 -0.0652591541473802
-0.120129960352561 -0.239673036138401 -0.0583134784504933 -0.195599132838021
0.0815098199569308 -0.214826588998404 0.139537984883752 -0.441243840222328
0.190340053336526 -0.135115048827034 0.536774745107855 -0.438911951394892
0.378738169446198 -0.346533556872494 0.0713291036555975 -0.318491744205414
0.149503467530856 -0.439205825446104 -0.0735591625355403 -0.154574226982994
-0.219369713755629 -0.405204123224124 0.0238840010104834 0.0989770930081179
-0.407204500256039 -0.124259695937288 0.145206761003515 0.0680658708051357
-0.30144164834312 0.206265384761015 0.244807053849591 -0.0917063708176909
-0.108173266502356 0.288474644704597 0.175203870351316 -0.23141101353032
-0.0108785162654134 0.351512835663016 0.0722918914903435 -0.298172010630968
0.0470260381890939 0.364044516330228 -0.00563795390441757 -0.290267802636403
0.0168564536217585 0.381883117578096 0.0415742792579015 -0.285514354877778
-0.142616054753279 0.309156458378683 0.106285554902726 -0.164456112892504
-0.321413707972459 0.209278430414285 0.0991188844647243 -0.024796979628112
-0.455662804070629 -0.128212477283201 -0.0711559451169296 -0.0329937572854344
-0.256192657419049 -0.418254513101931 -0.098540959876435 -0.195599400319588
0.104800375115493 -0.439900424600116 0.107168249500314 -0.432497754392081
0.344832689797784 -0.353663960554459 0.418638682320701 -0.443670506636003
0.440529404587662 -0.520511115048205 -0.0872351739354943 -0.204243368299848
0.134290051517597 -0.603547011017202 -0.128189252588301 -0.0461350844970141
-0.293859495491873 -0.534998182006694 0.0333783496702318 0.136904571771727
-0.527599943223472 -0.177925615752562 0.125093125810505 0.0882392810986295
-0.408745317569406 0.235818261877802 0.19795398438651 -0.0480459148406044
-0.181395596734497 0.347566384730066 0.127317909597951 -0.127620687469125
-0.0733989981653734 0.436117026603262 0.0786390220568992 -0.152380217030869
-0.00370125542618998 0.454923161543838 0.030321708786102 -0.138970958481757
-0.0432921777259222 0.467907032368184 0.0539817593213547 -0.132511438725688
-0.229483210373559 0.358433728619923 0.0695912119437562 -0.0242991626213234
-0.425245128840323 0.223543882013748 0.0236007926054041 0.0610139532690664
-0.568647578356819 -0.197308595501248 -0.138222895958513 0.000361308213815874
-0.319384406267229 -0.55234142761807 -0.120315780579166 -0.183101180028864
0.154095286551348 -0.577359059433431 0.09073996894039 -0.358179666866156
0.474708899093433 -0.475780324798058 0.302099819024131 -0.317768973350973
0.464254812141664 -0.604021262518851 -0.24685684268803 -0.0531538937447211
0.103862131060539 -0.69347672770038 -0.173124526569884 0.0988829807197937
-0.364125293638087 -0.587065746061507 0.0494063353854109 0.174724743770015
-0.59335884800482 -0.176647899356926 0.0963109079627584 0.0959311423871885
-0.451069442478192 0.260053988523136 0.121144433188009 -0.00686974049123518
-0.21181202853634 0.370461007992788 0.0470312702344191 -0.012680061422999
-0.104036012774086 0.458589021903769 0.0505486039377921 0.010260111574193
-0.0285965927401237 0.475502401281096 0.038574996635316 0.0307413006504973
-0.0706946339906604 0.480114393947254 0.0377650241659605 0.0371941386547698
-0.258782765831149 0.357831955737356 0.00907519998081696 0.115831121091973
-0.443969147104584 0.214393736966629 -0.0644227054168086 0.137931315177579
-0.585038447031162 -0.217892899556642 -0.199203135185012 0.0348701872819104
-0.337211442076051 -0.580702829158042 -0.143182053521484 -0.150253660030708
0.161453011418526 -0.617981687712432 0.0474606938758459 -0.249785385509641
0.512249559468271 -0.533162391228351 0.139379735568171 -0.17245729566673
0.407414732660427 -0.614693994337387 -0.397043747881441 0.120538767828296
0.049205412565902 -0.675893983287609 -0.203928366524379 0.256123447345292
-0.37567587604448 -0.539929067051055 0.0600011774305476 0.201750264785531
-0.55695661084561 -0.144176952971461 0.0545233640931261 0.0973737331264697
-0.415301745511862 0.245000831244123 0.0251837815331043 0.0422126719146384
-0.205979572405981 0.334126164632201 -0.0401214692882175 0.109215328720188
-0.11842347799964 0.412194300960034 0.015552158956815 0.175095845125253
-0.0475335150317357 0.423478928911171 0.0399961331885448 0.197350768291441
-0.0884339749727965 0.416080619427455 0.0150397974990498 0.199361758539057
-0.247052310327659 0.293540708105244 -0.054591245277645 0.234646598886424
-0.385422582749082 0.158038443547405 -0.148721036461785 0.189416694636929
-0.483803629616482 -0.20731574873472 -0.23368842864031 0.0525443677707362
-0.273626487634438 -0.504598603983341 -0.143638054116766 -0.113868201910035
0.149453375686997 -0.535952998792796 0.0112807930932892 -0.12258627201717
0.466904536537373 -0.499530685172042 -0.0228113352030443 -0.00975154326476981
0.288579384648484 -0.520756948381215 -0.509829910349923 0.282754595885506
-0.00343946647445143 -0.536838665070503 -0.219427738655909 0.388383501578883
-0.304762069279053 -0.397506481912408 0.057962817244468 0.211053813073234
-0.410200388789815 -0.0931406625736851 0.00883351763078545 0.0903337407575414
-0.302561298523258 0.175740351515873 -0.0699865147407729 0.0841380085580257
-0.165328921899366 0.238118047023281 -0.121045418835476 0.212770686578035
-0.114044735558117 0.297612739941663 -0.0228710443156685 0.31416597627705
-0.0605653236222277 0.305413853873324 0.034886588337699 0.333956797884278
-0.0931985967275223 0.289219108624938 -0.0112087569636447 0.329141494813482
-0.199637182973137 0.184463535828247 -0.111070640634509 0.31016493965392
-0.268041020389361 0.0752498528389992 -0.212790655671513 0.201493967076972
-0.303416724973284 -0.170401622077425 -0.235611158756932 0.0462380043503169
-0.161819009326101 -0.34819600033937 -0.122196250421486 -0.0856505810097382
0.116482620864803 -0.367423390706506 -0.0131285307871626 -0.0060353100168369
0.348509927533103 -0.387551596427486 -0.155512502777501 0.139304363970711
0.125975511865673 -0.346149480088643 -0.570684303938763 0.403746474699107
-0.0548422715711547 -0.310269159946757 -0.219793319814741 0.477435859783596
-0.183553015542606 -0.186853664156658 0.0534932851049072 0.206164725126304
-0.194494518366448 -0.0266798333546651 -0.0201088743373745 0.0735922919338232
-0.139396493586919 0.0784860746955724 -0.141985198058981 0.103515774170772
-0.0957777232244775 0.100631360407975 -0.182753939804629 0.274187269691435
-0.0909311944358318 0.132857651465427 -0.0609045153060161 0.403322536412947
-0.0627723226214535 0.140327625998779 0.0215319934753935 0.420791207713612
-0.0838781925716856 0.122313448123633 -0.0381146034723655 0.407096339152258
-0.124421151463028 0.058787996771287 -0.154124822060503 0.335283181056629
-0.12249257758962 -0.00477642889549553 -0.248085334840616 0.177940468030903
-0.104609524720446 -0.103802819936671 -0.210562346630512 0.0235144856678754
-0.0485428341269013 -0.152298849423093 -0.0905099167496488 -0.0662241951437501
0.0595073863557605 -0.164330701510713 -0.0261397030290477 0.080919949890205
0.179109832049917 -0.226984707250402 -0.241723056698417 0.254917182382346
0.0868273100053902 0.0409140445998413 0.209009293304783 -0.437149944132769
0.0476751809753903 -0.0481927463137093 -0.0146047724840514 -0.230427321078238
-0.0372552826454473 -0.056714792037615 0.0423231868874539 0.0501595770154235
-0.0857147470393829 0.0114107119681873 0.183236321599396 0.00659137675207029
-0.0223718696211754 0.0809411773517846 0.253694908026105 -0.170581820501123
0.0435391661379338 0.0623621294901541 0.17925649090363 -0.357123114818668
0.0673515278694705 0.0437967368399633 0.0193931322747501 -0.444790577382275
0.0600701015163834 0.0309164681545835 -0.0747053132769535 -0.438219267154925
0.0578868542214476 0.0349761998785245 -0.00559819940558261 -0.435028196564365
0.0295036868807951 0.0409293154385428 0.106723318546746 -0.334807858827562
-0.0196988624509336 0.0371395990634422 0.154543193547169 -0.155002899021447
-0.0412180566043007 -0.0118727121884567 0.028544057226049 -0.0888428350177228
0.0284428400265547 -0.0342777102064011 -0.0432052930395705 -0.18216377082352
0.0438666354439398 0.035780513098846 0.122914191145196 -0.425413084093985
0.0118451003425105 0.0971809781978369 0.517088382867725 -0.48973451804885
0.228449070689898 -0.18485203688431 0.15094289991574 -0.40927764802873
0.0847656026726186 -0.262065961918372 -0.0466225721716436 -0.211612225724004
-0.136485419768879 -0.240193380211054 0.0277461764694555 0.0693465886836694
-0.259064113952591 -0.0582381264960535 0.162251768068068 0.0404287619114905
-0.167612806385579 0.154670792256538 0.258899074191792 -0.136353494890072
-0.0305296099051118 0.189658491172594 0.187477608825066 -0.314039594019818
0.0405318651743033 0.217340812612657 0.047865809973451 -0.401794205099425
0.0673656943053459 0.216379097074214 -0.045729233651263 -0.394289085092509
0.0496902846036476 0.228864630698366 0.0165647310767239 -0.393987064488484
-0.0565253103003136 0.195748678064348 0.115908348753945 -0.2753911917568
-0.178592411653808 0.141830581423831 0.143891362477842 -0.103448545392335
-0.271103537228656 -0.0644624877425411 -0.0135503888002225 -0.0632542810775066
-0.131993398120158 -0.237420673360567 -0.0643732273171806 -0.19612627840679
0.074763771169322 -0.218246386792167 0.127262827600832 -0.451675393080507
0.187079546775459 -0.143303599514216 0.529131149722238 -0.463000234814537
0.369230688703144 -0.362372756233018 0.0615261535265111 -0.3248547999797
0.133801911480125 -0.448510082011279 -0.0775119280924574 -0.152491638591806
-0.236598852781846 -0.400094711441588 0.0293865588922106 0.0956707904283439
-0.417629220589921 -0.113354252519129 0.147080674381868 0.0629898930192365
-0.295478779520545 0.220310186542902 0.240457092598682 -0.105915635540725
-0.0998195154523752 0.294520220769981 0.164754915159641 -0.242447025364345
0.00269294130173332 0.358167663271191 0.0600960436095453 -0.303295045989173
0.0644169429971028 0.366958380566642 -0.0176829232075706 -0.288850447300226
0.0351178060402577 0.384611340780049 0.027347851580691 -0.287945513383643
-0.133842189333524 0.319187332482219 0.0988439908847042 -0.16915688332559
-0.317038394721303 0.223257012286888 0.0983147057665085 -0.0290394407597874
-0.468508450842116 -0.110732044363111 -0.0737761567017741 -0.0283265801219151
-0.276006736286942 -0.413759118877574 -0.105299327469563 -0.19481152412127
0.0910551386207616 -0.447899861455205 0.0935691682801637 -0.440693373706408
0.335119933819164 -0.370800476490005 0.408911805018306 -0.46201175215416
0.424914666188107 -0.540271184540793 -0.0948867707937839 -0.203322665829213
0.111532831050773 -0.617383722908223 -0.129142683246095 -0.039827706261237
-0.319499833911651 -0.530282831704358 0.0389364831984018 0.133003687994995
-0.539241711020325 -0.163700949833458 0.125815921151979 0.0829512370223463
-0.402761644304559 0.253230614592765 0.196698704224502 -0.0602122373027772
-0.172173885375727 0.357614034164757 0.120941791625038 -0.134320919706185
-0.0557172130396102 0.446014387696531 0.0709142728379327 -0.157154183013585
0.0184551324247979 0.460142150177635 0.0236965020353324 -0.139258095687245
-0.0227551021866221 0.4733715634751 0.0462633483795984 -0.133925317355977
-0.220834269348324 0.372347787480162 0.0680083743281576 -0.0253350871237523
-0.421284183799176 0.243925824004577 0.0255389742353305 0.061004451931537
-0.585998451611741 -0.176417766397896 -0.141086362468513 0.00716822071922856
-0.34629796134251 -0.545785795004447 -0.128938546597116 -0.182123106355623
0.136177057712907 -0.590314577201696 0.0782157820723597 -0.366352644023313
0.459917758923849 -0.501942067308659 0.294657847151993 -0.331329326277169
0.446178474717709 -0.626025371481856 -0.252534915900244 -0.0451898043802512
0.0784593541481837 -0.706630936017787 -0.169501981142516 0.106916705620798
-0.392772015822969 -0.578661633965886 0.0570386894499166 0.169951989065051
-0.608430150561264 -0.159455697063261 0.0989572827579381 0.09268242469287
-0.443581883662144 0.28116281939682 0.120513421553246 -0.015977327679121
-0.201075609307288 0.382541061877547 0.045396450021186 -0.013631680420775
-0.0866651749326967 0.471051041609642 0.0497899651279744 0.00808066361443676
-0.00530567897399787 0.483224068109281 0.0384293497986432 0.0302404288937147
-0.0492720030255429 0.487000218985484 0.0375847308375058 0.0367886405813374
-0.250193026839095 0.37329620807749 0.0138965870539305 0.117837216831142
-0.441349850597932 0.232994252847788 -0.0605474166337824 0.142531780337814
-0.603381510422986 -0.194774820287656 -0.200745365625433 0.0442820549882406
-0.365514070070099 -0.572823711030188 -0.15226144361288 -0.14843124757649
0.142571520724361 -0.631820532661956 0.0367374963245067 -0.254386093999444
0.497551207870154 -0.560177837152122 0.135126906385351 -0.177111119009457
0.388348670881511 -0.634337599556361 -0.399222047530185 0.136463414522441
0.0262171770189928 -0.687152032498044 -0.196200412466413 0.266284430476449
-0.401956714516568 -0.530310499872467 0.0682685505936282 0.197693039406215
-0.572205714642265 -0.128004001817923 0.0575544383044632 0.0957508257223172
-0.407027522544623 0.26507105794461 0.02601302799723 0.0370542950108316
-0.196695879288145 0.346443928370799 -0.0377244972698847 0.114451507144215
-0.102561131761581 0.425057916566636 0.0217359491823578 0.175039904562397
-0.0272560540352035 0.431821588748134 0.0471009077870276 0.196301234080286
-0.0708372205528246 0.423794017656685 0.0225855734151239 0.2012661709169
-0.240886202046978 0.307784170429543 -0.0442604865676931 0.240351518330103
-0.383619366843463 0.174384377605677 -0.143363931528759 0.198850422601568
-0.501284350213899 -0.189306912679376 -0.234108697960749 0.0633316748812687
-0.298927166586037 -0.498415912800213 -0.153445582807048 -0.111573538614211
0.133867366994654 -0.550680478203266 0.00322522776238497 -0.124411355603061
0.4535186794287 -0.527048680564747 -0.0227501826640315 -0.00794005990205265
0.273383512386684 -0.53817536003749 -0.509958041392172 0.302429079235789
-0.0229023238918475 -0.54640303325779 -0.209242102740671 0.400929906919811
-0.326060559869503 -0.39041799581597 0.0662741031597617 0.2086476530978
-0.420018464085062 -0.0810741373710458 0.0117212214751107 0.0900390440261411
-0.29697875387617 0.190859617929002 -0.068054485559041 0.085015723826067
-0.158467420653558 0.248480749796371 -0.115263288957346 0.223039726511883
-0.102567341057766 0.308286924461987 -0.0112512587839412 0.317409627754081
-0.045173957076198 0.313111635891299 0.047575516827673 0.333435024710242
-0.0812012297476655 0.296948711899431 0.00349016547298947 0.332151525181596
-0.196646184674677 0.195475549781858 -0.0977336018559762 0.319827506678158
-0.267558919771765 0.0860001865680676 -0.20695501651794 0.214108421161216
-0.316663619347304 -0.15994062082383 -0.236678832877561 0.0570170862834799
-0.178839934712469 -0.343941673649255 -0.131155344002493 -0.0831234282458484
0.106868243219511 -0.376412693625039 -0.0177342882557611 -0.00624748904042451
0.337219878521956 -0.40837263282536 -0.151828557676665 0.147777750027642
0.116523690066504 -0.355032100755359 -0.56724485059258 0.427376455077275
-0.0660345410993943 -0.313907509803721 -0.206539597416374 0.490328135165074
-0.194117510454761 -0.182106737309416 0.0612685826096233 0.205275197078382
-0.199078357975693 -0.0210174925148717 -0.0169230757488784 0.0742484602883602
-0.135671650629567 0.0853199137372301 -0.139448198789648 0.108924305356693
-0.0930052821655166 0.10640790691937 -0.174208386371149 0.289000373115405
-0.0854428486548135 0.139788515265201 -0.0452959314522652 0.409761349415634
-0.0562955845057277 0.145160675369097 0.0392439190915225 0.421280667308378
-0.080640406664754 0.128135992702148 -0.0181109572079941 0.412812544483127
-0.124862071817698 0.0652986908870893 -0.138776516058919 0.346144877533508
-0.123629966326969 -0.00100777634995143 -0.243106444223086 0.192523820169555
-0.111729558397537 -0.100309071333386 -0.21210520449676 0.0329256411556204
-0.0566770088998846 -0.150773908402226 -0.0983875151381788 -0.0642954375459194
0.0549070894447898 -0.169808832812809 -0.0268007764971881 0.0817876995358048
0.17142092268457 -0.239168065346561 -0.234059019079008 0.26719087225274
0.0872750583548224 0.0374026833706252 0.189196966402887 -0.447520238103227
0.0445089875207849 -0.0501964946442687 -0.0236747259609466 -0.2280389203725
-0.0402502239198818 -0.0563132015220843 0.0475761770408916 0.0473117649440122
-0.0853343777580797 0.0156824554453324 0.182048156182046 -0.00440799220632316
-0.0188923912944932 0.0825702710992974 0.240696551347906 -0.184840415334773
0.0450874064620262 0.0595396266991011 0.156684496617348 -0.369751605326104
0.0690539099293015 0.0405951450325741 -0.00753744526266691 -0.445247681084123
0.0613244386294518 0.0274000645907707 -0.0963883930547544 -0.431739215569701
0.0594273660460201 0.030516848153169 -0.0321234765079495 -0.432181829809885
0.032100770033177 0.0388312287032219 0.0858531786659114 -0.340387324602197
-0.0175587339047065 0.0383393949486982 0.14595281835849 -0.162953317376846
-0.0408281851163807 -0.00967645980641912 0.0230202742493079 -0.0880710304108123
0.0262130939438788 -0.0363173373895543 -0.0503104269909422 -0.179270704607532
0.0459022365097092 0.0363750468011086 0.102208173326738 -0.432048449112059
0.0173061429500193 0.0980580839029382 0.49160247728488 -0.516300173393369
0.216163222184235 -0.195142332023742 0.131788759452979 -0.416409338536354
0.0710679729216863 -0.265277255320657 -0.0545619420748133 -0.208025803860161
-0.148669034330237 -0.23326557365047 0.0334101021640531 0.0657518162918281
-0.262779288783607 -0.0450615294797118 0.162399729116979 0.0305176932811851
-0.159121311259671 0.163719750957261 0.248212790907099 -0.152141244741258
-0.0214426435008396 0.190739770827911 0.16572315535757 -0.326070334761856
0.0528052914425315 0.215885888792809 0.024131429776353 -0.403529887320312
0.0805050490737568 0.212485153598829 -0.0667688738059058 -0.38781778452952
0.0635729532226938 0.224137282371034 -0.00956667064879867 -0.39071516311708
-0.0470228120915431 0.199210406867821 0.0988038696971156 -0.279318389751329
-0.17104941080036 0.151383845662493 0.137654163956298 -0.110505555955775
-0.275694907294476 -0.0483540868451005 -0.0168481894208078 -0.0602146912675184
-0.145578199673881 -0.229470191323723 -0.0719185392981793 -0.194410890868459
0.0646449508745339 -0.22016720709314 0.105672708665149 -0.458835540051718
0.17817716616928 -0.152466088926816 0.507727107079327 -0.489356259079649
0.347353645332462 -0.381111650924485 0.0468073088286083 -0.326590345145507
0.110314460615162 -0.454108126751531 -0.0825011692910803 -0.14661024326345
-0.258740929002479 -0.387576296648008 0.0352311724306739 0.0914791718305705
-0.42366144924872 -0.0931890507328589 0.147532854746019 0.0542912340734303
-0.282383271949149 0.234819268549 0.230259256716407 -0.12294094745733
-0.0866260391342264 0.299076525405003 0.148150527561539 -0.251575525006977
0.0238709821322024 0.359157796936136 0.0394653139867959 -0.305435426252688
0.0878207907979276 0.362585274349306 -0.0345082451524195 -0.284163512566295
0.0570603368451096 0.380740239627497 0.00746368458165792 -0.286090188549266
-0.118148883011361 0.32800794229639 0.0880617156833791 -0.173068507964818
-0.304821461477222 0.240466821358251 0.0957466113685546 -0.0342627956414923
-0.476067577204301 -0.0846443314216307 -0.0769936138371035 -0.022627046323066
-0.30087745120277 -0.396008250565421 -0.114525329542858 -0.191675142808913
0.0695862075682685 -0.451718606703582 0.0724369875022469 -0.446970444054312
0.313937065059266 -0.389795574631658 0.386803293787762 -0.480591443923239
0.396141420330206 -0.559749341008686 -0.1050735271313 -0.197994218924072
0.0807468109626843 -0.621525499565268 -0.128132454759301 -0.0326423666853887
-0.34713605119346 -0.510760984485278 0.0458396683299988 0.127128047965374
-0.551165711484265 -0.137626089005361 0.127925840341978 0.0762776289327785
-0.387125389558082 0.274783215461727 0.189989425969303 -0.0751767259510215
-0.155601272261337 0.366981691853835 0.111108183898571 -0.14072457744668
-0.0291599404679473 0.451029541315736 0.0596145942041732 -0.160989626378072
0.0481287043902278 0.459097574012173 0.0145633331318246 -0.137655874137898
0.00631669583578868 0.473929091989942 0.0355045834054923 -0.134239866249768
-0.202006993183981 0.38589764259074 0.0655978773022292 -0.0277301332525756
-0.407568527397712 0.265042723091741 0.0276005435724922 0.060115347902876
-0.600475467997028 -0.144542779842149 -0.142090165009462 0.0173093887232124
-0.377614134411564 -0.525870433974197 -0.139350934631814 -0.17704925698129
0.107179380337774 -0.598656380403345 0.0583519336036034 -0.370003008824848
0.431760482389316 -0.526497951856874 0.279272809435452 -0.344639960863016
0.411965388878063 -0.64646811039542 -0.255481655963059 -0.0314729685125093
0.0428435901159746 -0.711331551071947 -0.162176930100387 0.11627271679252
-0.424380234867114 -0.557415837035709 0.0647493298362527 0.163680116418329
-0.620515161738124 -0.129790478607307 0.102071800254872 0.0873164926086085
-0.424393795496644 0.305022949754516 0.116694794369942 -0.0273129944016204
-0.181710434707034 0.393541926092532 0.0426484725220899 -0.014919076465813
-0.057487707345347 0.478620851819131 0.0478612174830143 0.00498371830277298
0.026329109675056 0.483922212509827 0.0386321233441968 0.0298953016494951
-0.018969824511358 0.489341578276038 0.0374266250944308 0.0364973231158981
-0.232587554430019 0.389158447505146 0.0204701548066734 0.118877454487208
-0.428553978634098 0.257377267844984 -0.0536145016183696 0.147395855801276
-0.618538205423772 -0.161855651942838 -0.199587591386982 0.057002459276767
-0.398629277615763 -0.55130353232272 -0.163166551505024 -0.141559686813143
0.111573639766445 -0.639393939696615 0.0215528278338856 -0.256041221186102
0.464351113112615 -0.589204626538327 0.127013811029427 -0.183131726414969
0.354718383488657 -0.654192506316689 -0.394380328255396 0.156903154802353
-0.00957712336877765 -0.691136337989566 -0.182091018612901 0.276499111237511
-0.43252799184657 -0.506181202811395 0.0773541307353005 0.190735687847349
-0.580902312719711 -0.100102538798051 0.0613042368433589 0.0922273074412304
-0.390040251693698 0.285854629709167 0.0258035055984723 0.0320730558464227
-0.178211653580982 0.358064947451505 -0.0324041975090574 0.119083108463639
-0.0755496349277398 0.433057964445598 0.0290882082263268 0.173304488490832
0.00127643757878049 0.433492583955458 0.0567559611418125 0.193089956636644
-0.0439444674661285 0.428219839864106 0.0334767629665825 0.199750199577788
-0.225388617009633 0.322919605368925 -0.0299186441294279 0.244242012264372
-0.373947992305721 0.194302596528753 -0.132173486887085 0.208284546023725
-0.514633084698748 -0.160433888708105 -0.232182851383204 0.0782009462068791
-0.327478811620647 -0.479989376192401 -0.163186606293577 -0.103892617666308
0.107002037255496 -0.556690895773074 -0.00665494763022568 -0.123984100436709
0.422089971193942 -0.553252375849899 -0.0220362326540298 -0.00565222940259259
0.24588436101375 -0.55242632461855 -0.495970817908898 0.329109681696764
-0.0518723851965451 -0.546268523310022 -0.187913601335228 0.411643566858961
-0.350351075284184 -0.370412744407969 0.0757245454032126 0.203342815196535
-0.427627819986946 -0.0625693414886375 0.0163672914712376 0.0894536979611648
-0.282578189447851 0.207223057233086 -0.064768540043122 0.0854517695309116
-0.145667222656744 0.258100286231481 -0.101951018384522 0.233195333603133
-0.0839329916992855 0.317122293037942 0.00534372340723208 0.317771572410367
-0.0250780038302822 0.316262102077756 0.0648678910026661 0.328819487835454
-0.0631970799954256 0.302040736230951 0.0236885571248868 0.33062516980836
-0.187200742194494 0.208166737110313 -0.0772022052951735 0.324544009532404
-0.262405688970937 0.0992016247286783 -0.194508414708985 0.226686452154513
-0.328238873349744 -0.140655537698703 -0.233982356238128 0.0712048858158847
-0.198334141320839 -0.331086173939851 -0.140877079800107 -0.0758681015124357
0.0877226331148063 -0.3845667941948 -0.0215094498878294 -0.00524664298400777
0.312945315333982 -0.429035224057118 -0.142726958385951 0.156196798497445
0.0998295539073215 -0.362098088522768 -0.547318639820702 0.454773094912004
-0.0816539329228708 -0.312461581458111 -0.184255082482575 0.501131275004596
-0.205605213024329 -0.171551990532022 0.0702815955226141 0.201937192774414
-0.202097926881093 -0.0129927389781943 -0.0119074165360231 0.0747271939879062
-0.128535364603887 0.092504645546231 -0.134564397695534 0.114052154917468
-0.0865886506665146 0.112472590283899 -0.156784431190784 0.302631398608145
-0.0771164126681744 0.146896375526422 -0.0217796493871759 0.411463950232791
-0.047179539271493 0.14932146840829 0.0620270745191492 0.416026095232317
-0.0721944124929027 0.133526821984022 0.00728280692079103 0.41163343757233
-0.122053961449144 0.0733223838477212 -0.115798509918644 0.353084084565314
-0.12294508371592 0.00521790392244853 -0.231743608644617 0.207836890257363
-0.119613007656329 -0.0924048131761912 -0.209962673886382 0.0454811507420441
-0.0649479447876163 -0.145909978747343 -0.107575472911089 -0.0574602266110429
0.046681518143636 -0.174349455298847 -0.0260339156980057 0.0834706464721907
0.156758563754081 -0.251003022833255 -0.219150993959652 0.279751472023629
0.0872823294798433 0.0119923589416769 0.109598785802774 -0.45537135210604
0.0294743993682487 -0.0585336258184058 -0.0535310236877295 -0.21320585939805
-0.0483817317162828 -0.049378119052018 0.0587527852767401 0.035037012911981
-0.0764825345513052 0.0286741442174022 0.175400890178358 -0.0380700912715657
-0.00247469143410933 0.0766903148200039 0.196129540333754 -0.219495488660615
0.0494746002079629 0.039577657414527 0.0825705005987038 -0.378565023939755
0.0698205996419387 0.0226734927549246 -0.0820564732305673 -0.426411709122136
0.0560562733259824 0.0138344296751047 -0.158247491383047 -0.394854933901495
0.0573697228078444 0.0161034217009145 -0.0929301657832139 -0.410513059720202
0.0327186973872019 0.0310202381637147 0.0356344690237864 -0.341824034051948
-0.0128284377666052 0.0378747547596468 0.119088327063761 -0.176872704326145
-0.0413668171753766 -0.00360457399604467 0.0117403926259621 -0.0865391425462749
0.0178546448158865 -0.0367149690066245 -0.0718244881438871 -0.168493717004983
0.0470997444002222 0.0337039754459912 0.0451217595394824 -0.438376501640995
0.0242697901299578 0.0917846692754008 0.418552003760439 -0.555966617588913
0.170033592309712 -0.232016303191179 0.065421410265278 -0.405851102613076
0.0164417532362107 -0.26785795053098 -0.0703386945052198 -0.184327980312569
-0.183292159253258 -0.198133907919952 0.0589152086131467 0.0525537100922633
-0.25861410623685 0.00210957211542081 0.168410245675624 -0.00810491172604728
-0.121863071669137 0.17756388115178 0.206287726655564 -0.196284905803096
0.00663324312316105 0.177241704394903 0.0978439232755959 -0.341248436618052
0.0864812366342901 0.198655136076852 -0.0478984636626658 -0.3980937942579
0.104779374585082 0.187914603795171 -0.124696827811083 -0.357170966038733
0.0945729922189648 0.203829652003705 -0.0661048981008265 -0.374401895170123
-0.0173750771074607 0.200462661203 0.0575990898141321 -0.287702401360931
-0.141992612334188 0.171307943587044 0.119029338090495 -0.128395879988303
-0.277380159720908 -0.00181014881325519 -0.018128367324972 -0.0542320365145992
-0.177985987286748 -0.196324726099677 -0.0927523434123365 -0.173774449496892
0.0272000731302198 -0.218374119585029 0.0397277143136852 -0.46394674021516
0.145422636803222 -0.175948140446678 0.427170132954325 -0.533402503552522
0.263371340113015 -0.430254303235937 0.00146875419996265 -0.297183010692952
0.020236313725872 -0.455948606958992 -0.0815752250936704 -0.114525444971239
-0.314692706958209 -0.324623857115078 0.0741762387994914 0.0738577920018165
-0.422763215762261 -0.014604702001318 0.164235906321904 0.0112761695555488
-0.22772146748312 0.26604456775638 0.191933647728114 -0.172075989955909
-0.0385190147596498 0.29301310785249 0.0900920779028407 -0.269562041407835
0.0850170258064571 0.346016869193315 -0.017721788485304 -0.312095576112913
0.135712127088798 0.331752594974718 -0.0807796004799388 -0.264034526947243
0.115674817287395 0.357902323714187 -0.0361551056496651 -0.275020291175527
-0.0657657908136874 0.338444354837044 0.0615118739890256 -0.184031622879502
-0.256900589175341 0.278639494848806 0.0900127653096009 -0.0510088404549994
-0.479469745657564 -0.00401836905677977 -0.0657830929919505 -0.00857658432363075
-0.3522500559342 -0.333574704877286 -0.131803925845375 -0.161462409348491
-0.00148475731632257 -0.442682680101544 0.00218330865093277 -0.443917765243773
0.243691966615653 -0.424936804117649 0.305926277594319 -0.511957401007631
0.276188352402347 -0.608057107216331 -0.117405680431732 -0.144043393884506
-0.0372864009298676 -0.608180547004651 -0.0999354661166606 0.0039707031415073
-0.421879487638203 -0.427148048432909 0.0971706781760313 0.104616235437071
-0.553616009918926 -0.0355829619381088 0.155131418834547 0.031512597232726
-0.32064764713695 0.32216841823355 0.159478052278211 -0.125973340218052
-0.0918281935597154 0.371402745158576 0.0715347998233616 -0.159486930176213
0.0518566432152892 0.4473971099028 0.0244400140876536 -0.181008802365051
0.116035783981995 0.43198637381916 -0.0143873885393993 -0.132076646037825
0.083538488302705 0.457534972616595 0.0106869004907978 -0.132203632514855
-0.135740070055131 0.41134922188511 0.0614644445764484 -0.0409469085076071
-0.35099322853872 0.318489732660852 0.037996153609502 0.0485669823644599
-0.61113289831487 -0.0388416873254045 -0.121289129149406 0.0397911790349919
-0.448194769158862 -0.445898413938079 -0.154275389859796 -0.138719931935815
0.0147562367956113 -0.592679479424864 -0.00636212781706942 -0.367949416632026
0.340503352552282 -0.5771012398766 0.212101324892728 -0.367817974670361
0.278823808027882 -0.6916501086572 -0.234083468536421 0.0405540138425014
-0.0887157920225303 -0.684683669685775 -0.105557580093479 0.15322795442324
-0.504868580581897 -0.456492968903292 0.124855950123298 0.134653673340088
-0.619728277677974 -0.0150935009572161 0.133451427966523 0.0423064935418763
-0.352530249645444 0.35827135936052 0.0960756492368996 -0.0704869393729632
-0.113318185920766 0.405273479207684 0.0267304940263627 -0.02901277687052
0.0299314379261178 0.480482484354066 0.0405703460827937 -0.0199410260390485
0.0996196428065851 0.459640678046739 0.032961288845123 0.0238682564084949
0.0630317660544251 0.47835576353584 0.0369531329597284 0.0311150884468486
-0.162410449917414 0.416847858068002 0.0373327731089378 0.106955749439721
-0.37103560723149 0.314421741876561 -0.0290331395531242 0.143775406444997
-0.63094414678207 -0.0520945226116116 -0.171328001835458 0.0864430594830507
-0.469688806614526 -0.467187705133131 -0.173961462042627 -0.0993170224052392
0.0129373107835679 -0.635277737435809 -0.0310532835832609 -0.250475135702663
0.365569437243267 -0.641084179680473 0.0811769983455806 -0.194130947588562
0.222269052384757 -0.684198459679151 -0.336680265078444 0.239807280539023
-0.132026899331726 -0.653163218503044 -0.100587095413052 0.308331231941304
-0.502576421649511 -0.409380894169501 0.137781173905745 0.15851111685173
-0.578532018462475 0.00712581098080902 0.0935487138134782 0.0544562580566839
-0.3231512392918 0.335670406091723 0.018472044372415 0.00337498558881709
-0.114471795749692 0.375646272239034 -0.0213893081031962 0.112505910485767
0.00579824744381335 0.442782581415641 0.0508523195951061 0.145794709685612
0.0715681169691127 0.416815057971575 0.0753199114462541 0.175796602050008
0.0316460777290653 0.423569240580894 0.0562298256186242 0.18838959149858
-0.165724535096307 0.353104421893721 0.00593457642183452 0.236505133457708
-0.327226541712169 0.246474191109733 -0.096509527832959 0.214580963540933
-0.529175145416647 -0.0673795091321683 -0.203161207071594 0.110532391311242
-0.390027933152185 -0.408704839971534 -0.172323760012089 -0.0638732408323482
0.0217318741798077 -0.554914356273597 -0.0400605848330338 -0.118188444470498
0.330052256930373 -0.598765262012597 -0.039976974291106 -0.005059091273373
0.136333809685458 -0.563825361016506 -0.409823540284162 0.412382047045858
-0.143590148698309 -0.506669969343258 -0.0932869682132031 0.434902972479454
-0.399817593470398 -0.293568797821602 0.130042233669268 0.173005821902275
-0.425106421006268 0.0180273589240631 0.045370717202264 0.0644858491159132
-0.236650286832 0.245416288776401 -0.0564874193635937 0.0758353950112497
-0.0975488143162349 0.277530434861159 -0.0661604219773245 0.234836471802401
-0.0206617005366547 0.331007502131364 0.0535413948556382 0.292531637414534
0.0300882547574307 0.308829200055323 0.105444243664397 0.302985351435713
-0.00668625918321613 0.306074201889147 0.0665255618763516 0.315003455322814
-0.144693095199425 0.235080831904182 -0.0286648024210266 0.322503771455971
-0.234813788920613 0.138724641532502 -0.153942263344343 0.243138905676224
-0.341941028774988 -0.0783832693333334 -0.209704221267984 0.102810101802461
-0.242838526562342 -0.284992267428089 -0.148490564802545 -0.0431571515385909
0.0290304839370577 -0.385907507045033 -0.0347334295663572 -0.000523406777540511
0.242656088932656 -0.462688148194656 -0.133360447024072 0.165666891550469
0.02921741269914 -0.35317622711346 -0.445487007274162 0.53000904803026
-0.12995169158226 -0.275502991713764 -0.0860595257516228 0.513054129810481
-0.225675222770951 -0.125391782893377 0.11148657629799 0.176284322873171
-0.199397023442165 0.0239485527671975 0.00758912973434079 0.0641699974704699
-0.108004222982445 0.112402924114631 -0.114996680236397 0.123810686374977
-0.0640385696299038 0.130592972534296 -0.103344074842798 0.313473353723194
-0.0451279901193075 0.163318706671149 0.0448639544490776 0.393026540961676
-0.0162219083899032 0.153587320633125 0.118849396998691 0.385637110397053
-0.0424187816933155 0.145438654063174 0.0640946275022683 0.392709009644015
-0.102009608729033 0.0935615097744107 -0.061979917323812 0.35709321387587
-0.115166720056426 0.0260444823972541 -0.192796985791445 0.232055417189399
-0.130342561176427 -0.0665111828992989 -0.194421186190474 0.0740957222465782
-0.085161775293298 -0.127159176762221 -0.116286729145561 -0.0352663619330128
0.0196583522537291 -0.177952915304864 -0.0219935068302109 0.0854858628558233
0.117706594245215 -0.267257800548879 -0.185960549102483 0.295376085227255
0.0835673075347038 0.0105883743664059 0.0916071519519118 -0.442180437320161
0.0260625056321426 -0.0549386662185298 -0.0559306012287268 -0.204675283916719
-0.0494328526723039 -0.0466217722234746 0.0603135440475533 0.0285522050193455
-0.0720256244659244 0.0292054831473048 0.166161648164003 -0.0441948591309137
-0.000326289692837985 0.0747153334082983 0.178123205795836 -0.217340876174283
0.0466416086095144 0.0373336644304433 0.0631036677104825 -0.366398947033527
0.0674994393668614 0.0193464615390187 -0.0964995719461918 -0.406185831199837
0.054084121759417 0.0119503679293849 -0.1631181234888 -0.370815734127278
0.0543272085760515 0.0122188893001508 -0.105203967055213 -0.3882774341413
0.0321801214186369 0.0280615704834991 0.020795336679659 -0.327656502704387
-0.0110245218326286 0.0371730760038283 0.109107823874282 -0.173989158825291
-0.0385733181647139 -0.00257022105696751 0.00746749906683031 -0.0818839826359584
0.0165700417628598 -0.0355250609384298 -0.0741880076567859 -0.16162007021066
0.0482230005698634 0.0332320295722242 0.0314529448064718 -0.424250836377686
0.0269246214992169 0.0887994905060427 0.387158393848232 -0.547573251706721
0.155141569096394 -0.22540684214346 0.0513511334046769 -0.391652007771657
0.00704894693803169 -0.255028496714877 -0.0708644619370273 -0.175027753589531
-0.183199653260363 -0.183699630816763 0.0583823042058908 0.0454649869382958
-0.250119388926844 0.00970672853542501 0.160337770620442 -0.0136677877121255
-0.111501358241352 0.174420857065124 0.186945771369483 -0.196298029674089
0.0104389739515188 0.170866883566861 0.0778815186687182 -0.329984439573099
0.0910958544337779 0.188028022713609 -0.0632318148043911 -0.378893430774961
0.108798311010826 0.176936785125949 -0.130283220297607 -0.336448354100365
0.0980453035998382 0.191065888473284 -0.0783590577291656 -0.353573793993729
-0.0100372246319281 0.193286005046635 0.0432742383449024 -0.27585723129369
-0.130920082583768 0.170036500648966 0.109094616716133 -0.126760515524282
-0.266921628037574 0.0076697653851236 -0.0202415247795387 -0.0491705160184676
-0.177008428166276 -0.181852456018104 -0.0944780788013722 -0.16645068617686
0.0208023794648574 -0.209340382388853 0.0247038045912253 -0.448301263926128
0.133548565473762 -0.17306396208026 0.394670808893983 -0.525476112480577
0.236722107994255 -0.4184774940495 -0.00606977975426 -0.283987525890099
0.00439220736188801 -0.43481616937024 -0.0778251468915406 -0.10809990979598
-0.312245995783699 -0.299281410859979 0.0724801045617379 0.0652589096555554
-0.410822386624801 -0.0017162479286881 0.156539677686152 0.00570875544089687
-0.209002470549607 0.26115749110356 0.173528541889842 -0.17264028408849
-0.0283916999557315 0.284542534325507 0.0742216827133761 -0.261157810213378
0.097040848417358 0.329541500397152 -0.0323810046220428 -0.297328489506306
0.145252499750207 0.313734873030367 -0.0855005813348032 -0.247792515132336
0.12491565105304 0.336840406002885 -0.0458386276381838 -0.258980931747136
-0.0508333792481784 0.328838208377342 0.0523378654034762 -0.176730413400144
-0.238007096547222 0.276746104770024 0.0837081509189877 -0.0509093810744773
-0.462585581751469 0.0149089335443131 -0.0649121354522588 -0.00377307686284788
-0.350228323149662 -0.307788986391195 -0.132786609142603 -0.15244673944685
-0.0137885593666011 -0.426638731651655 -0.0107644070913253 -0.427935404479817
0.21959062983356 -0.41615174355194 0.278944905372375 -0.500376856855946
0.245418699658032 -0.589632885515845 -0.115706519567614 -0.133614018712531
-0.0552975152595445 -0.581127496684216 -0.0924265026652437 0.00695969122250737
-0.419559180847562 -0.394615409210164 0.0954635469764877 0.0951937340008893
-0.538432667827469 -0.0160613094677292 0.149018509375153 0.0256384145127022
-0.295607351315005 0.318317279851017 0.144168495501435 -0.12939913926572
-0.0767683442135 0.361855719705957 0.0616404903333673 -0.154785015403241
0.068201529025928 0.42953235217176 0.0129108799451947 -0.172716101720245
0.130030658223535 0.41165522152477 -0.0175133564147237 -0.123436193673971
0.0991164459008612 0.434865233017813 0.00381537622669074 -0.124507894179045
-0.116972227571906 0.401448186961413 0.057552056278044 -0.0392714146926537
-0.326260986395932 0.318847330657265 0.0371715570613871 0.0466062247107267
-0.589751385911876 -0.0156086794160567 -0.11643045829403 0.0444478334067339
-0.444077732295685 -0.411252121406497 -0.155034788243107 -0.129563755403847
-0.00391978907603003 -0.571741662378795 -0.0174673676418877 -0.353956684309582
0.306351288115044 -0.564451366491767 0.193841261455316 -0.359587443931534
0.244184435421328 -0.670721717287474 -0.222991882814067 0.0479557701964204
-0.107281674942678 -0.655970248145248 -0.0936252701911721 0.150850589504517
-0.500268071892901 -0.420016016813666 0.122175114917786 0.123741883342285
-0.60284549613281 0.004759682477155 0.129191085010392 0.0370987157732647
-0.323430632334776 0.353688230662767 0.0845819609406859 -0.0738148602146008
-0.0954234546373946 0.394157290854138 0.0248195733988211 -0.0269052273345095
0.049679108635798 0.462574023363112 0.0342563594031266 -0.0188606993458423
0.117038320625106 0.437685057308395 0.0330620703710546 0.0235851694971434
0.0796758929204426 0.454460271982585 0.0346730239167696 0.0309494716578608
-0.141536281967063 0.409036712979602 0.0408681446498418 0.103284804495295
-0.347365174001297 0.31485028218608 -0.0233589869385847 0.140357522322296
-0.609792977390316 -0.0259456996787084 -0.162788426727081 0.0916359790794203
-0.46767408157697 -0.431202788609121 -0.173043232130871 -0.0891800109271516
-0.00736906381394158 -0.611999789152185 -0.0379144592893951 -0.238981278803349
0.327144086133141 -0.628845425730463 0.073014162250548 -0.189347415655248
0.192281464230036 -0.662572346328921 -0.315911019443331 0.241949522486342
-0.149148710236373 -0.624334830859251 -0.0844664175498912 0.301239520967874
-0.497814560036018 -0.372304953381134 0.136345397209656 0.147141817539237
-0.5624653692121 0.0279748255758537 0.0926413829080603 0.0493863046309748
-0.296920627435527 0.331893880663663 0.0135740777652795 -0.00016084789330411
-0.0967325013186905 0.365829371277253 -0.0151594458963029 0.111101763145687
0.0261295456354769 0.427224871828707 0.0514146811823436 0.139554396475556
0.0875164834158776 0.397407012777988 0.0776987570575907 0.167552752404997
0.0470265271285569 0.404430503621434 0.0602691247904463 0.17999963990259
-0.145750629875949 0.346751139724187 0.0160084776515343 0.22761035993459
-0.306406806403253 0.24752815113886 -0.0857554999957273 0.211041111119654
-0.512917005390601 -0.0446361012852872 -0.192127384770291 0.114995835004022
-0.388380753504012 -0.376753859365176 -0.171097326807983 -0.0540117349107643
0.00201752082962104 -0.536896036611446 -0.0437188314393233 -0.111184168141955
0.291309082715827 -0.586468710729154 -0.0387745067862487 -0.00316285732180633
0.114423840365791 -0.546056714855699 -0.382874530379059 0.409938749277439
-0.15465666949588 -0.483671590549132 -0.0742120160727211 0.423530387325647
-0.393583398400651 -0.265260315500125 0.129030972415604 0.162168189379437
-0.413952932688754 0.0313078253969303 0.046441265396937 0.0603990334601332
-0.216461867040106 0.242054460137559 -0.0544617382941687 0.0719316354230351
-0.0828281638004906 0.271090375213254 -0.053316281140484 0.229834390438541
-0.00479767646753789 0.320863345313658 0.060351211332942 0.279610505092431
0.0425569500164054 0.295638253254763 0.110887257381498 0.287415912134765
0.00702168697801953 0.292810932323773 0.075321257237402 0.299433192055133
-0.130578527522601 0.232772784460016 -0.0134044426305779 0.310767971117673
-0.220708870720606 0.140567170121981 -0.138446615642736 0.241071306923061
-0.332857094656562 -0.0596927346594243 -0.19834297598225 0.107895077791039
-0.242998928891157 -0.263338288816889 -0.148220402231332 -0.0339511621282442
0.0140913158164943 -0.373067538461406 -0.0353959444083239 0.00176082938462478
0.215107473406745 -0.45305524559387 -0.12284940524562 0.163144211897983
0.0179370511760011 -0.342066320016898 -0.412655348990755 0.523441156376202
-0.133468867203732 -0.262112279853885 -0.0662008734815186 0.499718504339739
-0.221561417307528 -0.111719153225095 0.11258848168732 0.16809621594716
-0.194570973905574 0.0307709336947563 0.0111907193969421 0.0604023231554701
-0.0982940919323375 0.110076628736627 -0.107265392293505 0.120611708992261
-0.055568376204348 0.127779355203677 -0.0847303533661846 0.306329412510842
-0.0352135248359575 0.15973190471787 0.0579191879572311 0.376334036399184
-0.00861862340896269 0.148733259843743 0.126512954981012 0.36491348725305
-0.0342727841317774 0.141524670191122 0.0776202544929496 0.373777249150554
-0.0944389172855673 0.0941065081504356 -0.0434145802577376 0.344007972960588
-0.109605864180752 0.028250565982098 -0.174980455710655 0.23080670882177
-0.128210670097301 -0.0569043317448119 -0.18447224548505 0.079213055299983
-0.0862489382419739 -0.117453042338609 -0.115733496765812 -0.0263815245561041
0.0113114211797913 -0.172991930360387 -0.0198296218811543 0.0838497307544738
0.101950836537352 -0.262007377619652 -0.169597519155914 0.289535309092523
0.08026889878426 0.0116854975334843 0.0863847217003193 -0.427709410386904
0.0257181363855491 -0.0507568905462967 -0.0535752043682325 -0.199353537812733
-0.0491268388667659 -0.0448009883926677 0.0595674859235648 0.0241880040603277
-0.0708479577673664 0.0282295176649688 0.158961582906566 -0.0453636683776577
0.000700540790240265 0.0731304270371869 0.168337366877893 -0.211590849719843
0.0444013975838546 0.0370518900842377 0.0529766339546321 -0.35533768684795
0.0654213325043447 0.0180221388969734 -0.100024122770545 -0.390074052930451
0.0526492945421993 0.0115631820593683 -0.159191096794383 -0.356573985807859
0.0518637711830553 0.0111711422741809 -0.105779442781911 -0.371383518123406
0.0312949318717518 0.0256514208666722 0.0153316117612679 -0.315138743710912
-0.0103388415683264 0.0364238640701905 0.103643491388483 -0.16837620773877
-0.037060356316423 -0.00257557006124541 0.00601999440754279 -0.0770476118984634
0.0167801715841248 -0.0341555127625666 -0.0725660927823761 -0.157322545552405
0.0493410383966073 0.0330354550230733 0.0270298903404046 -0.4126362179642
0.0276147393177502 0.0865160854559006 0.373264986072399 -0.529613854118718
0.147319392690296 -0.21574544292934 0.0487036614747873 -0.377286873283033
0.00594795370618149 -0.244056387065358 -0.0667809286774082 -0.171096935506011
-0.178741045335329 -0.175649527318855 0.0572912097100028 0.0400939651873309
-0.244072955516201 0.0106408230488649 0.153645691015597 -0.0152776335104212
-0.105728311050026 0.169308682263487 0.175253932495665 -0.191542900353897
0.0099686270115338 0.166788311305348 0.0683729135108873 -0.319502744930625
0.091601652745545 0.180703916933073 -0.0690759697072405 -0.362860626909661
0.108358687484797 0.170948288825204 -0.12806952875635 -0.321275413029193
0.0968141354017985 0.1832809864837 -0.0801857000485594 -0.337103583494147
-0.00713478516556633 0.187718295184148 0.0380295678751217 -0.265585951212689
-0.125128146614114 0.16610693897815 0.104152670832711 -0.122878237956896
-0.258311811383053 0.010488897329574 -0.0205618403505124 -0.0450373987617957
-0.172833513667359 -0.173837345985659 -0.0936423212119469 -0.162199555160313
0.0208793702161164 -0.20235342206996 0.0217868138569215 -0.436449671413753
0.128158058178345 -0.166953372087664 0.380012747753845 -0.509094030140961
0.225589763362943 -0.403947014291544 -0.00572113025210809 -0.274000545933052
0.00138165928163615 -0.418282491245387 -0.0726106899556613 -0.104962042001246
-0.304575281835367 -0.286260338912769 0.0699823087070254 0.0599497398795729
-0.400092978193866 0.00169056308425558 0.150364436302741 0.00387792393079779
-0.200097899280551 0.253355962512724 0.161771818071888 -0.168862834610603
-0.0257788172730239 0.276854695274291 0.0666628771459994 -0.252316574769264
0.0983916989831556 0.318627653764672 -0.0379513371506361 -0.283359889417236
0.146862647997943 0.302227170698047 -0.0840193807755068 -0.236205879841524
0.124855364145333 0.323154052816939 -0.0482040699459359 -0.246055852733896
-0.0460530987631411 0.320586333352818 0.0495311699681921 -0.16924426682073
-0.227378629596772 0.270124156797175 0.0799942639826699 -0.0486554504123658
-0.448607268226775 0.0200095304210001 -0.0636469296519766 8.33628786346836E-05
-0.339873017629178 -0.29251945290795 -0.131458706098341 -0.147975156485177
-0.0142269256379242 -0.413085113072904 -0.0118123976808058 -0.417815766589809
0.209258078583258 -0.4005820605041 0.269201595341717 -0.484185338163385
0.23316999356487 -0.568607624219062 -0.11042614450704 -0.126770916759151
-0.0573994635049395 -0.559863185716996 -0.085229477265242 0.00734180003510358
-0.406794365072993 -0.375995153980664 0.0916976517874923 0.0891635892197273
-0.525673277347332 -0.0112316345639704 0.143287943096391 0.0235279011595013
-0.282040858283334 0.307481229314674 0.132171604936007 -0.127525134085709
-0.072612109472226 0.352096786424538 0.0573953784727412 -0.148967350675721
0.0741100109678708 0.414794854944859 0.00649587989383515 -0.163891926815503
0.133424442102755 0.397707138642375 -0.017105428405868 -0.116568292604557
0.100132808732816 0.417059454937878 0.00137673080122929 -0.116734922638605
-0.10887363852577 0.391333177625308 0.0562247426786555 -0.0362464525978512
-0.313451369097992 0.311240502048784 0.0355035175504704 0.0460492729919097
-0.573019884041976 -0.00658143648840777 -0.113746630382771 0.0469523013213651
-0.432258184551326 -0.394082265732483 -0.152781888463253 -0.124039516689718
-0.00668020642667965 -0.553690161525406 -0.0178815046198631 -0.343052892832242
0.291635684619465 -0.547004992553698 0.185284320547279 -0.349258166747017
0.232022429261572 -0.646160356185631 -0.212843196553776 0.0481217226372156
-0.107562898991827 -0.631925050505613 -0.0858517576197179 0.147169802341362
-0.485032712158165 -0.399649322064649 0.118183430398839 0.117980239931904
-0.587959531043648 0.0104631967796265 0.125288588264527 0.0347449955505327
-0.310467042739889 0.34238128037666 0.0761899619919112 -0.0741256589406947
-0.0894769689558893 0.383591724966153 0.0246220738916358 -0.0247143701447699
0.0572435370939864 0.448015086844995 0.0292509267192356 -0.0158382637776636
0.120895334102409 0.42222379924406 0.0326834653465772 0.0251054081973382
0.0829951651343074 0.438170054043913 0.0331701786407646 0.0320271439025721
-0.134202673555471 0.398456010724781 0.0420559355127098 0.101407117484778
-0.33355981411657 0.307056986142342 -0.0223871094396623 0.137941064808959
-0.591973835640774 -0.0159190185688641 -0.158250228363554 0.0926075008349809
-0.45396408882065 -0.411770008623301 -0.170351691045182 -0.0846672060161852
-0.0117596638632781 -0.591559663474127 -0.0378093782784447 -0.231724179714326
0.310049202246975 -0.608603387677049 0.0698847303417428 -0.183547015544751
0.181698320623224 -0.640716306976614 -0.302671016736961 0.235936301971958
-0.14781076899315 -0.604271481325443 -0.0769640728690386 0.29329241632199
-0.483377165550242 -0.355627195337082 0.131498279131245 0.142372462107493
-0.548620949081261 0.032575660816261 0.090317111837423 0.046792513008352
-0.283414428889907 0.321511590408069 0.0095712964997885 -0.00322847708261651
-0.0892619655537066 0.355536260539964 -0.0117132520691131 0.108461179071354
0.033278367453996 0.413521421294251 0.0486980833727883 0.136644308720699
0.0926050291006031 0.383644298016987 0.0761366779795223 0.162542211672805
0.0513733844040441 0.387458145805792 0.0595653114627152 0.174765606668593
-0.138222521145789 0.338460435113866 0.0204029272039504 0.220620843358953
-0.294479603221145 0.241855470850339 -0.0808760782737253 0.206207958217222
-0.497321446911987 -0.0363923938505454 -0.186677698338496 0.11527729674744
-0.377527654514741 -0.358146843380459 -0.168623743382921 -0.0483294161136501
-0.00206692905100582 -0.518380814910943 -0.0430450632291442 -0.107281775516726
0.27507936345298 -0.567169423485685 -0.0375438474382665 -0.00331789565031165
0.107245051651819 -0.528275509723132 -0.367385438158519 0.39885816139774
-0.152911024961379 -0.468847579674628 -0.0666009124758365 0.412591541045004
-0.38239330529544 -0.251594469493012 0.125721140216249 0.157653780473061
-0.405156520142904 0.036035176353739 0.04746820451889 0.057642679892828
-0.206446876934092 0.233625902258969 -0.0550703214476983 0.0677768701301267
-0.0769019649623738 0.262891635537367 -0.0462060218724396 0.224480075562574
0.00179998572993612 0.311663047515752 0.0608725899894562 0.270755249297664
0.0470183595969283 0.285563535362227 0.109468695175818 0.276652712478949
0.0112388153709095 0.281793455662389 0.0755587445212555 0.287940969644092
-0.12368639750603 0.228095928219888 -0.00675264841161283 0.300433422313133
-0.212532236076474 0.136763142900009 -0.131133480790703 0.235769537713167
-0.322844594850062 -0.0523174099464656 -0.191639064903832 0.10849195567037
-0.236404843340737 -0.249902260470286 -0.146123434523358 -0.0287588324410043
0.00986146911042432 -0.361223761001645 -0.0353802656819667 0.00237160462562761
0.200392405833161 -0.439654397712306 -0.118124375117269 0.157709803479781
0.0159164104349967 -0.332642764226918 -0.396732896422681 0.50783157113269
-0.130526295713796 -0.255570102658427 -0.0592397290746098 0.48633911942506
-0.214230456671154 -0.105737709985506 0.110160417077319 0.164314470378394
-0.190997593416511 0.0330012191479969 0.013206350649152 0.057366498834371
-0.0943005856575951 0.105284941289197 -0.10432828119302 0.115765756504685
-0.0521022472786448 0.12423379667213 -0.0760646569213025 0.298965963509757
-0.0306404058837027 0.156349483415197 0.0605204547650956 0.363220124050219
-0.00575164223693329 0.144081947921031 0.124557228640552 0.350544089410472
-0.0307476744547917 0.136674742166979 0.0790331152983885 0.356628234063433
-0.090075687260265 0.0926845322199295 -0.0361036309519974 0.331296086461075
-0.106345303874874 0.0270906642217182 -0.165715922459671 0.226437682802456
-0.124685780056957 -0.051184044882946 -0.177507541048396 0.0793015413702928
-0.0844726682307603 -0.111194611711154 -0.114752549029338 -0.0208574180942746
0.00858950106718757 -0.167926710866926 -0.0198169616063152 0.0817655845002721
0.0931672795003996 -0.25549287672406 -0.162150629108187 0.280399062189812
0.0781836394528959 0.0135290926714547 0.0892557777865715 -0.420175637295513
0.0271204207009748 -0.0479559452371157 -0.0511859038128272 -0.198945335660871
-0.0494112591778157 -0.0447525973453094 0.0588777083894696 0.0204515222148088
-0.0712073724422905 0.0257970074120443 0.155741062020746 -0.0456180234917411
0.000632475139732793 0.0733119289107123 0.165101109053046 -0.207823761884058
0.0425485787194363 0.0385468141150844 0.0495113937618943 -0.349352950559556
0.0638532052131183 0.017820872051988 -0.100055054406902 -0.382950391799332
0.0527441996636594 0.0122089562013326 -0.156458507326553 -0.351206000322929
0.0503926082509403 0.0113059110327531 -0.104062814248249 -0.364308126327005
0.0303806132827682 0.0248742844534145 0.0144956203721823 -0.309091227894525
-0.00960614347362396 0.0356547217221086 0.103049813536816 -0.165578867138077
-0.0361017902003569 -0.00371070230772097 0.00633822469307829 -0.0742608755780095
0.0176657153713527 -0.0335922831590024 -0.0724288423755981 -0.157317717740962
0.0512173837256613 0.033695530365564 0.0292211086854575 -0.408875369980267
0.0274051997415895 0.0859713182501712 0.374505363106412 -0.518631035603725
0.147378259752555 -0.209324195095964 0.0519839125600323 -0.373136811013265
0.00863655798473961 -0.238276024483233 -0.0630064224577956 -0.170074771057058
-0.175325764258489 -0.172930111470021 0.0556589130292681 0.0369055501944232
-0.243129023177104 0.00774416002171029 0.149620898479794 -0.0148497941608924
-0.105220200043428 0.165721090538751 0.170355464463687 -0.187405295388709
0.00836508997705302 0.166581958286074 0.0654266225000142 -0.313293815664143
0.0905235107793363 0.17903504309926 -0.0698752407218193 -0.354888009807618
0.108602054759949 0.169282859866823 -0.123625588938703 -0.316800791742016
0.0943032560311566 0.180035043537605 -0.0780999121834378 -0.330453205110358
-0.00828408737966085 0.185075791511861 0.0376241268924781 -0.259749916567
-0.123485503332507 0.163056338160433 0.102965773426607 -0.119810747098707
-0.256176402595919 0.00941204852827125 -0.0207062420695809 -0.0424794217159789
-0.168053850064713 -0.172340684784789 -0.0927908571822783 -0.162960687774124
0.0246137906636242 -0.199011573797382 0.0252946825613077 -0.431888328237773
0.127336773262026 -0.163070597017854 0.382113955093481 -0.498715264757738
0.225557516956652 -0.393915378165345 -0.00138010258051714 -0.269257269890865
0.0053299845506708 -0.409703932142149 -0.0678264713440724 -0.105911427400977
-0.297809156028177 -0.28286671017491 0.0678094147280929 0.0573255297749961
-0.399399862362809 -0.00196417870179371 0.147262696177619 0.00471261483295468
-0.198539549250832 0.246879223456733 0.155214061614514 -0.166343462922282
-0.0277781660462545 0.276089764659253 0.0647972630201268 -0.24791973347907
0.0993641491711192 0.314266349229695 -0.0399410003860926 -0.2758467404361
0.14698010391312 0.299261309718987 -0.0797372401755539 -0.23139831796
0.12247100485335 0.318123930278358 -0.0465306710833458 -0.239696599681242
-0.0468696430073557 0.316224013400528 0.0489843775124391 -0.164992377113888
-0.225591794552447 0.266639371718234 0.0791579408606127 -0.0465291974811698
-0.444552133997244 0.0180621109848439 -0.064356198071993 0.00196067069106104
-0.334022170364077 -0.29244598465464 -0.130383955378716 -0.148106708951965
-0.0107097075816654 -0.408147936803687 -0.00821466353889598 -0.413602561527345
0.207910474481404 -0.393160202183336 0.270896298326576 -0.475826690487448
0.234206208895424 -0.556545969124794 -0.105531902466115 -0.125753953445928
-0.0519153314024864 -0.551506376556413 -0.0803641821872991 0.00542529157101664
-0.399036185882435 -0.372068278519521 0.0890847448926501 0.0869597144439021
-0.523648787596412 -0.0128257391773008 0.141172602818409 0.0235954590794442
-0.280375669435564 0.300711166458398 0.125416620085362 -0.125696413326265
-0.0740315562211394 0.348022444623526 0.0564708399027687 -0.145845352405333
0.0758188345779813 0.408996087825558 0.0030181778925047 -0.157328842798184
0.134821781959005 0.393230487122599 -0.0150290428463483 -0.11316483228978
0.0981023805752214 0.410322882972625 0.00105772560318337 -0.112222849479922
-0.109029819687564 0.386871070526974 0.0566551149790695 -0.0342150265116748
-0.310775686018932 0.306350425424714 0.0341438485113695 0.0478585336506255
-0.566794580422963 -0.00672598198713502 -0.113824179926112 0.0486399528219728
-0.424805214139295 -0.390541226721406 -0.151652499693463 -0.124326765653879
-0.00157636305369463 -0.547686444035024 -0.0146864999909682 -0.341331662259121
0.288755233461323 -0.536809590462894 0.187889328116199 -0.342136143411757
0.234231106794023 -0.635338672708363 -0.208551235956907 0.0462296087988216
-0.102302563738486 -0.623509513627974 -0.0815121864368216 0.144601207979929
-0.474717269591949 -0.396035701781592 0.115180397589545 0.117380405448233
-0.587413769809841 0.00964898688092654 0.124547313162284 0.0348808609025576
-0.308627549934922 0.333565848668265 0.0696132315526019 -0.0743686094669887
-0.0905541881554066 0.380296535903545 0.0248708324719508 -0.0236449287590697
0.0594183112976122 0.442905897593285 0.0258700454231357 -0.0120689524305444
0.122080825076195 0.419125893990321 0.0328073490041593 0.0268122522405331
0.0818393588717662 0.428651634295206 0.0323110706759636 0.0349377720903127
-0.132944402923218 0.396663858174382 0.0439889994565292 0.100734397024846
-0.330766319944503 0.301430739042181 -0.023382616123148 0.138155821256686
-0.587327297456209 -0.0161148488585976 -0.158168331816495 0.0933874199877632
-0.446170108866636 -0.408862560561183 -0.17043820104482 -0.0832332902888238
-0.00616162564033389 -0.585739010179873 -0.0350824475835051 -0.230765976883746
0.307681874170799 -0.597123243689382 0.0708018528867793 -0.180229201352149
0.18578261597417 -0.630770280217934 -0.300358868363469 0.230321996029336
-0.142416388167873 -0.598599354140577 -0.0738282695553008 0.289980193517199
-0.473262825004828 -0.352207342131532 0.128970062854046 0.142567281537867
-0.549171160812114 0.032330564730123 0.0911414946926697 0.0468025126322704
-0.281908060612007 0.312521588961059 0.0040440752786146 -0.00500941157886852
-0.089552087134985 0.351245001115079 -0.00975402117597405 0.108076854427193
0.0355462424409226 0.409038289401961 0.0454435277312855 0.138045867299023
0.0933936614095511 0.379111073812644 0.0756911406472691 0.162402517526254
0.0509340747693182 0.380985622440101 0.0577801919277695 0.173663347008274
-0.137409167345663 0.334879367510897 0.0217200980218215 0.218574135649672
-0.292394157808804 0.236225870145648 -0.0810663965407748 0.205851263204679
-0.492946208006984 -0.0347112516552086 -0.185642198130267 0.116137354808067
-0.369739898137149 -0.355034844268438 -0.168037912930384 -0.0465258474234235
0.000897525014633828 -0.512074620228769 -0.0422315618380998 -0.106707413722921
0.273580155473589 -0.556954298335573 -0.0374651438435238 -0.00398242360157331
0.108673638938196 -0.521716044935665 -0.36471995209948 0.390963385067238
-0.148544971733144 -0.465376505498753 -0.0652668267593185 0.4084673902612
-0.375161932867831 -0.250694766816429 0.123989360307222 0.159343344235836
-0.404533346447251 0.0356106869367031 0.0481953539500954 0.0563823920343352
-0.204946697045849 0.2275213124205 -0.0586164741884479 0.0649347111665643
-0.0762900607563476 0.260272403661756 -0.0436853520267328 0.222485842005324
0.00419945460435677 0.30871081151163 0.0582634971120447 0.26897783680813
0.0483541356090751 0.282939520456262 0.106848699539143 0.273756984583238
0.0116983098969277 0.276308216680059 0.0740564329261611 0.283538378283333
-0.122186867061134 0.225423180019543 -0.00539527342434208 0.29570592836356
-0.210669445123428 0.133195212692347 -0.130475828985251 0.234649003895621
-0.319250577869918 -0.0501224292080262 -0.190453731562614 0.108629290366725
-0.231249546257552 -0.245400657477199 -0.146235777329356 -0.0255577475147566
0.01066467516559 -0.356312340631859 -0.0350669609318017 0.00184531715908802
0.196972734959018 -0.431485052760804 -0.118888111279371 0.154577213810367
0.0187442802881749 -0.329367601706411 -0.39692461292981 0.496168165418492
-0.127474593174738 -0.255777067900706 -0.0610890808548438 0.481987846903992
-0.211267010115241 -0.105248626978838 0.109621327279208 0.165576490955905
-0.192133541939845 0.0340647941748969 0.0154474845954137 0.0558416258029796
-0.0929461785094576 0.102486505539351 -0.105093980138788 0.111091926966759
-0.0502019784306171 0.121646859913598 -0.0733921943817637 0.295088182754727
-0.0287012584969825 0.155550623008246 0.0585550788892715 0.358494868073411
-0.00455105585773271 0.142286551750948 0.121595113777524 0.345443628833195
-0.0298676266836539 0.134312668848118 0.0777472219097174 0.350668225707095
-0.0894154188223594 0.0917978269609947 -0.0338616485211671 0.325789571347794
-0.10536746192706 0.0255570475495327 -0.162768549991901 0.224592161080002
-0.122784790623656 -0.0484464535749196 -0.175601562714346 0.0790981334641749
-0.0824707508848946 -0.108484800203841 -0.115238545035656 -0.0178349037937927
0.00664355616273003 -0.165544134601159 -0.0202634524492279 0.0806531805196733
0.0910313952239004 -0.251400048646756 -0.163268915304257 0.274846482262726
0.0796654584315732 0.0159820957407764 0.0925493880898678 -0.426138830256111
0.0300659341323995 -0.0468250638757015 -0.0516415453602505 -0.202552017597996
-0.0504335369247793 -0.0452581821181512 0.0593909900436917 0.0182357510274522
-0.0734887451588309 0.0251126127123224 0.156470177465642 -0.0481712429777284
0.000948314525532581 0.0738553376415022 0.16493251103356 -0.210488256204076
0.0424532510259462 0.0407542803284792 0.0453025675418108 -0.351720487391198
0.0644501936168508 0.0181533506061928 -0.103592718778747 -0.384589248931341
0.0539446997538381 0.012819516084017 -0.158341694870827 -0.354814298731319
0.0506197586390721 0.0123614033007577 -0.106081140519286 -0.367614089838788
0.0307124243881355 0.024299010130523 0.012517232341926 -0.310878638854157
-0.0091635505131852 0.0364161818171671 0.104235445769727 -0.167015856573859
-0.036428983584812 -0.00483235284274943 0.00572440313940727 -0.073801954072016
0.019306239454609 -0.03498065668616 -0.0748554925956305 -0.160754455973042
0.0544683823525673 0.0342442008685222 0.0301370595524397 -0.41598095720381
0.0283877487179937 0.0879087734565827 0.382508502441583 -0.524118277133343
0.14958600271187 -0.208992384305952 0.0570836821538349 -0.375777598075117
0.0110779319414675 -0.238114444668208 -0.0619833204646597 -0.174249372732146
-0.176598099831094 -0.175323163841497 0.0551832809827424 0.034578861123018
-0.249706973595224 0.00823819259788518 0.149991143124959 -0.016192532406824
-0.106816981812219 0.167571944584375 0.169204649824958 -0.190201160840189
0.00851520039006786 0.170976224903555 0.0625287273917747 -0.317344771594085
0.0935585749133224 0.180365403343051 -0.0745498583698892 -0.354434289964773
0.113092397942344 0.170925648040155 -0.124587084558797 -0.319812452833301
0.0956354486480583 0.182207890322528 -0.0804093764158941 -0.331532437390453
-0.00767727338853179 0.188405916422726 0.0374647208898775 -0.260549597063286
-0.124851728958881 0.165950532431191 0.103740220569504 -0.120469598088481
-0.260089085630321 0.0104624114340841 -0.0216809382036742 -0.0410174721485596
-0.169312305869003 -0.17512839983087 -0.094985810924542 -0.166932415866651
0.0270102967449872 -0.201651601373993 0.024908962031492 -0.441444888084597
0.129014114448106 -0.164187955642742 0.392328682023842 -0.504591111220416
0.230004427441438 -0.395420568807174 0.00286245009809761 -0.272468362476527
0.00792340077132005 -0.413189699218713 -0.0657569161003145 -0.108971102559492
-0.29929675225365 -0.285522751256517 0.0673629928293358 0.055248451108501
-0.408509987978587 0.00135331950904598 0.148514287505437 0.00339389499798362
-0.2012198341773 0.249935616262221 0.152009759472232 -0.168671504975324
-0.0280735444370204 0.280520011784197 0.0636621724789172 -0.249390592539522
0.103652991737267 0.317251432812542 -0.0442575538421516 -0.2735868669025
0.15357611381418 0.303602545360076 -0.0792103364291583 -0.23339149230632
0.124596005621338 0.322133126826286 -0.0479305802765991 -0.239590607962489
-0.0475022129738495 0.322533513060137 0.0500133166291654 -0.165069189916453
-0.228245472610999 0.270503423113021 0.0792718571383353 -0.0454412187826417
-0.452517004992501 0.0203338229363468 -0.0657200929815754 0.00465145193042034
-0.337440287856417 -0.297035390608994 -0.132851016192639 -0.151660416989735
-0.00744530734029512 -0.414028747272187 -0.00724990160256567 -0.422097849004308
0.211413154778806 -0.398036133011994 0.278089486908743 -0.482504999103743
0.24019409578135 -0.560546321331702 -0.103423982235622 -0.127593168404725
-0.0517046892312646 -0.555852162188991 -0.0769051848674321 0.00343701079548475
-0.402212352031052 -0.375442536606982 0.0904039902705257 0.0866662293631185
-0.535608224006803 -0.0101991190322488 0.142779755835311 0.0227073869745191
-0.286275846370367 0.303285936315389 0.12171996449402 -0.128298860268336
-0.0737916836562107 0.355303617607519 0.0561890583628912 -0.147446175016744
0.0816073390336358 0.414391569592056 -0.000540886790893822 -0.154060500595689
0.141714878747829 0.398036203685719 -0.0138359236564759 -0.113065298129201
0.099849119974975 0.414651934094102 0.00089510726399141 -0.109785441220897
-0.111605656708012 0.39382078016343 0.0583643525531556 -0.0329427965216394
-0.316625558913678 0.311594959624508 0.0342943497518799 0.0512858539847826
-0.577298519410697 -0.00564911577885537 -0.116757230383887 0.0526758156259975
-0.430551808414881 -0.39581212777984 -0.154969474813768 -0.125995086696048
0.000326447384341304 -0.555679044561273 -0.0142810704409499 -0.348867069359229
0.293095765955496 -0.542444247521335 0.192304913165375 -0.347105540875806
0.239799035459448 -0.641783372167745 -0.208925062843766 0.0461297111419897
-0.103462431811857 -0.633572053165003 -0.0785117081772333 0.145359157195842
-0.480743225555038 -0.400397990970951 0.117579369831929 0.11871681937406
-0.600219367995231 0.0141972726209135 0.127029582705641 0.0336366318452739
-0.313064493478077 0.337704681128017 0.064519133053858 -0.0762507502358128
-0.0911250744725191 0.387772658684059 0.0258570454045857 -0.0237446743433924
0.0640365453138154 0.448332328048026 0.0236128825447529 -0.00651822547098375
0.129997876152921 0.422641235719126 0.0349873402401521 0.0282862438706385
0.0839860214821763 0.433012696150404 0.0325314625326819 0.0377998759032493
-0.135516466826397 0.403744081237321 0.0465550771741382 0.103530282514813
-0.335362318465931 0.305980681145074 -0.0238250509315702 0.143361964568852
-0.597325338023893 -0.013314547428335 -0.162240383315051 0.0985257700506572
-0.451195387866685 -0.413316422356097 -0.174053760385797 -0.0831174525016275
-0.00514193360664338 -0.593256181181745 -0.0354793016541638 -0.236053709231294
0.310529881412348 -0.604138136985749 0.0715617639008266 -0.182250445319314
0.190192465199018 -0.637406151066476 -0.30278027981932 0.232263653422158
-0.143898039084461 -0.607402084066305 -0.0706156529735593 0.293499204437802
-0.478820595535622 -0.355833702220827 0.132672466570412 0.145105785135134
-0.562675756373232 0.035301211558774 0.0938262075673698 0.0466302175872364
-0.287362095623406 0.316701155428363 -0.00107795201336319 -0.00565276843914395
-0.0898278689684101 0.357507141729446 -0.00824570270496059 0.109351621116396
0.0409724155666294 0.414684829508124 0.0444441243239334 0.144278895319368
0.100180011931463 0.384032011363828 0.0776600537171673 0.16552989112925
0.0523820829080916 0.384880948723319 0.0591191849117915 0.17785582466641
-0.13890633418267 0.341828721420133 0.0251717188313129 0.221004640917374
-0.296816930515136 0.239375940670932 -0.0820581673886393 0.212056185367623
-0.500046441833152 -0.0312183741637466 -0.189551835424801 0.121544340514859
-0.374327677608519 -0.356961042111388 -0.171737422682845 -0.0452050463238135
0.00197482391286731 -0.5185244519229 -0.0432443881479069 -0.109704822352671
0.275522531158132 -0.564258738657361 -0.0391581260764821 -0.00463213071379035
0.112378066217276 -0.530114973793203 -0.371704333201821 0.393536964188571
-0.151699933125008 -0.474816143922649 -0.063309601754003 0.414461479200175
-0.380220445064469 -0.254895138908159 0.128950283451236 0.163339359974034
-0.415211192951222 0.0405821275705778 0.0514201198044068 0.0558251626036914
-0.20820051501724 0.229639205181087 -0.063592890737225 0.0640108503767778
-0.0759994998322543 0.26389630322042 -0.0408850466173255 0.225561624971781
0.00899768560150564 0.313608401985115 0.0589047902013698 0.274735951079269
0.0525944043170114 0.286674928879471 0.108547375380841 0.278213496866627
0.0124563650693295 0.278803455971099 0.0764001273494704 0.287461170757595
-0.123260591777085 0.229898226687776 -0.00197470936066082 0.298705777315073
-0.21463528650926 0.134146134996433 -0.130789198331355 0.239950403704241
-0.323550231116248 -0.047570705747278 -0.193919489393276 0.112400436825353
-0.233746952866581 -0.247849639894707 -0.149799662225201 -0.023219127194842
0.00989392735367874 -0.360448222529685 -0.036039290491594 0.00114296707723253
0.197627255417799 -0.435940190774723 -0.121917800666187 0.155870927238225
0.0198290345600518 -0.335993133406366 -0.40631251648921 0.500902828125375
-0.130480372103998 -0.261362840437126 -0.0603990875162449 0.490885086330965
-0.213820551660543 -0.107547320682243 0.114576486230906 0.170711008179472
-0.197257843356563 0.0370992328191149 0.0182926840556278 0.0546270506803994
-0.0943618419914035 0.102601451017133 -0.109057383232343 0.112158033721907
-0.0510931073427027 0.122641053050063 -0.0705608372793561 0.29918535134519
-0.0263495469352482 0.158593256293291 0.0611232903055173 0.363839872309264
-0.00249114221177021 0.144843791271508 0.122487166634759 0.350510539502856
-0.0294110608787991 0.135038416703818 0.0792225334681736 0.352968410612271
-0.0900230570831565 0.0941314150683103 -0.0305086112721628 0.328417188346817
-0.10699722442872 0.0251556752450302 -0.163387791162295 0.229373299979329
-0.123476596485518 -0.0467843150613426 -0.177655091543221 0.0822725199988415
-0.0836917327539587 -0.108464642688014 -0.117956383374447 -0.0142185549391334
0.00511870039556049 -0.167312421216533 -0.020979460382347 0.0816116229015062
0.0892705263148328 -0.254958940417743 -0.166786350338405 0.277735022796049
0.0763842614804287 0.00531245875002458 0.0696352780049979 -0.434279998972894
0.0240482615256293 -0.0495289613135489 -0.0639240949725337 -0.201108331311056
-0.0555432019659457 -0.040320174543897 0.0650540399593676 0.00767231782737936
-0.0719512137154948 0.0319289381203185 0.152777068495605 -0.068073263752697
0.00759721676216399 0.0691945438389993 0.14350864521212 -0.227082474429378
0.0423588041644065 0.0346575161725172 0.0136005699104115 -0.357546681905947
0.0648155538760063 0.00917237940385491 -0.144621500490045 -0.376555293772219
0.0535612637139107 0.00792316222139423 -0.191342130765 -0.347735964777458
0.0524791923658353 0.00644477436327475 -0.140614539470538 -0.371258034376313
0.0355690657061299 0.0225747041725617 -0.0130237139625918 -0.323904186682017
-0.00348884211261957 0.0388807933575924 0.0949976426640063 -0.182852231076703
-0.0360582315103643 -0.00149644981369935 0.00099311287630536 -0.0761993004877772
0.021061332066837 -0.0392200159350641 -0.093884290034686 -0.162007008041043
0.0691729246133516 0.0342742515932105 -0.00210738833865293 -0.444797877259513
0.0432753096022463 0.0964065463170093 0.372674124914 -0.574776889042064
0.121323085469982 -0.225257779470333 0.053724693754242 -0.374615563660642
-0.0156777781788149 -0.239402116637241 -0.0601436333104595 -0.172353718158455
-0.196634927716965 -0.155337667279074 0.0746838327283236 0.0156686584735958
-0.250920083712267 0.0379231771634771 0.153775160219837 -0.0492832166175173
-0.0905072194276416 0.174416762537047 0.141806549056669 -0.213193527797418
0.0200434557680127 0.16960832017636 0.0283885693682292 -0.324137951604851
0.114743810446858 0.170309091357811 -0.121977166349375 -0.353728064438282
0.127958449740234 0.162320405635844 -0.154425140727253 -0.31154200736214
0.116171346724812 0.173589073952862 -0.111245400308208 -0.335516283278006
0.012439697169417 0.193814178672026 0.0164401700132445 -0.277800076037766
-0.107387115619674 0.181303281006954 0.0984895593993516 -0.138243093676646
-0.262442404575057 0.0390845718109608 -0.0184974275652624 -0.0446117300749175
-0.186052834780489 -0.163726472688169 -0.105118581199086 -0.162138125823305
0.0204102520284042 -0.208349669820212 -0.0148299964324397 -0.458635881771103
0.129011247477217 -0.175327451689137 0.367234897274868 -0.543282874160406
0.182779258733715 -0.418132773463887 0.0173829247258844 -0.259451274488988
-0.0372449762351178 -0.411075792838281 -0.046856979495526 -0.106403518254794
-0.332240044169639 -0.251332078907803 0.0998100667400931 0.0268050882519603
-0.412370265920303 0.0500996011877655 0.156894113314679 -0.0414389527650386
-0.178229684597738 0.266294871727421 0.119060176899472 -0.195714488301625
-0.00645759622407975 0.284295276696775 0.0294010278883913 -0.25970337107074
0.144094900417592 0.308919752558299 -0.0920403729957557 -0.279255973212154
0.181008058498369 0.291870981205709 -0.10259255804926 -0.225386684567431
0.160745602092119 0.311065116126695 -0.0689802804584133 -0.242587928931748
-0.0145514901126655 0.334488084430681 0.0377365081460798 -0.181343878436
-0.203035395308063 0.29638591893988 0.0792630364338801 -0.0601075440670976
-0.45921783605302 0.0703461950088897 -0.0553549494165054 0.00376515225745202
-0.369055287199015 -0.272055517078592 -0.13431547420332 -0.140344689447729
-0.0343942983638902 -0.426920789888016 -0.0539765895328565 -0.423614516108455
0.196291794303232 -0.429300910332692 0.235337699376748 -0.505385598156771
0.175438891927089 -0.581417491102266 -0.0707490330324093 -0.104851344700377
-0.110807324359156 -0.547933687472688 -0.0413892519261032 0.00540990136738438
-0.445349751634589 -0.332369485665064 0.135200519538862 0.0493608350296725
-0.540703554031724 0.0563238148378329 0.157200824872741 -0.0317588968192902
-0.25614538167092 0.329736651342028 0.086744021860747 -0.158493847984244
-0.0451356921221622 0.36502331817102 0.0272601485842145 -0.158946783448231
0.134694331509656 0.411640349858137 -0.0410598492254803 -0.167685028090247
0.17875993100588 0.388194060505461 -0.0266554786680987 -0.10730433211243
0.145996299014125 0.40685267196588 -0.00775431983349088 -0.111903063544925
-0.072978082331906 0.413693079308694 0.0581627695666931 -0.046530794542905
-0.287836102400996 0.346416937553458 0.0407528447442779 0.0431405609795734
-0.590818873203738 0.0567994247525744 -0.100882662191995 0.0581522177862988
-0.474620480872953 -0.365240021811676 -0.149755669546265 -0.107309154760032
-0.0407479275922991 -0.573443187981968 -0.0603784995130907 -0.339531997881279
0.268189975407163 -0.58570316308135 0.144968314469034 -0.353325967213918
0.168500006204863 -0.662019007059366 -0.162575210868564 0.079193525021485
-0.168657796573815 -0.61953906770983 -0.0268406380207378 0.147292707711189
-0.52637090432112 -0.348337475484283 0.169469080757198 0.074026881479215
-0.6036438854943 0.0890480015476123 0.142630850995207 -0.0253314018855341
-0.282330220371646 0.367705916271752 0.030472784895566 -0.103014315727458
-0.0572411035728035 0.399207856470242 0.00528735494982461 -0.0322728611944242
0.124258975100637 0.44935323590776 -0.00508438838886436 -0.0231682821547223
0.169886153731355 0.415482580056014 0.0350037900214592 0.033016567919304
0.13057273145652 0.428508142814368 0.0378642130649837 0.0387814876445945
-0.097585571496428 0.424901449410196 0.0567809687645328 0.0959765889201723
-0.31084526394131 0.341639535320774 -0.0120769373945702 0.14447431798946
-0.608975767173358 0.0485009610129454 -0.14449032344632 0.109197128469217
-0.497440294199715 -0.379569299996039 -0.164855993674981 -0.0596662612487262
-0.0507637503405502 -0.614398113117566 -0.0758941778438863 -0.217276148775001
0.279511375792831 -0.654104764036614 0.0244784441207718 -0.173234978306856
0.119181933595253 -0.651565193267934 -0.249742260580216 0.270743558230883
-0.205677887765232 -0.589437181781787 -0.010281298251749 0.295840388296763
-0.520969030848589 -0.304453378872595 0.184330848799087 0.100749226019018
-0.563084612192787 0.108634387639661 0.108581007602414 -0.00877208535997027
-0.255627680516611 0.346603343291527 -0.0297306132663972 -0.0242707981120478
-0.0578881507302287 0.370719782699188 -0.0159535229407732 0.104878421513964
0.096963709164891 0.418816772834838 0.0324085153344026 0.128456003155081
0.136598528201897 0.37875672999871 0.0899649028777018 0.16861888375402
0.0936575357204324 0.381738024579805 0.0767959505423611 0.180881910904192
-0.108221564656045 0.361730276727587 0.0446739632610577 0.221978145765994
-0.279976222609972 0.268968749276915 -0.0661532719309921 0.222568178036225
-0.512449107496404 0.020666527065933 -0.173514319638322 0.137608936929538
-0.414118981111074 -0.329758976243181 -0.163913290820521 -0.0197759150370388
-0.0410955941903032 -0.538674482250987 -0.0716255859569007 -0.0872212904098971
0.242357885558198 -0.611200473154267 -0.0785460002371567 0.0173632606205544
0.0568699934554662 -0.534761747749688 -0.320693941846621 0.433194762604048
-0.197083101212877 -0.455810788437326 -0.0029794184487235 0.419628308613212
-0.408823979594032 -0.211871876597644 0.172772248048449 0.126792525452982
-0.413791559622311 0.0953593836877327 0.0639479065032592 0.0154095822818104
-0.186568365184866 0.253248628818741 -0.0804185509627175 0.0566509476865831
-0.0504223584692951 0.276126167004783 -0.0356706970805506 0.226442937764491
0.0521574153498235 0.319668243940466 0.066200635826673 0.261523307264922
0.0815409007240036 0.284401495764373 0.131598977392383 0.278807466301796
0.0421921659468189 0.279566437949403 0.103238801094753 0.292072911404289
-0.104336206496586 0.245567080944652 0.0234105644238525 0.306060997152598
-0.205866591516566 0.153660630552937 -0.1143806158052 0.258308382902003
-0.333931089516492 -0.0150970506945619 -0.183896867790555 0.131642870921872
-0.261471234096854 -0.230137154267086 -0.146330096454135 -0.000798847937023416
-0.0216962280340483 -0.374535053498563 -0.0509053396266948 0.0210362447631647
0.168640034122784 -0.47274224665156 -0.146885240124008 0.184823806649047
-0.0136948588440504 -0.33123472436461 -0.364828697569873 0.537617423067319
-0.15307062329573 -0.245299091621643 -0.00835776052452495 0.498071584963795
-0.225615678145267 -0.0842898375441794 0.1455899738914 0.149235731158205
-0.193689675652868 0.0652262212390019 0.0254483165776121 0.0342999387342268
-0.0849472541945796 0.114822456964494 -0.112277754596826 0.115310067605414
-0.0364486757725612 0.131793986208538 -0.0526488645560625 0.306242665635008
-0.00317360227902736 0.167463732056438 0.086927900325071 0.354641562666065
0.0136338141731436 0.147003731125898 0.15407144304457 0.347771089350309
-0.0148839178777003 0.139709594327425 0.112210956550397 0.359125623260871
-0.083952868617503 0.103480725761042 -0.00376062704162303 0.341460722932701
-0.108581874545861 0.0327798966127819 -0.148512410683815 0.252866063090072
-0.129710866977943 -0.0355368035001679 -0.174742306225375 0.102479308080865
-0.0949905150764642 -0.102216152537518 -0.120450968515511 0.00163540540606091
-0.0122907305297105 -0.173741583287172 -0.0222903216015733 0.0945648680242299
0.0679691575231401 -0.27564455705161 -0.173732957809732 0.308025675792561
0.0788536219547806 0.00369107932436769 0.0509543291631967 -0.445065405240009
0.0243633414960623 -0.0515806765979247 -0.0755781801692303 -0.199804772697013
-0.058266753077392 -0.0380260370518209 0.0657411507744048 0.00346749293196526
-0.0740295613119897 0.0366988064657344 0.148748993167346 -0.0782531328613042
0.0115556812745117 0.0701934822461606 0.131650177176005 -0.237936695480568
0.0454477493036644 0.0350049751994704 -0.00846423049393136 -0.36047133034342
0.0652236924225116 0.00576572122608696 -0.167787006601026 -0.370157202853909
0.0552117212635017 0.00515259904140107 -0.211965550501188 -0.341983759373179
0.0531578445009158 0.00416869887691913 -0.162528808800748 -0.367121480145377
0.0362912304242917 0.0202570742854377 -0.0294847074768155 -0.323925635335267
-0.00141245697399181 0.0395403550005836 0.0878922143856143 -0.1892334880166
-0.0367260934531213 -0.00101706728890771 -0.00409521509365289 -0.0755366233374436
0.0205717488885668 -0.0424020904330132 -0.106026929510027 -0.159326958271193
0.0742391014727878 0.0312613536251438 -0.0268442140884032 -0.452227038374858
0.0488859559775195 0.0960004719839163 0.352339540207249 -0.601253732598186
0.11296498183681 -0.232188073696203 0.0380323986462373 -0.383220417118579
-0.0250387370081535 -0.240315307257334 -0.069392399000706 -0.172096038552126
-0.20655357958241 -0.147354751614391 0.0763456595403011 0.0105887376031145
-0.25480471226323 0.0528912707060388 0.151502092220156 -0.057511133546889
-0.0837549479148453 0.180548432399527 0.129153208677897 -0.222058212346456
0.0296884678856675 0.172418085961892 0.00956656441633907 -0.328303495819965
0.126548141517195 0.165604136208448 -0.142620332304457 -0.345868042124839
0.140877190962973 0.156155751728337 -0.171627942577085 -0.307189065015668
0.127616365854662 0.169832920323161 -0.129590851164002 -0.331709580316471
0.0231417552881388 0.196070388496262 0.00321575546268435 -0.279049113651835
-0.10002212103739 0.189481189186384 0.0939158324049952 -0.142807722999527
-0.265777959481316 0.0539687036480911 -0.0214542845407275 -0.0418551478355044
-0.195844344211851 -0.157530116399063 -0.117934118281954 -0.161453773441262
0.0113930706074439 -0.213390045174389 -0.0387903013525745 -0.465036382988658
0.12167516849763 -0.183638755282597 0.34825070471799 -0.570108567236624
0.166111464018376 -0.430954852949268 0.00785338923642246 -0.265672177790196
-0.056144294321339 -0.413654003096799 -0.0516080274103285 -0.107745261328187
-0.350233773209153 -0.237513719388684 0.102922592791439 0.0198018294793297
-0.417338271280737 0.0755078162146679 0.154844139922422 -0.0506920605779852
-0.168252573459353 0.278078157123807 0.106177894850247 -0.202201876216886
0.00989564822196113 0.290558487149259 0.0144769052310927 -0.264151956284796
0.16483120553959 0.304452685786065 -0.107645766794964 -0.272001967782691
0.203824209877011 0.283894975804294 -0.114218018117934 -0.222825163635903
0.179811182909746 0.306748641983627 -0.0829002439682652 -0.238775918120869
0.00384297972993218 0.341120298577128 0.0298124781341487 -0.184067083604602
-0.190740048918026 0.310984374536118 0.0781870646340592 -0.0616684977156926
-0.464172568498853 0.0979196954571933 -0.0559068199699779 0.0105044267191486
-0.388425605258318 -0.25730300289902 -0.146185099811958 -0.136613143343909
-0.0554844727464791 -0.432152650321437 -0.0769069167521004 -0.431031268693512
0.175707428221246 -0.443014912069309 0.215649743184961 -0.523453056066951
0.151518820398346 -0.596638022332075 -0.0745274804080746 -0.104278959265975
-0.138375346024111 -0.54835443802388 -0.0383723514907665 0.00369839298081683
-0.467527773840621 -0.312907092711549 0.140744732061261 0.0414487819584103
-0.549821218401351 0.0899706479319032 0.157363300474488 -0.042060122836183
-0.2455721025904 0.346796929937865 0.074328131590368 -0.162636103261407
-0.0260911238830878 0.374551158541654 0.0185350554491648 -0.162731089630898
0.161538451534931 0.408011719770425 -0.0502160896804048 -0.160532101593275
0.206773492329508 0.383317131850883 -0.0307994309575035 -0.106586144871135
0.170533747369183 0.405812798010856 -0.0126636898494965 -0.110094482749148
-0.051166378917516 0.425675957773222 0.0575054880141533 -0.0488440351968552
-0.275459887097814 0.366681653044926 0.0447768586603559 0.0453942201361378
-0.597743667246392 0.0920239548040269 -0.0995479526157655 0.0679756656202822
-0.500446133694782 -0.345129682488761 -0.159866301055238 -0.102371197408971
-0.0680357025450112 -0.581693606371354 -0.0796403266000758 -0.344442653764374
0.241129814589483 -0.608292879858814 0.128754510825861 -0.366558294203737
0.13877503457402 -0.678433577972711 -0.159275082091452 0.0859651374745488
-0.202191348341331 -0.61780627211559 -0.0152074644264338 0.146935968917766
-0.551606284469493 -0.32539203975185 0.178613104100225 0.0647104642467526
-0.612212380737399 0.128475751264109 0.143356140736194 -0.0357351033932835
-0.268597245404697 0.386721062651015 0.0197343907627782 -0.103230834193604
-0.0357914859312739 0.41010654043626 0.00413200673486396 -0.0338781898143486
0.153288588553318 0.446609392135586 -0.00505108306780231 -0.0160501238602636
0.200363814528284 0.410710094018242 0.0388052144446012 0.0326306968514061
0.155833685919367 0.42671342811821 0.0415839122499018 0.0399859479230095
-0.0746775625631614 0.437646943989434 0.0642633540330294 0.0949998721193172
-0.299182684959694 0.362053001733214 -0.00234087901953954 0.151521467449517
-0.618641798444945 0.0856924486257488 -0.140078338887195 0.123189027460867
-0.525980137611828 -0.359827643136167 -0.172413287998855 -0.0514638918202119
-0.0828350000026636 -0.622035295079586 -0.0890368343848787 -0.21886744312432
0.248954931934074 -0.677028867281602 0.0148108784266935 -0.176882069904501
0.0899317386736557 -0.666001555095201 -0.239230041871659 0.285833902826997
-0.23943905404581 -0.587767233381227 0.00947685368111784 0.297554526691058
-0.543987262865656 -0.282177308207292 0.19647990219272 0.0908205386289374
-0.568266004098972 0.144497323234864 0.110342942013795 -0.0173020901770666
-0.243559876170776 0.363781600843969 -0.0365313690718789 -0.0209296628746438
-0.0378467876707371 0.380074237754816 -0.00929249941653469 0.106405979425556
0.12457197933687 0.41789718639662 0.0414253747979841 0.133279939978684
0.164531188570015 0.375110767170905 0.101946197302473 0.166263447855539
0.115355551933724 0.381936927545003 0.0888437970335712 0.181401257949194
-0.0893592848961149 0.375154614997238 0.0590146135852093 0.222417559425333
-0.27146990113653 0.287739575731644 -0.0531829339007975 0.233003139746854
-0.519456288225414 0.0525968581272776 -0.168146994790254 0.152733899476099
-0.436812851845297 -0.31175786146776 -0.167839145948823 -0.0111208557285123
-0.0686248956963558 -0.542908458461512 -0.0778797282029593 -0.0869757873694208
0.211952579399151 -0.63065389737875 -0.0802058504403841 0.0222975656699621
0.0294945342755456 -0.545458286950578 -0.303430435744452 0.454124750777726
-0.225082000131255 -0.452869984671318 0.0224063359246255 0.423960140473289
-0.42693609031512 -0.197009490059744 0.187190523122923 0.119219031391288
-0.416401693893625 0.123274161561176 0.0666883384228148 0.00956308103349077
-0.176974647503648 0.265931074652737 -0.0821400975871456 0.0627974059440418
-0.0365032087704929 0.282953488804659 -0.0215534568243346 0.230262405110683
0.0731628202484028 0.320642881717096 0.0823152893981811 0.264722858304239
0.101624751504078 0.283575977981362 0.14897875096741 0.276268469226664
0.0583247368368785 0.281068811741788 0.1213329133411 0.291089366718456
-0.0914524774310757 0.256298849002313 0.0417248803225502 0.307740321166011
-0.202243474793893 0.166285443801057 -0.100248417588668 0.271238974171744
-0.338803076903638 0.00612988211655958 -0.178517305017345 0.146479796305734
-0.275831018846445 -0.217883638317239 -0.148299191205272 0.00839944078097649
-0.0415511035479364 -0.377126270831025 -0.0514617408897976 0.0221826300061966
0.144004236679716 -0.486788967976964 -0.141743336260284 0.195576560025784
-0.0320110029717071 -0.337066186734275 -0.345786897185606 0.56204994455306
-0.170067097551317 -0.242037635916775 0.0200376367521001 0.506974206497245
-0.233539315508336 -0.0744033708188638 0.160938811995495 0.142854748762147
-0.192984945962756 0.0797652898429015 0.0296603965595094 0.0295113407993655
-0.0803581028507424 0.120600795940869 -0.110578614571188 0.122796744820713
-0.0297182777598807 0.134620001877931 -0.0352914157092259 0.312049816546319
0.00878688071465512 0.169302146912637 0.107621216025641 0.355972866280263
0.0235124274080449 0.147791549846451 0.174677368551862 0.344363151183582
-0.00769963299890325 0.142851364801618 0.134012867860323 0.355807128816975
-0.079061076977532 0.110610678971254 0.0161513572656195 0.343638126623069
-0.109667395002719 0.0385340592647633 -0.134281582704087 0.266040650850622
-0.132168300649668 -0.0267921003715913 -0.171314917202839 0.115936051975073
-0.101755495068958 -0.0964473044019974 -0.121439461412755 0.0113910728917385
-0.0228089391792057 -0.174845606320312 -0.0188613254640927 0.096246465399093
0.0516808037508765 -0.282919716995799 -0.163225826054666 0.322132517668165
0.0796240631439365 0.000718887819092906 0.0272292541909561 -0.44293830914681
0.0239336515567594 -0.0523139346749343 -0.0850651284784035 -0.190596666970235
-0.0598703491845692 -0.0344505226235002 0.0658519670652491 -0.00128253156367139
-0.0727468023704757 0.0411634143365889 0.140686183541759 -0.08631150571235
0.0148865746936939 0.0681664845722792 0.114564383198197 -0.24165562390175
0.0475228954522667 0.0330856384738714 -0.0314915629486799 -0.351631031687963
0.0635791631880385 0.00336905055458027 -0.18824706498817 -0.350314111949094
0.0543559769125475 0.00137344769727527 -0.227762923042006 -0.322437207880762
0.0527885550787602 0.000752270539560666 -0.182527454755377 -0.349974441705167
0.0361758702094707 0.0171119082010166 -0.0470218707187945 -0.315032602981982
0.00119960059109073 0.0390302202489825 0.0762280833547834 -0.191148390694282
-0.0369966522246429 -0.000330150602271551 -0.00917912990499259 -0.0717100039309236
0.0175551610941796 -0.0447439124647382 -0.115940993181483 -0.149876957136974
0.0760600430294617 0.0259766341086073 -0.051923637758504 -0.444297200829573
0.0542393254169808 0.0924816131780472 0.317987527944057 -0.612789842931401
0.101120890370328 -0.232783307970869 0.0187319996166478 -0.382454500202747
-0.034700394374638 -0.234812433256942 -0.077481834602588 -0.166469879357245
-0.211733785823805 -0.133220871710588 0.0758891501622231 0.00437992955622417
-0.251071259694846 0.0703376760544989 0.144315281901247 -0.0667492504391432
-0.0737419677830515 0.182706335629641 0.11177709204089 -0.224305933034494
0.040461197556051 0.170237229008406 -0.012071419036703 -0.322375289786799
0.134110865329234 0.155975415443665 -0.158626952437271 -0.326646634792835
0.150540438517026 0.143993963607182 -0.185645105177485 -0.291989639076482
0.135996131827406 0.159527339635995 -0.146583351106461 -0.316034438625254
0.0338952942687387 0.191621352890262 -0.0120876083300016 -0.272587781910873
-0.0881288830006673 0.192585394608075 0.0852136342496836 -0.145397313990181
-0.259484459028877 0.0692393406267281 -0.0246755505024281 -0.0369118733891718
-0.20173989929799 -0.14551328423707 -0.127389565759508 -0.152651285407954
0.000992197327281591 -0.211552872814111 -0.0650016923791515 -0.45876500254034
0.108637743915594 -0.186923319183728 0.313570120449511 -0.581527443050638
0.140514617701175 -0.431307968156246 -0.00403234456356527 -0.263501542065628
-0.0752414803121239 -0.40377435136499 -0.0552461717467358 -0.105763452961351
-0.357441034168119 -0.214615092783994 0.103796088164926 0.0121152637638319
-0.410701029678064 0.103612090884133 0.14916685660623 -0.0599854109547627
-0.151148946634702 0.28421883407231 0.0895154149009163 -0.201687219965935
0.0276605235695659 0.287279871996551 -0.00316823551622644 -0.259957388509403
0.181352870676465 0.288427873097194 -0.119003931806988 -0.25504247950428
0.220931569997734 0.265446402685235 -0.123876548129327 -0.212563729818852
0.196096651504722 0.292446578798366 -0.0940051044934503 -0.22748541413753
0.0249835153574153 0.336718813060588 0.0198206862895246 -0.180416654724205
-0.171004167124112 0.318774144260548 0.0754349351068303 -0.0632789217999502
-0.452524219650507 0.12644818531415 -0.0543182529713396 0.0162785797025473
-0.397447200204909 -0.232882286593528 -0.154705321896458 -0.12816298773434
-0.0785462937686669 -0.423829339695043 -0.100909967326709 -0.42194411125922
0.146337523949846 -0.446268887186544 0.185244523912845 -0.527953439693961
0.116236431439103 -0.597035743300659 -0.0762660757040275 -0.101262316699394
-0.164703375573987 -0.532686882867941 -0.0360534893208123 0.00168400414882133
-0.479111680277443 -0.281701444770673 0.142907150137087 0.0297957399336139
-0.538988144303207 0.125019983052999 0.152346181246135 -0.0516453670537539
-0.223725016284786 0.355395895029109 0.0591357766605336 -0.160241993820638
-0.00225908773667648 0.371909947330161 0.00817160114982642 -0.160527614010858
0.185773883832953 0.390579635702174 -0.0556193380051441 -0.147935913173391
0.23207472725523 0.362009174376888 -0.034272763443405 -0.102667120900805
0.193600826943053 0.391492789748905 -0.0172166607599879 -0.10427147858429
-0.0249923562901268 0.424563285932881 0.0558660725085935 -0.0500281296205362
-0.252028238525677 0.377968062677747 0.0492098772182822 0.0454007549697043
-0.585487791375067 0.129736932310622 -0.0935130175477591 0.0760492007634558
-0.513420998882606 -0.313285692945168 -0.165967428333314 -0.0926778213699615
-0.0988069400780471 -0.569045474305683 -0.0993010271947281 -0.338981715466904
0.200895564910576 -0.612651149787586 0.10727282037862 -0.367886978035087
0.100861356848035 -0.677045678913149 -0.151157612600413 0.0924515633268065
-0.232062687849484 -0.597393543820365 -0.00448153433146369 0.140644443683138
-0.563978667549024 -0.289841789606181 0.183024279768946 0.0504047210824241
-0.598483282805143 0.167095804831603 0.139231239636589 -0.0452351369901591
-0.245407305625241 0.39797432952538 0.00935948160676007 -0.0988240315749163
-0.010644655651729 0.408760043177094 0.00250102376957105 -0.0347877890828357
0.18064410493426 0.428301399784012 -0.00314246279520611 -0.00927604968585411
0.226605225449554 0.390587409137646 0.0416543480662878 0.0306668759027742
0.180449481629065 0.412965369067463 0.0451173419966444 0.0397091153136691
-0.0471461092254154 0.438946334557701 0.0705773011474994 0.0910241508658617
-0.275362306281852 0.375482153704975 0.00873320311890262 0.153172631255329
-0.606496990004475 0.124698153694898 -0.129689705275403 0.134084585940568
-0.538610868861412 -0.32463262218801 -0.174345713812832 -0.0413199691807673
-0.115924443232084 -0.609244731967808 -0.102454438225485 -0.213458853388602
0.204273346309081 -0.679656735229626 0.0042276248668686 -0.174075851449788
0.0511306538910879 -0.662150909444126 -0.220163198604825 0.292934680814321
-0.269436382794948 -0.566531033067831 0.0297276719801793 0.288447015463759
-0.552561561182894 -0.24821545938127 0.202831966039764 0.0756542581786031
-0.554144354173419 0.182870398652421 0.10881199207661 -0.0264340695005682
-0.220337076595544 0.373198917150056 -0.0411400059799956 -0.0149461098877701
-0.0143378999885744 0.377454242848685 -0.00213925469844332 0.104030368176175
0.152165486646151 0.401782192476767 0.0513007732317557 0.134219552000874
0.188126552005938 0.358775490881837 0.11138570375866 0.158617270841816
0.137192906510957 0.370518565485688 0.0998575557746698 0.173869273295549
-0.0651439971841385 0.375925286948136 0.0719830492093787 0.214896184269441
-0.253101314901523 0.300366682871172 -0.0354158641127779 0.236339437544171
-0.510602021845153 0.0866358201337665 -0.155771465423138 0.164358720756023
-0.448362929365862 -0.282361191532946 -0.167104340779473 -0.000667930626376521
-0.097952802426438 -0.530582318574897 -0.0843035392773298 -0.08404172112366
0.170943229258779 -0.632387582886917 -0.079571928868336 0.0279963102378452
-0.00214542689459832 -0.540288430706342 -0.275374977225167 0.462926726499054
-0.249714139983811 -0.436649174124915 0.048890456677009 0.413570021102394
-0.433109738055992 -0.168422834781616 0.196238844175253 0.104061017059634
-0.404430400807947 0.150317829623134 0.0672052440032631 0.00203281945155243
-0.161179085147532 0.272180555588699 -0.0808919356693204 0.0689819400463943
-0.019017202092322 0.281025803097459 -0.00634171259822608 0.226120937074997
0.0953903462979786 0.309445788618343 0.0988401710935853 0.258974786253269
0.120704711923265 0.271609447742551 0.163741025266126 0.263413423389219
0.0747247964104465 0.274034284526489 0.138233550319094 0.278813179992023
-0.0743234655894215 0.258647677109719 0.059750157409487 0.300013853645601
-0.191543218077902 0.17612874585635 -0.079561753670333 0.275558358257092
-0.332696419594088 0.0294629294477329 -0.166548430797392 0.15874730738108
-0.283415139069517 -0.197600579123856 -0.146704854845589 0.0187282835893012
-0.0630945297125297 -0.368796033536808 -0.0514234570831263 0.0228002322923332
0.111969226148045 -0.486318907083037 -0.131020640763476 0.201761969892748
-0.0512196606627519 -0.331016643995429 -0.312082252732833 0.572312163519242
-0.183391373588118 -0.230805077448563 0.0515426598057574 0.496688562036828
-0.235661748259373 -0.0601733046277994 0.171543271381441 0.129787772306267
-0.185354086614499 0.0923444646960981 0.0316241679699196 0.0239809256293083
-0.0729454602112472 0.12305155338238 -0.103919064209458 0.128905924945122
-0.0218271323219183 0.133942443007671 -0.0142450516330105 0.307622853129813
0.0214671245589032 0.16563364583085 0.12835689520671 0.345098190918474
0.0338915473143917 0.143715217262212 0.192228018806325 0.329002509939637
0.00123992869297465 0.141629155974272 0.15404315642311 0.340636293181915
-0.0706567674647937 0.114315094586107 0.0364557719034033 0.33641526732728
-0.106612913543907 0.0447083748980086 -0.11381772907665 0.271433340570793
-0.130045689729617 -0.0167738593569374 -0.160971252157858 0.126713036230625
-0.104509719208702 -0.087256561591583 -0.119384727102198 0.0207379500670555
-0.0335309777114954 -0.169467443449314 -0.0139172612898167 0.0939040985066095
0.0325281447526773 -0.280671929383909 -0.144664164289732 0.327678806204639
0.0795153592959804 -0.00132225607280667 0.0115509530702118 -0.428915190647276
0.023953379519931 -0.0528972259751351 -0.0874802821642858 -0.179242967842092
-0.0592257891608223 -0.0313623251087934 0.0645356584840136 -0.00495944471124435
-0.0706709852561653 0.0442070041612649 0.13055603051104 -0.0906284152192352
0.0160155041500315 0.0651816376483023 0.0981111217956944 -0.237638350560982
0.0474856333411086 0.030978284727398 -0.0452662327638037 -0.33597644844091
0.0606279473745462 0.00198555699228745 -0.19454571541574 -0.326920783429855
0.0531436380350985 -0.0014495178068234 -0.232785460962521 -0.303118103993921
0.0504357827561234 -0.00106756440686486 -0.18900376290814 -0.328462575809646
0.0347589457662441 0.0148194897474142 -0.055873224063909 -0.29968552938636
0.00261143017909974 0.0370009415333217 0.0666869363316859 -0.186262089537133
-0.0364212103875298 0.000147894304107368 -0.0118712210221056 -0.0662714208785561
0.0154808608616075 -0.0454232523677581 -0.119463459805787 -0.139375321622411
0.0761024142040382 0.021792644133036 -0.0669870718555355 -0.42659702839911
0.0557961794626551 0.0876058711671737 0.287922106546917 -0.604628129344211
0.091450077567902 -0.227020930746298 0.00640244376397688 -0.371995505509521
-0.0391072942828471 -0.225839151274534 -0.0798451641489079 -0.157571611397676
-0.209415209961714 -0.120782887897444 0.0742727002055537 -4.69246224768659E-05
-0.241221543787844 0.0798914834192459 0.135023666348364 -0.0707877325571708
-0.0654096727706448 0.180169999801208 0.0974156025623928 -0.218269702189485
0.0467798806566848 0.164340385605931 -0.0254283927188505 -0.309501749393641
0.136226605616096 0.145200578909899 -0.163704742712537 -0.305761353675037
0.152505220450371 0.13178814003887 -0.190009227658056 -0.275143784782697
0.138342126671961 0.149080004925076 -0.153022640795613 -0.29664260196332
0.0400350330546602 0.183898647189553 -0.0205497428027388 -0.260487882322302
-0.0784648571787559 0.190676552614151 0.0784532789524267 -0.141889599479304
-0.248573548261132 0.0781554101046987 -0.0253143031846928 -0.0327473909898264
-0.201183806748633 -0.134301251969407 -0.132473481026871 -0.142880284541319
-0.00539078195693336 -0.205027685023896 -0.0822018801897358 -0.442899195495756
0.097687479377386 -0.182968867351908 0.284928603602743 -0.574062779898975
0.122957300159712 -0.421056607998749 -0.0115770766372064 -0.257109926405275
-0.0852512850729892 -0.386057063374481 -0.0562991582337631 -0.10223735494211
-0.352985889228454 -0.193059043703693 0.101825019219484 0.00491423710798691
-0.392182528959959 0.119832925217767 0.140737636645706 -0.065048270052618
-0.13792696598921 0.280625875863109 0.0766752894810807 -0.194622882950701
0.0389565265197094 0.277686235190811 -0.0140917355910981 -0.249310792749021
0.187600324941462 0.269854135629745 -0.121022818271388 -0.236815013843731
0.227134827452883 0.244926529168003 -0.125838524941819 -0.19956171330466
0.202460529052516 0.27447456313813 -0.0984745048600497 -0.213481474869515
0.0369512070875463 0.32604321262119 0.0150386660513498 -0.173510293912915
-0.153673987272138 0.316437774954685 0.0728230161302051 -0.0623021741623509
-0.432962213544659 0.141909824451995 -0.0521661497990846 0.0212677960327527
-0.393816261660638 -0.210678012871049 -0.157057306339008 -0.117977636256995
-0.089173913402048 -0.40744166493005 -0.114896615319869 -0.407263441043842
0.124060771395451 -0.433471898234187 0.16329496216671 -0.516886345270002
0.0922174534374334 -0.580427985449448 -0.0751466453530881 -0.0973409509009244
-0.176608795871634 -0.508255024698527 -0.033211682243905 -0.000726903380946737
-0.474806261747241 -0.253595269292945 0.141962085996012 0.0201352944087884
-0.518361860533031 0.147113771504606 0.144824300524167 -0.0574048914112976
-0.205797955550301 0.352923515789894 0.0494274821738195 -0.15271527227533
0.0134779514600509 0.36127172390678 0.00115995348717465 -0.155873260471876
0.197787194503547 0.367305267845524 -0.0555816529619538 -0.13544085374994
0.241101981723846 0.338249550291658 -0.0358776917894919 -0.0974659881131389
0.205026665590772 0.370202858823639 -0.0191307539225763 -0.0978080113709387
-0.00565422027205138 0.412506904269967 0.0538223941050099 -0.0494084867975975
-0.23166519158659 0.376081120346845 0.0528212977995451 0.0450832723006275
-0.561626040453661 0.151109641637813 -0.0875199922054129 0.0808541301846484
-0.508742353743851 -0.284938547379304 -0.166876723756584 -0.0840733185448802
-0.115590948178579 -0.548043637819179 -0.110038525393617 -0.325938902063816
0.170533870195149 -0.597152917702995 0.0927478031957393 -0.358397302730541
0.0738322745955321 -0.657242962644931 -0.141394929100716 0.0920524602802523
-0.247090826151089 -0.56971768970854 0.00272751627568012 0.131747405616553
-0.556836787412557 -0.260208994937139 0.181792028854896 0.0377083918661959
-0.573292021426899 0.19003844656697 0.133551919541793 -0.0509803274174491
-0.225254312584867 0.394293785988818 0.00405994236735131 -0.0911218173413015
0.00623381720991711 0.395838565465152 0.000265101957749044 -0.0339906007930403
0.193864523876348 0.404921268890979 0.00144423659317719 -0.00352754797562824
0.239806859822845 0.365189582014787 0.0433851482211682 0.0284350750503757
0.192371473363798 0.392875423780916 0.0468074413282544 0.0380661851391599
-0.0260555560307983 0.427536604127761 0.0735514927808353 0.0858523841887928
-0.253939670815903 0.376329988191789 0.0184072582284333 0.150527908710034
-0.582292557319202 0.149227837645359 -0.119219272159362 0.138363008017979
-0.532742805434525 -0.294028366497284 -0.172251716205023 -0.033380402188233
-0.134426213279891 -0.585230265523386 -0.109145589537043 -0.205346456690823
0.168835208437029 -0.661410522095046 -0.00195320007771845 -0.167162422395814
0.0259888454856109 -0.64204409880207 -0.20174367330153 0.289513278803928
-0.282000747562885 -0.538484958683883 0.0406019287534092 0.272794135270645
-0.546626978998701 -0.21960519901025 0.203235383686987 0.0608620709901439
-0.530536296573742 0.203898073738076 0.104869766278799 -0.0316861785770583
-0.202243587625303 0.370380433019674 -0.041108547354765 -0.00890158317799497
0.00162020200292462 0.366910115531403 0.00246210124781409 0.0985285636116308
0.165167569222004 0.378763041357676 0.0589549169012907 0.13179854476234
0.201213968581416 0.336270185429359 0.115780233602055 0.149027462427474
0.149497175161176 0.352505813748462 0.105060453302203 0.165349790435828
-0.0470282083756303 0.36740573735647 0.0798259008199502 0.204902945824961
-0.235012889155044 0.301527174144874 -0.021414182024706 0.232755018147454
-0.489166774181469 0.106684292903443 -0.14307246242114 0.168413286643308
-0.442996495950135 -0.254603711346073 -0.163487554618182 0.00689647854653946
-0.114248690262154 -0.508890681685703 -0.0869624099827149 -0.0804172512185697
0.138407644759825 -0.613842389288792 -0.0770715449421694 0.0313165727191481
-0.0214981303393829 -0.524200256413038 -0.251137450744201 0.457752954228598
-0.258029912364099 -0.412861357744014 0.0648878209214792 0.394067051350058
-0.42730913834008 -0.147750172369388 0.197408347363352 0.0893100287858453
-0.385776463794714 0.166345959246251 0.0659451054907941 -0.00370424606071065
-0.146659954647822 0.270350495150087 -0.0764895068696398 0.0722967000686414
-0.00624845011305201 0.272459943513964 0.00331464372821243 0.216274812731658
0.10676450872744 0.292998329729922 0.108302337101555 0.248101447144653
0.131177004939796 0.255878770136467 0.169347120704497 0.248363130516971
0.0840566003863704 0.262804483673954 0.145709765689429 0.263869725674399
-0.0607241842289698 0.254037766402571 0.0707654750564469 0.286559242183866
-0.180042066301785 0.177888497716813 -0.0625210388853039 0.272082507555242
-0.317925876654182 0.0442900490614711 -0.153027215608665 0.163139548242115
-0.280417745460138 -0.178361467860029 -0.141879193292478 0.0257457119574455
-0.0743605837621831 -0.352647032050959 -0.0511402999608509 0.0214803386763137
0.0873498887906862 -0.471524759115958 -0.121797308012025 0.201422603277514
-0.0642290456884626 -0.319000314155155 -0.283685023771558 0.566145730216414
-0.18796132929042 -0.216571554076764 0.070256261086477 0.476415418308773
-0.231710065997617 -0.0497001625328992 0.175034930092024 0.116342692309114
-0.175175355883537 0.0984613100978463 0.0322769464468899 0.0189653854721419
-0.0662951293596256 0.121763537900401 -0.0968381903565144 0.128556883142872
-0.0160717093649082 0.129984368663316 -0.00113739205328837 0.295630628846395
0.0295154686398829 0.157135498219132 0.139024211398971 0.328625027872485
0.0407042640368883 0.136719326195973 0.198343873858019 0.310484182774762
0.00801060840035937 0.136741328938738 0.162601093718247 0.32170818895268
-0.0627341374700794 0.11322741541603 0.049147406991138 0.321703713973043
-0.102637473427991 0.0472202186664528 -0.0962675412972858 0.268403033002668
-0.123956306703568 -0.00885382690408994 -0.148980135645968 0.131496299639933
-0.103499537848384 -0.0784356996907249 -0.1146687716999 0.0272243560488628
-0.0398157551119386 -0.160353821599947 -0.0117281362091371 0.0895225503402869
0.018468325906758 -0.270438997466352 -0.129204089008681 0.32255364252428
0.0793779679510178 -0.00252600203664571 0.00657726981981396 -0.416254125834574
0.0250567158253879 -0.0530187183462531 -0.0842508797068055 -0.171642651320743
-0.0576524904258582 -0.0296864360829892 0.0636851431354829 -0.00835204299492281
-0.0689622364014428 0.0448558163714774 0.123598434521627 -0.0913579694207344
0.0153811255885988 0.0639613282041565 0.089842097070922 -0.232263313992908
0.0476498762707878 0.0304154259492161 -0.0511263810788873 -0.323635980512032
0.0596186628309433 0.00296627595999235 -0.190907224549614 -0.31392052770223
0.051644640101134 -0.00179022359580197 -0.228558617919578 -0.290639196579735
0.0486952949041994 -0.00157306244491823 -0.187671048796669 -0.314536881278711
0.0324112105996806 0.0139181604394535 -0.0563798967672255 -0.288563386695688
0.00278797878160697 0.0358315627705929 0.0635202078658842 -0.181505841912654
-0.0363968755041732 -0.000571271968921121 -0.0124493920986677 -0.0613603101025398
0.0142482746347964 -0.0462857656816088 -0.12039274879252 -0.132635000219069
0.075428011054274 0.0198105852799096 -0.0712298847886968 -0.414393113352686
0.0552621269894472 0.085386026873213 0.277542214740921 -0.590893616563622
0.0885595380369343 -0.220873461955492 0.0031087772890093 -0.361456537958223
-0.0385951466079574 -0.218987869692196 -0.0773198677046176 -0.152428318920704
-0.204897097552303 -0.114759493646427 0.0740344840222194 -0.00369140137677754
-0.234147905114957 0.0832610403856114 0.128671318752256 -0.0716871255759894
-0.0632953934725263 0.176476299909089 0.0898423021154724 -0.212162200154347
0.0483672510987187 0.159520933350271 -0.0311860244681139 -0.298311160523799
0.134645524218604 0.138533556653486 -0.160854123464218 -0.291002142431307
0.151094017691684 0.124296811589713 -0.186347633335026 -0.263579831969359
0.136972124206747 0.142075558030951 -0.152197840141774 -0.28386506975977
0.0409328481179709 0.178954742495842 -0.020984767241448 -0.250959153592166
-0.0743964105556777 0.186602993520306 0.0757887956335088 -0.137360131827698
-0.241906689678251 0.0796905159847732 -0.0251364476821702 -0.0286141797534875
-0.197829129333762 -0.129638791341556 -0.132831615381122 -0.137228335121493
-0.00673362577188069 -0.199496730786954 -0.0852651415727583 -0.430502490442268
0.0926066951625971 -0.177956005744169 0.272655573547172 -0.561939483671482
0.1155779139489 -0.407745478135119 -0.012642704206857 -0.251831867128246
-0.0850225039770116 -0.374160899410295 -0.0543759722046035 -0.10058668544112
-0.346056725511624 -0.181700077774296 0.0997784233274935 -0.000120869072874699
-0.381001881020208 0.126005217931272 0.134502838217942 -0.0659700728534533
-0.132508115086354 0.275883066369489 0.0713518936066368 -0.187564473139371
0.0418235793045316 0.270328645069945 -0.0180816968108559 -0.241572112053275
0.186695293728942 0.258159426110765 -0.116302538265435 -0.224544226111945
0.226621601321471 0.231646471212589 -0.123638991920372 -0.192037488587779
0.201837968722374 0.263438606862526 -0.0964045020371583 -0.203321926902653
0.0407367821321801 0.316095969066486 0.0142412278457396 -0.166837991747727
-0.146084720760015 0.310908921092003 0.0734745066894493 -0.0595557297737423
-0.419772120405042 0.146409967112994 -0.0495602036128634 0.023906288784393
-0.385922582841801 -0.201123605236334 -0.1574758751274 -0.113481411454063
-0.091939777941761 -0.393965307971482 -0.117463689092633 -0.39467617422784
0.114686805979557 -0.421276796982086 0.154574135125285 -0.505508636149243
0.0841301285186392 -0.562817667595381 -0.0722938813878201 -0.0963667787838601
-0.176461103724753 -0.490371569718493 -0.0317550946032139 -0.00442860238127725
-0.464003559379721 -0.2398886122095 0.139498283630728 0.0135681252822121
-0.502104642961142 0.154381440289252 0.139808796005686 -0.0595104151437992
-0.198223978614885 0.347003054519552 0.0461211095890425 -0.145972028373348
0.0183135068319119 0.35282267551755 -0.00216415104077081 -0.15233619320363
0.198394784003432 0.352129447230366 -0.0508809440622378 -0.127535310353439
0.244105013493207 0.3220627651002 -0.0342508770513088 -0.0937793526692461
0.205990251179801 0.356459410413643 -0.017570432589126 -0.0923476144704835
0.000232478020206588 0.402060748549084 0.0540284681862658 -0.0466229654043399
-0.221261054745694 0.371877871616938 0.0558531717443153 0.0443169148828074
-0.545299738850301 0.157925709653199 -0.0819920574608462 0.0835368483937873
-0.498734284940507 -0.269935799620476 -0.165454455568462 -0.0799031691631009
-0.117433990735461 -0.532183686312601 -0.114050396655094 -0.317368221544301
0.156792541580763 -0.57952721342072 0.0855988484591394 -0.349060398396908
0.063074001586485 -0.638219310688773 -0.134852523983147 0.0891352972431632
-0.245446925491052 -0.548697256482122 0.00476319120890294 0.122991464626011
-0.546702093380356 -0.244264184251054 0.179726161302311 0.029529119838528
-0.556108968234407 0.197563135869846 0.129690028890382 -0.0535392366431949
-0.216467611988538 0.387806565417328 0.00260116513160444 -0.0852727670403527
0.0122434904285091 0.385326957904873 -0.000524758647065871 -0.0351607116689782
0.19737274412457 0.386081131271873 0.00696768135892747 -0.000225098598017341
0.242137378378546 0.348146238437092 0.0441967810334282 0.0269105857100165
0.194666454417824 0.378060891848468 0.0485149494978684 0.0381031161407638
-0.0198875218203818 0.41634946566024 0.0742881114917452 0.083745523404593
-0.244283854241529 0.370744607699681 0.0244790209012787 0.148450856731221
-0.561622925261821 0.157288782544743 -0.11191976197438 0.139903239138537
-0.520634846369892 -0.278529635401494 -0.170644728851036 -0.0303325684306617
-0.136532955189646 -0.566242055255616 -0.11159769705138 -0.200176556217176
0.154074863699893 -0.642888288368859 -0.00412480750814841 -0.160712710921249
0.0169756905639306 -0.624196578088318 -0.192708393998597 0.282112444882855
-0.281721570017017 -0.517953142920077 0.0431375770990448 0.259745783742567
-0.536040074827398 -0.205770952575022 0.201122760899101 0.0523955573612917
-0.511983486212203 0.211140001878454 0.10223554002511 -0.0357563519170471
-0.193065480161739 0.36339527643295 -0.0401249427881569 -0.0051296487426351
0.00737193425261027 0.357005519695339 0.00295554506493562 0.0932441106429301
0.167976433782009 0.362659236882722 0.0635451106792859 0.129039360003503
0.204334836690272 0.31951969727199 0.115113080582378 0.143915717947401
0.151508645624964 0.339857308069097 0.105935227612436 0.159810362465602
-0.0402003116037856 0.357905342708371 0.0819584638819616 0.19857482214895
-0.225213563729819 0.29827927330668 -0.0131902373456369 0.227990188556289
-0.471617221717614 0.114511506630024 -0.134250359609129 0.169474975645375
-0.435030184671473 -0.241178189473948 -0.160444850613742 0.010226993258549
-0.116112707145208 -0.492581593304353 -0.088509541410995 -0.0794234369661777
0.125608615236526 -0.594374154907362 -0.0753658879887306 0.0332465596759579
-0.0288913251067726 -0.508458514226068 -0.239077358504977 0.447384218507609
-0.258104087607431 -0.398095800172312 0.0687012944512536 0.378511021766373
-0.419083180428678 -0.138075926180461 0.196108466471038 0.080328788976262
-0.372750722850673 0.1695044147038 0.0653878116938892 -0.00721040729180976
-0.140459036798843 0.2656226121306 -0.073068880950377 0.0726905867286572
-0.0023029191807305 0.264546415101022 0.00571383639027361 0.207564229429551
0.110594496041418 0.28010467789555 0.112435868808972 0.241269257054607
0.133693152740128 0.244089354705412 0.168903094947442 0.239537323056374
0.0867539360056821 0.253089414124013 0.145881854202865 0.253489582595583
-0.054611926168763 0.248002558350561 0.0738845750777476 0.276600195522602
-0.173253295934543 0.177723489335597 -0.05243531189268 0.2664778893949
-0.306574911444519 0.0497771235877251 -0.144058173241346 0.163839257905445
-0.27396339048655 -0.168336374384871 -0.138212958402776 0.028411275735485
-0.0772937399845105 -0.339727891495153 -0.0523198959313942 0.0197910131429638
0.0775562296561135 -0.456819681132557 -0.117398436239122 0.198534328546844
-0.067709095892663 -0.308846364568402 -0.271131890307006 0.552948692304413
-0.187073293504941 -0.208128158106799 0.0753721838446349 0.459224366736761
-0.227375259504128 -0.046532545947589 0.173887644608587 0.107307600191127
-0.168636113714016 0.100170267742477 0.0335169897215662 0.0150612155999966
-0.0633989761496979 0.119206540464334 -0.0930906966745309 0.127155372626175
-0.0138484170584365 0.125795446222575 0.00325283721449051 0.285278563820817
0.0322964664404214 0.150609434387595 0.141578929249457 0.316851087852587
0.0428397873064255 0.131115489954664 0.197518349111395 0.299223854859194
0.0101645363591049 0.132791117201949 0.16224579834179 0.308299722781899
-0.0581273587421587 0.110594176031173 0.0528058813495544 0.310838892995758
-0.0997365083489558 0.0483173094199417 -0.0859091714655048 0.262913083192827
-0.117925156142518 -0.00558007675827591 -0.141138164129672 0.132199382788442
-0.100747067488251 -0.0733290499880676 -0.111087675647711 0.0304820890612026
-0.0411671997794678 -0.153919560385348 -0.0129764442125815 0.0849470136283082
0.0119566547059591 -0.261525795759548 -0.124665532490389 0.316016084356677
0.0764959081119536 -0.0181170773507832 -0.069230330191379 -0.419739224448083
0.013076698207084 -0.0568652638396833 -0.111359138945463 -0.15729979938549
-0.0591983551088067 -0.0184307967392001 0.061814975081244 -0.0286051366205547
-0.0561719532398933 0.0554722826533802 0.0980178422425484 -0.118542887206337
0.0235241537406031 0.0558185022017159 0.0404033518460073 -0.243286466486137
0.0476940626026665 0.0211509957708044 -0.111518333250304 -0.305413276278624
0.0549416279018376 -0.00922488440760909 -0.242355387674284 -0.267334419046256
0.0475864196273517 -0.0111364957786489 -0.277004868977239 -0.241491892235984
0.0442931802322983 -0.012634421075961 -0.245853991320791 -0.275999812014633
0.0336253508167958 0.00494630435715007 -0.112172094078249 -0.276914376552287
0.00993190565307607 0.0312074409879442 0.0274977070029684 -0.19301345201985
-0.0355304532487485 0.00503201232600363 -0.024940061263354 -0.0569098543357608
0.00463860288177544 -0.0503384857401512 -0.147061642829759 -0.10635604726034
0.082719806029541 -0.00187959986419415 -0.161856544689722 -0.398027656544337
0.0778046830008889 0.0672907285987761 0.163119414102377 -0.646091979671749
0.0468137231732209 -0.224204163741765 -0.0521511756422375 -0.37375236067153
-0.0768442712929913 -0.201823362419732 -0.0961987108588898 -0.148319075035247
-0.214374905086778 -0.0694301852534203 0.0702179998495711 -0.0403011092057469
-0.203001071977046 0.126378038023003 0.0986655272910203 -0.111473295384199
-0.029581929937237 0.179139461348794 0.0352384268308886 -0.220461771670711
0.0722449370391624 0.144427090893098 -0.0923163213575239 -0.279610117334295
0.154011606056917 0.103040269569929 -0.214971769408269 -0.242841264915674
0.165205068600821 0.091385796474461 -0.231277175307039 -0.222526911695969
0.154906012018765 0.108633761150636 -0.204915700625622 -0.254016695296864
0.0715754775433987 0.162321652831268 -0.0713819927839521 -0.249657494421308
-0.0366343498302863 0.187471890685394 0.0473836971937198 -0.153752416556959
-0.216798636967529 0.119986983281992 -0.0301574819899956 -0.0268820694670287
-0.211222878342896 -0.0901286589545664 -0.155986308696717 -0.117627724689015
-0.0396065515850354 -0.198150161498541 -0.169212536433557 -0.405334625753389
0.0642847936355385 -0.194896592447551 0.173116203808076 -0.602958588697758
0.0383835952062225 -0.404628626975393 -0.0367301452521869 -0.267440390787802
-0.150312177543962 -0.338434836060769 -0.060263538851546 -0.108084714031707
-0.360150791271499 -0.105271019925891 0.0939702447569778 -0.0545700365817348
-0.332069199108132 0.197255716289415 0.0981734322364965 -0.117173642200816
-0.0766710933841162 0.287619218425809 0.0138714798293844 -0.191402393956628
0.0875986545961291 0.252218252712145 -0.0754074821153942 -0.22313215519103
0.22754462714535 0.204652683817038 -0.165590455903522 -0.17840160355889
0.257687678681773 0.180893043663322 -0.155572038143707 -0.164385662555339
0.240181115664474 0.212734700135527 -0.134423578177839 -0.186981868372993
0.0966927794357365 0.295690501697247 -0.0222257081962969 -0.175070450252456
-0.0840143859758037 0.31853339681251 0.0594439391660969 -0.0766122316774762
-0.37426717745491 0.217465409418299 -0.0424205792515415 0.025647863569582
-0.403378421338319 -0.122606569242267 -0.170773122710885 -0.0959511248837061
-0.160751906846602 -0.370672641539588 -0.18643974138452 -0.357408863241913
0.0366489881613959 -0.436688909833072 0.0697800706953839 -0.511074878195247
-0.0198268035292073 -0.542635111094152 -0.0627150281301039 -0.106483144378057
-0.259892939294571 -0.429737871088873 -0.0175404134452811 -0.023776166911093
-0.484391126773467 -0.136089029433729 0.134382458438737 -0.0601281647370232
-0.440333205937086 0.249626252060458 0.0991887274966672 -0.120635167557823
-0.125892894198979 0.369347146374638 -0.00956646875744182 -0.144607750957634
0.080131099360923 0.334215502433423 -0.0471803516866893 -0.136663417546905
0.259172527578217 0.289907584646003 -0.0902208088729791 -0.091252141410804
0.291560079763036 0.262954032673912 -0.0502367548199663 -0.0836519349616227
0.260594091063356 0.303130767793219 -0.0345944762568083 -0.092678919990381
0.0751503323159462 0.387216008166274 0.0404017276011647 -0.0649903114378804
-0.144983269282689 0.390293993962599 0.0627329271131818 0.0300360317592561
-0.491614411062961 0.25365661067303 -0.0609471301854894 0.0891476083457561
-0.523522369953624 -0.167398804067546 -0.168151270413562 -0.0648810245332358
-0.214283449439778 -0.496367752898297 -0.16113138805017 -0.275514554501342
0.0465022206031573 -0.595740483144184 0.0331166126177286 -0.334063634949458
-0.052636642742792 -0.610116561731282 -0.0882285519495793 0.0888199808151694
-0.33749905174608 -0.473193373811353 0.0425198869266341 0.0926692806109863
-0.562503203607039 -0.123471820956413 0.174265911169063 -0.0574820531820702
-0.481447331738514 0.303474820775201 0.0857852383061724 -0.116346955027592
-0.134460977777887 0.412643212826126 -0.0433998771519488 -0.0752147306544358
0.0823612226498051 0.368085660110178 -0.0257592336016621 -0.0210923725993348
0.264674089272998 0.324966074492889 -0.013413634021367 0.0223977993300347
0.295837500008571 0.288037415833993 0.0486536643523786 0.0196020537105975
0.255429401060506 0.325235262768377 0.0556043918942994 0.0236275489940527
0.0566422101589014 0.404989816191003 0.0868210491198349 0.061125619747144
-0.167347923857875 0.39541551329824 0.0533987777814017 0.139446427170761
-0.510500848315125 0.256238468244104 -0.0787723758920921 0.150399735830649
-0.548941888772253 -0.170195966249907 -0.161500633352585 -0.0134414380198763
-0.239233967591502 -0.524165446973155 -0.132958406455972 -0.15771402448035
0.0285723423343955 -0.654808762124762 -0.0201110972747756 -0.123804381297789
-0.0961262859380553 -0.587495728027353 -0.112726090456962 0.294693507405167
-0.365287863710425 -0.439625597922897 0.104535012368863 0.223771236595083
-0.547068642826063 -0.0903502718600144 0.198351653457913 -0.0362453935097067
-0.438022572752892 0.305022807300748 0.0629861760186703 -0.0901236621877272
-0.115612875272718 0.387795142863625 -0.0683120501128581 0.0109651815337836
0.0740872822659095 0.341795983580206 0.00262051200652534 0.103177994467605
0.23420623319213 0.306028609276765 0.0662134520901104 0.137046759080524
0.254363080146921 0.26926267506913 0.139622331900664 0.120847209195185
0.207208823093822 0.297896449707918 0.136089973371063 0.134240192681461
0.0269142633232321 0.353874991546511 0.117719708725717 0.175372968957694
-0.162814153326502 0.323945186700049 0.0326453743259148 0.227438700176962
-0.431301670412911 0.197990711030857 -0.0945901622669641 0.187410301350568
-0.456669693285845 -0.149610075837508 -0.145121507264509 0.0280269894934471
-0.208096160717231 -0.454727152276142 -0.0883947089653446 -0.0432319337559105
0.00635112742274277 -0.602256713831608 -0.0570417246650815 0.0818584233083342
-0.118133082463658 -0.470005064674303 -0.136475505548468 0.47477192731134
-0.319673841750035 -0.328581729881131 0.147759312650994 0.343758845221093
-0.423230565837295 -0.0482288606207734 0.200718111489995 0.00437256066399348
-0.315096438234963 0.238720609004354 0.0393307049045633 -0.0455027654328244
-0.0832224896559405 0.283081886427769 -0.07909841261101 0.0929328930918849
0.0489722252670997 0.254613076865689 0.0302794619662997 0.212257511375616
0.163483889077676 0.240677647020885 0.13748402775645 0.231836195107234
0.173544240363951 0.209468941373612 0.209838290806219 0.204172607619792
0.130718146123062 0.226804800600874 0.192901620315221 0.220083346813837
-0.00749412639087103 0.250388422557522 0.126993775405556 0.256900595926027
-0.135133253441482 0.201189533159002 0.00315943847922797 0.273956190950194
-0.284283099698289 0.104996830421176 -0.105664367971454 0.187620720143956
-0.29087983250867 -0.109060629965102 -0.122990197726334 0.0488799670465965
-0.140936673333136 -0.312582120243959 -0.0382000857478715 0.0429428127421901
-0.0167283606007819 -0.45553346830726 -0.0703171143247665 0.248219717955721
-0.120602216502014 -0.275860515907356 -0.15932965126789 0.595503790526465
-0.215521439036739 -0.161085857756467 0.16455507214937 0.434733841273146
-0.224391501578311 0.000109053172167478 0.187453121888238 0.0533474861700775
-0.136904748652508 0.130665628807793 0.0229055512750629 -0.00431985239238275
-0.0369404767175684 0.127555467192842 -0.0776985936807176 0.1467817886765
0.012861020062027 0.122969490754529 0.0488684778231819 0.283940485605993
0.0641376029342911 0.13513031653793 0.185554630142592 0.291763233181737
0.0666095331289087 0.117541932704431 0.248647153150949 0.257034733158563
0.0363656541559454 0.126626877708734 0.219732320692021 0.271906448671955
-0.0359903559752813 0.118934587130782 0.114044483933317 0.296930073403509
-0.0881167928402866 0.0664466793394301 -0.0292104318766651 0.277967878805961
-0.113982902320853 0.0165333188314653 -0.10920540521098 0.160259483244164
-0.108801736318522 -0.0497338624391061 -0.100277213944195 0.051894371086197
-0.0720387043308692 -0.137999209304027 0.00780582272568395 0.0930906270725238
-0.0433192118808864 -0.251748249394623 -0.0584666297445448 0.354405653818893
0.0789229713351373 -0.0209176812612133 -0.074654078517282 -0.425391556345726
0.0136782390331079 -0.0603911489932556 -0.112094037952154 -0.159051167439925
-0.0604448843821219 -0.0192028945037388 0.0619659933217968 -0.0338271808956405
-0.0569772148373337 0.0584367380857087 0.0939127585374732 -0.122310224073321
0.0246142386282004 0.0571511957497184 0.0342851442587088 -0.246499738767661
0.0500319083504794 0.0216301072264415 -0.118862683661307 -0.305074449039802
0.0564871553024903 -0.00954348582988833 -0.24874105713503 -0.26551880215777
0.0479240642962368 -0.0116318972950316 -0.284616083999925 -0.241075368996298
0.0446573925225082 -0.0127160260581743 -0.25186912509665 -0.275822200505397
0.0333622446821752 0.00473079504404962 -0.115308710191424 -0.278790620268402
0.010226431593484 0.0311859400724373 0.0264770797249756 -0.195207943564102
-0.03779403308335 0.00480217836725343 -0.0258395807374285 -0.0540361497489275
0.00338953184041131 -0.0525757120207736 -0.152843670687851 -0.104001818992557
0.0856010466283079 -0.00403084984707007 -0.169518784912178 -0.401768072750687
0.0807477129696771 0.0682177678976811 0.159518069169066 -0.662835506291721
0.0464191093097559 -0.22820989916755 -0.0566060165124072 -0.380024102031441
-0.0784738327838447 -0.204716887454266 -0.0976024854089775 -0.150919240803249
-0.217403829051911 -0.0679140963066317 0.0697609586164492 -0.0460140773335921
-0.204025714748022 0.133304556218859 0.0956192031096036 -0.116074477720089
-0.0278590652913926 0.184120752269531 0.0309978723325131 -0.223321444859975
0.0765434735039401 0.146742519765111 -0.0996482371891977 -0.280165612317673
0.158580890612357 0.101586633763294 -0.218968068088759 -0.242304207946487
0.169923615835093 0.0886239500975899 -0.237142987002311 -0.222976190371731
0.159637278463406 0.107453719238282 -0.209842096596367 -0.253588584894988
0.0751919564557665 0.164413784450862 -0.0736670984872404 -0.251838738856749
-0.0345566345511889 0.191648057428661 0.0473094970706874 -0.156012072688073
-0.219041164150504 0.126517978318828 -0.0305421243915737 -0.0243600554416335
-0.216378101755249 -0.0897254780502649 -0.163865428286634 -0.116282134850984
-0.0408882493083196 -0.201100546851223 -0.177984483639453 -0.410296519792618
0.0628120785189055 -0.19617358634361 0.169234562669926 -0.61871731794432
0.0351302986207838 -0.410838836716858 -0.0395000752811401 -0.272774823033755
-0.154412567641387 -0.341251135289331 -0.0615367458314251 -0.111461122515618
-0.366683872451113 -0.101122835974305 0.0937420283664754 -0.0623809738038539
-0.333461136924547 0.208778884819597 0.0951982644842812 -0.121751482449904
-0.0737254074589153 0.296445702005966 0.0105364412113928 -0.193073228069239
0.0932984952753222 0.255500818883623 -0.081374971168909 -0.223579845631355
0.234545597640461 0.202449581417104 -0.166591103086439 -0.177900900019151
0.265644816020513 0.1755022339102 -0.158302298910239 -0.164764441854658
0.248108126058868 0.210932872010399 -0.135718039632862 -0.186815867603675
0.103721506214013 0.300390303965847 -0.0213837987556201 -0.177685838185079
-0.0811597262024101 0.326292400228924 0.0622978949584788 -0.0790144167013081
-0.376403521609536 0.227422464081909 -0.0417906244002376 0.029250515858012
-0.413212262556015 -0.119367597002694 -0.178088729485953 -0.0930988698222858
-0.166419149163117 -0.374874998345314 -0.196048823825706 -0.362538909519508
0.0330199450130031 -0.439764072112147 0.066041334452542 -0.522905331733875
-0.0234689316881275 -0.550591349185124 -0.0635025139606304 -0.110379394930024
-0.2657711927445 -0.433103828720177 -0.0186622927447072 -0.0274601254103786
-0.492874418101902 -0.128854880902865 0.134790941022547 -0.0694038522887094
-0.442118346312629 0.264128831553265 0.09723260708766 -0.126689504689219
-0.122251014641414 0.380535828182162 -0.011768544977181 -0.146235186955223
0.087599582018033 0.339533540132695 -0.0526308676563457 -0.137551930233874
0.267046707269774 0.288776013948041 -0.0871649210735081 -0.0910651742631507
0.301733873400148 0.258369875495082 -0.0496787219090751 -0.0849714170851423
0.271353083727315 0.30063053049524 -0.0334168542358986 -0.0924155228857415
0.0823307024665437 0.394483460866656 0.044165324411292 -0.0660492931727265
-0.1406731945445 0.400782339241767 0.06806340694823 0.0296233136531115
-0.495792403393401 0.267474405564266 -0.0593799957927117 0.0930664095282896
-0.535981084881426 -0.163127030490936 -0.175024089265386 -0.0619974534118804
-0.223128858952548 -0.501846616810075 -0.170431467071983 -0.279858667242436
0.0382900274109184 -0.603319009431136 0.0304715619426709 -0.338588600526292
-0.0613445723314781 -0.616968531952444 -0.0872299123357389 0.0886091204230706
-0.346506026184627 -0.47489033682941 0.0432186227475836 0.0902621017554505
-0.575532549594902 -0.115462470110208 0.176347016388737 -0.0678192140442144
-0.482479176550492 0.319569610479064 0.0841197738343349 -0.123846395721328
-0.130568117560879 0.424928299100919 -0.0447902202370022 -0.0757361100020698
0.0897407531479059 0.372327139813378 -0.0291810993136597 -0.021205083821962
0.27369569920061 0.322032460140794 -0.00768765254632261 0.0234953959611605
0.306499256732908 0.283164470588503 0.0524935974089376 0.0191900060426305
0.265988889201235 0.325568126954598 0.0600278217372937 0.023372836818309
0.0654682436035192 0.411846159826697 0.0927468486768044 0.0608806396329553
-0.16435767140637 0.406567150426496 0.0609313264442761 0.141280326889141
-0.510880217551097 0.269734650722773 -0.0753196708590904 0.155627380541736
-0.560938613475386 -0.16421499330297 -0.166158845980728 -0.0101920570766751
-0.248601203523936 -0.528991917211701 -0.14127569108411 -0.160221116397276
0.0214518383140611 -0.661856576359283 -0.0223962949575076 -0.124058742678924
-0.105227810809068 -0.593283138802538 -0.110069016696994 0.298002423018683
-0.37638387271541 -0.438188063190032 0.107927316647894 0.222281512969475
-0.558254700673351 -0.0808050447617116 0.201665468841872 -0.0464196631037061
-0.44009362088345 0.321250193180622 0.0626572563927814 -0.0969213264323898
-0.112663626842354 0.398001823453879 -0.0685372168236345 0.0118747608173216
0.0804033677233377 0.345527676106878 0.00238663286334866 0.104199552981463
0.242769148413385 0.303703021486295 0.0744342591301765 0.137648295076692
0.26447362479871 0.264974254010973 0.146196309369894 0.120632080349338
0.217821980901883 0.297911172046411 0.142011423611853 0.133632323297217
0.0328999473556585 0.359989721199361 0.125630543291396 0.176926280794926
-0.16090815952818 0.333964739426097 0.0423283108163874 0.230406334633487
-0.431514623854244 0.210127848343834 -0.0903726120160839 0.193139067730193
-0.466946131042574 -0.144719834022408 -0.148010416385814 0.0329672090039544
-0.216321724097272 -0.457394469170383 -0.094528948811607 -0.0438200995095282
-0.00251835782823486 -0.606513835783111 -0.0565938416623104 0.0865595214848715
-0.126401541357987 -0.475214284658276 -0.133513786025597 0.48229546874391
-0.329744491927632 -0.326573023945021 0.15409872268851 0.343895817932955
-0.433268978696494 -0.0411781690665879 0.204959372571982 -0.00375561461076405
-0.314576953770205 0.251195494791632 0.039494460312717 -0.0522185958583836
-0.0806465527316938 0.290396905226266 -0.0784815850345312 0.0952779994496056
0.0523837202933742 0.257988563823434 0.0327486015141311 0.213610116218548
0.17003468533444 0.23934970940033 0.146665278986154 0.231609895084674
0.181163844274367 0.206449809883371 0.218230671227152 0.204457803786264
0.137109586859758 0.227204993709772 0.200015877602546 0.220139017035351
-0.00316239156412103 0.254241474702254 0.135104859084686 0.25835114871889
-0.134546968802021 0.208069547245147 0.0122302507797914 0.277813694169871
-0.28416624864487 0.112111436338493 -0.101093558246067 0.193892801403088
-0.296835471695625 -0.105216239134293 -0.124598131080397 0.0541352439503519
-0.146771650597217 -0.313043152532016 -0.0425560450522118 0.043313461657297
-0.0246249644592049 -0.459172868329052 -0.0692021401436393 0.256108488497356
-0.126882231355011 -0.277132010059976 -0.155396338593307 0.607022518008327
-0.222530585067875 -0.159213073592602 0.171955775746211 0.437511529204766
-0.230301637734839 0.00494444964067386 0.193227578844901 0.0480867893834187
-0.135494918239016 0.136228315428549 0.023153445477402 -0.0090204000651939
-0.036155233571015 0.131139551615723 -0.0770350231892494 0.149399102167444
0.0135764405283762 0.124096029010265 0.0527932001455095 0.286470272694778
0.0668073127865788 0.134229305976838 0.194945429707459 0.292646848612798
0.0703478580081229 0.116374521605034 0.257319077227538 0.257594129320071
0.0398454885064027 0.126907857938656 0.226616844071499 0.272001554594564
-0.0343412982818783 0.121689743690548 0.121533661626148 0.298884286120526
-0.0880725662824396 0.0694422329212472 -0.0208525224284347 0.281608374556218
-0.11208108918767 0.0188504979027824 -0.105240942003031 0.165182353866938
-0.110349787009621 -0.0477849549843838 -0.100412043021538 0.0578890963443005
-0.0751823172242458 -0.136787933282905 0.00573235575727415 0.0934781378983424
-0.0492208178684369 -0.252903482380931 -0.0557280451359938 0.364613741370965
0.0809455950124402 -0.026179900367662 -0.093206842201473 -0.429594995596358
0.0119226885241964 -0.0647268906156193 -0.117828520708837 -0.15914262485989
-0.0624844379897285 -0.0191006720393617 0.0607186274053939 -0.0407246516069043
-0.0563223647827921 0.0626377763330038 0.0867522709689445 -0.129185309058154
0.0267013351438116 0.0582279840652715 0.0207717016232138 -0.251386305422262
0.0528653696307408 0.0196545063008745 -0.136501691306164 -0.301895063671981
0.0588980956278636 -0.0119806207199879 -0.264588868933763 -0.257311298713293
0.0490091670964793 -0.0136477488117717 -0.300575182156478 -0.232865895728906
0.044396587174437 -0.01496110489617 -0.268011155245332 -0.26790646609756
0.0330798150506715 0.00354533966011679 -0.127569879322232 -0.278630794001623
0.0114540389148128 0.0308251007205701 0.0192594579742584 -0.199120221148437
-0.0402316508760495 0.00647480509828402 -0.0281946607708864 -0.050123361718363
0.000430030885593726 -0.0554587327810235 -0.162943864475847 -0.0962862071179427
0.088161845842444 -0.00917636780809873 -0.190835823208807 -0.401218034956939
0.0860006311843026 0.0673618531464999 0.135005858524251 -0.686368547222946
0.0392557210256675 -0.234650973027309 -0.072689131045721 -0.384910179365988
-0.0866277655473513 -0.205818508622879 -0.104259649660974 -0.151388498741272
-0.223707894171683 -0.0600342950528656 0.0669839276250083 -0.0542247859448387
-0.202305818817802 0.146466948353926 0.0889583487164333 -0.123226824116001
-0.0200647883147168 0.191300623115895 0.0188968309489509 -0.227566064696364
0.0857175969436014 0.147000173708769 -0.115459543775954 -0.278065309701948
0.165955773883357 0.0962368069276418 -0.230392341813037 -0.235102576648504
0.177388870742571 0.0808086847659337 -0.249776112197287 -0.216602561287391
0.167615938289426 0.100913351971777 -0.221782146499407 -0.248069790706649
0.0833352313450091 0.164437437210261 -0.0831372873629775 -0.252466341339933
-0.0267252048143316 0.197794042259956 0.0435729042706904 -0.161057050202061
-0.217739011679083 0.139096120528349 -0.0327509655350179 -0.0205240534284643
-0.226112357142518 -0.0835249640794492 -0.175120993125185 -0.108606719299681
-0.0486236701199157 -0.204210760213966 -0.201853147695534 -0.409824865086342
0.0556226133844901 -0.199758673318647 0.14817541484342 -0.640577439265025
0.0196705421376318 -0.417751466618413 -0.0494791310404443 -0.278620652643514
-0.169215235091193 -0.340093944707798 -0.0675371153085032 -0.113815782167931
-0.376539498383456 -0.085279373759952 0.0901766932137798 -0.0730456702381768
-0.327972330842516 0.228781932952113 0.0878305230362949 -0.130450457838462
-0.0616205237024516 0.308226531168231 0.000239075088022788 -0.196327262431804
0.107916634776926 0.256740151753961 -0.0949826216561905 -0.221310361381977
0.247730614825996 0.19410975462499 -0.173543724803236 -0.173601167477517
0.278609824580458 0.163518532208737 -0.166839736963423 -0.16117658515951
0.263522914693553 0.20162104404039 -0.1440345005171 -0.184420065751646
0.119398615953644 0.301745946398795 -0.0264420889198669 -0.179988285023656
-0.0674688882622641 0.338033289322982 0.0633876720511589 -0.0828888533711328
-0.372641869364836 0.251544517233724 -0.0411200721366761 0.0329052820930663
-0.426276583733605 -0.103354427422317 -0.190024987440161 -0.085207404251839
-0.183065266616923 -0.374942746258472 -0.218795198002433 -0.362916114695344
0.0132577244361569 -0.446552539362463 0.0451081746720614 -0.536842351710773
-0.0474045581956559 -0.557300353350117 -0.0676673882631036 -0.113187246048622
-0.287100880561296 -0.42794704360812 -0.0205424184570866 -0.0302693601821714
-0.508018654064565 -0.106782574987908 0.132816254258827 -0.0835811322174288
-0.436608458832314 0.293766103186804 0.0899182496116733 -0.137644328083381
-0.105734905864422 0.396220888612633 -0.0200674778380779 -0.148054877908755
0.105599579318437 0.3433272738244 -0.0625084618526936 -0.135964626058416
0.285499461590061 0.279067501207747 -0.0885061580629699 -0.0895492381056681
0.320764222802483 0.24489345046844 -0.0518901675663194 -0.0852884775015518
0.291820715316733 0.292069488331308 -0.0352430871863899 -0.0929712418787493
0.10338729315241 0.39888909808257 0.0454985100225405 -0.0693927884577345
-0.125438241736243 0.41715101516294 0.075247543521522 0.0265261043082077
-0.49023981450453 0.29874260158545 -0.0554867457905664 0.0989970341168062
-0.555455714301245 -0.14141204699909 -0.184292162789492 -0.0535598940929531
-0.246508795342667 -0.501934139486395 -0.189822302761765 -0.27931390240969
0.0122451963059018 -0.611904717070942 0.0172885985854361 -0.34654606563813
-0.0886822235546528 -0.623665680776771 -0.0837779679370452 0.089584908440301
-0.372697876173245 -0.465811717798388 0.0478619893446978 0.0863206810058926
-0.590731481097607 -0.0888992291857049 0.174620760169158 -0.0842639998487524
-0.475096008908998 0.352087873754001 0.0777214446368198 -0.134721889465298
-0.112783198111222 0.442351679897896 -0.0500784853131927 -0.0760628576004763
0.107829222619765 0.376877407614655 -0.0333562136794183 -0.0201943559609663
0.293790968947276 0.312590921581557 -0.001199062154312 0.0227474033181778
0.327184888593536 0.270456261299389 0.0572129769821306 0.0158844674113016
0.286950522514233 0.316586354889639 0.0659515324291371 0.0216553617260821
0.0866753359448499 0.418266695107359 0.100802581422975 0.057295114432112
-0.149015823360747 0.42503042927265 0.0743823272005003 0.139677707402355
-0.507522762722935 0.302459587330871 -0.0672239793644264 0.164043300351858
-0.579631214560152 -0.142942979961721 -0.172581868852782 0.000156442618675137
-0.275549923911464 -0.527024366478569 -0.155646205336048 -0.157406883442468
-0.0102719598904164 -0.670513309168828 -0.0267010993080897 -0.123251928892523
-0.132149301811061 -0.596914740854323 -0.0986244070187084 0.304403352016736
-0.40212051257201 -0.427457923648292 0.118814286656593 0.218555604162764
-0.575444313590496 -0.0536279434241074 0.203365359988791 -0.0630959282386391
-0.430243724312956 0.350572463234092 0.0573381209430903 -0.107395652004338
-0.0950910034640259 0.413759784696683 -0.0699469028605131 0.0139934489349476
0.0968362239835679 0.349608163735975 0.00412315516010209 0.105678329599613
0.260290684640419 0.296781599300038 0.0872521429408215 0.135464488352315
0.282885070058976 0.252595263374884 0.156973496592208 0.115437391141554
0.236242977184709 0.291071488616916 0.153686065833106 0.130446138457543
0.0512707655779678 0.366284241923432 0.139338890714092 0.174227780992665
-0.14887168942494 0.350482306114812 0.0588872636843546 0.231981267138302
-0.427934894699624 0.236317183517719 -0.080027071105934 0.202457367013776
-0.48187787594363 -0.125438537002826 -0.150665121679565 0.0436147096063826
-0.239436224529625 -0.454875503118075 -0.103933796365323 -0.0405557558272064
-0.0301016533691098 -0.614759572236465 -0.054032166171772 0.093766699916572
-0.150807242584979 -0.474672908596803 -0.115840359868573 0.494274632377891
-0.349560456783354 -0.316036446134216 0.171621328334331 0.34257113555225
-0.446084611636827 -0.0192846811285979 0.209800323148165 -0.0192560720062477
-0.307122967066596 0.274012045376707 0.0370051343003298 -0.0607801167965281
-0.0680188897672143 0.301785912713153 -0.0764860976267942 0.0991898630825144
0.0650626203509234 0.260915960233254 0.041343347048053 0.214928533392002
0.183930670578638 0.23356150231981 0.163363190421736 0.228134456488073
0.194642137090567 0.198100842825905 0.233608662776422 0.198076185596256
0.151447294073488 0.223138198049765 0.214938135825158 0.214590638651868
0.00912030839099088 0.260204749916446 0.15179813991505 0.257099114719074
-0.127371641796885 0.219699011477884 0.0302909234492662 0.281030136656625
-0.281087972457277 0.127866020165668 -0.0908160052349185 0.203946652213351
-0.305849203458528 -0.0921631100139783 -0.124523095393337 0.0633767539455159
-0.16212345323562 -0.31017915397393 -0.0461472508046794 0.0461218566664687
-0.0473726836393016 -0.461110606121862 -0.0587929934148217 0.267678362738508
-0.141022965055631 -0.275124903230612 -0.135890109902255 0.623534996276199
-0.23478339727868 -0.150710951048439 0.193825600872839 0.437622834601289
-0.237008395411696 0.0173761651125086 0.20061491643613 0.0358361489129942
-0.129857566034075 0.147062885557288 0.0226909390632193 -0.0152929450755328
-0.0304737645204831 0.135437221101618 -0.0729935821267152 0.155122312920339
0.0186246554786128 0.125945679973999 0.065589380185967 0.287939881179946
0.0740718344050784 0.131681328701961 0.213134478886524 0.288328457216931
0.0771585723738537 0.113135436142096 0.275077456587757 0.251398053541763
0.0465355925839465 0.126373154015743 0.242825370372103 0.266213457768557
-0.029120862243048 0.125385399565909 0.138423227972359 0.298550731706281
-0.0864472818778406 0.0748488775564893 -0.00389626200331487 0.286560709789971
-0.110606170577333 0.0239132275536568 -0.0958601214173127 0.175100307976825
-0.113436452528041 -0.0416626798270246 -0.0983876938023529 0.0664380230958522
-0.0825438270580543 -0.133285812667411 0.00562723728270846 0.0952282760497447
-0.0626175787600928 -0.253809208380623 -0.0410178399342992 0.377355322822118
0.0788138166261176 -0.0330379457151294 -0.119576326782336 -0.418162167872283
0.0075525287041844 -0.0672728689520484 -0.125214067102369 -0.151494610029361
-0.063646173065734 -0.0164382063970227 0.0554915756306197 -0.04747144472393
-0.0530281249965813 0.0670215094824289 0.0735968595112248 -0.134028297616461
0.029793917570815 0.0577280148209007 -4.83316509597673E-05 -0.248858113342816
0.0551359587079964 0.015767179080581 -0.156863820835445 -0.286938875395558
0.0591744708182382 -0.0158592395376123 -0.279224343971054 -0.234657355563479
0.0474999681701233 -0.0159528300075411 -0.312254261303404 -0.210425230879087
0.0431591325253086 -0.0180885771084556 -0.282903728414863 -0.246458774286287
0.0317602287153371 0.00178927960353307 -0.142830227026786 -0.267921486792576
0.013250674896547 0.0301758704309358 0.00676990304132014 -0.198147108092032
-0.0404019453912223 0.00923300706509463 -0.0304667915563975 -0.0442799931582038
-0.00437678019728884 -0.0571763850746316 -0.170181367117544 -0.0813633176676506
0.0876183389863604 -0.0164795859655922 -0.216425664401171 -0.38527103638202
0.0915098078497421 0.0622899634379971 0.0892240071890767 -0.691435740169234
0.0244793892774536 -0.235383186597622 -0.0954522825516148 -0.37768345426453
-0.0972586538243974 -0.199459111813906 -0.11252497159384 -0.145568811357537
-0.225421283505874 -0.0446491916722408 0.0605578254743145 -0.0623815818176061
-0.190604292878337 0.160222249007536 0.0755828884847568 -0.128239006164781
-0.00714824522462747 0.193471836793007 0.000692196632503359 -0.225486112530176
0.0958837148702499 0.139521738239364 -0.134152407047878 -0.263592213307283
0.171953550381727 0.0836578783087152 -0.24291470419288 -0.216674811594997
0.181685028671179 0.066869883233636 -0.260507183572418 -0.199635950182152
0.173553806874009 0.0876606202891152 -0.235257394993595 -0.230945804694506
0.0940985165442652 0.158136390675019 -0.0962989426614242 -0.245913894747558
-0.0130928389764736 0.198490981356483 0.0338855892627952 -0.161878132395105
-0.206667762233308 0.154100583855416 -0.0335838623683577 -0.0152464567727204
-0.231234296246927 -0.068051871421144 -0.184067608120093 -0.0938419252821301
-0.06038080304966 -0.200223967719908 -0.228558098919302 -0.394376519161969
0.0438908097937821 -0.198630146346006 0.104867512829507 -0.648407901544697
-0.00675651003602038 -0.414688776080055 -0.0664905781304628 -0.276098384986096
-0.185580771482413 -0.325075690118471 -0.0738980479553525 -0.111386117943767
-0.376790835358461 -0.0589498559383103 0.0811064353502943 -0.0833978908058468
-0.308970576451955 0.25157489827033 0.0743056757806489 -0.13660692622537
-0.0397528913660295 0.311624287039136 -0.0150091034584996 -0.193347784685246
0.125156146966842 0.248092262768408 -0.110727044619714 -0.209817470126561
0.258523982891627 0.174723369766822 -0.18064182735164 -0.161098363569639
0.287606507073155 0.140378146352377 -0.175004204353745 -0.150612004561799
0.275289624658392 0.18084645295265 -0.152549748557473 -0.172310886264385
0.139631090448648 0.29157237187438 -0.0346138522410912 -0.177569972572426
-0.0438362821310245 0.341521777674106 0.0598697227919852 -0.0877762064618559
-0.351093000380299 0.276193813522894 -0.0386700803229801 0.0388166911901125
-0.432235275171127 -0.0739308905933079 -0.197368800068537 -0.0687808214981328
-0.205001623586019 -0.359558421298399 -0.242469086074451 -0.346221161951549
-0.0149341900725544 -0.438607777425486 0.010652945469551 -0.537736095364865
-0.0827534490680611 -0.546466455753087 -0.0743445050795637 -0.112651796173367
-0.308129175574847 -0.404081825855563 -0.0234582530411235 -0.0326056085053555
-0.50941628713299 -0.0694167100872159 0.122419169128285 -0.0979059548763256
-0.410225948139023 0.322698453789421 0.0758650165489181 -0.144782183165553
-0.0779823576814785 0.403965846614734 -0.0315650299185096 -0.144928160796427
0.128072813963089 0.333789605931106 -0.0735001490521862 -0.128509688041846
0.299946582791044 0.256304565391115 -0.089136351192967 -0.0837234000373942
0.335255827029727 0.215471901130236 -0.0552723505831061 -0.0832719336624471
0.310935948607802 0.267219671657569 -0.0381910477589781 -0.0899990717162773
0.130222618335211 0.388938541118985 0.0447540875711476 -0.0726724479997038
-0.0956847056148479 0.426110938386837 0.08040625064565 0.0199700208492969
-0.464809995259972 0.331154639358795 -0.0480265326451589 0.104470406553503
-0.561005107808954 -0.103080360032352 -0.189647063047517 -0.0379594965372612
-0.275916131754697 -0.480998354607534 -0.211017500857765 -0.265257384451934
-0.0277500921906133 -0.603027825921346 -0.0043071265557907 -0.344441856385129
-0.127289045439708 -0.610339743482029 -0.077846951848189 0.0896282132858977
-0.396539727762106 -0.436378819851854 0.0508068182899736 0.0782743926238054
-0.590695127145053 -0.0445193720123849 0.164771902982658 -0.102644982367656
-0.443775730492281 0.382751500831665 0.0641226978049466 -0.142419931387082
-0.0790812507807763 0.449356623797434 -0.0559947779832435 -0.0721611953630047
0.133179627463332 0.36756701628271 -0.0366439115132238 -0.0161627007826481
0.3115969481746 0.287525846923871 0.00470017386627867 0.0210944026214153
0.342485506888745 0.240517472200809 0.0603077155034467 0.0099647354322283
0.307648284137087 0.291142715881976 0.0693378759301116 0.0164392434472433
0.116388195450377 0.410110140503462 0.107887919692969 0.04925135278151
-0.11896525573587 0.434994642612317 0.0878996848224245 0.132411351231391
-0.479678796004337 0.336033561632718 -0.0546988082801878 0.168639129173774
-0.584834523865453 -0.0998419082720981 -0.172480028253049 0.0139921535692461
-0.305307399535552 -0.504671273855946 -0.1696801987809 -0.145882228815387
-0.0537896815845905 -0.660022057711624 -0.0337104734503168 -0.119028887590502
-0.168684609884182 -0.581933859092079 -0.0790594242439401 0.305042294837124
-0.423880233644398 -0.395034342059181 0.130929639269739 0.20521769650956
-0.573522744055375 -0.0103706917863825 0.194957071177347 -0.0840058310522372
-0.399979658262622 0.382092061267232 0.0465605416987098 -0.115081428289037
-0.0652941729475004 0.419235367944802 -0.0696795314577338 0.0175626144653582
0.119864802193905 0.341288253529856 0.00882026109727591 0.104821218661561
0.276777912119313 0.273976903769712 0.0998139196305797 0.126386408944337
0.29732630598172 0.227140042097053 0.166176630758433 0.101975198716896
0.254879779648484 0.270500610158961 0.16406970753471 0.117645797830009
0.0772020048820762 0.36081689320678 0.153016775490208 0.161916339611973
-0.12356615280637 0.359299261104809 0.0796672533724356 0.224457647370259
-0.405599513023802 0.263356501353343 -0.0632499990271038 0.207475387308924
-0.486238533428163 -0.089708495921872 -0.146746541738099 0.0554787800723407
-0.264230986871497 -0.43471426917343 -0.110871239753185 -0.0335612238395219
-0.0703793392722731 -0.601829975241058 -0.0455485440209473 0.0995500923846222
-0.178772952917373 -0.458999058087666 -0.0852209925298386 0.495113694523117
-0.365805393647266 -0.28788437952178 0.191467212913233 0.325950197685221
-0.444581523722399 0.0141183470234786 0.206330297725833 -0.0393045250725973
-0.282719135165102 0.294560065183184 0.0299762433021568 -0.0683160520027212
-0.0449932394418681 0.304965243103866 -0.0698625837305927 0.102498067854172
0.0813669228453557 0.255690915467764 0.0528493574683404 0.210564372781767
0.197528691550433 0.217408712707823 0.180285704937876 0.21334247018818
0.206784326993692 0.179236457259657 0.246680587546468 0.179816015396248
0.166051800034967 0.209755063641032 0.22896653270058 0.197553093822893
0.0274042441495551 0.257478031178767 0.170294947060376 0.243452621382606
-0.110531995199747 0.22771727368202 0.0543385893371799 0.274760554086992
-0.266389969547808 0.14616264987426 -0.0731274071856813 0.208917311399762
-0.308580419383269 -0.0683981565097934 -0.117969564867588 0.0748960868507274
-0.179515961670977 -0.294189359442856 -0.0473660506057062 0.0492915623851691
-0.0779373402890245 -0.451399306070867 -0.039015221524885 0.273129784264227
-0.156608506138005 -0.262021804028357 -0.0966627983252338 0.626202395727296
-0.242836812685512 -0.132488484438369 0.221006167290785 0.419474032276694
-0.234687731657145 0.0352559018592822 0.202146134042569 0.0164101454584304
-0.116553470276644 0.156288749789462 0.0202653318420035 -0.0220724346747369
-0.0201409526588977 0.136404736577512 -0.0631234174115129 0.158095464399206
0.0258833370952228 0.124422584853885 0.0831665131530442 0.281081948178382
0.0813969852022049 0.124316460464525 0.232758835206454 0.270563089649199
0.0840070918157257 0.104136582964799 0.290997902893312 0.230597006700878
0.0549722224328515 0.120991454306727 0.258092223687612 0.246508317660191
-0.0200327244487469 0.125472245542824 0.159510307426142 0.285374833740754
-0.0801874138471161 0.0806648026793201 0.0205504579057752 0.282351010834166
-0.105383685344194 0.0304832899646841 -0.0784903900098011 0.180705032134972
-0.113944213932943 -0.0314668424535921 -0.0911857881649492 0.0751217134128157
-0.0893737497387033 -0.124076856604864 0.00703259784597521 0.0954300204686923
-0.0806701078502147 -0.24383504987034 -0.0146127140109625 0.380848589015042
0.0727654755063008 -0.0370666455409088 -0.13554700884743 -0.391727065035095
0.00311418659433249 -0.0666968344234214 -0.125677478410496 -0.138861347286743
-0.0624662398007884 -0.014070259732187 0.0491312946217447 -0.0514747840446251
-0.0478640677642 0.0681042378537188 0.05888519397006 -0.131894918615786
0.0314354163088236 0.0554259018395582 -0.0170271630947197 -0.235045167882171
0.0543779628932512 0.0122404113237213 -0.165342031784583 -0.261167248748215
0.056474509058658 -0.0197090471654243 -0.278552632676218 -0.205886519067232
0.045628948914467 -0.0179492157629948 -0.310634693838113 -0.184122974560498
0.0393955170833154 -0.0193133332775973 -0.282651530002741 -0.219102340159272
0.0295882292380015 0.000491549031496787 -0.148882962467701 -0.247984162932269
0.0141948051308398 0.0282138732931885 -0.00317670855073256 -0.188084104551818
-0.0397754049054448 0.0119264280572669 -0.0299768300904894 -0.0368047523050967
-0.00871072756427431 -0.0555858160806422 -0.168407286097987 -0.0632325946987541
0.0838735067151987 -0.0218100541405136 -0.228323861831385 -0.354911666128186
0.0924983944656078 0.0550602565087607 0.045094423867333 -0.66769651323733
0.011552678179158 -0.225710829788043 -0.111605572659063 -0.356402500275674
-0.101911115976853 -0.18710357908253 -0.113857649228804 -0.134295227771811
-0.216884157595205 -0.0309568246445184 0.050873568650552 -0.0661164114740026
-0.172111770954028 0.165587639158224 0.0611809781338884 -0.12676973505378
0.00451158202821049 0.186764283917353 -0.0151285548209255 -0.212528482414039
0.100540727749003 0.127998629023728 -0.143895915466249 -0.239938769449234
0.169460403961773 0.0689692739277536 -0.241975725145283 -0.191146199089122
0.17724889662473 0.0524566797033008 -0.25912863093936 -0.176381579718955
0.170350881120316 0.0727204022779504 -0.235108437614489 -0.206561614323546
0.0985000090281948 0.146548368642003 -0.102372723116904 -0.229839301507878
-0.000963746201873903 0.191023543454445 0.0251070115094396 -0.156247431119062
-0.187785368581194 0.159645953215551 -0.032892844252087 -0.0086997657547249
-0.225134409531842 -0.0526191850975843 -0.183249000503491 -0.0753569153183128
-0.0668515193327302 -0.188059856038825 -0.242227554029011 -0.364734710156791
0.0333504084675757 -0.189624255575326 0.0641856722598398 -0.627210810497509
-0.0298109212078822 -0.39337314712654 -0.0784133761426222 -0.263532514294385
-0.191259602981005 -0.301865722167859 -0.076944401601365 -0.104664790875974
-0.36240765884822 -0.0353317178370699 0.0683956198541898 -0.0883176457014226
-0.278731784864898 0.259086751266603 0.0589267485458689 -0.135251117190624
-0.0191629496076445 0.30173731880902 -0.0275759717041397 -0.180979769513619
0.134992399760026 0.230398774267954 -0.118286343112038 -0.190380752703047
0.256666316804454 0.151040974501539 -0.17808418268735 -0.144004461211724
0.281976819243107 0.114599315680123 -0.173607549506626 -0.135770324480648
0.272480431459241 0.154462473947275 -0.152247798898074 -0.156053349030735
0.15047696063509 0.271320275296124 -0.0394353330349423 -0.168843672545209
-0.0211368348229029 0.330190363282583 0.0540229559143178 -0.0872865175785457
-0.318831039824835 0.286133230689823 -0.0347158310218729 0.0421657212181803
-0.417942459474597 -0.0456577209552411 -0.19460419492541 -0.0518226363733809
-0.213289434158055 -0.332864411009163 -0.255619960323598 -0.316587203750929
-0.035542746434117 -0.41308370265314 -0.0182037721876016 -0.513627206494845
-0.107175321250218 -0.514985970620599 -0.0781230537005173 -0.107780186766325
-0.312404120647192 -0.367771625733575 -0.0250987342592548 -0.0328935344822789
-0.487043937347965 -0.0351342293961856 0.106120005409822 -0.106105664407283
-0.371046859029176 0.333963153869979 0.0590825791257012 -0.143965855540071
-0.0499627058234778 0.390761753212753 -0.0409106568463281 -0.134807433098158
0.14281789814229 0.311052675693268 -0.0786599342237939 -0.115131813853636
0.30016733805709 0.227291617239062 -0.086455497225208 -0.0769094765950538
0.331795598442552 0.183778710672588 -0.0557742969745028 -0.078119566856842
0.31230213673505 0.234265591081209 -0.0391904975063447 -0.0842328460514793
0.149051323769309 0.365236679450304 0.0419222251424733 -0.073911721690489
-0.0655084270436195 0.414181935385497 0.0813847694283972 0.0127446938638554
-0.421400722344302 0.344622538816693 -0.0396830130858924 0.105081319878375
-0.543236130952075 -0.0642808657223539 -0.184687681162151 -0.0224461323788441
-0.287374727869184 -0.443623055321997 -0.221189073349625 -0.241638871483613
-0.0586748816083583 -0.567564103035076 -0.0219718598022029 -0.328215566620178
-0.154837120062768 -0.572278792195178 -0.0704915841367128 0.0851787305861991
-0.397078326932184 -0.394276077702813 0.0512606425462006 0.0688736226910494
-0.563322766591428 -0.00545970671585767 0.146433587798306 -0.113595562817952
-0.398301701487118 0.394751309357384 0.04827159569937 -0.142719674541617
-0.0487414104495384 0.435062653709742 -0.0595820087137244 -0.0648376728361992
0.15018714756675 0.344139546126743 -0.0381555661283784 -0.0111577080229719
0.312986039738085 0.255412692802984 0.00928982805764301 0.0172378358794099
0.339433043361008 0.205040708990409 0.05944143240497 0.00365289307630302
0.311677801821258 0.258257162752493 0.0695748238512734 0.0108142237788976
0.135880369753565 0.386100555536438 0.109966152050388 0.0391253200569336
-0.0869961288363447 0.424284184827984 0.0959112074669817 0.118947137515038
-0.435226065112182 0.34895436210383 -0.0420554064499023 0.166116967669949
-0.563883649674716 -0.0606086281651528 -0.16494239539819 0.0257691753606859
-0.316813930106221 -0.46358857266759 -0.175222967873887 -0.129001348287005
-0.0876222717572796 -0.618805496620495 -0.0363668032901516 -0.110203018228647
-0.191305959738547 -0.542997893006432 -0.0606897863142887 0.29033571554521
-0.422275470966604 -0.352162795875345 0.134690571853909 0.18542709029618
-0.545430393649273 0.0264277723559522 0.177724750200921 -0.0979113160208341
-0.356255435654921 0.388062365010828 0.0333225022262564 -0.116389258373906
-0.0355410903801587 0.404725336609056 -0.067114648058074 0.0208421941034585
0.134836391646424 0.319914482611863 0.012691707134707 0.100394261846494
0.279202169122616 0.244113136307112 0.105562506534929 0.111813087008361
0.296486039600387 0.195455600211663 0.166002570288298 0.08551068424081
0.260029390837685 0.240133116076788 0.164405381484286 0.101736520166785
0.0952606611938809 0.339782070274615 0.158935880899317 0.143754243441789
-0.0959949663048452 0.352407048692437 0.0935071991678609 0.206541111828588
-0.366440507739647 0.276322066104923 -0.0469187671814753 0.202479460859084
-0.468441461388152 -0.0548527371704866 -0.136493872638771 0.0638893421958259
-0.273354063089195 -0.398344764405953 -0.112455112517715 -0.0238212087912793
-0.102152045910385 -0.563871168656562 -0.0353568764196416 0.0998535800272372
-0.194748283297285 -0.426114091956969 -0.0562527872836807 0.474544994431691
-0.36451299019795 -0.254314025799511 0.19934409443255 0.297361908998358
-0.42377695524025 0.0425886160501193 0.192217453387204 -0.0559657454576122
-0.25015482794422 0.299229924314407 0.0214543573785493 -0.0709108770791576
-0.0233882037356962 0.294188819197496 -0.0624470707108287 0.101530290247419
0.0926678622632585 0.239682255234489 0.0608464300953005 0.198225878181379
0.198902563740316 0.194735738184909 0.187002729312657 0.191114210760378
0.206525757920044 0.155841838767798 0.247598207589823 0.156017529010521
0.170936548917013 0.188070744685163 0.230827252932764 0.174648304886201
0.0419775428320941 0.243905454918182 0.179472439036243 0.220489492450878
-0.0920270304805393 0.224977204645896 0.0727227888872881 0.255619416279221
-0.242411034410186 0.154366996469142 -0.0545858096229955 0.20399634660269
-0.296532302678904 -0.0446340657623404 -0.107161703104434 0.0800374369979096
-0.185210117025778 -0.268626102257314 -0.0470218513686856 0.051419196397127
-0.100083119540904 -0.419698442613723 -0.0194985847753481 0.265280710694337
-0.162947991783414 -0.240081461966718 -0.0598240770409421 0.602605234475942
-0.238081181971736 -0.111103131194125 0.233427138874823 0.386361306325166
-0.222841034767394 0.050732526180461 0.193649628155412 -0.000455489507732315
-0.099679791871343 0.155942067986417 0.0153593119372231 -0.0272672000130598
-0.0106181496964291 0.130602282825045 -0.0521962876460052 0.153050549295047
0.0311819208031135 0.117663101400172 0.094065225679198 0.263446684039896
0.0841198851952522 0.112656315531977 0.237939385953188 0.242854785556936
0.0856658522027112 0.0924234376841197 0.291442989515121 0.202540172788906
0.0598355384937056 0.111094208295154 0.260769563937029 0.219041962633383
-0.0115255414303556 0.120270828758529 0.170015794933163 0.261120821248507
-0.0712804705161466 0.0817735780261466 0.0401931210351814 0.265233759942972
-0.0958892899459946 0.0342846659676515 -0.0611662102248072 0.176889152999184
-0.107936377868263 -0.0212577990411812 -0.0805832062501894 0.0793941148548737
-0.0914953750809219 -0.110897386349992 0.00849947089857272 0.092810346835492
-0.0917476869172844 -0.224483661393721 0.01002182485337 0.365521252032933
0.0553937019945175 -0.0470123795035831 -0.184022290268352 -0.342149628543454
-0.00970304754683739 -0.0613759624644558 -0.1376766629796 -0.114236239780326
-0.0613477599281336 -0.00739539412570089 0.0318653423196983 -0.0606399038257755
-0.0365786097360497 0.0680806986780182 0.0256504345039736 -0.130636117118112
0.0318971518604874 0.0473733216774925 -0.0538744221605258 -0.209707090153685
0.0490125739331282 0.00679658046009232 -0.191987714018508 -0.217582593392816
0.0477167401877514 -0.0237892757259946 -0.288871490138114 -0.154076622482814
0.039317609236432 -0.0202527194377794 -0.316690342415644 -0.128039562066737
0.0320123248206628 -0.0210212729423731 -0.298532380670889 -0.16261143861046
0.0252141078173886 -0.0030840013917364 -0.178426296866265 -0.209536123973441
0.0148652948178685 0.0230473784564834 -0.0317804725484082 -0.174949390926981
-0.037372819900143 0.0168725086002647 -0.0301690541618363 -0.0265371838158253
-0.0174206693698524 -0.0520730559872713 -0.166376881765011 -0.0280733408945257
0.0737996930765074 -0.038297419034786 -0.269738178887666 -0.288110348564822
0.0924952199820896 0.0310707658398362 -0.0518283022182365 -0.624067295859612
-0.0210872902890822 -0.211196830843459 -0.15953139275173 -0.322802638679511
-0.119063931501846 -0.157632956888422 -0.13066011871236 -0.117300836574285
-0.202419550973528 -0.00255873172367559 0.0199294005713386 -0.0783673703706181
-0.134287653716899 0.17397552341676 0.0170361260215656 -0.124299787265468
0.0244674203683055 0.170917239114964 -0.0509352150487243 -0.180941145850662
0.107029256828437 0.108248105572381 -0.166553778911565 -0.195430122751216
0.16293818953347 0.0414299013508265 -0.249396681917048 -0.140744620372359
0.16868723782433 0.027853057413262 -0.267605297200026 -0.1275182548043
0.165698572007112 0.0468675957964444 -0.255473003767212 -0.158649897285769
0.109288283192654 0.123555053730883 -0.135686576411491 -0.199840875237681
0.0197858098711617 0.176326459008153 -0.000190081486552424 -0.150955375131911
-0.155785121909962 0.174066781547872 -0.0278284631598177 -0.00345175894686115
-0.215334806541602 -0.0236505457869053 -0.185814098520365 -0.0400591108982048
-0.0864690971669132 -0.172085780530806 -0.279539979187235 -0.295578892838921
0.00968585362202525 -0.188521645648321 -0.0256430516872986 -0.589617518437126
-0.0747191177134392 -0.35947163711567 -0.116487278858089 -0.250773444170145
-0.213222578623352 -0.250198267022209 -0.0944824391390372 -0.100542079859214
-0.332200050814377 0.0126505399062627 0.0212577486562195 -0.104412085698613
-0.217052029543195 0.274105043434221 0.00289887177332937 -0.129903460732094
0.0193480475194916 0.278893454962506 -0.0597415077290395 -0.142366336590551
0.152073854262386 0.197782739699679 -0.133483538639216 -0.148037427815462
0.254016933526152 0.105308775084178 -0.179799551181441 -0.0997587096250242
0.272817951288205 0.0719955512849557 -0.181832955621541 -0.10133066583813
0.271952003878324 0.108127588635393 -0.172063481611686 -0.123963089602904
0.175057543690411 0.233043779101663 -0.0697643557122233 -0.152799670040163
0.0164950586732952 0.308119389048223 0.0383423422435707 -0.0928533117308619
-0.259912128591348 0.308079601824999 -0.0208589933527628 0.0409964075793665
-0.390659738915946 0.00495046799065636 -0.19465999931608 -0.019571280806548
-0.239569865884811 -0.286144526465744 -0.281484694900702 -0.251446386995868
-0.0810325693987793 -0.387995539537316 -0.0842230841399267 -0.473126954584175
-0.158906991239142 -0.457456998758106 -0.0953302437179818 -0.113597421589512
-0.329112952199054 -0.296737569181545 -0.040406723804528 -0.0450537631038304
-0.445155228067706 0.0287117442263 0.0442737913784876 -0.129902169796094
-0.288494863985226 0.354474446982145 -0.00643087774715135 -0.13834446869306
0.00393167907981409 0.364402880315318 -0.0672234596918204 -0.0923101339251244
0.170367902807425 0.272801384618038 -0.086181233293483 -0.0797379225938229
0.305587657901844 0.168535534659851 -0.0829998401711124 -0.0461970854078686
0.327383148267842 0.126819194190912 -0.0628285948927365 -0.0632240878074102
0.320309231177505 0.176760723638093 -0.055017014410816 -0.0738915638277502
0.186974789126986 0.320045479416449 0.0203705785028991 -0.0775688434260899
-0.0149327929045799 0.391772433514157 0.0806501380018541 -0.0047916671189083
-0.347896817360015 0.378204441286043 -0.0140557411297952 0.0976018867788682
-0.506781019133184 0.00336460432377294 -0.1817929287368 0.00356830711187008
-0.323276982258753 -0.375840747954889 -0.23593213756253 -0.185934607209981
-0.120602348057011 -0.524995808887669 -0.059491080332331 -0.301046201043803
-0.204138708491675 -0.501589195497885 -0.0596332610455423 0.0603562821493032
-0.408253420715483 -0.306366036938814 0.0443102168092807 0.0356873918004116
-0.510766678494525 0.0655753982965886 0.0754493400330505 -0.143090034320227
-0.303744083866094 0.41266664045075 -0.0210220445330899 -0.134038134571452
0.013313882895719 0.404174333646118 -0.0743784518099969 -0.0224490849164416
0.182460008667309 0.300257570127745 -0.0322615032989985 0.012698112233718
0.320981243129586 0.192208458125007 0.0207136792406453 0.0303331649570728
0.337595980088877 0.145533283300051 0.0578278200693694 -0.0025293017296573
0.322589686499794 0.196802245424066 0.0610428793229311 -0.00188883682287001
0.179070981563279 0.342095770987635 0.102094919643117 0.0171000165417724
-0.03168467682921 0.403864002922646 0.111210292745025 0.0908873267223476
-0.358369800646645 0.384352293583522 -0.00648064284727663 0.15411327282162
-0.525331063816768 0.0100938759966932 -0.155502198633182 0.0449441568386563
-0.352346015834222 -0.387950685604768 -0.174785898533152 -0.0885194684375863
-0.153701296551465 -0.565666441761858 -0.0415127133942076 -0.0950689397447883
-0.231979692610376 -0.469948496868459 -0.0198318426814807 0.250690625326446
-0.425108250604967 -0.267209528593026 0.140249893003391 0.133516560567716
-0.489520606617917 0.0934980865301877 0.107997296825786 -0.13143739859892
-0.264937694873626 0.40168157629464 -0.0278883713110844 -0.107068968382722
0.0231488385506278 0.374573486391837 -0.0669486387845327 0.0566810339419048
0.167279282060457 0.279920610916167 0.030485567826114 0.108814522479958
0.289412296324066 0.18588446345863 0.124235448331501 0.105447529264457
0.29632587010343 0.142301651313149 0.169115240707148 0.0580325119596566
0.273747339900172 0.187130290123902 0.165603470300889 0.0695530189861946
0.13611950077047 0.303835212546288 0.166384382125668 0.106463259700728
-0.048063187210224 0.339067548143224 0.123935316439129 0.172921388732734
-0.305020663074693 0.306961296633882 -0.0046707265350177 0.190000023826548
-0.435506011272515 0.00510829374702373 -0.12082369167481 0.0767325935164473
-0.304545506048634 -0.33076995661317 -0.101141320398351 -0.000799821880732944
-0.159165161305746 -0.50884870870862 -0.0109087247305342 0.0986059059936142
-0.219579552696282 -0.359268263705835 0.0141415264711359 0.425745185785674
-0.357402016397687 -0.185466497581182 0.221277706754127 0.232806694783095
-0.375835122756923 0.0934177863477718 0.137462276758732 -0.0912548903087444
-0.182219739607852 0.305472838005926 -0.0221054715369883 -0.0647998714652886
0.0197487302090075 0.272060855731587 -0.0478052219972969 0.123307443055279
0.118757007550734 0.210409734865124 0.0890520317284323 0.189108613102028
0.21021558512795 0.14993456796404 0.209703235911176 0.166091722261233
0.209851229272137 0.116322320316216 0.255013237443466 0.111235979570215
0.184442380118663 0.149446158734804 0.240717806558157 0.12705438050184
0.0737147376725238 0.2220181167021 0.199504470556213 0.174631219067936
-0.0578369164196856 0.220306286982073 0.112159019597909 0.223088870029497
-0.204790334638877 0.176473569971812 -0.0125772746578228 0.194142177796637
-0.275923696636521 -0.00504224524198704 -0.0880434059594469 0.0891766449319656
-0.20564818922638 -0.221811700313885 -0.0319462559645575 0.0585651050638094
-0.141155610034223 -0.372546470706232 0.0258411903625314 0.249516979386453
-0.167943684343567 -0.192466294154879 0.0328788017959275 0.555109087453774
-0.222977337660853 -0.0717850407937559 0.271816492993794 0.317653565755397
-0.193698919389661 0.0745008968621581 0.163209892966759 -0.0352815565073264
-0.0657075438671666 0.154832117153556 -0.00487202201386254 -0.0256246874939463
0.0113525857493513 0.121006758359644 -0.0280563952630278 0.158807937372048
0.0467497507721864 0.105032547458407 0.126740023979688 0.239076130893069
0.0937070966905059 0.0899998052861401 0.262124203884286 0.20292641167876
0.0907773400662536 0.0728811306665105 0.303079380894407 0.148073703942952
0.0716246672936145 0.0930705623884746 0.276779603008235 0.165590132700794
0.0069476166809213 0.113487758454954 0.200069616375704 0.214294166465402
-0.0547480141995761 0.0851549689323444 0.0829449850757688 0.236727853079121
-0.0830984465784258 0.0443770254672573 -0.0244854733742529 0.171751564738013
-0.0997495332363547 -0.0053377883119272 -0.0609333537425373 0.0865187534723754
-0.0982507866101292 -0.08750954649681 0.0231722636023141 0.0864552697575732
-0.110282076306925 -0.191255952323345 0.0641774798158729 0.337906947391598
0.0526431359257714 -0.0443693096120712 -0.166574875368964 -0.328679977705511
-0.00875289896025175 -0.0596630379256971 -0.125954103827811 -0.113645860292917
-0.0613594295173721 -0.00933139644588002 0.0290706903086325 -0.0604328281805317
-0.03680943528318 0.0662593016950312 0.0222809384644792 -0.122812219817173
0.030138853678104 0.0483543608892614 -0.0508747180705376 -0.196803251302187
0.0475626161452832 0.00718826932235095 -0.178596223853687 -0.207164787097204
0.0459990789835225 -0.0227527405978621 -0.270295800580263 -0.149662237613147
0.039243643830648 -0.0188493422396572 -0.300229979246785 -0.126733266380324
0.0310793605116551 -0.0187186534848174 -0.280635929389257 -0.160238046561767
0.0238084530255479 -0.00108122270403827 -0.164789836787243 -0.203018167238298
0.013240731634041 0.0221802199763964 -0.025098108360361 -0.165797638442283
-0.0367784250783566 0.0165170018040664 -0.0262281522574349 -0.0229318440240562
-0.017761727333727 -0.0508305160830058 -0.156767391940813 -0.0251979842962051
0.0715432332384605 -0.0364791963882241 -0.251943981615686 -0.27802207058073
0.089350735881847 0.0307703717349425 -0.0383302781441135 -0.59642357140419
-0.0162530041230127 -0.200501098086159 -0.144834802769493 -0.311528997347216
-0.109040631370023 -0.154074671677416 -0.120812883183025 -0.11579598778066
-0.193136121690604 -0.00693268369785055 0.0169154777461066 -0.0767612768282801
-0.13056092339463 0.164922624259053 0.0138204098782886 -0.116752697661989
0.0217689054295934 0.165084170156986 -0.0470833246839452 -0.169114516638708
0.101426803174201 0.104723066583963 -0.154071938337834 -0.185410230254085
0.154572033158887 0.0415010481535514 -0.232383221558044 -0.137788310959744
0.160501973072166 0.0278840878108695 -0.253002695865138 -0.126712272528601
0.157006482178986 0.0467676135433689 -0.23872359562674 -0.156006210834648
0.102122627696547 0.120560087864853 -0.123949206576347 -0.193819351660137
0.0159995580095241 0.168443314170756 0.00399503120980897 -0.143397267139186
-0.151308125909357 0.163573578000868 -0.0247046969321946 0.000686050197570422
-0.206085449057906 -0.0264773162703699 -0.176538152303566 -0.0373207348422736
-0.0772980871727174 -0.166844390128846 -0.264057929444201 -0.284695973291932
0.0161235471541033 -0.178259551393613 -0.015949554097017 -0.562838970047355
-0.0633539494603729 -0.340979342157378 -0.107014006326998 -0.242374586375725
-0.195940322925693 -0.243963550656455 -0.0885373331096712 -0.0985805363890832
-0.314779324593095 0.00522148522618741 0.0170665816017306 -0.10089849483389
-0.20923321130694 0.257789581451343 0.000438529689219544 -0.12204362938616
0.014382844599788 0.267615891441224 -0.0554299350759355 -0.133000495191942
0.142764317606491 0.191082546999499 -0.123792523575517 -0.13981158861322
0.240108801865711 0.103300228755338 -0.167011692214602 -0.098539896828817
0.258230940181238 0.0706388368167789 -0.17056088474411 -0.100994967510032
0.256692540449051 0.106257425448091 -0.15941998068457 -0.12161985218521
0.163027673087344 0.225670571634548 -0.0618015821449031 -0.149060828561022
0.0116366647921811 0.293642776713154 0.0402171902566719 -0.0882188886199656
-0.251552553721316 0.290045928248198 -0.0192295718323839 0.0429766651396054
-0.372761835766519 -0.00042871697975125 -0.186075574362864 -0.017889179690582
-0.220769496638623 -0.278186578438354 -0.267565692488564 -0.24221201814517
-0.0652642662806124 -0.367623062008125 -0.0702612796978391 -0.453623283465923
-0.139672171649104 -0.435425238677187 -0.091138609839285 -0.112439901110667
-0.305897232028869 -0.289812978343144 -0.0390268170471662 -0.0453640715701803
-0.422224646950113 0.0198214132726829 0.0388307263605876 -0.124971614208218
-0.278264459228888 0.334156035472004 -0.0079886366600877 -0.131536832347586
8.12912447086707E-05 0.347970176657361 -0.0635164456951525 -0.0862458486180121
0.159585961717887 0.262258321436299 -0.0804672960450429 -0.0740428729654315
0.28805779198745 0.163500133729154 -0.0753793726783411 -0.0468817403771065
0.308552827708283 0.124096645534631 -0.058240375636886 -0.0634493666271675
0.300693843448529 0.17108252537772 -0.0481500744683812 -0.0722328887808449
0.172772181909601 0.307901405395828 0.0237495397262222 -0.0758737072994381
-0.0179258050720525 0.374422072739878 0.0793864950534867 -0.00448496505084263
-0.33542654973208 0.355429856824931 -0.0132449314107046 0.0972563474250634
-0.481635508322143 -0.00407340813822769 -0.174398443639765 0.00326249195585783
-0.297247029900391 -0.364751229328789 -0.225514462376428 -0.179351057215765
-0.101049387505811 -0.497772305824395 -0.0501346604912196 -0.287476891213532
-0.183304366520859 -0.480305935120762 -0.0616909358678524 0.0535453818130874
-0.381699593324458 -0.301665573374681 0.0387872504598595 0.0334464930447583
-0.484914090542129 0.0554315283909518 0.0681721411355566 -0.137682156950212
-0.292547023816146 0.387661850110646 -0.0219199233665611 -0.128097220228923
0.00794519202426098 0.384698145803407 -0.0712112490632429 -0.0209266528323704
0.170326397321702 0.290359383343915 -0.0318537551310629 0.0142510886490318
0.301708162687478 0.186498201815239 0.0209856161752497 0.0265805050974211
0.317177541761877 0.140369007371986 0.0560656045907398 -0.00408623930603095
0.303799211363574 0.188239487829882 0.060491023922652 -0.0014090192264504
0.164811487724225 0.326518054150919 0.0996240223395986 0.0151590146749874
-0.0354690158155475 0.385412689482933 0.107727162912386 0.0857993077816028
-0.345593608576117 0.35923395787478 -0.00581963121973638 0.1500108842577
-0.49888600546608 0.00365719844980119 -0.149472710096015 0.0423366333412823
-0.325368037891462 -0.376240513352099 -0.169680290029159 -0.0848031764719172
-0.132358928311788 -0.536224175788132 -0.0352580660233252 -0.0916612980963577
-0.211199106456238 -0.448433216116824 -0.0270879317299144 0.235645782969139
-0.397414479700384 -0.262378083145418 0.127821593789307 0.128479207480169
-0.465361793269604 0.0846672656378862 0.0998768186605555 -0.12617444453968
-0.256655380843276 0.378770786935372 -0.0284221376445371 -0.10385912893071
0.0167484550859217 0.355537690971457 -0.0658133789828335 0.0532382386692583
0.156261763147187 0.269919622272711 0.0264227382031444 0.106120773159338
0.271855535879816 0.180507411862244 0.118015860171927 0.0999522310219566
0.278862118418969 0.13691399313084 0.161195859660983 0.055758534185348
0.256540118160619 0.18011731278614 0.158161219258047 0.0676006319441415
0.1253619915124 0.290413341633668 0.158801954422656 0.101728386006953
-0.0487595030670479 0.322743456756747 0.117780802497142 0.163071968739061
-0.29257736739817 0.285939274249614 -0.00491672628955163 0.182997417497021
-0.412797192171106 0.000382832580409696 -0.115606710702454 0.072606289337594
-0.281526892144935 -0.321111980110951 -0.100452759051237 0.000399970823571274
-0.139272972952718 -0.481830867938948 -0.00946482790962821 0.0940716037751607
-0.20064754840151 -0.34525693785328 0.00285263662960866 0.404569369812879
-0.334742475188709 -0.1829174311239 0.204273788786375 0.225024070432531
-0.357861937073862 0.0852600653529641 0.129067405502208 -0.087465921135217
-0.175011339672147 0.288619672158142 -0.0232971050351542 -0.0646948140741824
0.0153913066386256 0.258387498766417 -0.0492942906801543 0.11614094916582
0.110336248264806 0.202973193844224 0.080496765789629 0.182730749613352
0.197321594950462 0.14531394239353 0.197284206484655 0.158744124476617
0.19677468019355 0.111825022066626 0.241894307042795 0.108846560382522
0.173143670998617 0.143451589373753 0.22766586196946 0.124457449415785
0.0667369653356003 0.211356967727798 0.189571375338427 0.167447324483117
-0.0570902893613098 0.209258855126663 0.106008657469304 0.209430872863606
-0.194817603284485 0.162805994529559 -0.0121318338362743 0.185115505306586
-0.259789896965121 -0.00727863752148393 -0.0838728283604415 0.0849218763963732
-0.189511556754993 -0.212397976438066 -0.034309339579209 0.0577311707109039
-0.125788418905008 -0.352563342189714 0.0221900742403697 0.238042744029406
-0.155372478226006 -0.186145022339077 0.0177665761025877 0.528989827340003
-0.210329866748247 -0.0715230794654309 0.251362649837893 0.307928307446692
-0.184363482703729 0.0700450395207485 0.153645070075295 -0.0340610287163183
-0.0628699923632549 0.145754090715599 -0.00737654801687427 -0.0277631001614847
0.00895103265187833 0.113467588954256 -0.0307621682565972 0.149654714180195
0.0425791904028033 0.100996769093779 0.114979876750406 0.230556867768019
0.0876494007422002 0.0865118980230474 0.246404411789144 0.195923178429373
0.0843435877215054 0.0698206954486201 0.286911628740594 0.145146541712823
0.0670757498898797 0.0878545588642803 0.260889716534889 0.161429751786013
0.00497950447881909 0.107144906760092 0.188619473394106 0.205020853403524
-0.0529454496559263 0.0800680959349716 0.0771746618925012 0.222764101518794
-0.0782918061846746 0.03911256655245 -0.0217901395629707 0.163053776062118
-0.09245021894784 -0.00503829754788237 -0.0571795317621277 0.0830085880215876
-0.090988882929662 -0.0820723415917047 0.0185921622008749 0.085127404374724
-0.101104780307425 -0.18017828718289 0.0573964963005297 0.322222868120055
0.053907022602246 -0.0419569809154211 -0.15014598135679 -0.331447836941244
-0.00711484795761467 -0.0605683484153406 -0.118323707337721 -0.119135127680583
-0.0626980529637144 -0.0117030640490379 0.0277804173942952 -0.0623384508984097
-0.038908394999572 0.0663107668994019 0.0214858233849726 -0.118657684997558
0.029212036089777 0.0504745915486164 -0.0449264094655925 -0.191877894587644
0.0472984226442135 0.00883434494638026 -0.167868171404866 -0.208081558422171
0.0460345705893515 -0.0208338694540656 -0.259662316064679 -0.156132834762511
0.0400842830893868 -0.0175525426810586 -0.292037965676764 -0.136624408784591
0.0318747714911876 -0.0164494072322858 -0.269646746858714 -0.168017050444693
0.0234697928817977 0.0013429957827329 -0.153138691311913 -0.207384255893719
0.0114965875656859 0.0228528604806749 -0.0165037416781484 -0.164211375254624
-0.0377470908192812 0.0157658432706398 -0.0221035173982086 -0.0204849136940103
-0.0177718536284992 -0.0515230585125088 -0.152425252717453 -0.0264443658801751
0.0733044477985847 -0.0354520744518378 -0.238823953693405 -0.282239755454644
0.0888311439590614 0.0328097922382191 -0.0176100478432698 -0.589999916558472
-0.00693338499988946 -0.197393375810787 -0.131451647776929 -0.313115959803977
-0.101718284605047 -0.157625274601579 -0.113788305288376 -0.12091123832195
-0.191653388378604 -0.0134564763342871 0.0153022180985033 -0.0774880897477706
-0.13390852714265 0.160209722567452 0.0130200239507972 -0.112662438678554
0.017734109511041 0.165217094411261 -0.0418928013521177 -0.164406793719842
0.0976275085100788 0.107616065821801 -0.144292802524981 -0.185596925716362
0.150574436486188 0.0459656910310343 -0.222033515959819 -0.14411105760773
0.158304520696184 0.0316368971623769 -0.245654593728263 -0.135151301091121
0.152350979250759 0.0516603650745484 -0.227732492547545 -0.162256567708068
0.0966806707898003 0.123403290416542 -0.113148811397532 -0.197718534581551
0.00999428151326413 0.166654474798761 0.0118854427391806 -0.140295409350281
-0.154927749821114 0.157189159905685 -0.0223084497805949 0.00405059244415758
-0.203359152321482 -0.033094799407134 -0.173022789583889 -0.0389241459508713
-0.0680944644015868 -0.169093059080185 -0.251248724261787 -0.288596223219382
0.0256413343280193 -0.174527763039734 0.00522360056452271 -0.556356862462885
-0.0486904175055154 -0.336182540090416 -0.0988033864901201 -0.245665240463538
-0.182975072909837 -0.249494109642083 -0.083697612801834 -0.102433539850651
-0.31117141236579 -0.00611559219771927 0.0156809489410684 -0.10036698852703
-0.21437562062764 0.24863706083619 0.000396942942545366 -0.118768403160052
0.00691894534500912 0.266294234384949 -0.0508970783939289 -0.129791915155239
0.135757081489477 0.194479354759311 -0.11647638658076 -0.138800669071467
0.232424702085315 0.110040226861165 -0.158476181444385 -0.104620665078108
0.252013272536979 0.0765685092430999 -0.165351973060171 -0.10682516684403
0.248477813582169 0.112751693530909 -0.150115583951103 -0.126037226043172
0.153185106421006 0.228424569355584 -0.0534842244993475 -0.151381004321147
0.00176196721912565 0.290796972662475 0.0456029886532863 -0.0859057857090754
-0.257694080450028 0.277444327126202 -0.0182010814899301 0.0467212228367188
-0.367406545151682 -0.0127767025301856 -0.184542363926728 -0.0215378007770988
-0.204173758680336 -0.282347780871757 -0.257285596677747 -0.24649355151383
-0.047305485794431 -0.363244110103538 -0.0538871040238433 -0.449457072403903
-0.119637442384538 -0.43270256280364 -0.088681071410474 -0.115936268980788
-0.288351038338534 -0.297709260479245 -0.0381851759723772 -0.0476616523829791
-0.414764500374688 0.00617906386093183 0.0366926932622381 -0.12363125662241
-0.284123981587459 0.321364890119581 -0.00806799486604824 -0.129342759191845
-0.00942611370449999 0.344154619775683 -0.0599367573856243 -0.0844881772646228
0.150325308519358 0.264794037595413 -0.0761511747520478 -0.0718425008267795
0.277606210371714 0.170607911710699 -0.0705679793638409 -0.0499564027719875
0.299255704255569 0.129749163522699 -0.0547915658446125 -0.0661507931514569
0.28963540288738 0.176811553000275 -0.0426800897845562 -0.0738803329159861
0.160135142342959 0.309580748878969 0.0282795742946185 -0.0763144247963491
-0.0300006955664172 0.368843862707685 0.0819114397619344 -0.00330119832397959
-0.341832293681053 0.338846278714519 -0.0137200826031417 0.0998200496408631
-0.474761261716765 -0.0186538981045573 -0.174088505973631 -0.000275494197445944
-0.277266951740829 -0.371458468675491 -0.219970649211243 -0.181802517445354
-0.0769230992877665 -0.490853266552548 -0.0378941250021252 -0.286436811494009
-0.161607540668324 -0.477191534091502 -0.0663056768755382 0.0492444813898829
-0.361641475643414 -0.312592444644072 0.0346958869676639 0.0337326564872293
-0.47749835795218 0.0386785641631219 0.0658842928866848 -0.135620765055073
-0.299573228663259 0.37461171735667 -0.0211300597400582 -0.127357168436679
-0.00509745505601303 0.380528251510819 -0.0701892389206144 -0.0210774359777485
0.160003671475922 0.291866693941868 -0.0315704897260673 0.0167191917385135
0.290966343944992 0.193962181877286 0.0226170775790269 0.0258264769766302
0.308171487697599 0.146907512848484 0.0555405463047412 -0.00403490496752871
0.292218746217838 0.195099558495737 0.0623084952208719 -0.000562173735753556
0.151500065538812 0.328444753981863 0.100302357302805 0.0157448455827461
-0.0456095361251225 0.379026320147649 0.106029488790973 0.0856797292371618
-0.35253630204366 0.342640870930637 -0.0072794797839418 0.151207507901129
-0.490401440196055 -0.0121021187524272 -0.149368404481037 0.0390355262171491
-0.304088477579709 -0.382466975765663 -0.168184173603159 -0.0865432366870382
-0.106404927387512 -0.52926987962915 -0.0298219565041275 -0.0919447340501986
-0.191114057656153 -0.44712398642725 -0.0397582327340982 0.230380152698334
-0.381722128382727 -0.273552707016142 0.119984411451201 0.130644017552753
-0.460200202285942 0.0673190648795132 0.0980699567700802 -0.12364823211267
-0.263510793513499 0.364893967334211 -0.0283776169532289 -0.105329963109552
0.00601006290699559 0.350965105834252 -0.0678108121094575 0.0508878166167407
0.145911766368673 0.271763445226449 0.0218645587073332 0.108125342679815
0.262124655311431 0.185697276690562 0.114773791385612 0.101153324375835
0.268620309158996 0.141436355347532 0.157659545492466 0.059600625983715
0.246024612960611 0.184145594366148 0.156388415528577 0.0715815380278974
0.113762944727536 0.290738976794372 0.156295336343443 0.10257269728478
-0.057636779202649 0.316467852742833 0.114007636668784 0.161679300446683
-0.29701742981134 0.269555321501565 -0.00790555947392059 0.183174664061539
-0.404286522077881 -0.0124745321301805 -0.116730313864131 0.0695230852050013
-0.262357078561351 -0.324253050514218 -0.102415945047666 -8.49247541390767E-05
-0.116718979199493 -0.47506113902162 -0.010816469518039 0.0926140607620437
-0.184616751532748 -0.34749095724454 -0.0172555720355413 0.399331547223166
-0.322305845728696 -0.1931227043225 0.190612553817606 0.229209843927606
-0.354454673772669 0.0745362502111798 0.126759842571942 -0.0853091524281475
-0.179931776451203 0.278855364734301 -0.0242905514387701 -0.0671225602393133
0.00728005139054938 0.253972444654489 -0.0541418022781711 0.111645219939255
0.102951934276305 0.204252611558248 0.0714745695121451 0.184712193370606
0.189560950607847 0.148902694777226 0.190124047775776 0.161793087756759
0.188938069353263 0.114850062043234 0.235879433709995 0.114254422679605
0.164815865711577 0.145560447556918 0.221751898467828 0.129195078698548
0.0588797312649601 0.209645557119271 0.183133002017235 0.168571282527766
-0.0622286562073455 0.203639838156979 0.0997143995270678 0.207037887376508
-0.195002733300593 0.152432089551365 -0.0149689467764251 0.18359685394311
-0.252638135584057 -0.0141979729697593 -0.0846705431276803 0.0821941865340083
-0.176511856359002 -0.214181895610553 -0.0390230705284073 0.0588080379981819
-0.10893612544324 -0.348480899332221 0.01538559379608 0.235428299220349
-0.146801493852692 -0.189891883798232 -0.00545062665525592 0.524610709417062
-0.204474831377229 -0.07875024781325 0.237522847703863 0.311933115925862
-0.182980297897907 0.0649615328903463 0.151550351744904 -0.0316699651086782
-0.0646947352738255 0.140854288086601 -0.00954000500840758 -0.0312176982176856
0.00421141635337992 0.110497342616776 -0.0379965401818172 0.145477605281536
0.0385886363651007 0.101568442233787 0.104523673539686 0.232229259702396
0.0832827649569235 0.0876034147541438 0.235882187390942 0.201145399889628
0.0799516944828892 0.0708579995446302 0.279039165809242 0.152061339661937
0.0621708868770033 0.0877219276060189 0.252221637795826 0.166941869905585
0.000970839250858471 0.105391826445838 0.179559775197753 0.206038655543891
-0.0541791777028943 0.0762586777649454 0.0711543872410618 0.217529826353595
-0.0770775169313479 0.0341764255766683 -0.0236146735518804 0.159373362203979
-0.0880016793505426 -0.00709202612656358 -0.0567244697254794 0.0815735665181152
-0.0852923153622453 -0.0813978942687356 0.0126674389104538 0.0873722233764351
-0.093043169258342 -0.177934700350249 0.0465982449674248 0.320591160225863
0.0560491107500353 -0.0417936108305909 -0.143245167325638 -0.343650672245369
-0.00616510428097167 -0.0634614013276415 -0.11541610047668 -0.129741987411021
-0.0671022386935118 -0.0128201581966084 0.0262242528687128 -0.0657332316662655
-0.0418219975154497 0.0688271568052075 0.0197872703035993 -0.117871544474115
0.0307954272163426 0.0548823671143327 -0.0427924648468982 -0.192958938231263
0.0493692970056404 0.0108376318344443 -0.165548094870662 -0.214453579439932
0.0477617789623205 -0.0200213697711376 -0.259997999945805 -0.165934893147051
0.0425913324695312 -0.0174088003846028 -0.29690664422848 -0.146739341956817
0.0336918382666379 -0.0154407318831284 -0.271644308845629 -0.179849775742335
0.0244521168378831 0.00325872865320371 -0.150233082771976 -0.217624644365449
0.0108829034210024 0.0241134119752674 -0.0101101705019884 -0.167342732239433
-0.0402226790241218 0.0160945715748227 -0.018934510813293 -0.0180889398058876
-0.0190807209684462 -0.0540393384312604 -0.15359313415931 -0.0261831805508696
0.0761644052460071 -0.0368633129967903 -0.238016314859696 -0.293481238126136
0.0919373435360391 0.0349248776486029 -0.00137100926237423 -0.60476223681347
-0.000502380276521466 -0.20163104368955 -0.125992360363548 -0.326082458910164
-0.0987687698337341 -0.165627912948932 -0.111764536496311 -0.129652232678858
-0.197597292382095 -0.018777721374173 0.0138139394817556 -0.0805452105689283
-0.140003636404481 0.163324634716415 0.011475675543021 -0.112647571623328
0.015826520190251 0.172320564960053 -0.0397004017458192 -0.165025689440255
0.0988587147229894 0.113252280902836 -0.141600379412333 -0.190710176347293
0.153370149396148 0.0504875413423242 -0.221179181330641 -0.153393997056959
0.161972515818551 0.0356556898685539 -0.249231375361827 -0.145043581485326
0.1555263512265 0.0568601568305462 -0.227695811540798 -0.173566548061243
0.0960693504326814 0.129975825353219 -0.109630148658974 -0.207218416641213
0.00666296901546139 0.171979837207764 0.0188622049211865 -0.143242841623438
-0.162791919799892 0.157642816317389 -0.0201149327164899 0.00792331294830546
-0.208744017904928 -0.0389198236341614 -0.176290190000588 -0.0406784837679544
-0.0632965803367788 -0.17779860177878 -0.253750981769202 -0.300512966346571
0.0340564104113451 -0.178498457339039 0.0201314988516702 -0.570881776205089
-0.0379522427642027 -0.343936746234303 -0.0962774031980545 -0.254883431394931
-0.178929924350263 -0.26237754168725 -0.0832935406048553 -0.10892607832183
-0.317869494946659 -0.0134328102689815 0.0138072002272705 -0.103728046361461
-0.224631072537248 0.251049474746718 -0.00119090605588771 -0.119803949695347
0.00188442531339836 0.274129445692975 -0.0488166392720042 -0.130502014752245
0.135914659914837 0.202922905869071 -0.113764140013896 -0.141970203336922
0.235228070176901 0.117559402387221 -0.157270374283139 -0.112014607120445
0.257249549470726 0.0827707746337101 -0.16702016780174 -0.115190972835855
0.251608502062197 0.121107303478159 -0.149089377968286 -0.134691166990448
0.151925421524289 0.239086535154709 -0.0488363392156248 -0.158966382797954
-0.00370384190031669 0.297952360640349 0.0514749769100256 -0.0869501425345566
-0.270904526882921 0.279010058282273 -0.0163037576138399 0.0524046392655483
-0.376327647548005 -0.0208386246856714 -0.189425273570726 -0.0225206738484592
-0.199766397040106 -0.29868914774831 -0.260624472655349 -0.256653262988301
-0.0354215524297515 -0.37375805786737 -0.0419055795261346 -0.463891155955967
-0.10834039335011 -0.444957871446043 -0.0913857671109772 -0.121838337182018
-0.28423010738796 -0.316105957934624 -0.0391840265582822 -0.0505350713618758
-0.424696472167737 -0.00510661386207358 0.0356508764539966 -0.126791814981903
-0.297238565958217 0.323110969904464 -0.00956634278884685 -0.132478110407608
-0.0184393757435045 0.353313263521446 -0.0592653781725638 -0.0858494663058781
0.149187419208445 0.275109920974706 -0.0753966884020689 -0.0723804910668977
0.280959170654634 0.180218226589691 -0.0682657161179178 -0.0547168908713842
0.302889828607697 0.137634059148355 -0.0539136636499347 -0.0709095650874176
0.292725740835238 0.187482862479956 -0.0388882116362345 -0.0775556952715942
0.157517837498519 0.322242051967734 0.0338222041477863 -0.0805596449012134
-0.0373672763546633 0.37708390864918 0.0868417716274033 -0.00251194877032708
-0.357994941795857 0.33826521178608 -0.0132611174368538 0.107320402152062
-0.484478270523119 -0.0292966483412467 -0.180414042924283 -0.0017461320749964
-0.27063152141884 -0.38994176259531 -0.225187940896151 -0.189078194435029
-0.0626875305088883 -0.501727716787285 -0.0298548472270379 -0.294480535775397
-0.149144070471604 -0.489386482580414 -0.0738500386829172 0.0477982029446237
-0.359960335105569 -0.331113330201795 0.0329510615912357 0.0350070649158357
-0.488656952790741 0.0299190242891357 0.0660983418837404 -0.138985407129054
-0.31378919960747 0.377225227033573 -0.023278467177772 -0.132274444410514
-0.012683866327776 0.389953699210781 -0.0720520324698978 -0.0214638368547469
0.158053678890612 0.30384438483499 -0.0323526105368013 0.0196072376694977
0.2932369623822 0.204317713194497 0.0246807940056077 0.0250977961715246
0.310052050204341 0.155042427107375 0.0578309048246595 -0.00474258952738232
0.292834014147216 0.206180530337929 0.0672848388963124 0.000447078791528873
0.147445976402105 0.340474986071116 0.10581192115743 0.0150794132403461
-0.0546004183040569 0.387992815973283 0.110185729457712 0.0879298262580924
-0.367035308624565 0.342099992089288 -0.00784518018936727 0.158869742987313
-0.500023542820526 -0.023078107788099 -0.155630278375641 0.038991709964275
-0.29664238216451 -0.401939367163021 -0.174095286441172 -0.0889240074295545
-0.0902765402082323 -0.541914678542683 -0.0268906002097306 -0.0956427135038463
-0.18137309493873 -0.462284126467778 -0.0509025061599144 0.235033782606969
-0.380771650047546 -0.29322138367772 0.117496422215309 0.137077035473709
-0.471181917666366 0.0582380629655616 0.098974656161347 -0.125896156512884
-0.275667410232628 0.368179381553552 -0.0313241403884301 -0.110437523682139
-0.00168054051249009 0.359488414617024 -0.0721694031075056 0.0503885287060845
0.143338317112121 0.282725680558219 0.019311885738845 0.1140113315377
0.263649660784991 0.195144894514409 0.116304155590367 0.104517146104371
0.271030218123026 0.149305364397281 0.160335075016482 0.062644014858395
0.246569008905512 0.193473244172787 0.160692709332244 0.0762788401041507
0.109418714773932 0.300247979964294 0.159847889135441 0.105934940452622
-0.0646788630244201 0.322830253470844 0.115936905775869 0.165242864212177
-0.309640504027612 0.268574532605993 -0.0079007949281081 0.18964274311902
-0.409856520335461 -0.0214654299350828 -0.122386170400525 0.0703613836254424
-0.25571687831233 -0.33892508809605 -0.109371992221183 0.000872959118432375
-0.103394100195669 -0.486111032326337 -0.011760116622642 0.0939668832363795
-0.178140129413762 -0.359250456464861 -0.032087931063693 0.409419597543601
-0.325632047506763 -0.206666650710169 0.189441586784488 0.240326674308754
-0.362649987886702 0.0693881238659512 0.129057513485868 -0.0867031140947881
-0.188239056488513 0.281084636207232 -0.0273573397934517 -0.0724507882045478
0.000386891784330544 0.258329700841869 -0.0604617997233189 0.112485279687912
0.101070254452956 0.2121893757757 0.0678728877578136 0.193517779341185
0.190370286642504 0.156389600816837 0.191552783754013 0.169793619229344
0.189394958485832 0.120023379023684 0.240333088350351 0.121760563095508
0.163869520601255 0.151479153192408 0.226410277684781 0.137446582704035
0.0543330362900435 0.215697081574746 0.185348515693634 0.173643862851959
-0.0672420217158786 0.206337306027542 0.10007199685717 0.210779762660971
-0.202321815909302 0.149407541900355 -0.0152052696040299 0.188369870997327
-0.254961775597375 -0.0194786535622166 -0.0886233110584721 0.0835474661445985
-0.171523008387764 -0.222004983009631 -0.0448574605228407 0.0625269109544312
-0.100306721470349 -0.355487434468794 0.0111355982885014 0.241168033684886
-0.144939634462256 -0.19939311100524 -0.0223479270823261 0.537550705677235
-0.208203271679833 -0.0858038121102065 0.235439881207155 0.326467731696391
-0.187673099039597 0.0640746085335501 0.154383821448098 -0.032296266293312
-0.0677894693785018 0.141811028428304 -0.012506513051303 -0.0356027769636318
0.000705997599855649 0.111132822038508 -0.04473782234185 0.146661097905443
0.0376279005600571 0.105074208153514 0.100013895063385 0.241946326830096
0.0832118858148795 0.0913094381693962 0.236859820399344 0.211278402297424
0.0787284233192267 0.0732294779958838 0.28341315625786 0.161848216233227
0.0612875902550488 0.0901866606489671 0.254336724827065 0.176610763933953
-0.00233470598977512 0.106878382824698 0.180152152231408 0.21238690665627
-0.0565569621776176 0.0759906070006399 0.0688176566525577 0.220669438524006
-0.0780132238464518 0.030912398942984 -0.0240447142044472 0.161723823859271
-0.086416951707211 -0.00820624155431372 -0.0585103264939706 0.0834942642708347
-0.0826103672583142 -0.0829968472069388 0.00841294788052483 0.0921302437657452
-0.0892696681984528 -0.181475846014194 0.0407052507147594 0.328715528126644
0.0588338314225832 -0.0449649544242264 -0.15148175147449 -0.359629195119831
-0.00729085437849195 -0.0679333905463783 -0.121157312724926 -0.138111687531902
-0.072407427849082 -0.0122750514868563 0.0226492353768974 -0.0716193277837118
-0.0428213826787711 0.0747848159267034 0.0148449047402667 -0.120761648274323
0.0350435452585296 0.0589090187867348 -0.0486043559428738 -0.196510966635286
0.053470111464336 0.011073466925148 -0.17493190411085 -0.220815193738088
0.0503754758035409 -0.0212051561859038 -0.272310859309901 -0.170372764949416
0.0457877148283472 -0.0194626107640726 -0.313739187139095 -0.14930759859643
0.0354885619088071 -0.016005404800759 -0.285532171059746 -0.185531532919055
0.0259093509162232 0.00427017550324319 -0.158317076660173 -0.228011715010981
0.0111870175201183 0.0259714164378464 -0.00868098100847246 -0.174743520993204
-0.0430679909144804 0.0184754579781921 -0.0162838980411601 -0.0152054431799452
-0.0233847492478621 -0.0565555908605907 -0.158305160547428 -0.0221665264361686
0.0801171517538482 -0.0420223486120113 -0.252090432216864 -0.303045501626095
0.0977977924690962 0.0338106847343733 -0.00836091178926792 -0.634203429794331
-0.000564322093738873 -0.210446165695101 -0.135126818667492 -0.340478306538526
-0.103975416707386 -0.174797351766577 -0.117834698743528 -0.137796733807004
-0.207911181661004 -0.0167249858518391 0.00864320027006613 -0.0855744034914833
-0.144053997125302 0.174050427914144 0.00639897063045392 -0.114734405624593
0.0207638800117315 0.182100384017569 -0.0434081868714105 -0.168217315466571
0.107086394031139 0.116917980661719 -0.148313703721501 -0.195167057128752
0.161419706071234 0.0516276749748004 -0.230675775593132 -0.158278607234454
0.170247446257658 0.0335453718057374 -0.264079841367457 -0.148720027584895
0.163446419534411 0.0576145642356475 -0.238931415572228 -0.180326008350067
0.102515580562648 0.136540128253988 -0.114735295995588 -0.217882960159374
0.00902392499997066 0.180002769959019 0.0217223463786437 -0.14958102019228
-0.169863342602395 0.168301194225573 -0.017052825335107 0.0133597233522897
-0.219636600463568 -0.0378805555005556 -0.185132982249022 -0.0367744790596146
-0.0663942222393858 -0.188839396518895 -0.269979676012689 -0.310614101325956
0.0372387280201317 -0.187538460952562 0.0154963491930478 -0.598677331414782
-0.0396774522975401 -0.358359886997146 -0.105204723159912 -0.265728842806353
-0.187113716659325 -0.274790594652165 -0.0878851411924629 -0.115082503813227
-0.333218770592284 -0.0099356254458517 0.00814154127108043 -0.109578304076098
-0.230597695718932 0.267741745354452 -0.00702908571460021 -0.123090796665968
0.00716566141999741 0.288724229849357 -0.0520014998413724 -0.131895200685445
0.146371735897685 0.210655853048961 -0.118522877191869 -0.143695779137125
0.248975519370587 0.120777576768035 -0.16304033022437 -0.116692183722409
0.26947831118085 0.0808772391265673 -0.176989816224591 -0.119090141888298
0.26465450138599 0.123394203928608 -0.154800022402634 -0.140407611712769
0.162118381916803 0.250587679216246 -0.0500580374211547 -0.169263724638666
9.66389509469059E-05 0.312457998076572 0.05718557357036 -0.0930157507092477
-0.280508172737418 0.296171713989193 -0.0125399668125687 0.0604592987031602
-0.39508023269369 -0.0169966492664799 -0.199226030399111 -0.0175776559989789
-0.208878401307532 -0.313996006651181 -0.278752228857169 -0.263375030587184
-0.0363359485999554 -0.389848958461345 -0.0491524534483215 -0.485475887504285
-0.113857777384093 -0.461213512308957 -0.0997164409144514 -0.126037105549755
-0.298425409118201 -0.329028813543057 -0.0421971372429286 -0.0535245470812525
-0.443601293985415 0.000984272288556087 0.0307477318727258 -0.13387407611901
-0.304931153870694 0.342226856692423 -0.0163809708055893 -0.136864862435005
-0.0129112783425856 0.370627145668926 -0.0637141964733992 -0.0863558696868654
0.161574419697203 0.286806253427837 -0.0777602408964423 -0.0710981879540746
0.295683886985009 0.185238542666465 -0.0695071179387772 -0.0585801789398804
0.318366672293353 0.137892166942988 -0.057420009140474 -0.0747610490286485
0.307417895259656 0.19180727368486 -0.039131767037562 -0.0825537619251927
0.168105162920654 0.337388248095732 0.0369548394195001 -0.0884629865168145
-0.03300480058525 0.395137147722708 0.0947914441375322 -0.00588622000970573
-0.371929145163275 0.358488991081707 -0.00803625632164042 0.117422617241821
-0.506704339492929 -0.0244603242179337 -0.190686626189608 0.0040677064146805
-0.284300432949016 -0.408152148845711 -0.24114248539459 -0.191661069127811
-0.0651287415925785 -0.523694276174174 -0.0332608089446055 -0.30851840630972
-0.158132542182708 -0.509088656542353 -0.0806021722039687 0.051789624597267
-0.377968775251302 -0.34546582983873 0.0345214112825335 0.0357648298237591
-0.508349932895162 0.03676206769342 0.0620500375240818 -0.147341116982983
-0.322129734758646 0.399870179299941 -0.0314237797279631 -0.138565626874663
-0.0084293901872646 0.408541250498284 -0.0768732342960421 -0.0208073082592759
0.170186659141712 0.315422595134767 -0.0322040596222529 0.024446667456953
0.308995209104703 0.209414712375279 0.028870158830925 0.0242401216439589
0.32631329547123 0.156381798238168 0.0608387210848964 -0.00692652317870922
0.308508757927156 0.210779111567987 0.073912212852619 -0.00263910878666532
0.158337084400818 0.355015287430663 0.112083945825023 0.0112162067394005
-0.0515223043244171 0.406861443317038 0.119739534990304 0.0883020626776402
-0.379244116212256 0.360777507285724 -0.0014043085314459 0.170921363577108
-0.520723701695046 -0.0169557629563697 -0.1642928078828 0.0456165818185205
-0.308879805559776 -0.419327271967713 -0.187429748285281 -0.0868627337991703
-0.0977246348701327 -0.563585412924911 -0.0280109268197509 -0.099714103472185
-0.19070799786846 -0.479891460909137 -0.0556541906695047 0.247563950020781
-0.400585315998142 -0.304382580276688 0.123613826263528 0.143243908872754
-0.488981982901145 0.069258288015218 0.097659946825102 -0.135043710623703
-0.282943641169923 0.389505390005588 -0.0393181537369573 -0.117287713312983
0.00184667058589248 0.376227186072151 -0.0762954146876849 0.054349340876861
0.155605646426896 0.294023434566104 0.0218208422627279 0.122498439284789
0.277564824486157 0.20069803500669 0.124765277970293 0.106003352167394
0.283765368282799 0.150260280354249 0.169347990735577 0.0622766475700377
0.258472916363014 0.197999534818172 0.172774396237664 0.0761080913228336
0.117285414279316 0.312688777174007 0.170299380354963 0.105674111201673
-0.0630255002418047 0.33771600435998 0.126516682823121 0.167608272070971
-0.318935544651997 0.284873744865235 -0.00118997241120677 0.201184455538462
-0.425038666839802 -0.0160621919924754 -0.128089230069044 0.0778985801291603
-0.266665717988489 -0.352262730012212 -0.117694009105456 0.00713024081350196
-0.109062442030413 -0.505006758968579 -0.0102349762251006 0.0986186384865524
-0.189305864142108 -0.374469819230868 -0.0329051626369266 0.429610062922526
-0.341940632996621 -0.2136334455047 0.201300874409402 0.250407523067368
-0.376862861837435 0.0784296356316375 0.130704602602248 -0.0949428126279474
-0.192321832023546 0.295154840411126 -0.034808391056445 -0.0784568136407905
0.00245196854227796 0.269702759604451 -0.0649608190116028 0.118214042713662
0.109471855949582 0.220339300202509 0.0730361592261528 0.203486000122911
0.199967152168354 0.160389730982518 0.204214537391024 0.174662946739581
0.199061545312563 0.121922862296588 0.253244440711484 0.122362179373463
0.172492361247493 0.154967684806524 0.240025028913219 0.139241861601366
0.058595258657962 0.224483231064277 0.197456186818214 0.176555211040885
-0.0670836479414174 0.2158891726531 0.109789942340483 0.214959542666535
-0.207775905250751 0.156791153544907 -0.00887790852002196 0.197672915509642
-0.261725026816958 -0.0166113389618309 -0.0914994699429566 0.0907243872415502
-0.177850468862357 -0.22920225180242 -0.0492416387048429 0.0697591427029694
-0.105861729418245 -0.367338230605305 0.015235681942656 0.252123844453395
-0.154321420171747 -0.207170169221287 -0.0211031399899823 0.564919557002843
-0.219441663480797 -0.0872399476755979 0.249950626747063 0.338644504286445
-0.194271072223265 0.0706231116676363 0.15924313564308 -0.0393577762982765
-0.0682024165370399 0.147777458452107 -0.0182052948074516 -0.04076677841926
0.000803013993917395 0.115812550942804 -0.048886146468485 0.153718369773339
0.0401241369561938 0.10932194647775 0.105821099486009 0.252709849019282
0.0875475125921591 0.0938077491551685 0.250645129261361 0.218223240985374
0.0824208755364151 0.074672538013903 0.299695830396166 0.164640496610971
0.0642553874103838 0.0920842205016067 0.268395582418903 0.18117670356277
-0.00195068874903004 0.110690375905855 0.191363577653293 0.217889413614878
-0.0579131068083556 0.0791192220751535 0.0761515749146958 0.226080848258235
-0.0791535717207874 0.0308460334647866 -0.0192563934758247 0.167779078139558
-0.0864771123052312 -0.00703758170464889 -0.0580561460601406 0.0897567300118936
-0.0846878370742364 -0.0832114313874766 0.00721740925286425 0.0998853568211915
-0.0940137117519994 -0.186092321586875 0.0464850945468299 0.343083086736804
0.0603715448266892 -0.0368991044263921 -0.0860886977027534 -0.38950922652009
0.0022145116431754 -0.0692970108570021 -0.0999637779566753 -0.167973946076135
-0.0733943867306028 -0.0265683640498804 0.0270284249346336 -0.0729085871255787
-0.0578706399044646 0.0685923339821737 0.0270804379323444 -0.115276353578189
0.0225945563075915 0.0674597138875347 -0.0165354747501764 -0.202064509851057
0.0507589194251205 0.0219010125687673 -0.14148967647986 -0.252712656720268
0.0542769591198727 -0.0122084949107547 -0.250069054488359 -0.220634823498574
0.0490651844674147 -0.0105067606790452 -0.297741454522205 -0.207687286575136
0.0399667954427921 -0.00948213649824241 -0.263787660381863 -0.239060192243564
0.025202610795176 0.00977346349138645 -0.123676400677875 -0.26160202604427
0.00541411153727857 0.0281689388581703 0.0234392530342958 -0.180191204567469
-0.0490717375316746 0.0121935502517663 -0.00822865711117507 -0.0165591336871662
-0.0153832601932223 -0.0648165936395767 -0.155507723248133 -0.042993533860534
0.0898913151426241 -0.035136180473249 -0.207882079857123 -0.346745110490185
0.0962088556111249 0.0480275891873309 0.106054063887169 -0.655100757312941
0.0340427943982892 -0.21352389842062 -0.075050855889804 -0.373770120786852
-0.0741286910724204 -0.194030989895932 -0.099150737699787 -0.168682031260522
-0.206739670450448 -0.0556554929497315 0.00644821045050086 -0.0886442180393845
-0.174328200134259 0.150644050903973 0.00845451269666999 -0.106527423637245
-0.0132979330641244 0.187942565723581 -0.0150963474975658 -0.165280934197429
0.0855923984966412 0.138806520425862 -0.116632398492935 -0.218133999806599
0.15343494559013 0.0798457785468397 -0.207190186324544 -0.19789147196432
0.164840867309704 0.0686219603275248 -0.247106685950552 -0.198202553686162
0.155924302926686 0.0893536818176218 -0.219201137527579 -0.22541761829353
0.0787744229679524 0.159538086767258 -0.0849741870897607 -0.245864457126498
-0.0289976167816014 0.186599422770351 0.0508372866545804 -0.156127159960476
-0.205977719827801 0.143714456468127 -0.00956068695947431 0.00300886586079499
-0.219212505780527 -0.0881816105713114 -0.178150457980872 -0.0607167160228858
-0.0302055542742709 -0.216671186708797 -0.22002806250041 -0.348544591891146
0.08082483312372 -0.196380795100773 0.120890205702372 -0.602716382932673
0.025542675432101 -0.366582482449553 -0.0592595269450665 -0.298905939207407
-0.137508188537619 -0.308605229653645 -0.0746012230089842 -0.14256012085506
-0.331107860230279 -0.0730071039826162 0.00164028288791965 -0.111602856568312
-0.276436097905077 0.228441712464308 -0.0132317763333185 -0.114071284293875
-0.0461337331547284 0.292623141821905 -0.0294785475615866 -0.12464322966464
0.109828481250853 0.241305131151947 -0.0924892210632691 -0.158271018180332
0.229419314912638 0.165099560412442 -0.143357187357409 -0.140694477762126
0.256120752189443 0.136491276626586 -0.16138296632013 -0.153128178784119
0.245573844847188 0.174727313162249 -0.140733701589093 -0.171719432387806
0.118680914426242 0.286187194771148 -0.0287973805633574 -0.186646016295265
-0.0657133866078545 0.321211765642089 0.0789509322122893 -0.0974637451817779
-0.342967503859806 0.25544557855704 -0.0075993810869738 0.042645380452267
-0.402629125802847 -0.103006065533085 -0.193059666727876 -0.0434675026209069
-0.15085232368215 -0.372589154408464 -0.233537851882253 -0.295514974074888
0.0438413538328281 -0.422277754631832 0.0341835696494475 -0.486514302902069
-0.0274509270986936 -0.481658788320813 -0.0814610867054813 -0.162256171416976
-0.236493563136992 -0.382948793374318 -0.0420424550736908 -0.0730353461635609
-0.44152308501467 -0.0829453245898098 0.0218565575856 -0.133175031928781
-0.362810087532181 0.290032910070993 -0.0274913152369252 -0.12862057732472
-0.0817490605334793 0.371346560403109 -0.0489765095018761 -0.0751394370930879
0.111437978144178 0.320890404989041 -0.0631470624378574 -0.0747671976861554
0.265483973704876 0.238267316789646 -0.0565990669156309 -0.0619822211045944
0.293731632677902 0.203658099974991 -0.046564615932044 -0.087235912689506
0.27692068728181 0.252855146102759 -0.0302556875688522 -0.0937130993429107
0.109108989047598 0.376827671733823 0.0460879959628617 -0.0912672633210439
-0.117670161600872 0.398558119688042 0.104213657771311 -0.00572645290734162
-0.446416494025041 0.303698548408775 -0.0089905618534605 0.0961650489002087
-0.512508861712505 -0.134462412143786 -0.18536624902924 -0.018755370184525
-0.206348818772914 -0.482962869382908 -0.203727350601158 -0.212444084838013
0.043684989092303 -0.56656159991353 0.0142151418257661 -0.295113520369838
-0.0589316279689715 -0.536690271833651 -0.0952616728008628 0.0177043656549883
-0.311788517289241 -0.41455295870755 0.0186530593131699 0.0310117923919055
-0.514318252837183 -0.0596855343497832 0.0522448568394268 -0.140131186807786
-0.388577150262652 0.342890315432715 -0.0450934254508216 -0.130937219205219
-0.0832224380999127 0.409742649485147 -0.0737561685265916 -0.00917010312050583
0.116541741052252 0.352503149121056 -0.0325031061623757 0.031560968255168
0.274753533899827 0.265280479480355 0.0308364432683305 0.041019909641192
0.298982278498088 0.223181565362663 0.0641028633164505 0.00276282914258369
0.273388640504958 0.272049642221201 0.0724269494048537 0.00790756244997546
0.0950002371082579 0.394038917121093 0.108216758668116 0.022112422002871
-0.136354352858881 0.408218039329729 0.115226377417319 0.0927439217920336
-0.456783919501131 0.304839176672722 -0.0103038424701196 0.150586267002555
-0.527338066437648 -0.129384943633406 -0.164835701518679 0.0275804984206067
-0.23351792518996 -0.495271377941808 -0.166562877595601 -0.0952652711517954
0.020096161436348 -0.612025114976498 -0.0173306734560537 -0.0775592460741948
-0.094048872829403 -0.511231589040661 -0.105770972011411 0.220538160482526
-0.339926504260958 -0.376537541201855 0.0905068720562974 0.157152797275807
-0.501083354879374 -0.0234692635153391 0.0881423106630222 -0.120781894655241
-0.346944315107341 0.340062686823593 -0.0541308662170458 -0.112013826094021
-0.0665698872241062 0.379526334215308 -0.0863648246489323 0.0641562371961679
0.105898872272854 0.327009512132114 0.00546082309324408 0.140559931711117
0.245206500780749 0.250922907780008 0.115899120087165 0.141066605327047
0.257888025108045 0.208269652844505 0.163957787848821 0.0922450126805242
0.224230950848756 0.248903106374769 0.162086859914285 0.105195278877382
0.061824364846356 0.343171379933714 0.153435701844367 0.128236663266696
-0.134528188622662 0.335385169387069 0.10927671560975 0.176522913071027
-0.379437015805131 0.235241788566544 -0.0175996329190485 0.185156089435855
-0.429756002985309 -0.106832881366897 -0.134490391764443 0.0650310259663677
-0.200227019080818 -0.415762025385603 -0.114063463609576 0.00862885987169306
-0.00618542855291009 -0.549568476022498 -0.0341424307825153 0.126056620099677
-0.111798385871982 -0.403009468207104 -0.115435009104882 0.411502337748378
-0.298275777497695 -0.275634538889467 0.153128426007362 0.282060288257288
-0.38869327325743 0.00686157322805149 0.122934803373348 -0.0743356200837576
-0.241269150075292 0.261381002647754 -0.0473587953631266 -0.0760310552164273
-0.0456391536535598 0.272032532185957 -0.0866690009718063 0.12477523930988
0.0728494861771721 0.244112351798901 0.0423191525089804 0.229644976391951
0.174627191117473 0.196156475621743 0.184324651557924 0.222748185436038
0.177534054437358 0.16292916411055 0.241040088271053 0.168999822222417
0.144715440974179 0.18917942307559 0.223084652282614 0.182298430739971
0.0184312754100963 0.241424632651563 0.171152538762244 0.206690587655829
-0.113778273170915 0.209007451835226 0.0833761131673445 0.225922985630533
-0.241537095345966 0.124306372961138 -0.0288980798652823 0.188423881483365
-0.26114045403498 -0.0717964541880725 -0.100804018624475 0.0829780390419971
-0.133993396743783 -0.2687997647703 -0.0582504954149815 0.0777254281219797
-0.031841345559782 -0.403221598535447 -0.0338172944692133 0.28198325254139
-0.107273112788147 -0.227954136182491 -0.124738023948175 0.557543636478299
-0.197435956095749 -0.127785783775937 0.19365101124664 0.385008273652603
-0.204882307828867 0.034129909272547 0.154619835790545 -0.0137616275534288
-0.0910488946366784 0.134468496643239 -0.0243767073341445 -0.0410331579155645
-0.0193785544142868 0.11652264285871 -0.0784512278472471 0.15475293516416
0.0236914057275067 0.119379709623602 0.0655619099182075 0.281907500277654
0.0723640490896681 0.109125636942445 0.223237899028736 0.272253728603754
0.06914178471464 0.0921632626723266 0.280463134838979 0.220527018421137
0.0463131491347307 0.10494690106772 0.247441452784823 0.230654081103276
-0.0227341851976664 0.114247792106592 0.16060425588123 0.24947654681017
-0.0757461633613874 0.0696602803858602 0.0453985074742187 0.236380353977503
-0.0870279181775831 0.0171918455852498 -0.0397614802063457 0.164498297001393
-0.0841870814330727 -0.0244274589658095 -0.0702554038723191 0.0855007966088333
-0.0678821519599189 -0.0979164301723016 -0.00885454712346006 0.10879003625026
-0.058116733864663 -0.208840406092633 -0.0157404211721661 0.370983693550712
0.0575697282801655 -0.0419623002013437 -0.111387035680099 -0.381304140062137
-0.00287301417813489 -0.0713493202726264 -0.110234126391869 -0.163893866083944
-0.0774579383620123 -0.0202061199797221 0.0175848340720181 -0.0765040001133689
-0.0530785975461121 0.0743229320488552 0.0143889366109331 -0.112603208489128
0.0292313127202526 0.0662240889543729 -0.0310821716939466 -0.193979877616038
0.053980477560651 0.018189923442423 -0.157488239045445 -0.238359183070516
0.0544458210693229 -0.0156778556376719 -0.261907456096422 -0.200314602431677
0.0494251089247967 -0.0147812357437759 -0.311101294818578 -0.183114603206359
0.0397151723596908 -0.0117365898631726 -0.279197429844515 -0.218450321836462
0.0264598164895912 0.00933313543954274 -0.140030487574142 -0.252591055813682
0.00703949316165412 0.0287087082735262 0.0143585943804681 -0.180326457272362
-0.0498659767068937 0.0170314309705028 -0.00444542232363751 -0.0123520960457704
-0.0228123519313931 -0.0629283877877013 -0.155443618065329 -0.0282827090749008
0.0869143825273209 -0.0441225972329084 -0.230180131971189 -0.327005843650521
0.100038283637108 0.0390402874764712 0.0570039153490598 -0.657016493532859
0.0213851183963662 -0.213803917827159 -0.0996157889873583 -0.364777199512705
-0.0850346481714004 -0.190322857650519 -0.109371426120403 -0.163951093336929
-0.210073748420859 -0.0396506905995947 -0.00389040497328914 -0.0900203616020356
-0.161709209250006 0.163894998625511 -0.00436660612803518 -0.102645227423096
0.00255224961992763 0.18840553334245 -0.0260067512870233 -0.158398583828282
0.0973486626567625 0.131533363716638 -0.12839034560208 -0.206681176367829
0.15971468834302 0.0682687250381181 -0.217888493151746 -0.183164824834054
0.169084485978593 0.0545402050571793 -0.259554071324621 -0.178860499261265
0.161696047537038 0.0777525351654359 -0.232254963181104 -0.210146071769626
0.0905500325035613 0.154093706414258 -0.0997156204436317 -0.240701040522225
-0.0157355152884905 0.188204069712572 0.0439105925678306 -0.158413249351264
-0.194621425210756 0.15923561990694 -0.00428907873382511 0.00783421339901409
-0.224815893577082 -0.0718915243785359 -0.181350363422574 -0.0433301027192579
-0.0433414810637981 -0.216139201627068 -0.243641223746375 -0.327502550103953
0.0688139147108883 -0.201368947039309 0.0780144415560061 -0.604436290138998
0.0025459821644131 -0.36479382120294 -0.0808062140758467 -0.291243191282073
-0.154647877527053 -0.300180986450247 -0.0834792496131527 -0.138719491287216
-0.33302324083517 -0.0479586749050891 -0.0108245575787324 -0.112216930958711
-0.257088255122402 0.247356869618312 -0.0259008942796499 -0.108589203845304
-0.0228899991928809 0.294692218535459 -0.0376470503591589 -0.117842381322749
0.127659190551721 0.230403232684031 -0.100624811924467 -0.148206499014374
0.240019340989598 0.147036031279553 -0.149774029095974 -0.131662802246505
0.263749532032622 0.115025722913582 -0.171955520606409 -0.141217993042472
0.256980705997022 0.156226506924917 -0.149547523838593 -0.162774099434007
0.139350211381589 0.277623527486895 -0.0404816553216142 -0.186732650536038
-0.041796731960762 0.323552724095038 0.0758720561933679 -0.103765072210754
-0.321961196629288 0.279056257470584 0.000819000734948624 0.0474603593660906
-0.404664779525972 -0.073634968100658 -0.195672698566927 -0.0236550153169424
-0.172770457228843 -0.36395466523687 -0.254731613996019 -0.272229035340045
0.0183982978373359 -0.421239697757306 -0.00044598853232329 -0.484930167242304
-0.0562217127876676 -0.475361627629805 -0.0940789339644677 -0.153699563596532
-0.258554637888117 -0.365909059317214 -0.0459511574538001 -0.071469953831659
-0.443440016216837 -0.0493849104707824 0.00719473862086118 -0.134586547457006
-0.336729675947638 0.315064722590526 -0.0422929841997553 -0.122812082792122
-0.0535222114791274 0.37529480756186 -0.0539184983332108 -0.0685881071961897
0.135036597565052 0.309973191201332 -0.0650634726059284 -0.0674620877531279
0.281483506443952 0.217146286397203 -0.0579970057701512 -0.059862147800004
0.30607731947077 0.177752926477635 -0.0524175888385688 -0.084310335022748
0.292329670603597 0.229683885984716 -0.034128744785053 -0.0930155747461599
0.134968701093121 0.368119136761997 0.041255444706514 -0.0975522449598029
-0.0878331239974638 0.404798319129454 0.107579528937669 -0.0159883505476685
-0.420954804315521 0.334344019846858 0.00408989344147054 0.10072911146526
-0.51595805433929 -0.0963584409810061 -0.186982663656123 0.000469645901000343
-0.234760824391519 -0.469773859182688 -0.221112158375016 -0.18991388260229
0.00740497937809994 -0.562373433371398 -0.00595726890334783 -0.293273897881686
-0.0912437231380671 -0.526187340272075 -0.0956558752726155 0.0259267906104043
-0.334540792231732 -0.391423713941517 0.020864964564688 0.0280653248226868
-0.511050160973345 -0.0209097179207318 0.0366065150106459 -0.144010261968908
-0.358892967899267 0.369440385864698 -0.0605820241335801 -0.125912805554314
-0.0524583608697081 0.412769363415433 -0.0746680264194263 -0.00260030660886355
0.142492546809341 0.340466932325939 -0.0284957094111366 0.0358366239028905
0.291837802216493 0.24326508978495 0.0362115811904486 0.0354511245809848
0.311467802515627 0.196491304505014 0.0645904028265219 -0.00370017043643083
0.290213145652598 0.249939167574552 0.0758531267598066 -0.000581671239099238
0.123396745351214 0.384816690940827 0.110523749874688 0.0107332240680721
-0.106010297978966 0.414494039168881 0.124609178408646 0.0796744294541126
-0.431463665857485 0.334454068403347 0.00670291581595321 0.153641807522213
-0.528611922841153 -0.0909784206830057 -0.162629901926627 0.0442752927001833
-0.262486383019939 -0.480265739267752 -0.175449469384401 -0.0760254197419855
-0.0191148119492681 -0.604977798000228 -0.0220782312824968 -0.0755569788732097
-0.125987315880321 -0.498726060723172 -0.0925709370008256 0.228190112415577
-0.361059717334551 -0.351561971057644 0.10164478836741 0.148594323663249
-0.494926797486813 0.01486104563297 0.0737462457220629 -0.128918542031339
-0.318432112018643 0.362352276007902 -0.0685949056052765 -0.107897076370176
-0.0407072562201239 0.380103409281263 -0.083932069044266 0.0704471896057573
0.129281135560163 0.316042874985307 0.0159084363697584 0.141097897068585
0.260722056309213 0.229785933274002 0.126516587527467 0.129801155708984
0.269552940078831 0.185959690597742 0.170546589156213 0.0789194170128429
0.240349866937548 0.229708263733279 0.171286387429533 0.0897691855850961
0.0849382704863866 0.336096734304602 0.16278148104852 0.113589590067935
-0.109667524197896 0.341139522394497 0.123688740481198 0.163222411619156
-0.35731960518457 0.260930791761027 0.0022901947732049 0.187326527303244
-0.428405320060074 -0.0752767109983193 -0.129402677257717 0.0790125258439442
-0.22338656242899 -0.399464210431233 -0.115098338311428 0.0229163888567465
-0.0410566328130172 -0.539108292565338 -0.0239321450905311 0.127784449550242
-0.136805274672587 -0.391353681346567 -0.0885592729652694 0.418597111365593
-0.3141897891472 -0.252839004270426 0.172761737710186 0.268646771076763
-0.381998239276881 0.0368715712667192 0.112523984358369 -0.0859836762446875
-0.21711054807359 0.276092448410179 -0.0587447584576326 -0.0743100004588782
-0.0268232439808732 0.272670452744466 -0.0807647512013079 0.129902618787408
0.0904061073324426 0.236800313176371 0.057959880881603 0.226754331206141
0.18636330068561 0.181193342553146 0.199623061177192 0.20664852826342
0.186156456883979 0.146593290897424 0.251468785132715 0.149471324931392
0.156090104038584 0.17634087330974 0.236694916454199 0.162270505298607
0.0340341090321276 0.23807956087222 0.18503155807007 0.190203673444325
-0.09818463672684 0.213526469105518 0.10074195318909 0.213808661992018
-0.228878672041786 0.139023518591414 -0.0100557099544301 0.189252724168278
-0.259020305531058 -0.0531809941065595 -0.0942473553697507 0.0934338182978285
-0.146964722074152 -0.256490169103245 -0.0557617756769768 0.0860354984622225
-0.0560306764040274 -0.392497007885158 -0.0130959210575869 0.281134892310915
-0.122254626709458 -0.21799041560882 -0.0888749686293046 0.563340879069394
-0.20503651415845 -0.112140084346563 0.219119792671525 0.36941566542349
-0.199370753890348 0.0507754802770254 0.149459593416671 -0.028449655145214
-0.0792278142438827 0.138643723096592 -0.0324742551017613 -0.0423652890865755
-0.0124224796145895 0.115789948994896 -0.0722937139508296 0.158238595618588
0.03194723542873 0.116472466017396 0.0839301444698459 0.276557261638804
0.0785536197548463 0.102640395081411 0.242131019575408 0.254811503591353
0.0738943774208432 0.0852521460921583 0.29483659437575 0.197459109843427
0.0526072092802086 0.0998338220474058 0.263119667689494 0.209332663715014
-0.0159223877896927 0.113637714776621 0.176748360756409 0.233743704183189
-0.0704313347567454 0.0726464101512473 0.0632709616977737 0.227309888823212
-0.0823367506445341 0.021008954265739 -0.0230091123149202 0.164054185038717
-0.0815145787265443 -0.0184786255712611 -0.0607306669854464 0.0924081992077136
-0.070362331038021 -0.0900835594965137 -0.00404172980976912 0.112440601004818
-0.0705482739202512 -0.200014750425704 0.0109871572126844 0.368795069468857
0.0535698584386399 -0.043854319521518 -0.123684906336232 -0.358933726393969
-0.00643191052628064 -0.0704169861691675 -0.113291934648043 -0.155957298320112
-0.0769209416269297 -0.0148141761435121 0.00882214561722098 -0.0757126255723135
-0.047599590127067 0.0761588918723953 0.00483770591113317 -0.1043602816714
0.034106455129409 0.0631008066352501 -0.0398005474611338 -0.179711273831781
0.0543988788965014 0.0143440467819254 -0.160660554087678 -0.217969795118368
0.0528609120943834 -0.017728424599387 -0.25880794206624 -0.181091956868379
0.0478900316125366 -0.0176997899295953 -0.306780251431679 -0.16019087720926
0.0380919741895631 -0.0126455627167709 -0.277293477973165 -0.196496080617039
0.0267771873702102 0.00819021041953764 -0.144657437402642 -0.237990614927322
0.00798056286756111 0.0281615570133482 0.00958694714561186 -0.174317143986077
-0.047323047827728 0.0208436516330134 -0.000199008236106619 -0.00977174300027734
-0.0264435012442583 -0.0585688235800707 -0.147318721815464 -0.0159633846396901
0.0802273602810621 -0.0490974978557888 -0.235666569364097 -0.299509535307545
0.0984220269918312 0.0308742703852054 0.0239261871867665 -0.630456977175177
0.0129225163751828 -0.206011086388246 -0.11229151159826 -0.343305016560902
-0.0897354720151352 -0.180728527966082 -0.112837242724943 -0.155027113705311
-0.203190607210026 -0.0277930507360045 -0.0118146277726837 -0.0871285271095076
-0.146731326628553 0.16720528530942 -0.0127536680348857 -0.0933023497155403
0.0143891106156254 0.181466381227521 -0.0320480978738345 -0.145850541614072
0.101414420279211 0.119771368026052 -0.130812729047742 -0.190326567341368
0.157058330027171 0.057135209591857 -0.215199683642713 -0.166162404080623
0.165366733376474 0.0424367774401484 -0.257707972022519 -0.15796762939283
0.158644311151442 0.0669977500900227 -0.231764378863521 -0.191657271706988
0.0952297482472263 0.144529441229334 -0.105494044817944 -0.228711042677728
-0.00543405854914962 0.181682156601259 0.0387633166355891 -0.15548123048935
-0.179007856891413 0.163253758805914 0.00160943279851885 0.0113286263981898
-0.219425323232372 -0.0570750985478091 -0.174728887948421 -0.0273455705741222
-0.0508355947040171 -0.20850569592334 -0.251134466683449 -0.299562106474489
0.0587882354848119 -0.195994794932541 0.0456708951603005 -0.582979374530777
-0.00979910786696748 -0.348634695131691 -0.0914646228244041 -0.273315864800214
-0.159936436422377 -0.282763331432046 -0.0861446445295213 -0.13236515016811
-0.319614829303123 -0.0301195561325099 -0.0200296850515345 -0.107203616246668
-0.232308693027155 0.251874067864213 -0.0346204720355309 -0.098471703115823
-0.00517149135517572 0.284030624884108 -0.0408338104698762 -0.107587299114901
0.13545744703845 0.213368029556102 -0.100769928922676 -0.135760090928129
0.23792950294836 0.128541152789277 -0.148356557900847 -0.121558247552293
0.258393755198736 0.0949497572124481 -0.171248127395088 -0.12705399530923
0.254663618372847 0.136336492288934 -0.150245050372275 -0.151069549240974
0.147719393965591 0.260050179196935 -0.0464353369214214 -0.179626870218791
-0.0244909275199222 0.312434640029508 0.071594519992358 -0.105432477617712
-0.295089154665736 0.28341193925165 0.00912989390506327 0.0492797052807791
-0.391280681340226 -0.0503541606918597 -0.188717953737698 -0.00765300041824176
-0.18169558068743 -0.344237093220669 -0.258445393096483 -0.243829749555307
0.00221066559176757 -0.403115450576233 -0.0235217228191943 -0.464020954844995
-0.0712683284940183 -0.45061189394278 -0.0982426327999106 -0.141082243522056
-0.262115359218453 -0.343384059185909 -0.0475648897531139 -0.0690281397102772
-0.423718926895124 -0.0267012171312342 -0.00499498252703055 -0.129923513779301
-0.304675863458913 0.319513386146416 -0.0522219166941689 -0.11155562556399
-0.0316221457000795 0.362338204414337 -0.0552753765458491 -0.0604733569194241
0.145755832249704 0.289011370797576 -0.0632556266220075 -0.0598805494366099
0.280486223000664 0.19353937063423 -0.0566708042013132 -0.0573474956787363
0.301243598349729 0.153535928434127 -0.0536228457995908 -0.0790713608079855
0.291869655715148 0.20534467983179 -0.0358870214906118 -0.0907761502225888
0.148008297144759 0.346759001294929 0.036133485636284 -0.0983055902413963
-0.0638866898609522 0.392306295977066 0.105534723988059 -0.023248684746778
-0.387347033190522 0.340475376832256 0.0148129025509607 0.0996008349393546
-0.497004845334618 -0.0686062050796757 -0.179310455229409 0.0154075630730736
-0.244103660300289 -0.44136984574497 -0.222463387469576 -0.166099894246118
-0.0146710389257794 -0.537534815040618 -0.0192906939274246 -0.28069430571094
-0.10846765826488 -0.498591018510096 -0.0924148853451858 0.0311262875173899
-0.336406059529329 -0.359651448825075 0.0214368229838939 0.0244877345799616
-0.486480403725616 0.00485740652314095 0.0227107651005267 -0.140821919540449
-0.322629264946156 0.371981814330383 -0.0705410918176924 -0.115196617648965
-0.0292808651648394 0.399102474018102 -0.0726855438972405 0.00275092298365553
0.153041142830255 0.318058113781646 -0.0238136432728667 0.0373991873089538
0.291496513175507 0.217234986452052 0.0370930764774063 0.0294330762808621
0.307152313507138 0.171214813739709 0.0617156634883763 -0.00689986442590946
0.290412669731755 0.223398531627587 0.0744026509082007 -0.00766975934827527
0.136444298934662 0.364155534365764 0.108176935376714 0.00196089977965083
-0.0811320048749093 0.401992117676536 0.125995271661115 0.0662890917120482
-0.395052781032653 0.340648817672071 0.0202062449205126 0.150100689811991
-0.506541159670117 -0.0626032968330942 -0.154447547359527 0.0561657580287758
-0.268758093275461 -0.44952670924005 -0.173526178316635 -0.0591305291039656
-0.0419040452776235 -0.574776880164597 -0.0242507145068428 -0.0711452285486438
-0.140079008043522 -0.470366751592836 -0.0802363727304179 0.224837625382792
-0.361102828612239 -0.319801749114238 0.104688370867772 0.136368471244191
-0.470089387878491 0.037902559692082 0.0590886626256148 -0.128385013056104
-0.284171019331397 0.361853417166272 -0.0773070761794786 -0.0992615372273004
-0.0196403697859965 0.366538202282984 -0.0793453368826883 0.0725345039464808
0.139067860472861 0.296081380792287 0.0225225935300801 0.136309790892137
0.260342992722991 0.206459006223999 0.128747844204257 0.11508611527667
0.265317198569801 0.16240093475927 0.167515495060009 0.0655782125564643
0.240561729943727 0.207917409688279 0.169979776197928 0.0735256500286639
0.0971979853596483 0.318860110052929 0.162367498763556 0.0973398863144185
-0.0875366930016734 0.330887125013352 0.127709664567566 0.145756015958186
-0.327907922103548 0.265156881827178 0.0167290375027539 0.180417050744179
-0.408932544021981 -0.0531548495053708 -0.119816139562418 0.0867532129138028
-0.227707973490812 -0.374341795390268 -0.111810171332892 0.0336277051734994
-0.0598984827838907 -0.511901906386433 -0.0165810952467471 0.123375221684308
-0.146619268578695 -0.367757237903293 -0.0677631318940453 0.406237759633803
-0.310554560689202 -0.227546336703177 0.178915722107876 0.248216347032354
-0.362136224332689 0.0554811824187111 0.099161662929994 -0.0899279121977253
-0.19245411926097 0.273878544238787 -0.065892871793296 -0.0696779994477601
-0.0130527857837274 0.262213481492982 -0.0749418895975883 0.128647694794935
0.0975350953806797 0.221973706170488 0.0651201654913912 0.216390491528862
0.186366163484255 0.163946639825503 0.202134452157717 0.187026768133531
0.183832747360967 0.12993792998973 0.248774946759602 0.129672951658724
0.156631407577625 0.1605320395678 0.235227706374254 0.141372916009148
0.0427497778459325 0.227004572014326 0.187075587805495 0.170393869494447
-0.0836817343837967 0.20835975064839 0.107913456812364 0.19571405315233
-0.210913718027005 0.141728939976685 0.00456371168664789 0.181210213243779
-0.246149348433018 -0.0393032889527824 -0.0836319514583083 0.097457309958443
-0.147825519239521 -0.239102776147977 -0.0514195590887932 0.0904233578576004
-0.0695059152585585 -0.369713288796024 0.00127269050673126 0.270439760538131
-0.127062133538929 -0.202357658793617 -0.0583809464625929 0.543810604175268
-0.201332938104968 -0.0959521287297443 0.228520616637251 0.341697346790311
-0.186416151791106 0.0594150413569929 0.138244449123651 -0.0373781476588448
-0.067033955506503 0.134600407308177 -0.0381527010122542 -0.0412312627984829
-0.00788277279307243 0.111067998612707 -0.0653750486465658 0.155058455173815
0.0354388097360311 0.109801250682957 0.0915611017409837 0.263075799773115
0.0791689545427788 0.0943332621561982 0.24369345912254 0.232017764633924
0.0734640097779992 0.0777696656828861 0.291877180304227 0.174592041901859
0.0534756022621261 0.0918408157327621 0.262316713156326 0.184762052883124
-0.0110207703241273 0.1095417328652 0.180099557320791 0.212224489306709
-0.0643218382502189 0.0720153560306089 0.07176706136018 0.210645283080136
-0.0768885584029982 0.0211493027617459 -0.00997008813650612 0.156841186520155
-0.074973957356484 -0.014382807306736 -0.0507024693973247 0.0930842552003899
-0.0678816865583378 -0.0814461137694273 -0.00107864521783012 0.111695107810475
-0.0752659288267912 -0.185670078662161 0.0282857044788742 0.351910396681887
0.0510245644533945 -0.0430804512538964 -0.119954163227904 -0.340540888861722
-0.00728063678261262 -0.0694025583310019 -0.110437238128024 -0.151602028529074
-0.0755573837324593 -0.0124750302111532 0.00309599343439261 -0.0739676745197963
-0.0446699828533867 0.0758027692757428 3.7446681030991E-05 -0.0954881930459823
0.0356118669803704 0.0606059704579111 -0.0394270248349873 -0.166020999549987
0.053782195311664 0.0122413013898531 -0.154393505723722 -0.204855653215874
0.05147471565935 -0.0177952636112171 -0.248463474845418 -0.170082411491525
0.0467456532986292 -0.0185512946035888 -0.294059128015363 -0.147701389033423
0.0372188135518955 -0.011980785589953 -0.266684021460069 -0.185388406852239
0.0268601742801485 0.00852887008865316 -0.13955913539828 -0.227599190954957
0.00781758367977756 0.0282978476614047 0.0122002278263725 -0.168254735688856
-0.0456982766439017 0.0223076652875337 0.00463867413133884 -0.00694240173209713
-0.0272181888907292 -0.0552628295812035 -0.138000487040781 -0.0107082865981585
0.0760368033738965 -0.050175329294904 -0.228034207342693 -0.281328407870349
0.0943442732300639 0.0265621529715662 0.0171804472420411 -0.601766496396631
0.0125568829517679 -0.197028156854407 -0.109956271415269 -0.324741496597023
-0.0872698138693001 -0.17458673180657 -0.11002198025246 -0.150008634960038
-0.194463812157408 -0.0238538603802051 -0.0167633962453475 -0.0836997420151429
-0.136458645374053 0.163267455816638 -0.0166721355149411 -0.0841073694965179
0.01825325069466 0.173392440071475 -0.0316936193985738 -0.135184377389595
0.0997388541927986 0.111953464434111 -0.125022434995592 -0.179041170376809
0.152147878338996 0.0521502134125675 -0.206585180313571 -0.158683547284361
0.159110467527433 0.0367994807085326 -0.247019900273273 -0.147685615495429
0.153536887966576 0.0617901214266133 -0.222688299670701 -0.1825471309486
0.0937404285240073 0.137749890404293 -0.102320165474056 -0.219399294962549
-0.00373533947361536 0.173822381899935 0.0392905449390016 -0.150612594683292
-0.169706875969504 0.159504588841675 0.00741895958262306 0.0135232313267902
-0.209916268251839 -0.0521124155031017 -0.166335728604869 -0.019356632867328
-0.0502586290728055 -0.201557637190814 -0.241480755907779 -0.279186302872684
0.0568798183128433 -0.188112501700993 0.0368109586437968 -0.555773762620075
-0.00954800055430613 -0.332368569149705 -0.0902214405590048 -0.258112006072155
-0.153671358620826 -0.271533495556669 -0.084698113160906 -0.128548442830327
-0.304003734942679 -0.0249710688900651 -0.0251456026160723 -0.101658215038462
-0.216755226435858 0.244396440864429 -0.0375790695552243 -0.0884067032369096
0.000231757503261764 0.271321316400358 -0.0386299042854742 -0.0988246224881516
0.132605781312509 0.201113609523927 -0.0953375082823039 -0.127249400684148
0.23039908998925 0.118903913378828 -0.14230026920333 -0.116800565874775
0.247763654450592 0.085353575810785 -0.164692103421087 -0.119099593905935
0.244533559804948 0.126777917294286 -0.144668264249511 -0.144537249116195
0.144721496957173 0.248643286491602 -0.0454150961459289 -0.173757225627291
-0.0194467317479724 0.297967655989062 0.0703508185041848 -0.103590495234798
-0.277577115497974 0.275138886386373 0.0150869161704439 0.0494928433600736
-0.371914530281752 -0.0452930408283709 -0.179478295026255 0.000919485064715977
-0.17461457874874 -0.329938424554573 -0.248876197992158 -0.225461399035641
0.00149295836375428 -0.383803519309156 -0.0265394389835272 -0.440806811519932
-0.0677079802566158 -0.429939749818632 -0.0957818564218566 -0.13122861558306
-0.250573672467847 -0.326209285480716 -0.0454997674559298 -0.0682072014978685
-0.402315204419152 -0.0206578537956558 -0.0113569748384151 -0.123964209397132
-0.28559257239259 0.309652372062805 -0.0555198357604726 -0.102165102665866
-0.0240710423255571 0.346334400195051 -0.0533600786559569 -0.0546653674928502
0.142235318580662 0.272950384155498 -0.0591114763225373 -0.0552421059511919
0.270652835984357 0.18052423331265 -0.0538313929897011 -0.0570663432458363
0.288822579953361 0.140536908910051 -0.0522553070096014 -0.0751884744434276
0.281172847859581 0.192068825797106 -0.0342448976078048 -0.0896396951419356
0.14635871508348 0.33078746314962 0.0344624138075821 -0.0975507426634321
-0.0574918539628727 0.37482545226176 0.103149192365193 -0.0271171493739025
-0.364779710503589 0.330780370933226 0.0221521713557753 0.0974403571455372
-0.471356672026186 -0.0616889817034856 -0.171289884111194 0.022906773110691
-0.235383962501123 -0.42412611511119 -0.215460333406539 -0.14991214116176
-0.0138704152689352 -0.509440366587409 -0.0211684642588174 -0.26634930062457
-0.102583585398948 -0.472815693129177 -0.0889316527937908 0.0325771727737136
-0.321040680470058 -0.344286858109481 0.0202382532334189 0.0205020044772858
-0.461032619864827 0.0108601129640286 0.0147023918997019 -0.134594569381187
-0.301006626214205 0.358272767610381 -0.0739935338387529 -0.106246239535136
-0.0236011345761597 0.380832165976998 -0.0707218970832871 0.00529957414881812
0.149777131842965 0.301403616570099 -0.0217244315177539 0.0374287292458449
0.280245491785664 0.203277720639231 0.0368171950671452 0.0249855467304818
0.294063868551832 0.15833011974879 0.0588610854964874 -0.00874551963736093
0.278752768651693 0.209127665212965 0.0713467173466564 -0.0118983346480272
0.134695362562912 0.347395432979279 0.10321677792975 -0.00318070381443788
-0.0726658722604116 0.38296106862064 0.123055259523583 0.0578007887404026
-0.372416619957765 0.329528606068282 0.0274906135819678 0.143976985839747
-0.480418261502455 -0.055611049008202 -0.145865350800471 0.0613857192379508
-0.257065205548989 -0.4305316125167 -0.167128054692208 -0.048317701744924
-0.0407766064749476 -0.543399603941614 -0.0229622936501223 -0.0670194029053892
-0.135144932976939 -0.446047190038201 -0.0758222256740477 0.216819575760481
-0.345024706716723 -0.30320463680552 0.100704515394635 0.12719492845357
-0.444735361671715 0.0419195050081272 0.0495613787914316 -0.12394871599625
-0.264719514066754 0.347275640132084 -0.0810943100602808 -0.0922440838400735
-0.0139015728678631 0.349848565029027 -0.0774046145491323 0.0712766280823019
0.135445680277187 0.280003864974905 0.023624838901187 0.13169972793213
0.250372141177986 0.193576421537365 0.124488873417684 0.107289311640491
0.253430648644632 0.15098550153496 0.160853483757447 0.0596152030304182
0.23125439721732 0.1943429481938 0.163259066739748 0.0646788615768128
0.0956533755905685 0.304378830969569 0.156090474942626 0.0876253803343635
-0.0799199412643953 0.315825469128627 0.125117845139327 0.133522620957951
-0.308792560142727 0.256171578250127 0.024598014241491 0.17214067973789
-0.387379171693946 -0.0475184817205811 -0.111681964788999 0.0886020229639337
-0.21723107517324 -0.357356507524523 -0.107554362593712 0.0393132502180674
-0.0572402464852068 -0.482504703466589 -0.0136577535868742 0.117907615514728
-0.140495525227679 -0.347656904287564 -0.0614568038246865 0.388934639481981
-0.297218231057712 -0.213497870903256 0.172930620052869 0.234383100905259
-0.341552268943393 0.0572216649493976 0.0887860742929073 -0.088551061659009
-0.178640842470913 0.262043171146464 -0.0696504601141826 -0.0653928532218133
-0.0106669643403797 0.249971539390303 -0.0740512022297687 0.124109238980333
0.0943158892381629 0.210233417053025 0.0640250500494436 0.208244183081909
0.179000855021043 0.153460899824625 0.194974671388408 0.175337700009519
0.17501701872675 0.12026399830757 0.238701780929925 0.120159144895832
0.150321911344206 0.149992976733263 0.226182369158668 0.128610235618982
0.0426759519858357 0.216613320605602 0.180257895407615 0.157443974307667
-0.0780553358387597 0.198602523700792 0.106043521249655 0.180980751706386
-0.19814889226903 0.135796688273361 0.0121125370827284 0.171903618975063
-0.230677622499088 -0.0359999174130969 -0.0764795423934947 0.0960650446377416
-0.139795801623282 -0.227628512837957 -0.049466096692969 0.0918480579267005
-0.0667824292220553 -0.350048843647529 0.00392106242346518 0.257701296534958
-0.122885193599604 -0.191117425679226 -0.0527058123797197 0.519492977985485
-0.192053215904482 -0.0878827557296306 0.222252225052539 0.322412571085013
-0.173425996157264 0.0603858352713071 0.128079946908329 -0.0401639536365779
-0.0613145313421047 0.127394959046756 -0.0429039628090742 -0.040691938774738
-0.00760929446932752 0.105635260981961 -0.0654869699738552 0.149756257435025
0.0341959594729939 0.104638225499573 0.0885001476973035 0.252803534538658
0.0754029720841257 0.0887113724989273 0.235698809194362 0.218911426757257
0.0693449339609351 0.0730392982236264 0.281101372681419 0.16258344458946
0.0507792527825894 0.0865924591311792 0.252528822539862 0.171574660141758
-0.0102324314081364 0.105165551747823 0.174142149490828 0.198277896677139
-0.0612012220436721 0.0680160380469506 0.0707681210789235 0.196151107038729
-0.0716599825137653 0.0181156285296406 -0.0033102878945599 0.147716844440476
-0.0683865787526999 -0.0133890146769637 -0.0438953980583126 0.0903400483380115
-0.061369021813249 -0.0765352687780521 -0.00141765248910206 0.110433145889292
-0.0721781064184178 -0.173183162601966 0.0311275348379061 0.335192310598669
0.0505632993079825 -0.0423091942499315 -0.109820807675653 -0.333371880568948
-0.00746386484642002 -0.0702410193412693 -0.107060727204881 -0.153225622135278
-0.0760907280071098 -0.0123529101537141 -0.000340979872448835 -0.0732143005260827
-0.0439117499304748 0.0761326778691341 -0.001271620112518 -0.0896044429203132
0.0366382365952083 0.0598296984980324 -0.0357982477880414 -0.15845347330656
0.0543132374000892 0.0116234585783503 -0.146749696920863 -0.200379043382941
0.052221478605672 -0.01743821517161 -0.239462620974981 -0.170755244826267
0.0468436461736804 -0.0183378111802083 -0.28441144904162 -0.148352931062298
0.0379161478745876 -0.0110566696665171 -0.256671557479176 -0.185514881570893
0.0272072406767018 0.00976618912852288 -0.131855467352084 -0.2263547087677
0.0074061826256023 0.0286078728108253 0.0178795179520725 -0.165821065879394
-0.0461732764851169 0.0229884910080217 0.00951480811712644 -0.00532908872985247
-0.0273252330422948 -0.053995582939499 -0.131556813878322 -0.00884685370937944
0.0738950951001011 -0.0502523743881058 -0.217835364565497 -0.276176163213786
0.0920708679385199 0.0257069421590078 0.0239814787846451 -0.585899337166542
0.0171617040610473 -0.193346324884384 -0.101509565964638 -0.316874069352619
-0.0827776166694388 -0.174451439542071 -0.106604209658506 -0.15107196928792
-0.189961119713212 -0.0254518613725125 -0.01966122080351 -0.0818179038902147
-0.134456252215546 0.160240079916564 -0.0178922393822355 -0.0783561601601701
0.0184543092410339 0.169785761821583 -0.0274651383700443 -0.128187154333324
0.0969816462302554 0.109524899672942 -0.117843983238636 -0.175152958101373
0.149217071187744 0.0525756479386676 -0.199042768119745 -0.159371584952792
0.156005925634269 0.0360742092584469 -0.239286713383078 -0.14770230583121
0.150192219861205 0.0628240518101058 -0.215023089451659 -0.182661468114413
0.0909657724481525 0.13682526873621 -0.0955813377727052 -0.218382199274777
-0.00496159120681705 0.170313126977922 0.0435935857166334 -0.149207730356676
-0.167443825711339 0.155748923310059 0.0121193503422559 0.0157583826964537
-0.203963649347802 -0.0542325953396661 -0.160170459700108 -0.0165991869882027
-0.046193922855579 -0.200946539343241 -0.232585763677158 -0.273153598033514
0.060964285599899 -0.183188616316559 0.0438007007916626 -0.540207492612554
-0.000927649583981774 -0.32463680639234 -0.0832871079875101 -0.251109465948417
-0.144867260233738 -0.270560962770804 -0.0831685067909156 -0.128451760258873
-0.295698937119577 -0.0279181630272479 -0.0275564242669376 -0.0986129880502963
-0.212702530518333 0.237127291621954 -0.038648387705839 -0.0823879754308733
-0.00078581661631742 0.265011543782986 -0.0356671066904385 -0.0941592761391264
0.127280433402527 0.196745741427493 -0.0898103759285098 -0.124727436926703
0.224135314971492 0.118329951525977 -0.137044632942139 -0.118019225816906
0.240417727911552 0.0839804068985818 -0.159823065896189 -0.118733200442644
0.23848642624627 0.126463674802832 -0.139493106857754 -0.145534856568741
0.140016124693344 0.245554366728297 -0.0410798814212257 -0.173649950589835
-0.0221201765114067 0.29210002122975 0.0728442865129401 -0.104056953187846
-0.274082659594616 0.266605624280295 0.0205248713239101 0.0516835908406802
-0.359574583924629 -0.0504831176461293 -0.174649229472595 0.00370331770229597
-0.164931063167785 -0.328062489816323 -0.239559313978527 -0.2196496165036
0.0111116826791096 -0.372742954019563 -0.0196994102009873 -0.429829650848799
-0.0544580963441175 -0.418966984474551 -0.0918992353416748 -0.127283749413296
-0.237654869663332 -0.32583458969949 -0.0459876664610802 -0.0697123740734226
-0.389713495982658 -0.0260894178099091 -0.0139043657532543 -0.120085642559057
-0.280603236490989 0.298189930790597 -0.056750229713142 -0.0959416790772323
-0.0266983189876041 0.337795680890024 -0.0510336804542349 -0.0513640002863572
0.135394726284681 0.267631192689295 -0.0558312575695238 -0.0533881813718035
0.262324885324985 0.178113857358785 -0.051713938355163 -0.059223858290415
0.280063204928481 0.138449351914772 -0.0498564518894369 -0.0746901085206485
0.272667741748441 0.190065384038071 -0.032527199324057 -0.0912136122897897
0.1398935320966 0.32706407015224 0.0360681406793083 -0.0977956055050481
-0.0602096127743701 0.365138438777357 0.103633148010885 -0.0284374943452899
-0.359740564962032 0.319952255183439 0.0270566264029652 0.0972270950724088
-0.458022421522429 -0.0683197521878006 -0.167108582938731 0.0251755664966923
-0.221500814281081 -0.421018739110006 -0.207670231118305 -0.144851038315405
-0.00191191431341243 -0.494861801584861 -0.0159856916541421 -0.259819439223422
-0.0899950004150438 -0.46295941002463 -0.087723670752787 0.0327981889850323
-0.307130426106592 -0.343036958666228 0.0186444698906354 0.0180231519890747
-0.446149725905128 0.00344353304756781 0.0104930745233611 -0.130693826402436
-0.296289392963842 0.346891087852335 -0.0761264052065463 -0.100952487942699
-0.0267740827679115 0.371918382155256 -0.0701974670130114 0.00621660710433912
0.141166456049437 0.295200059823392 -0.0204535068038209 0.0382421433450795
0.271226552591474 0.201070735838419 0.035489443412386 0.0223579483587228
0.283855777081879 0.15575569925168 0.0578066971128243 -0.00813239918928803
0.270017768059609 0.207292652901152 0.0694343970864071 -0.0143815997398716
0.128309086454312 0.342618779461427 0.102257148979234 -0.00444294793892801
-0.0760014006650656 0.373101116478921 0.120573656271972 0.0536872865610744
-0.367622695003936 0.318044726199782 0.031903698073378 0.141540217120052
-0.465333999239613 -0.0619148589103447 -0.142134240246532 0.0624601969887825
-0.242493841708315 -0.427137580470003 -0.163362827416074 -0.0432213274388972
-0.0258923597186483 -0.528768724093454 -0.0212022307526427 -0.0656302778576048
-0.121670607395477 -0.436963263642047 -0.0782928684073924 0.212071941830439
-0.328701436574251 -0.302391992074674 0.0958979084460633 0.123942193890776
-0.431347007567666 0.0349164667126738 0.0447497457688321 -0.120056135971945
-0.260266802752291 0.334385248104273 -0.0839848479309477 -0.0894426476402206
-0.0182372010734803 0.34150045748107 -0.0789575171994229 0.0699100746093305
0.128168306456327 0.274840397204519 0.021070229207546 0.130937631194951
0.24180351115378 0.192128064827828 0.120707885622096 0.103842313198492
0.24425178188851 0.148251971173586 0.155877483800326 0.0597007592782025
0.222872162358079 0.192391591513304 0.15845110063325 0.0618767214458026
0.0900603713137707 0.300206807106718 0.152059931990449 0.0845937422922417
-0.0828287508246426 0.306840570188928 0.121282364737113 0.127626935594198
-0.303677824962867 0.244345827258157 0.0277211809546669 0.167854223154963
-0.373415084475183 -0.0540456309807318 -0.108916647309477 0.0884740041017646
-0.203261114665571 -0.354100894490354 -0.10607400082643 0.0421784216797458
-0.044655900292277 -0.470789960867442 -0.0145866663433451 0.115563247860601
-0.130849860520451 -0.339711702078039 -0.0676609888588795 0.378243265614223
-0.284824336326218 -0.212813488140981 0.166257612160512 0.229916445659597
-0.330264468872831 0.052778108901897 0.0828371885628334 -0.0856610773316307
-0.175786175215461 0.251505052456279 -0.0732361543056699 -0.0643416272253765
-0.0141537565240845 0.243709212314188 -0.0776444464806048 0.121193504205015
0.088840526871836 0.206607793635651 0.058583904731257 0.20736454479663
0.17193636368944 0.151751223425679 0.18863950532778 0.172847173127902
0.167370730881591 0.119167927196285 0.231351239405522 0.11981835797807
0.144112499886687 0.148182123505733 0.218638260152655 0.125819614411523
0.0386132263772897 0.212976374296365 0.174473441678693 0.152874939017385
-0.0788166639764245 0.191784210701876 0.101135979383205 0.174114531126489
-0.194107229936451 0.127645592116793 0.0150209346739298 0.166160258370055
-0.221174963720376 -0.0397515725329343 -0.0732889381540153 0.0953485509751938
-0.12872483414658 -0.224395627860838 -0.0508055403905912 0.0937104531850379
-0.0565046258117877 -0.338830753685669 0.00138010170975758 0.251080080055071
-0.116694759115279 -0.186862132263092 -0.0594898295925013 0.506308001100629
-0.184640476909594 -0.0869285315866793 0.213643800949869 0.317150549664585
-0.167252849383318 0.0576805970029596 0.121380145495043 -0.0389686437997854
-0.0600339963553981 0.12136710195136 -0.0467359131242596 -0.041673141869799
-0.0104166429276537 0.102589418998403 -0.0702119755264372 0.14604651442086
0.0310937685343225 0.103030837626161 0.0813875671629543 0.250897193882524
0.0713066757229226 0.0872749383734532 0.227761843234851 0.216660829546939
0.0651311147123596 0.0718931429105359 0.272540463828976 0.162139731270307
0.0473440630829084 0.0847089780449474 0.244224704930823 0.169361058439714
-0.0124722050174991 0.102922697018093 0.167062163104994 0.19333895764017
-0.061455227767536 0.0646402048044248 0.0669549689349656 0.188506975247712
-0.0699801337880201 0.0145508161527197 -0.000567860694498555 0.140844100905179
-0.0632779501959954 -0.0148552819514472 -0.0407664529218092 0.087398312968313
-0.0557017285039102 -0.0750231620998544 -0.00405868938532884 0.111722305753515
-0.0664648415292173 -0.168772639270077 0.0260066040277884 0.326819643269639
0.0269237200520044 -0.0540626809204445 -0.233915799271182 -0.266356092693056
-0.0360001396756207 -0.0587110271121206 -0.167450908285084 -0.0987677652703465
-0.0762415476822147 0.0208076860825827 -0.0365124138535072 -0.0623290581522908
-0.00854132047567181 0.0889983770121076 -0.0378147232121489 -0.0726775930302273
0.0579695285627557 0.0413095878046693 -0.0938744205396155 -0.126668146267465
0.0542446958090169 -0.0104844813514497 -0.215970327516241 -0.12187339818971
0.0418370803553132 -0.0390838208491711 -0.291142401741447 -0.0580776548328134
0.0389974087241834 -0.0361081783884816 -0.323190675191205 -0.0156919893030294
0.0316312146235603 -0.0263650841755102 -0.314420381300972 -0.0619266291282646
0.0291255726736747 -0.00268787929741072 -0.21699046494459 -0.153637187859231
0.0189246577887046 0.0243379716834848 -0.0512149342808601 -0.162740960611833
-0.0322072888651075 0.0422618474265379 0.00815694223787256 -0.0116693100290642
-0.0501860097391711 -0.0391190564021045 -0.117247727664648 0.0462648540283893
0.0442773288485642 -0.0831533220074131 -0.306880186749703 -0.158746489767285
0.0972477699594891 -0.0222998672784243 -0.214971455470745 -0.5433621456375
-0.059127097852603 -0.181172222841934 -0.225211270870404 -0.256580816489814
-0.143420758969695 -0.126272473648239 -0.168948204391205 -0.0958311977115531
-0.184815839891903 0.0524474156136879 -0.0596193308690906 -0.0561431879956996
-0.0554259526467631 0.198565491466129 -0.0476821266778673 -0.0485101204193196
0.0849419538456796 0.147828086104585 -0.0698340399401531 -0.101096982628764
0.132684538144459 0.0618552932200144 -0.175522577603636 -0.110291574983105
0.157839631359179 -0.0137178844298567 -0.245174182800677 -0.064700243533569
0.161343298862738 -0.0277667172891038 -0.281018879166402 -0.0331689210243135
0.165770695654412 -0.00366953342199468 -0.275056982433368 -0.0750231195485654
0.140949968256131 0.0901853112675863 -0.181703036424341 -0.15811400212243
0.06480255905629 0.162256999068981 -0.0272694416095835 -0.157813016352384
-0.0876833590041986 0.21290505879938 0.00761362320775529 0.00330075932537496
-0.215389407368586 0.0305917653751821 -0.148049185832975 0.0466627299069243
-0.129812637292952 -0.17410008850667 -0.311650210777952 -0.156249718579133
-0.0216523557262963 -0.206017819911391 -0.16988426602564 -0.510262515258049
-0.122723037078217 -0.296650909734346 -0.187557077385287 -0.203843604893619
-0.236421138123412 -0.190805209751409 -0.141124663062919 -0.0827949349584336
-0.281189618997324 0.0893539007647135 -0.0759569695115108 -0.062858305717728
-0.0951319554708546 0.297341260246422 -0.0686738184464362 -0.0372415387652743
0.105481834064981 0.240969691219036 -0.0593414280361711 -0.0643819540995795
0.195752181564574 0.129248255328071 -0.126127859540855 -0.0754317790587763
0.25194644622084 0.0166548903879945 -0.167414604678133 -0.0528266857533477
0.259045280656473 -0.0161636379830382 -0.195218605926458 -0.0403307579999853
0.27394406260825 0.0202892268737046 -0.191559216477583 -0.0718235259958993
0.230534855447616 0.171002686594675 -0.114609631887965 -0.137381578161518
0.0977536004825746 0.283466491105115 0.0116670690514102 -0.128840232547408
-0.139231592825788 0.359362759846552 0.0200585319727729 0.0287312267496202
-0.360496535105183 0.0971969044837206 -0.153369376659538 0.0646297098489256
-0.293020780508187 -0.24395880580633 -0.290632467376241 -0.108858960188049
-0.150573843953638 -0.361568373423591 -0.17065037156865 -0.382106885745373
-0.206407402277313 -0.364874070825085 -0.150325058368536 -0.08650318023597
-0.341051512813203 -0.20767661942778 -0.0831325224489521 -0.0420720234021339
-0.36505310817468 0.127451127148921 -0.0743502937808871 -0.0831708267125542
-0.131383219277936 0.379789026657978 -0.0925773335100182 -0.0382543935728694
0.110954037871164 0.318690984121273 -0.0540072666263885 -0.0171137428650646
0.232047608097312 0.191313327504512 -0.0629065391945942 -0.023050519880432
0.310656359036178 0.0574412328988864 -0.0608952978615112 -0.0328952007215243
0.316635536924161 0.0190312239553102 -0.0764660779164505 -0.0458882214331466
0.331374952685895 0.0659080737104209 -0.071079663947488 -0.0668896707884387
0.263584298554057 0.247429583957504 -0.0137234218782475 -0.100168940436008
0.0937661619715228 0.368072263818628 0.0666956275883393 -0.0740425742364611
-0.194620397042374 0.44214895394073 0.0385091866045737 0.0637813531993715
-0.456974674432759 0.120071545968587 -0.138200022470386 0.0782180338869843
-0.38368012208597 -0.304127649449937 -0.225754734818368 -0.0549804738671092
-0.21626884348896 -0.469198903158391 -0.0921149533751232 -0.225961912540681
-0.251632871969964 -0.392861166164758 -0.085670744375851 0.0605429816503136
-0.409571153499306 -0.197559603944267 0.0122288288919219 0.0139660961843975
-0.406208587248998 0.175235144662079 -0.0555683726446648 -0.0996539166281637
-0.128643736973883 0.427891976427189 -0.112376037489623 -0.0332635953709218
0.124099244265738 0.348273461480999 -0.0471103838959525 0.0447965441812427
0.249042079480974 0.214136992064583 0.00792330822688741 0.046447142966503
0.328124037427991 0.0747419069320073 0.054461298655416 0.00582209087248668
0.325045497476578 0.0333427052288946 0.0508038422306405 -0.0309686922174073
0.335743103345353 0.0835003769153296 0.0544782107749727 -0.0399863502981045
0.258774303674855 0.267517467573149 0.0851595682178077 -0.0423581024474744
0.0808082830479293 0.381390996804348 0.115584423575398 -0.00612272821106963
-0.201588721114501 0.444521236833277 0.0608923018247866 0.100529425938449
-0.461939077629518 0.128343849127058 -0.100769639914582 0.100140692160009
-0.403856869241412 -0.29993196731861 -0.143618862187766 0.0185567820836814
-0.252486326833068 -0.488070074960074 -0.0150688293455764 -0.0458872075078626
-0.269598010070274 -0.359610574067777 -0.00476156661368691 0.223750114037358
-0.414363927854467 -0.153528321993892 0.129373504144509 0.0799283313144239
-0.379411033438932 0.197055980242373 -0.0183102373274669 -0.105014710417603
-0.100391903431945 0.40231195633179 -0.115126862565444 -0.021261700026708
0.119053017469109 0.317496703582033 -0.0304294521003776 0.106325714196799
0.228651692128837 0.200735196885857 0.0845791256056168 0.114804716949703
0.296605824023466 0.0787809248429268 0.165972447629395 0.0458213981985984
0.285549124804088 0.0423744672302996 0.169711689405315 -0.0101254142170686
0.284582658979646 0.0891618869214797 0.168615765401756 -0.00828888223677775
0.207661935752945 0.243192320897352 0.168618745735549 0.016621200452593
0.0481520638956149 0.321473793924219 0.148437590716523 0.0598130804787431
-0.174948408608317 0.349854240602099 0.0740094124528653 0.12760454955425
-0.372221164916961 0.0982201026604919 -0.0592428856821658 0.112310538185372
-0.335065028553143 -0.248178711150586 -0.0596166188358124 0.0763468056258008
-0.244124009212921 -0.423207195616851 0.0608229475090028 0.11633191192239
-0.240744345543984 -0.268784586429391 0.074584713406499 0.375521161363423
-0.338884147530603 -0.0890722249199431 0.240485369610498 0.146963322374876
-0.279716267892301 0.173443379237473 0.0333664770461581 -0.0958693089103221
-0.0581521876201949 0.294893231697346 -0.0971444298977976 -0.010801124440157
0.0848158074009972 0.22742043831303 -0.0124532555793301 0.151740740782467
0.165436481617892 0.153572680652354 0.148229468175893 0.16902621271184
0.216741433395503 0.0710386349945701 0.255472139001894 0.0809636008504343
0.201482864625936 0.045214131670776 0.264577951492424 0.0126174196687568
0.193333883472159 0.0807673957853863 0.251536787198715 0.0233427154459215
0.123446982151676 0.18303203386345 0.21867310080983 0.068102843613281
0.00473603203405582 0.211973413543313 0.15400477208775 0.110562757249496
-0.123761256048542 0.197287004536343 0.0711759394966616 0.133464633312021
-0.222498296277266 0.0504588467135696 -0.0244742862297042 0.108609816462774
-0.211905721704186 -0.157037894184328 0.00490864399881362 0.104786222261331
-0.198406415200806 -0.291163375649308 0.1237641682668 0.232306826544982
-0.170148612132244 -0.13264984953005 0.137480836467462 0.492488679374491
-0.198956155981108 -0.0137935428440126 0.324840953051864 0.205077163449053
-0.129001232767919 0.115510363477575 0.0909791112076174 -0.0769727704538891
-0.00673987897556202 0.131330537515925 -0.0640985926056419 -0.0104306249352312
0.0323859457131254 0.0974537683386502 -0.0025171799372708 0.169056990785704
0.0709246658197165 0.0810926199888731 0.184136165375767 0.199541715991538
0.0993472430470195 0.0529542647337914 0.306340957952237 0.105857685479569
0.0868206195938641 0.0414045333183813 0.319152436358707 0.0324587362506478
0.0771054955965005 0.06143671782272 0.29359927071595 0.0525302715891485
0.0311198469752817 0.101485773160346 0.230477268243015 0.10595567269654
-0.0317229243323126 0.0855761551022556 0.134949689927955 0.138843718355198
-0.0576980472773624 0.0412884080506209 0.056749601545083 0.12065424158501
-0.0637369783840632 0.0105612637026874 0.0018793562593374 0.092419812642247
-0.0803719448407661 -0.0466232052324847 0.046812960872819 0.105258445843743
-0.13438810051997 -0.125361604339782 0.166887748035846 0.289307619722207
0.0266917338638468 -0.0571681862057145 -0.240194565196798 -0.270953033024432
-0.0396298224799943 -0.0609047753916774 -0.176776494066076 -0.100839193679508
-0.078833540615505 0.0245847224149814 -0.0422751638459082 -0.0615694279390928
-0.00555087229273288 0.0931665979907061 -0.0394265294588532 -0.0692205361791634
0.062028452711545 0.0401299311446514 -0.0945093425072405 -0.126184296820628
0.0561731345424285 -0.0132722106215401 -0.221535638424009 -0.121412116519396
0.0431553227348426 -0.0418744697437423 -0.299827262618386 -0.0568155322461017
0.0396837374509143 -0.0394365644731666 -0.331723837679433 -0.0119393383834702
0.0338079553197246 -0.0283013797310109 -0.323013223485905 -0.0601152163389037
0.0308399370533561 -0.00296429781731183 -0.22504479914456 -0.158089754338906
0.0205880550417641 0.0254033928050738 -0.0523568490845142 -0.170366970557058
-0.0311446828461575 0.0456587573307002 0.0131912022126575 -0.0133584889531774
-0.0531793191458327 -0.0388246092909505 -0.114658934072825 0.0502488991251637
0.0416256788233362 -0.0871719078532047 -0.314172410651716 -0.157775001342153
0.0990144499661438 -0.0253989633771965 -0.226624517271857 -0.552601450581623
-0.0615321830123498 -0.187071984160459 -0.230311376917475 -0.260171602482201
-0.150255683394521 -0.130631257817791 -0.176882756085457 -0.0979396323860303
-0.188348363670707 0.0578181486736697 -0.0649713196325406 -0.0545677429070586
-0.0525052513126288 0.204771213148696 -0.0492551866321026 -0.0442847934579019
0.0906856529016955 0.148341526263167 -0.0693831617901069 -0.101265751376729
0.136869402491472 0.0608237548676711 -0.179777364600213 -0.111007254666709
0.162349977827985 -0.017739384479753 -0.253128815265545 -0.0647153711122184
0.16475685559549 -0.0322349597680595 -0.288620829616379 -0.0310994079355446
0.170931037143317 -0.00677252301852292 -0.284797336820564 -0.0749125138506328
0.146728862923822 0.0905750729984991 -0.189284278379617 -0.163614235669485
0.0683843661168185 0.165919277256423 -0.0286020199313522 -0.165104220894884
-0.0859312604535743 0.220843546778126 0.013924032863591 0.00206426187190088
-0.221233516386811 0.0335404242649346 -0.146528523712048 0.0525011887186274
-0.136307765661557 -0.179646336644574 -0.31936710302003 -0.15388329251352
-0.0218587889289056 -0.212287976336917 -0.17736584022138 -0.518951129733134
-0.126986822358916 -0.304116674692788 -0.191918122469049 -0.20664678770329
-0.24470753836673 -0.196668869264721 -0.147658176402837 -0.0843854651421712
-0.284922053178915 0.0951891415103479 -0.0818726251373396 -0.0607005320033518
-0.0908936878936266 0.305617651627964 -0.0704265202021952 -0.0319430485503348
0.11201494253383 0.244393856253531 -0.0590406291810728 -0.0645312959085146
0.202004178133654 0.130884132837801 -0.128283767922853 -0.0757252915288632
0.258391067051342 0.0125836470270298 -0.173139694368758 -0.0531693836533935
0.264405113802532 -0.0216396253864241 -0.20086417780277 -0.0397485864443374
0.281634478895497 0.015703194312828 -0.199585744837814 -0.07336309378955
0.24037531774068 0.173024878244704 -0.11988091172962 -0.143275080566044
0.102990968305159 0.289517138711698 0.0116003202194192 -0.136362503999048
-0.136745195160059 0.370428239589341 0.0268341992356373 0.0266311057069002
-0.367552858548322 0.101186413008422 -0.152446134588737 0.0726949977271195
-0.303312612287105 -0.250047416728294 -0.296848001789598 -0.104237027698027
-0.154800507787739 -0.370125834409417 -0.177608111770018 -0.388356995831059
-0.212172681609816 -0.374044422807025 -0.152919400417473 -0.0858955082613981
-0.351326777052097 -0.212666116133919 -0.0873698576954303 -0.0435500559446188
-0.370808850091758 0.132725815163392 -0.0799575607166582 -0.0810656511115333
-0.127914162419216 0.387876283961765 -0.0963271694335206 -0.0321195610725004
0.11955665070113 0.323788708765073 -0.0536903593129117 -0.0159455868874132
0.239722619002522 0.194019705946782 -0.0627450068909739 -0.0227707813114604
0.318966215688749 0.0540653302034387 -0.0640276684429864 -0.0346553742464856
0.323324738243258 0.0145768399614648 -0.0786781609618302 -0.0470884083713909
0.340963352192449 0.0617400693308457 -0.0757046382358138 -0.0694647654001852
0.275473612201547 0.251055797441158 -0.0161866527729816 -0.106356448619465
0.0992704879721318 0.376338883423814 0.0672154220492254 -0.0811171657430194
-0.193703077713432 0.455583605617291 0.0472665503998605 0.0622973758888236
-0.467256025623416 0.125112404112644 -0.136494490667675 0.0861691324443658
-0.395380931094796 -0.312075498171317 -0.230492324387837 -0.0503197613119461
-0.220239711429726 -0.479780026518955 -0.0950952006681567 -0.229286745499553
-0.25852678094481 -0.401290965756984 -0.0854699008261192 0.0639394872481466
-0.419506765028101 -0.202151332774293 0.0108798928366527 0.0125737605027223
-0.411411712308497 0.18265216573817 -0.0610495321711368 -0.0990882097688785
-0.124954447106683 0.437622417756891 -0.117487231711905 -0.0267896739269901
0.131577856647616 0.355279815182092 -0.0475209635351167 0.0475370179824225
0.257161452013617 0.21758701037869 0.0112983868053747 0.0486573089147623
0.336482654316222 0.072739887251319 0.0546891230962593 0.00392091096529082
0.331613396894279 0.0294893566055188 0.0509272118810911 -0.0334414622973172
0.344545179989257 0.0798508752180242 0.0537997592898945 -0.0434542623570852
0.270743417405786 0.272070512371065 0.0859446271772059 -0.0486371193766966
0.0877015009991335 0.39034179191525 0.11731357365123 -0.0119278394480884
-0.199703245632883 0.457929769087344 0.0695521713887877 0.0982505340870589
-0.470806975625921 0.133305311892387 -0.0983201522621654 0.107006088866119
-0.416978182193531 -0.309104463311923 -0.143671442989403 0.025363020732849
-0.259015882811957 -0.498283892342334 -0.0149055017473279 -0.0464430352552708
-0.276819369961612 -0.365616039737994 -0.00279277895746182 0.229249361132716
-0.424065790541855 -0.155445146324576 0.132521723280967 0.0789392206481262
-0.382680325146286 0.204767481179916 -0.0233396932524663 -0.105358460592426
-0.0971534275929725 0.410713212202743 -0.121449999489713 -0.0157224865896528
0.125825004470109 0.323955450079871 -0.0315788585862349 0.111606687293709
0.236360798144558 0.204424381899849 0.0902115705983198 0.119305097122131
0.3045237290567 0.0772309233544194 0.1703809528115 0.0442069605047936
0.290926378880967 0.0396747025342108 0.173601394977781 -0.0138579159328143
0.292454593158548 0.0868695346888781 0.170314044595641 -0.0122356761541053
0.216678730753515 0.247042936078511 0.172111767761762 0.0116685425562181
0.0529593915727673 0.32913555869402 0.151147114920248 0.0561722906462455
-0.175025452998981 0.35986280816982 0.0823342092877 0.124496849144977
-0.377676289155612 0.102640799378056 -0.0559281434458824 0.117787368007553
-0.344670012879537 -0.254303941965983 -0.0577217349496883 0.0834847150033137
-0.249081254819661 -0.429096624746431 0.0647737001014611 0.117770579736835
-0.247135536871368 -0.273151946743305 0.0788418971279251 0.384405141017608
-0.345290457659524 -0.0896316571454703 0.247517777912288 0.146371821361258
-0.280851064837353 0.179231887937438 0.0293557970620086 -0.0964929541181059
-0.0562327578599848 0.299664990249596 -0.103398608891424 -0.00577539524187619
0.088326012038949 0.232075541151679 -0.0128409882128765 0.158949708242579
0.170613962464013 0.156670993003412 0.155733904527917 0.174190606253123
0.222416579248737 0.0704288237982083 0.263209267517281 0.0792846604390382
0.204990504174426 0.0445223332700299 0.271150147900646 0.00832585371455169
0.198077449459689 0.0802882922922576 0.256343416631032 0.0201904766318148
0.129180265393672 0.18672264683102 0.223377806807356 0.0642887529276968
0.00622526354823733 0.217178848472126 0.157798984151475 0.107813699198035
-0.124684991385931 0.201456918317104 0.0781853454144198 0.129844928561258
-0.224073588557848 0.0520120720554211 -0.0214507111798693 0.11184045622002
-0.215691839791904 -0.160174780180295 0.00849884357943277 0.111350139833712
-0.201914078167609 -0.295992596151119 0.129370823126649 0.235553625234492
-0.174346646202593 -0.1330605665826 0.143759148613887 0.502596130392851
-0.201592829406502 -0.0115509199817615 0.335015060723321 0.204950808322314
-0.12787770847778 0.11857621685002 0.0887944099542964 -0.0796570861571966
-0.0058367658961437 0.132652261077901 -0.0710532985216563 -0.00740139852974
0.0326792685054501 0.100112215405202 -0.00275922639598033 0.177255608616158
0.073282268161532 0.0833816477606335 0.192576506996692 0.205339712955293
0.10164695918281 0.0538657273955778 0.315897843946393 0.103972672212789
0.0879415890532492 0.0428387589181889 0.327920196074991 0.0290814960480823
0.0779838817222616 0.0627284506787636 0.300896330413399 0.0491195706730843
0.0323735337215498 0.104321203128056 0.235963338513207 0.103913717563792
-0.0324320421208273 0.0878600125996048 0.138066673285546 0.136872153629886
-0.0596757260481273 0.0406415214067922 0.0615382867824729 0.116786548796263
-0.0628707941575761 0.00995690615202101 0.0057161865625506 0.0935871838600297
-0.0797481393474544 -0.048054715479796 0.0509529255627793 0.111442762803308
-0.136619616436319 -0.125453293257069 0.173849264655707 0.292316578527478
0.0236537488599797 -0.0596238217529309 -0.250523508653764 -0.265940360032849
-0.0452193925912872 -0.0610787061497298 -0.186320770403128 -0.0962131226252702
-0.0794347843331916 0.0308138374042321 -0.0491265269700644 -0.0582663610164256
0.00112557395283373 0.0960965797110133 -0.0429205309736231 -0.0641595105563866
0.0671099422156542 0.0366177290602796 -0.0986106609154051 -0.12154039912195
0.0566408379964305 -0.0169782687155503 -0.228062755572471 -0.114112264077602
0.0429130113826101 -0.0462379882746154 -0.307036053667747 -0.0457288028262158
0.0388158934087077 -0.0436485911363339 -0.337276551563952 0.000737290904935949
0.0347835736341923 -0.0304980116722138 -0.331764892231242 -0.0493332683370202
0.0323188022096449 -0.00439470676321834 -0.234705262734163 -0.15524985999719
0.0229142567676993 0.0258765231870215 -0.0583222537708888 -0.175709616398166
-0.0289220090420586 0.0494203135024132 0.0180928452310741 -0.0159352359772861
-0.0572811343597216 -0.0367209936452316 -0.108536012156742 0.0555039000329341
0.0365736633448086 -0.0908823558050193 -0.322190287919266 -0.146822464840311
0.098799072856984 -0.0303899099887524 -0.24746411396445 -0.549396722210638
-0.0688166082846994 -0.188776251235775 -0.240471227030742 -0.254536260388535
-0.159008506077224 -0.128756495169539 -0.185907966882145 -0.0933361407726771
-0.188446529550997 0.0671304704939562 -0.0709506390838099 -0.0507644301149433
-0.0421538461477139 0.210470688642916 -0.0507842860466002 -0.0378846642352918
0.0999852706860822 0.145298131734421 -0.0725165556468303 -0.0989751202936062
0.142061922091689 0.0554888067292236 -0.185276113919485 -0.105454415490972
0.164371190362357 -0.0264253908314183 -0.260761392764536 -0.056202036146087
0.165442818549022 -0.0409239328642103 -0.294676122873631 -0.0204283730347817
0.174676494950764 -0.014979910230683 -0.292678070427564 -0.0657622848468458
0.154114042829078 0.0863025257679595 -0.199234503227384 -0.162086144216199
0.0763389081802354 0.166742216993297 -0.0341782183221872 -0.171806034062653
-0.0773395143511177 0.22856638187426 0.0201652168113871 -0.00103692466171481
-0.224314033147194 0.0417764877711276 -0.141023732459993 0.0617643899496884
-0.146211516198738 -0.179099589733643 -0.327402310421645 -0.141779071014481
-0.0279430764509239 -0.215873013270913 -0.199204725386948 -0.517795930921578
-0.138219574907762 -0.304781013853387 -0.199490332023622 -0.200861712466344
-0.256408427119663 -0.193344863046521 -0.155605553988587 -0.0809744254148897
-0.284502390501209 0.107525446718612 -0.0872554930639681 -0.0561345177702959
-0.0781954662326184 0.31283293376336 -0.0712604574309888 -0.0242771238764131
0.124942679206739 0.242271727257495 -0.0608781752269703 -0.0628111009514351
0.210725254979757 0.124731945127754 -0.130541031275616 -0.0726014799315092
0.263757872162932 0.00113206953972662 -0.179190766318153 -0.0478693230117843
0.265995610988096 -0.0339303532597842 -0.2062801278277 -0.0331258097187054
0.286639607627538 0.00268110571437054 -0.206372667461272 -0.0667383158782161
0.252779838134556 0.166643221199553 -0.128636090847458 -0.145313299172357
0.116075689802229 0.289720310255123 0.00625003885306198 -0.143213788967323
-0.122229255826692 0.38173445303038 0.0343863273097795 0.0229556702882753
-0.370645587995255 0.115804397340708 -0.146051400941891 0.0833618915350675
-0.318280111864605 -0.244465747649524 -0.302319404680662 -0.0914199667308412
-0.167632133497137 -0.371103862608152 -0.192960162104205 -0.38532159469786
-0.225896859452097 -0.372740999576342 -0.155798072104209 -0.0814527054754018
-0.363463572694563 -0.206406151567753 -0.092327037429663 -0.0426949534895235
-0.368908036122006 0.148526664418231 -0.0863454765785029 -0.0769204207074272
-0.112907808547868 0.398664750030206 -0.0986462194759122 -0.0231168309324318
0.133478608196885 0.322237290277658 -0.0543677911675856 -0.0138540675624953
0.251036002132236 0.187750651396847 -0.0626298850270746 -0.0207213936981475
0.326285854815568 0.0402354678221848 -0.0680872906145655 -0.0333561000562133
0.326876992060734 -0.000176106684563537 -0.0824253856360242 -0.046028084721645
0.348690195983716 0.0471482308497808 -0.0814117942785099 -0.068134052751483
0.292626736685646 0.243834916422268 -0.0220850142666359 -0.112051951726482
0.11525658138755 0.377910740490548 0.0643300659163183 -0.0894104037021475
-0.176423043460596 0.469014867279111 0.0566037841478642 0.0570556993152876
-0.469024956334344 0.142136167186362 -0.130363140702523 0.0973481111451926
-0.411583749592698 -0.304737590645686 -0.233045605674249 -0.0386815196763324
-0.236813534398595 -0.478608239962926 -0.104269817967552 -0.228278166251473
-0.274288294996552 -0.398297284700337 -0.0830103721457849 0.0678986597533476
-0.432500879470479 -0.192111957081535 0.0106121406260345 0.0105790635935606
-0.405964011659536 0.198496659376392 -0.0684742166632679 -0.0949494806690178
-0.108239345168444 0.447279665903837 -0.121150984849285 -0.0169810251188163
0.148087354433998 0.35528024999262 -0.0455673819440148 0.0506581423127325
0.269880039671904 0.212873901812584 0.0156420210247718 0.0495881621115003
0.344481856487843 0.0593942625698111 0.0548176311707874 0.000439445774610094
0.336154678135016 0.0167297205790411 0.0507392092618553 -0.0372750036445342
0.35219123023169 0.0655767828700905 0.0509823946525395 -0.0475521369588778
0.287701125046728 0.264896173986212 0.0837960257867711 -0.0567842349362027
0.103909632604012 0.391472855799577 0.116898391235664 -0.0215269786200589
-0.184430049363959 0.470335277116132 0.0801926848392129 0.0912421571793099
-0.471373870274309 0.148926064026169 -0.0912917122503493 0.116511860205167
-0.432216114702671 -0.299978158936468 -0.142080390482903 0.034881126504387
-0.275098571127382 -0.494167609413967 -0.0151303917531444 -0.0469310224831429
-0.291591954060989 -0.361050299431179 0.00576739480896027 0.232512414629515
-0.435227161485754 -0.14530156146987 0.136582313024116 0.0727189099071069
-0.377255671074018 0.219533109748353 -0.0302657101652803 -0.104065395900473
-0.0817504322629654 0.418379418620673 -0.126411319033936 -0.0057012010146697
0.139681260430124 0.323846084432515 -0.028292072440503 0.11627481923974
0.247861591050041 0.199867907773553 0.0988335060102018 0.118853417030963
0.311646153604956 0.0663651533488604 0.174886394792711 0.0366973612224077
0.294155358335965 0.0291430089862562 0.175948510932248 -0.0223853379460735
0.299085860420034 0.0751167343533812 0.170333032716832 -0.0202564472876361
0.231134821794709 0.24312121296347 0.173437872824641 0.0015793953852719
0.0662439797802314 0.332336554044311 0.153622605181147 0.0464342180502201
-0.161599141220049 0.370012445970008 0.0923785864628214 0.116955333665399
-0.376706351757912 0.115244581640841 -0.0486772366857254 0.124012751216598
-0.357322046086871 -0.246840269016951 -0.0522563066163716 0.090788436767295
-0.263288603406036 -0.426015848515758 0.0709218972109856 0.115994872453141
-0.25841535414781 -0.266937715483794 0.0937840590750893 0.385624462328721
-0.351951799624398 -0.0797416771888259 0.256991469289106 0.135849154510936
-0.274497453296364 0.189321219011579 0.0232434397825004 -0.0976666944562131
-0.0445205030400526 0.3039005955171 -0.109549068149603 0.00291942710558298
0.0980039100590787 0.232655266860696 -0.0084611331091455 0.16449340206051
0.179788855181392 0.154186915771156 0.16721091147785 0.172838975507778
0.22778860824473 0.0639117487471933 0.27039508937709 0.0692952789587453
0.208010921374201 0.0379874689441625 0.275520332209211 -0.00340899399299626
0.202202551375938 0.0740749265461535 0.259019503514215 0.0091974401035271
0.13916015776409 0.184982560038317 0.226808900955863 0.053688500582735
0.0140766556592656 0.219705447120598 0.161506300198036 0.0993877284423794
-0.118373259445065 0.20702303632829 0.0868388438448244 0.122444923766455
-0.223676602527414 0.0579443458618041 -0.0144610313461372 0.114598970511189
-0.221532001233707 -0.15687745250009 0.0157157710771742 0.116612874028115
-0.212172108269938 -0.290687052789813 0.140442629348174 0.232161661778571
-0.180624635654083 -0.126797356519975 0.163780537028659 0.50197173803922
-0.202845737509906 -0.00504809005998411 0.34726568390508 0.191964110402165
-0.121859500457152 0.122884609093219 0.0836124273597999 -0.0836815076502557
-0.00167350088426355 0.132918502050412 -0.0771673168895541 -0.00180429800106771
0.0357383811146252 0.101405731984247 0.00191579768280922 0.183798919170616
0.0777445097724196 0.0827111473648364 0.205605177832775 0.204354432713279
0.104737490201673 0.0525494263707001 0.325880060780658 0.0932110973586693
0.0895718907020924 0.0422324375251598 0.334404290375149 0.015381550977158
0.0803220254035656 0.06127459595793 0.305824830185877 0.0364808595511642
0.0371374860118699 0.105139369154454 0.241113248948336 0.0943691596582318
-0.0301540836196847 0.090217636033125 0.143647029044053 0.130235880610274
-0.0601868889812897 0.0407034867682286 0.0680582251047331 0.110122726666751
-0.0606754426528398 0.00979517049880877 0.0113569735685688 0.0933866474955939
-0.0798752509974707 -0.0473209475535261 0.0580790225800354 0.114657850617757
-0.141097572220664 -0.119872412470541 0.186780470098745 0.28762282985735
0.0193854436346907 -0.0607708841230395 -0.255507349436884 -0.251749526006063
-0.0503911586219873 -0.0583690196069255 -0.191250842387393 -0.0865017850130354
-0.0772940170169125 0.0364706063247419 -0.0544660450969351 -0.0525052574312634
0.00766717388284992 0.0961324069738789 -0.0444907321036743 -0.0564300945090457
0.0692418721546068 0.0311516685975527 -0.100178672290006 -0.113015660518895
0.0551608174292393 -0.0207522021458966 -0.229046375410193 -0.101409621686598
0.0399105877090855 -0.0501947487372473 -0.305690597019541 -0.0306655524921145
0.0363259723914168 -0.0471100845910666 -0.3330359553969 0.0169001132468607
0.0340450534871288 -0.0329103306179243 -0.330534120172532 -0.0339697879922543
0.0326209890151573 -0.00546495753329683 -0.240644957003995 -0.145460479735989
0.024887031037244 0.025217552501365 -0.065490403722313 -0.175924180462643
-0.0250137943394415 0.0517362023470952 0.021969992755252 -0.018840701747042
-0.059723570806803 -0.0322942357835304 -0.0993350683596064 0.0591258211465984
0.0297897061908199 -0.0913846016758191 -0.321807162546721 -0.129975320137298
0.0958499710686504 -0.0360636794721375 -0.267508621182882 -0.529478535421607
-0.0766652698822277 -0.184061025331408 -0.244963753011195 -0.240165315894949
-0.164813233070977 -0.121479288520216 -0.190284041854319 -0.0842344283517893
-0.181291323908851 0.076127857065067 -0.0753174698002742 -0.0447193827641957
-0.0296628317395299 0.209637904625837 -0.0503576522945165 -0.0306404180211606
0.1061655070031 0.136874824331047 -0.0739558973226116 -0.0933859468494262
0.143037795185613 0.0475222461593573 -0.186481017591204 -0.095524565757691
0.160657609866919 -0.0356131988495766 -0.260731758842599 -0.0434707644661282
0.160957069500061 -0.050129974054928 -0.291774437393482 -0.00650469359559778
0.172476570165357 -0.0251436600880962 -0.293361230889261 -0.0517095176692515
0.157522531045485 0.0778509507290187 -0.206128768680413 -0.154660870285634
0.0836275359755652 0.161271346125422 -0.0416010619521492 -0.172167646839756
-0.0638194898125465 0.229523157408389 0.0251758267628804 -0.00452477583694896
-0.221264866515938 0.0502915292070579 -0.130422941269081 0.0690092940465393
-0.153930560856254 -0.171403017146707 -0.326578661976114 -0.123355628804984
-0.0351672061052442 -0.213242641852289 -0.217086288242446 -0.499748864885382
-0.149093306968491 -0.295770602154221 -0.202248477668437 -0.190307599383996
-0.263268659269665 -0.182301448009617 -0.159872517715305 -0.0721342849252691
-0.273249885531156 0.119012543081353 -0.0906891484353623 -0.0495552760461359
-0.0607966810669179 0.31154365581924 -0.0703177654324105 -0.0158940828175357
0.13527449087719 0.23163527541688 -0.0616544501225429 -0.0583786310828682
0.213643658898791 0.113417827870266 -0.130987808617416 -0.0662146850154566
0.259491810245242 -0.0122733915771326 -0.180033758027747 -0.0401404152610606
0.260599229403069 -0.0469653293412994 -0.205017636813537 -0.0239522622280945
0.282931025458576 -0.0119535055363335 -0.208018522516261 -0.0572101580145869
0.258800275773654 0.152505540646957 -0.135940595424981 -0.140851093381362
0.12803142719261 0.281882721979188 -0.00110763488159296 -0.146649512339084
-0.10118742122484 0.382527945238227 0.0408586395971712 0.0170623318276442
-0.360629848078917 0.128896715166009 -0.133999554534141 0.0916663284530825
-0.325051150445545 -0.230568063613217 -0.29996932699283 -0.0748991608738466
-0.178064173744027 -0.359887597912851 -0.205692393524478 -0.370800994485701
-0.237625918747453 -0.358703990829398 -0.154346317173053 -0.0736159437901572
-0.369227011959404 -0.191197912358592 -0.0947303696381271 -0.0398623501515987
-0.353965192795165 0.161733108528108 -0.0909312656413814 -0.0700919870257976
-0.0915326426904134 0.396391266476896 -0.0975986072157665 -0.0133015700869416
0.147489763371621 0.311259172717751 -0.0543919375574117 -0.0107982228347793
0.257030871997859 0.174853179753241 -0.0604384526918367 -0.0186010879146374
0.323479950808073 0.0239285122515001 -0.0691185664410681 -0.0312656141409338
0.321262493289215 -0.0153024070896282 -0.0837910788768012 -0.0424922658816979
0.345315776935745 0.0284486239233347 -0.0844328554019579 -0.0645342938849262
0.301411984832425 0.227279071298947 -0.0288799666887487 -0.113051298602601
0.13079640069666 0.369405258481453 0.0582230872235157 -0.0956613052451271
-0.150292785693555 0.472551340885863 0.0636145460653529 0.0478407304854521
-0.456539650933887 0.158013550126728 -0.118276977041429 0.10465907443568
-0.419430319482742 -0.285356774554964 -0.228313698988236 -0.024731692312748
-0.248839004761953 -0.461865743189583 -0.109903831456743 -0.220312043763298
-0.283998933480453 -0.382269788961732 -0.0774701569641038 0.0696367101587664
-0.43335007343738 -0.174578924680877 0.00886794382966899 0.00705758154719087
-0.389876764098957 0.211448806216537 -0.0741399494653408 -0.0891525874596006
-0.0856834946517083 0.445301633943571 -0.120470433247116 -0.00561244888928217
0.16188584207058 0.342805337315098 -0.0441775808227371 0.0526392365217039
0.277025783309352 0.198898331447659 0.0198172820259939 0.0480990287817294
0.342622229771745 0.0427052905028464 0.0539843083215968 -0.00340270320541187
0.330428137316986 0.0013645066087143 0.0483022209056971 -0.0403946370119076
0.34931354579656 0.0468866213842221 0.0462651234936055 -0.0501912669440056
0.298422434075889 0.248362482895679 0.0775680282323883 -0.0638082441119472
0.119587173690753 0.382783852102811 0.112199223950902 -0.0302108614535343
-0.157969427433934 0.472763401701077 0.087336623814874 0.0803563202231825
-0.45796481367628 0.165444655041044 -0.0796625857849155 0.121843470209328
-0.437696560373021 -0.28039606362349 -0.135710758018006 0.0439205340850386
-0.286755252590219 -0.477505700439253 -0.0162890774059654 -0.0462972790361811
-0.300429988510115 -0.343977397268311 0.0156646770548443 0.228249410701951
-0.433937288756087 -0.127739878021138 0.136479267443483 0.0622038518542028
-0.358444350332473 0.230786863851404 -0.0375172687036221 -0.0995741161368646
-0.0612705530447247 0.416561016310429 -0.126812888566573 0.00541827265748962
0.152125100161162 0.313738527644358 -0.023749233857647 0.1174861843574
0.254280298020266 0.187889201894977 0.10518103391995 0.113614319487129
0.31004574805924 0.052296581844323 0.174216788832324 0.0271524652625827
0.289918738803872 0.017038972398852 0.173034644036784 -0.0320265613043048
0.297119930503418 0.0602350027097703 0.165835875015149 -0.0283986374231644
0.240546648883385 0.229383573831147 0.168883973583381 -0.0103640012726756
0.0793238019670052 0.324930893388857 0.151471270704184 0.0354242566492378
-0.14231991832596 0.370395363769585 0.0993421162555141 0.104274410841417
-0.365621394001485 0.127035863857048 -0.0384331630918826 0.126370885818741
-0.360905388483226 -0.231070739906556 -0.0443059939390234 0.0953677315622121
-0.272453501292705 -0.407345222985749 0.0751428845961594 0.109497565297778
-0.264109799667314 -0.251792347187319 0.108874389015075 0.376186140408183
-0.34934829278002 -0.0655171761343304 0.257877753164504 0.119376221836474
-0.25859277667866 0.196085916801215 0.0156886261303228 -0.0968601761439278
-0.0304457586206599 0.300479670954425 -0.110693652408216 0.0125137025728406
0.106067937951167 0.225806328756532 -0.00251415809691066 0.165434905092949
0.184722291790218 0.145265490689376 0.176010751374166 0.165535819504302
0.227626933657936 0.0542224285733736 0.271139109371636 0.0549343857628217
0.205954574005344 0.0302302669311624 0.272026231653174 -0.0183281195313785
0.201860214282404 0.0637629923518371 0.254645439817073 -0.00403550759186705
0.146484426540494 0.176946508548399 0.224705787278247 0.0398611472368432
0.0225749481604009 0.216449675404732 0.161369477844909 0.0871342026714799
-0.108077738724751 0.207734075419247 0.0928725240354991 0.110146039123773
-0.215818577528348 0.0637662786607857 -0.00658650257902459 0.113801976869337
-0.222677650972991 -0.147760299529862 0.0239174994673468 0.117961976725411
-0.217496971724447 -0.275950371449345 0.14837064469735 0.220847460687515
-0.182065865806937 -0.116572377709574 0.179278938981463 0.486317267161846
-0.198109183847865 0.00279329108626334 0.350141801194152 0.17007092673382
-0.112657483470723 0.124001592334488 0.0753409983280692 -0.0862303401916619
0.00332599625089236 0.129593503907226 -0.0801474457532158 0.00582057361377803
0.03857801358089 0.0995397640423787 0.00894517532741508 0.185311557312422
0.0799876719016726 0.0792408497038454 0.214090124537623 0.194608242576325
0.10586973069132 0.0482559314958503 0.327613095975751 0.0765618957799764
0.0897383793001997 0.0396895835618802 0.331573306868627 -0.00151865026307408
0.0805397853991254 0.0585520188817738 0.302143669728254 0.0211527784403345
0.0410246787357878 0.103138384404269 0.240884475686535 0.0804079988709206
-0.0267734289585702 0.0907317051027432 0.144868935476867 0.118741294563577
-0.058732421011182 0.0409477093054655 0.0724017036350759 0.0991907925825498
-0.0573373804602983 0.0101237859139492 0.017694697742274 0.0899412329535424
-0.0780609153329392 -0.0449513091883312 0.0651834720042745 0.113043976907678
-0.141975580818947 -0.110551923556792 0.196346060529324 0.27409040962353
0.0159005910050994 -0.0595167401379345 -0.249937637745803 -0.238165825400599
-0.0525690152112752 -0.0549953617817923 -0.189809826279021 -0.0786218925808829
-0.0733754823901069 0.0399394632307444 -0.0576803205742534 -0.0469769757140879
0.0124333085339569 0.0934566030135148 -0.0437418843313812 -0.0490683275122506
0.0690341478408923 0.0261489998649624 -0.0972543222673751 -0.104079644915165
0.052761791600553 -0.0231142632038907 -0.222775517605862 -0.0911781048062011
0.0366473839665653 -0.0516049246229135 -0.297273851229888 -0.0210830406292532
0.0333424444280381 -0.0486734797425978 -0.32253998282583 0.0249035603232459
0.0334533470160742 -0.0345363917411338 -0.320819801588391 -0.0242386481285473
0.032491665382003 -0.00633807216638633 -0.239371805423756 -0.137440038562801
0.0258863577251661 0.0243690958414133 -0.068012270450638 -0.17273912761752
-0.0213595931567384 0.0524753570246601 0.0252046308085077 -0.0214628053377499
-0.0599613925619727 -0.0279464170621782 -0.0894054437345635 0.0581393279209055
0.0245163922206305 -0.0892952930101028 -0.311731605144379 -0.116362404205379
0.0908183073277091 -0.0384988648450206 -0.268735255579454 -0.503958920922761
-0.0783771489116842 -0.176161764007411 -0.239343003065211 -0.227343984420372
-0.164992285558551 -0.113889770566504 -0.188125625240504 -0.0767090534916584
-0.171937030615996 0.0787762877967477 -0.076552714461773 -0.0387461365495388
-0.0204355372258586 0.203290469729073 -0.0482543600622053 -0.0238232444169949
0.107828447571691 0.12767594120258 -0.0722407638388032 -0.0866918734349528
0.139841458714706 0.0412598811461251 -0.181241140877007 -0.0877521590017509
0.153863295722336 -0.0407063886466668 -0.253666810343142 -0.0351485277041277
0.153303692225672 -0.0548225316442442 -0.282649041221856 0.000713195805393882
0.166626991452711 -0.0304572781585043 -0.286003852035282 -0.0430835824449737
0.156033521212318 0.0714634133672927 -0.20551904545825 -0.147559471894653
0.0855382082494459 0.154655658964958 -0.0447525627921953 -0.170143546296648
-0.0543306330006335 0.224674013225559 0.029631277979515 -0.00847492149306825
-0.2138327607803 0.0541748461815183 -0.118308586041779 0.0703729391457521
-0.153932487616249 -0.163483177903313 -0.315595129910525 -0.109410558668392
-0.0379161770324886 -0.206782421792812 -0.219631392638991 -0.475611651909351
-0.149241841785194 -0.282512492469633 -0.197286254647261 -0.179863405695051
-0.259816587947011 -0.172218000812951 -0.160912114801217 -0.0639914351831311
-0.258944795281987 0.120715730917283 -0.0911797027474043 -0.0432721681941599
-0.0483377682954718 0.302306686910546 -0.0666573834609872 -0.00908252912985879
0.137039319253592 0.219286005603409 -0.0605394049382143 -0.0543123998584772
0.210513002719009 0.104115685939886 -0.127162728304448 -0.0613410179121728
0.249985892769192 -0.0209831709421578 -0.176179444560471 -0.0339903559218016
0.249464675403781 -0.0534367313047629 -0.199242595911533 -0.0189748161680275
0.273606841809931 -0.0209075072507053 -0.203641768028222 -0.0506498141713969
0.25560114115987 0.141046783761001 -0.138467421575693 -0.136118170203389
0.131325489423289 0.270045217477019 -0.00543486364476002 -0.145608009061638
-0.0875065132180878 0.371709172584454 0.0449333002081509 0.0112282253111278
-0.346928984251322 0.133433975358488 -0.120501310249787 0.0930838710809381
-0.319503425177209 -0.217578345709888 -0.288062853291423 -0.0630087398740618
-0.176818121196384 -0.345131113431294 -0.204602881404608 -0.352585759193307
-0.235693209786301 -0.34101572306962 -0.149810308305416 -0.0692713956627545
-0.362472829551817 -0.180192922701686 -0.0956543721467181 -0.0380891014010384
-0.334575712941519 0.161954328683969 -0.092096381922521 -0.0634381507363668
-0.0757154746995255 0.384592502619683 -0.0931303409791238 -0.00571095234098422
0.150870844779577 0.296522922379006 -0.0533094072250885 -0.0086868190311131
0.254742981828553 0.163545755306955 -0.0580499438463792 -0.0164886357197693
0.312529970788304 0.0143306330284405 -0.0682110387293265 -0.0294366824148532
0.308889092137818 -0.0235998177510985 -0.0819328312775141 -0.0408249163304587
0.333770450486825 0.0166265522122548 -0.0843701852507633 -0.0606164656221079
0.29893901141429 0.211470271238637 -0.0336465650455963 -0.112394650175642
0.136545342510177 0.352675814528627 0.0523800441643966 -0.0975723259283011
-0.132574140596123 0.459670930152101 0.0670945745630682 0.0396459943985615
-0.438170564616464 0.160877182712192 -0.105551089648903 0.106644284667348
-0.410788480020341 -0.26811750242338 -0.217464397449343 -0.0157770578845558
-0.247097518983392 -0.441552500123607 -0.110913660353288 -0.210624382092958
-0.28072512254322 -0.362617833207139 -0.0732261613458031 0.0677899325423661
-0.42412287198113 -0.161804897839475 0.00582207481870319 0.00379972229016749
-0.368473263008975 0.210959005584879 -0.0762625816795792 -0.0827206287487197
-0.0705762728108772 0.429224879871148 -0.117004606012476 0.00293120215225273
0.165293387883174 0.327801056653566 -0.0425823493775875 0.0533374279424056
0.274058073593637 0.186732654956911 0.022555710650946 0.0459292641543697
0.331869591335587 0.0322346757394029 0.0520569917546862 -0.00572306266248222
0.318940942863966 -0.00692739327051296 0.0456637122162617 -0.0422737942540419
0.33783399331595 0.0352110124608899 0.0426824921332126 -0.0498454204390169
0.296485196000971 0.232203253811368 0.0706553810814235 -0.067639587005028
0.124689001720797 0.367069457519545 0.105826348582417 -0.0355562442510124
-0.140584684244188 0.459822058747022 0.0898989239792045 0.0688958438761954
-0.437559828652309 0.168427372785539 -0.0689292655912511 0.121395908510734
-0.427432972327951 -0.263787611765519 -0.12618549044445 0.0486215204123273
-0.282487067812734 -0.452829019379484 -0.0157926001892169 -0.0458490149235789
-0.295444953513052 -0.325002068670185 0.0195221796908914 0.218753994146954
-0.421735176389499 -0.116924089750479 0.13043020215263 0.0532238848629274
-0.338577765267398 0.226554273603621 -0.0410545712212445 -0.094730324472109
-0.0485378796064155 0.401888979997799 -0.122774802326061 0.0138902178019369
0.153970397029411 0.299910689425466 -0.0219394305002824 0.115726987832867
0.252156774444044 0.17627542157261 0.1072152709529 0.107329882098531
0.301290494177563 0.043351043950104 0.169674017985507 0.0208850167956876
0.279911181193253 0.010455292588209 0.166524517902646 -0.0372507365121412
0.286801727590583 0.0503838109201897 0.158695364152651 -0.0329410166344638
0.239219921104386 0.215554476484766 0.160137477839328 -0.0177672335387391
0.0843731788341309 0.31278386244109 0.144586379599255 0.0267093947853546
-0.128040628594825 0.359720782821752 0.100315748631398 0.0916671848464562
-0.349347684511422 0.127659677040857 -0.0300918338937881 0.124057766053304
-0.351999796108494 -0.217268894488917 -0.0370298432494954 0.096332033278812
-0.268486248829234 -0.386321618089481 0.0756876505770282 0.102722618957299
-0.259149085887373 -0.2354292770572 0.111098412498022 0.359646565674323
-0.337857957050021 -0.0578879508153584 0.249693564403348 0.105048125069186
-0.243047494164039 0.192207773883677 0.00983734074841753 -0.0934279214130497
-0.0220785803896983 0.288847189487542 -0.108177125220459 0.0196112024854062
0.107133820762787 0.216768714978136 -0.000307658150115605 0.162323822831353
0.182884632866614 0.136926875542335 0.176623271942968 0.15602053196029
0.221901723751373 0.0472270112904236 0.264857317092999 0.0451570418513593
0.19949691055021 0.0262503914412002 0.263080405333059 -0.0263433192242792
0.194452842150793 0.0568911714274404 0.245279227876902 -0.0110730166169475
0.146041846077651 0.167509458564016 0.216144554168446 0.0294758226536042
0.0264831122262924 0.20896639898942 0.155839388151972 0.0774737743676157
-0.0996941543780862 0.20123395716119 0.092423729608336 0.0973018728760629
-0.204892939995391 0.0635612157510236 -4.56995977127442E-06 0.110173027432875
-0.216813096280682 -0.140038808418749 0.0293956860567769 0.115835614765998
-0.212004986849139 -0.259187319824163 0.147724136319319 0.207736670353942
-0.177364999029184 -0.106460099376559 0.18277492853689 0.465604488463017
-0.190028156915546 0.00631256366355999 0.340702431195869 0.15151044292273
-0.103856248898508 0.119759725318088 0.0679247878649985 -0.0853916999303233
0.00593577016693042 0.123372906907391 -0.0801879366934461 0.0110064710832609
0.0385386973986312 0.0966914725878154 0.0124936788715682 0.182349857232591
0.0795859363411045 0.0757213337505504 0.215317397092269 0.184240843257333
0.103599295952775 0.0455830364495887 0.320609590578926 0.0650985080850611
0.0882452551905566 0.0384515270714411 0.321126042379395 -0.0121959945051995
0.0776456521238972 0.0561832251908762 0.292101694677248 0.0120925734077043
0.0418283367402453 0.0987843764169398 0.232943634306507 0.0698471477117679
-0.024440388413134 0.0885356190840617 0.140694458510936 0.108336327084971
-0.0572516041922817 0.0392808593261359 0.0714585650164119 0.088439220085804
-0.0531457647793494 0.00846883008594788 0.0203751051043579 0.0849510281902828
-0.0742145640487584 -0.0431338328868478 0.0687933829091222 0.110393322361926
-0.137077970704636 -0.101031303802821 0.195079951923638 0.258153415559229
0.0182973452167564 -0.0535189702671859 -0.225979245595545 -0.248366566782361
-0.0490396380157495 -0.0545018250915479 -0.182383675446166 -0.0832469755029068
-0.0738218966954569 0.0370133767095508 -0.0536110369975876 -0.0419820469087954
0.00882931364926645 0.091417569671845 -0.0355064721410723 -0.0429517655129755
0.065240885548537 0.029396384568296 -0.0828664930563509 -0.10349273010806
0.0520154230067022 -0.0186303330003561 -0.207218501946304 -0.0976277203060883
0.0357997536973855 -0.0505221968653907 -0.287144717450058 -0.0340693816351844
0.0341767482048655 -0.0486570466309944 -0.312061808742579 0.012500327077087
0.0327906198622472 -0.034187621463202 -0.311339209258554 -0.0353208914051261
0.0315094461544662 -0.00479644438903655 -0.228313476484845 -0.142642698446982
0.0249022516728687 0.0247000559075388 -0.0587192818318756 -0.172480341223377
-0.0210598312226736 0.0502752037788599 0.027271144086292 -0.0213601031060959
-0.0597595811010096 -0.0279340181554121 -0.0841301705023523 0.0470878841386246
0.0214821904600821 -0.0889131571853851 -0.287732791561226 -0.128089920922025
0.0838367998587951 -0.0390157215808637 -0.220438386133067 -0.496112541263633
-0.0648889588598789 -0.176385210101429 -0.222166750003559 -0.235402535218888
-0.153540129095737 -0.120841821402321 -0.18240794401346 -0.0788322245988583
-0.172043648723843 0.0663463268971943 -0.0705509397304061 -0.0320317123031883
-0.0289815859450609 0.19446619536956 -0.0374663414136283 -0.0147794949949319
0.0959486839910718 0.129480746583949 -0.0560181708887941 -0.0856232110251469
0.133379640906984 0.0493239824919932 -0.165613532231101 -0.0947962369814462
0.149189590813216 -0.0329168061521697 -0.242446203389291 -0.04851767569971
0.153156388716686 -0.0473715509613126 -0.271419330259728 -0.0103184353971252
0.163131209026255 -0.0240190034153368 -0.274931544337941 -0.050455676598058
0.150233560714947 0.0767224628414422 -0.19598624199812 -0.149750210512029
0.077485679923226 0.156347600397636 -0.0403383405309366 -0.165415461952414
-0.0611208980418658 0.21504669341294 0.0242079390403513 -0.00374177353560587
-0.21375968890347 0.0434899140951942 -0.11686056499505 0.0561153689380125
-0.148100436259414 -0.170669436377085 -0.291070606490293 -0.12552821541277
-0.0333157543349937 -0.206932061213824 -0.171274474145485 -0.470224793708935
-0.125339494692797 -0.286920116002144 -0.190349479912666 -0.185574281992013
-0.242954917098037 -0.185180335102996 -0.159465389705618 -0.06157346849201
-0.2592426795332 0.100439801957838 -0.0832825034424051 -0.0340070524666735
-0.0622855689522519 0.287209061734348 -0.05353620318731 0.0020013396130057
0.119099838901799 0.219594131965915 -0.0427723077751281 -0.0529887071215314
0.199336785743912 0.113246426902462 -0.111874918414844 -0.0683776495593444
0.242015491056907 -0.00755953773859014 -0.164862182627629 -0.0461133724849352
0.247795515273921 -0.039441889161988 -0.188885735810785 -0.0266390964838913
0.266873181856783 -0.00982989084463608 -0.194316842730714 -0.053530546886061
0.246378422884726 0.147858612527856 -0.131578646811874 -0.134538128672392
0.116963021043605 0.272472354688442 -0.00723724604164142 -0.137126581930696
-0.0984731642896506 0.355211404963389 0.0323565416038611 0.0187076177924089
-0.347151150565802 0.111864920260568 -0.124420367524603 0.0763970082810839
-0.306413802447503 -0.230017419625787 -0.26560784494022 -0.0836134709984135
-0.160868415865489 -0.344536662967519 -0.161727949288803 -0.3566196907493
-0.203372604973721 -0.352025195541807 -0.155665233657802 -0.0728473735116058
-0.339830770504988 -0.201058974088137 -0.0974198800490946 -0.0322344557329405
-0.336362528235255 0.134077162962061 -0.081313635165233 -0.0501316917097023
-0.0946292713811463 0.364713326831231 -0.0784885769852035 0.00763064620576016
0.127233745303974 0.296456205809678 -0.0360183568647207 -0.00703131160186194
0.23902744555737 0.174117697281277 -0.0452798352790046 -0.0222637896145168
0.302192867965947 0.0310190948372692 -0.0586271863316413 -0.0377702943677782
0.305276588514038 -0.00604392112321017 -0.074376350782769 -0.0444309867505511
0.325231985216581 0.0300168398539833 -0.0792289032993712 -0.058648952328174
0.286393459180811 0.219861789385248 -0.0328383352268431 -0.106657102300157
0.117365417365535 0.355119464737963 0.0439477827094526 -0.0870296121484557
-0.145710207590506 0.43804422638504 0.0468115634614447 0.0481910351159345
-0.438273135692073 0.134665464003868 -0.113321288238121 0.0883790128508975
-0.390716064657341 -0.284288857764199 -0.198602612303394 -0.0373415583897664
-0.222455874495788 -0.439365018220199 -0.0792733468168872 -0.218258040181855
-0.244598352004727 -0.377653193502213 -0.0932674301036451 0.0659634096565953
-0.402506995465649 -0.190603760388282 -0.00124557742580535 0.0150740827790539
-0.37335553603016 0.177730297605121 -0.0632020621098482 -0.0664304989831665
-0.091815865338773 0.407757446339307 -0.0999615671787508 0.0151408699304
0.139743217690918 0.3272508446753 -0.0281588735451166 0.053319911138377
0.257129230210013 0.197572810187057 0.0295638934453115 0.0418069144387393
0.320447561200622 0.0505816519326798 0.0579283009080902 -0.0102090236832211
0.31405035821717 0.0124887724169237 0.049364796902541 -0.0416504119229928
0.328246019638855 0.04951263662865 0.0433837415335715 -0.0439754708445329
0.283542632939811 0.239903575383774 0.0664921614150883 -0.0593864016706313
0.107168300275856 0.36773729805436 0.0912148643501888 -0.0250155723096054
-0.154203446455736 0.43773900408096 0.0661563607221228 0.0765950074080075
-0.436995475115999 0.141450417608076 -0.0793861139611696 0.104344007586271
-0.40544838085876 -0.27945909822767 -0.114856172973982 0.0291886837079029
-0.255298560186335 -0.450047658071103 -0.00020738525301643 -0.0557202925998734
-0.260471573802052 -0.343368640507423 -0.0129243174296744 0.219346755890282
-0.402120620382008 -0.147701188307643 0.116963008581547 0.0691571247161802
-0.345774255243209 0.193598071093973 -0.0285797709488239 -0.0770044081186122
-0.0698081652968981 0.381482706417231 -0.107486666924961 0.0236819052083808
0.130621807072389 0.299630254707611 -0.0128150826538302 0.115092677239199
0.23547389375979 0.186080895670731 0.107434653508294 0.10525711129628
0.291320022355744 0.0603492611962517 0.170247799427428 0.0207313556185316
0.276053538334471 0.0283552094043618 0.165616452488766 -0.03256171394966
0.278937680451359 0.0627385575107792 0.154890532994635 -0.0233224019051565
0.22834067177136 0.221177343153553 0.151193780924146 -0.00840792190548335
0.0694633085932213 0.311393096839429 0.127155657616021 0.0354867401208642
-0.137356288017242 0.341709001444527 0.0772928976716636 0.0953923626214723
-0.346851832489674 0.105526442032311 -0.0408404966775529 0.110038408823633
-0.332075009462181 -0.229508403397909 -0.032263738605729 0.0822350250185306
-0.239662158347487 -0.383053983333041 0.0748913765767152 0.0922674507237339
-0.231061525819887 -0.253364231106384 0.0684413001733766 0.360611697760833
-0.325149314855808 -0.0862733266274806 0.23090359548386 0.122730507360189
-0.24995008955478 0.167163894880812 0.0193675863200265 -0.0775053643504768
-0.0387853997715033 0.274553525604181 -0.09810467116445 0.025659755742925
0.0908062324941468 0.215887570744428 0.00134231871359008 0.160471324463249
0.171316958524101 0.143468283295627 0.169671933805006 0.157170147589423
0.214726644730022 0.0600193768446193 0.260581585862327 0.0505156545131691
0.195901435818451 0.0394891310390159 0.257624907985183 -0.0181327096704877
0.189085648737199 0.0664707454385911 0.23777733727649 -0.000610427647547055
0.138493922220267 0.169971059426039 0.203850675653222 0.0388389836991339
0.0169681268913548 0.207297168553228 0.138437660138445 0.0813082593903308
-0.103916661775204 0.189316701377704 0.074457126867055 0.0967665821624587
-0.202062259226111 0.0500856646849628 -0.00900004341397754 0.101130751747008
-0.202242783122011 -0.147161653559286 0.0282009650767848 0.109333069966993
-0.191321126691195 -0.256861949815093 0.133612098227564 0.199929225491878
-0.160488105020439 -0.122149293644784 0.137124819156348 0.466316748974934
-0.184756911904068 -0.0120847956666953 0.317753682779275 0.168026574498656
-0.110328971794042 0.10636755961744 0.0715434885836418 -0.0724063431463
-0.00247945907352167 0.118109959355883 -0.0763392452804253 0.0134305038676381
0.0318289573493508 0.0956714400704817 0.00654767120196719 0.180097127938214
0.0737772350627574 0.0775718258167542 0.202988272051938 0.188128167978398
0.100868946484822 0.0521896482783292 0.310892732607266 0.0736456925684314
0.0856066776931565 0.0453758523906601 0.312284271374551 -0.00192420009613294
0.0753876144049997 0.0609377431516329 0.281242241217667 0.0222222561433901
0.0378243205636611 0.0991392950398134 0.219885858428183 0.0761538056785162
-0.0283749085770355 0.0867100127394626 0.1261308662434 0.107875778989315
-0.0569489344974363 0.0345248145291464 0.0605786508801408 0.0822655756451036
-0.0500760419290459 0.00427912971486361 0.0158196636011354 0.079721497141248
-0.0678881958521241 -0.0451156270906778 0.0636627464993779 0.110198871680954
-0.123935573070754 -0.099401928080723 0.170497919281418 0.254379787650418
0.0186950692845987 -0.052985949032118 -0.215956007547826 -0.253090877037222
-0.0501358688594912 -0.0551382754495735 -0.180904271793684 -0.0851888058210867
-0.0732522694695292 0.0373217471326223 -0.0553253035012918 -0.0403540182947931
0.00980443446335886 0.0916994960592777 -0.0334146649508869 -0.038819821098142
0.0650482145331327 0.0282396591386597 -0.0769452059716754 -0.101975194922455
0.0515380616010569 -0.0184943934467176 -0.20269853730819 -0.0995389039233356
0.035115955696682 -0.0510789135339611 -0.285291712136277 -0.0375164428019316
0.0339245291540706 -0.0494828210853794 -0.310229375886235 0.00770834208957043
0.0337997241416606 -0.0355512316948255 -0.309058142804292 -0.0410925730879455
0.0330494351164772 -0.00479952683537794 -0.225961773416573 -0.147909274065334
0.0255279386335562 0.0253891586774346 -0.0555010380573007 -0.176589308061353
-0.0204614748089586 0.0509400016924422 0.0310159601580071 -0.0242052338567474
-0.0602202234987122 -0.0271580439991207 -0.0795751928406128 0.0435785958936964
0.0209966780141515 -0.0879405372022803 -0.280034908690876 -0.131395328462876
0.0824391207263932 -0.0385206646525254 -0.207209005503288 -0.494664114341273
-0.0597934125301706 -0.176429790726423 -0.212672015052851 -0.239636398257087
-0.152973477274425 -0.123821722689919 -0.181983058313829 -0.0812364184496659
-0.170119564923028 0.0634900649932725 -0.0720713796894175 -0.0310339405528105
-0.0298283794375203 0.19240254699487 -0.0354939130180951 -0.0115765429222352
0.093919008518612 0.129180626368947 -0.0522754184933519 -0.0835139663496141
0.132060742368291 0.0503149061904804 -0.160782470992385 -0.0969266759000281
0.148042489888945 -0.0315976739715243 -0.241104047115026 -0.0518043542051075
0.152177980417276 -0.0459651207993649 -0.269884899610284 -0.015008456373207
0.162511135925249 -0.0229151355334298 -0.272958296114426 -0.0555904962343773
0.149552515893829 0.0781030186367063 -0.194510437608117 -0.154652996067614
0.0747105002912901 0.156941341476159 -0.0368170976376208 -0.168711052702858
-0.0628045674314905 0.21284476939812 0.0285997414539579 -0.00711080508896444
-0.214603590437331 0.0398031642063654 -0.111360097887955 0.0530991982368534
-0.144265993543282 -0.173953947606878 -0.28345013421387 -0.128591082473572
-0.0269926916354227 -0.207882032052095 -0.158621801621103 -0.469471310082542
-0.116516916055411 -0.287424697819156 -0.183209366208958 -0.189017477509806
-0.239324930456906 -0.190212209025886 -0.159737352774304 -0.0644180595107815
-0.257180234054685 0.0936581621108244 -0.084619369030244 -0.0335645226821646
-0.0644338298006883 0.282959329991652 -0.0516068697539549 0.00485072021969903
0.115214116877356 0.219999511392633 -0.0410210992924475 -0.0511968764494434
0.197025107149656 0.116038293305779 -0.108571514469627 -0.0691814141754848
0.239616132194594 -0.00397483481240822 -0.163547415460993 -0.0494589526129398
0.245360475103924 -0.0365838222992684 -0.18757637269669 -0.0309301592757465
0.265075554921464 -0.00636310313174951 -0.192504556546645 -0.0576841682001392
0.243541389899468 0.151063681936447 -0.131245186029933 -0.13866201535911
0.111325794941113 0.273344523614755 -0.00553177128684319 -0.139988505068886
-0.103534305954168 0.351550749894616 0.0358920231661127 0.0145498607590945
-0.348306848763997 0.104352125378211 -0.118819604819576 0.0737870487997544
-0.298111400489526 -0.237824445039027 -0.259218226211407 -0.0866042545001528
-0.148375231962818 -0.347290194053136 -0.151663707981574 -0.357829996317511
-0.191182234272749 -0.353125824219514 -0.151982047059278 -0.0768871764262642
-0.335208739446763 -0.209293690353507 -0.0997388924937911 -0.0354305767751155
-0.334542541640646 0.123987939702744 -0.0828373176093079 -0.0504385779944418
-0.0979204624893008 0.359321146402247 -0.0761363292937175 0.0104353225755052
0.121586436294008 0.296825491545801 -0.0355511263861496 -0.00513708442024105
0.235375281287006 0.177241572173553 -0.0428966942426538 -0.0227271060331469
0.299959553396297 0.0353149515724238 -0.0575779042858949 -0.0401302660941281
0.302872584862494 -0.000609967039265417 -0.0736161538086034 -0.0473302214840543
0.321160305373356 0.0351763432345676 -0.07795892980677 -0.0608764173785856
0.282546798103857 0.223150234870338 -0.0343423401916926 -0.110300539072293
0.111113606951476 0.354927587699128 0.0436095079478239 -0.0894236342327055
-0.151497320124149 0.43183072090489 0.0497141514785149 0.0434960445114157
-0.43742702339942 0.123712135910685 -0.108021388595352 0.0866713233655651
-0.382001893939944 -0.295083036558907 -0.193165066134392 -0.038415505699758
-0.207032185654038 -0.442033210984446 -0.0729526032974363 -0.217928935663515
-0.231815860707706 -0.380098637853471 -0.0942221768432674 0.0624771516488704
-0.396630016508867 -0.200851416427669 -0.00595304001680562 0.0132983263880252
-0.372166463714634 0.165773999728963 -0.0652387235950077 -0.0663272953959551
-0.0984478378516008 0.402282247245234 -0.0986563708460401 0.0174355578280406
0.133237267807612 0.327889234706634 -0.0300872338568274 0.0553033855099706
0.253508158825323 0.201694642391974 0.0304913402824485 0.0423638622146274
0.318073874365524 0.0564543859098307 0.0581045681285401 -0.0109518129488732
0.31126732046584 0.0178578674327145 0.0491327684750408 -0.0431999854970447
0.324299443347176 0.0549969951454315 0.0435388710604819 -0.0442186449821145
0.278211049065737 0.243680885907321 0.06337120516255 -0.0608848051442462
0.0985877437350057 0.369405205986918 0.089302097763284 -0.0268502828101473
-0.160365522214109 0.430430275693931 0.0662874874955832 0.0711257404273337
-0.43705255832411 0.128557103687323 -0.0754732673020379 0.103469831865065
-0.396115611185098 -0.288724314953717 -0.110682288346227 0.0290097805179356
-0.237995073135506 -0.453466242532644 0.00162565008651329 -0.0560187335633218
-0.24709325891295 -0.345497773081319 -0.0195241204183691 0.216350604111864
-0.397466367000675 -0.157520380407525 0.110751828682077 0.0685370670290593
-0.34547349682106 0.182302443395045 -0.030447302002145 -0.0764179388191718
-0.075178380387911 0.376352154801949 -0.107844117888648 0.0261648270053243
0.12417653143975 0.301322791140343 -0.0168911169023543 0.117161100790437
0.232275694970466 0.189613127775888 0.107021886022913 0.107188414527056
0.288703694037969 0.0653089714937241 0.169971419057887 0.0220160128756561
0.273740468090242 0.0335463622860227 0.16403671543514 -0.0317440566102664
0.274333235323985 0.0680042606480121 0.153463911836991 -0.0219428497851436
0.222887678903607 0.224296341167337 0.147228865902961 -0.0082024558048537
0.0620273458231779 0.311839216842052 0.123074701357352 0.0344541928186028
-0.142947268595902 0.335523586152922 0.0756836050757838 0.0899883691495573
-0.346507349672797 0.0953236263602236 -0.0388518417182723 0.109639003391683
-0.322347492290481 -0.239357827897822 -0.0299503087028563 0.0835992654003712
-0.225650160443879 -0.384861834658868 0.0722116806240063 0.092089898707186
-0.221647921297602 -0.255433993848478 0.0578621975723368 0.359110820956143
-0.319166651491761 -0.0935710027028928 0.22301985889983 0.123712438981345
-0.250289908814353 0.157632073954105 0.01657176882081 -0.0766312883693214
-0.0442063404375844 0.269841350200261 -0.0990678029285956 0.0280051977646895
0.0857774187373682 0.217786618955045 -0.0034238274546012 0.163777105679659
0.168292476015412 0.146227915324785 0.168960716681996 0.160092147734727
0.212712655306 0.0648002069714918 0.25929703219908 0.0536337594516325
0.194169306785058 0.0442597427954935 0.256242426758409 -0.015834446464311
0.185234549893951 0.0708167224692123 0.235595128457393 0.00318765571458654
0.13382867787822 0.172585563894141 0.199303193616638 0.039720037467059
0.0120781001308235 0.206375454939444 0.133165176034376 0.0804626956598669
-0.107321123084299 0.184655312002211 0.0714311713037503 0.091604066477404
-0.200342574155238 0.04261661919317 -0.0076242745823037 0.0997572830994287
-0.196112863542799 -0.153031479604187 0.0293468969527845 0.111368850197595
-0.179875765264317 -0.258039509941569 0.128300113479476 0.200428803204083
-0.155464037600273 -0.123461463815708 0.122948505556001 0.465971247162191
-0.182209474578902 -0.0169445649450263 0.30865288969482 0.16920019047659
-0.110671456526772 0.101029882295065 0.0689512256244693 -0.0707898824691225
-0.00565479325469027 0.115496819312764 -0.0787440795664076 0.0152547438893017
0.0293186767217648 0.0972184999838826 0.00198188279037746 0.183643774946345
0.0725039049242124 0.0788895369627959 0.200928450678614 0.192356363883277
0.100351005903492 0.0547617146249177 0.309832238111601 0.0780101296051803
0.0851204332459275 0.0484868045039289 0.310356540305073 0.00151335819360706
0.0725852006074375 0.0642154607517748 0.279062435710657 0.026616581554221
0.0350065534118721 0.100329079159384 0.215217436555049 0.0782846974322121
-0.0306848159169791 0.0855112067135293 0.120528500849853 0.106445413832407
-0.0590755160263323 0.0318379992317773 0.0571705586840769 0.0777318195194083
-0.0483099430932286 0.000212455811943393 0.0158396682117902 0.0785055526832672
-0.0646680834595428 -0.0473228660330859 0.0643863427280442 0.112076792603246
-0.117159347219502 -0.0992962806533305 0.163154855100932 0.25456827889647
0.0188831227610995 -0.0539524030495597 -0.212238762814307 -0.263347534930859
-0.0528014832128121 -0.0566378553936558 -0.184456064162379 -0.0894923740865462
-0.0748573778967707 0.038768289073435 -0.05809031751376 -0.0390442099195827
0.0105456364175668 0.0938356902378443 -0.0318984412307726 -0.0355622110447744
0.0666501187575222 0.0283214916334453 -0.0740352113768629 -0.102576414879229
0.0533567662532831 -0.0192344545476941 -0.203800696013684 -0.103230273787605
0.0355901150045388 -0.0526392268588335 -0.291477043811354 -0.0400532570831066
0.0338561811797947 -0.0518857886319745 -0.316727945051609 0.00444271929479623
0.0357537432667275 -0.0377987071331888 -0.315619081837413 -0.0465032302445038
0.035418116933725 -0.00466381568288738 -0.231311754404204 -0.156266407495082
0.0268605444621184 0.0263304937913905 -0.0545173123213382 -0.184998690782853
-0.0198474550169669 0.0534693172887935 0.0355525915281154 -0.0277744702326023
-0.061552931044637 -0.0263734591612345 -0.0771886816474466 0.0404612187755523
0.0206070242355575 -0.0894847740392346 -0.280822480232313 -0.137598916927306
0.0830584648895519 -0.0393781531229164 -0.199952683409919 -0.506943939427408
-0.0571293038745399 -0.181057868000888 -0.209648141132126 -0.249359167245692
-0.155567968190547 -0.129272412531948 -0.185902829342125 -0.0850304519067185
-0.173250364929305 0.062350174160752 -0.0753034697321689 -0.030768002831404
-0.0306870581344296 0.195914480911935 -0.0342978224996084 -0.0080377357806097
0.0948524348542165 0.131463309227066 -0.0497097016979229 -0.0843513605928414
0.134541102902085 0.0526505570663131 -0.161704889199708 -0.0997825010115851
0.150478333726835 -0.0312583286205592 -0.245676048135838 -0.0556361328107354
0.15441134799785 -0.0466021421326298 -0.275650277499841 -0.0187751130475554
0.166084040397174 -0.0233616618975325 -0.278511822972156 -0.0610822424946108
0.152791923806229 0.0816720660383878 -0.1997848999421 -0.162945432483748
0.0744084374027657 0.162280534777262 -0.0360296894965657 -0.17674843000578
-0.0661570079431628 0.217389556672423 0.0338048932957784 -0.0114035770076097
-0.22053774845063 0.038046194334009 -0.108480727208876 0.0508192949504745
-0.145814045754256 -0.182187108507359 -0.284245009222988 -0.134433623408189
-0.0229310695834667 -0.214892647338739 -0.150759466478485 -0.479521210074431
-0.111248794237381 -0.294659624656525 -0.180625242130651 -0.197036988729843
-0.242994155564201 -0.199203873912744 -0.164703740473817 -0.0681839749191056
-0.261952945898266 0.0897819884136428 -0.088682009026867 -0.0337503641889907
-0.0674856077528314 0.287007165307789 -0.0500114958521917 0.00853189823451835
0.115423809719129 0.225455724145044 -0.0391694430210937 -0.0509582966012961
0.200749705357848 0.121038996662676 -0.108519438809031 -0.0722554994451636
0.24461810315962 -0.00170748075292443 -0.166296511158977 -0.0522608365107786
0.250364683686647 -0.0350044007583096 -0.192260636784054 -0.0348828757726089
0.27003006283796 -0.00474047797878556 -0.196829600754392 -0.0627547056224361
0.248549043306966 0.157734445867966 -0.136130649964097 -0.146451509816585
0.110339498633287 0.281488222125362 -0.00387533955432503 -0.146957221229892
-0.1092941785105 0.357021801658099 0.0397987065350779 0.00970107426232456
-0.35677208009863 0.0997759563011555 -0.115641703617808 0.0730545929108362
-0.30161387999736 -0.251176490656707 -0.259037833605735 -0.091269397714783
-0.142026481429565 -0.359719933028603 -0.14770489576219 -0.366045385881388
-0.184517995466444 -0.362724946281065 -0.152306892202613 -0.0818611201329684
-0.340152109533413 -0.221178582424441 -0.104620927498047 -0.037894226922357
-0.342012740932118 0.118629411847568 -0.0873105668625147 -0.0508584955856047
-0.103849814710059 0.364375130133779 -0.0758945287323728 0.0137132702742895
0.120510731856066 0.304458448751652 -0.0359893820181454 -0.00357751136714313
0.239536301752836 0.184730997375339 -0.0417394533427504 -0.0236166214492775
0.305271286865455 0.0398731165430668 -0.0584176254137725 -0.0430609906471333
0.308802480213087 0.00241079748639009 -0.0756151444383522 -0.050993719185284
0.326107015570006 0.0390532966105828 -0.0795970087549919 -0.0644613078714009
0.286143511603976 0.23245110022921 -0.0366984659686608 -0.115740244287785
0.107701381540942 0.366342252819493 0.044798026221409 -0.0945837825118518
-0.160761865286708 0.437577141257562 0.0526882268560994 0.0385372157419333
-0.450047381370498 0.117880020021761 -0.105081093458717 0.0874589064144165
-0.38390799809606 -0.310846699294581 -0.193502537064111 -0.040847998807381
-0.196251896863842 -0.456896036813223 -0.0694568726052936 -0.223886916058705
-0.225490231884636 -0.390871399269746 -0.0975292578052236 0.0613000873527446
-0.40123959155732 -0.214447993756207 -0.0107503610415186 0.011951369956461
-0.380441844131519 0.158286229748959 -0.0695552469868062 -0.0675298830300566
-0.104921012378907 0.407247659691919 -0.0994953054030702 0.020933444394021
0.131517525530364 0.337927463690045 -0.0323689598556425 0.0596994059690609
0.257553713566061 0.209984744581765 0.032827943744929 0.0436816044702987
0.323435834417362 0.061631893180716 0.0598348463547755 -0.0122462373252499
0.317857253695213 0.0227815012539736 0.0499766812460481 -0.04556495877098
0.328515144201776 0.06094453673288 0.0443233731609703 -0.0458232176937811
0.280677493003538 0.253051257365489 0.0619675653263943 -0.0639758682827785
0.0949837863951551 0.378858889375192 0.0897337506604502 -0.0296202917670064
-0.16855186814545 0.435422076985097 0.0676727308107562 0.0665251469517022
-0.449301451445636 0.12107662212959 -0.0727010131692555 0.104694785831461
-0.397037537456321 -0.307539266081026 -0.109684173032389 0.0299764447498614
-0.228014598686089 -0.467650139731983 0.00326896635546047 -0.0574295349661732
-0.242248807141212 -0.356422257059064 -0.0252671399567344 0.220310275443712
-0.402296920668315 -0.169357941833172 0.107125037585506 0.0700771264842485
-0.353938243849595 0.176680564298183 -0.0344539928144001 -0.0770984705247485
-0.0837159632439453 0.380387492666454 -0.110372147538614 0.0291245154401282
0.12226602053699 0.310529373603593 -0.0201162911564314 0.123475019714697
0.236364600812025 0.198297658782658 0.110553143401775 0.111583258942904
0.294726053383091 0.0716735318996146 0.17449836375954 0.0221263022981706
0.279812192759255 0.0390486757200184 0.167408414841038 -0.0330256286872139
0.278018251574476 0.0745832929784291 0.156426588696714 -0.0214769781240279
0.224064248071538 0.232782634661666 0.147017365985468 -0.00870947133255609
0.0579686922324437 0.31976417577159 0.122403389659702 0.0333541103270377
-0.150708671031057 0.339402296297845 0.0762907704970369 0.0861837559482466
-0.354304666137484 0.0876377748688492 -0.0363291170892211 0.111236422893218
-0.323172079428399 -0.253058075663881 -0.02834150850622 0.0866968352695647
-0.216998132723313 -0.397797153541791 0.0722708899994449 0.094335844129761
-0.218257380467147 -0.264809675427344 0.0499873960340905 0.367024902485049
-0.323944326336375 -0.101868286256321 0.22041917322307 0.127700268555979
-0.256253212859974 0.153569097970398 0.0142216846417179 -0.0770652152387921
-0.0502854003139414 0.273217208619179 -0.102924515150222 0.031131066233093
0.0835038725931105 0.224617384771442 -0.0070681738613275 0.17140814675643
0.170532123097811 0.153023097551308 0.173119856531461 0.166947880123349
0.216800978966512 0.0699955395264988 0.266166039264213 0.0557949770155202
0.198541039564263 0.0486862555675741 0.260931660040764 -0.0145820989682242
0.187073922277228 0.0768269682926592 0.239516034286571 0.00520667853661372
0.1339235085605 0.179005409304561 0.200017859695353 0.0418329144201234
0.008085402890998 0.211801078751059 0.132138029717594 0.0817487170857375
-0.113141134213507 0.185534563942041 0.0709033316900383 0.0887987259187376
-0.203774996721331 0.0364826929245294 -0.00628510783117667 0.10163206527842
-0.195039556660917 -0.162377305275844 0.0314496821085879 0.115570946275364
-0.173112662107979 -0.265382531270484 0.126560067256619 0.204649082861747
-0.154750586842348 -0.128068074043302 0.112096410910794 0.477835571621309
-0.184497837730978 -0.0207609965823437 0.307349911501652 0.176256927202066
-0.113737760948737 0.0990875736201974 0.0672856397406314 -0.0704773611145512
-0.00845953823734632 0.115891884438987 -0.0826163274176624 0.0179650179823164
0.0274698079495213 0.100862786356997 -0.0012046769584903 0.191464911875388
0.0732307587560873 0.0825210116215496 0.205460478651064 0.200766034817886
0.102118807720548 0.0577948558735415 0.31740861814673 0.082491342606839
0.0875462503542642 0.0521480809230853 0.315646032642128 0.00398432146212092
0.0730122134602113 0.0686801168504416 0.28294545415877 0.0303422779474706
0.0330475193691017 0.10375864092256 0.216481990697171 0.0817235920544668
-0.03428232895848 0.0867805776032086 0.118000538037323 0.108438667283676
-0.0626155099406075 0.0303139780252539 0.0559444742748118 0.0753123833414242
-0.0486497468625528 -0.00362675800462492 0.0167167286843571 0.0796030049367612
-0.0631435000776835 -0.0512607925537453 0.0668095732864719 0.116986982383047
-0.114395410906535 -0.102076800011163 0.160530752531279 0.261592972112433
0.0188428060383768 -0.0569369152573581 -0.218235055675727 -0.274396159144154
-0.0573466475457325 -0.0578167111026997 -0.193397509171442 -0.0907414900542632
-0.0764843486681091 0.0417936434520184 -0.0623599092312705 -0.0369247336439926
0.014085760955303 0.0982336366727532 -0.0315104119809634 -0.0329066315066561
0.0692072451216555 0.0271438758411176 -0.0735522749000531 -0.103829412224443
0.0549754457477586 -0.0217258724819479 -0.210057184461955 -0.104201208801304
0.0351130295950663 -0.0563989776692772 -0.302056571453473 -0.0369480699254617
0.0331327367022891 -0.0558794848006072 -0.328284596646837 0.00822927499712501
0.0367589399401313 -0.0422719951757381 -0.329190623772746 -0.0453613304641725
0.0384955318383805 -0.00654551355271873 -0.24455259798505 -0.161940611349321
0.0294770817032021 0.0276935626395996 -0.0588195642320331 -0.196002055276125
-0.0177549484440267 0.0568277424955554 0.0402003860827574 -0.0334359706881975
-0.0646821947675691 -0.0249970279696608 -0.0750323756176913 0.0401949825205108
0.0184035781339684 -0.0928524649218589 -0.289054436618473 -0.139935999576681
0.0841485926919515 -0.0427290952922274 -0.208203844629136 -0.522797725105453
-0.0595752212437682 -0.187995017626478 -0.215034527422666 -0.260124632310421
-0.164812677745059 -0.133191194416328 -0.195424421979506 -0.0860399004975383
-0.177882977450335 0.0659628040111557 -0.0804465944891028 -0.0291226101474372
-0.0272028599779272 0.203535670416778 -0.0330534546079773 -0.00416155986859225
0.100279636870912 0.134560975342361 -0.0494019152671162 -0.0850634870710841
0.140858028316069 0.0521363287441613 -0.166688472097725 -0.102079042551421
0.154853029436151 -0.0347930005555783 -0.255804900860917 -0.0536787312601429
0.158667007963227 -0.0511384575724435 -0.286317722213513 -0.017446738182776
0.171463391176269 -0.0280881104720185 -0.290751759761623 -0.0613521319891891
0.161822655624574 0.0824349480695358 -0.211878501491127 -0.169282833903368
0.0794908999511173 0.168988835671307 -0.0398997400355627 -0.188062659726632
-0.0644406105282684 0.226638663329365 0.0376535967105096 -0.0172332697037287
-0.229314216091311 0.0412953868894997 -0.106474108490357 0.0531144619516869
-0.1543045837539 -0.189994366995077 -0.292180350530368 -0.135476668852321
-0.0244812922283016 -0.224533596109722 -0.158682042319969 -0.495384531828741
-0.11485880033259 -0.305316081278309 -0.186310272716879 -0.204981787037524
-0.255093839559605 -0.206040443282918 -0.173944908046064 -0.0693171204941483
-0.269756297597023 0.0936859185687255 -0.0952309727192421 -0.0318707569813794
-0.0651946385181989 0.298154805997736 -0.0497708497039457 0.0130339644215174
0.122056913797216 0.23209224552203 -0.0396950687364207 -0.0506726557437817
0.210726585783809 0.123257641686988 -0.110917477066789 -0.074367635957661
0.252942542203902 -0.00504800997315819 -0.173809293825082 -0.0539848621623271
0.258722220261274 -0.0395684188272182 -0.200427171558078 -0.0355173148682694
0.279714504029568 -0.0088884283442856 -0.205222502981058 -0.0638334098632318
0.260948890541205 0.161201798813547 -0.146749268369375 -0.152524416823954
0.116402184996183 0.292538218086859 -0.00714467809516266 -0.157379474588822
-0.108252535845902 0.371386753220722 0.0440111450445926 0.0040257351657914
-0.370990767704693 0.106375626603826 -0.113418223653505 0.0757336264625346
-0.314541011509127 -0.262137147524275 -0.266228780674944 -0.0905397272916117
-0.146397188236137 -0.37522318779209 -0.152282903875064 -0.377332216679093
-0.190500613124673 -0.375298582775263 -0.157369471920168 -0.0857757009956276
-0.355281373301873 -0.228672348462728 -0.113019251277283 -0.0390674166008022
-0.352340805556307 0.12224252567276 -0.0948651155616061 -0.0496834326227324
-0.103648853714459 0.378075823064642 -0.0766891041518972 0.0190720811579871
0.128733532040669 0.314991648116036 -0.0365343423598006 -0.0006909117629078
0.2522723056828 0.189315549986563 -0.0414245842257056 -0.0247023920908721
0.31714509339538 0.0381144407817843 -0.0607916230673893 -0.0455669637720944
0.319598428744729 -0.00145483075293505 -0.0800496158696162 -0.0536827364095055
0.338528243088922 0.0372392176323696 -0.0835595557269005 -0.0673362891816713
0.300264714927109 0.238941670289775 -0.0433960793196152 -0.122145133149761
0.113912154193892 0.380201887085177 0.0436755503672482 -0.102995706467237
-0.161590927046713 0.455735220679938 0.056745509373416 0.0329556759151309
-0.466808824698317 0.123686427465409 -0.101504886212174 0.0911028107092114
-0.400009405951903 -0.323910053734568 -0.197425792208032 -0.0391897435007838
-0.201903338762255 -0.474502159592427 -0.0719440962290219 -0.231705013154295
-0.231048442313832 -0.40425664752398 -0.101042805714167 0.0635156443244596
-0.418786804162516 -0.221289022667021 -0.0159360520412731 0.0126057397062475
-0.392016045874107 0.163445380649753 -0.0776631083796601 -0.0672290190003033
-0.105238550308511 0.42240137822525 -0.101732020893893 0.026946636186053
0.140183575939376 0.350990933846917 -0.0319045917626611 0.0655220611768103
0.270723695609695 0.215880858267049 0.0373072792964471 0.0445309668068233
0.337121895674736 0.060750443969676 0.0623344217970452 -0.0161964210105517
0.330384185286237 0.0201337238079213 0.0498328197710911 -0.0501375301967407
0.341214693850378 0.0600287644892368 0.0448682832923179 -0.0493129798140526
0.294402972285713 0.260824404674746 0.0598273247821709 -0.0694225048033069
0.100111637382152 0.394759763740069 0.0907339046398196 -0.0351621727653991
-0.170618899267918 0.452982614410659 0.0721719897043418 0.0621012508634489
-0.466183005949822 0.127459343494641 -0.0686914251533923 0.109054930891924
-0.413566653532387 -0.320549239173503 -0.11022351492526 0.0335088348709503
-0.232185518330495 -0.48511619544582 0.00395530526558764 -0.0607616825073158
-0.248374281398619 -0.367617002344327 -0.0271362617056456 0.229099235210184
-0.41933134046019 -0.175299361241719 0.106046274865918 0.0716755196066805
-0.365055114010274 0.182773334764337 -0.0410698354642135 -0.078193344511083
-0.0825387627898088 0.393619236772214 -0.113885833402691 0.0354182338471993
0.129821936955496 0.322424949217308 -0.0200813367628014 0.132853271006103
0.248544655485067 0.204099021849339 0.118785367127689 0.115110099546454
0.307089600419089 0.0716775238604971 0.182220473202551 0.0187930794366147
0.290546205293257 0.0381219903525509 0.172042717675046 -0.038106251477256
0.288513571760113 0.0763378578541172 0.161220168025314 -0.0249659157374201
0.235576243133559 0.241334723756053 0.148979706862544 -0.012320798405431
0.061623146258177 0.333347176086057 0.125039658039038 0.0306750094117948
-0.153675947712033 0.351800585692667 0.0794273970940565 0.0827255592652389
-0.367160361194917 0.0910960002096492 -0.0322620955440302 0.115874625403441
-0.336457529243264 -0.264866986772745 -0.0250447315278838 0.0919515398886361
-0.221547107738215 -0.411800184541109 0.0754860463351532 0.0962614023301648
-0.22440320714767 -0.271605863156543 0.0505758061414406 0.381655327584251
-0.335696743248626 -0.104769757290194 0.224761371988393 0.129925206473352
-0.264663453036243 0.158154121186949 0.00924214697869954 -0.0785784935490429
-0.0503421563913297 0.281240846893172 -0.107136950948539 0.0369895886798208
0.0883534741815169 0.233587190119529 -0.00663479887203281 0.182642669923463
0.179394082611312 0.157695534814196 0.184231911819432 0.172515441329914
0.226949963232027 0.0705278902009064 0.277944715847564 0.0523807398382062
0.207422645012203 0.0491625984133457 0.269778238895423 -0.0205587423719924
0.194394204450059 0.0799355222726896 0.248259918871614 0.00241781293711073
0.140224882265322 0.186268140246361 0.204816303189025 0.040014270809014
0.00837907615409891 0.220734356365034 0.134828556265483 0.0809384243822388
-0.116860542411176 0.192516025636155 0.0734250483904771 0.0859299472142762
-0.211522299957722 0.0367233295439375 -0.00222099412147244 0.105159748659318
-0.20177187580672 -0.170285538696767 0.0373858435953046 0.12118511381833
-0.176733263841485 -0.274250240536721 0.131592063244416 0.210560173402196
-0.159716110718858 -0.130833177822096 0.113784053193296 0.497033982699029
-0.190713625803133 -0.0208944452638917 0.315900848330715 0.179144785428371
-0.116941033090368 0.101468293212297 0.0648159792829243 -0.0728545099799516
-0.0092782600368331 0.118508722537025 -0.0874455730666297 0.0228609538345728
0.0293076038595207 0.105133522135081 -0.000178046969961368 0.20315160150015
0.076791963159714 0.0853631717018529 0.21764829386021 0.207538815943931
0.107542933069037 0.0593852600943085 0.331994107063472 0.0804774137675533
0.0921675985680047 0.0541264332402336 0.327182995309582 -0.000951144431761088
0.076280941401021 0.0731788162986679 0.293268150213584 0.0286593286425362
0.0341109257380671 0.108741673941113 0.223546113639913 0.0818309480956628
-0.0363708617747547 0.09108158623318 0.120583666679621 0.109420313873097
-0.066535013721687 0.0304204509705248 0.0563809969227968 0.0729967646599427
-0.0497001562388868 -0.00666255819000962 0.0197397453508082 0.0816890344388952
-0.0635420670547335 -0.0549650386500828 0.0733946622263116 0.122397951215398
-0.115981111837841 -0.104626333517235 0.167904061036404 0.269201126372542
0.0162269839866388 -0.0598809927700544 -0.23235349715236 -0.277245550544746
-0.0643860581806161 -0.0565776581441759 -0.203435784246542 -0.0853305530543355
-0.0765620966764712 0.0475884983888595 -0.0670282422833083 -0.0327421606900256
0.0212469724315302 0.100682964766549 -0.0311477430341432 -0.0283215203064948
0.0731026136003376 0.0240020915084615 -0.0758821977835945 -0.102826823608089
0.0562008067083565 -0.0250292733257851 -0.218260874663413 -0.0983018666865182
0.0329727995505867 -0.0599452357399567 -0.312153512772008 -0.0234994485820061
0.0299810656308421 -0.0599153883765001 -0.33763070230197 0.022673406026742
0.0358814593879605 -0.0476896624602773 -0.341885727429658 -0.0338201685883379
0.0407324431834921 -0.00953858349309484 -0.26130093462901 -0.159558238340052
0.0329290837869064 0.0276818444233795 -0.0700665698457397 -0.204418643206799
-0.0141830565051269 0.0599532444977062 0.0431120257732262 -0.0402221152419188
-0.0685419625691919 -0.0207309073526518 -0.0717501468736582 0.0407938054751582
0.0125164266261472 -0.095989910714404 -0.299788266325811 -0.132071360945779
0.0832526356134177 -0.0478234981858931 -0.231016108181616 -0.529263454249353
-0.0667569615071704 -0.192118991583419 -0.228981646733275 -0.262440976564321
-0.178379395795803 -0.131030575880283 -0.205756408232978 -0.0800818662458435
-0.179801586806084 0.0752376602343347 -0.0863476020183882 -0.0241315596403188
-0.017087516431552 0.210671927276213 -0.0322126862403768 0.000332550144385858
0.109842905583261 0.133048104931116 -0.0508788009604699 -0.084307268378988
0.148193371441079 0.0473063731705099 -0.173633670122563 -0.0988385529047566
0.157426292466891 -0.0430523571809797 -0.265399966253561 -0.0441086780656442
0.159259289078829 -0.0612005986960436 -0.29603448797865 -0.00626283103819824
0.175559305808232 -0.0378700033428322 -0.302750147886662 -0.0522852514239905
0.172064062286418 0.0783467600692762 -0.229062268245553 -0.168744196328871
0.0900863768036919 0.172451054694487 -0.0500204186418475 -0.197719560747639
-0.0552208346276849 0.236410245398112 0.0408035981445523 -0.023606541313213
-0.236237424061196 0.052897883177431 -0.10203649185383 0.0560583850217357
-0.16850051047895 -0.191645854822443 -0.303344243018449 -0.127785560817035
-0.032856462981811 -0.232640607578271 -0.179066948672535 -0.50467377619343
-0.126807018160021 -0.311165484996574 -0.197925423678661 -0.206249814653089
-0.272913907149222 -0.20428217533269 -0.184491832139539 -0.0639657810628918
-0.272853196811381 0.105853034544643 -0.101916405819896 -0.0264158335182741
-0.052912866772549 0.30879470657144 -0.0478474633324244 0.0188736998381969
0.136356790579986 0.23340743072992 -0.0401424702949391 -0.0483753909858495
0.223843067908608 0.117888442766053 -0.116004984279602 -0.0723270650455053
0.261246720841321 -0.016963177715737 -0.181565417446585 -0.0480210995768209
0.263710643025988 -0.0530369979536291 -0.208954392659026 -0.0291861739165362
0.287487990682923 -0.0219362332151552 -0.215464292705816 -0.058818002913771
0.277244901584765 0.155003712289691 -0.161050519111298 -0.15330106110062
0.131903529423179 0.299468192761093 -0.0150901418177502 -0.166922052497189
-0.0955508305228714 0.387726074195689 0.0474249182590399 -0.00340602653180627
-0.379101679043546 0.122662623047544 -0.107536771685876 0.0807868845524634
-0.337212417614111 -0.261430694277151 -0.274454070642055 -0.0823943670375516
-0.161209816077808 -0.383866057550542 -0.169029239687181 -0.383394360153629
-0.205455191670594 -0.380417692714521 -0.164605546032151 -0.08342469438243
-0.377527366155819 -0.225051322221605 -0.12178973592268 -0.0349940453297472
-0.35743428916264 0.13759073513666 -0.103120600019005 -0.0442121714259859
-0.0896766065385273 0.393301121488515 -0.0758058276124942 0.0263593216626752
0.146531977063903 0.319781125928858 -0.0357040420397044 0.00322469447941696
0.270140194978753 0.185253268873675 -0.0414621880297696 -0.024279342337795
0.329129531242702 0.025826104929196 -0.0652861946352841 -0.0459999903633755
0.329109285392243 -0.0163682186938687 -0.08626472528619 -0.053886319125943
0.349859542888531 0.0244944603466733 -0.0893950352247419 -0.0670834996519547
0.32078602981573 0.234699790935585 -0.0539921191897944 -0.126245278800725
0.132290350148864 0.390875321672484 0.0386316961808724 -0.112485584183285
-0.147856945114936 0.478317389764912 0.0609627822406581 0.0251682524266621
-0.478197119877864 0.144959956106234 -0.0947431501273571 0.0967705894325714
-0.4252310895478 -0.324891480217296 -0.201986245594972 -0.0308718501340075
-0.222247753307592 -0.484633821315898 -0.0809401080521659 -0.236539382883861
-0.248849114704886 -0.409110212768942 -0.102454122913458 0.0684865085610092
-0.442364258058007 -0.21637134071622 -0.0207810347738282 0.0139045971481268
-0.398439913881065 0.180831640845405 -0.0869390014734013 -0.0631538576283821
-0.091221698980977 0.43765433483793 -0.101825540483787 0.0360823074391084
0.158995029856566 0.356909910058536 -0.0294690823171223 0.0723159719530238
0.290215283828964 0.211687948853806 0.0422181018221303 0.0442732105029566
0.351357417384126 0.0484318436472478 0.0635458747091196 -0.0214078292126393
0.341641251948394 0.00724091824011563 0.0477321455459204 -0.0559075510369638
0.353094317275905 0.0484750805772071 0.0433301184571296 -0.0535817214577195
0.3163735723756 0.25832998307259 0.054556019386228 -0.0751371612359153
0.118748638100133 0.404909103068175 0.0891142485371602 -0.0433262175243119
-0.156278111948115 0.473653179995509 0.0761095479226178 0.0543455085867236
-0.476030223533219 0.147484521477371 -0.0607238018873235 0.114705216433943
-0.439494326841005 -0.321829223014975 -0.108976761840973 0.0408501394845745
-0.252344168452019 -0.494699438597721 0.00259968766856315 -0.0632678638045436
-0.266863798964911 -0.370371879960052 -0.0212825214695853 0.237977946565061
-0.439505803926976 -0.166831100546079 0.107351113528138 0.0702304741052656
-0.368932685548734 0.199034247893981 -0.0500195791079066 -0.0760157798233996
-0.0719773037670152 0.406825958490764 -0.115177175339978 0.0456554472079484
0.146976667913149 0.328258651116956 -0.0148918330234196 0.141730632335393
0.266237135791929 0.201225391012481 0.129727870978971 0.114054323737077
0.321349790220763 0.0606560779092376 0.188565588646263 0.00956473006079861
0.302157619897284 0.0271077314433596 0.173895319306199 -0.0486490621228972
0.300507487093339 0.0683089816637019 0.165094745717696 -0.032682837964775
0.253490729384842 0.240769046126909 0.14890556098699 -0.019983226451669
0.0759830813888268 0.343213036186809 0.127638173335631 0.0235380145062508
-0.144178555397282 0.368634966965237 0.0840839018006952 0.0753022545395359
-0.375938921474083 0.10570285764791 -0.023736584823774 0.119985726995656
-0.356237900194783 -0.265768482711688 -0.017990914145654 0.0971722195081077
-0.23810820953684 -0.420000176480648 0.0810803069843965 0.0956644274889719
-0.237811429463729 -0.27195517520154 0.0622518755139146 0.393151773247287
-0.34966854401905 -0.0975792175204256 0.231419689884692 0.125920062422607
-0.266151864989859 0.170708845755357 0.0013231464665358 -0.0787536215762667
-0.0426112784673599 0.290574260047553 -0.109653895984553 0.0471467557460943
0.100206280864738 0.238846184553485 0.000984091144872203 0.193536882273154
0.191996071226961 0.156205394176296 0.200638120614836 0.170925182982329
0.237783493332204 0.0633008894432032 0.289589818923014 0.0401956603173657
0.216818799284865 0.0426464376100797 0.275845836966493 -0.0338011195689221
0.203816135299101 0.0770073285147299 0.255341951465237 -0.00799031687922938
0.151826204844482 0.188281472525895 0.210349763078224 0.0329083630567581
0.016420118131216 0.228877011951319 0.13936834763768 0.0756374430329785
-0.113759338628333 0.201377527708073 0.0770981459962662 0.0798523318318172
-0.21645634931108 0.0429751154462618 0.00477492719911375 0.107852368591723
-0.212885253900506 -0.172409054866515 0.0470781682011455 0.125263533514577
-0.187144135058359 -0.2779236775438 0.143262830118107 0.211511043415892
-0.167737300514801 -0.127620303647724 0.13281715182374 0.509798648062258
-0.195437005838117 -0.0150275596198105 0.327382457132189 0.1726159169016
-0.115898481032857 0.107557708410022 0.0593241508601977 -0.0751284588458966
-0.00717372850112494 0.120513773202947 -0.0908129630722006 0.0309307756421779
0.0336475868236768 0.108626955838437 0.00834156283481461 0.214683749398932
0.0823019119672075 0.085706601394349 0.236611669524583 0.206778940752121
0.114298959426752 0.0568913311365673 0.347350390448398 0.0670713472040044
0.0980084107064165 0.0528685215840912 0.336346860776708 -0.015835427159135
0.0821288540933633 0.0745712445193707 0.303606053465057 0.0168331807910661
0.039326266859701 0.112987697393996 0.232190754462096 0.0754416486079387
-0.0355769744594463 0.0964259706778746 0.125527142681738 0.106588832963214
-0.0694324608302971 0.0329863963169507 0.0586949929101838 0.0686588283440259
-0.0511704323003805 -0.00797201672059052 0.0252418516636039 0.0821234903887482
-0.0659541152653599 -0.0570806861175352 0.083868120823335 0.124602523480286
-0.119324795146445 -0.102844693612947 0.181858615437975 0.270256307212499
0.0405158695786269 -0.0435252768908458 -0.0850425099238791 -0.361143204676973
-0.0345897167734049 -0.0778149986917083 -0.146835703767427 -0.165699575814974
-0.0905373237460803 0.0113787420175104 -0.045473607431287 -0.0571696912872525
-0.0226767699582899 0.10204110355314 -0.0122173472235753 -0.0357191463320704
0.055493032768132 0.0547025225723847 -0.0172802807678676 -0.127223567184996
0.0618733090362239 0.00312707915954177 -0.15133539432941 -0.187382657455531
0.0531839422487758 -0.0407124593355342 -0.271410303207536 -0.159351757935517
0.0527846200013997 -0.0428018295776239 -0.312912740248807 -0.125759815259697
0.0521593983328059 -0.0282063055186876 -0.294545621191385 -0.179192537206138
0.0403766211702847 0.00856492528218898 -0.167216703477187 -0.257492882425281
0.0182606986020893 0.0396151917864197 0.0270363177982581 -0.21901270388622
-0.0372038140363278 0.0480201411415963 0.0596121855528644 -0.018727786971043
-0.0543513593411763 -0.0480150347760584 -0.0782382527769277 -0.000234065577843394
0.0468826088803486 -0.0836886285096581 -0.205976973477021 -0.25617879095916
0.0936470144624168 -0.00808723269823921 0.0500815630769087 -0.584874222668437
0.0271878806021931 -0.20075821622446 -0.091607637153655 -0.342920786274035
-0.104349673794262 -0.19647675511779 -0.149673111142784 -0.159101497291371
-0.196481097613918 -0.0110811250579258 -0.0645198574596631 -0.055715367793364
-0.104864042789293 0.183018511343001 -0.0221449497200335 -0.00880875946486238
0.03939724276792 0.1693104188345 0.00156665216340659 -0.10109943237262
0.11358104305085 0.109582339689425 -0.109169916231698 -0.171132363497232
0.160424128684924 0.029795018357792 -0.219185016533103 -0.159189397484628
0.172263634666792 0.0143528368358847 -0.263485767800436 -0.136227568946879
0.173757259099443 0.0415623823325055 -0.250668361108056 -0.177684843794783
0.122147383317164 0.144776703862332 -0.135453350240592 -0.250747438108921
0.0059720615724319 0.196753090086014 0.0388334017437364 -0.199734092026728
-0.151001902190242 0.187865756365698 0.0459192592726251 -0.00288013823674476
-0.238909511588154 -0.0584219669602511 -0.115132010147423 -0.00141930014539182
-0.0730285915455317 -0.252489274709805 -0.207667508690474 -0.256479492352666
0.0731531330405976 -0.226585039001946 0.0877219017047682 -0.536140436742711
0.0283635667265028 -0.335933769674868 -0.0929089252402077 -0.275381184695769
-0.158144713717298 -0.306959200301646 -0.138004577991687 -0.131019074729743
-0.29462099626237 -0.026152443430009 -0.0755953223291721 -0.0621817436334005
-0.18036495962111 0.254781519336364 -0.041721986041722 0.00163702296044711
0.0183585727465649 0.272089115328595 -0.000521620102563844 -0.0643959658451233
0.151341291749963 0.206748665517557 -0.0672317280979213 -0.124365515478976
0.243409278654836 0.099252333105626 -0.140845437896144 -0.12749165171471
0.264104828135608 0.0687298328964102 -0.174059908477802 -0.120115223246576
0.268311147487984 0.10499296595688 -0.168636749995554 -0.145474014975448
0.1852460055527 0.260705303479132 -0.082216697414377 -0.205468612732007
-0.0111899664697565 0.331820652900726 0.0529471943580114 -0.154597769781673
-0.252037651832933 0.304624565744692 0.0376766715107446 0.0197498077128058
-0.400305890038715 -0.0594331996121803 -0.133912129860257 0.0156837809234846
-0.191431688663544 -0.391083097514647 -0.198748796146691 -0.203742219602741
0.0256517986700589 -0.419953588669995 0.0422045918673197 -0.424242955299031
-0.00885619744275146 -0.436017230577966 -0.121069519321331 -0.146349602431591
-0.24306440364657 -0.374733315783498 -0.0931341250232548 -0.0746953778867185
-0.385993904469839 -0.036116149120187 -0.0675746739685119 -0.0780051034231681
-0.250551866462381 0.31374749666874 -0.0682643718850031 -0.00180408103974884
-0.0108936835260967 0.355002204940199 -0.0158678165974877 -0.0146997134163854
0.163761841954145 0.288361531380489 -0.0205114155808942 -0.0489043877046403
0.288771137852843 0.168651082683724 -0.0369996426844642 -0.0754844524007203
0.308662825392526 0.132446842934497 -0.0526750023864315 -0.0891937374494863
0.305724775354683 0.173901876790147 -0.0524633794046563 -0.0988170921082883
0.192202991581233 0.351718529925648 0.000835784155032612 -0.134125836905463
-0.0503841049519696 0.414461239477308 0.0750648460323665 -0.0800880470227397
-0.337105711709617 0.362577543263454 0.0326754519265053 0.0512376802216557
-0.49768171388368 -0.0865313106383928 -0.131158228073901 0.0356034231303988
-0.243536157991872 -0.488610737453979 -0.153665364072599 -0.124588342323166
0.0184036871369723 -0.538222406646773 0.0510161095108606 -0.249582966609268
-0.0337543802789561 -0.483214062571362 -0.135693222499959 0.0224692435410209
-0.305718416911358 -0.395382872560046 -0.0218529358613777 0.0157837572738384
-0.44265682044153 -0.0158978495870355 -0.0428780006774877 -0.0860427667554064
-0.27296867920463 0.353064987697523 -0.0961033539247723 -0.00478794161675018
-0.016344485235394 0.392943981463953 -0.0399712762442335 0.0506774507754524
0.171339742198807 0.321622697574522 0.0253270632063435 0.0505286181506492
0.299816090475806 0.199798704243968 0.0685562034046777 0.0031546966521609
0.310375013023351 0.159072740844124 0.067995446527074 -0.0338098025845763
0.297979450049632 0.197712010763582 0.0616779279748031 -0.0290567491740175
0.177350299463979 0.372088494226038 0.0754148900098684 -0.0416975643748003
-0.0685103556532239 0.423046973558142 0.0889981948785744 0.0034806844339762
-0.34552855404126 0.356365456409976 0.0318500230164264 0.0823604322305035
-0.49649022606466 -0.082997654601725 -0.109944279387027 0.0671050436705538
-0.253880377327723 -0.489139617693961 -0.102418296835774 -0.0173557545750263
-0.00405028378699046 -0.560594099296357 0.0418143708201122 -0.0539077283837031
-0.066532245198489 -0.457118508967313 -0.138810372545527 0.214201151537733
-0.32302654688871 -0.353063583802261 0.0694871897221676 0.123628118688859
-0.424723184790591 0.0131350386027274 -0.00450456084459005 -0.0826158003740375
-0.24383386210694 0.333827181379221 -0.113214471076337 -0.00224019817648262
-0.0145190860258474 0.361965795092982 -0.0600336815437808 0.121298910408881
0.154324476881012 0.300688615713358 0.0732548143604384 0.154065094803502
0.268422993030059 0.198160995443763 0.168507671207632 0.0864290127293528
0.266036107861655 0.160351573570321 0.178364445363214 0.028595259970727
0.242703157659477 0.192518977096265 0.162338937776522 0.0420482708519001
0.127917828076887 0.328889079414569 0.137489341098739 0.0487762389679203
-0.0817880420012957 0.347843391941786 0.0940789653531528 0.0798465650991737
-0.288761004067888 0.266779930127525 0.0313576724737831 0.103391317963997
-0.386409619135611 -0.0759239953144319 -0.0777229697592433 0.0904455284059442
-0.202343179341431 -0.401112204991009 -0.0482967485779639 0.0781474238405393
-0.0244183918724619 -0.484102546459427 0.0349187146288127 0.126436700041877
-0.0856183367856909 -0.35803947393206 -0.131708471377048 0.394199313039685
-0.274634758622559 -0.250379445154184 0.156765062506135 0.22602069066522
-0.318917461700871 0.0336131880850581 0.0409339585063918 -0.0642880843317739
-0.166206355554601 0.240203039625317 -0.114088993830854 -0.000681932983626265
-0.0162611421112521 0.259269214859125 -0.0735694326808902 0.176817092739011
0.106552319953151 0.22610447037092 0.109350696635599 0.240497502761702
0.19224392641246 0.163259905275047 0.245261803957096 0.160389132771956
0.180651125487254 0.13721122293388 0.263185295490633 0.0866695213826376
0.151878441862952 0.158924864111186 0.232416411679697 0.102942771715148
0.058804422802849 0.237249787393221 0.170514987968107 0.121045151786655
-0.0859026292389916 0.216684622847902 0.0834574993464075 0.129453796884815
-0.189076307892223 0.129973850365837 0.0267938230545312 0.10184746783069
-0.213711188677324 -0.0608492271681054 -0.0445443160557038 0.0959916489705493
-0.113579052459646 -0.251796631950925 -0.00632511104179974 0.135820097273543
-0.0412895632989177 -0.332891634438515 0.0317161074893222 0.259493617838517
-0.0884858256566308 -0.195074341096524 -0.11653541179663 0.530492208600951
-0.171735734895159 -0.106621694758959 0.220781039853809 0.306012255541379
-0.15431341999843 0.0452935737269921 0.0873764395826103 -0.0389772805977422
-0.0601452967909576 0.103514434521183 -0.0956863367071664 -0.00877402082680479
-0.0172566193065618 0.112004704170386 -0.0838121858200378 0.202097030970728
0.0381130988909819 0.112981538166071 0.124964002361191 0.292443874105429
0.0818451497506747 0.102627523576713 0.285089580219446 0.212882949468992
0.0676319637982898 0.0932188968221655 0.309970901835258 0.130849094512813
0.0430539287830293 0.104026070899697 0.264987465995627 0.146124106340108
-0.0122348234152128 0.120891332587912 0.172542937368267 0.167939595397233
-0.0751538550489584 0.0725469578864866 0.0609129623469484 0.148941731469344
-0.0768035547415015 -0.00183468066983707 0.0196008810535183 0.0811603647360986
-0.0409768281409167 -0.0319193958414104 -0.0127451174623847 0.0845633075922314
-0.0309858596671535 -0.0806950330783204 0.0234704147759106 0.154439464637412
-0.0584349691522995 -0.144696830204552 0.0344935375274036 0.330345440116236
0.0374504790047422 -0.0460019071551546 -0.097187607124398 -0.354213710631768
-0.0414435078559662 -0.0742141524787692 -0.152747971925803 -0.15604343199586
-0.0888250173111843 0.0163578680090823 -0.0500333424876355 -0.0521225449313402
-0.0148901608185889 0.102614627383667 -0.01354713754133 -0.0304684025338685
0.0576163107090305 0.0498955009163272 -0.019688168678475 -0.121959184636529
0.0615201286946579 -0.00081327258280229 -0.155455886732059 -0.176440823314185
0.0503517060305255 -0.0435056783306444 -0.273375548706029 -0.14202592436402
0.0482285942492289 -0.0463338684540515 -0.314501001331386 -0.108303791637494
0.0491866326664304 -0.032797544218518 -0.298299554726111 -0.161382753812179
0.04119665098048 0.00569159620977841 -0.179567344916422 -0.24827888571778
0.0213885848521565 0.0388823881515239 0.0160331828387101 -0.220924894706054
-0.0326315263312138 0.0500531112745772 0.0621469164050505 -0.0244293898983205
-0.0567425892893098 -0.0430059984077121 -0.0726421728841404 0.000895008879792054
0.0403000671577887 -0.0842737339250506 -0.21117093325823 -0.24205860018054
0.090482198136365 -0.0130100175607425 0.0268290375157374 -0.57605234217583
0.0191873510259103 -0.199936324053575 -0.102064889208642 -0.335436135654556
-0.114495720655286 -0.18901917008104 -0.15606199543058 -0.148940225004666
-0.193134718177158 -0.00145973087170356 -0.0691414409910776 -0.0496242278138525
-0.0912557938578244 0.185448493143312 -0.0212583990357294 -0.00362868646876993
0.047813307727501 0.164379147133445 -5.22148556246447E-05 -0.0975466667967078
0.117828641601294 0.101616196510854 -0.113585556735188 -0.162888982707159
0.159621364006277 0.0201502254991809 -0.22239010013588 -0.145065352500402
0.169065439870792 0.00407676951731893 -0.265694158584967 -0.121340101391922
0.172521024094356 0.0304381360097546 -0.255177890406619 -0.16375838048657
0.128554240845099 0.136448690081237 -0.147576017710707 -0.242174862503643
0.0162316707378197 0.195221150407094 0.0285425963113948 -0.203867192244463
-0.138057550712411 0.191704734587803 0.0484444781565528 -0.00856205503354247
-0.238371160568761 -0.0466681410289853 -0.108278000837008 0.00244191864159763
-0.0848479600059142 -0.247434034267061 -0.212238012864261 -0.240267854971955
0.06301566073536 -0.227971923548518 0.0658509640775679 -0.52948686188332
0.0163829278277431 -0.331891369060588 -0.101041947798968 -0.268046006349445
-0.172009614102695 -0.295846536265336 -0.143555354434418 -0.122281882412389
-0.289593001149034 -0.0138701758826352 -0.0807008667477308 -0.0560198849290701
-0.162862647211691 0.258874210621609 -0.0392363608716605 0.00806760295983117
0.0318073758175893 0.266322517013979 -0.00102085881021465 -0.0618543906102278
0.160007215261077 0.195887789997644 -0.0699473140651793 -0.119130615657321
0.244729247413704 0.0852392420359053 -0.144066218682378 -0.119566840624169
0.262415553802233 0.0535522616075275 -0.17773791524342 -0.110418653878043
0.26781991796817 0.0894407154509105 -0.172821627208515 -0.136479720059151
0.196025711097527 0.248360408967145 -0.0937857537001047 -0.201251709065591
0.00494176575209636 0.329669723967966 0.0439272994958737 -0.159663865253197
-0.232899172643169 0.312059282096684 0.0405339332002688 0.0135607638797734
-0.398415003769013 -0.0422816507691053 -0.12418176902122 0.0213318899131686
-0.20730684112687 -0.380639950788828 -0.201424691782858 -0.189176740616393
0.0102093135320868 -0.416524498650948 0.0249865560237834 -0.417700309970754
-0.0223628439728877 -0.429446748546205 -0.124082844442215 -0.139664404694676
-0.256559460886011 -0.359489359055143 -0.0978628653350813 -0.0687045992230268
-0.379941102431862 -0.019095026753892 -0.0742818384592357 -0.0713985273627632
-0.230938986745968 0.319341221860542 -0.065990832993842 0.00607446001249269
0.00606890932839703 0.350510408959369 -0.0149651296102611 -0.0115458021073684
0.176158030926811 0.276103506575359 -0.0200652037768159 -0.0468660603270954
0.292984651575835 0.150604272165571 -0.0398953767348633 -0.0733559291259308
0.309394598243725 0.114343156621826 -0.0569982769990229 -0.0868647905911673
0.308277226780171 0.155834587734264 -0.0558310422768122 -0.0960055345649851
0.206300503568552 0.338629061162459 -0.00905054714612248 -0.135205084985461
-0.0302642997265748 0.41479851881908 0.0684122465206554 -0.0879900259137506
-0.313672711957508 0.372349759420425 0.0363200729880918 0.0434128254627983
-0.493290196981712 -0.0629726481913248 -0.121586600750822 0.0411470552830195
-0.259409737595921 -0.474724450393022 -0.154257278203211 -0.112838806213396
-0.000207121649004164 -0.532112146211472 0.0412400575999906 -0.248127649087132
-0.0486743419676827 -0.474633893115825 -0.13272856848137 0.0277064948788005
-0.318693148503935 -0.378361382159787 -0.0252525850126768 0.0167759607916072
-0.434215667771439 0.00196749955482017 -0.0506915829841186 -0.0805933320805547
-0.251797117095478 0.359291443239408 -0.0939257483591387 0.00482894022235794
0.00290557360629083 0.389169780414801 -0.0368138443751483 0.054784651057459
0.184763523570148 0.30938046976448 0.0297038097605439 0.0492015742798615
0.30603106356883 0.181358763164059 0.0679443474954894 -0.00209865246149453
0.312711770883065 0.140623442665055 0.0640974966405395 -0.0380523561073083
0.302707069734527 0.180870002365208 0.059705739014812 -0.0327773747498625
0.193060517324146 0.358705515930405 0.0686371690014872 -0.0469107097790459
-0.0485306788212829 0.422670954657804 0.0852368917948383 -0.00494569834315896
-0.322915599093161 0.364472780844783 0.0362700009104242 0.0742398388664206
-0.492658331177005 -0.0628599423352793 -0.0992867634266578 0.0722829851960392
-0.272254121998709 -0.474390433839637 -0.0981194689068022 -0.00895619720302581
-0.0226663290493395 -0.552847744259978 0.0402525440596872 -0.0555958215753847
-0.0796729070518126 -0.446902964027037 -0.128935992887793 0.2171662023122
-0.332716063750245 -0.335359875171726 0.068648260654096 0.11816689761316
-0.416000132203747 0.029774205939243 -0.0130463095382308 -0.0785836503133466
-0.224425646316209 0.33828873278341 -0.111628950748634 0.00751036563979946
0.00217667702550674 0.359297187796437 -0.0536957476075756 0.126299195273816
0.166166225774665 0.289171306139951 0.0819086918085071 0.149341404728346
0.274427757691464 0.18139167795777 0.170423093138194 0.075294921697769
0.269643210238972 0.144557412473968 0.175975969754828 0.0181224696032698
0.248100645195812 0.179505308020342 0.16175729151244 0.0323715089715044
0.142078364450049 0.319608134470923 0.134028057077033 0.0398793735198954
-0.0649727328164184 0.348244564541391 0.0939752289727592 0.0709304931681635
-0.270717184869602 0.274946217494035 0.0348114860324823 0.0945748482986137
-0.383524210578694 -0.0602768025724508 -0.0678897271129738 0.0938012798482786
-0.215645452106054 -0.391621319995791 -0.0411149971625696 0.0822553732480482
-0.0408879006036404 -0.475997515952122 0.0402424036160558 0.121676469384328
-0.0955185997955991 -0.345144969352068 -0.115164273231806 0.394221184510356
-0.279504573281414 -0.235759513288925 0.159085424610545 0.215145968298572
-0.309935467876181 0.0445212018173697 0.0328158387799333 -0.0632939150988201
-0.153443075823087 0.242740759066438 -0.112781781866594 0.00874533168876312
-0.00489104569900892 0.258253451731029 -0.0649905507354046 0.182271703302052
0.11578516867784 0.218268617424748 0.122105807038276 0.232574730146283
0.19734716626845 0.151139675196094 0.25056897692988 0.14437344920061
0.184905908911414 0.126221075882424 0.262322249658816 0.0702658170713118
0.157217451338331 0.151037804772188 0.234335185829104 0.0893926649470883
0.0687820146337406 0.232691774909042 0.171014457534756 0.109596927055536
-0.0751292883950716 0.219070314566136 0.0863304170241115 0.120533092542759
-0.180416491686051 0.135788741218858 0.0295837692312567 0.0932302554058799
-0.211411625889193 -0.0530330492134357 -0.036525866261673 0.0969946418707432
-0.121170792542217 -0.246580006675152 0.00392593308042138 0.136496790892659
-0.0509284624279407 -0.325626164805808 0.0423898219644724 0.252422568904798
-0.0931642163794053 -0.185813532200983 -0.0968966637743777 0.527621049393255
-0.171659809150614 -0.0975275135463981 0.226699973557958 0.289751416250593
-0.147011454727791 0.049474903008313 0.0801876333793348 -0.0406411525087067
-0.0564082567452387 0.102814961212379 -0.0964550540745244 -0.000986847630680106
-0.0131146525078304 0.112310052892181 -0.073838617009219 0.206823208932452
0.0424295661111921 0.109896431778312 0.139457364989894 0.284444231707514
0.0857614183204218 0.0970532248012115 0.29203826483966 0.193952517429057
0.0715894208487394 0.0895600667728182 0.311231635933647 0.112670023016822
0.0475605333525844 0.102694870163722 0.267727751703693 0.130707151447311
-0.00727627557262958 0.120929089394299 0.176523961588442 0.155738087746093
-0.0718044524846418 0.0756027021233928 0.0640664534892402 0.141500916450635
-0.0767729883738052 0.000822350831483818 0.0211268290879315 0.0746102423825991
-0.0403560359085337 -0.0315574231424806 -0.0071679042853752 0.0835627185829338
-0.032193164554631 -0.0806570502311914 0.0339034625043244 0.153056021949528
-0.0607794609710685 -0.139242820900316 0.0478076554424109 0.322033919930115
0.0340154772878351 -0.0469864487781352 -0.100656360189661 -0.34458919707825
-0.0451497239159652 -0.0703713035083168 -0.153434177745489 -0.147975623232447
-0.0865392627385383 0.0201006926252774 -0.052504871938652 -0.0474302696323755
-0.00904579104187998 0.100618952168853 -0.0131409966842015 -0.0250561996635256
0.0588161884933168 0.0461482607574378 -0.0189760885790016 -0.117690548981084
0.0608435526297382 -0.00306854575146743 -0.154612397346864 -0.167129783376944
0.0471653735795329 -0.0447229468139723 -0.269397055623472 -0.128652661131593
0.0450158246887627 -0.0479446442040845 -0.309382107980895 -0.0963068307278942
0.0461836907003553 -0.0355425049186121 -0.296768651095306 -0.150025170424317
0.041418717007388 0.00345718835296897 -0.183781621671575 -0.239300807781811
0.0233965404342666 0.037493324016465 0.00832981648158671 -0.220488536883347
-0.028626760038245 0.0508477155419061 0.0631192317270469 -0.028922198082897
-0.057737159652466 -0.0390358455193877 -0.0668589103147017 8.53272265858923E-05
0.034530125687891 -0.0828801126481803 -0.209037535865224 -0.228961998318548
0.0867105972392958 -0.0158992620781553 0.0139695773921877 -0.560436022682918
0.0147549181717255 -0.196820502344691 -0.105913625396668 -0.325867309585504
-0.119250808838825 -0.180925730116019 -0.157143969431635 -0.141294563979238
-0.187676851688048 0.00359611168912203 -0.0714021871523964 -0.0453328548371721
-0.0814909042501171 0.182695789807887 -0.0193625555319768 0.00131954057962343
0.0518409886174905 0.157955082757991 -2.63952332461018E-05 -0.0934126210370368
0.119054174320674 0.0948698589667049 -0.113153278280326 -0.155274306266869
0.155686745990634 0.0135973494229822 -0.219786764176406 -0.133970908434104
0.163905946643363 -0.00286558176805785 -0.262767377495122 -0.110617795359471
0.168724680307313 0.023018340665415 -0.25425400190641 -0.153085017520755
0.130253374881068 0.128863773852942 -0.154618458953948 -0.234522226555756
0.0221616220455674 0.191463647860691 0.0206521849560632 -0.204557824355176
-0.127874641253421 0.190991043252287 0.0504499447762534 -0.0134388839368569
-0.234911001982693 -0.0395604280314762 -0.0999962805767629 0.0035264463588543
-0.0910088529778479 -0.240978648798823 -0.210487877853726 -0.225965438349933
0.0562026397485997 -0.225991709314466 0.0518431906902672 -0.516623375033098
0.0111499494777347 -0.324794680619331 -0.103389370995282 -0.260009141187851
-0.1769762125203 -0.285364781475723 -0.14541552254096 -0.114828089370031
-0.282248913646185 -0.0061876479119945 -0.0832965277021581 -0.0503514727064531
-0.149513479214277 0.25693582983089 -0.0365196442576017 0.0129391355686108
0.0398976522961945 0.259301959985267 -0.000195644521611226 -0.0588931077090165
0.162649765689825 0.185897803841358 -0.0697858536875196 -0.113997234763795
0.24133350821807 0.0746438089838285 -0.143607031446407 -0.112274408049689
0.256894545096852 0.0423779494889675 -0.177526721632827 -0.10333828257638
0.264170558297022 0.0781766452818578 -0.172759839380864 -0.129295718071073
0.19940569993847 0.236697057406977 -0.10082004676917 -0.195751091758897
0.0148333500922308 0.323138698554412 0.0366617252838478 -0.161715335628852
-0.217514936089095 0.309766405328231 0.0421258164611054 0.00735417490307154
-0.389424133760466 -0.0322899433152027 -0.115235344366319 0.0228724738648744
-0.212004724579626 -0.370785218879231 -0.199203771208176 -0.17581864978457
0.00173185891332614 -0.408319708692155 0.016080067114382 -0.408317208913354
-0.0278401954429293 -0.418327463190386 -0.123702555197576 -0.133816334538934
-0.261175545901141 -0.345377819048893 -0.100935424082111 -0.0633619022892642
-0.37020757545226 -0.0118489262031118 -0.0777517773259805 -0.0649340451962599
-0.213597423654555 0.317661775249522 -0.0626290174933749 0.0118281001494312
0.0172210274600496 0.342897512194421 -0.0132023918948384 -0.00883881349976095
0.180929721319763 0.264424942733048 -0.0186253283006847 -0.0454298963810955
0.290627995911913 0.137318659896881 -0.0401130701858902 -0.0714210186338225
0.304380763057632 0.100446421108959 -0.0594172802919798 -0.0843545060114515
0.305249355950136 0.142593786139715 -0.0571575483101657 -0.0939341837659395
0.212244224384488 0.325244154655722 -0.0168308014434752 -0.133533509567209
-0.0177331173168502 0.407021228505816 0.0620539055807045 -0.0925779593267045
-0.294447961671306 0.371076721974403 0.0374587332961222 0.0365303038219747
-0.483346654977728 -0.0506504326023332 -0.111381856416041 0.0430541150743231
-0.265895827978234 -0.460819340052558 -0.150260082240995 -0.103239232339533
-0.00929211325394602 -0.520584887580176 0.0359128538842294 -0.243292373867771
-0.053705296034533 -0.459295304100848 -0.129013114527544 0.0299867082984672
-0.320658828631694 -0.363161467728427 -0.0285260629735977 0.0184119678934359
-0.422872067320385 0.0105971319857451 -0.0555599756575291 -0.0742792763462223
-0.23372681236252 0.355496672633387 -0.0897809518309431 0.011213696566346
0.0134266528712753 0.380502158303895 -0.0332570179578748 0.0570100607248241
0.190112893493409 0.297222258353776 0.0329442542518686 0.0474055664641185
0.304244095371988 0.167127372879931 0.0666646379664967 -0.00558614367944929
0.308817460568117 0.126108700954512 0.0599963034677236 -0.0403997181486633
0.301360582242951 0.167721860566842 0.0574341861411898 -0.0356637359895081
0.199721832976739 0.346168919895474 0.0621537078222011 -0.0495584081028693
-0.0360905594421681 0.416438776494661 0.080801384275362 -0.0117798310246774
-0.30328365506463 0.364161596173853 0.0369127352824903 0.0661061300010966
-0.480740716860284 -0.0496129049737683 -0.0894888369406649 0.0728864770279874
-0.277483716688429 -0.46231562944283 -0.0926077061005359 -0.00300128449833645
-0.0317919224610072 -0.539380481729196 0.0387291590115792 -0.0559851373733052
-0.0831107894947979 -0.432755889990635 -0.122030244607563 0.215165746770307
-0.332131063263823 -0.321550745902223 0.0654784643409378 0.114392072662848
-0.403428545516705 0.0363238966317603 -0.0188263456433955 -0.0734809794693159
-0.209613811621406 0.335436103181292 -0.108126703621087 0.0141779455966639
0.0117819382017531 0.352083127392894 -0.0483484206536109 0.128054994600013
0.17095097739454 0.278735348976322 0.086475045970071 0.144221660281491
0.273701840720553 0.168062963177917 0.169376464261633 0.0659279358292049
0.266854426748132 0.132507476978495 0.170872096119775 0.0105899081532509
0.247289254240536 0.168364268092635 0.159352862180764 0.0250746583972891
0.148436353412604 0.309804614506274 0.128611932461865 0.0334082067719275
-0.05383361373347 0.344359195753815 0.0908377018328093 0.0622112332443901
-0.256168810684214 0.275374507424697 0.0353487773588878 0.0855583437672063
-0.375329709986687 -0.0504980563322806 -0.0593283340929214 0.0933952752018965
-0.220231891839558 -0.381649783488059 -0.0339681133903708 0.0839722613278611
-0.0465795442324251 -0.463742077422337 0.0426647457116764 0.116549038864302
-0.0970077981231116 -0.333861058238609 -0.104793075602877 0.38771515071195
-0.276504976897073 -0.224407485566053 0.156205199931735 0.206475113599077
-0.299247567502383 0.0486042201814425 0.0262594681361722 -0.0602131199280179
-0.144786093110717 0.239380315446387 -0.110189831088742 0.0149595933419454
0.00185113975583821 0.25326943314113 -0.0585024815141794 0.183753629552768
0.119272031471573 0.210979550251828 0.128210013043188 0.225315045580806
0.198164302648448 0.141896306784423 0.249644207594628 0.131618642355285
0.184585634342028 0.117988954367239 0.257425372841622 0.060232130457494
0.158661955938676 0.144211916489782 0.230746572099524 0.0792749148021482
0.0738777637102599 0.227498216894674 0.167683139294909 0.101220819998832
-0.0677715271449592 0.217518365366324 0.0845360040886275 0.112547632490219
-0.172183833725128 0.136382085273866 0.0293891264858012 0.08502132757395
-0.206940582009205 -0.0482995833162681 -0.0295816631397835 0.0956494144233223
-0.123479398182277 -0.241100826410105 0.0114937639506702 0.135356423354707
-0.0546673158777347 -0.316038253398784 0.0478853168380885 0.243691496349852
-0.0928444478506577 -0.176948312388575 -0.0841605343025959 0.517034095698785
-0.166863417285974 -0.0915446676173051 0.224276166742088 0.277344905404748
-0.140345438373608 0.0499677816745344 0.0737260826461009 -0.0396179721880827
-0.0534347567615072 0.100148127568987 -0.0953814538727859 0.00418516312915151
-0.0109653422150237 0.11082120056516 -0.0671246748525512 0.207748924118285
0.0437239282153821 0.107079816597062 0.14696552569408 0.275541225023698
0.0863722820816352 0.0921230979672481 0.291627932258758 0.17930080735726
0.073354326675519 0.0859035138311574 0.305313954074942 0.0992372964550208
0.049994052156089 0.10112118506214 0.264442597647119 0.119367739734068
-0.00356979978647271 0.120384823076361 0.175415694578011 0.146413468606508
-0.0688281287694986 0.076744751228323 0.0642430614856046 0.134730592346932
-0.0762670458182435 0.00157058030154162 0.0211999871755905 0.067405870447508
-0.0389257736852864 -0.0321014447223047 -0.00301045299134579 0.0813716528891806
-0.0317248928705533 -0.0800875398713922 0.040586442371242 0.149718678412151
-0.0601179309370117 -0.133035657786464 0.0546236506093487 0.31207972139392
0.0314918198309021 -0.047455469329864 -0.100771717808048 -0.338318629711055
-0.0481396051141399 -0.067027441641896 -0.153292603191849 -0.143290731370254
-0.0848696175956628 0.023015791598287 -0.0541468318562067 -0.0440791395178182
-0.00521642639130819 0.0991004512934288 -0.01233730129123 -0.0199858712205119
0.0591453836997059 0.0434924699507254 -0.0169990405090958 -0.114225621935167
0.0604675424374714 -0.0052538699198823 -0.151638838337925 -0.161776343985759
0.0451209841806196 -0.0456841741934424 -0.264542970372952 -0.121173074309099
0.0423151210749115 -0.0491255438609785 -0.303676965047139 -0.0894893077580902
0.0437310640603203 -0.0374017279552045 -0.293531050654219 -0.14395005990433
0.0417445215546755 0.00192134845470475 -0.187673746949766 -0.233607216169168
0.0247636632441409 0.0364429876180084 0.00368968248214383 -0.221011548351645
-0.0265292061300313 0.0506931439322339 0.0646592048139438 -0.0334606037063481
-0.0581680970414791 -0.035516015825604 -0.0626250477418479 -0.00265714904778139
0.0310626634060324 -0.0810934139638556 -0.205160780651391 -0.220377764964664
0.0828602678684653 -0.0171694700546999 0.0103213428491431 -0.549983928141643
0.0132087200297936 -0.194381617116646 -0.105901424174741 -0.319462503517536
-0.121982891279035 -0.175590632273837 -0.157282589274014 -0.135320636089042
-0.183944201771439 0.00665637555922346 -0.0731769562492607 -0.0417655176969233
-0.0739372838916814 0.180629001412197 -0.0172553005501712 0.0054079917239498
0.054488047213639 0.153553853123842 0.00113257118828781 -0.0905796576674089
0.119296799255976 0.0902487134357207 -0.111596289888979 -0.150994651527862
0.152542367809901 0.00973811458286075 -0.217185480856189 -0.128039197233931
0.159360473067206 -0.00685734637381509 -0.259216852847329 -0.10519038921786
0.164867314830448 0.0183406292483065 -0.25232601273131 -0.147789962233315
0.131340706277861 0.124742672721856 -0.159113756068584 -0.229531296851228
0.0260403963705775 0.188499839063954 0.0162815534716139 -0.205355534153293
-0.121654135727038 0.189261524498512 0.0514538742543902 -0.0176766289515259
-0.231909238954117 -0.0349659280837372 -0.0939417755169957 0.00270854287008468
-0.0942163077627618 -0.237110323735411 -0.206166467206273 -0.217469367798716
0.0531398131750474 -0.223824680109441 0.0482883895602022 -0.507361412902681
0.010692708690428 -0.320295618253221 -0.102586007895679 -0.25426348012949
-0.179324976765684 -0.277332534457287 -0.145426070696741 -0.110310431223073
-0.275826955479921 -0.00339462122203502 -0.0852059947782127 -0.0461853743668592
-0.139607539054838 0.25328960841314 -0.03355493532554 0.0170057259156767
0.0443317493206886 0.253401331387915 0.000912833632561443 -0.0562569558009738
0.16419595264464 0.179891002601142 -0.0678695860980034 -0.111176381225482
0.237877227696316 0.0682994071430258 -0.141377438796465 -0.108599869602887
0.251271901058709 0.0359209378412445 -0.176016769941726 -0.0991035817030454
0.259244465474224 0.0712991274580758 -0.171669392776155 -0.126287855481296
0.200654784523976 0.229897736620711 -0.10629842091622 -0.191833386762984
0.0200877250094227 0.319024546519402 0.0313651257872185 -0.163892267221342
-0.207188637936974 0.306883733630658 0.0423663895215947 0.00213772020658944
-0.383248457681483 -0.0261914221033745 -0.107668721624534 0.022129593148682
-0.214519961859642 -0.364046703514314 -0.193184073725833 -0.168083064308236
-0.000513732342653766 -0.402032193440664 0.0146058606590515 -0.40183175045801
-0.0281335109224225 -0.411742588380386 -0.122295350248519 -0.130592136865542
-0.261343199000635 -0.336004250234192 -0.102900911669852 -0.0599188011616748
-0.361847837732007 -0.00815050699561655 -0.0801760419863974 -0.0609365994250746
-0.20304930113695 0.313855827196705 -0.0589944530188981 0.0165038108740981
0.0230114610103436 0.336725402974251 -0.0118933194064235 -0.00730736476385503
0.183369199039971 0.257231741973411 -0.0168154228594514 -0.0446030992290658
0.287863472601113 0.129355756093984 -0.0399222132048099 -0.0708237228320768
0.299019747174369 0.0925335504978688 -0.0605118635590391 -0.0827746605941527
0.301840501640325 0.134465614131505 -0.0571597333875186 -0.0933333166804753
0.214551893173986 0.316910832858591 -0.0229441697576187 -0.132426378951032
-0.0103698674298296 0.402439176523053 0.056846704502629 -0.095808929857888
-0.28282861207376 0.36854971984862 0.0376059151797922 0.0301603275499395
-0.476302493822985 -0.0453662112303282 -0.103765574343653 0.0433552146262386
-0.268656034184495 -0.455190889766299 -0.145147318410823 -0.096044014569247
-0.0119166126275066 -0.512624732772727 0.0338991633176572 -0.240076830070327
-0.0514306919142582 -0.451472508904672 -0.126874952535967 0.0305953451935753
-0.318930179068998 -0.355638099728428 -0.0315137388165706 0.0197407713088188
-0.414275989669911 0.0125688490106441 -0.05944003233228 -0.0698234524188259
-0.22390333522418 0.352055488618095 -0.0858920423166373 0.0161575304633795
0.020452484784202 0.376090295910334 -0.0310432983410762 0.0587047542131327
0.192838521051639 0.289435377271334 0.0353483962839556 0.046026228761487
0.301455965235921 0.158691489830236 0.0667548060189998 -0.00863608364177806
0.304346374728199 0.118997665489574 0.0565455581208737 -0.0416822453108198
0.298294511534813 0.159920248496469 0.0556446214070172 -0.0379583179194313
0.203432122652865 0.339231419769957 0.0556671136261331 -0.0510106797222899
-0.0278598442667496 0.411466590473747 0.0754634758508235 -0.0163328675684108
-0.291924452905611 0.361099054462921 0.0361114268463276 0.0588304644930707
-0.474199112446356 -0.0452039776432137 -0.0818031581626643 0.0724235522727889
-0.278722388666156 -0.456443313323041 -0.0875384473206252 0.000454527954568587
-0.0328205798630954 -0.530243957475584 0.0382788670102413 -0.0565751917758558
-0.0799084318504576 -0.423951087735956 -0.118675371814618 0.212855147496346
-0.330266838140106 -0.314540607133083 0.0613466826055573 0.113167138918394
-0.394163928899009 0.036177711740215 -0.0230909333291653 -0.0694072471800233
-0.201692923873057 0.33042290263037 -0.104823442450784 0.0191893063030202
0.0177166789396719 0.347367874133984 -0.0460256246627668 0.129320078011992
0.172805365526587 0.272233529643166 0.089794447379568 0.140797649919913
0.27180916682877 0.160701440989313 0.168051948273085 0.0601158758566214
0.263948333878694 0.125532346544685 0.165424057146991 0.00677119360162958
0.246136806551141 0.162368375702713 0.156288313188414 0.0204403068178199
0.151464672374629 0.304117043048744 0.123031343822624 0.0296323469399843
-0.0477339177541411 0.34057303737984 0.0869283912944983 0.0570603040159682
-0.246518344640378 0.272718787312409 0.0336391386621228 0.0784049236058432
-0.36846573805896 -0.0484895439066017 -0.0529082020691059 0.0933899582702671
-0.220943412407206 -0.375078938639747 -0.0281079164069489 0.0844193442092324
-0.0461552810871796 -0.45411980626823 0.0431488975305427 0.112388193757644
-0.093580819447395 -0.325030136162048 -0.10108017493362 0.382419074537538
-0.272330983350656 -0.219355094792499 0.151380069319522 0.201229767058564
-0.291419901842284 0.0476778022905594 0.021417860392907 -0.0569229189367201
-0.139625911571502 0.235683634313209 -0.107939189626261 0.0187076487325982
0.00520966355041729 0.250960865073779 -0.0556107361871464 0.184626117966249
0.120146752617021 0.206807483785086 0.132573720629601 0.219768697261913
0.19626384085646 0.135635668149848 0.248206261284779 0.123482865518016
0.183457806814256 0.113109054479692 0.251850377472754 0.0541132904100728
0.158890941728164 0.140529080506253 0.227326049058522 0.0727879838509109
0.0765615437599843 0.224427065247491 0.163330800937362 0.0957750960407879
-0.0636471524313307 0.215305271374984 0.0819529338308309 0.107112214619032
-0.167127741496228 0.135063715534846 0.0280387151719895 0.078605870386197
-0.202736629211687 -0.0473847758345862 -0.0248664078131511 0.0950014511489285
-0.123820125375347 -0.23848907478979 0.0167018738914999 0.133991965638934
-0.0534706367499019 -0.309363700974632 0.0492020556110682 0.237502382434897
-0.0894996232088563 -0.170979138232047 -0.0794922912233601 0.508104688726664
-0.162698517208166 -0.0891698660592618 0.21966175941607 0.268321186323588
-0.135465579162144 0.0489371719562241 0.0681429244780902 -0.0383580925614276
-0.0529835460875403 0.0978704922792549 -0.0948164435394792 0.0081129094952556
-0.00948418812091002 0.110397214314423 -0.0631284060390851 0.208569191076637
0.0441912384177653 0.105771329796581 0.151439625725857 0.269212661511494
0.0870142619208726 0.0892519421552264 0.290120221871318 0.16992533913437
0.0738268640874057 0.0834006979213917 0.300316385653415 0.091591598718467
0.0523357188126597 0.100126497064044 0.261096180630199 0.112002531646297
-0.00154848835003086 0.119964341418214 0.173047776216901 0.140524964377191
-0.067263653280286 0.0770408964596887 0.0624321360195468 0.130004798943576
-0.0758409555196116 0.00166644894920648 0.019401841158973 0.0620230384055763
-0.0372481058936005 -0.0333715786890369 1.31354987853602E-05 0.079938966325612
-0.0311893335361036 -0.080432887296239 0.0454553942115913 0.147407711834989
-0.0583714340761909 -0.129509700660061 0.0557814754886213 0.304776460645744
0.0291036137730084 -0.0483630185224487 -0.100351956274376 -0.335717563692097
-0.0511102835350248 -0.063604031345153 -0.153423940563919 -0.140505479435172
-0.083507771015678 0.0258734385780074 -0.0557303113248606 -0.0412570643814109
-0.00174539513301403 0.0987837827857924 -0.00985922230174846 -0.0151456236710268
0.0593083337985377 0.0411858641928309 -0.0147807401101805 -0.111746583655535
0.0602827957103574 -0.00708457550211523 -0.150103385783825 -0.158073506875353
0.0438354861181733 -0.0466530885046395 -0.262032322499502 -0.115487219820396
0.0399508051103962 -0.0498927354135961 -0.301492414144954 -0.0848753784466806
0.0419265116938408 -0.038706108895511 -0.293471705382082 -0.1394668042747
0.0419581369540105 0.000479976032020102 -0.191879674733163 -0.231422353795038
0.0265815093602632 0.0364215722068986 -0.000466076312116238 -0.222627457705313
-0.024228136183087 0.0511808230657477 0.0654901916130992 -0.0377173554681488
-0.0585200454586259 -0.0327598456824006 -0.0592536892057116 -0.0047858824247804
0.0278042637906336 -0.0796718060036611 -0.201743685612768 -0.214947798471104
0.0805692721690329 -0.0185168995012351 0.00703060109012724 -0.544674615158448
0.0115655401808234 -0.193966436523678 -0.106081517639166 -0.316331708790406
-0.125635466568658 -0.171641816485513 -0.157323711788623 -0.13277236331831
-0.181210298090549 0.00988447641780576 -0.0753137684526466 -0.0381147406661528
-0.0688043938221335 0.179208156851522 -0.0149363485883799 0.00969435431821027
0.0572249835849259 0.150255852505962 0.00225583462376211 -0.0893154323186088
0.120206249979853 0.0870602467961376 -0.110839841981553 -0.148507325373315
0.151489478078798 0.00693306660851869 -0.215591038424931 -0.124034474370772
0.156100970845125 -0.00963491253403719 -0.257958177901492 -0.100692250866003
0.162598164835712 0.0148669577896629 -0.252051132430496 -0.145156037585127
0.133120544309878 0.121124312782689 -0.164572552761704 -0.227260130616646
0.0296261214285305 0.187119929185479 0.0115040459377352 -0.207649412554607
-0.117178347679296 0.189204438890504 0.0526788435409651 -0.0218845715170399
-0.230763787141316 -0.0314417393142726 -0.0889512856525726 0.00116452612038121
-0.097733400296451 -0.234662424791131 -0.203211330717283 -0.212045538497816
0.0514241326231818 -0.223389249723319 0.0465931287140582 -0.502750958617964
0.0103358691682811 -0.318512381133051 -0.102233710486707 -0.252256665198174
-0.182174334301114 -0.274046054692542 -0.146460500103808 -0.107531385140634
-0.272490618307911 -0.000981188115657494 -0.0875258090965444 -0.0427074227655592
-0.132182147292437 0.251924653736647 -0.0304222053720417 0.0209470602897038
0.0484067679288979 0.25066791406971 0.00157393428049749 -0.0548974846757054
0.165966691438533 0.175114987066261 -0.0670203063035499 -0.110535053338632
0.236329872196099 0.0621205227533835 -0.140889328086132 -0.10708262646828
0.247448975785456 0.0317806242335879 -0.176316438769767 -0.0965808056764214
0.25678569408853 0.0661973090585169 -0.172007783760411 -0.124585303187997
0.203561716972116 0.226090336130992 -0.112401409143579 -0.190025051505508
0.0245418902571507 0.317613343518735 0.0256990163978458 -0.166488098743862
-0.201411181763001 0.306097333939235 0.042740787251535 -0.00254953077165997
-0.380514985925329 -0.0234906760612415 -0.101986300573781 0.0211334061226532
-0.219157264773368 -0.360915318758562 -0.189020793878722 -0.16292427950484
-0.00173479722135682 -0.399814650321594 0.0138241906547753 -0.398631720718832
-0.0247072609145246 -0.409009682427467 -0.122167505090245 -0.12820607475094
-0.263311636099985 -0.332524715848348 -0.105138175521064 -0.0563765659595858
-0.358381266976443 -0.00751451508787838 -0.0833160836229382 -0.0564176261550097
-0.196059002959515 0.311765976528631 -0.0561424675093229 0.020327021780217
0.0286143888734349 0.334978258143649 -0.0108326241859155 -0.00501693372802365
0.185893137098694 0.253191815653977 -0.015193510183144 -0.0442763528235383
0.286339731973428 0.123185338265392 -0.0395397740275632 -0.0714596650291088
0.296630282631282 0.0868218646517541 -0.0624893088569113 -0.082069199283901
0.300768560630505 0.12756763011256 -0.0590381659751062 -0.0941851719442431
0.219102211944024 0.312812430793216 -0.0289123269048398 -0.1318930146602
-0.00626170771174842 0.401411673824271 0.052130607222765 -0.09948842761281
-0.275527987210451 0.368727206852381 0.0368276977665155 0.024883717811857
-0.471340891332952 -0.0425235981620113 -0.0973083491412459 0.042498623398381
-0.273090336088126 -0.45243785347428 -0.141210027155351 -0.0914853991165019
-0.0113182652623783 -0.508483407314229 0.0327203442407832 -0.239671401379022
-0.0491326145827234 -0.447750710434691 -0.126329600772152 0.0314373455275484
-0.320137604488558 -0.352277219135191 -0.0346502538119696 0.022603577016574
-0.408332084072756 0.0131640713180546 -0.062428036630919 -0.0656101524327962
-0.217143539377535 0.349665921171036 -0.0834596358991608 0.019881796315264
0.026008907363662 0.3727476171716 -0.0296602919256067 0.0603784650802059
0.196238353909632 0.286578542636984 0.0384074288151859 0.0449247362477491
0.301233661267689 0.15199021701411 0.0663133427225449 -0.0120114878211196
0.301321319820914 0.113354442243061 0.0540606717966928 -0.0429328728586216
0.297091201979995 0.154816954520369 0.0542171426600916 -0.0398655296189399
0.207580940003349 0.336096690531824 0.0503931097108351 -0.0521291252914642
-0.021489621407576 0.411135929475252 0.0709444043720793 -0.0205445146040128
-0.283504419766262 0.360409126732078 0.0345763073023981 0.053108133985838
-0.469182530879474 -0.0420073946612435 -0.0757878650415671 0.071976023861295
-0.280721927396372 -0.454353188984931 -0.0831054433045586 0.00343160385379025
-0.0336154963956129 -0.525457558421989 0.0375200046136081 -0.0585407384504506
-0.0775695439760102 -0.421257306912103 -0.11858060443406 0.21254403399582
-0.328498540453225 -0.311664348348349 0.0576504337617386 0.113960001913162
-0.389103845369507 0.0364485884161714 -0.0271243651771317 -0.0658567357172575
-0.194553069031731 0.328445093346299 -0.103216134286732 0.0225315937622333
0.021738641139766 0.345857858415695 -0.044352540070751 0.131468184873197
0.176156331186419 0.268970158008716 0.0928854005183965 0.138431231062548
0.271125034713099 0.155155613903899 0.167936230681514 0.054576231006653
0.262500803754029 0.120799389906257 0.162945354346996 0.00369550903130738
0.247467970578215 0.157929339115297 0.154297913788707 0.0162719593683938
0.155977032517727 0.302262099972878 0.118655661236651 0.0273208053043639
-0.0424964800202375 0.33990073766923 0.0831348838568171 0.0526069437216316
-0.241401559895966 0.271372274702951 0.0317787920154965 0.0728426494596534
-0.36411212055103 -0.0457332515182643 -0.0480855591040355 0.0930489550813432
-0.223954479881207 -0.374468645952887 -0.0235248301865315 0.0851436529827166
-0.0463192457249744 -0.451303295942672 0.0434254098426182 0.109692169741576
-0.0904452963032446 -0.322195887022998 -0.100151103872963 0.380917487493716
-0.270424796315269 -0.218294789174021 0.148260598827764 0.199738427066607
-0.287098503548035 0.047213085642566 0.017211050470643 -0.0547876013150697
-0.136039533962804 0.23414130128616 -0.106825854870367 0.0223903256512642
0.00840435838386429 0.250330763226554 -0.053237936325035 0.186347521329038
0.12284128928663 0.20507405041379 0.136889717601224 0.217099768924462
0.196690762161343 0.132296337363596 0.247940846786424 0.116774012191439
0.182697595098444 0.109437526890618 0.2483586835316 0.0492603119927353
0.160657534439806 0.137728067236255 0.226231020188346 0.0676239541659403
0.0800066486009277 0.223732019589237 0.160619000989524 0.0927950482863839
-0.0603231746572391 0.215487543955425 0.0789647337133025 0.103528431876856
-0.164142325704901 0.134439066836614 0.0256774269033738 0.0736000768676653
-0.200494304643597 -0.0473542582381318 -0.0207071202699849 0.0946048241858839
-0.125652566858964 -0.238470843486489 0.0217856279649101 0.133103654271168
-0.0524166927904006 -0.304897369063654 0.0499599812620785 0.233630933766386
-0.0864442330138043 -0.167419758630102 -0.0781456968761433 0.505398801001394
-0.159843355850665 -0.0888360128969119 0.216014354435431 0.26474047015621
-0.131854819577075 0.0468480703516453 0.0641120773064436 -0.0372557002255288
-0.0528824824412882 0.096364346762081 -0.0954144271758394 0.0111642204502166
-0.00878218533750215 0.110783617002293 -0.0606365946062618 0.210828656068505
0.044781821095146 0.105471101086284 0.155545174269012 0.265623287362708
0.0873985675862098 0.0878093584529613 0.291231193612734 0.162766484911092
0.0746353863263886 0.0822075818764395 0.297817669637004 0.0863320062469193
0.0546567513788835 0.0999351372408417 0.259911395085821 0.10648266851645
0.000753532050797241 0.120951284291876 0.171452080781887 0.136251234272843
-0.0664042932639016 0.0772877517208431 0.0608002239018864 0.127575558154614
-0.0764193150381715 0.00118046447668107 0.0170523392131831 0.0575588270214653
-0.0360384061900285 -0.0352910956031998 0.00266090974528463 0.0792481698044603
-0.0310121899526579 -0.0814518388235034 0.0499369415159106 0.145651633522251
-0.0556980594890662 -0.126615221741297 0.0570564318473179 0.299679651212959
0.0402006234444458 -0.0389516528884167 -0.0305283663547675 -0.349355891391603
-0.0359906825467743 -0.068961295985959 -0.121781238355058 -0.167927760303221
-0.0838466041616582 0.00973810888960117 -0.0482667884983163 -0.051546849939677
-0.0181301745987688 0.0932004522287854 -0.00722346583583054 -0.0124699362238261
0.0505348918532348 0.0519634584562206 0.00899467535278551 -0.111200735056115
0.06127641256359 0.00518824799255875 -0.113878299219463 -0.183146537857316
0.0506651027134342 -0.0365470224693395 -0.230962048349 -0.167015578599922
0.0489343468262046 -0.0416925079372941 -0.273129590984207 -0.144082798966794
0.0487577404664731 -0.0292345176931256 -0.257242264965001 -0.196537941644407
0.0410622452277428 0.0092303260348127 -0.138894224046737 -0.264327569670145
0.0189128443588995 0.0409600654137922 0.044044323839992 -0.219181193292025
-0.0334000072480459 0.0440994396482546 0.0732643909617121 -0.0245093715392675
-0.051461137745709 -0.0434852523571909 -0.0559091968922191 -0.0208386088857161
0.0399536019594571 -0.0702625397024208 -0.150631570821988 -0.254094101141864
0.0809353177676222 -0.000700501736757607 0.133801263527645 -0.542919754163112
0.0555634649484557 -0.181930457826308 -0.0389050548874864 -0.332690485666701
-0.0866957651164093 -0.186128576054465 -0.122019765350418 -0.162049885792829
-0.173629038107274 -0.0253488297285379 -0.0664996707291426 -0.0554030100852763
-0.096449384983931 0.15596222224492 -0.0181572513134682 0.00894333390108223
0.0268031053829105 0.15595784323012 0.0210034679991838 -0.0876779644482427
0.100411958829467 0.107944440371201 -0.0805090686233663 -0.16659790844236
0.143816333251692 0.0358482007129601 -0.184059927188798 -0.165722444444279
0.154416530536767 0.0213225417803203 -0.229280344545637 -0.150928709467821
0.154557724524684 0.0482621722556325 -0.215185067810189 -0.19252806703229
0.104106682060959 0.145020714214274 -0.112879990498275 -0.251681546129742
-0.0108427614349865 0.189182961734012 0.0528268557029715 -0.197429517350821
-0.15275389955121 0.154165400618007 0.0550078238307094 -0.00762488308440873
-0.219105348301135 -0.0830172989669127 -0.0910024031727319 -0.0197969876157956
-0.0476352936123574 -0.249635116039957 -0.151464658808821 -0.253444644569177
0.0996504093416536 -0.205970980085118 0.161708735484801 -0.493770994799958
0.0805942674198487 -0.302329761107315 -0.0474075363844459 -0.270432428449821
-0.121568697018978 -0.295463344988712 -0.111823969292274 -0.13642366224401
-0.258345113169746 -0.0542596633365585 -0.0777260075900958 -0.0646917081888569
-0.170280282366127 0.210697731465453 -0.0370854526362856 0.0152529880917794
-0.00159259635714933 0.249620577770897 0.0135641494841355 -0.0565960478331765
0.126648372371314 0.201794610516783 -0.0472369198804278 -0.12160395377341
0.216557611644513 0.105483449354794 -0.115246891185498 -0.133781337226805
0.235341132321448 0.080681895354176 -0.151203064598804 -0.130373537666015
0.234940562375483 0.117628508691667 -0.142055534556899 -0.156121426826804
0.15122244336807 0.261106646062341 -0.0711026221409643 -0.203020127605583
-0.0437943803069079 0.314673505983743 0.0579227131941061 -0.149814919776314
-0.258784583432795 0.247614478349931 0.037679905878772 0.0130704159669671
-0.36641347408392 -0.110970202676589 -0.111787857920588 -0.00220843518472764
-0.135479183516784 -0.400349080615456 -0.148217311279463 -0.204611399787135
0.0887427794503673 -0.389990310013196 0.10400754003274 -0.397430990567166
0.0673314814204288 -0.396823555499484 -0.0919214591852692 -0.154167342918037
-0.187637480130501 -0.368133377280176 -0.0803210702730584 -0.0804289805053552
-0.338530259903237 -0.0774752919389023 -0.0708745726167943 -0.0799734287971354
-0.241576623306227 0.254824266780075 -0.0627390264735897 0.00742955973432655
-0.0370782460096175 0.326448422594363 -0.0090437779967342 -0.0123242279973667
0.13104314501318 0.28154770210307 -0.0114624637312821 -0.0474823040127423
0.253701985485033 0.173103768344858 -0.0230995046120501 -0.0773513059314307
0.272716920952103 0.145096080508766 -0.0445549337279951 -0.0937007667569666
0.263108804586842 0.187448249678774 -0.0382148723420548 -0.102732724668722
0.148780468028432 0.349089181213763 -0.00375885128522069 -0.128074763666138
-0.0905509183021878 0.389822603807138 0.0670257088673163 -0.0765949691323752
-0.342280223689251 0.288992716151773 0.0231985573048693 0.040633560772784
-0.451505761279025 -0.151746679288437 -0.114163887459456 0.0208503621455714
-0.168076309761894 -0.502902279289263 -0.114159094813407 -0.126692042222312
0.103509763566457 -0.497965315974068 0.0870313115623232 -0.235037551648428
0.0507274711161598 -0.439398525256962 -0.128640759897735 0.000383273767384698
-0.237934826663576 -0.39835654464838 -0.0258957851270026 0.00837138305242745
-0.390075384281998 -0.0693591224857165 -0.0493376938962831 -0.0858920355184288
-0.270402974289263 0.286218117122414 -0.0906692364402946 0.00145889236351626
-0.047835100513261 0.362371973209381 -0.0404843519284242 0.0483297162877308
0.132721463202195 0.316060406008809 0.0218924937020345 0.0505496169672842
0.262298293532022 0.204534074975727 0.0679318860087391 0.00357690716211651
0.272477378112267 0.17192495794981 0.0593740024299593 -0.0318703276579637
0.255142076948587 0.212422513540106 0.0597123732822686 -0.0275035084312762
0.132502788313924 0.368386261550228 0.0558933656603661 -0.0337233048481941
-0.107997119696953 0.395001112066448 0.068652470611544 0.00502673113602028
-0.348597402072251 0.280149787433945 0.0132989173469177 0.0668547522918192
-0.44752174282431 -0.151533317857096 -0.0993570649667037 0.0547414914315031
-0.175182333310678 -0.505005323008039 -0.0761208471751984 -0.0204411512312346
0.0881657353654944 -0.519219703601085 0.0493801165380933 -0.0531515917501259
0.0165545245123063 -0.419299064256853 -0.157347032275706 0.179790111354745
-0.25635391906312 -0.361116735638812 0.045544696409644 0.115227395823867
-0.377064180161749 -0.0431940113809555 -0.0161975536903301 -0.0790995092579331
-0.245572988990751 0.270971812336274 -0.11075280728316 -2.68774786894843E-06
-0.0466327189266038 0.334995627753277 -0.0688889394833736 0.115508064659346
0.11575229139927 0.294234230458248 0.0583367366537362 0.153273681758805
0.234546955797376 0.201262539425209 0.153673351380049 0.0893517444971363
0.23301724523792 0.171769751355181 0.155396009783624 0.035642989221604
0.206627876649606 0.204826925328857 0.144560229050379 0.0475966423862173
0.0901556888024762 0.324759570044173 0.105407328561229 0.0560782330069723
-0.113732040961672 0.321398406967748 0.0642765572392858 0.0762564870218644
-0.288143313076089 0.204719767755036 0.00696358282670757 0.0823363575479124
-0.344278962679882 -0.130696459780108 -0.0737542119608145 0.0807952385491198
-0.135050148652682 -0.416250425887331 -0.0345493067448112 0.0746780347222878
0.0580867592201654 -0.448641219116149 0.0167332081472544 0.116703712998888
-0.0196519042675004 -0.328875878732985 -0.174785318130917 0.349830431172739
-0.218554195446787 -0.260744396226429 0.11206770064823 0.217096576824542
-0.28196604750651 -0.0130591210547844 0.0234775654650846 -0.0562595737928194
-0.172858006344669 0.190681050866786 -0.114134570625151 -0.000686067715219424
-0.0420315626922888 0.239953976187058 -0.0891320413372168 0.169818586918607
0.076530920334331 0.22143780128848 0.0858124443165082 0.239575693806806
0.166317239375709 0.164418876143412 0.219876679176573 0.166646991131865
0.157270496612488 0.143984716362292 0.229352693431816 0.0973591962698405
0.127207608278036 0.167998811408958 0.204370387698685 0.111506314252569
0.0324238525244309 0.232822723873756 0.13297264631884 0.126153526271417
-0.104247974306042 0.196376423184864 0.0506429298104635 0.12160067234659
-0.185213064036003 0.0901612446374565 0.0019890063241087 0.0771450421203001
-0.182755972630006 -0.093481089473671 -0.0429877775839995 0.0879706153807601
-0.0675435215738914 -0.261051391421946 -0.000486165509255278 0.13334518746407
0.0195965450314203 -0.307492090032235 -0.00466684931602478 0.243428666043737
-0.0495920967074109 -0.181027312279932 -0.178602501053163 0.478133990183491
-0.13884532362634 -0.116166482434568 0.160376497059618 0.294647268247173
-0.13339829263426 0.0178932239610117 0.0648713794091329 -0.025908301472546
-0.0682370846571124 0.0776031936901135 -0.0990351029861195 -0.0082017774653354
-0.0312930734043407 0.102417592601026 -0.100340066755294 0.194754405413782
0.021156447755324 0.109948245747575 0.0984632814232826 0.29186740629476
0.0684602257113629 0.100519895418439 0.251867965123041 0.219673916670119
0.0564052387105724 0.0957543440740359 0.269091258121938 0.143386919159059
0.0324921592683183 0.108450816282929 0.228344136030158 0.156313123872541
-0.0238496154686768 0.117887828336229 0.134531024347245 0.168574144383615
-0.0811680927065552 0.0611236924932403 0.0283505414674837 0.136700434292169
-0.0735693705252229 -0.017151059962876 -0.000503347988101014 0.056121494668691
-0.0254449902717383 -0.0444489416710592 -0.0129587498885989 0.0776757836907502
-0.0097331718794735 -0.087483524262538 0.0238614832685481 0.153485807095863
-0.0241442991534884 -0.134776939886457 -0.0110969293173718 0.311908054946019
0.0382961549268884 -0.039866313817924 -0.0302031838289881 -0.345148734524524
-0.0386048264847507 -0.066148348694038 -0.122347608939783 -0.164598775967035
-0.0820870832371195 0.012922397351555 -0.0496090463207559 -0.0486792033522123
-0.0136953010908622 0.0927707573072401 -0.00460818415316463 -0.00878076838850216
0.0512620245476529 0.04955730509379 0.0108344451406969 -0.109392051706139
0.0611831635409038 0.00267658986877962 -0.112376766379065 -0.179652261934203
0.0488748182998311 -0.0373074708055017 -0.229114238363777 -0.161030198843127
0.0462302484049961 -0.0429532585891316 -0.271397441008164 -0.138864062407448
0.0469074860642403 -0.0308924050535433 -0.257584677246754 -0.191719121246957
0.0411530744115426 0.00776088314188714 -0.143527731498882 -0.259936922011789
0.0205744672845014 0.0409253165705889 0.0398859645367372 -0.220565194310578
-0.0311171753636871 0.0449645082751209 0.0743927138897902 -0.0282115957577793
-0.051912446635704 -0.0404534067771509 -0.052183207835825 -0.0227834234107643
0.0375067151408198 -0.0689461990016554 -0.147709084156449 -0.247186235171651
0.0779128936188644 -0.00140956191605763 0.128413885859798 -0.534968347791615
0.0535820392311856 -0.18122835895916 -0.0392141119468154 -0.328299056124028
-0.088539832501629 -0.181894512381306 -0.123101429150854 -0.157950401020591
-0.170674850816462 -0.022050273240219 -0.0681251928437768 -0.0521132346177887
-0.0903150040076236 0.154179505625032 -0.015599919270969 0.0123135880995448
0.0293044425971635 0.15292915275139 0.0221692060847116 -0.0866890890069186
0.101876257293911 0.104301340783716 -0.0790876258170042 -0.163989048826632
0.141866014841197 0.0319566637195518 -0.182512910889528 -0.161647484365122
0.151526414719875 0.0188767408217744 -0.228084389251841 -0.146679814712422
0.152523750631385 0.0436469718999701 -0.215798770421714 -0.188544872069123
0.106356190044499 0.141106239125994 -0.11858996970014 -0.247997102338189
-0.00722568288978034 0.188224964267825 0.0476116777666802 -0.199134294035652
-0.147798558362697 0.154606160099178 0.055313420598066 -0.0108706335505324
-0.21750634288075 -0.0795628338653013 -0.0860245872017063 -0.0207787386072089
-0.0502661207282834 -0.247073808667213 -0.149028913901418 -0.247239670112278
0.0973980207977053 -0.203823631999332 0.156808848313685 -0.487181611800888
0.0788370088177418 -0.300650948400983 -0.0479099285806068 -0.266025520287372
-0.124054196683802 -0.290845672220806 -0.113290793679942 -0.132111490437781
-0.254326122794468 -0.0522122930963132 -0.0802413066722438 -0.0613057755176884
-0.163413822917787 0.208855838790778 -0.03372900429106 0.0184428563341729
0.00320730494997174 0.246568209330576 0.0137403095271581 -0.0552779001270131
0.129695147102698 0.19768941379482 -0.0468302533594165 -0.120384550132005
0.215024945233498 0.100087378356065 -0.114757881763894 -0.131033604795908
0.232600801673759 0.0758387587827718 -0.151909693281522 -0.127850185923823
0.232575533429004 0.112307188468739 -0.142343983825034 -0.154354078115197
0.154198839500137 0.255332985591944 -0.0768462748946059 -0.19962797985389
-0.0376923324269697 0.312119048344266 0.052672308468585 -0.152637104969093
-0.250894994471864 0.246263266569618 0.0377855588666817 0.00920503770629122
-0.362774221894444 -0.107407616087911 -0.105890768917208 -0.00228462959186893
-0.139340780854978 -0.39669290175725 -0.145177783013356 -0.199065745877098
0.0866797409729373 -0.385503171591558 0.0996714889717086 -0.392959239973851
0.0667601100295656 -0.393878365729799 -0.0916021326880908 -0.150750270092059
-0.190045603926911 -0.362564093901735 -0.0823924546238288 -0.0765049269735503
-0.333104515418748 -0.0764273079417032 -0.0740017610234494 -0.0758072802993166
-0.234019866586927 0.253315916492269 -0.0599870831295823 0.0111972196669561
-0.0306432954937045 0.322401385543583 -0.00844743241276413 -0.0106246895426291
0.134579171208741 0.27660702546979 -0.0102870047010341 -0.0476114850056845
0.252786087662557 0.166685933663942 -0.0236737213817768 -0.078419210900696
0.270541110958475 0.139460946870794 -0.0465616763821461 -0.0928552644521523
0.261927755241315 0.180360541436189 -0.0399585395882633 -0.10329532894708
0.15363237654526 0.343157519927284 -0.00904349151871695 -0.126658676520566
-0.0844477301565046 0.387802806440041 0.062621510215338 -0.080289514506583
-0.332542970289321 0.288136169243172 0.0225153591817252 0.0359584166815792
-0.446508490359903 -0.147072878386435 -0.10821467661595 0.0207623797823658
-0.170888462497864 -0.497850847901891 -0.111418715660015 -0.121653539818941
0.102316292213748 -0.490970699776059 0.083500501950524 -0.234583999812402
0.0507503314403257 -0.435973279918159 -0.127599124389406 0.00304003272640998
-0.239640102850186 -0.394302404684135 -0.0282453761073534 0.0113080227840366
-0.3851583138555 -0.0673366581417141 -0.0542037724461731 -0.082133924827582
-0.262579906249195 0.284047895155542 -0.08846352909204 0.00476720700363524
-0.0422848194873892 0.359556175693325 -0.040742303882543 0.0501973533175958
0.136445597766065 0.311090515977307 0.0238912772190489 0.0492979179458153
0.262715878697175 0.197642426327105 0.0671791323892659 -0.000903279458832756
0.270550306431352 0.166396251507216 0.0573536900211127 -0.0330253370703914
0.254725406092923 0.205966479421627 0.0573195812504351 -0.0296168780859719
0.139064044594648 0.362976879577224 0.0503335070848464 -0.0344326275312194
-0.102535324948171 0.392656205323406 0.0644547905726461 0.000948883048952097
-0.338867404099764 0.279815140894137 0.012016190932782 0.0624558548637742
-0.442715330271233 -0.147076452130795 -0.0932459628686081 0.0546129433514926
-0.177187680396861 -0.50033458648482 -0.0728096314876715 -0.0180796921421771
0.0870621412846092 -0.512760656930991 0.0476850995643541 -0.0545999319803797
0.0182923058129669 -0.41471489148461 -0.156447111354034 0.179950724410856
-0.256043275195782 -0.358142289256541 0.0428149651318296 0.115475690014129
-0.371606753311126 -0.0428151792863952 -0.0210087788710004 -0.0752284391412741
-0.239504578090002 0.267441008367201 -0.109577072113167 0.00383301854899777
-0.0416613376660379 0.332463744149488 -0.0679767847455929 0.117978813991989
0.119312068100099 0.291069787297429 0.0611000238694335 0.151249464647091
0.234220595476906 0.195562524305155 0.153507494240858 0.083313591970569
0.231927037873851 0.166617770378568 0.152313869347402 0.0329133130088885
0.20692645253961 0.199114960692236 0.142370651607761 0.0436545834628016
0.0951281134308794 0.320515814686408 0.100931333096081 0.0542261245939961
-0.107684307115032 0.320834091846423 0.0613589530948584 0.0722116626255027
-0.281372475538678 0.204583033043962 0.00464243273854601 0.0772386359575176
-0.339947758337538 -0.128456904137022 -0.0671149177896286 0.0803398930326518
-0.136270677060798 -0.411527820402058 -0.0308556424719041 0.0745803277801619
0.058073808521239 -0.442572024438444 0.0168676683900719 0.112881982641482
-0.0166034996844453 -0.324899902947684 -0.171748912567824 0.348364979882787
-0.21740563521444 -0.258268512258239 0.110168594837191 0.214574147634778
-0.276796253317423 -0.0142179695786119 0.0184218713098768 -0.0540937253299581
-0.16973657523265 0.188582592851553 -0.114037917762402 0.00327803226508126
-0.0386809816322969 0.238953189358853 -0.0874833677178426 0.172139996419207
0.0787956936932077 0.219094934224449 0.0900619112514429 0.236835667834172
0.166203565055962 0.160313309836517 0.219337094764182 0.158067478948069
0.157194140541506 0.141460041942467 0.226641140482922 0.0928606419828112
0.128119432468007 0.163719518253014 0.20190998602209 0.106368271095574
0.0366459416370861 0.231220041252537 0.129603746950308 0.122631201057208
-0.100687750081623 0.196909744663073 0.0485521767237259 0.117387355840891
-0.181673035575236 0.0904551016855338 0.000329695279847557 0.0728092902434494
-0.179889429383952 -0.0934438665164527 -0.038670817348858 0.0876516663509785
-0.0695645397888698 -0.259250720769722 0.00422423335137078 0.131397613823913
0.0199546303411343 -0.302119208715472 -0.00247281498269914 0.237806471170424
-0.0471618369245054 -0.176768118023945 -0.176105406306532 0.47464073129497
-0.136017239253583 -0.114980654538285 0.158343214213482 0.289552678084779
-0.130290830356554 0.0166079891847982 0.059549977845249 -0.0246132100146244
-0.0681573028809749 0.0762341019766619 -0.100364839788195 -0.00474899848739144
-0.0304227063158684 0.102641379065317 -0.0980571525223754 0.196830819459038
0.0219218740707318 0.109763493339856 0.102367468633512 0.288185793873409
0.068810644168539 0.098589197948424 0.252225538007385 0.212203539665877
0.0570683990042086 0.0946858119230979 0.266773133319103 0.137203280884574
0.0345038107757792 0.107637245018119 0.227318158573363 0.150899672477883
-0.0210705282791676 0.118398966080066 0.133363955556767 0.164652717922556
-0.0799907320606395 0.0617503254345263 0.0271682832534322 0.133571552747098
-0.0732162027052077 -0.0170669214666262 -0.00206470333603688 0.0516265953010462
-0.0240925962476228 -0.0456366136183515 -0.00980498157808329 0.0768269685978328
-0.0100962519893892 -0.0879908724053137 0.0275979451370794 0.150604331875277
-0.0226217977080522 -0.13150112759081 -0.00938497993331131 0.305995603656412
0.0359466913079241 -0.0395000488459406 -0.0269530510449947 -0.341929048015679
-0.0392865542627106 -0.0639878042187308 -0.121627290328128 -0.161876163648528
-0.0804347068666404 0.0140004469354758 -0.0506988647700536 -0.0466219640610583
-0.0113932224201796 0.0914117345692543 -0.00261277476951286 -0.00543584510347426
0.0512910876100033 0.0483976884615075 0.0133145827851596 -0.107744970246031
0.0608113522504953 0.00108835110992901 -0.109842867274953 -0.178059975085124
0.0482127512816473 -0.0379001385184015 -0.225018827277916 -0.158228221324994
0.0448094789125636 -0.0433590608248993 -0.267673708759693 -0.136838185331839
0.0456737400706916 -0.031391793435093 -0.255383250571385 -0.189854362834851
0.0418933186279353 0.00660831404163519 -0.144565862871151 -0.257363885392383
0.0218148648897836 0.0406087975652719 0.0373092359250697 -0.220727800835323
-0.0294701763804355 0.0452717394153869 0.0748329781362754 -0.0313898434287735
-0.0517325944140296 -0.0376870252713112 -0.0491811802722798 -0.0257079729914753
0.034743534607101 -0.0670862007368804 -0.14255494572177 -0.243458262237651
0.0755768072634209 -0.00084654379287225 0.130892405814869 -0.526207373043495
0.0531788428526253 -0.180099520461092 -0.0353134010981067 -0.324450673293219
-0.0890608411509601 -0.1778661701037 -0.122342655016801 -0.155072263141702
-0.167087171958921 -0.0214141168361645 -0.0695900181601007 -0.0497187814360184
-0.0863299492889423 0.151800604423261 -0.0126530235485612 0.0152458612034593
0.0307554938202252 0.150323325586076 0.0235028239763391 -0.0851349604614956
0.101556617551005 0.102317048638088 -0.0768927920537956 -0.162916236754854
0.140482457822488 0.0305333516814 -0.179883756179536 -0.159325977714277
0.148528555365954 0.0171448739164491 -0.225727250408168 -0.145103248586567
0.150419702327114 0.0426800867080381 -0.215047540107586 -0.187569564875638
0.106890138241388 0.139169292174779 -0.120596560161219 -0.245267144794978
-0.00566600110941996 0.186600395950402 0.0442029800519131 -0.200730484601507
-0.143858929414383 0.153297676251521 0.055889970405605 -0.0145339814204807
-0.215008725958357 -0.0783613453711925 -0.0814759719673731 -0.0229183858660645
-0.0508086478478541 -0.244620154992232 -0.143591034213475 -0.24197461849524
0.0974693380471295 -0.200998149564082 0.156911980332418 -0.481214439878317
0.0811713916594594 -0.297628951445355 -0.0444463559433556 -0.262311672021219
-0.123591529040171 -0.287433698986448 -0.113915212341272 -0.127977192588345
-0.24999907080692 -0.0522048280489146 -0.0818639594666592 -0.0585050716044761
-0.158688057645942 0.205863542989143 -0.0314348039322451 0.0210943368811675
0.00505137884456167 0.24249908178985 0.015034098240377 -0.0529897628239762
0.129625905356631 0.194926562201204 -0.0445805942773826 -0.1191905835111
0.212919890873429 0.0974983620935192 -0.113182562257219 -0.131344006971382
0.229140849804087 0.0744251905010311 -0.150183545599024 -0.126031130523182
0.228652430383054 0.109572907548512 -0.142568781608724 -0.153865192453756
0.154650827289097 0.251280952889368 -0.0802474527819215 -0.196741141191591
-0.0360601187625854 0.310537463944766 0.048871331021587 -0.154522668689878
-0.246474512073995 0.243103549778798 0.0376140694513735 0.00644448956970737
-0.359984119835324 -0.106955795997119 -0.100764115922219 -0.00427048415209806
-0.137657082872716 -0.393067450517139 -0.13935347789791 -0.194439118794394
0.0903007415500811 -0.379339795798426 0.101849160552809 -0.388867944323648
0.0701522543329357 -0.390302398844649 -0.0896792990627884 -0.147829334568182
-0.188138982077479 -0.361118444620014 -0.0827591499412055 -0.0726940578815509
-0.329018420473102 -0.076148439986764 -0.0761750692034043 -0.0730953918359069
-0.229918354545186 0.248897607215288 -0.0574502119192194 0.0146916676380001
-0.028834808869555 0.319310032909432 -0.00825734308563299 -0.00866547001777796
0.134847709832973 0.273636805773774 -0.0088989660076652 -0.0471846393947961
0.25027733024158 0.164008360856513 -0.0234947853617798 -0.0799953710022704
0.266958514702884 0.136717972359561 -0.0467320821781735 -0.0924559598768908
0.259689276797385 0.177096382263433 -0.0411079722305718 -0.103620395827981
0.155355525070888 0.3394228574089 -0.0133004127110202 -0.124453888131603
-0.0819323436490739 0.385366873083493 0.0587049661689416 -0.0829871669685633
-0.327478000761973 0.283334996199767 0.0209942105170312 0.0326984546726858
-0.441071675582882 -0.147987012185723 -0.102593255113988 0.0190348546631885
-0.168064043750416 -0.494486317545368 -0.106981716563041 -0.118931861183891
0.10651019808879 -0.483921663222979 0.0827647544592355 -0.231002549799919
0.0577022003374542 -0.432414633182924 -0.126984888860056 0.00434174149263385
-0.238166417075602 -0.390344674341814 -0.0297507181846974 0.0143705233569568
-0.379673048055745 -0.0707351083834675 -0.0569019025770114 -0.0787838642784369
-0.258953098156992 0.280187342274664 -0.0858211467277882 0.00803363970373621
-0.039609117798458 0.355225160635721 -0.0404507208229492 0.0521044287432925
0.137726881105977 0.308411045048399 0.0256453796304077 0.0489803893757089
0.260168236512232 0.194349638050177 0.0659423732873164 -0.00385870675170428
0.267776438274552 0.16369226038693 0.0552169907454466 -0.0331883390801045
0.252137152459572 0.202259318748652 0.0554133024542032 -0.0319590489305848
0.138831182686755 0.359145192148424 0.0458918505303756 -0.0329595119585921
-0.0999056723549634 0.390071263355765 0.0601065747693286 -0.00183942454464286
-0.332987228810435 0.275589228375556 0.00898161067968433 0.058229154187543
-0.436380745989428 -0.148614213046994 -0.0882584740005672 0.053071810356123
-0.174825273922798 -0.49790777614112 -0.0690990313629855 -0.0167243252090478
0.0912404727369337 -0.504470696395035 0.0468244577265607 -0.0549061161685002
0.0247447381581628 -0.410892046792674 -0.156291349225969 0.179951177021943
-0.253338381885342 -0.355680853117312 0.0401294074151064 0.117159814132337
-0.365914332472412 -0.0463301342172278 -0.025193727204645 -0.071840227814411
-0.237731322040518 0.262554307866205 -0.108042490259875 0.00650386606727046
-0.0398649770497499 0.329635765162969 -0.0681693670409096 0.119899454635352
0.119776165495648 0.289245377697 0.0619161557407362 0.150021879104945
0.231649625947045 0.192152401297973 0.151153179666205 0.0783026062398142
0.229125623266746 0.164915435057582 0.149950853978806 0.031651350977425
0.205028507470216 0.196178601258873 0.140105069567715 0.0412992020669564
0.0964490876566211 0.317999580931762 0.0964188418751665 0.0540497714005825
-0.105185707667988 0.318137492659515 0.0571648572605514 0.0693473774539161
-0.277619145683415 0.201060731820044 0.00231889406103946 0.0735665343717585
-0.335162587512075 -0.130398639909054 -0.0627775578335533 0.0796657706197724
-0.133994580223495 -0.410715941492112 -0.0276522718105529 0.074255261198446
0.0624354941779697 -0.433949965843649 0.0152704013651609 0.109742135850138
-0.0110109046620312 -0.319909683063289 -0.173319643251316 0.34605884719367
-0.214094226969233 -0.258721497266577 0.1060965887759 0.213937569367455
-0.272516217511702 -0.0171042417857368 0.0142566781409692 -0.0514087362060037
-0.16919401362054 0.184519099481816 -0.113657162601259 0.00564492351902381
-0.0379966612608866 0.236968901746054 -0.0874671675013341 0.17442276444095
0.0783721463286734 0.218265058239767 0.0911134289540093 0.235206190741555
0.164672782855446 0.157717519304617 0.217289897451865 0.153238091237209
0.155726404543908 0.139393911297872 0.223196185750997 0.090850102740538
0.126710042323397 0.161858464763019 0.198413491363875 0.103850738948788
0.0378890454727494 0.230087132538459 0.125950046819397 0.121230522658208
-0.0986401852946772 0.195583101874589 0.0454394964100763 0.11442864957801
-0.179490854604001 0.088149624075566 -0.00277137500594561 0.0689767681340702
-0.176157317442432 -0.0954233819272452 -0.0355061288587527 0.0867734581469226
-0.068312369049003 -0.258050391007514 0.00661958032202971 0.12963673038259
0.0236711349271971 -0.296952242004506 -0.00395737353624178 0.232972384699257
-0.0424578475286294 -0.173939991046197 -0.180749317882598 0.468444134310139
-0.133392137017765 -0.115193377658428 0.152498555798484 0.287238374905096
-0.127335227047918 0.0130441132804209 0.0553174902244248 -0.0222902060238621
-0.0693689938554625 0.0737118644064607 -0.101396717986732 -0.00193488378124723
-0.0302180369012057 0.102392241456233 -0.0983645852725139 0.198177536710558
0.0216128561784934 0.110097111490797 0.103950054373007 0.286416164196477
0.0685888031875948 0.0977754077543004 0.25056352991614 0.206034384527115
0.0573855863915602 0.0940411830783844 0.263446598472246 0.134820414038385
0.0348298874990183 0.106657979574562 0.224042985722561 0.148101386103359
-0.0198647945632118 0.118141065499389 0.130840738527273 0.161134629835062
-0.0798678010656168 0.0616840977167494 0.025351029097081 0.130748094683742
-0.0733363045920092 -0.0175539159499366 -0.00538083804848905 0.0479507247730126
-0.0222052558146675 -0.047603425461142 -0.00801227730912423 0.076030457744881
-0.009854979379264 -0.0887276130947186 0.029826879651391 0.148254387834472
-0.0199379238891793 -0.129185740753626 -0.0100688284359463 0.300405624730889
0.034944086056419 -0.0400476817837654 -0.0195371907051778 -0.343736137354417
-0.0398534096241201 -0.0622201212059586 -0.120307040376598 -0.163439565566899
-0.0795756919418833 0.013870229969986 -0.0515719482602115 -0.0458566580222906
-0.0098880804585766 0.0913799332830691 -0.000502342851294751 -0.00263764892645281
0.0516494970067553 0.0477338148019417 0.0165818425754333 -0.107575606441692
0.0611632323749757 0.00048292684861166 -0.106372847377132 -0.179661893996921
0.0484168884416977 -0.0381460437085072 -0.221526106740152 -0.158671284271247
0.0444252476162529 -0.0432189819179808 -0.265757030591479 -0.139647405366275
0.0455773095979271 -0.0315053238417746 -0.254847623319374 -0.192310977403659
0.0422400419354502 0.0062338965872803 -0.144188559675807 -0.259568159615998
0.0227969922078143 0.0413059374312605 0.0381716043396902 -0.22326169610079
-0.0284878635007728 0.0456243834709363 0.0768843789234579 -0.0332982348653311
-0.0512073287653315 -0.036196763709864 -0.0466665751207486 -0.0292084598130239
0.0343631642103188 -0.0655246063188349 -0.13593802294351 -0.243159082858397
0.0751235842597312 0.000412326926243697 0.139119717860924 -0.522388119735528
0.055771967206714 -0.179949384304007 -0.0281069598130841 -0.324467054073148
-0.0882234802777781 -0.177893534957001 -0.121110897198284 -0.155103064506556
-0.165564105650373 -0.023038298891177 -0.0709108885067485 -0.0491301903551255
-0.085196795530553 0.149888451271231 -0.0110829749780159 0.0174020839197691
0.0298330914152864 0.148876008978793 0.0258165087043132 -0.0841681031212752
0.101547214451686 0.101849621317195 -0.0741277411128413 -0.164151751225633
0.13976681908875 0.0311026766543179 -0.177328015124081 -0.161513385733123
0.147554099779638 0.0179136139672032 -0.223342846829464 -0.147234233605896
0.149036629858686 0.0430724242112852 -0.214304798749754 -0.192121811139868
0.106210405906467 0.13910471269695 -0.121101995475595 -0.245676405191918
-0.0058336008873111 0.187064525622884 0.0441253921417256 -0.203301757019966
-0.143890417094923 0.150765152684899 0.056860515798837 -0.0162824127546788
-0.214577617710771 -0.0805833319336497 -0.0780820119617322 -0.0261220169462224
-0.0493273699088708 -0.245506483918461 -0.13700407137376 -0.241759733307833
0.101418754341299 -0.199136073608013 0.164262720670628 -0.476868510280313
0.0872128550316924 -0.297852521645439 -0.0387264146160035 -0.262188861519832
-0.122437063981721 -0.287913562172356 -0.112983945656462 -0.127277041964273
-0.247308547712744 -0.0561089892751813 -0.083614663540877 -0.0572042438291809
-0.158356097759481 0.202177442282796 -0.0288349636784013 0.023239619901215
0.00411639876830599 0.241895777302599 0.0164181371666177 -0.0525499162223259
0.128975028786442 0.195272647774605 -0.0419102224512301 -0.120161760551865
0.212218791904802 0.0986493525504277 -0.112591284408187 -0.13403351103112
0.227381400441538 0.0747923774108269 -0.149433728643869 -0.128093098084666
0.22774025660279 0.110888776351747 -0.142512487940349 -0.157243901177514
0.153028239197773 0.252755695505352 -0.0812260996557635 -0.196511486778189
-0.0379347182413441 0.310773786546162 0.0476502986977906 -0.156724474598985
-0.247569355568788 0.239110459948235 0.0372213287510019 0.0036092938603169
-0.358305054134654 -0.1127796590827 -0.0961841992998821 -0.00728219938877764
-0.132792053298195 -0.396003553943285 -0.133750702317945 -0.194295414812062
0.0981907415374505 -0.377941089703803 0.105776982683365 -0.385521064963474
0.0796645462267774 -0.390839305466534 -0.0855196809116243 -0.147841563956301
-0.185117730561701 -0.362921851831965 -0.0827411289231484 -0.0716179864449867
-0.325893055738415 -0.0828882812213874 -0.0788099049065973 -0.071363374468191
-0.231236592800752 0.245145031496432 -0.0557802417051049 0.016242429787145
-0.03027558639709 0.318407059743934 -0.00786263563948946 -0.00668655630203594
0.133943160539283 0.275951655647883 -0.00666701115208987 -0.0474167503900379
0.248907692999856 0.165484288239724 -0.0229151112110899 -0.0829385184220117
0.264930164212753 0.138316794396172 -0.0466853480826639 -0.0933983792825881
0.257655457431972 0.179431112224553 -0.0411922272292652 -0.106398115413456
0.151862766515543 0.340504362743129 -0.0157129999462714 -0.123120975193549
-0.0851741103755018 0.386292330712465 0.0553785479974682 -0.0852650201191432
-0.328911734638999 0.278658604821679 0.0193108120782519 0.0303924811343618
-0.438941523058158 -0.154826996472825 -0.0983871211378756 0.016609609933375
-0.16237712778064 -0.498295201399302 -0.102581157562937 -0.117858036987804
0.117230724221246 -0.481060776571856 0.0849348776582035 -0.230348836658638
0.0680385396551057 -0.432790599837044 -0.126173011009894 0.00482117557696463
-0.233653645185318 -0.395312386570988 -0.0311909783819352 0.0167836156879755
-0.377345420139479 -0.0779479973674755 -0.060410161202098 -0.0764432956952964
-0.26250258111598 0.274882390095459 -0.084305767391993 0.0099426740633637
-0.0422535356794524 0.354957480788055 -0.0409522880242053 0.0545069331943734
0.135296829772477 0.311261168291488 0.0267523578671706 0.0495341926186757
0.258137234338655 0.196147487213546 0.0652146374861474 -0.0064981867383773
0.266070453020645 0.165229327244713 0.0547645136114605 -0.0332883692599159
0.250471397628305 0.204242944844568 0.0538882340833321 -0.0329900041913751
0.137438286712981 0.36067373156389 0.042762048655092 -0.0307974236287441
-0.101971947134312 0.391699263068185 0.0560470151673319 -0.00456005432615222
-0.335704192161333 0.270215629508903 0.00618736150463417 0.0555536205157265
-0.434180056612734 -0.156620415267765 -0.0845335220423597 0.0514052332025352
-0.169457057231919 -0.50328782856641 -0.0660915419567368 -0.0156810916991793
0.103307828122777 -0.50091338234955 0.0460668645836802 -0.0554119597707923
0.0359605314723917 -0.41258950434519 -0.159706241929208 0.180077790486744
-0.24862259374733 -0.360721956644974 0.0367617296364645 0.12056813383894
-0.363485835394546 -0.0553672874210051 -0.0281433575876635 -0.0694644467777085
-0.240336645539918 0.258053530447931 -0.10716998067475 0.008441118606659
-0.0434919767893399 0.329555589801183 -0.0701175217580361 0.122882241793257
0.118094215988945 0.29189427118764 0.0627929151037185 0.152173898397367
0.229969340832563 0.193722807406034 0.149816484291984 0.0766673875971782
0.228111902405715 0.166516314823908 0.149060012008658 0.0321991553647906
0.203228952427796 0.197377484036231 0.138000382849711 0.040865999712719
0.094979864279384 0.319509841098697 0.0929309608347795 0.0560533171690807
-0.107624940717188 0.319004489390665 0.0532145678253378 0.067306099170041
-0.277897459117122 0.19633469968408 -0.00210272655799386 0.0701988459686495
-0.330750379752723 -0.135931362713006 -0.060205211145227 0.0783929978913165
-0.130177343820741 -0.414562404543567 -0.025856899426386 0.0743149190148295
0.0722702452948087 -0.431391964370924 0.0125804767967728 0.108205802547858
-0.00143650446999125 -0.32039540961067 -0.181084556731167 0.34539568837176
-0.209981557846347 -0.263038009535731 0.101120917655103 0.217916202576683
-0.270524233326604 -0.0243917251105318 0.0107275324669069 -0.0482650892048939
-0.172793112096257 0.181190283934335 -0.114518538632126 0.00729097157211643
-0.0402073850318875 0.238392776173359 -0.0897710093644343 0.176998894817492
0.0776982632210921 0.221469788897686 0.0908875816573322 0.236752012474985
0.163357042432129 0.159283735764774 0.215217683225354 0.151995255114954
0.155024647812489 0.141035300676261 0.221754991177818 0.0913108811296561
0.126449962397096 0.162645666070711 0.196308922068491 0.104504339432673
0.0376108944666173 0.230620933235711 0.122970528723811 0.122345002456388
-0.100784090982926 0.195187254810763 0.0412594133407575 0.113217819261068
-0.179918507842321 0.0844628870848643 -0.00699024114376348 0.0659964655429779
-0.173776695117167 -0.0993581799370869 -0.0333692067108992 0.0865294201337269
-0.0649152959419244 -0.260400934720451 0.00751542750711952 0.129107449988177
0.0318990222013287 -0.294054870061649 -0.00829968543712377 0.230372368475486
-0.0362394801421168 -0.1733606779002 -0.18994688205901 0.467535680705227
-0.131336178754739 -0.11851013860966 0.145972553425687 0.289882195881442
-0.12570132118788 0.00905437701067961 0.0518419621375455 -0.0197065702322464
-0.071930206788001 0.0719090014042076 -0.102593169757367 -0.00108689522958322
-0.0314990118270124 0.103467588307076 -0.100163460970267 0.201213140503569
0.0208389850759264 0.111693245019664 0.102538564440432 0.288137556871158
0.0679323773388709 0.0988557473230998 0.24783775853687 0.206426560396457
0.0568829955789585 0.0957849539192216 0.261351393670518 0.136258874083256
0.0344809036247628 0.107168617211037 0.22166619436259 0.149293276178323
-0.0201340875965323 0.11937984573429 0.1278799044747 0.162379103155183
-0.0808394392920775 0.0613694494798114 0.0224144103077354 0.129643248037183
-0.0741294022708153 -0.0195682727310741 -0.00853687129752694 0.0452201996521682
-0.0205470635316607 -0.0502732691872626 -0.00697669791370927 0.076306987674596
-0.00833097273053436 -0.089645364097397 0.0300185827029091 0.147476329618574
-0.0162098317699303 -0.127677584802318 -0.014939808756321 0.297871742329146
0.0346025008987225 -0.0405528519825788 -0.0118757870162496 -0.3513241990197
-0.0413043463728305 -0.0622995413704344 -0.121055818492914 -0.168453280668115
-0.0809408277822696 0.0148583078178776 -0.0530511789032482 -0.0455551972747439
-0.00872564407363687 0.0924997170733766 0.00157336271410389 -0.000307982234036594
0.0522132165649652 0.0478775729039899 0.0200761958929883 -0.109573602273232
0.061888464668771 -0.000120568650284994 -0.105024066016099 -0.185275324574157
0.0497186180583174 -0.0398453319629507 -0.222271235945569 -0.164450208733241
0.0441132480728858 -0.0444010506855991 -0.269031066318628 -0.144669458607339
0.0462176060709453 -0.0326383783108706 -0.260083237885972 -0.20017778511506
0.0427954168040492 0.00590955968392743 -0.146413431358112 -0.266105204534707
0.0246181086389875 0.0426171486953618 0.038948570199309 -0.230294331552825
-0.027931414809514 0.0467140514439995 0.0797122650316954 -0.035338864816275
-0.0521385130466961 -0.0358599247914588 -0.0457523444855903 -0.033913407499961
0.0351465094119379 -0.0647162441067837 -0.131763334745974 -0.247772891000978
0.0755493374429886 0.00154289873733699 0.152508189405326 -0.526900487032196
0.0602283704366601 -0.183937041423279 -0.0205907667066032 -0.331642862402854
-0.0887044810063248 -0.181576156343794 -0.121092531541699 -0.158899686989963
-0.167541318007147 -0.0257966338480894 -0.0732588315774772 -0.0490563187538648
-0.0864408917224329 0.150669297196905 -0.00899935774241449 0.0202306406339787
0.0295801067797627 0.151669446158624 0.0289975357669807 -0.0844499076628142
0.103259554197385 0.103861914833098 -0.0721048608862128 -0.169609258098915
0.143030209951167 0.031500356392257 -0.178143733421909 -0.16735511398031
0.150049873372576 0.0183737488259245 -0.226703787962065 -0.153055916574953
0.150991194843085 0.0442416951727465 -0.217962851066765 -0.198633825250024
0.107705344924402 0.142471129634233 -0.122751374508492 -0.252050776605712
-0.00680699415349659 0.192023264106917 0.0450129844556838 -0.209795286519142
-0.148089052227439 0.151475323568364 0.0584123408420205 -0.0178382459121279
-0.218023157105707 -0.0850910076634417 -0.0765386300559577 -0.030283727281966
-0.0472663962467314 -0.251180689433908 -0.133076498854389 -0.246565670138026
0.109238025889808 -0.200430127047417 0.176741777267882 -0.481556025711344
0.0959601935437371 -0.304398722423348 -0.0338224128016814 -0.267238881630222
-0.122014195556035 -0.294543222296262 -0.113911168682725 -0.129327580172812
-0.250485634127344 -0.0620293517809308 -0.0869988089125089 -0.0571856003334303
-0.161816310920394 0.202411145912709 -0.0272126893579286 0.0259796436514785
0.00230253064517509 0.246450006653956 0.0180323844754134 -0.0519311730280652
0.131602003828483 0.200616994779331 -0.03989751238421 -0.123820288257565
0.215069884306014 0.101103300578111 -0.112904539917053 -0.138943761899836
0.230861041833247 0.0782906443959279 -0.151430608567588 -0.132667793214826
0.230902860827433 0.114457949785192 -0.145411729018957 -0.163383908225847
0.154551979201499 0.259671382785475 -0.0828647908285578 -0.200066677922738
-0.0413195343624851 0.31826729988707 0.0466513686889341 -0.162596944166928
-0.254739654377189 0.239362048457418 0.037444655420357 0.002629695088459
-0.363902167362996 -0.120900666448078 -0.0950828861923933 -0.0108667864171329
-0.130666419357776 -0.408495961146057 -0.129945629270631 -0.197653724039644
0.110866458003403 -0.383712950673587 0.114500240617833 -0.391554428744378
0.0914639112504198 -0.399720677023479 -0.0830124560863628 -0.150924861953278
-0.185131973167598 -0.372372515043262 -0.0836451513304016 -0.0713351911904448
-0.330098126283223 -0.0918608019885302 -0.0826234402875112 -0.0709543408474253
-0.237551373308209 0.244601972953761 -0.0540575317849611 0.0186818323031923
-0.0331058709960076 0.324127043008278 -0.00730580724970904 -0.00524796910418392
0.135944071265884 0.283292022713243 -0.00485094701696286 -0.0486937316519615
0.252823664134809 0.170243190723601 -0.0232541994207099 -0.087393474063378
0.268930060029545 0.143930905450694 -0.0472117355857549 -0.0966729866427779
0.260658952850776 0.184512976528415 -0.0433673930656376 -0.110292555599127
0.152319388247462 0.349240330239496 -0.0179286598501129 -0.123896310385907
-0.0902782999346795 0.394381902097765 0.0539947878301803 -0.0891900709753121
-0.337701907159781 0.278708126119836 0.018102276531232 0.0287269544113551
-0.444353543213098 -0.166811570315144 -0.096718806032699 0.0140465840080985
-0.159850370363861 -0.513868152536522 -0.1003608067119 -0.120140414794069
0.132883824559731 -0.487926128180683 0.0900023357111013 -0.233564846423047
0.0819734119063016 -0.442952281266335 -0.128440859096575 0.00467348367843793
-0.232888802317237 -0.408127045698357 -0.0323294007146814 0.019272702948788
-0.384119443682343 -0.0890134214439635 -0.0637998005204587 -0.0757166481596734
-0.270229335264492 0.275026213770227 -0.0839692376822612 0.0119060449054098
-0.0471343474809583 0.363419059701634 -0.042089795333047 0.0584828403789516
0.13790586114664 0.320013995720871 0.0286406287701127 0.0512967351624769
0.262196486426367 0.20219380101332 0.0655298425367263 -0.0091181772902135
0.269954983011985 0.1713214298854 0.0554761636354905 -0.0339659454595931
0.253439296350628 0.210726741126994 0.0540952342408852 -0.0345808925313204
0.137956359928561 0.36973192950656 0.0410666674753278 -0.0291550056650612
-0.107061059944615 0.3989353239835 0.0531917332666231 -0.00671447834639106
-0.344154456458482 0.269926281176406 0.00310611215407276 0.0547550963700288
-0.44157478520881 -0.168176926509984 -0.0829086744617802 0.0501665024953556
-0.165468431373332 -0.517803009253837 -0.0649578107591151 -0.0160185861705643
0.119579184105437 -0.508262471657833 0.0461270836880973 -0.0574968428511199
0.048164297532238 -0.420749502226677 -0.166638782337627 0.18360242243125
-0.247945552040151 -0.373630924168442 0.0344934924746331 0.126444649612214
-0.369972993187061 -0.0646536314841486 -0.0318592147693195 -0.067570148053162
-0.249545681710091 0.259139807994155 -0.108183042581428 0.00980475874765265
-0.0466966393670742 0.337634414619765 -0.0727038789043588 0.128659394927451
0.119387936524661 0.301190756145833 0.064708448436313 0.156493514390886
0.233894767622797 0.199626032394206 0.15055433081145 0.0764602844337356
0.231152497344779 0.171611295360481 0.150260764083138 0.0334572611512382
0.205424032364157 0.203337230859844 0.138784241010403 0.0425211080115061
0.0950315194818235 0.327634812516784 0.0918419761445397 0.0599888269522314
-0.112289832572607 0.324589324293421 0.0491215100850093 0.0673794168475849
-0.285505796462701 0.194618927908573 -0.00610469635799368 0.0701608298506113
-0.336394223242277 -0.145829269613603 -0.0588170714958695 0.0786455273689722
-0.127019519180432 -0.426378442540177 -0.0247871492954281 0.0754423737576608
0.0868737154479252 -0.43701163264113 0.00971830596174197 0.108649112804469
0.0084636085252982 -0.327692954419474 -0.191213794445117 0.350698769018514
-0.210619491782108 -0.27274737315915 0.0979100574293189 0.225439990799255
-0.274740587769289 -0.0324472685666948 0.00753002356858727 -0.0458106257491591
-0.180440033528441 0.181822209496358 -0.116055201090247 0.00838552474038918
-0.0435694209850945 0.24338490124002 -0.0940871697426969 0.184041018115078
0.0777009312256826 0.228351126073577 0.0927488524019702 0.244351039767703
0.165438295593733 0.164398211038183 0.216853698411208 0.154400643882839
0.156627941983413 0.146062325195388 0.224282725341331 0.0945610715965874
0.127692463115387 0.167865173582523 0.198544679467593 0.10730077145213
0.0369052001986357 0.23614400492313 0.12198888719209 0.126926363107292
-0.104948802997243 0.198201119930183 0.0379389342951304 0.113998357565725
-0.183995460930057 0.083295687393246 -0.0114328461130752 0.0649500125544878
-0.175716895991423 -0.10638330198627 -0.0322974018793608 0.0877514033558998
-0.0632243398153797 -0.268071199239631 0.00811888733143052 0.130697836191125
0.0404919326393767 -0.297902824076374 -0.0134489588340078 0.232663232226849
-0.0308650017176109 -0.177293563264411 -0.202498771411276 0.475039660693114
-0.130544807132248 -0.123513559864739 0.142065128815002 0.298619135191629
-0.12792300939657 0.00495106687245611 0.049664136430976 -0.0165146917079453
-0.0758992502475748 0.0715296582217607 -0.105731199099854 0.000266284886539674
-0.0337749382420107 0.106400217191812 -0.105531420781961 0.208109078835192
0.0205505064025372 0.116280534312321 0.104459628330375 0.297770008497353
0.0680539535857738 0.101704629668209 0.250659059073228 0.210135618136453
0.057523750680486 0.0987804301026461 0.264448676937804 0.141134631286509
0.034846941481461 0.110370259803712 0.22382743148031 0.154097155875068
-0.0211010452462622 0.122627186827549 0.127111271399263 0.166668928868623
-0.0838331878279771 0.0618277273142256 0.0191368282482008 0.131205040914427
-0.0764075349815597 -0.0210033893181073 -0.0119260977284247 0.0435419974678782
-0.0195132753649743 -0.0536767531701565 -0.00629308709728132 0.0776732803238619
-0.00714070426877866 -0.0925849256176185 0.0309275633663065 0.149530112066265
-0.0126501501047293 -0.128447690989033 -0.0208041175391239 0.300935840992003
0.00377000534235753 -0.054745936724471 -0.228095331758817 -0.287095287613957
-0.0713208725256515 -0.0249862527259637 -0.206683299812262 -0.0640898503494872
-0.057856711493553 0.0601487983964877 -0.0733906448123694 -0.000987317801671429
0.0470402815201084 0.0790534774180955 0.00817958156161284 0.00261191955788011
0.0705149696920507 0.00827442676279505 -0.0474903620932141 -0.103716372772621
0.0502191291354084 -0.0382094997728461 -0.199891276339846 -0.0894714550021598
0.0160493597503965 -0.0614549357691839 -0.287845621832128 0.000821506168506588
0.00732831776179795 -0.0645409279102597 -0.312133830537081 0.0470895109045598
0.015137820068809 -0.0570243065656821 -0.341635359268939 -0.00181268618677616
0.0381274542853413 -0.0220235055320622 -0.290230928848732 -0.130252360016136
0.0476014734692553 0.0179676441748746 -0.114793381004546 -0.215867519261974
0.00648829334178429 0.055424327307336 0.0438149317665103 -0.0825674462108434
-0.0677285193716518 0.00347240316249207 -0.0591477942508445 -0.00227164037325953
-0.0162928742631418 -0.0778786981118572 -0.263473067748329 -0.121714783731235
0.0668290060062002 -0.0546300103285997 -0.212470537107733 -0.540061278631214
-0.0559209575369339 -0.193431777003594 -0.232679316052385 -0.265840024634987
-0.178119426064156 -0.0950296126785256 -0.205110727631468 -0.0579879746140599
-0.154018807759163 0.0767428227823021 -0.0967532924674122 0.012403304356842
0.0168714109356042 0.171757554105795 0.0117391394032108 0.0304124165575472
0.11372094596012 0.106226896889798 -0.0237924004453583 -0.0864675819884964
0.146832896370435 0.0226343991539366 -0.160879407903191 -0.094457199388427
0.134597215258011 -0.0600054624447777 -0.252365132497583 -0.0295816902809701
0.134226677677909 -0.077161439509939 -0.282965537733566 0.01421037738919
0.152100119222324 -0.0578700108450124 -0.307915182283832 -0.0251130140041074
0.178549167431914 0.0515985041166842 -0.262528188064737 -0.131803787014998
0.116316084224816 0.1649878813843 -0.0960066569303776 -0.203056834915281
-0.0309155658054142 0.219842486075812 0.03846942471872 -0.055537984732797
-0.245455580785985 0.0683990880318399 -0.0790131821117417 0.0200011996880075
-0.206437101972047 -0.18477089250082 -0.257513114614297 -0.121838042887629
-0.033203680560432 -0.251256799986937 -0.154578337328254 -0.509959669564532
-0.0927286015878954 -0.317481338917644 -0.211805128623953 -0.205109775145036
-0.270564691520415 -0.169637381103755 -0.184255444223971 -0.040614656564314
-0.244873451973507 0.0949738268655115 -0.115469840486306 0.0169447309310333
-0.01484238357712 0.2577210139976 0.000366525894565889 0.0500729368434734
0.147361173029755 0.200010152975974 -0.00977062991452394 -0.0510592149315137
0.229037108040846 0.0852138222556988 -0.103493084359389 -0.0746314271706345
0.23643745314898 -0.0481692099959453 -0.179106461545493 -0.0480318125370295
0.239508376324758 -0.0780988538141773 -0.209012885358302 -0.0155293863955353
0.263039322979895 -0.0489885038186112 -0.227472634414357 -0.0418059724268377
0.292267289087509 0.119531602292091 -0.197374755442277 -0.11293440438189
0.16735892489008 0.294441264588188 -0.0640301072615096 -0.166194169946604
-0.0675808017082231 0.360858271910501 0.0341927980919666 -0.0253716580198817
-0.39566673496099 0.130448472554993 -0.0795268072209969 0.0470203361021894
-0.379197954546014 -0.264022509453014 -0.219864219732684 -0.08667670980333
-0.147644689900212 -0.409673930679144 -0.141148006339586 -0.388649259207688
-0.149672616398065 -0.396390272847668 -0.187431482760576 -0.0760366048636189
-0.367697893709529 -0.198429370300838 -0.127706243661133 -0.0105048305666649
-0.330615475431616 0.116227487478322 -0.1237147996471 0.00583704463728904
-0.0531749469187452 0.335951278192391 -0.0270686285965899 0.0653703552997542
0.16553074662633 0.285880759084991 -0.00117784504979082 0.00573518531827393
0.28428250058736 0.15019210847338 -0.0258781221119708 -0.032392474188956
0.309545739063678 -0.014683618031188 -0.0711145487868866 -0.0615690694930304
0.312205407659661 -0.0478332442988201 -0.100580406797192 -0.0502305684239152
0.333173111621909 -0.00926920716536682 -0.110476703086467 -0.0618356432256828
0.348818760109026 0.195943856603834 -0.0950030004900484 -0.0895883214763075
0.174122555160884 0.390817511521119 -0.0117197560666484 -0.109668319960109
-0.115436538574204 0.446127212053137 0.0347679628089409 0.00845432736215792
-0.497195399493068 0.141730926167832 -0.0637731100614874 0.0685207136047086
-0.470918272927949 -0.336968224816698 -0.141602882105914 -0.0421853541010068
-0.195185112614517 -0.512748146417073 -0.0583570359657883 -0.236451728026585
-0.18127752790957 -0.427703403986968 -0.131864842048152 0.0824045701977409
-0.426548888637328 -0.201384185061131 -0.032301248975751 0.0342236147642754
-0.372998463634113 0.148459028523964 -0.112017975739041 -0.00655000761400148
-0.0627764576882597 0.381176512085074 -0.0563454765512227 0.0806615045742028
0.176955365501439 0.325680100759235 0.0100394388323467 0.0802673995037906
0.309322501918321 0.180200821450388 0.0652502013551663 0.0300981470362755
0.336903628500628 0.00521011813707952 0.0528996198573272 -0.0518906264485021
0.331840769363284 -0.0260291226127358 0.0224563211790629 -0.0623500390280217
0.344668780910891 0.0170061391883224 0.0174755664406301 -0.0600824122785028
0.350611681420274 0.222785360748984 0.0133423174145175 -0.0468622974017441
0.163659711734092 0.406645817165468 0.0398998917508336 -0.0398733735535863
-0.127058381705532 0.44295030861995 0.0374543450500351 0.0403826628637896
-0.491970834241077 0.138454587436348 -0.0286386172740471 0.0902613183798985
-0.477504505884361 -0.33584440094279 -0.0460953141719912 0.0203009232290383
-0.220890650413217 -0.518430668118809 0.0192836752881358 -0.0596024732556814
-0.195986941796411 -0.38917170028316 -0.0529515601102616 0.256804735563273
-0.418669933944894 -0.164254799920435 0.0888304374795536 0.0824762667621843
-0.347960314423787 0.160103140306972 -0.0795315463060317 -0.0189342751915297
-0.0582271332280288 0.356875257504677 -0.0784526977457326 0.0932775528031049
0.161954591470745 0.306740402418058 0.027914417820198 0.157820942591077
0.282339380221025 0.175610946854332 0.159567297280434 0.095064603761864
0.31277023989196 0.0196571149485294 0.176813651641665 -0.0337658780015962
0.299936611512398 -0.00142815496423709 0.142876267087512 -0.0655788380717589
0.301243861301449 0.0410981813833558 0.136811536200231 -0.0502795014129084
0.288560474831963 0.213538729126016 0.111767515141375 -0.00557616519149617
0.112199572376494 0.346878567641625 0.0826756725027856 0.0238495488544563
-0.122824606553508 0.34246696012656 0.0384377069115398 0.0602011102956254
-0.386823308697087 0.0888181502022404 0.00779307670994944 0.0997382390519118
-0.382939491880454 -0.280521320271078 0.0423243633053508 0.0719439874628364
-0.2023389094612 -0.432472953400414 0.0922289958491223 0.100035471685933
-0.176091648593471 -0.285319959295476 0.0358602846229115 0.412496710586711
-0.327854801495726 -0.104982949923597 0.205745183437106 0.12653481930764
-0.250377296555388 0.130916278424877 -0.0296424704306593 -0.0282000304981989
-0.0455779193806286 0.253506547387778 -0.0887117361664574 0.092943894631331
0.109408591740899 0.226951669137749 0.042633917371338 0.215611481838921
0.204861453482168 0.140780551576058 0.236673336247478 0.14920064836368
0.235459964726134 0.0323860044644967 0.280295809565847 -0.00924037208299901
0.222088526705254 0.0234711467106722 0.241820504886823 -0.0601771275034632
0.214669143654684 0.0603720042343541 0.228237269964101 -0.034634416634582
0.182228977636859 0.17438906668748 0.179365543202035 0.0310825514744764
0.0386774698393682 0.235155784760017 0.10227270094801 0.0701841348700285
-0.106366503630543 0.184946594936077 0.0296596555823023 0.0601390617869123
-0.221174999138516 0.0200796164574274 0.0334971971854794 0.090937288350164
-0.225597356060924 -0.186981656811648 0.100232122709565 0.0981141647180793
-0.153626818219886 -0.279947997155002 0.147923798152534 0.212736594555774
-0.123837512396067 -0.132440541340448 0.112125665924319 0.524876256444394
-0.176553691659453 -0.0281188016915347 0.291801667205619 0.160925224320528
-0.104975838585557 0.0760140871757796 0.0286105472477269 -0.0342550062953506
-0.0235388363370883 0.10386805953211 -0.0869592572953528 0.0730811750269434
0.0362467578799184 0.108129276269091 0.0458866495193984 0.240507883705848
0.0895344523877726 0.0834110233814427 0.275748016505181 0.183960653441436
0.118049288990536 0.0403324784972623 0.343725395296404 0.0177007717459862
0.110836735504786 0.0463339877519178 0.3045673085012 -0.0479648986616106
0.101157155176258 0.0707739034172057 0.279745923493965 -0.01283097079548
0.0615181056316535 0.115220599586018 0.209122336192714 0.0591871030815382
-0.0310122184856578 0.106867009806013 0.0970637671807615 0.0973640292064992
-0.0789115134803585 0.0293810210464963 0.0145229456317556 0.0443080795710258
-0.0521673859926031 -0.0355073806429581 0.0467933327851118 0.0672788445239267
-0.0643252966106963 -0.0735497384511945 0.12578810149126 0.100428578511614
-0.0913869540787597 -0.0992509421834295 0.180232145007358 0.268566072541999
0.000999039792191323 -0.0563460294132753 -0.245306643993991 -0.296293398244219
-0.0747356443699054 -0.021400928287817 -0.218959491308396 -0.0596968849748914
-0.05721288151861 0.0649419508423205 -0.0767343475257691 0.00315811163179262
0.0525996748774507 0.0792251112284949 0.0118378699944189 0.00266972240776239
0.0733257809235012 0.00558058024997165 -0.0510077122623261 -0.10781339429892
0.0500986989056343 -0.0423837662488352 -0.212195387397942 -0.088340326370308
0.0133535981652588 -0.0655099844408271 -0.299482131543092 0.00979737211082805
0.00403651580390307 -0.067786727431282 -0.323413151432151 0.0587869351543354
0.0122296361547516 -0.060691469511708 -0.358808802840535 0.0111036900602664
0.0388890708302084 -0.0257984819905998 -0.309095207696355 -0.124369180605245
0.0516360727655815 0.01588392436283 -0.129956781093618 -0.222789919319193
0.00955309325706009 0.0580561251295084 0.0426352180931641 -0.0897624113698982
-0.0703040892588588 0.00725896043071853 -0.0630076137142142 -0.00372299557555484
-0.0197710850682923 -0.0797926032467076 -0.274338984785856 -0.120858065665477
0.0684043751986562 -0.0592853705704835 -0.232384634609307 -0.558994014994372
-0.0650527721431263 -0.20189368951194 -0.248481605139497 -0.273461352722246
-0.189189338205099 -0.0925162926988328 -0.21526560284283 -0.0533291741068297
-0.157989878118471 0.0843957825881925 -0.100858073428731 0.0181722540247176
0.0246276109838295 0.176309329663127 0.0172979754845044 0.0310422594180749
0.121591611113433 0.105890178737428 -0.0252980067250396 -0.0901191835607322
0.153894663568 0.0169935807947463 -0.17104536291536 -0.0944788547755235
0.137357761920546 -0.0684726027875313 -0.264716231530136 -0.0241260570002948
0.136451440797858 -0.0858188073337011 -0.294258968677052 0.0235324990668063
0.154971538591937 -0.0668574708579176 -0.32548719475393 -0.0154876515404996
0.188886832471928 0.0473963501656454 -0.278808331726857 -0.127514198361398
0.128042931408098 0.168066609873327 -0.110980587082357 -0.209278973117989
-0.0251198361723874 0.22978844621707 0.0380899280690867 -0.0607119038593727
-0.255213712951471 0.0783627307998338 -0.0822892973707726 0.0194405095685219
-0.222024609081666 -0.186717110429669 -0.268071874126091 -0.12001490870791
-0.0399531050955663 -0.263752788973404 -0.17427031859727 -0.528415769898778
-0.106362777674944 -0.332197620936663 -0.223966559429818 -0.209512970173199
-0.288057372912956 -0.167686308486747 -0.192351231706641 -0.0349731092480196
-0.253693066703536 0.10504440128444 -0.120654035377297 0.0243818985831607
-0.00700695371937552 0.268244780648052 0.00604137346458222 0.0520460860403307
0.16028816171273 0.202321749619165 -0.0102979433574565 -0.0531660454577016
0.242724247853466 0.0793209449926911 -0.11080185784325 -0.0764115287789126
0.244691107580856 -0.0593543875815674 -0.190318356763231 -0.0454088935797206
0.246141444026452 -0.0900964888242704 -0.219254849580495 -0.00988920312924403
0.27211405133703 -0.0613430074753427 -0.240625754420228 -0.0353284456919727
0.310934458205949 0.114972821459 -0.209849101444635 -0.108923547187444
0.185343087249591 0.302290838430965 -0.0765175376812997 -0.171324451346776
-0.0608492460556003 0.378104439418696 0.034290862634344 -0.0284877640441319
-0.410862606474898 0.147276119474298 -0.0810193095266883 0.0476391154199396
-0.404615418773185 -0.26782176500228 -0.227960017638361 -0.0842089941284781
-0.163170598950458 -0.429811107265844 -0.157922023158773 -0.402393649411635
-0.16705535831399 -0.414836820896984 -0.194833486447216 -0.0751311623908327
-0.390165198590303 -0.196412947650527 -0.131766578592446 -0.00627003056472996
-0.343004597470835 0.12868880589965 -0.130221542477983 0.0141429341871947
-0.0443357513532505 0.352020983261248 -0.022516559300854 0.068947196368506
0.18254174791644 0.292176115523246 0.00109142392120503 0.00614926241156585
0.303498131316035 0.14586646524131 -0.0273186553301967 -0.0351743981996939
0.321987479566143 -0.0264346083703126 -0.0793112946920892 -0.0634880515462716
0.323317608564666 -0.0614488610847374 -0.107764915242276 -0.0491345766685495
0.346087765677046 -0.0222813663502707 -0.119953581749349 -0.0598336505570619
0.372091241557489 0.192862429116091 -0.102324022325883 -0.0879023274797259
0.197723654748636 0.403288118291672 -0.020760829202195 -0.113482737465341
-0.107304905883669 0.466898740553532 0.0342854328614051 0.00867023600581716
-0.517707557445918 0.161952628029345 -0.0629150385712379 0.0704874797151977
-0.503956784685582 -0.338769714258037 -0.145740091199805 -0.0398438382250807
-0.212672160640931 -0.535684045951236 -0.0681923733795321 -0.244853389174507
-0.200367294583107 -0.447095462348176 -0.132814326155067 0.0897835025315968
-0.452837489974779 -0.197723058430311 -0.0301058823551237 0.0381120375122945
-0.388211023682787 0.163575205394737 -0.117546948873896 0.00140037972484939
-0.0560016841725584 0.399697360535463 -0.0533911598819889 0.0859074814154019
0.197135375183269 0.334080762602401 0.0158599183002281 0.0849627615231162
0.330997843323789 0.176447655770441 0.0708585866960025 0.02760098139656
0.352803385549504 -0.00697483353160467 0.0496048357668729 -0.0575076364938754
0.344513477984329 -0.0380840592614397 0.0202877425632975 -0.066211897665479
0.359533452019644 0.00554146608887298 0.0141019812027443 -0.0620855641016577
0.374394024554265 0.220955969805737 0.0126298093642611 -0.0473147681756657
0.184796556447424 0.419902950531621 0.0356648176163474 -0.0415346770635592
-0.118927790195524 0.465239796984864 0.0380203298911263 0.0419899073368029
-0.513418029554738 0.156348562497105 -0.0255484876466697 0.0923346429483909
-0.511267977864138 -0.339376067344312 -0.0443053923071144 0.0223604612406177
-0.238397124281904 -0.540744038982788 0.0167744350989531 -0.0612887473519588
-0.214114965002498 -0.406693583283423 -0.0455237304920955 0.270447781351258
-0.443972166455519 -0.161058062114455 0.0981664457836879 0.0849605033768023
-0.361703717321662 0.174553595297768 -0.0840404399758656 -0.0121931881727525
-0.051165860294003 0.374742278636748 -0.0763868651769983 0.100361067256257
0.18001920706765 0.31399183493008 0.0367479500883672 0.166112358167394
0.305230215763982 0.174304974229277 0.172964268554915 0.0920875648256878
0.327559482796275 0.00997314811037733 0.180589634649747 -0.0424092073833345
0.313205421997023 -0.0109817267146519 0.145651256369423 -0.0731550750459312
0.315726900709875 0.0322621490178265 0.138990482510282 -0.0564667101119959
0.310395269281624 0.21308617920859 0.117126761499117 -0.00700353085113307
0.128303611621261 0.358820601122177 0.082733737250549 0.0240589401249426
-0.118334329705876 0.35970074115255 0.0387006289343544 0.0632758050761691
-0.404084857675614 0.101972704326947 0.0139172986606948 0.10156068409709
-0.410365496505254 -0.28300324837216 0.0488766281442468 0.0731343290032633
-0.217615772590809 -0.450470943206484 0.0963877655905849 0.103031819980481
-0.189519603471615 -0.297313465824405 0.0492918513766161 0.431281668762853
-0.346718331217718 -0.101719432929324 0.219376058146436 0.12838097951446
-0.26000204774775 0.141240061073362 -0.0319406827579353 -0.0234472774077542
-0.041961442852571 0.267220636327115 -0.0879230470229204 0.100904388465929
0.122331329754432 0.234096987046057 0.054505272290121 0.226440675941766
0.22128215115113 0.140400842478305 0.255542525005616 0.146314522921248
0.247434228569158 0.0263839143402155 0.289781712579347 -0.0207306423144156
0.233599422027375 0.0174716188686923 0.249621880713276 -0.0713987155656426
0.226314905527942 0.0558347785813886 0.235495463570428 -0.0430741877180727
0.198384013665131 0.1755798169954 0.188441542310847 0.0274148502325941
0.0478230539889146 0.245259045394876 0.105869763998115 0.0712609994688386
-0.106053457106139 0.195673248345625 0.0296072516734504 0.0633131219628533
-0.231767000950494 0.0251604550339998 0.0405931622293046 0.0918335808103133
-0.241925436855132 -0.189704118815179 0.108707210993678 0.0978966860720823
-0.16368804959376 -0.290152647341422 0.157351914521185 0.218617738591746
-0.130143616835163 -0.137352535120979 0.131333207320504 0.547158503934694
-0.184904318303561 -0.0256251473896181 0.30936967585196 0.161980635318992
-0.10872007185069 0.0796831814540072 0.0285004037404554 -0.0321601274107027
-0.0232910443508435 0.110119428811758 -0.088158777971493 0.0805164788364511
0.0420039727194417 0.112102286813751 0.0581574960991562 0.252517355259552
0.0975842841862445 0.0842153880682281 0.297749858800329 0.182143697687561
0.125184720780162 0.0387300469903104 0.357659873654534 0.0059739482673394
0.118535043452529 0.0453758454768478 0.315098874869268 -0.0594838402970236
0.109292314070101 0.0712222270044203 0.290367485484113 -0.023392128603533
0.0702552881571408 0.118653689539911 0.219413306598699 0.0557354835643334
-0.0295739069457526 0.113629085502309 0.102413988123565 0.0986887422412738
-0.0830576320834227 0.033375883649294 0.0129707073947874 0.0463369923701631
-0.0566007532995848 -0.0371549465362615 0.0533163538819818 0.0670352573027015
-0.0699122139906882 -0.0749330079156062 0.134614422215854 0.09897541444969
-0.0949478056628604 -0.101111392028061 0.193394939426587 0.274609259121543
-0.00314537132825006 -0.0572716661696888 -0.267444782683957 -0.293643597221154
-0.0770123013633704 -0.0163783028949773 -0.227678424652874 -0.0489182341965185
-0.054129073909723 0.0698150325289974 -0.0790433499286387 0.00936746514300965
0.0591838765844313 0.076481682320181 0.0156506932495765 0.00202777065829767
0.0751696417279914 0.00054699280272678 -0.0568139642884809 -0.108166587737984
0.0469908281322925 -0.0473964444675607 -0.223917334409512 -0.0789162379511823
0.00810912264479769 -0.0686069752412396 -0.306759161797946 0.0262738580277442
-0.00141964413776042 -0.0701156435330025 -0.328585297760327 0.077243514773002
0.00759585712903272 -0.0628719208673195 -0.368244669015734 0.033322436409267
0.0381499857283961 -0.0289917893384254 -0.326129594200053 -0.108977452904268
0.0549546729735274 0.0116877792477152 -0.149046237994247 -0.221057480507316
0.013904733086027 0.0584539436621298 0.0383008187308415 -0.0975808952065744
-0.0709199974706372 0.0123967251327308 -0.0663508427629805 -0.00310459621813303
-0.0247744001152081 -0.079353764238155 -0.284337186165559 -0.111622250665338
0.0658606601939731 -0.0646924673473871 -0.264403304656953 -0.561016025175418
-0.0789943352487803 -0.204402821477596 -0.267797375635711 -0.270459914184704
-0.199168227688139 -0.0820417145438175 -0.222387989641555 -0.0420194852311261
-0.15689629820521 0.095054985113126 -0.102408917918377 0.0262971727761484
0.035562652310133 0.177308415188565 0.0231293088615828 0.030554827036093
0.130296426921075 0.101025569547737 -0.0293009867253236 -0.091170924894966
0.158448611671586 0.00719472996168941 -0.181397653738221 -0.0886329060535859
0.135310977414885 -0.0792631488756435 -0.274395396095164 -0.0106981193723513
0.133143509388229 -0.0955959077561681 -0.30081059252695 0.0403058559197543
0.153070263961417 -0.0777746812377104 -0.336217105236325 0.00425279125396169
0.197031941289211 0.0372323446614975 -0.29531997775328 -0.112993307505112
0.141760195398105 0.163688548927752 -0.129353769578721 -0.208187456640636
-0.0127871106609014 0.236161623464495 0.0363028492865993 -0.0661562524482043
-0.257543951716374 0.0943300855558421 -0.0837681015637374 0.0210702180848605
-0.23889712218925 -0.180095713504122 -0.277263886865128 -0.11047557802837
-0.0536511066338671 -0.272048544097794 -0.20307784496208 -0.531322163209038
-0.126717333541134 -0.338705201933391 -0.238567218810282 -0.205960802677809
-0.304873272085105 -0.154866419605861 -0.196842071820909 -0.0247471322014449
-0.255239599356423 0.120380441901187 -0.122969327437755 0.034915233813834
0.00794600223255439 0.272786391607978 0.0125666535511815 0.0522960939323288
0.176323379156763 0.197915044616778 -0.011740302165661 -0.053856256073061
0.254299234557572 0.0657509497106863 -0.117909939177178 -0.0734004435142254
0.246036730489053 -0.0773450118914035 -0.20083767762947 -0.0369589277498188
0.245932399171017 -0.107581743700351 -0.226379632615881 0.00165273165791039
0.273710038994222 -0.0790527306045507 -0.251577785612674 -0.0198494659642195
0.326014666537295 0.0997483352638023 -0.221356602059886 -0.0986267823171663
0.209326968901589 0.299824288537578 -0.0925285848811176 -0.170008559128844
-0.0420019776155958 0.389656613717245 0.0337917388723598 -0.0318950648676839
-0.415604813072362 0.173449858779335 -0.0802756682586784 0.049509968090726
-0.430927201151614 -0.252268302752158 -0.234164397050596 -0.0745658474540898
-0.186456693921148 -0.436343695146396 -0.179885025212223 -0.403707073117215
-0.193731137220597 -0.422062271171832 -0.200900652422298 -0.06858975381912
-0.412643347797509 -0.179118754916072 -0.132290716074659 0.00139004174616557
-0.346241754284196 0.148532270362766 -0.132759569180612 0.0260692238769579
-0.0267510223839678 0.361691267628338 -0.0159527622721993 0.0710287963009585
0.20448821287339 0.288438030732334 0.00308005560983924 0.00710552819587387
0.321455453390252 0.129697827166403 -0.0293029999852985 -0.0364235420866267
0.328192488245619 -0.0483305464379003 -0.0886482550560306 -0.0612900734382621
0.327523538294065 -0.08195409793745 -0.113970478084099 -0.0445193044967901
0.352049059822098 -0.043357661561553 -0.128469087166412 -0.0531655437993322
0.394799507453415 0.176052895173834 -0.109877702193198 -0.0824373922297276
0.226102877808186 0.40367593275445 -0.0326305209834198 -0.112919568412605
-0.0851325726131088 0.484964792572648 0.0351880591869805 0.00735761258735057
-0.525088988633724 0.192586290353893 -0.0587832802571631 0.0722954892834367
-0.537615093563954 -0.323976326972406 -0.147637085914046 -0.0329932970587551
-0.242335600607615 -0.545338665919219 -0.0820642180597847 -0.24610050437923
-0.228779234121906 -0.455286211242612 -0.128423931353765 0.0988134084631749
-0.477495492352749 -0.178137254393144 -0.0258749652442678 0.0410556219322689
-0.391859629677791 0.187513438507112 -0.120687561261602 0.0130594475954253
-0.0353963438962461 0.413331657798968 -0.046530642845747 0.0904370819862101
0.222011242106588 0.331771898733005 0.0228368993589778 0.0874620608898486
0.352767292502231 0.160843269489825 0.0757598942268887 0.0218793164124949
0.360348018441466 -0.0281391546470877 0.0441931119520923 -0.062744488924064
0.351231748097498 -0.0591363435953366 0.0158710767489641 -0.0690186540708118
0.367804142289565 -0.016009626512797 0.00868514975257712 -0.0629870253433341
0.39987500402711 0.20442695202971 0.0112089499428695 -0.0468909233597266
0.214892016026302 0.420968215381718 0.0292875864715852 -0.0419440993002363
-0.0982453949786896 0.482193339391834 0.0391891201517036 0.0427086475963801
-0.521309920337798 0.18721032249787 -0.0185399593885688 0.0930587805314347
-0.544639145464577 -0.321983677342835 -0.041247819225258 0.0253227195205631
-0.268586803230892 -0.548819227062802 0.0127901577266576 -0.0617957262214238
-0.239792254239998 -0.412335741535025 -0.0305457802371933 0.280835889706055
-0.465766114051252 -0.14396108986446 0.107594348612117 0.0829227860925619
-0.364398484059475 0.196165999379575 -0.0862343267929302 -0.00235825145228974
-0.0331053170342764 0.388008375473794 -0.070825371968316 0.107457685015029
0.203567317837788 0.312293642021786 0.049846434767058 0.169569268864421
0.32541894803737 0.159786719454433 0.185627623136914 0.0821289932659087
0.336237654823604 -0.00904436971020006 0.179132324887747 -0.0552040498971987
0.320459432636478 -0.0294359333334218 0.144104843435173 -0.0832497532280764
0.324604592016222 0.0145529079462652 0.137642666451664 -0.0646442578470316
0.332969252458559 0.200355101131761 0.120122173711564 -0.0121949847654967
0.153532248304858 0.362766335072665 0.0826419479744532 0.0222436287403477
-0.102707540952881 0.374282434382961 0.0407575671929668 0.0648499940076367
-0.410833070882053 0.126299461499837 0.022741863361827 0.10067776109818
-0.43786846275318 -0.26926479954289 0.0559733341106878 0.0711799878234622
-0.242569549354837 -0.455116763699629 0.102557994861045 0.102280248962566
-0.208504817250202 -0.299648611342342 0.0747803598215563 0.443380948568759
-0.361211737263796 -0.0874249946218265 0.233802920626446 0.120787182620897
-0.262199199040912 0.156176096601478 -0.033298147114518 -0.0168053466712431
-0.0299069777246965 0.27761235255434 -0.0835901377363895 0.109763212976112
0.139346997757336 0.233651016012319 0.0713067293728682 0.231458508944101
0.237658382664856 0.131243000316986 0.273313255396701 0.133295138843364
0.255687210062387 0.0117376801069784 0.293472743205987 -0.0383456380566161
0.241103616270247 0.00447377371652732 0.25052158520754 -0.0868985050196197
0.235059843255668 0.044082767317602 0.237555754330547 -0.0581262793888396
0.215101188745043 0.168562218734424 0.195036307375582 0.0182945137416402
0.0633218201826305 0.250045756792232 0.109183940307321 0.0687066373839715
-0.0997512100272432 0.205414818884024 0.0309934976839703 0.0646788690370258
-0.237446548367447 0.0368648934909759 0.0494248744516504 0.0897907992269058
-0.259148102587212 -0.18110312555471 0.117733781605239 0.0929060534635436
-0.178863425591871 -0.292400100889442 0.170306455837075 0.216791525848359
-0.13851448536397 -0.136556847517357 0.162671948100217 0.556099134042364
-0.191135078468898 -0.0179808574310978 0.32505414045665 0.150581683166347
-0.109575873153837 0.0855173559260047 0.0278132024058658 -0.030810603534125
-0.0194068211998977 0.115342987178647 -0.0855235177839457 0.0896425054336209
0.0500939602946002 0.113348375365861 0.0765264924748574 0.258196662312579
0.107076405548855 0.0810479592573485 0.318538712189261 0.167743040558481
0.131020913056414 0.0330634582146684 0.366180186104708 -0.0152452518016282
0.124955268651809 0.0408795879238936 0.318385917752537 -0.0786390193278245
0.117108365372749 0.0665856916804522 0.296194158425271 -0.0404443328242616
0.0800392345468333 0.117106563759468 0.228442081855932 0.0445401117756683
-0.0241478934502514 0.119695008813193 0.108816872106185 0.096352069780098
-0.0846427416088753 0.0386434404552361 0.0123710331463157 0.047983877562769
-0.0612158068040723 -0.0368421084464975 0.0609655590520026 0.0636736770630965
-0.0758819703943319 -0.0733665490571632 0.143545666798028 0.0917426411874376
-0.0999626669689575 -0.0992844296576 0.209382336600383 0.271783786838392
-0.00771079008029824 -0.0566933544207334 -0.283374611984204 -0.28180104018139
-0.0770792987471719 -0.00984122052164132 -0.230268429525407 -0.0343849924707121
-0.048922977013918 0.0731801567607603 -0.0791758010028867 0.0157955545578344
0.0643345165370013 0.0712963637091873 0.0194268638204391 -0.000256644102148491
0.0750786914159914 -0.00388159980286507 -0.0609074497801867 -0.106152534798302
0.0431011234976563 -0.0506876956244945 -0.228669355842696 -0.0655915756403273
0.00220751009112609 -0.0698351694121819 -0.305338623095397 0.0436456846353549
-0.0073910000200289 -0.0694633649581617 -0.323296235302003 0.09586946652793
0.00240072354864324 -0.0638578822869176 -0.366601770463778 0.0574452752145599
0.0364957735131244 -0.0321562628692475 -0.335007862540037 -0.0878102137973471
0.0560704582743241 0.0061884933936005 -0.164741454382586 -0.212512553389521
0.0191153378240376 0.0563214289188728 0.0322676418153339 -0.102114894694223
-0.0692109152838782 0.0170380190908942 -0.068358682787754 -0.00177847839421622
-0.0291056386082436 -0.0766745716920292 -0.28628965300929 -0.0974090130078124
0.0619837712361536 -0.0686928908104931 -0.292718765373942 -0.546909710805891
-0.0916628398844453 -0.201090917428307 -0.280795954243147 -0.258257443096404
-0.202825456867103 -0.0692231127319135 -0.223694584592472 -0.0289117340428243
-0.151638610254602 0.103511627364761 -0.101357661940336 0.0348696633335999
0.0464106721704672 0.172871863674066 0.0278278366420412 0.0277383091692722
0.136347776056472 0.0922318477302709 -0.0332682571694874 -0.0904252072467251
0.157761064296393 -0.00363277084615549 -0.187817697839134 -0.0784728239629426
0.127886735245474 -0.0887832054938076 -0.275621118091576 0.00651216220188506
0.125430502082756 -0.103697162444561 -0.29883809206933 0.0569950215419902
0.146142363662835 -0.0873377322652618 -0.335873401389242 0.0268913034087085
0.199125128109841 0.0245151858913393 -0.302010200091192 -0.0940203564714929
0.152783844466023 0.154391343538524 -0.144858379382567 -0.199314166053836
0.00104413212147857 0.235847514357914 0.0324513726086044 -0.0701347734057637
-0.252730091810597 0.109548098211527 -0.0830486431067705 0.0233055625867853
-0.249623538700562 -0.166289950741636 -0.278588865606289 -0.0967054575575877
-0.0676510441733002 -0.272587151601257 -0.230183793981381 -0.520049668351629
-0.146968145318237 -0.334343941487079 -0.246262290129117 -0.194885713180432
-0.314106610652379 -0.136415191043679 -0.195689326833623 -0.0139156737040325
-0.24857925464473 0.13452472978071 -0.120783426205799 0.0455543582747588
0.0242294529603199 0.269595070051668 0.0187401496962431 0.0496834216941405
0.187939344901971 0.186446675176093 -0.0131536648383824 -0.052950578493781
0.257863099561469 0.0483438324645048 -0.123092762138368 -0.0680368395130255
0.238620247629097 -0.0931498534657548 -0.205397991999185 -0.0243056971789401
0.238075941119707 -0.122187718312078 -0.226633806997101 0.0142359590477846
0.266108306865015 -0.0959738983973252 -0.253616911935455 -0.00293320060401962
0.332633196159796 0.0797814065666617 -0.22696403297953 -0.0836284193010324
0.228525901439672 0.286953544412786 -0.10654755196292 -0.161880554137663
-0.0195037143769912 0.391415992473119 0.0320969958643943 -0.0342775820745839
-0.406383155436012 0.196739056739165 -0.076888129252488 0.0506568225256311
-0.446523965845671 -0.229140120360729 -0.23328825490738 -0.062875039111565
-0.209203500659278 -0.434101428543871 -0.200423685697127 -0.393373549916934
-0.217951346507408 -0.415829220996751 -0.201647471093841 -0.0598706435051033
-0.422438955721497 -0.15573280002688 -0.129366401729225 0.00822465190422801
-0.34046675698174 0.166792423579215 -0.130750765058293 0.0377028883726078
-0.00477101941783855 0.362092516773347 -0.00823267148621317 0.0699625699863093
0.221270250870565 0.27566348447157 0.00553066398035704 0.00739253760581672
0.329722971762032 0.109053263843982 -0.0311448136988402 -0.0367493767576893
0.323446349331398 -0.0683378412583803 -0.0958181374364239 -0.0560246725312815
0.3210173138408 -0.102088518671135 -0.117473310481264 -0.038402291350318
0.346949644746095 -0.0651878610789859 -0.132964242108765 -0.0430826651572295
0.407197564972503 0.151317888258129 -0.113738259947471 -0.0742258524220348
0.251840221710388 0.389638630952754 -0.0433512773637485 -0.107905192222741
-0.0591499248506019 0.490074642769021 0.0352947964950363 0.00578932326157427
-0.515995807561645 0.223750641225297 -0.0531879134778214 0.0714636092788691
-0.55625778109694 -0.294798427142476 -0.145126550182096 -0.0256522819838607
-0.26976554947815 -0.539670256825921 -0.0953916216966721 -0.239034288503966
-0.25343538396099 -0.447699648769364 -0.119223131875111 0.104157094773124
-0.488199257298014 -0.152380904673943 -0.020237943434116 0.0414748627093958
-0.384419298475089 0.207531522458082 -0.118808966967953 0.0248151343070028
-0.0126103176354145 0.413671571423741 -0.0387119026601312 0.0925481154965353
0.242886180217464 0.318114750195436 0.0307696451876513 0.0874919101582193
0.363136317557982 0.136896065162445 0.0784834428718809 0.0147876141051751
0.357979754350908 -0.0516932134314935 0.0364337087869416 -0.0649792486542797
0.346565682406275 -0.0809610870124614 0.010254358990612 -0.0698678787812182
0.363874013877025 -0.0385443129380947 0.00342673408017805 -0.0617881236111142
0.414035714772603 0.179436254507606 0.00970921949011964 -0.0466045919464571
0.240621125096699 0.410371168563249 0.0230113886892139 -0.0400497114100461
-0.0709089444206728 0.487108193516906 0.0412013452017914 0.0419134916743684
-0.512723757449852 0.215863694016514 -0.0108491502213126 0.089755114358022
-0.564997109495831 -0.290901985513289 -0.0358935169943536 0.0267179048967006
-0.293501514376098 -0.541327547644342 0.0090592571067072 -0.0604928593968567
-0.262268101220809 -0.404282100541415 -0.0120303617095804 0.281871256258968
-0.47444104781893 -0.116449302821854 0.114918744209456 0.0760914974892305
-0.358210182317301 0.213991295550794 -0.0852533405420696 0.0079432391495444
-0.01138985057527 0.390460437814863 -0.0620346026477554 0.110962146036066
0.221789055983503 0.301161848916637 0.0626342510242612 0.168538068743113
0.33739456156713 0.138134623834196 0.191944260074953 0.068279639153119
0.33517139400911 -0.0301933413412546 0.171949604967897 -0.0655987417372369
0.318802585570824 -0.0488078880698329 0.137711832995687 -0.0914032429124546
0.32398405895415 -0.00553766291720754 0.132190631125461 -0.071448175585092
0.346520560327292 0.180051783651566 0.120451201486687 -0.0186947027670981
0.175706426781921 0.354274045362281 0.0802600052061456 0.0203122986641714
-0.0823054167899781 0.378216521542229 0.0426164770864711 0.0645604138065086
-0.405878408924993 0.148191221982647 0.0309438004039872 0.0956554255116962
-0.454747949651713 -0.245205955782646 0.0622786215006707 0.0670531289878984
-0.264188835880036 -0.448389224586517 0.106476227165953 0.0986749857019173
-0.224182934629136 -0.291749148367724 0.100993701862132 0.440404211241534
-0.367913091491793 -0.0680294920239114 0.24201813169335 0.107569777294525
-0.256349911972634 0.168644049196098 -0.0326794380442786 -0.00976200455406609
-0.0145816447889648 0.280622110118626 -0.0754151353184895 0.114726509301244
0.153287463475443 0.226281812850632 0.0877218730619498 0.228955075285219
0.248144507042187 0.115223023442565 0.283876964929588 0.114380953490412
0.25691733902167 -0.00285433728632418 0.288903566358581 -0.0564033232932829
0.242048174119996 -0.0095702291210101 0.24375873869668 -0.101121383729353
0.237169788799561 0.0294065269382046 0.233258689555034 -0.0712142811757113
0.226649200609918 0.154934010012938 0.196808983779592 0.00691521459377558
0.0787681291659341 0.247462009463767 0.110427333048282 0.0641468283542958
-0.0883101850797862 0.210331076267953 0.0324198119330675 0.0652230659558243
-0.237029090158486 0.0486827141636096 0.0574004644907548 0.0837555613641539
-0.270328272912158 -0.16712685840768 0.124128272683807 0.0848362143144822
-0.190863668579016 -0.285402110492129 0.179586549254531 0.208338447308246
-0.144297259611578 -0.13135355447573 0.192245224131231 0.549704396143773
-0.192230934705525 -0.00824583322948666 0.332908949226679 0.133572382474308
-0.106744039571457 0.0894271610383029 0.0271542557816088 -0.0283363874900333
-0.0139419577271011 0.117992346752209 -0.0787435417055045 0.0965067791909033
0.0564748621118571 0.111214058498736 0.094608100637459 0.255226028877944
0.113276551858235 0.0742001510101039 0.332373196355831 0.146569087846589
0.133491866427595 0.0258694453893389 0.363734050066626 -0.0381222743878052
0.128902352028299 0.0329725617632524 0.312049036704402 -0.096554454117629
0.121217935765795 0.0593677474776975 0.292338726910192 -0.0578671794648059
0.0881835151280012 0.112084231546477 0.230133205554692 0.0308545282939767
-0.0167842473756648 0.122356149931052 0.112136296919444 0.0904701990346072
-0.0830124753668649 0.0440538280847512 0.0126449318236124 0.048446850125179
-0.0649685022758398 -0.0348551277105685 0.0670938623784287 0.0576834133437399
-0.0797464002861178 -0.0690220532541118 0.148033014463977 0.0810717840536255
-0.101820734199264 -0.0954071683927388 0.221120395445784 0.260182458696674
-0.0116912044906671 -0.0539004379874922 -0.288356392031482 -0.267185305367339
-0.075157538511972 -0.00495301582611095 -0.226558274149964 -0.023272293223453
-0.0442511139950729 0.074215170440719 -0.0770784446865832 0.0207111211535757
0.0659889719288166 0.0657437562193124 0.0214147634075496 -0.00186955249836606
0.0731069409672988 -0.00792115613921516 -0.0632408696553185 -0.103005893161376
0.0386907750419709 -0.0513621460677576 -0.227894424148167 -0.0544032354267321
-0.00274391743057331 -0.0684070882506923 -0.297611326985974 0.0558046583979921
-0.0118521624180744 -0.0671464059663818 -0.313224795211641 0.107652737246249
-0.00213956178868871 -0.0621008948477325 -0.357392789813281 0.0733407064878405
0.034142569286507 -0.0329770913391182 -0.3336377076723 -0.069799196968591
0.0559250100098709 0.00238880403570053 -0.173668421136695 -0.200450806050007
0.0220601279504321 0.0535207034826488 0.0269188318327923 -0.103990649799004
-0.0662538063803733 0.0202380711414375 -0.0689619159783079 -0.000811421863669888
-0.0315195144213698 -0.072946975725756 -0.281811503159625 -0.0871604186076601
0.0568321293835576 -0.0700828023717146 -0.305353441480928 -0.528118394006882
-0.0996802556610471 -0.194259898976444 -0.283370326858646 -0.246040071173019
-0.200513065875875 -0.0579749144718341 -0.218698354636529 -0.0189756266869089
-0.144020268698231 0.107262810830085 -0.0977858152936609 0.0412819689151638
0.0528599178642697 0.165532393909237 0.0304594981399201 0.0242316592593185
0.137587439529796 0.0838246443806852 -0.0339354153832081 -0.0876032505488496
0.1535597076053 -0.0112193398381318 -0.188121426827508 -0.0687707940314579
0.119657373402175 -0.0925428109531431 -0.271064987550393 0.0193819094845858
0.116632574498627 -0.107484127173219 -0.290970723012197 0.0681691202581028
0.137195065904927 -0.0914660434755661 -0.329136772695233 0.0423570319718897
0.1968048116448 0.0146693837934643 -0.3015504852223 -0.0772080943569599
0.157752530972974 0.144387785013127 -0.15429677594299 -0.187901237965034
0.0110352611206059 0.230572392246057 0.0293818178248323 -0.0724760111779803
-0.244307214885351 0.118394403512319 -0.0809222402969014 0.0231547816638389
-0.252832413310449 -0.152854968996595 -0.2723988356699 -0.0855625482962482
-0.0770394247210114 -0.267780215928475 -0.240863644703766 -0.503294428722235
-0.15972676712081 -0.325178630292522 -0.24644337518765 -0.185419239416045
-0.312808390668241 -0.119364953988456 -0.1902250167201 -0.00650323783934178
-0.23918878178586 0.141305245064351 -0.115348850531312 0.0532447490883569
0.0355167536572635 0.261416148407205 0.0234195792451394 0.0453463264125643
0.192798494068457 0.173660029127434 -0.0133234932642715 -0.0518324593447069
0.254094606115819 0.0338840398984922 -0.124218090550475 -0.0625227439058069
0.227640610586538 -0.102210666219907 -0.204965331372642 -0.0129671155690229
0.226423780654219 -0.130254666244057 -0.222495262372018 0.0234261416029797
0.254254626038953 -0.104659302313211 -0.248922173969182 0.00991768824561504
0.330970518114081 0.0628169117923171 -0.226478467086015 -0.0709080670037925
0.238287487884925 0.271973497736535 -0.114629315397077 -0.151934206315318
-0.00433103072340509 0.383973920180485 0.0305111819308733 -0.0352946033471723
-0.392851329360438 0.209697007711346 -0.0722291081153281 0.0498943946417047
-0.448954160241902 -0.208845436471707 -0.226798045688437 -0.0540651207785586
-0.220175031032608 -0.423175370653 -0.210701734923221 -0.376607009319293
-0.232917774521104 -0.404129911410986 -0.196621429378974 -0.0539381206410345
-0.422099165471161 -0.133878230982118 -0.123383902649125 0.0120259520282986
-0.328871936879851 0.17772841956066 -0.124941005622671 0.047039446198961
0.0100024577660852 0.353090217382686 -0.00267032678241348 0.0665717592809967
0.229862940425851 0.260926896875402 0.00801012573723198 0.0079011109584503
0.32924070957373 0.0896938713875624 -0.0321571607537151 -0.0367052794710305
0.312378412982472 -0.0821428302467763 -0.0995887762266445 -0.048991178196695
0.309640267988232 -0.113841754527716 -0.118293337371062 -0.0330603704834458
0.334379988315957 -0.0790008621306047 -0.132424730351734 -0.0343454519617948
0.406682961584594 0.130877148910968 -0.114235438173254 -0.0665020653120001
0.265311875353941 0.37447396129857 -0.0505603806351649 -0.101199407916694
-0.0388394083294298 0.481084055974561 0.0355328963523109 0.00428664176103966
-0.501296917404569 0.238710290247725 -0.0478991534590322 0.0695750197044363
-0.561012660133403 -0.268232459830168 -0.138320099921621 -0.0207442698555918
-0.283159508417589 -0.526334484703133 -0.102050154246691 -0.230561536356341
-0.268304473216409 -0.434557321176027 -0.110430204388784 0.10469753229001
-0.485575607639007 -0.129759971880072 -0.015549166025067 0.0401297031533498
-0.372529890610359 0.217884161323089 -0.113307723124744 0.0352748060627212
0.00528137493601458 0.40638759400065 -0.031260313054691 0.090189393059538
0.252149317604462 0.302562973866707 0.0362916889950891 0.0857568869006674
0.363502476421731 0.115721782357138 0.0783666475138354 0.00874835238359707
0.347143816454846 -0.0666870225115551 0.0291987346378589 -0.0643611214390709
0.336177035416017 -0.0941176426098561 0.00603474155635461 -0.0687082636073134
0.353144239095567 -0.0523477424534419 0.000748161469672903 -0.0593055707061245
0.413628199248698 0.157871290316024 0.00850334877305789 -0.0451008601730847
0.256210988136329 0.39362377638712 0.0177949726165765 -0.0368247870409688
-0.0506569192431197 0.47934561435656 0.042121726421565 0.0414506328699556
-0.498414634216578 0.232350951811854 -0.00466324190193186 0.0856237590039955
-0.568031007206216 -0.26593747783873 -0.0304095512092206 0.0264084258450142
-0.306634433121106 -0.527262281811432 0.00654247488309517 -0.0582954944419481
-0.273786274165825 -0.391731540297167 0.00171613072447726 0.276479506114743
-0.471855640767726 -0.0960664290600436 0.117902223333551 0.0687589320772126
-0.346052313510207 0.223600565906958 -0.0805941903425644 0.0161441497113605
0.00383052134746324 0.383739135780062 -0.054173659630667 0.110697807225392
0.23250586468454 0.286672857826794 0.0710028002586447 0.164064178639377
0.33873937673558 0.117976420012377 0.19331671040536 0.0559266501945132
0.326850970276073 -0.0444377750737729 0.162326809966258 -0.0705188638144396
0.310507138542815 -0.0618541762909449 0.130146849832785 -0.0947463251781938
0.315982706667047 -0.018725333153017 0.126268523117109 -0.0751947059261124
0.34902306748495 0.160443592183006 0.11814262792309 -0.0230337673244984
0.189411447656342 0.340278503713843 0.0768043851971234 0.0204970765527543
-0.0662669066673569 0.375072866806747 0.0439999952700472 0.0633637576096557
-0.395620710765338 0.15984759644818 0.0372765853859152 0.0891152858832678
-0.456200498663446 -0.224325091618827 0.0659934583624501 0.062503398412488
-0.272930341941988 -0.436282322109192 0.107097178711036 0.0939928362755042
-0.231318787632818 -0.282238328542996 0.116526578897971 0.428467898318458
-0.363675000925364 -0.0533125655400775 0.242142354419808 0.0952204289321167
-0.248766822626869 0.174249568263159 -0.0302427188981157 -0.00391401510612187
-0.00473469486706397 0.277279419878804 -0.0675127655605757 0.116683930368353
0.16075338233612 0.216202680245441 0.0989597226834984 0.223231859467231
0.249685343622361 0.10037982556017 0.286662316074002 0.0967375999718242
0.251747830392057 -0.0142604279745663 0.278409055254912 -0.0679947682449856
0.237513825433717 -0.0205055105377261 0.233810789685497 -0.109337172998246
0.233525830093211 0.019049286355568 0.224469451304676 -0.0792796656077835
0.230312697507807 0.14102953284061 0.193607761878614 -0.00175161246472728
0.088931494545638 0.240486256715352 0.108928266413159 0.060815241684148
-0.0796310535634373 0.209813761314693 0.0336290415264069 0.0648876215539256
-0.233113647673801 0.0566972199796465 0.0629418032894716 0.0764894339968728
-0.271939632947513 -0.153313540350066 0.125816768058724 0.0766104896552213
-0.195156363478412 -0.278116900632025 0.181794316173563 0.19893958258274
-0.145209391193408 -0.125430844166429 0.209483190674138 0.535295723396914
-0.188800028668517 -0.00145671651623586 0.331758530795919 0.118416588417911
-0.103789085442015 0.0908331045843524 0.0280074813884407 -0.0251445233669524
-0.00993345707569168 0.118004143340545 -0.072399417686584 0.0997252964697131
0.0600205306817522 0.10738986241878 0.106251995411064 0.248056957466089
0.115828193505688 0.0664940812455775 0.33527277324779 0.127093248637668
0.132421407185914 0.0193851095790755 0.353982374295804 -0.0533752512120786
0.129394512605174 0.0265255530416377 0.301799571710267 -0.107447120617645
0.121988361276467 0.0531608311436883 0.282901051193149 -0.0694880310278209
0.0918871464613011 0.105779061461488 0.226687698693115 0.0197854503633054
-0.0110947903577795 0.122198298109884 0.11237198074032 0.0846872627628665
-0.0812503187435732 0.0468504258429361 0.0124480015281036 0.0490838679775338
-0.0670091453122695 -0.0325055536475961 0.0703355209702294 0.0513964595255067
-0.0808701945335563 -0.064784766676318 0.148192917053898 0.0717031893165283
-0.101155170322273 -0.0909871013793102 0.224181646558072 0.247621157994272
0.0116490049943626 -0.0538620011528558 -0.154414284165249 -0.359107013372554
-0.0636438493006993 -0.0349215301612179 -0.196054541036813 -0.107985303227535
-0.0699967626466877 0.0479245554103386 -0.0755108956910052 -0.00812249282200228
0.0317542865427725 0.0842099491874531 0.0275088029862023 0.00441561333125599
0.0689357980805985 0.0240257823159098 -0.0117403172997578 -0.123048860937081
0.0556824860253693 -0.0297590204558324 -0.183021533831809 -0.142660713882761
0.0237169146717368 -0.0624210472931568 -0.290351617108674 -0.070037112463024
0.0138422777368769 -0.0656182123489201 -0.3233425781221 -0.029514030480378
0.0194556307920074 -0.0555720627831498 -0.348416617602835 -0.0754659548831758
0.0424551263143741 -0.0150113745814319 -0.272911867260305 -0.195791983212632
0.0470040135028876 0.0230387587696558 -0.07603723538854 -0.24873767432219
8.67453644220421E-06 0.0556456083485036 0.0661930139694873 -0.0846741078079914
-0.0681656340651654 -0.00364438921876995 -0.0631083615540674 -0.0315023567980295
-0.00678059321841087 -0.0753207810250096 -0.213040972652156 -0.192728848846604
0.0708527327205187 -0.05101092903797 -0.0564462550624275 -0.595831430754605
-0.00622523599396332 -0.223606386637531 -0.171519289771252 -0.324607382542053
-0.152224094618457 -0.134943346836629 -0.192757733876271 -0.0956788754420504
-0.174209975336013 0.0353347015549623 -0.100536983969371 0.00952822213511925
-0.0221402110165587 0.16548118077892 0.0317924634242051 0.0337118563176218
0.0870669541484173 0.13174587619467 0.0129156987670888 -0.099151679638338
0.141194530844594 0.0515598108324128 -0.137508732206291 -0.142915680349699
0.141456375289409 -0.0351703660394558 -0.252155536026333 -0.0939503706878613
0.145923595809778 -0.0514575704802693 -0.288508781675181 -0.0560281951600174
0.156020500386412 -0.0280928370537709 -0.310314347678702 -0.0893201517429214
0.17048853261951 0.0903035309049182 -0.241368156947109 -0.186766782387603
0.0860584926198498 0.190859231102985 -0.0638566211256812 -0.227706434128689
-0.0790552303214761 0.21120421791585 0.0531846592153854 -0.0523891187292453
-0.270522811846845 0.019400884392595 -0.0858758456550329 -0.0181817142495316
-0.178390823361004 -0.230144354322057 -0.203171605271921 -0.198361923637094
0.0216744387939012 -0.284893097347305 0.00227587255574417 -0.550816481331032
-0.00202652734325122 -0.371891222133982 -0.175537499668099 -0.245908020056897
-0.225510991472223 -0.238395086577002 -0.174992883832062 -0.0670593900198
-0.27395044903712 0.0249725388371708 -0.119548051138731 0.0206481668107986
-0.0782648876085191 0.242515889399999 0.0217152174163997 0.0524151171641688
0.0982554110778626 0.234008931017045 0.0226738442234592 -0.0591469381818553
0.212307523261968 0.132068789481333 -0.0783281490100172 -0.113057604865547
0.240772829563497 -0.000571017259998187 -0.179037620618334 -0.0983196736885029
0.253767738640024 -0.0284858841259673 -0.210416820244965 -0.0688654711720639
0.266629616934545 0.0049867463829676 -0.225102643594085 -0.0840065218833878
0.274145363139764 0.184014163270757 -0.175849508018535 -0.148196550131964
0.11055898885078 0.337710343602795 -0.044103183393185 -0.17722162965109
-0.151921197810518 0.343440548658293 0.037716659109727 -0.0170047020959417
-0.443684316048685 0.0469364115668887 -0.0910751510593965 0.00619908533960164
-0.336753487450987 -0.354557478749446 -0.173780817457609 -0.16186417035579
-0.0524779289420047 -0.481042940145718 -0.0114054281450602 -0.427287601465353
-0.0327528025003338 -0.478380060863974 -0.190952804926235 -0.0970405344469637
-0.315323875925193 -0.298567048419278 -0.124384831815441 -0.0184264457078191
-0.37006848168013 0.0194735073982302 -0.123573635436357 0.0184401040154458
-0.139719094081095 0.31428715056879 -0.00554283496653482 0.065063290265846
0.0947090774452067 0.326550319598339 0.022423402884754 0.0032933311311781
0.255858851142338 0.212086295991397 -0.00226745198044277 -0.0546912334750974
0.308666086230796 0.0514789544178407 -0.0693080246865452 -0.0880716671490706
0.323858186151816 0.019349277810308 -0.0943130125838751 -0.0781794235906022
0.329677521226023 0.0604338245547342 -0.103213708749906 -0.0771578885231731
0.317025445566299 0.273557685546525 -0.0760850139139479 -0.0976323833297097
0.097583302246339 0.44035764330995 -0.00801315892696615 -0.104565336270449
-0.221113165451999 0.41950421469005 0.0235144850516146 0.0223498082972768
-0.553553511826194 0.0321371342120565 -0.0770962798814514 0.0318919902245192
-0.414505324191553 -0.450856504971458 -0.106348612913387 -0.102549829080626
-0.0670573679866736 -0.599666817156689 0.0330537863688275 -0.251291559959715
-0.0498221981973694 -0.523158645137025 -0.1813430762881 0.0873249951189087
-0.374473908839946 -0.323198054191446 -0.038008083995919 0.0551021197332099
-0.427992917137413 0.0358603214387415 -0.105209962412923 0.0158877600372933
-0.167075212154159 0.358606185931914 -0.0380441010880685 0.0764831163368969
0.0983199143275358 0.372635103716362 0.0179385528519662 0.0853619424583367
0.275860548749355 0.249190614320085 0.0815213724774804 0.0295041638362967
0.333260948118203 0.0788134426367626 0.0537237602760753 -0.0503958416763551
0.340856215985204 0.0476785591193401 0.0316659146119405 -0.0602206075926411
0.337173570312568 0.0908220457166982 0.0254690531226901 -0.0452040565444359
0.31523831275286 0.29948878489207 0.0257201697970388 -0.0291495546519871
0.0832303214806276 0.455028089288916 0.0268194317813995 -0.0193108515368769
-0.23173025523094 0.413336204321984 0.0139386310166851 0.0583618896687778
-0.548283493019992 0.0275218260622863 -0.0444248129824051 0.0638407332452431
-0.420309540038758 -0.449792659091192 -0.0284917222545189 -0.0182087001546915
-0.0875817222608679 -0.605658519387826 0.0595539650967344 -0.0529462744489778
-0.0741979921980892 -0.485253450195142 -0.146251974757884 0.288119246194108
-0.376282463326143 -0.290497522019649 0.0717089295993422 0.134881577877678
-0.407455294546063 0.0510786614281685 -0.0670228875358555 0.0113616006599975
-0.16004870126713 0.339326927117131 -0.0693777940320404 0.0865235965975939
0.0853671175669718 0.350289402825351 0.0168985181212481 0.171336373748241
0.25254207523043 0.240406322943538 0.165928625519435 0.11859269535302
0.307479890591501 0.0911589932045682 0.177324619001404 -0.00230107443676976
0.30565430336126 0.0666250294598559 0.15292184182288 -0.0337867142641699
0.291055854700858 0.105922381813011 0.143451446724143 -0.0105942998369911
0.255404043125174 0.276368175283597 0.116281665125351 0.0333431664117731
0.0439328613606908 0.382623749411549 0.0575272365694238 0.0545502217192219
-0.204790227923449 0.311867882828522 0.00716087816924666 0.0785463726718384
-0.424808607027273 -0.000747552350977155 -0.0050911433281011 0.0850802641336447
-0.332117922468021 -0.371327416783924 0.0428731305467007 0.056928180033362
-0.0859029440596071 -0.505739315368172 0.0826105149344871 0.124950151490282
-0.0818241974196668 -0.365050281572722 -0.0959329765725834 0.466665037504919
-0.299090785054404 -0.205440411306264 0.175355860006298 0.204791296787047
-0.298415167212697 0.0487482179434411 -0.0157145615347764 0.00621127280141913
-0.122108698936198 0.241966906718874 -0.0907222005238203 0.0860720539914634
0.0508584061539779 0.257441244196117 0.0133151545716265 0.238536945036477
0.180866218029375 0.18960035020085 0.230270588396969 0.196397227726363
0.228150039115742 0.0877588359026274 0.280179660372877 0.048027803570929
0.223975235550806 0.0754922981404164 0.251497502307029 -0.00481738947434815
0.203535385669773 0.107554809230577 0.232615653867372 0.0234482391219799
0.155256655739986 0.212886589310363 0.174564156109394 0.0801859909723854
-0.00936562602219936 0.252134843910175 0.0695910570444454 0.102093341454341
-0.153088649573974 0.158111646239748 -0.00170545251576344 0.0741253130911022
-0.23628907046862 -0.0362986110331512 0.026214430950505 0.0867037625626815
-0.187998629768376 -0.239242976792705 0.0885720011814701 0.102446635975293
-0.071594857561746 -0.327282674138166 0.098115841170831 0.249666145166975
-0.073717574067485 -0.180906445012253 -0.0416457231963222 0.589528290254946
-0.166053677020915 -0.0848466401044141 0.248314825161533 0.252889537960292
-0.13301565965114 0.0350826471732779 0.0414888708261971 7.78059380506014E-05
-0.0594768732480528 0.0999327910798573 -0.0989233118708279 0.066638953564032
0.00752908668185042 0.118792205805102 0.00245748069557944 0.267202092995777
0.0748839644196583 0.105063096837381 0.258454625464028 0.24700757190534
0.109549425765174 0.0711842568003913 0.34235411393915 0.0925062689314625
0.107709562196609 0.0754583224216566 0.312572065512652 0.024592473821134
0.0911650913218939 0.0949184957351474 0.280052850523179 0.0529155198039629
0.0437915458221085 0.1287290237899 0.194991231807277 0.110212605818473
-0.0551185624614494 0.106855892907071 0.063623150085352 0.122612347124717
-0.0927163575582172 0.0110751611672418 -0.0122853677695651 0.0489439005923174
-0.0491952475371547 -0.0571497266214275 0.045360864881127 0.0702159354520195
-0.0464782381242362 -0.0891613626172308 0.107608486774678 0.116291318486349
-0.0523402001407251 -0.11887707859205 0.105746954357645 0.310973027782112
0.0093578609995792 -0.0532314619893263 -0.159073051336401 -0.359206910113026
-0.0636435213080581 -0.0321348219198109 -0.19707787963212 -0.103509424808507
-0.0683174277519775 0.0496840324605583 -0.0760408650332259 -0.00455482895592129
0.0337112296894258 0.0822478325663285 0.0294276740071463 0.0035223621355566
0.0697390454609775 0.0217582709904271 -0.0129127866327733 -0.123463517220912
0.0544279151214206 -0.0314132674699039 -0.185727839599464 -0.138413118507297
0.0206188547430105 -0.0624101209624661 -0.291184873029099 -0.0636655542564447
0.0110700301574845 -0.0653937641214478 -0.323477645963308 -0.0241515443707652
0.017165902607264 -0.0560054951748865 -0.350140980461478 -0.0663872621222441
0.0419283948753275 -0.0165047023254692 -0.278747786358938 -0.188739925881625
0.0482204423616419 0.0206096377312326 -0.0833358772219003 -0.247206116521499
0.00285636277009844 0.0553596551334357 0.065026086232145 -0.0881990259323137
-0.0682225875057235 -0.00129569698329241 -0.0643034753166511 -0.0322741664119122
-0.00848857704000548 -0.0743929671713457 -0.212425195658294 -0.189821011816329
0.0690417784225924 -0.0529816637381446 -0.0632126170686869 -0.594322206442607
-0.0118180413450714 -0.223370519798841 -0.173309785132223 -0.324963556391672
-0.154525246787152 -0.13024086315825 -0.192627413012565 -0.0917010318780256
-0.173476854900961 0.0379547384930737 -0.101009726417193 0.0145528520992602
-0.0184892907947036 0.16391760756404 0.0341256007851686 0.0326459086196518
0.0902917372651027 0.12836996578097 0.0127897356108973 -0.0988445731448296
0.141327996787712 0.0473410910834213 -0.140891994416828 -0.139402249273886
0.138381122915153 -0.038425935279808 -0.254710922162032 -0.0874035298778793
0.142132098672682 -0.0535558135779327 -0.289837682770078 -0.0516311955321058
0.152970106521787 -0.0308556068855942 -0.311838812385927 -0.081405565494668
0.172720514816331 0.0860618619260034 -0.245028492512782 -0.180873424940137
0.0903155163538296 0.188101866971606 -0.0715581958065501 -0.225996796613186
-0.0746738236775534 0.210960633651998 0.053458359311398 -0.0552663238718682
-0.270544919001801 0.02395303314416 -0.0853855249732666 -0.0192978653898333
-0.183071760288675 -0.227196870750502 -0.202031925456957 -0.195414264298027
0.0179772004520063 -0.28914939378118 -0.00266652771480336 -0.549744859732706
-0.0110642308424432 -0.374024057395645 -0.174820744463884 -0.245606848536894
-0.228773321273977 -0.232966399112065 -0.174583506661807 -0.0642992777513719
-0.274477095899337 0.0295117301241594 -0.11915628284737 0.0266947868649831
-0.0731050232208738 0.241711616696487 0.0238890654797358 0.0504922615935295
0.103072708788499 0.230984560119646 0.0228262874505985 -0.0581162470259547
0.214790282382654 0.125898601243783 -0.0807231695876287 -0.111800464259556
0.238570466047185 -0.00635976304101232 -0.181919932058937 -0.0920400352843709
0.251837725322601 -0.0339346139554574 -0.211370757101719 -0.0649423363917259
0.263618953509221 0.000963591179322468 -0.226612264910493 -0.0786189344712509
0.278733733647001 0.177621837658937 -0.178841541703184 -0.143634141194873
0.118539937570835 0.335340877644676 -0.0509202450490516 -0.174966566978485
-0.146386752136813 0.34510960737415 0.0387517771492858 -0.0191320114205504
-0.444216647120253 0.0546484457662406 -0.0897136110790699 0.00503053424522754
-0.34309380974626 -0.34950950414101 -0.171320181860324 -0.159566927500168
-0.0588432282352616 -0.485310418453729 -0.0156913447389104 -0.425986098710642
-0.0419847310060241 -0.48144740754113 -0.18854383226323 -0.0963218404000958
-0.320065146889502 -0.292243784736592 -0.121698181317407 -0.0172260099998897
-0.372093310159534 0.0239460878931088 -0.122314429189531 0.0263205547953568
-0.132926074315217 0.315478574600827 -0.00200605667508631 0.0638496482437036
0.101960216009499 0.32407646728683 0.0240883720025933 0.00499873770840737
0.261581252162086 0.204361248987781 -0.00257729390148686 -0.0555631701086688
0.307087489708534 0.0444752455241778 -0.0734535495843235 -0.0849427963680577
0.32221718772802 0.0112710082318257 -0.0970494435707052 -0.0766018633341748
0.327743376289879 0.0541843519677813 -0.104813159312265 -0.0735018490260408
0.324861615462663 0.26662098417888 -0.0782523066598175 -0.0954784002646052
0.108919861743054 0.439937294161645 -0.0135326150095689 -0.101565705126475
-0.213702092495693 0.422122543538835 0.0253888149800331 0.022511084627122
-0.555733173999461 0.042332495761662 -0.0735113179011418 0.0296952257205379
-0.422459224715236 -0.446625712429979 -0.103635512358155 -0.101333042548659
-0.0750776244869413 -0.605963648215936 0.0305392587870455 -0.249635309219585
-0.0593986369601696 -0.526719649313445 -0.176232215301678 0.0880106882662545
-0.38178031953779 -0.317308638209495 -0.0351379337981584 0.0544561587595876
-0.431047783406451 0.0408577676558297 -0.104033323778679 0.0234076081461712
-0.160500196138609 0.362214604712223 -0.0341668061983395 0.0752707160409308
0.106308942696259 0.370282626809822 0.021580391565508 0.0880797604129888
0.282903701196984 0.240771227791041 0.083327468355407 0.0263483822964754
0.333637077119861 0.0722650759454432 0.0496081863811598 -0.0503569926985195
0.340527956541613 0.0394327065737563 0.02965040779577 -0.0607499328233291
0.33597799071289 0.0846535104969478 0.0242678700464759 -0.0446427102210872
0.323959131920873 0.29394198885678 0.0250259458027011 -0.0293710026882308
0.0942209007214043 0.454393816085545 0.0229778767637087 -0.0164373707901093
-0.225392853624508 0.41591488198375 0.0158738740216307 0.0589655617134019
-0.549179611955891 0.0365336815211851 -0.0394649696903647 0.0607361065204594
-0.429128210873594 -0.444986590334438 -0.0251415926757802 -0.0179971721243535
-0.0939779232871832 -0.613540264417016 0.0591969385119483 -0.0513479028064675
-0.0817345168641618 -0.489073615891016 -0.139481632765472 0.290598916873311
-0.380373743489211 -0.284647086826076 0.0755372213668356 0.132342364251458
-0.41054033175494 0.0566144678211596 -0.0654291700828514 0.0185138760011166
-0.155156628929907 0.342964518794486 -0.065823997565751 0.0875201604333063
0.092267529787568 0.349266569336591 0.0231712444648515 0.174875913764867
0.258550574541814 0.233842858865416 0.170770240048061 0.113950634866555
0.307888538839505 0.0846726728572546 0.174917059742105 -0.00507522540218871
0.306755701631258 0.0595021530584941 0.151064417782092 -0.0364653291783479
0.291459859090524 0.101137025923481 0.143106156559277 -0.0133362162644386
0.262572519660857 0.270192089350703 0.116649831058909 0.031133086567445
0.0526378298645693 0.381874630392302 0.05584292633515 0.0566632166260289
-0.200280060902991 0.314609257860533 0.00860392135504303 0.0799821960643767
-0.42719023096542 0.00629573178968153 0.000503225755255037 0.0817676086092123
-0.339225312356453 -0.367873157987115 0.0466303770091876 0.0554413098882635
-0.0904816228519602 -0.509591609275689 0.0835104397873986 0.125358084830028
-0.0868168574850662 -0.366780239458852 -0.0860694459441866 0.469359195941221
-0.302180553940575 -0.201655816278667 0.178502064602667 0.200712450550753
-0.301510423629883 0.0513161948173096 -0.0138930831212925 0.0119404923709505
-0.118908423044118 0.244624214743446 -0.088408676925743 0.0877231016682728
0.0560282125046575 0.257160802294128 0.0207950210106543 0.241388663906189
0.185057974153777 0.184250835203848 0.237605615802851 0.18933012731976
0.229439147193794 0.0834071882101667 0.278710550672482 0.0424357697255381
0.225724947342829 0.0708660199890577 0.250284646483166 -0.00966058157593001
0.205255545362946 0.104471166442769 0.232787290049937 0.018830576330047
0.160943624105309 0.209669470926222 0.175553151549727 0.0755918789291556
-0.00353433938610681 0.253810705596668 0.0697314242741547 0.102912631163618
-0.151580625615199 0.160419185528753 -0.00064067281788686 0.0754708953743084
-0.237988286380283 -0.0327164008372582 0.0314821417140063 0.0831671029698388
-0.19173604617312 -0.237259214958547 0.0918392513653124 0.0992312408264457
-0.0732053371502898 -0.329827392957686 0.100043040399464 0.249656998358731
-0.074175217361709 -0.181598168102372 -0.0328433443751844 0.591462315511655
-0.16705557838993 -0.0835953552614148 0.25123897391148 0.249084562218517
-0.134069542787061 0.035749083970856 0.042101626128242 0.0030897619896159
-0.0586431137521214 0.101689218697808 -0.0974220733797679 0.0696663870374591
0.00964432423826682 0.119218365565367 0.00964743549312396 0.270592191014116
0.0772979842467637 0.103218525889495 0.266148712719386 0.23995041392207
0.111326808545671 0.0697926202203443 0.343568853811824 0.0848080360437716
0.109969023563781 0.0730874774803332 0.312541417171542 0.0192129900514855
0.0937547217296877 0.0927094710266203 0.279913810033305 0.0465987124744784
0.0473112829310216 0.127439701902783 0.195803847758717 0.105718892757036
-0.0524504984255369 0.109596078298954 0.0648020905880076 0.122643704433235
-0.093379005072457 0.0129363793320951 -0.0124308104500065 0.0507865100293334
-0.0515693701138999 -0.0567162810859118 0.0498161054578314 0.0666349040894153
-0.0470989937743497 -0.0885683226314135 0.109427706029105 0.112436494134347
-0.0514928245282313 -0.118377049859806 0.107522661408976 0.309755737605149
0.0068491142363143 -0.0525913762842642 -0.168468790043234 -0.359683778893375
-0.0644476005711291 -0.0287917416310035 -0.201201174868516 -0.0972201129719784
-0.066878073817301 0.0526168727061205 -0.0778562625024736 0.000266839109318887
0.0377005040600292 0.0801661545561681 0.0317580479324437 0.00292949986966391
0.0711503859472997 0.0187166225044917 -0.0156258790301192 -0.124592746093875
0.0539010382065315 -0.0338512715842656 -0.192505046808955 -0.13275352399687
0.0178768912786057 -0.0641912288843984 -0.294824070263172 -0.0532074733306282
0.00696641794201387 -0.065250073112008 -0.327064178425433 -0.0146492372838675
0.0133332116126995 -0.0566337663052518 -0.354751718408197 -0.0540597338720711
0.0417613960231438 -0.0184176863877729 -0.287975373426919 -0.179887555911986
0.0498513610215237 0.0179258773300451 -0.0946646760720786 -0.246990999887375
0.00601735497979833 0.0546382370795686 0.0623023550815134 -0.0942384993025737
-0.0685392146773743 0.00186334928590606 -0.0666781945210835 -0.0322278785127977
-0.0111183952434069 -0.0743330942032521 -0.21577200629069 -0.186234025484604
0.0668377931266547 -0.0568047296489966 -0.0767002813306523 -0.599179720040359
-0.0201307668574905 -0.224930477843718 -0.182123831112062 -0.325296950927457
-0.158324719057179 -0.125409105213299 -0.195976558943239 -0.0868035736419182
-0.173375654483012 0.0439675474377598 -0.101693196356233 0.0207906941645025
-0.0124980593438124 0.163701884512877 0.036889512330526 0.0306858469132312
0.0959330159594484 0.125172670267353 0.0109089466391633 -0.100069148743234
0.144199824165648 0.0416709744842805 -0.146409838131501 -0.134755298277312
0.136304682214333 -0.0435038287452016 -0.258896712008023 -0.0781694124348279
0.139994017929632 -0.0591508556654694 -0.294521214702224 -0.0430598525493507
0.150774549629345 -0.0352586109028573 -0.316903147641648 -0.0704664771720929
0.177683172980384 0.0801445529386712 -0.254468665883614 -0.172660024312261
0.0984745322614072 0.186888884486427 -0.0819569515066629 -0.223979603586363
-0.0678651519153748 0.214006085197724 0.0530074098090166 -0.05976781007172
-0.273057712928111 0.0334122890059983 -0.0861214526931555 -0.0191302307622575
-0.192571359089796 -0.225112634341138 -0.204538930907736 -0.192420009497948
0.00887788275506636 -0.296612310497743 -0.0137259600253064 -0.555222134472314
-0.0227505620132074 -0.378414355699937 -0.180891737880863 -0.246983668300307
-0.237436108253515 -0.226490139523323 -0.176169698264026 -0.0610220333482254
-0.277089549769749 0.0379701357722293 -0.118611504665352 0.0342587761635004
-0.0652318997534454 0.24422293072241 0.0277548250623384 0.0487831756634065
0.112867170313958 0.228167670945809 0.0237445141414422 -0.0587469079376318
0.220205468393952 0.118157827655444 -0.085161318903995 -0.110155087100675
0.237699237995403 -0.0146075954564005 -0.187414629248551 -0.0849214713518675
0.250810453075234 -0.042813471242066 -0.216915014767905 -0.0601566998711584
0.262978986081861 -0.00698960575574151 -0.230664185593117 -0.0700238161124546
0.287903399144188 0.169343709190645 -0.18472402878914 -0.137918414375241
0.132164780901024 0.334915323056148 -0.0596507755192131 -0.171676386127512
-0.137068644327067 0.351461763443116 0.0403526219602299 -0.0219075093276918
-0.448963792361883 0.0697759155286089 -0.0878863693618203 0.00440759812072144
-0.35775178086236 -0.344465864013462 -0.172808350468522 -0.156482230558
-0.0723323263742119 -0.494249216497246 -0.0243454497590108 -0.428357471901572
-0.0576728191598292 -0.485439124692173 -0.188939485620739 -0.0956166441815104
-0.331769930073306 -0.284980600467292 -0.121602803486684 -0.0151593014587375
-0.378254703033866 0.0353481121865559 -0.121159623726291 0.0350743948625917
-0.123932591743589 0.320270144131933 0.000715628539305634 0.062081753450497
0.115081764791163 0.32342679950916 0.0270261201061919 0.00611139465985563
0.270064069941416 0.195151245186002 -0.00405467501349081 -0.0565472164409891
0.310157921279053 0.0343866961086065 -0.0783193510581113 -0.0815688277047017
0.324606803654597 0.000572071284354529 -0.101265265216782 -0.0742180994399694
0.330186653612401 0.0454919876899607 -0.107847002409295 -0.0701644367320363
0.338448553677575 0.257894040034785 -0.0820716160131447 -0.0929370243366328
0.126879927942793 0.440941220558512 -0.0199837274799368 -0.0991975862015016
-0.203143497923838 0.431126938394884 0.0276345604947729 0.0210941595577454
-0.562949043856784 0.0593744849972491 -0.0701837298353472 0.0282914244352601
-0.442130696911508 -0.440474979447849 -0.103056467098313 -0.0996827897121008
-0.0913614788168734 -0.616655884127193 0.0254935957798422 -0.251670757072161
-0.0778260684426426 -0.532795336952468 -0.171214214639753 0.0917362265082332
-0.393507752280098 -0.309071137138789 -0.0324826992471256 0.053953947273021
-0.436804940801963 0.0549668403576545 -0.101641577165874 0.0322656239384883
-0.151727934986811 0.3696074751814 -0.0310753398547729 0.0756942240035606
0.120657966809758 0.371293719335165 0.0279003940958899 0.090123772623344
0.293890366306733 0.232010334813999 0.0869068370809637 0.0221987149083039
0.337522137539043 0.0613068373401761 0.0469910914105895 -0.0505782205255413
0.344112294535494 0.0273437632404575 0.0260646882656859 -0.0626019024845
0.340140794003742 0.0751076777777144 0.023572121004605 -0.0455390873532065
0.33868137323663 0.283913190558 0.0247933713720622 -0.0295193071716328
0.112770758931872 0.456252362728433 0.0199346474911402 -0.0137616868460916
-0.215666305874429 0.425619425792639 0.0189970217504364 0.0596906389836543
-0.556200906373828 0.0536855477251013 -0.0343225000716582 0.0582304484388858
-0.448846186105425 -0.437632734853693 -0.0216550861230242 -0.0185332466000378
-0.109681586528104 -0.622237031200246 0.0591546977894407 -0.0521132938540578
-0.0963104162554258 -0.494632416081557 -0.129547511376145 0.295917784950432
-0.393830585979184 -0.276160990049666 0.0812047429421421 0.129847198242686
-0.416846967169207 0.0679583609812995 -0.0629052564807531 0.0261797660483796
-0.145906938311703 0.350203776388501 -0.0624806560634596 0.0892425134731464
0.106674405231443 0.349721953822102 0.0318720043177737 0.178573339683578
0.268485135478678 0.225784412950654 0.178824660187355 0.107490698963832
0.313522486040336 0.0752622051417727 0.174245376094187 -0.0101481794372181
0.310483778698949 0.0491963789487543 0.150665695768646 -0.041821512589537
0.2955340783362 0.0936588032269664 0.144544091770454 -0.0172773859044444
0.275885068303071 0.263118839141489 0.1185858520896 0.0277567196193504
0.0675287690754939 0.384979954999448 0.055017768554586 0.0582547302344396
-0.192718589479709 0.322748704988576 0.0115348057608332 0.0815495967741531
-0.432327984409735 0.0181176464754174 0.00646112199570484 0.0782519132275678
-0.355308477616741 -0.361631728517193 0.0513674127192856 0.0535944250109928
-0.104700819979124 -0.517160303180205 0.0875009847848017 0.12655919893784
-0.0971380723935736 -0.370542229215172 -0.0729301701040492 0.477210669635572
-0.310993246769394 -0.195752245278875 0.186100880190231 0.19644542348397
-0.306581596115674 0.0598093451270499 -0.0112782039931308 0.0170219160318785
-0.113798323280572 0.250755595169447 -0.0849817769028644 0.0911207464563336
0.0652166490116519 0.259285277790428 0.0314938181515668 0.246254841822894
0.192384483069157 0.178651206505214 0.24841855812266 0.180884247753603
0.234165204066838 0.0768122956540881 0.281257678566658 0.0334019872309554
0.230006458305448 0.0630417072485248 0.251948575781662 -0.0167225494681078
0.20957287789643 0.09858958262061 0.23415391992622 0.0108396460870589
0.170215348527495 0.205489457149937 0.17859462597622 0.0708585439294773
0.00605597248858657 0.256785548132611 0.0721985087399301 0.103106312356347
-0.148944247537415 0.166060808142989 0.00104647287881974 0.0775854299832448
-0.24257358321487 -0.0267631852130822 0.0383432525146765 0.0789725503421577
-0.201329562575821 -0.23456160148521 0.0967797075645156 0.0956601414567049
-0.0814577608493567 -0.334162471080541 0.106658885151642 0.251222540899773
-0.0782488247308207 -0.183427983703747 -0.0161132170451691 0.600721841066159
-0.170620220383261 -0.079815335555744 0.258539843274529 0.243913070272431
-0.136436708694677 0.0386160040886322 0.0445554920851271 0.00544891318324798
-0.0573249520496067 0.105148243464418 -0.0951370218558284 0.0743861037715723
0.012960966776121 0.120638666963325 0.0214484839446037 0.274542340600007
0.0802888615571418 0.100701584312208 0.279691803965795 0.229810814136594
0.114959252711011 0.0670121005546172 0.348758328933451 0.0729376255976499
0.114257667553234 0.0694400520581972 0.3147721796127 0.00939442756003795
0.0985467078198542 0.0913562450869449 0.283125440358968 0.0374790614401578
0.0530526304029387 0.126509834103163 0.200513324437035 0.0987397750443005
-0.0494523939540682 0.113270365682045 0.0683780829903256 0.121635944063929
-0.0954246362951016 0.0160973573850349 -0.0123082122224827 0.0528969363731178
-0.054789975581745 -0.0569337569166778 0.0556409076730199 0.0621632532539192
-0.0503404958799211 -0.088519006572622 0.113886702450804 0.108625794406753
-0.05312114764009 -0.119956827935902 0.11528166555118 0.310931708404342
0.00349296105552084 -0.051966729718266 -0.185000810136474 -0.353570069331904
-0.0651192082413547 -0.0246996336427854 -0.204669688120204 -0.0862765119292132
-0.0632881295121663 0.0555921215229664 -0.0787700889959946 0.00581347706834099
0.0424226475339138 0.0770194471602155 0.0336617813032196 0.000751964911731646
0.0718744262609665 0.0142319908314355 -0.0208808474836682 -0.123851325592723
0.0513420347397592 -0.0376883667132893 -0.19759022486634 -0.12058425072723
0.0127228932163832 -0.0646930969081256 -0.294867989323091 -0.0377480097949745
0.0022505288386807 -0.0645125938706258 -0.3265673085365 0.00119661661313587
0.00854360055306922 -0.0565798684550241 -0.355605331495438 -0.0341772853378327
0.041064694321438 -0.0213669231441607 -0.297800333938952 -0.162382640522065
0.0510650071619982 0.0138339492856051 -0.109619745477397 -0.241159093986872
0.00954968642692826 0.0526310788408892 0.0568756401358416 -0.0995681878683163
-0.0673406556809688 0.0061384968679173 -0.0689004383738858 -0.0300653847592511
-0.0154529253598543 -0.0725986712575788 -0.220030853282972 -0.176725448564293
0.0623132379462794 -0.0601125466751468 -0.101359785879579 -0.596779163430715
-0.0325424507625395 -0.223014035634843 -0.195717465193726 -0.319939538102181
-0.163427353587227 -0.11579632405507 -0.198347443262181 -0.0765284051806135
-0.170983001739264 0.0532876376286347 -0.0997772336907581 0.0282709573515074
-0.00343626703937019 0.162156787595455 0.03996365439612 0.0277479958597999
0.102046977025506 0.118619035058291 0.00752670593007721 -0.100225293966114
0.14528791403706 0.0323166515186467 -0.152298533218918 -0.125690174924772
0.131837410298349 -0.0502858705391987 -0.261835449154836 -0.0629956716046765
0.134330760846574 -0.0652418459381371 -0.295161977222073 -0.0289068594895472
0.14658287140847 -0.0420003965322958 -0.31800052358906 -0.0525113426065139
0.18232088138805 0.0700032421039952 -0.26292577084064 -0.157432892886803
0.108662655358786 0.179735626685233 -0.0951714173693571 -0.217605785000313
-0.0567996714037675 0.215615936304348 0.0505261437975855 -0.0650398848080219
-0.271045819962442 0.0475387751710707 -0.0868178714129586 -0.0174773879120005
-0.204861377914927 -0.214869459203772 -0.208551171227421 -0.182965930417978
-0.00675923850903141 -0.300459035016116 -0.0383397941860363 -0.555347928474932
-0.0436856610507932 -0.377534325325766 -0.189800107911509 -0.241288201982653
-0.24795600097364 -0.213301854706492 -0.17728942785517 -0.0525355386836479
-0.275289365251766 0.0524950306075013 -0.115373169523018 0.0435040894720672
-0.0522973062840556 0.245169884554832 0.0302017547065893 0.0457443801965425
0.125133712617257 0.219949332665159 0.0223816935222466 -0.0587225779889019
0.225599458153317 0.104266227259949 -0.0898831265610137 -0.104801845152717
0.235014266824481 -0.026605237174213 -0.191055545506164 -0.0728882773390186
0.245407955154445 -0.0557150634530071 -0.219997355163906 -0.0485591332168637
0.259647529977273 -0.0195755919509734 -0.232554448031633 -0.0572662918934287
0.296847334812795 0.152941845180386 -0.191737685841055 -0.127027152753513
0.150512254809743 0.32636657621735 -0.0707196896334372 -0.166170626466946
-0.119405275980839 0.356221546233686 0.0407205805702092 -0.0262728476656092
-0.443312954422561 0.0916940373690088 -0.0867947528366633 0.00515101006965646
-0.37651986844615 -0.32736861552698 -0.175440048841431 -0.148650344587863
-0.0967699811804584 -0.495869773851383 -0.0414868182412486 -0.426164824790984
-0.0838448583432653 -0.483423145703015 -0.190058869753876 -0.0902827842437081
-0.344050702245091 -0.267163281783852 -0.121025989921988 -0.0108018827753826
-0.376921878321552 0.0548382556937125 -0.117300246511641 0.0442598853354899
-0.106979913955608 0.324050071962392 0.00519569750103439 0.0604667220993158
0.132934995045717 0.314823541515622 0.030318064901322 0.00618669819130871
0.279415182404241 0.178891380136639 -0.00575708135639551 -0.0569578592668433
0.30999389133984 0.0181587880825143 -0.0830036098523965 -0.075243143462721
0.321798754257755 -0.0170771482348689 -0.10612138499786 -0.0696228738638147
0.329110327329981 0.0295099430850512 -0.110440630786562 -0.0629066189182672
0.352718835883073 0.239220961835424 -0.0863906154919487 -0.0874563031433
0.151533585363831 0.432928458479113 -0.0276586069667891 -0.0941274699139279
-0.18260536103512 0.439980967302992 0.0307729381128563 0.0184789345311224
-0.558688463050116 0.0873827735707133 -0.0667048804160979 0.0278009304502097
-0.466698986686618 -0.418837704490965 -0.102549323133987 -0.0951615721655128
-0.122529939546779 -0.61751735518819 0.0158235840835277 -0.25148908038921
-0.104079149078139 -0.53069223850742 -0.163186191958172 0.0962432273631311
-0.408083522984126 -0.288128528740809 -0.0286106074662539 0.0540652384850724
-0.436985999944823 0.0775267364144271 -0.0967489166648791 0.0418774513663392
-0.131454227033814 0.375385332883498 -0.0266598101605402 0.0747653496573997
0.139541880177048 0.363302031223122 0.0359504424061958 0.0907927639122117
0.304538619430631 0.214358699136242 0.0892520067689342 0.0160467226198784
0.339176827294578 0.0431727186034132 0.0425340478666788 -0.0512185115816696
0.342430250252552 0.0088611340423274 0.0216780221299235 -0.0636202364547037
0.340928302499848 0.058563435577691 0.021636019563544 -0.0454971348849293
0.353193769061826 0.26441000844192 0.0234771799490697 -0.0297398893905257
0.13793943028147 0.450623348321361 0.0174675089308215 -0.0109036352103221
-0.194803778507469 0.435262130087621 0.0235967802543165 0.0587328101599066
-0.553739420007268 0.0803355483823493 -0.0284618598474084 0.055461174354196
-0.470874440870219 -0.415804231794858 -0.0185268787254808 -0.0181438578231825
-0.140164293737246 -0.622957563975176 0.0581537517364123 -0.0527154191880237
-0.122219615166377 -0.491899066081306 -0.111922083378589 0.30021505007187
-0.405807338695042 -0.256725653834548 0.0877231740025621 0.124278115965368
-0.41775012422506 0.088386540859685 -0.0578893302664493 0.0335877946629059
-0.129561634817781 0.357357606758461 -0.0578679204283971 0.0913546113306328
0.123664756892161 0.344300758112179 0.0445114533008839 0.179210733606403
0.27974020502484 0.209089172884897 0.186241208376187 0.0950879855311799
0.315689822519326 0.0583871214182263 0.171647700575529 -0.0179815537354038
0.311839132067221 0.0316392634660823 0.147279962353182 -0.0491351856818892
0.299743209557151 0.0785486291019542 0.142407845361135 -0.0245246032959603
0.290197172534766 0.246519321716057 0.119782746912396 0.0215815220206423
0.0897335732818169 0.380635308551533 0.0568888058833418 0.0585917237361816
-0.177585674375914 0.330886423096233 0.016678906632826 0.0809780733461018
-0.432699551322192 0.0413310736635325 0.0136584327841968 0.0731998268487426
-0.372582868963246 -0.344473979046482 0.0564254128464674 0.0492141712355585
-0.12875985965601 -0.518825323726804 0.0934285969668184 0.124833439517295
-0.114583868193518 -0.367298565586062 -0.0486320912181533 0.479383797412911
-0.319550309119963 -0.180919508589131 0.194929733071825 0.186172098000064
-0.306174341974989 0.0739977741824688 -0.007453758437955 0.0211830463779363
-0.101909043828952 0.257034495407833 -0.0801659955601806 0.095241044982511
0.0781842789730973 0.25586435442741 0.0473860323799232 0.246440372087617
0.201025434415196 0.167256014532911 0.260228884434908 0.164455701003269
0.237253179167984 0.064070718604568 0.281092673893304 0.0181640938655458
0.232482231080333 0.0502205701818758 0.249329485221271 -0.0292712128035568
0.214533572037084 0.0885148345787149 0.233787361432798 -0.00139477207102978
0.181913851688393 0.194945707019311 0.181714556033577 0.0610115149081256
0.0203487190721565 0.255764148503558 0.0757606344562605 0.10155946967611
-0.141547781236117 0.172590935553898 0.00535510499697437 0.0781584368210616
-0.244267844747271 -0.0149480812059587 0.0446560181696495 0.0723802887286288
-0.213084354970293 -0.224387650844628 0.101749471814434 0.0895568350301023
-0.0955410592472838 -0.333910188005889 0.117302613170694 0.247410881015774
-0.0851720040387377 -0.180759850190596 0.0108160518470556 0.6011945245708
-0.17386268277588 -0.0727750061313987 0.26922345074978 0.230959352589223
-0.136240175007901 0.0443869044819177 0.04711176084755 0.00670932002460774
-0.0533291154245054 0.10806128104121 -0.0908885088477589 0.0795920701963423
0.0190506447668459 0.120989108035998 0.0379513197849658 0.274786326895993
0.0850856793156581 0.0967692066417584 0.293369995158565 0.212347020381406
0.118029114370205 0.0617405725674222 0.349897516828087 0.0533229770604607
0.117831726398741 0.0624263336497258 0.314101654554331 -0.00597144637958599
0.10378570506468 0.0858829681220248 0.2828489932264 0.022486743417273
0.0597292663154102 0.122499582467541 0.203218177533 0.087786281112343
-0.0433436276750441 0.116271114078251 0.0734121911231599 0.118367121817642
-0.0958481186979493 0.0222098302552848 -0.0105655261323057 0.0540467023604578
-0.0593847432652142 -0.0548203733054433 0.0602598762488615 0.0556891553403595
-0.0542777215509979 -0.0863809329294967 0.11829254059736 0.100665046769115
-0.0561110880731173 -0.118200183077965 0.128474913695021 0.305732523721082
0.000348395798401072 -0.050062330808391 -0.195319432316936 -0.336771505711706
-0.063906082196299 -0.0197507416015444 -0.201434764765087 -0.0729523773217429
-0.0576480816150812 0.05776195237009 -0.0765064284886559 0.012221798448946
0.0453816825049213 0.071352811930773 0.0340742670262513 -0.000651076199649258
0.0704356617182454 0.00883810201821924 -0.0248139533531405 -0.119885033051777
0.0468777935657273 -0.0397635646068435 -0.196492351401432 -0.105288721026831
0.00774189455938178 -0.0626608916918252 -0.28605364960376 -0.0208003415761924
-0.00190012748080188 -0.0619057488557859 -0.316429532802517 0.0167747509612762
0.00407109775334925 -0.0548824133438313 -0.34470516998075 -0.0144675269942741
0.0386496619163336 -0.0230383903769462 -0.297403931604591 -0.140990956910382
0.0509549622470726 0.00922723691682992 -0.120094002442019 -0.227062093022895
0.0127597965254783 0.0492709199561262 0.0496231700882649 -0.101406041648847
-0.0643743404373409 0.0101106072470528 -0.0695440199271523 -0.0268174282185454
-0.0184600288006557 -0.0686690609180429 -0.217103383231986 -0.162189122870998
0.0557998652818037 -0.0618696658587484 -0.125000458736011 -0.574639794930851
-0.0435376350314078 -0.213922609770896 -0.20351543425177 -0.304762365213745
-0.163304183666096 -0.103515308398124 -0.194599380662418 -0.0655321304341292
-0.162074446347456 0.0608944287932794 -0.0951685172269947 0.0348466647402165
0.00544508623720339 0.155213974287491 0.0407673206853089 0.0242431092876622
0.104708405110649 0.108034986082226 0.00452056627900091 -0.0975663617945249
0.14111372802041 0.0218776359919541 -0.152544506234049 -0.112838294951568
0.12334820940984 -0.0553498637232108 -0.255723937186136 -0.046919065850098
0.125510844985827 -0.0696882343140442 -0.289429852094968 -0.0136633050196747
0.13825724263949 -0.0466394601502252 -0.31041224927871 -0.0336897300601887
0.180452682558708 0.0580760760340554 -0.262869196381301 -0.138039431632859
0.115790714792477 0.167555949541692 -0.105568016759494 -0.203571507883847
-0.0440879403158449 0.210455875931613 0.0461717113175602 -0.0679383623000514
-0.259707554698596 0.059972455132514 -0.0850091559094645 -0.0148363543504218
-0.209165273395981 -0.198093907995596 -0.206045741776678 -0.168895656554075
-0.0225675078791324 -0.293561445745235 -0.0606785334062572 -0.535599095782668
-0.0616130225480766 -0.364058150057592 -0.193217121424948 -0.229790068232374
-0.250125704739598 -0.19337968268752 -0.172623223148258 -0.0435897553795492
-0.264521080384038 0.0656010336601795 -0.10784017397489 0.0504568247909085
-0.0382860706952717 0.237847956690135 0.0316719283914108 0.0417912623868085
0.132667895647321 0.205028354578507 0.0212035776831401 -0.0582957058120776
0.222478852800808 0.0879346814099055 -0.0913539924492632 -0.0969010174282153
0.224418554837897 -0.0379766016460203 -0.188348296389953 -0.0600812954138857
0.233240286842262 -0.0663533518694004 -0.216552488486788 -0.0362865896982894
0.248889371989127 -0.029531246741621 -0.227522306508567 -0.0427767155893011
0.296515601898143 0.131513213279573 -0.1924341809331 -0.11171374545159
0.163841832530588 0.307913398606658 -0.0781982008528893 -0.154413359775838
-0.0988199107618772 0.349888437995758 0.0391628565657833 -0.0293158694531855
-0.426403241865217 0.110562808206439 -0.0835657753960228 0.00615199663057615
-0.382336314757349 -0.30034445294681 -0.171317961527547 -0.13696996569371
-0.12031968436627 -0.481274924820441 -0.0578873193333569 -0.411525423632573
-0.107881043458218 -0.467916780094197 -0.18686122879399 -0.0822788543280087
-0.34542702767649 -0.241298037983173 -0.115702952820955 -0.00581386553791619
-0.363862413497187 0.0727911513853696 -0.109002014357091 0.0520530896141091
-0.0877161666473576 0.317703678259188 0.00729548197885854 0.0565535588118634
0.145144021298251 0.297817977981172 0.0326292519367975 0.00579274992766325
0.278912027208404 0.15755981315097 -0.00720523718826663 -0.0553894660806201
0.299889124869843 0.000652905568771989 -0.0848939764762866 -0.0673837525630122
0.309030164404927 -0.0331372636186236 -0.107322781664649 -0.0617145429159263
0.319059778860808 0.0135181506649446 -0.109874860817828 -0.0549108935595548
0.355627671438874 0.211792321580902 -0.0882672594263257 -0.0792567317811853
0.170823697918391 0.410979564777129 -0.0333738734270402 -0.0861757451155363
-0.155504728984625 0.433535811943132 0.0321585513610802 0.0148019928641964
-0.538937828086329 0.113305941484488 -0.0622302561684472 0.0260334060885551
-0.47425871109887 -0.383807829016969 -0.0991325083544469 -0.0887551910703585
-0.149906434961228 -0.600278817439974 0.00597920288669828 -0.244042259859314
-0.128762163468324 -0.511730833900827 -0.151348153869198 0.0975523749938488
-0.409268431559139 -0.260230433983129 -0.0241999428923137 0.0520021941474144
-0.423318552053402 0.0969832768481534 -0.0880884886108091 0.0489494386823331
-0.10867717067322 0.369775738692725 -0.0227439534096584 0.0732498134794945
0.156545755911574 0.343597772244337 0.0435432369268342 0.087791340944494
0.305289670529412 0.189614729237427 0.0887959903094279 0.00901219646877515
0.329657039910104 0.0236597018584756 0.0374727007432727 -0.050521660033223
0.331426245256717 -0.00925324437043932 0.0167397827131735 -0.0624147452440041
0.332728069181049 0.0413790297689565 0.0183690058937078 -0.0451083248844276
0.356693650200328 0.237056588597491 0.0211434310017156 -0.0298798914879852
0.158266542785923 0.429421047039999 0.0147314174287196 -0.00755335553263723
-0.168048201739995 0.429982974422152 0.0273572703697468 0.0550062799786633
-0.533838373139796 0.107995331373522 -0.02302489756842 0.0504701279251058
-0.47899951041643 -0.381640869673961 -0.0155746086439499 -0.0183027258881456
-0.167507178021116 -0.603657585507963 0.0553549518176979 -0.0523864609840385
-0.141447055311151 -0.472417126912967 -0.0926467033314185 0.293296238155252
-0.405643594795622 -0.230624041691958 0.0912847048570261 0.114773486480995
-0.402492582359229 0.106644403899416 -0.0505764470092493 0.0390701738407387
-0.107266449973981 0.352591924642795 -0.0518747410124705 0.0905439356400964
0.138678203495225 0.327099003040902 0.0562060668878336 0.17297516331537
0.280657222407475 0.186899171591089 0.1866533125767 0.0802090280260415
0.308261656115732 0.0403140594402102 0.164057341577646 -0.0260464363348497
0.301872221995763 0.0140498812660626 0.138699545862394 -0.0544096467392402
0.293729688591557 0.0621352578020353 0.136575905554065 -0.0308517164018256
0.294201055313639 0.222435123862024 0.117254302079234 0.0149497066747991
0.108660504254514 0.364704923489283 0.0568872742478909 0.057495415188292
-0.156348140794825 0.328884794966927 0.0213470147756469 0.0777695653452863
-0.416785524504898 0.0608674619913526 0.0185443198736031 0.0655079426820456
-0.378719719809062 -0.317279115399982 0.0591537264826415 0.0442457459479709
-0.149539121887586 -0.499783616547641 0.0973596695298498 0.118075759205291
-0.127218616460977 -0.353290159992308 -0.0244276812212732 0.466207164731515
-0.318074054558079 -0.161284685872542 0.196810981620932 0.171037608938366
-0.295656465874895 0.0863852022567816 -0.00213745039488975 0.0243626832745976
-0.0874486392289567 0.254384153390034 -0.0731213527144541 0.0963096005397712
0.0888637660816144 0.244637569364878 0.0613386191994963 0.238558265175732
0.202631992063132 0.151024883812322 0.262826259275834 0.142914847075067
0.233496805398666 0.050131013534586 0.271809353698277 0.00289037932211193
0.227133049391008 0.0356835656704984 0.239703584204155 -0.0396713023543376
0.212354663103438 0.0754411233453646 0.22548408789607 -0.0134573049879605
0.18673295067276 0.177678965227767 0.178503654548446 0.0495333942604935
0.0341938709127133 0.247412311204326 0.0780698337895784 0.0960748318665796
-0.128750956030609 0.174753009053601 0.00927075429105357 0.0755865599151599
-0.237385238027549 -0.00289292313561746 0.0486833299773555 0.0636348830386855
-0.217546400462436 -0.207907390372855 0.103864336331227 0.0806382383875959
-0.107859385227817 -0.322123574766952 0.124989726112104 0.235889527585563
-0.0899141799977402 -0.172610887667655 0.0389873670376609 0.582855033100725
-0.170605885268981 -0.0635200028526463 0.269714436933483 0.211057331885068
-0.132184905009233 0.0490879930368897 0.0481821737500129 0.00602031282913158
-0.0472499007883171 0.108204854438844 -0.08409541740039 0.0821227769430386
0.0248342247608155 0.117542251924884 0.053677254291116 0.265973466485948
0.0868116124751895 0.0894473662782361 0.296642337699851 0.187427968414234
0.117979031995361 0.0535623489969609 0.340211754892565 0.0325635830012155
0.11791427847265 0.0540826812198469 0.304590972447887 -0.0208362217531093
0.105760744596279 0.0778081954231897 0.273700026073477 0.007271254936504
0.0642373387866819 0.115145032814448 0.200274613072676 0.0744298512197625
-0.035404862961745 0.115554182752045 0.0761137999075112 0.111433540534368
-0.0924274817955122 0.0266999756207713 -0.00804872844694617 0.0537082246665474
-0.0602983540248747 -0.0507734590469782 0.0629041924236168 0.0473077154132119
-0.0560212752488151 -0.0808550666754173 0.118733278186653 0.0899644654138714
-0.0585589190188242 -0.113673524828874 0.137615775363255 0.292105457947139
-0.00986876005877967 -0.0485106426308968 -0.222880985471601 -0.294343228842463
-0.0628669733285087 -0.0107190776178742 -0.195511470865919 -0.0443485379037579
-0.0475746019918729 0.0611031966303644 -0.068370270718368 0.0211138638363136
0.0499881151382295 0.0608678185555767 0.0333974641710215 -0.00925384259837273
0.067176679715258 -0.000544030671767971 -0.039823033101525 -0.113284912847724
0.0389837815495093 -0.042984018408878 -0.199544933259542 -0.0771333554847174
-0.00212491915996423 -0.0583179367004538 -0.276342695861476 0.0130873659518657
-0.0094468463247838 -0.0567026983355033 -0.295735579910881 0.0518192861954198
-0.00269079190274957 -0.049663799224099 -0.326335805213858 0.0245641123484283
0.0351040768293196 -0.0255176936847376 -0.29696118426759 -0.096046346471734
0.0481551605612933 0.00389720011583445 -0.139674164117064 -0.200912835978019
0.0162904753811001 0.0431541988346866 0.0363024393493515 -0.103338774046058
-0.0572161738050969 0.0186847185709111 -0.0707435790195079 -0.0166282998332989
-0.0257730288626686 -0.0568830711813849 -0.223364475966243 -0.131280129598529
0.0348895705169621 -0.0621159310556264 -0.182635246724135 -0.535138879991818
-0.0728601668942654 -0.202380307937784 -0.220780171766816 -0.250064173520785
-0.165180837404077 -0.0793742624527269 -0.184380781400509 -0.0354192261092994
-0.145223952087491 0.0755945930007571 -0.0773454704507091 0.0445571312819759
0.0211971029570108 0.1436855961942 0.0448527757708125 0.011846178495096
0.110433460456427 0.089187070363807 -0.00800809678419543 -0.0999075215839468
0.133719237028997 0.00535178828609709 -0.159587412233926 -0.0935137351693816
0.106718269808997 -0.0637092615655402 -0.25051247116175 -0.0186014479906203
0.109125343782426 -0.079065475193038 -0.273328972360252 0.0197572329913298
0.123017625362011 -0.0575280075352919 -0.29366425613608 0.00191692471563819
0.176254840289944 0.0324959058659257 -0.26045502526112 -0.099179893731231
0.128335622839327 0.143634805851842 -0.118083129735175 -0.181714564557637
-0.0195800725992567 0.199675576590008 0.0406678816185497 -0.0682151608162931
-0.233957648175507 0.0901570980147932 -0.0867183113502748 0.00186859543261271
-0.217488976542758 -0.155065082449416 -0.22268004193289 -0.139314725394763
-0.0668341087841475 -0.268243952041783 -0.11820943053471 -0.513100042731571
-0.110307890920195 -0.344831729232454 -0.197185293374389 -0.168917876373034
-0.256225451178515 -0.156125733639837 -0.159067404102255 -0.0155695590981692
-0.24188425338658 0.0927895448574918 -0.0824728093727666 0.0613234274509608
-0.0117316012691081 0.22517695643674 0.0406892666087351 0.0280166151082719
0.147006592434046 0.177499619432242 0.0149315443581952 -0.0679379532450639
0.216712091219559 0.0583110300366561 -0.0987019324856084 -0.0899168946806013
0.203262498556399 -0.0588256925688953 -0.186789500622633 -0.0412964174291444
0.210391344970063 -0.0883335487377899 -0.208052564747048 -0.00991296091676893
0.229784274552992 -0.0545413983323634 -0.215698514211331 -0.0181549144581563
0.291946475569707 0.0886134717650293 -0.187098029196957 -0.0840808436633362
0.190684422727723 0.268761351247602 -0.0833283867710841 -0.137198327914285
-0.0549525912829693 0.335128946358952 0.0418152206777638 -0.0277287619064993
-0.383881529692405 0.157543167173319 -0.0841035721442113 0.0263523140561313
-0.388788072772501 -0.230982077822726 -0.195972083421185 -0.113287104062003
-0.179170536755551 -0.430480450330914 -0.102579879584653 -0.40136074331112
-0.166003623945517 -0.439189935038919 -0.16874165556429 -0.0229745557107479
-0.352480312895151 -0.191845251687025 -0.0975060511078464 0.0139772858113461
-0.336314968625071 0.11129727082191 -0.0780687783875941 0.0631831392791844
-0.0495748907731868 0.306195958830041 0.022428233812793 0.0434793107570355
0.168851056514336 0.262302864569821 0.0361123812225236 -0.0123087505600055
0.277843101824867 0.116458692802987 -0.0143896596321456 -0.0648759544789578
0.278366699784442 -0.030910883340386 -0.0874815397649192 -0.0621721835382852
0.284983260460322 -0.0668563882040948 -0.108171709965196 -0.0465457758389583
0.300714703804251 -0.0227925247908888 -0.104518388248801 -0.0425457763340635
0.355744007411787 0.154456755534197 -0.0827798278092102 -0.0655141199769225
0.210233115770834 0.364011817452422 -0.0299013114190769 -0.0769437657575291
-0.0971564509593672 0.419674692084717 0.0418376615444876 0.0186494173174093
-0.488659001755018 0.174119229226394 -0.06362119137037 0.045153722142244
-0.482773407600696 -0.2990964859642 -0.128904591355775 -0.0772041444417054
-0.219174329504436 -0.537656291172297 -0.0235430296974166 -0.251000397828541
-0.191462887976393 -0.481010411872431 -0.112515513884632 0.147786653990176
-0.413495666853766 -0.204484958717466 -0.00218780643424202 0.0580953122462081
-0.389492162681864 0.140835309971821 -0.0542730094070188 0.0572771988343239
-0.0653302259315554 0.358313355636531 -0.00188747919643465 0.0623325281416406
0.18334482231642 0.306458378991442 0.0580252451573865 0.0629003361759851
0.307097188393839 0.145305536097367 0.0848639537577917 -0.0167036824685802
0.309652837575432 -0.0127308773800589 0.0318415327314509 -0.0622221104600036
0.309124998569188 -0.0470007535379296 0.00922249895368861 -0.061723308940161
0.316430937813029 0.000843128931193329 0.0177204942073574 -0.0481198926722538
0.360797126873787 0.177918935809888 0.0268797603909318 -0.0317357041822219
0.201036083458 0.380848412863466 0.0253270447461087 -0.00702827747980906
-0.108957684021898 0.417668582909287 0.0415291020621127 0.0581053101714792
-0.484218201409509 0.166135713731641 -0.0245026342483556 0.0631802405908637
-0.486716695739977 -0.29718059817867 -0.0425106892205984 -0.0197992233586211
-0.232634455316504 -0.540398955689354 0.0451083276273146 -0.0738726792769774
-0.197983663204646 -0.441392683592375 -0.0340643284112567 0.324632807966838
-0.40616383909779 -0.176158160953125 0.113688016328964 0.103309450194056
-0.370186699898179 0.14772659804293 -0.0209449468731636 0.0423937098588639
-0.0673402404101131 0.342396683615552 -0.0275136343214626 0.0837331158974197
0.164870317431462 0.293625529856093 0.0807843990227803 0.14345038797998
0.284367838304995 0.144667525455777 0.18633641670841 0.0385581679201767
0.292106752523961 0.00378168835454767 0.15583618251252 -0.0524636246931676
0.28548455361625 -0.0218094692314094 0.124544549797193 -0.0679842089275463
0.282486068038204 0.024775168068803 0.129897346071863 -0.0475459736244466
0.299735354514864 0.170627870383926 0.120847105054985 -0.00135575784978258
0.145713925263152 0.325973563131665 0.0699696350739702 0.0498235995326474
-0.110002624248013 0.321918491072773 0.0360727802371098 0.0799817303399249
-0.382488900869414 0.108227021213483 0.0186773213644861 0.0678834697945224
-0.385694679274738 -0.250443305508349 0.0391885696908191 0.0300687167042865
-0.20094820541905 -0.445973727157783 0.10382263728006 0.0869025941847575
-0.166215219700748 -0.325625931467628 0.0476461438392527 0.471449294690604
-0.315363438782636 -0.121005409318707 0.215910433490752 0.142691587049725
-0.271985381196657 0.114856377993775 0.0176542522909526 0.0225732801687072
-0.0572895845453597 0.248303153660988 -0.0496178171247684 0.0957708177559656
0.110032156001256 0.221030843716329 0.0944882993402155 0.207601924136202
0.206866296679473 0.120108981091917 0.265477587172612 0.0926222461006212
0.224486378179958 0.0217455175931218 0.2620595718758 -0.0351900220351878
0.217160268859517 0.00687381541312512 0.221448305808303 -0.0661980097483197
0.208151631952495 0.0451867328116791 0.213837650479315 -0.0396262228162517
0.193521249874359 0.142200941884964 0.179533377434779 0.0248334651415549
0.0624003825776697 0.225180805126515 0.0903461935830379 0.0845821210008822
-0.100982058059067 0.175378254593336 0.0203738603524782 0.0770529903159679
-0.22222034232519 0.0264087675255493 0.0491710013707449 0.0567798925647971
-0.22378700389382 -0.168490143414751 0.0938897311284733 0.0593304134933678
-0.136532036406853 -0.286899759498844 0.14430244556264 0.201761102696858
-0.105268996671638 -0.154792558923403 0.114235404976795 0.561899552457725
-0.166183640260061 -0.0436639152829332 0.283187344985796 0.170467405973584
-0.120652355189541 0.0608430832726094 0.0560211461707638 0.000232679646628683
-0.0343967200737232 0.106984024388936 -0.0648816709429621 0.0877540972420655
0.0348532790368439 0.108366752784034 0.0885087688976114 0.241477798141666
0.091868748423959 0.0750883987821033 0.304387485352824 0.135453795291507
0.118028946572561 0.036916149847839 0.330522566350868 -0.0126104942550271
0.116740541874418 0.0364974783527645 0.28370986056013 -0.0549645500210846
0.108761339883978 0.0592947871359652 0.25970880540803 -0.0246810980071999
0.0721752307493832 0.0982273069499366 0.19988510876596 0.0461314083581364
-0.0188380912419546 0.111236632255863 0.086499930011966 0.0985086369993734
-0.0829357518407494 0.0350526584117484 -0.00265601186856368 0.0557010668812386
-0.0632244974823491 -0.0409962163929215 0.0628159193637048 0.0343974673197152
-0.0602883959990302 -0.071130012728685 0.117501360433963 0.0680799709244893
-0.0632361825559043 -0.100182783517847 0.16260350397566 0.258590576538178
-0.00880449417627906 -0.0447287196553261 -0.208593826735291 -0.286633660335796
-0.0591886221434122 -0.00993127826964344 -0.184540969587574 -0.0442190889174848
-0.0450580251615415 0.0576573995895151 -0.0650641754508477 0.0218269538099177
0.0467110848709306 0.0573756844538311 0.0329918059731035 -0.00872946810183047
0.0640026558387287 -0.000181593620014347 -0.0356176844125071 -0.109463797197843
0.0368051800173047 -0.0412269341007259 -0.188115404027993 -0.0755645161967491
-0.00180479849523731 -0.0552406420702051 -0.261532540843428 0.00909806513661576
-0.0085566669701225 -0.0535418001297096 -0.283019889539495 0.0456305662693837
-0.00265533104881574 -0.0464103693605692 -0.310800955364939 0.0197499098873188
0.0334703876961971 -0.0239355445116927 -0.281586418243995 -0.0938472754623999
0.0460912568627184 0.00307355617343229 -0.132269957302461 -0.192623936334231
0.0150654672358103 0.0410206421495302 0.0346217979913923 -0.100670283354398
-0.0539401779605901 0.017712336944182 -0.0676029099276508 -0.0175543466858345
-0.0238733757953793 -0.0535448587073649 -0.208280912091462 -0.130273922811393
0.0321528265269598 -0.0583281796670966 -0.164569312128168 -0.513503335491898
-0.067834581723515 -0.192890966948478 -0.206585691634844 -0.245685084433329
-0.155068112869339 -0.0769265024288107 -0.173922259861582 -0.0374713588979002
-0.138996410367037 0.0717541298324679 -0.0740248711359405 0.043761293464343
0.018823555334669 0.135517033939599 0.0432053154548333 0.0115468227908246
0.103697025617296 0.0854309013088119 -0.0049779314124001 -0.0963896720113549
0.126235690443611 0.00600195421509351 -0.149871266543331 -0.0913999538130547
0.101149812699905 -0.0587096827097044 -0.236295847519415 -0.0205356583555027
0.103728531342542 -0.0732107644499168 -0.261683339435464 0.0162127927146719
0.117945732346183 -0.051301555042077 -0.27877090220098 -0.00216614252145764
0.167087008842126 0.0324470543932315 -0.247113120506939 -0.0955822713958348
0.12059775972202 0.137691512621893 -0.111373644367342 -0.173041344010118
-0.0216037290497846 0.189311490207213 0.0392945144219317 -0.0667038146915443
-0.223721281493419 0.0829988664111231 -0.0829292816225305 -0.0007192198985661
-0.20543931862446 -0.151136824678353 -0.206422480691546 -0.138438930607958
-0.0621344750894285 -0.257610041619677 -0.102128204259978 -0.492540541130381
-0.102470423911788 -0.330249448029758 -0.185461576013016 -0.168015720277044
-0.241986587418098 -0.151339104871106 -0.149539622186987 -0.0191768554816041
-0.23122972542906 0.0862943519069489 -0.0774474741619861 0.0590129192318078
-0.0133985038139589 0.212902842311322 0.0385242212312238 0.0267295871528246
0.137102133991368 0.169496130162035 0.0178591126064634 -0.0649803343164235
0.204849417426849 0.0570193191039689 -0.0918799127238532 -0.0879070746882948
0.193353368037309 -0.0527530554528046 -0.176529947551615 -0.0402516507439627
0.200288245643397 -0.080860343614034 -0.199415488845401 -0.0112254624988636
0.219357739905059 -0.0479022665960197 -0.204363414159023 -0.0204201042609773
0.277893861324403 0.0867965969693463 -0.177601132743252 -0.0812856605326996
0.179666695143985 0.257222751978187 -0.0784820167481832 -0.129186136172951
-0.057224000474375 0.317793592524893 0.040117007557079 -0.0278167955904389
-0.368283704321111 0.144766536060527 -0.081109537322114 0.0207908744500615
-0.367910823809698 -0.225093016957716 -0.181394961496321 -0.113916977667721
-0.165856726197322 -0.414048883081597 -0.0893561773181252 -0.385567640693131
-0.153819972757187 -0.421469598144277 -0.160093158300716 -0.028501004264722
-0.333504565271282 -0.187860440119931 -0.0928357334802377 0.00950653090730232
-0.320921218331151 0.10387465659314 -0.0726611293312199 0.0606648613663453
-0.0508390212398374 0.289351844917449 0.0201192436022288 0.0422976348197489
0.158614340668338 0.251198623231891 0.0380687753133921 -0.0118950438989437
0.262288561188536 0.113993920942492 -0.0114562893872329 -0.0635251442646497
0.263852899221585 -0.0260683328168606 -0.0829031504129413 -0.0593456458777577
0.271424546979792 -0.0606924697512975 -0.10395560731127 -0.0448009846125992
0.286165697343195 -0.0160753686796695 -0.0984779097131856 -0.0419456479992152
0.338328649127429 0.151392443689498 -0.077960859411942 -0.0626822579166289
0.198562114893074 0.34844828810862 -0.028129866680497 -0.0703495899808578
-0.0989447628830439 0.397094277425886 0.0405759326215907 0.0159644060393656
-0.468176597215424 0.158897840700373 -0.0615801083319109 0.0384277403381937
-0.458682638838222 -0.29280728066694 -0.118445993148097 -0.0770005297946207
-0.201979699822321 -0.518271462088568 -0.0181248120150494 -0.240124599555909
-0.176545912533254 -0.461618622197608 -0.10866828926486 0.135737981903412
-0.393198454333697 -0.200863548351005 -0.00280026883590859 0.0534504105263598
-0.374224608842786 0.130063600817942 -0.0501025838190872 0.0553606041314644
-0.0668503081839697 0.339467318221284 -0.00334706903738067 0.0602593268362081
0.171392646025117 0.292959653048633 0.0581295732417696 0.0607956408371489
0.290332141744011 0.14188360523492 0.0818231655908634 -0.0178231506727821
0.293916959394639 -0.00864272773800153 0.0295438772423932 -0.0572551858112257
0.293664834863597 -0.041561323924381 0.00804067127860324 -0.0579571350952308
0.301355639394172 0.00631341743781432 0.0179038537883038 -0.0457230314640867
0.342498333159035 0.172382611207873 0.0256905808004776 -0.0295191248014067
0.18878497509974 0.364630087214334 0.0233846365150288 -0.00281978331869063
-0.110013502864043 0.395331280464241 0.0395895713848071 0.0546013160486007
-0.464642138731808 0.151877984284711 -0.0244482278702214 0.0557312782874706
-0.462099932032002 -0.291535262747689 -0.0373544391167721 -0.0212690920003585
-0.215974196167843 -0.521005655853829 0.0448705058124259 -0.070276302504932
-0.182942084004868 -0.425076826736579 -0.0362853853944507 0.306435682685652
-0.385054148681321 -0.174906995731778 0.106470583078528 0.0984118877306548
-0.356323731333192 0.137033660555108 -0.0170328644971616 0.0407032075181376
-0.0681671274902837 0.325480639529372 -0.0280110172871704 0.0798372746448913
0.154340131210067 0.281475256072112 0.0795623018653108 0.138052943670377
0.26874054988263 0.141452220127402 0.177561448972109 0.0358228014086607
0.277613888233463 0.00738318596451858 0.147068516327963 -0.0470141851827356
0.270666977376129 -0.017790469212969 0.118900459068634 -0.062523163915198
0.269254271862294 0.027563408212829 0.124404329641448 -0.0427262705106877
0.284072421183634 0.164973361744172 0.114785371996135 0.000534420605551804
0.137088210035705 0.311391211668579 0.0658789529906787 0.0509365730125268
-0.109496171207119 0.304235524170926 0.0342315404799329 0.0760787168858207
-0.365297913931818 0.0969712834919596 0.0171497192627165 0.0606218479345918
-0.365325137689675 -0.244153148766437 0.0392389830801381 0.0270042606648579
-0.184691835446811 -0.43188260168385 0.0985734498872402 0.084591684974058
-0.153099719700241 -0.314947531374108 0.0390420143341618 0.450057287274618
-0.298626541566513 -0.121877857719745 0.202892578605976 0.138315387222538
-0.26145542142642 0.106636424347699 0.0197523860035351 0.0223178663543866
-0.0582078691184379 0.236932936832125 -0.0488041997048765 0.0914256067546739
0.102036038660257 0.212372930654712 0.091096043418504 0.200521326232625
0.195450360409058 0.117451780746279 0.253020810491628 0.0885299448745496
0.213804441905053 0.0231823961589337 0.247995740763715 -0.0300843651984723
0.206457458143982 0.00843795305089999 0.211205606951941 -0.0592669285700498
0.198015802140474 0.0459079845470308 0.203600197469137 -0.0351377935143497
0.182851824779615 0.136890914097298 0.170173268204882 0.0260242174323933
0.0583368478883268 0.215443940083813 0.0844590008754329 0.0829298196866474
-0.0989843521931071 0.165510872790158 0.0188920916792422 0.0737666116691407
-0.211800062320492 0.0218997575485736 0.0458582209321717 0.0505654582658328
-0.211643224313755 -0.16423707641325 0.0891515432404836 0.0563168995276347
-0.125252986204605 -0.277416585681734 0.134779000328802 0.19483655653419
-0.0971916898778673 -0.150213352107914 0.0989997466560004 0.538768127288755
-0.157183482310316 -0.0456770969663553 0.265136429346899 0.167015655500478
-0.116613877932242 0.0563142949883966 0.0553254298027907 0.00146149867782584
-0.0349139517069005 0.10197214941644 -0.0630612610725118 0.0843925010631707
0.0321539845064497 0.104768561731492 0.0837878750884587 0.231581842596609
0.0859324186855344 0.0733432752068236 0.288449611936455 0.130290271842901
0.112486707603367 0.0360712598060583 0.313339955642387 -0.00758258720148031
0.111182731456929 0.0359588139455918 0.271094167813272 -0.0484550820599719
0.103504416453164 0.0572373312284561 0.247060373666228 -0.0191215144724189
0.0675470482531769 0.0941787197995616 0.188137587356388 0.0462051403496504
-0.0191089956504787 0.106722128135543 0.0801033099949235 0.0954440319854718
-0.0800305377444505 0.0327587155949388 -0.00345255124072051 0.0533879646563415
-0.0602562206062678 -0.0402389024037478 0.0598962731111992 0.0305928520652532
-0.0565870538376287 -0.0688374569444174 0.109849681194404 0.0650530838607483
-0.0575183219503045 -0.0972581872141821 0.14989724440905 0.250235970089127
-0.00791736247187236 -0.043473658720184 -0.193797636735592 -0.292045646908128
-0.0566469351875656 -0.0110013129995843 -0.178101361416072 -0.050428428598701
-0.0456246066732184 0.0552703004578839 -0.064484106357033 0.0211609412492192
0.0438185150917676 0.0566589231546859 0.0339148527533845 -0.00833408648247849
0.0624319554660129 0.00198053655225711 -0.0299430791564921 -0.110102918677896
0.0369760821154126 -0.0396428618201745 -0.181011551042695 -0.0812681785904447
-0.000458881776441917 -0.0540190632174275 -0.255736789164737 -0.00245923525681954
-0.00672640046099162 -0.0519574082833886 -0.280079217762903 0.0331986960163773
-0.00137232244383358 -0.0442160190623476 -0.304873897902085 0.00795825997158176
0.0338841079678449 -0.023357668282406 -0.272805999738702 -0.101725527254229
0.0455037955046447 0.00379885392445309 -0.123221270414596 -0.192913533338602
0.013894668432286 0.039652604594226 0.0371373089845617 -0.0981940984395042
-0.0528037164765537 0.0156761714906428 -0.0664530395951057 -0.0201917341425293
-0.0216628390659947 -0.0523592861214682 -0.194778717968414 -0.138362636743714
0.0324376715633346 -0.0557266765328026 -0.138465081216524 -0.511787228149839
-0.0596847023939244 -0.191339993551363 -0.193815876931943 -0.252743116035088
-0.148399090879704 -0.0808959420527558 -0.16779117398545 -0.0444740022102558
-0.137330583007853 0.0647340481712174 -0.0735143295326894 0.0413795624056624
0.013354190662282 0.131691895258424 0.0419695841957237 0.013170836130298
0.0983943822147382 0.0868410432104018 0.000816932190906553 -0.0953727837031614
0.122467360544895 0.0106677717960612 -0.142323169930635 -0.0956427621893089
0.100923969368398 -0.0532443918955287 -0.230004910058729 -0.0294615217122921
0.10391238545398 -0.0671896876074902 -0.257779233788784 0.00510698175335672
0.116913981490529 -0.0443627306079635 -0.272772431745718 -0.013738874938424
0.163155357465586 0.0377185363753888 -0.238806078271416 -0.102049407225345
0.114059646724791 0.138235971753937 -0.103879630363464 -0.171771174035632
-0.0285275560370568 0.183674271467107 0.04085124150422 -0.0658740286601317
-0.222933618364846 0.0728548390688044 -0.0820072043434342 -0.00614917863641823
-0.196315445945176 -0.156421426322141 -0.193003340734633 -0.146720991173444
-0.0520513457752002 -0.255951533496219 -0.0801554130634433 -0.487113126665992
-0.088361709836121 -0.327995377508961 -0.175683162329628 -0.176725215658092
-0.23067045044715 -0.155899666206442 -0.144872516544639 -0.0267226611395856
-0.228915613933972 0.0760914689217361 -0.0771644062773042 0.056263280437545
-0.0208186440000476 0.206315183701454 0.0366733185997885 0.0285984451076538
0.128107735646976 0.171089408554357 0.0220940212894772 -0.0646396395749071
0.198347008119662 0.0633366666937327 -0.0863724428679404 -0.0907020481837869
0.190461102243505 -0.0441431002893803 -0.171444736862893 -0.0462526046105162
0.198255948605246 -0.0710551721124788 -0.196019541109661 -0.0188907791562995
0.216989933969383 -0.0361511250414655 -0.199332348287489 -0.0277507321801252
0.2702078534162 0.0943933395759296 -0.170705307418837 -0.0856878777765228
0.167876314566476 0.258597573385946 -0.0728681674280508 -0.126869352181287
-0.0697097082559728 0.308960871782312 0.0402855118293651 -0.0283777355895945
-0.367232150192473 0.127176516775814 -0.080940317039077 0.0147606716563531
-0.354101172700808 -0.236294569976782 -0.169255170127626 -0.121363597415676
-0.148907786953291 -0.416028262186155 -0.0703691823981076 -0.383106998364478
-0.136097657730587 -0.419980570115863 -0.156215600385874 -0.0385588640543592
-0.319825153834203 -0.195965365377537 -0.0899165848398086 0.00335208304832972
-0.319319854955022 0.0898454459036787 -0.0715630657839463 0.0584355143926604
-0.0608668407284532 0.280769299556438 0.0180235269923133 0.0422537582977935
0.146196040655418 0.251813017495244 0.0409479860261308 -0.0105755440718081
0.253007765767709 0.120608298056455 -0.00848811837396038 -0.0647727557802475
0.259044726651698 -0.0151306012419536 -0.0799555770710016 -0.0599053496236631
0.266547836176949 -0.0490880948056611 -0.100912771485989 -0.0471569414156241
0.281836024333068 -0.00318116009687493 -0.0945298394838621 -0.0455528090742312
0.327645546315619 0.158563076095915 -0.0743387289966439 -0.0636240495112738
0.181637037340961 0.348850367560314 -0.0255895425509939 -0.0668010956163716
-0.113726532226349 0.386149978051275 0.039507893784271 0.0149961165551712
-0.465745607368966 0.136587755365974 -0.0623564792113455 0.0315112469661711
-0.43994213700921 -0.306080082635768 -0.109232877619501 -0.0832761429562241
-0.180440614755778 -0.519910148295342 -0.00609785369097289 -0.238225345223192
-0.157372440485763 -0.460464696805822 -0.111982959104643 0.12597579749083
-0.378123154146576 -0.213297108673855 -0.00367769293069915 0.0496177948594363
-0.37180320737945 0.115084653220707 -0.0487200230357454 0.0533635144611326
-0.0783566849636462 0.329798555290686 -0.00610271769395051 0.0594190683510299
0.157568223609554 0.293782321152678 0.0590774133322947 0.0609623280476193
0.278960848429219 0.148937518100727 0.0814957979762607 -0.0169101351731785
0.288092020896822 0.0027881996488977 0.0304289686473145 -0.0532946205545339
0.287730699676902 -0.0297964845528546 0.00975161384108948 -0.0556244115835749
0.296097443996531 0.0194520255596439 0.019518958897915 -0.0444685232172494
0.33056751723174 0.180727868720369 0.0269850524226461 -0.0277463181294433
0.174229820642515 0.363688196913758 0.0227963352581554 0.000918768484855869
-0.125325890187856 0.383092276389858 0.0370111707098483 0.0538484624616494
-0.461632112697894 0.130825937949835 -0.0261116778059092 0.049819280698447
-0.443097816809618 -0.304284455475586 -0.0333296211644751 -0.0258380837981567
-0.192446264708136 -0.522868463563337 0.0476129233325837 -0.0674877176002125
-0.162381667214185 -0.425864342333924 -0.0487349718196175 0.297639220203225
-0.37186091536674 -0.188613970367319 0.100583929219161 0.09906518854847
-0.355850383998585 0.120427937099649 -0.0154160325332949 0.0404206486503942
-0.0789539877758856 0.31614431569139 -0.0308425030858869 0.0783246480873116
0.141334075688445 0.281790030058089 0.0772109521623136 0.138100783681447
0.258291384583342 0.149728960017701 0.173319467006343 0.039207380771419
0.27175394459579 0.0176767999894854 0.144412247118302 -0.0394553243067093
0.265366935085946 -0.00795910370999116 0.118873621375659 -0.0561443450080817
0.263501833590827 0.0385877442107095 0.123857896329348 -0.0376272370222274
0.273066549784705 0.172008299683984 0.112218014414576 0.00495952607044748
0.124565085649761 0.310584506183139 0.0625697567982914 0.0554649039655961
-0.118958593482411 0.29397365083538 0.0302088674877216 0.0748780085949322
-0.362560009473901 0.0806119198024734 0.0144990566274645 0.0557902678761953
-0.349872876581808 -0.254556980456707 0.0381008271737013 0.0253847149652081
-0.165293070314768 -0.432388215194436 0.0940596120333522 0.087228029791992
-0.137189248348858 -0.317155999103121 0.0196676023852022 0.442520574850118
-0.28929110290259 -0.132853312158305 0.192207067648271 0.143171210876152
-0.261836627634864 0.0943376433499934 0.0209834506999935 0.0233173743619651
-0.0669544630517068 0.229816694157678 -0.0520571504219827 0.0891408163930393
0.0922454228708432 0.213157398870037 0.0844992216592866 0.200209751502011
0.186688858868217 0.123386149874039 0.24470302590268 0.0938359778370607
0.208374141965367 0.0309502374008595 0.242577148141044 -0.019875070266741
0.20122430636738 0.0161609866287377 0.209279967642768 -0.0498002962561408
0.193165567590267 0.0525911247343252 0.201012833146631 -0.025995766018073
0.174498158799245 0.140795270722953 0.16498912595738 0.0313206654781342
0.0495499177941331 0.212801555669237 0.0788822728804782 0.0864807305610553
-0.103705652455665 0.158806090663517 0.015384205347623 0.0727946341539423
-0.208610420042052 0.0123940945176626 0.043698648298252 0.0471815762889927
-0.201233345205946 -0.169756215487952 0.0846744265929814 0.0569361277641218
-0.11150237101105 -0.278583785317024 0.12409656370709 0.197278289340524
-0.0877923565545749 -0.153551686534375 0.0748121224110013 0.534567881900023
-0.152697902055885 -0.053206877389788 0.252256815765282 0.175749672042372
-0.11775136294796 0.0499606799335224 0.055776730616276 0.00414880431971998
-0.0389801424365224 0.099463660468097 -0.0651485211370811 0.0817665062186055
0.0275792167871938 0.104730537046765 0.0758378229658805 0.231658774852401
0.0816360558799167 0.0769491851152032 0.278066158187594 0.137068778949938
0.109152029472091 0.0403380254403882 0.305537441283282 0.00469282908220084
0.10761394976456 0.0391045356008954 0.266903422691439 -0.0366977570396754
0.0998363245247608 0.0593792778335941 0.241914111270815 -0.00974395657356696
0.0634686627236123 0.0947661798480224 0.182085661452537 0.0521692081824537
-0.0218835561889127 0.1042882790844 0.0743523068762166 0.0971660475158236
-0.0803843805630883 0.0300518837787775 -0.00547085485658025 0.0525267299700559
-0.058110173554654 -0.0420159012382046 0.0574549463533265 0.0288300328686087
-0.052294421510647 -0.0702117721706705 0.104222597344568 0.0679722573074618
-0.0516493096127832 -0.0993254449691512 0.136907695556836 0.253160319072167
-0.00654161916307122 -0.0434964370214263 -0.185781290860042 -0.309724416150437
-0.0563107099515056 -0.0131085115478123 -0.179075855914938 -0.0595211210196099
-0.0482858080666962 0.0546326352712937 -0.06582381014217 0.0205442871946113
0.0428483041678035 0.0587011181811794 0.0355686544254177 -0.00746357397810561
0.0635383284702431 0.00328751096580479 -0.0262164804839691 -0.114585616755633
0.0384791710785443 -0.0397371960486547 -0.180646380015662 -0.0901524273918743
0.00077722950639735 -0.0547944424023272 -0.259463172035284 -0.013858408422006
-0.00533572405326655 -0.052868178479555 -0.288051256911538 0.0223042317477425
0.000627841898894608 -0.044247522083834 -0.311918822184871 -0.00525215879833288
0.035567812806206 -0.0234029873488083 -0.275090649743369 -0.113542495418592
0.0459579927039453 0.00465324385911358 -0.119310423283288 -0.201796305353794
0.012543285264864 0.0402017781606377 0.0407880829792522 -0.101646013722078
-0.0538544207090092 0.0143690333703553 -0.0682358135364044 -0.0240259347603757
-0.0201087380890462 -0.0534463759090145 -0.189940601479636 -0.152386302095121
0.0336540338839479 -0.0543829809011278 -0.118173208615774 -0.528112971715887
-0.0542857303482187 -0.196692401309502 -0.188471590510046 -0.269214832125391
-0.147414667998413 -0.087383299277412 -0.167892701036941 -0.0543898367830475
-0.141728783760219 0.0607265058445331 -0.0754914307546618 0.0416603561035598
0.0082500725564504 0.133832445156622 0.0429570152917389 0.0148255950367886
0.0971156858248027 0.0916984571580259 0.00502502562528059 -0.0991355694329842
0.12402523345159 0.0146229419403353 -0.140638657770527 -0.104639015131099
0.103766919905682 -0.0498949824144557 -0.232523689645584 -0.0393384166093126
0.107735247455031 -0.0640310263097841 -0.264309949599076 -0.00512131713283208
0.121468175138529 -0.0388137866192208 -0.277932688675527 -0.0247470291415389
0.166055404489517 0.0444421547377919 -0.23937222404607 -0.112266596408815
0.111273252957084 0.144427052940691 -0.0994403947777103 -0.177886028586105
-0.037352958539349 0.185281429389786 0.0443424955336214 -0.0682758196770021
-0.230129701570414 0.0649492311867841 -0.083792599826777 -0.0114010615587858
-0.194699352614985 -0.167205315214099 -0.186616657119589 -0.160800979012395
-0.0438091730363166 -0.264072405177523 -0.0596498304137535 -0.50296936451286
-0.0789019233618214 -0.337226645989651 -0.172058258703683 -0.191551826975405
-0.227828938906423 -0.16814385853355 -0.14539620888397 -0.0355682627666435
-0.23548530481992 0.0694705489892747 -0.0795247592482634 0.0558580685639569
-0.0294960837851255 0.207851078635502 0.0362681889184415 0.0304530897852036
0.124323364958044 0.178930927261365 0.0267288803571159 -0.066549813074053
0.199803640059111 0.0723751202032498 -0.0844367375394778 -0.097686216938787
0.195182567742108 -0.0371691931402366 -0.172268978685065 -0.0533893029047734
0.204157818703113 -0.0647506228806853 -0.199602447163835 -0.0268537782215113
0.222287945148713 -0.0267979819974217 -0.202272190893894 -0.0372621877932448
0.272440050206545 0.106762857303868 -0.170523047043422 -0.0931863335777545
0.161702512764175 0.269726239784917 -0.0694654724568078 -0.129971589163701
-0.085130411459793 0.311823876542789 0.042260842795013 -0.0293265607516654
-0.379603863515044 0.114540366668722 -0.0837787083863111 0.00880500792276812
-0.352479994644167 -0.25613433680999 -0.164320662503327 -0.134516407013192
-0.136435969361334 -0.431635657067784 -0.0550324194112937 -0.395814927733635
-0.123095496293185 -0.435058898370922 -0.158356980142144 -0.0493336301510455
-0.318348120302972 -0.21330155154147 -0.0911959847413714 -0.00325569604461292
-0.329118167559419 0.0790717239905211 -0.0735110011201901 0.0581708615424443
-0.0727581047011486 0.282162358479276 0.0165537447937391 0.0449554658545689
0.139333657037415 0.262222389464214 0.0447224182643292 -0.0105823176013322
0.25343620883399 0.133144820249581 -0.00593827939766058 -0.0684939584588646
0.264415430678301 -0.00457988031424427 -0.0788469813275849 -0.0627778747115723
0.272798026084337 -0.0390235702445408 -0.101854137077212 -0.0517604926889676
0.288071348174443 0.00938238233797332 -0.0945795011114928 -0.0506099287962921
0.328774884700338 0.174426932078982 -0.0726237289210806 -0.0670209817156989
0.174938933667558 0.362164381369696 -0.0238927368946859 -0.0659354761389964
-0.132908121249139 0.387697891387483 0.0398032799747813 0.0153195297764462
-0.482212086256595 0.119393144161703 -0.0654002203051015 0.0262229033564057
-0.437886179716265 -0.329917471931556 -0.104472655726546 -0.0930640675823202
-0.164733193288329 -0.539736984528913 0.00462236703657646 -0.244662913403687
-0.14283887355274 -0.478566179593746 -0.119786510912186 0.120478302741062
-0.376316098752542 -0.232100390895293 -0.00527975239529595 0.0469268707024342
-0.384739799930183 0.102646205579891 -0.049087607052716 0.0533342913260319
-0.0934117676956844 0.332177843012224 -0.00878679728123385 0.0620825807598111
0.149381831413671 0.30622040670255 0.0607822582769428 0.0636530063760347
0.279214887162528 0.163684060454591 0.0846518748102839 -0.0168800344183781
0.293388663429956 0.0146027908707976 0.0327582162444286 -0.0519059261497338
0.294096972083439 -0.0193440744274448 0.0114485121213117 -0.0554479591264079
0.301598488008185 0.0327718167515225 0.0218759644113268 -0.0446508570398519
0.331470063558193 0.196198105482937 0.0284552594458882 -0.0262325879982317
0.164004298421632 0.377804416710103 0.0230203581476879 0.00526921524757005
-0.144151724361573 0.385166962702168 0.0360717422398623 0.0547175509389677
-0.477062229257152 0.113228856845612 -0.0282617993325527 0.0453526140309206
-0.442039382172746 -0.328665649029345 -0.030175214780944 -0.029695370992223
-0.174482983303681 -0.543246055304916 0.0522152782530681 -0.0678443339545107
-0.148522816250175 -0.443379341613316 -0.0616381117451468 0.299777629424927
-0.371767348810369 -0.208781678676586 0.0977446825754026 0.103273198653521
-0.369287086108502 0.1095106067847 -0.0144877011261387 0.0411420499987847
-0.0937681732893564 0.319255271365678 -0.034771410899757 0.0802528056135991
0.13315124732596 0.293900499472258 0.0765742837505589 0.143249372317748
0.257940003354707 0.16408910731155 0.175651583075972 0.0438635516767694
0.276544873436898 0.0299772345257313 0.147844396808037 -0.0326757796093859
0.270122645890643 0.00290065035003991 0.123158840269849 -0.0517493735788753
0.267802659356634 0.0504256276799751 0.127733763617419 -0.0334795171193472
0.272971651649182 0.185458790921904 0.11441574177481 0.0106862811537242
0.115686329804435 0.321137681894237 0.0612116378296111 0.0618041075030645
-0.134353112051952 0.294422372303157 0.0283740354800996 0.0775712278731438
-0.372343336480288 0.0672035915339604 0.0117487264141269 0.0527693659080756
-0.348181733420093 -0.275355545747275 0.0398184141261019 0.0256768266733461
-0.151502095011784 -0.450550535658122 0.0926382889651203 0.0926643447786695
-0.126623951674488 -0.331084599465277 0.00215841618826517 0.451369379703962
-0.290306438492574 -0.148822193386084 0.189582918619802 0.153419635375347
-0.272332121617145 0.085709505433818 0.022860996707217 0.0250114122658897
-0.078162793005866 0.231711097121703 -0.0562213459536014 0.0904247666003316
0.0859091058341757 0.221897064113943 0.0827238434730387 0.208329818611854
0.185820824986281 0.135199782627731 0.246184945587806 0.10240101507098
0.211789828577467 0.0407830226749197 0.246846766006753 -0.00901344211696657
0.2040205627003 0.0243624299251086 0.215322064392526 -0.041487954278665
0.195645267953963 0.0616343090230075 0.20573143307174 -0.0181490031114287
0.173189170658371 0.1493163258952 0.166569452114945 0.0389007671316938
0.043295900273178 0.21935489060216 0.0766514179440373 0.0934003545618299
-0.113533397627174 0.157081051591951 0.01226304791918 0.0748745584249019
-0.213744383565415 0.00358868360454791 0.0425160916328485 0.0456149963870068
-0.199320124115902 -0.181443975232578 0.0838164003868444 0.0601392322592903
-0.1013129685895 -0.290543708442107 0.118004309032251 0.207077819078298
-0.0817165778920487 -0.161948812039166 0.0538245327297773 0.551362014698112
-0.15354320287502 -0.0615925247274888 0.247200294435438 0.191452549316878
-0.122855210138897 0.0461486357109185 0.0585351762162873 0.00691456799176602
-0.0443100951024003 0.100305729866105 -0.0693114314420115 0.0822963019491219
0.0235618452312706 0.108423726546503 0.0712531837013739 0.240148695507823
0.080055073040325 0.0833517616124572 0.279360815045056 0.148162962335372
0.110660409626873 0.0460977021041553 0.309307680488053 0.0175836605979631
0.108828838263098 0.0437121338173544 0.274789510305952 -0.0268732812716475
0.100175645480151 0.0636599587848998 0.246995219842167 0.00135434404977366
0.0608981909334872 0.0990274768207858 0.182282262653133 0.0609917780597638
-0.0260865108749603 0.105847350820128 0.0711831977234375 0.102716036589572
-0.0834812923810188 0.0274228300637183 -0.00803473410533818 0.0542695103160619
-0.0575701416133581 -0.0456187167988492 0.057230818854677 0.0282766800776071
-0.0507321106969066 -0.0740872560318252 0.102479668409927 0.0726939363279605
-0.0467211456908732 -0.104878402210126 0.128815719199661 0.264561356667924
-0.0068547465120793 -0.0446767630470233 -0.192652222941148 -0.331877149578909
-0.0582177319752597 -0.0138487671904226 -0.187338227608365 -0.0671704514355808
-0.0508788404089482 0.0561471479364079 -0.0690352550750695 0.0227485313432687
0.0443195980671624 0.0615155844809001 0.0378753554023188 -0.00802866361869224
0.0672599760605924 0.00381930680802305 -0.0253995653678966 -0.122935460296729
0.0399790576952056 -0.0418230396388314 -0.188842116529471 -0.0977604872525836
0.000826722124643971 -0.0573090286332638 -0.272251035876866 -0.0199622771216029
-0.00501066839191042 -0.0554184963284487 -0.305498006632905 0.0191041443274345
0.00110477271214779 -0.0451511266630791 -0.328501336522416 -0.0101414368372238
0.0383505288243037 -0.0238486071750924 -0.288791509982549 -0.122858224904857
0.0485439693631689 0.00473153266822529 -0.123511942108975 -0.214167362150902
0.0129254729950918 0.0418124162547141 0.0440028397855012 -0.10899583760529
-0.056600101831733 0.0152396618656264 -0.0717832841020953 -0.0274464610290526
-0.0200001596636346 -0.0557776134915191 -0.194196536068983 -0.167588432682956
0.03470479303822 -0.0557851692619124 -0.115339178780587 -0.562140935593
-0.0550683758536897 -0.206215476485508 -0.194838919479777 -0.291212106977948
-0.152806256171546 -0.0936293173997051 -0.176033609459977 -0.0620025061936859
-0.149453219697216 0.0615319451271383 -0.0800152525609665 0.0441508542484621
0.00650385551195616 0.139241228573145 0.0449758988327983 0.0162598939730071
0.101242970351619 0.0976245385805969 0.00761655767450874 -0.106170436194773
0.130227556837685 0.016974826729358 -0.147382196077558 -0.112590394619222
0.109459844214182 -0.0508097465622072 -0.244193046800986 -0.0455571592933905
0.113925423978181 -0.0655925667931927 -0.27992991696112 -0.00986106800505953
0.129939197155533 -0.0380317840462147 -0.293390483970751 -0.0308525058415112
0.174613694479837 0.0483512995619162 -0.251135569137466 -0.121999222690783
0.115925733426468 0.153469467431149 -0.103522610340063 -0.187848934503189
-0.0425452820128461 0.194806672457344 0.0469009120760294 -0.0741526904710621
-0.243776330870878 0.0655510661007036 -0.089038003937783 -0.0150719668826206
-0.203599859250574 -0.179615680395352 -0.190830665480527 -0.176564281836628
-0.043651762821357 -0.280017653820333 -0.0538329786331618 -0.534724354758344
-0.0795838378860739 -0.355964421597427 -0.178873056158683 -0.209251752309693
-0.237459537184415 -0.179869047832992 -0.15267643225194 -0.0435329427771308
-0.248188758713463 0.0698408883561321 -0.0836373804774662 0.0593113718911388
-0.0344341150414098 0.217198613342142 0.0385077188490843 0.0330760122525302
0.129190696759499 0.190626415740495 0.0308787902638855 -0.0715696094062807
0.209970228578409 0.079007271950493 -0.0876712994436116 -0.105965767897039
0.205833550051365 -0.0358826569146433 -0.180810508732819 -0.0578841438313046
0.214744017197659 -0.0645989424273879 -0.211724408738931 -0.0309089459912164
0.237262684705666 -0.0227936212405921 -0.212696440011344 -0.0429581212129208
0.287086576888221 0.115879871406735 -0.178357075903712 -0.100241372853283
0.168498163604242 0.285988930922858 -0.0721679082940654 -0.135744006185875
-0.095619438835404 0.327015378477807 0.0448465627021887 -0.0330188169877961
-0.402880511386372 0.114545585599191 -0.0898087704181561 0.00520066810577201
-0.369100310194532 -0.275949264237278 -0.167481441304657 -0.149012760467128
-0.136793165410968 -0.459231889816942 -0.0508619730665502 -0.422355320680812
-0.125885136513758 -0.459766984753197 -0.165912847203304 -0.0586993161347552
-0.333052562640022 -0.228458495530942 -0.0956348868283671 -0.00901822663023742
-0.347163079343931 0.0794263246760561 -0.0768905913751885 0.0611745446445637
-0.0809422450103664 0.295120481460211 0.017064507188697 0.0485097241283357
0.143338435286908 0.279578307187758 0.0503023415314713 -0.0125826869249331
0.266852279064378 0.144504870555499 -0.0054494005584457 -0.075029311977663
0.278807231597431 -0.00109239222580162 -0.0818723759962384 -0.0663208347874906
0.286948975782936 -0.0372294052027044 -0.10737716091361 -0.0558175099179165
0.305541677625955 0.0161298045623078 -0.0985125126897267 -0.0549512392531414
0.347175116677778 0.189808800797928 -0.0751617885035369 -0.0715549308700762
0.179695016522096 0.384370714038941 -0.0243409904682089 -0.0671296487957499
-0.148051012428374 0.408441263026793 0.04160477777386 0.0144021890812204
-0.511734651711849 0.118946388156899 -0.0704290436937518 0.0227794455435652
-0.458927348288412 -0.357039916483326 -0.105734789961008 -0.103141164117372
-0.166196669506499 -0.573599616281181 0.00920633681306563 -0.260607762431249
-0.144566799948603 -0.507781869695538 -0.127833556129517 0.121526191466116
-0.394316933807487 -0.250746024005334 -0.00633515799685394 0.0457702951705431
-0.408253839040474 0.102777990371476 -0.0503986373302439 0.0562193470635311
-0.103871074035637 0.348190735519491 -0.00983012821628062 0.0662934942607592
0.153616913468494 0.327055934158902 0.0669344679689989 0.066601778420368
0.293253907656396 0.17771311505675 0.0891125793281769 -0.0194127161137196
0.310099611627242 0.0199238258365707 0.0344398094297128 -0.0525908283436292
0.309804891402651 -0.0160392531292218 0.0122400246812738 -0.0579024003620701
0.319115629995447 0.0394102986742004 0.0245447387980268 -0.0472986989675076
0.34921572880707 0.21150655668936 0.03144553568563 -0.0273370384059693
0.170001945590014 0.400977265407634 0.0245202813048076 0.00926809954505979
-0.158243965230018 0.404692805322336 0.0376270182228927 0.0571340604862822
-0.506898497250779 0.112127887719227 -0.03196951937294 0.0428089039067277
-0.463614644527356 -0.354353408033509 -0.0291781526607565 -0.0354490602082245
-0.179070901596268 -0.577351707627582 0.0572845634204242 -0.0719337178581344
-0.14955066396531 -0.471818624151826 -0.0691589635977419 0.313095432878488
-0.390536560719007 -0.227163918373331 0.101110079857059 0.107405848681327
-0.392088425438527 0.111308721193082 -0.0139282661000521 0.0437380739732639
-0.10508673847093 0.336171381982897 -0.0378303907516525 0.086170195326566
0.136887584375438 0.313850756316404 0.08336829852347 0.151913829498464
0.271232569577564 0.178191872446219 0.185228996189552 0.0453814712080455
0.292138734118541 0.0360390046126439 0.156351101270887 -0.0308095905272021
0.2834466976195 0.00621530585320151 0.130658460295496 -0.0524088796379116
0.283057901204289 0.057224094384426 0.135725860163877 -0.0334493547866367
0.286792623479301 0.199210092776307 0.120974641091568 0.0123800097398706
0.119235072538703 0.340307640444044 0.0640915396575407 0.0694733701649796
-0.147484745280457 0.308928840874922 0.0288626422234449 0.0810750091186598
-0.39500946250635 0.0647463067986575 0.0108515199176043 0.0518144826568835
-0.36512249483921 -0.294250780249887 0.0422692548716921 0.0254795036451442
-0.150681350471358 -0.479137972972822 0.0966686439435848 0.0987148739789761
-0.128032539982152 -0.353659551542284 -0.00475705454785375 0.477593581623902
-0.304401321769715 -0.162745499032675 0.195970430567074 0.164127989941566
-0.290182946288669 0.086080412827956 0.0258818188966279 0.0268501081764954
-0.0873953818950059 0.243902688453738 -0.060880787972069 0.0968839941017676
0.0871752036657057 0.237309870257062 0.0866666620082502 0.220085003994881
0.19616822439564 0.147134756246481 0.259473490438409 0.109142644563897
0.224228638701575 0.0464417417716609 0.259402665806656 -0.0042136882208211
0.2145810133888 0.0290619761468148 0.228136688716458 -0.0405199031449865
0.206093048870479 0.0678509342712914 0.217894068440325 -0.0160836234337178
0.181448621963624 0.160520053605597 0.174790409962163 0.0434919544516996
0.0439592219399618 0.232304885241655 0.0794435858201347 0.101695890559191
-0.12242038299864 0.164971120353467 0.0121069760795575 0.0796541739094658
-0.225294420220157 -0.000839448976411092 0.0438111378284103 0.0452419183273569
-0.207823132878846 -0.19478991849149 0.0874751976788495 0.0629559836751845
-0.101828928094993 -0.309842150243413 0.121194239888353 0.220887148536361
-0.083197868643391 -0.174933082960778 0.048953058430963 0.583217723032286
-0.161107762114108 -0.0688761672812475 0.256666285200465 0.206273568716222
-0.131527385200469 0.0458619796787881 0.0627368481484477 0.00796675497188266
-0.0495305852126773 0.105510088239156 -0.0742657741419334 0.0871146071425344
0.0231883154196888 0.116082429978005 0.0737684752930649 0.255164766158694
0.0848167628957525 0.0905951159506239 0.293102854310553 0.158640200946914
0.116489986951325 0.0503946706688217 0.325562424283473 0.0237265903442908
0.114018351612204 0.0477871270684988 0.29051066499491 -0.0236592976096001
0.104937960027191 0.0686025457415145 0.261023683476981 0.00560466236217767
0.0628441056985639 0.105850793363393 0.190860264650816 0.0669509921548933
-0.0288227851936819 0.112843095821293 0.0725704906089548 0.110937035830201
-0.0891709060036496 0.0279955085290627 -0.00958601963756726 0.0577973418715459
-0.0599058954933123 -0.0500992413730272 0.0602313389151793 0.027523886094862
-0.0523270517419378 -0.0792917748198316 0.105731874805157 0.0774787589534105
-0.0458414262101693 -0.11184496169661 0.130025893272017 0.282203965366337
-0.0106088819299233 -0.044892345312797 -0.257591096047157 -0.322086247404441
-0.0611373916514863 -0.00771986964053083 -0.206515463719368 -0.0434113863142014
-0.0452192242209186 0.066063176724381 -0.0681207700590567 0.0323778771417702
0.0547542306624665 0.0585083105949969 0.0365365167210322 -0.0174561692399913
0.0727297570225893 -0.00589016325602559 -0.051159085479169 -0.126215675009235
0.0366622754423224 -0.0507633959126037 -0.217182219594834 -0.0720432589106346
-0.00728223503551452 -0.0613068782179896 -0.295429716823725 0.0244027357045633
-0.0129885211930396 -0.0596779797134542 -0.318436168206918 0.0651170375144356
-0.00474613286087595 -0.0489930534816637 -0.349854143798208 0.0392019049486519
0.037645433292316 -0.0332370943096087 -0.323900809786779 -0.0858619083894027
0.0538618364539751 -0.00430055304969888 -0.164215983214941 -0.20847671704793
0.0192819160468495 0.0419507472756909 0.0293706185744679 -0.124301520655096
-0.0560378945911658 0.0252443576122237 -0.0803986614568561 -0.0184686704846725
-0.0273950757287884 -0.0526710824102845 -0.228576176988764 -0.150793807452222
0.0252226700669372 -0.0588384376314209 -0.199669820077292 -0.581315827063328
-0.0895805778799911 -0.210231296194726 -0.240618226517989 -0.271917753179286
-0.172588386984245 -0.0793268943372143 -0.188373790177597 -0.0413601786943894
-0.148471133764003 0.086306511944071 -0.0691634985596797 0.0536418219843349
0.0247435614172148 0.144935848302576 0.0497636304302161 0.00257519728967577
0.121438099240922 0.088641462802973 -0.0150436615166278 -0.118952455165659
0.140598200264897 -0.00103992147939007 -0.180953311246677 -0.0972175886393414
0.108757976447941 -0.0683155123292511 -0.271967613215805 -0.00930518527398569
0.109792230404 -0.0862737117298006 -0.296716770327917 0.0320519977909301
0.130619276060077 -0.0606052149255362 -0.315811026006748 0.00987959208029364
0.191643318319854 0.0230542034251268 -0.28251774354811 -0.0926240208466515
0.145791930285925 0.141319600802505 -0.138147531753796 -0.186114379314731
-0.0194871394659035 0.209730379876144 0.0403454843895759 -0.0908330725293454
-0.24454281667918 0.105592659931378 -0.0942664204190185 -0.000744958092645638
-0.236621778175758 -0.15550237605274 -0.228272715870246 -0.157703947929336
-0.0885733134824307 -0.281269667204202 -0.131655109621491 -0.563906681861106
-0.143083474525337 -0.367397403192857 -0.198537920745521 -0.179743371912498
-0.275931800937223 -0.158294465900823 -0.155982532367007 -0.0239816103661472
-0.252172139058295 0.110027176758903 -0.0659489625076977 0.0661363778953402
-0.00809017511798506 0.232053708652735 0.0465739337961349 0.0180658906306601
0.162698135712967 0.183225291409557 0.0132663542783055 -0.0920740427528594
0.233602190275341 0.0539923790897137 -0.121209463978592 -0.102713955384784
0.212058769993273 -0.0652069165141805 -0.208760929128649 -0.0338772444500933
0.216564950005807 -0.099286246625717 -0.228522332558191 -0.000548490958227406
0.245046317236641 -0.060508726630713 -0.232819876340623 -0.0152131602779288
0.318618704250928 0.0769983362519712 -0.201570605581826 -0.0816469379397634
0.220111537595456 0.272859092507995 -0.0964830947941862 -0.136359784991301
-0.0569253839103235 0.355400772068996 0.0468472678231971 -0.0491803590112959
-0.403956381523608 0.181814412792062 -0.0892167632561873 0.0213094304383799
-0.423561449099573 -0.231902064444774 -0.202646513447356 -0.12775349628529
-0.212039327609619 -0.454169480876746 -0.114571770188091 -0.445372029439901
-0.211363683173523 -0.473408665939545 -0.150830057440806 -0.0177550964660437
-0.385337411035101 -0.196362442600119 -0.0853250855697979 0.00275568823134326
-0.355254970294252 0.134931317798616 -0.0532856744850427 0.0633994330659356
-0.0472073578868577 0.320895455676803 0.0297397391765704 0.0340219203712094
0.189803848595448 0.27476424165346 0.043450184320979 -0.0372145331851504
0.303373944076576 0.115156008994304 -0.0325833650440587 -0.0859794752243333
0.294051052119142 -0.0382358492962729 -0.106489955765983 -0.0611884896330765
0.296834142612165 -0.0799414658140801 -0.123536783605782 -0.0412555412933715
0.323302295677161 -0.0291160158175165 -0.113600170493113 -0.0456800313773965
0.391604966395352 0.144464202874705 -0.0881251837798556 -0.0666252906411315
0.247222124186152 0.373981124549486 -0.0346067718755564 -0.0710696473780214
-0.0998990913446059 0.447566063008654 0.0526355725944173 0.00151152611760752
-0.515914892265246 0.20154938287677 -0.0647055385956393 0.0379300964087508
-0.529298439206678 -0.303568275134741 -0.132721412843184 -0.0855469819047985
-0.257501528577154 -0.571498214724373 -0.0285400795098413 -0.281535416692199
-0.241636438808903 -0.522934401265649 -0.0755928717456718 0.171281615102415
-0.45549033949466 -0.212860378841903 0.0202311346175892 0.0466670920665389
-0.416965996683048 0.170752265906345 -0.0229350904512495 0.0499918775351096
-0.0639866157550008 0.379782020022282 0.00542407098251652 0.0552353582379282
0.205829620281292 0.323110017198131 0.074103177918939 0.0406925360378718
0.337536403632607 0.147425831872919 0.0751252096871698 -0.0443250226191713
0.330423558228865 -0.0205769019353417 0.020981532218211 -0.0662271144514147
0.323206223938268 -0.0598615109486052 0.0030980178728871 -0.0613902026904647
0.341734845315516 -0.00609239441167058 0.0180976937157914 -0.0551026073645659
0.396512516833401 0.169107581115829 0.0313548718145677 -0.036708546971898
0.239000261554335 0.393009154958237 0.0280996637534162 0.00328851415698986
-0.112385547027661 0.444515535455536 0.0546356113062464 0.0477972422254032
-0.512045304856367 0.193659368952919 -0.0212797650381494 0.0536563415811718
-0.53456921688494 -0.301139919186298 -0.0426056626673289 -0.024599077000285
-0.268850091265011 -0.574955808625979 0.0481079986605597 -0.0877197901069224
-0.243425536092069 -0.486058015558505 0.016821378560963 0.365071052645644
-0.450224538153488 -0.18701913922909 0.14431399366058 0.0956727630588193
-0.401398801123394 0.174898739223562 0.0132035785014039 0.0304176095611501
-0.0678997246362717 0.367566548204695 -0.0197806306668085 0.081831973029374
0.185204069113366 0.312747111310486 0.106501319188939 0.129117791206499
0.311874343958586 0.15087106915684 0.188556053555481 0.009662855127828
0.313096877819995 -0.001484441576796 0.154577255658071 -0.0638039290539786
0.299794185956168 -0.0316585088135286 0.12790144116414 -0.0736801536848265
0.306495728584095 0.0189524697503514 0.13865059835608 -0.0572174531943646
0.329212703666384 0.165488257457724 0.131465684646389 -0.00795389807073509
0.176022355520088 0.336790648633324 0.0789193490239801 0.0613922591673521
-0.112969052561937 0.343203585142581 0.0483629245052163 0.0770133219921383
-0.40286933512514 0.126774226039229 0.0243713954514645 0.0549656204664192
-0.422929737181683 -0.254057471863964 0.0421334593890138 0.0271866225768218
-0.227701726939413 -0.479175849837067 0.115162483182994 0.0897032831570358
-0.200665539735193 -0.364365762485479 0.102214200554042 0.524700132696005
-0.350194690908974 -0.131648251157904 0.249422655888103 0.142760968954643
-0.297316938550403 0.133577355539267 0.0472842858638403 0.0102866705518308
-0.0611408141208184 0.268789338050138 -0.0426579562626388 0.100770409112718
0.120845619388557 0.239377689123107 0.125364202594327 0.20582843311881
0.227720976555396 0.129511527425174 0.280608140812429 0.0661362769827546
0.242610491419294 0.0198991044280048 0.271289198432528 -0.0519193781521194
0.229706882036426 0.00216869026084588 0.232551947190791 -0.076056720154217
0.226822789659563 0.0412980213228702 0.227576353217562 -0.0497991228861853
0.212751061201296 0.141614980263936 0.192055551983591 0.0180020904839752
0.0801715340833225 0.235690666297127 0.100121552852778 0.0943857389444163
-0.106711646289205 0.188604941499984 0.0291105955484996 0.0806800509600902
-0.235508148157293 0.0334374131731594 0.0539453542613918 0.0410382287902337
-0.245267076032799 -0.172696527362735 0.0967904362183424 0.0573696901190588
-0.148982961385366 -0.30926045542394 0.158391362324891 0.216191736023863
-0.122919584518204 -0.179271305502651 0.163477636672487 0.62057004970529
-0.185007833818364 -0.0514409772795253 0.31246673480813 0.180195679709631
-0.134217290798596 0.0688367706082345 0.0754393726635916 -0.00820810557920553
-0.0395990220766022 0.117454144365995 -0.0601905331414812 0.100254399649032
0.0367774731055703 0.120795408160398 0.12065504446568 0.251096943475619
0.101806117316566 0.0855881216455929 0.330995186283343 0.115661030083623
0.13042366793505 0.0390615590761396 0.350426925203422 -0.0315927716224905
0.126589872903656 0.0364039871179367 0.300437678557416 -0.0668677089153149
0.12026309350772 0.0572551378076821 0.276435091378229 -0.0321940647870046
0.0806984920879416 0.102271198857297 0.211279978107543 0.0415551269859011
-0.0132198262960981 0.12277006369077 0.0930548961721101 0.105640516530885
-0.0901396683650048 0.0429894446408452 0.000514692221675161 0.0636410953682207
-0.0706879966391096 -0.0433856964249412 0.0667299875246349 0.018111442940566
-0.066348119790132 -0.0758178451566853 0.120271494710887 0.0667517455608631
-0.0615305774016348 -0.112153762926953 0.177672763451182 0.281726887265995
-0.0137670562570511 -0.0439138787786968 -0.29165901439001 -0.313293995876413
-0.0620919921264789 -0.00297255524302199 -0.215478030180265 -0.0303985127984771
-0.0408067146804835 0.0711810229772516 -0.0655604340123825 0.0407810113996389
0.0603952441770585 0.0549115687447533 0.0372985333845468 -0.0211122977040442
0.0740608062593913 -0.0119521552501773 -0.0631602346560951 -0.126252985244098
0.0323558021779995 -0.0548881081825573 -0.228331294387872 -0.0571703018924974
-0.0135450478227844 -0.0619692359095011 -0.301109037361086 0.0462541210628309
-0.0183787533649265 -0.0596344418034034 -0.323418786220634 0.090206414581615
-0.00820253820662533 -0.0495505393351852 -0.357412014052321 0.0656281969556654
0.0363410778431394 -0.0383509999499849 -0.33943863651623 -0.0629392409418822
0.0544756857469322 -0.00951480206221069 -0.18600527350562 -0.201333874868732
0.0224824624345619 0.0408470674533598 0.0188059371235537 -0.131374019062954
-0.0545085755425575 0.0308561865509489 -0.084801972230095 -0.0132656770603724
-0.031462943464811 -0.0507485798149193 -0.243346628265355 -0.14219979150096
0.0196535552904532 -0.0609003073284952 -0.248301790248527 -0.585363138906111
-0.108043817320177 -0.206515052925094 -0.269435998929868 -0.264665038894049
-0.182057896135066 -0.0673530649057112 -0.197540046282723 -0.0305779534755751
-0.144680036063139 0.0997485387069853 -0.0652855330713163 0.0610267610619236
0.0362225055353532 0.145562270593421 0.0516814621956219 -0.00106846352883802
0.131776962090649 0.0812712146997137 -0.0256001087443254 -0.122678051518043
0.143920013711139 -0.0120103484855182 -0.193145365081206 -0.0862202438433763
0.104824360655759 -0.0778377754648415 -0.279756257356614 0.0107382409632245
0.106411592445239 -0.0956421174988448 -0.302727523533589 0.0555685122215778
0.131014404904616 -0.0716230256526211 -0.324444293230839 0.0337307068018831
0.199305854605744 0.00767752029022487 -0.296994176183678 -0.0731914293901844
0.160844835209525 0.133236444830588 -0.156093633643192 -0.179282765971457
-0.00521047139846666 0.216183942126756 0.0333609835317643 -0.0988528505808688
-0.24218986122795 0.127439210400911 -0.0978920870172153 0.00445623782089881
-0.253777882515603 -0.140849007979067 -0.243626196155544 -0.149898689631703
-0.113983744222606 -0.280848490118288 -0.177933319406705 -0.571439980121057
-0.175472900926559 -0.363834605221879 -0.219261221079504 -0.173365842758892
-0.293498835392588 -0.140364390514666 -0.163697547976994 -0.0174548256186028
-0.248604420500029 0.131746333214711 -0.0607887485444066 0.074139062148897
0.00872574118994687 0.237559863846303 0.0508401004549895 0.0152610971210378
0.182383420315931 0.175062969019251 0.00663754400280828 -0.0970603740445472
0.24455753915354 0.0369348993633754 -0.13338829974746 -0.0967026124572233
0.212260300703396 -0.0829721457174757 -0.216298728757603 -0.0195819418975906
0.214702300431969 -0.118008636780645 -0.234768884996518 0.0167539024803286
0.248685900589353 -0.080469286346945 -0.240166647347009 0.00102781387644928
0.334700179271442 0.0533700534169676 -0.213091645391454 -0.0682029946807286
0.247383324936252 0.261928426735266 -0.108204793180332 -0.129738160933644
-0.0322738150647329 0.369821626593865 0.0433752757817581 -0.0567076509924888
-0.401955139006416 0.217043792918089 -0.0917873384982957 0.0263479904930338
-0.451811152208562 -0.206164661243225 -0.215219123362744 -0.120881955140779
-0.253055769437086 -0.451577834863396 -0.152018215036953 -0.449388340572026
-0.254822199814933 -0.467435386062986 -0.157320851886859 -0.0113397204570518
-0.40806677488146 -0.171814219948415 -0.0898161421340718 0.00420215332984991
-0.354207858184391 0.166848257241333 -0.0474278380311958 0.0691648765315184
-0.0240644352190774 0.332716623188389 0.0342759954444405 0.0331567482148057
0.217797511013887 0.267454979857166 0.0421742883816343 -0.0442909024474261
0.321580357242991 0.0945905547398078 -0.0415974993143501 -0.0880927670872607
0.298732376919807 -0.0616033103153313 -0.113596644839408 -0.0543183373536386
0.297824642936203 -0.103151982690825 -0.129307392681814 -0.0331948186269117
0.331527338110023 -0.0536901525005379 -0.120332023698622 -0.0398997493058778
0.414240504295467 0.117864277745548 -0.0946461224979142 -0.0618122566814415
0.283711696369311 0.364349100021787 -0.0391518799799256 -0.0668304196272423
-0.0722546941927858 0.468604225044124 0.0536707122957708 -0.00535007607029171
-0.514673898073742 0.247113228964348 -0.0653370850392521 0.0404992944302689
-0.567180442103319 -0.268882266371637 -0.141160604947028 -0.0831820138466944
-0.309116516276025 -0.568051517400106 -0.0518935657622305 -0.289090760360665
-0.289158980039764 -0.51590090123573 -0.0656167482656762 0.177205590737298
-0.484221811725419 -0.182125604700569 0.0216749573973758 0.0420125007219623
-0.413654043594947 0.206966915012215 -0.0177836004241643 0.0525973590885534
-0.0368656503486592 0.394439409589066 0.0109557398768657 0.0565057020457319
0.238997693231685 0.317764940178476 0.0812623445128466 0.0333383877135951
0.359553338258676 0.12426224857732 0.0720619549418161 -0.054089002703091
0.337448261196136 -0.046035653416999 0.0165992688186875 -0.0696281079796454
0.326754886036892 -0.0853966680765359 -0.00186863404221551 -0.0637090551403197
0.352329802448362 -0.0321932029755895 0.0148883654301976 -0.0597691084337068
0.42150012874149 0.141554123337105 0.0298476804910212 -0.0406849407920334
0.277398143020919 0.382482164204815 0.0314913938438636 0.00444270834627411
-0.0825501490931531 0.465409222724704 0.0594545126676874 0.0425125378551195
-0.510801007402675 0.237675142970662 -0.0194459781577155 0.0520116042026879
-0.570322100276014 -0.26686962738418 -0.0451972978713624 -0.0264413077052828
-0.319681624569088 -0.570197738929755 0.0415295033888658 -0.095430310375551
-0.289790746095227 -0.479282869390409 0.0451879153130567 0.370551360982739
-0.476092954768677 -0.158973729384056 0.153155337143782 0.0845012268539393
-0.398514926262802 0.210199154669897 0.0180404404205246 0.0296357097186736
-0.0423057950382221 0.382935900715756 -0.012883055001176 0.0860800729721056
0.21629616528788 0.308805561675363 0.122163507279744 0.121293308238378
0.335025167149403 0.130662206436352 0.192892886705828 -0.00784426268322248
0.322549496348792 -0.0255228476411389 0.154299413767295 -0.0764577508831397
0.304023902044524 -0.054111864782256 0.125883441433323 -0.0857928555081208
0.316469816201676 -0.00406885900341856 0.138276019186018 -0.0708766679127001
0.351959210558446 0.142972311490651 0.134218248865652 -0.018921605981978
0.208985027401116 0.331442943112928 0.0878149559802859 0.0600415794000993
-0.0911456969644919 0.361572137586924 0.0560845196578168 0.0737719574867637
-0.403319050876263 0.160552944793078 0.0268717585557536 0.0498965362761305
-0.455224621314182 -0.225538335696434 0.0451449985713103 0.0214219593853556
-0.269377392135604 -0.474291296562234 0.124426402322914 0.0825470706223922
-0.234500525210357 -0.359838355122554 0.146100140026049 0.528786118169925
-0.370158188786836 -0.11010432037561 0.265028069521068 0.12634932068052
-0.29409072116572 0.160306615350366 0.0501386043196265 0.00621884608767315
-0.0434866473839791 0.281651104736709 -0.0349681810333792 0.107739091467446
0.143377768346984 0.23862868648193 0.147803022428914 0.199957776418228
0.246313126086711 0.116376520243426 0.293345108231972 0.0427488909866959
0.251916139092818 0.00135047338744362 0.27510585863983 -0.0728520307476899
0.235105541334641 -0.0147217360560201 0.232440713422879 -0.0956617273389397
0.236097902552484 0.0248003740315192 0.230415470336958 -0.0685907049867464
0.230177787901265 0.128269100639251 0.197542394300145 0.00347921873783812
0.102232711939548 0.236406488821487 0.11075435967317 0.0918988510534843
-0.0956497295669701 0.202467132566135 0.0359831474933614 0.0795155300974904
-0.238756595985917 0.0505996156982938 0.0570831970209731 0.0333413466270468
-0.264925788511311 -0.157957347073649 0.102979808973018 0.0497076817135173
-0.175436564746254 -0.307348014533405 0.179341738628451 0.210321172417606
-0.139979387780302 -0.176556299271398 0.215582094202442 0.626854932718254
-0.19426469438236 -0.0401889582766224 0.332408420020838 0.162533478411884
-0.133151609326575 0.0801475470621302 0.0770042838798397 -0.0142821520862979
-0.0324842643234386 0.124636581302244 -0.0534787922324676 0.108604269281523
0.0470311066623349 0.122310871277313 0.146194134919846 0.248301963097593
0.112780900239818 0.0812695543305546 0.349232006261857 0.091411174593471
0.13835473655856 0.029979438293355 0.356749863274172 -0.0584791821615359
0.133279278909696 0.0280369490271906 0.304192251592399 -0.0921519099326835
0.128099491612954 0.0486429008943935 0.28201010152526 -0.0545955603943791
0.091216236004843 0.0987305338558612 0.21911788271289 0.0265649987308527
-0.00311341432869598 0.127643860739918 0.103904040586705 0.102646821251255
-0.0892573689922807 0.0514759516799132 0.00487679976046386 0.0654428661418922
-0.0763866908086961 -0.0406880919231513 0.0688329397866788 0.0106167061735056
-0.0740086897291202 -0.0727282498067534 0.126882277500415 0.0589026923469097
-0.0698951725600154 -0.111532383847569 0.203016897891666 0.276531760358143
-0.0160154216461179 -0.0410949540014986 -0.309128987201951 -0.287086007827562
-0.0596300593832435 0.00134969212757464 -0.213408656083493 -0.0162204086055759
-0.0352164607677878 0.0723002779665524 -0.0593160963933954 0.0452235468092716
0.0623006132848413 0.0483148585231311 0.0349460710896885 -0.0232090713235088
0.0713831993831948 -0.0177356446913912 -0.0713619211027632 -0.118669339923787
0.0265376373968859 -0.0555841331472587 -0.226951844049103 -0.0391218945913512
-0.0185887471011896 -0.058810892287509 -0.292223749765467 0.0655643107774199
-0.0221773358796246 -0.056712607959882 -0.311529493680234 0.109708816514143
-0.0107361881278405 -0.0473822089544822 -0.344932378593087 0.0894426049175842
0.032901153574905 -0.0404868432186039 -0.335753195507303 -0.0365595581569073
0.0516360559642293 -0.0141855156671071 -0.196651681941677 -0.183750424089935
0.0245165303156248 0.0377218119080775 0.00749348722415279 -0.131625911834819
-0.049662923287868 0.0350530602520963 -0.0843178887287135 -0.00634941633379914
-0.0334840786005615 -0.046408297939462 -0.245563967100528 -0.126656955124139
0.014029141720544 -0.0590836434568871 -0.283087146479204 -0.555910129329931
-0.119414116586925 -0.192687473995472 -0.284509910234721 -0.242239633440742
-0.180859827998021 -0.0527937359445521 -0.196731032969261 -0.0193012229798208
-0.134089544032657 0.106859700326666 -0.0570476132551607 0.0651722940885287
0.0450694813070818 0.138207116185092 0.0510513036219254 -0.00459416255667417
0.135264698328753 0.0693552381034709 -0.0341382310032854 -0.118430731324003
0.138905724983225 -0.0213159329242172 -0.195394133986399 -0.0711884358609831
0.0965943810970475 -0.0821492311924134 -0.273018839270561 0.0292274012761794
0.0966885155728123 -0.10041217353528 -0.293686118284634 0.0748512589752028
0.123843523287463 -0.0781840552857944 -0.315406039202582 0.0547181708959572
0.195470293839005 -0.00729794313835139 -0.295809703795197 -0.0502527741270366
0.166254791532312 0.117820248094999 -0.164606076736967 -0.163299979543377
0.00948445761945847 0.212474723976405 0.0234467126807984 -0.100949300492602
-0.227179589000608 0.141980177001798 -0.096871981058745 0.0104666426836848
-0.257195540093879 -0.1191098891113 -0.246625170554389 -0.134938809211842
-0.131695856532292 -0.26621422606755 -0.215510460356551 -0.548043729650191
-0.197251320279162 -0.34084725898239 -0.229436353882829 -0.158060283619697
-0.29479643759369 -0.116680473322221 -0.163443079445008 -0.00857089626239894
-0.231961128948981 0.14491952122253 -0.051211613123519 0.0769506255300244
0.024409203730182 0.230189290598087 0.0513953960871407 0.011535549700911
0.192363950005139 0.157292148351428 -0.00104496908728058 -0.096960802244197
0.242604620845594 0.0185892186782744 -0.13841234955438 -0.0860268348892533
0.201054315404077 -0.0951605059153222 -0.212822758879422 -0.00373921858837978
0.20074568360422 -0.128854146657999 -0.228823463772942 0.0323021148998405
0.238651706273799 -0.0951153814240622 -0.235952657084606 0.0173256305552408
0.332077964562963 0.026941459212155 -0.213240924756552 -0.051974049767998
0.260961928711006 0.237756590256844 -0.113047403573107 -0.117960265019125
-0.00738666081673764 0.36461716731812 0.0361371077373714 -0.0611546613629246
-0.375937410260222 0.240334417584038 -0.089741975129797 0.0300579212755827
-0.455530018219622 -0.16918641606528 -0.217605056961775 -0.108578257402273
-0.280683984422311 -0.423910310820028 -0.182445512326835 -0.430434225985808
-0.282022522055446 -0.43523653786675 -0.156998151468318 -0.00464407295167894
-0.409799467631537 -0.138762462773384 -0.0913640895818329 0.00658913587640052
-0.331061425343736 0.187444326739002 -0.0389610506500339 0.0709137111697249
-0.00100464828867469 0.325273558834848 0.037109371675621 0.0297177639496045
0.234520628573913 0.246153304471546 0.038508411475232 -0.0493053517473997
0.323857655367466 0.0688783987804828 -0.0478034043056974 -0.0847428359319448
0.287409058942261 -0.0811598744193539 -0.114310134945021 -0.0449095987597852
0.283335516746746 -0.120624502269606 -0.129407021550692 -0.0234897840188234
0.320984427923462 -0.0758028779244837 -0.120109736364847 -0.0313296593551075
0.415357932955932 0.0835615251165134 -0.0965908542497106 -0.0545961052925865
0.305521013767614 0.33447954546355 -0.0408985966091223 -0.0599905534878031
-0.0365668776600122 0.462764324221687 0.0502758313003971 -0.0120530818417901
-0.485161982623072 0.277654744592154 -0.0633460460483839 0.0410763411250027
-0.573358023373607 -0.221740273726356 -0.143029369759331 -0.0768517101164577
-0.341117068580306 -0.535326202269555 -0.0726776983942234 -0.280252869915515
-0.321080125555008 -0.482640355071954 -0.0530795131625628 0.173362940684493
-0.48512273397224 -0.144947922630655 0.0205983816248343 0.036327597004671
-0.388959052727532 0.230533380672572 -0.011453896102688 0.0520362465624913
-0.00885451682928858 0.38858511569752 0.016318751297931 0.0540785309296108
0.25870575730111 0.293514822178526 0.0826336413936349 0.022862166440843
0.362149125742721 0.0952358139234132 0.0657629119795814 -0.0602038395156281
0.3267132439367 -0.0690340963228483 0.0116926735732377 -0.0686786230548365
0.311992371551843 -0.104722548924836 -0.00630432443563919 -0.0628789854289093
0.342252559161399 -0.056408086777989 0.0101230147328909 -0.0607359765004905
0.423537468200726 0.106083748627464 0.0267537913300453 -0.0423385555308115
0.300167531596873 0.35391365537762 0.0342615255971834 0.0053294552609617
-0.0495749850208745 0.463143482751473 0.0598688496315208 0.0348651559802229
-0.48377213685277 0.268856405695377 -0.0181013367783872 0.0484565132948117
-0.577715378157726 -0.219651274765077 -0.0461670349350513 -0.0270224316049566
-0.352600986163545 -0.537679120372163 0.032663661509257 -0.09708327633915
-0.316106489087167 -0.448009250563767 0.0687559238566658 0.354835216345643
-0.476533280077701 -0.122362882455166 0.151897411092284 0.0693313105128174
-0.372865934023638 0.233210382197077 0.0204017937227094 0.0265050320555662
-0.015303270492891 0.378516710323529 -0.00503683267186196 0.085160859933429
0.235468648835758 0.287650876144818 0.130295108749677 0.107525972773459
0.339899835105568 0.103945689853693 0.186696980968311 -0.0241706977453586
0.314540618314083 -0.0477983420903082 0.145793384628484 -0.0851695348684784
0.292804846877845 -0.0735902687079461 0.116481757798972 -0.0926189147832799
0.309802053167519 -0.026617709839058 0.130032920987376 -0.0797896079172
0.355756406485491 0.114135792674928 0.130311123392863 -0.028225536511958
0.229267736284731 0.30775957889045 0.0926277283043494 0.0550088849559682
-0.0642765468614719 0.360713828960634 0.0587474863585918 0.0661829161218199
-0.383415855194239 0.1844263958463 0.0271783813432304 0.0424404072489087
-0.459359054138053 -0.186630547952673 0.0438710631967442 0.0145973141423209
-0.295806849709509 -0.44681139773539 0.126423931401765 0.0709762203019075
-0.25491490832974 -0.335852188129503 0.179361582766474 0.505309090976979
-0.369250298874167 -0.0826950877217851 0.264768779132369 0.104569888761803
-0.276570824729256 0.177099768804533 0.0501846102199759 0.0022697888429198
-0.0240083997237992 0.279568176651513 -0.0258241035489925 0.108218070920201
0.159056365413843 0.224597745562037 0.160744218766417 0.182228332386587
0.252187283518969 0.0965551787242355 0.289504208905275 0.019124407108609
0.247354553961808 -0.0161401385406545 0.263797459042664 -0.0900661275152322
0.229330838750756 -0.0296812953749859 0.221543838056379 -0.109766290163233
0.233250810248412 0.00752903153727895 0.220523176616048 -0.0848319371134206
0.234775140968237 0.108052571986253 0.193346363919834 -0.0102410869523709
0.118351682824469 0.223634740858386 0.116444793804177 0.0835703633893382
-0.079895034414217 0.205504941253122 0.040474144289563 0.0747520867387014
-0.230464659119945 0.06516170617513 0.0557705315739488 0.0240665340967897
-0.269029775856077 -0.134712730745604 0.102023184334607 0.0399811717101308
-0.190559108141291 -0.289921628336522 0.189081712289787 0.192969442062612
-0.149127912580594 -0.164757917215864 0.254643519675073 0.596060459330292
-0.193123067696456 -0.0270177858507522 0.334978717997924 0.137915526802129
-0.124314598985529 0.0874750645691586 0.0737558153055516 -0.0197181790651383
-0.0237404793185617 0.125894311632394 -0.0439064949301672 0.110613496434333
0.0554112990037337 0.118012548200119 0.162556871844041 0.230302268336472
0.118429737843051 0.072233462091287 0.347661999297505 0.0626940006758923
0.138365322407981 0.0196605347770712 0.344856971431646 -0.081382719594416
0.13268261693708 0.0188403801815519 0.290792764798727 -0.111091796673706
0.128749587365885 0.038228790704495 0.272685303303102 -0.0731208754837412
0.0964264122260483 0.0901059745221608 0.215814420245552 0.0114523591362651
0.00742886413816045 0.125359545422758 0.109018230976409 0.0946682339239423
-0.0837369198112521 0.0573554704836377 0.00951456092395676 0.0634230487049024
-0.0781599577428363 -0.0352878905226415 0.0662777099346186 0.00163304270058551
-0.077087495358203 -0.0655022883233245 0.126309672756553 0.0484876173096788
-0.074442779299904 -0.106920855732326 0.218302990334755 0.256650487458031
-0.0160739584044114 -0.0384545550468378 -0.306237870147912 -0.264659017186649
-0.0557811041629665 0.00233595219723741 -0.205554936731881 -0.00948888385464703
-0.0311335716878408 0.0700906378274658 -0.0530707440136488 0.0447925859468528
0.0605970348565177 0.0432477557799961 0.033562437656112 -0.0232625623464273
0.0673322918752996 -0.0203832168831066 -0.0718535800093597 -0.110617248451176
0.0219817469596267 -0.0531166286460925 -0.217990562534521 -0.0299854828332287
-0.0206240993970447 -0.0548111964602702 -0.277159730276693 0.0710300021245643
-0.0234651381288044 -0.0530253547084911 -0.295441830327318 0.114692344793161
-0.0113845698803866 -0.0447085444656765 -0.327333748304283 0.0962184037766008
0.0301346672663787 -0.0403444820780197 -0.32204194957023 -0.0241202271449194
0.0479950089614937 -0.0165094214412985 -0.195120277598398 -0.168728224052808
0.0244453218207255 0.0351638031952371 0.00122092779382282 -0.126646476823357
-0.044798161661527 0.0351135413650065 -0.0811609219539646 -0.00358338556750243
-0.0324532927762619 -0.0430181024592267 -0.236446382732882 -0.118193678748533
0.0104840293257905 -0.054565025434242 -0.286906934461975 -0.523100623185373
-0.119135716161434 -0.178852442295791 -0.281811977956565 -0.223786131942063
-0.17254176124247 -0.0455635081008974 -0.190983210464362 -0.0138444114646357
-0.123300329390692 0.10578103469577 -0.0503272475550465 0.063483199533518
0.0462623862760163 0.129831106542025 0.0493033495462619 -0.00644665886422985
0.131813568191973 0.0612342129754355 -0.0367296866086526 -0.112391156718585
0.131976247615369 -0.0249674166500149 -0.189913982264659 -0.0612598249652558
0.088779599925164 -0.0806979273190727 -0.260688628922374 0.0357014615918129
0.0889111331618193 -0.0979073359935442 -0.279170325759686 0.0799989308622607
0.116300256430636 -0.0782377855799652 -0.300634022994265 0.0617936029637009
0.186888989230711 -0.0141178358975922 -0.283665837812122 -0.0390829873272991
0.162010386012279 0.106467513105064 -0.161558352912706 -0.149627655214385
0.0143163876032113 0.202549391004316 0.0176983678152596 -0.0988918834145138
-0.211880678860313 0.14180670064259 -0.0931546933659764 0.0119471563349384
-0.248709642023407 -0.105579435042332 -0.238436927635253 -0.126406246116863
-0.134267031804796 -0.249926771819321 -0.221037069708909 -0.516969647239842
-0.19808893802048 -0.31665229082534 -0.227184516039441 -0.146651717043375
-0.283055546835817 -0.101618246515495 -0.160171285959144 -0.00625352616983662
-0.215675002576495 0.144207290167459 -0.0449172924709663 0.0743739830442764
0.0302901551209495 0.218038583383537 0.0505049902566124 0.00854179000509205
0.190396773936438 0.143475315378151 -0.00423842251936608 -0.0937760202255766
0.232386409788041 0.00897307682055162 -0.136563316994493 -0.0781489454358472
0.18811950537356 -0.0966530254563851 -0.203584289621448 0.00281802886694443
0.187579359099439 -0.128137033439067 -0.219720554255535 0.0378320121702906
0.226416320594729 -0.0983781951464347 -0.225695588266924 0.0226680484181049
0.318763460720288 0.0146079362565408 -0.20472878389699 -0.0431900761800253
0.257438968850932 0.217925279815056 -0.109997520320502 -0.107648200145685
0.0030454818393059 0.349141285372709 0.0311780014937985 -0.0615764685059267
-0.351990056937075 0.238980102709473 -0.0869377863040781 0.029310364509699
-0.439376864274614 -0.147801549094368 -0.210915267448113 -0.102987824150783
-0.279966636617015 -0.396826806517004 -0.187712018671383 -0.407668447347846
-0.282394201099361 -0.405210014057579 -0.153302171503001 -0.0031064317304382
-0.393676359892755 -0.119459292827961 -0.0908698898758971 0.00615462688541932
-0.309585300577935 0.187827285137216 -0.0325412284359066 0.0687314772362088
0.00869770441303793 0.30994217296892 0.0376077780314525 0.0266163846103279
0.233483295676055 0.227417869214532 0.0348624206801703 -0.0500598844339753
0.312401095095911 0.0546218499439264 -0.0495611067281114 -0.0806268122665218
0.271692540463013 -0.0866319727055466 -0.110290988534392 -0.039476061085199
0.266434467728707 -0.122910940988186 -0.12480423136599 -0.0193024071117137
0.304648607662515 -0.0819823851896187 -0.116573726285831 -0.0274357719022444
0.399414178608509 0.0661188651550026 -0.0931544647010089 -0.0492886711115861
0.302964312623979 0.308739086816098 -0.0379102458000818 -0.0538523607628136
-0.0232059643768135 0.44425515778396 0.0457499091631077 -0.0154284968745868
-0.454602614035322 0.278928882107616 -0.061600873399442 0.0380574248777712
-0.5517540490895 -0.194170855904382 -0.139537262709093 -0.0731258839272138
-0.342767285399606 -0.500614496284036 -0.0792055826531596 -0.266451838920269
-0.321549980839068 -0.447857233249521 -0.0477789907776419 0.162834687021621
-0.464828627734434 -0.122440283464649 0.0162203066181923 0.0312201184414468
-0.362724296642802 0.23111213484184 -0.00787438931162343 0.0499290741065133
0.00303132538880549 0.37155307935749 0.0187596262126334 0.0504189861735842
0.258910698452426 0.272670285997229 0.0802710130678119 0.0171546856608141
0.351729227629268 0.077801219131321 0.059352614593713 -0.0621154881394208
0.310789837455821 -0.0759933527627768 0.00922888747390951 -0.0655526400528919
0.294883150342909 -0.10789674514645 -0.0084523283549091 -0.060217200284814
0.326145436584634 -0.0638285701697904 0.007735753750299 -0.0594576444185851
0.408054413732292 0.0864128158218271 0.0249223445370126 -0.0418341650694654
0.299981422303791 0.325737992949383 0.0364717939700432 0.00568309895488988
-0.0337685108951246 0.443347834926331 0.0567402688371864 0.0297406850786269
-0.453137283422068 0.269941358072881 -0.0189984373233972 0.0426229890911374
-0.554507661203647 -0.190597243356422 -0.0467154052391228 -0.0277008299919323
-0.352294594023186 -0.504415540916762 0.026270681970664 -0.0932828856996182
-0.315763824627952 -0.415064306561868 0.0753765510172628 0.333058465519047
-0.458717576262599 -0.102822902647737 0.143248866057872 0.060359140177352
-0.347341168280818 0.232549218409992 0.0209145460955917 0.0246560532533197
-0.00308595985686442 0.361994837261954 -0.00107341196596652 0.0813860800876527
0.236351940870621 0.268047550498219 0.12825327306177 0.0957022983825233
0.330798468486406 0.0875144962019216 0.176949344868036 -0.0320231422419218
0.299115549766483 -0.0554978585254291 0.137189163175907 -0.0855989101814744
0.277638268860053 -0.0779121081125777 0.10874526948093 -0.0922625259704668
0.295273390238409 -0.0354657048777812 0.121471707240641 -0.0819207764163973
0.344193936566453 0.0963566530271908 0.123347853435467 -0.0316993722825565
0.230849382916929 0.285232602526007 0.0932241355170861 0.0513711097636446
-0.0509349751394729 0.346739668136012 0.0574023658019361 0.0600418713696407
-0.359654757944607 0.186614784016406 0.0239147221452389 0.0355738126530702
-0.442540988455338 -0.164146652184611 0.040581814432262 0.00992791614088751
-0.293549764817215 -0.419402740763247 0.121047321328164 0.0636501809604237
-0.252821709581118 -0.311818512988155 0.186868320473498 0.474441573663833
-0.355309122002082 -0.0688615159155272 0.253621219948159 0.092121295164483
-0.259270639132388 0.175878581287678 0.0484978770576055 0.000610695604757062
-0.0148213170088791 0.268734827760211 -0.0201362105351644 0.103964024659043
0.16061313685774 0.211356393936277 0.16135994508241 0.166701803469173
0.246684075003945 0.0836141835328599 0.275616122944765 0.00605900151810723
0.237020205029193 -0.0232652682310564 0.249892335092772 -0.094213222027732
0.218880301250267 -0.0347940765118155 0.208817799353569 -0.111550178592962
0.223003400001284 -0.000524837496536816 0.208103267509816 -0.0885155530606547
0.228542296440776 0.0955792826490584 0.184170635720754 -0.0159995751526644
0.121509589905737 0.208929628055246 0.115567039953034 0.0781770777892157
-0.0704098493351781 0.199671525204197 0.0396117413449807 0.0688768967053597
-0.218393464626207 0.0680627408429059 0.0509611279960645 0.0179822461382348
-0.259934010027076 -0.119619057619468 0.0967797033723097 0.0341060138729852
-0.188593202183732 -0.273845086281688 0.185829542817313 0.178362096375793
-0.147597340749746 -0.153089091076238 0.260042561048978 0.560759711244008
-0.185038561681944 -0.0209070908292533 0.322619953900214 0.123490392867704
-0.11593431633008 0.086133699788815 0.0698859554723344 -0.0200311365426163
-0.0196134662291515 0.121599969838598 -0.0382365134497997 0.107493510756919
0.0571679638039692 0.112893332198411 0.16389184310552 0.2137045685702
0.117950417155075 0.0649781042789362 0.334121134675334 0.0465238454880027
0.134320728954256 0.0139902784857984 0.326764093942758 -0.0885208650041468
0.127596673773523 0.0142567882102485 0.275328470549752 -0.114251663759373
0.124129441125944 0.03224757624244 0.257833784684577 -0.0780358749464741
0.0954995564854246 0.0828267347227487 0.205906127033569 0.00462873332161056
0.0128797027878237 0.119578434108208 0.107500865929317 0.0878631453834452
-0.0777478708751791 0.0585989557672925 0.011044968407578 0.0601521015158367
-0.0769015552006907 -0.0317481201558806 0.0609254658879525 -0.00394885591648473
-0.0755176446068237 -0.060060311905139 0.119680290513415 0.0424598506511083
-0.0726956906230739 -0.101807233582943 0.215717185529631 0.239120726032885
-0.0146121576516545 -0.0369027991927157 -0.296186792639839 -0.259559200587444
-0.0535805175077998 0.00144733531784426 -0.200157930071661 -0.0113676107852048
-0.0311394454559512 0.0680547030077885 -0.0502670054084534 0.042718834495045
0.0584369658134532 0.0415929916057778 0.0324565649101079 -0.0229711494082438
0.065799131122332 -0.0205555342364953 -0.0684282816868799 -0.107612295831767
0.0210021403111771 -0.0507694491629052 -0.211386556655899 -0.0293807930680948
-0.0204521556178594 -0.0523722981284168 -0.270665424842467 0.0673089195824267
-0.0229496174309944 -0.0514702602310433 -0.289225023527637 0.108999781682135
-0.0100725356008422 -0.0437594047795304 -0.319944221544152 0.0910717025518093
0.0289077281572299 -0.0395860999335112 -0.313728870709955 -0.0245332776543117
0.0456310640384616 -0.0156672559311821 -0.188359172270123 -0.165183294451432
0.0228722076276031 0.0337163461526426 0.000413630311933664 -0.123264228452993
-0.0420625037920743 0.0337625006627678 -0.0785180725306758 -0.00379679009416311
-0.0308758628862603 -0.0415435405425232 -0.226877029981205 -0.121197174802576
0.0101087070148763 -0.0510047110172663 -0.273392109596311 -0.509365424669801
-0.113299126243391 -0.173463240263121 -0.273973488130094 -0.220402104713608
-0.166178209073356 -0.0457715108382826 -0.187910630896376 -0.0164719404123583
-0.120336778819075 0.101043847118313 -0.0479750073862055 0.0603507273093669
0.0435568478169162 0.125364290623286 0.0479114635329164 -0.00614038215166828
0.128731216512419 0.058905671423532 -0.0346483880311608 -0.108627619250952
0.127692263330852 -0.0238755890370823 -0.184288672723232 -0.0604831676651593
0.086254340136879 -0.0770653827764635 -0.253706751835172 0.0325344745506749
0.0868956150589979 -0.0936035078850856 -0.273656561985085 0.0748050064603377
0.114766535817207 -0.0751485865255798 -0.293856718753272 0.0574232521631014
0.182536554755438 -0.0126325671851868 -0.275907661821838 -0.0401709297467877
0.156589225065036 0.10356125387452 -0.155558555638494 -0.146448440082924
0.011493239094033 0.197212705728785 0.016108922182534 -0.0971744291710997
-0.205738975926649 0.135936306299971 -0.0913911388891233 0.00993531523618398
-0.239825067257856 -0.104840604227102 -0.229508706059468 -0.12971259834743
-0.128605644793531 -0.243456423971646 -0.213877162761709 -0.504179506525531
-0.188717577265577 -0.306331702013144 -0.221518807107179 -0.145518518766685
-0.272792639946202 -0.100734704213207 -0.159091925905859 -0.00902869671631567
-0.209438570291659 0.137496954593095 -0.0419857299034423 0.0709541539882177
0.0267073710406947 0.211589603889245 0.0493047769341273 0.00837544665521993
0.184773538364919 0.139577742514164 -0.00397649311432957 -0.0914582304137706
0.226784330514963 0.00944189465904275 -0.132632419535873 -0.0767170827180885
0.183284127849483 -0.0914271290816966 -0.197614558689756 0.0012041134573445
0.182710268360431 -0.121717663434558 -0.214740083178904 0.03463793569397
0.220831500532515 -0.0937160167441485 -0.220117507541847 0.0196114186725599
0.310505208223254 0.0158542181493288 -0.198846040519041 -0.04367554452736
0.247958731307771 0.212503605668267 -0.103989522839318 -0.104205489478134
-0.000657537756003996 0.340265002743833 0.027696641199041 -0.0608761267465425
-0.343543803154313 0.228088909276925 -0.0866319209853245 0.0257164741018477
-0.424669268214908 -0.147942880863291 -0.203876942769105 -0.106355219880813
-0.26961915109534 -0.388927853490321 -0.181123556437442 -0.39668824126681
-0.269815648596323 -0.389442342500101 -0.150923634454039 -0.00752066951136724
-0.379749874866648 -0.11908885339176 -0.0932446296008483 0.00327188645474843
-0.300059850143505 0.17829139954686 -0.0306501996144712 0.0653247945020221
0.00553427318415781 0.30029128608604 0.0366159816828254 0.0259868761175485
0.227299924164523 0.221222971529312 0.0340626347663898 -0.0487325768753338
0.304532716996347 0.0528050776553455 -0.0494511994043206 -0.0800301674980806
0.264701111570512 -0.0821462520128572 -0.106648823397207 -0.0385737158180057
0.259502818107319 -0.115880250609042 -0.122537072451293 -0.0200508206473597
0.297549978132945 -0.077340397577858 -0.114035917023608 -0.0290199196573166
0.389079489224999 0.0646358131672608 -0.0903790981751103 -0.0495003286640448
0.292693529100577 0.299483219896044 -0.0328253130001958 -0.0509703240348819
-0.0268579268994464 0.4325466448254 0.0423518420239005 -0.0158841283304033
-0.44389522654717 0.266690917822015 -0.0632640787359289 0.0332548343409481
-0.532447901888631 -0.193619158215174 -0.135989378976956 -0.0766129213413989
-0.328530175105109 -0.490557141193385 -0.0776922558482059 -0.257930210610929
-0.3069218101978 -0.432615907460835 -0.049655755404216 0.153932299614885
-0.450032644932881 -0.123222507878132 0.0109793823192395 0.0286558972119669
-0.353328106747932 0.220052576629198 -0.00559032120599117 0.0479332937436596
-0.0011168094992784 0.36081488612228 0.0186352156501606 0.0489751459168062
0.251486310429536 0.265532346589344 0.0777213651474283 0.0152022078230176
0.343343977345371 0.0759780976783354 0.0554741774976946 -0.0620721486797076
0.302144810294433 -0.0717500713852963 0.00976866871736462 -0.0633150186891482
0.28686690050873 -0.101724283392685 -0.00801032747743351 -0.0587166298783266
0.317339646069922 -0.0599321230207241 0.00697983738842459 -0.059817343334065
0.398263524061096 0.0853789523187176 0.02448926096805 -0.0411693675751107
0.288796953593389 0.315936660446927 0.0389874128222259 0.00710959767103452
-0.0362056263874746 0.430695951004329 0.052700216128349 0.0275968235873803
-0.441468643982113 0.255932724255734 -0.0228711769716964 0.0376731115319937
-0.536334647560435 -0.188762154619961 -0.0471521611659639 -0.0305682383646694
-0.337342380326851 -0.493964506649403 0.0240301189646807 -0.0906487326792263
-0.303683376792438 -0.403523404415449 0.0688386902651588 0.320146559430888
-0.442954701699235 -0.103652639675701 0.134053950812361 0.058053088594681
-0.340722387700926 0.220103868816002 0.0219309369574537 0.02433990435111
-0.00591662719165821 0.352261441385324 -0.00134696904330826 0.0781358678018642
0.229812825159163 0.262774620282394 0.124279190324823 0.090959005926818
0.323344904033694 0.0848252706475072 0.169746287570849 -0.0325791837718085
0.291737953011202 -0.0515808606300383 0.133698645214233 -0.0819392453134944
0.270866519294221 -0.0724373705487787 0.106492781285513 -0.0892160518652725
0.287246771185378 -0.032040247417249 0.118490449765681 -0.0799695312965111
0.334340748545431 0.0946427317745099 0.12067253635894 -0.030537648522667
0.222393334023519 0.277350969157503 0.0935494715982654 0.0515680561366918
-0.0518248453195222 0.337337638713788 0.0540899427348179 0.0571387595876888
-0.351251022252982 0.177400720823588 0.019008260576657 0.0308681168228132
-0.42621186290534 -0.161788120988205 0.0364980693188724 0.00837235012203415
-0.282625940149275 -0.413566962731115 0.115588769750871 0.0631039396964912
-0.242785039586774 -0.304840473661514 0.174821570947241 0.458732469522035
-0.34386588069376 -0.0705884559118678 0.24228679992958 0.0915660553989723
-0.252642759030127 0.166719326943321 0.0476723981896844 0.00168657381963303
-0.0168147365087147 0.261787532224584 -0.0199249958171466 0.100939759155621
0.156652996572604 0.207336068698297 0.155447925456357 0.16135025912894
0.24148843710722 0.0812672877626094 0.267116567156845 0.00482429013347656
0.231686791527386 -0.0213106441781149 0.243328024653749 -0.089466419302941
0.212963982416467 -0.0309272415216231 0.20402330458022 -0.106259447071537
0.216038118566692 0.00142136030094791 0.203082619608744 -0.0851015510609848
0.221758018239424 0.0936004155641686 0.178893102720179 -0.0148136898636002
0.117880146251938 0.202567607320567 0.113983411679642 0.0769082044497063
-0.0699498499569172 0.194394809389013 0.0374812403873669 0.0666818499609717
-0.213650105234644 0.0633760496016447 0.0459978318892437 0.0144155383765421
-0.250026665585102 -0.11783149129156 0.0905428363844079 0.0334270080648549
-0.181017287402838 -0.269301532944593 0.178293174956953 0.174376970068106
-0.141749843937164 -0.150439021809096 0.249039381010474 0.545091254628108
-0.180093565723519 -0.0226876888127354 0.311223566603565 0.124800039809649
-0.113629805637195 0.0812947385283577 0.068632410661632 -0.017315157617889
-0.0201519816511315 0.119082560028414 -0.0370753487336837 0.104808773804094
0.056224904332499 0.111351535739418 0.158979622641803 0.207771048499667
0.116453815850881 0.0632526312189575 0.323547393042701 0.0449626991451614
0.131608652560173 0.0145586003131632 0.318604236757385 -0.0833657101266113
0.125022615668389 0.0153126048481225 0.269870231763157 -0.107660812880744
0.120200848135888 0.0320510731005427 0.251412941644771 -0.0740952376398463
0.0923918473884822 0.0806524962008649 0.199411801379364 0.00584621818218751
0.0129639725132868 0.116089798464809 0.104154713506479 0.0870624699100695
-0.0755824540347737 0.0570706587457297 0.0101966787790247 0.0580368170688032
-0.0748576971952792 -0.03220879330449 0.0569628201761794 -0.00599754736115139
-0.0717346665570568 -0.0590159582828685 0.114291656727147 0.0432923643012015
-0.0682116342234851 -0.101666531984566 0.208167101588364 0.233176931014105
-0.00820482245328942 -0.0382281576710854 -0.258164758434467 -0.299636230792038
-0.052536064879838 -0.00819888824888685 -0.198985978235112 -0.0436675207340092
-0.0412904015991737 0.0621890518251365 -0.0590935711674248 0.0305605253783377
0.0500103053128214 0.0499436438618686 0.0324172852013904 -0.0180262161028166
0.0673713419216005 -0.0101754810363604 -0.0543028279907454 -0.114279072616926
0.0293651002366871 -0.0451542993160609 -0.205648756449417 -0.0584348284092719
-0.0132246161460212 -0.0534064626955507 -0.280864944081825 0.029829045164215
-0.0159438325600905 -0.0537049446598943 -0.306573453040799 0.058760221653451
-0.00391062166577713 -0.0412660080467489 -0.334273264085387 0.0393199827804797
0.0330983002662303 -0.0330070164580152 -0.308884652756516 -0.0759596175242706
0.0436169080987704 -0.0080121948535531 -0.161371829917093 -0.196387960129079
0.0148047293907129 0.0369330372411482 0.0199903072488007 -0.124928599877256
-0.0462623301271794 0.027614908041153 -0.0759327019032772 -0.0166621104941959
-0.025179668671904 -0.0431388971455971 -0.204259183846079 -0.162508499902792
0.0111728565139038 -0.0446609829869413 -0.186019615577625 -0.559898468792418
-0.0858514017604909 -0.185593703736266 -0.228585028941531 -0.260164740337841
-0.155821708782277 -0.0724715647365572 -0.181893758639181 -0.0509286959225101
-0.133989269251091 0.0807486901792561 -0.0566344722994389 0.0424275765490329
0.0212326325510247 0.129854556460625 0.0444892717534939 -0.00360070390787762
0.116124539135239 0.0779795180028904 -0.0250596117273419 -0.11334070201627
0.130975450638067 -0.00144573671787375 -0.178907237249849 -0.0832518402123975
0.0973595389846084 -0.0602158513346309 -0.261820880848544 -0.00228181860712281
0.100389667078687 -0.0764725857767371 -0.285360132142593 0.0279003246798142
0.123768171840297 -0.0512733749938992 -0.303050180063295 0.00716535788299394
0.18001441175838 0.0182528767339817 -0.2677357644513 -0.0878807493566788
0.132366765364319 0.127393229685168 -0.128692303879046 -0.173996006927916
-0.0251600599780075 0.195827114947846 0.0328404215290434 -0.0981743808532964
-0.22494864228434 0.0996546624639311 -0.0889447398915366 -0.00362654394252048
-0.219156189193809 -0.141915490479041 -0.205939982556643 -0.166215213941017
-0.0925667256857389 -0.260785628199568 -0.125252004446006 -0.540091469167944
-0.141692280444713 -0.326437348322452 -0.175230899171037 -0.179585659340896
-0.251270363273568 -0.143919904500973 -0.149695316499329 -0.0417270170549136
-0.227515807648911 0.101120178689246 -0.0509190758115775 0.04779831844871
-0.0100305046837094 0.210886749611356 0.0414355356319003 0.00608053366044738
0.158351681536153 0.166892331627467 -0.000240145066637128 -0.0945514780363858
0.22258849967437 0.0458975484488208 -0.13059064069673 -0.0913005444590511
0.198242149103457 -0.0592985779512267 -0.203054506848657 -0.0261136046874218
0.200915695202698 -0.0887386129286181 -0.218576897836709 -0.00157110341458468
0.231065666147582 -0.0524819052162263 -0.224215447722446 -0.019756551552522
0.301948825054095 0.0657534960922618 -0.189946180701624 -0.0823603594360922
0.205579682481133 0.24847129915675 -0.0816352632954276 -0.12595236891716
-0.0622004264503335 0.33444926148585 0.0399375944045836 -0.0621223890722712
-0.375312147273819 0.169115713295394 -0.0858166496002431 0.0135286410403978
-0.392425227667072 -0.216327042578057 -0.183996484388133 -0.132117380418856
-0.203175524610196 -0.429965103658655 -0.115243395933738 -0.42369693398089
-0.208811685718483 -0.4223718824529 -0.116264456087583 -0.0349700909850295
-0.355078844008639 -0.178940972845012 -0.0819533604892458 -0.024513226284238
-0.323165089187558 0.127392006598492 -0.0372596712324625 0.0381747924659456
-0.0467487804260327 0.295043072434956 0.0260298664699547 0.0175975834443939
0.186059392167114 0.254627627845731 0.02795629437462 -0.0511827341026226
0.293518954042031 0.100836267979581 -0.0511503661901803 -0.0812359650179224
0.277157397884028 -0.0366708028634534 -0.107364099505271 -0.0537043262167693
0.275897265730344 -0.0697859696822827 -0.117755076649118 -0.0402061940374671
0.303429165564299 -0.0256227083088985 -0.109653510050332 -0.0515253814813315
0.372001590565657 0.126773123914116 -0.0799302956720763 -0.0714490430136698
0.235124548202704 0.340881565604686 -0.0171136284534627 -0.0618928894106096
-0.101273356839119 0.422034103970471 0.046921914058792 -0.0163489893987867
-0.480738501620163 0.187982765410744 -0.0638111344797181 0.0249605968726891
-0.489922170929791 -0.279170685522745 -0.122700014472536 -0.0865534837792701
-0.242232394145938 -0.542211240147637 -0.0361244314587763 -0.265030547621326
-0.239939141704437 -0.470131085825221 -0.0334927743726933 0.139062330961996
-0.42434717612605 -0.193529606373696 0.0206818623736438 0.0138462008129782
-0.383141950842217 0.159084707130222 -0.00991875247826 0.0206851299802486
-0.0626549757384221 0.352547760038162 0.00312385938455112 0.0356101501540042
0.201839961984222 0.3046244970462 0.0600893445895494 0.0169787466273365
0.327462472343423 0.129205840335885 0.0487021658870358 -0.0476488302840678
0.313930400575629 -0.0203533645008937 0.011903996671488 -0.0626903398329827
0.301195941822639 -0.0512593678746956 0.0022750739421094 -0.0594185585376658
0.321154608166524 -0.00618332941925877 0.0156822398872745 -0.0621915514306648
0.377072491492749 0.147564911569095 0.0333356729612125 -0.0452996920045132
0.231934730050171 0.356452129300923 0.0448564076882231 0.00800354943174158
-0.111841874226166 0.417468209128405 0.0509319185318331 0.0297920776145638
-0.476000505172835 0.179073576121439 -0.0246775737755043 0.0355549238173308
-0.491989219111244 -0.276546812876315 -0.0428345303364182 -0.0243798892096803
-0.248722415456845 -0.547794922802498 0.0369098231682598 -0.0786722945578624
-0.240329191028627 -0.442124146208866 0.0591317584523352 0.320843184809491
-0.421450886519137 -0.173942268058508 0.139819119331998 0.0623719225969033
-0.37021273437042 0.162742346565161 0.0212455372946495 0.00180930117548278
-0.0685624756625393 0.345873703437056 -0.0193864394053009 0.062001000463754
0.180797251157048 0.298181874234154 0.0962492632080507 0.0983833592461793
0.306008580188473 0.134362733698244 0.159351454698311 -0.00239738615168859
0.300752705495893 -0.00415033668269795 0.139022747634409 -0.0638603690927327
0.28155071789832 -0.0253466280537259 0.12106039778276 -0.070233884566166
0.287329844199855 0.0149092049673949 0.130415610874387 -0.0642123947078583
0.313830832692619 0.145707326385616 0.126841793081074 -0.0177041500967483
0.174783184879492 0.305852599327312 0.0915427268005636 0.063299178075016
-0.109320984372038 0.323239244599307 0.0465761615426747 0.0615258416435648
-0.373647922401955 0.114482607995255 0.0152663596549544 0.0345802891262665
-0.389093407774061 -0.231888341765336 0.0330133748295311 0.0269732836942126
-0.202917433350874 -0.457612525767004 0.102169314905828 0.0893854638962068
-0.195918793837297 -0.335559057213454 0.137831663368275 0.475562094346727
-0.328876692969569 -0.125848310341429 0.240026895237673 0.116920649289752
-0.27637784965887 0.122708877841617 0.049062199568886 -0.00939766593641246
-0.0628783451729258 0.254780141839813 -0.0386035813463382 0.0852494267466197
0.118458004999631 0.232893110828599 0.121430774894767 0.173842459382253
0.226441949229611 0.117976567044931 0.25324211523642 0.0477399288982123
0.236073274819214 0.0168998721680707 0.251818290410494 -0.0561902495481315
0.218269996382269 0.0055379279608205 0.220778644910396 -0.0709051706232444
0.212737244262526 0.0350231948711132 0.216017458687218 -0.0538495080307292
0.203669690164615 0.126352711859536 0.18166550798144 0.00932717661196823
0.0849061210263544 0.21587827520651 0.105612613791208 0.0935565209639905
-0.100860681729359 0.179134308720105 0.0289547388487422 0.0696462694529824
-0.21967122882155 0.0258140218549575 0.0421765561181456 0.0216049303671509
-0.223013978524415 -0.159547042791109 0.0826212072437825 0.0567953165018579
-0.127673509764233 -0.300796749247561 0.14687502291893 0.210786752801672
-0.118870596618602 -0.170019036737534 0.184111442191044 0.574288259772556
-0.17549560353716 -0.0520324633034137 0.298182541895439 0.167478404535037
-0.125528227391515 0.0605524531320081 0.0714573925955802 -0.013794045215927
-0.0414021390611848 0.114010469598734 -0.0523538597377686 0.09281773961318
0.0357111451555512 0.121131668597244 0.123669898633611 0.223583817577479
0.105010224147638 0.0799489747571921 0.310778723054946 0.0935662622766776
0.130354949983927 0.0345778510167615 0.328285433543426 -0.0386652755504574
0.123426691095792 0.0357216595991447 0.286460971267573 -0.0615661638606765
0.113453225158525 0.0489633591925508 0.264191825420476 -0.0338501134487065
0.0790547337499294 0.0933807445746744 0.198916219414304 0.0366284181526009
-0.00391522285602617 0.114899660926976 0.0916728606171037 0.103960585887161
-0.0827354054100801 0.0440934866798754 0.00197679116234696 0.0589370795181462
-0.0694407852944624 -0.044997463081415 0.0545593313610562 0.00185603799389815
-0.0586622698307952 -0.0713263279288824 0.10329161039631 0.0657717538890455
-0.0454161378751912 -0.116216988608591 0.167812571150249 0.272362967641103
-0.00857538418667177 -0.0393935460758234 -0.267540832174048 -0.30928537654885
-0.0541230652875675 -0.00910168180687164 -0.207930193594904 -0.0449638403672755
-0.0424444433965848 0.0656520374645893 -0.0604826859390786 0.0311032044318038
0.051247609373784 0.0509593996530495 0.0345591039159348 -0.0185669725148371
0.069477841830075 -0.0114395489693338 -0.0552348728677687 -0.11827258428799
0.0299268256104275 -0.0462870980646633 -0.212750766970881 -0.0592743966480858
-0.0148246287645747 -0.0535480559639771 -0.291094300618682 0.0303482910838345
-0.0173328124824333 -0.0558974641113606 -0.32026685387402 0.0610196131076628
-0.00334420012629866 -0.0425698896169376 -0.347597487665054 0.0403795964795671
0.0342730791339521 -0.0351270551542789 -0.320443792747508 -0.0772347505562551
0.044749954603761 -0.00903625519674651 -0.168419159299757 -0.202870958317273
0.015279061992857 0.0377343412835377 0.0192936900412244 -0.12945428160553
-0.0462512272103741 0.0282491807104122 -0.0778230074238999 -0.0171533441291468
-0.0254422394603354 -0.0444305009401111 -0.209924742761629 -0.173397752404396
0.0107439056665779 -0.0446529744709656 -0.189963614167666 -0.578133497684803
-0.0874892792242511 -0.191424416921568 -0.238503815444894 -0.269591772690918
-0.159463415749411 -0.0756347078152382 -0.191381897447443 -0.0529499049533474
-0.137392424064978 0.0834480838271679 -0.0588439436241451 0.0429980446107805
0.0213730025779008 0.132981789848928 0.0458335094018932 -0.00286756146140701
0.120622024984121 0.0790425335001813 -0.0246763985809146 -0.117278050656417
0.135749867820244 -0.00214643475504395 -0.186102631659193 -0.0853090443677697
0.100205216317147 -0.061630784468134 -0.271262153321768 -0.0019775722072431
0.104021406024558 -0.078868959453066 -0.298292620840913 0.0284898071703361
0.129260156227485 -0.053156746506315 -0.3155843801002 0.00694741272107781
0.186657947374146 0.018020607125574 -0.277965983188786 -0.0908890742455043
0.137317823766819 0.131569247458108 -0.132253322424381 -0.180295787433687
-0.0269695264230531 0.20380245502367 0.0320664185924059 -0.102683917460283
-0.232036197310659 0.101696173075378 -0.0934599039345559 -0.00498547598840746
-0.225873610671908 -0.148925249338782 -0.212082968711683 -0.176518891104391
-0.0957330379226181 -0.269689656248826 -0.130062942181895 -0.558711468303795
-0.143106005368483 -0.336500549156709 -0.184347477384565 -0.187701121995585
-0.259104577459173 -0.148868562521911 -0.158804757981777 -0.0450815051167437
-0.234820497795401 0.103440627759037 -0.0521653606508941 0.0469687723698165
-0.0108485502612839 0.217280569667817 0.0433461236270534 0.00713544105675827
0.165212468732862 0.170933995904277 -0.000388572936214983 -0.0979265724798898
0.23163519019284 0.0463114596736636 -0.136405884244031 -0.0942990803736803
0.204286716611782 -0.0613055193837972 -0.210466781626368 -0.0266801724405201
0.207987026983451 -0.0909797439248718 -0.229325923995098 -0.00226162310921253
0.240661012240379 -0.0544326629343809 -0.233552590784383 -0.0207814858570996
0.313515153158969 0.0675151479216768 -0.196558711227202 -0.0855228741055601
0.212666176382093 0.256313339386865 -0.0823275323505099 -0.130294141893854
-0.0647725786125742 0.347371649724005 0.039161912503677 -0.0651581452873251
-0.389655073465247 0.170229317291938 -0.0916088312343735 0.0121089821933415
-0.404696938186851 -0.225973847410448 -0.190980028135825 -0.140657078843606
-0.21030351920378 -0.444678822640244 -0.119907957386623 -0.435351707393733
-0.212292434624576 -0.433829745746788 -0.123750910439333 -0.0392467834011745
-0.364504885954889 -0.186380752909415 -0.0903008542968138 -0.0261977166046008
-0.334309319677501 0.129228496390763 -0.0370891566602115 0.0378778956440672
-0.0484255350447454 0.303750640714182 0.0268020101273852 0.0184665706496522
0.195345957969165 0.262361088122031 0.0285143154011983 -0.0533435654975784
0.305511328862001 0.102018974518231 -0.0551755317203883 -0.0845977570125867
0.28679312998036 -0.0381465479914194 -0.111039995905387 -0.0556738897804889
0.286281575491002 -0.0704728954157626 -0.123371086151047 -0.0422971701068208
0.314925574801023 -0.0260679465026533 -0.115718134120479 -0.054832972097199
0.386490876660635 0.129910368505762 -0.0825648523199848 -0.0745639298084417
0.243959145531009 0.352446431609207 -0.0143246388679836 -0.0633890572500753
-0.106521802022821 0.436208354303862 0.0468260135283646 -0.0174949241177046
-0.499037390726899 0.190789345008 -0.0705943451246107 0.0239588546983323
-0.504741032063112 -0.293027125849425 -0.128781090199938 -0.0917844964515845
-0.250809043694737 -0.563709039274792 -0.039729905812733 -0.271576350416642
-0.24465956997928 -0.484170085185627 -0.0385940503774118 0.139886238555871
-0.437068150866729 -0.202678485077107 0.0157541981619612 0.0141472478356943
-0.396351141192965 0.161034042778388 -0.00866266831688063 0.0202656895370572
-0.0658137448736857 0.36551081639816 0.00330559072457503 0.0370513645429258
0.211814046301323 0.312959954537735 0.0616068188075589 0.0166821605315143
0.341337350011011 0.131036395677054 0.0479634406049803 -0.0512327531216378
0.325275369390834 -0.0221375118640364 0.0121185271283292 -0.0644223872184778
0.312667326695387 -0.0514710990742142 0.00160241238030984 -0.0620437266053687
0.332785293964264 -0.005684507309143 0.0152976453187092 -0.0659374806680238
0.39204190879405 0.151170419533003 0.0347008543917391 -0.0480244749813778
0.240915278196941 0.367171737185029 0.0503607485930382 0.00900616687413432
-0.115825995250654 0.433344561682141 0.0510003504948688 0.0304334876251405
-0.493958093430008 0.181570750139592 -0.0313594343680781 0.0348071395958371
-0.506936549396418 -0.288781191847293 -0.0466969025139418 -0.0266284635759154
-0.256599656546641 -0.56892114777495 0.0353242403445872 -0.0796826888821285
-0.243804926864368 -0.454258597875086 0.057139221597466 0.327892091636441
-0.434270445834636 -0.182546070340944 0.140280792410117 0.0651056739569705
-0.385065438465831 0.164421423036083 0.0234422680746763 0.0023300135767863
-0.0721139365954947 0.358100793179557 -0.0200898412540751 0.0638358599732314
0.189542126877279 0.309286257747463 0.0990999669453737 0.101109276987685
0.319768173943355 0.137035017256451 0.162502836523636 -0.00451046644094866
0.312894008340674 -0.00431221311332729 0.144163188851441 -0.0663428626205752
0.292214375294052 -0.0241252175590976 0.126102276377462 -0.0727484383720952
0.29770974785126 0.0165999613858531 0.134476492339319 -0.0670002502687016
0.32664689096467 0.150341700325729 0.131176186500664 -0.0194434483154552
0.180887895097846 0.315853721419345 0.0983634283053594 0.0658975794032045
-0.112816896832076 0.334359305650012 0.046513008070382 0.062901906212455
-0.387336142722838 0.116363562140821 0.0102757084872611 0.03326953270864
-0.400565867124833 -0.240784775550526 0.0314890618397613 0.0274453909851519
-0.209577111477287 -0.475977347131886 0.102708689669848 0.0933279939229806
-0.199572562103249 -0.347855443888674 0.137926925784088 0.489719251327848
-0.339904581313141 -0.132532133459501 0.245272627427012 0.122406306175208
-0.288182409049826 0.123701251849554 0.0526262242516412 -0.0081277262496864
-0.0659170731933157 0.265189474105842 -0.0395212940988346 0.0887863982128924
0.124091517833506 0.242662973579865 0.12531905096714 0.179579999938346
0.236201334646794 0.120091625634479 0.261052910585955 0.0468307965519545
0.246583316795782 0.0164631222573216 0.260053538872156 -0.0577581591567918
0.227690181821734 0.00771999997340448 0.229988402348786 -0.0731288718078941
0.2203628350555 0.0370186904387857 0.223540186982804 -0.0568689550755579
0.212418788506628 0.130163271898477 0.188162221547122 0.00984694672112068
0.0889594423285256 0.223793401430398 0.11189692798709 0.0972438340647993
-0.104202635983995 0.186235964717626 0.0284224095677413 0.0717447490298169
-0.228612715057715 0.0248337050830883 0.0391618584586904 0.0195542722161741
-0.229241292330808 -0.16545705869176 0.0824777496007128 0.0594818855323413
-0.131316850855205 -0.313851381879389 0.149861874891539 0.217634051181087
-0.121101105247633 -0.176467113634028 0.186361550534559 0.592388094539455
-0.181341314232105 -0.0556086173208794 0.308269351115329 0.174739024678755
-0.13151321450173 0.0604047882472812 0.0757504794577224 -0.0125456686733824
-0.0434315340098339 0.119551334863267 -0.0544526726311745 0.09694152697453
0.0379811930029956 0.126965175147299 0.127995053608768 0.231379576045
0.110642684388138 0.0815507550263918 0.320544957232873 0.0962148260308762
0.137523199488093 0.035566262914738 0.340109813722633 -0.0402358497057657
0.129015999071783 0.0382487923861095 0.298397601847045 -0.0630396287174329
0.11731499962332 0.0506725851734843 0.27406929747012 -0.0347903684290777
0.0824923946148658 0.0966631241379157 0.205573441135043 0.0383836660630794
-0.00286306045420649 0.118783476607398 0.09605579560198 0.107751565052935
-0.0852440804261897 0.0458007264902309 0.00174924158373255 0.0606444482010553
-0.0731750108646189 -0.0476836439710545 0.0533240092394131 -0.000277387365016869
-0.0600116082353711 -0.0740472330920098 0.105651119984749 0.0699326752569341
-0.0455075249436346 -0.122728219924396 0.172959090124534 0.281560433261011
-0.0108925208136738 -0.0404229104586807 -0.289500870432697 -0.309639540156367
-0.0562149472708649 -0.00833494888661803 -0.219226771229426 -0.0373103837904032
-0.0403503157117293 0.0700221577371199 -0.0627628117447747 0.0339671649538417
0.0547562180041776 0.0492574007732651 0.0359169969230386 -0.0207025618583959
0.0705183034926687 -0.016769958617849 -0.0603254995916005 -0.120816192347603
0.0292218312540225 -0.0484318187078732 -0.222181510379471 -0.0520393652769064
-0.0181216626489546 -0.0540472770755018 -0.301933500266377 0.0437658697904785
-0.0213388201297618 -0.057233460428633 -0.333407169912254 0.0768481878564561
-0.00385297738381921 -0.0450474858046248 -0.361151161653313 0.0563355289782652
0.034747602666482 -0.0393653445347048 -0.3363900486703 -0.0672291395045473
0.0452659485951774 -0.0115921063994208 -0.184315664105756 -0.203899431926692
0.0170701398349625 0.0385300037001777 0.0144938168510746 -0.135734516940134
-0.0453353627951969 0.0304351414091024 -0.080277673289839 -0.0162689781944727
-0.0277342631855001 -0.0447788127899404 -0.223827295170484 -0.176614727043654
0.00956008691352199 -0.0451911293105 -0.218654232549784 -0.593293380527145
-0.0976914214176621 -0.194298087639208 -0.259556541501107 -0.270370843865839
-0.168334295908578 -0.0726153900086769 -0.203650512660876 -0.0470789320992675
-0.139434685573623 0.0908887430285205 -0.0601575318881069 0.0451165825483159
0.0274392432171099 0.136125196426598 0.0482811520267013 -0.00478474307488988
0.128903607190921 0.0755593627093988 -0.0297169325451351 -0.120956120246414
0.141709433304078 -0.00886765151531544 -0.196948257545242 -0.0802067400403373
0.101439782679379 -0.0670524723242488 -0.282247873343208 0.00984258909152049
0.104522326798703 -0.0854115995360837 -0.312395733982623 0.0419834312201931
0.133273239753131 -0.0605998206729976 -0.330268564943555 0.0198990442915577
0.195920284636351 0.00945881608652392 -0.292790671793499 -0.0833335737581581
0.147294751853427 0.130746696152687 -0.144384490531318 -0.182659480749942
-0.020037971264381 0.213178955121705 0.0279552979786658 -0.108167403262456
-0.237382835738777 0.112643439664955 -0.0985548706130794 -0.00193568130233775
-0.240485505999745 -0.146598875008232 -0.226774514230921 -0.179457773522121
-0.110551923588845 -0.276209097742448 -0.158192305946116 -0.571545808339718
-0.159311724002348 -0.341878922440583 -0.201093390612305 -0.18918140529121
-0.27343274957022 -0.14563361206739 -0.171121358817785 -0.0395300334543628
-0.239287732525246 0.115890869365677 -0.0528436487016023 0.0490431975747831
-0.00223779109297126 0.224454332327688 0.0453395991897959 0.00629004085353711
0.179209881653885 0.168475691267283 -0.00340635370461342 -0.101287014015487
0.243270183025774 0.0365519913436993 -0.146358376795544 -0.0915204413862651
0.20932783498502 -0.0714365274756487 -0.21982622428628 -0.0185073780853621
0.212611301697345 -0.101459946751132 -0.24081456031283 0.00750868018744875
0.248920202876034 -0.0661055293629165 -0.245992680271238 -0.0128332128048925
0.330739858305661 0.055689183259069 -0.208059591296964 -0.0814096467501569
0.231192642833166 0.258074238528988 -0.0886442219535837 -0.132784777001619
-0.0549100570749889 0.363904947745938 0.0367759701775136 -0.0700652185850081
-0.400039101039155 0.1903008034645 -0.0990544408966584 0.0152609186906361
-0.428112491541136 -0.222328153421582 -0.205016202057088 -0.141271284801485
-0.236588968433286 -0.456172352165803 -0.143428742801337 -0.444753522454775
-0.232435814948111 -0.440221759092042 -0.133393468480208 -0.0385275225119341
-0.385182848660627 -0.180160861901978 -0.0990241894805819 -0.0232055502623145
-0.342280449650821 0.144231800212246 -0.0364760235084224 0.0389262153378441
-0.0385478337982052 0.317342735273098 0.0286129129468771 0.0185076131090035
0.215235409820976 0.262381731077888 0.0275752929590335 -0.0559795911375117
0.322430352957891 0.0906197305961658 -0.0623570650182234 -0.0855757061433599
0.297330760756074 -0.051095561085909 -0.118103662477786 -0.0528152228575029
0.295272017829913 -0.0837576497179606 -0.132263369689812 -0.0393674682430058
0.327278881363925 -0.0386780365096931 -0.123913180234955 -0.0528375546561245
0.410159788421001 0.117007787400832 -0.0893987586659087 -0.0752572845021615
0.267941486120808 0.356152108146146 -0.0140431904304174 -0.0659704386716526
-0.0940394976817034 0.458115017749115 0.0458511300061938 -0.0200955083502956
-0.51242793311025 0.214462383211913 -0.0775625618323243 0.0266104161325184
-0.533835050172263 -0.28705315951342 -0.137989831264674 -0.0923669687296814
-0.281401293679127 -0.575671972309434 -0.0541375162003421 -0.27698788970056
-0.266507192213268 -0.492059395182946 -0.0392318188440787 0.143519128558347
-0.459650492276764 -0.195216081249504 0.0123949518181775 0.0146043461055877
-0.40634840439915 0.180371775869249 -0.00707228907248078 0.0200971456954795
-0.0537682310462735 0.382815795659542 0.00480773841151741 0.0384474967682742
0.235569356494076 0.316686047352571 0.0645605825325078 0.0151482777939014
0.360860143951348 0.119415209907989 0.0455688191041122 -0.0554213362590929
0.33812440925934 -0.0364555764604652 0.0101970058935443 -0.0668019920933253
0.324102800917552 -0.063655031564087 -0.00186720436972344 -0.0644816387004502
0.346608571696901 -0.0178354531428943 0.0116607081598779 -0.0700331440974278
0.415146253450724 0.138777486914688 0.0339821003587041 -0.0519681816700259
0.265723331990568 0.372123699383107 0.0572665585447861 0.00701173492809867
-0.102922524618715 0.455721530896083 0.0516485016673596 0.0288334209191434
-0.508428380268368 0.205237051926377 -0.0375922541110669 0.0356308702059083
-0.536987285705018 -0.282538688335314 -0.0511734422026678 -0.0255981901920522
-0.288696303264057 -0.582176154580009 0.02996787693532 -0.0804868946440492
-0.266930058648882 -0.462820833184476 0.0679271364127564 0.33511148200778
-0.457709439244548 -0.174845509514964 0.143711399187681 0.063768244125401
-0.395961861898809 0.182975525930804 0.0264696006546002 0.000289169300904341
-0.0599603779751061 0.375906917552716 -0.0181798441800516 0.0675994191448374
0.212573572129905 0.313260596620522 0.106236449469168 0.101307772607351
0.339023734871739 0.127451832869532 0.166333775727518 -0.01280288667537
0.325548673027055 -0.0173825352976852 0.147040824512123 -0.0734271921421241
0.304362240339389 -0.0348763427161872 0.127862916332435 -0.080501900671045
0.31017956074789 0.00603327482726537 0.135882014317732 -0.0762004421656639
0.346499747805602 0.140648013585496 0.135142228432882 -0.0261350678333186
0.20140552511524 0.31955603496492 0.108248870955319 0.0636186986422616
-0.104206543912038 0.352566118118628 0.0492431837524069 0.0628575229294187
-0.400568888293174 0.133101433777017 0.00532508947254934 0.0325602291798628
-0.422321672354753 -0.236467737140201 0.0313065782890481 0.028809607907278
-0.23593781664085 -0.488813733021341 0.107011955098319 0.0958947097182911
-0.217157310965653 -0.353312354536868 0.158880539545139 0.499311459853422
-0.358283267304811 -0.12660704503026 0.256704125472951 0.119818780183788
-0.296782951565397 0.137538670887015 0.056504929215989 -0.0107409849042038
-0.0583468230478586 0.280184189836828 -0.0383414129276957 0.0946061396290831
0.140963865877356 0.247964969222169 0.136839428716231 0.181730412845967
0.25161447946889 0.113680125702082 0.271852825743109 0.037172722533129
0.258223608322519 0.00638332464048123 0.268767505243211 -0.0693673199682172
0.238132461456394 0.000217290184635434 0.237007093615392 -0.085272052335154
0.2301564233002 0.0298897477243248 0.229724962846268 -0.068123324962813
0.227223225960569 0.125728140406599 0.195290286841026 0.00182843878367283
0.102450552457614 0.227956219429069 0.12327162070571 0.0964681732498119
-0.100987989762558 0.197747198256332 0.0315493002623341 0.0732041758064726
-0.238188441770655 0.0337485098691877 0.0363620013561515 0.0172836985273676
-0.243471066675135 -0.163687118456397 0.0855576821759795 0.060804242439513
-0.148209785853893 -0.323260511722941 0.162155468802649 0.221573325947072
-0.129759934962407 -0.179458096121635 0.213691231391121 0.607756272509782
-0.190580290039346 -0.05201938234977 0.325985031216448 0.172366934549751
-0.135867005533015 0.0659430945990972 0.0800950997127391 -0.0151041556794695
-0.0404970552196888 0.127607373108729 -0.0530228044026946 0.103158487063456
0.0462348605949969 0.132254277100285 0.142654030144317 0.236123845543
0.119017184065347 0.0794957667142666 0.336574780796607 0.0841667260642245
0.145616473971697 0.0305036341335237 0.352374545190221 -0.054888312009431
0.137157439531866 0.0353568638018805 0.310508896533288 -0.0771529725189787
0.123723998152479 0.0487804669697373 0.28433186343373 -0.0473406766083211
0.0905166943142536 0.0968759157703513 0.214675513706473 0.0313325498136236
0.00382669249839558 0.123232605682014 0.105768274346358 0.108453806991317
-0.086766589734848 0.0516413643137937 0.00381625895824034 0.0628368555948874
-0.0788865902945555 -0.0469921430947559 0.0519581207600055 -0.00451482795145731
-0.0644700909729414 -0.0748984563525254 0.11156546118954 0.0705940740424155
-0.052231470449791 -0.127618477180718 0.189908631708196 0.285403513414067
-0.0137947164143864 -0.039865540180761 -0.311943170648307 -0.291978498369956
-0.0570127681820823 -0.00531591732071177 -0.224434988020114 -0.0216144082447624
-0.0351570302670735 0.0729894784691439 -0.0623721635052671 0.0395178051642879
0.0574384855449989 0.0447955088021362 0.0353291764183983 -0.0227348028025521
0.0683392715446712 -0.0221768183852323 -0.0677075019125902 -0.118915626730507
0.0264201716186374 -0.0508431015878071 -0.225388049989375 -0.0360992847522907
-0.0223537967997458 -0.051651497831547 -0.301303594619161 0.0643437984581288
-0.0262660099986615 -0.055726719054225 -0.335588511891283 0.100909191284788
-0.00651670544309946 -0.0462768295850149 -0.3613077741087 0.0813718314249142
0.0323560682735967 -0.0423691299557373 -0.344222546724681 -0.0443600816549352
0.0440048779243147 -0.0151969170450702 -0.201432242489193 -0.193392516408003
0.0196327049184291 0.0375567016490358 0.00467281998076252 -0.138034537935474
-0.0424890904582626 0.0321939231706611 -0.081322024928956 -0.0117643085865153
-0.0305237520978941 -0.042733200807541 -0.236676223199152 -0.16867253673511
0.00696231829860072 -0.0442381294562652 -0.257099445455098 -0.579348407418715
-0.108973966973846 -0.188901310826214 -0.28007759687263 -0.25552785394487
-0.173987526692491 -0.0629759067104287 -0.21131372901657 -0.0325750469253945
-0.134455121017016 0.10039758164921 -0.0590785176100465 0.048897094896017
0.0353648047672217 0.134168542951783 0.048421141960942 -0.00781268044368323
0.134452227997014 0.0655602301099557 -0.0370126673934822 -0.120344970604695
0.142162901700267 -0.0193182584363477 -0.203059965453761 -0.0666891367172339
0.0973665373761386 -0.0730962496111037 -0.284569950644696 0.0278667456438232
0.0996777021366073 -0.0923856170276397 -0.316001102155576 0.062905257632645
0.131308625856577 -0.0707276485706295 -0.332795694959877 0.0415782387579861
0.198984950983685 -0.00505673981156345 -0.301512829752271 -0.0646067858591129
0.157227366439569 0.122260762888367 -0.157454616112104 -0.175449990375557
-0.00680162499758812 0.216176785808606 0.0202770530237791 -0.11132655544822
-0.232650056531574 0.128085330144111 -0.100466255638257 0.00392718284797421
-0.251202260233733 -0.134177235997879 -0.240132651418099 -0.169868965672191
-0.129717517085309 -0.270352690556927 -0.194670549823069 -0.563027650326412
-0.179128789041645 -0.333202448861718 -0.217719748850758 -0.17853779308742
-0.283958829073649 -0.129872209484385 -0.178536992977334 -0.0277990044683588
-0.233365034847198 0.130937492402953 -0.0515370296210194 0.0525301161492475
0.0119445501348051 0.225721135730289 0.0464299580490969 0.00372835642978931
0.192851270557064 0.155379691929614 -0.00963460424682214 -0.101714499852368
0.247961148693545 0.0179847539078698 -0.154533826854276 -0.0816405729674728
0.206168468796588 -0.0857449674078668 -0.223551050496029 -0.00414832874345584
0.207736597567797 -0.114652571755181 -0.245676006727833 0.0234537571265126
0.248014581686735 -0.082963993999395 -0.251038085862554 0.00278418701242767
0.3378597559706 0.032060137128288 -0.215738093986802 -0.0689843815354642
0.250435606046799 0.24484358279618 -0.0967009816112079 -0.129304546895282
-0.0320620090973733 0.371377455456947 0.0306195582274517 -0.0724018387024392
-0.393583065667008 0.214417177289715 -0.101561327341977 0.0225392019770613
-0.445452023640987 -0.199308838324429 -0.216907626718272 -0.130812771727061
-0.267257290404142 -0.443225602702058 -0.171994828103863 -0.433939151983251
-0.259411429400365 -0.42834347838425 -0.141110829402433 -0.0316640941321303
-0.398620336190027 -0.157673351809395 -0.105416319783249 -0.0160264462149345
-0.336393643963251 0.165614451139725 -0.0349548706967334 0.0402047501391173
-0.0190379711562909 0.321816498552346 0.0305332562465139 0.0177285702350516
0.235724845559855 0.247899684199213 0.0250685166462368 -0.0579629957895356
0.330929163332569 0.0675307210363436 -0.0705747818519738 -0.0816839606987259
0.295376429379274 -0.0721143769142177 -0.122715354939523 -0.0446760057843056
0.293710685173397 -0.102640020032022 -0.138547682945939 -0.0311728462481662
0.32918932806948 -0.0602086487524269 -0.130610364343732 -0.0455931164094944
0.4219488282092 0.0882525726817181 -0.0950600557414046 -0.070852894860543
0.29389086242392 0.342242645244958 -0.0153525308855509 -0.0676300057616978
-0.0662040985355553 0.467813873997754 0.0429714515649471 -0.0232673824013378
-0.505855217848848 0.245521618439972 -0.0814588480893159 0.0323335677724749
-0.557161036699623 -0.258279686922866 -0.14642713873229 -0.0844237769752487
-0.321391635270141 -0.562809218644948 -0.0727106586281344 -0.270319657401821
-0.295921757325657 -0.479418162806696 -0.0350855981632146 0.144614289080496
-0.475298448618356 -0.169026430953682 0.00899519942304263 0.0153111450270463
-0.399424054031223 0.205245318965591 -0.00526493342637626 0.0193600944207826
-0.0293439775067086 0.388795088214495 0.0082369451803709 0.0391104092613018
0.260212447892802 0.302409803678342 0.0664487157114453 0.0115019178275281
0.372778894202181 0.0941170433050251 0.0407415529350333 -0.0591738211620497
0.338456236578728 -0.0611512792285325 0.00609090976289918 -0.0674687396002385
0.325053229181028 -0.0841135072089849 -0.00710246328476534 -0.0653818140676947
0.348294163392274 -0.0402721942981153 0.00502352317779054 -0.0720868347073773
0.429949528803804 0.109759712754212 0.0305258933100995 -0.0553511416736718
0.291951948649062 0.357088244241197 0.0618649045219402 0.00167816252219662
-0.0748066587302635 0.466871117963922 0.0518873091485077 0.0255525724132704
-0.501436301606284 0.237042782895157 -0.0419418581414396 0.0396255965203515
-0.556946966517106 -0.254500977911361 -0.0559051355781655 -0.0209561430885051
-0.327337758033232 -0.571640658456812 0.0237273357187253 -0.0778318970228548
-0.29353749922619 -0.44969790284131 0.0840362507116155 0.330352753299162
-0.473093452927526 -0.148597682516873 0.146190734716141 0.0566425630538
-0.389767204822346 0.208097844661981 0.0279310330439388 -0.00271038355325036
-0.0361462454939425 0.383511413529435 -0.0134532270940125 0.0704739672717827
0.237530406380061 0.301530532428019 0.115038051859162 0.096309129661511
0.350688598388994 0.103385978818679 0.164540422527239 -0.0242441817914419
0.327713397805303 -0.0409769192295783 0.144088334439835 -0.0830897976576493
0.307091849063673 -0.053452728378729 0.123737704162521 -0.0903138012974619
0.313842604768066 -0.0132061834576579 0.130735511755114 -0.0860069865415667
0.360372857932276 0.116548891263894 0.133496233296928 -0.0357805054586057
0.22611845960362 0.308632874146647 0.116818381190301 0.0553299616404789
-0.0820955728286708 0.362316955095227 0.0520378400163214 0.0602654609361246
-0.396428081908833 0.159155297652373 0.00153215736440159 0.0334604581749135
-0.440708802509692 -0.214771332795102 0.0309977959128128 0.0299395558068781
-0.269527884594609 -0.478575737231634 0.112228573375041 0.0935075680552905
-0.237252852858909 -0.342887817462052 0.186781790263619 0.492098324746505
-0.369758803661917 -0.106262998531009 0.26525334210711 0.105828313658158
-0.29254688313844 0.155474019769019 0.0582825225688877 -0.0152545334313556
-0.040287679905027 0.287550163756197 -0.0318172916741182 0.098385744951006
0.161637699884474 0.241116059474865 0.150970113854942 0.175434971399493
0.262701981306388 0.0966959192377311 0.273680729031119 0.0181942363681179
0.261378119734146 -0.012544536364617 0.267454130173601 -0.0877547294293535
0.243437864232383 -0.0149341162445103 0.235732026220319 -0.102033794526028
0.23463628749696 0.0169197510535669 0.226098935338618 -0.0852308446154966
0.238946279142027 0.109427944131528 0.196549486389683 -0.0114873867998032
0.120076731832192 0.222983885328041 0.132911662255356 0.0877614758784625
-0.0886592055357554 0.206248371888537 0.034724711671628 0.071228580408657
-0.239583438642467 0.048082280185036 0.032350653769545 0.0149990973130848
-0.254590461064116 -0.149917589023149 0.0889944215877559 0.0578657619471996
-0.17095729177196 -0.317662460477552 0.175960545004533 0.214664843310968
-0.140122600832687 -0.174250376952917 0.250605371946794 0.597321815386293
-0.19626296664712 -0.0412270632587987 0.33982000460717 0.154122241777269
-0.134832974705373 0.0739689958513583 0.0825088986566556 -0.0198919929719213
-0.032340745890898 0.132703613254661 -0.0472262751312494 0.108306484367154
0.0573157381383988 0.131341492512738 0.159446484723881 0.230277889360288
0.125509913320702 0.0712401687043677 0.344107519252832 0.0617162991474789
0.149913088208961 0.0188023251989465 0.353069205370131 -0.0787092373067304
0.142419414719602 0.0264159804977715 0.311392310334599 -0.0986562834334541
0.127421483935374 0.0418512980739595 0.283506924222347 -0.0665720765761875
0.0978479406566772 0.0905746876306072 0.219130487363029 0.0166061852787034
0.0125994224869219 0.124374782130184 0.115191523986606 0.101866141945621
-0.0835437425318801 0.0582347399227038 0.00681506569800323 0.0627750142681888
-0.0835361325772605 -0.0419862846977702 0.0481357330109637 -0.00844265961897164
-0.0696414092823753 -0.0719410468654371 0.116369139356766 0.0661910893978007
-0.0613017490609503 -0.127764371652833 0.209456475083123 0.275488072642601
-0.0160843394127584 -0.0370735581025544 -0.316539447486572 -0.264096224310024
-0.0562157847037609 -0.00223389505246402 -0.219626911462844 -0.0058019534026188
-0.0301668301858099 0.0728047915773408 -0.0591188029341979 0.0421808937191483
0.0565059758576106 0.0401319354952314 0.0334487735609364 -0.0242693407595427
0.0635626091298729 -0.0261867259209383 -0.0724494678826442 -0.112424796329068
0.0224165976297086 -0.0505115501057011 -0.219643019293774 -0.0215732798086001
-0.0242587553618261 -0.0469568057583108 -0.289366563798227 0.079844143913434
-0.0297515261786555 -0.0519103253035461 -0.321393822573663 0.118341368766891
-0.0091001945106954 -0.0458242257777829 -0.346592521837811 0.100366979151122
0.027960949002796 -0.0437920711931849 -0.335609643394679 -0.0221943855577042
0.0412366734930486 -0.0176024817491281 -0.207140842208896 -0.17508095992962
0.0209522464823319 0.0349388894348091 -0.00336794505171503 -0.134856312214414
-0.0384834829942298 0.0326011096272923 -0.0787975135859405 -0.00889932847041335
-0.0315500758028447 -0.039607393765566 -0.239281544829096 -0.155467972037169
0.00451898088770332 -0.0414325909090719 -0.279693198935445 -0.545563210275613
-0.114709991656705 -0.175944386231892 -0.286235991690851 -0.231225235860643
-0.171729052792028 -0.0515093764719965 -0.20772532668446 -0.017125156871315
-0.123696626457399 0.104214415952117 -0.0561932377537801 0.0511091501217274
0.0409017135927137 0.126944137043882 0.0470392024626922 -0.0105561364625282
0.133054968185813 0.0541981834559202 -0.0422259119858698 -0.114731786070575
0.136347395375841 -0.0278024632807799 -0.200178342421098 -0.0521990167533116
0.0895045495347655 -0.0752601608533539 -0.274308259110872 0.0439200029572475
0.0907641050944101 -0.0941893082239535 -0.305785135146838 0.0818012693520587
0.123964711965492 -0.077040224069591 -0.322097311123916 0.0599615225989851
0.192856144640428 -0.0173792874426914 -0.296513563014497 -0.0447023430676106
0.159181030748906 0.109487559293489 -0.162348005848767 -0.161453581685225
0.00527077319161037 0.210011957490281 0.0121958376583978 -0.10917081639908
-0.219048024255293 0.134128829226959 -0.0978275478243469 0.00948705089645253
-0.251466034687105 -0.11729434086821 -0.241959029979161 -0.154188400229567
-0.139891967220026 -0.253437894261929 -0.216564354811835 -0.530770115210314
-0.189383674462051 -0.312766805985568 -0.223680545853381 -0.16130946876273
-0.281292927010206 -0.109994727526712 -0.177556335214836 -0.0152938673096694
-0.21885276431085 0.138239699073728 -0.0489169956352255 0.0531920181474295
0.0235247944859685 0.217113288197686 0.0458223550594827 0.00107859531503478
0.195687654809552 0.136648090851718 -0.0132935208303987 -0.0981999412420703
0.240202520497037 0.0013919162527078 -0.154103153029376 -0.0691315904473926
0.194292175116624 -0.0937623863487744 -0.216999732452531 0.00908343687180752
0.196414380897446 -0.122182518893232 -0.239871148613811 0.0378136880270167
0.236581084641753 -0.0950250067515632 -0.244744484943268 0.0178894506590441
0.329586320619527 0.00915951667898397 -0.213735929639412 -0.0540796693849252
0.257567504086324 0.223780093162077 -0.0998631103557097 -0.121624869434181
-0.0102179515266785 0.362270229625437 0.0244428756710342 -0.0725247892647087
-0.370865024281011 0.22768741749837 -0.0994539337631564 0.0291638126060044
-0.443286724062833 -0.169759251999885 -0.216691958972463 -0.116587455087469
-0.284350309137194 -0.415343070438723 -0.188995696028345 -0.404898943040082
-0.269902937665287 -0.401720693635069 -0.142198487040262 -0.0239164570434561
-0.394104129180304 -0.131207933639203 -0.106633546065857 -0.00853457838033664
-0.317758894928165 0.177019717774598 -0.0326318034866972 0.0399916831543755
-0.000125664622165658 0.311700328836497 0.0314549285722029 0.0154598805419771
0.243641036610471 0.224049397236286 0.0227963704707026 -0.0577243656877737
0.324739043854605 0.0435873407924929 -0.0741789547869889 -0.0745384709300267
0.281780344822075 -0.0860489368878216 -0.121639726563587 -0.0363805309700813
0.280346680339853 -0.114457794802115 -0.138302723263035 -0.0212161575898668
0.316842469367919 -0.0766457721140974 -0.130699484168676 -0.0368123419680975
0.414877848933559 0.0590896864484683 -0.0970978809790193 -0.0643041892812067
0.305695387928207 0.314127348532036 -0.0170415043593487 -0.0669192563318393
-0.0377545579064464 0.458217968798352 0.0385519105083419 -0.0247818321029954
-0.480453498407344 0.264611756147458 -0.0815818062875842 0.0379540276017455
-0.553182291086503 -0.222923211541978 -0.147458269979432 -0.0728550018236709
-0.343480539990076 -0.527097240436602 -0.0846109511039261 -0.251485296107417
-0.308758644808011 -0.449584992178023 -0.0311943212080718 0.140502647329369
-0.470425603073754 -0.137531671725275 0.00579726871816574 0.0156965257966452
-0.37786454652872 0.220731666871607 -0.00482632428023289 0.0177281258275759
-0.0069918682785287 0.378540315789388 0.0107089453730384 0.0378427237163888
0.272920619072305 0.275214554888568 0.0666019080215937 0.00819115052427236
0.366620105543545 0.0669817970459507 0.0338971566300809 -0.0593720214039475
0.323785162077942 -0.0785944539910896 0.00239115792763232 -0.0652408909650409
0.31262228242909 -0.0991084258196939 -0.0123113525616697 -0.0625224837031305
0.337612142647234 -0.0578285050726928 -0.000680968866848888 -0.0700428309443423
0.424249495349202 0.0797773223102687 0.0254190273337732 -0.0563894096289149
0.305315686198438 0.329184680892509 0.0628318861572567 -0.00492819104479328
-0.0464785214172498 0.455726973901209 0.050402063333413 0.022592362518289
-0.476670467868877 0.256019227133904 -0.0429995918237698 0.0431421131191159
-0.553534731348234 -0.218176448295828 -0.0552602492214333 -0.0148221818380557
-0.349419893638045 -0.534122079094269 0.018702681994163 -0.070975105588929
-0.305836688960528 -0.422280220147203 0.09466152245726 0.314798274410679
-0.464657905734426 -0.118712195360025 0.141489917828053 0.0474454499467288
-0.36852627406692 0.222178788818476 0.02760102080393 -0.00569396905878197
-0.0126881832587283 0.37448004832147 -0.0081172817827704 0.0692938028351691
0.250470562826373 0.277677740489398 0.117862316355972 0.0881709161795107
0.346434515972035 0.077684168246904 0.156585619443629 -0.0331140120959111
0.315413416769393 -0.0595381298153841 0.135082951660113 -0.0885930869151974
0.297041151141415 -0.0684047491000766 0.115281012848926 -0.0947003107007529
0.304149237374619 -0.029233995536917 0.120197166661442 -0.0910890336240437
0.356732903628938 0.089033175249327 0.126450874934489 -0.0433124974705852
0.237815321502099 0.285771367558258 0.119437878931506 0.0446891044434919
-0.059286170235757 0.35489751107724 0.0516547374874121 0.0560718147939325
-0.380338987903756 0.174030123416692 -0.00233322061712428 0.0348264983475294
-0.438185133256657 -0.185540450975384 0.0314580461663787 0.0301161189127297
-0.289546794096994 -0.44896498959847 0.113463522733911 0.0886198810799942
-0.245098592566069 -0.322603313236856 0.203032014255674 0.465623546805533
-0.364436855544693 -0.0837438573543653 0.260944177003842 0.0885638459283029
-0.277986101446286 0.165826453255108 0.0575788208833552 -0.0193957625736167
-0.0220208247217144 0.281388392099935 -0.0250950999305936 0.0982140263218612
0.172705901814442 0.223666294156157 0.157178611886117 0.163410429256786
0.260880933359294 0.0768785737153087 0.265543936139062 0.00151807663915292
0.252984540574275 -0.029160942092029 0.254908989677772 -0.0995905301957111
0.237181403455649 -0.0275718601438387 0.2240080907905 -0.112170719808498
0.229499189726389 0.00410434143251119 0.214296822605388 -0.0953252825652102
0.238054794703344 0.0910195030360894 0.189563622855776 -0.0231851812825069
0.129908318510238 0.207426098729752 0.135733756285648 0.0756531711311062
-0.0731863083591828 0.205029615329178 0.0370597921307841 0.0676444052349133
-0.231233099208499 0.0599348165972189 0.0278010352448545 0.0144450272004413
-0.253917378937612 -0.132550324482231 0.0892857072791504 0.0551082261813221
-0.183613281816463 -0.299124094338164 0.181369455447595 0.199954345027081
-0.143405220982142 -0.162612521201212 0.271685781674028 0.563879259434716
-0.192432046986317 -0.0298102156079062 0.337374170284316 0.13171356533436
-0.128425046092757 0.0787370997262292 0.0811120621059532 -0.0244304558657118
-0.0227765698197373 0.130722020915634 -0.0388631769106319 0.109050122716346
0.0654976159425649 0.124182207248547 0.16939872497961 0.215092050454525
0.126837121839884 0.0612080624313671 0.336061646211449 0.0388110860933643
0.146796285693916 0.00831841574753332 0.338813115143945 -0.0963690071973448
0.141957351788101 0.017584107268897 0.297998663870312 -0.114388223645156
0.126485806806125 0.0344376110098145 0.271810973642881 -0.0813271934984593
0.100297180584032 0.0817430939065779 0.212481654955491 0.003941313399813
0.0207004646196634 0.11938053807937 0.118595014902944 0.0911825840602731
-0.0764978739987975 0.0617660320493685 0.00942676776139419 0.0607067340110779
-0.0846465119780257 -0.0353651725244978 0.0427474956150232 -0.0103577247047331
-0.0708180693652814 -0.0666230952702623 0.116778297134969 0.0600780224000592
-0.0665549734923963 -0.121594090568035 0.217604968375032 0.254693465282693
-0.0107689299759499 -0.0361781009191344 -0.264720427334968 -0.279605096377562
-0.0522534504442326 -0.00955212396097111 -0.206581949962544 -0.0290139593742533
-0.0367752137435433 0.0641486637376451 -0.0654317293769028 0.0348076221122747
0.0462357840945748 0.0456315245789429 0.0315695411137103 -0.015811654908928
0.0623834305380116 -0.0151752343110621 -0.0556255236620761 -0.110228178819694
0.0293780820797011 -0.0446906901873664 -0.200211644787049 -0.0424754727534004
-0.017005515829775 -0.0448346084704157 -0.280094718438174 0.045194231121485
-0.0229103554215082 -0.0507134950680639 -0.321770090897699 0.0770162756131756
-0.00165300533964865 -0.0442238004469396 -0.344000623400033 0.0577255162118265
0.0332148989535178 -0.0378675562461424 -0.319505138643582 -0.0572725117002325
0.0411596236858104 -0.00989453772120726 -0.181339560990881 -0.191137035545365
0.0152207736940978 0.0378952579782632 0.00953581323141269 -0.132561499535263
-0.0396033304478442 0.0268054228253488 -0.0728639346929008 -0.0191114789452598
-0.0249412222622538 -0.0386339909823477 -0.212431627021101 -0.177573525597946
0.00988309411304522 -0.033760128486179 -0.20714288855115 -0.560710513121629
-0.0848666666447306 -0.176182530770937 -0.235248171296194 -0.255383102214237
-0.151488491355368 -0.0689438471316936 -0.196900593589985 -0.0440778617804928
-0.127722641005442 0.08049734489707 -0.0681420679456653 0.038383561682942
0.0203218544659783 0.123397417326711 0.0394708521998652 -0.00323505321702788
0.116421825408692 0.0689278857206419 -0.0309308143141032 -0.10727393852765
0.132337183725406 -0.0103480153411631 -0.179626408958843 -0.0638430377887501
0.0943813527812874 -0.0589756569445757 -0.264637580735302 0.0149414873017298
0.0974399793358088 -0.0776412981511547 -0.303485003148649 0.0423301557438164
0.129069363427802 -0.0574074973821499 -0.318633375162685 0.0205491693436895
0.186452995925654 0.00562989534096922 -0.283600209810337 -0.0783163006111775
0.138411754698505 0.125776741942181 -0.142479210115047 -0.180068724607589
-0.0211948555829118 0.203007200211707 0.0228241933462913 -0.111319986277192
-0.224173992113055 0.10350192257472 -0.0875566142295252 -0.00462402724688318
-0.225720206089789 -0.138704767189784 -0.20567239046586 -0.17410661942748
-0.106716188615271 -0.254605226761734 -0.139179352230974 -0.530547346953404
-0.135488945556315 -0.311811764437234 -0.178236051958249 -0.191842381360612
-0.245601767429886 -0.137022643184329 -0.171308279103439 -0.0450775152805237
-0.220725540485125 0.0999983178452898 -0.0647970009897593 0.0358406032716377
-0.00862824546577069 0.203843990200378 0.0339387365155767 0.00617036987126661
0.163787698811547 0.154888380805179 -0.0100210902957996 -0.0881412154400036
0.22601377948513 0.0297765655486536 -0.13573884479718 -0.0704730451472924
0.195123422341714 -0.0655280173392946 -0.20804488399685 -0.011278594404911
0.202454004506537 -0.0919216060697154 -0.234912892015665 0.00712944295539687
0.238291961988696 -0.0602008479710283 -0.241884284770039 -0.0124152077308518
0.312920539312845 0.0474052180766663 -0.206493305960561 -0.0814499733429248
0.218052089005328 0.245710343414867 -0.0866280102125158 -0.140710965611376
-0.0548378167755153 0.346380501189525 0.0294900442358939 -0.0784803765441578
-0.380094405149923 0.176306905807787 -0.0870091431435529 0.0133771285071969
-0.404022720749205 -0.212463559286008 -0.176396960032755 -0.132104263846186
-0.226920442666844 -0.427215649877437 -0.115832619827433 -0.402047501100673
-0.198560219669622 -0.40492925611873 -0.114589561698222 -0.0641069152207379
-0.346502218750487 -0.171128138439254 -0.109200522378355 -0.0373900892427233
-0.318784717671481 0.124044225305961 -0.0522732767640053 0.0204817856659081
-0.0430366835722305 0.289310428027883 0.0153876268089567 0.0163632927049017
0.197229821712228 0.243356758514114 0.0153281012142992 -0.045612394281787
0.298596126674943 0.0793074695806772 -0.0611979013488681 -0.0647067229458086
0.277706640584304 -0.0486173008475824 -0.113261344635174 -0.0433389699123627
0.283478613905545 -0.0745997808405308 -0.130618361517394 -0.0382765442954351
0.312509131529582 -0.0334823082805713 -0.127572125849741 -0.0530246913992504
0.387764616628278 0.104136169231563 -0.0959428303897407 -0.0810447902087537
0.253176271946805 0.336669523421131 -0.0135281912155342 -0.0839285085288024
-0.0927697443313322 0.435046842208533 0.0390650510246567 -0.0325878250504939
-0.490608864782678 0.199242122430756 -0.0678478047168045 0.0250514820891795
-0.503751441063031 -0.276352053929743 -0.108981173273463 -0.0786832523948306
-0.271398820755908 -0.543050273142339 -0.0277436165668828 -0.237438296309169
-0.227464458808071 -0.453927732354706 -0.0277003243468179 0.0952806052400724
-0.416530023638045 -0.187867506694788 -0.00676910868445911 -0.00730993853352952
-0.379946472560116 0.153874209155912 -0.0270788099408536 0.000133893500803696
-0.0592283423389286 0.351134507697255 -0.00813967482795584 0.0336345323375834
0.216185111983473 0.295651508042483 0.0475253369251363 0.020833181055084
0.334463898766877 0.107309647611959 0.0372990218814209 -0.0375626597664194
0.316066116399912 -0.0372099999781559 0.00595827103801146 -0.0580135581093326
0.312545427296639 -0.0566954719212137 -0.00510015760381289 -0.0638019440135179
0.328669646875172 -0.0124189477781415 0.00141593138148934 -0.0703736046117971
0.392336184746596 0.123785691687216 0.019573960582151 -0.0607273525793675
0.251030244566841 0.35034778544617 0.0564640479100293 -0.0161993995074213
-0.100679640541848 0.431233710527838 0.0455386009349598 0.0148420118858628
-0.487308167981603 0.19123587093056 -0.0326588371413661 0.0351990555642677
-0.504407557947901 -0.273192714482651 -0.0268809468742601 -0.0111940392080595
-0.278436563236996 -0.552243466626113 0.0519230049265217 -0.051130827625669
-0.226712892558354 -0.429346935289599 0.0690796814407757 0.270600081521014
-0.414225833402937 -0.170034813403317 0.116361134372161 0.0375946929946617
-0.372949125669864 0.157675380781828 0.0070352800428406 -0.0173804274377962
-0.0645812837988304 0.346182863513878 -0.0294024132818382 0.0610144338687814
0.196395776727914 0.295152963575132 0.0871070381459303 0.0996661114457553
0.313226341054482 0.115677742894207 0.149240485956338 -0.000751006044390181
0.305181808386192 -0.0214006107129981 0.134042233816891 -0.065858794716591
0.294791092756329 -0.030257860059264 0.120407053765555 -0.0795376142341137
0.294277423158543 0.00941841270457164 0.120729876882682 -0.0765690830523238
0.32762489848319 0.125272554660911 0.11689745195 -0.0359061481567744
0.19220011853651 0.298867070675063 0.106726184726412 0.0404681739168858
-0.0996788147738711 0.331997596754678 0.0437990673909914 0.0509716302057024
-0.383599171689205 0.124540894897349 0.00398232336196155 0.0333696507105635
-0.397254944535033 -0.22793298670368 0.047244705604769 0.0422332634484888
-0.2296037499297 -0.465122852860483 0.121702226292492 0.112600897941761
-0.185746917445391 -0.32954053311825 0.150434695441069 0.428304217276578
-0.325555592030083 -0.124082953381331 0.226479486072309 0.0929069695540425
-0.281692347826124 0.117414123074613 0.0416542183718898 -0.0237429331670986
-0.0601536180460485 0.259467199943659 -0.043913694799301 0.0858565150303046
0.131761245393521 0.234644028099361 0.118743972658032 0.172330438305692
0.232461946094883 0.104313857928445 0.247093625421886 0.0390924535540386
0.242171997871797 0.000199786854488755 0.248878193949452 -0.0652273547291156
0.233028878854219 0.000604063169367302 0.227372634620292 -0.0842359785332163
0.217039838903639 0.031711231790093 0.212556664508648 -0.0697105247443231
0.214183909632378 0.11291857405587 0.177536511598023 -0.0072392463745374
0.100156874326743 0.211196698993914 0.121109883675566 0.0768497624505634
-0.0941683428479728 0.1864252310113 0.0284358720053844 0.0641811372853855
-0.229533859276645 0.0324814427999 0.0293195187937535 0.0185759652227903
-0.227729135945436 -0.156351103306878 0.0925173120066101 0.0703383687719241
-0.144881337647223 -0.310461939459086 0.167988834937787 0.223249939878469
-0.111434015516306 -0.169331899084631 0.196881128258295 0.539352508703598
-0.173917850949557 -0.0519325789898411 0.297416953234545 0.15029452322231
-0.13056730906559 0.0553281912078639 0.072925271291346 -0.020038637020612
-0.039478508944397 0.118454196887473 -0.0519069872730535 0.0952822973153521
0.0441848351544136 0.125702964907406 0.129333185932571 0.219951282511625
0.108149898671426 0.0735537125412942 0.310028456516551 0.0766497386814273
0.137114243377857 0.0226560185694502 0.32889082014772 -0.0545061811515959
0.135655779110616 0.0321645199997821 0.298834829453188 -0.0764295984732333
0.115019863070615 0.0479460061775764 0.267725201059355 -0.0495522493036453
0.084797952608393 0.0884861054713356 0.200257664970555 0.0234273640000759
0.00680348648045101 0.114483197669936 0.104953416029314 0.0951777886550416
-0.0798060314663076 0.0490182122606236 0.00419579776137963 0.0580605453644244
-0.0789061711452788 -0.0427730855787898 0.0420856339644446 -0.00322040207210218
-0.0599932158191934 -0.0726812468009832 0.111166339049852 0.0755516836694091
-0.052310644978865 -0.128089775682953 0.188544816031625 0.27514247887918
-0.0102580012629491 -0.0340060035245766 -0.25171129036456 -0.274328489013912
-0.0512809604392845 -0.010155592667765 -0.199688324570882 -0.0295512943786165
-0.0361706703592098 0.0623485685716148 -0.0650490616969726 0.0346476221963575
0.0439062793242109 0.0449916823197131 0.0314280063638651 -0.0152198562345913
0.0599230338838058 -0.0131011275102418 -0.0518292331332228 -0.108280527003043
0.0293328666094502 -0.0431826137922283 -0.192204661078632 -0.0436076310864543
-0.0151089315537512 -0.0426189823442176 -0.273765391919736 0.040493840984577
-0.022251821901421 -0.0483994688414643 -0.315671419861481 0.0727337948532778
-0.00118630038714474 -0.0437468532952051 -0.335991108238314 0.0509615897993076
0.0332436838331038 -0.0374388362629016 -0.309121299861567 -0.0591281855917759
0.0393780132953739 -0.00842540252848494 -0.174536010968891 -0.18725054882402
0.0138798605436773 0.0365984536181499 0.0112512597645742 -0.129309781973192
-0.038124876860657 0.0244772290737549 -0.0695872312104885 -0.0217312203906372
-0.0232942487279126 -0.036719231421931 -0.203673019870053 -0.18076524167059
0.0104211850521795 -0.0312009676233346 -0.190268551706374 -0.544044365464222
-0.0790870243154372 -0.171447009577906 -0.223757284838268 -0.250496328292647
-0.145662440671752 -0.068536049908235 -0.19186818026055 -0.0445163971758983
-0.124710730266985 0.0761000576586691 -0.0678932764269653 0.0379105041639957
0.017585486163279 0.119508273889599 0.0389528582992407 -0.00236143206857135
0.111432349170639 0.0676209318892901 -0.0275076820347955 -0.105401650016092
0.128244451132399 -0.00889942944206547 -0.172510876708108 -0.0637024502618946
0.093105493660657 -0.0539823746557604 -0.257097614134054 0.0108188828392328
0.0965360461799964 -0.0726154029658461 -0.297882921912365 0.0393386114227751
0.125766946156261 -0.0550921509533398 -0.311027748848518 0.0156890194681799
0.181804159321171 0.00702905821141357 -0.27473619694134 -0.0795937223724149
0.132219806339241 0.123797680974368 -0.136542161139761 -0.176955019732924
-0.0236048403868354 0.197433210035764 0.0226128371979551 -0.108170301821072
-0.220703275885406 0.0964076258768851 -0.0846057635781516 -0.00625222243814232
-0.218093629394363 -0.139207017987557 -0.195854794796827 -0.175504325786648
-0.0985566395074147 -0.248231418357708 -0.124332243507439 -0.513877309871802
-0.12581964737063 -0.304945796039172 -0.171939184628696 -0.189098300158792
-0.235425713952416 -0.135869855707098 -0.167577189480461 -0.0450533021113908
-0.215607300216839 0.0931544501140023 -0.0652758237036626 0.0349337840899345
-0.0118839968023718 0.19669139463687 0.0334115481778053 0.00632925640996576
0.15694598519478 0.150573713835498 -0.00767523066172497 -0.0857938602863026
0.218394156161668 0.031197913425786 -0.130447566129798 -0.0698716857415563
0.190971695139851 -0.059568127185817 -0.201118811266991 -0.0138030330704066
0.199147011819204 -0.085677445096442 -0.231075582156738 0.00580858664666509
0.233493024931944 -0.0552123961361954 -0.236439010900474 -0.0158362469396936
0.304221681140795 0.0479928433325595 -0.200208967701669 -0.0819939568589037
0.209423518989861 0.240716493867343 -0.0823232080278749 -0.1399115722273
-0.0587838118816313 0.335932294680914 0.0294411981043891 -0.0756977598472634
-0.37513305202555 0.164366566604071 -0.0853348060420178 0.013349927437225
-0.389775578299775 -0.21575439459082 -0.168175549843407 -0.132557321419266
-0.212975124114791 -0.417698973613437 -0.101233010102615 -0.387757978646628
-0.183400752562906 -0.396077577701132 -0.113385573027245 -0.0648693083431608
-0.331824332362277 -0.171323513329211 -0.108251214665418 -0.0369842768137229
-0.310887154683802 0.114231955811559 -0.0527267958925898 0.0199918859499867
-0.0463884468323315 0.278955282570084 0.015506578637067 0.015952774626827
0.188469573703527 0.237141907222492 0.0177632668419448 -0.0446644912217737
0.288122186837376 0.0799369272485288 -0.059022044054467 -0.0632167281768433
0.270125918916543 -0.0428263653193217 -0.109640964715822 -0.0441334010644694
0.278127151959825 -0.0678636431659524 -0.12912178550867 -0.0379139144152432
0.305313038349397 -0.0279534822746666 -0.125212656183432 -0.0530944190048691
0.3760256283187 0.103690022613421 -0.0933752609155069 -0.080635693564433
0.244129936548068 0.330546987885295 -0.0117379889603671 -0.0839940031615078
-0.0970755919292374 0.419685101710012 0.0371701124890988 -0.0309806947194387
-0.482418418308067 0.185574012786339 -0.0683805875956097 0.026124036605497
-0.48702669793385 -0.27858813831995 -0.102783819557726 -0.0775064175051573
-0.254505588526841 -0.531910033250624 -0.0202052972401446 -0.226280086746185
-0.211343200641595 -0.444875383681196 -0.031642396036918 0.0915912877426144
-0.399221000387513 -0.189639923085999 -0.0097927777404585 -0.00575256978981343
-0.373919339849855 0.143090368426762 -0.0267200012606184 -0.000982891425676336
-0.0633389845154023 0.339372991903774 -0.00702621662199309 0.0327254282399236
0.208154059274032 0.287482373432371 0.0479455258426698 0.021266754152244
0.323630912188928 0.106983310071102 0.0361066254926358 -0.0355384238625597
0.307860246702929 -0.0313237709873902 0.00680151258102135 -0.0561490289821813
0.306589614215623 -0.0495951594545898 -0.00516966844910316 -0.061601137007734
0.321527873475607 -0.00724544317477172 0.00107437828891543 -0.0689723052281628
0.381058032747615 0.124238950706779 0.0184847484173161 -0.0591126575901837
0.241198029679739 0.342392879555819 0.0557996896964373 -0.0174552512590912
-0.104245785673385 0.416331636689339 0.0424565506509934 0.0157219201592416
-0.478466871138121 0.177858106815745 -0.0342276008642491 0.036893505353553
-0.485251428867726 -0.275808422847541 -0.0242259884127448 -0.00941287840924709
-0.261383554919111 -0.542010333500899 0.0539827795702241 -0.0435272585614441
-0.211474908751998 -0.42251605747122 0.0587257661406925 0.263166260195641
-0.397799763817861 -0.172566794033467 0.108872128134018 0.0395656027868389
-0.365556575644863 0.145589882513322 0.00641987672248448 -0.0178795905880054
-0.0683738314412124 0.334117784990725 -0.0281548336724835 0.0585818063823999
0.188667804795235 0.288465868625843 0.085902012751504 0.0982081993471029
0.302977305317342 0.114748714718319 0.143413338390382 0.000677656969166076
0.296618423671996 -0.0170665554193685 0.13195821420819 -0.0620050898868172
0.289873759934978 -0.0251147859429657 0.118005758325254 -0.0749444529338595
0.286522466416321 0.0147033882706952 0.117575177801199 -0.073170644391096
0.317071337029449 0.123954961172562 0.112789313023353 -0.0339819776913589
0.184786674955571 0.291924336171266 0.103515311714971 0.0380452081806718
-0.101793435771978 0.320406063536798 0.0408121497862595 0.0505358019292034
-0.377333402584651 0.115075423916177 0.000707277135315978 0.0357848942149076
-0.383296577597949 -0.228580667686931 0.0472880400637266 0.0442562792052984
-0.216141230625864 -0.453906064240249 0.117889810508121 0.113806841611094
-0.172838728273361 -0.325468104732208 0.135904898132431 0.417643108018365
-0.313696193129162 -0.126662049139808 0.216012685775448 0.0950680325319231
-0.277172285810924 0.10811321307292 0.0418273629476231 -0.0233122104055133
-0.0628702798071267 0.250061457563918 -0.0436787958876185 0.0829963184007544
0.126141731329576 0.229082450565983 0.115571248798261 0.170042412242767
0.224082609269554 0.103533339688301 0.239157769323321 0.0408943091310746
0.235910132495901 0.00224959337237644 0.243791507321902 -0.0601365785799484
0.228680211920684 0.00378424800326874 0.223204414271566 -0.0791810105655071
0.211981311012171 0.034706617432199 0.207465654060118 -0.0645166683658904
0.207143607221206 0.11116204999239 0.171400929831248 -0.00548018736003369
0.09598353712179 0.205158154173926 0.117303926175485 0.0739357533290125
-0.0934245461842077 0.179334181283498 0.0266602243665128 0.0632375457905156
-0.224445658581567 0.0288875292341672 0.0254868032544446 0.0210642399291871
-0.21854086624203 -0.156894013411735 0.0905645308867617 0.0723002164667398
-0.136885794515201 -0.30339272331386 0.160114648500024 0.220300808106869
-0.103880564834278 -0.167903365869736 0.180104080669694 0.527160965097386
-0.167316571874236 -0.0546408870442012 0.285204699425408 0.151042907115351
-0.128918480910592 0.0502628009905657 0.0726979675429992 -0.0186654589979772
-0.0405732519312726 0.114523072412179 -0.0515450535560013 0.0919185959995589
0.0426313014903926 0.122444742837757 0.125072297740439 0.216515428805881
0.104109608277577 0.0721344112746815 0.299952687636258 0.0773151025918715
0.13316860283714 0.0223516008660668 0.321261308207621 -0.0484629809466672
0.133004274444534 0.0324896604747032 0.293930767354782 -0.0713870769171572
0.111866879410615 0.0496099851815275 0.261465609381694 -0.0442082201305299
0.0808370392830749 0.0858523737963308 0.193562361574779 0.0248200693043137
0.00613630512523742 0.110172965918817 0.101194373986071 0.0926583274711342
-0.0774638532298874 0.0465343925460045 0.00267104239035161 0.0571866681282716
-0.0766848991452545 -0.0411826384544503 0.0389381062721208 -0.00115849099319487
-0.0571163875008284 -0.0724870471811554 0.107986550981066 0.07674835631762
-0.0488843893593963 -0.125854852817552 0.17811537833779 0.268927614028292
-0.0104432043911931 -0.0336871898140059 -0.244045617166413 -0.282423741502437
-0.0514164006944539 -0.0111394792025799 -0.199942276112986 -0.0342417165575418
-0.0365680065592081 0.0622162154695259 -0.0669710697931378 0.0346271366821418
0.0424024407989083 0.0467559356252188 0.0324939929161217 -0.0142086588375147
0.060034409287741 -0.0109863454869133 -0.0503517124686124 -0.111802117246967
0.0305525955133926 -0.0428133037137795 -0.190979255691418 -0.0482386918996775
-0.0131130892669661 -0.0414033086897958 -0.27684023230262 0.0341030407521504
-0.0217127426019537 -0.0484406897485844 -0.322250974389012 0.0672721075043828
-0.00138393848392445 -0.0449267655496411 -0.340821486778005 0.043351912936093
0.0343934420004359 -0.0376075102985436 -0.309171325544786 -0.0670466934493965
0.0396831496595499 -0.00736941889672093 -0.172474462821921 -0.192261899555451
0.0131051475876776 0.037982651914561 0.0138331533083163 -0.130815871443716
-0.0392475714187965 0.0222080214011544 -0.0698780807585358 -0.0252220722174587
-0.0220062828992576 -0.0375770428162229 -0.200263272807339 -0.190082239049603
0.011554762157909 -0.0306462424550069 -0.171610218722875 -0.55056312940018
-0.0740830131566479 -0.17404399263906 -0.218537542798032 -0.257290060217557
-0.144294192592495 -0.0722923205602746 -0.192619063421111 -0.0482165936476895
-0.126642211268063 0.0740958488664838 -0.0709991561765421 0.0373210203309843
0.0140084975115034 0.1195690109054 0.0392837699810611 -0.00147092001180362
0.110267452076145 0.0707669924745168 -0.0247604320235255 -0.107627973882983
0.129064173965573 -0.00637992217409115 -0.170986382754623 -0.0682923422850782
0.0951934766308356 -0.0512634466777313 -0.258923865339734 0.0049759717787655
0.0995086340823418 -0.0697364198597133 -0.302836021452323 0.0347048689182728
0.12852038875972 -0.0526032913688411 -0.315687341314009 0.00742364867481322
0.182601198344449 0.00946123724999832 -0.275061249967418 -0.086627190072468
0.131049301988003 0.127913705924881 -0.133718971614774 -0.181877170359982
-0.0307213744528615 0.198613656818591 0.0251715867099857 -0.108645040228263
-0.226984158565557 0.0897129957373364 -0.0851636475234183 -0.00846816330847808
-0.216557751920444 -0.146539373455327 -0.191470791672691 -0.185133617455772
-0.0917921052119173 -0.251183920075797 -0.106848411598554 -0.518297275935246
-0.11721795520224 -0.309631969071932 -0.168622340280824 -0.194466933335685
-0.23131796440591 -0.142608442065259 -0.16991301813455 -0.0483215081030551
-0.219309689824362 0.0879818270766497 -0.0677130331741889 0.0348221553564506
-0.0177225333135216 0.196159127732605 0.0336728204744088 0.00633203808208194
0.153986629981603 0.154691253468892 -0.00379421655010437 -0.0877973680313562
0.217999924665609 0.0352074522163344 -0.129179002543312 -0.0729286075006738
0.193968908090643 -0.0539809044576334 -0.201942895456956 -0.0197951194860853
0.204382048457894 -0.0803384573774952 -0.235705754914709 0.00215096110279563
0.237268815700967 -0.0497554570667351 -0.239283736610127 -0.0220890807804044
0.305160474922762 0.0539202871726153 -0.200428510811298 -0.0880526271776544
0.204870783794538 0.248069461206641 -0.0805087202602151 -0.143848922070647
-0.0692052833247762 0.336415694790276 0.0306166998467003 -0.0749064219869646
-0.385353782932889 0.155249409811436 -0.0863061262607089 0.0120909174298948
-0.386732244189733 -0.2289155124654 -0.163570803502925 -0.139564811393736
-0.201355206690757 -0.425408438058688 -0.087853800149435 -0.38935260951592
-0.172996600157274 -0.405955720660635 -0.114599719538699 -0.068367965773669
-0.327246900712263 -0.182336983539179 -0.111335973707852 -0.0384473483902988
-0.316597835371123 0.105670622967936 -0.055048782738588 0.0187104232406524
-0.0552245325518482 0.278225573933044 0.0157582672589585 0.0156899315777359
0.184944251258943 0.241798180705336 0.0208827749859984 -0.0449303390703496
0.287802708394481 0.0856908670622783 -0.0584455029184909 -0.0648687506033316
0.273485053502386 -0.0354644881323775 -0.109280090298733 -0.0469075445431678
0.285215058226963 -0.0606552242828002 -0.130451672357127 -0.0392561443219686
0.309116119427411 -0.0200014339044878 -0.125804867734292 -0.0577400174366497
0.3764110579802 0.111486195106884 -0.0932085047951073 -0.0828222904461967
0.239782170931425 0.337696098985703 -0.00995035073978508 -0.0867638084150459
-0.110428428950885 0.420984363338736 0.0375401022087856 -0.0297083561801462
-0.494382769440603 0.173800925353019 -0.0694346438730768 0.02715972937704
-0.482943580115962 -0.296643494783485 -0.098940596170945 -0.0804505952915534
-0.240457549063866 -0.542071876439476 -0.0108454498498107 -0.223576800919453
-0.198943692720958 -0.455985601813691 -0.0374931328713153 0.0910026625574647
-0.394162670869809 -0.202293851495726 -0.0145683398053595 -0.00482437887204511
-0.381496321658974 0.13258445974207 -0.0273115343297487 -0.00166318127314676
-0.0739484479990175 0.338129862002953 -0.00797320607099565 0.0314340294020174
0.203735907426702 0.293897499491527 0.0506807769385342 0.0215029600754597
0.322227139000991 0.114008994624415 0.0355392520387499 -0.0354272999263945
0.311170374942307 -0.0234435260502183 0.00905903501047771 -0.0565592394854974
0.313245820120006 -0.0414252202058782 -0.00468839697095677 -0.0608458150844015
0.32497419614157 0.00130981375425728 0.00136734930736109 -0.0698103675829243
0.3792923538077 0.131961257598833 0.0192726647852372 -0.0594225174195267
0.235455935730726 0.350302767078562 0.0565083324364306 -0.0182183966821522
-0.116939915794622 0.41609999232194 0.0417865142639773 0.0174944692010925
-0.489417472611469 0.166383538983351 -0.037039312106275 0.0400138663085995
-0.483688782380555 -0.291771595043746 -0.0205217322117391 -0.00885560509108717
-0.246954988874898 -0.550227216310844 0.0577832310881244 -0.0394295826878195
-0.199655136144064 -0.433305471480731 0.0480841355904778 0.266015096001112
-0.395272436716854 -0.18542938465411 0.105174716539255 0.0438983488900136
-0.375614791032663 0.134888848051796 0.00759372125688177 -0.0186287361998898
-0.0783829963902978 0.334802268372544 -0.0296434959872237 0.0571724359680622
0.184068028303607 0.293526691354219 0.08665990197818 0.101856073097967
0.301609903868138 0.122109845351742 0.142815494319076 0.00401418427660343
0.29966804413593 -0.00988170535244938 0.135000635680382 -0.0595976462006878
0.296082605307396 -0.0171143641465131 0.121157121490579 -0.073335316912859
0.290219354326088 0.0234666861153663 0.119163463869437 -0.0707058290295435
0.316230652097483 0.129784284144905 0.112453466228615 -0.0313508697530678
0.180386761943171 0.296298878098379 0.103266672038885 0.038795301952675
-0.110413630097689 0.319586844172052 0.0391531213633526 0.0524815293207543
-0.382822711941101 0.106145446975654 -0.00176876699825381 0.0394915940346686
-0.379009160214473 -0.242369482041192 0.0493163839657846 0.0475991621886826
-0.203927554337168 -0.462924312647832 0.11711604415359 0.120452957408864
-0.162613511908265 -0.334784192964939 0.120685347965004 0.424069143603455
-0.3103779215926 -0.138105700396332 0.212288807103822 0.102689617685683
-0.284456734615186 0.0997238459764447 0.0430739125353824 -0.0228051986558943
-0.0697928475306862 0.249833363352015 -0.0457004311256577 0.0823111113826577
0.122892706355742 0.233142951225138 0.115411453288263 0.174508251273204
0.223204095252348 0.108828550755111 0.238256638109549 0.0466512165922608
0.23711561646359 0.00783843284162773 0.247527303563613 -0.0552652425796126
0.231848250656842 0.00920941857405637 0.227773127542233 -0.0746930199951329
0.214058538792745 0.0412669069165258 0.210501831108828 -0.0598557908134695
0.204788543165505 0.114998131610614 0.171787795366203 -0.00118985593333999
0.0935972126107528 0.206688843911328 0.115650083695956 0.075898480436968
-0.0980490381090687 0.176928458664536 0.0251152375094018 0.065006635501825
-0.227678986655529 0.0240213453431164 0.0238097298446088 0.024297817407681
-0.216039184797501 -0.164848026858105 0.091945095273509 0.0771278994550504
-0.129275208028968 -0.308548635625205 0.155567777934879 0.226278108379022
-0.0983033261501216 -0.173667364519862 0.16244661874074 0.535829656314916
-0.166048973333221 -0.0612122341270001 0.281167979804157 0.160591981477915
-0.134113452637429 0.0452352508415591 0.0749630404878509 -0.0173668891966795
-0.0434181779057526 0.113540368552339 -0.0542147710698025 0.0919054224695666
0.0412181892303325 0.123735552360469 0.122752770908179 0.222414629120847
0.103121653507695 0.0746691936326691 0.298766065625745 0.0845987949166093
0.133249580623952 0.0250908044904866 0.326073068632852 -0.0417649036951705
0.135281621417203 0.0363483441940044 0.299128925477272 -0.0657243121419972
0.112402441203249 0.0532083319813126 0.264918046542479 -0.0383002503130121
0.0791239975818755 0.0883031481308849 0.193042497076889 0.0293023242565628
0.00464752985052814 0.109438432021808 0.0998017922118221 0.0939062772309405
-0.0781639775231787 0.0446353887900001 0.0017794977384761 0.057035190168381
-0.0762253123388376 -0.0423416734970277 0.0378792820098524 0.00116463175888429
-0.0559293604909097 -0.074409951142583 0.108712914066898 0.0815589328861621
-0.0467050543460087 -0.128036754009764 0.171977230474613 0.273584048298857
