TRXV5
3
4
4
9
string Extension=J
integer IsArchMeasurement=1
integer IsSpherical=1
string Generator=SPM
string GeneratorVersion=1.3.1 Dev
double ArchRadius=0.449999988079071
integer FrequencyAxisIndex=0
integer AzimuthAxisIndex=1
integer ElevationAxisIndex=2
Frequency
5 136 690000000 960000000 LIN
Azimuth
7 8 0 2.74889357189107 LIN
Elevation
7 15 -2.74889357189107 2.74889357189107 LIN
Polar H Real Part
13
Polar H Imaginary Part
14
Polar V Real Part
13
Polar V Imaginary Part
14
Polar H Magnitude (dB)
12 0xC0000002 0 1
Polar H Phase
7 0xC0000003 0 1
Polar V Magnitude (dB)
12 0xC0000002 2 3
Polar V Phase
7 0xC0000003 2 3
-0.0134773254394531 0.0400276184082031 0.0597305297851563 -0.00670623779296875
0.0273704528808594 0.0308246612548828 0.0298252105712891 0.0138511657714844
0.0296688079833984 -0.00503349304199219 0.0334110260009766 0.0242671966552734
0.0154323577880859 -0.0189647674560547 0.0576972961425781 0.0124015808105469
0.00242042541503906 -0.0211715698242188 0.0631561279296875 -0.0147552490234375
-0.0105628967285156 -0.0242786407470703 0.0504264831542969 -0.0404510498046875
-0.0124053955078125 -0.0193901062011719 0.0360603332519531 -0.0424461364746094
-0.00828742980957031 -0.0189781188964844 0.0247936248779297 -0.0296859741210937
-0.0024566650390625 -0.0267925262451172 0.013493537902832 -0.0129594802856445
0.014617919921875 -0.0212593078613281 -0.00163745880126953 -0.00591754913330078
0.0270195007324219 -0.00289344787597656 -0.0204677581787109 -0.0200977325439453
0.0223903656005859 0.0136680603027344 -0.0133895874023437 -0.0465927124023438
0.00224685668945313 0.0294742584228516 0.02978515625 -0.0728225708007813
-0.0174121856689453 0.0336246490478516 0.0527992248535156 -0.0650138854980469
-0.0354690551757813 0.0270919799804687 0.0311775207519531 -0.0445671081542969
-0.0312576293945312 0.0500259399414063 0.0529747009277344 0.0101203918457031
0.0137405395507812 0.0489768981933594 0.0251045227050781 0.0295906066894531
0.0297756195068359 0.0140018463134766 0.0341033935546875 0.0375289916992187
0.0257892608642578 -0.004669189453125 0.0606002807617187 0.0246162414550781
0.0174541473388672 -0.0156393051147461 0.066925048828125 -0.0042266845703125
0.00771141052246094 -0.0273227691650391 0.05743408203125 -0.0328521728515625
0.002777099609375 -0.0270748138427734 0.0409393310546875 -0.0346946716308594
0.00544357299804687 -0.0243988037109375 0.0261974334716797 -0.0208301544189453
0.0128440856933594 -0.0307712554931641 0.0122385025024414 -0.00316143035888672
0.0291748046875 -0.0198688507080078 -0.00591516494750976 0.0034022331237793
0.0373153686523438 0.0038909912109375 -0.0284957885742188 -0.0112895965576172
0.0293903350830078 0.0258426666259766 -0.0257606506347656 -0.0400238037109375
-0.000579833984374998 0.043243408203125 0.01202392578125 -0.0715713500976563
-0.0285148620605469 0.0459709167480469 0.0329971313476563 -0.0602645874023438
-0.0491256713867188 0.03759765625 0.0120849609375 -0.0366706848144531
-0.0475234985351563 0.0511512756347656 0.0371742248535156 0.0285148620605469
-0.00601577758789063 0.0610847473144531 0.0121650695800781 0.0492439270019531
0.0220241546630859 0.0348186492919922 0.0298042297363281 0.0540084838867188
0.0320243835449219 0.0150241851806641 0.0597953796386719 0.0393486022949219
0.0322666168212891 -0.00365829467773438 0.0667724609375 0.00903701782226563
0.0274276733398437 -0.0246696472167969 0.0601234436035156 -0.02099609375
0.0190773010253906 -0.0305652618408203 0.0406684875488281 -0.0234642028808594
0.017822265625 -0.0255889892578125 0.0237789154052734 -0.00982666015625
0.0246944427490234 -0.03094482421875 0.00755834579467774 0.00845861434936523
0.03839111328125 -0.0189018249511719 -0.012054443359375 0.0147285461425781
0.0421905517578125 0.0061187744140625 -0.0372390747070312 0.000560760498046882
0.0341854095458984 0.0291824340820313 -0.0386466979980469 -0.0293235778808594
0.00368499755859375 0.049468994140625 -0.00853347778320313 -0.0641059875488281
-0.029022216796875 0.053924560546875 0.0101127624511719 -0.04901123046875
-0.053863525390625 0.04400634765625 -0.00908851623535157 -0.0244865417480469
-0.0571708679199219 0.0439682006835937 0.0142021179199219 0.0449180603027344
-0.0264663696289062 0.0624008178710937 -0.00804519653320312 0.0671005249023438
0.00799179077148437 0.0503807067871094 0.0195541381835937 0.0705490112304688
0.0303726196289063 0.0350971221923828 0.0519828796386719 0.0532073974609375
0.0404586791992187 0.0111656188964844 0.0600357055664063 0.0210533142089844
0.0425262451171875 -0.0168228149414062 0.0548934936523438 -0.00806427001953125
0.0322513580322266 -0.0283889770507813 0.0338516235351562 -0.00998878479003906
0.0270748138427734 -0.0236015319824219 0.0166759490966797 0.00273513793945312
0.0321388244628906 -0.027740478515625 0.00121879577636719 0.0207443237304687
0.0417289733886719 -0.0170021057128906 -0.0179176330566406 0.0266799926757812
0.0428123474121094 0.00642013549804688 -0.0430221557617188 0.0138931274414063
0.0353775024414063 0.0277137756347656 -0.0468330383300781 -0.0155906677246094
0.00800323486328125 0.0484123229980469 -0.0234489440917969 -0.0510025024414062
-0.0244789123535156 0.0536460876464844 -0.00699043273925781 -0.0315380096435547
-0.0527458190917969 0.0441513061523438 -0.0293655395507813 -0.00894355773925781
-0.0559272766113281 0.0296134948730469 -0.0124168395996094 0.0553550720214844
-0.0382118225097656 0.0507583618164063 -0.0328521728515625 0.0780029296875
-0.00695037841796874 0.0520133972167969 0.00359344482421875 0.0819778442382813
0.0207633972167969 0.0464286804199219 0.0389671325683594 0.0623435974121094
0.03875732421875 0.0236358642578125 0.0471954345703125 0.0284461975097656
0.0481643676757812 -0.00502395629882812 0.0426483154296875 0.00274276733398438
0.0391578674316406 -0.0209693908691406 0.0217323303222656 0.00279617309570312
0.0317668914794922 -0.0172996520996094 0.00634860992431641 0.0149164199829102
0.0354499816894531 -0.0212821960449219 -0.00654220581054687 0.031524658203125
0.0415534973144531 -0.0118675231933594 -0.0244636535644531 0.0365257263183594
0.0393486022949219 0.00786209106445313 -0.0463027954101563 0.0234603881835937
0.0305519104003906 0.0261039733886719 -0.0500259399414063 -0.00402069091796876
0.00661849975585938 0.042266845703125 -0.0302639007568359 -0.0350723266601563
-0.0207099914550781 0.0445518493652344 -0.01800537109375 -0.0119037628173828
-0.0478363037109375 0.03448486328125 -0.0469322204589844 0.00696182250976562
-0.0412864685058594 0.0128135681152344 -0.0335273742675781 0.0592155456542969
-0.0359764099121094 0.030426025390625 -0.0530853271484375 0.0807037353515625
-0.0167312622070312 0.0396728515625 -0.011932373046875 0.0844802856445313
0.0063018798828125 0.0428924560546875 0.0237236022949219 0.0631484985351563
0.0267105102539063 0.0281276702880859 0.0320606231689453 0.0298233032226563
0.04168701171875 0.00687789916992188 0.0266036987304688 0.0107021331787109
0.0383071899414063 -0.00907516479492188 0.00738811492919922 0.0133886337280273
0.0311470031738281 -0.0093231201171875 -0.00493621826171875 0.0248432159423828
0.0341873168945313 -0.0118846893310547 -0.0145835876464844 0.0396385192871094
0.0375251770019531 -0.0033111572265625 -0.0299415588378906 0.041961669921875
0.0327548980712891 0.0129795074462891 -0.0469551086425781 0.0293617248535156
0.0219936370849609 0.0267677307128906 -0.0490493774414063 0.0024261474609375
-0.00211906433105469 0.0345630645751953 -0.0319671630859375 -0.0233020782470703
-0.0233783721923828 0.0292949676513672 -0.0227870941162109 0.00242614746093751
-0.0409774780273438 0.0171890258789063 -0.0582427978515625 0.0178947448730469
-0.0182819366455078 -0.00491523742675781 -0.0440902709960938 0.0583229064941406
-0.0222911834716797 0.0068511962890625 -0.0644454956054688 0.0762100219726563
-0.0165624618530273 0.0173110961914062 -0.0226669311523438 0.0806961059570313
-0.00609779357910156 0.0259151458740234 0.01214599609375 0.0586280822753906
0.00916099548339844 0.0233135223388672 0.0202713012695313 0.0270042419433594
0.0259284973144531 0.0146293640136719 0.0121374130249023 0.0127162933349609
0.0300197601318359 0.00292396545410156 -0.0055694580078125 0.0180015563964844
0.0255756378173828 5.7220458984375E-06 -0.0156669616699219 0.0307769775390625
0.0293483734130859 -0.00211143493652344 -0.023773193359375 0.04425048828125
0.0308742523193359 0.00558662414550781 -0.0375099182128906 0.0436897277832031
0.0241432189941406 0.0181140899658203 -0.0494155883789063 0.0290794372558594
0.0107498168945313 0.0280113220214844 -0.0482254028320313 0.00312805175781251
-0.0134468078613281 0.0263862609863281 -0.0319557189941406 -0.0175895690917969
-0.0271244049072266 0.0110340118408203 -0.0273761749267578 0.00752639770507813
-0.0325508117675781 -0.00506782531738282 -0.0672988891601563 0.0204391479492188
0.00719070434570312 -0.0198917388916016 -0.04351806640625 0.0542640686035156
-0.000958442687988281 -0.0144863128662109 -0.0620880126953125 0.0699081420898438
-0.0080113410949707 -0.00713777542114258 -0.0236053466796875 0.0754623413085938
-0.0140171051025391 0.00251102447509765 0.0095062255859375 0.0526351928710938
-0.00846195220947266 0.0114564895629883 0.0161647796630859 0.0204982757568359
0.00494575500488281 0.0185966491699219 0.00264835357666016 0.00955581665039063
0.0162858963012695 0.0150175094604492 -0.0150299072265625 0.0179462432861328
0.0156459808349609 0.010066032409668 -0.0243759155273438 0.0326881408691406
0.0198116302490234 0.00839614868164062 -0.0325050354003906 0.0448112487792969
0.0206985473632813 0.0147533416748047 -0.0460205078125 0.0420646667480469
0.0132312774658203 0.0216464996337891 -0.0549354553222656 0.025543212890625
-0.000720977783203125 0.0268173217773437 -0.0502510070800781 -0.000556945800781254
-0.0239696502685547 0.0162010192871094 -0.0329265594482422 -0.0186061859130859
-0.0280055999755859 -0.00900459289550781 -0.0313034057617188 0.00507354736328124
-0.0217018127441406 -0.0277099609375 -0.0715713500976563 0.015655517578125
-0.00722122192382813 0.046600341796875 0.0683174133300781 -0.0096893310546875
0.0362510681152344 0.0302619934082031 0.036346435546875 0.0112953186035156
0.0325489044189453 -0.0105342864990234 0.0371665954589844 0.0209999084472656
0.0139999389648438 -0.0250053405761719 0.0607376098632813 0.008819580078125
-0.00139999389648438 -0.0251178741455078 0.0646705627441406 -0.0191307067871094
-0.0173854827880859 -0.0248241424560547 0.0502738952636719 -0.0454902648925781
-0.0180168151855469 -0.0194492340087891 0.0373306274414062 -0.0480613708496094
-0.0131931304931641 -0.0194988250732422 0.0259685516357422 -0.0330486297607422
-0.00873184204101563 -0.0295581817626953 0.016789436340332 -0.0143470764160156
0.0119743347167969 -0.0268802642822266 0.00117349624633789 -0.00452804565429688
0.0293064117431641 -0.00912284851074219 -0.0217056274414063 -0.0168113708496094
0.0278778076171875 0.0112571716308594 -0.0183372497558594 -0.0452346801757813
0.00806236267089843 0.0335521697998047 0.0239715576171875 -0.080108642578125
-0.0141983032226563 0.0423126220703125 0.0522689819335937 -0.0741424560546875
-0.0353889465332031 0.0369606018066406 0.0332679748535156 -0.0482559204101563
-0.0273399353027344 0.0572700500488281 0.0627212524414063 0.009246826171875
0.0214424133300781 0.0506324768066406 0.0335845947265625 0.0287704467773438
0.0331192016601563 0.0108089447021484 0.0395698547363281 0.0353622436523438
0.0262432098388672 -0.00881004333496094 0.0653610229492188 0.0213432312011719
0.0153903961181641 -0.0189056396484375 0.0706787109375 -0.008758544921875
0.00322723388671875 -0.0295333862304687 0.0602378845214844 -0.0383987426757813
-0.00117111206054688 -0.0286197662353516 0.0434989929199219 -0.0404815673828125
0.00189590454101563 -0.0253448486328125 0.0298709869384766 -0.0248680114746094
0.00846481323242188 -0.0344524383544922 0.0176448822021484 -0.00354766845703125
0.0285987854003906 -0.0255489349365234 -0.00125026702880859 0.00671911239624023
0.0407905578613281 -0.0009918212890625 -0.0297355651855469 -0.00551033020019532
0.0355072021484375 0.0248794555664062 -0.0308418273925781 -0.0364723205566406
0.00452423095703125 0.0488662719726563 0.0052337646484375 -0.075103759765625
-0.0273056030273437 0.0557670593261719 0.031036376953125 -0.0661125183105469
-0.0509757995605469 0.0478935241699219 0.01397705078125 -0.0371475219726563
-0.0475082397460938 0.0582962036132812 0.0474357604980469 0.0314140319824219
-0.00185394287109375 0.064361572265625 0.0217666625976562 0.051788330078125
0.0252265930175781 0.0339908599853516 0.0372695922851563 0.0537796020507813
0.0336132049560547 0.01348876953125 0.0663185119628906 0.0371551513671875
0.0321903228759766 -0.00649833679199219 0.0726242065429688 0.00548553466796875
0.02557373046875 -0.0280208587646484 0.0640602111816406 -0.0266990661621094
0.0174293518066406 -0.0333480834960938 0.0447235107421875 -0.0288238525390625
0.0164165496826172 -0.0281410217285156 0.0287075042724609 -0.0130271911621094
0.0227203369140625 -0.0348262786865234 0.0136203765869141 0.00855159759521484
0.0386886596679688 -0.0237274169921875 -0.00699996948242187 0.0188655853271484
0.046295166015625 0.00283432006835938 -0.0365638732910156 0.00728607177734375
0.0404052734375 0.0287971496582031 -0.0431480407714844 -0.0235366821289062
0.00778961181640625 0.05438232421875 -0.0157814025878906 -0.0652427673339844
-0.0292320251464844 0.0624465942382813 0.00850296020507813 -0.0513191223144531
-0.0574607849121094 0.0534133911132813 -0.00871467590332031 -0.0220680236816406
-0.060028076171875 0.0496559143066406 0.0230751037597656 0.0516166687011719
-0.0255928039550781 0.0669593811035156 0.00107574462890624 0.0736923217773438
0.0102920532226562 0.0525550842285156 0.027923583984375 0.0731048583984375
0.034088134765625 0.0364608764648438 0.0604820251464844 0.0524559020996094
0.0433578491210938 0.0104179382324219 0.0662002563476563 0.0182456970214844
0.0437126159667969 -0.0199966430664063 0.0602073669433594 -0.0130424499511719
0.0328407287597656 -0.0319156646728516 0.0381507873535156 -0.0135002136230469
0.0285530090332031 -0.0256061553955078 0.0215206146240234 0.000471115112304686
0.0334968566894531 -0.0312767028808594 0.00803756713867188 0.0206890106201172
0.0444145202636719 -0.0207786560058594 -0.0124130249023437 0.0300331115722656
0.0468368530273438 0.00453567504882813 -0.0403022766113281 0.0207138061523438
0.0403861999511719 0.0284767150878906 -0.0502471923828125 -0.00863265991210938
0.01080322265625 0.0527725219726563 -0.0293922424316406 -0.0489006042480469
-0.0253067016601563 0.0601844787597656 -0.00871467590332031 -0.0304946899414062
-0.05712890625 0.0518150329589844 -0.0299663543701172 -0.00364875793457031
-0.0607147216796875 0.033050537109375 -0.00598526000976563 0.0648460388183594
-0.0412101745605469 0.0554962158203125 -0.0258255004882813 0.087890625
-0.00767135620117187 0.0566558837890625 0.011962890625 0.0858306884765625
0.0230865478515625 0.0503425598144531 0.0471649169921875 0.063018798828125
0.0425224304199219 0.0252037048339844 0.0531158447265625 0.0269126892089844
0.052825927734375 -0.00710678100585938 0.048004150390625 -0.00016021728515625
0.0423660278320312 -0.0244522094726562 0.02618408203125 0.000270843505859373
0.0352096557617188 -0.020660400390625 0.0109357833862305 0.0139923095703125
0.0384712219238281 -0.0241584777832031 -0.000814437866210934 0.0329627990722656
0.0451164245605469 -0.0141181945800781 -0.0179672241210937 0.0402450561523438
0.0437507629394531 0.00777053833007812 -0.0428428649902344 0.0308494567871094
0.0348243713378906 0.0286350250244141 -0.0507469177246094 0.00240707397460939
0.00804901123046876 0.0466079711914063 -0.0344085693359375 -0.0320606231689453
-0.0249710083007813 0.0492095947265625 -0.0187931060791016 -0.00891876220703125
-0.0535049438476563 0.039947509765625 -0.0478401184082031 0.0138435363769531
-0.0471343994140625 0.0116119384765625 -0.0311965942382813 0.0706100463867188
-0.042327880859375 0.0317840576171875 -0.0493545532226563 0.092681884765625
-0.0201339721679687 0.0432815551757813 -0.00439453125000001 0.0904769897460938
0.00673294067382812 0.0482940673828125 0.0301742553710937 0.0649452209472656
0.0297870635986328 0.0315589904785156 0.0369796752929688 0.028472900390625
0.047760009765625 0.00656890869140625 0.0304813385009766 0.0081634521484375
0.0436172485351563 -0.0121803283691406 0.0100250244140625 0.0124225616455078
0.0359001159667969 -0.0113410949707031 -0.00154304504394531 0.0254554748535156
0.0398483276367188 -0.0141525268554687 -0.00942611694335937 0.0417251586914063
0.0430946350097656 -0.00482940673828125 -0.0246772766113281 0.0467567443847656
0.0378608703613281 0.0143318176269531 -0.0447998046875 0.0356369018554688
0.0250740051269531 0.030975341796875 -0.0493087768554687 0.00832366943359376
-0.00323486328125 0.0399703979492188 -0.0343246459960938 -0.02008056640625
-0.0286941528320312 0.0326938629150391 -0.0234889984130859 0.00710487365722656
-0.0484085083007812 0.0192642211914063 -0.0611305236816406 0.0253372192382813
-0.0235939025878906 -0.00984382629394531 -0.0447540283203125 0.06854248046875
-0.0291023254394531 0.00486755371093749 -0.062164306640625 0.0887298583984375
-0.0216827392578125 0.0190925598144531 -0.0156631469726563 0.0876235961914063
-0.00877952575683593 0.0311870574951172 0.0179367065429688 0.0600204467773438
0.0101451873779297 0.0283393859863281 0.0235462188720703 0.0254974365234375
0.0319480895996094 0.017242431640625 0.0139274597167969 0.0116453170776367
0.0361213684082031 0.00244140625 -0.00467491149902343 0.0191287994384766
0.0310306549072266 -0.0010833740234375 -0.0134525299072266 0.0334091186523438
0.0357131958007813 -0.00308990478515625 -0.0202865600585937 0.0474014282226563
0.0376358032226563 0.00628662109375 -0.0339889526367188 0.0476036071777344
0.0294513702392578 0.0207710266113281 -0.0482177734375 0.0345001220703125
0.0140342712402344 0.0336494445800781 -0.048858642578125 0.00865936279296875
-0.0160102844238281 0.0325603485107422 -0.0339527130126953 -0.0136127471923828
-0.0346946716308594 0.0134143829345703 -0.0289764404296875 0.0126190185546875
-0.04144287109375 -0.0058441162109375 -0.0718154907226563 0.0270156860351562
0.00402259826660156 -0.0280055999755859 -0.0455055236816406 0.06182861328125
-0.00706863403320313 -0.020751953125 -0.0619430541992187 0.080078125
-0.0139875411987305 -0.00909805297851563 -0.0171127319335938 0.0814590454101563
-0.0183429718017578 0.00634384155273437 0.0148429870605469 0.0533447265625
-0.00911140441894531 0.0173530578613281 0.0178165435791016 0.0185375213623047
0.0100479125976562 0.0229091644287109 0.00167083740234375 0.00813484191894532
0.0230560302734375 0.0155258178710938 -0.0158977508544922 0.0196247100830078
0.0220088958740234 0.0101757049560547 -0.0238609313964844 0.0366287231445313
0.0263023376464844 0.00771522521972656 -0.0308799743652344 0.0497169494628906
0.0270347595214844 0.0151767730712891 -0.04443359375 0.0469017028808594
0.0187225341796875 0.0248661041259766 -0.0551185607910156 0.0309066772460938
0.00215721130371094 0.032470703125 -0.0514068603515625 0.00377655029296876
-0.0272865295410156 0.0224552154541016 -0.0362014770507812 -0.0149307250976562
-0.0360488891601562 -0.00775146484374999 -0.0357437133789062 0.00954437255859376
-0.0302600860595703 -0.0303306579589844 -0.0789794921875 0.02056884765625
0.00056076049804688 0.0496292114257813 0.07440185546875 -0.0146560668945312
0.0434303283691406 0.0260772705078125 0.0413856506347656 0.00624465942382813
0.0331802368164063 -0.0168514251708984 0.03912353515625 0.0173072814941406
0.0103969573974609 -0.0297203063964844 0.0609321594238281 0.00442886352539062
-0.00681686401367187 -0.0269489288330078 0.0647201538085937 -0.023590087890625
-0.0234737396240234 -0.0237979888916016 0.0491676330566406 -0.049102783203125
-0.0225868225097656 -0.0169219970703125 0.0362510681152344 -0.0519256591796875
-0.0180797576904297 -0.0174846649169922 0.027252197265625 -0.0368995666503906
-0.0155105590820312 -0.0293464660644531 0.0198078155517578 -0.0163288116455078
0.0071868896484375 -0.0308876037597656 0.00536823272705078 -0.00390434265136719
0.0292034149169922 -0.0156917572021484 -0.0212612152099609 -0.011932373046875
0.0324268341064453 0.00592994689941406 -0.0215110778808594 -0.0417861938476563
0.0151481628417969 0.0350055694580078 0.0160903930664063 -0.08251953125
-0.00822067260742188 0.0499610900878906 0.0482559204101563 -0.0812454223632813
-0.0304222106933594 0.0465507507324219 0.0345687866210938 -0.0518302917480469
-0.021820068359375 0.0620880126953125 0.0714187622070313 0.006072998046875
0.0278968811035156 0.0487098693847656 0.04058837890625 0.0249710083007813
0.0350131988525391 0.00532150268554688 0.0424385070800781 0.0311698913574219
0.0241966247558594 -0.0126972198486328 0.0677947998046875 0.0176200866699219
0.01190185546875 -0.0211963653564453 0.0723037719726562 -0.0131454467773438
-0.00214004516601563 -0.0301246643066406 0.0600433349609375 -0.0430335998535156
-0.00518417358398438 -0.0279960632324219 0.0446891784667969 -0.0454597473144531
-0.00172042846679687 -0.0255069732666016 0.0325870513916016 -0.0293903350830078
0.00298309326171875 -0.0354156494140625 0.0224037170410156 -0.00592041015625
0.0251293182373047 -0.0296707153320313 0.00463342666625977 0.00726556777954101
0.0415916442871094 -0.006683349609375 -0.0265731811523437 -0.000526428222656247
0.0397071838378906 0.0207443237304687 -0.0330085754394531 -0.0303840637207031
0.0105514526367188 0.0513153076171875 -0.002655029296875 -0.075225830078125
-0.0221977233886719 0.0641212463378906 0.0284576416015625 -0.0701675415039063
-0.0487403869628906 0.0582046508789062 0.0154151916503906 -0.0372505187988281
-0.0444869995117187 0.0638465881347656 0.0577659606933594 0.0302352905273438
0.00342941284179688 0.0660362243652344 0.0309906005859375 0.0497970581054688
0.0272998809814453 0.0318279266357422 0.0425224304199219 0.0508995056152344
0.0344009399414063 0.0105438232421875 0.0706253051757813 0.0334014892578125
0.0311737060546875 -0.00895118713378906 0.0756607055664063 9.15527343749995E-05
0.0224685668945313 -0.0301609039306641 0.0659980773925781 -0.0324745178222656
0.0145282745361328 -0.0348243713378906 0.0469017028808594 -0.0341262817382813
0.014862060546875 -0.0294036865234375 0.031768798828125 -0.0177326202392578
0.0200614929199219 -0.0372238159179688 0.0200614929199219 0.00580215454101562
0.0377120971679688 -0.027862548828125 0.000242233276367189 0.0197372436523438
0.0488166809082031 -0.000873565673828125 -0.0317821502685547 0.0126991271972656
0.0447540283203125 0.0264930725097656 -0.0431060791015625 -0.0163116455078125
0.0130195617675781 0.0578689575195313 -0.021697998046875 -0.0623359680175781
-0.0259895324707031 0.0697860717773438 0.00646209716796875 -0.0525550842285156
-0.0565452575683594 0.0627555847167969 -0.00641250610351563 -0.0193824768066406
-0.0612678527832031 0.0551681518554687 0.0333633422851562 0.0541534423828125
-0.0239410400390625 0.0708541870117187 0.0113372802734375 0.07470703125
0.0113677978515625 0.053497314453125 0.0354347229003906 0.0702552795410156
0.0361518859863281 0.0356636047363281 0.0659255981445313 0.0493736267089844
0.0443344116210938 0.00792312622070313 0.0704193115234375 0.0136337280273438
0.0436744689941406 -0.0232276916503906 0.0628852844238281 -0.0183982849121094
0.0322341918945313 -0.0347919464111328 0.0415534973144531 -0.0186309814453125
0.0285224914550781 -0.0283794403076172 0.0258884429931641 -0.00307464599609375
0.0325851440429688 -0.0344352722167969 0.0144329071044922 0.0194110870361328
0.0448837280273437 -0.0243415832519531 -0.0042266845703125 0.0317192077636719
0.0499038696289063 0.00183486938476562 -0.0348415374755859 0.026153564453125
0.045257568359375 0.0283279418945313 -0.0486984252929688 -0.00111007690429688
0.0149879455566406 0.0560646057128906 -0.03350830078125 -0.0446395874023438
-0.0250396728515625 0.0672492980957031 -0.00901222229003907 -0.0289859771728516
-0.0581855773925781 0.0590972900390625 -0.0275325775146484 0.00108528137207031
-0.065521240234375 0.0357704162597656 0.00347900390624999 0.07110595703125
-0.0429801940917969 0.0594253540039063 -0.0156707763671875 0.0931930541992188
-0.00748062133789062 0.0602188110351562 0.021453857421875 0.086090087890625
0.0264778137207031 0.0529975891113281 0.0529708862304688 0.0603523254394531
0.0462379455566406 0.0255203247070313 0.0577392578125 0.0230522155761719
0.055023193359375 -0.0096435546875 0.0502815246582031 -0.00465011596679688
0.044708251953125 -0.0287590026855469 0.0292320251464844 -0.00237464904785156
0.0371322631835938 -0.0235671997070313 0.0152578353881836 0.0118961334228516
0.0405502319335938 -0.0277786254882812 0.00587844848632813 0.0314884185791016
0.0490264892578125 -0.016937255859375 -0.0105056762695312 0.0412673950195313
0.0476303100585938 0.007171630859375 -0.036407470703125 0.0353622436523438
0.03924560546875 0.0294837951660156 -0.0482368469238281 0.008697509765625
0.00881576538085937 0.050933837890625 -0.0357589721679688 -0.0268936157226563
-0.02630615234375 0.0554161071777344 -0.01751708984375 -0.00574207305908203
-0.0568923950195313 0.0459213256835938 -0.0453300476074219 0.0199203491210937
-0.0534591674804688 0.0118293762207031 -0.0250015258789063 0.0785903930664063
-0.0474777221679687 0.0346298217773438 -0.040252685546875 0.10040283203125
-0.0225715637207031 0.0475807189941406 0.0043487548828125 0.0920944213867188
0.008758544921875 0.0534439086914063 0.0362129211425781 0.0630874633789063
0.0337657928466797 0.033905029296875 0.0400047302246094 0.0261878967285156
0.0529022216796875 0.00530624389648438 0.0328407287597656 0.0051727294921875
0.0477371215820313 -0.0161895751953125 0.0132980346679688 0.011103630065918
0.0395088195800781 -0.0148544311523437 0.00205421447753907 0.025299072265625
0.0435142517089844 -0.0178642272949219 -0.00464630126953124 0.0417442321777344
0.0483169555664063 -0.00693130493164063 -0.0189018249511719 0.0473976135253906
0.0427055358886719 0.0144767761230469 -0.0388717651367187 0.0388565063476562
0.0292625427246094 0.0340938568115234 -0.0464286804199219 0.0130882263183594
-0.00244140625 0.04473876953125 -0.0345458984375 -0.0151767730712891
-0.0330047607421875 0.0381431579589844 -0.0223197937011719 0.010589599609375
-0.0551681518554688 0.0235214233398438 -0.0602684020996094 0.032379150390625
-0.0300159454345703 -0.01300048828125 -0.0408935546875 0.0771255493164062
-0.0362167358398438 0.00364685058593751 -0.0559921264648438 0.0970916748046875
-0.0264778137207031 0.0214366912841797 -0.00720977783203125 0.09002685546875
-0.009368896484375 0.03680419921875 0.02313232421875 0.0589370727539063
0.0142688751220703 0.0329990386962891 0.0250511169433594 0.0231513977050781
0.0386238098144531 0.0174522399902344 0.0147237777709961 0.00977230072021485
0.0423507690429688 -0.0015106201171875 -0.00348472595214844 0.0195541381835938
0.0363273620605469 -0.00374984741210938 -0.0107688903808594 0.0350551605224609
0.0413284301757813 -0.00660324096679688 -0.0157623291015625 0.0486946105957031
0.0436782836914063 0.00346755981445313 -0.0290603637695312 0.0494422912597656
0.0356597900390625 0.0213203430175781 -0.0440216064453125 0.0382347106933594
0.0189704895019531 0.0375328063964844 -0.0464019775390625 0.0127677917480469
-0.0165901184082031 0.0385208129882813 -0.0342044830322266 -0.00915336608886718
-0.0404396057128906 0.0184745788574219 -0.0281887054443359 0.0176143646240234
-0.0493545532226563 -0.0035552978515625 -0.0727310180664063 0.0338287353515625
-0.00155258178710937 -0.0342350006103516 -0.0452423095703125 0.0684394836425781
-0.0139636993408203 -0.0241928100585938 -0.0574951171875 0.0890884399414063
-0.0205764770507813 -0.00815391540527343 -0.00943756103515625 0.0834808349609375
-0.0222568511962891 0.0110397338867187 0.0186424255371094 0.0504722595214844
-0.00748252868652344 0.0226936340332031 0.0180225372314453 0.0154953002929688
0.0162067413330078 0.0257892608642578 0.000491142272949219 0.00780391693115235
0.0292587280273438 0.0132255554199219 -0.0173606872558594 0.0220661163330078
0.0273399353027344 0.00786972045898438 -0.0228843688964844 0.0395698547363281
0.0319747924804688 0.0056304931640625 -0.0286102294921875 0.05242919921875
0.0339279174804687 0.0139980316162109 -0.04107666015625 0.0493354797363281
0.0241279602050781 0.0263614654541016 -0.0527572631835938 0.0344085693359375
0.00627517700195312 0.0370864868164063 -0.0505409240722656 0.00806427001953125
-0.0278110504150391 0.02880859375 -0.0360107421875 -0.010711669921875
-0.0424537658691406 -0.00335693359375 -0.0361289978027344 0.0148963928222656
-0.0389823913574219 -0.030792236328125 -0.0828018188476563 0.026824951171875
0.00790786743164063 0.049957275390625 0.0786895751953125 -0.0205001831054687
0.0483360290527344 0.0203361511230469 0.0438880920410156 0.000942230224609376
0.0320110321044922 -0.0228118896484375 0.0388450622558594 0.0137863159179688
0.00655174255371094 -0.0316123962402344 0.0605316162109375 0.0026092529296875
-0.0112056732177734 -0.02679443359375 0.0636787414550781 -0.0257949829101563
-0.0289878845214844 -0.0205802917480469 0.0480079650878906 -0.051544189453125
-0.0261821746826172 -0.0131969451904297 0.03570556640625 -0.0548095703125
-0.0211715698242188 -0.0148658752441406 0.0276336669921875 -0.0402183532714844
-0.0212345123291016 -0.0272197723388672 0.0223846435546875 -0.0191802978515625
0.00170326232910157 -0.0326690673828125 0.00933837890625 -0.00499916076660156
0.0273799896240234 -0.0213069915771484 -0.0177440643310547 -0.00902557373046875
0.0343952178955078 0.00107955932617188 -0.022491455078125 -0.0374069213867188
0.0216655731201172 0.034942626953125 0.0101776123046875 -0.080902099609375
-0.000663757324218755 0.0539054870605469 0.0445709228515625 -0.0853195190429687
-0.0244216918945312 0.0528182983398438 0.0367393493652344 -0.0552406311035156
-0.0163764953613281 0.0641517639160156 0.077880859375 0.0016021728515625
0.0330696105957031 0.0455360412597656 0.0450935363769531 0.0197944641113281
0.0340614318847656 0.00166130065917969 0.0437583923339844 0.0279617309570313
0.0214462280273438 -0.0151805877685547 0.0681343078613281 0.0144729614257813
0.0084381103515625 -0.0221385955810547 0.072540283203125 -0.01617431640625
-0.00678634643554687 -0.0284824371337891 0.0595054626464844 -0.0462646484375
-0.0085906982421875 -0.0264472961425781 0.0452003479003906 -0.0500946044921875
-0.00384902954101562 -0.0241127014160156 0.0339069366455078 -0.0341701507568359
-0.00117874145507813 -0.0349445343017578 0.0261974334716797 -0.0104236602783203
0.0215835571289063 -0.0328102111816406 0.0100698471069336 0.00564861297607422
0.0412483215332031 -0.0111351013183594 -0.0217247009277344 0.00349044799804687
0.042999267578125 0.0168037414550781 -0.0325412750244141 -0.0249519348144531
0.0169448852539062 0.0521087646484375 -0.00737762451171875 -0.0724258422851563
-0.0165786743164063 0.0691299438476563 0.0253524780273438 -0.0723342895507813
-0.0442771911621094 0.0656776428222656 0.0192070007324219 -0.0384864807128906
-0.0416526794433594 0.0674247741699219 0.0663185119628906 0.0282516479492188
0.00720596313476563 0.0652389526367187 0.0376625061035156 0.0457992553710938
0.0277843475341797 0.0298557281494141 0.0448722839355469 0.0462722778320313
0.0337123870849609 0.00932121276855469 0.07293701171875 0.029998779296875
0.0295524597167969 -0.009857177734375 0.0772476196289062 -0.00400543212890625
0.0197410583496094 -0.0304050445556641 0.0663375854492188 -0.03704833984375
0.0125236511230469 -0.0347461700439453 0.0481224060058594 -0.0390243530273438
0.0135440826416016 -0.029693603515625 0.033966064453125 -0.0229873657226563
0.0176963806152344 -0.037841796875 0.0249233245849609 0.00203132629394531
0.0358924865722656 -0.0303840637207031 0.00731849670410156 0.0180835723876953
0.0494461059570313 -0.00454330444335938 -0.0260143280029297 0.0159683227539063
0.0485305786132812 0.0243415832519531 -0.0406494140625 -0.0101127624511719
0.0173530578613281 0.0592002868652344 -0.0247344970703125 -0.0580863952636719
-0.0223541259765625 0.075836181640625 0.00524139404296875 -0.0518608093261719
-0.0543098449707031 0.0701408386230469 -0.00278663635253907 -0.0181102752685547
-0.0616836547851563 0.0588912963867188 0.042877197265625 0.0540809631347656
-0.021881103515625 0.072784423828125 0.0197830200195313 0.0728073120117188
0.0127716064453125 0.05450439453125 0.0402297973632813 0.0665321350097656
0.0377120971679688 0.0364799499511719 0.0688209533691406 0.0458564758300781
0.0452041625976563 0.00770950317382813 0.0727767944335938 0.00965118408203125
0.0431060791015625 -0.0252265930175781 0.0638427734375 -0.0231895446777344
0.0314140319824219 -0.0371742248535156 0.0431556701660156 -0.022918701171875
0.0286159515380859 -0.0304737091064453 0.0284385681152344 -0.00799369812011719
0.0328521728515625 -0.0356712341308594 0.0193767547607422 0.0147190093994141
0.0455131530761719 -0.02667236328125 0.00267601013183594 0.0293998718261719
0.0518684387207031 0.000125885009765625 -0.0281333923339844 0.0280551910400391
0.0484428405761719 0.0272941589355469 -0.0443496704101562 0.003875732421875
0.01739501953125 0.0583000183105469 -0.0344467163085937 -0.0396614074707031
-0.0239028930664063 0.072174072265625 -0.00852775573730469 -0.0271091461181641
-0.0583267211914063 0.0661125183105469 -0.0227642059326172 0.00401878356933594
-0.0691413879394531 0.0388603210449219 0.0121612548828125 0.0737533569335937
-0.0448341369628906 0.0633544921875 -0.00592041015625 0.0939102172851563
-0.00731277465820312 0.0630455017089844 0.0267562866210938 0.082611083984375
0.0291976928710938 0.0553512573242188 0.0565185546875 0.0576133728027344
0.0488777160644531 0.0244674682617188 0.0593833923339844 0.0191612243652344
0.0572853088378906 -0.0125083923339844 0.0518417358398438 -0.00940704345703125
0.045440673828125 -0.0321388244628906 0.0303516387939453 -0.00635147094726563
0.0388031005859375 -0.0264816284179687 0.01788330078125 0.00858306884765625
0.0426445007324219 -0.0310440063476563 0.0108661651611328 0.0281887054443359
0.0507965087890625 -0.0197830200195313 -0.00392532348632812 0.0389022827148438
0.0510177612304688 0.00652313232421875 -0.0305671691894531 0.0365142822265625
0.0427818298339844 0.0310173034667969 -0.0431709289550781 0.0128021240234375
0.0107612609863281 0.0540084838867188 -0.0349922180175781 -0.0230789184570313
-0.0276641845703125 0.0609016418457031 -0.0148983001708984 -0.00296592712402343
-0.0595054626464844 0.0516777038574219 -0.0416183471679688 0.0241546630859375
-0.0601806640625 0.0143165588378906 -0.0171279907226563 0.0839996337890625
-0.05224609375 0.0382804870605469 -0.0319747924804687 0.103866577148438
-0.0241355895996094 0.0517044067382813 0.01031494140625 0.090362548828125
0.0110816955566406 0.056884765625 0.0398483276367188 0.0609207153320313
0.0377731323242188 0.0358963012695313 0.0405845642089844 0.0233840942382813
0.0577049255371094 0.00310516357421875 0.0330734252929688 0.00307083129882813
0.0508003234863281 -0.0204048156738281 0.014643669128418 0.00974845886230468
0.0426406860351563 -0.0185203552246094 0.00515174865722657 0.0234394073486328
0.0465431213378906 -0.0218772888183594 -0.000419616699218751 0.0394477844238281
0.0524787902832031 -0.0106925964355469 -0.0132598876953125 0.045501708984375
0.0476875305175781 0.013916015625 -0.0338211059570313 0.0396728515625
0.033966064453125 0.03558349609375 -0.0415115356445313 0.0158157348632812
-0.00198745727539063 0.0493736267089844 -0.0328350067138672 -0.0111541748046875
-0.03607177734375 0.0436859130859375 -0.0200729370117188 0.0139636993408203
-0.0588722229003906 0.0283050537109375 -0.0570602416992188 0.0366859436035156
-0.0373497009277344 -0.0141944885253906 -0.0373992919921875 0.0826187133789063
-0.0431442260742188 0.0060272216796875 -0.0493850708007813 0.10223388671875
-0.0305690765380859 0.025299072265625 -0.00140380859375 0.0889892578125
-0.00881576538085937 0.042327880859375 0.0253105163574219 0.0564994812011719
0.0183753967285156 0.0364418029785156 0.0251789093017578 0.0214729309082031
0.0443840026855469 0.0163536071777344 0.0148534774780273 0.00834465026855469
0.0470771789550781 -0.00547027587890625 -0.00246620178222656 0.0198860168457031
0.0405616760253906 -0.0080108642578125 -0.00908851623535156 0.0349273681640625
0.0451126098632812 -0.010284423828125 -0.0131378173828125 0.0478134155273438
0.049163818359375 0.000164031982421875 -0.0254135131835937 0.0495529174804688
0.0407218933105469 0.021087646484375 -0.0400886535644531 0.0387992858886719
0.0241546630859375 0.0400619506835938 -0.0430183410644531 0.0146255493164062
-0.0151443481445313 0.0440673828125 -0.0314865112304688 -0.00602149963378906
-0.0447807312011719 0.0242805480957031 -0.0263900756835938 0.0212879180908203
-0.0556526184082031 0.000129699707031252 -0.072174072265625 0.0401458740234375
-0.00864028930664063 -0.03826904296875 -0.0435867309570312 0.0741119384765625
-0.0222015380859375 -0.025238037109375 -0.0526504516601562 0.0936431884765625
-0.0256767272949219 -0.006683349609375 -0.00381469726562501 0.082305908203125
-0.0232639312744141 0.0165996551513672 0.0207061767578125 0.047698974609375
-0.00436592102050781 0.0277538299560547 0.0154581069946289 0.0136795043945313
0.0229358673095703 0.0258960723876953 -0.00123834609985351 0.00721168518066406
0.0348606109619141 0.0105361938476563 -0.0174846649169922 0.0247802734375
0.0315284729003906 0.00451087951660156 -0.0220718383789062 0.04144287109375
0.0360298156738281 0.0022735595703125 -0.0261688232421875 0.0538978576660156
0.0391845703125 0.0107917785644531 -0.0385627746582031 0.0507164001464844
0.0297183990478516 0.0261821746826172 -0.0498733520507813 0.0354766845703125
0.0116844177246094 0.0402755737304688 -0.0478706359863281 0.00994491577148439
-0.0274200439453125 0.0347328186035156 -0.0347442626953125 -0.00799369812011718
-0.0483055114746094 0.00213623046874999 -0.035675048828125 0.0202789306640625
-0.0465850830078125 -0.0283126831054688 -0.0846328735351563 0.0325469970703125
0.0135726928710938 0.0498123168945312 0.082183837890625 -0.0256423950195313
0.0512657165527344 0.0155143737792969 0.0453147888183594 -0.00420761108398437
0.0303363800048828 -0.0270633697509766 0.037994384765625 0.012054443359375
0.00330162048339844 -0.0335063934326172 0.0601577758789063 0.002105712890625
-0.0147247314453125 -0.0264263153076172 0.0641593933105469 -0.0266036987304688
-0.0323715209960938 -0.0168228149414063 0.0483207702636719 -0.052276611328125
-0.0287837982177734 -0.0103225708007812 0.0359840393066406 -0.0576210021972656
-0.0237064361572266 -0.0119667053222656 0.0281982421875 -0.0427894592285156
-0.0259914398193359 -0.0235347747802734 0.0244369506835937 -0.0226879119873047
-0.00283622741699219 -0.0334701538085937 0.0131502151489258 -0.00636482238769531
0.0250568389892578 -0.0251178741455078 -0.0143661499023437 -0.0070028305053711
0.0348930358886719 -0.00388717651367188 -0.0205402374267578 -0.0346946716308594
0.0272464752197266 0.0332355499267578 0.00772857666015625 -0.0797500610351562
0.00616073608398437 0.0570030212402344 0.0427780151367187 -0.0881729125976563
-0.0189056396484375 0.0569381713867188 0.038970947265625 -0.05908203125
-0.0128936767578125 0.0650520324707031 0.0841293334960938 -0.00246429443359375
0.0356330871582031 0.0437164306640625 0.0481109619140625 0.0158042907714844
0.0326862335205078 -0.00124549865722656 0.0440788269042969 0.0259170532226563
0.0198974609375 -0.0167446136474609 0.0684738159179688 0.0136795043945312
0.00582504272460938 -0.0217380523681641 0.0734481811523438 -0.0181121826171875
-0.00942230224609375 -0.0265159606933594 0.0605049133300781 -0.0490608215332031
-0.00945663452148438 -0.0249099731445312 0.0460281372070313 -0.0540199279785156
-0.00556373596191406 -0.0225410461425781 0.0352439880371094 -0.0388641357421875
-0.00400352478027343 -0.03338623046875 0.0295543670654297 -0.0152130126953125
0.0184841156005859 -0.0339717864990234 0.0156841278076172 0.00401020050048828
0.0410346984863281 -0.0145187377929688 -0.0174760818481445 0.00462818145751953
0.0454177856445313 0.0138130187988281 -0.0291748046875 -0.0217227935791016
0.021728515625 0.0520858764648437 -0.00904083251953125 -0.0693588256835938
-0.0115890502929688 0.073577880859375 0.02484130859375 -0.0737533569335938
-0.0405807495117187 0.0708541870117188 0.0227279663085938 -0.0401573181152344
-0.0411529541015625 0.0706710815429688 0.073638916015625 0.0260086059570313
0.00877761840820313 0.0659713745117188 0.0428733825683594 0.0420761108398438
0.0273456573486328 0.02886962890625 0.0465507507324219 0.0438957214355469
0.0340003967285156 0.00899505615234375 0.0742416381835938 0.0292510986328125
0.0289039611816406 -0.00978469848632813 0.0787124633789063 -0.0064544677734375
0.0182342529296875 -0.0292377471923828 0.0681800842285156 -0.0405197143554688
0.0114765167236328 -0.0349636077880859 0.0496635437011719 -0.0433464050292969
0.0130863189697266 -0.0294475555419922 0.0364456176757812 -0.0276679992675781
0.0161552429199219 -0.0379257202148438 0.0283260345458984 -0.00278091430664063
0.0351676940917969 -0.0321884155273438 0.0131845474243164 0.0156116485595703
0.0505523681640625 -0.00707244873046875 -0.0203189849853516 0.0169811248779297
0.0505142211914063 0.0226631164550781 -0.0362701416015625 -0.00685882568359375
0.0207786560058594 0.0612106323242188 -0.0252456665039062 -0.0557975769042969
-0.0192718505859375 0.0810394287109375 0.00611114501953125 -0.0529289245605469
-0.0526962280273438 0.0760421752929688 0.0025634765625 -0.0183792114257812
-0.0634002685546875 0.0630111694335938 0.0495338439941406 0.0537643432617188
-0.0223464965820313 0.0754623413085938 0.0256996154785156 0.0702590942382812
0.0124053955078125 0.0550765991210938 0.0421905517578125 0.0641670227050781
0.039276123046875 0.0371856689453125 0.071075439453125 0.0445327758789062
0.0461692810058594 0.00785064697265625 0.0753021240234375 0.0069732666015625
0.0436134338378906 -0.0263633728027344 0.065460205078125 -0.0265922546386719
0.0324821472167969 -0.0389251708984375 0.0458450317382813 -0.0270195007324219
0.0298385620117188 -0.0322933197021484 0.0310077667236328 -0.0124340057373047
0.0336875915527344 -0.0367355346679688 0.0230922698974609 0.0107040405273437
0.0473175048828125 -0.0288238525390625 0.00867080688476563 0.026092529296875
0.0552024841308594 -0.0010223388671875 -0.0222759246826172 0.0278339385986328
0.0517196655273438 0.0276870727539063 -0.0400161743164063 0.00691986083984374
0.0198478698730469 0.0611152648925781 -0.0336074829101563 -0.0369377136230469
-0.0232772827148438 0.0777359008789063 -0.00664329528808594 -0.0269145965576172
-0.0586471557617187 0.0722274780273438 -0.018524169921875 0.005279541015625
-0.0742340087890625 0.0428390502929687 0.0186996459960937 0.076324462890625
-0.0477867126464844 0.0676536560058594 0.000190734863281237 0.0936431884765625
-0.00832366943359376 0.0665321350097656 0.0295791625976563 0.0808029174804688
0.0315475463867188 0.0589599609375 0.0583839416503906 0.056304931640625
0.0522308349609375 0.0258979797363281 0.0610389709472656 0.0172996520996094
0.0599632263183594 -0.01458740234375 0.0542945861816406 -0.0122222900390625
0.0475196838378906 -0.0354881286621094 0.0338478088378906 -0.0082855224609375
0.0410881042480469 -0.0289421081542969 0.0195751190185547 0.00539588928222656
0.0452499389648438 -0.03363037109375 0.0131092071533203 0.0248527526855469
0.0541534423828125 -0.022613525390625 0.000125885009765629 0.0359725952148437
0.0554733276367188 0.00568771362304688 -0.0263481140136719 0.0352096557617188
0.0466346740722656 0.0324821472167969 -0.0384979248046875 0.0144805908203125
0.01214599609375 0.0579071044921875 -0.0325946807861328 -0.0204448699951172
-0.0290374755859375 0.0668258666992187 -0.0124778747558594 -0.00160598754882812
-0.0623512268066406 0.0575065612792969 -0.0385818481445313 0.0268783569335938
-0.067047119140625 0.0153617858886719 -0.01165771484375 0.0868453979492188
-0.0578117370605469 0.0423088073730469 -0.0275039672851563 0.105224609375
-0.0267066955566406 0.0562553405761719 0.0134124755859375 0.0893325805664063
0.0132904052734375 0.0619316101074219 0.0411338806152344 0.0596275329589844
0.0425300598144531 0.0376853942871094 0.0424728393554688 0.0216026306152344
0.0612907409667969 0.0017242431640625 0.0340576171875 0.00045013427734375
0.0537681579589844 -0.025238037109375 0.0161285400390625 0.00854396820068359
0.0460395812988281 -0.0218544006347656 0.00634574890136719 0.0211124420166016
0.0503654479980469 -0.0250129699707031 0.00165939331054688 0.0370903015136719
0.0566139221191406 -0.0138511657714844 -0.00987625122070312 0.0438194274902344
0.0520706176757813 0.0138397216796875 -0.0291595458984375 0.0388069152832031
0.0392608642578125 0.0382804870605469 -0.0385055541992187 0.0167236328125
-0.00056838989257812 0.0538787841796875 -0.0300178527832031 -0.0101127624511719
-0.0392036437988281 0.0499534606933594 -0.0168190002441406 0.0157899856567383
-0.0647773742675781 0.0336647033691406 -0.0555038452148438 0.0403366088867187
-0.0456695556640625 -0.0139236450195313 -0.0345230102539062 0.0883636474609375
-0.0507965087890625 0.00828933715820313 -0.0453643798828125 0.105026245117188
-0.0349349975585937 0.0296134948730469 0.00173187255859375 0.0884246826171875
-0.007904052734375 0.0481681823730469 0.0259170532226562 0.0557136535644531
0.0223579406738281 0.0400619506835938 0.0246849060058594 0.0200958251953125
0.0504913330078125 0.0147972106933594 0.0142793655395508 0.0076904296875
0.0505218505859375 -0.009490966796875 -0.00195693969726562 0.0203170776367188
0.0438728332519531 -0.0115470886230469 -0.00710487365722656 0.0351390838623047
0.0489044189453125 -0.0149650573730469 -0.0112152099609375 0.0474815368652344
0.0541572570800781 -0.00283050537109375 -0.0230751037597656 0.047698974609375
0.0457000732421875 0.0210609436035156 -0.0381088256835938 0.0381355285644531
0.0284614562988281 0.0426216125488281 -0.0403900146484375 0.0153694152832031
-0.0143928527832031 0.0492324829101563 -0.0294170379638672 -0.00502395629882812
-0.0488243103027344 0.0297317504882813 -0.0240230560302734 0.0240287780761719
-0.0619049072265625 0.00446701049804687 -0.07220458984375 0.0436553955078125
-0.0156631469726563 -0.0397911071777344 -0.043548583984375 0.07904052734375
-0.02978515625 -0.0247821807861328 -0.0496139526367188 0.096954345703125
-0.0308151245117188 -0.00412368774414062 -0.000846862792968746 0.08123779296875
-0.0249710083007812 0.0222148895263672 0.0197601318359375 0.0458221435546875
-0.000734329223632813 0.0319995880126953 0.0131931304931641 0.0130786895751953
0.0285854339599609 0.0245914459228516 -0.00275516510009765 0.00805521011352539
0.0385551452636719 0.00636672973632813 -0.0178852081298828 0.0267620086669922
0.03521728515625 0.000705718994140625 -0.0214424133300781 0.04437255859375
0.0406341552734375 -0.00266265869140625 -0.0257148742675781 0.0550537109375
0.0440788269042969 0.00759124755859375 -0.0383415222167969 0.0505523681640625
0.0343704223632813 0.0261402130126953 -0.0490913391113281 0.0359725952148437
0.0162086486816406 0.0421791076660156 -0.046142578125 0.0107154846191406
-0.0261878967285156 0.0388145446777344 -0.0326080322265625 -0.00537490844726562
-0.0521392822265625 0.0074920654296875 -0.0345497131347656 0.0231361389160156
-0.052947998046875 -0.025115966796875 -0.08660888671875 0.0371856689453125
0.0183486938476563 0.0490837097167969 0.0870132446289063 -0.0305938720703125
0.0546798706054688 0.0112380981445313 0.0462989807128906 -0.00799942016601563
0.0294933319091797 -0.0303325653076172 0.0370903015136719 0.0107688903808594
0.000289916992187502 -0.0361099243164063 0.0616874694824219 0.00210189819335937
-0.0186252593994141 -0.0255603790283203 0.065460205078125 -0.0275154113769531
-0.036407470703125 -0.0137138366699219 0.0500526428222656 -0.0545539855957031
-0.0300331115722656 -0.00638389587402344 0.0364952087402344 -0.0615615844726562
-0.0256805419921875 -0.00937461853027343 0.0286865234375 -0.0481452941894531
-0.0294036865234375 -0.0212783813476563 0.0269870758056641 -0.0271110534667969
-0.00757980346679688 -0.0332183837890625 0.0170717239379883 -0.010040283203125
0.0230636596679688 -0.0291862487792969 -0.0101747512817383 -0.00676250457763672
0.0371551513671875 -0.00748062133789062 -0.0191326141357422 -0.0327548980712891
0.0325870513916016 0.0320930480957031 0.00705718994140626 -0.0791854858398438
0.0131263732910156 0.0590744018554688 0.0418930053710937 -0.0918045043945313
-0.0142059326171875 0.0609130859375 0.0419464111328125 -0.0637855529785156
-0.0103263854980469 0.0672607421875 0.0904541015625 -0.00765228271484375
0.0385894775390625 0.041473388671875 0.0509529113769531 0.010467529296875
0.0326290130615234 -0.00377464294433594 0.0440101623535156 0.0237197875976563
0.018218994140625 -0.0173473358154297 0.07086181640625 0.0138015747070312
0.00522804260253906 -0.0210685729980469 0.0763626098632813 -0.0202560424804688
-0.0122337341308594 -0.02410888671875 0.0637245178222656 -0.0532035827636719
-0.0112018585205078 -0.0228023529052734 0.0472831726074219 -0.0596046447753906
-0.00733375549316406 -0.0220737457275391 0.0370712280273438 -0.0442390441894531
-0.00641632080078125 -0.0318870544433594 0.0322608947753906 -0.020263671875
0.0155715942382813 -0.0349254608154297 0.0201435089111328 -0.000116348266601565
0.0410194396972656 -0.0177230834960938 -0.0130109786987305 0.00393962860107422
0.0467948913574219 0.0109405517578125 -0.0266075134277344 -0.0194435119628906
0.0260009765625 0.0526504516601562 -0.0100479125976562 -0.0681381225585938
-0.00699615478515625 0.078704833984375 0.0244827270507812 -0.077178955078125
-0.037017822265625 0.0773239135742188 0.0272674560546875 -0.0437240600585937
-0.0409011840820312 0.0740890502929688 0.08135986328125 0.0229263305664063
0.0107879638671875 0.0675735473632813 0.0465126037597656 0.0378608703613281
0.0272121429443359 0.030029296875 0.04736328125 0.0421638488769531
0.0338153839111328 0.00975799560546875 0.0768356323242188 0.0292587280273438
0.0285549163818359 -0.00948143005371094 0.0821914672851562 -0.007965087890625
0.0174312591552734 -0.0291824340820313 0.070465087890625 -0.0448074340820313
0.0114822387695313 -0.035247802734375 0.052001953125 -0.0495986938476562
0.013519287109375 -0.0306549072265625 0.0380630493164063 -0.0332069396972656
0.015655517578125 -0.0388336181640625 0.0318717956542969 -0.00850486755371094
0.0348739624023438 -0.0344161987304688 0.0179023742675781 0.0105533599853516
0.0522804260253906 -0.00867843627929688 -0.0150146484375 0.0165977478027344
0.0537452697753906 0.0216484069824219 -0.0331077575683594 -0.00449943542480468
0.0247688293457031 0.062713623046875 -0.0249557495117187 -0.0533103942871094
-0.0165176391601563 0.087005615234375 0.00729751586914063 -0.0543327331542969
-0.0517959594726562 0.0832672119140625 0.00671386718749999 -0.0201511383056641
-0.0667381286621094 0.0687789916992188 0.0592880249023438 0.0533447265625
-0.0226669311523438 0.0796890258789063 0.0314369201660156 0.0686836242675781
0.0130844116210937 0.0592575073242188 0.0441551208496094 0.0623779296875
0.0412750244140625 0.0401954650878906 0.073333740234375 0.043914794921875
0.0495567321777344 0.00795745849609375 0.0779190063476563 0.00525665283203125
0.0450325012207031 -0.0279960632324219 0.0683937072753906 -0.0316085815429688
0.0328941345214844 -0.0411148071289063 0.0472679138183594 -0.0320625305175781
0.0318164825439453 -0.0341148376464844 0.0328502655029297 -0.0164470672607422
0.0349388122558594 -0.040863037109375 0.0256195068359375 0.00571441650390625
0.0490608215332031 -0.0316848754882813 0.0124187469482422 0.0228595733642578
0.0588188171386719 -0.0019073486328125 -0.0177516937255859 0.0271625518798828
0.0556297302246094 0.0283393859863281 -0.0357933044433594 0.00798034667968751
0.0222358703613281 0.0650177001953125 -0.0325965881347656 -0.0355606079101562
-0.0229568481445313 0.08489990234375 -0.00364875793457031 -0.0273857116699219
-0.0609512329101562 0.0799560546875 -0.0144634246826172 0.00525856018066407
-0.0794830322265625 0.0490798950195312 0.026275634765625 0.078125
-0.0514144897460937 0.0751495361328125 0.00457000732421875 0.0938568115234375
-0.0091094970703125 0.0728225708007813 0.0314483642578125 0.0805587768554688
0.0333633422851563 0.062164306640625 0.0616188049316406 0.0564117431640625
0.056793212890625 0.02667236328125 0.063720703125 0.01702880859375
0.0632553100585938 -0.0183639526367188 0.0554580688476563 -0.0150604248046875
0.0494728088378906 -0.0397377014160156 0.0339508056640625 -0.0123653411865234
0.0440635681152344 -0.033294677734375 0.0215053558349609 0.00209426879882812
0.0480613708496094 -0.0376548767089844 0.0160083770751953 0.0207176208496094
0.0577354431152344 -0.0265007019042969 0.00317573547363281 0.0322170257568359
0.0597000122070312 0.00508499145507812 -0.0224456787109375 0.0343036651611328
0.0520744323730469 0.034088134765625 -0.0349445343017578 0.0148258209228516
0.0130844116210938 0.0627174377441406 -0.0318012237548828 -0.0194911956787109
-0.0301971435546875 0.0746688842773438 -0.00944232940673828 -0.00122737884521484
-0.0660209655761719 0.0649261474609375 -0.0352973937988281 0.0281143188476563
-0.07452392578125 0.01971435546875 -0.00787353515625 0.0920944213867187
-0.0635032653808594 0.0479621887207031 -0.0239410400390625 0.107246398925781
-0.0291824340820312 0.0631065368652344 0.0150299072265625 0.0891265869140625
0.0160140991210938 0.068023681640625 0.0433235168457031 0.0599746704101563
0.0484657287597656 0.0414085388183594 0.0434494018554687 0.0215644836425781
0.0678291320800781 -0.00216293334960937 0.0349521636962891 -0.000719070434570313
0.0571174621582031 -0.0294303894042969 0.0171489715576172 0.00568962097167969
0.0488471984863281 -0.0258026123046875 0.00823593139648438 0.0204391479492188
0.0535850524902344 -0.0305862426757813 0.00368499755859375 0.0350894927978516
0.0617141723632813 -0.0174484252929688 -0.00816726684570312 0.0407905578613281
0.0576896667480469 0.0135993957519531 -0.0282402038574219 0.03778076171875
0.0447196960449219 0.0404129028320313 -0.0364341735839844 0.0176544189453125
0.000389099121093754 0.0597763061523438 -0.0282421112060547 -0.00968551635742187
-0.0416603088378906 0.0574836730957031 -0.0147504806518555 0.0173139572143555
-0.0691337585449219 0.0413856506347656 -0.0539093017578125 0.0427970886230469
-0.0534248352050781 -0.0119056701660156 -0.0328750610351563 0.0940780639648438
-0.0574455261230469 0.0123252868652344 -0.0429763793945313 0.109832763671875
-0.0388717651367187 0.0357666015625 0.00457000732421875 0.088653564453125
-0.00705718994140625 0.0542068481445313 0.0269584655761719 0.055389404296875
0.0271339416503906 0.0432510375976563 0.0240230560302734 0.0193557739257813
0.0561256408691406 0.0120925903320313 0.0131168365478516 0.00678825378417969
0.05487060546875 -0.0142631530761719 -0.0023345947265625 0.0215282440185547
0.0474052429199219 -0.0163421630859375 -0.00643539428710938 0.0354728698730469
0.0535736083984375 -0.020263671875 -0.0105476379394531 0.0483360290527344
0.0589065551757813 -0.0079345703125 -0.0234031677246094 0.0475349426269531
0.0518646240234375 0.0206260681152344 -0.0374870300292969 0.0371971130371094
0.0348052978515625 0.0457229614257813 -0.0395736694335938 0.0149269104003906
-0.0132560729980469 0.0552864074707031 -0.0279026031494141 -0.00522804260253906
-0.0531005859375 0.0372238159179688 -0.0220088958740234 0.0258998870849609
-0.0682373046875 0.00936126708984374 -0.0732803344726562 0.047821044921875
-0.0226516723632812 -0.0409317016601563 -0.04364013671875 0.0852890014648438
-0.0367393493652344 -0.0242080688476563 -0.0484619140625 0.101547241210938
-0.0353240966796875 -5.72204589843766E-05 0.00134277343750001 0.0822982788085938
-0.0245361328125 0.0286140441894531 0.0182304382324219 0.045501708984375
0.00281143188476563 0.0352668762207031 0.0114955902099609 0.0124902725219727
0.034423828125 0.0244655609130859 -0.00545024871826172 0.0099630355834961
0.0430145263671875 0.00177383422851563 -0.01910400390625 0.0295677185058594
0.0387649536132813 -0.00214385986328125 -0.0207328796386719 0.0464134216308594
0.0436363220214844 -0.00634384155273438 -0.0261573791503906 0.057037353515625
0.0481910705566406 0.00371170043945313 -0.0389366149902344 0.0520820617675781
0.0400886535644531 0.0246467590332031 -0.0498085021972656 0.035888671875
0.0218315124511719 0.0441703796386719 -0.0469322204589844 0.0102462768554688
-0.0263099670410156 0.045196533203125 -0.0315513610839844 -0.00571823120117187
-0.0575485229492188 0.0126380920410156 -0.0332450866699219 0.0270347595214844
-0.0599708557128906 -0.0217819213867188 -0.0901107788085938 0.0416336059570312
0.023529052734375 0.0484504699707031 0.0919265747070313 -0.0376739501953125
0.0581169128417969 0.006072998046875 0.0467071533203125 -0.013916015625
0.0280628204345703 -0.0344295501708984 0.036865234375 0.0104217529296875
-0.00387191772460937 -0.0378684997558594 0.0639114379882813 0.001312255859375
-0.0224227905273437 -0.0247669219970703 0.0690727233886719 -0.0296821594238281
-0.03912353515625 -0.00917816162109375 0.0529327392578125 -0.0589637756347656
-0.0323314666748047 -0.00273323059082031 0.0374259948730469 -0.0676116943359375
-0.0273475646972656 -0.00648689270019532 0.0291709899902344 -0.0532722473144531
-0.0337123870849609 -0.0184326171875 0.0279788970947266 -0.0325565338134766
-0.0122203826904297 -0.0336170196533203 0.0194892883300781 -0.0133209228515625
0.0196247100830078 -0.0327224731445312 -0.00741052627563477 -0.00785398483276367
0.0370063781738281 -0.0123863220214844 -0.0178604125976562 -0.0323562622070313
0.0381507873535156 0.0301551818847656 0.00528717041015626 -0.0805816650390625
0.0209579467773438 0.0604743957519531 0.0414199829101562 -0.0983123779296875
-0.00634002685546876 0.0650100708007813 0.0447006225585937 -0.0711669921875
-0.006591796875 0.070343017578125 0.0979995727539063 -0.0145721435546875
0.041595458984375 0.0396804809570312 0.0533409118652344 0.00536727905273438
0.0319919586181641 -0.00511741638183594 0.0448837280273438 0.0236053466796875
0.0169792175292969 -0.0190544128417969 0.0741119384765625 0.0129318237304687
0.00235748291015625 -0.0203723907470703 0.080841064453125 -0.0221633911132813
-0.0139026641845703 -0.021942138671875 0.0660743713378906 -0.0583343505859375
-0.0126438140869141 -0.0211296081542969 0.0486907958984375 -0.0669097900390625
-0.00777053833007812 -0.0210437774658203 0.0371322631835938 -0.0500946044921875
-0.00880622863769531 -0.0314960479736328 0.0344467163085938 -0.0265293121337891
0.0140190124511719 -0.0366401672363281 0.0241489410400391 -0.00447845458984375
0.0397491455078125 -0.0213813781738281 -0.00797939300537109 0.00322389602661133
0.0498046875 0.00765609741210937 -0.0239906311035156 -0.018096923828125
0.0319900512695313 0.0535850524902344 -0.0113143920898438 -0.0689620971679688
7.62939453125056E-05 0.0834503173828125 0.024505615234375 -0.0820159912109375
-0.0330657958984375 0.0842514038085938 0.0307388305664062 -0.0500144958496094
-0.0409164428710938 0.0805435180664063 0.0903472900390625 0.01702880859375
0.01300048828125 0.0702476501464844 0.0507888793945313 0.0337715148925781
0.0282020568847656 0.0309162139892578 0.0492706298828125 0.0422821044921875
0.0358505249023438 0.00989913940429688 0.0811996459960938 0.0275421142578125
0.0297183990478516 -0.00960922241210938 0.0862960815429688 -0.0115585327148438
0.0168628692626953 -0.0298690795898437 0.0736770629882813 -0.0508575439453125
0.0111732482910156 -0.0367355346679687 0.0534934997558594 -0.0567054748535156
0.0139617919921875 -0.032135009765625 0.0386505126953125 -0.0402336120605469
0.0150833129882813 -0.0407524108886719 0.0337677001953125 -0.0146808624267578
0.0353546142578125 -0.0376358032226563 0.0224285125732422 0.00635337829589844
0.0546722412109375 -0.0123558044433594 -0.0104789733886719 0.0156879425048828
0.0581512451171875 0.0201072692871094 -0.0300235748291016 -0.00344467163085937
0.029754638671875 0.0660247802734375 -0.0261077880859375 -0.0523719787597656
-0.0117340087890625 0.0945587158203125 0.00768661499023437 -0.0577812194824219
-0.0495223999023437 0.0924453735351563 0.0106010437011719 -0.0234794616699219
-0.0696487426757812 0.0763015747070313 0.0683746337890625 0.0515060424804688
-0.0224761962890625 0.0870285034179688 0.03631591796875 0.0672378540039062
0.013427734375 0.0634307861328125 0.0468521118164063 0.0628814697265625
0.0452384948730469 0.0418968200683594 0.0784530639648438 0.0440673828125
0.0530357360839844 0.00797653198242188 0.0829238891601563 0.0026397705078125
0.0468482971191406 -0.0299720764160156 0.0702133178710938 -0.0368423461914063
0.0337066650390625 -0.0451889038085937 0.0488777160644531 -0.0382957458496094
0.0334968566894531 -0.03839111328125 0.0335502624511719 -0.0221233367919922
0.0362396240234375 -0.0453033447265625 0.0283107757568359 0.000616073608398435
0.05084228515625 -0.03533935546875 0.0163135528564453 0.0180568695068359
0.063720703125 -0.0049896240234375 -0.0140266418457031 0.0260124206542969
0.0615959167480469 0.0276679992675781 -0.0320205688476562 0.0085582733154297
0.0267715454101563 0.0695228576660156 -0.0320377349853516 -0.0346660614013672
-0.0204696655273438 0.0943450927734375 -0.00264167785644531 -0.0297737121582031
-0.0612640380859375 0.090118408203125 -0.0107841491699219 0.0045013427734375
-0.0855865478515625 0.0563507080078125 0.03399658203125 0.0800323486328125
-0.053558349609375 0.0831832885742188 0.0105438232421875 0.0951995849609375
-0.00907135009765625 0.0797805786132813 0.0351943969726563 0.08160400390625
0.0397224426269531 0.0679435729980469 0.0658302307128906 0.0571861267089844
0.061859130859375 0.0279960632324219 0.0669212341308594 0.0146827697753906
0.0674705505371094 -0.0205230712890625 0.0571441650390625 -0.02008056640625
0.0515594482421875 -0.044952392578125 0.036529541015625 -0.0166702270507813
0.0470352172851563 -0.0384635925292969 0.0233707427978516 -0.00150489807128906
0.0506591796875 -0.0439682006835938 0.01727294921875 0.0173664093017578
0.0625152587890625 -0.0316505432128906 0.00647354125976563 0.0301170349121094
0.0661392211914063 0.002838134765625 -0.0185642242431641 0.0338611602783203
0.0586662292480469 0.0348625183105469 -0.0329570770263672 0.0148372650146484
0.0177154541015625 0.0691032409667969 -0.0311393737792969 -0.0199489593505859
-0.0297622680664063 0.0844573974609375 -0.00707530975341797 -0.00222730636596679
-0.0684127807617188 0.0739822387695313 -0.0319232940673828 0.0299415588378906
-0.0817718505859375 0.0267562866210938 -0.00140380859375 0.0975189208984375
-0.0686759948730469 0.05712890625 -0.0179901123046875 0.112297058105469
-0.0310592651367187 0.0711517333984375 0.019561767578125 0.0909500122070312
0.0199661254882812 0.0755615234375 0.0454673767089844 0.0610427856445312
0.0546150207519531 0.0430145263671875 0.0445938110351563 0.0213127136230469
0.0740203857421875 -0.00621795654296875 0.03619384765625 -0.00403213500976563
0.0604972839355469 -0.0359535217285156 0.0185375213623047 0.00587272644042968
0.0532608032226563 -0.0317497253417969 0.00890922546386719 0.0193500518798828
0.0575637817382813 -0.0372390747070312 0.00413703918457032 0.0342178344726563
0.0663604736328125 -0.0233612060546875 -0.00703811645507813 0.0400505065917969
0.0648765563964844 0.0107688903808594 -0.027099609375 0.0368309020996094
0.0522193908691406 0.0412635803222656 -0.0346946716308594 0.0169410705566406
0.00355148315429688 0.0671005249023438 -0.0277748107910156 -0.00991439819335937
-0.0435409545898437 0.0673904418945313 -0.0106611251831055 0.0173006057739258
-0.0742874145507812 0.049072265625 -0.0527000427246094 0.0475387573242188
-0.0619735717773438 -0.008331298828125 -0.0294113159179688 0.101318359375
-0.0639419555664063 0.01910400390625 -0.0399246215820313 0.115730285644531
-0.0416946411132813 0.0424461364746094 0.00666046142578125 0.0903854370117188
-0.00414276123046875 0.0623283386230469 0.0286140441894531 0.0573577880859375
0.033782958984375 0.0461692810058594 0.0238685607910156 0.0207653045654297
0.0633049011230469 0.00895309448242187 0.0130271911621094 0.00774192810058594
0.0591697692871094 -0.0206985473632813 -0.00100135803222656 0.0224189758300781
0.05010986328125 -0.0212821960449219 -0.00654983520507812 0.0373916625976563
0.056854248046875 -0.0268630981445312 -0.0103340148925781 0.0490379333496094
0.0640830993652344 -0.0135078430175781 -0.0227813720703125 0.0486373901367187
0.058685302734375 0.0184974670410156 -0.0378875732421875 0.0384674072265625
0.0414237976074219 0.0471343994140625 -0.0395660400390625 0.0149078369140625
-0.0109062194824219 0.0625801086425781 -0.0272655487060547 -0.00515174865722656
-0.0556983947753906 0.0463485717773437 -0.0197391510009766 0.0286788940429687
-0.0747222900390625 0.0171737670898438 -0.0740203857421875 0.053741455078125
-0.0307884216308594 -0.0417060852050781 -0.0435333251953125 0.0936431884765625
-0.0442352294921875 -0.020782470703125 -0.04644775390625 0.108627319335938
-0.0412063598632813 0.00427627563476562 0.00296783447265625 0.0833587646484375
-0.0245513916015625 0.0351829528808594 0.0190963745117188 0.046234130859375
0.00728988647460937 0.0392341613769531 0.00958251953125 0.0137796401977539
0.041290283203125 0.0215950012207031 -0.00715351104736328 0.012272834777832
0.0469245910644531 -0.0022430419921875 -0.0196952819824219 0.0336360931396484
0.0406341552734375 -0.00731277465820312 -0.0202293395996094 0.049774169921875
0.047698974609375 -0.0116806030273438 -0.0249176025390625 0.0611915588378906
0.0532379150390625 -0.00173187255859375 -0.0401573181152344 0.0551071166992188
0.0463905334472656 0.0236968994140625 -0.0514945983886719 0.0384254455566406
0.0278358459472656 0.0465164184570313 -0.0480155944824219 0.01080322265625
-0.0237503051757813 0.0511627197265625 -0.0308322906494141 -0.006103515625
-0.0609779357910156 0.021240234375 -0.0323104858398438 0.0317115783691406
-0.066864013671875 -0.0164604187011719 -0.0944366455078125 0.0488967895507813
0.0305328369140625 0.0472564697265625 0.095703125 -0.0492935180664063
0.0615425109863281 -0.000675201416015625 0.0461540222167969 -0.01910400390625
0.0245018005371094 -0.0396232604980469 0.0379257202148438 0.00839996337890625
-0.00838088989257813 -0.0384750366210938 0.0662117004394531 -0.000503540039062502
-0.0266799926757813 -0.0232620239257813 0.07232666015625 -0.0350341796875
-0.0418891906738281 -0.00372695922851562 0.0535736083984375 -0.0664405822753906
-0.0341396331787109 0.00188636779785157 0.0360641479492187 -0.0761642456054688
-0.0293502807617187 -0.001312255859375 0.0271873474121094 -0.0589637756347656
-0.0363655090332031 -0.0135078430175781 0.0262451171875 -0.0396308898925781
-0.0182514190673828 -0.0325965881347656 0.0196456909179688 -0.0187759399414063
0.0148582458496094 -0.0378799438476563 -0.00448036193847656 -0.00992393493652344
0.0353660583496094 -0.0176010131835938 -0.0162677764892578 -0.0322742462158203
0.0441932678222656 0.0265121459960938 0.00273132324218751 -0.0829315185546875
0.0305442810058594 0.0599594116210937 0.03619384765625 -0.105735778808594
0.00165939331054687 0.0690879821777344 0.0441818237304687 -0.0810546875
-0.00244903564453125 0.073150634765625 0.103065490722656 -0.0259628295898437
0.0460243225097656 0.0368614196777344 0.0551185607910156 -0.00109100341796875
0.0323104858398438 -0.00755882263183594 0.0466423034667969 0.0209426879882813
0.0148487091064453 -0.0195121765136719 0.07904052734375 0.0093536376953125
0.00078773498535156 -0.0195598602294922 0.0841827392578125 -0.030059814453125
-0.0161972045898438 -0.019439697265625 0.0652885437011719 -0.06549072265625
-0.0133895874023438 -0.0198974609375 0.0467300415039062 -0.0757980346679688
-0.00840187072753906 -0.0194244384765625 0.034088134765625 -0.0579910278320313
-0.0115566253662109 -0.0293903350830078 0.0335006713867188 -0.0352706909179688
0.0099334716796875 -0.0379867553710938 0.0277633666992188 -0.0124397277832031
0.03924560546875 -0.0260086059570312 -0.00163006782531738 0.00239181518554687
0.0520248413085938 0.00309371948242188 -0.0212936401367187 -0.0172500610351563
0.0389060974121094 0.0523605346679688 -0.0139923095703125 -0.0676956176757813
0.00910186767578124 0.0863189697265625 0.021942138671875 -0.0883636474609375
-0.0254669189453125 0.0912246704101562 0.0318489074707031 -0.0577812194824219
-0.0380783081054687 0.088043212890625 0.0990524291992187 0.00937652587890625
0.0175628662109375 0.0721588134765625 0.0558013916015625 0.0275306701660156
0.0307254791259766 0.0315914154052734 0.0520591735839844 0.0397720336914063
0.0370521545410156 0.00874710083007813 0.0866622924804688 0.0242538452148438
0.0316753387451172 -0.0102710723876953 0.0909194946289063 -0.018829345703125
0.0164775848388672 -0.0306854248046875 0.073516845703125 -0.0601043701171875
0.0100021362304688 -0.0394744873046875 0.0518798828125 -0.0664749145507813
0.0139026641845703 -0.0350532531738281 0.0365829467773438 -0.0487136840820313
0.0137786865234375 -0.0437088012695313 0.0349597930908203 -0.0228710174560547
0.0342597961425781 -0.0418815612792969 0.0256004333496094 1.14440917968724E-05
0.0570068359375 -0.0178489685058594 -0.00678157806396484 0.0127325057983398
0.0624198913574219 0.0163993835449219 -0.0266456604003906 -0.00415229797363282
0.0368614196777344 0.0676651000976563 -0.0283164978027344 -0.0515022277832031
-0.00505065917968751 0.101280212402344 0.00535964965820312 -0.0613059997558594
-0.0437850952148438 0.102348327636719 0.0133228302001953 -0.0278167724609375
-0.0704803466796875 0.0864410400390625 0.0789718627929688 0.0472564697265625
-0.0188140869140625 0.0962905883789063 0.0427017211914063 0.0639419555664063
0.0171699523925781 0.06884765625 0.0515060424804688 0.0611343383789063
0.0515022277832031 0.0425224304199219 0.08489990234375 0.0416259765625
0.0577201843261719 0.00539398193359375 0.0867156982421875 -0.00345611572265625
0.0476722717285156 -0.0351676940917969 0.07183837890625 -0.0445632934570313
0.0330581665039062 -0.0507736206054687 0.0498428344726563 -0.0462875366210938
0.0342025756835938 -0.0439414978027344 0.0329685211181641 -0.0284233093261719
0.0347671508789063 -0.0503654479980469 0.0296363830566406 -0.00503730773925782
0.0521697998046875 -0.042816162109375 0.0189228057861328 0.0140838623046875
0.0683021545410156 -0.00968551635742188 -0.0103874206542969 0.0242786407470703
0.0678024291992187 0.0253448486328125 -0.0295333862304687 0.00862503051757812
0.032318115234375 0.072998046875 -0.0336685180664062 -0.0327262878417969
-0.0131454467773437 0.102699279785156 -0.00277900695800782 -0.0313682556152344
-0.0577774047851563 0.101737976074219 -0.00748395919799805 0.00297975540161134
-0.0895462036132813 0.0688323974609375 0.0450363159179687 0.0810394287109375
-0.0522613525390625 0.0929946899414063 0.0180587768554688 0.0950927734375
-0.00570678710937501 0.0880584716796875 0.0403366088867188 0.0800399780273438
0.0481109619140625 0.07257080078125 0.0702667236328125 0.0570220947265625
0.069549560546875 0.0261459350585938 0.071990966796875 0.0120849609375
0.0706329345703125 -0.027679443359375 0.0585823059082031 -0.0246772766113281
0.0512199401855469 -0.0517158508300781 0.0382575988769531 -0.0221099853515625
0.0472221374511719 -0.0461578369140625 0.0238456726074219 -0.00652503967285157
0.0510177612304688 -0.0519332885742188 0.018829345703125 0.0138607025146484
0.0645103454589844 -0.0386276245117188 0.00792884826660156 0.0259151458740234
0.0721282958984375 -0.0010833740234375 -0.0168914794921875 0.0321388244628906
0.0674018859863281 0.0335121154785156 -0.0302257537841797 0.015655517578125
0.0242156982421875 0.0719528198242188 -0.0311832427978516 -0.0189113616943359
-0.0269012451171875 0.0953216552734375 -0.00515174865722656 -0.00330066680908203
-0.0688934326171875 0.08563232421875 -0.0294094085693359 0.0320262908935547
-0.0887527465820313 0.0360794067382812 0.00579833984375 0.100448608398438
-0.0700187683105469 0.0687103271484375 -0.012847900390625 0.115699768066406
-0.0308914184570312 0.0810775756835938 0.0250625610351562 0.0919952392578125
0.0280685424804687 0.0802459716796875 0.0519256591796875 0.0623130798339844
0.0633544921875 0.0407524108886719 0.046783447265625 0.0204658508300781
0.0785903930664063 -0.0144195556640625 0.0358161926269531 -0.00634765625
0.0636482238769531 -0.044830322265625 0.0194892883300781 0.00310325622558593
0.0548362731933594 -0.0407180786132813 0.00927352905273438 0.0182151794433594
0.0593490600585938 -0.0462646484375 0.00525474548339844 0.0334796905517578
0.0689353942871094 -0.0327224731445313 -0.00483322143554687 0.0384941101074219
0.0731124877929688 0.0058746337890625 -0.0250358581542969 0.0381240844726563
0.060882568359375 0.042449951171875 -0.0321788787841797 0.0164566040039063
0.008544921875 0.0734710693359375 -0.0275115966796875 -0.00919723510742187
-0.0418243408203125 0.0800018310546875 -0.00804519653320313 0.0169973373413086
-0.0770721435546875 0.0614089965820313 -0.0496559143066406 0.052520751953125
-0.0692291259765625 -0.00112533569335939 -0.023040771484375 0.109260559082031
-0.0691947937011719 0.0284500122070313 -0.0337295532226562 0.122688293457031
-0.0431137084960938 0.0513763427734375 0.011566162109375 0.0911865234375
0.00235748291015625 0.0696907043457031 0.0314178466796875 0.0574836730957031
0.041748046875 0.0484771728515625 0.0242271423339844 0.0226211547851563
0.0696830749511719 0.00234603881835938 0.0136423110961914 0.00689125061035156
0.0611038208007813 -0.0300025939941406 8.39233398437513E-05 0.0221900939941406
0.0524520874023437 -0.0285911560058594 -0.0045318603515625 0.0395736694335937
0.0587844848632813 -0.035430908203125 -0.00797271728515624 0.0516777038574219
0.0677032470703125 -0.0217857360839844 -0.0219573974609375 0.0496253967285156
0.0657501220703125 0.01416015625 -0.0379180908203125 0.0394935607910156
0.0506019592285156 0.0463027954101563 -0.0396080017089844 0.0157508850097656
-0.00666809082031249 0.0695381164550781 -0.0275211334228516 -0.00556182861328124
-0.0572738647460937 0.0570755004882813 -0.0169410705566406 0.0316352844238281
-0.0794296264648438 0.0269546508789063 -0.0742034912109375 0.0606613159179687
-0.0383720397949219 -0.0401077270507813 -0.0390777587890625 0.104789733886719
-0.0542984008789062 -0.0148468017578125 -0.041717529296875 0.116531372070313
-0.0456352233886719 0.0115242004394531 0.0065460205078125 0.0856781005859375
-0.021820068359375 0.0412330627441406 0.019744873046875 0.0477676391601563
0.0155181884765625 0.0412635803222656 0.00972461700439453 0.0155439376831055
0.0473213195800781 0.0178337097167969 -0.00751590728759766 0.0142421722412109
0.0493736267089844 -0.01055908203125 -0.0177230834960938 0.0376968383789063
0.0442962646484375 -0.0139961242675781 -0.0176963806152344 0.0552215576171875
0.0490226745605469 -0.0198135375976563 -0.0235404968261719 0.0660934448242188
0.0574264526367188 -0.00954437255859375 -0.0393486022949219 0.05780029296875
0.0531654357910156 0.0196304321289063 -0.0527305603027344 0.0412979125976563
0.0353126525878906 0.0469894409179688 -0.0498390197753906 0.0116004943847656
-0.0206451416015625 0.0585823059082031 -0.0316200256347656 -0.00583457946777344
-0.0633087158203125 0.0315589904785156 -0.0307998657226563 0.0353546142578125
-0.0727462768554688 -0.00972747802734374 -0.0958099365234375 0.0583877563476562
0.0366592407226563 0.0423088073730469 0.0928878784179688 -0.0589675903320313
0.0586471557617187 -0.00730133056640625 0.0452842712402344 -0.0264472961425781
0.0211868286132812 -0.041534423828125 0.0387420654296875 0.00738525390625
-0.0122795104980469 -0.0391426086425781 0.0684814453125 -0.00588226318359375
-0.0278644561767578 -0.0179214477539063 0.0701103210449219 -0.0404586791992188
-0.0430717468261719 0.00204086303710938 0.0502471923828125 -0.0717086791992188
-0.03448486328125 0.0050811767578125 0.0294723510742187 -0.081787109375
-0.0276432037353516 0.00117874145507813 0.0217323303222656 -0.0650062561035156
-0.0394210815429688 -0.00808334350585937 0.0247802734375 -0.0472984313964844
-0.0200634002685547 -0.0300121307373047 0.0221576690673828 -0.026580810546875
0.00843048095703125 -0.0406951904296875 -0.00254440307617188 -0.01214599609375
0.0335731506347656 -0.0259647369384766 -0.0146560668945312 -0.0344715118408203
0.0505638122558594 0.0213127136230469 -0.00405883789062499 -0.0837249755859375
0.038787841796875 0.0561904907226563 0.0288009643554688 -0.112518310546875
0.010894775390625 0.0693511962890625 0.0419387817382812 -0.0908966064453125
0.00452423095703124 0.0731048583984375 0.10565185546875 -0.0370101928710937
0.0505142211914063 0.028778076171875 0.0558128356933594 -0.00948333740234375
0.0290050506591797 -0.0109043121337891 0.0470046997070313 0.0175628662109375
0.0113258361816406 -0.0186920166015625 0.0806045532226563 0.00269317626953125
-0.00115966796875 -0.019561767578125 0.0849380493164063 -0.0391998291015625
-0.0155544281005859 -0.0196590423583984 0.0622940063476563 -0.07452392578125
-0.0152263641357422 -0.0192184448242188 0.0409698486328125 -0.083526611328125
-0.00948715209960937 -0.0214347839355469 0.0304527282714844 -0.06781005859375
-0.0140552520751953 -0.0273952484130859 0.0300407409667969 -0.0419654846191406
0.00577163696289062 -0.0399703979492187 0.0271034240722656 -0.017303466796875
0.0351905822753906 -0.0300788879394531 -0.000569701194763181 -0.00152575969696045
0.05377197265625 -0.004119873046875 -0.0205459594726562 -0.0150661468505859
0.0437889099121094 0.048065185546875 -0.0157318115234375 -0.0693092346191406
0.019500732421875 0.0866851806640625 0.0145339965820313 -0.0908050537109375
-0.0143508911132813 0.0943832397460938 0.0299415588378906 -0.0649185180664063
-0.0318679809570312 0.0937652587890625 0.102615356445313 -0.00301361083984374
0.023345947265625 0.0725326538085938 0.0575828552246094 0.019317626953125
0.0331478118896484 0.0304393768310547 0.05426025390625 0.0353965759277344
0.0392112731933594 0.00813674926757812 0.0896224975585938 0.0191192626953125
0.0315704345703125 -0.0124111175537109 0.0912017822265625 -0.026123046875
0.0139217376708984 -0.0329990386962891 0.0713729858398437 -0.0675506591796875
0.00659942626953125 -0.0408363342285156 0.0475387573242188 -0.0750961303710938
0.0113105773925781 -0.0362091064453125 0.0338401794433594 -0.0543365478515625
0.00909805297851562 -0.0450973510742188 0.0328750610351563 -0.0300712585449219
0.0301284790039063 -0.0455207824707031 0.0280094146728516 -0.00671005249023438
0.0558929443359375 -0.0231437683105469 -0.00289249420166015 0.0103139877319336
0.0647544860839844 0.0111122131347656 -0.0221271514892578 -0.00313949584960938
0.0438003540039063 0.0663032531738281 -0.0283355712890625 -0.0499763488769531
0.00553131103515625 0.103729248046875 0.00338363647460938 -0.0636711120605469
-0.0356826782226562 0.110885620117187 0.0141944885253906 -0.0328807830810547
-0.0645675659179688 0.097137451171875 0.0836944580078125 0.038848876953125
-0.00981140136718751 0.1011962890625 0.0484619140625 0.05908203125
0.0233383178710938 0.0682830810546875 0.0547065734863281 0.0584564208984375
0.0576705932617188 0.0407791137695313 0.0891189575195313 0.0359115600585937
0.0619010925292969 0.000377655029296875 0.0909423828125 -0.0109710693359375
0.0464210510253906 -0.0401992797851563 0.0693588256835938 -0.0527229309082031
0.0292320251464844 -0.0547065734863281 0.0460166931152344 -0.0541801452636719
0.0304718017578125 -0.0496444702148438 0.0326309204101563 -0.0377311706542969
0.0317039489746094 -0.0576515197753906 0.0251102447509766 -0.0140151977539063
0.0499649047851563 -0.0493927001953125 0.0201435089111328 0.00825881958007812
0.070587158203125 -0.0179595947265625 -0.00581169128417968 0.0195808410644531
0.0714111328125 0.0186843872070313 -0.0246753692626953 0.0104103088378906
0.040557861328125 0.0712966918945313 -0.0332584381103516 -0.0320510864257812
-0.00432586669921874 0.110725402832031 -0.00254440307617188 -0.0335235595703125
-0.0487136840820312 0.1116943359375 -0.00562095642089844 0.000155448913574224
-0.085662841796875 0.0820693969726563 0.0530319213867187 0.0748367309570313
-0.04278564453125 0.10284423828125 0.0252532958984375 0.096282958984375
0.00045776367187501 0.09722900390625 0.0430679321289063 0.0805892944335938
0.0570449829101563 0.0714340209960938 0.0766448974609375 0.0512466430664063
0.0789566040039063 0.02203369140625 0.073486328125 0.00514984130859375
0.0725173950195313 -0.03533935546875 0.0569190979003906 -0.0346641540527344
0.0483245849609375 -0.0615806579589844 0.0366859436035156 -0.0256729125976563
0.0448760986328125 -0.0530014038085938 0.0204238891601563 -0.00983810424804688
0.0507125854492188 -0.05853271484375 0.0205554962158203 0.00852584838867187
0.0647544860839844 -0.0499954223632813 0.0103244781494141 0.0205440521240234
0.0784759521484375 -0.01312255859375 -0.0124454498291016 0.0317554473876953
0.07440185546875 0.0268325805664063 -0.0253543853759766 0.0150165557861328
0.0298995971679688 0.0739822387695313 -0.0338478088378906 -0.0164337158203125
-0.0164337158203125 0.101997375488281 -0.00178956985473633 -0.00517225265502929
-0.0633163452148437 0.0993881225585938 -0.0236015319824219 0.0330810546875
-0.0904922485351563 0.048797607421875 0.0176773071289062 0.103408813476563
-0.0667266845703125 0.0794525146484375 0.000320434570312503 0.115631103515625
-0.0268402099609375 0.0916748046875 0.0304412841796875 0.087432861328125
0.0396652221679688 0.0858535766601563 0.053619384765625 0.0568084716796875
0.0697174072265625 0.0367355346679687 0.0517501831054688 0.0176582336425781
0.0820693969726563 -0.0254364013671875 0.0383834838867188 -0.0112190246582031
0.0577774047851563 -0.0564994812011719 0.0195693969726563 3.2424926757809E-05
0.0517807006835938 -0.0483818054199219 0.0100040435791016 0.0173187255859375
0.0571632385253906 -0.0574111938476563 0.00711441040039063 0.0338859558105469
0.069061279296875 -0.0445518493652344 -0.00300216674804687 0.0363311767578125
0.0776596069335938 -0.0029144287109375 -0.0235519409179687 0.0359382629394531
0.0712738037109375 0.0401458740234375 -0.0318775177001953 0.018157958984375
0.0188980102539063 0.077362060546875 -0.0268096923828125 -0.00881195068359374
-0.0329208374023438 0.0886001586914063 -0.00339698791503907 0.0180339813232422
-0.0742721557617188 0.073394775390625 -0.0450553894042969 0.0572509765625
-0.0766754150390625 0.00640869140625001 -0.0143356323242187 0.114799499511719
-0.0721817016601563 0.0367355346679687 -0.02349853515625 0.130226135253906
-0.0437431335449219 0.0601463317871094 0.0178375244140625 0.0920181274414063
0.00788879394531249 0.076080322265625 0.0360565185546875 0.0563583374023438
0.0513038635253906 0.0465660095214844 0.0250682830810547 0.0188064575195313
0.0718154907226563 -0.005035400390625 0.0145845413208008 0.00700569152832031
0.0602569580078125 -0.0373268127441406 0.00109291076660156 0.0263118743896484
0.0521202087402344 -0.038055419921875 -0.000766754150390622 0.0389060974121094
0.0565147399902344 -0.0455398559570313 -0.00556564331054687 0.0523834228515625
0.0691032409667969 -0.0316581726074219 -0.0207481384277344 0.0524253845214844
0.0705108642578125 0.0053863525390625 -0.038818359375 0.0419349670410156
0.0575714111328125 0.0413665771484375 -0.0386543273925781 0.0150108337402344
0.00328826904296874 0.0731201171875 -0.026275634765625 -0.00445938110351562
-0.0516624450683594 0.0689735412597656 -0.0112838745117188 0.0339183807373047
-0.0790863037109375 0.038970947265625 -0.0690460205078125 0.071502685546875
-0.0498504638671875 -0.0393409729003906 -0.031341552734375 0.109878540039063
-0.0592689514160156 -0.009185791015625 -0.032470703125 0.12200927734375
-0.0458908081054688 0.0203132629394531 0.0129928588867188 0.0836563110351563
-0.0174827575683594 0.0476341247558594 0.0213088989257813 0.0454292297363281
0.0210189819335938 0.0420684814453125 0.00640583038330078 0.0165729522705078
0.0507850646972656 0.0123405456542969 -0.0109615325927734 0.0168991088867188
0.050933837890625 -0.0183181762695313 -0.0156326293945312 0.0402565002441406
0.0439491271972656 -0.0204200744628906 -0.0164375305175781 0.0576934814453125
0.0484657287597656 -0.0279273986816406 -0.0177078247070313 0.0699539184570313
0.0583381652832031 -0.0159873962402344 -0.0363044738769531 0.0636444091796875
0.0551910400390625 0.0101890563964844 -0.0518798828125 0.0463066101074219
0.0453109741210938 0.0443611145019531 -0.0462188720703125 0.0129165649414062
-0.015106201171875 0.0609207153320313 -0.0299320220947266 -0.00398635864257813
-0.0616378784179688 0.0409507751464844 -0.0252418518066406 0.0380287170410156
-0.07623291015625 0.00115203857421873 -0.0929718017578125 0.067596435546875
0.03826904296875 0.0388565063476563 0.0878829956054688 -0.0668487548828125
0.0570602416992187 -0.0150032043457031 0.0384330749511719 -0.0313034057617187
0.0151481628417969 -0.044036865234375 0.0367660522460938 0.0055694580078125
-0.0192642211914063 -0.0354347229003906 0.0658760070800781 -0.00846481323242188
-0.0327796936035156 -0.0166339874267578 0.0693435668945313 -0.0465660095214844
-0.0421714782714844 0.00929641723632813 0.045562744140625 -0.075347900390625
-0.0311851501464844 0.0105476379394531 0.0234603881835937 -0.0845565795898438
-0.0281105041503906 0.0041656494140625 0.0155830383300781 -0.0692214965820312
-0.0382881164550781 -0.000801086425781254 0.0194015502929687 -0.0483512878417969
-0.0270633697509766 -0.0247383117675781 0.0188026428222656 -0.0296134948730469
0.00396728515625 -0.0387191772460938 -0.00166702270507813 -0.0155420303344727
0.0303230285644531 -0.0262069702148438 -0.0149669647216797 -0.0323295593261719
0.0502281188964844 0.0136222839355469 -0.00799560546875 -0.0800933837890625
0.0465545654296875 0.0493583679199219 0.0208282470703125 -0.110908508300781
0.0182304382324219 0.0647430419921875 0.0335769653320313 -0.0940399169921875
0.0103225708007813 0.0734024047851563 0.101394653320313 -0.047393798828125
0.0499229431152344 0.0265998840332031 0.0499763488769531 -0.0129051208496094
0.0273284912109375 -0.0121135711669922 0.04608154296875 0.0164375305175781
0.00905036926269531 -0.0190372467041016 0.0808258056640625 -0.00128173828125
-0.00379371643066406 -0.0191860198974609 0.0824432373046875 -0.0422210693359375
-0.0175495147705078 -0.0129880905151367 0.0576705932617188 -0.0798110961914063
-0.0146408081054687 -0.0161066055297852 0.0326766967773437 -0.0881423950195313
-0.00963973999023438 -0.0184059143066406 0.0228843688964844 -0.0700950622558594
-0.0163326263427734 -0.0250225067138672 0.026092529296875 -0.0475082397460938
0.00154495239257812 -0.0372047424316406 0.0256023406982422 -0.0248432159423828
0.0319633483886719 -0.0320968627929688 0.000850677490234377 -0.00494718551635742
0.0513954162597656 -0.00795364379882813 -0.0168991088867187 -0.0173311233520508
0.0483360290527344 0.043304443359375 -0.0194358825683594 -0.0641860961914063
0.0276260375976563 0.0833511352539063 0.00934600830078125 -0.0907211303710938
-0.00667572021484375 0.0946273803710938 0.028533935546875 -0.0684623718261719
-0.0228118896484375 0.09613037109375 0.102615356445313 -0.0132980346679687
0.0279922485351562 0.0696792602539063 0.0568389892578125 0.0135879516601563
0.0332298278808594 0.0294837951660156 0.0540695190429688 0.0312919616699219
0.039703369140625 0.00479888916015625 0.08880615234375 0.0122909545898438
0.03033447265625 -0.0150108337402344 0.0892181396484375 -0.0317535400390625
0.0120525360107422 -0.0314483642578125 0.0644149780273438 -0.0732574462890625
0.00470733642578125 -0.0407752990722656 0.0394363403320312 -0.0796890258789063
0.00893783569335937 -0.0379066467285156 0.0257606506347656 -0.0594902038574219
0.0062255859375 -0.046173095703125 0.0271759033203125 -0.0363273620605469
0.0266799926757813 -0.0465126037597656 0.0254344940185547 -0.0132579803466797
0.0534515380859375 -0.0288429260253906 0.00038862228393555 0.00547552108764648
0.0665054321289063 0.00492477416992188 -0.0191268920898438 -0.00548171997070312
0.0503883361816406 0.0614280700683594 -0.0298881530761719 -0.0482063293457031
0.0169448852539063 0.10394287109375 -0.00154876708984375 -0.0644454956054688
-0.0240020751953125 0.112876892089844 0.0139198303222656 -0.0369949340820312
-0.0585098266601562 0.103546142578125 0.089263916015625 0.0289993286132813
-0.00313568115234375 0.100845336914062 0.0510063171386719 0.0490150451660156
0.0284652709960937 0.0713729858398438 0.0554084777832031 0.0528144836425781
0.0614852905273438 0.0371665954589844 0.08966064453125 0.0295562744140625
0.0611076354980469 -0.0025482177734375 0.0861282348632813 -0.017181396484375
0.0442466735839844 -0.0424842834472656 0.0628089904785156 -0.0579643249511719
0.0262718200683594 -0.0577735900878906 0.0404510498046875 -0.0606307983398438
0.0266532897949219 -0.05291748046875 0.0253677368164062 -0.0407981872558594
0.0273590087890625 -0.0604667663574219 0.02386474609375 -0.0191440582275391
0.0449256896972656 -0.0540275573730469 0.0182647705078125 0.000497817993164059
0.0691566467285156 -0.0230140686035156 -0.00382423400878906 0.0177059173583984
0.0764923095703125 0.0128860473632813 -0.0216064453125 0.00721168518066406
0.0473098754882813 0.0708160400390625 -0.0335712432861328 -0.0308322906494141
0.0069580078125 0.11090087890625 -0.00387191772460937 -0.0353584289550781
-0.0399703979492188 0.115203857421875 -0.00145578384399414 -0.000980377197265618
-0.08306884765625 0.0900115966796875 0.0610084533691406 0.0667800903320313
-0.0365447998046875 0.10943603515625 0.033935546875 0.0872344970703125
0.00881958007812499 0.0962142944335938 0.0491561889648438 0.0729827880859375
0.0629653930664062 0.0660133361816406 0.0774307250976563 0.0459976196289063
0.0789337158203125 0.0148849487304688 0.0710906982421875 0.000869750976562501
0.0681419372558594 -0.0420112609863281 0.05255126953125 -0.0373001098632813
0.043548583984375 -0.0650672912597656 0.0327568054199219 -0.0320320129394531
0.0401611328125 -0.0598945617675781 0.0195217132568359 -0.0139083862304688
0.0432777404785156 -0.0662918090820313 0.0170755386352539 0.0054483413696289
0.0597419738769531 -0.0554847717285156 0.0101757049560547 0.0180835723876953
0.0764083862304688 -0.0182266235351563 -0.0104999542236328 0.0284461975097656
0.0772628784179688 0.02093505859375 -0.0246315002441406 0.0133075714111328
0.0384521484375 0.0752105712890625 -0.0296764373779297 -0.0174713134765625
-0.00776672363281249 0.106719970703125 -0.000679969787597657 -0.00618600845336913
-0.0540847778320313 0.104827880859375 -0.0196952819824219 0.0322227478027344
-0.0881500244140625 0.0600357055664062 0.0261001586914062 0.0992202758789063
-0.0594711303710938 0.0896530151367188 0.007904052734375 0.114974975585938
-0.01776123046875 0.0953903198242188 0.0339584350585937 0.0860671997070313
0.0470962524414062 0.080413818359375 0.059539794921875 0.0548934936523438
0.0764694213867188 0.03106689453125 0.05096435546875 0.0138130187988281
0.0781707763671875 -0.0320205688476563 0.0333137512207031 -0.0130825042724609
0.053802490234375 -0.0602340698242188 0.0198421478271484 -0.00164413452148438
0.0484390258789062 -0.05609130859375 0.0121345520019531 0.0140256881713867
0.0513648986816406 -0.0625495910644531 0.00770759582519531 0.0293540954589844
0.06689453125 -0.0517501831054687 -0.0018463134765625 0.0356521606445313
0.079498291015625 -0.010528564453125 -0.0213356018066406 0.0357170104980469
0.07342529296875 0.0289993286132813 -0.02764892578125 0.0180740356445313
0.0240859985351563 0.0764007568359375 -0.0270957946777344 -0.00788497924804688
-0.0278549194335938 0.093658447265625 -0.000426292419433597 0.0162286758422852
-0.067535400390625 0.0803298950195313 -0.0386734008789063 0.0565910339355469
-0.0761032104492188 0.0158462524414063 -0.00230407714843751 0.115928649902344
-0.0690269470214844 0.046966552734375 -0.0137786865234375 0.125869750976563
-0.0368728637695312 0.0667686462402344 0.021514892578125 0.0871734619140625
0.0188980102539063 0.0742645263671875 0.0365447998046875 0.0548133850097656
0.0567398071289063 0.0389976501464844 0.0251197814941406 0.0194301605224609
0.0721588134765625 -0.0135421752929687 0.0119447708129883 0.00710201263427734
0.0555076599121094 -0.0452957153320313 0.00496673583984375 0.0237312316894531
0.0480117797851563 -0.0430793762207031 0.00186920166015625 0.0391807556152344
0.0520057678222656 -0.0517997741699219 -0.00259017944335937 0.0514755249023438
0.0646400451660156 -0.0398521423339844 -0.0172500610351562 0.0501976013183594
0.07403564453125 -0.0021209716796875 -0.033843994140625 0.0424461364746094
0.0634689331054688 0.0365104675292969 -0.0368156433105469 0.016510009765625
0.0085906982421875 0.07513427734375 -0.0258159637451172 -0.00651359558105468
-0.0451583862304688 0.074737548828125 -0.00751495361328125 0.0320014953613281
-0.0763168334960938 0.048309326171875 -0.0621109008789063 0.0731735229492188
-0.0510215759277344 -0.0309066772460937 -0.02294921875 0.116012573242187
-0.0591468811035156 -0.000572204589843745 -0.02313232421875 0.123016357421875
-0.0463752746582031 0.0260467529296875 0.0153884887695313 0.0804290771484375
-0.00986480712890626 0.0504417419433594 0.0214767456054688 0.0463333129882813
0.0268363952636719 0.0389518737792969 0.00769805908203125 0.01898193359375
0.0523414611816406 0.00347137451171875 -0.0067138671875 0.0197906494140625
0.0468864440917969 -0.0242996215820313 -0.010284423828125 0.0437736511230469
0.040283203125 -0.0265350341796875 -0.00907135009765625 0.0600166320800781
0.04583740234375 -0.034393310546875 -0.0136947631835937 0.0699882507324219
0.0537643432617187 -0.0239448547363281 -0.0325050354003906 0.0641365051269531
0.0598678588867188 0.0067138671875 -0.0497093200683594 0.0491104125976563
0.0465278625488281 0.0391502380371094 -0.0473213195800781 0.0177421569824219
-0.00669097900390625 0.0627174377441406 -0.0302085876464844 -0.00393486022949218
-0.0567092895507813 0.0476341247558594 -0.019195556640625 0.0400352478027344
-0.0757064819335938 0.00886535644531248 -0.0869064331054688 0.0768203735351563
0.0399398803710938 0.0341567993164063 0.0827713012695313 -0.0718154907226563
0.05328369140625 -0.0198173522949219 0.0341854095458984 -0.0313014984130859
0.0103836059570313 -0.0434913635253906 0.0344829559326172 0.00570869445800781
-0.0217628479003906 -0.0334091186523438 0.0643730163574219 -0.00996780395507813
-0.0335445404052734 -0.0125846862792969 0.06640625 -0.0479812622070312
-0.0387687683105469 0.0124626159667969 0.042510986328125 -0.0774612426757813
-0.0292739868164063 0.0128612518310547 0.0179061889648438 -0.0849685668945313
-0.0261573791503906 0.00684928894042969 0.0109786987304688 -0.0689315795898438
-0.036346435546875 0.00236892700195312 0.0149955749511719 -0.0510101318359375
-0.0275688171386719 -0.0217876434326172 0.0167617797851562 -0.0323600769042969
-0.00115966796875 -0.038543701171875 -0.000324249267578125 -0.0174360275268555
0.0261821746826172 -0.0283164978027344 -0.0131797790527344 -0.0322685241699219
0.0496864318847656 0.00833511352539063 -0.00759124755859374 -0.076202392578125
0.0483932495117188 0.0430412292480469 0.0168609619140625 -0.108512878417969
0.0227584838867187 0.0602149963378906 0.030303955078125 -0.095245361328125
0.0142135620117187 0.070404052734375 0.0961456298828125 -0.0525131225585937
0.0482978820800781 0.0229377746582031 0.0462417602539063 -0.0175323486328125
0.0256748199462891 -0.0114707946777344 0.0438995361328125 0.0144577026367188
0.00763893127441406 -0.0192184448242188 0.0778579711914063 -0.00290679931640625
-0.00459480285644531 -0.0171289443969727 0.0788192749023438 -0.0459365844726563
-0.0167360305786133 -0.0102205276489258 0.053009033203125 -0.0809707641601563
-0.0145587921142578 -0.0137710571289062 0.0270309448242188 -0.08978271484375
-0.0102806091308594 -0.0172901153564453 0.0172500610351562 -0.0708465576171875
-0.0156993865966797 -0.0222854614257813 0.021453857421875 -0.0500717163085938
-0.000434875488281246 -0.0350303649902344 0.0228271484375 -0.0284709930419922
0.0277137756347656 -0.0334243774414063 0.00217866897583008 -0.00872135162353516
0.047943115234375 -0.0100440979003906 -0.0141830444335937 -0.0192832946777344
0.0502395629882813 0.0390815734863281 -0.0191268920898438 -0.0620193481445312
0.0322036743164063 0.0781784057617188 0.006195068359375 -0.08978271484375
0.000297546386718747 0.0918426513671875 0.0249862670898437 -0.0711135864257812
-0.0189208984375 0.0957489013671875 0.0999984741210937 -0.0198211669921875
0.0299911499023438 0.0665779113769531 0.0528602600097656 0.0084228515625
0.0332145690917969 0.0292797088623047 0.0522422790527344 0.0295867919921875
0.0392646789550781 0.00348281860351563 0.0873794555664062 0.009033203125
0.0294609069824219 -0.0149326324462891 0.0854721069335938 -0.03594970703125
0.0111675262451172 -0.0302486419677734 0.0590133666992188 -0.07574462890625
0.003997802734375 -0.0396347045898438 0.0329666137695313 -0.081695556640625
0.00746536254882813 -0.0383949279785156 0.0209197998046875 -0.0617637634277344
0.00548171997070312 -0.0444869995117188 0.0228080749511719 -0.0394020080566406
0.0237464904785156 -0.0468597412109375 0.0231304168701172 -0.0186100006103516
0.0512886047363281 -0.0305633544921875 0.000491976737976077 0.00124943256378174
0.0649986267089844 0.001434326171875 -0.0170011520385742 -0.00634765625
0.0515174865722656 0.05792236328125 -0.0282821655273437 -0.0450363159179687
0.021728515625 0.100807189941406 -0.00270843505859375 -0.0644912719726563
-0.0176162719726563 0.110702514648438 0.0131759643554688 -0.0398025512695312
-0.0521469116210938 0.105613708496094 0.0886993408203125 0.0206985473632813
0.00135803222656251 0.100173950195313 0.0502243041992188 0.04473876953125
0.0298995971679688 0.0701255798339844 0.0542831420898438 0.0501480102539063
0.0629043579101563 0.0343437194824219 0.0884628295898438 0.0257797241210938
0.0608177185058594 -0.00590133666992188 0.083221435546875 -0.0203933715820313
0.0414886474609375 -0.0437736511230469 0.0581779479980469 -0.0604133605957031
0.0226860046386719 -0.0592613220214844 0.0351371765136719 -0.0618782043457031
0.0240821838378906 -0.0545539855957031 0.0209236145019531 -0.0423851013183594
0.0242919921875 -0.0611076354980469 0.0206222534179688 -0.0212078094482422
0.0421676635742188 -0.05572509765625 0.0178794860839844 -0.0036468505859375
0.0666885375976563 -0.0277214050292969 -0.00335025787353515 0.0128698348999023
0.0760421752929688 0.00864410400390625 -0.0196723937988281 0.00418663024902344
0.0504379272460937 0.0678634643554687 -0.0316905975341797 -0.0285682678222656
0.012542724609375 0.109382629394531 -0.0041961669921875 -0.0352745056152344
-0.0326614379882812 0.115798950195312 -2.43186950683614E-05 -0.00465393066406249
-0.0779647827148438 0.0942916870117188 0.0640945434570313 0.0615119934082031
-0.031707763671875 0.110809326171875 0.0350723266601562 0.081634521484375
0.0132293701171875 0.0970916748046875 0.0478019714355469 0.0688591003417969
0.0672721862792969 0.063262939453125 0.07763671875 0.0417098999023438
0.0795822143554688 0.009796142578125 0.0697097778320313 -0.00284957885742188
0.0648193359375 -0.045166015625 0.0479621887207031 -0.03839111328125
0.0395774841308594 -0.0677070617675781 0.0289783477783203 -0.0342750549316406
0.0368881225585938 -0.0611457824707031 0.017298698425293 -0.015803337097168
0.0390396118164063 -0.0695686340332031 0.0155563354492188 0.00170612335205078
0.05560302734375 -0.0589103698730469 0.00936412811279297 0.0138635635375977
0.0757064819335938 -0.0226593017578125 -0.00997543334960937 0.0234756469726563
0.0787429809570313 0.0161514282226563 -0.022735595703125 0.0118045806884766
0.0433425903320312 0.0733642578125 -0.0292186737060547 -0.0178985595703125
-0.00212860107421875 0.107330322265625 -0.00105714797973633 -0.00764322280883788
-0.0472564697265625 0.107032775878906 -0.0154190063476563 0.0296478271484375
-0.0849990844726563 0.0641098022460937 0.0320816040039062 0.0946044921875
-0.0571670532226563 0.0920791625976563 0.0127792358398437 0.109092712402344
-0.011993408203125 0.0967864990234375 0.034912109375 0.0813217163085938
0.0524749755859375 0.0785598754882813 0.0578575134277344 0.0514297485351563
0.078094482421875 0.026336669921875 0.0475502014160156 0.0115776062011719
0.0761184692382813 -0.0365142822265625 0.0313205718994141 -0.0138397216796875
0.0494499206542969 -0.0638999938964844 0.0190982818603516 -0.00342369079589844
0.0438919067382813 -0.0587539672851562 0.0106630325317383 0.0123205184936523
0.0465927124023438 -0.0675926208496094 0.00764274597167969 0.0266189575195312
0.0622024536132813 -0.0558319091796875 -0.00238609313964843 0.0320224761962891
0.0781478881835938 -0.0159530639648438 -0.0197372436523438 0.0330677032470703
0.0756607055664063 0.0244064331054688 -0.0273685455322266 0.015472412109375
0.0297088623046875 0.07574462890625 -0.0254096984863281 -0.0101852416992188
-0.02056884765625 0.09637451171875 0.000944137573242187 0.0143041610717773
-0.0609817504882813 0.08465576171875 -0.0340385437011719 0.0562858581542969
-0.0762100219726562 0.0213546752929687 0.00232696533203124 0.111480712890625
-0.0659828186035156 0.0531501770019531 -0.00683593750000001 0.122238159179687
-0.0327911376953125 0.0717849731445313 0.0219802856445313 0.0834426879882813
0.024749755859375 0.073394775390625 0.0367698669433594 0.0519371032714844
0.0597877502441406 0.0356521606445313 0.0245704650878906 0.0197944641113281
0.0702247619628906 -0.0201530456542969 0.0118436813354492 0.00738334655761719
0.0513839721679688 -0.049835205078125 0.00587844848632813 0.0240516662597656
0.0437889099121094 -0.0477714538574219 0.00307083129882813 0.0383415222167969
0.0476455688476563 -0.0569190979003906 -0.000953674316406246 0.0501632690429687
0.0614700317382813 -0.0457115173339844 -0.0154533386230469 0.0493659973144531
0.0731048583984375 -0.00713348388671875 -0.0327262878417969 0.0409355163574219
0.0661964416503906 0.0310707092285156 -0.0352821350097656 0.0163917541503906
0.0136871337890625 0.0739898681640625 -0.0252265930175781 -0.00588798522949218
-0.0392608642578125 0.0786285400390625 -0.00456809997558594 0.0298671722412109
-0.0715484619140625 0.052947998046875 -0.0557861328125 0.0738525390625
-0.0545845031738281 -0.0241355895996094 -0.0170135498046875 0.112197875976563
-0.0587539672851563 0.00534439086914062 -0.0175552368164062 0.120399475097656
-0.0433540344238281 0.0307159423828125 0.0165786743164062 0.0765533447265625
-0.00461196899414062 0.0530509948730469 0.0223159790039062 0.0450935363769531
0.0310554504394531 0.0364036560058594 0.00725936889648438 0.0193500518798828
0.0528793334960937 -0.0019683837890625 -0.00601005554199218 0.0218772888183594
0.0443649291992188 -0.0285377502441406 -0.00747299194335938 0.0441932678222656
0.0369949340820313 -0.0297050476074219 -0.00544357299804687 0.0588035583496094
0.0416069030761719 -0.038299560546875 -0.0106849670410156 0.0695343017578125
0.052459716796875 -0.0293197631835938 -0.0298690795898437 0.0640106201171875
0.0592269897460938 0.00145721435546875 -0.0462760925292969 0.0478324890136719
0.0498237609863281 0.0336532592773438 -0.0457191467285156 0.0172805786132813
-0.00283432006835937 0.0633964538574219 -0.0301761627197266 -0.00469970703125
-0.0531730651855469 0.0514602661132812 -0.0154380798339844 0.0395698547363281
-0.07366943359375 0.0149917602539062 -0.0811233520507813 0.079193115234375
0.0411376953125 0.0319633483886719 0.0800323486328125 -0.0725860595703125
0.0509719848632812 -0.021087646484375 0.0304946899414063 -0.0315914154052734
0.00813674926757812 -0.0430908203125 0.0334053039550781 0.00612449645996094
-0.0233955383300781 -0.0322780609130859 0.0639762878417969 -0.00972366333007813
-0.0338191986083984 -0.0111503601074219 0.0660362243652344 -0.0490264892578125
-0.0375785827636719 0.0146026611328125 0.0425491333007812 -0.078338623046875
-0.0277938842773437 0.0142612457275391 0.0159072875976563 -0.0852432250976563
-0.0254783630371094 0.00802230834960937 0.00922012329101563 -0.069244384765625
-0.0348987579345703 0.00473976135253906 0.0121040344238281 -0.0523681640625
-0.0283870697021484 -0.0188102722167969 0.0153160095214844 -0.0355720520019531
-0.003753662109375 -0.0371856689453125 0.000238418579101564 -0.0200347900390625
0.0239677429199219 -0.0287246704101563 -0.0102138519287109 -0.0335884094238281
0.0493507385253906 0.00489044189453125 -0.00595092773437499 -0.0750198364257813
0.0494613647460938 0.03973388671875 0.0160369873046875 -0.106735229492188
0.0244483947753906 0.0576095581054687 0.0291290283203125 -0.09716796875
0.0149421691894531 0.0685348510742187 0.0949249267578125 -0.0546951293945312
0.0466461181640625 0.0217971801757813 0.0422782897949219 -0.0188713073730469
0.0242938995361328 -0.011322021484375 0.0423469543457031 0.0152053833007813
0.00680923461914062 -0.0182285308837891 0.0771636962890625 -0.002960205078125
-0.00483322143554688 -0.0156946182250977 0.0776138305664063 -0.0458526611328125
-0.0160160064697266 -0.00794601440429687 0.0519256591796875 -0.0821456909179688
-0.0139026641845703 -0.0129966735839844 0.023834228515625 -0.0896682739257813
-0.0102214813232422 -0.0166044235229492 0.0145950317382812 -0.0720138549804688
-0.0153121948242188 -0.0213584899902344 0.0179862976074219 -0.0515556335449219
-0.000953674316406249 -0.0333232879638672 0.0216693878173828 -0.0318260192871094
0.0258464813232422 -0.0335693359375 0.00317478179931641 -0.0122108459472656
0.0469093322753906 -0.010772705078125 -0.0117435455322266 -0.0211353302001953
0.0500755310058594 0.0361671447753906 -0.0170631408691406 -0.0609779357910156
0.0339584350585938 0.0762863159179688 0.00640869140625 -0.0892333984375
0.0030517578125 0.0898056030273438 0.0241317749023438 -0.0729827880859375
-0.0170516967773437 0.0965957641601563 0.097900390625 -0.0229721069335937
0.0303382873535156 0.0660209655761719 0.0500602722167969 0.00621795654296875
0.0336799621582031 0.0301113128662109 0.0503654479980469 0.0293617248535156
0.0387992858886719 0.00352859497070313 0.0863800048828125 0.0082550048828125
0.0296459197998047 -0.0152072906494141 0.0843353271484375 -0.0365829467773438
0.0111312866210938 -0.0289306640625 0.0570297241210937 -0.076507568359375
0.003997802734375 -0.0399932861328125 0.030059814453125 -0.0828170776367187
0.00661468505859375 -0.0390052795410156 0.0175209045410156 -0.0633506774902344
0.00495529174804687 -0.044158935546875 0.0197257995605469 -0.0416641235351563
0.0225296020507813 -0.0466728210449219 0.0208282470703125 -0.0219612121582031
0.0493965148925781 -0.0309600830078125 0.000915765762329105 -0.00239300727844238
0.0640830993652344 -0.0004119873046875 -0.0150203704833984 -0.0095682144165039
0.0521926879882813 0.0560493469238281 -0.0262413024902344 -0.0445404052734375
0.024566650390625 0.0989913940429687 -0.0016326904296875 -0.0639686584472656
-0.0146484375 0.109397888183594 0.0140914916992188 -0.0422592163085937
-0.050018310546875 0.108367919921875 0.0877227783203125 0.0170135498046875
0.00261688232421875 0.100189208984375 0.0479545593261719 0.0416793823242188
0.0313262939453125 0.0714111328125 0.05224609375 0.0492973327636719
0.0630302429199219 0.0330924987792969 0.0874176025390625 0.0240707397460938
0.0609474182128906 -0.00703048706054688 0.0826034545898438 -0.0209274291992188
0.0408706665039063 -0.043670654296875 0.0557746887207031 -0.06103515625
0.0220108032226563 -0.0595474243164063 0.0314826965332031 -0.0631790161132813
0.0228767395019531 -0.055419921875 0.0179901123046875 -0.0433082580566406
0.0224571228027344 -0.0619468688964844 0.0178718566894531 -0.0230388641357422
0.0411415100097656 -0.0567703247070313 0.0162534713745117 -0.00724506378173829
0.0660629272460938 -0.0293464660644531 -0.003204345703125 0.0093240737915039
0.0765762329101563 0.00652313232421875 -0.0178813934326172 0.00115203857421875
0.0520362854003906 0.0673332214355469 -0.02960205078125 -0.0292644500732422
0.0154037475585938 0.109123229980469 -0.00316619873046875 -0.0364608764648437
-0.0288772583007812 0.116378784179688 0.00129318237304687 -0.00731420516967773
-0.0755538940429688 0.0974960327148437 0.0647773742675781 0.0584449768066406
-0.0295867919921875 0.111061096191406 0.0342788696289063 0.0776748657226563
0.0152130126953125 0.0985031127929688 0.0457229614257813 0.0679244995117188
0.0700187683105469 0.0618400573730469 0.0761871337890625 0.0403518676757813
0.0804901123046875 0.0076141357421875 0.0686225891113281 -0.00265121459960937
0.0634346008300781 -0.0467796325683594 0.0461044311523438 -0.0379676818847656
0.0372161865234375 -0.0691337585449219 0.0275459289550781 -0.0356330871582031
0.0353126525878906 -0.0635032653808594 0.0157451629638672 -0.0172872543334961
0.03619384765625 -0.07086181640625 0.0127019882202148 -0.000458717346191411
0.0540008544921875 -0.0614547729492187 0.00775623321533203 0.0107297897338867
0.0763320922851563 -0.026519775390625 -0.0103778839111328 0.0205116271972656
0.0803680419921875 0.0137557983398438 -0.0214214324951172 0.00858497619628906
0.0454177856445312 0.0728607177734375 -0.0272445678710937 -0.0174465179443359
0.00174713134765626 0.108757019042969 0.000229835510253906 -0.0092325210571289
-0.0440750122070313 0.108131408691406 -0.0137882232666016 0.0262985229492188
-0.0850830078125 0.0672607421875 0.0331039428710937 0.0917816162109375
-0.053924560546875 0.094024658203125 0.0135116577148437 0.105339050292969
-0.0106353759765625 0.09979248046875 0.033203125 0.0797271728515625
0.05615234375 0.0775680541992188 0.0570564270019531 0.05010986328125
0.07977294921875 0.0228805541992187 0.0461540222167969 0.0124359130859375
0.0752029418945313 -0.0388259887695313 0.0293846130371094 -0.0126152038574219
0.04766845703125 -0.0656585693359375 0.0185394287109375 -0.00493431091308594
0.0412254333496094 -0.061309814453125 0.0105075836181641 0.011260986328125
0.0437583923339844 -0.0699310302734375 0.00646781921386719 0.0256805419921875
0.0598907470703125 -0.058807373046875 -0.00297164916992187 0.0301418304443359
0.077606201171875 -0.0188140869140625 -0.0206985473632812 0.0310859680175781
0.0774917602539063 0.0222702026367188 -0.0269317626953125 0.0130939483642578
0.0324172973632813 0.0762710571289063 -0.0245456695556641 -0.0109577178955078
-0.0175628662109375 0.0988616943359375 0.00168991088867187 0.0120859146118164
-0.0587539672851563 0.0867538452148438 -0.0320281982421875 0.0546340942382813
-0.076812744140625 0.0246963500976563 0.0048675537109375 0.110160827636719
-0.0641593933105469 0.0562477111816406 -0.00629425048828125 0.118873596191406
-0.0314865112304687 0.0746231079101563 0.0211715698242187 0.0816650390625
0.0283279418945313 0.0735855102539063 0.0360679626464844 0.0516433715820313
0.0616874694824219 0.0329704284667969 0.0241432189941406 0.0204849243164063
0.0703811645507813 -0.0232315063476563 0.0108871459960938 0.00845146179199219
0.0489692687988281 -0.0527114868164063 0.00657081604003907 0.0232601165771484
0.0418052673339844 -0.0503349304199219 0.00402069091796875 0.0371246337890625
0.045379638671875 -0.0588760375976563 -0.00128936767578125 0.0487098693847656
0.0593070983886719 -0.0485305786132813 -0.016082763671875 0.0483589172363281
0.072906494140625 -0.0105972290039063 -0.032257080078125 0.0401573181152344
0.0679740905761719 0.0288925170898437 -0.0350208282470703 0.0152740478515625
0.016265869140625 0.0742568969726563 -0.0248470306396484 -0.007293701171875
-0.0357284545898438 0.0813064575195313 -0.00281906127929688 0.0284614562988281
-0.0694541931152344 0.0562515258789063 -0.0538330078125 0.07257080078125
-0.0554084777832031 -0.0215301513671875 -0.0150604248046875 0.111740112304687
-0.0588493347167969 0.00937271118164061 -0.017059326171875 0.11761474609375
-0.0424156188964844 0.0344123840332031 0.0147857666015625 0.07568359375
-0.00193405151367187 0.0531768798828125 0.021026611328125 0.04425048828125
0.0334262847900391 0.0347328186035156 0.00609779357910157 0.021026611328125
0.0524368286132813 -0.005035400390625 -0.00609016418457031 0.0231094360351563
0.0414810180664063 -0.0308151245117187 -0.00441360473632812 0.0442085266113281
0.0359611511230469 -0.0322494506835938 -0.00297164916992187 0.0582504272460938
0.0394706726074219 -0.0403251647949219 -0.0095367431640625 0.06854248046875
0.0511589050292969 -0.0326118469238281 -0.0298233032226563 0.0637626647949219
0.0597114562988281 -0.0011444091796875 -0.0466232299804687 0.0472831726074219
0.0512199401855469 0.0319061279296875 -0.0458793640136719 0.0161323547363281
-0.000453948974609381 0.0636825561523438 -0.0291671752929688 -0.00560951232910156
-0.0498886108398437 0.0542945861816406 -0.0136222839355469 0.0384864807128906
-0.0715103149414063 0.0185546875 -0.0784225463867187 0.0802764892578125
0.0416717529296875 0.0307579040527344 0.081451416015625 -0.0750732421875
0.049896240234375 -0.0230865478515625 0.0293292999267578 -0.0319671630859375
0.00767898559570312 -0.043914794921875 0.0337371826171875 0.00800132751464843
-0.0244636535644531 -0.031097412109375 0.0656814575195313 -0.00815582275390625
-0.0348072052001953 -0.00976943969726563 0.0671958923339844 -0.0506019592285156
-0.0365867614746094 0.0164260864257812 0.043548583984375 -0.0812606811523438
-0.0268154144287109 0.0151004791259766 0.0152359008789062 -0.0872421264648438
-0.0254840850830078 0.00882148742675781 0.00798797607421875 -0.0714035034179687
-0.0337066650390625 0.0064849853515625 0.011627197265625 -0.05499267578125
-0.0291690826416016 -0.0165653228759766 0.0151329040527344 -0.0392036437988281
-0.00562286376953125 -0.0366325378417969 0.00131416320800781 -0.0231437683105469
0.0232200622558594 -0.0303974151611328 -0.00856399536132812 -0.0353851318359375
0.04962158203125 0.00267791748046875 -0.00386047363281249 -0.075775146484375
0.0509910583496094 0.037567138671875 0.0171737670898437 -0.109352111816406
0.0265464782714844 0.0566864013671875 0.0297164916992188 -0.100830078125
0.0163002014160156 0.06927490234375 0.0959625244140625 -0.0566177368164062
0.0469932556152344 0.0216865539550781 0.04156494140625 -0.0194969177246094
0.0237655639648438 -0.00977325439453125 0.0423316955566406 0.0163421630859375
0.00683975219726563 -0.0178260803222656 0.07794189453125 -0.00279998779296875
-0.00440311431884766 -0.0152978897094727 0.0793991088867188 -0.0471954345703125
-0.0154809951782227 -0.00690746307373047 0.0521392822265625 -0.0845413208007812
-0.0129890441894531 -0.0133113861083984 0.0231781005859375 -0.0927963256835938
-0.00979042053222656 -0.0166549682617187 0.0125274658203125 -0.0743331909179688
-0.0147037506103516 -0.0204238891601563 0.0162010192871094 -0.0541038513183594
-0.000759124755859379 -0.033172607421875 0.0206832885742188 -0.0356407165527344
0.0250072479248047 -0.0331497192382813 0.00311374664306641 -0.0155172348022461
0.04632568359375 -0.0119285583496094 -0.00941085815429687 -0.0233497619628906
0.0507431030273438 0.0358161926269531 -0.0142555236816406 -0.06231689453125
0.03607177734375 0.075775146484375 0.0070953369140625 -0.0903091430664063
0.00460052490234375 0.0903091430664063 0.025482177734375 -0.0771560668945313
-0.01580810546875 0.0986251831054688 0.0994644165039063 -0.0254287719726562
0.0313949584960938 0.0669631958007813 0.0488433837890625 0.00524520874023438
0.0340194702148438 0.0321712493896484 0.0498313903808594 0.0304298400878906
0.0401420593261719 0.00452804565429688 0.0875473022460938 0.00951385498046875
0.0304832458496094 -0.0154895782470703 0.0855331420898438 -0.0377044677734375
0.0127639770507813 -0.0299301147460938 0.0572357177734375 -0.078338623046875
0.00358963012695313 -0.0404243469238281 0.0290908813476563 -0.085601806640625
0.00669097900390625 -0.0401496887207031 0.0158004760742187 -0.0657920837402344
0.0052337646484375 -0.0450515747070313 0.0169944763183594 -0.0442008972167969
0.0219573974609375 -0.0474891662597656 0.0197372436523438 -0.026611328125
0.0495567321777344 -0.0320549011230469 0.001190185546875 -0.00588703155517578
0.0654563903808594 -0.00135421752929688 -0.0133771896362305 -0.0123462677001953
0.0536003112792969 0.0568199157714844 -0.0240325927734375 -0.0456008911132812
0.0264816284179687 0.100440979003906 -0.000877380371093742 -0.0655670166015625
-0.0136947631835937 0.111686706542969 0.0148429870605469 -0.0452384948730469
-0.0506973266601563 0.112236022949219 0.0904464721679688 0.0153350830078125
0.00286865234374999 0.101829528808594 0.0473060607910156 0.0397872924804688
0.0342025756835938 0.0748138427734375 0.0512847900390625 0.0505599975585938
0.0656700134277344 0.0343551635742187 0.0878219604492188 0.0254592895507813
0.0634498596191406 -0.00801849365234375 0.0832366943359375 -0.0215072631835938
0.0419731140136719 -0.0443000793457031 0.0555343627929687 -0.0623512268066406
0.0215187072753906 -0.0614509582519531 0.0305709838867187 -0.0658035278320312
0.0219650268554688 -0.0582351684570313 0.0161514282226563 -0.0456581115722656
0.0224342346191406 -0.0641708374023437 0.0156097412109375 -0.0255908966064453
0.0411949157714844 -0.059356689453125 0.0146827697753906 -0.0104351043701172
0.0667648315429688 -0.03106689453125 -0.00441217422485351 0.00580549240112305
0.0783538818359375 0.00627899169921875 -0.0173349380493164 -0.00136947631835938
0.0542755126953125 0.0692710876464844 -0.0281181335449219 -0.0309505462646484
0.0173110961914063 0.111907958984375 -0.00248336791992187 -0.0384292602539062
-0.0283889770507812 0.11895751953125 0.0022439956665039 -0.0104732513427734
-0.0763702392578125 0.102241516113281 0.0660133361816406 0.0574073791503906
-0.0288009643554688 0.114921569824219 0.0333786010742188 0.0759201049804688
0.0169143676757813 0.102806091308594 0.0440292358398438 0.0694351196289063
0.0732879638671875 0.0619430541992187 0.0774002075195313 0.0415573120117188
0.083160400390625 0.0064849853515625 0.0702743530273438 -0.00228500366210938
0.0653228759765625 -0.0491256713867188 0.0457687377929688 -0.0375328063964844
0.0366744995117188 -0.0719375610351563 0.0272712707519531 -0.0368690490722656
0.034515380859375 -0.0660133361816406 0.0142612457275391 -0.0191612243652344
0.035919189453125 -0.0742111206054688 0.011012077331543 -0.00170421600341797
0.0533103942871094 -0.0651092529296875 0.00574350357055664 0.00858259201049804
0.077362060546875 -0.0281906127929687 -0.0117588043212891 0.0182151794433594
0.0834274291992188 0.01263427734375 -0.0213260650634766 0.00590324401855469
0.04803466796875 0.0754928588867188 -0.0266914367675781 -0.0192489624023437
0.0040283203125 0.112602233886719 0.0013427734375 -0.011815071105957
-0.0433120727539062 0.111488342285156 -0.0126476287841797 0.0255756378173828
-0.0858688354492188 0.0724029541015625 0.0356521606445312 0.0920562744140625
-0.05450439453125 0.0987091064453125 0.013031005859375 0.105705261230469
-0.00885772705078126 0.104049682617188 0.0317001342773438 0.0812530517578125
0.0590362548828125 0.0784149169921875 0.0570793151855469 0.0517730712890625
0.0836639404296875 0.0225982666015625 0.0465660095214844 0.0137863159179688
0.0760269165039063 -0.04095458984375 0.0292434692382813 -0.0121269226074219
0.0468711853027344 -0.0686759948730469 0.0180397033691406 -0.00499725341796875
0.0406570434570312 -0.0642814636230469 0.00999641418457031 0.0101404190063477
0.043487548828125 -0.07330322265625 0.00463485717773438 0.0248184204101562
0.0597686767578125 -0.0623321533203125 -0.00518035888671875 0.0291500091552734
0.0800247192382813 -0.0229873657226563 -0.0214920043945312 0.0303745269775391
0.080810546875 0.0205917358398438 -0.0272617340087891 0.0113258361816406
0.035491943359375 0.07818603515625 -0.0240726470947266 -0.0120887756347656
-0.01495361328125 0.102455139160156 0.00385379791259766 0.010406494140625
-0.0579071044921875 0.0908432006835938 -0.0309524536132812 0.0541419982910156
-0.0788345336914062 0.0285186767578125 0.0045318603515625 0.111351013183594
-0.0655555725097656 0.0600967407226563 -0.00659942626953124 0.119850158691406
-0.0304107666015625 0.0793991088867188 0.0198516845703125 0.0828475952148437
0.0313644409179688 0.0751190185546875 0.0358734130859375 0.0525131225585938
0.0654945373535156 0.0321426391601563 0.0243206024169922 0.021575927734375
0.0705413818359375 -0.02593994140625 0.0114336013793945 0.00986480712890625
0.0483589172363281 -0.055572509765625 0.00725936889648438 0.0237178802490234
0.0410537719726563 -0.054107666015625 0.00449752807617188 0.0374603271484375
0.0442161560058594 -0.0628662109375 -0.00212860107421874 0.0492706298828125
0.0586395263671875 -0.0526657104492187 -0.0174293518066406 0.0485916137695312
0.0753707885742188 -0.0142669677734375 -0.0343093872070312 0.039825439453125
0.0716018676757812 0.0277099609375 -0.0366592407226562 0.0141487121582031
0.01861572265625 0.0765228271484375 -0.0249652862548828 -0.00821876525878906
-0.0352249145507812 0.085052490234375 -0.000703811645507813 0.0277557373046875
-0.0695037841796875 0.0595893859863281 -0.0533447265625 0.0740890502929688
-0.0575714111328125 -0.0200080871582031 -0.0155029296875 0.114997863769531
-0.0605926513671875 0.0113716125488281 -0.0175933837890625 0.118881225585937
-0.0431022644042969 0.0380935668945312 0.0131072998046875 0.075714111328125
0.000492095947265626 0.0551376342773438 0.0195655822753906 0.0459060668945313
0.0363960266113281 0.0332717895507813 0.00607872009277344 0.0233688354492188
0.0528221130371094 -0.0074615478515625 -0.00503730773925781 0.0252761840820312
0.0414886474609375 -0.0331382751464844 -0.00376129150390625 0.0455131530761719
0.0352745056152344 -0.0341644287109375 -0.00186920166015625 0.0596122741699219
0.0387458801269531 -0.0433197021484375 -0.00995635986328125 0.070220947265625
0.0503273010253906 -0.0355491638183594 -0.0305633544921875 0.0650672912597656
0.0611953735351562 -0.00456619262695312 -0.048095703125 0.0474357604980469
0.0533599853515625 0.0306396484375 -0.0475273132324219 0.0150489807128906
0.00124359130859374 0.0654296875 -0.0293521881103516 -0.00686073303222655
-0.0492210388183594 0.0579147338867188 -0.0120811462402344 0.0377464294433594
-0.0716934204101563 0.0212936401367187 -0.0792617797851563 0.0806350708007812
0.0447959899902344 0.0300216674804688 0.0836868286132813 -0.0798416137695313
0.0505828857421875 -0.0255775451660156 0.0280609130859375 -0.0328273773193359
0.00650787353515626 -0.0456428527832031 0.0342731475830078 0.00892829895019531
-0.0269489288330078 -0.0310382843017578 0.0686416625976563 -0.00946044921875
-0.03717041015625 -0.00731658935546875 0.0695724487304688 -0.0546646118164063
-0.0368766784667969 0.0199928283691406 0.0439071655273438 -0.08709716796875
-0.0268707275390625 0.0176219940185547 0.0136566162109375 -0.0924453735351563
-0.025726318359375 0.0103836059570313 0.00573730468750001 -0.0753402709960938
-0.0345096588134766 0.00922966003417968 0.00907135009765625 -0.0584678649902344
-0.0303897857666016 -0.0150623321533203 0.0130157470703125 -0.0431022644042969
-0.00819015502929687 -0.0370826721191406 0.00186347961425781 -0.0263538360595703
0.0218162536621094 -0.0322704315185547 -0.00733566284179688 -0.0386810302734375
0.0517311096191406 -0.000110626220703125 -0.0039215087890625 -0.0788650512695313
0.053619384765625 0.0359115600585937 0.0168914794921875 -0.113037109375
0.0298309326171875 0.0573348999023437 0.0301361083984375 -0.106697082519531
0.0187606811523437 0.07171630859375 0.0982818603515625 -0.061920166015625
0.0492744445800781 0.0209693908691406 0.04058837890625 -0.0209541320800781
0.0247898101806641 -0.0107707977294922 0.0436592102050781 0.017486572265625
0.00660133361816406 -0.0180225372314453 0.08245849609375 -0.003143310546875
-0.00537586212158203 -0.0146026611328125 0.0815353393554688 -0.05126953125
-0.0141334533691406 -0.00585269927978515 0.0533370971679687 -0.0903167724609375
-0.0131816864013672 -0.0130538940429688 0.0206222534179688 -0.0979461669921875
-0.0107259750366211 -0.016998291015625 0.00983428955078125 -0.0784454345703125
-0.0147533416748047 -0.0200252532958984 0.0138397216796875 -0.0579948425292969
-0.00240898132324219 -0.0331077575683594 0.0188636779785156 -0.0403251647949219
0.0241413116455078 -0.0347480773925781 0.00388145446777344 -0.0193309783935547
0.0477485656738281 -0.014129638671875 -0.00872421264648437 -0.0269489288330078
0.0533370971679688 0.0353202819824219 -0.0147209167480469 -0.0640373229980469
0.0395965576171875 0.076904296875 0.0070648193359375 -0.094940185546875
0.00679779052734375 0.0936965942382813 0.0263442993164062 -0.08270263671875
-0.0142440795898437 0.10418701171875 0.103065490722656 -0.02996826171875
0.0335960388183594 0.0693893432617188 0.0486640930175781 0.004119873046875
0.0367622375488281 0.0340347290039063 0.0506820678710938 0.0322837829589844
0.0419464111328125 0.004669189453125 0.0914077758789063 0.00882720947265625
0.0316715240478516 -0.0166378021240234 0.08831787109375 -0.0409774780273438
0.0135211944580078 -0.0300846099853516 0.0577316284179687 -0.0838851928710938
0.00324630737304688 -0.0422172546386719 0.0266265869140625 -0.0904464721679688
0.00565338134765625 -0.042388916015625 0.0127601623535156 -0.0695610046386719
0.00450515747070313 -0.047271728515625 0.0149497985839844 -0.0477828979492188
0.0226097106933594 -0.0502204895019531 0.0177078247070313 -0.0307464599609375
0.0504570007324219 -0.0347747802734375 0.00123405456542969 -0.00937461853027344
0.0686683654785156 -0.00284957885742188 -0.012873649597168 -0.0150547027587891
0.0578994750976562 0.0583229064941406 -0.0243453979492187 -0.0475120544433594
0.0306930541992188 0.103866577148438 -0.00103759765625001 -0.0693283081054688
-0.0111770629882812 0.116867065429688 0.0163116455078125 -0.0499114990234375
-0.0494155883789062 0.119308471679688 0.0939254760742187 0.0130996704101563
0.00622558593749999 0.107009887695313 0.0474472045898438 0.0398025512695313
0.037109375 0.078948974609375 0.0527915954589844 0.0519332885742188
0.070648193359375 0.03399658203125 0.0920181274414063 0.02569580078125
0.0667533874511719 -0.0103340148925781 0.0858230590820312 -0.0237274169921875
0.0427093505859375 -0.0474281311035156 0.0569686889648437 -0.0654716491699219
0.0207862854003906 -0.06524658203125 0.0293693542480469 -0.0698051452636719
0.0213279724121094 -0.0623092651367188 0.0140495300292969 -0.0492515563964844
0.0215492248535156 -0.0684013366699219 0.0134010314941406 -0.0282936096191406
0.0409049987792969 -0.0633735656738281 0.0132255554199219 -0.0141525268554688
0.0694847106933594 -0.0352897644042969 -0.00470876693725585 0.00303792953491211
0.0822601318359375 0.00328826904296875 -0.0171709060668945 -0.00404739379882812
0.0597076416015625 0.0717315673828125 -0.0286960601806641 -0.0325527191162109
0.0222930908203125 0.11761474609375 -0.0023651123046875 -0.0409889221191406
-0.0266571044921875 0.125373840332031 0.00355911254882812 -0.0121726989746094
-0.0769805908203125 0.110885620117188 0.070343017578125 0.057220458984375
-0.0272674560546875 0.122032165527344 0.0346755981445313 0.0770797729492188
0.0210342407226563 0.109809875488281 0.0459213256835938 0.0715789794921875
0.0796051025390625 0.0639724731445313 0.080230712890625 0.0422439575195313
0.0885086059570313 0.00360107421875 0.0723800659179688 -0.0035552978515625
0.0665054321289063 -0.0532722473144531 0.0470809936523438 -0.0399284362792969
0.03619384765625 -0.0768814086914063 0.0258750915527344 -0.0401496887207031
0.0332183837890625 -0.0720291137695313 0.0134811401367188 -0.0216464996337891
0.034820556640625 -0.0798492431640625 0.00965309143066407 -0.00259208679199219
0.0533447265625 -0.0698127746582031 0.00430583953857422 0.00695610046386718
0.0805892944335938 -0.0330886840820313 -0.0129013061523437 0.016840934753418
0.0891342163085938 0.00971221923828125 -0.022003173828125 0.00422096252441407
0.0541000366210938 0.0786666870117188 -0.0271186828613281 -0.0212726593017578
0.007904052734375 0.118522644042969 0.00173664093017578 -0.0140829086303711
-0.0421905517578125 0.118408203125 -0.0119895935058594 0.0242824554443359
-0.0891647338867188 0.0799789428710937 0.0384750366210938 0.0936508178710938
-0.0546112060546875 0.105812072753906 0.0136032104492188 0.107452392578125
-0.00527191162109375 0.112037658691406 0.0321273803710938 0.0837478637695312
0.0656585693359375 0.081390380859375 0.0593032836914063 0.0537300109863281
0.08953857421875 0.0197372436523437 0.0491561889648438 0.0143814086914063
0.0780715942382813 -0.0466537475585937 0.0302772521972656 -0.0120658874511719
0.04595947265625 -0.0745162963867187 0.0189113616943359 -0.00653648376464844
0.0402297973632812 -0.070831298828125 0.0103397369384766 0.00948524475097656
0.04180908203125 -0.0799179077148438 0.0045166015625 0.0251712799072266
0.0598640441894531 -0.0687637329101563 -0.00572967529296875 0.0292091369628906
0.0847091674804688 -0.027801513671875 -0.0236110687255859 0.0296401977539062
0.086395263671875 0.01800537109375 -0.0288105010986328 0.00986671447753907
0.040191650390625 0.0827178955078125 -0.0257110595703125 -0.0138568878173828
-0.0118942260742188 0.110000610351563 0.00423145294189453 0.00948238372802735
-0.058013916015625 0.0978851318359375 -0.0306320190429687 0.0556488037109375
-0.0822906494140625 0.034088134765625 0.00765228271484374 0.115509033203125
-0.0666847229003906 0.0663566589355469 -0.00579071044921877 0.12353515625
-0.0293960571289062 0.0867080688476562 0.0199661254882812 0.0848617553710938
0.0372161865234375 0.07818603515625 0.03662109375 0.0548553466796875
0.0706405639648438 0.0302276611328125 0.0254421234130859 0.0240993499755859
0.0736007690429688 -0.0306549072265625 0.0119409561157227 0.012420654296875
0.0474739074707031 -0.0607261657714844 0.00806045532226563 0.0242233276367187
0.0407676696777344 -0.0593948364257813 0.00554656982421875 0.0383682250976562
0.0432395935058594 -0.0685844421386719 -0.00201034545898437 0.0513267517089844
0.0592155456542969 -0.0582962036132812 -0.01812744140625 0.0501899719238281
0.0784378051757813 -0.0186080932617188 -0.0359840393066406 0.0413246154785156
0.07611083984375 0.025482177734375 -0.038299560546875 0.01385498046875
0.0228500366210938 0.08038330078125 -0.0257930755615234 -0.00967407226562499
-0.0324172973632813 0.0920944213867188 0.000413894653320308 0.0272502899169922
-0.0701789855957031 0.0658149719238281 -0.0534744262695313 0.077239990234375
-0.062347412109375 -0.0172576904296875 -0.014190673828125 0.11993408203125
-0.0627975463867188 0.0154609680175781 -0.0170440673828125 0.123222351074219
-0.0433921813964844 0.0432968139648438 0.0133056640625 0.0783615112304688
0.00445175170898438 0.0575981140136719 0.0197944641113281 0.0490074157714844
0.0402793884277344 0.0324783325195313 0.00625419616699219 0.0266094207763672
0.0549430847167969 -0.0104866027832031 -0.00456809997558593 0.0287055969238281
0.0411338806152344 -0.0376052856445313 -0.0014190673828125 0.0474319458007813
0.0345306396484375 -0.0385780334472656 0.000144958496093747 0.061279296875
0.0376243591308594 -0.0475273132324219 -0.00901031494140625 0.073638916015625
0.0509033203125 -0.0399017333984375 -0.0311279296875 0.0680923461914063
0.0641822814941406 -0.00749588012695312 -0.0505714416503906 0.0506820678710938
0.0584144592285156 0.0289802551269531 -0.0493354797363281 0.0157585144042969
0.00418853759765626 0.0690803527832031 -0.0306243896484375 -0.00822067260742187
-0.0478172302246094 0.06317138671875 -0.0101242065429688 0.0383529663085938
-0.0734100341796875 0.0247116088867187 -0.0797119140625 0.0860366821289063
0.0486183166503906 0.0273590087890625 0.083709716796875 -0.088623046875
0.0503005981445313 -0.0298233032226562 0.0264892578125 -0.0350208282470703
0.00351333618164063 -0.0477333068847656 0.0357818603515625 0.00922012329101562
-0.0295581817626953 -0.0296344757080078 0.0715408325195313 -0.0117950439453125
-0.0392341613769531 -0.00383758544921875 0.0701789855957031 -0.0603065490722656
-0.0360145568847656 0.0234947204589844 0.0411758422851563 -0.0948410034179687
-0.0261974334716797 0.0206317901611328 0.00861358642578124 -0.0975341796875
-0.0252037048339844 0.0133743286132812 0.000465393066406253 -0.078857421875
-0.0340156555175781 0.0133857727050781 0.00509643554687499 -0.0624008178710937
-0.0322551727294922 -0.0124950408935547 0.00981521606445313 -0.0471000671386719
-0.0120964050292969 -0.0370941162109375 0.00055694580078125 -0.0297775268554688
0.0200004577636719 -0.0347213745117188 -0.007843017578125 -0.0413932800292969
0.052825927734375 -0.00363922119140625 -0.00543975830078124 -0.0813217163085938
0.0580711364746094 0.0335960388183594 0.0136184692382813 -0.118812561035156
0.03466796875 0.056671142578125 0.0268630981445313 -0.114875793457031
0.0239181518554688 0.0737991333007813 0.0996627807617188 -0.0706329345703125
0.0510520935058594 0.0194854736328125 0.0397262573242187 -0.0237884521484375
0.0246810913085937 -0.0112705230712891 0.0456275939941406 0.0175323486328125
0.00626945495605469 -0.0182037353515625 0.0856857299804687 -0.0059356689453125
-0.00613021850585937 -0.0141153335571289 0.082550048828125 -0.0573654174804688
-0.0141143798828125 -0.00425529479980469 0.0498733520507813 -0.0980300903320313
-0.014613151550293 -0.012049674987793 0.0150909423828125 -0.103660583496094
-0.0117788314819336 -0.0170078277587891 0.0042724609375 -0.0823287963867187
-0.0155620574951172 -0.0199794769287109 0.0097198486328125 -0.0626029968261719
-0.003448486328125 -0.0334339141845703 0.0156822204589844 -0.045867919921875
0.0222969055175781 -0.0367012023925781 0.0031890869140625 -0.0235538482666016
0.0481300354003906 -0.0166549682617188 -0.00853919982910156 -0.0300655364990234
0.0576934814453125 0.0338211059570312 -0.0158920288085937 -0.0663414001464844
0.0456314086914062 0.0773696899414063 0.004058837890625 -0.0990753173828125
0.0128402709960938 0.0965728759765625 0.0246124267578125 -0.0898895263671875
-0.00927734375 0.110237121582031 0.106399536132813 -0.0374984741210937
0.0384979248046875 0.0712432861328125 0.0486907958984375 0.00191116333007813
0.0409507751464844 0.0349044799804687 0.0536422729492188 0.033050537109375
0.0449104309082031 0.00255584716796875 0.0950851440429688 0.0058441162109375
0.0321197509765625 -0.0184364318847656 0.089752197265625 -0.0471878051757813
0.0132102966308594 -0.0317535400390625 0.055999755859375 -0.0906524658203125
0.000865936279296879 -0.0446929931640625 0.0214004516601562 -0.0957565307617188
0.00311660766601563 -0.0448722839355469 0.00723266601562501 -0.0735244750976563
0.00257492065429688 -0.0495033264160156 0.0105819702148438 -0.0515251159667969
0.0204582214355469 -0.0531845092773438 0.0146827697753906 -0.0357513427734375
0.0506706237792969 -0.0392341613769531 0.000134468078613284 -0.0128726959228516
0.0713348388671875 -0.0069427490234375 -0.0133800506591797 -0.0179557800292969
0.0636634826660156 0.058258056640625 -0.0257186889648437 -0.04931640625
0.0380477905273438 0.107315063476562 -0.00337982177734376 -0.07305908203125
-0.00515747070312501 0.122230529785156 0.0156059265136719 -0.0552597045898437
-0.0451278686523438 0.128265380859375 0.099090576171875 0.00811004638671876
0.0124588012695312 0.112945556640625 0.0491447448730469 0.0374946594238281
0.0442352294921875 0.0825119018554688 0.0557594299316406 0.05322265625
0.076324462890625 0.0320968627929688 0.0962905883789063 0.0233078002929688
0.0693473815917969 -0.0145378112792969 0.0884475708007813 -0.0286636352539062
0.0431098937988281 -0.0520858764648437 0.055755615234375 -0.0709228515625
0.0174446105957031 -0.07012939453125 0.0250473022460937 -0.0749969482421875
0.0183181762695313 -0.0664939880371094 0.00994110107421875 -0.0528831481933594
0.0182266235351562 -0.0733413696289063 0.0103626251220703 -0.0305404663085938
0.0390281677246094 -0.0692100524902344 0.0101032257080078 -0.0182533264160156
0.07073974609375 -0.0414047241210938 -0.00589799880981445 0.000842094421386716
0.0873794555664063 -0.00139617919921875 -0.0179538726806641 -0.00631523132324218
0.067230224609375 0.07244873046875 -0.0298118591308594 -0.0335330963134765
0.0305252075195313 0.12249755859375 -0.00348281860351562 -0.0437812805175781
-0.020904541015625 0.132919311523438 0.00436115264892578 -0.0161476135253906
-0.0750885009765625 0.121513366699219 0.0760726928710938 0.0549468994140625
-0.021087646484375 0.130104064941406 0.0379486083984375 0.0770721435546875
0.0290908813476562 0.115570068359375 0.0488052368164063 0.0724945068359375
0.087432861328125 0.0628890991210938 0.084259033203125 0.0412139892578125
0.0930328369140625 -0.0014801025390625 0.0753021240234375 -0.00603485107421875
0.0674209594726563 -0.0595893859863281 0.0468826293945313 -0.0430068969726563
0.0325851440429688 -0.0828628540039063 0.0243072509765625 -0.0434188842773438
0.0293197631835937 -0.0783538818359375 0.0110797882080078 -0.0236320495605469
0.0306015014648438 -0.08648681640625 0.00802946090698243 -0.00378417968750001
0.0510406494140625 -0.0774002075195313 0.00264644622802735 0.00490236282348632
0.0826797485351563 -0.0412063598632813 -0.0140409469604492 0.0160236358642578
0.0943679809570313 0.004547119140625 -0.0230064392089844 0.00306892395019531
0.0620651245117187 0.0803985595703125 -0.0287208557128906 -0.0217857360839844
0.0163650512695312 0.125175476074219 0.00130653381347656 -0.016016960144043
-0.037445068359375 0.127212524414063 -0.0103912353515625 0.0235385894775391
-0.0884323120117187 0.0909423828125 0.0442428588867187 0.0961227416992187
-0.0513153076171875 0.115562438964844 0.0190505981445312 0.109916687011719
0.00162506103515624 0.120429992675781 0.0357894897460938 0.0858078002929688
0.0746917724609375 0.082061767578125 0.0631752014160156 0.0532608032226563
0.095184326171875 0.014129638671875 0.0521965026855469 0.013580322265625
0.0789794921875 -0.0532379150390625 0.0308780670166016 -0.0126857757568359
0.0427093505859375 -0.082611083984375 0.0187129974365234 -0.00808525085449219
0.0361709594726563 -0.0778961181640625 0.0102300643920898 0.00828075408935546
0.0381698608398438 -0.08746337890625 0.00419998168945313 0.026336669921875
0.0574188232421875 -0.0771865844726563 -0.00646018981933594 0.0296306610107422
0.0868988037109375 -0.0355148315429688 -0.0240116119384766 0.0310878753662109
0.0923690795898438 0.0127639770507813 -0.0302639007568359 0.0101985931396484
0.0482406616210938 0.085418701171875 -0.0269870758056641 -0.014495849609375
-0.00450134277343749 0.117156982421875 0.00623416900634766 0.00752925872802735
-0.0544815063476562 0.106727600097656 -0.0278892517089844 0.0581130981445313
-0.0848007202148438 0.0425186157226562 0.0133132934570313 0.120513916015625
-0.06658935546875 0.0749359130859375 -0.00118255615234376 0.127693176269531
-0.0247726440429687 0.0947113037109375 0.0229949951171875 0.087677001953125
0.04473876953125 0.08038330078125 0.03985595703125 0.0558547973632813
0.0767974853515625 0.0266799926757812 0.0275344848632813 0.0256385803222656
0.0751113891601563 -0.0373153686523438 0.013392448425293 0.0137567520141602
0.0450935363769531 -0.0675849914550781 0.0103435516357422 0.0243453979492187
0.0376968383789063 -0.0656776428222656 0.00725173950195312 0.0388412475585937
0.0401077270507812 -0.0757904052734375 -0.000350952148437498 0.0545806884765625
0.0574226379394531 -0.0659561157226563 -0.0172386169433594 0.0527877807617187
0.0814285278320313 -0.0254592895507813 -0.0372352600097656 0.0442962646484375
0.082305908203125 0.0209732055664062 -0.0399360656738281 0.0145034790039062
0.0303955078125 0.084197998046875 -0.0271739959716797 -0.00992393493652343
-0.0273895263671875 0.099456787109375 0.00235557556152344 0.0273799896240234
-0.0688934326171875 0.0734481811523437 -0.051483154296875 0.0827178955078125
-0.0666923522949219 -0.01251220703125 -0.00922393798828127 0.127090454101563
-0.0646514892578125 0.0216026306152344 -0.01275634765625 0.12860107421875
-0.0422210693359375 0.0504989624023438 0.01605224609375 0.0810317993164063
0.0101547241210938 0.0603446960449219 0.0219192504882813 0.0514869689941406
0.0452842712402344 0.0303192138671875 0.00790023803710938 0.029815673828125
0.0566024780273438 -0.0165138244628906 -0.00218772888183594 0.0321140289306641
0.0393600463867188 -0.0426177978515625 0.00203704833984375 0.0501480102539063
0.0328559875488281 -0.0438194274902344 0.00443267822265625 0.063751220703125
0.0357475280761719 -0.0533256530761719 -0.0052337646484375 0.078399658203125
0.0495758056640625 -0.0468368530273438 -0.0297317504882813 0.073272705078125
0.066864013671875 -0.0129585266113281 -0.0509300231933594 0.05584716796875
0.062744140625 0.0261764526367188 -0.0515556335449219 0.0183067321777344
0.009246826171875 0.0726165771484375 -0.03131103515625 -0.00782012939453125
-0.0454025268554688 0.0695877075195313 -0.00712203979492188 0.0397491455078125
-0.0736236572265625 0.0311737060546875 -0.0781707763671875 0.0949935913085938
0.0510215759277344 0.0236053466796875 0.08001708984375 -0.0962753295898438
0.0482177734375 -0.0341110229492188 0.023468017578125 -0.0368461608886719
-0.00062179565429687 -0.048675537109375 0.0369377136230469 0.00884246826171875
-0.0333614349365234 -0.0272274017333984 0.0728378295898438 -0.0154266357421875
-0.0403404235839844 0.000751495361328133 0.0669021606445313 -0.0660133361816406
-0.0334205627441406 0.0284271240234375 0.0338821411132813 -0.100433349609375
-0.0243167877197266 0.0242385864257813 0.000831604003906253 -0.1004638671875
-0.0243034362792969 0.0161571502685547 -0.0064697265625 -0.0807113647460938
-0.0321006774902344 0.0164031982421875 -0.000522613525390627 -0.064697265625
-0.0331993103027344 -0.00874710083007813 0.00449752807617188 -0.0505447387695313
-0.0160713195800781 -0.0352401733398438 -0.000995635986328127 -0.0328407287597656
0.0172386169433594 -0.0364723205566406 -0.00914764404296875 -0.0440139770507812
0.0532341003417969 -0.00935745239257812 -0.0092010498046875 -0.082763671875
0.0612602233886719 0.0283851623535156 0.00721740722656251 -0.122428894042969
0.0404319763183594 0.0540351867675781 0.019927978515625 -0.120635986328125
0.0299606323242188 0.0730819702148438 0.097564697265625 -0.0798568725585938
0.0532646179199219 0.0158958435058594 0.0371894836425781 -0.0260353088378906
0.0243415832519531 -0.0132083892822266 0.0470123291015625 0.016265869140625
0.00482559204101562 -0.0183620452880859 0.0871047973632813 -0.010772705078125
-0.00710201263427735 -0.0120534896850586 0.0800704956054688 -0.064361572265625
-0.0133934020996094 -0.00271224975585938 0.043426513671875 -0.104217529296875
-0.0148286819458008 -0.0110597610473633 0.0066986083984375 -0.107009887695313
-0.012974739074707 -0.0160903930664063 -0.0037078857421875 -0.0845413208007812
-0.0163822174072266 -0.0185527801513672 0.003021240234375 -0.0654792785644531
-0.00636482238769531 -0.0328750610351563 0.00972747802734375 -0.0499229431152344
0.0193748474121094 -0.0376014709472656 0.00111961364746094 -0.0269298553466797
0.0471916198730469 -0.0203018188476563 -0.00965499877929687 -0.0328178405761719
0.0614967346191406 0.0295257568359375 -0.0182723999023437 -0.0666656494140625
0.0522842407226563 0.0753707885742188 -0.00128173828125 -0.101539611816406
0.0203094482421875 0.0968170166015625 0.0195541381835938 -0.0956344604492188
-0.000991821289062505 0.113296508789063 0.106170654296875 -0.0464248657226562
0.0441627502441406 0.07012939453125 0.0474967956542969 -0.00204086303710937
0.0452194213867188 0.0338287353515625 0.0552940368652344 0.03076171875
0.0461845397949219 -6.866455078125E-05 0.0973052978515625 0.0006561279296875
0.031585693359375 -0.0210399627685547 0.0880279541015625 -0.0541534423828125
0.0123443603515625 -0.03289794921875 0.0503997802734375 -0.0960235595703125
-0.00240325927734375 -0.0452957153320313 0.0134048461914063 -0.0997772216796875
-0.000556945800781246 -0.0463409423828125 1.52587890624924E-05 -0.0752716064453125
-0.000804901123046876 -0.0509910583496094 0.004669189453125 -0.0538825988769531
0.0173873901367187 -0.0553245544433594 0.0098876953125 -0.0397834777832031
0.0485115051269531 -0.04351806640625 -0.00202369689941406 -0.0161800384521484
0.0722732543945313 -0.012115478515625 -0.0136890411376953 -0.0200042724609375
0.0700569152832031 0.0550422668457031 -0.0282058715820313 -0.049407958984375
0.0474090576171875 0.106964111328125 -0.00766754150390625 -0.0745315551757812
0.00399780273437499 0.125373840332031 0.0126304626464844 -0.0600090026855469
-0.0359115600585938 0.135604858398438 0.1011962890625 -3.05175781249917E-05
0.0215225219726563 0.114891052246094 0.0503997802734375 0.0342788696289063
0.0524063110351563 0.082733154296875 0.0584373474121094 0.0512771606445313
0.081207275390625 0.0269393920898438 0.0989837646484375 0.0178909301757813
0.0701637268066406 -0.0204658508300781 0.0883331298828125 -0.0348739624023438
0.0400161743164063 -0.0563163757324219 0.0515213012695312 -0.0759811401367188
0.0119857788085938 -0.0728225708007813 0.0187606811523437 -0.0785293579101562
0.0121116638183594 -0.0699195861816406 0.0038604736328125 -0.0547103881835938
0.0127029418945312 -0.076690673828125 0.00544929504394531 -0.0329036712646484
0.0345611572265625 -0.073638916015625 0.00577735900878907 -0.0208473205566406
0.069366455078125 -0.0484466552734375 -0.00714349746704101 -0.00109386444091797
0.0888900756835938 -0.0085906982421875 -0.0185565948486328 -0.00726318359375
0.0745620727539063 0.0702362060546875 -0.0311069488525391 -0.0333614349365234
0.0408401489257813 0.123695373535156 -0.00516891479492188 -0.0456924438476562
-0.011260986328125 0.137481689453125 0.00402069091796875 -0.0189647674560547
-0.0668258666992187 0.131790161132813 0.0810775756835938 0.0506820678710938
-0.0118255615234375 0.135063171386719 0.0423660278320313 0.0755081176757813
0.039703369140625 0.117774963378906 0.0530242919921875 0.0718307495117188
0.0950546264648438 0.0580596923828125 0.0882339477539063 0.0372848510742188
0.09576416015625 -0.009796142578125 0.0759353637695313 -0.0108642578125
0.0646400451660156 -0.066680908203125 0.0448722839355469 -0.046478271484375
0.026702880859375 -0.088165283203125 0.0201950073242188 -0.0463676452636719
0.0229034423828125 -0.0830535888671875 0.00716400146484375 -0.0256061553955078
0.0231704711914062 -0.0915069580078125 0.00612831115722656 -0.00441884994506836
0.0452041625976563 -0.0838699340820313 0.000805616378784182 0.00320982933044433
0.0817642211914063 -0.0491714477539063 -0.0148906707763672 0.0155982971191406
0.0978164672851562 -0.002838134765625 -0.0243148803710937 0.0025787353515625
0.0704727172851562 0.0795974731445313 -0.0296535491943359 -0.0214748382568359
0.027557373046875 0.127754211425781 0.00191688537597656 -0.0179405212402344
-0.0283737182617188 0.133567810058594 -0.007965087890625 0.0224781036376953
-0.0842056274414063 0.101028442382813 0.0523605346679687 0.0940628051757813
-0.0435638427734375 0.123664855957031 0.0243301391601563 0.109703063964844
0.0125045776367187 0.125900268554688 0.0405349731445312 0.0849685668945313
0.08380126953125 0.0782928466796875 0.0666618347167969 0.0509872436523438
0.0991363525390625 0.00664520263671875 0.0547828674316406 0.0115890502929688
0.0767669677734375 -0.0614776611328125 0.0322246551513672 -0.0140380859375
0.036468505859375 -0.088134765625 0.0179710388183594 -0.0100727081298828
0.030364990234375 -0.0823822021484375 0.00920391082763672 0.00648498535156249
0.030364990234375 -0.0930099487304688 0.00504684448242188 0.0264987945556641
0.0526046752929688 -0.0837478637695313 -0.00643730163574219 0.0292739868164062
0.0863723754882813 -0.04425048828125 -0.0240573883056641 0.0331497192382813
0.0964508056640625 0.00524139404296875 -0.03125 0.0113468170166016
0.057464599609375 0.084716796875 -0.0273513793945312 -0.0141010284423828
0.0054931640625 0.121063232421875 0.00712776184082031 0.00563097000122071
-0.0466995239257813 0.113594055175781 -0.0242652893066406 0.0595855712890625
-0.0837478637695313 0.0518569946289063 0.0214614868164062 0.12225341796875
-0.0620498657226563 0.0829925537109375 0.00621795654296873 0.129104614257812
-0.0166015625 0.101524353027344 0.0272979736328125 0.0876388549804688
0.0534286499023438 0.0784530639648438 0.0430183410644531 0.0555572509765625
0.081329345703125 0.019775390625 0.0299816131591797 0.0257434844970703
0.073638916015625 -0.0446548461914062 0.0157670974731445 0.0144824981689453
0.0394287109375 -0.073638916015625 0.0123291015625 0.0240001678466797
0.0318450927734375 -0.07061767578125 0.00987625122070313 0.0385475158691406
0.0333175659179688 -0.081695556640625 0.00294494628906251 0.0559539794921875
0.0520477294921875 -0.07330322265625 -0.015472412109375 0.0546913146972656
0.0811920166015625 -0.0341796875 -0.0358047485351563 0.0478782653808594
0.08624267578125 0.0141220092773438 -0.0407638549804687 0.016937255859375
0.0387115478515625 0.084259033203125 -0.0286121368408203 -0.00951194763183593
-0.018829345703125 0.104660034179687 0.00559616088867187 0.0256633758544922
-0.0639419555664063 0.0819091796875 -0.0463943481445313 0.0869064331054687
-0.0689773559570313 -0.00547409057617189 -0.00119781494140625 0.13055419921875
-0.0645675659179688 0.0287895202636719 -0.00592041015625 0.1312255859375
-0.037689208984375 0.0568923950195313 0.0198516845703125 0.0812835693359375
0.0164070129394531 0.0617141723632813 0.0243148803710937 0.0522346496582031
0.0496292114257813 0.0263328552246094 0.0106601715087891 0.0314826965332031
0.0562171936035156 -0.0223541259765625 0.00139808654785157 0.0348167419433594
0.035125732421875 -0.0474090576171875 0.00735092163085938 0.0502510070800781
0.0287284851074219 -0.0480003356933594 0.0086517333984375 0.0638923645019531
0.030975341796875 -0.0582542419433594 -0.000137329101562506 0.0806655883789063
0.0458106994628906 -0.0526008605957031 -0.0257644653320312 0.07647705078125
0.0673828125 -0.0194892883300781 -0.0486717224121094 0.0603523254394531
0.0666122436523438 0.0209426879882813 -0.0523262023925781 0.0208282470703125
0.016143798828125 0.0736312866210938 -0.0332202911376953 -0.00730323791503906
-0.039886474609375 0.075439453125 -0.00332260131835937 0.0393447875976563
-0.0723037719726563 0.037384033203125 -0.0724029541015625 0.102012634277344
0.0521774291992188 0.0194969177246094 0.0734481811523438 -0.101570129394531
0.044525146484375 -0.0363731384277344 0.0199775695800781 -0.0367164611816406
-0.00447463989257813 -0.0481681823730469 0.0365066528320313 0.0079803466796875
-0.0352592468261719 -0.0241012573242187 0.0716629028320313 -0.0189132690429688
-0.0397491455078125 0.00503158569335938 0.0623321533203125 -0.0696868896484375
-0.0293788909912109 0.0309295654296875 0.0261383056640625 -0.101394653320312
-0.0206108093261719 0.0264835357666016 -0.00649261474609375 -0.0992813110351562
-0.0223197937011719 0.0185489654541016 -0.01214599609375 -0.0791549682617188
-0.0293617248535156 0.0189189910888672 -0.00674057006835938 -0.0642814636230469
-0.0334682464599609 -0.004669189453125 -0.000892639160156257 -0.0512657165527344
-0.0192222595214844 -0.0317249298095703 -0.00373268127441406 -0.0348320007324219
0.0126304626464844 -0.0371665954589844 -0.010498046875 -0.0450553894042969
0.0513687133789063 -0.0135955810546875 -0.011688232421875 -0.0815582275390625
0.0625839233398438 0.0233955383300781 0.00101470947265624 -0.121414184570312
0.04400634765625 0.0500411987304688 0.0124664306640625 -0.122596740722656
0.03387451171875 0.070831298828125 0.0921783447265625 -0.0858154296875
0.0533103942871094 0.0126304626464844 0.0336894989013672 -0.0272502899169922
0.0230255126953125 -0.0140647888183594 0.0466804504394531 0.0152511596679688
0.00338172912597656 -0.0178928375244141 0.0863113403320313 -0.0153579711914063
-0.00761795043945312 -0.0108451843261719 0.0748825073242188 -0.06866455078125
-0.0123004913330078 -0.00133609771728516 0.0355072021484375 -0.106407165527344
-0.0146884918212891 -0.00953197479248047 -0.000953674316406246 -0.106246948242188
-0.0138301849365234 -0.0145492553710938 -0.0107192993164063 -0.0825958251953125
-0.0171422958374023 -0.0168352127075195 -0.00352096557617188 -0.0652046203613281
-0.00722694396972656 -0.0312156677246094 0.004058837890625 -0.0513381958007813
0.0162849426269531 -0.038055419921875 -0.00142669677734375 -0.0300788879394531
0.0447578430175781 -0.0228004455566406 -0.0105915069580078 -0.0344867706298828
0.0618667602539063 0.0248985290527344 -0.0205268859863281 -0.0652427673339844
0.0564956665039063 0.0707321166992188 -0.00624847412109374 -0.100578308105469
0.0259780883789063 0.0944061279296875 0.0140457153320312 -0.098114013671875
0.0064239501953125 0.112823486328125 0.102989196777344 -0.0535964965820312
0.0479316711425781 0.0666580200195313 0.0454292297363281 -0.00409317016601562
0.0474014282226563 0.0311546325683594 0.0555076599121094 0.0286369323730469
0.0460548400878906 -0.00249481201171875 0.0966873168945313 -0.004241943359375
0.0300540924072266 -0.0224876403808594 0.0844573974609375 -0.0583724975585938
0.0108108520507813 -0.0333747863769531 0.0433731079101563 -0.0984954833984375
-0.00545120239257812 -0.0444107055664063 0.00557708740234375 -0.0999298095703125
-0.00368881225585938 -0.0453300476074219 -0.0068817138671875 -0.07427978515625
-0.00442123413085938 -0.0507545471191406 -0.00101852416992188 -0.053680419921875
0.0130729675292969 -0.0560760498046875 0.00455474853515625 -0.0412406921386719
0.0448417663574219 -0.0463409423828125 -0.00433158874511718 -0.0186386108398438
0.07049560546875 -0.0167083740234375 -0.0144081115722656 -0.0217838287353516
0.0730361938476563 0.0500640869140625 -0.0285568237304688 -0.0476531982421875
0.05413818359375 0.102943420410156 -0.0107650756835937 -0.07373046875
0.0116500854492188 0.124526977539062 0.00989151000976562 -0.062744140625
-0.026641845703125 0.13800048828125 0.09979248046875 -0.00724029541015624
0.0284347534179687 0.112724304199219 0.0495986938476563 0.0308113098144531
0.0581817626953125 0.0792083740234375 0.0598411560058594 0.0486907958984375
0.0821685791015625 0.0219268798828125 0.0983428955078125 0.0131149291992188
0.0681076049804688 -0.0249137878417969 0.0846710205078125 -0.0390548706054688
0.0367507934570313 -0.05853271484375 0.0466537475585937 -0.0782318115234375
0.0071258544921875 -0.0724716186523438 0.0116043090820312 -0.0783615112304687
0.006683349609375 -0.0703353881835937 -0.00133514404296875 -0.0541229248046875
0.0068359375 -0.0774002075195313 0.00072288513183594 -0.0328903198242188
0.0280609130859375 -0.0762405395507813 0.00145530700683594 -0.0227165222167969
0.0652999877929688 -0.0533180236816406 -0.00922298431396484 -0.002471923828125
0.0880966186523438 -0.0141220092773438 -0.0190143585205078 -0.00902938842773438
0.0797882080078125 0.0650405883789063 -0.0316886901855469 -0.0321826934814453
0.0498580932617187 0.12066650390625 -0.00727081298828124 -0.046142578125
-0.00234985351562499 0.137359619140625 0.00339508056640625 -0.0214424133300781
-0.058013916015625 0.136405944824219 0.0832138061523438 0.0439834594726563
-0.00260162353515624 0.135887145996094 0.0437164306640625 0.070953369140625
0.049041748046875 0.115829467773438 0.05487060546875 0.0686302185058594
0.0992507934570313 0.0509414672851563 0.0887451171875 0.0332107543945313
0.0938644409179687 -0.0162887573242187 0.0749130249023438 -0.0139007568359375
0.0596694946289063 -0.0712661743164063 0.0421829223632813 -0.0481834411621094
0.0187225341796875 -0.0890274047851563 0.0155029296875 -0.0473442077636719
0.0154266357421875 -0.083984375 0.00396347045898437 -0.0255928039550781
0.0160140991210938 -0.0934677124023438 0.00369739532470703 -0.00416994094848633
0.0385208129882812 -0.0877304077148437 -0.00165796279907226 0.00233101844787597
0.0778961181640625 -0.0556106567382813 -0.0153493881225586 0.014836311340332
0.0967559814453125 -0.0102920532226563 -0.0239830017089844 0.002044677734375
0.0767135620117188 0.0743942260742188 -0.0304222106933594 -0.0206947326660156
0.0363998413085938 0.126296997070313 0.000864028930664064 -0.0195293426513672
-0.019287109375 0.134574890136719 -0.00600433349609375 0.0208873748779297
-0.0765762329101563 0.108085632324219 0.056884765625 0.0896148681640625
-0.0347518920898438 0.1259765625 0.0283737182617187 0.106277465820313
0.02276611328125 0.124595642089844 0.0434112548828125 0.0823593139648438
0.0899810791015625 0.0716781616210937 0.0680427551269531 0.0484466552734375
0.0992584228515625 -0.00121307373046875 0.0547943115234375 0.009124755859375
0.0715408325195313 -0.0665206909179688 0.031494140625 -0.0142402648925781
0.02874755859375 -0.08941650390625 0.0160932540893555 -0.0110139846801758
0.0220870971679688 -0.0840301513671875 0.0087580680847168 0.00670433044433593
0.022064208984375 -0.095947265625 0.00617408752441407 0.0262908935546875
0.0442047119140625 -0.0881118774414063 -0.00670623779296875 0.0287303924560547
0.0826187133789062 -0.0521316528320312 -0.02337646484375 0.0327720642089844
0.0968704223632812 -0.00264739990234375 -0.0311241149902344 0.0116863250732422
0.0645294189453125 0.081024169921875 -0.0282363891601562 -0.0135173797607422
0.0151519775390625 0.121726989746094 0.00805425643920899 0.00351476669311524
-0.0391006469726562 0.116943359375 -0.0197639465332031 0.0589866638183594
-0.0802841186523438 0.0589370727539063 0.0289840698242187 0.120536804199219
-0.0553970336914063 0.0878677368164063 0.01202392578125 0.127639770507813
-0.00848388671875 0.104011535644531 0.0295639038085938 0.0861968994140625
0.0597000122070313 0.0747756958007813 0.0441551208496094 0.0543556213378906
0.0825958251953125 0.0135040283203125 0.0318355560302734 0.0250606536865234
0.0691757202148438 -0.0506401062011719 0.0181655883789063 0.0146121978759766
0.03265380859375 -0.0755767822265625 0.01397705078125 0.0228443145751953
0.025634765625 -0.0725326538085938 0.011627197265625 0.0373344421386719
0.0255889892578125 -0.0844039916992188 0.00636672973632812 0.0550498962402344
0.0456771850585937 -0.076995849609375 -0.012969970703125 0.055206298828125
0.0782318115234375 -0.040557861328125 -0.0334854125976562 0.0492630004882813
0.0868911743164063 0.00679779052734375 -0.0401649475097656 0.0182380676269531
0.0455703735351563 0.0818939208984375 -0.0295009613037109 -0.00856590270996093
-0.0103225708007813 0.106330871582031 0.00773429870605469 0.023193359375
-0.0571670532226563 0.0856094360351563 -0.04010009765625 0.0885772705078125
-0.0693435668945313 0.000225067138671881 0.00642395019531249 0.130966186523437
-0.0617103576660156 0.0344276428222656 0.00128173828124998 0.130119323730469
-0.0323677062988281 0.0609817504882813 0.0216522216796875 0.0800323486328125
0.021881103515625 0.0598373413085938 0.0255775451660156 0.0518913269042969
0.0514869689941406 0.0217170715332031 0.0129356384277344 0.0320682525634766
0.054046630859375 -0.0273628234863281 0.0051422119140625 0.0357856750488281
0.0301322937011719 -0.0502166748046875 0.0102653503417969 0.04876708984375
0.0237960815429687 -0.050750732421875 0.0131149291992187 0.0622291564941406
0.0253028869628906 -0.060638427734375 0.00533294677734375 0.0795669555664063
0.0401077270507813 -0.05596923828125 -0.0210494995117187 0.0778579711914063
0.0650482177734375 -0.0255813598632813 -0.0457420349121094 0.0625991821289063
0.0683174133300781 0.0153160095214844 -0.0515937805175781 0.0232276916503906
0.0213470458984375 0.0723037719726563 -0.0333786010742188 -0.00641441345214843
-0.033172607421875 0.0784683227539063 0.000129699707031252 0.0374717712402344
-0.068145751953125 0.0426521301269531 -0.064422607421875 0.105308532714844
0.051910400390625 0.0168724060058594 0.0683822631835938 -0.103004455566406
0.0413894653320313 -0.0374717712402344 0.0177726745605469 -0.0362052917480469
-0.006988525390625 -0.0469627380371094 0.036376953125 0.00798797607421875
-0.0360450744628906 -0.021453857421875 0.0703964233398438 -0.0201187133789063
-0.0379371643066406 0.00774765014648437 0.0583686828613281 -0.0690994262695313
-0.0261592864990234 0.0321006774902344 0.021484375 -0.10064697265625
-0.0184555053710938 0.0273284912109375 -0.010498046875 -0.0974807739257813
-0.0207958221435547 0.0197620391845703 -0.0158843994140625 -0.076873779296875
-0.0269756317138672 0.0204334259033203 -0.0104408264160156 -0.0626411437988281
-0.0324192047119141 -0.00278472900390625 -0.00436782836914063 -0.0509681701660156
-0.0207958221435547 -0.029296875 -0.00524520874023438 -0.0370521545410156
0.0103530883789063 -0.036529541015625 -0.010528564453125 -0.04583740234375
0.0491218566894531 -0.0162811279296875 -0.011871337890625 -0.0789794921875
0.0616683959960937 0.0195198059082031 -0.00202941894531251 -0.119331359863281
0.0447654724121094 0.0470085144042969 0.00892639160156251 -0.122688293457031
0.0357475280761719 0.0675086975097656 0.087860107421875 -0.0881423950195313
0.0520668029785156 0.0100173950195313 0.0310153961181641 -0.0273780822753906
0.0226478576660156 -0.0144634246826172 0.0457420349121094 0.0148239135742187
0.00272846221923828 -0.0169363021850586 0.0842742919921875 -0.01617431640625
-0.00779151916503906 -0.00933551788330078 0.0706710815429688 -0.0693588256835938
-0.0107803344726563 -0.000399589538574221 0.0305023193359375 -0.105117797851563
-0.0143308639526367 -0.00827312469482422 -0.00614929199218751 -0.1044921875
-0.0141468048095703 -0.0130062103271484 -0.0141372680664063 -0.0801467895507813
-0.0164318084716797 -0.0155916213989258 -0.00821685791015625 -0.0631294250488281
-0.00866317749023437 -0.0296401977539062 -0.000488281250000003 -0.0513114929199219
0.0143585205078125 -0.0368537902832031 -0.00362777709960937 -0.0306930541992188
0.0424003601074219 -0.0238800048828125 -0.0105476379394531 -0.0355796813964844
0.0610542297363281 0.0216941833496094 -0.0197296142578125 -0.0635490417480469
0.0577888488769531 0.06689453125 -0.00780487060546875 -0.0994110107421875
0.02874755859375 0.0916213989257812 0.0102310180664062 -0.0988616943359375
0.0102081298828125 0.11077880859375 0.0991439819335938 -0.0572967529296875
0.0496711730957031 0.0635108947753906 0.0429534912109375 -0.00524139404296875
0.0481491088867187 0.0296249389648438 0.0549163818359375 0.0281410217285156
0.0450973510742188 -0.00397872924804688 0.0944976806640625 -0.0059661865234375
0.0284862518310547 -0.0224685668945312 0.0803298950195312 -0.0594711303710937
0.0103797912597656 -0.0326652526855469 0.038818359375 -0.09796142578125
-0.006744384765625 -0.0429878234863281 0.000419616699218742 -0.0969772338867188
-0.00579833984375 -0.0442352294921875 -0.0110702514648438 -0.0713729858398437
-0.00673675537109375 -0.0495796203613281 -0.00499343872070313 -0.0529403686523438
0.0104904174804687 -0.0551223754882813 -0.0008697509765625 -0.0419960021972656
0.041534423828125 -0.0463600158691406 -0.00644874572753906 -0.0203113555908203
0.0681495666503906 -0.0190391540527344 -0.0144233703613281 -0.0235252380371094
0.0743560791015625 0.0466384887695313 -0.0278968811035156 -0.0471649169921875
0.0572509765625 0.0994338989257813 -0.0118026733398438 -0.073150634765625
0.0155410766601563 0.121345520019531 0.00742721557617187 -0.0638771057128906
-0.0208206176757812 0.136802673339844 0.0977401733398438 -0.011199951171875
0.0322341918945313 0.1097412109375 0.0479393005371094 0.0286331176757813
0.0616607666015625 0.0766754150390625 0.058319091796875 0.0469741821289063
0.0823516845703125 0.0186996459960938 0.0970687866210938 0.0109939575195313
0.0656623840332031 -0.0270500183105469 0.081756591796875 -0.0405731201171875
0.03466796875 -0.0591392517089844 0.0431671142578125 -0.0785903930664063
0.00311279296875001 -0.0710983276367188 0.00772857666015624 -0.0777130126953125
0.00286102294921875 -0.0686798095703125 -0.00534820556640625 -0.0526199340820313
0.00270080566406251 -0.077239990234375 -0.00176048278808593 -0.0318279266357422
0.0247039794921875 -0.0758590698242188 -0.00266075134277344 -0.023101806640625
0.0616569519042969 -0.0553817749023438 -0.0114917755126953 -0.0041494369506836
0.0868377685546875 -0.0186004638671875 -0.0194282531738281 -0.0105800628662109
0.0818634033203125 0.0614395141601562 -0.0310211181640625 -0.0318508148193359
0.0543441772460938 0.117172241210937 -0.00765609741210938 -0.0463752746582031
0.00249481201171874 0.135986328125 0.00258064270019531 -0.02398681640625
-0.0509033203125 0.137351989746094 0.0830764770507812 0.03961181640625
0.00284576416015624 0.133476257324219 0.0436172485351563 0.0687446594238281
0.0542984008789063 0.112960815429688 0.05419921875 0.0662841796875
0.100296020507813 0.0466232299804688 0.0878143310546875 0.0307769775390625
0.0917434692382813 -0.0201263427734375 0.0727157592773438 -0.0156784057617188
0.056121826171875 -0.07275390625 0.0405120849609375 -0.0482177734375
0.0146484375 -0.0884552001953125 0.0129241943359375 -0.0476531982421875
0.010711669921875 -0.0827407836914063 0.00125694274902344 -0.0253219604492188
0.0109024047851562 -0.092987060546875 0.00192785263061524 -0.00480699539184571
0.0334014892578125 -0.0885467529296875 -0.00438976287841797 0.0018627643585205
0.0739593505859375 -0.0586395263671875 -0.0165348052978516 0.0140275955200195
0.0953521728515625 -0.0142593383789063 -0.0241203308105469 0.00111961364746093
0.0797653198242188 0.0708999633789063 -0.0294818878173828 -0.020751953125
0.0424423217773437 0.122947692871094 0.000534057617187502 -0.0204277038574219
-0.0139999389648438 0.133865356445312 -0.00469207763671875 0.0181789398193359
-0.0709686279296875 0.110160827636719 0.0579452514648437 0.0860824584960938
-0.0285491943359375 0.126029968261719 0.0304031372070312 0.103164672851563
0.0288238525390625 0.123504638671875 0.0424652099609375 0.080413818359375
0.092132568359375 0.0666580200195313 0.0668144226074219 0.0466804504394531
0.0967178344726563 -0.0063323974609375 0.0539016723632813 0.00800704956054688
0.0679206848144531 -0.06951904296875 0.0310707092285156 -0.0147457122802734
0.0233993530273438 -0.089141845703125 0.0155506134033203 -0.01171875
0.0173721313476562 -0.0835418701171875 0.0071253776550293 0.00574922561645507
0.01708984375 -0.0957794189453125 0.00568008422851563 0.0258731842041016
0.0393600463867188 -0.0887527465820313 -0.00722885131835937 0.0284767150878906
0.0789108276367188 -0.0553436279296875 -0.023590087890625 0.032318115234375
0.0953903198242187 -0.006866455078125 -0.0306568145751953 0.0113372802734375
0.0680465698242188 0.0778350830078125 -0.0275020599365234 -0.0127029418945312
0.0216293334960938 0.119430541992188 0.00828075408935547 0.00166034698486329
-0.0332107543945313 0.116744995117188 -0.0171546936035156 0.0568733215332031
-0.0764999389648438 0.0627288818359375 0.0316619873046875 0.1180419921875
-0.0504531860351563 0.0896759033203125 0.0143661499023437 0.124000549316406
-0.00249481201171875 0.103851318359375 0.0295944213867188 0.0835952758789063
0.0633087158203125 0.0709991455078125 0.0438880920410156 0.0530967712402344
0.0817184448242188 0.0086517333984375 0.0325489044189453 0.0251388549804688
0.0652236938476563 -0.0530662536621094 0.0189456939697266 0.0147514343261719
0.0279693603515625 -0.075897216796875 0.0145549774169922 0.0211887359619141
0.0206527709960938 -0.0724105834960938 0.0121307373046875 0.0360069274902344
0.0211029052734375 -0.0841445922851563 0.00795745849609376 0.0540351867675781
0.040374755859375 -0.0784759521484375 -0.0121345520019531 0.0545272827148438
0.0751419067382813 -0.0446929931640625 -0.032470703125 0.0493736267089844
0.0861282348632813 0.00209808349609375 -0.0397148132324219 0.0189895629882812
0.0489578247070312 0.0796737670898438 -0.0288028717041016 -0.00811195373535156
-0.00434875488281251 0.106163024902344 0.0087432861328125 0.0211963653564453
-0.052398681640625 0.0865859985351563 -0.035552978515625 0.0872039794921875
-0.0679588317871094 0.00559616088867188 0.0100631713867188 0.129508972167969
-0.0591239929199219 0.0377845764160156 0.00331878662109375 0.127311706542969
-0.0275497436523437 0.0625038146972656 0.0217361450195313 0.077392578125
0.0256385803222656 0.0575065612792969 0.0252952575683594 0.0509452819824219
0.0518722534179688 0.0180549621582031 0.0141925811767578 0.0328788757324219
0.0510330200195312 -0.0306625366210938 0.007659912109375 0.0357513427734375
0.0265159606933594 -0.0502204895019531 0.0119552612304688 0.0479316711425781
0.0201492309570312 -0.0505828857421875 0.0148773193359375 0.0597114562988281
0.0211715698242188 -0.0610122680664063 0.0085906982421875 0.078033447265625
0.0363540649414063 -0.0573539733886719 -0.0183944702148437 0.07696533203125
0.0622901916503906 -0.0291290283203125 -0.0429344177246094 0.0636749267578125
0.0670928955078125 0.0104103088378906 -0.0496139526367188 0.0243377685546875
0.0252685546875 0.07098388671875 -0.0340366363525391 -0.0063934326171875
-0.028533935546875 0.0792465209960938 0.00184249877929687 0.0357246398925781
-0.0644798278808594 0.0446662902832031 -0.0594940185546875 0.104904174804688
0.0510292053222656 0.0152626037597656 0.067108154296875 -0.104881286621094
0.0401496887207031 -0.0388565063476563 0.0166015625 -0.0359115600585937
-0.00864410400390624 -0.0459136962890625 0.0365829467773438 0.00907516479492187
-0.0367317199707031 -0.0201263427734375 0.070831298828125 -0.0194549560546875
-0.0370445251464844 0.00895309448242187 0.0571784973144531 -0.0693473815917969
-0.0239372253417969 0.0322036743164063 0.019317626953125 -0.0996170043945313
-0.0162410736083984 0.0278396606445313 -0.0117263793945313 -0.0967254638671875
-0.0197105407714844 0.0203227996826172 -0.0175704956054687 -0.075958251953125
-0.0256462097167969 0.0208358764648437 -0.0128974914550781 -0.0617828369140625
-0.0319309234619141 -0.000152587890624997 -0.00645065307617187 -0.049713134765625
-0.0222606658935547 -0.0271587371826172 -0.00646209716796875 -0.0381126403808594
0.00872039794921875 -0.0363082885742188 -0.0100784301757813 -0.047454833984375
0.0478897094726563 -0.0168952941894531 -0.0105438232421875 -0.07879638671875
0.0615005493164063 0.0175132751464844 -0.00167083740234375 -0.118698120117188
0.0453720092773438 0.0450668334960937 0.00757598876953125 -0.123390197753906
0.0364761352539063 0.0663681030273437 0.0864105224609375 -0.0903472900390625
0.0517807006835938 0.00979232788085938 0.0300273895263672 -0.0270748138427734
0.0218601226806641 -0.0142555236816406 0.0458335876464844 0.0157890319824219
0.00215339660644531 -0.0164375305175781 0.0843734741210938 -0.0168533325195313
-0.00801229476928711 -0.00846672058105469 0.0694465637207031 -0.0690956115722656
-0.00888252258300781 -0.000485420227050782 0.028167724609375 -0.105140686035156
-0.0133886337280273 -0.00775718688964844 -0.00846099853515626 -0.103340148925781
-0.0139017105102539 -0.0121803283691406 -0.0172042846679688 -0.0790863037109375
-0.0164079666137695 -0.0155553817749023 -0.0103225708007813 -0.0628700256347656
-0.00950241088867187 -0.0287647247314453 -0.00379562377929688 -0.0513877868652344
0.0126724243164063 -0.0364112854003906 -0.00476837158203125 -0.0332832336425781
0.0414695739746094 -0.024383544921875 -0.0104408264160156 -0.0372695922851563
0.0610008239746094 0.0203437805175781 -0.0185661315917969 -0.0638465881347656
0.0587234497070313 0.0653457641601563 -0.00762939453125 -0.0991439819335938
0.030029296875 0.0903396606445313 0.0096435546875 -0.100028991699219
0.0124053955078125 0.110221862792969 0.097564697265625 -0.058837890625
0.0497360229492188 0.062774658203125 0.0412559509277344 -0.00484085083007812
0.0490341186523438 0.0289497375488281 0.0534858703613281 0.0287857055664063
0.0452499389648438 -0.00408172607421875 0.0938034057617188 -0.0062255859375
0.0288219451904297 -0.0225543975830078 0.0793914794921875 -0.0593643188476563
0.0106468200683594 -0.0333404541015625 0.0369186401367188 -0.0980911254882813
-0.0069427490234375 -0.0424537658691406 -0.00201416015625 -0.0970458984375
-0.00709152221679688 -0.0441207885742188 -0.0134811401367188 -0.0708236694335938
-0.0072174072265625 -0.0493278503417969 -0.00800323486328125 -0.0522117614746094
0.00962066650390625 -0.05517578125 -0.00405502319335937 -0.0421257019042969
0.0405921936035156 -0.0467987060546875 -0.00846672058105468 -0.0220966339111328
0.067718505859375 -0.0198898315429688 -0.0143833160400391 -0.0254421234130859
0.074554443359375 0.0453109741210937 -0.0263633728027344 -0.0475883483886719
0.058990478515625 0.0985260009765625 -0.0117874145507813 -0.0740737915039062
0.0172500610351563 0.121116638183594 0.00657653808593751 -0.0663223266601562
-0.01861572265625 0.136306762695312 0.0968780517578125 -0.0137481689453125
0.033538818359375 0.108833312988281 0.0465621948242188 0.0284614562988281
0.063507080078125 0.076080322265625 0.05743408203125 0.0474472045898438
0.083404541015625 0.0171432495117188 0.0959091186523438 0.0111160278320313
0.0650863647460938 -0.0283203125 0.0807113647460938 -0.040191650390625
0.0339508056640625 -0.0595970153808594 0.0412063598632813 -0.0778732299804687
0.00187683105468749 -0.071075439453125 0.00540924072265625 -0.07708740234375
0.00124740600585938 -0.06842041015625 -0.00802612304687501 -0.0520286560058594
0.000747680664062508 -0.0771026611328125 -0.00384330749511719 -0.0319652557373047
0.0221328735351563 -0.0766830444335938 -0.00551986694335938 -0.0239810943603516
0.0606727600097656 -0.0567855834960938 -0.0124568939208984 -0.00576019287109375
0.0857391357421875 -0.0194244384765625 -0.0193920135498047 -0.0119514465332031
0.0831298828125 0.060394287109375 -0.0304145812988281 -0.0325069427490234
0.0568008422851563 0.116287231445313 -0.00782394409179687 -0.0474472045898437
0.00439453124999999 0.13525390625 0.00232696533203125 -0.0263500213623047
-0.047882080078125 0.138137817382813 0.083648681640625 0.03778076171875
0.00536346435546875 0.133583068847656 0.042205810546875 0.0677032470703125
0.0572357177734375 0.112686157226563 0.0522918701171875 0.0664825439453125
0.102027893066406 0.0445480346679687 0.0869064331054688 0.031280517578125
0.090667724609375 -0.02197265625 0.0723495483398438 -0.0156402587890625
0.0540084838867188 -0.0738143920898438 0.0398216247558594 -0.0482978820800781
0.0120315551757813 -0.08837890625 0.0115509033203125 -0.0472488403320313
0.008514404296875 -0.0826034545898438 -0.00093650817871094 -0.0246219635009766
0.007659912109375 -0.093414306640625 0.000224590301513673 -0.00389981269836426
0.0307235717773438 -0.0890350341796875 -0.00662803649902344 0.000983238220214837
0.0719223022460938 -0.0604400634765625 -0.0181713104248047 0.0130252838134766
0.0952911376953125 -0.0175094604492188 -0.0248126983642578 -0.00021743774414063
0.0825881958007813 0.0699462890625 -0.0290546417236328 -0.0207958221435547
0.0460968017578125 0.122718811035156 0.000421524047851567 -0.0220584869384766
-0.0115585327148437 0.1336669921875 -0.00476455688476563 0.016021728515625
-0.0689468383789063 0.112380981445312 0.0594863891601562 0.0845870971679688
-0.0263442993164062 0.12628173828125 0.0293502807617188 0.102043151855469
0.0319900512695313 0.123489379882813 0.0406951904296875 0.0804519653320313
0.0946121215820313 0.0650711059570313 0.0668411254882813 0.047088623046875
0.0965423583984375 -0.007598876953125 0.0542716979980469 0.008544921875
0.065460205078125 -0.0709686279296875 0.0317420959472656 -0.0150527954101563
0.0207061767578125 -0.089630126953125 0.0142507553100586 -0.0119285583496094
0.0145950317382812 -0.083831787109375 0.00673961639404297 0.00591707229614257
0.0133743286132812 -0.0957412719726563 0.00564002990722656 0.0259819030761719
0.03643798828125 -0.0905914306640625 -0.00861930847167969 0.0279045104980469
0.0770721435546875 -0.0577621459960938 -0.0243587493896484 0.0317192077636719
0.0953598022460938 -0.00965118408203125 -0.0314311981201172 0.0104427337646484
0.07073974609375 0.0766830444335938 -0.0283966064453125 -0.0138740539550781
0.0243072509765625 0.119918823242187 0.00848054885864258 0.000480175018310554
-0.0316543579101563 0.116844177246094 -0.0167770385742188 0.0549888610839844
-0.0750732421875 0.0654830932617188 0.0322341918945312 0.117103576660156
-0.0486602783203125 0.0906906127929688 0.014068603515625 0.122871398925781
0.000839233398437498 0.104232788085938 0.0281829833984375 0.0834884643554688
0.0661048889160156 0.0694694519042969 0.0431747436523438 0.053497314453125
0.0813217163085938 0.0064849853515625 0.0328559875488281 0.0249996185302734
0.0635452270507813 -0.0557136535644531 0.0207023620605469 0.0143299102783203
0.0247268676757812 -0.07666015625 0.01470947265625 0.0212383270263672
0.0176162719726563 -0.0729751586914063 0.0118083953857422 0.0347957611083984
0.017425537109375 -0.0846633911132813 0.0084686279296875 0.0533790588378906
0.0371856689453125 -0.0801315307617188 -0.0126419067382813 0.0538177490234375
0.0736465454101562 -0.0470428466796875 -0.0324478149414062 0.0492324829101563
0.08642578125 -1.52587890625E-05 -0.03997802734375 0.0186614990234375
0.0516128540039063 0.0784835815429688 -0.0286083221435547 -0.00926971435546874
-0.001251220703125 0.106163024902344 0.00933074951171875 0.0190715789794922
-0.0508270263671875 0.087127685546875 -0.0342788696289063 0.0858535766601563
-0.0680122375488281 0.00786590576171874 0.0104827880859375 0.129585266113281
-0.0581893920898438 0.0391082763671875 0.00302886962890623 0.126762390136719
-0.0254364013671875 0.0640449523925781 0.0194091796875 0.0772628784179688
0.0287094116210938 0.0570831298828125 0.0248146057128906 0.0526885986328125
0.0516090393066406 0.0163040161132813 0.0157985687255859 0.0341625213623047
0.0499038696289063 -0.0319404602050781 0.0103797912597656 0.0353240966796875
0.0246200561523438 -0.0513916015625 0.0140190124511719 0.0471305847167969
0.0181236267089844 -0.0508537292480469 0.0157432556152344 0.0591583251953125
0.0188980102539063 -0.0608978271484375 0.00999450683593749 0.0771942138671875
0.0337905883789063 -0.0582427978515625 -0.0178680419921875 0.0766220092773438
0.06134033203125 -0.03094482421875 -0.0426025390625 0.0633544921875
0.0673294067382813 0.00890350341796875 -0.0503997802734375 0.0241889953613281
0.0273551940917969 0.0701065063476563 -0.0334033966064453 -0.0072650909423828
-0.0258255004882813 0.0793533325195313 0.00261878967285156 0.0336570739746094
-0.0626182556152344 0.0451698303222656 -0.0579071044921875 0.105125427246094
0.0519943237304688 0.0147438049316406 0.0675201416015625 -0.108207702636719
0.0400123596191406 -0.0398292541503906 0.0168571472167969 -0.0365028381347656
-0.00962066650390625 -0.0466957092285156 0.0366668701171875 0.01031494140625
-0.0379219055175781 -0.0184402465820312 0.072845458984375 -0.0193710327148438
-0.0373992919921875 0.0103225708007812 0.0587196350097656 -0.0698013305664063
-0.0225086212158203 0.0327072143554687 0.0179901123046875 -0.101600646972656
-0.0152187347412109 0.0285568237304688 -0.013519287109375 -0.0979385375976563
-0.0193939208984375 0.0207748413085938 -0.0189132690429687 -0.076690673828125
-0.0253257751464844 0.0216808319091797 -0.0151634216308594 -0.0618667602539063
-0.0315132141113281 0.000968933105468756 -0.00868606567382813 -0.0512161254882813
-0.0229911804199219 -0.0262947082519531 -0.00737762451171875 -0.0411033630371094
0.00765609741210938 -0.0376129150390625 -0.0106239318847656 -0.0508499145507813
0.0477104187011719 -0.0191154479980469 -0.00935363769531249 -0.08160400390625
0.0624542236328125 0.0161705017089844 -0.0015411376953125 -0.120895385742188
0.0474624633789062 0.0450019836425781 0.00736236572265625 -0.127059936523437
0.0379180908203125 0.0669937133789063 0.0875930786132813 -0.09356689453125
0.0519676208496094 0.00861358642578125 0.0295429229736328 -0.0275592803955078
0.0220260620117188 -0.0139522552490234 0.0459785461425781 0.016937255859375
0.00183677673339844 -0.0165653228759766 0.085845947265625 -0.0165023803710938
-0.00714874267578125 -0.00798797607421875 0.070892333984375 -0.0693130493164063
-0.00866270065307617 -0.000401020050048828 0.0277175903320313 -0.106658935546875
-0.0131635665893555 -0.00806903839111328 -0.010406494140625 -0.10479736328125
-0.014678955078125 -0.0126276016235352 -0.0194091796875 -0.080108642578125
-0.0162496566772461 -0.0157680511474609 -0.0127754211425781 -0.0634384155273437
-0.0100727081298828 -0.0284576416015625 -0.00634002685546875 -0.0528984069824219
0.0119743347167969 -0.0361862182617188 -0.00638961791992188 -0.036224365234375
0.0416259765625 -0.0243949890136719 -0.0104522705078125 -0.0410385131835938
0.0619354248046875 0.0197563171386719 -0.0174674987792969 -0.0658378601074219
0.0606155395507813 0.0646018981933594 -0.00783538818359374 -0.101387023925781
0.0306930541992188 0.0915069580078125 0.00987243652343751 -0.103622436523438
0.0141677856445313 0.112174987792969 0.0994796752929688 -0.061676025390625
0.0514793395996094 0.0629844665527344 0.0407676696777344 -0.00503921508789062
0.0503921508789063 0.0297431945800781 0.0540199279785156 0.0300750732421875
0.0464439392089844 -0.00487136840820313 0.09564208984375 -0.00562286376953125
0.0291404724121094 -0.0227432250976562 0.080078125 -0.0605316162109375
0.0119132995605469 -0.0345230102539063 0.0362014770507813 -0.09967041015625
-0.00752639770507812 -0.0436248779296875 -0.00391387939453125 -0.0984573364257813
-0.00731277465820312 -0.0437850952148438 -0.0153121948242188 -0.0710296630859375
-0.0089111328125 -0.05035400390625 -0.01092529296875 -0.0531768798828125
0.009063720703125 -0.05584716796875 -0.007110595703125 -0.0432815551757812
0.0404090881347656 -0.0487251281738281 -0.0102977752685547 -0.0239334106445313
0.0683631896972656 -0.0205421447753906 -0.0147228240966797 -0.0280055999755859
0.0772933959960938 0.0457382202148438 -0.0260086059570313 -0.0492973327636719
0.0614471435546875 0.0995559692382813 -0.0107879638671875 -0.0760498046875
0.018341064453125 0.123291015625 0.0070037841796875 -0.0691413879394531
-0.01654052734375 0.139938354492188 0.0985946655273438 -0.0150070190429687
0.0356979370117188 0.111068725585937 0.0464363098144531 0.0278472900390625
0.0659866333007813 0.077239990234375 0.0571517944335938 0.0494804382324219
0.0851669311523437 0.0173492431640625 0.0971603393554688 0.01171875
0.0663909912109375 -0.0286216735839844 0.0823516845703125 -0.0408248901367188
0.0338096618652344 -0.0618629455566406 0.041778564453125 -0.0795822143554687
0.00109863281250001 -0.0723342895507813 0.00387573242187499 -0.0785293579101563
-0.000476837158203121 -0.0698623657226563 -0.00985336303710937 -0.0515403747558594
-0.0018157958984375 -0.078582763671875 -0.00573539733886718 -0.0321636199951172
0.0212173461914062 -0.0779876708984375 -0.00828552246093749 -0.0245037078857422
0.0605087280273438 -0.0595016479492188 -0.0150547027587891 -0.00775146484375
0.0874099731445313 -0.0209274291992188 -0.0199031829833984 -0.0143241882324219
0.0869979858398438 0.0603866577148437 -0.0289669036865234 -0.0350303649902344
0.061004638671875 0.11822509765625 -0.00787353515625 -0.0500946044921875
0.00517272949218749 0.137947082519531 0.00234031677246094 -0.0285778045654297
-0.048004150390625 0.141921997070313 0.0847854614257812 0.0371475219726563
0.00661468505859376 0.136703491210938 0.04254150390625 0.0683021545410156
0.0608749389648437 0.114151000976562 0.0510368347167969 0.0691947937011719
0.105598449707031 0.0442428588867188 0.0876693725585938 0.0321273803710938
0.0920791625976562 -0.023162841796875 0.073516845703125 -0.0159225463867187
0.0540390014648437 -0.0770416259765625 0.0405235290527344 -0.0488090515136719
0.010406494140625 -0.0891036987304688 0.01031494140625 -0.0481147766113281
0.00701141357421875 -0.0847625732421875 -0.00187301635742187 -0.0246067047119141
0.00539398193359376 -0.0952606201171875 -0.00135326385498047 -0.00458574295043946
0.029266357421875 -0.09149169921875 -0.00972270965576172 0.0001382827758789
0.0722885131835938 -0.0641555786132813 -0.0206432342529297 0.0128021240234375
0.0980072021484375 -0.0196075439453125 -0.0254344940185547 -0.00167655944824219
0.0862655639648438 0.0707321166992188 -0.0296688079833984 -0.0232505798339844
0.04986572265625 0.125404357910156 0.000858306884765627 -0.0242176055908203
-0.0110015869140625 0.137428283691406 -0.00468826293945313 0.0143060684204102
-0.0688858032226562 0.116844177246094 0.0598907470703125 0.0855255126953125
-0.0251235961914062 0.130294799804688 0.0293350219726562 0.104232788085938
0.0354385375976562 0.125679016113281 0.0395584106445312 0.0821075439453125
0.0990447998046875 0.066375732421875 0.0669364929199219 0.0482826232910156
0.0984039306640625 -0.00948333740234375 0.0556411743164063 0.00934982299804688
0.0659255981445313 -0.0741195678710938 0.0326175689697266 -0.0159339904785156
0.0189361572265625 -0.0927963256835938 0.0137004852294922 -0.0130157470703125
0.0130233764648438 -0.0854644775390625 0.00549697875976563 0.0060896873474121
0.0108184814453125 -0.0987091064453125 0.00430870056152344 0.0260581970214844
0.035369873046875 -0.0940933227539063 -0.0108699798583984 0.0282077789306641
0.0780105590820313 -0.0613937377929688 -0.02545166015625 0.0327281951904297
0.0977096557617187 -0.01263427734375 -0.0326805114746094 0.00973892211914063
0.0741958618164063 0.0783309936523437 -0.0280799865722656 -0.0152626037597656
0.029022216796875 0.122589111328125 0.00941944122314453 -0.00148296356201171
-0.0304641723632812 0.120292663574219 -0.0164947509765625 0.0536842346191406
-0.0760269165039062 0.068817138671875 0.0335693359375 0.119949340820313
-0.0485992431640625 0.0943984985351563 0.0139694213867187 0.125442504882813
0.00291442871093749 0.106956481933594 0.027252197265625 0.0860061645507813
0.070159912109375 0.0695648193359375 0.0427894592285156 0.0557670593261719
0.08294677734375 0.004974365234375 0.0340042114257813 0.0261650085449219
0.0642013549804688 -0.0586395263671875 0.0216407775878906 0.0153560638427734
0.0234146118164063 -0.0776748657226563 0.0151634216308594 0.0208911895751953
0.0163345336914063 -0.0748062133789063 0.011749267578125 0.03546142578125
0.0148849487304688 -0.0866851806640625 0.00847625732421876 0.0541915893554687
0.0350570678710938 -0.0827255249023437 -0.0137290954589844 0.0552597045898437
0.0740127563476563 -0.0503616333007813 -0.0338592529296875 0.0503082275390625
0.0885086059570313 -0.00167083740234375 -0.0410957336425781 0.0188865661621094
0.0554351806640625 0.0801544189453125 -0.0292835235595703 -0.0102081298828125
0.00214385986328125 0.109062194824219 0.0104312896728516 0.0179824829101563
-0.0505142211914063 0.090423583984375 -0.0341415405273437 0.0865325927734375
-0.0692901611328125 0.00954055786132812 0.0115814208984375 0.133537292480469
-0.0582084655761719 0.0421371459960938 0.00282287597656251 0.129531860351563
-0.0243072509765625 0.0666618347167969 0.0177993774414062 0.0793228149414063
0.0315093994140625 0.0580482482910156 0.0251350402832031 0.055389404296875
0.053314208984375 0.0151557922363281 0.0175094604492188 0.0350685119628906
0.0497207641601563 -0.0349540710449219 0.0117416381835938 0.0360946655273438
0.02325439453125 -0.0530052185058594 0.0138893127441406 0.0471878051757813
0.0161476135253906 -0.0524406433105469 0.0162887573242188 0.0597114562988281
0.0172805786132813 -0.0635490417480469 0.009735107421875 0.0787506103515625
0.0327110290527344 -0.0612144470214844 -0.0188369750976562 0.0774688720703125
0.0621414184570312 -0.0332298278808594 -0.0432586669921875 0.0655784606933594
0.0685272216796875 0.00742340087890625 -0.0519027709960938 0.0252151489257812
0.0299224853515625 0.0711517333984375 -0.0346488952636719 -0.00708198547363281
-0.022674560546875 0.0819091796875 0.00326347351074219 0.0333900451660156
-0.0637626647949219 0.047119140625 -0.0583343505859375 0.106857299804688
0.0543632507324219 0.0121803283691406 0.0672988891601563 -0.115852355957031
0.0396270751953125 -0.0431938171386719 0.0159378051757813 -0.0378379821777344
-0.0130119323730469 -0.0472335815429687 0.0384445190429688 0.0107574462890625
-0.0406341552734375 -0.0174751281738281 0.075714111328125 -0.0212173461914062
-0.0382270812988281 0.0134620666503906 0.0597381591796875 -0.0736618041992188
-0.0210514068603516 0.0350799560546875 0.0174331665039063 -0.104606628417969
-0.0135211944580078 0.0294952392578125 -0.0167770385742188 -0.101112365722656
-0.0188655853271484 0.0230865478515625 -0.0236282348632813 -0.0782012939453125
-0.0246334075927734 0.024078369140625 -0.0178794860839844 -0.0645751953125
-0.0323905944824219 0.00271224975585938 -0.0112457275390625 -0.0527687072753906
-0.0247383117675781 -0.0259304046630859 -0.00990295410156251 -0.0443077087402344
0.00704193115234375 -0.0388450622558594 -0.0113754272460938 -0.0543556213378906
0.0478401184082031 -0.0222129821777344 -0.00905609130859374 -0.0849838256835938
0.0645065307617188 0.0137901306152344 -0.00344085693359374 -0.126296997070313
0.0495986938476562 0.0453109741210938 0.00505065917968751 -0.134086608886719
0.0417213439941406 0.0689048767089844 0.0880966186523438 -0.100975036621094
0.0540046691894531 0.00745391845703125 0.0300464630126953 -0.0299263000488281
0.0223197937011719 -0.0149517059326172 0.0474395751953125 0.0175094604492187
0.00112724304199219 -0.0160894393920898 0.0890121459960938 -0.0177993774414063
-0.00755834579467773 -0.00724220275878906 0.0721206665039063 -0.073760986328125
-0.00803041458129883 -0.000557899475097656 0.0245361328125 -0.111366271972656
-0.0127983093261719 -0.00738811492919922 -0.0148468017578125 -0.107345581054688
-0.0152091979980469 -0.0114040374755859 -0.0230636596679688 -0.0815277099609375
-0.0170917510986328 -0.0148258209228516 -0.0162620544433594 -0.0660171508789063
-0.0095672607421875 -0.0285320281982422 -0.00986862182617187 -0.0544242858886719
0.0117111206054687 -0.0368881225585938 -0.00896453857421875 -0.0385780334472656
0.0414390563964844 -0.0268707275390625 -0.0110626220703125 -0.0444374084472656
0.0647697448730469 0.0183792114257812 -0.0177192687988281 -0.0690422058105469
0.0645332336425781 0.0653228759765625 -0.00913238525390624 -0.10540771484375
0.0346298217773438 0.0944442749023438 0.00800323486328125 -0.110748291015625
0.0172882080078125 0.116386413574219 0.101707458496094 -0.067779541015625
0.0552787780761719 0.0634117126464844 0.0413970947265625 -0.00674057006835937
0.0533714294433594 0.029815673828125 0.0561981201171875 0.0324440002441406
0.0481491088867187 -0.00557327270507812 0.0990829467773438 -0.00701141357421875
0.0301990509033203 -0.0242557525634766 0.0816116333007813 -0.063323974609375
0.0114173889160156 -0.0362396240234375 0.0346755981445312 -0.103370666503906
-0.00901794433593749 -0.0445060729980469 -0.00786590576171876 -0.102401733398438
-0.0092620849609375 -0.0450820922851563 -0.019195556640625 -0.07293701171875
-0.0100784301757812 -0.0516738891601563 -0.0133781433105469 -0.0542068481445313
0.0072021484375 -0.0584373474121094 -0.0106849670410156 -0.0452194213867188
0.0405349731445313 -0.0505714416503906 -0.013671875 -0.0266227722167969
0.0710830688476563 -0.0237274169921875 -0.0157852172851562 -0.0313892364501953
0.0810089111328125 0.045684814453125 -0.0252914428710937 -0.0520095825195313
0.06695556640625 0.101058959960938 -0.0126113891601562 -0.0801620483398438
0.0216903686523438 0.127838134765625 0.0055084228515625 -0.0749893188476562
-0.0132598876953125 0.146224975585938 0.102851867675781 -0.0195236206054687
0.0397720336914063 0.114334106445313 0.047637939453125 0.0289039611816406
0.0716400146484375 0.0781173706054688 0.0594482421875 0.0510597229003906
0.0894317626953125 0.015533447265625 0.101783752441406 0.0116806030273438
0.0684623718261719 -0.0322608947753906 0.0836181640625 -0.0432357788085938
0.0345802307128906 -0.066009521484375 0.0418319702148438 -0.0842132568359375
-0.0010833740234375 -0.075347900390625 0.000419616699218756 -0.08154296875
-0.00341796875000001 -0.0719528198242187 -0.0116729736328125 -0.0530166625976563
-0.00505828857421876 -0.0817108154296875 -0.00832939147949219 -0.0327987670898438
0.0192108154296875 -0.0829010009765625 -0.0119361877441406 -0.0255985260009766
0.061309814453125 -0.0644340515136719 -0.0180950164794922 -0.00876617431640625
0.090911865234375 -0.02484130859375 -0.0212974548339844 -0.0167675018310547
0.0923690795898437 0.0599136352539063 -0.0295906066894531 -0.0365676879882812
0.0665130615234375 0.120674133300781 -0.00870132446289062 -0.0522804260253906
0.00889587402343749 0.143630981445313 0.00112533569335938 -0.0322418212890625
-0.0460205078125 0.150115966796875 0.0896148681640625 0.036956787109375
0.0119781494140625 0.141616821289063 0.0440444946289063 0.070343017578125
0.0682144165039063 0.116950988769531 0.0528564453125 0.071990966796875
0.111015319824219 0.0427627563476563 0.0912094116210938 0.0327529907226563
0.0955123901367188 -0.02655029296875 0.07623291015625 -0.0175399780273438
0.0547103881835938 -0.081024169921875 0.0409660339355469 -0.0517845153808594
0.00844573974609374 -0.0933151245117188 0.00857162475585938 -0.0503997802734375
0.00438690185546876 -0.087890625 -0.00448799133300781 -0.0253868103027344
0.000595092773437493 -0.100021362304687 -0.00207328796386719 -0.00489282608032227
0.0260543823242188 -0.0973358154296875 -0.0117654800415039 0.000596046447753902
0.0739517211914062 -0.0699386596679687 -0.0225849151611328 0.0130157470703125
0.101081848144531 -0.0235748291015625 -0.0274620056152344 -0.00197410583496094
0.093658447265625 0.0707321166992187 -0.0301265716552734 -0.0241279602050781
0.0568923950195312 0.128868103027344 0.000900268554687503 -0.0270862579345703
-0.00802612304687499 0.143646240234375 -0.00443363189697266 0.0127315521240234
-0.0677337646484375 0.124786376953125 0.0655899047851563 0.0875701904296875
-0.021270751953125 0.135498046875 0.029998779296875 0.107192993164063
0.041961669921875 0.131187438964844 0.0417556762695313 0.0858001708984375
0.10516357421875 0.0633468627929688 0.0702705383300781 0.0499420166015625
0.102157592773437 -0.0137863159179687 0.0588111877441406 0.00902938842773437
0.0657958984375 -0.0806732177734375 0.0342025756835938 -0.0165004730224609
0.016357421875 -0.096160888671875 0.0135841369628906 -0.0134563446044922
0.00968170166015625 -0.089996337890625 0.00534248352050781 0.00566959381103515
0.00714874267578126 -0.102493286132813 0.00362777709960938 0.0260467529296875
0.031341552734375 -0.0990219116210937 -0.0125370025634766 0.0288257598876953
0.0783538818359375 -0.0671310424804688 -0.0278472900390625 0.0337810516357422
0.10137939453125 -0.0169525146484375 -0.0339469909667969 0.00884246826171875
0.0822525024414063 0.0783233642578125 -0.0292797088623047 -0.0172748565673828
0.0352020263671875 0.12664794921875 0.0102262496948242 -0.0036325454711914
-0.0280227661132812 0.126052856445313 -0.0161247253417969 0.0553359985351563
-0.0771331787109375 0.0747909545898437 0.0376510620117187 0.124076843261719
-0.0472183227539063 0.0998458862304688 0.0148086547851562 0.129600524902344
0.0081329345703125 0.112503051757813 0.0275192260742187 0.0887908935546875
0.0758743286132813 0.0702056884765625 0.0452766418457031 0.0586967468261719
0.0870285034179688 0.00183868408203125 0.0372543334960938 0.0277061462402344
0.0642929077148438 -0.0641708374023438 0.0239124298095703 0.0146293640136719
0.0206451416015625 -0.0824203491210938 0.015289306640625 0.0210685729980469
0.013885498046875 -0.0780563354492188 0.0121345520019531 0.0360603332519531
0.0121307373046875 -0.0909957885742188 0.0101127624511719 0.0560798645019531
0.032501220703125 -0.0875930786132813 -0.0147552490234375 0.0574836730957031
0.07586669921875 -0.0560684204101563 -0.0342674255371094 0.0533638000488281
0.092193603515625 -0.0058135986328125 -0.0421524047851562 0.0197715759277344
0.0615997314453125 0.0816268920898438 -0.0308151245117188 -0.0113124847412109
0.00733184814453125 0.113395690917969 0.0109148025512695 0.0167350769042969
-0.049896240234375 0.0948486328125 -0.0334548950195313 0.0907363891601563
-0.071197509765625 0.0138092041015625 0.014892578125 0.1395263671875
-0.0592460632324219 0.0460968017578125 0.00389862060546874 0.134796142578125
-0.0216217041015625 0.0701408386230469 0.0188369750976562 0.0833892822265625
0.0355300903320313 0.0579185485839844 0.0264892578125 0.0588722229003906
0.0564193725585938 0.0134620666503906 0.0180625915527344 0.0373611450195313
0.0501136779785156 -0.0376663208007812 0.0137939453125 0.0364799499511719
0.0213432312011719 -0.0557098388671875 0.0158920288085937 0.0487136840820313
0.0141143798828125 -0.0549392700195313 0.017425537109375 0.0614204406738281
0.0152130126953125 -0.0668449401855469 0.0125579833984375 0.0811309814453125
0.0304298400878906 -0.0647659301757813 -0.0181350708007813 0.0816574096679688
0.062957763671875 -0.03778076171875 -0.0425605773925781 0.0687599182128906
0.0719985961914063 0.0049896240234375 -0.0536003112792969 0.0262832641601563
0.0343246459960938 0.0730438232421875 -0.036102294921875 -0.00844573974609374
-0.0205459594726562 0.08673095703125 0.00494003295898438 0.0329456329345703
-0.0649147033691406 0.0506019592285156 -0.056396484375 0.1131591796875
0.0571441650390625 0.0097198486328125 0.0632781982421875 -0.124641418457031
0.0382843017578125 -0.0466766357421875 0.013153076171875 -0.04058837890625
-0.016632080078125 -0.047576904296875 0.0403289794921875 0.0102691650390625
-0.0430259704589844 -0.0151023864746094 0.0779800415039063 -0.025390625
-0.0384635925292969 0.0162887573242187 0.0582351684570312 -0.0791015625
-0.0197296142578125 0.0373039245605469 0.0120315551757813 -0.109123229980469
-0.011260986328125 0.0316123962402344 -0.0235137939453125 -0.103851318359375
-0.0178012847900391 0.0263614654541016 -0.0286026000976563 -0.0796432495117187
-0.0235004425048828 0.0263824462890625 -0.0236740112304687 -0.0646247863769531
-0.0328254699707031 0.00548744201660156 -0.0158004760742188 -0.0534706115722656
-0.0270767211914063 -0.0235233306884766 -0.0137672424316406 -0.0466995239257812
0.003662109375 -0.0396156311035156 -0.0136909484863281 -0.0590705871582031
0.0472450256347656 -0.0258445739746094 -0.0123748779296875 -0.0874786376953125
0.0671310424804688 0.00969696044921875 -0.0078887939453125 -0.130516052246094
0.0546379089355469 0.0434532165527344 -0.000839233398437494 -0.140609741210938
0.0458412170410156 0.0680770874023438 0.0860214233398438 -0.110862731933594
0.05560302734375 0.0042572021484375 0.02789306640625 -0.0318012237548828
0.0224342346191406 -0.0161380767822266 0.0501556396484375 0.0171051025390625
0.000691413879394532 -0.0164766311645508 0.0916061401367188 -0.0223846435546875
-0.00701618194580078 -0.00628995895385742 0.0712738037109375 -0.0795059204101563
-0.00712013244628906 -0.00113058090209961 0.0207672119140625 -0.115692138671875
-0.012603759765625 -0.00777530670166016 -0.0211105346679687 -0.1103515625
-0.0152368545532227 -0.0114202499389648 -0.02862548828125 -0.0830764770507812
-0.0187549591064453 -0.0154838562011719 -0.0212669372558594 -0.066070556640625
-0.0125503540039063 -0.0288925170898438 -0.0149803161621094 -0.055511474609375
0.00976943969726563 -0.0384483337402344 -0.0132904052734375 -0.0411643981933594
0.0416069030761719 -0.02978515625 -0.0134963989257813 -0.0483665466308594
0.0672378540039063 0.0152664184570313 -0.0198593139648438 -0.0712051391601563
0.0701789855957031 0.0632362365722656 -0.0131454467773437 -0.109710693359375
0.0411758422851563 0.0952682495117188 0.00293731689453126 -0.116439819335938
0.0244140625 0.118797302246094 0.102035522460938 -0.0772476196289062
0.060028076171875 0.06207275390625 0.0415992736816406 -0.00916671752929687
0.0574531555175781 0.0273475646972656 0.0589561462402344 0.0311126708984375
0.0498199462890625 -0.00806808471679688 0.102836608886719 -0.01165771484375
0.0302772521972656 -0.0264186859130859 0.0822372436523437 -0.0692901611328125
0.010498046875 -0.0394020080566406 0.0311660766601562 -0.109100341796875
-0.0106391906738281 -0.0461769104003906 -0.0143585205078125 -0.104209899902344
-0.011749267578125 -0.04583740234375 -0.0244522094726563 -0.0730819702148438
-0.0138931274414063 -0.05267333984375 -0.0181884765625 -0.055267333984375
0.00387954711914062 -0.060699462890625 -0.015777587890625 -0.0458259582519531
0.0388679504394531 -0.0547370910644531 -0.0166244506835938 -0.0287189483642578
0.0716018676757813 -0.0283889770507812 -0.0180873870849609 -0.0348320007324219
0.0864410400390625 0.0420150756835937 -0.0274085998535156 -0.0539360046386719
0.0756072998046875 0.0998916625976563 -0.0159912109375 -0.0827102661132813
0.0297393798828125 0.13189697265625 0.00148773193359376 -0.08001708984375
-0.00559997558593749 0.151962280273438 0.105255126953125 -0.0268096923828125
0.0478591918945313 0.114982604980469 0.0488052368164063 0.0269699096679688
0.0791244506835937 0.07672119140625 0.0625953674316406 0.0519256591796875
0.0939483642578125 0.0103302001953125 0.105796813964844 0.00740814208984375
0.0694999694824219 -0.0365676879882812 0.0852584838867188 -0.04815673828125
0.0312576293945313 -0.0707473754882813 0.039031982421875 -0.0877304077148437
-0.00537872314453124 -0.0784072875976563 -0.00413513183593749 -0.0843582153320313
-0.00662994384765624 -0.0735549926757813 -0.0170135498046875 -0.0538825988769531
-0.009063720703125 -0.0835723876953125 -0.0124912261962891 -0.0334434509277344
0.0139999389648437 -0.0864486694335937 -0.0162315368652344 -0.0254554748535156
0.0593795776367188 -0.0694313049316406 -0.0209178924560547 -0.00932312011718751
0.092742919921875 -0.031829833984375 -0.0233554840087891 -0.018768310546875
0.100341796875 0.0571746826171875 -0.0313682556152344 -0.0381050109863281
0.0768508911132812 0.120521545410156 -0.0107650756835937 -0.0547676086425781
0.0171356201171875 0.14935302734375 -0.000532150268554687 -0.0350914001464844
-0.0375213623046875 0.157821655273438 0.094482421875 0.0318832397460938
0.0193634033203125 0.145645141601563 0.0477066040039063 0.0694961547851563
0.0771942138671875 0.117454528808594 0.057708740234375 0.0731277465820313
0.118705749511719 0.03692626953125 0.0955963134765625 0.030853271484375
0.0983200073242188 -0.0338821411132813 0.0785293579101563 -0.0207138061523438
0.0523452758789063 -0.0885543823242188 0.0406036376953125 -0.0560188293457031
0.00255584716796875 -0.0974044799804688 0.00580978393554687 -0.0520706176757813
-0.000946044921875004 -0.0906906127929688 -0.00679206848144531 -0.0263137817382813
-0.00520324707031251 -0.103202819824219 -0.00422859191894531 -0.00502252578735352
0.0207366943359375 -0.101638793945313 -0.0148429870605469 0.00182437896728515
0.0712051391601563 -0.0770950317382813 -0.0244007110595703 0.0135459899902344
0.103424072265625 -0.0309066772460937 -0.0287666320800781 -0.00324249267578125
0.101799011230469 0.0679702758789063 -0.0314865112304687 -0.0260429382324219
0.06683349609375 0.129737854003906 -0.000156402587890624 -0.0290889739990234
-0.000427246093749999 0.14862060546875 -0.00449848175048828 0.0120410919189453
-0.0627212524414063 0.13311767578125 0.0719757080078125 0.0863418579101563
-0.0142974853515625 0.143081665039063 0.0363311767578125 0.108444213867188
0.0521316528320312 0.133148193359375 0.0456619262695312 0.088409423828125
0.112907409667969 0.0599441528320312 0.0746612548828125 0.050689697265625
0.105308532714844 -0.019500732421875 0.0609016418457031 0.00742340087890625
0.0628738403320312 -0.0876235961914063 0.0359611511230469 -0.0191497802734375
0.0111083984375 -0.100311279296875 0.0127363204956055 -0.0153236389160156
0.00458526611328124 -0.0930633544921875 0.00369787216186523 0.00613355636596679
0.000274658203125008 -0.106620788574219 0.00490760803222656 0.0270042419433594
0.0254745483398438 -0.103836059570313 -0.0134124755859375 0.0312976837158203
0.0766372680664063 -0.075439453125 -0.0285911560058594 0.0362510681152344
0.104820251464844 -0.0232315063476563 -0.0347709655761719 0.00999641418457031
0.09088134765625 0.076873779296875 -0.0309314727783203 -0.0178108215332031
0.0455703735351563 0.128181457519531 0.00938224792480469 -0.00543498992919921
-0.0234527587890625 0.132476806640625 -0.0137748718261719 0.0562667846679688
-0.0752639770507813 0.0831451416015625 0.0458602905273437 0.126518249511719
-0.042877197265625 0.107627868652344 0.0211029052734375 0.133110046386719
0.0154037475585938 0.116317749023438 0.0313491821289062 0.0924453735351563
0.0839691162109375 0.0670242309570313 0.0496368408203125 0.0595588684082031
0.0908126831054687 -0.00371551513671875 0.0392799377441406 0.0278587341308594
0.0619735717773438 -0.0707244873046875 0.0268115997314453 0.0137691497802734
0.0164413452148437 -0.0864334106445313 0.0173435211181641 0.0208053588867187
0.0090789794921875 -0.0815277099609375 0.0141639709472656 0.0365562438964844
0.00568389892578126 -0.0952072143554688 0.012939453125 0.0570945739746094
0.0279312133789063 -0.0927963256835938 -0.0128669738769531 0.05999755859375
0.0739517211914063 -0.0633697509765625 -0.0336990356445313 0.0562362670898437
0.095489501953125 -0.0119094848632813 -0.0426445007324219 0.0213050842285156
0.06964111328125 0.0801239013671875 -0.0325565338134766 -0.0116558074951172
0.0152587890625 0.11676025390625 0.0125017166137695 0.0149078369140625
-0.046661376953125 0.10137939453125 -0.0294952392578125 0.0938034057617188
-0.0727767944335938 0.0191650390625 0.0219573974609375 0.1446533203125
-0.0580863952636719 0.0522727966308594 0.0099029541015625 0.139419555664063
-0.0179672241210938 0.0751113891601562 0.0212783813476563 0.0869598388671875
0.0421028137207031 0.0574188232421875 0.0292129516601562 0.0605735778808594
0.0592880249023438 0.009918212890625 0.0218467712402344 0.0394058227539063
0.0486526489257812 -0.0432815551757813 0.0185508728027344 0.0377388000488281
0.0174751281738281 -0.0589065551757813 0.0196800231933594 0.0490608215332031
0.0115928649902344 -0.057891845703125 0.0212860107421875 0.0611686706542969
0.0102272033691406 -0.06976318359375 0.0173187255859375 0.0829925537109375
0.0269012451171875 -0.0682334899902344 -0.0148468017578125 0.0852432250976563
0.0624618530273438 -0.0436363220214844 -0.0423355102539062 0.072540283203125
0.0748825073242188 0.0012054443359375 -0.05377197265625 0.0296669006347656
0.0411224365234375 0.0746002197265625 -0.0377120971679688 -0.00863265991210936
-0.0153350830078125 0.0901336669921875 0.00776481628417968 0.0314998626708984
-0.064361572265625 0.0559883117675781 -0.0530166625976563 0.119049072265625
0.0583572387695312 0.00430679321289062 0.0542221069335938 -0.130935668945313
0.0358810424804688 -0.0504722595214844 0.009002685546875 -0.0412979125976563
-0.0195274353027344 -0.0459098815917969 0.0420761108398438 0.00856399536132812
-0.0432777404785156 -0.0112800598144531 0.0779342651367188 -0.028778076171875
-0.0368423461914063 0.02044677734375 0.0551605224609375 -0.0825347900390625
-0.01605224609375 0.0381698608398438 0.00585174560546876 -0.110763549804688
-0.00684547424316406 0.0318870544433594 -0.0297775268554688 -0.101936340332031
-0.0153236389160156 0.0279083251953125 -0.0332870483398437 -0.0781631469726563
-0.0202617645263672 0.0277099609375 -0.0278053283691406 -0.0639305114746094
-0.0313701629638672 0.00810623168945312 -0.0192947387695313 -0.0534744262695313
-0.0276069641113281 -0.0200328826904297 -0.0188407897949219 -0.0470123291015625
0.000267028808593748 -0.0391044616699219 -0.0171775817871094 -0.0600814819335937
0.0453529357910156 -0.03045654296875 -0.014862060546875 -0.0889663696289063
0.0677452087402344 0.00458145141601563 -0.015380859375 -0.132453918457031
0.05645751953125 0.0406875610351563 -0.00994873046875 -0.142852783203125
0.0508499145507813 0.0653610229492188 0.0799407958984375 -0.118942260742188
0.0548667907714844 -0.000461578369140625 0.0245208740234375 -0.0357589721679688
0.0210361480712891 -0.0173091888427734 0.0509490966796875 0.0160140991210938
-0.000519752502441405 -0.0152359008789062 0.093658447265625 -0.0286483764648438
-0.00639581680297852 -0.00581502914428711 0.0685653686523438 -0.0846633911132813
-0.00691986083984375 -0.000437259674072265 0.0141830444335938 -0.118949890136719
-0.0126485824584961 -0.00727558135986328 -0.0284194946289062 -0.109085083007813
-0.0160188674926758 -0.00975418090820312 -0.033966064453125 -0.079986572265625
-0.0192985534667969 -0.0146579742431641 -0.0261383056640625 -0.0649261474609375
-0.0129470825195313 -0.0277843475341797 -0.0194129943847656 -0.0560417175292969
0.00780105590820313 -0.0380401611328125 -0.0171585083007812 -0.04156494140625
0.0400772094726563 -0.0322341918945313 -0.0165901184082031 -0.0499725341796875
0.0678138732910156 0.0107002258300781 -0.0228118896484375 -0.0722732543945312
0.0753021240234375 0.0579071044921875 -0.0176925659179688 -0.110664367675781
0.0484161376953125 0.0930862426757813 -0.00387573242187499 -0.120277404785156
0.032470703125 0.117591857910156 0.0978164672851563 -0.0853958129882812
0.0640754699707031 0.0587806701660156 0.0409622192382813 -0.0123672485351562
0.0600204467773437 0.0241432189941406 0.0622406005859375 0.0294151306152344
0.0502243041992188 -0.0111503601074219 0.103981018066406 -0.0166015625
0.0296592712402344 -0.0284652709960938 0.0790023803710937 -0.0742721557617188
0.00884628295898437 -0.041107177734375 0.0251083374023438 -0.112228393554688
-0.0128555297851563 -0.0450286865234375 -0.0216598510742187 -0.102706909179688
-0.0138435363769531 -0.0451545715332031 -0.0304183959960938 -0.072479248046875
-0.0179710388183594 -0.0520706176757813 -0.0227317810058594 -0.0539970397949219
0.000717163085937504 -0.0615348815917969 -0.0215721130371094 -0.044952392578125
0.0354652404785156 -0.0573883056640625 -0.0205936431884766 -0.0285587310791016
0.0714340209960938 -0.0335235595703125 -0.0213584899902344 -0.0359764099121094
0.0907516479492188 0.0368804931640625 -0.0294113159179687 -0.0554733276367188
0.0839004516601563 0.0953598022460938 -0.0190963745117187 -0.0831222534179688
0.0379104614257813 0.131088256835937 -0.00315093994140624 -0.0827407836914062
0.00448608398437499 0.155364990234375 0.104751586914063 -0.0356674194335937
0.0560150146484375 0.111923217773437 0.0513381958007812 0.0235939025878906
0.0848541259765625 0.0721664428710938 0.0648651123046875 0.0507774353027344
0.0957794189453125 0.00388336181640625 0.107711791992188 0.00228118896484375
0.0686874389648438 -0.0416641235351563 0.0838088989257813 -0.0538787841796875
0.0275955200195312 -0.0753631591796875 0.0334243774414062 -0.09197998046875
-0.0104522705078125 -0.0781021118164063 -0.0113754272460937 -0.0837326049804688
-0.0116119384765625 -0.074249267578125 -0.0214691162109375 -0.0532722473144531
-0.016021728515625 -0.0842208862304688 -0.0155906677246094 -0.0327339172363281
0.00841522216796874 -0.0894088745117188 -0.0200119018554688 -0.0240249633789063
0.0552825927734375 -0.0745468139648438 -0.0237503051757813 -0.00798225402832032
0.0928497314453125 -0.0385818481445313 -0.0261211395263672 -0.0202560424804687
0.104530334472656 0.05133056640625 -0.0322647094726562 -0.0381355285644531
0.0865249633789062 0.115348815917969 -0.0132293701171875 -0.0559043884277344
0.02838134765625 0.150375366210938 -0.00307464599609375 -0.0377998352050781
-0.027313232421875 0.162551879882813 0.0987625122070313 0.0250091552734375
0.030731201171875 0.146026611328125 0.0521659851074219 0.06719970703125
0.0866241455078125 0.112998962402344 0.062042236328125 0.07110595703125
0.1220703125 0.0286865234375 0.098419189453125 0.0256500244140625
0.09747314453125 -0.0407485961914063 0.0794677734375 -0.0256805419921875
0.0475540161132812 -0.09356689453125 0.0384674072265625 -0.0589981079101563
-0.00557708740234375 -0.0997314453125 0.00190353393554688 -0.053741455078125
-0.00714111328124999 -0.0914764404296875 -0.00997161865234375 -0.0243186950683594
-0.0126571655273437 -0.103111267089844 -0.00417423248291016 -0.0049281120300293
0.0113067626953125 -0.105552673339844 -0.0158843994140625 0.00392436981201172
0.0674285888671875 -0.0847930908203125 -0.0243949890136719 0.0128288269042969
0.103485107421875 -0.0391464233398438 -0.0285835266113281 -0.00430488586425782
0.108695983886719 0.06146240234375 -0.0328350067138672 -0.0258617401123047
0.0780868530273438 0.125862121582031 -0.000675201416015618 -0.0308399200439453
0.00935363769531251 0.14996337890625 -0.00443458557128906 0.0101966857910156
-0.0531539916992188 0.139968872070313 0.0793685913085938 0.0828628540039063
-0.00624084472656249 0.1434326171875 0.0431060791015625 0.107223510742188
0.0612030029296875 0.130622863769531 0.0505752563476563 0.0878067016601563
0.120231628417969 0.0532379150390625 0.0781784057617188 0.0468063354492188
0.106208801269531 -0.0274887084960938 0.06317138671875 0.00350189208984375
0.056396484375 -0.093048095703125 0.035552978515625 -0.0215415954589844
0.00520324707031249 -0.101219177246094 0.0118789672851563 -0.0160665512084961
-0.00178527832031251 -0.0940093994140625 0.00331687927246094 0.00493526458740234
-0.00889587402343751 -0.108619689941406 0.00606727600097656 0.0268325805664062
0.0164031982421875 -0.107742309570313 -0.0138149261474609 0.0336570739746094
0.0713882446289063 -0.0836181640625 -0.0264968872070312 0.0386009216308594
0.103858947753906 -0.0314254760742188 -0.0360908508300781 0.0112037658691406
0.098968505859375 0.069671630859375 -0.0313720703125 -0.0171852111816406
0.0543289184570313 0.127006530761719 0.0101633071899414 -0.00710964202880859
-0.01483154296875 0.136848449707031 -0.009490966796875 0.0570335388183594
-0.069427490234375 0.091217041015625 0.0546493530273437 0.124748229980469
-0.035125732421875 0.11175537109375 0.0296783447265625 0.133049011230469
0.024169921875 0.11737060546875 0.03582763671875 0.0918807983398438
0.0897140502929688 0.06036376953125 0.0537338256835938 0.0583877563476563
0.0930938720703125 -0.0105743408203125 0.0424041748046875 0.0273780822753906
0.0565414428710937 -0.0768814086914063 0.0291938781738281 0.0127391815185547
0.00966644287109375 -0.0887069702148438 0.0187778472900391 0.0205650329589844
0.00246429443359376 -0.08331298828125 0.0150222778320312 0.0344467163085937
-0.00205230712890625 -0.0970916748046875 0.0163002014160156 0.0564422607421875
0.0196456909179687 -0.0952911376953125 -0.010101318359375 0.0626716613769531
0.0701408386230469 -0.0701904296875 -0.0307960510253906 0.0610466003417969
0.095306396484375 -0.018157958984375 -0.0425682067871094 0.0235404968261719
0.0777206420898438 0.0756607055664063 -0.0339870452880859 -0.0110263824462891
0.023834228515625 0.116508483886719 0.0137910842895508 0.013392448425293
-0.0406951904296875 0.106704711914063 -0.0240097045898438 0.095855712890625
-0.0719680786132813 0.0262985229492187 0.0310211181640625 0.145828247070313
-0.0555992126464844 0.0574378967285156 0.0171661376953125 0.140243530273438
-0.0122146606445313 0.0772171020507813 0.0250244140625 0.0876998901367188
0.0478668212890625 0.0532722473144531 0.0330047607421875 0.0625724792480469
0.0614280700683594 0.00555038452148437 0.024810791015625 0.0393104553222656
0.0453147888183594 -0.04718017578125 0.0225410461425781 0.0374984741210938
0.0126914978027344 -0.060394287109375 0.0231056213378906 0.0465354919433594
0.00599288940429687 -0.0596389770507813 0.0256996154785156 0.0603523254394531
0.00467681884765625 -0.0733108520507813 0.0223236083984375 0.0835494995117188
0.0201416015625 -0.0720367431640625 -0.0100173950195313 0.08807373046875
0.0601882934570313 -0.0490455627441406 -0.03857421875 0.0764007568359375
0.0760116577148437 -0.0052490234375 -0.0520515441894531 0.0318069458007813
0.0477218627929688 0.071807861328125 -0.0383567810058594 -0.00642776489257811
-0.00936126708984374 0.0920867919921875 0.00909614562988281 0.0296077728271484
-0.061309814453125 0.0626029968261719 -0.0441818237304688 0.122909545898438
0.05712890625 0.0013275146484375 0.0439453125 -0.132591247558594
0.0259552001953125 -0.0523834228515625 0.00603103637695313 -0.0404930114746094
-0.0214385986328125 -0.044219970703125 0.0414695739746094 0.00740814208984375
-0.0438194274902344 -0.007080078125 0.077392578125 -0.034576416015625
-0.0343990325927734 0.0224342346191406 0.0479660034179687 -0.084442138671875
-0.0138740539550781 0.0395355224609375 0.00222015380859374 -0.107276916503906
-0.00480079650878906 0.0343799591064453 -0.0384063720703125 -0.09735107421875
-0.0122737884521484 0.0302543640136719 -0.0401992797851562 -0.0742416381835938
-0.0172004699707031 0.0294017791748047 -0.0297508239746094 -0.0601272583007812
-0.0288600921630859 0.0100593566894531 -0.0223808288574219 -0.0527763366699219
-0.029571533203125 -0.0163841247558594 -0.020538330078125 -0.0497550964355469
-0.00334548950195313 -0.0384979248046875 -0.0207443237304688 -0.0598640441894531
0.0415878295898438 -0.0320701599121094 -0.0202865600585937 -0.0860671997070313
0.0653877258300781 0.00203704833984375 -0.0190887451171875 -0.126762390136719
0.0597190856933594 0.03619384765625 -0.0172119140625 -0.1412353515625
0.05615234375 0.0611686706542969 0.0714187622070313 -0.124626159667969
0.0534934997558594 -0.00247955322265625 0.0222244262695313 -0.0372200012207031
0.0194664001464844 -0.0176620483398437 0.0515594482421875 0.0162353515625
0.000144958496093748 -0.0188674926757813 0.0894699096679688 -0.0309982299804688
-0.00678491592407227 -0.00608396530151367 0.06329345703125 -0.08526611328125
-0.00647497177124024 -0.00162649154663086 0.00811004638671874 -0.116958618164063
-0.0133743286132813 -0.00624847412109375 -0.035919189453125 -0.106155395507813
-0.0170631408691406 -0.00792121887207031 -0.040069580078125 -0.0751724243164062
-0.0204582214355469 -0.0121574401855469 -0.0318641662597656 -0.0633659362792969
-0.0165519714355469 -0.0265541076660156 -0.0224685668945312 -0.0525245666503906
0.00469207763671875 -0.0367774963378906 -0.0214805603027344 -0.041595458984375
0.0383529663085938 -0.0333213806152344 -0.0193214416503906 -0.0527267456054688
0.0664253234863281 0.007720947265625 -0.0237655639648437 -0.070953369140625
0.076812744140625 0.0519561767578125 -0.0219802856445313 -0.10968017578125
0.0527496337890625 0.0911331176757813 -0.0107345581054687 -0.119606018066406
0.038665771484375 0.115509033203125 0.0919570922851563 -0.091461181640625
0.0654716491699219 0.0523300170898438 0.0385246276855469 -0.0149993896484375
0.0606651306152344 0.0195999145507813 0.0607986450195313 0.0289077758789062
0.0493087768554688 -0.0146369934082031 0.101119995117187 -0.0205459594726562
0.0272350311279297 -0.0305976867675781 0.0757369995117188 -0.0769424438476563
0.0079345703125 -0.0403556823730469 0.018829345703125 -0.109512329101563
-0.0172767639160156 -0.0453071594238281 -0.02734375 -0.0999755859375
-0.01727294921875 -0.0429496765136719 -0.034088134765625 -0.0669937133789063
-0.0187530517578125 -0.0516204833984375 -0.0256538391113281 -0.0511817932128906
-0.00356674194335938 -0.0607147216796875 -0.0249176025390625 -0.0394821166992188
0.0329322814941406 -0.0592117309570313 -0.0227737426757813 -0.0278358459472656
0.0668678283691406 -0.0370140075683594 -0.021453857421875 -0.0392837524414062
0.0902862548828125 0.0312957763671875 -0.0298728942871094 -0.0534210205078125
0.0868682861328125 0.0902252197265625 -0.0218658447265625 -0.0815277099609375
0.0449447631835938 0.129356384277344 -0.00791168212890625 -0.0826263427734375
0.013916015625 0.154251098632813 0.0995635986328125 -0.042388916015625
0.0612716674804688 0.107437133789063 0.050079345703125 0.0216789245605469
0.0880050659179688 0.0689544677734375 0.0673065185546875 0.0460624694824219
0.0972213745117188 -0.00119781494140625 0.105308532714844 -0.0041961669921875
0.0646476745605469 -0.0428123474121094 0.08062744140625 -0.0565109252929687
0.0223312377929688 -0.0775604248046875 0.0300979614257813 -0.0943069458007813
-0.0136871337890625 -0.0757598876953125 -0.0136337280273438 -0.0810394287109375
-0.0157546997070313 -0.0714492797851563 -0.0258331298828125 -0.0483856201171875
-0.021026611328125 -0.0834732055664063 -0.0180282592773438 -0.0304737091064453
0.00173187255859375 -0.0862579345703125 -0.0236186981201172 -0.0224418640136719
0.0523910522460938 -0.077545166015625 -0.0247879028320312 -0.00522613525390625
0.0880966186523438 -0.04302978515625 -0.0237216949462891 -0.0199413299560547
0.10784912109375 0.0460128784179688 -0.0348129272460938 -0.0374374389648437
0.0919189453125 0.10699462890625 -0.0134429931640625 -0.0549087524414062
0.0344085693359375 0.148040771484375 -0.00548934936523437 -0.0378379821777344
-0.013092041015625 0.164932250976563 0.0968856811523438 0.0147933959960938
0.0378265380859375 0.140296936035156 0.0529937744140625 0.060943603515625
0.0909194946289063 0.106224060058594 0.0627098083496094 0.06817626953125
0.12213134765625 0.01837158203125 0.0983352661132813 0.0241775512695313
0.0954055786132813 -0.0458145141601563 0.0759429931640625 -0.0288009643554688
0.040313720703125 -0.0951309204101563 0.0358390808105469 -0.0597305297851563
-0.00983428955078126 -0.0967025756835938 -0.001007080078125 -0.05352783203125
-0.0119171142578125 -0.0893402099609375 -0.0145530700683594 -0.0208530426025391
-0.0194091796875 -0.102432250976563 -0.00576639175415039 -0.0040884017944336
0.00473785400390626 -0.102607727050781 -0.0181884765625 0.00646400451660155
0.0622177124023438 -0.0849990844726563 -0.0255031585693359 0.0152206420898437
0.0995101928710938 -0.04705810546875 -0.0302562713623047 -0.00218772888183593
0.110359191894531 0.0555648803710937 -0.0344524383544922 -0.0266742706298828
0.0846405029296875 0.117782592773437 -0.00148391723632812 -0.0315895080566406
0.017242431640625 0.14862060546875 -0.00375795364379883 0.00810909271240235
-0.0464935302734375 0.143417358398438 0.0810394287109375 0.0769882202148438
0.0040740966796875 0.144088745117188 0.04986572265625 0.103347778320313
0.0684127807617188 0.125236511230469 0.0524215698242188 0.0857162475585938
0.122993469238281 0.0440292358398438 0.0787582397460938 0.0462417602539063
0.100868225097656 -0.0350265502929688 0.0638999938964844 0.000427246093749998
0.0493392944335938 -0.0954971313476562 0.0362205505371094 -0.0246047973632813
-0.00126647949218749 -0.09759521484375 0.00993061065673828 -0.014521598815918
-0.00717163085937501 -0.0935745239257813 0.00130081176757813 0.00643157958984374
-0.0157852172851562 -0.106216430664063 0.00508308410644531 0.0247611999511719
0.00814056396484374 -0.104103088378906 -0.00997734069824219 0.0320396423339844
0.0677566528320313 -0.0873794555664063 -0.0248260498046875 0.0395584106445312
0.106155395507813 -0.0366439819335938 -0.0347328186035156 0.0117950439453125
0.0991058349609375 0.0638885498046875 -0.0340557098388672 -0.0196456909179688
0.0659103393554688 0.121200561523438 0.0104541778564453 -0.00954914093017577
-0.00836944580078126 0.136734008789062 -0.00598526000976563 0.0563011169433594
-0.0626907348632813 0.0930099487304688 0.0634613037109375 0.120765686035156
-0.0273590087890625 0.113441467285156 0.0354156494140625 0.128219604492188
0.0294418334960937 0.114959716796875 0.0393524169921875 0.0914306640625
0.0916671752929688 0.0528640747070312 0.0544052124023438 0.0572509765625
0.0898284912109375 -0.0173187255859375 0.04632568359375 0.0250167846679688
0.0507354736328125 -0.081207275390625 0.0306167602539063 0.00985336303710937
0.00374603271484376 -0.0890655517578125 0.0203094482421875 0.0171012878417969
-0.00453948974609375 -0.0827865600585938 0.0174064636230469 0.0350265502929687
-0.00765228271484375 -0.0951004028320313 0.0169715881347656 0.0549507141113281
0.01300048828125 -0.0968780517578125 -0.009063720703125 0.06402587890625
0.0651779174804688 -0.0754241943359375 -0.0293006896972656 0.059173583984375
0.093017578125 -0.0262069702148438 -0.0412368774414062 0.0244255065917969
0.0837020874023438 0.0707550048828125 -0.0357170104980469 -0.0129508972167969
0.0311050415039062 0.112998962402344 0.0152521133422852 0.00702381134033204
-0.0359039306640625 0.107254028320312 -0.0179290771484375 0.0954742431640625
-0.06756591796875 0.0302886962890625 0.0369720458984375 0.143402099609375
-0.0500640869140625 0.0592575073242188 0.02325439453125 0.1387939453125
-0.00739288330078125 0.0774383544921875 0.0331192016601563 0.0867843627929687
0.0533905029296875 0.0495719909667969 0.0346527099609375 0.0609664916992188
0.0603675842285156 0.00183486938476563 0.0245819091796875 0.0397071838378906
0.03973388671875 -0.050933837890625 0.0233497619628906 0.0353736877441406
0.0105209350585938 -0.0629119873046875 0.0239524841308594 0.0461158752441406
0.002655029296875 -0.0595130920410156 0.0291786193847656 0.0560989379882812
-0.000396728515625002 -0.0729446411132813 0.02618408203125 0.0790023803710938
0.0169601440429687 -0.0726699829101563 -0.00716400146484374 0.0860595703125
0.0528793334960938 -0.0542831420898438 -0.0352096557617188 0.0753631591796875
0.073272705078125 -0.012542724609375 -0.0492668151855469 0.0343475341796875
0.0513496398925781 0.0647506713867188 -0.0394935607910156 -0.00617599487304688
-0.00260162353515626 0.0914993286132813 0.00788688659667969 0.0270671844482422
-0.0562858581542969 0.0666694641113281 -0.0361785888671875 0.122200012207031
0.0551834106445313 -0.00092315673828125 0.0398941040039063 -0.132278442382813
0.0266876220703125 -0.0525283813476563 0.00392913818359375 -0.0402603149414063
-0.0227470397949219 -0.040740966796875 0.04058837890625 0.00786590576171875
-0.0426025390625 -0.00485229492187501 0.0738449096679688 -0.0345382690429688
-0.0314407348632813 0.0230216979980469 0.0481109619140625 -0.0842132568359375
-0.0107688903808594 0.0380363464355469 -0.00182342529296875 -0.106826782226562
-0.00310516357421875 0.0310745239257813 -0.0379486083984375 -0.0961837768554688
-0.0112533569335937 0.0285987854003906 -0.038421630859375 -0.070953369140625
-0.0153961181640625 0.0306835174560547 -0.0331649780273438 -0.0591468811035156
-0.0277137756347656 0.0124759674072266 -0.0253105163574219 -0.0487861633300781
-0.0292701721191406 -0.0151615142822266 -0.0237159729003906 -0.0472335815429688
-0.00476837158203125 -0.03753662109375 -0.0221443176269531 -0.0608139038085938
0.0396766662597656 -0.0331954956054688 -0.0174713134765625 -0.08612060546875
0.0637779235839844 -0.00262832641601562 -0.0204544067382813 -0.127265930175781
0.0601654052734375 0.0337448120117188 -0.0179290771484375 -0.1397705078125
0.0537452697753906 0.0577011108398437 0.0654220581054688 -0.123008728027344
0.0532035827636719 -0.0067596435546875 0.0192680358886719 -0.0347652435302734
0.018157958984375 -0.0175628662109375 0.0503196716308594 0.0142936706542969
9.53674316406247E-05 -0.0130472183227539 0.0877685546875 -0.0328903198242188
-0.00562953948974609 -0.0041346549987793 0.0590896606445313 -0.0853500366210938
-0.00609970092773438 -0.00140666961669922 0.00360870361328125 -0.113716125488281
-0.0119667053222656 -0.00601768493652344 -0.0368499755859375 -0.102630615234375
-0.0152206420898438 -0.00714778900146484 -0.0401611328125 -0.073028564453125
-0.0188369750976562 -0.0105133056640625 -0.0323219299316406 -0.060150146484375
-0.0147476196289063 -0.0249500274658203 -0.0266036987304687 -0.050537109375
0.00415420532226563 -0.035186767578125 -0.0239715576171875 -0.0415725708007812
0.0349502563476563 -0.0332412719726562 -0.0205841064453125 -0.0516815185546875
0.0658187866210938 0.00494766235351563 -0.0221023559570312 -0.0709762573242188
0.0764083862304688 0.0492706298828125 -0.0225296020507812 -0.107627868652344
0.0535125732421875 0.087066650390625 -0.0129013061523437 -0.118461608886719
0.0401382446289063 0.112052917480469 0.0865249633789063 -0.093017578125
0.0650634765625 0.0508308410644531 0.0350456237792969 -0.0154209136962891
0.0594863891601563 0.0187873840332031 0.0607833862304688 0.0279312133789062
0.0494155883789063 -0.0154571533203125 0.0995254516601563 -0.0220184326171875
0.0274410247802734 -0.0286960601806641 0.0717315673828125 -0.07635498046875
0.00529861450195313 -0.04229736328125 0.0145721435546875 -0.109039306640625
-0.0157852172851562 -0.0432777404785156 -0.030303955078125 -0.0965347290039063
-0.0176048278808594 -0.0411605834960938 -0.0364494323730469 -0.0653114318847656
-0.02093505859375 -0.0478630065917969 -0.0291366577148438 -0.0491142272949219
-0.00533676147460938 -0.0572662353515625 -0.0269584655761719 -0.0396842956542969
0.0297698974609375 -0.058013916015625 -0.0255088806152344 -0.0275058746337891
0.0651969909667969 -0.0383834838867188 -0.0246391296386719 -0.0384483337402344
0.0900039672851562 0.028076171875 -0.0294380187988281 -0.054229736328125
0.088470458984375 0.0842056274414063 -0.0225448608398438 -0.0814743041992188
0.0481338500976562 0.123558044433594 -0.0096282958984375 -0.0827178955078125
0.01654052734375 0.148468017578125 0.09649658203125 -0.0442733764648437
0.062225341796875 0.101295471191406 0.0475807189941406 0.0179710388183594
0.0890426635742188 0.0633468627929688 0.0660820007324219 0.0463752746582031
0.0940322875976563 -0.00447845458984375 0.105308532714844 -0.00171661376953125
0.0627174377441406 -0.0449104309082031 0.0778961181640625 -0.0570602416992187
0.01934814453125 -0.0745849609375 0.026153564453125 -0.0904388427734375
-0.0165481567382812 -0.07562255859375 -0.0173797607421875 -0.0796279907226563
-0.0169677734375 -0.0703353881835938 -0.026641845703125 -0.0475616455078125
-0.0226058959960937 -0.0801620483398438 -0.0201606750488281 -0.0292797088623047
-0.000679016113281256 -0.0839462280273438 -0.0246410369873047 -0.0199470520019531
0.0459671020507813 -0.0769729614257813 -0.0266323089599609 -0.00738143920898438
0.0860061645507813 -0.0469131469726563 -0.0284500122070312 -0.0223617553710938
0.106094360351563 0.039642333984375 -0.03314208984375 -0.038970947265625
0.0934066772460938 0.104133605957031 -0.0150718688964844 -0.0563087463378906
0.0388641357421875 0.144058227539063 -0.00658035278320313 -0.0396652221679687
-0.012481689453125 0.158889770507813 0.094757080078125 0.0130233764648438
0.0418472290039062 0.13525390625 0.0520668029785156 0.0597381591796875
0.0930862426757813 0.101280212402344 0.0630111694335938 0.0672378540039063
0.120903015136719 0.016937255859375 0.0966796875 0.020904541015625
0.0904769897460938 -0.048736572265625 0.0749435424804688 -0.029541015625
0.0344314575195313 -0.0948562622070313 0.0319328308105469 -0.0607070922851563
-0.0124740600585938 -0.0954666137695313 -0.00257492065429688 -0.0491676330566406
-0.0159454345703125 -0.0870513916015625 -0.0137081146240234 -0.0223045349121094
-0.0240249633789063 -0.099853515625 -0.0074620246887207 -0.00202655792236329
0.0016937255859375 -0.100051879882813 -0.0206279754638672 0.00643539428710937
0.0561370849609375 -0.0891265869140625 -0.0260829925537109 0.0158920288085937
0.0958786010742188 -0.0487213134765625 -0.0301113128662109 -0.00552940368652344
0.109565734863281 0.0485458374023438 -0.0336513519287109 -0.0266895294189453
0.0865097045898438 0.113990783691406 -0.00297355651855468 -0.0338039398193359
0.02142333984375 0.147262573242188 -0.00420713424682617 0.00868749618530274
-0.0401153564453125 0.140251159667969 0.0827865600585938 0.0695571899414063
0.00753021240234373 0.139694213867188 0.0473175048828125 0.0991744995117188
0.0731582641601563 0.121665954589844 0.0528411865234375 0.0834884643554688
0.122978210449219 0.0395965576171875 0.0782241821289063 0.042816162109375
0.100860595703125 -0.0379867553710938 0.0622673034667969 0.000812530517578123
0.0459060668945313 -0.0960693359375 0.0332145690917969 -0.0244216918945313
-0.00765991210937499 -0.09893798828125 0.00902938842773438 -0.0161848068237305
-0.0120010375976562 -0.0910720825195313 0.00220012664794922 0.00511646270751953
-0.0188369750976562 -0.1036376953125 0.0058441162109375 0.0258331298828125
0.00506591796875001 -0.105171203613281 -0.0135002136230469 0.0341415405273437
0.0619964599609375 -0.0880355834960938 -0.02569580078125 0.0394058227539062
0.0980453491210938 -0.0425186157226562 -0.0353775024414062 0.00904083251953125
0.103256225585938 0.0584259033203125 -0.03314208984375 -0.0184612274169922
0.0650787353515625 0.115966796875 0.00847625732421875 -0.010040283203125
-0.00202178955078125 0.1337890625 -0.00748443603515625 0.0539817810058594
-0.0577011108398437 0.0949783325195313 0.0625076293945312 0.115585327148438
-0.0237350463867188 0.111137390136719 0.0363388061523438 0.125556945800781
0.0351409912109375 0.111961364746094 0.0381240844726563 0.0879974365234375
0.0938262939453125 0.0495529174804688 0.0549468994140625 0.0546836853027344
0.0876617431640625 -0.0187149047851563 0.0433578491210938 0.0235671997070313
0.0452804565429688 -0.0790939331054688 0.0301227569580078 0.00876998901367187
-0.000495910644531255 -0.086456298828125 0.0202579498291016 0.01629638671875
-0.00598907470703124 -0.080535888671875 0.0158767700195313 0.0334072113037109
-0.01312255859375 -0.0935897827148438 0.0176506042480469 0.0530967712402344
0.00887298583984376 -0.0938491821289063 -0.00696182250976562 0.0604972839355469
0.0606536865234375 -0.0760574340820312 -0.0266075134277344 0.0609207153320312
0.091094970703125 -0.028533935546875 -0.0407562255859375 0.0237922668457031
0.0822296142578125 0.0649032592773438 -0.0340824127197266 -0.0116653442382813
0.0348052978515625 0.10888671875 0.0130414962768555 0.00839900970458985
-0.0300064086914063 0.106216430664063 -0.0150222778320312 0.0921554565429688
-0.0653839111328125 0.0342903137207031 0.0424652099609375 0.136802673339844
-0.0451011657714844 0.061279296875 0.0260086059570313 0.135398864746094
-0.00267791748046875 0.0759811401367188 0.0281600952148437 0.084991455078125
0.0517044067382813 0.0466346740722656 0.0361557006835938 0.0600738525390625
0.0601768493652344 -0.004119873046875 0.0273780822753906 0.0364303588867188
0.0373611450195312 -0.05224609375 0.0251083374023438 0.0339679718017578
0.00566101074218751 -0.0592727661132813 0.0267906188964844 0.0426368713378906
-0.000274658203124997 -0.0578231811523438 0.0288848876953125 0.0551300048828125
-0.00414276123046875 -0.0713043212890625 0.0272674560546875 0.07696533203125
0.0106544494628906 -0.0700302124023438 -0.00370025634765625 0.085968017578125
0.0521736145019531 -0.0541229248046875 -0.0319290161132813 0.077178955078125
0.0724258422851563 -0.0144882202148437 -0.0490188598632812 0.032257080078125
0.0533332824707031 0.064117431640625 -0.0385818481445313 -0.00639724731445312
0.00228881835937499 0.0871810913085937 0.0105628967285156 0.0259933471679688
-0.0532913208007813 0.066162109375 -0.0333633422851563 0.120307922363281
0.0531234741210938 -0.00160598754882812 0.03826904296875 -0.131797790527344
0.0258102416992187 -0.0521926879882813 0.00159072875976563 -0.0391159057617188
-0.0234527587890625 -0.0409011840820313 0.0404319763183594 0.00983810424804687
-0.0420074462890625 -0.00341033935546876 0.0746307373046875 -0.0337295532226563
-0.0301055908203125 0.0241546630859375 0.0476455688476563 -0.0830612182617187
-0.00967025756835937 0.0378532409667969 -0.00282287597656251 -0.10577392578125
-0.00307464599609375 0.0309429168701172 -0.0377349853515625 -0.0951309204101563
-0.008544921875 0.0290794372558594 -0.0391845703125 -0.0700607299804687
-0.0146560668945313 0.0302658081054688 -0.0333290100097656 -0.05718994140625
-0.0265903472900391 0.0131664276123047 -0.0255126953125 -0.0479469299316406
-0.0281276702880859 -0.0133953094482422 -0.0250320434570312 -0.0474700927734375
-0.00494003295898437 -0.0356025695800781 -0.0227851867675781 -0.0620574951171875
0.0384330749511719 -0.0321121215820313 -0.015960693359375 -0.0862579345703125
0.0636100769042969 -0.002166748046875 -0.0199356079101563 -0.126358032226563
0.0595855712890625 0.0320968627929688 -0.0191726684570312 -0.140304565429688
0.0527839660644531 0.0577468872070312 0.0624923706054688 -0.123626708984375
0.0510749816894531 -0.00621414184570313 0.0175743103027344 -0.0342369079589844
0.0189075469970703 -0.0168571472167969 0.0512924194335938 0.0152664184570313
-0.000786781311035157 -0.0140085220336914 0.0885009765625 -0.0317459106445313
-0.00493144989013672 -0.00410318374633789 0.060455322265625 -0.0844802856445312
-0.00529003143310547 -0.0016016960144043 0.00389862060546875 -0.112640380859375
-0.0105218887329102 -0.00695228576660156 -0.0380020141601562 -0.100837707519531
-0.014317512512207 -0.00687313079833984 -0.0407333374023438 -0.0715866088867188
-0.0175161361694336 -0.0106439590454102 -0.0336112976074219 -0.0579719543457031
-0.0144271850585938 -0.0232677459716797 -0.0264205932617187 -0.0484771728515625
0.00403594970703125 -0.0352783203125 -0.0244789123535156 -0.0422821044921875
0.0338821411132813 -0.0328388214111328 -0.0221939086914063 -0.0538520812988281
0.0643272399902344 0.00416946411132812 -0.0209884643554688 -0.071319580078125
0.07525634765625 0.0483856201171875 -0.0217819213867187 -0.107666015625
0.05438232421875 0.0860824584960938 -0.0130081176757812 -0.118827819824219
0.040130615234375 0.111106872558594 0.0837020874023437 -0.0947494506835938
0.0642013549804688 0.0488700866699219 0.0334968566894531 -0.0152950286865234
0.060394287109375 0.0189285278320313 0.0600967407226563 0.0286521911621094
0.04827880859375 -0.0150642395019531 0.0994796752929688 -0.0219497680664063
0.0278453826904297 -0.0297374725341797 0.0713882446289062 -0.0764007568359375
0.00485992431640625 -0.0415878295898438 0.0142593383789063 -0.10870361328125
-0.0157089233398438 -0.0438423156738281 -0.0302352905273438 -0.0960159301757813
-0.0172271728515625 -0.04144287109375 -0.0372390747070312 -0.0639686584472656
-0.0215644836425781 -0.0477752685546875 -0.0299110412597656 -0.0471687316894531
-0.00608062744140625 -0.0570411682128906 -0.0280609130859375 -0.0388526916503906
0.0284957885742188 -0.0577163696289063 -0.0270061492919922 -0.0275611877441406
0.0642776489257813 -0.0386772155761719 -0.0251693725585937 -0.0399551391601563
0.0888748168945313 0.0270156860351563 -0.0282974243164062 -0.0553665161132813
0.0879898071289063 0.0831680297851563 -0.021331787109375 -0.0827178955078125
0.0489273071289063 0.123146057128906 -0.0102157592773438 -0.0838165283203125
0.01788330078125 0.147491455078125 0.09527587890625 -0.0469131469726562
0.0619964599609375 0.0997085571289063 0.04620361328125 0.017608642578125
0.0888824462890625 0.062835693359375 0.0654525756835937 0.0479736328125
0.0937271118164063 -0.00522613525390625 0.103248596191406 -0.00284576416015625
0.0619888305664063 -0.0461158752441406 0.0766143798828125 -0.055511474609375
0.01824951171875 -0.0757827758789063 0.0250091552734375 -0.0900039672851563
-0.0172882080078125 -0.0748748779296875 -0.0184783935546875 -0.0778732299804687
-0.0183525085449219 -0.0690727233886719 -0.0279960632324219 -0.04583740234375
-0.0249099731445313 -0.0787811279296875 -0.020660400390625 -0.0281124114990234
-0.00242614746093749 -0.0841217041015625 -0.0264739990234375 -0.0185050964355469
0.0451278686523438 -0.0772705078125 -0.0280494689941406 -0.00752639770507813
0.0847244262695313 -0.04754638671875 -0.0296707153320313 -0.0234203338623047
0.106025695800781 0.0385284423828125 -0.0325202941894531 -0.0396156311035156
0.0936279296875 0.102584838867188 -0.0149688720703125 -0.0578193664550781
0.03741455078125 0.143173217773438 -0.00680923461914062 -0.0404930114746094
-0.0113525390625 0.158294677734375 0.0946273803710938 0.0115203857421875
0.04071044921875 0.135047912597656 0.0507965087890625 0.0579376220703125
0.0942916870117188 0.102317810058594 0.0615119934082031 0.0684700012207031
0.121513366699219 0.0148849487304688 0.0960540771484375 0.0216064453125
0.089599609375 -0.0486297607421875 0.0740127563476563 -0.027252197265625
0.0323715209960937 -0.0960006713867187 0.0325698852539062 -0.0601348876953125
-0.01416015625 -0.094329833984375 -0.00484848022460938 -0.0502777099609375
-0.0173110961914063 -0.086181640625 -0.0142440795898438 -0.0208492279052734
-0.0247344970703125 -0.0980224609375 -0.00853443145751953 -0.00206041336059571
-0.00109100341796874 -0.100135803222656 -0.0213050842285156 0.00699996948242187
0.0550918579101563 -0.0892791748046875 -0.0267715454101562 0.0159263610839844
0.0952682495117188 -0.0500411987304688 -0.0324993133544922 -0.00714492797851563
0.111564636230469 0.0473709106445312 -0.0335445404052734 -0.0281848907470703
0.087890625 0.112266540527344 -0.00294685363769531 -0.0349979400634766
0.0215301513671875 0.146621704101563 -0.00495052337646484 0.00620412826538087
-0.038238525390625 0.139114379882813 0.0826568603515625 0.0687332153320313
0.0089874267578125 0.138259887695313 0.0457916259765625 0.0975418090820313
0.07244873046875 0.121551513671875 0.0509567260742188 0.0844268798828125
0.12115478515625 0.036956787109375 0.0777587890625 0.042449951171875
0.0989913940429688 -0.0380783081054688 0.0607376098632813 0.00138473510742187
0.0430221557617188 -0.0967025756835938 0.033447265625 -0.0248565673828125
-0.00827026367187499 -0.09832763671875 0.00818252563476562 -0.0161724090576172
-0.012451171875 -0.08966064453125 0.000875473022460936 0.00689411163330078
-0.0220565795898438 -0.102188110351563 0.00521278381347656 0.0254287719726562
0.0015716552734375 -0.102767944335937 -0.0140838623046875 0.0349082946777344
0.0598602294921875 -0.0894622802734375 -0.0260505676269531 0.0394096374511719
0.0976104736328125 -0.044158935546875 -0.0356521606445312 0.00809478759765624
0.103675842285156 0.056793212890625 -0.0329761505126953 -0.0194721221923828
0.0666122436523437 0.114913940429688 0.0091390609741211 -0.0124902725219726
-0.00209045410156251 0.133949279785156 -0.00591659545898438 0.0521354675292969
-0.056182861328125 0.0944747924804688 0.0633544921875 0.114593505859375
-0.0228118896484375 0.110313415527344 0.035125732421875 0.12469482421875
0.03643798828125 0.110931396484375 0.0371475219726563 0.0902557373046875
0.0940780639648438 0.0478515625 0.0550193786621094 0.0567359924316406
0.0869216918945313 -0.0208053588867188 0.0434761047363281 0.0237083435058594
0.043731689453125 -0.0810546875 0.0300827026367188 0.00757789611816406
-0.0014801025390625 -0.0858612060546875 0.018707275390625 0.0169734954833984
-0.0072784423828125 -0.079986572265625 0.0153484344482422 0.0335979461669922
-0.014862060546875 -0.0932464599609375 0.0177993774414062 0.0533599853515625
0.006561279296875 -0.0932388305664063 -0.00824356079101562 0.0621757507324219
0.0583343505859375 -0.077178955078125 -0.0269279479980469 0.0599403381347656
0.0903091430664062 -0.0311737060546875 -0.0410842895507812 0.0221328735351563
0.0834884643554688 0.0640182495117188 -0.0349845886230469 -0.0119609832763672
0.0361175537109375 0.107681274414063 0.0140876770019531 0.00709533691406251
-0.0286636352539062 0.107154846191406 -0.0142440795898438 0.0917205810546875
-0.0633163452148438 0.0340347290039063 0.0434417724609375 0.137458801269531
-0.0442390441894531 0.0600242614746094 0.0252761840820313 0.133750915527344
-0.00122833251953125 0.0765914916992187 0.02703857421875 0.086029052734375
0.0521392822265625 0.044952392578125 0.0359039306640625 0.0609550476074219
0.0594863891601563 -0.004547119140625 0.0281524658203125 0.0379714965820313
0.0347404479980469 -0.0522994995117188 0.0258121490478516 0.0322399139404297
0.00359725952148438 -0.0599327087402344 0.0266647338867188 0.0429878234863281
-0.00122451782226562 -0.0573158264160156 0.0276527404785156 0.0557899475097656
-0.00531005859374999 -0.0695037841796875 0.0273666381835938 0.0760879516601562
0.0096893310546875 -0.0703125 -0.00447082519531249 0.0851974487304688
0.0506401062011719 -0.0557785034179688 -0.03106689453125 0.076446533203125
0.0720901489257813 -0.0145416259765625 -0.049652099609375 0.032806396484375
0.055419921875 0.0634841918945313 -0.0389747619628906 -0.00710678100585937
0.0026092529296875 0.0868453979492188 0.0102176666259766 0.0243892669677734
-0.0519485473632813 0.0652351379394531 -0.0309906005859375 0.120475769042969
0.05364990234375 -0.00135421752929688 0.0372543334960938 -0.133445739746094
0.0250282287597656 -0.0527420043945313 -9.15527343749996E-05 -0.0391845703125
-0.0242042541503906 -0.0404739379882813 0.0417633056640625 0.0122909545898437
-0.0430870056152344 -0.00234603881835938 0.0764923095703125 -0.0333099365234375
-0.0300445556640625 0.0244560241699219 0.049468994140625 -0.083892822265625
-0.00920486450195313 0.0387763977050781 -0.0030059814453125 -0.106193542480469
-0.0017547607421875 0.0311527252197266 -0.03887939453125 -0.0955734252929688
-0.00747108459472656 0.0304450988769531 -0.0398788452148438 -0.0703201293945313
-0.0134830474853516 0.0308170318603516 -0.03521728515625 -0.0568618774414063
-0.0258769989013672 0.0140342712402344 -0.0259742736816406 -0.0485954284667969
-0.0290718078613281 -0.0121231079101562 -0.0262565612792969 -0.04791259765625
-0.0057525634765625 -0.0351676940917969 -0.0247001647949219 -0.0646858215332031
0.0364532470703125 -0.0325736999511719 -0.0141372680664062 -0.0893783569335938
0.0638542175292969 -0.00292205810546875 -0.0194244384765625 -0.129440307617188
0.0611343383789063 0.0313377380371094 -0.02020263671875 -0.14312744140625
0.053619384765625 0.0588531494140625 0.0626144409179688 -0.126007080078125
0.0511856079101563 -0.00690841674804688 0.0158481597900391 -0.0347633361816406
0.0194683074951172 -0.0166282653808594 0.0515289306640625 0.0183296203613281
-0.000743865966796874 -0.0134487152099609 0.0898666381835938 -0.0318374633789063
-0.00408124923706055 -0.00348711013793945 0.0614776611328125 -0.0860366821289062
-0.00519704818725586 -0.00143003463745117 0.0042724609375 -0.114021301269531
-0.011448860168457 -0.00687313079833984 -0.038818359375 -0.102729797363281
-0.0136032104492188 -0.00687980651855469 -0.0420608520507813 -0.0725784301757813
-0.0182723999023438 -0.00963401794433594 -0.0349159240722656 -0.057952880859375
-0.0138301849365234 -0.0233364105224609 -0.0282402038574219 -0.0489501953125
0.004058837890625 -0.0344257354736328 -0.0259208679199219 -0.0428314208984375
0.0340919494628906 -0.032867431640625 -0.0228958129882812 -0.0562210083007813
0.0645561218261719 0.00423431396484375 -0.019561767578125 -0.0742263793945313
0.0762481689453125 0.0478439331054688 -0.0209274291992188 -0.110687255859375
0.0563201904296875 0.0867156982421875 -0.0138015747070313 -0.122688293457031
0.0413055419921875 0.112327575683594 0.0836944580078125 -0.09716796875
0.0647315979003906 0.0486335754394531 0.0325050354003906 -0.0152835845947266
0.0617485046386719 0.0198211669921875 0.06085205078125 0.0313606262207031
0.0489234924316406 -0.0154685974121094 0.100875854492188 -0.02105712890625
0.0282669067382813 -0.0301189422607422 0.0730819702148438 -0.0766067504882813
0.00376129150390625 -0.0418739318847656 0.0143814086914063 -0.110267639160156
-0.01617431640625 -0.0452804565429688 -0.0320663452148438 -0.0964889526367188
-0.0177230834960937 -0.04205322265625 -0.0386276245117188 -0.06341552734375
-0.0220947265625 -0.0481491088867188 -0.0312728881835937 -0.0472831726074219
-0.00679397583007812 -0.0573654174804687 -0.0305061340332031 -0.038055419921875
0.0283126831054687 -0.0590133666992187 -0.0289497375488281 -0.0279312133789063
0.0647964477539062 -0.0393295288085937 -0.027008056640625 -0.0432090759277344
0.0902328491210938 0.0270843505859375 -0.0278205871582031 -0.0577545166015625
0.0894393920898438 0.0833053588867188 -0.0209121704101562 -0.0858306884765625
0.0495452880859375 0.125732421875 -0.0110092163085937 -0.0871200561523437
0.0177154541015625 0.1495361328125 0.09564208984375 -0.0484619140625
0.06256103515625 0.101341247558594 0.0452346801757813 0.0175590515136719
0.0912551879882813 0.06402587890625 0.0649490356445313 0.0508270263671875
0.0955657958984375 -0.0064544677734375 0.105209350585937 -0.00107574462890625
0.0632514953613281 -0.0476493835449219 0.0787429809570313 -0.055267333984375
0.016632080078125 -0.0767822265625 0.0255813598632813 -0.0915603637695312
-0.0186004638671875 -0.0767440795898437 -0.0203018188476563 -0.078643798828125
-0.0195465087890625 -0.0704269409179688 -0.0293540954589844 -0.0449981689453125
-0.0264892578125 -0.079498291015625 -0.0229377746582031 -0.0276107788085938
-0.00404357910156251 -0.0845489501953125 -0.0283946990966797 -0.017822265625
0.0446319580078125 -0.079376220703125 -0.0299358367919922 -0.00845527648925782
0.0855865478515625 -0.048736572265625 -0.0313720703125 -0.0263900756835938
0.107505798339844 0.0385360717773438 -0.0327377319335937 -0.0423774719238281
0.0961990356445313 0.103477478027344 -0.0143508911132812 -0.0601692199707031
0.03955078125 0.146392822265625 -0.00754547119140625 -0.042388916015625
-0.010986328125 0.16119384765625 0.0954208374023438 0.0103073120117188
0.0416641235351562 0.136672973632813 0.0496063232421875 0.0584373474121094
0.0965805053710938 0.103935241699219 0.0613861083984375 0.0714645385742188
0.123069763183594 0.014068603515625 0.0977706909179688 0.023406982421875
0.0900650024414063 -0.0504074096679688 0.0756301879882813 -0.0269546508789063
0.0311203002929688 -0.0975418090820313 0.0324745178222656 -0.0616073608398438
-0.01580810546875 -0.0960693359375 -0.0060272216796875 -0.050750732421875
-0.0182342529296875 -0.087554931640625 -0.0161991119384766 -0.0207405090332031
-0.0270843505859375 -0.0995101928710938 -0.0103216171264648 -0.00158309936523438
-0.00225067138671875 -0.102485656738281 -0.0234317779541016 0.00881195068359374
0.0541915893554688 -0.0917892456054688 -0.0283699035644531 0.0165863037109375
0.0962295532226562 -0.051971435546875 -0.0349769592285156 -0.00850296020507812
0.113212585449219 0.0472030639648437 -0.0345478057861328 -0.0299739837646484
0.0901641845703125 0.11297607421875 -0.00302886962890624 -0.0365982055664062
0.022186279296875 0.148406982421875 -0.00521469116210937 0.00473022460937501
-0.037261962890625 0.14166259765625 0.0830307006835938 0.0699234008789063
0.00951385498046875 0.140037536621094 0.0458831787109375 0.0981521606445313
0.075225830078125 0.123374938964844 0.0503692626953125 0.087127685546875
0.123069763183594 0.0359649658203125 0.0790786743164063 0.0457534790039063
0.100318908691406 -0.0399246215820312 0.0619773864746094 0.00238037109375
0.0406265258789063 -0.0980911254882813 0.0343303680419922 -0.0257244110107422
-0.0102081298828125 -0.0998764038085937 0.00810527801513672 -0.0158901214599609
-0.0142135620117187 -0.0920944213867188 -0.000777721405029297 0.00787115097045898
-0.0243988037109375 -0.104331970214844 0.00460243225097656 0.0268421173095703
0.000152587890624998 -0.105133056640625 -0.0160446166992187 0.0368576049804687
0.0584259033203125 -0.0923614501953125 -0.0271873474121094 0.0400009155273437
0.0975112915039063 -0.0469741821289063 -0.037628173828125 0.00747299194335937
0.105697631835938 0.0568389892578125 -0.0342140197753906 -0.0211009979248047
0.06866455078125 0.115234375 0.00883865356445313 -0.0145502090454101
-0.0022430419921875 0.135986328125 -0.00628280639648438 0.0517234802246094
-0.055389404296875 0.0968780517578125 0.06402587890625 0.115257263183594
-0.021820068359375 0.112030029296875 0.034454345703125 0.126251220703125
0.0384445190429687 0.113365173339844 0.0363922119140625 0.0927963256835938
0.0960540771484375 0.0470123291015625 0.0550994873046875 0.0588607788085938
0.0877914428710938 -0.0230255126953125 0.0441436767578125 0.0259056091308594
0.0423202514648437 -0.0825729370117187 0.0306243896484375 0.00802993774414062
-0.003326416015625 -0.0868759155273437 0.0186405181884766 0.0169925689697266
-0.00868988037109375 -0.0805282592773438 0.0151786804199219 0.0348529815673828
-0.017181396484375 -0.094482421875 0.0175895690917969 0.0537109375
0.00466918945312499 -0.0946273803710937 -0.00865554809570313 0.0637969970703125
0.058380126953125 -0.0802230834960938 -0.0271797180175781 0.0607719421386719
0.0913467407226563 -0.0333786010742187 -0.0434379577636719 0.0217475891113281
0.0861358642578125 0.0636138916015625 -0.0358695983886719 -0.0136985778808594
0.03778076171875 0.108589172363281 0.0134181976318359 0.00605869293212891
-0.0289077758789062 0.1090087890625 -0.013885498046875 0.0929336547851563
-0.0630149841308594 0.0335884094238281 0.0451583862304687 0.139274597167969
-0.0444831848144531 0.0620574951171875 0.0242996215820312 0.135948181152344
-0.000457763671874999 0.0773239135742188 0.0257492065429687 0.0885238647460938
0.0537567138671875 0.0441703796386719 0.0365028381347656 0.0639610290527344
0.0592994689941406 -0.0057373046875 0.0297813415527344 0.0391006469726563
0.0338249206542969 -0.0534896850585938 0.0264663696289063 0.0318145751953125
0.00291824340820312 -0.0599403381347656 0.026885986328125 0.0430946350097656
-0.00273513793945313 -0.0578079223632813 0.0282783508300781 0.0566291809082031
-0.00726318359375 -0.0711441040039063 0.028228759765625 0.0768508911132813
0.00891876220703124 -0.0721054077148438 -0.00499725341796874 0.0875396728515625
0.0498466491699219 -0.0581932067871094 -0.0314559936523438 0.0778427124023438
0.0737075805664063 -0.0158920288085937 -0.0516586303710938 0.0329856872558594
0.0571327209472656 0.0632133483886719 -0.0404434204101562 -0.00823211669921875
0.0040435791015625 0.0878219604492188 0.0105361938476562 0.0232734680175781
-0.053436279296875 0.0667839050292969 -0.0312423706054688 0.122581481933594
0.0552558898925781 -0.00215911865234375 0.0347061157226563 -0.138557434082031
0.0235977172851563 -0.0550079345703125 -0.00206375122070313 -0.0382957458496094
-0.025390625 -0.0408706665039063 0.0442848205566406 0.0133934020996094
-0.0437889099121094 -0.0010223388671875 0.0788497924804688 -0.0353012084960938
-0.0292930603027344 0.0272350311279297 0.0496902465820312 -0.0883102416992188
-0.00761795043945312 0.040191650390625 -0.00448608398437501 -0.109230041503906
-0.000923156738281252 0.0318584442138672 -0.041900634765625 -0.097747802734375
-0.00606918334960937 0.0319576263427734 -0.042083740234375 -0.0715713500976563
-0.0120277404785156 0.032440185546875 -0.03692626953125 -0.058258056640625
-0.0257511138916016 0.0153064727783203 -0.0278816223144531 -0.0495986938476563
-0.0296840667724609 -0.0109348297119141 -0.0296211242675781 -0.0498809814453125
-0.00689125061035156 -0.0349082946777344 -0.0258636474609375 -0.067047119140625
0.0368804931640625 -0.0341606140136719 -0.0144500732421875 -0.0933303833007812
0.06475830078125 -0.004730224609375 -0.0205917358398438 -0.13427734375
0.0639915466308594 0.0310325622558594 -0.0231781005859375 -0.148773193359375
0.0558242797851563 0.0592994689941406 0.0606765747070313 -0.131851196289063
0.0513420104980469 -0.00846481323242188 0.0144863128662109 -0.0348720550537109
0.01953125 -0.0177440643310547 0.0537033081054687 0.01947021484375
8.9645385742189E-05 -0.0130624771118164 0.09234619140625 -0.0340347290039063
-0.0045928955078125 -0.00359153747558594 0.0631790161132813 -0.0894012451171875
-0.00464200973510742 -0.00150012969970703 0.00234222412109376 -0.117095947265625
-0.0112199783325195 -0.0076913833618164 -0.0423507690429687 -0.104209899902344
-0.0133991241455078 -0.00659847259521484 -0.0451126098632813 -0.0727310180664063
-0.0180931091308594 -0.00908088684082031 -0.0378570556640625 -0.0581283569335938
-0.0149993896484375 -0.0233325958251953 -0.0312690734863281 -0.0503807067871094
0.00313568115234375 -0.0346088409423828 -0.0292167663574219 -0.0439834594726563
0.0343189239501953 -0.0341358184814453 -0.0265045166015625 -0.0590286254882813
0.0662651062011719 0.00401687622070313 -0.0203933715820313 -0.0785751342773438
0.0790863037109375 0.0484542846679688 -0.0222549438476563 -0.114570617675781
0.0589447021484375 0.0875778198242188 -0.0166244506835938 -0.127601623535156
0.043975830078125 0.115798950195313 0.0830459594726563 -0.101844787597656
0.066986083984375 0.0486068725585937 0.0317115783691406 -0.0159778594970703
0.0638923645019531 0.0199089050292969 0.0634956359863281 0.0330581665039063
0.0500335693359375 -0.0167236328125 0.104072570800781 -0.0224533081054688
0.0289516448974609 -0.0318088531494141 0.0745925903320313 -0.0799102783203125
0.00250625610351563 -0.043914794921875 0.0128402709960937 -0.113189697265625
-0.0186805725097656 -0.04656982421875 -0.0350570678710937 -0.0985641479492187
-0.0181694030761719 -0.0422134399414063 -0.0415115356445313 -0.0629043579101563
-0.0239410400390625 -0.0489883422851563 -0.03460693359375 -0.0475349426269531
-0.00885009765625 -0.0585479736328125 -0.0333023071289063 -0.0381622314453125
0.0278854370117187 -0.0604629516601563 -0.0317268371582031 -0.0292701721191406
0.0654716491699219 -0.0416374206542969 -0.0302658081054687 -0.0454750061035156
0.0929107666015625 0.0266952514648437 -0.0282173156738281 -0.06146240234375
0.0933914184570313 0.0840072631835938 -0.0220108032226562 -0.0895538330078125
0.0535736083984375 0.128898620605469 -0.0137100219726563 -0.0908584594726563
0.0202789306640625 0.154037475585938 0.0963592529296875 -0.0527572631835937
0.06549072265625 0.103034973144531 0.0450172424316406 0.0179061889648438
0.0955734252929688 0.0648117065429688 0.0676078796386719 0.0532073974609375
0.0977630615234375 -0.0087738037109375 0.108963012695312 -0.00196075439453125
0.0635299682617188 -0.0507011413574219 0.0804977416992187 -0.0586318969726562
0.0149307250976562 -0.07940673828125 0.0244522094726562 -0.0941696166992188
-0.0207290649414063 -0.0784225463867188 -0.0235214233398438 -0.0796966552734375
-0.0212860107421875 -0.0715179443359375 -0.0321273803710937 -0.0442314147949219
-0.0296096801757813 -0.0813674926757813 -0.0251808166503906 -0.0268611907958984
-0.00653076171875 -0.0868301391601562 -0.03125 -0.0173931121826172
0.0430450439453125 -0.083343505859375 -0.0325698852539063 -0.00747489929199219
0.0858306884765625 -0.0522384643554688 -0.0347995758056641 -0.0282688140869141
0.111915588378906 0.0382766723632813 -0.03436279296875 -0.0453338623046875
0.101242065429688 0.103691101074219 -0.0152015686035156 -0.0639114379882813
0.0433502197265625 0.15081787109375 -0.00958633422851562 -0.0445899963378906
-0.0084228515625 0.16619873046875 0.0966644287109375 0.00730895996093751
0.0444793701171875 0.138603210449219 0.0500946044921875 0.0590934753417969
0.102249145507812 0.105560302734375 0.0636520385742188 0.0747528076171875
0.127357482910156 0.0113677978515625 0.101654052734375 0.0237655639648437
0.091827392578125 -0.0539016723632812 0.0780181884765625 -0.0284576416015625
0.0293197631835938 -0.100921630859375 0.0316734313964844 -0.0645370483398438
-0.0194244384765625 -0.098480224609375 -0.00772094726562501 -0.0520744323730469
-0.0210342407226562 -0.0895767211914062 -0.0181694030761719 -0.0187435150146484
-0.0316085815429687 -0.101646423339844 -0.0110273361206055 -0.000905036926269538
-0.00569915771484375 -0.104400634765625 -0.0248985290527344 0.00996589660644531
0.0528106689453125 -0.096923828125 -0.0304832458496094 0.0167140960693359
0.0975570678710938 -0.0561065673828125 -0.0375289916992187 -0.00932693481445312
0.118324279785156 0.0470428466796875 -0.0360374450683594 -0.0317649841308594
0.0944747924804687 0.114471435546875 -0.00322341918945312 -0.0397453308105469
0.0264434814453125 0.154632568359375 -0.00562477111816406 0.00478267669677735
-0.03619384765625 0.147659301757813 0.086334228515625 0.0683975219726563
0.01202392578125 0.143798828125 0.0458908081054688 0.0996017456054688
0.0806503295898438 0.12628173828125 0.052215576171875 0.090545654296875
0.127899169921875 0.032989501953125 0.081878662109375 0.0465164184570313
0.101608276367187 -0.043487548828125 0.0641212463378906 0.00341415405273437
0.0382919311523438 -0.102920532226563 0.0351753234863281 -0.0270729064941406
-0.0128936767578125 -0.102508544921875 0.00681018829345703 -0.0171403884887695
-0.0177459716796875 -0.0937576293945312 -0.00125408172607422 0.00891685485839843
-0.0292892456054687 -0.107040405273437 0.00431442260742187 0.0285530090332031
-0.00347900390625 -0.107940673828125 -0.0165824890136719 0.03924560546875
0.0572967529296875 -0.0972518920898438 -0.0276374816894531 0.0407562255859375
0.0993423461914063 -0.0515823364257812 -0.0405960083007813 0.00764846801757811
0.110359191894531 0.0562362670898437 -0.0362358093261719 -0.0216560363769531
0.0740966796875 0.116813659667969 0.00786685943603516 -0.0165071487426758
0.00112915039062502 0.141265869140625 -0.00581741333007813 0.0525550842285156
-0.0554275512695312 0.101173400878906 0.067596435546875 0.116836547851563
-0.0205307006835938 0.115196228027344 0.0362091064453125 0.129173278808594
0.0425186157226563 0.116706848144531 0.038055419921875 0.09625244140625
0.100082397460938 0.045623779296875 0.0579261779785156 0.0614738464355469
0.0900039672851563 -0.02587890625 0.0469131469726563 0.0269775390625
0.0402984619140625 -0.085479736328125 0.0325489044189453 0.00666809082031249
-0.00720977783203124 -0.0893325805664063 0.0193290710449219 0.0173149108886719
-0.011993408203125 -0.0834808349609375 0.0156173706054687 0.0363502502441406
-0.0218887329101563 -0.0974197387695312 0.0190391540527344 0.0563888549804687
0.0011444091796875 -0.0977020263671875 -0.00917816162109375 0.0667877197265625
0.0566482543945313 -0.0854873657226563 -0.0280876159667969 0.0629997253417969
0.0927276611328125 -0.0372238159179688 -0.0458869934082031 0.0217132568359375
0.0908432006835938 0.063934326171875 -0.038604736328125 -0.014556884765625
0.04180908203125 0.110725402832031 0.0147762298583984 0.00401401519775391
-0.0283050537109375 0.11370849609375 -0.0120925903320313 0.0949935913085938
-0.0637969970703125 0.0372390747070313 0.04840087890625 0.142913818359375
-0.0439567565917969 0.0642509460449219 0.0262680053710937 0.140518188476563
0.0018310546875 0.080596923828125 0.0268020629882813 0.0923004150390625
0.0568885803222656 0.043182373046875 0.0381278991699219 0.0666999816894531
0.0607452392578125 -0.00834274291992188 0.0317115783691406 0.0405197143554688
0.0319900512695313 -0.0564956665039062 0.0288219451904297 0.0322818756103516
0.000576019287109375 -0.0618934631347656 0.0289230346679688 0.043792724609375
-0.00447463989257812 -0.060302734375 0.0287322998046875 0.057830810546875
-0.0107269287109375 -0.0723190307617187 0.0298233032226562 0.080047607421875
0.00568389892578126 -0.0736465454101563 -0.00398254394531249 0.0901565551757813
0.0490989685058594 -0.0626411437988281 -0.0315933227539062 0.0807342529296875
0.0751571655273438 -0.019500732421875 -0.0538177490234375 0.0345878601074219
0.0601997375488281 0.0631332397460938 -0.0425148010253906 -0.00955581665039062
0.00602722167968749 0.0904617309570313 0.0122718811035156 0.0229644775390625
-0.0529899597167969 0.0698356628417969 -0.0290069580078125 0.126205444335938
0.0556221008300781 -0.00399398803710938 0.02874755859375 -0.143280029296875
0.0202980041503906 -0.0570259094238281 -0.00465774536132812 -0.0383949279785156
-0.0280303955078125 -0.0407295227050781 0.0465736389160156 0.0138168334960937
-0.0440902709960938 0.00202560424804687 0.0804443359375 -0.0387039184570313
-0.0281715393066406 0.029083251953125 0.0479736328125 -0.0924911499023438
-0.005340576171875 0.0416679382324219 -0.00846099853515626 -0.111656188964844
0.00128936767578125 0.0327568054199219 -0.0466842651367187 -0.0982513427734375
-0.00346565246582031 0.0322685241699219 -0.045745849609375 -0.0711746215820313
-0.00941276550292969 0.0339870452880859 -0.0405769348144531 -0.0570487976074219
-0.0251674652099609 0.0174026489257813 -0.031158447265625 -0.0502433776855469
-0.0299015045166016 -0.00897789001464844 -0.0329170227050781 -0.0503578186035156
-0.0090484619140625 -0.0348472595214844 -0.0299568176269531 -0.0685272216796875
0.035797119140625 -0.0367507934570313 -0.0164108276367188 -0.0961456298828125
0.0661811828613281 -0.00736236572265625 -0.0255508422851562 -0.137496948242188
0.0666313171386719 0.0286483764648438 -0.03045654296875 -0.152725219726563
0.0589332580566406 0.0592918395996094 0.0552978515625 -0.138015747070313
0.050537109375 -0.0103187561035156 0.0121078491210938 -0.0360488891601563
0.0196514129638672 -0.0184135437011719 0.0572013854980469 0.0196456909179688
-0.000673294067382813 -0.0131320953369141 0.0945053100585938 -0.0372467041015625
-0.0041661262512207 -0.00327444076538086 0.0606689453125 -0.0941238403320313
-0.00517559051513672 -0.00132942199707031 -0.00238037109375001 -0.120529174804688
-0.0115900039672852 -0.0079183578491211 -0.047027587890625 -0.104789733886719
-0.0130834579467773 -0.00578594207763672 -0.049346923828125 -0.0716400146484375
-0.0184326171875 -0.00852775573730469 -0.0418853759765625 -0.0576324462890625
-0.0161514282226563 -0.0223121643066406 -0.0353546142578125 -0.0495948791503906
0.00249862670898438 -0.0355567932128906 -0.0332107543945313 -0.0448341369628906
0.0335044860839844 -0.0359954833984375 -0.0298538208007813 -0.0613250732421875
0.0667495727539062 0.00173568725585937 -0.0222320556640625 -0.0811920166015625
0.082427978515625 0.045562744140625 -0.0269927978515625 -0.118843078613281
0.0643539428710938 0.087738037109375 -0.0225372314453125 -0.13134765625
0.0493087768554687 0.117210388183594 0.0803604125976562 -0.108726501464844
0.0689659118652344 0.046905517578125 0.0304012298583984 -0.0174312591552734
0.0664329528808594 0.0176200866699219 0.0665168762207031 0.0337142944335938
0.0509834289550781 -0.019287109375 0.1064453125 -0.0256881713867188
0.0282459259033203 -0.0335407257080078 0.07391357421875 -0.084259033203125
0.000381469726562496 -0.0447273254394531 0.00976562499999999 -0.116226196289063
-0.0210609436035156 -0.0469856262207031 -0.0405807495117187 -0.0985946655273438
-0.0203514099121094 -0.0423736572265625 -0.045684814453125 -0.0615119934082031
-0.0268211364746094 -0.0486717224121094 -0.038238525390625 -0.0465812683105469
-0.0108985900878906 -0.0588874816894531 -0.036956787109375 -0.03692626953125
0.025543212890625 -0.0635299682617188 -0.0351905822753906 -0.0294952392578125
0.0651817321777344 -0.0452117919921875 -0.0344772338867187 -0.0470962524414062
0.0963973999023437 0.0243453979492187 -0.0308494567871094 -0.0638275146484375
0.098907470703125 0.0819244384765625 -0.0254745483398438 -0.0928878784179688
0.05999755859375 0.129966735839844 -0.0181198120117187 -0.0937271118164062
0.02667236328125 0.157135009765625 0.0953216552734375 -0.0588226318359375
0.0694198608398438 0.102218627929688 0.0447044372558594 0.0159378051757813
0.101028442382813 0.0621871948242188 0.0706710815429688 0.0540313720703125
0.0999755859375 -0.012725830078125 0.111480712890625 -0.0053253173828125
0.0634689331054688 -0.0543708801269531 0.0821075439453125 -0.0619049072265625
0.011383056640625 -0.0816726684570313 0.021881103515625 -0.097625732421875
-0.0258026123046875 -0.0796127319335938 -0.0272598266601562 -0.0800094604492187
-0.0249786376953125 -0.0723342895507813 -0.0356864929199219 -0.0420303344726563
-0.0343017578125 -0.0811614990234375 -0.0284233093261719 -0.025726318359375
-0.0107879638671875 -0.08758544921875 -0.0340499877929688 -0.0152950286865234
0.0400924682617188 -0.0873794555664063 -0.0353507995605469 -0.00677490234375
0.08575439453125 -0.0572891235351563 -0.0390281677246094 -0.0283164978027344
0.116455078125 0.0347442626953125 -0.0365943908691406 -0.0471038818359375
0.107559204101563 0.102325439453125 -0.0181999206542969 -0.0670242309570313
0.0501251220703125 0.152816772460937 -0.0119285583496094 -0.0467605590820312
-0.002899169921875 0.17041015625 0.0982589721679688 0.00297546386718751
0.0498733520507812 0.139495849609375 0.051727294921875 0.0580101013183594
0.108955383300781 0.104507446289063 0.0668487548828125 0.0760955810546875
0.130615234375 0.005523681640625 0.104454040527344 0.0216751098632813
0.0907363891601563 -0.0600128173828125 0.079376220703125 -0.03076171875
0.024383544921875 -0.103645324707031 0.030914306640625 -0.0668067932128906
-0.0244979858398437 -0.100242614746094 -0.0107803344726563 -0.0512657165527344
-0.026458740234375 -0.0901336669921875 -0.0205192565917969 -0.0167675018310547
-0.038299560546875 -0.101570129394531 -0.013188362121582 0.00054836273193359
-0.0111007690429688 -0.106033325195313 -0.0265522003173828 0.0127239227294922
0.0484161376953125 -0.101631164550781 -0.0320930480957031 0.0178966522216797
0.0966720581054688 -0.0626678466796875 -0.0412521362304687 -0.00931930541992187
0.12335205078125 0.0427398681640625 -0.0386772155761719 -0.0330429077148438
0.102500915527344 0.112953186035156 -0.00532913208007812 -0.0422019958496094
0.0328826904296875 0.157623291015625 -0.00607824325561523 0.00358533859252931
-0.031158447265625 0.152389526367188 0.0887451171875 0.0661468505859375
0.0175628662109375 0.145904541015625 0.04962158203125 0.100288391113281
0.088134765625 0.126548767089844 0.0555267333984375 0.092041015625
0.132377624511719 0.0280380249023438 0.08563232421875 0.0464096069335938
0.101799011230469 -0.049560546875 0.0671920776367188 0.00159072875976562
0.0339508056640625 -0.106620788574219 0.0349483489990234 -0.0292148590087891
-0.0193710327148437 -0.104331970214844 0.00553417205810547 -0.0167627334594727
-0.0229568481445313 -0.0948257446289063 -0.0017843246459961 0.0106296539306641
-0.0362091064453125 -0.107772827148438 0.00456809997558593 0.0292377471923828
-0.00937652587890625 -0.109786987304688 -0.0160942077636719 0.0419425964355469
0.0530624389648437 -0.102912902832031 -0.0278396606445313 0.0427818298339844
0.0988540649414062 -0.0576553344726562 -0.0440444946289062 0.00896453857421875
0.115707397460938 0.0529098510742188 -0.0387535095214844 -0.0232582092285156
0.0803985595703125 0.116287231445313 0.00790977478027344 -0.019317626953125
0.00570678710937499 0.146026611328125 -0.00414276123046875 0.0529556274414063
-0.0526046752929687 0.106307983398438 0.0733718872070313 0.116676330566406
-0.0167617797851562 0.119247436523437 0.0408096313476562 0.130805969238281
0.0489730834960938 0.118362426757813 0.0416641235351563 0.0986785888671875
0.10455322265625 0.04119873046875 0.0619773864746094 0.0620307922363281
0.090118408203125 -0.0313796997070313 0.0496330261230469 0.0268478393554688
0.0359954833984375 -0.089385986328125 0.0333499908447266 0.00598144531249999
-0.0114212036132813 -0.0911407470703125 0.0204219818115234 0.0175933837890625
-0.0169830322265625 -0.084381103515625 0.0169296264648437 0.0373306274414062
-0.0282440185546875 -0.0984115600585938 0.0211067199707031 0.0569419860839844
-0.00444030761718749 -0.099639892578125 -0.007171630859375 0.0695648193359375
0.0529937744140625 -0.0902862548828125 -0.0263710021972656 0.0650520324707031
0.0926361083984375 -0.0432357788085938 -0.0479469299316406 0.0242385864257812
0.09600830078125 0.0609970092773437 -0.0408706665039062 -0.0142135620117187
0.047882080078125 0.111053466796875 0.014674186706543 0.00283813476562501
-0.0232467651367188 0.118324279785156 -0.00888824462890624 0.0971221923828125
-0.0638236999511719 0.0407066345214844 0.055389404296875 0.1439208984375
-0.042327880859375 0.0677452087402344 0.0303955078125 0.143157958984375
0.00647735595703125 0.0832977294921875 0.0295944213867188 0.0950469970703125
0.0602455139160156 0.0405311584472656 0.0419731140136719 0.0680007934570313
0.0611839294433594 -0.0114173889160156 0.0345687866210938 0.0411453247070312
0.0297279357910156 -0.0583419799804688 0.0308704376220703 0.0322437286376953
-0.00292968749999999 -0.0629348754882813 0.0310134887695313 0.04412841796875
-0.0084228515625 -0.0606956481933594 0.0320968627929688 0.05865478515625
-0.0158004760742187 -0.0738983154296875 0.0340118408203125 0.0801544189453125
0.00150299072265624 -0.0754013061523437 -0.000808715820312508 0.093719482421875
0.0468330383300781 -0.0661582946777344 -0.0291671752929687 0.0837783813476563
0.0755996704101562 -0.0239715576171875 -0.0549125671386719 0.0366439819335938
0.0645942687988281 0.0614433288574219 -0.0448951721191406 -0.00848007202148436
0.00988006591796874 0.0912551879882813 0.0137557983398437 0.0221309661865234
-0.05072021484375 0.0738143920898437 -0.0237045288085938 0.129364013671875
0.0556373596191406 -0.00634002685546875 0.0215606689453125 -0.145217895507813
0.0162010192871094 -0.0582618713378906 -0.00767898559570313 -0.0376663208007813
-0.0301628112792969 -0.0399017333984375 0.0484428405761719 0.0129890441894531
-0.0433845520019531 0.00388336181640624 0.08013916015625 -0.0418243408203125
-0.0256137847900391 0.0303153991699219 0.0444869995117188 -0.094879150390625
-0.00197219848632813 0.0416679382324219 -0.0129241943359375 -0.1114501953125
0.00318145751953125 0.0317592620849609 -0.051361083984375 -0.0971908569335938
-0.000877380371093751 0.0320644378662109 -0.0486793518066406 -0.0691947937011719
-0.00675773620605469 0.0347461700439453 -0.0440597534179688 -0.055572509765625
-0.0232715606689453 0.0193405151367188 -0.0339851379394531 -0.0494194030761719
-0.0292892456054688 -0.0066986083984375 -0.0366706848144531 -0.049224853515625
-0.0102462768554688 -0.0337333679199219 -0.0331001281738281 -0.0688095092773437
0.0332870483398438 -0.0379638671875 -0.0198898315429687 -0.0973892211914062
0.0650634765625 -0.0106620788574219 -0.0303573608398437 -0.13739013671875
0.0677261352539063 0.0250701904296875 -0.036865234375 -0.152969360351563
0.06170654296875 0.0577621459960938 0.048858642578125 -0.141921997070313
0.0487327575683594 -0.0129661560058594 0.00895309448242188 -0.0362396240234375
0.0189266204833984 -0.0193805694580078 0.05877685546875 0.0189781188964844
-0.000666618347167969 -0.0124301910400391 0.0937118530273438 -0.0408096313476563
-0.0041959285736084 -0.00284194946289062 0.05780029296875 -0.0976181030273438
-0.00488853454589844 -0.000492095947265625 -0.00734710693359376 -0.120391845703125
-0.0119600296020508 -0.007110595703125 -0.0521774291992188 -0.102577209472656
-0.0120906829833984 -0.00572490692138672 -0.0525016784667969 -0.0688362121582031
-0.0175514221191406 -0.00752449035644531 -0.0455703735351563 -0.0553359985351562
-0.0164527893066406 -0.0207633972167969 -0.0381889343261719 -0.0480575561523438
0.000646591186523436 -0.0344181060791016 -0.0368537902832031 -0.0433425903320313
0.0319900512695313 -0.0369224548339844 -0.0335807800292969 -0.0612525939941406
0.0668830871582031 -0.0003204345703125 -0.024993896484375 -0.0830612182617188
0.084625244140625 0.0419158935546875 -0.0310134887695312 -0.118911743164063
0.0685882568359375 0.085113525390625 -0.02880859375 -0.132057189941406
0.0542526245117188 0.11639404296875 0.0736923217773438 -0.113677978515625
0.0692977905273438 0.0436515808105469 0.0281848907470703 -0.0181922912597656
0.0680122375488281 0.0148582458496094 0.06829833984375 0.0331039428710937
0.0499305725097656 -0.0216217041015625 0.106437683105469 -0.0296859741210938
0.0268192291259766 -0.0350914001464844 0.0714111328125 -0.0876235961914063
-0.0016326904296875 -0.0448112487792969 0.00405120849609376 -0.117042541503906
-0.0239639282226562 -0.0460052490234375 -0.0451278686523438 -0.0969009399414062
-0.0220413208007813 -0.041595458984375 -0.048370361328125 -0.0586090087890625
-0.0290145874023437 -0.0479507446289063 -0.0412864685058594 -0.0437469482421875
-0.0139999389648437 -0.0575065612792969 -0.0394210815429687 -0.0348587036132813
0.0226211547851563 -0.06414794921875 -0.0383071899414063 -0.027740478515625
0.063201904296875 -0.0478324890136719 -0.0381050109863281 -0.047210693359375
0.0972213745117188 0.0205764770507812 -0.0329055786132813 -0.0651779174804688
0.102912902832031 0.07794189453125 -0.0294036865234375 -0.093780517578125
0.0654449462890625 0.128273010253906 -0.0226669311523437 -0.0946807861328125
0.0333404541015625 0.15826416015625 0.0912628173828125 -0.064727783203125
0.0726470947265625 0.0994033813476563 0.043975830078125 0.0142707824707031
0.104301452636719 0.0587158203125 0.0735244750976563 0.0537490844726563
0.099395751953125 -0.0178909301757813 0.112289428710938 -0.00832366943359375
0.0604705810546875 -0.0569381713867188 0.0801849365234375 -0.0648956298828125
0.006805419921875 -0.0820465087890625 0.0177536010742188 -0.0990447998046875
-0.029876708984375 -0.07879638671875 -0.0318679809570312 -0.0786514282226563
-0.0283050537109375 -0.0710601806640625 -0.03778076171875 -0.0395278930664063
-0.0392990112304687 -0.0795974731445313 -0.0300865173339844 -0.0237789154052734
-0.0154190063476562 -0.0870208740234375 -0.0364646911621094 -0.0125770568847656
0.0351638793945312 -0.090057373046875 -0.0372314453125 -0.0060882568359375
0.0828170776367188 -0.0609054565429688 -0.0415267944335937 -0.0281333923339844
0.118553161621094 0.0306015014648437 -0.0388603210449219 -0.0476875305175781
0.112335205078125 0.0978622436523438 -0.0209503173828125 -0.0684165954589844
0.05694580078125 0.151947021484375 -0.0154457092285156 -0.0474395751953125
0.004852294921875 0.172409057617188 0.0973358154296875 -0.00189208984374999
0.0554351806640625 0.137222290039063 0.0522232055664063 0.0564765930175781
0.114982604980469 0.100975036621094 0.0703125 0.0754013061523438
0.130569458007813 -0.0003662109375 0.106010437011719 0.0188751220703125
0.088134765625 -0.0633621215820313 0.0794601440429688 -0.0334091186523438
0.0182876586914062 -0.105300903320313 0.0276947021484375 -0.068695068359375
-0.030181884765625 -0.099212646484375 -0.0142936706542969 -0.0502128601074219
-0.030609130859375 -0.0898361206054688 -0.0212993621826172 -0.0157756805419922
-0.0448760986328125 -0.100006103515625 -0.0140304565429688 0.00180053710937499
-0.0172882080078125 -0.104911804199219 -0.0273551940917969 0.0150032043457031
0.0423965454101563 -0.104873657226563 -0.0326900482177734 0.0192413330078125
0.0934295654296875 -0.0672760009765625 -0.0439682006835937 -0.00782394409179688
0.126106262207031 0.0376205444335938 -0.0408248901367187 -0.0330581665039063
0.107505798339844 0.108100891113281 -0.00719451904296874 -0.0444374084472656
0.039794921875 0.157867431640625 -0.00698995590209961 0.00309705734252931
-0.024505615234375 0.155487060546875 0.0914230346679687 0.0613784790039062
0.0233612060546875 0.145050048828125 0.051910400390625 0.098388671875
0.0953292846679688 0.12396240234375 0.058807373046875 0.0922317504882813
0.132804870605469 0.0217666625976563 0.0880279541015625 0.043670654296875
0.099334716796875 -0.0539474487304688 0.0681381225585937 -0.00144577026367188
0.0280609130859375 -0.10711669921875 0.032989501953125 -0.0310020446777344
-0.0253829956054688 -0.103279113769531 0.00453662872314453 -0.0162801742553711
-0.0276336669921875 -0.0934982299804688 -0.00194835662841797 0.0127124786376953
-0.043487548828125 -0.105583190917969 0.00507926940917968 0.0297412872314453
-0.015960693359375 -0.109169006347656 -0.0153427124023438 0.0442047119140625
0.0463409423828125 -0.106834411621094 -0.0272598266601562 0.0445213317871094
0.0960617065429688 -0.063018798828125 -0.0456008911132812 0.0110321044921875
0.119140625 0.0471954345703125 -0.0410385131835938 -0.0222740173339844
0.0867691040039062 0.112434387207031 0.0059642791748047 -0.0209064483642578
0.01287841796875 0.146957397460938 -0.00194931030273437 0.0528297424316406
-0.0480728149414062 0.108604431152344 0.0770339965820313 0.113204956054687
-0.0118942260742188 0.119796752929688 0.0446319580078125 0.129936218261719
0.0552215576171875 0.117744445800781 0.0444793701171875 0.0985336303710938
0.106597900390625 0.0355758666992188 0.0646095275878906 0.0606307983398438
0.088470458984375 -0.0359573364257813 0.0517120361328125 0.0253868103027344
0.0311965942382812 -0.0908660888671875 0.0338821411132813 0.00461387634277343
-0.0168380737304688 -0.0907440185546875 0.0207691192626953 0.016510009765625
-0.02166748046875 -0.0834732055664063 0.017608642578125 0.0382537841796875
-0.0348129272460938 -0.0965499877929688 0.0232009887695313 0.0564956665039063
-0.0108718872070312 -0.0995254516601563 -0.00408935546875 0.0709152221679688
0.0471878051757812 -0.094635009765625 -0.0242424011230469 0.0667190551757812
0.09027099609375 -0.04901123046875 -0.0485496520996094 0.0265541076660156
0.0994873046875 0.0564193725585938 -0.0420265197753906 -0.0129814147949219
0.053955078125 0.109092712402344 0.0145540237426758 0.000648498535156257
-0.0182647705078125 0.119667053222656 -0.00498962402343751 0.096649169921875
-0.0616836547851563 0.0444221496582031 0.0608673095703125 0.142242431640625
-0.0392227172851562 0.0695419311523438 0.0355377197265625 0.143218994140625
0.0109176635742188 0.0835723876953125 0.033111572265625 0.095245361328125
0.0620346069335938 0.037200927734375 0.0451622009277344 0.0674972534179688
0.0600776672363281 -0.0154457092285156 0.0374374389648438 0.0411491394042969
0.0251388549804687 -0.0599784851074219 0.0327892303466797 0.0310535430908203
-0.00699234008789062 -0.0628280639648438 0.0333786010742188 0.04290771484375
-0.0118141174316406 -0.0600471496582031 0.034423828125 0.0576820373535156
-0.0210037231445313 -0.0724258422851563 0.0372772216796875 0.0790939331054688
-0.00322723388671875 -0.075531005859375 0.00336456298828125 0.0944900512695313
0.0427818298339844 -0.0692787170410156 -0.0261459350585938 0.0856170654296875
0.0744781494140625 -0.0286178588867187 -0.0548324584960938 0.0388374328613281
0.0678138732910156 0.0586738586425781 -0.0465354919433594 -0.0071868896484375
0.0143356323242188 0.0911331176757812 0.0145187377929688 0.0202789306640625
-0.0475845336914062 0.0767822265625 -0.01788330078125 0.129959106445313
0.0550537109375 -0.00690460205078125 0.0164794921875 -0.143524169921875
0.0139045715332031 -0.0570335388183594 -0.0094757080078125 -0.0359573364257813
-0.0314674377441406 -0.0380134582519531 0.0500869750976563 0.0126762390136719
-0.0424537658691406 0.00594711303710937 0.0793991088867188 -0.0433273315429688
-0.0244007110595703 0.0309162139892578 0.041900634765625 -0.095367431640625
-0.000865936279296878 0.0407218933105469 -0.0150909423828125 -0.110099792480469
0.00480842590332031 0.0310783386230469 -0.0539016723632813 -0.0944595336914062
0.000762939453125003 0.0311298370361328 -0.0502433776855469 -0.0670814514160156
-0.00429916381835937 0.0344257354736328 -0.0453720092773438 -0.0531768798828125
-0.0217609405517578 0.0193405151367188 -0.0358543395996094 -0.0476722717285156
-0.0288524627685547 -0.00521278381347657 -0.0384445190429688 -0.0473899841308594
-0.0108966827392578 -0.0332279205322266 -0.034912109375 -0.0681343078613281
0.0314559936523438 -0.0378761291503906 -0.0206375122070313 -0.0982513427734375
0.0629501342773438 -0.0126457214355469 -0.0326156616210937 -0.136360168457031
0.0674171447753906 0.0223503112792969 -0.0406036376953125 -0.150527954101562
0.0631752014160156 0.0557594299316406 0.042449951171875 -0.1412353515625
0.046539306640625 -0.0134468078613281 0.0068511962890625 -0.0355186462402344
0.0180988311767578 -0.0199127197265625 0.0594940185546875 0.0184249877929688
-0.00120162963867188 -0.0123634338378906 0.092376708984375 -0.0426406860351563
-0.00303435325622559 -0.00301384925842285 0.0550460815429688 -0.09759521484375
-0.00524473190307617 -0.000896453857421875 -0.00988006591796875 -0.118804931640625
-0.0123519897460938 -0.00729846954345703 -0.0553207397460938 -0.0997772216796875
-0.0116548538208008 -0.00544166564941406 -0.0537033081054687 -0.0666580200195313
-0.0169849395751953 -0.00692558288574219 -0.0468864440917969 -0.0532035827636719
-0.0163707733154297 -0.0196800231933594 -0.03955078125 -0.0462188720703125
-0.000368118286132815 -0.0339393615722656 -0.0385704040527344 -0.0423164367675781
0.0303840637207031 -0.0365066528320313 -0.0353889465332031 -0.06146240234375
0.0658950805664063 -0.00182723999023438 -0.0261077880859375 -0.0833663940429688
0.0841903686523438 0.0389328002929688 -0.0329360961914062 -0.118812561035156
0.06951904296875 0.08245849609375 -0.0323333740234375 -0.129951477050781
0.0571060180664063 0.114669799804687 0.0682601928710938 -0.115615844726562
0.0679855346679688 0.0414810180664063 0.0253353118896484 -0.0184478759765625
0.0678062438964844 0.0129852294921875 0.0692672729492188 0.0320892333984375
0.0487709045410156 -0.0226058959960937 0.104789733886719 -0.0317611694335938
0.0258884429931641 -0.0347461700439453 0.0691375732421875 -0.0882797241210938
-0.0034332275390625 -0.043914794921875 0.00102233886718749 -0.116195678710938
-0.0250320434570313 -0.0452499389648438 -0.0476226806640625 -0.094207763671875
-0.0225563049316406 -0.0408210754394531 -0.0490264892578125 -0.0557861328125
-0.0300064086914063 -0.0455818176269531 -0.0428466796875 -0.0419425964355469
-0.015533447265625 -0.0560150146484375 -0.0411262512207031 -0.0328826904296875
0.0200080871582031 -0.0635910034179688 -0.0400238037109375 -0.0264930725097656
0.0611381530761719 -0.0490760803222656 -0.0399703979492187 -0.0468902587890625
0.0972061157226563 0.0180206298828125 -0.0336723327636719 -0.0657844543457031
0.103050231933594 0.0736846923828125 -0.0312576293945313 -0.0945053100585938
0.0678787231445313 0.125953674316406 -0.0251235961914063 -0.093780517578125
0.0371551513671875 0.156280517578125 0.0868759155273438 -0.0669631958007812
0.0727386474609375 0.0955886840820313 0.0414543151855469 0.012969970703125
0.105438232421875 0.0555496215820313 0.0739898681640625 0.0524978637695312
0.09722900390625 -0.0203475952148438 0.110977172851563 -0.010162353515625
0.0585899353027344 -0.0577468872070312 0.0788116455078125 -0.0661544799804688
0.00423431396484376 -0.0809860229492188 0.0147781372070313 -0.0990982055664063
-0.0318832397460938 -0.0768585205078125 -0.0336761474609375 -0.0767059326171875
-0.0298042297363281 -0.06964111328125 -0.0380020141601562 -0.0367279052734375
-0.0409622192382812 -0.07696533203125 -0.0310268402099609 -0.0219001770019531
-0.01837158203125 -0.0849609375 -0.0365982055664062 -0.0100860595703125
0.0315399169921875 -0.0892486572265625 -0.0386199951171875 -0.00455474853515625
0.0800933837890625 -0.062713623046875 -0.0443153381347656 -0.0274581909179688
0.1182861328125 0.0272598266601562 -0.0394554138183594 -0.0483207702636719
0.113616943359375 0.0930938720703125 -0.0228347778320312 -0.06915283203125
0.0604248046875 0.149749755859375 -0.0166702270507813 -0.0470657348632812
0.00871276855468751 0.171051025390625 0.0943679809570313 -0.00585937499999999
0.0568389892578125 0.134613037109375 0.0513343811035156 0.0543327331542969
0.117462158203125 0.0972824096679688 0.0711517333984375 0.07470703125
0.128631591796875 -0.00408935546875 0.105583190917969 0.0171127319335938
0.0856552124023438 -0.0650634765625 0.0788421630859375 -0.0346755981445313
0.0144882202148438 -0.103736877441406 0.0263099670410156 -0.0686225891113281
-0.03375244140625 -0.0971221923828125 -0.0156517028808594 -0.0495223999023438
-0.0328140258789063 -0.0872726440429688 -0.0215606689453125 -0.0122566223144531
-0.0477218627929688 -0.096893310546875 -0.0144338607788086 0.00251102447509765
-0.021392822265625 -0.102249145507812 -0.0276451110839844 0.016632080078125
0.037750244140625 -0.104576110839844 -0.0327644348144531 0.0197391510009766
0.0897140502929688 -0.06964111328125 -0.0453376770019531 -0.00768661499023438
0.126487731933594 0.0339508056640625 -0.0417976379394531 -0.03302001953125
0.109359741210938 0.103713989257813 -0.00901031494140625 -0.0457229614257812
0.0431976318359375 0.155609130859375 -0.00720405578613281 0.00203657150268555
-0.0206756591796875 0.154861450195313 0.0902862548828125 0.0578460693359375
0.025177001953125 0.143600463867188 0.0522384643554688 0.0951995849609375
0.0985336303710938 0.120277404785156 0.0597381591796875 0.0914154052734375
0.131423950195313 0.0178070068359375 0.087890625 0.0421066284179688
0.0968704223632813 -0.0565643310546875 0.068145751953125 -0.00128173828125
0.023162841796875 -0.106224060058594 0.0323715209960938 -0.0321731567382813
-0.0287322998046875 -0.101387023925781 0.0034952163696289 -0.0161762237548828
-0.0307693481445313 -0.0921554565429688 -0.00147724151611328 0.0139245986938477
-0.047454833984375 -0.102279663085938 0.00480079650878906 0.0295143127441406
-0.0206146240234375 -0.107078552246094 -0.0142898559570313 0.0446052551269531
0.040985107421875 -0.106513977050781 -0.02685546875 0.0448036193847656
0.092529296875 -0.0657196044921875 -0.0458030700683594 0.0112571716308594
0.119987487792969 0.0436325073242187 -0.0418205261230469 -0.0219039916992187
0.0890426635742188 0.109138488769531 0.00560379028320313 -0.0230274200439453
0.0167999267578125 0.145858764648438 -0.00129318237304687 0.0514450073242188
-0.0447235107421875 0.109413146972656 0.078338623046875 0.109634399414062
-0.00955200195312501 0.118659973144531 0.0462112426757812 0.127365112304688
0.0591201782226562 0.11505126953125 0.045440673828125 0.0980758666992188
0.106239318847656 0.0318756103515625 0.0649986267089844 0.0596694946289063
0.0864486694335938 -0.0379180908203125 0.0527000427246094 0.0248184204101563
0.02691650390625 -0.090179443359375 0.0340576171875 0.00351333618164062
-0.020294189453125 -0.0891876220703125 0.0206127166748047 0.0163497924804687
-0.0240554809570313 -0.0817794799804688 0.018341064453125 0.0383491516113281
-0.0389404296875 -0.0937042236328125 0.0236053466796875 0.0551910400390625
-0.0147552490234375 -0.0971908569335938 -0.0027618408203125 0.07080078125
0.0426025390625 -0.0946884155273438 -0.0228385925292969 0.0661849975585938
0.0875091552734375 -0.0513458251953125 -0.0487747192382813 0.0275115966796875
0.100669860839844 0.0529022216796875 -0.0430755615234375 -0.0129814147949219
0.056976318359375 0.105461120605469 0.0144166946411133 -0.00107765197753906
-0.014373779296875 0.120124816894531 -0.0027313232421875 0.0952911376953125
-0.0590362548828125 0.0453834533691406 0.0631027221679687 0.138862609863281
-0.0371246337890625 0.0701332092285156 0.0381622314453125 0.141220092773438
0.0141448974609375 0.0828094482421875 0.034088134765625 0.0950775146484375
0.0622940063476563 0.0345535278320313 0.0459632873535156 0.0666160583496094
0.0587844848632813 -0.0169258117675781 0.0387458801269531 0.0400161743164063
0.0227546691894531 -0.0594596862792969 0.0334510803222656 0.0296745300292969
-0.00946044921875001 -0.06170654296875 0.0342521667480469 0.0410690307617188
-0.0135536193847656 -0.0586700439453125 0.0358200073242188 0.0567512512207031
-0.0246925354003906 -0.0702552795410156 0.0388870239257813 0.0770797729492188
-0.00667572021484375 -0.0745697021484375 0.0057373046875 0.0932693481445313
0.0384368896484375 -0.0701408386230469 -0.0235061645507812 0.0847549438476562
0.0723190307617188 -0.0308685302734375 -0.0540771484375 0.0400047302246094
0.0692901611328125 0.055328369140625 -0.0467720031738281 -0.00623321533203125
0.017486572265625 0.0888748168945313 0.015045166015625 0.0185451507568359
-0.0446319580078125 0.0777664184570312 -0.0136566162109375 0.127937316894531
0.0549240112304688 -0.00640487670898438 0.0145416259765625 -0.142547607421875
0.0121688842773438 -0.0561752319335938 -0.0109043121337891 -0.0348110198974609
-0.03167724609375 -0.0378341674804688 0.0501823425292969 0.0132179260253906
-0.0411338806152344 0.00555038452148437 0.079437255859375 -0.043060302734375
-0.0235786437988281 0.0305881500244141 0.0415878295898438 -0.0946426391601563
-0.000297546386718747 0.0403556823730469 -0.0148468017578125 -0.10931396484375
0.00491714477539063 0.0302581787109375 -0.0537796020507813 -0.0936126708984375
0.00225067138671875 0.0301952362060547 -0.0502166748046875 -0.066925048828125
-0.002471923828125 0.0337371826171875 -0.04486083984375 -0.0522422790527344
-0.0203495025634766 0.0201244354248047 -0.0360794067382813 -0.0471038818359375
-0.0281944274902344 -0.00420570373535156 -0.0386848449707031 -0.0475082397460938
-0.0109138488769531 -0.0325336456298828 -0.0356674194335938 -0.0694923400878906
0.0302009582519531 -0.0377044677734375 -0.02020263671875 -0.0998077392578125
0.0617828369140625 -0.0129814147949219 -0.0320205688476563 -0.1368408203125
0.0673370361328125 0.0220680236816406 -0.0401763916015625 -0.149993896484375
0.0631065368652344 0.0560302734375 0.0400848388671875 -0.140571594238281
0.045257568359375 -0.0129051208496094 0.004791259765625 -0.0347080230712891
0.0175876617431641 -0.0193538665771484 0.0604476928710938 0.0192794799804688
-0.000679969787597657 -0.0125322341918945 0.0926742553710937 -0.04229736328125
-0.00300288200378418 -0.00257277488708496 0.0547332763671875 -0.0974502563476563
-0.00459098815917969 -0.000934600830078126 -0.0098876953125 -0.118492126464844
-0.0125274658203125 -0.00713634490966797 -0.0550003051757813 -0.0987930297851563
-0.0111598968505859 -0.00582504272460938 -0.0529098510742187 -0.0652275085449219
-0.0164165496826172 -0.00689601898193359 -0.0471458435058594 -0.0517578125
-0.0157089233398437 -0.0187397003173828 -0.0398063659667969 -0.0456733703613281
0.000284194946289062 -0.0328235626220703 -0.0396652221679688 -0.0417442321777344
0.0301132202148438 -0.03656005859375 -0.0360374450683594 -0.0628662109375
0.0653495788574219 -0.00170135498046875 -0.024932861328125 -0.0851516723632813
0.083343505859375 0.0384063720703125 -0.032470703125 -0.119697570800781
0.06927490234375 0.0816574096679688 -0.0328216552734375 -0.130561828613281
0.0570068359375 0.1146240234375 0.0659103393554688 -0.114990234375
0.066375732421875 0.0415229797363281 0.0223846435546875 -0.018035888671875
0.0678367614746094 0.0126495361328125 0.0696678161621094 0.0332374572753906
0.0480194091796875 -0.023040771484375 0.105171203613281 -0.0310287475585938
0.0258903503417969 -0.0347232818603516 0.0695724487304688 -0.0882186889648438
-0.003814697265625 -0.0434074401855469 0.000877380371093742 -0.115211486816406
-0.0256767272949219 -0.0449943542480469 -0.0484237670898438 -0.0932083129882813
-0.021759033203125 -0.0405616760253906 -0.0491714477539063 -0.0541572570800781
-0.0299568176269531 -0.04498291015625 -0.0430221557617187 -0.0402565002441406
-0.0156669616699219 -0.0551834106445313 -0.0418510437011719 -0.0314216613769531
0.0194931030273437 -0.0626754760742188 -0.0413169860839844 -0.0267562866210938
0.0605430603027344 -0.0483970642089844 -0.0414314270019531 -0.0474433898925781
0.0967025756835938 0.0185546875 -0.0332145690917969 -0.06781005859375
0.102806091308594 0.0728530883789063 -0.030670166015625 -0.0957260131835938
0.0677108764648437 0.125251770019531 -0.02569580078125 -0.093597412109375
0.037567138671875 0.1558837890625 0.0845565795898438 -0.0670242309570312
0.0709686279296875 0.094818115234375 0.0391464233398438 0.012359619140625
0.105796813964844 0.0551376342773438 0.074005126953125 0.0541458129882812
0.0964508056640625 -0.0205841064453125 0.11090087890625 -0.00943756103515625
0.0579452514648438 -0.0576248168945313 0.0792694091796875 -0.0650711059570313
0.003326416015625 -0.0799484252929688 0.013916015625 -0.0978546142578125
-0.0331802368164063 -0.0761184692382813 -0.0345458984375 -0.075347900390625
-0.029388427734375 -0.0691413879394531 -0.0376052856445313 -0.03497314453125
-0.0418167114257812 -0.0762481689453125 -0.032073974609375 -0.0210132598876953
-0.0191192626953125 -0.0838394165039063 -0.0371780395507813 -0.00947189331054687
0.0303192138671875 -0.0888900756835938 -0.0399284362792969 -0.00457763671875001
0.079498291015625 -0.0623397827148438 -0.0450363159179687 -0.0279502868652344
0.118156433105469 0.0271224975585938 -0.0395431518554688 -0.0501632690429687
0.113441467285156 0.0921096801757813 -0.0225677490234375 -0.0709457397460938
0.05963134765625 0.149017333984375 -0.0165596008300781 -0.0478744506835937
0.00923156738281248 0.1708984375 0.0922164916992188 -0.00679016113281249
0.0557785034179687 0.133445739746094 0.0490150451660156 0.0535736083984375
0.117561340332031 0.0963058471679688 0.0698623657226563 0.075836181640625
0.127899169921875 -0.0046844482421875 0.1048583984375 0.0174560546875
0.0852203369140625 -0.0647048950195313 0.07904052734375 -0.0344619750976563
0.0138092041015625 -0.102127075195313 0.0255966186523438 -0.06842041015625
-0.034454345703125 -0.0960540771484375 -0.0162353515625 -0.0479736328125
-0.0331268310546875 -0.0871353149414063 -0.0211811065673828 -0.0107803344726563
-0.0485687255859375 -0.0947036743164063 -0.0153617858886719 0.00394153594970703
-0.0223007202148437 -0.101005554199219 -0.0275058746337891 0.0178184509277344
0.035614013671875 -0.104843139648438 -0.0340080261230469 0.0200824737548828
0.0886764526367188 -0.0702056884765625 -0.0465431213378906 -0.00745773315429687
0.126632690429688 0.0329208374023438 -0.0414161682128906 -0.0343818664550781
0.109947204589844 0.102386474609375 -0.00933456420898437 -0.0463829040527344
0.043182373046875 0.15570068359375 -0.00767946243286133 0.00161695480346681
-0.0197906494140625 0.154327392578125 0.0885772705078125 0.05633544921875
0.0250396728515625 0.141921997070313 0.050811767578125 0.0949783325195313
0.0993423461914063 0.120155334472656 0.0582809448242188 0.0926666259765625
0.131507873535156 0.0164413452148438 0.0874862670898438 0.0433349609375
0.096099853515625 -0.0564041137695313 0.0692710876464844 -0.00177001953125
0.0217819213867188 -0.10595703125 0.0315837860107422 -0.0314216613769531
-0.0299224853515625 -0.100303649902344 0.00287818908691406 -0.0153207778930664
-0.0314102172851562 -0.0908279418945313 -0.000897407531738284 0.0150852203369141
-0.0489883422851562 -0.100471496582031 0.00421142578124999 0.0304889678955078
-0.0220870971679688 -0.105377197265625 -0.0146560668945313 0.0451164245605469
0.0391464233398438 -0.106361389160156 -0.0271949768066406 0.0439414978027344
0.0911407470703125 -0.0660247802734375 -0.0469741821289062 0.0111770629882812
0.120346069335937 0.0423660278320312 -0.0419158935546875 -0.0229568481445313
0.0891342163085937 0.10675048828125 0.00494384765625001 -0.0245723724365234
0.01708984375 0.145950317382813 -0.00162887573242188 0.0498733520507813
-0.0434036254882813 0.109001159667969 0.07781982421875 0.108222961425781
-0.0092010498046875 0.118202209472656 0.0449295043945313 0.126319885253906
0.060638427734375 0.11474609375 0.0443115234375 0.098663330078125
0.105598449707031 0.0308456420898438 0.0646820068359375 0.0609512329101563
0.0854568481445313 -0.0385894775390625 0.0537986755371094 0.0254287719726562
0.0248565673828125 -0.0890045166015625 0.0334949493408203 0.00286674499511718
-0.021636962890625 -0.087982177734375 0.0204715728759766 0.0167427062988281
-0.0245742797851563 -0.0810928344726563 0.0187911987304687 0.038543701171875
-0.0406494140625 -0.0916595458984375 0.0235214233398438 0.0551986694335937
-0.0162353515625 -0.0961227416992187 -0.0027008056640625 0.0709152221679688
0.040313720703125 -0.094635009765625 -0.0233078002929688 0.0660591125488281
0.08636474609375 -0.0520248413085938 -0.048736572265625 0.0270309448242188
0.10076904296875 0.0516357421875 -0.0434455871582031 -0.0135498046875
0.0565643310546875 0.104515075683594 0.0141983032226563 -0.00252723693847656
-0.0139999389648437 0.119895935058594 -0.0020904541015625 0.0934982299804688
-0.0589065551757813 0.0454750061035156 0.062591552734375 0.137603759765625
-0.0364494323730469 0.0701713562011719 0.0367660522460938 0.140556335449219
0.0156326293945313 0.0827560424804688 0.0331268310546875 0.0955123901367188
0.0626411437988281 0.0331573486328125 0.0458145141601563 0.068115234375
0.057891845703125 -0.0169448852539063 0.0397872924804688 0.0405540466308594
0.0217437744140625 -0.0588531494140625 0.0338821411132812 0.0290412902832031
-0.0102882385253906 -0.0615806579589844 0.0348548889160156 0.0413551330566406
-0.0144462585449219 -0.0590744018554688 0.03558349609375 0.0569801330566406
-0.0257759094238281 -0.0686683654785156 0.0382843017578125 0.0769119262695313
-0.008087158203125 -0.0733108520507813 0.0055084228515625 0.0935211181640625
0.0374603271484375 -0.0708160400390625 -0.023773193359375 0.0839767456054687
0.0710983276367188 -0.0315628051757813 -0.0543365478515625 0.0400276184082031
0.0693283081054687 0.0542373657226562 -0.0469284057617187 -0.00714492797851562
0.0174407958984375 0.0878982543945313 0.0153846740722656 0.0169839859008789
-0.0437240600585937 0.077423095703125 -0.0128555297851562 0.126693725585938
0.0565605163574219 -0.00612258911132813 0.0150604248046875 -0.144561767578125
0.0122566223144531 -0.0564460754394531 -0.0119705200195313 -0.0342979431152344
-0.0325431823730469 -0.0384292602539062 0.0525894165039063 0.0147247314453125
-0.041778564453125 0.00576400756835937 0.0821914672851563 -0.0427017211914063
-0.0240898132324219 0.0304641723632812 0.0432586669921875 -0.0963973999023438
0.000225067138671876 0.0411567687988281 -0.0132369995117188 -0.111534118652344
0.00528907775878906 0.0305557250976563 -0.0543975830078125 -0.0960311889648438
0.00284576416015625 0.0306949615478516 -0.0501441955566406 -0.0684890747070313
-0.00171470642089843 0.0333251953125 -0.0455245971679687 -0.0533981323242188
-0.0198192596435547 0.0202674865722656 -0.0364799499511719 -0.0486106872558594
-0.0281715393066406 -0.00414848327636718 -0.0396957397460937 -0.0489082336425781
-0.0108623504638672 -0.0331935882568359 -0.0358963012695313 -0.0724716186523438
0.0308418273925781 -0.0377082824707031 -0.0183029174804687 -0.103523254394531
0.0624885559082031 -0.0126571655273437 -0.030609130859375 -0.141311645507813
0.0682334899902344 0.0224533081054688 -0.03851318359375 -0.154678344726563
0.0641441345214844 0.0584754943847656 0.0406494140625 -0.142242431640625
0.0446128845214844 -0.0122528076171875 0.00322914123535157 -0.0342788696289063
0.018157958984375 -0.020050048828125 0.0617599487304688 0.0216865539550781
-0.000173568725585938 -0.0127935409545898 0.0955276489257812 -0.041595458984375
-0.00276470184326172 -0.00329732894897461 0.0570526123046875 -0.0985946655273437
-0.00465822219848633 -0.00102758407592773 -0.00855255126953124 -0.12005615234375
-0.0125646591186523 -0.0072641372680664 -0.0557403564453125 -0.101211547851563
-0.010584831237793 -0.00672817230224609 -0.0529975891113281 -0.0668563842773437
-0.0155611038208008 -0.00751590728759766 -0.0476837158203125 -0.0525588989257812
-0.0153541564941406 -0.0186214447021484 -0.0410346984863281 -0.0459327697753906
0.000900268554687503 -0.0334148406982422 -0.0407371520996094 -0.0434761047363281
0.0308113098144531 -0.0369224548339844 -0.0364990234375 -0.0652618408203125
0.0664405822753906 -0.000408172607421875 -0.0236358642578125 -0.0894851684570313
0.0834884643554687 0.039337158203125 -0.031524658203125 -0.123847961425781
0.069122314453125 0.0839462280273438 -0.0311126708984375 -0.133522033691406
0.057220458984375 0.11737060546875 0.0662460327148438 -0.116752624511719
0.0657997131347656 0.042572021484375 0.0219249725341797 -0.0177669525146484
0.0692062377929688 0.0131072998046875 0.0710678100585938 0.035980224609375
0.0497055053710938 -0.0228195190429688 0.10797119140625 -0.0295867919921875
0.0268497467041016 -0.0349922180175781 0.0723114013671875 -0.0884246826171875
-0.00345230102539062 -0.0440139770507813 0.00190734863281249 -0.117393493652344
-0.0262832641601563 -0.0459747314453125 -0.0485000610351562 -0.0951309204101563
-0.0218620300292969 -0.0423927307128906 -0.0486297607421875 -0.0550575256347656
-0.0299415588378906 -0.0461502075195313 -0.043914794921875 -0.0407218933105469
-0.0152587890625 -0.0554618835449219 -0.0428009033203125 -0.0318679809570312
0.0201988220214844 -0.0630760192871094 -0.0428352355957031 -0.0275802612304688
0.0625648498535156 -0.0483932495117188 -0.0423698425292969 -0.0501747131347656
0.0988693237304688 0.0201339721679688 -0.0326461791992187 -0.0717697143554688
0.10357666015625 0.0748748779296875 -0.0298309326171875 -0.100028991699219
0.0676193237304688 0.128585815429688 -0.0250091552734375 -0.0968399047851563
0.0360870361328125 0.15966796875 0.0848617553710938 -0.0679473876953125
0.0697479248046875 0.0978927612304688 0.0377197265625 0.0139999389648438
0.107749938964844 0.0577774047851562 0.0748443603515625 0.0576400756835938
0.0983810424804688 -0.0200729370117188 0.113914489746094 -0.0067596435546875
0.0610237121582031 -0.0577545166015625 0.0820236206054687 -0.0658798217773438
0.00325012207031251 -0.0812454223632812 0.0159835815429688 -0.0994186401367188
-0.0334625244140625 -0.0782012939453125 -0.0347442626953125 -0.076416015625
-0.0293960571289063 -0.071319580078125 -0.037750244140625 -0.0346794128417969
-0.0425872802734375 -0.0768661499023438 -0.0329971313476563 -0.0205039978027344
-0.0187835693359375 -0.0846633911132812 -0.0392074584960937 -0.00933074951171876
0.0308837890625 -0.0893936157226562 -0.041839599609375 -0.0047454833984375
0.08135986328125 -0.0630874633789063 -0.0470809936523437 -0.0303993225097656
0.121131896972656 0.029022216796875 -0.0396842956542969 -0.0537834167480469
0.114959716796875 0.0941238403320313 -0.0225982666015625 -0.0741424560546875
0.059356689453125 0.153427124023438 -0.0169601440429688 -0.0498390197753906
0.00779724121093752 0.174362182617187 0.09222412109375 -0.00599670410156249
0.0530242919921875 0.136161804199219 0.0474472045898438 0.0551643371582031
0.119651794433594 0.0999679565429688 0.0698165893554688 0.079986572265625
0.130218505859375 -0.00382232666015625 0.107498168945313 0.0208358764648438
0.0879364013671875 -0.064849853515625 0.082763671875 -0.0334701538085938
0.0140609741210937 -0.103111267089844 0.0266151428222656 -0.069610595703125
-0.0349197387695312 -0.0978012084960938 -0.0168495178222656 -0.0485954284667969
-0.0326995849609375 -0.0890655517578125 -0.0212192535400391 -0.0100555419921875
-0.049896240234375 -0.0960693359375 -0.0160312652587891 0.00500202178955077
-0.0225906372070313 -0.102333068847656 -0.0294685363769531 0.0182914733886719
0.0362167358398438 -0.106170654296875 -0.0361213684082031 0.0202560424804687
0.0906906127929688 -0.0705642700195313 -0.0485687255859375 -0.00891494750976564
0.129417419433594 0.0354461669921875 -0.0424919128417969 -0.0375328063964844
0.110740661621094 0.104713439941406 -0.00902938842773437 -0.0493125915527344
0.0431060791015625 0.159515380859375 -0.00803375244140625 0.000966072082519541
-0.0217437744140625 0.157516479492188 0.088043212890625 0.0579299926757813
0.02178955078125 0.145111083984375 0.0476913452148438 0.09735107421875
0.10107421875 0.123199462890625 0.058349609375 0.0958023071289063
0.133293151855469 0.0179367065429688 0.089599609375 0.047027587890625
0.09814453125 -0.0559616088867188 0.0714950561523438 0.000831604003906246
0.0227737426757813 -0.106407165527344 0.0328006744384766 -0.0323600769042969
-0.030548095703125 -0.101707458496094 0.00288772583007812 -0.0154542922973633
-0.031280517578125 -0.092864990234375 -0.000824928283691407 0.0167198181152344
-0.0497894287109375 -0.101150512695313 0.00341987609863281 0.0317325592041016
-0.0226287841796875 -0.106857299804688 -0.015960693359375 0.04638671875
0.03875732421875 -0.108489990234375 -0.0298919677734375 0.0447921752929687
0.0929641723632813 -0.0668182373046875 -0.0490264892578125 0.0107192993164062
0.122657775878906 0.0441360473632813 -0.0426788330078125 -0.0250663757324219
0.0906524658203125 0.109619140625 0.00553703308105469 -0.0262489318847656
0.01641845703125 0.14947509765625 -0.00223922729492187 0.0507469177246094
-0.0453262329101563 0.110939025878906 0.0757904052734375 0.109870910644531
-0.0109786987304688 0.1202392578125 0.0428695678710938 0.12908935546875
0.0617294311523437 0.117919921875 0.0428390502929688 0.102188110351563
0.107315063476563 0.031463623046875 0.0654716491699219 0.0641365051269531
0.087310791015625 -0.0381622314453125 0.0553550720214844 0.0271339416503906
0.0258712768554688 -0.0902099609375 0.0344295501708984 0.00306320190429687
-0.0217437744140625 -0.0897750854492187 0.0209159851074219 0.0171451568603516
-0.0244522094726562 -0.0831069946289063 0.0189170837402344 0.0404014587402344
-0.0415420532226563 -0.0928726196289063 0.0229263305664062 0.0573539733886719
-0.01727294921875 -0.0974044799804688 -0.00440216064453125 0.073089599609375
0.0404052734375 -0.0959548950195313 -0.02471923828125 0.0668678283691406
0.087554931640625 -0.0527267456054688 -0.0505714416503906 0.0273208618164062
0.103065490722656 0.0535659790039063 -0.0442466735839844 -0.0152015686035156
0.056976318359375 0.106269836425781 0.0145788192749023 -0.00376796722412109
-0.0146713256835937 0.122604370117188 -0.0034942626953125 0.0944137573242188
-0.0597305297851562 0.0455780029296875 0.0608062744140625 0.1407470703125
-0.0381317138671875 0.0714492797851563 0.035919189453125 0.14324951171875
0.0164566040039062 0.0840530395507813 0.0317153930664063 0.0990447998046875
0.0637435913085938 0.0335807800292969 0.046112060546875 0.0712203979492187
0.0585861206054688 -0.0169181823730469 0.0407638549804688 0.0427398681640625
0.0214500427246094 -0.0589256286621094 0.0342540740966797 0.0295696258544922
-0.0106697082519531 -0.0625267028808594 0.0350379943847656 0.0421714782714844
-0.0145187377929687 -0.0598068237304687 0.0353431701660156 0.0592536926269531
-0.0263748168945313 -0.0694808959960938 0.0384902954101562 0.0785903930664063
-0.00852203369140626 -0.0745010375976563 0.0041046142578125 0.0956192016601563
0.0371322631835937 -0.0715255737304687 -0.0249481201171875 0.0852737426757812
0.0721511840820312 -0.0323104858398437 -0.0563087463378906 0.039581298828125
0.0708084106445313 0.0563125610351563 -0.0486373901367187 -0.00931549072265624
0.0174713134765625 0.0896530151367188 0.0154476165771484 0.0160808563232422
-0.0453262329101563 0.078765869140625 -0.0139007568359375 0.127647399902344
0.0602912902832031 -0.0070343017578125 0.014892578125 -0.150390625
0.0119667053222656 -0.0585060119628906 -0.0140819549560547 -0.0342960357666016
-0.0342140197753906 -0.0401802062988281 0.0560264587402344 0.0161819458007813
-0.0432052612304688 0.00582504272460937 0.086578369140625 -0.0451736450195313
-0.0244083404541016 0.032012939453125 0.0452346801757813 -0.100379943847656
0.00127029418945312 0.042633056640625 -0.0134963989257812 -0.116546630859375
0.00657081604003906 0.0317916870117188 -0.0563583374023438 -0.100418090820312
0.00394821166992188 0.0313243865966797 -0.0520095825195313 -0.0718460083007812
-0.000419616699218748 0.0347099304199219 -0.0478057861328125 -0.0561561584472656
-0.0195274353027344 0.0218276977539062 -0.0382308959960938 -0.0508193969726562
-0.0286159515380859 -0.00382804870605468 -0.0416374206542969 -0.0516433715820312
-0.0117321014404297 -0.03448486328125 -0.0382003784179688 -0.0771560668945313
0.0318870544433594 -0.03955078125 -0.018646240234375 -0.110336303710938
0.0647239685058594 -0.0138931274414063 -0.0311126708984375 -0.148345947265625
0.0712966918945313 0.02349853515625 -0.0398101806640625 -0.162399291992187
0.0679206848144531 0.060577392578125 0.0419921875 -0.14801025390625
0.0452766418457031 -0.0123748779296875 0.00206756591796875 -0.0344734191894531
0.0185394287109375 -0.0206928253173828 0.065460205078125 0.0230598449707031
-0.000214576721191407 -0.0128564834594727 0.100189208984375 -0.0432586669921875
-0.0022130012512207 -0.00275373458862305 0.0600128173828125 -0.102775573730469
-0.00451946258544922 -0.000922679901123046 -0.00853729248046874 -0.125877380371094
-0.0128717422485352 -0.00776386260986328 -0.0584640502929687 -0.105354309082031
-0.010380744934082 -0.00761222839355469 -0.0548896789550781 -0.0695686340332031
-0.0151882171630859 -0.00807762145996094 -0.0499458312988281 -0.0548782348632812
-0.0152378082275391 -0.0185146331787109 -0.0435104370117187 -0.0477371215820313
0.000976562500000003 -0.033966064453125 -0.0435752868652344 -0.0453605651855469
0.0318527221679688 -0.0381660461425781 -0.0396499633789063 -0.0690422058105469
0.0693473815917969 -0.000713348388671875 -0.023956298828125 -0.096099853515625
0.0867385864257813 0.0408248901367188 -0.032623291015625 -0.131584167480469
0.0722732543945313 0.0877151489257813 -0.032196044921875 -0.140945434570313
0.0601043701171875 0.122772216796875 0.06817626953125 -0.121528625488281
0.0675468444824219 0.0459213256835938 0.0209140777587891 -0.0180587768554687
0.0724334716796875 0.0141448974609375 0.0754547119140625 0.0390090942382813
0.0513992309570313 -0.0240058898925781 0.11334228515625 -0.0301437377929688
0.0292625427246094 -0.0367050170898438 0.076019287109375 -0.092926025390625
-0.00382614135742188 -0.0454826354980469 0.00237274169921876 -0.122848510742187
-0.027587890625 -0.0478706359863281 -0.0509262084960938 -0.0985488891601563
-0.0221672058105469 -0.044708251953125 -0.0507659912109375 -0.0573234558105469
-0.0307769775390625 -0.0480880737304688 -0.0464553833007813 -0.0416755676269531
-0.0158958435058594 -0.0571212768554688 -0.045654296875 -0.032470703125
0.02093505859375 -0.0657157897949219 -0.0464515686035156 -0.0286331176757813
0.0647926330566406 -0.0505142211914062 -0.0457687377929687 -0.0540504455566406
0.103912353515625 0.0211029052734375 -0.0340042114257812 -0.0779037475585938
0.107856750488281 0.077392578125 -0.0319900512695312 -0.106452941894531
0.070831298828125 0.13519287109375 -0.0253982543945313 -0.102386474609375
0.0380401611328125 0.167312622070313 0.0877151489257813 -0.070831298828125
0.0709152221679688 0.103599548339844 0.0372848510742188 0.0143203735351563
0.113250732421875 0.0603256225585938 0.0785751342773438 0.0615158081054688
0.102951049804688 -0.021270751953125 0.119285583496094 -0.0063323974609375
0.0640449523925781 -0.0605964660644531 0.0868301391601563 -0.0685577392578125
0.00350952148437499 -0.083953857421875 0.0168228149414062 -0.104705810546875
-0.03594970703125 -0.080963134765625 -0.0362625122070312 -0.0791778564453125
-0.0306320190429687 -0.0744171142578125 -0.0393028259277344 -0.0356178283691406
-0.04449462890625 -0.0797958374023438 -0.0351123809814453 -0.0201797485351563
-0.0201797485351562 -0.0877685546875 -0.0418624877929687 -0.00837707519531251
0.0316009521484375 -0.0934600830078125 -0.0446662902832031 -0.00514602661132814
0.0850601196289063 -0.0657958984375 -0.0504035949707031 -0.0322532653808594
0.127738952636719 0.0304641723632813 -0.0413475036621094 -0.0583038330078125
0.11968994140625 0.0982437133789063 -0.0238494873046875 -0.0797042846679688
0.0617523193359375 0.161788940429687 -0.0171775817871094 -0.0525779724121094
0.007781982421875 0.18316650390625 0.0948867797851563 -0.00692749023437499
0.0541839599609375 0.14361572265625 0.0471305847167969 0.0577774047851563
0.125831604003906 0.104652404785156 0.0727615356445313 0.0852737426757812
0.136116027832031 -0.00362396240234375 0.112136840820313 0.0232467651367187
0.0922012329101562 -0.0671844482421875 0.0876235961914063 -0.035186767578125
0.014404296875 -0.107475280761719 0.0276412963867188 -0.0731887817382813
-0.037628173828125 -0.101264953613281 -0.0177078247070313 -0.0503158569335938
-0.0344772338867188 -0.0930099487304688 -0.0211544036865234 -0.00915145874023438
-0.05279541015625 -0.0997772216796875 -0.0174131393432617 0.00652980804443359
-0.024932861328125 -0.106132507324219 -0.0311050415039063 0.0198993682861328
0.036407470703125 -0.110649108886719 -0.0385894775390625 0.0212059020996094
0.094573974609375 -0.0745697021484375 -0.0516395568847656 -0.01031494140625
0.1363525390625 0.0361175537109375 -0.0442619323730469 -0.0409355163574219
0.11590576171875 0.108665466308594 -0.0100479125976562 -0.0538177490234375
0.044708251953125 0.168014526367188 -0.00770330429077148 0.00032329559326173
-0.02301025390625 0.165069580078125 0.0898818969726562 0.0598373413085937
0.022796630859375 0.152511596679687 0.048126220703125 0.101165771484375
0.107078552246094 0.12921142578125 0.05963134765625 0.102691650390625
0.138725280761719 0.0183258056640625 0.093109130859375 0.050506591796875
0.103309631347656 -0.05865478515625 0.0758743286132813 3.05175781249964E-05
0.0228195190429688 -0.1109619140625 0.0339622497558594 -0.0343685150146484
-0.0332794189453125 -0.1064453125 0.00341320037841797 -0.0147705078125
-0.032928466796875 -0.0974884033203125 -0.000677108764648438 0.0177288055419922
-0.0531463623046875 -0.105110168457031 0.00297164916992187 0.0334224700927734
-0.0246124267578125 -0.110549926757813 -0.017913818359375 0.04931640625
0.03936767578125 -0.112777709960938 -0.0315055847167969 0.0468330383300781
0.0968551635742188 -0.0705184936523438 -0.0515289306640625 0.0101776123046875
0.128959655761719 0.0454788208007813 -0.0456466674804687 -0.0278549194335937
0.0954437255859375 0.113571166992188 0.00600433349609376 -0.0283851623535156
0.017364501953125 0.157333374023438 -0.002197265625 0.0524063110351563
-0.0469436645507813 0.116523742675781 0.0780792236328125 0.114959716796875
-0.012847900390625 0.125839233398438 0.0433273315429688 0.134597778320313
0.0655136108398438 0.123405456542969 0.0444488525390625 0.108650207519531
0.112190246582031 0.032257080078125 0.0686073303222656 0.068695068359375
0.0913772583007813 -0.0400161743164063 0.0590438842773438 0.0286369323730469
0.0263900756835937 -0.0937957763671875 0.0364608764648437 0.00283432006835937
-0.0244293212890625 -0.092926025390625 0.0221004486083984 0.0181293487548828
-0.0261764526367188 -0.0865631103515625 0.0201835632324219 0.0435028076171875
-0.0443572998046875 -0.0959320068359375 0.0235748291015625 0.0601539611816406
-0.019256591796875 -0.10107421875 -0.005035400390625 0.0765380859375
0.0408782958984375 -0.100433349609375 -0.0263748168945313 0.0697860717773438
0.0912322998046875 -0.0560531616210938 -0.0529747009277344 0.0281181335449219
0.108688354492187 0.0554275512695312 -0.0469512939453125 -0.0164794921875
0.0600814819335938 0.110519409179688 0.0154266357421875 -0.00543785095214843
-0.0154190063476563 0.128837585449219 -0.00315856933593751 0.0986785888671875
-0.0627403259277344 0.0485496520996094 0.0626983642578125 0.1463623046875
-0.0393524169921875 0.0747451782226563 0.036956787109375 0.149765014648438
0.018035888671875 0.0885086059570313 0.0318984985351563 0.105087280273438
0.0668601989746094 0.0347633361816406 0.0488815307617188 0.0762481689453125
0.0616989135742188 -0.0177001953125 0.0438194274902344 0.045135498046875
0.0224723815917969 -0.0619392395019531 0.0360641479492188 0.030609130859375
-0.0124320983886719 -0.0648841857910156 0.0360069274902344 0.0444564819335937
-0.0152816772460938 -0.0623092651367187 0.0376777648925781 0.0618705749511719
-0.0289764404296875 -0.0715103149414063 0.0394287109375 0.082550048828125
-0.0101776123046875 -0.0771255493164063 0.0043792724609375 0.0997390747070312
0.0373611450195313 -0.0753555297851563 -0.0263290405273437 0.0882568359375
0.0755386352539063 -0.0342483520507813 -0.0589942932128906 0.0406570434570313
0.07470703125 0.058135986328125 -0.0507125854492188 -0.00939178466796876
0.0180587768554688 0.0933456420898438 0.0168209075927734 0.0155706405639648
-0.046905517578125 0.0827713012695312 -0.0143051147460937 0.132881164550781
0.0641098022460938 -0.0096282958984375 0.0117950439453125 -0.158035278320313
0.0100326538085937 -0.0611610412597656 -0.016693115234375 -0.0341892242431641
-0.0383796691894531 -0.0408439636230469 0.0607223510742188 0.0161590576171875
-0.0449867248535156 0.00754547119140625 0.0904693603515625 -0.0497360229492188
-0.0247821807861328 0.0346164703369141 0.04522705078125 -0.106521606445313
0.00360488891601563 0.0450248718261719 -0.0164718627929687 -0.122901916503906
0.00843429565429688 0.0334491729736328 -0.0627059936523437 -0.104171752929688
0.00601768493652343 0.0320644378662109 -0.0568771362304688 -0.0747222900390625
0.00120162963867188 0.0355491638183594 -0.0517959594726563 -0.0577735900878906
-0.01904296875 0.0238609313964844 -0.0417289733886719 -0.0519752502441406
-0.0298423767089844 -0.00244522094726563 -0.0455703735351563 -0.0535125732421875
-0.0138778686523438 -0.0358085632324219 -0.0428619384765625 -0.081787109375
0.0319480895996094 -0.0423164367675781 -0.0226287841796875 -0.118011474609375
0.0669403076171875 -0.0163650512695312 -0.0363006591796875 -0.156341552734375
0.0766754150390625 0.02191162109375 -0.0459442138671875 -0.171218872070313
0.074127197265625 0.0621185302734375 0.0394439697265625 -0.157485961914063
0.046844482421875 -0.01336669921875 -0.0008697509765625 -0.0352935791015625
0.0188274383544922 -0.0223560333251953 0.070556640625 0.0237197875976562
-0.000786781311035157 -0.0140295028686523 0.10546875 -0.0479736328125
-0.00200390815734863 -0.00289583206176758 0.060211181640625 -0.110160827636719
-0.00434994697570801 -0.000503063201904297 -0.0116958618164063 -0.132675170898438
-0.0135631561279297 -0.00738906860351563 -0.0647811889648438 -0.10919189453125
-0.0102577209472656 -0.00810909271240235 -0.060394287109375 -0.07171630859375
-0.0159416198730469 -0.00858688354492188 -0.0547103881835938 -0.0561561584472656
-0.0155544281005859 -0.0193099975585938 -0.0475349426269531 -0.0491943359375
0.000698089599609376 -0.0350551605224609 -0.0477409362792969 -0.0468864440917969
0.0336380004882813 -0.0408477783203125 -0.0448150634765625 -0.0737686157226563
0.0727005004882813 -0.00263214111328125 -0.0283126831054688 -0.102912902832031
0.0923309326171875 0.039947509765625 -0.0375823974609375 -0.139427185058594
0.0791168212890625 0.091217041015625 -0.036956787109375 -0.149322509765625
0.0678558349609375 0.128929138183594 0.0673370361328125 -0.129852294921875
0.0708389282226563 0.0476150512695312 0.0194454193115234 -0.0185489654541016
0.07684326171875 0.013214111328125 0.0806198120117187 0.0406341552734375
0.0545082092285156 -0.0266685485839844 0.119529724121094 -0.0343475341796875
0.0299034118652344 -0.0396728515625 0.0783462524414062 -0.09991455078125
-0.00516128540039063 -0.0479278564453125 -0.000808715820312494 -0.129379272460938
-0.0307502746582031 -0.0492019653320313 -0.0569534301757812 -0.101692199707031
-0.0247459411621094 -0.0470733642578125 -0.05419921875 -0.0575294494628906
-0.0333633422851562 -0.0495452880859375 -0.0501441955566406 -0.0420074462890625
-0.0176849365234375 -0.0590744018554687 -0.0494270324707031 -0.0323982238769531
0.0202598571777344 -0.0692100524902344 -0.050537109375 -0.0292129516601563
0.06744384765625 -0.0552253723144531 -0.0510520935058594 -0.0570869445800781
0.110816955566406 0.0198287963867188 -0.0383529663085938 -0.0844879150390625
0.115142822265625 0.078765869140625 -0.036407470703125 -0.11346435546875
0.0777435302734375 0.141708374023438 -0.0294036865234375 -0.107872009277344
0.04498291015625 0.176651000976563 0.0887298583984375 -0.078125
0.0767822265625 0.108222961425781 0.0379486083984375 0.0150184631347656
0.121673583984375 0.0608901977539062 0.0847625732421875 0.065521240234375
0.107696533203125 -0.0247802734375 0.126625061035156 -0.0086517333984375
0.0668258666992187 -0.0656852722167969 0.0916900634765625 -0.0747528076171875
0.001220703125 -0.0883026123046875 0.014007568359375 -0.110855102539063
-0.0409393310546875 -0.0840911865234375 -0.0411453247070313 -0.0817413330078125
-0.0349655151367188 -0.0789260864257813 -0.0411911010742188 -0.0354194641113281
-0.0490646362304688 -0.082611083984375 -0.0378875732421875 -0.0193214416503906
-0.0236053466796875 -0.0910797119140625 -0.0447883605957031 -0.0069580078125
0.0300369262695313 -0.0991897583007812 -0.048583984375 -0.00366592407226563
0.088043212890625 -0.0722808837890625 -0.0556106567382813 -0.0341110229492188
0.136505126953125 0.0280838012695313 -0.0459747314453125 -0.0632743835449219
0.129226684570313 0.0997543334960938 -0.0274810791015625 -0.0853500366210937
0.069732666015625 0.170135498046875 -0.0197181701660156 -0.0563774108886719
0.0133056640625 0.1932373046875 0.0981903076171875 -0.00993347167968749
0.0595245361328125 0.150390625 0.0489082336425781 0.0594902038574219
0.136573791503906 0.107589721679688 0.0792999267578125 0.090545654296875
0.143417358398438 -0.0076904296875 0.120307922363281 0.0230255126953125
0.0967483520507812 -0.0741653442382812 0.09320068359375 -0.0390243530273438
0.0118026733398438 -0.113433837890625 0.0267715454101562 -0.078155517578125
-0.043365478515625 -0.105812072753906 -0.0201187133789063 -0.051483154296875
-0.0395431518554687 -0.097869873046875 -0.0223388671875 -0.00731658935546875
-0.0594100952148438 -0.102836608886719 -0.0190448760986328 0.00831413269042968
-0.0294418334960938 -0.110519409179688 -0.0333061218261719 0.0233421325683594
0.0341644287109375 -0.117027282714844 -0.0414848327636719 0.0239524841308594
0.0982131958007813 -0.081024169921875 -0.0558052062988281 -0.0105476379394531
0.146209716796875 0.034515380859375 -0.0485649108886719 -0.0440940856933594
0.125503540039063 0.111045837402344 -0.0127792358398437 -0.0580825805664062
0.0517425537109375 0.17791748046875 -0.00888919830322265 -0.000258445739746084
-0.01959228515625 0.1756591796875 0.0952529907226563 0.0609512329101563
0.0261688232421875 0.160568237304688 0.0511245727539063 0.105339050292969
0.117362976074219 0.134284973144531 0.0646514892578125 0.109016418457031
0.147048950195313 0.01507568359375 0.100753784179688 0.0526657104492188
0.108238220214844 -0.0643844604492188 0.0817031860351563 -0.00186920166015625
0.0205841064453125 -0.116973876953125 0.0345458984375 -0.0375251770019531
-0.0392532348632812 -0.110313415527344 0.00336074829101562 -0.0160427093505859
-0.0378799438476563 -0.102119445800781 0.00100135803222656 0.0206947326660156
-0.0600051879882813 -0.107719421386719 0.00403976440429688 0.0371894836425781
-0.0301055908203125 -0.115165710449219 -0.0182304382324219 0.0537528991699219
0.0370941162109375 -0.120376586914063 -0.0330543518066406 0.0499687194824219
0.09979248046875 -0.0778961181640625 -0.0553970336914062 0.0119857788085937
0.138900756835938 0.0441741943359375 -0.049530029296875 -0.0292701721191406
0.103683471679688 0.116828918457031 0.00451278686523438 -0.0328769683837891
0.022552490234375 0.167129516601563 -0.000587463378906247 0.054473876953125
-0.0463790893554688 0.125129699707031 0.0840682983398437 0.119598388671875
-0.010223388671875 0.134178161621094 0.04736328125 0.14141845703125
0.0748062133789063 0.128669738769531 0.0488357543945312 0.115974426269531
0.119354248046875 0.0308914184570312 0.0750579833984375 0.0728225708007813
0.0963134765625 -0.04498291015625 0.0646209716796875 0.0290946960449219
0.0242691040039063 -0.09942626953125 0.0380744934082031 0.00159454345703124
-0.029327392578125 -0.0969161987304688 0.0240726470947266 0.019134521484375
-0.0310287475585938 -0.0906219482421875 0.0225372314453125 0.0462760925292969
-0.0500259399414062 -0.0981063842773438 0.0254745483398438 0.0634803771972656
-0.0244293212890625 -0.104522705078125 -0.00311279296875 0.0819778442382813
0.0388717651367187 -0.107330322265625 -0.0266647338867187 0.074188232421875
0.0943069458007813 -0.0618515014648437 -0.0563697814941406 0.030609130859375
0.116897583007812 0.0545730590820312 -0.0499992370605469 -0.0169677734375
0.0668563842773437 0.114364624023437 0.0162858963012695 -0.00785732269287109
-0.0125732421875 0.136810302734375 -0.000274658203125005 0.102752685546875
-0.0646858215332031 0.0530815124511719 0.0691375732421875 0.15301513671875
-0.03961181640625 0.0810775756835937 0.0411834716796875 0.157562255859375
0.0234222412109375 0.092987060546875 0.0361709594726563 0.111701965332031
0.0715713500976563 0.0341796875 0.0541152954101563 0.0811080932617188
0.0649070739746094 -0.0207443237304688 0.0487213134765625 0.0469322204589844
0.0207481384277344 -0.0656852722167969 0.0396957397460938 0.0309181213378906
-0.0157928466796875 -0.0679779052734375 0.0403709411621094 0.0452346801757812
-0.0188064575195312 -0.0656814575195313 0.0416488647460938 0.0653533935546875
-0.0324020385742187 -0.0739898681640625 0.0436172485351562 0.0864181518554688
-0.0142288208007813 -0.08062744140625 0.0072021484375 0.10601806640625
0.0369033813476563 -0.08026123046875 -0.0263671875 0.0936508178710937
0.0779647827148438 -0.0386810302734375 -0.0616645812988281 0.044891357421875
0.08062744140625 0.0598373413085938 -0.0542678833007813 -0.0090484619140625
0.0226058959960938 0.0975875854492188 0.0194015502929688 0.0145072937011719
-0.046875 0.0887527465820312 -0.0117568969726563 0.140098571777344
0.06707763671875 -0.0145835876464844 0.00291442871093751 -0.16485595703125
0.00674819946289063 -0.0630874633789063 -0.0198497772216797 -0.0327949523925781
-0.043243408203125 -0.0402565002441406 0.0646171569824219 0.014404296875
-0.0463485717773438 0.0101699829101563 0.0920181274414063 -0.0562973022460937
-0.0237579345703125 0.0373497009277344 0.0408782958984375 -0.113105773925781
0.00735855102539062 0.0468063354492188 -0.0230941772460938 -0.127349853515625
0.0111675262451172 0.0341835021972656 -0.0714111328125 -0.105171203613281
0.00841712951660157 0.0321884155273438 -0.0633468627929688 -0.0749969482421875
0.00493240356445313 0.0358352661132813 -0.0570640563964844 -0.057098388671875
-0.0168724060058594 0.0265922546386719 -0.0468788146972656 -0.0526580810546875
-0.030303955078125 -0.00019454956054687 -0.0503807067871094 -0.053924560546875
-0.0161094665527344 -0.0362358093261719 -0.04949951171875 -0.0841522216796875
0.0301589965820313 -0.0462837219238281 -0.0304641723632813 -0.123641967773438
0.067779541015625 -0.0203285217285156 -0.0462188720703125 -0.161941528320313
0.0817413330078125 0.0191802978515625 -0.0569610595703125 -0.177291870117188
0.0817718505859375 0.0600051879882812 0.0313262939453125 -0.166107177734375
0.0469436645507813 -0.015533447265625 -0.00427627563476562 -0.0353736877441406
0.0174560546875 -0.0238323211669922 0.0757675170898438 0.0217742919921875
-0.00174903869628906 -0.0143232345581055 0.107772827148438 -0.0547637939453125
-0.00220894813537598 -0.0035405158996582 0.0575714111328125 -0.117645263671875
-0.00395345687866211 0.000171184539794922 -0.0193405151367187 -0.137367248535156
-0.0141019821166992 -0.00711154937744141 -0.0738525390625 -0.109825134277344
-0.0108861923217773 -0.00829410552978516 -0.0662460327148438 -0.0711822509765625
-0.015833854675293 -0.00817203521728516 -0.0600738525390625 -0.0548057556152344
-0.0163211822509766 -0.0187873840332031 -0.0523338317871094 -0.0482864379882812
-0.00121307373046875 -0.0362625122070312 -0.0528182983398438 -0.04669189453125
0.0322532653808594 -0.0440635681152344 -0.0514068603515625 -0.0762100219726563
0.0760955810546875 -0.0064544677734375 -0.0356521606445312 -0.108360290527344
0.0969924926757813 0.0366363525390625 -0.0469970703125 -0.144149780273438
0.0884170532226563 0.0910186767578125 -0.04644775390625 -0.154708862304688
0.0783233642578125 0.130195617675781 0.0625457763671875 -0.139259338378906
0.0757369995117188 0.04644775390625 0.0171871185302734 -0.0196819305419922
0.0809707641601563 0.0093994140625 0.0869979858398438 0.0393524169921875
0.0540847778320313 -0.030731201171875 0.123725891113281 -0.0414352416992188
0.030181884765625 -0.0431747436523438 0.0772476196289063 -0.108871459960938
-0.00760650634765625 -0.0490226745605469 -0.00759887695312501 -0.135360717773438
-0.0348854064941406 -0.0492706298828125 -0.06512451171875 -0.102378845214844
-0.0279769897460938 -0.0482139587402344 -0.0592803955078125 -0.057098388671875
-0.037261962890625 -0.0499992370605469 -0.0547370910644531 -0.0399971008300781
-0.0212860107421875 -0.0606422424316406 -0.0541343688964844 -0.0306968688964844
0.0175247192382813 -0.0731124877929687 -0.0551643371582031 -0.0275344848632813
0.0673332214355469 -0.0605735778808594 -0.0577239990234375 -0.058258056640625
0.116508483886719 0.0140609741210938 -0.0450210571289062 -0.0879974365234375
0.124420166015625 0.0746078491210937 -0.044677734375 -0.11822509765625
0.0897674560546875 0.144073486328125 -0.0361709594726563 -0.113021850585937
0.0577239990234375 0.182205200195312 0.0867919921875 -0.0855941772460937
0.084564208984375 0.1094970703125 0.0380401611328125 0.0144271850585938
0.130706787109375 0.056732177734375 0.0922470092773438 0.0648269653320313
0.11102294921875 -0.0319137573242188 0.132637023925781 -0.0151596069335938
0.0668716430664063 -0.0729217529296875 0.0913772583007812 -0.0831832885742188
-0.003692626953125 -0.0922012329101562 0.0086517333984375 -0.116317749023437
-0.0480804443359375 -0.0850372314453125 -0.04736328125 -0.0822525024414063
-0.0407257080078125 -0.0806045532226563 -0.0439071655273438 -0.0334930419921875
-0.0562973022460938 -0.0830078125 -0.0402679443359375 -0.0170097351074219
-0.0297698974609375 -0.0927505493164063 -0.0478630065917969 -0.00374603271484376
0.0254669189453125 -0.104904174804688 -0.0520820617675781 -0.00111770629882812
0.0877838134765625 -0.0802841186523438 -0.0616111755371094 -0.0340385437011719
0.144866943359375 0.021942138671875 -0.0524444580078125 -0.0660781860351562
0.139968872070313 0.0965805053710938 -0.0334854125976562 -0.0892410278320312
0.0829620361328125 0.174896240234375 -0.0232162475585937 -0.0587844848632812
0.0248260498046875 0.202224731445313 0.100181579589844 -0.0157928466796875
0.06939697265625 0.1549072265625 0.0521354675292969 0.0602645874023438
0.149703979492188 0.104949951171875 0.0875167846679688 0.092010498046875
0.14910888671875 -0.0157623291015625 0.127700805664063 0.0195541381835938
0.0974349975585938 -0.08294677734375 0.0958175659179688 -0.0464859008789063
0.00566864013671876 -0.118324279785156 0.02362060546875 -0.0831756591796875
-0.0518569946289063 -0.107467651367188 -0.0235481262207031 -0.0517539978027344
-0.0471420288085937 -0.099609375 -0.0223503112792969 -0.00598907470703126
-0.06793212890625 -0.102790832519531 -0.0200881958007813 0.0107479095458984
-0.0374679565429687 -0.112205505371094 -0.0336837768554688 0.0272541046142578
0.0286636352539062 -0.123710632324219 -0.04345703125 0.0274581909179688
0.096954345703125 -0.0905838012695313 -0.0604133605957031 -0.00854110717773438
0.155364990234375 0.02728271484375 -0.0544090270996094 -0.0455780029296875
0.136947631835937 0.108383178710938 -0.0164108276367187 -0.0618171691894531
0.0641937255859375 0.183425903320312 -0.0084538459777832 -0.000326633453369131
-0.0107269287109375 0.184829711914063 0.101158142089844 0.0580368041992188
0.035980224609375 0.16680908203125 0.057525634765625 0.107467651367188
0.131538391113281 0.133697509765625 0.0741958618164063 0.11248779296875
0.153900146484375 0.0072174072265625 0.108146667480469 0.0508346557617188
0.110221862792969 -0.073822021484375 0.0861892700195313 -0.00628662109375
0.0147323608398438 -0.122161865234375 0.03314208984375 -0.0406341552734375
-0.0485916137695313 -0.111717224121094 0.00170040130615234 -0.0154075622558594
-0.0456619262695313 -0.103805541992188 0.00248336791992187 0.0225906372070312
-0.0690765380859375 -0.107894897460938 0.00569534301757812 0.0393867492675781
-0.039093017578125 -0.116531372070313 -0.0159683227539063 0.0577125549316406
0.0301437377929688 -0.126533508300781 -0.0328865051269531 0.0550537109375
0.09979248046875 -0.0864410400390625 -0.0584983825683594 0.0145683288574219
0.14825439453125 0.037261962890625 -0.0531692504882812 -0.0296974182128906
0.114707946777344 0.114982604980469 0.00199890136718751 -0.0361213684082031
0.0333251953125 0.173507690429688 0.00252532958984375 0.0560722351074219
-0.0416412353515625 0.133995056152344 0.0926589965820313 0.119598388671875
-0.00296020507812499 0.140914916992188 0.055572509765625 0.144393920898437
0.085784912109375 0.129753112792969 0.0569686889648437 0.120262145996094
0.126472473144531 0.0255203247070313 0.0826950073242188 0.0728378295898438
0.0981292724609375 -0.0523910522460938 0.0701828002929688 0.0269088745117187
0.0189666748046875 -0.104217529296875 0.0392799377441406 -0.000423431396484381
-0.0373611450195313 -0.0989608764648438 0.0257663726806641 0.0192089080810547
-0.0374374389648438 -0.0925064086914062 0.0275077819824219 0.0481758117675781
-0.059295654296875 -0.0987930297851563 0.0302276611328125 0.0661430358886719
-0.0322418212890625 -0.106575012207031 0.000846862792968756 0.0866775512695313
0.0327377319335938 -0.113807678222656 -0.0243606567382812 0.0791244506835937
0.0947036743164063 -0.0704421997070313 -0.0579071044921875 0.0345497131347656
0.125862121582031 0.0496978759765625 -0.0537986755371094 -0.0162773132324219
0.0767288208007812 0.114936828613281 0.0161685943603516 -0.0106935501098633
-0.00460815429687502 0.145217895507813 0.0057373046875 0.106575012207031
-0.0640182495117187 0.0590553283691406 0.078857421875 0.15625
-0.0365142822265625 0.0868148803710938 0.05108642578125 0.162246704101563
0.030517578125 0.0960769653320313 0.0437088012695312 0.116813659667969
0.0764236450195313 0.0310211181640625 0.0617752075195313 0.082977294921875
0.0671424865722656 -0.0258140563964844 0.0540504455566406 0.0465316772460938
0.0169601440429688 -0.0694580078125 0.0425148010253906 0.0298004150390625
-0.0213203430175781 -0.0697555541992188 0.0450096130371094 0.0456085205078125
-0.02386474609375 -0.0670738220214844 0.0483894348144531 0.0665664672851563
-0.0391159057617188 -0.0748291015625 0.0498504638671875 0.0887069702148438
-0.0205841064453125 -0.0820236206054688 0.0127944946289063 0.111061096191406
0.0327987670898437 -0.0861587524414063 -0.0228347778320313 0.0991592407226563
0.0788803100585938 -0.045623779296875 -0.0628318786621094 0.0497970581054688
0.08843994140625 0.05718994140625 -0.0572395324707031 -0.00772094726562501
0.029052734375 0.1002197265625 0.0205974578857422 0.0116195678710938
-0.0427169799804687 0.0959625244140625 -0.00392150878906249 0.145858764648437
0.0670013427734375 -0.0203208923339844 -0.00817871093750001 -0.166900634765625
0.00249862670898437 -0.063934326171875 -0.0228633880615234 -0.0293807983398438
-0.0467338562011719 -0.0371589660644531 0.0669708251953125 0.010528564453125
-0.0462722778320313 0.012969970703125 0.0902023315429687 -0.0620880126953125
-0.0210914611816406 0.0389480590820313 0.0351181030273437 -0.116020202636719
0.0112838745117187 0.0465621948242188 -0.0298614501953125 -0.127212524414063
0.0146026611328125 0.0335292816162109 -0.0787582397460937 -0.102096557617188
0.0116806030273437 0.03033447265625 -0.0692214965820313 -0.0724563598632813
0.00823783874511719 0.0340404510498047 -0.0611190795898438 -0.0545501708984375
-0.0138339996337891 0.0276546478271484 -0.050872802734375 -0.0510101318359375
-0.030242919921875 0.00212860107421875 -0.0551528930664063 -0.0523681640625
-0.0187416076660156 -0.0347366333007812 -0.0565032958984375 -0.083648681640625
0.0266380310058594 -0.047760009765625 -0.0391845703125 -0.124214172363281
0.0664443969726563 -0.0248451232910156 -0.0560760498046875 -0.161514282226563
0.0837783813476562 0.0131683349609375 -0.0680389404296875 -0.176071166992188
0.08673095703125 0.0552215576171875 0.020172119140625 -0.169998168945313
0.0466423034667969 -0.0174942016601563 -0.00821304321289062 -0.0336799621582031
0.0162315368652344 -0.0249061584472656 0.0788955688476563 0.01824951171875
-0.00296211242675781 -0.0141191482543945 0.106697082519531 -0.0610809326171875
-0.00163388252258301 -0.00386142730712891 0.051544189453125 -0.122276306152344
-0.00327777862548828 -0.00023651123046875 -0.0277328491210938 -0.137809753417969
-0.0141544342041016 -0.006072998046875 -0.0809555053710937 -0.106193542480469
-0.0107870101928711 -0.00893783569335938 -0.0712890625 -0.0682220458984375
-0.0156183242797852 -0.00843429565429688 -0.064361572265625 -0.0514411926269531
-0.0164737701416016 -0.0176563262939453 -0.0565071105957031 -0.0461883544921875
-0.003326416015625 -0.0355949401855469 -0.0570945739746094 -0.0443763732910156
0.0297660827636719 -0.0462417602539063 -0.0579299926757813 -0.075164794921875
0.0760421752929688 -0.01068115234375 -0.0430679321289063 -0.109245300292969
0.099853515625 0.0311737060546875 -0.0563507080078125 -0.143600463867188
0.095458984375 0.0866775512695313 -0.0562744140625 -0.154769897460938
0.087921142578125 0.127159118652344 0.0531158447265625 -0.145431518554688
0.0784912109375 0.0436477661132813 0.01336669921875 -0.0192298889160156
0.0828781127929688 0.00518035888671875 0.0912399291992188 0.0356903076171875
0.0531387329101563 -0.0341339111328125 0.123252868652344 -0.0485610961914063
0.0274620056152344 -0.0462570190429688 0.0714874267578125 -0.114364624023437
-0.0101089477539063 -0.0489425659179688 -0.0157241821289063 -0.136398315429688
-0.0384292602539062 -0.046905517578125 -0.0717544555664062 -0.0987396240234375
-0.0313568115234375 -0.0474891662597656 -0.0625877380371094 -0.0537338256835938
-0.0406494140625 -0.0482330322265625 -0.0579757690429688 -0.0369148254394531
-0.0245628356933594 -0.0594253540039063 -0.0567436218261719 -0.0270538330078125
0.0131759643554688 -0.0740432739257813 -0.0583534240722656 -0.024688720703125
0.0641136169433594 -0.066009521484375 -0.0639724731445313 -0.0565834045410156
0.119415283203125 0.0069580078125 -0.0522537231445312 -0.088531494140625
0.12939453125 0.0677108764648438 -0.0528488159179687 -0.117439270019531
0.10003662109375 0.140975952148437 -0.0439834594726562 -0.113059997558594
0.0694122314453125 0.181427001953125 0.0811996459960938 -0.0919418334960937
0.09136962890625 0.107231140136719 0.0368995666503906 0.013092041015625
0.136474609375 0.0497970581054688 0.0988006591796875 0.0622482299804687
0.110198974609375 -0.0390548706054688 0.134063720703125 -0.021942138671875
0.0637283325195313 -0.0784530639648438 0.0885086059570313 -0.090545654296875
-0.00902557373046875 -0.092041015625 0.0010833740234375 -0.117683410644531
-0.0544509887695312 -0.0822982788085938 -0.053131103515625 -0.0793533325195313
-0.0458450317382812 -0.0785369873046875 -0.045806884765625 -0.0310783386230469
-0.0618362426757812 -0.0798416137695313 -0.0423393249511719 -0.0138893127441406
-0.036529541015625 -0.0910797119140625 -0.0489730834960938 -2.67028808593873E-05
0.018768310546875 -0.107078552246094 -0.0538406372070313 0.00248336791992187
0.0838394165039063 -0.0864639282226563 -0.0653457641601563 -0.0314216613769531
0.147750854492188 0.012786865234375 -0.0578689575195313 -0.0658340454101563
0.146759033203125 0.0885009765625 -0.0408782958984375 -0.090057373046875
0.095428466796875 0.1728515625 -0.0275802612304687 -0.0593833923339844
0.0381927490234375 0.203689575195313 0.0988311767578125 -0.0224609375
0.0789031982421875 0.153762817382813 0.0538063049316406 0.0584564208984375
0.158172607421875 0.097198486328125 0.0948028564453125 0.0902862548828125
0.149688720703125 -0.0250091552734375 0.131118774414063 0.0126495361328125
0.0944595336914063 -0.0908660888671875 0.0946807861328125 -0.0526885986328125
-0.00170135498046874 -0.119384765625 0.0181198120117188 -0.0847244262695313
-0.060394287109375 -0.104606628417969 -0.0270652770996094 -0.0494155883789063
-0.0541458129882813 -0.0981369018554688 -0.0220546722412109 -0.00347900390625001
-0.0754013061523438 -0.0985641479492188 -0.0195484161376953 0.0140361785888672
-0.0454025268554687 -0.110069274902344 -0.0329990386962891 0.0309276580810547
0.0198516845703125 -0.126258850097656 -0.0432968139648438 0.0310859680175781
0.092193603515625 -0.0980072021484375 -0.0636940002441406 -0.00579452514648437
0.159591674804688 0.017791748046875 -0.0586128234863281 -0.0448570251464844
0.144866943359375 0.100265502929688 -0.0214691162109375 -0.0629539489746094
0.0772247314453125 0.182830810546875 -0.00865793228149414 -0.00131702423095702
0.00109863281249999 0.1885986328125 0.104248046875 0.0526046752929688
0.04620361328125 0.167449951171875 0.0612869262695313 0.105178833007813
0.141738891601563 0.1275634765625 0.082275390625 0.111778259277344
0.156585693359375 -0.0017242431640625 0.1142578125 0.0454864501953125
0.107101440429688 -0.0827255249023438 0.0877838134765625 -0.0116500854492188
0.00685119628906251 -0.124191284179687 0.0308952331542969 -0.0429801940917969
-0.056884765625 -0.109039306640625 0.000967979431152339 -0.0150480270385742
-0.053558349609375 -0.103019714355469 0.00582504272460938 0.0235862731933594
-0.0776824951171875 -0.103675842285156 0.00750732421874999 0.0407524108886719
-0.0476226806640625 -0.113777160644531 -0.0133285522460938 0.0612754821777344
0.0222549438476563 -0.129547119140625 -0.0301933288574219 0.0579147338867187
0.0944900512695313 -0.0945510864257813 -0.0598602294921875 0.0181427001953125
0.152603149414063 0.027984619140625 -0.0570106506347656 -0.0280990600585937
0.122528076171875 0.108406066894531 -0.000663757324218739 -0.0382919311523437
0.0451812744140625 0.17510986328125 0.00603103637695313 0.0555763244628906
-0.0336990356445312 0.138381958007813 0.0990676879882813 0.114944458007813
0.00531005859374999 0.143356323242188 0.0633087158203125 0.142181396484375
0.0963973999023438 0.1265869140625 0.06500244140625 0.119400024414063
0.129753112792969 0.0174713134765625 0.0896148681640625 0.0699615478515625
0.0966110229492187 -0.0597152709960937 0.0725860595703125 0.0227127075195312
0.0117645263671875 -0.105964660644531 0.0388946533203125 -0.00215911865234376
-0.0456771850585938 -0.0970001220703125 0.0271854400634766 0.0183258056640625
-0.0451736450195312 -0.09124755859375 0.0318565368652344 0.0475959777832031
-0.0666732788085937 -0.0948867797851563 0.0345993041992187 0.0658111572265625
-0.0406265258789062 -0.104530334472656 0.00591278076171875 0.0886688232421875
0.0253524780273437 -0.116607666015625 -0.0207061767578125 0.0819168090820313
0.0901718139648437 -0.0777969360351562 -0.0575752258300781 0.0376777648925781
0.131118774414063 0.0416183471679688 -0.0558929443359375 -0.014556884765625
0.0843048095703125 0.110946655273438 0.0154600143432617 -0.0133628845214844
0.0052490234375 0.147552490234375 0.0127716064453125 0.106712341308594
-0.0605697631835937 0.0643959045410156 0.087310791015625 0.153564453125
-0.031829833984375 0.0904388427734375 0.060302734375 0.161666870117188
0.0386734008789063 0.0955352783203125 0.0513381958007812 0.116744995117187
0.0795516967773438 0.026123046875 0.0689010620117188 0.0807418823242188
0.0663681030273438 -0.0307464599609375 0.0580596923828125 0.0442237854003906
0.01220703125 -0.07061767578125 0.0445632934570313 0.0280799865722656
-0.0282707214355469 -0.0682868957519531 0.0482330322265625 0.0435638427734375
-0.0291900634765625 -0.0654945373535156 0.0537033081054688 0.0646133422851563
-0.0454864501953125 -0.0716629028320313 0.0556564331054688 0.087677001953125
-0.02685546875 -0.0799102783203125 0.0194778442382813 0.112281799316406
0.0266571044921875 -0.0893173217773438 -0.0177764892578125 0.102005004882813
0.0765457153320312 -0.051483154296875 -0.0614700317382812 0.0538253784179688
0.0941314697265625 0.0515365600585938 -0.0586395263671875 -0.00568771362304688
0.0360946655273437 0.0990676879882812 0.0217247009277344 0.00929260253906251
-0.0369796752929688 0.100425720214844 0.00604248046874999 0.146743774414063
0.0654830932617188 -0.0237808227539062 -0.01519775390625 -0.164840698242188
-0.000663757324218752 -0.0625534057617188 -0.0250377655029297 -0.0264396667480469
-0.0485382080078125 -0.0338020324707031 0.0674972534179688 0.008392333984375
-0.0456581115722656 0.0148963928222656 0.08746337890625 -0.064208984375
-0.0196304321289062 0.0399131774902344 0.0313949584960938 -0.115943908691406
0.01397705078125 0.0447921752929688 -0.0341949462890625 -0.125808715820312
0.0168533325195312 0.0321140289306641 -0.0825271606445312 -0.0988540649414063
0.0125522613525391 0.0291862487792969 -0.0714340209960937 -0.069580078125
0.0106887817382813 0.03265380859375 -0.0632362365722656 -0.0520210266113281
-0.0110511779785156 0.0273799896240234 -0.0530014038085938 -0.0489921569824219
-0.0294857025146484 0.00408744812011719 -0.0570182800292969 -0.0505867004394531
-0.0201396942138672 -0.0335884094238281 -0.06048583984375 -0.081787109375
0.0239410400390625 -0.0487480163574219 -0.0435333251953125 -0.122238159179687
0.0650596618652344 -0.026580810546875 -0.0611572265625 -0.157989501953125
0.0839614868164063 0.0088653564453125 -0.0741729736328125 -0.172927856445313
0.0882797241210937 0.0499038696289062 0.0120391845703125 -0.16912841796875
0.0446281433105469 -0.0181655883789062 -0.0105972290039062 -0.0313472747802734
0.0147151947021484 -0.0245494842529297 0.0795516967773438 0.0155181884765625
-0.00343894958496094 -0.0138673782348633 0.103904724121094 -0.0643310546875
-0.00198125839233398 -0.00400829315185547 0.0470657348632813 -0.122940063476563
-0.00232315063476563 0.000343561172485352 -0.0323410034179688 -0.136077880859375
-0.0135707855224609 -0.0053567886352539 -0.08489990234375 -0.101509094238281
-0.0112209320068359 -0.00916862487792969 -0.0730667114257812 -0.065277099609375
-0.0156183242797852 -0.0083322525024414 -0.0658683776855469 -0.0484542846679687
-0.0155878067016602 -0.0172014236450195 -0.0584259033203125 -0.0431747436523438
-0.00383758544921875 -0.0345287322998047 -0.0591697692871094 -0.0422477722167969
0.0274009704589844 -0.0467338562011719 -0.0619888305664063 -0.0733718872070312
0.0745468139648438 -0.013702392578125 -0.0478744506835937 -0.107421875
0.099212646484375 0.0271377563476563 -0.0613250732421875 -0.141189575195312
0.0976715087890625 0.0815963745117188 -0.0622711181640625 -0.152816772460938
0.0927047729492187 0.121994018554687 0.0455780029296875 -0.145950317382812
0.0794677734375 0.0414505004882813 0.0111217498779297 -0.0185508728027344
0.08233642578125 0.00164794921875 0.0927886962890625 0.0332565307617188
0.0511703491210938 -0.036041259765625 0.12139892578125 -0.05194091796875
0.0263862609863281 -0.047576904296875 0.0669403076171875 -0.116683959960938
-0.0123710632324219 -0.0474395751953125 -0.02099609375 -0.134063720703125
-0.04010009765625 -0.0446586608886719 -0.0756301879882813 -0.0946121215820313
-0.0325584411621094 -0.0464668273925781 -0.0635910034179688 -0.0507316589355469
-0.0418891906738281 -0.046630859375 -0.0591850280761719 -0.0336341857910156
-0.0262222290039063 -0.05718994140625 -0.0579452514648438 -0.024139404296875
0.0103530883789062 -0.0733108520507813 -0.0600128173828125 -0.0221633911132813
0.0611038208007813 -0.0675849914550781 -0.0675315856933594 -0.0553817749023437
0.1182861328125 0.0020904541015625 -0.0565109252929688 -0.0871505737304688
0.129920959472656 0.061614990234375 -0.0577774047851562 -0.1158447265625
0.105140686035156 0.136199951171875 -0.04736328125 -0.111763000488281
0.077178955078125 0.177505493164063 0.07525634765625 -0.0953292846679687
0.0945663452148438 0.103553771972656 0.0346736907958984 0.0127754211425781
0.137954711914063 0.0438232421875 0.100975036621094 0.0594482421875
0.107711791992188 -0.0430068969726563 0.133529663085937 -0.026214599609375
0.0608139038085938 -0.0810394287109375 0.0848846435546875 -0.093292236328125
-0.0131759643554687 -0.0907440185546875 -0.00342559814453125 -0.116546630859375
-0.057708740234375 -0.0782394409179688 -0.05615234375 -0.0756759643554688
-0.0490951538085938 -0.0771636962890625 -0.0450897216796875 -0.0283699035644531
-0.0650100708007813 -0.0764389038085938 -0.04241943359375 -0.0112495422363281
-0.0389480590820313 -0.0877304077148438 -0.0483589172363281 0.00381088256835937
0.0137710571289063 -0.106307983398438 -0.054290771484375 0.00529479980468749
0.0797805786132813 -0.0894622802734375 -0.068634033203125 -0.0301971435546875
0.147674560546875 0.0064239501953125 -0.0618934631347656 -0.0651664733886719
0.148117065429688 0.0811767578125 -0.0447235107421875 -0.0893020629882813
0.101669311523438 0.168289184570313 -0.029205322265625 -0.059173583984375
0.0465087890625 0.201446533203125 0.0946807861328125 -0.026214599609375
0.08331298828125 0.150726318359375 0.0529441833496094 0.0565376281738281
0.162445068359375 0.089752197265625 0.0986862182617188 0.0881271362304688
0.147689819335938 -0.030792236328125 0.131706237792969 0.00856781005859375
0.090545654296875 -0.094635009765625 0.0924530029296875 -0.0565872192382813
-0.00704193115234375 -0.117500305175781 0.0139617919921875 -0.0842742919921875
-0.065032958984375 -0.099945068359375 -0.0287055969238281 -0.0477447509765625
-0.058197021484375 -0.0954132080078125 -0.0201930999755859 -0.00188064575195313
-0.0797805786132813 -0.0944061279296875 -0.0186080932617188 0.0157279968261719
-0.0496902465820312 -0.10552978515625 -0.0319385528564453 0.0334300994873047
0.0144424438476563 -0.125785827636719 -0.0417556762695313 0.0329971313476562
0.0876235961914062 -0.101493835449219 -0.0647621154785156 -0.0036163330078125
0.159088134765625 0.0103607177734375 -0.0616645812988281 -0.04351806640625
0.14666748046875 0.0936279296875 -0.0247802734375 -0.0637893676757812
0.085113525390625 0.179595947265625 -0.00840091705322265 -0.00204992294311522
0.00889587402343748 0.187606811523437 0.103553771972656 0.04833984375
0.0512847900390625 0.165679931640625 0.0631256103515625 0.1021728515625
0.147247314453125 0.120712280273437 0.0862960815429688 0.109382629394531
0.1556396484375 -0.0088653564453125 0.1158447265625 0.0419769287109375
0.103584289550781 -0.08673095703125 0.0870895385742187 -0.0152130126953125
0.0009307861328125 -0.122451782226563 0.0281524658203125 -0.0432929992675781
-0.0615692138671875 -0.105171203613281 -0.000141143798828128 -0.0144100189208984
-0.0584716796875 -0.0997390747070313 0.00747489929199218 0.0244503021240234
-0.0819854736328125 -0.0991363525390625 0.00934982299804687 0.0410270690917969
-0.052581787109375 -0.109779357910156 -0.0109176635742188 0.0624580383300781
0.015472412109375 -0.129234313964844 -0.0284500122070312 0.0591583251953125
0.0896148681640625 -0.0981826782226563 -0.0597991943359375 0.0196762084960938
0.153671264648438 0.0208740234375 -0.0586891174316406 -0.0269050598144531
0.126350402832031 0.102378845214844 -0.00276184082031249 -0.0395851135253906
0.052978515625 0.172317504882813 0.00825119018554688 0.0535621643066406
-0.0274200439453125 0.139106750488281 0.101188659667969 0.110389709472656
0.01055908203125 0.143356323242188 0.0653915405273437 0.13909912109375
0.102058410644531 0.121734619140625 0.0689697265625 0.118064880371094
0.129188537597656 0.0116348266601563 0.0921173095703125 0.0663070678710938
0.0938873291015625 -0.0648422241210938 0.0741043090820313 0.0199203491210938
0.00646209716796876 -0.105323791503906 0.0382652282714844 -0.00338745117187501
-0.05035400390625 -0.0926284790039063 0.0279655456542969 0.0172500610351562
-0.0497665405273438 -0.0885162353515625 0.0345420837402344 0.0467605590820312
-0.0712890625 -0.0902099609375 0.0364646911621094 0.0654640197753906
-0.0454254150390625 -0.0999908447265625 0.00923919677734376 0.0890045166015625
0.0188140869140625 -0.117103576660156 -0.0179824829101563 0.082244873046875
0.0858306884765625 -0.081451416015625 -0.0568962097167969 0.0396461486816406
0.132698059082031 0.0352859497070313 -0.05712890625 -0.0134468078613281
0.0879364013671875 0.106658935546875 0.0140514373779297 -0.0160446166992187
0.0119171142578125 0.14697265625 0.0169448852539063 0.10491943359375
-0.0579795837402344 0.0669670104980469 0.0916748046875 0.14947509765625
-0.0269088745117187 0.091705322265625 0.064422607421875 0.1575927734375
0.0428924560546875 0.0930099487304688 0.0552978515625 0.114326477050781
0.08026123046875 0.021942138671875 0.0719757080078125 0.0781936645507812
0.0645828247070313 -0.0340423583984375 0.060302734375 0.0418815612792969
0.00866317749023437 -0.0697669982910156 0.0447845458984375 0.0264739990234375
-0.0313911437988281 -0.0656013488769531 0.0499534606933594 0.0411453247070312
-0.0333290100097656 -0.0640487670898438 0.0564308166503906 0.0628776550292969
-0.04901123046875 -0.0687484741210938 0.0597305297851563 0.0853424072265625
-0.0303115844726562 -0.0769882202148438 0.0235061645507813 0.111480712890625
0.02197265625 -0.088836669921875 -0.0142593383789062 0.101776123046875
0.07305908203125 -0.0546875 -0.0597457885742187 0.0556526184082031
0.0959701538085938 0.0464248657226563 -0.0594444274902344 -0.0044708251953125
0.0397109985351562 0.09674072265625 0.0211772918701172 0.00576210021972657
-0.0321426391601563 0.10150146484375 0.01165771484375 0.143844604492188
0.0640945434570313 -0.0259437561035156 -0.0190887451171875 -0.163177490234375
-0.00213241577148437 -0.0617942810058594 -0.0254402160644531 -0.02398681640625
-0.0486793518066406 -0.0322418212890625 0.0686569213867187 0.00763702392578125
-0.0454254150390625 0.0168075561523438 0.0874404907226563 -0.0648651123046875
-0.0182266235351562 0.040283203125 0.0303421020507813 -0.115737915039063
0.0160179138183594 0.0439109802246094 -0.0358505249023438 -0.125656127929688
0.0183486938476562 0.0311908721923828 -0.083709716796875 -0.0971298217773438
0.0134544372558594 0.0277881622314453 -0.0726165771484375 -0.0691757202148438
0.0111045837402344 0.0305976867675781 -0.0643272399902344 -0.0511131286621094
-0.00898933410644531 0.0269737243652344 -0.0540847778320312 -0.0481224060058594
-0.0275096893310547 0.00557518005371094 -0.0579414367675781 -0.0503654479980469
-0.02093505859375 -0.0325050354003906 -0.0624008178710937 -0.0805587768554687
0.0219039916992188 -0.0481185913085938 -0.045318603515625 -0.121292114257813
0.0632820129394531 -0.0274658203125 -0.062469482421875 -0.156906127929688
0.0834274291992187 0.0065765380859375 -0.076019287109375 -0.17193603515625
0.0889053344726562 0.0479278564453125 0.007659912109375 -0.168228149414062
0.0435829162597656 -0.0180473327636719 -0.0122241973876953 -0.0291080474853516
0.0141353607177734 -0.0239791870117188 0.0801010131835937 0.015411376953125
-0.00398159027099609 -0.013153076171875 0.103591918945312 -0.0651092529296875
-0.00155210494995117 -0.00374507904052734 0.0452117919921875 -0.122451782226563
-0.00182557106018066 3.13520431518552E-05 -0.0341567993164063 -0.134620666503906
-0.0134706497192383 -0.00492954254150391 -0.0862808227539063 -0.0996322631835938
-0.0108547210693359 -0.00974845886230469 -0.0732879638671875 -0.064117431640625
-0.0154151916503906 -0.00921344757080078 -0.0660362243652344 -0.0474357604980469
-0.0144119262695313 -0.0163431167602539 -0.0590934753417969 -0.0420761108398437
-0.00324058532714844 -0.0337924957275391 -0.0599899291992187 -0.0417518615722656
0.0267677307128906 -0.0465660095214844 -0.0643997192382813 -0.07275390625
0.0735244750976563 -0.014801025390625 -0.0504150390625 -0.107315063476563
0.0981216430664063 0.024932861328125 -0.0631484985351563 -0.140342712402344
0.0991897583007812 0.0787734985351563 -0.0640411376953125 -0.152725219726562
0.0949020385742188 0.119415283203125 0.0409088134765625 -0.14605712890625
0.0789031982421875 0.0408782958984375 0.00876712799072266 -0.0166082382202148
0.0818557739257813 0.00110626220703125 0.0941619873046875 0.0325775146484375
0.0496482849121094 -0.0363426208496094 0.121109008789062 -0.0531005859375
0.0254669189453125 -0.0484962463378906 0.0653533935546875 -0.116767883300781
-0.0125885009765625 -0.0471534729003906 -0.0231857299804688 -0.13299560546875
-0.0410423278808594 -0.0430526733398437 -0.0765609741210938 -0.0926589965820313
-0.0337066650390625 -0.0464134216308594 -0.0635490417480469 -0.0497703552246094
-0.0427284240722656 -0.045867919921875 -0.0594406127929688 -0.0321540832519531
-0.0262413024902344 -0.0559005737304688 -0.0582542419433594 -0.0227127075195313
0.00934600830078124 -0.0725784301757813 -0.0604095458984375 -0.0213279724121094
0.0603141784667969 -0.0681190490722656 -0.0695762634277344 -0.0548667907714844
0.117576599121094 0.00026702880859375 -0.0587005615234375 -0.0874786376953125
0.129371643066406 0.059326171875 -0.0594406127929687 -0.115867614746094
0.107124328613281 0.133995056152344 -0.0493240356445313 -0.111869812011719
0.079986572265625 0.17529296875 0.0716552734375 -0.0961837768554687
0.0949172973632812 0.103569030761719 0.0323486328125 0.0136947631835938
0.138908386230469 0.04229736328125 0.103134155273438 0.0594863891601562
0.106369018554688 -0.0447235107421875 0.133583068847656 -0.0274505615234375
0.0589141845703125 -0.0824813842773438 0.0834503173828125 -0.0940170288085938
-0.014801025390625 -0.0896072387695312 -0.00560760498046876 -0.115364074707031
-0.0587844848632812 -0.0760345458984375 -0.05609130859375 -0.0735702514648438
-0.0505294799804688 -0.0765380859375 -0.0448799133300781 -0.0275497436523437
-0.0662155151367188 -0.074554443359375 -0.0426445007324219 -0.00926589965820314
-0.0402755737304687 -0.085418701171875 -0.048736572265625 0.00503921508789062
0.0124969482421875 -0.105636596679688 -0.0545463562011719 0.00582122802734375
0.0784683227539063 -0.0904693603515625 -0.0709075927734375 -0.0292892456054687
0.147323608398438 0.0035400390625 -0.0640487670898438 -0.0651283264160156
0.148208618164062 0.0781707763671875 -0.0467300415039063 -0.0890579223632812
0.104354858398437 0.166824340820313 -0.03009033203125 -0.0600242614746094
0.0500640869140625 0.200042724609375 0.0918807983398438 -0.0279769897460937
0.084930419921875 0.149490356445313 0.0512619018554688 0.0561180114746094
0.164627075195313 0.087677001953125 0.10089111328125 0.08770751953125
0.146759033203125 -0.032928466796875 0.132400512695313 0.0071258544921875
0.0887985229492188 -0.0971603393554688 0.091278076171875 -0.057830810546875
-0.00897979736328124 -0.116455078125 0.0120315551757813 -0.0834426879882813
-0.0667343139648437 -0.0971450805664063 -0.0293922424316406 -0.0457077026367188
-0.060272216796875 -0.0943679809570313 -0.0192108154296875 -0.00151062011718751
-0.081085205078125 -0.0913009643554687 -0.0182209014892578 0.01708984375
-0.0512008666992187 -0.102760314941406 -0.031524658203125 0.0351066589355469
0.0111083984375 -0.124832153320313 -0.0418930053710938 0.0339431762695312
0.0855941772460938 -0.102149963378906 -0.0665817260742187 -0.00347518920898437
0.1590576171875 0.0071258544921875 -0.063690185546875 -0.0435142517089844
0.147003173828125 0.090423583984375 -0.0268669128417969 -0.0638465881347656
0.087615966796875 0.178512573242188 -0.00943851470947265 -0.00271415710449218
0.0124053955078125 0.186996459960938 0.101699829101562 0.0461654663085938
0.0536346435546875 0.165191650390625 0.0620651245117188 0.101272583007813
0.150405883789063 0.118362426757813 0.0886077880859375 0.10906982421875
0.154464721679687 -0.0109405517578125 0.116355895996094 0.0402908325195312
0.1024169921875 -0.0897216796875 0.0875167846679688 -0.0167617797851563
-0.00181579589843751 -0.121101379394531 0.0267181396484375 -0.0429954528808594
-0.0642623901367188 -0.10162353515625 0.000989913940429684 -0.0134420394897461
-0.0601577758789063 -0.0979537963867187 0.00913047790527343 0.0244865417480469
-0.0839996337890625 -0.0955429077148438 0.0101242065429687 0.0427627563476562
-0.0540847778320312 -0.106552124023438 -0.00914382934570313 0.0637092590332031
0.012176513671875 -0.127830505371094 -0.0277061462402344 0.0595741271972656
0.0869827270507813 -0.0986862182617188 -0.0606727600097656 0.02056884765625
0.152984619140625 0.01763916015625 -0.0608406066894531 -0.0263481140136719
0.126457214355469 0.0997467041015625 -0.00459289550781249 -0.0408554077148437
0.056182861328125 0.172195434570313 0.00924301147460938 0.0524787902832031
-0.0247344970703125 0.139488220214844 0.1007080078125 0.109275817871094
0.013031005859375 0.143173217773438 0.0658950805664063 0.137443542480469
0.10498046875 0.119537353515625 0.0710983276367188 0.117584228515625
0.128044128417969 0.00891876220703125 0.0932693481445313 0.0651626586914063
0.0921859741210938 -0.066741943359375 0.0742568969726563 0.0185012817382812
0.00428771972656249 -0.103736877441406 0.0373039245605469 -0.00350189208984376
-0.0525894165039063 -0.0896530151367187 0.0285987854003906 0.0180740356445312
-0.0515899658203125 -0.0869369506835937 0.0367012023925781 0.0469284057617187
-0.0731658935546875 -0.0872116088867187 0.0381546020507812 0.06591796875
-0.04742431640625 -0.0969467163085938 0.01043701171875 0.0899887084960938
0.0158233642578125 -0.116493225097656 -0.0166015625 0.08203125
0.0835342407226563 -0.0825576782226563 -0.0569610595703125 0.0403709411621094
0.132659912109375 0.0326995849609375 -0.0587501525878906 -0.0132522583007813
0.0893325805664063 0.104232788085938 0.0128173828125 -0.0178127288818359
0.01531982421875 0.146713256835938 0.0180892944335938 0.10296630859375
-0.05584716796875 0.0676689147949219 0.092254638671875 0.148056030273438
-0.025360107421875 0.0925445556640625 0.0650634765625 0.156036376953125
0.0463104248046875 0.0913772583007812 0.0572433471679687 0.114532470703125
0.0797576904296875 0.0194778442382813 0.0734634399414063 0.077423095703125
0.063262939453125 -0.036224365234375 0.0613021850585938 0.0410537719726563
0.00658798217773438 -0.0692825317382813 0.0451164245605469 0.0257835388183594
-0.0336418151855469 -0.062896728515625 0.0505561828613281 0.0406532287597656
-0.0355911254882813 -0.0626258850097656 0.0585441589355469 0.0622940063476563
-0.0503654479980469 -0.0665473937988281 0.0604248046875 0.085174560546875
-0.0324478149414063 -0.0750579833984375 0.0254974365234375 0.112129211425781
0.0188980102539062 -0.08953857421875 -0.0125579833984375 0.101516723632813
0.0714950561523438 -0.0557937622070313 -0.0595626831054688 0.0567703247070313
0.0966644287109375 0.0443191528320313 -0.0605697631835937 -0.005035400390625
0.04083251953125 0.09576416015625 0.0211296081542969 0.00355720520019532
-0.0295562744140625 0.100982666015625 0.01409912109375 0.142303466796875
0.0641708374023437 -0.0277671813964844 -0.0215911865234375 -0.165130615234375
-0.00201797485351562 -0.0623321533203125 -0.0261554718017578 -0.0223102569580078
-0.049835205078125 -0.0311088562011719 0.0702552795410156 0.00801467895507812
-0.0461921691894531 0.0179595947265625 0.0900497436523438 -0.0660171508789063
-0.018310546875 0.0412712097167969 0.0316238403320312 -0.116737365722656
0.0170440673828125 0.042877197265625 -0.0363235473632813 -0.128349304199219
0.0197277069091797 0.0304450988769531 -0.0855865478515625 -0.098785400390625
0.0141811370849609 0.0277442932128906 -0.0745315551757812 -0.0706024169921875
0.0119209289550781 0.0296535491943359 -0.0657005310058594 -0.0521278381347656
-0.00772285461425781 0.0264911651611328 -0.0555038452148437 -0.0490074157714844
-0.0266876220703125 0.00567626953125 -0.060272216796875 -0.0524482727050781
-0.0212421417236328 -0.0325107574462891 -0.0644454956054688 -0.0823440551757813
0.0219459533691406 -0.048797607421875 -0.04486083984375 -0.123298645019531
0.06414794921875 -0.0274467468261719 -0.06268310546875 -0.159469604492188
0.0846939086914063 0.005462646484375 -0.077301025390625 -0.175506591796875
0.0896759033203125 0.0474166870117188 0.00535583496093749 -0.170364379882813
0.0439262390136719 -0.0177688598632813 -0.0134296417236328 -0.0269889831542969
0.0139789581298828 -0.0236263275146484 0.0827407836914063 0.0164794921875
-0.00417327880859375 -0.01324462890625 0.1060791015625 -0.0663986206054688
-0.00185179710388184 -0.00424027442932129 0.046478271484375 -0.124458312988281
-0.000977754592895508 2.94446945190431E-05 -0.034423828125 -0.136909484863281
-0.0126924514770508 -0.00515937805175781 -0.0881271362304688 -0.100799560546875
-0.010955810546875 -0.0103521347045898 -0.074371337890625 -0.0659408569335938
-0.0152311325073242 -0.0103950500488281 -0.0676231384277344 -0.0484657287597656
-0.0134057998657227 -0.0170726776123047 -0.0599899291992188 -0.0428009033203125
-0.00250244140625 -0.0333995819091797 -0.0623550415039062 -0.0427436828613281
0.0273590087890625 -0.046722412109375 -0.0666885375976563 -0.07501220703125
0.073944091796875 -0.014556884765625 -0.0510711669921875 -0.109596252441406
0.0991668701171875 0.0256500244140625 -0.063629150390625 -0.14337158203125
0.100189208984375 0.0795669555664063 -0.06549072265625 -0.156387329101563
0.0963211059570313 0.120864868164063 0.039459228515625 -0.14837646484375
0.0794219970703125 0.0421905517578125 0.0074300765991211 -0.0148887634277344
0.084136962890625 0.0013885498046875 0.097198486328125 0.0344314575195313
0.0506019592285156 -0.0368385314941406 0.124282836914063 -0.0541229248046875
0.0255813598632813 -0.0494422912597656 0.0665817260742188 -0.118850708007813
-0.0124778747558594 -0.047698974609375 -0.023681640625 -0.13482666015625
-0.0408134460449219 -0.0429496765136719 -0.0778961181640625 -0.0933380126953125
-0.0346412658691406 -0.047698974609375 -0.0643768310546875 -0.0507125854492187
-0.0431480407714844 -0.0472259521484375 -0.0604057312011719 -0.032073974609375
-0.025604248046875 -0.0564117431640625 -0.0596160888671875 -0.0225181579589844
0.0105133056640625 -0.073516845703125 -0.0626945495605469 -0.0214157104492188
0.06121826171875 -0.0690956115722656 -0.07257080078125 -0.0565719604492188
0.119461059570313 0.0003814697265625 -0.0602340698242188 -0.0897140502929688
0.130348205566406 0.0600814819335938 -0.0612335205078125 -0.118705749511719
0.109176635742188 0.135353088378906 -0.0503768920898438 -0.114944458007812
0.0820159912109375 0.178253173828125 0.0705490112304688 -0.0984344482421875
0.09576416015625 0.105796813964844 0.0304088592529297 0.0155010223388672
0.142898559570313 0.0426177978515625 0.106536865234375 0.0616302490234375
0.108169555664062 -0.044952392578125 0.136772155761719 -0.0272369384765625
0.0603485107421875 -0.0848617553710938 0.0849609375 -0.0965042114257812
-0.0149307250976563 -0.090179443359375 -0.00621032714843751 -0.117088317871094
-0.0602188110351562 -0.0758209228515625 -0.0576019287109375 -0.0745010375976563
-0.05242919921875 -0.077667236328125 -0.0441360473632812 -0.027679443359375
-0.067901611328125 -0.0748825073242187 -0.0426406860351563 -0.00892639160156251
-0.0404739379882813 -0.0860443115234375 -0.0494537353515625 0.00614547729492187
0.0128173828125 -0.107032775878906 -0.0564956665039063 0.00622558593749999
0.0794296264648438 -0.0922698974609375 -0.0735702514648438 -0.030548095703125
0.150466918945312 0.0035400390625 -0.0666542053222656 -0.0663642883300781
0.149444580078125 0.0794830322265625 -0.0478591918945312 -0.0914230346679688
0.106613159179687 0.1695556640625 -0.0309677124023437 -0.0623664855957031
0.0518646240234375 0.203338623046875 0.0915756225585938 -0.0286026000976562
0.0854339599609375 0.153579711914063 0.0492973327636719 0.0583763122558594
0.168533325195313 0.088623046875 0.104446411132813 0.0903091430664063
0.148880004882813 -0.033843994140625 0.135536193847656 0.0075836181640625
0.0903854370117188 -0.0998306274414063 0.0933990478515625 -0.05877685546875
-0.00971984863281251 -0.116600036621094 0.0114669799804688 -0.0835647583007813
-0.0684280395507812 -0.0963668823242187 -0.029693603515625 -0.0458335876464844
-0.0620803833007812 -0.0955429077148438 -0.0177021026611328 -0.000846862792968755
-0.08306884765625 -0.0914154052734375 -0.0181903839111328 0.0181026458740234
-0.0520477294921875 -0.103309631347656 -0.0311737060546875 0.0372810363769531
0.0102462768554688 -0.12652587890625 -0.0428581237792969 0.0349617004394531
0.0865325927734375 -0.103744506835937 -0.0692901611328125 -0.00335693359375
0.161727905273438 0.00689697265625 -0.066650390625 -0.0447311401367187
0.14825439453125 0.091644287109375 -0.0280876159667969 -0.0661087036132813
0.0898590087890625 0.18206787109375 -0.00964260101318359 -0.00445175170898436
0.0129547119140625 0.191207885742188 0.101280212402344 0.0468368530273438
0.0543365478515625 0.168594360351563 0.0609970092773438 0.103286743164063
0.154541015625 0.119827270507812 0.0916061401367188 0.111923217773438
0.156723022460938 -0.011810302734375 0.119033813476563 0.041473388671875
0.103408813476563 -0.0918731689453125 0.0887374877929688 -0.0176467895507813
-0.00193786621093749 -0.121528625488281 0.0264854431152344 -0.0425834655761719
-0.065887451171875 -0.101325988769531 5.05447387695261E-05 -0.0129594802856445
-0.0623703002929687 -0.0990371704101563 0.0106239318847656 0.0252876281738281
-0.0860443115234375 -0.0954360961914063 0.0111770629882812 0.0441780090332031
-0.055206298828125 -0.105926513671875 -0.00928115844726562 0.0661697387695313
0.0104827880859375 -0.130813598632813 -0.0286369323730469 0.0607376098632812
0.0870513916015625 -0.100982666015625 -0.0634498596191406 0.0204925537109375
0.15606689453125 0.0174560546875 -0.0638618469238281 -0.0277214050292969
0.128135681152344 0.101234436035156 -0.00561904907226561 -0.0421714782714844
0.057861328125 0.174835205078125 0.00890731811523438 0.0520210266113281
-0.0244598388671875 0.14239501953125 0.100845336914062 0.111167907714844
0.013092041015625 0.1463623046875 0.0644607543945313 0.139732360839844
0.108879089355469 0.121192932128906 0.0731277465820313 0.120414733886719
0.13043212890625 0.00824737548828125 0.0953521728515625 0.0660476684570313
0.0934219360351563 -0.0691757202148438 0.0760879516601563 0.018798828125
0.00354003906249999 -0.104217529296875 0.0375442504882813 -0.00273895263671876
-0.0548019409179687 -0.089080810546875 0.0290718078613281 0.0183277130126953
-0.0537109375 -0.0877151489257813 0.0385780334472656 0.0475997924804687
-0.07513427734375 -0.0870132446289062 0.0395050048828125 0.067962646484375
-0.0484771728515625 -0.0969924926757813 0.0113525390625 0.0925979614257813
0.014007568359375 -0.118324279785156 -0.0176849365234375 0.08355712890625
0.0833816528320313 -0.0844802856445313 -0.0595169067382812 0.0406646728515625
0.13525390625 0.03216552734375 -0.0612525939941406 -0.014068603515625
0.0902557373046875 0.105560302734375 0.0120162963867188 -0.0197162628173828
0.016448974609375 0.148880004882813 0.0185394287109375 0.10321044921875
-0.0560798645019531 0.0687675476074219 0.09234619140625 0.150955200195312
-0.0252227783203125 0.0939712524414063 0.064453125 0.158279418945313
0.048309326171875 0.0920944213867188 0.058074951171875 0.116645812988281
0.0805740356445312 0.01904296875 0.075103759765625 0.0780105590820313
0.0642967224121094 -0.0373649597167969 0.0629692077636719 0.0420150756835938
0.00562286376953125 -0.0694694519042969 0.04559326171875 0.0266799926757813
-0.0354118347167969 -0.0625839233398438 0.0523872375488281 0.0411109924316406
-0.0364723205566406 -0.0628013610839844 0.0609893798828125 0.062652587890625
-0.0523681640625 -0.06597900390625 0.0624160766601562 0.0875778198242187
-0.0337448120117187 -0.0745773315429688 0.0258636474609375 0.114151000976562
0.0174942016601562 -0.0906448364257812 -0.0137100219726562 0.102775573730469
0.0713043212890625 -0.05712890625 -0.0617446899414063 0.0570220947265625
0.0982818603515625 0.0440292358398438 -0.0633697509765625 -0.00537872314453124
0.0419998168945312 0.0968170166015625 0.0196895599365234 0.00214576721191407
-0.0296783447265625 0.10302734375 0.015350341796875 0.143234252929687
0.0658683776855469 -0.0302391052246094 -0.02490234375 -0.170272827148438
-0.00349426269531249 -0.0637092590332031 -0.0268650054931641 -0.0205478668212891
-0.0517234802246094 -0.030181884765625 0.073974609375 0.00820159912109375
-0.0473213195800781 0.0194015502929687 0.0936965942382813 -0.0696640014648438
-0.0179595947265625 0.0432014465332031 0.032379150390625 -0.121917724609375
0.0188140869140625 0.0437850952148438 -0.0381622314453125 -0.133316040039063
0.0218257904052734 0.0302162170410156 -0.090484619140625 -0.101669311523437
0.015289306640625 0.0275611877441406 -0.0787811279296875 -0.0733108520507813
0.0129795074462891 0.0291843414306641 -0.0689659118652344 -0.0547370910644531
-0.00625991821289063 0.0261917114257813 -0.05859375 -0.0510406494140625
-0.0264358520507813 0.0063934326171875 -0.0643768310546875 -0.0538215637207031
-0.0227108001708984 -0.033172607421875 -0.0686187744140625 -0.0860443115234375
0.0215606689453125 -0.0499229431152344 -0.047332763671875 -0.128250122070313
0.0656623840332031 -0.0291633605957031 -0.0657958984375 -0.165313720703125
0.0874404907226562 0.00403594970703125 -0.081939697265625 -0.181854248046875
0.093505859375 0.0474014282226563 0.0024566650390625 -0.176651000976563
0.0443992614746094 -0.0175666809082031 -0.014862060546875 -0.0258121490478516
0.0140590667724609 -0.0239124298095703 0.0873565673828125 0.0162429809570313
-0.00459480285644531 -0.0126819610595703 0.110679626464844 -0.0697479248046875
-0.00201940536499024 -0.00400352478027344 0.0481033325195313 -0.129920959472656
-0.00079345703125 -0.00045466423034668 -0.03692626953125 -0.142318725585938
-0.0128822326660156 -0.00562858581542969 -0.092864990234375 -0.104278564453125
-0.0117464065551758 -0.0112247467041016 -0.0787277221679687 -0.0678253173828125
-0.0159997940063477 -0.0112810134887695 -0.0710830688476563 -0.0497283935546875
-0.0129013061523438 -0.0179576873779297 -0.0631828308105469 -0.0433616638183594
-0.00180435180664062 -0.0339298248291016 -0.0660820007324219 -0.0443649291992188
0.0280380249023437 -0.0484809875488281 -0.0716400146484375 -0.0783615112304688
0.076202392578125 -0.0153656005859375 -0.0541305541992187 -0.113914489746094
0.102310180664063 0.0259552001953125 -0.0669097900390625 -0.148757934570313
0.104820251464844 0.081756591796875 -0.069793701171875 -0.16241455078125
0.101661682128906 0.124176025390625 0.0369110107421875 -0.154098510742188
0.0826187133789062 0.0445327758789062 0.00590705871582032 -0.0134696960449219
0.0875091552734375 0.000946044921875 0.103286743164063 0.035369873046875
0.0520172119140625 -0.0376548767089844 0.129302978515625 -0.0571136474609375
0.0257835388183594 -0.0522918701171875 0.0691604614257813 -0.123641967773438
-0.0132408142089844 -0.0486068725585937 -0.025665283203125 -0.139297485351563
-0.0423927307128906 -0.0438995361328125 -0.082061767578125 -0.0957107543945313
-0.0361251831054688 -0.049957275390625 -0.0669097900390625 -0.0528945922851562
-0.0459403991699219 -0.0484771728515625 -0.0631027221679688 -0.0328178405761719
-0.0259361267089844 -0.0579986572265625 -0.06195068359375 -0.0220375061035156
0.0104141235351562 -0.0755386352539063 -0.065887451171875 -0.0222854614257813
0.06353759765625 -0.07257080078125 -0.07757568359375 -0.0587387084960938
0.124443054199219 -6.866455078125E-05 -0.0642547607421875 -0.093505859375
0.134986877441406 0.0616989135742188 -0.0641937255859375 -0.123435974121094
0.114761352539063 0.140213012695313 -0.0541915893554687 -0.120094299316406
0.087615966796875 0.184295654296875 0.070098876953125 -0.102340698242188
0.100082397460938 0.110496520996094 0.0290298461914063 0.0175552368164063
0.150146484375 0.042724609375 0.113365173339844 0.0634918212890625
0.112297058105469 -0.0471725463867188 0.142166137695313 -0.030059814453125
0.0614242553710938 -0.0895538330078125 0.0879745483398438 -0.1007080078125
-0.0161819458007812 -0.0926513671875 -0.00748443603515625 -0.120597839355469
-0.0629806518554688 -0.0768356323242187 -0.0602645874023438 -0.07623291015625
-0.0553131103515625 -0.0806045532226563 -0.0460891723632813 -0.0284881591796875
-0.0716476440429688 -0.0768814086914062 -0.0448455810546875 -0.00738906860351563
-0.042266845703125 -0.08819580078125 -0.0513381958007813 0.00759887695312499
0.0112686157226562 -0.110321044921875 -0.0594139099121094 0.00736618041992187
0.0821533203125 -0.0967483520507812 -0.0790252685546875 -0.0318145751953125
0.156494140625 0.00238037109375 -0.0711135864257812 -0.0696182250976563
0.155258178710938 0.081085205078125 -0.051788330078125 -0.0958099365234375
0.113418579101562 0.175918579101563 -0.0339279174804687 -0.0653343200683594
0.0555877685546875 0.21099853515625 0.092315673828125 -0.0303192138671875
0.0898895263671875 0.160003662109375 0.0490074157714844 0.0619316101074219
0.177261352539062 0.090301513671875 0.111419677734375 0.0936431884765625
0.154251098632813 -0.037353515625 0.141708374023437 0.006622314453125
0.0921707153320313 -0.106147766113281 0.0968246459960938 -0.0617446899414063
-0.0110702514648438 -0.12054443359375 0.011138916015625 -0.0862960815429688
-0.07220458984375 -0.0978546142578125 -0.0306930541992188 -0.0464096069335938
-0.0661239624023438 -0.098358154296875 -0.0179538726806641 -0.00168991088867188
-0.0877304077148437 -0.0934600830078125 -0.0182723999023438 0.0198173522949219
-0.0550003051757812 -0.104789733886719 -0.0319671630859375 0.0402679443359375
0.00902557373046874 -0.130905151367188 -0.0456733703613281 0.0368537902832031
0.0883407592773437 -0.109283447265625 -0.0746078491210937 -0.00371551513671875
0.168914794921875 0.0048828125 -0.070953369140625 -0.0467758178710938
0.155181884765625 0.09393310546875 -0.0303916931152344 -0.0693626403808594
0.0960693359375 0.18902587890625 -0.0108976364135742 -0.00511646270751952
0.0157470703125 0.198760986328125 0.103256225585938 0.0482025146484375
0.0571136474609375 0.175567626953125 0.0611495971679688 0.107833862304688
0.163925170898438 0.122207641601563 0.0977096557617188 0.11572265625
0.162796020507813 -0.014434814453125 0.124969482421875 0.0424423217773438
0.106048583984375 -0.09808349609375 0.0921249389648438 -0.0184783935546875
-0.00380706787109375 -0.125595092773437 0.0263710021972656 -0.043975830078125
-0.0702285766601563 -0.101966857910156 0.00065517425537109 -0.0125055313110352
-0.0667037963867187 -0.101425170898438 0.0124263763427734 0.0260562896728516
-0.090850830078125 -0.0964736938476563 0.0125389099121094 0.0475425720214844
-0.0587005615234375 -0.108322143554687 -0.00825500488281251 0.0703048706054688
0.00883483886718749 -0.134368896484375 -0.0300788879394531 0.0631523132324219
0.0898208618164063 -0.10650634765625 -0.0675239562988281 0.021636962890625
0.162338256835938 0.01611328125 -0.0681266784667969 -0.0284042358398438
0.13336181640625 0.10382080078125 -0.00751495361328124 -0.04510498046875
0.0628204345703125 0.182037353515625 0.00954818725585938 0.0536308288574219
-0.0237579345703125 0.148849487304688 0.10369873046875 0.114601135253906
0.01544189453125 0.152313232421875 0.0664520263671875 0.144851684570313
0.115730285644531 0.124320983886719 0.077392578125 0.124961853027344
0.135467529296875 0.00673675537109375 0.09979248046875 0.0679397583007813
0.0958023071289063 -0.074188232421875 0.0793533325195313 0.0186767578125
0.00218963623046876 -0.107635498046875 0.03851318359375 -0.00226974487304688
-0.0578689575195313 -0.0899581909179688 0.0309658050537109 0.0192832946777344
-0.0580596923828125 -0.0891189575195313 0.0417442321777344 0.0487937927246094
-0.0798797607421875 -0.0884780883789063 0.0425033569335937 0.0714035034179688
-0.0523529052734375 -0.0985488891601563 0.0134048461914063 0.09716796875
0.011322021484375 -0.122230529785156 -0.0178070068359375 0.0871124267578125
0.0859832763671875 -0.0887527465820313 -0.0622940063476563 0.0428581237792969
0.140914916992188 0.031890869140625 -0.0655021667480469 -0.0146751403808594
0.0950088500976563 0.108779907226563 0.0111274719238281 -0.0215053558349609
0.0188446044921875 0.155181884765625 0.0200958251953125 0.106887817382813
-0.0571975708007812 0.0732803344726563 0.0956573486328125 0.156448364257813
-0.0241241455078125 0.0984039306640625 0.0671539306640625 0.16387939453125
0.052703857421875 0.0950546264648438 0.0606918334960938 0.121345520019531
0.083740234375 0.0183258056640625 0.0786514282226563 0.0810546875
0.0652580261230469 -0.0411376953125 0.0663299560546875 0.0429420471191406
0.0047149658203125 -0.0718307495117188 0.046875 0.0278892517089844
-0.0381050109863281 -0.0625419616699219 0.0552825927734375 0.04266357421875
-0.0399131774902344 -0.0645103454589844 0.0644264221191406 0.0651626586914063
-0.055572509765625 -0.0680503845214844 0.06671142578125 0.0911636352539062
-0.0359649658203125 -0.0759201049804688 0.0288238525390625 0.119369506835938
0.0158233642578125 -0.0938644409179688 -0.0135345458984375 0.10699462890625
0.0732574462890625 -0.0603256225585938 -0.0639305114746094 0.0602951049804688
0.103256225585938 0.0444869995117188 -0.0677223205566406 -0.00560379028320311
0.044525146484375 0.100387573242188 0.0198154449462891 -0.000350952148437494
-0.0283966064453125 0.107284545898438 0.017120361328125 0.1483154296875
0.0670967102050781 -0.034271240234375 -0.0333404541015625 -0.17645263671875
-0.00632476806640624 -0.0654754638671875 -0.0287818908691406 -0.0189762115478516
-0.0545120239257813 -0.0290794372558594 0.0784149169921875 0.006622314453125
-0.0485610961914063 0.0232124328613281 0.095947265625 -0.0761260986328125
-0.0168380737304687 0.0468368530273438 0.0310897827148437 -0.12847900390625
0.0222129821777344 0.0445060729980469 -0.0438003540039063 -0.138740539550781
0.0247859954833984 0.0290546417236328 -0.0983352661132813 -0.103317260742187
0.0171031951904297 0.0268115997314453 -0.0863037109375 -0.0744171142578125
0.0145950317382813 0.0285873413085938 -0.0751190185546875 -0.0550079345703125
-0.00465202331542969 0.0266265869140625 -0.0634956359863281 -0.05194091796875
-0.0262088775634766 0.00787162780761719 -0.069915771484375 -0.0553131103515625
-0.0252952575683594 -0.0331287384033203 -0.0755157470703125 -0.08782958984375
0.0205001831054687 -0.0521583557128906 -0.0524368286132813 -0.132896423339844
0.0675201416015625 -0.032318115234375 -0.0738525390625 -0.171737670898438
0.090850830078125 0.00080108642578125 -0.091094970703125 -0.188186645507813
0.0990524291992188 0.045867919921875 -0.00555419921875001 -0.183181762695313
0.0461082458496094 -0.0191917419433594 -0.0171356201171875 -0.0243396759033203
0.0151481628417969 -0.0247268676757813 0.0932693481445313 0.0145339965820313
-0.00445270538330078 -0.0125226974487305 0.114128112792969 -0.0767745971679688
-0.00171422958374023 -0.00419926643371582 0.0463943481445312 -0.136947631835938
0.000165998935699463 -0.000726044178009033 -0.0432891845703125 -0.1474609375
-0.0125179290771484 -0.00663471221923828 -0.100532531738281 -0.104873657226562
-0.0120382308959961 -0.0126066207885742 -0.0851593017578125 -0.0692520141601563
-0.0172624588012695 -0.0118598937988281 -0.0771331787109375 -0.049774169921875
-0.0129661560058594 -0.0195674896240234 -0.0684242248535156 -0.04400634765625
-0.00170135498046875 -0.0353164672851563 -0.0720443725585938 -0.0441970825195313
0.0278511047363281 -0.0511093139648438 -0.0789871215820312 -0.0795440673828125
0.0793685913085938 -0.0185470581054688 -0.0596237182617188 -0.118263244628906
0.106590270996094 0.02410888671875 -0.0751800537109375 -0.154327392578125
0.111953735351563 0.0817184448242188 -0.07867431640625 -0.167953491210937
0.110580444335938 0.125785827636719 0.03045654296875 -0.161911010742188
0.0875778198242188 0.0449066162109375 0.00429439544677735 -0.0118932723999023
0.09271240234375 -0.00156402587890625 0.110206604003906 0.0334701538085938
0.0534934997558594 -0.0404167175292969 0.133819580078125 -0.06414794921875
0.0251235961914062 -0.055938720703125 0.0680313110351562 -0.132484436035156
-0.0149040222167969 -0.04974365234375 -0.0311126708984375 -0.144424438476562
-0.0448646545410156 -0.0445098876953125 -0.0892410278320313 -0.0965576171875
-0.0403366088867187 -0.0511741638183594 -0.0721588134765625 -0.0528717041015625
-0.0495071411132813 -0.0492324829101562 -0.0676536560058594 -0.0320091247558594
-0.0282478332519531 -0.0599212646484375 -0.0659408569335938 -0.020477294921875
0.0086212158203125 -0.0787811279296875 -0.0713882446289063 -0.0208663940429687
0.0640487670898438 -0.0774459838867188 -0.0855026245117188 -0.0592727661132813
0.130340576171875 -0.00395965576171875 -0.0706939697265625 -0.096466064453125
0.142135620117188 0.0610198974609375 -0.0717849731445312 -0.127937316894531
0.12518310546875 0.143295288085938 -0.0609664916992187 -0.124343872070312
0.0977935791015625 0.189300537109375 0.0671157836914063 -0.108757019042969
0.108474731445312 0.113876342773437 0.0297927856445313 0.0194587707519531
0.159530639648437 0.03912353515625 0.122543334960938 0.06231689453125
0.115966796875 -0.0534133911132812 0.148513793945312 -0.0364227294921875
0.060638427734375 -0.0967941284179688 0.0885086059570312 -0.108085632324219
-0.0197372436523438 -0.095611572265625 -0.0117721557617188 -0.125160217285156
-0.0678329467773438 -0.07684326171875 -0.0653915405273438 -0.076416015625
-0.0614776611328125 -0.082489013671875 -0.0483932495117188 -0.0288162231445313
-0.0778579711914063 -0.0775375366210938 -0.0471420288085938 -0.00584793090820312
-0.0468826293945313 -0.0903091430664062 -0.0532989501953125 0.0106315612792969
0.00818634033203125 -0.114845275878906 -0.0620765686035156 0.00993347167968748
0.0819168090820313 -0.104324340820313 -0.086181640625 -0.0309219360351563
0.1639404296875 -0.00244140625 -0.07769775390625 -0.0708999633789062
0.164474487304688 0.080413818359375 -0.0581893920898437 -0.0991973876953125
0.124969482421875 0.181381225585938 -0.0383720397949219 -0.068267822265625
0.0662689208984375 0.219619750976563 0.0927810668945313 -0.0341796875
0.099639892578125 0.166244506835938 0.0518264770507813 0.0639762878417969
0.191268920898438 0.0873260498046875 0.1214599609375 0.093658447265625
0.159805297851563 -0.0432586669921875 0.148788452148438 0.0023651123046875
0.092559814453125 -0.115509033203125 0.0993194580078125 -0.068115234375
-0.0158767700195312 -0.125312805175781 0.00851440429687499 -0.0901107788085938
-0.078033447265625 -0.0984725952148438 -0.033203125 -0.0466842651367188
-0.0732040405273438 -0.100326538085938 -0.0171718597412109 -0.00113487243652344
-0.0957717895507813 -0.0938949584960937 -0.0174999237060547 0.0227851867675781
-0.0610580444335938 -0.10699462890625 -0.0313949584960938 0.0439643859863281
0.00366210937500001 -0.136207580566406 -0.0468826293945313 0.0401687622070312
0.0888824462890625 -0.117538452148438 -0.07958984375 -0.00125122070312502
0.177444458007813 -0.0008392333984375 -0.0777053833007812 -0.0465927124023438
0.16497802734375 0.0931854248046875 -0.0353622436523437 -0.0725479125976563
0.107147216796875 0.194992065429688 -0.0117292404174805 -0.00576686859130858
0.0250091552734375 0.207534790039063 0.107460021972656 0.0464630126953125
0.066192626953125 0.18365478515625 0.0655059814453125 0.111602783203125
0.177230834960938 0.120697021484375 0.106819152832031 0.117866516113281
0.169601440429687 -0.0209503173828125 0.131614685058594 0.0400238037109375
0.106765747070313 -0.107597351074219 0.09613037109375 -0.0225677490234375
-0.00847625732421875 -0.130455017089844 0.0263023376464844 -0.0456695556640625
-0.076263427734375 -0.103233337402344 0.000841140747070308 -0.012578010559082
-0.0744400024414063 -0.102943420410156 0.0156288146972656 0.02667236328125
-0.0997467041015625 -0.0969924926757813 0.0164794921875 0.0500602722167969
-0.0651626586914062 -0.109840393066406 -0.00592041015625 0.0746994018554688
0.00261688232421874 -0.140296936035156 -0.02978515625 0.0673370361328125
0.089385986328125 -0.114913940429687 -0.0709762573242188 0.025299072265625
0.171844482421875 0.009735107421875 -0.0732650756835937 -0.0270843505859375
0.142349243164063 0.103927612304687 -0.0100326538085937 -0.0485267639160156
0.0725250244140625 0.189132690429688 0.0115737915039063 0.0549736022949219
-0.0190582275390625 0.157272338867188 0.110816955566406 0.116226196289063
0.0218353271484375 0.160202026367188 0.07171630859375 0.14971923828125
0.12744140625 0.124679565429687 0.086151123046875 0.128074645996094
0.141006469726563 0.0018463134765625 0.106536865234375 0.0678863525390625
0.0969314575195313 -0.0822219848632813 0.08428955078125 0.0166473388671875
-0.00226593017578126 -0.111801147460938 0.0401229858398437 -0.00230026245117188
-0.064178466796875 -0.0898895263671875 0.0331630706787109 0.0194168090820312
-0.0648040771484375 -0.0911712646484375 0.0469512939453125 0.0492477416992187
-0.0873565673828125 -0.0880889892578125 0.0484085083007812 0.0745620727539063
-0.0576858520507812 -0.099761962890625 0.0171966552734375 0.102203369140625
0.00594329833984375 -0.127204895019531 -0.016204833984375 0.0913467407226562
0.0861358642578125 -0.0965347290039063 -0.0651741027832031 0.0473060607910156
0.149871826171875 0.0277252197265625 -0.0705108642578125 -0.012451171875
0.102752685546875 0.110649108886719 0.00979804992675782 -0.0242481231689453
0.02581787109375 0.162353515625 0.0251541137695312 0.110061645507813
-0.0565872192382812 0.0783309936523438 0.104522705078125 0.160202026367188
-0.0214385986328125 0.103652954101562 0.074310302734375 0.169158935546875
0.0598373413085938 0.09686279296875 0.0672836303710938 0.124557495117187
0.0872268676757812 0.0150680541992188 0.084991455078125 0.0823593139648437
0.0660743713378906 -0.0462532043457031 0.0712203979492188 0.0427627563476563
0.00194549560546874 -0.0746231079101563 0.0499343872070313 0.0282363891601563
-0.0421066284179688 -0.0624580383300781 0.0594253540039063 0.0431289672851562
-0.0444564819335938 -0.0647773742675781 0.0715789794921875 0.0649948120117188
-0.0620765686035156 -0.067291259765625 0.0744552612304688 0.0937881469726562
-0.04083251953125 -0.0772705078125 0.0351409912109375 0.124923706054688
0.0107803344726562 -0.0985870361328125 -0.0113525390625 0.112449645996094
0.0739288330078125 -0.0664520263671875 -0.0662078857421875 0.0649490356445313
0.110015869140625 0.0422744750976563 -0.0723876953125 -0.00275421142578124
0.05047607421875 0.102943420410156 0.0206699371337891 -0.00210762023925781
-0.0255050659179688 0.113639831542969 0.023040771484375 0.153335571289063
0.0661544799804688 -0.0394020080566406 -0.04534912109375 -0.178558349609375
-0.00997543334960938 -0.0663261413574219 -0.0306053161621094 -0.0149211883544922
-0.0574760437011719 -0.0261192321777344 0.0821533203125 0.00270843505859375
-0.04779052734375 0.0272674560546875 0.0952377319335938 -0.0843887329101563
-0.0139503479003906 0.049468994140625 0.0252838134765625 -0.133964538574219
0.0262222290039062 0.0438652038574219 -0.0527801513671875 -0.14166259765625
0.0284347534179688 0.0265884399414063 -0.107719421386719 -0.100624084472656
0.0197849273681641 0.0258979797363281 -0.0946273803710938 -0.0715484619140625
0.0162143707275391 0.0280971527099609 -0.0824432373046875 -0.0528488159179688
-0.00259590148925781 0.0267410278320312 -0.0692901611328125 -0.0506820678710937
-0.0249805450439453 0.00976943969726563 -0.07574462890625 -0.0526351928710938
-0.0280570983886719 -0.0318679809570313 -0.0835418701171875 -0.086181640625
0.0178756713867188 -0.0545463562011719 -0.0605697631835938 -0.135208129882813
0.0667762756347656 -0.0365104675292969 -0.084716796875 -0.173797607421875
0.093292236328125 -0.00461578369140625 -0.10467529296875 -0.18878173828125
0.103927612304688 0.0406875610351563 -0.0182037353515625 -0.186599731445313
0.045806884765625 -0.0211181640625 -0.0192470550537109 -0.0211772918701172
0.0151042938232422 -0.0250911712646484 0.0978317260742188 0.01025390625
-0.00539207458496094 -0.0119295120239258 0.11285400390625 -0.0849685668945313
-0.00166916847229004 -0.00326299667358398 0.0406341552734375 -0.143951416015625
0.00170242786407471 -0.000660061836242676 -0.051544189453125 -0.149749755859375
-0.0121755599975586 -0.00660037994384766 -0.110313415527344 -0.102409362792969
-0.0130214691162109 -0.0129766464233398 -0.09307861328125 -0.0664825439453125
-0.0183944702148438 -0.0116901397705078 -0.0838394165039063 -0.0468902587890625
-0.01336669921875 -0.0198230743408203 -0.0734100341796875 -0.0410614013671875
-0.002593994140625 -0.03619384765625 -0.07733154296875 -0.041229248046875
0.0259056091308594 -0.0541458129882813 -0.087646484375 -0.0780792236328125
0.0802688598632813 -0.022216796875 -0.0678634643554687 -0.119400024414063
0.110816955566406 0.0194015502929687 -0.0867462158203125 -0.1551513671875
0.119796752929688 0.0778121948242188 -0.0913543701171875 -0.169281005859375
0.120758056640625 0.122764587402344 0.0197906494140625 -0.166641235351563
0.0928497314453125 0.0426025390625 0.00285434722900391 -0.0103302001953125
0.096466064453125 -0.00685882568359375 0.117416381835938 0.0279617309570313
0.0530815124511719 -0.0438690185546875 0.134971618652344 -0.0736083984375
0.0228729248046875 -0.0584640502929688 0.0631561279296875 -0.139808654785156
-0.0170516967773438 -0.0503883361816406 -0.0394439697265625 -0.147003173828125
-0.0479888916015625 -0.0428543090820313 -0.0973663330078125 -0.0940704345703125
-0.0435714721679688 -0.0509414672851563 -0.0774688720703125 -0.0511932373046875
-0.0541763305664062 -0.0480155944824219 -0.0723419189453125 -0.0282058715820312
-0.0316200256347656 -0.0607261657714844 -0.0696029663085938 -0.0171661376953125
0.00595855712890625 -0.0812301635742188 -0.0753631591796875 -0.0166854858398438
0.0615386962890625 -0.0840911865234375 -0.0932388305664062 -0.0564956665039063
0.134201049804688 -0.0109634399414063 -0.0791168212890625 -0.0960693359375
0.149200439453125 0.054901123046875 -0.0821762084960937 -0.128059387207031
0.1375732421875 0.141357421875 -0.0714340209960937 -0.125839233398438
0.112350463867187 0.189300537109375 0.0596923828125 -0.114639282226562
0.118003845214844 0.112648010253906 0.0296497344970703 0.0207881927490234
0.16790771484375 0.03094482421875 0.131248474121094 0.0566177368164063
0.116622924804687 -0.0606460571289062 0.15155029296875 -0.0452117919921875
0.0563278198242188 -0.103263854980469 0.0854568481445313 -0.116203308105469
-0.0250778198242187 -0.0963058471679687 -0.0189132690429688 -0.127517700195313
-0.0737380981445313 -0.075347900390625 -0.0719070434570312 -0.07440185546875
-0.0682220458984375 -0.0811309814453125 -0.0511360168457031 -0.0277786254882813
-0.085296630859375 -0.074920654296875 -0.0484504699707031 -0.00274276733398438
-0.052398681640625 -0.08978271484375 -0.0544815063476563 0.014434814453125
0.00176239013671875 -0.118949890136719 -0.0650978088378906 0.0141372680664062
0.0788040161132813 -0.112205505371094 -0.0930252075195313 -0.02655029296875
0.169418334960937 -0.0120697021484375 -0.0848388671875 -0.068634033203125
0.17327880859375 0.07421875 -0.066619873046875 -0.100387573242188
0.140335083007812 0.18048095703125 -0.0445137023925781 -0.0686302185058594
0.0818023681640625 0.2215576171875 0.09124755859375 -0.0399932861328125
0.111312866210938 0.167068481445313 0.05474853515625 0.0647735595703125
0.203750610351562 0.0781402587890625 0.131393432617188 0.088134765625
0.162490844726563 -0.0542449951171875 0.153671264648438 -0.00555419921875
0.0877227783203125 -0.124473571777344 0.0988845825195313 -0.0759963989257813
-0.023284912109375 -0.1270751953125 0.00423431396484376 -0.0918350219726563
-0.0861740112304688 -0.0953369140625 -0.0370216369628906 -0.0452537536621094
-0.0820770263671875 -0.0990524291992187 -0.0175991058349609 -0.000711441040039067
-0.104965209960938 -0.0899810791015625 -0.0155830383300781 0.0256137847900391
-0.0684432983398437 -0.105400085449219 -0.0299797058105469 0.0480079650878906
-0.00473022460937499 -0.139671325683594 -0.0471458435058594 0.0442771911621094
0.08428955078125 -0.127349853515625 -0.0842819213867188 0.00318145751953126
0.184326171875 -0.0104522705078125 -0.0828781127929687 -0.043426513671875
0.175003051757812 0.086883544921875 -0.0413360595703125 -0.0737075805664063
0.1234130859375 0.196212768554688 -0.0128297805786133 -0.00556278228759765
0.038421630859375 0.212646484375 0.110466003417969 0.0431747436523438
0.0785980224609375 0.186569213867187 0.0708541870117188 0.112953186035156
0.191482543945313 0.1138916015625 0.117752075195313 0.114395141601563
0.17333984375 -0.0312347412109375 0.138343811035156 0.0345535278320313
0.102767944335938 -0.118537902832031 0.0979843139648438 -0.0284576416015625
-0.016448974609375 -0.133163452148438 0.0248641967773437 -0.0460357666015625
-0.0842742919921875 -0.0994949340820312 0.000345230102539058 -0.0115413665771484
-0.0829391479492187 -0.101730346679688 0.0184402465820313 0.0258045196533203
-0.1087646484375 -0.0929336547851563 0.0204086303710937 0.0516281127929687
-0.07373046875 -0.107978820800781 -0.00174713134765626 0.078277587890625
-0.00654602050781251 -0.143569946289063 -0.0275421142578125 0.0716094970703125
0.084869384765625 -0.124290466308594 -0.0741424560546875 0.0297775268554687
0.177963256835938 0.001068115234375 -0.077972412109375 -0.0236129760742187
0.152664184570313 0.099456787109375 -0.014068603515625 -0.0499725341796875
0.0865020751953125 0.191299438476563 0.0140914916992188 0.0555152893066406
-0.00865173339843748 0.16357421875 0.117874145507813 0.114158630371094
0.0320281982421875 0.163650512695313 0.0801849365234375 0.15081787109375
0.139778137207031 0.120048522949219 0.095855712890625 0.125442504882813
0.144805908203125 -0.006744384765625 0.113540649414062 0.0646209716796875
0.0935745239257813 -0.0906982421875 0.0881576538085938 0.0130996704101562
-0.00844573974609376 -0.1143798828125 0.0412673950195313 -0.00372695922851563
-0.070648193359375 -0.0869903564453125 0.035430908203125 0.018646240234375
-0.0723190307617187 -0.0892715454101563 0.0520553588867187 0.0474052429199219
-0.0958938598632812 -0.0844650268554688 0.0556716918945312 0.0747451782226563
-0.0653152465820312 -0.0980148315429688 0.0246963500976562 0.105598449707031
-0.00237274169921875 -0.130516052246094 -0.0120697021484375 0.0955963134765625
0.0821380615234375 -0.105369567871094 -0.0661239624023437 0.0520820617675781
0.156051635742188 0.019287109375 -0.0740585327148437 -0.00835418701171876
0.111953735351562 0.107429504394531 0.0079345703125 -0.0270938873291016
0.0368499755859375 0.166061401367188 0.032379150390625 0.111152648925781
-0.0524444580078125 0.0845260620117188 0.114959716796875 0.16015625
-0.0160140991210938 0.108291625976563 0.083282470703125 0.170639038085938
0.0681915283203125 0.0948333740234375 0.0753173828125 0.124351501464844
0.0898818969726563 0.0099945068359375 0.092132568359375 0.0801849365234375
0.0644760131835938 -0.0520362854003906 0.0766448974609375 0.0404510498046875
-0.00260162353515625 -0.0761947631835938 0.0535125732421875 0.0271644592285156
-0.0468406677246094 -0.0600738525390625 0.0634765625 0.0411643981933594
-0.0505256652832031 -0.0632972717285156 0.0783004760742188 0.0624008178710937
-0.0686302185058594 -0.0644149780273438 0.0841140747070313 0.0925369262695312
-0.0474853515625 -0.0759353637695313 0.0438613891601562 0.127128601074219
0.00390625 -0.101318359375 -0.00583648681640626 0.116493225097656
0.0715789794921875 -0.0727920532226562 -0.0653076171875 0.0705490112304688
0.116645812988281 0.0363922119140625 -0.0748443603515625 0.00130462646484375
0.0574264526367188 0.10321044921875 0.0200881958007813 -0.00483322143554687
-0.0193252563476563 0.11865234375 0.032806396484375 0.155746459960938
0.0631141662597656 -0.0433845520019531 -0.0560455322265625 -0.173126220703125
-0.013519287109375 -0.0650711059570313 -0.0298328399658203 -0.0113449096679688
-0.0577812194824219 -0.0222282409667969 0.0827789306640625 -0.00189208984375
-0.0457572937011719 0.0307121276855469 0.091705322265625 -0.0896835327148438
-0.00918197631835938 0.0516548156738281 0.0188674926757813 -0.135604858398438
0.030303955078125 0.0406074523925781 -0.0606460571289062 -0.139457702636719
0.0298385620117188 0.0231952667236328 -0.114021301269531 -0.0942840576171875
0.0212173461914063 0.0238132476806641 -0.0997848510742188 -0.065704345703125
0.0185394287109375 0.0260601043701172 -0.0868072509765625 -0.0474624633789062
-0.000221252441406251 0.0257244110107422 -0.0731582641601563 -0.0467758178710937
-0.0228862762451172 0.0107765197753906 -0.0801315307617188 -0.0481719970703125
-0.0298061370849609 -0.0297088623046875 -0.0895843505859375 -0.0819244384765625
0.0142173767089844 -0.0542030334472656 -0.0675582885742187 -0.132888793945313
0.0641822814941406 -0.0399208068847656 -0.0940093994140625 -0.168487548828125
0.0928421020507812 -0.0107192993164063 -0.115341186523438 -0.182952880859375
0.105445861816406 0.0340576171875 -0.0299224853515625 -0.18328857421875
0.0446128845214844 -0.0225334167480469 -0.0203075408935547 -0.0175266265869141
0.0138587951660156 -0.02587890625 0.0994491577148438 0.00372314453125
-0.00488948822021484 -0.0103473663330078 0.109153747558594 -0.09124755859375
-0.00102663040161133 -0.00230836868286133 0.032867431640625 -0.14569091796875
0.00253057479858398 -0.00122904777526855 -0.059844970703125 -0.147796630859375
-0.0116109848022461 -0.00741291046142578 -0.116195678710938 -0.09564208984375
-0.013493537902832 -0.0132951736450195 -0.0975723266601562 -0.0612335205078125
-0.0190658569335938 -0.0112762451171875 -0.087860107421875 -0.0414352416992187
-0.0136184692382812 -0.0196323394775391 -0.0764236450195313 -0.0367202758789063
-0.00341415405273437 -0.0359535217285156 -0.0809555053710938 -0.0364990234375
0.022857666015625 -0.0552749633789063 -0.093658447265625 -0.0734024047851563
0.0792694091796875 -0.0259857177734375 -0.0749130249023438 -0.116561889648438
0.110946655273438 0.0143356323242188 -0.095550537109375 -0.150970458984375
0.124008178710938 0.0709228515625 -0.101394653320312 -0.163726806640625
0.127891540527344 0.11553955078125 0.00827026367187501 -0.165969848632813
0.0952606201171875 0.0386123657226563 0.00163078308105469 -0.00767946243286133
0.0965194702148438 -0.0124359130859375 0.11962890625 0.0206527709960938
0.0510597229003906 -0.0469856262207031 0.131271362304688 -0.0801239013671875
0.0192718505859375 -0.0594406127929687 0.0562591552734375 -0.142471313476563
-0.0189666748046875 -0.049163818359375 -0.0475921630859375 -0.144180297851563
-0.04974365234375 -0.0408935546875 -0.1029052734375 -0.08758544921875
-0.0475349426269531 -0.0488510131835938 -0.0810470581054687 -0.0467529296875
-0.0572891235351563 -0.044097900390625 -0.0746383666992188 -0.0236129760742188
-0.0341224670410156 -0.0587425231933594 -0.07061767578125 -0.0130233764648437
0.00180053710937499 -0.081451416015625 -0.0772781372070312 -0.0120849609375
0.0571670532226563 -0.0876388549804688 -0.0987319946289063 -0.0507354736328125
0.134109497070313 -0.0176849365234375 -0.0844879150390625 -0.0922470092773438
0.151824951171875 0.0478363037109375 -0.08978271484375 -0.12432861328125
0.146484375 0.133773803710938 -0.0796966552734375 -0.121803283691406
0.12384033203125 0.182586669921875 0.0500717163085938 -0.115959167480469
0.124794006347656 0.107582092285156 0.0294265747070313 0.0206928253173828
0.1707763671875 0.0206756591796875 0.134765625 0.0477828979492188
0.1126708984375 -0.0670166015625 0.14923095703125 -0.053802490234375
0.0499801635742188 -0.106727600097656 0.078887939453125 -0.120452880859375
-0.0301437377929688 -0.0948257446289062 -0.025726318359375 -0.125312805175781
-0.0771331787109375 -0.0702056884765625 -0.0759963989257813 -0.0694351196289062
-0.0732955932617187 -0.0778274536132813 -0.0529098510742188 -0.0247955322265625
-0.0899810791015625 -0.0688400268554688 -0.0489273071289063 0.000934600830078117
-0.0567855834960937 -0.0863876342773438 -0.053375244140625 0.01849365234375
-0.00474548339843749 -0.118125915527344 -0.0652389526367188 0.017974853515625
0.0725326538085937 -0.116836547851563 -0.096466064453125 -0.0208511352539062
0.170135498046875 -0.0219573974609375 -0.0888214111328125 -0.0643386840820313
0.177032470703125 0.065155029296875 -0.0729293823242187 -0.0970993041992188
0.151214599609375 0.173324584960938 -0.0484733581542969 -0.0656700134277344
0.094635009765625 0.217086791992187 0.0861053466796875 -0.043731689453125
0.121978759765625 0.16241455078125 0.0555953979492188 0.0636367797851563
0.2095947265625 0.0652923583984375 0.136558532714844 0.0794830322265625
0.15997314453125 -0.0635986328125 0.153411865234375 -0.0137176513671875
0.0795211791992188 -0.129959106445313 0.0945816040039063 -0.08111572265625
-0.030242919921875 -0.125167846679688 -0.000617980957031253 -0.0904083251953125
-0.0909652709960938 -0.0893173217773438 -0.0395622253417969 -0.0425529479980469
-0.0887832641601563 -0.0944595336914062 -0.0168638229370117 0.000169754028320304
-0.110382080078125 -0.0820541381835937 -0.0139694213867188 0.0268535614013672
-0.074310302734375 -0.100601196289063 -0.0265617370605469 0.0505905151367187
-0.01361083984375 -0.138954162597656 -0.0454025268554687 0.0477638244628906
0.0767135620117187 -0.132713317871094 -0.0868148803710938 0.00856018066406247
0.184280395507812 -0.021270751953125 -0.0859603881835938 -0.0388717651367188
0.179656982421875 0.0777740478515625 -0.0467147827148438 -0.0725479125976562
0.135574340820313 0.18963623046875 -0.013707160949707 -0.0048694610595703
0.0510406494140625 0.210479736328125 0.110618591308594 0.0371627807617188
0.09027099609375 0.182968139648438 0.0752792358398438 0.109992980957031
0.19940185546875 0.101272583007813 0.123115539550781 0.106216430664063
0.171005249023438 -0.0414276123046875 0.139862060546875 0.0270843505859375
0.094696044921875 -0.124855041503906 0.0966415405273438 -0.0340118408203125
-0.023529052734375 -0.13165283203125 0.0222434997558594 -0.0466041564941406
-0.0892715454101562 -0.0938186645507813 -8.77380371093811E-05 -0.0113363265991211
-0.0897598266601563 -0.0967559814453125 0.0203685760498047 0.0246257781982422
-0.114578247070312 -0.0849380493164063 0.0252609252929687 0.0508155822753906
-0.0796737670898438 -0.102073669433594 0.00363922119140624 0.0793914794921875
-0.016204833984375 -0.142074584960938 -0.0238189697265625 0.07305908203125
0.0771255493164063 -0.129364013671875 -0.0740737915039063 0.034271240234375
0.179428100585938 -0.0101318359375 -0.0803146362304687 -0.01885986328125
0.15869140625 0.0913238525390625 -0.0180206298828125 -0.0505332946777344
0.0988922119140625 0.18768310546875 0.0176124572753906 0.0540351867675781
0.0016021728515625 0.16314697265625 0.122238159179688 0.107841491699219
0.042022705078125 0.162704467773438 0.0860137939453125 0.1468505859375
0.148269653320313 0.110336303710938 0.101516723632813 0.119712829589844
0.1439208984375 -0.0156707763671875 0.117073059082031 0.058502197265625
0.0870819091796875 -0.0967941284179688 0.0890960693359375 0.00794219970703124
-0.0154266357421875 -0.113090515136719 0.0410079956054688 -0.00423812866210938
-0.0753936767578125 -0.0815658569335938 0.0376434326171875 0.0176010131835937
-0.0783004760742188 -0.0844879150390625 0.0556144714355469 0.0435523986816406
-0.101364135742188 -0.076446533203125 0.06121826171875 0.0711135864257813
-0.0708389282226562 -0.092376708984375 0.0319442749023437 0.104995727539063
-0.0116500854492188 -0.129058837890625 -0.00775146484375001 0.0963363647460937
0.07501220703125 -0.11041259765625 -0.0644989013671875 0.0563545227050781
0.157974243164063 0.0095062255859375 -0.075225830078125 -0.00376892089843749
0.118209838867188 0.10137939453125 0.00594711303710938 -0.0291118621826172
0.0478057861328125 0.164581298828125 0.0385818481445313 0.1080322265625
-0.0469894409179688 0.086761474609375 0.12213134765625 0.153656005859375
-0.00855255126953125 0.108840942382812 0.090850830078125 0.166458129882813
0.0744552612304688 0.0898895263671875 0.0812911987304688 0.1201171875
0.0897216796875 0.00463104248046875 0.09649658203125 0.0753860473632813
0.0597076416015625 -0.0562934875488281 0.0794754028320313 0.035614013671875
-0.00778961181640626 -0.0758132934570313 0.0548896789550781 0.0251502990722656
-0.0499839782714844 -0.0556144714355469 0.0671844482421875 0.0372695922851563
-0.0554122924804687 -0.0596771240234375 0.0831680297851563 0.0571136474609375
-0.0726852416992188 -0.0588607788085938 0.0912857055664062 0.087646484375
-0.0514068603515625 -0.0720138549804688 0.0528335571289063 0.12567138671875
-0.0031890869140625 -0.100502014160156 0.000740051269531256 0.116500854492188
0.0661697387695312 -0.0779876708984375 -0.0615768432617187 0.0748443603515625
0.119026184082031 0.0289993286132812 -0.0755538940429687 0.00598144531250002
0.0643463134765625 0.1004638671875 0.0189094543457031 -0.00794219970703124
-0.0116043090820313 0.120414733886719 0.042449951171875 0.1524658203125
0.0592498779296875 -0.0453147888183594 -0.0610809326171875 -0.16644287109375
-0.0155410766601563 -0.0626335144042969 -0.0289096832275391 -0.00893974304199219
-0.0573005676269531 -0.0186195373535156 0.081878662109375 -0.004302978515625
-0.043060302734375 0.0323562622070313 0.0881500244140625 -0.0908966064453125
-0.00620651245117187 0.0512504577636719 0.01495361328125 -0.133750915527344
0.0320968627929688 0.038055419921875 -0.0642471313476563 -0.137100219726563
0.0299949645996094 0.0197982788085938 -0.116127014160156 -0.0885848999023438
0.0218544006347656 0.0213146209716797 -0.101783752441406 -0.0607681274414063
0.0188007354736328 0.0241279602050781 -0.0885696411132812 -0.0429763793945313
0.00141143798828125 0.0238819122314453 -0.0743637084960938 -0.0440292358398438
-0.0212345123291016 0.011444091796875 -0.0810928344726562 -0.0445327758789063
-0.0307865142822266 -0.0274181365966797 -0.0908966064453125 -0.0776214599609375
0.01177978515625 -0.0527153015136719 -0.0700836181640625 -0.129318237304688
0.061798095703125 -0.0410957336425781 -0.097381591796875 -0.162841796875
0.0908203125 -0.01385498046875 -0.11846923828125 -0.175872802734375
0.103858947753906 0.03009033203125 -0.0369110107421875 -0.177444458007813
0.0438232421875 -0.0228805541992188 -0.0198421478271484 -0.0146656036376953
0.0140647888183594 -0.0260238647460938 0.0979766845703125 0.000595092773437498
-0.00448799133300781 -0.00908660888671875 0.105384826660156 -0.0925521850585938
-0.000373601913452149 -0.00209963321685791 0.0285491943359375 -0.144210815429688
0.00388097763061523 -0.00179791450500488 -0.063507080078125 -0.1439208984375
-0.012059211730957 -0.00735855102539063 -0.117919921875 -0.0899887084960937
-0.0141181945800781 -0.0133075714111328 -0.0990142822265625 -0.0563583374023437
-0.0190258026123047 -0.0106315612792969 -0.0884017944335938 -0.0372161865234375
-0.0134563446044922 -0.0198497772216797 -0.0770111083984375 -0.0336532592773437
-0.00310897827148437 -0.0356330871582031 -0.0812149047851562 -0.033203125
0.0207672119140625 -0.0547065734863281 -0.09588623046875 -0.0689010620117188
0.0768890380859375 -0.0273590087890625 -0.077362060546875 -0.112884521484375
0.109092712402344 0.0110931396484375 -0.0984649658203125 -0.14544677734375
0.125022888183594 0.0662002563476563 -0.104949951171875 -0.157608032226562
0.129478454589844 0.108848571777344 0.000900268554687519 -0.16070556640625
0.095855712890625 0.03643798828125 0.000618934631347663 -0.00556278228759765
0.09539794921875 -0.0158615112304688 0.118415832519531 0.0154571533203125
0.0492820739746094 -0.0475234985351563 0.127479553222656 -0.0829620361328125
0.0173835754394531 -0.0585441589355469 0.050537109375 -0.14178466796875
-0.0193862915039062 -0.0480003356933594 -0.0507278442382812 -0.140449523925781
-0.0500640869140625 -0.0386695861816406 -0.104522705078125 -0.082611083984375
-0.0487327575683594 -0.0472640991210938 -0.0819091796875 -0.0429153442382813
-0.0572929382324219 -0.0412712097167969 -0.0745468139648438 -0.0199737548828125
-0.0350799560546875 -0.057098388671875 -0.070587158203125 -0.00965881347656251
-0.000213623046875003 -0.0802688598632813 -0.0775985717773438 -0.00900268554687501
0.0531234741210938 -0.0876998901367188 -0.100761413574219 -0.0465164184570313
0.132286071777344 -0.0209121704101562 -0.0863876342773438 -0.0886611938476562
0.150558471679688 0.042938232421875 -0.0930023193359375 -0.119903564453125
0.148941040039063 0.127243041992188 -0.0820465087890625 -0.116943359375
0.128341674804688 0.175140380859375 0.0433425903320313 -0.114593505859375
0.126693725585938 0.1026611328125 0.0284786224365234 0.0214252471923828
0.16943359375 0.013336181640625 0.134063720703125 0.0418243408203125
0.109519958496094 -0.069793701171875 0.146102905273437 -0.0567474365234375
0.0451507568359375 -0.106575012207031 0.0746994018554688 -0.120887756347656
-0.0320663452148438 -0.0921401977539063 -0.028564453125 -0.121627807617188
-0.077880859375 -0.0665359497070313 -0.0771255493164063 -0.0653152465820313
-0.0762100219726563 -0.07440185546875 -0.05322265625 -0.0232315063476562
-0.0908966064453125 -0.0634841918945313 -0.0475349426269531 0.00284957885742188
-0.058380126953125 -0.0834274291992188 -0.0519523620605469 0.0211296081542969
-0.00875091552734375 -0.115180969238281 -0.0645980834960938 0.0202140808105469
0.0674209594726562 -0.118026733398438 -0.0978469848632813 -0.0172653198242188
0.167755126953125 -0.0270233154296875 -0.090423583984375 -0.0611648559570313
0.176605224609375 0.0600738525390625 -0.0760345458984375 -0.0936431884765625
0.156234741210938 0.166351318359375 -0.0505409240722656 -0.0635032653808594
0.101486206054687 0.210006713867188 0.0804519653320313 -0.0438613891601562
0.125396728515625 0.156723022460938 0.0548973083496094 0.0623931884765625
0.209197998046875 0.0568695068359375 0.136100769042969 0.07275390625
0.15484619140625 -0.06787109375 0.150390625 -0.018157958984375
0.07275390625 -0.131187438964844 0.0908203125 -0.0824203491210938
-0.0334548950195313 -0.121635437011719 -0.00319671630859376 -0.0878524780273438
-0.0921096801757813 -0.0844955444335938 -0.0403251647949219 -0.0397987365722656
-0.0907516479492188 -0.0899810791015625 -0.0160789489746094 0.000197410583496092
-0.111412048339844 -0.0757369995117188 -0.0116386413574219 0.0274276733398437
-0.0762252807617187 -0.0961380004882813 -0.0244598388671875 0.0519332885742187
-0.018157958984375 -0.134918212890625 -0.0439529418945312 0.0487861633300781
0.0704193115234375 -0.13336181640625 -0.0868453979492187 0.0119857788085937
0.181854248046875 -0.0278778076171875 -0.0862808227539062 -0.0360336303710937
0.179550170898438 0.0712127685546875 -0.0498733520507812 -0.0703048706054688
0.141677856445313 0.183242797851563 -0.0139293670654297 -0.00490474700927733
0.0576934814453125 0.204666137695313 0.106910705566406 0.0344696044921875
0.0948486328125 0.178497314453125 0.0747833251953125 0.107421875
0.200439453125 0.0914764404296875 0.123481750488281 0.09942626953125
0.166351318359375 -0.046051025390625 0.138519287109375 0.0223464965820313
0.0882492065429688 -0.126029968261719 0.0946884155273438 -0.0359878540039063
-0.0277023315429688 -0.1278076171875 0.0206146240234375 -0.0446243286132813
-0.0906906127929688 -0.0877227783203125 0.000210762023925776 -0.0101480484008789
-0.0924911499023438 -0.0923004150390625 0.0218238830566406 0.0225162506103516
-0.116188049316406 -0.078033447265625 0.0275192260742187 0.0497055053710937
-0.0815887451171875 -0.0967559814453125 0.00744628906249999 0.0788650512695313
-0.0218353271484375 -0.137847900390625 -0.021942138671875 0.0733795166015625
0.0704574584960938 -0.130615234375 -0.0734710693359375 0.0362014770507813
0.176864624023438 -0.016815185546875 -0.0796661376953125 -0.0160980224609375
0.15911865234375 0.0845184326171875 -0.0208702087402344 -0.0499763488769531
0.105133056640625 0.181640625 0.0192604064941406 0.0515518188476563
0.0071563720703125 0.160293579101562 0.121292114257812 0.103073120117188
0.046356201171875 0.158645629882813 0.0868988037109375 0.143203735351563
0.150222778320312 0.10186767578125 0.102272033691406 0.114120483398438
0.140251159667969 -0.020263671875 0.116546630859375 0.0543365478515625
0.0814590454101563 -0.0979995727539063 0.088470458984375 0.00522613525390624
-0.018951416015625 -0.110481262207031 0.04046630859375 -0.00392532348632813
-0.07623291015625 -0.0763931274414062 0.038238525390625 0.016387939453125
-0.0805435180664063 -0.0795135498046875 0.0569419860839844 0.0401725769042969
-0.103172302246094 -0.0703659057617188 0.0641517639160156 0.0679969787597656
-0.0727615356445313 -0.087188720703125 0.0360107421875 0.103134155273437
-0.0167999267578125 -0.124908447265625 -0.00506591796875 0.0951766967773437
0.0689010620117188 -0.111557006835938 -0.0628128051757813 0.0571632385253906
0.15643310546875 0.0028076171875 -0.0742874145507812 -0.0015411376953125
0.120414733886719 0.0961151123046875 0.00347137451171875 -0.0297527313232422
0.0530548095703125 0.160736083984375 0.04180908203125 0.104095458984375
-0.0425491333007812 0.087432861328125 0.123397827148437 0.147552490234375
-0.00470733642578126 0.106719970703125 0.0928955078125 0.161331176757813
0.0772933959960938 0.0841827392578125 0.0826263427734375 0.116142272949219
0.0873489379882813 0.00106048583984375 0.0973587036132813 0.072235107421875
0.0560264587402344 -0.0570755004882813 0.0795822143554688 0.0322418212890625
-0.0105819702148438 -0.0736236572265625 0.0550994873046875 0.0245819091796875
-0.0511360168457031 -0.0525245666503906 0.0683555603027344 0.035247802734375
-0.0567092895507813 -0.055633544921875 0.0849609375 0.05218505859375
-0.0742263793945313 -0.0543594360351562 0.0937042236328125 0.0825576782226563
-0.0534858703613281 -0.0679054260253906 0.057373046875 0.122711181640625
-0.00810241699218749 -0.09722900390625 0.00281524658203125 0.114974975585938
0.061004638671875 -0.07904052734375 -0.0591583251953125 0.0750961303710937
0.119041442871094 0.02313232421875 -0.0741348266601562 0.00874328613281249
0.066741943359375 0.096771240234375 0.0172901153564453 -0.00968074798583984
-0.00693511962890626 0.118728637695313 0.0469207763671875 0.146713256835938
0.0562171936035156 -0.0448799133300781 -0.0619354248046875 -0.162460327148438
-0.0150871276855469 -0.0615272521972656 -0.0281047821044922 -0.00753211975097657
-0.0562248229980469 -0.0174674987792969 0.0812759399414063 -0.0042572021484375
-0.0410575866699219 0.0335159301757813 0.08758544921875 -0.090423583984375
-0.00435256958007812 0.0509376525878906 0.0149307250976563 -0.132759094238281
0.0331687927246094 0.0356330871582031 -0.0649185180664062 -0.135581970214844
0.0291576385498047 0.0180587768554688 -0.115921020507813 -0.0872116088867188
0.0211753845214844 0.0200843811035156 -0.102241516113281 -0.058837890625
0.0191402435302734 0.0228805541992188 -0.0887985229492188 -0.0411605834960938
0.00203132629394531 0.0226116180419922 -0.074462890625 -0.04290771484375
-0.019287109375 0.0108661651611328 -0.0813674926757812 -0.0433807373046875
-0.0300788879394531 -0.0253334045410156 -0.0909194946289062 -0.076019287109375
0.0106124877929688 -0.0515022277832031 -0.07025146484375 -0.128440856933594
0.0607528686523438 -0.0399208068847656 -0.0965576171875 -0.160232543945312
0.08905029296875 -0.0143890380859375 -0.116836547851563 -0.17315673828125
0.101890563964844 0.0294113159179688 -0.0386810302734375 -0.172866821289063
0.0429420471191406 -0.0219917297363281 -0.0196380615234375 -0.0128726959228516
0.0139064788818359 -0.0250892639160156 0.0970993041992187 -6.86645507812515E-05
-0.00408029556274414 -0.00823450088500977 0.104286193847656 -0.0923080444335938
0.00114059448242188 -0.00147879123687744 0.0288238525390625 -0.1424560546875
0.00497817993164063 -0.0032196044921875 -0.0635833740234375 -0.14251708984375
-0.0118522644042969 -0.00847721099853516 -0.118156433105469 -0.0878982543945313
-0.0148172378540039 -0.0140714645385742 -0.09930419921875 -0.0543975830078125
-0.018402099609375 -0.0108547210693359 -0.0888748168945313 -0.0351638793945312
-0.0128364562988281 -0.0201454162597656 -0.0773696899414063 -0.032684326171875
-0.00182342529296875 -0.0351524353027344 -0.0814437866210938 -0.0325164794921875
0.0204505920410156 -0.0535240173339844 -0.096710205078125 -0.0671463012695313
0.0764312744140625 -0.0264892578125 -0.0763626098632813 -0.112388610839844
0.107711791992188 0.0113601684570312 -0.098907470703125 -0.14337158203125
0.123039245605469 0.0642852783203125 -0.103973388671875 -0.15484619140625
0.1280517578125 0.106407165527344 -0.0022430419921875 -0.157363891601563
0.0951995849609375 0.0365447998046875 -5.55515289306581E-05 -0.00301170349121093
0.09521484375 -0.0168914794921875 0.116630554199219 0.0141372680664062
0.0488929748535156 -0.0466232299804687 0.125801086425781 -0.0829315185546875
0.0174331665039062 -0.0579948425292969 0.0504837036132813 -0.140388488769531
-0.0183296203613281 -0.0472412109375 -0.050994873046875 -0.138740539550781
-0.049652099609375 -0.038604736328125 -0.104377746582031 -0.0803451538085937
-0.0491485595703125 -0.0470314025878906 -0.0819931030273438 -0.041717529296875
-0.057342529296875 -0.0406265258789063 -0.0746307373046875 -0.0186691284179688
-0.0343818664550781 -0.0564231872558594 -0.0712509155273438 -0.00875854492187499
0.000282287597656248 -0.0792922973632813 -0.077301025390625 -0.00858306884765625
0.0525131225585938 -0.0876846313476562 -0.102157592773438 -0.0449371337890625
0.131309509277344 -0.021514892578125 -0.0864486694335938 -0.0880508422851562
0.14892578125 0.042999267578125 -0.0934524536132812 -0.118240356445313
0.148849487304687 0.125167846679687 -0.0820465087890625 -0.11505126953125
0.126693725585938 0.171249389648438 0.03900146484375 -0.111198425292969
0.126502990722656 0.102203369140625 0.0268325805664063 0.0231342315673828
0.168304443359375 0.0111236572265625 0.131942749023438 0.040008544921875
0.1077880859375 -0.0693130493164062 0.14398193359375 -0.056427001953125
0.043426513671875 -0.105476379394531 0.07366943359375 -0.11920166015625
-0.0319366455078125 -0.0906524658203125 -0.028717041015625 -0.120315551757813
-0.0774993896484375 -0.0650177001953125 -0.0772781372070313 -0.0634231567382813
-0.0764999389648438 -0.0737457275390625 -0.0525894165039063 -0.022186279296875
-0.0905380249023438 -0.0617218017578125 -0.0472183227539063 0.00335693359374999
-0.057952880859375 -0.0813064575195312 -0.0515594482421875 0.0213699340820312
-0.00877380371093751 -0.113639831542969 -0.0644645690917969 0.0206985473632813
0.0648269653320312 -0.117355346679688 -0.0992355346679688 -0.0156707763671875
0.1666259765625 -0.0277099609375 -0.0898895263671875 -0.0607833862304687
0.174896240234375 0.05859375 -0.0767593383789063 -0.0927352905273437
0.156524658203125 0.164306640625 -0.0499801635742187 -0.0619735717773438
0.101043701171875 0.206741333007813 0.07672119140625 -0.0421066284179687
0.125717163085938 0.15582275390625 0.0527420043945313 0.0639305114746094
0.20794677734375 0.0531158447265625 0.133834838867188 0.070465087890625
0.152542114257813 -0.06805419921875 0.148880004882813 -0.0181427001953125
0.0713119506835938 -0.130081176757813 0.0899276733398438 -0.0813827514648438
-0.0335769653320313 -0.1192626953125 -0.00302124023437501 -0.0857925415039063
-0.0908889770507813 -0.0830459594726563 -0.0400543212890625 -0.0382003784179687
-0.0923385620117188 -0.0885162353515625 -0.0160598754882813 -0.000201225280761724
-0.111351013183594 -0.0728988647460938 -0.0107154846191406 0.0276756286621094
-0.0758285522460938 -0.0934371948242188 -0.023193359375 0.0522079467773438
-0.019134521484375 -0.13201904296875 -0.0442924499511719 0.0490646362304687
0.0680770874023438 -0.13250732421875 -0.0885086059570313 0.0129623413085937
0.180679321289063 -0.0294342041015625 -0.0862197875976562 -0.0355453491210937
0.177597045898438 0.070068359375 -0.0507087707519531 -0.0699577331542969
0.14251708984375 0.181198120117187 -0.0137186050415039 -0.00474452972412108
0.0580596923828125 0.201980590820312 0.103080749511719 0.0348892211914063
0.0951080322265625 0.176437377929688 0.072479248046875 0.1080322265625
0.200302124023438 0.087554931640625 0.121253967285156 0.097015380859375
0.164276123046875 -0.0472564697265625 0.137229919433594 0.0222396850585937
0.0858612060546875 -0.125076293945313 0.0931854248046875 -0.0361175537109375
-0.027801513671875 -0.125984191894531 0.0216865539550781 -0.0429801940917969
-0.0902786254882813 -0.0866928100585937 0.000592231750488275 -0.00917148590087891
-0.093658447265625 -0.0898056030273438 0.0222225189208984 0.0215091705322266
-0.115608215332031 -0.0747299194335937 0.0285758972167969 0.04840087890625
-0.0810394287109375 -0.0935745239257813 0.00813293457031249 0.0785293579101562
-0.0231246948242187 -0.135108947753906 -0.02252197265625 0.07293701171875
0.0679702758789063 -0.130317687988281 -0.074371337890625 0.037017822265625
0.175582885742188 -0.0181732177734375 -0.079498291015625 -0.0163116455078125
0.158309936523438 0.0830078125 -0.0216255187988281 -0.0508193969726562
0.106857299804687 0.178878784179687 0.0196800231933594 0.0502967834472656
0.00799560546874999 0.157745361328125 0.118331909179688 0.102729797363281
0.0477294921875 0.157257080078125 0.0846405029296875 0.142623901367188
0.149658203125 0.0977325439453125 0.100288391113281 0.112167358398437
0.13812255859375 -0.0204925537109375 0.115463256835938 0.0538101196289063
0.0794525146484375 -0.0977325439453125 0.0866546630859375 0.00449371337890624
-0.0201950073242187 -0.107963562011719 0.041168212890625 -0.00267028808593751
-0.076171875 -0.0742568969726563 0.0381584167480469 0.0166549682617187
-0.080810546875 -0.0779571533203125 0.0573234558105469 0.0385780334472656
-0.102569580078125 -0.0674057006835938 0.0654983520507813 0.0660324096679688
-0.0729141235351563 -0.0849456787109375 0.0370254516601562 0.102035522460938
-0.0189666748046875 -0.122421264648437 -0.00533294677734374 0.0941238403320312
0.06591796875 -0.111198425292969 -0.063232421875 0.05712890625
0.155838012695313 0.000701904296875 -0.0736007690429687 -0.00135803222656249
0.119987487792969 0.094573974609375 0.00217437744140626 -0.0307235717773437
0.055084228515625 0.158767700195312 0.0415802001953125 0.101119995117188
-0.0415115356445312 0.085784912109375 0.120315551757813 0.145584106445313
-0.00422668457031249 0.105384826660156 0.0912017822265625 0.160415649414062
0.0771255493164063 0.0811691284179688 0.0802841186523437 0.115165710449219
0.0854949951171875 0.00041961669921875 0.096649169921875 0.0713653564453125
0.0541000366210937 -0.0570640563964844 0.078826904296875 0.0318145751953125
-0.0114517211914062 -0.0723190307617188 0.0558815002441406 0.0253257751464844
-0.0511245727539063 -0.0507888793945312 0.0690040588378906 0.0348243713378906
-0.0565032958984375 -0.0542564392089844 0.0847854614257813 0.0501480102539063
-0.0743408203125 -0.0513916015625 0.0952606201171875 0.0792922973632813
-0.0535926818847656 -0.0656318664550781 0.0590744018554688 0.120712280273437
-0.0096435546875 -0.0944366455078125 0.00382232666015626 0.113784790039063
0.058380126953125 -0.0792922973632813 -0.0592880249023437 0.074615478515625
0.117843627929688 0.0211563110351563 -0.074005126953125 0.00831604003906249
0.067596435546875 0.0949172973632813 0.0157279968261719 -0.0117330551147461
-0.0054473876953125 0.117042541503906 0.0464019775390625 0.14312744140625
0.0561141967773438 -0.0442276000976563 -0.0609588623046875 -0.162918090820312
-0.0151405334472656 -0.061798095703125 -0.0284805297851563 -0.00663375854492187
-0.0558967590332031 -0.0178718566894531 0.0826034545898438 -0.00302886962890625
-0.0414352416992188 0.0339508056640625 0.0901260375976563 -0.091033935546875
-0.00304031372070312 0.0511322021484375 0.0171585083007812 -0.134132385253906
0.0331401824951172 0.0340557098388672 -0.0651626586914063 -0.139068603515625
0.0281982421875 0.0171108245849609 -0.118232727050781 -0.0887985229492188
0.020721435546875 0.0198211669921875 -0.104171752929688 -0.0598831176757812
0.0188198089599609 0.0221138000488281 -0.090606689453125 -0.0413742065429688
0.00221824645996094 0.0225143432617188 -0.0763015747070313 -0.0446243286132813
-0.0187034606933594 0.0101299285888672 -0.082061767578125 -0.0446395874023438
-0.0298213958740234 -0.0251560211181641 -0.0920257568359375 -0.077484130859375
0.0112037658691406 -0.0501785278320313 -0.0693817138671875 -0.131248474121094
0.061859130859375 -0.0401649475097656 -0.09552001953125 -0.162506103515625
0.089324951171875 -0.0150909423828125 -0.116195678710937 -0.176193237304688
0.101043701171875 0.0306167602539063 -0.037567138671875 -0.17291259765625
0.0441474914550781 -0.0211334228515625 -0.0199737548828125 -0.0116481781005859
0.0148830413818359 -0.025238037109375 0.098388671875 0.0011138916015625
-0.00364351272583008 -0.00775241851806641 0.107070922851563 -0.0924301147460937
0.00177764892578125 -0.00173425674438477 0.0312652587890625 -0.143829345703125
0.00527620315551758 -0.00452089309692383 -0.063262939453125 -0.145217895507812
-0.0127115249633789 -0.00994682312011719 -0.119361877441406 -0.0891265869140625
-0.0160598754882813 -0.0150737762451172 -0.101531982421875 -0.0556488037109375
-0.0191078186035156 -0.0124645233154297 -0.0905990600585937 -0.0353469848632813
-0.0119647979736328 -0.0214672088623047 -0.0788116455078125 -0.0336074829101563
-0.00101089477539062 -0.0361328125 -0.0830230712890625 -0.0338821411132812
0.0212059020996094 -0.0525588989257813 -0.0987091064453125 -0.0679244995117188
0.0774383544921875 -0.025054931640625 -0.0768203735351563 -0.114852905273437
0.108657836914063 0.0133743286132812 -0.0977783203125 -0.14520263671875
0.124435424804688 0.0653533935546875 -0.10333251953125 -0.15740966796875
0.126953125 0.10931396484375 -0.0020599365234375 -0.155792236328125
0.095977783203125 0.0387115478515625 -0.000737667083740229 -0.00162303447723388
0.0963897705078125 -0.0168075561523438 0.117301940917969 0.0151290893554688
0.0499725341796875 -0.0461845397949219 0.128890991210938 -0.0819625854492187
0.0183067321777344 -0.0588302612304688 0.052825927734375 -0.141067504882813
-0.0176506042480469 -0.0492286682128906 -0.05023193359375 -0.1407470703125
-0.0503082275390625 -0.0398521423339844 -0.105926513671875 -0.0812301635742188
-0.0508842468261719 -0.0486793518066406 -0.0835418701171875 -0.0428848266601562
-0.0576362609863281 -0.0414314270019531 -0.0755691528320313 -0.018524169921875
-0.0340003967285156 -0.0577430725097656 -0.072021484375 -0.00907135009765625
0.00166320800781249 -0.0800933837890625 -0.0793380737304687 -0.00872039794921874
0.0540237426757813 -0.087738037109375 -0.105110168457031 -0.0456390380859375
0.133636474609375 -0.0201492309570313 -0.08685302734375 -0.0909042358398437
0.150299072265625 0.045318603515625 -0.0933380126953125 -0.120132446289063
0.149444580078125 0.127822875976563 -0.0813369750976562 -0.1168212890625
0.126083374023438 0.17486572265625 0.0391998291015625 -0.109489440917969
0.127349853515625 0.105491638183594 0.0256633758544922 0.0263423919677734
0.170440673828125 0.0120697021484375 0.131462097167969 0.0413436889648438
0.109672546386719 -0.06890869140625 0.146804809570312 -0.055633544921875
0.0449600219726562 -0.107109069824219 0.07666015625 -0.120491027832031
-0.0308990478515625 -0.0920944213867188 -0.0275192260742187 -0.120887756347656
-0.0780792236328125 -0.0660858154296875 -0.0777587890625 -0.0639495849609375
-0.0784072875976562 -0.075531005859375 -0.0535888671875 -0.0229873657226563
-0.0913543701171875 -0.0627288818359375 -0.047760009765625 0.00366210937500001
-0.0577239990234375 -0.0821533203125 -0.0520591735839844 0.0218086242675781
-0.00764465332031251 -0.114555358886719 -0.066558837890625 0.021514892578125
0.0668487548828125 -0.118370056152344 -0.102424621582031 -0.0162353515625
0.170028686523438 -0.0268707275390625 -0.091522216796875 -0.0631484985351563
0.176315307617188 0.0615386962890625 -0.0778961181640625 -0.0948333740234375
0.158172607421875 0.16729736328125 -0.0500717163085938 -0.0633506774902343
0.0997772216796875 0.209930419921875 0.0753707885742187 -0.040313720703125
0.126312255859375 0.159393310546875 0.05096435546875 0.0674057006835938
0.210525512695313 0.053924560546875 0.133651733398438 0.0721588134765625
0.154434204101562 -0.0673675537109375 0.151535034179688 -0.0166168212890625
0.0729904174804688 -0.131134033203125 0.092254638671875 -0.0818939208984375
-0.0328598022460938 -0.120849609375 -0.0014190673828125 -0.0859756469726563
-0.091552734375 -0.083709716796875 -0.0401611328125 -0.0378494262695313
-0.0940933227539063 -0.090545654296875 -0.016693115234375 -0.000347137451171877
-0.112266540527344 -0.0737991333007813 -0.0104732513427734 0.0274105072021484
-0.0755538940429687 -0.0943832397460938 -0.0230865478515625 0.0530586242675781
-0.018218994140625 -0.133522033691406 -0.0463638305664063 0.0498542785644531
0.0691757202148438 -0.133934020996094 -0.0917816162109375 0.0121688842773437
0.184432983398438 -0.0295867919921875 -0.0877609252929687 -0.0376815795898438
0.179107666015625 0.073028564453125 -0.0516281127929687 -0.0714874267578125
0.144195556640625 0.184539794921875 -0.0138530731201172 -0.00608539581298827
0.0569000244140625 0.20416259765625 0.101493835449219 0.0377731323242188
0.095977783203125 0.179901123046875 0.0702056884765625 0.111862182617188
0.201217651367188 0.089111328125 0.11981201171875 0.0993576049804688
0.166122436523438 -0.046630859375 0.137863159179687 0.0240249633789062
0.0875778198242188 -0.126907348632813 0.0948715209960938 -0.0354690551757813
-0.0277862548828125 -0.127281188964844 0.0225830078125 -0.0425033569335938
-0.0899734497070313 -0.0873031616210938 0.00104808807373046 -0.00919628143310547
-0.0946273803710937 -0.0920639038085938 0.0222511291503906 0.0211181640625
-0.116798400878906 -0.0753250122070313 0.0295753479003906 0.0492935180664062
-0.080780029296875 -0.0947036743164063 0.00901031494140625 0.0796966552734375
-0.0229721069335938 -0.135841369628906 -0.024078369140625 0.0740432739257812
0.0678253173828125 -0.131156921386719 -0.077789306640625 0.0375518798828125
0.17919921875 -0.0190582275390625 -0.0804901123046875 -0.0181198120117187
0.159378051757813 0.0852813720703125 -0.0228996276855469 -0.05194091796875
0.108108520507812 0.182022094726562 0.0197677612304688 0.0500373840332031
0.00692749023437501 0.159408569335938 0.1160888671875 0.106986999511719
0.047576904296875 0.159622192382813 0.0824737548828125 0.146270751953125
0.1507568359375 0.0991973876953125 0.0985031127929688 0.114982604980469
0.139419555664063 -0.0203399658203125 0.116043090820313 0.0565643310546875
0.0801849365234375 -0.0987548828125 0.0880050659179688 0.00618743896484374
-0.0194473266601563 -0.109207153320313 0.0422821044921875 -0.00167846679687501
-0.0762710571289063 -0.0753326416015625 0.0396232604980469 0.0170135498046875
-0.0826416015625 -0.0794448852539063 0.0582809448242187 0.0385704040527344
-0.103424072265625 -0.0674514770507813 0.0667648315429688 0.0666427612304688
-0.0727920532226562 -0.0852508544921875 0.0381088256835937 0.103759765625
-0.0190582275390625 -0.12261962890625 -0.007049560546875 0.0948867797851562
0.0657806396484375 -0.111991882324219 -0.0658226013183594 0.0574531555175781
0.158355712890625 -0.000274658203125 -0.0746383666992187 -0.00294494628906248
0.121253967285156 0.0967636108398437 0.000953674316406255 -0.0326919555664062
0.0558624267578125 0.160369873046875 0.0407943725585938 0.101226806640625
-0.0421981811523437 0.0861740112304688 0.119384765625 0.150192260742188
-0.00385284423828124 0.106979370117188 0.088653564453125 0.164169311523438
0.077850341796875 0.0810546875 0.0786514282226562 0.118385314941406
0.0861434936523437 0.00101470947265625 0.0967483520507813 0.074188232421875
0.0548591613769531 -0.05694580078125 0.0792617797851562 0.0329666137695312
-0.0115585327148437 -0.0728378295898438 0.0566558837890625 0.0263595581054687
-0.0516433715820313 -0.0501251220703125 0.0704803466796875 0.034912109375
-0.0581703186035156 -0.0547065734863281 0.0863571166992188 0.05029296875
-0.0750274658203125 -0.0512466430664062 0.0965118408203125 0.0800857543945312
-0.0533409118652344 -0.0658378601074219 0.0594406127929687 0.122787475585938
-0.00971221923828125 -0.095123291015625 0.00152587890625001 0.114570617675781
0.058258056640625 -0.0797653198242188 -0.061798095703125 0.0747909545898437
0.119949340820313 0.0204849243164063 -0.0753173828125 0.00740814208984375
0.0684738159179688 0.0967636108398438 0.0156679153442383 -0.0130443572998047
-0.00525665283203125 0.118141174316406 0.0454254150390625 0.143798828125
0.0567855834960938 -0.0447502136230469 -0.06304931640625 -0.168289184570312
-0.0162620544433594 -0.0637092590332031 -0.0293426513671875 -0.00578498840332031
-0.0576019287109375 -0.0184783935546875 0.08575439453125 -0.00234222412109375
-0.042144775390625 0.036102294921875 0.0940933227539063 -0.0940170288085938
-0.0024871826171875 0.0529441833496094 0.0194320678710937 -0.140007019042969
0.0341472625732422 0.0337467193603516 -0.0679779052734375 -0.145187377929688
0.0288257598876953 0.0168418884277344 -0.123863220214844 -0.0919342041015625
0.0212936401367188 0.0200252532958984 -0.110572814941406 -0.0617446899414063
0.0190448760986328 0.0218753814697266 -0.0951385498046875 -0.0417633056640625
0.0025482177734375 0.0216960906982422 -0.0799407958984375 -0.0465621948242187
-0.019134521484375 0.010406494140625 -0.0861358642578125 -0.047027587890625
-0.0312271118164063 -0.0253696441650391 -0.0955429077148438 -0.0804595947265625
0.0117988586425781 -0.0512771606445313 -0.0707015991210937 -0.136894226074219
0.0641708374023438 -0.0413017272949219 -0.0973663330078125 -0.167877197265625
0.0917892456054688 -0.0161361694335938 -0.118789672851563 -0.18328857421875
0.103927612304688 0.0325775146484375 -0.0396881103515625 -0.177474975585938
0.0456619262695313 -0.0207901000976563 -0.0212249755859375 -0.0105152130126953
0.0158061981201172 -0.0261592864990234 0.10211181640625 0.00148773193359375
-0.00254726409912109 -0.00711631774902344 0.111778259277344 -0.09613037109375
0.00266909599304199 -0.00205159187316895 0.0342864990234375 -0.149581909179688
0.00578880310058594 -0.00565052032470703 -0.066192626953125 -0.151901245117188
-0.0132150650024414 -0.0106754302978516 -0.125091552734375 -0.091583251953125
-0.0174722671508789 -0.0166311264038086 -0.106857299804688 -0.0568466186523438
-0.0203304290771484 -0.0129337310791016 -0.0949478149414062 -0.0362014770507813
-0.0122222900390625 -0.0229282379150391 -0.0829010009765625 -0.0346527099609375
-0.00042724609375 -0.0385971069335938 -0.086944580078125 -0.0349960327148438
0.022552490234375 -0.0547981262207031 -0.104019165039062 -0.0697555541992188
0.0813980102539063 -0.02410888671875 -0.079254150390625 -0.120529174804688
0.112129211425781 0.0149459838867187 -0.101242065429688 -0.150238037109375
0.128410339355469 0.0685348510742187 -0.106735229492187 -0.163787841796875
0.130958557128906 0.113746643066406 -0.0031280517578125 -0.159866333007813
0.100105285644531 0.0410690307617187 -0.00191092491149902 0.000617861747741702
0.100547790527344 -0.017364501953125 0.120903015136719 0.0162887573242188
0.0524826049804687 -0.0474815368652344 0.13433837890625 -0.084747314453125
0.0196647644042969 -0.0610694885253906 0.0567474365234375 -0.146636962890625
-0.017730712890625 -0.0521049499511719 -0.0517578125 -0.146865844726563
-0.0528144836425781 -0.041717529296875 -0.110488891601563 -0.0839614868164062
-0.0541534423828125 -0.0515518188476562 -0.0882492065429688 -0.0438613891601562
-0.0601577758789063 -0.0432090759277344 -0.07977294921875 -0.01898193359375
-0.0347976684570313 -0.0606651306152344 -0.0747528076171875 -0.0091552734375
0.00231170654296875 -0.0838470458984375 -0.083648681640625 -0.00929260253906249
0.0562744140625 -0.0902786254882813 -0.11053466796875 -0.0468597412109375
0.139984130859375 -0.020660400390625 -0.090118408203125 -0.0951461791992188
0.156051635742188 0.0482025146484375 -0.0974807739257813 -0.12432861328125
0.1552734375 0.13311767578125 -0.0842971801757813 -0.122093200683594
0.129547119140625 0.181549072265625 0.0389633178710938 -0.111412048339844
0.133049011230469 0.110862731933594 0.0245590209960938 0.0298290252685547
0.177536010742188 0.0120697021484375 0.135635375976563 0.0433502197265625
0.113609313964844 -0.0712814331054688 0.152923583984375 -0.0567779541015625
0.0472564697265625 -0.111381530761719 0.0805511474609375 -0.124168395996094
-0.0314254760742188 -0.095947265625 -0.028350830078125 -0.125595092773438
-0.0812530517578125 -0.0689773559570313 -0.0810470581054688 -0.0655136108398437
-0.083038330078125 -0.0789413452148438 -0.0562591552734375 -0.0245018005371094
-0.095245361328125 -0.0643463134765625 -0.0501480102539063 0.00454711914062499
-0.0597763061523437 -0.08544921875 -0.054229736328125 0.0230903625488281
-0.00778961181640624 -0.119148254394531 -0.0704879760742188 0.0223541259765625
0.0694503784179688 -0.123054504394531 -0.109138488769531 -0.0158004760742187
0.177169799804687 -0.028564453125 -0.095245361328125 -0.0669097900390625
0.183090209960938 0.0646209716796875 -0.0810699462890625 -0.098388671875
0.165191650390625 0.17413330078125 -0.0525436401367188 -0.0662002563476562
0.102493286132812 0.21856689453125 0.0757827758789063 -0.0392913818359375
0.131744384765625 0.166427612304688 0.0509796142578125 0.0723114013671875
0.21966552734375 0.0548095703125 0.13623046875 0.0753250122070313
0.160354614257813 -0.0698394775390625 0.1566162109375 -0.0174713134765625
0.0750579833984375 -0.136360168457031 0.0966720581054688 -0.084228515625
-0.0337295532226563 -0.125656127929688 -0.000961303710937493 -0.0888214111328125
-0.0948562622070313 -0.0864791870117188 -0.0414924621582031 -0.0382957458496094
-0.0992813110351562 -0.0945510864257813 -0.0171623229980469 -0.000911712646484381
-0.116355895996094 -0.0757064819335938 -0.0112686157226563 0.0283279418945313
-0.077789306640625 -0.097503662109375 -0.0235023498535156 0.0558090209960937
-0.0197372436523438 -0.137611389160156 -0.04913330078125 0.05145263671875
0.07147216796875 -0.139358520507813 -0.0981216430664063 0.0137176513671875
0.191848754882813 -0.031768798828125 -0.0914688110351563 -0.0405960083007812
0.1868896484375 0.075775146484375 -0.0545883178710937 -0.0747604370117188
0.15167236328125 0.191818237304688 -0.014286994934082 -0.00663185119628905
0.0578460693359375 0.211807250976563 0.102752685546875 0.0413742065429688
0.0993194580078125 0.187515258789063 0.0709686279296875 0.117164611816406
0.209701538085938 0.0912322998046875 0.122383117675781 0.103256225585938
0.172134399414063 -0.048248291015625 0.14361572265625 0.0263214111328125
0.0904464721679688 -0.131858825683594 0.0987167358398438 -0.035552978515625
-0.0280914306640625 -0.131813049316406 0.0245361328125 -0.042999267578125
-0.0937652587890625 -0.0893096923828125 0.00191593170166015 -0.0088796615600586
-0.10040283203125 -0.0949630737304688 0.0235385894775391 0.0209388732910156
-0.121040344238281 -0.0767822265625 0.031005859375 0.0506858825683594
-0.0834121704101563 -0.098052978515625 0.010101318359375 0.0834808349609375
-0.0234527587890625 -0.13995361328125 -0.0267486572265625 0.076324462890625
0.0703201293945313 -0.135391235351563 -0.0827407836914063 0.0387039184570313
0.1866455078125 -0.0205535888671875 -0.084228515625 -0.0199203491210937
0.165542602539063 0.0887908935546875 -0.0245742797851562 -0.0547370910644531
0.113128662109375 0.188583374023438 0.0189018249511719 0.050628662109375
0.00614929199218751 0.165267944335938 0.118019104003906 0.111595153808594
0.049102783203125 0.165191650390625 0.0834503173828125 0.153564453125
0.156768798828125 0.101181030273437 0.100479125976563 0.120567321777344
0.144210815429687 -0.0205535888671875 0.119911193847656 0.0592880249023437
0.0827178955078125 -0.103256225585937 0.091461181640625 0.00659942626953124
-0.0204315185546875 -0.113395690917969 0.0447273254394531 3.8146972656243E-05
-0.0795135498046875 -0.0767440795898438 0.0424270629882812 0.018096923828125
-0.0871353149414063 -0.0819015502929688 0.0610923767089844 0.0390815734863281
-0.107795715332031 -0.068603515625 0.0699844360351563 0.06829833984375
-0.0755538940429688 -0.087066650390625 0.0406494140625 0.107215881347656
-0.0198516845703125 -0.126152038574219 -0.00891876220703125 0.0992279052734375
0.0671234130859375 -0.115791320800781 -0.0702781677246094 0.0596275329589844
0.164718627929687 -0.001556396484375 -0.0777359008789062 -0.00370025634765624
0.126197814941406 0.0995330810546875 -0.000186920166015615 -0.0348434448242187
0.05902099609375 0.165847778320313 0.0419540405273438 0.103973388671875
-0.0445022583007812 0.0886154174804688 0.12164306640625 0.15704345703125
-0.00302886962890624 0.110374450683594 0.0898590087890625 0.17144775390625
0.0811843872070313 0.0833663940429688 0.0799713134765625 0.124092102050781
0.0895309448242187 0.001495361328125 0.100234985351563 0.0773468017578125
0.0563316345214844 -0.0600929260253906 0.081878662109375 0.0345077514648437
-0.0125885009765625 -0.075927734375 0.059783935546875 0.029022216796875
-0.0527839660644531 -0.0512619018554688 0.0736465454101563 0.0360336303710938
-0.0612525939941406 -0.0559577941894531 0.0902786254882813 0.0514678955078125
-0.0782318115234375 -0.0512771606445313 0.10137939453125 0.0823745727539063
-0.0557174682617188 -0.0670013427734375 0.0631790161132813 0.127456665039063
-0.010986328125 -0.0976104736328125 0.000930786132812502 0.119560241699219
0.059478759765625 -0.08251953125 -0.0660629272460937 0.077606201171875
0.1246337890625 0.0195388793945313 -0.0778579711914063 0.0060882568359375
0.0719985961914063 0.100013732910156 0.0146112442016602 -0.01544189453125
-0.00477600097656249 0.120948791503906 0.04693603515625 0.148040771484375
0.0574264526367187 -0.0463981628417969 -0.070281982421875 -0.1729736328125
-0.0191116333007812 -0.0659942626953125 -0.0306549072265625 -0.00399971008300782
-0.0605926513671875 -0.01812744140625 0.0903778076171875 -0.00322723388671875
-0.0418624877929687 0.0393562316894531 0.0966033935546875 -0.100845336914063
0.000301361083984374 0.0551490783691406 0.0184783935546875 -0.14727783203125
0.0360984802246094 0.0331687927246094 -0.07537841796875 -0.151336669921875
0.0297431945800781 0.0158863067626953 -0.132553100585938 -0.0922698974609375
0.0218734741210938 0.0200881958007813 -0.118614196777344 -0.060150146484375
0.0201072692871094 0.0218296051025391 -0.101936340332031 -0.0414505004882813
0.00387382507324219 0.0214958190917969 -0.0860977172851563 -0.0473098754882812
-0.0191421508789063 0.0100688934326172 -0.0923004150390625 -0.0481109619140625
-0.0319042205810547 -0.0249691009521484 -0.102706909179688 -0.0818405151367187
0.0116233825683594 -0.0524635314941406 -0.0769500732421875 -0.141845703125
0.0660667419433594 -0.0443763732910156 -0.104278564453125 -0.174484252929688
0.0948562622070312 -0.0190811157226563 -0.127517700195313 -0.189697265625
0.108642578125 0.033172607421875 -0.045928955078125 -0.182266235351563
0.0470046997070312 -0.0225105285644531 -0.0232067108154297 -0.00839424133300781
0.0159931182861328 -0.0286865234375 0.106353759765625 0.000671386718749998
-0.00177240371704102 -0.00696277618408203 0.115699768066406 -0.102920532226563
0.0034637451171875 -0.00338554382324219 0.0335540771484375 -0.1583251953125
0.00554132461547852 -0.00734329223632813 -0.0728912353515625 -0.157684326171875
-0.0149850845336914 -0.0116033554077148 -0.134056091308594 -0.0925521850585937
-0.01953125 -0.0171260833740234 -0.115493774414062 -0.0563735961914063
-0.0218048095703125 -0.0136852264404297 -0.101287841796875 -0.0342559814453125
-0.0126323699951172 -0.0251693725585937 -0.0888519287109375 -0.0345001220703125
-0.000194549560546872 -0.040924072265625 -0.0929489135742188 -0.0345382690429687
0.0234756469726563 -0.0571937561035156 -0.11102294921875 -0.0704421997070313
0.0852890014648438 -0.0268707275390625 -0.0853958129882813 -0.125007629394531
0.118141174316406 0.013427734375 -0.108078002929687 -0.155166625976563
0.135833740234375 0.0686569213867188 -0.113815307617187 -0.169235229492188
0.138374328613281 0.117538452148438 -0.00830078125000001 -0.164566040039063
0.10565185546875 0.0412750244140625 -0.00319552421569824 0.00324082374572754
0.105400085449219 -0.0214157104492187 0.125396728515625 0.0157241821289063
0.0544662475585938 -0.0497856140136719 0.139389038085938 -0.0914382934570313
0.0190925598144531 -0.0647926330566406 0.057037353515625 -0.155029296875
-0.0198936462402344 -0.0545463562011719 -0.0573883056640625 -0.152999877929688
-0.0565452575683594 -0.0425758361816406 -0.118400573730469 -0.0839080810546875
-0.0594100952148438 -0.0528297424316406 -0.0950241088867188 -0.0436248779296875
-0.0648307800292969 -0.0442085266113281 -0.0846023559570313 -0.0172195434570313
-0.0369720458984375 -0.063568115234375 -0.0795211791992188 -0.00758361816406249
0.000930786132812502 -0.08837890625 -0.088623046875 -0.00792694091796877
0.0570068359375 -0.096038818359375 -0.118949890136719 -0.0457077026367188
0.147064208984375 -0.0247802734375 -0.0970001220703125 -0.0986862182617188
0.164093017578125 0.047454833984375 -0.10382080078125 -0.128509521484375
0.166229248046875 0.136383056640625 -0.0906753540039062 -0.126007080078125
0.138702392578125 0.18853759765625 0.0365066528320313 -0.114906311035156
0.141845703125 0.113754272460938 0.0248661041259766 0.0326118469238281
0.186370849609375 0.0068511962890625 0.140541076660156 0.043212890625
0.117637634277344 -0.0772628784179688 0.15911865234375 -0.0630035400390625
0.046234130859375 -0.118423461914063 0.0826873779296875 -0.1322021484375
-0.0349197387695313 -0.10052490234375 -0.0312118530273438 -0.130889892578125
-0.086944580078125 -0.0700759887695313 -0.0863189697265625 -0.0648880004882813
-0.0910263061523438 -0.08056640625 -0.0605545043945313 -0.0237388610839844
-0.101707458496094 -0.065032958984375 -0.0524444580078125 0.00571441650390624
-0.0638809204101563 -0.0883102416992188 -0.0565109252929688 0.0261688232421875
-0.01068115234375 -0.124588012695313 -0.074554443359375 0.025054931640625
0.0697174072265625 -0.130538940429688 -0.117424011230469 -0.0132904052734375
0.1866455078125 -0.03466796875 -0.101974487304688 -0.0691146850585937
0.19354248046875 0.06427001953125 -0.0872268676757813 -0.101470947265625
0.17779541015625 0.178543090820313 -0.0560531616210937 -0.0687370300292969
0.111419677734375 0.227188110351562 0.076873779296875 -0.0401611328125
0.142791748046875 0.172088623046875 0.0532684326171875 0.0763702392578125
0.23126220703125 0.0511016845703125 0.142364501953125 0.076263427734375
0.166107177734375 -0.0765533447265625 0.164199829101563 -0.0206146240234375
0.0753326416015625 -0.145706176757813 0.09967041015625 -0.0905609130859375
-0.0379180908203125 -0.130851745605469 -0.001617431640625 -0.0922470092773438
-0.101646423339844 -0.088165283203125 -0.0435447692871094 -0.0382347106933594
-0.108009338378906 -0.0963211059570313 -0.0187816619873047 -0.00101852416992188
-0.124031066894531 -0.0757675170898437 -0.0107097625732422 0.0297298431396484
-0.0835189819335937 -0.0997314453125 -0.0236778259277344 0.058868408203125
-0.0233306884765625 -0.143707275390625 -0.0517463684082031 0.0553970336914062
0.0703887939453125 -0.1474609375 -0.105171203613281 0.0174713134765625
0.201202392578125 -0.0385284423828125 -0.0980148315429687 -0.04144287109375
0.197540283203125 0.0753173828125 -0.0596389770507812 -0.0779495239257813
0.163482666015625 0.19720458984375 -0.0158185958862305 -0.00737285614013671
0.0650634765625 0.222335815429688 0.106842041015625 0.0427703857421875
0.108901977539062 0.194290161132813 0.0753021240234375 0.123405456542969
0.221664428710937 0.0902557373046875 0.128959655761719 0.106681823730469
0.178695678710938 -0.053375244140625 0.150497436523438 0.0249176025390625
0.0910797119140625 -0.140945434570313 0.1031494140625 -0.0395660400390625
-0.0334396362304688 -0.137489318847656 0.0264778137207031 -0.044219970703125
-0.100196838378906 -0.0905609130859375 0.00229406356811523 -0.00846719741821289
-0.109626770019531 -0.0971755981445312 0.0253200531005859 0.0210247039794922
-0.12872314453125 -0.0764236450195312 0.0347518920898437 0.0507469177246094
-0.0896148681640625 -0.0994110107421875 0.0127410888671875 0.0871429443359375
-0.0284271240234375 -0.145095825195313 -0.0278244018554687 0.08123779296875
0.0687103271484375 -0.143829345703125 -0.088134765625 0.043731689453125
0.1949462890625 -0.0287933349609375 -0.0895462036132813 -0.0200119018554688
0.176422119140625 0.0889739990234375 -0.0277671813964844 -0.0578384399414062
0.124282836914063 0.19464111328125 0.0207901000976563 0.0518074035644531
0.00979614257812499 0.173919677734375 0.123489379882813 0.116455078125
0.0561065673828125 0.173080444335938 0.0889739990234375 0.160186767578125
0.167098999023438 0.101486206054688 0.105560302734375 0.124610900878906
0.150466918945313 -0.0242156982421875 0.1273193359375 0.0602493286132813
0.0834121704101563 -0.110984802246094 0.0964736938476563 0.00593566894531249
-0.0242996215820313 -0.118331909179688 0.0487251281738281 -8.01086425781323E-05
-0.0847549438476563 -0.0781707763671875 0.0448455810546875 0.0179824829101562
-0.094970703125 -0.0835113525390625 0.0651893615722656 0.0382957458496094
-0.11474609375 -0.068634033203125 0.0758895874023437 0.0679779052734375
-0.08074951171875 -0.0885848999023438 0.045623779296875 0.111015319824219
-0.0247955322265625 -0.130668640136719 -0.00811004638671875 0.104034423828125
0.0667190551757812 -0.122573852539062 -0.0749893188476563 0.0650177001953125
0.172012329101562 -0.0069732666015625 -0.0821380615234375 -0.00321197509765625
0.135520935058594 0.100807189941406 -0.00195693969726562 -0.0383110046386719
0.066192626953125 0.171798706054688 0.0454483032226563 0.106643676757813
-0.0448760986328125 0.0942535400390625 0.127822875976562 0.162460327148437
-0.00153350830078125 0.115081787109375 0.0963897705078125 0.17779541015625
0.0878372192382813 0.0838088989257813 0.0847854614257813 0.129539489746094
0.0927200317382813 -0.00078582763671875 0.106765747070313 0.0799026489257813
0.0568695068359375 -0.0648231506347656 0.0868301391601563 0.0362167358398437
-0.0152435302734375 -0.0788192749023438 0.0650749206542969 0.0306472778320312
-0.0575180053710937 -0.0514945983886719 0.0786285400390625 0.036041259765625
-0.0661659240722656 -0.0571022033691406 0.096435546875 0.0496826171875
-0.0832595825195313 -0.05126953125 0.109207153320312 0.0826492309570313
-0.0594902038574219 -0.068145751953125 0.0699005126953125 0.131294250488281
-0.013824462890625 -0.100883483886719 0.0021209716796875 0.125297546386719
0.059112548828125 -0.0874404907226563 -0.0680999755859375 0.0830917358398437
0.130760192871094 0.01580810546875 -0.0822677612304687 0.00797271728515625
0.0775299072265625 0.101387023925781 0.01434326171875 -0.0179309844970703
-0.00154113769531251 0.126319885253906 0.051177978515625 0.15216064453125
0.0577735900878906 -0.04974365234375 -0.0796966552734375 -0.1744384765625
-0.0225067138671875 -0.0669403076171875 -0.0320377349853516 -0.00114250183105469
-0.0639762878417969 -0.0158882141113281 0.093597412109375 -0.00586700439453125
-0.0400314331054688 0.0430679321289063 0.0966796875 -0.108467102050781
0.00347137451171875 0.0558586120605469 0.013580322265625 -0.154953002929688
0.0382614135742188 0.03143310546875 -0.085693359375 -0.15423583984375
0.0308876037597656 0.0147533416748047 -0.1431884765625 -0.089202880859375
0.0231800079345703 0.0192108154296875 -0.127044677734375 -0.0557403564453125
0.0213165283203125 0.0213699340820313 -0.107933044433594 -0.0367279052734375
0.00471115112304687 0.0208606719970703 -0.0922012329101563 -0.0461044311523438
-0.0187358856201172 0.0102062225341797 -0.0992202758789063 -0.0458602905273437
-0.0340976715087891 -0.0240631103515625 -0.109901428222656 -0.0799331665039062
0.01019287109375 -0.0538482666015625 -0.084716796875 -0.14422607421875
0.0666046142578125 -0.049285888671875 -0.114105224609375 -0.176467895507812
0.0961685180664063 -0.023468017578125 -0.138198852539063 -0.191009521484375
0.11346435546875 0.0309982299804688 -0.05535888671875 -0.184860229492188
0.0482254028320313 -0.024505615234375 -0.0251045227050781 -0.00566864013671876
0.0157833099365234 -0.0295925140380859 0.109657287597656 -0.0026397705078125
-0.00109624862670898 -0.00658893585205078 0.115814208984375 -0.111289978027344
0.00407099723815918 -0.00355792045593262 0.028961181640625 -0.165802001953125
0.00503063201904297 -0.00873184204101563 -0.0823822021484375 -0.161590576171875
-0.0165796279907227 -0.0116300582885742 -0.143447875976563 -0.089080810546875
-0.0215950012207031 -0.0177268981933594 -0.123550415039062 -0.0517959594726563
-0.0233669281005859 -0.0138816833496094 -0.108062744140625 -0.0303726196289062
-0.0139846801757813 -0.0267276763916016 -0.0941314697265625 -0.0324783325195313
-0.00152969360351563 -0.0429840087890625 -0.0989532470703125 -0.0323715209960938
0.0219879150390625 -0.0596847534179688 -0.118721008300781 -0.068511962890625
0.0884323120117187 -0.0310440063476562 -0.09344482421875 -0.126167297363281
0.122756958007813 0.0092620849609375 -0.118179321289062 -0.15625
0.142929077148438 0.0650177001953125 -0.12408447265625 -0.170516967773438
0.1478271484375 0.116668701171875 -0.0157470703125 -0.167388916015625
0.111846923828125 0.0385589599609375 -0.00392389297485351 0.00577163696289063
0.108001708984375 -0.0272216796875 0.129425048828125 0.0119705200195312
0.0548896789550781 -0.0539703369140625 0.140579223632812 -0.100570678710938
0.0170745849609375 -0.0683097839355469 0.0536041259765625 -0.16375732421875
-0.02301025390625 -0.0563583374023438 -0.06610107421875 -0.15625
-0.0605621337890625 -0.0417594909667969 -0.126365661621094 -0.0806808471679688
-0.0657806396484375 -0.0520095825195313 -0.101470947265625 -0.0402450561523437
-0.0692291259765625 -0.0428504943847656 -0.0896759033203125 -0.0132675170898438
-0.0407981872558594 -0.0649528503417969 -0.0837554931640625 -0.00389862060546876
-0.00231170654296874 -0.0924224853515625 -0.0939788818359375 -0.00411224365234376
0.0548934936523438 -0.102561950683594 -0.127243041992187 -0.0408859252929688
0.152511596679688 -0.0318450927734375 -0.104827880859375 -0.099212646484375
0.172348022460938 0.04290771484375 -0.112998962402344 -0.129051208496094
0.177764892578125 0.133392333984375 -0.0992279052734375 -0.126579284667969
0.151397705078125 0.190383911132812 0.03131103515625 -0.1180419921875
0.1529541015625 0.112060546875 0.0260772705078125 0.0355949401855469
0.193618774414063 -0.0017242431640625 0.146041870117188 0.0389404296875
0.118682861328125 -0.084320068359375 0.162490844726563 -0.0717926025390625
0.0430450439453125 -0.125419616699219 0.081451416015625 -0.141021728515625
-0.0401535034179688 -0.10260009765625 -0.037994384765625 -0.134368896484375
-0.0928878784179687 -0.0691680908203125 -0.0918960571289063 -0.0629653930664063
-0.0993194580078125 -0.0793304443359375 -0.06475830078125 -0.0216522216796875
-0.108367919921875 -0.0628128051757813 -0.0546417236328125 0.00841903686523438
-0.0693511962890625 -0.0891342163085937 -0.0577926635742188 0.0298919677734375
-0.0160446166992188 -0.128982543945313 -0.0774917602539062 0.0294036865234375
0.0672149658203125 -0.138595581054688 -0.124305725097656 -0.00750732421875002
0.1925048828125 -0.045257568359375 -0.109153747558594 -0.0689010620117187
0.20361328125 0.058868408203125 -0.0953140258789063 -0.101875305175781
0.192947387695312 0.177093505859375 -0.0613937377929687 -0.0695457458496094
0.124786376953125 0.23101806640625 0.0756759643554688 -0.0424423217773437
0.155609130859375 0.171829223632813 0.056182861328125 0.079193115234375
0.241744995117188 0.0418853759765625 0.147933959960938 0.0743408203125
0.1685791015625 -0.086090087890625 0.1688232421875 -0.02789306640625
0.0718841552734375 -0.155166625976563 0.10113525390625 -0.098052978515625
-0.0451431274414063 -0.1343994140625 -0.004180908203125 -0.0948486328125
-0.109344482421875 -0.0858612060546875 -0.0465278625488281 -0.0363540649414063
-0.118751525878906 -0.094085693359375 -0.0197353363037109 -0.000682830810546879
-0.132926940917969 -0.07208251953125 -0.00987815856933595 0.0309257507324219
-0.0899658203125 -0.0996170043945312 -0.0213851928710938 0.0625724792480469
-0.0305328369140625 -0.147750854492188 -0.0524101257324219 0.059600830078125
0.0670623779296875 -0.155853271484375 -0.109954833984375 0.0242156982421875
0.20697021484375 -0.0505523681640625 -0.103843688964844 -0.0401687622070313
0.20849609375 0.06982421875 -0.0650787353515625 -0.0792999267578125
0.178970336914063 0.195770263671875 -0.0170965194702148 -0.0076169967651367
0.0761871337890625 0.227676391601563 0.109855651855469 0.04278564453125
0.121673583984375 0.196533203125 0.080902099609375 0.126167297363281
0.234390258789062 0.0815277099609375 0.135139465332031 0.105796813964844
0.182861328125 -0.0626220703125 0.15673828125 0.01898193359375
0.0869140625 -0.150619506835937 0.106147766113281 -0.0452499389648438
-0.0401153564453125 -0.141082763671875 0.0267181396484375 -0.0464286804199219
-0.107109069824219 -0.0888290405273438 0.00295829772949218 -0.00769042968750001
-0.11920166015625 -0.094940185546875 0.0269947052001953 0.0193252563476562
-0.1370849609375 -0.0727005004882812 0.0380287170410156 0.0506362915039063
-0.096221923828125 -0.0987701416015625 0.0186233520507813 0.0896148681640625
-0.036376953125 -0.147933959960938 -0.026214599609375 0.085662841796875
0.0648040771484375 -0.15185546875 -0.0917892456054688 0.050567626953125
0.200592041015625 -0.03936767578125 -0.094207763671875 -0.01806640625
0.186843872070313 0.083465576171875 -0.0327491760253906 -0.0601234436035156
0.137924194335938 0.195663452148438 0.0231742858886719 0.0516815185546875
0.0171051025390625 0.179931640625 0.130851745605469 0.117538452148438
0.0657196044921875 0.176162719726563 0.0963897705078125 0.164276123046875
0.178482055664063 0.096710205078125 0.11279296875 0.125885009765625
0.154495239257813 -0.032379150390625 0.133583068847656 0.0571975708007812
0.0807952880859375 -0.11865234375 0.100639343261719 0.00252532958984374
-0.0306549072265625 -0.121040344238281 0.0522422790527344 -0.00114059448242188
-0.0905075073242188 -0.075775146484375 0.0485725402832031 0.0173759460449219
-0.103431701660156 -0.081390380859375 0.0697479248046875 0.0359458923339844
-0.122406005859375 -0.0642166137695313 0.0822219848632812 0.0660629272460938
-0.086639404296875 -0.087738037109375 0.0536041259765625 0.11322021484375
-0.0312118530273438 -0.132705688476563 -0.0050506591796875 0.108283996582031
0.0627670288085937 -0.129341125488281 -0.0762863159179688 0.0708236694335937
0.177902221679687 -0.0164642333984375 -0.0860748291015625 -0.0011138916015625
0.1448974609375 0.097564697265625 -0.00438308715820311 -0.0410881042480469
0.076385498046875 0.173660278320313 0.0503082275390625 0.107322692871094
-0.0433120727539062 0.100151062011719 0.136550903320313 0.16461181640625
0.00408172607421876 0.118415832519531 0.105880737304688 0.1805419921875
0.0946273803710937 0.0817108154296875 0.0924453735351563 0.131744384765625
0.0959396362304688 -0.004638671875 0.114097595214844 0.0785980224609375
0.0553245544433594 -0.0695533752441406 0.0928421020507813 0.0336761474609375
-0.0201339721679687 -0.0803451538085938 0.0705108642578125 0.029541015625
-0.060577392578125 -0.0501174926757813 0.0833587646484375 0.0333786010742188
-0.0720291137695313 -0.0550689697265625 0.102081298828125 0.0461578369140625
-0.088958740234375 -0.0479812622070313 0.117294311523438 0.0791397094726562
-0.0640525817871094 -0.0668296813964844 0.0794525146484375 0.132339477539062
-0.0196151733398438 -0.102424621582031 0.00600433349609375 0.130172729492188
0.0562210083007812 -0.0923538208007813 -0.068359375 0.0888671875
0.135932922363281 0.009124755859375 -0.0846786499023437 0.0101776123046875
0.0859756469726563 0.100936889648437 0.0125560760498047 -0.0211925506591797
0.00349426269531249 0.130294799804688 0.0585174560546875 0.153335571289063
0.0567741394042969 -0.0517425537109375 -0.087615966796875 -0.17205810546875
-0.0259895324707031 -0.0663375854492188 -0.0323390960693359 0.00170707702636718
-0.0653495788574219 -0.0128669738769531 0.0951995849609375 -0.00925445556640625
-0.0375823974609375 0.0449295043945313 0.0933074951171875 -0.1134033203125
0.00681686401367188 0.0556793212890625 0.007720947265625 -0.158859252929688
0.0394058227539063 0.0290565490722656 -0.0940704345703125 -0.153106689453125
0.0308494567871094 0.0123825073242187 -0.149978637695313 -0.0831756591796875
0.0242424011230469 0.0180225372314453 -0.132194519042969 -0.0486602783203125
0.0222740173339844 0.0196914672851563 -0.111404418945313 -0.0316314697265625
0.00584030151367188 0.0194091796875 -0.097259521484375 -0.0430068969726562
-0.0182571411132813 0.010406494140625 -0.103309631347656 -0.0430755615234375
-0.0352706909179688 -0.0217094421386719 -0.1141357421875 -0.0762939453125
0.00877761840820313 -0.0544281005859375 -0.090789794921875 -0.143585205078125
0.064971923828125 -0.0528144836425781 -0.121734619140625 -0.173248291015625
0.0950393676757813 -0.0282745361328125 -0.146240234375 -0.187713623046875
0.116302490234375 0.0280075073242188 -0.06365966796875 -0.1832275390625
0.0476493835449219 -0.0261764526367188 -0.0258560180664062 -0.00242042541503906
0.0146560668945312 -0.0309276580810547 0.110794067382813 -0.00630950927734375
-0.000163078308105469 -0.00648784637451172 0.112777709960938 -0.1168212890625
0.00445127487182617 -0.0043787956237793 0.023284912109375 -0.169891357421875
0.00439739227294922 -0.0103664398193359 -0.0914154052734375 -0.160354614257813
-0.0183677673339844 -0.0123424530029297 -0.150115966796875 -0.083251953125
-0.0245189666748047 -0.0171909332275391 -0.128448486328125 -0.0457000732421875
-0.025054931640625 -0.0138435363769531 -0.111366271972656 -0.0245132446289063
-0.0153579711914062 -0.027923583984375 -0.098358154296875 -0.028594970703125
-0.00321197509765625 -0.0452117919921875 -0.102569580078125 -0.0285263061523438
0.0201568603515625 -0.0619544982910156 -0.124290466308594 -0.0634918212890625
0.0889892578125 -0.0351943969726563 -0.099151611328125 -0.125030517578125
0.124061584472656 0.00437164306640625 -0.124664306640625 -0.153518676757813
0.14678955078125 0.0599822998046875 -0.132492065429688 -0.168014526367187
0.1552734375 0.112396240234375 -0.0234375 -0.166091918945313
0.115020751953125 0.034942626953125 -0.00439929962158202 0.00941944122314453
0.108482360839844 -0.0324325561523438 0.131195068359375 0.0084228515625
0.0540771484375 -0.0570220947265625 0.138755798339844 -0.107475280761719
0.0145645141601563 -0.0708160400390625 0.048797607421875 -0.169036865234375
-0.0259284973144531 -0.0566444396972656 -0.0732574462890625 -0.156417846679688
-0.0638236999511719 -0.0398445129394531 -0.131706237792969 -0.0753631591796875
-0.0698699951171875 -0.0500984191894531 -0.105522155761719 -0.0353622436523438
-0.0728912353515625 -0.04083251953125 -0.0922470092773438 -0.00883483886718748
-0.0437965393066406 -0.0645713806152344 -0.0856857299804688 -0.000915527343750011
-0.0056610107421875 -0.0947265625 -0.0965957641601562 -0.000579833984375008
0.052154541015625 -0.106246948242187 -0.131431579589844 -0.0351638793945313
0.154586791992188 -0.039642333984375 -0.110313415527344 -0.097564697265625
0.176666259765625 0.0369720458984375 -0.11981201171875 -0.126251220703125
0.185714721679688 0.12799072265625 -0.10498046875 -0.123695373535156
0.162200927734375 0.187423706054688 0.0259857177734375 -0.117683410644531
0.1600341796875 0.10723876953125 0.026092529296875 0.0380096435546875
0.196746826171875 -0.011383056640625 0.147872924804688 0.0346832275390625
0.11822509765625 -0.0906982421875 0.160964965820313 -0.079620361328125
0.0380401611328125 -0.129486083984375 0.0774993896484375 -0.146926879882813
-0.0460281372070313 -0.102668762207031 -0.0436172485351562 -0.135269165039063
-0.0972824096679687 -0.0650405883789063 -0.0955047607421875 -0.05865478515625
-0.106315612792969 -0.0754623413085938 -0.0679969787597656 -0.0187149047851562
-0.112953186035156 -0.0586013793945313 -0.0560722351074219 0.0115165710449219
-0.0739822387695313 -0.088043212890625 -0.0575180053710938 0.0327415466308594
-0.0214385986328125 -0.130508422851563 -0.0787124633789063 0.033416748046875
0.061767578125 -0.143447875976563 -0.128410339355469 -0.000686645507812509
0.19415283203125 -0.0555419921875 -0.114143371582031 -0.065826416015625
0.209197998046875 0.0509796142578125 -0.100639343261719 -0.100044250488281
0.2025146484375 0.170486450195313 -0.0649223327636718 -0.0680961608886719
0.136245727539063 0.23040771484375 0.0734024047851563 -0.0429840087890625
0.166473388671875 0.1680908203125 0.0589752197265625 0.0808639526367188
0.246826171875 0.030792236328125 0.151824951171875 0.0695953369140625
0.168533325195312 -0.0943145751953125 0.170120239257813 -0.0349578857421875
0.0645294189453125 -0.161117553710938 0.0991592407226563 -0.103523254394531
-0.0516281127929688 -0.133941650390625 -0.00776672363281249 -0.0963897705078125
-0.113983154296875 -0.0822982788085937 -0.0475845336914063 -0.0344009399414063
-0.126380920410156 -0.0895767211914062 -0.0201339721679688 0.000345230102539059
-0.138511657714844 -0.0664138793945313 -0.00949668884277345 0.0316963195800781
-0.0954818725585937 -0.097198486328125 -0.0184211730957031 0.0639305114746094
-0.03717041015625 -0.148056030273438 -0.0516815185546875 0.0637168884277344
0.0605621337890625 -0.161483764648437 -0.112930297851563 0.0313262939453125
0.207977294921875 -0.0620880126953125 -0.10791015625 -0.0373153686523437
0.214569091796875 0.0615386962890625 -0.070159912109375 -0.07830810546875
0.190673828125 0.190093994140625 -0.0177001953125 -0.00764846801757811
0.0876007080078125 0.228256225585938 0.1121826171875 0.0414810180664063
0.132095336914063 0.194595336914063 0.0849075317382813 0.126853942871094
0.240936279296875 0.0703887939453125 0.139259338378906 0.102798461914063
0.18255615234375 -0.0716400146484375 0.15924072265625 0.013946533203125
0.0808258056640625 -0.156661987304687 0.106735229492187 -0.0500640869140625
-0.04632568359375 -0.141433715820312 0.0265274047851562 -0.0479965209960938
-0.11224365234375 -0.0858306884765625 0.00321578979492187 -0.00783824920654297
-0.126510620117188 -0.0898971557617188 0.0280895233154297 0.0181980133056641
-0.143402099609375 -0.0661773681640625 0.0406455993652344 0.0489120483398437
-0.10089111328125 -0.0951690673828125 0.0230026245117187 0.0898590087890625
-0.0430145263671875 -0.147323608398438 -0.0241775512695313 0.0883941650390625
0.0590362548828125 -0.156356811523438 -0.0927505493164063 0.0562362670898437
0.201553344726563 -0.0510711669921875 -0.0970458984375 -0.01568603515625
0.193740844726563 0.07635498046875 -0.036529541015625 -0.0609703063964844
0.149032592773438 0.191055297851563 0.0258293151855469 0.0508232116699219
0.0254974365234375 0.183334350585938 0.135116577148438 0.115509033203125
0.0748291015625 0.175521850585938 0.102996826171875 0.163360595703125
0.185104370117188 0.088775634765625 0.117416381835938 0.123634338378906
0.155014038085938 -0.0390777587890625 0.137832641601563 0.05291748046875
0.0760955810546875 -0.124412536621094 0.103080749511719 -0.00137329101562501
-0.0371017456054688 -0.120681762695313 0.0545005798339844 -0.00308990478515626
-0.0942306518554688 -0.0724563598632813 0.0512237548828125 0.015838623046875
-0.109657287597656 -0.0767669677734375 0.0720901489257813 0.03192138671875
-0.126739501953125 -0.058380126953125 0.086456298828125 0.0621490478515625
-0.0914688110351562 -0.0837249755859375 0.0602569580078125 0.111335754394531
-0.0377044677734375 -0.131965637207031 -0.00187683105468751 0.110633850097656
0.0578079223632812 -0.133232116699219 -0.0756912231445313 0.0763931274414062
0.17950439453125 -0.026947021484375 -0.08746337890625 0.00132751464843748
0.150985717773438 0.0918121337890625 -0.00699615478515624 -0.0428619384765625
0.0854034423828125 0.172042846679688 0.0554351806640625 0.105583190917969
-0.038909912109375 0.10345458984375 0.144058227539063 0.162948608398438
0.00954437255859375 0.119873046875 0.112899780273438 0.180099487304688
0.09942626953125 0.0763397216796875 0.0984725952148438 0.131301879882813
0.0970840454101563 -0.00937652587890625 0.118637084960937 0.075836181640625
0.051788330078125 -0.07342529296875 0.0959548950195312 0.030731201171875
-0.0244522094726563 -0.0804901123046875 0.0750045776367187 0.027557373046875
-0.0630455017089844 -0.0468902587890625 0.0874557495117188 0.029693603515625
-0.075958251953125 -0.0516204833984375 0.105545043945312 0.0402297973632812
-0.0927734375 -0.0431060791015625 0.122566223144531 0.0732421875
-0.0670661926269531 -0.064697265625 0.0874557495117188 0.129928588867188
-0.0244827270507813 -0.101821899414063 0.0107650756835937 0.131980895996094
0.0524444580078125 -0.0962448120117188 -0.066986083984375 0.0932998657226563
0.137580871582031 0.0019378662109375 -0.0860214233398438 0.0131301879882813
0.0916213989257813 0.0973739624023438 0.0103015899658203 -0.0239963531494141
0.00940704345703125 0.131057739257813 0.0645904541015625 0.152435302734375
0.0557022094726563 -0.0523185729980469 -0.0911865234375 -0.169601440429688
-0.0285453796386719 -0.0654525756835938 -0.0322284698486328 0.00473785400390625
-0.0655708312988281 -0.0107841491699219 0.0955734252929688 -0.0102920532226563
-0.0351295471191406 0.0454559326171875 0.0913848876953125 -0.116386413574219
0.00928497314453125 0.0552520751953125 0.00477600097656249 -0.160629272460938
0.0400505065917969 0.0272598266601563 -0.09930419921875 -0.151824951171875
0.0300559997558594 0.0112495422363281 -0.15374755859375 -0.0789947509765625
0.0240840911865234 0.0164165496826172 -0.134597778320313 -0.0439910888671875
0.0225925445556641 0.0179538726806641 -0.113243103027344 -0.0275421142578125
0.00633049011230469 0.0178279876708984 -0.100318908691406 -0.0412368774414063
-0.0178165435791016 0.0102348327636719 -0.105827331542969 -0.0404434204101562
-0.0355072021484375 -0.0199546813964844 -0.11614990234375 -0.0742263793945313
0.00833511352539063 -0.0545501708984375 -0.0930023193359375 -0.142471313476563
0.0628318786621094 -0.054962158203125 -0.125 -0.171432495117187
0.09381103515625 -0.0304794311523438 -0.149093627929688 -0.185623168945312
0.11834716796875 0.0253448486328125 -0.067230224609375 -0.179794311523438
0.0470657348632812 -0.0271720886230469 -0.0253105163574219 0.000770568847656244
0.0140342712402344 -0.0310707092285156 0.111221313476562 -0.00738525390625
0.00156688690185547 -0.00690698623657226 0.111457824707031 -0.120048522949219
0.00513553619384766 -0.00458574295043945 0.0195770263671875 -0.172760009765625
0.00384807586669922 -0.0113801956176758 -0.095703125 -0.159622192382813
-0.0187740325927734 -0.0121135711669922 -0.153213500976563 -0.078887939453125
-0.0257186889648438 -0.0169124603271484 -0.13116455078125 -0.0404739379882813
-0.0256671905517578 -0.0139293670654297 -0.113029479980469 -0.0207290649414062
-0.0158767700195313 -0.0291976928710937 -0.1009521484375 -0.0263671875
-0.00375747680664063 -0.0462989807128906 -0.105552673339844 -0.0265579223632813
0.0190010070800781 -0.0617752075195312 -0.126594543457031 -0.0603179931640625
0.0899276733398437 -0.0373764038085937 -0.101707458496094 -0.124557495117187
0.125 0.0017547607421875 -0.128082275390625 -0.1514892578125
0.148391723632813 0.0574493408203125 -0.13568115234375 -0.16497802734375
0.159072875976563 0.109786987304687 -0.0277862548828125 -0.163604736328125
0.116439819335938 0.0328903198242188 -0.00439929962158203 0.012232780456543
0.108184814453125 -0.0354690551757813 0.132064819335938 0.0069732666015625
0.0537872314453125 -0.0580520629882812 0.13690185546875 -0.110748291015625
0.0132827758789063 -0.0720367431640625 0.045440673828125 -0.172653198242188
-0.0272865295410156 -0.057220458984375 -0.077850341796875 -0.155792236328125
-0.0652580261230469 -0.0385169982910156 -0.134147644042969 -0.0710525512695313
-0.0735397338867188 -0.0478057861328125 -0.107872009277344 -0.0312576293945313
-0.0745849609375 -0.0396194458007812 -0.09356689453125 -0.00511169433593749
-0.0458221435546875 -0.0649986267089844 -0.0866165161132813 0.0020904541015625
-0.007537841796875 -0.096038818359375 -0.0984878540039063 0.00207519531249999
0.050079345703125 -0.107963562011719 -0.134231567382813 -0.0307846069335937
0.154769897460938 -0.04425048828125 -0.113052368164062 -0.0967025756835938
0.1778564453125 0.0331878662109375 -0.122428894042969 -0.124649047851563
0.188812255859375 0.123428344726563 -0.107429504394531 -0.122360229492188
0.16802978515625 0.184158325195313 0.0226516723632813 -0.116050720214844
0.163955688476563 0.10321044921875 0.0272140502929688 0.0407485961914063
0.196929931640625 -0.016815185546875 0.148452758789063 0.0334930419921875
0.116355895996094 -0.0936126708984375 0.160552978515625 -0.08270263671875
0.0344314575195313 -0.131439208984375 0.0753631591796875 -0.150955200195313
-0.0482177734375 -0.102569580078125 -0.0470123291015625 -0.134597778320313
-0.0997390747070313 -0.0635910034179687 -0.0972061157226563 -0.0555801391601562
-0.110710144042969 -0.0725021362304687 -0.0691146850585938 -0.0164756774902344
-0.116508483886719 -0.0552597045898438 -0.0575294494628906 0.0134849548339844
-0.0758285522460938 -0.0867767333984375 -0.05706787109375 0.0349922180175781
-0.0246353149414063 -0.131393432617188 -0.0794754028320313 0.036041259765625
0.05877685546875 -0.14593505859375 -0.130043029785156 0.00395202636718746
0.1947021484375 -0.06170654296875 -0.117156982421875 -0.06561279296875
0.211166381835938 0.0460205078125 -0.103004455566406 -0.0990066528320312
0.207855224609375 0.165863037109375 -0.0659446716308594 -0.0669403076171875
0.143310546875 0.22869873046875 0.0719985961914063 -0.0419769287109375
0.171218872070313 0.164520263671875 0.0604629516601563 0.0828094482421875
0.249267578125 0.0226593017578125 0.151809692382813 0.0681610107421875
0.16705322265625 -0.0995025634765625 0.169296264648438 -0.0385894775390625
0.0606842041015625 -0.163406372070313 0.098541259765625 -0.107078552246094
-0.054962158203125 -0.13311767578125 -0.009002685546875 -0.096923828125
-0.115913391113281 -0.080322265625 -0.0475692749023438 -0.0323333740234375
-0.131172180175781 -0.0858688354492188 -0.0207958221435547 0.00148200988769531
-0.14129638671875 -0.061920166015625 -0.00907897949218751 0.0327377319335937
-0.0979385375976562 -0.0947036743164063 -0.0162734985351563 0.0645370483398438
-0.04071044921875 -0.147979736328125 -0.0519905090332031 0.0658226013183594
0.05718994140625 -0.163406372070313 -0.114227294921875 0.0357589721679688
0.207611083984375 -0.0690155029296875 -0.109840393066406 -0.0362701416015625
0.217391967773437 0.0569610595703125 -0.0727157592773437 -0.0784225463867188
0.1961669921875 0.186294555664063 -0.0178546905517578 -0.00791931152343749
0.0933074951171875 0.228485107421875 0.112129211425781 0.0418472290039063
0.138504028320313 0.191329956054688 0.0874786376953125 0.128684997558594
0.243621826171875 0.0638275146484375 0.139801025390625 0.101707458496094
0.182266235351563 -0.0767364501953125 0.159332275390625 0.010040283203125
0.0772552490234375 -0.160400390625 0.10748291015625 -0.0530242919921875
-0.0506668090820313 -0.139556884765625 0.0277481079101562 -0.0490455627441406
-0.114555358886719 -0.08233642578125 0.00493717193603515 -0.00724315643310547
-0.131683349609375 -0.0859451293945313 0.0285282135009766 0.0171394348144531
-0.145645141601563 -0.061431884765625 0.0418891906738281 0.047515869140625
-0.103538513183594 -0.0926742553710938 0.026763916015625 0.0890579223632813
-0.04693603515625 -0.146881103515625 -0.023345947265625 0.0911636352539062
0.054473876953125 -0.158187866210938 -0.0938034057617187 0.0612030029296875
0.20196533203125 -0.0575408935546875 -0.09814453125 -0.0150680541992187
0.195907592773438 0.0723114013671875 -0.0393486022949219 -0.0616073608398438
0.15423583984375 0.188034057617188 0.0264091491699219 0.0498733520507813
0.03082275390625 0.183273315429688 0.138069152832031 0.115257263183594
0.0796356201171875 0.173980712890625 0.105514526367188 0.1636962890625
0.18817138671875 0.08160400390625 0.119697570800781 0.122932434082031
0.155349731445313 -0.043365478515625 0.139122009277344 0.0502777099609375
0.0721054077148437 -0.126739501953125 0.104560852050781 -0.00386810302734376
-0.0408859252929688 -0.120185852050781 0.0564231872558594 -0.00433731079101563
-0.095703125 -0.0694503784179688 0.0537986755371094 0.014068603515625
-0.113052368164063 -0.07275390625 0.0736160278320313 0.0291519165039063
-0.129196166992188 -0.0533828735351563 0.0884475708007812 0.0595245361328125
-0.0928878784179687 -0.0815811157226563 0.0641708374023438 0.109779357910156
-0.0414276123046875 -0.130844116210938 -0.000175476074218762 0.112678527832031
0.0535659790039063 -0.134635925292969 -0.075714111328125 0.0799713134765625
0.1788330078125 -0.0328216552734375 -0.0889434814453125 0.00213623046875002
0.154083251953125 0.0880584716796875 -0.0100898742675781 -0.0446090698242187
0.089813232421875 0.170013427734375 0.057373046875 0.103836059570313
-0.0352249145507813 0.105430603027344 0.1470947265625 0.162307739257813
0.0128936767578125 0.118850708007813 0.116241455078125 0.178695678710937
0.101936340332031 0.0730667114257813 0.100761413574219 0.130287170410156
0.0975723266601563 -0.0118179321289062 0.1202392578125 0.0741729736328125
0.0491714477539063 -0.0752716064453125 0.0978775024414063 0.0288848876953125
-0.0269088745117188 -0.0791549682617188 0.0783309936523438 0.02587890625
-0.0636749267578125 -0.0445327758789062 0.090576171875 0.0268325805664062
-0.0781402587890625 -0.0479583740234375 0.106941223144531 0.0365753173828125
-0.0944290161132813 -0.0391159057617188 0.124862670898437 0.0683517456054688
-0.0696830749511719 -0.0623016357421875 0.091766357421875 0.126762390136719
-0.0269393920898438 -0.100814819335938 0.0137786865234375 0.132972717285156
0.0492782592773437 -0.096466064453125 -0.066436767578125 0.0959930419921875
0.137557983398437 -0.00287628173828125 -0.0871200561523437 0.0137252807617188
0.0949020385742188 0.0946731567382813 0.00839996337890626 -0.0258674621582031
0.01287841796875 0.130813598632813 0.067840576171875 0.150115966796875
0.0561485290527344 -0.053253173828125 -0.0936279296875 -0.170333862304688
-0.0300788879394531 -0.0649986267089844 -0.0324268341064453 0.00612640380859375
-0.0666885375976563 -0.0101242065429687 0.098358154296875 -0.0099639892578125
-0.033966064453125 0.0458259582519531 0.09332275390625 -0.118690490722656
0.0100288391113281 0.0548629760742188 0.00428771972656249 -0.16400146484375
0.0398063659667969 0.02642822265625 -0.102691650390625 -0.153915405273438
0.0304679870605469 0.0108013153076172 -0.15765380859375 -0.0770721435546875
0.0240402221679688 0.0169563293457031 -0.137786865234375 -0.0412139892578125
0.0230731964111328 0.016845703125 -0.115264892578125 -0.0261917114257813
0.00598621368408203 0.016322135925293 -0.104118347167969 -0.0407028198242188
-0.0176963806152344 0.00976181030273438 -0.108749389648438 -0.04083251953125
-0.0353775024414063 -0.0193939208984375 -0.118118286132813 -0.0750503540039062
0.00827026367187501 -0.0552558898925781 -0.0941925048828125 -0.145309448242188
0.0631484985351563 -0.0561294555664063 -0.125350952148438 -0.173187255859375
0.0939788818359375 -0.0307388305664063 -0.149917602539062 -0.188751220703125
0.120048522949219 0.0253067016601563 -0.069488525390625 -0.1802978515625
0.0472412109375 -0.0276565551757812 -0.0250701904296875 0.00326919555664062
0.0144100189208984 -0.0319957733154297 0.113677978515625 -0.00675201416015625
0.00236272811889648 -0.00722503662109375 0.112472534179687 -0.122520446777344
0.00516843795776367 -0.00600528717041016 0.0199432373046875 -0.177001953125
0.00343036651611328 -0.0124588012695313 -0.0995330810546875 -0.161636352539062
-0.0201606750488281 -0.0126876831054688 -0.157318115234375 -0.0772552490234375
-0.0273590087890625 -0.0169849395751953 -0.134078979492188 -0.0383529663085937
-0.0269145965576172 -0.0149688720703125 -0.115287780761719 -0.0190582275390625
-0.0169143676757813 -0.0305213928222656 -0.104194641113281 -0.0265655517578125
-0.00403976440429687 -0.0480270385742187 -0.10906982421875 -0.0265350341796875
0.0195236206054688 -0.0626564025878906 -0.128532409667969 -0.0599746704101562
0.0915679931640625 -0.0386199951171875 -0.102813720703125 -0.126937866210938
0.125946044921875 0.0012969970703125 -0.129119873046875 -0.152984619140625
0.149505615234375 0.0573272705078125 -0.136199951171875 -0.167861938476562
0.16168212890625 0.109970092773438 -0.0290985107421875 -0.163619995117188
0.118568420410156 0.0327301025390625 -0.00401592254638671 0.0152902603149414
0.110107421875 -0.0378875732421875 0.133888244628906 0.0079193115234375
0.0559844970703125 -0.0595130920410156 0.138412475585938 -0.112968444824219
0.0122604370117187 -0.073455810546875 0.0456695556640625 -0.176437377929688
-0.0284881591796875 -0.0582351684570312 -0.0801239013671875 -0.157913208007813
-0.0665626525878906 -0.0389137268066406 -0.136543273925781 -0.0702590942382812
-0.0760345458984375 -0.047393798828125 -0.1104736328125 -0.0292816162109375
-0.0767364501953125 -0.0397491455078125 -0.0956039428710938 -0.00329589843750001
-0.0469589233398438 -0.0667800903320313 -0.0886459350585937 0.00273895263671875
-0.00826263427734375 -0.09857177734375 -0.101470947265625 0.003021240234375
0.05059814453125 -0.110336303710938 -0.137222290039063 -0.0294647216796875
0.157241821289063 -0.046875 -0.115432739257812 -0.098785400390625
0.180374145507813 0.0325927734375 -0.124855041503906 -0.1259765625
0.192214965820313 0.124908447265625 -0.108329772949219 -0.124122619628906
0.172042846679688 0.18658447265625 0.022216796875 -0.114814758300781
0.167236328125 0.104248046875 0.0275039672851563 0.0446891784667969
0.200088500976563 -0.01971435546875 0.150161743164063 0.035308837890625
0.119064331054687 -0.0965499877929687 0.161880493164063 -0.0851593017578125
0.033599853515625 -0.13446044921875 0.076324462890625 -0.154754638671875
-0.0494766235351563 -0.103599548339844 -0.0478134155273437 -0.137290954589844
-0.101181030273437 -0.0633697509765625 -0.09808349609375 -0.0546417236328125
-0.114784240722656 -0.0714950561523438 -0.0707778930664063 -0.014984130859375
-0.118858337402344 -0.054718017578125 -0.0581016540527344 0.0159416198730469
-0.078125 -0.087982177734375 -0.0574722290039063 0.03546142578125
-0.0258255004882812 -0.133476257324219 -0.0820999145507813 0.0374908447265625
0.0586700439453125 -0.148941040039063 -0.133232116699219 0.00684356689453125
0.196517944335938 -0.0653228759765625 -0.119407653808594 -0.0661392211914062
0.214889526367188 0.04541015625 -0.106002807617187 -0.100372314453125
0.211257934570313 0.166900634765625 -0.0671768188476562 -0.0681304931640625
0.147628784179688 0.231414794921875 0.0721359252929688 -0.0399398803710937
0.175064086914063 0.165939331054688 0.0610122680664063 0.0865859985351563
0.253158569335938 0.01959228515625 0.153030395507813 0.0704803466796875
0.169570922851563 -0.1016845703125 0.170654296875 -0.0394439697265625
0.060150146484375 -0.16754150390625 0.10052490234375 -0.110076904296875
-0.0565948486328125 -0.134994506835938 -0.00840759277343749 -0.098297119140625
-0.118019104003906 -0.080108642578125 -0.0473289489746094 -0.0321617126464844
-0.135238647460937 -0.0841140747070313 -0.0213794708251953 0.00162315368652343
-0.143951416015625 -0.06072998046875 -0.00967597961425782 0.0334110260009766
-0.0989990234375 -0.0951614379882813 -0.0159263610839844 0.0659294128417969
-0.0427398681640625 -0.14996337890625 -0.0535659790039063 0.0679092407226562
0.056060791015625 -0.166595458984375 -0.11700439453125 0.038970947265625
0.21051025390625 -0.0733489990234375 -0.112663269042969 -0.0378952026367187
0.22052001953125 0.0559539794921875 -0.0746994018554687 -0.0797805786132813
0.200286865234375 0.187149047851563 -0.0180168151855469 -0.00828552246093749
0.097686767578125 0.230972290039063 0.112838745117188 0.044097900390625
0.141799926757813 0.192916870117187 0.0884017944335938 0.131874084472656
0.2479248046875 0.0605621337890625 0.141754150390625 0.103805541992188
0.184707641601563 -0.07855224609375 0.161285400390625 0.01007080078125
0.076019287109375 -0.164047241210938 0.109176635742188 -0.0549697875976563
-0.05230712890625 -0.141387939453125 0.0294570922851562 -0.0492706298828125
-0.116264343261719 -0.0824508666992187 0.00712585449218749 -0.00759553909301758
-0.1348876953125 -0.08428955078125 0.0289020538330078 0.0171718597412109
-0.147979736328125 -0.05926513671875 0.0420875549316406 0.0477218627929687
-0.104721069335938 -0.0924224853515625 0.028167724609375 0.08990478515625
-0.049072265625 -0.147918701171875 -0.0242233276367187 0.0933990478515625
0.054412841796875 -0.161026000976563 -0.0952835083007813 0.0642776489257812
0.203506469726562 -0.06170654296875 -0.101036071777344 -0.0157852172851563
0.199493408203125 0.0711669921875 -0.0410995483398437 -0.0639381408691406
0.158416748046875 0.189041137695313 0.0262260437011719 0.0492286682128906
0.033233642578125 0.1865234375 0.138824462890625 0.118400573730469
0.08203125 0.175308227539063 0.10650634765625 0.167007446289063
0.191604614257813 0.079559326171875 0.119773864746094 0.125541687011719
0.157119750976563 -0.0446014404296875 0.140823364257813 0.0509185791015625
0.0716400146484375 -0.129920959472656 0.106307983398438 -0.00399017333984376
-0.0420455932617188 -0.121124267578125 0.0596542358398437 -0.00406646728515626
-0.097137451171875 -0.0693588256835937 0.0561790466308594 0.0133399963378906
-0.116058349609375 -0.071380615234375 0.0743637084960937 0.028289794921875
-0.131141662597656 -0.0517044067382812 0.090362548828125 0.0589447021484375
-0.0941390991210937 -0.0812759399414063 0.06689453125 0.110107421875
-0.04241943359375 -0.131614685058594 -4.57763671875136E-05 0.115158081054688
0.0530929565429688 -0.136528015136719 -0.0767669677734375 0.082977294921875
0.179840087890625 -0.0360565185546875 -0.090911865234375 0.00141143798828126
0.157211303710938 0.087493896484375 -0.0117149353027344 -0.0467872619628906
0.0925750732421875 0.171676635742188 0.057769775390625 0.104446411132813
-0.034576416015625 0.107681274414063 0.1484375 0.165924072265625
0.0138778686523437 0.1204833984375 0.118026733398438 0.182815551757813
0.103958129882812 0.0713424682617187 0.10174560546875 0.133033752441406
0.09808349609375 -0.01312255859375 0.121910095214844 0.07525634765625
0.0489501953125 -0.0770645141601563 0.100807189941406 0.0297470092773437
-0.028778076171875 -0.0799026489257813 0.0819473266601563 0.0253143310546875
-0.0645179748535156 -0.04400634765625 0.0936355590820312 0.0259246826171875
-0.0797119140625 -0.0469741821289062 0.108375549316406 0.0350265502929688
-0.094879150390625 -0.0370025634765625 0.127677917480469 0.066986083984375
-0.07025146484375 -0.0614356994628906 0.0949020385742188 0.1268310546875
-0.0290679931640625 -0.101272583007813 0.014251708984375 0.135963439941406
0.0489044189453125 -0.0977401733398438 -0.0673828125 0.0987625122070313
0.138847351074219 -0.0054779052734375 -0.0884475708007813 0.0132064819335938
0.0970535278320313 0.0945663452148438 0.00597572326660157 -0.0281944274902344
0.0135421752929688 0.132308959960938 0.06842041015625 0.152114868164063
0.0584182739257813 -0.0553627014160156 -0.097015380859375 -0.175003051757813
-0.031280517578125 -0.0661048889160156 -0.0330810546875 0.00802803039550782
-0.0682754516601562 -0.00963592529296876 0.10308837890625 -0.0096435546875
-0.0341682434082031 0.0467643737792969 0.0973129272460938 -0.122428894042969
0.0114326477050781 0.0565567016601563 0.003814697265625 -0.171218872070313
0.0407257080078125 0.0265235900878906 -0.107894897460938 -0.160232543945313
0.0299816131591797 0.0106868743896484 -0.164382934570313 -0.0777435302734375
0.0246448516845703 0.0167503356933594 -0.143020629882813 -0.040008544921875
0.0225772857666016 0.0160026550292969 -0.11962890625 -0.0259323120117187
0.00580120086669922 0.0154609680175781 -0.109733581542969 -0.0416412353515625
-0.0179595947265625 0.00954818725585937 -0.114158630371094 -0.0415267944335937
-0.0358924865722656 -0.0184669494628906 -0.122673034667969 -0.077972412109375
0.00919723510742188 -0.0569114685058594 -0.0966796875 -0.15179443359375
0.06304931640625 -0.0580024719238281 -0.128646850585938 -0.1788330078125
0.096527099609375 -0.0314254760742188 -0.15216064453125 -0.195465087890625
0.1241455078125 0.0258407592773438 -0.072052001953125 -0.184982299804688
0.0485420227050781 -0.0278739929199219 -0.0250778198242187 0.00572586059570312
0.0149421691894531 -0.0329456329345703 0.118423461914062 -0.0060577392578125
0.00301122665405274 -0.00793790817260742 0.117401123046875 -0.126449584960938
0.00535345077514648 -0.0064702033996582 0.0202484130859375 -0.1849365234375
0.00347423553466797 -0.0137615203857422 -0.104278564453125 -0.168197631835938
-0.0219345092773438 -0.0136260986328125 -0.163894653320313 -0.0774383544921875
-0.0294475555419922 -0.0171737670898438 -0.139114379882813 -0.0367431640625
-0.0286998748779297 -0.0162334442138672 -0.119766235351563 -0.0180206298828125
-0.0173549652099609 -0.0330276489257813 -0.10955810546875 -0.0266876220703125
-0.0041961669921875 -0.0509185791015625 -0.114616394042969 -0.02716064453125
0.0212669372558594 -0.0644149780273437 -0.13385009765625 -0.0620193481445313
0.0952529907226563 -0.0407791137695313 -0.1055908203125 -0.133552551269531
0.129600524902344 0.00135040283203125 -0.13287353515625 -0.157669067382813
0.154449462890625 0.05999755859375 -0.13885498046875 -0.174301147460938
0.167617797851563 0.113967895507813 -0.029693603515625 -0.166580200195313
0.122955322265625 0.0336074829101563 -0.00294113159179687 0.0189952850341797
0.113922119140625 -0.0396881103515625 0.138870239257812 0.00958251953125
0.0583572387695313 -0.0620460510253906 0.143356323242188 -0.116912841796875
0.0129470825195313 -0.0765228271484375 0.047607421875 -0.184494018554688
-0.0293159484863281 -0.0607070922851562 -0.0841064453125 -0.163742065429688
-0.069305419921875 -0.0399589538574219 -0.14117431640625 -0.0711822509765625
-0.0806121826171875 -0.0483322143554687 -0.114662170410156 -0.0279312133789063
-0.0802993774414063 -0.0409011840820312 -0.09906005859375 -0.00133514404296875
-0.0484886169433594 -0.0696983337402344 -0.0925064086914063 0.00303649902343748
-0.00921630859375 -0.103141784667969 -0.1064453125 0.00394439697265623
0.0528411865234375 -0.114631652832031 -0.142990112304688 -0.02911376953125
0.163726806640625 -0.0495758056640625 -0.119384765625 -0.104255676269531
0.186126708984375 0.034393310546875 -0.128372192382813 -0.130142211914062
0.199142456054687 0.129119873046875 -0.110984802246094 -0.128982543945313
0.1790771484375 0.192840576171875 0.0228958129882813 -0.116188049316406
0.173660278320313 0.107208251953125 0.0285758972167969 0.0493583679199219
0.207595825195313 -0.022674560546875 0.154922485351563 0.0380096435546875
0.12335205078125 -0.100143432617188 0.167556762695312 -0.087127685546875
0.0337905883789062 -0.139572143554688 0.079498291015625 -0.161087036132812
-0.0505752563476563 -0.107513427734375 -0.0494537353515625 -0.142257690429688
-0.105575561523438 -0.0653533935546875 -0.100563049316406 -0.0560760498046875
-0.120025634765625 -0.0725326538085938 -0.073822021484375 -0.0142288208007813
-0.123779296875 -0.0556182861328125 -0.0604515075683594 0.0177803039550781
-0.0809173583984375 -0.091033935546875 -0.0597343444824219 0.0372505187988281
-0.0275955200195312 -0.139015197753906 -0.086273193359375 0.0395278930664062
0.0607757568359375 -0.155120849609375 -0.138671875 0.00912475585937497
0.204330444335938 -0.06927490234375 -0.124221801757812 -0.0701675415039062
0.22265625 0.0470733642578125 -0.110000610351562 -0.104347229003906
0.219497680664063 0.172714233398438 -0.0686874389648437 -0.0709686279296875
0.153762817382812 0.240142822265625 0.0750198364257813 -0.0390548706054687
0.182113647460938 0.171173095703125 0.0628585815429688 0.092681884765625
0.261734008789062 0.0182647705078125 0.157684326171875 0.0750885009765625
0.175735473632813 -0.104736328125 0.176177978515625 -0.040130615234375
0.0604248046875 -0.174057006835938 0.104217529296875 -0.115318298339844
-0.058563232421875 -0.139053344726562 -0.00817871093750001 -0.10186767578125
-0.122261047363281 -0.0828933715820312 -0.0473403930664063 -0.0337142944335938
-0.141754150390625 -0.085235595703125 -0.0221824645996094 0.00201797485351562
-0.14990234375 -0.061309814453125 -0.00976181030273438 0.0358619689941406
-0.102508544921875 -0.0986404418945313 -0.0158004760742188 0.0679473876953125
-0.044769287109375 -0.1549072265625 -0.0566482543945313 0.0716934204101562
0.0582122802734375 -0.172576904296875 -0.122123718261719 0.0428314208984375
0.217666625976563 -0.0784454345703125 -0.11822509765625 -0.0404586791992188
0.228485107421875 0.0576324462890625 -0.0788040161132812 -0.0838470458984375
0.208572387695312 0.193496704101562 -0.0185050964355469 -0.00891113281249999
0.102340698242187 0.240005493164062 0.116737365722656 0.04840087890625
0.146514892578125 0.199142456054688 0.0906600952148438 0.1392822265625
0.256759643554688 0.059661865234375 0.14495849609375 0.1097412109375
0.191497802734375 -0.0816192626953125 0.166275024414063 0.01165771484375
0.077667236328125 -0.1707763671875 0.114356994628906 -0.0572891235351563
-0.054656982421875 -0.146133422851563 0.0313301086425781 -0.0520668029785156
-0.119964599609375 -0.08502197265625 0.00884151458740234 -0.00823497772216797
-0.141143798828125 -0.0855712890625 0.0305290222167969 0.0173969268798828
-0.15362548828125 -0.059539794921875 0.0446662902832031 0.0499496459960938
-0.108200073242188 -0.0952301025390625 0.0293731689453125 0.0923843383789063
-0.0512847900390625 -0.152603149414063 -0.0256500244140625 0.0977325439453125
0.0554962158203125 -0.166351318359375 -0.0988616943359375 0.0689849853515625
0.209274291992188 -0.065887451171875 -0.105575561523437 -0.017669677734375
0.207489013671875 0.07281494140625 -0.0435943603515625 -0.0672531127929688
0.163619995117188 0.195816040039062 0.0273246765136719 0.0509567260742188
0.036224365234375 0.193222045898438 0.142410278320313 0.124603271484375
0.085235595703125 0.1805419921875 0.109268188476563 0.174636840820313
0.197509765625 0.0802001953125 0.122886657714844 0.132087707519531
0.162384033203125 -0.046539306640625 0.14447021484375 0.0544586181640625
0.0731964111328125 -0.134963989257813 0.111785888671875 -0.00414276123046876
-0.0444107055664063 -0.125198364257812 0.0633811950683594 -0.00483703613281251
-0.100128173828125 -0.0711669921875 0.0600471496582031 0.0129203796386719
-0.121223449707031 -0.0713729858398438 0.0770645141601562 0.0280227661132812
-0.135307312011719 -0.0512466430664062 0.0934295654296875 0.0607223510742188
-0.096954345703125 -0.08343505859375 0.070037841796875 0.113288879394531
-0.0447463989257813 -0.135330200195313 -0.00114440917968751 0.120658874511719
0.0546417236328125 -0.14105224609375 -0.080718994140625 0.0878753662109375
0.186172485351563 -0.038818359375 -0.095062255859375 -0.000190734863281259
0.1630859375 0.08966064453125 -0.0140113830566406 -0.0492172241210938
0.096282958984375 0.177566528320312 0.0589828491210938 0.107673645019531
-0.0338058471679688 0.111564636230469 0.152145385742188 0.173263549804688
0.0145263671875 0.12335205078125 0.120086669921875 0.189620971679688
0.106407165527344 0.071746826171875 0.104698181152344 0.139419555664063
0.10101318359375 -0.0135574340820313 0.126365661621094 0.0790481567382813
0.0490951538085938 -0.0802078247070313 0.105499267578125 0.0302810668945313
-0.0304031372070313 -0.0817031860351563 0.0863723754882813 0.02606201171875
-0.0663986206054688 -0.045166015625 0.098907470703125 0.02569580078125
-0.083038330078125 -0.0465850830078125 0.1121826171875 0.0352935791015625
-0.0975112915039063 -0.035888671875 0.132369995117188 0.067779541015625
-0.0717315673828125 -0.063446044921875 0.0992965698242188 0.129852294921875
-0.0298690795898438 -0.10394287109375 0.0139923095703125 0.142318725585938
0.05010986328125 -0.100318908691406 -0.0705490112304688 0.103347778320312
0.142730712890625 -0.00701904296875 -0.0924606323242187 0.0121612548828125
0.100631713867188 0.0960769653320313 0.00494003295898438 -0.0303020477294922
0.0149765014648437 0.136856079101563 0.0699615478515625 0.156661987304688
0.060302734375 -0.0594863891601563 -0.104522705078125 -0.182464599609375
-0.0342216491699219 -0.0677986145019531 -0.0341548919677734 0.010284423828125
-0.0716400146484375 -0.0081024169921875 0.109138488769531 -0.0108184814453125
-0.0343475341796875 0.0486946105957031 0.101417541503906 -0.130928039550781
0.0138435363769531 0.0589599609375 0.00135803222656251 -0.181671142578125
0.0427513122558594 0.026214599609375 -0.117568969726563 -0.167617797851562
0.0306148529052734 0.00988960266113281 -0.174835205078125 -0.0766143798828125
0.0256366729736328 0.0167293548583984 -0.151199340820313 -0.037078857421875
0.0232963562011719 0.0162868499755859 -0.127159118652344 -0.0249481201171875
0.00519466400146484 0.0147848129272461 -0.118301391601563 -0.0421600341796875
-0.0186958312988281 0.00949287414550781 -0.122734069824219 -0.0414352416992188
-0.0369300842285156 -0.0188636779785156 -0.130714416503906 -0.0808181762695312
0.0089263916015625 -0.0592803955078125 -0.103012084960938 -0.159622192382813
0.0641860961914063 -0.0618705749511719 -0.136581420898437 -0.186019897460938
0.100166320800781 -0.0337295532226563 -0.161575317382812 -0.205978393554688
0.131088256835938 0.0251007080078125 -0.0777587890625 -0.192459106445313
0.0504188537597656 -0.0293655395507813 -0.0256614685058594 0.00865745544433593
0.0158214569091797 -0.0349369049072266 0.125198364257813 -0.0070343017578125
0.00415420532226563 -0.00972366333007813 0.121963500976563 -0.134796142578125
0.00630664825439453 -0.00700473785400391 0.018096923828125 -0.19647216796875
0.00332832336425781 -0.0153751373291016 -0.11383056640625 -0.175704956054688
-0.0233802795410156 -0.0137252807617187 -0.174102783203125 -0.0769805908203125
-0.0323448181152344 -0.0177154541015625 -0.147018432617188 -0.0343017578125
-0.0318126678466797 -0.0167140960693359 -0.126991271972656 -0.0157012939453125
-0.0195121765136719 -0.0359458923339844 -0.117050170898437 -0.025634765625
-0.00452041625976562 -0.0547027587890625 -0.12286376953125 -0.025726318359375
0.022186279296875 -0.0679512023925781 -0.142807006835938 -0.06256103515625
0.0996932983398438 -0.0443267822265625 -0.113601684570313 -0.139976501464844
0.135261535644531 0.00032806396484375 -0.140884399414063 -0.164016723632813
0.163650512695313 0.06158447265625 -0.146804809570313 -0.183181762695313
0.179000854492188 0.118072509765625 -0.03369140625 -0.173110961914062
0.130592346191406 0.0338363647460938 -0.00205612182617187 0.0223064422607422
0.119155883789063 -0.0446624755859375 0.146865844726563 0.009552001953125
0.0615730285644531 -0.0667190551757812 0.1492919921875 -0.124725341796875
0.0116195678710938 -0.0811843872070312 0.0468292236328125 -0.1964111328125
-0.0318832397460937 -0.064239501953125 -0.092132568359375 -0.171432495117187
-0.0750503540039063 -0.0410537719726562 -0.150588989257813 -0.071563720703125
-0.0870361328125 -0.0483627319335938 -0.121612548828125 -0.0248947143554688
-0.0869979858398437 -0.0415725708007812 -0.104438781738281 0.00177764892578124
-0.0528030395507812 -0.0736770629882813 -0.0988845825195313 0.00524139404296876
-0.0120773315429687 -0.109756469726563 -0.113761901855469 0.00669860839843751
0.0545730590820313 -0.1220703125 -0.152175903320312 -0.027862548828125
0.17205810546875 -0.0564422607421875 -0.127830505371094 -0.109542846679688
0.1964111328125 0.033538818359375 -0.137275695800781 -0.135116577148438
0.211761474609375 0.13336181640625 -0.117607116699219 -0.13525390625
0.192184448242188 0.20001220703125 0.02301025390625 -0.119834899902344
0.185470581054688 0.109786987304687 0.0318031311035156 0.0539054870605469
0.217697143554688 -0.028594970703125 0.163787841796875 0.0392303466796875
0.129257202148438 -0.107398986816406 0.175048828125 -0.093475341796875
0.032806396484375 -0.147796630859375 0.0807647705078125 -0.173355102539063
-0.055511474609375 -0.11285400390625 -0.0543975830078125 -0.149139404296875
-0.111648559570313 -0.0673141479492187 -0.106460571289063 -0.0556488037109375
-0.129318237304688 -0.0725326538085937 -0.0784072875976563 -0.0121994018554688
-0.131683349609375 -0.055816650390625 -0.063568115234375 0.0210952758789063
-0.0861587524414063 -0.0955581665039063 -0.0634231567382813 0.0400161743164062
-0.03179931640625 -0.147109985351563 -0.091644287109375 0.0439605712890625
0.0621337890625 -0.164443969726563 -0.147003173828125 0.0138092041015625
0.214065551757813 -0.078460693359375 -0.133216857910156 -0.0741806030273438
0.235198974609375 0.0465545654296875 -0.11712646484375 -0.108566284179687
0.234878540039063 0.178909301757813 -0.073150634765625 -0.0746841430664062
0.16717529296875 0.250473022460938 0.0781478881835938 -0.0395889282226562
0.194900512695313 0.177139282226563 0.0676727294921875 0.0994186401367188
0.276321411132813 0.01202392578125 0.167251586914063 0.079193115234375
0.183700561523437 -0.114501953125 0.184432983398437 -0.043548583984375
0.0602264404296875 -0.18524169921875 0.108810424804688 -0.124252319335938
-0.0641326904296875 -0.146530151367188 -0.00926971435546876 -0.107826232910156
-0.131248474121094 -0.0844345092773438 -0.0496292114257813 -0.0341224670410156
-0.152206420898438 -0.0858154296875 -0.0238361358642578 0.00324249267578124
-0.158706665039063 -0.060516357421875 -0.00934982299804688 0.0385017395019531
-0.109756469726562 -0.101882934570313 -0.0160903930664063 0.0717315673828125
-0.0503387451171875 -0.163223266601563 -0.0592498779296875 0.0777053833007813
0.0585174560546875 -0.183502197265625 -0.128494262695312 0.0498046875
0.227920532226563 -0.0870513916015625 -0.12591552734375 -0.0422592163085937
0.241897583007813 0.055999755859375 -0.0854415893554688 -0.0879440307617187
0.223434448242188 0.201126098632813 -0.0200672149658203 -0.0100746154785156
0.113189697265625 0.251785278320313 0.123680114746094 0.0524520874023438
0.157470703125 0.206893920898438 0.09747314453125 0.147262573242188
0.270538330078125 0.0563201904296875 0.15374755859375 0.115158081054688
0.200836181640625 -0.089324951171875 0.174728393554687 0.0116119384765625
0.0775299072265625 -0.181381225585938 0.120361328125 -0.0631103515625
-0.0598907470703125 -0.153091430664063 0.0338134765625 -0.0550193786621094
-0.127471923828125 -0.086822509765625 0.0104274749755859 -0.00909137725830078
-0.152114868164062 -0.0855865478515625 0.0323486328125 0.0177040100097656
-0.162673950195313 -0.057830810546875 0.0471343994140625 0.0511970520019531
-0.114982604980469 -0.0980224609375 0.0335159301757813 0.0969161987304688
-0.0564117431640625 -0.159866333007813 -0.0261306762695313 0.105255126953125
0.0561676025390625 -0.176254272460937 -0.104034423828125 0.0760498046875
0.219070434570313 -0.0745391845703125 -0.112899780273437 -0.0186233520507813
0.219512939453125 0.072967529296875 -0.04925537109375 -0.0705413818359375
0.17645263671875 0.202850341796875 0.0292816162109375 0.0528755187988281
0.042144775390625 0.2027587890625 0.151351928710938 0.131454467773438
0.0928802490234375 0.187698364257812 0.116973876953125 0.1846923828125
0.208480834960938 0.0793304443359375 0.130912780761719 0.139167785644531
0.170394897460937 -0.05181884765625 0.1527099609375 0.0566864013671875
0.0733642578125 -0.144027709960938 0.118736267089844 -0.00685882568359376
-0.0490341186523438 -0.130386352539063 0.0686569213867188 -0.00688552856445313
-0.106819152832031 -0.0735549926757812 0.0650787353515625 0.0115509033203125
-0.129478454589844 -0.0719070434570313 0.0819473266601562 0.0279617309570312
-0.143402099609375 -0.048980712890625 0.0998458862304687 0.0614547729492188
-0.10284423828125 -0.08599853515625 0.0756149291992188 0.117088317871094
-0.04937744140625 -0.140609741210938 0.000923156738281233 0.128242492675781
0.055450439453125 -0.148895263671875 -0.0837631225585938 0.095703125
0.194351196289063 -0.045318603515625 -0.101570129394531 -0.000167846679687512
0.173446655273438 0.09075927734375 -0.0177116394042969 -0.0537490844726562
0.105010986328125 0.185623168945313 0.0634841918945313 0.112396240234375
-0.032012939453125 0.118377685546875 0.162353515625 0.183364868164063
0.017333984375 0.128501892089844 0.128753662109375 0.199798583984375
0.113136291503906 0.0719833374023438 0.111129760742188 0.147109985351563
0.105827331542969 -0.016326904296875 0.134048461914063 0.0831680297851563
0.0496978759765625 -0.0850906372070313 0.113334655761719 0.0309906005859375
-0.0337982177734375 -0.0848541259765625 0.093780517578125 0.0252761840820313
-0.0700759887695312 -0.04583740234375 0.105476379394531 0.0239105224609375
-0.0881423950195313 -0.0468673706054687 0.119544982910156 0.0333328247070312
-0.103347778320313 -0.0346832275390625 0.141098022460938 0.0680694580078125
-0.076385498046875 -0.0651702880859375 0.107162475585938 0.13446044921875
-0.0334091186523438 -0.108116149902344 0.0169830322265625 0.150955200195313
0.0513381958007813 -0.105827331542969 -0.0728302001953125 0.111038208007812
0.149215698242188 -0.0108184814453125 -0.0992050170898437 0.0134658813476562
0.107688903808594 0.0979537963867188 0.00230789184570313 -0.0336513519287109
0.0186614990234375 0.144027709960938 0.07586669921875 0.16357421875
-0.0664425500457642 0.00173079704197803 0.102130280947317 -0.186446835786454
-0.0306285715160008 0.0712275689643291 -0.0137587869696768 -0.0233794781841891
0.0271337992693662 0.0708794609555511 0.0815909358923402 0.0863776016144844
0.0610613892048938 0.0079024801970923 0.16785951081535 0.0119654566844657
0.0357094449177283 -0.0373104303128921 0.166756738667709 -0.105552490509727
0.00242270958101893 -0.0305155515929137 0.0944960430366271 -0.184924630535866
0.0032994112120537 -0.0284012406840593 0.00382410683144597 -0.199235315289615
0.00695695632633114 -0.0290924634300148 -0.0432429829364811 -0.167499795956182
0.008957401222134 -0.025055502908365 -0.0356229361605136 -0.134290697100436
0.0163684102942024 -0.0128369109117375 -0.0249184848178944 -0.128978991823379
0.0253397814252707 0.0109812804775658 -0.0221564944728575 -0.142976990458125
0.0141663125227027 0.0485345722794958 0.0176189932565349 -0.169035994246385
-0.0442670678298998 0.0518176800886508 0.0834558946972825 -0.17507622721585
-0.0798719739303849 -0.00119046830630082 0.0946245944536831 -0.207497739291387
-0.0680972505682288 -0.0544633235686518 0.0555999762220835 -0.250893729286777
-0.0380272731970624 -0.102927383644552 0.109491628806971 -0.166360466537346
-0.056077000553622 -0.0257188499469072 -0.0256984029297323 -0.00670960327851513
-0.0522930992856391 0.0122671866865408 0.0832092378155921 0.128405590718959
-0.0218986869889995 0.0167668865094822 0.193472718556611 0.0474299839014252
-0.00992452808189045 0.0208049108730129 0.200692666183683 -0.0974669233479928
-0.0052501405270615 0.0282321040926473 0.112597302601508 -0.187961955751297
0.0112187944593726 0.0356695946371486 0.014939961151999 -0.20059048738391
0.0201464929062479 0.0373797862781588 -0.0391462966568808 -0.166380038760394
0.0131155286645518 0.0438145068757078 -0.0366808958537594 -0.131279129667868
-0.00898641771604169 0.040664953307924 -0.0309523313726725 -0.115660444563273
-0.0331088282884522 0.0459282937842604 -0.0329716791314318 -0.127554274372428
-0.0675629751318222 0.0274681457608653 -0.00944262770523234 -0.158150664414726
-0.10136764064398 -0.0238374767737171 0.0528849396786393 -0.167653168956185
-0.0748491328145722 -0.0961135219172971 0.0617535686875622 -0.203475112681817
-0.0254490679072304 -0.155406548703992 0.0396568430280005 -0.235995460150813
0.00816326693107411 -0.195092800514651 0.101396895327609 -0.11687245440123
-0.0582382781782496 -0.135579111431902 -0.0478650650233983 0.0281712206765936
-0.127647837166222 -0.0723312413100468 0.0686208824526508 0.184042708340359
-0.117856642996759 0.00686093527518772 0.205444329409799 0.101840481075912
-0.0725254905257245 0.07443526880867 0.230701496601571 -0.0670113859647606
-0.0237052772897783 0.0869979432519123 0.12885322833431 -0.166982209242558
0.0127810811294333 0.0966032287284642 0.0277574831887598 -0.176221856316953
0.0315127234799921 0.0993518878428811 -0.0292145578608365 -0.139958708574817
0.0235818751300591 0.105724004857457 -0.0370262263838051 -0.10437405719309
-0.0191867194032416 0.0917232905092491 -0.0415138387685982 -0.0825792471314364
-0.0706646343562009 0.0881854469772406 -0.0541085744253772 -0.0970832566098197
-0.135542923485666 0.031722781400735 -0.0472437275951976 -0.137952173155643
-0.161888543902387 -0.066091052467324 0.0133297551143595 -0.156220944238723
-0.08695200909394 -0.166203146047803 0.0299953393124437 -0.186359760350568
0.00602683711353174 -0.233785967006171 0.0140812959777386 -0.191018175744354
0.062071582401772 -0.257469615936968 0.0746515556791425 -0.0419274339120959
-0.0345819766879496 -0.235440042965439 -0.0821005217394919 0.0765930700360604
-0.177342377874014 -0.168924343460952 0.0327950364191859 0.239492300713147
-0.206824346797144 -0.0266044404076579 0.190898837857195 0.16629815218952
-0.142473056594816 0.108117761340951 0.237676511957587 -0.0150563794370913
-0.0506487900279805 0.135041611414385 0.134188434961768 -0.121421612436244
0.00732611769251576 0.144914925953652 0.0380690428935836 -0.128181703835287
0.0389847779049692 0.146391977833649 -0.0159841501203161 -0.092605107076307
0.0362557976265807 0.152327914809899 -0.0323375678426465 -0.058115513263952
-0.0168403492380101 0.131392305814808 -0.0480045679852119 -0.0332674487411095
-0.085049016416679 0.128322736984244 -0.0730167286442615 -0.0540594532149715
-0.179173697856837 0.0506393710389342 -0.0814845564797757 -0.104987744888133
-0.207052360682239 -0.0816450246901289 -0.0212048583934407 -0.135908222428363
-0.10226479010974 -0.205829074240719 0.0105991535937081 -0.155715695665649
0.027810377649925 -0.278698113222959 -0.0101682287855397 -0.122876377664953
0.109392357540793 -0.273106378060282 0.0307072582089754 0.0473353601865796
0.0100745330892985 -0.290886383461008 -0.119529924263599 0.127647309334247
-0.179002374040547 -0.248570222444662 -0.0211770602886003 0.272373332387832
-0.254459674421105 -0.0750091146214395 0.143896549868627 0.217029655460923
-0.195068657732835 0.111516506430692 0.212477396300663 0.0457084079751485
-0.0758354990652582 0.158906539427699 0.122495488719273 -0.0583491863705776
-0.00261468724746369 0.170367906021694 0.0420447276873149 -0.063073420673955
0.0405233894418173 0.171005063458554 -0.00142446396186446 -0.0316873965040978
0.0451318398585121 0.176369114138687 -0.0220268034703584 0.000200998254372229
-0.0101666326053536 0.153730609667939 -0.0482392547247715 0.0229055057687449
-0.0851453595670574 0.15086357303726 -0.0858311398449545 -0.00577231859695351
-0.193603178093067 0.0633202158613082 -0.103977273975469 -0.0668301396418076
-0.223661547658715 -0.0855360973154277 -0.0452608536034669 -0.110602460881963
-0.101102164757449 -0.218808252168866 0.0068713255959876 -0.117589880930282
0.0480020593667695 -0.283333848082002 -0.028205313117754 -0.0429143313017732
0.132914082714017 -0.237793581713243 -0.019104576310214 0.133572672785149
0.0562585357695548 -0.284359747137106 -0.151918962648013 0.170359324291007
-0.13618417326111 -0.275024172169835 -0.0745041845516354 0.27332485460026
-0.244873397323046 -0.113004033672277 0.0777717077697106 0.237944818298565
-0.208566231935166 0.0894891701743029 0.158548318426899 0.0970081834985481
-0.0865095927907608 0.154041230154192 0.0951958043089992 0.00750056151228532
-0.0108255039917455 0.16680149700537 0.0407479527466987 0.00655238968879359
0.0359864349769966 0.170166295897149 0.013020787025405 0.0308919593874828
0.0454918606851435 0.175877472947341 -0.00940660849401988 0.0604681322521789
-0.00554240446040919 0.154372187571406 -0.0457514601348678 0.0781359685387637
-0.0790692147773207 0.151148587827426 -0.0950480859406816 0.040088066332071
-0.1869332891589 0.0595144907208087 -0.117074633780199 -0.0309195724184431
-0.208578160438926 -0.0916656801125681 -0.0586940117334147 -0.0872058501866522
-0.076476214463033 -0.212254909797699 0.0120292349675878 -0.0795607442875377
0.070874786398142 -0.249670584130161 -0.0434961639361789 0.0341707452148997
0.126033093487322 -0.161887106030791 -0.0618545543614724 0.200116048259998
0.0814211622966279 -0.218540730659772 -0.165656907061239 0.199324439451525
-0.0773190882928832 -0.237434900274932 -0.108015534164963 0.246834368714788
-0.186863972347109 -0.117620790416663 0.0177811887906116 0.22740926602829
-0.176847103179226 0.0582205297726873 0.0971358077988347 0.127046263061655
-0.0783633997355336 0.124366042744691 0.0621330086115274 0.0641240337319613
-0.0131208149771139 0.13813008006659 0.0360635505441567 0.0681957534639017
0.0275269046484262 0.143065905060836 0.0261977283675993 0.0872649765265058
0.0376183594671058 0.150934517805729 0.00217939911587209 0.115735191363368
-0.0073193794458793 0.136162591808911 -0.044653278477502 0.125652293820226
-0.0708895682792133 0.131064647193646 -0.106318570915956 0.0772332086044203
-0.162775142075605 0.0405739458703692 -0.127326913732002 -0.00583034844986012
-0.169689372679291 -0.0970608486614569 -0.0683995867262448 -0.0708765351847837
-0.0360886161045997 -0.187614508164094 0.0157705918474359 -0.0468464950683153
0.0913377847618362 -0.186126598201295 -0.0618950108112965 0.100031165203064
0.0936981507389162 -0.0578670666993165 -0.0822912367616978 0.237319771816854
0.0795715947820067 -0.116450706876543 -0.15398545315813 0.213438116539979
-0.0226464207330849 -0.151853178908759 -0.113543590850556 0.210357164611008
-0.105844035045797 -0.0889722343483157 -0.0181003760266387 0.201112353675726
-0.113821519548893 0.0265661045263061 0.04928892839927 0.138292980269563
-0.0540609929556908 0.0793198355604516 0.036761347227824 0.101441883634847
-0.0103524074188247 0.0882756857050843 0.0323668763408955 0.112597667114839
0.0153716800224611 0.0958114937555097 0.0355856600695698 0.130078833792513
0.0236664048728745 0.104411759759157 0.00936414277850864 0.160100775070603
-0.0100592404943051 0.100280003320362 -0.0499693181187283 0.161966667638762
-0.0584879684509959 0.093852150450198 -0.124286953969936 0.102799376869633
-0.122660929353197 0.0155931476579151 -0.140642567811316 0.0060929141272053
-0.111322054843021 -0.0932233572687399 -0.0779385499464847 -0.0669714954982199
0.00891349033666729 -0.142329477787579 0.0147212699809059 -0.0225456571478604
0.101076886557201 -0.0969772253656225 -0.0867144052526893 0.1459728508533
-0.0685306625620417 0.00548868940784113 0.094372015933204 -0.199293986365872
-0.0269181775131513 0.0742993776210958 -0.0168902422243553 -0.0220482974499172
0.0326708780918675 0.0707768897871271 0.0896941697950317 0.0864621114067985
0.0628942095473796 0.00419255184533575 0.175377246339281 0.00358960820147537
0.0332251288543085 -0.0407610438095752 0.168076184999213 -0.12026188106253
0.00102928107124536 -0.0308284691938614 0.0863644406938092 -0.199465867771296
0.002300660914717 -0.0286894418241749 -0.0103216084399741 -0.205784717130226
0.00543283185628993 -0.0303728973021687 -0.0574582759521928 -0.169449599384589
0.00772695298726367 -0.0252650019568446 -0.0456502140585682 -0.138181682695075
0.0160922781246652 -0.0127945933862238 -0.0349219313937259 -0.133356200326228
0.0268322123510855 0.0101462562782663 -0.0326761319443739 -0.148142289334962
0.0165282761271243 0.0490070318154077 0.00872851879888087 -0.176278865925654
-0.0426981083600142 0.0561805278606712 0.078192096137969 -0.18712669883445
-0.080790082015547 0.0035375086908331 0.0874581357221613 -0.217822859129777
-0.0739864212478129 -0.0517875833697187 0.0468713568995552 -0.263989518085371
-0.0449554174622063 -0.105155609237099 0.102589869124345 -0.177688846065134
-0.0589238941829222 -0.0247218268429278 -0.0283931161301895 -0.00340990165539087
-0.0539880429066489 0.0153806624704192 0.0931384308804515 0.130331068917474
-0.0226474615501825 0.0185277375205465 0.203893829858884 0.0390804942149746
-0.0100377450060006 0.0220714982711211 0.203834445761102 -0.113413493900168
-0.00422481891944294 0.0309203924248649 0.105734848345911 -0.202261312930516
0.0143501876563034 0.0365879233190132 0.00209376255267253 -0.207739835163523
0.02421117039921 0.0379227254629251 -0.0526648209841398 -0.168030446257151
0.017118699429459 0.0455736072783895 -0.0468939221864895 -0.134354300592261
-0.00718641127039972 0.0445546257624073 -0.0409170970190939 -0.119907355893404
-0.0318591132038299 0.0505966458450426 -0.0431184788383192 -0.131308629612165
-0.0692073365871066 0.0313054984234657 -0.0198538511692542 -0.163019271419688
-0.1070306129112 -0.0183503036062857 0.0466902341284055 -0.178005626770503
-0.0819159961830324 -0.0961263718116957 0.0533563902893054 -0.212865979031634
-0.0345432517415145 -0.159897328116343 0.029535336756322 -0.247893369870499
-0.00305477447631208 -0.203478847326373 0.0966997244542325 -0.125548817573236
-0.0680716605768297 -0.138331601351016 -0.0503256649484212 0.0342484516586541
-0.136962802897025 -0.0667760374322224 0.0809551740559999 0.188531831740641
-0.122943049992194 0.0136537515156244 0.219247768567786 0.0949115817372252
-0.0716492856957262 0.0811536588013677 0.236073126363802 -0.0837517303002719
-0.0200496215356274 0.092682787244365 0.123373200945245 -0.181682615062104
0.0192287764416826 0.100124763066487 0.0167167758447708 -0.184005644466381
0.0404298254433156 0.10058307846761 -0.0412610856751105 -0.141851910006369
0.0318566028581376 0.109361561537607 -0.0458817402147199 -0.105842834243275
-0.0146996826835917 0.0973674071532117 -0.0493080900790272 -0.0840809261329496
-0.067620969275668 0.0970550034121769 -0.0638710968191724 -0.0987369097731396
-0.139790947064176 0.0403059798840865 -0.0586542054470894 -0.139843161396478
-0.172030172702517 -0.0590002489687555 0.00634275067909363 -0.164975629061792
-0.0989454395459164 -0.168597143927049 0.0204563252529388 -0.194597164967036
-0.00706047759408568 -0.243704059783444 0.00494837044756503 -0.19988536520306
0.0496157704743813 -0.271439031217657 0.0732073756965134 -0.0463609197512703
-0.0494006608695574 -0.24224980936324 -0.081510550290962 0.086337114191576
-0.194193692382296 -0.163845546221223 0.0460706990557769 0.247787939985941
-0.217314231941163 -0.0163889944011204 0.207155466202421 0.162396295026133
-0.141867699505141 0.121086850048412 0.246843045057887 -0.0312673266320104
-0.0445527351224062 0.143755136512375 0.132413982201078 -0.134300763551687
0.0158650568656957 0.150039831287936 0.0311411391800898 -0.13459924893566
0.0512074480634094 0.149313978785411 -0.0232825826433901 -0.0941029736573284
0.0482871021379003 0.156253079745446 -0.0381126986019822 -0.0573780699543405
-0.0101216457647894 0.137420177707957 -0.0534793444192645 -0.0323293397335855
-0.0807074894119858 0.138403260226767 -0.0814173344833571 -0.0523962846733059
-0.183651129686529 0.063379235839987 -0.0920181488514717 -0.104002933042837
-0.221123250655426 -0.0718822580889187 -0.0298170114373269 -0.142531602763594
-0.117658743881375 -0.208347950039565 0.00208734410404848 -0.161993429860845
0.0125556816838074 -0.29114244755026 -0.0163367139132708 -0.126997444717412
0.0968658673050425 -0.290999678307763 0.0327951746699 0.0487336401465255
-0.00529582712664932 -0.302025327898039 -0.118021044020556 0.140437477290632
-0.200645688023645 -0.245687993153138 -0.00796437492144739 0.284718273142571
-0.269940337890391 -0.0636044076471535 0.161150441134199 0.217934514926999
-0.195345417685582 0.12876060897114 0.223976134846463 0.0343356569156811
-0.069152718803092 0.170319238521126 0.124131084491552 -0.0673013949446144
0.00729529964797618 0.176668775429921 0.040682255542816 -0.0673501195198761
0.0547396013831594 0.175051123761671 -0.00406486820968051 -0.0325411861229598
0.0597291379653095 0.179922537126705 -0.0238696638380054 0.00232882543138219
-0.00180069514018857 0.159894342462802 -0.0499714721358599 0.0264285818625728
-0.0787034264189378 0.161857654733001 -0.0917412349958334 -0.00129010785341578
-0.198622358884003 0.0776417262868698 -0.113042206319512 -0.0613643374403973
-0.23792889073023 -0.074827401748912 -0.053250070034646 -0.114763984647181
-0.117874772502331 -0.221456110944108 0.00045095667809103 -0.123939519055592
0.0331576541995411 -0.297947066105178 -0.0309730263747841 -0.0436125503619933
0.123278088399842 -0.25644396173032 -0.0145885196719198 0.140473926043119
0.0426294982631009 -0.297530573824608 -0.148411567337736 0.186447510194174
-0.15837573296618 -0.27613298845004 -0.0637651183081885 0.288056791254724
-0.260376010491255 -0.104293568631896 0.0922799349114427 0.243047817293063
-0.210067388034136 0.10634664045089 0.170958088882982 0.0905240836782933
-0.0806733927364834 0.164760430712378 0.099611515565863 0.00345028255310136
-0.000683024536211476 0.173751338284889 0.0431932469534767 0.00400085016207008
0.049790110309335 0.173289815722945 0.0164075897185105 0.0314676172043523
0.0599915746913123 0.178276928089189 -0.00596281176372972 0.0632795626590076
0.00225989201756038 0.160240129744165 -0.0428034837847972 0.0830734714981892
-0.0725728130033828 0.161385706467513 -0.0982844748582314 0.0465124418746416
-0.191099635002741 0.0731218517647501 -0.124402001381587 -0.0244416036936505
-0.22172458190613 -0.0813825039274969 -0.0662121036306215 -0.0899053883134323
-0.0922931697898467 -0.215055899059447 0.00687867770700526 -0.0854308231386526
0.058772185246668 -0.264267758809397 -0.0428896392517872 0.0381006202363738
0.121235621102059 -0.176312480503974 -0.0548636258159032 0.211503028824747
0.0725970351185464 -0.231445608612208 -0.161891422788904 0.216034721057623
-0.094163420765344 -0.240652860387158 -0.0996770282172812 0.261853581278744
-0.200549549441038 -0.111688042810021 0.0292799467260084 0.235195867133272
-0.179507706353916 0.0719473657446376 0.109286084722534 0.125865090975864
-0.0736698249818378 0.134109177776094 0.0695129468285307 0.0633867887198531
-0.00489573203516005 0.14394325879565 0.0429506864135859 0.0691409952522978
0.0387529945927336 0.146403711754509 0.0332776711467706 0.0888721085090387
0.0498403856226558 0.153213946159651 0.00977709982238458 0.120023718311904
0.000543609339127849 0.14105848150829 -0.0386208035616244 0.13362609206052
-0.065154080432448 0.139634899168141 -0.107298630267286 0.0869650756043749
-0.16677933739336 0.0512796944622286 -0.133934783110125 0.00198828350620081
-0.181835898221207 -0.0897653711688821 -0.0754395289675408 -0.0721919002225856
-0.0488681325141972 -0.191865517218714 0.012953171600466 -0.0516158607253645
0.0834431222880206 -0.198391892171978 -0.0587587102648659 0.107368363786148
0.0926689566485324 -0.0657284407040941 -0.0743042039205509 0.250665215523494
0.0763226065993931 -0.125050520372581 -0.149146064653064 0.229066658436368
-0.0329750789961162 -0.154574154947771 -0.107023557922128 0.224516196365429
-0.115290466951106 -0.0859294797279049 -0.00816221268215081 0.210552292266454
-0.115980557829697 0.0350907713836055 0.0602968325860248 0.141202624344858
-0.0500618830201607 0.0847254603437211 0.0453756288834309 0.104236761196827
-0.00504871928676115 0.0920735458324594 0.0416022764156995 0.115406124434997
0.0225274202056435 0.0972351172935571 0.0463159502661574 0.131193779427237
0.0313012828348693 0.105788279939918 0.0205244258765583 0.16541592429642
-0.00452602206623446 0.103909214905076 -0.0417232831246567 0.171141190460317
-0.0537954339960245 0.0997183736454813 -0.124338106214606 0.11474345322725
-0.126257906810916 0.0223767798378896 -0.146588014294477 0.0144596739155922
-0.120830371828037 -0.0885176934905764 -0.0839478792172406 -0.0669838884767075
0.00111872513228901 -0.147210830020353 0.0129432893241544 -0.0271092352015356
0.0985507628784738 -0.106991186959587 -0.0814333842781916 0.156494600912521
-0.0687527374666461 0.00954384129322663 0.0839811209493233 -0.206456804795941
-0.0230185023652514 0.0752837313473163 -0.020299096230754 -0.0200606636285659
0.0374050698865438 0.0699124615388978 0.0950155295250153 0.0842854873181179
0.0630210016877845 0.00163007002264448 0.179463892793782 -0.00469639752926185
0.0293543300378354 -0.042930648180087 0.163567611747105 -0.132330416096487
-0.000547700806693901 -0.0300958466789309 0.0763263418469183 -0.208594483414629
0.00130070325314508 -0.0286703000344689 -0.0236942939298258 -0.206731832362981
0.00401618616296676 -0.0310834513988488 -0.0691650109428364 -0.166380096653509
0.00729775898205905 -0.0249452350894282 -0.055182700039317 -0.138188006270612
0.0156912572090069 -0.012707201212569 -0.0451016122858432 -0.134763408500424
0.0272288396270844 0.00972847698354576 -0.0422401094926325 -0.148914406720207
0.0186931133631893 0.0476118656806524 -0.000536038256387148 -0.179993383264483
-0.0404458040697329 0.0596684684093734 0.0719739152545531 -0.194164232118106
-0.0805884217199681 0.00716504952617892 0.0798480772467217 -0.223293388996371
-0.0773837474508898 -0.0489634349326211 0.0367463520604816 -0.271093689229772
-0.0508944417269063 -0.104566325786529 0.0931003041417278 -0.184543670100468
-0.0610126568942114 -0.0229574058516719 -0.0297789863650147 -3.37852949748096E-05
-0.0534324710375253 0.0181721541605575 0.100923981329467 0.128627452984177
-0.0232366057534425 0.0194522039077019 0.208708167192703 0.0304059391521311
-0.01061513226735 0.0229083857224726 0.201804164287071 -0.127403050321331
-0.00278237607532471 0.0324962444165462 0.0956910335855603 -0.212796870244441
0.0170934117025665 0.0370198808086527 -0.0115536914203473 -0.210494503997608
0.0271807003269062 0.0373378156782591 -0.0649170096549223 -0.165495581492938
0.021029268913851 0.0464952522370843 -0.0573391027605476 -0.134373333177379
-0.00502853824337956 0.046582902489969 -0.0501953140900983 -0.120493685107674
-0.0299722628826651 0.0537075291539639 -0.0525461150279632 -0.131858198397813
-0.0697749958103072 0.0352459584035912 -0.0293976995103511 -0.164382077553995
-0.110048417869771 -0.012629180618688 0.0397954688484484 -0.184165840038146
-0.0866924831809008 -0.0939130607632651 0.0449394773013836 -0.217847578451558
-0.0429352804543764 -0.161404508797759 0.0190464059540247 -0.253855618080425
-0.0139200503990839 -0.206962567115798 0.0905860095676027 -0.131704810178809
-0.0763434091533817 -0.136986013737129 -0.0492737894637706 0.0396242373474042
-0.142743123109898 -0.0599812902606934 0.0911885675164804 0.188936319878468
-0.125722508213797 0.0199688664050227 0.227108623732697 0.0863156648810923
-0.0686197547847398 0.08663647371392 0.235276157572696 -0.0997269333881746
-0.0157831604637481 0.0963183239228052 0.115481575932004 -0.191822980204958
0.0252299529245112 0.101127668970568 0.00538953134489311 -0.186560361793815
0.0482309097748174 0.100224341378178 -0.0510660440410679 -0.13996962385355
0.0401989685432327 0.109356036739317 -0.0545383088998356 -0.104488254033117
-0.0101133968471756 0.100357955620547 -0.0568406292309613 -0.0830853748245822
-0.0638591424049322 0.10303592849686 -0.07207007949613 -0.0973931645660129
-0.141344032853497 0.0491657818249192 -0.0675294927902716 -0.138440792981208
-0.178877806037601 -0.0497653776192491 -0.00142907972311486 -0.16971071714874
-0.108446405688033 -0.166385674369353 0.0116640516878313 -0.198171435072687
-0.0204569526053476 -0.247947569230857 -0.00451158180408927 -0.203397734420806
0.0347528032247656 -0.278637303525483 0.0706533257907568 -0.0495523400320271
-0.0622941369954744 -0.243175699634853 -0.0790313037420205 0.0935457662510039
-0.205603977148932 -0.154154602418043 0.0584848715500271 0.249905977893344
-0.223023606499362 -0.00600748330674625 0.217751348879099 0.155387613930518
-0.137205700382056 0.131501227143382 0.24902000617903 -0.0460185507594261
-0.0386198546411268 0.149205529824018 0.12727925676436 -0.143498963516412
0.0252300942996631 0.151679790761209 0.0233034120106747 -0.137546025044903
0.0623511899467162 0.147984202557561 -0.0307020518817641 -0.0921243626869734
0.0601240987062447 0.155513314080004 -0.0429737657878217 -0.0558180392808601
-0.00310492520747155 0.140996601298288 -0.057032767360287 -0.0300160738396021
-0.0733462772273899 0.14572228245771 -0.0879562994942972 -0.0494405125893716
-0.184468115139652 0.0751968451291639 -0.100043021321544 -0.0990550995348006
-0.228734894141939 -0.0596305111141623 -0.0373621259643364 -0.145152347323811
-0.130521081558395 -0.205865064307653 -0.0065555676878197 -0.165908532189624
-0.00313561509047688 -0.297283572021158 -0.0225208071944564 -0.128331705981204
0.0824073380714088 -0.301223461859684 0.0342851429879584 0.0483099060683916
-0.0211905580148289 -0.306954391793654 -0.113480398087003 0.150291933830156
-0.217141801325945 -0.236514501899217 0.00542481019284211 0.290692121444008
-0.278075151841396 -0.0508671606695648 0.172613318304024 0.214325122113725
-0.191024575878233 0.141969293535169 0.229221902255331 0.0207365695430995
-0.0614538450342542 0.177007539684965 0.122994012015748 -0.0749939086096925
0.0180277282526993 0.178914155062866 0.0373361150463349 -0.0702828941863324
0.0674047357884454 0.1734867007755 -0.00622303673306726 -0.0326003522670428
0.0728887970144702 0.178390504374104 -0.0246761179831053 0.00371412980069584
0.00763546320944224 0.162690271638121 -0.049646662127294 0.029124759299391
-0.0697079280870387 0.168759738658161 -0.0957333500590167 0.00399327991600151
-0.198028630313294 0.0905875327632796 -0.119119534361896 -0.0561653117983261
-0.246237635987142 -0.0621173204289967 -0.0603887519714328 -0.116239001167119
-0.131959454748867 -0.218907553153074 -0.0070552936957174 -0.126640688246913
0.0171270756758486 -0.305185761826048 -0.0338701568742186 -0.042626444513497
0.11050374120322 -0.267614421364814 -0.00963076813092986 0.143479475737769
0.0283427303206074 -0.303592092408142 -0.142411640680403 0.197566413930089
-0.175624508443119 -0.269335566085818 -0.0506892045844502 0.295998865359682
-0.271747636241302 -0.0924508694197168 0.104610340872818 0.243201498184565
-0.207160975848734 0.120540255007053 0.178774380308026 0.0816448045833202
-0.0729145120812556 0.172693171097883 0.102284202034348 -0.00191879119494293
0.00924058305712183 0.176967305485591 0.0449373902008456 0.00235344263281189
0.0614768261708723 0.172838111487557 0.0183607845777387 0.0312392194196011
0.0723247291301859 0.176847170008649 -0.00231620634235625 0.0653916105538352
0.0118683289084729 0.16242647374503 -0.0392586928215793 0.0871153780413434
-0.063876735910924 0.16720113476303 -0.0991054245980707 0.0538654743766129
-0.190789556675639 0.0843777770367905 -0.129043268006645 -0.0172754541243066
-0.229988171900638 -0.0697962414491611 -0.0727348581594861 -0.0902567520102629
-0.10560578983782 -0.213273323477109 0.00151509295776808 -0.0884962528943661
0.0439799821483595 -0.272654643192068 -0.0415646001758764 0.0405695407818287
0.112000247776587 -0.186180218471146 -0.0471931199363019 0.217860139439193
0.0616601316184466 -0.237924795623953 -0.153941265829222 0.22744695225928
-0.108898857025456 -0.237305431842506 -0.0891476076754188 0.271680492527342
-0.211002141864949 -0.103029318394733 0.0405865415144155 0.238790452405887
-0.177125992487008 0.0836655149747411 0.11871351125929 0.12163150224086
-0.0663985769012855 0.140544316592517 0.0751233484582014 0.0616319619566521
0.0039776500003903 0.146308795812525 0.0491266582373116 0.0676666613891939
0.0486661208185517 0.145959667505061 0.040151029427352 0.0873736442559075
0.0604679774211908 0.151101595860372 0.0178138278693496 0.120885124574625
0.00833982311160025 0.143170957106008 -0.0316446663180507 0.137677177934811
-0.0579591259727281 0.144831440766731 -0.105933272055633 0.0949864261559936
-0.166864717857871 0.0608796576400359 -0.136911049610735 0.00935536708380579
-0.189183672515988 -0.0799451168436953 -0.0809336269968513 -0.0721272214389449
-0.060194595216845 -0.191306687143707 0.00922127690508687 -0.0553531162312697
0.0733790674071417 -0.207207946522962 -0.0541216282813948 0.111940799185013
0.0896219929739386 -0.0726212908403195 -0.0651184295949674 0.258304423408388
0.0710570211383915 -0.130243607691785 -0.140593225826954 0.23913205318004
-0.0420281268630801 -0.153240852119791 -0.0985308234828534 0.233719952653392
-0.121350041159362 -0.0804760035278207 0.000916043699131919 0.215167583024109
-0.114506656495993 0.0425718747936153 0.0692442505994787 0.140216525157059
-0.0449950754664487 0.0889639367914929 0.0529600601713868 0.103667285524199
-0.000121189194365578 0.0930490698660143 0.0510986699371179 0.114303562697187
0.029520924584321 0.0970625394222068 0.0550920441111099 0.129457154391122
0.0386522828643552 0.103931819528463 0.031412651419975 0.165578037226941
0.00183107926853821 0.105691822903485 -0.0317697648651277 0.175638333905277
-0.0489398885938798 0.10412799796301 -0.120585770453088 0.124108156761438
-0.126790380560595 0.0295277097939015 -0.148745219788161 0.02197264520215
-0.126604144394816 -0.0823106222997107 -0.0903703332015873 -0.0657880894676695
-0.00776405282231606 -0.147788876351021 0.0111970321693972 -0.0297412046983931
0.0942473621484753 -0.114585452922754 -0.0736738132066635 0.163827528697459
-0.0637629490622583 0.032278310088848 0.0110792355562379 -0.225945604898815
0.00498515900323535 0.0794231411473861 -0.0294360870401765 -0.0132251381002426
0.0608472476849759 0.0514820549652902 0.115205961983287 0.0512188487170272
0.0600082386609825 -0.0219736538910917 0.170087049646828 -0.061057247054743
0.0121472448049269 -0.0516026429473927 0.114046643233269 -0.18038804492978
-0.00907260192671592 -0.0299991066855567 -0.000976685320962415 -0.224703741939305
-0.00834425924926385 -0.0297153738151795 -0.0966672833507106 -0.184573304560652
-0.00753155394796627 -0.0310787774900551 -0.123267736176028 -0.129068629973734
-0.00106497298534382 -0.0253962504325753 -0.100765168992982 -0.111644290182067
0.0107157187651654 -0.016217102238773 -0.0897433139507224 -0.112749053581547
0.0290526139233301 0.000361492694014105 -0.091699866377652 -0.124970599137799
0.033397340279216 0.0385291791056205 -0.0606116066125075 -0.1705096275797
-0.0183570291963673 0.0693110085520436 0.00611324104133797 -0.209882908070499
-0.0740312860192493 0.0352312896163753 0.00654512567916834 -0.236200527727294
-0.0890370141380403 -0.0195793577729629 -0.048428907008098 -0.264805404481896
-0.0878315212855867 -0.0851645286255951 0.0303130096246461 -0.204888494268907
-0.0665459518093707 -0.000576221568144631 -0.0264965458030906 0.0101914221985045
-0.0432145357748061 0.0368329718173588 0.139932196223322 0.0866118830497104
-0.0145316814072894 0.0274500037700625 0.210969623251232 -0.042755099429475
-0.00165336085685202 0.0240497684195221 0.148488484765404 -0.191475987340546
0.00969260008059183 0.0292685543691586 0.0143535842821175 -0.236156721006523
0.0297570170637655 0.0283370239738618 -0.0880002804971845 -0.193535760258167
0.0380878093096515 0.0250091799478564 -0.121368609611861 -0.129513892903953
0.0369262140372356 0.0362770757948683 -0.102302885913988 -0.106728045500028
0.0111725883415031 0.0471405494896704 -0.0900197047603627 -0.0980601766922294
-0.00948498437048562 0.061521099278672 -0.0961008984245407 -0.106862241949576
-0.0553389045893482 0.0578759022228026 -0.0801832955177719 -0.146655279632471
-0.108383024668851 0.0249764759540925 -0.0208057514025548 -0.187411259420477
-0.114153512610206 -0.0589544858698788 -0.0270790368587052 -0.218285852872108
-0.0932116984346365 -0.139086202444616 -0.0629274653479183 -0.241556181127574
-0.0898177291795887 -0.197417714195551 0.0479853849480432 -0.149248530759683
-0.123259011778175 -0.103315264306886 -0.0257907166990787 0.0569349323238748
-0.155736032978721 -0.00436008573253833 0.157252769111128 0.143332236908322
-0.111036163637597 0.0658763740892116 0.248410295810023 -0.00100904248980322
-0.0335583229007644 0.104541618366316 0.187707948089965 -0.179581751822763
0.0197212400156514 0.0939032018442191 0.038578814170921 -0.223808314579423
0.0606654544720295 0.0869017782566441 -0.0647712063152594 -0.180094408024029
0.0794452464129235 0.0761822915907931 -0.101328941892536 -0.110586782484664
0.077055439912171 0.0880981635946846 -0.0900911300958741 -0.0791607484838875
0.0242462815868436 0.0993005423387513 -0.0845830461143629 -0.0613976504235651
-0.0240176725918858 0.119426306367009 -0.103438247973847 -0.0696623286199756
-0.118246755389862 0.095417607684795 -0.106761342710276 -0.109381412372818
-0.186164198000292 0.013333872247936 -0.0543681728586218 -0.159340242172438
-0.160191830337028 -0.120078930884977 -0.0536249830425104 -0.18813617994821
-0.100226732532982 -0.230587834930416 -0.0727482943645854 -0.185616497002905
-0.0684979220588638 -0.28375661298128 0.0574704633251351 -0.061179618269392
-0.149198553438163 -0.209546298951481 -0.0312297458828237 0.122429405125539
-0.249366011032817 -0.070109443110674 0.153657769413973 0.210555527121747
-0.212122358530332 0.0792849745226724 0.26590493610848 0.0631427545980325
-0.080694682101166 0.170738758721159 0.217563741259535 -0.136833140094169
0.0171339827191804 0.152102554331686 0.0658952914796329 -0.183461017175959
0.0776326273636782 0.136276913389481 -0.030554844034894 -0.142184500346283
0.109515223580287 0.115965594946155 -0.0666348076045695 -0.0740310346681155
0.111020620655091 0.123930287367968 -0.0627734163238871 -0.0366223832002413
0.0453587257771723 0.134914571845175 -0.0675225420481656 -0.0118880522760415
-0.018630320922695 0.162351670484167 -0.102900892789246 -0.0194993092114697
-0.149587725233508 0.134320768472289 -0.124300531899627 -0.0624270608219833
-0.236245861248194 0.0220655335155757 -0.0804990675020247 -0.124448580333705
-0.194408613851267 -0.149817643348451 -0.0619098195963104 -0.15101920747553
-0.10108668478703 -0.284111115247734 -0.0687912725157513 -0.108496357086893
-0.0308764302499729 -0.321935187089038 0.0553325434646291 0.0461936165890981
-0.131758799403645 -0.284205709043979 -0.0436812454085665 0.19113891234074
-0.289756878864964 -0.143391108681922 0.121171723426399 0.267960988717926
-0.28087525913998 0.0574362355991512 0.245053924718263 0.132820249598127
-0.127566067915372 0.201271333361945 0.22200739859899 -0.0696034964279596
0.00511934003070007 0.187497110255643 0.085034818446266 -0.117907562435157
0.0808061710279256 0.165541006527871 0.00758170504189603 -0.0852940063238928
0.122387980627836 0.137863758835838 -0.0221593786205487 -0.0270941521515653
0.130985858780475 0.141021389372796 -0.0245759263001084 0.0126782046039231
0.0621986542289752 0.151134933305325 -0.0400896160306792 0.0418378231649446
-0.00725104377086428 0.18255658204188 -0.0921535722774712 0.0331301847695646
-0.157204918873878 0.153746968758625 -0.127992739486431 -0.0155413617718082
-0.253252692577189 0.0254087799508812 -0.0925160409353124 -0.0887640337908593
-0.200391279760161 -0.161736400254526 -0.0511855501412638 -0.114056976317398
-0.0849822720693053 -0.299094309376127 -0.0524775765824449 -0.0241651232959295
0.00985643741066193 -0.298812066216812 0.0437931343431609 0.151300966773612
-0.0828682127982073 -0.29990103272239 -0.0580323310129234 0.246614578462303
-0.262613902011532 -0.189499581671794 0.0703121531157971 0.29564028529802
-0.289926180579988 0.0159505688467622 0.191845718495899 0.184970194370648
-0.1499270274933 0.186824270115845 0.195185191739831 0.00537198918300979
-0.0074483763449714 0.187733773079828 0.0920828450051415 -0.0412679723299874
0.0718485925332645 0.16674785401567 0.0421199519291435 -0.0198291004091244
0.117463727637354 0.139499274426609 0.0233845257424877 0.0222914614418496
0.130006624118633 0.139356035122802 0.0175814485686732 0.062968852138454
0.0667542759104839 0.149645039229084 -0.0100541732310068 0.092322398060487
-0.00158206764406087 0.178797564340298 -0.0783187726826697 0.0815055987029705
-0.151627744905975 0.145460972880522 -0.124963335501543 0.0236280384761588
-0.240677037724709 0.013339997005036 -0.0963254094221986 -0.0600868990648653
-0.173238078314992 -0.164645465041981 -0.0315041065377464 -0.0821473165102983
-0.0479330817770052 -0.277830954796116 -0.033594309914711 0.0556969566819022
0.0413447696221532 -0.219430598641344 0.0301667224547417 0.232570870200486
-0.0269142096942056 -0.247825032391941 -0.0630928798422138 0.278473904104372
-0.187177257065174 -0.182653681519782 0.0218591434683572 0.287716951644782
-0.23655677201868 -0.0158685011407729 0.129038205424707 0.206664694876652
-0.135536510938935 0.142288879839759 0.152973069069325 0.0668814584266607
-0.0124525219127068 0.155303938329967 0.0891848622885962 0.0284111193737468
0.055449853830903 0.140208799369255 0.0699446333489351 0.0407901091842593
0.0965015821731409 0.11931948843566 0.0646077377128099 0.0666529700411116
0.108768310859006 0.12001954714506 0.0565487023807309 0.107750789789421
0.0571617275622092 0.13163957765766 0.0144835506325407 0.137860978309877
-0.0041830449377095 0.155039463883814 -0.0696922806683858 0.12285059474323
-0.137653970702937 0.114736989945231 -0.123884585502671 0.0520513441324039
-0.205117323217172 -0.0107438455767928 -0.0988270737817196 -0.040140785374669
-0.12285970820016 -0.158996918465472 -0.0129695546730501 -0.0538560086078288
0.00159286750250465 -0.224447094909456 -0.0212960796583443 0.12475067365775
0.0608891526898134 -0.10069248764672 0.0234937784324454 0.27441710270929
0.0219847681695396 -0.147895620811149 -0.051939824424406 0.282618457983271
-0.0936667499022843 -0.128039451644663 -0.00624061370749354 0.25740329295444
-0.144249858780764 -0.0288923480864082 0.0800474474700988 0.201816728243124
-0.0910223531261708 0.0817423723705769 0.113460817457695 0.104751927766417
-0.00948162320715321 0.0997894949248148 0.0848544031265953 0.0770761614482356
0.033719582490694 0.0896401279492773 0.0897287199015226 0.0853729738127899
0.0610522013976542 0.0806314514048078 0.0963871465919633 0.100249459989544
0.0721751258383817 0.0835573834298161 0.085505872504052 0.143681642799809
0.0388461895668662 0.0984173283921042 0.0276132547814706 0.174002005101164
-0.0107840621640298 0.113831953848492 -0.0722564475348519 0.155920583086234
-0.110560490472876 0.0708818118896437 -0.132159380902665 0.0686801906967447
-0.146725555905808 -0.0333892572651362 -0.106964034412982 -0.0313115323358906
-0.0581715641763126 -0.135081364236936 -0.00326756542974717 -0.0319038420640969
0.0515513567395843 -0.142186053251918 -0.0221517175833674 0.177155805037272
-0.0637088661002173 0.0334519454510691 0.00650419516795038 -0.228178324349902
0.00651271827998119 0.0792476088733287 -0.0303217348877559 -0.0111155202830174
0.0629966543940529 0.0491798079561833 0.118865104946037 0.0515246752236136
0.0595724480985764 -0.0234330959104858 0.172146855405325 -0.0662079157473814
0.0093799120428517 -0.0505602018970101 0.112083915370459 -0.186765158883737
-0.00974522197050851 -0.0292904387501142 -0.00739091584462183 -0.228938980692649
-0.0089563445059896 -0.0297568050666592 -0.103168034168796 -0.183371706792173
-0.00848258923969862 -0.0309380141399854 -0.1284706219111 -0.125133809672651
-0.00105745709737585 -0.0258755489329914 -0.107675270602048 -0.110220479658214
0.0110060028319462 -0.015862621228622 -0.096204689929862 -0.111751598195469
0.0293954389390649 0.000277483807972208 -0.0972311810343265 -0.124949043927377
0.033044416283676 0.0378859296006296 -0.0650074163655211 -0.171813254872046
-0.0171807283976366 0.0705025509899599 0.00377909759669975 -0.214391023880507
-0.0737279908195768 0.036122945955256 0.00452997343140915 -0.239232215876389
-0.0903591510411743 -0.0175440622407493 -0.052877443297306 -0.269286135614374
-0.0915025109714376 -0.0848630865912315 0.0261016030553168 -0.207149132067324
-0.0681860478710076 9.80331749077267E-05 -0.0263342336150825 0.0126781281292978
-0.0429714700264075 0.0372730191615691 0.143986592483067 0.0869555641492055
-0.0154010583009297 0.0285390770003667 0.213888780361017 -0.0474936742571609
-0.00194285656518248 0.0253167019724204 0.145715799542562 -0.198598689752475
0.011509892156011 0.0302928213582677 0.00810501629089563 -0.240917272809109
0.0312889342181239 0.0282911618198235 -0.095014427857633 -0.192900376484251
0.0398037370705252 0.0235941200348448 -0.126569609450179 -0.125232198974015
0.0395359483054137 0.03525566377091 -0.108231692328186 -0.10470436473492
0.0127847072969878 0.0483166012747741 -0.0966728831167851 -0.09682268863415
-0.0078563437814832 0.0638949478540604 -0.10138242280079 -0.106144851970436
-0.0561044474439759 0.0598807420429749 -0.0846642589020371 -0.146432029778039
-0.109707712100224 0.0279428668565227 -0.0238305154534063 -0.192070361677342
-0.117167774828359 -0.0586656549473187 -0.0308596155090447 -0.220780131003449
-0.0982092687755425 -0.139055130423783 -0.0680490932496315 -0.245189363394893
-0.0960966329299465 -0.198332731404184 0.0446481713133378 -0.150910023341431
-0.127184870818417 -0.102987835261278 -0.0252684620038221 0.0601721180299595
-0.157783235186162 -0.000421988613771655 0.163134075271037 0.143733496055019
-0.112667840955629 0.0702317481557246 0.252822851532858 -0.00478046977761111
-0.0315412283416671 0.107967571939852 0.185993230640549 -0.187433635309582
0.0221112783531723 0.0959568641924746 0.0335018070005618 -0.228839473033915
0.0637467811328207 0.0869269388792015 -0.0702213029857132 -0.179336172198984
0.0837620244035284 0.0743010445490848 -0.106081673593743 -0.107029632251046
0.0815753805307795 0.0863672648457245 -0.095249902283501 -0.0774290653542371
0.0272820815762299 0.101008995818072 -0.0896298478603473 -0.0596702304452247
-0.0207780394665721 0.122514246240169 -0.108777511699854 -0.0674420128432173
-0.118807399435217 0.0999142788961946 -0.111683480220191 -0.108279901882901
-0.189092874770303 0.0188623019471999 -0.0588069246968551 -0.162287620750034
-0.166021223509809 -0.119544527833024 -0.057276464217904 -0.189294296890695
-0.10764689625565 -0.232236118438427 -0.0772700031702893 -0.187749263866395
-0.0766875443547194 -0.286793284719405 0.055710769801577 -0.0612238251418354
-0.155729902805293 -0.209942986768404 -0.0294306247650806 0.12565317414241
-0.254246357322714 -0.064082603282775 0.159734559109428 0.212643762407521
-0.214543683854019 0.0856987514192238 0.271319462605113 0.0597825427991823
-0.0782345364533915 0.176138546099917 0.217141349406067 -0.145710269077134
0.0209215143574795 0.15487829058861 0.0620549784689706 -0.18834443074609
0.0827577134021002 0.136721850585794 -0.0342899215524546 -0.141868344678607
0.116117426427638 0.112953731447224 -0.0697527107315046 -0.0719819569228609
0.11830712399296 0.120879597303018 -0.0659985918133265 -0.035158945595243
0.0493004308899735 0.136546088667408 -0.0703432684109164 -0.00966427866924047
-0.0142090583585403 0.165948359267812 -0.107108600990713 -0.0159166043486893
-0.149223363316862 0.141434085412984 -0.128561196633226 -0.0600687192005673
-0.239936628631425 0.0295056401023968 -0.0850068781638821 -0.126200079683721
-0.201725556352345 -0.148246891101247 -0.0658589972942108 -0.151157827344887
-0.109991798135857 -0.287799332395909 -0.0717544402242505 -0.109057146547897
-0.0400750787171928 -0.3263190539744 0.0551379869886161 0.0477427630921296
-0.139456346196564 -0.286461115357513 -0.0412851465357406 0.195556295352095
-0.29646468213385 -0.137847061579548 0.127579814665388 0.270666139646273
-0.285892025898467 0.0648809719119377 0.252165174640258 0.132363974658867
-0.123431409752599 0.207959938006319 0.222790844904422 -0.0764721370449621
0.00976515295572818 0.190809152868771 0.0838824744029939 -0.121848154901397
0.0866867804374975 0.166194322743718 0.00550335562881291 -0.0858463200948832
0.130282250012596 0.135754672809346 -0.023334620755473 -0.0260235747219598
0.137999241453605 0.137888869498205 -0.0251860788600113 0.0136631129184948
0.0671097633468846 0.152416298732477 -0.0404199160300679 0.0440663169731046
-0.00215071471202685 0.184556728621408 -0.0944860692254708 0.0376710438865317
-0.155937130912079 0.161023788628195 -0.131492285742851 -0.0120314792405133
-0.256769987414816 0.0339726942270857 -0.0974491853515643 -0.0898824225852026
-0.207176812360895 -0.159156885385426 -0.0551688001518676 -0.115299601883838
-0.0948413998883049 -0.303234813742283 -0.0533195755168415 -0.0241285773363902
0.00114161834102402 -0.303276105473852 0.0452805591385079 0.154093017697432
-0.0903295809811248 -0.303036995980161 -0.0545785507596454 0.253014296603449
-0.270079187405704 -0.184052347063731 0.0760610350385443 0.300212145783475
-0.295605411025615 0.0233986615486369 0.198707141470212 0.186007250445799
-0.14676891002601 0.194641150282172 0.198220793777022 -0.000515283266930196
-0.00210456422972044 0.19059735702231 0.092483904341808 -0.0442268426942634
0.0773859420239267 0.167447522350783 0.0429618780570154 -0.0205874920520692
0.124997958540399 0.137002269540632 0.0246549057915774 0.0219826298162121
0.136603024352476 0.136244255952936 0.0198399331691933 0.0627414570647419
0.0715287927380229 0.150056726883995 -0.00801679494342986 0.0944168442964484
0.00338831013687506 0.180370387744141 -0.079072437109136 0.085799305142469
-0.150591669305218 0.151925371334675 -0.127630823155236 0.0271769404438498
-0.243520247942467 0.0206736054904871 -0.10084578142944 -0.0612042340682713
-0.180444364545329 -0.162595792078735 -0.0348489471318044 -0.0828278602593593
-0.0562605209301611 -0.282014692324923 -0.0321813943660754 0.0569701710667251
0.0353519175087202 -0.224001773511985 0.0332046297647894 0.237367987017416
-0.0316633244119033 -0.251533091238443 -0.0604543796437156 0.283766300915313
-0.193701038877957 -0.179503849002265 0.0264104858931938 0.292247344762879
-0.242276639699874 -0.0108099925501977 0.135437475536656 0.209407507123479
-0.132988657695554 0.148391040401535 0.15688582511415 0.0639075955239253
-0.00750796798132613 0.157160020704515 0.0924218610089651 0.0269982063942023
0.0606328210715246 0.140451685546288 0.0726609715044431 0.0394298526379371
0.102008157810266 0.117324302161249 0.0673024881381586 0.0648963521873142
0.114543003108256 0.117084061316883 0.060693009802077 0.105959011377272
0.0617971985729671 0.131864149632924 0.0189054490028008 0.139450413871754
-8.04833166757639E-05 0.156418474647327 -0.0685804521898421 0.127623083492096
-0.137137434508171 0.120067282545945 -0.12592919664458 0.056193617584831
-0.207528087091103 -0.00468036215892076 -0.103232203982549 -0.0404484119257224
-0.128255189284219 -0.157631248309321 -0.016275653943005 -0.0549264276669518
-0.00539659264751353 -0.228576715404695 -0.0181480605593303 0.126809783014766
0.0583812640414271 -0.103218342268304 0.0271143236696186 0.278995032492911
0.0198346847990339 -0.15101527727015 -0.0489740621804741 0.287211316124811
-0.0969423569334288 -0.125917031505652 -0.00244330220682862 0.261586783418446
-0.147013516943336 -0.0255618005839191 0.0859053743869988 0.205596425350154
-0.0892252183099553 0.0856976105741029 0.118268907313923 0.103868440357148
-0.00628096964180407 0.100392928100269 0.0893606414511075 0.076766622955818
0.0366386900051716 0.0898183440070984 0.0948508967231551 0.0825832760771118
0.0651663776687656 0.0791636851334992 0.100303196406654 0.0968214068147152
0.0758691486883734 0.081504033215928 0.0912669972104997 0.141584317016016
0.0425843515620185 0.0987513459327057 0.0341283037632306 0.175785585034494
-0.00730327184900534 0.114913045441885 -0.0699311745328354 0.161087921945395
-0.110601212680958 0.0743406604684664 -0.133215194531292 0.0726622364925022
-0.149265797885791 -0.0292393631640115 -0.111075891196278 -0.0312226215918188
-0.0623334668299267 -0.134774793370095 -0.00560238243036375 -0.0328279512811963
0.0480162697955348 -0.145827557365609 -0.0175809637153716 0.180944770765647
-0.0650995884405344 0.0355779729421323 0.00171680073641842 -0.234493979511644
0.00865471569584631 0.0804554396178751 -0.0321883053661946 -0.00797093096573255
0.0652515456662691 0.0489051771657093 0.124406878186545 0.0526341037729528
0.059968812122925 -0.0251112217810298 0.177681932215224 -0.0716579114441952
0.00793798658936759 -0.0504944925072612 0.110882053898663 -0.196951467241074
-0.0102188674717309 -0.0304648521478065 -0.0148786877493401 -0.236518882984989
-0.010005640940139 -0.0302745567246979 -0.11088870850456 -0.184304130094944
-0.00987115728181907 -0.0314462046369612 -0.135238466861533 -0.123425854813801
-0.00122056698691689 -0.0267264856575469 -0.116087088483937 -0.110037505650693
0.0115562519984207 -0.0160181877236496 -0.104093818265681 -0.113102197516926
0.0303402006633734 0.000532851763350316 -0.10404537105272 -0.126303390804401
0.0342855435650303 0.0378606540828366 -0.0707816813565902 -0.175707098476245
-0.0162597546501583 0.0731265449981467 0.000375323720229065 -0.222377678831339
-0.0749521461519025 0.0381116183432391 0.00281130613862046 -0.246419694241991
-0.0926534542965732 -0.0156259719972376 -0.0584188035787827 -0.279154530872175
-0.0960225223870304 -0.0858361803761377 0.0225766229711321 -0.212754977122437
-0.0707519417546977 0.000651761260720214 -0.0275407615742407 0.01581729241431
-0.0441430214509299 0.0382994751445999 0.150917659887955 0.0886024334841592
-0.0158468703614208 0.0302960525006896 0.220288243646872 -0.0537559929993083
-0.00215319778212507 0.0280641913149532 0.146026412536901 -0.209887706585195
0.0123906439742932 0.0320225196763583 0.00199292437751574 -0.249136775049579
0.0334832355762387 0.0288279371717104 -0.102680841942076 -0.194592087197403
0.0421582184956309 0.0227512985666963 -0.133267525989676 -0.123318353587128
0.0423923132401787 0.0352178970546961 -0.11754239317129 -0.103713069968924
0.0149152407075691 0.0504970641932643 -0.10387016518997 -0.0966555910221064
-0.0061508587323386 0.0665928345000716 -0.108857148984591 -0.106480346447428
-0.0576317479410275 0.0632793526684397 -0.09077568395018 -0.149427419677324
-0.112607018385108 0.0312767118689505 -0.0282528974011987 -0.198701822115894
-0.122944278364212 -0.0584377930830975 -0.0325602737826468 -0.226424642986811
-0.10428903829817 -0.141865588925827 -0.0744769153544943 -0.252593345491722
-0.104328910393249 -0.203215613349452 0.0423687221890312 -0.153563630654463
-0.134410662623666 -0.104973139181374 -0.02462589210273 0.0639725043972936
-0.162821243809095 0.00298398522110332 0.171312490272683 0.146524644123076
-0.116364327395339 0.0760121754158517 0.261711783073316 -0.00950053809051244
-0.0304333718934279 0.113220668981743 0.186981500061711 -0.199294905057905
0.0257588250677489 0.0987131167393806 0.0280408145635584 -0.237453248313595
0.0684020811821431 0.0886240045810836 -0.077536597789876 -0.181527364430111
0.0895179019244102 0.0729728449581216 -0.111592608850808 -0.104473340523851
0.0879173042795359 0.086071841881531 -0.10183052742592 -0.0761210294266818
0.0311124581270073 0.104795380636876 -0.09558400026372 -0.0582931621059844
-0.0182185081770281 0.127331494009295 -0.11578064382773 -0.0657649164877843
-0.121217381299535 0.107183647651504 -0.117802156281669 -0.109189949955375
-0.19510274454071 0.0254204734018417 -0.0643427935815246 -0.168859348266941
-0.174485877775229 -0.120547645074984 -0.0621531629355814 -0.19370767642642
-0.117506051281745 -0.238498281987192 -0.0824652461690794 -0.192724744105982
-0.0871413049823806 -0.2937422257007 0.0545894267890836 -0.0615796287050734
-0.165610586013207 -0.214288812642865 -0.0281821364251099 0.131694365286206
-0.263476852520153 -0.0591425052926007 0.169222882451661 0.216833753358852
-0.221034456737425 0.0939566539961849 0.281284580638899 0.0580379454278441
-0.0754377600827995 0.184669906809594 0.219491804930705 -0.156546517913739
0.0256339405111134 0.15986986607066 0.059393250844647 -0.195097863308648
0.0889594698641469 0.139305124864951 -0.0385776354226608 -0.143935831731277
0.123801002524964 0.112418451172416 -0.0738124775462348 -0.0700574038005682
0.12601821428922 0.118996802448841 -0.0704027706812873 -0.0327986141158166
0.0545475159367957 0.140626255387573 -0.07363986557698 -0.00727662788301271
-0.00974751475202089 0.171272689639484 -0.112782608015186 -0.0122948536488438
-0.15164885677195 0.150999571994039 -0.134584539942979 -0.0585619447440001
-0.246969926628988 0.0374257507904096 -0.0919400159828453 -0.130261264442905
-0.21197792881335 -0.148888894998204 -0.0712554632425474 -0.154379092360232
-0.121926980068366 -0.294717129535418 -0.075874293965631 -0.111353729822299
-0.0502968384975973 -0.335091958909476 0.05557344768575 0.0507561369332226
-0.150056934602165 -0.293373318765545 -0.0387010833648826 0.203937842180738
-0.3081084582774 -0.134290277790292 0.136503647552481 0.278091062066717
-0.294491293074489 0.0743782420011813 0.262322916618467 0.13309768189255
-0.121237240163753 0.218128307009678 0.227408232836725 -0.0850056727799579
0.0158926671450742 0.196321583745754 0.0835857241171791 -0.127142379621134
0.0938159262151327 0.169988668675397 0.00369980669056102 -0.0880321825437046
0.139058656163669 0.134525896732139 -0.0251237350673897 -0.0250841387542955
0.147161344968927 0.13591544464076 -0.0260480434082025 0.0153609778308811
0.0725792082143652 0.155910749130791 -0.0411688316765589 0.0471786423122098
0.00335843888185213 0.190679617221165 -0.0983425550877682 0.042450139372769
-0.157671113284585 0.170644007684347 -0.137399671341547 -0.00865307394602414
-0.264006358761104 0.0427681749529524 -0.104931931461367 -0.0923922301898798
-0.217937104755298 -0.159551642838147 -0.0602128439785135 -0.11710258247303
-0.106170366128031 -0.310938299701685 -0.0552479355525246 -0.0234748028201664
-0.00698987700397191 -0.312573183435687 0.0476312419319296 0.160891437102927
-0.0990292139793505 -0.310465451439609 -0.0522410219514594 0.262243743004435
-0.281655108477493 -0.182581915251161 0.0839202516823263 0.308292723872934
-0.305233005000617 0.0319551454783963 0.209137019277754 0.190122225839523
-0.145485038723756 0.204169609213831 0.203996338587201 -0.00471397587914923
0.00365728306544755 0.196858728970463 0.0956671510377822 -0.0471417525940603
0.085300126371408 0.171352570245411 0.0443812293973387 -0.023366120351871
0.134043809385903 0.136264671146796 0.0253894954960174 0.0220755809629358
0.145442119443116 0.134882757793906 0.0221337051812618 0.0637969685944993
0.0775380799884239 0.153059427089527 -0.00595145988056197 0.0975563659927937
0.00883005749673732 0.185220694278479 -0.0804574580218467 0.0924945947755537
-0.152353209456574 0.161223376877351 -0.13162438267423 0.0314064405806542
-0.251002526426867 0.0292762865782501 -0.107187430431656 -0.0621221714411317
-0.189908309695431 -0.16346824816259 -0.039146808942398 -0.0849266650449148
-0.0670276697323363 -0.290501905529718 -0.0316246829137072 0.0591567863603528
0.0293291756122605 -0.230843223570008 0.0369266420915202 0.246626008065559
-0.0374790372207482 -0.259767340487285 -0.0586354426520285 0.295791243353517
-0.20347165443975 -0.178570513495853 0.0335951801396026 0.302049274483363
-0.250544482411794 -0.00505567949737719 0.14447338022121 0.215116720598034
-0.132169746529997 0.157111716622516 0.163399388844754 0.0623765555450597
-0.00278084100525653 0.162315482242672 0.0962892883167158 0.0261954609454357
0.0665251992439761 0.143342128626764 0.0773306740173938 0.0377296095405752
0.110122944756033 0.117033314246164 0.0712008994420082 0.0636085598321871
0.122211295449549 0.115052279309445 0.0648448817483198 0.107015287485871
0.0671054172582281 0.134156776234198 0.0237117803558169 0.143461985849756
0.00443768750358725 0.160234800596865 -0.0674609504736717 0.135305646612648
-0.138912074892764 0.12789207570771 -0.129260424019987 0.0608475621035737
-0.213994030217855 0.00193293254122766 -0.109628901299572 -0.0413699677011627
-0.136350872670007 -0.159023438119612 -0.0193489055959002 -0.0569481824864084
-0.0126176265484442 -0.235665409464317 -0.0152190589256454 0.131248915187467
0.0568262789695936 -0.10691649990814 0.0309340714526668 0.289231847442385
0.0182112648382397 -0.156268594046816 -0.0474493774042435 0.297235277807958
-0.102080886537237 -0.126807869910021 0.00153175941037623 0.27002825727383
-0.152565504579162 -0.0221940863014409 0.0942904470498801 0.211252779857789
-0.0892513350728638 0.0905358683812581 0.125374900827612 0.105275045201658
-0.00274583901559072 0.102761058188401 0.0951646137219212 0.0775549434722787
0.040323258654227 0.0912653238249122 0.100689537246196 0.0821187986981487
0.0695901192718981 0.0788349540169151 0.105792863038017 0.0954072332484014
0.0803608130811143 0.0808792477549182 0.0984107507764292 0.142232143241808
0.0467786676152516 0.100668804561517 0.0401561856328036 0.1799988938221
-0.00412066153485481 0.117784446133782 -0.0687751519304468 0.169083042768232
-0.112489926387503 0.0806714690551751 -0.137485084610991 0.0780612881561758
-0.153464680356893 -0.0257810507282685 -0.117123961660097 -0.0314918506921941
-0.0670131119365655 -0.136253369030848 -0.00719260503323662 -0.0344255318505863
0.0447675537764007 -0.152154813437556 -0.0133568940337803 0.186578817848302
-0.0651158408822486 0.0386725731393458 -0.00785400126072859 -0.242838103697335
0.0110144022696111 0.0824391258965264 -0.0336260396589039 -0.00470136087547837
0.0684609289839268 0.0458413958428423 0.132485481354635 0.0523995282103898
0.0604120969176161 -0.0285700663492231 0.182493319429523 -0.0815470104275879
0.00550420863128873 -0.0515631943896372 0.107353777703555 -0.209237948666069
-0.0121846412342807 -0.0306159382677555 -0.0261798439362093 -0.246454288460266
-0.0111532322689168 -0.0311720421083795 -0.123200850350187 -0.185636349069506
-0.0121427956527145 -0.0323028569847717 -0.14474975705451 -0.119791544268446
-0.00282988779196628 -0.0270616408070558 -0.127197277938213 -0.107420406221914
0.0119249610579695 -0.0169936249798244 -0.115386493359136 -0.112274236801634
0.0313811932280125 -2.82712794921508E-05 -0.113527225436094 -0.127172839817763
0.0364963083269524 0.0384535294896012 -0.079917893943879 -0.179694162699076
-0.0133474867782546 0.0756188547548825 -0.00695420733079877 -0.232790250900583
-0.0766240202066326 0.0421269631112833 -0.00374523703200372 -0.256160634978838
-0.0964659776629851 -0.0118981690430292 -0.0694355549709331 -0.288423822635633
-0.10289839510232 -0.0866587051922587 0.0154560516167672 -0.220010746617993
-0.0740595892735936 0.00197733392795335 -0.0275163682531777 0.0198381497644617
-0.0451126431610434 0.041312304172105 0.161404604364701 0.0882140620066936
-0.0167876225640181 0.0326153735873116 0.227594425533796 -0.0632669886995347
-0.00142979248341537 0.0306499510378717 0.142748736826488 -0.225168300335753
0.0137444862851222 0.0328590947598452 -0.00956429744156921 -0.259352596480876
0.0365528809279297 0.0283885153248691 -0.11500052664337 -0.19618578037003
0.0454265240154269 0.0214340572056755 -0.143134238845283 -0.119215659873716
0.0464456668841106 0.0338217245284859 -0.127749524960603 -0.100947993050276
0.0177464486102994 0.0528414959603074 -0.114526666188007 -0.0951063921098574
-0.00346987516378022 0.0700790404299105 -0.118390289306419 -0.106001589489428
-0.0585444879783091 0.0688364564118139 -0.100006502374883 -0.151180061296934
-0.115863674061312 0.0376559282796447 -0.0368323481425333 -0.208227100828278
-0.129836497645232 -0.0572315555449469 -0.0411837919757001 -0.233578042199656
-0.114563209365315 -0.143187089622182 -0.0859923565025218 -0.261661037782507
-0.116498470449145 -0.20712943041451 0.0382667924690235 -0.158840923373607
-0.143810765836547 -0.105084889071088 -0.0234012571391473 0.0697499871743356
-0.1691057478465 0.00955699683812485 0.184370436049693 0.147048177105905
-0.119164759378633 0.0837285850303733 0.272263026666108 -0.0181079587252516
-0.0267129479178955 0.120405418170432 0.185239403855437 -0.215862092168497
0.0307179817998471 0.10250156398237 0.018990550808025 -0.248643023466265
0.0762035827466025 0.0900527671707068 -0.0874008045555246 -0.18373653957039
0.0969129287641594 0.0707598781512946 -0.119779612585843 -0.100607806060286
0.0959068763184681 0.0837175575105624 -0.111032741981297 -0.0724760687629796
0.0375973143653956 0.108729226158397 -0.103661800169231 -0.0553915400152884
-0.0131031156322363 0.133335958543528 -0.124291940171849 -0.0623880531060819
-0.122588377900599 0.116915423739802 -0.127087183560453 -0.108045092824214
-0.201753703356138 0.0346941762879846 -0.0738604708936701 -0.17434253131913
-0.186685417169582 -0.119052252396832 -0.070422062132739 -0.198203735367436
-0.132217704137552 -0.24283379423076 -0.0922784480346025 -0.198110027059596
-0.103495273527805 -0.302138502699036 0.0541236668491765 -0.0629544928844168
-0.179878001944528 -0.217386916483947 -0.0251270961903659 0.140046950520443
-0.275186140153899 -0.0512319768984829 0.183458862304368 0.21950806216623
-0.227355307663162 0.107727101865254 0.294959806239625 0.0517189512456848
-0.0700894426106409 0.196126269402574 0.221076495513246 -0.172347671449888
0.0337434522432005 0.165755752325667 0.0539483983546265 -0.205803138149585
0.100244858420136 0.141697603399828 -0.0465179953115872 -0.146876593897842
0.134467394951489 0.109718199840131 -0.0789092263902555 -0.067385910150269
0.136868298210937 0.116431525269632 -0.0758842587312372 -0.0296020969592432
0.0625674747957854 0.145056067525168 -0.0783376527422797 -0.00341127395685167
-0.002612023463484 0.178927178613078 -0.118997331644949 -0.00670992057753306
-0.151779339856693 0.164103686516567 -0.143765835974226 -0.0541545123291991
-0.255468079837538 0.049949329127203 -0.101922555527517 -0.133724877811995
-0.226827108882969 -0.146523552718588 -0.0787082521786224 -0.157324959694102
-0.140220812490731 -0.301922530616327 -0.0824887170891086 -0.113248193813696
-0.0670510536255266 -0.346019540659531 0.0592394631878196 0.0540989547480645
-0.167482917989894 -0.300237926013272 -0.0345363362433904 0.214417095383289
-0.323857136897319 -0.124820181502243 0.151827581252819 0.283982956436758
-0.305217927625432 0.090458361541555 0.278703853684753 0.131075680204469
-0.116198235224393 0.232749754104558 0.232294018666414 -0.0981509120875364
0.024933346071262 0.203665410674143 0.0822853039560669 -0.135513120983287
0.10624333124065 0.172852864066234 0.000963278185640209 -0.0908405389975
0.151817667564701 0.132000063496243 -0.0267757456259313 -0.0240269056518836
0.159676760596515 0.132115512270511 -0.0269632012159843 0.0182413220394704
0.0826811464394826 0.15938905640129 -0.0411467430433252 0.0513270647140008
0.0120383351065607 0.196991589174005 -0.101400776223327 0.0497410312380661
-0.15733847095373 0.185347091901114 -0.14392835533004 -0.00321368782863454
-0.272343850573568 0.0574412966442051 -0.114668479107129 -0.0935798497567711
-0.233945768529182 -0.156600547770152 -0.0669176878155443 -0.119185915139702
-0.124827238305053 -0.31928547033925 -0.0580049184195874 -0.0223793865667164
-0.0206355529040731 -0.323934802700449 0.0539369286821357 0.168609313155382
-0.114376478177482 -0.320912781122569 -0.0465834856538556 0.275437089341659
-0.298249284451157 -0.177681196521185 0.0970953302764196 0.317677672894132
-0.316872247403264 0.0455348530793723 0.225262383865851 0.19197091977423
-0.140003117441624 0.218897023916947 0.211491257563474 -0.0143310153979587
0.0123652773113226 0.204283446616018 0.0989465483252789 -0.0523463281023478
0.096472573165315 0.17508559421682 0.0451271572596891 -0.0252097945746806
0.147179041760456 0.134308472889579 0.0272520827684178 0.0218044367259303
0.157998835083187 0.131067859320916 0.0252202096337643 0.0647456207554762
0.0870491763471914 0.156150485338458 -0.00121519625398731 0.102524207622147
0.0176547159803925 0.191025302589599 -0.0798300156376476 0.100084368391685
-0.151898261716025 0.174056328609959 -0.137086527295398 0.0384719860265285
-0.259126186819048 0.0417930005907567 -0.11685796249309 -0.061496756742393
-0.203996768539185 -0.162122305310079 -0.0450936283140503 -0.086588527173274
-0.0837991534346726 -0.299140201447587 -0.0297847816579429 0.0619314522284579
0.0205408720954622 -0.240638784741823 0.0450865401206078 0.257339680330882
-0.0488324687410217 -0.269534606134826 -0.0509232493613336 0.309744658777715
-0.216427558592007 -0.176918623813594 0.0440211915025582 0.312917935171451
-0.261299816759221 0.00511919862777065 0.158550903112455 0.220077610901042
-0.129024403212708 0.168702903435869 0.172032585758474 0.0577355035591349
0.00477454804961005 0.1678288326085 0.102766870006138 0.0246416931910473
0.0760667515337547 0.145865418294049 0.0823305537417722 0.0348381989258425
0.120099012391464 0.115418839038037 0.076332522212359 0.0625749014610778
0.131978588269465 0.112393255274948 0.0725942112045837 0.107308129047765
0.0763974576831984 0.136743082321434 0.0313153399073498 0.146499169873318
0.0117413939764243 0.165551722142526 -0.0650215033555204 0.144034439988003
-0.139656505754068 0.139806483085008 -0.133070308683054 0.0686662775007697
-0.221101252499475 0.0123137539704312 -0.118127818784685 -0.0395238712893743
-0.148026620868774 -0.159114256875181 -0.0228639303021284 -0.0580523931478446
-0.0243832699053667 -0.244842105065675 -0.0105534996591945 0.136898644672279
0.0539760527751004 -0.112569645398806 0.0409275837291033 0.301507802083883
0.0126779867222709 -0.163633232090164 -0.0397700325497045 0.311912401125067
-0.109383833992939 -0.127040389602026 0.0105047243106118 0.280560358879874
-0.159289114143984 -0.0175760341206179 0.106014679151053 0.217322941464487
-0.0867038045069436 0.0974995392648771 0.134619156816563 0.103707887900556
0.00242631248629803 0.105665098056152 0.103334302061849 0.0775711861337861
0.0462448724402341 0.0925538937728092 0.108475249253778 0.0804547088196331
0.0762595081259409 0.0777762092064555 0.112355197374511 0.0934694927882859
0.0869344275548928 0.0785462841867813 0.108538856205016 0.141615089628884
0.0533260979001393 0.101059873879044 0.0506773964220739 0.183595740262062
0.00126854532470876 0.121925211693885 -0.0632957475828362 0.178643315737498
-0.114315718936088 0.0887374604714591 -0.141211573924082 0.0870397625805596
-0.159465743487341 -0.0198067051372577 -0.124512376635279 -0.0290435563403742
-0.0746874826848992 -0.138741932180694 -0.00921710287114969 -0.0357990205837631
0.0390966875158037 -0.159284894996584 -0.00582362773202692 0.193879729085725
-0.0642927808752388 0.0426085278630468 -0.0215729022847032 -0.249116388566084
0.0158719827668146 0.0828510243652444 -0.0339016060946646 -0.00130845784849376
0.0705548557960524 0.0426395941146747 0.141405392258165 0.0488352152999669
0.0599421203618633 -0.0322676450451723 0.183987319661261 -0.0940119369622839
0.00221126624501584 -0.0517743299203226 0.0981029761364106 -0.223436173530923
-0.0143793237529839 -0.030418099290108 -0.0436532671944558 -0.253582134717904
-0.0131919120960579 -0.0318942545746012 -0.137193534708977 -0.182678063184225
-0.0145362628695865 -0.0314882882594381 -0.153532597127201 -0.113599020899526
-0.00460081573527034 -0.0284451822330065 -0.139210098838364 -0.100584218498558
0.0122471869855868 -0.0182017230155675 -0.127111322149488 -0.108092528595338
0.0332076444526992 -0.00161874468361112 -0.125255952674383 -0.123653628858617
0.0393848935223344 0.0373345640752187 -0.0915682063461858 -0.179967050725853
-0.0102832750769262 0.0778418923125135 -0.0185607457487935 -0.2399485310452
-0.0755494144148832 0.047165963502792 -0.0139751740017722 -0.263332453251747
-0.0981464691923143 -0.00708168943292232 -0.0856772996290801 -0.295330037910722
-0.111944952654493 -0.0835635258332777 0.00432244633137213 -0.225296390485984
-0.0766195053223018 0.00514198989333112 -0.0264172581344832 0.0232866583564287
-0.0450554511160472 0.044371623803056 0.172705373729959 0.0837760541099042
-0.0163365997930231 0.0350137371968596 0.231084446946876 -0.0770973854182243
0.000175254394658361 0.0323999581798061 0.132583023106663 -0.240552944060468
0.0161520361611655 0.0333582316567653 -0.0267673390040293 -0.267765151094542
0.0405359051448927 0.0273930463113751 -0.129667140533175 -0.194015350387544
0.0481740431376189 0.0188415244026542 -0.151978890863334 -0.111594045407446
0.049628094037587 0.0313479688434803 -0.138942387985479 -0.0941029717689334
0.0219031226937193 0.0541175535497987 -0.124887339596543 -0.0901315445606365
0.00130114226715351 0.0731979740155639 -0.128576839881814 -0.101538769676982
-0.0576145685899926 0.0745034359616024 -0.111766306235831 -0.149187105792656
-0.116926225803392 0.0451853920045676 -0.0477510737973656 -0.213184121978518
-0.13604128441709 -0.0516371666126981 -0.05181527267803 -0.238218975871244
-0.124335323921917 -0.140778664339306 -0.100774346494143 -0.265791748235192
-0.132240014065398 -0.207105357639092 0.0303316326143892 -0.1633305838627
-0.153992396898309 -0.100976437384068 -0.0202462748751702 0.074133205975558
-0.173113625963202 0.0192597665388372 0.197753465489824 0.143000451312131
-0.11941355351824 0.0940083612161221 0.280047597212375 -0.0320465743008571
-0.0202082714834472 0.125703942961756 0.177119486136116 -0.233194586448167
0.0372805609335337 0.104341294749582 0.00452164517721533 -0.256948299413585
0.0844787819372182 0.0880057861879402 -0.101106669081234 -0.182470674012491
0.104547297035643 0.065900004433155 -0.127452876927311 -0.0938806370560818
0.103892446198816 0.0788957628832428 -0.119019103380227 -0.0651836077349221
0.0454410337484094 0.110607301339937 -0.111935999790826 -0.0496858715444347
-0.0045933595540049 0.138230441197718 -0.132754196602057 -0.0558559888736071
-0.120272621825902 0.128621748408359 -0.137604506287788 -0.103135613862359
-0.205321876271031 0.0476977912808737 -0.0864373038067649 -0.177251432002968
-0.198430211720706 -0.11217409237849 -0.081026816297909 -0.200273210120594
-0.150163900579315 -0.242716215722935 -0.105362227499316 -0.198879150718616
-0.12420907376978 -0.304335504779866 0.0527001074319099 -0.0641893833202912
-0.197503787851552 -0.214799501350409 -0.0183192070100256 0.145614404025561
-0.284497376038761 -0.0372666345756671 0.200048804969325 0.217309813700617
-0.229190232066105 0.123459770538963 0.307168094391107 0.0395092913555528
-0.0600814976563535 0.205817737285064 0.215781793407514 -0.190064602123139
0.0442619218626946 0.169072181825176 0.0437386289539289 -0.214830140264568
0.112553005511603 0.140195461424886 -0.0561818680090196 -0.147657939876996
0.145401278534566 0.102285558280014 -0.0835619319140233 -0.0617036846705996
0.147859303075714 0.109058943926031 -0.0800772427180705 -0.0238463416355767
0.073276735470838 0.145858760616216 -0.0814899223316311 0.00265624211333567
0.00795791223442937 0.182908800093221 -0.124609589056719 0.00228972593189062
-0.147483578602825 0.178606505392675 -0.151486335703194 -0.0469959062683574
-0.259230146139532 0.0673677919835965 -0.113884015729906 -0.133573451761527
-0.242540601346041 -0.137950986589189 -0.0887869283481732 -0.157051949240437
-0.16272871305354 -0.301991299699262 -0.0907365529431418 -0.11266475834173
-0.0889318618995075 -0.350903788176788 0.0630517820408717 0.0552470888613894
-0.189394000927144 -0.301491920804957 -0.02377840013688 0.22348383018547
-0.338200520720395 -0.110196220327664 0.170290541089971 0.284305482854167
-0.311157829306267 0.110034034976319 0.294831624280799 0.121801896628324
-0.104746581685417 0.245622140993509 0.231152707082523 -0.114585592217783
0.0377678999680128 0.208881856892114 0.0778229214199998 -0.143238494151953
0.120690971509147 0.171665913771839 -0.00403870785263539 -0.0927360257413315
0.16498182326149 0.124635482146778 -0.0284308103489575 -0.022025668177681
0.172147724757504 0.123622857387882 -0.0276336655570574 0.0214744951134438
0.094459482842708 0.159753015107132 -0.039436699681984 0.0559761910344497
0.0237801596074456 0.201523962847164 -0.102004683320845 0.0593099252555604
-0.152278193512049 0.200768047771956 -0.149093057150699 0.0064174057112127
-0.275900439292916 0.0762203416315696 -0.125101476568417 -0.0916602778135676
-0.250510274924003 -0.147876486606341 -0.0751207087110621 -0.119138434196141
-0.149680325990596 -0.320614283752904 -0.0604219453326125 -0.0201645585160078
-0.0410918813354713 -0.330629877546177 0.0638753022016021 0.174644835351907
-0.135013297316417 -0.324648252954424 -0.0332915266695766 0.286418888791994
-0.315839264626889 -0.164792699176538 0.114844220023421 0.321556482683221
-0.325221329727444 0.0652104671461728 0.242274211957183 0.187168318387096
-0.130112191111241 0.234187877488182 0.215567186876132 -0.0262536819309589
0.0257174243318241 0.208196874195891 0.0993720573643848 -0.0585661439740337
0.111344271153463 0.17369029408328 0.0453540762386039 -0.0284552394168307
0.158755438955092 0.127559278768067 0.028974065558957 0.0212487938237688
0.170310305952892 0.121986436613849 0.0292576797799429 0.0649137863851739
0.0996149046924918 0.155070558603152 0.00474407437861283 0.10566192122201
0.0289828875175948 0.19425985919959 -0.0772047971080369 0.109887268110045
-0.14660176756155 0.190160222193735 -0.140247483457608 0.0489579194960148
-0.26327167943503 0.0602259729635211 -0.126271607233754 -0.0579961537416577
-0.219547734488312 -0.153750223280135 -0.0509893749392677 -0.086013955244838
-0.104666729154584 -0.301323435763044 -0.0265202951424465 0.0653971669658015
0.00683503433391468 -0.246777333924619 0.0590098103095498 0.265491418736213
-0.0645166089556331 -0.276061690602069 -0.038157972768648 0.323176288368187
-0.230729064911716 -0.169150497260576 0.0598715711410171 0.319325593642314
-0.268655516391601 0.0207788485866383 0.176304589946413 0.218675945070687
-0.121175107700794 0.180162461003461 0.180088447444619 0.0492919696547303
0.0158162218542598 0.170941291640216 0.108974639714224 0.0197389318873984
0.0873423105787406 0.145121523307583 0.0870082258469955 0.0314512816877996
0.131085971774143 0.109385825242648 0.081125304008852 0.0590470555482309
0.142695431811305 0.104998729767479 0.0803716311458645 0.104685078105442
0.0867307964364463 0.135909684008732 0.0419969159732548 0.148694027709704
0.0215302718564376 0.167992719366022 -0.0584886777251959 0.152811614666785
-0.135556889676431 0.152174802526386 -0.135218884814674 0.0789366361940469
-0.225899474777964 0.0268544289559194 -0.125507087735011 -0.0342331515045479
-0.161449556798578 -0.153893557558721 -0.0270725407732957 -0.0580890970318858
-0.0406003507631614 -0.249355906446152 -0.00235147013229163 0.140971357289731
0.0486932580835943 -0.117675644494285 0.0567034283630112 0.310286214449731
0.00423659206633399 -0.169678067071179 -0.0270893307269134 0.32395198467481
-0.118334714469247 -0.12380703370484 0.0247429777180497 0.288781748662201
-0.165148391140157 -0.00886091845195006 0.122283693907519 0.218161365329637
-0.0819347268493156 0.104758652612652 0.144698509355668 0.0990061345027523
0.00928902978105441 0.106286437599677 0.112513618389983 0.0743152309832016
0.0538013660479614 0.0916914910907441 0.116162083276288 0.0749127673834164
0.08337999167663 0.0739189637188938 0.120050648390626 0.0870658276224856
0.0937738370958472 0.0743809443843894 0.118271805779209 0.137096772559803
0.0609115139158474 0.100630913148879 0.064047119099223 0.184644099043032
0.00828651844755663 0.124075249916046 -0.0552177638924867 0.18794080378637
-0.112141840889722 0.0977201668570314 -0.141499339641187 0.0978227584611289
-0.163814574747912 -0.0104387747584023 -0.131585418857607 -0.0234544973606335
-0.0843065439461777 -0.136902909497123 -0.0116509717860045 -0.0368173344961388
0.0294988341474604 -0.165385662898644 0.00645381912191624 0.199338311146682
-0.0597638443614113 0.0477251956318381 -0.0614748419667075 -0.243656628598932
0.0290691147239271 0.0784676763200367 -0.0367309223048463 0.0049345596721655
0.079159661652811 0.0281513726629028 0.14565461372835 0.0282653874886399
0.055252925106331 -0.0459182863380628 0.168319174160699 -0.119151195214414
-0.00711271482988715 -0.0554823782947063 0.0620278812254933 -0.237436726593687
-0.0239008738891174 -0.0327947383904151 -0.0848294056489348 -0.242005117873473
-0.0228541046527618 -0.0308232689723459 -0.164890862280776 -0.156753435199478
-0.0221628047331913 -0.0280513196129475 -0.166707265994711 -0.086463450481736
-0.0109194367274982 -0.0265067379502267 -0.153667821664157 -0.0793446682034023
0.0081233757700621 -0.0181450929808792 -0.14461681881461 -0.0892728616976401
0.0313234241530442 -0.0058084776060805 -0.142784851986493 -0.105360305562775
0.0425570095732478 0.0329245249443277 -0.115215512456404 -0.168397620039403
-0.00133864149688041 0.0808135591230859 -0.0492623065194435 -0.241498693346519
-0.0695108265639566 0.0602217713292336 -0.0451811252802325 -0.26237588710416
-0.100621884382079 0.00777015518613703 -0.119739634355412 -0.282199883658926
-0.128932251774509 -0.0675467794387858 -0.0262274062497972 -0.223172561154425
-0.0759711125211592 0.0189440181990482 -0.0209342663734986 0.0255679638446517
-0.0341698946298142 0.0512444534643007 0.184432088110959 0.0529667401478206
-0.00719518195447777 0.0356504857641796 0.216373965211866 -0.115307328109465
0.00568443080677021 0.0267889867230763 0.0899287911259566 -0.261588474090671
0.0174591682530548 0.0248759607945281 -0.0729137250819468 -0.259321303453091
0.0432612948593037 0.0186986635925507 -0.161891701924137 -0.170442999272258
0.0473392828204093 0.0114460396349758 -0.16619068270087 -0.0834536504472125
0.0533057337101815 0.0230648138499272 -0.153382434803342 -0.0706698998668945
0.0316010526689782 0.0520624441048322 -0.14054703987293 -0.0728138228411973
0.0127872193759264 0.0738400364379791 -0.144104167295443 -0.0832156085980117
-0.0472275067716732 0.0880819424407381 -0.129194319446861 -0.136552716711478
-0.112145268395859 0.0659884810371341 -0.0738535771280457 -0.209025639483317
-0.144714090739553 -0.0288893632895328 -0.0820719752473599 -0.228788174733441
-0.147899615238799 -0.121806951937204 -0.134397824103866 -0.247303147046391
-0.171255794454511 -0.184584736440779 0.0162582124691737 -0.16311517796413
-0.171750240423192 -0.0710403339680968 -0.000213021119819915 0.0730036338507044
-0.164550502319421 0.0500102624575136 0.222277370008931 0.10086287331071
-0.0966296023354208 0.112801444486738 0.2724713515214 -0.084393833463515
0.00242913551665592 0.121383847858546 0.130534208594767 -0.262799063943591
0.0500644645253499 0.0912983293446415 -0.0422433177948878 -0.253353841137213
0.0994414636272467 0.0716641331980946 -0.134491380552799 -0.165117827455207
0.110969497721154 0.0482644266049488 -0.139833506734104 -0.0691920198950746
0.115525547618738 0.0603902265737168 -0.129729188671578 -0.0445383816588805
0.0639431182574448 0.105238907775958 -0.12143908640625 -0.0346906323847678
0.0180930912737082 0.139826986657133 -0.142367566029203 -0.0381203227540685
-0.100465485412281 0.15322158455432 -0.148900011770799 -0.0880929105407254
-0.198498794105179 0.0829932182581486 -0.105067589441198 -0.16668357700233
-0.216047669730911 -0.0789431922165705 -0.108326079636999 -0.18439959722438
-0.187864279648424 -0.220219747817898 -0.132691316343996 -0.178133075070133
-0.178679739338144 -0.280751490006327 0.0563881685980359 -0.0671511663103512
-0.234055642759713 -0.173301662348908 0.0191766007108596 0.14413582785168
-0.283855758587027 0.0156722546095569 0.241643748526904 0.17019062583098
-0.199744801032705 0.164332974629047 0.312733108626897 -0.0234192048989319
-0.020965115609242 0.207674486179618 0.172881062048712 -0.229313953764932
0.0695494353014281 0.154310712034374 0.00189314319645868 -0.218705909286393
0.138039578295435 0.119751480128477 -0.0854090451186407 -0.140333871083928
0.157861912926152 0.0776933755421332 -0.092716292205277 -0.0445663989530122
0.165730639802176 0.0823538703599879 -0.0850231857755602 -0.00963857952939624
0.0989897573212631 0.135572128137456 -0.0846327337479434 0.0130827406833097
0.0394992614510452 0.181616963497748 -0.12637933786513 0.0177831541089702
-0.118138261558737 0.208231927784159 -0.155274981865416 -0.0309388450959999
-0.247709387395425 0.111326150139035 -0.126256526966304 -0.118227768250214
-0.263387490716633 -0.0974982861088723 -0.110245100828125 -0.139238463151791
-0.2098305385233 -0.278125936679776 -0.108819715121865 -0.0924655897298495
-0.15144430737523 -0.330255705260169 0.0877482958106279 0.052629492719912
-0.239949455241636 -0.25915933150398 0.0290726476104739 0.22359542342497
-0.349619479271012 -0.0467210378842027 0.226550446441964 0.239989200420855
-0.281773383596865 0.167326946766644 0.316825028333581 0.057052774374809
-0.0561382597966625 0.255167837518821 0.199580114549868 -0.158929146935347
0.071813176376086 0.19471740523334 0.0465662628420077 -0.154082691957378
0.15331272868866 0.150556771025606 -0.0255429886750724 -0.0957764212471809
0.181739560851267 0.0952801038655233 -0.0330614536842231 -0.0129209657325756
0.193243902579013 0.091585895576392 -0.0256791167871946 0.0279094719875962
0.123386189669142 0.144692089183499 -0.0348024379061331 0.0604689286714676
0.0576291211000881 0.195879091533557 -0.0966808861916144 0.0717364148933105
-0.117805566313944 0.23083642739571 -0.146659458043638 0.0212495073178676
-0.262470156514528 0.122395119697359 -0.132044918196616 -0.0747467603059843
-0.272301780384265 -0.105454096671633 -0.0927146931461543 -0.101416297864734
-0.198811188915667 -0.298133273760939 -0.0677127884374812 -0.00394654091412011
-0.0973918061462434 -0.316594147552507 0.104164026683262 0.170174624710553
-0.191049118385121 -0.290515948339142 0.0288532932703873 0.290843667523349
-0.33537571518824 -0.103868964308523 0.180150011853286 0.28797250394919
-0.305872382625945 0.127258026726615 0.278981617852565 0.130830962179792
-0.0833629184734672 0.249288514326644 0.199832104333338 -0.0706214380920213
0.0612512934749642 0.1979491093002 0.0823856794808815 -0.0740241879563744
0.144746824371263 0.154313570330213 0.0346561817595923 -0.0408258752087598
0.177337455697194 0.0986924111972965 0.0302876583311018 0.0193560900490662
0.190871695753295 0.0907126681173985 0.0371099256772313 0.0621751485197126
0.128074044148491 0.138484145756114 0.0162345506358451 0.10253977387597
0.0613475075777458 0.187671075471266 -0.0643003119234184 0.118817920075512
-0.113220474033498 0.217370341030203 -0.131980030690026 0.0631669651828743
-0.250352691182781 0.104204621393983 -0.128924806663815 -0.0409898168098697
-0.242721051846834 -0.116968657773602 -0.0645732694013057 -0.0724185491612812
-0.151418922714116 -0.285853087326593 -0.0238720217644737 0.0757960749952547
-0.0340522073203326 -0.241406276737165 0.108454265909564 0.260843856434705
-0.111362877567214 -0.253936919618976 0.0273899956451379 0.329227041345219
-0.254174556707282 -0.122472985759798 0.123319860377715 0.298785956850071
-0.257896363026984 0.0735468085507528 0.217241888644325 0.17602863787842
-0.0831412564256236 0.196819946754853 0.179780834125007 0.0117419017838717
0.0467891530681135 0.162981078956783 0.106500812371838 0.00147470610393701
0.116976015219724 0.129638747307595 0.0872191252223789 0.0116801571232486
0.147673756952226 0.0854770304708996 0.0863951913709952 0.0476998095895048
0.1613323875463 0.0790616042870024 0.093596750761707 0.0930607850473396
0.112090682746275 0.120325792230656 0.0603270159958868 0.141157298462567
0.0510895326304363 0.162556312733754 -0.0388411338391798 0.158990189399211
-0.10852496225306 0.178169131515615 -0.123383535096732 0.0931827112478726
-0.217973263271194 0.0649158160026177 -0.126763066769798 -0.0168081279250653
-0.184355229857565 -0.126487452086294 -0.0381687730988923 -0.0499054348676573
-0.0780693406776325 -0.243958401817578 0.0106076966275575 0.144602923782846
0.0320632993213146 -0.119750311182778 0.107391541977638 0.303684329684628
-0.0234153447380639 -0.162315546632134 0.0333258143412059 0.329504427572301
-0.135054019669298 -0.0976620420669149 0.0786249500898908 0.278816256957945
-0.161666060828274 0.0252579719674751 0.162390765246801 0.190444797686004
-0.0579880755273998 0.117356932076242 0.157411079325165 0.0698950998430612
0.030302418502191 0.101188192291092 0.121520317739736 0.0544092260155007
0.0726267765073001 0.0810255143983704 0.124530986517458 0.0517650226480071
0.0955440691912262 0.0589910617276664 0.129032828510797 0.0676566631146445
0.108136827815509 0.0560649103684552 0.136288175221621 0.118750037202626
0.0805042343141666 0.088836743157016 0.0881120717340971 0.173774343191549
0.0305970841926757 0.121522394160653 -0.0301335342261987 0.193371618755145
-0.0945549405613503 0.119960931309686 -0.126813272433447 0.113867361333195
-0.162104714921417 0.0181907685980783 -0.132558379867281 -0.00422780573025545
-0.105082815155685 -0.12196847666148 -0.0201755416559223 -0.0322863263780786
0.00642645669367764 -0.17002627477523 0.0270798431922398 0.198510436862353
-0.0574724568431102 0.0484839271587016 -0.0702161278123882 -0.237762124702476
0.0311264494470024 0.0753726716528175 -0.036152906980345 0.00661033191417637
0.0774832479306411 0.0255139677547924 0.148283861491864 0.0240900326219362
0.0527422931289736 -0.0471387615339854 0.16268830748506 -0.123657656991975
-0.00971015875163105 -0.0532560651681864 0.0516502573628341 -0.23701880377088
-0.025187253976066 -0.030978312798305 -0.0966769130332826 -0.236458707800338
-0.0233687704369529 -0.0294977624688271 -0.169852588132856 -0.147362237373041
-0.0228781826122687 -0.0261377874574112 -0.167145835096891 -0.0784651431851705
-0.0120933675603145 -0.0256455502988636 -0.156304265741455 -0.0694501667429159
0.00753557987226392 -0.0187197794118132 -0.14872606098359 -0.0818556666077966
0.0312388816801462 -0.00711834582626065 -0.145163787088044 -0.0981484773517508
0.0426041907752093 0.0310262500884605 -0.118901014499494 -0.162743546510756
0.00123159584580037 0.0800760533191828 -0.0565338504212264 -0.239967225641624
-0.0651219726983994 0.0608419671420861 -0.0518261028392384 -0.258383835753742
-0.0985876241055213 0.010620438936586 -0.127114978324789 -0.277523244644174
-0.130315657374972 -0.062635840800719 -0.0333616391153599 -0.219182578095905
-0.0752190650006367 0.0209017688961491 -0.0192391490746468 0.0267093740489318
-0.0332864380879385 0.0519433424099518 0.186085303232117 0.0470761766844295
-0.00657209544100418 0.0357832149514603 0.212184773539419 -0.120477116312887
0.00693603073984717 0.0271162315240835 0.0775620557143393 -0.261957278245521
0.0181275795811127 0.0251344666483927 -0.0844092205059502 -0.253673295737387
0.0441206475007138 0.0161995039246403 -0.167516891074747 -0.160415174749625
0.0478558231158049 0.00918506040525953 -0.165548938790479 -0.0751537381206097
0.0536483893817983 0.020000813289747 -0.155021373928319 -0.0610631152216142
0.0342714263565791 0.0512806455226879 -0.143551419852528 -0.065110049314687
0.0163278641098532 0.0719625216770792 -0.146811661343882 -0.0762820264339689
-0.0450828748001087 0.0899785556058852 -0.132399219639705 -0.130034201450377
-0.108713840461023 0.0687336654325713 -0.0800847693598791 -0.206160175469855
-0.143856868477985 -0.0238287756975808 -0.0877928141888272 -0.224731792252692
-0.149892952994725 -0.116168250949329 -0.140959919535053 -0.241382138103601
-0.176972906566139 -0.176005578957867 0.011380961692083 -0.161366996122247
-0.173166137069117 -0.0641694571537532 0.00283601586400861 0.0730733556964524
-0.161407159142146 0.0547396965680006 0.224070588180328 0.094540571513178
-0.0930697967642981 0.116737953089912 0.268329233722888 -0.0920433461013775
0.00787119709861422 0.120318880811321 0.118034803157305 -0.2648211290377
0.0537430614949733 0.0894076809138192 -0.0528294934395269 -0.249393181301073
0.102436741496589 0.0662493476429976 -0.140360093551247 -0.157128976561379
0.112846090944455 0.0422243019724224 -0.139353229788613 -0.061492594218007
0.116676158046882 0.053949126527045 -0.130465711513742 -0.0364798945824394
0.0693475076411646 0.102112338019323 -0.122930531167835 -0.0279193286659666
0.0242821144056021 0.137619612508408 -0.143145592851198 -0.0311244993843644
-0.0940673184173362 0.157229013441555 -0.15045847815081 -0.0810293261004081
-0.193524759589774 0.0899714867769014 -0.110952834194314 -0.162205694108114
-0.21652954546484 -0.0712705808517722 -0.111922837952326 -0.179903598486281
-0.194262521545525 -0.210682021312262 -0.136834131950215 -0.172529327753689
-0.186784723307266 -0.270958591016725 0.0553026616599579 -0.0664122930262671
-0.2389599756021 -0.164008606597344 0.0239617302304272 0.142868286462701
-0.280443100014713 0.025321665915537 0.244686531666831 0.162037861544138
-0.193628787308589 0.171934015102718 0.311425419912731 -0.0328104810295261
-0.012301534532619 0.206304968749106 0.161065088472825 -0.232651538534422
0.075609532031251 0.150711056883445 -0.00694270149877918 -0.216746745785133
0.143912955416661 0.112039081864024 -0.0914121771868274 -0.134460938971177
0.160770397025465 0.0684429336396102 -0.0918144305200941 -0.0382870155973296
0.166851964750774 0.0730470464841896 -0.0842613497623232 -0.00361337811517399
0.104898235378416 0.130722911484782 -0.0836370088062583 0.0177272033575127
0.0464242801053101 0.17791279580703 -0.125610288334048 0.0241232297779759
-0.109073059342576 0.213097926304556 -0.155183024091442 -0.0243243434123575
-0.240458363022004 0.121097312431591 -0.130970200296702 -0.114248808441971
-0.264243581208454 -0.0864563706731948 -0.113895362384746 -0.134441453235407
-0.21846056370679 -0.266969892847177 -0.1100889355759 -0.0874802947088435
-0.161021805499688 -0.320875418590425 0.0898499000966447 0.0506709458658235
-0.248277063481583 -0.248522710227351 0.0363925047491852 0.220958024029473
-0.347627245174207 -0.0338538218967155 0.231510016612973 0.232821079075967
-0.274577049064461 0.178493010078628 0.317800904036341 0.0469490737277013
-0.0449886501038707 0.254425488714029 0.189960009951355 -0.163896464553242
0.0787551597059361 0.189880886862791 0.0415154744153956 -0.154379472138382
0.160342761814065 0.141738250410641 -0.0294982870421954 -0.0930950393221539
0.184457557218262 0.0854214009772934 -0.0315826517525406 -0.0106056572456425
0.194103547071076 0.0802453956776956 -0.0245318298470033 0.0300573994659424
0.128939751479018 0.138409101258703 -0.0323232704289214 0.0618893528430604
0.0653845858171877 0.191313586470789 -0.0940246360420187 0.0766589857402045
-0.107301228928485 0.235291325283312 -0.145350548639232 0.0282440785767158
-0.253791303786452 0.132847455605344 -0.134824199092917 -0.0696028474138762
-0.273250731690438 -0.0935019765863565 -0.0941774720289044 -0.0983063655356042
-0.208926267371478 -0.28649426210291 -0.0666356684798008 -0.00150537865736629
-0.108020386643803 -0.309391023843758 0.110223673963405 0.167158493569296
-0.200205378690892 -0.282217041372688 0.038464295421642 0.288032592278339
-0.334879245767165 -0.0915455245981851 0.186293086393955 0.280981958218942
-0.299334159381736 0.139577188688305 0.282556299187186 0.121542361261109
-0.0714628260180489 0.249717374209593 0.193901875458035 -0.0759002420357696
0.0685344365750621 0.192233035166553 0.0804591681127639 -0.0763302699818483
0.151694610884184 0.145698828654351 0.0325847317750168 -0.0420541365645959
0.180186957981137 0.0889545488146615 0.0305399931386466 0.0189298428714217
0.191668193115349 0.0793167829222672 0.0386585726248684 0.0609696851051919
0.132789242101102 0.131583411724598 0.0205858189864708 0.101104931846781
0.0681125096248452 0.183318722216227 -0.0593056680725487 0.120729886740526
-0.104161910887512 0.222290332776893 -0.129240327977492 0.0688532082067757
-0.242237724232696 0.113814964878593 -0.131403344437483 -0.0356935174853443
-0.244457613383643 -0.105392204257779 -0.0663478042440642 -0.0706991317587629
-0.161441940743152 -0.27629983233698 -0.0203416670257176 0.0758742952922946
-0.0425517016683398 -0.237026974632595 0.117353808559217 0.256763812841384
-0.119843350241008 -0.249058454690631 0.0373643606707136 0.326454061924338
-0.255536735603133 -0.112652759450866 0.130214743229539 0.292959818950904
-0.254572615627482 0.0831995937051845 0.222925032015411 0.168886099653678
-0.0736820791481994 0.197306890165907 0.17761114161369 0.00618668978352775
0.0522820377617617 0.158026265480308 0.107161249395082 -0.00279922470248331
0.121743605100593 0.12228350165847 0.0867544528539281 0.00790522839346298
0.150343501805322 0.0774121440136618 0.0869343700405128 0.0441378956079327
0.161960608376621 0.0696334844011753 0.0958963415961877 0.088288194181098
0.116210156140884 0.113839058926048 0.0658666059408212 0.136027196396227
0.0563311704321943 0.158119306857628 -0.0329119437868369 0.15963660310803
-0.100760939936358 0.18228425635056 -0.119152769361805 0.0989650062229123
-0.211937945913587 0.07306866493509 -0.127726946743886 -0.0113939593137816
-0.186186459670565 -0.117159761448347 -0.0397564110480446 -0.048886277996894
-0.0872261123096589 -0.237057748555114 0.0159525372308429 0.142548674514561
0.0270050337285919 -0.119510290047306 0.116176652947213 0.299742794639649
-0.0296320320922093 -0.160192756714833 0.0429201598252347 0.326093645038627
-0.137037158690864 -0.0919751299576238 0.0852536490329462 0.27503754956088
-0.159174563541895 0.0313226619210595 0.168690205898506 0.18376292409205
-0.0527585388669149 0.117220129433046 0.158592968818182 0.0638523676126826
0.0330303044152933 0.0969038861180333 0.124199267492292 0.049855547742078
0.0752768148891544 0.0764753363619495 0.125694226579759 0.0450878881475998
0.0970107443163748 0.0530879248836007 0.12913163400483 0.0617559702970336
0.108338507732498 0.0496203694926498 0.138587220502208 0.110598229337715
0.0831823212515302 0.0837995526013003 0.0952693040468026 0.166894827711707
0.0346525899735127 0.118368660350426 -0.0225001975507332 0.193077890096517
-0.0890517730615016 0.122809604076388 -0.122155529782805 0.118843021101688
-0.158540723446778 0.0244023159214849 -0.133191576753075 0.000926832904403598
-0.107679944091647 -0.115230424798613 -0.0214817356475216 -0.0324511657946766
-0.000392923432044643 -0.167845939366881 0.0347111459939182 0.194795559554595
-0.056858831013379 0.047922987363557 -0.0732914674737842 -0.235829787711185
0.0312717677489523 0.0746987980617847 -0.035814279000232 0.00721042566780577
0.07627974079438 0.0247226237727887 0.149408164025984 0.0229099390769326
0.0515649382786574 -0.0469674034282497 0.162131071392551 -0.124101101912393
-0.00989856119364218 -0.0515443985824971 0.0480722606441052 -0.237058181650894
-0.0258919829555554 -0.0292572589576296 -0.102103626075693 -0.233403837353816
-0.0239600060089047 -0.0294506396292751 -0.171673877053696 -0.143822287325068
-0.0231198833596678 -0.0257452010320147 -0.166632540523055 -0.0756510243626542
-0.0117697927730965 -0.0248763933862995 -0.156884999185863 -0.0656325312115439
0.00770576055441052 -0.0183589370691538 -0.151321518450614 -0.078847014360303
0.0314073872852954 -0.00810083185919163 -0.147125038308896 -0.0957363103907663
0.042046213847298 0.0303183788924722 -0.119621723098359 -0.161641098708388
0.00252002078620238 0.079207337137728 -0.0591894987696158 -0.240774089346743
-0.0633835062475351 0.0595937925269369 -0.0527469402723483 -0.25852031025098
-0.0970607734519769 0.0101467693058773 -0.128376858558062 -0.277265548058049
-0.13103529995429 -0.0613897798822212 -0.0349471787307198 -0.21712708078776
-0.0759286098294379 0.0213153543409259 -0.0191803138880476 0.0271772212945269
-0.0340693962613006 0.0531628608384394 0.187507161838564 0.0459037940345013
-0.00686913913013243 0.0368009989210576 0.21209674194896 -0.122157436108975
0.00797200495351037 0.0284606822318339 0.07373138914133 -0.262501602319686
0.018440116011977 0.0258696548895081 -0.0898056492223704 -0.250885872761959
0.0447672272565825 0.0144135942708138 -0.171088253313864 -0.156013962110587
0.04837271114123 0.00788155856801446 -0.164210991621689 -0.072367601941998
0.0540554826086229 0.0189955881030555 -0.155691159667051 -0.0564410837461714
0.0353092442722755 0.0512181900280836 -0.145679619734111 -0.0615056752035385
0.017698714020364 0.0714490374481621 -0.148135170000101 -0.073566952104192
-0.0440420210943387 0.090849624371546 -0.132783560359358 -0.128852672097051
-0.107267041946538 0.070449216282683 -0.0826055765409602 -0.207823714151378
-0.142515983628031 -0.0236136558753272 -0.0882446242189222 -0.224944219968828
-0.150079052612362 -0.11455437972464 -0.142013770776362 -0.240794228818787
-0.178079363170423 -0.174164451358189 0.0105464275786874 -0.159794936042874
-0.174180426280447 -0.062482776810892 0.00351722417671966 0.0730277265579049
-0.161897331640975 0.0570294926249315 0.225500229072806 0.0937369930569798
-0.0930220796841543 0.119407872419657 0.268715992707292 -0.0939915516210486
0.00950843196879454 0.120908099971252 0.113006255123457 -0.264803681158147
0.0549289610954251 0.0894700925589349 -0.0575835948763846 -0.247872560365786
0.10483272557261 0.0632736334802742 -0.142694446735346 -0.152786976635612
0.113621084265572 0.0397157662841586 -0.137125886571809 -0.0585930388982844
0.116233186870981 0.0508022606887973 -0.130394920090497 -0.0315074354679679
0.0713022162858964 0.101301806597726 -0.123831065643712 -0.0248630524969185
0.0266303288375243 0.136710140452888 -0.144026321697513 -0.027544407846024
-0.0918598381145391 0.159893410612289 -0.150730427991209 -0.0790816391069292
-0.1917293042941 0.0923556739179731 -0.113239769111972 -0.162668372935173
-0.216151949757795 -0.069199274724426 -0.112007816527171 -0.179195119205043
-0.196238867637704 -0.208385803920245 -0.137454859348612 -0.171333198794507
-0.189763022421984 -0.267650852557836 0.0557603734036785 -0.0652622815222687
-0.240911960357804 -0.16135610771534 0.0248015788727062 0.142461019056235
-0.279361768175258 0.0280952890217532 0.245621350037147 0.161532641804693
-0.193226185703689 0.175916520189056 0.313280768146995 -0.0338179244568604
-0.00912185084644426 0.205758395742483 0.155964987213903 -0.232709151171034
0.0775441009369708 0.149561446311273 -0.0101841254428419 -0.216077690322738
0.146640602440948 0.108019796116884 -0.0931835012082225 -0.130949980278434
0.161721734057873 0.0651757274824695 -0.0905530536925539 -0.0369229885911879
0.166974180120236 0.0687955011266694 -0.0840846103704688 -0.000371887614481234
0.107383319928893 0.129114675987603 -0.0836460007873646 0.0197161197864731
0.0496287976597457 0.177250633369433 -0.12537244732814 0.0271643533392007
-0.105581916105203 0.215454546444681 -0.156640859777964 -0.0213643949538574
-0.238510284952825 0.124377758790218 -0.132915430735317 -0.113387579709491
-0.264079569909987 -0.0828751844223173 -0.11384748671391 -0.134451003797482
-0.22120773582209 -0.263620357786906 -0.11017775920868 -0.0863712040582136
-0.163943782990731 -0.316694527605723 0.091742845376004 0.0513481354463549
-0.250471251873438 -0.246487236096329 0.0374920553208981 0.221017725159547
-0.346768947883709 -0.03081266101073 0.232615275768181 0.232228778785881
-0.274733872520413 0.183541375317806 0.320496903183656 0.0451210351822128
-0.0412821030227954 0.255278012049814 0.185913133026536 -0.164194247511821
0.08148607567507 0.187844558614966 0.0388611152829156 -0.155206099984219
0.163906469871461 0.137651242964216 -0.0316443149095964 -0.0911323570664571
0.186164891200576 0.0802630334911545 -0.0302813094097258 -0.00893850498492218
0.193290822166896 0.0752708167381155 -0.023475688191327 0.0320422716174685
0.13124325318489 0.13577677364304 -0.031175174803187 0.062017234529656
0.0678919809649447 0.190188935595934 -0.0929873817855002 0.0794004840220607
-0.10338216588964 0.237865468353532 -0.145177763071372 0.030577124077264
-0.250439928124512 0.136124098301349 -0.137674973936495 -0.0681117411964881
-0.27377447735175 -0.0899029022027243 -0.0953914427058858 -0.098086011618866
-0.212219994991018 -0.282336016010241 -0.0655902105617984 -0.00110662006748794
-0.111094343843006 -0.306849191676341 0.112100631297525 0.167901500150626
-0.203738508639697 -0.280658650894668 0.0408826400617363 0.288015966439266
-0.336070098144896 -0.0885784563560995 0.187526284145983 0.280927781704914
-0.299036629362949 0.144546585932933 0.284736591300412 0.119565970008692
-0.0680377007664266 0.249712822472804 0.19131637323666 -0.0768889059514537
0.0707876233894837 0.190573577755039 0.0806001702349671 -0.0775191821810804
0.154638154781831 0.141988020778895 0.0316592876260226 -0.0416062235030492
0.182087889997294 0.0841382816309883 0.0318738980873612 0.0183096738574226
0.191333246826434 0.0733197372401684 0.0390680801046418 0.0606180416237028
0.134618229955708 0.128655179032928 0.0224797693020126 0.099855585960886
0.0708531484154973 0.181370136193258 -0.0578298181514016 0.123275648688562
-0.100519616186235 0.224329641976581 -0.128957216973449 0.071800960867768
-0.239483766243259 0.116834117534441 -0.133397009900931 -0.0341440770113773
-0.244258790565694 -0.101363887720557 -0.0670448211624204 -0.070908187041857
-0.165030517573856 -0.272751695830485 -0.0186957247525085 0.0761176299924945
-0.0438803321715266 -0.235483380430454 0.119665820299307 0.257162578729051
-0.123501370302964 -0.247612434396477 0.0400325561648648 0.326222120077482
-0.255465689061278 -0.11019510733982 0.131187236355616 0.294168422015191
-0.254295157275386 0.0886945499962852 0.226200202138404 0.166738932125845
-0.0705427674075123 0.197311536553308 0.176174747771239 0.00483328205531443
0.0537596286973548 0.155354877547264 0.109253792489978 -0.00427787801908779
0.123963685852824 0.119011650709848 0.0870354007588067 0.0063542616661583
0.151447812028373 0.0735009752565868 0.0875511531193813 0.0424615777532699
0.160947613877683 0.0643702187864818 0.0957628608073078 0.0863987761658767
0.118068599935272 0.111349706252852 0.0678228370763621 0.133451971626743
0.05849899916331 0.155661056824204 -0.0315818231438975 0.160447733463183
-0.0970715389471634 0.184109876059282 -0.119070712425992 0.100478604498514
-0.209255654700673 0.0759012517977618 -0.129007141020383 -0.0103591636576899
-0.186222866963402 -0.112768133456983 -0.0399903532054396 -0.0494779024080559
-0.0906016529817367 -0.234938069562913 0.0181989814885307 0.142323339393234
0.0263884194695649 -0.119428493993918 0.118095198056347 0.300048869932758
-0.0323811948998261 -0.160420539146049 0.0451965784494809 0.326504184606064
-0.137371281882043 -0.0901926437839958 0.0862164618152812 0.276112365993146
-0.158694898434752 0.0345422187322304 0.171886328801849 0.182335291292552
-0.0493649242919795 0.117742994469929 0.158595223698359 0.0613443786786252
0.0335340766613423 0.0943949748036255 0.127332520871489 0.0467025385519869
0.0764841976283972 0.0745408839661771 0.127185081040265 0.0419546436546761
0.0975372613612529 0.0512129587108626 0.129254381082934 0.0591294597511661
0.107801007745939 0.0466680576223888 0.138369893721214 0.107455716299872
0.0844677304569264 0.0817255685157 0.0965249118153344 0.162944100827074
0.0367122224416613 0.117054008250195 -0.0203176110700506 0.193214583172907
-0.0859740089977606 0.124907399739378 -0.121892123810152 0.121084072820159
-0.156917704642717 0.0258927882387782 -0.133864831890523 0.00224448662138738
-0.107487208750675 -0.112096647622174 -0.0223447384190753 -0.0332066665467003
-0.00340778260599751 -0.167423562939877 0.0376037243797112 0.193917195352227
-0.0587618574937127 0.0478716921521691 -0.0745267475911345 -0.239845106020118
0.0309590414373164 0.0750530201627338 -0.0378258673846739 0.00728304760855342
0.076805508695796 0.0263873271538689 0.15438048058234 0.0239074215629651
0.0519204424541776 -0.0476101803212405 0.167431637293696 -0.126781962560048
-0.0102516903723655 -0.0506902040190364 0.0493710408525517 -0.242417891791664
-0.026244844596139 -0.0287957312904669 -0.106879643794915 -0.237067674184067
-0.0247870573371266 -0.030563669551068 -0.176035114865689 -0.1450218300713
-0.0229635252822248 -0.0263922036309136 -0.16969349585808 -0.0764706199292164
-0.0120077792132966 -0.0245165004634372 -0.160381466822571 -0.0651426098033308
0.00832568784699437 -0.0183025987191268 -0.156461299226401 -0.0781184650061717
0.0326769656578049 -0.00821804075800721 -0.150311299970384 -0.0977049811728778
0.0422251661927513 0.0317509057358314 -0.120110616179942 -0.16721801959639
0.00265260297678745 0.0808600031958416 -0.0598622917033294 -0.247399768964826
-0.0641894260555251 0.0583802300584517 -0.0520773378740727 -0.263942983610792
-0.0987783018821999 0.00961541298377861 -0.128802154689211 -0.285471314443502
-0.134051349607852 -0.0634538488094488 -0.0346855815142497 -0.21987632997674
-0.0778364444397565 0.0213266775598014 -0.0202985625441487 0.0278530893750797
-0.0358852458194919 0.0545175421118952 0.192528757007517 0.0481401422386039
-0.00810493608717388 0.0389893447837269 0.218021177723456 -0.123796774063336
0.00792117265818473 0.0301301352012139 0.0742150963962628 -0.266631988296008
0.0186746699453431 0.0273706589538566 -0.0947625932795542 -0.255067987170045
0.0465220605523724 0.0146110282098096 -0.174374362863036 -0.156781452953653
0.0504830371083949 0.0079818652398476 -0.166526204836557 -0.0731991550601555
0.0549724235430686 0.0191241323362012 -0.158643975455309 -0.0545979566778767
0.0372555199833197 0.052696907124383 -0.15024687947951 -0.0611714618453272
0.0187863873286726 0.0731999282281905 -0.151474231298848 -0.0739919607116888
-0.0450283557681243 0.0940296149715183 -0.134838301911478 -0.132210470284019
-0.109843800962761 0.0717989727342388 -0.0844350230758254 -0.213129382797118
-0.145660924845591 -0.0269392757256903 -0.0882989278279136 -0.229057840196689
-0.153020648513087 -0.118437415665719 -0.143102892778753 -0.247890774551097
-0.18182484241451 -0.177700777294706 0.0128115895505012 -0.161430661781366
-0.178261206912051 -0.0640232384926078 0.00215768643773552 0.0749357093054222
-0.165824830748875 0.0587263942673445 0.230894524558612 0.0982043563146542
-0.0963601780516856 0.124185621805063 0.277381974204898 -0.0948566204910234
0.00996361141282281 0.124427694332112 0.115156399853592 -0.268348767093227
0.0564984529567944 0.0925134093944067 -0.0606507858950879 -0.252531104237178
0.108095603005983 0.0631606286632763 -0.146589642401278 -0.153482332858703
0.11737267491767 0.0397102487177457 -0.138639025047667 -0.0594751838679893
0.118913823014812 0.0507590399372868 -0.132879326874234 -0.0292673886900764
0.0745794924303821 0.103720356204806 -0.12760538066897 -0.0235983261772521
0.0283076597072023 0.139471723483312 -0.148268765791758 -0.0267063065030372
-0.0936839327336591 0.165260989641183 -0.153549189007289 -0.0805385265138047
-0.195502537822002 0.0951490797721071 -0.11617638246276 -0.167563380011108
-0.219352050698733 -0.0721623752777445 -0.113313227575141 -0.184033781741471
-0.199296099646987 -0.21374840380383 -0.139398669739462 -0.176536779640402
-0.192515854875058 -0.272876878022298 0.0587284790939919 -0.0656498026184555
-0.245642132811874 -0.165724105111045 0.024562543450942 0.145476483868248
-0.286595633081162 0.0278000155834515 0.25049718042638 0.168126752494771
-0.199067763998237 0.18286748001879 0.322345253321099 -0.0337216936279604
-0.00852191280036266 0.210853440680072 0.159346769234358 -0.236015742826573
0.0789362131220597 0.15384795987287 -0.0114214488632504 -0.220270647832715
0.151339477827153 0.108329787624363 -0.0959839005858344 -0.131297975997814
0.166966030739597 0.0644457150952036 -0.0898423959405906 -0.0370336774350948
0.169305087453206 0.0678865571681016 -0.0846349187113122 0.00226115849031476
0.111237056826054 0.131308039212877 -0.0856977277722504 0.0208749876782413
0.0513192252540629 0.179935449613156 -0.128792490043852 0.029772334484515
-0.106860252303417 0.222711110995999 -0.159608199044969 -0.0207462368299217
-0.242268740608539 0.127093587771444 -0.137098675712051 -0.117213219141734
-0.268555958642596 -0.0858565778017641 -0.115529153667135 -0.138076054124076
-0.226217592446435 -0.269253399373918 -0.111335707676415 -0.0883990270011804
-0.165918203923351 -0.323821569349916 0.0944177714761805 0.0538833272756167
-0.256451625586456 -0.252841498753369 0.0376805972447877 0.225585612657323
-0.354375597384361 -0.0324218145005423 0.236763133605137 0.240211528387401
-0.280812034848376 0.189949006328375 0.329392984083703 0.0469471859595082
-0.0410643104256821 0.260186262644148 0.189029037315371 -0.165604802604956
0.0834816360624217 0.192413880205853 0.0400440124167152 -0.158158550641228
0.168768884137219 0.138577320460624 -0.0323944627524234 -0.0912755059832737
0.191149516054567 0.0806885073879927 -0.0295581921636408 -0.00915866723762302
0.196032724637964 0.0740667092657261 -0.0236657717042791 0.0340333280776586
0.13559225782468 0.137642719278591 -0.0324071534163145 0.0633687593491053
0.0704756677468722 0.192519143397033 -0.0959207804443034 0.0831234299411769
-0.103849515450126 0.245170802578887 -0.148516987254995 0.0331008505503261
-0.255195949586364 0.139822867194686 -0.141381223126488 -0.0703705000356083
-0.277783793103155 -0.0911524272163938 -0.0969810139872329 -0.101500975082494
-0.216985707238771 -0.288354759472604 -0.0657044689443265 -0.00118887996021974
-0.111032948465579 -0.312762041424612 0.114359878681979 0.171831757194329
-0.208087576306247 -0.287898658187145 0.0405214752911778 0.293765288293067
-0.343087398868852 -0.0909235054870838 0.189830271204928 0.289742036748005
-0.306853764326937 0.15047582636235 0.293281004336062 0.124227011065253
-0.0679285124444443 0.255024501897617 0.19382924844565 -0.0768445647524372
0.0718890010675879 0.193906828632536 0.0831376308584852 -0.0791370766197074
0.159804811425481 0.142937598588776 0.0323553944534226 -0.0422640878409217
0.186878389601977 0.0838776241182422 0.0331542255301278 0.0186498983920826
0.193592577783968 0.0726632721599156 0.0398837003325723 0.0624753591949753
0.138840085754467 0.130593066945458 0.0231935420694083 0.100958919666027
0.0727015476595532 0.183729228956492 -0.0601762636692128 0.127567456441801
-0.100760571078716 0.231554985497978 -0.132570919658729 0.0746139420954555
-0.243162219800111 0.119591806936684 -0.137263102469382 -0.0350517959820002
-0.248166486349444 -0.102520769231785 -0.0681338725315267 -0.073211271638493
-0.168501309035891 -0.27791121711352 -0.0186753773029576 0.0773082798097266
-0.0441681431008092 -0.239843288707097 0.120983914608758 0.264693447113557
-0.125745852972416 -0.253204326176445 0.0396252171768169 0.333137916053861
-0.261122780689448 -0.113145536210626 0.131902997762014 0.302718218046766
-0.259662335244621 0.0921285315868042 0.232298022560053 0.171520480116602
-0.070666237486737 0.201362462090156 0.1792037903067 0.00572750538347302
0.0541905491784724 0.157724133057418 0.113080080768929 -0.00469496062779263
0.127511745318961 0.119622051800203 0.088572861973157 0.00620580866741005
0.155534105794321 0.0730362825758377 0.0893097645124751 0.0429528761976863
0.16331005267542 0.0639654097198209 0.0972901990219961 0.0877464433016201
0.120797281114834 0.112339447802078 0.0690058807787566 0.134326359213688
0.0601893559652202 0.158988011819297 -0.0324403780969166 0.164559882287002
-0.0978258968964925 0.188974880503233 -0.122179281252422 0.103677069966164
-0.212478463852985 0.0776051005480817 -0.132746511385951 -0.0111712946290807
-0.188163012557909 -0.114389333680053 -0.0406928867199126 -0.0520416431757788
-0.0930726283650306 -0.239109768409101 0.0187494670809561 0.145395018638347
0.0278569286278356 -0.121327257136103 0.118710875416704 0.307787935098455
-0.0321942522683036 -0.163752569164756 0.0450546322467169 0.333378778748343
-0.139738249981859 -0.0919102967984386 0.0863399328086309 0.283213149362379
-0.162504505473481 0.0362635643158304 0.175618666503902 0.186435547876055
-0.0497253191921413 0.119230854228732 0.16219356181093 0.0634038052927574
0.0331767807657658 0.0949471392448766 0.131659932515815 0.047602856881939
0.0778892757464772 0.0749015883807188 0.129348964593024 0.0416933880922086
0.099862149570704 0.0510281526691825 0.13090970904284 0.0601051081931998
0.109387868107485 0.0465333645243862 0.140441357446761 0.10873843734375
0.0863737848033695 0.0827395193031674 0.0977107091226312 0.164002153221548
0.0377469456309793 0.118558998429135 -0.0213076878395766 0.197649202186085
-0.0872821662872158 0.127888448619293 -0.124444450586959 0.123613329933765
-0.158752525252533 0.0268691266751019 -0.137450392784928 0.00185667163697619
-0.108051225286257 -0.114020279176466 -0.0221998383846458 -0.0353782822926282
-0.00469096516322136 -0.169906311469842 0.0382771466394239 0.197900519569503
-0.0623496893955864 0.0494015449535588 -0.0789708478938388 -0.249344690113369
0.0324622573602838 0.0771874136365593 -0.0414556522540379 0.00953790032227365
0.0802517904886695 0.0290325679146965 0.163090345480274 0.0248937225132198
0.0533928970267762 -0.0502621129604522 0.175860563613614 -0.133102130683226
-0.010393521497054 -0.0515965488188372 0.0489934773677015 -0.254021099455238
-0.0274148363018489 -0.0282352077980917 -0.117275628115958 -0.245522832236361
-0.0264195687362035 -0.0311530449753581 -0.186390543821684 -0.148783238427975
-0.0240545020551598 -0.0267054289854458 -0.177764496806805 -0.0784201398394083
-0.0119435764276334 -0.0251196249627845 -0.169127199032968 -0.0648243689231041
0.00943927185036453 -0.0188995769243168 -0.166378275813021 -0.0789050781294593
0.0341682694806838 -0.0092636605519725 -0.158331254186265 -0.101368955871623
0.0437338716349586 0.0328149629051086 -0.12615646043144 -0.175890446381697
0.00337229429411472 0.0843139842252934 -0.0650883701027188 -0.261039301612438
-0.066698744368801 0.0580547438062426 -0.054272033627755 -0.275774474237877
-0.103036754794823 0.00868946756642152 -0.135656677489382 -0.301153470860761
-0.141833168171962 -0.0666204013745497 -0.0367373844039766 -0.229909096440421
-0.0823478448072473 0.0222158478171233 -0.0224858965440302 0.0298334866508745
-0.0381917046344528 0.0590360074004526 0.203366068377779 0.0506183861812258
-0.00895843213358068 0.0429026359138188 0.230530115354722 -0.130972035738932
0.00906634805480843 0.0325203614128119 0.0755288120873815 -0.27921335080663
0.0207341416267854 0.0299207502276657 -0.103793390680236 -0.265144785100536
0.0486046554256679 0.0136129158575523 -0.184682191074398 -0.160007182736833
0.054078920785955 0.00679111965310233 -0.173866331546173 -0.0750168131608391
0.0582897164443249 0.019442539525964 -0.166721515192579 -0.0533138229611081
0.0406224927109394 0.0553261287024956 -0.15979323541591 -0.0604493765176481
0.0204141463098654 0.0759026560510843 -0.160988501838605 -0.0756595855992709
-0.0472757413272697 0.0997280263417217 -0.141443327961394 -0.138870689669769
-0.114284233995059 0.0757771254817925 -0.090362930342168 -0.225196022124311
-0.151887712310202 -0.0298333014449641 -0.0924488130259379 -0.240711552690093
-0.160761319763747 -0.124691073502176 -0.150168055713847 -0.260788594736132
-0.191012417200662 -0.185836348818332 0.0133150156854659 -0.169243840719127
-0.187821179067147 -0.0668707609235835 0.00174051068325891 0.078660063555318
-0.174482340556528 0.0635492680008889 0.244170690566842 0.103236159093416
-0.100932988025788 0.132987060361425 0.292811245388869 -0.100424906456247
0.011664074157036 0.130481370392917 0.117646433026363 -0.280704871690277
0.061203392780272 0.0979455929459974 -0.0675605411106942 -0.263554473542466
0.114258144070347 0.0638384513122451 -0.155264384688537 -0.15611019964171
0.124753581566182 0.0385804132453816 -0.143986508640581 -0.06069609913964
0.125005994323695 0.0513020239626914 -0.138899061849129 -0.02716122580544
0.080256111819122 0.108334599285135 -0.135267940189931 -0.0218002796342821
0.0313134914814576 0.145767799562967 -0.156433789773821 -0.0254230905158935
-0.096635983245391 0.176191827151075 -0.161041060340604 -0.0836962106919201
-0.204386772051688 0.10123433462991 -0.123847297112789 -0.177669333666944
-0.230936911039425 -0.0762258493736367 -0.11909193227218 -0.192271567155911
-0.211330926759994 -0.223937468085752 -0.145444284401722 -0.185059946908013
-0.202845576073371 -0.285010143436329 0.0627260751158905 -0.0688962876814157
-0.259744499524202 -0.173487898370541 0.025174435281148 0.15232367608171
-0.301447040844273 0.0312875652471433 0.264311752046768 0.177346748123509
-0.208183189168226 0.195954307992165 0.34053564872744 -0.0364029761930032
-0.0067225917559022 0.221711569078592 0.164390036842803 -0.246030353121382
0.0851700924839114 0.162308882135346 -0.0146543780014157 -0.230648752811618
0.161073206119994 0.110633627741734 -0.10209153409213 -0.133680694602827
0.17698107712332 0.0641726423620711 -0.0929927881713138 -0.0380027820246277
0.177209164846331 0.0686111159556858 -0.087709037422143 0.00532237913330544
0.119006547761558 0.136494990594748 -0.0909859408178968 0.02359842300082
0.055555018050885 0.187836845568866 -0.135459540674207 0.0343684833591983
-0.109663127031287 0.236808798055136 -0.166983308058328 -0.0206109600587657
-0.253335127660467 0.136112591176071 -0.145159675425654 -0.1235280339317
-0.281582486613286 -0.0889063579186834 -0.12087765144199 -0.145274802109122
-0.239141908699566 -0.281286629813586 -0.116096158446428 -0.0930994379714779
-0.174625050615669 -0.338013442838426 0.100476071400085 0.055917812788987
-0.269459768823503 -0.263850023466096 0.0395580009414592 0.235874640913279
-0.373080560582418 -0.03185060646029 0.248970986075086 0.253262822241797
-0.295023530882329 0.205301580421362 0.349445170360097 0.0477622156736583
-0.0397847220561404 0.272755573028433 0.19616237484866 -0.173175400999824
0.0894171373520088 0.201864036604887 0.0416655577116843 -0.165714273485619
0.179968480292335 0.141532608657755 -0.0343991942863766 -0.0932450201479924
0.203103598349292 0.07980936738436 -0.0292316175168986 -0.0101509920435819
0.205092425996968 0.0746520276852193 -0.0239550677134834 0.0370574948933094
0.143963008413206 0.1424347955947 -0.0341421638348488 0.0666091334312348
0.0750764723745129 0.200956643647224 -0.100144442080957 0.0896222417101019
-0.105526786522384 0.260209059613511 -0.15618362617126 0.0365265163814126
-0.265637702506401 0.149404601719682 -0.150874640073389 -0.0749271648435498
-0.290421948799937 -0.0941100255089702 -0.101564107551551 -0.106917028351002
-0.230239558167836 -0.300731254868703 -0.0676714309714939 -0.000923770330374251
-0.11776368722587 -0.327242483301772 0.121060798266141 0.180853574116437
-0.219421243555472 -0.300694287059546 0.0427891428510078 0.308022323753379
-0.360464052152957 -0.0934401150465026 0.200040467506429 0.305469360496335
-0.321489950002619 0.163705704798957 0.310612863581914 0.128036477729245
-0.068057451143682 0.267593476617997 0.202472264599682 -0.0801520955898329
0.0766739158338615 0.202448894603016 0.0882385011788144 -0.0840093813513638
0.169797833181845 0.146693170102996 0.0335294841248214 -0.042974675112088
0.198366074858855 0.0838555666935176 0.0364161886040005 0.0187620607436952
0.203402421474102 0.0731619934720408 0.0431178632800613 0.0658702370411874
0.14767143271664 0.134321940185878 0.0239762899502704 0.104609973750727
0.0780166742429636 0.191728053800301 -0.0617782415803388 0.135573076586553
-0.102653480382288 0.245088540797661 -0.138928703167658 0.0807741860309802
-0.253378398364223 0.128150914108152 -0.145390756764767 -0.0376555005138401
-0.259119049916056 -0.105591037672715 -0.0722818940863991 -0.077570014371127
-0.179772086353912 -0.290295883245588 -0.0174220100310314 0.0811996628671846
-0.0466857108653251 -0.251332135070131 0.127767406023477 0.277862417258797
-0.133513871803662 -0.265606252452925 0.0422521790881781 0.348845145784941
-0.274847734220167 -0.117185593128236 0.138392914373056 0.318596218585542
-0.272615940013934 0.0999412514076126 0.24591824676725 0.177894238255908
-0.0716273764186184 0.21076947786023 0.187603010287528 0.00614214024218291
0.0569550312191111 0.164421462646055 0.120563319577561 -0.006151118052413
0.135957587958623 0.123433807184447 0.0933292369155395 0.00552589230322927
0.164297620582956 0.073452683180055 0.0941638300598272 0.0439279903408331
0.171104136112948 0.0639219069416006 0.102548946120078 0.0908985316013178
0.128094907751224 0.115264867747488 0.0724644487551271 0.138545428247003
0.0641424153694071 0.16514143791407 -0.0328151863649992 0.174172953714163
-0.100951700889892 0.200690500305848 -0.128215711548695 0.110850514131144
-0.221354559189022 0.0831726663960987 -0.140814040253793 -0.0116276873050015
-0.1963350111092 -0.118622388719339 -0.0435491902920495 -0.0554548523432236
-0.100653121845088 -0.249156703649361 0.0222953741724766 0.151751759487014
0.028348175724456 -0.128542384633485 0.124606448992462 0.324494390733412
-0.035583131681045 -0.171369573758127 0.0469233627478845 0.349920280482474
-0.146981337135227 -0.0949929396925511 0.0902650106592904 0.297732545443178
-0.169268958586929 0.0407804772164793 0.186574927776146 0.193657074977498
-0.0504695616909596 0.124387721914354 0.170522336598665 0.065587446410137
0.0342042967477157 0.0975430540179373 0.140813742889209 0.0476387495532455
0.0820967819567921 0.0780290189827224 0.136644834487829 0.0414041962663512
0.106147431687274 0.0512412042361434 0.136875666413766 0.0617602357306082
0.113907195145482 0.0467714560497596 0.147431029597428 0.112116912411838
0.0917950133765549 0.0845073933909693 0.103275960262836 0.169009560767994
0.0405803496422082 0.122907883268295 -0.0207496581938014 0.207783285080315
-0.0901458068938995 0.135912207605413 -0.130672815832701 0.130964738804625
-0.165674258259769 0.0294283598756713 -0.145706038446485 0.00176188940227925
-0.112009272826262 -0.117506008216087 -0.0237456781513878 -0.0389201384930833
-0.00695673812595342 -0.177271909785834 0.0430582459259448 0.206284155310259
-0.0635490396698827 0.0575914573172862 -0.10313150122334 -0.26201074874624
0.0416197218494948 0.0762899302873875 -0.0497387877434444 0.0172404559556681
0.0884815753858243 0.0184246816898636 0.17168618756817 0.0198720158091025
0.0492824228835056 -0.0628325283321732 0.178141692615896 -0.149644192819557
-0.0186985990901201 -0.0551494549253888 0.0319015640491973 -0.272976747312846
-0.0353925411898618 -0.0261028221296959 -0.144962106374896 -0.246516155803824
-0.0339004991186767 -0.0290492998965012 -0.207905887715566 -0.13615491268595
-0.028334117626994 -0.0249417485226397 -0.195661239300524 -0.0649914585480299
-0.0146727771769021 -0.025200288010687 -0.18855861420818 -0.0519246883393994
0.00957094142474097 -0.0218492554958139 -0.189507439260973 -0.0669899276536834
0.0363005986714144 -0.0157887977148855 -0.181782837461187 -0.0942441611624651
0.0530131658422294 0.0287716513696909 -0.154167109025147 -0.182373900600262
0.0183550880472387 0.0884163429493001 -0.0957992443682515 -0.282579139418469
-0.061399706581725 0.067302667269115 -0.0747980631781774 -0.295750429658738
-0.106878147748782 0.0161366732636206 -0.160146901469442 -0.315090279845651
-0.158675576990686 -0.0521379799951456 -0.0475429824690196 -0.250120647553959
-0.082845516794866 0.0325050650909094 -0.0244934868313452 0.029199748618014
-0.0305747797205503 0.0654922548844478 0.214561375233364 0.0331172139278495
-0.00203977122743382 0.0430043027556287 0.229137388001996 -0.158737470794093
0.0109264845737865 0.0288620665279955 0.0518887628940749 -0.299974923144202
0.0209459936206085 0.0296088633715133 -0.135564122155113 -0.266938757771051
0.0511393079294402 0.00663156350902138 -0.21312849300615 -0.145731877092948
0.0566890396784082 0.0017517507827422 -0.190473848168187 -0.0603599907194811
0.0634091024692367 0.0129538720782478 -0.183962265616487 -0.0390716989163444
0.0513941972656107 0.0526452485360141 -0.181863743733764 -0.0490689704313934
0.0320509292337009 0.0750637572670429 -0.18199685316864 -0.0674746007402509
-0.0338648161037735 0.110600070359074 -0.165637144626328 -0.143771220030795
-0.107498162044761 0.0924109337226794 -0.115191737748768 -0.242921964431036
-0.161857867039265 -0.0197148367226372 -0.11228753351748 -0.246994619196597
-0.182803377957702 -0.12376062580188 -0.174596919190457 -0.259358077577441
-0.22336242516093 -0.168814317364308 0.0190191287376397 -0.19304746289974
-0.202340730274608 -0.0462647473550014 0.0118535732780025 0.0722913736666276
-0.171510967282383 0.0871928512263847 0.262220332119094 0.0730066939769355
-0.0845734666633682 0.150937011211898 0.292204483073515 -0.142239860868917
0.0254574820759869 0.129853904430353 0.0901118783966434 -0.303322334445867
0.0707702696614111 0.0958725327263665 -0.100769774666112 -0.266105948140258
0.127682678617966 0.0501469313933241 -0.187765384158944 -0.142233740280655
0.133197726789378 0.0269737356980247 -0.156091667510384 -0.0471205718334319
0.136611880866688 0.0378804229965531 -0.151371748839831 -0.013658975950505
0.0984720165708447 0.1034048346009 -0.152747569389905 -0.0101934381692582
0.0502622901107619 0.146134210234047 -0.175172288163478 -0.0137260504877335
-0.0773382905962918 0.196113985531829 -0.182602128250802 -0.0843606073221299
-0.200251697860041 0.127992326971394 -0.14361734617148 -0.190511773993419
-0.251548441382285 -0.0611888146843832 -0.134755647433391 -0.188169280666388
-0.247731355375437 -0.226394547059694 -0.165779613483974 -0.169497859226692
-0.245366350821898 -0.270099539280197 0.084419050229438 -0.0906052653775882
-0.286978005916266 -0.147758675264089 0.0491541994670989 0.143309342397234
-0.306319296144421 0.0697552158916359 0.293402940713505 0.138849953043061
-0.186177904711094 0.231750118956427 0.34579586892891 -0.0904114318059307
0.0186965961360779 0.225652382399098 0.134880759534064 -0.272849207391018
0.103253568855324 0.159155383788334 -0.0445445704381691 -0.235843045864853
0.183416889964502 0.093167279862573 -0.134182865298503 -0.124627920952446
0.190784964710779 0.0478417392090485 -0.0999346332423951 -0.0277700648521929
0.193262260521656 0.0493460718120151 -0.0928713302370376 0.0156355359148616
0.142537327129159 0.128547921052866 -0.101803354278412 0.0342563743106408
0.0796815359557733 0.187347474683041 -0.147951014736897 0.0493613898868079
-0.0842938448838991 0.261487071827659 -0.184714851491014 -0.0169431618886398
-0.248372264968661 0.169928063589394 -0.159865089928603 -0.132399438357142
-0.307654868192226 -0.0695789698440427 -0.131499978069274 -0.134444027903783
-0.283886929512465 -0.285044772036142 -0.127135091250412 -0.0674433124940318
-0.220580912189796 -0.328285422745472 0.136572257066681 0.0411163544499791
-0.308185615263276 -0.240366930080294 0.0763982179907144 0.229211520906927
-0.388360081347443 0.0137985314425757 0.289053870336583 0.214544361726233
-0.274300064258028 0.253841209691849 0.361655864306891 -0.00863890716536014
-0.00922725931706182 0.283427780226523 0.172101122806028 -0.201050970666357
0.112202963496971 0.20013085978985 0.0194015166725974 -0.174555810408825
0.208724850700736 0.123195626848916 -0.0625955930144975 -0.0896798394736905
0.218923633415086 0.0621483177619207 -0.0301499666653069 -0.00385564870090355
0.221808593575064 0.0520617211339966 -0.0208001773728337 0.0430093418709239
0.167839195899045 0.13152335301237 -0.0361263249562492 0.0751932278863701
0.100325886086556 0.19952069889674 -0.105078815200987 0.106498584821211
-0.078338473028087 0.28582407521181 -0.168401634104985 0.0448668881553978
-0.261495686761958 0.185020352894019 -0.161397398149391 -0.0787369205227084
-0.31815434700534 -0.0738498484717291 -0.107051751816225 -0.0927492658139217
-0.276518275360001 -0.306115294946854 -0.0703943795789664 0.0288787267105765
-0.158518278326578 -0.323856827264509 0.165784705489816 0.176844277428758
-0.25854563666731 -0.285715126108731 0.0872865774583616 0.30806052460714
-0.382633930463922 -0.0507559305420573 0.247541472431615 0.275481551218992
-0.306639631275475 0.213954825207091 0.33103191066168 0.0775078581262562
-0.038125347015236 0.280920934823488 0.186474532342533 -0.105275020342424
0.100125152022194 0.202290274302598 0.0766932352164001 -0.0934972770372935
0.199492655235869 0.129861921904184 0.015336645291766 -0.0457894098191938
0.215012019632699 0.0662816454711163 0.0415179548271472 0.0202121879463352
0.218595835330856 0.0502184585008814 0.0528476653164698 0.0668618100181385
0.169290148796235 0.123422720572882 0.0302545708222379 0.110881631099322
0.100467217834707 0.188560126785518 -0.0589875790957132 0.152582301594634
-0.077220062989639 0.268693337948522 -0.146208758461648 0.0913530946844601
-0.25103647318018 0.160457977780322 -0.1526838753462 -0.0375393333446397
-0.284690349945661 -0.088523633775969 -0.0748368598994166 -0.0653161280843958
-0.224050591464171 -0.297875185550823 -0.0128408667317576 0.110802289050048
-0.0747837597173742 -0.254300571975914 0.172146354018503 0.283878798058987
-0.163879835058625 -0.257925574316389 0.0870964105511311 0.356951545853283
-0.295180645555491 -0.0859567645295134 0.183866409057716 0.301520834935309
-0.264268172037205 0.142480383440518 0.271323078098678 0.140674199762362
-0.0460306758824634 0.223867940928537 0.182397432101151 -0.013961493263876
0.0762606747321606 0.164026637457038 0.119535053386434 -0.0158676301520847
0.16118088530129 0.110121191720828 0.0848827461895111 -0.00168189017470365
0.179809197918451 0.0587296944172281 0.1047984048363 0.0399756217832399
0.184442134029163 0.0452870650143194 0.118508269585304 0.0876037049462592
0.146496656219782 0.105227084934424 0.0862107232628107 0.142168713373343
0.0831338829533536 0.162699196917242 -0.0236731137036704 0.19157416334536
-0.0812718421433054 0.221374268638235 -0.130113844846897 0.124377459294285
-0.222536464875429 0.110537132938393 -0.145954018943318 -0.00759313225626131
-0.219375390063371 -0.107599128252738 -0.0465839917327133 -0.0453864854351952
-0.134287555081669 -0.259489247931742 0.0321855256261089 0.178917817441984
0.0184753666752123 -0.136206886898242 0.161819409507476 0.339110718662759
-0.0512213855362392 -0.171624558124025 0.0860104961263925 0.363614759621735
-0.16009061726828 -0.0792867411114266 0.128614131712832 0.294668444637615
-0.164856311705411 0.0669215684394473 0.212860242575351 0.171636426920928
-0.034102085551934 0.131916057171423 0.175944599108002 0.0508777003395258
0.0459944406038064 0.0968721703789807 0.149352541873744 0.0381095890793424
0.0980393984872881 0.0698422854894001 0.138615434277023 0.0302213864027693
0.116454237379257 0.0418752118136067 0.150391303639581 0.0538389999000035
0.123109467518271 0.034483153872825 0.167940437480821 0.105532125905189
0.104625433323943 0.0773971860113786 0.123410388346678 0.171440193794977
0.0526603550456677 0.121847207144965 -0.00640372840758422 0.226114023196052
-0.0783987933660609 0.150807941308604 -0.131005890409284 0.14884371306777
-0.170096433037921 0.0473978075884278 -0.151376010002529 0.0109969235468091
-0.129175795747689 -0.115088372934825 -0.0286779498769371 -0.0320187452766143
-0.0275092979638684 -0.190089400475853 0.0555099092769909 0.229096470407465
-0.0645355991212016 0.0642232213747019 -0.124470551271456 -0.267670892536813
0.0475174573230339 0.0764546250302753 -0.0525754631966015 0.0233750574989208
0.0938595194894939 0.0138424208214627 0.183749854397195 0.0116458938723662
0.0474806816342122 -0.0675264473154298 0.179387047610486 -0.169217305315342
-0.0223246103908736 -0.0550595935514269 0.0164955649384976 -0.288385691781709
-0.0376315337905372 -0.0241715361108718 -0.169516825032231 -0.245406388228966
-0.0377944595465751 -0.0283142645215704 -0.226788141934214 -0.127149074613683
-0.0313005806473068 -0.0242850892513018 -0.208298749902978 -0.0559487083058101
-0.0163644407488227 -0.024566165709814 -0.20044085365799 -0.0398790832751639
0.00866135877620863 -0.0236714525087824 -0.203438303961998 -0.0551683205965828
0.0370042567971676 -0.0192102198696352 -0.196475253043434 -0.0876732326635055
0.0572637313335486 0.028109816953754 -0.172882517277846 -0.184166908813992
0.0252477782927801 0.0906328849482024 -0.120065703392925 -0.291619129693233
-0.0625096991181064 0.071987771758013 -0.0936844274097621 -0.305816206660704
-0.112050527158283 0.023296306633138 -0.186685725551001 -0.322869884548245
-0.171471091893368 -0.0444549382365798 -0.0654448016257934 -0.25956950706841
-0.0861702367417054 0.0393139973573273 -0.0252751713187336 0.0338451059601095
-0.0278050001782137 0.0716596928163221 0.229676373293291 0.0221995828006043
0.000686036409473652 0.0472393100839547 0.232389537467869 -0.181876488972114
0.0136094848817842 0.0307625227522751 0.0351089946993701 -0.316101158858702
0.0259816227628661 0.0308232733092564 -0.161199564042617 -0.268144796230028
0.0540794322672439 0.00369850125077566 -0.232595939777008 -0.136255424491354
0.0597717141780065 -0.00331986509407306 -0.202036110366183 -0.050225089179617
0.0684080723156138 0.00908435475509153 -0.194164966913323 -0.0265387198147369
0.0580991349554476 0.0511491187359587 -0.194224365449749 -0.0366594896229246
0.0387374733350379 0.0762517760146215 -0.196159006145515 -0.0580104789731766
-0.0285935510431938 0.120026990771802 -0.183591820052411 -0.141976331036114
-0.106718921665312 0.103418174936077 -0.138001784612924 -0.249251622127259
-0.172828676920318 -0.0133153541515437 -0.130508252222325 -0.251881184922216
-0.20050756796806 -0.119013490692787 -0.198633037635117 -0.263254376721211
-0.245484223063863 -0.163451583984294 0.00812934096158753 -0.203912296482758
-0.215744110240609 -0.0361547581841 0.0145559668896382 0.0763591667734565
-0.174647333273568 0.103236602648466 0.281615218916754 0.0619965377379014
-0.0784133055120857 0.166643738921152 0.300078306709708 -0.168521724215033
0.0360587846146451 0.135221376826284 0.0742287751168731 -0.322929711953247
0.0819446236634548 0.0969392758402185 -0.12402089798223 -0.27079557312099
0.137539814005628 0.0428029084978407 -0.20441646222984 -0.134040512625726
0.142088318796783 0.0167190934705755 -0.16609523436123 -0.0400451682964727
0.146252607528703 0.0301558926596261 -0.157710677411591 -0.00232429172971852
0.111492803250296 0.10181500012588 -0.161394137567514 0.001532109299646
0.0629088404499008 0.149630804032288 -0.18454332293951 -0.00128908999304633
-0.0676433983290852 0.213484081657404 -0.196740649792857 -0.0779324447549298
-0.201513917853828 0.147783524365866 -0.165089016773233 -0.192691392334899
-0.268810258759729 -0.0512684194509235 -0.15182988871912 -0.189724402876449
-0.275365631230404 -0.221538523186718 -0.182613669532382 -0.168617883080781
-0.274465724915264 -0.268677050016794 0.083666507137495 -0.100549177406423
-0.31039124257774 -0.137769510407777 0.0581240845495966 0.147492525591424
-0.317664728496601 0.0947371759149179 0.318200652404384 0.129881854655702
-0.180334869899704 0.259248651924256 0.358947131479123 -0.116972347301646
0.0338398804220692 0.235984182067295 0.125464902183161 -0.291328593384094
0.120728885256416 0.161533212173041 -0.0628075446532485 -0.243901818687589
0.199252228392597 0.0830016201281828 -0.147289347938541 -0.118521335786314
0.203613878719973 0.0343610193776102 -0.105347810342672 -0.0227730388759931
0.205568492585198 0.0375220033453705 -0.0947893120350502 0.024385075871929
0.158527986797771 0.124877445085214 -0.105062698667709 0.0447207442183195
0.0964920083985384 0.191486082169225 -0.151997802295578 0.063273896403592
-0.0687617406599581 0.282303587323255 -0.194812241628768 -0.00512649619646324
-0.248756739848215 0.195860136789974 -0.179953324393502 -0.129838924428815
-0.32754002123766 -0.0553307060667231 -0.145631234245273 -0.132933494792983
-0.318399538442789 -0.280830867091195 -0.136288788944188 -0.0638390130678835
-0.250993664725685 -0.332081290911072 0.145465493107336 0.0348512741164102
-0.338563408383963 -0.234408904733841 0.0922869141927263 0.235846518567584
-0.407319464338143 0.0408458660350233 0.318596114703823 0.210033819419928
-0.270568639495583 0.287890994115808 0.381180800249525 -0.032854281877977
0.00915125351395051 0.297359511518107 0.167948299702032 -0.219310669395794
0.132087909333267 0.202859265206233 0.00925421991549756 -0.184733400892654
0.226668622966582 0.112538521340718 -0.0699192005739496 -0.087328790372326
0.235601687912833 0.0467472793273352 -0.030963320731161 -0.00336598650479157
0.235116158525968 0.0385368971667518 -0.01776278547083 0.0477559746010122
0.185670554411024 0.125765949049133 -0.0336604778228996 0.0828899200016971
0.118679845392483 0.201605509073202 -0.103173454389518 0.120659119881024
-0.0620133627550461 0.30726614170521 -0.173582010014119 0.0585342495862403
-0.260866234066916 0.211744731179655 -0.176962786480163 -0.0738850731795965
-0.337896055704237 -0.0580015824420044 -0.119046771836716 -0.0925933289933138
-0.312869247168419 -0.302752105168448 -0.0701195223839493 0.03433169730952
-0.186131176317403 -0.331091448263213 0.183985316934406 0.176075006765073
-0.289594354753261 -0.284123559579494 0.109418142260734 0.317435235949074
-0.405544379613106 -0.0279058319985879 0.275608237141399 0.276030203963329
-0.307005963609113 0.248057210271723 0.354416009888617 0.0592483976283366
-0.0200565664062624 0.296650145889304 0.189898089029612 -0.119776170089425
0.118989026493392 0.205831250736202 0.0753258240441069 -0.104330420932624
0.219037664757865 0.120398154675551 0.0135269461563385 -0.0465257471687272
0.231533162047584 0.0521584984135179 0.0450626238553571 0.017250283174801
0.231951667793586 0.0365659184144013 0.0608410297242209 0.0665134211876748
0.186462729814671 0.116697487661537 0.0379099936328447 0.114176105181792
0.118540461657381 0.191060054698813 -0.051536149317113 0.166308916672637
-0.0616822070591007 0.288806180209941 -0.147470676520096 0.106652786811593
-0.251988693955906 0.186340062841412 -0.165194714265883 -0.0310078798018208
-0.303294178326879 -0.0755231865647461 -0.0841635340596659 -0.0656343020808211
-0.255739281246853 -0.2963952427176 -0.00477701155092457 0.117227138595989
-0.0942291886001035 -0.26308688296039 0.196450690738067 0.289487304530542
-0.188543140928278 -0.260837869974542 0.111859261615071 0.368735059560274
-0.315776415244981 -0.0700973200315136 0.211549712827546 0.306949817123018
-0.26701140638516 0.169669019557323 0.294009358541895 0.129225194839549
-0.0328440002039483 0.236581910884956 0.19047045791037 -0.0245151693718155
0.090505961801204 0.16688945968132 0.126399434986568 -0.0264889093436124
0.176756853042468 0.10330202960007 0.089642806758594 -0.00717887407168732
0.193154176369452 0.047288274765895 0.112097368173329 0.0346199981137706
0.195705883029552 0.0341318138803329 0.13075458984255 0.0835186219837206
0.161102472198948 0.0997251255647633 0.0983803633728464 0.14267693379882
0.0978098353658069 0.165055265693626 -0.0122524651196505 0.203318181282436
-0.0692135941541831 0.239311261640024 -0.128557529960424 0.140313495141399
-0.224736826533413 0.131369480153085 -0.156100758888056 -0.000297230148393674
-0.235202677487257 -0.0990217853418634 -0.0525366274524046 -0.0460142982936953
-0.159653803668368 -0.262372378415167 0.0462976609269337 0.185415506534265
0.0107621619498728 -0.14506774351585 0.189275735506354 0.34880215928485
-0.0642624881166148 -0.177670018818418 0.110905870417719 0.376677654993344
-0.172449279082592 -0.0731748312934591 0.150941035837158 0.303246611274668
-0.168271814454996 0.0817246538474907 0.233623963452464 0.165986032989348
-0.026256645911806 0.139277746762308 0.187596431199082 0.0422744699116005
0.0537839472352949 0.0982916086982621 0.160596724335196 0.0282717163964845
0.107581156413543 0.0654111050002502 0.147971533694 0.0217824391209272
0.125872185759595 0.0356584508659677 0.160805334013142 0.0460682477987259
0.131203792073381 0.0278740760663964 0.182279322321079 0.098234521088245
0.115282249588643 0.0734261628824922 0.138238890667772 0.170260517220396
0.063941182514421 0.124350184005 0.0085996228214454 0.238460635300285
-0.071465428798357 0.1652039318263 -0.128172965180716 0.165277517372067
-0.174635008050326 0.0607825834587282 -0.159941156455611 0.0187234751128325
-0.141142388240609 -0.112634425342476 -0.0325873949874032 -0.033322982571139
-0.0424584873887217 -0.196008449395552 0.0746096377226152 0.235444902005287
-0.0629410430604943 0.07018390109458 -0.14621154434784 -0.263876766324908
0.0518094549603551 0.0742619144927642 -0.0521490308162072 0.0314306466391758
0.0970107545436944 0.00809168415227832 0.19058562600154 -0.00124793787142132
0.0435157151527781 -0.0715502747144583 0.172778352754873 -0.186416749958777
-0.0260938405207732 -0.0532399343751661 -0.00474692148953684 -0.29473462486826
-0.0387284110968193 -0.0205587817455351 -0.191154414835229 -0.234308394361952
-0.0405001129206208 -0.0248406413747267 -0.240570698052046 -0.110645762735309
-0.0338089768687192 -0.0222081761337045 -0.215654189130499 -0.0405082850242748
-0.0189466867290742 -0.0239030168261535 -0.207393231396733 -0.0234419401717543
0.00761272259213166 -0.0249156613224195 -0.212045087274236 -0.0388281606088293
0.0360277735345619 -0.0228937560234529 -0.206794401562751 -0.0752945566576765
0.0605451195537801 0.0250517536085934 -0.190947635489031 -0.177321970415373
0.0322314180733888 0.0893128793799867 -0.143840475189612 -0.288148411807776
-0.0606818243258603 0.0762409340711544 -0.113285199978296 -0.306746014565511
-0.112384649601997 0.0316877466996123 -0.212602162554679 -0.318852363714807
-0.179355175145873 -0.0337172631531271 -0.084392153664186 -0.26065944450811
-0.0867362803755281 0.0451238815454016 -0.0244787169145879 0.0395149134295474
-0.0234380339950973 0.0761034409156598 0.238368164221228 0.00784584933841955
0.00484160670469143 0.0504571570643703 0.226523740521888 -0.203018976520344
0.0171939533212414 0.0323033847551389 0.0139230824511347 -0.324494342730935
0.0300135454452832 0.029845762127809 -0.185170975289779 -0.25761983387525
0.055885985487238 -0.00115107159255957 -0.245019987350686 -0.118454881902579
0.0608174401092694 -0.00935972342949875 -0.208951384113801 -0.0362266215450923
0.0713074867682075 0.00372375291666918 -0.199729684173528 -0.00979507354075564
0.0640761363789852 0.0484423198301419 -0.200573483965393 -0.019754941960449
0.045078676533031 0.0748306446607572 -0.204519113694687 -0.0446449333049248
-0.0196240411831784 0.126265475321286 -0.197559032373463 -0.134111406603885
-0.101194684925323 0.112816521598839 -0.160588426421792 -0.245343576343265
-0.179960927711302 -0.00343134938263351 -0.148086123437722 -0.248301432339955
-0.214288680921569 -0.107042646113072 -0.220050936335118 -0.257216646869287
-0.264118077432976 -0.149894929185159 -0.00556245171084126 -0.209087304994405
-0.224288085847317 -0.0229963273694788 0.0186324019907957 0.078304365254453
-0.171155682922381 0.1202076427928 0.294231006692926 0.0446798574200019
-0.0667744660774588 0.179134509442417 0.296891848574795 -0.195030974210501
0.0471236175246038 0.136481954332141 0.0548525099451215 -0.333226126761615
0.0926186051202105 0.0941654580700877 -0.146743873015695 -0.264979060514451
0.14326943187064 0.0319109377891369 -0.215131156202715 -0.118937717568286
0.146435490753972 0.00383240351879282 -0.171300023192017 -0.0282208760253542
0.151524728291135 0.018572652094389 -0.159392177320821 0.0114065859995685
0.122887875934714 0.0952185183897505 -0.164272358785961 0.0165991745125982
0.0755678137354584 0.148172314338301 -0.188418141621532 0.0131451304026833
-0.0515213674777226 0.224666917750785 -0.207641463904548 -0.0664868933103054
-0.194302888114946 0.165464295548773 -0.185343331257603 -0.185476120800339
-0.279780671926978 -0.033921297339544 -0.165932434116968 -0.18340336582352
-0.298239981565824 -0.206906869725007 -0.196889658159133 -0.160865825433737
-0.299153193753694 -0.255681075687618 0.0783796953599571 -0.1091629119401
-0.328944725415507 -0.119372861314894 0.0676466385471826 0.14791005134042
-0.318763497999571 0.120367566489805 0.336089303624487 0.111847133832057
-0.163395151960078 0.280505417489303 0.360159729645177 -0.146829155732143
0.0523514078409696 0.239363198379622 0.108443963899658 -0.304506593364337
0.136891318580505 0.157155028608309 -0.081020055987839 -0.243957431667191
0.209124315872068 0.0674456516664055 -0.155801579689733 -0.1067670254346
0.210724226076508 0.0168623929952511 -0.108575325027861 -0.016677685573093
0.211977989526449 0.0216150944753331 -0.0931778724640816 0.0333452407239664
0.171715443654927 0.114457971857444 -0.102910025188998 0.055754527916435
0.112741843866202 0.188176478610263 -0.149848293434023 0.0776084572403447
-0.0471765817855501 0.295911039190053 -0.19958523100718 0.00818445166442852
-0.239731051488627 0.217721074927953 -0.195885047286036 -0.120439565104782
-0.3393571757686 -0.0346923908803001 -0.15770768346348 -0.126523103695822
-0.347493925201491 -0.262808937691636 -0.14151192941122 -0.0571190612295665
-0.279843894997537 -0.321545771414475 0.15151247128405 0.0256734957655082
-0.363223194502327 -0.217212312033512 0.108324181322388 0.235357528138216
-0.413986913229441 0.0712466488548711 0.341698753345239 0.194059365533074
-0.254035417802883 0.317329189823954 0.388146191493644 -0.0614986613999249
0.0313517670341862 0.302921811012817 0.157369309626218 -0.232994434440071
0.151082787466151 0.198575151657673 -0.00319079010987527 -0.189446949581
0.240594869396877 0.0951570664468783 -0.0746840210050702 -0.0814523556114026
0.243863484477264 0.0260092042587696 -0.0310366329004446 -0.00207687234172897
0.24178565495488 0.0206357689880334 -0.0131874387070506 0.0498535194872493
0.199705371461579 0.113969227900601 -0.0289492884756255 0.0876780415824943
0.135625180394629 0.197136106823688 -0.0951226889370896 0.132374301260832
-0.0369392663165527 0.320221865867039 -0.173335299178872 0.0723583192033497
-0.249713766670869 0.235929143097313 -0.190269012351741 -0.0632510785640334
-0.34920701526555 -0.0361625731194022 -0.127914914001919 -0.0870561898508441
-0.342559167544869 -0.284735828888275 -0.0669513780409964 0.0386521882716043
-0.213760855985483 -0.326318071873979 0.199372216940539 0.168031405545835
-0.317332032027781 -0.270145243293959 0.131754155789164 0.316593275876654
-0.416064536662479 0.000931562531898779 0.301598991232828 0.26494941118735
-0.293767132011873 0.278541597220742 0.365064197538236 0.0348715725029601
0.00133499903981177 0.303478897630606 0.186142725031171 -0.133366960421286
0.137010171072165 0.202210954699054 0.0704270295361556 -0.113601770417406
0.231896373476967 0.103801117829599 0.012963316579132 -0.0478631458493841
0.239912891927543 0.0318705006449879 0.0471852266873913 0.0135346762634589
0.238417482453538 0.0194949906810406 0.067738946137718 0.0627923074647246
0.199381030827998 0.103640038795368 0.0460714823121252 0.114221584697766
0.134595711261281 0.185572388663104 -0.039304313329828 0.173993026536433
-0.0399788378734055 0.301687822087174 -0.142556925004674 0.119844667333049
-0.242125815409897 0.209183471480707 -0.174501168159352 -0.0206629788387407
-0.315093756166023 -0.0558203298597068 -0.0906992027443714 -0.0617211503362075
-0.283525733950109 -0.282407177999694 0.00546258130894737 0.118339758869837
-0.115330327095174 -0.263828893358899 0.220567417264264 0.2843099948686
-0.211923892539387 -0.254389465943692 0.13783629322838 0.369119289483372
-0.327269114535965 -0.0488182843605164 0.237103375123971 0.301112735696237
-0.259400811133775 0.193941005965149 0.307865959056391 0.11124691341052
-0.0156781809410358 0.242592574510756 0.193883602477485 -0.0372151372469771
0.104656543893043 0.164204447454733 0.127952071922642 -0.0375811656213364
0.187277490396255 0.089683474674616 0.0920755795589969 -0.0134629811117723
0.201161942618548 0.03091306136272 0.116425077257864 0.0263177162531966
0.20212903115142 0.0198704729915391 0.138786737237557 0.0747718728155781
0.171348938448985 0.0883544520410761 0.109458729550442 0.137431478093116
0.111344241431934 0.16051659644127 0.00368391373411012 0.209743067293242
-0.0504104684950773 0.250416668567783 -0.121350244057479 0.15236442388706
-0.219169668024329 0.150687883093762 -0.16284247198785 0.0106341363370168
-0.246529038809463 -0.0849505723550605 -0.0580393482030221 -0.0446805832831932
-0.18339982631733 -0.253825437326702 0.0617497636345546 0.184399180189068
-0.000458934846964475 -0.149709472550499 0.215618793748257 0.34604949229734
-0.0794258732606962 -0.177605216037487 0.137595631545161 0.37669602099293
-0.180690067551841 -0.0613647054722401 0.174186380230263 0.301392263521181
-0.165223511662145 0.0964579909206485 0.249517448642901 0.152292870424611
-0.0165628097037988 0.142824732115059 0.194099750218904 0.0307693941783194
0.0609033581587276 0.0962850056620678 0.167120103102169 0.0150228437555845
0.114911428572141 0.0570932987501724 0.151447986002545 0.0106447813199858
0.131295866518811 0.024332748874371 0.166736785456151 0.0349500215573562
0.135130886418517 0.0182941921227543 0.192479324323763 0.0857282550617302
0.122800261176963 0.0649915688485625 0.151726221817433 0.162610031209073
0.0736634658131581 0.120732439208538 0.0267001500573038 0.243873623533432
-0.0593269565334609 0.174580311655694 -0.119604150185994 0.178250678039799
-0.171988805236924 0.0755472379814731 -0.164458036067719 0.0305924972905879
-0.151452688932361 -0.105598133459345 -0.0366897775684717 -0.0333673831104472
-0.058188673165847 -0.194620610434461 0.0944464246598263 0.233552672498976
-0.0605460548044 0.0737455386557861 -0.159731614760712 -0.256786678484227
0.0538147839194691 0.0712216671522664 -0.0505163835293524 0.0374187348589092
0.0971745653209509 0.00336552604501746 0.194137957098273 -0.0116630566629965
0.0398809152941643 -0.0730074680029378 0.164614571034953 -0.196460564665421
-0.0269681939129738 -0.0507424632196861 -0.0199572143083505 -0.294117787887137
-0.038732318491502 -0.0179811427000742 -0.203118007752669 -0.220467008069911
-0.0428559678179375 -0.0225914733406157 -0.245262294580068 -0.0956195027273463
-0.0348149240918674 -0.0202610167592667 -0.217560106393076 -0.0289317274987754
-0.0192633241157628 -0.0226472729784023 -0.207741200251162 -0.010333013650316
0.00663246765641811 -0.025386695919301 -0.213869439646814 -0.0252033090111362
0.0341987524563277 -0.0253879800043269 -0.212214732957552 -0.0651075897375386
0.0620516442457342 0.0225476633175166 -0.201381629918359 -0.169317122986105
0.0371236887864351 0.086220593769114 -0.160025438615114 -0.280401063301356
-0.060445437273768 0.0780999856709935 -0.125213034944507 -0.301299344414282
-0.110801918732064 0.0372913050582578 -0.228971051398153 -0.310987344983278
-0.182882096481481 -0.0241256964340951 -0.0977830832123809 -0.256249752163942
-0.0858434037987134 0.0494276004920885 -0.0227357723569417 0.0438141525098321
-0.0193245193653628 0.0786717602350337 0.24209692785532 -0.005569506993105
0.00875728633690577 0.0517384345782168 0.217918013819301 -0.216770594338095
0.0200701008915519 0.0318786765020382 -0.00254788559681814 -0.324645004133827
0.0334278959571861 0.0292103526964125 -0.198012827250982 -0.24511697340618
0.0551457097414325 -0.00467946835959934 -0.249100155392698 -0.103268729169731
0.059641797392324 -0.0145929124110111 -0.209498770918367 -0.0243620142991551
0.0717563632364424 -0.000460672937858404 -0.198057957229535 0.00292302977368208
0.0672505605265205 0.0440796427593294 -0.201338496263055 -0.00607210670647043
0.0492140616169011 0.0721421094901067 -0.206242742962736 -0.0326887097555268
-0.011311563683761 0.129126546749639 -0.204801439589749 -0.125290765579141
-0.0950412194723222 0.117252093393449 -0.175503704863988 -0.236111560299778
-0.182700131097803 0.0052032240430757 -0.157485707321887 -0.241670175851271
-0.220381977659983 -0.0955508444484152 -0.232605942190676 -0.247819224331904
-0.273072588398078 -0.136196688893021 -0.0162070500802734 -0.208496382797116
-0.226834926037285 -0.0112656910187181 0.021488625369934 0.0797943932469382
-0.165148197056012 0.130986226576231 0.299962075418898 0.0293136424175218
-0.0549781759758941 0.185384972997393 0.288419638314033 -0.21141090483864
0.0551673559506039 0.135183555888628 0.0387772688836318 -0.334415684919926
0.100564984252469 0.088798426021955 -0.160943180793812 -0.254756117770817
0.145164804073972 0.0223516136883631 -0.219010706299183 -0.105304452799237
0.146335243943008 -0.00677948790689292 -0.171998205466729 -0.0187022602027836
0.152934581258881 0.00901994808079651 -0.155863260147775 0.0219923381144123
0.129083107554083 0.087963179954362 -0.162759915257322 0.0280243175082849
0.0844465209006073 0.143578973811708 -0.186959613569059 0.0247387607085522
-0.037446362902293 0.229997370096788 -0.211124992707078 -0.0563563053127286
-0.185102243905049 0.175663465352515 -0.197752378272796 -0.175625768746259
-0.283603191885389 -0.0205508502717632 -0.173590136581317 -0.175344904744777
-0.311247189747231 -0.19015285676881 -0.203562771125935 -0.152346812875379
-0.314429033615256 -0.240794087767825 0.0728078928476261 -0.113323293447308
-0.336391865179414 -0.104222885705786 0.0726549269624196 0.145746182522718
-0.312456564157494 0.13974602950824 0.345475108183726 0.095302463245028
-0.145444624895435 0.293422069324667 0.35444119343259 -0.166381894915865
0.0656805915467819 0.236489349846335 0.0947273380512511 -0.309071232910471
0.147891632856308 0.14950060213592 -0.0947248889062863 -0.238811287860175
0.212049294149835 0.054130536377801 -0.157918145764664 -0.0965084669104181
0.211247520144602 0.00108863859959617 -0.108511453716829 -0.01061447613374
0.212985648623468 0.00923204726776937 -0.0894895598811852 0.0387762188453508
0.179548110420055 0.10394503312994 -0.100030972712373 0.0637805908521617
0.123894594369284 0.181216914147384 -0.145077188288584 0.0872150639384005
-0.0280257434968911 0.299912874388896 -0.198856806636109 0.0188776697782042
-0.226700818299033 0.231297797485334 -0.20585110571169 -0.109691607004678
-0.342410936704948 -0.0164497694834986 -0.16277453960817 -0.118741318045397
-0.362845070662213 -0.242020132472153 -0.142448974596495 -0.0512937357454399
-0.29776497613565 -0.308535353717449 0.151745716547656 0.0191565137479857
-0.37639978108545 -0.198951681939083 0.119328377367831 0.229935273691825
-0.410511058029324 0.0962265566255067 0.352435967054082 0.177814660907331
-0.234126086386957 0.334470418720425 0.385817204618777 -0.0829664793146313
0.0484077059177452 0.301407358045479 0.147229471460778 -0.239320072008696
0.164726074041754 0.190546422147861 -0.0132433742338975 -0.19007309078029
0.245733721673075 0.0790824465858469 -0.0759483688185771 -0.0760728017517184
0.244619770572222 0.00873838081022536 -0.0313985995588774 -0.000855396007229855
0.243013275423612 0.00517518684294787 -0.00857176915392428 0.0504224992186166
0.205448113015824 0.100898147909478 -0.0241084498726325 0.0912123796809712
0.14740766763116 0.188979339186001 -0.0873289875645137 0.138482988847489
-0.0163817769857008 0.323165277914826 -0.169979716170086 0.0819470886595862
-0.23623454853071 0.250018651806557 -0.197427069499947 -0.0531639152916636
-0.35184118013614 -0.0178878647435857 -0.13266941111419 -0.0813145212666034
-0.358860447738993 -0.264275126159926 -0.0633012780051216 0.0404608478454613
-0.231120474345512 -0.31561969836798 0.207737250913626 0.159274712892577
-0.332864764803386 -0.254837995978071 0.14551436082317 0.311556647966182
-0.417074600162675 0.0242965431420177 0.317201031480172 0.251161643853341
-0.277055873544394 0.297588085101537 0.367527064809019 0.014864156188324
0.0180359997387463 0.303093310900003 0.180750002330834 -0.14124051726136
0.149711314507263 0.194993351342342 0.0644553795227597 -0.119049286792356
0.237242706945083 0.0877348560474401 0.0123839472486441 -0.0469026353035098
0.241237792120635 0.0145836792870299 0.0480384234991536 0.0102903826677183
0.239626625129333 0.00405480905013697 0.0711546669958929 0.058704452857048
0.204854879710867 0.0907026184964485 0.0515297416341719 0.11156842707869
0.144787841441518 0.178487272086471 -0.0285918635829344 0.177122462672888
-0.0194365862694064 0.303448302242275 -0.136256279850526 0.127777635412821
-0.229508683294145 0.223654459332121 -0.180050026960475 -0.0106634973668763
-0.317112515313225 -0.0394402740857304 -0.0950752494381833 -0.058516829011329
-0.29991519210279 -0.264006737874119 0.0129638102794955 0.116488401868296
-0.129776832395056 -0.25843158247104 0.235103992441627 0.275977470364341
-0.226946790679087 -0.244038790104071 0.155402805574149 0.362632155864081
-0.330180429001756 -0.0303083597870432 0.252564183984513 0.291391154848101
-0.246822867886343 0.210190339621518 0.313875916638385 0.0940535338910796
-0.00315594138722269 0.243101816326332 0.192663884510085 -0.0467338695799327
0.114509686179047 0.158673315580185 0.126427247868657 -0.0466075064403016
0.191756845487762 0.0765906823210013 0.0927012429637903 -0.0184133836135631
0.202496181525473 0.0162820052075727 0.117595205065681 0.0191860337093819
0.202308305757239 0.00704370042191192 0.142422953554228 0.0660657475607943
0.176726030880408 0.077508926782599 0.115655706034883 0.131732796569808
0.120203463622364 0.154244569010384 0.0158402485102999 0.209929576483823
-0.0345942081939975 0.253433023445779 -0.114254361266717 0.159934922095302
-0.208879430166183 0.162743472183941 -0.165382423892204 0.0191412519017301
-0.250664859057498 -0.0721359401672198 -0.061354332974705 -0.0433220755778748
-0.197598231523271 -0.241144817476406 0.0731188908159259 0.179556230345809
-0.00936762152966782 -0.149977732919498 0.233818498153691 0.337854452999576
-0.0891853471351952 -0.173519754706143 0.155777080816665 0.369867238272932
-0.183814313610795 -0.0521618176614552 0.189848788273409 0.294857048335944
-0.158863864961968 0.105262779644196 0.256117592048151 0.138872819248649
-0.00932148043199172 0.142004314744802 0.196248012392568 0.0205192728767999
0.0661934359984439 0.0928945347959116 0.168801793276261 0.00351991927430479
0.11688150394792 0.0493361193431225 0.152470506443611 0.00244278993321953
0.132469835730063 0.014281154306472 0.16776834360236 0.0260740084625967
0.136245244907722 0.00944030534045808 0.195963110965525 0.0739957738545001
0.125810843125184 0.0571249022758644 0.158758471323404 0.153731132885783
0.0806746037184428 0.116901019008408 0.0397766645678597 0.242696394524932
-0.0471772151963752 0.178606190489972 -0.11030535278693 0.185322089884396
-0.165986072357034 0.08401572577377 -0.165502901819495 0.0392324946493045
-0.156433889637184 -0.0973212942455193 -0.0396152791179273 -0.0336385498981061
-0.0691022638464838 -0.189267705041098 0.107516660600642 0.226167345290412
-0.0605849252549528 0.0767828942331752 -0.166882900644349 -0.253352907438597
0.053986946679446 0.0704441149795324 -0.0484506651714253 0.0418700295601206
0.0980457245171964 0.00139554326862516 0.196799158751278 -0.0191397052196184
0.0383641318808694 -0.0742185182985805 0.160317851717383 -0.204584025083751
-0.0266149962259795 -0.049744388882875 -0.0287260995755845 -0.294810739936742
-0.0378949260087419 -0.0156743445913777 -0.209726082089799 -0.212765584952094
-0.0436639000139271 -0.0198866899742978 -0.248280314567099 -0.0869575206519907
-0.0363128905911072 -0.0193587905838269 -0.219047888214538 -0.0211428730904231
-0.0202385518407679 -0.0224243188823267 -0.207524177032437 -0.00223275269305927
0.00583246600193161 -0.0255213635581338 -0.21469574023372 -0.0164095190013029
0.0328446275795287 -0.0269289412769433 -0.215341932981749 -0.0586813802842631
0.0630956847111976 0.0203158015116931 -0.208949703845073 -0.166164152684165
0.0394422821449908 0.0843881882479726 -0.16880836098206 -0.276984277724896
-0.0613100319122586 0.0795836932907958 -0.130523861228817 -0.300589110625365
-0.110345060235619 0.0403609840861699 -0.23922931520821 -0.310528481843765
-0.185973462398984 -0.0181511301197272 -0.105189384086673 -0.254827871100586
-0.0866144786737831 0.0526861661737725 -0.0214582791317582 0.0472557927973714
-0.0169272824654958 0.0811909615636277 0.2456990784938 -0.0133902985014724
0.0111665627736969 0.0534187760564123 0.212980846207076 -0.225348248467534
0.0228260059228854 0.032098593532065 -0.0103776096587528 -0.325635754424598
0.0367520254363542 0.0284792286977807 -0.206031488246345 -0.237983255229754
0.0538263102624503 -0.00644342371943682 -0.250364740434133 -0.0938505074552975
0.0591991222354733 -0.0179134052471327 -0.211094991861362 -0.0181181669535707
0.0723763302129687 -0.00333372192859483 -0.196796814149519 0.0102516678420733
0.0699463696379673 0.0424048811385343 -0.201737616388876 0.00234217694753433
0.0517695872993811 0.0707110073711149 -0.209113698138837 -0.0269122583179097
-0.00580049452352941 0.131228735900964 -0.210763989926476 -0.121530467689999
-0.0925551313157053 0.119341628335285 -0.184308110270576 -0.231129884820029
-0.186035584450014 0.00976138047968491 -0.161808836671579 -0.239649920571426
-0.225306608539215 -0.089537189352328 -0.239529742882987 -0.245203644408047
-0.279232741833537 -0.128979597534144 -0.0219496391656719 -0.210634414236043
-0.229681204460761 -0.0052767451973587 0.0232787957068447 0.0819837319673929
-0.161504108072188 0.138335348323244 0.304820837684165 0.0203046360858688
-0.0470592870857711 0.189976796599405 0.284580101276015 -0.223001030213817
0.0610035938004195 0.135108218613205 0.0314482404145515 -0.337805404240006
0.106045818287394 0.0861652886621211 -0.169403998103336 -0.249638270303073
0.145764441345372 0.0168959499445932 -0.220363744653167 -0.0976181706868635
0.145979279219431 -0.0144051309891721 -0.172533733037599 -0.0137691186806107
0.154243358964002 0.00327814600836578 -0.1540728126638 0.0279195550797929
0.132960043665024 0.0837826812580595 -0.161164971666202 0.036005113887933
0.0892287928555276 0.141690640423733 -0.186727288732048 0.0312028669158698
-0.0274717635759029 0.233545581846242 -0.215160494339669 -0.0520284510558499
-0.180684891180215 0.181636927936788 -0.206116851897234 -0.169742068389558
-0.288834763358053 -0.0127330743411664 -0.176403728220543 -0.172682381126562
-0.319185413702892 -0.181206847713564 -0.207386926913498 -0.150358235689971
-0.323868738807483 -0.23320263911101 0.0695293741414473 -0.115926774792879
-0.342386173948392 -0.0953131880303131 0.0766332910506981 0.146336166503336
-0.309717429406835 0.15166852728374 0.351822520380244 0.0855119147458817
-0.134937898322935 0.301989825503359 0.352113173009968 -0.180502583757992
0.0746500468894701 0.236524312213937 0.0881571724802895 -0.313196361643522
0.156118213658189 0.145730090556032 -0.102089584657306 -0.237228390109505
0.214241686942571 0.0456250978158027 -0.157973992305137 -0.0908706134042321
0.211479242337711 -0.00917367766723097 -0.109358755220407 -0.00782143722650028
0.213845161674052 0.000613797977386256 -0.0862275769777276 0.0423226493561394
0.183930360302013 0.0983903447914214 -0.0975986726080277 0.0687806390242145
0.130777051539574 0.178175013769386 -0.141864997020521 0.0925021005461227
-0.0160895029690382 0.303925677288083 -0.20036436888896 0.0242917517690835
-0.219483648793086 0.239243919726463 -0.213105379853732 -0.103992185355322
-0.346720052497376 -0.00799236736054618 -0.165737124473887 -0.11574958968331
-0.372148141696457 -0.231944848729384 -0.142906642594084 -0.0497321024782472
-0.309801375927802 -0.302025088086584 0.15305094060182 0.0154770608006259
-0.386293134591947 -0.190601186466291 0.124026796531075 0.229496519961814
-0.409854836163321 0.109338950131388 0.361389704177223 0.168845958074186
-0.222195187536999 0.345842193181806 0.38579349970352 -0.0964612363777931
0.0589038964335641 0.30169764366101 0.143576122115202 -0.244923376390779
0.173307911849289 0.185743123189949 -0.0199839441538671 -0.19179921932985
0.24795894675859 0.0695613206590209 -0.0751266448959036 -0.0737322161420439
0.244961866007728 -0.00359922340819423 -0.0313928305419107 -0.00037248926472243
0.243818381973916 -0.00436922776846531 -0.00615463761938922 0.0505602240883777
0.210572040741377 0.0942848818634961 -0.0210680442815578 0.0935235709602447
0.154101575428369 0.185361800615544 -0.0821346082257642 0.142811675032466
-0.00300830748174544 0.326746022663919 -0.168723963926601 0.0871487886780299
-0.228255139268539 0.259388329134324 -0.202995992828779 -0.0468236009603023
-0.35443937653622 -0.00857231553458639 -0.135075691539041 -0.0789923093880544
-0.369546931611423 -0.252572825767413 -0.0613858172784791 0.0404169893940336
-0.243090225966579 -0.311897043778021 0.212713915224443 0.155926763988754
-0.343686218340061 -0.248425829243727 0.153156981666014 0.30935321859264
-0.418710344956947 0.0372360660448333 0.32626761407786 0.245228916560725
-0.267067782050404 0.308883575652483 0.370103554248913 0.00337623142616881
0.0276714035168 0.303749341983999 0.179966535017607 -0.147851994511838
0.157601734010506 0.190824184443299 0.0604401993046214 -0.123188501224152
0.240249649175648 0.0786653530056234 0.0133409206595698 -0.0476821170586596
0.242337638855388 0.00297871457460376 0.0479552863272688 0.00840735931467624
0.239766223781972 -0.00477662556169755 0.0737274002106683 0.0561210613001065
0.208164213884761 0.0842374279739744 0.0556041054319447 0.111190508021105
0.151100245643743 0.174481145000725 -0.0224798515305196 0.180295706006812
-0.0067402878802277 0.307056962526951 -0.133662742558135 0.131999320344354
-0.220963965168328 0.231499035422115 -0.184180014774367 -0.00554662404962072
-0.319650298333303 -0.0312727845416806 -0.0980320420282335 -0.0573005506052366
-0.309368711463689 -0.255025492825129 0.0174145185373242 0.114602180206286
-0.139305552600136 -0.256777513423564 0.243223372849462 0.272359366454848
-0.237143568515146 -0.240486338412959 0.164175699805869 0.361179752574593
-0.333240771120593 -0.0205444828989973 0.262935975472611 0.287344932076989
-0.240145514307545 0.220364624181245 0.318036249313725 0.0842649583038936
0.0035812949148601 0.243008106719373 0.194305735356719 -0.0511335577677155
0.119569634093182 0.155283174146712 0.12597530407155 -0.0527682564453338
0.193760198103775 0.0693247267413533 0.094725948590712 -0.0221192747779758
0.202747424708452 0.00618278215827893 0.117843375330922 0.0158410919192761
0.202902793982806 -0.000987499504715638 0.14483550548803 0.060782833377394
0.179254994657984 0.0705139125459499 0.11881731783667 0.128663333040644
0.125656170251142 0.150600045570949 0.0228182233243195 0.210951654334475
-0.0240393791229227 0.256768761449264 -0.109689677307026 0.164018832876032
-0.20253510084642 0.170050315241638 -0.167934641221903 0.0244800194796125
-0.253297418029346 -0.0655769565980877 -0.0640004737780252 -0.0429072038346523
-0.205671492021058 -0.233734717947467 0.079318758859133 0.177033811596979
-0.0153288413106647 -0.150372814082481 0.245265886645149 0.336907779122961
-0.0967370739227215 -0.172228811792376 0.164879072014905 0.369163632139756
-0.185922645084051 -0.046809784306232 0.199263586199388 0.293154360487439
-0.155411253235792 0.110811359521371 0.260310507794381 0.132675763567321
-0.0054058178117127 0.141726861616894 0.197829803478242 0.0162784257610402
0.0680013192699072 0.0908066102082559 0.170185458315516 -0.00374626284049386
0.118530240732856 0.0449678395996238 0.153666549289028 -0.00343446328224091
0.133399956439489 0.00834949270845902 0.16839587510505 0.0210143034339574
0.135886849299028 0.00422318466177644 0.197556292248056 0.0678856419803687
0.127721523446678 0.0521007899084815 0.162815961571354 0.149354411912707
0.084600452189622 0.114333199277961 0.0480176477262557 0.241972848764726
-0.0397228277894177 0.181125833524277 -0.106187159381225 0.189552367734988
-0.162791677085 0.0896561621899013 -0.167644667322047 0.0438032244999767
-0.158856600941221 -0.0941180345542172 -0.0418458578093922 -0.0348162922042028
-0.0749380433490831 -0.185869471026527 0.114740197223908 0.223774349088426
-0.0447986462814426 0.0869008004266776 -0.236495817637732 -0.226762132385601
0.0674934400327379 0.0586135747309204 -0.0413043199554157 0.0597872602482104
0.0964585290544609 -0.0207228434349731 0.203680710395602 -0.0573099028994818
0.0194731516961791 -0.0839820909227609 0.129183754629075 -0.244144285539919
-0.0397320028876717 -0.045375154678025 -0.0909663429406519 -0.299566249975611
-0.0423351422806715 -0.00527402974472209 -0.256809214404803 -0.172769566945603
-0.0487947593207508 -0.00779105470956576 -0.266508062707582 -0.0401986677387838
-0.040739404529377 -0.0106743494213299 -0.224894591406061 0.0247667547089321
-0.0252294179732311 -0.0171329064664491 -0.2110712030824 0.0439395561609506
-0.00100992499931432 -0.0269102270421472 -0.224544143274583 0.0331564349630061
0.0234992087339377 -0.0336894887793394 -0.235258744204058 -0.0111065597573894
0.0660312799303434 0.00282267959295514 -0.255532312945068 -0.122611428065774
0.0557787215303953 0.0682291067934711 -0.239940166225747 -0.245101807825178
-0.0433361046403017 0.0888440576015891 -0.201010424443621 -0.287552796993249
-0.103795951238575 0.0581470231927707 -0.309219092527017 -0.277180587482999
-0.18509013191851 0.0205898629977369 -0.17292589485798 -0.252160543972446
-0.0743233206107799 0.0713734100711041 -0.0163353865705082 0.0535011088838276
0.00337467475153648 0.0820514668853208 0.244456453246863 -0.06556574267536
0.0240692212923718 0.0456203229629527 0.169053529300515 -0.275140075003672
0.0262485177655186 0.0248371632907004 -0.0795543262124085 -0.328123646221695
0.040413496348393 0.0224141735192754 -0.257486399997373 -0.194327061789578
0.0489770550619495 -0.0181315825514884 -0.267924942733671 -0.0392982767814104
0.0531796919281725 -0.0289739951332661 -0.215221495576274 0.0265558974851215
0.0685314234383396 -0.0180602666610699 -0.197890090715035 0.0541675139438184
0.0764250518679499 0.026796651874366 -0.208177532118797 0.0498217129639493
0.0609204372726495 0.0574991688074055 -0.221868317394391 0.0209968426990326
0.020864725236484 0.126518620341407 -0.249583388211355 -0.0789937105275473
-0.0656956344673263 0.130973337721567 -0.246512129842109 -0.201541698951469
-0.185193154273746 0.0463363455595703 -0.211301583603373 -0.218245618726741
-0.247742651211651 -0.0461348366574914 -0.284943507886243 -0.207559194895323
-0.297154906975274 -0.0683868624295384 -0.0753323252481561 -0.232590982587213
-0.22656962736327 0.0447830284409446 0.0347753514047387 0.0725986426173586
-0.124664064819212 0.169114859720763 0.30125298755802 -0.0491328871292833
-0.000120525302562811 0.191474371156622 0.229928957667005 -0.286992281479043
0.0860703137518981 0.116632177149638 -0.0423734631888521 -0.343239826537134
0.120902885095488 0.0639969511809424 -0.224050952044516 -0.210178473356664
0.143142958743475 -0.0168863852555665 -0.237044533867742 -0.0418814571715594
0.139314682109598 -0.0444065525482062 -0.175149434686672 0.0232434524024779
0.150085996374656 -0.0288902836755623 -0.15182132326709 0.0615938254914225
0.148102520129377 0.0552237644792022 -0.161514600704371 0.0755327029021542
0.112575674862669 0.119254566791036 -0.18684354152851 0.0758292792160669
0.0210911708835573 0.232440967940907 -0.23955044876158 -0.00811681053736634
-0.139157627189313 0.211877909703462 -0.258062846868966 -0.138049854894744
-0.291803741906119 0.0468478935076005 -0.206994138368367 -0.148163820505154
-0.362080334386345 -0.116035676995316 -0.223247211450338 -0.115847302999237
-0.361311417250417 -0.160336050022605 0.0433818740404676 -0.161014522454038
-0.356027438170768 -0.0192825177953174 0.102814248081376 0.1204663160084
-0.265010642458092 0.214931205818932 0.354306556735824 -0.00100604844104167
-0.05776317096506 0.319260252573585 0.296178904052887 -0.260472531828178
0.121886859477648 0.212979952399871 0.0174585422783381 -0.324721796685946
0.182608693502538 0.11094153339199 -0.154994273138394 -0.207172361420869
0.216857261259059 -0.00533343326941677 -0.173612333817656 -0.0429880658492115
0.204750935888234 -0.053146826396285 -0.110775931613114 0.0161962752694564
0.2081400603324 -0.0440308218882822 -0.0808050695799282 0.0613749531386119
0.200372960093385 0.0592456313760151 -0.0897974352452591 0.095672749054564
0.159973891937754 0.147815762227479 -0.127752980050412 0.130357055582376
0.0471607692082417 0.299477903152468 -0.208577134141596 0.0675068601662221
-0.16503609676674 0.277174485366422 -0.253672554947814 -0.0695386012050025
-0.349260248749115 0.0656161854511092 -0.180784723325134 -0.0938452979907045
-0.426525048143248 -0.152271317643747 -0.130940417270581 -0.0247969219321305
-0.361560615396888 -0.230035692669145 0.16262196939879 -0.0437980310185485
-0.418378815081415 -0.104123543184641 0.17235999670522 0.191589692617538
-0.371423475947991 0.195812303946755 0.380449148552144 0.0749652424119837
-0.13136760682612 0.383100869564789 0.341503667509654 -0.186373651636722
0.120534868919043 0.279968688119185 0.0843842073786023 -0.263870452536279
0.207677784742557 0.146974685149897 -0.0628185799182177 -0.177403955245858
0.25601546018734 0.00901964700797351 -0.087414439824857 -0.0389778388387111
0.239044987793727 -0.0547604484117703 -0.0306819981114568 0.00737132036102245
0.23680770038497 -0.0549074078689726 0.00193227157819588 0.0533729604710023
0.226380119002065 0.049906142423349 -0.00605478320960323 0.104216661112773
0.184916026954514 0.150726179015477 -0.0546249848258366 0.168610104060463
0.0640582014345363 0.320356494764823 -0.16163722474994 0.125017260304483
-0.168497037833141 0.29818746525935 -0.231411063698121 -0.0135374623438339
-0.356179874614895 0.0673496744536153 -0.141334681777395 -0.0624963903514378
-0.426611720658038 -0.172524624188685 -0.0271836277573261 0.051932164253172
-0.298972973315188 -0.252930573625306 0.258515995417504 0.0932227052584499
-0.388733314650382 -0.170566286475366 0.222931220106146 0.267941102093949
-0.395594408179585 0.128553705047994 0.363301382330978 0.156972436110521
-0.18265778964794 0.358235744809819 0.347079479292607 -0.08442949187757
0.0913775852886485 0.288723013805716 0.139060109815971 -0.172847175840876
0.193703170693823 0.154150354472213 0.0329937697917267 -0.124805792747097
0.250892528120332 0.0202794340097045 0.00588312906248011 -0.0310892476658706
0.237971309249449 -0.0477901925793354 0.0509898063929419 -0.000217636536760538
0.233668699318993 -0.0546099793592607 0.083895534213839 0.0410482029787987
0.222367827824332 0.0405600501925304 0.0755025930185051 0.105385734099799
0.180096691718977 0.14117823618913 0.0148423031529952 0.19248419769703
0.0553899637470518 0.302528220540846 -0.114366265296637 0.164128282820842
-0.167535141804381 0.270330224625158 -0.201835981200561 0.025416925697095
-0.326022716558186 0.0378937963718242 -0.0985817091740439 -0.0460836025827912
-0.366197561684772 -0.185290910240673 0.0668949014032157 0.114372018746492
-0.187437637498275 -0.219080983033742 0.318984756193105 0.216494416677705
-0.282452333973553 -0.184771952209192 0.248962656078674 0.324283272011643
-0.32496925270613 0.05319862216295 0.315061828197679 0.21697018134668
-0.17766884243994 0.266044063399937 0.31666247989348 0.0104337898241577
0.056121155773472 0.234547960215253 0.17601937087119 -0.0809314145379855
0.149507013245492 0.126484251676006 0.113284693453472 -0.0697965906570941
0.204110291006606 0.0208365107811261 0.0910149015674754 -0.0241458234558604
0.201037030799269 -0.0363390541287081 0.122596310309208 -0.00706985548545538
0.199143893796993 -0.0429924777311888 0.157091597890109 0.0309415279279983
0.191231605573211 0.0343549111985479 0.145515266532931 0.108047078082535
0.150773941857391 0.124483008578017 0.0692909691216986 0.213350777739954
0.0277679809637435 0.257191384916321 -0.0818653090357104 0.191470900115712
-0.16274004439356 0.206099096427568 -0.176841889819761 0.0534225835509132
-0.266525506834161 -0.0115304796788897 -0.0641271708948038 -0.03594267770879
-0.256713405027177 -0.185219758031526 0.137854256553122 0.16809152343248
-0.0458063220606961 -0.14041608852393 0.335284672280547 0.293626267207125
-0.128695157239469 -0.147596352142289 0.253033134937205 0.340529579509556
-0.188769903542204 -0.00512032008462875 0.258800244558204 0.245239999729997
-0.121412746296934 0.141499512058096 0.278963492266575 0.0743640105143186
0.0253184057678544 0.137146994470701 0.199453392967192 -0.0185439275252132
0.0851310363076731 0.0733079307226293 0.16969490203471 -0.0334819788327589
0.125094903094046 0.0155436859486272 0.154442094551004 -0.0244341117932857
0.132817836622412 -0.0200527664538629 0.173980061080855 -0.0127362701647261
0.136071260578657 -0.0241526207128445 0.213024050940757 0.0262431554170603
0.137314682917586 0.0263100915060865 0.195936264836973 0.119829632041914
0.103883105260702 0.0967489306935686 0.102616860035921 0.240064788365294
-0.00343788062445332 0.18657907408154 -0.0706067579301739 0.216306545944578
-0.140767532751648 0.119108368310874 -0.167628820265869 0.0756217029531656
-0.178825875911384 -0.0595920513773136 -0.0432226691235514 -0.027730498902243
-0.114408095432329 -0.165378511666542 0.176053979376705 0.212053117880262
-0.0444960816575567 0.0948656261375447 -0.255868605260606 -0.229898617714242
0.0710027667770582 0.060364477623484 -0.0406135979912226 0.0654489235853091
0.100994591577893 -0.0254476150106931 0.211241801019278 -0.0691760128094587
0.0178789244802834 -0.0886439259771165 0.126406144485352 -0.260723618041008
-0.0418254068555674 -0.0460173641760481 -0.10497075574782 -0.310982487466376
-0.0424316618979972 -0.00468597413951958 -0.273098878133277 -0.170514817454399
-0.0511381057743606 -0.00496563329756307 -0.279039902227741 -0.0307678108092299
-0.0431742138166361 -0.00862134890010846 -0.234515686042569 0.034987775789452
-0.0264252905176052 -0.0172149312585285 -0.218858810006601 0.0538100008693108
-0.00141402841791457 -0.0280366226656673 -0.233351877385081 0.0447000036307545
0.0223594779344595 -0.0359435521871087 -0.24735058257108 -0.00399058775845243
0.069164517445236 -0.000132019944312245 -0.273912254423254 -0.120533151791383
0.0590435179077113 0.0681392200529761 -0.259221450781456 -0.247984426247805
-0.0448033157692996 0.0950523214150769 -0.217432155311331 -0.297620953776986
-0.107344013983547 0.0645314780075563 -0.334763612760777 -0.283091091932061
-0.1936461459851 0.0298666670303145 -0.190023427200333 -0.259512513866002
-0.0763104938134409 0.0783172199698771 -0.0145709335491773 0.0581347141277841
0.00806412006919788 0.0866956536617235 0.25347504464785 -0.0787789340493282
0.0282315448577433 0.0472968407365579 0.167139199471063 -0.295536991350589
0.0302236543819566 0.0249188320775846 -0.0948245315814588 -0.342500141526406
0.0445959717862672 0.0216298224289497 -0.275892486303092 -0.192993810385176
0.0502587715868321 -0.0206027226330586 -0.279978162429681 -0.0315671763543558
0.0534017008410461 -0.0334867427740381 -0.223897517447497 0.0354748411297483
0.0714613396198505 -0.0229877997882205 -0.203677408216471 0.0640117787472249
0.0821150340540903 0.0249607509775095 -0.215318069518402 0.0608533661519868
0.0660616815086642 0.0584541745630452 -0.232464161086054 0.0296365178083614
0.0281145327189349 0.131578437143845 -0.267378890071149 -0.0746621389661587
-0.0653127193813525 0.138893506358758 -0.265422388577103 -0.20216412830463
-0.194698030705121 0.0556807984489363 -0.226351425514698 -0.224944753760808
-0.262065509545573 -0.0392195594192785 -0.306643447135063 -0.212789074534445
-0.314735043195712 -0.0598433734021533 -0.0870973423186823 -0.241666870922324
-0.236861833014404 0.0555074489696689 0.0386112322304815 0.0759991037595435
-0.122897701830217 0.183711673298474 0.313125107437171 -0.0642938891213531
0.00922491402421387 0.201631060003865 0.23070235782517 -0.3109714508444
0.0964045020077705 0.119199718832307 -0.0559313172953703 -0.360078928980976
0.130823710244375 0.0617750919327539 -0.242047004038025 -0.211213336119209
0.148176290304744 -0.0231123795858071 -0.246705322376434 -0.0357146107435854
0.142091803638673 -0.054069070300622 -0.182467718136606 0.0304475811096997
0.155679939880148 -0.0374939912027987 -0.154483317413702 0.0697460149679605
0.157655598989857 0.0519684205747635 -0.165280806631117 0.0863922294651023
0.122768139628397 0.121182416261963 -0.193435468476882 0.086693492713763
0.0331133673794721 0.2425661364004 -0.253998803308178 -0.000854946532118816
-0.138189338485189 0.226527194330656 -0.276100444475904 -0.134657114260834
-0.306761291017755 0.0600566013143786 -0.219619161208496 -0.151368805283922
-0.384474207601565 -0.106612106660008 -0.237703492113836 -0.116948699240268
-0.384199137338683 -0.154388556377163 0.0402677681431575 -0.169917144151895
-0.375602079457512 -0.00745319758996379 0.111408138563572 0.124057384363775
-0.269372717440597 0.236441178307504 0.372088126718936 -0.0145105698456973
-0.0459389865606286 0.338217887832166 0.300409915486612 -0.284133802255468
0.137129134556978 0.218817623646929 0.00739871201722578 -0.342076539767088
0.196543361039403 0.108705856908808 -0.170537713040683 -0.21090752604778
0.225508318211518 -0.0143792573362883 -0.179968732636474 -0.0395113625005742
0.209859643736162 -0.0664683336123319 -0.114726355040003 0.0206860629203992
0.215805616074027 -0.0561511174349447 -0.0810268511196676 0.0668795620673665
0.212962628460576 0.0538558217757154 -0.0888181258960732 0.104533891441771
0.173104467207427 0.148508722336688 -0.128805233588789 0.141155303703478
0.0635465438998822 0.312046174130061 -0.218452990721491 0.0769280400624594
-0.162529730235889 0.296622609686326 -0.27051523654015 -0.0626101779711297
-0.365004295582131 0.0808642290165279 -0.192000711560028 -0.095008829100245
-0.451759927235656 -0.143593947213609 -0.137445236222297 -0.0248183062978143
-0.387066086657152 -0.229181139872814 0.168800900254446 -0.0508055973412661
-0.443994118192392 -0.0945493482836503 0.185198778589594 0.19590115314599
-0.3824620199475 0.221045517560332 0.40106169670422 0.0641311136581192
-0.121691243245371 0.407638428331396 0.350589198291313 -0.207608297618321
0.138014978423734 0.289955912151587 0.0802264552587239 -0.281112972638359
0.224534412115061 0.144518788345097 -0.0735777931818436 -0.182862281961119
0.26687900952171 -0.000399590165051156 -0.0903478929543225 -0.0389910947291353
0.245686130182971 -0.0694576867593773 -0.0319252919556019 0.00870671853326039
0.244970224549399 -0.0680628368021872 0.0039654284499119 0.0548577843418872
0.238952416830063 0.0444123786535481 -0.00155995402164541 0.109915014227201
0.199307581042175 0.151238997982152 -0.0502375131222158 0.178346267461806
0.0828283406051066 0.332969697561193 -0.166573700752619 0.13726841490176
-0.165666535795716 0.319207639665208 -0.245244049200857 -0.00375791064657462
-0.371348240310936 0.0825638033736234 -0.150509456919092 -0.0631670622454867
-0.453904404242693 -0.163682616439269 -0.0257097394175778 0.0533515166652215
-0.322321722704044 -0.254640670324854 0.27440156308518 0.0906581075494699
-0.415941355849645 -0.163907581980272 0.241938791601701 0.274399139766134
-0.410186500529197 0.150203306963007 0.388023916918492 0.151510955951385
-0.176515425748315 0.383003128386876 0.358322509556556 -0.100575790123754
0.107530229489585 0.29945759085386 0.141290235816261 -0.186283670186205
0.209598297651893 0.153840122353995 0.0278519965740308 -0.131713737375855
0.261969319447935 0.0105323387852288 0.00736848079136763 -0.0339730310771014
0.244757552416889 -0.062095359644249 0.0536984869741915 -0.00194909852737353
0.241087836983672 -0.0676234050306879 0.0891052141327591 0.0396291504394772
0.234040764475872 0.0338469195275203 0.0835440571301955 0.108253105043363
0.193681315660091 0.140994558537702 0.0233748895595902 0.201465249611386
0.0727876198959926 0.314240451618096 -0.116122238089493 0.176568611919868
-0.165103911078425 0.289198272101275 -0.213463756871635 0.0361857649021833
-0.340222838091538 0.0508153363170672 -0.107004127334617 -0.0461911799147093
-0.389933334420915 -0.179083582680811 0.0749067620962501 0.116362744010603
-0.205844071182938 -0.2218400657815 0.342330763363134 0.217891808482608
-0.303602355071759 -0.18344738826544 0.271082198119746 0.332035693699385
-0.338813155503224 0.0680197212421859 0.337696502821807 0.217798967877197
-0.174722666809303 0.286438306784136 0.330448039981222 1.2971926170483E-06
0.0668105027283557 0.243644678366699 0.182534790393519 -0.0903420550796744
0.160425326552378 0.127287847015417 0.115619874829086 -0.0781634778838787
0.212954385831298 0.0139330955390112 0.0961049462260836 -0.0302091709164315
0.206927249411083 -0.048804164637667 0.128041593816461 -0.0120950907526891
0.205477113119703 -0.0540854430683831 0.164896315429756 0.0264761755385655
0.201141187584307 0.0276010092624329 0.155278790258999 0.108872774993194
0.162301898328844 0.124385483258533 0.0814398217125586 0.221296092029965
0.0416236450322347 0.26720092012442 -0.0806885897783962 0.203272687387614
-0.161689617176276 0.221563567003698 -0.185852048364348 0.0639324999188568
-0.278472386886271 -0.00411922409848445 -0.070575001414063 -0.0365260353733483
-0.275132961055232 -0.183879752881214 0.151008554585504 0.171139567871013
-0.0539368449457304 -0.14363188142154 0.362716683949867 0.299409282237186
-0.142029607983348 -0.148890370629758 0.275873386210603 0.349046921529143
-0.198078384056134 0.00277732799123574 0.279333299365764 0.25014256789812
-0.121629746957763 0.152660692870478 0.293999588211096 0.0700213224462239
0.0310574606738916 0.142546145067759 0.20836562958765 -0.0248235684505542
0.0907978130977362 0.0745671354641833 0.176332828093135 -0.0420127247427496
0.130289680795944 0.0105214123741747 0.161475545976153 -0.0311359973565722
0.137031390827743 -0.0278079828608061 0.182123376979342 -0.0188159003843755
0.140452756045078 -0.0319651184589068 0.222479551015736 0.0198057036750101
0.144575328145169 0.0212538549302047 0.207724227561453 0.118480814111719
0.111694464189509 0.0971869961610455 0.11565181892547 0.247320265594723
0.00474006205829854 0.194860257491666 -0.0677760932235987 0.229941684122791
-0.141665883887787 0.128978373888243 -0.175651595228513 0.0859531711796946
-0.187882978852079 -0.0567478133407902 -0.049010075927737 -0.0285367834592603
-0.125709021698244 -0.167879452546697 0.193134240792797 0.215766615191063
-0.0408943846801928 0.104412727330447 -0.28451452401266 -0.224368660785284
0.0778530595784274 0.0606967026527834 -0.0376533704141922 0.0722557214555479
0.105334669635944 -0.0335684503733108 0.215899939465865 -0.0879541310677294
0.0128698585969303 -0.0939215462073217 0.115536973153087 -0.281925236037995
-0.0466204592357564 -0.0466576407566467 -0.130566523367917 -0.319123415385863
-0.0429433064467247 -0.00217500281156538 -0.296390186276626 -0.159875843137145
-0.0525227712670152 -0.000458225667806915 -0.29361035723835 -0.0124891998079035
-0.0456480588349956 -0.00570970507076322 -0.242668731627345 0.0532901639319109
-0.0282564506558978 -0.0164873940902764 -0.225337687796634 0.071845651792013
-0.00300355815795474 -0.0297318238054575 -0.241110887864803 0.0638601673979307
0.0202273211467153 -0.0385619342013599 -0.261272171837576 0.0127792766606905
0.0727637924183153 -0.00539457204722823 -0.297934424440886 -0.106950569349119
0.065202916007582 0.0668758944243845 -0.286276777835884 -0.242806592340005
-0.0424860718892182 0.104208161681405 -0.243525270574667 -0.301253679245781
-0.108241056521313 0.0753064696275661 -0.371538318808559 -0.278311968163869
-0.201331484241726 0.0465683974879854 -0.217574701372837 -0.261540165352839
-0.0748649105428047 0.0882593411345255 -0.0115146191335892 0.0628314135800963
0.0161657274372863 0.0910770486300815 0.258003659822965 -0.101654549398844
0.0344309274180326 0.0480053478034837 0.154916346404595 -0.322133941757685
0.0344651054797973 0.0233126961109813 -0.121895404934902 -0.353479189361011
0.0502470130921195 0.0186210803027261 -0.301145661694708 -0.182496871373085
0.0517992026616882 -0.0243882833449174 -0.294135544381512 -0.0135756092284994
0.0524077653395649 -0.0390684930504338 -0.231472659091046 0.0525226087874409
0.0737820842469672 -0.0293375412735662 -0.207818045643589 0.0808767610667447
0.0890638450782519 0.0199509296220967 -0.220396485528995 0.0801197594142366
0.0737091913850548 0.0568213381738768 -0.242488273157674 0.047085329328104
0.0403598003749904 0.135419798414018 -0.288300336520615 -0.0604466124405163
-0.060061870931929 0.149819226822184 -0.291606468723762 -0.194465885611376
-0.20198877045699 0.07255961208808 -0.249222986497964 -0.224719875223675
-0.277391060676668 -0.021835972148111 -0.336274851467707 -0.205495895673774
-0.334560012354991 -0.040177777569275 -0.108387317438001 -0.250179251595735
-0.244987993053265 0.0751521391607787 0.0444645560400788 0.0775560196790166
-0.114320479442533 0.202609491139792 0.323352305126228 -0.090705567168685
0.0263256774385716 0.211210154117163 0.220105726984395 -0.342731789600314
0.110869402641174 0.118598985025094 -0.083221094638847 -0.375091959182453
0.143014628945216 0.0538647272701854 -0.267746064027681 -0.203495731405248
0.153135587549534 -0.0349757958367613 -0.259321150582109 -0.0219186263159489
0.142717474351849 -0.0679445682021742 -0.187717752870994 0.0443332221904749
0.159934966296275 -0.0514957486374202 -0.155707861260329 0.0838506807940321
0.170908180283618 0.0422306587026629 -0.165854724253921 0.103034418379621
0.137219233412226 0.1185938128659 -0.196725275796744 0.104461072396465
0.0541290104398864 0.251295466394033 -0.269899638161119 0.0167774807190161
-0.129988542711041 0.246938060682113 -0.298992716566118 -0.122260968414731
-0.319265364144646 0.0838281638412959 -0.239062367066142 -0.147744224518373
-0.410121490699806 -0.0848028617550991 -0.258165676632511 -0.110854237285323
-0.414593410185861 -0.135363850322219 0.0307107734313712 -0.182461393472267
-0.395153915870019 0.017444947277711 0.123463328581621 0.123152946299613
-0.264415341800174 0.268352015590801 0.387131235014248 -0.0424243010428187
-0.0219535884951574 0.358854031017534 0.29483016461798 -0.31959147303353
0.160504555418022 0.220580805660207 -0.0155931930040588 -0.361712611671832
0.215229753350708 0.0986314142932585 -0.193805329559834 -0.208322667984389
0.23556065011866 -0.032096851842783 -0.189261824939687 -0.0314490468650556
0.212586089412347 -0.0864773478950743 -0.118251537262985 0.029282530002822
0.221338555143621 -0.075563055520174 -0.0788463467304873 0.0751709185427137
0.228501968765559 0.0412457041501885 -0.0853615617555539 0.116765621755779
0.193173828048281 0.143858646057309 -0.124973047310575 0.157289263576359
0.0914681924705871 0.321938567009001 -0.227643268609777 0.0966457843012564
-0.150107785353609 0.323273019229158 -0.288671811906219 -0.0463103394062601
-0.377776318539892 0.109875778135583 -0.208566418714635 -0.0900039894975654
-0.485122333988956 -0.117548739563345 -0.145288735682863 -0.0192849469504823
-0.42213271175433 -0.213898660093187 0.17404247822113 -0.0651722832570217
-0.474028215815286 -0.068664043507517 0.206030597521426 0.19353793192491
-0.385168176598887 0.259120307592816 0.424175480108836 0.0394722449961005
-0.0969910372364227 0.436811832426005 0.350922603524256 -0.241720031551575
0.165912444621082 0.294572369882441 0.0648428693069193 -0.301834797985209
0.246691497854036 0.136006198298448 -0.0908942148369604 -0.186705174666057
0.278313683476338 -0.0200948228382734 -0.094892080345566 -0.0367444502647172
0.2493297864942 -0.0923889887990405 -0.0321561897859241 0.0112631268007017
0.250757502233732 -0.0909464777986979 0.00898754217605733 0.0561433596605341
0.254655569055604 0.0291354939787702 0.00641729481046269 0.116212089282717
0.219973581619007 0.144845836861494 -0.0398786526262531 0.190652854855616
0.113094832416165 0.3415437637541 -0.168673350654091 0.15614334871196
-0.150089532610348 0.346705116949945 -0.25969160603516 0.0137465731126287
-0.38450857897663 0.11243704163697 -0.162990597542485 -0.0576777037414377
-0.487199177089379 -0.137725108933526 -0.0226735820185313 0.0551563634200946
-0.356722602226925 -0.243537734129269 0.295127887868537 0.0775947224311219
-0.44888135414738 -0.143576432070539 0.270676397704366 0.271986603355909
-0.419162051715966 0.188916329360746 0.41443900518079 0.132293532798299
-0.157468682448227 0.415689197203191 0.367814253966003 -0.129132886413499
0.133917807357936 0.307793468804368 0.135830282752579 -0.205570427003293
0.230278142564038 0.146617751005007 0.019421007590436 -0.140366328547944
0.274700874866382 -0.00783733624189084 0.00677806050423025 -0.0386943017268083
0.24886902047196 -0.0849064984921248 0.0565326301193935 -0.0061842724794316
0.246265406774168 -0.0899236273815326 0.0959950324998228 0.0343166491290319
0.247504253903542 0.0186524175078069 0.0943395317072992 0.108465916786569
0.213532045269422 0.134783690629422 0.0386302278576271 0.209677763299595
0.101157970761995 0.322890838435001 -0.112325136358311 0.193718031290878
-0.151747058741339 0.314411860462196 -0.223685581493635 0.0539432343083326
-0.35308865861522 0.0757011449388429 -0.117444237941046 -0.0424014146939004
-0.421148683362183 -0.158190317388202 0.0879250190060184 0.114998154606148
-0.231480236636341 -0.217198283509306 0.375145586003145 0.208323719699782
-0.331768392249444 -0.170143623727013 0.304759986566311 0.330881839647812
-0.349716090679483 0.0968158077235338 0.367156684766303 0.206042113494201
-0.162284073639693 0.312648934377425 0.344755099711778 -0.020115776760532
0.087412076246111 0.252133804882762 0.185553017849766 -0.107492218049747
0.176838403013309 0.123184660921597 0.115060279290453 -0.0895424439924901
0.222687296493655 -0.0014458223789015 0.100040135716169 -0.0393866231143628
0.210541463811443 -0.0677485020984905 0.134368567312347 -0.0211930364831961
0.209950954926949 -0.0725157244497092 0.174031155211174 0.0159132435848657
0.212680011125315 0.0145414610288528 0.169766458904138 0.103716973798993
0.178581413048379 0.118813428462839 0.100703399485489 0.226678645520035
0.0646048502438102 0.276459474689958 -0.0721911495800316 0.219664697465585
-0.152899463913952 0.24263461042833 -0.192880393568915 0.0818553509023402
-0.292347502315399 0.0148030755690838 -0.078814274474901 -0.0346153145894976
-0.301092218665894 -0.17118851446891 0.171943870316958 0.167647596532241
-0.0667792184332562 -0.145323408414601 0.401391703515731 0.293970086619143
-0.159829366086697 -0.145134024231624 0.310470068674466 0.347929479001617
-0.207204601118375 0.0176603957235511 0.309090423626936 0.244897431853704
-0.116621431415658 0.16903142030407 0.310889685554807 0.0550570656426684
0.0418098837395384 0.147915962503575 0.218050326821455 -0.0395625946853068
0.099453153873932 0.0727125528923011 0.181962843835203 -0.0562916085284361
0.136068157584933 0.00255808305482705 0.167683011341344 -0.0448766136104786
0.139950865967695 -0.0406637969954935 0.189918408775922 -0.0318855176555274
0.143692745078544 -0.0437545148491307 0.233805049624847 0.00517430681698684
0.151342393044032 0.0116136669272626 0.225367158546156 0.110755474136246
0.123837534157339 0.0936556608209592 0.139153711007407 0.251652906911643
0.0204899238162371 0.202081612347776 -0.0574672956234885 0.246218200341096
-0.138657865498521 0.144311632634583 -0.180646352169277 0.103602124036721
-0.199756297529143 -0.0476634191819786 -0.0557521902446187 -0.0263618182031971
-0.142666376444303 -0.165877158311285 0.218880538949441 0.211746070873973
-0.0307719702331541 0.112566386964541 -0.311722638583386 -0.203647902592343
0.083618094773456 0.0567602139841279 -0.0323223212869058 0.078570476453401
0.105139832329318 -0.0445514507192534 0.2114178236907 -0.108615456229383
0.00506740315481841 -0.0967811735758513 0.0930668819197123 -0.299278051214773
-0.0510870933457115 -0.0437161857384882 -0.161159893576353 -0.313944486914075
-0.0423434744732474 0.00106871878601322 -0.31485548981935 -0.134734664917132
-0.0521363494269209 0.00437490922230112 -0.299662456122394 0.0154378639980662
-0.0466740109503882 -0.00104489925561441 -0.242279219920053 0.0764580914834015
-0.0298683425932488 -0.0141276292422276 -0.222217927605652 0.0939558134156074
-0.00560844185099426 -0.02968751222503 -0.238620621317968 0.0885281357469843
0.0170139453864938 -0.0401666545313109 -0.26525489237361 0.0374541484416866
0.0726613288944403 -0.0124242296698883 -0.314237206774021 -0.0798710336365282
0.0703470455454042 0.0612676336524094 -0.312624461110844 -0.222550284251748
-0.0352341220838414 0.111650103291418 -0.272491661400105 -0.290245407868316
-0.102650154286228 0.0873046037277749 -0.405844927332546 -0.254957724549018
-0.199935972044351 0.0674010072960958 -0.24647274220123 -0.247669423442063
-0.0683217823725192 0.097952385340842 -0.00718859412105152 0.066690035533477
0.0266006174367015 0.0913476913971585 0.253218325071384 -0.126604297659139
0.040680329831432 0.0461765248591359 0.12918471495848 -0.343474723015418
0.0377339521505144 0.0203319808936147 -0.155891998487749 -0.349896549100418
0.0545059882136569 0.0131836764773124 -0.322214743246449 -0.157376731535641
0.0507301059960404 -0.0296510544060091 -0.299487652285816 0.0123668052767034
0.0487466443750024 -0.0449546564945578 -0.230655368769957 0.0743129195624961
0.0722167500420394 -0.0375210252736054 -0.202538877327647 0.101151200703259
0.0937319208008841 0.0117411058520032 -0.215926619039639 0.102822592924354
0.0801289935269195 0.0515660763093489 -0.243507962477843 0.0707306364522684
0.0542637450673524 0.134406340718443 -0.302116295113383 -0.0340296931532548
-0.0490602446199424 0.158391362984758 -0.313892401379444 -0.172196076642072
-0.201379530941823 0.0929016251399622 -0.272385909819824 -0.2105347292023
-0.284424289092284 0.00395764000200555 -0.363320708912586 -0.182927607017628
-0.343718425586617 -0.00945664362748519 -0.133973047447372 -0.246792580597466
-0.243916663741319 0.0994658358767157 0.0510686713162419 0.0769506401454318
-0.0957101611271618 0.217391125560369 0.318485481848904 -0.121766208334845
0.0483443192211419 0.213102892942821 0.193115801124736 -0.369520212490473
0.125145875248705 0.110032941177998 -0.118834753333978 -0.376268004125509
0.1519535815895 0.0409588798165027 -0.290619806559662 -0.18145997375081
0.153370102670029 -0.0499148208347868 -0.264363718680766 -0.000165709295920231
0.136678389481967 -0.0834919720410898 -0.186930206991245 0.061357978202507
0.157929215860491 -0.0687546508248906 -0.150037957588618 0.098655160972605
0.179197674956535 0.0270094695104743 -0.158105800780452 0.12098493713758
0.151966589793056 0.108142126401237 -0.191657608431886 0.124579606977965
0.0819538874660337 0.250723478602783 -0.275969848865923 0.0426646205090662
-0.110931745506139 0.264420442216639 -0.316129285171384 -0.0971534438708395
-0.319091460379388 0.114464834164917 -0.256544509278235 -0.132477220242201
-0.42598547496766 -0.0471588572957239 -0.27416773361666 -0.0925697214053902
-0.434172592156897 -0.0998017633007737 0.01409296997364 -0.189804553033443
-0.402202369326595 0.0543074229879848 0.134783335935204 0.115468384804335
-0.242821223301199 0.299635866404595 0.388631280311309 -0.0788876886840921
0.013029032551239 0.368962996688241 0.270644566043445 -0.352699002819843
0.185611458482507 0.209809107726028 -0.049310767738869 -0.36872301018275
0.229572294885616 0.0803152814389219 -0.21628815883379 -0.193608615369252
0.2360735780849 -0.0542247451495819 -0.193804085238022 -0.0158450736655204
0.204485696479697 -0.108824917824713 -0.11683743720155 0.0393052393800545
0.216802518243866 -0.0988713054070046 -0.0728831222757091 0.0820230328143613
0.237525656395805 0.0203028172805642 -0.0748002724953909 0.127437158610396
0.210888413454709 0.128762675428749 -0.112896258499486 0.171854763465358
0.126412417125414 0.318078515825724 -0.225308692801031 0.121265672379219
-0.123007169402186 0.34396013694554 -0.299754304081721 -0.020935017771046
-0.37611653677422 0.146209043285352 -0.220949845638208 -0.074987621646169
-0.503346080179691 -0.0726079519434086 -0.149861405931313 -0.010352897686347
-0.450482445043937 -0.178142614494723 0.170638477972361 -0.0826373456877499
-0.490335791638795 -0.025806377998511 0.225472752522143 0.179567589597684
-0.366012445624489 0.302315445807319 0.433303856735898 0.00112371764327686
-0.0566485170362297 0.455209388299046 0.335342995451216 -0.277618574675862
0.197735435830301 0.285068387464235 0.0383134992349462 -0.314071426897128
0.264881181500749 0.115909214204326 -0.109592747584864 -0.18004506504696
0.281250968005709 -0.0469265256291875 -0.0975263105979206 -0.0313588093518357
0.241535565894568 -0.118985592876713 -0.0309016138196518 0.0131448316998408
0.243996384469687 -0.117234998534353 0.0141056958250969 0.055901782173164
0.261689532087423 0.00532473410594338 0.0177731122347344 0.117662159322604
0.238440474817066 0.126460607458127 -0.0233674160826192 0.19814576091268
0.149807999631029 0.336282629902136 -0.159968145456741 0.176976787081115
-0.119733028267575 0.367841255003452 -0.26477764128885 0.039197749942797
-0.382744880243058 0.148949740163506 -0.172958490323157 -0.0461215925790404
-0.508230638462389 -0.0930388004634306 -0.0175196731470598 0.0556620803006744
-0.385945324077971 -0.215040755767244 0.307941910658273 0.0528363761766972
-0.470952830307908 -0.104399259040968 0.297189799897618 0.252497064941292
-0.408576653599737 0.232927741875244 0.433175690785233 0.097445827028661
-0.119279209452861 0.439380555902168 0.361780193930717 -0.163319973406539
0.165874268834341 0.301432353861812 0.119938235590703 -0.222330022135136
0.249033998750466 0.12896036163786 0.00693350274427765 -0.143901070911337
0.277061200305587 -0.0340634133973769 0.00562380936974812 -0.0417927088626432
0.242521028872731 -0.11091210359075 0.05757427686625 -0.0123854717534867
0.24013133777237 -0.115750541110169 0.100188049882021 0.0259978843619713
0.253779083211108 -0.00401689343570178 0.106408408935804 0.101761864790636
0.229870966330865 0.117680188353594 0.0591063828475375 0.210395838760936
0.134834384493558 0.31766745093908 -0.0986925780601252 0.210118937169756
-0.123209785498498 0.33489530880313 -0.225185436533361 0.0771269323199795
-0.353256442382635 0.109202416064401 -0.125028115498746 -0.0347602225335469
-0.44210332367728 -0.120228099771684 0.10127976861366 0.106790649186491
-0.255969851296361 -0.198886928713134 0.401658128628184 0.180193725353326
-0.354446119644078 -0.141834390390434 0.338086398615635 0.309181958720534
-0.346834679458569 0.132861175220453 0.390975656171646 0.177834440200929
-0.136100485024722 0.334826780272554 0.348691041740886 -0.0500978947274048
0.112831250803673 0.249035076551931 0.180125042195415 -0.125783943373271
0.191526429236245 0.10974209293631 0.109298735030036 -0.101093498908794
0.225645067230643 -0.020972469534763 0.0996698707143434 -0.0511068275128127
0.20580809391992 -0.0893191919526665 0.135977574358949 -0.0344588907609787
0.204755428038877 -0.0940646110623687 0.17772241228943 0.00048309465763569
0.216965638156889 -0.00568656544160089 0.181765907709279 0.0908986565438713
0.193109622791511 0.104359171122849 0.122950401282369 0.221620374129115
0.092085466439391 0.274301469763918 -0.055282642290742 0.232496148694246
-0.131836642376964 0.260342389902022 -0.191966453455564 0.102319087920115
-0.295832865431333 0.0411139366890565 -0.0857150866055249 -0.0280119463772443
-0.321559551182839 -0.145131737407806 0.191641135064431 0.15370529017686
-0.0814678543323066 -0.14063090246094 0.43757258084467 0.26632377946329
-0.175338960542465 -0.131006872456793 0.344757737501279 0.327060979087209
-0.208392154725387 0.0378659302237542 0.336450710778438 0.224013037115763
-0.103714394294883 0.183899693450809 0.321155937781083 0.0311803332097588
0.0553464205214198 0.148056062872078 0.219038572518766 -0.0589059147831839
0.107674983112771 0.0662293664178594 0.180496419973697 -0.0732840852864675
0.138502224750312 -0.0105054674398035 0.167451074899288 -0.061496902841331
0.136666285273499 -0.0564113077471919 0.191966155740312 -0.0492582591718261
0.140967480531019 -0.0583973414646911 0.237394290945572 -0.0154057565549187
0.15493932400086 -0.00316042052306631 0.238374257372374 0.0930883005047525
0.134777518118108 0.0844057885649614 0.164271484547886 0.243134154127225
0.0409087113461219 0.203401580000478 -0.0369597708917191 0.257598908925923
-0.126746767787695 0.158160506686022 -0.176641168282178 0.123347108159669
-0.208061701005447 -0.0312648961943858 -0.0611923009748794 -0.0220545667143869
-0.16014236724848 -0.153736316631595 0.243381661265565 0.194537424106504
-0.0196977350681619 0.115081838991011 -0.323291539119051 -0.174914723795772
0.0866357956555882 0.050143472921025 -0.0257354371410092 0.0820264214229981
0.0996174530383977 -0.052621463826209 0.197951639234473 -0.122557293225504
-0.00232068610637141 -0.0948760424006478 0.0684319742623836 -0.302249452543057
-0.0529432157401485 -0.0383456416268816 -0.182971974775998 -0.295493547979757
-0.0401343609946398 0.00347166777732643 -0.317094268735548 -0.106150827502089
-0.0493282348736716 0.00868998635144416 -0.290744299941153 0.0406265652786554
-0.0456613491744332 0.00351763503672489 -0.230175829821089 0.0944135687359655
-0.029551495126197 -0.0114233432899563 -0.209400685270268 0.110448956737831
-0.00727050385781253 -0.0289946028673833 -0.225859699881488 0.106759177402146
0.013976162081292 -0.0404044244293006 -0.257648411649688 0.0578549758246477
0.0692256651199301 -0.0178344266857097 -0.31389335040323 -0.0518080907506794
0.0716124999068272 0.0543485020159916 -0.321752134026951 -0.193340078947641
-0.0268405745179583 0.11369729988135 -0.287017066474527 -0.267575765927672
-0.0927747142222655 0.0934874393873637 -0.41927555688725 -0.219450542988418
-0.189558313972022 0.0836466345864032 -0.262969587721293 -0.224192407622446
-0.0600585648085768 0.102902763979215 -0.00279296751286148 0.0675524295147684
0.0347310143618561 0.0862425302727289 0.23639104447661 -0.14340660381703
0.0454888522970924 0.0423120036976615 0.0992319777689763 -0.346803193738697
0.0392804749597121 0.0164857190521011 -0.181351489236622 -0.331405882980634
0.05547945083532 0.00736114920131895 -0.327574228082959 -0.126630111208197
0.0478565418175502 -0.0335642208246262 -0.291088894252312 0.0367127599118143
0.0432033074458435 -0.0476572398833372 -0.219293991576296 0.0913016516535954
0.0670987671151607 -0.0435425679514478 -0.189112076833066 0.115189638640015
0.0933767443371491 0.00319729775442278 -0.201787979131242 0.118383630771247
0.0834204686351535 0.044198768815437 -0.232807960202236 0.0889342001439794
0.0650260969632365 0.12638119171354 -0.298832897176799 -0.00744360968962766
-0.0371191204103905 0.159586859045864 -0.321112690828415 -0.143765914428964
-0.191021328889022 0.108783225216549 -0.281733400833811 -0.189100921696489
-0.277172933986142 0.027842159046341 -0.372105495481732 -0.154147901123666
-0.33625334759716 0.0198888626636631 -0.152585394167373 -0.232740187507072
-0.231916828343706 0.117035267979608 0.0536345427258239 0.0724539944250905
-0.0737754453353197 0.221169381074246 0.300496163469928 -0.143796604666488
0.0666524538591409 0.205678618624598 0.159060471195365 -0.378129982637286
0.132508494596435 0.0976637609968467 -0.147054339044639 -0.359672833932549
0.153691436423082 0.0266112650507291 -0.298591905127958 -0.152792674243442
0.145919457055931 -0.0618007937649022 -0.257345373335659 0.0202262536823543
0.124904705825033 -0.0931163088426437 -0.177191080884967 0.0742570412844169
0.147428062015984 -0.0811868892708834 -0.137398428129848 0.108505617489779
0.178662186024362 0.0108750931710375 -0.143515608608702 0.131013479587433
0.158590052472683 0.0937704624902574 -0.177465420993018 0.137481729278706
0.101923931315886 0.23771816649747 -0.268425015769449 0.066942379074949
-0.0881911223258177 0.269034664633033 -0.317863319319908 -0.0701066259314072
-0.30450412746245 0.139461929085695 -0.261734867829347 -0.112865146259354
-0.418675659376933 -0.0105102128561548 -0.276614890402231 -0.0730286430491603
-0.43334856173007 -0.0630631236238172 -0.00347559669905174 -0.189096973014403
-0.390897654072353 0.0862594317406967 0.138631615188827 0.103689779594059
-0.211422107457768 0.313872893469444 0.372200987857129 -0.107104470943728
0.0455177863440338 0.360909730150555 0.236814789829681 -0.366211084950328
0.20000013549918 0.190785522920753 -0.077582334199568 -0.358048797089242
0.232305315523515 0.0588893782587865 -0.227150899803463 -0.170572042048015
0.226284544534111 -0.0726913190791207 -0.189575786198533 -0.00248475401162525
0.188575585366066 -0.124618954053777 -0.110952926336631 0.0472281758336474
0.201682611166476 -0.116359259005758 -0.0641774849561779 0.0856447308229448
0.235330643845325 -0.000668604904073034 -0.0619977370000414 0.130766958605921
0.218355772078355 0.108909899593181 -0.0964304199823625 0.177929815658002
0.152430181360787 0.299811846641764 -0.212973557848899 0.139695645937115
-0.0917960280744224 0.347586622795384 -0.297024858086645 0.00444428994953369
-0.357292598631533 0.174436733146349 -0.222458425143923 -0.059186603183671
-0.49808831808273 -0.0290381973882989 -0.148317290060867 -0.00141511190456753
-0.45563509816558 -0.137499256297554 0.159745695140229 -0.0951664056066347
-0.483177923929249 0.0135182597352209 0.231199668520644 0.1583647714223
-0.332391370350941 0.327420226835855 0.421884027034703 -0.0314404287065096
-0.0154004070300616 0.45221214704817 0.30552185188227 -0.29770124196983
0.2187181007904 0.263417849907486 0.0122943807317333 -0.310604028085317
0.26996197934262 0.0915094073904067 -0.121926410705702 -0.166187606936142
0.270934898219359 -0.0693086647295076 -0.0970979563842427 -0.0248853651075606
0.223948646316586 -0.137073923559984 -0.0291054891867798 0.0151512865871584
0.226895689011488 -0.135988181985408 0.0188738719249573 0.0525429317209913
0.257718721990332 -0.0169355366763008 0.0275559742400485 0.114139126505377
0.244186602597583 0.104462161682554 -0.00679921641164135 0.196444232403252
0.176657233109801 0.315111620679843 -0.143860375980831 0.189387174391956
-0.0857418992475679 0.370346414781484 -0.259219909158229 0.0611229388920081
-0.363023022199483 0.176982884545644 -0.17419754453851 -0.032986110868355
-0.50271014784876 -0.0472976500992312 -0.0122399779634673 0.0518666034166939
-0.396086770185882 -0.17956581239232 0.306232451709808 0.0279781964581468
-0.470917730664472 -0.064248117668713 0.307547666954611 0.225561837541909
-0.378201655845884 0.261601841868123 0.429418927344239 0.0624402346451108
-0.0801698194604052 0.441236254376165 0.340719607904403 -0.187272912704265
0.188302523859864 0.282982820951992 0.100322710023649 -0.226934298512157
0.256049137160631 0.10659763575498 -0.00452279658167552 -0.140208398223276
0.2673124428545 -0.0559026525163258 0.00339241063885926 -0.0437805228078906
0.224537033960271 -0.130271478474396 0.0558377220783262 -0.0171913310779744
0.222904566392644 -0.133740423891875 0.100467570713342 0.0172717505533711
0.248444911809699 -0.0254633327067648 0.111932567844527 0.0914899913946785
0.234902952338534 0.0958850080397085 0.0751473610236137 0.200985487718752
0.159482857434788 0.298636279683855 -0.0806242533995647 0.216578049917278
-0.0925204533396484 0.337508002530907 -0.217152250832382 0.0951258053581592
-0.337148848381362 0.135023943136866 -0.12663260519356 -0.0245830521470143
-0.441633939827872 -0.0787301339352792 0.108457079644168 0.0936127307288924
-0.266731776812736 -0.1735421814545 0.408409156852332 0.146726588238941
-0.357933882072234 -0.109451875642121 0.351967905982143 0.276841849673134
-0.326432265899816 0.15897959671477 0.394734074018075 0.145156802723027
-0.104834755133882 0.340840608498566 0.337580605914171 -0.0747555896583174
0.131095250895757 0.235247546834678 0.167141115267737 -0.136704626780442
0.197025827062334 0.0932464250739045 0.0999653639017008 -0.107249812310025
0.21826690867358 -0.0394603138262668 0.0946827579790952 -0.0596947860630179
0.191016986663919 -0.105242498430231 0.131229081068922 -0.0452674011419946
0.191000103238448 -0.110372018666628 0.173608341316974 -0.013704013300797
0.21134693985301 -0.0235755476952957 0.184831712637431 0.0746209110848989
0.197421332419855 0.0867973538583033 0.138959998285552 0.207205388986349
0.113791215877353 0.259084085065598 -0.0370675333317161 0.234305394049379
-0.10669078282302 0.265137208296269 -0.182043831666617 0.117636432269054
-0.286523652600526 0.0631323958123275 -0.0876215788303501 -0.0206815160439324
-0.325060676967172 -0.113243913576846 0.201433290615504 0.13298433266124
-0.0903847944026538 -0.129083678912981 0.451177797550204 0.228735978209876
-0.181551250586149 -0.113008093623554 0.360742244585963 0.293456648768086
-0.19877543598336 0.055355807613105 0.344731483094409 0.195339408319375
-0.0859622374543749 0.190236538324788 0.317203931887349 0.00667835422145026
0.0663046036591682 0.140369631150797 0.211514261138577 -0.0742981312324308
0.110676786981458 0.056863376139445 0.172254184109661 -0.0869782267827071
0.133668331616155 -0.0207142201779992 0.160470318134143 -0.0746951159395611
0.127343361317448 -0.0664604659449661 0.185436008280086 -0.0642561978900556
0.131954923476094 -0.0693575043396869 0.230401852342671 -0.0348873381639891
0.150613289584913 -0.0162636835028603 0.238897677775805 0.0725073604504332
0.138381593969396 0.0720238678211175 0.18145741393852 0.224805136406352
0.056666975919645 0.193856891809012 -0.0168300712499619 0.257015599498296
-0.110699758584989 0.164374957400805 -0.165173557415671 0.136900709235909
-0.206235455627872 -0.0145949396405546 -0.0637455562537835 -0.0170963469014887
-0.167998461838893 -0.135627642669832 0.256461714525656 0.168578025248076
-0.00752263439244631 0.1143061352144 -0.342554483476569 -0.0983972672741534
0.0907778972099402 0.0357777754511522 -0.00584601329187163 0.0890481084553318
0.0836480908817031 -0.0692235787267577 0.175006883189444 -0.154128472096523
-0.0233664261329847 -0.0907124066272827 0.0156749012928658 -0.31058061114451
-0.0621144851500349 -0.0257129712468374 -0.232009314151637 -0.254332982606555
-0.038115076477565 0.0122391602446288 -0.324851022420708 -0.0466824347336663
-0.0439459531444159 0.0184975489927753 -0.27771312524827 0.088771895592293
-0.0422275247004596 0.0119341531459567 -0.204914587115427 0.129568230216801
-0.0296242973937529 -0.00459373803669297 -0.1810710613036 0.144464791989508
-0.0123954443516739 -0.0249425921073797 -0.195700145260462 0.145142597300006
0.00575868513598616 -0.0383891593843393 -0.236906149861606 0.104102689679484
0.0592171327781328 -0.0281386091009892 -0.30820053677268 0.00838289028005778
0.0704541084435019 0.0397753176072479 -0.341001341491777 -0.124830790360877
-0.0109036511498003 0.108021020372254 -0.321941086136678 -0.20656498507999
-0.0816811643672477 0.101726482748139 -0.43689982547795 -0.142659975045139
-0.171432634702111 0.10658239414729 -0.303003772746388 -0.159398600288956
-0.038588051935062 0.106737528984636 0.00654496213246184 0.071402123578594
0.0459295760919537 0.0693149504087943 0.200709252335164 -0.172195974359426
0.0435682206085479 0.0270108392127608 0.0351205316153863 -0.34812044899467
0.0321844423480332 0.0120856789493078 -0.231254124068302 -0.283974018126365
0.0533060353950103 0.00150582857728283 -0.333361432667641 -0.0643397800860291
0.0401521737908474 -0.0365117355911273 -0.274007122170359 0.083650812065494
0.032690802554694 -0.049073288056607 -0.193963601266044 0.124343057799376
0.0572690984968193 -0.0511738156197794 -0.162988369675076 0.146668642059574
0.0894714236199544 -0.0109803464054917 -0.172433156592926 0.15410704590183
0.0844429608049947 0.0327804884289489 -0.207635585696424 0.128142503063509
0.0780414312135811 0.110201064894023 -0.287845877361549 0.0458143595491679
-0.0169405714593279 0.154747431415586 -0.333775853143623 -0.0773049326915909
-0.167131238239553 0.12948196395209 -0.301325972069463 -0.136162095206041
-0.265855477658233 0.0659370353926728 -0.379781651081416 -0.0910026184044397
-0.318020087968398 0.0658147733402836 -0.207511664881167 -0.192288749958218
-0.196785155094315 0.146074524905465 0.0545128662050753 0.0650003841390493
-0.0332328696725987 0.210342124292083 0.251190466783999 -0.176460191898206
0.0912458024881113 0.17348584310708 0.081895738387718 -0.376726648701796
0.131869934165315 0.0716761273224912 -0.198534965234769 -0.311423243514585
0.148494502513981 0.0051199838232658 -0.306821362134137 -0.0930474773296633
0.127776467591809 -0.0795224248858528 -0.238631449370798 0.06223365688762
0.103270018024398 -0.104215636626915 -0.155850698401836 0.101163888146107
0.12692340126432 -0.0993139907933163 -0.114385867366264 0.131673426014795
0.172744591006843 -0.0172988698087658 -0.114418280500693 0.15767990349077
0.162565158723212 0.0698255120141494 -0.145201746314115 0.165425152205732
0.132320713530303 0.211497663175624 -0.247493586635978 0.110315858095458
-0.0479752693928037 0.265302908224792 -0.320862757730375 -0.0071128864683469
-0.269106066042699 0.176216343197021 -0.268797346692532 -0.069049886356368
-0.406296398353577 0.0520816824530167 -0.274195267289809 -0.0316347095465447
-0.416894668528745 0.000732687317147484 -0.0610988739837433 -0.182925172151745
-0.349520960059458 0.139244188897462 0.134643171996572 0.0757386004200929
-0.144735032456349 0.317067872300429 0.314559763903508 -0.149803284485497
0.0996401025275483 0.320208415528816 0.151802198393055 -0.369790635091705
0.209873465599016 0.146731062387347 -0.128375486399725 -0.315545731143052
0.228374735147876 0.0229464691366358 -0.237971207599403 -0.120722370401886
0.199836422632014 -0.103947902146543 -0.172568447261874 0.0298031278700216
0.158293654010017 -0.143433108687282 -0.0958870064587402 0.0643420956818162
0.172761364308177 -0.141925384706227 -0.0473943964580792 0.0983466507342498
0.225071432463674 -0.0375434472689088 -0.0358846351147291 0.143199972434053
0.222177633283838 0.0761953516917673 -0.0606781052662792 0.18820005274321
0.190767302928847 0.26357664573559 -0.183020123108574 0.170028978293169
-0.0400111484084251 0.339836519431894 -0.288168695596871 0.0627429795006001
-0.314419193015083 0.21997799301336 -0.221385645191617 -0.0253452026688817
-0.480449208620467 0.0469926928715321 -0.140170541151844 0.014265583490189
-0.445763793915484 -0.0681577442467204 0.110965000773422 -0.128116119118576
-0.446701386827135 0.0864669309419876 0.229708170642025 0.107824860857138
-0.251963999401766 0.348029141665534 0.36718399294497 -0.0880215087086884
0.0604266773288003 0.414223431391369 0.222908529306183 -0.311309820889241
0.240423932903516 0.210467687986954 -0.032001384901409 -0.281821988481546
0.269470440869917 0.0472338530922547 -0.133399772557032 -0.13433210784398
0.242148609451818 -0.107629887665779 -0.0843005644346885 -0.00717049607867673
0.189358565300819 -0.161224604530095 -0.0219659264671635 0.0190416670931499
0.193004157019722 -0.164817404946664 0.0258339385731161 0.0530845065450498
0.244482691322784 -0.0557668428603846 0.0472441903914592 0.111074760117389
0.247730384628774 0.0674731901296793 0.0294405604755109 0.189294097539306
0.215940066308804 0.274939985835192 -0.108142245291305 0.204816724069327
-0.0311368278513453 0.361114233225625 -0.24223378595452 0.110122501796125
-0.317949856008233 0.223194980828702 -0.171211415600096 -0.00915016271863071
-0.487868599266059 0.0295218972433954 -0.00141639557092536 0.0431109283105455
-0.391159121645995 -0.115297845825042 0.276899849682694 -0.0406686230700651
-0.445211953793671 0.0101292046007381 0.315501987390017 0.154079354092601
-0.30465972567723 0.296247983881563 0.389099275751404 -0.00296319155717765
0.000404462028958365 0.415003184521338 0.273076701491255 -0.213636478016131
0.216540793366146 0.231836913030107 0.0662381612526821 -0.215779946862622
0.257955473303503 0.0626794986878527 -0.0160425575744489 -0.12945482279845
0.241215911265521 -0.0954490664716154 0.0100897797355463 -0.0416760196821333
0.191959172819097 -0.156126080301241 0.0537913704154495 -0.0260431760417691
0.189065466810677 -0.162953438497558 0.0985388593942835 0.00363082460427534
0.234035520018629 -0.0633597941958851 0.123935656488722 0.0738065044471391
0.238071792585401 0.0611085832253873 0.108570363372905 0.178921363887271
0.198313836771636 0.26229642352445 -0.0426652184669315 0.218904907703302
-0.0414995096454373 0.330324297568277 -0.195093731695471 0.135269622634787
-0.299384876938496 0.17879413293964 -0.124250692320417 -0.00765097632469862
-0.430164079423322 -0.00902221218288425 0.120742042001521 0.0642115549278398
-0.266601883257996 -0.12718634210659 0.402761798705398 0.0544787952454526
-0.344280911776362 -0.0496691374636891 0.371778622111267 0.194565266629393
-0.271170380690092 0.193184961866892 0.377164931794432 0.0750029479061394
-0.0380434933352347 0.326952264974969 0.292415266273375 -0.112025321152089
0.158222800102426 0.196084886993649 0.14382104230283 -0.144173498890509
0.200734913394838 0.0575583571937244 0.0878183555667452 -0.11725654860034
0.197492756265978 -0.0730283640014671 0.0937240410143163 -0.0728291763372672
0.163444568755535 -0.128453904990587 0.121056180195543 -0.0659198122441141
0.162606700572762 -0.135861749678889 0.163152073187207 -0.0396179309299385
0.199050306309793 -0.056438000808484 0.189729135499653 0.043546468609817
0.201332790552355 0.0571722962407069 0.17115764276378 0.17256494853063
0.148900483816256 0.231795875102457 0.00240402022550492 0.228868082173532
-0.0646489458192016 0.263331519024497 -0.157839839792869 0.149162100721932
-0.262763319529894 0.104244016717469 -0.0855262929005334 -0.00956089873032583
-0.321809918970678 -0.0591751725556625 0.215707002515116 0.0873082852984155
-0.0929067823811174 -0.110174640008726 0.469308384839997 0.127716692355412
-0.178731464308797 -0.080037090733974 0.391526652339058 0.210129010504229
-0.169254180806095 0.0779356142997528 0.350623842108122 0.126326943182574
-0.0436992414101947 0.185190066029807 0.294625805353195 -0.0390196124109811
0.0832838566273097 0.116730360762071 0.193968887712664 -0.0997694338677745
0.112741450041178 0.0366274486162658 0.157217179338213 -0.112698031124624
0.12100549419852 -0.0419006083342504 0.15136790866234 -0.0992030191041609
0.109361076471509 -0.0829528910362065 0.169811680636062 -0.0934029441604321
0.11365866184405 -0.0884566339481573 0.214794778484688 -0.0709365679456217
0.141567574831764 -0.0395980111111035 0.242905566260248 0.0300987106268246
0.143622207833602 0.0506327916304544 0.214603221015048 0.180478016812057
0.0836910565865238 0.179195018268461 0.0272459554966361 0.24624065034244
-0.0827795454557425 0.169115631774709 -0.137974661267881 0.162965820325072
-0.198538076215829 0.0172258473677285 -0.0621638906474848 -0.0070130053864992
-0.174072833220277 -0.102735126211928 0.273905800670025 0.113765099635885
-0.00437921605386214 0.11211162552933 -0.336956837250032 -0.0941240892057096
0.0896084854899347 0.0358354732409068 -0.00470712550043216 0.0891483405527547
0.0811664057026562 -0.0688306103397178 0.170672689381779 -0.151051368951979
-0.0231356070595734 -0.0886402214401738 0.0139086914107702 -0.304980824691986
-0.0603864077224992 -0.0240515243432108 -0.229613213722055 -0.248717119039516
-0.0361429274007345 0.0112828661735347 -0.31636484817703 -0.0441695862879253
-0.0420489520827885 0.0181567507328013 -0.269559615291449 0.0895116016926992
-0.0407037643465611 0.0126895591742366 -0.199786862648285 0.127765616397665
-0.0285013530800657 -0.00373803932978389 -0.176695026959141 0.142070189934504
-0.0115821385830191 -0.023944615872776 -0.190510731264034 0.143539832949109
0.00527579409669659 -0.0369497667131015 -0.23204278787738 0.103020243805418
0.057877663696376 -0.0268121657910229 -0.30045487410437 0.00885165106858276
0.0673523169013703 0.0398074513115603 -0.333532375366709 -0.121996414949052
-0.011405747222039 0.106817270240661 -0.315241324616985 -0.204877130442371
-0.0789414320572393 0.0994916732803634 -0.431031305636736 -0.140317670297864
-0.165359533099007 0.106131461653799 -0.300542116850018 -0.155095654081697
-0.0370089298743768 0.105476497694739 0.00674282358900673 0.0720921712811289
0.0457744957303113 0.0671833343149578 0.195564216350601 -0.168477397924609
0.0438491048184435 0.025864423547089 0.0325625329724768 -0.341235237405672
0.0330139223471753 0.011400974433767 -0.228308947629736 -0.278230213956525
0.0531179310308512 0.000159998824988149 -0.325591479475276 -0.0609217079807486
0.0397577562530321 -0.0365323493703229 -0.265887618209958 0.0838185486887509
0.0313121775463218 -0.0482155679794775 -0.188657457489639 0.121883439471287
0.0552845087942039 -0.0501621712707829 -0.157503828071713 0.143928775585894
0.0875201282214488 -0.0114525352569304 -0.166671193950417 0.151575465151956
0.0828047718996917 0.031755302975207 -0.201960260402667 0.127064134758703
0.0781098234838227 0.107432446421284 -0.280822888937725 0.047101636140737
-0.0160412697737649 0.152436808683844 -0.326761144046901 -0.0750214233014427
-0.164460832053177 0.127810796295678 -0.296068742610153 -0.136072358558945
-0.25891408550312 0.0655149538560041 -0.375430223649672 -0.0904068955148612
-0.309390227663449 0.0670422965684353 -0.206706787830314 -0.187506304849852
-0.193227210616635 0.144524481132501 0.0519247574823747 0.06550577671678
-0.0298973090433037 0.205182896164283 0.244949655938381 -0.171544254077151
0.0931418799101941 0.168651048044868 0.0785500203892256 -0.369335252466089
0.131064998987644 0.0694580206155839 -0.195463615873012 -0.30398943300084
0.146466726635816 0.00291246562270719 -0.298872273075924 -0.0883200170885997
0.123937590842096 -0.0795131470370483 -0.231176421996735 0.0613762693176059
0.0982301331244391 -0.102396642530903 -0.151708019650974 0.0988494426623939
0.121703656319809 -0.0979853577892521 -0.109847236416665 0.128459893614255
0.16904233629801 -0.0193716338407397 -0.110101546737 0.154053535502073
0.160480326243686 0.0667938763482662 -0.141235381809788 0.16198168649094
0.131469654456879 0.204817165001913 -0.241097959571114 0.110611459012549
-0.0450083182078819 0.260700273233893 -0.315240134867018 -0.00518580876083226
-0.264017782225679 0.175027728254336 -0.263483253824761 -0.0698013519076772
-0.394546777059869 0.0524448953111896 -0.271258397918395 -0.0325562921263542
-0.408213260916266 0.0039830800932645 -0.0640781959510623 -0.178957834627368
-0.34392179220532 0.139903428095285 0.129506388873149 0.0764325372630109
-0.137446190361511 0.311161965554395 0.305560849305086 -0.14553782245396
0.102580065674865 0.313127312568469 0.146718825879397 -0.362437720026755
0.208322707030572 0.142542838715838 -0.125956003979837 -0.308543386813865
0.224778543962403 0.0202799083483205 -0.23168369115255 -0.115995994679736
0.194660401475408 -0.103448070844511 -0.167351360313203 0.0278029070330258
0.151428237832489 -0.141511359861648 -0.0930333909076274 0.0629788593317991
0.165199182647006 -0.139422400204299 -0.045528795246882 0.095419323629889
0.220443517654148 -0.0390187713076077 -0.0335639018352014 0.139996878002931
0.219027039637746 0.0721068386469037 -0.0567023211110835 0.185188875550997
0.189477246333955 0.255171274974613 -0.177530342433058 0.168327473985131
-0.0365241816985938 0.334573303533385 -0.283564881794552 0.0628443056539159
-0.307281657285747 0.217217469036142 -0.217914800219795 -0.0258575639071523
-0.469050508889952 0.0487743253824594 -0.138428624238301 0.0112416987621329
-0.436136413057108 -0.0635584513889156 0.105723576512639 -0.125759959355412
-0.437556670520223 0.0875697141103234 0.221625814606431 0.107355840456686
-0.242907134859423 0.342621035921034 0.357659203683054 -0.0850498861941995
0.064518584710281 0.40507256961738 0.217366430911491 -0.304894928746795
0.237909981800884 0.204844918718538 -0.0311450208048487 -0.275719488280495
0.264567502197718 0.043905142218645 -0.129461552498479 -0.130540516590998
0.235905460705575 -0.10726455851746 -0.0820844858296397 -0.0092441716190584
0.181869511151676 -0.159116069825424 -0.0214318769417592 0.0172577192573266
0.184511214275034 -0.162284546294219 0.0264652615180699 0.0505271575508071
0.238838548055116 -0.0578037125966094 0.0466043845136138 0.108022629026181
0.243232853129626 0.0641655632359616 0.0311187087447969 0.184709303964884
0.2150196927062 0.266556689237597 -0.103428312108418 0.203008782780054
-0.0261616021203435 0.353222427127176 -0.238309716000798 0.11116321665832
-0.311052115635971 0.220232744737234 -0.168588140898935 -0.00883551173075942
-0.473384298470804 0.0324332178872076 -0.0023813032714328 0.038643844170318
-0.383970394648319 -0.109404262401913 0.268522125182805 -0.0403965497031361
-0.436772555887967 0.0126096315301694 0.304656668056761 0.151650132232333
-0.294338369204495 0.290557677469347 0.380253034272669 -0.00270975434646142
0.00635498880571348 0.407308306177297 0.266529097893588 -0.209475078282117
0.214951068587697 0.226129126370597 0.0645489891404409 -0.211039748525851
0.254268008994485 0.0591151788735543 -0.0154212631749634 -0.126344393857309
0.234542330289414 -0.0955078759784589 0.0106608092081119 -0.0435386396240104
0.183917508931657 -0.153628459812391 0.0533467912718601 -0.0275652748729841
0.181051031178286 -0.160480997936234 0.0969484537739309 0.00298030399555167
0.228238852801709 -0.0645898799123642 0.12127073822413 0.0711157316032751
0.234112619858384 0.0576862300449509 0.107361572518443 0.174242788957128
0.197069734318206 0.255023163784461 -0.0398139255073118 0.217073671586844
-0.037114200653697 0.322925429717575 -0.192037823802775 0.136362955071364
-0.293256202618836 0.17679734953069 -0.122556402594792 -0.00687635369687515
-0.418223980406635 -0.00588213218844406 0.117866938776192 0.0589679031281549
-0.261424252011856 -0.121475788951542 0.395483457271591 0.0521919913741111
-0.337109276664324 -0.0466518422143738 0.360849979436602 0.192489684094317
-0.26144712866439 0.18969740503347 0.369172610997542 0.0746159320252234
-0.0325949822284424 0.321019706307779 0.286508848656257 -0.109461143217926
0.156559971419165 0.190592999797475 0.141581508312944 -0.142100742440279
0.197665728873332 0.0553571878376214 0.0865852123772497 -0.115541686668104
0.192501017593004 -0.07246943889774 0.0927333074359537 -0.0745551582054995
0.156573776209668 -0.127639943827536 0.11970834174157 -0.0665457011465081
0.155812678945306 -0.13431151230756 0.160217875028675 -0.0396238649446882
0.193636739266472 -0.0571196695259224 0.186262085852952 0.0419433170583002
0.197566746518051 0.054276183270548 0.168479310483201 0.167892917853259
0.147719726305366 0.225099419833845 0.00441691116885234 0.226310979135348
-0.0612230308041619 0.257474638084258 -0.155098691922445 0.149036950186996
-0.256586863411789 0.102074809302994 -0.0851831132935404 -0.00886596948922172
-0.313247653670836 -0.05532900817973 0.211902551392592 0.081248284174839
-0.0907685867784598 -0.105388365236802 0.461155560264317 0.123787634325975
-0.174451690275017 -0.0768551246852227 0.381310131963132 0.206915034292085
-0.163141626444433 0.0764228973350792 0.343279376055275 0.125686737723586
-0.0398763437787582 0.182032122787805 0.288469994204063 -0.0379500203684255
0.0823643681714691 0.11406679029075 0.189896755209135 -0.0984920853767902
0.110567192500543 0.0350746411465874 0.154419166489372 -0.11226691668087
0.11785556114841 -0.0423291235203788 0.148579261096341 -0.099546057721905
0.104615722166118 -0.0820838914355406 0.167375992675749 -0.0942973116098554
0.109124443751416 -0.0878601323470957 0.208971404755467 -0.0701641676092052
0.137468051091458 -0.040585330044376 0.237433296627568 0.0299273883276235
0.141206401592372 0.0484828423126063 0.210835567039268 0.175551200202019
0.0835050505404059 0.1741346378663 0.0281886384684804 0.242232590986661
-0.0795309226242751 0.164843742492029 -0.134969508665548 0.162119143103661
-0.194270400276926 0.0185728316173021 -0.0615576264486893 -0.00675457503903354
-0.169786439498546 -0.0981313118730133 0.269391687613186 0.106834106722975
-0.00273191661006854 0.114173601469987 -0.343948202819806 -0.0988696760312607
0.0918071411805267 0.0382802172772445 -0.00412867111685906 0.0932803932674881
0.0824890499768116 -0.0694894268971416 0.175664851526221 -0.149822308550202
-0.0224385109402444 -0.0903042011298186 0.0158640223545787 -0.309680551025224
-0.0600381837122152 -0.0249985672685341 -0.229536319811741 -0.255807446522984
-0.0364131395958309 0.00934719730058107 -0.319225999295539 -0.0480931770687777
-0.041436406278095 0.0180293299757256 -0.272159171243129 0.0890325054307746
-0.0409843766311946 0.0132231528778353 -0.204267351123596 0.127429262544788
-0.0282973170181808 -0.00398549054963507 -0.180329868866749 0.142884789782158
-0.0111651297827778 -0.0240800643666304 -0.195170459655837 0.143562271560343
0.00552502354469884 -0.0365855531438184 -0.236177807774447 0.101794161689356
0.0581847966485453 -0.026190439808224 -0.303699386128516 0.00387402071014365
0.0662742378539655 0.0426009398247533 -0.334405629718309 -0.129290470691771
-0.0144969059328093 0.109790186504105 -0.31682159952234 -0.215722148337652
-0.0810428780774763 0.0990905437129211 -0.43884129321838 -0.149405253171644
-0.167060056038884 0.106915567001944 -0.305814532940167 -0.160444957781574
-0.0392302546281539 0.107897947029229 0.00569199194730415 0.0763452896930881
0.0460415464746581 0.0681819276875709 0.200697221235637 -0.166739877139173
0.0461943993441579 0.0269904084920758 0.0366569267304883 -0.347446171633702
0.0346028890339482 0.0123942030992153 -0.228382449493463 -0.285558446304776
0.0548166931307053 -0.000623141730951066 -0.327496766809021 -0.0650861109853219
0.0407841635243189 -0.0366107173374933 -0.268985536475529 0.0820266500843528
0.0312073085912693 -0.0475279361408029 -0.193086377640356 0.121519598133949
0.0558681694311463 -0.0491575034760712 -0.16061508553525 0.144069376995524
0.0894048543952707 -0.0115460378357893 -0.170247088111593 0.152252190423706
0.0834767537282378 0.0331629085208099 -0.207038063571339 0.126879423763885
0.0783846485165091 0.110052937564851 -0.284762860944329 0.0442784945489175
-0.0187459586362692 0.155949474953669 -0.330419019818999 -0.0810468413736325
-0.169376803909422 0.128648660204985 -0.298460505643351 -0.144974896573926
-0.262560411622869 0.0631285056809441 -0.382382297400452 -0.098137797263
-0.31262899529389 0.0654227592532915 -0.211560028613011 -0.192318387430479
-0.198406590942726 0.14567599269838 0.051055375881657 0.0697304386249877
-0.0311210283047077 0.2083491928765 0.250112490859687 -0.1693985796007
0.0951126801228404 0.173064898695647 0.0838031108803057 -0.375098582746515
0.133699008676368 0.0725238606253142 -0.194776146732892 -0.311897152986179
0.149981624586516 0.00322987355399473 -0.300227565906635 -0.09291536972709
0.12641129188707 -0.0796559240458799 -0.234970280458713 0.0586041866852183
0.0990598156734535 -0.102249860596655 -0.155185525890243 0.097922497079699
0.12369939861627 -0.0981479052405108 -0.112607960025953 0.128149377135406
0.172170890965023 -0.0186108226978682 -0.112430682765879 0.154955411964995
0.162413627736924 0.0693650755197406 -0.144647112562841 0.162884933994054
0.132411844970988 0.209024297707286 -0.244911453799498 0.111204888147512
-0.0477285949556135 0.265626961138981 -0.320239744497009 -0.00921656334362485
-0.271646373476825 0.17498428033749 -0.26730096404575 -0.0760650791341295
-0.400440321658709 0.0498009469501278 -0.27695660728348 -0.0395221174142208
-0.412801960466891 0.00072814680746445 -0.0654151022464283 -0.1819315147436
-0.351828112658839 0.138455946920393 0.127779735551242 0.0824272660384316
-0.141318048546606 0.313913085664274 0.312371954281098 -0.141990036106202
0.103861053077068 0.318767619445157 0.153805795505843 -0.36608938209729
0.21172574944097 0.147228001977956 -0.124075130541151 -0.315968938971387
0.229688746914066 0.021799628483432 -0.231702731471189 -0.120363136473208
0.198165408401921 -0.103644999358401 -0.169441400938566 0.0241035880828888
0.152334590053287 -0.141895444564235 -0.0952495394017968 0.060358185307535
0.166812650296237 -0.138844675665155 -0.0456803750394401 0.0954119385556104
0.224124880000414 -0.0381705782123652 -0.0349795632526195 0.140852099504088
0.222087571563224 0.0742705420594753 -0.0593447811362972 0.18673922534157
0.190073695857731 0.260380792495478 -0.180821997620903 0.171558679210565
-0.0381137116388851 0.339364508888294 -0.290121304054678 0.0613075204916149
-0.315444706200988 0.216479121739253 -0.222286660067751 -0.0304396150160357
-0.47395529758296 0.0443890986243809 -0.142765287418548 0.00654566071805384
-0.441551975405531 -0.0683062458501006 0.106281261563759 -0.124929315546355
-0.447216342260033 0.0845812285396222 0.220930742165333 0.11468132745502
-0.248661551833837 0.34518042161111 0.363492339606894 -0.0787830463996275
0.0645760259872506 0.412776299418654 0.224590177192477 -0.30671192079257
0.241718276132392 0.210536733685763 -0.0276267740323156 -0.28113923943142
0.269946450919811 0.0464957889201859 -0.128541200549679 -0.133328854167089
0.239166006234562 -0.107595226368523 -0.0820868165140752 -0.0125581186756902
0.183481443316441 -0.160162154266299 -0.021164936076319 0.0162456602042279
0.185976451628737 -0.162157084053847 0.0275700764066352 0.0506182469484172
0.24280837518198 -0.0571461216900938 0.0475816586785601 0.109990605774275
0.246387485881869 0.0668775882694963 0.0298785283382978 0.188341938084114
0.216207199101522 0.271375764076335 -0.106245267337293 0.2065918181013
-0.0285670072825284 0.358212796691786 -0.24489522099416 0.112291913013092
-0.318017790245094 0.22006041188154 -0.172580692977378 -0.012430354335123
-0.479084309803293 0.0283434276880481 -0.00429200696581016 0.0360849133241069
-0.38769589093188 -0.11349675457606 0.273093336528273 -0.0350275958875451
-0.444530970566293 0.00812630239229392 0.304187909026619 0.162128970576609
-0.299452533966404 0.291504132935792 0.385288215230655 0.00495612999161925
0.00588342276648477 0.414299379090359 0.274458089258228 -0.209232676471744
0.217609898049766 0.232596586455096 0.0688788759337243 -0.214393850112099
0.258354546298424 0.0624969369243974 -0.0119018386197239 -0.129323542060394
0.238168165547681 -0.0948991552345343 0.012764192450726 -0.0467924045208284
0.185532942573015 -0.154315162954276 0.05521771903148 -0.0294397186654849
0.182781497412458 -0.160639188243291 0.0993680350421201 0.00264495061829652
0.231790958240845 -0.0630288257112361 0.123668871523464 0.0740676777559178
0.236715969936098 0.0602963414685857 0.107535643248462 0.17833659842459
0.198045126863166 0.260055547366824 -0.0401535297082415 0.222120720334455
-0.0399791133651255 0.326941173494552 -0.197600196191978 0.137899248621474
-0.300048638282775 0.175859825349509 -0.125804646952561 -0.00901340353958586
-0.422170376077621 -0.0103880073828011 0.11890313376074 0.0580597724752856
-0.26247306790483 -0.125196562090969 0.401583376772103 0.0606416817926835
-0.341576477784774 -0.0505298269336225 0.359664644340276 0.203639909880209
-0.265239550573721 0.18892245293189 0.373633397849173 0.0823389742941487
-0.0331263230474695 0.326909990472053 0.292656437540168 -0.107240135210714
0.158116620777028 0.195249076891078 0.145868061361522 -0.143372498994956
0.20115508362056 0.0585481923896843 0.0902478693298147 -0.116997380700718
0.19523564567267 -0.0721981431760509 0.0960443109654684 -0.0768269069519473
0.157753391190873 -0.128276066733941 0.12325000205608 -0.0685856200312651
0.156937214453029 -0.134083700080544 0.163432977700862 -0.0387569624209444
0.196374388288901 -0.0559979757866439 0.1884119284997 0.0448682154003441
0.200759545950281 0.0562740902519921 0.168357555425446 0.171556873783035
0.148162982810722 0.22938916984655 0.00308248561487578 0.231391152875139
-0.0638009425464717 0.259656999855103 -0.160207035322648 0.151897118380503
-0.261900678401257 0.100706274465689 -0.0874967158882566 -0.0103574606104504
-0.314756317543141 -0.0578546333591671 0.214509806596685 0.0819452729221136
-0.0901545286883426 -0.107213782335284 0.468639548428697 0.134241998097456
-0.174692940926311 -0.0795031768289049 0.381721361946962 0.219263689553471
-0.16393941470392 0.0751067595559173 0.347937609890717 0.134050745961613
-0.0400740728420719 0.185880794357698 0.294026321547939 -0.0340951300557369
0.082403638196319 0.117247999911918 0.196142247417348 -0.0983529813226435
0.112695312943446 0.0377872415238956 0.159219209706459 -0.113342590189889
0.119549554417112 -0.0415736678897539 0.152778181090601 -0.102885696155332
0.105320681560404 -0.0829000063587016 0.172357766000357 -0.0967661060048765
0.109922711862743 -0.0874155709407953 0.213664385971833 -0.0683752818844838
0.138623599434083 -0.0401085393087097 0.239888759399678 0.033142011722229
0.142685406921334 0.0503562461450806 0.211753230066879 0.179917732559606
0.0831856864729925 0.177177294351276 0.0263903565357684 0.248240225816272
-0.0823887053721408 0.165212759253009 -0.140418917210349 0.163518103553893
-0.196991362751163 0.0164164400712647 -0.0637070232041243 -0.00840846264873834
-0.168659394155147 -0.0999173588592953 0.273473242552969 0.108493847204803
-0.000413547920877383 0.119882373982269 -0.365837125937077 -0.102424915987102
0.097874246267523 0.0414171724656757 -0.00352793099586203 0.101235899521487
0.0861125964089188 -0.0734172017392941 0.186426580438207 -0.15698525651647
-0.0236063668112667 -0.0944120554092167 0.0169219289397174 -0.326947582619755
-0.0619867377010305 -0.0268417376370023 -0.242012513986282 -0.270890188944394
-0.0381454372523407 0.00897585665049826 -0.334270887378695 -0.05086140821748
-0.0434979103895023 0.0190464279716475 -0.283526071673569 0.09516074379364
-0.0426888024397177 0.0152903592324805 -0.215559985636501 0.135477391799927
-0.0293724064046646 -0.0039471141862118 -0.189857203484005 0.151150103039791
-0.0115635864456392 -0.0247934899667541 -0.204237548126625 0.152845902380414
0.00528965480743048 -0.0379423078223717 -0.25001706274206 0.107094270525214
0.0613885964966569 -0.0266709399264969 -0.32004205472771 0.00222843960393479
0.0687338956544137 0.0455591429712814 -0.350089802122554 -0.137869597701858
-0.0165165546260677 0.116891406504415 -0.333100904062518 -0.23241777705124
-0.0849985064386424 0.104470157167943 -0.465842735842929 -0.160751300344998
-0.173583125515821 0.113477555797405 -0.326994150784175 -0.168286546352303
-0.0413305470425035 0.114642888982762 0.00629141958408618 0.0828767215657809
0.0486150264243417 0.0714162186829531 0.212954856514585 -0.174522486557579
0.0498440584794974 0.0284275087618911 0.0374552336113869 -0.366583201454487
0.037972836230066 0.0133833771936171 -0.24164243543107 -0.301874271245084
0.0580459239632167 -0.00183394776132355 -0.343084981852583 -0.0687511133278591
0.0427102500622344 -0.0388818466396525 -0.281782581042596 0.086174158028629
0.0320980367649963 -0.049335919020539 -0.20446096813371 0.12823646778261
0.0592332844870508 -0.0524274465997936 -0.169522687215398 0.151654031883141
0.094762807387249 -0.0124661952193575 -0.178976894124642 0.160341825332905
0.0882351917594393 0.0355997957484543 -0.218553876521086 0.131617714856002
0.0838153531813961 0.115946245390342 -0.29965243308446 0.0457829029171814
-0.0198655724303156 0.165622636000748 -0.347699297811763 -0.0867986646407069
-0.180889916667932 0.137088583914293 -0.314379760888307 -0.155920743218755
-0.276612238707969 0.0661014302662436 -0.405937303519435 -0.107388548240601
-0.328420298862652 0.0704996780438227 -0.227278606014052 -0.201726098869796
-0.210287585247337 0.154999974261837 0.052864617144537 0.0777324883495907
-0.031722873871418 0.219453556452685 0.264627220573069 -0.176161263591996
0.103027655605115 0.182210145764094 0.0888210418827528 -0.396078864464872
0.143048033117004 0.0761656794612233 -0.205398328100408 -0.329833654396005
0.159147912212959 0.00185732606452627 -0.314150381725706 -0.0976007652798523
0.132236235896546 -0.0845967486984254 -0.245780928740858 0.060194100941113
0.102638839159178 -0.107176443877723 -0.163623625446145 0.102874456494205
0.128592650901741 -0.102735313473069 -0.117472937766255 0.134038128442557
0.18211786755201 -0.0208687851051699 -0.117903858415668 0.163640426625188
0.171822678712314 0.0726058829931121 -0.152083135229363 0.171238694976599
0.141285039913345 0.219480859851555 -0.25744437674353 0.117648495107101
-0.048586902335593 0.282027153690523 -0.337733882543721 -0.0100401824362727
-0.28814244371783 0.185344479572457 -0.28190008161311 -0.0832077030556513
-0.420976999768158 0.0518368811550531 -0.294602480722809 -0.0446695192275997
-0.434382286066447 0.00117167591856828 -0.0731799606994775 -0.189827624131038
-0.372225907090709 0.148057569733517 0.132642641011626 0.0905341185584338
-0.146258676088727 0.331047413573876 0.329441832116193 -0.146955263623122
0.112560081802082 0.336425138990015 0.162565024017423 -0.386784364972656
0.226089526491548 0.15489107601393 -0.130174337216924 -0.334014971542233
0.243802009479023 0.0211255085989834 -0.242865115360953 -0.127476906238899
0.20755393076615 -0.110091683031555 -0.177770718046335 0.0232217568235137
0.158011557125438 -0.1494522135391 -0.0999824851123241 0.0629375772399954
0.173822046953315 -0.146413487776154 -0.0478204100931842 0.0990984929472754
0.237206986725489 -0.0415529405590962 -0.0363413895688333 0.147793997745052
0.234847773467183 0.077502052075751 -0.0616274016528997 0.196425932367078
0.20297679392777 0.273235264957852 -0.188216703153824 0.182112868259809
-0.0378467594264495 0.358292793905775 -0.306792274005959 0.0661833854199522
-0.334002067917591 0.229250524322931 -0.234528147513858 -0.034280821852908
-0.498593486504007 0.0473993305805705 -0.152288378361485 0.00439042407738917
-0.464676377109575 -0.0692503995121251 0.110343111501978 -0.129633331033088
-0.47312966610825 0.0902943455638603 0.230272520303909 0.126035674440488
-0.259544060968184 0.364212925063061 0.383888901144136 -0.0814427333514093
0.0726175001181332 0.435090431630003 0.237159322554154 -0.323751252558786
0.256908772982816 0.222189264224948 -0.028253601880587 -0.29707356699133
0.286435736583892 0.0475838729508484 -0.13363335815855 -0.141005545925308
0.251139422086347 -0.114303659407289 -0.0853802194777927 -0.0164070697076887
0.190040541658056 -0.169146422365331 -0.0216702055406312 0.0150007883289503
0.193367899232794 -0.170662314506223 0.0298496297222571 0.05204766579531
0.255860794233559 -0.0612734527833583 0.0502170986330144 0.115664865580009
0.260396806722844 0.0690128371705916 0.0330106537092281 0.197849888610228
0.229943002964318 0.286013853855791 -0.108243577818392 0.219956392343867
-0.0273427403013875 0.378349554032803 -0.258678068681857 0.119799027063256
-0.336942775606323 0.231791598066185 -0.182823560328748 -0.0126781459729397
-0.502734051618197 0.0313012312591564 -0.00533937454016217 0.0347750840816002
-0.407419956897503 -0.118847550447424 0.286968100198054 -0.0357270518559441
-0.469625993347762 0.0100546583206064 0.319370896684542 0.17515789838704
-0.31386278783632 0.307297096274417 0.405828809429885 0.00666498484899135
0.0102012010439775 0.437685813860488 0.289029200829421 -0.219640882269341
0.232108858900271 0.244647656234353 0.0736522048614187 -0.226274558672293
0.274806256916686 0.0645564253394219 -0.0114139169952842 -0.13713596388775
0.249976036506125 -0.100882119742308 0.0136265095549965 -0.0531673704276555
0.192786565927067 -0.164236365868613 0.0590213849556105 -0.0337394537254707
0.18949926151143 -0.168659058003564 0.1060383065705 0.00201370735450726
0.244045767552804 -0.06826714400512 0.129938281918605 0.0778649685097272
0.25056386937262 0.0619549742203105 0.115019726427537 0.187246374995793
0.210463476325002 0.273760907767224 -0.0400936966027192 0.235591016290752
-0.0392661131043985 0.344597907500401 -0.209794480430784 0.148533724133112
-0.316793792414163 0.185645334327326 -0.134048714215449 -0.00983738282143306
-0.44258239573098 -0.00836559625374308 0.124848142062212 0.0582110601798924
-0.276066739867211 -0.130192669386157 0.424558376346118 0.0661478438456876
-0.361008402304499 -0.0528043692760713 0.379679775826695 0.21884092528886
-0.278259532477323 0.198277647770416 0.394503588940557 0.0899396132379668
-0.0313373249112382 0.345075335930564 0.308357157722354 -0.112706897625811
0.168912718772179 0.206900675714837 0.154746381620439 -0.151055061462077
0.213417512093582 0.0617160182270511 0.0966599052633189 -0.125545297169365
0.20434928519743 -0.0772504496014122 0.101559171867499 -0.0843541480047239
0.163578359193097 -0.135994151732036 0.130960429057478 -0.0753240798415038
0.163261934895132 -0.141211165826648 0.173211624554326 -0.0419255888874348
0.205714593774699 -0.0605999155061708 0.198812966675773 0.0483451244057697
0.211397391072839 0.0580155301395632 0.179171153601202 0.180698533361468
0.156950873925204 0.241938787987094 0.00592505028589931 0.245364610319965
-0.0665270402437309 0.273066642509326 -0.169955700452773 0.162809520223359
-0.27638994921368 0.106836661999209 -0.0934026910883223 -0.010842609360687
-0.329937311435941 -0.059876784066579 0.227045628210056 0.0830851691318885
-0.0938649117254397 -0.111433417593903 0.498429786778311 0.143480004902311
-0.184245368304506 -0.0835003354787304 0.402381680873002 0.234727195315869
-0.171342426593086 0.0778359413611232 0.366427283637396 0.14265025454508
-0.0391569439780581 0.196087696460308 0.310193794656154 -0.0358187334260674
0.0877673071657097 0.123795710219816 0.206837742441579 -0.102592060676216
0.119000230932305 0.0404342900865227 0.168533620425676 -0.121591164000386
0.124808804731717 -0.0446874135516642 0.161298779386821 -0.110635537023322
0.108756908224531 -0.0882433966629574 0.182780097055457 -0.105051990080138
0.113977996055787 -0.0928698773644547 0.225275124207215 -0.0734014124072054
0.144793602271782 -0.0423197583230026 0.253836413750252 0.0362571883784228
0.151106834308844 0.0523570354271225 0.223502888182155 0.189354355317833
0.087848762321241 0.186351383862218 0.028296631022275 0.263878112829923
-0.0859869943579651 0.172438106370096 -0.149177661577859 0.17504289472236
-0.207528834803413 0.0183810962591032 -0.0681659549906076 -0.009221306915896
-0.176301649717755 -0.103536101960916 0.289433213713091 0.110997457000144
0.00753295614485362 0.128110351142286 -0.400913366874706 -0.0922319141775109
0.107681890089454 0.0407068120265311 0.00268180607419493 0.112830911049592
0.0883392010346344 -0.0830072045854786 0.196761112777014 -0.175013677056773
-0.0288683607997522 -0.0997914219550741 0.00473971435104634 -0.352509812557604
-0.0673239633881981 -0.026306862788225 -0.272431903492678 -0.282004688040848
-0.0400191101322386 0.0104454989539698 -0.361485509331989 -0.042334462387888
-0.0451773695278576 0.0218524965574597 -0.29937591083255 0.114429581583304
-0.0440962128380253 0.0193833302355719 -0.226493756046416 0.155676533550456
-0.0300148038651885 -0.00289056140854752 -0.199420999128119 0.171495765696859
-0.0133531761301764 -0.026047363098907 -0.213410114268766 0.172924738492576
0.00373477485282415 -0.039683339980567 -0.265545376497343 0.124819026856441
0.0654719021159623 -0.0310070412909284 -0.344407547777893 0.0127068458090172
0.0744439048278398 0.0482623867353424 -0.379678057016027 -0.13680127385155
-0.0138550839764472 0.129134132539688 -0.366440947938547 -0.241249304929028
-0.0864358688808181 0.115182521232331 -0.511214760637474 -0.156071960191396
-0.179554222724228 0.128655853628595 -0.362655037437416 -0.164161807905347
-0.0390457196466317 0.125912427508864 0.0112643186257002 0.0932484897433142
0.0557442523332713 0.0747836534901599 0.223191134528038 -0.194587271136992
0.0562309239852105 0.0282462162960752 0.0256850012977272 -0.39739202261783
0.0430187561785382 0.0123271686908961 -0.272096920113815 -0.315966136079558
0.0628888955599788 -0.00669333359137222 -0.37019951450611 -0.0602383826914899
0.0440267057948575 -0.0439399907682747 -0.297222158197109 0.103499035570746
0.0320012056461155 -0.0531038993509142 -0.214861871127175 0.146694508265016
0.061173390990089 -0.0581512992311389 -0.17521005971039 0.169663333835238
0.102367678706257 -0.0173572948607042 -0.185593293941202 0.180667532886189
0.0969618470052144 0.0349239636237868 -0.230314696593662 0.150844084715972
0.0955050437120212 0.121596748626718 -0.320113540274077 0.0608235668771632
-0.0151481402863781 0.180388574396339 -0.375866739104697 -0.0802566463575115
-0.191111876156922 0.156615414726508 -0.344000257894242 -0.160039869040407
-0.293608117230005 0.0834899140388479 -0.444774033665259 -0.100197280106552
-0.348672004184524 0.0890232771269509 -0.25704544404501 -0.205367383928497
-0.220343945107961 0.17760865286271 0.0595017760551786 0.0854707025676893
-0.0235688420126398 0.237016534377096 0.278410143975098 -0.197858150891919
0.121789231390532 0.191933087041558 0.0787758781195387 -0.430505198274912
0.159586355083383 0.0755385746000966 -0.234355544246481 -0.34800624642288
0.172160166588437 -0.00692060008547326 -0.340661094271258 -0.0932539452124478
0.137626338260319 -0.0968376480166986 -0.260820328805541 0.0736777873201892
0.103909618226542 -0.119751455427788 -0.172339744145223 0.116875136851558
0.133822389672887 -0.115328094880115 -0.120962194935466 0.148411403511877
0.195149184827859 -0.0307405673129057 -0.119828955162041 0.181284008562974
0.18835928466755 0.0705285309138844 -0.156667047055198 0.189816117135593
0.16276000410472 0.230298064707967 -0.271132227193562 0.1362075480787
-0.0401636256516636 0.305685333572053 -0.364784802260448 0.0038883080854663
-0.306016406543061 0.212137135477291 -0.306434804587713 -0.0803159865706398
-0.450482264745145 0.0737829900699318 -0.321571249730966 -0.0382056379105195
-0.465041593197421 0.0199964802979002 -0.0888482521538242 -0.198718296853119
-0.395649479459105 0.176567180022927 0.145699605336154 0.0969757213437098
-0.142401584704609 0.362409181860952 0.348542929268056 -0.169229272207733
0.140082623415027 0.357832759508913 0.158316612311788 -0.42333965097577
0.252304207179679 0.156976054630169 -0.153317072602893 -0.355188670100193
0.264222733848224 0.01042863624743 -0.264123488216352 -0.126903993732565
0.217567002442426 -0.127802824162876 -0.188709721407584 0.0294890101176253
0.160929288686376 -0.167030576195241 -0.105130697783782 0.070412922502698
0.1785432630979 -0.163500775311532 -0.0472910345907431 0.106352752132758
0.253062532222685 -0.0567966376703737 -0.0322069579167479 0.161010256235144
0.256029651954373 0.0726744551217389 -0.0574683579311774 0.21274620237531
0.232635689480019 0.285193318112204 -0.193376724548724 0.204020343739787
-0.0243447002019111 0.38842278745733 -0.328446470678446 0.0855516858972903
-0.351226746382616 0.261122020318404 -0.25400504242409 -0.0282074117525867
-0.533280277468383 0.0726295319318742 -0.166089957804638 0.00748251100721501
-0.501314612984937 -0.0552407191169698 0.111947502689123 -0.141088659636486
-0.506342586343086 0.117651127371564 0.252186565265882 0.130485802737184
-0.262085991164816 0.401618780958097 0.409097890307762 -0.0999017557807013
0.100619198577003 0.466705183573575 0.241976755389563 -0.357952256079865
0.289534103809795 0.228160869059567 -0.0421270279789617 -0.319892928025365
0.312199802102511 0.0370637621677066 -0.147329793345656 -0.146948943725804
0.264311334444291 -0.13377433059458 -0.0924086943140454 -0.0174964112905369
0.194636350459761 -0.190301788391009 -0.0229125025908531 0.0143010669226275
0.198790528513263 -0.190464800728355 0.0349825897488052 0.0527172091403294
0.272201008389552 -0.0783076901136606 0.0592340384901921 0.122622540009006
0.283318865552713 0.0625638915498011 0.0441444203953328 0.211655183445991
0.261834549881202 0.29749826253479 -0.105102424697465 0.241671093818706
-0.0112991109209633 0.408223880935474 -0.274277152296203 0.142560976622958
-0.353531398060538 0.264058697356586 -0.198448488999875 -0.00785093820778183
-0.538298015904174 0.0556789851976492 -0.005028746774038 0.0348909731875543
-0.442028523066623 -0.109890443330432 0.307955306822534 -0.0464896454553054
-0.506089501965355 0.0314924987102192 0.349022185928979 0.179991916827031
-0.323384620957335 0.343347908296463 0.436713162920877 -0.00725306077939524
0.0334741657762903 0.471005768310324 0.301112930285827 -0.248521283841664
0.262363274119832 0.252979948559961 0.0719333141986115 -0.246229004581474
0.300460752471385 0.0571033612997528 -0.0160538240706901 -0.148338594060391
0.26347866488028 -0.120151064926664 0.0127185323993213 -0.0611920396986047
0.197886151605403 -0.18518138975703 0.0618674500307559 -0.0416525037679258
0.193981659162448 -0.18864463147902 0.114583920089003 -0.00430329800642516
0.258520516345857 -0.0844674743207025 0.143270519140194 0.0788707799484039
0.272003222998026 0.0555529097699493 0.132002059688385 0.196263995118588
0.239667825399074 0.284511562609468 -0.03125192035692 0.255559737957461
-0.026692648596662 0.371379684980636 -0.219988336275866 0.172388262160112
-0.333730659747584 0.21215127110317 -0.145821402767827 -0.00471729044887226
-0.474948040504475 0.00955848260753705 0.137209278574854 0.0543790412996229
-0.30052071285639 -0.127942703329137 0.461927910587491 0.0559935247474094
-0.390846666033079 -0.0411492395056342 0.41608445672772 0.224548738230805
-0.289938045606267 0.223717033591886 0.426866382322574 0.0821688433920167
-0.0149708015247654 0.372703853553943 0.326226952752217 -0.132294317626628
0.192032907465844 0.2157285238278 0.161690865638031 -0.168538268311014
0.234310113969031 0.0564065522133844 0.100619366563638 -0.139630155162216
0.215272440204113 -0.0919975784230819 0.106146936560888 -0.0984635871142287
0.167201576652885 -0.153786596404122 0.137603517720436 -0.0902219156152896
0.167564183261494 -0.158935812808092 0.185210226900773 -0.054166297350193
0.217449530937582 -0.0738890332581127 0.21689366172984 0.0444877290243049
0.22983848449351 0.0527748904518749 0.20004762031546 0.186352957219305
0.181449483478929 0.253102034678561 0.0183239631761751 0.264656514421165
-0.0582442672253528 0.294903358334447 -0.177307420922027 0.185712885440035
-0.293203436899518 0.125509345339729 -0.10189085958637 -0.00721366000689581
-0.354927778705221 -0.0491936500268469 0.248582195359096 0.0761080180723194
-0.103804566532613 -0.11534332249029 0.544049106713238 0.136209648469894
-0.20092720637478 -0.0825219905417457 0.442068519457805 0.241298350591385
-0.180257546288724 0.0901816381337161 0.400249854303259 0.141115723159061
-0.0313855814151268 0.2127801408535 0.331484017777712 -0.0490840607471529
0.100498397703388 0.129716593458103 0.219446025365315 -0.118675085974393
0.131082409040295 0.0388535011876252 0.177308970027326 -0.138640093831184
0.13090120598921 -0.0534308116740017 0.169077967704455 -0.128109733103837
0.110438580725134 -0.100093385347597 0.192477018003108 -0.125137443260906
0.117366457764642 -0.104408634506698 0.240113541729199 -0.0888644370076206
0.152544219918821 -0.0525500805786278 0.275209196853146 0.0290686903055583
0.164742052357104 0.0485290667742825 0.247278030681133 0.19508142541525
0.104083515979922 0.196428031017199 0.0414293581584007 0.282750557685005
-0.0856431670491275 0.187875579773119 -0.153783414944247 0.197265130369847
-0.221229677786123 0.0274747910859416 -0.0755208045651099 -0.00716332170980835
-0.191885855738353 -0.103377380460043 0.316771505572111 0.103310390040732
-0.0175407192517448 0.13771738338821 -0.406181885978312 -0.14658101091641
0.107451053013999 0.0592567200867502 -0.00717339179526642 0.124027963057307
0.102387950746024 -0.0754185584560459 0.238819893816617 -0.160940479872629
-0.0216397889263357 -0.108269851962223 0.0554952001840293 -0.380108038023953
-0.0715681765036045 -0.0336453596504271 -0.254575607096513 -0.338552895539234
-0.0467640529470658 0.00652286456670575 -0.376867294929734 -0.0961898666456004
-0.0501378292948433 0.0174077566426695 -0.335306189665868 0.0802748908570556
-0.0501378224389232 0.015411517098925 -0.263663446262689 0.133662485045175
-0.0303312916942685 -0.00804093022754797 -0.235757173921351 0.156645467036399
-0.00964728401705823 -0.028199175747748 -0.248680308336597 0.155643143316848
0.0085897023074134 -0.039841155672116 -0.297851314437893 0.0978127902124891
0.0690553117866669 -0.0246301102576931 -0.367852150773073 -0.0336439709231577
0.0655451408794897 0.0618931659745625 -0.381121623462296 -0.19951217839131
-0.0418273644779479 0.1311571566147 -0.34684420377833 -0.316725427338756
-0.120443296278409 0.109078052215026 -0.510688613036304 -0.253061203838608
-0.212151254921947 0.106960765366395 -0.364784975587603 -0.216060410143379
-0.0584401999210643 0.125191081145141 -0.00181496333626204 0.107762411011096
0.0442597999286611 0.0813125458554769 0.26739446558732 -0.167649421003819
0.0484151805862115 0.0352046155927576 0.0869788379377817 -0.414353208266218
0.0364425139510456 0.0226736986975022 -0.242071026485147 -0.374029529747488
0.0645542188021439 0.005160735329563 -0.381062465298077 -0.11474571584982
0.0519483541920824 -0.0384936133352061 -0.327933216718797 0.069942163570104
0.0418154650751047 -0.0474640321900714 -0.249639396363347 0.125295628733707
0.074785318810024 -0.0511804162118626 -0.211961274603632 0.15867457727772
0.111070057546554 -0.00117035382460958 -0.22236402429532 0.169146818569095
0.0939210565824666 0.0566320000399512 -0.267751502470448 0.126162718139212
0.078585188547951 0.141831525090297 -0.35394624776053 0.0129362338140692
-0.0526230523403877 0.186517616370318 -0.384508282022418 -0.142149435753366
-0.235088778459213 0.130705384470291 -0.327774319688382 -0.227470243964872
-0.339683609217146 0.0373442978686195 -0.44057183371735 -0.178450693685996
-0.379632713391947 0.0364564150786013 -0.254162071035037 -0.246368321125591
-0.253250756482494 0.150111570091573 0.0432433627086584 0.107917067370164
-0.0625966064668207 0.235199805921342 0.319512578570886 -0.153092119471401
0.0934670152355858 0.211417351751829 0.148675500028024 -0.430505147040938
0.147727389016739 0.106354826369134 -0.190318752296546 -0.399918224068198
0.180043575924478 0.0208858126748604 -0.342757036959801 -0.145931560865536
0.156725696533855 -0.0803160178549863 -0.281643176627471 0.0415222489333994
0.128487291733392 -0.10430990145156 -0.200666871416131 0.0984980579447921
0.158699385770993 -0.0997428163868485 -0.150169213456294 0.143972887089885
0.211362243341951 -8.00542168106402E-05 -0.153636703027397 0.179747839755495
0.185552163907352 0.111114264543718 -0.198251225504613 0.17551878156697
0.134706523110718 0.268499950836952 -0.318738136584126 0.0960904056478028
-0.102664095051964 0.314428192468626 -0.383209482178063 -0.0532936471519644
-0.366241486084799 0.171137196694912 -0.294796236571837 -0.140928159927215
-0.505453830825536 0.000650410479486958 -0.310933055061505 -0.0893257645127925
-0.488779458355628 -0.0558270956599327 -0.0852734985859519 -0.219260960302316
-0.43490522377839 0.121578529837831 0.125829421722728 0.131566148233055
-0.202799960500705 0.345060652324381 0.381403018346965 -0.102624254772252
0.090279724353151 0.382041200142665 0.228429248785955 -0.400457179233284
0.232027277451885 0.204057408651093 -0.0972965959549721 -0.392865024277646
0.274698806892718 0.0527282264720904 -0.255046161105642 -0.171615973274974
0.244900604981766 -0.100520695537976 -0.196860885006498 0.00580002297979831
0.196160036348985 -0.146098951483415 -0.122787729157237 0.0580104817376844
0.213443911114938 -0.142347851516455 -0.0653858046679202 0.110503956412472
0.276066361290365 -0.0184791009474339 -0.0582339821029994 0.172433469732326
0.257104925707857 0.12583458639138 -0.0991780882454253 0.212915029127967
0.201090935957037 0.338723252013344 -0.250660733227009 0.177115650537123
-0.0992648185020799 0.404497727629958 -0.357226027939415 0.0367673956264437
-0.422833272525787 0.215499068281564 -0.245371984415101 -0.0803948050949127
-0.592826918224516 -0.0145382123407354 -0.148990675386153 -0.0144349767682234
-0.509175544845152 -0.141897021834018 0.116212822909347 -0.133493746387205
-0.538829078784877 0.0434263242371513 0.229636097215894 0.179980074302689
-0.331269956639038 0.366242314459728 0.426660500081108 -0.0206763615629788
0.0370154921242116 0.487180026711586 0.303275412085493 -0.311998884372619
0.261152056125406 0.281811577994686 0.019208040873514 -0.335017681011926
0.321402607124207 0.0869670431291856 -0.126940731261114 -0.175327229334287
0.294262228926662 -0.100722337073622 -0.0853442779589219 -0.0320409171444455
0.234986257037866 -0.164823183942073 -0.0271508630447063 0.00986357471235032
0.237328320878183 -0.167422234076056 0.0301995177260732 0.0641391546812807
0.300799160953248 -0.0391943465429283 0.043361436818038 0.14492903933465
0.290068527087025 0.120532789269337 0.00856151232858454 0.225126363295291
0.231595306699109 0.357374422054798 -0.164990421965181 0.229486515277689
-0.0897493354181837 0.428440465513522 -0.307845674764462 0.106194638326077
-0.426214286182158 0.218742410684763 -0.189139882381256 -0.0489175898088073
-0.594909624299338 -0.0357141482284836 0.0175056967108847 0.0420303631872729
-0.435305223865186 -0.191627504457611 0.31134935400805 -0.00861530420477612
-0.522772931426995 -0.0484938270564762 0.326738427187943 0.242723103752288
-0.383614098501301 0.29490441551126 0.438571348044768 0.0777235947424876
-0.0304849539165812 0.482665649860345 0.345993097901123 -0.187466082668012
0.230971936445255 0.301420056332989 0.128455254299017 -0.239494500607321
0.306787403398151 0.105561921711871 0.0130166740102045 -0.15779460234486
0.292656019603704 -0.0870215400569862 0.0323297845841156 -0.0636880251507018
0.237946512509098 -0.160165492958467 0.071521639997518 -0.0374621552380046
0.23270615732477 -0.16579567452963 0.122708524838265 0.0139075913087881
0.286858954929768 -0.0476506852303741 0.139727399283231 0.10995968410535
0.279414514599925 0.110080673641341 0.104244916044176 0.221440318185991
0.211575722463941 0.341578815288692 -0.0874411202459081 0.255137544454165
-0.0992966683587298 0.386525905288865 -0.254886031917686 0.146274260210622
-0.393872256767005 0.166863218734682 -0.136551145664129 -0.0354726176545565
-0.515342312041411 -0.0738530164358268 0.161270088231456 0.0857510483842223
-0.281661406269662 -0.188242890319487 0.464113001421568 0.121583469860861
-0.391598926871102 -0.106760627513165 0.394618056703166 0.296171955945571
-0.329243141660651 0.178501517816818 0.417827378241775 0.161884234757496
-0.0648132819301135 0.374457414235861 0.354721930971263 -0.0681274093509814
0.165136859475306 0.249702797562473 0.20917701335447 -0.145026557444074
0.238698473148549 0.0942278471011177 0.133820392162637 -0.133467928355332
0.238243039064636 -0.0641326356155442 0.135694762120812 -0.0912668370996735
0.200696910169892 -0.134170350039925 0.159384319235592 -0.0802943083716346
0.200056320291094 -0.139228366395981 0.204997526850577 -0.0299260117131215
0.241787443035202 -0.0439085756392243 0.222227182190787 0.0826722075984095
0.235888839186358 0.100016298695582 0.178837875762715 0.22042118160564
0.15382310736238 0.30034530832459 -0.0334096748026952 0.271760642547355
-0.119679010362911 0.299984927510813 -0.210526849785124 0.168102216197241
-0.333986449338746 0.0820375850230023 -0.0934065144661321 -0.0273428615969006
-0.372895778045522 -0.115483074565863 0.268896927880083 0.126895989486191
-0.077187459195682 -0.143194573587972 0.547135813726915 0.217209173277474
-0.187341962209098 -0.120746508358493 0.427506110707966 0.314678830541834
-0.194902893614264 0.0576767087478487 0.388016057633067 0.212909141935523
-0.057887617732915 0.207342698535869 0.351755367978418 0.0101682153809843
0.0833650235956373 0.144972060192493 0.256703790240914 -0.0874106406989897
0.132326045790521 0.059532914852797 0.212327598116063 -0.122792424913646
0.144642581428393 -0.0363126331972668 0.204573711582892 -0.11443284417763
0.1323660659036 -0.0877003158328566 0.22185404684271 -0.108831612064814
0.138878891513859 -0.0912493810126278 0.267880967274368 -0.0604490969053343
0.169226388408548 -0.0316881790471451 0.287101862522096 0.0726154080080076
0.168177063469777 0.0829772622925025 0.229054458077604 0.236064284122843
0.0798491208280248 0.227534668957648 -0.00616329535453896 0.298001705746055
-0.1288012441274 0.181995431662736 -0.187340698669943 0.186101460833174
-0.240174956166097 -0.00946155400720367 -0.0688550203209644 -0.0197013994857786
-0.18324802497804 -0.144283811346831 0.327827004329339 0.165212867422806
-0.00146832038173204 0.139651279796448 -0.430582578617148 -0.100586239549987
0.11633161295944 0.0484089509183956 0.00755040319736635 0.129599137072184
0.0949238405997456 -0.0866942702793412 0.227264032541378 -0.188899513662148
-0.033270251902347 -0.107637790274428 0.0170620298377848 -0.391905789263394
-0.0758318424782897 -0.0269077782640349 -0.294217718471587 -0.317232080376843
-0.0464014107313122 0.0106405505345947 -0.392606232280498 -0.0576452224933366
-0.0477904635043686 0.0222859264315904 -0.32850251465423 0.1177801556008
-0.0475337072362528 0.021983300665537 -0.253871484473344 0.165756655028306
-0.0305894098250332 -0.00524420852364655 -0.223716051268586 0.186471440425788
-0.0120557125466142 -0.0273562957475924 -0.236854967427432 0.184737589133068
0.00459402130174923 -0.0404367912235158 -0.293672060783671 0.130919813507469
0.0676432731230782 -0.0321997343714974 -0.378870623458519 0.00283228230697692
0.0724422010093564 0.0578570609537757 -0.4051598685973 -0.166116810846463
-0.0289983736977983 0.140508251466117 -0.38549141944199 -0.290929738641245
-0.109341531290334 0.122495220668564 -0.549830779524001 -0.20467594701219
-0.201930489388744 0.129017336130775 -0.396550353093683 -0.17643445712862
-0.045997744736157 0.134232919509073 0.0104620090475212 0.112956505119938
0.0538127153276597 0.0779075099982074 0.254539434335154 -0.196791103335825
0.0551745390903957 0.0301885841985004 0.044018278754955 -0.429838989353679
0.0410271756420961 0.0188900644579359 -0.286072676295218 -0.354569572151113
0.0660905760152406 -0.00348798926265375 -0.398127130767806 -0.0777506466475523
0.0487714589455117 -0.045223413999983 -0.324265770899546 0.104579143139878
0.0370565646116111 -0.0514734353510594 -0.241092712084498 0.154923052454943
0.0703540066361009 -0.0609520969547205 -0.198925634830556 0.184445155752467
0.113532238937926 -0.0128037441067831 -0.207244741069359 0.195336713518387
0.10216809816184 0.0484048121942485 -0.260058908274473 0.155675333851554
0.0960113997008331 0.135505824652245 -0.358461065192539 0.0494574264163173
-0.0337156745319976 0.196488013147986 -0.403103608381182 -0.104748712593787
-0.226217790719019 0.159646697775606 -0.356113877286984 -0.201511935517544
-0.339348454362975 0.0739883547315206 -0.468966154046019 -0.136917153009683
-0.379704368889998 0.0757758185990316 -0.287889982719243 -0.218473906513813
-0.241919004538608 0.181020380980183 0.0558464564431576 0.10917081025425
-0.0373350128685035 0.245732885495607 0.309191094484385 -0.185476807116795
0.120955412169137 0.203559154370513 0.104705238551646 -0.452555949276378
0.163875074235299 0.0912037556011145 -0.235699574991417 -0.38732683698573
0.185353807301807 -0.000727424816907535 -0.361548948587624 -0.112932473696813
0.150553165786503 -0.0987272412403009 -0.281123934253471 0.0717008277433328
0.117469694972624 -0.118923846185098 -0.193828945698279 0.120966871183002
0.149644132722956 -0.118696013292098 -0.138338888276571 0.162100967468437
0.214964585913203 -0.023711523699142 -0.136304566011167 0.199098612354262
0.2006611250311 0.0934398557386708 -0.184135177362695 0.198229068644209
0.167252832102368 0.257100462158284 -0.3133734896498 0.131079815949847
-0.0692268049956914 0.331585956837226 -0.393118224267472 -0.0136805143559537
-0.355269269639577 0.215030862799714 -0.31245637410935 -0.1151914067792
-0.511471583787885 0.054492613986374 -0.327981655373116 -0.0604250012298071
-0.500380949640401 -0.00570833851850613 -0.111451202032845 -0.210219353385965
-0.429966732150816 0.171536202383931 0.141141756911826 0.124441518036737
-0.167349737842793 0.372180719382819 0.375787061078698 -0.14238136727552
0.137907084224285 0.378060970444776 0.190171725032394 -0.429438994584898
0.261017557383147 0.180266495798946 -0.140301627928294 -0.389523621926155
0.285959858391299 0.0209511991310252 -0.274554905916592 -0.147316751543136
0.236934867721954 -0.1294884245119 -0.200076731965793 0.0238862898102314
0.180637762701586 -0.169064726956813 -0.119522283103725 0.070705239260509
0.20045554876888 -0.168332769758774 -0.0555838465367179 0.117998372826143
0.278796961099377 -0.0492671214547452 -0.0398377172281797 0.180880550095824
0.275389549420663 0.100174200248978 -0.0781122663848528 0.226635665625366
0.243345696642551 0.320796080703082 -0.235119928482948 0.206042009168846
-0.0566686941250473 0.421494426301892 -0.358525139919947 0.0779474143421158
-0.409944296684972 0.263409020022676 -0.257801656826424 -0.0572648870691852
-0.601910894898718 0.0496495182885334 -0.154077489515268 -0.00162886463075662
-0.531350474148438 -0.0917313991415448 0.103874907279066 -0.145177387151044
-0.544564134250279 0.102494439419262 0.250821593483961 0.162403627048898
-0.295045000095482 0.406681349082639 0.430420799759401 -0.0625800568309805
0.094566704842804 0.490364305564595 0.27434323050592 -0.346775280433281
0.298141200494805 0.25650204374956 -0.0152836631691094 -0.342992789357711
0.337338064837731 0.0511509114877128 -0.14506448632606 -0.165578927697475
0.287671362646783 -0.135074340804851 -0.090807440210228 -0.0256679215319705
0.217202550911962 -0.193794555218226 -0.0276173050015918 0.0110059606760766
0.222157367833254 -0.195398498922963 0.0353407343833164 0.0597779136666887
0.301007972908756 -0.0729920922634499 0.0604949630751795 0.142932495776983
0.306925089077569 0.0905607791581422 0.0322916819628172 0.227046270090958
0.276745085786706 0.336984762848758 -0.141584382501758 0.249624133434068
-0.044138987578065 0.442562193650516 -0.301392455961725 0.14372892684541
-0.411261466228322 0.267395134036506 -0.197067559444861 -0.0303869603314093
-0.604200266808406 0.0298944475967906 0.0214349409172647 0.0362643666657508
-0.460422509057477 -0.148515150152433 0.315583730276542 -0.0398132507575544
-0.536805710366014 0.00690839587468943 0.356023468566033 0.214856729952715
-0.356593499743017 0.340047992247552 0.452093326999843 0.0374345584153667
0.0261885547823592 0.492241791416168 0.331177519171241 -0.224109096131952
0.270133509589289 0.280428885903628 0.106172228499453 -0.256888739797626
0.324998670219891 0.0711538511816321 -0.000763674180479057 -0.163329975748237
0.287517504522225 -0.11955348721071 0.0262700552356572 -0.0711022348119964
0.220198695273221 -0.188887360089154 0.0672330712686387 -0.0490658660517739
0.216818202546941 -0.19414805554498 0.125635575318097 -0.000336098277634145
0.285316931953998 -0.0803492745184901 0.154857962928082 0.0978629997749449
0.295100368889181 0.0816110060768908 0.129366993118383 0.213206199710561
0.254207674925263 0.323689532034728 -0.05968042183264 0.268823756206331
-0.0582096868557241 0.400993317106363 -0.242519173108216 0.179260187096653
-0.384205213128526 0.210961026846653 -0.142129134593852 -0.0215988257943827
-0.529046806087233 -0.0167817938516612 0.173371030397703 0.0656723356936482
-0.304003110953813 -0.161054885962668 0.484560091664601 0.0752445568626905
-0.408921013770086 -0.0669475828315007 0.431102466754489 0.261806778982759
-0.313711761254939 0.215214847811817 0.43991173040863 0.125703546097349
-0.021205962587545 0.385234357562274 0.352504730093599 -0.103389988704482
0.196252565410544 0.234264475468204 0.198668054667595 -0.167925088375156
0.253816334364399 0.068054239943285 0.123733646703258 -0.151403929453081
0.234865715266629 -0.0914647968574279 0.128243640738637 -0.10963889051101
0.186127474802973 -0.158289456395743 0.151235880718833 -0.101027878648236
0.186894258577907 -0.16366803782392 0.204323219815103 -0.054464595784548
0.240091451042811 -0.0709004160854732 0.235989439580503 0.0602521318222659
0.250406142740523 0.0758995426689875 0.204175085658131 0.205215627132749
0.190803486020946 0.286827361176805 -0.00424344844926649 0.280650934169989
-0.0891964079106222 0.315388142620615 -0.194398629478232 0.196752692522946
-0.331303605652038 0.118551940280289 -0.0979763512050851 -0.0179627440220335
-0.387392192354606 -0.0762043497400949 0.287206275035525 0.0954946177918465
-0.0919961040758495 -0.13702732924895 0.581940464677522 0.162783859616212
-0.202058855817264 -0.102177581520403 0.466390767531417 0.27628153220893
-0.190343003823499 0.0787008982835741 0.415779416167648 0.179157093717651
-0.032894633013469 0.21488601726518 0.358215895350412 -0.0234252947903156
0.101893159673147 0.138698525656849 0.254140132536991 -0.115311190657532
0.141177550891299 0.0449824992417488 0.204174314753667 -0.148845569970787
0.142177433812892 -0.0530845648427503 0.195550110332111 -0.141218340997239
0.122523939186273 -0.103928503496849 0.211940505450604 -0.137884754729214
0.129970187205259 -0.108251992742301 0.265029127349369 -0.0917794644387613
0.167185521376582 -0.0500382907752356 0.301682968919419 0.0440196170598728
0.179578971941095 0.0657868945282217 0.25757821441409 0.215667031425283
0.107621198982231 0.22185291679076 0.02562441688032 0.30403431097634
-0.112754531659719 0.195744304371452 -0.169789658951316 0.212502476250392
-0.244330367324546 0.0155303064607992 -0.07313722564439 -0.0122373958759458
-0.197911727895544 -0.126004746447516 0.350004412697409 0.1279229275031
0.0115955178246352 0.134015138679337 -0.430476357729709 -0.0575384953634423
0.117275655025858 0.0376925225488678 0.0201622418997025 0.128965111613385
0.0846984868412984 -0.0925710267027772 0.209136567035581 -0.203253606369071
-0.0411612475284281 -0.102285484488965 -0.0145713051735191 -0.3834795269961
-0.0758658576749894 -0.0203523310134982 -0.313796584179564 -0.28677188826587
-0.0447045814826156 0.0137672352101835 -0.38785515439582 -0.0247331837599189
-0.0447310963787913 0.0255235131330345 -0.309471726463931 0.143090188362451
-0.0428574227417105 0.0260424670816958 -0.233991164970217 0.185023216303328
-0.0297945412274642 -0.00292699866120835 -0.202904036575633 0.203206114405569
-0.0132016538535435 -0.0256156181370363 -0.21648263302978 0.200463689268349
0.00143199276403188 -0.0392408995375907 -0.277287598894896 0.152966094225135
0.063331327571455 -0.0370053525640509 -0.371180403880452 0.0330493853622845
0.07535836694491 0.0529422503555999 -0.408321541462247 -0.131909793571891
-0.0157169149765142 0.14275029193823 -0.401147406832314 -0.257846856933702
-0.0949716661752349 0.127148106403332 -0.559291035516531 -0.155367448277472
-0.185617790820886 0.141301364364301 -0.403303134591247 -0.134603519333911
-0.0336704479253861 0.136249485194081 0.0215824565786646 0.113022382973992
0.0594781839342237 0.0716851258588204 0.23536598877599 -0.212215128425068
0.0582449148671531 0.0239303682483248 0.00858928489944155 -0.422745092100971
0.0429636679544731 0.0143347195538728 -0.3099676168323 -0.324031224538209
0.0643026239630526 -0.0107276352869804 -0.394210686532337 -0.0442218776487301
0.0438692925743583 -0.0488853133087245 -0.307026411113036 0.130050397313172
0.0325118614635842 -0.0526932424128503 -0.223319746743876 0.173020864362819
0.0638258790740004 -0.0663108539298318 -0.179232690532727 0.198551117705069
0.111055459159809 -0.0224414759977747 -0.186595220387523 0.208470168507853
0.104441983415885 0.0390145306282816 -0.243150350199643 0.175145129679154
0.105686812553763 0.123476825021474 -0.347801717869289 0.0778289925426357
-0.0159602018251846 0.195754555511096 -0.401867479110571 -0.0716344647986486
-0.209222902434893 0.177432899270871 -0.364563588134474 -0.172366531573039
-0.323492156598725 0.099178425040284 -0.472679303037795 -0.0962777989956124
-0.364780252220332 0.104729617017032 -0.301427005926403 -0.185802215528332
-0.222280960840718 0.199086016953123 0.0634242938322662 0.10647454585831
-0.0142964071590624 0.242761180762739 0.288549414700817 -0.205463321968692
0.138430194519104 0.187194273010807 0.0657794182622237 -0.448756459020973
0.169514991473717 0.0737152050958428 -0.26301404522311 -0.360296640099035
0.181005741957113 -0.0188559474922039 -0.36178281759141 -0.0809341334190103
0.138260703627407 -0.110912947377282 -0.269257171633673 0.0922457430568408
0.103503045499604 -0.125556311267399 -0.18006080066329 0.135404546832934
0.13605742566871 -0.12974081145833 -0.12251009817743 0.170745051970979
0.209533648707882 -0.0420356702359227 -0.116279217334651 0.206309814251233
0.204810598792389 0.073891667209374 -0.165176405473819 0.209196419545264
0.18712029937122 0.236034108392369 -0.295746472755413 0.153875715350726
-0.0385876511962239 0.329513987945034 -0.385578700177076 0.0194640956158463
-0.331989644440922 0.241752987390289 -0.315202099254385 -0.0899100524634434
-0.49395818279389 0.0956032355258005 -0.32938130071003 -0.0335434637998358
-0.487781932953266 0.0347085893010522 -0.127278623796726 -0.191477724282093
-0.406298332844209 0.205915133455298 0.147150282753742 0.11513104416584
-0.130446723580423 0.377168299074102 0.356768378777483 -0.166199272985242
0.171473309844772 0.355915659915074 0.151266431808215 -0.433287703733149
0.272702675963008 0.152874413491033 -0.169368303116682 -0.370728232298142
0.28129609348022 -0.00671193962289217 -0.279043663751116 -0.122359882320784
0.220411131425562 -0.148154830037235 -0.195220765689636 0.0393762861151332
0.159631023340094 -0.180222818208676 -0.111923969266526 0.0796321280498831
0.179856919999405 -0.181330890984832 -0.0460304350443451 0.119876836146919
0.268301507762727 -0.0723246550492559 -0.0234825175041909 0.1807265098833
0.278716343059542 0.0744372159840231 -0.0590196415709583 0.227527087056406
0.267184826829928 0.29198341158665 -0.211147686567263 0.220661865759917
-0.0179712166736581 0.4150359523346 -0.343553493941118 0.107781144538219
-0.379888560078461 0.294562895591623 -0.255389354912688 -0.0372133171214993
-0.581479561537737 0.0988926945058561 -0.153430605770331 0.00817431581920797
-0.52674403875007 -0.0460988672168393 0.0887768223627884 -0.147758008270018
-0.52450778837868 0.148356270568487 0.256649163541379 0.142038141917304
-0.253227264108365 0.421814434052097 0.415488065137064 -0.0917370894162474
0.141260575815348 0.46880710616431 0.239360221835355 -0.35837039596594
0.316221771988139 0.222881905232914 -0.0423003384719934 -0.335362337276838
0.334080223136842 0.0186092728949727 -0.154353323718231 -0.151573481771637
0.269635534010306 -0.157785198747691 -0.0923059979516491 -0.0194367889651113
0.192399461183868 -0.207694270798007 -0.0275966143450442 0.0129263189501688
0.198489042778172 -0.210060235847743 0.0379607872336913 0.054734733771603
0.287635958790976 -0.0972098392178365 0.0724247265789707 0.134639197650418
0.308718383427218 0.0625888599391613 0.0498096055086039 0.219240137768328
0.302768088244504 0.304693174933426 -0.116718926570394 0.257126855966211
-0.00354470829361226 0.435708018329793 -0.281564971431747 0.168819037058947
-0.381552186916319 0.297171502244877 -0.195056708926986 -0.014955982236824
-0.586077222069412 0.0795523626052494 0.0225237807941912 0.0305484018588236
-0.460888134390651 -0.109497863286218 0.306806285374656 -0.0633423784468886
-0.524942094875137 0.0535425146509489 0.363591403630661 0.184447673908611
-0.317965067036802 0.361402732980937 0.445005716344335 0.00397337960060382
0.0716996197181012 0.475522972496536 0.305960935953744 -0.242798785104443
0.290602199798883 0.248820319513458 0.0848398676771173 -0.26095210444456
0.324645485153024 0.0401679118168701 -0.0130219213350721 -0.161893086106636
0.270086476912345 -0.143513230558483 0.0184756540040661 -0.0737213160476435
0.194959251105713 -0.204280449036747 0.0589929858845521 -0.0542317536758382
0.193980334490811 -0.209403329173831 0.120548828815138 -0.0126924067179147
0.272259570483906 -0.103505249307759 0.160367292593456 0.0824089303245463
0.296183713740245 0.0544995580244942 0.143787264452666 0.198260296145211
0.279751462561312 0.293100396526105 -0.0351593063932757 0.268215623585373
-0.0223547341753349 0.395085903249633 -0.221124823884993 0.19992096745767
-0.358978742581948 0.239716324773136 -0.140241153650784 -0.0102997986297348
-0.513972151248691 0.0281162764845037 0.174135182024982 0.0454445467869504
-0.309574722998919 -0.132994968338355 0.482747610393131 0.0344788837582827
-0.404764506557175 -0.0298469535306186 0.442933495325108 0.224043557407267
-0.287411030731111 0.235456757807311 0.441323189382427 0.0897818504570531
0.0160528413134288 0.375245183935326 0.33724420680505 -0.126563619398664
0.213522177902859 0.211512620246248 0.183341994869134 -0.18163366796911
0.254277903638308 0.0439144002610315 0.110728078038567 -0.160952579406852
0.221296627823854 -0.110441492734055 0.115580318866576 -0.120458010950445
0.164785584653565 -0.17072402832656 0.13744352907685 -0.113577621298003
0.166583158676426 -0.176709803465494 0.193319671671522 -0.0717472267316405
0.22738810715854 -0.0900984954690452 0.237642103136013 0.0390739623365336
0.250972396550746 0.0519875561743467 0.216488105872341 0.183615143272233
0.213267831867127 0.262145006260008 0.0199091592676558 0.276260963496196
-0.0612748647216962 0.314088487785611 -0.173363085861658 0.212137711206083
-0.314747952819679 0.144311146911967 -0.0966513429742033 -0.00982401397246199
-0.380284583368358 -0.0410016174402264 0.28791253623383 0.0643039990808255
-0.100732087418154 -0.127034811471904 0.584717214151552 0.110717302110009
-0.204823457176752 -0.082525190265798 0.478586471618213 0.234817916855041
-0.178897430068968 0.0924647437348656 0.422756288263595 0.144203043988981
-0.01126113083515 0.210550837820326 0.350167868061234 -0.0493837300713523
0.111641128743651 0.126447932664732 0.241316201952924 -0.133130377926452
0.143008610745216 0.0314630856455071 0.188518609324314 -0.164954035519768
0.13439246725097 -0.0636511520081775 0.179951036388462 -0.157452019496992
0.108269293699438 -0.111916706786834 0.193096264183004 -0.155335014217322
0.116596492644753 -0.117760398233489 0.2500426712688 -0.113427649467422
0.157902326471516 -0.0632292122969763 0.298824827423122 0.0170535772508657
0.181073099346305 0.0479926835788879 0.269352587255486 0.19120392090117
0.124798492758476 0.206330469927235 0.0513181982448612 0.296679684220398
-0.0952109251387314 0.199488169549305 -0.146814473008001 0.223559027046874
-0.236277512202112 0.0353346897101128 -0.0729394624521358 -0.00619879862268591
-0.200474983873772 -0.106187251318198 0.351459031840542 0.0906455116561144
0.0173645801017288 0.127374952283759 -0.42059863995901 -0.0309395231069787
0.115849187915882 0.031724908801207 0.0286878198609775 0.127149991303857
0.0772927615596437 -0.0934477958442272 0.195986958748997 -0.20769665135829
-0.0442022141504124 -0.0979449691191082 -0.0302102233908989 -0.372288297710585
-0.0743343621905408 -0.0161638810163194 -0.319477933917032 -0.26523101856139
-0.0433732150003623 0.0143439373121386 -0.378629753673334 -0.00651805326105118
-0.0418212491147251 0.02573653299603 -0.292231954842411 0.153735090676915
-0.0390283629240182 0.0278711633312563 -0.218411674188861 0.193491875395466
-0.0286599037724947 -0.00232562131261493 -0.188219895279613 0.209918320582671
-0.0128606294798628 -0.0246984847399247 -0.201933473508245 0.206193658317699
-0.000206442201644385 -0.0375072923927848 -0.263945494754602 0.162071475301034
0.0598672278865165 -0.0385105661844853 -0.360305886546319 0.0483865918945609
0.0757518910480037 0.049346310086382 -0.401456295663787 -0.11229674068611
-0.0082123601022764 0.142284139566416 -0.401658368131212 -0.237014635031754
-0.0864293898694177 0.126047725406361 -0.553553050101125 -0.124656190220784
-0.17346354730422 0.144115795126865 -0.398793425629996 -0.106923000205276
-0.0265085923534699 0.134845847369322 0.0278114685270019 0.112809268122598
0.0612351282927216 0.0673817594687204 0.220669597844922 -0.21592457179165
0.0593329100358294 0.0191813441483285 -0.00990163307883413 -0.410634883181081
0.0429948119180062 0.0110268102015898 -0.31616514445042 -0.3021588881328
0.0612520528652463 -0.0143722760796329 -0.385481083560023 -0.025415556547569
0.0402897960268813 -0.0505556176454315 -0.291545258521028 0.140858579009393
0.029112570281783 -0.0525161055134266 -0.20896358792671 0.180876438252376
0.0586894292931561 -0.0683188160714432 -0.165669862198929 0.203852892100962
0.107751193077338 -0.0284464924638983 -0.172542410802899 0.212627461252037
0.103694494678653 0.0331451434136944 -0.229988699760803 0.182114116230708
0.1087782619088 0.114162542959384 -0.333962376464901 0.0914687626335854
-0.00530241923464991 0.191975247303329 -0.393005494501972 -0.0523437351779341
-0.195045353960303 0.185261433534477 -0.36222110490314 -0.1554286543367
-0.308649513861135 0.110014541705459 -0.467872388435349 -0.0725136429268968
-0.349202931878445 0.117665421119199 -0.301606137618482 -0.161395179407594
-0.206906037650296 0.20551224161268 0.067552288134548 0.105370766684525
-0.00122512215356111 0.236683048733616 0.273352072974573 -0.209737448816866
0.147215991551236 0.172554682740651 0.0443029738880471 -0.438019737207586
0.170205801371135 0.0620829549027807 -0.272735962270647 -0.340191766034294
0.173981186231287 -0.0287516034746613 -0.354963904207042 -0.0625141580426066
0.128499463023681 -0.115364649874958 -0.257515674839709 0.102912711907325
0.0930722273919255 -0.126812287199312 -0.169108644946161 0.142300218772947
0.124663206091687 -0.133085995571641 -0.112352876860942 0.173356469731615
0.202086746790824 -0.0523152719830677 -0.10377728115164 0.206937769043359
0.203930587343058 0.0623490519831012 -0.15227688409487 0.212306791922339
0.194454139239552 0.219545694443461 -0.27943637445557 0.163179062597574
-0.0210955311712539 0.321977943606981 -0.373461688763649 0.0368709047475102
-0.311885739629146 0.252397369421797 -0.311117156865615 -0.0766778309625822
-0.473501478711573 0.115333106804671 -0.324249183495233 -0.0190079991632675
-0.472871575890771 0.054411818384321 -0.132693339697936 -0.176107756557022
-0.385805306002903 0.220995191223329 0.148731609005957 0.11062238518946
-0.107041488838848 0.372174761067148 0.341697232432278 -0.173863546905155
0.188073028900354 0.334415697873186 0.127536029920738 -0.426261208154635
0.274909964890816 0.133032250329715 -0.182089196832114 -0.354909804030133
0.272409628991665 -0.0224593840742083 -0.276975513647408 -0.107132781797771
0.206201586116922 -0.156792552949304 -0.188309237688142 0.0464722934130261
0.14418738386326 -0.183114133002598 -0.105861264541783 0.0832587755318242
0.165097978392762 -0.185841187140168 -0.0402963583991222 0.119494378275629
0.258183681895468 -0.0848373897973773 -0.0143366068833975 0.176722204242111
0.275373176933726 0.0580495722954229 -0.048104783723356 0.225057641404564
0.276188434064991 0.268783047422239 -0.194654996553653 0.22455516930527
0.00275983227167428 0.403545588072719 -0.32767650742106 0.122702822022364
-0.35653390154624 0.30734283230885 -0.249991977791868 -0.0267535845991916
-0.557655191938893 0.123107661752508 -0.150830395812254 0.0125403445763114
-0.51372102779486 -0.0215714980298838 0.0805914195952885 -0.144693605378968
-0.503194733332942 0.170951785879418 0.256420561278652 0.130948045337386
-0.223691353143366 0.421094909738654 0.402227588810839 -0.104706923189024
0.16316776193329 0.445723947397186 0.218615268583733 -0.35706707439865
0.321221537263695 0.199382961751587 -0.0560061107240279 -0.326120429242128
0.326476275295283 -0.000997317550968898 -0.156723668949034 -0.141720016816645
0.253561073526977 -0.169191306861815 -0.0922440833340781 -0.0153088211083165
0.173841058837638 -0.210904794277169 -0.0280367959275436 0.0142254984222609
0.181605936468263 -0.214714369852744 0.0377986267744123 0.05180217585876
0.275269094537667 -0.109497135452317 0.0774108538477626 0.127247892535364
0.303634131892629 0.045098316593535 0.0580119525955988 0.211365943603041
0.311669989525193 0.27806828877009 -0.100123345970644 0.254395660601467
0.0170402688292355 0.421396106264408 -0.264102243103392 0.180365602626443
-0.357623829828163 0.308902618665543 -0.190626232759977 -0.00708859420153955
-0.560624318159227 0.105713059228965 0.0217019771987768 0.0250207309018491
-0.453799504098707 -0.085604448814424 0.295815688559458 -0.0730687412667184
-0.508148960777634 0.0776862027259306 0.362413409694934 0.166668973556599
-0.290586338973245 0.365605789830192 0.434404376493586 -0.0126914465938556
0.0971060186846121 0.455261912627425 0.287294628654258 -0.247831909224528
0.296603256441501 0.226012949670292 0.071820804882546 -0.259707918545362
0.318185481791326 0.02095600085555 -0.0192879804582849 -0.158513141724556
0.254987555041776 -0.153732197168097 0.013947749977894 -0.0744696839305009
0.176630534722333 -0.208144761751827 0.0534404408306268 -0.0567663269898086
0.175897553055963 -0.213960203261821 0.114116835631276 -0.0178496555846263
0.258984215374937 -0.114669584894651 0.160534645704868 0.071724752711268
0.291381520866924 0.0372434405001318 0.147471214487881 0.185921513110447
0.288661972919075 0.26863790824721 -0.0210123745142292 0.262706328476127
-0.0035364446675604 0.384363749428846 -0.203094220219773 0.206893251595018
-0.338298969997238 0.251295411057827 -0.136915932161141 -0.00428840050166731
-0.493657427229808 0.0517339986081975 0.169957017404024 0.0318558025502933
-0.306665288663165 -0.116096906699294 0.472445273706251 0.0108398909086525
-0.394894651980327 -0.0100122699711711 0.440990507690392 0.199821485043778
-0.266470148042796 0.241423919466299 0.434132854223511 0.0706111748433851
0.0373557815072259 0.360670658403695 0.323079158043524 -0.136038985433128
0.219084429116137 0.194246624079733 0.171928377774612 -0.185382328586314
0.24993340937811 0.0281594311144551 0.100674787923732 -0.164462957849201
0.2093096108865 -0.118926984336982 0.106766228412488 -0.125880431872287
0.148630123142345 -0.174447593211036 0.126104507490751 -0.118984194109039
0.150232100605879 -0.180895828389613 0.182678311457293 -0.0792761740939196
0.216260862238685 -0.0987258057297944 0.23327311230284 0.0260058543852752
0.246912933802559 0.0377390729255071 0.217972416216659 0.169062948962767
0.222366198483201 0.242757569041631 0.0343881414448914 0.267286714578614
-0.045653588471345 0.306976087270492 -0.156121380328287 0.217351111854665
-0.298913083775935 0.155539822377748 -0.0949291673267101 -0.00629206158342288
-0.367623482177538 -0.0217016021347021 0.282841081455249 0.0447059166065998
-0.102238255581457 -0.118697265131891 0.575263106375126 0.0797421871058883
-0.202141360901908 -0.0706745181407152 0.476200713578322 0.20851644318715
-0.168649053985345 0.097212083013539 0.418715597250462 0.123557498771408
0.00134340053709592 0.2020987418161 0.33915818419887 -0.0629449273145277
0.115956444553037 0.117083002725553 0.231197246631082 -0.141043522875269
0.140503203372198 0.0236521311761154 0.176660287722511 -0.171791952761073
0.126609673729611 -0.0687782266782069 0.167770412386343 -0.164999509161015
0.0965143231557359 -0.113358639473971 0.179603182157094 -0.16211520998768
0.1051608758187 -0.121117515357623 0.236050145399848 -0.12200396886553
0.149183853680982 -0.0689909847319033 0.293086684586146 0.0015908371364971
0.178659178762705 0.0370023720184661 0.270192121417917 0.173189928086213
0.132895572738648 0.192520012574484 0.0647058454402048 0.287017058467517
-0.0848191871696909 0.198288209419803 -0.132769164604887 0.226013388037127
-0.227550617146589 0.0450272175953022 -0.0721559962972069 -0.00384481115393224
-0.195657206472739 -0.0942005510969396 0.345805605090748 0.0671412502205171
0.0210477562822109 0.123880519027149 -0.417960962878431 -0.0155592296807529
0.11629318340654 0.0287199073400845 0.0350566394359948 0.12766627424549
0.0733364653385879 -0.0938721950998362 0.191771383740735 -0.211136561161557
-0.0465470277351912 -0.0966683543475444 -0.0367571296791175 -0.369289954583414
-0.0735284016060617 -0.01461183167792 -0.323186323955233 -0.257708414053611
-0.0426764313349299 0.0152299418613137 -0.375927390665217 0.00139793036222513
-0.0410918361707489 0.0264053809543655 -0.283628064568174 0.159597429280556
-0.0367657766836903 0.028365701683116 -0.211319328094833 0.200048382841984
-0.0285349618918567 -0.00266769194822369 -0.181026497268087 0.215900336641218
-0.012391510376176 -0.0241465897338744 -0.19715178686627 0.210642591033214
-0.00176632895897356 -0.0368100928088945 -0.258410815604997 0.167490197140169
0.0577106444308934 -0.0397582237492984 -0.356145732466775 0.0558269583145524
0.0772245498984124 0.0487868699766633 -0.399672248818294 -0.106643921103613
-0.00347250116211222 0.14280203113713 -0.405166989297121 -0.23067368990477
-0.082530050390531 0.125301504939762 -0.555554961267649 -0.11041529718108
-0.169064317219229 0.145674697584805 -0.39801584084488 -0.0918173505196683
-0.023054130203189 0.135434888310087 0.0327194374550895 0.11504882176851
0.0625233599644214 0.0648859562786155 0.216781133519471 -0.219382656440826
0.060820199289416 0.0155821115300774 -0.0172460412704056 -0.406796231435341
0.0449115851363418 0.0083617831326805 -0.32077174528407 -0.294077246340534
0.0598044283207388 -0.0169415864578148 -0.382651988474138 -0.016442742681298
0.0375001913095576 -0.0521462504650821 -0.284471108416581 0.14760553279072
0.0281347423258152 -0.0529327113750784 -0.202120091420476 0.187291189905031
0.0565774182323663 -0.07015442642235 -0.159262380995738 0.208950231660163
0.107871335420569 -0.031139294776209 -0.167073639410211 0.21617640809524
0.104558817534923 0.0308665003975656 -0.225081495601778 0.187499403688251
0.11194294977215 0.110551831571642 -0.32982069757858 0.0980168102749666
4.45333663185929E-06 0.191820464360302 -0.390933936565836 -0.043964605455282
-0.189647353817082 0.190091238072587 -0.363755223372447 -0.149990034193917
-0.302898083286065 0.114910335785985 -0.4693267819131 -0.060164801774975
-0.344545279718658 0.12418922838631 -0.302847153699805 -0.14869743398842
-0.200795012706412 0.210373205396548 0.07114641634859 0.108323670371298
0.005602910404754 0.233576924627744 0.269440126122644 -0.213797015029274
0.152664560582414 0.164566185590094 0.0349914709353268 -0.434675636572421
0.172412055417129 0.0551809129399253 -0.280369407686579 -0.332981109610028
0.171359587428786 -0.0343196481517463 -0.354100877774984 -0.0540717504075619
0.123057055589496 -0.119461774031901 -0.252202586392945 0.108686770780912
0.0877869100235088 -0.127590789731652 -0.164601038496589 0.147009366288326
0.12003093682236 -0.136551912576173 -0.107408895172532 0.177083115035919
0.200618176723728 -0.0575115394372693 -0.0974808738901423 0.208338229016111
0.2040350106335 0.0563424278723724 -0.14829448850926 0.215954486084239
0.199937665976327 0.210923050407803 -0.274512462835411 0.168743029572735
-0.0119385154220959 0.32029918600433 -0.369025502243429 0.046083346253105
-0.305388520562469 0.260247246717552 -0.310559817673162 -0.0736217631927679
-0.464897254969284 0.124823497855607 -0.325458284409369 -0.0125304888874675
-0.469608116814105 0.0661226373827133 -0.135201405730105 -0.168439737865891
-0.378409068289081 0.230718953340591 0.150937399720322 0.111135923025106
-0.095633998193548 0.370842103734368 0.338070266131886 -0.17791347638926
0.198251464046223 0.322894400621692 0.119567261691265 -0.425107123881528
0.278316337831534 0.121866807426757 -0.189237576899612 -0.350219202462105
0.269808265251167 -0.0305568431300089 -0.277839535662949 -0.100607029443242
0.199511177150225 -0.162701323874012 -0.186066684600976 0.0510052756647841
0.136194819049712 -0.184821550437064 -0.10388956794781 0.0864315572275504
0.157516173378785 -0.1899428322453 -0.0383585637817647 0.12184605264092
0.255454754167809 -0.0923666729739158 -0.00916793502550166 0.176333659999056
0.274984921919335 0.0500913965013239 -0.0438647521038415 0.226389207216296
0.284025371509492 0.257046553272065 -0.186720095974111 0.227317552960324
0.0141223039236157 0.39932537084698 -0.320844372379163 0.131201976483415
-0.347849979524379 0.314740593120886 -0.248909642649204 -0.023911222426749
-0.548051660110762 0.134722345788442 -0.151743977749583 0.0140509411768024
-0.511209394484759 -0.00922855318542321 0.07738018919972 -0.14327184866036
-0.496010552105213 0.182901727275274 0.257507117087917 0.128874302828454
-0.209174698160698 0.421985577456293 0.398846458796258 -0.110014575159014
0.177228089052043 0.434397071339241 0.209899955036262 -0.357869686625654
0.325627785722113 0.186830854645267 -0.0632122580730448 -0.324992303888976
0.323979134559588 -0.0108823395440605 -0.158646610343576 -0.138550682228563
0.246273965181411 -0.176194717149502 -0.092458403865043 -0.0139553553939295
0.163782027363267 -0.213363309854714 -0.0282381059543067 0.0147970562142731
0.171943848263882 -0.219339255424023 0.0370009531362267 0.0519197133237929
0.270081102031592 -0.117312489503309 0.0798038080819005 0.12390617536887
0.302938789431944 0.0358237094867581 0.0614843321136006 0.208990460179022
0.319228133474069 0.265681724991558 -0.0921517847438151 0.255572409207973
0.027345364775189 0.417259882108862 -0.256505886038607 0.187934576345669
-0.347567178737042 0.316331583006251 -0.189260039427635 -0.00469374574624269
-0.551123316435865 0.116000462781569 0.0201995144825588 0.0213503928104447
-0.453408548013622 -0.0731419667083073 0.293066493186118 -0.078577994367912
-0.504026857917367 0.0902451292349132 0.364071881834688 0.160997168336502
-0.277501146248595 0.368329457284292 0.432220248392538 -0.0199142933451498
0.111400280690681 0.446359038457197 0.281050261777413 -0.250911589998484
0.302080525288802 0.214909492259529 0.066674266762634 -0.26174748927282
0.316535390584609 0.0106479119483361 -0.0231444981925894 -0.159145662014775
0.248945917737247 -0.161396980259211 0.0109827268663773 -0.0759461644566223
0.165372442750584 -0.210488937230662 0.0508865941772444 -0.0578211618046099
0.166237584874437 -0.217394735232921 0.112607201220263 -0.0205374949555819
0.253379431959993 -0.12119415615202 0.162398405269052 0.0665467696503638
0.290542946311374 0.0292133694364262 0.150375901200531 0.182124744511384
0.29611258241295 0.256374564404871 -0.0130815237664281 0.260252374220568
0.00588168168331317 0.379963621945855 -0.195008512271491 0.213456827355687
-0.330430466781124 0.258922366704009 -0.13591041488685 -0.00347416112695629
-0.485509755534838 0.0623294596527554 0.168329824119509 0.0234463301515631
-0.307558150800096 -0.107761809657284 0.470321253545067 -0.000831510189598414
-0.39248481518466 -2.4016478126606E-05 0.442885500200823 0.188976821411474
-0.257841886222958 0.244532495226831 0.43326210665654 0.0622473635703809
0.048872716173182 0.353492730108722 0.318653957008411 -0.140585209814933
0.224083703718134 0.185682313666896 0.168499810756092 -0.190736325632196
0.249380601747346 0.0211482853528011 0.0968451455644696 -0.167552752746369
0.204344673017643 -0.124652782214844 0.102919801176018 -0.130686117951483
0.139948162380923 -0.176363742322472 0.121076840877782 -0.122421813916146
0.14189986714012 -0.183653550191007 0.179075287585709 -0.0833852457470018
0.211126865958089 -0.103884832453316 0.232867560319261 0.0189375982617539
0.246208323736626 0.0298178556692309 0.219455348430232 0.163533222364826
0.23003426736264 0.232676187261776 0.0402895683530156 0.26446977946799
-0.0387696453921722 0.305280987976361 -0.148323988081908 0.221738606694427
-0.292504506746023 0.1620887662504 -0.0954889776369126 -0.00504526409210708
-0.362201535432303 -0.0147614783356936 0.279906341733172 0.033101210938675
-0.104038831850551 -0.115907413140727 0.574808937286412 0.0642776234531696
-0.201583930561619 -0.065811681383068 0.47741742352048 0.195523068962763
-0.164116033994398 0.0990440539982841 0.419087758280914 0.113514499440377
0.00833667432524324 0.197170540910044 0.335350799431314 -0.068563589397046
0.118435007470931 0.112497671089147 0.228854911211065 -0.146184264063803
0.140661646382729 0.0191770729394435 0.172273618312094 -0.177834102982525
0.124015613228439 -0.0718640052069893 0.162101625581073 -0.171204761405105
0.0902503162524076 -0.114702048690497 0.172441498126163 -0.16801070441331
0.0983412246171022 -0.123826736913041 0.231130752687622 -0.127760359890704
0.146255670209841 -0.072042851973715 0.291587202503658 -0.00703578898622883
0.178192137965717 0.0309724165455609 0.272528128231887 0.166650950130729
0.138067107136339 0.186385216372594 0.0708982674266695 0.283540581737443
-0.0800728652987102 0.198891972666483 -0.125058230169143 0.227949712325256
-0.223894696453567 0.0500566647184674 -0.0728755032003194 -0.00314560405222653
-0.193852837525628 -0.0899658650967315 0.343232888102144 0.0529820141455828
0.0753107868069987 0.108431143498446 -0.382836998248879 0.176061089297904
0.118597109086876 -0.0251936979126234 0.095683027018305 0.0983596635808354
0.0220611911787142 -0.115554226754677 0.0764340840925075 -0.285185556314192
-0.0875840756491752 -0.0620962125250787 -0.207124547184467 -0.324776832355551
-0.0714548582166832 0.0252231572231529 -0.416687717381801 -0.0824856917995302
-0.0300016106337975 0.0348988360343398 -0.342380764689611 0.175884563478721
-0.0268391002014301 0.0421178113004347 -0.184978011688752 0.277749081726928
-0.01882444146719 0.0412569614912868 -0.0983135141408263 0.282407009572321
-0.0280291598227174 0.0102313643780548 -0.0627035930850155 0.282811820061919
-0.0217778644437946 -0.0172396876418774 -0.0813777604783512 0.285230915828087
-0.017896835252687 -0.0312718386576425 -0.155973829747855 0.271134375643619
0.029061025509489 -0.0602558902001256 -0.296026027842913 0.215515891794959
0.0909208118584256 0.00874550584853163 -0.411741232000156 0.0858603792566971
0.0591937930052362 0.130821884092756 -0.483145970508903 -0.0307983957063762
-0.0222631605981492 0.156132048601811 -0.569988545939138 0.142415495068881
-0.0902481603858249 0.210151778637422 -0.401961623626515 0.105618651375287
0.038580808071985 0.131485118306944 0.0902738674975095 0.0934054076364193
0.0803125801150468 0.0327137388556351 0.10399982857171 -0.301407934929838
0.0569321906327624 -0.0101684380683186 -0.198633457013915 -0.36753945319737
0.0455328280216653 -0.00614266684491055 -0.428942813934746 -0.121077330096374
0.0491005933049266 -0.039644406783103 -0.354750637045582 0.159685274899624
0.00950390087891991 -0.0639735328372222 -0.191248312339028 0.262925310010596
0.00477976790224075 -0.0618803481430328 -0.0953975126296372 0.26676128934781
0.0194630491366482 -0.0903047537741124 -0.0449795151007798 0.267155097200461
0.0867535977015107 -0.0775394642956213 -0.0485292066806271 0.277989962732506
0.111718725900851 -0.0167369889525455 -0.119091034906158 0.279507672383275
0.147483809867314 0.051613173683231 -0.259549434880394 0.250692976240813
0.082554675322568 0.177601800894275 -0.379869894186775 0.137329585333253
-0.0914492750047229 0.261562091547327 -0.412404444333228 0.0141953371353203
-0.232686090067266 0.253470100878194 -0.46440771222899 0.136485434641319
-0.26250996311894 0.264954212771348 -0.344694677080461 0.0165190203248093
-0.0905135350009395 0.275709603501108 0.123296240361589 0.0754559545669333
0.100805286491684 0.209213204912032 0.162710683406777 -0.313657332339668
0.203366184653691 0.0813540609937944 -0.154666917335895 -0.416225640411946
0.180439527998832 -0.0206724763601998 -0.406917385584211 -0.180496347242385
0.142234506973007 -0.105161900467706 -0.344623430470861 0.109068022922618
0.0571852276922083 -0.163228424090657 -0.177923522081918 0.209621244873197
0.0273601885303263 -0.157664215004354 -0.079067580253596 0.211094522004195
0.0478850487337984 -0.179374325199766 -0.0117402614548256 0.214075251648406
0.160636363359024 -0.145043596661125 0.0131824887056369 0.240244336498274
0.217684783640682 -0.0383458556212639 -0.0360880077632057 0.275127365437202
0.275109022548244 0.102145614822405 -0.178987730843141 0.298958274307722
0.129435723982883 0.303534893342116 -0.324848985845169 0.210844473446072
-0.165638380553484 0.381329021763731 -0.333056037121441 0.0539990701106637
-0.377339236044796 0.340582108699006 -0.310036403157225 0.106029633231164
-0.405653587281403 0.261661990483168 -0.204822063151791 -0.0737942818239255
-0.24438785898938 0.369613001807092 0.196614115549657 0.0471288571112843
0.0664658843638278 0.375681854492945 0.245891121709005 -0.304577416277732
0.312731751412242 0.201363015868083 -0.0657430618409396 -0.441110551645361
0.30515800644908 -0.00749219266645479 -0.327838567484646 -0.241388877882914
0.233327913093056 -0.147047268703705 -0.295574188511356 0.0288513097225959
0.107322032168174 -0.23648345687783 -0.142795087990296 0.123196393843141
0.0453816377011296 -0.230820907216986 -0.0516314839959619 0.127349244275327
0.0591429579630825 -0.245641815288188 0.0263828039531278 0.131815706327178
0.195584666968727 -0.20094919788411 0.080360343933444 0.169487201919311
0.281086886314611 -0.0773850082590642 0.0636103080167919 0.240350542648134
0.37379243114241 0.104514258210202 -0.0731635503896722 0.320645448717961
0.189139190681395 0.367031910978837 -0.244879038885377 0.269675598224977
-0.180372124152304 0.45187791164854 -0.258011321301418 0.0698309516044574
-0.448328692291437 0.390535674597196 -0.137730059750808 0.0470167777299235
-0.476736783381138 0.207105886198412 -0.00156960246376253 -0.145855255073602
-0.373868060675308 0.375262365743803 0.29961985510271 0.0172989510098602
-0.0157496868223829 0.470025878862038 0.332103264084097 -0.263385494906257
0.341435137166542 0.307591710541736 0.0522904801968085 -0.417516924707429
0.374836284937915 0.0284497630485963 -0.197081543362696 -0.279080865112581
0.291142530303069 -0.153999224563002 -0.204476327290129 -0.0609589947152596
0.144097473094315 -0.270090728172473 -0.0861332847157283 0.0182318775322488
0.0579399002381098 -0.269468622817876 -0.0167398600319682 0.0259284872889645
0.0596570448801562 -0.279156487818185 0.062723372679261 0.0323617444838881
0.197804319246457 -0.231018200832558 0.138721644331289 0.0791685870001668
0.300308466786918 -0.104975156518478 0.152201397236404 0.177930654547967
0.411984325347429 0.0954328705756768 0.0268918072827057 0.304285749453856
0.210019773009278 0.377721156809053 -0.160153162237289 0.292331546903667
-0.180077254034008 0.45289076865629 -0.194711424313938 0.0610745018484119
-0.456997696445252 0.374493257382603 0.0244483019005877 -0.0245672039541675
-0.45160811421665 0.120246200998735 0.224152087017053 -0.187822981895625
-0.421725723626564 0.29232346636184 0.40805108620915 -0.00465453042406227
-0.0997732899663044 0.447477819410688 0.398875684586206 -0.194882321343041
0.287338445722392 0.345126821573254 0.164667638666315 -0.348514484412104
0.364422259175066 0.0630570466420462 -0.049177742804246 -0.279194603795592
0.294059370672717 -0.132177267823179 -0.0895954119369515 -0.142684081771812
0.15307293823235 -0.256798565676183 -0.0209705219874454 -0.0870623934649298
0.0592211383760604 -0.267891247392213 0.0207852340668457 -0.077690743899846
0.0549918109363854 -0.275236899421495 0.0964223699694349 -0.0685396709517351
0.180677925712288 -0.227655384080209 0.185007200988406 -0.0116553020380693
0.28602694128292 -0.105739938112306 0.219769584954504 0.110859444416729
0.388006568940588 0.0975484836547109 0.101295474078034 0.2710885983538
0.173688022012566 0.35435658289909 -0.0910988715683999 0.285347210176378
-0.187186400649728 0.390723921228408 -0.142520707790169 0.0403597531695446
-0.421270171622883 0.290466101333231 0.164187696529208 -0.0847007090319127
-0.333770620271429 0.0244691859653319 0.422411505429723 -0.201114023626521
-0.360576218025742 0.160274256062093 0.488958740388494 -0.0184960958092471
-0.134249174690553 0.325971267872101 0.431538653136131 -0.122122595653012
0.192119746322501 0.288879808747437 0.243886934694725 -0.265937086821725
0.280453002983285 0.0683459219290204 0.0758471129467156 -0.259013000394056
0.236492868035603 -0.0936566031602606 0.0143301955915823 -0.205473462716835
0.129718089276642 -0.204465969083053 0.0365188394405705 -0.177745141895733
0.050245605292138 -0.223312575491743 0.05335537469115 -0.169539552504687
0.0479394180523969 -0.233036210624158 0.126624040972508 -0.159017932721077
0.14876516555788 -0.192117110446149 0.226599932796253 -0.089808675628819
0.245107627770979 -0.0849483507823317 0.275323004567435 0.0596939988437146
0.31668149912932 0.107260029209046 0.150928062519321 0.246199431805478
0.098317713771653 0.304531350463068 -0.043220919542877 0.269694240834941
-0.196666845963741 0.283971407208085 -0.100825558798708 0.0223922320556801
-0.341590316669078 0.158815720240073 0.273727197648627 -0.118847292491164
-0.150217934034855 -0.0706508703538469 0.550777234148235 -0.19458721612235
-0.21520369648258 0.0180301155050109 0.522879942499234 -0.0341169468166362
-0.11128910332635 0.15308090313591 0.434381565111087 -0.0752855666613571
0.0885646819577165 0.166857192194045 0.284509170029049 -0.210816620124004
0.152595668117896 0.049046099276761 0.147434838694262 -0.24444331123682
0.136400626024497 -0.0462919096898737 0.0757519104067622 -0.246823393492421
0.0804563368764556 -0.119917689205342 0.0700222330726665 -0.240361043221754
0.0309446613065072 -0.144367553927819 0.0773248567243151 -0.235192464072215
0.0346255966361731 -0.157505336677055 0.152100889486341 -0.22433069180198
0.102679250199879 -0.132396926740411 0.265195299008537 -0.141885128994522
0.181870729748179 -0.0539516748100478 0.323639943681636 0.035926156347217
0.212989600740555 0.108416572766455 0.187194694062487 0.241753367866811
0.0117570485490485 0.225782028142215 -0.0160792895296892 0.262315138184932
-0.184809024747382 0.148103724906338 -0.0732953102416857 0.017854659064668
-0.221033188761454 0.00588670430339421 0.343714758450433 -0.117852430115061
0.0826884003493208 0.106182085632932 -0.381824914842777 0.20483587823343
0.121593031002535 -0.0319391531072763 0.107560029923844 0.0972552716407343
0.0171496204791374 -0.119255736166553 0.0658020563933018 -0.300299075159322
-0.0946791205042888 -0.0605081916513621 -0.228941738685578 -0.32784578173828
-0.072717029337662 0.0288883462131158 -0.437892512599707 -0.0649215567760738
-0.0301579905072277 0.0371802742977824 -0.346896807351787 0.199079845468237
-0.025492436281418 0.0450408162104937 -0.175076417270499 0.294427627517815
-0.0164194540369462 0.0431074150163217 -0.0838824973780634 0.298364952796302
-0.0285608287748124 0.01181244068001 -0.0471819662458087 0.297976665013217
-0.0227978975584188 -0.0177569108150955 -0.0687838543879259 0.301667011953786
-0.0198775092506798 -0.0309141235804014 -0.147680041186505 0.288121917619849
0.0268266399221623 -0.06341816291831 -0.295830973133184 0.237637905932023
0.0952379515277462 0.00434680535933068 -0.421094275878118 0.106291653647459
0.0697913414543363 0.133149519694271 -0.503487162500007 -0.0117379990780777
-0.0165782552081925 0.161048610240142 -0.583032900944007 0.178306712959189
-0.0826624481611387 0.220496624589778 -0.406540905493006 0.132845911353604
0.0469456816391017 0.135196477323401 0.101920939437586 0.093155144776286
0.085332959520118 0.0297409596278848 0.0942257488771016 -0.317778906106576
0.0572146078407178 -0.0154630757952539 -0.222271871865761 -0.372760077237617
0.0466926624125341 -0.0107102333907926 -0.453096619889238 -0.104468362284207
0.0484019912484379 -0.0448644837272038 -0.360617184991984 0.182523177728456
0.00584410857324375 -0.0666951356526763 -0.181825235623875 0.280848624719844
0.00152147691039773 -0.0638886969256231 -0.0827373293959866 0.281535623612307
0.0140170362886753 -0.0954652331018714 -0.030002152582668 0.280628847286557
0.0857965157207366 -0.0872463335078128 -0.0354692955234073 0.292931068446133
0.115636197862125 -0.0228930214180363 -0.109548808068608 0.296938990302456
0.154869510017846 0.044539512129425 -0.255463533025283 0.272345416607095
0.0951413907241557 0.179113953469412 -0.385821402217437 0.158438075757291
-0.0802492778694524 0.277458434876578 -0.428538521758952 0.0324122820716858
-0.227884062309101 0.272342858182087 -0.47630762532913 0.168153500272707
-0.258733552690638 0.286531723557344 -0.35260593888792 0.0375647642425821
-0.0787315277825543 0.290585739487294 0.135539978295096 0.0742310457853345
0.116148657243398 0.210408911772766 0.154627208968756 -0.332638857688099
0.213988363556228 0.0693300302010338 -0.17913979222753 -0.425100639454352
0.185511343483086 -0.0335508608869578 -0.432685329412397 -0.167296413483605
0.141932080979771 -0.118349028570492 -0.351339261411619 0.12981758425443
0.0494138982576909 -0.172043391325928 -0.171762547719188 0.225087569057171
0.0186566139901014 -0.163285905231806 -0.0691783172748594 0.223768346865105
0.0385613924896113 -0.188856654412909 0.00166063442240961 0.224382760360472
0.159154921566368 -0.16070158159316 0.0265548301984844 0.248825975729674
0.223177635181238 -0.0518266470724629 -0.0233696383712855 0.28900404966182
0.290069389904295 0.0891818293522955 -0.169637717260321 0.317414085846958
0.149212386136468 0.306300997776656 -0.323262233865782 0.233941835434615
-0.151033953184536 0.404398528128601 -0.344629624696058 0.069389086015077
-0.371960376586351 0.370014538507433 -0.31782670699123 0.12559153334244
-0.40471283276216 0.291730661002575 -0.213765371681131 -0.0637003579693771
-0.233878934448234 0.395894554846949 0.208784564377493 0.0417353625807138
0.0897318420606971 0.383128670317985 0.241259173464487 -0.326949407600016
0.332986400271339 0.186173940714489 -0.088614240645261 -0.455164337277686
0.314633869574364 -0.0274371120012596 -0.355177966063883 -0.235042287967965
0.233289498156711 -0.166126612957054 -0.304411122020319 0.0438791663081435
0.0954337860318522 -0.250565189154837 -0.14066171441024 0.134717310758436
0.0330494319426263 -0.239612993081621 -0.0458007755306246 0.13456526214291
0.0459845546055186 -0.257511749543472 0.0354383608210178 0.136643852712444
0.191511874343757 -0.221428685205819 0.0923598345431094 0.172057863019077
0.287087112936863 -0.0962597547611424 0.0784873459311036 0.247979350014308
0.392387558761834 0.0851527649315531 -0.0590506534138132 0.334027182823687
0.213846181983627 0.369584054601967 -0.236102842785736 0.29068592162643
-0.162125476546969 0.480566455612332 -0.26556834079376 0.0828750152718001
-0.440573688546091 0.422857373595189 -0.143808934262096 0.0547406218868354
-0.483021050894415 0.240057848513158 -0.00896715449805821 -0.149562091607859
-0.367749800545079 0.409016484112621 0.31186837538042 0.00505948168405917
0.00854581499523009 0.484020970626089 0.332220541156447 -0.287774447932911
0.36829688733373 0.295973292312224 0.0345075344635881 -0.435323187354852
0.389950826934264 0.00531224690617121 -0.22216727007135 -0.280154342920244
0.293149639149583 -0.176941797725511 -0.214238341558649 -0.0541582109233416
0.132863838142383 -0.288291899165838 -0.088639177942033 0.0225851250453499
0.0427071397170244 -0.279952425229793 -0.0155652306684268 0.0277460225297135
0.0441826561378509 -0.290811182847871 0.0673832446296526 0.0319206449593968
0.192150196627942 -0.252289022372405 0.147489675494641 0.0751414470263785
0.305282030646538 -0.124964137844617 0.167152093284496 0.178638753566053
0.431549019880209 0.0718419051650656 0.0423619494766856 0.312484644084254
0.236520285602999 0.379524080716721 -0.146225059718749 0.310716114509763
-0.161712463177042 0.480762427384868 -0.200305270312935 0.0719098301340652
-0.452695462511511 0.406755416770054 0.020444932678468 -0.0280746903197105
-0.461572034222949 0.149895893364264 0.221820315217807 -0.204276420228748
-0.420871144102837 0.324782754468124 0.421772934221587 -0.0234706259262864
-0.0805451743537422 0.465333677241936 0.404881641588175 -0.219613478569251
0.314884460675249 0.337587943935514 0.154374913205117 -0.368920581924636
0.380869167207152 0.0421925549068976 -0.0664214298039177 -0.289097992876071
0.29686095447445 -0.154308719650305 -0.10105123646152 -0.144909420929228
0.143174630707948 -0.275669943686852 -0.0272349812148531 -0.0913092971762739
0.045250364518259 -0.276663502660836 0.0158061945275762 -0.0821129103769563
0.0391276786602832 -0.286058366342358 0.0963468068457824 -0.0753117618058778
0.174336078301456 -0.246401535685858 0.190210496984096 -0.0227050133717048
0.289712119152978 -0.124844292014258 0.234185581956484 0.10567686339787
0.406760748552969 0.075820552055199 0.11771560739971 0.274935340562676
0.197497138842572 0.357036048863212 -0.0765258845228055 0.300782249147049
-0.173732658743275 0.414220245366685 -0.147037770878349 0.04882378613158
-0.41847155563807 0.319673365874295 0.161866857212514 -0.0995808187436843
-0.342897247715013 0.0435217313364197 0.426762311546258 -0.228999898869485
-0.364235001498804 0.184653325564507 0.504469440234973 -0.042434659426906
-0.121887852319434 0.342437123103907 0.439471491906393 -0.147107840957296
0.212371337876779 0.284720219496458 0.240616242204597 -0.286360512093981
0.294584745966397 0.0544225145447435 0.0642957773938614 -0.275030457687726
0.240049540553851 -0.11117166147459 0.00313270604569029 -0.215470814143084
0.121722857799812 -0.218936924855014 0.0264708646565387 -0.189102908962862
0.0375137848689583 -0.231294012089725 0.043683682194941 -0.179187757617787
0.033192054438905 -0.242220305030474 0.122486321346952 -0.170655507968416
0.143361605819042 -0.206988483308089 0.228704686458656 -0.105601361572452
0.248055059999717 -0.101749708813223 0.287686123108521 0.0495513780406561
0.333626684941522 0.0906245991882791 0.168846771727275 0.246210214696511
0.118053837808572 0.31098400303364 -0.028966944629011 0.280865378763951
-0.188472526925373 0.303678272586149 -0.105178720537907 0.0284858446039323
-0.343969408060186 0.179573455886901 0.273095036556323 -0.141083932204068
-0.15812159714436 -0.0649233594057612 0.559589941590608 -0.232237331472094
-0.220678581463938 0.0297676215864465 0.536676926310434 -0.0618204396192404
-0.107625833683475 0.162849696286608 0.446775538666212 -0.0977439857220261
0.0990083307407789 0.164929438283335 0.284567178940639 -0.231494140259707
0.161517549695451 0.0417817212817795 0.140278959910852 -0.262475967434312
0.138980135820605 -0.0562353398098835 0.065301761011992 -0.261572327169544
0.0761045349071854 -0.128644689910903 0.0569979789000979 -0.256818594071106
0.0229765508147862 -0.148288631080829 0.0644917547399197 -0.248819248287595
0.0246195751443541 -0.163238241078312 0.143880930088658 -0.24057624784901
0.0988829256742641 -0.142945090750249 0.266506461818791 -0.16123057635037
0.184130343481504 -0.065668855043091 0.337491619310307 0.0201505831910175
0.226048289536852 0.0984360345276196 0.205794871306248 0.240927075945292
0.0236403215416227 0.233784204937366 -0.00147820467318295 0.272366390753858
-0.182220070675961 0.161174594284418 -0.0772460530217796 0.0227977038098644
-0.227634886515538 0.0161382959438273 0.345754555591606 -0.14401069765481
0.0907177043178185 0.0996617247537299 -0.368942090362938 0.24011000390274
0.12236017795766 -0.0416087676834254 0.120400801928409 0.0901370603710679
0.00873830801216519 -0.122117901143694 0.0453382858882402 -0.313442984723006
-0.102970772319771 -0.053509928579918 -0.258298553113168 -0.319531730902436
-0.0724387558347003 0.0338270941343861 -0.454147675690207 -0.0318868543882602
-0.028410412475607 0.0393013898065566 -0.340463436206731 0.230469247578703
-0.0229129242196055 0.0481328950550902 -0.154653745710756 0.312079055837313
-0.0125001666244777 0.044418059386648 -0.0594929646942869 0.311657861450398
-0.0284558784070858 0.0138802441067012 -0.0224377760155799 0.308929590447458
-0.0252020475925766 -0.0180503080788191 -0.0452610336523924 0.315193343554148
-0.022536838823277 -0.0286694252661547 -0.129397135424415 0.305671884918405
0.0221700235897371 -0.0656122574432898 -0.282827328578248 0.264608457998539
0.0976753618768784 -0.00312987054849937 -0.422151719637431 0.136334438209428
0.082695636367922 0.130226133465459 -0.517576706966627 0.024349232783837
-0.00545707394284606 0.163207518283061 -0.582439288129308 0.231129215836549
-0.0676305245119727 0.229757985986867 -0.400591470857965 0.169419434167156
0.0594355481299582 0.134033447753636 0.114707576690925 0.0872556625019314
0.0908053569794732 0.0234856350388659 0.0729260353841875 -0.332261248929057
0.0554539367366002 -0.0223211943229211 -0.254601896286741 -0.364843735410026
0.0461863076957608 -0.0170543083081114 -0.473367827135646 -0.0709201984610965
0.0448962293727796 -0.0507177631627072 -0.3549292481571 0.213973698385361
-0.000600070050940435 -0.0679362601504984 -0.162470025549092 0.299726081124613
-0.0032271335731931 -0.0655063503321021 -0.0598823633203203 0.29441536835689
0.00543293180757362 -0.0986504612993914 -0.00577906773609038 0.290080048020541
0.0810017927283402 -0.0985428694333717 -0.0122001582485851 0.302279646147809
0.116484526299957 -0.0323649918356942 -0.0874686915447244 0.312762257814021
0.161564306434801 0.0329061314984142 -0.239636050261256 0.295927692651133
0.110982620783404 0.174961504297989 -0.379993538986865 0.189247774488751
-0.0585970223787194 0.289924977368878 -0.437430740846622 0.0630310342455091
-0.211429509905835 0.292689011380948 -0.474925896483515 0.209659439576965
-0.239513328194653 0.312281760182226 -0.354434014195237 0.0686556357666411
-0.056398164354903 0.303372153148935 0.14717941303569 0.0662955915665205
0.136176204991853 0.20369167586551 0.134123143880549 -0.352681414083949
0.221756530910403 0.0504186605566519 -0.214614710013602 -0.420806154820012
0.185861958043807 -0.0520264719508915 -0.458722688035772 -0.136859672386291
0.134835354898511 -0.133591601042346 -0.348918552054975 0.15886508476536
0.0344569575922453 -0.179650642498001 -0.156463714473588 0.242601829020538
0.00512649403079758 -0.166902252175798 -0.0516578659891704 0.234272909064002
0.0219131747049629 -0.196039763958053 0.0218157026630655 0.230226533313552
0.149206182135566 -0.180052809762901 0.0468272945227665 0.253613269062246
0.223499137892019 -0.0705825452972494 -0.000565106137036753 0.299681794075528
0.302888283774441 0.0661709523006294 -0.148723561011753 0.336513068543818
0.176672469882281 0.300538795151977 -0.309010129764092 0.26283835025526
-0.121176135180722 0.425680209044067 -0.349533722118917 0.0966582269862152
-0.350013606861125 0.402995640880759 -0.316309351603181 0.153663365995645
-0.389272823185986 0.330043191418991 -0.220608672438202 -0.04608774470691
-0.205615975660305 0.421782021616693 0.218613429851683 0.0284593460269739
0.121908737294278 0.381328354900222 0.22275438727992 -0.352080417588313
0.352402098910989 0.159601070303107 -0.124650049470134 -0.457815150527408
0.318021373110357 -0.0566149843882758 -0.385872610618951 -0.211629550471692
0.225030948013293 -0.190383382225287 -0.30768996493906 0.0687897280206139
0.0758111200020444 -0.26417132176338 -0.132870460952113 0.147202588254244
0.0133157247547574 -0.244614313219551 -0.0361008945545233 0.141275290416255
0.0236548121377846 -0.265004977447237 0.0486849631521883 0.137486001713419
0.177462815938743 -0.244000959153899 0.108011174995023 0.169299267524784
0.284945720275697 -0.121668721421376 0.100494673011665 0.2490228511083
0.406011120025869 0.0522675138584062 -0.0350766599753849 0.345177466483587
0.24784336639119 0.359252355484227 -0.215299887225073 0.314340816330387
-0.12802507741965 0.501351734210423 -0.268118295197401 0.104068472230938
-0.416251362668335 0.464596110298383 -0.146003441372535 0.0658258878191104
-0.471211140662758 0.283073722896511 -0.0192272660740469 -0.150110757745283
-0.343697791475031 0.445913525117201 0.319536399094963 -0.0165235477572204
0.0477230161055762 0.490682610311055 0.319187149475293 -0.318247601060091
0.397841484373767 0.267108179172477 0.00188998055323628 -0.44761678213882
0.397455025712358 -0.0280824457680073 -0.253096605511151 -0.269086148073565
0.285403355181065 -0.206377937776283 -0.223979358500503 -0.0392709724563238
0.109887978844062 -0.304752570278287 -0.0892070585298507 0.0287991676685193
0.0194338774115845 -0.285922544752511 -0.0144386492632377 0.0290866967860954
0.0180475131112755 -0.298601291182602 0.0722617255053284 0.0276673787315276
0.175530652370413 -0.274500757225504 0.155275924984309 0.0655608974305008
0.300951805261159 -0.153034312065353 0.185668938876313 0.17260473378132
0.445215270773675 0.0353229348681524 0.067473560765313 0.315328664110629
0.271178460342811 0.3678831871047 -0.122598020084407 0.327901189281358
-0.126134179930115 0.503017152685539 -0.201959846313212 0.0878719280634082
-0.426784741843728 0.448420323531321 0.0145352419924925 -0.0325834216101948
-0.456793752426726 0.188594631484666 0.210819084682159 -0.225013332735117
-0.403119533550645 0.364731613894653 0.427494533969767 -0.0547693787993533
-0.0461832357894004 0.478956161273515 0.395337272475923 -0.253026126939638
0.346040945901937 0.314564861285667 0.129759838251469 -0.387660680919702
0.391571293896425 0.0097768322409286 -0.0938948970114127 -0.291485751956636
0.290914254721272 -0.184318717876952 -0.11538438963606 -0.141142016191767
0.121960493492654 -0.292734453625976 -0.0362665955534245 -0.0932718360592256
0.0223752527936329 -0.283504502390411 0.00773048846501137 -0.0856566715571476
0.0133444205408442 -0.292709960813701 0.0921508769956454 -0.0845375147522474
0.15724127439513 -0.267211168794476 0.191782797638879 -0.0374451004557094
0.28463322643531 -0.152423344588783 0.248036722751728 0.0921007912538082
0.420523603898103 0.040725964345826 0.141201066037731 0.271387349112821
0.230967520084069 0.348771732570056 -0.0527490396966789 0.312087691075867
-0.142686323616561 0.436891640227672 -0.149108945927197 0.0607421940028303
-0.400894366002724 0.356137992964529 0.152273372028529 -0.116924564599149
-0.343932680980438 0.0709656913271247 0.417306995143113 -0.266648380176003
-0.356658062630734 0.217371946934568 0.508428313188698 -0.0805377282010545
-0.0980767215875746 0.356345392287551 0.437665592845003 -0.180388975011825
0.237877197691815 0.269113816995668 0.224004940427464 -0.31041150257433
0.305230098762362 0.0301403977938097 0.0421427846923079 -0.286083616669094
0.235956819958936 -0.135271038494665 -0.0145109664076732 -0.222129611881175
0.105389002527622 -0.233410480420022 0.00938929706598163 -0.197749267467314
0.0186861861454321 -0.235155585526645 0.0277900208571245 -0.187676863709273
0.0117189486055634 -0.247046342248416 0.109604883223263 -0.184329652044619
0.12905509874744 -0.223939346774241 0.223281744558721 -0.125754308205012
0.244071757388191 -0.124852874587513 0.298791688004862 0.0296694991773921
0.347828495765778 0.0619448384959976 0.189988582711429 0.238767860559242
0.145639811351759 0.308730087769126 -0.00547357455826087 0.288142655059905
-0.167923171274091 0.323499794869954 -0.107261140887554 0.0375552837854834
-0.335375483860234 0.207766721571421 0.26265697590271 -0.169215871138368
-0.16460971987507 -0.0541964866350243 0.552185122157983 -0.280259760086541
-0.222167785260991 0.046780871105647 0.539674614824947 -0.103206612314854
-0.0970653102133005 0.173501188266402 0.448410948118253 -0.131256799104111
0.113121121584896 0.157318513258722 0.273360873456551 -0.257148818289947
0.168823025470272 0.028468287938638 0.123150259458933 -0.280567021134362
0.137506837580465 -0.0695999023301561 0.0456582956487415 -0.27568857123654
0.0665247898367737 -0.136940150618842 0.0349179809914087 -0.269536151695164
0.0112584711010185 -0.149952726587441 0.0425751291210949 -0.25949142637145
0.00917713253480853 -0.165300806522056 0.126357869824721 -0.257415857811967
0.0883411407600456 -0.153303514235214 0.258069627978467 -0.185708375552326
0.181156995365758 -0.0825404596501278 0.346455846806329 -0.00360113062762597
0.237316480852377 0.0799291084476249 0.227978323558107 0.231000505974625
0.043434931510532 0.237057105490065 0.0198125730420362 0.278067189195231
-0.17361130747822 0.177255331468633 -0.0784830586946163 0.0298513227160478
-0.230820809725605 0.0314804235011553 0.335981270374514 -0.177230621038034
0.0954379343490613 0.0891612013879557 -0.340792536944986 0.267861363433419
0.117931326087149 -0.0518933897217073 0.128979385612852 0.0789343997414354
-0.000118704811733506 -0.121000214678812 0.0203397535781526 -0.314673299147213
-0.107899898882511 -0.0437735827215519 -0.281545252462626 -0.297288095716841
-0.0696854543578253 0.038753655991425 -0.454246683899671 0.00738432988680237
-0.0261030792529376 0.0403155138087342 -0.319555445535434 0.257512664690458
-0.0188365088443831 0.0488260667356719 -0.127636525153922 0.320155178083131
-0.00803595783656601 0.0438632419163973 -0.0306596223067425 0.314176040138917
-0.0273344219962736 0.0155944682430435 0.00612363881421771 0.30939533333614
-0.0269983097422213 -0.0166725735995896 -0.0168037370875356 0.318007908559025
-0.0232763707480263 -0.0250107189694758 -0.103181331285518 0.313183856974321
0.0166027210529951 -0.0661538907677807 -0.258836885608567 0.284531990517154
0.0961897439533197 -0.0109059467918872 -0.405812565083339 0.165470777366186
0.0942225164391036 0.122721543040301 -0.511482265363269 0.0645411423176029
0.00606626491163893 0.160240816972043 -0.55600901161552 0.276824501031604
-0.0490323988409013 0.232118480458039 -0.378038330417909 0.201876516324528
0.0706088527356136 0.12795750490074 0.123870820254221 0.0781393032739112
0.0929086235466055 0.0149138084602821 0.0468970794961119 -0.336327737637157
0.0511345658132229 -0.0273392836383193 -0.281625552780741 -0.342230209360425
0.0428821952505787 -0.0221412256490242 -0.477860737626577 -0.0293820286817794
0.0396980414002263 -0.0554070929120932 -0.335247171272268 0.241649747643801
-0.00711307315060355 -0.0677938872520667 -0.135273352209835 0.308700086048998
-0.00826599265070781 -0.0644494198535131 -0.03286477770493 0.296319890618374
-0.00381845880837028 -0.0985463111575157 0.0207306525146122 0.288697070454153
0.0712480427691871 -0.106649803993621 0.0139586320571773 0.301870835333906
0.113387429780504 -0.0415360583449557 -0.0610287652814881 0.318561918678406
0.162623005431625 0.0188006411343345 -0.212687703337443 0.312515562857292
0.124365299888388 0.163604632769203 -0.360289749498809 0.214151168760795
-0.0339897783721364 0.291268522434383 -0.430746591270799 0.0965120912278769
-0.185911341021962 0.303450948922484 -0.45314110813565 0.247446900644022
-0.210802440233434 0.327838172228474 -0.341782422137518 0.0982876007519606
-0.0296821337399312 0.304602388028688 0.154001717668724 0.055580810640215
0.152517057411414 0.188536509899174 0.105296293039983 -0.360236532171469
0.221386595739035 0.0286655105574145 -0.246803226032848 -0.399904823042825
0.178471785426872 -0.0700554256502453 -0.469022381257627 -0.0949951039301991
0.122332643798623 -0.14591635135712 -0.334282196804012 0.186577439843969
0.0174328712038684 -0.180271086294376 -0.134196559193018 0.251415489672471
-0.00883089572627967 -0.164904032194862 -0.0305046092228656 0.236603533895309
0.00389921708128073 -0.195484613643778 0.0425870261053168 0.226347588407882
0.131491870645993 -0.193332204371764 0.0685105506852835 0.248498337241503
0.216484049859683 -0.0892586187289321 0.0250446251497395 0.298381801304862
0.304722633255481 0.0381096365912539 -0.120531982952367 0.344432463200827
0.198776009045767 0.281873264639128 -0.28326162088685 0.281946206978981
-0.0844195434553288 0.431561226210834 -0.341552369322033 0.122213084684355
-0.312627798398879 0.424448487608157 -0.302960357783904 0.178898283585322
-0.356118454415166 0.358584621090044 -0.220887180625463 -0.0258805152651566
-0.167773095238934 0.435400983717169 0.219825388676084 0.0122671090474611
0.152972196530012 0.36479165018002 0.193830701577407 -0.366257605875944
0.3594860915138 0.123647685070836 -0.160248928284063 -0.443403192150508
0.3091528202957 -0.0863280407566258 -0.403123521388576 -0.174915163286286
0.207000558441457 -0.210278317304334 -0.300682453940935 0.0940981658144284
0.0509869076827527 -0.267759447346348 -0.119123070508482 0.155555623814205
-0.0077474517646981 -0.241277473765134 -0.0234048589485422 0.142387216779211
-0.00147245987850313 -0.263263433486241 0.0615035121791254 0.132632475597866
0.153794201246109 -0.258501213160961 0.120854989969945 0.159563537315514
0.27206386140495 -0.144813520176027 0.121800560258317 0.241065523868289
0.405244517899386 0.014299397888651 -0.00726486605190836 0.344058945588052
0.275359849905545 0.334013356794927 -0.185009847407904 0.326350175558325
-0.0838163899305409 0.508348777357975 -0.259694127512862 0.123710379107195
-0.372667430565615 0.488996802507296 -0.142169906236953 0.0777192107816828
-0.441015472863878 0.317562496031439 -0.0303694182713118 -0.145550712054957
-0.301549019166936 0.469634241326084 0.315051986444071 -0.0395902178257823
0.0871915182520261 0.477409988271476 0.290935998980695 -0.338907380197446
0.413875099433005 0.225976096692419 -0.0330277947744954 -0.442356422961319
0.390896124907403 -0.0647092679352673 -0.277417527221403 -0.24374694996137
0.265082510930706 -0.232249188415375 -0.22652394471641 -0.0207553447876162
0.0816008804841468 -0.311266001858071 -0.0869403683375477 0.0338368707905612
-0.00526311149066913 -0.282246484607933 -0.0137374200420478 0.0294199104008697
-0.00921460294850203 -0.294390778950863 0.0741390755722159 0.021063700909664
0.149185599037903 -0.289042192967251 0.158950637334186 0.0532249543753061
0.285362043788361 -0.177334050424296 0.200196126486386 0.15778557054214
0.441938842854551 -0.00724224261536194 0.0917871447210571 0.306580210882237
0.29961466380535 0.340694687014286 -0.090840030483967 0.331951144620801
-0.0832647053453271 0.506731485759082 -0.195447018517313 0.104012698260833
-0.385023306009722 0.474095050419996 0.00671405715854866 -0.0341139827250508
-0.433803486385085 0.223925424099588 0.190538193309231 -0.238344420348218
-0.369511111920702 0.39456433949482 0.41679532919103 -0.0854673857959642
-0.00512700670164559 0.475265907738552 0.371688837103575 -0.280154900922208
0.36676150212506 0.2776781998106 0.0985207313750549 -0.393406031977327
0.388273448482071 -0.0267985441196514 -0.121002470534262 -0.279588765390071
0.272463771066759 -0.209233461135609 -0.127019682821885 -0.13127792831183
0.0940093113425532 -0.300793278497231 -0.0462211369258416 -0.0914332504969835
-0.00277637553787809 -0.278718597001726 -0.00161724158957346 -0.0867146879434748
-0.0135871334694513 -0.288079082035753 0.0836757480832088 -0.0906925808048924
0.131738804949676 -0.279728017672975 0.185503442297429 -0.0520308508294457
0.268516381232835 -0.174525283504773 0.255833537336572 0.0721603468670456
0.418586367827074 0.000616872695241702 0.15994712947773 0.258266001644354
0.257551299137152 0.325898779106899 -0.0228225243132676 0.311285991218917
-0.10557417252965 0.443615496266478 -0.144864690584633 0.0731133257197294
-0.364898933138788 0.381001305202251 0.13556721025747 -0.129990972471624
-0.332796379299214 0.0982453871631547 0.390140090938862 -0.296578819984671
-0.334398226527784 0.244341601891404 0.494154604885029 -0.118633370435143
-0.0680725218991773 0.359235600733294 0.41837133304152 -0.211218979365956
0.255227432217935 0.243472579792086 0.196367446829149 -0.323923533951488
0.305666936488258 0.00190816509132254 0.0164559322120418 -0.287230163855561
0.222097600138627 -0.1553091002743 -0.0338204525320731 -0.220569319167266
0.0834323268959485 -0.240522197184433 -0.0106591082762989 -0.19981772856719
-0.00224913771427365 -0.231148631715293 0.00889470122199348 -0.18889599391807
-0.0114853865672636 -0.241623760733736 0.0915916198564267 -0.191834856994329
0.107001336408039 -0.232892523549659 0.20970182846018 -0.142206009207711
0.230334763942605 -0.143903339267675 0.300039721559159 0.0064405123462454
0.346960830511049 0.0287965402522115 0.206649071513905 0.221841186632222
0.170194576691072 0.292828096444917 0.0199487170110789 0.285506457655182
-0.139659411834522 0.332180489311826 -0.104638859854946 0.0468237803106903
-0.313531553404116 0.230783994677889 0.240134738253197 -0.190958455923263
-0.166360028224456 -0.040340746050956 0.520615693853227 -0.321464940558142
-0.214877999659836 0.0643104961678588 0.521227726561193 -0.143448222097695
-0.0823655280443826 0.179144177181019 0.432727955248866 -0.163068644131543
0.121988915849057 0.143687536340209 0.25096610821444 -0.275003863690288
0.170290019782521 0.0124279644234329 0.0988151117727806 -0.289013636520419
0.129735981380542 -0.081509167339285 0.0209890584202663 -0.278178788502011
0.0536297570271326 -0.140846354960691 0.00761501749501382 -0.272714533984817
-0.00199719860173195 -0.146442012253978 0.0162189632619547 -0.261105102853014
-0.0056333165327312 -0.16130946964348 0.100555167359088 -0.265426825053319
0.07365136267546 -0.158951460556415 0.237568419503897 -0.205103295860207
0.170803262277308 -0.0968903634005173 0.343668027289244 -0.0309203460031471
0.240470044392807 0.0573065289443091 0.244071061198317 0.210630040105858
0.0631578593468174 0.231322578828072 0.0427183449204969 0.273301713433448
-0.157147689630562 0.188044512522493 -0.07714006486249 0.0366228753439287
-0.224247042497304 0.0496840780669792 0.312734942111373 -0.20560973806734
0.0952130508730234 0.0796813329705376 -0.310268478318717 0.279604791987101
0.111612654216709 -0.0566824474613237 0.13277725742405 0.0692136024967388
-0.0064865054079976 -0.116905360027791 0.00219218221152959 -0.30699375107532
-0.107471717382015 -0.0343827125726334 -0.290076559855071 -0.27379072188357
-0.0665044168917909 0.0415746478110218 -0.44095265658709 0.0353525927763364
-0.0245352556887131 0.0401243659059813 -0.294503007026873 0.270784721518489
-0.0153829449028819 0.0488421879046788 -0.10365534158242 0.317775263561777
-0.00473011795503481 0.0419586944790863 -0.00745278544637414 0.307186657433278
-0.0256789927785323 0.0166590707324405 0.0287544897974192 0.300552500955112
-0.0279054424667798 -0.0156509726959086 0.00413607024402012 0.310576659192518
-0.0231100944684043 -0.0221074740149981 -0.0820793066255334 0.309517673682871
0.0122055668604862 -0.0645293241494223 -0.233011442559084 0.289830807201623
0.091948877951216 -0.0164858404471023 -0.384885393380581 0.180251536366413
0.0996765703289066 0.112274893036033 -0.494465508030126 0.0905053621747251
0.013176294196389 0.15229363842908 -0.521743365049605 0.30351263429519
-0.033963405973873 0.225800224155173 -0.350017173706167 0.218044689444563
0.0763584203223213 0.119649197604473 0.127775647719806 0.0686478366881256
0.0917899591040934 0.00778901217193753 0.0258434542237048 -0.328571590234751
0.0463611879101844 -0.0299427229681454 -0.292724603920429 -0.317104019191274
0.0385368428235756 -0.0254011743239014 -0.466181921516993 0.00315338478649558
0.0332791213452871 -0.0579433183047351 -0.310649003511087 0.25576224828263
-0.0115213322087091 -0.0645514522882992 -0.111621137142877 0.305627009584374
-0.0118035514671335 -0.0621155487041747 -0.0112172981703345 0.290763158253078
-0.0113410612387635 -0.0949776927809691 0.0404829632145897 0.279140579024034
0.0612220007710293 -0.110065917230766 0.0329399150955355 0.293927950051192
0.108336337065513 -0.0469983199827085 -0.0401851049501372 0.312801121549103
0.158467128602191 0.00730168284705198 -0.18801479604283 0.314124312154552
0.129034921867044 0.150728469034261 -0.335795814523899 0.225017397913148
-0.0138943539302242 0.284036818571554 -0.41416417480661 0.117642248339353
-0.163397209258019 0.302886694630552 -0.424470246509051 0.26847901285355
-0.18240416040091 0.328118904266192 -0.321504047800094 0.117078479220503
-0.00982924612270931 0.297662139228144 0.15455237539838 0.0460953729227602
0.160035527229198 0.170897638796381 0.0822354962508691 -0.355209917372945
0.213828219108785 0.0118496637690755 -0.261926633442884 -0.373215741836182
0.16651594905111 -0.0812219836061041 -0.462428104832266 -0.0603145657245678
0.107997714752711 -0.151311452984103 -0.312838812620579 0.201838412406192
0.00424592271918424 -0.174895692401451 -0.115010101377532 0.250775230486625
-0.0188676236200573 -0.158401175490185 -0.0143824977455725 0.231172122098773
-0.0106756871598348 -0.188573992794474 0.057718370550581 0.216894917636612
0.114158802976294 -0.197926384710053 0.082122687603785 0.237875311155014
0.204200273124395 -0.0997315856627077 0.0439156083206765 0.288920820801778
0.296574061322443 0.0163941776018209 -0.097295290327673 0.340798524365055
0.209508692540257 0.260492887217832 -0.255878756342003 0.28658083063167
-0.0554830320854797 0.423166423839564 -0.325622719871883 0.137596054129314
-0.277822517394088 0.425692863009074 -0.284661528457381 0.193248488774604
-0.320064432548443 0.366937861139632 -0.21328029506551 -0.0100867304304118
-0.135040002545726 0.43212962725425 0.215086052627153 0.0014601675004141
0.170657872006541 0.340285563830127 0.167525403505841 -0.364930515814649
0.353152297451707 0.0949691357356235 -0.181666505003973 -0.419172230944413
0.292935254951238 -0.105492082596481 -0.404170482803469 -0.141945117567309
0.186457734708993 -0.219539110819617 -0.286773581532299 0.109576651405429
0.0305494249932617 -0.261580707242796 -0.10651340535774 0.156557378391357
-0.0224979506532608 -0.231845989829145 -0.0151816720635294 0.14000879761371
-0.0198792055416268 -0.252855786922485 0.0694498840569608 0.125130650558827
0.130821382739991 -0.262822824891912 0.127211688032539 0.149098975081011
0.254827281327669 -0.157288819011423 0.134005638572668 0.227263195912331
0.392132836137014 -0.014466268376277 0.0119166126946815 0.33364509202357
0.287086541203404 0.306114471449336 -0.158058288154497 0.324372607603337
-0.0497177802837838 0.496419734017768 -0.246615058367045 0.136172702939085
-0.332058302554472 0.4905511916148 -0.136673967755337 0.0845843170080462
-0.404430985629312 0.334248212833355 -0.0380399901902479 -0.137346049537289
-0.262374585030115 0.473319649315756 0.302753690029441 -0.0543217663315314
0.113591403760038 0.45480673112157 0.261806235193105 -0.342923792114086
0.411237863520753 0.19012898556727 -0.0585131411217882 -0.424839655602503
0.373141200673856 -0.0905182097886983 -0.285561480870419 -0.214458117899271
0.241893785664113 -0.244725788449558 -0.221275538750948 -0.00624018802209628
0.0575316627458542 -0.306307874004847 -0.0844123686412304 0.0365571508859928
-0.0231402442480575 -0.271060138884302 -0.0131956725061011 0.0293029465200125
-0.0298418668021365 -0.281752068870113 0.0743782266481082 0.0162445423087317
0.125211190460206 -0.291229417347384 0.15709285705216 0.043408853867546
0.265167285353477 -0.189905680724091 0.204934548071914 0.141620296979575
0.426476828623636 -0.0374742789500844 0.105483745006397 0.293482212934799
0.311630982310591 0.311467226717693 -0.0669597016688048 0.324754783385195
-0.0495614880093241 0.49620962503802 -0.185173823146458 0.112177745826262
-0.342881523627836 0.479476009564976 0.000125457831090823 -0.0333430663169766
-0.403770448275396 0.242268192319268 0.169645287830295 -0.240080564296982
-0.33337115000739 0.403733525936308 0.396656685556966 -0.104245224220872
0.021899624829347 0.458245786307567 0.343770365050036 -0.289799362022833
0.368566228333706 0.242246239129659 0.0718727322668025 -0.384492481750104
0.373915242377893 -0.0531152442653826 -0.136348864205044 -0.260355590039901
0.250803641134297 -0.222439495958018 -0.13181383165244 -0.119712181323507
0.0701438494559483 -0.297318744240307 -0.0537711426505162 -0.0877991437724639
-0.0199423371568504 -0.267543550260543 -0.0101654180246019 -0.0836400923155706
-0.0327597412441977 -0.27404642917071 0.0749566664818688 -0.0932031682903615
0.108071696222229 -0.279783361608868 0.175898173105645 -0.0605993041487855
0.248129355625285 -0.186271300512482 0.25372794150002 0.0562012856952337
0.402645316987971 -0.0287751981064292 0.169574564703366 0.241938693985976
0.270880107211885 0.298096985611442 -0.00209365037051865 0.300703066726581
-0.0747748849516545 0.435324524085811 -0.137260494626124 0.0797474498902719
-0.329703029922469 0.388186128161503 0.117653793792433 -0.135047800086017
-0.314544804150213 0.114378716887425 0.357990080332805 -0.308197412461881
-0.307918155319677 0.256193549783302 0.468602436239456 -0.140905096711932
-0.044472796104439 0.349773904006467 0.393262248629727 -0.225148630112016
0.259275036054273 0.216745909529826 0.172116798940462 -0.322900903182806
0.295590536331584 -0.020548593628809 -0.00269878601906297 -0.278040483441557
0.204877931147517 -0.166635496275488 -0.0475022672858993 -0.212754150450074
0.0640845917229967 -0.238265041483971 -0.0260838883107762 -0.195514447201645
-0.0167933345503192 -0.2216344380644 -0.0068231151485493 -0.183086451839898
-0.0275021840857612 -0.229614329965199 0.0751549463233612 -0.190876505376169
0.08736222157758 -0.232703591124948 0.193301981581614 -0.149858328749822
0.213263132995776 -0.153952923963196 0.292541714268208 -0.0114086613053367
0.336338052973788 0.00326838463473016 0.212255611445894 0.203829335734197
0.18371830573622 0.271765883751918 0.0385386094880557 0.273389005497319
-0.115759307495995 0.329617298432349 -0.0995992935774083 0.0516680866341411
-0.288152734011305 0.239399433947705 0.214652698220087 -0.200680013698362
-0.161380617332584 -0.0298744510652631 0.483214832916716 -0.340959354686383
-0.20378508833879 0.0741527981920637 0.493450850215499 -0.166531768732775
-0.0698611443234968 0.177077777231334 0.41117664897822 -0.179757599437913
0.124860835053772 0.130457534600362 0.226709457904684 -0.279429348600395
0.165272413648674 -0.000931315620930219 0.0776013563625432 -0.286579053701922
0.120163443209997 -0.0881658089019273 0.00207525686548935 -0.273583247858123
0.0425951488203055 -0.139537188157714 -0.0141000724209725 -0.266867166582105
-0.0104657321976076 -0.139764576024962 -0.00465814417909691 -0.254204373525644
-0.0161416619610781 -0.152738801836281 0.0790369460792393 -0.263299682144434
0.0599602317637652 -0.158048494852125 0.217097347557436 -0.212322488747823
0.158074553736408 -0.104572475819138 0.331412195464864 -0.0498265877706509
0.235104092836571 0.038579975123762 0.248439879800275 0.190887231291201
0.0762077452084447 0.21965591543506 0.0583225618400169 0.261787840383463
-0.141541111687981 0.190549476776629 -0.0737372176306127 0.0399751820926986
-0.213184307401873 0.0600957724667508 0.283906601145148 -0.219879418253941
0.0921503817281868 0.083376112509282 -0.302234439542369 0.260817640822739
0.110003023021106 -0.0537076532193631 0.12751346749563 0.0671296278487946
-0.00525983165970878 -0.113800886346339 0.00588057894484754 -0.295911499598191
-0.104212482654833 -0.0315939024196227 -0.279184229822404 -0.270496008460673
-0.0635934193954502 0.0424656340476554 -0.424614098242606 0.033627145166256
-0.0240894118060465 0.0396276920683346 -0.286381232742278 0.258246207509239
-0.017479293577112 0.050034060521155 -0.10295076407429 0.307490958570415
-0.00556576172699497 0.0411122480407934 -0.00503600584287946 0.29822713685169
-0.0256924184725887 0.0176772590388807 0.0293909172668005 0.293355098034871
-0.0269822095225315 -0.0142532099558716 0.00443608961846865 0.301961198008361
-0.0208987304956543 -0.0192461437394293 -0.0828406539624085 0.297798506578635
0.0103712981477898 -0.0558784776451438 -0.226875831414931 0.273234974523202
0.0834830970976933 -0.0119103274112277 -0.371765178776066 0.162350651525329
0.0894039613185613 0.11039045316746 -0.483621997217548 0.0780412729068396
0.0080061923341199 0.153268039278066 -0.514362282332389 0.276899976491514
-0.0388903776192574 0.223101724572453 -0.335417456770203 0.206800255879302
0.070392506298138 0.118104961126488 0.128026056054704 0.0673961926425744
0.0861285082796628 0.00983671792776316 0.0354806779166627 -0.319607761375458
0.0424756626218631 -0.0242019532704039 -0.275929217340886 -0.315905042606134
0.0392925140255926 -0.0193820173296285 -0.44927626666627 -0.00293394011410127
0.0338584655821826 -0.0555492702670543 -0.3030768290591 0.240926309158187
-0.0119358816208693 -0.0602261964588423 -0.11308009427482 0.293673353701889
-0.0104471567751384 -0.0615478075582296 -0.00969446262286303 0.28132318277002
-0.0107970079578407 -0.0915126011573025 0.0433377347634364 0.271840064806294
0.0611782706678382 -0.108197454172615 0.0351134344318272 0.286674639593049
0.109649453333066 -0.0428493966491015 -0.0383825275245395 0.305621042561717
0.152115408465435 0.014970130643906 -0.180857816373829 0.305370215165408
0.118327396880287 0.152044420557739 -0.329615171817167 0.211254821668483
-0.0220878437631237 0.277928130181457 -0.412390923864032 0.103317328494549
-0.162257987631738 0.298642118755768 -0.425122418983446 0.242309128308328
-0.189373846349279 0.318090808698335 -0.302975748514429 0.117017366555416
-0.0196493346654271 0.287953098339573 0.159852342248754 0.0490474288506982
0.146431975550032 0.170498235535462 0.0968921538939253 -0.345088955660612
0.200880829548378 0.0193050520810623 -0.239921220290404 -0.373284379772348
0.164393061392802 -0.0711394831409909 -0.44390908281921 -0.0696932744869927
0.108412228273613 -0.145719036331225 -0.305498320799089 0.185390490888637
0.00588235793753067 -0.167813386518838 -0.117335339913594 0.237774583689755
-0.0153214166687773 -0.156236889863961 -0.0137662779118279 0.222792469930134
-0.00953691743097975 -0.183097382580388 0.0599898949625036 0.210561231658889
0.113737782274927 -0.196528306102941 0.0847845041614034 0.232059200017452
0.205306743551525 -0.0956384139725866 0.0458902692364482 0.285885253067654
0.286085772817216 0.0236619709177804 -0.0896837975254747 0.337394330901376
0.196573339995076 0.261441684108365 -0.256496000383675 0.276549582721977
-0.0623781959277002 0.41457663127073 -0.33241701111472 0.125068234500904
-0.272557046790178 0.41656415852327 -0.294428010978607 0.17107407515548
-0.328784517068242 0.349327390588324 -0.195552747884186 0.00347447949513594
-0.148498136393162 0.416067136053101 0.22374021923607 0.0115579337957897
0.150028711801731 0.336007768445255 0.185860859261988 -0.351431313369258
0.330875764795178 0.101501019149864 -0.153669613980509 -0.418134240408385
0.285296569866877 -0.0921091982791104 -0.38585412518595 -0.151178798491571
0.185556379027072 -0.211386566138325 -0.279241686868982 0.0943721997239081
0.0331544858535307 -0.253318830458112 -0.110439504826117 0.144251778193221
-0.0175176165437361 -0.228449500449394 -0.0161662860482286 0.132929635536391
-0.0171344874416671 -0.246109561402445 0.0712896207607592 0.119957440804587
0.13057640823691 -0.260642530767514 0.129753927101052 0.145685255965892
0.25484209056612 -0.153056419600346 0.138032218753217 0.228617777612059
0.380763903844876 -0.00688439834761466 0.0203070932810195 0.334412186198387
0.273511361302708 0.307326246654266 -0.161189864525207 0.318498853462544
-0.0586186908547073 0.485943204204589 -0.258081561398681 0.126540528599269
-0.322541476723683 0.477613009783313 -0.152534998935316 0.0708868808817293
-0.412028878274369 0.311394602066079 -0.0246778051823225 -0.112134718006007
-0.274714727309525 0.451240617811898 0.309765481015998 -0.0361096237092746
0.0888169109398335 0.444564799676152 0.281920656129278 -0.324815745511372
0.384740854858887 0.19237554049792 -0.0293337409440784 -0.420113835720636
0.361198034103653 -0.0766247486309418 -0.268008998581455 -0.223145952550847
0.238963936950771 -0.23550989245818 -0.214518742986903 -0.0185821003326894
0.0601253336284803 -0.297073416258411 -0.0891529416543869 0.026881455584672
-0.0171344613429352 -0.267219158596947 -0.0157282532933512 0.0257253896101749
-0.027107353250716 -0.275330200471187 0.0761205912478385 0.0144807361536225
0.123971593433122 -0.28875166981881 0.15884607172626 0.04309466976218
0.265225423530213 -0.185532685005407 0.208647544265031 0.145375645026918
0.41513779862415 -0.0316051034825155 0.113659106382742 0.297358282697816
0.300305971654157 0.312378014346486 -0.0732212858791172 0.321805229470678
-0.055961453973653 0.484610247275834 -0.19717465296854 0.105073069438358
-0.334783278906967 0.464708787883473 -0.0179734781098461 -0.0390319831898204
-0.409133826470276 0.220886970171729 0.176284900374442 -0.207743424754373
-0.342416559876902 0.380695760773037 0.399051506094222 -0.0797928674851921
0.000768078787314453 0.44320245315057 0.358302201963541 -0.2664614035525
0.342342572090956 0.241713846364701 0.0957613826376224 -0.374352321629798
0.360510729812902 -0.0417372008282295 -0.122384717477545 -0.265157031593168
0.246887311202878 -0.213845658909417 -0.127139081716309 -0.127194804805049
0.0734083370897572 -0.290082706537629 -0.0584348614252966 -0.0938971096391865
-0.0134807150900232 -0.263952245966698 -0.0130534483081005 -0.0838013640234607
-0.0301121058779062 -0.267940158852598 0.0756392757198923 -0.0918515345278438
0.107407552884114 -0.27698542724422 0.176634076489859 -0.0584394099499441
0.249356499154537 -0.182749637305731 0.255862470418002 0.0623206875955748
0.392748116414073 -0.0251667368209433 0.174924645719632 0.249209612171734
0.260803241690173 0.298832388081321 -0.00985906958257931 0.30008806863809
-0.0805382926518782 0.425564178750179 -0.148597939556534 0.0737541422775201
-0.318874360106447 0.374206753919882 0.0998474524307145 -0.133091408635809
-0.318373803185819 0.0965597164903071 0.356505290688017 -0.274492780388758
-0.31486465029878 0.235603523419593 0.463282695211873 -0.112615081245793
-0.0609926684628446 0.335121703153757 0.398455727756776 -0.200089216926611
0.237806647240792 0.21289091843232 0.188105971857283 -0.310145696290886
0.282050059726508 -0.0130986338272831 0.00648853764905931 -0.278583598252405
0.200198954767741 -0.159449888180905 -0.044242139552642 -0.213941152722876
0.0667339690224907 -0.232680919108703 -0.0314765142032576 -0.196607696225854
-0.0103130856881668 -0.217781777906048 -0.0107568681846346 -0.179494183043805
-0.0245080272669241 -0.22452506039297 0.0749555818482786 -0.186944753159528
0.0867725892454813 -0.230997293660853 0.19119482310652 -0.144467244198159
0.212984238333452 -0.151968374256494 0.291837866885338 -0.00281423613953438
0.328528840200534 0.00620901879541441 0.214695268316697 0.211882007208061
0.176971335550922 0.271839944628726 0.0272385060242195 0.273130210365961
-0.117158540117195 0.320809645065722 -0.108815003718422 0.0459288754281997
-0.27831803178794 0.229585369537339 0.198916678965126 -0.193898804557897
-0.163953660106725 -0.0399355350714538 0.474989892096891 -0.310222570203021
-0.205492495233612 0.0605057887861971 0.481692207274134 -0.139340751754547
-0.0783637468013071 0.16622394630592 0.407522129822083 -0.155444918435546
0.110959626331567 0.125423084598607 0.23335007628155 -0.264891985897316
0.156244640665326 0.00258819561585457 0.0823835717054505 -0.282344932858067
0.11624838468701 -0.0837095284669348 0.00445501639549714 -0.269448402994116
0.0442785534181349 -0.136980243960126 -0.0172218105112627 -0.264375355017925
-0.00604014624832599 -0.137120662047633 -0.00884024056526227 -0.246709739942596
-0.0137700280603066 -0.149403495938843 0.0764919287123075 -0.255823387282005
0.0597672076339152 -0.156744193227042 0.212415287462973 -0.205148258062839
0.158112134169706 -0.102638182900599 0.328013247107907 -0.042631616840425
0.231197958705838 0.0401718360832238 0.245315454963259 0.19810922084975
0.0721620091696216 0.219325937240786 0.0463828328658377 0.258608966176436
-0.141131779790236 0.184260733492794 -0.0793501506374168 0.0334493519245666
-0.205019844376774 0.0546948664575595 0.270887768733295 -0.20960772507424
0.0908058853753453 0.0815358530535617 -0.292609621666809 0.262306881080364
0.108762050311421 -0.0545183145044005 0.130788984348874 0.0646504231149683
-0.00651845736964864 -0.113587792698362 0.00229052798876451 -0.29540235801154
-0.103948015135739 -0.0281882508243314 -0.282469094672452 -0.267580603192458
-0.0634566120314401 0.0440319775888543 -0.421948297426961 0.0397980905479043
-0.0255430633357978 0.0404404058364241 -0.280451824565486 0.263410635798422
-0.016583432406898 0.0508456863753339 -0.0964869699937423 0.307264778358072
-0.0047700294009268 0.0403010384873339 0.00332469939027727 0.297269906601005
-0.0254780981501178 0.0175390990561759 0.037221363528266 0.292385285876126
-0.0282486887355716 -0.0145389277557765 0.0100200659192635 0.301674054455118
-0.0191052309886094 -0.0184901892453904 -0.079668579958768 0.297837913568797
0.00912792648351925 -0.0551219843509007 -0.221672075171094 0.272480608442078
0.0821407307712995 -0.0120829635431183 -0.369586192249901 0.161809263156635
0.0914035539954512 0.107321821802809 -0.481331300397739 0.0817382588976363
0.00709288559398333 0.15195189692911 -0.504652265698135 0.28309183900381
-0.0363659683315683 0.22033169676387 -0.326525916937387 0.211361776743268
0.0721567515561885 0.116751830925569 0.131215465875444 0.0661904886919419
0.0862801285551979 0.00698737877216406 0.0320632898006107 -0.317990630648165
0.041842683983979 -0.0249287328482324 -0.278796934936923 -0.3121034499994
0.0374448829457314 -0.0202231330017888 -0.446971143488571 0.00595699731812853
0.0304721029101601 -0.0563821212309454 -0.297963502664534 0.24549190937847
-0.0134374778042643 -0.0588639799003475 -0.106896977087593 0.293076009502467
-0.0118942499109471 -0.0613610991825781 -0.00288529304233017 0.279832543451077
-0.013449639678799 -0.0900970070363384 0.0495523332745649 0.269986576689068
0.0578419181547411 -0.110057922652756 0.0403815245075629 0.285483032711774
0.109904745600377 -0.0451988190399723 -0.0348738861338674 0.305587865378389
0.149966216667101 0.0123735745853689 -0.175755673770436 0.304994264452565
0.11951586696235 0.150015349642868 -0.325650425042568 0.209196208725175
-0.0176036130928568 0.276060795142832 -0.410476852767976 0.10614390115771
-0.158718405622824 0.29709729852101 -0.418877382880512 0.247004736825705
-0.182660293331271 0.316091083065679 -0.297043160178336 0.121648533113254
-0.0143492246546324 0.286804411420526 0.162482467038953 0.0488369533807555
0.147839900209439 0.164113593722705 0.0929474132464352 -0.343934293387119
0.198711326337722 0.0148543522079354 -0.242324532632667 -0.36937249852005
0.159950309574059 -0.0742063757113794 -0.443338013560473 -0.0581129646807742
0.102810813063405 -0.14883281658334 -0.301640089486571 0.18999373146038
0.00279452656139996 -0.166603779153817 -0.112842055431955 0.237405822864735
-0.0178326933198749 -0.15487895695278 -0.00936611674735165 0.222529343107974
-0.0132400132914842 -0.180819743096552 0.064541553254827 0.208163519348497
0.10786541074142 -0.199083175926551 0.0888024315869189 0.231148909417441
0.204039457478741 -0.0990632408032553 0.0504338673271195 0.284964547446612
0.283673571400804 0.0169342443031249 -0.085574091768771 0.335912478272425
0.199637703210374 0.256994156911446 -0.251542995612714 0.274199090404786
-0.0560022883856499 0.411559170582726 -0.330604816234683 0.127936352761169
-0.266190280660703 0.414985985562803 -0.291859130230056 0.174614792927605
-0.317319327855335 0.348659343684317 -0.192134174734486 0.0080747073249482
-0.14073779277877 0.414986823662862 0.22406096285964 0.0123934548544409
0.154075406573514 0.328010174670892 0.181251490529731 -0.349927276580516
0.328588874194154 0.0930137415962055 -0.157030069827552 -0.413269842474672
0.279191846346141 -0.0985614863185545 -0.385361185112213 -0.139651190194067
0.178142249088487 -0.216371619227968 -0.27638926829503 0.0986757658691518
0.0275822661283296 -0.251695944976716 -0.109024767604614 0.144254690878667
-0.0210582692168285 -0.225818266668854 -0.0143016322677762 0.134009738845491
-0.0223405911017015 -0.242225505837799 0.0737659332507238 0.118271342158048
0.123361171319671 -0.263624401931606 0.132040548244689 0.144235321443811
0.252400260199534 -0.156818405981798 0.141887007547167 0.225901951016693
0.37621189691515 -0.0155241062446758 0.0237955710480508 0.333132773027114
0.277317303050785 0.30069503868618 -0.156151117343945 0.315022860864919
-0.0495813100072512 0.483946071613732 -0.256852731751142 0.128179147573209
-0.316184815083855 0.475148514876558 -0.153409024801519 0.0732065116647864
-0.402454269563302 0.312772552044247 -0.0246768513278349 -0.108252900659658
-0.265919322453551 0.453199177007262 0.307147473731558 -0.034979585407661
0.0949567204885552 0.437950031005866 0.27594413015473 -0.322509327079335
0.380982279606146 0.183220427748196 -0.034374253867557 -0.416108601963368
0.355086885150713 -0.0853851146544026 -0.270707440728158 -0.214308716793109
0.23178710474558 -0.241594983642805 -0.214137522676431 -0.0144911770114108
0.053440307072134 -0.296648892916706 -0.0901884491237179 0.0273363243143479
-0.021614224660875 -0.263934093567582 -0.0176148218356929 0.0279009290862129
-0.0322638554408606 -0.270178036408291 0.0753210880829453 0.0133574270826614
0.115802282822678 -0.290428229649561 0.158930036571501 0.0414925115531409
0.261774974786222 -0.189405457911374 0.211482078948343 0.141667934131258
0.409594514317496 -0.0410625844997195 0.115027907340119 0.295322739772813
0.302887308172178 0.303584678975155 -0.0674538222337393 0.318684520762346
-0.0486510439340891 0.483652488423066 -0.196517659019988 0.10713145933352
-0.325705744985168 0.461212287006926 -0.0227313643875621 -0.0380911427423158
-0.400718629659157 0.221003252775297 0.171522950560051 -0.206353356376314
-0.335716360798988 0.383521026379025 0.39396120843045 -0.0798890591535218
0.0052677836458156 0.439507220524426 0.353426485604543 -0.264697985805299
0.340637083240759 0.232032799015926 0.0914047555029986 -0.372471148083854
0.355405799704942 -0.0497083265074524 -0.126431819876878 -0.259060070682803
0.238806546515397 -0.219537231279254 -0.129208182915849 -0.125192791242693
0.0661128453882004 -0.29013757312191 -0.0631479759511834 -0.0931614799847751
-0.0175776137183055 -0.259550001093601 -0.0178988710459284 -0.0813478973385124
-0.0352160708522005 -0.262797542296505 0.0726993366307603 -0.0930910848581153
0.10002317193845 -0.277619939128725 0.174107456242884 -0.0593279398568859
0.244944781282471 -0.186120203493514 0.256964656549162 0.0581789613742342
0.388154995020297 -0.0345172948058689 0.176763695614208 0.246710383045611
0.263705181255278 0.291431851017052 -0.00537956597090408 0.295392774525919
-0.0738153452784887 0.42357088422718 -0.14757545243014 0.075868209935461
-0.311440201312154 0.373161268527576 0.0926571959749882 -0.133768984976317
-0.312470003006913 0.0975882075231366 0.350733433907772 -0.274097404222266
-0.308648384508876 0.237751637269539 0.457307233413393 -0.114040719761189
-0.0565235569363905 0.331683095620413 0.39504392978746 -0.20028154584537
0.236965264193278 0.206514018900985 0.184038685431316 -0.309304817888285
0.278635199392572 -0.0199817587646616 0.00123306657882388 -0.2757024075954
0.195089960779829 -0.164355096438737 -0.0486230203071254 -0.21421758204191
0.0611275737875262 -0.233104481308859 -0.0388064114870203 -0.195984928097758
-0.0138855032648822 -0.214589579495246 -0.0174210035378947 -0.177076216183289
-0.0281556982774073 -0.219402094019588 0.0687626762307065 -0.186393693341163
0.080507921180612 -0.23074989213371 0.188132840569955 -0.145494769980622
0.209003962661716 -0.153798164071211 0.29158122839071 -0.00677485639864982
0.324955484662636 -0.0023903441448177 0.215690113738231 0.210314776481393
0.180295113134862 0.265760663997997 0.0313880001839249 0.268818846482507
-0.111629407344397 0.320143397495046 -0.108755250876542 0.0473204368497263
-0.272446058146031 0.229260174568326 0.189066671148274 -0.197251962321754
-0.161780362624978 -0.0390067992085826 0.467335620222992 -0.312514547986764
-0.20349229148218 0.0619800564762857 0.47508493392291 -0.141502104103082
-0.0752705255666185 0.165469574839533 0.40425444258441 -0.156405798107643
0.109259398155778 0.122428971890357 0.22994459466022 -0.26435096961433
0.154271661080076 -0.00150578475803989 0.076598449309201 -0.281977603449305
0.113105668398707 -0.0864709991143619 -0.0016854696835361 -0.270603471406373
0.0412072658400209 -0.137224449515421 -0.0268092475889551 -0.263299277222836
-0.00737588343395572 -0.134657051537464 -0.016870735564384 -0.24357838131372
-0.0153121717286011 -0.145671412603291 0.0690779825262721 -0.25455411059673
0.0557991862703284 -0.155609481848676 0.207432670628704 -0.207289443163058
0.154639896709206 -0.105103055296673 0.32643285891056 -0.0465162064593054
0.229016350981394 0.0343123694248193 0.24681032696639 0.195650080567658
0.0751818838101047 0.216814400550334 0.0495931222327286 0.255179117223495
-0.138343909346161 0.184836339816856 -0.0797736033636336 0.0343065580960456
-0.201277542008761 0.0558723385324825 0.260497280032673 -0.213584697123525
0.0912130209132889 0.0810862452283453 -0.290953632421502 0.2721575345333
0.110321395403784 -0.0569215555894596 0.137586968269936 0.06340138418774
-0.00838172720653862 -0.115812198392795 -0.000326990837704419 -0.302735394062004
-0.106137175220291 -0.0257887090988397 -0.293993142461326 -0.271030652686915
-0.0643709307847744 0.0472385797693888 -0.430527121788295 0.0499154607744264
-0.026534455885795 0.0433450957480196 -0.280676623539848 0.276433266131977
-0.0156585650866239 0.052315924408519 -0.0919843989079933 0.315837556236203
-0.00364592274054641 0.0401918449814043 0.0134828883958557 0.303263734093349
-0.0256820152624746 0.0183486424071039 0.0467767313770603 0.298227686942926
-0.0297198974642455 -0.014683702844929 0.016811966023044 0.309756973865755
-0.0181324580805036 -0.0189271128700684 -0.0772564311156239 0.305832846434641
0.00870180974499483 -0.0555045917842232 -0.222138488701403 0.279992878929197
0.0834318166333273 -0.0133585928200636 -0.376544393582951 0.165776130993723
0.09609513894468 0.107798179479515 -0.490231966523436 0.0892626362393651
0.00671697352893173 0.154399645194716 -0.509745407802007 0.297238397677883
-0.0344484692383573 0.223224151190531 -0.326486376111384 0.221267177559833
0.0765110130555528 0.117678304699438 0.13837744980386 0.0655548575764815
0.0876752046806418 0.00309918392626539 0.0290690861554918 -0.326042395206789
0.0414302058644126 -0.026296036937524 -0.290265581914345 -0.315873357242939
0.0363942883204132 -0.0213607843714116 -0.454947969771738 0.0165701443831488
0.0280650341153138 -0.0580632093351197 -0.29936476884878 0.257939429069952
-0.0153883905553791 -0.0592786012082039 -0.103322073313468 0.301690420601622
-0.0131279586396119 -0.0622004955583242 0.0057017485196744 0.286267693870362
-0.0159514637826696 -0.0917116972461459 0.058466581976675 0.27496646736894
0.0547417457373136 -0.115022305212028 0.0480663649683205 0.29302323658546
0.113189640240596 -0.0490467129457376 -0.0299170668979364 0.313621332977315
0.154194421600331 0.00879709784053176 -0.175864698612689 0.312784140699505
0.123636300866974 0.150891470826203 -0.331124104298939 0.215153649856836
-0.0128879005014684 0.281641714292507 -0.417837388721011 0.113899780633802
-0.160030522147577 0.304077131732898 -0.42259613676387 0.259233225534484
-0.180361653597195 0.321733501485501 -0.29806048163927 0.130429087664027
-0.00915170690069781 0.29322823249324 0.169414996766628 0.049100274761839
0.153098963650168 0.162286679549184 0.0903918560847826 -0.351438316133752
0.201640451401555 0.010367861527108 -0.252489055968277 -0.373894842725944
0.159346687250287 -0.0795551222688335 -0.452693018932455 -0.0486385363192546
0.0993915817401314 -0.154638970879041 -0.304412682201605 0.200308924535361
-0.00208923081693826 -0.169500573549683 -0.111300364877054 0.244560685220269
-0.0217217612734842 -0.156688148458386 -0.0032431535806167 0.229059206986523
-0.0182530443847244 -0.182841624732966 0.0716365982688795 0.21135792574991
0.103644148949864 -0.207672102626822 0.095727725511285 0.235812112064083
0.207635123809072 -0.10586292238251 0.0573835448557144 0.290812556186598
0.289351372369174 0.0112960234545461 -0.0827621207178255 0.345482195802166
0.20803580909873 0.257953626097378 -0.254400941512206 0.280267942209073
-0.0499206997810222 0.421331220539237 -0.337249549801875 0.134326319189077
-0.266839523359158 0.424998649721207 -0.295275861844741 0.183261941923134
-0.315777560522697 0.357029594618393 -0.194489940643721 0.0136948474537816
-0.135844238925139 0.426397371578036 0.230220698061764 0.0124805206985354
0.161723477046934 0.328743952087197 0.181001568832405 -0.356929115322053
0.335601316213844 0.087385995101294 -0.16589404298262 -0.41884315976768
0.281254230175948 -0.108309943645167 -0.396849239318244 -0.131677182261126
0.174667834636116 -0.22679722856958 -0.280452741453616 0.105898099588218
0.0217392653843622 -0.257369114480332 -0.108862601295192 0.150010117906003
-0.0266136157820523 -0.228914191120824 -0.0123549093493352 0.13910601999088
-0.0288395558745552 -0.245030920816721 0.0783633577794394 0.118974372906791
0.119005372787947 -0.2736618236157 0.138051466902561 0.146524331104197
0.255086719776614 -0.166684393509487 0.150363628536984 0.228785432844255
0.383440183891268 -0.0262484373359893 0.0285249199344519 0.340742398407112
0.28782908712421 0.300601481454295 -0.154899134319169 0.32141321376014
-0.0431912359007816 0.495522663249059 -0.261351920649219 0.134828630646881
-0.315163800679456 0.48850368569919 -0.158061631064957 0.0769287567679803
-0.4018334517388 0.321731593827978 -0.0259775861171701 -0.107286626644831
-0.264319724873915 0.466580576068142 0.313578660745344 -0.0368636423598543
0.103400410504512 0.440269445317095 0.279026106021817 -0.329911342492102
0.390330182324541 0.177938943590523 -0.0392857828607306 -0.423148120352319
0.358292196702766 -0.0958930764368153 -0.280825000976936 -0.209895132514562
0.229136883153143 -0.253791164172701 -0.219606205447653 -0.0113501571938841
0.0463745733618973 -0.305177486875573 -0.0938125816957768 0.0292105608217932
-0.0274301020503468 -0.267032958040906 -0.0184849147556726 0.0305855226799226
-0.0383436800483713 -0.272105422053214 0.0775903361399407 0.0119158128874815
0.110455554230779 -0.299338077547521 0.163997834399255 0.0411080833109681
0.26392116973395 -0.199124617236136 0.220530490097918 0.141676998533346
0.415768500048581 -0.0529206236209729 0.121759079030967 0.301308974780923
0.314765778905057 0.303518448430321 -0.063830289764198 0.322615395684328
-0.0412774259414464 0.495294264090758 -0.200140107939107 0.111949152391324
-0.323765958891707 0.473761872100954 -0.0280653373729393 -0.0386184922375838
-0.403347158343196 0.228920645240087 0.172324749021182 -0.209035266843472
-0.335090486827273 0.397333914208862 0.399622570560078 -0.0829512092301166
0.0133686823090931 0.443813636345574 0.357616717899344 -0.272112686150924
0.350561648500709 0.229766497303023 0.0890663002935331 -0.379739051307375
0.358620739775088 -0.0603726646961017 -0.13475668603248 -0.258860605994104
0.237760541064185 -0.233112597359789 -0.135112132174352 -0.126471281802443
0.0599611046478231 -0.29881194806678 -0.0693179871367281 -0.0948467048647263
-0.023891176169498 -0.263806500111097 -0.021974854154336 -0.0800780258418093
-0.0411343444123805 -0.264496756603695 0.0709881931782864 -0.0948569158052653
0.0945461924887429 -0.285452282037864 0.177066175274117 -0.0627344634054774
0.246036441525354 -0.195091121648595 0.265389576061692 0.054945053948227
0.39373452307096 -0.045203663367908 0.184344225225333 0.250692743211818
0.27525607859974 0.290772545351273 -0.00140104881725634 0.29981665450043
-0.0674906887140394 0.432570424493108 -0.150505309627633 0.0796612138036898
-0.311192095547802 0.383309955812782 0.0875446223721738 -0.139503817347203
-0.315262352090296 0.102462261748933 0.352467175889136 -0.281834553126846
-0.311709561912677 0.24828434094277 0.462123245616988 -0.118732202341264
-0.052489433265503 0.337154478121498 0.401337210314578 -0.207773398760697
0.24324825428603 0.205332220588157 0.184133620100844 -0.316054948645244
0.282151134630731 -0.0274398171227019 -0.00501146136255149 -0.278662011770844
0.193559416707326 -0.173458980868222 -0.054594355831799 -0.219664239437469
0.0553837357778872 -0.239858286197477 -0.0481874019672375 -0.200273387011262
-0.0183875563160073 -0.217695691327662 -0.0252632887307252 -0.177830203598445
-0.0327850042380577 -0.220623568457116 0.0648321175384251 -0.190006605488796
0.075818041430435 -0.235894298059622 0.189447531704805 -0.151445092338834
0.209139465202987 -0.16149589433481 0.298688876334114 -0.0125164770774621
0.329465543531414 -0.0105630495149503 0.224402141653838 0.211933894623216
0.188977773958878 0.267091818249313 0.0354970044783772 0.272932028504789
-0.108345932106077 0.328264419888249 -0.111625140668093 0.0493792017084891
-0.272876442309298 0.236196466590215 0.18404135913318 -0.205218256267087
-0.164862001904343 -0.0386058141418146 0.471001767945527 -0.322398659426013
-0.206051240160935 0.0655841528636305 0.479771736107989 -0.14774127815102
-0.0750464202532106 0.168854472710348 0.412151798053205 -0.163693957763174
0.111686364540816 0.123346418576634 0.230742229847333 -0.271419740088681
0.156349850585657 -0.00596618685945607 0.070896458065492 -0.288839809346108
0.113005851340842 -0.0910582862420379 -0.0086659197514207 -0.278003965505907
0.0379172418166363 -0.140780534056799 -0.0379346560659208 -0.268779994638588
-0.00936920307578476 -0.135876789429856 -0.0257448138453535 -0.24633076066437
-0.0180064931703659 -0.145781714934231 0.0632708320221277 -0.259457218121588
0.0530017284299039 -0.158964451891253 0.207344585525344 -0.21450978318922
0.154467562851931 -0.110020545997387 0.333095111021881 -0.0532522306787043
0.233232473021521 0.0295565155999525 0.256422954549755 0.196652631400093
0.0807847459000745 0.219117052431363 0.0547789882290904 0.259778467610218
-0.137426784787121 0.18964850875189 -0.0828201430100805 0.0357096133827848
-0.202946328742833 0.0581543657670702 0.255990034466478 -0.223623881705369
0.0947232691800351 0.0801228617017068 -0.287419586931064 0.292238094736933
0.112454080661707 -0.0633010011705217 0.14730247261615 0.0594986125563607
-0.0142870925624208 -0.120329923951907 -0.0125176024427618 -0.316030473969984
-0.109909135320609 -0.021818212220173 -0.318042852028439 -0.272268972592187
-0.0645143094674173 0.0526003906689133 -0.443991034156539 0.0700678144421819
-0.0260726963573911 0.0478404601783548 -0.278700719183919 0.300880047527925
-0.0137637183150333 0.0554440168882976 -0.0799644930337252 0.331252489535576
-0.00225947621159159 0.0413455861917336 0.0306856766106134 0.311894280496334
-0.0265496521928096 0.0198218088632475 0.0650554673156971 0.30786420436587
-0.0326773902714213 -0.0140630342909385 0.0321854391766612 0.322729861431836
-0.0180105438148222 -0.0195036008849222 -0.0696371572801044 0.321931854147834
0.0071096471817593 -0.0576509984054549 -0.219491622498344 0.29628565593966
0.0861183641204161 -0.0160971925293338 -0.386543118930415 0.183303606414198
0.104047079659897 0.106821758001256 -0.506930442432635 0.110232319246618
0.011427567354389 0.16055961524637 -0.514273548503149 0.32784424152077
-0.0279528871649798 0.23039452594169 -0.325601393274029 0.240957729248124
0.08503784756893 0.119932294844779 0.148807086722246 0.0631128873328771
0.0905843464977402 -0.00243411561081862 0.0170389582333415 -0.34034890504045
0.0417450465342613 -0.0295648400384363 -0.314866313515471 -0.317909497623366
0.0360963103863733 -0.0234904098185647 -0.470315378762247 0.036802555652335
0.0248371926962455 -0.0603191616490593 -0.300152027121056 0.281564407557769
-0.0185377551872638 -0.0602815368797155 -0.0935378195334858 0.317223225750063
-0.0164326081083362 -0.0637906637497396 0.0212885967951605 0.296176422564272
-0.0212921894563121 -0.0940476863786207 0.0754216276597794 0.282049682086302
0.0502032177896784 -0.123511844329617 0.0629896267444194 0.304198027788413
0.117347411940311 -0.056107102550426 -0.0195015306987329 0.32688685489241
0.159453050649641 0.00196049109734683 -0.170390883667194 0.33030408460317
0.135071329068094 0.151982368369926 -0.337183148307932 0.231398655399376
-0.00164830679916228 0.293097939209303 -0.431893269371061 0.132941599057288
-0.154701425834143 0.321241214390103 -0.427948100379507 0.284906819753727
-0.1736825294126 0.336843564510358 -0.300190841143389 0.148086810493579
0.00359534973784904 0.304282008717306 0.180142759449325 0.0459159628233457
0.164584751148674 0.158890795427622 0.081636049476763 -0.367701866825684
0.208433498948948 0.000734319500680121 -0.277014722519564 -0.379643991471038
0.160149530955845 -0.0895902865644673 -0.470210539707441 -0.0293667900665052
0.0940748933110053 -0.165590689939701 -0.307181543062361 0.222205924887949
-0.0101219087241895 -0.175390218029061 -0.104534362944913 0.258315522247595
-0.0296588628291238 -0.160797371045495 0.0079452914175224 0.237722757830635
-0.0278360958220434 -0.187828755397305 0.0851063434046275 0.21598127052871
0.0966841256062447 -0.221114381472926 0.110727535002597 0.242967151685341
0.212201892506373 -0.119997390053497 0.0709749004523733 0.299850910076361
0.299128876019458 -0.00276731512912672 -0.0728542226369054 0.361745055023296
0.22602759808289 0.258663240537273 -0.253522958483915 0.297168488776325
-0.0349574413943264 0.438880025047714 -0.346354207998061 0.152639948703356
-0.259398945272274 0.449223964427558 -0.300915691529833 0.201504151747909
-0.312559949449464 0.377771202712171 -0.198471962675137 0.0240131415241645
-0.121560023820273 0.448961139616942 0.241765984744064 0.00689392783082613
0.179646280727317 0.330353092915331 0.175731493434498 -0.375532314817571
0.349943319814131 0.0747623547510078 -0.18755379892186 -0.428955420203778
0.284197934670075 -0.124863006033854 -0.415253295508697 -0.11623367417976
0.168278351847926 -0.244983314000662 -0.286725000940783 0.12248624551044
0.00974414394292018 -0.268603034915481 -0.107014055656878 0.15929777689303
-0.0379145135748491 -0.234953013645843 -0.00560361886105306 0.147103014745694
-0.0411492220322107 -0.25100336710939 0.0874376596752543 0.120546254428769
0.108743255528862 -0.290596391154524 0.15087993677469 0.147961115386692
0.258889302584812 -0.18409388099216 0.165762487741496 0.231186901492003
0.394304569516881 -0.0459753701054407 0.0415920544256107 0.354330326755517
0.310378796976893 0.298467819764784 -0.149060037725673 0.335782117772368
-0.0238687738145328 0.515954919062215 -0.267688071749191 0.14938772325996
-0.308586790631424 0.516490831005358 -0.163827156093118 0.0858537749925847
-0.401953052952869 0.343998606913765 -0.0298504023870008 -0.107388912363719
-0.25485586913959 0.495821039001712 0.324684010669635 -0.0459361741843845
0.123273722894243 0.450029315450895 0.278465682474951 -0.350128936808167
0.4106985843519 0.167025042727355 -0.0563357266726605 -0.437017932402721
0.364962894424739 -0.115682018510861 -0.299922827811099 -0.201011634111273
0.222740167112482 -0.275786659002972 -0.22820691483729 -0.00203639183875733
0.0321481022481818 -0.318977593742408 -0.0979911213914682 0.0338574894759458
-0.0406267118412913 -0.274479302056809 -0.0185630853025091 0.0349765857309771
-0.0521593331734428 -0.278450941212683 0.0807515815699241 0.00958966604317084
0.0984053887539909 -0.316493637671235 0.173629564755879 0.0368033812673989
0.265345503452524 -0.21917110515212 0.235685324856393 0.137080499312232
0.426637039098344 -0.0756765222673626 0.138225920038861 0.309615344084322
0.339117165476427 0.300578318427577 -0.0547157295137137 0.335239272846218
-0.0219843041363643 0.514955427975532 -0.204511201660773 0.123850330576389
-0.318689254911236 0.500707016097996 -0.0351763297622835 -0.0392351218889391
-0.408141840458843 0.248840030136041 0.172039309894074 -0.221176144537301
-0.331599884032959 0.424495626524896 0.409713265588895 -0.0965100569887555
0.0291643118064914 0.457922116289345 0.362564079465892 -0.29212182246108
0.36921878833581 0.221661375367813 0.0791059411670677 -0.396344507989621
0.367758147694208 -0.0796476060988136 -0.150051502808793 -0.258110852518827
0.232818869625051 -0.253655779635954 -0.146378360321655 -0.125911117136917
0.0454055486853459 -0.312176315130608 -0.0797835388325303 -0.0958553919476268
-0.0366910067527082 -0.271666077371569 -0.0286982310282573 -0.0795049556160462
-0.0536451028203036 -0.269673684589926 0.0687580555804771 -0.101314112231709
0.0829969445045219 -0.300795861803167 0.182214596424845 -0.0716199726741752
0.246535994125683 -0.214596505048144 0.279018783653514 0.0456924713689898
0.403065101170616 -0.0674912426388232 0.201760629194202 0.255043067445604
0.297505529813436 0.288085187411912 0.0106774463390134 0.309563204820359
-0.0514991458867224 0.452918163353023 -0.155027877971832 0.0882180732846145
-0.305991045169268 0.406127417894528 0.0787612813139443 -0.148097185437047
-0.321849255079095 0.11508596471784 0.355069762185144 -0.303297966007049
-0.312086758406636 0.269082478187356 0.473795513337115 -0.136697937482089
-0.0416111355644159 0.3499231744758 0.410595499212824 -0.226589884423227
0.258216708682762 0.202652620235659 0.179472430851914 -0.333084172328226
0.289170989029215 -0.0430168208719538 -0.0178599533910288 -0.285458053314746
0.190575755710314 -0.189898912169593 -0.0681099920937381 -0.226481154591233
0.0445907342498021 -0.251428219203696 -0.0624359490211192 -0.206624730448823
-0.0283266920679898 -0.223827574270208 -0.0368143478563483 -0.180351848678877
-0.0432491574565608 -0.22479459328819 0.0571002262496522 -0.197674093292059
0.067031711512974 -0.246328885252532 0.190231728001752 -0.164529906352841
0.209549463330312 -0.176988619791518 0.310552443564412 -0.0254515213489564
0.338843045918505 -0.02809925385322 0.241094020147913 0.213278468093859
0.207214181712672 0.26771359360946 0.0487044877853883 0.280245722103144
-0.099623491341673 0.343696209707523 -0.115313057720021 0.0555036279713408
-0.272201959875567 0.252516486709846 0.175645747565169 -0.22053747551721
-0.172218078994478 -0.0347366909161307 0.474869746978464 -0.349379684560729
-0.212086615508655 0.0757832345515904 0.490090659802477 -0.166457218017064
-0.0706925429452362 0.177083910135153 0.422974755228404 -0.182441177909065
0.120184118989281 0.123429155031559 0.229471454695741 -0.28778512382678
0.160551679688771 -0.0146548388461874 0.060687558564084 -0.300031009282001
0.111347151394983 -0.100217887304593 -0.0236994676897503 -0.289866724263894
0.0315470498337538 -0.147827964887364 -0.0560347980389627 -0.277884066386538
-0.0154114960843797 -0.139999399712093 -0.0407907232784811 -0.250868772534602
-0.0236453185151114 -0.148954802569984 0.0523051707443152 -0.26946236271905
0.0477076374755501 -0.165004849159054 0.205692101022525 -0.230462343395452
0.154717411788495 -0.119903995454854 0.343910663766877 -0.0697255063078532
0.241696192120997 0.0189027693856063 0.273455249232813 0.195118356539737
0.0928833659634112 0.223188811504803 0.0666027209467026 0.266821645797277
-0.135797633423458 0.201615495811671 -0.0865309033211884 0.0394379309728721
-0.206808113210233 0.0656740490585578 0.248637390109623 -0.242614936939168
0.0998555224613303 0.0768379598365814 -0.274155057860091 0.319860867091006
0.111808864600951 -0.0734204477892997 0.157731560434915 0.0504074045129147
-0.0242490207655353 -0.122642510020359 -0.0352802662740521 -0.326787107677886
-0.1135408545446 -0.014137969580185 -0.349204025931513 -0.259901822328895
-0.0621320283686489 0.0594456070009475 -0.451353778588376 0.103596634778548
-0.0233649340938758 0.0531631583332989 -0.263285894765502 0.331909949417096
-0.00917521067751376 0.0594770340899094 -0.0566248898272043 0.345841637120942
0.000795611876524121 0.0426611511698876 0.0577846264911347 0.316546827961777
-0.0265511168351403 0.0221385876199619 0.0936021981088577 0.311481764308338
-0.0351104453999552 -0.0122386064650558 0.0587762481496228 0.332184231626159
-0.0187615548313402 -0.0197045362477083 -0.0502677717852432 0.338128317534357
0.00315983022569359 -0.0593988070673639 -0.205434335592379 0.318195940869264
0.0875139806536415 -0.0209183865042402 -0.389261879251334 0.211151665287249
0.115199521320611 0.102519935793985 -0.515196110493248 0.147872412538117
0.0205685428427019 0.165644443384348 -0.504948842858968 0.374168769659542
-0.0156228061283402 0.237433153694493 -0.315728329476285 0.271054503562083
0.0969706368382264 0.116874531418006 0.159670143641256 0.0542992156846897
0.0911549987301089 -0.010225786814429 -0.00510096816076203 -0.352739525569696
0.0406934101354997 -0.0344279919996944 -0.348864535043297 -0.306419866411728
0.0345709243720201 -0.0260443353833348 -0.481509491594544 0.0731050212546598
0.0199424453066952 -0.0634400881766934 -0.286546408741146 0.313509867349334
-0.0236933297624012 -0.059714232584395 -0.0715286222462417 0.332827675183727
-0.0217984124486414 -0.0642862786282359 0.0472865748373731 0.301311612910189
-0.0300648035809956 -0.0945602313273028 0.101746648772939 0.28522350039701
0.0409558073452043 -0.131313830131642 0.0892497188218793 0.311035143403407
0.118126464204218 -0.0680947791182015 0.00181157807525548 0.340181691005295
0.164734707248468 -0.00987622660058901 -0.153982206986418 0.351086946637359
0.149207336522864 0.147694299230349 -0.33404873097638 0.258311327858974
0.0201103662082111 0.301756049931248 -0.438010930535176 0.166314098003262
-0.13784410169774 0.341292138261298 -0.419959785840706 0.323690862851615
-0.156934832532619 0.355295829292195 -0.29625244814408 0.173723390863531
0.0262547325182171 0.314042718396915 0.191007847966535 0.0360840307804294
0.178710685041477 0.149076365656452 0.0598236758238393 -0.384066059207123
0.213811863109153 -0.0152093741317478 -0.312287193002295 -0.372456806225985
0.157163738755447 -0.104289661365716 -0.484809152900109 0.00695029059795609
0.0814042007738347 -0.177393434770021 -0.299368363278339 0.251891426456816
-0.0249116683053552 -0.178844443985683 -0.0883638046866268 0.272888969346271
-0.0423926411494174 -0.162168274377411 0.0284812375426913 0.243846873144991
-0.0433043072097222 -0.190245211021345 0.105781074518378 0.215949072065968
0.0798855584473971 -0.236561632680271 0.133753161405402 0.244241088139321
0.210992880151229 -0.140909252695604 0.0952900421987374 0.305365288028405
0.307037135026777 -0.026236578135382 -0.050500321792335 0.377865954696919
0.251740520162421 0.250415813051149 -0.242940181136996 0.320015090433143
-0.00380566979055145 0.455983304827291 -0.34825622355801 0.179716298764065
-0.23763833859354 0.479800218854805 -0.296970526764303 0.22874891486174
-0.296497103284113 0.4052974010023 -0.200381482094995 0.0404948336862951
-0.0923671332560318 0.471214441475133 0.251004293072917 -0.00618922103599093
0.206251858381815 0.324536397036033 0.156525475919241 -0.398575657110886
0.364136710972691 0.0500462512299257 -0.222977061446769 -0.428436518623897
0.28208667578917 -0.150502658370451 -0.434357387974987 -0.0867766718271819
0.152052800480936 -0.26575048032497 -0.286174388870186 0.148518790209082
-0.0135071479587992 -0.276788734678578 -0.0995005438913843 0.171582498347892
-0.057576685151677 -0.23801071172339 0.00645043301061108 0.15275753140663
-0.0608447279591741 -0.253907068655767 0.0999627683330312 0.116427542017705
0.0871903466234885 -0.307507139166203 0.168343911380467 0.143056634913746
0.253905226835276 -0.209921240823231 0.187935271882151 0.226574513148784
0.400504207133943 -0.0783984267403982 0.0683673492959253 0.363249303386879
0.34128602528205 0.284740163490395 -0.131414830777342 0.353159117539233
0.0109507018745322 0.533965796412062 -0.26703834562296 0.171890296061002
-0.283115404097896 0.549969817744885 -0.165356128887186 0.100776488112865
-0.391463043822747 0.377770412088058 -0.035185806809348 -0.105934170305125
-0.22564407726491 0.528709993168941 0.331568696213617 -0.0649395014512066
0.156819101067768 0.452348891353946 0.264330374409072 -0.378042189849687
0.433286188753837 0.140674518931857 -0.0869498026195936 -0.445704769784702
0.36427538478735 -0.148466237078075 -0.320603268847391 -0.181193304281145
0.205103375565189 -0.302200992497436 -0.235928922995708 0.0149392657931685
0.00508085752138468 -0.330738801010167 -0.0999451113472333 0.0418027920714712
-0.0625070097326665 -0.277914890720828 -0.0161846106476826 0.0397755442574681
-0.0745472217522502 -0.280979802986446 0.0841233352775092 0.0039436376515572
0.0756031082188973 -0.333459235534157 0.181920560762243 0.0266876633324989
0.257288578553356 -0.246811171383561 0.253927341193764 0.124868087904488
0.430174872642134 -0.112523914324002 0.164731900133629 0.311804948073896
0.370855258591437 0.284276449202547 -0.0335992242992792 0.346061616576196
0.0136675096053902 0.53301118756421 -0.202609581053423 0.141375944846561
-0.293267341731133 0.535529423798916 -0.0427958389479876 -0.0380552323152339
-0.402168825573024 0.28067102643306 0.163931014712667 -0.236259841675484
-0.310067977692537 0.46247790626879 0.415313140413899 -0.122963124230505
0.0617460807963206 0.4663593289226 0.355782623633456 -0.322572607672318
0.394368828088035 0.201189760260712 0.0554845070517574 -0.411435083022482
0.370647923349794 -0.110483384240866 -0.171040878911306 -0.249796620609232
0.217303788061285 -0.280685921459577 -0.16035540965476 -0.11948163981666
0.0199363664955935 -0.325094730624435 -0.0927210967727384 -0.0934619350113905
-0.0586784842335406 -0.275444604644716 -0.0361409822686481 -0.0768118047879638
-0.0758435867866181 -0.27107237939 0.0634641187844042 -0.107930433726724
0.0606652320360547 -0.315085809221755 0.182848302758708 -0.0854539846472208
0.238444411151532 -0.2397695815584 0.291319282752884 0.0270514950907869
0.407985040379264 -0.101402877137287 0.226161408101012 0.250800277092041
0.326034085709723 0.274915610353507 0.0328682127058656 0.315711101700183
-0.0211847111116963 0.469093619801455 -0.154472530750081 0.101367280500237
-0.286588985483934 0.436547463027555 0.0648639474547708 -0.157604930071416
-0.32418146708752 0.138235917911387 0.346873015662478 -0.334124634565992
-0.302288413928377 0.299590178269307 0.47665176711042 -0.168536062415223
-0.0188823019552992 0.361760556882239 0.408246582507355 -0.258430972768979
0.278811867879062 0.188819403628411 0.163385153581507 -0.352694835963648
0.293002592779177 -0.0666610619411231 -0.037328546984428 -0.288579285478204
0.179785550119945 -0.211415866378128 -0.0881743671430223 -0.229856024405247
0.0242128761943298 -0.261514591023273 -0.085250136030287 -0.207710037434305
-0.0463671483951433 -0.227314015619611 -0.0533185603940556 -0.179538667901933
-0.0610486807088492 -0.226425723211024 0.0428945419274891 -0.205978203209432
0.0485912104825479 -0.257724614213613 0.18400992415311 -0.181563953371282
0.202650258063494 -0.197554711318186 0.318831503524785 -0.0489106995330857
0.344373726404401 -0.0559434782642129 0.264953312809926 0.205091707684369
0.232784152783382 0.259717902611078 0.0700365907962411 0.284806058713554
-0.0772427500185602 0.360997546187824 -0.117178700190815 0.0654065656579232
-0.262169017443254 0.276118282808527 0.157837281487509 -0.238638018428189
-0.179294555153985 -0.0253560470904735 0.466834955131315 -0.391019150162824
-0.212487490138961 0.0926890514218425 0.491779407197259 -0.200357440065581
-0.0603041050752044 0.186261778213848 0.424507716622815 -0.214513874168216
0.131026051786661 0.118543307706912 0.218662653625451 -0.310073690834395
0.162496589270769 -0.0274414597246413 0.0422568954691374 -0.310302878280275
0.106026428702255 -0.111713487399973 -0.0476864237750045 -0.298269215245685
0.0200312553540842 -0.154295259434293 -0.083007142943259 -0.280791678349616
-0.0260092603045248 -0.142420652838977 -0.0630359340609392 -0.25228040716038
-0.0348267877743941 -0.149972147894589 0.0318959191609397 -0.27786095351373
0.0366437309675887 -0.17206242897094 0.193490521369605 -0.252017710348047
0.149068738554157 -0.134712838458433 0.350151017953098 -0.0957277083783068
0.247608757676705 0.00101986982797684 0.296829778359885 0.183407145467803
0.112263430665421 0.222297064721782 0.0884990875290793 0.269875507584772
-0.124440419836162 0.215631607328578 -0.0888757621979882 0.0471092909741393
-0.207910851486163 0.0794451409908188 0.232711393569117 -0.266516213159456
0.0614229937852662 0.113116586847464 -0.384804180924777 0.177182690728212
0.13204948796205 -0.0229747703677031 0.122260087930198 0.113651637880042
0.0258644623957057 -0.118838019061106 0.10166049068048 -0.311936471164902
-0.0957008623487991 -0.053645626203085 -0.216535022509738 -0.382778295644814
-0.0773578198238351 0.03383874554699 -0.454982334995074 -0.0884555804864262
-0.0413152843987684 0.0424410166177564 -0.378902084399075 0.19544655345937
-0.0318544643199241 0.0552126039192508 -0.194849048804741 0.29237032463473
-0.0159511333687604 0.0411294257799417 -0.0721340758632874 0.310758776498785
-0.0322341911314615 0.0101656060159964 -0.0365233243233472 0.323879379386189
-0.0256319239064959 -0.0239631821306717 -0.0798108882112418 0.327661846075998
-0.00789866414296923 -0.0241727831864626 -0.186444214247218 0.287878758049493
0.0264698401227452 -0.0461994382495332 -0.32046214393217 0.198636401797594
0.084479142359336 0.0208195969410507 -0.448234147765121 0.0238424798440747
0.0566470008964571 0.143683357897527 -0.544124942200416 -0.0907532889292466
-0.0502217420184565 0.162422407187189 -0.633200033728141 0.113145115440346
-0.111080191059434 0.211886818177586 -0.399088273602535 0.118068386109589
0.0402142059461281 0.146688985580098 0.125126374230422 0.114206927713422
0.084342442594725 0.0316589144262023 0.141110398675911 -0.328247975081807
0.0522901147801967 -0.00959922821163931 -0.195519810824416 -0.432016150663449
0.0472872767788011 -0.00344200698089994 -0.473815933150622 -0.13380025640205
0.0455398425076023 -0.0467270865712756 -0.397360807238327 0.16726255887422
0.00275935784019377 -0.0617251147943739 -0.203207441967199 0.273394223200652
0.00762193492732953 -0.067410000289136 -0.0772046690911212 0.293534564263586
0.0122725023546661 -0.0985646528892175 -0.0183801427931992 0.30172925211938
0.0909625922418646 -0.105548528775571 -0.0405057920381089 0.321613054984045
0.139041547595431 -0.0147946846390326 -0.136010721201213 0.315462161861638
0.153526015108441 0.0635031356507344 -0.285091360667339 0.256990008656699
0.0704542309786432 0.201616502562621 -0.420893087062641 0.0943297630974431
-0.113022018365975 0.288131400740121 -0.484887575255039 -0.0420094716176327
-0.268152526332587 0.25651102712711 -0.53472787019994 0.100796750624602
-0.291772319863108 0.26002094527264 -0.336432582799881 0.0411004353240122
-0.106948902867171 0.299713474180647 0.167303159052093 0.108202452959865
0.0964890969154851 0.21392106738496 0.217337013223013 -0.333492775014417
0.199988551280689 0.0776181743729776 -0.134057970070512 -0.480925183592353
0.189845322063081 -0.0242168971961411 -0.452263483088327 -0.201117986778055
0.148413640842863 -0.128141462191183 -0.386068516842373 0.104637270246655
0.0492915133452858 -0.173343147238991 -0.196047168020101 0.211572328829075
0.0287869844653523 -0.16761072204028 -0.0718103486770003 0.233315273285104
0.0381099663204055 -0.192035673875408 0.0123820462793258 0.239949921827866
0.168773206404018 -0.187632308951604 0.0280285196831755 0.278455190203884
0.255082811600066 -0.044080653276328 -0.0318861123558649 0.321594537125894
0.290946553939858 0.105271836922443 -0.198370279571334 0.329049407449176
0.120934886006617 0.339510208479811 -0.36475593354556 0.193138751993323
-0.198438783691302 0.419794233842546 -0.412232951736977 0.00693912592229655
-0.415453241284213 0.342622322825116 -0.381837824114897 0.0660208669698414
-0.443865442410309 0.246551603511032 -0.189765593248036 -0.0369617309410806
-0.284769663315723 0.395599435525876 0.245327406770329 0.0931685196686682
0.0472546967133406 0.38772519384547 0.317165217687662 -0.308264498126113
0.307880338009692 0.197992222250338 -0.0243243038847238 -0.49944798884797
0.320098662998976 -0.0154593412827692 -0.368424851783888 -0.270709330628484
0.247582940150503 -0.180916314768761 -0.332504981772458 0.0131084208092107
0.099224981738755 -0.260588950793866 -0.165903119524009 0.113232507441699
0.0465271625551208 -0.244400974703289 -0.0558958139089435 0.141977375516777
0.0457743873578035 -0.256868128606125 0.0467512438248428 0.147858159110291
0.202563670944717 -0.250677465718347 0.100873944346442 0.199742640959456
0.323872266895534 -0.0922816535836808 0.0881432335382606 0.288512689582058
0.397239707840624 0.0933158781467519 -0.0805042712544743 0.369346385056439
0.19138418195286 0.408321713213248 -0.275943615618908 0.274312526837073
-0.214914364682682 0.498647159975469 -0.335241900195243 0.035483048805364
-0.485104669095015 0.388620931313996 -0.204347861143379 0.00633948346592072
-0.519564987505386 0.180049739474764 0.0237359568252069 -0.100331145660677
-0.432739063162875 0.394562431027417 0.347219958353524 0.07419021150757
-0.0527189509368868 0.484837543330073 0.412184525728255 -0.243460204779964
0.33180488617326 0.308533495268618 0.111026161118479 -0.458230951441099
0.393450867729808 0.0208478858865665 -0.224069119309899 -0.31273480372225
0.311021590221015 -0.194881334089075 -0.231658539701916 -0.0895197587649996
0.136913938484365 -0.304039505911709 -0.114143152673304 -0.00625084661199408
0.0568970722495621 -0.284619357898806 -0.033011670183122 0.0305375975260354
0.043676445817524 -0.287719338619424 0.0772986248911855 0.037987441704563
0.201371237448353 -0.27995695060808 0.159792716455314 0.0989715700083025
0.341782934679397 -0.124871503625577 0.191789948645311 0.222506047057097
0.439897547449498 0.0718198712483762 0.0301683914211979 0.362872230649198
0.218631850321127 0.419279158220965 -0.181502555995316 0.312388693551946
-0.210461907909605 0.49761585057072 -0.263421718444404 0.0352862680736108
-0.490856697036401 0.369354235604809 -0.0304144301722699 -0.0639366798128357
-0.494568568652528 0.0845304394265793 0.260904075655091 -0.136697481566405
-0.484503253479338 0.296075482338205 0.447661949565487 0.059594768216088
-0.147870013939952 0.455363261160536 0.473981707762581 -0.150786013730011
0.271522725031849 0.345606677445235 0.230314030950256 -0.365414707494772
0.381119200956979 0.0559861927696889 -0.0557140125733887 -0.314206753309452
0.312071068346244 -0.169694326132173 -0.105088045472067 -0.18223805707376
0.147128616931988 -0.294028215069886 -0.0523013535285689 -0.12608622770795
0.0591043136476283 -0.280250100659151 -0.00544978826268599 -0.0844983362955697
0.0393360387941812 -0.278829780616336 0.102427245148288 -0.0725184572957644
0.180254546895498 -0.267749691741338 0.206147623733719 -0.0029791137695723
0.319787555128513 -0.126906016960117 0.265503658486754 0.147977042070014
0.413753211101141 0.0708226330826917 0.112035991738658 0.333500328751457
0.184351459541891 0.390676615459756 -0.107847897421652 0.312838693615236
-0.215623790293016 0.423881102044938 -0.199547087746785 0.0178938000706606
-0.444047848981401 0.279466396161266 0.122306901491171 -0.124240626110818
-0.363563962875079 -0.0123377244119419 0.467953114149946 -0.151507638438802
-0.412345799010893 0.148829012379658 0.520521549241974 0.0469055405271112
-0.178302983226983 0.324277827142982 0.49307536896452 -0.0660037618609105
0.169880786037953 0.286963684119842 0.304625595979512 -0.261453298080613
0.291248725012352 0.0623542951437927 0.0857617346527378 -0.289607157540906
0.248258049504486 -0.122355348139956 0.00802403321597318 -0.25212248159556
0.125486669723456 -0.233848318304246 0.0029637098354957 -0.227608757163879
0.0509466683787777 -0.231041705797262 0.019226546785705 -0.184125225916864
0.0343546503498213 -0.232392533184871 0.122031713877875 -0.169822887793526
0.14694524986945 -0.219178449955052 0.243095022087995 -0.0907410197800768
0.26857186869332 -0.102467997846152 0.320475652389732 0.0893475403997818
0.339003410126593 0.087368397136229 0.164671922410975 0.308189954279931
0.103903289190087 0.337944842282632 -0.0600719600580622 0.298229577455841
-0.221537795678193 0.300137115574584 -0.146170842326931 0.00157706014615565
-0.35322815748582 0.142577906058348 0.245473396327145 -0.155457361121067
-0.163119867624065 -0.101404438622192 0.597052859136508 -0.15697776984271
-0.242408241286526 -0.0058428303247025 0.540241270668584 0.0265827914000638
-0.141517278827448 0.143857664978847 0.485366724391558 -0.0145784613010787
0.0649972248354551 0.161273940206006 0.334210934540577 -0.194985105655971
0.154465878951574 0.0425990011761389 0.168476880345002 -0.272200488607825
0.140497327131131 -0.0592124555078114 0.077729373800768 -0.297966562133778
0.0778862184206003 -0.136000491341804 0.0347254943263287 -0.293378882776346
0.0346769657482824 -0.143052402292885 0.0386169623864573 -0.253673967849392
0.0270301006945087 -0.15243457667249 0.139776366143047 -0.238939670307013
0.101502523815773 -0.145410850002702 0.278989297103617 -0.149859776908816
0.19339832695069 -0.0652937616054033 0.366063468346072 0.0586486985618397
0.229935429015312 0.100276348090947 0.198407686052371 0.299877652443921
0.0101391225064212 0.253043833147882 -0.0379357786839755 0.290619647206683
-0.204032074152007 0.14582118415918 -0.108886756284916 -0.00245269658514378
-0.221964477161758 -0.0150492983110103 0.326866378946555 -0.144089402121074
0.0647526731378163 0.107748353579732 -0.362807717277082 0.202101044939855
0.12852488408937 -0.0323112489229512 0.12910651564384 0.103399529172424
0.0158254158199882 -0.117360611429655 0.0744378902739429 -0.31348919111232
-0.0979484266205161 -0.0460191230875921 -0.244269035371882 -0.359729033076419
-0.0733118905204213 0.040105817286157 -0.452425140294064 -0.0516318583556162
-0.0367665189572319 0.0473407087269974 -0.354166861836987 0.223697655886921
-0.0252827883234615 0.0580477676277869 -0.165553380346962 0.301672061823627
-0.0117576754008384 0.041467833936848 -0.0425292113587687 0.30882692311673
-0.0309210947728882 0.0131044764532632 -0.00627147323516214 0.3201583775671
-0.0278899151537748 -0.0215362603344049 -0.0505354510344803 0.329766581039878
-0.00855704177685824 -0.0234163035220034 -0.162140329409605 0.297900088652171
0.022092210281012 -0.0467456930576056 -0.299238039280919 0.21598025825698
0.0841560601742051 0.015624098537503 -0.439916446782952 0.0523732689233531
0.0679744688749248 0.136127595655407 -0.541197761922845 -0.0483400381873956
-0.0377998640917514 0.163250867908023 -0.609256961825484 0.159130893637785
-0.0959042149206809 0.215649513535371 -0.37985736924348 0.145886911954536
0.0522676073520236 0.141351570280931 0.133435582774793 0.104315835095714
0.0836711650649975 0.024255091650467 0.112607934440858 -0.332660599905288
0.0501765473908877 -0.0147950743167048 -0.226796938309584 -0.40898981130056
0.0456907339706706 -0.00674833108094923 -0.473766166368522 -0.0935706975095327
0.0397219677382319 -0.048373906188048 -0.374132288439258 0.197505190150841
-0.00212499561104981 -0.0593272063879279 -0.177378308621397 0.282750431071691
0.0020863433481496 -0.0660881549372206 -0.0491540556899313 0.292155338231776
0.00220381385573266 -0.0970711961176921 0.00863502010232725 0.29742435090512
0.0796761876706688 -0.111803658182151 -0.012976008274838 0.320904433829394
0.13708656277506 -0.0262093138383902 -0.109982292390167 0.321585675217719
0.155008293492382 0.0500995847203763 -0.259952657436996 0.273102767677898
0.0848762515825719 0.193641820937767 -0.407500628375523 0.11928174453098
-0.0880244559410791 0.291493757609019 -0.479960596613816 -0.00561906798741671
-0.244088210539114 0.271697759669869 -0.517567809899594 0.140527803441998
-0.268519693518924 0.274057914693275 -0.323742010046266 0.0678923035308513
-0.0808024462096225 0.302392885794587 0.173324080405809 0.0967325477266045
0.109293686912503 0.200603990995234 0.187940524207399 -0.343311530664626
0.20173827269783 0.0580038037861898 -0.168229550582815 -0.461892999936433
0.182850199085714 -0.0397351028299141 -0.457775843626503 -0.159885877682126
0.13296489076895 -0.137269804317084 -0.36843803629465 0.134788146366104
0.03255658083516 -0.172730587301865 -0.174674415148139 0.222006007515644
0.0140642198269877 -0.165722309118337 -0.0491755443219099 0.233955884472079
0.0202079472511328 -0.190016060080291 0.0340126709624357 0.234030305940487
0.147924852611345 -0.198271835700865 0.0516334095654956 0.273529709542985
0.248427445712073 -0.0652917309085477 -0.00721123692152025 0.321090385230348
0.292768331844764 0.0782353590970379 -0.170024876527474 0.338489351269293
0.145704445695021 0.323826049620285 -0.343698090438432 0.212641882019202
-0.161288316111399 0.427415876129248 -0.406084539874126 0.0367459957777314
-0.382251757847926 0.365189061448231 -0.370580574596479 0.0938880283753684
-0.418090401696865 0.271535025725048 -0.186572284727691 -0.0196605250092297
-0.248070030062047 0.411037926861349 0.248191042431432 0.0772384783368644
0.0739670603210026 0.373435642242961 0.288968254068621 -0.323967359832971
0.316576623909041 0.1672546908125 -0.0608782877071752 -0.48699313849936
0.311061901621191 -0.0408507128681405 -0.379387728760995 -0.232036509603199
0.224671966717655 -0.199051846002733 -0.324093630283694 0.0404201009363527
0.0730633145162292 -0.262310977147032 -0.153929049225483 0.123367685561331
0.0240289057570015 -0.241016350324371 -0.041815649140796 0.143879665257685
0.0233986079963036 -0.253808332680186 0.0588273720106264 0.140145985409077
0.176054355490408 -0.263274773974778 0.116099723501005 0.189742664614573
0.311195901575056 -0.117980631936847 0.109562982799122 0.278217197595035
0.39531381646363 0.057981925897104 -0.0510344370173134 0.369904663420696
0.219375079948621 0.386334144968447 -0.249796679516949 0.286854447445715
-0.173099542976311 0.505555998946476 -0.327691228134793 0.0587718985267152
-0.445461234609064 0.415680273822779 -0.203901546730985 0.0218137886919742
-0.498579008630943 0.211711668374362 0.0173723649118544 -0.0967963660477045
-0.392705761303909 0.421208523292684 0.345350168296986 0.0518741949794214
-0.0157165868253981 0.476814120944894 0.386261040849276 -0.266525280343153
0.348875356500679 0.273735369989469 0.0761333277811473 -0.456006063133709
0.385257143666843 -0.0125394075372019 -0.241050120667288 -0.28384150779067
0.285419173205694 -0.216767723427352 -0.233426789602692 -0.0687718824497178
0.10566721562853 -0.309187600151821 -0.114490302139499 0.002201267398667
0.0309755753488153 -0.281647389547655 -0.028233059129073 0.0333072750353246
0.0191089806053382 -0.282667572393685 0.0794595487643531 0.0312511872069648
0.173213975410594 -0.290501307376406 0.166406036799794 0.0864948285278651
0.325758234239437 -0.151239312687939 0.205957267830217 0.202969674135914
0.434224352523939 0.0327484341303999 0.0589995916365773 0.357381191296696
0.248460485522264 0.393580647467672 -0.154288104337124 0.316809878335833
-0.168180892765411 0.505625086050158 -0.25675983344082 0.0529215586954134
-0.451917507095131 0.397924104860085 -0.0399184091661312 -0.0616310855670947
-0.477784490846441 0.116610029443015 0.247114277364055 -0.151149882301434
-0.452819059515994 0.329619506806361 0.443258030833922 0.0301737388808435
-0.111350762585377 0.455413384399308 0.453910723647072 -0.180624543535944
0.292132424976638 0.316865677017855 0.200091869667255 -0.373097395392533
0.376253923943602 0.0226875299447214 -0.0768093030326477 -0.297336719407858
0.288190336550734 -0.193126245677713 -0.1174375489335 -0.170535004062749
0.116295648717743 -0.30001413416606 -0.0640206892320564 -0.120677963844034
0.0338344236968542 -0.277498496596144 -0.0127380122835346 -0.0796834734164843
0.0143966488113046 -0.274512318873374 0.0940509438350844 -0.0788069297734049
0.153316559841138 -0.27662789546599 0.201547804541269 -0.0173498165041676
0.303535573944341 -0.150861275033416 0.272729998902754 0.124256648738071
0.409196044084051 0.033481822698433 0.137752298752794 0.321734193926262
0.211224086831811 0.367255938881239 -0.0807274130229995 0.312465014628497
-0.178511881754787 0.433260489314323 -0.196004181497066 0.0324293312152298
-0.411708930376108 0.306095905801006 0.104840731769743 -0.132718722515045
-0.357052149744727 0.0127751218797613 0.447738995810572 -0.182131155124846
-0.391565655887665 0.178414599458222 0.510117673193381 0.0123173058069912
-0.150967007756595 0.328990405086682 0.479470040801695 -0.0979234405418853
0.187406840232145 0.267268873378385 0.280444953706881 -0.276145077245148
0.288322531215041 0.036165584041277 0.0638231776693904 -0.285507198630859
0.230237563132896 -0.139565042785341 -0.0116460794472214 -0.24913994717274
0.0999426366498498 -0.238422811031735 -0.019962892547083 -0.223512072769742
0.0294721543048069 -0.228734675678099 0.00218015705536836 -0.179238183656211
0.0142207233111598 -0.228208756715221 0.105511188523696 -0.174105367921576
0.124652142989978 -0.225743973850515 0.231069716474348 -0.106252119588167
0.255105413733148 -0.122912624226427 0.321607292406904 0.0625970191794815
0.336987452430181 0.0562493508703947 0.187126891469561 0.292574583985134
0.128505072338827 0.321181438378671 -0.0347016972240291 0.295508609824301
-0.194059905464977 0.310442130718646 -0.146087089510741 0.0128266313085198
-0.335013992200034 0.163549652085894 0.222022561410734 -0.171848312677877
-0.167475266473832 -0.088074676073844 0.571869272128338 -0.197061057569694
-0.237692187315949 0.0132027414429147 0.528976725345753 -0.00929866688921661
-0.127826183560148 0.150994380667077 0.476502751235551 -0.0475705965363953
0.0750487147813811 0.152761683236177 0.31529200603566 -0.213675179960347
0.153399941725353 0.0284282626475587 0.146004944763903 -0.276280189017493
0.130346448582189 -0.0697470267882393 0.0515617377789775 -0.300112365094884
0.0635822412323374 -0.138736228971066 0.00591446511047478 -0.289983743689444
0.0222666793776398 -0.142888930328702 0.0149258767074223 -0.248591706825033
0.0148434939874592 -0.1502752663996 0.116192960152617 -0.242520053103994
0.0876118735749647 -0.149007975295561 0.261256765837311 -0.167466657014874
0.183695191604308 -0.079544168608279 0.363733468955064 0.0290433413495112
0.232368892570833 0.0785889784140437 0.220535019445776 0.281365364429115
0.029677501688553 0.24705146712282 -0.0139212848554217 0.286434415895756
-0.18919977755948 0.157305938423095 -0.110193833725654 0.00583178698127074
-0.21885630596019 -0.000585579829922567 0.3030840859445 -0.167220026204425
0.0662662073352053 0.10382006293297 -0.33796939728431 0.218134967408218
0.123476923356942 -0.0387472886523298 0.13325051226696 0.0948107976231612
0.00859281596450249 -0.113672296716288 0.0531941525727995 -0.307508270168134
-0.0976744433260156 -0.0386641533184835 -0.259349524108784 -0.335002992728434
-0.0678745557066467 0.0443669572868463 -0.441481665725912 -0.0235336272680382
-0.0315375613554709 0.049594491214809 -0.327902879719384 0.240691876381895
-0.0191292518889846 0.0584460023155282 -0.140839280996977 0.303013791244222
-0.00776917887319295 0.0412375045515553 -0.0201357031217781 0.299755269444851
-0.0300717414842179 0.0152572996526385 0.0165120696642784 0.311365013825055
-0.0293135265848978 -0.0193416559064429 -0.0268107517231782 0.326300741725535
-0.00880031460795476 -0.0222981660852488 -0.140693296665114 0.300935739441304
0.0188165848003348 -0.0457837851920872 -0.278873393950285 0.224952766683325
0.0836849744453786 0.0115829787579334 -0.42588073952116 0.0726181821897464
0.0751229658482295 0.127837780396567 -0.526889658134436 -0.0162890131659885
-0.0281152097036624 0.160508951378112 -0.580018435358565 0.190130324345923
-0.0836299377617093 0.215254128003308 -0.357977925057226 0.164462165633579
0.0601284054143559 0.134824693172508 0.13759201071174 0.0968985542874259
0.0823869192202177 0.0183727389077093 0.0888508971725324 -0.327600304731558
0.0472481765231935 -0.018865406380939 -0.245232473587724 -0.383352885817687
0.0438460180033782 -0.0092610556487376 -0.464498697785067 -0.0609895457994658
0.0352178300606836 -0.048541281018683 -0.34936622029746 0.216825368473663
-0.005756443753345 -0.056250852148329 -0.153302690945203 0.284801649818685
-0.00145494718095192 -0.0634475808006288 -0.0268022934274665 0.285041634950873
-0.00470072807666375 -0.093602241690925 0.0294217387054479 0.287525852687888
0.0690156450554946 -0.113803881799679 0.00955654576711223 0.315346895907678
0.132594669758482 -0.0347783513447824 -0.0880471259531729 0.320901972493792
0.153639819633496 0.0393590306141684 -0.237620512965776 0.27933200649848
0.0946435347335659 0.183859668444502 -0.391500365718533 0.134475087965396
-0.0673335992215834 0.288610030909308 -0.466309726554369 0.0213825108586358
-0.221319558277425 0.277068634951902 -0.492630946763176 0.165446648700882
-0.246661354306987 0.279773122483717 -0.308179430129857 0.0858726829399577
-0.0589738192885329 0.2993187998608 0.176180836987618 0.0883867233343894
0.116668666714935 0.18719128313987 0.162555935831652 -0.342471807620434
0.19782899000983 0.0414997465225891 -0.191580277156892 -0.438778116441899
0.174525746210232 -0.0493871395419892 -0.451329220084904 -0.125216914589661
0.1186329028847 -0.141183398088587 -0.348588113231179 0.155251796034018
0.0192416846248209 -0.168701449948663 -0.156588706569497 0.225131696481829
0.00355212332856211 -0.159654439570874 -0.0306471464409875 0.228825913934568
0.00609451667243533 -0.184119705931897 0.0494006744121925 0.224858997456501
0.129413099731391 -0.20330990480214 0.0692197003883974 0.264145655231747
0.238921124798764 -0.0806645249390101 0.0127888517691398 0.314031824639717
0.28778832929521 0.0582122545600247 -0.145553956877619 0.339606100054492
0.161082123290177 0.306171196674009 -0.32376732714949 0.222056317071894
-0.131042957106643 0.426534599979179 -0.393003247149766 0.0581643412473028
-0.349523566709109 0.375983315914247 -0.355278412117962 0.112390377873112
-0.390473574243041 0.284267076564212 -0.179924567788926 -0.00690802469968515
-0.214595708965346 0.414917368851507 0.247507100813559 0.0662694464946219
0.0922309162649021 0.356326923267494 0.261699876510111 -0.329248208970569
0.315511875956082 0.140376226299008 -0.0861224861651194 -0.469465381275311
0.298486416355814 -0.0601683070143379 -0.380115958091597 -0.199062109235935
0.202997458078454 -0.207900515276676 -0.309904755156246 0.0605838201876287
0.0510162770919238 -0.258450280596447 -0.143108826213937 0.1277276322116
0.00771228659869273 -0.233655666320579 -0.0296770282361658 0.142071543562977
0.00507549361387223 -0.246188553690984 0.0668153198990503 0.132314324389225
0.151688347123297 -0.26760477502615 0.127181920475329 0.180351196154909
0.295500564067029 -0.135782388760088 0.12321654377888 0.264688439640212
0.385724439594351 0.0293728610532696 -0.026406760489266 0.364175949929604
0.236839166733072 0.361719208865287 -0.227653271218668 0.288766349677964
-0.136499333761023 0.503490905793794 -0.316088713226841 0.074995084012157
-0.409657775046225 0.428200365666377 -0.200272829911379 0.0328278903099
-0.471995172867369 0.231751437300271 0.0140805900812638 -0.0934110993461017
-0.355841513264098 0.433345334619098 0.338943574832528 0.0363216886506674
0.0103848894394839 0.46109178728493 0.361275088144469 -0.277527606990485
0.352982631811058 0.242447205235243 0.0485253011090041 -0.447520923391464
0.371357808644711 -0.037124206554353 -0.246755502866467 -0.25616636502674
0.259581573357683 -0.229758060352737 -0.229078739618101 -0.0519791172649099
0.0792932704152863 -0.305046957571332 -0.112743553080015 0.00789222481381411
0.0110024111318848 -0.27419731960252 -0.0253713231199134 0.035861967603698
-0.000708573027218314 -0.273680607750986 0.0792667843540038 0.0253012931887055
0.146508227309456 -0.293379061758304 0.1687313315306 0.0758167612054523
0.307113641067215 -0.168916908221034 0.212139063849632 0.186088680919338
0.420700945742305 0.00214291353662313 0.0804024267333445 0.345037177374978
0.265940423058141 0.366546095316316 -0.130923518010679 0.313524110312349
-0.13343053689365 0.502179035866535 -0.248013921268083 0.0661062087570284
-0.415489384856134 0.411217270679317 -0.046927782910517 -0.0573577566751251
-0.458162574826441 0.138194915846241 0.232535254904469 -0.159451664485242
-0.419280502300561 0.346776158012439 0.430058701377592 0.0096537647788721
-0.0831107321949971 0.448147633724324 0.432838443954631 -0.197316111909668
0.300942876312209 0.287679247375715 0.175232975030854 -0.372943670475377
0.364662138507081 -0.00287211529462998 -0.0878001572522583 -0.279522230420085
0.264649523687936 -0.206131595377791 -0.123008196418537 -0.158795928851602
0.0892176313188972 -0.296833510585482 -0.0727548411502547 -0.113995502268353
0.0130222562706113 -0.270100589016964 -0.0179459619271268 -0.0744252046431921
-0.00460028679329326 -0.264771082633353 0.0865736319390118 -0.0813076962674002
0.129720358729912 -0.277485240710016 0.196218365080527 -0.0277970634917997
0.285530173613514 -0.167264329187695 0.273989590545899 0.104935497443809
0.396613878217689 0.0045042744666948 0.154830017622495 0.307744248473777
0.228232688103228 0.343196816739601 -0.059812424647108 0.305218144390979
-0.147416336099579 0.432109850137979 -0.189764828350668 0.0430656966156671
-0.38171753916964 0.319392493900155 0.0880649883828859 -0.134832304464517
-0.346606544417607 0.0310778075129587 0.425044235487344 -0.200163376282154
-0.368961178619191 0.196703028323537 0.494327918826812 -0.0110509208941104
-0.128444872977797 0.326611039737934 0.461407450102533 -0.118397812234738
0.197820230214299 0.246679575889622 0.258617472590869 -0.282608759245767
0.280400699852383 0.0158684595175476 0.0490661619122775 -0.27780961955291
0.21192808050235 -0.150489713433217 -0.0262539063504713 -0.243113535896076
0.0785833642712552 -0.236338556946501 -0.0371588307462213 -0.21570002812059
0.0132016645581698 -0.222628588050209 -0.0104154704021056 -0.170689043047926
-0.00126366548175895 -0.220400567682885 0.0912991254075775 -0.173283900254638
0.106116538937702 -0.226329550457941 0.218143616548743 -0.116410090001494
0.239322431804663 -0.135839243855675 0.317904091577459 0.0419294722600012
0.328893632745313 0.0312719893300801 0.201033645221013 0.275264099411484
0.144768021647969 0.303041376246743 -0.0160845074687535 0.286121405329571
-0.169622305184215 0.312133894435904 -0.14358256218346 0.0205674056841422
-0.314695325773969 0.176156942974023 0.199023625016508 -0.179534705690529
-0.168170540760101 -0.0766503024066517 0.544397592541685 -0.222729618607603
-0.229979375653188 0.0265221727766668 0.510181636623153 -0.0328771068430296
-0.115413271035249 0.152170454120479 0.462087948735585 -0.0708492287814204
0.0814255969733792 0.143279501669269 0.295208903667127 -0.223121890763514
0.149054526754692 0.0174284301680381 0.129522121882237 -0.274719744262778
0.120313678905546 -0.0753178919727275 0.0310602444918783 -0.296369721142591
0.0514414638026905 -0.136994615196974 -0.0161996712304655 -0.281378262070454
0.0119629716059886 -0.138779156857962 -0.002652587504248 -0.238397057486477
0.00456357287810452 -0.145686487892912 0.097356896044674 -0.239245943781724
0.0756597615989563 -0.14941782262928 0.242673485020903 -0.177498861633102
0.172180510399427 -0.0890885765483664 0.356791861774778 0.0064811139522074
0.228928222315302 0.0598040994346884 0.231873342933983 0.261902958641231
0.043961764031408 0.236924137663195 0.00398985557034898 0.277668407191647
-0.174914477385639 0.163367637382818 -0.109208765052332 0.0122609183832926
-0.212209387234181 0.010463685370299 0.278572189890399 -0.179748482991887
0.0681567928461828 0.101057336513005 -0.318323062335783 0.227698512420126
0.120217565369071 -0.0429772931405061 0.136742414051394 0.0889818250938349
0.00400973853254409 -0.110569694500451 0.038411590594498 -0.301141435695652
-0.0969620613613884 -0.0329876839720811 -0.269771070635713 -0.314804222983365
-0.0631506808399284 0.0474959276959184 -0.431393332592964 -0.00304022564427475
-0.026884871959782 0.0510640027499793 -0.305737277118608 0.250992455186349
-0.013851208576432 0.0581108654079411 -0.121195251836879 0.301489306416366
-0.00391687369967664 0.0403441495852703 -0.0025416517179598 0.291323789733371
-0.0285939479709683 0.0176362481941434 0.0342578624352871 0.302125344553116
-0.0301915846871928 -0.0172263164622616 -0.00786487162845868 0.320683102737582
-0.00876591929342205 -0.0213299594033167 -0.124135551125029 0.301913864321387
0.0171570260559441 -0.0446702698558415 -0.26330302011094 0.229846655230793
0.0829052061785016 0.00817967811063698 -0.415358734114547 0.0872758276650307
0.0799219207878164 0.120314334289589 -0.513983359925805 0.00681801614843667
-0.0208063500077858 0.157518010261809 -0.554336823391431 0.210996220591211
-0.0729678736497328 0.21444686720977 -0.339340490382303 0.17717998876342
0.0663255111714062 0.129188760041924 0.141710948818738 0.091320489522294
0.0805536070591767 0.0134377398524752 0.0724296708314438 -0.321044877526882
0.0439965809681092 -0.0221485348593169 -0.257815740879213 -0.362950810556449
0.0429800159120322 -0.0109410049642357 -0.453746423383513 -0.0374528013545862
0.0320885659708112 -0.0483847300350952 -0.327368531460299 0.228984980112931
-0.00792671037857103 -0.0541388125408717 -0.13537761380243 0.284672357327044
-0.00359978911317037 -0.0614429171274089 -0.0108342294330075 0.277247743643752
-0.0102029936604743 -0.0891735486818146 0.0451020626818777 0.278905317339928
0.0599031432266812 -0.115063866319035 0.0277129866013233 0.308856922780553
0.128906111623684 -0.0417670313329293 -0.0712044949987866 0.319325967383626
0.151452125208861 0.0305167420097564 -0.219391374593383 0.282273001241461
0.101755964837169 0.176024926578184 -0.378024913905839 0.145458379174455
-0.0519220779628852 0.284594453965209 -0.453918341448569 0.0406744370114552
-0.203111281794084 0.278414315745373 -0.472397923278883 0.184196276179569
-0.23006536863459 0.283289457987384 -0.293313139736572 0.0986476849569066
-0.0418914980351208 0.29546898770914 0.178978979839204 0.0821757959879722
0.121376774552835 0.175881248151268 0.144211425715829 -0.337723358630135
0.192820661804932 0.0287123318653581 -0.206387195392233 -0.419635660284638
0.167022088835406 -0.0576110926344944 -0.443257897057624 -0.0991439721383013
0.107222785032338 -0.142903285651596 -0.329748471531153 0.16874078671804
0.00895179919844053 -0.164039523126615 -0.14138872515901 0.226369757342382
-0.00429806608633329 -0.154337604101237 -0.0174048251040292 0.224336016570614
-0.00415243733246869 -0.177868394182893 0.0605285494305444 0.216690083377903
0.113345597226163 -0.205076307702152 0.0835981753556702 0.257362809203686
0.229609271227968 -0.0922356027384002 0.0275189931646998 0.307479841157724
0.282959951926253 0.041605274895475 -0.12566445638699 0.338065054106855
0.172160477657331 0.291391150553376 -0.307324787088543 0.228159226131555
-0.107488763490032 0.423249629839119 -0.380890932685395 0.0736526651533608
-0.322894202075522 0.380206257396975 -0.34380299207497 0.126882918481455
-0.371270882939799 0.292255148521448 -0.17277323944811 0.0032785195962816
-0.188256642892595 0.41544454026292 0.246913663100042 0.0584490586424258
0.104145002142733 0.342004938808598 0.242756460763939 -0.32908787906442
0.311626357047366 0.119333454961374 -0.105803563830847 -0.453262348105094
0.285867140791567 -0.0737339050412555 -0.37592228141633 -0.17355353375324
0.185357477107332 -0.212446466243449 -0.297215812095786 0.0744640798983871
0.0342050047272416 -0.252204371993724 -0.134260874161181 0.131195379640115
-0.00432526900591368 -0.226110415573123 -0.0206330687182251 0.14019977148348
-0.00887048636059858 -0.238225275164878 0.0719931000886027 0.125681176822443
0.132496382861513 -0.268934450493366 0.134996648899422 0.171121414775615
0.28268708485696 -0.149024616308628 0.134224313947907 0.25405672115096
0.376261436488926 0.00892498362117731 -0.00741950314406089 0.357574677102264
0.248773847968071 0.340899775138367 -0.21088462421769 0.289333787413398
-0.111156425157196 0.499150642782495 -0.30548191880375 0.0867182447981653
-0.37934647738274 0.43583735850599 -0.19725779016328 0.0415391090277055
-0.451564185230494 0.243421121733232 0.0110607952361741 -0.0900432384047074
-0.325733934048588 0.440134001543699 0.334436859657145 0.0267855481344605
0.0285678780174312 0.44744665824612 0.342518793709302 -0.282126013527118
0.353955428774641 0.217157335409157 0.0290264813012996 -0.437419824264008
0.358115192138428 -0.05570343017122 -0.247962352954652 -0.23501148628934
0.239140677666088 -0.236761825531546 -0.22300523096588 -0.0398286383843691
0.0583330102953851 -0.298512036274066 -0.111620629372579 0.0123850661784324
-0.00442814561685466 -0.264393409099895 -0.0216393746294693 0.0368900140086439
-0.0156483112080149 -0.263998852210815 0.078344145287269 0.0205550643444077
0.126391225481026 -0.293431898520624 0.170821040789974 0.0676855693244196
0.291137863213819 -0.182218420929918 0.217940210712978 0.172809418281026
0.407672089395594 -0.0205132907742225 0.0961999025276992 0.33437011656216
0.276506241081538 0.344023330324772 -0.11452641784891 0.308527190082013
-0.106489169850684 0.497015890244787 -0.239631344878879 0.0753424998523624
-0.384601780139336 0.418354089162011 -0.0534781897351024 -0.0532916398488887
-0.441490662493032 0.153713253810827 0.220813677973496 -0.163358920154793
-0.392024638263129 0.358624763694591 0.420801505568291 -0.0027856344382518
-0.0633128168721177 0.438496453812167 0.415370006627544 -0.207681775635054
0.304419686386371 0.264191902920718 0.156208362643057 -0.369517284182029
0.353259884789354 -0.021863908204139 -0.0930594599711427 -0.265056449807642
0.244436048312819 -0.214344731899492 -0.125440227407552 -0.149741197444761
0.0695092348942211 -0.291531394396036 -0.0793069801464681 -0.108085554560814
-0.00137621942561802 -0.261757497707036 -0.0203468288662009 -0.0698729190145882
-0.0187654029214446 -0.255205126132461 0.0808147968977376 -0.082951822046003
0.110575928870419 -0.275683204223414 0.191196975964496 -0.0346829297278582
0.268817808381412 -0.178400840680905 0.274010324386697 0.0900953216623885
0.383154736900075 -0.0166731148560935 0.168241950015585 0.293725933189563
0.238962537355626 0.322473156991201 -0.0447051152939683 0.29796102397031
-0.123273924063358 0.427209222620008 -0.184877419709411 0.0506136769017539
-0.356017730704376 0.327086467070864 0.0745250977916261 -0.134473450986586
-0.33693056691926 0.0440597943363422 0.404748171579819 -0.213062719687485
-0.350496899788894 0.209641792049141 0.481466987265358 -0.0262389209424553
-0.112127012728746 0.323329373040212 0.447079593712948 -0.131799727155158
0.202501691799561 0.230187433248235 0.240917753094315 -0.285097025283046
0.272262189935945 0.00112587737861773 0.0399066800268696 -0.269797148128147
0.197429925500297 -0.157211245193296 -0.0363172824443478 -0.237476763294071
0.0625272900717074 -0.232297031066713 -0.0505666914341354 -0.208929819213385
0.00113712299213409 -0.215684810543769 -0.0190086034507102 -0.162766227478939
-0.0130488046136021 -0.213063961517383 0.080593091037298 -0.172031333101671
0.0911034664477559 -0.224721933616823 0.208053072058933 -0.121848238848619
0.225648264762391 -0.14449465961233 0.312941054622821 0.0264100340169058
0.318883680443925 0.0122548714000769 0.211595198663927 0.260495750993319
0.155113049737464 0.286879181804224 -0.00248638218548014 0.278398740969034
-0.150823798714861 0.312075059262952 -0.140751851329986 0.0268640083259534
-0.297572655646262 0.183993378579962 0.17963485508685 -0.183410169524765
-0.167063737297836 -0.067996899880089 0.521017151727516 -0.239137932177457
-0.2231593737599 0.0358008818264562 0.495527730271674 -0.0498181396123887
-0.107360906336273 0.153131786175694 0.449388416684577 -0.0870071710080537
0.0848114435646639 0.135937987873117 0.279887267393833 -0.228514201524489
0.144692762590967 0.00895479699214227 0.116619518274755 -0.272139544463339
0.112025519954426 -0.0786828449747669 0.015422682070688 -0.292307560876771
0.0423434005583102 -0.135067431285635 -0.0340901260136168 -0.272853260706711
0.004820748083544 -0.135255144596441 -0.0157177811267324 -0.228402068836023
-0.00269519183072799 -0.140916390859274 0.0832374046009093 -0.2357132499094
0.0661977923101058 -0.149233890071627 0.227232588001391 -0.183190634361123
0.162218469115243 -0.0951587552389725 0.349070801372274 -0.011679843613553
0.224366883413174 0.0452687780995228 0.241236853045287 0.246277449827556
0.0540007356407826 0.227469018206688 0.0162199482923602 0.268584370371866
-0.163525269069956 0.165976955707685 -0.10884110578988 0.0172271036062653
-0.206040967055978 0.0176921598516554 0.256905147391722 -0.187175449627204
0.0708996711497236 0.0993893662161121 -0.301714358107625 0.236663373688121
0.117117253080995 -0.0475543756820169 0.140842830259112 0.0836039597869775
0.000412402368109795 -0.107891640430713 0.0258967612189576 -0.294885492019607
-0.0970816926382682 -0.0279656055155352 -0.278151031180622 -0.297104331794605
-0.057987415844474 0.0496471785900365 -0.423192674041394 0.0132132171559699
-0.0226093342551764 0.0519278722864817 -0.286336074329425 0.260908801226083
-0.00912676759914274 0.0572950057054019 -0.103952453459072 0.3022791993587
-0.000240698874269874 0.0385720831425584 0.0119810768079174 0.283502497389772
-0.026749603069085 0.0197733466837564 0.0509645804749164 0.294835883349298
-0.0314828961704181 -0.015704014611634 0.00950215571276808 0.317236722206555
-0.00863058698341648 -0.0215521843705481 -0.109216463811557 0.303420343982031
0.0155730659227134 -0.0449490305533149 -0.250143636494908 0.233677518174366
0.0824281654576236 0.00564841992519407 -0.405959119777938 0.0989475372126563
0.0845939170515881 0.114009015143757 -0.502671180889233 0.0275736083276424
-0.0146553435432777 0.154756595270501 -0.532589820726701 0.228784417915358
-0.0643781016865284 0.214808032453502 -0.323336541816512 0.188232203479098
0.0722474042500401 0.123826755908232 0.146827169563261 0.0860045406803915
0.0800288385953259 0.00963763871584341 0.0592702307054439 -0.316515754432375
0.0408957149256742 -0.0244939612211524 -0.269298198143588 -0.344897811927745
0.0421533720137617 -0.012793555488882 -0.446540826701995 -0.0170892224432433
0.0297010161602576 -0.0481009005365209 -0.30905486357626 0.240300300664765
-0.009978008245386 -0.0518296835997702 -0.119200010737072 0.286076659269641
-0.00509252042291773 -0.0599366204622367 0.00403243027380056 0.27040146839984
-0.0138995245644548 -0.0854979763074459 0.0592345698377274 0.27177198790817
0.051790049642487 -0.116046577974296 0.0438635363884109 0.304338145003935
0.125583951815745 -0.0485198289857676 -0.0567595520232695 0.318967865844881
0.150455117517258 0.0225512840028965 -0.204417255744693 0.283576232004329
0.108274345674482 0.168672987020985 -0.368097884031816 0.155513512900829
-0.037815529631665 0.281377106565531 -0.442881415502987 0.058259476972163
-0.187279898238145 0.280884105010606 -0.455188959566815 0.199314213899293
-0.215564903347966 0.286932859913349 -0.280414178505707 0.109167165260986
-0.0262153704509357 0.291865452131153 0.182779140463318 0.076295125626906
0.125639853439338 0.166316308486266 0.128594208580774 -0.334115435757375
0.18802983845822 0.0181189440664378 -0.220354343691491 -0.401953876993075
0.16098933587947 -0.0645336009115533 -0.437071836163982 -0.0757871691351326
0.097836536737554 -0.14521191912627 -0.313891280213367 0.18027737875908
0.000516706295646331 -0.160033921740394 -0.129256052047006 0.228899519570623
-0.00985007789797307 -0.150827595776679 -0.00547057002489776 0.219675673676861
-0.0128695595989582 -0.172461116212489 0.0705352173645192 0.209611286725459
0.100138231323658 -0.206991843469324 0.0966496952889968 0.249668391172327
0.222265043154556 -0.103108813373676 0.0416365324525973 0.303180390473018
0.279566148795565 0.026488147300481 -0.108722394309306 0.336810176024123
0.183483748162937 0.278546860955746 -0.295267400712779 0.232947246263374
-0.086308106036588 0.419963445345294 -0.371377818962094 0.0887646870557728
-0.299449147572048 0.38514134548787 -0.333969668073392 0.139056349635332
-0.353867980480087 0.301276829837801 -0.166321528524635 0.0115163765634333
-0.165005230821845 0.415357265905572 0.248713981446381 0.0519617389712354
0.114385036712613 0.330548038791844 0.226789333982615 -0.329548260350564
0.307509390712334 0.101880596696628 -0.120956563400154 -0.440732228849611
0.276176120784266 -0.086738999357757 -0.372123148224077 -0.151265627202396
0.169507283948123 -0.216265347048595 -0.28495789315088 0.0857579238707837
0.0201543305835602 -0.247574650807593 -0.126996467828103 0.134615232494601
-0.0142599619201681 -0.219708439788423 -0.0130440792699014 0.137988615131057
-0.0198598857100672 -0.23083324492567 0.0777025919845957 0.119775581496994
0.114564723465395 -0.270401829270994 0.144498788423097 0.163688777387877
0.270539957756555 -0.161752547955561 0.14424725375976 0.245061546941746
0.367668118652438 -0.0102565367853578 0.00928479571164869 0.351495329777274
0.259725281558245 0.324381535937634 -0.198209918743414 0.28920573661433
-0.0848268965706202 0.496177515950413 -0.297306039013959 0.0987664596092488
-0.352528988535538 0.44147556601007 -0.194158229750127 0.0509080408353268
-0.434534894679425 0.25663674915622 0.00987809311903964 -0.0871786016944848
-0.300057439472989 0.446676339357344 0.331662213591468 0.0177476013800404
0.0454190783037216 0.436737387618149 0.326405845165161 -0.288168499711546
0.353132226538376 0.196041142120175 0.0122383160995307 -0.430115046869892
0.348165998299244 -0.0721861539173275 -0.247949920142585 -0.21815666748889
0.221524667398487 -0.244125752561347 -0.218252200754679 -0.0306041065049866
0.0399805186676546 -0.293289661475735 -0.111506663606351 0.0171909928883752
-0.0154447919544638 -0.25721216544572 -0.0183705351547832 0.03770980192579
-0.0289940060106854 -0.255556658520782 0.0780379353383865 0.0167636098644835
0.107791069782783 -0.293375244571109 0.17384666318483 0.0601755956462186
0.277622642549703 -0.194110111744536 0.222826834484245 0.160405640540436
0.39717949212684 -0.0407604560758762 0.111909168399008 0.325467181217316
0.287016862434927 0.324047032426308 -0.101799553955799 0.304725862733815
-0.0822636813514542 0.493914851460666 -0.232317304531507 0.0829919502023072
-0.358745348012269 0.42414333823622 -0.0590490895316922 -0.0478586564162979
-0.427657455848406 0.167529487466041 0.211261800522092 -0.167323798633636
-0.369118719221721 0.36933689530555 0.4158908373384 -0.014360734436365
-0.0444813800257548 0.431665748105416 0.40178426887548 -0.217916593337808
0.308882332899271 0.2444652340331 0.139503526483054 -0.368186258346865
0.343721268126577 -0.0378447087712285 -0.0970071394086303 -0.254618538216898
0.227957660066256 -0.221179124925824 -0.128312313836663 -0.144208100036516
0.0514058481237169 -0.287071650815482 -0.0863166660849612 -0.102875176215043
-0.0144711725245415 -0.253826114159379 -0.0228134124895681 -0.0654353473516086
-0.0308080619028708 -0.247020290841248 0.0752803421520456 -0.0840489868718035
0.093671445214874 -0.275250566869538 0.188337506216659 -0.0414774826979951
0.255404787919927 -0.189185400175712 0.274986283165861 0.0771821855167465
0.373422473009876 -0.0378491499350104 0.180391349755064 0.282709641479901
0.248933441426931 0.305552423702126 -0.0309387800597226 0.291521853921502
-0.100495067534277 0.425959064949859 -0.180051494159321 0.0563395233687701
-0.334072826744228 0.3346448403989 0.0621864160741256 -0.134449335455876
-0.329309568704048 0.0564417614360079 0.390000440191 -0.22307467243236
-0.334039532233576 0.220732127378473 0.472204273446565 -0.0408013614395355
-0.0989070109789737 0.321847321392979 0.436026243163924 -0.146575238098762
0.207175914962319 0.215861439565241 0.226322882880816 -0.287443963801328
0.265550553195672 -0.0122520279190729 0.032791890311406 -0.265195642088489
0.184247633065489 -0.162829183916675 -0.0462057758500121 -0.234022385115489
0.0487259843500971 -0.22839605348387 -0.0624872659189604 -0.202651117861617
-0.00888293414431199 -0.210308900984524 -0.0258791801819005 -0.15644576193603
-0.0236251425338648 -0.205895696851395 0.0710273241653686 -0.171327964911846
0.0781049692161912 -0.223926878338336 0.199872205796909 -0.128036716048899
0.214672584081911 -0.1533857402838 0.309658922555534 0.011789069231659
0.311056909400717 -0.00462421342522945 0.221918352369716 0.246928827756469
0.164826776538015 0.273354338912168 0.0090287395808293 0.271477788008812
-0.133840056313546 0.313098998482724 -0.138866679623636 0.0315056645223757
-0.283729630382614 0.191336926337738 0.1633991003949 -0.185586509961806
-0.166352725234263 -0.0606312504430349 0.499651644961474 -0.254153118032353
-0.217307410826243 0.0448942869842097 0.483719207756859 -0.0630076913353676
-0.099898577610199 0.154087703113806 0.439761891429976 -0.102217470285908
0.0880751561945469 0.128992062596174 0.266125044381997 -0.233502466778906
0.14103808069345 0.00195235123696366 0.105832953305285 -0.271408157647563
0.105827441888461 -0.0826126640554852 0.00105843949692811 -0.29021218698531
0.0348848318553269 -0.132490406323055 -0.0490465216659744 -0.265373575291221
-0.00103571520405596 -0.13220699528012 -0.025891840081939 -0.21984718931265
-0.00942069813106788 -0.137192873232486 0.0712333006426484 -0.232646356025571
0.0580589874582519 -0.148166402121706 0.215644833816099 -0.189171328027239
0.153985799181524 -0.100777350830335 0.343482666501526 -0.0260867433587826
0.220928166544959 0.0333685370226556 0.249212731626263 0.232521412160927
0.0633553220543842 0.219893270846253 0.0276395714690725 0.261702564618646
-0.154005566788657 0.168962507039311 -0.108424194308688 0.022495881004136
-0.202363914288245 0.0234744331514243 0.239409232706285 -0.193429153369789
0.0499740814147171 0.103336200656226 -0.330093431972942 0.183416466094416
0.117343072282765 -0.026768565585496 0.128275621221893 0.110676926534069
0.021418437600208 -0.100226425593123 0.078603486609105 -0.277051261071613
-0.0810322389380112 -0.0407023094841715 -0.222383248675727 -0.335426971805219
-0.0568482071769942 0.0348516044217175 -0.409817224851117 -0.0566909152008284
-0.0257816617962629 0.0443244818070986 -0.319519170694066 0.205483681065469
-0.0145126998033456 0.0531014246263974 -0.152409713321883 0.276333262744623
-0.00464441695378505 0.0365145273142536 -0.0351679983821501 0.272418857696753
-0.0284939082651623 0.0150575024089439 0.00161139959228172 0.293595864078044
-0.0270914613271184 -0.0206681904750461 -0.0446333657446122 0.306836268102943
-0.00366767649613794 -0.0230964710531069 -0.158568686038166 0.273982394723806
0.0247177868789177 -0.0374663878545294 -0.285042233767052 0.176265597215867
0.0781489903340813 0.0249730199262729 -0.414792448918076 0.0230921301090444
0.0596222700262022 0.128110048294681 -0.501175690423864 -0.0601648575403837
-0.0427569696747936 0.145851193921246 -0.572321886891446 0.125836799557427
-0.0970199444341481 0.188499184434357 -0.345665927939455 0.133912515530799
0.0494178715417815 0.128790239292227 0.127311607479581 0.111808214093478
0.0777045170201557 0.0245724935678531 0.109909529514669 -0.289028129933092
0.0467088613891713 -0.0161030796138923 -0.20316732293105 -0.376550037425817
0.0485913461931682 -0.00829603906859048 -0.428374179065237 -0.0874888773584101
0.0393296378243492 -0.042950468865715 -0.336995403174198 0.183212151729423
0.00062120829969857 -0.0503270515461422 -0.165458088591341 0.258574752152847
0.00669876714767381 -0.0606724470770039 -0.0417727114415664 0.259753126269894
0.00178955169433722 -0.0843637622391763 0.0140374789882191 0.272600602379596
0.0690175395909828 -0.103858102730762 -0.00644305026038755 0.299263784689333
0.130951877735697 -0.0256506021541431 -0.103970027378209 0.297777541486285
0.141069932339305 0.0512011969898268 -0.24503830415091 0.236976521360077
0.071438228586309 0.187623590497489 -0.386716276981084 0.0905395529896813
-0.0891777864982091 0.268028078132413 -0.452569538558109 -0.0197792167660938
-0.232664586748386 0.235117567405694 -0.490801526994158 0.11349948187336
-0.253598471790186 0.231913438237093 -0.292853204894152 0.0640282542041774
-0.0694382551836016 0.273402079430381 0.158802346726953 0.104081380570493
0.0953929305666213 0.181527930066807 0.175540238769443 -0.294218805680955
0.177339504718115 0.0475117552499152 -0.147400095781215 -0.421755978377501
0.169509760664706 -0.0369393030236223 -0.410154432988128 -0.142067398077741
0.119056653007409 -0.123764277584459 -0.331327403388968 0.127522206457192
0.0266067390164258 -0.151937515520215 -0.164194801005806 0.200258188617939
0.0162503113156073 -0.148378180603969 -0.0420464228681165 0.209083710300419
0.018091099323195 -0.166937435197356 0.0347823394644433 0.213603746918513
0.13045292906419 -0.182706677288893 0.0556269921546741 0.255802097898035
0.233893239002355 -0.0619534492186089 -0.00441364286668505 0.297238746308302
0.262526503296491 0.077506897701388 -0.15757996067604 0.306857976539317
0.122108908489692 0.309078617933591 -0.326725240340597 0.18248557740538
-0.160713504136819 0.392825278501168 -0.388595999221965 0.0238264766191954
-0.361074380275509 0.31539597014356 -0.360617805850111 0.0777644393917174
-0.386445047613921 0.222865055819919 -0.168008174548799 -0.0128246706687552
-0.22063730112653 0.371191096980672 0.222168791056798 0.0857529670592327
0.0571054773085247 0.336954598502607 0.264637454829061 -0.273478810951217
0.275848770938971 0.146254268697897 -0.046701845442437 -0.43976962587245
0.282027214444538 -0.0377573833953694 -0.335585233694905 -0.202113583528696
0.198733747558098 -0.180263184337136 -0.287437107242411 0.0409435526424096
0.0571483653231618 -0.232303901146622 -0.146255518711263 0.108056464822928
0.0238620692035889 -0.216627304444087 -0.0358567296829182 0.130562467940449
0.0202891204903581 -0.223511278779764 0.0558273488216323 0.128077532995954
0.153438571574673 -0.241453168644677 0.11659112847222 0.180615476324708
0.289496430948103 -0.110483704368159 0.106845062553261 0.257334118882427
0.352326925082519 0.0571552127461983 -0.0421710922045058 0.341545617571018
0.189417836490257 0.367520653345968 -0.236242696685948 0.255238137591834
-0.172963743885358 0.467494566098609 -0.318859335098742 0.0471987508449645
-0.421295844343577 0.360439581680245 -0.20636431878991 0.017518678670445
-0.457019677817946 0.167720607717158 0.0179372776438322 -0.0810299268361061
-0.353559264850241 0.382017025556425 0.3078406026311 0.0610131544836087
-0.0276829724819179 0.428416150896476 0.351915307348786 -0.218954752894961
0.300965194133872 0.242475026591046 0.0785035524054319 -0.405417885635094
0.346279133418949 -0.0110061715766618 -0.206335456036645 -0.24675604605421
0.251008784304862 -0.197137942315241 -0.204028174894441 -0.0604637348938512
0.0834148702303778 -0.273771400159507 -0.110217653803316 -0.00333902615571534
0.0276655144560671 -0.25260352016042 -0.0238338833872243 0.0341578612509678
0.0162180313152908 -0.248464040406746 0.074124808050233 0.0288163638943644
0.151227836209609 -0.263668972851879 0.162550442300157 0.0852247053296087
0.30118886891279 -0.140135191441132 0.198184963903571 0.188362148700567
0.385321448756795 0.0327490357302475 0.0637280034527051 0.334347329024644
0.214960560977146 0.37287938879215 -0.144041059249398 0.286641169403999
-0.169497308036534 0.464339855438971 -0.252352533341341 0.0443306679543557
-0.425005729150303 0.342003030376133 -0.0534499625302263 -0.0557263082767059
-0.435130660213743 0.0872238101379861 0.226231033564589 -0.128248299848953
-0.40744706293659 0.300230155686027 0.395315769727985 0.0411763925050973
-0.114125348126118 0.410628544482685 0.411325444348217 -0.14201538451646
0.250015431471254 0.281772888715835 0.191039971287468 -0.326263765451477
0.334974057499164 0.0211733185263423 -0.0544607268581496 -0.258887804507355
0.253373609555295 -0.173791066207536 -0.099402802223224 -0.157128732764323
0.0920399268972722 -0.26480376395923 -0.0662557770397524 -0.116331711194032
0.0288036059886267 -0.249379100826332 -0.0107368504018603 -0.0649011467455517
0.0133380147385508 -0.239885256790348 0.0875484079217728 -0.068709328366046
0.134398585859912 -0.247965437274327 0.193031678518582 -0.00894322539548912
0.279441328601083 -0.138108393754712 0.261233650688352 0.115529413596708
0.361733746989849 0.0309272110019766 0.137704812411206 0.305405341258908
0.183325507376921 0.345687685899201 -0.0734450252499016 0.285819509549359
-0.174979969341837 0.39402391596419 -0.1956375948829 0.0265910275477493
-0.383432091871308 0.260634775808461 0.0826134634909898 -0.118900356869544
-0.322809446972922 0.00186276672644492 0.409720038120555 -0.154676583413879
-0.353153648089377 0.163115446134951 0.458184821182127 0.0266482409139063
-0.148560231927999 0.298088974077118 0.435387037273568 -0.0692793603802341
0.158635805735171 0.239507269931797 0.262736321545967 -0.23382255467903
0.254517051070744 0.034730447933781 0.0738596927391617 -0.24984510068496
0.202113501327947 -0.124485039340437 -0.00549452027619898 -0.232535919611506
0.0800435545462686 -0.210085812236366 -0.0267612403202631 -0.209387005218361
0.026329951361701 -0.205784274013575 0.00122919968672924 -0.151792386081285
0.0131664142487615 -0.199837934139268 0.098032270663233 -0.15234486628523
0.111874000664142 -0.201410942006063 0.217765653016302 -0.0888255360910004
0.232320100637605 -0.110652987022352 0.30405567778715 0.0597875591904743
0.295723729636208 0.0493921529329226 0.182767845530755 0.279950985945222
0.107916839840882 0.298511782926166 -0.0315909347942262 0.272393444735755
-0.187518112605155 0.277478819599769 -0.150627480826953 0.00943663266940772
-0.309498019278368 0.130101579125684 0.192482182671226 -0.152007039318785
-0.149138798614974 -0.0792515477716894 0.523716018753897 -0.166962255905821
-0.21598383611701 0.0156344569658113 0.477584380727057 0.0117879884380596
-0.12386140032631 0.137863753781549 0.436054953905842 -0.0259890637744132
0.0613130811312105 0.140019362162379 0.293609355120039 -0.176841060669614
0.133544926481014 0.0287608327923647 0.147194354669804 -0.243781726040666
0.113752885956898 -0.0582983870829211 0.0485013124273617 -0.282505831669745
0.0526432284178602 -0.120924726431076 -0.00245787386694782 -0.268135662799003
0.020719329551555 -0.128618563553941 0.0117768703767954 -0.212742649472521
0.0145506426266752 -0.131560636270764 0.109280707480667 -0.211609305173605
0.0797066746918511 -0.132216255837147 0.241473914313004 -0.14428370561254
0.165250330799774 -0.0701445585031407 0.340843744985617 0.0290804778623215
0.203489027362937 0.0689220663106177 0.208963769853679 0.271524499684088
0.0198909063344426 0.226480371589456 -0.0150919267552391 0.265431514718086
-0.181107444536342 0.134274485719069 -0.117628280870724 0.00305689623335735
-0.20090897818667 -0.0159184467229712 0.269123034231288 -0.146044890379012
0.0525299635399689 0.100222506036955 -0.312657133325728 0.192752846597432
0.114381746568849 -0.0314597919399062 0.132876426372511 0.104675291219132
0.0178837374146826 -0.0985729818166693 0.0672771263301117 -0.271487970083857
-0.0804764668532224 -0.0362008616641696 -0.22792878761222 -0.317124750563719
-0.0525976691411203 0.0359649003075449 -0.401266039716473 -0.0388608753475975
-0.0215190386080397 0.0437318537142147 -0.300025968008971 0.212373397403312
-0.0104424874713376 0.0517650858464324 -0.134288407123408 0.275817616914035
-0.00191457339797767 0.0340779790645448 -0.0218419145402744 0.265611301953946
-0.0251087148513089 0.0162879439902355 0.0178396629118037 0.284186183368071
-0.0277238250348476 -0.0186026523628269 -0.0283869860273377 0.301138383123166
-0.0041594101638104 -0.0225753193719504 -0.14414892716927 0.27412574446753
0.0224210242060075 -0.037511034580413 -0.271553376793896 0.180248613883046
0.0780240520197959 0.0219733431298982 -0.403599309792945 0.0347079252864814
0.0640574395921466 0.121411914656248 -0.488110311506682 -0.0425727274646441
-0.0373414598231324 0.142670133011125 -0.546775812180732 0.143585001591319
-0.0873589311499854 0.187967591388796 -0.329347231704979 0.143619474916803
0.0543784772142453 0.122090560256738 0.131999268850273 0.106088882330134
0.0765268715116612 0.0197436092072553 0.0974092218349829 -0.283112828134398
0.0436394491656333 -0.0181950058482057 -0.213702232820863 -0.357423686387151
0.0470288255807662 -0.0105799973787133 -0.419162950607614 -0.0694358179817633
0.0367219168196761 -0.043962059111905 -0.317160414798407 0.191996925283862
-0.000869172050927017 -0.0488154570759227 -0.147286814922358 0.258534373961116
0.00497872580102585 -0.0597066711085673 -0.0287521314604083 0.253125361342013
-0.00134914220414766 -0.0807683360232831 0.0276528633623024 0.264323382750309
0.0611203845687178 -0.103779585185111 0.0101934088403402 0.292113025543766
0.126792977620798 -0.0318433973064974 -0.0893796541938657 0.295102546971343
0.138978676870508 0.0426363974677673 -0.229401262399315 0.238652976189862
0.0775322393972906 0.179704290019143 -0.374442784706873 0.0995568019168422
-0.0750388982756742 0.263447858751651 -0.439092723572208 -0.0029165284780354
-0.217326643448653 0.234743504030596 -0.470096069889606 0.128943983911422
-0.239244230115219 0.233963923044792 -0.280790534398121 0.0729294180118314
-0.0555230041876126 0.268497917885293 0.162605271500463 0.0976266733686395
0.0990511531202984 0.17129448580268 0.160832778922101 -0.289758556198631
0.17240352380513 0.0380865221906351 -0.159089280494403 -0.403420996889902
0.162899019063351 -0.0437951189945907 -0.401884856946577 -0.11939793995894
0.11005501868355 -0.126055655067678 -0.313176964773829 0.136328080769186
0.0186697358917266 -0.14756259905024 -0.150687748173279 0.201503354572074
0.010240674716334 -0.145254289464225 -0.0307309524760464 0.204998274843155
0.010019778697187 -0.161519100499327 0.0449775697033227 0.206700453925033
0.116579465821592 -0.182954819027895 0.0688277837391337 0.246979339543628
0.224714103835689 -0.0720875277243954 0.00834653367953977 0.290902590408468
0.257991078656065 0.062406090394019 -0.13992892401917 0.303503114832863
0.132672934336842 0.295439481372359 -0.312921394116123 0.186958355675358
-0.139117610047385 0.388847820663866 -0.376675516638631 0.035934385679534
-0.338293034094256 0.317149352841429 -0.347131751298605 0.0910576904298464
-0.368176464989031 0.228650671522211 -0.161246727393243 -0.00578030345363498
-0.197458096004167 0.369176560727185 0.222907675519832 0.0785753770324183
0.0669448818504315 0.323781472945681 0.248434417926648 -0.272680487611416
0.271269900727015 0.129320214050214 -0.062355967663675 -0.425018303339938
0.271061204019272 -0.0496484667915456 -0.330575317010469 -0.181570472076682
0.184005390543855 -0.184242206359626 -0.275224691994295 0.0503384904805659
0.0439197287247606 -0.226675043948821 -0.138495955615084 0.111398456002125
0.0139059923752027 -0.21109009483552 -0.0281896828032858 0.128381241549271
0.00993494978339844 -0.216023377107623 0.0613375836375098 0.123047948215768
0.136690795740483 -0.241272223523445 0.124762789328815 0.170523893080143
0.278271084196535 -0.122062073419268 0.115092141635501 0.246716754788745
0.344871426244959 0.038241022774873 -0.0256305337126896 0.334411373196422
0.199377646393634 0.348619622999725 -0.221575544494457 0.25479609267755
-0.148416729212846 0.461044725456277 -0.307749050055565 0.0564565991471333
-0.393997332447105 0.362929192128895 -0.201842641287223 0.0257095628052734
-0.438116263297036 0.179496489911782 0.0165493483331929 -0.0784745917268522
-0.327592018376889 0.385532999595253 0.303770931349872 0.0518510365094645
-0.0113318425180923 0.41735024209183 0.33412851155349 -0.224000783981863
0.300887503143639 0.221559655440142 0.0617503787122797 -0.394618626874167
0.334884802259523 -0.0264181314525745 -0.205914114230031 -0.230672161548516
0.233998214536707 -0.20275758084165 -0.1991420575409 -0.0535447130228716
0.0665251542062001 -0.267560940222631 -0.109423799153319 0.000865953089380337
0.0159902553258604 -0.245938674770797 -0.020945383333006 0.0348974092156716
0.00529575499492027 -0.239934713904385 0.0733255848273497 0.0256385798927372
0.132677209685423 -0.262764919522622 0.165202359010492 0.0770686540852949
0.287144776493618 -0.151186021227418 0.201671495154444 0.174734844286401
0.373650277029481 0.0130743491840223 0.0775793589702762 0.322966966263975
0.226173065052161 0.351130148302956 -0.129931386013279 0.28196491244677
-0.144236966521192 0.458650812861203 -0.244190788742461 0.0516571669370506
-0.398056836693028 0.345575075517442 -0.0576764559449841 -0.0505129007542572
-0.420961826440102 0.100995138113567 0.216736759435271 -0.131154142025818
-0.383357523963684 0.308179012438696 0.38679544178143 0.0289183892609457
-0.095944992171707 0.404156095983902 0.394726902080072 -0.150625660133166
0.253362692318584 0.26288116224552 0.174619342986256 -0.32049459855808
0.32512792357147 0.00528537253632697 -0.0572511931020868 -0.247786113602076
0.237173626830673 -0.179669965666075 -0.102441900580479 -0.151593137255296
0.0758503369809298 -0.259925254983783 -0.0725979625362086 -0.11055000380137
0.0159529844180956 -0.242701406396137 -0.0126422361005289 -0.0613913497159806
0.00208005798581885 -0.230552026147505 0.0816588241169094 -0.0700489904283579
0.118052699882371 -0.246098519161119 0.190142882414776 -0.0163366419631749
0.264929625867657 -0.147810810494216 0.259793407001524 0.10155310430224
0.349084635869655 0.012005853657568 0.148650274776016 0.292047325289619
0.192983577609843 0.326852901050976 -0.0606518754402891 0.278309129911537
-0.154122764681915 0.389234280836348 -0.19018364342251 0.0330695387534973
-0.361938867151459 0.263822400568018 0.070709478816982 -0.116918144687185
-0.314296559294741 0.0118777740602382 0.393239701916676 -0.163042181813774
-0.336242450571601 0.173498812658007 0.446351252760915 0.0128059792311004
-0.133554360688553 0.295530891117589 0.420718548140858 -0.0806994496819714
0.163078290335684 0.226426052142701 0.248001990361214 -0.234427262959264
0.247547331636382 0.0219999236211099 0.0666042142525015 -0.244251599110504
0.189621970788088 -0.128766859234886 -0.0159972587028738 -0.229290023278226
0.0673588874324739 -0.206474883553698 -0.0388190888344857 -0.202439994555605
0.0155399627125667 -0.199831966513951 -0.00446071694749434 -0.145746789893078
0.00362859014049042 -0.192123246181683 0.0885264070224102 -0.15104037765393
0.0985676106274414 -0.199549555681016 0.209159567125882 -0.0952718610316735
0.220515220273476 -0.118498953635141 0.299890361948546 0.0454374667456778
0.287159882421219 0.0334553626141672 0.191851456603653 0.265446292725
0.11696990359122 0.284272576820643 -0.0208175107885809 0.263841090035191
-0.171285528241585 0.276530096456141 -0.147731863969802 0.0154846390317882
-0.295089305943809 0.136133300241736 0.175437477151967 -0.154137746828884
-0.147559751016963 -0.0722237122383587 0.502819123996427 -0.179171925910842
-0.209324853069876 0.0244722487926271 0.464658743979135 -0.00336200347288131
-0.115697103665707 0.139663462903211 0.422724687647398 -0.040359913558026
0.0655370326849385 0.133190730187094 0.279368713638231 -0.179558454325855
0.129936994713934 0.0212284175370231 0.136634344703848 -0.242670123932999
0.107344157653601 -0.0614888826497304 0.0326531638655637 -0.279361781187667
0.0455870252682113 -0.118260808028763 -0.0185179352934005 -0.260799550757885
0.0145093058325765 -0.126144347706668 0.00287105754357762 -0.204772167993731
0.00794285241914529 -0.127688832067371 0.0964183172830846 -0.208572751180999
0.0715052484304316 -0.131206644965224 0.228521271807417 -0.148968224664266
0.156330625235922 -0.0761776400938415 0.333000673290388 0.0143675493221953
0.198959333171159 0.0566741798470846 0.216875885988837 0.255373285937447
0.0285799100145354 0.218346485656089 -0.00517892991976316 0.256708328223938
-0.170948379614421 0.13728626828671 -0.116243045098274 0.00814971707020777
-0.195951120867093 -0.00923302891803759 0.25083770556626 -0.151389901147659
0.0537577144141796 0.0978892761698187 -0.299415211002631 0.196053414354437
0.110412476963842 -0.0350412669108782 0.135936120553592 0.0996026259733741
0.0154862137247194 -0.0970541800905189 0.0607306869702327 -0.264322534848367
-0.0794305095229208 -0.0326069157020141 -0.230646841474622 -0.30162771589149
-0.0495909328140774 0.0353328022020199 -0.391377205485023 -0.0298043804911525
-0.0187713214316732 0.0422243877718461 -0.282325415158916 0.213493459487028
-0.00748768094769727 0.0494084820566988 -0.117986707794016 0.270528217282837
-0.000154338949350055 0.0316512971292129 -0.0127667844310714 0.257313229832311
-0.022603010151223 0.0164906231874978 0.0286150125899723 0.274872239931899
-0.0274877348110923 -0.0160274216794582 -0.0162781744551176 0.293888867989218
-0.00425502619578657 -0.0223605966588634 -0.133517651963431 0.271480765704674
0.0206457870402061 -0.0376377245907428 -0.260103058853541 0.178295525149853
0.0774510512280084 0.0195055113545771 -0.393330590919085 0.042136476107037
0.0658240511982381 0.115076538215143 -0.471995403166408 -0.0312128836631616
-0.0333011319438283 0.137377101768797 -0.525776917941756 0.150969299381053
-0.0808315632794812 0.185074655750469 -0.315533975630416 0.147516874047993
0.0573756023077965 0.116379923385128 0.135360134762197 0.101935254023219
0.0747721605833245 0.0158409715800061 0.0896262711976921 -0.275494581813837
0.0408233687762902 -0.0198040598228168 -0.216413531183634 -0.341633263927169
0.0456542780426859 -0.0124662741061702 -0.407804354229847 -0.0570569652454807
0.0352788400719918 -0.0442736655575037 -0.30050043435522 0.194402825344344
-0.00190471519918422 -0.0473096310649224 -0.133291995317702 0.255137169495058
0.00386825590294837 -0.0591265626823883 -0.0200475766191167 0.246022869292951
-0.00318906562596365 -0.0781774506517295 0.0371070980588206 0.25598344919195
0.0554938444786566 -0.101905929343571 0.0212535425696299 0.283894872151057
0.122652033238354 -0.0362742066057761 -0.0800114656863639 0.291101253058836
0.135805390278597 0.0362959022906488 -0.217044721628069 0.236121951086964
0.0812083973373494 0.172442921997934 -0.361938046724968 0.101778601194893
-0.0644657157528976 0.257288875489146 -0.42470370796022 0.0062022040626766
-0.205475665760919 0.229785746400546 -0.452588331702608 0.13680948317794
-0.226196998194956 0.232441598578162 -0.268837074718912 0.0790442226583852
-0.0446010467613126 0.261172653615063 0.164470461275691 0.0935051723398584
0.0991220291001921 0.162737045579049 0.151497902406323 -0.282851388328167
0.166384476274637 0.0305933129222931 -0.163882217934326 -0.38791992547012
0.155926827127655 -0.0481546368138875 -0.390391536156616 -0.10620543086246
0.102537983871846 -0.126436740033693 -0.298264799091521 0.14035968287691
0.0132633693880644 -0.142939236851136 -0.138811454552889 0.20045775880407
0.00614193643079036 -0.141895132442328 -0.0230192169792097 0.199690165532453
0.00504529715114002 -0.156296516843111 0.0510938869173472 0.199772212942962
0.105157830567213 -0.181451844390375 0.0771886043392066 0.238501169180867
0.217236760105307 -0.0786712774414137 0.0160759434020937 0.284020903245734
0.251107609921771 0.0516646148500231 -0.127531938817972 0.298140567472278
0.138095258515925 0.28280936432055 -0.300833600791829 0.185780719458589
-0.124391967915713 0.381448728246536 -0.365011437325712 0.0430696622276831
-0.319489984802026 0.311574200456988 -0.335336226012464 0.0974851503943951
-0.354358339412803 0.231140951161124 -0.155360780758699 -0.00100557695267763
-0.179661487966172 0.363643333224592 0.221926467501059 0.0740673407989167
0.0726461602595656 0.311172306634849 0.236500772969112 -0.267624323685039
0.265027250767964 0.116556311985924 -0.0693482068630187 -0.410058067014798
0.260523212205685 -0.0567728490571836 -0.322108808218204 -0.168271960069407
0.171829367102795 -0.184231816023464 -0.264315506805692 0.0540940969262354
0.034689973798229 -0.218980300829794 -0.130893319400208 0.111914260237994
0.00682759225477575 -0.205473615087966 -0.0220982279921387 0.125582273189501
0.00363360974705694 -0.208196187781758 0.0633458188897031 0.118613923587936
0.123454369597207 -0.237530886801806 0.130169322319182 0.162343408545897
0.266707301903112 -0.128539814780795 0.119394302556398 0.237685889341428
0.334652000384287 0.024412243660834 -0.0146292557905672 0.325587753109531
0.203773983735317 0.331197168772959 -0.211142040682743 0.250083739380457
-0.13100156680382 0.451148278750497 -0.297003946961883 0.0614594811240221
-0.371505681104613 0.358546047924453 -0.197064366974904 0.0315798035660075
-0.423578881333788 0.183514407881376 0.0157199905189702 -0.0755036264832754
-0.305827129221666 0.383287820313128 0.29961110000214 0.0464197710235136
-0.00218890870960741 0.405163069027086 0.321239360459108 -0.221740931606243
0.295706036650682 0.206167539864365 0.0525972507739867 -0.38420862955646
0.3221484153017 -0.0351029584334417 -0.199948760693628 -0.217091229564339
0.218842655153703 -0.203570946185494 -0.194223288589927 -0.0487713494479833
0.0549234044578781 -0.259518515745999 -0.10818210463266 0.00384462994549056
0.00714336320022243 -0.238479488694697 -0.0184584925118064 0.0346474567447465
-0.00237071171163286 -0.230223565814764 0.0718095601274951 0.0238068464391466
0.118978140492166 -0.257612908603796 0.166008240943642 0.0695752884880164
0.274088833793014 -0.157352570812375 0.201257421734476 0.164066866485668
0.360687665639937 -0.000754410163563271 0.0865834595253475 0.311688724826479
0.229111605634957 0.333689906574605 -0.120457654746904 0.273225819054482
-0.127246070468462 0.449905492990116 -0.236718925934452 0.0552553732851869
-0.375569082500506 0.342314316250799 -0.060032331331331 -0.046568399772441
-0.407371513218317 0.105623677603933 0.208780175742668 -0.130979418426339
-0.362042042320033 0.310164093881332 0.378665772521757 0.0224550339337545
-0.0838261460255751 0.396053663490667 0.381150510098904 -0.152179319779509
0.251221955436573 0.247764578603902 0.163600929965664 -0.31406787847718
0.31368813490873 -0.00408481541652451 -0.0574216208254315 -0.238940633896833
0.222704739682368 -0.180951619337934 -0.1045313891643 -0.147859693657643
0.0639536178389419 -0.25255538449437 -0.0765214344092091 -0.105311888292457
0.00763924928207256 -0.235640812262957 -0.0130390254139294 -0.0583858868930925
-0.00539755905234954 -0.221799750058607 0.0769492265658191 -0.069205078636152
0.105962595267 -0.241059002505695 0.18650822277341 -0.0212904459875458
0.251769128175449 -0.15323848675987 0.25583900066877 0.0911824989341846
0.335164796964132 -0.000774686651165153 0.155325304382726 0.28051305257481
0.197336761508946 0.310423535585519 -0.0532069155445458 0.268360526226583
-0.138477610964782 0.382752167885066 -0.184650331497726 0.0362839392726066
-0.343717320037053 0.261475951068197 0.061670788211086 -0.113691901573919
-0.305005077008929 0.0180840186512951 0.377887428564639 -0.166024776586759
-0.319818629652574 0.177931443952778 0.433933588142777 0.00397816207444437
-0.122575500384453 0.291159026030903 0.407184728536864 -0.0859080998528825
0.163591840478807 0.214390986350853 0.236174813891998 -0.230441179278938
0.239943011363941 0.0142390971272871 0.0627125348943603 -0.238378885791749
0.179030685636661 -0.130063468761828 -0.0235582695315591 -0.225958344305472
0.0578932934054301 -0.200245331603347 -0.0474806012499402 -0.19553764552805
0.00793249264296558 -0.19465222843466 -0.00825230232938085 -0.140339940445099
-0.00222531571591696 -0.184472342880059 0.0809959727366755 -0.14854351524831
0.0888801749120806 -0.195565731938502 0.201318561777686 -0.0976912611599259
0.209321668571769 -0.122154104391929 0.292388597911656 0.0347855142607812
0.275929487447902 0.0222550307491799 0.195408029760986 0.252670925251666
0.121577177379843 0.27082920631483 -0.0150186177089597 0.254376151014924
-0.158703268196573 0.271356341979884 -0.14417786558296 0.0186314600566669
-0.282601795875604 0.136407267132767 0.161570907065485 -0.151875453753186
-0.145614790586047 -0.0679403130975893 0.484270666001431 -0.184110525034586
-0.202051461781238 0.0291308049623409 0.45001736710701 -0.00995521837110146
-0.107791793896998 0.139883504728853 0.41009161199198 -0.0475574317448171
0.0667647939093282 0.127450218635466 0.268680132143854 -0.177957493244658
0.126170681436254 0.0169780454309755 0.130065401760878 -0.239132197560238
0.102491020646294 -0.0616880932388736 0.0216720240067757 -0.275268327811689
0.0400339238086199 -0.114714106391098 -0.0296887971125559 -0.252403721594605
0.00938553114330017 -0.123081960206826 -0.00332882080541465 -0.197906280058105
0.00431465310881367 -0.122631919229937 0.087516236389942 -0.203991009784145
0.065546999284724 -0.129120232060374 0.218185642718293 -0.150806500372612
0.148400892976123 -0.0778306107936619 0.322999215737728 0.00373434927094291
0.192093759148645 0.0486265425620806 0.219351188799905 0.241903019810083
0.0337913502105182 0.210353627996831 0.00149640579893065 0.247075476438463
-0.16246746675192 0.136150514340123 -0.114573518779009 0.0116488322650578
-0.190839471956743 -0.00497560784871186 0.234972582773331 -0.152675522913827
0.0544149328438398 0.0964988257404535 -0.289884278068688 0.19595454596868
0.1073083368086 -0.0372093833591049 0.138583236063027 0.0977170997827762
0.0138939674233501 -0.0955991799531522 0.058347596101037 -0.259836503307145
-0.078450784564155 -0.0310687876962388 -0.23020021003369 -0.292677824353239
-0.0477803228692567 0.0344923892473477 -0.385576284258507 -0.0248569293525089
-0.0169370034095559 0.040219147140875 -0.271913675347368 0.211969860116566
-0.00556561532199985 0.0479645476580744 -0.108602698838022 0.265970000116743
0.000949113126185761 0.0295034809851776 -0.00703036984004762 0.251410918512405
-0.0208189570933101 0.0160949314653601 0.0357496316485386 0.268771647879946
-0.0269923019739621 -0.0149535476698831 -0.0100243437954912 0.288610085139001
-0.00421174839368738 -0.022083857414347 -0.127913930611293 0.269703723482164
0.0186758635596492 -0.0362605256215046 -0.254446318775817 0.175546197869095
0.0768908660507806 0.0189573634995241 -0.387639390608918 0.0425787013685579
0.0670645121797746 0.11042316555643 -0.461363934272572 -0.0274667974040834
-0.0332437070268797 0.134314433732313 -0.50908211119345 0.150963232422697
-0.0769507241809599 0.182507648079371 -0.306239335519221 0.14898858324321
0.0587929870465102 0.111569969375532 0.138062703843177 0.0999090619828415
0.0730163129681998 0.0137303622128765 0.0865114212140462 -0.269918158665897
0.0386359643524146 -0.0202919930112516 -0.215829830424018 -0.332978283089028
0.0448255349429326 -0.0141879864453471 -0.400117414110871 -0.0503722995257387
0.0330756775142842 -0.0449854512113613 -0.290011690689747 0.194169829709209
-0.00227021207328571 -0.0463809194520391 -0.123955968629537 0.251168659163799
0.00313797491464507 -0.059449702647401 -0.01425079323233 0.241426568823248
-0.00340616625910966 -0.0765679859936038 0.0426179997050039 0.24991466458008
0.0520140493514872 -0.100566040728121 0.0271665585755874 0.278361328925117
0.11984961684675 -0.0391237899000931 -0.0739462332685353 0.288194256047454
0.132930691846267 0.0326763545278715 -0.209776433413266 0.231800300505412
0.0826139478564021 0.167868021045228 -0.358197253994541 0.102616880734726
-0.0589945519129194 0.25171665035622 -0.415592709780078 0.00857865079760295
-0.200262665625455 0.224219692779821 -0.440012574752015 0.139212961029661
-0.220956423327784 0.229833772915709 -0.26171218556827 0.0800775513146047
-0.0392388602360641 0.255365860730361 0.166682280740124 0.0921735325520394
0.0983807718548688 0.156961194843641 0.147600668773503 -0.276372786070964
0.161665184152749 0.0267880523533659 -0.164607327702598 -0.377803124790235
0.151540139425793 -0.0503538804138772 -0.381822811243187 -0.100411389043918
0.0976666868416177 -0.125879965928821 -0.289215054666265 0.13934624046277
0.0102269171198507 -0.13961981790949 -0.132601747419345 0.198560625331375
0.003834381169518 -0.140030399311404 -0.01779843186491 0.196007800083932
0.00241863584958139 -0.152382785245637 0.0550381273319424 0.196181215969891
0.0992475969730652 -0.178976356135924 0.0824409030398559 0.232529181238173
0.211373692219944 -0.0830894138533131 0.0201503487455078 0.279990889756492
0.245125581064042 0.0451708076615881 -0.120579638067624 0.293097023369293
0.139521551543654 0.274958514279192 -0.295469256010766 0.18323316828002
-0.1157048380611 0.375670954384635 -0.356058002500832 0.0442368520918096
-0.310082665547788 0.30557799133441 -0.327309508240954 0.0981564997131458
-0.345927943450052 0.229012583778202 -0.150943067066346 0.000768637925553817
-0.169761371010507 0.359204641006986 0.222535310836968 0.0727885016767796
0.0738584589436164 0.304335296386716 0.230833525819347 -0.261579717618273
0.258535286625049 0.109821401246117 -0.071304464653884 -0.401446133082746
0.253789142497456 -0.060186731721005 -0.313887150886701 -0.16179847693785
0.164350489913298 -0.183696208491012 -0.257713743253231 0.0546336293174978
0.028939965737446 -0.213657987107915 -0.127392035286681 0.112043865288893
0.00337073751282107 -0.201444908122121 -0.0192677361541264 0.123512460001222
0.000114233494082874 -0.2025255692342 0.0656621968506387 0.116557763289563
0.115200034219718 -0.234241896414569 0.133545081664022 0.156869638514203
0.258799827051258 -0.133402036413902 0.120975499599483 0.232560680945523
0.324413383140886 0.01716282929848 -0.00820407360548155 0.318679921291792
0.206876294823413 0.321429317330071 -0.206081272984611 0.244628894273507
-0.121972430497816 0.444106392271619 -0.29126661380179 0.0624122985224638
-0.360097687135138 0.351379473070009 -0.194110278733725 0.0345027513648514
-0.414962148644973 0.182749465014032 0.0160350616460918 -0.0740081401092965
-0.292273659270094 0.379847264833003 0.297318860768988 0.045702521012442
0.00204986034402832 0.397337295988317 0.31426008526964 -0.217113602102345
0.290698944044607 0.19824975315381 0.0485875182234326 -0.375919369190774
0.314055882984243 -0.0400082430733246 -0.194723852825592 -0.21147960837624
0.209507787135722 -0.202617345361836 -0.19130010958307 -0.0477919079603544
0.0476446208822995 -0.253142330766942 -0.107621090449239 0.00543908116522943
0.00262264331186881 -0.233445784686487 -0.0164803296198057 0.034687110681983
-0.0057637190568768 -0.224385518446424 0.0708219038172899 0.0237461144805243
0.110795266224478 -0.253590846365443 0.167154853743878 0.0658784713262715
0.265718845557986 -0.161555640878613 0.200535713029834 0.159362427032592
0.34942594956821 -0.00887828010437551 0.0911132744446872 0.30417941043206
0.229134575117349 0.3223951215347 -0.117194739050232 0.267137712923484
-0.118859396467968 0.441845500305414 -0.231386995633363 0.05568828388826
-0.36492747192533 0.334603221663342 -0.0620724242595269 -0.0425371551765826
-0.399966301282166 0.106454643466817 0.20420772622414 -0.130043172214584
-0.349488342967014 0.308017608284476 0.372693320852062 0.0214552241485238
-0.0776276244627126 0.387694245588322 0.373781736130147 -0.149673844652685
0.248444944365096 0.239347824191269 0.158409433003179 -0.307803228102681
0.306675631727801 -0.00962771278358426 -0.0534618687314361 -0.233914885435147
0.21517969419481 -0.18050103575422 -0.105793778348008 -0.145988681362639
0.0571032246624487 -0.246310782908238 -0.0804089706888676 -0.101753958836762
0.00218027800572172 -0.230239391912183 -0.013253680117021 -0.0570573490115771
-0.00827467626544224 -0.21570402190518 0.0738670907966668 -0.0671361603572527
0.0980303064041603 -0.23664006044409 0.18462344360294 -0.0235119108292776
0.243653168416339 -0.155717164541285 0.252725879124731 0.0853901223533561
0.325242922609695 -0.00760135405473797 0.15819720543563 0.271486540655506
0.196406750187063 0.30047260792787 -0.0503281573021274 0.26144561374411
-0.130277359132772 0.374677993115034 -0.182450113625459 0.0379455835484294
-0.333068643022543 0.257737375666667 0.0552172856587433 -0.11014143096342
-0.300201685800227 0.0194965216100648 0.370377768551297 -0.164883267533139
-0.309855342113768 0.178473214676826 0.426414894940868 0.00495914600282861
-0.115651943196173 0.287231532388184 0.399282811873124 -0.0842378586733741
0.162299903165362 0.207764657485242 0.231061594376419 -0.226071387290707
0.234171307005893 0.00976766248664505 0.0633175720475112 -0.235527940413945
0.173305651950723 -0.129693589978442 -0.0287894238405995 -0.223176793186128
0.0527225172525537 -0.195642712882194 -0.053566509278753 -0.19084261384931
0.00352193395394698 -0.189933633275055 -0.00936847463204141 -0.136904845651407
-0.00478563294379314 -0.178943312514373 0.0764718676493334 -0.144932863343059
0.0832488200431308 -0.19213375481889 0.197124683953391 -0.0983790095380898
0.201810341751755 -0.12390707893833 0.286805085978113 0.0303284508620988
0.267730651133614 0.0164575571646157 0.197109987179116 0.244895890284856
0.122797497782082 0.263464603940725 -0.0127479721076922 0.246591560784373
-0.152503745471671 0.267429001020858 -0.142517522804084 0.019953883808543
-0.275640945684017 0.1347898782206 0.152117313006737 -0.149005174580808
-0.143986604390554 -0.0654232105551285 0.474104696407854 -0.183048980930897
-0.196735122554722 0.0310159323583355 0.440556677028152 -0.0128538292658788
-0.10257328848924 0.138976640571191 0.402379905957671 -0.0486071386998053
0.0674039235597642 0.123559026624858 0.264367652250222 -0.174256948298759
0.123393974149949 0.0149444580042369 0.127889181956326 -0.236296208579848
0.0994412674015447 -0.0610935417151895 0.0134700980291953 -0.271919098888187
0.0374565781878407 -0.112778738690594 -0.0374078438296982 -0.246555341006183
0.00586633282109023 -0.120214572761214 -0.00621207225891435 -0.192637309558643
0.00221790079960583 -0.119333594978299 0.0822226291967092 -0.199525725152864
0.0620710384276579 -0.127450202734386 0.211713277435215 -0.150201243087473
0.142873226714132 -0.0788107657582034 0.316514884965816 -0.00102185167619408
0.186710044193895 0.0435989303248141 0.21956291000012 0.234065891702058
0.0361287080364081 0.205346368806873 0.00268273066074017 0.239669531125985
-0.157750855332908 0.134515191348567 -0.114012605358091 0.0130090909504057
-0.186577172620207 -0.00359471879444278 0.223215737587031 -0.151572144068583
0.0555612418378246 0.0977546200473207 -0.287560223435042 0.198917198049673
0.106971589030842 -0.0394436021162669 0.144035485917366 0.0975616204690422
0.0132382970229112 -0.0965824217403559 0.0587884920948498 -0.261166284872891
-0.0792434024973872 -0.0298512714850368 -0.232949195962706 -0.290235977504975
-0.0476914149041298 0.0340694533347814 -0.388710515122919 -0.0229145407780459
-0.0164929249812658 0.0393757971557134 -0.267359334453814 0.213703373320393
-0.00419359157131301 0.0472280373392583 -0.102392898754288 0.265368961901848
0.00152021665463077 0.028013295503866 -0.00321554640534133 0.25074421459043
-0.0199677390488103 0.015797900844582 0.0411768335595043 0.267454833383075
-0.0270229381891201 -0.0140088779506373 -0.00500410830474878 0.288919914512934
-0.00437496219554675 -0.0222433168047661 -0.125981597543305 0.272157424053862
0.0179371759053659 -0.0365953230564557 -0.254309509723052 0.173816204335824
0.0780019898000592 0.0186816182267425 -0.389497270087707 0.0422298531212275
0.0690877448809122 0.107776536937134 -0.461597093813125 -0.0275588872737264
-0.0353040500564634 0.133168468905897 -0.506005583528235 0.150890600299834
-0.0765023246442466 0.183933807866747 -0.304431024725687 0.151463887035301
0.0600190248023933 0.109799834247656 0.143571183375089 0.0997880384355592
0.0718992087413942 0.0119381223305181 0.0875601899323863 -0.268666880767167
0.0366024048575271 -0.0213732886852035 -0.218014930588521 -0.330546826411617
0.0436913395275681 -0.0153136352713557 -0.400480605366137 -0.0492410030108228
0.0321642919304268 -0.0459414505541275 -0.285949449447035 0.195016292201194
-0.00254483950904636 -0.0464358702314268 -0.119103341209541 0.251497059263102
0.00220532132066186 -0.0607443308978907 -0.00950838189892439 0.24063852602476
-0.00422793097335648 -0.0767427803070381 0.0489280411769641 0.249669453954146
0.0502418085993844 -0.101168149544524 0.032768893548738 0.278351893131134
0.119514755044359 -0.0420225546778989 -0.0718735776999404 0.290749797816542
0.131593678867929 0.0312588723646499 -0.208067385315807 0.231164910090443
0.0849784100445466 0.166933049367296 -0.358821417158418 0.10078283248008
-0.0565634142826165 0.251635314897563 -0.414765392145146 0.00924149931770309
-0.201124677508987 0.222538359000885 -0.436741944857133 0.140136479797589
-0.220552121081767 0.231046551419991 -0.260457107599681 0.0823457965147914
-0.0362030546341329 0.254634498183553 0.171655319230187 0.0920281939926592
0.0987344823285832 0.155544640892954 0.148528892213201 -0.274898592331362
0.159698715755481 0.0244245604881943 -0.16712291646711 -0.377064832521633
0.150843068922314 -0.0530532049349232 -0.381303035324707 -0.09984986884791
0.0955699406372315 -0.127246078488543 -0.286591107956239 0.141003055819404
0.00816499533594461 -0.138908573406254 -0.129348289615242 0.199145649521271
0.00134311776919143 -0.140672159286848 -0.0140860527389285 0.195952529701023
0.000700287127876468 -0.152272513374531 0.0598426522042372 0.196557203258495
0.0965002426793056 -0.179854679646584 0.0876609184321625 0.231567632624739
0.210519034977921 -0.0874284874117484 0.02360143646196 0.281691498483061
0.243472177079482 0.0414753276875318 -0.117993216269688 0.292667808637544
0.142336549558322 0.272805785276425 -0.296858064429526 0.182173454681699
-0.112244829154211 0.375761086552572 -0.356450490880973 0.0444798523566622
-0.310985321172336 0.30274313266139 -0.326603172040314 0.102487680422124
-0.345715813020163 0.231397753981534 -0.149363531223678 0.00244828242370302
-0.165561103907204 0.359010357022376 0.22709307763151 0.0731867274473349
0.0751661166077169 0.303894190472118 0.232215866311257 -0.259710495789947
0.257384255826866 0.107155232383871 -0.0731841722721058 -0.40024546740732
0.252162968052164 -0.0635233970136927 -0.311755898885588 -0.160559333368602
0.160639666980334 -0.184971367679894 -0.257011851747114 0.0546448401341373
0.0257380274635369 -0.212995241248239 -0.126644502596367 0.113169534470315
-0.000221140674122977 -0.201470663523439 -0.0159041196664739 0.124017074666887
-0.0027856268291331 -0.201895911244423 0.0682977971983137 0.116730329490908
0.111457993807053 -0.23424747965547 0.138371530806803 0.154540752706085
0.256323441328087 -0.138510868088806 0.12390354273191 0.233412588162399
0.321298728610174 0.0131266522508257 -0.00411433902000715 0.318076281782672
0.209236879944223 0.318647479507205 -0.207449227896874 0.243318399890774
-0.116630277536214 0.446655682076032 -0.291359434917873 0.061494779635705
-0.359071180450815 0.348645246352078 -0.194316819683677 0.0373915481711928
-0.415306307786718 0.184193848768156 0.0172141438981957 -0.0740593449552837
-0.287057973756605 0.381231643963877 0.300572135739471 0.0457304409622521
0.00490771421767656 0.39711687289523 0.314780251282893 -0.215184578830742
0.291107818001652 0.19525637218276 0.0481784281517388 -0.376086868625289
0.312587741937949 -0.0442410778482435 -0.192177510888743 -0.211874224521028
0.206684885539049 -0.205089023287801 -0.192065181528906 -0.0480647127118004
0.0434414852105712 -0.25174120165611 -0.110160661364227 0.00701121003174492
-0.00208290845790626 -0.232993461440614 -0.0149669277214143 0.0344865075433576
-0.00912157202730916 -0.222526298912861 0.0719792877573296 0.0246424601763884
0.106407245951432 -0.253847528184029 0.170652976779647 0.0626756676002799
0.262271014681449 -0.166133470906287 0.2022950520038 0.15873935827884
0.345307171077532 -0.0132070992007923 0.0963374342473932 0.303263146050924
0.233220611169686 0.320460218507496 -0.117710470424547 0.265642590066388
-0.115020612551408 0.442455393867429 -0.232035440562724 0.0552220707762841
-0.361848207136142 0.332470568741434 -0.0644081825855111 -0.0406234840544475
-0.399183510318281 0.106428289893522 0.205197432247261 -0.130347659386791
-0.345116962291258 0.309974780245355 0.374809447295062 0.0222253426803471
-0.0754058935241681 0.387943583573277 0.373760737422664 -0.148520834670137
0.249657248153296 0.235270920454116 0.158697569614288 -0.306829973562293
0.30528798357441 -0.0134914886297097 -0.0514660078131581 -0.234828208373521
0.212105869408343 -0.183148689594666 -0.108465790190463 -0.147373259403788
0.0532818925986441 -0.245056491492328 -0.0846819350348918 -0.100257364436364
-0.0020016165589025 -0.22904526123412 -0.0133665291618835 -0.0571168018762184
-0.0111057784504768 -0.213527766107102 0.0735613245010168 -0.0666988772539984
0.0946941185827119 -0.236496940744852 0.186743181524633 -0.0259674417326015
0.240134225406073 -0.160316445558879 0.252994709345323 0.0846260897676877
0.320770548455128 -0.0122153247855934 0.163164908893054 0.269775653018078
0.199825228802173 0.297923608620368 -0.0510689159797705 0.259156818473604
-0.126803721955856 0.376456600485767 -0.182204110612693 0.0376283725373459
-0.331650480656074 0.257209906316701 0.0510848260061764 -0.109019680072655
-0.301840634687015 0.0206192532879665 0.370037316788135 -0.164579008820177
-0.307863127738117 0.180159295925683 0.427275170966755 0.00452564885761435
-0.112996061052286 0.28777331112141 0.400666396503161 -0.0832717615281715
0.163895475495494 0.205946393423051 0.231636338869246 -0.22499819032084
0.233202837905867 0.00657573051436433 0.0655969417470991 -0.235942250416157
0.171883301134729 -0.13125563276273 -0.0339606607635326 -0.224729239133717
0.0495635943014686 -0.195019729950112 -0.0604764386194332 -0.189085633080225
-0.000427802837535499 -0.189024739959647 -0.011092160414787 -0.136506097178648
-0.00651362865257277 -0.177785089008342 0.0749575639438217 -0.143906709143878
0.080726143032632 -0.19234248177767 0.197060898315294 -0.0998872739976376
0.198690555315124 -0.126797203081683 0.286601616775889 0.0282773776250604
0.264080651041779 0.0126682426115411 0.201283157124761 0.242233307481823
0.125167499873912 0.260970740133884 -0.0118517662720139 0.244330135409573
-0.150285038282624 0.267999996227566 -0.143657349208909 0.0212573066622692
-0.273884702615942 0.13455956705829 0.146764835928026 -0.14837271055616
-0.145141713872544 -0.0656203730056761 0.472557379099763 -0.183706531172789
-0.19535467148016 0.032184943953117 0.439906753573655 -0.0121020124689939
-0.100292896292806 0.139865217954652 0.402508591539509 -0.0484464242186188
0.0685654454768544 0.122346638016925 0.264895314033794 -0.172762705653339
0.122965681635538 0.0129627238219832 0.129416923210295 -0.237653818224813
0.099662371401694 -0.0618706700050139 0.00759228040177481 -0.273521683825463
0.0367167655250146 -0.112183031409566 -0.0444144061797058 -0.244740578199476
0.0037086487243595 -0.119192206836818 -0.00893685788895123 -0.192107303705838
0.00115462031310613 -0.117919208933331 0.0809253466823614 -0.198910211213564
0.0610115436149829 -0.127687633595278 0.209214012735849 -0.150403854090057
0.140894420168678 -0.0799047306645024 0.315599575898653 -0.00375204530389551
0.184912729119429 0.0412619300144202 0.221969816537 0.230878622570416
0.0378835743333974 0.204100988679542 0.00282811159857715 0.238094883016292
-0.157876833730318 0.135226214270995 -0.115375121761628 0.0147419726832513
-0.187449389690873 -0.00275144002561184 0.217785571600718 -0.151220654104877
0.102656861221673 0.050931227872 -0.0980820549868434 0.333197476767099
0.0617287921116175 -0.0939824601532009 0.18110842873517 -0.018040621262484
-0.0481794021104275 -0.086799966159313 -0.113930739993561 -0.249597075767686
-0.0824328252547999 0.023355341579703 -0.371787589399943 -0.0881500767124131
-0.0174768191915689 0.0569084089213926 -0.324140403722716 0.224916627964885
0.0111566963898364 0.0412980011906819 -0.0803071037968132 0.336544766475988
0.0268812261967935 0.0384573365789152 0.0863505470336336 0.275414973980236
0.0183157474841476 0.0208329064544178 0.154573987797711 0.201265897352419
-0.00439093285369015 0.0253337652334118 0.202545310778978 0.184931318702554
-0.0289952796854596 0.00608903916052886 0.178029984233271 0.236558765019428
-0.0160374600865799 -0.013551195015031 0.0698804624354008 0.296980025199502
-0.0070485015214271 -0.0382417752469766 -0.100401563020318 0.299301856356176
0.0751458118682914 -0.0311017202577486 -0.290117378835423 0.281068311467818
0.120287995466736 0.0477111685527253 -0.391474931201496 0.27552688559929
0.0485402255273269 0.137850123688861 -0.318529340208484 0.44198276354205
0.0421848072667846 0.198096651696371 -0.134861316955259 0.31310876048515
0.111150746873557 0.0505807367893873 0.185119564533476 -0.00920811326800046
0.0627984989565983 -0.0341864913624817 -0.0891486762862869 -0.273535908056739
0.012918895850186 -0.0368442890334807 -0.382627678571827 -0.134600835808752
0.025584139572127 -0.0372989863321795 -0.351101400183886 0.206244708280213
-0.00173346754481178 -0.0560540671595101 -0.106734172922284 0.330288012860175
-0.0283834025645465 -0.0357016113373605 0.0627432631653931 0.275231823836676
-0.0360467141126787 -0.0500383511480867 0.143828499166895 0.196857687008406
-0.0502445762695087 -0.0587262033857847 0.199277728678855 0.166625832156646
-0.0223602601894684 -0.113560444735909 0.202793425366378 0.20398238489089
0.0720600128736577 -0.108998064099855 0.125001057947952 0.277773786796101
0.128120810737993 -0.0538430320081311 -0.026932143352311 0.316061030006458
0.17789082909761 0.0894976119909775 -0.227850921283304 0.307398878988854
0.110900723187428 0.2456948932703 -0.334389250527151 0.273198209417703
-0.0317344018967611 0.318029551411732 -0.269577097371233 0.380324203454036
-0.0506787667534234 0.318874280160992 -0.138246257392027 0.238950154364335
0.119245903250781 0.220378984653934 0.205328648408729 -0.0262442798111437
0.168309178774088 0.0652510607863443 -0.0360826890131773 -0.313168875705752
0.136748203983864 -0.0714508992793219 -0.363914090115176 -0.206320944445667
0.0881215032357568 -0.130022402885806 -0.365711259071607 0.151002228907167
-0.00116999950583748 -0.158429655764857 -0.140597531123163 0.284702463144318
-0.0765379067307279 -0.113970336383989 0.0198958893631631 0.239897958655859
-0.0869148205478004 -0.113520603285862 0.112579734702814 0.164744674325146
-0.0934374830773319 -0.122688812638937 0.175937154985539 0.118041902150464
-0.0356212926081083 -0.206445372700171 0.218280942682178 0.130541577396354
0.117257286166943 -0.205913727390092 0.194268038726225 0.210694957020136
0.227650262095482 -0.115158147184945 0.0856572420277089 0.308448407528316
0.296236140657039 0.141538041561333 -0.12799517997803 0.331477688665797
0.148309442309145 0.385069320215184 -0.268526682595107 0.263306910159515
-0.0685382451610679 0.453447346652473 -0.205386672638768 0.273093062463729
-0.154730468266351 0.38992354711563 -0.0974637733934733 0.114597823646167
0.0774369147208941 0.378393767371024 0.237582575929712 -0.067970010747454
0.238135181711889 0.197866081368482 0.0477665246125659 -0.347103004569352
0.261974589080771 -0.0632051292321492 -0.295307468938547 -0.286328428901928
0.162623487185196 -0.198588495328429 -0.346777772210167 0.0559274368344838
0.0155153745635757 -0.244081961198726 -0.170053733312256 0.196064241025526
-0.108080730884277 -0.182335098330043 -0.0348237604702632 0.16923595496345
-0.125965544339745 -0.160433537436089 0.0659207752763613 0.108334677275251
-0.127823614352661 -0.161280887023054 0.133255419492335 0.0502343049385631
-0.0576431011968779 -0.259426979269643 0.211064726882089 0.0366218387444723
0.121506510391502 -0.277766189600288 0.24368362767328 0.10855937216262
0.273119394955451 -0.188308055896873 0.193697160179977 0.257059723324719
0.383438684870329 0.135651872985968 -0.0181521132250715 0.32388676998242
0.189059905378346 0.446720187359696 -0.208716852451193 0.235245653277148
-0.0794227209289373 0.52269974908339 -0.140147223335473 0.134551121744089
-0.2385208968771 0.391006790072463 -0.0131708856379286 -0.0442762706351715
-0.00530067182038634 0.466065918317475 0.276733829275275 -0.130148994002134
0.236322695333459 0.314263491547914 0.145071403133244 -0.356273000768491
0.339714070398283 -0.0138724593879325 -0.177599334335171 -0.34151695381716
0.221846882191496 -0.219880508803254 -0.279648380305009 -0.0599761526107366
0.0405664889887122 -0.287939617301034 -0.182034725208876 0.0725016047717194
-0.119335630999137 -0.222962623642218 -0.0899112762995982 0.0739025902469557
-0.146922078346048 -0.183898284251561 0.0104087490897342 0.0367208844835993
-0.145920722674404 -0.173965597234647 0.0778139389144563 -0.0250736684707161
-0.0734214463339064 -0.272527156292024 0.179187745335996 -0.0576041240478253
0.107988837900046 -0.304120804204479 0.259177186981955 -0.000798985193705158
0.276350301615981 -0.22629358001089 0.265337939160203 0.182339279629802
0.404699178576998 0.11934497199144 0.0671724993183656 0.28384424339104
0.191092731744686 0.441399910780003 -0.165438288149633 0.192319558778063
-0.0892603350088531 0.509763132711698 -0.0845166142896022 -0.0120655307722377
-0.269953200354655 0.318420001256448 0.0962744768070962 -0.205356224617422
-0.0927762078709748 0.441426126602253 0.316813242381705 -0.193924014613904
0.168645282757857 0.354660391768805 0.231123773167942 -0.336466742497487
0.332098794436643 0.0425758656076428 -0.0434390077230551 -0.350592853342197
0.234430976491232 -0.191415153276894 -0.181406165498361 -0.165035309171908
0.0579508855103577 -0.273340418907961 -0.177855429275158 -0.0578008733590745
-0.107548549071346 -0.223117849075433 -0.137053265244063 -0.0273697191932146
-0.144577372682518 -0.18069169731891 -0.0453810988403848 -0.0360483871914732
-0.142455821546512 -0.165700912217223 0.0214015221050822 -0.0982020875241198
-0.072431621001028 -0.251462723893368 0.136548491409426 -0.13914970710465
0.0943983711245755 -0.284248094043149 0.252269387587404 -0.0911690633277078
0.256917073815378 -0.209572712814981 0.299242065484851 0.11364135762797
0.362747741032821 0.121508400323107 0.116729609169122 0.236424164847872
0.137182873271085 0.394525431815436 -0.135732480717731 0.146010840788278
-0.110302488481434 0.425348603051956 -0.0326093550163735 -0.138239112333874
-0.237285093796596 0.188688575577578 0.200696752171605 -0.340101663283422
-0.138451318844121 0.3172938277912 0.343018186821559 -0.244033312753215
0.0804690399627675 0.295544562171078 0.28540300176797 -0.299461733013254
0.247957420197218 0.0666196670457726 0.0641618899766785 -0.32620953551567
0.188895078035209 -0.133349766071969 -0.0888215785776408 -0.236296764889239
0.0568790951285378 -0.208183245768908 -0.16620696623892 -0.163609849889433
-0.0804352431404272 -0.181578833071682 -0.172667810785834 -0.11330561953693
-0.119138140054712 -0.150395339623448 -0.0934120220450185 -0.100851544838188
-0.116865513303038 -0.140124840615516 -0.0267943978175331 -0.161125612700106
-0.0564664732251221 -0.206590878791957 0.0983616748815092 -0.204047241557486
0.0817951430980129 -0.230283576071102 0.243548053192407 -0.156910605534513
0.226113858062175 -0.15414327674992 0.312109273127603 0.066835857510671
0.277211840752269 0.139355457442751 0.14053332022788 0.200614329014832
0.0480887437906354 0.318211283411645 -0.11160239132134 0.106872563819686
-0.140550659613394 0.287003095141914 0.0232941911750991 -0.226727992738832
-0.156849765667097 0.0274256946098542 0.263892121088921 -0.426971220162999
-0.135960287302157 0.136297054833838 0.341472064079014 -0.272143164065204
0.00434631513509092 0.16900551962157 0.301888782591059 -0.276193049149573
0.12481755727817 0.054896487137193 0.118720192712182 -0.302337636218795
0.104321323540429 -0.0628828697311055 -0.0394841858247261 -0.274168582891922
0.0415618851761999 -0.109099747925165 -0.164190415533012 -0.224596157920505
-0.0406878542854223 -0.109152342049146 -0.194595572842538 -0.166234272745522
-0.0730997059611287 -0.0974382430171484 -0.12645817916078 -0.147059855650271
-0.0737660805121713 -0.0976097790593837 -0.0581540963357831 -0.208603561041384
-0.0327688116389418 -0.142018660489338 0.0761964424721916 -0.252291511976686
0.0657951185585977 -0.155760373113629 0.247358242935269 -0.199764904272176
0.179701381767982 -0.0821076932832649 0.322469507008833 0.0449241752922426
0.166841157086058 0.148451120164049 0.149212994733063 0.186241928859413
-0.044286242511564 0.21484755325924 -0.089053285186788 0.0836606165572072
-0.155123838839096 0.116436462981521 0.0814918199114654 -0.268491787913125
0.108742937931877 0.0474775042507476 -0.0840218366331627 0.347249197294496
0.0580298301919917 -0.0991216838126772 0.188613556868901 -0.0291391012177316
-0.0539820886764146 -0.0866677713305533 -0.126314103786907 -0.251668373421269
-0.0837335826787636 0.0284587403823304 -0.384336322490384 -0.0722813250565283
-0.0160533013708437 0.0593724544111506 -0.324041927454899 0.247071237269536
0.0131781922189081 0.0419473342152914 -0.0674977408433043 0.346853448685758
0.0300119017411266 0.0368196277188938 0.101384707571752 0.274171369492185
0.0192235658577701 0.0195993643092444 0.167938567317811 0.195918414956069
-0.00334659244762878 0.0257687565962924 0.218428240326718 0.176552277292456
-0.0297702765484227 0.00745510508378704 0.196178935931244 0.234085679380261
-0.0171074405606033 -0.0131112849931457 0.0859234812861047 0.303039865539489
-0.00865891707428963 -0.0381103328630988 -0.0932557513669792 0.309746138820193
0.0756606451672266 -0.0361886047334953 -0.289537476749664 0.301218904263372
0.123182513061655 0.0422878553561464 -0.389815819488245 0.296761624925119
0.0534721152696477 0.141694675882262 -0.309319365932523 0.46250457450522
0.051324503784886 0.201428956913249 -0.123134248579578 0.327182697423081
0.115625782115178 0.0459368090487869 0.194454495533711 -0.0213340123050643
0.0618147109744002 -0.0376337528957048 -0.100049925700014 -0.277434031704969
0.0108202387467745 -0.0367347627078624 -0.396660157077701 -0.119107286823387
0.0237045432238389 -0.0388310371728241 -0.351950169095662 0.228564750354062
-0.00577572853672319 -0.0569844685881906 -0.0938526471047928 0.342128671619281
-0.0304267963333474 -0.0351774366639222 0.0782929455919295 0.276597566193961
-0.0406791445433208 -0.049765407938335 0.157465620775349 0.192149232652916
-0.054044913047277 -0.0573694159862986 0.214463991087131 0.158365416304479
-0.0292111275910173 -0.114998763488516 0.219784242656035 0.19795780107812
0.0675035841174819 -0.115837242306659 0.142965848001225 0.279444194708534
0.128509209120236 -0.059581063393954 -0.016537153903112 0.323583562202373
0.186484792640649 0.0828093821577778 -0.225439291411207 0.325390087098296
0.12492653699761 0.245969538420077 -0.332920879133692 0.291670226383806
-0.0228222856408965 0.32895179274785 -0.261087954323487 0.399439386601102
-0.0397672345993376 0.329971229317433 -0.129282218526903 0.250550189890052
0.131922235148147 0.219302504326197 0.2139321801472 -0.0380910219213382
0.17431409951657 0.0606498813508438 -0.0466286464507718 -0.318896701733447
0.135563316355386 -0.0781444286086951 -0.381707812411981 -0.195253169905261
0.0833972821739063 -0.137578372909142 -0.370155668669733 0.170631339098334
-0.00988723854171019 -0.161593500959086 -0.131231491202993 0.297112948901848
-0.0833253723351394 -0.111636644475154 0.0323844050803861 0.243982519502395
-0.0954271771280988 -0.112116846567975 0.124046891303089 0.16118256535949
-0.101916794113483 -0.120549135700533 0.188225034070708 0.109942088538062
-0.0472734287865931 -0.209357692638923 0.232045431434848 0.120769721018146
0.108136558106484 -0.217443136574544 0.211683513357267 0.207700333684704
0.225641369297371 -0.128194103138613 0.0998948021365593 0.310386450920878
0.309477227880105 0.130548035969302 -0.120379870217704 0.346557628332511
0.168255475816244 0.387012337812716 -0.266832735523638 0.280133458396597
-0.0568075885079394 0.468726046671563 -0.197995350544344 0.288364027053434
-0.14443242492489 0.408245637414504 -0.0941340095550688 0.121056426631947
0.0961478437627781 0.382956147966347 0.244504827844175 -0.0821672079344665
0.251581552228775 0.192467716066993 0.0376790637910024 -0.357743960753807
0.264191936552146 -0.0762009387428272 -0.315364961417316 -0.280418305685929
0.156509163152775 -0.21125874571004 -0.352429650848716 0.0712293198252746
0.00278054392737632 -0.250440111836282 -0.16630715446093 0.207460789655826
-0.119552699194268 -0.179087390713716 -0.0275656443154172 0.176588432473386
-0.137515382408805 -0.157480527009117 0.0734196751538016 0.1056907896974
-0.138635594596566 -0.157175515288606 0.141944587722598 0.0439183154568407
-0.072778247542058 -0.263048773043794 0.219252144478957 0.0243603957320802
0.108747265371753 -0.290408304680148 0.25693679471741 0.100167211279646
0.268990782832324 -0.20549676096158 0.209705015470277 0.25326851789166
0.398678061950275 0.120078581442061 -0.00818436213844529 0.333787366355704
0.215701832472301 0.447891116663613 -0.206110645329603 0.249244269756395
-0.0628331312802142 0.537983103201478 -0.137496439850564 0.143277402348271
-0.229479358660108 0.411742469966581 -0.0142660515127539 -0.0457747987781754
0.0146290980971171 0.475910099771354 0.280921428402399 -0.146156725749975
0.255995965108186 0.312867177395753 0.137860414016684 -0.369910101291468
0.34670472605256 -0.0291346091753248 -0.195417167388774 -0.341779693964936
0.215842936775019 -0.235749332727786 -0.288542972001618 -0.0524478339009489
0.0255538323768975 -0.296852026423154 -0.185119844907275 0.0822700140957255
-0.132406085696444 -0.22035551033403 -0.0892565252727682 0.0825308703272337
-0.160475798781035 -0.179780914454532 0.0127012073111335 0.0363884328246443
-0.15721288231859 -0.169030076834876 0.0819511693556507 -0.0298304094067706
-0.0890624344325403 -0.274685381225157 0.181864544553859 -0.0707596095527724
0.0941271111318924 -0.316591635080228 0.266977824374157 -0.0117995997832828
0.269135136009126 -0.242859685572595 0.280542124681142 0.1723360260834
0.419049501979574 0.102070774338331 0.0771978543040499 0.289085854301438
0.214730536347814 0.44264401259781 -0.16353250919409 0.203843196754304
-0.0733124158726728 0.525407227478539 -0.0868407449689052 -0.00698287464001787
-0.264853516897297 0.338267028536556 0.0919446891651218 -0.214851001984636
-0.0755158640221889 0.456303810058121 0.317469996033423 -0.212048737239313
0.19020909900542 0.356511181806243 0.226702179312488 -0.35180555160754
0.341417036946818 0.0284434888144448 -0.0562304453873924 -0.358091276162605
0.230015855244476 -0.207355021048566 -0.190971365247278 -0.164570052680989
0.0453494040422379 -0.283751663286258 -0.187232484324713 -0.0505873726931456
-0.121155719698913 -0.221420188031295 -0.143460348434212 -0.0180235128495275
-0.157550931647116 -0.176115008689646 -0.0478048815294185 -0.0355559180985683
-0.152682379220701 -0.160774615140443 0.0197998646595411 -0.10162405853785
-0.0871256105176755 -0.252760125539372 0.133814623722596 -0.151223850716276
0.0810366376489585 -0.294920229744932 0.255960886792649 -0.104842366983859
0.250676540757848 -0.224974885440536 0.311996939268804 0.100368926406225
0.377053688241712 0.105920622099183 0.126910654184424 0.23792817988963
0.157690995227377 0.398415517251717 -0.134666658427096 0.154836731236625
-0.0983055406274114 0.43835070352864 -0.0402874485229763 -0.137236091026326
-0.236794291412626 0.203985241660938 0.192160649821355 -0.357320751257197
-0.127418901316765 0.330652424969882 0.342382811745201 -0.263081318598635
0.0954443790869693 0.298405234440834 0.282851578193875 -0.318465528890965
0.256800645541994 0.0565462197791568 0.0555463709893494 -0.337361085072205
0.186082088504912 -0.14619344152712 -0.0988282883903236 -0.241428407282212
0.0479667820675606 -0.217140599862558 -0.180350133502037 -0.159072569238021
-0.0906339499858719 -0.18060082813575 -0.183881527311172 -0.103327576037824
-0.129062120369796 -0.146391380355298 -0.100611658273512 -0.097585645022119
-0.125677771899763 -0.135949280525623 -0.0332973510182097 -0.163401541921406
-0.0676791773658204 -0.208863031567971 0.0917902104391344 -0.214717549995788
0.0717276051501279 -0.239308046845472 0.244170900866025 -0.171741808511636
0.221900682688699 -0.166549537707687 0.323941259275786 0.0532135003737769
0.289254879932664 0.128424603672618 0.149673838139757 0.199114930626026
0.063230753308203 0.324301709878632 -0.111232160127939 0.114771973345097
-0.133999451403963 0.298488481325754 0.0126312910139464 -0.229600071527607
-0.161088106553835 0.035763042237673 0.253599024305268 -0.448838426293648
-0.132942597384193 0.14487407834106 0.338047588213084 -0.290287340552689
0.0127029658181167 0.171548585547994 0.299819701010536 -0.294601389308409
0.130528971256661 0.0498780983885396 0.11303685095574 -0.315353155753581
0.102893831962977 -0.0700633743139178 -0.0506802873997033 -0.282283677840972
0.0377190702951502 -0.114473834197187 -0.181087824070408 -0.220771269718651
-0.0466898768204695 -0.108873479165019 -0.208610029722295 -0.15652787284343
-0.0796103728383693 -0.0954415315585959 -0.136011349371175 -0.142870991796296
-0.0801106218823442 -0.0952449660066678 -0.06777769184338 -0.20999966981476
-0.0402807538315118 -0.143868297170148 0.0674380609886502 -0.261016058156596
0.0589831280046789 -0.160922901251551 0.24547809345609 -0.215791662237587
0.17878375056401 -0.0912994488896567 0.332363980759959 0.0303762423706501
0.178074677114631 0.142898761766792 0.15886746458283 0.183377168506546
-0.0363791435745432 0.222093827608087 -0.0889754736616981 0.0903738289725179
-0.155276266354617 0.125171153805693 0.0702922068252526 -0.274562583796963
0.113459940860728 0.0401612437152594 -0.0594655722251593 0.354912335737205
0.0512802900224388 -0.103638749455576 0.191945352165334 -0.0463980974340518
-0.0598529931974471 -0.0839903156071472 -0.141258341400286 -0.247157751312142
-0.0820849542252245 0.0353717470475309 -0.391061294367116 -0.0477653200026169
-0.0124109518447749 0.0615121043803625 -0.311024970802575 0.272470138041606
0.0159981271596686 0.0417301693172842 -0.0435357415843472 0.353155704835223
0.0329695611754347 0.0338819196312474 0.120835551685158 0.264877852008776
0.0193661545259467 0.0180678576595903 0.182586303394728 0.183663986545903
-0.00145778296684388 0.0248487203248721 0.232673532215994 0.159057644425579
-0.0289885167682354 0.00910157980413598 0.215891129842402 0.221316838945122
-0.0185349476735972 -0.0123854850444166 0.10769519445293 0.300897316257861
-0.0112751644329443 -0.0366527973329523 -0.0789444587272427 0.318309851656902
0.0742430658286258 -0.0432121615824232 -0.275611045853944 0.324140192182093
0.124869472847188 0.0336967065517815 -0.373163357189743 0.319819459609175
0.0618562788000808 0.141829274443993 -0.28398657622736 0.481631724919142
0.0651254711982009 0.199611714967174 -0.0999916100860591 0.337833880596011
0.11854990977415 0.0384476809499585 0.197668935837539 -0.0374818718129532
0.0590165174174829 -0.0413372744469317 -0.115758845689216 -0.273551093190314
0.00797895336355189 -0.0367274753799997 -0.407675889952914 -0.0924240035232572
0.0199274220854899 -0.0403829306051442 -0.340784137396404 0.254635509371016
-0.0100263049149925 -0.0565123427660381 -0.0716517361195367 0.350643248032442
-0.0325825401795478 -0.0329017893659968 0.0979738907227088 0.270579703025706
-0.0456231707817343 -0.0470935900247403 0.17239454073145 0.180300937670161
-0.0583437267611244 -0.0533544528178748 0.228723720071713 0.140311221313691
-0.0384686697469157 -0.113654764097762 0.236696822894831 0.183262264180461
0.058594672242435 -0.121952922046484 0.164845159528904 0.273163084071446
0.124358477988447 -0.0685059417657329 0.000841418778700199 0.325877229430719
0.192831771372219 0.0699189688945771 -0.208895830752528 0.344381999903063
0.1395832777099 0.2393383903881 -0.315877874739086 0.312899514046468
-0.00484111824372763 0.335134762752584 -0.23665388251474 0.41533662913973
-0.0194358422503914 0.336250258275663 -0.113106695875974 0.260674402370442
0.147740492211177 0.211525907032215 0.21601869321658 -0.0554961036717897
0.179114293088407 0.0500133250382222 -0.0625612511097638 -0.318926049862545
0.129887271567099 -0.0869327575241821 -0.396750923721217 -0.171883563523654
0.0737980169551411 -0.144179148579327 -0.360798441055672 0.19783891015986
-0.0231579423960962 -0.161422318320875 -0.113352343101207 0.308574167132532
-0.0906349004857565 -0.1052546690794 0.0491162280702976 0.242680399439321
-0.104377152838668 -0.105081308124992 0.136550497000601 0.15138033126705
-0.110864227755031 -0.112649712421681 0.20000049482918 0.0943746033037585
-0.0630145167624624 -0.206990133023307 0.243073331011176 0.1037130502941
0.0923742948185443 -0.226766927353711 0.229835253315769 0.195500464759778
0.21747330311059 -0.143209761945395 0.11877685841276 0.304028974443031
0.320678063459738 0.10935925209044 -0.103960336794012 0.358377507148603
0.195052542866628 0.378423209290935 -0.251226933352171 0.297754995368751
-0.0323860144719873 0.478357044436689 -0.181066999263139 0.300915040132973
-0.1202670411429 0.422697442298684 -0.0856774803774357 0.127212356045761
0.123104209703431 0.378169057811556 0.243444733464396 -0.100845447635836
0.265650105635745 0.179858874467214 0.0211549596647504 -0.362532803806441
0.259885822107864 -0.0927842799682537 -0.335232932764305 -0.262086008181244
0.141964842418954 -0.223823827632757 -0.351403830078728 0.093720571986044
-0.0157271959466697 -0.252132666293377 -0.154343253829074 0.219886914726595
-0.1321797750819 -0.170008135066322 -0.015312230074847 0.180581730648731
-0.150163537611005 -0.147488448253888 0.0818711338732407 0.100155516439915
-0.149316703033039 -0.146809258559426 0.149157941134363 0.0305850769832976
-0.0925442319904299 -0.258743842535465 0.222728893818207 0.00666497472043013
0.0873608575337024 -0.300631788143801 0.269020256149425 0.084826207306621
0.254235924169634 -0.223359258646174 0.226802250515813 0.238888319182922
0.410542248894143 0.0941668465708157 0.00910051599698329 0.33751020001953
0.248871193832871 0.437923607879929 -0.193208695704172 0.262385527279053
-0.0342563410896353 0.546625242163153 -0.129090824760506 0.154583615647484
-0.207414570689486 0.432155129993718 -0.0168093211874286 -0.0457381537409693
0.0478203009887886 0.478349739735595 0.27491109086716 -0.167229572025788
0.278620303572109 0.299053262787315 0.12027211569616 -0.381986626969908
0.346852889127859 -0.0517214000147437 -0.217541281301891 -0.333581044961743
0.20016702045119 -0.252793272606231 -0.294289206373843 -0.0353325108313715
0.00409933791988571 -0.300635278791095 -0.182840324982017 0.0953491756896054
-0.148040709548979 -0.210059961021675 -0.0838230281366867 0.0924356228922904
-0.173687936917818 -0.16766601361902 0.0159621840277527 0.0349977036788764
-0.168629161179864 -0.15695896064093 0.0829406358977614 -0.0383936140199996
-0.10934001932438 -0.268887723938149 0.178495541804642 -0.0868122455828613
0.0709066081317675 -0.325614287657238 0.271112147059135 -0.029517190020492
0.251713016574353 -0.260949737766948 0.293986774173673 0.152683037832748
0.430311160251272 0.0745923439279191 0.0934358154680056 0.286547173894972
0.246504739804341 0.432793967495897 -0.153571238453587 0.213666546134892
-0.0453967707356524 0.532439138592148 -0.0881509880825091 0.000779135057618318
-0.247023020700121 0.360493880328586 0.0795379701747057 -0.223770225259366
-0.0459039778685931 0.46459177677907 0.306488116816103 -0.234108596962694
0.21396633126731 0.346342594566209 0.210115483213156 -0.368957033243475
0.344593769602866 0.00559044199433167 -0.0776259893154598 -0.357708793057817
0.216150564253273 -0.225259712431805 -0.202412716362818 -0.156357880996501
0.0246027870013863 -0.289393811625957 -0.194030654973134 -0.0374549099330205
-0.13653164844347 -0.211100736201509 -0.146158769154952 -0.00363269124541498
-0.170887531200811 -0.164096106231236 -0.0505659528594062 -0.0318261816626908
-0.163428058428874 -0.149803596537439 0.0147029411674121 -0.104789314772953
-0.104828263324717 -0.247821706701949 0.124060439785888 -0.163650735312381
0.0597254750996665 -0.302378070177819 0.253486106713599 -0.12177595398533
0.234548912915208 -0.241116233461443 0.321840688600876 0.0785378943412688
0.386165713242612 0.0798330837805039 0.139892519810357 0.231649460544316
0.185731099153282 0.388273152158966 -0.127938008564095 0.164869959118907
-0.0751139391348969 0.447709667963808 -0.0491843749013399 -0.132671093575897
-0.226488278189376 0.222537992476533 0.172935386638561 -0.372676570945903
-0.106619665202008 0.340988457442555 0.327917584757426 -0.285379842960755
0.115687153422075 0.29371302583141 0.267308329892368 -0.337590217848413
0.261404606742839 0.038879661265384 0.0380622577597917 -0.343888037891125
0.175113404592923 -0.160411894490831 -0.114239532959768 -0.2407252136494
0.0326889723754924 -0.222117932621791 -0.194400027683513 -0.146588260420751
-0.103328622414444 -0.173863252957255 -0.193033814497432 -0.086341664290711
-0.13995115174949 -0.136786369905717 -0.107454010658941 -0.0908500650930469
-0.134688725125911 -0.126545202416772 -0.043183647108378 -0.162988333175785
-0.082748411090647 -0.203921839737633 0.0781752862428743 -0.224184901098621
0.0551353903231999 -0.244520727666596 0.236528412932754 -0.187671011571427
0.210170450668765 -0.181041652180705 0.330687494533017 0.0299176986053985
0.299617329264815 0.108744200258705 0.160090392308412 0.191837623482738
0.0848823588852586 0.322853101329369 -0.105932926651505 0.123033441409748
-0.1181045536872 0.308887087354855 -0.00245047829918588 -0.228606848056214
-0.15996869289492 0.0471292070211299 0.228962989218433 -0.467798792646522
-0.124194162059522 0.154597903296102 0.322491489537782 -0.310407978192991
0.0237408973636056 0.170644608684907 0.286225834595443 -0.314400841312588
0.133872105009698 0.040358655008515 0.0983857829105769 -0.325922796213506
0.097069604066361 -0.0783777895472165 -0.0681765059321662 -0.285156058449574
0.029799210647854 -0.119220405278068 -0.199590937291481 -0.208575649246554
-0.0548747126788373 -0.105265937149962 -0.221760395017463 -0.138778327422378
-0.0868728883091323 -0.089002134391366 -0.146132404168977 -0.13335177702527
-0.0862175823731873 -0.0898022783826099 -0.0817806147469479 -0.206701364143661
-0.0504873106374942 -0.141958708480413 0.0499495418603161 -0.268425832042266
0.0489550604544351 -0.165223845039327 0.233439075541148 -0.231848779390636
0.172602920829739 -0.102753380282131 0.336934899389423 0.00826666119181052
0.187973353650352 0.131498153000047 0.169058037831588 0.175929632659348
-0.0231188166545428 0.226711746778449 -0.0855666689013816 0.097734717892006
-0.148742310392137 0.136566049853925 0.0513562357978413 -0.27778189806092
0.114773871177214 0.0321042832703763 -0.0316491046099008 0.35196406979628
0.0420581664298839 -0.105329360166911 0.188801268099123 -0.0629511409579722
-0.0644755058313226 -0.0785482475789141 -0.153338820864213 -0.235008722603483
-0.0777674117292404 0.0412059094559191 -0.387209223727022 -0.0212351902120581
-0.00729303957969146 0.0622960597212433 -0.287568516664449 0.292545011479307
0.0190832036197661 0.0402421131313344 -0.0199708325438243 0.349714916511739
0.0344391443938707 0.0298503645398818 0.136079706789953 0.248679367982144
0.0195336507127623 0.0156577899001512 0.192381103720717 0.165275221520159
0.000424478885802062 0.0238764453354955 0.240305141567154 0.137106637193582
-0.0272497088077497 0.0117463387822286 0.230231601996207 0.202152973880393
-0.018773655200644 -0.0113610170281191 0.126570647649145 0.289148404901751
-0.0132781251253203 -0.034543109960931 -0.0624251049370629 0.318854253317409
0.0701447529903362 -0.048238493876771 -0.253533943761389 0.339138845807801
0.122960582991306 0.024301829600074 -0.348053321780179 0.335188451959398
0.0694014371484241 0.138996482682313 -0.250847490824319 0.487381380216593
0.0763886246026377 0.193115615880077 -0.0741523160526139 0.338622965354789
0.118413947998729 0.0293212613163798 0.194952878071764 -0.0543757227631494
0.055381149925478 -0.0448271688275624 -0.128420854959675 -0.263510114880889
0.00430980283732724 -0.0355844877682574 -0.404960774109049 -0.0649040210038593
0.0166020938558204 -0.040066040768482 -0.317576604046366 0.276086353003281
-0.0142558755347156 -0.0536896743857592 -0.0462055835079129 0.348454086600518
-0.0335952917441966 -0.0307088325313961 0.115305761026453 0.256386118409504
-0.0482918472919435 -0.0429133360789136 0.181777835421408 0.163103853233073
-0.0609698725062891 -0.0475962633670629 0.235575577932191 0.119029086793863
-0.0461965430435359 -0.108953638073835 0.247954798456851 0.161382093403621
0.048440441037397 -0.124676680270805 0.183194437662071 0.258264457140267
0.117387883388837 -0.0748221726990825 0.0182085429005318 0.319776560277144
0.19404687136514 0.0555639099443526 -0.186926497001983 0.353994756647774
0.151680453962848 0.225588544553613 -0.289940599894876 0.324654017977219
0.0140168439442681 0.332407905693559 -0.208573185340012 0.421894134699531
0.0020893602663381 0.33371661940963 -0.092914803080288 0.263003325683677
0.158469012952047 0.197243213108672 0.211633360832691 -0.0725238540194534
0.179503298981023 0.0378810860097944 -0.0777542011955089 -0.312177827143083
0.120975307560958 -0.092917636353382 -0.400647978226234 -0.143411606115349
0.0609468379903153 -0.146176250715752 -0.341744446724105 0.218734810914862
-0.0346717935868942 -0.156085485728473 -0.0906528992588636 0.310527437746195
-0.0954395068371582 -0.0964929182205497 0.0662702651907798 0.234456692582875
-0.110467044226341 -0.094550610883719 0.144799438439593 0.13681232633714
-0.115647711269924 -0.101283013294198 0.20415780284304 0.0741385342783651
-0.0775404029845194 -0.198707981549846 0.247138267115616 0.0832895997570209
0.0730784915179499 -0.230266058751057 0.242414564721551 0.177204187827969
0.202389095521811 -0.154221165381042 0.134210210409404 0.28988611102664
0.322437160873645 0.0849398891271649 -0.081558057604376 0.361295870893744
0.21712909758524 0.358781852720972 -0.228782558146129 0.305432633744786
-0.0060393975409729 0.474009620892774 -0.158389379724085 0.307133803977729
-0.0916091984357597 0.425867201092183 -0.0754872467745548 0.12974667742863
0.14613382640441 0.36180104461169 0.235121235051237 -0.116572175749153
0.273117032052089 0.158916188164475 0.00277797880468968 -0.358985705898867
0.248720638109494 -0.108889238708689 -0.345727646199818 -0.236906561750123
0.12266103691619 -0.229987898655447 -0.3393267513315 0.115612194313916
-0.0355968535988133 -0.246283945923992 -0.138248392501035 0.227375253282932
-0.139946787666959 -0.155210175268845 -0.00160239117770492 0.180040453653414
-0.158006434667786 -0.132199574383641 0.0869506989981491 0.0912909929482201
-0.15586643379461 -0.131286920453613 0.150259860804594 0.016004402849712
-0.110327325426221 -0.247427372930086 0.219797795142202 -0.0114290788295387
0.0634743998925398 -0.301833661971896 0.273962708039016 0.0641765997953186
0.233237041697408 -0.23567258112319 0.237764262568641 0.217049367236314
0.409839710715426 0.0622751905394379 0.0277475077514404 0.333633474603753
0.27302920531155 0.413056424618984 -0.174709072668789 0.268437544499331
-0.00321799648194427 0.54101742245524 -0.117063076155138 0.15947734896951
-0.176692107417537 0.441696492752496 -0.0192172020433866 -0.0453993184289077
0.0788121754785142 0.466593299487264 0.260428547846665 -0.183045396286946
0.293880330276394 0.276799778575945 0.099419015154419 -0.383060306802704
0.335545855311921 -0.0737947260712759 -0.23336202398072 -0.31386795179322
0.178006602663157 -0.262773218577715 -0.290898548909069 -0.0176094942426399
-0.0197183341276273 -0.295682727853206 -0.175051052944605 0.107324735494072
-0.158628465541674 -0.193078782651545 -0.0753309777633261 0.0998991737422752
-0.182312270961538 -0.150607210974858 0.0171433300767267 0.032500540056672
-0.1747552209224 -0.14029626718545 0.0806529097606718 -0.0466614083081352
-0.127351455614735 -0.256219058374661 0.168402823261404 -0.0999909673633326
0.0459221715635911 -0.324784419151904 0.267771615880109 -0.0477456097830042
0.227476497939201 -0.27200677648186 0.299140009682273 0.127970049900305
0.426773722885832 0.0423785228130771 0.10685274121275 0.277052791140479
0.273187786826559 0.407968871119172 -0.140367491199113 0.219800588701951
-0.013787094109687 0.528171338602611 -0.0868910681816194 0.00703785619209724
-0.221035648018503 0.371603138897885 0.0638270793511961 -0.22631097724168
-0.013292111242675 0.458354801935654 0.286796394911901 -0.24916902974643
0.23242244905624 0.32620263561864 0.187350277304139 -0.375562465415596
0.338882026893454 -0.0180104829670213 -0.0965028963372813 -0.3474760820824
0.195259929635779 -0.236797143699109 -0.208688839504647 -0.143459910413578
0.00188952597379357 -0.287057520411149 -0.19495483940207 -0.0229392489816246
-0.147896843658781 -0.19635581589966 -0.142668926558968 0.0112075774098113
-0.178756057330195 -0.147408352066705 -0.0524656129165687 -0.0280254939970779
-0.1689720055964 -0.133393294409891 0.00863967199854917 -0.10636530408507
-0.120556803906594 -0.235153749023061 0.109939418669071 -0.171893010124409
0.0371012083154513 -0.300812045458843 0.243582614686521 -0.137028900623121
0.212238858662838 -0.251192274348638 0.322122329839798 0.0528973866981369
0.383678271750404 0.0513623379632159 0.149848631447427 0.219550170331298
0.208704898065243 0.370730686516372 -0.117457878184183 0.169882223948407
-0.0489213349918205 0.447110366185791 -0.0562861562615778 -0.125625842153258
-0.20960661612263 0.23519237395771 0.144700513260948 -0.37829040462275
-0.0818149979547048 0.341057005583855 0.304341527363408 -0.299409045408745
0.132668239965887 0.280929746373877 0.245380935184433 -0.347035653568892
0.25811933832126 0.019626724419935 0.018290828509903 -0.341785658663998
0.159447346904445 -0.170170427264783 -0.126979582173587 -0.233030687697175
0.0146665507953433 -0.221947892288294 -0.203064924761117 -0.130559037842722
-0.112573555503541 -0.161466829273271 -0.19519408066534 -0.0669283143544065
-0.147177611842464 -0.122199984150044 -0.111841773235008 -0.0811136294581784
-0.139684789290182 -0.112877692144985 -0.0526782641150472 -0.157786448530388
-0.0951255168195218 -0.194204271259692 0.0602344715296992 -0.226051000861611
0.0370393975592007 -0.244286404891495 0.222088524474349 -0.200719084722288
0.192812456107304 -0.190375401734268 0.327543382576288 0.00607310781105986
0.30043863584532 0.0859337970032282 0.167021800226816 0.179158148749711
0.104220843987406 0.311871405497425 -0.0986517468042434 0.128511484228515
-0.0987747754128947 0.311575716340319 -0.017729628349186 -0.221148220284551
-0.15464642984089 0.0577530130985153 0.195707931717764 -0.475884876850105
-0.11152354100472 0.1599748022204 0.29796815810937 -0.323309648243115
0.0342531204738045 0.164556118372101 0.263051959425151 -0.326561161825921
0.132543600429928 0.0290148519971144 0.0800257177277888 -0.328412736305821
0.0882983750961677 -0.0833800393189723 -0.0841757883727941 -0.279569664440665
0.0199701460787605 -0.120502165332 -0.212209364632034 -0.191132656162684
-0.0602058209763273 -0.0990733442857994 -0.226914625399172 -0.116222749872343
-0.0919077230074487 -0.0799004933857651 -0.152465116814733 -0.120170933426421
-0.0903102392993007 -0.0814262770161689 -0.0943872228508299 -0.197763751923798
-0.0595408958146505 -0.135241370338811 0.0312817163549136 -0.266704419989687
0.0364848097835938 -0.165724529914709 0.2156297185802 -0.243253637030561
0.160944450705599 -0.111347506412042 0.331829711137564 -0.0157773182730056
0.192934042439804 0.115542427059889 0.176013379417651 0.162859444651773
-0.00877527346939288 0.225126353093437 -0.0787853178202891 0.102887387058053
-0.139323107475508 0.143745166144453 0.0319590741408155 -0.272662120826919
0.112809653703273 0.0252663431372119 -0.0103362398385968 0.341278286649617
0.0351542171473403 -0.102849428855733 0.180320157876183 -0.0755362952917867
-0.0662605616155971 -0.0731024013977405 -0.158419324743073 -0.222153147717466
-0.0727081457856878 0.0444399211710118 -0.374106008534809 -0.00164229585853767
-0.00325289276683056 0.0612933156897179 -0.263511893774209 0.299115443846318
0.0203163711365332 0.0373226470369618 -0.000306467740728298 0.337764713553372
0.0342740003173884 0.025149162427796 0.142716500770728 0.230496358462755
0.0193727853671171 0.0139057001892922 0.194708212002003 0.148010976961499
0.00178099856526154 0.0226622799238691 0.239419945958447 0.117259202711479
-0.0260181097784396 0.0129367571228729 0.235334113725214 0.181702858272227
-0.0182786481126344 -0.0105147564229597 0.138112707049595 0.273605922735521
-0.0144372131240718 -0.032278568150744 -0.0499625770767186 0.313489562961501
0.0650377152633168 -0.0515709943484505 -0.231327973554013 0.342461897295419
0.118421400863197 0.0182184900291547 -0.321774299690453 0.336874634413257
0.074044185533635 0.134121340390148 -0.22176951234486 0.480998732747741
0.0837304159991823 0.183814412591433 -0.053377513552409 0.329738896571111
0.115567336656054 0.0229447262336978 0.187101554394127 -0.0670670225394545
0.0515869285246262 -0.0452997373902744 -0.133936154523643 -0.251100424194928
0.00258483634602209 -0.0336969591361885 -0.39503863262078 -0.043983738162207
0.0135172931639669 -0.0392840007729834 -0.293746915149361 0.285187986563793
-0.0166755753796994 -0.0509004599876884 -0.027093044110934 0.339420380461926
-0.0331798491547181 -0.0285184831835923 0.124589390320576 0.239297444285187
-0.04967636458408 -0.0384673520056294 0.184424543245264 0.146336444907708
-0.0610781789993897 -0.0431570834822337 0.233912307078326 0.0988277336251561
-0.0507646674682209 -0.101746894578352 0.249837911875073 0.141938375160362
0.0395676278912826 -0.123724290078384 0.192129026708369 0.240406839424674
0.109114795371299 -0.0774975632973805 0.0285303674823804 0.308936526423801
0.190370673426006 0.0428024969441501 -0.166482017321452 0.354848377552565
0.156650353541349 0.211027404035344 -0.266116042757069 0.324047560512029
0.0273033251567479 0.324568528960351 -0.183349805911915 0.415931357229657
0.0181145412603556 0.325780863330854 -0.0764930029543733 0.257865036198954
0.163327525395745 0.182306155740721 0.202851864938015 -0.0838136632264926
0.175502419240593 0.0287603074920774 -0.0854434947727521 -0.300841170273448
0.111334999378771 -0.0949250687754371 -0.394471310891836 -0.118979254639022
0.0506105375134855 -0.14465382009283 -0.318946574243199 0.229902730009248
-0.0426252840797952 -0.148554212021576 -0.0721836705744521 0.304884121127664
-0.0961301970229486 -0.0879774026917514 0.0774268468164812 0.222520828215516
-0.111622534351248 -0.0849421222776797 0.146625980181418 0.122723469683557
-0.116178899042317 -0.0912752366205125 0.202106844130059 0.0572200561542307
-0.0867174157893527 -0.187314069228687 0.244768112814245 0.0654853981823434
0.0577272448888288 -0.226430942540928 0.246210517236739 0.158176041479134
0.1865423610273 -0.158441379478293 0.140614867193929 0.273362500306832
0.316304408195398 0.0651959287518052 -0.0644814041384188 0.356139961640272
0.22618114009992 0.335880059186423 -0.208365923416055 0.304432885637808
0.0144850702673811 0.461798006791054 -0.139358940472176 0.303750511888307
-0.0699238361926826 0.418851250786991 -0.0674937164580599 0.128106751925271
0.160282167333467 0.342179960218663 0.223080561699588 -0.12701793477889
0.272721756921636 0.141903063210551 -0.00930062317014389 -0.35026598659608
0.233977276825709 -0.116497706203002 -0.344922624812595 -0.212558135945134
0.104900597643215 -0.228973218889985 -0.321364329897963 0.128390022396383
-0.0491554298819989 -0.235821344341753 -0.122826876157787 0.22790418415779
-0.141624823096525 -0.1422962258293 0.00920499388478974 0.174231618271316
-0.159264436511272 -0.118519054531225 0.0888940832173037 0.0819861414632016
-0.155492273678811 -0.117808281049042 0.146596054072367 0.00326611343931781
-0.119636231898397 -0.23194473627529 0.212136567543875 -0.0245860582535544
0.0443473558915233 -0.296027634218826 0.271655534560179 0.0479374252553306
0.211761701428231 -0.23805757013868 0.238375651343519 0.197222129275472
0.398510780124778 0.0395047790541022 0.0393682160169735 0.322538768383714
0.284932194306672 0.386969627613263 -0.158915880889167 0.266928859172311
0.0187249858797341 0.526171875634899 -0.105554498446078 0.16036490023178
-0.150542571937037 0.437020174172734 -0.0214687334640166 -0.044219914333504
0.0992991043505334 0.445407861801846 0.243968059568603 -0.189477866321159
0.29801445685731 0.253102263410281 0.0836994299753688 -0.377351764478166
0.320942401228769 -0.0884474936270931 -0.239762874574706 -0.29287475791502
0.156622884787773 -0.263219252711241 -0.281843085348854 -0.00384753725534331
-0.0361508135679156 -0.284754854417995 -0.165412150710208 0.113317287727278
-0.161344352859623 -0.177278983408298 -0.0662489318995882 0.102166755663022
-0.184177055659859 -0.134129666448444 0.0180493194586349 0.030050557516547
-0.173592330375192 -0.124452878359081 0.0761997774544459 -0.0526056441593276
-0.136553412603992 -0.239999780293155 0.157592593892804 -0.107057175045222
0.0262511444717223 -0.316278805722468 0.259708661668745 -0.0607850477846806
0.204570452719649 -0.272549299389923 0.294159589471626 0.107036326539452
0.4154170885492 0.0180836721982926 0.113931595212628 0.265099911439894
0.28325672387335 0.3811076220066 -0.127563506765301 0.218921751891112
0.00762943531473163 0.513519329777757 -0.0839062342835689 0.0124056086584033
-0.195978054947322 0.373279833671849 0.0502420279339016 -0.222675348373434
0.0102313894033118 0.443037812738051 0.26591755785694 -0.253705013621488
0.241577425644251 0.30592600760878 0.169166730571887 -0.373086081236345
0.326148617227387 -0.0341960868985145 -0.107737404514437 -0.33244263593522
0.174490507919024 -0.238616328193436 -0.208081973047079 -0.131330109671808
-0.0152931314814214 -0.277391315373199 -0.191271030165722 -0.0116061893712719
-0.151014573863588 -0.180723382754513 -0.13545975689372 0.0205032767206309
-0.180326495706329 -0.130286138928585 -0.0517294946939533 -0.0244991685190711
-0.168331585797716 -0.118147601368648 0.00389642890010983 -0.105373819431506
-0.128955367592455 -0.219938636290033 0.0968795607636643 -0.173186841826688
0.0191061465795741 -0.292067564800732 0.231284780004454 -0.145613861315871
0.190324556991953 -0.251607544993153 0.313529124218575 0.0327751111188171
0.373091124504794 0.0289123826209839 0.151776630239626 0.207271077921971
0.220854988689504 0.347948554077493 -0.108489654637447 0.17071052383366
-0.0291487517868368 0.435766865360167 -0.0610508625705559 -0.115995283914532
-0.191821948436517 0.239353256137053 0.123074591914452 -0.373529931806707
-0.0627169097258003 0.333589539039301 0.280619089284871 -0.300959949518513
0.141911452707461 0.264292726742161 0.224862390338653 -0.348460214494878
0.250002246319533 0.0055656515126453 0.00425965059444108 -0.332820715535028
0.144057157105544 -0.171989578963893 -0.133604404725268 -0.222396876804403
0.000878899353489085 -0.215446838000643 -0.205155262313132 -0.114376668670424
-0.116024899788892 -0.149907985862592 -0.190322506629399 -0.0511917643814258
-0.148596675155575 -0.108423422420944 -0.112940988775625 -0.0716009031821996
-0.139194578901938 -0.10121929594244 -0.0589137095643542 -0.151347134741392
-0.101922412201576 -0.18195523145492 0.0463537841204957 -0.222437163425252
0.0229183496411077 -0.237336794695249 0.2069413865625 -0.206151505756194
0.175092761555208 -0.191564383446815 0.316289411653849 -0.0126169756338278
0.294076053348851 0.0665746801481468 0.166836894492091 0.165736987152577
0.11535409558736 0.296928988876071 -0.0907550580631458 0.130417633601452
-0.082768284467523 0.306398543537172 -0.0278875018315283 -0.210283641100419
-0.147156639488175 0.0642532791866669 0.167101246991055 -0.468765563372616
-0.100134919730398 0.15937940381281 0.274122765268747 -0.321962906955744
0.0408328380582869 0.156539674728767 0.241740125691058 -0.329060753656095
0.128548276971881 0.0210261318311614 0.0658749498129695 -0.323403044071494
0.079594333347021 -0.0845746529718361 -0.0950948032634776 -0.270165835177952
0.0120633482461431 -0.117767382782084 -0.216786942088842 -0.172197378846496
-0.0621583218516876 -0.0924860837250693 -0.22378622628096 -0.0978851234900936
-0.0931975559154613 -0.0707144424043415 -0.153612302004863 -0.106355699156075
-0.0913991130794219 -0.0740965998459085 -0.100505429769481 -0.186448271825237
-0.0646538813641471 -0.127486971801462 0.0167232115371663 -0.259102297845568
0.0265461920905797 -0.161688566386165 0.198587666998673 -0.246596305329683
0.150033129744771 -0.114488588484139 0.320787966125832 -0.0322062928092511
0.19164613610774 0.101091604755158 0.174843482046293 0.149951202703744
0.00179001599511059 0.219302242343322 -0.0726350842844281 0.105272391618135
-0.128410774193056 0.145638662199711 0.0175228348361577 -0.262698144330031
0.0915678548546884 0.0723363167762969 -0.141679396152802 0.287213297225944
0.0729866236357183 -0.0760183817059978 0.188120429045004 -0.00391494558695422
-0.0297779273994725 -0.092353196692737 -0.0564080106657043 -0.260854299461391
-0.0799603675054942 0.0106868299959611 -0.336293225113624 -0.143770239379756
-0.0243124249431049 0.0512633243029525 -0.350238962300077 0.165546649383824
0.00375176582346468 0.039584769835709 -0.132106964805993 0.300227585191047
0.0202761978966443 0.0340259306930276 0.0381295518915109 0.257600829637243
0.0123578449934284 0.0199676590721622 0.115605084488697 0.204626264215302
-0.00576805285743175 0.0199173022514333 0.168212087734716 0.193938014272323
-0.0260083732405004 0.00124269218422259 0.14170483463946 0.253627088143109
-0.00895643726151802 -0.0162861970879577 0.0150166336943103 0.296679418190322
0.00238654151055578 -0.0310701632195713 -0.173518564694116 0.258755020108555
0.0792035953127702 -0.0182876459042904 -0.338962019495799 0.212944854692005
0.0984407120395011 0.0659103018636348 -0.413586483056423 0.179450182752835
0.0197173395376887 0.158343667874991 -0.397379977434185 0.342879095365052
-0.00439659848861547 0.205041583796964 -0.158245592261439 0.260097656611655
0.0918484663685241 0.0677538592611707 0.198358462172615 0.00358568325256861
0.0633925888693069 -0.0196452628113991 -0.0190883011554015 -0.284345596255505
0.0162842850765119 -0.0261783492238815 -0.340597005169569 -0.193344270024573
0.0306456213659423 -0.0300990397914771 -0.376240857370553 0.137614153834641
0.00524558948533343 -0.0521086653783431 -0.159775266814241 0.289536386778788
-0.018012477856935 -0.0390750350650315 0.0175064529529011 0.260132993913513
-0.029685183349726 -0.0528688299323931 0.108260516628187 0.199451660287041
-0.0368201195929334 -0.061545811657062 0.172013053769031 0.173396088125807
-0.00706378505442753 -0.111169623911814 0.172605636659986 0.221717089184049
0.084449463445888 -0.097885609987775 0.077638842912538 0.287078817591112
0.130134334641834 -0.026291620913299 -0.0998827397221155 0.286838714338469
0.161316659750537 0.112431461708421 -0.287873710237193 0.252371817739716
0.064668148020458 0.252050443666102 -0.370861191648614 0.194018568232555
-0.0919526829560122 0.315202165514557 -0.343334810615593 0.294596596914825
-0.1254516356185 0.304258473653804 -0.135060555089147 0.191289180187046
0.0668308652443474 0.227055151486151 0.227813358473739 -0.00621088934210146
0.144300446453429 0.0967623646480624 0.0515179753177006 -0.31719532345697
0.13605474136965 -0.0349536222322549 -0.312199229357729 -0.269726026623353
0.105235819657002 -0.107498611992812 -0.381729894559432 0.073889495325328
0.0202185927280137 -0.148281350339063 -0.189606705582695 0.240705100773232
-0.0494314448379303 -0.114371017830219 -0.0185656782496129 0.227079953730848
-0.0676214853666911 -0.117224015848188 0.0839679979508769 0.164484656154507
-0.0673914542209146 -0.124938822853122 0.160460033433067 0.12220315757412
-0.00878585276456687 -0.200276682024394 0.198541588362798 0.149709868845875
0.136953689476239 -0.184795877793075 0.16000123687345 0.234900593539674
0.229517158043777 -0.0715799954837265 0.0173919774776136 0.299612817897631
0.268537237141053 0.176999152861473 -0.198755147337858 0.295905710476662
0.0852675056144169 0.389329150721051 -0.315675097899023 0.203959050272133
-0.152520308581351 0.435408685480855 -0.266904920486505 0.208628186437348
-0.244569566695269 0.352977989846523 -0.0635624440386244 0.0854616607637985
-0.00284500116946729 0.366371236446038 0.270768027517352 -0.0333609203407227
0.184710920486339 0.23729713136467 0.148295832257647 -0.335111566688027
0.25124977319944 -0.00359414233886664 -0.229626936681473 -0.343038730160279
0.186737919136433 -0.158891237030362 -0.346957829511956 -0.0218955667763564
0.0483705388693921 -0.226558874018908 -0.207785245593761 0.149657806274809
-0.0685169241529685 -0.179397097031665 -0.0622837823103674 0.159629594557609
-0.0978359646232189 -0.165172273851592 0.0473097078074966 0.106858929662401
-0.092774994916255 -0.162810059910053 0.131936672757573 0.0531565119774071
-0.0227102523550421 -0.252507051560085 0.203883285841341 0.0558291778535509
0.14898635484982 -0.252514621616093 0.226396998947449 0.145543040740556
0.280451062140015 -0.134854081991545 0.137865971780054 0.26849550112822
0.35585665372451 0.181551523712168 -0.0923445733383641 0.309293335686189
0.120580607563749 0.453448249565863 -0.260497217280174 0.193283752850419
-0.173080828003731 0.49250718698851 -0.183805361602128 0.0937621033533842
-0.328530748352569 0.333530522111611 0.0485395767393186 -0.0419593445599818
-0.0979923720271397 0.431693545765958 0.318942619051851 -0.0758741188680342
0.161881566181015 0.347103887956642 0.250885200796096 -0.323114046911711
0.315131584826171 0.055807131148809 -0.0994569299197039 -0.379830498673687
0.24518579059268 -0.167649745172779 -0.259650138984694 -0.128962261531062
0.0788518644886504 -0.265585716613706 -0.202042879649022 0.0296107680344306
-0.0719323363862349 -0.217272225622254 -0.102479834172238 0.0662505584676942
-0.113705209470268 -0.187695207729519 0.00458165684725937 0.0333458352086191
-0.106900692041012 -0.176224575829303 0.0909678324144678 -0.0241599745993862
-0.0343830622817882 -0.264969906068556 0.185830203863223 -0.0397110744609847
0.138927130167897 -0.278081361388288 0.25793103898577 0.0449493106736473
0.28569606342742 -0.168906634283392 0.224444403827671 0.20972535461859
0.377802212673761 0.166101669740551 -0.00371871885138047 0.286627660749578
0.121775580358338 0.447295862223173 -0.214696794570473 0.163721703154884
-0.177840360638808 0.474469825402392 -0.104678652304371 -0.0289909524415758
-0.341043588996519 0.254256594292601 0.177218853230349 -0.166372008999424
-0.176963034144091 0.391422383076654 0.363186782449027 -0.117460011566036
0.0905652837795825 0.367512604765581 0.32806377758616 -0.280246049566842
0.296515307964935 0.105337427774734 0.0394755620677413 -0.362988305577219
0.249392246678437 -0.138078917369292 -0.141446475803295 -0.213407353931129
0.0943393950798129 -0.250335852127012 -0.176442143401834 -0.0919655727793667
-0.0620417582922683 -0.216664177828305 -0.132860797230253 -0.0329428268986596
-0.111682909379492 -0.183939141553215 -0.0372167215698911 -0.0409766066333016
-0.104916798066408 -0.168322657713064 0.0461839076787085 -0.0981539971979097
-0.0359316371866073 -0.245398541362078 0.156586838586296 -0.120669582400896
0.12322743087385 -0.258884405134265 0.266325533035265 -0.0408332146639619
0.264387374539079 -0.157083901278326 0.270829648585475 0.15105653927108
0.334777935984639 0.160469241672685 0.0521233323965902 0.250020127274552
0.0751185661599391 0.394945630805345 -0.17829614711424 0.124646709229788
-0.18379317752251 0.386353866459758 -0.0299002722026459 -0.135414720094231
-0.278558582164479 0.134659655040648 0.287763642231853 -0.269227444797367
-0.194217373058747 0.265340765947498 0.38754489143393 -0.147817354942973
0.0185653343566413 0.290980602915296 0.36343779365408 -0.2284270791878
0.213025661976539 0.107828276513124 0.143840435737602 -0.314315666147278
0.194713050371315 -0.0909057268946323 -0.0351612779958427 -0.264490320214163
0.0842009022144626 -0.189858632919936 -0.145891751971392 -0.188069733077944
-0.0434151002170977 -0.176601281526125 -0.153335321841874 -0.118298808697303
-0.0918873110350756 -0.151670968317713 -0.0729737732827993 -0.105785756311415
-0.0865417006702847 -0.142332243796898 0.00755567786327763 -0.160615527939013
-0.0256199359604232 -0.200524458990832 0.131033412847704 -0.183679130486562
0.105991965076656 -0.207729191112536 0.266893055166816 -0.102979594425949
0.228701866609202 -0.109532560434005 0.290505681950614 0.112479043186994
0.248325198393576 0.165556237663566 0.0803995956669321 0.218833614433574
-0.00198996758426054 0.311269500928411 -0.145943248592756 0.091190498575785
-0.186106173118746 0.24896927412665 0.0434058556631314 -0.207009604841087
-0.161667450814869 -0.00506101938863805 0.345317564930304 -0.337129338091318
-0.155723160438158 0.0977132298050822 0.380935989255939 -0.168219502881777
-0.0279953323768032 0.153146320835746 0.362080504896033 -0.198620590932826
0.10135843861421 0.0706811250312685 0.19341398523067 -0.275600920010401
0.102503355349228 -0.0391770900223094 0.0206975803915428 -0.287625177075626
0.0565717335441718 -0.0991093517496675 -0.129654394221699 -0.240941880590613
-0.0189153818778011 -0.106389980004273 -0.164726631240218 -0.17263777047448
-0.0567611491459957 -0.098076723598169 -0.0959945732976082 -0.152900077321757
-0.0553112070432316 -0.100143984190763 -0.0164987021483046 -0.206591064124459
-0.0129140509939132 -0.138305012202562 0.118206645959381 -0.226536557297128
0.0814960562667272 -0.138503644615468 0.27471563277035 -0.141613571938952
0.176705296477262 -0.0504382614944673 0.300853552923784 0.0982719818142598
0.142272740977061 0.159966806135217 0.0923125425850231 0.206530824920853
-0.0770169365728125 0.201320208741479 -0.117303484301701 0.0704197961545188
-0.169676424964984 0.0842111907434044 0.112533833410313 -0.234990873419845
0.0928847215061343 0.0697791955636657 -0.130997699808061 0.286532145917114
0.0695715901390048 -0.0765276088686312 0.186480876304656 -0.0131142912241904
-0.0320211821021031 -0.0909896334192468 -0.0620224051534165 -0.258575190854172
-0.0785493915947206 0.013259412216236 -0.334051747830204 -0.133674507650176
-0.0218377556421121 0.0521031458014632 -0.342143001815202 0.174846651233762
0.00517793536947885 0.0385106845418715 -0.120479266093513 0.299821297754737
0.0205790431959502 0.0317072121509679 0.043874240598273 0.24930388761254
0.0124529312638628 0.018111503112524 0.12084310068324 0.196431341533092
-0.00387137977796413 0.0193102096423369 0.173179432805468 0.184119189335255
-0.0252629562852561 0.001980731468738 0.150524990732614 0.245519200309989
-0.00902235946764273 -0.0158686390310296 0.0221335891100098 0.294494715368285
0.00196248503773462 -0.0301867568223076 -0.170090534653179 0.261348008608079
0.0781239993871801 -0.0205728604201872 -0.330410906736927 0.220775560918848
0.0974438242291904 0.062956499504194 -0.406742473235493 0.182884198473044
0.0236490591426238 0.158458168875881 -0.386243183284927 0.346639499132247
0.000700308581797594 0.204158938123895 -0.148875691144042 0.260488176978544
0.0925013945764314 0.0642738139682246 0.196740492272185 -0.00583772942552917
0.0623573780898431 -0.0215176791316427 -0.0232763523004943 -0.283844412274152
0.0149550522052386 -0.0259002457512481 -0.341961877433615 -0.182332231666648
0.0294292524723697 -0.03057450259459 -0.368136279424388 0.14797882997299
0.00315867079589999 -0.0516199307511831 -0.148864926533955 0.291045692257302
-0.0193358215995024 -0.0389834272006172 0.0252568817541782 0.253023874283831
-0.0307580733715188 -0.0512241652659404 0.11275132715021 0.191854855103648
-0.0373891814494452 -0.0599187663421512 0.176006506088572 0.163461257306084
-0.0105185380505286 -0.109294892616268 0.180037066062436 0.212789560972012
0.0799172863535392 -0.09997277753679 0.0861829858822366 0.282669288320651
0.127525868490248 -0.02870225813482 -0.096033041214862 0.286740629642974
0.162153632349358 0.105883815339539 -0.281271003824274 0.25824091465668
0.0690989132385802 0.247432685057481 -0.363153774077028 0.197523695862243
-0.084197104173609 0.317406981766023 -0.334259940214873 0.297836331394278
-0.116925782700064 0.306283100392 -0.128362595069867 0.191540102414413
0.0732671480496995 0.222083949403765 0.225913799592513 -0.0144760152555137
0.145378862116831 0.0917663531711122 0.0471675711456006 -0.317386272232873
0.132369441780956 -0.0378617036141411 -0.313899109315041 -0.257180836383374
0.100423463606063 -0.109283126597268 -0.375052911187629 0.084507797032463
0.0141416075486732 -0.146679414708143 -0.180335814099163 0.243841738249391
-0.0521331624451978 -0.111828547364816 -0.0100163484370881 0.22277677821812
-0.0705039669749294 -0.113605201762368 0.0871002744500457 0.158886348021176
-0.0691010270124709 -0.120576589482671 0.163190799318428 0.112457219568768
-0.0153942091852273 -0.19790573849631 0.202720756704401 0.14093504018895
0.129074907316131 -0.188562114272607 0.167188455846743 0.227756984141296
0.224133355349288 -0.0770069848646352 0.0217482789364618 0.294302533603978
0.27087653288141 0.166909366648227 -0.19185194017026 0.298273754045779
0.0935583581212286 0.3826405893435 -0.309103698626245 0.206369742059813
-0.143967827175739 0.436147994107234 -0.259380036315255 0.211571096442854
-0.23412706942682 0.356867146961357 -0.0618466682384195 0.0851551701642232
0.00817351977513179 0.362279328037201 0.267606003273834 -0.0416626557068198
0.189783502989029 0.22973867110125 0.143191238439527 -0.338029267599626
0.247420634598415 -0.00978266922954586 -0.234246005641498 -0.332161354233535
0.179335883553786 -0.163015409335774 -0.34291543653823 -0.0127682403746156
0.0391427296978747 -0.225317348958533 -0.201208484983264 0.154667290530247
-0.0723111944087182 -0.174778100009104 -0.0545688703848016 0.158972315362746
-0.101792266817028 -0.158802680395662 0.0495162976912698 0.102801623021438
-0.0949590646093851 -0.157267501356566 0.132364046764436 0.0451344055583189
-0.0310298479674098 -0.248736657696578 0.204659626602627 0.0474369374925089
0.13860863570672 -0.255852828911698 0.230715158266372 0.13724842718
0.272499473222759 -0.140634171080136 0.14007043986182 0.260147727091441
0.356483667025478 0.167680348013123 -0.0869404071029724 0.308730968651366
0.131146705375521 0.445395382970071 -0.256024350965817 0.196167623731621
-0.161385422372916 0.494262678338599 -0.180091830208508 0.0971020367980052
-0.315086533702396 0.340994515391756 0.0459055715339894 -0.0437513593809873
-0.0845460436913285 0.42854922382794 0.314128082592171 -0.0823235426009093
0.169681534370244 0.338833447602789 0.244348129827357 -0.327089329289112
0.312984798181982 0.0463159989886625 -0.106327920561441 -0.372481479501206
0.236101089776954 -0.17362826851691 -0.258289965773188 -0.121034019759464
0.0675256988469202 -0.264742129924318 -0.200391437980467 0.0356785355975161
-0.0768283696402083 -0.211921614796139 -0.0980830091163011 0.0695683935493877
-0.117870655831415 -0.180355095608986 0.00463969599092874 0.0326656340574229
-0.108504958848861 -0.170088717741874 0.088805460594032 -0.0295111488725598
-0.0428931418460632 -0.26075804367391 0.182910482562287 -0.0458488626428464
0.127402696183984 -0.280419502180534 0.259943783319786 0.0365416861881454
0.276327791549825 -0.174061626177087 0.225590902725756 0.198902705759338
0.378023515918443 0.152282453065282 -6.4620842773645E-05 0.284301817833091
0.132070780997532 0.44014378074427 -0.211703090477424 0.165876848832144
-0.16695683561551 0.474561874097957 -0.104707450657432 -0.0257678956237138
-0.331909992107561 0.261744345744577 0.170468886454217 -0.168918308002996
-0.163462599460887 0.391035674614605 0.355506097170046 -0.124060978558427
0.0997347413125555 0.361414888952863 0.321423367621387 -0.286300238004336
0.295047971785473 0.0957698670261778 0.0331196443570242 -0.359204265564058
0.241717669490642 -0.143522751924545 -0.14365689064425 -0.210304231132941
0.0834439070269981 -0.251016811865859 -0.178061251509953 -0.0854079714330228
-0.067380990742196 -0.211196931409613 -0.131729188552299 -0.0268280558718188
-0.116256368167556 -0.176119380629508 -0.0386922016477087 -0.0388161311292674
-0.106336449836547 -0.161917541000444 0.0425028464285808 -0.100191945731496
-0.0428037532132863 -0.240402750231128 0.151435159557456 -0.124187846055056
0.113043788730368 -0.259305939829566 0.2657749161543 -0.0485004996948938
0.255661931929165 -0.160549959330934 0.270559178244367 0.140517659012846
0.334797019902246 0.147573041667352 0.0540049102062542 0.245868415211567
0.084484682151638 0.389015741451718 -0.176478822799094 0.128223577213417
-0.174298501719265 0.388943743259833 -0.034010507446073 -0.131635042244159
-0.272414077450899 0.141915870506625 0.278600450743269 -0.272933142568709
-0.185923084986837 0.266836604937704 0.378491659161106 -0.153802668165417
0.0250603994982373 0.286675872516137 0.357331861177879 -0.23522267459436
0.21225260586883 0.100176230015384 0.137357297905653 -0.314029207301799
0.189073295185191 -0.0946420570277045 -0.0401278400511833 -0.263792709318981
0.075567470916396 -0.190636510180203 -0.150982445957787 -0.180699294636682
-0.048318468685196 -0.172650918632706 -0.154629784324689 -0.109938359205474
-0.0953146496849903 -0.145071166675675 -0.0751294355897186 -0.101331345541807
-0.0881144176050654 -0.137509127443612 0.00239870671904655 -0.159671986770754
-0.0317730813490551 -0.197300644040724 0.12425066343714 -0.185022130840238
0.0978157145049575 -0.208129793867736 0.264481974151392 -0.110379272402729
0.221990959264178 -0.113218119304774 0.289601635160775 0.101446271506514
0.249665714928286 0.15514553401898 0.081105887600165 0.214956267533922
0.00616201906230519 0.309389928594734 -0.144600577999944 0.0947000456471306
-0.180054035875638 0.251600760188786 0.0371085282252869 -0.203122225844527
-0.160076717200694 0.000300138867212158 0.33423300934389 -0.340815095003081
-0.15135070211235 0.100268964565224 0.372869230655905 -0.171303856565065
-0.0241521004486887 0.152254505065097 0.355549850151903 -0.204257932759949
0.100773514999193 0.0662315942441386 0.188301664116855 -0.277562034639254
0.0998300322300966 -0.0412629640784171 0.014631730724788 -0.287892943244938
0.0511460117338294 -0.0997574903357041 -0.136780730712251 -0.233976296895394
-0.0217842827176892 -0.104452922686862 -0.168100351943894 -0.163244871392107
-0.0597798362442972 -0.0934691736810863 -0.0989457425560116 -0.146415851410287
-0.0572881740353263 -0.0969231831035321 -0.0233689341113373 -0.203157950913402
-0.0182320371994782 -0.137182434618358 0.110887295783136 -0.226181898596612
0.0765012641516502 -0.138848949538974 0.269500987714173 -0.148005280294776
0.173037574071211 -0.0538941100409818 0.300341345148778 0.0874669833835227
0.145146204824972 0.153665209000267 0.094255724047012 0.202116726107998
-0.0707801595216101 0.202718472409781 -0.116204198088511 0.0738989589679696
-0.166450203430651 0.0882313930223337 0.10414948097721 -0.232811198147857
0.0961799231315918 0.0667546537351936 -0.118172612766977 0.290556948971209
0.0661758585027822 -0.0788028553389951 0.18530446543193 -0.0238331311646509
-0.0362195339886531 -0.0902668699268725 -0.0711717393427564 -0.257885323844965
-0.0773840845673168 0.0170852043378021 -0.337157007785068 -0.12161795021794
-0.0190871576174582 0.0531126848335349 -0.333292319181112 0.190226667524543
0.00680890648378112 0.038549045910163 -0.10730654909985 0.303470287844202
0.0209804808204269 0.029488625552017 0.0531360681289365 0.244404370558312
0.01318282231167 0.0172195459186111 0.12978942866943 0.18965934301094
-0.00329190578245554 0.0186831187189797 0.181625959574421 0.173883819403952
-0.0240822243857319 0.00309973238270964 0.163723899693157 0.23741302427958
-0.00927846915593628 -0.0155510780823307 0.0339761574677063 0.294185194716525
0.000764162703807749 -0.0294289179595619 -0.16517502940672 0.27123353397204
0.0764527112434011 -0.0247583995594248 -0.323085104443943 0.233767003862573
0.0988673883825947 0.0592695317045812 -0.400052113838688 0.195380041378796
0.0305646566185693 0.159577944769912 -0.375960861525682 0.359863840986846
0.00918054244193631 0.20529801773941 -0.138306214558246 0.265819880558506
0.0949388540630921 0.0596572779115795 0.196081195510538 -0.0163444431357106
0.0615122881398403 -0.0244131902025714 -0.0322141748748543 -0.285512426982301
0.0135302260347307 -0.0261366581319157 -0.346045523260468 -0.170138679687827
0.0278173722369901 -0.0319960461413658 -0.360240516524086 0.165944080299702
0.000311396037482771 -0.0514925210733861 -0.135339366229695 0.296433564823076
-0.021048924401338 -0.038569754672799 0.0357179409636969 0.248691462273814
-0.0331492053767979 -0.0498489470426667 0.1209931659593 0.184652406653157
-0.0390821090505756 -0.0582412006178617 0.183851602875005 0.151943374146654
-0.0160259466732371 -0.108966286036834 0.191257826830118 0.203559145297255
0.0749742707115018 -0.104169559568253 0.0983946768824187 0.279823523479246
0.126118020022797 -0.0329121113093369 -0.0884462896969351 0.291363086140498
0.166182201562039 0.0991351655244626 -0.272856236536072 0.27017314220931
0.0787245774229648 0.245126524832373 -0.355888565634129 0.206461973771678
-0.0732210099410808 0.322933835369155 -0.324620635725241 0.309254002192197
-0.10440876891546 0.312891235728376 -0.121657975854054 0.195681938094151
0.0823727682118506 0.21765345417674 0.225250839035945 -0.0259737885802124
0.149735995279231 0.0859801658701195 0.0383519452978502 -0.322186039066443
0.130246240056629 -0.0427760845404146 -0.322871854803265 -0.24587910957611
0.0947860229095011 -0.113491343971859 -0.369748893891274 0.099881224626675
0.00708252503980417 -0.146279564359686 -0.16956625449702 0.250667922398627
-0.0566725052524564 -0.109986835263078 -0.000256430792617079 0.221413539615962
-0.0752626354611191 -0.109514837084634 0.0946525729335592 0.153255929527699
-0.0733706780847322 -0.117007295348825 0.168243694150305 0.10209132675333
-0.0249667210650842 -0.196521282264041 0.210521364218234 0.129694784487446
0.119227844424077 -0.195410008771678 0.179059799461185 0.220801163953133
0.220058151866569 -0.0847179056404961 0.0285042007611764 0.293470003599149
0.277325785446003 0.155127502343065 -0.183066633539684 0.307748023619541
0.108504834314168 0.379041141706634 -0.303433342513651 0.214783176402465
-0.128865406269704 0.445215871499725 -0.252879490351597 0.22062744062152
-0.218601188724618 0.368548061346963 -0.0599179472500937 0.0870839680120646
0.022747338230638 0.359642235491502 0.266015987941845 -0.0533078663773918
0.199909083062134 0.22180681273541 0.135190917804276 -0.345771193561309
0.245994185444749 -0.0199355004713092 -0.24567790532581 -0.323573083648874
0.171051090807927 -0.171298275580069 -0.340849941155974 0.000568228282102418
0.0275355191202163 -0.226701994346085 -0.193961154550914 0.163670350883066
-0.0788832582169867 -0.171718996753168 -0.0469038726473701 0.160192055009339
-0.107986999927283 -0.152509459641542 0.0537203895246065 0.0996678028703679
-0.100019718429246 -0.151884545325672 0.134310196308538 0.0355735639088974
-0.0429098139764572 -0.247185210684005 0.207408883624317 0.0360805885314996
0.125558710542763 -0.26267217820027 0.239797546589197 0.126610683039681
0.26462700336659 -0.150930699911646 0.147680524807691 0.25346528856897
0.362590378577862 0.152985513398516 -0.0790155020569794 0.3136322350563
0.148046264470428 0.439314153665536 -0.251111972939817 0.203510558371566
-0.145082527081192 0.503379787885133 -0.177023544871602 0.104254406534815
-0.302150360205522 0.355718473845666 0.0424899627684575 -0.0454495582231533
-0.0679257819268689 0.430654433253849 0.310413576750303 -0.0935266519767327
0.184845802444654 0.332249457021799 0.236956737118709 -0.338605885135205
0.313399154428547 0.0342735744094158 -0.117412948971075 -0.36733274820994
0.227796120582548 -0.183969760660233 -0.261245241345325 -0.113290669248217
0.0532922567089976 -0.267510941991345 -0.198734016588832 0.0444556556930293
-0.0852812550515385 -0.208355848984994 -0.0932240385691855 0.0745184159850546
-0.12558533502467 -0.173299317084191 0.00584377627457452 0.0328551915783096
-0.113671983756013 -0.163940074185943 0.086904930242662 -0.0356219149207979
-0.0550519046529005 -0.258489977138303 0.182080719234902 -0.0552347967193956
0.114125695686578 -0.285748422418326 0.26488739247867 0.0236779870589065
0.26738638381838 -0.185290830946704 0.231421735456977 0.188017242979648
0.383163378293328 0.135488628624237 0.00669794198229041 0.285445418744375
0.150401433136806 0.434361094422415 -0.20899477550833 0.173502637352997
-0.151488258103083 0.48462236439455 -0.106568629421128 -0.0209907790892169
-0.320668982844023 0.277457146179812 0.163146632118068 -0.176014252649019
-0.146850860232297 0.396891316351635 0.350743499327379 -0.134448799249977
0.113449109926541 0.358110247113696 0.313642528214195 -0.297993734561894
0.298020843242602 0.0833121650088211 0.0216982930933112 -0.360580193429535
0.234556894179401 -0.153736149271923 -0.149798195891436 -0.207095538977082
0.0698928762442364 -0.254348542771246 -0.182713916994798 -0.0772869458099366
-0.0760157527800012 -0.207956065566559 -0.131663875127695 -0.0193677666910323
-0.122986619280553 -0.16815055372972 -0.0406972792102344 -0.0365357297133098
-0.11150317797294 -0.156114598200429 0.0371597469367265 -0.103277981483761
-0.0535831567652538 -0.237801996268149 0.146220401356767 -0.132038521430487
0.100701631779384 -0.264508192843773 0.266515442479333 -0.0617641881772996
0.248186950619801 -0.169939624095589 0.273951169249804 0.127044611866712
0.341060692239616 0.132708646720821 0.0600883433360723 0.245423589730684
0.099819057821856 0.386909320104665 -0.174553897133676 0.135615193527362
-0.161747488632054 0.397214346217875 -0.039707014502528 -0.128750122380778
-0.266254073937041 0.15315376987471 0.267044110490248 -0.282653568549693
-0.173454552753685 0.273137204984605 0.372912767011526 -0.164405940193387
0.0370676608124269 0.285524721968814 0.35079225736077 -0.247448147229579
0.215656241033771 0.091569528390796 0.12839508376542 -0.319262142079862
0.184159050546643 -0.10302603556196 -0.0486037922108908 -0.265447009096035
0.0650814815856596 -0.193213336941104 -0.159551903729046 -0.174084458738953
-0.0552206125347296 -0.169999985325114 -0.158734840635549 -0.101344326688515
-0.101873396099963 -0.138765316116687 -0.079256979642929 -0.0969128089856786
-0.0925965215406373 -0.132404168065476 -0.00473495565630972 -0.160407735470691
-0.0415819658431747 -0.195374610904002 0.11736604800293 -0.189676129289224
0.0886914052853523 -0.211625888422361 0.262571060489082 -0.122683512143502
0.216165738182304 -0.121466312894048 0.292578832038592 0.0885751768265653
0.255576155014826 0.143116963015349 0.0869554514208865 0.213519298258864
0.0194319739454833 0.309695620132417 -0.143751857115891 0.101784832951332
-0.171727434353526 0.259967800433993 0.0286450105383712 -0.203018919083979
-0.159451563438447 0.00737454126115134 0.321775693142917 -0.352963138821532
-0.147017158532171 0.105832732116736 0.366745231915817 -0.180849041612679
-0.0178533466831937 0.151983929570417 0.349075724413534 -0.216644482703074
0.101743921540233 0.0618866456560673 0.180557519884879 -0.284822813857748
0.0969635738038382 -0.0452933294488573 0.00423360594142113 -0.29247335336285
0.0459662378537043 -0.101973543577489 -0.14807702893053 -0.226834147476759
-0.0268734379915343 -0.103255484932802 -0.17497724040853 -0.153111278522349
-0.0639545180389245 -0.0889423556567641 -0.10510683573523 -0.140251986086477
-0.0613521909486838 -0.0931138457990594 -0.0314001051798249 -0.201801706968334
-0.0250189406717522 -0.135207340768718 0.102392040085575 -0.230325962075412
0.0699058427641673 -0.140890693443133 0.265115551469457 -0.160006589917105
0.170851158457963 -0.0612152276696623 0.303341826791594 0.0753852700422978
0.15063849875856 0.146309555993003 0.0992089761264348 0.199946627567382
-0.0632131054778282 0.20701536418087 -0.115655836425989 0.0805892445425761
-0.164570756877235 0.095252883840628 0.0946635037381059 -0.234688787314659
0.0991495361132573 0.0605917741272914 -0.0990207435371098 0.295034762693032
0.0603605164592053 -0.0815319736558066 0.180214512356305 -0.0374998715997698
-0.0415589808790468 -0.0881683620875239 -0.0852198545610341 -0.252503096988612
-0.0748159220691198 0.0217203949122038 -0.338559089372977 -0.101758076445104
-0.0146834744316623 0.0538586282063707 -0.317112317129789 0.210508021638654
0.00928669337359162 0.037328886459328 -0.08630635156562 0.305551992316366
0.0217131615260247 0.0275477428744398 0.0654018959717978 0.235574562747233
0.0139247587423764 0.0155540887913975 0.139176193156905 0.17732999587277
-0.00171008733403026 0.0181434026031147 0.190778738987435 0.156580833405475
-0.0235062024559302 0.00466627019060652 0.179050632267569 0.222471755393992
-0.010377932934076 -0.0156918699266052 0.0526636917664242 0.290358783642497
-0.000501131331568476 -0.0280133956513816 -0.150795532672879 0.280419102649289
0.0726806424730971 -0.0303779417472226 -0.305506849795299 0.252035666861283
0.10044822023045 0.0536418633829621 -0.385676866819546 0.211029312933307
0.0406443073837739 0.157639733402017 -0.352982606411846 0.375677127593301
0.0217996041197085 0.203334920090688 -0.120862941954008 0.270218611902193
0.0973894176243706 0.0527407722159193 0.191868938987873 -0.0305667319689755
0.0592852971899632 -0.0290007487803446 -0.046627581870537 -0.282940714845942
0.0118805808425877 -0.0265139994902599 -0.349966548833869 -0.148733922200695
0.0254610723405344 -0.0330691989034862 -0.343649111105564 0.185290751636151
-0.00331243699056186 -0.0507361738542343 -0.113919791981684 0.300343802641
-0.0240649283041813 -0.0371056068864757 0.0505579946411604 0.240310532528491
-0.0358485011122503 -0.046680644844222 0.131174372859792 0.172981370935843
-0.0415297707355594 -0.054323726063894 0.191543251494355 0.134748104010752
-0.0229949258213438 -0.105803572707389 0.203761212088362 0.185956046722997
0.0669935765909295 -0.108199099398011 0.116265962903584 0.271026381334142
0.122349424540326 -0.0392093560174862 -0.0748703826458764 0.295513130946201
0.16982951280382 0.0866921741855338 -0.255819258022035 0.28411120719467
0.0913925572275026 0.238074637687935 -0.341686558608772 0.222419632701964
-0.0530802604981457 0.325885556636421 -0.304840842265012 0.324285175322264
-0.0830975897690678 0.317174778958685 -0.109400552659428 0.20088599684902
0.0943806450776481 0.209133759916598 0.220537052680581 -0.0406192530723704
0.153364658181763 0.0748144738979684 0.0215713599024184 -0.323185659776704
0.125657652695625 -0.0496507471832955 -0.329964864597335 -0.224374323251927
0.0854886274997635 -0.118719877384204 -0.356924656668449 0.121767457452636
-0.00349431417863522 -0.144213854797651 -0.150120264679022 0.25784592211547
-0.0638348050977304 -0.105120491361492 0.0142094295679671 0.216407667664681
-0.0810594403185672 -0.102976642650218 0.102799988249868 0.144299994132998
-0.0788133213946539 -0.110887837087244 0.172307031926832 0.0859550562409318
-0.0377380803150329 -0.191883158211207 0.217947903201545 0.112071643890861
0.104220758465558 -0.201349517253109 0.192448120842095 0.206123937941211
0.212176952906097 -0.0965268406512471 0.0431312272465069 0.288900141364957
0.283636332785 0.134323041459342 -0.165625506969601 0.316139254291285
0.129710681321059 0.36958296782584 -0.28971711843783 0.226623289101319
-0.101532272710634 0.45102419587703 -0.23780386010243 0.232110366646096
-0.193984622242834 0.378251920802793 -0.0560715944656338 0.0895483567619356
0.0446258727220059 0.352264974376472 0.259036279343386 -0.0684075002968568
0.211536844414995 0.206868151904701 0.117117603824705 -0.352586941827585
0.241492230024693 -0.0343516763481244 -0.25816652106478 -0.304633697801352
0.157038941137392 -0.179921704598446 -0.335215582404318 0.0200134435146844
0.0109029812496204 -0.22490901055766 -0.180497557029109 0.172564384380018
-0.0888292833772128 -0.164260309144872 -0.0353054434592536 0.160293896435267
-0.115903724334032 -0.142818277562441 0.0594636523947584 0.0947470830814116
-0.106385106870765 -0.14407507869622 0.133828327127981 0.0236148319797993
-0.0592548129020526 -0.240171090198002 0.208086431405497 0.0205691386297808
0.105575064499045 -0.268437836672049 0.247083429520437 0.108638813167131
0.251284205074709 -0.16484337366062 0.158140072042798 0.241522331043667
0.367746132089903 0.126789674871374 -0.0624482405646341 0.316658664575571
0.174401828659947 0.42771558375407 -0.239410642336485 0.214825460034234
-0.117335503024657 0.509906931157985 -0.16946439636702 0.113110543487548
-0.277021285904271 0.371319725107782 0.037583642466449 -0.0467974604242576
-0.0416833511433251 0.427976993051417 0.300558718599625 -0.108878076578079
0.202268356881203 0.318263335401942 0.218908483556715 -0.350143416416763
0.311532721648319 0.0139094837591899 -0.134601952057653 -0.356184199043536
0.212934249917988 -0.196481358390632 -0.263383812096978 -0.0979881572787885
0.0334736725077996 -0.266409264947174 -0.193022532505365 0.0555779054526152
-0.0981267660904899 -0.200329985828166 -0.086451092189755 0.0795829711641268
-0.134575839223342 -0.160815611256226 0.00828190037903897 0.0320593773551165
-0.12064889475977 -0.153926792100663 0.0827249057399611 -0.0427961360080364
-0.0717637889297259 -0.250580597274681 0.176724188563994 -0.067816637873621
0.0930428619328393 -0.290698509159841 0.265618849859309 0.0050348697385201
0.252437621147167 -0.198050760469997 0.237484264915012 0.17178817941592
0.386355907403849 0.109458714698817 0.0205538429534987 0.284037998951871
0.177098176311352 0.421596535029942 -0.199717618853918 0.184166860374335
-0.124431570912201 0.491535574316837 -0.107240619468937 -0.0139006182538787
-0.29927907545634 0.294600641130002 0.149419530675586 -0.1829115339219
-0.12206143911379 0.399256027002332 0.339095899618276 -0.150980218940631
0.134589452832782 0.346926609958468 0.297572160825815 -0.315592419050911
0.298897841468179 0.0639748556077546 0.00285138121612285 -0.356268262838763
0.221244946495375 -0.167579186815388 -0.158827469072638 -0.198896551962754
0.0505201746618875 -0.254342999900377 -0.185533720119586 -0.0653523279920824
-0.0886361340480454 -0.200383952727435 -0.130413872631292 -0.00993435605734097
-0.131760934874614 -0.155490738583415 -0.0420341113546311 -0.0327022815218639
-0.118171362833204 -0.146695453054908 0.029311979059664 -0.105087884347553
-0.0689259079416387 -0.230603175347853 0.136937580729548 -0.140766866707009
0.0823390833486456 -0.26763581718932 0.2623944128655 -0.0798698768425564
0.233167923514006 -0.182455323671819 0.276874659730061 0.107974835411228
0.344622411844791 0.107522282133791 0.0706990978637305 0.240717328273905
0.124044935936944 0.376735776598168 -0.168012271145386 0.145902840336705
-0.138085550090809 0.404077229628704 -0.0472423177827389 -0.123775431716579
-0.25313568670291 0.16925106037336 0.247473786954813 -0.294488317957557
-0.155574703965995 0.2795828664687 0.360293052050489 -0.181082534703933
0.0536138531154674 0.279335589763709 0.335604090114764 -0.266106395621114
0.217304820122161 0.0772484037007506 0.111766061128894 -0.322552576124991
0.174761584794808 -0.113542681655278 -0.0631420783552778 -0.262913182083588
0.0509943999962462 -0.194353130899429 -0.169685645242355 -0.161733551671778
-0.0652801178628569 -0.163926243268044 -0.162443941417148 -0.087536401769364
-0.108158151175562 -0.127875416455997 -0.0834780479103563 -0.0897689962850126
-0.0989498777765032 -0.123632203545297 -0.015830800891207 -0.15770104081891
-0.0541430641953151 -0.189424103828526 0.104398117888919 -0.195587338657878
0.073507173427985 -0.214022765995041 0.253441428190688 -0.139448774329807
0.20554353749272 -0.13225858684948 0.29329685663645 0.0689321525205803
0.26030551578151 0.123959226857905 0.0956868907058474 0.206910738080567
0.0385314753566911 0.305587409861333 -0.138504424997106 0.110795090167212
-0.155878389039862 0.268618411096298 0.0160596502176508 -0.201342194277209
-0.155854666489367 0.0179979854077929 0.300543303326298 -0.366851437691983
-0.139104680057608 0.11338613324902 0.355201895554483 -0.195091547385714
-0.00879905986615917 0.150911044900049 0.334918366709888 -0.233045506931926
0.103069456251375 0.0545582441292488 0.165204665484335 -0.292053460102791
0.0931505529014764 -0.0505331308140859 -0.0131100770768632 -0.293610744711778
0.0385282044650268 -0.103434831781637 -0.161150793024137 -0.214492837341556
-0.0333398304723717 -0.0997928404790934 -0.18249052755066 -0.137560488909877
-0.0685627208648015 -0.0819953492567417 -0.111948286877447 -0.130506615614613
-0.0663075308620343 -0.0873177135598642 -0.0440256197044904 -0.196161962463465
-0.0339006445471413 -0.13117361390859 0.087386036145881 -0.233584865839706
0.0608715430764307 -0.143257907635703 0.25361997548694 -0.175997298884339
0.163780781401138 -0.0705416475695611 0.303630408121957 0.0548592779366188
0.157042265213891 0.134130104981514 0.107552379371207 0.193570314690663
-0.048391181899858 0.210266549510438 -0.110667831162877 0.0884372371688116
-0.157455765742542 0.104852186722773 0.0783392711169575 -0.236143117183549
0.0991391920066015 0.0532925752155465 -0.0766741001729732 0.288270541349846
0.0525728576751809 -0.0818401428220466 0.169101124327569 -0.0479140861488211
-0.0460087690060454 -0.0822414006743292 -0.097633147081467 -0.238150171392518
-0.0706654841732703 0.0259218199061961 -0.330583883759422 -0.0802875900531204
-0.0103274552353871 0.0526818732469577 -0.290574806791989 0.222625283327192
0.0109861966289554 0.0347954749274894 -0.0633274097754309 0.296669923342659
0.021883387927319 0.0249513808060169 0.0746541775462982 0.219325349204885
0.0136758686249829 0.0128545669822443 0.144102953394272 0.159579644613799
-0.000130028791499699 0.016692922568441 0.193170236060389 0.135618798592137
-0.021156185095734 0.00559907245452648 0.187021694309762 0.200231171720294
-0.0109929110618615 -0.0142970346305367 0.0686091776792891 0.276820416901355
-0.00125139105985505 -0.026054178126632 -0.131300337145273 0.281546137123539
0.0674760573974674 -0.033798501911839 -0.279372251739644 0.260502003329748
0.099318372422508 0.0460390328050857 -0.359797182498871 0.221198710595709
0.0497131099974436 0.149285159919 -0.316930328266992 0.380918419935253
0.0340257182386363 0.195112292853879 -0.10079532302902 0.267172435206868
0.0957219730894264 0.0444950827457516 0.181219057747503 -0.0423564399592464
0.05441305568462 -0.0321328051578024 -0.0612759398460194 -0.27029134013324
0.00930148514179678 -0.025543062771497 -0.342996114411439 -0.123778479019778
0.0220741441146304 -0.0329778701055257 -0.318020484097222 0.198848253801835
-0.00696859980293166 -0.0479694272001055 -0.0904667185080205 0.293476066657016
-0.026029029939164 -0.0336967430991392 0.062121545010531 0.224714546019368
-0.0375335817526343 -0.0429648791638078 0.136585889746928 0.155931387181632
-0.0429227291798238 -0.0497960665854541 0.191531713921326 0.113496389804752
-0.0289912996496418 -0.10037788097053 0.208896990713309 0.163045893521585
0.0566355601054513 -0.108739699437021 0.129530580152412 0.252717236572408
0.115411949086497 -0.0444611275407713 -0.0573804016500628 0.290675257430008
0.167397394440223 0.0723314232258356 -0.229791434040018 0.289271920606492
0.102058943978746 0.22362512497069 -0.317778166938955 0.229733278427196
-0.0312762899583608 0.31805140168535 -0.275144884723513 0.328010622200771
-0.060266692939826 0.310265480975361 -0.0947748787684218 0.200417345836481
0.103202844567565 0.194096722059193 0.20775382569921 -0.052655089109115
0.152120269672976 0.061124574173522 0.00283804289512064 -0.314919424420512
0.116929492565365 -0.0554098681728336 -0.328874036649283 -0.196291420544141
0.0738020370985848 -0.119177822945147 -0.334547534305213 0.137881737340075
-0.0133923844439944 -0.137857507897807 -0.127696715789077 0.255184707495933
-0.0676064617395823 -0.0967001625731444 0.0268303432995286 0.20433901355613
-0.0844062329619058 -0.09266620216785 0.108142334949222 0.130110845124262
-0.0814707181003862 -0.101518231386248 0.169550742315071 0.0689299241605689
-0.0495853538738867 -0.181975291152485 0.217176643444467 0.0914075645153164
0.0856722556325122 -0.201450904127297 0.200019416576099 0.185680404792758
0.197259208610888 -0.105229801834543 0.0545026454278885 0.277370711075774
0.28007600360327 0.111803766374497 -0.142272163297637 0.315751788011115
0.14754840597183 0.347846292383346 -0.267506366461455 0.233037640890175
-0.0717509550695749 0.442251190859777 -0.216336625591817 0.236168886028051
-0.16258621615231 0.377459023060979 -0.0504471814950939 0.0906800434489815
0.0641878768359928 0.334258394088318 0.244002698184136 -0.0807047494556651
0.216612847642929 0.184506705860159 0.094057515919256 -0.348903839696682
0.229108143032662 -0.0485457087105197 -0.264343964124125 -0.277841761445703
0.138416822583789 -0.183474401974579 -0.319365279042291 0.0386534756551251
-0.00529309681640624 -0.215429117818527 -0.162722143623733 0.176614914737406
-0.0965666940745131 -0.151431584074204 -0.0231786110493861 0.154967210593786
-0.120140431667835 -0.128427737440393 0.0634164406852741 0.0863632382641163
-0.110026107457651 -0.131289147448181 0.128704520893225 0.0120898997227851
-0.072798497018544 -0.226262165270953 0.201440220821803 0.00358158107391709
0.0823479825366786 -0.26541884287084 0.246935995695537 0.0869405312835806
0.230910767493439 -0.172427163065168 0.163372082551076 0.223656945174176
0.360040200568961 0.0974664001081577 -0.0440794847175775 0.309889028722899
0.19375922815251 0.399498021303717 -0.22033544379751 0.220101026163657
-0.0819559003815035 0.499305195809525 -0.157338013539033 0.118643526314005
-0.243457665156254 0.374682906202628 0.0314797600827709 -0.0460327702664749
-0.0137328130606901 0.411617960709814 0.282177768503633 -0.121506212362331
0.215389234931222 0.29119748282499 0.192774182127517 -0.351580256859016
0.298982208672809 -0.00539335875683875 -0.147976436597253 -0.334205193378137
0.190630116701876 -0.203122933852962 -0.257242620709948 -0.0812299231384701
0.0131206368863359 -0.256420511478078 -0.18222204156737 0.065475193028914
-0.106426100551007 -0.185174325508099 -0.0768019343234258 0.0818743400855858
-0.138711594769446 -0.144021191189858 0.0104202539142902 0.0306619225797434
-0.123773733470362 -0.140422704955779 0.074719115820632 -0.0480422781756627
-0.0855354423438578 -0.235962929062825 0.16562448944155 -0.0782057083465646
0.0700016959535845 -0.284705027873199 0.258145495861275 -0.0145801980605628
0.228521815789479 -0.205074403740469 0.236241462690367 0.150626920780609
0.377678351629893 0.0780720711763146 0.0333893331405369 0.274004296707425
0.195969616296508 0.393889615205538 -0.184395859403018 0.189572158353495
-0.0900964180751609 0.481704481549918 -0.105020767785706 -0.00630617377630602
-0.268836997171982 0.300943327900811 0.131848706435527 -0.183769686803522
-0.0942505515328651 0.389986023393243 0.316796077143304 -0.163043731355153
0.150295087941187 0.324893109104416 0.270417612611862 -0.322032116052369
0.290971974955129 0.0433626072747265 -0.0144197687682923 -0.342361729025748
0.200397008471568 -0.174976698019898 -0.16312265634496 -0.185082882668676
0.0307562923519754 -0.2467744632863 -0.183400692050183 -0.0515699522198156
-0.0981948540858573 -0.185557468579331 -0.125103720953756 -0.000406139901127035
-0.135404994046953 -0.138972746667971 -0.0410906791032122 -0.0280682070842034
-0.121146217455538 -0.133090986046077 0.0205221020709574 -0.103253106444903
-0.0810350422379719 -0.215650602544193 0.122336843632122 -0.144785699291675
0.0610988421896209 -0.262117549158037 0.248649698448091 -0.0952169935671909
0.212727247379046 -0.189118017292241 0.270214130587677 0.0873459018323506
0.336038631226339 0.0799629180179766 0.0796656054818087 0.22952730000334
0.142808138686632 0.35495793530459 -0.155688332093307 0.151114230653287
-0.110017179570635 0.399794677794204 -0.0527900042259905 -0.115440237360747
-0.231769277900652 0.177448976523511 0.221497264832829 -0.296027649574642
-0.133477219496423 0.276088548000769 0.336797773292552 -0.191166307847921
0.0687873393564191 0.265060239231776 0.310678572896983 -0.275117594379974
0.213029897613681 0.0605864567803383 0.0924582200336031 -0.316213474254425
0.159559554445195 -0.120482058178067 -0.0755641429134442 -0.252706963226379
0.035186848745033 -0.18903077321191 -0.173734732534126 -0.144780131756098
-0.0740366331047466 -0.152648221442078 -0.161560964847087 -0.0720453142936416
-0.111727836392959 -0.113653891704873 -0.0845374462311094 -0.0797230788920699
-0.101753915867323 -0.112167727289378 -0.0256045962585974 -0.150296685711366
-0.0644665422887089 -0.177633425531144 0.0885460330753568 -0.194571133474136
0.0573864375426693 -0.209846299711464 0.236096121229821 -0.151507640869656
0.187981452640599 -0.140157328436396 0.284599769645634 0.0484601192127111
0.256082407216841 0.101458369533808 0.10157349279689 0.195507960080976
0.0563363355146362 0.291978750907513 -0.127664445813978 0.116863209951373
-0.134036528589848 0.26896461103741 0.00349348766568496 -0.192701800811839
-0.148265041603494 0.0264122460002614 0.266014217943585 -0.369042120306668
-0.126517481066686 0.117988753411915 0.331000203630531 -0.205283291393542
0.000344961587353675 0.14540842284859 0.311142998303323 -0.24273136258196
0.101450635585282 0.046750419739664 0.145041325141661 -0.29198243767824
0.0852237059370617 -0.0550701853474008 -0.0301023807047998 -0.284519726181664
0.0298648559208337 -0.10147670506565 -0.169466327210828 -0.195704973651342
-0.0388794270786857 -0.093437071790299 -0.183584691331446 -0.118435604940326
-0.0700145759798288 -0.0723260131845189 -0.114186524504427 -0.117435106452149
-0.0688179394213717 -0.0790042612600251 -0.054990232597765 -0.18444593775547
-0.0415416124545897 -0.122414801245699 0.0705748979550816 -0.230469658473618
0.0493934627130784 -0.141146287173752 0.233032367558764 -0.186296233341657
0.152081677463013 -0.0776415461015861 0.294182649081786 0.0351425774895557
0.158359617249401 0.117712448015949 0.112690034607701 0.180744244688361
-0.0331848570913903 0.205094652322855 -0.102263636442249 0.0936720328647026
-0.144936751909272 0.110774283557634 0.060623771683959 -0.230457906456675
0.103992558196091 0.0389187533618672 -0.0440930273598524 0.276194462848815
0.0397857578845973 -0.0828956688502509 0.149073993493644 -0.0642062381891687
-0.0559258606280805 -0.0712658003567928 -0.11997070757339 -0.207242462517199
-0.0633461474846594 0.0318187464562439 -0.317945120796354 -0.0289502474028853
-0.00367669808421191 0.0486142460063812 -0.239805172520567 0.246492644787611
0.0151615656998439 0.0311983710113106 -0.0213164720750601 0.284326283388301
0.0234917796022038 0.0211397128868904 0.0971433381361632 0.195639193506871
0.0143710930358991 0.00974436603087828 0.153927230210649 0.127137078099284
0.0020349497462443 0.0136875681349683 0.195423028697825 0.0994572988445529
-0.0188449935243079 0.00579014438338701 0.201840198461434 0.159684770754854
-0.011123421978869 -0.0146606420121477 0.0975972470554058 0.251189865272926
-0.000606627515907939 -0.024099018345176 -0.0911932667290239 0.284956786761385
0.0595891361409444 -0.0398509914059708 -0.229840175450592 0.276237771439607
0.100428287852554 0.0323964876075514 -0.303979665418906 0.249601422575577
0.0709905924908578 0.13344867145784 -0.249704281557496 0.402849969870892
0.0615212326423815 0.185025910800796 -0.0659899121268277 0.247492968411509
0.0951931936509739 0.0294165622964193 0.159073407135787 -0.0647874738590397
0.0444024210603684 -0.0381548883329622 -0.0949291958966038 -0.245817115840535
0.0040582658370388 -0.0243190214574516 -0.338301801631167 -0.0672454936552897
0.0154156772508391 -0.034381013109707 -0.269919058915838 0.229642189038116
-0.0113830347331165 -0.0431980635534515 -0.0485349541853035 0.286948363421847
-0.0275083847037147 -0.0275699082413002 0.0843147690947644 0.202818107547851
-0.0405684646674531 -0.0352862434530735 0.146527455941228 0.124954025727683
-0.0456781654701732 -0.0426045092410051 0.190068054198002 0.0786377423782697
-0.0404221289005076 -0.0901882532402098 0.214584225928722 0.120294498039542
0.0369357647651602 -0.110715926205909 0.151160421794495 0.217799054227455
0.103983666779119 -0.055948418656801 -0.0193662928346459 0.281108456471612
0.166632063445241 0.0433031786401863 -0.174753764948584 0.29743300717328
0.125677799290919 0.194302208074086 -0.258434784064207 0.260268329917961
0.0194118037958183 0.29904105898534 -0.218633209606496 0.353361012097782
-0.012786673802055 0.308710397957337 -0.0643670901138629 0.173661419685707
0.118989521991238 0.167625096260981 0.182354267863451 -0.0827954236866942
0.147603478298752 0.0366137449988339 -0.0432657526911258 -0.301612350376165
0.100430562529825 -0.0643366353307576 -0.339045062595979 -0.137293570167479
0.052417909681843 -0.121068079253986 -0.29828669914097 0.176942020947916
-0.0292419248709632 -0.125265228857894 -0.0904463426956395 0.258433680167349
-0.0736691041815219 -0.0798204142894239 0.0475667613065233 0.190045878542891
-0.0900533347926599 -0.0750917231393508 0.116268190630102 0.105591539054163
-0.0882160685172079 -0.0844103174821382 0.162752201152045 0.0397423406165964
-0.0701936988680703 -0.16129122955296 0.210680772014487 0.0511357736993893
0.0507859693796063 -0.199912546035665 0.207194749908439 0.143644638203825
0.170620894489571 -0.122613487652947 0.0841738285435986 0.249852353525516
0.275734346194752 0.0628010060968238 -0.0870922999861143 0.310011062481566
0.182598189738008 0.300632932380241 -0.206858920534088 0.260873331005843
-0.00249115813196309 0.417746172714253 -0.175785855375987 0.26308799802779
-0.101334607940867 0.385732401899798 -0.0286634013572597 0.0584783991668469
0.0993180069491954 0.302705883963395 0.214661319738582 -0.117502598790299
0.223374151970793 0.142874405612887 0.0356868038729444 -0.351644309423197
0.205945365125872 -0.0712425992959203 -0.292802381802091 -0.225168382570706
0.104212958079231 -0.188498085952939 -0.301901099400259 0.0804262153024747
-0.0313504513350081 -0.197904377412614 -0.135650208927963 0.190834989191514
-0.107116312663993 -0.12745745084088 -0.00712622529810412 0.150897697411633
-0.127690780878929 -0.102959270333617 0.069505242849817 0.0705013672380058
-0.118819463109243 -0.108350738142247 0.116693779389883 -0.00735305358162718
-0.098194943784003 -0.198849956989724 0.182969850959404 -0.027876665477572
0.0377391833571813 -0.25817762165708 0.236487531610235 0.0451944700005856
0.191678716072052 -0.189977043249916 0.17849485754777 0.183683232640999
0.348017062624144 0.0375676592417711 0.00473467500526286 0.290490112613877
0.231171863568289 0.34156021273476 -0.161215645196102 0.245321493342998
-0.00453446715416054 0.471826628990307 -0.136871150967514 0.146530620950645
-0.178879419137524 0.392755370290692 0.0370017905921204 -0.081278632339977
0.0362690373229473 0.384582490537641 0.24738677487141 -0.162593894731885
0.236204853740539 0.242934145352369 0.12940278935599 -0.371580776752208
0.276518551367794 -0.038877410322234 -0.192925411695762 -0.297831638091829
0.151196833423685 -0.213541061933472 -0.26291581842362 -0.0401316325776449
-0.0198607565116697 -0.239198347641504 -0.170460378603955 0.0900213690338134
-0.120681873446817 -0.157025633521883 -0.0684147653547461 0.0894962408764926
-0.146346196888241 -0.115419271272048 0.0132276926876257 0.02643525337162
-0.132430800428723 -0.114907484239641 0.0588664065911083 -0.0561327607795452
-0.110538382505479 -0.205016380414678 0.137700660500516 -0.0986888388269558
0.0230175073635691 -0.273900516990183 0.234033815338916 -0.0513635901103049
0.183976045682091 -0.219241363161251 0.236291359844136 0.10431884577317
0.360055855425918 0.0172431747834556 0.0730305264411969 0.246894540290034
0.232823703793399 0.337250071794031 -0.131566171725792 0.212316565753329
-0.0167077583841092 0.454301716662762 -0.103747271828016 0.0223165356642237
-0.215476587262817 0.324921628578091 0.117215804069874 -0.216813760910216
-0.0421159199394585 0.373087981314223 0.277147848384824 -0.204241804985441
0.180136838017736 0.282159376694452 0.209519288912354 -0.353510247539599
0.274565838563359 0.00621928131913055 -0.0670621982686458 -0.326336996876362
0.164736262292817 -0.188321330965349 -0.189230869226958 -0.152366554478836
-0.00219828462998959 -0.232311240988285 -0.187524279131248 -0.0200966692377133
-0.113845285093558 -0.159397685505593 -0.124648107120557 0.018554986192692
-0.142949347300404 -0.110811429453867 -0.0426348625191928 -0.0209860854240521
-0.129526084111956 -0.10839525719865 0.00158693724322254 -0.0991522215977183
-0.103264359325815 -0.187247008998489 0.0900164617216693 -0.154466401236754
0.0187550329506581 -0.250697527648784 0.215685742684334 -0.125814503866445
0.16962663987816 -0.20178479762333 0.261943531120203 0.0410432578125716
0.320684603716744 0.0245764066443064 0.109790709727351 0.200747169252891
0.178201886476939 0.305951963627106 -0.111232250441429 0.173118963712305
-0.0466990616223142 0.381168357412608 -0.0693458271811386 -0.0893600836014395
-0.197659448994099 0.199960442973166 0.186371996422947 -0.323554039116584
-0.0920784562385477 0.272012556443251 0.294776080693056 -0.229069385798206
0.0968311118400524 0.23625466280056 0.256913296168171 -0.311215310252074
0.2039429322398 0.0315945833943534 0.0385482473818838 -0.316863038305501
0.133678849915903 -0.132355228003688 -0.113788668717007 -0.229270380695636
0.0085286495856331 -0.179614289542602 -0.189440123156588 -0.109736098996614
-0.0883421709395342 -0.131644290617647 -0.166662184278455 -0.0446337517031717
-0.116736497928596 -0.0901034575961473 -0.0893710234270789 -0.0628533660124848
-0.108953766218075 -0.0900345554460655 -0.0458950084203015 -0.136454409116695
-0.0831483995734822 -0.152745254479215 0.0533306578375146 -0.195715727154162
0.0220545361287076 -0.200820279536978 0.19792686380234 -0.175255884550698
0.152688047367638 -0.153635926470975 0.272116856902015 0.00362379696873971
0.250249369015334 0.0548602937480133 0.126084677378137 0.168765133670197
0.0910432034107471 0.260352089530623 -0.0955487154126853 0.138090383508687
-0.0874384562369106 0.265331655206768 -0.0268002175262126 -0.173730164024652
-0.137437030013916 0.0427167126592231 0.215407403122666 -0.383025000817347
-0.103808247666989 0.123206230379851 0.288497735210782 -0.236223010015404
0.0184395074786093 0.132848380338503 0.262672752220729 -0.275046239694516
0.0990819219405416 0.0311122149124601 0.0950373356220934 -0.298349906954193
0.0729418977051051 -0.0614939213569346 -0.0717648143841282 -0.265355308525989
0.0146156842647008 -0.0980101658163356 -0.188360138389918 -0.159834131338451
-0.0490917015201546 -0.0805298072377814 -0.191567306581027 -0.0861034470678759
-0.0737171923782037 -0.0564409897954915 -0.121007021826162 -0.0936607386034774
-0.074453869581525 -0.0630184129626173 -0.0766691338184205 -0.16468203694068
-0.0555647745658144 -0.105323856375773 0.032910232538421 -0.225339859241589
0.024596746929433 -0.136053572787799 0.192432453549277 -0.206113993512047
0.127779366012768 -0.0928357516393055 0.280226420469136 -0.0090173344395674
0.161566332220838 0.0842551005262298 0.133374074211949 0.15581359204711
-0.00157673654304548 0.191906115664723 -0.078517995606304 0.11147595934164
-0.118515835469683 0.121691683569033 0.0221965262799702 -0.220614362383291
0.0991817907473819 0.0371433450816505 -0.0404144764363948 0.260881079614774
0.0375867038498543 -0.0771504731064388 0.139170956901487 -0.0598189145058674
-0.0539076558295311 -0.0670315303794968 -0.112576054296335 -0.196048530369624
-0.0601061646070594 0.0304840957885676 -0.300168764032084 -0.0299751602401159
-0.00253243459019785 0.0456559221247648 -0.225001824420801 0.23237093275018
0.0146522102379911 0.0290998182244375 -0.0208168423664259 0.267454384185213
0.022303455418941 0.0200220435890839 0.0886459850521103 0.182870485402207
0.0131280533088663 0.00858270049797946 0.144624377573232 0.117484097002912
0.00215817305964446 0.0116330056123772 0.183712563499593 0.0910300217525647
-0.0173179308462465 0.0050979566907254 0.191503403464867 0.147275813352503
-0.0108692630942515 -0.0143365293221614 0.0934812297923415 0.237893314175556
0.000230571397900161 -0.0224283150575706 -0.0868112043215617 0.271748823134889
0.0548612316647329 -0.0374514393196462 -0.215618201558418 0.259925626871108
0.0945675679801755 0.0304814522547191 -0.288841911047525 0.233494922237469
0.0676216276034429 0.125904139419221 -0.237817160625465 0.378914393638493
0.0594407723224198 0.174792442798128 -0.0618778509904403 0.234439337893806
0.0899563307491072 0.0273376594510876 0.148555722711128 -0.0600923873609921
0.0406736974578501 -0.0361413246340712 -0.0883695532936351 -0.232804554178005
0.00318700804285454 -0.0224367221673448 -0.319019423458604 -0.06530104186176
0.0145380793750184 -0.0324365937553752 -0.253594528145163 0.216952951346911
-0.0111470334483703 -0.0404502362848683 -0.0452852244573951 0.268906323689233
-0.0256879909265735 -0.0258165493840695 0.0785096172329762 0.189187411697517
-0.0385784224449733 -0.0333343787843914 0.137392551777401 0.115425093689669
-0.0433153502534668 -0.040729622124179 0.177395530534571 0.0712314364145052
-0.0391864617797866 -0.0851821438698306 0.203331946542776 0.109773374424067
0.0337018318445472 -0.105120666088333 0.144501523775295 0.20521491010205
0.0983842939390217 -0.0524495215468166 -0.0193746656425423 0.267625899597476
0.155972530189633 0.0404426775671727 -0.165526214214493 0.280777543775223
0.118691031027579 0.182892455092133 -0.247029714088454 0.241089564392812
0.0189158882973051 0.283160504887839 -0.208551204957711 0.332254847497623
-0.00990962871554174 0.291664170569311 -0.0602131426198679 0.165627816618609
0.112577335434802 0.15751146513859 0.170439847411386 -0.0765854898670403
0.137768299531856 0.0334053242409597 -0.0399895882662435 -0.285839968094754
0.0933325379904418 -0.0609301085375291 -0.317549353097624 -0.131708887900382
0.0482866732288798 -0.113996672978282 -0.279745721117848 0.165965839787249
-0.0285635442574806 -0.117230650858362 -0.0849322921230606 0.243214789564507
-0.0697221813408901 -0.0742019854686672 0.0446983923140623 0.177832515501131
-0.0850738372305806 -0.0699272446644074 0.109922277497162 0.0971681735043925
-0.0831243416833931 -0.080384185958103 0.151398622633612 0.0350081442590909
-0.0683075543981613 -0.151353274010846 0.199102960326806 0.044761291318813
0.0449527576126371 -0.189008944977329 0.197044680488756 0.133624451215397
0.161031635251663 -0.115940524773442 0.0778495796640717 0.237899552922899
0.259281487694479 0.0577646588828077 -0.0838326700895245 0.293263851325218
0.173175714367874 0.284000619202884 -0.198702237159943 0.244822348974565
-0.00145562416752227 0.394588785334465 -0.167194622877781 0.248395438962919
-0.0937050407069087 0.36483700449791 -0.0272536809356524 0.0576145770516886
0.0938314616314543 0.28456837674832 0.200132789514102 -0.108862156922262
0.210124983204286 0.132741471861905 0.0349463017510535 -0.333853340608371
0.192828932633266 -0.0678391153702912 -0.273548405793974 -0.213862562874034
0.0968011976573515 -0.178111444738648 -0.283460630364217 0.0746811778057591
-0.0315984648816007 -0.185959546071701 -0.127744844559432 0.179822881302791
-0.101485960812966 -0.119320890951728 -0.00665516305568492 0.141887903572963
-0.120294952660869 -0.0957690427842205 0.0653684135447435 0.065321471646358
-0.111052765066248 -0.10198666888586 0.107808340933224 -0.00888390542470414
-0.0940120603514006 -0.186397588346851 0.172348100686515 -0.0289734677149629
0.0329699314870115 -0.243814410877281 0.224480811974748 0.039405313701774
0.179548688776013 -0.178851086109559 0.166821516095013 0.174856821405755
0.326362894572327 0.0332239230128613 0.00232216190090121 0.276377636805029
0.22047701253387 0.323452600683574 -0.15540709456606 0.231153972367068
-0.00395849845371193 0.447154045075996 -0.129869413739051 0.138581345866872
-0.16831782509313 0.370479095439266 0.0337825663421334 -0.0742117979314511
0.0347686132978614 0.361775991752952 0.232717469999439 -0.150837557287465
0.221347846296481 0.227368521030212 0.123938681320388 -0.352417572192014
0.259526355094978 -0.0380332412214939 -0.17839999189306 -0.282241233173364
0.140388252934955 -0.201637616223379 -0.247193005283957 -0.0406902820227365
-0.0209137487766746 -0.224609195941337 -0.161303650225302 0.0857795758643122
-0.115092505333393 -0.14678722080795 -0.0637230780076728 0.084980963512639
-0.137591683515421 -0.106673960545199 0.0124780563800085 0.0240322758331538
-0.124888162742908 -0.108422243375586 0.0539765802470161 -0.0534227536932606
-0.105116672981861 -0.191723066894307 0.128894478897084 -0.0956723424423219
0.0190702464539763 -0.258605558946704 0.222138764676771 -0.0516555786197104
0.172071995058347 -0.206090183839908 0.221657668003216 0.0998426348153322
0.337250979541123 0.0135310553372265 0.0670782305345569 0.235190782331399
0.220252475298183 0.317369917416321 -0.126268666038077 0.201564641884158
-0.0150630094106204 0.431905848423381 -0.0982609709668322 0.0220055149226244
-0.202660913811881 0.305911783387287 0.10997899870505 -0.201852990899502
-0.0405253723412318 0.351189536728321 0.261318727175691 -0.189648076177717
0.170144940392824 0.26323879987951 0.198901345261748 -0.335516810813581
0.258052594772566 0.00510366701759861 -0.0598821644958248 -0.309501970163638
0.152805635110352 -0.178579411460591 -0.178548108911906 -0.146902690102017
-0.00436196458697904 -0.217821681190628 -0.177223376559439 -0.0180309780551463
-0.108223494730061 -0.149050938664781 -0.116291304620061 0.0194380545773028
-0.133446079194496 -0.102602508992827 -0.0396244137396979 -0.0195687702835139
-0.121387912062473 -0.101555093220683 4.94652150770801E-05 -0.0939013791548132
-0.0983613415939951 -0.174682293387112 0.0839093845379795 -0.146768638934149
0.0152203078876699 -0.236578268621409 0.20378987133946 -0.121084188457065
0.158075140900968 -0.190004331382752 0.245994901999629 0.0388573636843576
0.300085578842653 0.0212208200916429 0.101770330561312 0.192142118055146
0.16929705757231 0.289237258021643 -0.107216807980526 0.165240768638322
-0.043265611587336 0.362084997089459 -0.0655972771564411 -0.0829911373983448
-0.185880584691741 0.18814713987106 0.175658803199303 -0.303335279177405
-0.0870507444711396 0.257368378755018 0.278280248672397 -0.21373013162311
0.090620976705311 0.221369498251063 0.242701464297077 -0.294486109275128
0.192204689584732 0.0291538521919146 0.0403583444161149 -0.300050058599472
0.124643262184854 -0.124788286279232 -0.107620183547958 -0.219571627105074
0.00653782842953587 -0.168951143651284 -0.179817072239688 -0.102325119305882
-0.0833681872934291 -0.122369843648009 -0.156007068487706 -0.0403324666827256
-0.109265971578345 -0.0824477177925953 -0.0838886699327468 -0.0586805956123968
-0.102607590210829 -0.0840660304326167 -0.0438923707297077 -0.127879935746744
-0.0783353777021223 -0.142999667469072 0.0493647365493715 -0.185455372360808
0.0200514714911158 -0.190078910568531 0.186657979514303 -0.16855572281213
0.142470938236847 -0.144023578372426 0.255579624019884 0.00265278244539215
0.23399433820352 0.0507253275573171 0.116546599223842 0.161478217780975
0.0872689443828513 0.245059269218081 -0.0902157175268285 0.131207914973345
-0.08141279890022 0.251441603679179 -0.0260397534127207 -0.162568265702492
-0.129542194415935 0.0397622847025843 0.205075483444912 -0.361353225876262
-0.0975833623587351 0.11653688424627 0.273390356819102 -0.22064211482508
0.0170107566408063 0.12412532529573 0.249254226649245 -0.259550276039041
0.0926484918328038 0.0287278165895722 0.0931839788605186 -0.283052658981624
0.067843443088667 -0.0578878857855045 -0.0685355996055003 -0.253307321221123
0.0129380193438977 -0.0926297271530413 -0.179432372508204 -0.14971312122643
-0.0465494370747344 -0.0751964645456801 -0.180439385569376 -0.0783496602286382
-0.0688187774633919 -0.051948570870757 -0.114522832773575 -0.0872268174877452
-0.0705893833677891 -0.0581171544152807 -0.0719431649387146 -0.15365028297399
-0.0533049170487539 -0.0981616524976582 0.0304709762841345 -0.213619005275396
0.0227169913084959 -0.128358233842968 0.180752837148361 -0.196079552950369
0.119045422312475 -0.0876405103530575 0.264265399726684 -0.00855952789511552
0.151446060509725 0.0779867449718023 0.123062200748412 0.149499615006191
6.09398920376689E-05 0.180980952852617 -0.074257425132978 0.106749165881154
-0.110984616429442 0.114940973961766 0.0202757955829393 -0.20668358822344
0.0965677353905244 0.0384619256849548 -0.0449015856482743 0.251901432911293
0.0385206707774931 -0.0736386153257806 0.135914778869525 -0.0540020600490186
-0.0514680816376282 -0.0656588608384944 -0.104276117500979 -0.193237691468446
-0.0586185997571177 0.0290074846477652 -0.291203917875928 -0.038730685561815
-0.00271904146837603 0.0438644547365724 -0.222404774679551 0.221385447920182
0.0131823802256168 0.027776288027576 -0.0259052909624172 0.258010060755015
0.0212738519018374 0.0194158690457219 0.0791623971269636 0.178185710546347
0.0120878813613961 0.00833604029948269 0.136238730058122 0.115355079004855
0.00118149125666115 0.0100593131320911 0.174460592589747 0.0906942218455562
-0.0167607114298942 0.00379002442179566 0.182010674381946 0.144929945024682
-0.00983255126892513 -0.0143101536916866 0.0861550391147263 0.233341973977078
0.00172024766229928 -0.021505765239072 -0.0915739086080621 0.264012515693258
0.0535255185760908 -0.034761662932007 -0.215930821219931 0.245031929469734
0.0910232599240014 0.0316394124116275 -0.288500890807649 0.215734783148202
0.0634139297747378 0.123697603353753 -0.240813859606971 0.360863721085387
0.0548854337053581 0.170484195999871 -0.0653052556988585 0.227111901087743
0.0863683282496451 0.0282746717423342 0.145054020745617 -0.0528423550796516
0.0391293666783304 -0.0346055879565096 -0.0798493096100435 -0.228370624685183
0.00270186712856999 -0.0206761641693283 -0.30637735981338 -0.0730246090588689
0.0151143188771918 -0.0314172318848705 -0.250221951821061 0.203765305032718
-0.00993242874386546 -0.0395051611919096 -0.05020638876367 0.259326016993666
-0.0246219580163581 -0.0248464647669658 0.0697005690776028 0.183948233921756
-0.0368725801939573 -0.0326634886512816 0.130084994970347 0.11282671101735
-0.0407314197834786 -0.0410533363452695 0.169494424962159 0.0713436147000793
-0.0363188451994627 -0.0833728897203458 0.194696413352397 0.108548521126089
0.0337234527445506 -0.101709243568001 0.13645540129725 0.201292854483069
0.0972674578313162 -0.048531930636245 -0.0271105089208961 0.26183157666441
0.149679664344805 0.042641025200538 -0.16801605431647 0.268103698277914
0.110932128665974 0.179391110218509 -0.248614505419218 0.226476089861656
0.0112288425189565 0.275763730521161 -0.211269422813964 0.316576384876852
-0.0150993648148641 0.283397164135939 -0.0624853135621628 0.161362534073171
0.104626610113396 0.15425648446908 0.166290462844818 -0.067758195335325
0.132164367144367 0.0343209050354409 -0.0312016103805802 -0.279652158338151
0.0907819658827818 -0.0561059749187277 -0.303344210356891 -0.136759317941214
0.0489345351266702 -0.109563353967747 -0.274859517746304 0.153779555551573
-0.025827306967434 -0.114289751132968 -0.0872035006730532 0.232781422009959
-0.0660110908072234 -0.0731668663425216 0.0383726399405579 0.171177666620518
-0.0810128157807908 -0.0691793168065068 0.104012480104595 0.0949170166351669
-0.0778959118376488 -0.0802812031255831 0.144464454755808 0.0349542904643925
-0.0639942968887449 -0.14808174387651 0.191289875155384 0.0451532474133184
0.04585610989703 -0.182808588556754 0.189164548165884 0.131794667389308
0.158174325171879 -0.108208814703897 0.0687217396587846 0.235380695870128
0.248559158307044 0.0614538038731242 -0.0901528354767396 0.283856173917763
0.161864428064536 0.279013782515261 -0.201812805794773 0.231413151577056
-0.0116770975607931 0.385013100239775 -0.169245158065386 0.236885140743193
-0.0989737925967207 0.350432762767214 -0.0290704847438619 0.0578143305769086
0.0837275059880594 0.277836500161035 0.195888566312532 -0.0979621796461911
0.200599656427251 0.132653817110423 0.0438162689167664 -0.324226055065529
0.187139227845885 -0.0614854122711803 -0.257455301537715 -0.216095855746143
0.0964344344327671 -0.170340490269789 -0.275929116817033 0.0639546111849063
-0.0275676100820118 -0.180383649685175 -0.127900858703977 0.171161201449568
-0.0962884996892885 -0.116266244026744 -0.00933268155471277 0.136185022839884
-0.11417359342559 -0.0942691585092316 0.0625601824415094 0.063149246591278
-0.105037897333721 -0.102452772767855 0.103496033329519 -0.00778234280928233
-0.0879731005756365 -0.182144535299611 0.167290144251921 -0.0269110127926465
0.0346216927952689 -0.236384454956842 0.218107012985783 0.0410925248908507
0.17712813619011 -0.169069154006878 0.156295286315795 0.175031834906744
0.314768450563646 0.0392653423474552 -0.00607565330651381 0.269761914184137
0.2068112673533 0.318192099683262 -0.159247530021128 0.220669901837812
-0.0141206864459835 0.435863579655034 -0.129922135592962 0.132346855667418
-0.172333291098448 0.354911676126743 0.0344393174796538 -0.0685540797971521
0.0244805917788215 0.350622416068364 0.227441139254932 -0.137614286737648
0.209761382667853 0.224185662421122 0.12982891410722 -0.340349724835497
0.251968746106226 -0.0313510804310469 -0.162471813070688 -0.279397807587002
0.138720251047826 -0.192360117560106 -0.238262400775703 -0.0475472856589311
-0.0162854064650251 -0.217343161580072 -0.158769169517244 0.0795910015675773
-0.108729526274853 -0.143883113134381 -0.0631912540261335 0.0808773530380154
-0.1302228405118 -0.10511494911914 0.01190068314523 0.0224221615637702
-0.118121577314866 -0.1083435160165 0.0523834935161273 -0.0516050334198497
-0.0984559341429202 -0.188280119804203 0.126570389710026 -0.0913566439225446
0.0224315360875543 -0.250667513157156 0.216894500053115 -0.0480040563142246
0.170193733746255 -0.195968837374149 0.211580295266029 0.102645721983052
0.325132564835579 0.0184420501457687 0.0565407548646566 0.23244507228402
0.207726119513466 0.312753098814808 -0.130425088890826 0.193516018312928
-0.0244700635763898 0.42064382000771 -0.0958401289801899 0.0199454784215011
-0.203567138454235 0.290865726007312 0.111747278705757 -0.191385379928486
-0.0478550632379678 0.339012069175256 0.256936401808959 -0.174156725140482
0.158558669956641 0.258694696773248 0.203137759171814 -0.320893195668715
0.249077118012682 0.0100126789722622 -0.0460779119921345 -0.303485252865244
0.151420714982968 -0.169729613001547 -0.169058304921466 -0.150588338532773
-0.000523857062170869 -0.211039320873203 -0.172323514291084 -0.0209573200100033
-0.101973014348419 -0.145716381307578 -0.112365481290503 0.0172138249652389
-0.126099758710974 -0.100505942534364 -0.0382249489944527 -0.0206424220371612
-0.114804165633488 -0.10123421853621 0.00138368935185077 -0.0917207671147362
-0.0920806255958135 -0.171090068395548 0.0841607905172791 -0.141699428536785
0.0188489267859671 -0.229377277297118 0.200568115060433 -0.115943763265234
0.156074397465724 -0.180271045076415 0.236110877646836 0.0442502000695741
0.288902097809268 0.0255327300653275 0.0920003311054284 0.191479217016427
0.158474359576477 0.283621358549876 -0.108914589626445 0.159456242159787
-0.0506005864711718 0.350867900308953 -0.0616618800105436 -0.0813090634504036
-0.184168002357842 0.178010955864012 0.178026842512669 -0.288867865181521
-0.0900969254192996 0.247593126681973 0.274715231560282 -0.197542005604565
0.0821571696301085 0.215649331601537 0.243914213699496 -0.279369454230552
0.184355239807172 0.0323481991870719 0.0499535732354237 -0.292381533726062
0.122038239548667 -0.11802733501438 -0.10007577899244 -0.218692482199937
0.00908385132587613 -0.163746372961311 -0.172744932435397 -0.102604893668682
-0.078698107163267 -0.119460740302061 -0.15012329923101 -0.0407712604134338
-0.102580817856626 -0.0811989271741621 -0.0798356735696679 -0.0592884700054437
-0.0968747210152926 -0.0828934931135673 -0.0401407177691805 -0.125060268743467
-0.0733187722037966 -0.139198545977859 0.0517984966953312 -0.179377030952866
0.0225841074672585 -0.183443986291071 0.185367172311255 -0.161043944884268
0.14038599770628 -0.135626618576187 0.247218749555227 0.00921606713112246
0.224035253058121 0.0534585545617476 0.107564653207544 0.162198806584678
0.0797417614294201 0.239714946212059 -0.0913346042793574 0.12662156852622
-0.0839133626929118 0.242203446446976 -0.0223840692024477 -0.157331043308218
-0.12653043624796 0.0357286197349866 0.208246879293179 -0.343640358132034
-0.0970611348444855 0.1111845751632 0.272335108015546 -0.204089141333939
0.0133218059372164 0.120107575920664 0.249458716106902 -0.24496311255187
0.0883565274662884 0.030424084351493 0.100264672297946 -0.274676828845266
0.0659793610022385 -0.0545111535538652 -0.0626316913705494 -0.249866539461956
0.0139116842038309 -0.0893328198867701 -0.17049752882822 -0.148121806094037
-0.0432409612878392 -0.0731052379759219 -0.172098581292139 -0.0782951038005268
-0.0644236296702532 -0.0501943887210934 -0.108737540513067 -0.0868086003123137
-0.067186475546622 -0.0565936887472012 -0.0666528922834861 -0.149886304374081
-0.0492553333473782 -0.0948348618268079 0.0347772646745403 -0.206230549651008
0.0249464402692608 -0.124051922108257 0.179689925664675 -0.187711027711648
0.116314414278137 -0.0816269426317976 0.255352264692536 -0.00160957187556919
0.144153267705968 0.0785989235335607 0.11538773096331 0.149683465372444
-0.00354509802989868 0.175250888911411 -0.0751223590833907 0.102743771379076
-0.109146321292763 0.108480173418623 0.0231523274632523 -0.198761706028143
0.0967401212345586 0.0405441297221844 -0.0512514525996966 0.2530747920058
0.0411685938492616 -0.0730158192528648 0.138384952324636 -0.0486954137483566
-0.0509831497872067 -0.066328156482809 -0.0987053468739681 -0.197000184917792
-0.0597021059022373 0.0289941978895233 -0.293441693718773 -0.0477221267622723
-0.00341772720119391 0.0434661185494702 -0.228295490683169 0.217558155479491
0.0122021051089302 0.0277277511670739 -0.0329290370189738 0.258743577343992
0.0212002829657244 0.0200872480686297 0.0720338294792529 0.181301185471121
0.0117960838269996 0.00817216741901584 0.132681767726661 0.118302333674134
0.000824112682216742 0.00908754671667851 0.172364153868022 0.0944246918356408
-0.0169440874094483 0.00268846190198489 0.17992672319274 0.147877264031342
-0.0101319640741386 -0.0151300045104891 0.0811489071939568 0.237228257020367
0.00321491464364098 -0.0210749375025099 -0.10062535985968 0.265327437067209
0.0533848480257613 -0.0336197854282126 -0.22404709189319 0.240106447655288
0.0900943292435299 0.0324473079455779 -0.299221107968908 0.207037967943771
0.0610069089771349 0.12590421727254 -0.253677984737361 0.355583412026393
0.0522268618910252 0.173009265247781 -0.0715726506723811 0.228052285691502
0.0860779149315775 0.0306337999240013 0.146489534110184 -0.0481395395178783
0.038997864989546 -0.0332587278745448 -0.0732739229306576 -0.232615605980964
0.00290952642726263 -0.0195433180087371 -0.307282632109993 -0.0837007723470689
0.0158645930138606 -0.0315180579565399 -0.256449363712211 0.19911804762682
-0.00968364660276899 -0.0399773099221217 -0.0567096557512473 0.258986077263599
-0.0238302341690557 -0.0254281285298583 0.0633092503307312 0.185233681089418
-0.036293277703283 -0.0339636133878455 0.126778983991749 0.114981302867705
-0.0400767041886824 -0.0433422282407379 0.166551773865721 0.0741849998107614
-0.035549754217057 -0.0848004001766628 0.193054026027263 0.110696524449803
0.0355102434230011 -0.102392001524969 0.133077494870279 0.205641022294241
0.0997910594478728 -0.0463593557461181 -0.0353517598413095 0.264606328912744
0.148358865120744 0.0470603799699607 -0.177134628576969 0.265504559680393
0.106937681908922 0.183818341860447 -0.258802775231614 0.218792870701359
0.00517143166684238 0.277326466594636 -0.22279335053832 0.312809472702653
-0.0219821820611207 0.284879224066482 -0.0669429378943416 0.162705463041512
0.10170619634139 0.15756439803792 0.168601173821734 -0.0615032358222275
0.130499353013056 0.0372025627677952 -0.0232157613430491 -0.282840381217389
0.0913439333211673 -0.0534600945631019 -0.300468700478995 -0.147767737520593
0.0512330746918237 -0.108816657888487 -0.280001147106701 0.146676074130064
-0.0241493277505052 -0.11473053463022 -0.0928586511225813 0.232526973970709
-0.0651833276060725 -0.0746536712570751 0.0333429871094358 0.172409148182683
-0.0795739813519284 -0.0706331755353875 0.101190575242958 0.0962119991432611
-0.0760202365760561 -0.0835295634080603 0.142270598311718 0.0370465611885866
-0.0615290869527205 -0.150477154243127 0.19091522566916 0.0474126821308375
0.0485630618688406 -0.18322429110923 0.189207731097613 0.135806336266493
0.16104838420948 -0.105217097678003 0.0614496777079033 0.240713835242378
0.248454767426262 0.0680691410527404 -0.0999530727882996 0.284370777616773
0.156572994416623 0.28436558848113 -0.211985319661652 0.227481373658219
-0.0198236837887713 0.388055964102542 -0.177890059054307 0.233173497036935
-0.107989858475027 0.351806002390029 -0.0303779940350607 0.0599074048964813
0.0775288162397223 0.280889800580839 0.199354429827417 -0.0902673026727969
0.197600279711598 0.13710606888829 0.0534970109608497 -0.325918006987799
0.188486544170935 -0.0565460384034826 -0.250935451667044 -0.226605482663572
0.0996834944363002 -0.169448769320149 -0.279153559315559 0.0564981110604497
-0.0244760048821866 -0.181509441092826 -0.132960556341062 0.169738115593858
-0.0938981057104185 -0.118918379716801 -0.0121563501327776 0.135588279242122
-0.111970100034886 -0.0967113014470678 0.0608770831540606 0.0642219581106282
-0.102482202090949 -0.105827861520761 0.102472897004579 -0.00729628681039354
-0.08560819392828 -0.18527916064173 0.167840518442621 -0.0254275062554951
0.0378476490689887 -0.237709011382748 0.219435981469097 0.0437470149986247
0.181238520004244 -0.166259210014712 0.151844002325827 0.182326991325707
0.314020092554472 0.0458814838139525 -0.0153131334835296 0.27363792003161
0.20075028807648 0.324950385506937 -0.168994751740356 0.218628859823665
-0.0236222503231043 0.43969218310692 -0.135101242713605 0.129963520171456
-0.181904459656654 0.352652268457582 0.0366822680702623 -0.0649768231848603
0.0151323801962314 0.354187491703587 0.232077997557247 -0.128460977237236
0.204158502736107 0.229262402886494 0.141101559726257 -0.339849639552897
0.253435431826701 -0.0253302770362188 -0.153688389288078 -0.289219617466267
0.142301304518476 -0.190443374477431 -0.239356097875236 -0.0564221779738711
-0.0131397643649697 -0.218663260638931 -0.16212050665231 0.0766872149877125
-0.106246381433793 -0.146550457004209 -0.0641508791379209 0.0803994320862329
-0.128074284813871 -0.107579401539123 0.0112423825668026 0.0219740429633366
-0.115899096944434 -0.111947447951553 0.0522097602628681 -0.0515663637984912
-0.0956601846071588 -0.19145376309901 0.128867995088213 -0.0903439570238517
0.0255381806469832 -0.251925227960003 0.220302125919807 -0.0458058554582834
0.174345946052925 -0.193098767372404 0.209078573899052 0.109093935553082
0.325517247052866 0.0258971196368371 0.0492491796090095 0.237962675718848
0.20267276416859 0.32033553987353 -0.137676754462631 0.193153809178107
-0.0356352841132206 0.425351120121147 -0.098172547143751 0.0178961070046159
-0.212889666273728 0.288354207828283 0.117285490961731 -0.187760715862354
-0.0565275389729978 0.340281417693593 0.263354914491084 -0.164693848290722
0.151567835005476 0.262799763861259 0.214193812890024 -0.317322013389968
0.249782544300847 0.0167745504293145 -0.0357361897807848 -0.309674471799725
0.154518922489313 -0.167365546968392 -0.167339122389362 -0.158006981630524
0.00318335132572556 -0.212151995987187 -0.173659887146155 -0.0245713810953277
-0.0996468310856166 -0.147536585176791 -0.11201004911546 0.0149896445789403
-0.123302205886002 -0.102342430208783 -0.0372309037452986 -0.0222897653674831
-0.11308242357114 -0.104083426901943 0.00263769518724743 -0.0914158387044984
-0.088474503108095 -0.173285679592367 0.0877022929608625 -0.141947056180156
0.0229980197239566 -0.230380927317938 0.205174905943162 -0.114281216030244
0.16020731365578 -0.176667332078493 0.235831860082986 0.0505816627252227
0.28721737573119 0.0322906991551659 0.0855483291567551 0.198703656256136
0.154009512561493 0.289644173533024 -0.115329037024805 0.15945701556617
-0.0584490535543 0.353216909953236 -0.0606216030009389 -0.0831510505797048
-0.189855473171536 0.173586399765351 0.18661779804238 -0.284286367692041
-0.0971244857158114 0.246490875771471 0.282545188829977 -0.187263233235026
0.0762826219838673 0.218633002323949 0.253648013601978 -0.275029824304022
0.183447020537084 0.0376211987495806 0.0616528670635804 -0.295120452093784
0.124146979352038 -0.115522452998295 -0.0956513827073097 -0.22483350013766
0.0124224134583696 -0.164693141462935 -0.172009480290788 -0.106814066063008
-0.0762108566331376 -0.121081782185964 -0.148830455943849 -0.0430379240278759
-0.100315846177685 -0.0824951889961771 -0.0787130818480692 -0.061459098975859
-0.0952724819050548 -0.0852991376800546 -0.0382364950636959 -0.125930081980917
-0.0705221538530717 -0.1409650692209 0.056028696972718 -0.180247618200736
0.0261108605595517 -0.184202730945188 0.190601513900929 -0.15927596789525
0.143105950038637 -0.132289522287358 0.24716735509635 0.016444717946759
0.221865886890938 0.0583556278434257 0.103035178903213 0.16876908841715
0.0752673196699577 0.242963811385084 -0.0961288264837047 0.127044184275633
-0.089498451896566 0.241345496098348 -0.0184875489722364 -0.157560449021811
-0.128777181286457 0.0336578218319291 0.221685835075879 -0.340549507393625
-0.0998827115963329 0.109513952548141 0.28060937105353 -0.195883933982896
0.0097844088603171 0.120563950644403 0.258669286470185 -0.239244714000466
0.0869695689270019 0.0331633534408807 0.110001295928868 -0.275450370546143
0.0670089528324169 -0.0526905768501897 -0.0572802060979622 -0.255574441328987
0.0155426022537397 -0.0907751421507513 -0.168767196167018 -0.153129987938248
-0.0415850188588378 -0.0742659600290555 -0.170332837496769 -0.0816766895424804
-0.0626358555572244 -0.0513540950407642 -0.106949209483901 -0.0900885277540844
-0.0662031919436964 -0.0578382247736409 -0.0634896338037791 -0.152201136044034
-0.0467257918265577 -0.0952424066328727 0.0401309858312384 -0.207362902429377
0.0274664455129344 -0.124252736255176 0.185244094602311 -0.185820469986362
0.118802959237182 -0.0784984683333831 0.256532398001544 0.00460729795020997
0.142012035917043 0.081986844889586 0.110332400760532 0.155869027340113
-0.00694013045394198 0.175832210975802 -0.078401550892367 0.102705645199489
-0.11221005775847 0.105910666869896 0.0278494158902145 -0.199370819348193
0.101847182685339 0.0419665225778449 -0.0532239884171373 0.263885876674942
0.043627122495993 -0.0753580059292613 0.144799583814601 -0.0487503798558554
-0.0528007994933179 -0.0677736005594398 -0.10050479459029 -0.205399935930848
-0.0607258426619157 0.0306101677891762 -0.306090721032432 -0.0524849824221789
-0.00282192403212658 0.044040708003204 -0.23657859187876 0.225882041283714
0.0123316569933385 0.0287108950201956 -0.0348521841691815 0.269029315542914
0.0220974301727884 0.0204812641261013 0.0717549550189951 0.188958190150612
0.0116472697970193 0.00777413507511109 0.136343729667112 0.122471309369124
0.000123155355443185 0.00808817664237687 0.177172261087175 0.0962721960522674
-0.017528031093973 0.00227580672931265 0.18603136340478 0.151477531462112
-0.0106163244288386 -0.0151323361079551 0.0852557268581072 0.246870512950884
0.0043329745246789 -0.0218379190764198 -0.10567678056604 0.278055304782125
0.0548053490205595 -0.0344469040994906 -0.234975563873337 0.247252416409361
0.0923416354277798 0.0337023162085602 -0.313004323848445 0.211588415517602
0.0641335708859835 0.13123973213308 -0.264566411577761 0.367602686866603
0.0558766559436407 0.180035525786723 -0.0748211564147705 0.238559933962314
0.0896119829498763 0.0313008708689903 0.152713610231705 -0.046359014441084
0.0400072905960698 -0.0343391762946914 -0.0746568966751068 -0.243033040640732
0.00321016946444672 -0.0193601745405102 -0.31868831365281 -0.0896493002469408
0.0161149239481731 -0.0327379852307867 -0.265482313588919 0.206042040736586
-0.0109410769424176 -0.0412707530439229 -0.0594232176435472 0.269065946617882
-0.0249777600308905 -0.0262603169219474 0.0632847885585673 0.192094636174977
-0.0373469587059003 -0.0349814713533052 0.130342879658624 0.118163579232886
-0.0415917070933593 -0.0462540792430516 0.171057544414054 0.0752932896643621
-0.0369073381702991 -0.0882968129267324 0.199929444622178 0.112745729984535
0.0355775183349246 -0.106197590160509 0.139002714629921 0.212376950670749
0.103794184247746 -0.0480661239879494 -0.0386037115154047 0.277338857760752
0.153492687242399 0.0490665679446803 -0.186148354696199 0.275272673860039
0.110258080945731 0.19004456375386 -0.272134863050397 0.226085275290972
0.00530531017441371 0.289092437657257 -0.233639652310027 0.3226519336081
-0.0211289773342764 0.295668709568159 -0.069816420419444 0.170987644366492
0.105670595779895 0.163760935311173 0.17511426780321 -0.0600084985186844
0.134296900109466 0.0389809049124572 -0.0219856967700937 -0.294559694290011
0.0947950836791627 -0.0540823248912961 -0.310621855046173 -0.156252122410607
0.0522472105648554 -0.113219324817634 -0.290077813383185 0.1508985017805
-0.0256241247964881 -0.118820414266679 -0.0972387806139568 0.241043682864457
-0.0671228966704754 -0.0771065325268019 0.0337497321725259 0.176914429434531
-0.0824497280363349 -0.0724795458409039 0.103862745190992 0.0978614802600091
-0.0792602882748299 -0.0876340521525652 0.145755971757371 0.0371472484550186
-0.0651099722166937 -0.15606059113344 0.197109257773522 0.0466169438446745
0.0481117767869697 -0.190665320771255 0.196588869752923 0.138891307517336
0.167084723897802 -0.109287882092168 0.0619376841642941 0.25262081284746
0.256781576789597 0.0705379457804243 -0.106349065178445 0.296222361030206
0.162954877347667 0.295278259851715 -0.223472952267041 0.23447067846663
-0.0215403108050804 0.40460854289305 -0.186574773507244 0.242210368747541
-0.110089418428238 0.364953418331893 -0.0320662531660588 0.064235842132072
0.0802705167576563 0.290835343252625 0.206191051599673 -0.0888554620881276
0.203887515460212 0.141499441985783 0.0576115575086067 -0.339634500622802
0.19544412035435 -0.0578694472509068 -0.258603160663163 -0.238535558417674
0.102116007297406 -0.176334174828108 -0.290633557809495 0.0557709571329028
-0.027405323125495 -0.188001267051745 -0.137738415768831 0.17637540321661
-0.0981299963874275 -0.121711730042041 -0.0125335161328679 0.139997682707245
-0.11537729578842 -0.0992305088600108 0.0622275218606763 0.0645517322589489
-0.106597824523496 -0.110709598062591 0.104154797637968 -0.00850834153986159
-0.0899322198452368 -0.191913036401308 0.173320531751228 -0.0279426147037102
0.0373561348736528 -0.24667994579752 0.229056746523521 0.0420786325833648
0.187528194174196 -0.172302935823672 0.155021480568084 0.19074871814261
0.32461364536315 0.046970579034991 -0.0181973853658825 0.287128590388822
0.21031121695428 0.338284791716196 -0.178694744765282 0.2272974938322
-0.0270444203536175 0.457943594013352 -0.141308887295484 0.135909088563785
-0.188061064504059 0.366609918387356 0.0375095893882187 -0.0657529652279484
0.0157633060611576 0.366267815247148 0.240809729640556 -0.128645903295807
0.210986588212718 0.237139406178637 0.14822119495325 -0.35399140502183
0.261714784786937 -0.0255778698764181 -0.156094025894493 -0.303472939520905
0.146363891198193 -0.198303505895742 -0.248424451284537 -0.0614710174046782
-0.015896597742678 -0.226922927259466 -0.168495177500206 0.0797226572962393
-0.111040457201242 -0.150866831361712 -0.0655776632847552 0.0831892822857952
-0.131796475422116 -0.110115181067035 0.011341575481187 0.0220584344141945
-0.120184360081459 -0.116463797985455 0.0526595972943111 -0.054163296853093
-0.0997633577358271 -0.197966376986894 0.132153611537464 -0.0958782302746738
0.0239125684725026 -0.26222085305086 0.230069320375484 -0.050520704026603
0.179980788845478 -0.199774604699946 0.215864412781457 0.116065614410807
0.336624482898457 0.0255961534326847 0.0489772005051502 0.251363687065006
0.212545200588436 0.332263373536612 -0.145568262143263 0.201810352700898
-0.0364272323339512 0.442119556330119 -0.102459070847922 0.0197052724684759
-0.220686726529369 0.298581727730998 0.122008561140797 -0.192597739557104
-0.0590510603463981 0.353489738129282 0.273264982110541 -0.165642837192394
0.156575779981163 0.272660159312513 0.224522145175245 -0.329677774746303
0.258237184266421 0.0178406009525762 -0.033796629237376 -0.324246413794535
0.158574724677365 -0.173508469944979 -0.174253435473219 -0.167878249457081
0.00133630627572555 -0.220714979938085 -0.180592005762895 -0.0246971812617247
-0.103312188385065 -0.152096829224733 -0.115485242410347 0.0158310875401882
-0.127188679603995 -0.104359018410213 -0.0394393022962689 -0.0234026382778118
-0.117487857421717 -0.107893191621772 0.0015431496374722 -0.0953310184964121
-0.0927645065119621 -0.180438586711096 0.0896506447144966 -0.14877415894889
0.0214861267194081 -0.239534218645546 0.213766525383508 -0.121382080268689
0.164793615264836 -0.182531406083647 0.243492359144485 0.0543993139402855
0.297516521929578 0.03208950660371 0.0866436370048933 0.209060060154181
0.161181993062607 0.299262074017316 -0.121890673931632 0.167193225140354
-0.0605666674018107 0.367051809457024 -0.0640017964486592 -0.0849210273579532
-0.197734161902831 0.18125903175783 0.195060022076248 -0.294123007858254
-0.100504248575727 0.25601257217191 0.294459983135481 -0.189290824051586
0.0785474972609629 0.226173571434181 0.264554336377674 -0.284357953861464
0.189913281003276 0.039694793183133 0.0668782209315689 -0.309083407530527
0.127540202238282 -0.120241033975604 -0.100636134999222 -0.237036382972049
0.0109461377843967 -0.171481908461023 -0.179419354995059 -0.110205928448234
-0.0795333234188178 -0.125021053735183 -0.153926444939302 -0.0435259650060977
-0.102596841183953 -0.0848558809011459 -0.0818645842840496 -0.0635274047877425
-0.0986677287638318 -0.0875975317958548 -0.0403416215477245 -0.130421417375697
-0.0733780838599766 -0.146097965312313 0.0578631366729789 -0.187880390627396
0.026596089348732 -0.192127087968641 0.198870988015017 -0.167401097924958
0.147990715189715 -0.136183145726412 0.256182882208469 0.0176348523189648
0.228779199828704 0.059982749043834 0.105057718686295 0.177873353442299
0.0786987319950647 0.251356279193785 -0.100805685630773 0.133119946145022
-0.0927471011755439 0.250816431229406 -0.0195690655700263 -0.163051764237597
-0.132778691462932 0.0350604735363936 0.230078790729605 -0.351818373639166
-0.102246023077247 0.114167329506922 0.292771133610334 -0.198963609380644
0.00940628032018601 0.124514352308641 0.270329109832406 -0.24772875501792
0.0902698714553195 0.0349210134865765 0.116863923203927 -0.288852985125221
0.0682635937142657 -0.0546346622916765 -0.0606295423405019 -0.26781349961193
0.0152631896644706 -0.0947409487374119 -0.175814288583896 -0.158342640759854
-0.0439245687580954 -0.0760076124528316 -0.176612233471275 -0.083121685634879
-0.0632610865758421 -0.0516109093553096 -0.110452461838141 -0.092770906895527
-0.0681699930721494 -0.0586955618746354 -0.0659173463713714 -0.15820510324485
-0.0484997021053255 -0.0977674445549714 0.0415111626743819 -0.216086176957717
0.0281465545570201 -0.129080312554605 0.19239892442628 -0.193451617830636
0.122026346967756 -0.0800854288711392 0.265927080232082 0.00599502793271187
0.145489376001331 0.0850552203087653 0.112920944655502 0.164670993899166
-0.00676835490229916 0.182278212944666 -0.0819585753287128 0.107482132898973
-0.115463280483906 0.109432981805122 0.0276803370901765 -0.205786821488073
0.113452434828791 0.0237473011025924 -0.01939324702442 0.290054958621938
0.0344986257005632 -0.0842748076811601 0.144939122330123 -0.0690126371023917
-0.0630472985931632 -0.0607391785041362 -0.133170400559711 -0.195521992609685
-0.0554725535656774 0.0380834686283437 -0.323692171750204 -0.00227739578209657
0.00160400168687453 0.0413486017605077 -0.204067923947906 0.272400835129522
0.0156097687176806 0.0262930427209207 0.00809303557946596 0.283596240219438
0.0254764357477576 0.0172707917001729 0.105500565252892 0.186218154248917
0.0123231534720097 0.00644748836614964 0.157609565784201 0.103640763306018
9.33437352870253E-05 0.00853263339279028 0.197113777261961 0.0709139567825814
-0.0196722462633011 0.00508012884318455 0.216207880788027 0.125352240797558
-0.0161067891654528 -0.0147353721385434 0.126373236398478 0.243452753453383
0.00289503396992711 -0.025504759543882 -0.0681030117328733 0.308297460285541
0.0501871374718416 -0.0440690211151122 -0.206498239012206 0.292036712825815
0.100404153808345 0.0187905271785288 -0.293009868588554 0.262940639483047
0.088137595310681 0.122105389702931 -0.221213721463518 0.421965261272329
0.0893630764707244 0.176296595514716 -0.0509953043237094 0.256536769148448
0.0986376036661993 0.020765552180469 0.148636366244102 -0.0700757274172647
0.0380051799752872 -0.0398366431513444 -0.117764818955123 -0.238327333615056
0.00343192336756269 -0.0216618127938701 -0.345653713433375 -0.0367831695907669
0.00977338325491833 -0.04047352863161 -0.239001685508521 0.26085205355417
-0.0190946237243472 -0.0419870730023743 -0.0165779263883568 0.2904676965325
-0.0291455389638167 -0.0238909621886703 0.0985798623330237 0.191457825571787
-0.0450573183560665 -0.0297988505657448 0.150280213718952 0.0996434856842857
-0.0512790990465639 -0.0405782854460348 0.187478831252512 0.0501326584522774
-0.0537308177818378 -0.0835014424940004 0.222526863725118 0.0831400443067378
0.0156667447276763 -0.113597349709841 0.176792971586071 0.199289704016264
0.1000617671846 -0.0661420787773578 0.000647838308463099 0.29705748149177
0.164077010334549 0.0245196500193777 -0.152141836523171 0.31261402133161
0.142896769758655 0.174752144431095 -0.24511665357898 0.270683998892725
0.053500797145491 0.292848087777278 -0.195097079251678 0.372172693461325
0.0300077203691763 0.312137623239546 -0.0601942265706265 0.173104629801256
0.134618962311396 0.155953795036923 0.165850677277929 -0.0916790219710118
0.147156676742346 0.0216417116037319 -0.078717894601668 -0.302845445400075
0.0930845143266119 -0.0709023956623096 -0.352837003070477 -0.10545579612099
0.0345476983872521 -0.128270889863506 -0.275578888888521 0.2116453314233
-0.0462446076863496 -0.11997062289315 -0.0586821943717729 0.271600881680569
-0.0809155612411106 -0.0695863635367553 0.0658871202327154 0.1825615130432
-0.096663675562539 -0.0613339915111956 0.121449772443691 0.0833081678589779
-0.0960115327830184 -0.0769754787393575 0.154925521882428 0.0146671859762859
-0.0928424883223132 -0.14741546968288 0.208525933599807 0.0151621608052969
0.0150171599070626 -0.200354160825394 0.223798896218723 0.113201849403962
0.155313563904368 -0.137896384093418 0.0988302859718759 0.255843154618237
0.27253409252884 0.0290207858077751 -0.0668060598358496 0.321344186415423
0.212892195947529 0.274010399183065 -0.189826583196556 0.272393142998172
0.0440253147758583 0.415416463567923 -0.157843413359412 0.283073731624649
-0.052627121585168 0.402191914718216 -0.0372092812040929 0.0461140399547923
0.126920625920142 0.293614288708106 0.191626473427044 -0.131270334594832
0.234393860641686 0.119074833690937 -0.00936832178001532 -0.366396902207566
0.196774127041501 -0.0884867151661734 -0.317486488099545 -0.199095115956264
0.0776688698063087 -0.199874635405828 -0.29441362644942 0.116256421379409
-0.05788236760568 -0.190821628383411 -0.110908583745537 0.213701817248374
-0.119183932721418 -0.111165831425391 0.0120657613604547 0.153505418437986
-0.133643226838795 -0.0830040829419146 0.0734815670226068 0.0561474628162235
-0.127531503720044 -0.0960240214053839 0.104578774374341 -0.0255297240250243
-0.123132744930091 -0.181011027676126 0.171175126136908 -0.0582370833212811
-0.00539717297452707 -0.2553404768726 0.242731813773597 0.00872807634085862
0.165380709179192 -0.204599988525564 0.186519191765756 0.177622132215577
0.33783937487758 -0.00645821750583456 0.0224542809662835 0.297897311634231
0.268131920423708 0.308229071413666 -0.144071315890042 0.25828590867921
0.0471952969409124 0.469939141941267 -0.127413781945445 0.166054934205898
-0.132461031994393 0.419186753014238 0.0170547572981115 -0.107425086428872
0.0711211797528956 0.382960527632072 0.22075933017417 -0.183160915206767
0.256932242579058 0.217861843847057 0.0792737732290544 -0.401152224363925
0.270622603785185 -0.0639549586887028 -0.226431185412126 -0.285085038806518
0.120928996149794 -0.227766591624242 -0.275112972426871 -0.011292810111512
-0.0516104052576349 -0.232972071916216 -0.159548354714876 0.121360563159537
-0.136682178109984 -0.139347771456237 -0.0531824053413158 0.103703492222468
-0.151720504148351 -0.092131783133493 0.0149800091315081 0.0199910606939041
-0.141051470122908 -0.0998379434198533 0.0445031955491488 -0.0642716638225481
-0.133391474136059 -0.184828708713926 0.118329750460523 -0.120976711889591
-0.0196718132328149 -0.268980198740052 0.228137884649369 -0.0886250746176015
0.152710391704136 -0.230566078735524 0.23653978731021 0.0898294893362092
0.345855801936416 -0.0297267440096304 0.0860144218191759 0.250756287894901
0.270053748978808 0.304261662059192 -0.112583927562973 0.227303910109276
0.0334632276223324 0.455583783019097 -0.10336246317379 0.0392597458451127
-0.178219535634175 0.355956131268291 0.0900437848625592 -0.254133906956642
-0.00771349777933422 0.380940544516708 0.252418790008913 -0.228767949614145
0.203829656133034 0.263962909658507 0.163432659374952 -0.39179031935577
0.272780111225179 -0.0162858182491178 -0.103985724190153 -0.331745821482764
0.138781929454744 -0.203726427093753 -0.218295523313743 -0.135757770546645
-0.0331864074729595 -0.22856287309399 -0.191026477220176 0.0152869073455702
-0.129411921868386 -0.14171861957158 -0.116729349836783 0.0434314219635255
-0.144708606683951 -0.087973771736385 -0.0438717888029883 -0.0179252403140022
-0.136348598023491 -0.0913892058572275 -0.0149479396539535 -0.0981882809720902
-0.121821713034577 -0.168156863955113 0.0664890777016589 -0.167712693071362
-0.0173332631313565 -0.245100568940895 0.201447686711932 -0.159450140461821
0.140381981089796 -0.210334824491195 0.257081982263354 0.0208582383923722
0.305805363466834 -0.015857482834007 0.120190822084524 0.202195852071849
0.211905081550635 0.279313920024476 -0.0940612776410323 0.189154339856208
-0.00297018726298184 0.382910731740221 -0.0794132921355586 -0.0756980732116109
-0.173956260155666 0.228678973796711 0.1546705003338 -0.363379693057748
-0.0663234288856815 0.285637406864539 0.274854765053633 -0.255265610633764
0.115213699068702 0.227180357962428 0.218370763510661 -0.350765667668816
0.204970504890546 0.0167740914194405 0.00523670784690269 -0.334836110344173
0.116357371623019 -0.142852238327606 -0.153103667638197 -0.223503633315291
-0.0148269155847939 -0.179013354342974 -0.204338812840665 -0.0763066102219424
-0.100281585712313 -0.116870572465131 -0.167830189658006 -0.0136085193801443
-0.116384076488728 -0.0711128188063291 -0.0936566751295355 -0.0522768223165408
-0.113959644109021 -0.0739832612565505 -0.0631257400508235 -0.128201390426824
-0.0958970215268743 -0.13603148874734 0.0276317295455944 -0.202619888736268
-0.00338461442356861 -0.197201938294975 0.177919229379395 -0.204901547392959
0.12921447673287 -0.159910249399596 0.265807113054762 -0.0207392893188952
0.240688497445261 0.0240172321781315 0.135044323343287 0.16726798392511
0.1203913393696 0.243328255461321 -0.078246930301133 0.152202285832387
-0.0545336391358784 0.269908817923547 -0.0460174891953684 -0.163930730041563
-0.131400501100986 0.0650578966368864 0.187078045379121 -0.417277678720034
-0.0888751195194342 0.138006767866718 0.275645452435112 -0.261358090767401
0.0278537230845568 0.131114340231007 0.236378379025273 -0.309720131330718
0.100389578976769 0.0267838061433045 0.0655245838736876 -0.322237747666511
0.0657820508447326 -0.0656951544337058 -0.114558984952325 -0.264951051592817
0.00194433392844985 -0.100671454236828 -0.209450170394003 -0.130634269331405
-0.0553402369585185 -0.0723893071571272 -0.198383176686541 -0.0523647370964465
-0.0711533079122528 -0.04413518280469 -0.128326403629026 -0.0779435349750136
-0.0769545744851713 -0.0483337897170277 -0.0934251198149364 -0.152701789864359
-0.0627560278021421 -0.0911537222311379 0.00758880895896906 -0.229731766416449
0.00894594200278942 -0.133912856196969 0.169086360380235 -0.230965515172662
0.111680722728645 -0.0995642108349019 0.274884051753389 -0.0353166270381712
0.160069394440981 0.0630138650977629 0.142817784355333 0.152289456616435
0.0221171597066116 0.184843907818336 -0.0633389159944977 0.124583648059827
-0.100298861632086 0.129155982708698 -0.00354781595902633 -0.216355616049333
0.117021621174886 0.0127343302510077 0.0062101888585231 0.294857374578396
0.0277620614784889 -0.0881117067332468 0.143167684019653 -0.0798373675049752
-0.0686616891833936 -0.055075376591247 -0.147992634211818 -0.186627631168214
-0.0506349091320901 0.0434414597092214 -0.327880186196206 0.0229774291365968
0.00501000385710375 0.0406571504155214 -0.181728079639369 0.290181615027856
0.0176388706260283 0.0259780160669471 0.0320326507745906 0.284683533680258
0.0273667491733146 0.014353722250324 0.120658595552736 0.180547063272894
0.011885864711289 0.00484527022202243 0.165359075116744 0.091779029571342
-0.0003128165241706 0.00826472680175083 0.202965987805782 0.0540296386442122
-0.019560428232977 0.00625736495148421 0.227295830852034 0.106589765839054
-0.0172357692073638 -0.0127867983994241 0.147222603205817 0.234910046355013
0.00163855907326866 -0.0259917080412502 -0.0432936371622478 0.318117907727243
0.0464773162382339 -0.0482152219203143 -0.184740376250775 0.309690531724225
0.100936438519159 0.0104945115727843 -0.275264336564198 0.286452504603559
0.0994024527624194 0.115111040084661 -0.187954882508566 0.440372737822892
0.106723684806243 0.168901102244913 -0.028608439197097 0.264537172973284
0.100523700738899 0.0114080094957059 0.146386731847869 -0.0806137485909531
0.0339500185380822 -0.0428127807662726 -0.136811713713541 -0.231669149948558
0.00247793541448402 -0.021183455799564 -0.351831065984933 -0.00969043979164938
0.00655931573027116 -0.0419472311988127 -0.217136398027155 0.281542481032034
-0.0228041413666593 -0.0402186472767743 0.00844361929634901 0.293711236914491
-0.0309275265565515 -0.0210764931082791 0.113273168268914 0.185144213271317
-0.0476958397506164 -0.0266856837169315 0.157829076221332 0.0873486118287938
-0.0552401193837176 -0.0372706038386876 0.190398217716575 0.0339088996442318
-0.062018321640751 -0.0788301773502454 0.229214861343681 0.0627857160523443
0.00495729542015031 -0.114614355401151 0.193865507448334 0.184571704544399
0.0959325678471805 -0.0752660113383952 0.0242760564169915 0.301801922200423
0.166347514932003 0.0111414835448766 -0.12842149290202 0.326887635506149
0.157248808394565 0.162983921072038 -0.227162774252701 0.292116796514212
0.0778475944512327 0.290794742082055 -0.164954992696612 0.390385282876161
0.058507397456961 0.310548826304151 -0.0453193114323149 0.181940641565544
0.148439182693005 0.144736824447295 0.162018595759376 -0.101553237066712
0.149185936166863 0.00936434462049486 -0.102209196442337 -0.299877707123651
0.0877783176482966 -0.0776023955123434 -0.36351915998532 -0.0790555391518023
0.0239604444539619 -0.132225356153062 -0.25959036514102 0.235142339012459
-0.0574024592267815 -0.116100207618288 -0.035725653194404 0.277348635026216
-0.0866342183310306 -0.0622285628206501 0.0804464692516103 0.177173258005986
-0.101485494807628 -0.0536410105096043 0.126952454359575 0.0726711329380392
-0.103418001397498 -0.0701866454911774 0.154058622283253 0.000990367766039471
-0.107093979818454 -0.139973373813782 0.209180258699789 -0.00366471821964018
-0.00415644208304986 -0.202125085246854 0.234883224251685 0.0932350769061445
0.144317956485819 -0.151884405536052 0.120486348707307 0.25182715512461
0.275529098799009 0.00593354916721689 -0.0417483168393561 0.330359160324041
0.23722462119536 0.25615925471823 -0.171953251561238 0.290513289809671
0.0800366841120899 0.413212269583998 -0.136890356117212 0.298415207786936
-0.0164957562391352 0.407936671131197 -0.0328191234983962 0.0521727500858814
0.15164627977639 0.283533885892475 0.184388025460164 -0.143701410854004
0.245018556898223 0.0997543686566689 -0.0380755698614698 -0.369594953010451
0.190272399970771 -0.104489949284705 -0.335751958614388 -0.177195597411405
0.0601353003911301 -0.207074649184755 -0.28767200381801 0.139842275712553
-0.0758548633629564 -0.185749212354049 -0.0934083521661653 0.224276597790215
-0.129125100296863 -0.101011075783857 0.0247665619328694 0.152495282709553
-0.140373910316905 -0.0716919538984077 0.0763569734719278 0.0487078622425672
-0.136562884927132 -0.0858791978121708 0.099975028253515 -0.0351751496244612
-0.140115780808957 -0.170304174892268 0.16474268069639 -0.0739681413313245
-0.0294662505131448 -0.255197259761412 0.243420748038729 -0.0156068764865985
0.148694610951369 -0.219162408023208 0.200760914463171 0.16566029863482
0.338597465618359 -0.0357280420426228 0.0464858667022616 0.301178706475907
0.296633757319753 0.287381433648441 -0.125241522138334 0.272484357474216
0.0863264201591241 0.470450261545918 -0.113322729751218 0.178457932620731
-0.0970213309568733 0.43334118390581 0.00885705530578854 -0.106438825845253
0.104242447900986 0.378459005111719 0.210230132887123 -0.197314061458809
0.275387938757473 0.197567907476504 0.0476100803526351 -0.410742129877656
0.266246599953071 -0.0864210403680162 -0.251748036251031 -0.271807892668565
0.101226994963412 -0.239420353073068 -0.279392307768884 0.00937469289030836
-0.0739247037677501 -0.228676327438652 -0.149895283546902 0.13561685549476
-0.149392767579591 -0.126990394437367 -0.0439467288216807 0.108345386816114
-0.158860296453587 -0.0785893432268813 0.0154949958128693 0.018527731040635
-0.150743695808942 -0.0881678176661305 0.0367785384331862 -0.0680892490820784
-0.150733266738069 -0.173903215255801 0.106244255802655 -0.132203925709197
-0.0453889234688443 -0.267668929439483 0.220526367183991 -0.112219686967432
0.133362887777487 -0.244085158462592 0.244811224076528 0.0725461768563929
0.34219704325802 -0.0601432052005055 0.106946185500336 0.248836296764117
0.297715596748848 0.28098922956101 -0.0961844175115914 0.239981739719724
0.073224488911164 0.456028691045187 -0.100165809564985 0.0493126381524764
-0.148005742247233 0.374121662456603 0.069068103433837 -0.260519465245215
0.0240043169756504 0.382576614070693 0.2368360388892 -0.246996436405709
0.226076024688289 0.247918785707383 0.133265803941579 -0.408116682065843
0.273566760614984 -0.0396882068543028 -0.131004672588175 -0.328620294473365
0.121577195235778 -0.216586382387996 -0.233486448750759 -0.120275833175238
-0.0549249261975702 -0.226718769081946 -0.190797326120742 0.0309730057129948
-0.141904156897333 -0.130186106317233 -0.11335143941069 0.0534838394832245
-0.151598477413548 -0.0751291745049665 -0.0465747392618879 -0.0137817682135386
-0.144063300587804 -0.0796710051110268 -0.0243461982588411 -0.0975155759572298
-0.137193389565723 -0.158389970129382 0.0514265154912453 -0.175017633499065
-0.0403704370560635 -0.244769975299854 0.187433449227729 -0.180460103924238
0.122663371772312 -0.221845025474828 0.25944487413411 -3.34451088662109E-05
0.304048870124001 -0.0421785115177835 0.137932628050185 0.197198859423154
0.237226618175574 0.261256806179916 -0.0798199293970229 0.200331569768672
0.0298170854368185 0.385333883568027 -0.0858296030414141 -0.0676502228983203
-0.155490783325812 0.245167827323285 0.126298523472187 -0.376471929523895
-0.0426498690908808 0.292279925386884 0.257226079482838 -0.276518777784363
0.133253726727231 0.218784129470893 0.192295346731108 -0.370445223964916
0.207743685179367 0.000474383053555185 -0.0212140444098298 -0.339608977236261
0.104546330895133 -0.152851821227985 -0.174967501750147 -0.213598319262361
-0.0321950131031542 -0.178779075424344 -0.213237856197025 -0.0594367990482201
-0.110438801851239 -0.108175536610659 -0.169114068600262 0.00135675259322704
-0.121670342861497 -0.0607848164159733 -0.0994159237181538 -0.0444894916383926
-0.119482133295963 -0.0630423179535296 -0.0748311588730931 -0.123610547347708
-0.107953459507639 -0.128097867765204 0.0101039150670536 -0.207195537583659
-0.0214945933706301 -0.198103733499115 0.160808090832617 -0.222955917270469
0.116555972347238 -0.170666803710019 0.264588818891975 -0.0418169129590906
0.242234645411475 0.00446395743086063 0.149987563180642 0.159884724207602
0.142201350083031 0.23241253795106 -0.0667713800109362 0.161297028168089
-0.0328189607515556 0.274770636816879 -0.0597730709212461 -0.159689022558248
-0.125777140178943 0.0764154346032688 0.154276326091025 -0.434939500488325
-0.0766642556737074 0.145304103607761 0.258247838597028 -0.283938807683438
0.0380795452336994 0.129194196376102 0.21338675327555 -0.330801353244194
0.103226140833561 0.018987510108653 0.0413271303628779 -0.332013917170364
0.060121252484271 -0.0712562594223651 -0.139775227593504 -0.25966588119933
-0.00904010331637453 -0.101044485705686 -0.223632686293914 -0.114103886151178
-0.061789908750922 -0.0672487561351901 -0.203811900663434 -0.0349815990562271
-0.0739278405194492 -0.0374326780845286 -0.135268363108681 -0.0669993641281456
-0.0810242799888626 -0.0404789755955651 -0.107368756490331 -0.145325337608084
-0.0706593673789664 -0.0861857129678572 -0.0121965854336967 -0.231645932786977
-0.00311220550896229 -0.13593409639507 0.149678245677303 -0.248448435217256
0.103644500140425 -0.108588927134884 0.27243506306531 -0.0570720334792493
0.165407540646059 0.0501128563852719 0.155620113870751 0.143356958949822
0.0382750501950949 0.183544199267202 -0.0547025390281924 0.131676629273154
-0.0906191942413412 0.136763073264015 -0.0220031222710089 -0.216052389291813
0.114013064265988 0.00231829358961931 0.0296801392845015 0.284147803733387
0.0201806272014697 -0.0874955524678173 0.134138152151067 -0.0874937153206089
-0.0689432317545942 -0.046923458956634 -0.153922122852403 -0.169934940856077
-0.0439398391426562 0.0448643517489073 -0.315637112754003 0.0450086956632593
0.00793545344055308 0.0376889609744466 -0.151936487162501 0.290925423293155
0.018933594480702 0.0236535101561638 0.0523639518871797 0.27042795448834
0.0282230070685359 0.0105416910274435 0.128108032529255 0.165376341765808
0.0112521577027311 0.00345961849070251 0.16419290667067 0.0760659458450838
-0.000627467848419069 0.00787195446492896 0.197418996974817 0.0366145510656939
-0.0185957913406238 0.00724341731797578 0.223508841285649 0.0838743017952791
-0.0172199590312436 -0.010963393777975 0.158453938478579 0.214392314054942
0.000556928685697315 -0.0251768287852016 -0.0187782162200587 0.309979823049639
0.0407627224260458 -0.0484554670242356 -0.154690544380561 0.30827911439245
0.0958169441090379 0.00273351980699625 -0.246962059266074 0.292287976543561
0.103882350780769 0.102775241808277 -0.149201118419254 0.436510818660125
0.115913088342307 0.152859673135963 -0.00608915707273894 0.257315272788231
0.0969740398953169 0.00275145175569481 0.138256639483853 -0.086290343060167
0.0295332972294634 -0.0427949029050347 -0.145909224844543 -0.21336104681888
0.00187903824434983 -0.0196879960563924 -0.339406351360277 0.0148907120790777
0.00266861635464391 -0.0416600786709389 -0.187764969436795 0.284611556708663
-0.0250647013769092 -0.036245338327536 0.0302022398498716 0.280102798640666
-0.0303912672634862 -0.0189767155813613 0.120944940523737 0.170086554829917
-0.0471162239789949 -0.0223287956488867 0.155431752391787 0.0722480960635175
-0.0574079537541014 -0.0316653437314684 0.182239350405737 0.0182046060279118
-0.0667572030360132 -0.0710086381014947 0.221697364627694 0.0422539960746642
-0.00438616257870144 -0.109979552968119 0.198767667642583 0.16151684667038
0.0864632123296934 -0.0790795355614936 0.0454298412249836 0.289889496646123
0.159132965786122 -0.00128903832081555 -0.100525695800442 0.322327999932451
0.161620917657563 0.144022980478884 -0.19968610109361 0.294962396307087
0.0963424812101761 0.272258285621502 -0.130472209378762 0.386192646469593
0.0801544054797918 0.292145606428755 -0.0278138762669199 0.180811377067235
0.152368260008914 0.125961191818811 0.151682728908065 -0.106354318220521
0.142515590532925 -0.00146226901100142 -0.118125623836932 -0.281408236231274
0.0791526910707586 -0.0799964544298723 -0.355932956688225 -0.0521108476521137
0.0123712868139194 -0.128730728215834 -0.230703102224558 0.242881321864494
-0.0643606511662259 -0.105867573703645 -0.0138614870188159 0.2678436153255
-0.08684354379505 -0.0527432189821201 0.089038914340437 0.164513512156561
-0.100701651592165 -0.0434503846938528 0.125272311086381 0.0608463369235759
-0.105053882925344 -0.0590480596415632 0.145293321688501 -0.00989310370821927
-0.114430953143533 -0.12529278969062 0.197353540779106 -0.0212768779746709
-0.0205859044202589 -0.192363130343336 0.230478134027667 0.0696750243003189
0.127235025007263 -0.155449704998525 0.132691677622532 0.235033595407242
0.26281093656822 -0.0153032758849523 -0.0169348978501547 0.320978783340959
0.245701276940829 0.226702186437779 -0.146441361062921 0.290927901867382
0.106580406473087 0.390743998964326 -0.108824845635767 0.296495862042959
0.0158037294245266 0.391216365965351 -0.0267893879443931 0.0562138801750338
0.166655785582484 0.25907592436718 0.16961043570607 -0.147283059325846
0.240862287649528 0.0771616833127872 -0.0619166885684766 -0.352533464295283
0.174864163707421 -0.113978887792537 -0.335603644527454 -0.148176760186207
0.040767276371563 -0.203178727012364 -0.266157470562408 0.154240289577846
-0.0879552070499941 -0.170885471299084 -0.0727342241499366 0.220871543984374
-0.130649000617153 -0.0858200770069466 0.0340549811067436 0.143075902596757
-0.13878270762657 -0.0576541340536862 0.0754165888996213 0.0414078005263538
-0.137647278321917 -0.0716825523019896 0.0911375486987751 -0.0408720683203454
-0.148054982352624 -0.151367434934073 0.14961459232461 -0.0840526235202732
-0.0497531484371977 -0.241358284120653 0.230105798494759 -0.0360613872990237
0.126070002359986 -0.220401574170102 0.204547377997862 0.146505234390011
0.319712131626594 -0.0602061996918008 0.065653299007825 0.288094200521715
0.306087982065777 0.251424835276263 -0.101806799237271 0.271641773744034
0.118311611382994 0.444507866827507 -0.0951690138687008 0.180214388009766
-0.0574783907988616 0.420764202629079 0.00102534772346477 -0.0997111301685073
0.128278121839468 0.35396860062654 0.189820432732742 -0.199297166800305
0.277700955131491 0.16937148970461 0.017478533339871 -0.397766606201741
0.249105156057561 -0.102273035161841 -0.260573650349804 -0.245107272960216
0.0772033153705462 -0.23648301778091 -0.268389821790794 0.0285680178444664
-0.0901513509248686 -0.211951137083401 -0.1338507741612 0.140267660545889
-0.151917623724674 -0.109097589534874 -0.0343617263151197 0.106648824958016
-0.156309107163654 -0.0626559504013878 0.014503283183845 0.0170033432598025
-0.151030666194602 -0.0725638339584308 0.0281530658289129 -0.0675405368322225
-0.158046918306325 -0.154201317829458 0.0901291097662892 -0.134812630402281
-0.0655144298825204 -0.251742260298125 0.201017769573539 -0.127046600689306
0.109353227459296 -0.242716413738002 0.239763936453656 0.0534110195005369
0.321880460144739 -0.0828194693915585 0.120530391443315 0.233671880744512
0.306944711151001 0.243965078405133 -0.0769089274889366 0.239531613660099
0.104409330020947 0.430834574078082 -0.0916083360331757 0.0558099411548248
-0.112122730804769 0.36802433383494 0.0477690897574762 -0.251727967662703
0.0507828232121804 0.363713450369586 0.211778028380629 -0.249608675950173
0.233346741060125 0.221397900902169 0.0989627456213047 -0.400735675249921
0.258954385354503 -0.0571737135724209 -0.149400576444062 -0.307898008372478
0.0993731817411214 -0.215847041558419 -0.234144993975377 -0.0996720954873264
-0.0720084838508023 -0.211439419915226 -0.181586178406323 0.044206685649137
-0.145429326499081 -0.113132694730383 -0.104413509386614 0.0595819956530401
-0.149479957549107 -0.060275203266208 -0.0467229671105276 -0.00960598764631801
-0.143137008340495 -0.0641656472196177 -0.0323708152363754 -0.0908775258801125
-0.144582080645226 -0.140829307133792 0.0346120526427927 -0.171081040066087
-0.0593051773895279 -0.230582192168376 0.163880170103577 -0.189178696273854
0.100510092606043 -0.220427730243811 0.24809065839837 -0.017499102988498
0.285814503649001 -0.0620030023729502 0.146414580379285 0.181546655468354
0.247422621575372 0.230435089959036 -0.0620276002462845 0.199971981751536
0.0574541773530144 0.366354479381208 -0.0864710143967563 -0.0581700942203544
-0.128871701141392 0.246101118689083 0.0935980349365202 -0.368031949888971
-0.0190106409485468 0.282339423966215 0.228352823523191 -0.279947477007569
0.141900613217283 0.200257782307614 0.15736633040826 -0.368385344680894
0.198796486533751 -0.0144322313376435 -0.0438833983960788 -0.326546231425891
0.0882060765896628 -0.153571880190393 -0.185556993522734 -0.193219702325688
-0.0467421628879209 -0.167554064776847 -0.210156575672691 -0.0406960505909821
-0.114197700786398 -0.0946852550758802 -0.161049079701309 0.0135685491469946
-0.1194856365822 -0.0487133424655548 -0.0988531889067048 -0.0350683334707685
-0.118049681867772 -0.0505377003653112 -0.0819113506938165 -0.111859950353593
-0.113162727201149 -0.114063512889966 -0.0066317156206181 -0.198765472734089
-0.0371024947741165 -0.187941011902433 0.13507043399841 -0.228231505733295
0.0988227868247012 -0.171527785743051 0.249830688241653 -0.0580630799020176
0.229725878259427 -0.0131046163545723 0.154346847842925 0.144705664477609
0.153145981998419 0.210994511560076 -0.0529935118826939 0.161674771200463
-0.0105155411059142 0.264566897040532 -0.0686466709847693 -0.148422391316569
-0.112952721642293 0.0824625626656669 0.116096593763868 -0.426070003820347
-0.0621387526070944 0.144503600176462 0.227758907073231 -0.288220022264134
0.0450754122739995 0.121130594262747 0.181353719446121 -0.330445281303952
0.100492723100642 0.0107538700726563 0.0157951148274074 -0.323432623793409
0.0522151690881541 -0.0722788148593275 -0.155047952247178 -0.238768938906339
-0.0179016657138003 -0.0953043761991249 -0.223717896715802 -0.0928064442093737
-0.0642514313363743 -0.0595259612937409 -0.197260503515458 -0.0178487191685174
-0.0719340298329528 -0.030073409586981 -0.134330905741614 -0.054215996813836
-0.0785746742420837 -0.0315640455553898 -0.113860863915283 -0.130521294275344
-0.0741294763876234 -0.0763832716703604 -0.0293511626829552 -0.221474651667826
-0.0140725836738438 -0.129457778036351 0.12392089173588 -0.250104432077643
0.0908671177162646 -0.111091910787974 0.257208533589375 -0.0735952720770475
0.160371321164869 0.0367243858841666 0.1596965221381 0.128803774666493
0.0506813070154054 0.172188372030222 -0.042782222923599 0.131496137411429
-0.076612758609073 0.136521020975139 -0.0364631266303298 -0.204439553382828
0.106085973686348 -0.00264296708862696 0.0398491582681202 0.266598664734233
0.0159511353837702 -0.0827708288146187 0.126524566375955 -0.0862765121461538
-0.0655718014029032 -0.0416127865707069 -0.148172103777249 -0.156723628413188
-0.0382735454946989 0.0430788729377757 -0.295490271194781 0.0521342947350195
0.00837765690825897 0.0344551087258603 -0.132698678010071 0.276707325142837
0.0190181710107089 0.0224183331257996 0.0590270845869491 0.250507606430087
0.0260948708288066 0.00840332923018122 0.125417921528024 0.152561825299213
0.0104605746681454 0.00274368358082671 0.155545933675494 0.066599772726323
-0.00104386918415187 0.0072315486982154 0.184431100254421 0.0283137927963857
-0.0179142840843768 0.00734626468135666 0.211951529676591 0.0711942660736984
-0.0158224344528495 -0.009646372156798 0.155316536477756 0.196088524012318
0.000385095380607738 -0.0243659974459131 -0.00737322298332565 0.292167750356366
0.0359740617420586 -0.0464260067789154 -0.136290254381652 0.290960293686004
0.0883656237029672 0.000560100514151804 -0.225438948256445 0.280570652511325
0.0999270689218665 0.0924067816822234 -0.126776619120976 0.413103589685128
0.113948912150487 0.137319999853869 0.00563554441887048 0.243482631933091
0.0901102011051666 -0.00180718955374254 0.130279725563388 -0.0842241012534482
0.0258721071438973 -0.0406228288307605 -0.142076838145769 -0.198072498977669
0.00234255542968331 -0.0186759000317717 -0.318825328296738 0.0226479189534316
0.000714485880361953 -0.0394106491232217 -0.166163061122545 0.271438378574416
-0.0247105824471247 -0.0325739028285425 0.0380566986485187 0.260483735099438
-0.0283189398460963 -0.017295024243641 0.117662753488256 0.155505302141967
-0.0450745932022518 -0.0191047743690416 0.146804401443329 0.0635862484331086
-0.0556709421041536 -0.0278803170240809 0.169152209018072 0.0121435965521594
-0.0650338374760224 -0.0632839982101233 0.207862454842567 0.0307633173523196
-0.00816621424001002 -0.102102532029238 0.191005772820032 0.14395512665045
0.0791284111910213 -0.0773217486448918 0.0512658559292422 0.272198813751757
0.148031529367488 -0.0066616853870515 -0.0843088450775812 0.304316482730163
0.154049886479325 0.129713505220765 -0.181485877398768 0.281448856784926
0.0980980323901822 0.251870348735693 -0.109976354582626 0.365840973197253
0.085620975704185 0.269027299560475 -0.0175838576600872 0.172630619440075
0.146169591171091 0.111559150768229 0.142146251017744 -0.102423537011732
0.132556587969666 -0.00564694907632469 -0.117917918951817 -0.26187934881591
0.0722728895157624 -0.0768731398963314 -0.335699327769678 -0.0394256306867506
0.00659570007741218 -0.120689309903255 -0.208811566831779 0.233630053125984
-0.0640165058492576 -0.0957173280340061 -0.00382767337797706 0.250495282161079
-0.0824160650904544 -0.0465596621055159 0.0882233107891393 0.150603574495217
-0.0943373635528395 -0.0380835432051522 0.117638767250946 0.0528028635144468
-0.101006029719985 -0.0516872872794567 0.133082272848201 -0.0133705506857417
-0.111607949496504 -0.112548002766132 0.182368917220754 -0.0269345958710104
-0.0268552434844227 -0.178309731383811 0.216937217981259 0.0562776989861071
0.114133655382699 -0.150171267826623 0.13189473897383 0.218135160862157
0.244729203781467 -0.0223124584142986 -0.00638681972669601 0.302131042657509
0.235923500779911 0.20328546722917 -0.130022598581022 0.276830893666389
0.111984101530856 0.362952620165485 -0.0916407063472204 0.2812096657355
0.0284332490004279 0.364642020923079 -0.0207468253338765 0.0557586963173564
0.164380238270745 0.235774431953224 0.157604350323543 -0.140378172190847
0.226449143534499 0.0650125628361689 -0.0678664222764874 -0.329536211374243
0.160234812927089 -0.111253630770291 -0.319124644618546 -0.130508783300817
0.0301255886260862 -0.191372000129182 -0.24512215803307 0.151760217244939
-0.0898234701129086 -0.155757396384863 -0.061250355659732 0.208654342863601
-0.12411177646139 -0.0759537520709921 0.0361709684249406 0.132278309297605
-0.130793349428584 -0.049227208624358 0.0709379812285074 0.0372687292016552
-0.131682518417512 -0.0624690468052259 0.0809564582322827 -0.0398380606881379
-0.144969826236976 -0.135816881472959 0.135306983613113 -0.0843030616459756
-0.0565220598559899 -0.222904192494779 0.211931311309595 -0.0433324699962405
0.110074472382087 -0.210299181726722 0.196069367691152 0.133519695052133
0.295708463912667 -0.066790865596891 0.0704270549971218 0.26922424640562
0.295013601213251 0.223399995941707 -0.0888764292429963 0.259364913674402
0.123779055311024 0.412860623356434 -0.0817497897124224 0.171948800509835
-0.0393956143222168 0.39379169423014 -0.000550347571591977 -0.0904517535468292
0.130644658194854 0.32491511709145 0.174233336925888 -0.189479372000153
0.263133963134868 0.149206818990547 0.00504949844082207 -0.373928722300742
0.229636212423285 -0.103465545467024 -0.252297387212639 -0.223801398645411
0.0630852875028811 -0.224036798434362 -0.252392654709578 0.0341237293734909
-0.0935268126581486 -0.193959555149126 -0.1212972528081 0.135705590126698
-0.144957878628413 -0.096138631377036 -0.0286126288349446 0.100284864660002
-0.14677432323968 -0.0528763356854247 0.013316460346811 0.0160560044285306
-0.143314905220577 -0.0623606409655072 0.0217073522999896 -0.0627481919235408
-0.154356290450219 -0.138131491931115 0.078164690625156 -0.129513626137063
-0.0725105452629934 -0.232249383104598 0.181650886441983 -0.128176957230807
0.094014058759506 -0.230388658079313 0.2255713018845 0.0447064075586893
0.296252731684503 -0.0882827909485644 0.120185776375959 0.217468164409887
0.294300712053887 0.217542414066005 -0.0638826437992025 0.229017141680683
0.111201008335008 0.400507636613773 -0.0824858618420971 0.0552575942506321
-0.0925372738158785 0.346648347330049 0.0374948420749297 -0.234719443942869
0.0595556980555464 0.33829256177065 0.192500927940525 -0.23626393423237
0.224067388152387 0.20097537827398 0.0808927499412907 -0.378267687457434
0.240370945010167 -0.0622615533050265 -0.14860717276148 -0.285413203842291
0.0852847407678277 -0.204867837105945 -0.224813600090452 -0.0866826699384565
-0.077232254338548 -0.193397608439173 -0.169011816802074 0.047572727870304
-0.139400791666927 -0.100189307403342 -0.0954251175350265 0.058719679180221
-0.139830343742221 -0.0510630455341125 -0.0443738832695997 -0.00698453650530407
-0.135451670246383 -0.0545714169862136 -0.0345071901517244 -0.0827695684078521
-0.139940857712138 -0.126154009003359 0.0256443883646374 -0.161743526665568
-0.0646188091877024 -0.21244039562721 0.144788850384059 -0.185461710353315
0.0869347808973249 -0.209222585910221 0.23165002163711 -0.0224965140504372
0.262923313416196 -0.0676186026780111 0.143164206660611 0.168360250565353
0.239365950603675 0.205746262225339 -0.0524518197408536 0.191634349501836
0.0652106139627626 0.341371509792583 -0.0816745580266711 -0.0510579738719944
-0.111442057035286 0.232967220323318 0.0765399233410332 -0.34515593926972
-0.0077980916775459 0.263890361081641 0.206226402286351 -0.265898405847008
0.138830427612397 0.183036577775719 0.136558677264468 -0.349484365599139
0.186237255594183 -0.0203835960413615 -0.0504015957587651 -0.306222661754198
0.0770861197512288 -0.14677564841875 -0.182605664495991 -0.175222255152662
-0.0514986719153011 -0.154183606299524 -0.199429572509135 -0.0307513329841501
-0.109925512369511 -0.0842595248673829 -0.151074589049718 0.0183519666799714
-0.111454061447563 -0.0418144125011885 -0.0939785722058027 -0.0289776271366547
-0.110820021536814 -0.0421320968703997 -0.0809064854691101 -0.101130477184966
-0.109770131277053 -0.101975371115125 -0.0139691835472111 -0.186297920198486
-0.0423301258395454 -0.173857744068864 0.117241840392143 -0.219946661453749
0.0870182500068659 -0.163113173946878 0.232129338180271 -0.0616997965829353
0.213217135724847 -0.0187987137396563 0.149374670488922 0.133370836027695
0.1503827062237 0.190770471688088 -0.0433525495436016 0.154963849804048
-0.00201917919747949 0.2470693371253 -0.0691842696405174 -0.136301874444047
-0.10111258161885 0.0796933145764417 0.094715448518532 -0.401808315053879
-0.052559473050083 0.136446672991307 0.20573543169486 -0.274891782235965
0.0454135033017723 0.112500647996906 0.160262975394868 -0.314151592691311
0.0944812316153861 0.00763509129655039 0.00591261643196976 -0.304652567471595
0.0465517500709528 -0.0691595363833237 -0.154791119486132 -0.219137924296834
-0.0220712334181144 -0.0880668447400699 -0.214302691849048 -0.0782732968252639
-0.0620478167063935 -0.0530840749397511 -0.185536476826226 -0.00978416097679553
-0.0667821206715155 -0.0256854342184077 -0.127976660724423 -0.0461415801604668
-0.0732991805643236 -0.0255106977061132 -0.111211274863486 -0.117419872556879
-0.0710502537399391 -0.0684585641500774 -0.0347582327535637 -0.206465504756876
-0.0184049370318889 -0.1206164445647 0.106688610012611 -0.239042890546101
0.0818784671401751 -0.10682171496509 0.238312295681649 -0.0760843979296468
0.150288986978848 0.0297753822684261 0.152652928837987 0.117598962285616
0.0528313793253968 0.158140208592107 -0.0357146115325224 0.126199817319239
-0.068759087419322 0.128949797915454 -0.041892653325629 -0.189845710340367
0.101212934504246 -0.00319809840347536 0.0387528552693139 0.254260957351421
0.0147582313858733 -0.0791663135099524 0.124160771278446 -0.0819004701821236
-0.0618755634307219 -0.0395355705041126 -0.139019688991963 -0.15227389432571
-0.0360491892162517 0.039986488209476 -0.284026410291289 0.0460405857195487
0.00778541540559643 0.032264182576382 -0.128411623975166 0.261138490996065
0.0184200878170361 0.0218649807113273 0.0544840225765885 0.238672266890748
0.024633622408337 0.00693215891669799 0.118432234735595 0.147476213622994
0.00952065480748058 0.00251892640832002 0.147788677493861 0.0653348480266201
-0.00204398615822867 0.00686437168212858 0.175895608855311 0.0286370748000932
-0.0175350025493185 0.00682732454304813 0.199464153186181 0.0692680663191503
-0.0146447446869984 -0.00974054483782134 0.146094170163328 0.18889520810202
0.00100822303381733 -0.024079677832233 -0.00968680975598676 0.279345788139263
0.034340408685431 -0.0430879444022848 -0.134777777304195 0.274358464709698
0.0828299593336975 0.00254772376803463 -0.220574358770085 0.264203092646849
0.0943199939309284 0.0889850254364599 -0.123595981508079 0.388349118436932
0.10702341716618 0.129800197389528 0.00648594866546007 0.233465969092771
0.0850352560606199 -0.00120729593613226 0.128777675635549 -0.0791252136198431
0.0247328661017968 -0.0382615672936604 -0.132634381191716 -0.192004139926444
0.00358779160794147 -0.017986827994501 -0.30586550434777 0.0182235856686575
0.000678151558701452 -0.0376794969591488 -0.160563941508497 0.25657910968566
-0.0234508095799141 -0.0303465743223798 0.0348416685324879 0.24784761190694
-0.0275048237483636 -0.0170584105658213 0.110975700745191 0.150172686259804
-0.0432488604156818 -0.019161323782142 0.139096152076351 0.0623585897421211
-0.0535079662935002 -0.0264203279706908 0.160575836888273 0.0137104262785652
-0.0620438130158019 -0.060895540554974 0.195864829471698 0.0307283299375857
-0.0069814242081841 -0.0970270870433209 0.179803063872844 0.138567980085065
0.0767248497837191 -0.0737671633452813 0.0471305155663184 0.261099032673747
0.140428409343857 -0.00372638124737365 -0.0848477748503923 0.289258164985987
0.144396257564865 0.12582163920353 -0.177934256637154 0.265613137079605
0.0915900480019663 0.241271218584761 -0.108288280319777 0.346531018823649
0.0801967366127265 0.255092210966197 -0.0145565533973352 0.166809499549829
0.137471074109993 0.106726014048595 0.140118391768681 -0.0948630447056698
0.125702975920177 -0.00419817776284489 -0.108936990630721 -0.252968743769651
0.0702265869133872 -0.0723657032368952 -0.32023352896668 -0.0423146331159946
0.00620238321345173 -0.115147061327585 -0.201626399098269 0.220384337255185
-0.0611917352855521 -0.0906414072163401 -0.00535799569251854 0.237717251584126
-0.0776623216063723 -0.045131658994771 0.0817149270150864 0.143743275570416
-0.089795751367613 -0.0368970456986495 0.110429063630479 0.0523020535582217
-0.0969002373383169 -0.0497510608698906 0.125327768144269 -0.010552723729818
-0.107092382495232 -0.107675135806304 0.171799736293199 -0.0247610437117643
-0.0252665606375285 -0.168817335478017 0.204034315652785 0.0527959189388554
0.109876912669454 -0.142095690174788 0.123999827064887 0.211020888373316
0.231942177892128 -0.0193549954735126 -0.00941574999334737 0.289590586538458
0.221641354271634 0.195506307447298 -0.129000107923073 0.264062447022932
0.103944876758208 0.347313836845094 -0.0891068427362041 0.267376282761859
0.0257461113733786 0.344710636140908 -0.017563511853035 0.0561820570914768
0.153750122136957 0.22481246577794 0.15596599640983 -0.12855971773746
0.214016155949644 0.0645216772442742 -0.0600018359732112 -0.31625843356398
0.153619860795076 -0.105205222460906 -0.304338006109757 -0.129143513827225
0.0291649513411494 -0.18163924339455 -0.235208267887605 0.141573218547353
-0.0858021330504616 -0.147085937484567 -0.0601096965608786 0.198734852427721
-0.117996755814605 -0.072769168749771 0.033416683235234 0.125675219269718
-0.12354880781382 -0.0484125464345214 0.0662814183789418 0.0361073367095383
-0.125302581955634 -0.0602031236247536 0.0756976616682197 -0.0357396860914824
-0.138475949039083 -0.129433268308103 0.127660476613728 -0.0792145809431152
-0.0533927139566698 -0.211709756115326 0.199555816162037 -0.0417459400378354
0.105907347125627 -0.199568381994539 0.186263394565798 0.130130071760716
0.280740415198738 -0.0602488994196348 0.0647200048304609 0.260060630881699
0.276552759294877 0.214927723912764 -0.087747980940102 0.248434006209206
0.115491100104147 0.395469112710184 -0.0780958465857066 0.162661475564677
-0.0395706781282798 0.373287048422764 0.0023771523675781 -0.0837524463655774
0.121093183003616 0.310443914605108 0.171474872691253 -0.174386987136577
0.248073455219321 0.14527757414751 0.00976133488879297 -0.357367057807004
0.220164347365469 -0.0966337124962503 -0.237844524512042 -0.217237614053432
0.0611257333867109 -0.212401143466496 -0.242046548119049 0.0298871017948722
-0.0897784491637579 -0.183566069703124 -0.117252030430161 0.129468170406871
-0.137718764830969 -0.0920316851647054 -0.0281371146422629 0.094939369841641
-0.137918280202355 -0.0518156477526526 0.0120067736299028 0.015438933810663
-0.135185486835522 -0.0594876090529719 0.0194452088896239 -0.0583442598346137
-0.147064454515185 -0.132417361584822 0.0743538533531844 -0.12196084065035
-0.0694360254389269 -0.219990344402822 0.170919245118652 -0.122812131116239
0.0909909259313986 -0.218209192410923 0.215377976827892 0.0456790927163046
0.281219994965008 -0.0810119525922658 0.113403431541766 0.210872202759643
0.279078497735121 0.209053579920232 -0.0632363293901295 0.219434636668929
0.102320218452452 0.383919938126471 -0.0779434832658732 0.0518859387684089
-0.0896836536619773 0.328131536217948 0.0387663706055897 -0.220229741894247
0.0550172744638279 0.320279179956769 0.187311523803449 -0.219323274925987
0.21104209428863 0.193832435140412 0.0817975085268142 -0.358901982989997
0.229653448326751 -0.0575832810042058 -0.138444112098656 -0.275093995925872
0.0813303838912655 -0.194782448943631 -0.215217549221757 -0.0845639849142854
-0.0746367509708109 -0.183400558495985 -0.163423300777655 0.0450828843473801
-0.132738605631992 -0.0954313256803636 -0.0915171452936084 0.0549912999995524
-0.131143972482627 -0.0495071779072306 -0.0426119201157376 -0.00703137895868058
-0.12686105860582 -0.0524351611643224 -0.0335724675258163 -0.0772517416199812
-0.133575176184684 -0.120766532869647 0.0239737611925163 -0.153478787192308
-0.0612807821005274 -0.202484410904435 0.136480588695177 -0.178037143291198
0.0841269717957603 -0.197695969516373 0.221302724181232 -0.0178196722671648
0.249850494876777 -0.0610194733895951 0.135046510968262 0.164805067735103
0.225634831904745 0.196998939982873 -0.0503095877551394 0.184259724707021
0.0591697127987342 0.325761725197204 -0.0765132577361474 -0.0494753557394901
-0.107434324481637 0.219958352832381 0.0766705726577541 -0.325787660465177
-0.0088052687052757 0.251211196328036 0.200701980363116 -0.248229016389992
0.130038313801926 0.17709889373951 0.134452367915553 -0.330609814690837
0.177905030022919 -0.0185696367058812 -0.0453376928250112 -0.293486341517471
0.0737715642409493 -0.139521163605253 -0.173958595068034 -0.168759089999285
-0.0499658354214888 -0.145996934991018 -0.191249495153935 -0.0294661098890697
-0.10440410071439 -0.0803665124291048 -0.143694833833156 0.0168233734994394
-0.104152705708155 -0.0406689200228444 -0.0896771907883815 -0.0281794390647497
-0.103942869083625 -0.0405443919960118 -0.0774326324559261 -0.0957368960647925
-0.104113200514454 -0.0976430727106204 -0.012228357405777 -0.177541991433661
-0.0409541104283064 -0.165621031355983 0.111471925167461 -0.210165767932111
0.0845049430400506 -0.154439069140045 0.221819300155442 -0.0557510598259779
0.20193485077402 -0.0149044267529245 0.141451191358488 0.131453916114298
0.141434218453479 0.181594075389773 -0.0413676877187854 0.148230970603168
-0.0049769141387545 0.235611122711241 -0.0647304986861494 -0.130097268931144
-0.0962728565212226 0.0738747705854557 0.0948321425022046 -0.380159428074505
-0.0506906549711742 0.128962484772477 0.200469486654568 -0.258219238754034
0.0418497525296665 0.107475506292098 0.155854153441057 -0.296593474005167
0.0904948237909756 0.00698498813664781 0.00862464147779819 -0.29168121799692
0.0449064724291866 -0.0655549877458131 -0.146509179216428 -0.21021540054273
-0.0217136372175073 -0.0831421109461036 -0.206202360660244 -0.0748432861249667
-0.0588429049582357 -0.0505487295162843 -0.176711883457538 -0.00940670025409106
-0.062058829035956 -0.0254636278716394 -0.121946338979508 -0.0447620461662413
-0.0675096706346508 -0.0244144882091447 -0.105719933936324 -0.112637852227058
-0.0675976356985337 -0.0647701635800516 -0.0325116669692311 -0.197309896512951
-0.017455273934083 -0.114795920535491 0.101874943096047 -0.228375573435183
0.0785156673310244 -0.101103758464393 0.227843966861862 -0.0704637486495728
0.142448066004063 0.0311272049795968 0.143959751910832 0.115899344556782
0.0490791660247691 0.150204645825318 -0.0345296843227196 0.120755490154256
-0.0667869988463923 0.122164873776919 -0.0396917808662188 -0.181096707013599
0.0982535541822844 0.00956642315112136 0.00109725779862205 0.262173040827737
0.0261742475697785 -0.0739371726454285 0.141245957474559 -0.0598496708799268
-0.0523789312929463 -0.0477188246075461 -0.108980125111005 -0.173362314378826
-0.0403653934756261 0.0302651738952976 -0.28279729420443 0.00244707346090721
0.000418590779384226 0.0317568351489558 -0.164620579872508 0.233816064225427
0.0157471671583453 0.0233977049760526 0.0155847151723494 0.242242112200915
0.0235060117206135 0.0104844765143168 0.0956386313742192 0.163135817648583
0.00962786192777714 0.00346342495321556 0.132784496621005 0.0882029270779579
-0.00189991170294987 0.00530856854205305 0.167603227629317 0.0569466477894971
-0.0168754653862759 0.00302954114231634 0.183632340317983 0.100170176533485
-0.00860170478328765 -0.0113394363385664 0.110642857639079 0.210468538999996
0.00944643854303282 -0.0225085197607494 -0.0572404120162485 0.275386879238043
0.0427312594046689 -0.029498891693617 -0.180864728933711 0.242777390376474
0.0806111919487303 0.0208797847331822 -0.264302791840521 0.21582854950136
0.0799314964696464 0.105618798953587 -0.19302649424904 0.360888881699088
0.0860971435208521 0.139933993090422 -0.0359817778006827 0.233217083911444
0.0816503057476443 0.012422876990751 0.139735041012341 -0.0540745075726125
0.0309344008079752 -0.0323250612944947 -0.0994776819545924 -0.206827057066384
0.00712939850489773 -0.0180288669948755 -0.299916862131497 -0.0258951972243908
0.00538052921828326 -0.0369386323214507 -0.192951011950629 0.227061304021488
-0.0168180374965809 -0.0336244748120659 -0.00228504375453166 0.24877234406128
-0.0233428715709683 -0.0214732021073138 0.0874292973495048 0.165139740364944
-0.0378669693283187 -0.0258914926098898 0.124704766811663 0.0839185970061715
-0.0464292527478013 -0.0353334751916955 0.153979064723952 0.0414154430742211
-0.0498011221861301 -0.0691324320085861 0.184259474225757 0.0628851933871896
0.0120543950707301 -0.0946378635934079 0.15043246036079 0.165926312937247
0.0906863054025211 -0.0587227576058836 -0.000182995534414889 0.266682309756538
0.138894883198424 0.0245088932958965 -0.134461823121366 0.264007152087695
0.118901746051348 0.1497166547219 -0.219759220173198 0.223877630011841
0.0499502789878552 0.251713313809692 -0.168344919135874 0.319980668905438
0.0418596565328237 0.257212971381286 -0.0543603196027136 0.158724370405053
0.115768166032048 0.1254090881015 0.148568951202959 -0.0678149243499512
0.122439428030106 0.0168755647447544 -0.0723332245592839 -0.259930734744089
0.0809877973604318 -0.0589480198069423 -0.307132023384707 -0.082994304078969
0.0237483805357539 -0.110001710044431 -0.227459874712 0.188574347229872
-0.0440211580486694 -0.0979895220133981 -0.0367800791796281 0.234162471757916
-0.0676653344676896 -0.057568597236667 0.0609365521017102 0.154302684409568
-0.0803145145329151 -0.0509570525920179 0.0985651806361367 0.069203958989471
-0.0848513947633872 -0.0650917280723038 0.122862497767576 0.0120989488668074
-0.0855426770705337 -0.121788418314429 0.168337307036771 0.00602102680014429
0.00550098433947422 -0.167533947496191 0.186330367534997 0.0867438247005397
0.135063188389285 -0.120188162569563 0.0837499091325611 0.231945994539247
0.23132760473534 0.0234329552352402 -0.0610615240030001 0.277651439116194
0.18236511176849 0.228984396875387 -0.170284965780547 0.228355908812494
0.0426063468377015 0.357994700243906 -0.132377997642151 0.24367971295882
-0.0235847271846846 0.337691575481387 -0.0459785973494035 0.042769198934428
0.11287830238096 0.242507518112716 0.162508790594274 -0.10101538863096
0.197523931261818 0.0980718890038801 -0.0213960763571852 -0.312490545990673
0.167263640561314 -0.075755484559213 -0.280407710921617 -0.162366590446357
0.0574857967332263 -0.170746195004288 -0.24998197772103 0.111145114207613
-0.0594612419687744 -0.155910753057186 -0.0829032048178793 0.188257529621346
-0.102719808716343 -0.0906231238875144 0.0164970603303708 0.130805859146028
-0.110961178380055 -0.0673195148223498 0.0579795441227868 0.0457150442644251
-0.110675359482936 -0.0789014363699397 0.077974220576726 -0.0203511259301705
-0.11302452184047 -0.148191677258753 0.134121207681691 -0.0538941354230377
-0.0172155306131816 -0.213152738042116 0.1971300504288 -0.00742142877161405
0.139777819283602 -0.176584535624293 0.15825489153278 0.163472017065006
0.283755774321733 -0.0112284466984363 0.0156422404064589 0.262380488833663
0.233294987488109 0.254806874354936 -0.126141344410258 0.219414461863659
0.0452829707553922 0.406070037668679 -0.102921409418429 0.142452118646523
-0.0914989888112657 0.355979092350896 -0.0061557350598805 -0.0954124411461943
0.0687250133969569 0.321613364952043 0.181589118182074 -0.146696709534035
0.218382053420264 0.182549124390528 0.0473846642794035 -0.342319025434921
0.229359777141248 -0.0564289091112265 -0.206558670570468 -0.237620693571507
0.0945819160348745 -0.194742829784054 -0.240920793530985 0.003315604272685
-0.0579328526313203 -0.190806990038648 -0.126606113033625 0.113632826083671
-0.119460787968578 -0.112439521486472 -0.0391463490965494 0.0918424819289621
-0.124929357995697 -0.0735621403385649 0.00855936254046376 0.0171764226667359
-0.120196524404479 -0.0796909769999545 0.0266937378194041 -0.0513053507379374
-0.121908857315705 -0.151660419950315 0.088572944880276 -0.105184620953001
-0.0314399352169295 -0.224096822273791 0.181784353982512 -0.091050278987406
0.126529741597636 -0.198359289563164 0.201216715923243 0.0848143422937151
0.287488357360607 -0.0316332230122869 0.0711205400004205 0.224710856597201
0.235188116582651 0.249740498451842 -0.096710947224066 0.195834581143692
0.0334386512518646 0.391691932984046 -0.0836249514952177 0.0325314784529078
-0.133822355348799 0.305080806093579 0.0541950046440028 -0.226265079708162
0.0021790910705229 0.322262830358263 0.205871922654193 -0.19004130716379
0.17406297816285 0.224122482357607 0.117783998244667 -0.336462459487676
0.233053908286474 -0.0167093539148236 -0.103354569053528 -0.280788895165301
0.111255240207066 -0.173940989458418 -0.199479348634591 -0.104801058824869
-0.043249147590767 -0.187434852228977 -0.159269732019895 0.0244943206676636
-0.11456956021578 -0.114264514513246 -0.0952756532316627 0.0442086604780461
-0.118587227222877 -0.0698674892080585 -0.0410653492597271 -0.0138067779715399
-0.113964481379652 -0.0711076813144494 -0.0219516944597243 -0.0793400394155823
-0.109893736695887 -0.138480369289426 0.0457977188736168 -0.143697150556702
-0.0281232425547642 -0.206412509722736 0.157684428876285 -0.150994306788847
0.115669385480748 -0.180783317427974 0.218280992142211 0.0227080992291148
0.253285176846264 -0.0174030044816892 0.101321699039681 0.183092488269486
0.18566363944988 0.229383470264626 -0.0776535471236383 0.165559880288061
-0.000599048720874981 0.327187357863184 -0.065075399838155 -0.0665150514292274
-0.135464275141989 0.198950568817435 0.113833501858545 -0.322501009036449
-0.0479682321236704 0.243043770313667 0.227017337609981 -0.218999104897528
0.0983409490254625 0.194413724939028 0.168602691495243 -0.302276409411535
0.17626699238276 0.0130943193810927 -0.0079412093871291 -0.287783587816327
0.0953316757579206 -0.122448195592097 -0.147386355066144 -0.183005982307233
-0.025930895546758 -0.146961390754011 -0.178274210304861 -0.0534127440084933
-0.0895443434326483 -0.094890690429516 -0.142211737461984 -0.000836549518781533
-0.0941299744170142 -0.0570868902598514 -0.0834289730326379 -0.0428682115974898
-0.0930583350953333 -0.0557988512676221 -0.0605742235879649 -0.105259899533211
-0.0861157992369503 -0.111802084997332 0.0149193437310159 -0.173747903096816
-0.014272609867916 -0.167873277522988 0.140244435261094 -0.187423438187402
0.107621178674508 -0.139210118488135 0.225669974246502 -0.0147622783363449
0.200203182371249 0.0184521441757256 0.114338415540522 0.151708279873665
0.106764983440487 0.200129336574355 -0.0622446655613635 0.133396322826763
-0.0479087646193746 0.228678134432137 -0.0401890668849593 -0.142697748992233
-0.103854850273247 0.0594826613767065 0.148717451266232 -0.366639148283195
-0.0674919680915328 0.117867299557395 0.233299526367453 -0.227274965802375
0.0232934841719615 0.112469444300941 0.192183831241667 -0.268447289639153
0.087132407700689 0.022510122535635 0.0475736755137885 -0.280801733662626
0.0548989554656488 -0.056840545190738 -0.114866895288436 -0.223000973560243
-0.00864716436224304 -0.0814942276238786 -0.188774782253362 -0.102008551647109
-0.0508028089138218 -0.0582999683525193 -0.171949036501603 -0.0327273226444549
-0.0563286630396177 -0.0351991187299729 -0.111450851171526 -0.0641359880098231
-0.0618917660213743 -0.0341835987915038 -0.0857039942516738 -0.125913367307373
-0.0552603967910665 -0.0737354599045758 -0.00124229893933419 -0.197427736139712
0.00014349219721166 -0.11516224132677 0.135027099277559 -0.20677153230607
0.093657160983873 -0.0886405436908653 0.234848878150805 -0.0290778447203856
0.135587494893639 0.0528112723237507 0.120305816477972 0.137249258487846
0.0231520030788881 0.153948159640992 -0.0504077054351237 0.109643140165506
-0.0891025564069705 0.106959429167377 -0.00717810841244466 -0.186358624041432
0.099193278013841 0.0104133465053511 0.00383511606011851 0.268191151612158
0.0267829660673311 -0.0753850415295584 0.148182174018485 -0.0616048445016044
-0.0528930230274856 -0.0492737070751373 -0.108864466292302 -0.179215557124953
-0.0413667358596797 0.0300885792739647 -0.291153577630595 0.000295822870800034
8.91528766101026E-05 0.0316442344981832 -0.170515449864467 0.236782627231656
0.0169438669847311 0.0240018627758972 0.0155808033497872 0.246996710755526
0.0236650402215845 0.0104715491913134 0.0971292039555383 0.167625507891928
0.00920144665042311 0.00265358448169504 0.135836467770232 0.0922579042105331
-0.00250303028823191 0.00553199666136405 0.171077147587996 0.0599707884487288
-0.0177697381066549 0.00319920935205316 0.187107714542392 0.10366739388317
-0.00861161865227075 -0.0124016148764701 0.11207458098536 0.216621063138216
0.0100155151904644 -0.0236769110827462 -0.0605062249301641 0.281466923962226
0.0434614075544259 -0.0291150402538593 -0.187957667809332 0.24444745548358
0.0806828457913965 0.0233540331751374 -0.274205365421543 0.21767489540322
0.080987696981463 0.10736513626241 -0.200706491752661 0.364895070927835
0.0865030830827993 0.141776215157075 -0.0344329412700975 0.238363794652367
0.0824786786985277 0.0130056578327418 0.147948482835465 -0.0543695441350921
0.0314718884325874 -0.0328614967746662 -0.098732643243103 -0.213532263779642
0.00785834254986223 -0.0186651312362928 -0.307377526431553 -0.0294439521368871
0.00447706959432202 -0.0384505230173806 -0.199358451824261 0.230448836250705
-0.0171387539224262 -0.0338485364014417 -0.00278376793612192 0.253053127910635
-0.0237882939139687 -0.0228323297705719 0.0883422832572181 0.168906759575337
-0.0390018158541284 -0.0271531181863753 0.126936316086212 0.0874345916992066
-0.0479537700943495 -0.0364696215350913 0.157395956260531 0.0431279644811233
-0.0514582524941218 -0.0707462814909579 0.186859732299962 0.0654683476240817
0.0124550944176176 -0.0966199481192 0.151405541201291 0.170685315725767
0.0933716867363012 -0.0599148306886106 -0.00224687213678224 0.274851753104872
0.141230790874219 0.0273250418273574 -0.141079108624885 0.268865123349599
0.118674344190084 0.154808668929817 -0.229059286751079 0.226572835937884
0.0493273416911562 0.258143610462681 -0.17306037178789 0.323640202410638
0.0420012113730505 0.260724310956867 -0.0531858225860327 0.163635000546027
0.116019714173711 0.128320539804199 0.156578136956253 -0.0662755947176361
0.124799843961723 0.0180211243549877 -0.0712095086551115 -0.267979221465119
0.0835829637686673 -0.0597606504043879 -0.313609523929934 -0.0882380357913198
0.023422380203553 -0.112822490762884 -0.233587683683538 0.190714212647753
-0.0451459148059884 -0.0990204737995669 -0.0384265035765015 0.238175219601902
-0.0692340233927487 -0.059025594294656 0.0610350905847529 0.158472446236243
-0.0821819474916647 -0.0525420743186655 0.0995247761472903 0.0716481525221849
-0.0861363856162933 -0.0662495674945513 0.125294296516703 0.0147247673050944
-0.0879782481351315 -0.123993876629036 0.170302259358221 0.00699949687233566
0.00537584663838093 -0.170519690302602 0.187922573944725 0.0885404260801633
0.138360125173964 -0.122521078663653 0.0846321894321699 0.23919128308568
0.234057195607632 0.0260798164189186 -0.0654524632856815 0.284846686173218
0.18340786873408 0.236008189964768 -0.176997040808013 0.232467939784386
0.0415139043268418 0.366237337574428 -0.135953246482592 0.247635126780376
-0.0263972150377755 0.341268685670396 -0.0438577960640234 0.0460640683806718
0.112858312789064 0.247272560988034 0.171824094389226 -0.0981369395146727
0.199643474981972 0.101250155046547 -0.0175043312476056 -0.320420702211171
0.171670392553105 -0.07622230962446 -0.285618423094114 -0.169746195660765
0.0578258601450589 -0.174155288977941 -0.256128340169264 0.111349617302503
-0.0610451473642931 -0.157976405335233 -0.0847906590875256 0.192425890584122
-0.104856549785181 -0.0922161389818371 0.0156039942546695 0.132086340764037
-0.112477228883048 -0.0697285056323997 0.0586842803846149 0.0479635509507309
-0.112571187719022 -0.0811634999245804 0.0788241466777039 -0.0185878413313443
-0.116106427167702 -0.150641823140916 0.135512600892498 -0.0545340223256611
-0.0178011596890405 -0.217031548369277 0.198258033629125 -0.00790428159700733
0.142696139689441 -0.180582485919042 0.160911235212905 0.169827111190838
0.289012942561847 -0.00827268201733013 0.0138746667869994 0.270777333261305
0.235771187957399 0.261726095754073 -0.130618335988235 0.224000941062675
0.0437897612235013 0.415137085605276 -0.105099556813584 0.144064401354257
-0.0954164848651788 0.360119858318805 -0.00323021797697573 -0.0947376035217342
0.0678214779184982 0.326880890490295 0.190935464754949 -0.14417236425352
0.220998216200033 0.188940513878758 0.052916316598325 -0.349132766876492
0.234899800514375 -0.0568160582853847 -0.208951416563331 -0.246355807215726
0.0955835421408814 -0.199112514570781 -0.247016069477029 0.00144941192720635
-0.0597606764137302 -0.192708911815914 -0.130748475055289 0.116108873376139
-0.121807803188205 -0.114249498081036 -0.0401695077831811 0.0933634953984103
-0.125765110232319 -0.0760449392139537 0.00775408558636678 0.0178861423376523
-0.12173064920269 -0.0819149514541329 0.0267218442658327 -0.0503667551638333
-0.124925028140957 -0.154588476128392 0.0897809716955296 -0.106702925642484
-0.0323724739335321 -0.228007067466243 0.183010595330389 -0.0933556061844059
0.129443076368215 -0.201994548323931 0.205317331441335 0.0896601104599808
0.291971213560791 -0.0295713465423273 0.0723902565883228 0.233048841141457
0.238281679132052 0.255388087978146 -0.0991102526782841 0.200244936618608
0.0322419875436983 0.40072289807684 -0.0837892186587527 0.0318022559312753
-0.138164287588726 0.308399635162831 0.0582285198679371 -0.227916162093088
0.000670967605116542 0.327029262698227 0.214331870021249 -0.187804624615983
0.176006825738784 0.230777773824681 0.12454704312597 -0.341194802108776
0.238299916140703 -0.0162575034318892 -0.103581943213843 -0.288472016345771
0.11342293665146 -0.178783886284338 -0.203441609028632 -0.108172620790441
-0.0453171599269608 -0.18971144840121 -0.163350793165907 0.0254043060788876
-0.117256011964867 -0.116291459693316 -0.0980035355401264 0.0444991881766538
-0.119105466336497 -0.0726409876379813 -0.0419445378938502 -0.0145642953759075
-0.114841008960711 -0.0726116788703465 -0.0220977597447603 -0.0796241477707277
-0.112848306651908 -0.141710126547968 0.0463898763285945 -0.14669897966965
-0.0289846247968629 -0.210258163840829 0.158927020887927 -0.155424257093941
0.118356433511333 -0.18466730618435 0.222982907474938 0.0260805421786718
0.258097213411953 -0.0148444642168805 0.10273709052223 0.190992551298433
0.188371293776705 0.234097621688575 -0.0788417580925831 0.16898853301904
-0.00283935394155209 0.335286419726989 -0.0657039563001451 -0.068624617518337
-0.138697111778624 0.200234097816771 0.119079400345545 -0.325562434135203
-0.0496813318292344 0.24635657052934 0.235266315410754 -0.21719110204057
0.0986655697351671 0.199694658029955 0.176634897887057 -0.306375808632901
0.179673600796505 0.0138195590799849 -0.00461579006341186 -0.294758428213917
0.0969262569909316 -0.124355571869946 -0.149758615065199 -0.187921422625914
-0.0277614714037608 -0.14800168006529 -0.18217573742796 -0.0538457865195076
-0.0918856823524908 -0.0964341428723128 -0.145432445431167 -0.00105483223636865
-0.0943394735153723 -0.059214831290217 -0.0859007966252993 -0.0439764791171164
-0.0933508932576869 -0.0569738521378561 -0.0620504775028747 -0.105830787924662
-0.0878937159054329 -0.114186296380234 0.0153202409313297 -0.177322603850687
-0.0146091016927389 -0.170800059921171 0.141363014041313 -0.191833594021879
0.11016916524259 -0.141640379021988 0.230580152768966 -0.0127739834695839
0.203730243435925 0.0218664500206394 0.116590859091869 0.158917758785051
0.107945481208733 0.204208946362245 -0.0635903814748683 0.136445530331017
-0.050546492392093 0.233544205305175 -0.0402628590640407 -0.145128921828409
-0.105357103233025 0.058584303452779 0.154262371418475 -0.372239686804847
-0.0684714132877936 0.118590729332026 0.240406686123885 -0.227521636130291
0.0232296235684824 0.116218937228404 0.199282185448752 -0.271542717268525
0.0883376892840773 0.0233585216524618 0.0523606074846932 -0.287427447625238
0.0561404637776666 -0.0576813974328447 -0.115408301449513 -0.228174201296222
-0.0094155814360878 -0.0815855148524019 -0.193725977134063 -0.104041673077062
-0.052109700501335 -0.0592111427031861 -0.175576929321323 -0.0331013544199818
-0.0556426129095394 -0.0366296353112713 -0.114604521399524 -0.0666287663936375
-0.0609089931698361 -0.034752947741609 -0.0871997084433522 -0.128328520527305
-0.0565338013316914 -0.0754896351411317 -0.000544291419150173 -0.201363804420539
-0.000691028831881304 -0.117358839352996 0.137144330547748 -0.210496671991237
0.0951734696635749 -0.0899657186978043 0.240457688168831 -0.0274790458889469
0.137909452250201 0.0558754175401407 0.122558377654565 0.144274528700385
0.0214126586591969 0.156666362942245 -0.0518965399037947 0.111614722786437
-0.092482670588786 0.109445268580602 -0.00728781157057776 -0.189271220806394
0.101930426250223 0.00653378226222002 0.0159163120610168 0.274643332198233
0.0247354034543587 -0.0779475921931096 0.15398760538359 -0.0694846908763426
-0.0553652111039647 -0.048820730072326 -0.115649816218304 -0.182508337532648
-0.041500017661238 0.0318678109228091 -0.301351077053108 0.00987613787586372
0.000334524930917019 0.0318776801069201 -0.168841845112742 0.249174102657749
0.0194988478727912 0.0240882266962378 0.024664401414768 0.251982100323596
0.0244386736068097 0.00959119798043019 0.106037875516985 0.170240683264143
0.00906285552592358 0.00180402705612838 0.143468343041396 0.0906178148786598
-0.00320145707889353 0.00574265232027461 0.178971287388196 0.0559968027115869
-0.0181484002755541 0.00408147928528686 0.194809246213594 0.0998981132016384
-0.00869576105244983 -0.0127238896993373 0.121530790212885 0.220835108746379
0.00954355124514819 -0.024661023323885 -0.0536179420785411 0.292677035730076
0.0435317679585595 -0.03039511880453 -0.187785237790619 0.254587829593945
0.082985515500186 0.0232524167265906 -0.27794924289938 0.229901872347188
0.0862228824475533 0.108026458563166 -0.19567099403245 0.379897057983893
0.0929311837209742 0.141796299732155 -0.0231695831465776 0.246944989495739
0.0842043488151121 0.0106318031038551 0.155058717528026 -0.0610874466047691
0.0308669698635379 -0.0346821480669538 -0.107080584290837 -0.218464552131807
0.00769087718853495 -0.0194808956194278 -0.318561333179237 -0.0205946943638651
0.00202750196928269 -0.0400259414358193 -0.198145332183738 0.242056736779687
-0.0178155996996745 -0.0341820358469776 0.00569498707067289 0.260195885400512
-0.0252298052970358 -0.0219483940307481 0.0966135977615483 0.170717907943508
-0.0420289636538879 -0.0275495261068529 0.13456217353797 0.0863842554422207
-0.0512344378696049 -0.0357233729484259 0.163913640095921 0.0401111006295071
-0.0566274891766772 -0.0704344375527181 0.19344672320134 0.0609890202982981
0.00947772915192615 -0.099928077255306 0.160169900512633 0.171134746384162
0.0939924839433411 -0.0651514806830096 0.00682519178846133 0.284460446251178
0.145445229202921 0.0247560019822466 -0.137228259255404 0.279968627724911
0.125725818055168 0.156116125492291 -0.231542593913094 0.239182732336207
0.0587464153155813 0.264384156942197 -0.165480425995036 0.337472689828075
0.0501962181753462 0.264567478343784 -0.0449210225599993 0.170656589408424
0.12217099957585 0.127114232609395 0.164881963113452 -0.0727592193832332
0.127724907454068 0.0150847578166519 -0.0793635477979763 -0.274406331944013
0.0834026006919483 -0.0644666957981487 -0.326116725730524 -0.0819345095801258
0.0189429241735773 -0.116837636554827 -0.234538548675299 0.203068245077128
-0.0502263235451901 -0.0991953899488383 -0.0307543846914195 0.245793108121829
-0.0730857657780514 -0.0573673951626033 0.0684191576371192 0.160753119502061
-0.0859555879270897 -0.0520772498251049 0.105517071532004 0.0716370028681668
-0.0916876945281365 -0.0652440488872283 0.129446162135598 0.0125015185266537
-0.0966953835028702 -0.123560587940637 0.174545749956844 0.00165962205921559
-0.00144942299690501 -0.17603392995247 0.194358264417249 0.0845802339115364
0.137422690400625 -0.130937487283635 0.0950935611233342 0.244775681272305
0.24072823526615 0.0205362660830217 -0.0579639476162924 0.295537472378658
0.195011431558931 0.237100179437443 -0.175287850786134 0.244390283264026
0.0556088863593397 0.376523253103822 -0.129599421476419 0.257028684778195
-0.0174886576215136 0.349184272591265 -0.0396416276826949 0.0512305802602097
0.123366505169252 0.249269313528577 0.179336860165328 -0.104231223604697
0.208540993700328 0.0986193537527026 -0.0267395964698927 -0.329602426993929
0.172903992936675 -0.0845014702768013 -0.298441781266999 -0.166842113337736
0.0516212070330728 -0.180884358036898 -0.260021733309066 0.122279702603451
-0.0691440748808372 -0.158461301238428 -0.0798453353060748 0.200468715470481
-0.111238778065001 -0.0904632037791973 0.0202798039721541 0.135828875363518
-0.117656993936425 -0.0683566726454092 0.0618263739163002 0.0482591745455213
-0.118730527997611 -0.0789950277309493 0.0807830117695121 -0.0201234454315656
-0.126932478849009 -0.150037547381348 0.136742673221617 -0.0602745207460536
-0.0269870054561116 -0.222133166820694 0.200619294338088 -0.0150104699366163
0.139737471319196 -0.190960861068086 0.171707507609206 0.171866466420912
0.294990522604731 -0.0169821431586933 0.0240592364329645 0.280072557832181
0.250116156256361 0.261779129026781 -0.126524952775447 0.234247318810713
0.061357520489288 0.427552633360327 -0.102199536562062 0.150007572785944
-0.0870744345917397 0.371046980805148 -0.00372248927426637 -0.0942484784384027
0.0797271716714033 0.33272733542314 0.197058886632486 -0.149330758100549
0.233105845751431 0.187384684163725 0.04524201230529 -0.36148201305539
0.239154568982577 -0.0670642203114486 -0.222205000967608 -0.247592788564231
0.0896924503300294 -0.207767122946004 -0.253922772201459 0.00897013303491218
-0.069936666978498 -0.19363631271044 -0.129424449737011 0.123801686223258
-0.13018054453538 -0.111602566428308 -0.038885125667784 0.0969467941472701
-0.130752088273197 -0.0750587399621375 0.00846496447076634 0.0183476926475751
-0.128074349617492 -0.0798120591369577 0.0261343650546277 -0.0505699208878065
-0.136192403344015 -0.153722644159261 0.0874551799762059 -0.11248279006213
-0.0427587193263831 -0.233104940604219 0.181848564921746 -0.103416694873338
0.124856903805561 -0.212702295824952 0.21468429530963 0.0877802567642279
0.298503386547714 -0.0381331018386681 0.0839306216533972 0.240243524983203
0.25266264512513 0.254705989714907 -0.0944381359490499 0.209401250722484
0.0473954699593438 0.412309514480193 -0.0841923410803336 0.0346435755184826
-0.132590290048008 0.318730692629614 0.0541543143912045 -0.232728485589354
0.0112898089721734 0.333736985895098 0.219259331196977 -0.196198156111943
0.188724582070917 0.232799902150083 0.119175025397468 -0.353859306763269
0.244078170719729 -0.0254372143419353 -0.113723756832512 -0.294929836855793
0.109565048616788 -0.187444009766647 -0.212794077065074 -0.104941443931963
-0.0544279738734703 -0.19075747084867 -0.167263092110682 0.0331219866439096
-0.125426784027891 -0.113876797264267 -0.0989122229302513 0.0501652385296868
-0.12369834319913 -0.0715335084680256 -0.045090425198161 -0.0129076146506644
-0.119714855290799 -0.0714743325499784 -0.0260007915581211 -0.0783332457403684
-0.122640559983124 -0.141188317230846 0.0418664372995421 -0.151849885838132
-0.0387387043022114 -0.214304051155039 0.155282901834813 -0.164911699228688
0.114699346458398 -0.193857288622788 0.230840902357277 0.0207987472918356
0.263974339868002 -0.0223473968696495 0.113863851834548 0.196526352693094
0.200314164469578 0.234362078564843 -0.0740609980516979 0.17559573136887
0.00988486393214021 0.345344911359708 -0.0687621134801121 -0.0692302707943309
-0.136663184592798 0.20800709020477 0.112880869522568 -0.335804085479295
-0.0426530535356147 0.253074752830614 0.238541814631363 -0.226145769443232
0.107997071152315 0.203262545485181 0.173735563125126 -0.319791677242078
0.184773369713851 0.00720025084493151 -0.0121309139126164 -0.303932488154331
0.0951896329484398 -0.132612916193957 -0.159636789757032 -0.188672881665084
-0.0349506872223338 -0.149255635711857 -0.189756691012442 -0.0482434525551113
-0.0987917335313443 -0.0945319546014789 -0.149708562912631 0.00437696259407928
-0.0981944862880749 -0.0586459308448016 -0.0905219052833177 -0.042589487005275
-0.09578326585165 -0.0557475279467803 -0.0677346962261131 -0.105370040996441
-0.0950640732194564 -0.11401810204876 0.00825725059025276 -0.182874176337404
-0.0219866934741638 -0.174280754375085 0.136686207613785 -0.202840852044219
0.107576950879769 -0.149442608965471 0.237607252805718 -0.0194922178074202
0.209829546940544 0.017097811148513 0.126714178014842 0.163094091505786
0.117509016510208 0.206396846017229 -0.0606202095291993 0.141790677704389
-0.0436058690999494 0.24231085661144 -0.0466836839938845 -0.147815977170962
-0.105653669557856 0.061843744846146 0.147999105643015 -0.385355730520463
-0.0656003176006828 0.1223214132157 0.242447962864483 -0.237910530047276
0.0279655261915198 0.118926140212779 0.198379888809305 -0.283782699639238
0.0923587879183291 0.0201378296513994 0.0460966406346073 -0.298366772252683
0.0549482693295476 -0.0618032718010681 -0.126022048926504 -0.231478083517549
-0.0136149924487854 -0.0816124776922829 -0.203177983269131 -0.0987493191001267
-0.0560989744754172 -0.0579141028970167 -0.182169390024967 -0.0272139638098159
-0.0575042112464006 -0.0365089461406273 -0.12132825165977 -0.06440961143711
-0.0621942559133749 -0.0334636549534528 -0.0943094567240853 -0.127791697551116
-0.0599511423296181 -0.0748606728623727 -0.0084752805278763 -0.207700329811442
-0.00547655912216314 -0.12007137012959 0.132615655123855 -0.221829531055457
0.0936497983313739 -0.0958408476598181 0.246846235176567 -0.0352800387573047
0.143866643425267 0.0534982157881946 0.131155207920616 0.147331520113275
0.0274600614279321 0.15960263462335 -0.0504908292792028 0.116181748075564
-0.0910979501896838 0.115645917284121 -0.015140906995605 -0.194112885155247
0.101676462438799 -7.64433881703754E-05 0.0360875794573957 0.272249867599672
0.0196439748127924 -0.0795166822798226 0.153504438237805 -0.0814590393183615
-0.0585229956506328 -0.0463204825451834 -0.125132893194039 -0.178697741420215
-0.0397460828950332 0.0342151885185331 -0.301808676503986 0.0281775305302371
0.00164171395592932 0.0317791782498278 -0.155115470867597 0.260112569010337
0.0214436157056141 0.0222139810626802 0.039827818244669 0.249924742179449
0.0249249533471353 0.00741015031233217 0.117203002583246 0.164226703817713
0.00826720169517769 0.00079839712387564 0.150667230555218 0.0829495317018678
-0.00306412479861519 0.00596098235010593 0.183963640791171 0.0448912831948386
-0.0185132967742618 0.00555173077101212 0.20122031696946 0.0887511238862061
-0.00966089868046674 -0.0131588994615229 0.135012153566119 0.215511566885632
0.00774363433015387 -0.0253093023270938 -0.0383262735760475 0.297536309134244
0.0419163031145707 -0.031600459183422 -0.176068059480298 0.264308753066369
0.0837220305578054 0.020055565149284 -0.267410866811082 0.245544243949823
0.0918404679560633 0.103530475433578 -0.1732622729507 0.388169319582669
0.10088002404118 0.135402418363333 -0.00466289033106479 0.247472133041793
0.0842398740427577 0.00570417089955002 0.155730586599276 -0.0721168045790747
0.0284192609357762 -0.0363258064637406 -0.117985221513447 -0.213825381447089
0.00592459832549624 -0.0201496489507214 -0.320895681990969 -0.00241154786156417
-0.0011938129887938 -0.0398291511819565 -0.184732935188385 0.2542926404545
-0.0198234629667591 -0.0324760292068063 0.0216485583211247 0.258485450891406
-0.0263867973183073 -0.0204638966576929 0.107592351657496 0.1659207731986
-0.0436387800565718 -0.0253582385019924 0.139932154134409 0.0793616117054854
-0.0543913637035703 -0.0330223425249188 0.167017383993468 0.0309896896883769
-0.0615145033763593 -0.0661474057829076 0.197179392092033 0.0495218597931649
0.00295711841558789 -0.101302156111531 0.169492682589242 0.162994762102639
0.089725485486352 -0.0707056138239389 0.0235310678818014 0.284858495630242
0.14718930667684 0.0176793347770238 -0.122507483158639 0.288031777538575
0.134046644482546 0.150811429172012 -0.218398884286292 0.251977479781585
0.0743599221303948 0.262094113188479 -0.146964747537215 0.346055833854917
0.0646755838600906 0.260294233765474 -0.0305818137414422 0.174149087788251
0.128992726175568 0.11961395935968 0.166191223516552 -0.0820173622711607
0.128050286352067 0.00813135402809111 -0.0934652352867677 -0.271165022805851
0.079341315276387 -0.0698209501351836 -0.331350017005507 -0.0647091159202401
0.00997834783700236 -0.1181204907518 -0.223568139744138 0.216785773653341
-0.0565452564641843 -0.0947149297952348 -0.0159669959890328 0.247338550132531
-0.0766411786098259 -0.0522699047353586 0.0773440659437118 0.156499769728839
-0.0898075697710462 -0.0476869096437722 0.110110042109688 0.0662048337298109
-0.0966386763602267 -0.0598491505467163 0.13047213120337 0.00519185186503165
-0.10575119199747 -0.116199266713408 0.1744071855232 -0.00856805026346995
-0.0131973630524348 -0.176032783766368 0.197202795018571 0.073790772335477
0.128897506724774 -0.139965000778354 0.10982274574124 0.24119945474646
0.241728655288239 0.00837125279908534 -0.0411376551192992 0.299784529657445
0.208635918234468 0.226291587968458 -0.162115511320326 0.254392727602856
0.0785634094313334 0.374256146415773 -0.114162573524789 0.262859459540223
0.00199024405654001 0.348112625989755 -0.0333289578001985 0.0551862704995756
0.136420452313195 0.240826216304604 0.179624575758229 -0.112539697740977
0.214052339900913 0.0871572690866911 -0.0437210755654421 -0.329457372181887
0.167593683289117 -0.0951655305894681 -0.309422117700779 -0.15153240049537
0.0392897828574242 -0.184429105538332 -0.253218335206376 0.137411588315138
-0.0793623584756779 -0.152276371280236 -0.0681984545576966 0.20488770534659
-0.116531914127576 -0.0824545685471713 0.0280359601743196 0.134232401579528
-0.12173870760438 -0.0618771610086039 0.0641982575155782 0.0452434065307478
-0.123495281703076 -0.0720775591633465 0.0798722412585727 -0.0230357879851749
-0.137965192920788 -0.141266770423936 0.131731103939781 -0.0678637265866131
-0.0422212941012578 -0.220589792462842 0.197539155172611 -0.0268073201132657
0.126859447568407 -0.198701337969466 0.183067864214603 0.162878820609008
0.294284905800681 -0.0328175095006227 0.0408148738269824 0.280417050279698
0.264775581199546 0.247466951204757 -0.113567493054437 0.242278123575188
0.0861150432230586 0.424668416839489 -0.0912270766373299 0.154492367407847
-0.0671519959689913 0.374233373795142 -0.00573028741059241 -0.0909933112480449
0.0980854825154627 0.325906075111566 0.19419042969858 -0.158314974542039
0.244020858047492 0.175322083532607 0.0262875577213659 -0.364194277850212
0.23486159000641 -0.0819061213778336 -0.237009800921259 -0.236599518574274
0.0752031802616739 -0.213751848982536 -0.253425898927642 0.024288359191382
-0.082505235258383 -0.186982121830973 -0.121397368656635 0.13173401797754
-0.136778577618019 -0.102677862566958 -0.0337068615249866 0.098869450466417
-0.134646804628972 -0.0677476816423633 0.00932321442152526 0.0184078505474482
-0.131712901546784 -0.0726022730975381 0.0234375505968013 -0.0504370714290926
-0.146581353597932 -0.144771370417028 0.0799149309295467 -0.116883322924738
-0.0589985919182015 -0.230252786091011 0.172468648219265 -0.113728512739847
0.111240226427154 -0.219778668737594 0.221423158938475 0.0762895863075662
0.295212051740521 -0.0544053050526285 0.0994691693406587 0.23743588799915
0.267464434941925 0.238747125281359 -0.0821492658294424 0.215032595224316
0.0738069207693823 0.41029645259146 -0.0813533188382261 0.0379504983512234
-0.115606358117677 0.324871198848717 0.0438176202318217 -0.233104778206457
0.0296793546368649 0.332401284993942 0.212126051596662 -0.204620098831591
0.202413712548569 0.222764303110729 0.10076073193831 -0.360967237535483
0.242377381601497 -0.0409611027054767 -0.129207509477468 -0.289884473351001
0.0968227258184049 -0.195068433722659 -0.219013581360668 -0.0929084198018702
-0.0677583455814532 -0.185548751037265 -0.164856501747273 0.0435804571273863
-0.132360837799495 -0.105105236571742 -0.0965879234576383 0.0554745664787544
-0.127446194733647 -0.0653591729306937 -0.0458610372083193 -0.00972023696949743
-0.122710297579498 -0.064554548048427 -0.030017104383641 -0.0758083966787349
-0.132643395817525 -0.132323091040813 0.0318263380035223 -0.15382355996614
-0.053108855653048 -0.212045752838806 0.142441060863138 -0.173820807300392
0.101330716852669 -0.200469504537423 0.23319868318304 0.00844589448731421
0.262445089823096 -0.0366516581615781 0.127949745839196 0.192087237899385
0.214722943835103 0.222973097688109 -0.0632712040568913 0.179339022125835
0.0312020507860207 0.344969933127427 -0.0733139445413356 -0.0661006881437656
-0.124826203503088 0.214129986048654 0.0958496829927539 -0.340650318620207
-0.0279707759094947 0.253569563719209 0.228628549598914 -0.236835348836721
0.120831396302644 0.197940677124053 0.156973563289833 -0.328912732086984
0.185445992074626 -0.00369857579494133 -0.028088426379589 -0.304625900636127
0.0856757064235624 -0.138687796947517 -0.170393296159277 -0.180503958092978
-0.044306645876454 -0.145003765998936 -0.192616792001089 -0.0360825371139907
-0.104771831313765 -0.0868399171297077 -0.150088113625949 0.0144877175756163
-0.100738325085078 -0.0538263270210101 -0.0934142741827313 -0.0368495178666777
-0.0980208890325577 -0.0500447708847536 -0.0737164955712385 -0.100491712183927
-0.102541950764121 -0.107442148471714 -0.00321870340689299 -0.183583684218727
-0.0343432982001708 -0.173088304852242 0.121524596145131 -0.210272898930585
0.0973222912711483 -0.15551013095552 0.237356214850532 -0.0326957677611864
0.211062520177688 0.00595462029989585 0.137769806937301 0.157499394934199
0.128756679211177 0.199381426206427 -0.0519938163735664 0.145121231366298
-0.028595479641516 0.244460015420012 -0.0557555241777852 -0.145089185174236
-0.102239362776039 0.0657214551547313 0.12652743070788 -0.392250984767295
-0.0580952886933837 0.124414148002903 0.229854901118253 -0.248388254403536
0.0351016762792007 0.117602784338407 0.183513378875713 -0.294493388383148
0.0924508852365228 0.0139783158366837 0.0313522130704924 -0.302395351933033
0.0508918700544182 -0.0656454000242262 -0.139500933526401 -0.22565515179832
-0.0190487978097467 -0.0793267018606947 -0.209151587532774 -0.0857461763280021
-0.0599657190808983 -0.0533321549431352 -0.184593723826263 -0.0155160629289676
-0.0590454273132645 -0.0336814056706104 -0.12697766276929 -0.0569450671033939
-0.0629366969922106 -0.0299154866562011 -0.101272319448205 -0.121238706762582
-0.0648369075915412 -0.0704877165101183 -0.0213750557160468 -0.20648149384998
-0.0138769471459689 -0.120037007386322 0.118083839964363 -0.230297397290556
0.0870220853543259 -0.10151114702133 0.245899416518603 -0.0493539576681676
0.147666816938053 0.0452898934929632 0.141014113589651 0.142100869782409
0.0366117323113387 0.15816088044699 -0.0434045692772621 0.118974736821306
-0.0840418297198281 0.120969450824589 -0.0278303208255387 -0.191610880789989
0.097237003179669 -0.00538565815960704 0.0516216078928682 0.258431098650987
0.0139386243497757 -0.0777630440493235 0.146434244977705 -0.0882771262105261
-0.0590290926344128 -0.04194388796592 -0.128106726585405 -0.167695310780431
-0.0364843434601158 0.0353924699665828 -0.290337302500247 0.0429326036366379
0.00290826497584349 0.0302318985016149 -0.136418850052172 0.259983032235502
0.0223975915340214 0.0186995699582757 0.0515680425517479 0.238182931500238
0.024463252827693 0.00478468974561945 0.122532306863789 0.152383499833268
0.00697812277320874 -0.000173471284969738 0.151419272977035 0.0721894300955697
-0.00374380342721063 0.00602187574442962 0.180148555605718 0.0328099393077351
-0.0171680199276915 0.00636031497753053 0.198903623103046 0.0753033596394475
-0.0102198068535617 -0.0126490010594393 0.14156850835852 0.202283639005915
0.00623850463875607 -0.0245575641843575 -0.0214412007603274 0.289416804773894
0.0394341732857415 -0.0316795252327073 -0.158965840982048 0.261323822769774
0.0810190406810419 0.016639627074159 -0.248714866988531 0.249626641867386
0.0935242365929709 0.0957505798782956 -0.147933449199741 0.381165622716988
0.10236234574245 0.124257336551417 0.0119002992298352 0.237411678276029
0.0804783378951896 0.00117452868472044 0.150615578465337 -0.0793281761485489
0.0249889660008665 -0.0367066630233334 -0.122739849227191 -0.202068056449662
0.00446807490534871 -0.020053127030694 -0.309736265263171 0.0134277382156803
-0.00456128194847536 -0.0387521556907259 -0.165055407641933 0.255239714982131
-0.0206912974996057 -0.0305262236329994 0.034519032158047 0.24737923966191
-0.0264691589186484 -0.019362178023499 0.112277499113399 0.154272688383305
-0.0447255891412446 -0.0224416077016884 0.140525993751337 0.0691624565597248
-0.0551021483729305 -0.0282635696699605 0.164008596763737 0.0208034563435519
-0.0637175044391527 -0.0596876958886561 0.192858923722234 0.0383055952939376
-0.00285238477138517 -0.0984514790087284 0.171619661125248 0.149553287003969
0.0825417714594726 -0.0733582805200805 0.0372000634378675 0.275603642399509
0.142579139881604 0.0112455600583513 -0.105226239480907 0.282643585829204
0.136050790327359 0.140354828822585 -0.199449583600373 0.253055759227479
0.0849105861696309 0.248757211550408 -0.122924808116575 0.336908846219152
0.0740071344832937 0.245690446607227 -0.0170510771790413 0.169332532625266
0.12896815991891 0.108287755186343 0.160961281279391 -0.0881894839699347
0.123045041448312 0.00169105215055629 -0.102218613890818 -0.258551860297314
0.0724282308032715 -0.0711454380315352 -0.323525834112873 -0.0462923489584782
0.00218422412551989 -0.113968333325526 -0.204668902168789 0.220414280183071
-0.0597207210866948 -0.0875427896325378 -0.00197495635950741 0.238177741926208
-0.0762858351671313 -0.046227076946712 0.08257152724587 0.147238488721648
-0.0892833886452401 -0.0413244038444542 0.110491909167668 0.0581605425007802
-0.0970101833930456 -0.0524501078418983 0.127315650609291 -0.00124205966658261
-0.109345536303732 -0.105285618474041 0.167293129431807 -0.0167905225818582
-0.0232996737225529 -0.169173290292317 0.192588758903434 0.0625466263662612
0.115799186503136 -0.141113873102819 0.118114838170636 0.2286087804931
0.233478139398164 -0.00289333772227308 -0.0247903417857899 0.291442211316746
0.211247964855559 0.209283567061138 -0.144335831751648 0.251887679391593
0.0958991183239215 0.356563383908262 -0.0958720976387993 0.256359574886658
0.0184734251494074 0.334624351884276 -0.0258025168271198 0.0558317888952884
0.142377940552035 0.224660294282125 0.172846486782699 -0.117117855873079
0.2103474060218 0.074037051600227 -0.0572154554181255 -0.31664769569176
0.156438247553523 -0.100128713462975 -0.30534500023438 -0.131895650378611
0.0266053971259035 -0.179149132387731 -0.236834332195712 0.144587209271943
-0.0851799568895703 -0.141181304062548 -0.0540692655915344 0.200715939550703
-0.116452404746757 -0.072561662904315 0.0335499362744142 0.127639055114576
-0.120705179834626 -0.0542361895397996 0.0652232699188887 0.0404085261681733
-0.123187697426846 -0.0629499535837767 0.0765185732322549 -0.0254804940745814
-0.141805420959479 -0.127111572047173 0.123706033617485 -0.0716169975084989
-0.0539585608401037 -0.210293805052885 0.186176970017477 -0.0348698034457364
0.110788822955066 -0.197658935445303 0.185019886177742 0.149680089178681
0.282070339050536 -0.0449183373085728 0.0548368530639948 0.26906606422776
0.267996402068643 0.226030726535741 -0.0976796053573891 0.237755234347729
0.106461384340877 0.404471769988147 -0.0803055602241309 0.150598134849284
-0.0477144710987594 0.362208875432275 -0.00689659187380888 -0.0854896510322225
0.109516083885945 0.308270240674631 0.184501617676859 -0.160327803695848
0.244427368645441 0.157202102964546 0.00916904354249226 -0.352833427638695
0.221492248899795 -0.0913445703275435 -0.238944263620622 -0.218236117114925
0.0597938279493947 -0.210078668533008 -0.242619222947636 0.0347891527912243
-0.0900194159222261 -0.173883904725484 -0.10957422984669 0.132911284688424
-0.137082371962764 -0.0904980705696179 -0.0275436728865339 0.0968424958263256
-0.133242782945751 -0.0592950281629322 0.010087455463042 0.0179936954076967
-0.130808272959508 -0.0631594873171361 0.0202510014395821 -0.0490795722857271
-0.150855407746802 -0.129695127034911 0.0707700306677267 -0.116211670666886
-0.0710069188422832 -0.218572443847397 0.157478419780951 -0.117545120330482
0.0938442486383838 -0.21695559204408 0.217501894947293 0.0639229290310856
0.282719389249175 -0.0666343258795424 0.109266101131268 0.22465627533563
0.26984442446276 0.216751965119901 -0.0682845972515658 0.209542254649809
0.0935219063841111 0.391025178952485 -0.0761017325402099 0.0380105350711815
-0.0962208092313609 0.317288177476051 0.0327971828137148 -0.224142700705675
0.0446989917024355 0.316957869898063 0.19933674562342 -0.205429119937794
0.207150484067325 0.204827791309432 0.0798316866367205 -0.352674659377646
0.230834321015837 -0.0524974685608272 -0.137452594074287 -0.275463789885265
0.0809519420726051 -0.193359453210452 -0.215542909765609 -0.0793145553404781
-0.0751420319295527 -0.173133599437224 -0.156457580829136 0.0502510797794712
-0.133551332075253 -0.0920797282720648 -0.0909946350842521 0.0590453674234082
-0.126267277668134 -0.0578087051502129 -0.045740570672529 -0.00669322266537261
-0.120259571306378 -0.0559445073616061 -0.032558856395365 -0.070361914417722
-0.13606173539422 -0.119244241991495 0.0222963956799863 -0.14937775719205
-0.0650159213153851 -0.200541029918001 0.125093790676017 -0.174119621219002
0.0857641395161937 -0.197304633488682 0.226356109397217 -0.0030204147992606
0.252138115404475 -0.0480761143735833 0.134905039586866 0.17921910847111
0.218590001500735 0.203526787479932 -0.0522218553679808 0.174661717718636
0.0489569009433432 0.330331965344367 -0.073827602549127 -0.0616999560084639
-0.111202543684062 0.21069449795833 0.0776612866198818 -0.329568683395874
-0.015039602464419 0.243805502591291 0.21188558854959 -0.236503748875497
0.127116201034173 0.184919685948978 0.135933495821768 -0.322619813861244
0.177750832726672 -0.0143225788274083 -0.0401621749596673 -0.294304429599369
0.0739388233297119 -0.138788257421574 -0.172758754279283 -0.166767552159948
-0.0510822781998759 -0.135163454917468 -0.187682180673295 -0.0243046515311008
-0.105807598980063 -0.0766664317303422 -0.14465533409892 0.0223156381706179
-0.0997104351407578 -0.0477822085576462 -0.0937987194924073 -0.0298878884729118
-0.0960569824907063 -0.0438627073380803 -0.0759404987118595 -0.0913121918931524
-0.105077675592842 -0.0970095172527471 -0.0133217707980313 -0.175767764839768
-0.0439681947102017 -0.164671574732295 0.104311391333301 -0.208307736832931
0.0848933285659009 -0.15441040949171 0.228125777175117 -0.0426467153785378
0.20450102727604 -0.00502375722298823 0.142731512410194 0.146917453174312
0.135067807686404 0.185495788020201 -0.0423223368675393 0.140884320478568
-0.0135763505970412 0.236703569865366 -0.0622687243404733 -0.137286147491386
-0.0957676282961467 0.0668087260818905 0.103489165632709 -0.382400846265557
-0.0500253195605671 0.120233073053967 0.211233332965404 -0.248298001614128
0.0407398564992159 0.11103532439749 0.162477913621139 -0.291941286454056
0.0895508490643977 0.0085634190729672 0.0167949040537529 -0.294739533776707
0.0439547474715434 -0.0657257308570524 -0.14574011345123 -0.212060820380461
-0.0224269663085848 -0.0732821736631817 -0.206784956752738 -0.0709401342592312
-0.0607974467178254 -0.0467160858515257 -0.17948791561358 -0.00397890328658527
-0.0586451378870319 -0.0304743157261312 -0.126968368121918 -0.0471979002749416
-0.060841109359468 -0.0263686007083868 -0.104588764099849 -0.110538921146093
-0.0661552045540323 -0.063995916555975 -0.0326023608991497 -0.197858577426774
-0.0204891928512339 -0.114322355413556 0.0997310086109605 -0.227799427211093
0.0776688121876709 -0.102200511834703 0.234574836479628 -0.0593629242148122
0.14468445036673 0.0365567180561069 0.144072037602646 0.131305273409686
0.0428638394918287 0.149963188623333 -0.0371435334314587 0.116281387569021
-0.0745911071049616 0.120958145110773 -0.0381561968423024 -0.182806626353143
0.0890340782375469 0.00613417224482867 0.0266927343991322 0.24903860722229
0.0215930212966031 -0.0693506040025269 0.151796368851453 -0.0710942762408721
-0.0492610550117481 -0.0461170298278694 -0.0970927729533158 -0.176164523126923
-0.0393975177225231 0.0264662597108099 -0.272524995806437 0.0051488848339744
-0.00282242832763952 0.0280791547558784 -0.156280001756223 0.225950691226775
0.0173561974069643 0.0178224520498676 0.0219820774096805 0.227845966710678
0.0227689243804939 0.00594004426552964 0.0988623670803627 0.156656218396875
0.00608798432495776 0.000197969418916564 0.135998975660142 0.0857315684169926
-0.00518776783585342 0.00413441781918992 0.168996524438304 0.0516982945499201
-0.0177508411538771 0.00298844365938274 0.181402300160222 0.0948307595559332
-0.00788365071781096 -0.0154491650944966 0.112722259421794 0.212620433491121
0.0109139255685672 -0.0263191963887001 -0.0554105767315424 0.278399969106048
0.0451680992367803 -0.02591084353925 -0.187684672985344 0.2309621369678
0.0780435112614837 0.0264712623308376 -0.272732970581136 0.209281211650796
0.0808904586156468 0.100437895983986 -0.196107350150064 0.349744799213549
0.0782577766363374 0.125792294458464 -0.0148653554550793 0.229232614116161
0.072887255509261 0.0113302342634558 0.154579908928888 -0.0562462821906025
0.0279304348657075 -0.0297331261729104 -0.0877739800320572 -0.20266651788306
0.00663865453486608 -0.0187042344071693 -0.286025749170463 -0.0223476887497315
-0.000449219587079211 -0.0371666855004109 -0.179398602781507 0.217891345415798
-0.0166994266388223 -0.0332456519858797 0.00727855236600609 0.233270877473468
-0.0218982025819229 -0.0224507282146717 0.0900284277580593 0.157136777259393
-0.0399583487431195 -0.0276058188957678 0.125204409143652 0.0823219603420529
-0.0494190709866124 -0.0344686560861127 0.154198281988573 0.0390460314117769
-0.0541851916264722 -0.0642793222618224 0.179919384950927 0.0611650214417138
0.00789603007337217 -0.0951174739250135 0.144823920375995 0.167772470391415
0.088886957679266 -0.0636968945064478 0.00124703482694705 0.272847271101838
0.13942071272234 0.0254721957910438 -0.14040882743372 0.256016784674097
0.115304604113004 0.149776433592402 -0.229228370562466 0.213915187869149
0.0552959040207059 0.246285428821764 -0.167422463378499 0.304193615071441
0.0374902744021999 0.23434255994633 -0.0428315872874382 0.16527584821423
0.103530367520865 0.115989278005901 0.163704170657839 -0.0578866595606118
0.11381589875172 0.0186423022604811 -0.0625396125089797 -0.246595826297999
0.0766016982150338 -0.0570266031473402 -0.28901516448078 -0.0773604416578216
0.0167004821754277 -0.106759912505565 -0.208941970406069 0.183280742115045
-0.0456661735184894 -0.0906288586031475 -0.0243913570348268 0.218771079517156
-0.0659536885975186 -0.0533717790814766 0.0624259027880285 0.146925536312672
-0.0802064548851279 -0.0510758487680054 0.0974598517457719 0.068527272560987
-0.0866634069967849 -0.0621255316249042 0.122588284595896 0.015692176488861
-0.0923782332199028 -0.112112391072729 0.1624379825569 0.00810806336259032
-0.00350043215597359 -0.164485938492241 0.173871754343837 0.0899031625903374
0.127147316020983 -0.124088627767681 0.0850318965355254 0.239677853849435
0.226669655395523 0.0216552497469762 -0.0669417262483109 0.274506703594012
0.179332044913744 0.223355430843781 -0.17865672827834 0.216729721687965
0.0535384445710855 0.35198691072614 -0.133683822937052 0.225094478585022
-0.0246398248468575 0.308540770425511 -0.0464675866146818 0.0600114544815704
0.101117475162693 0.224292252172546 0.173574491514329 -0.0777820912619517
0.185162844592838 0.096766415956331 -0.0154488526126635 -0.288823500525756
0.158758679079146 -0.0720174105916206 -0.26174047558581 -0.150494625066727
0.0490524425221117 -0.164287273335863 -0.229050538793986 0.111099840020621
-0.0621739066470918 -0.142945583766388 -0.067214467623229 0.177258348280523
-0.100007780439884 -0.0824504571117627 0.0190011673910046 0.123843308772764
-0.108478892326759 -0.0668378562017524 0.0559355935712372 0.0468906573633161
-0.110062648553858 -0.0753362555373999 0.0775642147980436 -0.0123174700086629
-0.120952773361439 -0.136454009940159 0.126719996242768 -0.0474939997933861
-0.0286752313226616 -0.206508473424954 0.17914457981072 -0.00198111067673819
0.127234786004484 -0.178822844314045 0.158534673051886 0.172718417477237
0.276666020342165 -0.014565271569928 0.0116013402645292 0.264470509240209
0.231222614186854 0.244401537122494 -0.133441470614849 0.206877175855904
0.0585901393575578 0.400382302791355 -0.107764909683823 0.121738367568938
-0.0884291402371913 0.32600704493745 -0.0179462040087932 -0.0720615084563396
0.0600956570096333 0.297047739796434 0.184909896640587 -0.115679570247396
0.206369638875061 0.178834584495454 0.0461004095276089 -0.310779756796541
0.218691674677742 -0.0541053784287731 -0.191026702631157 -0.220345890863567
0.0850026585872677 -0.188094136780714 -0.221312734677457 0.0103178736836717
-0.0620895241356632 -0.173586077232454 -0.111362960428212 0.10743096732406
-0.11845518746729 -0.100248588392483 -0.0351717252794843 0.0880689080955376
-0.120323463525408 -0.0733356002994214 0.00595669824011293 0.0196106727887539
-0.116131505819881 -0.0761878788461577 0.0265663847039626 -0.0407665609190123
-0.128862939685523 -0.13945497425335 0.0822726384105177 -0.095775076783491
-0.0443567253834267 -0.214917670743116 0.161215609355305 -0.0837111886388626
0.111552059910295 -0.197389368795218 0.201169297081353 0.0939104920407026
0.278155432779365 -0.0352711042398237 0.069669847774638 0.229051878955773
0.234393081602952 0.236379968877719 -0.101998206823768 0.184409227221703
0.0473165791957217 0.385452180779698 -0.090678650546251 0.0132837318010365
-0.128132792278685 0.278943056685116 0.0349446614434134 -0.200089724154092
-0.000837449444659132 0.29590647387878 0.199568334948765 -0.157554815741189
0.166011828508888 0.2174148295535 0.109624332260607 -0.302665075923901
0.222658452341817 -0.0170163564557712 -0.0929496809378405 -0.260183099838672
0.102583638980591 -0.169638925256724 -0.183841476554737 -0.0923157803275127
-0.0473148511105269 -0.169742131864081 -0.145630016013551 0.0261154671532597
-0.113962462409586 -0.10185610506427 -0.0904867996720011 0.0467826396718353
-0.113519950648716 -0.0709557193984355 -0.0441012673695413 -0.0105333634436093
-0.107169506200236 -0.0683448394195209 -0.0216055280005652 -0.0676184659724347
-0.116057445516142 -0.127247522937506 0.0400171384627788 -0.133111680946777
-0.0400569838120708 -0.197680580963745 0.137137969802269 -0.142774555474631
0.101893669768746 -0.179926739852114 0.216194506087233 0.0297534331611256
0.246356496027281 -0.0209228204872917 0.100961374227651 0.188892233758225
0.185478491635926 0.217391635615636 -0.0804996746978958 0.153053306548701
0.0119506794243111 0.322598466694053 -0.075235245981928 -0.0813753304550732
-0.128781323224708 0.179117446561201 0.0922329385483868 -0.296184994736852
-0.0457567419816701 0.221035525726743 0.21501354675994 -0.189777994804819
0.09399907071384 0.188050901889566 0.156141767394209 -0.273280658311428
0.168025948434197 0.0113815818256596 -0.00272120606396301 -0.268379220769431
0.0888070577022837 -0.119854822792492 -0.137469242284936 -0.169177130749133
-0.0289846832945719 -0.131619145042066 -0.167872652551239 -0.0453138596620936
-0.0898244317945049 -0.0829169491920126 -0.13710949669941 0.00653118217977897
-0.0893124182528209 -0.0582682295102935 -0.0874354922532718 -0.03785929523957
-0.0839302097529519 -0.0523973323497859 -0.0604341312134614 -0.0939571244309464
-0.0893058155543297 -0.102799002736356 0.00789200279697528 -0.164009695915755
-0.0239635776148455 -0.160134774071883 0.121439465351378 -0.179813392773039
0.0949782189572979 -0.137713562015098 0.223242221824056 -0.00974786047514842
0.195517106504449 0.0150236936863175 0.114220606078751 0.156717515855247
0.107488968385855 0.191102833554322 -0.0643278787681397 0.121822646749607
-0.0393354115380558 0.226243276776324 -0.0504309340697073 -0.149635304164733
-0.0963102895749147 0.0495231100346517 0.130765764334972 -0.345530735297981
-0.0614880612224142 0.102333598885169 0.218845183729011 -0.205902685543989
0.0235757624133564 0.108306309272688 0.180568524477514 -0.247124766242678
0.0824874060610211 0.0204125850889891 0.0500763376599966 -0.266695152052217
0.0503244665241889 -0.055824584591455 -0.109293301103619 -0.210132345983246
-0.00973589392652974 -0.0699980791628369 -0.183042759129018 -0.089233394685035
-0.0510802748524501 -0.0494083480844906 -0.167935599502912 -0.0212368189151063
-0.0521636591941059 -0.0367839172007027 -0.116156384510113 -0.0581757335900021
-0.0533082643504302 -0.0321161898320839 -0.0857904571951555 -0.115010139298614
-0.0548626168650548 -0.0673467483627201 -0.00897381983493285 -0.18793509239056
-0.00751189188810561 -0.109263010497244 0.119808376366671 -0.200663579284068
0.0825389617358866 -0.0879562172449001 0.231096799835542 -0.0274132232381352
0.134284706268376 0.0477620802340158 0.118645369474528 0.142827707428484
0.0239545605821622 0.147229198840542 -0.0517019954621654 0.100176800021284
-0.084787709038478 0.107845910200532 -0.0178449047100782 -0.18699167538604
0.0851867424738152 0.00710389977228227 0.0241456085592658 0.239694504413635
0.0214789285546832 -0.0657541151436645 0.150930676269286 -0.0692322250240612
-0.0475049532544432 -0.0452764478525577 -0.0901035847683734 -0.174661441327212
-0.0379918961317034 0.0252169664590217 -0.26465011913217 0.00140798491179029
-0.00385174100121226 0.0271309852797118 -0.154539876080106 0.217002289097255
0.0159816784551108 0.0170204497487152 0.0179814118716705 0.221263016278784
0.0220223504848572 0.0047035813615431 0.0947755333077193 0.154034683762903
0.00514246436643738 0.000157997109600828 0.132051550228431 0.0841602543328207
-0.00588938594918698 0.00383737275800375 0.16411111778098 0.0523055708474775
-0.0170208365233166 0.00247581150364691 0.174632982354089 0.0944961269782997
-0.00771021623328852 -0.0156947947104898 0.105671788652566 0.209913901592933
0.0112057653285762 -0.0246746533379066 -0.0592456551236625 0.27028705030761
0.0447941269041819 -0.0232636766590543 -0.188682773739072 0.21908676009948
0.0753167818106222 0.0283703445899155 -0.270639131840699 0.197612512470968
0.076834784493041 0.0990419715489778 -0.196416001985337 0.334118567725162
0.0727812656551962 0.122764555248383 -0.015063776510342 0.220543840287331
0.0693677625472792 0.0125803905362577 0.154149601147228 -0.0534031331771057
0.0270588186410187 -0.0279782558586925 -0.0798034819691366 -0.199724300340631
0.00643030112530515 -0.0177055091244156 -0.276535231837892 -0.027337143332066
-0.000782763597208341 -0.0355743342103379 -0.177879293661651 0.20896845353513
-0.0160527207157082 -0.0321361052927073 0.00378226983343809 0.225464997334007
-0.0207267351663065 -0.0228584347455155 0.0853040587280748 0.154140926784751
-0.0391018524425653 -0.0279856793363716 0.121989893792897 0.0816606054751874
-0.0488626311335602 -0.0336688163470656 0.150610231004583 0.0403913507340634
-0.0522351340123133 -0.0629859345407457 0.173822224220814 0.0616097804815505
0.00799824976408984 -0.0927648765272567 0.137407016776039 0.166627644694278
0.0868841643733036 -0.0602106170054728 -0.00333474107738929 0.266099642729724
0.1350304609386 0.0288291702432972 -0.141780350585283 0.244143583101792
0.109056705795738 0.149013540380066 -0.22785295575015 0.201478765883328
0.0498472421867735 0.240216608777705 -0.167405342046674 0.288525468832954
0.0311391401110204 0.22671727356149 -0.0411515009803347 0.159267137410331
0.0969546402565809 0.114390278519743 0.163206386586492 -0.05410007031698
0.110023318390497 0.0202907613789056 -0.0537423870331172 -0.241414376493317
0.0750085769452718 -0.0540051453580214 -0.279756281893072 -0.080689605948441
0.0162173994684735 -0.10277752204679 -0.205818386345964 0.173727305927587
-0.0434709578026789 -0.0876863025219696 -0.026551610952803 0.210937187760215
-0.0623756639341505 -0.0534543750006704 0.057955521458624 0.143383070992587
-0.0779786848037099 -0.0510238047114766 0.0946133718161271 0.0682956661582204
-0.0839670631331342 -0.0616398318998341 0.119383013700948 0.0179494941876753
-0.0895077771224324 -0.109174351764819 0.157759855828357 0.0107692961028904
-0.00308994227668654 -0.159765478986664 0.166073337391749 0.0911943902565304
0.124498984225903 -0.118889201953237 0.0782335485228637 0.235543776087779
0.220204867547809 0.025524109266215 -0.0702194360213472 0.264138388398564
0.170032680108469 0.221144609991099 -0.178899821526823 0.205057325534831
0.0469051842947083 0.341747029176835 -0.133892615064881 0.21188281120564
-0.0306678883064029 0.29801172883491 -0.042576438060639 0.0576208887445087
0.092404187172455 0.219112951017521 0.174270987527097 -0.072049940583695
0.178023175063081 0.0974632096927241 -0.00758391660225585 -0.280706274144727
0.154666508608478 -0.0674917664302484 -0.250979347822764 -0.151951322252561
0.0484185626908732 -0.15841191228754 -0.223769408045148 0.102794871427334
-0.0589075919005815 -0.138490280770667 -0.0677038333709949 0.170034801376667
-0.0952232212405841 -0.0814296622564235 0.0160282436800361 0.120497735522229
-0.104349769538904 -0.0674494979352731 0.0541849952594575 0.0466466267533295
-0.105825857845288 -0.0748571812814021 0.0758659739573111 -0.0098909179659775
-0.116517161389587 -0.132306140317266 0.124776155722311 -0.0443124634718132
-0.0271888002623019 -0.200268257754484 0.172151075690471 0.00310274040660831
0.125169157558593 -0.170464750259697 0.151169258585567 0.171074968844589
0.268657588160421 -0.00897623526954846 0.00681687020895 0.256303813113147
0.219975454458297 0.24202978588682 -0.135265915260289 0.196597886528209
0.0518241865215598 0.387536544250351 -0.106855359042306 0.113174251788666
-0.0933488018318823 0.314582315725268 -0.0131397230862119 -0.0692199691213339
0.0517487494935399 0.287680878691525 0.18521766335242 -0.106652793439391
0.197174381750732 0.1769728055773 0.052424976283389 -0.299616775628167
0.2123889615302 -0.0494495838106262 -0.18045812426912 -0.218377443934757
0.0832694261790678 -0.181709285035866 -0.215049904955257 0.00488906164946199
-0.0582764291992375 -0.167863949663143 -0.109445748993477 0.102878947201335
-0.112504471470529 -0.0981847761742617 -0.035883467831503 0.0857944181322185
-0.115057976835288 -0.0742041802768988 0.00584102726048148 0.019383586225368
-0.111503193509257 -0.0761943559477364 0.0269561714544507 -0.0376953693125653
-0.124670565601471 -0.135212514074682 0.0814849565191411 -0.09172966437025
-0.0425210650807882 -0.208867972538744 0.155965581179594 -0.0771450342609859
0.109918038946705 -0.189147990745353 0.194073239816815 0.0954502036972854
0.271379278056334 -0.0291274417949972 0.0644227119677731 0.223109308381581
0.223686674505544 0.233021977489791 -0.104185930183508 0.174604878876766
0.0407961291864285 0.373712455708683 -0.0893282668760709 0.00954775144920275
-0.131031738266609 0.267861514591935 0.039648891242139 -0.191523628673583
-0.00743691162534531 0.285618121871678 0.200128457109485 -0.147169687566175
0.157270410006842 0.213944917138381 0.112537111881506 -0.289696791234145
0.215738302496255 -0.013055805411987 -0.0837579508360637 -0.255845708605308
0.100590732703905 -0.162880529591024 -0.17731181639987 -0.0948532225702193
-0.0442776400633717 -0.163631700259677 -0.141509673012981 0.0227111030158164
-0.108614117040116 -0.0998349546614083 -0.088952971707038 0.0445709694207928
-0.109130468767127 -0.0717779982969331 -0.043675668835531 -0.0100391003363417
-0.102356786278148 -0.0682776895249902 -0.0198598125881118 -0.0645948997786109
-0.112160780708862 -0.123868902995578 0.0404988150628216 -0.128403513180773
-0.0385587225900075 -0.191235255418419 0.133951570565945 -0.135312089215944
0.0997502542180024 -0.171540762814872 0.210659545155746 0.0337204556402912
0.239584006037422 -0.0164646307935201 0.0956229914356916 0.184670493500247
0.177776205225119 0.213068732216134 -0.0824261479073558 0.14522311086745
0.00745955662052419 0.312210531722153 -0.0723345966055095 -0.0816323910325325
-0.129361596341293 0.170607740320503 0.0972506907456839 -0.283593957319075
-0.0492860825154168 0.212056031057583 0.21424214741327 -0.177499556062992
0.0883951269348946 0.183939075752678 0.15753718241092 -0.260719296469783
0.16172093429 0.0136957689790079 0.00511494583080152 -0.262590049683888
0.0856175362740705 -0.114363055980816 -0.130224298879018 -0.168686463395485
-0.0263693678830817 -0.125824626652655 -0.162115105825309 -0.0460256188381687
-0.0855489772801828 -0.0805550869687971 -0.133911449888797 0.00578574055355521
-0.0861706810672336 -0.0585505282388671 -0.0846817284191953 -0.0370254842377876
-0.0800837181778216 -0.0538945180847462 -0.0576925984308059 -0.0901654926213777
-0.0852648473926745 -0.0993165561605747 0.0103055763127335 -0.158268519083464
-0.0226633511233055 -0.15490892136816 0.118456393983132 -0.171518035921531
0.0934873981978902 -0.130961042463669 0.216292090876181 -0.00561463508646974
0.190171205037496 0.0179898796326412 0.10942796463621 0.154739352551732
0.102304424470728 0.186520750158148 -0.0663768067496754 0.115887114057206
-0.0408010191516039 0.218067599429878 -0.0483825920261146 -0.147502475066033
-0.0949745508185732 0.044915659082163 0.134154704798213 -0.330882203313487
-0.062291050046574 0.096977808772309 0.217750900281343 -0.192849410912765
0.0211545188087093 0.104999475173636 0.179761698941423 -0.234910609798138
0.0788840215352025 0.0210597634149665 0.0556364033673675 -0.25945718272018
0.0484185789911592 -0.0524989068503869 -0.102445007368627 -0.207016039721644
-0.00812121855992281 -0.0665609691919261 -0.17654096757856 -0.0885048181546296
-0.0482827241648454 -0.0478996817243048 -0.162714756321346 -0.0212927596960353
-0.0501390604355364 -0.0374056961225153 -0.11360017054535 -0.0576004835135746
-0.0501819562363534 -0.0326491811890656 -0.0820500318158048 -0.112392289703068
-0.052227802203402 -0.0652078703722736 -0.00560556707368764 -0.181948281235116
-0.00665778114672987 -0.105501267019493 0.117917132926429 -0.192786013811996
0.0804507259178832 -0.084019209273751 0.224832830613222 -0.0223816975890445
0.12967006943634 0.0482815404940965 0.113840227193921 0.141008254056146
0.0215506531490134 0.142870232949387 -0.0531966367381112 0.0952395386879386
-0.0830811141785769 0.102776565347451 -0.0158465438948371 -0.180679872581795
0.0846764597266644 0.00960018205748026 0.0203181214294207 0.239065887658665
0.0227961694707516 -0.0645804000449327 0.155677271380725 -0.0674064458642475
-0.046386021993334 -0.0464283580770193 -0.0846407164460794 -0.179881846373918
-0.0384927530726452 0.0247652371631217 -0.266388982640196 -0.00660083763163141
-0.00514759772748364 0.0273638881716864 -0.161069315200765 0.215289046029384
0.0162967132844514 0.0168425194553482 0.0124046024080306 0.222190106646908
0.0219301579212398 0.00420438403198495 0.0920202541899565 0.157161988850784
0.00418831687561211 0.000238544111698378 0.132366974121849 0.0879493415148142
-0.00609035614476867 0.00397537164330993 0.164274503473841 0.0555932752267505
-0.0179376791071416 0.00230950637387294 0.174360908197047 0.0987130205044625
-0.00715929871382958 -0.0157992067909331 0.101942368010767 0.214054985832735
0.0123895921022901 -0.024274477539912 -0.0671746634824774 0.270331420356496
0.045545521871378 -0.0215216012899454 -0.198739887740294 0.213599954538187
0.0752093856456501 0.0319884563694482 -0.279641999639329 0.190293920246138
0.0736590616665127 0.101502087696279 -0.20668062191866 0.327422554168613
0.0685648075448241 0.124680863848381 -0.0187051616317199 0.219920730627785
0.0686553418043088 0.0151509750290586 0.159626214163954 -0.0507927382129185
0.0278100496365104 -0.0267555075323793 -0.0729506021835965 -0.205529750885859
0.00655919343408178 -0.017430584508898 -0.27791535824282 -0.0350553952080872
-0.000720235089483301 -0.035584435132223 -0.184559075655948 0.206502153989253
-0.0155631630325889 -0.0333251936234709 -0.00186068113487067 0.226532226826339
-0.020274084291678 -0.0248607618611303 0.0823900896541222 0.157758064300519
-0.0398220119204813 -0.0291352998878441 0.121907033062052 0.0850272435412615
-0.0487594239428874 -0.0348952097085819 0.151016554382215 0.0438608943907207
-0.0523674512453995 -0.063436698754352 0.173968337328241 0.0658685207747222
0.00912152201152359 -0.0933086109153284 0.134586042130665 0.172642114459782
0.0890952176116216 -0.0580427268915276 -0.0117363326160468 0.268575659528026
0.13521404109467 0.0332609392562608 -0.152196450173775 0.240040099959232
0.105817785372033 0.154190410989657 -0.237048182102666 0.195757705568017
0.0442962038926361 0.242129398454759 -0.177488732034909 0.28326895529607
0.024142295831102 0.228455685252824 -0.0417541830430943 0.158658304720255
0.0930651278074634 0.11744409464314 0.169260493922356 -0.0500400396457143
0.109846415350116 0.023690841448995 -0.0450040214797181 -0.245664259813393
0.0761165337225447 -0.051317542859958 -0.279017640085182 -0.0897468073761946
0.017482847108053 -0.102842123573624 -0.211458838271741 0.169676351200299
-0.0419003399973971 -0.0888824488392366 -0.0316814018839885 0.211516565683218
-0.0611404650843532 -0.0557649832972112 0.0551032357887997 0.145938176079716
-0.0777984067814112 -0.0539502114689171 0.0949242422688862 0.0714933986201032
-0.0835522719435756 -0.0634142606670876 0.120561077947806 0.020431301579595
-0.0892978999811136 -0.110491292430858 0.15881474253322 0.0139492675193833
-0.00122959725996665 -0.160558759321357 0.164727423833642 0.0982523826433592
0.127801125254814 -0.115871772912018 0.0729833698609278 0.240404977297838
0.221579887024142 0.0312739822734045 -0.0785745506965054 0.262999964111751
0.165836866475997 0.227523039501729 -0.188025403782336 0.200310505034784
0.0391100876648572 0.344148029068765 -0.140661855401725 0.207645115129355
-0.039537816861499 0.298343552488266 -0.0411116321309957 0.0567573332946701
0.0858945920422894 0.221525859304758 0.180764281332809 -0.067146851024906
0.176757297668016 0.103392295329764 0.0021378588861972 -0.283052759875072
0.156339723423613 -0.0636820041447839 -0.248812032168786 -0.160945292995823
0.0507012057242841 -0.158243133519647 -0.228112176884461 0.0976539968187028
-0.0561234827365968 -0.139286531631529 -0.0720077918215873 0.168932654798319
-0.0935764528388529 -0.0839940253493688 0.0117622444908313 0.122410840395709
-0.103999596040121 -0.0709874786853501 0.0538839745090147 0.0482819705448662
-0.10496845101995 -0.0776958087557456 0.077579418882795 -0.0078060016082733
-0.116174886550661 -0.134249977882798 0.126543601958765 -0.0417839217471338
-0.0258066626075031 -0.201446463497236 0.172861964608987 0.00939764626152253
0.128454708599697 -0.167427792846193 0.147835418949296 0.177706513897439
0.27133879685048 -0.00232714364601562 -0.000226912236967002 0.25717172834832
0.216289923102751 0.248920891402668 -0.143178270372416 0.192714987221854
0.0436243879763325 0.389297465521047 -0.111642418862381 0.108682938727493
-0.103207053680951 0.312887319799499 -0.00855478399617114 -0.0689305333296053
0.0435304558041243 0.289936359405164 0.192057654261894 -0.100087226473537
0.194923881473175 0.183452862055474 0.0628724960532356 -0.299583076439987
0.214721486386668 -0.0445121208811409 -0.175028528780614 -0.226163414511569
0.0860432749492427 -0.180304662256363 -0.216367156100975 -0.00196888118714806
-0.0549753002872945 -0.168435754206477 -0.11229083927024 0.10022015995389
-0.110173265153711 -0.101290104606999 -0.0390958021463601 0.0860529465856323
-0.115310803623492 -0.0783697027690682 0.00479834427938478 0.0201467535767012
-0.110246293918148 -0.0794731492775978 0.0287457492164351 -0.0365640416010683
-0.124094265172388 -0.137162892788144 0.0839889204368347 -0.0896422794835788
-0.0405594874305672 -0.209670274643676 0.15757707562712 -0.0725252967668604
0.114220124873499 -0.186482989753178 0.193170920520751 0.102159816907842
0.274456079014187 -0.0233312639238394 0.0591230952521074 0.226242342523078
0.220521868754782 0.239862274663908 -0.111320623846045 0.172229811297678
0.0342692288100492 0.373605418804916 -0.0920916425714498 0.005160834625794
-0.139495029518221 0.264613833531764 0.0472590981275465 -0.190031748815799
-0.0165507261413471 0.286546945926447 0.207320793438854 -0.13997417476647
0.1538822324148 0.219818153645668 0.123173632535977 -0.286876114192463
0.21651065886823 -0.00835683730095075 -0.0756474630747956 -0.260282949795941
0.103222462447977 -0.161212185870636 -0.175504471423498 -0.101626326402061
-0.0406011600090299 -0.164197039351706 -0.143524216634743 0.0200859449009071
-0.106257395092252 -0.102234150207796 -0.0914960315920134 0.0440145707234453
-0.108528767841117 -0.0758197666618663 -0.0439167690459118 -0.0105756683765181
-0.100015673594952 -0.0717497596265326 -0.0171471926459158 -0.0647031186247084
-0.11080191465809 -0.125006166698117 0.0437934170889238 -0.127957770999984
-0.036622359179165 -0.191933198417798 0.136776099105046 -0.131022420406196
0.103162710965449 -0.168865461467397 0.211021760666625 0.0398857091578623
0.242018344815077 -0.0111597689647761 0.0915538316769802 0.188587494337287
0.174064788045392 0.218606896700204 -0.0890606271545306 0.143099153033357
0.00101528094025153 0.311793411699367 -0.0729155157467969 -0.0849131033995333
-0.135656531086557 0.167619867486874 0.107007788005015 -0.281104156084243
-0.0567082413155787 0.211034166563317 0.222349833137412 -0.170634778303513
0.0849735118405803 0.186712259178386 0.166707775327575 -0.255321719189089
0.162185189189837 0.0170880765645916 0.0136056807312088 -0.266055011464847
0.087916005434777 -0.11308868242093 -0.12680465201227 -0.174661184352095
-0.0234550505973653 -0.125993556033049 -0.162307819510511 -0.049962021784473
-0.0840526995498052 -0.0827113266778094 -0.135233524685327 0.00419377039427215
-0.0855463494986172 -0.0622998175432172 -0.0861091066277472 -0.0386039650580419
-0.0784861359449854 -0.0567450494572846 -0.0551940739794164 -0.0913080733884823
-0.0841405982184493 -0.10054177696846 0.0140816218544459 -0.157745319870488
-0.0204586841223417 -0.155583038318126 0.122830466957846 -0.168358095604209
0.096053119830827 -0.129361563718004 0.218937309514001 0.000303273747727117
0.191146611491726 0.0221882557744041 0.10622066912958 0.159119949866879
0.0988027941507627 0.18984479960468 -0.0723344997007408 0.114051104185135
-0.0459061817169836 0.216673074494931 -0.0469325295018219 -0.149272963119055
-0.0978177215892995 0.0426287678853098 0.14506524841218 -0.327269404125677
-0.0657030761423201 0.0950478844167052 0.224535595822761 -0.185407230439715
0.0187122016464178 0.105885635182175 0.188892295431228 -0.228843133159128
0.0789693862596676 0.0235163181994179 0.0646434455478624 -0.262054591940159
0.0490308653736106 -0.0514717054182645 -0.0981506285029144 -0.213242998933952
-0.00649277130928153 -0.0661501659333124 -0.175553478423855 -0.0929238748892028
-0.0472743248135514 -0.0485470101439576 -0.164294418314013 -0.0235712089574313
-0.0501254592827101 -0.0396389405856975 -0.114582723755534 -0.0593572324492791
-0.0486567097643559 -0.0345728343820361 -0.0791839143369115 -0.113365877082872
-0.0512444298760942 -0.066247345775385 -0.00108037761788165 -0.182957805612668
-0.00486666120539658 -0.105640399505402 0.121868808049593 -0.189809805150877
0.0821334622994527 -0.0821998274635903 0.22634633731747 -0.0160228826362082
0.129773582569592 0.0517162542064149 0.111075584584411 0.145881643068371
0.0185394893359921 0.144376770786922 -0.0591064391365236 0.0941014642998665
-0.0862095057664352 0.101358499918733 -0.0130062116235411 -0.181239182499772
