TRXV5
3
4
4
9
string Extension=J
integer IsArchMeasurement=1
integer IsSpherical=1
string Generator=SPM
string GeneratorVersion=1.3.1 Dev
double ArchRadius=0.449999988079071
integer FrequencyAxisIndex=0
integer AzimuthAxisIndex=1
integer ElevationAxisIndex=2
Frequency
5 136 690000000 960000000 LIN
Azimuth
7 8 0 2.74889357189107 LIN
Elevation
7 15 -2.74889357189107 2.74889357189107 LIN
Polar H Real Part
13
Polar H Imaginary Part
14
Polar V Real Part
13
Polar V Imaginary Part
14
Polar H Magnitude (dB)
12 0xC0000002 0 1
Polar H Phase
7 0xC0000003 0 1
Polar V Magnitude (dB)
12 0xC0000002 2 3
Polar V Phase
7 0xC0000003 2 3
0.132102966308594 -0.0944900512695313 0.39935302734375 -0.10308837890625
0.0473785400390625 -0.160629272460938 0.180038452148438 -0.153366088867188
-0.0978851318359375 -0.080230712890625 -0.0952224731445313 -0.0170516967773438
-0.105857849121094 0.0167160034179688 -0.0542755126953125 0.198593139648438
-0.0647468566894531 0.0463447570800781 0.12591552734375 0.237167358398438
-0.0388870239257813 0.0739364624023438 0.306304931640625 0.173858642578125
-0.00713348388671874 0.0710601806640625 0.403564453125 0.035888671875
-0.0287017822265625 0.0662155151367188 0.407470703125 -0.035369873046875
-0.0564117431640625 0.0661087036132812 0.376953125 -0.0018310546875
-0.0807342529296875 0.033599853515625 0.3067626953125 0.094573974609375
-0.0751800537109375 -0.0275955200195312 0.19366455078125 0.130126953125
-0.0441513061523438 -0.0764846801757813 0.081512451171875 0.107887268066406
0.0568771362304687 -0.0992355346679687 0.1083984375 0.025177001953125
0.165603637695312 -0.0465240478515625 0.384674072265625 0.0159912109375
0.19769287109375 0.03411865234375 0.533966064453125 0.309967041015625
-0.110809326171875 -0.15985107421875 0.403839111328125 -0.121429443359375
-0.174713134765625 -0.1456298828125 0.182891845703125 -0.164810180664062
-0.238845825195313 0.010589599609375 -0.0636405944824219 -0.0371932983398437
-0.164764404296875 0.162338256835938 -0.02874755859375 0.159133911132813
-0.0339202880859375 0.1859130859375 0.124313354492188 0.185104370117188
0.087249755859375 0.178298950195313 0.29541015625 0.130401611328125
0.143768310546875 0.111770629882812 0.37310791015625 0.000457763671875007
0.107429504394531 0.101699829101563 0.37554931640625 -0.068572998046875
0.0978851318359375 0.115371704101562 0.357696533203125 -0.034912109375
0.0572128295898438 0.12994384765625 0.306427001953125 0.06744384765625
-0.00682067871093751 0.111976623535156 0.200820922851563 0.101287841796875
-0.0509796142578125 0.089385986328125 0.109237670898438 0.0886611938476563
-0.076141357421875 0.0316848754882813 0.16851806640625 0.0212554931640625
-0.0599441528320313 -0.00771713256835937 0.428985595703125 0.036834716796875
-0.0564765930175781 0.000354766845703114 0.567138671875 0.33770751953125
-0.338623046875 -0.18902587890625 0.34454345703125 -0.153656005859375
-0.369659423828125 -0.0924072265625 0.147415161132812 -0.172348022460938
-0.3382568359375 0.114501953125 -0.0359115600585938 -0.0504035949707031
-0.1907958984375 0.291412353515625 -0.000839233398437509 0.104133605957031
0.00994873046875002 0.29693603515625 0.109832763671875 0.109100341796875
0.203460693359375 0.252273559570313 0.245193481445313 0.0671234130859375
0.27252197265625 0.133331298828125 0.2857666015625 -0.037078857421875
0.227737426757813 0.123764038085937 0.28460693359375 -0.092315673828125
0.23974609375 0.15087890625 0.280441284179688 -0.0645904541015625
0.18743896484375 0.215774536132813 0.25775146484375 0.0266265869140625
0.0579986572265625 0.24737548828125 0.178573608398438 0.050689697265625
-0.0630645751953125 0.253707885742188 0.129539489746094 0.0513839721679688
-0.216903686523438 0.154037475585938 0.220108032226562 0.017578125
-0.2869873046875 0.01947021484375 0.42401123046875 0.0667724609375
-0.3048095703125 -0.043975830078125 0.522003173828125 0.33990478515625
-0.52313232421875 -0.173309326171875 0.226913452148437 -0.181182861328125
-0.513092041015625 -3.05175781250733E-05 0.0822906494140625 -0.16070556640625
-0.380157470703125 0.227996826171875 -0.0105819702148438 -0.0546531677246094
-0.169189453125 0.38873291015625 0.0239334106445312 0.0368499755859375
0.067779541015625 0.3609619140625 0.0779190063476563 0.0212783813476563
0.295135498046875 0.281707763671875 0.158432006835938 -0.00303649902343748
0.36029052734375 0.133087158203125 0.156707763671875 -0.0657196044921875
0.311676025390625 0.127838134765625 0.149642944335938 -0.101318359375
0.346343994140625 0.16632080078125 0.15802001953125 -0.0858001708984375
0.286407470703125 0.2725830078125 0.165054321289063 -0.0233001708984375
0.11053466796875 0.351654052734375 0.12762451171875 -0.0185012817382812
-0.0740966796875 0.38641357421875 0.134452819824219 -0.00405883789062498
-0.3355712890625 0.250518798828125 0.249420166015625 0.00775146484375002
-0.47479248046875 0.0336608886718751 0.364013671875 0.09326171875
-0.50634765625 -0.085845947265625 0.400634765625 0.311248779296875
-0.63525390625 -0.1279296875 0.0651702880859374 -0.193572998046875
-0.5869140625 0.10186767578125 -0.00296020507812505 -0.123603820800781
-0.36602783203125 0.321624755859375 0.00814437866210935 -0.0492744445800781
-0.113922119140625 0.439483642578125 0.0349826812744141 -0.0331306457519531
0.127777099609375 0.3740234375 0.0255165100097656 -0.0629234313964843
0.352081298828125 0.26397705078125 0.0466079711914063 -0.06365966796875
0.3970947265625 0.10748291015625 0.00532531738281252 -0.07977294921875
0.349365234375 0.11199951171875 -0.00866699218749998 -0.095916748046875
0.395751953125 0.158355712890625 0.00704193115234376 -0.099395751953125
0.33673095703125 0.2867431640625 0.0423583984375 -0.0802078247070312
0.1409912109375 0.39910888671875 0.0533218383789063 -0.0979385375976562
-0.074737548828125 0.451995849609375 0.120834350585938 -0.0705947875976562
-0.398773193359375 0.300811767578125 0.246932983398437 -0.00749206542968748
-0.58154296875 0.04193115234375 0.251861572265625 0.110748291015625
-0.625732421875 -0.110107421875 0.222610473632812 0.250076293945313
-0.6541748046875 -0.07318115234375 -0.119461059570313 -0.188934326171875
-0.57843017578125 0.1734619140625 -0.0971908569335938 -0.0688629150390625
-0.307586669921875 0.361358642578125 0.0152473449707031 -0.0355110168457031
-0.04681396484375 0.427978515625 0.0275192260742188 -0.0938034057617187
0.16546630859375 0.33526611328125 -0.0415267944335937 -0.126899719238281
0.356689453125 0.2105712890625 -0.0749893188476563 -0.101959228515625
0.375091552734375 0.0673828125 -0.145034790039062 -0.0743408203125
0.332305908203125 0.079803466796875 -0.164276123046875 -0.075164794921875
0.3798828125 0.1246337890625 -0.1463623046875 -0.102035522460937
0.3270263671875 0.24945068359375 -0.086334228515625 -0.133186340332031
0.143798828125 0.36676025390625 -0.0258026123046875 -0.169998168945312
-0.061370849609375 0.428436279296875 0.09442138671875 -0.130958557128906
-0.38043212890625 0.29278564453125 0.215362548828125 -0.0215606689453125
-0.57818603515625 0.04266357421875 0.109748840332031 0.116706848144531
-0.64141845703125 -0.109619140625 0.02069091796875 0.172454833984375
-0.57244873046875 -0.0255126953125001 -0.300140380859375 -0.18182373046875
-0.488006591796875 0.189544677734375 -0.1920166015625 -0.01690673828125
-0.22509765625 0.32733154296875 0.00353908538818358 -0.0157003402709961
0.00436401367187499 0.350128173828125 0.00319671630859375 -0.133224487304687
0.1683349609375 0.252975463867188 -0.108306884765625 -0.161346435546875
0.304107666015625 0.135040283203125 -0.186691284179687 -0.114822387695312
0.296905517578125 0.02130126953125 -0.273788452148437 -0.0533447265625
0.262664794921875 0.0357666015625 -0.294464111328125 -0.0447387695312501
0.29815673828125 0.07177734375 -0.27398681640625 -0.0935211181640624
0.261962890625 0.162063598632813 -0.1944580078125 -0.170257568359375
0.125274658203125 0.260940551757813 -0.089630126953125 -0.217941284179687
-0.02679443359375 0.3199462890625 0.0663604736328125 -0.170578002929687
-0.278396606445313 0.235137939453125 0.165740966796875 -0.0271453857421875
-0.4639892578125 0.05108642578125 -0.0306549072265625 0.116004943847656
-0.553558349609375 -0.073577880859375 -0.170822143554688 0.093475341796875
-0.4024658203125 0.0115966796874999 -0.448211669921875 -0.181884765625
-0.332366943359375 0.153228759765625 -0.27593994140625 0.0130157470703126
-0.129379272460937 0.232147216796875 -0.0266189575195313 0.00364875793457033
0.034912109375 0.223556518554688 -0.030059814453125 -0.147369384765625
0.134002685546875 0.143402099609375 -0.162460327148438 -0.168655395507812
0.203323364257813 0.049957275390625 -0.27294921875 -0.105499267578125
0.17510986328125 -0.0225372314453125 -0.361358642578125 -0.0231018066406251
0.153411865234375 -0.012603759765625 -0.378570556640625 -0.00686645507812506
0.171188354492188 0.0040130615234375 -0.35540771484375 -0.0733642578124999
0.160903930664063 0.0446319580078125 -0.261428833007813 -0.185394287109375
0.0982894897460937 0.1119384765625 -0.125045776367187 -0.233856201171875
0.0274200439453125 0.165435791015625 0.045501708984375 -0.182815551757813
-0.122848510742187 0.160995483398438 0.113021850585937 -0.0211334228515625
-0.278945922851563 0.0737152099609375 -0.138595581054688 0.114181518554688
-0.38690185546875 -0.010772705078125 -0.3172607421875 0.034393310546875
0.131843566894531 -0.122779846191406 0.385162353515625 -0.154022216796875
0.0254669189453125 -0.18511962890625 0.159942626953125 -0.181991577148438
-0.11968994140625 -0.0764083862304687 -0.103240966796875 -0.0108718872070312
-0.116233825683594 0.0340423583984375 -0.0407562255859375 0.205368041992187
-0.0660629272460938 0.0647010803222656 0.145156860351563 0.229354858398437
-0.028533935546875 0.0918960571289062 0.323638916015625 0.149200439453125
0.00764465332031251 0.0852584838867188 0.40771484375 -0.00296020507812499
-0.0172882080078125 0.0816802978515625 0.40447998046875 -0.076690673828125
-0.0468826293945312 0.0874099731445313 0.379608154296875 -0.040771484375
-0.0829010009765625 0.05535888671875 0.318267822265625 0.064208984375
-0.0909042358398437 -0.0160293579101562 0.212890625 0.112518310546875
-0.0639190673828125 -0.0772323608398438 0.0996246337890625 0.105392456054688
0.0460433959960938 -0.119232177734375 0.11279296875 0.0266799926757812
0.173324584960938 -0.0789794921875 0.3804931640625 -0.0130615234375
0.219650268554688 0.0045166015625 0.553985595703125 0.271759033203125
-0.117904663085938 -0.163772583007812 0.391998291015625 -0.1756591796875
-0.194412231445312 -0.148452758789063 0.163162231445313 -0.196334838867188
-0.252243041992188 0.02734375 -0.0734405517578125 -0.0377120971679688
-0.161148071289062 0.184783935546875 -0.0186767578125 0.160446166992188
-0.0211029052734375 0.200103759765625 0.139083862304688 0.171905517578125
0.107925415039063 0.18218994140625 0.306396484375 0.101043701171875
0.161453247070313 0.108245849609375 0.369842529296875 -0.03997802734375
0.122467041015625 0.102882385253906 0.36590576171875 -0.113128662109375
0.111946105957031 0.119041442871094 0.354461669921875 -0.07818603515625
0.0657272338867188 0.135475158691406 0.317535400390625 0.03094482421875
-0.00661468505859375 0.116111755371094 0.218994140625 0.078857421875
-0.0521087646484375 0.0892868041992188 0.1287841796875 0.081787109375
-0.0729751586914063 0.0247039794921875 0.177032470703125 0.0145111083984375
-0.0484848022460938 -0.0172882080078125 0.433135986328125 0.001617431640625
-0.0387153625488281 -0.00375747680664062 0.59710693359375 0.29449462890625
-0.350128173828125 -0.168975830078125 0.33392333984375 -0.206573486328125
-0.381927490234375 -0.0732421874999999 0.128219604492187 -0.202651977539062
-0.340087890625 0.13983154296875 -0.0467529296875 -0.0556831359863281
-0.171966552734375 0.3133544921875 0.00468444824218749 0.100410461425781
0.034637451171875 0.3038330078125 0.117538452148438 0.0933609008789063
0.228958129882813 0.24041748046875 0.24774169921875 0.037689208984375
0.2911376953125 0.11383056640625 0.276580810546875 -0.0716552734375
0.244277954101563 0.10955810546875 0.269973754882813 -0.130126953125
0.2584228515625 0.136138916015625 0.273101806640625 -0.104217529296875
0.20684814453125 0.204147338867188 0.265823364257813 -0.00868225097656249
0.0748748779296875 0.245193481445313 0.19415283203125 0.0256805419921875
-0.04541015625 0.256057739257813 0.148635864257813 0.0390167236328125
-0.201171875 0.162216186523437 0.232040405273438 0.00236511230468751
-0.277099609375 0.035064697265625 0.435699462890625 0.03155517578125
-0.296142578125 -0.0223388671875 0.558197021484375 0.3009033203125
-0.53387451171875 -0.131256103515625 0.217269897460937 -0.224838256835938
-0.513427734375 0.0382080078124999 0.066864013671875 -0.186325073242188
-0.36627197265625 0.25823974609375 -0.0212249755859375 -0.0646018981933594
-0.1373291015625 0.407012939453125 0.0232620239257812 0.0289020538330078
0.099884033203125 0.358795166015625 0.0757293701171875 0.00453948974609377
0.32421875 0.25531005859375 0.152191162109375 -0.0284881591796875
0.37628173828125 0.098968505859375 0.142242431640625 -0.0898895263671875
0.3284912109375 0.1007080078125 0.131706237792969 -0.127571105957031
0.36541748046875 0.1363525390625 0.146270751953125 -0.116058349609375
0.315093994140625 0.248016357421875 0.169219970703125 -0.05438232421875
0.14093017578125 0.3448486328125 0.136520385742188 -0.0418548583984375
-0.03961181640625 0.3909912109375 0.14996337890625 -0.02044677734375
-0.312530517578125 0.2738037109375 0.263778686523438 -0.01397705078125
-0.4688720703125 0.071319580078125 0.38287353515625 0.063079833984375
-0.5076904296875 -0.0416870117187501 0.43792724609375 0.282073974609375
-0.64447021484375 -0.0689697265624999 0.0591888427734374 -0.22344970703125
-0.57525634765625 0.15570068359375 -0.0109405517578125 -0.141799926757813
-0.337615966796875 0.352020263671875 -0.00206756591796878 -0.0632286071777343
-0.0710449218749999 0.449493408203125 0.0283660888671875 -0.043670654296875
0.16339111328125 0.36151123046875 0.0168685913085938 -0.0754776000976562
0.3763427734375 0.226776123046875 0.0337295532226563 -0.0812454223632812
0.407073974609375 0.065185546875 -0.0104217529296875 -0.0890579223632813
0.36163330078125 0.076904296875 -0.0262527465820312 -0.105491638183594
0.413330078125 0.115264892578125 -0.00820922851562498 -0.114517211914062
0.368133544921875 0.250946044921875 0.0390472412109375 -0.101081848144531
0.17913818359375 0.3858642578125 0.0528335571289063 -0.116714477539062
-0.030059814453125 0.45965576171875 0.129035949707031 -0.0893096923828125
-0.368927001953125 0.333404541015625 0.261062622070313 -0.0333099365234375
-0.57855224609375 0.0936279296875 0.274154663085937 0.08935546875
-0.63616943359375 -0.0499267578125001 0.258590698242187 0.237625122070313
-0.6634521484375 -0.00494384765624992 -0.12109375 -0.19927978515625
-0.559661865234375 0.235626220703125 -0.0963821411132813 -0.0765533447265625
-0.270263671875 0.390838623046875 0.0078926086425781 -0.0502052307128906
-0.00115966796875001 0.43084716796875 0.0154342651367188 -0.103950500488281
0.201446533203125 0.31353759765625 -0.05615234375 -0.132896423339844
0.3756103515625 0.166900634765625 -0.0912399291992187 -0.107040405273438
0.37823486328125 0.022247314453125 -0.161041259765625 -0.0682220458984375
0.339569091796875 0.041534423828125 -0.179458618164062 -0.068145751953125
0.39166259765625 0.07830810546875 -0.162322998046875 -0.100128173828125
0.355316162109375 0.209320068359375 -0.0969238281249999 -0.140182495117188
0.183441162109375 0.349945068359375 -0.035797119140625 -0.181503295898437
-0.013397216796875 0.432891845703125 0.0942535400390625 -0.148162841796875
-0.347625732421875 0.327423095703125 0.22723388671875 -0.047393798828125
-0.57696533203125 0.1014404296875 0.132797241210937 0.108261108398438
-0.65521240234375 -0.0415649414062499 0.0486907958984375 0.179153442382813
-0.58203125 0.0385742187500001 -0.29840087890625 -0.171905517578125
-0.470794677734375 0.249908447265625 -0.18402099609375 -0.0131378173828125
-0.189208984375 0.3565673828125 -0.000143051147460947 -0.0289115905761719
0.047576904296875 0.3514404296875 -0.0123825073242187 -0.139511108398437
0.19952392578125 0.230072021484375 -0.125869750976563 -0.158920288085937
0.317626953125 0.09246826171875 -0.203292846679687 -0.106475830078125
0.29473876953125 -0.019866943359375 -0.28466796875 -0.0312805175781249
0.264862060546875 0.00115966796875 -0.3050537109375 -0.020294189453125
0.303924560546875 0.0303955078125 -0.28851318359375 -0.075531005859375
0.278854370117188 0.124237060546875 -0.209075927734375 -0.165603637695313
0.156356811523438 0.242645263671875 -0.106170654296875 -0.222259521484375
0.014373779296875 0.320404052734375 0.0590972900390625 -0.185211181640625
-0.247970581054687 0.26483154296875 0.174285888671875 -0.049072265625
-0.46331787109375 0.104278564453125 -0.00841522216796878 0.122543334960938
-0.5677490234375 -0.00946044921875005 -0.15130615234375 0.119522094726563
-0.413970947265625 0.0604553222656249 -0.45086669921875 -0.155426025390625
-0.32269287109375 0.202117919921875 -0.265640258789063 0.0272369384765626
-0.103988647460938 0.256484985351563 -0.0275230407714844 -0.00567436218261717
0.0677337646484375 0.223770141601563 -0.048919677734375 -0.150054931640625
0.158828735351563 0.123855590820313 -0.182144165039063 -0.156768798828125
0.210983276367188 0.0164794921875 -0.286834716796875 -0.083770751953125
0.168472290039062 -0.0543060302734375 -0.368133544921875 0.0125732421875
0.149032592773438 -0.0391693115234375 -0.382598876953125 0.028411865234375
0.168182373046875 -0.0261993408203125 -0.366607666015625 -0.0432434082031251
0.164581298828125 0.01422119140625 -0.278579711914063 -0.1697998046875
0.115287780761719 0.092742919921875 -0.145034790039063 -0.230026245117187
0.0556793212890625 0.15838623046875 0.03424072265625 -0.19305419921875
-0.0955963134765625 0.17718505859375 0.119590759277344 -0.03558349609375
-0.27178955078125 0.11517333984375 -0.119125366210938 0.134284973144531
-0.398223876953125 0.045074462890625 -0.306427001953125 0.0762939453125
0.121368408203125 -0.14801025390625 0.347747802734375 -0.191619873046875
-0.00381469726562501 -0.199081420898438 0.128463745117188 -0.19830322265625
-0.138442993164062 -0.0634384155273438 -0.108100891113281 -0.00277709960937501
-0.119422912597656 0.053436279296875 -0.027252197265625 0.204299926757812
-0.0610275268554688 0.0817413330078125 0.157012939453125 0.213180541992188
-0.011810302734375 0.105026245117188 0.327667236328125 0.1209716796875
0.0258865356445313 0.0928802490234375 0.39349365234375 -0.036834716796875
-0.000122070312500004 0.0920333862304688 0.382232666015625 -0.1121826171875
-0.029754638671875 0.103691101074219 0.3623046875 -0.0771484375
-0.0762405395507812 0.076934814453125 0.31427001953125 0.032440185546875
-0.0997543334960937 0.000877380371093731 0.22125244140625 0.08880615234375
-0.0819473266601562 -0.07025146484375 0.113960266113281 0.0962142944335937
0.0284347534179687 -0.132774353027344 0.116287231445313 0.0284576416015625
0.168441772460938 -0.112335205078125 0.36163330078125 -0.0340576171875
0.227554321289063 -0.032012939453125 0.549102783203125 0.228240966796875
-0.121429443359375 -0.165328979492188 0.354461669921875 -0.216705322265625
-0.210189819335938 -0.145187377929687 0.131423950195313 -0.214614868164063
-0.256607055664063 0.0446929931640625 -0.0820846557617188 -0.0329971313476563
-0.149307250976563 0.201705932617187 -0.00988769531249999 0.155868530273438
-0.00608825683593752 0.208023071289063 0.144210815429688 0.153350830078125
0.125091552734375 0.17822265625 0.301361083984375 0.0709228515625
0.175079345703125 0.10009765625 0.347869873046875 -0.07208251953125
0.135429382324219 0.098968505859375 0.336822509765625 -0.146820068359375
0.125625610351563 0.118316650390625 0.331573486328125 -0.115478515625
0.0735092163085937 0.138229370117188 0.30975341796875 -0.00482177734374999
-0.00729370117187499 0.119247436523437 0.225067138671875 0.0509490966796875
-0.0546188354492188 0.0867919921875 0.143295288085938 0.0672149658203125
-0.07061767578125 0.0139999389648437 0.180130004882813 0.007232666015625
-0.0394515991210938 -0.0322456359863281 0.418212890625 -0.02655029296875
-0.0218544006347656 -0.0154247283935547 0.59930419921875 0.24346923828125
-0.3458251953125 -0.14630126953125 0.299041748046875 -0.247283935546875
-0.381072998046875 -0.0540771484375 0.098602294921875 -0.22119140625
-0.328094482421875 0.15789794921875 -0.0588455200195313 -0.0565986633300781
-0.148345947265625 0.32391357421875 0.00699615478515624 0.0936355590820313
0.05609130859375 0.29949951171875 0.114990234375 0.075592041015625
0.245223999023437 0.2215576171875 0.234832763671875 0.00987243652343751
0.29718017578125 0.091583251953125 0.251693725585938 -0.0980224609375
0.251235961914063 0.092041015625 0.238571166992188 -0.156845092773438
0.266510009765625 0.117538452148438 0.247329711914063 -0.136825561523438
0.216506958007812 0.18756103515625 0.25677490234375 -0.044769287109375
0.0856475830078125 0.234848022460937 0.1978759765625 -0.00231933593749999
-0.0301513671875 0.247817993164062 0.161148071289063 0.020660400390625
-0.181121826171875 0.15924072265625 0.235549926757813 -0.01324462890625
-0.257080078125 0.0407867431640625 0.42840576171875 -0.00146484375
-0.27410888671875 -0.007293701171875 0.56842041015625 0.25018310546875
-0.518951416015625 -0.0893249511718749 0.190399169921875 -0.259857177734375
-0.494384765625 0.0699157714843749 0.0431060791015625 -0.203201293945312
-0.34002685546875 0.273651123046875 -0.0355300903320313 -0.0690155029296875
-0.103302001953125 0.40667724609375 0.0187950134277344 0.0212745666503906
0.123382568359375 0.342926025390625 0.0668525695800781 -0.00936889648437498
0.332733154296875 0.221527099609375 0.134269714355469 -0.0483245849609375
0.3734130859375 0.06640625 0.118522644042969 -0.105133056640625
0.329132080078125 0.07305908203125 0.104766845703125 -0.143356323242188
0.3670654296875 0.10101318359375 0.121391296386719 -0.138023376464844
0.325775146484375 0.21514892578125 0.158843994140625 -0.0832672119140625
0.161651611328125 0.323577880859375 0.135581970214844 -0.0664596557617187
-0.01025390625 0.3785400390625 0.15740966796875 -0.0405731201171875
-0.27801513671875 0.27996826171875 0.26666259765625 -0.036651611328125
-0.4415283203125 0.09765625 0.383758544921875 0.030609130859375
-0.4822998046875 -0.00259399414062499 0.456878662109375 0.239776611328125
-0.62152099609375 -0.0126953124999999 0.04345703125 -0.246719360351563
-0.53717041015625 0.196014404296875 -0.0247650146484375 -0.155380249023438
-0.296905517578125 0.36163330078125 -0.0154190063476563 -0.071807861328125
-0.0311279296875 0.4381103515625 0.0171966552734375 -0.0508995056152343
0.186187744140625 0.33245849609375 0.00286102294921875 -0.0835647583007813
0.378692626953125 0.182891845703125 0.014251708984375 -0.0911941528320312
0.394500732421875 0.025177001953125 -0.0294570922851562 -0.0911331176757813
0.354644775390625 0.04168701171875 -0.046478271484375 -0.10772705078125
0.4090576171875 0.0723876953125 -0.028045654296875 -0.122100830078125
0.37762451171875 0.208099365234375 0.0279998779296875 -0.118080139160156
0.205841064453125 0.3570556640625 0.0458984375 -0.133880615234375
0.0103759765625 0.443572998046875 0.129791259765625 -0.108123779296875
-0.32684326171875 0.345458984375 0.262588500976563 -0.0597686767578125
-0.548187255859375 0.133880615234375 0.2835693359375 0.062469482421875
-0.610595703125 0.00537109374999997 0.28179931640625 0.210968017578125
-0.63592529296875 0.05914306640625 -0.122467041015625 -0.208984375
-0.51226806640625 0.27886962890625 -0.096527099609375 -0.0864028930664062
-0.223846435546875 0.39813232421875 -0.00352096557617189 -0.0617218017578125
0.040985107421875 0.409759521484375 0.000801086425781249 -0.108047485351562
0.221771240234375 0.278839111328125 -0.0707550048828125 -0.132179260253906
0.371429443359375 0.120361328125 -0.107177734375 -0.106239318847656
0.359710693359375 -0.0179443359375 -0.170181274414063 -0.0567169189453125
0.327239990234375 0.00543212890625 -0.189285278320313 -0.05609130859375
0.38134765625 0.034210205078125 -0.175750732421875 -0.0927734375
0.360260009765625 0.1619873046875 -0.107177734375 -0.143325805664063
0.209503173828125 0.317413330078125 -0.0471954345703125 -0.1878662109375
0.029541015625 0.41546630859375 0.087738037109375 -0.163497924804687
-0.3023681640625 0.34149169921875 0.225799560546875 -0.0735015869140625
-0.54656982421875 0.149810791015625 0.150283813476562 0.0918426513671875
-0.63177490234375 0.02508544921875 0.0775909423828124 0.172531127929688
-0.559967041015625 0.0993652343749999 -0.289337158203125 -0.165069580078125
-0.426910400390625 0.294952392578125 -0.170974731445313 -0.0162353515625
-0.144256591796875 0.3636474609375 -0.00772476196289063 -0.0407485961914062
0.086639404296875 0.3311767578125 -0.0286712646484375 -0.139785766601562
0.217880249023438 0.194839477539063 -0.139083862304688 -0.148574829101563
0.309478759765625 0.048675537109375 -0.211181640625 -0.0939788818359375
0.27301025390625 -0.0557708740234375 -0.28369140625 -0.00808715820312502
0.248992919921875 -0.0302734375 -0.30255126953125 0.00378417968750002
0.28851318359375 -0.008514404296875 -0.292816162109375 -0.054351806640625
0.27740478515625 0.081939697265625 -0.217727661132812 -0.154586791992188
0.175521850585938 0.211837768554688 -0.120437622070313 -0.218002319335937
0.05145263671875 0.3009033203125 0.047882080078125 -0.194046020507813
-0.205795288085938 0.274429321289062 0.172531127929688 -0.070068359375
-0.4342041015625 0.14959716796875 0.01483154296875 0.118797302246094
-0.5478515625 0.0554504394531249 -0.120246887207031 0.134101867675781
-0.40301513671875 0.108978271484375 -0.43389892578125 -0.13104248046875
-0.291290283203125 0.239898681640625 -0.246185302734375 0.032867431640625
-0.070526123046875 0.266571044921875 -0.0317573547363281 -0.0145149230957031
0.099212646484375 0.2098388671875 -0.065673828125 -0.143753051757813
0.171676635742188 0.096038818359375 -0.19232177734375 -0.137649536132813
0.202484130859375 -0.0172271728515625 -0.28753662109375 -0.05938720703125
0.147491455078125 -0.0796966552734375 -0.355560302734375 0.044219970703125
0.132850646972656 -0.0606842041015625 -0.368927001953125 0.060333251953125
0.151123046875 -0.0515899658203125 -0.3599853515625 -0.013214111328125
0.155105590820313 -0.0162506103515625 -0.283233642578125 -0.148590087890625
0.122207641601563 0.0675201416015625 -0.157913208007812 -0.218780517578125
0.078369140625 0.138618469238281 0.0215606689453125 -0.196517944335938
-0.0626983642578125 0.17926025390625 0.118705749511719 -0.0503158569335937
-0.24713134765625 0.1490478515625 -0.0904388427734375 0.142852783203125
-0.381439208984375 0.0978088378906249 -0.2745361328125 0.108749389648437
0.107070922851563 -0.16632080078125 0.303314208984375 -0.204864501953125
-0.03155517578125 -0.204208374023438 0.0969696044921875 -0.199050903320313
-0.15118408203125 -0.0487518310546875 -0.110710144042969 0.00507354736328126
-0.118423461914063 0.0712814331054687 -0.0193634033203125 0.198837280273437
-0.0526199340820313 0.0962905883789063 0.158798217773438 0.197723388671875
0.00556182861328126 0.1126708984375 0.31927490234375 0.100128173828125
0.044830322265625 0.0941848754882812 0.36907958984375 -0.054443359375
0.0178680419921875 0.0965042114257813 0.352325439453125 -0.128326416015625
-0.00960540771484375 0.11309814453125 0.336578369140625 -0.0980224609375
-0.0645980834960937 0.0939865112304688 0.299652099609375 0.011322021484375
-0.103569030761719 0.0180740356445313 0.218658447265625 0.069122314453125
-0.0960693359375 -0.060272216796875 0.122222900390625 0.0856704711914063
0.0103607177734375 -0.141159057617188 0.120323181152344 0.0321578979492187
0.155685424804688 -0.13922119140625 0.33905029296875 -0.037353515625
0.22344970703125 -0.0637969970703125 0.52386474609375 0.201751708984375
-0.122238159179687 -0.168899536132813 0.31072998046875 -0.23565673828125
-0.2225341796875 -0.141860961914062 0.098846435546875 -0.218582153320313
-0.257553100585938 0.05804443359375 -0.0885848999023438 -0.0278701782226563
-0.139129638671875 0.21136474609375 -0.00660705566406252 0.149322509765625
0.0053558349609375 0.210952758789063 0.139816284179688 0.138229370117188
0.137130737304688 0.1737060546875 0.28619384765625 0.05126953125
0.18365478515625 0.09246826171875 0.31964111328125 -0.0885009765625
0.145462036132813 0.09442138671875 0.301788330078125 -0.16131591796875
0.1361083984375 0.117256164550781 0.301055908203125 -0.135009765625
0.0789337158203125 0.1412353515625 0.291961669921875 -0.0294189453125
-0.00989532470703124 0.123092651367188 0.2216796875 0.02813720703125
-0.0603256225585937 0.0851364135742188 0.150497436523437 0.05169677734375
-0.0736770629882813 0.000816345214843749 0.181411743164063 0.0042724609375
-0.0346260070800781 -0.0514984130859375 0.395751953125 -0.038482666015625
-0.0084381103515625 -0.0333900451660156 0.57891845703125 0.2103271484375
-0.33050537109375 -0.136688232421875 0.258651733398438 -0.267410278320313
-0.373931884765625 -0.044830322265625 0.0681610107421875 -0.226242065429688
-0.317352294921875 0.164886474609375 -0.0688743591308594 -0.0533447265625
-0.12969970703125 0.323150634765625 0.005035400390625 0.0866546630859375
0.068023681640625 0.291015625 0.105354309082031 0.0621566772460938
0.248336791992188 0.204971313476563 0.21405029296875 -0.00540161132812499
0.293975830078125 0.0758056640625 0.222305297851563 -0.108139038085938
0.251419067382813 0.08013916015625 0.204360961914063 -0.167129516601563
0.265670776367188 0.105194091796875 0.215728759765625 -0.152374267578125
0.215499877929688 0.175094604492187 0.23797607421875 -0.0694427490234375
0.085968017578125 0.22540283203125 0.1920166015625 -0.02593994140625
-0.0251312255859375 0.233566284179688 0.166717529296875 0.00283813476562501
-0.168899536132812 0.1444091796875 0.235336303710938 -0.0231781005859375
-0.236892700195313 0.0323944091796875 0.412872314453125 -0.019012451171875
-0.246307373046875 -0.00765991210937503 0.55645751953125 0.212554931640625
-0.48828125 -0.06683349609375 0.158706665039062 -0.278457641601563
-0.4659423828125 0.0798950195312499 0.01898193359375 -0.210205078125
-0.318145751953125 0.27099609375 -0.0482673645019532 -0.069854736328125
-0.083160400390625 0.39306640625 0.0117416381835937 0.0151596069335938
0.132110595703125 0.322784423828125 0.0536003112792969 -0.0177383422851562
0.327301025390625 0.19720458984375 0.1119384765625 -0.0579071044921875
0.358856201171875 0.045623779296875 0.0928573608398438 -0.108169555664062
0.318145751953125 0.054290771484375 0.0753631591796875 -0.146453857421875
0.355804443359375 0.080230712890625 0.09381103515625 -0.147918701171875
0.320098876953125 0.188812255859375 0.140945434570313 -0.103652954101562
0.166259765625 0.30047607421875 0.128150939941406 -0.0864028930664063
0.00433349609374997 0.356842041015625 0.159759521484375 -0.058807373046875
-0.25189208984375 0.265472412109375 0.263534545898438 -0.052520751953125
-0.4111328125 0.101409912109375 0.37451171875 0.00909423828125001
-0.445098876953125 0.0140991210937501 0.455078125 0.205078125
-0.5797119140625 0.0180053710937501 0.0262451171874999 -0.263168334960938
-0.49468994140625 0.2069091796875 -0.0390167236328125 -0.165740966796875
-0.2662353515625 0.35137939453125 -0.0293960571289063 -0.0757369995117187
-0.00906372070312497 0.4129638671875 0.00656509399414063 -0.0539283752441406
0.19061279296875 0.304412841796875 -0.0117263793945312 -0.0865325927734375
0.36187744140625 0.154541015625 -0.00485229492187497 -0.093536376953125
0.37054443359375 0.002685546875 -0.0464096069335937 -0.087432861328125
0.3367919921875 0.02069091796875 -0.0648345947265625 -0.10382080078125
0.38818359375 0.04559326171875 -0.0477752685546875 -0.123771667480469
0.367401123046875 0.173126220703125 0.0143051147460938 -0.130271911621094
0.213409423828125 0.32501220703125 0.0364227294921875 -0.146728515625
0.033233642578125 0.416015625 0.12677001953125 -0.123794555664062
-0.29150390625 0.3350830078125 0.257415771484375 -0.0794677734375
-0.5101318359375 0.15045166015625 0.28387451171875 0.041229248046875
-0.568115234375 0.0360107421875001 0.29180908203125 0.184478759765625
-0.59228515625 0.0946044921875001 -0.123870849609375 -0.220443725585937
-0.4600830078125 0.29443359375 -0.0984268188476563 -0.0990524291992187
-0.18701171875 0.38421630859375 -0.0166664123535156 -0.0692634582519531
0.06353759765625 0.379791259765625 -0.0118026733398438 -0.108146667480469
0.222625732421875 0.24505615234375 -0.0818328857421875 -0.1290283203125
0.3482666015625 0.087890625 -0.119583129882812 -0.101364135742188
0.329437255859375 -0.0390625 -0.174636840820312 -0.047119140625
0.30462646484375 -0.015869140625 -0.194732666015625 -0.045745849609375
0.357025146484375 0.006439208984375 -0.1839599609375 -0.085906982421875
0.345062255859375 0.12664794921875 -0.1160888671875 -0.145492553710938
0.21514892578125 0.28350830078125 -0.0564727783203125 -0.1920166015625
0.053955078125 0.385467529296875 0.0809326171875 -0.173812866210937
-0.26324462890625 0.3331298828125 0.2186279296875 -0.0927886962890625
-0.506195068359375 0.173492431640625 0.15960693359375 0.0738372802734375
-0.58984375 0.06378173828125 0.098876953125 0.158203125
-0.52227783203125 0.135955810546875 -0.273910522460938 -0.167037963867188
-0.377777099609375 0.31243896484375 -0.161117553710938 -0.027862548828125
-0.1075439453125 0.352020263671875 -0.0178070068359375 -0.0500450134277344
0.108795166015625 0.300079345703125 -0.0408096313476562 -0.136054992675781
0.217559814453125 0.16162109375 -0.144912719726563 -0.138946533203125
0.286712646484375 0.018646240234375 -0.214431762695313 -0.0825958251953125
0.241806030273437 -0.07391357421875 -0.274932861328125 0.00581359863281244
0.224777221679687 -0.04827880859375 -0.29437255859375 0.01873779296875
0.262313842773438 -0.0317535400390625 -0.289031982421875 -0.040496826171875
0.259323120117188 0.0506439208984375 -0.22064208984375 -0.148101806640625
0.17767333984375 0.180389404296875 -0.127395629882813 -0.213043212890625
0.071624755859375 0.271682739257813 0.038970947265625 -0.199066162109375
-0.170150756835938 0.267440795898438 0.16632080078125 -0.0862274169921875
-0.3955078125 0.174346923828125 0.032684326171875 0.107955932617188
-0.508575439453125 0.097137451171875 -0.0887069702148438 0.134170532226563
-0.379180908203125 0.141693115234375 -0.407440185546875 -0.123870849609375
-0.255584716796875 0.258956909179688 -0.22650146484375 0.024261474609375
-0.041290283203125 0.264312744140625 -0.0379486083984375 -0.0229835510253906
0.117828369140625 0.1883544921875 -0.0759811401367188 -0.13580322265625
0.17352294921875 0.068756103515625 -0.19329833984375 -0.12078857421875
0.184356689453125 -0.041473388671875 -0.279251098632813 -0.0432586669921875
0.12158203125 -0.0926895141601562 -0.3350830078125 0.061309814453125
0.111053466796875 -0.0721969604492188 -0.348541259765625 0.0773010253906251
0.127761840820312 -0.0661544799804688 -0.345794677734375 0.00384521484374998
0.135459899902344 -0.0384368896484375 -0.279434204101562 -0.134429931640625
0.119209289550781 0.0426101684570313 -0.162078857421875 -0.207229614257813
0.0904541015625 0.11407470703125 0.0130615234375 -0.195663452148438
-0.036224365234375 0.169937133789062 0.115333557128906 -0.0610427856445312
-0.2149658203125 0.168869018554688 -0.0648880004882813 0.139717102050781
-0.3482666015625 0.135711669921875 -0.236190795898438 0.122360229492187
0.0943450927734375 -0.1806640625 0.2667236328125 -0.203872680664062
-0.0564422607421875 -0.205276489257813 0.072723388671875 -0.192108154296875
-0.16168212890625 -0.035064697265625 -0.112884521484375 0.0115509033203125
-0.1165771484375 0.087860107421875 -0.0179595947265625 0.197097778320312
-0.0439910888671875 0.107978820800781 0.154296875 0.191116333007813
0.0215835571289062 0.117485046386719 0.30865478515625 0.093231201171875
0.0622711181640625 0.0936203002929688 0.3516845703125 -0.05718994140625
0.03466796875 0.097503662109375 0.330108642578125 -0.1297607421875
0.0095367431640625 0.118377685546875 0.31671142578125 -0.103057861328125
-0.0516815185546875 0.108329772949219 0.285552978515625 0.00265502929687501
-0.105842590332031 0.0350112915039063 0.213836669921875 0.057220458984375
-0.107612609863281 -0.0491790771484375 0.127090454101563 0.0774307250976563
-0.00637817382812501 -0.146530151367188 0.126235961914062 0.037506103515625
0.141616821289063 -0.16192626953125 0.32489013671875 -0.0284423828125
0.217239379882813 -0.0889739990234375 0.49957275390625 0.201904296875
-0.121536254882813 -0.1796875 0.272750854492188 -0.23876953125
-0.234024047851562 -0.143966674804688 0.0726318359375 -0.213226318359375
-0.261398315429688 0.064971923828125 -0.0944061279296875 -0.0228652954101563
-0.134628295898438 0.220932006835938 -0.0087738037109375 0.145919799804688
0.01318359375 0.2166748046875 0.13079833984375 0.130966186523438
0.14666748046875 0.173553466796875 0.27020263671875 0.046539306640625
0.191268920898438 0.089508056640625 0.295623779296875 -0.087677001953125
0.15399169921875 0.093505859375 0.274551391601563 -0.161407470703125
0.146347045898438 0.119354248046875 0.27313232421875 -0.139450073242187
0.0837249755859375 0.147537231445313 0.274139404296875 -0.042022705078125
-0.0153427124023437 0.130752563476563 0.214401245117188 0.012420654296875
-0.0704193115234375 0.0852737426757813 0.155441284179688 0.0397491455078125
-0.0821075439453125 -0.0131301879882812 0.186843872070313 0.00531005859375
-0.0353622436523438 -0.0743637084960938 0.3818359375 -0.034912109375
-0.000446319580078123 -0.0555419921875 0.557220458984375 0.20062255859375
-0.31622314453125 -0.142425537109375 0.223373413085937 -0.273574829101563
-0.37103271484375 -0.0487060546875 0.0433197021484375 -0.224777221679688
-0.315338134765625 0.16583251953125 -0.0781021118164063 -0.05078125
-0.12420654296875 0.320831298828125 -0.000679016113281266 0.0835113525390625
0.070526123046875 0.28839111328125 0.0924072265625 0.0571746826171875
0.249786376953125 0.200180053710937 0.19482421875 -0.00892639160156249
0.291107177734375 0.071502685546875 0.198272705078125 -0.105972290039063
0.251235961914062 0.0771942138671875 0.176223754882813 -0.16497802734375
0.26556396484375 0.102386474609375 0.188491821289063 -0.1563720703125
0.212112426757813 0.172836303710938 0.21795654296875 -0.0831756591796875
0.08001708984375 0.222259521484375 0.184860229492188 -0.04364013671875
-0.03173828125 0.224853515625 0.170211791992188 -0.01239013671875
-0.167984008789063 0.125473022460938 0.237838745117188 -0.02734375
-0.22662353515625 0.013336181640625 0.401947021484375 -0.0223388671875
-0.224380493164063 -0.0233001708984375 0.54034423828125 0.19805908203125
-0.4609375 -0.06671142578125 0.130523681640625 -0.289581298828125
-0.449615478515625 0.074005126953125 -0.00238037109375002 -0.214996337890625
-0.31005859375 0.26129150390625 -0.0608291625976563 -0.069366455078125
-0.0784912109375 0.381805419921875 0.00223827362060546 0.0127964019775391
0.129608154296875 0.313201904296875 0.0393714904785156 -0.0213165283203125
0.317779541015625 0.188812255859375 0.0915679931640625 -0.0579452514648437
0.3470458984375 0.040069580078125 0.0718231201171875 -0.104377746582031
0.309112548828125 0.049713134765625 0.051177978515625 -0.142288208007813
0.345550537109375 0.073333740234375 0.0692596435546875 -0.149978637695313
0.309417724609375 0.1788330078125 0.122932434082031 -0.117164611816406
0.15972900390625 0.288665771484375 0.119247436523438 -0.102951049804687
0.00476074218750003 0.34033203125 0.160232543945313 -0.0756988525390625
-0.243179321289063 0.245529174804688 0.264419555664062 -0.06207275390625
-0.38922119140625 0.0889587402343751 0.369659423828125 -0.000305175781249995
-0.415618896484375 0.00823974609375008 0.449127197265625 0.187530517578125
-0.5430908203125 0.022216796875 0.010162353515625 -0.277908325195313
-0.46453857421875 0.199310302734375 -0.0538330078125 -0.174896240234375
-0.252532958984375 0.334686279296875 -0.0420684814453125 -0.0783843994140625
-0.00631713867187498 0.392913818359375 -0.004119873046875 -0.0554313659667969
0.18194580078125 0.287200927734375 -0.0240478515625 -0.087310791015625
0.344970703125 0.14129638671875 -0.0224609375 -0.0912628173828125
0.35052490234375 -0.00299072265625 -0.0606689453125 -0.0820236206054688
0.3204345703125 0.015380859375 -0.0812835693359375 -0.0984115600585938
0.369476318359375 0.03668212890625 -0.0653610229492188 -0.122833251953125
0.350250244140625 0.156707763671875 -0.00173950195312497 -0.140594482421875
0.206756591796875 0.30670166015625 0.02862548828125 -0.159072875976562
0.036590576171875 0.39178466796875 0.124908447265625 -0.1376953125
-0.274383544921875 0.315185546875 0.254653930664063 -0.092498779296875
-0.483612060546875 0.146942138671875 0.282684326171875 0.027191162109375
-0.531005859375 0.03900146484375 0.296234130859375 0.166717529296875
-0.55389404296875 0.103546142578125 -0.125213623046875 -0.238204956054688
-0.42376708984375 0.286712646484375 -0.104751586914063 -0.114669799804687
-0.169189453125 0.363861083984375 -0.0292739868164063 -0.07489013671875
0.06787109375 0.35333251953125 -0.0216445922851562 -0.107429504394531
0.212158203125 0.223602294921875 -0.0905914306640624 -0.126396179199219
0.324981689453125 0.075469970703125 -0.130477905273438 -0.097381591796875
0.30352783203125 -0.04327392578125 -0.180084228515625 -0.042266845703125
0.28271484375 -0.021148681640625 -0.200454711914062 -0.039459228515625
0.3321533203125 -0.00396728515625 -0.192825317382812 -0.082305908203125
0.32421875 0.10699462890625 -0.125213623046875 -0.151214599609375
0.209365844726563 0.261062622070313 -0.063385009765625 -0.197921752929688
0.0611572265625 0.359466552734375 0.0762176513671875 -0.184036254882812
-0.2421875 0.315521240234375 0.214279174804688 -0.106353759765625
-0.475250244140625 0.17486572265625 0.163726806640625 0.059600830078125
-0.54974365234375 0.0755310058593749 0.113571166992187 0.143402099609375
-0.489501953125 0.1510009765625 -0.261520385742188 -0.183990478515625
-0.34112548828125 0.312103271484375 -0.15728759765625 -0.046783447265625
-0.087860107421875 0.336090087890625 -0.0295753479003906 -0.0573806762695312
0.116073608398437 0.274490356445312 -0.0489273071289062 -0.133125305175781
0.208160400390625 0.139007568359375 -0.148666381835937 -0.1334228515625
0.26214599609375 0.00396728515625 -0.216644287109375 -0.07781982421875
0.2138671875 -0.077911376953125 -0.2701416015625 0.0106964111328125
0.202117919921875 -0.052703857421875 -0.2890625 0.024261474609375
0.236907958984375 -0.040130615234375 -0.28765869140625 -0.0360717773437501
0.236618041992188 0.0326690673828125 -0.223739624023437 -0.148239135742188
0.170486450195313 0.157562255859375 -0.131332397460938 -0.213180541992188
0.0780487060546875 0.245712280273438 0.0342559814453125 -0.20379638671875
-0.148284912109375 0.250747680664063 0.16064453125 -0.0977783203125
-0.364471435546875 0.180877685546875 0.0448074340820312 0.09521484375
-0.47003173828125 0.115386962890625 -0.0634613037109375 0.1258544921875
-0.357635498046875 0.16162109375 -0.38580322265625 -0.1357421875
-0.227981567382813 0.268356323242188 -0.216552734375 0.00601196289062499
-0.0213775634765625 0.257568359375 -0.0477676391601563 -0.031585693359375
0.128326416015625 0.169937133789063 -0.0826950073242187 -0.1298828125
0.169021606445313 0.048095703125 -0.190826416015625 -0.1116943359375
0.165176391601562 -0.056365966796875 -0.27215576171875 -0.03656005859375
0.0971145629882813 -0.0961227416992187 -0.318634033203125 0.06597900390625
0.0909271240234375 -0.0751190185546875 -0.3326416015625 0.08306884765625
0.104949951171875 -0.0706558227539063 -0.33416748046875 0.00891113281249997
0.113296508789062 -0.0504837036132813 -0.27581787109375 -0.13201904296875
0.110450744628906 0.0227584838867188 -0.160934448242188 -0.20404052734375
0.0936126708984375 0.0915145874023438 0.00973510742187501 -0.1962890625
-0.016845703125 0.15631103515625 0.1131591796875 -0.0693206787109375
-0.18682861328125 0.177261352539063 -0.0460052490234375 0.130966186523438
-0.317626953125 0.1549072265625 -0.202468872070313 0.121078491210938
0.081146240234375 -0.197677612304687 0.239212036132813 -0.197265625
-0.08245849609375 -0.207809448242188 0.0540008544921875 -0.183212280273438
-0.172607421875 -0.020355224609375 -0.117713928222656 0.018829345703125
-0.114761352539063 0.105789184570312 -0.0191650390625 0.199844360351563
-0.03387451171875 0.121269226074219 0.151824951171875 0.192108154296875
0.0401687622070312 0.122573852539062 0.307037353515625 0.094635009765625
0.0808639526367188 0.09088134765625 0.345611572265625 -0.05517578125
0.0514678955078125 0.0981903076171875 0.3179931640625 -0.12933349609375
0.0303497314453125 0.123001098632813 0.304534912109375 -0.103302001953125
-0.037811279296875 0.121063232421875 0.2783203125 -0.000473022460937493
-0.1064453125 0.052337646484375 0.211746215820313 0.050140380859375
-0.119377136230469 -0.0372085571289063 0.133056640625 0.0712738037109375
-0.02496337890625 -0.15234375 0.137725830078125 0.0438079833984375
0.1256103515625 -0.184127807617188 0.324371337890625 -0.01190185546875
0.210800170898438 -0.113998413085938 0.488739013671875 0.21539306640625
-0.12774658203125 -0.197158813476562 0.24267578125 -0.237030029296875
-0.253936767578125 -0.148818969726563 0.052398681640625 -0.20782470703125
-0.271102905273437 0.0746765136718751 -0.1014404296875 -0.0179443359375
-0.13348388671875 0.233367919921875 -0.013702392578125 0.14739990234375
0.0194091796875 0.226608276367188 0.123565673828125 0.131095886230469
0.160690307617188 0.177459716796875 0.261688232421875 0.0462799072265625
0.204315185546875 0.0873870849609375 0.2847900390625 -0.083404541015625
0.166824340820313 0.0942230224609375 0.256881713867188 -0.155471801757812
0.16070556640625 0.123245239257813 0.256179809570312 -0.139022827148438
0.0913238525390625 0.1580810546875 0.260467529296875 -0.04888916015625
-0.0195465087890625 0.144332885742188 0.209930419921875 0.000488281250000009
-0.0834579467773438 0.0902633666992187 0.160797119140625 0.028778076171875
-0.09619140625 -0.027008056640625 0.195770263671875 0.006866455078125
-0.0436477661132813 -0.0997161865234375 0.38177490234375 -0.025848388671875
0.00275421142578124 -0.0814285278320313 0.547943115234375 0.207489013671875
-0.31256103515625 -0.160125732421875 0.195693969726562 -0.277084350585938
-0.382598876953125 -0.0577392578125 0.0215911865234375 -0.223175048828125
-0.323394775390625 0.167877197265625 -0.0892791748046875 -0.0472488403320313
-0.125579833984375 0.32867431640625 -0.00826263427734376 0.0839691162109375
0.07354736328125 0.2957763671875 0.0813446044921875 0.0569610595703125
0.256439208984375 0.203338623046875 0.18096923828125 -0.00607299804687499
0.298095703125 0.07098388671875 0.182373046875 -0.09869384765625
0.2568359375 0.0784454345703125 0.155532836914063 -0.158706665039063
0.272552490234375 0.105850219726563 0.16650390625 -0.15570068359375
0.214874267578125 0.179534912109375 0.201995849609375 -0.092742919921875
0.0738372802734375 0.23040771484375 0.177200317382812 -0.057464599609375
-0.0429534912109375 0.223663330078125 0.173629760742188 -0.02716064453125
-0.178085327148438 0.109207153320313 0.247711181640625 -0.0317535400390625
-0.228439331054688 -0.00991821289062496 0.403076171875 -0.020660400390625
-0.21484375 -0.0462493896484375 0.536651611328125 0.197845458984375
-0.448516845703125 -0.0819091796875 0.106475830078125 -0.301055908203125
-0.449188232421875 0.0621032714843749 -0.0242767333984375 -0.219451904296875
-0.3145751953125 0.254669189453125 -0.0739212036132813 -0.0686111450195312
-0.0816650390625 0.38140869140625 -0.00873184204101563 0.0121574401855469
0.1273193359375 0.314483642578125 0.0254344940185547 -0.0201263427734375
0.316986083984375 0.19085693359375 0.0754928588867188 -0.0546722412109375
0.34454345703125 0.04193115234375 0.0555419921875 -0.0970840454101563
0.30865478515625 0.051544189453125 0.0315322875976563 -0.135322570800781
0.3447265625 0.074005126953125 0.0474853515625 -0.147964477539063
0.305694580078125 0.17950439453125 0.104820251464844 -0.127731323242188
0.15399169921875 0.28973388671875 0.1104736328125 -0.118568420410156
-0.00430297851562498 0.33245849609375 0.161346435546875 -0.0921173095703125
-0.248291015625 0.22900390625 0.270858764648438 -0.0712432861328125
-0.387451171875 0.07135009765625 0.37176513671875 -0.006195068359375
-0.39886474609375 -0.00848388671875007 0.451019287109375 0.17889404296875
-0.52423095703125 0.0138244628906249 -0.00860595703125003 -0.296661376953125
-0.453399658203125 0.185302734375 -0.0721282958984375 -0.186309814453125
-0.25274658203125 0.321533203125 -0.0586013793945313 -0.0807037353515625
-0.00955200195312498 0.383270263671875 -0.0150871276855469 -0.0561866760253906
0.172882080078125 0.283843994140625 -0.0377273559570312 -0.0867233276367187
0.33453369140625 0.14300537109375 -0.0382003784179687 -0.086822509765625
0.339447021484375 0.000518798828125 -0.0752716064453125 -0.0764236450195313
0.31317138671875 0.016204833984375 -0.0981369018554687 -0.091461181640625
0.36090087890625 0.03546142578125 -0.0848007202148437 -0.12139892578125
0.340545654296875 0.15216064453125 -0.0179595947265625 -0.15081787109375
0.201080322265625 0.30078125 0.0186004638671875 -0.17376708984375
0.032958984375 0.381683349609375 0.1241455078125 -0.155197143554687
-0.272857666015625 0.300537109375 0.258132934570313 -0.105453491210937
-0.474090576171875 0.134552001953125 0.287017822265625 0.01666259765625
-0.511962890625 0.0318298339843749 0.3035888671875 0.155242919921875
-0.5316162109375 0.102081298828125 -0.1346435546875 -0.26263427734375
-0.405548095703125 0.27777099609375 -0.118766784667969 -0.131538391113281
-0.16485595703125 0.348876953125 -0.0455169677734375 -0.0797500610351562
0.06524658203125 0.3382568359375 -0.0315780639648438 -0.107841491699219
0.200790405273438 0.214141845703125 -0.1014404296875 -0.125862121582031
0.30780029296875 0.072662353515625 -0.143157958984375 -0.095062255859375
0.285858154296875 -0.040618896484375 -0.189010620117187 -0.0374603271484375
0.270492553710938 -0.018951416015625 -0.21087646484375 -0.0340118408203125
0.31671142578125 -0.004913330078125 -0.20556640625 -0.0801849365234375
0.308319091796875 0.10015869140625 -0.140655517578125 -0.158370971679687
0.201263427734375 0.249740600585937 -0.073272705078125 -0.209396362304687
0.058624267578125 0.34283447265625 0.0730438232421875 -0.198699951171875
-0.235626220703125 0.300384521484375 0.213623046875 -0.12030029296875
-0.457366943359375 0.171295166015625 0.170211791992187 0.0462188720703125
-0.5252685546875 0.0760192871093751 0.127754211425781 0.130348205566406
-0.468536376953125 0.15966796875 -0.261993408203125 -0.212692260742187
-0.317352294921875 0.309783935546875 -0.165695190429688 -0.0696868896484375
-0.07452392578125 0.3245849609375 -0.0435295104980469 -0.0644378662109375
0.118438720703125 0.256240844726563 -0.0578460693359375 -0.132514953613281
0.198959350585937 0.12408447265625 -0.153900146484375 -0.131515502929688
0.24285888671875 -0.00152587890625 -0.22344970703125 -0.076690673828125
0.193450927734375 -0.0754852294921875 -0.272018432617187 0.0125732421875
0.185562133789063 -0.0506591796875 -0.2919921875 0.0266418457031249
0.217910766601563 -0.0402069091796875 -0.2943115234375 -0.033355712890625
0.21673583984375 0.025177001953125 -0.233627319335937 -0.153656005859375
0.16070556640625 0.1427001953125 -0.139129638671875 -0.220672607421875
0.07763671875 0.226226806640625 0.0307769775390625 -0.213653564453125
-0.135574340820313 0.236175537109375 0.159561157226562 -0.10986328125
-0.3414306640625 0.182861328125 0.0534439086914062 0.0821609497070313
-0.444000244140625 0.123504638671875 -0.0425643920898438 0.11376953125
-0.344390869140625 0.177581787109375 -0.379119873046875 -0.16204833984375
-0.20623779296875 0.275863647460938 -0.2197265625 -0.0174102783203125
-0.00506591796874997 0.253616333007813 -0.060577392578125 -0.0382232666015625
0.13690185546875 0.153472900390625 -0.0899276733398438 -0.126907348632813
0.1641845703125 0.0317840576171875 -0.191497802734375 -0.10699462890625
0.14825439453125 -0.0659942626953125 -0.271011352539063 -0.0350189208984375
0.076019287109375 -0.0949935913085937 -0.31500244140625 0.0662841796875
0.0744781494140625 -0.0739364624023438 -0.32891845703125 0.083343505859375
0.0850067138671875 -0.0702896118164063 -0.334381103515625 0.00939941406250002
0.0922698974609375 -0.0576553344726562 -0.2794189453125 -0.135650634765625
0.0992279052734375 0.00732421875 -0.164413452148438 -0.208358764648438
0.0930404663085938 0.0717849731445313 0.00761413574218749 -0.20208740234375
-0.0025787353515625 0.1419677734375 0.111648559570313 -0.0787124633789062
-0.162734985351563 0.182876586914062 -0.0313491821289062 0.120124816894531
-0.289459228515625 0.16937255859375 -0.176055908203125 0.1136474609375
0.0632171630859375 -0.217178344726563 0.21649169921875 -0.188934326171875
-0.1138916015625 -0.207077026367187 0.0372314453125 -0.174346923828125
-0.186126708984375 -0.00195312499999997 -0.122047424316406 0.0289077758789063
-0.109077453613281 0.128074645996094 -0.01702880859375 0.20941162109375
-0.019805908203125 0.136825561523438 0.156982421875 0.197113037109375
0.0630340576171875 0.125816345214844 0.31475830078125 0.095428466796875
0.101593017578125 0.08612060546875 0.34814453125 -0.054656982421875
0.0708389282226563 0.0952606201171875 0.315216064453125 -0.12896728515625
0.0542221069335937 0.123588562011719 0.299530029296875 -0.104827880859375
-0.01910400390625 0.134101867675781 0.27630615234375 -0.00453186035156249
-0.103599548339844 0.0737838745117188 0.213302612304688 0.0424346923828125
-0.131591796875 -0.0215988159179688 0.142074584960938 0.0639801025390625
-0.04766845703125 -0.15771484375 0.15460205078125 0.046875
0.10406494140625 -0.208694458007813 0.336151123046875 -0.00152587890625001
0.202133178710938 -0.14251708984375 0.496826171875 0.232879638671875
-0.143218994140625 -0.2176513671875 0.217727661132813 -0.2347412109375
-0.28375244140625 -0.148468017578125 0.031707763671875 -0.200927734375
-0.286773681640625 0.092071533203125 -0.110389709472656 -0.00999450683593752
-0.128463745117188 0.255569458007813 -0.0159912109375 0.154373168945313
0.033599853515625 0.241668701171875 0.120834350585938 0.135200500488281
0.183151245117187 0.180511474609375 0.261672973632813 0.0503387451171875
0.223785400390625 0.08331298828125 0.280624389648438 -0.0797271728515625
0.18505859375 0.093109130859375 0.246017456054688 -0.152694702148438
0.183700561523438 0.124481201171875 0.243026733398438 -0.14007568359375
0.1070556640625 0.170745849609375 0.251419067382813 -0.056243896484375
-0.018768310546875 0.163070678710938 0.206649780273438 -0.0126495361328125
-0.09686279296875 0.103408813476563 0.167144775390625 0.015533447265625
-0.11907958984375 -0.0355072021484375 0.212738037109375 0.00341796875
-0.0623931884765625 -0.12579345703125 0.393035888671875 -0.02301025390625
-0.00156402587890626 -0.110092163085938 0.557373046875 0.2152099609375
-0.3231201171875 -0.179595947265625 0.165924072265625 -0.28253173828125
-0.40667724609375 -0.0605468750000001 -0.00260925292968753 -0.221054077148438
-0.33807373046875 0.180206298828125 -0.100906372070313 -0.0412368774414062
-0.1240234375 0.34661865234375 -0.0155792236328125 0.0887298583984375
0.083404541015625 0.30950927734375 0.0722427368164063 0.06097412109375
0.274642944335937 0.20751953125 0.17401123046875 -0.000625610351562487
0.312744140625 0.067535400390625 0.171112060546875 -0.09130859375
0.271926879882813 0.0772705078125 0.140380859375 -0.151214599609375
0.290313720703125 0.108154296875 0.148117065429688 -0.154190063476562
0.226470947265625 0.188262939453125 0.18695068359375 -0.102569580078125
0.0737762451171875 0.245269775390625 0.169586181640625 -0.0758056640625
-0.05474853515625 0.233291625976562 0.177841186523438 -0.0459136962890625
-0.197158813476563 0.0997467041015625 0.262191772460938 -0.0431976318359375
-0.242095947265625 -0.03192138671875 0.41546630859375 -0.0245361328125
-0.21588134765625 -0.07110595703125 0.54766845703125 0.196136474609375
-0.453125 -0.0986328124999999 0.076202392578125 -0.313629150390625
-0.465179443359375 0.0556640625 -0.0506439208984375 -0.221115112304687
-0.328887939453125 0.2589111328125 -0.0897140502929688 -0.0652236938476562
-0.084075927734375 0.391326904296875 -0.0186405181884766 0.0157623291015625
0.130157470703125 0.325347900390625 0.0117435455322266 -0.0182685852050781
0.326416015625 0.196533203125 0.0624313354492188 -0.0479393005371094
0.351959228515625 0.04241943359375 0.0405654907226563 -0.087005615234375
0.317108154296875 0.05206298828125 0.0118484497070313 -0.125923156738281
0.353668212890625 0.0760498046875 0.0249786376953125 -0.145751953125
0.312042236328125 0.18365478515625 0.0838699340820313 -0.138008117675781
0.152923583984375 0.2987060546875 0.0979537963867188 -0.137825012207031
-0.01092529296875 0.338897705078125 0.161346435546875 -0.114715576171875
-0.262222290039062 0.220321655273438 0.2823486328125 -0.08856201171875
-0.395355224609375 0.056884765625 0.38299560546875 -0.016143798828125
-0.39715576171875 -0.0274353027343751 0.463348388671875 0.171112060546875
-0.52020263671875 0.00448608398437503 -0.036468505859375 -0.31695556640625
-0.45758056640625 0.177642822265625 -0.0990753173828125 -0.195999145507812
-0.262237548828125 0.31866455078125 -0.0772705078125 -0.0798873901367187
-0.014495849609375 0.385955810546875 -0.0279655456542969 -0.0543403625488281
0.171875 0.289703369140625 -0.05303955078125 -0.0850372314453125
0.336669921875 0.147308349609375 -0.0549545288085937 -0.0811004638671875
0.33892822265625 0.0042724609375 -0.0908203125 -0.0653305053710937
0.314910888671875 0.01849365234375 -0.115997314453125 -0.0806732177734375
0.361663818359375 0.03717041015625 -0.107246398925781 -0.115943908691406
0.340606689453125 0.153106689453125 -0.0418853759765625 -0.159011840820313
0.19976806640625 0.30389404296875 0.00268554687500001 -0.190261840820312
0.028106689453125 0.3802490234375 0.118759155273438 -0.177444458007812
-0.280975341796875 0.293426513671875 0.26385498046875 -0.125732421875
-0.475067138671875 0.12921142578125 0.29620361328125 0.00161743164062501
-0.50286865234375 0.0221862792968749 0.317535400390625 0.141143798828125
-0.51898193359375 0.101959228515625 -0.157470703125 -0.289581298828125
-0.39617919921875 0.273345947265625 -0.142501831054688 -0.147689819335937
-0.1641845703125 0.3426513671875 -0.064727783203125 -0.0817184448242187
0.062469482421875 0.331329345703125 -0.0459747314453125 -0.108177185058594
0.19403076171875 0.211395263671875 -0.116432189941406 -0.125251770019531
0.300811767578125 0.074737548828125 -0.158843994140625 -0.0897216796875
0.27752685546875 -0.03546142578125 -0.203598022460937 -0.0288238525390625
0.264389038085937 -0.0158233642578125 -0.226486206054688 -0.023712158203125
0.30828857421875 -0.002685546875 -0.225906372070312 -0.0742034912109375
0.300201416015625 0.096588134765625 -0.163131713867187 -0.164566040039062
0.1973876953125 0.243545532226563 -0.0902862548828125 -0.22210693359375
0.058135986328125 0.33563232421875 0.0652008056640625 -0.218215942382812
-0.23358154296875 0.29205322265625 0.214065551757813 -0.13995361328125
-0.45111083984375 0.17254638671875 0.176849365234375 0.0306549072265625
-0.51165771484375 0.0763854980468751 0.142547607421875 0.114700317382812
-0.454254150390625 0.17132568359375 -0.27825927734375 -0.241653442382813
-0.299713134765625 0.312713623046875 -0.184967041015625 -0.0897216796875
-0.064422607421875 0.3179931640625 -0.0630760192871094 -0.0687484741210938
0.121337890625 0.242263793945313 -0.0697860717773438 -0.132377624511719
0.191329956054688 0.1131591796875 -0.165252685546875 -0.130752563476563
0.229293823242188 -0.004425048828125 -0.2357177734375 -0.0728302001953125
0.178192138671875 -0.069793701171875 -0.282196044921875 0.018951416015625
0.174362182617187 -0.0473175048828125 -0.3028564453125 0.0357666015625
0.203231811523438 -0.037567138671875 -0.308868408203125 -0.02801513671875
0.201095581054687 0.02178955078125 -0.253097534179688 -0.157745361328125
0.151901245117188 0.132675170898438 -0.154678344726562 -0.230056762695312
0.07623291015625 0.211181640625 0.0220794677734375 -0.229400634765625
-0.128265380859375 0.225723266601563 0.157135009765625 -0.126312255859375
-0.325592041015625 0.185394287109375 0.0619010925292968 0.0686569213867188
-0.423492431640625 0.131103515625 -0.025146484375 0.0990066528320313
-0.32989501953125 0.19964599609375 -0.39031982421875 -0.189361572265625
-0.18402099609375 0.286865234375 -0.235214233398438 -0.0372772216796874
0.0131683349609375 0.251312255859375 -0.0782012939453125 -0.0414047241210937
0.145904541015625 0.1375732421875 -0.100395202636719 -0.124755859375
0.158706665039063 0.01470947265625 -0.197296142578125 -0.104537963867187
0.130126953125 -0.0744171142578125 -0.277984619140625 -0.0328369140625
0.0561904907226563 -0.0915451049804688 -0.318115234375 0.0692443847656249
0.0581893920898438 -0.0707015991210938 -0.333526611328125 0.08795166015625
0.0662460327148438 -0.0664520263671875 -0.342254638671875 0.012420654296875
0.0703277587890625 -0.0604248046875 -0.292694091796875 -0.1392822265625
0.08489990234375 -0.0054473876953125 -0.175613403320313 -0.214859008789062
0.0896453857421875 0.0513458251953125 0.00175476074218748 -0.213668823242188
0.0102462768554688 0.128135681152344 0.111717224121094 -0.0910110473632812
-0.137100219726563 0.186325073242188 -0.0198135375976563 0.108680725097656
-0.265731811523437 0.183624267578125 -0.153564453125 0.10186767578125
0.0329437255859375 -0.235031127929687 0.194595336914062 -0.179458618164063
-0.15106201171875 -0.195236206054688 0.020050048828125 -0.162109375
-0.195098876953125 0.0266876220703125 -0.125328063964844 0.0438766479492188
-0.09381103515625 0.153518676757812 -0.00715637207031251 0.221847534179688
0.00202941894531249 0.148330688476562 0.169509887695313 0.199981689453125
0.0912322998046875 0.120399475097656 0.32989501953125 0.08782958984375
0.124137878417969 0.0725326538085938 0.3555908203125 -0.063140869140625
0.0932388305664063 0.0855941772460938 0.31451416015625 -0.1376953125
0.0815353393554687 0.118125915527344 0.29638671875 -0.11322021484375
0.0053558349609375 0.142684936523438 0.275985717773438 -0.011993408203125
-0.094512939453125 0.09698486328125 0.216293334960938 0.029998779296875
-0.140838623046875 0.000564575195312512 0.150466918945313 0.0515289306640625
-0.076171875 -0.155487060546875 0.175369262695312 0.041351318359375
0.0702972412109375 -0.231155395507812 0.355712890625 -0.00186157226562501
0.183456420898438 -0.174636840820313 0.51959228515625 0.24066162109375
-0.172897338867188 -0.234222412109375 0.188095092773437 -0.230484008789063
-0.3209228515625 -0.13494873046875 0.00904846191406247 -0.19024658203125
-0.29718017578125 0.1214599609375 -0.117668151855469 0.00366973876953128
-0.113250732421875 0.28192138671875 -0.012115478515625 0.1651611328125
0.0572662353515625 0.254745483398438 0.124755859375 0.140037536621094
0.212738037109375 0.17572021484375 0.267608642578125 0.0477142333984375
0.246322631835938 0.0684661865234375 0.280227661132813 -0.08099365234375
0.206405639648438 0.0826568603515625 0.2386474609375 -0.153244018554688
0.2098388671875 0.116592407226563 0.231918334960938 -0.143264770507813
0.131622314453125 0.177581787109375 0.241134643554688 -0.0649566650390625
-0.0103759765625 0.186126708984375 0.200668334960938 -0.0301513671875
-0.105621337890625 0.123512268066406 0.171493530273438 -0.00355529785156249
-0.147232055664063 -0.0361175537109375 0.230682373046875 -0.0106353759765625
-0.0926361083984375 -0.146408081054688 0.409515380859375 -0.031097412109375
-0.0178070068359375 -0.139366149902344 0.5811767578125 0.21087646484375
-0.348419189453125 -0.19073486328125 0.130706787109375 -0.282806396484375
-0.437774658203125 -0.047149658203125 -0.0311279296875 -0.21185302734375
-0.350006103515625 0.204803466796875 -0.114646911621094 -0.0297927856445312
-0.111480712890625 0.36956787109375 -0.0189971923828125 0.098968505859375
0.1055908203125 0.322052001953125 0.0670433044433594 0.0667800903320313
0.303253173828125 0.20233154296875 0.171493530273438 0.00326538085937501
0.33258056640625 0.054351806640625 0.164199829101563 -0.0854949951171875
0.29083251953125 0.06707763671875 0.124908447265625 -0.143234252929688
0.313018798828125 0.099395751953125 0.127670288085938 -0.1517333984375
0.24810791015625 0.191162109375 0.168014526367188 -0.109588623046875
0.084808349609375 0.262176513671875 0.1566162109375 -0.0928497314453125
-0.0591278076171875 0.250534057617188 0.176177978515625 -0.070159912109375
-0.220108032226563 0.102508544921875 0.274978637695313 -0.06658935546875
-0.26690673828125 -0.0458831787109375 0.43023681640625 -0.041534423828125
-0.227828979492188 -0.0930023193359375 0.570068359375 0.181640625
-0.4700927734375 -0.105133056640625 0.035736083984375 -0.31976318359375
-0.48577880859375 0.064697265625 -0.0827484130859375 -0.214889526367187
-0.33856201171875 0.276702880859375 -0.108566284179688 -0.0545806884765625
-0.075225830078125 0.409210205078125 -0.0274143218994141 0.0237045288085938
0.144622802734375 0.335723876953125 -0.000581741333007805 -0.0109500885009765
0.348541259765625 0.19134521484375 0.0523605346679688 -0.0393943786621094
0.365570068359375 0.03155517578125 0.0276870727539063 -0.0742034912109375
0.331390380859375 0.0445556640625 -0.00605010986328123 -0.110572814941406
0.370391845703125 0.067230224609375 0.00121307373046879 -0.135391235351563
0.327423095703125 0.1826171875 0.058929443359375 -0.1429443359375
0.16351318359375 0.309173583984375 0.0776519775390625 -0.15570068359375
-0.012054443359375 0.350738525390625 0.1524658203125 -0.141952514648437
-0.276931762695313 0.224334716796875 0.290130615234375 -0.117584228515625
-0.4129638671875 0.053680419921875 0.395111083984375 -0.040740966796875
-0.403228759765625 -0.0387878417968751 0.482147216796875 0.149200439453125
-0.523681640625 0.00292968750000009 -0.078216552734375 -0.330352783203125
-0.463043212890625 0.18438720703125 -0.134124755859375 -0.196441650390625
-0.26763916015625 0.327362060546875 -0.0985336303710938 -0.07183837890625
-0.010223388671875 0.394317626953125 -0.0423622131347656 -0.0482902526855468
0.17889404296875 0.294677734375 -0.070892333984375 -0.0779266357421875
0.346923828125 0.146881103515625 -0.0700950622558593 -0.0696983337402344
0.345062255859375 -0.000244140625 -0.105758666992187 -0.0489501953125
0.32122802734375 0.013671875 -0.133934020996094 -0.0622177124023438
0.368499755859375 0.030548095703125 -0.133232116699219 -0.101493835449219
0.347198486328125 0.149627685546875 -0.0722198486328125 -0.159576416015625
0.207000732421875 0.30548095703125 -0.0224456787109375 -0.203948974609375
0.032440185546875 0.385406494140625 0.103424072265625 -0.202957153320312
-0.287200927734375 0.29840087890625 0.262130737304687 -0.155059814453125
-0.484039306640625 0.133941650390625 0.302734375 -0.022796630859375
-0.504180908203125 0.0213012695312499 0.334228515625 0.1171875
-0.51318359375 0.10980224609375 -0.198638916015625 -0.307586669921875
-0.386962890625 0.276611328125 -0.177886962890625 -0.154388427734375
-0.158599853515625 0.341033935546875 -0.0883560180664063 -0.0779495239257812
0.064971923828125 0.32635498046875 -0.063232421875 -0.103446960449219
0.193344116210937 0.209854125976562 -0.134544372558594 -0.119407653808594
0.298828125 0.072784423828125 -0.177886962890625 -0.0780487060546875
0.273330688476562 -0.0331878662109375 -0.218429565429687 -0.011993408203125
0.263015747070313 -0.0160369873046875 -0.242507934570312 -0.00451660156249999
0.30572509765625 -0.004180908203125 -0.2484130859375 -0.0575714111328125
0.29669189453125 0.093170166015625 -0.193710327148437 -0.161865234375
0.19805908203125 0.240066528320313 -0.118179321289062 -0.230667114257812
0.062469482421875 0.330902099609375 0.04669189453125 -0.24017333984375
-0.232757568359375 0.293304443359375 0.208786010742187 -0.166275024414062
-0.445831298828125 0.180145263671875 0.181503295898437 0.00939941406250001
-0.502044677734375 0.0841674804687499 0.156997680664063 0.0918121337890625
-0.4385986328125 0.188232421875 -0.312255859375 -0.263427734375
-0.275970458984375 0.32025146484375 -0.21588134765625 -0.0996856689453125
-0.05120849609375 0.31109619140625 -0.086212158203125 -0.065277099609375
0.1251220703125 0.2266845703125 -0.0866317749023437 -0.128349304199219
0.1844482421875 0.101699829101563 -0.181106567382812 -0.12548828125
0.216217041015625 -0.008148193359375 -0.251312255859375 -0.0621337890625
0.165206909179688 -0.06402587890625 -0.29376220703125 0.035186767578125
0.166122436523438 -0.04315185546875 -0.31390380859375 0.054107666015625
0.19268798828125 -0.033233642578125 -0.3272705078125 -0.011688232421875
0.186187744140625 0.019775390625 -0.280181884765625 -0.14996337890625
0.144485473632813 0.123611450195313 -0.179794311523437 -0.233474731445313
0.074676513671875 0.198226928710937 0.00384521484374999 -0.245498657226562
-0.118698120117187 0.216140747070313 0.149505615234375 -0.148895263671875
-0.306732177734375 0.192108154296875 0.0664901733398437 0.050628662109375
-0.402557373046875 0.1424560546875 -0.00963592529296878 0.0794525146484375
-0.311126708984375 0.225189208984375 -0.41644287109375 -0.20672607421875
-0.153472900390625 0.2978515625 -0.260879516601563 -0.0487213134765625
0.037322998046875 0.246749877929687 -0.099151611328125 -0.0373077392578125
0.15447998046875 0.116409301757812 -0.114463806152344 -0.118545532226562
0.149169921875 -0.0028839111328125 -0.2066650390625 -0.096038818359375
0.108909606933594 -0.0801162719726563 -0.288787841796875 -0.0216064453125001
0.0382843017578125 -0.0824737548828125 -0.323455810546875 0.081298828125
0.0441780090332031 -0.0644454956054688 -0.33868408203125 0.101409912109375
0.0500640869140625 -0.058319091796875 -0.355133056640625 0.025787353515625
0.046539306640625 -0.0579795837402344 -0.3140869140625 -0.13421630859375
0.0667800903320313 -0.0161323547363281 -0.195343017578125 -0.2176513671875
0.081695556640625 0.0328445434570313 -0.012451171875 -0.225677490234375
0.0226593017578125 0.110359191894531 0.104438781738281 -0.106170654296875
-0.109100341796875 0.186798095703125 -0.0111618041992188 0.0953369140625
-0.235427856445313 0.197479248046875 -0.1343994140625 0.0875167846679688
-0.00248718261718751 -0.240264892578125 0.17144775390625 -0.16326904296875
-0.1871337890625 -0.168182373046875 0.00524902343749998 -0.14215087890625
-0.19403076171875 0.058013916015625 -0.11883544921875 0.0609664916992187
-0.0690460205078125 0.1722412109375 0.00961303710937498 0.227874755859375
0.030609130859375 0.15155029296875 0.180770874023438 0.192352294921875
0.117805480957031 0.104179382324219 0.3426513671875 0.0693359375
0.139930725097656 0.0487518310546875 0.357269287109375 -0.083526611328125
0.110389709472656 0.0669021606445312 0.3050537109375 -0.150115966796875
0.107810974121094 0.0976333618164063 0.28668212890625 -0.12213134765625
0.035369873046875 0.141021728515625 0.27264404296875 -0.0238189697265625
-0.07574462890625 0.116806030273437 0.21063232421875 0.0140380859375
-0.140869140625 0.0266265869140625 0.154434204101563 0.0331573486328125
-0.106376647949219 -0.139236450195313 0.193923950195313 0.0261077880859375
0.0297698974609375 -0.238082885742188 0.37432861328125 -0.014923095703125
0.152252197265625 -0.197769165039062 0.5447998046875 0.229278564453125
-0.210433959960938 -0.232940673828125 0.157440185546875 -0.217636108398438
-0.351776123046875 -0.10406494140625 -0.011260986328125 -0.168441772460938
-0.29388427734375 0.156585693359375 -0.119842529296875 0.0192947387695313
-0.083892822265625 0.301544189453125 -0.00193786621093752 0.172409057617188
0.089996337890625 0.258056640625 0.1328125 0.139968872070313
0.2408447265625 0.156005859375 0.271240234375 0.0394134521484375
0.259811401367188 0.045440673828125 0.275955200195313 -0.088409423828125
0.226409912109375 0.059478759765625 0.227783203125 -0.153091430664063
0.23651123046875 0.0966033935546875 0.215179443359375 -0.14056396484375
0.160614013671875 0.173538208007813 0.226852416992188 -0.070831298828125
0.0118255615234375 0.202392578125 0.186599731445313 -0.0441741943359375
-0.103927612304688 0.146575927734375 0.166748046875 -0.0255889892578125
-0.17205810546875 -0.022613525390625 0.240234375 -0.0353546142578125
-0.129074096679688 -0.1513671875 0.4219970703125 -0.052215576171875
-0.047637939453125 -0.161544799804687 0.59686279296875 0.18829345703125
-0.377532958984375 -0.1859130859375 0.0914459228515625 -0.272216796875
-0.460906982421875 -0.0164794921875001 -0.058349609375 -0.191497802734375
-0.3482666015625 0.23870849609375 -0.120803833007813 -0.0105514526367187
-0.0841064453125 0.3892822265625 -0.0169525146484375 0.108314514160156
0.132598876953125 0.32171630859375 0.0638885498046875 0.0725555419921875
0.326934814453125 0.179168701171875 0.167572021484375 0.00393676757812501
0.3443603515625 0.031646728515625 0.157546997070313 -0.0774078369140625
0.3052978515625 0.045562744140625 0.113136291503906 -0.132095336914063
0.3323974609375 0.07745361328125 0.110397338867188 -0.14117431640625
0.273345947265625 0.1815185546875 0.143020629882813 -0.11328125
0.103408813476563 0.273544311523438 0.133720397949219 -0.108001708984375
-0.0523529052734375 0.267578125 0.164810180664063 -0.097412109375
-0.238739013671875 0.114532470703125 0.277023315429688 -0.0946807861328125
-0.295989990234375 -0.0442504882812499 0.43548583984375 -0.071441650390625
-0.250152587890625 -0.10693359375 0.58251953125 0.14935302734375
-0.485870361328125 -0.100982666015625 -0.01361083984375 -0.31268310546875
-0.497039794921875 0.086456298828125 -0.11590576171875 -0.194915771484375
-0.33416748046875 0.3009033203125 -0.122947692871094 -0.03662109375
-0.055419921875 0.423980712890625 -0.0325469970703125 0.03619384765625
0.16839599609375 0.338104248046875 -0.0117301940917969 0.000717163085937522
0.367431640625 0.17578125 0.0440635681152344 -0.0294952392578125
0.3763427734375 0.012603759765625 0.0177383422851563 -0.0600395202636719
0.341094970703125 0.026611328125 -0.0193557739257812 -0.089569091796875
0.381927490234375 0.04840087890625 -0.019744873046875 -0.119743347167969
0.34405517578125 0.1695556640625 0.0301895141601563 -0.1396484375
0.18145751953125 0.311187744140625 0.0482025146484375 -0.1644287109375
-0.00189208984374996 0.361114501953125 0.132339477539063 -0.165618896484375
-0.28643798828125 0.23516845703125 0.28271484375 -0.15179443359375
-0.427978515625 0.060791015625 0.394195556640625 -0.071563720703125
-0.41253662109375 -0.0404663085937501 0.49127197265625 0.1156005859375
-0.52545166015625 0.00924682617187505 -0.127166748046875 -0.3233642578125
-0.463592529296875 0.199127197265625 -0.172470092773438 -0.17852783203125
-0.2637939453125 0.34002685546875 -0.117111206054688 -0.0543746948242187
0.00183105468750003 0.39886474609375 -0.0551834106445312 -0.0361289978027343
0.191650390625 0.296112060546875 -0.086700439453125 -0.0613861083984375
0.356781005859375 0.13385009765625 -0.0848236083984375 -0.0530471801757813
0.349456787109375 -0.010589599609375 -0.114501953125 -0.0255355834960938
0.326141357421875 0.0030517578125 -0.148040771484375 -0.0344390869140625
0.372467041015625 0.019683837890625 -0.150360107421875 -0.07781982421875
0.3538818359375 0.137176513671875 -0.101898193359375 -0.147537231445313
0.216033935546875 0.298858642578125 -0.0569000244140625 -0.204116821289062
0.04217529296875 0.386871337890625 0.075927734375 -0.222824096679687
-0.28424072265625 0.303985595703125 0.24652099609375 -0.188613891601562
-0.487884521484375 0.146942138671875 0.298431396484375 -0.0540771484375
-0.50146484375 0.0258483886718751 0.34124755859375 0.081512451171875
-0.49749755859375 0.122711181640625 -0.245880126953125 -0.308685302734375
-0.37158203125 0.28070068359375 -0.214950561523438 -0.143081665039062
-0.15301513671875 0.339630126953125 -0.111404418945313 -0.0624237060546875
0.06842041015625 0.320404052734375 -0.0800857543945312 -0.09149169921875
0.192657470703125 0.205062866210938 -0.15301513671875 -0.10107421875
0.29718017578125 0.06671142578125 -0.191558837890625 -0.0566558837890625
0.270309448242188 -0.0345458984375 -0.225326538085937 0.011474609375
0.261611938476563 -0.020843505859375 -0.249801635742187 0.026397705078125
0.30145263671875 -0.008758544921875 -0.265274047851563 -0.02886962890625
0.292724609375 0.085784912109375 -0.222885131835938 -0.14300537109375
0.199691772460937 0.231002807617188 -0.150909423828125 -0.224395751953125
0.06787109375 0.323944091796875 0.0178680419921875 -0.252532958984375
-0.22308349609375 0.29412841796875 0.18804931640625 -0.19317626953125
-0.43463134765625 0.1905517578125 0.17669677734375 -0.01617431640625
-0.483795166015625 0.0926513671875001 0.163589477539062 0.0624847412109375
-0.41131591796875 0.203521728515625 -0.353424072265625 -0.263763427734375
-0.248382568359375 0.317657470703125 -0.251174926757813 -0.0962982177734375
-0.036468505859375 0.29937744140625 -0.107513427734375 -0.0546035766601563
0.126358032226562 0.208236694335938 -0.102096557617187 -0.118263244628906
0.175338745117188 0.0931243896484375 -0.196090698242188 -0.108688354492187
0.203857421875 -0.0083770751953125 -0.264801025390625 -0.0413055419921876
0.154083251953125 -0.0558319091796875 -0.298919677734375 0.058197021484375
0.159912109375 -0.040130615234375 -0.317352294921875 0.0813293457031249
0.182464599609375 -0.02935791015625 -0.336883544921875 0.0151977539062501
0.17315673828125 0.0221710205078125 -0.30487060546875 -0.129425048828125
0.135223388671875 0.115379333496094 -0.206451416015625 -0.22479248046875
0.0700531005859375 0.185577392578125 -0.0234832763671875 -0.252227783203125
-0.110519409179688 0.204696655273438 0.130950927734375 -0.169662475585938
-0.284515380859375 0.194244384765625 0.0637283325195312 0.0304374694824219
-0.37225341796875 0.15216064453125 -0.00136184692382815 0.0560226440429688
-0.276443481445312 0.244338989257813 -0.448699951171875 -0.206329345703125
-0.113372802734375 0.298828125 -0.290252685546875 -0.04656982421875
0.060394287109375 0.22833251953125 -0.117958068847656 -0.024505615234375
0.153411865234375 0.0921630859375 -0.127700805664063 -0.105972290039063
0.136466979980469 -0.019287109375 -0.214584350585937 -0.0806884765625
0.0849685668945313 -0.0793533325195313 -0.29461669921875 -0.00473022460937495
0.0219497680664063 -0.066802978515625 -0.32257080078125 0.099853515625
0.0315895080566406 -0.0526008605957031 -0.33489990234375 0.1224365234375
0.0345115661621094 -0.0433616638183594 -0.360382080078125 0.045684814453125
0.0241241455078125 -0.0479469299316406 -0.334625244140625 -0.113555908203125
0.0424537658691406 -0.0211410522460938 -0.216094970703125 -0.207626342773438
0.06829833984375 0.0148811340332031 -0.03411865234375 -0.230728149414062
0.02740478515625 0.0874481201171875 0.0930633544921875 -0.123603820800781
-0.077789306640625 0.1751708984375 -0.00563812255859376 0.0793304443359375
-0.1976318359375 0.20147705078125 -0.118370056152344 0.0645217895507813
-0.041290283203125 -0.229217529296875 0.15521240234375 -0.138839721679688
-0.204620361328125 -0.130569458007812 -0.000923156738281258 -0.120635986328125
-0.17889404296875 0.08612060546875 -0.1085205078125 0.0732650756835938
-0.0398406982421875 0.178802490234375 0.0279998779296875 0.225234985351563
0.055633544921875 0.143234252929687 0.193344116210937 0.18170166015625
0.1331787109375 0.07867431640625 0.340362548828125 0.048553466796875
0.145706176757813 0.0217742919921875 0.348663330078125 -0.09619140625
0.119102478027344 0.0449752807617188 0.29461669921875 -0.15704345703125
0.120941162109375 0.0727691650390625 0.274795532226563 -0.127471923828125
0.0605926513671875 0.129165649414063 0.261520385742188 -0.031707763671875
-0.0487518310546875 0.125579833984375 0.201675415039063 0.00238037109375001
-0.128646850585938 0.0511245727539063 0.149703979492188 0.0179443359375
-0.125526428222656 -0.115562438964844 0.200271606445313 0.00566101074218749
-0.0126800537109375 -0.227249145507813 0.37860107421875 -0.0323486328125
0.113494873046875 -0.2076416015625 0.5552978515625 0.20855712890625
-0.239761352539063 -0.218276977539063 0.130523681640625 -0.1907958984375
-0.364410400390625 -0.0633239746093749 -0.023040771484375 -0.14532470703125
-0.276214599609375 0.183670043945313 -0.1153564453125 0.0365066528320313
-0.052215576171875 0.305908203125 0.00863647460937502 0.174697875976563
0.11529541015625 0.244644165039063 0.134063720703125 0.135978698730469
0.256103515625 0.124588012695313 0.268203735351563 0.0281524658203125
0.266067504882813 0.0149383544921875 0.270294189453125 -0.0901641845703125
0.23162841796875 0.0369720458984375 0.215011596679688 -0.148818969726563
0.247817993164063 0.0688018798828125 0.201492309570313 -0.136581420898438
0.182998657226563 0.157058715820313 0.209060668945313 -0.0725250244140625
0.033233642578125 0.20849609375 0.16912841796875 -0.0542144775390625
-0.0946197509765625 0.165618896484375 0.1534423828125 -0.0410614013671875
-0.19085693359375 -0.00387573242187499 0.238510131835938 -0.0561676025390625
-0.16436767578125 -0.144821166992188 0.418304443359375 -0.074432373046875
-0.0751800537109375 -0.169647216796875 0.59674072265625 0.162841796875
-0.39788818359375 -0.172698974609375 0.0570068359375 -0.242507934570312
-0.46728515625 0.018035888671875 -0.0732421875 -0.161178588867188
-0.330963134765625 0.26220703125 -0.122566223144531 0.00792694091796874
-0.05364990234375 0.39300537109375 -0.0119476318359375 0.115608215332031
0.158721923828125 0.30987548828125 0.0619735717773438 0.0780029296875
0.342193603515625 0.150390625 0.163864135742188 0.00373840332031251
0.346343994140625 0.0052490234375 0.154266357421875 -0.0710296630859375
0.310150146484375 0.02520751953125 0.10308837890625 -0.117454528808594
0.3426513671875 0.0513916015625 0.0935821533203125 -0.127410888671875
0.285552978515625 0.164886474609375 0.1214599609375 -0.105377197265625
0.122482299804687 0.272445678710938 0.108840942382813 -0.111984252929687
-0.043853759765625 0.277618408203125 0.141143798828125 -0.111129760742187
-0.248336791992188 0.127792358398437 0.264785766601563 -0.121353149414062
-0.31744384765625 -0.036956787109375 0.42596435546875 -0.09820556640625
-0.26702880859375 -0.110794067382813 0.575439453125 0.11920166015625
-0.492431640625 -0.0877380371093751 -0.0494384765625 -0.28240966796875
-0.49713134765625 0.1116943359375 -0.1376953125 -0.164749145507812
-0.324432373046875 0.3173828125 -0.126937866210938 -0.0144805908203125
-0.032745361328125 0.424591064453125 -0.0344390869140625 0.0472984313964844
0.1865234375 0.32818603515625 -0.0167560577392578 0.0148305892944336
0.37603759765625 0.151763916015625 0.0381011962890625 -0.0162010192871094
0.374176025390625 -0.00506591796875 0.0182991027832032 -0.0394058227539063
0.34259033203125 0.010345458984375 -0.0238265991210937 -0.0669326782226563
0.384063720703125 0.0283203125 -0.0336532592773437 -0.0961837768554687
0.349945068359375 0.154144287109375 0.00513458251953128 -0.123695373535156
0.1929931640625 0.305267333984375 0.0198211669921875 -0.16241455078125
0.00872802734375004 0.3624267578125 0.103851318359375 -0.177536010742187
-0.286956787109375 0.2445068359375 0.261276245117188 -0.177154541015625
-0.4383544921875 0.070159912109375 0.378662109375 -0.09967041015625
-0.418548583984375 -0.040679931640625 0.48101806640625 0.078948974609375
-0.518035888671875 0.0157775878906249 -0.16778564453125 -0.299530029296875
-0.45269775390625 0.207366943359375 -0.1966552734375 -0.150924682617187
-0.256744384765625 0.34405517578125 -0.128341674804688 -0.0316925048828125
0.012054443359375 0.3956298828125 -0.0613517761230469 -0.02093505859375
0.19818115234375 0.28814697265625 -0.0953445434570312 -0.0447463989257813
0.3582763671875 0.120086669921875 -0.087982177734375 -0.031524658203125
0.3447265625 -0.019927978515625 -0.113471984863281 -0.00180816650390623
0.322296142578125 -0.006134033203125 -0.145614624023437 -0.0082550048828125
0.3677978515625 0.00750732421875 -0.159759521484375 -0.0486297607421875
0.35125732421875 0.123870849609375 -0.124282836914062 -0.125297546386719
0.22314453125 0.2908935546875 -0.0839385986328125 -0.195465087890625
0.051849365234375 0.3814697265625 0.044036865234375 -0.22882080078125
-0.27734375 0.307952880859375 0.220062255859375 -0.208694458007812
-0.47686767578125 0.154510498046875 0.280746459960938 -0.0787506103515625
-0.489990234375 0.030792236328125 0.32818603515625 0.04986572265625
-0.47760009765625 0.123931884765625 -0.283050537109375 -0.2850341796875
-0.352294921875 0.27593994140625 -0.242538452148438 -0.121170043945312
-0.145965576171875 0.32904052734375 -0.123588562011719 -0.0413894653320312
0.068084716796875 0.309112548828125 -0.0883941650390625 -0.0755844116210938
0.189987182617188 0.199630737304688 -0.16156005859375 -0.0825042724609375
0.29150390625 0.06292724609375 -0.194778442382812 -0.033233642578125
0.264892578125 -0.0335693359375 -0.220703125 0.0380401611328125
0.255569458007813 -0.0207672119140625 -0.244094848632813 0.0523681640625
0.2943115234375 -0.010284423828125 -0.2664794921875 -0.000793457031250008
0.2838134765625 0.08203125 -0.239730834960937 -0.1170654296875
0.194580078125 0.222702026367188 -0.174301147460938 -0.2095947265625
0.0677490234375 0.31048583984375 -0.0139312744140625 -0.25189208984375
-0.2156982421875 0.28558349609375 0.159378051757813 -0.208389282226562
-0.4149169921875 0.189971923828125 0.161041259765625 -0.0369415283203125
-0.4638671875 0.09375 0.156143188476562 0.0323028564453125
-0.37786865234375 0.20379638671875 -0.38629150390625 -0.2484130859375
-0.2196044921875 0.30450439453125 -0.275009155273438 -0.0780029296875
-0.02490234375 0.278060913085938 -0.121467590332031 -0.0337295532226563
0.117935180664063 0.190750122070313 -0.1124267578125 -0.100723266601562
0.159210205078125 0.0850677490234375 -0.202468872070313 -0.0893707275390625
0.187286376953125 -0.006103515625 -0.264907836914062 -0.0179290771484375
0.147232055664063 -0.044281005859375 -0.28973388671875 0.0791625976562499
0.151611328125 -0.0321502685546875 -0.306060791015625 0.1051025390625
0.17413330078125 -0.0208587646484375 -0.335845947265625 0.0415954589843751
0.159759521484375 0.0283966064453125 -0.31707763671875 -0.10272216796875
0.1177978515625 0.113319396972656 -0.225799560546875 -0.205780029296875
0.0608978271484375 0.17041015625 -0.0493011474609375 -0.247512817382813
-0.10595703125 0.188613891601562 0.106201171875 -0.175918579101562
-0.261459350585938 0.18157958984375 0.056640625 0.0147819519042969
-0.342681884765625 0.147918701171875 -0.00038909912109377 0.0277976989746094
-0.235153198242187 0.245269775390625 -0.47137451171875 -0.19256591796875
-0.08197021484375 0.278106689453125 -0.310821533203125 -0.03131103515625
0.074462890625 0.202529907226563 -0.127998352050781 -0.00743103027343752
0.14398193359375 0.0652923583984375 -0.132583618164063 -0.0883026123046875
0.11236572265625 -0.0269317626953125 -0.212936401367188 -0.0648193359375
0.0659103393554688 -0.0705642700195313 -0.2884521484375 0.0137329101562501
0.0103797912597656 -0.0493240356445312 -0.311248779296875 0.113555908203125
0.024566650390625 -0.0375595092773438 -0.32318115234375 0.13983154296875
0.0271625518798828 -0.0275688171386719 -0.356414794921875 0.06658935546875
0.00850868225097656 -0.0290603637695313 -0.34124755859375 -0.091583251953125
0.0217075347900391 -0.0173377990722656 -0.230941772460938 -0.192794799804688
0.0479965209960938 0.00428390502929688 -0.053680419921875 -0.226547241210937
0.0262680053710938 0.0648689270019531 0.0744400024414062 -0.129486083984375
-0.0538330078125 0.153717041015625 -0.0072479248046875 0.0611228942871094
-0.160919189453125 0.188339233398438 -0.10955810546875 0.04217529296875
-0.0644073486328125 -0.210479736328125 0.148651123046875 -0.110397338867188
-0.207550048828125 -0.09576416015625 0.00191497802734373 -0.0993576049804687
-0.16009521484375 0.102462768554688 -0.0970993041992188 0.0799713134765625
-0.01470947265625 0.1751708984375 0.038238525390625 0.217514038085937
0.0724105834960937 0.129005432128906 0.19482421875 0.171340942382813
0.137870788574219 0.053497314453125 0.33355712890625 0.0372314453125
0.1424560546875 0.001068115234375 0.33935546875 -0.10308837890625
0.120193481445312 0.02484130859375 0.282623291015625 -0.1556396484375
0.125625610351563 0.0491409301757813 0.265411376953125 -0.12432861328125
0.076141357421875 0.110916137695313 0.2509765625 -0.0308380126953125
-0.026763916015625 0.125076293945313 0.190170288085938 -0.00129699707031249
-0.113975524902344 0.0645294189453125 0.14166259765625 0.007415771484375
-0.132423400878906 -0.0903396606445313 0.201797485351563 -0.00981140136718751
-0.0386505126953125 -0.207611083984375 0.378936767578125 -0.04388427734375
0.0816802978515625 -0.203460693359375 0.5537109375 0.198638916015625
-0.2578125 -0.20184326171875 0.118637084960938 -0.158248901367188
-0.362152099609375 -0.032806396484375 -0.0233154296875 -0.119331359863281
-0.257171630859375 0.198333740234375 -0.106185913085938 0.0475234985351563
-0.02777099609375 0.29937744140625 0.0155792236328125 0.172500610351563
0.130966186523438 0.227783203125 0.133308410644531 0.133476257324219
0.258285522460938 0.0975799560546875 0.2623291015625 0.0234375
0.260345458984375 -0.005950927734375 0.264877319335938 -0.08721923828125
0.230270385742188 0.018402099609375 0.208404541015625 -0.138229370117188
0.24920654296875 0.045623779296875 0.193008422851563 -0.125946044921875
0.193740844726562 0.140899658203125 0.196365356445313 -0.063629150390625
0.051666259765625 0.207382202148438 0.152328491210937 -0.0532379150390625
-0.08349609375 0.175949096679688 0.138481140136719 -0.0504531860351562
-0.199462890625 0.01495361328125 0.231552124023438 -0.0718841552734375
-0.187789916992188 -0.130447387695313 0.410003662109375 -0.08538818359375
-0.101364135742188 -0.169906616210937 0.58740234375 0.1492919921875
-0.408416748046875 -0.160736083984375 0.04052734375 -0.207611083984375
-0.46221923828125 0.0399169921874999 -0.0764389038085938 -0.13214111328125
-0.315032958984375 0.2720947265625 -0.117332458496094 0.0225906372070313
-0.03265380859375 0.385162353515625 -0.00769042968750001 0.119461059570313
0.171356201171875 0.296356201171875 0.0622482299804688 0.0843353271484375
0.34112548828125 0.12701416015625 0.160568237304688 0.00811767578125001
0.34039306640625 -0.011627197265625 0.153762817382813 -0.0599365234375
0.307647705078125 0.008514404296875 0.101852416992188 -0.100677490234375
0.3402099609375 0.032928466796875 0.088043212890625 -0.107810974121094
0.29278564453125 0.1513671875 0.107269287109375 -0.0900344848632812
0.13372802734375 0.27069091796875 0.0879287719726563 -0.106101989746094
-0.03692626953125 0.28302001953125 0.12078857421875 -0.116508483886719
-0.255889892578125 0.137237548828125 0.249404907226562 -0.13604736328125
-0.33319091796875 -0.028167724609375 0.409027099609375 -0.1102294921875
-0.2816162109375 -0.114501953125 0.558349609375 0.1019287109375
-0.494842529296875 -0.08514404296875 -0.0691070556640625 -0.2491455078125
-0.490936279296875 0.122283935546875 -0.14385986328125 -0.13348388671875
-0.31561279296875 0.322235107421875 -0.124855041503906 0.00401306152343751
-0.0198974609375 0.418853759765625 -0.0326957702636719 0.0568428039550782
0.19281005859375 0.31756591796875 -0.017740249633789 0.0270271301269531
0.374603271484375 0.133697509765625 0.0380706787109375 -0.00561523437499999
0.3680419921875 -0.015838623046875 0.0234699249267578 -0.0233211517333984
0.338531494140625 -0.0003662109375 -0.0193557739257812 -0.0464286804199219
0.37933349609375 0.01666259765625 -0.0346603393554687 -0.072998046875
0.35028076171875 0.14324951171875 -0.00760650634765623 -0.102760314941406
0.198089599609375 0.30047607421875 -0.000976562499999978 -0.150650024414062
0.012908935546875 0.360870361328125 0.07952880859375 -0.177947998046875
-0.288604736328125 0.2479248046875 0.237945556640625 -0.188995361328125
-0.44158935546875 0.0744323730468751 0.359405517578125 -0.11212158203125
-0.4197998046875 -0.047149658203125 0.459808349609375 0.06011962890625
-0.511016845703125 0.01123046875 -0.1898193359375 -0.268814086914063
-0.445068359375 0.2015380859375 -0.206695556640625 -0.120437622070312
-0.25494384765625 0.339599609375 -0.129013061523438 -0.011199951171875
0.013946533203125 0.38934326171875 -0.0613746643066406 -0.0074195861816406
0.198486328125 0.2833251953125 -0.0968093872070312 -0.0277557373046875
0.352569580078125 0.111907958984375 -0.0865325927734375 -0.016326904296875
0.340057373046875 -0.021514892578125 -0.10504150390625 0.0155181884765625
0.319854736328125 -0.00946044921875 -0.136177062988281 0.0139083862304687
0.3631591796875 0.002227783203125 -0.157241821289062 -0.0258331298828125
0.345855712890625 0.119293212890625 -0.133331298828125 -0.101554870605469
0.219940185546875 0.286712646484375 -0.102218627929688 -0.179641723632812
0.049896240234375 0.37213134765625 0.020172119140625 -0.22265625
-0.27764892578125 0.301727294921875 0.193923950195312 -0.215606689453125
-0.470245361328125 0.149993896484375 0.260543823242187 -0.0897979736328125
-0.48175048828125 0.021087646484375 0.309967041015625 0.02935791015625
-0.458709716796875 0.111358642578125 -0.304901123046875 -0.2613525390625
-0.34063720703125 0.260467529296875 -0.25640869140625 -0.0956878662109375
-0.148590087890625 0.316131591796875 -0.128128051757813 -0.0203323364257812
0.059295654296875 0.301971435546875 -0.0906448364257813 -0.0599212646484375
0.180648803710937 0.199264526367187 -0.162338256835938 -0.0644683837890625
0.28204345703125 0.065216064453125 -0.191558837890625 -0.0158538818359375
0.261016845703125 -0.0260772705078125 -0.21075439453125 0.054595947265625
0.252761840820312 -0.017669677734375 -0.23199462890625 0.07110595703125
0.290130615234375 -0.00653076171875 -0.25994873046875 0.0218505859375
0.274734497070313 0.08428955078125 -0.244003295898437 -0.0920257568359375
0.184524536132813 0.220458984375 -0.188064575195313 -0.189788818359375
0.06048583984375 0.30096435546875 -0.0351409912109375 -0.241744995117187
-0.215362548828125 0.27252197265625 0.134689331054688 -0.209793090820312
-0.4022216796875 0.17987060546875 0.143997192382812 -0.0469207763671875
-0.444244384765625 0.082244873046875 0.141021728515625 0.010467529296875
-0.35369873046875 0.189361572265625 -0.402099609375 -0.2320556640625
-0.20343017578125 0.277908325195313 -0.29156494140625 -0.06024169921875
-0.02880859375 0.258132934570312 -0.126487731933594 -0.0151748657226562
0.1014404296875 0.177978515625 -0.1146240234375 -0.0846481323242187
0.143966674804688 0.0865478515625 -0.199295043945313 -0.0741119384765625
0.1748046875 0.0046539306640625 -0.25848388671875 -0.00309753417968745
0.144500732421875 -0.0297088623046875 -0.278594970703125 0.090118408203125
0.14892578125 -0.0223388671875 -0.293182373046875 0.117279052734375
0.170181274414063 -0.0095367431640625 -0.326385498046875 0.058624267578125
0.149429321289063 0.0404510498046875 -0.317474365234375 -0.0809326171874999
0.102943420410156 0.116065979003906 -0.2342529296875 -0.187728881835938
0.0467529296875 0.163543701171875 -0.0658721923828125 -0.237319946289062
-0.10894775390625 0.171035766601563 0.0850982666015625 -0.175384521484375
-0.24517822265625 0.163116455078125 0.0443229675292969 0.00394058227539064
-0.318145751953125 0.1285400390625 -0.00867271423339846 0.00520086288452149
-0.205734252929688 0.232986450195312 -0.48236083984375 -0.183502197265625
-0.0633087158203125 0.25384521484375 -0.3228759765625 -0.019256591796875
0.074432373046875 0.17913818359375 -0.131492614746094 0.00854492187500001
0.126197814941406 0.049713134765625 -0.130355834960938 -0.0740432739257813
0.0929946899414063 -0.0257949829101563 -0.205978393554688 -0.0539093017578125
0.0504531860351563 -0.0547637939453125 -0.279434204101563 0.0221405029296875
0.00986671447753906 -0.0305881500244141 -0.2999267578125 0.118377685546875
0.0231971740722656 -0.0232810974121094 -0.310028076171875 0.14569091796875
0.0264472961425781 -0.0103607177734375 -0.3470458984375 0.077178955078125
0.000761985778808593 -0.00968456268310547 -0.33978271484375 -0.075836181640625
0.00413179397583008 -0.00600624084472656 -0.23486328125 -0.177627563476562
0.0276451110839844 0.0012664794921875 -0.0658416748046875 -0.21759033203125
0.0168266296386719 0.0457534790039063 0.0599594116210938 -0.129417419433594
-0.0432052612304687 0.1268310546875 -0.0137939453125 0.0479316711425781
-0.136337280273437 0.165878295898438 -0.109970092773438 0.0161666870117188
-0.07830810546875 -0.1925048828125 0.15216064453125 -0.082061767578125
-0.204849243164062 -0.0724639892578125 0.0105514526367187 -0.0824661254882813
-0.144195556640625 0.11212158203125 -0.0882797241210938 0.0821380615234375
0.00263977050781249 0.168731689453125 0.0427703857421875 0.212936401367187
0.0823211669921875 0.116561889648438 0.19390869140625 0.168167114257813
0.137680053710938 0.0347518920898438 0.32977294921875 0.033599853515625
0.138229370117188 -0.0146102905273438 0.337799072265625 -0.10089111328125
0.118278503417969 0.00995635986328125 0.280242919921875 -0.149337768554687
0.125267028808594 0.0304794311523438 0.263900756835938 -0.116912841796875
0.08489990234375 0.096405029296875 0.248870849609375 -0.0238800048828125
-0.0107955932617188 0.12103271484375 0.182052612304688 0.00187683105468751
-0.101844787597656 0.0720291137695313 0.133346557617188 0.00420379638671875
-0.132881164550781 -0.0712356567382813 0.2020263671875 -0.019866943359375
-0.0534820556640625 -0.188919067382813 0.382293701171875 -0.047271728515625
0.060943603515625 -0.194168090820312 0.553802490234375 0.20257568359375
-0.270675659179688 -0.190658569335938 0.11871337890625 -0.126876831054688
-0.35882568359375 -0.013214111328125 -0.01641845703125 -0.0997695922851562
-0.244842529296875 0.2047119140625 -0.0995941162109375 0.0538787841796875
-0.01348876953125 0.29180908203125 0.01910400390625 0.172698974609375
0.138076782226563 0.2166748046875 0.131919860839844 0.136512756347656
0.2568359375 0.0804290771484375 0.260299682617187 0.02618408203125
0.256256103515625 -0.0180206298828125 0.26708984375 -0.08172607421875
0.22918701171875 0.005859375 0.210693359375 -0.128280639648438
0.250198364257813 0.030853271484375 0.1934814453125 -0.112869262695313
0.201004028320313 0.130218505859375 0.19207763671875 -0.0508880615234375
0.0648345947265625 0.206878662109375 0.141326904296875 -0.04656982421875
-0.0769195556640625 0.184585571289063 0.126937866210938 -0.0520553588867187
-0.207504272460938 0.028961181640625 0.226181030273437 -0.08074951171875
-0.20587158203125 -0.1197509765625 0.406219482421875 -0.08770751953125
-0.12030029296875 -0.169509887695313 0.58056640625 0.1531982421875
-0.418609619140625 -0.15869140625 0.0378875732421875 -0.175582885742188
-0.460601806640625 0.0521240234374999 -0.0714187622070313 -0.109718322753906
-0.30877685546875 0.275726318359375 -0.111373901367188 0.0331649780273438
-0.024627685546875 0.378936767578125 -0.00457000732421876 0.123695373535156
0.176239013671875 0.288909912109375 0.0620880126953125 0.0917587280273438
0.33758544921875 0.114990234375 0.160385131835938 0.016021728515625
0.337371826171875 -0.0191650390625 0.1600341796875 -0.0500030517578125
0.306671142578125 0.0006103515625 0.107994079589844 -0.0867843627929688
0.3399658203125 0.023529052734375 0.090057373046875 -0.0924606323242187
0.29595947265625 0.144989013671875 0.102348327636719 -0.0729827880859375
0.140838623046875 0.272003173828125 0.0751419067382813 -0.096405029296875
-0.035980224609375 0.289520263671875 0.105476379394531 -0.115180969238281
-0.266555786132813 0.145538330078125 0.239166259765625 -0.142776489257813
-0.349395751953125 -0.0243835449218749 0.401092529296875 -0.1136474609375
-0.296783447265625 -0.121917724609375 0.54541015625 0.1024169921875
-0.501129150390625 -0.091705322265625 -0.0750885009765625 -0.218795776367188
-0.49365234375 0.124359130859375 -0.141677856445313 -0.109527587890625
-0.316864013671875 0.322967529296875 -0.120941162109375 0.0171127319335938
-0.017303466796875 0.415496826171875 -0.0301780700683594 0.0651130676269532
0.195343017578125 0.316131591796875 -0.0171470642089844 0.0383644104003906
0.370208740234375 0.127471923828125 0.0401229858398438 0.00439453125000001
0.36767578125 -0.017852783203125 0.0322742462158203 -0.0119037628173828
0.33929443359375 -0.002655029296875 -0.00959396362304685 -0.0318660736083984
0.381500244140625 0.013397216796875 -0.03143310546875 -0.0552711486816406
0.350311279296875 0.142120361328125 -0.0124053955078125 -0.083740234375
0.1978759765625 0.30401611328125 -0.0134658813476562 -0.138557434082031
0.00897216796875002 0.364288330078125 0.0632781982421875 -0.173248291015625
-0.300689697265625 0.24847412109375 0.223556518554687 -0.193008422851562
-0.45367431640625 0.0708312988281251 0.34625244140625 -0.115875244140625
-0.428619384765625 -0.060089111328125 0.444305419921875 0.05810546875
-0.51361083984375 -0.00314331054687495 -0.198577880859375 -0.243637084960938
-0.450164794921875 0.194000244140625 -0.20953369140625 -0.098724365234375
-0.263214111328125 0.33782958984375 -0.1265869140625 0.0040435791015625
0.00885009765625001 0.390533447265625 -0.0592308044433594 0.00368499755859378
0.19580078125 0.287261962890625 -0.0945053100585937 -0.014434814453125
0.350860595703125 0.1138916015625 -0.0823822021484375 -0.00507354736328124
0.342529296875 -0.018951416015625 -0.0951461791992187 0.02685546875
0.32110595703125 -0.007110595703125 -0.126068115234375 0.0271453857421875
0.365264892578125 0.00653076171875 -0.152816772460937 -0.00932312011718752
0.342987060546875 0.123626708984375 -0.135978698730469 -0.083282470703125
0.21343994140625 0.29022216796875 -0.112808227539062 -0.166107177734375
0.041473388671875 0.373016357421875 0.00520324707031251 -0.215591430664063
-0.287750244140625 0.296600341796875 0.1766357421875 -0.215744018554687
-0.475799560546875 0.1407470703125 0.245315551757812 -0.0921630859375
-0.48114013671875 0.00299072265624993 0.292083740234375 0.021575927734375
-0.455810546875 0.091583251953125 -0.3167724609375 -0.2451171875
-0.344146728515625 0.24200439453125 -0.263580322265625 -0.0772857666015625
-0.162567138671875 0.308502197265625 -0.127525329589844 -0.00440216064453124
0.04656982421875 0.30181884765625 -0.0893096923828125 -0.0481109619140625
0.173248291015625 0.207748413085937 -0.159149169921875 -0.052398681640625
0.279190063476563 0.0752105712890625 -0.187301635742188 -0.00537109375
0.264312744140625 -0.0164337158203125 -0.201980590820312 0.0632171630859375
0.255447387695313 -0.0099334716796875 -0.221649169921875 0.0807647705078125
0.291534423828125 0.002166748046875 -0.255477905273437 0.0351715087890625
0.270858764648438 0.094390869140625 -0.244277954101562 -0.0759429931640625
0.174285888671875 0.227783203125 -0.19427490234375 -0.1776123046875
0.04736328125 0.300079345703125 -0.04791259765625 -0.2330322265625
-0.225631713867187 0.261138916015625 0.118270874023438 -0.206069946289062
-0.403900146484375 0.1634521484375 0.129447937011719 -0.0496444702148438
-0.43817138671875 0.059112548828125 0.126190185546875 -0.002105712890625
-0.34320068359375 0.168182373046875 -0.415191650390625 -0.224395751953125
-0.2042236328125 0.255355834960938 -0.303070068359375 -0.04754638671875
-0.0413665771484375 0.243545532226563 -0.1268310546875 -0.00118255615234374
0.082733154296875 0.175613403320312 -0.112579345703125 -0.0737991333007812
0.131431579589844 0.0959014892578125 -0.195785522460937 -0.0655364990234375
0.170257568359375 0.0200042724609375 -0.253677368164063 0.00332641601562498
0.148773193359375 -0.016021728515625 -0.271499633789063 0.094085693359375
0.151321411132813 -0.0117034912109375 -0.28472900390625 0.1226806640625
0.17315673828125 0.00433349609375 -0.32159423828125 0.0668029785156249
0.145843505859375 0.055389404296875 -0.3155517578125 -0.0697021484375
0.0904083251953125 0.126174926757813 -0.237548828125 -0.177810668945313
0.030731201171875 0.163818359375 -0.0739898681640625 -0.228866577148438
-0.120849609375 0.157257080078125 0.0720062255859375 -0.1719970703125
-0.244583129882813 0.141571044921875 0.0326747894287109 -0.00194740295410155
-0.30767822265625 0.105072021484375 -0.0205440521240235 -0.0126934051513672
-0.189651489257813 0.2152099609375 -0.489990234375 -0.183868408203125
-0.0579376220703125 0.23004150390625 -0.3353271484375 -0.01202392578125
0.0680084228515625 0.161376953125 -0.131546020507812 0.020721435546875
0.108619689941406 0.04388427734375 -0.1263427734375 -0.0659408569335938
0.077911376953125 -0.0189056396484375 -0.19970703125 -0.0506134033203125
0.0439224243164063 -0.0384902954101563 -0.274398803710938 0.0237884521484375
0.013214111328125 -0.0147638320922852 -0.29547119140625 0.1160888671875
0.0261631011962891 -0.0113124847412109 -0.305511474609375 0.14544677734375
0.0304298400878906 0.00431060791015625 -0.34375 0.08135986328125
-0.00116300582885742 0.00842952728271484 -0.338958740234375 -0.069091796875
-0.00806522369384766 0.00725889205932617 -0.236038208007812 -0.172027587890625
0.0107278823852539 0.00424289703369141 -0.0715179443359375 -0.212234497070313
0.00403022766113281 0.0323963165283203 0.0499725341796875 -0.127632141113281
-0.042694091796875 0.103927612304688 -0.0226058959960938 0.0385704040527344
-0.124832153320313 0.141860961914063 -0.117156982421875 -0.00772094726562501
-0.08831787109375 -0.179290771484375 0.164443969726563 -0.059326171875
-0.203414916992188 -0.05438232421875 0.022247314453125 -0.0712356567382812
-0.132980346679687 0.119758605957031 -0.082305908203125 0.0847320556640625
0.016204833984375 0.163619995117188 0.0450439453125 0.213150024414063
0.090301513671875 0.107810974121094 0.196258544921875 0.170761108398437
0.136886596679688 0.0199813842773438 0.333587646484375 0.03387451171875
0.135292053222656 -0.027435302734375 0.345672607421875 -0.1014404296875
0.116935729980469 -0.00205230712890625 0.288421630859375 -0.1470947265625
0.124977111816406 0.0162887573242187 0.271865844726563 -0.113189697265625
0.0917816162109375 0.0848922729492188 0.25543212890625 -0.01739501953125
0.00218200683593749 0.117431640625 0.180862426757812 0.00657653808593751
-0.092193603515625 0.0775604248046875 0.129478454589844 0.00311279296875
-0.13299560546875 -0.0566787719726562 0.206085205078125 -0.027618408203125
-0.0639495849609375 -0.176467895507812 0.3948974609375 -0.0498046875
0.0462188720703125 -0.188858032226562 0.56903076171875 0.21484375
-0.2850341796875 -0.1842041015625 0.128105163574219 -0.101409912109375
-0.362548828125 0.000152587890625033 -0.00571441650390628 -0.0849075317382813
-0.239486694335938 0.21356201171875 -0.0935134887695313 0.0591278076171875
-0.00311279296874997 0.290374755859375 0.0218658447265625 0.17596435546875
0.146133422851563 0.212295532226563 0.13446044921875 0.143356323242188
0.257171630859375 0.0687408447265625 0.2645263671875 0.0302581787109375
0.257232666015625 -0.02874755859375 0.277130126953125 -0.07708740234375
0.231658935546875 -0.0032196044921875 0.221343994140625 -0.121871948242188
0.253768920898438 0.01953125 0.201339721679688 -0.105361938476563
0.210601806640625 0.123870849609375 0.197265625 -0.0401153564453125
0.076324462890625 0.210067749023437 0.137069702148438 -0.0390396118164062
-0.072509765625 0.194839477539063 0.119972229003906 -0.0508804321289062
-0.216690063476562 0.0420379638671875 0.226806640625 -0.087615966796875
-0.223770141601563 -0.111862182617187 0.41534423828125 -0.090240478515625
-0.14031982421875 -0.17236328125 0.588134765625 0.16461181640625
-0.436859130859375 -0.15924072265625 0.0426177978515625 -0.15130615234375
-0.46881103515625 0.0618591308593749 -0.0635528564453125 -0.0933609008789063
-0.312408447265625 0.28387451171875 -0.106292724609375 0.0420303344726562
-0.019073486328125 0.381622314453125 -0.00126647949218751 0.130447387695313
0.18280029296875 0.289764404296875 0.0643157958984375 0.101364135742188
0.341094970703125 0.108642578125 0.164657592773438 0.02294921875
0.34344482421875 -0.0255126953125 0.171463012695313 -0.0438079833984375
0.31365966796875 -0.005096435546875 0.119888305664063 -0.0776138305664063
0.3489990234375 0.016143798828125 0.097412109375 -0.0812225341796875
0.306640625 0.143951416015625 0.105087280273438 -0.0602874755859375
0.150222778320313 0.280075073242188 0.0685806274414063 -0.0885238647460937
-0.0350341796875 0.302764892578125 0.0959854125976562 -0.114311218261719
-0.2823486328125 0.156890869140625 0.235763549804687 -0.149307250976562
-0.371856689453125 -0.0216064453125 0.40411376953125 -0.115020751953125
-0.317413330078125 -0.130126953125 0.54730224609375 0.1107177734375
-0.5218505859375 -0.100982666015625 -0.07586669921875 -0.19659423828125
-0.50701904296875 0.12713623046875 -0.137603759765625 -0.0930252075195313
-0.327484130859375 0.33282470703125 -0.117843627929688 0.0282058715820313
-0.019439697265625 0.424224853515625 -0.0267715454101562 0.07257080078125
0.200897216796875 0.32373046875 -0.0142478942871094 0.0487327575683594
0.377227783203125 0.12774658203125 0.0437545776367188 0.0126953125
0.378387451171875 -0.019866943359375 0.0431404113769531 -0.00400161743164063
0.348480224609375 -0.00457763671875 0.000724792480468774 -0.0213279724121094
0.39166259765625 0.0126953125 -0.0259857177734375 -0.042633056640625
0.360260009765625 0.1458740234375 -0.0115585327148437 -0.0701446533203125
0.203765869140625 0.315673828125 -0.0221176147460937 -0.130111694335937
0.00421142578124998 0.37774658203125 0.052886962890625 -0.17205810546875
-0.319427490234375 0.25616455078125 0.216094970703125 -0.19708251953125
-0.475982666015625 0.0694274902343751 0.343536376953125 -0.11688232421875
-0.44854736328125 -0.074188232421875 0.4400634765625 0.0609130859375
-0.53131103515625 -0.0185852050781249 -0.206497192382813 -0.227935791015625
-0.4664306640625 0.190216064453125 -0.211456298828125 -0.0815887451171875
-0.2801513671875 0.344146728515625 -0.124488830566406 0.016815185546875
0.000183105468749996 0.401275634765625 -0.0569610595703125 0.0121002197265625
0.1978759765625 0.301177978515625 -0.0925140380859375 -0.00394439697265625
0.358154296875 0.121337890625 -0.0795516967773437 0.00403594970703126
0.354339599609375 -0.014251708984375 -0.0870361328125 0.0345993041992187
0.332122802734375 -0.00347900390625 -0.117233276367187 0.0374603271484375
0.376373291015625 0.010284423828125 -0.150039672851562 0.00338745117187501
0.35211181640625 0.132080078125 -0.138191223144531 -0.0694732666015625
0.216033935546875 0.30499267578125 -0.12176513671875 -0.15777587890625
0.033782958984375 0.385345458984375 -0.00561523437499999 -0.212982177734375
-0.307647705078125 0.2994384765625 0.167068481445313 -0.218109130859375
-0.497222900390625 0.134490966796875 0.23870849609375 -0.0925750732421875
-0.497589111328125 -0.01531982421875 0.28338623046875 0.019439697265625
-0.468536376953125 0.073272705078125 -0.33038330078125 -0.23712158203125
-0.36187744140625 0.232025146484375 -0.273025512695313 -0.0629730224609375
-0.18109130859375 0.309906005859375 -0.127166748046875 0.00872039794921875
0.034210205078125 0.3134765625 -0.0872421264648438 -0.0402145385742187
0.172103881835938 0.223236083984375 -0.158828735351562 -0.0448150634765625
0.285888671875 0.087646484375 -0.187042236328125 0.00151062011718749
0.277206420898438 -0.007720947265625 -0.1982421875 0.07000732421875
0.265594482421875 -0.0030975341796875 -0.217300415039062 0.0894927978515625
0.303131103515625 0.011444091796875 -0.255615234375 0.04541015625
0.277191162109375 0.108154296875 -0.248565673828125 -0.065460205078125
0.171615600585938 0.242813110351563 -0.202407836914062 -0.171356201171875
0.0357666015625 0.3104248046875 -0.0569915771484375 -0.231170654296875
-0.243850708007812 0.258621215820313 0.108612060546875 -0.20635986328125
-0.41864013671875 0.150177001953125 0.120414733886719 -0.0503311157226563
-0.448974609375 0.037322998046875 0.113578796386719 -0.0110244750976562
-0.346893310546875 0.150787353515625 -0.432861328125 -0.223663330078125
-0.214920043945313 0.240753173828125 -0.317413330078125 -0.037994384765625
-0.057525634765625 0.239791870117188 -0.128440856933594 0.0105514526367187
0.068206787109375 0.182281494140625 -0.109970092773438 -0.06781005859375
0.125663757324219 0.109344482421875 -0.19500732421875 -0.0619964599609375
0.173294067382813 0.035369873046875 -0.256210327148438 0.00831604003906253
0.159225463867188 -0.004638671875 -0.272933959960937 0.0984649658203125
0.159835815429688 -0.002777099609375 -0.284088134765625 0.127471923828125
0.183700561523438 0.0146942138671875 -0.324432373046875 0.07427978515625
0.149856567382813 0.071441650390625 -0.322052001953125 -0.0634460449218751
0.084197998046875 0.142074584960937 -0.2445068359375 -0.174407958984375
0.017120361328125 0.1712646484375 -0.08099365234375 -0.228057861328125
-0.13775634765625 0.150070190429687 0.0637054443359375 -0.170486450195313
-0.25482177734375 0.12548828125 0.0220088958740234 -0.00388908386230468
-0.31231689453125 0.0831298828125001 -0.0335540771484375 -0.0277938842773437
-0.1844482421875 0.201446533203125 -0.50909423828125 -0.190643310546875
-0.0602569580078125 0.21502685546875 -0.35205078125 -0.00616455078124996
0.059417724609375 0.15118408203125 -0.132644653320313 0.0306625366210938
0.0947189331054687 0.0437698364257812 -0.124710083007813 -0.062164306640625
0.0692138671875 -0.0108795166015625 -0.1981201171875 -0.0510711669921875
0.0424995422363281 -0.0231399536132813 -0.277084350585938 0.0236968994140625
0.0203380584716797 -0.00181198120117187 -0.30010986328125 0.115966796875
0.0311851501464844 -0.00179481506347656 -0.309600830078125 0.14630126953125
0.0376472473144531 0.0172843933105469 -0.350616455078125 0.085357666015625
0.000871658325195313 0.0250949859619141 -0.346343994140625 -0.06671142578125
-0.0167198181152344 0.0215530395507812 -0.241592407226563 -0.1715087890625
-0.00299167633056641 0.00960636138916016 -0.0766143798828125 -0.212860107421875
-0.00983428955078125 0.0228767395019531 0.0436477661132813 -0.12664794921875
-0.0477981567382813 0.0859298706054688 -0.0328521728515625 0.0332660675048828
-0.121833801269531 0.122062683105469 -0.130889892578125 -0.0293502807617188
-0.0997467041015625 -0.168243408203125 0.183914184570312 -0.04205322265625
-0.204055786132813 -0.0359039306640625 0.0337409973144531 -0.0642356872558594
-0.122482299804688 0.129753112792969 -0.0771560668945313 0.0894088745117188
0.0309600830078125 0.160980224609375 0.0529327392578125 0.218658447265625
0.0999069213867188 0.0987625122070313 0.20599365234375 0.175430297851563
0.13629150390625 0.0049285888671875 0.3468017578125 0.029541015625
0.132583618164063 -0.0416717529296875 0.35980224609375 -0.11004638671875
0.116004943847656 -0.0149154663085937 0.29998779296875 -0.1552734375
0.125 0.00139617919921875 0.284576416015625 -0.11798095703125
0.100166320800781 0.0731124877929687 0.268707275390625 -0.0168914794921875
0.014190673828125 0.115203857421875 0.185165405273438 0.00923156738281251
-0.083740234375 0.0848159790039063 0.129074096679688 0.0018310546875
-0.134880065917969 -0.043609619140625 0.213821411132812 -0.03985595703125
-0.0758209228515625 -0.166259765625 0.41357421875 -0.061370849609375
0.0323944091796875 -0.186599731445313 0.600341796875 0.2210693359375
-0.306610107421875 -0.175933837890625 0.142730712890625 -0.0828857421875
-0.37152099609375 0.0203247070312499 0.00514221191406247 -0.0758132934570313
-0.23699951171875 0.228485107421875 -0.0894775390625 0.06585693359375
0.00924682617187499 0.294403076171875 0.027801513671875 0.182693481445313
0.1588134765625 0.209609985351562 0.144195556640625 0.151504516601563
0.26361083984375 0.056640625 0.276626586914063 0.0311737060546875
0.262924194335938 -0.04302978515625 0.29376220703125 -0.08270263671875
0.238845825195313 -0.0167236328125 0.235061645507813 -0.126190185546875
0.262985229492188 0.004669189453125 0.214111328125 -0.105178833007813
0.225814819335938 0.115890502929688 0.209060668945313 -0.0358123779296875
0.092437744140625 0.214935302734375 0.138618469238281 -0.0347518920898437
-0.0654754638671875 0.210037231445313 0.115669250488281 -0.0520706176757812
-0.22772216796875 0.0603790283203125 0.230743408203125 -0.10040283203125
-0.246688842773438 -0.101028442382812 0.430572509765625 -0.1009521484375
-0.164520263671875 -0.1734619140625 0.61480712890625 0.16998291015625
-0.465667724609375 -0.15478515625 0.0503768920898437 -0.13275146484375
-0.48724365234375 0.0794677734375 -0.056396484375 -0.081024169921875
-0.31695556640625 0.304351806640625 -0.102378845214844 0.0507278442382813
-0.010223388671875 0.392974853515625 0.00432586669921876 0.137771606445313
0.1983642578125 0.293975830078125 0.071990966796875 0.111526489257813
0.35308837890625 0.100830078125 0.174667358398438 0.02764892578125
0.3553466796875 -0.039520263671875 0.187210083007813 -0.044219970703125
0.3275146484375 -0.016876220703125 0.133415222167969 -0.076385498046875
0.3646240234375 0.0040283203125 0.106559753417969 -0.0750961303710938
0.326324462890625 0.14044189453125 0.112564086914063 -0.0521087646484375
0.167816162109375 0.2916259765625 0.0649795532226563 -0.0830078125
-0.030364990234375 0.324005126953125 0.08807373046875 -0.115303039550781
-0.30010986328125 0.177337646484375 0.235366821289062 -0.162124633789063
-0.40203857421875 -0.0107116699218751 0.412933349609375 -0.125
-0.348297119140625 -0.134979248046875 0.56591796875 0.11273193359375
-0.5538330078125 -0.0994873046875001 -0.077606201171875 -0.179794311523438
-0.530609130859375 0.143585205078125 -0.136482238769531 -0.0780029296875
-0.340972900390625 0.355133056640625 -0.114166259765625 0.03973388671875
-0.012725830078125 0.44158935546875 -0.0227279663085937 0.0810165405273438
0.217437744140625 0.335418701171875 -0.00925827026367185 0.0594329833984375
0.39300537109375 0.12615966796875 0.0503311157226563 0.0207672119140625
0.3958740234375 -0.0291748046875 0.0559272766113281 -0.000446319580078127
0.365966796875 -0.013641357421875 0.0119113922119141 -0.0154075622558594
0.41192626953125 0.00347900390625 -0.020334243774414 -0.0320491790771484
0.380767822265625 0.146728515625 -0.00988769531249998 -0.058837890625
0.22100830078125 0.3314208984375 -0.0304107666015625 -0.124732971191406
0.00933837890624997 0.40167236328125 0.0408172607421875 -0.173843383789063
-0.339874267578125 0.277191162109375 0.211044311523437 -0.208999633789062
-0.508514404296875 0.079376220703125 0.347747802734375 -0.126983642578125
-0.4801025390625 -0.0818481445312501 0.448883056640625 0.0601806640625
-0.561798095703125 -0.0216979980468749 -0.219253540039063 -0.214492797851562
-0.492828369140625 0.2020263671875 -0.217361450195313 -0.0650177001953125
-0.2984619140625 0.365875244140625 -0.12310791015625 0.0299301147460938
0.00180053710937501 0.42315673828125 -0.0536231994628906 0.0199317932128906
0.213165283203125 0.315887451171875 -0.0917587280273437 0.00550842285156254
0.377471923828125 0.125946044921875 -0.0787124633789062 0.01397705078125
0.3748779296875 -0.02020263671875 -0.0794754028320312 0.0425262451171875
0.351165771484375 -0.00885009765625 -0.1103515625 0.0471343994140625
0.39849853515625 0.005340576171875 -0.149246215820312 0.0168609619140625
0.3721923828125 0.137969970703125 -0.141876220703125 -0.0580291748046875
0.229217529296875 0.322509765625 -0.133331298828125 -0.151763916015625
0.0338134765625 0.408447265625 -0.0186767578125 -0.21331787109375
-0.33001708984375 0.317047119140625 0.159622192382813 -0.226089477539062
-0.527252197265625 0.140594482421875 0.236434936523437 -0.0981292724609375
-0.526885986328125 -0.0238952636718749 0.2822265625 0.014801025390625
-0.49224853515625 0.067535400390625 -0.353179931640625 -0.228668212890625
-0.383514404296875 0.236328125 -0.286651611328125 -0.0458374023437501
-0.199798583984375 0.326629638671875 -0.127799987792969 0.0218582153320313
0.02923583984375 0.333892822265625 -0.0867080688476563 -0.0334091186523437
0.181106567382813 0.239654541015625 -0.161209106445313 -0.0368804931640625
0.3023681640625 0.097198486328125 -0.190093994140625 0.0117950439453125
0.297271728515625 -0.007904052734375 -0.197463989257812 0.07928466796875
0.283294677734375 -0.00390625 -0.215438842773437 0.101242065429687
0.3243408203125 0.012298583984375 -0.259353637695313 0.0597381591796875
0.293792724609375 0.116851806640625 -0.257034301757813 -0.0531158447265625
0.179214477539062 0.261749267578125 -0.2166748046875 -0.166015625
0.032501220703125 0.329437255859375 -0.070404052734375 -0.231491088867187
-0.265213012695313 0.267929077148437 0.0990753173828125 -0.210983276367188
-0.442901611328125 0.152435302734375 0.11328125 -0.0531463623046875
-0.47100830078125 0.0264892578125 0.102897644042969 -0.0185546875
-0.359588623046875 0.14471435546875 -0.46453857421875 -0.22161865234375
-0.228973388671875 0.237716674804688 -0.3372802734375 -0.02197265625
-0.071685791015625 0.24530029296875 -0.130584716796875 0.0230789184570313
0.059539794921875 0.194793701171875 -0.112030029296875 -0.0638275146484375
0.127708435058594 0.124137878417969 -0.200424194335937 -0.05718994140625
0.184188842773438 0.047882080078125 -0.2623291015625 0.015289306640625
0.175216674804688 0.0015869140625 -0.278533935546875 0.107498168945313
0.17333984375 0.0015869140625 -0.288421630859375 0.139984130859375
0.19952392578125 0.020904541015625 -0.334228515625 0.088958740234375
0.16131591796875 0.0850372314453125 -0.335662841796875 -0.0517272949218749
0.0842742919921875 0.160140991210938 -0.25909423828125 -0.171142578125
0.0086669921875 0.185073852539063 -0.093048095703125 -0.229278564453125
-0.15673828125 0.15142822265625 0.0556640625 -0.173309326171875
-0.271591186523438 0.119552612304687 0.0130081176757812 -0.00528526306152343
-0.324920654296875 0.0705261230468749 -0.0508880615234375 -0.0405731201171875
-0.183319091796875 0.196502685546875 -0.543914794921875 -0.193023681640625
-0.0628204345703125 0.207534790039063 -0.374755859375 0.00750732421875002
0.053466796875 0.146621704101563 -0.134979248046875 0.0421066284179688
0.0843658447265625 0.0460357666015625 -0.124885559082031 -0.05926513671875
0.0635490417480469 -0.0021209716796875 -0.20306396484375 -0.0515289306640625
0.045257568359375 -0.00925445556640625 -0.285888671875 0.02777099609375
0.02850341796875 0.00847434997558594 -0.311065673828125 0.123931884765625
0.03857421875 0.00669097900390625 -0.3189697265625 0.157745361328125
0.0473403930664063 0.0270118713378906 -0.36279296875 0.096710205078125
0.006622314453125 0.0408782958984375 -0.36407470703125 -0.0590515136718751
-0.0216217041015625 0.0367088317871094 -0.25604248046875 -0.17169189453125
-0.0142660140991211 0.0171747207641602 -0.0863800048828125 -0.216644287109375
-0.0232868194580078 0.0173721313476562 0.0372772216796875 -0.129180908203125
-0.0554428100585938 0.07318115234375 -0.043060302734375 0.0297431945800781
-0.124244689941406 0.108741760253906 -0.150054931640625 -0.0464019775390625
-0.112472534179687 -0.155075073242188 0.20538330078125 -0.0339202880859375
-0.20367431640625 -0.0136566162109375 0.0455894470214844 -0.0610008239746094
-0.1080322265625 0.141525268554688 -0.0689468383789063 0.0949554443359375
0.0479888916015625 0.155807495117188 0.066436767578125 0.222259521484375
0.110466003417969 0.0868301391601563 0.22412109375 0.172470092773437
0.134384155273438 -0.01129150390625 0.361785888671875 0.01513671875
0.127334594726563 -0.0584259033203125 0.370849609375 -0.13201904296875
0.113731384277344 -0.0301513671875 0.308135986328125 -0.1739501953125
0.123977661132813 -0.0158843994140625 0.295501708984375 -0.13348388671875
0.107337951660156 0.0593948364257813 0.284423828125 -0.027618408203125
0.0282440185546875 0.110908508300781 0.193283081054688 0.00556945800781251
-0.0730514526367188 0.0924072265625 0.130271911621094 -0.00188446044921874
-0.135459899902344 -0.0276870727539062 0.218780517578125 -0.0584259033203125
-0.08935546875 -0.153717041015625 0.430908203125 -0.086029052734375
0.014617919921875 -0.18377685546875 0.64202880859375 0.2080078125
-0.330413818359375 -0.158416748046875 0.158843994140625 -0.0712890625
-0.378509521484375 0.049102783203125 0.0150642395019531 -0.0694961547851563
-0.227447509765625 0.249740600585938 -0.08184814453125 0.0737533569335938
0.02886962890625 0.2974853515625 0.0401611328125 0.188400268554688
0.176971435546875 0.202377319335938 0.15972900390625 0.154083251953125
0.270111083984375 0.038360595703125 0.291259765625 0.022705078125
0.266387939453125 -0.0652923583984375 0.307281494140625 -0.09967041015625
0.243453979492188 -0.0372467041015625 0.245742797851562 -0.139236450195312
0.271377563476563 -0.01806640625 0.2247314453125 -0.113311767578125
0.242706298828125 0.100860595703125 0.22198486328125 -0.040435791015625
0.114166259765625 0.2164306640625 0.140480041503906 -0.0350875854492187
-0.0514373779296875 0.2259521484375 0.111770629882813 -0.0558090209960937
-0.23553466796875 0.085540771484375 0.23040771484375 -0.119491577148438
-0.270370483398437 -0.081878662109375 0.44287109375 -0.125244140625
-0.193313598632813 -0.16754150390625 0.64935302734375 0.155517578125
-0.499542236328125 -0.13421630859375 0.0581130981445312 -0.118232727050781
-0.500762939453125 0.112640380859375 -0.0497665405273438 -0.07135009765625
-0.31341552734375 0.33502197265625 -0.0956497192382813 0.0603561401367188
0.00955200195312497 0.40570068359375 0.0140838623046875 0.144546508789063
0.2222900390625 0.292510986328125 0.0849685668945313 0.117958068847656
0.368865966796875 0.08392333984375 0.187744140625 0.0257415771484375
0.3665771484375 -0.062835693359375 0.201553344726563 -0.0537109375
0.3388671875 -0.03900146484375 0.145462036132813 -0.0827484130859375
0.37982177734375 -0.02032470703125 0.115730285644531 -0.0752639770507813
0.350189208984375 0.1251220703125 0.1214599609375 -0.0496063232421875
0.194915771484375 0.296783447265625 0.0612945556640625 -0.0803604125976562
-0.014007568359375 0.345489501953125 0.0796432495117188 -0.118598937988281
-0.31085205078125 0.20751953125 0.229507446289062 -0.180618286132813
-0.4322509765625 0.0150146484375 0.420867919921875 -0.147796630859375
-0.384246826171875 -0.125732421875 0.5916748046875 0.099365234375
-0.59039306640625 -0.0817871093750001 -0.0810394287109376 -0.163223266601563
-0.547821044921875 0.1771240234375 -0.13446044921875 -0.0627288818359375
-0.3424072265625 0.3895263671875 -0.108047485351563 0.0525360107421875
0.00473022460937498 0.461822509765625 -0.0150222778320313 0.08892822265625
0.2454833984375 0.33819580078125 -0.00187683105468749 0.0688858032226563
0.4156494140625 0.112518310546875 0.0594635009765625 0.0264701843261719
0.412689208984375 -0.0523681640625 0.06866455078125 -0.000778198242187503
0.38250732421875 -0.0345458984375 0.0234127044677735 -0.0128231048583984
0.432830810546875 -0.019775390625 -0.0143051147460937 -0.0226821899414063
0.408233642578125 0.134307861328125 -0.00670623779296872 -0.0498924255371094
0.25048828125 0.340057373046875 -0.0399932861328125 -0.118011474609375
0.0267333984375 0.42486572265625 0.02691650390625 -0.1751708984375
-0.35211181640625 0.312255859375 0.20062255859375 -0.224884033203125
-0.539886474609375 0.108184814453125 0.348175048828125 -0.144805908203125
-0.517730712890625 -0.0692138671874999 0.462249755859375 0.04681396484375
-0.59674072265625 -0.00537109375000009 -0.234039306640625 -0.195755004882813
-0.51348876953125 0.23004150390625 -0.222412109375 -0.0441131591796874
-0.302978515625 0.3994140625 -0.118873596191406 0.0441513061523438
0.01556396484375 0.44793701171875 -0.0498847961425781 0.0278205871582032
0.2392578125 0.325592041015625 -0.0899505615234375 0.017303466796875
0.402252197265625 0.11810302734375 -0.0751876831054687 0.02459716796875
0.395416259765625 -0.03741455078125 -0.0712738037109375 0.0498275756835938
0.37042236328125 -0.026123046875 -0.10174560546875 0.0567092895507813
0.421112060546875 -0.012725830078125 -0.14715576171875 0.033843994140625
0.398284912109375 0.130340576171875 -0.145248413085937 -0.0426177978515625
0.255889892578125 0.33343505859375 -0.148590087890625 -0.14202880859375
0.050750732421875 0.430908203125 -0.03692626953125 -0.2138671875
-0.342376708984375 0.348388671875 0.14581298828125 -0.237762451171875
-0.554656982421875 0.16748046875 0.2320556640625 -0.109603881835937
-0.5611572265625 -0.0135498046875001 0.282135009765625 0.004180908203125
-0.518463134765625 0.0774230957031251 -0.38018798828125 -0.2095947265625
-0.400634765625 0.256439208984375 -0.2987060546875 -0.021942138671875
-0.208221435546875 0.35198974609375 -0.126205444335938 0.0367813110351563
0.03717041015625 0.35504150390625 -0.0868606567382812 -0.026336669921875
0.201431274414062 0.251495361328125 -0.165084838867188 -0.0254669189453125
0.326324462890625 0.0958251953125 -0.192214965820312 0.026092529296875
0.318511962890625 -0.0189208984375 -0.194915771484375 0.09356689453125
0.301605224609375 -0.014495849609375 -0.211456298828125 0.117202758789062
0.34625244140625 0.000457763671875 -0.26153564453125 0.0835113525390625
0.31689453125 0.116241455078125 -0.267486572265625 -0.0333251953125
0.1982421875 0.275146484375 -0.235504150390625 -0.15374755859375
0.04071044921875 0.34808349609375 -0.0890350341796875 -0.229843139648438
-0.277984619140625 0.291046142578125 0.08514404296875 -0.217788696289062
-0.4669189453125 0.16949462890625 0.105606079101562 -0.0571746826171875
-0.496795654296875 0.0332031250000001 0.0914764404296875 -0.0271224975585937
-0.37164306640625 0.14935302734375 -0.4998779296875 -0.203094482421875
-0.23828125 0.245941162109375 -0.355743408203125 0.00332641601562498
-0.079559326171875 0.257354736328125 -0.130409240722656 0.0379867553710938
0.0583648681640625 0.209060668945313 -0.115074157714844 -0.0570755004882812
0.136978149414063 0.134750366210938 -0.207473754882813 -0.048248291015625
0.200302124023437 0.053466796875 -0.26959228515625 0.031585693359375
0.192611694335937 -0.0005950927734375 -0.2813720703125 0.12518310546875
0.187393188476562 -0.0013275146484375 -0.287750244140625 0.1600341796875
0.217864990234375 0.018341064453125 -0.340362548828125 0.114227294921875
0.17864990234375 0.091766357421875 -0.350311279296875 -0.0310363769531249
0.0938720703125 0.176132202148438 -0.279083251953125 -0.15948486328125
0.00805664062499999 0.200820922851562 -0.111236572265625 -0.228622436523437
-0.1715087890625 0.161575317382812 0.0431976318359375 -0.176467895507813
-0.2877197265625 0.123748779296875 0.004396915435791 -0.00524806976318359
-0.3402099609375 0.0684509277343751 -0.0705490112304688 -0.048370361328125
-0.179336547851563 0.196456909179688 -0.584228515625 -0.1778564453125
-0.061981201171875 0.204376220703125 -0.39569091796875 0.03240966796875
0.0500335693359375 0.143356323242188 -0.135543823242188 0.0563812255859375
0.07672119140625 0.0483551025390625 -0.129196166992188 -0.0536422729492188
0.0612754821777344 0.00490951538085938 -0.210983276367187 -0.044586181640625
0.0515365600585937 0.00086212158203125 -0.294830322265625 0.041168212890625
0.0391502380371094 0.0159645080566406 -0.319427490234375 0.14202880859375
0.0473785400390625 0.0113449096679688 -0.32183837890625 0.178253173828125
0.0597114562988281 0.0325202941894531 -0.37298583984375 0.12078857421875
0.0157890319824219 0.05474853515625 -0.383148193359375 -0.0389404296874999
-0.0223960876464844 0.0538864135742187 -0.276275634765625 -0.162811279296875
-0.0238609313964844 0.0267868041992188 -0.10284423828125 -0.217178344726562
-0.0377731323242187 0.0152740478515625 0.027587890625 -0.131423950195313
-0.0643424987792969 0.06475830078125 -0.0524177551269531 0.0303459167480469
-0.126602172851563 0.100410461425781 -0.174285888671875 -0.0552520751953125
-0.122451782226562 -0.136062622070313 0.225006103515625 -0.0336456298828125
-0.196884155273438 0.0106353759765625 0.0555458068847656 -0.060821533203125
-0.0888519287109375 0.148956298828125 -0.0581817626953125 0.0985336303710938
0.0644683837890625 0.143768310546875 0.083282470703125 0.218948364257813
0.117462158203125 0.0712051391601563 0.239944458007813 0.159378051757813
0.12725830078125 -0.0276947021484375 0.369049072265625 -0.009246826171875
0.116142272949219 -0.0740585327148438 0.36944580078125 -0.15997314453125
0.105575561523438 -0.045196533203125 0.304290771484375 -0.197021484375
0.116928100585938 -0.0335922241210938 0.29583740234375 -0.154998779296875
0.111358642578125 0.0423355102539063 0.291717529296875 -0.04583740234375
0.04193115234375 0.102081298828125 0.196548461914063 -0.00389099121093749
-0.0596389770507813 0.097198486328125 0.129554748535156 -0.00799560546874999
-0.131690979003906 -0.0107803344726563 0.21588134765625 -0.07958984375
-0.101493835449219 -0.137031555175781 0.433746337890625 -0.119903564453125
-0.0040130615234375 -0.175338745117188 0.672607421875 0.174072265625
-0.348388671875 -0.12939453125 0.173828125 -0.06573486328125
-0.372161865234375 0.0843200683593749 0.0244064331054687 -0.0662384033203125
-0.205963134765625 0.26849365234375 -0.0714492797851563 0.079437255859375
0.0521240234375 0.29168701171875 0.055328369140625 0.188186645507813
0.19378662109375 0.185531616210938 0.1761474609375 0.147109985351563
0.270477294921875 0.0157928466796875 0.300048828125 0.00604248046875
0.259857177734375 -0.0896759033203125 0.310394287109375 -0.122314453125
0.24029541015625 -0.060760498046875 0.2457275390625 -0.1573486328125
0.269851684570313 -0.045135498046875 0.22796630859375 -0.126998901367188
0.255264282226563 0.0773773193359375 0.230499267578125 -0.051910400390625
0.137802124023438 0.208419799804688 0.140518188476562 -0.0387039184570312
-0.03070068359375 0.236587524414062 0.105682373046875 -0.059326171875
-0.232757568359375 0.1124267578125 0.222198486328125 -0.13970947265625
-0.28741455078125 -0.05352783203125 0.4425048828125 -0.157684326171875
-0.219253540039063 -0.1512451171875 0.67413330078125 0.12255859375
-0.519683837890625 -0.098846435546875 0.065521240234375 -0.105552673339844
-0.49737548828125 0.15313720703125 -0.0422515869140625 -0.0618476867675781
-0.29400634765625 0.362701416015625 -0.0851364135742188 0.0690765380859375
0.036834716796875 0.407440185546875 0.027862548828125 0.147384643554688
0.2462158203125 0.277374267578125 0.0990676879882813 0.118461608886719
0.3770751953125 0.057098388671875 0.19769287109375 0.01824951171875
0.365325927734375 -0.0936279296875 0.208709716796875 -0.0687713623046875
0.339447021484375 -0.06829833984375 0.150527954101563 -0.09295654296875
0.384246826171875 -0.053741455078125 0.1214599609375 -0.07843017578125
0.367218017578125 0.098541259765625 0.127342224121094 -0.0524673461914062
0.22515869140625 0.2886962890625 0.05621337890625 -0.0775909423828125
0.0125732421875 0.357391357421875 0.0672683715820313 -0.119308471679687
-0.307281494140625 0.242401123046875 0.214157104492187 -0.199386596679687
-0.449066162109375 0.0523071289062499 0.414031982421875 -0.176666259765625
-0.4127197265625 -0.10125732421875 0.6055908203125 0.069091796875
-0.61474609375 -0.0431518554687499 -0.0820922851562501 -0.142913818359375
-0.548583984375 0.2197265625 -0.12896728515625 -0.0459442138671875
-0.3243408203125 0.4227294921875 -0.0979461669921875 0.0630416870117188
0.035308837890625 0.471405029296875 -0.0045166015625 0.09332275390625
0.27435302734375 0.32733154296875 0.00890350341796876 0.0750579833984375
0.43157958984375 0.0875244140625 0.0686225891113282 0.0279693603515625
0.4180908203125 -0.085479736328125 0.07843017578125 -0.00562286376953126
0.38775634765625 -0.06475830078125 0.0329036712646485 -0.01422119140625
0.44146728515625 -0.053741455078125 -0.0066261291503906 -0.0151882171630859
0.42822265625 0.108154296875 -0.0027503967285156 -0.0427665710449219
0.283111572265625 0.333160400390625 -0.0502166748046875 -0.107612609863281
0.055816650390625 0.436737060546875 0.0094757080078125 -0.172042846679687
-0.3468017578125 0.34747314453125 0.18121337890625 -0.2388916015625
-0.55340576171875 0.150146484375 0.337005615234375 -0.165618896484375
-0.544525146484375 -0.04156494140625 0.465057373046875 0.024169921875
-0.616943359375 0.0275268554687499 -0.245834350585938 -0.168746948242188
-0.51434326171875 0.2679443359375 -0.221145629882813 -0.0204925537109375
-0.29156494140625 0.433685302734375 -0.109954833984375 0.0574493408203125
0.04107666015625 0.46112060546875 -0.0440826416015625 0.0346031188964844
0.26898193359375 0.31939697265625 -0.0840988159179688 0.0283432006835938
0.42181396484375 0.09539794921875 -0.0683860778808593 0.0358238220214844
0.4063720703125 -0.06695556640625 -0.0609169006347656 0.055389404296875
0.3782958984375 -0.053009033203125 -0.0901031494140625 0.0648269653320312
0.434234619140625 -0.043060302734375 -0.139076232910156 0.0518417358398438
0.420013427734375 0.108306884765625 -0.14410400390625 -0.025421142578125
0.286102294921875 0.32977294921875 -0.1612548828125 -0.12506103515625
0.075592041015625 0.443084716796875 -0.0565643310546875 -0.206939697265625
-0.337249755859375 0.380584716796875 0.12408447265625 -0.245758056640625
-0.5672607421875 0.2060546875 0.221160888671875 -0.122146606445312
-0.58270263671875 0.0130004882812499 0.27655029296875 -0.01031494140625
-0.53057861328125 0.1021728515625 -0.40106201171875 -0.1766357421875
-0.402374267578125 0.28094482421875 -0.3017578125 0.00833129882812496
-0.201568603515625 0.377410888671875 -0.119049072265625 0.0517501831054687
0.05419921875 0.369171142578125 -0.085357666015625 -0.0173416137695312
0.223907470703125 0.25048828125 -0.164718627929688 -0.0105438232421875
0.344573974609375 0.08258056640625 -0.188674926757813 0.0438690185546875
0.33111572265625 -0.039337158203125 -0.186141967773437 0.108245849609375
0.31146240234375 -0.034271240234375 -0.198776245117187 0.134078979492188
0.360107421875 -0.021331787109375 -0.253570556640625 0.108642578125
0.337432861328125 0.10284423828125 -0.268630981445313 -0.00808715820312498
0.2225341796875 0.277359008789063 -0.249526977539063 -0.133193969726562
0.05865478515625 0.360137939453125 -0.108810424804688 -0.220367431640625
-0.27972412109375 0.315948486328125 0.0665283203125 -0.22015380859375
-0.475799560546875 0.196624755859375 0.0958404541015625 -0.06005859375
-0.51312255859375 0.0527648925781251 0.0775833129882812 -0.0344314575195312
-0.373931884765625 0.160919189453125 -0.527191162109375 -0.16766357421875
-0.237594604492187 0.256103515625 -0.36248779296875 0.0361633300781251
-0.0782623291015625 0.268875122070312 -0.125106811523438 0.0525970458984375
0.0630645751953125 0.219161987304688 -0.116905212402344 -0.047760009765625
0.14837646484375 0.138381958007813 -0.211135864257813 -0.0326995849609375
0.215560913085938 0.0501861572265625 -0.269210815429688 0.0523681640625
0.205780029296875 -0.00970458984375 -0.275588989257813 0.145217895507812
0.19775390625 -0.01043701171875 -0.277542114257813 0.18218994140625
0.232391357421875 0.006866455078125 -0.333648681640625 0.143798828125
0.195968627929688 0.08917236328125 -0.355865478515625 -0.000823974609374997
0.109130859375 0.185165405273438 -0.2945556640625 -0.13787841796875
0.014404296875 0.212020874023438 -0.130783081054688 -0.218292236328125
-0.178558349609375 0.175216674804688 0.0273284912109375 -0.175384521484375
-0.29693603515625 0.135467529296875 -0.00432920455932619 -0.00352716445922851
-0.348052978515625 0.07635498046875 -0.0904464721679688 -0.04986572265625
-0.170318603515625 0.1959228515625 -0.6131591796875 -0.14105224609375
-0.0576934814453125 0.198989868164063 -0.40472412109375 0.066986083984375
0.04779052734375 0.138877868652344 -0.130874633789062 0.0706024169921875
0.0702285766601563 0.0514717102050781 -0.131271362304688 -0.0443649291992187
0.0603256225585938 0.0109786987304688 -0.215621948242188 -0.0330657958984375
0.0590171813964844 0.00848388671875 -0.29644775390625 0.0605773925781251
0.0511360168457031 0.0194053649902344 -0.31634521484375 0.164642333984375
0.0554466247558594 0.013671875 -0.31329345703125 0.202392578125
0.0717086791992188 0.0341339111328125 -0.370880126953125 0.1522216796875
0.028411865234375 0.0641365051269531 -0.392730712890625 -0.00854492187499994
-0.0172958374023438 0.0693321228027344 -0.294097900390625 -0.14398193359375
-0.0289764404296875 0.037841796875 -0.121246337890625 -0.210586547851563
-0.0503997802734375 0.0174560546875 0.0158767700195312 -0.130477905273438
-0.0716171264648438 0.0598602294921875 -0.0594062805175781 0.0341415405273437
-0.126373291015625 0.0947341918945313 -0.198013305664063 -0.0548248291015625
-0.125068664550781 -0.115402221679687 0.2391357421875 -0.03558349609375
-0.18243408203125 0.0295562744140625 0.062896728515625 -0.0617256164550781
-0.06854248046875 0.148269653320312 -0.0475921630859375 0.0974502563476563
0.0751724243164062 0.12811279296875 0.095794677734375 0.20928955078125
0.1182861328125 0.0552291870117188 0.247711181640625 0.141876220703125
0.115737915039063 -0.038818359375 0.363861083984375 -0.031707763671875
0.101493835449219 -0.0832748413085938 0.3565673828125 -0.180999755859375
0.09423828125 -0.0556869506835937 0.290252685546875 -0.2115478515625
0.105728149414063 -0.0464630126953125 0.285614013671875 -0.170318603515625
0.10943603515625 0.025634765625 0.289703369140625 -0.0633544921875
0.0504684448242188 0.0903167724609375 0.195068359375 -0.0116729736328125
-0.0456161499023438 0.0973358154296875 0.125373840332031 -0.0127487182617187
-0.122543334960938 0.00363922119140624 0.204620361328125 -0.09478759765625
-0.105690002441406 -0.117782592773438 0.422637939453125 -0.144927978515625
-0.0189971923828125 -0.161880493164063 0.6802978515625 0.136962890625
-0.3499755859375 -0.098541259765625 0.185699462890625 -0.0616607666015625
-0.35467529296875 0.11126708984375 0.0325469970703125 -0.0637779235839844
-0.181793212890625 0.27532958984375 -0.0602188110351563 0.0804443359375
0.0700225830078125 0.277069091796875 0.067962646484375 0.182205200195313
0.200210571289062 0.165084838867187 0.185440063476563 0.135467529296875
0.262115478515625 -0.0039520263671875 0.300323486328125 -0.010040283203125
0.244232177734375 -0.108169555664063 0.303253173828125 -0.140533447265625
0.227996826171875 -0.0790557861328125 0.239288330078125 -0.169815063476563
0.258941650390625 -0.0679931640625 0.223709106445313 -0.137237548828125
0.256332397460938 0.0537261962890625 0.230270385742188 -0.063751220703125
0.153839111328125 0.193603515625 0.136802673339844 -0.0414276123046875
-0.010986328125 0.237106323242187 0.0980453491210938 -0.0599136352539062
-0.221588134765625 0.133209228515625 0.206573486328125 -0.152313232421875
-0.29083251953125 -0.024871826171875 0.426513671875 -0.178863525390625
-0.234725952148438 -0.129058837890625 0.67608642578125 0.0888671875
-0.5238037109375 -0.0633544921875 0.0738143920898437 -0.0942153930664063
-0.47760009765625 0.184295654296875 -0.0326461791992188 -0.0549163818359375
-0.267242431640625 0.376373291015625 -0.0736007690429688 0.0716552734375
0.061492919921875 0.39697265625 0.0393524169921875 0.143966674804688
0.259552001953125 0.2548828125 0.109092712402344 0.112648010253906
0.373046875 0.032562255859375 0.2017822265625 0.0088958740234375
0.352447509765625 -0.118408203125 0.207748413085938 -0.0816650390625
0.328765869140625 -0.09130859375 0.150177001953125 -0.1011962890625
0.375244140625 -0.0819091796875 0.123916625976563 -0.08154296875
0.37200927734375 0.070953369140625 0.1302490234375 -0.0561599731445313
0.245864868164063 0.27117919921875 0.0512619018554688 -0.073028564453125
0.036529541015625 0.356231689453125 0.0552139282226563 -0.11505126953125
-0.2923583984375 0.26556396484375 0.194122314453125 -0.207748413085937
-0.4488525390625 0.08660888671875 0.39617919921875 -0.19635009765625
-0.424652099609375 -0.0745239257812499 0.60107421875 0.04052734375
-0.61517333984375 -0.00665283203125009 -0.0783233642578126 -0.122390747070313
-0.530426025390625 0.2506103515625 -0.120231628417969 -0.0318603515625
-0.298858642578125 0.4429931640625 -0.085662841796875 0.0687255859375
0.061492919921875 0.465057373046875 0.00485992431640625 0.0936660766601563
0.291351318359375 0.30596923828125 0.01983642578125 0.0769424438476563
0.43157958984375 0.059295654296875 0.0764617919921875 0.0267715454101563
0.407806396484375 -0.112030029296875 0.084259033203125 -0.0123825073242188
0.379302978515625 -0.089813232421875 0.03912353515625 -0.0167655944824219
0.435455322265625 -0.08355712890625 0.00211906433105471 -0.00962638854980469
0.434326171875 0.080169677734375 0.00221633911132815 -0.0375747680664062
0.304168701171875 0.31585693359375 -0.0547714233398437 -0.0962066650390625
0.0814208984375 0.4346923828125 -0.00480651855468751 -0.162673950195312
-0.329681396484375 0.372161865234375 0.157821655273437 -0.242996215820312
-0.55023193359375 0.18682861328125 0.3194580078125 -0.178955078125
-0.55224609375 -0.0134887695312501 0.456634521484375 0.00225830078125
-0.616943359375 0.0584716796875 -0.245712280273438 -0.139846801757812
-0.49859619140625 0.293487548828125 -0.211807250976563 -6.10351562499381E-05
-0.269195556640625 0.452667236328125 -0.0980300903320313 0.0654144287109375
0.0664672851562501 0.460052490234375 -0.0366630554199219 0.0389404296875
0.287139892578125 0.3023681640625 -0.074981689453125 0.0362701416015625
0.428436279296875 0.07171630859375 -0.058502197265625 0.0433464050292969
0.401275634765625 -0.0919189453125 -0.0506668090820312 0.057098388671875
0.374725341796875 -0.075225830078125 -0.0772857666015625 0.0688095092773438
0.4305419921875 -0.07086181640625 -0.125053405761719 0.064117431640625
0.426971435546875 0.083221435546875 -0.136512756347656 -0.0113906860351562
0.30743408203125 0.3167724609375 -0.166213989257813 -0.106353759765625
0.099151611328125 0.440521240234375 -0.0714874267578125 -0.192596435546875
-0.321044921875 0.400726318359375 0.102310180664062 -0.24444580078125
-0.561248779296875 0.237152099609375 0.20526123046875 -0.128173828125
-0.5860595703125 0.03985595703125 0.264068603515625 -0.0217437744140625
-0.52825927734375 0.123260498046875 -0.405487060546875 -0.141082763671875
-0.392181396484375 0.2978515625 -0.293670654296875 0.03369140625
-0.188232421875 0.393096923828125 -0.109138488769531 0.061553955078125
0.0703125 0.373321533203125 -0.0809478759765625 -0.00959014892578123
0.239028930664063 0.2418212890625 -0.157638549804687 0.002288818359375
0.354278564453125 0.0653076171875 -0.178634643554688 0.0578460693359375
0.3319091796875 -0.059417724609375 -0.173110961914062 0.117385864257812
0.311920166015625 -0.051483154296875 -0.182418823242188 0.14288330078125
0.361480712890625 -0.043731689453125 -0.237014770507813 0.126876831054687
0.346771240234375 0.085205078125 -0.260452270507813 0.0134429931640625
0.239837646484375 0.270462036132813 -0.253494262695313 -0.10980224609375
0.075347900390625 0.361114501953125 -0.123062133789063 -0.203994750976562
-0.268829345703125 0.331085205078125 0.048004150390625 -0.21435546875
-0.4716796875 0.218597412109375 0.0849761962890625 -0.0603713989257812
-0.512664794921875 0.070281982421875 0.0628738403320312 -0.0370826721191406
-0.367156982421875 0.167633056640625 -0.5361328125 -0.129150390625
-0.23114013671875 0.259017944335938 -0.3565673828125 0.0648193359375001
-0.0748291015625 0.274368286132813 -0.116859436035156 0.0632858276367188
0.06793212890625 0.223907470703125 -0.114486694335938 -0.0379791259765625
0.157012939453125 0.136260986328125 -0.206863403320312 -0.0188751220703125
0.224655151367188 0.0431365966796875 -0.260467529296875 0.06878662109375
0.2117919921875 -0.02008056640625 -0.262191772460938 0.159942626953125
0.20208740234375 -0.019378662109375 -0.259445190429688 0.194869995117188
0.23797607421875 -0.00579833984375 -0.31683349609375 0.16571044921875
0.20782470703125 0.082672119140625 -0.347900390625 0.0263366699218751
0.121200561523438 0.18719482421875 -0.2984619140625 -0.114013671875
0.0210418701171875 0.217575073242187 -0.143707275390625 -0.2032470703125
-0.178726196289063 0.185760498046875 0.0140533447265625 -0.168441772460938
-0.29718017578125 0.145721435546875 -0.0105657577514649 -7.53402709960833E-05
-0.34661865234375 0.0816650390625 -0.107589721679688 -0.046905517578125
-0.1593017578125 0.190505981445312 -0.62322998046875 -0.10345458984375
-0.0542449951171875 0.190597534179688 -0.399627685546875 0.095489501953125
0.0447158813476562 0.133964538574219 -0.122291564941406 0.0808944702148437
0.0637359619140625 0.0544166564941406 -0.129615783691406 -0.035675048828125
0.0590972900390625 0.0155792236328125 -0.2137451171875 -0.0206451416015625
0.0666732788085938 0.0123100280761719 -0.28961181640625 0.076812744140625
0.0608673095703125 0.0199089050292969 -0.30426025390625 0.17999267578125
0.0627174377441406 0.0138587951660156 -0.296875 0.21795654296875
0.08123779296875 0.0315475463867187 -0.3558349609375 0.175079345703125
0.0410957336425781 0.0677833557128906 -0.387298583984375 0.02069091796875
-0.00995635986328125 0.0804290771484375 -0.298797607421875 -0.12042236328125
-0.0307083129882813 0.0480461120605469 -0.133621215820313 -0.1966552734375
-0.0609397888183594 0.0211067199707031 0.00548553466796875 -0.125053405761719
-0.0783004760742188 0.0562210083007813 -0.0641555786132812 0.0371437072753906
-0.125381469726563 0.0879364013671875 -0.215484619140625 -0.050140380859375
-0.12066650390625 -0.0991287231445312 0.249908447265625 -0.0347442626953125
-0.166488647460938 0.0403900146484375 0.0697135925292969 -0.0618705749511719
-0.055023193359375 0.142288208007813 -0.0396194458007813 0.0932998657226563
0.0782470703125 0.113250732421875 0.10107421875 0.200531005859375
0.114006042480469 0.0435867309570313 0.246490478515625 0.130615234375
0.104942321777344 -0.04486083984375 0.355010986328125 -0.043731689453125
0.0885391235351563 -0.0869522094726562 0.342864990234375 -0.1884765625
0.0830459594726563 -0.0609359741210937 0.27935791015625 -0.215866088867188
0.0941009521484375 -0.0537185668945313 0.27685546875 -0.175506591796875
0.103286743164063 0.0145416259765625 0.2841796875 -0.07208251953125
0.054107666015625 0.0789794921875 0.190841674804688 -0.015594482421875
-0.03607177734375 0.0936126708984375 0.12158203125 -0.01385498046875
-0.112197875976563 0.0110397338867187 0.194061279296875 -0.102249145507812
-0.104942321777344 -0.10284423828125 0.4095458984375 -0.15576171875
-0.02716064453125 -0.147186279296875 0.6744384765625 0.1162109375
-0.34332275390625 -0.07879638671875 0.197128295898437 -0.056243896484375
-0.33453369140625 0.12347412109375 0.0400657653808594 -0.0613517761230469
-0.164154052734375 0.272064208984375 -0.0517730712890625 0.07769775390625
0.0764312744140625 0.262527465820313 0.07470703125 0.1746826171875
0.1981201171875 0.1494140625 0.188156127929688 0.127120971679688
0.25079345703125 -0.0143890380859375 0.296234130859375 -0.019500732421875
0.22918701171875 -0.116134643554688 0.29510498046875 -0.1485595703125
0.215652465820312 -0.0877227783203125 0.2320556640625 -0.174057006835937
0.246627807617188 -0.0800628662109375 0.219528198242187 -0.1402587890625
0.2520751953125 0.037872314453125 0.227828979492188 -0.0694122314453125
0.160110473632813 0.179656982421875 0.133766174316406 -0.04083251953125
0.00138854980468749 0.232803344726562 0.0927352905273438 -0.0565872192382812
-0.209609985351562 0.143386840820313 0.193328857421875 -0.156341552734375
-0.288299560546875 -0.00576782226562505 0.411224365234375 -0.187530517578125
-0.2410888671875 -0.112197875976563 0.66668701171875 0.07330322265625
-0.51544189453125 -0.0429687499999999 0.0852737426757812 -0.0825271606445313
-0.45721435546875 0.19818115234375 -0.0235557556152344 -0.0494346618652344
-0.245635986328125 0.376922607421875 -0.0640106201171875 0.0712203979492188
0.071197509765625 0.38433837890625 0.0465164184570313 0.139236450195313
0.26068115234375 0.238525390625 0.115615844726563 0.107933044433594
0.36376953125 0.019195556640625 0.20281982421875 0.0037841796875
0.33758544921875 -0.1300048828125 0.206085205078125 -0.0886383056640625
0.315765380859375 -0.102783203125 0.149063110351563 -0.103958129882813
0.3626708984375 -0.098358154296875 0.125885009765625 -0.0814590454101563
0.36767578125 0.052978515625 0.131637573242188 -0.0575103759765625
0.253860473632813 0.257492065429687 0.0482254028320313 -0.0678939819335938
0.050018310546875 0.35162353515625 0.0486831665039063 -0.107856750488281
-0.280349731445312 0.27679443359375 0.1778564453125 -0.207534790039062
-0.444366455078125 0.105712890625 0.3795166015625 -0.19915771484375
-0.428680419921875 -0.057769775390625 0.589111328125 0.02862548828125
-0.60821533203125 0.01129150390625 -0.0675277709960938 -0.105491638183594
-0.510406494140625 0.262237548828125 -0.108619689941406 -0.0234832763671875
-0.279754638671875 0.446929931640625 -0.076019287109375 0.0694656372070313
0.071746826171875 0.456451416015625 0.0122528076171875 0.0925369262695313
0.29608154296875 0.289764404296875 0.0276718139648438 0.0762710571289063
0.426788330078125 0.045501708984375 0.0818710327148438 0.0259628295898438
0.395111083984375 -0.125946044921875 0.08782958984375 -0.0167160034179688
0.36846923828125 -0.1016845703125 0.0444526672363281 -0.0187644958496094
0.423980712890625 -0.100555419921875 0.010188102722168 -0.00696754455566407
0.432220458984375 0.061614990234375 0.00761604309082034 -0.0344390869140625
0.3138427734375 0.301910400390625 -0.0564804077148437 -0.0858917236328125
0.093475341796875 0.42919921875 -0.01202392578125 -0.152053833007812
-0.316802978515625 0.381744384765625 0.141998291015625 -0.237838745117187
-0.543548583984375 0.203826904296875 0.303070068359375 -0.180267333984375
-0.552520751953125 0.000457763671874893 0.4423828125 -0.004486083984375
-0.60986328125 0.0713500976562499 -0.236923217773438 -0.1192626953125
-0.485687255859375 0.303131103515625 -0.199996948242188 0.0110931396484375
-0.25494384765625 0.458587646484375 -0.0880661010742188 0.06793212890625
0.076751708984375 0.456390380859375 -0.0301132202148438 0.0406265258789063
0.292724609375 0.28973388671875 -0.0662956237792969 0.0404205322265625
0.4256591796875 0.057403564453125 -0.0492897033691406 0.0460014343261719
0.393157958984375 -0.1055908203125 -0.0418205261230468 0.0560455322265625
0.367218017578125 -0.086517333984375 -0.0671958923339844 0.0683860778808594
0.422515869140625 -0.08685302734375 -0.112556457519531 0.0695571899414062
0.426666259765625 0.06744384765625 -0.127388000488281 -0.00326538085937497
0.314849853515625 0.305572509765625 -0.164810180664062 -0.0927276611328125
0.110076904296875 0.434173583984375 -0.0774383544921875 -0.17926025390625
-0.310699462890625 0.40899658203125 0.0881195068359375 -0.23553466796875
-0.552764892578125 0.25244140625 0.19256591796875 -0.126022338867187
-0.58282470703125 0.0482788085937499 0.250213623046875 -0.0242767333984375
-0.523529052734375 0.127838134765625 -0.398040771484375 -0.118377685546875
-0.3843994140625 0.29949951171875 -0.283203125 0.0482177734375
-0.181304931640625 0.397552490234375 -0.09991455078125 0.0654373168945313
0.077117919921875 0.37384033203125 -0.0754776000976562 -0.00540161132812499
0.24444580078125 0.234283447265625 -0.14910888671875 0.00933837890625003
0.356231689453125 0.055145263671875 -0.167739868164062 0.064605712890625
0.33087158203125 -0.06964111328125 -0.1619873046875 0.119338989257813
0.30865478515625 -0.060699462890625 -0.168411254882812 0.1441650390625
0.359100341796875 -0.0548095703125 -0.2203369140625 0.1341552734375
0.3494873046875 0.073974609375 -0.2489013671875 0.025543212890625
0.248641967773437 0.26458740234375 -0.250442504882813 -0.0943450927734375
0.081817626953125 0.358978271484375 -0.127670288085938 -0.1890869140625
-0.26312255859375 0.337158203125 0.0377655029296875 -0.204437255859375
-0.466156005859375 0.22735595703125 0.0761337280273437 -0.0567779541015625
-0.5078125 0.0731201171875001 0.0495758056640625 -0.0355987548828125
-0.362152099609375 0.163665771484375 -0.531097412109375 -0.105987548828125
-0.229446411132812 0.254730224609375 -0.347381591796875 0.0800781250000001
-0.0757598876953125 0.27593994140625 -0.108665466308594 0.0679550170898438
0.0686187744140625 0.22857666015625 -0.109809875488281 -0.0325393676757812
0.159194946289063 0.1365966796875 -0.19940185546875 -0.0115203857421874
0.230667114257813 0.039520263671875 -0.249053955078125 0.0776367187500001
0.215591430664062 -0.0260009765625 -0.250564575195313 0.164154052734375
0.20355224609375 -0.0244598388671875 -0.244796752929688 0.197418212890625
0.240478515625 -0.0132598876953125 -0.299591064453125 0.174041748046875
0.214065551757813 0.0774688720703125 -0.335601806640625 0.040496826171875
0.129470825195313 0.188796997070313 -0.294342041015625 -0.097930908203125
0.0240325927734375 0.220138549804688 -0.14703369140625 -0.189483642578125
-0.18072509765625 0.190948486328125 0.00691223144531248 -0.159622192382813
-0.297760009765625 0.14794921875 -0.0162162780761719 0.00321578979492188
-0.344696044921875 0.078155517578125 -0.119453430175781 -0.0437240600585937
-0.153854370117188 0.17919921875 -0.61810302734375 -0.0817260742187501
-0.0563507080078125 0.180191040039063 -0.389862060546875 0.110595703125
0.0371246337890625 0.129928588867188 -0.114776611328125 0.0854263305664063
0.0570106506347656 0.0602188110351563 -0.124794006347656 -0.0307998657226562
0.0584754943847656 0.02117919921875 -0.207672119140625 -0.014892578125
0.0733566284179688 0.01544189453125 -0.280776977539063 0.08367919921875
0.0687751770019531 0.0189323425292969 -0.29443359375 0.185791015625
0.068023681640625 0.0144004821777344 -0.282196044921875 0.2210693359375
0.088348388671875 0.0299911499023438 -0.339813232421875 0.1851806640625
0.05108642578125 0.0699882507324219 -0.37640380859375 0.037078857421875
-0.00292205810546875 0.0882949829101563 -0.295440673828125 -0.1060791015625
-0.0320014953613281 0.0563926696777344 -0.13739013671875 -0.185653686523437
-0.0697021484375 0.0254249572753906 0.000381469726562493 -0.11859130859375
-0.0854568481445313 0.0529632568359375 -0.0688247680664062 0.0387687683105469
-0.125740051269531 0.077606201171875 -0.228347778320313 -0.04754638671875
-0.115211486816406 -0.089447021484375 0.2645263671875 -0.0310821533203125
-0.155258178710938 0.045318603515625 0.0781707763671875 -0.0618972778320312
-0.0468673706054688 0.137466430664063 -0.0352630615234375 0.0896987915039063
0.0789337158203125 0.1031494140625 0.103713989257813 0.1953125
0.11083984375 0.0366744995117188 0.245651245117187 0.126174926757813
0.0978775024414062 -0.0474166870117187 0.35223388671875 -0.047576904296875
0.0797119140625 -0.0880966186523438 0.340423583984375 -0.19268798828125
0.0752639770507813 -0.063690185546875 0.2764892578125 -0.216445922851563
0.0858917236328125 -0.0581207275390625 0.275238037109375 -0.17730712890625
0.099395751953125 0.00678253173828125 0.283599853515625 -0.075347900390625
0.0553436279296875 0.0710296630859375 0.190078735351563 -0.0160675048828125
-0.0306549072265625 0.0899505615234375 0.120498657226562 -0.0123138427734375
-0.104499816894531 0.0146484375 0.189773559570313 -0.106155395507813
-0.102325439453125 -0.0937042236328125 0.406341552734375 -0.159881591796875
-0.0302886962890625 -0.135223388671875 0.6767578125 0.11328125
-0.339874267578125 -0.06939697265625 0.2119140625 -0.0486297607421875
-0.322998046875 0.127593994140625 0.0491065979003906 -0.0598602294921875
-0.15606689453125 0.26934814453125 -0.046966552734375 0.0748748779296875
0.077911376953125 0.254241943359375 0.07781982421875 0.171356201171875
0.195693969726563 0.142730712890625 0.189498901367188 0.124221801757813
0.24456787109375 -0.0179443359375 0.296661376953125 -0.023223876953125
0.220977783203125 -0.120223999023438 0.294952392578125 -0.151947021484375
0.208358764648438 -0.09197998046875 0.232147216796875 -0.174407958984375
0.238632202148438 -0.0868377685546875 0.22125244140625 -0.141082763671875
0.249771118164062 0.0292205810546875 0.229568481445313 -0.0719757080078125
0.164794921875 0.172988891601563 0.133369445800781 -0.0387039184570312
0.007659912109375 0.23236083984375 0.091064453125 -0.0529403686523437
-0.204498291015625 0.1505126953125 0.1868896484375 -0.156570434570313
-0.28948974609375 0.00598144531249997 0.405853271484375 -0.188568115234375
-0.247390747070312 -0.10186767578125 0.66845703125 0.07110595703125
-0.51300048828125 -0.03509521484375 0.0987091064453125 -0.0736160278320313
-0.44879150390625 0.202850341796875 -0.0146598815917969 -0.0460624694824219
-0.23931884765625 0.37677001953125 -0.0584373474121094 0.0691986083984375
0.07373046875 0.379486083984375 0.0504302978515625 0.137519836425781
0.259567260742188 0.232177734375 0.118690490722656 0.106117248535156
0.36029052734375 0.013885498046875 0.206253051757813 0.0013275146484375
0.330322265625 -0.135345458984375 0.208145141601563 -0.0919189453125
0.3116455078125 -0.107452392578125 0.152297973632813 -0.105239868164063
0.357666015625 -0.10540771484375 0.130805969238281 -0.0807113647460938
0.3675537109375 0.04400634765625 0.135215759277344 -0.058013916015625
0.259979248046875 0.252059936523438 0.048828125 -0.063446044921875
0.05535888671875 0.353179931640625 0.0461273193359375 -0.101188659667969
-0.2781982421875 0.285400390625 0.170394897460937 -0.205368041992187
-0.445892333984375 0.117889404296875 0.3734130859375 -0.198944091796875
-0.435028076171875 -0.0504760742187499 0.5860595703125 0.02923583984375
-0.60882568359375 0.0164184570312501 -0.0559234619140625 -0.0954513549804688
-0.506622314453125 0.265472412109375 -0.100105285644531 -0.0188751220703125
-0.27435302734375 0.4498291015625 -0.0704498291015625 0.0686569213867188
0.0751953125 0.455963134765625 0.0170745849609375 0.0917205810546875
0.297149658203125 0.285491943359375 0.0328292846679688 0.0762557983398438
0.426055908203125 0.0394287109375 0.0881805419921875 0.025909423828125
0.391937255859375 -0.13262939453125 0.0923919677734375 -0.0190887451171875
0.36639404296875 -0.107147216796875 0.049957275390625 -0.0204620361328125
0.4222412109375 -0.10894775390625 0.0171031951904297 -0.00536441802978516
0.4334716796875 0.053375244140625 0.0127754211425781 -0.0329360961914062
0.32025146484375 0.298675537109375 -0.0549468994140625 -0.079559326171875
0.098388671875 0.430328369140625 -0.014434814453125 -0.144149780273437
-0.317230224609375 0.389495849609375 0.134201049804687 -0.233062744140625
-0.545928955078125 0.213623046875 0.29730224609375 -0.177032470703125
-0.55865478515625 0.00503540039062505 0.437530517578125 -0.00299072265625
-0.61358642578125 0.0717773437500001 -0.228256225585938 -0.106292724609375
-0.484039306640625 0.304443359375 -0.192276000976563 0.0181884765625
-0.252899169921875 0.46575927734375 -0.0825729370117188 0.0688247680664063
0.080535888671875 0.460296630859375 -0.0253677368164062 0.04132080078125
0.296722412109375 0.28765869140625 -0.0602874755859375 0.0411338806152344
0.429962158203125 0.05218505859375 -0.0418663024902343 0.0473175048828125
0.393157958984375 -0.1112060546875 -0.0366096496582031 0.055267333984375
0.36663818359375 -0.091461181640625 -0.0604705810546875 0.0669784545898438
0.422760009765625 -0.0938720703125 -0.102645874023437 0.0725631713867187
0.43096923828125 0.06280517578125 -0.120681762695312 0.00045776367187499
0.322479248046875 0.304443359375 -0.163177490234375 -0.0850830078125
0.112091064453125 0.437713623046875 -0.0793914794921875 -0.170501708984375
-0.31280517578125 0.41680908203125 0.08197021484375 -0.229217529296875
-0.555938720703125 0.2589111328125 0.186813354492187 -0.121810913085938
-0.5892333984375 0.04852294921875 0.2418212890625 -0.022216796875
-0.527862548828125 0.122772216796875 -0.39471435546875 -0.107208251953125
-0.388519287109375 0.29864501953125 -0.27777099609375 0.055999755859375
-0.182647705078125 0.405853271484375 -0.0947647094726562 0.0677337646484375
0.0791015625 0.38238525390625 -0.0716400146484375 -0.00412750244140624
0.248138427734375 0.236068725585937 -0.143463134765625 0.0112152099609375
0.36309814453125 0.052276611328125 -0.160614013671875 0.0670166015625
0.3338623046875 -0.07489013671875 -0.157058715820312 0.118881225585938
0.31134033203125 -0.06329345703125 -0.161666870117187 0.143905639648438
0.3619384765625 -0.060546875 -0.210952758789063 0.137374877929687
0.355438232421875 0.07080078125 -0.241470336914062 0.0305938720703125
0.255142211914063 0.26605224609375 -0.2479248046875 -0.086151123046875
0.08349609375 0.363494873046875 -0.12969970703125 -0.180572509765625
-0.2691650390625 0.343505859375 0.032623291015625 -0.196670532226562
-0.471343994140625 0.23236083984375 0.0713424682617187 -0.0524673461914062
-0.513824462890625 0.06866455078125 0.0389175415039062 -0.0333480834960937
-0.365753173828125 0.156341552734375 -0.53179931640625 -0.0967407226562501
-0.236251831054688 0.250534057617187 -0.344818115234375 0.088775634765625
-0.0819549560546875 0.281005859375 -0.104881286621094 0.0706710815429688
0.0670928955078125 0.237396240234375 -0.107322692871094 -0.0305938720703125
0.161666870117188 0.140701293945313 -0.195816040039062 -0.00862121582031252
0.238418579101563 0.0396881103515625 -0.243850708007813 0.08062744140625
0.222030639648438 -0.02935791015625 -0.246780395507813 0.165802001953125
0.208358764648438 -0.025665283203125 -0.238845825195313 0.197525024414062
0.245956420898438 -0.0160064697265625 -0.29156494140625 0.17822265625
0.22222900390625 0.0765380859375 -0.329010009765625 0.04705810546875
0.135833740234375 0.19287109375 -0.29266357421875 -0.090087890625
0.0234527587890625 0.226455688476563 -0.149444580078125 -0.182342529296875
-0.188491821289063 0.194931030273438 0.00347900390625 -0.153717041015625
-0.304779052734375 0.1478271484375 -0.0211658477783203 0.00644111633300782
-0.34954833984375 0.071075439453125 -0.131668090820313 -0.0431060791015625
-0.1566162109375 0.16864013671875 -0.62109375 -0.0755004882812499
-0.063720703125 0.172073364257813 -0.390167236328125 0.11669921875
0.029541015625 0.130363464355469 -0.111602783203125 0.0869522094726563
0.0527534484863281 0.0676231384277344 -0.122467041015625 -0.0294723510742187
0.058380126953125 0.0269889831542969 -0.205459594726563 -0.013763427734375
0.0802841186523438 0.0180816650390625 -0.27825927734375 0.085968017578125
0.0775680541992188 0.0183944702148438 -0.291656494140625 0.187469482421875
0.0741729736328125 0.0145263671875 -0.278976440429688 0.2215576171875
0.0945053100585938 0.0293807983398438 -0.33331298828125 0.18878173828125
0.0592803955078125 0.0712356567382813 -0.3707275390625 0.045501708984375
0.00273895263671875 0.0953903198242188 -0.294891357421875 -0.09906005859375
-0.0332221984863281 0.0628776550292969 -0.139999389648438 -0.179824829101563
-0.0776290893554687 0.0292892456054688 -0.00215148925781251 -0.114128112792969
-0.09344482421875 0.05010986328125 -0.0741729736328125 0.0401229858398437
-0.130058288574219 0.0680007934570313 -0.2423095703125 -0.0479888916015624
-0.111717224121094 -0.0840072631835937 0.286529541015625 -0.028900146484375
-0.147735595703125 0.0502777099609375 0.0883636474609375 -0.0634536743164063
-0.0413131713867187 0.135658264160156 -0.0323867797851563 0.0875091552734375
0.080169677734375 0.09674072265625 0.108016967773438 0.196548461914063
0.110137939453125 0.0316238403320313 0.251373291015625 0.125823974609375
0.0934066772460938 -0.0499954223632813 0.35791015625 -0.0526123046875
0.0737686157226563 -0.08978271484375 0.347412109375 -0.2003173828125
0.0697822570800781 -0.0668869018554688 0.282073974609375 -0.2225341796875
0.0799026489257813 -0.062957763671875 0.280624389648438 -0.18182373046875
0.097198486328125 0.0009765625 0.288787841796875 -0.080078125
0.0575523376464844 0.0662727355957031 0.1949462890625 -0.0168914794921875
-0.0271072387695313 0.0889663696289063 0.123054504394531 -0.0114212036132812
-0.099395751953125 0.0170440673828125 0.189422607421875 -0.111465454101563
-0.10247802734375 -0.087646484375 0.414947509765625 -0.16552734375
-0.0321807861328125 -0.126953125 0.69488525390625 0.11578369140625
-0.344207763671875 -0.0655212402343749 0.232940673828125 -0.04364013671875
-0.321624755859375 0.134490966796875 0.0587997436523437 -0.0595016479492187
-0.153121948242188 0.27252197265625 -0.0439834594726563 0.0735855102539063
0.0792083740234375 0.253875732421875 0.082550048828125 0.171310424804688
0.19818115234375 0.140869140625 0.19610595703125 0.124176025390625
0.245742797851562 -0.020904541015625 0.30438232421875 -0.0263671875
0.219711303710938 -0.124542236328125 0.30230712890625 -0.15826416015625
0.208160400390625 -0.0977020263671875 0.239242553710938 -0.1793212890625
0.238433837890625 -0.09405517578125 0.229354858398438 -0.14398193359375
0.25341796875 0.022186279296875 0.23663330078125 -0.075164794921875
0.171737670898438 0.171661376953125 0.137458801269531 -0.0374298095703125
0.0134429931640625 0.237335205078125 0.0932540893554688 -0.0507049560546875
-0.205215454101563 0.159683227539063 0.186325073242188 -0.160858154296875
-0.29669189453125 0.016693115234375 0.41424560546875 -0.192626953125
-0.258026123046875 -0.0955963134765625 0.68658447265625 0.07501220703125
-0.525177001953125 -0.03179931640625 0.116256713867187 -0.0659866333007813
-0.450714111328125 0.209228515625 -0.0066642761230469 -0.0440559387207031
-0.240142822265625 0.38507080078125 -0.055389404296875 0.0692634582519531
0.076507568359375 0.384796142578125 0.0556182861328125 0.139068603515625
0.265289306640625 0.234466552734375 0.125114440917969 0.107521057128906
0.36639404296875 0.01025390625 0.214736938476563 -0.000259399414062499
0.334228515625 -0.1409912109375 0.215072631835938 -0.0971832275390625
0.314849853515625 -0.113250732421875 0.15960693359375 -0.109649658203125
0.36187744140625 -0.114013671875 0.13848876953125 -0.08294677734375
0.376068115234375 0.036773681640625 0.141616821289063 -0.0600128173828125
0.272064208984375 0.254104614257813 0.0507926940917969 -0.0603866577148437
0.06134033203125 0.36285400390625 0.0460968017578125 -0.0983963012695312
-0.283233642578125 0.298797607421875 0.169525146484375 -0.208175659179687
-0.459259033203125 0.13128662109375 0.378387451171875 -0.200897216796875
-0.450958251953125 -0.045196533203125 0.60064697265625 0.03302001953125
-0.62506103515625 0.0185546875000001 -0.0451583862304688 -0.0876541137695312
-0.515350341796875 0.275390625 -0.0942459106445313 -0.014923095703125
-0.276702880859375 0.464385986328125 -0.067230224609375 0.0694541931152344
0.08013916015625 0.46832275390625 0.0207061767578125 0.0920486450195313
0.305572509765625 0.290374755859375 0.038665771484375 0.0767288208007813
0.437530517578125 0.036163330078125 0.09515380859375 0.0254974365234375
0.397857666015625 -0.139923095703125 0.0975189208984375 -0.0226821899414063
0.37347412109375 -0.11273193359375 0.0560531616210938 -0.0213775634765625
0.42962646484375 -0.118011474609375 0.0256690979003907 -0.00434303283691407
0.446014404296875 0.04779052734375 0.0177192687988282 -0.0331592559814453
0.33489990234375 0.3033447265625 -0.0561676025390625 -0.0751571655273437
0.104827880859375 0.445037841796875 -0.0160293579101562 -0.139907836914062
-0.326141357421875 0.40557861328125 0.131698608398437 -0.233566284179688
-0.56280517578125 0.2286376953125 0.299102783203125 -0.176513671875
-0.5787353515625 0.00640869140625011 0.443572998046875 9.15527343750004E-05
-0.63214111328125 0.0726928710937501 -0.225601196289063 -0.099884033203125
-0.4989013671875 0.31207275390625 -0.190765380859375 0.0241241455078126
-0.25897216796875 0.484130859375 -0.0793228149414063 0.0709381103515625
0.085723876953125 0.47662353515625 -0.022125244140625 0.0426788330078125
0.307281494140625 0.29534912109375 -0.0567283630371094 0.0427818298339844
0.443756103515625 0.049896240234375 -0.03607177734375 0.048828125
0.40325927734375 -0.118255615234375 -0.0328407287597656 0.0548667907714844
0.37786865234375 -0.097625732421875 -0.0561981201171875 0.0673179626464844
0.434967041015625 -0.102142333984375 -0.0969085693359375 0.0757675170898437
0.4444580078125 0.0570068359375 -0.118316650390625 0.00227355957031249
0.337249755859375 0.31219482421875 -0.165481567382812 -0.079986572265625
0.118072509765625 0.45361328125 -0.0823822021484375 -0.166549682617187
-0.324462890625 0.43475341796875 0.080291748046875 -0.228240966796875
-0.57440185546875 0.27239990234375 0.186477661132812 -0.11907958984375
-0.609130859375 0.0467529296875001 0.241043090820312 -0.018798828125
-0.54638671875 0.12103271484375 -0.400177001953125 -0.0998535156249999
-0.402801513671875 0.305328369140625 -0.279693603515625 0.065032958984375
-0.19085693359375 0.421630859375 -0.0937957763671875 0.0711746215820313
0.08221435546875 0.39892578125 -0.0696678161621094 -0.00281524658203124
0.25750732421875 0.244964599609375 -0.142898559570313 0.01220703125
0.377777099609375 0.05181884765625 -0.15777587890625 0.069976806640625
0.344940185546875 -0.081024169921875 -0.156036376953125 0.122207641601562
0.322662353515625 -0.067474365234375 -0.160171508789062 0.145706176757813
0.37420654296875 -0.066680908203125 -0.207565307617188 0.142654418945312
0.36932373046875 0.0692138671875 -0.241531372070312 0.0338287353515625
0.268051147460938 0.275558471679688 -0.252090454101563 -0.08270263671875
0.086029052734375 0.37799072265625 -0.132614135742187 -0.178131103515625
-0.280792236328125 0.358123779296875 0.0309600830078125 -0.195144653320312
-0.48834228515625 0.241241455078125 0.0689201354980468 -0.0491714477539062
-0.532958984375 0.06353759765625 0.03033447265625 -0.0316047668457031
-0.38201904296875 0.152984619140625 -0.5445556640625 -0.0914916992187499
-0.25140380859375 0.253158569335938 -0.35205078125 0.0971374511718751
-0.090118408203125 0.292999267578125 -0.10498046875 0.0749588012695313
0.068206787109375 0.253555297851563 -0.10748291015625 -0.0297622680664062
0.167938232421875 0.149276733398438 -0.196807861328125 -0.00807189941406253
0.251388549804687 0.0396575927734375 -0.24468994140625 0.08245849609375
0.233901977539063 -0.03369140625 -0.249176025390625 0.1705322265625
0.218963623046875 -0.0266265869140625 -0.238174438476562 0.201690673828125
0.2569580078125 -0.0193023681640625 -0.29107666015625 0.184539794921875
0.234649658203125 0.0770111083984375 -0.329742431640625 0.05181884765625
0.145751953125 0.202316284179688 -0.298431396484375 -0.086456298828125
0.02392578125 0.2376708984375 -0.153976440429687 -0.180953979492188
-0.198654174804687 0.205123901367188 0.00268554687499998 -0.151687622070313
-0.31884765625 0.152618408203125 -0.0266571044921875 0.00978851318359376
-0.3642578125 0.063812255859375 -0.146865844726563 -0.042572021484375
-0.16436767578125 0.162551879882812 -0.64019775390625 -0.0744018554687501
-0.0730438232421875 0.170639038085938 -0.39996337890625 0.124969482421875
0.0222091674804688 0.135360717773438 -0.112434387207031 0.09100341796875
0.0506591796875 0.0774917602539063 -0.123641967773438 -0.0293121337890625
0.0608711242675781 0.0335845947265625 -0.208709716796875 -0.014495849609375
0.08831787109375 0.0201873779296875 -0.2818603515625 0.0886840820312499
0.08648681640625 0.0169754028320313 -0.29766845703125 0.1934814453125
0.0822906494140625 0.0156173706054687 -0.282623291015625 0.22576904296875
0.1025390625 0.0295028686523438 -0.337127685546875 0.1954345703125
0.0684661865234375 0.073760986328125 -0.375244140625 0.0504150390625
0.00872802734374999 0.103691101074219 -0.30133056640625 -0.0963745117187501
-0.034881591796875 0.071014404296875 -0.144271850585938 -0.179092407226562
-0.0868988037109375 0.0339584350585938 -0.00326538085937501 -0.113693237304688
-0.103660583496094 0.0494613647460938 -0.0814208984375 0.0418319702148437
-0.138542175292969 0.0597000122070312 -0.26214599609375 -0.0494842529296875
-0.112312316894531 -0.079071044921875 0.31304931640625 -0.03472900390625
-0.143280029296875 0.057830810546875 0.0991058349609375 -0.0689163208007813
-0.0345687866210937 0.137725830078125 -0.0295562744140625 0.0888290405273438
0.0840682983398438 0.0903396606445313 0.118179321289063 0.198013305664063
0.112739562988281 0.0265579223632813 0.264190673828125 0.123825073242188
0.0923614501953125 -0.0554428100585938 0.36859130859375 -0.064605712890625
0.068695068359375 -0.094970703125 0.355804443359375 -0.21917724609375
0.0644149780273438 -0.0721206665039063 0.289154052734375 -0.238037109375
0.0740280151367188 -0.0695724487304688 0.289398193359375 -0.196380615234375
0.096771240234375 -0.00701904296875 0.29974365234375 -0.092010498046875
0.0604019165039063 0.0617828369140625 0.202667236328125 -0.02008056640625
-0.0216827392578125 0.0894775390625 0.128364562988281 -0.0139236450195312
-0.096771240234375 0.0206069946289063 0.191497802734375 -0.122955322265625
-0.104911804199219 -0.0811004638671875 0.42755126953125 -0.18292236328125
-0.0355758666992188 -0.121597290039063 0.7333984375 0.10552978515625
-0.357177734375 -0.0557861328125 0.2568359375 -0.045989990234375
-0.32318115234375 0.147796630859375 0.0686759948730469 -0.0620269775390625
-0.1485595703125 0.284088134765625 -0.0405731201171875 0.0752182006835938
0.0869293212890625 0.257858276367188 0.092071533203125 0.174774169921875
0.206893920898438 0.139419555664063 0.2080078125 0.122726440429688
0.252822875976563 -0.0289154052734375 0.3162841796875 -0.03564453125
0.220046997070313 -0.134521484375 0.3128662109375 -0.175079345703125
0.209228515625 -0.107177734375 0.248931884765625 -0.19287109375
0.240432739257812 -0.10791015625 0.2396240234375 -0.155303955078125
0.26251220703125 0.010284423828125 0.246231079101563 -0.08599853515625
0.18585205078125 0.17022705078125 0.142486572265625 -0.03997802734375
0.0232391357421875 0.247222900390625 0.0964736938476563 -0.0518417358398437
-0.2066650390625 0.175552368164062 0.185897827148437 -0.171051025390625
-0.30853271484375 0.0332031250000001 0.426605224609375 -0.208221435546875
-0.273895263671875 -0.085113525390625 0.719482421875 0.0648193359375
-0.548797607421875 -0.019378662109375 0.134696960449219 -0.065155029296875
-0.4609375 0.229400634765625 0.00125122070312497 -0.0424842834472656
-0.237884521484375 0.406463623046875 -0.0536117553710938 0.0712051391601563
0.08807373046875 0.39801025390625 0.06317138671875 0.140312194824219
0.281219482421875 0.235198974609375 0.135940551757813 0.107452392578125
0.381744384765625 0.000579833984375 0.22711181640625 -0.006927490234375
0.340484619140625 -0.15625 0.225234985351563 -0.107940673828125
0.322052001953125 -0.1275634765625 0.168228149414063 -0.118606567382813
0.371673583984375 -0.132415771484375 0.1494140625 -0.0886077880859375
0.39434814453125 0.0233154296875 0.149398803710938 -0.0669708251953125
0.29315185546875 0.256591796875 0.0524215698242188 -0.0604057312011719
0.07696533203125 0.380645751953125 0.0467453002929688 -0.0989761352539062
-0.28826904296875 0.324981689453125 0.167800903320312 -0.217086791992187
-0.47857666015625 0.1568603515625 0.388031005859375 -0.21478271484375
-0.477447509765625 -0.0335693359375 0.62799072265625 0.02587890625
-0.65594482421875 0.0333251953125001 -0.0356216430664063 -0.0818557739257812
-0.52850341796875 0.29827880859375 -0.0911407470703125 -0.00854492187499997
-0.276580810546875 0.4931640625 -0.064910888671875 0.0733871459960938
0.0964355468750001 0.488739013671875 0.027679443359375 0.0949783325195313
0.32550048828125 0.29449462890625 0.046417236328125 0.0793304443359375
0.458282470703125 0.02447509765625 0.105545043945313 0.0239944458007813
0.41021728515625 -0.1571044921875 0.105491638183594 -0.0282058715820313
0.3868408203125 -0.12969970703125 0.0643157958984375 -0.0260200500488281
0.445037841796875 -0.137603759765625 0.0328617095947266 -0.00485229492187501
0.468780517578125 0.032562255859375 0.0222816467285157 -0.0356941223144531
0.361846923828125 0.307891845703125 -0.0584487915039062 -0.07275390625
0.122711181640625 0.46539306640625 -0.0189132690429688 -0.138565063476562
-0.3331298828125 0.437835693359375 0.129119873046875 -0.241348266601563
-0.585693359375 0.2587890625 0.304473876953125 -0.185150146484375
-0.60980224609375 0.0208740234374999 0.46044921875 -0.0047607421875
-0.66656494140625 0.0874633789062501 -0.227203369140625 -0.0900726318359375
-0.51458740234375 0.3367919921875 -0.19158935546875 0.034942626953125
-0.259857177734375 0.51519775390625 -0.0777511596679688 0.0772933959960938
0.10345458984375 0.50189208984375 -0.0187225341796875 0.0446929931640625
0.32904052734375 0.301910400390625 -0.0532722473144531 0.0464363098144531
0.467987060546875 0.039215087890625 -0.0304222106933593 0.0517234802246094
0.419403076171875 -0.136077880859375 -0.0284652709960937 0.0559463500976562
0.392974853515625 -0.112640380859375 -0.0504264831542969 0.0695266723632813
0.451934814453125 -0.12237548828125 -0.0914077758789062 0.0823211669921875
0.468780517578125 0.044677734375 -0.118095397949219 0.00549316406250002
0.36590576171875 0.31768798828125 -0.172744750976562 -0.0748443603515625
0.134857177734375 0.475372314453125 -0.0889739990234375 -0.164840698242188
-0.332733154296875 0.466522216796875 0.0758056640625 -0.231887817382812
-0.59588623046875 0.30279541015625 0.18878173828125 -0.12255859375
-0.64154052734375 0.05841064453125 0.244033813476563 -0.01995849609375
-0.5767822265625 0.13397216796875 -0.41400146484375 -0.08697509765625
-0.421661376953125 0.32659912109375 -0.28729248046875 0.079681396484375
-0.19281005859375 0.450531005859375 -0.0926742553710938 0.0777053833007813
0.0976562499999999 0.423797607421875 -0.0696678161621094 -0.000801086425781238
0.277969360351562 0.25286865234375 -0.14422607421875 0.0168304443359375
0.40185546875 0.04217529296875 -0.158187866210938 0.0771636962890625
0.362548828125 -0.097259521484375 -0.156234741210937 0.129592895507813
0.339508056640625 -0.079498291015625 -0.1578369140625 0.15380859375
0.3922119140625 -0.082733154296875 -0.206695556640625 0.15411376953125
0.392486572265625 0.06005859375 -0.245452880859375 0.0430145263671875
0.292510986328125 0.28424072265625 -0.2623291015625 -0.0747528076171875
0.098358154296875 0.3973388671875 -0.143096923828125 -0.175994873046875
-0.291107177734375 0.38543701171875 0.0271759033203125 -0.19732666015625
-0.508453369140625 0.266021728515625 0.0663337707519531 -0.0476951599121094
-0.5616455078125 0.0725402832031251 0.021820068359375 -0.0296478271484375
-0.4033203125 0.158416748046875 -0.56927490234375 -0.0778198242187499
-0.266250610351563 0.267257690429688 -0.363494873046875 0.115478515625
-0.09228515625 0.314300537109375 -0.106239318847656 0.0834884643554688
0.0766754150390625 0.272750854492188 -0.110694885253906 -0.0276107788085938
0.181976318359375 0.157791137695312 -0.202499389648438 -0.00354003906249995
0.269775390625 0.0354766845703125 -0.250091552734375 0.0924987792968749
0.249221801757813 -0.043182373046875 -0.254348754882813 0.184036254882812
0.23345947265625 -0.035003662109375 -0.241455078125 0.214187622070312
0.273529052734375 -0.0279388427734375 -0.293548583984375 0.1998291015625
0.252212524414063 0.072784423828125 -0.338043212890625 0.0648803710937501
0.161880493164063 0.211868286132813 -0.3114013671875 -0.0793457031249999
0.029022216796875 0.253860473632813 -0.164535522460938 -0.17974853515625
-0.210250854492187 0.223541259765625 -0.00131225585937501 -0.152969360351563
-0.335357666015625 0.166656494140625 -0.031646728515625 0.0131721496582031
-0.385345458984375 0.0647583007812501 -0.165618896484375 -0.038787841796875
-0.174224853515625 0.164291381835938 -0.674560546875 -0.0610961914062501
-0.0813446044921875 0.174774169921875 -0.41522216796875 0.1436767578125
0.019317626953125 0.143264770507813 -0.113555908203125 0.099639892578125
0.0530548095703125 0.0874481201171875 -0.128044128417969 -0.026397705078125
0.0645980834960938 0.0397682189941406 -0.216690063476563 -0.010498046875
0.0987625122070313 0.01995849609375 -0.29071044921875 0.098663330078125
0.0973968505859375 0.0135650634765625 -0.305999755859375 0.20977783203125
0.0920257568359375 0.0141067504882813 -0.28759765625 0.241241455078125
0.113510131835938 0.0278244018554688 -0.342254638671875 0.21063232421875
0.0802383422851563 0.075775146484375 -0.384002685546875 0.0657043457031251
0.0171661376953125 0.113029479980469 -0.31475830078125 -0.089324951171875
-0.0356903076171875 0.080535888671875 -0.155807495117187 -0.179901123046875
-0.09661865234375 0.0425491333007812 -0.00682830810546875 -0.114921569824219
-0.114616394042969 0.052398681640625 -0.0891799926757813 0.0476608276367187
-0.149581909179687 0.0560455322265625 -0.28924560546875 -0.045501708984375
-0.113677978515625 -0.07183837890625 0.339630126953125 -0.05145263671875
-0.135978698730469 0.0678863525390625 0.108200073242187 -0.0774078369140625
-0.0242462158203125 0.138534545898438 -0.0240707397460937 0.0891265869140625
0.0884017944335938 0.0831985473632813 0.133270263671875 0.1954345703125
0.115531921386719 0.0176849365234375 0.279678344726563 0.112548828125
0.0880661010742188 -0.0629348754882812 0.377410888671875 -0.087554931640625
0.061126708984375 -0.100357055664062 0.357391357421875 -0.24603271484375
0.0575637817382813 -0.0780181884765625 0.289642333984375 -0.26116943359375
0.0666961669921875 -0.0775833129882813 0.29168701171875 -0.2186279296875
0.095672607421875 -0.0171661376953125 0.305816650390625 -0.112091064453125
0.0656852722167969 0.0558433532714844 0.209625244140625 -0.03106689453125
-0.0142898559570313 0.091522216796875 0.133399963378906 -0.0212631225585937
-0.0933761596679688 0.0265121459960938 0.188552856445313 -0.138671875
-0.10955810546875 -0.0723114013671875 0.434967041015625 -0.212127685546875
-0.0411148071289062 -0.113746643066406 0.773193359375 0.07244873046875
-0.370208740234375 -0.03662109375 0.282073974609375 -0.057708740234375
-0.320068359375 0.17047119140625 0.0777511596679687 -0.0669631958007812
-0.136138916015625 0.298248291015625 -0.036529541015625 0.0776748657226563
0.102294921875 0.258270263671875 0.105361938476563 0.173385620117188
0.220306396484375 0.131088256835938 0.224212646484375 0.11566162109375
0.257720947265625 -0.0449066162109375 0.32745361328125 -0.055816650390625
0.217926025390625 -0.151031494140625 0.315887451171875 -0.19989013671875
0.207489013671875 -0.123306274414063 0.250885009765625 -0.21429443359375
0.239822387695312 -0.127761840820313 0.24456787109375 -0.174331665039062
0.2705078125 -0.0084991455078125 0.252197265625 -0.103057861328125
0.203994750976562 0.163009643554687 0.146514892578125 -0.046875
0.0418243408203125 0.255996704101563 0.0984420776367187 -0.0561141967773437
-0.201751708984375 0.197463989257813 0.181991577148438 -0.186141967773438
-0.317901611328125 0.0589599609375001 0.432830810546875 -0.23553466796875
-0.290740966796875 -0.0667724609374999 0.75628662109375 0.03369140625
-0.57073974609375 0.01141357421875 0.153167724609375 -0.068328857421875
-0.461517333984375 0.261810302734375 0.00946807861328122 -0.0411872863769531
-0.223846435546875 0.4337158203125 -0.0479354858398438 0.0761184692382813
0.11260986328125 0.40704345703125 0.075592041015625 0.1400146484375
0.303466796875 0.22900390625 0.149246215820313 0.103179931640625
0.395538330078125 -0.02191162109375 0.23785400390625 -0.02032470703125
0.343536376953125 -0.1812744140625 0.230667114257813 -0.127578735351563
0.327392578125 -0.15179443359375 0.173751831054688 -0.13385009765625
0.376190185546875 -0.161865234375 0.156204223632813 -0.0997772216796875
0.408905029296875 -0.00311279296875 0.153900146484375 -0.0790557861328125
0.323028564453125 0.247406005859375 0.0526466369628906 -0.0622062683105469
0.102935791015625 0.393890380859375 0.0447235107421875 -0.0995712280273437
-0.28125 0.35919189453125 0.160263061523437 -0.230545043945312
-0.489837646484375 0.197265625 0.390960693359375 -0.237640380859375
-0.504302978515625 -0.00671386718750004 0.65570068359375 -0.0013427734375
-0.68359375 0.06866455078125 -0.0269317626953125 -0.0761184692382813
-0.534271240234375 0.338775634765625 -0.0854263305664063 -0.000488281249999968
-0.259674072265625 0.528717041015625 -0.059478759765625 0.0802841186523438
0.127471923828125 0.504150390625 0.0369720458984375 0.0956268310546875
0.355987548828125 0.290435791015625 0.0556716918945313 0.0786590576171875
0.47918701171875 -0.001678466796875 0.115264892578125 0.0177001953125
0.41845703125 -0.18743896484375 0.112197875976563 -0.0378570556640625
0.394989013671875 -0.1571044921875 0.0703887939453125 -0.0331039428710938
0.454803466796875 -0.17218017578125 0.0414009094238281 -0.00690078735351563
0.489532470703125 0.00360107421875 0.0240516662597657 -0.0385475158691406
0.398284912109375 0.30059814453125 -0.0635871887207031 -0.0685653686523438
0.154296875 0.482513427734375 -0.0247802734375 -0.136634826660156
-0.323333740234375 0.480133056640625 0.119552612304687 -0.25177001953125
-0.59521484375 0.30865478515625 0.30462646484375 -0.20245361328125
-0.638916015625 0.0518798828125 0.47686767578125 -0.02392578125
-0.69451904296875 0.12469482421875 -0.229095458984375 -0.0745391845703125
-0.522186279296875 0.378448486328125 -0.189407348632813 0.051605224609375
-0.2421875 0.55413818359375 -0.0727691650390625 0.0861434936523438
0.13824462890625 0.522186279296875 -0.0132179260253906 0.0469932556152344
0.361907958984375 0.299102783203125 -0.0488471984863281 0.0500869750976563
0.493560791015625 0.01123046875 -0.0243339538574218 0.0543479919433594
0.4307861328125 -0.166290283203125 -0.0225982666015625 0.0572128295898438
0.405548095703125 -0.14056396484375 -0.044036865234375 0.0716552734375
0.46722412109375 -0.155120849609375 -0.083465576171875 0.0895004272460937
0.493377685546875 0.015869140625 -0.118263244628906 0.0120697021484375
0.402435302734375 0.311126708984375 -0.181396484375 -0.0637969970703125
0.1685791015625 0.493255615234375 -0.0991058349609375 -0.158828735351562
-0.3238525390625 0.5096435546875 0.0654296875 -0.239303588867188
-0.60589599609375 0.35186767578125 0.187362670898437 -0.130569458007813
-0.6719970703125 0.09014892578125 0.24786376953125 -0.02838134765625
-0.6007080078125 0.16510009765625 -0.428955078125 -0.0622253417968749
-0.429107666015625 0.3624267578125 -0.28936767578125 0.104461669921875
-0.1776123046875 0.4847412109375 -0.08880615234375 0.0892715454101563
0.12841796875 0.443450927734375 -0.070037841796875 0.00344848632812502
0.3070068359375 0.253021240234375 -0.144622802734375 0.0243682861328125
0.4263916015625 0.020263671875 -0.155120849609375 0.088134765625
0.375701904296875 -0.123046875 -0.151687622070312 0.14202880859375
0.352386474609375 -0.103851318359375 -0.151840209960938 0.164962768554688
0.4075927734375 -0.110595703125 -0.199081420898437 0.171371459960938
0.414825439453125 0.037139892578125 -0.247970581054687 0.0576934814453125
0.325653076171875 0.28204345703125 -0.274810791015625 -0.0599517822265624
0.123565673828125 0.41485595703125 -0.155471801757813 -0.168609619140625
-0.28668212890625 0.4227294921875 0.01824951171875 -0.200149536132813
-0.5194091796875 0.3055419921875 0.0645370483398437 -0.0475349426269531
-0.58837890625 0.0951538085937501 0.0126895904541015 -0.02691650390625
-0.4193115234375 0.180908203125 -0.59521484375 -0.04559326171875
-0.27239990234375 0.2890625 -0.37139892578125 0.145751953125
-0.0843505859375 0.337005615234375 -0.103034973144531 0.0953216552734375
0.09759521484375 0.288909912109375 -0.114059448242188 -0.0214462280273437
0.200912475585938 0.160400390625 -0.207733154296875 0.00714111328125004
0.289459228515625 0.02081298828125 -0.2510986328125 0.109817504882813
0.261795043945313 -0.06219482421875 -0.251876831054687 0.203750610351563
0.246200561523438 -0.0500335693359375 -0.236648559570312 0.23211669921875
0.2872314453125 -0.046722412109375 -0.28955078125 0.2227783203125
0.272354125976563 0.0599212646484375 -0.3426513671875 0.0856628417968751
0.186370849609375 0.214981079101563 -0.324737548828125 -0.061798095703125
0.044219970703125 0.268325805664063 -0.178970336914062 -0.172683715820312
-0.212432861328125 0.25042724609375 -0.00852966308593751 -0.154327392578125
-0.345672607421875 0.19140625 -0.0356178283691406 0.019378662109375
-0.4056396484375 0.07916259765625 -0.186065673828125 -0.02801513671875
-0.1787109375 0.171859741210937 -0.70703125 -0.02374267578125
-0.0855712890625 0.181427001953125 -0.42694091796875 0.17535400390625
0.0218658447265625 0.15081787109375 -0.111099243164063 0.112556457519531
0.059417724609375 0.0963592529296875 -0.133430480957031 -0.0204620361328125
0.0710296630859375 0.043548583984375 -0.224105834960938 -0.00024414062499996
0.109443664550781 0.0155792236328125 -0.29541015625 0.11773681640625
0.107124328613281 0.00661468505859375 -0.307281494140625 0.234405517578125
0.102378845214844 0.00908660888671875 -0.285980224609375 0.264556884765625
0.124526977539063 0.0209579467773438 -0.342071533203125 0.237945556640625
0.0938796997070313 0.0737075805664063 -0.392913818359375 0.090606689453125
0.029449462890625 0.119590759277344 -0.330047607421875 -0.072662353515625
-0.03289794921875 0.0920944213867188 -0.171249389648438 -0.174819946289062
-0.104171752929688 0.053619384765625 -0.0125045776367188 -0.115188598632812
-0.123275756835938 0.0606231689453125 -0.0954437255859375 0.0554122924804687
-0.161117553710938 0.0571441650390625 -0.315460205078125 -0.0303955078125
-0.113685607910156 -0.0621261596679688 0.35723876953125 -0.076324462890625
-0.124320983886719 0.0779953002929687 0.113761901855469 -0.08770751953125
-0.01318359375 0.137474060058594 -0.0177078247070313 0.0873565673828125
0.090484619140625 0.0737152099609375 0.147979736328125 0.185470581054688
0.114990234375 0.0064239501953125 0.28955078125 0.093994140625
0.0810623168945313 -0.0699234008789063 0.374298095703125 -0.11505126953125
0.0509719848632813 -0.10498046875 0.345489501953125 -0.27593994140625
0.0481796264648438 -0.081817626953125 0.278350830078125 -0.285064697265625
0.0558319091796875 -0.0837173461914062 0.283935546875 -0.240997314453125
0.090728759765625 -0.027069091796875 0.302398681640625 -0.134765625
0.0690841674804688 0.0479774475097656 0.210494995117188 -0.0453033447265625
-0.00533294677734375 0.090362548828125 0.134422302246094 -0.0302352905273437
-0.0876617431640625 0.032470703125 0.178695678710938 -0.153594970703125
-0.111892700195312 -0.0598983764648437 0.427459716796875 -0.24505615234375
-0.0450592041015625 -0.103935241699219 0.79400634765625 0.0186767578125
-0.3751220703125 -0.00888061523437507 0.30029296875 -0.07672119140625
-0.3055419921875 0.194366455078125 0.0841827392578125 -0.072662353515625
-0.115203857421875 0.307220458984375 -0.0291061401367188 0.0777816772460938
0.117889404296875 0.251617431640625 0.118698120117188 0.166213989257813
0.229644775390625 0.115264892578125 0.235702514648438 0.100860595703125
0.256561279296875 -0.0648345947265625 0.3289794921875 -0.080230712890625
0.207733154296875 -0.16790771484375 0.307952880859375 -0.22723388671875
0.198776245117188 -0.140853881835938 0.242507934570313 -0.235733032226563
0.229537963867188 -0.149734497070313 0.2403564453125 -0.19281005859375
0.270904541015625 -0.0320892333984375 0.250808715820313 -0.123458862304688
0.220947265625 0.147262573242188 0.145889282226562 -0.05499267578125
0.0643768310546875 0.256149291992188 0.0978317260742188 -0.0609512329101562
-0.187942504882812 0.216629028320313 0.169708251953125 -0.199615478515625
-0.315155029296875 0.09027099609375 0.42266845703125 -0.265716552734375
-0.299591064453125 -0.0410461425781251 0.77447509765625 -0.016357421875
-0.57763671875 0.052001953125 0.170059204101562 -0.077423095703125
-0.44647216796875 0.29681396484375 0.0172309875488281 -0.0411834716796875
-0.19549560546875 0.45343017578125 -0.0400619506835938 0.0784683227539063
0.14227294921875 0.40399169921875 0.0878982543945313 0.134330749511719
0.32415771484375 0.21087646484375 0.163040161132813 0.0926055908203125
0.39971923828125 -0.05126953125 0.241226196289063 -0.0390625
0.33447265625 -0.208404541015625 0.227783203125 -0.147171020507813
0.320343017578125 -0.17938232421875 0.171630859375 -0.150390625
0.36773681640625 -0.19378662109375 0.157516479492188 -0.113113403320313
0.41387939453125 -0.035888671875 0.151397705078125 -0.091583251953125
0.347808837890625 0.226593017578125 0.0505332946777344 -0.0622291564941406
0.13812255859375 0.394989013671875 0.0421218872070313 -0.099334716796875
-0.2607421875 0.389007568359375 0.14581298828125 -0.24029541015625
-0.48284912109375 0.241851806640625 0.3798828125 -0.26220703125
-0.5146484375 0.0319213867187499 0.6669921875 -0.043212890625
-0.69244384765625 0.119140625 -0.0150680541992188 -0.0715255737304687
-0.517730712890625 0.3800048828125 -0.0744247436523438 0.00886535644531252
-0.22454833984375 0.554931640625 -0.0513153076171875 0.0863723754882813
0.166961669921875 0.50592041015625 0.047210693359375 0.0939178466796875
0.384918212890625 0.270416259765625 0.065093994140625 0.073974609375
0.4888916015625 -0.0384521484375 0.121673583984375 0.0081329345703125
0.413299560546875 -0.22039794921875 0.115440368652344 -0.0484848022460938
0.39166259765625 -0.19061279296875 0.0736541748046875 -0.0430450439453125
0.448944091796875 -0.209808349609375 0.0477790832519532 -0.0113372802734375
0.4970703125 -0.036102294921875 0.0233612060546875 -0.0417747497558594
0.430328369140625 0.2763671875 -0.06634521484375 -0.0616607666015625
0.1942138671875 0.4835205078125 -0.0315170288085937 -0.130943298339844
-0.29693603515625 0.515655517578125 0.10308837890625 -0.257781982421875
-0.5831298828125 0.36212158203125 0.29595947265625 -0.2203369140625
-0.65252685546875 0.0977783203124999 0.48089599609375 -0.051513671875
-0.703857421875 0.1724853515625 -0.225662231445313 -0.0563507080078125
-0.5069580078125 0.420501708984375 -0.179031372070313 0.071044921875
-0.20709228515625 0.5810546875 -0.0633163452148438 0.0940170288085938
0.181793212890625 0.5257568359375 -0.00740432739257811 0.0477638244628907
0.3917236328125 0.279510498046875 -0.0420761108398437 0.053924560546875
0.50634765625 -0.02593994140625 -0.0155792236328125 0.0556182861328125
0.4268798828125 -0.2027587890625 -0.0159950256347656 0.0565872192382812
0.40478515625 -0.174896240234375 -0.0349273681640625 0.0712890625
0.46282958984375 -0.19549560546875 -0.0710601806640625 0.0941696166992187
0.502349853515625 -0.0242919921875 -0.115028381347656 0.0193634033203125
0.435302734375 0.2901611328125 -0.186904907226562 -0.0492706298828125
0.207733154296875 0.495147705078125 -0.107254028320312 -0.149490356445312
-0.2967529296875 0.547088623046875 0.0506591796875 -0.2408447265625
-0.59478759765625 0.40264892578125 0.179412841796875 -0.138778686523437
-0.682373046875 0.13250732421875 0.245315551757812 -0.0401153564453125
-0.60797119140625 0.20550537109375 -0.429840087890625 -0.0277709960937501
-0.41741943359375 0.39813232421875 -0.279815673828125 0.13189697265625
-0.1510009765625 0.509979248046875 -0.0801239013671875 0.0994949340820313
0.166839599609375 0.4493408203125 -0.0672187805175781 0.0090293884277344
0.33380126953125 0.239166259765625 -0.142074584960937 0.0348052978515625
0.4403076171875 -0.01275634765625 -0.145721435546875 0.0990142822265625
0.37744140625 -0.155731201171875 -0.140228271484375 0.153274536132813
0.355438232421875 -0.132293701171875 -0.138290405273437 0.173873901367188
0.409637451171875 -0.1448974609375 -0.185440063476562 0.186264038085938
0.427459716796875 0.005126953125 -0.243392944335937 0.07574462890625
0.356475830078125 0.26397705078125 -0.280975341796875 -0.0382080078125
0.156463623046875 0.418548583984375 -0.165298461914063 -0.154022216796875
-0.266143798828125 0.45635986328125 0.00755310058593747 -0.1993408203125
-0.5106201171875 0.34942626953125 0.060333251953125 -0.0482597351074218
-0.5997314453125 0.1329345703125 0.00337409973144528 -0.0219154357910156
-0.4228515625 0.206573486328125 -0.6053466796875 -0.00219726562500012
-0.2655029296875 0.31158447265625 -0.363677978515625 0.1793212890625
-0.06768798828125 0.35430908203125 -0.0949935913085938 0.107528686523438
0.121551513671875 0.294525146484375 -0.115341186523437 -0.0133132934570313
0.22119140625 0.1533203125 -0.206634521484375 0.020050048828125
0.300872802734375 -0.00091552734375 -0.243453979492187 0.1280517578125
0.266647338867188 -0.085968017578125 -0.239501953125 0.224990844726562
0.2513427734375 -0.070037841796875 -0.2216796875 0.249649047851563
0.293426513671875 -0.07159423828125 -0.273086547851563 0.244537353515625
0.285003662109375 0.0396728515625 -0.3369140625 0.110992431640625
0.211151123046875 0.207565307617187 -0.33233642578125 -0.0378417968749999
0.065521240234375 0.276214599609375 -0.19122314453125 -0.157241821289062
-0.203598022460937 0.274734497070313 -0.0175933837890625 -0.151611328125
-0.341156005859375 0.21844482421875 -0.0368804931640625 0.0264358520507813
-0.415740966796875 0.100616455078125 -0.20172119140625 -0.0121002197265625
-0.177581787109375 0.180252075195313 -0.72271728515625 0.0262451171875
-0.08380126953125 0.1878662109375 -0.42034912109375 0.21270751953125
0.0264739990234375 0.153762817382813 -0.102676391601563 0.124526977539063
0.0682449340820313 0.100791931152344 -0.136444091796875 -0.0114898681640625
0.0785369873046875 0.0438079833984375 -0.226516723632813 0.0129852294921875
0.117294311523438 0.0081329345703125 -0.289337158203125 0.13916015625
0.114730834960938 -0.00522613525390625 -0.297332763671875 0.25860595703125
0.109466552734375 0.00072479248046875 -0.272216796875 0.286529541015625
0.133926391601563 0.0100021362304688 -0.328582763671875 0.265106201171875
0.106109619140625 0.0668106079101563 -0.387725830078125 0.119903564453125
0.0442581176757812 0.122367858886719 -0.337799072265625 -0.0481872558593751
-0.026397705078125 0.101005554199219 -0.18487548828125 -0.161087036132812
-0.106575012207031 0.066650390625 -0.0200729370117188 -0.114021301269531
-0.126083374023438 0.07049560546875 -0.0982666015625 0.0647354125976563
-0.167205810546875 0.061676025390625 -0.335357666015625 -0.00564575195312493
-0.108871459960938 -0.0513916015625 0.361297607421875 -0.10260009765625
-0.109870910644531 0.0817184448242188 0.114974975585937 -0.0970611572265625
-0.000236511230468751 0.129539489746094 -0.0112686157226563 0.0858078002929688
0.0906829833984375 0.06341552734375 0.156570434570313 0.170944213867188
0.109298706054687 -0.00128173828125 0.290069580078125 0.072784423828125
0.0706939697265625 -0.0736160278320313 0.3621826171875 -0.1356201171875
0.0402374267578125 -0.105766296386719 0.324462890625 -0.294281005859375
0.0368118286132813 -0.0839767456054688 0.25787353515625 -0.298004150390625
0.0437545776367188 -0.0857467651367188 0.269317626953125 -0.256759643554688
0.0830307006835938 -0.0359039306640625 0.291717529296875 -0.152435302734375
0.0690803527832031 0.0391731262207031 0.2044677734375 -0.0569305419921875
0.0015716552734375 0.085906982421875 0.131202697753906 -0.0382537841796875
-0.0809097290039063 0.0374984741210937 0.16253662109375 -0.162445068359375
-0.109321594238281 -0.0462799072265625 0.41009521484375 -0.265045166015625
-0.0456619262695312 -0.0927963256835938 0.79217529296875 -0.0281982421875
-0.3682861328125 0.017181396484375 0.308441162109375 -0.094573974609375
-0.282928466796875 0.210174560546875 0.0891647338867188 -0.0804595947265625
-0.094512939453125 0.305877685546875 -0.0234832763671875 0.0774612426757813
0.132614135742188 0.240859985351563 0.128387451171875 0.154937744140625
0.23565673828125 0.0985565185546875 0.239486694335938 0.0837249755859375
0.24554443359375 -0.0829315185546875 0.31890869140625 -0.099761962890625
0.192916870117188 -0.18023681640625 0.292999267578125 -0.244842529296875
0.185775756835938 -0.15155029296875 0.230056762695313 -0.250640869140625
0.213150024414062 -0.162521362304688 0.230316162109375 -0.209976196289063
0.2620849609375 -0.0509033203125 0.24127197265625 -0.138031005859375
0.227157592773438 0.127609252929688 0.141983032226563 -0.0612640380859375
0.0826568603515625 0.249923706054687 0.0948410034179688 -0.062713623046875
-0.171051025390625 0.227569580078125 0.15386962890625 -0.204147338867187
-0.303497314453125 0.112945556640625 0.404571533203125 -0.28497314453125
-0.299285888671875 -0.0159606933593749 0.76861572265625 -0.0596923828125
-0.5657958984375 0.0881958007812501 0.178665161132812 -0.085235595703125
-0.416534423828125 0.32073974609375 0.0256843566894531 -0.0417671203613281
-0.166900634765625 0.457000732421875 -0.0318374633789063 0.075927734375
0.164459228515625 0.39154052734375 0.097015380859375 0.127304077148438
0.33111572265625 0.187591552734375 0.1654052734375 0.0793609619140625
0.38970947265625 -0.0784912109375 0.2388916015625 -0.055023193359375
0.31793212890625 -0.22686767578125 0.217910766601563 -0.16107177734375
0.304107666015625 -0.196685791015625 0.163101196289063 -0.164154052734375
0.348175048828125 -0.217529296875 0.15625 -0.124069213867188
0.4072265625 -0.06842041015625 0.145263671875 -0.0999603271484375
0.3623046875 0.19732666015625 0.045257568359375 -0.0623207092285156
0.163238525390625 0.3851318359375 0.0401382446289063 -0.0972213745117187
-0.233184814453125 0.405670166015625 0.130722045898437 -0.244552612304688
-0.45965576171875 0.274505615234375 0.359130859375 -0.278656005859375
-0.51129150390625 0.06512451171875 0.658447265625 -0.07928466796875
-0.68060302734375 0.15911865234375 -0.0024642944335938 -0.0709304809570312
-0.48614501953125 0.40509033203125 -0.0613479614257813 0.0152206420898438
-0.189697265625 0.563232421875 -0.0422286987304688 0.0853195190429688
0.198211669921875 0.492523193359375 0.0535888671875 0.0848312377929688
0.397186279296875 0.242919921875 0.0714340209960938 0.0690536499023438
0.4814453125 -0.070281982421875 0.124557495117188 -0.000495910644531254
0.393829345703125 -0.24517822265625 0.113578796386719 -0.0566482543945313
0.3753662109375 -0.21478271484375 0.0752716064453125 -0.0509262084960938
0.431884765625 -0.240234375 0.0543022155761719 -0.0152130126953125
0.488861083984375 -0.071624755859375 0.0230140686035157 -0.0443077087402344
0.448028564453125 0.243896484375 -0.0654869079589844 -0.0520896911621093
0.226959228515625 0.469573974609375 -0.0328369140625 -0.125984191894531
-0.259796142578125 0.53265380859375 0.0866241455078125 -0.257080078125
-0.557037353515625 0.3966064453125 0.281112670898437 -0.228408813476562
-0.641845703125 0.13775634765625 0.469970703125 -0.074951171875
-0.68975830078125 0.21124267578125 -0.212478637695313 -0.0391845703125
-0.477203369140625 0.448760986328125 -0.163360595703125 0.0829315185546876
-0.16900634765625 0.5926513671875 -0.0503082275390625 0.0942230224609375
0.217864990234375 0.5142822265625 -0.00362396240234374 0.0463714599609375
0.410125732421875 0.254119873046875 -0.0353012084960937 0.0497970581054688
0.501800537109375 -0.061920166015625 -0.00688171386718746 0.0540771484375
0.41448974609375 -0.230499267578125 -0.00753021240234373 0.0558280944824219
0.392974853515625 -0.199249267578125 -0.0275154113769531 0.0687828063964844
0.4486083984375 -0.227142333984375 -0.055999755859375 0.0969314575195312
0.497161865234375 -0.059051513671875 -0.111228942871094 0.02508544921875
0.45574951171875 0.257843017578125 -0.183334350585938 -0.0359649658203125
0.237274169921875 0.4808349609375 -0.109756469726563 -0.136756896972656
-0.261962890625 0.56610107421875 0.038360595703125 -0.234329223632812
-0.5640869140625 0.43841552734375 0.169708251953125 -0.143096923828125
-0.6746826171875 0.17291259765625 0.235183715820313 -0.04766845703125
-0.59637451171875 0.2393798828125 -0.420135498046875 -0.00231933593750003
-0.3963623046875 0.4205322265625 -0.26171875 0.149505615234375
-0.11968994140625 0.519287109375 -0.0680007934570313 0.102310180664063
0.196685791015625 0.442596435546875 -0.0625953674316406 0.0110282897949219
0.352294921875 0.218017578125 -0.13427734375 0.0397720336914063
0.4390869140625 -0.04412841796875 -0.131820678710937 0.107131958007813
0.366729736328125 -0.18206787109375 -0.127838134765625 0.159072875976563
0.34686279296875 -0.153839111328125 -0.124114990234375 0.174118041992188
0.3984375 -0.172027587890625 -0.166732788085937 0.193283081054688
0.427642822265625 -0.0272216796875 -0.231597900390625 0.0900421142578125
0.377044677734375 0.2393798828125 -0.275421142578125 -0.0184478759765625
0.185028076171875 0.40924072265625 -0.168350219726562 -0.137237548828125
-0.238494873046875 0.472930908203125 -0.00416564941406253 -0.194320678710937
-0.485107421875 0.3753662109375 0.0547828674316406 -0.0448493957519531
-0.59466552734375 0.16290283203125 -0.00454521179199222 -0.0155916213989258
-0.415435791015625 0.225799560546875 -0.5947265625 0.0390014648437499
-0.251861572265625 0.324981689453125 -0.344390869140625 0.204498291015625
-0.049346923828125 0.356964111328125 -0.0819778442382812 0.115333557128906
0.144500732421875 0.29083251953125 -0.111984252929688 -0.00626373291015621
0.232559204101563 0.141510009765625 -0.202835083007812 0.0318756103515625
0.305816650390625 -0.0220947265625 -0.228546142578125 0.140274047851563
0.263519287109375 -0.105560302734375 -0.220870971679688 0.233749389648437
0.25146484375 -0.08648681640625 -0.20367431640625 0.25421142578125
0.290191650390625 -0.09161376953125 -0.25164794921875 0.258468627929688
0.2896728515625 0.019805908203125 -0.323974609375 0.129913330078125
0.23101806640625 0.1934814453125 -0.3265380859375 -0.012298583984375
0.082000732421875 0.27545166015625 -0.194931030273438 -0.139556884765625
-0.1871337890625 0.287994384765625 -0.023284912109375 -0.143356323242187
-0.327392578125 0.238555908203125 -0.0381202697753906 0.0323600769042969
-0.413970947265625 0.1199951171875 -0.208908081054688 0.00616455078125005
-0.17022705078125 0.18267822265625 -0.71673583984375 0.0700683593750002
-0.0801544189453125 0.190017700195313 -0.404266357421875 0.24237060546875
0.030303955078125 0.155166625976563 -0.0916824340820313 0.130172729492188
0.0752182006835938 0.0993881225585938 -0.135452270507813 -0.00340270996093752
0.0825653076171875 0.0441741943359375 -0.22174072265625 0.02789306640625
0.119064331054687 -0.000640869140625 -0.278579711914063 0.152999877929688
0.115943908691406 -0.0139236450195313 -0.27618408203125 0.277023315429688
0.114089965820313 -0.00763702392578125 -0.254364013671875 0.29931640625
0.138450622558594 0.00080108642578125 -0.3082275390625 0.279998779296875
0.113754272460938 0.0589141845703125 -0.371734619140625 0.142333984375
0.0562362670898437 0.118637084960937 -0.334442138671875 -0.02337646484375
-0.0188369750976563 0.108123779296875 -0.191238403320313 -0.145538330078125
-0.103378295898438 0.0799102783203125 -0.0269317626953125 -0.11016845703125
-0.125633239746094 0.0766754150390625 -0.0963973999023438 0.0726699829101563
-0.17120361328125 0.0677032470703125 -0.3424072265625 0.0191650390625
-0.104454040527344 -0.0467605590820313 0.363555908203125 -0.11834716796875
-0.0953598022460938 0.08203125 0.115631103515625 -0.1036376953125
0.00503540039062501 0.125015258789063 -0.00784301757812499 0.0801620483398438
0.0870819091796875 0.0556488037109375 0.158432006835938 0.160018920898438
0.104049682617187 -0.00861358642578125 0.286590576171875 0.061126708984375
0.063751220703125 -0.0752029418945313 0.34735107421875 -0.14715576171875
0.0322341918945313 -0.103599548339844 0.307373046875 -0.302154541015625
0.0302658081054687 -0.0813140869140625 0.244140625 -0.302978515625
0.034210205078125 -0.084320068359375 0.253463745117188 -0.262542724609375
0.0749282836914063 -0.0388336181640625 0.2801513671875 -0.15850830078125
0.0688400268554688 0.0327186584472656 0.199813842773437 -0.062347412109375
0.00692749023437499 0.0819778442382813 0.127716064453125 -0.0412979125976562
-0.0749359130859375 0.0375595092773438 0.152786254882813 -0.16326904296875
-0.104057312011719 -0.039093017578125 0.395355224609375 -0.277008056640625
-0.042572021484375 -0.0833511352539063 0.7794189453125 -0.05938720703125
-0.35797119140625 0.030303955078125 0.314239501953125 -0.1092529296875
-0.263870239257813 0.212478637695313 0.0954971313476562 -0.083953857421875
-0.08050537109375 0.302398681640625 -0.018646240234375 0.0722732543945313
0.135223388671875 0.228195190429688 0.131546020507812 0.143035888671875
0.231491088867188 0.0876617431640625 0.236953735351563 0.0713043212890625
0.238189697265625 -0.0904388427734375 0.30999755859375 -0.110107421875
0.181533813476563 -0.184005737304688 0.27911376953125 -0.253143310546875
0.17340087890625 -0.155853271484375 0.218673706054688 -0.256149291992188
0.19915771484375 -0.169189453125 0.222305297851563 -0.214157104492188
0.252304077148438 -0.066558837890625 0.231002807617188 -0.143951416015625
0.231826782226563 0.114303588867188 0.137184143066406 -0.0631942749023437
0.0950164794921875 0.24090576171875 0.0938796997070313 -0.0662460327148437
-0.156204223632813 0.232635498046875 0.143478393554688 -0.2037353515625
-0.2913818359375 0.129058837890625 0.391265869140625 -0.291259765625
-0.292388916015625 0.000610351562500013 0.75628662109375 -0.0887451171875
-0.553009033203125 0.10882568359375 0.18841552734375 -0.0949859619140625
-0.393646240234375 0.327056884765625 0.035675048828125 -0.0436897277832031
-0.14373779296875 0.454925537109375 -0.0259857177734375 0.0742721557617188
0.177215576171875 0.3782958984375 0.0994033813476563 0.118240356445313
0.333587646484375 0.171630859375 0.16534423828125 0.0702056884765625
0.380584716796875 -0.09576416015625 0.234649658203125 -0.062835693359375
0.304168701171875 -0.237640380859375 0.211746215820313 -0.170928955078125
0.291290283203125 -0.20703125 0.1575927734375 -0.170074462890625
0.332183837890625 -0.2288818359375 0.1512451171875 -0.12921142578125
0.394012451171875 -0.086151123046875 0.140510559082031 -0.104751586914062
0.368865966796875 0.18035888671875 0.0454483032226563 -0.0601348876953125
0.182098388671875 0.37396240234375 0.0395431518554688 -0.0949325561523437
-0.21246337890625 0.410125732421875 0.118118286132812 -0.239883422851562
-0.441741943359375 0.29315185546875 0.349212646484375 -0.281951904296875
-0.5015869140625 0.0872192382812501 0.64410400390625 -0.099853515625
-0.6629638671875 0.1827392578125 0.00871658325195309 -0.0692176818847656
-0.463348388671875 0.415435791015625 -0.0485610961914063 0.0155792236328125
-0.165985107421875 0.560577392578125 -0.0328750610351563 0.0831069946289063
0.216400146484375 0.47674560546875 0.0591278076171875 0.0823211669921875
0.402618408203125 0.224365234375 0.0735092163085938 0.0624160766601563
0.472808837890625 -0.095306396484375 0.127105712890625 -0.00747680664062501
0.3797607421875 -0.259674072265625 0.111640930175781 -0.063873291015625
0.362884521484375 -0.227264404296875 0.074005126953125 -0.05841064453125
0.413421630859375 -0.257659912109375 0.0582809448242188 -0.0204963684082031
0.475738525390625 -0.094268798828125 0.0219078063964844 -0.0450592041015625
0.4559326171875 0.220001220703125 -0.0675621032714843 -0.0459098815917969
0.246246337890625 0.455230712890625 -0.0330581665039062 -0.118476867675781
-0.238189697265625 0.5399169921875 0.078277587890625 -0.250885009765625
-0.53082275390625 0.415802001953125 0.268646240234375 -0.229293823242187
-0.635986328125 0.15936279296875 0.45831298828125 -0.085357666015625
-0.67333984375 0.23394775390625 -0.198577880859375 -0.0311126708984375
-0.455810546875 0.456573486328125 -0.146728515625 0.0879669189453125
-0.14739990234375 0.5902099609375 -0.0438003540039063 0.0953521728515625
0.2362060546875 0.49871826171875 0.00225830078125002 0.0451011657714844
0.41693115234375 0.23504638671875 -0.0316734313964843 0.0516700744628906
0.49432373046875 -0.086151123046875 -0.0004463195800781 0.0512504577636719
0.39935302734375 -0.2467041015625 -0.00297546386718747 0.0514488220214844
0.37939453125 -0.215179443359375 -0.0216712951660156 0.0623970031738281
0.433197021484375 -0.244903564453125 -0.0492935180664062 0.094573974609375
0.485137939453125 -0.080230712890625 -0.105865478515625 0.0277481079101563
0.465911865234375 0.233428955078125 -0.18048095703125 -0.0214996337890625
0.258026123046875 0.465301513671875 -0.107673645019531 -0.126670837402344
-0.23504638671875 0.56988525390625 0.0316925048828125 -0.230072021484375
-0.5389404296875 0.45452880859375 0.16302490234375 -0.139663696289062
-0.6639404296875 0.18975830078125 0.2271728515625 -0.04852294921875
-0.5826416015625 0.25592041015625 -0.40484619140625 0.01611328125
-0.379669189453125 0.428131103515625 -0.242965698242188 0.159286499023438
-0.100494384765625 0.51922607421875 -0.057769775390625 0.104545593261719
0.217376708984375 0.43170166015625 -0.0596084594726562 0.0139732360839844
0.35943603515625 0.2032470703125 -0.128929138183594 0.0443191528320313
0.4342041015625 -0.06591796875 -0.121940612792969 0.105674743652344
0.35693359375 -0.19744873046875 -0.116119384765625 0.158676147460938
0.3382568359375 -0.170257568359375 -0.113784790039062 0.172119140625
0.38934326171875 -0.190765380859375 -0.150726318359375 0.193359375
0.41876220703125 -0.046478271484375 -0.22332763671875 0.094635009765625
0.384979248046875 0.220794677734375 -0.270004272460938 -0.00370788574218748
0.199310302734375 0.399261474609375 -0.165420532226563 -0.126968383789062
-0.21661376953125 0.478912353515625 -0.00514221191406253 -0.186492919921875
-0.465057373046875 0.39007568359375 0.0531768798828125 -0.0412445068359375
-0.587646484375 0.17626953125 -0.00844335556030277 -0.00733327865600585
-0.405426025390625 0.237274169921875 -0.57977294921875 0.0604858398437499
-0.244659423828125 0.3289794921875 -0.327117919921875 0.216033935546875
-0.038604736328125 0.358001708984375 -0.0723114013671875 0.114410400390625
0.15814208984375 0.28729248046875 -0.108528137207031 -0.001708984375
0.238449096679687 0.133148193359375 -0.196792602539062 0.0368804931640625
0.302337646484375 -0.038238525390625 -0.216445922851562 0.144943237304688
0.256973266601563 -0.119461059570313 -0.20831298828125 0.2396240234375
0.245513916015625 -0.100234985351563 -0.190673828125 0.255096435546875
0.2860107421875 -0.10650634765625 -0.235153198242187 0.260025024414062
0.287445068359375 0.003875732421875 -0.3096923828125 0.139404296875
0.238616943359375 0.180435180664063 -0.319091796875 0.00100708007812506
0.0948028564453125 0.269989013671875 -0.192672729492188 -0.128448486328125
-0.175048828125 0.296630859375 -0.0253829956054688 -0.140495300292969
-0.318572998046875 0.247589111328125 -0.0381736755371094 0.036895751953125
-0.413421630859375 0.126861572265625 -0.212677001953125 0.0228271484375
-0.16748046875 0.18426513671875 -0.70098876953125 0.0995483398437501
-0.080322265625 0.190185546875 -0.38800048828125 0.25543212890625
0.03216552734375 0.153030395507813 -0.0821914672851562 0.132537841796875
0.0811996459960937 0.102958679199219 -0.130020141601563 0.0031890869140625
0.0869369506835938 0.0436172485351563 -0.216903686523437 0.0324249267578125
0.122955322265625 -0.0067901611328125 -0.264114379882813 0.161117553710938
0.117012023925781 -0.0220565795898438 -0.2618408203125 0.281707763671875
0.114913940429687 -0.0159225463867188 -0.23785400390625 0.30047607421875
0.139579772949219 -0.00916290283203125 -0.288299560546875 0.287261962890625
0.11767578125 0.0491561889648438 -0.3577880859375 0.15484619140625
0.0668487548828125 0.115737915039063 -0.327972412109375 -0.0108032226562499
-0.012786865234375 0.110588073730469 -0.190765380859375 -0.132308959960938
-0.101280212402344 0.0860595703125 -0.0261917114257813 -0.105659484863281
-0.124259948730469 0.08172607421875 -0.0962295532226563 0.0789566040039062
-0.175155639648438 0.0648040771484375 -0.346588134765625 0.0394287109375
-0.101531982421875 -0.045135498046875 0.368865966796875 -0.128753662109375
-0.0866928100585938 0.08111572265625 0.120574951171875 -0.108932495117188
0.00872802734374999 0.11962890625 -0.0075225830078125 0.0774154663085938
0.0835952758789063 0.0505447387695313 0.158218383789063 0.153900146484375
0.100563049316406 -0.0115890502929688 0.2847900390625 0.053985595703125
0.0599288940429688 -0.0752639770507813 0.3404541015625 -0.151824951171875
0.0275802612304688 -0.101966857910156 0.300445556640625 -0.308380126953125
0.0242080688476563 -0.0805206298828125 0.238433837890625 -0.3079833984375
0.0275802612304687 -0.0828704833984375 0.250900268554688 -0.266815185546875
0.0690574645996094 -0.0417823791503906 0.2745361328125 -0.164321899414063
0.0670394897460938 0.0282745361328125 0.197921752929687 -0.06427001953125
0.0099029541015625 0.078765869140625 0.126861572265625 -0.0435943603515625
-0.0715179443359375 0.0368194580078125 0.146896362304688 -0.1644287109375
-0.101898193359375 -0.0323715209960938 0.3912353515625 -0.282012939453125
-0.0387039184570313 -0.0776824951171875 0.776611328125 -0.076171875
-0.351470947265625 0.03643798828125 0.32305908203125 -0.119415283203125
-0.25164794921875 0.21380615234375 0.10205078125 -0.0883865356445312
-0.073028564453125 0.298736572265625 -0.0160179138183594 0.0699539184570313
0.137527465820313 0.222793579101563 0.131759643554688 0.137947082519531
0.229293823242188 0.080841064453125 0.235610961914063 0.0656280517578125
0.232513427734375 -0.0963897705078125 0.3070068359375 -0.115081787109375
0.175247192382813 -0.186355590820313 0.273483276367187 -0.26007080078125
0.166748046875 -0.158416748046875 0.213165283203125 -0.262283325195313
0.1903076171875 -0.173446655273438 0.219497680664063 -0.218154907226563
0.2452392578125 -0.073883056640625 0.226638793945313 -0.147567749023438
0.233840942382813 0.105926513671875 0.1368408203125 -0.0638198852539063
0.103500366210937 0.23712158203125 0.093841552734375 -0.0674209594726562
-0.149169921875 0.23602294921875 0.137527465820313 -0.203323364257812
-0.284515380859375 0.1390380859375 0.385955810546875 -0.29730224609375
-0.2891845703125 0.00942993164062502 0.7523193359375 -0.101318359375
-0.546875 0.119873046875 0.19976806640625 -0.101226806640625
-0.379730224609375 0.330810546875 0.0450706481933594 -0.0474395751953125
-0.133941650390625 0.452911376953125 -0.0228805541992188 0.072540283203125
0.1851806640625 0.372314453125 0.101310729980469 0.112686157226563
0.335906982421875 0.16253662109375 0.166397094726563 0.065277099609375
0.37615966796875 -0.106475830078125 0.234725952148438 -0.068939208984375
0.297149658203125 -0.245086669921875 0.20855712890625 -0.176834106445313
0.283111572265625 -0.214080810546875 0.15496826171875 -0.176864624023438
0.3233642578125 -0.238800048828125 0.152801513671875 -0.133926391601563
0.386077880859375 -0.099090576171875 0.137718200683594 -0.107513427734375
0.373748779296875 0.16778564453125 0.0453338623046875 -0.0578689575195312
0.191986083984375 0.3677978515625 0.0400772094726563 -0.0955276489257812
-0.201324462890625 0.41778564453125 0.1131591796875 -0.238800048828125
-0.431884765625 0.304443359375 0.345123291015625 -0.282440185546875
-0.49932861328125 0.097808837890625 0.64031982421875 -0.10894775390625
-0.656005859375 0.19342041015625 0.0198822021484375 -0.0714035034179687
-0.449249267578125 0.4210205078125 -0.0383529663085938 0.0141410827636719
-0.154998779296875 0.561187744140625 -0.0289764404296875 0.081817626953125
0.228912353515625 0.470458984375 0.0601806640625 0.0790557861328125
0.4072265625 0.213623046875 0.0743408203125 0.0590591430664063
0.46917724609375 -0.108123779296875 0.129280090332031 -0.0126571655273438
0.374298095703125 -0.270416259765625 0.113594055175781 -0.0700225830078125
0.3560791015625 -0.23675537109375 0.0726776123046875 -0.0644989013671875
0.40557861328125 -0.2696533203125 0.0622596740722657 -0.0244636535644531
0.470458984375 -0.10784912109375 0.0222091674804688 -0.0453414916992188
0.463134765625 0.2064208984375 -0.0660896301269531 -0.0410003662109375
0.258697509765625 0.449310302734375 -0.03106689453125 -0.116134643554687
-0.22406005859375 0.54766845703125 0.074951171875 -0.24896240234375
-0.519195556640625 0.4263916015625 0.267578125 -0.227752685546875
-0.63140869140625 0.1689453125 0.4534912109375 -0.0877685546875
-0.66827392578125 0.24554443359375 -0.186767578125 -0.0287933349609375
-0.4459228515625 0.4627685546875 -0.135231018066406 0.0895919799804688
-0.1365966796875 0.5924072265625 -0.0375289916992188 0.0937728881835938
0.25177001953125 0.493682861328125 0.00496673583984376 0.0439033508300782
0.4228515625 0.224334716796875 -0.0294609069824218 0.0508651733398438
0.49102783203125 -0.102020263671875 0.00551223754882816 0.0478439331054688
0.394256591796875 -0.258453369140625 0.000484466552734396 0.0474739074707031
0.374664306640625 -0.226287841796875 -0.0197563171386719 0.0573158264160156
0.425933837890625 -0.2576904296875 -0.0414352416992187 0.09136962890625
0.48126220703125 -0.095550537109375 -0.103675842285156 0.0288925170898438
0.4739990234375 0.2188720703125 -0.1771240234375 -0.015655517578125
0.271087646484375 0.46185302734375 -0.104072570800781 -0.123558044433594
-0.2249755859375 0.5760498046875 0.0294189453125 -0.227584838867187
-0.527313232421875 0.465423583984375 0.161148071289062 -0.13677978515625
-0.6651611328125 0.19927978515625 0.223846435546875 -0.0463714599609375
-0.58123779296875 0.26495361328125 -0.393280029296875 0.02294921875
-0.373199462890625 0.43505859375 -0.231582641601563 0.16412353515625
-0.091278076171875 0.52325439453125 -0.051666259765625 0.105201721191406
0.23333740234375 0.42742919921875 -0.0564804077148437 0.014923095703125
0.36572265625 0.195281982421875 -0.127151489257812 0.0447540283203125
0.433685302734375 -0.082122802734375 -0.115264892578125 0.104812622070312
0.352935791015625 -0.21014404296875 -0.109939575195312 0.157257080078125
0.33587646484375 -0.18109130859375 -0.110198974609375 0.169189453125
0.3846435546875 -0.203033447265625 -0.14166259765625 0.192901611328125
0.415924072265625 -0.0589599609375 -0.217941284179688 0.0967864990234375
0.39434814453125 0.208831787109375 -0.266311645507813 0.0044708251953125
0.209930419921875 0.39556884765625 -0.160888671875 -0.122787475585938
-0.206878662109375 0.485504150390625 -0.00721740722656252 -0.1845703125
-0.45684814453125 0.397308349609375 0.0526771545410156 -0.036712646484375
-0.58929443359375 0.1832275390625 -0.0128583908081055 0.000271797180175792
-0.404815673828125 0.240325927734375 -0.57305908203125 0.0736083984375
-0.244476318359375 0.33465576171875 -0.3175048828125 0.223480224609375
-0.03466796875 0.361724853515625 -0.0669326782226562 0.116233825683594
0.168853759765625 0.2867431640625 -0.106185913085937 0.00136566162109376
0.245452880859375 0.13055419921875 -0.1943359375 0.03924560546875
0.30316162109375 -0.048919677734375 -0.2088623046875 0.144851684570312
0.255722045898438 -0.127456665039063 -0.200454711914062 0.242034912109375
0.246719360351562 -0.108383178710938 -0.183944702148438 0.255661010742188
0.284881591796875 -0.117095947265625 -0.225204467773437 0.2626953125
0.2882080078125 -0.00628662109375 -0.30255126953125 0.142974853515625
0.246292114257813 0.173538208007813 -0.314788818359375 0.00894165039062499
0.10205078125 0.270614624023438 -0.1898193359375 -0.12200927734375
-0.1697998046875 0.30279541015625 -0.0271759033203125 -0.138648986816406
-0.3145751953125 0.252410888671875 -0.0396270751953125 0.0422706604003906
-0.4180908203125 0.130401611328125 -0.215408325195313 0.0352325439453125
-0.167724609375 0.18310546875 -0.69549560546875 0.1124267578125
-0.0842437744140625 0.19195556640625 -0.380889892578125 0.26385498046875
0.0310516357421875 0.154083251953125 -0.0767745971679688 0.133697509765625
0.0862808227539063 0.104537963867188 -0.127632141113281 0.00592041015624999
0.0910720825195312 0.0444564819335937 -0.214691162109375 0.03564453125
0.126205444335938 -0.0114593505859375 -0.258331298828125 0.163345336914063
0.118453979492187 -0.0288619995117187 -0.253936767578125 0.286468505859375
0.117942810058594 -0.0209808349609375 -0.231292724609375 0.302398681640625
0.143142700195312 -0.0157012939453125 -0.28009033203125 0.29144287109375
0.12249755859375 0.0438003540039062 -0.349151611328125 0.159912109375
0.0731658935546875 0.113258361816406 -0.32415771484375 -0.00198364257812493
-0.00782012939453126 0.113250732421875 -0.189788818359375 -0.126235961914063
-0.100296020507812 0.0917739868164063 -0.0288238525390625 -0.103897094726563
-0.126655578613281 0.0838699340820312 -0.0987701416015625 0.0836868286132813
-0.181396484375 0.0650634765625 -0.3516845703125 0.053497314453125
-0.100624084472656 -0.043731689453125 0.380828857421875 -0.14324951171875
-0.0797271728515625 0.0798873901367187 0.126335144042969 -0.117095947265625
0.0119400024414063 0.116767883300781 -0.0075531005859375 0.0768203735351563
0.0818405151367188 0.0477676391601563 0.161468505859375 0.151885986328125
0.0984725952148437 -0.0147628784179687 0.288330078125 0.04864501953125
0.0564651489257813 -0.0770492553710938 0.341064453125 -0.16033935546875
0.0227127075195313 -0.103370666503906 0.297760009765625 -0.319793701171875
0.0189437866210938 -0.07977294921875 0.236663818359375 -0.3177490234375
0.0216140747070312 -0.0823211669921875 0.250198364257813 -0.276260375976563
0.0649795532226563 -0.0448951721191406 0.27520751953125 -0.171371459960938
0.0675048828125 0.0251731872558594 0.19964599609375 -0.0680694580078125
0.0123519897460938 0.0770187377929688 0.127090454101563 -0.0466766357421875
-0.0698699951171875 0.0381088256835937 0.144287109375 -0.16741943359375
-0.0996627807617188 -0.0277938842773438 0.3927001953125 -0.295440673828125
-0.035675048828125 -0.0743331909179688 0.79010009765625 -0.09368896484375
-0.3536376953125 0.04461669921875 0.3363037109375 -0.133087158203125
-0.244598388671875 0.217910766601563 0.109992980957031 -0.0962295532226562
-0.0675048828125 0.30218505859375 -0.0151405334472656 0.0694808959960938
0.142135620117188 0.221389770507813 0.135833740234375 0.136024475097656
0.232009887695313 0.0761871337890625 0.238632202148438 0.061065673828125
0.231674194335938 -0.104278564453125 0.30804443359375 -0.123779296875
0.171066284179687 -0.194137573242188 0.27166748046875 -0.271026611328125
0.162750244140625 -0.163955688476563 0.211715698242187 -0.273590087890625
0.185546875 -0.180862426757812 0.22113037109375 -0.227569580078125
0.242660522460937 -0.082763671875 0.226821899414063 -0.154052734375
0.240631103515625 0.0988616943359375 0.138076782226563 -0.0650482177734375
0.1123046875 0.235931396484375 0.0956802368164062 -0.0708541870117187
-0.145309448242187 0.244430541992188 0.13543701171875 -0.207672119140625
-0.28302001953125 0.151519775390625 0.389862060546875 -0.307373046875
-0.29168701171875 0.0186767578125 0.76318359375 -0.11688232421875
-0.551605224609375 0.131500244140625 0.212417602539062 -0.111434936523437
-0.374603271484375 0.338409423828125 0.0538597106933594 -0.0521774291992187
-0.127105712890625 0.460235595703125 -0.0207672119140625 0.072174072265625
0.198211669921875 0.371612548828125 0.104522705078125 0.111038208007813
0.343353271484375 0.156158447265625 0.168228149414063 0.0623016357421875
0.376800537109375 -0.120452880859375 0.237564086914063 -0.076141357421875
0.294403076171875 -0.258453369140625 0.208786010742188 -0.187149047851563
0.280776977539063 -0.224853515625 0.152633666992188 -0.18695068359375
0.3199462890625 -0.252471923828125 0.156631469726563 -0.141098022460938
0.385711669921875 -0.111541748046875 0.137252807617188 -0.111785888671875
0.386016845703125 0.1571044921875 0.0462455749511719 -0.0564460754394531
0.207061767578125 0.367919921875 0.04180908203125 -0.098480224609375
-0.19580078125 0.430572509765625 0.110458374023437 -0.2410888671875
-0.43035888671875 0.321990966796875 0.34747314453125 -0.29071044921875
-0.50616455078125 0.110870361328125 0.64898681640625 -0.11895751953125
-0.66156005859375 0.20782470703125 0.0298233032226562 -0.0766677856445312
-0.445953369140625 0.43365478515625 -0.0295581817626953 0.0119590759277344
-0.1463623046875 0.5726318359375 -0.0255203247070313 0.081695556640625
0.246490478515625 0.47052001953125 0.0629043579101563 0.077728271484375
0.419097900390625 0.20745849609375 0.0765914916992188 0.0577316284179688
0.470947265625 -0.125762939453125 0.133773803710938 -0.0182418823242188
0.373291015625 -0.288787841796875 0.114921569824219 -0.0764389038085938
0.3548583984375 -0.251129150390625 0.0721817016601563 -0.0717544555664063
0.40399169921875 -0.285614013671875 0.0666770935058594 -0.0294570922851563
0.471099853515625 -0.123260498046875 0.021728515625 -0.0465888977050781
0.4793701171875 0.194580078125 -0.0652084350585937 -0.0373954772949219
0.27655029296875 0.44921875 -0.0296249389648437 -0.118270874023437
-0.2171630859375 0.56353759765625 0.0717926025390625 -0.251861572265625
-0.519683837890625 0.445953369140625 0.269012451171875 -0.232940673828125
-0.6429443359375 0.18341064453125 0.46038818359375 -0.093170166015625
-0.674560546875 0.26123046875 -0.180404663085938 -0.0280609130859375
-0.445465087890625 0.477691650390625 -0.126991271972656 0.0910263061523438
-0.12847900390625 0.606689453125 -0.033477783203125 0.0941772460937501
0.272003173828125 0.495574951171875 0.00777053833007814 0.0431365966796875
0.43804931640625 0.218841552734375 -0.0283966064453125 0.0515174865722656
0.49578857421875 -0.121002197265625 0.0104255676269532 0.0444374084472656
0.39495849609375 -0.276580810546875 0.0036888122558594 0.04449462890625
0.375946044921875 -0.241607666015625 -0.0196495056152343 0.0537605285644531
0.427764892578125 -0.276153564453125 -0.035888671875 0.0904083251953125
0.484344482421875 -0.11199951171875 -0.104293823242187 0.0307540893554687
0.491058349609375 0.2078857421875 -0.177337646484375 -0.00953674316406251
0.288604736328125 0.463226318359375 -0.103378295898438 -0.124290466308594
-0.21612548828125 0.5936279296875 0.0275726318359375 -0.22967529296875
-0.5255126953125 0.4830322265625 0.163314819335937 -0.136993408203125
-0.67755126953125 0.21337890625 0.225921630859375 -0.04498291015625
-0.587890625 0.27801513671875 -0.3916015625 0.0294189453125
-0.37408447265625 0.449188232421875 -0.225311279296875 0.170761108398438
-0.08575439453125 0.53564453125 -0.0464859008789063 0.106521606445313
0.25152587890625 0.4305419921875 -0.0547943115234375 0.0166854858398438
0.380615234375 0.19122314453125 -0.127433776855469 0.0478057861328125
0.438873291015625 -0.0982666015625 -0.111312866210937 0.105094909667969
0.3546142578125 -0.22674560546875 -0.1064453125 0.15948486328125
0.339141845703125 -0.195892333984375 -0.109375 0.16943359375
0.387176513671875 -0.22076416015625 -0.136062622070312 0.195404052734375
0.421356201171875 -0.073150634765625 -0.217391967773437 0.101898193359375
0.4090576171875 0.20050048828125 -0.2662353515625 0.0126190185546875
0.22509765625 0.398101806640625 -0.16217041015625 -0.122299194335937
-0.20281982421875 0.499725341796875 -0.00926208496093751 -0.18646240234375
-0.458221435546875 0.412841796875 0.0531997680664062 -0.0338134765625
-0.60418701171875 0.19415283203125 -0.0145225524902344 0.00804138183593751
-0.411102294921875 0.24951171875 -0.57525634765625 0.0855712890625
-0.248077392578125 0.3465576171875 -0.31390380859375 0.234100341796875
-0.03265380859375 0.371612548828125 -0.0622787475585937 0.118850708007813
0.183349609375 0.29095458984375 -0.105628967285156 0.00353240966796878
0.2569580078125 0.128768920898438 -0.195220947265625 0.043548583984375
0.3092041015625 -0.06134033203125 -0.206222534179687 0.148544311523438
0.25830078125 -0.140701293945313 -0.196533203125 0.248977661132813
0.249588012695313 -0.119705200195313 -0.183349609375 0.260574340820313
0.2896728515625 -0.130462646484375 -0.220306396484375 0.268905639648438
0.29412841796875 -0.01641845703125 -0.30206298828125 0.150726318359375
0.2584228515625 0.1683349609375 -0.316497802734375 0.0174560546875
0.112197875976562 0.275588989257813 -0.190780639648437 -0.120025634765625
-0.1661376953125 0.31463623046875 -0.0281143188476563 -0.139945983886719
-0.3173828125 0.262908935546875 -0.0400924682617188 0.04766845703125
-0.43048095703125 0.13775634765625 -0.221694946289063 0.04742431640625
-0.171768188476562 0.18499755859375 -0.7032470703125 0.12994384765625
-0.0890655517578125 0.197967529296875 -0.380462646484375 0.277191162109375
0.029937744140625 0.158737182617188 -0.0722274780273438 0.136932373046875
0.0936355590820313 0.107475280761719 -0.128372192382813 0.00936889648437502
0.0974578857421875 0.0455093383789063 -0.217086791992187 0.0404205322265625
0.130462646484375 -0.0165176391601563 -0.257247924804688 0.168746948242187
0.120994567871094 -0.0348129272460937 -0.251617431640625 0.296539306640625
0.122062683105469 -0.0272369384765625 -0.229644775390625 0.31195068359375
0.148239135742188 -0.022918701171875 -0.27764892578125 0.301055908203125
0.128204345703125 0.0381698608398438 -0.34808349609375 0.168731689453125
0.0806884765625 0.112846374511719 -0.3265380859375 0.00585937500000003
-0.003387451171875 0.118759155273437 -0.192535400390625 -0.123672485351562
-0.100120544433594 0.0984344482421875 -0.0310440063476563 -0.105583190917969
-0.129913330078125 0.0874099731445312 -0.10174560546875 0.0909347534179687
-0.19091796875 0.067352294921875 -0.361328125 0.0687255859374999
-0.101493835449219 -0.0402374267578125 0.3931884765625 -0.165985107421875
-0.0734634399414063 0.0816574096679688 0.131126403808594 -0.129386901855469
0.0176315307617188 0.114883422851563 -0.00586700439453125 0.0783462524414063
0.0813446044921875 0.0456695556640625 0.169601440429688 0.148666381835938
0.0970840454101563 -0.0193023681640625 0.2955322265625 0.038970947265625
0.0516510009765625 -0.08099365234375 0.34161376953125 -0.17596435546875
0.01678466796875 -0.106033325195313 0.291168212890625 -0.3411865234375
0.0127944946289063 -0.0805587768554688 0.231658935546875 -0.3359375
0.0143280029296875 -0.0829925537109375 0.247802734375 -0.293365478515625
0.0596885681152344 -0.04852294921875 0.276153564453125 -0.186355590820313
0.0688209533691406 0.0206527709960938 0.202560424804688 -0.07666015625
0.0166091918945312 0.07568359375 0.128738403320313 -0.0522842407226562
-0.0685005187988281 0.0414543151855469 0.141891479492188 -0.176300048828125
-0.0987167358398438 -0.0214691162109375 0.395172119140625 -0.318878173828125
-0.0339202880859375 -0.073089599609375 0.80767822265625 -0.1265869140625
-0.357818603515625 0.0591735839843751 0.350128173828125 -0.154510498046875
-0.238601684570313 0.227920532226562 0.116897583007812 -0.107170104980469
-0.05889892578125 0.309478759765625 -0.0129928588867187 0.07037353515625
0.152252197265625 0.22027587890625 0.142959594726563 0.133193969726563
0.238998413085938 0.0688629150390625 0.245513916015625 0.0540313720703125
0.229812622070313 -0.118606567382813 0.311187744140625 -0.13861083984375
0.165206909179688 -0.207077026367188 0.26904296875 -0.29144287109375
0.157562255859375 -0.174392700195313 0.206268310546875 -0.2908935546875
0.179306030273437 -0.192657470703125 0.221115112304688 -0.243942260742188
0.240859985351563 -0.096405029296875 0.22698974609375 -0.166473388671875
0.251220703125 0.0881195068359375 0.140869140625 -0.070526123046875
0.126022338867188 0.236282348632813 0.0965194702148438 -0.0765380859375
-0.1392822265625 0.25811767578125 0.13153076171875 -0.216232299804687
-0.281829833984375 0.17041015625 0.39306640625 -0.33056640625
-0.29669189453125 0.0318603515625 0.78076171875 -0.14892578125
-0.559326171875 0.154022216796875 0.224502563476563 -0.127243041992188
-0.3699951171875 0.357818603515625 0.0621147155761718 -0.0605850219726562
-0.11505126953125 0.47674560546875 -0.0172271728515625 0.0736160278320313
0.217498779296875 0.37017822265625 0.111785888671875 0.109130859375
0.358001708984375 0.1463623046875 0.174270629882813 0.058685302734375
0.379486083984375 -0.141265869140625 0.242538452148438 -0.0887603759765625
0.289581298828125 -0.280548095703125 0.207992553710938 -0.203933715820313
0.277435302734375 -0.242523193359375 0.149169921875 -0.200836181640625
0.31585693359375 -0.274444580078125 0.158447265625 -0.154891967773438
0.387786865234375 -0.13189697265625 0.136466979980469 -0.119094848632813
0.40460205078125 0.14031982421875 0.0472946166992188 -0.0573959350585937
0.2293701171875 0.367919921875 0.0410003662109375 -0.104385375976562
-0.1846923828125 0.453094482421875 0.105575561523437 -0.250106811523438
-0.42816162109375 0.3507080078125 0.351043701171875 -0.3095703125
-0.517120361328125 0.134552001953125 0.66455078125 -0.14306640625
-0.6724853515625 0.2352294921875 0.0387954711914062 -0.0842742919921875
-0.439422607421875 0.457672119140625 -0.0209026336669922 0.0100364685058594
-0.13201904296875 0.594970703125 -0.020538330078125 0.0834960937500001
0.273223876953125 0.4725341796875 0.0683517456054688 0.0768814086914063
0.438507080078125 0.19586181640625 0.0802841186523438 0.0563430786132813
0.476165771484375 -0.152191162109375 0.1392822265625 -0.0268478393554688
0.36993408203125 -0.314453125 0.115684509277344 -0.0878067016601563
0.3529052734375 -0.27362060546875 0.0699691772460938 -0.0800933837890625
0.402313232421875 -0.31390380859375 0.0710983276367188 -0.0371627807617188
0.4766845703125 -0.14898681640625 0.0202407836914063 -0.0479087829589844
0.50146484375 0.175506591796875 -0.0659027099609375 -0.03277587890625
0.30462646484375 0.44921875 -0.032318115234375 -0.122962951660156
-0.20294189453125 0.5906982421875 0.0656890869140625 -0.258956909179688
-0.51416015625 0.481597900390625 0.27093505859375 -0.244659423828125
-0.65692138671875 0.211181640625 0.47113037109375 -0.1082763671875
-0.6868896484375 0.28875732421875 -0.17724609375 -0.0264892578125
-0.44061279296875 0.50445556640625 -0.119232177734375 0.0958557128906251
-0.111572265625 0.6309814453125 -0.0276718139648438 0.096710205078125
0.303802490234375 0.495513916015625 0.0108642578125 0.0437278747558594
0.46112060546875 0.207733154296875 -0.0274848937988281 0.0541152954101563
0.503021240234375 -0.147857666015625 0.0154266357421875 0.041046142578125
0.392486572265625 -0.30487060546875 0.00724792480468752 0.0421562194824219
0.375579833984375 -0.2659912109375 -0.0208244323730469 0.0516204833984375
0.427459716796875 -0.30645751953125 -0.0287628173828125 0.0894851684570312
0.49169921875 -0.137481689453125 -0.105079650878906 0.0353240966796875
0.51416015625 0.189666748046875 -0.179031372070313 -0.000610351562499974
0.31549072265625 0.464508056640625 -0.10845947265625 -0.12652587890625
-0.2012939453125 0.62115478515625 0.020263671875 -0.235809326171875
-0.523681640625 0.516448974609375 0.165725708007812 -0.142379760742187
-0.695556640625 0.24163818359375 0.231048583984375 -0.0481719970703125
-0.59625244140625 0.30194091796875 -0.39459228515625 0.0427856445312501
-0.371337890625 0.47686767578125 -0.219482421875 0.182815551757813
-0.07073974609375 0.559173583984375 -0.041015625 0.109840393066406
0.280059814453125 0.432769775390625 -0.0532379150390625 0.0189208984375
0.402740478515625 0.181610107421875 -0.128715515136719 0.053375244140625
0.44586181640625 -0.12322998046875 -0.106544494628906 0.107498168945313
0.35443115234375 -0.251861572265625 -0.101394653320312 0.1641845703125
0.340576171875 -0.218048095703125 -0.1080322265625 0.175369262695312
0.389312744140625 -0.247344970703125 -0.1279296875 0.201919555664062
0.428466796875 -0.093780517578125 -0.218215942382812 0.113082885742187
0.43084716796875 0.1859130859375 -0.26983642578125 0.0242767333984375
0.248046875 0.400482177734375 -0.168350219726562 -0.121139526367188
-0.18902587890625 0.5250244140625 -0.01580810546875 -0.190811157226562
-0.4544677734375 0.44091796875 0.0553016662597656 -0.0313491821289062
-0.62054443359375 0.2197265625 -0.0147819519042969 0.0150089263916016
-0.418365478515625 0.26806640625 -0.585693359375 0.107177734375
-0.247955322265625 0.3675537109375 -0.31085205078125 0.25286865234375
-0.023773193359375 0.3880615234375 -0.0566024780273438 0.124229431152344
0.204803466796875 0.29205322265625 -0.105384826660156 0.007720947265625
0.273757934570313 0.122894287109375 -0.1983642578125 0.0526885986328125
0.315155029296875 -0.0792236328125 -0.20355224609375 0.157058715820313
0.260391235351562 -0.159713745117188 -0.191116333007813 0.259994506835937
0.253250122070313 -0.137161254882813 -0.181060791015625 0.27191162109375
0.2938232421875 -0.1514892578125 -0.2132568359375 0.2816162109375
0.302734375 -0.031768798828125 -0.30279541015625 0.164031982421875
0.27606201171875 0.159896850585937 -0.321685791015625 0.0306396484375
0.128387451171875 0.27960205078125 -0.198455810546875 -0.117050170898437
-0.159759521484375 0.3319091796875 -0.0333099365234375 -0.143142700195312
-0.318756103515625 0.281890869140625 -0.0396461486816406 0.0553321838378906
-0.44561767578125 0.155517578125 -0.227645874023438 0.0632781982421875
-0.175125122070313 0.192031860351563 -0.717529296875 0.16168212890625
-0.0904998779296875 0.208175659179688 -0.379241943359375 0.302154541015625
0.03143310546875 0.165390014648438 -0.0668182373046875 0.143081665039063
0.103202819824219 0.107933044433594 -0.129188537597656 0.0140533447265625
0.105087280273438 0.0449066162109375 -0.221176147460938 0.0494537353515625
0.135025024414062 -0.0238113403320312 -0.25799560546875 0.17999267578125
0.124404907226563 -0.0429840087890625 -0.2464599609375 0.314208984375
0.127090454101563 -0.0362625122070312 -0.22625732421875 0.328125
0.15350341796875 -0.0336761474609375 -0.271026611328125 0.319122314453125
0.135749816894531 0.0313262939453125 -0.348175048828125 0.184722900390625
0.0911712646484375 0.111030578613281 -0.332275390625 0.018829345703125
0.00341796875000001 0.124053955078125 -0.200149536132813 -0.119033813476563
-0.0992355346679687 0.106796264648438 -0.0358200073242187 -0.106925964355469
-0.133811950683594 0.094940185546875 -0.103553771972656 0.102622985839844
-0.201156616210937 0.07440185546875 -0.37213134765625 0.090606689453125
-0.102790832519531 -0.034393310546875 0.397186279296875 -0.197479248046875
-0.0651779174804688 0.0820465087890625 0.131179809570313 -0.144866943359375
0.02435302734375 0.1121826171875 -0.00254821777343749 0.0786209106445313
0.0813980102539063 0.0418701171875 0.180007934570312 0.140151977539062
0.094207763671875 -0.0247116088867188 0.30035400390625 0.0223388671875
0.0450592041015625 -0.0856552124023438 0.335357666015625 -0.19805908203125
0.00660705566406249 -0.107498168945313 0.2750244140625 -0.36444091796875
0.00553131103515626 -0.079803466796875 0.215576171875 -0.35546875
0.00637054443359374 -0.0825347900390625 0.235595703125 -0.314178466796875
0.0536308288574219 -0.0519866943359375 0.268875122070313 -0.205047607421875
0.0699043273925781 0.0142707824707031 0.2020263671875 -0.0890350341796875
0.021697998046875 0.0730972290039063 0.127601623535156 -0.0610275268554687
-0.0655288696289063 0.0460281372070313 0.133682250976563 -0.186569213867187
-0.0970687866210938 -0.0129547119140625 0.384918212890625 -0.349945068359375
-0.034149169921875 -0.0712203979492187 0.812744140625 -0.177978515625
-0.358184814453125 0.080413818359375 0.354400634765625 -0.18316650390625
-0.2236328125 0.239837646484375 0.12054443359375 -0.121810913085937
-0.04217529296875 0.314483642578125 -0.00881195068359376 0.071197509765625
0.1644287109375 0.212799072265625 0.1527099609375 0.125869750976562
0.244140625 0.0554351806640625 0.25128173828125 0.04022216796875
0.222396850585938 -0.134963989257813 0.3074951171875 -0.158935546875
0.151824951171875 -0.221145629882813 0.25555419921875 -0.31439208984375
0.1461181640625 -0.18572998046875 0.19140625 -0.309783935546875
0.166824340820313 -0.206039428710938 0.21240234375 -0.264328002929688
0.234527587890625 -0.112716674804688 0.220428466796875 -0.18115234375
0.260330200195313 0.0700836181640625 0.140174865722656 -0.0789031982421875
0.144012451171875 0.229568481445313 0.0937118530273438 -0.0853195190429688
-0.12493896484375 0.272811889648438 0.120986938476562 -0.22552490234375
-0.272552490234375 0.193191528320313 0.38214111328125 -0.360107421875
-0.29803466796875 0.051788330078125 0.787109375 -0.19677734375
-0.55804443359375 0.186492919921875 0.229293823242187 -0.148117065429688
-0.350677490234375 0.378662109375 0.0685386657714843 -0.0702285766601562
-0.090301513671875 0.490631103515625 -0.0119552612304687 0.0740509033203125
0.241790771484375 0.361602783203125 0.12042236328125 0.103317260742188
0.371337890625 0.126617431640625 0.179901123046875 0.0500640869140625
0.372833251953125 -0.17022705078125 0.242034912109375 -0.107086181640625
0.27392578125 -0.3052978515625 0.199111938476563 -0.222320556640625
0.264450073242188 -0.263687133789063 0.137619018554688 -0.2154541015625
0.300048828125 -0.2998046875 0.154388427734375 -0.1697998046875
0.38140869140625 -0.159423828125 0.1319580078125 -0.128387451171875
0.42041015625 0.11376953125 0.0465431213378907 -0.0594711303710938
0.2569580078125 0.35772705078125 0.0356521606445313 -0.110275268554687
-0.16009521484375 0.474365234375 0.0921630859375 -0.257598876953125
-0.410247802734375 0.3843994140625 0.342132568359375 -0.333404541015625
-0.519866943359375 0.16802978515625 0.6678466796875 -0.182373046875
-0.67022705078125 0.27362060546875 0.0432052612304687 -0.0929641723632813
-0.4197998046875 0.4881591796875 -0.0123786926269532 0.00651741027832034
-0.1016845703125 0.6142578125 -0.0139999389648437 0.0846099853515625
0.308135986328125 0.460205078125 0.0754470825195313 0.07275390625
0.4576416015625 0.17254638671875 0.0848159790039063 0.054046630859375
0.471282958984375 -0.186370849609375 0.141677856445313 -0.0390167236328125
0.355316162109375 -0.34515380859375 0.113594055175781 -0.0997161865234375
0.3399658203125 -0.30194091796875 0.0633316040039063 -0.0879898071289063
0.386627197265625 -0.34869384765625 0.0730743408203125 -0.0457000732421875
0.470855712890625 -0.182342529296875 0.01837158203125 -0.0499725341796875
0.522491455078125 0.14263916015625 -0.0657196044921875 -0.0273399353027344
0.33660888671875 0.438629150390625 -0.0394210815429687 -0.124641418457031
-0.17083740234375 0.6156005859375 0.0523529052734375 -0.264755249023437
-0.49212646484375 0.521087646484375 0.266311645507812 -0.261062622070312
-0.66033935546875 0.25299072265625 0.472381591796875 -0.13336181640625
-0.6834716796875 0.33001708984375 -0.173904418945313 -0.019927978515625
-0.4197998046875 0.538116455078125 -0.107925415039063 0.10113525390625
-0.0775756835937501 0.6529541015625 -0.019622802734375 0.09857177734375
0.34014892578125 0.48382568359375 0.016143798828125 0.0426406860351563
0.48297119140625 0.181915283203125 -0.0236053466796875 0.0574760437011719
0.49774169921875 -0.185577392578125 0.0208778381347657 0.0365524291992187
0.379119873046875 -0.338836669921875 0.0113258361816406 0.0379676818847656
0.364410400390625 -0.29656982421875 -0.0209465026855469 0.0512237548828125
0.413360595703125 -0.342041015625 -0.0218658447265625 0.0880355834960937
0.488525390625 -0.170867919921875 -0.1041259765625 0.0424880981445313
0.536346435546875 0.156036376953125 -0.180007934570312 0.011444091796875
0.349334716796875 0.4510498046875 -0.117202758789062 -0.124313354492187
-0.16912841796875 0.64569091796875 0.00686645507812498 -0.23876953125
-0.50042724609375 0.556427001953125 0.163604736328125 -0.150650024414062
-0.697509765625 0.28515625 0.233016967773437 -0.058685302734375
-0.59368896484375 0.338134765625 -0.393035888671875 0.06365966796875
-0.35260009765625 0.505157470703125 -0.207321166992188 0.19793701171875
-0.0430297851562499 0.57696533203125 -0.0314483642578125 0.112716674804688
0.31536865234375 0.419403076171875 -0.0502090454101562 0.0215263366699219
0.423858642578125 0.159393310546875 -0.125900268554687 0.0631103515625
0.4449462890625 -0.1563720703125 -0.0995025634765625 0.111381530761719
0.3450927734375 -0.28204345703125 -0.0920257568359375 0.170059204101562
0.332427978515625 -0.2449951171875 -0.102218627929688 0.182830810546875
0.37957763671875 -0.28167724609375 -0.116485595703125 0.2091064453125
0.4281005859375 -0.12469482421875 -0.214431762695313 0.126724243164062
0.451171875 0.158172607421875 -0.269744873046875 0.041900634765625
0.278228759765625 0.39300537109375 -0.177032470703125 -0.115814208984375
-0.1630859375 0.545623779296875 -0.02667236328125 -0.191207885742188
-0.438079833984375 0.47662353515625 0.0567131042480468 -0.0307235717773437
-0.62579345703125 0.2579345703125 -0.0134754180908204 0.0206222534179688
-0.415496826171875 0.29266357421875 -0.58563232421875 0.1422119140625
-0.235198974609375 0.38995361328125 -0.29803466796875 0.2762451171875
-0.00424194335937504 0.40240478515625 -0.0469207763671875 0.128242492675781
0.22998046875 0.284149169921875 -0.104484558105469 0.0137481689453125
0.2900390625 0.108734130859375 -0.197601318359375 0.065460205078125
0.316070556640625 -0.1024169921875 -0.196075439453125 0.16741943359375
0.255859375 -0.181716918945313 -0.17742919921875 0.274398803710938
0.250030517578125 -0.1578369140625 -0.16900634765625 0.28668212890625
0.289581298828125 -0.176910400390625 -0.19854736328125 0.296112060546875
0.30535888671875 -0.05401611328125 -0.296417236328125 0.1839599609375
0.29266357421875 0.1429443359375 -0.32159423828125 0.0517272949218751
0.149322509765625 0.277099609375 -0.206939697265625 -0.109130859375
-0.143280029296875 0.348114013671875 -0.042755126953125 -0.142349243164062
-0.3096923828125 0.304168701171875 -0.0364532470703125 0.0628166198730469
-0.45147705078125 0.181365966796875 -0.227981567382813 0.083038330078125
-0.172012329101563 0.201187133789062 -0.71917724609375 0.206298828125
-0.0864410400390625 0.22015380859375 -0.368011474609375 0.330780029296875
0.0380096435546875 0.170928955078125 -0.057708740234375 0.148574829101563
0.114822387695313 0.104736328125 -0.12835693359375 0.0215530395507813
0.113914489746094 0.0396652221679688 -0.221405029296875 0.0620727539062501
0.137657165527344 -0.0345916748046875 -0.250656127929688 0.195632934570312
0.125747680664063 -0.0541305541992188 -0.231231689453125 0.33441162109375
0.128166198730469 -0.0477523803710938 -0.2109375 0.34722900390625
0.155410766601563 -0.0489349365234375 -0.254974365234375 0.339111328125
0.142181396484375 0.020416259765625 -0.340484619140625 0.20703125
0.10211181640625 0.106010437011719 -0.333984375 0.040374755859375
0.0136489868164063 0.127113342285156 -0.208389282226563 -0.109146118164062
-0.0948562622070313 0.115821838378906 -0.0434646606445313 -0.106147766113281
-0.133934020996094 0.104408264160156 -0.100044250488281 0.114974975585938
-0.207839965820313 0.0871124267578125 -0.374481201171875 0.1209716796875
-0.101005554199219 -0.0267715454101563 0.386749267578125 -0.226409912109375
-0.0554122924804688 0.0804901123046875 0.126007080078125 -0.157928466796875
0.031005859375 0.10546875 0.00299835205078124 0.077850341796875
0.08038330078125 0.036865234375 0.186065673828125 0.126922607421875
0.089569091796875 -0.0294570922851563 0.297393798828125 0.004180908203125
0.036529541015625 -0.0872879028320313 0.319305419921875 -0.2159423828125
-0.00388336181640624 -0.105270385742188 0.246826171875 -0.3790283203125
-0.00218200683593749 -0.0766830444335938 0.191375732421875 -0.367706298828125
-0.00170135498046875 -0.0792770385742188 0.215087890625 -0.3277587890625
0.0454483032226563 -0.0541915893554688 0.253707885742188 -0.218994140625
0.0683517456054688 0.00732040405273438 0.194625854492187 -0.100341796875
0.0264205932617187 0.0685195922851563 0.122207641601562 -0.068817138671875
-0.0598640441894531 0.0494155883789062 0.120956420898437 -0.192840576171875
-0.0916213989257813 -0.00518798828125001 0.35955810546875 -0.374755859375
-0.0341567993164063 -0.0675697326660156 0.79339599609375 -0.22698974609375
-0.34820556640625 0.101226806640625 0.347686767578125 -0.210052490234375
-0.203323364257813 0.24481201171875 0.118217468261719 -0.135528564453125
-0.022247314453125 0.312286376953125 -0.00305938720703125 0.0701103210449219
0.174346923828125 0.199661254882813 0.159011840820312 0.113967895507813
0.244064331054688 0.03924560546875 0.250579833984375 0.025299072265625
0.208633422851562 -0.149093627929688 0.294525146484375 -0.177703857421875
0.132293701171875 -0.229278564453125 0.23272705078125 -0.32989501953125
0.130035400390625 -0.19146728515625 0.1695556640625 -0.320159912109375
0.148117065429687 -0.2152099609375 0.19476318359375 -0.27777099609375
0.221282958984375 -0.127426147460938 0.207061767578125 -0.192886352539063
0.261123657226563 0.04833984375 0.135528564453125 -0.0858917236328125
0.15765380859375 0.215957641601562 0.0873641967773438 -0.0908050537109375
-0.104934692382813 0.2801513671875 0.10687255859375 -0.22991943359375
-0.253433227539063 0.21112060546875 0.35992431640625 -0.382843017578125
-0.290771484375 0.070281982421875 0.76617431640625 -0.2427978515625
-0.541839599609375 0.216766357421875 0.22698974609375 -0.167556762695313
-0.321685791015625 0.391571044921875 0.0710678100585938 -0.0805587768554687
-0.060333251953125 0.49053955078125 -0.00569152832031251 0.072967529296875
0.261199951171875 0.341064453125 0.126724243164063 0.0932388305664063
0.37518310546875 0.102081298828125 0.18170166015625 0.03912353515625
0.354827880859375 -0.19384765625 0.2332763671875 -0.1234130859375
0.24774169921875 -0.321533203125 0.182754516601563 -0.236434936523438
0.242141723632813 -0.277542114257813 0.121994018554688 -0.222869873046875
0.274322509765625 -0.319366455078125 0.144256591796875 -0.181533813476563
0.36444091796875 -0.183990478515625 0.123130798339844 -0.134361267089844
0.42340087890625 0.08087158203125 0.0451889038085938 -0.0609054565429687
0.27880859375 0.33746337890625 0.0282516479492188 -0.112258911132812
-0.1285400390625 0.483734130859375 0.076873779296875 -0.26031494140625
-0.3809814453125 0.409881591796875 0.323883056640625 -0.35272216796875
-0.50665283203125 0.198333740234375 0.65032958984375 -0.22100830078125
-0.64996337890625 0.31036376953125 0.0458145141601562 -0.100173950195312
-0.385345458984375 0.50482177734375 -0.00361847877502444 0.00160956382751468
-0.06317138671875 0.617431640625 -0.00660705566406249 0.0831298828125
0.333282470703125 0.43402099609375 0.0810394287109375 0.0657119750976563
0.466094970703125 0.13995361328125 0.0885238647460938 0.0493011474609375
0.451385498046875 -0.218475341796875 0.139945983886719 -0.0516281127929688
0.325653076171875 -0.369415283203125 0.105751037597656 -0.110176086425781
0.316802978515625 -0.321746826171875 0.0551223754882813 -0.0931549072265625
0.356842041015625 -0.37408447265625 0.0714035034179688 -0.054656982421875
0.451904296875 -0.2132568359375 0.0152244567871094 -0.0497283935546875
0.5269775390625 0.10150146484375 -0.0644493103027343 -0.0213737487792969
0.36260986328125 0.412200927734375 -0.046844482421875 -0.122406005859375
-0.13153076171875 0.62506103515625 0.0365142822265625 -0.263717651367188
-0.455108642578125 0.54864501953125 0.251907348632812 -0.274612426757812
-0.6441650390625 0.289794921875 0.460784912109375 -0.158599853515625
-0.66143798828125 0.365234375 -0.166152954101563 -0.014190673828125
-0.384857177734375 0.557403564453125 -0.0936737060546875 0.103179931640625
-0.03973388671875 0.65655517578125 -0.0111541748046875 0.0974273681640626
0.369598388671875 0.455078125 0.02069091796875 0.039581298828125
0.491912841796875 0.148162841796875 -0.0178565979003906 0.0601425170898438
0.4788818359375 -0.219390869140625 0.0243968963623047 0.0304298400878906
0.352691650390625 -0.36456298828125 0.0134849548339844 0.0331668853759765
0.342041015625 -0.317718505859375 -0.0199737548828125 0.05157470703125
0.3841552734375 -0.370574951171875 -0.0141754150390625 0.0838546752929687
0.469970703125 -0.2042236328125 -0.100044250488281 0.0484771728515625
0.541534423828125 0.115570068359375 -0.173965454101563 0.0240936279296875
0.37554931640625 0.424530029296875 -0.123611450195312 -0.116958618164062
-0.1285400390625 0.65374755859375 -0.00614929199218752 -0.2357177734375
-0.46368408203125 0.582763671875 0.157485961914062 -0.157119750976562
-0.67950439453125 0.32452392578125 0.227981567382813 -0.069305419921875
-0.57330322265625 0.36810302734375 -0.38079833984375 0.084564208984375
-0.32244873046875 0.524993896484375 -0.187545776367187 0.207122802734375
-0.0101318359375 0.5819091796875 -0.0222396850585937 0.112358093261719
0.3409423828125 0.395233154296875 -0.0465354919433593 0.0229606628417969
0.432891845703125 0.13037109375 -0.119415283203125 0.0714645385742188
0.4295654296875 -0.187591552734375 -0.0902633666992188 0.111778259277344
0.323028564453125 -0.306671142578125 -0.0798797607421875 0.171096801757812
0.313568115234375 -0.267059326171875 -0.09222412109375 0.186859130859375
0.355438232421875 -0.3104248046875 -0.100799560546875 0.210250854492187
0.415313720703125 -0.154541015625 -0.203353881835938 0.1385498046875
0.460174560546875 0.123565673828125 -0.26177978515625 0.0593872070312501
0.300811767578125 0.371978759765625 -0.182403564453125 -0.104339599609375
-0.129058837890625 0.553985595703125 -0.0370941162109375 -0.186752319335937
-0.40631103515625 0.498443603515625 0.0575065612792968 -0.03094482421875
-0.61053466796875 0.29376220703125 -0.0116405487060547 0.0251197814941406
-0.3992919921875 0.312469482421875 -0.56927490234375 0.17626953125
-0.21337890625 0.403839111328125 -0.2750244140625 0.293731689453125
0.0172119140625 0.405792236328125 -0.0364303588867187 0.128822326660156
0.248947143554688 0.265640258789063 -0.1002197265625 0.0189666748046875
0.298309326171875 0.088409423828125 -0.19012451171875 0.0774993896484375
0.3070068359375 -0.12542724609375 -0.183197021484375 0.174118041992188
0.242507934570313 -0.200881958007813 -0.158294677734375 0.28204345703125
0.238861083984375 -0.175521850585938 -0.152191162109375 0.2947998046875
0.274703979492188 -0.199951171875 -0.176361083984375 0.30322265625
0.29998779296875 -0.076873779296875 -0.280303955078125 0.199722290039062
0.30133056640625 0.120208740234375 -0.31280517578125 0.0720520019531251
0.166946411132812 0.265579223632813 -0.211517333984375 -0.0954437255859375
-0.121856689453125 0.356109619140625 -0.0512008666992188 -0.137489318847656
-0.290557861328125 0.3216552734375 -0.0303192138671875 0.0688629150390625
-0.444305419921875 0.208221435546875 -0.220687866210938 0.101394653320313
-0.1634521484375 0.206832885742188 -0.6995849609375 0.24822998046875
-0.076080322265625 0.226943969726563 -0.345245361328125 0.354339599609375
0.0444488525390625 0.17193603515625 -0.0465087890625 0.149429321289063
0.122314453125 0.0963821411132813 -0.124382019042969 0.0286026000976563
0.119110107421875 0.032623291015625 -0.214797973632813 0.0752410888671875
0.135894775390625 -0.044647216796875 -0.236190795898438 0.20782470703125
0.123016357421875 -0.064605712890625 -0.20733642578125 0.345184326171875
0.125839233398438 -0.0581512451171875 -0.187530517578125 0.35736083984375
0.151092529296875 -0.0625457763671875 -0.230072021484375 0.351043701171875
0.143798828125 0.00775146484375 -0.32275390625 0.2259521484375
0.110977172851563 0.0968704223632813 -0.32623291015625 0.061492919921875
0.02362060546875 0.126457214355469 -0.212966918945312 -0.0947570800781249
-0.0880661010742187 0.12176513671875 -0.0503997802734375 -0.101417541503906
-0.129135131835938 0.112907409667969 -0.0921859741210938 0.124786376953125
-0.207412719726563 0.09893798828125 -0.36572265625 0.14849853515625
-0.0961685180664063 -0.0213088989257813 0.37176513671875 -0.24334716796875
-0.0474472045898438 0.0745773315429688 0.12017822265625 -0.166763305664063
0.0344085693359375 0.0972824096679687 0.006195068359375 0.0746841430664063
0.0781326293945312 0.032989501953125 0.186431884765625 0.113525390625
0.084869384765625 -0.0322036743164063 0.28875732421875 -0.009429931640625
0.0290451049804687 -0.0859603881835938 0.300201416015625 -0.222564697265625
-0.0115814208984375 -0.0999526977539063 0.2230224609375 -0.38214111328125
-0.00742340087890626 -0.0721054077148438 0.171112060546875 -0.367218017578125
-0.00722503662109374 -0.0753936767578125 0.19573974609375 -0.32843017578125
0.0384330749511719 -0.053741455078125 0.2376708984375 -0.224456787109375
0.0651588439941406 0.0014190673828125 0.185089111328125 -0.106414794921875
0.0279579162597656 0.0633430480957031 0.11529541015625 -0.0729751586914063
-0.0542030334472656 0.0506362915039063 0.109603881835938 -0.193206787109375
-0.0852813720703125 0.000122070312499987 0.33489990234375 -0.38360595703125
-0.0328788757324219 -0.0641593933105469 0.76153564453125 -0.25567626953125
-0.333404541015625 0.11199951171875 0.335693359375 -0.2264404296875
-0.184600830078125 0.241317749023438 0.115219116210937 -0.144607543945312
-0.00927734375 0.302032470703125 0.00136184692382813 0.0668258666992188
0.177505493164063 0.186447143554688 0.160675048828125 0.102386474609375
0.2376708984375 0.02813720703125 0.244659423828125 0.01373291015625
0.1927490234375 -0.155197143554687 0.279296875 -0.186737060546875
0.114700317382813 -0.228591918945312 0.2109375 -0.333953857421875
0.116592407226563 -0.190399169921875 0.150360107421875 -0.319793701171875
0.130950927734375 -0.216827392578125 0.17877197265625 -0.28070068359375
0.206008911132813 -0.134140014648438 0.1937255859375 -0.195892333984375
0.255599975585938 0.03155517578125 0.128486633300781 -0.0896987915039062
0.163467407226562 0.201095581054688 0.08026123046875 -0.0926971435546875
-0.0882720947265625 0.279800415039062 0.09503173828125 -0.22845458984375
-0.234237670898438 0.219223022460938 0.33544921875 -0.390655517578125
-0.279800415039063 0.081512451171875 0.7347412109375 -0.26812744140625
-0.519561767578125 0.232574462890625 0.221267700195312 -0.180068969726562
-0.2940673828125 0.388427734375 0.0727615356445312 -0.0891952514648437
-0.0377197265625 0.480010986328125 -0.000507354736328129 0.0689048767089844
0.26739501953125 0.31976318359375 0.128005981445313 0.0831375122070313
0.36895751953125 0.082427978515625 0.179183959960938 0.03082275390625
0.33221435546875 -0.206024169921875 0.22314453125 -0.132354736328125
0.22381591796875 -0.326080322265625 0.167404174804688 -0.241943359375
0.222625732421875 -0.2802734375 0.107513427734375 -0.223236083984375
0.248291015625 -0.32574462890625 0.133224487304688 -0.186904907226563
0.342437744140625 -0.196319580078125 0.114051818847656 -0.135604858398438
0.415771484375 0.055145263671875 0.0425491333007813 -0.0604934692382813
0.28643798828125 0.315185546875 0.0223007202148438 -0.110832214355469
-0.10235595703125 0.481658935546875 0.0654449462890625 -0.255340576171875
-0.350799560546875 0.418060302734375 0.303009033203125 -0.359039306640625
-0.48663330078125 0.214996337890625 0.62384033203125 -0.2410888671875
-0.62274169921875 0.32611083984375 0.0477828979492187 -0.106292724609375
-0.352752685546875 0.503173828125 0.00434303283691404 -0.00483608245849606
-0.03662109375 0.60650634765625 -0.000595092773437505 0.0788116455078125
0.344512939453125 0.4058837890625 0.0830764770507813 0.05828857421875
0.460174560546875 0.11590576171875 0.0897598266601563 0.0450286865234375
0.425750732421875 -0.236328125 0.134910583496094 -0.0602874755859375
0.2967529296875 -0.377227783203125 0.0982894897460938 -0.115669250488281
0.2928466796875 -0.327484130859375 0.0476150512695313 -0.0929183959960938
0.326629638671875 -0.38397216796875 0.0679206848144531 -0.0600852966308594
0.428131103515625 -0.2286376953125 0.0133934020996094 -0.0477561950683594
0.517364501953125 0.071929931640625 -0.0610618591308593 -0.0176239013671875
0.371734619140625 0.3848876953125 -0.051544189453125 -0.117401123046875
-0.10308837890625 0.61883544921875 0.0254974365234375 -0.256362915039062
-0.417816162109375 0.55450439453125 0.23675537109375 -0.27789306640625
-0.6192626953125 0.3096923828125 0.442169189453125 -0.1717529296875
-0.6328125 0.37982177734375 -0.156204223632813 -0.0115966796875
-0.352294921875 0.555328369140625 -0.0795135498046875 0.0999374389648438
-0.0117797851562501 0.6461181640625 -0.00428771972656249 0.0923309326171875
0.380523681640625 0.4259033203125 0.0236396789550781 0.0360984802246094
0.48626708984375 0.12347412109375 -0.0129928588867187 0.0606956481933594
0.45538330078125 -0.2393798828125 0.0264549255371094 0.0241222381591797
0.32415771484375 -0.375518798828125 0.0147724151611328 0.0276088714599609
0.319366455078125 -0.326385498046875 -0.0197639465332031 0.050689697265625
0.35357666015625 -0.38323974609375 -0.00925445556640623 0.0780410766601562
0.44647216796875 -0.223358154296875 -0.0943374633789062 0.0524139404296875
0.532318115234375 0.083251953125 -0.166061401367188 0.0318450927734375
0.384857177734375 0.3966064453125 -0.126083374023437 -0.109161376953125
-0.09844970703125 0.64581298828125 -0.014434814453125 -0.227691650390625
-0.42572021484375 0.58990478515625 0.14996337890625 -0.158660888671875
-0.655517578125 0.34375 0.219406127929687 -0.0743408203125
-0.5491943359375 0.37908935546875 -0.36260986328125 0.09521484375
-0.294830322265625 0.524932861328125 -0.167877197265625 0.207183837890625
0.01470947265625 0.576416015625 -0.0141983032226563 0.108169555664063
0.351287841796875 0.368011474609375 -0.0422897338867187 0.0230827331542969
0.430145263671875 0.106964111328125 -0.111068725585937 0.07611083984375
0.40911865234375 -0.205474853515625 -0.0822982788085937 0.108352661132813
0.300384521484375 -0.31732177734375 -0.0697784423828125 0.1673583984375
0.295501708984375 -0.277252197265625 -0.0840911865234375 0.186843872070312
0.32958984375 -0.322509765625 -0.087799072265625 0.205169677734375
0.39654541015625 -0.17218017578125 -0.191146850585937 0.14373779296875
0.454132080078125 0.0963134765625 -0.24951171875 0.069854736328125
0.31024169921875 0.350982666015625 -0.181961059570312 -0.09405517578125
-0.102386474609375 0.54827880859375 -0.0430145263671875 -0.178924560546875
-0.375640869140625 0.50341796875 0.0578689575195312 -0.030364990234375
-0.590087890625 0.31005859375 -0.0101852416992188 0.0278511047363281
-0.382720947265625 0.3173828125 -0.543426513671875 0.1944580078125
-0.1942138671875 0.40435791015625 -0.25152587890625 0.29803466796875
0.032257080078125 0.40191650390625 -0.027984619140625 0.125434875488281
0.25640869140625 0.247283935546875 -0.0952606201171875 0.022003173828125
0.29754638671875 0.07275390625 -0.1800537109375 0.0851898193359375
0.293304443359375 -0.13787841796875 -0.169723510742187 0.17425537109375
0.227279663085938 -0.2105712890625 -0.140304565429687 0.279296875
0.226318359375 -0.1844482421875 -0.136749267578125 0.29443359375
0.256591796875 -0.211181640625 -0.157867431640625 0.30010986328125
0.287689208984375 -0.090972900390625 -0.26287841796875 0.2069091796875
0.299468994140625 0.10040283203125 -0.298553466796875 0.084564208984375
0.175186157226563 0.252532958984375 -0.209518432617188 -0.0841217041015625
-0.10546875 0.35430908203125 -0.05517578125 -0.130516052246094
-0.272003173828125 0.32659912109375 -0.0247650146484375 0.0719528198242188
-0.43017578125 0.221710205078125 -0.211288452148438 0.1116943359375
-0.156051635742188 0.20513916015625 -0.67047119140625 0.2716064453125
-0.0684661865234375 0.227890014648438 -0.318450927734375 0.36187744140625
0.0477447509765625 0.17108154296875 -0.037750244140625 0.14630126953125
0.124565124511719 0.0889968872070312 -0.118705749511719 0.0328521728515625
0.119926452636719 0.0263748168945312 -0.204727172851562 0.082763671875
0.1317138671875 -0.0509033203125 -0.221694946289062 0.2109375
0.118209838867187 -0.0715103149414063 -0.186065673828125 0.34521484375
0.121078491210938 -0.065216064453125 -0.1666259765625 0.357208251953125
0.144515991210938 -0.0711822509765625 -0.2078857421875 0.35076904296875
0.14117431640625 -0.0023193359375 -0.30316162109375 0.233428955078125
0.113975524902344 0.088134765625 -0.31207275390625 0.075531005859375
0.0303955078125 0.122764587402344 -0.210540771484375 -0.082183837890625
-0.0808181762695312 0.123893737792969 -0.0533676147460937 -0.0953750610351562
-0.123977661132812 0.116035461425781 -0.083221435546875 0.129615783691406
-0.20361328125 0.10638427734375 -0.349365234375 0.16436767578125
-0.0922622680664063 -0.0189437866210937 0.3624267578125 -0.25146484375
-0.0430030822753906 0.0677871704101563 0.11676025390625 -0.17291259765625
0.034637451171875 0.0898590087890625 0.00871276855468751 0.0711746215820313
0.0756683349609375 0.0307540893554688 0.18408203125 0.10589599609375
0.0814971923828125 -0.0326995849609375 0.279571533203125 -0.0151824951171875
0.0240249633789062 -0.0843353271484375 0.287445068359375 -0.22271728515625
-0.0158309936523438 -0.0952301025390625 0.209625244140625 -0.377593994140625
-0.0096588134765625 -0.0672340393066406 0.159515380859375 -0.3634033203125
-0.0104827880859375 -0.0711593627929688 0.18609619140625 -0.32586669921875
0.0338897705078125 -0.0517845153808594 0.2279052734375 -0.222259521484375
0.0610122680664063 -0.00188064575195313 0.178192138671875 -0.107254028320313
0.0282859802246094 0.0587196350097656 0.111473083496094 -0.0734176635742188
-0.0493850708007813 0.049713134765625 0.10345458984375 -0.191177368164062
-0.0786972045898438 0.002166748046875 0.32049560546875 -0.38568115234375
-0.0295486450195313 -0.0618820190429688 0.73846435546875 -0.2611083984375
-0.32293701171875 0.114288330078125 0.3284912109375 -0.2342529296875
-0.174942016601562 0.231674194335938 0.113906860351562 -0.152175903320312
-0.00457763671874999 0.293426513671875 0.00337982177734375 0.0633049011230469
0.175079345703125 0.178192138671875 0.158355712890625 0.0939178466796875
0.232391357421875 0.0233612060546875 0.238800048828125 0.0096588134765625
0.181488037109375 -0.15557861328125 0.268280029296875 -0.188690185546875
0.104339599609375 -0.225021362304688 0.1986083984375 -0.332275390625
0.109237670898438 -0.187026977539063 0.140380859375 -0.31622314453125
0.120346069335937 -0.214370727539063 0.170364379882813 -0.280105590820313
0.194854736328125 -0.134963989257813 0.185760498046875 -0.194000244140625
0.24798583984375 0.0217742919921875 0.124420166015625 -0.0895462036132813
0.164794921875 0.1923828125 0.0767059326171875 -0.09210205078125
-0.0786590576171875 0.276214599609375 0.08953857421875 -0.22467041015625
-0.220077514648437 0.220199584960938 0.322479248046875 -0.390167236328125
-0.270919799804688 0.0851287841796875 0.71246337890625 -0.2734375
-0.506195068359375 0.233306884765625 0.218551635742187 -0.186752319335937
-0.281097412109375 0.377960205078125 0.075347900390625 -0.0968170166015625
-0.029632568359375 0.470367431640625 0.00238800048828125 0.0649223327636719
0.266998291015625 0.3055419921875 0.126441955566406 0.076080322265625
0.362274169921875 0.073638916015625 0.176177978515625 0.02728271484375
0.317169189453125 -0.2100830078125 0.21484375 -0.136917114257813
0.20806884765625 -0.324493408203125 0.157012939453125 -0.242691040039063
0.211471557617188 -0.277816772460938 0.0997314453125 -0.2203369140625
0.232086181640625 -0.324798583984375 0.128021240234375 -0.187774658203125
0.327239990234375 -0.199310302734375 0.1097412109375 -0.133514404296875
0.40478515625 0.04150390625 0.0413627624511719 -0.0595245361328125
0.286346435546875 0.301483154296875 0.0195236206054688 -0.108406066894531
-0.090728759765625 0.475616455078125 0.0604095458984375 -0.249664306640625
-0.33135986328125 0.416748046875 0.290985107421875 -0.357269287109375
-0.47479248046875 0.220062255859375 0.60565185546875 -0.24322509765625
-0.6068115234375 0.32745361328125 0.0510940551757812 -0.111076354980469
-0.337921142578125 0.492340087890625 0.0104188919067383 -0.012033462524414
-0.02386474609375 0.5947265625 0.00241851806640625 0.0740127563476563
0.34326171875 0.3883056640625 0.0831985473632813 0.0531005859375
0.453033447265625 0.105010986328125 0.09002685546875 0.04315185546875
0.407562255859375 -0.240936279296875 0.13116455078125 -0.06549072265625
0.280181884765625 -0.377899169921875 0.09295654296875 -0.118431091308594
0.280517578125 -0.326995849609375 0.0440139770507813 -0.0917205810546875
0.305816650390625 -0.38421630859375 0.0662841796875 -0.06396484375
0.410308837890625 -0.233856201171875 0.0136337280273438 -0.0467453002929688
0.506683349609375 0.055084228515625 -0.0581779479980468 -0.01568603515625
0.370574951171875 0.369293212890625 -0.0524063110351562 -0.113128662109375
-0.0889892578125 0.6085205078125 0.022613525390625 -0.25006103515625
-0.39788818359375 0.55157470703125 0.22991943359375 -0.275558471679687
-0.60382080078125 0.31256103515625 0.429229736328125 -0.17266845703125
-0.61895751953125 0.3782958984375 -0.14764404296875 -0.0136566162109375
-0.336212158203125 0.546295166015625 -0.0697708129882813 0.0936355590820313
0.000366210937500055 0.6370849609375 -0.00101470947265625 0.0878219604492188
0.381622314453125 0.407745361328125 0.0247421264648438 0.0329380035400391
0.48016357421875 0.110565185546875 -0.00899887084960935 0.0606575012207031
0.436553955078125 -0.24560546875 0.0273189544677735 0.0181636810302734
0.30706787109375 -0.37689208984375 0.014404296875 0.0231666564941406
0.3055419921875 -0.3280029296875 -0.0192070007324219 0.0506134033203125
0.3336181640625 -0.38519287109375 -0.00735473632812498 0.07281494140625
0.42987060546875 -0.22869873046875 -0.0897750854492187 0.0536575317382812
0.521392822265625 0.068359375 -0.158599853515625 0.035064697265625
0.3846435546875 0.38092041015625 -0.125038146972656 -0.103347778320312
-0.08404541015625 0.63873291015625 -0.0166778564453125 -0.220916748046875
-0.40521240234375 0.583740234375 0.146774291992187 -0.156753540039062
-0.64013671875 0.3477783203125 0.212677001953125 -0.07354736328125
-0.536529541015625 0.376312255859375 -0.3486328125 0.0958862304687501
-0.281829833984375 0.51715087890625 -0.15472412109375 0.20257568359375
0.0255126953125 0.5679931640625 -0.0106277465820313 0.104080200195313
0.3529052734375 0.351531982421875 -0.0397605895996093 0.0220375061035157
0.425872802734375 0.096923828125 -0.104286193847656 0.0773696899414062
0.39361572265625 -0.21148681640625 -0.0765762329101562 0.102684020996094
0.285125732421875 -0.32110595703125 -0.065216064453125 0.161651611328125
0.283599853515625 -0.2784423828125 -0.0792236328125 0.18487548828125
0.31231689453125 -0.325592041015625 -0.0816802978515625 0.198516845703125
0.381683349609375 -0.1781005859375 -0.182342529296875 0.143814086914062
0.444549560546875 0.080780029296875 -0.23974609375 0.0741577148437499
0.30926513671875 0.33642578125 -0.178695678710938 -0.0877532958984375
-0.091766357421875 0.541961669921875 -0.043914794921875 -0.17291259765625
-0.358612060546875 0.500457763671875 0.0590362548828125 -0.0288047790527343
-0.57769775390625 0.3123779296875 -0.00964927673339847 0.0304279327392578
-0.374755859375 0.314483642578125 -0.5247802734375 0.197662353515625
-0.186614990234375 0.401275634765625 -0.236328125 0.295806884765625
0.038726806640625 0.399322509765625 -0.0246124267578125 0.121116638183594
0.257293701171875 0.236907958984375 -0.0917129516601563 0.0229339599609375
0.2952880859375 0.0654296875 -0.171859741210937 0.0870513916015625
0.284515380859375 -0.143707275390625 -0.16204833984375 0.169937133789062
0.21734619140625 -0.21533203125 -0.131057739257813 0.274322509765625
0.218658447265625 -0.1883544921875 -0.1279296875 0.29107666015625
0.243942260742188 -0.2158203125 -0.1480712890625 0.293243408203125
0.27838134765625 -0.098358154296875 -0.2509765625 0.205169677734375
0.29547119140625 0.089874267578125 -0.28753662109375 0.08905029296875
0.176910400390625 0.2442626953125 -0.205947875976563 -0.0772705078125
-0.09759521484375 0.3502197265625 -0.0558624267578125 -0.125373840332031
-0.26043701171875 0.324737548828125 -0.0206298828125 0.0734939575195313
-0.42230224609375 0.223968505859375 -0.2041015625 0.116073608398438
-0.15484619140625 0.200775146484375 -0.64947509765625 0.2786865234375
-0.0654296875 0.227127075195313 -0.302459716796875 0.361907958984375
0.0482330322265625 0.17236328125 -0.0348052978515625 0.142776489257813
0.124557495117188 0.0850296020507813 -0.114334106445312 0.0346145629882813
0.120330810546875 0.0238800048828125 -0.196578979492188 0.0847015380859375
0.12908935546875 -0.0531692504882813 -0.211685180664062 0.20758056640625
0.115188598632813 -0.0752639770507813 -0.1739501953125 0.340545654296875
0.11907958984375 -0.0687103271484375 -0.156005859375 0.352783203125
0.139701843261719 -0.0758285522460938 -0.194732666015625 0.345245361328125
0.137794494628906 -0.00757598876953125 -0.2894287109375 0.23193359375
0.1156005859375 0.0825881958007812 -0.300384521484375 0.08050537109375
0.0333709716796875 0.120513916015625 -0.206298828125 -0.07568359375
-0.0782012939453125 0.124580383300781 -0.053985595703125 -0.0910873413085938
-0.121513366699219 0.1165771484375 -0.0778732299804688 0.131820678710938
-0.20208740234375 0.107894897460937 -0.3392333984375 0.170684814453125
-0.0889892578125 -0.0184326171875 0.362884521484375 -0.257659912109375
-0.0420036315917969 0.0625495910644531 0.116729736328125 -0.18109130859375
0.0328445434570313 0.0857772827148438 0.00962448120117188 0.0696067810058594
0.0742034912109375 0.0302963256835938 0.183074951171875 0.102767944335938
0.0803298950195313 -0.032562255859375 0.27752685546875 -0.0156707763671875
0.0206069946289063 -0.0836563110351563 0.28497314453125 -0.22174072265625
-0.0185317993164062 -0.0925750732421875 0.205902099609375 -0.378326416015625
-0.0108375549316406 -0.0645675659179688 0.1585693359375 -0.36322021484375
-0.0132369995117187 -0.0692672729492188 0.18609619140625 -0.326812744140625
0.0313682556152344 -0.0506134033203125 0.226776123046875 -0.221084594726563
0.0588417053222656 -0.0041656494140625 0.176559448242188 -0.106887817382813
0.02777099609375 0.0566024780273438 0.11016845703125 -0.07391357421875
-0.0464668273925781 0.0491409301757813 0.102691650390625 -0.192108154296875
-0.0739822387695313 0.00260162353515627 0.3177490234375 -0.3887939453125
-0.0268821716308594 -0.0615615844726563 0.736083984375 -0.26153564453125
-0.321014404296875 0.114288330078125 0.330169677734375 -0.2420654296875
-0.175033569335938 0.224777221679688 0.115814208984375 -0.160781860351563
-0.00473022460937502 0.28997802734375 0.00471115112304687 0.0609016418457031
0.1734619140625 0.175933837890625 0.15826416015625 0.0914306640625
0.2313232421875 0.0220794677734375 0.237518310546875 0.0091094970703125
0.177078247070313 -0.156402587890625 0.266494750976563 -0.189773559570313
0.0997314453125 -0.224578857421875 0.195556640625 -0.33502197265625
0.107696533203125 -0.18585205078125 0.138702392578125 -0.31671142578125
0.11541748046875 -0.2137451171875 0.1702880859375 -0.28204345703125
0.191131591796875 -0.13525390625 0.185104370117187 -0.193130493164062
0.244949340820313 0.017608642578125 0.123619079589844 -0.0893630981445313
0.164230346679687 0.190093994140625 0.0761489868164063 -0.0916519165039063
-0.07537841796875 0.277877807617188 0.0896148681640625 -0.225372314453125
-0.214523315429688 0.222000122070313 0.32220458984375 -0.39337158203125
-0.270309448242188 0.0858001708984375 0.71087646484375 -0.273193359375
-0.5050048828125 0.233917236328125 0.222381591796875 -0.193618774414062
-0.28033447265625 0.371856689453125 0.0793304443359375 -0.106346130371094
-0.028900146484375 0.469696044921875 0.00346374511718749 0.061920166015625
0.266632080078125 0.302459716796875 0.126716613769531 0.0736083984375
0.36212158203125 0.07159423828125 0.176513671875 0.027587890625
0.31195068359375 -0.2120361328125 0.214065551757813 -0.139938354492188
0.202545166015625 -0.32635498046875 0.1553955078125 -0.246078491210938
0.210189819335938 -0.278701782226563 0.0986328125 -0.220001220703125
0.2264404296875 -0.3260498046875 0.127914428710938 -0.190658569335938
0.32257080078125 -0.2012939453125 0.110618591308594 -0.132133483886719
0.402374267578125 0.036346435546875 0.0423507690429688 -0.0588302612304688
0.28753662109375 0.299896240234375 0.0192489624023438 -0.108261108398437
-0.0877990722656249 0.479156494140625 0.0614013671875 -0.249237060546875
-0.3265380859375 0.41851806640625 0.291168212890625 -0.36016845703125
-0.475341796875 0.21942138671875 0.6038818359375 -0.2423095703125
-0.610595703125 0.3258056640625 0.0555648803710937 -0.1175537109375
-0.338623046875 0.487274169921875 0.0160236358642578 -0.0202522277832031
-0.02197265625 0.59661865234375 0.00341796874999999 0.071258544921875
0.34429931640625 0.38409423828125 0.083892822265625 0.0513839721679688
0.4539794921875 0.102081298828125 0.0927505493164063 0.0439987182617188
0.403228759765625 -0.24420166015625 0.131126403808594 -0.070159912109375
0.273590087890625 -0.381378173828125 0.09161376953125 -0.123153686523438
0.27899169921875 -0.328948974609375 0.0424880981445313 -0.0912628173828125
0.299591064453125 -0.388397216796875 0.06640625 -0.0670089721679688
0.40521240234375 -0.2369384765625 0.0144920349121094 -0.0456123352050781
0.505096435546875 0.04888916015625 -0.0568466186523437 -0.0141944885253906
0.3729248046875 0.3685302734375 -0.0523300170898437 -0.111801147460937
-0.08477783203125 0.615234375 0.02337646484375 -0.248428344726562
-0.392730712890625 0.5535888671875 0.231430053710937 -0.276473999023437
-0.60748291015625 0.31402587890625 0.42724609375 -0.170318603515625
-0.623046875 0.376953125 -0.1427001953125 -0.018951416015625
-0.3372802734375 0.54351806640625 -0.0637969970703125 0.0873260498046875
0.00256347656250006 0.6419677734375 -2.28881835937441E-05 0.0858078002929688
0.382171630859375 0.403564453125 0.0255165100097656 0.0317554473876953
0.482879638671875 0.10772705078125 -0.00588607788085934 0.0613822937011719
0.432037353515625 -0.24932861328125 0.027587890625 0.0130901336669922
0.301666259765625 -0.38116455078125 0.0141239166259766 0.018951416015625
0.305023193359375 -0.33099365234375 -0.0190315246582031 0.0515594482421875
0.328521728515625 -0.389892578125 -0.00695037841796874 0.069305419921875
0.42462158203125 -0.232391357421875 -0.087890625 0.053802490234375
0.52081298828125 0.06121826171875 -0.1561279296875 0.035797119140625
0.386993408203125 0.382080078125 -0.124000549316406 -0.102104187011719
-0.08258056640625 0.6419677734375 -0.01568603515625 -0.219146728515625
-0.40167236328125 0.5850830078125 0.15008544921875 -0.156173706054687
-0.644287109375 0.34674072265625 0.212158203125 -0.070281982421875
-0.543701171875 0.37554931640625 -0.343475341796875 0.093292236328125
-0.28369140625 0.516998291015625 -0.14910888671875 0.199935913085938
0.02899169921875 0.57513427734375 -0.01019287109375 0.102256774902344
0.354888916015625 0.349822998046875 -0.0388221740722656 0.0219879150390625
0.42889404296875 0.093780517578125 -0.100692749023437 0.078704833984375
0.390655517578125 -0.214599609375 -0.0753326416015625 0.0979995727539062
0.28094482421875 -0.3267822265625 -0.064208984375 0.158462524414063
0.283233642578125 -0.282867431640625 -0.0787200927734375 0.185745239257812
0.308502197265625 -0.33062744140625 -0.081146240234375 0.195465087890625
0.37811279296875 -0.182708740234375 -0.17974853515625 0.14404296875
0.44305419921875 0.0760498046875 -0.235977172851562 0.0749359130859374
0.31134033203125 0.33673095703125 -0.178817749023437 -0.086181640625
-0.091583251953125 0.543731689453125 -0.0429229736328125 -0.171463012695313
-0.3570556640625 0.5009765625 0.061920166015625 -0.0266876220703125
-0.58294677734375 0.314208984375 -0.00973510742187503 0.0334205627441406
-0.381927490234375 0.31243896484375 -0.521087646484375 0.197662353515625
-0.187774658203125 0.40313720703125 -0.231903076171875 0.296112060546875
0.040802001953125 0.40655517578125 -0.02435302734375 0.120918273925781
0.25909423828125 0.236526489257812 -0.09033203125 0.0238265991210937
0.29852294921875 0.064544677734375 -0.16790771484375 0.0880889892578125
0.283935546875 -0.14617919921875 -0.159866333007812 0.166824340820313
0.2154541015625 -0.22027587890625 -0.129745483398437 0.272781372070313
0.218246459960938 -0.192092895507813 -0.126617431640625 0.29254150390625
0.240493774414063 -0.220138549804687 -0.146697998046875 0.2918701171875
0.275894165039063 -0.101715087890625 -0.248687744140625 0.20574951171875
0.296783447265625 0.086700439453125 -0.282958984375 0.0897216796875
0.17840576171875 0.244110107421875 -0.204605102539062 -0.07537841796875
-0.09674072265625 0.35272216796875 -0.0554122924804688 -0.123092651367187
-0.2608642578125 0.32647705078125 -0.0176620483398438 0.07623291015625
-0.42718505859375 0.224853515625 -0.203628540039063 0.119308471679687
-0.160491943359375 0.198883056640625 -0.64495849609375 0.27960205078125
-0.0675201416015625 0.230010986328125 -0.299591064453125 0.363677978515625
0.0487823486328125 0.178375244140625 -0.0350341796875 0.142868041992188
0.125213623046875 0.0859298706054687 -0.113616943359375 0.0355224609375
0.122879028320312 0.0242080688476562 -0.193206787109375 0.08526611328125
0.130783081054687 -0.0547637939453125 -0.209671020507813 0.205307006835937
0.115676879882812 -0.0792160034179688 -0.171905517578125 0.339874267578125
0.119941711425781 -0.0718917846679687 -0.155120849609375 0.3533935546875
0.139045715332031 -0.0790939331054688 -0.193206787109375 0.344146728515625
0.137367248535156 -0.0107192993164063 -0.28564453125 0.231781005859375
0.117988586425781 0.0810165405273438 -0.29571533203125 0.081268310546875
0.0356979370117188 0.120948791503906 -0.205154418945313 -0.0739593505859375
-0.0790863037109375 0.126113891601563 -0.0546188354492188 -0.088775634765625
-0.123123168945313 0.118377685546875 -0.0755615234375 0.135772705078125
-0.206207275390625 0.109283447265625 -0.338897705078125 0.174102783203125
-0.0882797241210937 -0.0169296264648437 0.36944580078125 -0.271484375
-0.0420265197753906 0.0598030090332031 0.11676025390625 -0.193710327148438
0.0322189331054688 0.084716796875 0.0107994079589844 0.068603515625
0.07489013671875 0.029541015625 0.186996459960938 0.100372314453125
0.081146240234375 -0.0350723266601563 0.2821044921875 -0.018524169921875
0.0174789428710938 -0.0845260620117188 0.287811279296875 -0.22857666015625
-0.0217056274414063 -0.0924758911132813 0.204376220703125 -0.39111328125
-0.0124702453613281 -0.0634994506835937 0.15802001953125 -0.375244140625
-0.0157012939453125 -0.06854248046875 0.1888427734375 -0.337921142578125
0.0290412902832031 -0.0502777099609375 0.230331420898438 -0.227432250976563
0.0578422546386719 -0.00703048706054688 0.178802490234375 -0.110488891601563
0.0278511047363281 0.05560302734375 0.111000061035156 -0.0768508911132813
-0.0443992614746094 0.0500450134277344 0.102569580078125 -0.199478149414063
-0.0714187622070313 0.00361633300781251 0.319244384765625 -0.404266357421875
-0.0257072448730469 -0.0628242492675781 0.750732421875 -0.2747802734375
-0.327392578125 0.12042236328125 0.338714599609375 -0.256561279296875
-0.177230834960938 0.226211547851562 0.117782592773437 -0.174835205078125
-0.00372314453125003 0.29595947265625 0.00630569458007812 0.0598983764648438
0.178070068359375 0.176803588867188 0.162002563476563 0.08935546875
0.237136840820313 0.02008056640625 0.243255615234375 0.0076446533203125
0.175186157226563 -0.16229248046875 0.269302368164063 -0.198410034179688
0.095703125 -0.230117797851562 0.19390869140625 -0.34686279296875
0.107269287109375 -0.190689086914063 0.138824462890625 -0.326080322265625
0.1126708984375 -0.2196044921875 0.172882080078125 -0.29229736328125
0.1912841796875 -0.139984130859375 0.189056396484375 -0.198333740234375
0.24896240234375 0.0128021240234375 0.126136779785156 -0.0913314819335938
0.17047119140625 0.191879272460937 0.0767669677734375 -0.0949783325195313
-0.07073974609375 0.287017822265625 0.090118408203125 -0.232208251953125
-0.212554931640625 0.230178833007813 0.32476806640625 -0.4088134765625
-0.275344848632813 0.0901947021484376 0.72686767578125 -0.28375244140625
-0.5172119140625 0.242828369140625 0.228744506835937 -0.206893920898437
-0.28509521484375 0.377227783203125 0.0828933715820312 -0.118316650390625
-0.024627685546875 0.48095703125 0.00498580932617187 0.0613632202148438
0.27490234375 0.3046875 0.130294799804688 0.0718994140625
0.372222900390625 0.069549560546875 0.182373046875 0.02764892578125
0.311798095703125 -0.221710205078125 0.216476440429688 -0.1485595703125
0.198944091796875 -0.337249755859375 0.153732299804687 -0.256820678710938
0.210906982421875 -0.28912353515625 0.098114013671875 -0.227249145507813
0.222686767578125 -0.337677001953125 0.130142211914063 -0.19921875
0.32391357421875 -0.211090087890625 0.113121032714844 -0.135963439941406
0.411102294921875 0.02880859375 0.0433425903320313 -0.0593948364257813
0.2987060546875 0.30413818359375 0.018768310546875 -0.109794616699219
-0.081634521484375 0.4940185546875 0.0617828369140625 -0.255859375
-0.324249267578125 0.43359375 0.2965087890625 -0.3726806640625
-0.486297607421875 0.2298583984375 0.615966796875 -0.25177001953125
-0.62579345703125 0.338623046875 0.0596694946289062 -0.126106262207031
-0.34552001953125 0.497467041015625 0.0198860168457031 -0.0286884307861328
-0.0163574218750001 0.615478515625 0.00443267822265624 0.0715332031250001
0.356292724609375 0.3876953125 0.0862579345703125 0.0502243041992188
0.46868896484375 0.10015869140625 0.0980606079101563 0.045196533203125
0.40576171875 -0.257659912109375 0.132942199707031 -0.0782318115234375
0.271392822265625 -0.3973388671875 0.0908050537109375 -0.131134033203125
0.282135009765625 -0.3431396484375 0.042999267578125 -0.0935134887695313
0.296630859375 -0.40185546875 0.0680313110351563 -0.0723190307617188
0.408660888671875 -0.248382568359375 0.0156364440917969 -0.0459556579589844
0.514892578125 0.040985107421875 -0.0567398071289062 -0.0132789611816406
0.385711669921875 0.37371826171875 -0.0540390014648437 -0.113075256347656
-0.07952880859375 0.63458251953125 0.0226593017578125 -0.254058837890625
-0.3934326171875 0.572509765625 0.23651123046875 -0.2852783203125
-0.62408447265625 0.328369140625 0.43707275390625 -0.175048828125
-0.64190673828125 0.39031982421875 -0.142120361328125 -0.0220947265625
-0.344970703125 0.557464599609375 -0.0592498779296875 0.0832977294921875
0.01171875 0.66192626953125 0.00135803222656251 0.0867385864257813
0.397064208984375 0.407623291015625 0.0274696350097656 0.0319881439208985
0.49859619140625 0.10552978515625 -0.00130462646484372 0.063690185546875
0.4361572265625 -0.26275634765625 0.0285282135009766 0.00735473632812498
0.299072265625 -0.39923095703125 0.0134620666503906 0.0152473449707031
0.3082275390625 -0.3458251953125 -0.0194587707519531 0.0534896850585937
0.32623291015625 -0.405029296875 -0.00603866577148435 0.0681419372558593
0.42877197265625 -0.243896484375 -0.0879287719726562 0.0563812255859375
0.531494140625 0.0546875 -0.15740966796875 0.039215087890625
0.39990234375 0.3861083984375 -0.127265930175781 -0.101936340332031
-0.07781982421875 0.6624755859375 -0.0158538818359375 -0.223190307617187
-0.4029541015625 0.60540771484375 0.154281616210937 -0.160903930664062
-0.66326904296875 0.3621826171875 0.21722412109375 -0.071197509765625
-0.561309814453125 0.388031005859375 -0.34710693359375 0.0948181152343751
-0.28851318359375 0.53192138671875 -0.145736694335938 0.2015380859375
0.03656005859375 0.59552001953125 -0.00944519042968749 0.10455322265625
0.369781494140625 0.353668212890625 -0.038238525390625 0.0230216979980469
0.44354248046875 0.092193603515625 -0.097442626953125 0.082122802734375
0.39617919921875 -0.227203369140625 -0.0753097534179687 0.0956268310546875
0.2813720703125 -0.342376708984375 -0.0639495849609375 0.159591674804687
0.28717041015625 -0.297271728515625 -0.078155517578125 0.192169189453125
0.306640625 -0.3446044921875 -0.081756591796875 0.199142456054687
0.38201904296875 -0.19268798828125 -0.181060791015625 0.148635864257813
0.455535888671875 0.07037353515625 -0.23809814453125 0.0795135498046875
0.32342529296875 0.342742919921875 -0.182327270507812 -0.08502197265625
-0.0875244140625 0.56298828125 -0.043975830078125 -0.173324584960937
-0.359954833984375 0.516204833984375 0.0664558410644531 -0.0265121459960937
-0.59771728515625 0.32745361328125 -0.00942611694335941 0.0375900268554688
-0.39501953125 0.3216552734375 -0.52825927734375 0.205169677734375
-0.19122314453125 0.416046142578125 -0.22967529296875 0.304107666015625
0.048065185546875 0.422332763671875 -0.0243606567382813 0.124343872070313
0.269699096679688 0.239517211914062 -0.0914382934570312 0.02606201171875
0.309722900390625 0.06329345703125 -0.166839599609375 0.0919189453125
0.28839111328125 -0.155792236328125 -0.161087036132813 0.167892456054687
0.2169189453125 -0.232025146484375 -0.128768920898438 0.278167724609375
0.222061157226563 -0.20355224609375 -0.1265869140625 0.302001953125
0.241363525390625 -0.230728149414063 -0.14752197265625 0.29913330078125
0.279464721679688 -0.10980224609375 -0.250946044921875 0.212387084960937
0.304931640625 0.082763671875 -0.285675048828125 0.095306396484375
0.186996459960937 0.249847412109375 -0.208297729492188 -0.0745544433593749
-0.096221923828125 0.365875244140625 -0.0569076538085937 -0.123565673828125
-0.263763427734375 0.33709716796875 -0.0139541625976563 0.0814437866210938
-0.44036865234375 0.2349853515625 -0.207565307617188 0.127761840820313
-0.168731689453125 0.202728271484375 -0.656494140625 0.2923583984375
-0.0684814453125 0.238632202148438 -0.30035400390625 0.37762451171875
0.0528564453125 0.187408447265625 -0.03515625 0.147903442382812
0.130516052246094 0.0877151489257812 -0.115043640136719 0.0391921997070312
0.12896728515625 0.0238037109375 -0.19439697265625 0.08856201171875
0.135261535644531 -0.05926513671875 -0.212539672851563 0.209030151367188
0.117362976074219 -0.08514404296875 -0.170684814453125 0.34967041015625
0.122611999511719 -0.0788345336914063 -0.154449462890625 0.365570068359375
0.140960693359375 -0.0852813720703125 -0.1937255859375 0.353759765625
0.140182495117188 -0.0150527954101563 -0.2891845703125 0.2391357421875
0.123527526855469 0.0799636840820312 -0.29766845703125 0.0865478515625
0.0395278930664062 0.124717712402344 -0.20892333984375 -0.072357177734375
-0.0806427001953125 0.132217407226563 -0.0567474365234375 -0.0879592895507812
-0.126350402832031 0.124458312988281 -0.0732879638671875 0.144088745117188
-0.21441650390625 0.115890502929688 -0.34552001953125 0.18572998046875
-0.0886688232421875 -0.0138320922851562 0.373687744140625 -0.2965087890625
-0.0416603088378906 0.0586433410644531 0.111572265625 -0.210845947265625
0.0343475341796875 0.0841064453125 0.0137367248535156 0.0683517456054688
0.0768661499023438 0.0282821655273438 0.196136474609375 0.09527587890625
0.082305908203125 -0.0395431518554687 0.289947509765625 -0.027862548828125
0.0128555297851562 -0.0868148803710938 0.2891845703125 -0.243896484375
-0.0277023315429688 -0.091583251953125 0.194427490234375 -0.411224365234375
-0.0157585144042969 -0.0634803771972656 0.150177001953125 -0.3936767578125
-0.020416259765625 -0.0684890747070313 0.184661865234375 -0.35821533203125
0.0272712707519531 -0.0510787963867188 0.2314453125 -0.242721557617188
0.056365966796875 -0.0106124877929688 0.180587768554688 -0.1195068359375
0.030364990234375 0.0547676086425781 0.112396240234375 -0.0831146240234375
-0.0412254333496094 0.051788330078125 0.0983428955078125 -0.210586547851563
-0.0690803527832031 0.00635528564453124 0.311737060546875 -0.4327392578125
-0.02691650390625 -0.0645065307617188 0.7686767578125 -0.308349609375
-0.3333740234375 0.135589599609375 0.342376708984375 -0.280029296875
-0.177169799804688 0.23486328125 0.115158081054687 -0.192794799804687
0.00555419921875 0.304595947265625 0.00849151611328124 0.0595245361328125
0.18878173828125 0.1751708984375 0.169815063476563 0.0845489501953125
0.246200561523438 0.011444091796875 0.251739501953125 0.000869750976562501
0.17144775390625 -0.173324584960938 0.27020263671875 -0.2135009765625
0.08758544921875 -0.240158081054687 0.18548583984375 -0.3675537109375
0.103591918945313 -0.200180053710937 0.131744384765625 -0.34320068359375
0.104995727539063 -0.230239868164063 0.170196533203125 -0.311370849609375
0.19000244140625 -0.151275634765625 0.190032958984375 -0.210922241210937
0.255538940429687 0.0014495849609375 0.127243041992188 -0.097808837890625
0.183349609375 0.191024780273438 0.0767974853515625 -0.100128173828125
-0.059295654296875 0.30023193359375 0.085235595703125 -0.244171142578125
-0.20635986328125 0.244583129882813 0.320343017578125 -0.437164306640625
-0.2825927734375 0.1031494140625 0.74224853515625 -0.3170166015625
-0.5286865234375 0.2691650390625 0.232162475585937 -0.22607421875
-0.285675048828125 0.395050048828125 0.0828704833984375 -0.134666442871094
-0.00952148437499997 0.49835205078125 0.00699615478515624 0.0612564086914063
0.293304443359375 0.303558349609375 0.137008666992188 0.06793212890625
0.388763427734375 0.058319091796875 0.191360473632813 0.0233001708984375
0.310089111328125 -0.241363525390625 0.21728515625 -0.163040161132813
0.1888427734375 -0.357086181640625 0.147735595703125 -0.2740478515625
0.207427978515625 -0.307586669921875 0.093505859375 -0.238037109375
0.213165283203125 -0.357269287109375 0.128707885742187 -0.213302612304688
0.32415771484375 -0.2296142578125 0.1136474609375 -0.143630981445313
0.423004150390625 0.013031005859375 0.0432548522949219 -0.0614128112792969
0.3201904296875 0.30389404296875 0.0173492431640625 -0.113922119140625
-0.062835693359375 0.517333984375 0.0563201904296875 -0.266525268554688
-0.315948486328125 0.45941162109375 0.29425048828125 -0.396942138671875
-0.499237060546875 0.254669189453125 0.62994384765625 -0.27825927734375
-0.64129638671875 0.37017822265625 0.0616149902343749 -0.137374877929687
-0.343841552734375 0.522613525390625 0.0226249694824219 -0.0399627685546875
0.00561523437500005 0.63763427734375 0.007843017578125 0.0720443725585938
0.3814697265625 0.385772705078125 0.0922927856445313 0.048095703125
0.48992919921875 0.085784912109375 0.10662841796875 0.0437240600585938
0.405914306640625 -0.28253173828125 0.132492065429688 -0.08966064453125
0.262115478515625 -0.42138671875 0.0868072509765625 -0.14166259765625
0.277496337890625 -0.366973876953125 0.0413284301757813 -0.0975875854492188
0.288787841796875 -0.427703857421875 0.0686264038085938 -0.0796432495117188
0.410064697265625 -0.272216796875 0.0162582397460938 -0.0477066040039063
0.532684326171875 0.02178955078125 -0.0573348999023437 -0.010772705078125
0.412109375 0.3748779296875 -0.058258056640625 -0.1143798828125
-0.056884765625 0.66156005859375 0.017730712890625 -0.262619018554687
-0.38153076171875 0.604248046875 0.236175537109375 -0.30438232421875
-0.6392822265625 0.35980224609375 0.447265625 -0.193084716796875
-0.65948486328125 0.425048828125 -0.143783569335938 -0.0232849121093749
-0.341552734375 0.5853271484375 -0.05511474609375 0.0803604125976563
0.0360107421874999 0.6890869140625 0.00441741943359376 0.0898513793945313
0.4254150390625 0.40692138671875 0.0306243896484375 0.0318012237548828
0.5235595703125 0.09014892578125 0.00567245483398441 0.066253662109375
0.4383544921875 -0.290069580078125 0.0281772613525391 0.000537872314453107
0.291900634765625 -0.425628662109375 0.012354850769043 0.0116348266601562
0.30560302734375 -0.37249755859375 -0.0175857543945312 0.0570716857910156
0.317657470703125 -0.43231201171875 -0.0036811828613281 0.0682716369628906
0.43023681640625 -0.26983642578125 -0.0876541137695312 0.0607223510742188
0.5509033203125 0.03485107421875 -0.158798217773437 0.04669189453125
0.426910400390625 0.388153076171875 -0.133171081542969 -0.10015869140625
-0.054931640625 0.69256591796875 -0.021820068359375 -0.2293701171875
-0.39288330078125 0.63824462890625 0.158035278320312 -0.170806884765625
-0.68023681640625 0.3970947265625 0.222763061523437 -0.0774078369140625
-0.57818603515625 0.41998291015625 -0.352996826171875 0.106109619140625
-0.284942626953125 0.561676025390625 -0.1397705078125 0.20867919921875
0.0613403320312499 0.620361328125 -0.006195068359375 0.109580993652344
0.39483642578125 0.351593017578125 -0.0367202758789062 0.0264549255371094
0.46624755859375 0.079498291015625 -0.09344482421875 0.0879974365234375
0.399169921875 -0.253326416015625 -0.0765380859375 0.0954360961914062
0.274627685546875 -0.36798095703125 -0.0618896484375 0.163955688476562
0.2862548828125 -0.32183837890625 -0.0740203857421875 0.201889038085937
0.300445556640625 -0.370147705078125 -0.0777740478515625 0.206985473632812
0.38519287109375 -0.215545654296875 -0.181243896484375 0.159286499023438
0.473876953125 0.054351806640625 -0.240478515625 0.0905609130859375
0.347869873046875 0.344390869140625 -0.189422607421875 -0.080841064453125
-0.07080078125 0.5882568359375 -0.04925537109375 -0.17584228515625
-0.35235595703125 0.546478271484375 0.0716781616210937 -0.0282211303710937
-0.61431884765625 0.3580322265625 -0.00840759277343754 0.0428428649902344
-0.406951904296875 0.346954345703125 -0.53515625 0.228057861328125
-0.187286376953125 0.438507080078125 -0.223419189453125 0.320281982421875
0.066192626953125 0.441375732421875 -0.0206527709960938 0.131599426269531
0.28924560546875 0.238800048828125 -0.0915756225585938 0.0318603515625
0.327117919921875 0.054107666015625 -0.165939331054687 0.0999908447265625
0.292327880859375 -0.173980712890625 -0.162277221679687 0.173004150390625
0.21417236328125 -0.2513427734375 -0.123809814453125 0.289581298828125
0.22216796875 -0.2218017578125 -0.1187744140625 0.316925048828125
0.238510131835937 -0.25 -0.14263916015625 0.312896728515625
0.282318115234375 -0.125701904296875 -0.251129150390625 0.226593017578125
0.319366455078125 0.07275390625 -0.288787841796875 0.10809326171875
0.203338623046875 0.253494262695313 -0.217025756835937 -0.0687408447265625
-0.08746337890625 0.38409423828125 -0.0611572265625 -0.124038696289062
-0.26019287109375 0.358245849609375 -0.00824737548828126 0.0874176025390625
-0.452667236328125 0.25872802734375 -0.2105712890625 0.142440795898437
-0.174575805664062 0.215286254882813 -0.66595458984375 0.32208251953125
-0.0643157958984375 0.251434326171875 -0.294189453125 0.401824951171875
0.0614013671875 0.196426391601563 -0.0316009521484375 0.156417846679688
0.139617919921875 0.0875701904296875 -0.115745544433594 0.046661376953125
0.136672973632813 0.0207748413085938 -0.19561767578125 0.09661865234375
0.139274597167969 -0.0677947998046875 -0.212478637695312 0.219314575195313
0.118728637695312 -0.0956878662109375 -0.163909912109375 0.3662109375
0.124488830566406 -0.0884780883789063 -0.147125244140625 0.384307861328125
0.142288208007813 -0.0957794189453125 -0.1884765625 0.373016357421875
0.144134521484375 -0.022216796875 -0.289642333984375 0.25531005859375
0.132972717285156 0.07708740234375 -0.3017578125 0.098876953125
0.0470046997070313 0.12896728515625 -0.217391967773438 -0.0665435791015625
-0.0802459716796875 0.142440795898438 -0.0604705810546875 -0.08660888671875
-0.127899169921875 0.135055541992187 -0.0672760009765625 0.1549072265625
-0.221572875976563 0.128326416015625 -0.3502197265625 0.207183837890625
-0.0872726440429688 -0.00880432128906251 0.3642578125 -0.327880859375
-0.0397911071777344 0.0583534240722656 0.098541259765625 -0.226715087890625
0.038330078125 0.0817718505859375 0.0180740356445313 0.0668220520019531
0.0786666870117188 0.0234298706054688 0.203933715820312 0.0822906494140625
0.0804214477539062 -0.0464324951171875 0.29345703125 -0.044921875
0.00528717041015625 -0.0877227783203125 0.280380249023438 -0.264144897460938
-0.0351791381835938 -0.0881423950195312 0.172607421875 -0.43145751953125
-0.0201072692871094 -0.0613021850585938 0.129180908203125 -0.41192626953125
-0.0262184143066406 -0.0663414001464844 0.1688232421875 -0.3787841796875
0.0239067077636719 -0.0525169372558594 0.2232666015625 -0.261337280273438
0.0542411804199219 -0.0151443481445313 0.177413940429688 -0.130905151367188
0.0334663391113281 0.05267333984375 0.109588623046875 -0.091552734375
-0.0360832214355469 0.0532798767089844 0.0857391357421875 -0.221954345703125
-0.0659523010253906 0.009765625 0.28839111328125 -0.46124267578125
-0.02911376953125 -0.0643692016601563 0.763916015625 -0.3607177734375
-0.330902099609375 0.159149169921875 0.335174560546875 -0.309906005859375
-0.169204711914063 0.245742797851563 0.103912353515625 -0.211273193359375
0.02191162109375 0.310150146484375 0.0116195678710938 0.0579986572265625
0.202011108398438 0.167022705078125 0.177047729492188 0.073822021484375
0.252212524414063 -0.004852294921875 0.257720947265625 -0.013916015625
0.160980224609375 -0.186355590820312 0.261978149414063 -0.234970092773438
0.071441650390625 -0.248794555664063 0.16455078125 -0.3868408203125
0.0926055908203125 -0.210769653320313 0.113739013671875 -0.3583984375
0.0900726318359375 -0.240371704101563 0.15606689453125 -0.33111572265625
0.18255615234375 -0.165191650390625 0.18316650390625 -0.226028442382813
0.257705688476563 -0.0156097412109375 0.124465942382813 -0.105361938476563
0.1986083984375 0.18389892578125 0.0736236572265625 -0.107223510742187
-0.038665771484375 0.309478759765625 0.0724334716796875 -0.255508422851563
-0.190521240234375 0.260482788085938 0.299041748046875 -0.4676513671875
-0.283233642578125 0.1224365234375 0.74005126953125 -0.366943359375
-0.5250244140625 0.30755615234375 0.2266845703125 -0.249099731445312
-0.271240234375 0.41595458984375 0.075836181640625 -0.1507568359375
0.021026611328125 0.509674072265625 0.0101776123046875 0.0607185363769532
0.315399169921875 0.28955078125 0.143768310546875 0.05902099609375
0.402008056640625 0.03424072265625 0.19976806640625 0.0119476318359375
0.297088623046875 -0.2652587890625 0.209487915039063 -0.182357788085938
0.166351318359375 -0.374969482421875 0.13067626953125 -0.29022216796875
0.190826416015625 -0.327606201171875 0.081298828125 -0.248855590820313
0.19183349609375 -0.37725830078125 0.11944580078125 -0.229019165039063
0.313873291015625 -0.254425048828125 0.109710693359375 -0.153167724609375
0.429931640625 -0.015411376953125 0.042083740234375 -0.0641441345214844
0.34619140625 0.291748046875 0.0123443603515625 -0.117622375488281
-0.030242919921875 0.53265380859375 0.042633056640625 -0.276290893554688
-0.289337158203125 0.486541748046875 0.2763671875 -0.42352294921875
-0.498870849609375 0.2906494140625 0.62835693359375 -0.31787109375
-0.6375732421875 0.41925048828125 0.05731201171875 -0.14862060546875
-0.3233642578125 0.55072021484375 0.0215606689453125 -0.0513114929199218
0.04473876953125 0.65386962890625 0.0123138427734375 0.072723388671875
0.411407470703125 0.369842529296875 0.0982437133789063 0.0421371459960938
0.508575439453125 0.05487060546875 0.115447998046875 0.0378341674804688
0.391571044921875 -0.313446044921875 0.126800537109375 -0.103515625
0.236480712890625 -0.449066162109375 0.0767974853515625 -0.152603149414063
0.25958251953125 -0.393402099609375 0.0370864868164063 -0.102256774902344
0.261383056640625 -0.454925537109375 0.0650863647460938 -0.0888671875
0.397705078125 -0.304351806640625 0.0151481628417969 -0.0494880676269531
0.5408935546875 -0.012054443359375 -0.0578193664550781 -0.00621795654296876
0.445556640625 0.35955810546875 -0.0641632080078125 -0.113334655761719
-0.0141601562500001 0.682861328125 0.00439453125000002 -0.270065307617187
-0.34906005859375 0.63848876953125 0.226287841796875 -0.325531005859375
-0.63690185546875 0.40704345703125 0.445953369140625 -0.22027587890625
-0.65478515625 0.4747314453125 -0.144866943359375 -0.0193023681640625
-0.31878662109375 0.61962890625 -0.049591064453125 0.0776748657226563
0.0811767578125 0.706787109375 0.010009765625 0.0919952392578126
0.457183837890625 0.38909912109375 0.0355758666992188 0.0307960510253906
0.54437255859375 0.05938720703125 0.0140762329101563 0.0665664672851563
0.425994873046875 -0.3238525390625 0.0249423980712891 -0.00641441345214846
0.266571044921875 -0.45574951171875 0.0102605819702149 0.00836944580078122
0.28851318359375 -0.4005126953125 -0.0142288208007812 0.0593948364257812
0.2926025390625 -0.4613037109375 5.34057617187613E-05 0.0677680969238281
0.41888427734375 -0.3017578125 -0.085052490234375 0.0672378540039062
0.56292724609375 -6.103515625E-05 -0.157852172851562 0.05792236328125
0.46099853515625 0.373199462890625 -0.139816284179687 -0.0940399169921875
-0.0120239257812501 0.713623046875 -0.033111572265625 -0.232208251953125
-0.35894775390625 0.67303466796875 0.154144287109375 -0.183639526367187
-0.67742919921875 0.44775390625 0.223403930664063 -0.0889892578125
-0.57220458984375 0.46661376953125 -0.3505859375 0.12567138671875
-0.262451171875 0.59063720703125 -0.128311157226563 0.215438842773438
0.102294921875 0.63525390625 0.00128936767578126 0.114219665527344
0.425384521484375 0.33538818359375 -0.0329666137695312 0.0298633575439453
0.486053466796875 0.051361083984375 -0.0853652954101562 0.0942306518554688
0.3885498046875 -0.2861328125 -0.076751708984375 0.0959243774414062
0.25341796875 -0.39501953125 -0.055938720703125 0.168014526367187
0.270599365234375 -0.34832763671875 -0.0630035400390625 0.211532592773437
0.2801513671875 -0.39813232421875 -0.0670013427734375 0.214279174804687
0.37591552734375 -0.243133544921875 -0.1751708984375 0.1728515625
0.485137939453125 0.02471923828125 -0.2379150390625 0.107391357421875
0.3759765625 0.333099365234375 -0.19635009765625 -0.071136474609375
-0.03704833984375 0.6082763671875 -0.058013916015625 -0.176422119140625
-0.32354736328125 0.57757568359375 0.0759048461914062 -0.0329208374023437
-0.61114501953125 0.4027099609375 -0.00529861450195316 0.0478591918945313
-0.404052734375 0.381195068359375 -0.531280517578125 0.2618408203125
-0.168243408203125 0.460906982421875 -0.2069091796875 0.3377685546875
0.096466064453125 0.452484130859375 -0.0128250122070312 0.13824462890625
0.31085205078125 0.2264404296875 -0.0881423950195312 0.03961181640625
0.341827392578125 0.03509521484375 -0.159439086914062 0.110382080078125
0.286773681640625 -0.19927978515625 -0.159164428710937 0.181411743164063
0.2003173828125 -0.273574829101563 -0.11077880859375 0.300933837890625
0.212081909179688 -0.242996215820313 -0.1024169921875 0.331634521484375
0.22528076171875 -0.2716064453125 -0.127471923828125 0.32763671875
0.278030395507813 -0.1458740234375 -0.241561889648438 0.245590209960938
0.330596923828125 0.053619384765625 -0.285491943359375 0.127227783203125
0.224349975585938 0.24761962890625 -0.223831176757812 -0.0563507080078125
-0.066864013671875 0.40106201171875 -0.0674209594726562 -0.12188720703125
-0.2437744140625 0.381256103515625 0.00210571289062498 0.0908203125
-0.451385498046875 0.292236328125 -0.206100463867188 0.16162109375
-0.172592163085938 0.23065185546875 -0.6605224609375 0.36639404296875
-0.052520751953125 0.263656616210937 -0.274200439453125 0.42803955078125
0.0763702392578125 0.202239990234375 -0.021728515625 0.16510009765625
0.148696899414063 0.082550048828125 -0.112449645996094 0.0565643310546875
0.143798828125 0.0130615234375 -0.192306518554688 0.109146118164062
0.138687133789063 -0.079681396484375 -0.20635986328125 0.232528686523438
0.114738464355469 -0.10809326171875 -0.1458740234375 0.383087158203125
0.120887756347656 -0.1009521484375 -0.126983642578125 0.401031494140625
0.137489318847656 -0.108474731445313 -0.170684814453125 0.392578125
0.144271850585938 -0.032806396484375 -0.27923583984375 0.277481079101563
0.141891479492188 0.06915283203125 -0.2999267578125 0.1187744140625
0.0576171875 0.130020141601563 -0.225189208984375 -0.05389404296875
-0.07373046875 0.153762817382813 -0.0655364990234375 -0.0832138061523438
-0.122726440429688 0.147003173828125 -0.055694580078125 0.164642333984375
-0.222549438476563 0.145889282226562 -0.3455810546875 0.23675537109375
-0.0836563110351563 -0.00367736816406249 0.3436279296875 -0.349700927734375
-0.0372314453125 0.0574684143066406 0.079833984375 -0.234512329101563
0.0407562255859375 0.0775527954101563 0.0210037231445313 0.0636215209960938
0.078277587890625 0.0176467895507812 0.205001831054688 0.0671539306640625
0.075225830078125 -0.0523834228515625 0.287628173828125 -0.062591552734375
-0.00237274169921875 -0.0855255126953125 0.262100219726563 -0.278976440429688
-0.041412353515625 -0.0821380615234375 0.143096923828125 -0.438812255859375
-0.0242881774902344 -0.0577888488769531 0.1031494140625 -0.416778564453125
-0.0311737060546875 -0.0618553161621094 0.144561767578125 -0.388916015625
0.0197486877441406 -0.052764892578125 0.206405639648438 -0.272491455078125
0.050567626953125 -0.0188407897949219 0.16766357421875 -0.140243530273438
0.0353164672851563 0.0499496459960937 0.102882385253906 -0.09796142578125
-0.0299415588378906 0.052459716796875 0.0691375732421875 -0.225845336914063
-0.060882568359375 0.0123062133789062 0.25225830078125 -0.47637939453125
-0.031494140625 -0.0614662170410156 0.73388671875 -0.405029296875
-0.315765380859375 0.179168701171875 0.314239501953125 -0.3326416015625
-0.154373168945313 0.2509765625 0.08642578125 -0.22088623046875
0.040802001953125 0.305572509765625 0.0143394470214844 0.0553398132324219
0.208282470703125 0.15155029296875 0.17852783203125 0.05975341796875
0.249679565429688 -0.021820068359375 0.256240844726563 -0.0306549072265625
0.143768310546875 -0.194107055664063 0.243377685546875 -0.248626708984375
0.0513916015625 -0.248977661132812 0.13623046875 -0.393890380859375
0.077606201171875 -0.213455200195312 0.091064453125 -0.3623046875
0.0710601806640625 -0.241592407226562 0.133941650390625 -0.341522216796875
0.167556762695313 -0.174972534179688 0.1689453125 -0.23577880859375
0.251266479492187 -0.032623291015625 0.117164611816406 -0.1109619140625
0.208953857421875 0.169891357421875 0.0675506591796875 -0.11175537109375
-0.015380859375 0.308013916015625 0.055145263671875 -0.258331298828125
-0.168609619140625 0.268905639648438 0.265380859375 -0.482452392578125
-0.274505615234375 0.141159057617187 0.7095947265625 -0.4093017578125
-0.501373291015625 0.34002685546875 0.2119140625 -0.264923095703125
-0.24517822265625 0.42803955078125 0.0636444091796875 -0.161834716796875
0.053009033203125 0.50653076171875 0.01385498046875 0.059173583984375
0.328582763671875 0.266998291015625 0.146408081054688 0.0476226806640625
0.4017333984375 0.00628662109375 0.201461791992188 -0.0016021728515625
0.272918701171875 -0.282073974609375 0.193069458007813 -0.194915771484375
0.135833740234375 -0.382049560546875 0.108306884765625 -0.29705810546875
0.167999267578125 -0.33673095703125 0.0660858154296875 -0.251937866210938
0.16131591796875 -0.38519287109375 0.103927612304688 -0.2374267578125
0.291717529296875 -0.27197265625 0.100051879882813 -0.158432006835938
0.423004150390625 -0.044158935546875 0.0387954711914063 -0.0644950866699219
0.362701416015625 0.2686767578125 0.00667572021484377 -0.117919921875
0.00924682617187496 0.531036376953125 0.0257110595703125 -0.277908325195312
-0.252838134765625 0.497161865234375 0.247100830078125 -0.439117431640625
-0.479461669921875 0.321502685546875 0.60284423828125 -0.35333251953125
-0.60906982421875 0.4598388671875 0.0509185791015625 -0.155960083007812
-0.29132080078125 0.566650390625 0.0167236328125 -0.0598182678222656
0.0875244140625 0.649658203125 0.016693115234375 0.0722122192382813
0.43011474609375 0.340576171875 0.101188659667969 0.03460693359375
0.510772705078125 0.01983642578125 0.120933532714844 0.0287094116210938
0.36273193359375 -0.33636474609375 0.11456298828125 -0.113380432128906
0.19927978515625 -0.459503173828125 0.0626373291015625 -0.157684326171875
0.231353759765625 -0.407684326171875 0.0304794311523438 -0.102920532226563
0.2247314453125 -0.467864990234375 0.0587081909179688 -0.0950241088867188
0.371368408203125 -0.32696533203125 0.0125961303710938 -0.0498199462890625
0.534088134765625 -0.048583984375 -0.0563087463378906 -0.000808715820312508
0.467041015625 0.32928466796875 -0.068572998046875 -0.108413696289062
0.0320434570312501 0.6785888671875 -0.0107421875 -0.268539428710937
-0.30242919921875 0.6519775390625 0.203948974609375 -0.339019775390625
-0.61102294921875 0.44561767578125 0.429168701171875 -0.245208740234375
-0.6256103515625 0.51666259765625 -0.141983032226563 -0.0143585205078125
-0.28143310546875 0.63458251953125 -0.0445938110351563 0.0727615356445313
0.12872314453125 0.69921875 0.0166778564453125 0.0921401977539063
0.479248046875 0.35614013671875 0.0397796630859375 0.0277175903320313
0.54656982421875 0.021392822265625 0.0226860046386719 0.0630302429199219
0.3968505859375 -0.3514404296875 0.0195045471191406 -0.011465072631836
0.228851318359375 -0.471160888671875 0.00725364685058595 0.00636434555053708
0.2586669921875 -0.418365478515625 -0.0100021362304687 0.0604667663574218
0.256500244140625 -0.477142333984375 0.00374603271484376 0.0650787353515625
0.391937255859375 -0.326904296875 -0.0794525146484375 0.07220458984375
0.556182861328125 -0.038177490234375 -0.150802612304687 0.0687408447265625
0.4835205078125 0.3419189453125 -0.142242431640625 -0.0841827392578125
0.03399658203125 0.7108154296875 -0.044647216796875 -0.229232788085937
-0.3111572265625 0.68585205078125 0.143768310546875 -0.1934814453125
-0.6514892578125 0.488525390625 0.21734619140625 -0.0999298095703125
-0.545745849609375 0.503021240234375 -0.337921142578125 0.14215087890625
-0.22698974609375 0.6046142578125 -0.112930297851563 0.215850830078125
0.14532470703125 0.63043212890625 0.0101242065429688 0.115753173828125
0.445098876953125 0.306610107421875 -0.0271778106689453 0.0321979522705078
0.490264892578125 0.018341064453125 -0.074371337890625 0.0971145629882813
0.363922119140625 -0.310821533203125 -0.075347900390625 0.0963134765625
0.220794677734375 -0.4119873046875 -0.0476837158203125 0.169342041015625
0.245330810546875 -0.364837646484375 -0.0482635498046875 0.214126586914062
0.24652099609375 -0.413543701171875 -0.0539398193359375 0.215805053710937
0.352691650390625 -0.2662353515625 -0.161849975585937 0.18218994140625
0.482208251953125 -0.008056640625 -0.227157592773438 0.121932983398438
0.39764404296875 0.30914306640625 -0.197479248046875 -0.05743408203125
0.00366210937499999 0.60845947265625 -0.066192626953125 -0.171356201171875
-0.2845458984375 0.59124755859375 0.0766525268554687 -0.0380783081054687
-0.5888671875 0.44073486328125 -0.00140380859375003 0.050445556640625
-0.38421630859375 0.405975341796875 -0.509735107421875 0.290008544921875
-0.14068603515625 0.47161865234375 -0.182037353515625 0.34490966796875
0.127685546875 0.449005126953125 -0.00129699707031249 0.140762329101563
0.32415771484375 0.20672607421875 -0.0806732177734375 0.0461578369140625
0.345123291015625 0.011871337890625 -0.148406982421875 0.117462158203125
0.27008056640625 -0.21710205078125 -0.150894165039063 0.18701171875
0.177337646484375 -0.287109375 -0.092559814453125 0.304443359375
0.194015502929688 -0.257415771484375 -0.08026123046875 0.335845947265625
0.202850341796875 -0.28533935546875 -0.106353759765625 0.33349609375
0.263153076171875 -0.163345336914062 -0.224227905273437 0.258819580078125
0.331298828125 0.030029296875 -0.273117065429688 0.144332885742188
0.240249633789063 0.23321533203125 -0.22412109375 -0.0410308837890625
-0.041107177734375 0.405303955078125 -0.0719985961914062 -0.115913391113281
-0.2159423828125 0.39202880859375 0.0120925903320312 0.090179443359375
-0.435028076171875 0.321563720703125 -0.193222045898438 0.176315307617188
-0.16351318359375 0.241790771484375 -0.63134765625 0.4029541015625
-0.0365447998046875 0.2672119140625 -0.24322509765625 0.4407958984375
0.089996337890625 0.200180053710938 -0.0089111328125 0.16802978515625
0.154495239257812 0.074310302734375 -0.104171752929687 0.0649490356445313
0.146270751953125 0.0041351318359375 -0.1826171875 0.118484497070313
0.132568359375 -0.0899124145507813 -0.194183349609375 0.240875244140625
0.105201721191406 -0.11749267578125 -0.12127685546875 0.387847900390625
0.113334655761719 -0.109443664550781 -0.0992431640625 0.406341552734375
0.128349304199219 -0.117996215820313 -0.145782470703125 0.400970458984375
0.139480590820313 -0.042999267578125 -0.259246826171875 0.291839599609375
0.146896362304688 0.057586669921875 -0.2874755859375 0.13592529296875
0.0677108764648437 0.12591552734375 -0.225601196289063 -0.0377502441406249
-0.0645599365234375 0.160018920898438 -0.0687484741210937 -0.0765533447265625
-0.113021850585937 0.1553955078125 -0.0397491455078125 0.167266845703125
-0.214706420898438 0.16015625 -0.32745361328125 0.260101318359375
-0.077117919921875 -0.00165557861328123 0.321990966796875 -0.357635498046875
-0.0352249145507813 0.0551681518554687 0.0643157958984375 -0.23394775390625
0.040802001953125 0.0728378295898438 0.0220680236816406 0.0600509643554688
0.074981689453125 0.014434814453125 0.199905395507813 0.0556640625
0.069488525390625 -0.0550727844238281 0.27716064453125 -0.0725250244140625
-0.00718688964843749 -0.081329345703125 0.244171142578125 -0.28155517578125
-0.043792724609375 -0.074676513671875 0.1201171875 -0.43194580078125
-0.0257225036621094 -0.053375244140625 0.08441162109375 -0.41162109375
-0.0339393615722656 -0.0572395324707031 0.125762939453125 -0.388214111328125
0.0161972045898438 -0.051483154296875 0.192611694335938 -0.273880004882813
0.0455055236816406 -0.0203475952148438 0.15789794921875 -0.141937255859375
0.0356025695800781 0.0470504760742188 0.0965728759765625 -0.100257873535156
-0.0252456665039063 0.0495491027832031 0.0562896728515625 -0.222732543945313
-0.0544891357421875 0.0132980346679688 0.22222900390625 -0.47381591796875
-0.0318527221679687 -0.05780029296875 0.697998046875 -0.42486572265625
-0.29840087890625 0.18804931640625 0.2952880859375 -0.340301513671875
-0.142532348632812 0.248855590820313 0.07208251953125 -0.22314453125
0.051666259765625 0.296234130859375 0.0152206420898438 0.0536270141601563
0.207504272460937 0.13873291015625 0.174835205078125 0.04913330078125
0.241943359375 -0.0335235595703125 0.249099731445312 -0.0407257080078125
0.128829956054688 -0.193710327148437 0.226058959960937 -0.252334594726563
0.0374603271484375 -0.242340087890625 0.114532470703125 -0.390167236328125
0.0662841796875 -0.210311889648437 0.07537841796875 -0.35797119140625
0.055999755859375 -0.23687744140625 0.117645263671875 -0.341522216796875
0.15350341796875 -0.177200317382813 0.156600952148438 -0.23590087890625
0.241073608398438 -0.04364013671875 0.110649108886719 -0.111915588378906
0.211807250976562 0.156967163085937 0.061431884765625 -0.112472534179687
0.00106811523437497 0.299774169921875 0.042816162109375 -0.254898071289063
-0.149368286132813 0.2662353515625 0.235198974609375 -0.481689453125
-0.261489868164063 0.150192260742188 0.67462158203125 -0.42645263671875
-0.473846435546875 0.353179931640625 0.19940185546875 -0.271682739257813
-0.22369384765625 0.424957275390625 0.052734375 -0.166305541992187
0.072357177734375 0.492431640625 0.0149955749511719 0.0575599670410156
0.329132080078125 0.24664306640625 0.144241333007813 0.0386962890625
0.393035888671875 -0.013397216796875 0.198257446289063 -0.011383056640625
0.248748779296875 -0.28497314453125 0.177505493164063 -0.198394775390625
0.111541748046875 -0.376800537109375 0.090240478515625 -0.294921875
0.14788818359375 -0.335479736328125 0.0544281005859375 -0.248672485351563
0.13775634765625 -0.381378173828125 0.0916748046875 -0.238922119140625
0.268463134765625 -0.275970458984375 0.0922698974609375 -0.157699584960938
0.407745361328125 -0.06231689453125 0.0361976623535157 -0.0624580383300781
0.366973876953125 0.2467041015625 0.00282287597656251 -0.116119384765625
0.033599853515625 0.517059326171875 0.01483154296875 -0.272674560546875
-0.22381591796875 0.491455078125 0.220947265625 -0.439910888671875
-0.455718994140625 0.336181640625 0.5733642578125 -0.36712646484375
-0.5777587890625 0.4755859375 0.0474395751953125 -0.157791137695312
-0.2640380859375 0.56353759765625 0.0124359130859375 -0.0657119750976562
0.11431884765625 0.6324462890625 0.0200958251953125 0.0715713500976563
0.43280029296875 0.312103271484375 0.100845336914063 0.0274429321289063
0.49957275390625 -0.00439453125 0.122306823730469 0.0209274291992188
0.3341064453125 -0.345367431640625 0.102592468261719 -0.11590576171875
0.16748046875 -0.456878662109375 0.05072021484375 -0.156585693359375
0.206634521484375 -0.408172607421875 0.0261688232421875 -0.10150146484375
0.194671630859375 -0.463775634765625 0.0531539916992188 -0.09716796875
0.343048095703125 -0.33392333984375 0.0114479064941406 -0.0482673645019531
0.515899658203125 -0.0704345703125 -0.0534095764160156 0.00331497192382812
0.47235107421875 0.302459716796875 -0.0696640014648438 -0.103858947753906
0.06207275390625 0.662353515625 -0.0202178955078125 -0.26318359375
-0.26727294921875 0.64300537109375 0.185546875 -0.34002685546875
-0.58233642578125 0.4632568359375 0.409423828125 -0.252777099609375
-0.59344482421875 0.53509521484375 -0.136184692382813 -0.01226806640625
-0.25146484375 0.63238525390625 -0.0410881042480469 0.0668182373046875
0.15869140625 0.68133544921875 0.02203369140625 0.0914077758789063
0.481597900390625 0.3267822265625 0.0428848266601563 0.0240364074707031
0.537078857421875 -0.00433349609375 0.0287704467773438 0.0581092834472656
0.366790771484375 -0.3602294921875 0.0128793716430664 -0.0129499435424805
0.195770263671875 -0.469512939453125 0.00355720520019532 0.00531816482543942
0.23388671875 -0.41949462890625 -0.00694656372070311 0.0601921081542968
0.224853515625 -0.4757080078125 0.00519180297851564 0.0615882873535156
0.363739013671875 -0.33270263671875 -0.0740966796875 0.0743560791015625
0.53839111328125 -0.061187744140625 -0.142593383789062 0.0745697021484375
0.4873046875 0.315032958984375 -0.140464782714844 -0.0774383544921875
0.06463623046875 0.6922607421875 -0.0510406494140625 -0.22296142578125
-0.27435302734375 0.6787109375 0.134017944335937 -0.19622802734375
-0.6190185546875 0.5052490234375 0.208663940429687 -0.10321044921875
-0.517059326171875 0.518280029296875 -0.321197509765625 0.149322509765625
-0.200439453125 0.60150146484375 -0.101791381835938 0.210678100585938
0.17230224609375 0.6131591796875 0.0168304443359375 0.115287780761719
0.448028564453125 0.2803955078125 -0.0214004516601562 0.0316276550292969
0.48248291015625 -0.005706787109375 -0.065338134765625 0.0951309204101563
0.33709716796875 -0.3203125 -0.0751953125 0.0961074829101562
0.1912841796875 -0.412384033203125 -0.0421142578125 0.167282104492187
0.222320556640625 -0.3681640625 -0.0387115478515625 0.212203979492187
0.220062255859375 -0.413543701171875 -0.0452423095703125 0.21234130859375
0.32867431640625 -0.272705078125 -0.150711059570313 0.184555053710937
0.46783447265625 -0.030059814453125 -0.214645385742187 0.128814697265625
0.402374267578125 0.285430908203125 -0.192947387695312 -0.047882080078125
0.0279541015625 0.59576416015625 -0.06903076171875 -0.1658935546875
-0.25189208984375 0.5836181640625 0.0759429931640625 -0.0412521362304687
-0.55975341796875 0.4566650390625 0.00105285644531247 0.0518074035644532
-0.36328125 0.4158935546875 -0.482574462890625 0.3006591796875
-0.12030029296875 0.4688720703125 -0.16290283203125 0.3411865234375
0.146636962890625 0.437225341796875 0.00716400146484375 0.140213012695313
0.326324462890625 0.188323974609375 -0.0728378295898437 0.0478363037109375
0.3411865234375 -0.004852294921875 -0.137535095214844 0.118927001953125
0.251907348632813 -0.225372314453125 -0.144668579101562 0.187286376953125
0.15545654296875 -0.289764404296875 -0.080322265625 0.300933837890625
0.176895141601562 -0.261383056640625 -0.064910888671875 0.3321533203125
0.182342529296875 -0.28717041015625 -0.091339111328125 0.329681396484375
0.246978759765625 -0.169876098632812 -0.20892333984375 0.26080322265625
0.32403564453125 0.013031005859375 -0.258010864257813 0.152389526367188
0.24609375 0.217636108398438 -0.218353271484375 -0.03009033203125
-0.022979736328125 0.400054931640625 -0.0731201171875 -0.110572814941406
-0.19561767578125 0.389984130859375 0.0190811157226562 0.0863037109375
-0.413970947265625 0.333984375 -0.180618286132813 0.182052612304688
-0.1546630859375 0.245254516601562 -0.59759521484375 0.4161376953125
-0.0261383056640625 0.26458740234375 -0.21661376953125 0.4398193359375
0.0989837646484375 0.196243286132813 0.00112915039062502 0.166610717773438
0.155517578125 0.06744384765625 -0.0949478149414062 0.0676727294921875
0.14581298828125 -0.002655029296875 -0.17181396484375 0.12158203125
0.124702453613281 -0.0952835083007813 -0.183074951171875 0.242202758789063
0.095428466796875 -0.121551513671875 -0.103271484375 0.384033203125
0.104393005371094 -0.113975524902344 -0.08197021484375 0.40167236328125
0.118499755859375 -0.121261596679688 -0.1251220703125 0.397979736328125
0.132766723632813 -0.0485763549804687 -0.241180419921875 0.294830322265625
0.14605712890625 0.048004150390625 -0.272232055664062 0.14337158203125
0.0730361938476563 0.120277404785156 -0.2205810546875 -0.0261383056640625
-0.056304931640625 0.162155151367187 -0.0681991577148438 -0.0712051391601562
-0.103729248046875 0.156631469726563 -0.0284881591796875 0.164993286132812
-0.206634521484375 0.166641235351563 -0.307525634765625 0.268951416015625
-0.0727920532226563 -0.00199127197265624 0.310943603515625 -0.358245849609375
-0.0348777770996094 0.053192138671875 0.056427001953125 -0.23065185546875
0.039703369140625 0.0700340270996094 0.0218315124511719 0.0586280822753906
0.0716323852539063 0.0133743286132813 0.194671630859375 0.05010986328125
0.0652580261230469 -0.0554656982421875 0.270294189453125 -0.07562255859375
-0.00984954833984376 -0.0777359008789063 0.234573364257813 -0.278884887695313
-0.0432968139648437 -0.0695724487304688 0.108612060546875 -0.425994873046875
-0.0257301330566406 -0.0497856140136719 0.075775146484375 -0.40594482421875
-0.0351028442382813 -0.0529098510742188 0.11810302734375 -0.38507080078125
0.0145149230957031 -0.0502166748046875 0.18572998046875 -0.271469116210938
0.0419387817382813 -0.0198211669921875 0.151687622070313 -0.140426635742188
0.0359420776367188 0.0453643798828125 0.0923614501953125 -0.100578308105469
-0.02215576171875 0.0459785461425781 0.050445556640625 -0.218795776367188
-0.0494537353515625 0.0118942260742187 0.206024169921875 -0.46728515625
-0.030487060546875 -0.0560493469238281 0.67559814453125 -0.425537109375
-0.2869873046875 0.188690185546875 0.286285400390625 -0.34136962890625
-0.137725830078125 0.244171142578125 0.06396484375 -0.22210693359375
0.054534912109375 0.28936767578125 0.0155677795410156 0.0529060363769531
0.203109741210937 0.132156372070313 0.17083740234375 0.0438690185546875
0.235336303710937 -0.038787841796875 0.2445068359375 -0.04486083984375
0.118850708007813 -0.190505981445313 0.214614868164063 -0.249679565429688
0.0295867919921875 -0.235275268554687 0.103271484375 -0.383819580078125
0.0611419677734375 -0.206100463867188 0.0677490234375 -0.35296630859375
0.0482025146484375 -0.231094360351563 0.11029052734375 -0.33990478515625
0.144775390625 -0.174468994140625 0.151138305664063 -0.233612060546875
0.232666015625 -0.0467681884765625 0.107040405273438 -0.109809875488281
0.211090087890625 0.149749755859375 0.0589370727539063 -0.11248779296875
0.00860595703125002 0.29150390625 0.0366668701171875 -0.251129150390625
-0.13885498046875 0.2598876953125 0.2188720703125 -0.476165771484375
-0.25311279296875 0.154098510742188 0.65289306640625 -0.42706298828125
-0.457855224609375 0.3560791015625 0.193511962890625 -0.273605346679688
-0.21551513671875 0.418792724609375 0.0464019775390625 -0.16815185546875
0.081146240234375 0.482086181640625 0.0165748596191406 0.0576896667480469
0.325775146484375 0.235321044921875 0.14202880859375 0.0338287353515625
0.384674072265625 -0.022735595703125 0.196273803710938 -0.01654052734375
0.233184814453125 -0.2821044921875 0.16705322265625 -0.196868896484375
0.09661865234375 -0.3687744140625 0.0809326171875 -0.29034423828125
0.138153076171875 -0.33111572265625 0.050201416015625 -0.244781494140625
0.123687744140625 -0.3739013671875 0.0855255126953125 -0.23870849609375
0.254241943359375 -0.273757934570313 0.0889892578125 -0.155426025390625
0.395263671875 -0.06793212890625 0.0355987548828125 -0.0598182678222656
0.365570068359375 0.235931396484375 0.00148010253906252 -0.11553955078125
0.0433349609375 0.504638671875 0.00967407226562499 -0.269058227539062
-0.2088623046875 0.480621337890625 0.208221435546875 -0.43328857421875
-0.4420166015625 0.339019775390625 0.556549072265625 -0.367919921875
-0.56011962890625 0.4788818359375 0.046783447265625 -0.160812377929687
-0.251922607421875 0.557647705078125 0.00873947143554686 -0.069732666015625
0.12677001953125 0.6204833984375 0.0225372314453125 0.0717239379882813
0.4287109375 0.299041748046875 0.10064697265625 0.0238800048828125
0.492340087890625 -0.01629638671875 0.123237609863281 0.0163955688476563
0.315460205078125 -0.342193603515625 0.0948028564453125 -0.114921569824219
0.14947509765625 -0.448089599609375 0.0445556640625 -0.154006958007813
0.194549560546875 -0.40484619140625 0.0247573852539063 -0.0994338989257813
0.178619384765625 -0.457916259765625 0.0499191284179688 -0.0980148315429688
0.325103759765625 -0.329986572265625 0.0113334655761719 -0.0468063354492188
0.501983642578125 -0.07867431640625 -0.0502166748046875 0.00588226318359374
0.469329833984375 0.289306640625 -0.068450927734375 -0.102348327636719
0.0736083984375 0.6500244140625 -0.02392578125 -0.259170532226562
-0.2509765625 0.63043212890625 0.17523193359375 -0.337310791015625
-0.5660400390625 0.46527099609375 0.398101806640625 -0.252471923828125
-0.575927734375 0.53802490234375 -0.130577087402344 -0.01409912109375
-0.2401123046875 0.625244140625 -0.0412101745605469 0.0610771179199219
0.17108154296875 0.67034912109375 0.0258026123046875 0.0917510986328125
0.478759765625 0.31097412109375 0.0445823669433594 0.0211410522460938
0.52947998046875 -0.01812744140625 0.0327873229980469 0.0539932250976563
0.34771728515625 -0.358734130859375 0.00750255584716799 -0.0122766494750977
0.176605224609375 -0.463287353515625 0.0011277198791504 0.00578117370605466
0.2197265625 -0.4166259765625 -0.00495147705078123 0.0604476928710937
0.207672119140625 -0.46844482421875 0.00525283813476564 0.0597763061523437
0.346282958984375 -0.33001708984375 -0.0709686279296875 0.07568359375
0.523956298828125 -0.070159912109375 -0.136627197265625 0.0769882202148438
0.485595703125 0.300811767578125 -0.137771606445312 -0.07427978515625
0.075927734375 0.679931640625 -0.053436279296875 -0.220123291015625
-0.25677490234375 0.663818359375 0.128326416015625 -0.1961669921875
-0.60302734375 0.50885009765625 0.203292846679687 -0.102691650390625
-0.503143310546875 0.5213623046875 -0.3106689453125 0.1484375
-0.18927001953125 0.5958251953125 -0.097137451171875 0.204559326171875
0.184326171875 0.6026611328125 0.0223770141601563 0.115234375
0.446014404296875 0.267059326171875 -0.0177688598632812 0.0297050476074219
0.4761962890625 -0.017333984375 -0.0593490600585937 0.0918502807617188
0.3201904296875 -0.320281982421875 -0.0769424438476562 0.0960159301757813
0.1734619140625 -0.408050537109375 -0.0408782958984375 0.165206909179687
0.210357666015625 -0.36724853515625 -0.034027099609375 0.210342407226562
0.203887939453125 -0.40887451171875 -0.04205322265625 0.20855712890625
0.3134765625 -0.271697998046875 -0.14453125 0.184417724609375
0.456085205078125 -0.0390625 -0.206314086914063 0.131195068359375
0.40045166015625 0.27386474609375 -0.188278198242187 -0.044921875
0.03814697265625 0.58514404296875 -0.06982421875 -0.163253784179687
-0.2398681640625 0.57281494140625 0.0751800537109375 -0.0438003540039062
-0.54608154296875 0.460479736328125 0.00210952758789059 0.0529136657714844
-0.3551025390625 0.41839599609375 -0.467498779296875 0.300079345703125
-0.1123046875 0.463623046875 -0.154205322265625 0.334686279296875
0.156036376953125 0.430877685546875 0.01361083984375 0.139686584472656
0.32537841796875 0.17962646484375 -0.0671195983886719 0.0471115112304688
0.336822509765625 -0.0130615234375 -0.130584716796875 0.116905212402344
0.239028930664063 -0.226531982421875 -0.143417358398437 0.186614990234375
0.14276123046875 -0.28826904296875 -0.075164794921875 0.297149658203125
0.167755126953125 -0.260574340820312 -0.058074951171875 0.328765869140625
0.170074462890625 -0.28485107421875 -0.08502197265625 0.32598876953125
0.235641479492188 -0.169479370117188 -0.200469970703125 0.260055541992188
0.3167724609375 0.005035400390625 -0.24884033203125 0.15313720703125
0.246444702148438 0.210220336914063 -0.213287353515625 -0.02593994140625
-0.015472412109375 0.3958740234375 -0.0722427368164063 -0.1087646484375
-0.186004638671875 0.3829345703125 0.0221939086914062 0.0829925537109375
-0.405426025390625 0.334381103515625 -0.174301147460938 0.183624267578125
-0.152175903320313 0.246536254882812 -0.57989501953125 0.41558837890625
-0.02166748046875 0.261886596679688 -0.205230712890625 0.4337158203125
0.10308837890625 0.193191528320313 0.00762939453125 0.165283203125
0.155746459960937 0.0642547607421875 -0.0881805419921875 0.0673599243164063
0.14556884765625 -0.0059967041015625 -0.165908813476562 0.120223999023438
0.119560241699219 -0.0965347290039063 -0.1785888671875 0.241073608398437
0.0886001586914063 -0.122505187988281 -0.095916748046875 0.37945556640625
0.0993270874023438 -0.115371704101563 -0.073028564453125 0.396820068359375
0.112327575683594 -0.121795654296875 -0.114776611328125 0.394012451171875
0.127578735351563 -0.0499343872070313 -0.231292724609375 0.293060302734375
0.14453125 0.0420989990234375 -0.26318359375 0.144454956054688
0.075225830078125 0.116615295410156 -0.215240478515625 -0.0207366943359375
-0.05230712890625 0.1640625 -0.0667724609375 -0.0690269470214844
-0.0997467041015625 0.155471801757813 -0.0218505859375 0.161453247070313
-0.20257568359375 0.168289184570312 -0.296905517578125 0.27130126953125
-0.0700416564941406 -0.00341415405273437 0.311767578125 -0.362579345703125
-0.035919189453125 0.052398681640625 0.0542449951171875 -0.231216430664062
0.0379524230957031 0.0698127746582031 0.0216331481933594 0.0588340759277344
0.07000732421875 0.0137710571289062 0.193710327148438 0.0487213134765625
0.0626754760742188 -0.0560760498046875 0.27032470703125 -0.076568603515625
-0.0114669799804688 -0.0759201049804688 0.233795166015625 -0.278152465820313
-0.0431480407714844 -0.0669441223144531 0.10528564453125 -0.4268798828125
-0.0252685546875 -0.0477561950683594 0.074920654296875 -0.410003662109375
-0.0357093811035156 -0.0509185791015625 0.117706298828125 -0.3900146484375
0.0132484436035156 -0.0496292114257813 0.187286376953125 -0.272857666015625
0.0405349731445313 -0.019256591796875 0.151519775390625 -0.14080810546875
0.0361099243164063 0.044891357421875 0.0918960571289063 -0.102073669433594
-0.0209732055664062 0.0424156188964844 0.0490570068359375 -0.21844482421875
-0.0459785461425781 0.00986099243164063 0.201263427734375 -0.4654541015625
-0.0282211303710937 -0.0552902221679688 0.67242431640625 -0.42724609375
-0.28411865234375 0.188995361328125 0.28704833984375 -0.347015380859375
-0.138839721679687 0.244049072265625 0.0609893798828125 -0.224258422851562
0.055450439453125 0.2900390625 0.0162315368652344 0.0539321899414063
0.201202392578125 0.132522583007813 0.17022705078125 0.0420989990234375
0.23419189453125 -0.040771484375 0.245101928710938 -0.046783447265625
0.115386962890625 -0.18841552734375 0.212982177734375 -0.249481201171875
0.026336669921875 -0.232254028320312 0.10040283203125 -0.384735107421875
0.0608673095703125 -0.205215454101563 0.06781005859375 -0.355560302734375
0.0448150634765625 -0.229690551757812 0.108795166015625 -0.344482421875
0.141647338867187 -0.174026489257813 0.152923583984375 -0.234756469726563
0.2310791015625 -0.0469818115234375 0.107704162597656 -0.108489990234375
0.2125244140625 0.149642944335938 0.0584716796875 -0.114547729492187
0.01007080078125 0.289581298828125 0.0353546142578125 -0.251861572265625
-0.135665893554688 0.257415771484375 0.214752197265625 -0.475341796875
-0.252822875976562 0.156692504882812 0.65093994140625 -0.4278564453125
-0.455169677734375 0.35992431640625 0.1953125 -0.279434204101563
-0.21661376953125 0.4188232421875 0.043365478515625 -0.171234130859375
0.084686279296875 0.48455810546875 0.0182914733886719 0.05987548828125
0.325042724609375 0.23394775390625 0.141555786132813 0.0316925048828125
0.3836669921875 -0.027252197265625 0.197357177734375 -0.01898193359375
0.227783203125 -0.280929565429688 0.163925170898438 -0.195724487304688
0.09100341796875 -0.365753173828125 0.07757568359375 -0.2900390625
0.13653564453125 -0.332550048828125 0.0505218505859375 -0.246383666992188
0.118865966796875 -0.373626708984375 0.0842132568359375 -0.242141723632813
0.250076293945313 -0.272979736328125 0.090789794921875 -0.155563354492188
0.3936767578125 -0.0694580078125 0.0372467041015625 -0.0576095581054688
0.368621826171875 0.236114501953125 0.00135040283203127 -0.117393493652344
0.046600341796875 0.50555419921875 0.00802612304687502 -0.270736694335937
-0.206390380859375 0.4783935546875 0.205352783203125 -0.434906005859375
-0.443206787109375 0.3428955078125 0.555908203125 -0.368560791015625
-0.559906005859375 0.485809326171875 0.049102783203125 -0.166549682617187
-0.254425048828125 0.55755615234375 0.00637054443359374 -0.07440185546875
0.1319580078125 0.6234130859375 0.0258636474609375 0.0742340087890625
0.42974853515625 0.297821044921875 0.101875305175781 0.0212860107421875
0.493988037109375 -0.022186279296875 0.125709533691406 0.0130844116210938
0.309326171875 -0.34185791015625 0.0909194946289063 -0.113815307617188
0.14227294921875 -0.44775390625 0.041595458984375 -0.154129028320313
0.192108154296875 -0.40740966796875 0.0257186889648438 -0.0991897583007813
0.173858642578125 -0.4581298828125 0.0482864379882813 -0.100357055664063
0.321441650390625 -0.3289794921875 0.012420654296875 -0.0455513000488281
0.501190185546875 -0.082794189453125 -0.048431396484375 0.00820159912109374
0.4732666015625 0.289642333984375 -0.068389892578125 -0.103935241699219
0.0769042968750001 0.64996337890625 -0.0245513916015625 -0.262069702148438
-0.247802734375 0.6278076171875 0.173614501953125 -0.3380126953125
-0.56982421875 0.46978759765625 0.398406982421875 -0.25244140625
-0.57867431640625 0.545654296875 -0.128349304199219 -0.0186767578125
-0.240966796875 0.62908935546875 -0.0431785583496094 0.0573806762695313
0.17822265625 0.6734619140625 0.0306015014648438 0.0945510864257813
0.481231689453125 0.30914306640625 0.0467033386230469 0.0192108154296875
0.532745361328125 -0.025054931640625 0.0354652404785157 0.0511054992675781
0.34124755859375 -0.358367919921875 0.00368309020996096 -0.0110216140747071
0.168548583984375 -0.463043212890625 -0.00138664245605468 0.00664043426513669
0.21734619140625 -0.42034912109375 -0.00386810302734374 0.0617561340332031
0.20147705078125 -0.46942138671875 0.00405502319335938 0.0590705871582031
0.3416748046875 -0.32818603515625 -0.0702743530273437 0.0768661499023437
0.523101806640625 -0.0738525390625 -0.134185791015625 0.079132080078125
0.49017333984375 0.302459716796875 -0.137359619140625 -0.075439453125
0.0787963867187501 0.6832275390625 -0.0548858642578125 -0.222061157226562
-0.25762939453125 0.66180419921875 0.1279296875 -0.197219848632812
-0.60675048828125 0.51373291015625 0.203338623046875 -0.1009521484375
-0.505523681640625 0.528472900390625 -0.308868408203125 0.14508056640625
-0.1900634765625 0.59906005859375 -0.0986480712890625 0.201522827148438
0.192626953125 0.6080322265625 0.0272369384765625 0.117607116699219
0.44793701171875 0.265960693359375 -0.014413833618164 0.0279979705810547
0.479339599609375 -0.023651123046875 -0.0566177368164063 0.0896759033203125
0.31494140625 -0.320098876953125 -0.0811538696289063 0.0976791381835937
0.16473388671875 -0.408477783203125 -0.0423126220703125 0.16705322265625
0.20758056640625 -0.37042236328125 -0.032562255859375 0.212875366210937
0.199310302734375 -0.410400390625 -0.0433197021484375 0.2100830078125
0.309661865234375 -0.270843505859375 -0.14453125 0.186309814453125
0.45574951171875 -0.041046142578125 -0.203765869140625 0.132461547851562
0.40472412109375 0.274505615234375 -0.188186645507812 -0.045013427734375
0.04150390625 0.5899658203125 -0.0710906982421875 -0.165191650390625
-0.2398681640625 0.571533203125 0.075836181640625 -0.044708251953125
-0.550567626953125 0.46502685546875 0.00235366821289059 0.0557403564453125
-0.357421875 0.4249267578125 -0.466461181640625 0.2994384765625
-0.111602783203125 0.467529296875 -0.1536865234375 0.33380126953125
0.163055419921875 0.434844970703125 0.018402099609375 0.142059326171875
0.329376220703125 0.178253173828125 -0.0637016296386719 0.0461997985839844
0.34051513671875 -0.01776123046875 -0.128791809082031 0.115455627441406
0.235336303710938 -0.22784423828125 -0.14666748046875 0.187759399414062
0.13641357421875 -0.289031982421875 -0.076080322265625 0.2984619140625
0.165679931640625 -0.26434326171875 -0.05682373046875 0.331878662109375
0.166534423828125 -0.28582763671875 -0.084564208984375 0.329193115234375
0.232559204101563 -0.169296264648438 -0.200515747070312 0.261077880859375
0.316741943359375 0.002197265625 -0.246490478515625 0.154541015625
0.24896240234375 0.210205078125 -0.212646484375 -0.025054931640625
-0.01324462890625 0.399200439453125 -0.0729598999023437 -0.109832763671875
-0.186370849609375 0.38250732421875 0.0240859985351562 0.0814208984375
-0.409149169921875 0.338592529296875 -0.17303466796875 0.186981201171875
-0.155975341796875 0.250137329101563 -0.578125 0.41748046875
-0.0222015380859375 0.264022827148438 -0.2030029296875 0.43511962890625
0.107345581054687 0.195419311523438 0.012420654296875 0.165634155273438
0.158187866210938 0.064208984375 -0.085174560546875 0.0666275024414063
0.14788818359375 -0.008026123046875 -0.164581298828125 0.119888305664063
0.118026733398438 -0.0972137451171875 -0.18157958984375 0.242782592773438
0.0849685668945313 -0.1239013671875 -0.09564208984375 0.381072998046875
0.0979995727539063 -0.117279052734375 -0.072967529296875 0.400970458984375
0.110511779785156 -0.123298645019531 -0.114471435546875 0.397613525390625
0.126457214355469 -0.0496978759765625 -0.230743408203125 0.29412841796875
0.145233154296875 0.039398193359375 -0.260986328125 0.145401000976563
0.0771331787109375 0.116790771484375 -0.21392822265625 -0.0186920166015625
-0.050445556640625 0.168228149414062 -0.0669136047363281 -0.0689735412597656
-0.100265502929688 0.157516479492188 -0.018951416015625 0.160675048828125
-0.205886840820312 0.171234130859375 -0.2952880859375 0.27545166015625
-0.0697669982910156 -0.00464630126953125 0.3162841796875 -0.3780517578125
-0.0368309020996094 0.0532722473144531 0.05255126953125 -0.238433837890625
0.0384063720703125 0.071990966796875 0.0232200622558594 0.0604095458984375
0.0702552795410156 0.0153388977050781 0.197830200195313 0.046966552734375
0.0620651245117188 -0.0583038330078125 0.27484130859375 -0.082672119140625
-0.0142135620117188 -0.0757598876953125 0.236968994140625 -0.2877197265625
-0.0442886352539062 -0.0657882690429688 0.101654052734375 -0.4385986328125
-0.0252647399902344 -0.047088623046875 0.071624755859375 -0.424407958984375
-0.0385093688964844 -0.0496177673339844 0.11505126953125 -0.40753173828125
0.0117874145507812 -0.0505409240722656 0.19085693359375 -0.283477783203125
0.0397796630859375 -0.0191650390625 0.153976440429687 -0.144271850585938
0.0376625061035156 0.0454063415527344 0.0922775268554688 -0.106979370117188
-0.0210456848144531 0.0407638549804688 0.0470733642578125 -0.22515869140625
-0.045074462890625 0.00777053833007813 0.19842529296875 -0.477264404296875
-0.0279998779296875 -0.0558357238769531 0.684326171875 -0.4468994140625
-0.287109375 0.196746826171875 0.2911376953125 -0.362823486328125
-0.140716552734375 0.250473022460937 0.0577850341796875 -0.233612060546875
0.06060791015625 0.2978515625 0.0191116333007813 0.0563735961914063
0.206146240234375 0.134552001953125 0.173675537109375 0.039642333984375
0.237319946289063 -0.0459442138671875 0.25048828125 -0.052734375
0.112014770507813 -0.192138671875 0.21527099609375 -0.256683349609375
0.022125244140625 -0.234832763671875 0.095977783203125 -0.39520263671875
0.0592193603515625 -0.210800170898438 0.0650634765625 -0.367706298828125
0.0403594970703125 -0.23358154296875 0.10699462890625 -0.3599853515625
0.14105224609375 -0.178024291992188 0.15673828125 -0.242538452148438
0.234161376953125 -0.05035400390625 0.110130310058594 -0.110626220703125
0.22137451171875 0.151168823242188 0.0579833984375 -0.119644165039062
0.014556884765625 0.294830322265625 0.032440185546875 -0.259506225585938
-0.13470458984375 0.262527465820313 0.21148681640625 -0.487548828125
-0.25689697265625 0.165374755859375 0.662109375 -0.44818115234375
-0.461273193359375 0.37481689453125 0.198455810546875 -0.294952392578125
-0.21966552734375 0.431396484375 0.04034423828125 -0.180099487304687
0.09466552734375 0.49658203125 0.0230636596679688 0.0627517700195313
0.33367919921875 0.236907958984375 0.14569091796875 0.0287017822265625
0.391937255859375 -0.03509521484375 0.203369140625 -0.0248870849609375
0.22576904296875 -0.288238525390625 0.164840698242187 -0.201217651367188
0.083740234375 -0.3724365234375 0.07391357421875 -0.298492431640625
0.13531494140625 -0.34307861328125 0.0493011474609375 -0.254501342773438
0.113555908203125 -0.382720947265625 0.0823974609375 -0.253524780273438
0.250473022460938 -0.280563354492188 0.0930938720703125 -0.160064697265625
0.401275634765625 -0.07672119140625 0.0390625 -0.0581207275390625
0.38360595703125 0.237396240234375 -0.000343322753906231 -0.122512817382813
0.05401611328125 0.517791748046875 0.0032806396484375 -0.279022216796875
-0.206207275390625 0.4893798828125 0.203033447265625 -0.448516845703125
-0.452545166015625 0.3609619140625 0.56536865234375 -0.38189697265625
-0.5679931640625 0.5078125 0.049957275390625 -0.17767333984375
-0.25634765625 0.5775146484375 0.00382995605468748 -0.0802001953125
0.14788818359375 0.64007568359375 0.032318115234375 0.077667236328125
0.442718505859375 0.30059814453125 0.105415344238281 0.0180435180664063
0.5057373046875 -0.032501220703125 0.130302429199219 0.00867462158203125
0.30615234375 -0.352996826171875 0.0891647338867188 -0.116111755371094
0.134063720703125 -0.457275390625 0.0389251708984375 -0.1580810546875
0.19036865234375 -0.422119140625 0.026092529296875 -0.102523803710938
0.166778564453125 -0.470123291015625 0.0471954345703125 -0.105369567871094
0.322113037109375 -0.339202880859375 0.0139312744140625 -0.0457878112792969
0.51080322265625 -0.09039306640625 -0.0470352172851562 0.0112648010253906
0.492706298828125 0.291900634765625 -0.0718002319335937 -0.1080322265625
0.08648681640625 0.6678466796875 -0.0312957763671875 -0.2696533203125
-0.24884033203125 0.64300537109375 0.172821044921875 -0.34881591796875
-0.58099365234375 0.4947509765625 0.404205322265625 -0.2607421875
-0.58782958984375 0.57171630859375 -0.130386352539063 -0.023345947265625
-0.24298095703125 0.65032958984375 -0.0457763671875 0.0554618835449219
0.19696044921875 0.6917724609375 0.03790283203125 0.098541259765625
0.497344970703125 0.311981201171875 0.0500068664550781 0.016632080078125
0.546630859375 -0.036895751953125 0.0390625 0.04888916015625
0.33935546875 -0.370941162109375 0.000297546386718771 -0.00973987579345705
0.15838623046875 -0.47357177734375 -0.00346422195434569 0.00776100158691403
0.215728759765625 -0.436370849609375 -0.00145339965820311 0.0645332336425781
0.196136474609375 -0.48358154296875 0.00358581542968752 0.0609207153320312
0.343414306640625 -0.337860107421875 -0.070159912109375 0.0817031860351562
0.534271240234375 -0.083038330078125 -0.134307861328125 0.0847320556640625
0.5087890625 0.3050537109375 -0.141860961914062 -0.07763671875
0.08990478515625 0.70281982421875 -0.0618133544921875 -0.228668212890625
-0.25933837890625 0.6800537109375 0.128204345703125 -0.20343017578125
-0.6217041015625 0.53802490234375 0.206573486328125 -0.1029052734375
-0.514404296875 0.55438232421875 -0.313446044921875 0.1490478515625
-0.19134521484375 0.61932373046875 -0.09979248046875 0.205581665039063
0.21087646484375 0.624755859375 0.035430908203125 0.121818542480469
0.464599609375 0.267120361328125 -0.0118350982666015 0.0267753601074219
0.492950439453125 -0.03497314453125 -0.0550689697265625 0.0896224975585937
0.314666748046875 -0.33197021484375 -0.0850372314453125 0.102577209472656
0.158111572265625 -0.418701171875 -0.0426483154296875 0.172531127929687
0.205718994140625 -0.385772705078125 -0.0294342041015625 0.221343994140625
0.195709228515625 -0.422088623046875 -0.041748046875 0.21832275390625
0.3126220703125 -0.278228759765625 -0.145736694335938 0.195068359375
0.465576171875 -0.0499267578125 -0.20501708984375 0.139892578125
0.42132568359375 0.278594970703125 -0.193130493164063 -0.0444183349609375
0.04937744140625 0.607666015625 -0.0770263671875 -0.1697998046875
-0.24169921875 0.58673095703125 0.0775680541992187 -0.0478897094726562
-0.5635986328125 0.48687744140625 0.00304794311523434 0.0599632263183594
-0.36456298828125 0.44488525390625 -0.47467041015625 0.31036376953125
-0.112335205078125 0.483367919921875 -0.155242919921875 0.3428955078125
0.17767333984375 0.445526123046875 0.026611328125 0.145950317382813
0.341766357421875 0.17791748046875 -0.0619621276855469 0.04595947265625
0.35186767578125 -0.025848388671875 -0.129013061523437 0.117767333984375
0.236083984375 -0.235885620117188 -0.151596069335937 0.196502685546875
0.130279541015625 -0.2967529296875 -0.07452392578125 0.309173583984375
0.164520263671875 -0.2752685546875 -0.0531005859375 0.343841552734375
0.16558837890625 -0.295928955078125 -0.0836181640625 0.341217041015625
0.23468017578125 -0.1741943359375 -0.202301025390625 0.2725830078125
0.324005126953125 -0.003631591796875 -0.249176025390625 0.16156005859375
0.259658813476563 0.212615966796875 -0.217880249023438 -0.0233459472656249
-0.00817871093749998 0.413238525390625 -0.0773544311523437 -0.11248779296875
-0.18902587890625 0.394073486328125 0.0272369384765625 0.0826416015625
-0.41796875 0.35540771484375 -0.175216674804688 0.1973876953125
-0.1597900390625 0.261138916015625 -0.58770751953125 0.432373046875
-0.020477294921875 0.272369384765625 -0.2047119140625 0.448486328125
0.115249633789063 0.2000732421875 0.0188446044921875 0.169509887695313
0.165130615234375 0.0625457763671875 -0.084197998046875 0.0679855346679687
0.153472900390625 -0.01116943359375 -0.167160034179688 0.123428344726563
0.119255065917969 -0.101631164550781 -0.186203002929688 0.251251220703125
0.0824050903320313 -0.127838134765625 -0.09381103515625 0.393585205078125
0.0973281860351563 -0.12310791015625 -0.06951904296875 0.4146728515625
0.110687255859375 -0.128524780273438 -0.112548828125 0.414276123046875
0.127571105957031 -0.0526962280273437 -0.233551025390625 0.305023193359375
0.1490478515625 0.036285400390625 -0.264114379882813 0.151626586914063
0.082183837890625 0.118850708007813 -0.21893310546875 -0.0158538818359375
-0.0486297607421875 0.176467895507812 -0.0695571899414063 -0.0700454711914062
-0.1019287109375 0.162857055664063 -0.0150604248046875 0.164093017578125
-0.212615966796875 0.180450439453125 -0.2987060546875 0.28936767578125
-0.0704879760742187 -0.00414276123046874 0.313323974609375 -0.404815673828125
-0.0362586975097656 0.0554885864257812 0.0444183349609375 -0.248764038085938
0.0416336059570313 0.073974609375 0.0275764465332031 0.0619697570800781
0.0721969604492188 0.0157623291015625 0.204696655273437 0.0391845703125
0.0593185424804688 -0.0621414184570313 0.279800415039063 -0.0965576171875
-0.0188369750976563 -0.0755081176757813 0.2349853515625 -0.30487060546875
-0.047943115234375 -0.063812255859375 0.086822509765625 -0.4581298828125
-0.0266647338867187 -0.0464401245117187 0.055389404296875 -0.44476318359375
-0.0425453186035156 -0.0472831726074219 0.10113525390625 -0.43048095703125
0.00900650024414063 -0.0516548156738281 0.18853759765625 -0.301971435546875
0.0390853881835938 -0.0200157165527344 0.153549194335938 -0.153228759765625
0.0408935546875 0.0451850891113281 0.0904617309570313 -0.115180969238281
-0.0207176208496094 0.0398979187011719 0.038726806640625 -0.234771728515625
-0.0440940856933594 0.00716018676757813 0.18231201171875 -0.499114990234375
-0.0289077758789063 -0.0559959411621094 0.6875 -0.48583984375
-0.2869873046875 0.213165283203125 0.287506103515625 -0.390045166015625
-0.137252807617188 0.263717651367188 0.049713134765625 -0.244903564453125
0.075042724609375 0.306427001953125 0.0245513916015625 0.0589523315429688
0.216720581054688 0.133773803710938 0.180145263671875 0.0321807861328125
0.241302490234375 -0.057647705078125 0.256103515625 -0.065826416015625
0.105560302734375 -0.1993408203125 0.212417602539063 -0.271575927734375
0.01202392578125 -0.240325927734375 0.081787109375 -0.412567138671875
0.05316162109375 -0.220077514648438 0.05230712890625 -0.38525390625
0.0304718017578125 -0.24066162109375 0.09423828125 -0.38006591796875
0.137176513671875 -0.187530517578125 0.154144287109375 -0.25811767578125
0.238693237304688 -0.06036376953125 0.110641479492188 -0.117439270019531
0.236801147460937 0.147689819335938 0.0537567138671875 -0.127861022949219
0.0262451171875 0.302825927734375 0.0217132568359375 -0.26995849609375
-0.129058837890625 0.272476196289063 0.197906494140625 -0.51080322265625
-0.258590698242188 0.182205200195313 0.6650390625 -0.48614501953125
-0.46185302734375 0.406097412109375 0.193328857421875 -0.318328857421875
-0.212249755859375 0.454345703125 0.0322265625 -0.190567016601562
0.120361328125 0.510833740234375 0.030975341796875 0.0648727416992188
0.353179931640625 0.23297119140625 0.15057373046875 0.0212554931640625
0.402191162109375 -0.0552978515625 0.208786010742188 -0.03570556640625
0.217315673828125 -0.30340576171875 0.160980224609375 -0.211563110351563
0.068634033203125 -0.383697509765625 0.06231689453125 -0.310882568359375
0.124786376953125 -0.359405517578125 0.041961669921875 -0.266876220703125
0.09857177734375 -0.39752197265625 0.0736846923828125 -0.268173217773438
0.245880126953125 -0.2972412109375 0.092132568359375 -0.169082641601563
0.409820556640625 -0.094696044921875 0.0401420593261719 -0.0595893859863281
0.409149169921875 0.231292724609375 -0.00593566894531246 -0.12890625
0.076507568359375 0.532745361328125 -0.01031494140625 -0.289337158203125
-0.195556640625 0.50994873046875 0.190093994140625 -0.469696044921875
-0.454833984375 0.392242431640625 0.56732177734375 -0.41400146484375
-0.5665283203125 0.5491943359375 0.045013427734375 -0.192031860351562
-0.2445068359375 0.60870361328125 -0.00270843505859377 -0.0872039794921874
0.18267822265625 0.65667724609375 0.0423812866210938 0.0801696777343751
0.469390869140625 0.294158935546875 0.109855651855469 0.0119476318359375
0.520599365234375 -0.058349609375 0.136161804199219 0.000801086425781246
0.298431396484375 -0.373321533203125 0.08544921875 -0.121505737304688
0.114044189453125 -0.472076416015625 0.031280517578125 -0.164031982421875
0.17767333984375 -0.44482421875 0.0253524780273438 -0.10736083984375
0.151397705078125 -0.491851806640625 0.0433578491210938 -0.112480163574219
0.317535400390625 -0.35906982421875 0.0141754150390625 -0.0468940734863281
0.5218505859375 -0.1131591796875 -0.0458602905273437 0.0149154663085937
0.52337646484375 0.282501220703125 -0.0792236328125 -0.110458374023438
0.11669921875 0.6884765625 -0.04608154296875 -0.277938842773437
-0.23480224609375 0.6707763671875 0.163909912109375 -0.36529541015625
-0.58563232421875 0.535888671875 0.407745361328125 -0.2821044921875
-0.58642578125 0.6180419921875 -0.13470458984375 -0.0250244140625
-0.228759765625 0.683837890625 -0.0483283996582031 0.0554351806640625
0.23583984375 0.70819091796875 0.0501708984375 0.100601196289063
0.52685546875 0.302032470703125 0.0534629821777344 0.0120811462402344
0.5645751953125 -0.06451416015625 0.0435981750488282 0.0454292297363281
0.33233642578125 -0.394256591796875 -0.00281715393066404 -0.00790119171142581
0.13934326171875 -0.491607666015625 -0.00444936752319335 0.00869083404541013
0.2041015625 -0.46185302734375 0.00300216674804689 0.0673408508300781
0.179412841796875 -0.50872802734375 0.00589752197265626 0.0636825561523437
0.33935546875 -0.360443115234375 -0.0682144165039062 0.0887298583984375
0.54681396484375 -0.108154296875 -0.1326904296875 0.093414306640625
0.542083740234375 0.29522705078125 -0.1502685546875 -0.0757598876953125
0.119873046875 0.7259521484375 -0.07623291015625 -0.234176635742187
-0.24505615234375 0.71014404296875 0.123687744140625 -0.214614868164062
-0.6256103515625 0.58392333984375 0.209564208984375 -0.110549926757812
-0.51318359375 0.59661865234375 -0.318389892578125 0.1610107421875
-0.17425537109375 0.6510009765625 -0.0980072021484375 0.214218139648438
0.24871826171875 0.6383056640625 0.0483856201171875 0.124359130859375
0.49200439453125 0.256256103515625 -0.00964546203613279 0.0256481170654297
0.510589599609375 -0.061126708984375 -0.0515594482421875 0.0919113159179688
0.308441162109375 -0.353485107421875 -0.0871200561523437 0.111030578613281
0.141632080078125 -0.435150146484375 -0.038909912109375 0.181488037109375
0.195220947265625 -0.409149169921875 -0.01934814453125 0.231597900390625
0.1815185546875 -0.445281982421875 -0.0343017578125 0.230255126953125
0.309967041015625 -0.297515869140625 -0.142059326171875 0.209487915039062
0.4766845703125 -0.071441650390625 -0.20404052734375 0.15283203125
0.449310302734375 0.270172119140625 -0.201736450195312 -0.0390625
0.0753173828124999 0.6304931640625 -0.0893096923828125 -0.17291259765625
-0.22930908203125 0.61285400390625 0.0786514282226563 -0.0519180297851562
-0.56854248046875 0.5301513671875 0.00573348999023434 0.0657234191894532
-0.361785888671875 0.47796630859375 -0.478179931640625 0.335601806640625
-0.098846435546875 0.506805419921875 -0.14898681640625 0.359161376953125
0.204925537109375 0.454803466796875 0.038482666015625 0.148544311523438
0.361541748046875 0.169586181640625 -0.059783935546875 0.0480194091796875
0.364013671875 -0.04498291015625 -0.1275634765625 0.124542236328125
0.233001708984375 -0.252059936523438 -0.151840209960938 0.209869384765625
0.11859130859375 -0.309295654296875 -0.066497802734375 0.323883056640625
0.15692138671875 -0.293182373046875 -0.0390625 0.361083984375
0.156646728515625 -0.31256103515625 -0.071441650390625 0.3602294921875
0.234161376953125 -0.188003540039063 -0.19830322265625 0.29156494140625
0.333251953125 -0.018646240234375 -0.249038696289062 0.176010131835937
0.27947998046875 0.209396362304688 -0.225753784179687 -0.01593017578125
0.00952148437499998 0.431182861328125 -0.0870285034179688 -0.113006591796875
-0.181793212890625 0.41363525390625 0.0322952270507812 0.0837326049804688
-0.4229736328125 0.386962890625 -0.172271728515625 0.214065551757813
-0.158004760742188 0.279022216796875 -0.59002685546875 0.46624755859375
-0.011627197265625 0.2835693359375 -0.193634033203125 0.471954345703125
0.12982177734375 0.201950073242188 0.0293426513671875 0.172348022460938
0.174148559570313 0.056640625 -0.0820541381835937 0.0721282958984375
0.159805297851563 -0.0193634033203125 -0.166702270507812 0.133743286132813
0.119247436523437 -0.109687805175781 -0.185287475585938 0.267837524414063
0.07757568359375 -0.134811401367187 -0.082794189453125 0.412384033203125
0.094573974609375 -0.131935119628906 -0.05322265625 0.434234619140625
0.108261108398438 -0.138534545898438 -0.0986328125 0.43603515625
0.129035949707031 -0.0587005615234375 -0.230194091796875 0.325836181640625
0.1546630859375 0.028900146484375 -0.26580810546875 0.165237426757813
0.09136962890625 0.119110107421875 -0.225921630859375 -0.00712585449218754
-0.0413818359375 0.187881469726563 -0.0759506225585937 -0.0686111450195313
-0.099517822265625 0.173171997070313 -0.00762939453125001 0.169387817382813
-0.21533203125 0.197799682617188 -0.295135498046875 0.314422607421875
-0.0714111328125 -0.00171661376953124 0.292266845703125 -0.434661865234375
-0.0336875915527344 0.058197021484375 0.02935791015625 -0.257369995117188
0.0476303100585938 0.0735931396484375 0.0344505310058594 0.0613517761230469
0.074737548828125 0.0135040283203125 0.20965576171875 0.0260772705078125
0.0549888610839844 -0.0651931762695313 0.276641845703125 -0.116241455078125
-0.0252609252929688 -0.0729827880859375 0.22186279296875 -0.32403564453125
-0.0510368347167969 -0.0604896545410156 0.058441162109375 -0.47137451171875
-0.0295219421386719 -0.0448379516601562 0.0262451171875 -0.45928955078125
-0.0471687316894531 -0.0423316955566406 0.072784423828125 -0.44952392578125
0.00436019897460937 -0.0522384643554688 0.17449951171875 -0.321044921875
0.0379409790039063 -0.0210762023925781 0.147018432617188 -0.164108276367188
0.0449638366699219 0.0432243347167969 0.0833892822265625 -0.123428344726563
-0.0197715759277344 0.0394248962402344 0.0235748291015625 -0.24200439453125
-0.0435943603515625 0.00789642333984374 0.1522216796875 -0.51788330078125
-0.0313186645507813 -0.0544815063476563 0.6650390625 -0.5362548828125
-0.277664184570313 0.2344970703125 0.266998291015625 -0.41949462890625
-0.124359130859375 0.276336669921875 0.03387451171875 -0.254058837890625
0.097686767578125 0.30810546875 0.0326156616210938 0.0581932067871094
0.228668212890625 0.124649047851563 0.183303833007813 0.0193939208984375
0.239990234375 -0.074615478515625 0.254486083984375 -0.0841217041015625
0.0924224853515625 -0.2061767578125 0.19952392578125 -0.2879638671875
-0.00367736816406249 -0.2410888671875 0.05584716796875 -0.42474365234375
0.0399322509765625 -0.2265625 0.02777099609375 -0.3992919921875
0.013458251953125 -0.243972778320313 0.068511962890625 -0.3975830078125
0.1259765625 -0.198150634765625 0.142684936523437 -0.273345947265625
0.238418579101563 -0.0758209228515625 0.10699462890625 -0.124427795410156
0.2523193359375 0.134735107421875 0.0453033447265625 -0.134979248046875
0.044891357421875 0.30535888671875 0.00242614746093752 -0.277114868164063
-0.115142822265625 0.283111572265625 0.167449951171875 -0.52972412109375
-0.251510620117188 0.2037353515625 0.64385986328125 -0.53350830078125
-0.44384765625 0.4423828125 0.175872802734375 -0.341796875
-0.188690185546875 0.476348876953125 0.0177001953125 -0.199569702148437
0.15740966796875 0.512481689453125 0.0414772033691406 0.0636749267578125
0.373565673828125 0.217071533203125 0.153289794921875 0.010223388671875
0.402923583984375 -0.082977294921875 0.20916748046875 -0.0519256591796875
0.19891357421875 -0.31829833984375 0.149612426757812 -0.223892211914063
0.043792724609375 -0.3890380859375 0.042144775390625 -0.32049560546875
0.103546142578125 -0.374664306640625 0.026336669921875 -0.277130126953125
0.072174072265625 -0.408294677734375 0.0555419921875 -0.280349731445313
0.2301025390625 -0.31536865234375 0.0853424072265625 -0.1785888671875
0.410552978515625 -0.1221923828125 0.0392990112304688 -0.0619697570800781
0.433807373046875 0.209442138671875 -0.0161056518554687 -0.132293701171875
0.11102294921875 0.538482666015625 -0.0316162109375 -0.2933349609375
-0.169189453125 0.528594970703125 0.16302490234375 -0.4869384765625
-0.439727783203125 0.43292236328125 0.550079345703125 -0.455169677734375
-0.5406494140625 0.5968017578125 0.0320892333984375 -0.204681396484375
-0.2125244140625 0.63568115234375 -0.0117263793945313 -0.09161376953125
0.2327880859375 0.658203125 0.055206298828125 0.0769119262695313
0.49560546875 0.27044677734375 0.112060546875 0.00219726562500002
0.523895263671875 -0.095977783203125 0.138420104980469 -0.010772705078125
0.27667236328125 -0.394683837890625 0.0780258178710938 -0.126808166503906
0.082855224609375 -0.48187255859375 0.0197296142578125 -0.168731689453125
0.151702880859375 -0.466827392578125 0.0195388793945313 -0.11273193359375
0.11737060546875 -0.507354736328125 0.0361785888671875 -0.118087768554688
0.299591064453125 -0.382049560546875 0.01348876953125 -0.0479583740234375
0.52349853515625 -0.149383544921875 -0.0433692932128906 0.01953125
0.55535888671875 0.255279541015625 -0.08966064453125 -0.109024047851562
0.1619873046875 0.6971435546875 -0.0682525634765625 -0.278656005859375
-0.201416015625 0.69622802734375 0.14215087890625 -0.38116455078125
-0.56243896484375 0.58782958984375 0.3974609375 -0.30908203125
-0.55914306640625 0.6702880859375 -0.139724731445313 -0.0225906372070312
-0.19195556640625 0.71197509765625 -0.0491943359375 0.0566749572753907
0.29217529296875 0.70819091796875 0.0643310546875 0.0973663330078126
0.55523681640625 0.27587890625 0.0557022094726563 0.00602722167968752
0.56964111328125 -0.10693359375 0.0479507446289063 0.0404930114746094
0.310089111328125 -0.419464111328125 -0.00572156906127928 -0.00530242919921877
0.10699462890625 -0.503448486328125 -0.00583839416503905 0.0100364685058593
0.175872802734375 -0.484649658203125 0.00942230224609376 0.0683326721191406
0.144195556640625 -0.527313232421875 0.00947952270507813 0.0657691955566406
0.322784423828125 -0.3856201171875 -0.0626144409179687 0.09625244140625
0.54901123046875 -0.144500732421875 -0.126441955566406 0.104484558105469
0.57366943359375 0.266845703125 -0.159286499023438 -0.0691070556640625
0.16998291015625 0.73529052734375 -0.0958099365234375 -0.232330322265625
-0.210205078125 0.7353515625 0.1126708984375 -0.224822998046875
-0.60223388671875 0.6378173828125 0.206893920898437 -0.122772216796875
-0.48492431640625 0.6441650390625 -0.31488037109375 0.18017578125
-0.140869140625 0.67718505859375 -0.0898590087890625 0.222518920898438
0.29827880859375 0.63421630859375 0.0634918212890625 0.120780944824219
0.51702880859375 0.22894287109375 -0.00677108764648434 0.024078369140625
0.516021728515625 -0.098785400390625 -0.0456695556640625 0.0937423706054688
0.2904052734375 -0.37646484375 -0.084686279296875 0.1212158203125
0.1121826171875 -0.447052001953125 -0.029937744140625 0.188430786132812
0.17132568359375 -0.430389404296875 -0.00283813476562497 0.238037109375
0.153045654296875 -0.4637451171875 -0.0193328857421875 0.238967895507812
0.295013427734375 -0.32049560546875 -0.130645751953125 0.224411010742187
0.479705810546875 -0.103271484375 -0.195571899414062 0.168228149414063
0.4781494140625 0.24700927734375 -0.20904541015625 -0.0279541015625
0.118896484375 0.64141845703125 -0.104949951171875 -0.16876220703125
-0.1978759765625 0.6383056640625 0.077392578125 -0.0570144653320312
-0.54736328125 0.5792236328125 0.0111579895019531 0.0700492858886719
-0.341522216796875 0.514373779296875 -0.46807861328125 0.36822509765625
-0.07080078125 0.524017333984375 -0.13140869140625 0.375457763671875
0.24261474609375 0.45025634765625 0.0532379150390625 0.1461181640625
0.37982177734375 0.1492919921875 -0.057037353515625 0.0501708984375
0.368072509765625 -0.072357177734375 -0.12054443359375 0.132583618164062
0.219024658203125 -0.27032470703125 -0.144241333007813 0.225341796875
0.098358154296875 -0.319580078125 -0.04791259765625 0.336181640625
0.13916015625 -0.3096923828125 -0.014678955078125 0.372467041015625
0.13623046875 -0.328338623046875 -0.047698974609375 0.375518798828125
0.225433349609375 -0.204940795898438 -0.18280029296875 0.311492919921875
0.335968017578125 -0.041748046875 -0.240402221679687 0.194183349609375
0.300201416015625 0.195220947265625 -0.23138427734375 -0.00175476074218753
0.03802490234375 0.442169189453125 -0.0974349975585938 -0.108123779296875
-0.160919189453125 0.431915283203125 0.0399246215820313 0.0833587646484375
-0.409393310546875 0.424713134765625 -0.159317016601563 0.231597900390625
-0.145843505859375 0.297088623046875 -0.5728759765625 0.5113525390625
0.0048828125 0.290740966796875 -0.1693115234375 0.49224853515625
0.145614624023437 0.197525024414063 0.0433502197265625 0.1708984375
0.18145751953125 0.0454559326171875 -0.0769424438476562 0.077301025390625
0.162246704101562 -0.03228759765625 -0.1605224609375 0.144851684570313
0.113883972167969 -0.119674682617188 -0.1748046875 0.28509521484375
0.0687103271484375 -0.141250610351563 -0.05841064453125 0.42742919921875
0.08697509765625 -0.141403198242188 -0.024993896484375 0.447235107421875
0.099853515625 -0.148727416992188 -0.068328857421875 0.4542236328125
0.127456665039063 -0.0678558349609375 -0.2137451171875 0.348541259765625
0.157394409179688 0.0174560546875 -0.258804321289063 0.184036254882812
0.101806640625 0.114593505859375 -0.230026245117187 0.00823974609375001
-0.0279083251953125 0.196136474609375 -0.0821990966796875 -0.0639877319335937
-0.091522216796875 0.183258056640625 0.00479125976562498 0.172134399414063
-0.209152221679688 0.217910766601562 -0.277496337890625 0.33990478515625
-0.0699501037597656 0.00177764892578125 0.25958251953125 -0.4512939453125
-0.0296401977539063 0.0590057373046875 0.0128021240234375 -0.25750732421875
0.0529289245605469 0.0694198608398438 0.0397491455078125 0.0570487976074219
0.0757980346679688 0.0101165771484375 0.205947875976563 0.010955810546875
0.0484161376953125 -0.0663719177246094 0.263992309570312 -0.131942749023438
-0.0300064086914062 -0.0679054260253906 0.199005126953125 -0.333984375
-0.0537109375 -0.0549964904785156 0.02447509765625 -0.47021484375
-0.0312538146972656 -0.0411376953125 -0.00601196289062495 -0.458038330078125
-0.0489387512207031 -0.0356636047363281 0.038909912109375 -0.45184326171875
0.000228881835937501 -0.0505943298339844 0.15264892578125 -0.331085205078125
0.0356636047363281 -0.0221481323242188 0.135589599609375 -0.169448852539063
0.0478172302246094 0.0395050048828125 0.0720748901367188 -0.128128051757813
-0.0192680358886719 0.0387611389160156 0.004913330078125 -0.241455078125
-0.0420913696289063 0.00878524780273437 0.114227294921875 -0.518157958984375
-0.0319900512695313 -0.0514869689941406 0.618408203125 -0.5693359375
-0.25811767578125 0.249237060546875 0.234710693359375 -0.434326171875
-0.105514526367188 0.280715942382813 0.0154266357421875 -0.255340576171875
0.11920166015625 0.297576904296875 0.0400848388671875 0.053253173828125
0.234283447265625 0.110015869140625 0.180068969726563 0.00588989257812501
0.229690551757813 -0.0890350341796875 0.244155883789063 -0.0996856689453125
0.0760345458984375 -0.206085205078125 0.179290771484375 -0.296417236328125
-0.0193023681640625 -0.23443603515625 0.025787353515625 -0.42333984375
0.02459716796875 -0.226104736328125 3.05175781250199E-05 -0.399200439453125
-0.00431823730468749 -0.238601684570313 0.037628173828125 -0.39984130859375
0.110549926757812 -0.202102661132813 0.125213623046875 -0.281341552734375
0.230087280273438 -0.0895233154296875 0.0990524291992188 -0.127799987792969
0.259429931640625 0.116302490234375 0.033843994140625 -0.136978149414063
0.062652587890625 0.299285888671875 -0.0184173583984375 -0.273162841796875
-0.095916748046875 0.285186767578125 0.126983642578125 -0.529998779296875
-0.233993530273438 0.219619750976562 0.59661865234375 -0.5643310546875
-0.40692138671875 0.46820068359375 0.14849853515625 -0.353057861328125
-0.157135009765625 0.483306884765625 0.00175476074218748 -0.20050048828125
0.193115234375 0.495330810546875 0.0501518249511719 0.0568161010742188
0.38275146484375 0.19097900390625 0.150436401367188 -0.00230407714843749
0.390533447265625 -0.110076904296875 0.20172119140625 -0.06573486328125
0.17333984375 -0.322967529296875 0.133316040039063 -0.228897094726563
0.015716552734375 -0.382232666015625 0.0181884765625 -0.318817138671875
0.076629638671875 -0.377288818359375 0.00671386718749999 -0.277740478515625
0.04119873046875 -0.4051513671875 0.0333251953125 -0.28265380859375
0.206085205078125 -0.32330322265625 0.074676513671875 -0.183120727539063
0.3968505859375 -0.1468505859375 0.0370216369628907 -0.0620193481445313
0.444854736328125 0.17645263671875 -0.0271530151367187 -0.130165100097656
0.1444091796875 0.526611328125 -0.0538330078125 -0.285919189453125
-0.134765625 0.532867431640625 0.126739501953125 -0.4871826171875
-0.405975341796875 0.457275390625 0.5128173828125 -0.4803466796875
-0.49493408203125 0.62786865234375 0.0160064697265625 -0.209243774414062
-0.17022705078125 0.643310546875 -0.0216827392578125 -0.0919189453125
0.27813720703125 0.63348388671875 0.0654563903808594 0.0686912536621094
0.50738525390625 0.234893798828125 0.10955810546875 -0.00789642333984373
0.509033203125 -0.1317138671875 0.135787963867188 -0.0218124389648438
0.2452392578125 -0.403839111328125 0.0675125122070313 -0.127578735351563
0.04888916015625 -0.476409912109375 0.00619506835937499 -0.167495727539063
0.11761474609375 -0.471221923828125 0.0118942260742188 -0.11474609375
0.078125 -0.506591796875 0.0260238647460938 -0.11944580078125
0.270355224609375 -0.396636962890625 0.0119895935058594 -0.0484046936035157
0.505035400390625 -0.18267822265625 -0.0392227172851562 0.022705078125
0.56842041015625 0.21417236328125 -0.0982284545898437 -0.10260009765625
0.206787109375 0.68121337890625 -0.088836669921875 -0.268325805664063
-0.1556396484375 0.69976806640625 0.114898681640625 -0.382080078125
-0.521240234375 0.61993408203125 0.370880126953125 -0.32781982421875
-0.50775146484375 0.70489501953125 -0.142654418945313 -0.017608642578125
-0.14459228515625 0.71875 -0.0487060546875 0.0584907531738282
0.3397216796875 0.68072509765625 0.0756607055664063 0.0876388549804688
0.56793212890625 0.2352294921875 0.0554046630859375 -0.000167846679687486
0.553955078125 -0.146759033203125 0.0504608154296875 0.0343589782714844
0.275390625 -0.431396484375 -0.00782632827758787 -0.00219583511352542
0.069976806640625 -0.4990234375 -0.00683975219726562 0.0109786987304687
0.140655517578125 -0.4920654296875 0.0156631469726563 0.0656280517578125
0.1053466796875 -0.528778076171875 0.0147132873535156 0.0650138854980468
0.290802001953125 -0.39947509765625 -0.0533599853515625 0.0998916625976562
0.53045654296875 -0.18109130859375 -0.115989685058594 0.111770629882812
0.5885009765625 0.22369384765625 -0.163894653320313 -0.057861328125
0.2174072265625 0.71929931640625 -0.113006591796875 -0.220321655273437
-0.161865234375 0.73968505859375 0.096893310546875 -0.227096557617187
-0.55657958984375 0.67523193359375 0.19677734375 -0.130828857421875
-0.43743896484375 0.67340087890625 -0.301300048828125 0.194549560546875
-0.095703125 0.68133544921875 -0.077239990234375 0.225784301757813
0.3411865234375 0.608154296875 0.0756988525390625 0.111358642578125
0.527587890625 0.192108154296875 -0.00443840026855466 0.0219383239746094
0.501434326171875 -0.137939453125 -0.037750244140625 0.0926055908203125
0.258941650390625 -0.390869140625 -0.07763671875 0.127601623535156
0.0789184570312501 -0.44384765625 -0.0186309814453125 0.189193725585937
0.13812255859375 -0.4381103515625 0.0160064697265625 0.235748291015625
0.1160888671875 -0.46624755859375 -0.00108337402343751 0.239883422851562
0.2694091796875 -0.333465576171875 -0.112884521484375 0.231979370117187
0.464324951171875 -0.13616943359375 -0.180435180664062 0.178543090820313
0.4912109375 0.211181640625 -0.209808349609375 -0.0139312744140625
0.16143798828125 0.62969970703125 -0.116928100585937 -0.15667724609375
-0.1575927734375 0.64312744140625 0.0740203857421875 -0.060394287109375
-0.5057373046875 0.61138916015625 0.0176010131835937 0.0713424682617188
-0.3043212890625 0.533447265625 -0.437957763671875 0.3916015625
-0.038116455078125 0.525177001953125 -0.10772705078125 0.379638671875
0.26995849609375 0.4287109375 0.0657119750976563 0.137413024902344
0.384307861328125 0.120849609375 -0.0510711669921875 0.0520210266113281
0.3590087890625 -0.098907470703125 -0.109390258789062 0.135810852050781
0.197036743164063 -0.280288696289063 -0.130279541015625 0.234115600585938
0.073089599609375 -0.31890869140625 -0.026123046875 0.336181640625
0.1156005859375 -0.317138671875 0.013702392578125 0.37054443359375
0.11065673828125 -0.333282470703125 -0.01812744140625 0.3768310546875
0.208816528320313 -0.21600341796875 -0.15960693359375 0.3216552734375
0.327301025390625 -0.064666748046875 -0.223464965820313 0.206817626953125
0.310638427734375 0.17236328125 -0.229034423828125 0.0142059326171875
0.069488525390625 0.436767578125 -0.104873657226563 -0.0982894897460937
-0.133331298828125 0.436553955078125 0.0463027954101562 0.079345703125
-0.379302978515625 0.44976806640625 -0.138534545898438 0.240463256835938
-0.12652587890625 0.304718017578125 -0.532806396484375 0.540283203125
0.022125244140625 0.2880859375 -0.135986328125 0.498626708984375
0.156814575195313 0.185211181640625 0.0546112060546875 0.16387939453125
0.181549072265625 0.0320281982421875 -0.0688629150390625 0.0804290771484375
0.158645629882813 -0.04473876953125 -0.147567749023437 0.151504516601563
0.104698181152344 -0.126319885253906 -0.156402587890625 0.29449462890625
0.0576934814453125 -0.143173217773437 -0.029876708984375 0.428375244140625
0.07550048828125 -0.14654541015625 0.00759887695312501 0.446685791015625
0.087249755859375 -0.154464721679688 -0.0330810546875 0.456085205078125
0.120826721191406 -0.074951171875 -0.187225341796875 0.360382080078125
0.155105590820313 0.0057830810546875 -0.243087768554688 0.1978759765625
0.109085083007813 0.1053466796875 -0.225555419921875 0.0242767333984375
-0.0117340087890625 0.197967529296875 -0.0855331420898438 -0.0561370849609375
-0.079376220703125 0.187255859375 0.0183258056640625 0.168350219726563
-0.193603515625 0.231689453125 -0.247650146484375 0.35443115234375
-0.0669975280761719 0.00330734252929687 0.232177734375 -0.449615478515625
-0.0256500244140625 0.0577888488769531 0.000320434570312515 -0.2532958984375
0.0550117492675781 0.0648117065429688 0.042633056640625 0.0511817932128906
0.0753860473632813 0.00759124755859375 0.197769165039063 0.0011444091796875
0.0435905456542969 -0.0647850036621094 0.249008178710938 -0.13763427734375
-0.0322074890136719 -0.0618667602539062 0.180633544921875 -0.333038330078125
-0.0532379150390625 -0.0497817993164062 0.00299072265625004 -0.457672119140625
-0.0313835144042969 -0.037322998046875 -0.029541015625 -0.4459228515625
-0.0489349365234375 -0.0295906066894531 0.012725830078125 -0.44268798828125
-0.00248336791992187 -0.0474662780761719 0.1343994140625 -0.32940673828125
0.0337314605712891 -0.0222377777099609 0.125259399414063 -0.1688232421875
0.0486259460449219 0.0358047485351563 0.0625457763671875 -0.127471923828125
-0.01922607421875 0.0370864868164063 -0.00857543945312501 -0.23388671875
-0.0399856567382813 0.00856781005859376 0.086822509765625 -0.50360107421875
-0.0308074951171875 -0.0484390258789063 0.572265625 -0.57464599609375
-0.238052368164063 0.25262451171875 0.20684814453125 -0.4334716796875
-0.0914154052734375 0.2767333984375 0.00154113769531249 -0.251434326171875
0.13043212890625 0.282806396484375 0.0447921752929688 0.0465354919433594
0.233489990234375 0.097625732421875 0.172805786132813 -0.00317382812499999
0.217025756835938 -0.0959320068359375 0.231185913085938 -0.106277465820313
0.06463623046875 -0.19976806640625 0.162628173828125 -0.29400634765625
-0.028472900390625 -0.22320556640625 0.004486083984375 -0.41265869140625
0.0138702392578125 -0.219833374023437 -0.020538330078125 -0.3892822265625
-0.015350341796875 -0.22772216796875 0.015594482421875 -0.391510009765625
0.0977020263671875 -0.19891357421875 0.1103515625 -0.280731201171875
0.218887329101563 -0.0960845947265625 0.0929107666015625 -0.126602172851563
0.25811767578125 0.100997924804688 0.0242767333984375 -0.134696960449219
0.0726318359375 0.28839111328125 -0.0322418212890625 -0.262863159179688
-0.0819854736328125 0.279190063476563 0.10028076171875 -0.51727294921875
-0.216903686523437 0.223968505859375 0.55352783203125 -0.56683349609375
-0.37432861328125 0.47076416015625 0.126220703125 -0.35205078125
-0.134002685546875 0.47515869140625 -0.010894775390625 -0.1964111328125
0.212249755859375 0.47137451171875 0.055389404296875 0.0490379333496094
0.380859375 0.16839599609375 0.14398193359375 -0.0106658935546875
0.37164306640625 -0.1240234375 0.192337036132813 -0.073089599609375
0.152374267578125 -0.316680908203125 0.120590209960938 -0.225662231445313
-0.000885009765624962 -0.3671875 0.001861572265625 -0.311004638671875
0.057586669921875 -0.370391845703125 -0.006805419921875 -0.272552490234375
0.019622802734375 -0.390899658203125 0.0178680419921875 -0.276321411132813
0.1849365234375 -0.32171630859375 0.0660400390625 -0.181884765625
0.377349853515625 -0.158660888671875 0.03564453125 -0.0606956481933594
0.442626953125 0.152008056640625 -0.0339584350585937 -0.125862121582031
0.162933349609375 0.509185791015625 -0.0666656494140625 -0.27215576171875
-0.111297607421875 0.52130126953125 0.10308837890625 -0.474578857421875
-0.374847412109375 0.4644775390625 0.476287841796875 -0.482391357421875
-0.45196533203125 0.632080078125 0.00271606445312498 -0.206924438476562
-0.13946533203125 0.63323974609375 -0.0286941528320313 -0.0894622802734375
0.301025390625 0.60162353515625 0.0710525512695313 0.0584487915039063
0.50396728515625 0.206451416015625 0.104789733886719 -0.0138778686523437
0.48583984375 -0.151519775390625 0.130035400390625 -0.0289306640625
0.21881103515625 -0.39996337890625 0.0598373413085938 -0.124931335449219
0.02593994140625 -0.4599609375 -0.00337219238281252 -0.163345336914063
0.0928955078125 -0.463409423828125 0.00652313232421877 -0.114334106445313
0.0518798828125 -0.492279052734375 0.0198898315429687 -0.118011474609375
0.24346923828125 -0.392852783203125 0.0117073059082031 -0.0482177734375
0.48077392578125 -0.1986083984375 -0.0344104766845703 0.0248031616210937
0.56390380859375 0.18280029296875 -0.101043701171875 -0.0954971313476562
0.23114013671875 0.65570068359375 -0.0999755859374999 -0.252975463867187
-0.12567138671875 0.68505859375 0.096099853515625 -0.372711181640625
-0.479736328125 0.62823486328125 0.346893310546875 -0.327667236328125
-0.4599609375 0.7064208984375 -0.142013549804688 -0.0142211914062499
-0.11187744140625 0.7066650390625 -0.0489120483398438 0.0583724975585938
0.36468505859375 0.6427001953125 0.0822677612304688 0.0761795043945313
0.5625 0.2054443359375 0.0535469055175782 -0.00460433959960936
0.528289794921875 -0.170379638671875 0.0504837036132813 0.0280685424804687
0.2467041015625 -0.428314208984375 -0.00850772857666014 0.00107622146606443
0.045318603515625 -0.482177734375 -0.00841045379638671 0.0119380950927734
0.1136474609375 -0.484619140625 0.0188865661621094 0.0618934631347656
0.07611083984375 -0.51519775390625 0.0186996459960938 0.0631675720214843
0.264129638671875 -0.398956298828125 -0.0458755493164063 0.09967041015625
0.505218505859375 -0.198455810546875 -0.105537414550781 0.113555908203125
0.58209228515625 0.19097900390625 -0.162826538085937 -0.049468994140625
0.24468994140625 0.693359375 -0.1202392578125 -0.204544067382812
-0.129150390625 0.72430419921875 0.0859375 -0.223114013671875
-0.5120849609375 0.68365478515625 0.186813354492187 -0.1318359375
-0.39605712890625 0.67608642578125 -0.286834716796875 0.198455810546875
-0.0657958984375 0.667724609375 -0.0683135986328125 0.223648071289063
0.361328125 0.5731201171875 0.0820770263671875 0.0996780395507813
0.520965576171875 0.16351318359375 -0.00265502929687497 0.0191707611083984
0.479278564453125 -0.15704345703125 -0.0320281982421875 0.0882186889648437
0.232147216796875 -0.387847900390625 -0.0712509155273437 0.129981994628906
0.056182861328125 -0.430511474609375 -0.0110015869140625 0.186050415039062
0.11395263671875 -0.4329833984375 0.0272979736328125 0.227218627929687
0.088409423828125 -0.45770263671875 0.01348876953125 0.23406982421875
0.245819091796875 -0.333648681640625 -0.097747802734375 0.230575561523438
0.44207763671875 -0.1524658203125 -0.166152954101563 0.18084716796875
0.487396240234375 0.1826171875 -0.204376220703125 -0.00396728515625001
0.187744140625 0.60748291015625 -0.121261596679687 -0.143768310546875
-0.12847900390625 0.6300048828125 0.0708770751953125 -0.0615463256835937
-0.4656982421875 0.618896484375 0.0223503112792968 0.0696563720703126
-0.27252197265625 0.53387451171875 -0.4091796875 0.39630126953125
-0.01617431640625 0.513885498046875 -0.090087890625 0.374481201171875
0.283172607421875 0.40484619140625 0.0717010498046875 0.127418518066406
0.378875732421875 0.1009521484375 -0.0461959838867187 0.0503883361816406
0.343170166015625 -0.1141357421875 -0.0992355346679687 0.133186340332031
0.17828369140625 -0.280776977539062 -0.118377685546875 0.234573364257813
0.057037353515625 -0.310394287109375 -0.011260986328125 0.3299560546875
0.097076416015625 -0.313568115234375 0.031524658203125 0.358856201171875
0.08941650390625 -0.327880859375 0.00396728515624999 0.367706298828125
0.192489624023438 -0.217239379882813 -0.139984130859375 0.3203125
0.312042236328125 -0.07720947265625 -0.207778930664062 0.209014892578125
0.309722900390625 0.152679443359375 -0.220901489257812 0.02459716796875
0.08941650390625 0.42401123046875 -0.106231689453125 -0.0876846313476562
-0.1124267578125 0.429595947265625 0.05047607421875 0.07427978515625
-0.35015869140625 0.454925537109375 -0.121139526367188 0.239715576171875
-0.1114501953125 0.30303955078125 -0.493316650390625 0.5447998046875
0.03253173828125 0.279998779296875 -0.109771728515625 0.493408203125
0.15997314453125 0.17376708984375 0.060394287109375 0.154678344726563
0.176666259765625 0.0231475830078125 -0.0615768432617187 0.07977294921875
0.152053833007813 -0.051788330078125 -0.136566162109375 0.150192260742188
0.0960617065429688 -0.127761840820313 -0.141998291015625 0.29425048828125
0.0485076904296875 -0.140426635742188 -0.010162353515625 0.419036865234375
0.0657806396484375 -0.146408081054688 0.02960205078125 0.434844970703125
0.0760498046875 -0.154708862304688 -0.00778198242187503 0.4453125
0.113044738769531 -0.0777511596679688 -0.1649169921875 0.358978271484375
0.148651123046875 -0.002197265625 -0.226776123046875 0.200759887695313
0.110694885253906 0.0966262817382813 -0.216629028320313 0.03460693359375
0.000411987304687514 0.1937255859375 -0.0850448608398437 -0.0486297607421875
-0.0688934326171875 0.186111450195313 0.02716064453125 0.161117553710938
-0.179458618164063 0.23516845703125 -0.221710205078125 0.352508544921875
-0.0646095275878906 0.00358200073242187 0.217742919921875 -0.443115234375
-0.0241203308105469 0.0554885864257813 -0.00593566894531252 -0.24908447265625
0.0554237365722656 0.060089111328125 0.043182373046875 0.0466423034667969
0.07440185546875 0.00637054443359375 0.190414428710937 -0.00299072265625
0.0405807495117188 -0.0629806518554688 0.239486694335938 -0.137542724609375
-0.0327644348144531 -0.0577926635742188 0.17156982421875 -0.328094482421875
-0.0521469116210937 -0.046417236328125 -0.00720214843749998 -0.446075439453125
-0.0305976867675781 -0.0356178283691406 -0.0404052734375 -0.43603515625
-0.047027587890625 -0.0256195068359375 0.000183105468750028 -0.43280029296875
-0.00442123413085937 -0.0455780029296875 0.125762939453125 -0.326873779296875
0.0325870513916016 -0.0213642120361328 0.12017822265625 -0.165206909179688
0.0486488342285156 0.0337295532226563 0.056060791015625 -0.12567138671875
-0.0197029113769531 0.0359153747558594 -0.0148468017578125 -0.227447509765625
-0.0380630493164063 0.00818634033203125 0.07476806640625 -0.488372802734375
-0.0288200378417969 -0.0463066101074219 0.544403076171875 -0.562225341796875
-0.226181030273438 0.249267578125 0.191497802734375 -0.42755126953125
-0.085205078125 0.270919799804688 -0.00646972656250001 -0.246505737304687
0.134017944335937 0.270965576171875 0.0459251403808594 0.04071044921875
0.229812622070313 0.0909576416015625 0.166488647460938 -0.0067291259765625
0.208831787109375 -0.0968170166015625 0.222824096679687 -0.107009887695312
0.057830810546875 -0.1927490234375 0.154449462890625 -0.2894287109375
-0.0311737060546875 -0.214797973632813 -0.00521850585937497 -0.402191162109375
0.0102996826171875 -0.215606689453125 -0.02972412109375 -0.381591796875
-0.019073486328125 -0.2188720703125 0.00531005859375 -0.38360595703125
0.0907440185546875 -0.193572998046875 0.10357666015625 -0.277801513671875
0.21136474609375 -0.097198486328125 0.08966064453125 -0.123786926269531
0.254974365234375 0.092498779296875 0.01898193359375 -0.132125854492188
0.07537841796875 0.28131103515625 -0.0384979248046875 -0.253890991210938
-0.0761260986328125 0.273223876953125 0.088226318359375 -0.501312255859375
-0.205795288085938 0.223953247070313 0.529083251953125 -0.5567626953125
-0.354644775390625 0.46478271484375 0.11334228515625 -0.346282958984375
-0.1241455078125 0.466644287109375 -0.0173187255859375 -0.192489624023437
0.217559814453125 0.452545166015625 0.0580368041992188 0.0411720275878907
0.375030517578125 0.15911865234375 0.137870788574219 -0.0137252807617187
0.35748291015625 -0.127777099609375 0.185211181640625 -0.075103759765625
0.141571044921875 -0.307373046875 0.114288330078125 -0.221115112304688
-0.00753784179687496 -0.35491943359375 -0.00695800781249998 -0.303741455078125
0.04962158203125 -0.363372802734375 -0.014556884765625 -0.267501831054688
0.01123046875 -0.378570556640625 0.0104522705078125 -0.2716064453125
0.17242431640625 -0.31475830078125 0.0627899169921875 -0.1802978515625
0.36383056640625 -0.161346435546875 0.0357017517089844 -0.0587272644042969
0.435028076171875 0.139251708984375 -0.0380172729492187 -0.122611999511719
0.1693115234375 0.4947509765625 -0.071197509765625 -0.261383056640625
-0.10186767578125 0.51007080078125 0.092315673828125 -0.461090087890625
-0.356781005859375 0.46148681640625 0.455169677734375 -0.470428466796875
-0.42626953125 0.62493896484375 -0.00387573242187501 -0.203079223632813
-0.126220703125 0.62152099609375 -0.033355712890625 -0.0873031616210937
0.30853271484375 0.577392578125 0.0734634399414063 0.0494461059570313
0.494384765625 0.192718505859375 0.100845336914063 -0.0173492431640625
0.4676513671875 -0.1578369140625 0.125953674316406 -0.0317611694335938
0.20159912109375 -0.39007568359375 0.0569839477539063 -0.120986938476563
0.01654052734375 -0.44476318359375 -0.00924682617187501 -0.158889770507813
0.081024169921875 -0.454437255859375 0.00266265869140625 -0.113121032714844
0.03912353515625 -0.4771728515625 0.0168304443359375 -0.115974426269531
0.229278564453125 -0.38568115234375 0.0116004943847656 -0.0474967956542969
0.46337890625 -0.202056884765625 -0.0307083129882812 0.0252418518066406
0.55438232421875 0.165863037109375 -0.102386474609375 -0.0919570922851562
0.24029541015625 0.63787841796875 -0.102401733398437 -0.241378784179688
-0.1142578125 0.6688232421875 0.087921142578125 -0.361968994140625
-0.45770263671875 0.62432861328125 0.333343505859375 -0.32183837890625
-0.43438720703125 0.69927978515625 -0.1419677734375 -0.0134124755859375
-0.0985107421874999 0.6954345703125 -0.0496101379394531 0.0585517883300782
0.37017822265625 0.6182861328125 0.0848388671875 0.0663375854492188
0.55181884765625 0.187774658203125 0.0516433715820313 -0.00799560546874999
0.510833740234375 -0.17767333984375 0.0502128601074219 0.0231513977050781
0.23016357421875 -0.418060302734375 -0.00841236114501952 0.00346326828002927
0.03546142578125 -0.467681884765625 -0.00980854034423828 0.0126352310180664
0.099945068359375 -0.477325439453125 0.0195388793945313 0.0582160949707031
0.061676025390625 -0.501190185546875 0.0212936401367188 0.0601577758789062
0.249847412109375 -0.3916015625 -0.0412139892578125 0.0980453491210937
0.486053466796875 -0.202545166015625 -0.09912109375 0.112663269042969
0.57275390625 0.17462158203125 -0.160812377929687 -0.0455474853515625
0.25347900390625 0.67327880859375 -0.1207275390625 -0.193634033203125
-0.11590576171875 0.70751953125 0.081207275390625 -0.217300415039062
-0.4881591796875 0.67779541015625 0.181121826171875 -0.12933349609375
-0.3712158203125 0.66693115234375 -0.277725219726563 0.197555541992188
-0.05230712890625 0.6556396484375 -0.064697265625 0.221099853515625
0.3651123046875 0.551513671875 0.0848159790039063 0.09112548828125
0.51116943359375 0.150634765625 -0.00154304504394528 0.0164518356323242
0.4635009765625 -0.163482666015625 -0.029510498046875 0.082763671875
0.216949462890625 -0.38079833984375 -0.068389892578125 0.130844116210937
0.046539306640625 -0.418365478515625 -0.00788879394531251 0.183242797851562
0.1014404296875 -0.4266357421875 0.0325469970703125 0.220474243164062
0.0751953125 -0.444915771484375 0.020843505859375 0.227676391601562
0.233001708984375 -0.328125 -0.0890655517578125 0.227218627929687
0.42572021484375 -0.156829833984375 -0.157058715820312 0.178970336914063
0.4776611328125 0.1676025390625 -0.200241088867187 -0.000305175781250006
0.19677734375 0.59075927734375 -0.120536804199219 -0.134078979492187
-0.11566162109375 0.616943359375 0.0704498291015625 -0.0611419677734375
-0.4453125 0.6143798828125 0.0247917175292968 0.0683250427246094
-0.256317138671875 0.52593994140625 -0.392822265625 0.391448974609375
-0.00839233398437504 0.503936767578125 -0.080963134765625 0.369476318359375
0.28558349609375 0.390777587890625 0.0737228393554688 0.119125366210938
0.37005615234375 0.091461181640625 -0.0427970886230468 0.0479049682617188
0.331573486328125 -0.119659423828125 -0.0940780639648437 0.127853393554688
0.167739868164063 -0.276153564453125 -0.112960815429688 0.233779907226562
0.049072265625 -0.301239013671875 -0.00561523437500001 0.324066162109375
0.08795166015625 -0.309967041015625 0.03912353515625 0.34991455078125
0.078521728515625 -0.321044921875 0.014862060546875 0.35821533203125
0.18218994140625 -0.214035034179687 -0.12896728515625 0.316162109375
0.30078125 -0.0814208984375 -0.197555541992188 0.206756591796875
0.30517578125 0.1414794921875 -0.214035034179688 0.0286865234375
0.098419189453125 0.41241455078125 -0.104209899902344 -0.0810546875
-0.102935791015625 0.419586181640625 0.0530662536621094 0.0698089599609375
-0.333892822265625 0.452362060546875 -0.112136840820312 0.234161376953125
-0.1041259765625 0.29925537109375 -0.470855712890625 0.537841796875
0.03485107421875 0.273834228515625 -0.0980224609374999 0.48370361328125
0.158172607421875 0.167861938476563 0.0618896484375 0.148544311523438
0.171859741210938 0.0194244384765625 -0.0568618774414062 0.0768508911132813
0.14727783203125 -0.053436279296875 -0.1300048828125 0.14495849609375
0.0911712646484375 -0.126968383789063 -0.1356201171875 0.290924072265625
0.0444488525390625 -0.137214660644531 -0.00146484375000001 0.41107177734375
0.0605010986328125 -0.14532470703125 0.0413818359375001 0.425384521484375
0.0700836181640625 -0.152618408203125 0.00595092773437497 0.43353271484375
0.108161926269531 -0.0776824951171875 -0.15338134765625 0.354461669921875
0.143081665039062 -0.0057373046875 -0.217208862304687 0.198837280273438
0.109390258789063 0.0903472900390625 -0.209075927734375 0.038360595703125
0.00627136230468751 0.189682006835938 -0.0826339721679688 -0.0439071655273437
-0.0640716552734375 0.182769775390625 0.0321197509765625 0.154067993164063
-0.172210693359375 0.233810424804688 -0.20703125 0.345367431640625
-0.0641746520996094 0.0024871826171875 0.213470458984375 -0.442108154296875
-0.0234336853027344 0.053375244140625 -0.01025390625 -0.24920654296875
0.0556983947753906 0.0576553344726563 0.0431137084960937 0.0440101623535156
0.0746994018554687 0.00579833984375 0.187850952148438 -0.004425048828125
0.0396575927734375 -0.0622978210449219 0.236740112304688 -0.1358642578125
-0.0331649780273438 -0.05535888671875 0.170379638671875 -0.327789306640625
-0.0517463684082031 -0.0451889038085938 -0.01129150390625 -0.44415283203125
-0.0298519134521484 -0.0349159240722656 -0.046112060546875 -0.4344482421875
-0.0459060668945313 -0.0225982666015625 -0.006591796875 -0.431304931640625
-0.00473785400390625 -0.0435829162597656 0.123870849609375 -0.32830810546875
0.0333385467529297 -0.0210533142089844 0.119842529296875 -0.16357421875
0.0486869812011719 0.0325736999511719 0.0528564453125 -0.124687194824219
-0.0216827392578125 0.0359649658203125 -0.018951416015625 -0.226043701171875
-0.0370445251464844 0.00699615478515625 0.070556640625 -0.481597900390625
-0.0265998840332031 -0.04644775390625 0.53961181640625 -0.55316162109375
-0.223007202148438 0.2469482421875 0.187713623046875 -0.426116943359375
-0.083587646484375 0.268875122070313 -0.0106353759765625 -0.246658325195313
0.135345458984375 0.266067504882813 0.0467414855957031 0.0359535217285156
0.229324340820313 0.089080810546875 0.163131713867188 -0.00865173339843749
0.205795288085938 -0.0968780517578125 0.220504760742187 -0.10675048828125
0.0561065673828125 -0.188796997070313 0.1541748046875 -0.2882080078125
-0.0312957763671875 -0.211212158203125 -0.00964355468750004 -0.400665283203125
0.0094451904296875 -0.21490478515625 -0.035064697265625 -0.38055419921875
-0.020355224609375 -0.21478271484375 0.000549316406250021 -0.38299560546875
0.0889892578125 -0.191619873046875 0.101974487304688 -0.278854370117188
0.209442138671875 -0.09716796875 0.0906448364257813 -0.12274169921875
0.255081176757812 0.089599609375 0.0161895751953125 -0.131538391113281
0.0764923095703125 0.280746459960938 -0.0416107177734375 -0.249801635742187
-0.07574462890625 0.2713623046875 0.085784912109375 -0.4957275390625
-0.202682495117188 0.223953247070312 0.5238037109375 -0.546844482421875
-0.347564697265625 0.46368408203125 0.10791015625 -0.34515380859375
-0.121002197265625 0.4649658203125 -0.0220794677734375 -0.192123413085938
0.220306396484375 0.446319580078125 0.0586814880371094 0.0353736877441407
0.373077392578125 0.1546630859375 0.13555908203125 -0.0151214599609375
0.352996826171875 -0.1297607421875 0.1834716796875 -0.0758209228515625
0.137847900390625 -0.303192138671875 0.11407470703125 -0.219818115234375
-0.00848388671874999 -0.3497314453125 -0.0113525390625 -0.301666259765625
0.046600341796875 -0.363128662109375 -0.018280029296875 -0.268051147460938
0.00857543945312502 -0.37371826171875 0.00733947753906247 -0.272186279296875
0.17034912109375 -0.31158447265625 0.0623931884765625 -0.181320190429688
0.36016845703125 -0.162261962890625 0.0378036499023438 -0.0576095581054688
0.43524169921875 0.134002685546875 -0.0400314331054687 -0.122116088867187
0.172515869140625 0.49365234375 -0.072540283203125 -0.255996704101562
-0.10137939453125 0.50537109375 0.089935302734375 -0.455291748046875
-0.352325439453125 0.46258544921875 0.45074462890625 -0.46527099609375
-0.4197998046875 0.62347412109375 -0.00840759277343754 -0.202911376953125
-0.12261962890625 0.6202392578125 -0.0368576049804688 -0.0865554809570312
0.3125 0.5701904296875 0.0750274658203125 0.0427932739257813
0.493408203125 0.1871337890625 0.0985260009765625 -0.0195999145507812
0.462493896484375 -0.16107177734375 0.124298095703125 -0.03411865234375
0.197479248046875 -0.384521484375 0.0565414428710938 -0.1195068359375
0.01373291015625 -0.438568115234375 -0.0126190185546875 -0.1572265625
0.077880859375 -0.454315185546875 0.001068115234375 -0.114120483398438
0.034881591796875 -0.4730224609375 0.0163497924804687 -0.117874145507813
0.225677490234375 -0.38311767578125 0.0125846862792969 -0.0488777160644531
0.458038330078125 -0.2034912109375 -0.0279541015625 0.0254077911376953
0.55401611328125 0.160736083984375 -0.10400390625 -0.0914535522460938
0.24395751953125 0.63604736328125 -0.102890014648437 -0.23614501953125
-0.11285400390625 0.6650390625 0.08856201171875 -0.358428955078125
-0.45269775390625 0.625 0.3304443359375 -0.316925048828125
-0.42572021484375 0.6971435546875 -0.143798828125 -0.013519287109375
-0.0933227539062501 0.69384765625 -0.0507736206054688 0.059417724609375
0.37518310546875 0.61065673828125 0.0864944458007813 0.0599594116210938
0.550079345703125 0.18328857421875 0.0508995056152344 -0.00962829589843749
0.50494384765625 -0.181671142578125 0.0494613647460938 0.0196990966796875
0.225494384765625 -0.4158935546875 -0.00789976119995116 0.00514888763427732
0.031402587890625 -0.4627685546875 -0.0120334625244141 0.0137395858764648
0.09576416015625 -0.478179931640625 0.0202674865722656 0.0570487976074218
0.055999755859375 -0.497283935546875 0.0230331420898438 0.0577621459960937
0.2449951171875 -0.388336181640625 -0.0389328002929687 0.0975418090820312
0.480438232421875 -0.204315185546875 -0.095367431640625 0.113082885742187
0.57232666015625 0.17022705078125 -0.1611328125 -0.0450439453125
0.25921630859375 0.67156982421875 -0.120697021484375 -0.18865966796875
-0.11480712890625 0.7041015625 0.082672119140625 -0.216033935546875
-0.48175048828125 0.678955078125 0.181396484375 -0.12689208984375
-0.36737060546875 0.66583251953125 -0.276458740234375 0.196182250976563
-0.04937744140625 0.6568603515625 -0.0637359619140625 0.221221923828125
0.369354248046875 0.546844482421875 0.086578369140625 0.0850601196289063
0.508544921875 0.146697998046875 -0.000780105590820281 0.0141229629516602
0.458740234375 -0.167633056640625 -0.0299453735351562 0.0791168212890625
0.213470458984375 -0.378173828125 -0.06768798828125 0.132286071777344
0.0438232421875 -0.41357421875 -0.00862121582031251 0.183670043945312
0.096588134765625 -0.42694091796875 0.0352020263671875 0.218826293945313
0.06854248046875 -0.442291259765625 0.0258636474609375 0.224334716796875
0.228240966796875 -0.325836181640625 -0.0866241455078125 0.226669311523437
0.4200439453125 -0.158416748046875 -0.1534423828125 0.178512573242188
0.478790283203125 0.162811279296875 -0.198989868164062 0.000381469726562524
0.2032470703125 0.58837890625 -0.119224548339844 -0.130157470703125
-0.11590576171875 0.61297607421875 0.071990966796875 -0.0619277954101562
-0.44232177734375 0.61614990234375 0.0267333984375 0.0678901672363282
-0.253997802734375 0.526153564453125 -0.39013671875 0.390167236328125
-0.00704956054687495 0.504150390625 -0.07855224609375 0.37066650390625
0.286956787109375 0.386688232421875 0.0756988525390625 0.115005493164063
0.368499755859375 0.088623046875 -0.0404396057128906 0.046356201171875
0.3284912109375 -0.122222900390625 -0.093597412109375 0.12371826171875
0.164047241210938 -0.275482177734375 -0.112716674804688 0.234878540039063
0.046630859375 -0.29833984375 -0.00320434570312501 0.324615478515625
0.0836181640625 -0.31072998046875 0.045074462890625 0.34796142578125
0.07415771484375 -0.319305419921875 0.02081298828125 0.355224609375
0.17938232421875 -0.21258544921875 -0.125640869140625 0.3154296875
0.29541015625 -0.08258056640625 -0.194305419921875 0.206130981445313
0.304473876953125 0.137451171875 -0.212554931640625 0.0297088623046875
0.103179931640625 0.4102783203125 -0.102241516113281 -0.078094482421875
-0.101715087890625 0.417816162109375 0.0554885864257813 0.0669784545898438
-0.331939697265625 0.453460693359375 -0.108596801757812 0.231704711914063
-0.10400390625 0.299224853515625 -0.4649658203125 0.535919189453125
0.0355072021484375 0.274246215820312 -0.093841552734375 0.484283447265625
0.15789794921875 0.167877197265625 0.06317138671875 0.146804809570313
0.169876098632813 0.0190887451171875 -0.054443359375 0.0751876831054688
0.146652221679688 -0.0554656982421875 -0.129180908203125 0.141632080078125
0.0895919799804688 -0.1275634765625 -0.135894775390625 0.292266845703125
0.04327392578125 -0.136398315429688 0.00152587890625003 0.41180419921875
0.05792236328125 -0.146484375 0.0457763671875 0.424957275390625
0.067626953125 -0.152694702148438 0.011566162109375 0.431427001953125
0.106643676757813 -0.0775375366210938 -0.149749755859375 0.354705810546875
0.14007568359375 -0.007293701171875 -0.214828491210937 0.197265625
0.109283447265625 0.0885238647460938 -0.206497192382812 0.0398712158203125
0.010833740234375 0.188583374023437 -0.0804977416992188 -0.0421829223632812
-0.0630340576171875 0.181961059570313 0.034423828125 0.1500244140625
-0.171127319335938 0.235321044921875 -0.202880859375 0.340911865234375
-0.0653152465820313 0.00224685668945314 0.210968017578125 -0.451568603515625
-0.0245018005371094 0.0535545349121094 -0.0164337158203125 -0.254486083984375
0.0559463500976562 0.0555572509765625 0.0443267822265625 0.0417098999023438
0.0761260986328125 0.004241943359375 0.188674926757812 -0.0073394775390625
0.0389289855957031 -0.063720703125 0.239166259765625 -0.139358520507812
-0.0346565246582031 -0.054229736328125 0.170562744140625 -0.3370361328125
-0.0530433654785156 -0.0444183349609375 -0.0196533203125 -0.451141357421875
-0.0299110412597656 -0.0351314544677734 -0.056549072265625 -0.4429931640625
-0.0460624694824219 -0.0206069946289063 -0.015625 -0.439727783203125
-0.0058441162109375 -0.0433807373046875 0.122467041015625 -0.338104248046875
0.0337352752685547 -0.021697998046875 0.121749877929688 -0.166290283203125
0.0508270263671875 0.03118896484375 0.050048828125 -0.127143859863281
-0.0228996276855469 0.0374107360839844 -0.02447509765625 -0.228469848632813
-0.0367088317871094 0.00703048706054688 0.06494140625 -0.48699951171875
-0.0259819030761719 -0.0476875305175781 0.54400634765625 -0.56353759765625
-0.223526000976563 0.252960205078125 0.1826171875 -0.43585205078125
-0.081817626953125 0.273452758789062 -0.0174407958984375 -0.250778198242188
0.14141845703125 0.265853881835938 0.0484161376953125 0.0319404602050781
0.233932495117188 0.0871124267578125 0.16326904296875 -0.011505126953125
0.206298828125 -0.101715087890625 0.222915649414063 -0.111083984375
0.054107666015625 -0.190017700195313 0.154693603515625 -0.296295166015625
-0.03448486328125 -0.21343994140625 -0.01812744140625 -0.40838623046875
0.00688171386718751 -0.220550537109375 -0.044647216796875 -0.3885498046875
-0.0233154296875 -0.215957641601563 -0.00875854492187498 -0.39178466796875
0.087554931640625 -0.1951904296875 0.1007080078125 -0.2879638671875
0.211654663085937 -0.101333618164062 0.0923919677734375 -0.125083923339844
0.262237548828125 0.0868682861328125 0.0121002197265625 -0.134414672851563
0.081695556640625 0.286468505859375 -0.046844482421875 -0.252334594726563
-0.0742645263671875 0.276153564453125 0.08111572265625 -0.501953125
-0.202377319335938 0.231124877929687 0.52850341796875 -0.5565185546875
-0.34765625 0.474853515625 0.102996826171875 -0.35272216796875
-0.11639404296875 0.4739990234375 -0.0285186767578125 -0.195449829101562
0.231536865234375 0.447845458984375 0.06103515625 0.029998779296875
0.38262939453125 0.15185546875 0.135063171386719 -0.0190658569335937
0.3568115234375 -0.137451171875 0.18499755859375 -0.0801849365234375
0.135009765625 -0.306976318359375 0.113601684570313 -0.225234985351563
-0.013031005859375 -0.353607177734375 -0.0184326171875 -0.306793212890625
0.04315185546875 -0.372314453125 -0.0250701904296875 -0.274703979492188
0.00292968749999996 -0.3778076171875 0.00204467773437501 -0.279617309570313
0.168548583984375 -0.318389892578125 0.061553955078125 -0.1878662109375
0.3641357421875 -0.16925048828125 0.0400772094726563 -0.0589866638183594
0.44818115234375 0.130035400390625 -0.0450897216796875 -0.124107360839844
0.182647705078125 0.502166748046875 -0.07781982421875 -0.257614135742187
-0.09783935546875 0.5157470703125 0.087127685546875 -0.461334228515625
-0.35205078125 0.47650146484375 0.455657958984375 -0.4739990234375
-0.4173583984375 0.6376953125 -0.01385498046875 -0.2066650390625
-0.116455078125 0.6343994140625 -0.041656494140625 -0.0872344970703125
0.32781982421875 0.57501220703125 0.0772247314453125 0.0364761352539063
0.504608154296875 0.18511962890625 0.0993194580078125 -0.02313232421875
0.46685791015625 -0.170989990234375 0.125885009765625 -0.0387802124023438
0.1954345703125 -0.391998291015625 0.0572128295898438 -0.12225341796875
0.00857543945312496 -0.444488525390625 -0.0180816650390625 -0.159393310546875
0.0719909667968749 -0.46771240234375 -0.00154876708984376 -0.1181640625
0.028289794921875 -0.480072021484375 0.01513671875 -0.122489929199219
0.223663330078125 -0.390533447265625 0.0131187438964844 -0.0518455505371094
0.464263916015625 -0.213104248046875 -0.0252361297607422 0.0265159606933594
0.56842041015625 0.1556396484375 -0.109237670898437 -0.0926742553710937
0.2608642578125 0.64599609375 -0.106719970703125 -0.2357177734375
-0.1103515625 0.67840576171875 0.086700439453125 -0.364532470703125
-0.45233154296875 0.6444091796875 0.3349609375 -0.32281494140625
-0.4249267578125 0.714111328125 -0.148330688476563 -0.0117187499999999
-0.0858154296875001 0.70965576171875 -0.0525360107421875 0.06146240234375
0.39251708984375 0.6158447265625 0.0897445678710938 0.0532608032226563
0.561737060546875 0.177520751953125 0.0514373779296875 -0.0131301879882812
0.510650634765625 -0.19219970703125 0.049560546875 0.017181396484375
0.221588134765625 -0.423370361328125 -0.00789785385131835 0.00565719604492185
0.026611328125 -0.46923828125 -0.0145883560180664 0.0155563354492187
0.0900878906249999 -0.491943359375 0.0211410522460938 0.056488037109375
0.048919677734375 -0.505523681640625 0.0256729125976563 0.0556488037109375
0.2437744140625 -0.396728515625 -0.0379562377929688 0.09918212890625
0.485015869140625 -0.213409423828125 -0.0931243896484375 0.115394592285156
0.5860595703125 0.162353515625 -0.166549682617187 -0.044586181640625
0.27667236328125 0.68218994140625 -0.123092651367188 -0.187530517578125
-0.1123046875 0.7186279296875 0.0837554931640625 -0.2210693359375
-0.484130859375 0.69989013671875 0.184616088867187 -0.129318237304687
-0.365234375 0.68292236328125 -0.28125 0.202301025390625
-0.0428466796875 0.6707763671875 -0.0622100830078125 0.227828979492188
0.385345458984375 0.550537109375 0.09027099609375 0.0804977416992188
0.520477294921875 0.140625 3.1471252441439E-05 0.0126638412475586
0.46435546875 -0.18048095703125 -0.0298004150390625 0.077392578125
0.2115478515625 -0.386444091796875 -0.0672149658203125 0.136894226074219
0.038177490234375 -0.419708251953125 -0.0074920654296875 0.189208984375
0.0909423828125 -0.439910888671875 0.0409088134765625 0.22186279296875
0.06402587890625 -0.45050048828125 0.0323944091796875 0.225265502929687
0.228057861328125 -0.332733154296875 -0.0841827392578125 0.232254028320312
0.423309326171875 -0.166778564453125 -0.15228271484375 0.18231201171875
0.4892578125 0.1575927734375 -0.20330810546875 0.00209045410156247
0.21710205078125 0.59716796875 -0.120498657226563 -0.128173828125
-0.11273193359375 0.6229248046875 0.0752487182617188 -0.065673828125
-0.44378662109375 0.6337890625 0.0287284851074219 0.06878662109375
-0.250946044921875 0.539947509765625 -0.39276123046875 0.399627685546875
0.000152587890624982 0.51654052734375 -0.074554443359375 0.378814697265625
0.298828125 0.391265869140625 0.0790176391601563 0.113204956054688
0.376953125 0.08544921875 -0.039459228515625 0.0454292297363281
0.333160400390625 -0.130340576171875 -0.0951156616210937 0.12371826171875
0.1630859375 -0.282440185546875 -0.113128662109375 0.24261474609375
0.04443359375 -0.3028564453125 0.00106811523437498 0.33251953125
0.079437255859375 -0.319549560546875 0.052520751953125 0.354156494140625
0.070404052734375 -0.32568359375 0.029876708984375 0.35919189453125
0.179718017578125 -0.217620849609375 -0.1221923828125 0.324493408203125
0.297454833984375 -0.087493896484375 -0.19427490234375 0.210922241210938
0.31146240234375 0.135009765625 -0.215286254882812 0.0321502685546875
0.114227294921875 0.416778564453125 -0.102699279785156 -0.0761871337890625
-0.0998229980468749 0.425079345703125 0.0598716735839844 0.0648956298828125
-0.334564208984375 0.468414306640625 -0.106643676757813 0.235000610351563
-0.1036376953125 0.30810546875 -0.46673583984375 0.549285888671875
0.0396728515625 0.27996826171875 -0.087890625 0.4954833984375
0.163406372070313 0.170989990234375 0.0660552978515625 0.147125244140625
0.173721313476563 0.018280029296875 -0.0522613525390625 0.0749664306640625
0.150070190429688 -0.0594482421875 -0.131805419921875 0.142593383789062
0.0898895263671875 -0.13189697265625 -0.13677978515625 0.301422119140625
0.04296875 -0.138397216796875 0.00891113281250003 0.422027587890625
0.0562744140625 -0.151351928710938 0.0560302734375 0.43133544921875
0.065338134765625 -0.157073974609375 0.0233154296875 0.4378662109375
0.107322692871094 -0.0796432495117188 -0.147186279296875 0.36456298828125
0.140342712402344 -0.00899505615234375 -0.215621948242187 0.203048706054688
0.11224365234375 0.0879745483398438 -0.207733154296875 0.0434722900390625
0.016571044921875 0.191070556640625 -0.0803985595703125 -0.0410079956054688
-0.061492919921875 0.185501098632813 0.0387420654296875 0.14910888671875
-0.172134399414063 0.243576049804687 -0.202545166015625 0.346038818359375
-0.0665359497070313 0.00485229492187499 0.19952392578125 -0.47064208984375
-0.0240249633789062 0.0546836853027344 -0.029083251953125 -0.260284423828125
0.0580291748046875 0.0529441833496094 0.0460166931152344 0.0391731262207031
0.07757568359375 0.00054168701171875 0.1903076171875 -0.0148468017578125
0.0366096496582031 -0.0658226013183594 0.241043090820313 -0.150619506835938
-0.0374679565429687 -0.0517578125 0.163848876953125 -0.352325439453125
-0.0551719665527344 -0.0429000854492187 -0.038116455078125 -0.462860107421875
-0.0312118530273438 -0.0355033874511719 -0.0780029296875 -0.452423095703125
-0.0465011596679688 -0.0177879333496094 -0.035980224609375 -0.451080322265625
-0.00783538818359375 -0.0432891845703125 0.112518310546875 -0.353912353515625
0.0340251922607422 -0.0242443084716797 0.121017456054688 -0.173370361328125
0.0534248352050781 0.0290603637695313 0.0442886352539063 -0.131202697753906
-0.0234031677246094 0.0400543212890625 -0.035888671875 -0.231552124023438
-0.0363426208496094 0.00671386718750001 0.050567626953125 -0.496978759765625
-0.0266380310058594 -0.0490760803222656 0.53814697265625 -0.58868408203125
-0.219131469726562 0.265777587890625 0.17095947265625 -0.4512939453125
-0.07470703125 0.28179931640625 -0.0305938720703125 -0.25616455078125
0.153213500976562 0.264312744140625 0.0502243041992188 0.0267372131347656
0.242340087890625 0.079315185546875 0.164321899414063 -0.0186767578125
0.206756591796875 -0.1109619140625 0.22454833984375 -0.121490478515625
0.04803466796875 -0.194046020507813 0.148834228515625 -0.311004638671875
-0.0421142578125 -0.215789794921875 -0.03607177734375 -0.4178466796875
-0.000503540039062512 -0.227096557617188 -0.06341552734375 -0.397735595703125
-0.0304412841796875 -0.2188720703125 -0.026092529296875 -0.401947021484375
0.08221435546875 -0.200927734375 0.09295654296875 -0.301666259765625
0.213729858398438 -0.11224365234375 0.0936279296875 -0.130592346191406
0.272140502929688 0.0780792236328125 0.00440216064453126 -0.137847900390625
0.094482421875 0.2919921875 -0.0582122802734375 -0.2542724609375
-0.067169189453125 0.28497314453125 0.06695556640625 -0.512481689453125
-0.198394775390625 0.2435302734375 0.5238037109375 -0.58233642578125
-0.338836669921875 0.49658203125 0.090972900390625 -0.363494873046875
-0.103118896484375 0.48907470703125 -0.0396881103515625 -0.199172973632812
0.25335693359375 0.4464111328125 0.0629615783691407 0.0230712890625
0.395599365234375 0.141510009765625 0.136161804199219 -0.0258102416992187
0.357818603515625 -0.15338134765625 0.186920166015625 -0.0892791748046875
0.1268310546875 -0.316619873046875 0.109695434570313 -0.236648559570312
-0.025787353515625 -0.359710693359375 -0.03326416015625 -0.312652587890625
0.029937744140625 -0.38580322265625 -0.0384521484375 -0.281829833984375
-0.010528564453125 -0.38604736328125 -0.00997924804687498 -0.288970947265625
0.160675048828125 -0.33013916015625 0.056610107421875 -0.197494506835938
0.366851806640625 -0.18585205078125 0.0421104431152344 -0.061767578125
0.4637451171875 0.115875244140625 -0.0532608032226562 -0.126708984375
0.2080078125 0.509246826171875 -0.0888214111328125 -0.2586669921875
-0.085723876953125 0.531768798828125 0.07568359375 -0.47320556640625
-0.34466552734375 0.500640869140625 0.453460693359375 -0.495574951171875
-0.40447998046875 0.66741943359375 -0.023040771484375 -0.209609985351562
-0.09661865234375 0.65264892578125 -0.04864501953125 -0.0877685546875
0.3553466796875 0.571533203125 0.080108642578125 0.0286102294921875
0.521484375 0.170074462890625 0.09967041015625 -0.0290145874023437
0.47021484375 -0.1944580078125 0.127113342285156 -0.0457305908203125
0.1844482421875 -0.40509033203125 0.0542755126953125 -0.127761840820313
-0.00790405273437496 -0.45361328125 -0.02716064453125 -0.161239624023438
0.054901123046875 -0.4847412109375 -0.00760650634765625 -0.122879028320313
0.010650634765625 -0.490631103515625 0.0102310180664063 -0.129585266113281
0.214752197265625 -0.4063720703125 0.0115547180175781 -0.0544624328613282
0.46746826171875 -0.233245849609375 -0.022226333618164 0.0274829864501953
0.587158203125 0.13751220703125 -0.118293762207031 -0.0918807983398438
0.29388427734375 0.65557861328125 -0.1156005859375 -0.23516845703125
-0.0924072265625001 0.69866943359375 0.078857421875 -0.37567138671875
-0.439697265625 0.67572021484375 0.334197998046875 -0.338531494140625
-0.4102783203125 0.7469482421875 -0.153289794921875 -0.00732421874999993
-0.06304931640625 0.73016357421875 -0.0530166625976563 0.0650711059570313
0.42413330078125 0.613037109375 0.0933609008789063 0.045989990234375
0.58111572265625 0.162109375 0.0524749755859375 -0.0171852111816406
0.513427734375 -0.21746826171875 0.0505523681640625 0.0126953125
0.211517333984375 -0.43988037109375 -0.00768327713012694 0.00663185119628904
0.00982666015624998 -0.477996826171875 -0.0164375305175781 0.0180778503417968
0.070892333984375 -0.510345458984375 0.023590087890625 0.05523681640625
0.0294189453125 -0.51873779296875 0.0293998718261719 0.0522918701171875
0.234466552734375 -0.4136962890625 -0.0344924926757812 0.101936340332031
0.487701416015625 -0.235382080078125 -0.0889968872070312 0.120574951171875
0.60662841796875 0.14556884765625 -0.174026489257812 -0.0409088134765625
0.31158447265625 0.68914794921875 -0.130416870117188 -0.185348510742187
-0.0923461914062501 0.7373046875 0.0804443359375 -0.230255126953125
-0.47076416015625 0.73583984375 0.185806274414062 -0.13800048828125
-0.34857177734375 0.71197509765625 -0.279464721679688 0.2158203125
-0.0205688476562501 0.689453125 -0.0561676025390625 0.235870361328125
0.417510986328125 0.550445556640625 0.095672607421875 0.07476806640625
0.53887939453125 0.125640869140625 0.00192642211914066 0.00990104675292969
0.468902587890625 -0.203643798828125 -0.0291671752929687 0.0772171020507812
0.20062255859375 -0.40142822265625 -0.0648956298828125 0.14422607421875
0.02508544921875 -0.43017578125 -0.00151062011718749 0.195709228515625
0.07470703125 -0.456329345703125 0.050994873046875 0.224334716796875
0.0482177734375 -0.46295166015625 0.043243408203125 0.226699829101563
0.22149658203125 -0.347381591796875 -0.077056884765625 0.241058349609375
0.426116943359375 -0.183746337890625 -0.147567749023437 0.190719604492188
0.5069580078125 0.14300537109375 -0.209060668945312 0.00898742675781248
0.24871826171875 0.60284423828125 -0.125015258789062 -0.125442504882813
-0.0968017578124999 0.64141845703125 0.0766830444335938 -0.0723419189453124
-0.43096923828125 0.667724609375 0.0331001281738281 0.068695068359375
-0.24169921875 0.562103271484375 -0.387786865234375 0.42205810546875
0.017822265625 0.529144287109375 -0.061126708984375 0.39178466796875
0.321075439453125 0.390899658203125 0.0854263305664063 0.110244750976563
0.388885498046875 0.075927734375 -0.0369224548339843 0.0456352233886719
0.33770751953125 -0.147125244140625 -0.094451904296875 0.127349853515625
0.156982421875 -0.294647216796875 -0.108627319335937 0.254608154296875
0.03497314453125 -0.3106689453125 0.01373291015625 0.343109130859375
0.06805419921875 -0.332550048828125 0.0697021484375 0.35968017578125
0.059173583984375 -0.336700439453125 0.04742431640625 0.36395263671875
0.1768798828125 -0.227828979492187 -0.113006591796875 0.33734130859375
0.299560546875 -0.10003662109375 -0.190902709960937 0.221450805664063
0.3238525390625 0.126434326171875 -0.219085693359375 0.0399627685546875
0.134613037109375 0.42169189453125 -0.10498046875 -0.0736160278320312
-0.08929443359375 0.43701171875 0.0650100708007813 0.0609779357910157
-0.32513427734375 0.493011474609375 -0.101058959960938 0.241897583007812
-0.096771240234375 0.31884765625 -0.45849609375 0.57513427734375
0.049468994140625 0.28656005859375 -0.07086181640625 0.510986328125
0.174545288085938 0.171905517578125 0.0736846923828125 0.147842407226563
0.178756713867188 0.0142669677734375 -0.0488052368164063 0.0764999389648437
0.152114868164063 -0.0675811767578125 -0.1312255859375 0.148269653320313
0.0871658325195313 -0.139152526855469 -0.13116455078125 0.316131591796875
0.039215087890625 -0.143463134765625 0.0248718261718751 0.43389892578125
0.0503997802734375 -0.157638549804687 0.076690673828125 0.43994140625
0.059722900390625 -0.164718627929687 0.043701171875 0.4454345703125
0.107666015625 -0.0852203369140625 -0.13555908203125 0.379150390625
0.141586303710938 -0.0136566162109375 -0.214401245117188 0.2132568359375
0.118240356445313 0.0858001708984375 -0.20965576171875 0.0522308349609375
0.0265655517578125 0.19403076171875 -0.0810546875 -0.038604736328125
-0.057098388671875 0.191497802734375 0.0470123291015625 0.147430419921875
-0.168701171875 0.25750732421875 -0.196136474609375 0.3580322265625
-0.0666122436523438 0.00850296020507811 0.174896240234375 -0.48529052734375
-0.0222625732421875 0.0549163818359375 -0.04608154296875 -0.260711669921875
0.0588340759277344 0.0480079650878906 0.047515869140625 0.0342788696289063
0.0777587890625 -0.00356292724609375 0.18853759765625 -0.025726318359375
0.0318336486816406 -0.0677299499511719 0.236236572265625 -0.164581298828125
-0.0409202575683594 -0.0479850769042969 0.14776611328125 -0.367340087890625
-0.058013916015625 -0.0396041870117187 -0.0665283203125 -0.465728759765625
-0.0333766937255859 -0.0344066619873047 -0.1090087890625 -0.452484130859375
-0.0461502075195313 -0.0136947631835938 -0.064971923828125 -0.45233154296875
-0.0106468200683594 -0.0427055358886719 0.093994140625 -0.367218017578125
0.03326416015625 -0.0264568328857422 0.114837646484375 -0.1805419921875
0.0557937622070313 0.0248451232910156 0.03466796875 -0.1337890625
-0.0218696594238281 0.042724609375 -0.05181884765625 -0.229019165039062
-0.0349483489990234 0.00740623474121094 0.0250244140625 -0.500732421875
-0.0275535583496094 -0.0492706298828125 0.51483154296875 -0.6162109375
-0.206619262695312 0.278900146484375 0.146392822265625 -0.461761474609375
-0.06085205078125 0.2877197265625 -0.0474700927734375 -0.256118774414063
0.167572021484375 0.255966186523438 0.0508613586425781 0.0213623046875
0.247467041015625 0.0673675537109375 0.162338256835938 -0.0284576416015625
0.201309204101563 -0.122940063476562 0.220535278320313 -0.134613037109375
0.037811279296875 -0.195510864257812 0.135101318359375 -0.324432373046875
-0.0539703369140625 -0.214401245117188 -0.062164306640625 -0.419464111328125
-0.0135345458984375 -0.23101806640625 -0.090240478515625 -0.398468017578125
-0.041900634765625 -0.217666625976563 -0.051910400390625 -0.406036376953125
0.0715789794921875 -0.206832885742188 0.076751708984375 -0.31317138671875
0.210006713867187 -0.124862670898438 0.090087890625 -0.136741638183594
0.280105590820313 0.0626678466796875 -0.00608825683593748 -0.139244079589844
0.1123046875 0.29071044921875 -0.0731201171875 -0.251434326171875
-0.05316162109375 0.2900390625 0.0428466796875 -0.51763916015625
-0.185836791992188 0.256179809570312 0.50091552734375 -0.6102294921875
-0.3134765625 0.51751708984375 0.071197509765625 -0.370697021484375
-0.0768127441406251 0.49700927734375 -0.054412841796875 -0.197601318359375
0.278656005859375 0.43402099609375 0.0631675720214844 0.014923095703125
0.405120849609375 0.120819091796875 0.134162902832031 -0.0344772338867187
0.351715087890625 -0.174346923828125 0.183456420898438 -0.101104736328125
0.110382080078125 -0.323516845703125 0.0989990234375 -0.245742797851563
-0.044677734375 -0.360443115234375 -0.0537109375 -0.312347412109375
0.007537841796875 -0.394012451171875 -0.0582275390625 -0.283477783203125
-0.031097412109375 -0.388214111328125 -0.029266357421875 -0.294647216796875
0.1436767578125 -0.3408203125 0.0458831787109375 -0.204635620117188
0.36077880859375 -0.207916259765625 0.0423736572265625 -0.0654945373535156
0.47491455078125 0.08978271484375 -0.0646438598632813 -0.124610900878906
0.2381591796875 0.50482177734375 -0.102264404296875 -0.254226684570312
-0.060760498046875 0.541046142578125 0.052825927734375 -0.48095703125
-0.3182373046875 0.52423095703125 0.434417724609375 -0.519256591796875
-0.37054443359375 0.6922607421875 -0.0356903076171875 -0.210296630859375
-0.06109619140625 0.66265869140625 -0.0563430786132813 -0.0850143432617187
0.3905029296875 0.555206298828125 0.0805206298828125 0.0197601318359375
0.535675048828125 0.14239501953125 0.0979766845703125 -0.0366058349609375
0.462677001953125 -0.222900390625 0.1251220703125 -0.0543746948242188
0.163330078125 -0.4161376953125 0.0491104125976563 -0.132064819335938
-0.030609130859375 -0.455657958984375 -0.0388336181640625 -0.158416748046875
0.027130126953125 -0.49578857421875 -0.0168991088867188 -0.1248779296875
-0.017242431640625 -0.494781494140625 0.000473022460937508 -0.135505676269531
0.193359375 -0.42041015625 0.00931167602539064 -0.0571823120117188
0.459197998046875 -0.26007080078125 -0.0182037353515625 0.0278091430664062
0.60205078125 0.1046142578125 -0.127830505371094 -0.0873794555664062
0.33477783203125 0.64556884765625 -0.12713623046875 -0.229827880859375
-0.0576171875 0.709228515625 0.06256103515625 -0.38323974609375
-0.408203125 0.7088623046875 0.32122802734375 -0.357635498046875
-0.37408447265625 0.77301025390625 -0.155654907226563 0.000396728515625062
-0.0223388671875 0.740234375 -0.0517959594726562 0.0697975158691407
0.46441650390625 0.5941162109375 0.0960922241210938 0.0366439819335938
0.59552001953125 0.13128662109375 0.0523300170898438 -0.0234603881835937
0.5054931640625 -0.249969482421875 0.0509719848632813 0.00763320922851561
0.188262939453125 -0.453155517578125 -0.00753116607666015 0.00761556625366208
-0.014373779296875 -0.48272705078125 -0.0169486999511719 0.0219612121582031
0.040374755859375 -0.521759033203125 0.0264129638671875 0.0528297424316406
0.00158691406249995 -0.525970458984375 0.0318679809570313 0.0465850830078125
0.21466064453125 -0.427764892578125 -0.028350830078125 0.104499816894531
0.480621337890625 -0.261566162109375 -0.0812606811523437 0.124908447265625
0.62115478515625 0.11273193359375 -0.180618286132812 -0.032623291015625
0.356201171875 0.6785888671875 -0.138290405273437 -0.179656982421875
-0.05657958984375 0.75042724609375 0.0717620849609375 -0.237274169921875
-0.435302734375 0.76983642578125 0.181838989257812 -0.148162841796875
-0.314453125 0.73736572265625 -0.27032470703125 0.23175048828125
0.0178833007812499 0.69781494140625 -0.0438079833984375 0.241531372070313
0.45416259765625 0.532073974609375 0.0993728637695313 0.0667877197265625
0.55010986328125 0.09747314453125 0.0032453536987305 0.00599241256713868
0.46160888671875 -0.232940673828125 -0.0260848999023437 0.0770950317382812
0.180816650390625 -0.41558837890625 -0.0585479736328125 0.150497436523438
0.00338745117187495 -0.43414306640625 0.00859069824218751 0.201126098632812
0.0484619140625 -0.468292236328125 0.0654449462890625 0.221786499023437
0.02008056640625 -0.47088623046875 0.056610107421875 0.221160888671875
0.204986572265625 -0.362335205078125 -0.0637359619140625 0.2484130859375
0.4200439453125 -0.20758056640625 -0.137542724609375 0.199478149414062
0.5189208984375 0.11798095703125 -0.211807250976562 0.0192413330078125
0.287353515625 0.5955810546875 -0.129241943359375 -0.12005615234375
-0.0654296874999999 0.65325927734375 0.0760116577148438 -0.0804367065429687
-0.3992919921875 0.69757080078125 0.0374183654785156 0.0661888122558594
-0.2132568359375 0.58056640625 -0.3670654296875 0.44415283203125
0.047027587890625 0.5350341796875 -0.039886474609375 0.39947509765625
0.34991455078125 0.378204345703125 0.0926361083984375 0.103904724121094
0.39794921875 0.0557861328125 -0.0327072143554687 0.0439834594726563
0.33203125 -0.169952392578125 -0.0903701782226562 0.131065368652344
0.14251708984375 -0.30621337890625 -0.097259521484375 0.265426635742188
0.020660400390625 -0.315765380859375 0.033355712890625 0.348724365234375
0.04852294921875 -0.341522216796875 0.0936279296875 0.3587646484375
0.039031982421875 -0.34429931640625 0.070831298828125 0.3603515625
0.165939331054688 -0.238815307617188 -0.093994140625 0.347625732421875
0.295257568359375 -0.11492919921875 -0.180877685546875 0.232757568359375
0.3338623046875 0.109710693359375 -0.21856689453125 0.0519561767578125
0.161376953125 0.417236328125 -0.106559753417969 -0.06915283203125
-0.0687255859375 0.446197509765625 0.0709609985351563 0.053802490234375
-0.302337646484375 0.5169677734375 -0.089935302734375 0.246673583984375
-0.081451416015625 0.32745361328125 -0.4305419921875 0.601318359375
0.065338134765625 0.28631591796875 -0.040496826171875 0.518524169921875
0.186874389648438 0.165695190429688 0.08319091796875 0.144927978515625
0.182205200195313 0.00604248046875 -0.0430908203125 0.0766067504882813
0.150146484375 -0.077789306640625 -0.12701416015625 0.1549072265625
0.0807647705078125 -0.146530151367188 -0.117645263671875 0.329803466796875
0.0328521728515625 -0.146148681640625 0.050689697265625 0.4388427734375
0.0410919189453125 -0.16290283203125 0.106170654296875 0.439788818359375
0.050140380859375 -0.170364379882813 0.0718688964843749 0.444915771484375
0.104522705078125 -0.09100341796875 -0.114959716796875 0.3917236328125
0.140838623046875 -0.0204010009765625 -0.205368041992187 0.226226806640625
0.123016357421875 0.0797119140625 -0.206802368164063 0.0634307861328125
0.039398193359375 0.193252563476563 -0.0813980102539063 -0.0351791381835938
-0.0479736328125 0.196044921875 0.0562286376953125 0.142257690429688
-0.15673828125 0.271636962890625 -0.179534912109375 0.368377685546875
-0.0640373229980469 0.0115852355957031 0.146514892578125 -0.48724365234375
-0.0201530456542969 0.0551223754882812 -0.0621795654296875 -0.25360107421875
0.0576591491699219 0.0442886352539063 0.0470504760742188 0.0296211242675781
0.0754623413085938 -0.00774383544921875 0.181640625 -0.033782958984375
0.0270652770996094 -0.0668067932128906 0.2247314453125 -0.174240112304688
-0.0417060852050781 -0.0432777404785156 0.12701416015625 -0.37213134765625
-0.0594253540039063 -0.0348968505859375 -0.09210205078125 -0.4559326171875
-0.0347614288330078 -0.0329227447509766 -0.13519287109375 -0.438751220703125
-0.0438117980957031 -0.0101852416992188 -0.0911865234375 -0.44281005859375
-0.0131034851074219 -0.0407028198242188 0.072357177734375 -0.369964599609375
0.0313053131103516 -0.0293388366699219 0.106170654296875 -0.183670043945313
0.0558013916015625 0.0202789306640625 0.0247573852539063 -0.131546020507813
-0.0189018249511719 0.0438957214355469 -0.0650634765625 -0.220428466796875
-0.032958984375 0.00663566589355469 0.000488281250000038 -0.490264892578125
-0.0285224914550781 -0.0481071472167969 0.47894287109375 -0.62908935546875
-0.18768310546875 0.285003662109375 0.120758056640625 -0.4627685546875
-0.045318603515625 0.28466796875 -0.0634765625 -0.248367309570312
0.176300048828125 0.241683959960938 0.0489387512207031 0.0150375366210938
0.246322631835938 0.0535125732421875 0.156341552734375 -0.03656005859375
0.190200805664063 -0.130645751953125 0.211105346679687 -0.144134521484375
0.0278167724609375 -0.1922607421875 0.1168212890625 -0.32904052734375
-0.06427001953125 -0.207733154296875 -0.08587646484375 -0.408721923828125
-0.0269622802734375 -0.230133056640625 -0.114593505859375 -0.387908935546875
-0.0513153076171875 -0.212020874023438 -0.077362060546875 -0.398681640625
0.059783935546875 -0.20654296875 0.05810546875 -0.31573486328125
0.200714111328125 -0.134780883789063 0.0847396850585938 -0.140495300292969
0.279449462890625 0.045684814453125 -0.0159530639648437 -0.135475158691406
0.127090454101563 0.281097412109375 -0.0859832763671875 -0.241531372070312
-0.037506103515625 0.28741455078125 0.01617431640625 -0.509796142578125
-0.169281005859375 0.261825561523438 0.4661865234375 -0.62188720703125
-0.282257080078125 0.525054931640625 0.05035400390625 -0.366241455078125
-0.051239013671875 0.492584228515625 -0.0663604736328125 -0.19000244140625
0.296539306640625 0.41021728515625 0.0609130859375 0.00736999511718753
0.404754638671875 0.09783935546875 0.128547668457031 -0.0428085327148437
0.33575439453125 -0.190277099609375 0.175979614257813 -0.110122680664063
0.09185791015625 -0.32220458984375 0.0849609375 -0.248565673828125
-0.06195068359375 -0.352325439453125 -0.0718994140625 -0.303619384765625
-0.015472412109375 -0.391815185546875 -0.0762481689453125 -0.276947021484375
-0.051422119140625 -0.3812255859375 -0.04864501953125 -0.291168212890625
0.124176025390625 -0.34283447265625 0.034637451171875 -0.206375122070313
0.3448486328125 -0.224334716796875 0.0412445068359375 -0.0679435729980469
0.47406005859375 0.062652587890625 -0.0738983154296875 -0.119110107421875
0.26544189453125 0.484466552734375 -0.113204956054688 -0.243972778320312
-0.031524658203125 0.536773681640625 0.03021240234375 -0.47479248046875
-0.288604736328125 0.5343017578125 0.405181884765625 -0.531982421875
-0.32952880859375 0.70147705078125 -0.04632568359375 -0.2039794921875
-0.0260620117187499 0.65472412109375 -0.0622482299804688 -0.0794525146484375
0.41583251953125 0.52386474609375 0.0790176391601563 0.011016845703125
0.5335693359375 0.11126708984375 0.093353271484375 -0.0438690185546875
0.442352294921875 -0.245269775390625 0.120445251464844 -0.062286376953125
0.138824462890625 -0.4150390625 0.041473388671875 -0.133277893066406
-0.053802490234375 -0.447265625 -0.048431396484375 -0.151962280273438
-0.00354003906250005 -0.493865966796875 -0.0261688232421875 -0.123603820800781
-0.04437255859375 -0.487335205078125 -0.00988006591796876 -0.137474060058594
0.169769287109375 -0.4222412109375 0.00602722167968751 -0.0579833984375
0.438507080078125 -0.2806396484375 -0.0140419006347656 0.0266952514648437
0.599853515625 0.07037353515625 -0.1339111328125 -0.0786514282226563
0.3673095703125 0.6190185546875 -0.134796142578125 -0.219085693359375
-0.02301025390625 0.7020263671875 0.044525146484375 -0.381256103515625
-0.3671875 0.71881103515625 0.301788330078125 -0.366729736328125
-0.32513427734375 0.78131103515625 -0.15301513671875 0.00830078125000004
0.01702880859375 0.7301025390625 -0.0486602783203125 0.0731201171875
0.490753173828125 0.55908203125 0.0951995849609375 0.0269393920898438
0.5938720703125 0.09747314453125 0.0494308471679688 -0.0299186706542969
0.484100341796875 -0.27490234375 0.0498008728027344 0.00300598144531248
0.16107177734375 -0.45526123046875 -0.00660371780395507 0.00878429412841794
-0.039093017578125 -0.474853515625 -0.0155906677246094 0.0261516571044922
0.0103454589843751 -0.521209716796875 0.027923583984375 0.0490264892578125
-0.028289794921875 -0.51910400390625 0.0315895080566406 0.03985595703125
0.188507080078125 -0.4327392578125 -0.021728515625 0.104583740234375
0.459320068359375 -0.283294677734375 -0.071685791015625 0.125877380371094
0.618896484375 0.07672119140625 -0.18310546875 -0.02288818359375
0.38836669921875 0.650146484375 -0.142547607421875 -0.170150756835938
-0.0200195312499999 0.741943359375 0.0611572265625 -0.239761352539062
-0.389892578125 0.78192138671875 0.173309326171875 -0.155197143554687
-0.27142333984375 0.74493408203125 -0.253662109375 0.241683959960938
0.0544433593749999 0.6873779296875 -0.030059814453125 0.242584228515625
0.4774169921875 0.49932861328125 0.101654052734375 0.056854248046875
0.549102783203125 0.06781005859375 0.00421261787414554 0.00143742561340332
0.44293212890625 -0.25677490234375 -0.0233001708984375 0.0749130249023437
0.15606689453125 -0.419647216796875 -0.0498199462890625 0.153762817382812
-0.01788330078125 -0.42919921875 0.020355224609375 0.202178955078125
0.01995849609375 -0.46728515625 0.076904296875 0.214019775390625
-0.00720214843750003 -0.464752197265625 0.06793212890625 0.2105712890625
0.183563232421875 -0.365814208984375 -0.0474853515625 0.24945068359375
0.4024658203125 -0.225250244140625 -0.124252319335938 0.202362060546875
0.518463134765625 0.087493896484375 -0.209625244140625 0.0296783447265625
0.31634521484375 0.57037353515625 -0.130119323730469 -0.112068176269531
-0.0343017578125 0.645263671875 0.0726394653320313 -0.086639404296875
-0.3575439453125 0.7105712890625 0.0401229858398437 0.0621070861816407
-0.18109130859375 0.58392333984375 -0.337738037109375 0.453125
0.0731201171875 0.524139404296875 -0.016876220703125 0.397125244140625
0.367034912109375 0.35491943359375 0.0974884033203125 0.0958709716796875
0.396240234375 0.03424072265625 -0.0291099548339844 0.0404472351074219
0.319366455078125 -0.187255859375 -0.0838775634765625 0.1317138671875
0.124053955078125 -0.309295654296875 -0.082061767578125 0.270248413085938
0.00454711914062503 -0.31231689453125 0.05389404296875 0.34552001953125
0.027587890625 -0.34075927734375 0.113616943359375 0.347015380859375
0.017669677734375 -0.341461181640625 0.0902404785156249 0.3480224609375
0.151138305664062 -0.243148803710938 -0.072418212890625 0.349029541015625
0.284820556640625 -0.12701416015625 -0.165908813476563 0.238082885742188
0.334259033203125 0.09063720703125 -0.212860107421875 0.062255859375
0.183929443359375 0.4013671875 -0.105293273925781 -0.0638961791992187
-0.046722412109375 0.443145751953125 0.0730056762695313 0.0453948974609375
-0.271514892578125 0.52752685546875 -0.076873779296875 0.245315551757813
-0.06500244140625 0.32830810546875 -0.3924560546875 0.61053466796875
0.07781982421875 0.279876708984375 -0.012115478515625 0.514495849609375
0.195831298828125 0.155029296875 0.0902633666992188 0.137847900390625
0.181961059570313 -0.0034942626953125 -0.0364532470703125 0.0741119384765625
0.144912719726563 -0.0862274169921875 -0.118759155273437 0.157455444335937
0.071685791015625 -0.149551391601563 -0.099395751953125 0.33489990234375
0.0258026123046875 -0.14654541015625 0.076416015625 0.434783935546875
0.031494140625 -0.16290283203125 0.13177490234375 0.42681884765625
0.0381927490234375 -0.17132568359375 0.09722900390625 0.430419921875
0.09808349609375 -0.0956344604492188 -0.090362548828125 0.3941650390625
0.137123107910156 -0.026031494140625 -0.191375732421875 0.2333984375
0.1248779296875 0.0721359252929688 -0.198486328125 0.07293701171875
0.0505828857421875 0.186843872070313 -0.07904052734375 -0.0320816040039062
-0.037994384765625 0.1961669921875 0.0623092651367188 0.1324462890625
-0.140579223632812 0.277191162109375 -0.16046142578125 0.3690185546875
-0.0607719421386719 0.0128288269042969 0.12835693359375 -0.476654052734375
-0.0187034606933594 0.0532112121582031 -0.0711669921875 -0.243408203125
0.0550994873046875 0.0419082641601563 0.0452995300292969 0.0263786315917969
0.072479248046875 -0.00943756103515625 0.174423217773438 -0.03814697265625
0.0233306884765625 -0.0649909973144531 0.214889526367188 -0.177703857421875
-0.0409889221191406 -0.0386695861816406 0.11224365234375 -0.370391845703125
-0.0587882995605469 -0.03155517578125 -0.1085205078125 -0.442291259765625
-0.0349521636962891 -0.0316848754882813 -0.149810791015625 -0.4222412109375
-0.0410232543945313 -0.00826644897460937 -0.1065673828125 -0.428314208984375
-0.0139503479003906 -0.0389137268066406 0.056671142578125 -0.365570068359375
0.0289478302001953 -0.0304794311523437 0.100448608398438 -0.183090209960938
0.0545501708984375 0.0167350769042969 0.0186538696289063 -0.127090454101563
-0.0165328979492188 0.0438117980957031 -0.0724029541015625 -0.209564208984375
-0.0312309265136719 0.00516128540039063 -0.014678955078125 -0.474029541015625
-0.0287322998046875 -0.0467491149902344 0.453125 -0.6221923828125
-0.17303466796875 0.2818603515625 0.101470947265625 -0.451385498046875
-0.03631591796875 0.277114868164062 -0.07275390625 -0.237625122070312
0.178192138671875 0.2294921875 0.0464096069335938 0.01043701171875
0.240646362304687 0.04473876953125 0.149078369140625 -0.0411376953125
0.180007934570312 -0.132949829101563 0.201187133789063 -0.148101806640625
0.0215606689453125 -0.185150146484375 0.102752685546875 -0.326263427734375
-0.068450927734375 -0.199264526367188 -0.100555419921875 -0.39605712890625
-0.0349273681640625 -0.225479125976563 -0.128387451171875 -0.373870849609375
-0.0558319091796875 -0.204757690429688 -0.09222412109375 -0.386688232421875
0.0511474609375 -0.202804565429687 0.045196533203125 -0.31256103515625
0.19134521484375 -0.138702392578125 0.0808792114257813 -0.140403747558594
0.27374267578125 0.03436279296875 -0.0228195190429687 -0.129867553710938
0.134628295898437 0.270660400390625 -0.0914459228515625 -0.230026245117187
-0.028045654296875 0.280471801757813 0.00238037109375002 -0.494354248046875
-0.156173706054688 0.25946044921875 0.4403076171875 -0.6162109375
-0.256866455078125 0.5179443359375 0.037139892578125 -0.356201171875
-0.0340576171875 0.478607177734375 -0.073699951171875 -0.18060302734375
0.301300048828125 0.388458251953125 0.0576972961425781 0.00229644775390627
0.395477294921875 0.08251953125 0.121780395507813 -0.047088623046875
0.319244384765625 -0.19659423828125 0.168472290039063 -0.113922119140625
0.079132080078125 -0.313323974609375 0.0749359130859375 -0.246612548828125
-0.071258544921875 -0.34014892578125 -0.081634521484375 -0.29193115234375
-0.0308837890625 -0.3843994140625 -0.0873565673828125 -0.267013549804688
-0.063262939453125 -0.36968994140625 -0.06201171875 -0.28369140625
0.110809326171875 -0.33636474609375 0.0257415771484375 -0.204559326171875
0.3297119140625 -0.230194091796875 0.0410881042480469 -0.0692291259765625
0.46490478515625 0.04388427734375 -0.0792922973632812 -0.112373352050781
0.276214599609375 0.463897705078125 -0.11651611328125 -0.232345581054688
-0.015960693359375 0.52301025390625 0.0179443359375 -0.462188720703125
-0.262847900390625 0.529510498046875 0.382171630859375 -0.52728271484375
-0.29754638671875 0.693115234375 -0.0509033203125 -0.196685791015625
-0.00433349609374998 0.6373291015625 -0.06488037109375 -0.0725784301757812
0.421844482421875 0.49591064453125 0.0757369995117188 0.00440979003906253
0.5224609375 0.092529296875 0.087554931640625 -0.048492431640625
0.422149658203125 -0.25384521484375 0.115577697753906 -0.0663070678710938
0.121337890625 -0.4068603515625 0.0365753173828125 -0.131660461425781
-0.06536865234375 -0.43414306640625 -0.052337646484375 -0.143600463867188
-0.02197265625 -0.48577880859375 -0.0317230224609375 -0.119537353515625
-0.059906005859375 -0.47442626953125 -0.0191497802734375 -0.135986328125
0.151123046875 -0.416839599609375 0.00441360473632814 -0.0578727722167969
0.42120361328125 -0.2880859375 -0.0102729797363281 0.0245380401611328
0.5880126953125 0.050537109375 -0.136947631835937 -0.0718536376953125
0.37957763671875 0.58935546875 -0.136367797851562 -0.2091064453125
-0.00323486328125001 0.685791015625 0.034912109375 -0.373565673828125
-0.33245849609375 0.712158203125 0.284942626953125 -0.364410400390625
-0.291259765625 0.76922607421875 -0.147537231445313 0.0129241943359375
0.03900146484375 0.708740234375 -0.0451812744140625 0.0748367309570313
0.497833251953125 0.528228759765625 0.0926971435546875 0.0194244384765625
0.581298828125 0.0770263671875 0.0460433959960938 -0.0347557067871094
0.46160888671875 -0.28619384765625 0.0485992431640625 -0.00102233886718752
0.142974853515625 -0.446624755859375 -0.0057687759399414 0.00914955139160153
-0.05255126953125 -0.46173095703125 -0.0134944915771484 0.0289592742919922
-0.011138916015625 -0.51226806640625 0.0279960632324219 0.045867919921875
-0.0472412109375001 -0.503448486328125 0.0282669067382813 0.0345382690429687
0.1710205078125 -0.425262451171875 -0.0164337158203125 0.102523803710937
0.439544677734375 -0.290557861328125 -0.064178466796875 0.123664855957031
0.6075439453125 0.05413818359375 -0.182205200195312 -0.015838623046875
0.4034423828125 0.62030029296875 -0.141494750976562 -0.161773681640625
0.000671386718749973 0.7232666015625 0.0539093017578125 -0.239013671875
-0.35430908203125 0.77471923828125 0.164443969726562 -0.155624389648437
-0.241455078125 0.73284912109375 -0.238555908203125 0.241485595703125
0.0745849609375 0.66729736328125 -0.0204925537109375 0.23895263671875
0.484466552734375 0.47125244140625 0.1007080078125 0.0491104125976563
0.53741455078125 0.0474853515625 0.00338029861450199 -0.00310468673706054
0.422698974609375 -0.266632080078125 -0.0211715698242187 0.0717086791992187
0.138153076171875 -0.4122314453125 -0.042938232421875 0.153030395507812
-0.030120849609375 -0.417449951171875 0.0298309326171875 0.199234008789062
0.00119018554687503 -0.45849609375 0.0822906494140625 0.20513916015625
-0.02435302734375 -0.452484130859375 0.0702667236328125 0.19927978515625
0.1678466796875 -0.360809326171875 -0.036041259765625 0.244720458984375
0.385406494140625 -0.2313232421875 -0.11383056640625 0.200531005859375
0.508087158203125 0.06793212890625 -0.205780029296875 0.0360107421875
0.328765869140625 0.544281005859375 -0.127716064453125 -0.106819152832031
-0.0148925781250001 0.63189697265625 0.0693817138671875 -0.0908660888671875
-0.3277587890625 0.70379638671875 0.0401878356933594 0.0585594177246094
-0.15869140625 0.57501220703125 -0.313568115234375 0.44940185546875
0.087310791015625 0.510101318359375 -0.00177001953124997 0.387786865234375
0.371978759765625 0.334625244140625 0.09857177734375 0.08837890625
0.38836669921875 0.0206298828125 -0.0271034240722656 0.0363197326660156
0.305633544921875 -0.19439697265625 -0.07928466796875 0.129653930664063
0.11016845703125 -0.30517578125 -0.0715179443359375 0.269363403320313
-0.00396728515625001 -0.30584716796875 0.06732177734375 0.338653564453125
0.013885498046875 -0.33477783203125 0.123992919921875 0.3331298828125
0.00323486328125002 -0.333099365234375 0.099029541015625 0.3326416015625
0.140350341796875 -0.24066162109375 -0.056365966796875 0.34344482421875
0.273941040039063 -0.132186889648438 -0.153564453125 0.236572265625
0.328765869140625 0.077606201171875 -0.205459594726562 0.06671142578125
0.193817138671875 0.383331298828125 -0.101577758789062 -0.0608291625976562
-0.03338623046875 0.433837890625 0.0732192993164063 0.0369033813476563
-0.248046875 0.521881103515625 -0.0694580078125 0.23992919921875
-0.053924560546875 0.323089599609375 -0.36199951171875 0.6025390625
0.084014892578125 0.270599365234375 0.00650024414062502 0.500091552734375
0.1973876953125 0.145233154296875 0.0935440063476563 0.130844116210938
0.178115844726562 -0.009735107421875 -0.0329933166503906 0.0699462890625
0.139434814453125 -0.0901107788085937 -0.113479614257813 0.15582275390625
0.0645904541015625 -0.148330688476562 -0.086639404296875 0.333343505859375
0.021728515625 -0.14459228515625 0.09368896484375 0.42352294921875
0.0244903564453125 -0.160049438476563 0.1458740234375 0.409515380859375
0.029510498046875 -0.167236328125 0.111175537109375 0.414794921875
0.0930252075195313 -0.0953369140625 -0.072479248046875 0.388458251953125
0.132537841796875 -0.02880859375 -0.179656982421875 0.233489990234375
0.124267578125 0.0663070678710938 -0.189849853515625 0.07672119140625
0.056976318359375 0.178604125976563 -0.075469970703125 -0.0312347412109375
-0.0319671630859375 0.192962646484375 0.0655136108398438 0.122627258300781
-0.128585815429688 0.276321411132813 -0.1470947265625 0.36163330078125
-0.0583076477050781 0.0127220153808594 0.1212158203125 -0.467132568359375
-0.0185050964355469 0.05224609375 -0.07421875 -0.235824584960938
0.0534439086914063 0.0409736633300781 0.04302978515625 0.0249862670898438
0.0713653564453125 -0.0088043212890625 0.169906616210938 -0.0389251708984375
0.0216903686523438 -0.0626754760742188 0.21051025390625 -0.178695678710938
-0.039337158203125 -0.0354232788085938 0.1053466796875 -0.368560791015625
-0.0575027465820312 -0.0289192199707031 -0.115936279296875 -0.43389892578125
-0.035125732421875 -0.0310611724853516 -0.156219482421875 -0.4117431640625
-0.0384407043457031 -0.00817108154296874 -0.112457275390625 -0.419464111328125
-0.0150146484375 -0.0375633239746094 0.048431396484375 -0.363739013671875
0.0277175903320312 -0.0309028625488281 0.0986328125 -0.181747436523437
0.0535163879394531 0.0148429870605469 0.0153732299804688 -0.123062133789063
-0.0151443481445313 0.0432052612304688 -0.0752105712890625 -0.2021484375
-0.0307331085205078 0.00351715087890625 -0.01715087890625 -0.46258544921875
-0.0275535583496094 -0.0464401245117187 0.44305419921875 -0.611572265625
-0.165420532226563 0.27801513671875 0.095062255859375 -0.44091796875
-0.0327606201171875 0.272232055664063 -0.0763092041015625 -0.22991943359375
0.17681884765625 0.222671508789063 0.0440635681152344 0.00831604003906251
0.236663818359375 0.042083740234375 0.144241333007813 -0.04205322265625
0.174423217773438 -0.132080078125 0.197555541992188 -0.149658203125
0.020172119140625 -0.1795654296875 0.09716796875 -0.325592041015625
-0.0697784423828125 -0.194931030273438 -0.106201171875 -0.387664794921875
-0.0390167236328125 -0.222854614257812 -0.134857177734375 -0.364837646484375
-0.0573883056640625 -0.201324462890625 -0.099365234375 -0.37939453125
0.0481414794921875 -0.19891357421875 0.038909912109375 -0.310699462890625
0.18634033203125 -0.139984130859375 0.08050537109375 -0.14105224609375
0.270294189453125 0.0291595458984375 -0.02667236328125 -0.12548828125
0.136932373046875 0.264266967773438 -0.0926361083984375 -0.223175048828125
-0.024932861328125 0.2742919921875 0.000213623046875045 -0.4847412109375
-0.150253295898437 0.256546020507813 0.4310302734375 -0.60699462890625
-0.244842529296875 0.5101318359375 0.033050537109375 -0.348175048828125
-0.02880859375 0.4700927734375 -0.0757904052734375 -0.173507690429687
0.30108642578125 0.37677001953125 0.0547828674316406 -0.000614166259765602
0.38946533203125 0.0780029296875 0.116859436035156 -0.0489959716796875
0.31048583984375 -0.19671630859375 0.164810180664063 -0.1158447265625
0.075439453125 -0.305755615234375 0.071441650390625 -0.24542236328125
-0.074615478515625 -0.332672119140625 -0.0853271484375 -0.28485107421875
-0.0382080078125 -0.3802490234375 -0.0924072265625 -0.26025390625
-0.067108154296875 -0.362823486328125 -0.0692291259765625 -0.279251098632813
0.1043701171875 -0.330718994140625 0.0218048095703125 -0.203353881835938
0.322265625 -0.23223876953125 0.0420455932617188 -0.0708160400390625
0.457855224609375 0.0380859375 -0.0826492309570312 -0.107589721679688
0.27947998046875 0.452728271484375 -0.115737915039063 -0.225875854492187
-0.012359619140625 0.514007568359375 0.014434814453125 -0.45550537109375
-0.25286865234375 0.5218505859375 0.373992919921875 -0.518890380859375
-0.2822265625 0.6815185546875 -0.0516204833984375 -0.191024780273437
0.00299072265624997 0.62457275390625 -0.0648727416992187 -0.0685653686523437
0.4212646484375 0.48077392578125 0.072662353515625 0.000518798828125029
0.514739990234375 0.084808349609375 0.0829544067382813 -0.05072021484375
0.410369873046875 -0.256866455078125 0.113304138183594 -0.0683135986328125
0.115325927734375 -0.398590087890625 0.03472900390625 -0.130828857421875
-0.06951904296875 -0.425201416015625 -0.05267333984375 -0.139091491699219
-0.032684326171875 -0.480010986328125 -0.0355453491210938 -0.116950988769531
-0.065582275390625 -0.465179443359375 -0.0253982543945313 -0.134895324707031
0.14398193359375 -0.4097900390625 0.00382995605468751 -0.0586814880371094
0.41009521484375 -0.28936767578125 -0.0075111389160156 0.0223674774169922
0.5806884765625 0.04132080078125 -0.138984680175781 -0.067169189453125
0.382568359375 0.575439453125 -0.134292602539062 -0.20379638671875
0.00372314453124996 0.67431640625 0.033111572265625 -0.36962890625
-0.319091796875 0.7034912109375 0.2781982421875 -0.3590087890625
-0.27789306640625 0.7607421875 -0.143722534179688 0.0135955810546876
0.0465087890625 0.6982421875 -0.0426483154296875 0.0760879516601563
0.4990234375 0.510894775390625 0.0904464721679688 0.01513671875
0.57275390625 0.06842041015625 0.0428581237792969 -0.0373268127441406
0.4490966796875 -0.28741455078125 0.0474052429199219 -0.00330734252929689
0.135955810546875 -0.438140869140625 -0.00461387634277343 0.00970363616943357
-0.0570068359375 -0.452667236328125 -0.0102081298828125 0.0303249359130859
-0.021148681640625 -0.5062255859375 0.0265121459960938 0.0447120666503906
-0.0552978515625 -0.49359130859375 0.024139404296875 0.0316619873046875
0.163818359375 -0.419708251953125 -0.0137710571289062 0.0999298095703125
0.42974853515625 -0.291534423828125 -0.05950927734375 0.120246887207031
0.5992431640625 0.04730224609375 -0.182388305664062 -0.0120697021484375
0.40618896484375 0.6024169921875 -0.1380615234375 -0.158950805664062
0.00866699218750007 0.71331787109375 0.0515594482421875 -0.238525390625
-0.34173583984375 0.76568603515625 0.160720825195312 -0.154434204101562
-0.22857666015625 0.7227783203125 -0.230575561523438 0.237457275390625
0.0802612304687501 0.65576171875 -0.0154571533203125 0.235488891601563
0.485198974609375 0.45440673828125 0.099945068359375 0.044464111328125
0.52972412109375 0.042144775390625 0.00171518325805667 -0.00612163543701172
0.412872314453125 -0.27032470703125 -0.0208053588867187 0.0693778991699219
0.131866455078125 -0.40484619140625 -0.0390167236328125 0.153167724609375
-0.034515380859375 -0.4112548828125 0.035064697265625 0.197280883789062
-0.00848388671875001 -0.45343017578125 0.084686279296875 0.2000732421875
-0.032684326171875 -0.4439697265625 0.069610595703125 0.192947387695313
0.160888671875 -0.355682373046875 -0.030670166015625 0.24114990234375
0.375732421875 -0.231842041015625 -0.108352661132813 0.197174072265625
0.50238037109375 0.06036376953125 -0.203643798828125 0.0384521484375
0.33233642578125 0.529296875 -0.12384033203125 -0.106452941894531
-0.00897216796875 0.6224365234375 0.0675506591796875 -0.0942611694335937
-0.31524658203125 0.6968994140625 0.0391044616699219 0.0569038391113282
-0.149658203125 0.567626953125 -0.301849365234375 0.441314697265625
0.091766357421875 0.500091552734375 0.00579833984374998 0.38043212890625
0.3712158203125 0.325103759765625 0.0990371704101563 0.083587646484375
0.383056640625 0.015533447265625 -0.0268573760986328 0.0327720642089844
0.298095703125 -0.197418212890625 -0.0782012939453125 0.127593994140625
0.104705810546875 -0.30078125 -0.06512451171875 0.268646240234375
-0.00701904296874999 -0.302215576171875 0.07537841796875 0.3336181640625
0.00787353515625003 -0.3311767578125 0.128692626953125 0.32537841796875
-0.00241088867187497 -0.326080322265625 0.100616455078125 0.323333740234375
0.136749267578125 -0.237091064453125 -0.04827880859375 0.3397216796875
0.268356323242188 -0.132354736328125 -0.147918701171875 0.2337646484375
0.3250732421875 0.07281494140625 -0.202423095703125 0.0680389404296875
0.19622802734375 0.373321533203125 -0.098388671875 -0.061676025390625
-0.0286865234375 0.427581787109375 0.0722427368164062 0.0302276611328125
-0.23797607421875 0.519500732421875 -0.0687255859375 0.2347412109375
-0.050567626953125 0.3192138671875 -0.3509521484375 0.590576171875
0.0852508544921875 0.266189575195313 0.01629638671875 0.491180419921875
0.197830200195313 0.141586303710938 0.0952835083007813 0.126937866210938
0.17547607421875 -0.011444091796875 -0.03204345703125 0.0661430358886719
0.136543273925781 -0.0927734375 -0.11175537109375 0.154876708984375
0.0616607666015625 -0.147216796875 -0.08026123046875 0.333221435546875
0.0206756591796875 -0.144363403320313 0.102630615234375 0.417266845703125
0.0216522216796875 -0.15869140625 0.1514892578125 0.40289306640625
0.02496337890625 -0.16400146484375 0.114959716796875 0.40362548828125
0.09136962890625 -0.094635009765625 -0.063568115234375 0.38330078125
0.130828857421875 -0.02899169921875 -0.174057006835937 0.232192993164063
0.123252868652344 0.0639801025390625 -0.185287475585938 0.0772857666015625
0.059112548828125 0.17401123046875 -0.0728530883789063 -0.0327606201171875
-0.0293731689453125 0.190673828125 0.064605712890625 0.115165710449219
-0.123199462890625 0.274581909179688 -0.1441650390625 0.35552978515625
-0.0578727722167969 0.0118064880371094 0.119415283203125 -0.466156005859375
-0.019439697265625 0.0527915954589844 -0.0772247314453125 -0.233489990234375
0.0522918701171875 0.0410308837890625 0.0423316955566406 0.024505615234375
0.071441650390625 -0.0094757080078125 0.169464111328125 -0.0386810302734375
0.0216941833496094 -0.0613174438476563 0.210968017578125 -0.182525634765625
-0.0376510620117188 -0.0341224670410156 0.102264404296875 -0.37451171875
-0.0568580627441406 -0.0276832580566406 -0.123016357421875 -0.434356689453125
-0.0361595153808594 -0.0313987731933594 -0.162933349609375 -0.410400390625
-0.0377769470214844 -0.0089569091796875 -0.118255615234375 -0.420440673828125
-0.0154762268066406 -0.0372695922851563 0.044769287109375 -0.36773681640625
0.0262241363525391 -0.0318412780761719 0.100448608398437 -0.184005737304688
0.0536308288574219 0.0136871337890625 0.013580322265625 -0.12139892578125
-0.0151824951171875 0.0428466796875 -0.076995849609375 -0.198654174804687
-0.0310554504394531 0.00107765197753907 -0.01739501953125 -0.461639404296875
-0.0267524719238281 -0.0472793579101563 0.4483642578125 -0.6134033203125
-0.16448974609375 0.277313232421875 0.09539794921875 -0.44091796875
-0.032867431640625 0.271957397460938 -0.0785369873046875 -0.2266845703125
0.177719116210938 0.221832275390625 0.0425567626953125 0.00682067871093751
0.237869262695312 0.0419921875 0.1422119140625 -0.042999267578125
0.174118041992188 -0.132171630859375 0.1982421875 -0.15313720703125
0.02130126953125 -0.178573608398437 0.09521484375 -0.329925537109375
-0.0700531005859375 -0.193695068359375 -0.1112060546875 -0.387237548828125
-0.0430450439453125 -0.224899291992188 -0.141510009765625 -0.363494873046875
-0.0577545166015625 -0.202804565429687 -0.106048583984375 -0.381195068359375
0.04779052734375 -0.198486328125 0.035400390625 -0.31390380859375
0.186172485351563 -0.14276123046875 0.0824737548828125 -0.143844604492188
0.272216796875 0.027618408203125 -0.029876708984375 -0.12298583984375
0.1402587890625 0.264083862304688 -0.0932769775390625 -0.221145629882812
-0.024932861328125 0.273834228515625 0.00119018554687501 -0.484649658203125
-0.149505615234375 0.257797241210937 0.436279296875 -0.6068115234375
-0.24267578125 0.510498046875 0.034210205078125 -0.346832275390625
-0.02734375 0.47003173828125 -0.0767822265625 -0.169677734375
0.303680419921875 0.3751220703125 0.0538101196289063 -0.00285339355468748
0.391204833984375 0.07659912109375 0.114509582519531 -0.0501556396484375
0.3099365234375 -0.20001220703125 0.1656494140625 -0.119049072265625
0.076171875 -0.3045654296875 0.0707550048828125 -0.248886108398438
-0.075439453125 -0.3333740234375 -0.0885009765625 -0.28472900390625
-0.0445556640625 -0.384185791015625 -0.09722900390625 -0.259506225585938
-0.069122314453125 -0.36370849609375 -0.07568359375 -0.280075073242188
0.10455322265625 -0.330718994140625 0.0197296142578125 -0.206207275390625
0.322479248046875 -0.235626220703125 0.04412841796875 -0.0738906860351563
0.461151123046875 0.035369873046875 -0.0862808227539062 -0.104804992675781
0.284393310546875 0.452392578125 -0.115615844726562 -0.225784301757812
-0.01116943359375 0.51544189453125 0.015869140625 -0.45684814453125
-0.2525634765625 0.52569580078125 0.37957763671875 -0.52056884765625
-0.27996826171875 0.68359375 -0.050506591796875 -0.189544677734375
0.00469970703124996 0.62646484375 -0.0651473999023438 -0.0651359558105468
0.427215576171875 0.477325439453125 0.0715866088867188 -0.00250244140624997
0.51690673828125 0.08367919921875 0.0806884765625 -0.0528793334960937
0.408843994140625 -0.26025390625 0.113670349121094 -0.0711669921875
0.11541748046875 -0.396942138671875 0.0347900390625 -0.132408142089844
-0.0710144042968749 -0.4248046875 -0.0524444580078125 -0.138504028320313
-0.039703369140625 -0.483734130859375 -0.0379409790039062 -0.115882873535156
-0.070159912109375 -0.465087890625 -0.031402587890625 -0.134994506835938
0.1448974609375 -0.40985107421875 0.00336456298828126 -0.0603523254394531
0.410552978515625 -0.294097900390625 -0.00536346435546872 0.0201034545898437
0.58343505859375 0.03802490234375 -0.143051147460937 -0.064117431640625
0.3890380859375 0.5753173828125 -0.13348388671875 -0.204254150390625
0.00451660156249999 0.6763916015625 0.032623291015625 -0.372802734375
-0.32171630859375 0.70648193359375 0.2813720703125 -0.360107421875
-0.274658203125 0.76226806640625 -0.1419677734375 0.0133819580078126
0.0482788085937499 0.69732666015625 -0.0410614013671875 0.0780258178710938
0.5040283203125 0.506927490234375 0.0902099609375 0.0116729736328125
0.57623291015625 0.06732177734375 0.0406074523925782 -0.0401344299316406
0.449920654296875 -0.294586181640625 0.0481758117675782 -0.00535202026367189
0.135406494140625 -0.437957763671875 -0.0031909942626953 0.00992488861083982
-0.058990478515625 -0.455780029296875 -0.00766754150390626 0.0315284729003906
-0.02984619140625 -0.51129150390625 0.0270462036132812 0.0451736450195312
-0.0594482421875 -0.494415283203125 0.0201587677001953 0.0317554473876953
0.16497802734375 -0.419677734375 -0.0116043090820312 0.0998306274414062
0.430267333984375 -0.295379638671875 -0.0579147338867187 0.118949890136719
0.60260009765625 0.04449462890625 -0.186187744140625 -0.00910949707031246
0.412353515625 0.6031494140625 -0.137054443359375 -0.160552978515625
0.00854492187500006 0.71673583984375 0.051910400390625 -0.24346923828125
-0.34033203125 0.76959228515625 0.16131591796875 -0.15447998046875
-0.22674560546875 0.72515869140625 -0.228866577148438 0.236099243164063
0.0841064453125 0.6578369140625 -0.0120849609375 0.236373901367188
0.49127197265625 0.45465087890625 0.100448608398438 0.04156494140625
0.532806396484375 0.03997802734375 0.000349998474121127 -0.00895309448242187
0.41162109375 -0.27642822265625 -0.0203399658203125 0.0680885314941406
0.13067626953125 -0.40521240234375 -0.035980224609375 0.155075073242188
-0.03564453125 -0.41375732421875 0.04095458984375 0.198501586914062
-0.01416015625 -0.45751953125 0.08721923828125 0.1995849609375
-0.036895751953125 -0.444580078125 0.0681610107421875 0.192794799804688
0.1624755859375 -0.35528564453125 -0.0270538330078125 0.242446899414062
0.378448486328125 -0.235137939453125 -0.107406616210937 0.196807861328125
0.5054931640625 0.06048583984375 -0.206222534179687 0.0412139892578125
0.33795166015625 0.5289306640625 -0.123069763183594 -0.108428955078125
-0.00769042968750004 0.62359619140625 0.0670928955078125 -0.09881591796875
-0.313720703125 0.702392578125 0.0374183654785156 0.0568656921386719
-0.1494140625 0.5712890625 -0.30145263671875 0.43902587890625
0.092742919921875 0.50152587890625 0.00967407226562498 0.381744384765625
0.3770751953125 0.3233642578125 0.100868225097656 0.0817642211914063
0.38543701171875 0.014434814453125 -0.0279884338378906 0.0305328369140625
0.298187255859375 -0.202606201171875 -0.0786361694335938 0.127822875976562
0.10455322265625 -0.30218505859375 -0.062255859375 0.272506713867188
-0.00772094726562501 -0.305084228515625 0.08282470703125 0.33477783203125
0.00405883789062501 -0.33380126953125 0.13372802734375 0.3245849609375
-0.00604248046875003 -0.32635498046875 0.102203369140625 0.323638916015625
0.137451171875 -0.237472534179687 -0.043731689453125 0.341400146484375
0.26953125 -0.133407592773438 -0.147430419921875 0.235626220703125
0.3267822265625 0.072296142578125 -0.203323364257812 0.0698394775390625
0.20013427734375 0.3719482421875 -0.0973968505859375 -0.0650787353515625
-0.02764892578125 0.4288330078125 0.0714874267578125 0.025390625
-0.238006591796875 0.521331787109375 -0.0712127685546875 0.236114501953125
-0.05126953125 0.32196044921875 -0.3492431640625 0.5882568359375
0.0858917236328125 0.266921997070313 0.019744873046875 0.491180419921875
0.200454711914063 0.141433715820313 0.0975723266601563 0.125831604003906
0.176467895507812 -0.012359619140625 -0.0319252014160156 0.0644760131835938
0.137397766113281 -0.0954971313476563 -0.112899780273438 0.156265258789063
0.0611419677734375 -0.148757934570312 -0.07708740234375 0.338104248046875
0.0205535888671875 -0.146453857421875 0.110382080078125 0.41845703125
0.0202484130859375 -0.160476684570313 0.15899658203125 0.40032958984375
0.0233612060546875 -0.163711547851563 0.11865234375 0.404510498046875
0.0927505493164063 -0.0950775146484375 -0.0595703125 0.3857421875
0.131233215332031 -0.0293426513671875 -0.174270629882812 0.235244750976563
0.123764038085938 0.0645904541015625 -0.184707641601563 0.07794189453125
0.0614166259765625 0.173721313476563 -0.0723419189453125 -0.0357894897460937
-0.0283966064453125 0.19134521484375 0.0631866455078125 0.110748291015625
-0.12298583984375 0.27783203125 -0.1483154296875 0.3572998046875
-0.0581588745117188 0.0122451782226562 0.11785888671875 -0.4749755859375
-0.0189552307128906 0.0543251037597656 -0.082763671875 -0.233642578125
0.0531997680664063 0.0416374206542969 0.0428199768066406 0.0242462158203125
0.0728530883789063 -0.00969696044921875 0.170989990234375 -0.0420074462890625
0.0212631225585937 -0.0613365173339844 0.212310791015625 -0.19158935546875
-0.0375595092773437 -0.0332298278808594 0.096099853515625 -0.387115478515625
-0.0575904846191406 -0.0264434814453125 -0.13568115234375 -0.4398193359375
-0.0380973815917969 -0.0312347412109375 -0.177001953125 -0.414886474609375
-0.0380134582519531 -0.0095062255859375 -0.130340576171875 -0.427581787109375
-0.0172233581542969 -0.0366592407226563 0.03564453125 -0.378631591796875
0.0253696441650391 -0.0332756042480469 0.101242065429687 -0.191024780273438
0.0548286437988281 0.011810302734375 0.0108871459960938 -0.121841430664063
-0.0142173767089844 0.0436363220214844 -0.082916259765625 -0.198104858398438
-0.0328159332275391 -0.000114440917968748 -0.0232238769531251 -0.467864990234375
-0.0265579223632813 -0.0489959716796875 0.45452880859375 -0.63134765625
-0.1627197265625 0.28424072265625 0.09332275390625 -0.447723388671875
-0.029205322265625 0.27691650390625 -0.083709716796875 -0.22601318359375
0.18450927734375 0.22283935546875 0.0426445007324219 0.00511932373046876
0.243377685546875 0.0391693115234375 0.14288330078125 -0.0464324951171875
0.175521850585938 -0.138198852539063 0.200790405273438 -0.162368774414063
0.0214080810546875 -0.180587768554688 0.0902099609375 -0.341094970703125
-0.073944091796875 -0.19647216796875 -0.124298095703125 -0.39276123046875
-0.050994873046875 -0.229736328125 -0.15472412109375 -0.3660888671875
-0.0628509521484375 -0.206588745117187 -0.11907958984375 -0.387115478515625
0.0460357666015625 -0.202789306640625 0.02813720703125 -0.323333740234375
0.186874389648438 -0.149978637695313 0.0836029052734375 -0.15087890625
0.279403686523437 0.0220184326171875 -0.0341415405273437 -0.122276306152344
0.148513793945313 0.266845703125 -0.098114013671875 -0.221572875976563
-0.0228424072265625 0.279998779296875 -0.00463867187499995 -0.49359130859375
-0.148513793945312 0.26580810546875 0.442138671875 -0.62579345703125
-0.239898681640625 0.52325439453125 0.032806396484375 -0.35205078125
-0.021453857421875 0.477691650390625 -0.0807342529296875 -0.168380737304688
0.3170166015625 0.375244140625 0.0533561706542969 -0.00573730468749998
0.401123046875 0.072845458984375 0.114326477050781 -0.0533065795898438
0.312408447265625 -0.209320068359375 0.168075561523438 -0.12701416015625
0.075439453125 -0.310455322265625 0.066741943359375 -0.257949829101563
-0.081756591796875 -0.33868408203125 -0.096923828125 -0.288116455078125
-0.056396484375 -0.393402099609375 -0.107635498046875 -0.26104736328125
-0.078369140625 -0.371490478515625 -0.087310791015625 -0.283447265625
0.10211181640625 -0.3385009765625 0.01495361328125 -0.213546752929688
0.32537841796875 -0.2479248046875 0.0456161499023438 -0.0786819458007813
0.47369384765625 0.02716064453125 -0.0925521850585937 -0.102310180664062
0.299957275390625 0.457794189453125 -0.120193481445313 -0.2276611328125
-0.00411987304687499 0.5269775390625 0.012542724609375 -0.46575927734375
-0.24981689453125 0.542633056640625 0.38323974609375 -0.5369873046875
-0.2744140625 0.69891357421875 -0.0512847900390625 -0.19232177734375
0.0144653320312501 0.63525390625 -0.0660972595214844 -0.062347412109375
0.444549560546875 0.478973388671875 0.0722808837890625 -0.00583648681640622
0.528472900390625 0.07666015625 0.0784988403320313 -0.0567398071289062
0.412933349609375 -0.274261474609375 0.115707397460938 -0.0775070190429688
0.11419677734375 -0.406707763671875 0.0336990356445312 -0.137489318847656
-0.079925537109375 -0.4344482421875 -0.0559005737304688 -0.140380859375
-0.053955078125 -0.4970703125 -0.043243408203125 -0.116813659667969
-0.082000732421875 -0.47491455078125 -0.0383987426757812 -0.136184692382813
0.143096923828125 -0.420745849609375 0.00229263305664063 -0.0629730224609375
0.4151611328125 -0.308258056640625 -0.0039100646972656 0.0173625946044922
0.59912109375 0.02825927734375 -0.149185180664062 -0.0586395263671875
0.4083251953125 0.580322265625 -0.138412475585937 -0.20782470703125
0.013671875 0.69219970703125 0.02880859375 -0.383392333984375
-0.31707763671875 0.73040771484375 0.28424072265625 -0.372161865234375
-0.2672119140625 0.7799072265625 -0.142776489257813 0.014617919921875
0.06201171875 0.71063232421875 -0.0386428833007812 0.0821685791015625
0.525360107421875 0.507659912109375 0.0922012329101563 0.00806427001953128
0.59039306640625 0.05841064453125 0.0389175415039063 -0.0429191589355469
0.453704833984375 -0.31134033203125 0.0495719909667969 -0.00960159301757814
0.132080078125 -0.448272705078125 -0.0014200210571289 0.00951480865478513
-0.0679931640625 -0.4642333984375 -0.0045318603515625 0.0315265655517578
-0.04345703125 -0.524078369140625 0.0280952453613281 0.0457115173339843
-0.071380615234375 -0.5045166015625 0.0178775787353516 0.032724380493164
0.162384033203125 -0.429351806640625 -0.00983428955078123 0.101707458496094
0.43585205078125 -0.310699462890625 -0.056121826171875 0.120201110839844
0.61895751953125 0.03448486328125 -0.192276000976562 -0.00250244140624998
0.43292236328125 0.60784912109375 -0.140625 -0.1636962890625
0.0189208984375 0.730712890625 0.0491485595703125 -0.252838134765625
-0.33551025390625 0.79296875 0.162368774414063 -0.159942626953125
-0.221435546875 0.74462890625 -0.229248046875 0.24127197265625
0.09564208984375 0.66839599609375 -0.00650024414062501 0.242340087890625
0.51165771484375 0.45343017578125 0.103897094726563 0.0380630493164063
0.546234130859375 0.032684326171875 -0.00112533569335934 -0.0114660263061523
0.415313720703125 -0.292266845703125 -0.0197830200195312 0.0682830810546875
0.1273193359375 -0.4154052734375 -0.03240966796875 0.159866333007812
-0.0433349609375 -0.4244384765625 0.049407958984375 0.200973510742187
-0.026153564453125 -0.4697265625 0.0943603515625 0.202072143554687
-0.04791259765625 -0.4520263671875 0.0708465576171875 0.196182250976562
0.16192626953125 -0.364471435546875 -0.0215606689453125 0.24810791015625
0.383056640625 -0.247314453125 -0.1055908203125 0.202362060546875
0.51873779296875 0.05303955078125 -0.21148681640625 0.0480194091796875
0.355682373046875 0.53399658203125 -0.1259765625 -0.112586975097656
0.00103759765625006 0.63720703125 0.0657958984375 -0.106903076171875
-0.3099365234375 0.724609375 0.037445068359375 0.0589981079101563
-0.1434326171875 0.5855712890625 -0.300628662109375 0.44793701171875
0.10321044921875 0.510894775390625 0.018890380859375 0.38909912109375
0.393280029296875 0.32440185546875 0.104812622070313 0.0795745849609375
0.395355224609375 0.009552001953125 -0.0284328460693359 0.0288219451904297
0.3011474609375 -0.2154541015625 -0.0783309936523437 0.132087707519531
0.1025390625 -0.310577392578125 -0.057037353515625 0.28173828125
-0.012542724609375 -0.31329345703125 0.095916748046875 0.339752197265625
-0.00439453124999999 -0.3433837890625 0.145477294921875 0.327850341796875
-0.012908935546875 -0.33209228515625 0.109893798828125 0.328643798828125
0.138259887695312 -0.243743896484375 -0.0364990234375 0.34979248046875
0.274032592773437 -0.141571044921875 -0.146621704101562 0.242721557617188
0.336517333984375 0.069091796875 -0.2066650390625 0.076141357421875
0.212615966796875 0.376495361328125 -0.099822998046875 -0.068603515625
-0.021392822265625 0.4381103515625 0.0712356567382813 0.0196380615234375
-0.23590087890625 0.539520263671875 -0.073211669921875 0.242446899414063
-0.047698974609375 0.331024169921875 -0.34869384765625 0.60009765625
0.0912017822265625 0.2716064453125 0.03143310546875 0.499298095703125
0.20880126953125 0.142471313476563 0.103317260742188 0.125480651855469
0.180191040039063 -0.01458740234375 -0.0311813354492187 0.0645027160644531
0.138603210449219 -0.102470397949219 -0.113800048828125 0.162094116210937
0.0598602294921875 -0.15350341796875 -0.07086181640625 0.349517822265625
0.0185699462890625 -0.151763916015625 0.126068115234375 0.4244384765625
0.017364501953125 -0.16473388671875 0.174530029296875 0.4053955078125
0.020660400390625 -0.166366577148438 0.130126953125 0.41009521484375
0.0938644409179687 -0.0980987548828125 -0.050872802734375 0.3958740234375
0.134262084960938 -0.0314712524414063 -0.173965454101562 0.243545532226563
0.128662109375 0.0643692016601563 -0.186050415039063 0.08251953125
0.06646728515625 0.175308227539062 -0.07440185546875 -0.0394363403320312
-0.0256805419921875 0.196044921875 0.0638198852539063 0.107414245605469
-0.121368408203125 0.28717041015625 -0.149932861328125 0.367889404296875
0.0344351135926165 0.0977204165228994 0.482250615398566 -0.174100151958511
0.0705711413857195 0.000652366234193187 0.171389779268176 -0.203602698778247
-4.47942928998024E-06 -0.0698927722182831 -0.015682961800558 0.059850413034577
-0.0743127416833441 -0.0507683662186564 0.117735704865288 0.154770626959607
-0.0793287421807403 0.0508870531615475 0.310411140495284 0.0928224843421827
-0.0174697428645747 0.0873342167526593 0.4023492410326 -0.0937702608814479
0.0151725519306339 0.0916472244555304 0.380491403344675 -0.292679787470873
0.018176214977531 0.0754784039282201 0.319531139191985 -0.379082025984395
0.0127078729951993 0.0706641522828778 0.351380618945261 -0.308808271452296
-0.0125802414566523 0.0590358048910635 0.34831528107812 -0.151679360300805
-0.0479510652833933 0.0138829955148083 0.232695474017547 0.00761865989806863
-0.0260930890216088 -0.0467065499815266 0.108593248843744 -0.046150634613042
0.0422013647000787 -0.0064589488036262 0.113024757151838 -0.181171687792011
0.0178117469236744 0.0508018270916478 0.40198657643863 -0.250302425343
-0.0440140240150232 0.0785231892708241 0.765168812681702 -0.0164767384426245
0.313171265735278 0.0354818823479321 0.420096939579906 -0.21582956961338
0.260450616846072 -0.134435510133359 0.129575405913359 -0.231298886440542
0.0738470845106375 -0.286777383270026 -0.0546591419534224 0.0594966189010601
-0.150648943235218 -0.234597249923919 0.0731478138462388 0.16555284684135
-0.248756026260567 -0.00817148119354335 0.283798908173706 0.125149012271722
-0.167984262433979 0.130685825641157 0.376691781649273 -0.0596690338813615
-0.129688195678146 0.194466541159806 0.35970213189713 -0.242873762546454
-0.120972000759027 0.211816439017673 0.302029647272523 -0.325109408670202
-0.144050995640524 0.205865586642008 0.335230602680597 -0.265269799053447
-0.186232070918269 0.113864862928702 0.305054581235305 -0.106282344872661
-0.24514318772778 -0.0281435156397794 0.181173588129565 0.0383871377296825
-0.153882929728513 -0.249248947023761 0.0554216834386422 -0.0664031930951749
0.0754336953921436 -0.278299355020048 0.0974971388664058 -0.21081950314797
0.224416478849325 -0.122526539350936 0.419357502697177 -0.276279668050138
0.264788879517262 0.0166727189742157 0.766202165339932 -0.0558456628338977
0.555232338794488 -0.0401874369071931 0.278634998869923 -0.245749751924692
0.419320924142597 -0.276515871505408 0.0443180326582001 -0.224536431097606
0.122360271774478 -0.48854728680856 -0.087941254757873 0.0767451541647238
-0.231959180313914 -0.394553957124482 0.036520747077863 0.172104385686328
-0.400308033552267 -0.0592213345610938 0.239448618134227 0.138343027356588
-0.299137920421805 0.162510413018219 0.305066375022724 -0.0261811076346242
-0.25646297242427 0.270644338940931 0.284892497113816 -0.160073131094357
-0.241547742012285 0.315491674944447 0.238416979309364 -0.220760751522964
-0.277791950846108 0.308622648098548 0.265001642567304 -0.178468820740935
-0.332416034901493 0.150503886010156 0.209410117714368 -0.0433295662465986
-0.411239617186314 -0.0683131672334951 0.0888374709828904 0.0612494942503258
-0.268545629947569 -0.423489243809935 -0.0183742331637033 -0.0900294279125534
0.0946462705599899 -0.517060132159763 0.0665375607855096 -0.234089520476939
0.401639672578403 -0.285283912687591 0.39149225909973 -0.277658627207753
0.534410155260589 -0.0456487884723478 0.669373775480622 -0.0780386355958305
0.725386197540333 -0.125497079952313 0.0740251515003249 -0.249590566161138
0.522242865437412 -0.416788856979831 -0.0777287466329698 -0.172789613275332
0.13095604228131 -0.657147807444459 -0.114672057206913 0.11260521858055
-0.316669950205231 -0.510117035161178 0.0047495942487738 0.172490450996965
-0.518815514055442 -0.0893230310439788 0.170975598605379 0.134857087156532
-0.391866559863397 0.181308456745579 0.192834930530295 0.0102556611435664
-0.346392827399951 0.31175931589897 0.168467621370384 -0.0540557732652811
-0.323952838122899 0.372112394487121 0.13869203376558 -0.0823094260229822
-0.365222283298595 0.359867269955193 0.156013919186806 -0.060796612045855
-0.426581733357179 0.162348248587849 0.0769372457934728 0.0328969098874293
-0.515288543467096 -0.0983843381343811 -0.0297830124256058 0.077678564786872
-0.341562184929284 -0.536476297890984 -0.103972339108662 -0.108772600880772
0.100768447060775 -0.681708027930983 0.0246703459740213 -0.23945365895243
0.515471952508529 -0.401002653079981 0.317830365859019 -0.2360777464227
0.717785882428148 -0.0952696131512335 0.487956664241907 -0.0773485326991154
0.796509500803993 -0.199752648806907 -0.167819284453485 -0.219757564318939
0.550550859700984 -0.516601930994299 -0.217871512316699 -0.0784207724721627
0.104260998921629 -0.745949403836835 -0.133402284277869 0.155155164609609
-0.372728791625137 -0.551907565518199 -0.0299380928882589 0.16016343172048
-0.570899216175095 -0.0987833930467154 0.0739907104391199 0.119256921123828
-0.431176110454959 0.178617189274521 0.0479120174308789 0.0514970670079403
-0.384104840829747 0.306701864386732 0.0247696344781123 0.0623896704201537
-0.357621484479698 0.372186761737509 0.0183161140090837 0.0687974723640254
-0.397327931336948 0.356318348301579 0.0224578136271281 0.0679825015864087
-0.448489078709254 0.141484471997062 -0.0719136477229076 0.105375590721559
-0.527816873421147 -0.117456773057063 -0.155024767396274 0.0811183787375683
-0.344089166151114 -0.562255304915796 -0.180907550823577 -0.118981990361607
0.101533377157771 -0.720121560452621 -0.0165775428135931 -0.218130103093409
0.542083717337672 -0.436388984470507 0.210815470562823 -0.15997313449827
0.784028951808061 -0.122813788378225 0.252932433631183 -0.0524445757632938
0.747364998279027 -0.246275223374676 -0.412443597926168 -0.157851495503728
0.486281632140811 -0.53323335543446 -0.35121961134522 0.0434814101359112
0.0667397302339667 -0.70528856213258 -0.140560270742608 0.18583785636312
-0.362409482386998 -0.497756377474423 -0.0659649911323403 0.131843886170357
-0.523951920077357 -0.0939520405929756 -0.0402228526964469 0.0927724649953742
-0.398302788955478 0.147281264129624 -0.106978557012169 0.0891678995068105
-0.363608084498884 0.253812524117432 -0.12421402521877 0.17272542117286
-0.33481454025044 0.312667492850026 -0.105939586704573 0.209313159481137
-0.36537106213079 0.29090774800545 -0.114612476645019 0.185170184962576
-0.399533967380221 0.092402412629899 -0.209579545143428 0.158831232735537
-0.440912117568188 -0.124992300414491 -0.257804087908804 0.0636129529076221
-0.265156418963532 -0.487811431108871 -0.225004176611519 -0.12512302305107
0.107304614181223 -0.616862529823457 -0.0391509308841211 -0.179420042026851
0.480466381787734 -0.372857663705535 0.0987169196254545 -0.0650840388918333
0.719451130574045 -0.120862321834385 0.00545047825841714 -0.0127542394689973
0.582994058901382 -0.248043202986836 -0.619081510514677 -0.0814749284388637
0.346404334730118 -0.45222272429453 -0.453720772185231 0.161006426190951
0.0269555737996244 -0.53136191257445 -0.136217860005061 0.197665078654009
-0.272751241849759 -0.354714902755729 -0.0915751580970364 0.0908434499103385
-0.377451379177945 -0.0743550396754846 -0.142044509476416 0.0542087090807468
-0.296752453384996 0.0897588879299814 -0.242140770569548 0.112186127118688
-0.283256472242976 0.159152404669497 -0.255291003251811 0.256653868268302
-0.262617494160654 0.205642080362827 -0.214818993923472 0.317989732231058
-0.28183926698768 0.182074602719407 -0.235114997714834 0.270538061921675
-0.288919765004047 0.0273455636303994 -0.31155323916949 0.180083311487354
-0.284568397967393 -0.118382006323573 -0.317254367520766 0.023771947326864
-0.137411566136992 -0.340635250154059 -0.225917462659121 -0.128029169912087
0.10450466347702 -0.410280469816086 -0.0387692928852922 -0.13368046922393
0.342981395094324 -0.245497511562736 0.00143347974123553 0.021144037760386
0.542628781760506 -0.0956777377339 -0.210841848156597 0.0311270877330029
0.32746172114928 -0.211068279454843 -0.754386719268506 -0.00255694605507431
0.151882873095236 -0.2965968808036 -0.511456148183487 0.256033819193428
-0.0180114609421682 -0.271791334082482 -0.118207514375216 0.199272793086064
-0.140256814821086 -0.153170592135632 -0.0912771867284821 0.0530766748206016
-0.170368721269662 -0.0426396337381613 -0.203901629675017 0.00965558009199411
-0.145403396069928 0.0165094109204716 -0.332015535274803 0.113751614098041
-0.15633615017709 0.0394977610295447 -0.346368058317226 0.298429493488879
-0.148234816951653 0.0676082279856181 -0.292640118901222 0.378419610761309
-0.156794575785279 0.0491437092943734 -0.318773119247716 0.313458812458373
-0.144727505404563 -0.0340820576436375 -0.365824740212546 0.169415437524714
-0.105139991303302 -0.0896228214491588 -0.32842799930923 -0.026102072625299
-0.0128445355826287 -0.156874876682055 -0.193078771362621 -0.12727450375252
0.0732502203165168 -0.168078995618697 -0.0238363863535493 -0.093964965661654
0.160776698418232 -0.103552999001424 -0.0673728483414386 0.0835986673205461
0.290953028313829 -0.0679367566695426 -0.365884697142896 0.0722827317656459
0.0382440395445845 0.0965675868347848 0.479533743794222 -0.195286309223104
0.0706756254100412 -0.00360644469004078 0.159932685257856 -0.211506873541832
-0.00216571869456304 -0.0696514528687263 -0.0135806386576263 0.0606796476386523
-0.0768791974948032 -0.0479621382536283 0.126253319656045 0.149822285385996
-0.0766975450444199 0.0544219877573146 0.318274746189822 0.0753771780577199
-0.0135185028871003 0.0882988809231528 0.401881066322296 -0.118851233602902
0.0206975440988327 0.0906397424544317 0.363965787174476 -0.318341963112569
0.0237567268223842 0.0749393900414598 0.296221194458568 -0.401099058872909
0.0172791652980088 0.0712659002913394 0.336004616866979 -0.334680173946814
-0.00789952325037219 0.059876669035162 0.34246205994772 -0.175391990348859
-0.0467349712969142 0.017435739968277 0.237526114601301 -0.00529941543499375
-0.029468414176497 -0.0443986817885705 0.104483742435116 -0.0517671131249973
0.0422855279251204 -0.0081525414542857 0.101454005692477 -0.185781106089137
0.0206959146077027 0.0509233126582485 0.390563523981889 -0.268596032943216
-0.0421372393288438 0.0813164251135305 0.774582217685291 -0.0538928769353306
0.317000639142403 0.019766112601808 0.413912253224834 -0.235339411990547
0.25518278629617 -0.148275405448929 0.117170636170871 -0.237020527837668
0.0590749039708647 -0.291122505951009 -0.0517565002234345 0.0614995741103882
-0.164044156735279 -0.229368026370015 0.0815924389154543 0.162379180651881
-0.250383904607451 0.00471547651504757 0.294466562545948 0.108473745637353
-0.162736723947853 0.139498118451499 0.377730491917178 -0.0835523858632321
-0.120938848297071 0.202148302358633 0.346471268333091 -0.26654741797159
-0.108355747733315 0.221989903758668 0.282355978577882 -0.346825951899021
-0.133481359852467 0.21764813015641 0.320316079171778 -0.289902986284173
-0.1818940768059 0.123957549181757 0.301857819640525 -0.127124303849475
-0.249345936968135 -0.01404031082956 0.187583961731174 0.0277167450365265
-0.170614258045548 -0.243870093343826 0.0488181342558367 -0.0682317564567785
0.0607462348706262 -0.284693608171664 0.0864469745569129 -0.214977640165774
0.220724782401425 -0.134933351488791 0.409737933632901 -0.297671680023411
0.267767260697404 0.00193187469841383 0.773615827722889 -0.0959054514659747
0.555404076662831 -0.0686110283464505 0.270530929358475 -0.25856353543626
0.40813493635662 -0.298561467251742 0.0323614549060777 -0.225214642658571
0.0971771597013558 -0.499001500940378 -0.084139700706288 0.0812073175393512
-0.254583027538574 -0.387851048269989 0.0453767163572839 0.170088736877861
-0.406210616031701 -0.0369329755707996 0.251735091236861 0.12399566182463
-0.292780815895743 0.178385766499693 0.307634793561093 -0.0451857119164951
-0.244671141025649 0.287094856751248 0.276817056361839 -0.179417230511144
-0.224137572421706 0.334123964083272 0.223795371828133 -0.237048625088759
-0.262856159643031 0.32851833722407 0.255312401847742 -0.197653177184455
-0.32864000260745 0.168015045316299 0.208392259495777 -0.056610030539234
-0.419390385530517 -0.0448612597597494 0.0961323431889933 0.0557219455419365
-0.293714316140741 -0.414609134100835 -0.0274237708660443 -0.0882681232444979
0.067621202679945 -0.528164466345063 0.0556673970022335 -0.237944640319628
0.391078044851645 -0.308534511743733 0.381729883225618 -0.297012207468279
0.538133372414143 -0.0755231688305015 0.67341733692073 -0.111639808160767
0.723863536632084 -0.163579401446279 0.064016162777167 -0.2538793998724
0.50517178075583 -0.443819343487742 -0.086471407872884 -0.167210938534596
0.0964320612140857 -0.667594774128316 -0.107596492395213 0.117950089626611
-0.345689988183304 -0.499296979287282 0.0137117432557574 0.171052031646058
-0.526761676381589 -0.0591374432913918 0.183096785570337 0.123515621965635
-0.388090160045563 0.202268660492718 0.196135247883713 -0.000685798113017237
-0.333123353454268 0.332643105233421 0.166326349454547 -0.0653761674509253
-0.305515937632143 0.396795064601332 0.133763119329072 -0.0915059854006825
-0.348204173118292 0.386051078233549 0.150856565390696 -0.0725062522214896
-0.422691914006875 0.183018484576915 0.0788944594283734 0.0274438424094631
-0.525383153768647 -0.0694409941119283 -0.023715339499993 0.0781270692824062
-0.37513206797345 -0.526310574358799 -0.115111742133064 -0.102796349450579
0.0643592661346036 -0.694553968925242 0.0138200984648011 -0.241937474439168
0.502272082315678 -0.430394122487297 0.309944769682414 -0.257060794018125
0.721888706362712 -0.134970043749589 0.489323545542057 -0.102037084913414
0.792431264256712 -0.242385011775314 -0.177597873459678 -0.213152236470727
0.526988242376128 -0.546415441977471 -0.222596553091683 -0.0643936813422244
0.0632537459676144 -0.757457618772761 -0.123169647671682 0.162542230890934
-0.405874259653815 -0.539755667665322 -0.0213354428993089 0.161188863592358
-0.581719211728533 -0.0657396103495485 0.0842806078526272 0.11333038345562
-0.42680916543772 0.202778721536134 0.0520788310853175 0.0484268264510428
-0.372468172500328 0.331324176880444 0.0297105675363425 0.0614108985742579
-0.337778732055082 0.399618844898294 0.0226155843017208 0.0681937125542252
-0.379857968868766 0.382635895527674 0.0238847511704308 0.0661430879267501
-0.446953518097656 0.166181189869413 -0.0666498075960767 0.110497512817694
-0.538188272891884 -0.0886116063595625 -0.150777095237656 0.0888072502785194
-0.380465261185096 -0.550946431414675 -0.19281227960943 -0.108671681546613
0.0650761270055989 -0.733426043276804 -0.0257804244589452 -0.221093159371883
0.525641412390939 -0.46700310853409 0.206672636667361 -0.175394658220551
0.786225609818734 -0.166955944277433 0.250619173684324 -0.065030541015843
0.741730981893285 -0.287567117569627 -0.421483013968628 -0.140958465479546
0.464471511801651 -0.561769022292076 -0.349938251678076 0.0637440135675308
0.0267208269691547 -0.717208071941108 -0.129061513520764 0.194875196785435
-0.394230954684784 -0.483379711200252 -0.0578300300160814 0.134270451418146
-0.533212113218972 -0.0618757788683347 -0.0322189081120123 0.0936572038482655
-0.396191405225637 0.169681137887712 -0.102455709571861 0.0956524359991077
-0.355012585207618 0.277066568519199 -0.113319155891436 0.181709269380241
-0.320964696977836 0.337756462698854 -0.0931975560504992 0.217368425975413
-0.352353601118877 0.315580220931667 -0.107204910796798 0.193029062312824
-0.400336824282716 0.113172455112718 -0.2023685775131 0.173236701546857
-0.452533057858723 -0.102787036012479 -0.256643620555379 0.0772075300176031
-0.296275642231957 -0.481992585430228 -0.236927755786032 -0.11227079140948
0.0753830549165201 -0.629021021899383 -0.0466498153677822 -0.181680804910387
0.465969048991908 -0.40090830212058 0.0978102550032198 -0.0760192108421652
0.722372223352135 -0.161186406366805 0.00209276121517196 -0.0124699317706338
0.57655810331353 -0.281871426485293 -0.627165517387899 -0.0546524121278833
0.327241033100874 -0.470534450331493 -0.445530431956123 0.187337941484273
-0.00284563629313829 -0.538682303792255 -0.123393956891335 0.206515890745137
-0.294004586580297 -0.345141940469425 -0.0859096707992712 0.0943273867082809
-0.386075704209079 -0.0509134370610583 -0.138181777142828 0.0609057744943152
-0.296266698616431 0.106310152251405 -0.238766632475389 0.127568849880844
-0.280224131162505 0.177787469134118 -0.238919091423201 0.274776341260488
-0.252919546377642 0.224549723359527 -0.196064519180689 0.334231198666547
-0.273198281141463 0.199014525685798 -0.222619208505273 0.286832306728798
-0.292811025414229 0.041887424799543 -0.304322847578742 0.20132880184285
-0.29389594293259 -0.104334175830239 -0.319268623902105 0.0408941121607983
-0.157951551495553 -0.339237471641246 -0.236559786321464 -0.115798708419764
0.0819030127894364 -0.419312344877826 -0.0438213175125686 -0.137352321776283
0.333648495417571 -0.263983069307262 0.00406088854439973 0.0158197929977551
0.543976268801578 -0.128484085871351 -0.21508652746936 0.0423616134057772
0.320792071686054 -0.229756016046393 -0.759319843912058 0.0289129162581102
0.140088013791416 -0.306312322372678 -0.500385130570213 0.28417413919945
-0.0324985943253731 -0.275005783346327 -0.106456944160605 0.207466071962367
-0.149292974241897 -0.148213020313122 -0.0877294082049325 0.0566882172583389
-0.175325192586765 -0.0312956301174447 -0.20560509991078 0.0199560421414074
-0.14676138953214 0.0252332211586621 -0.329804500931948 0.134270625233825
-0.157883099261447 0.0497307061485978 -0.327812540130212 0.322294482247001
-0.146894321907377 0.078360021615537 -0.269773497465089 0.398863062119218
-0.155612248804524 0.0574981210707471 -0.302461332701097 0.336257549253748
-0.149446158735936 -0.0277823295270731 -0.359265283643746 0.193554165036834
-0.11144691340305 -0.0851305230262447 -0.334304866760416 -0.00808447447613503
-0.0221595283210759 -0.159790459922068 -0.201428209129873 -0.116921573243398
0.0633131675007847 -0.173651371729631 -0.0269796943442866 -0.0974535424819605
0.156824121034411 -0.112702180909143 -0.0628868241912138 0.0824095206686973
0.291220906986231 -0.0854867679801525 -0.369261690432069 0.0914770156428431
0.0422595786239671 0.0938331607824087 0.465330883641127 -0.212629433478067
0.0687411638509822 -0.00723899356321257 0.14594694845306 -0.213531857639471
-0.00374402390838513 -0.0681742483653594 -0.0119835703911282 0.0611078975629583
-0.0782766762975727 -0.0441086575303009 0.132561341784377 0.142086747007879
-0.0732218777755526 0.0564958172190578 0.319780916124359 0.0567711480343017
-0.0090027649519147 0.0865986380897642 0.392308915338801 -0.139969762291113
0.0251634543178742 0.0871080584147698 0.340636241941205 -0.334678948804736
0.0283907176063933 0.0727176317342547 0.267493061018129 -0.411887364230256
0.0211438050047212 0.0701970603204031 0.313131064782086 -0.351273108620125
-0.00391809751591584 0.0590772209041179 0.328148040375776 -0.194449217325484
-0.0445885875449639 0.0204233031304017 0.236852549386679 -0.0176304965409139
-0.0316912942279354 -0.0403479955982222 0.0986061269762373 -0.0552257222207116
0.0415764768466145 -0.010409308943211 0.0896974615254042 -0.184947727481165
0.0220471663023566 0.0499641084212178 0.375030363846674 -0.280754329949457
-0.038870199678494 0.0821284131734204 0.765636112101054 -0.0885504027576804
0.313393117903849 0.00395756639000795 0.399788859875888 -0.248179205742841
0.244147371074498 -0.15815123340295 0.102626087811741 -0.235574206091898
0.0450256957490191 -0.290694687643164 -0.048535539446146 0.0633153512723676
-0.172390811563416 -0.219596692295639 0.0881430157172405 0.155087966611306
-0.246749621357246 0.0170524308331408 0.297895797424889 0.08985862168404
-0.154743109660535 0.144492217030483 0.369572499727611 -0.103998540116205
-0.10962053445547 0.205408844814134 0.325925847802609 -0.28294004533563
-0.0941676527173847 0.226152146946041 0.25587698541847 -0.357205155180901
-0.119734986351045 0.223047928710343 0.299042027325728 -0.30560355600491
-0.173347069461008 0.130471112624329 0.290432178472486 -0.144276619997793
-0.246330959401341 -0.00123960946145891 0.189174720425021 0.0170911313968286
-0.18263062690283 -0.232347928289137 0.0422199749595926 -0.0686642320147049
0.0460759790921253 -0.285423528741929 0.0749592243977251 -0.213376935298464
0.212394392152905 -0.143601823297841 0.3925559226195 -0.311418444777232
0.264907738051444 -0.0117383349669817 0.761750137236158 -0.129179821186208
0.546284351691614 -0.0936792342779642 0.257563972916607 -0.266983080930223
0.390613632798838 -0.311639925626448 0.0208636277763943 -0.220879355190384
0.0706297475166308 -0.494465855284597 -0.0769708945353357 0.0834530712987937
-0.270813471956523 -0.370835170478404 0.0526648764259222 0.164753521400496
-0.402265112968403 -0.0147102723587981 0.256916491476026 0.106344207192813
-0.282398856280975 0.189670573704345 0.302939636972241 -0.0612138049329796
-0.22841884896962 0.296263255065572 0.262105229707984 -0.192301032815294
-0.20305498882658 0.344699644537847 0.206008857029492 -0.246634102030684
-0.241701581177461 0.33973917092143 0.23887961611856 -0.210724323605159
-0.317411618120606 0.18143169230755 0.201740027109549 -0.0686643568660181
-0.416194386675125 -0.0223917102286971 0.0997749676960692 0.0483831678726331
-0.314964948293864 -0.396323744963885 -0.0349532203097589 -0.0836578558396461
0.041445325626139 -0.527436626370544 0.0441578669160765 -0.235972823991688
0.374007557098348 -0.322692540710519 0.364688861284989 -0.31255493383904
0.530666006938416 -0.102591786415769 0.661024212572565 -0.140980955947479
0.705680135486625 -0.1961359798935 0.0542546231909058 -0.252834077191951
0.479022979232182 -0.459446588490614 -0.091936149342336 -0.158422361526261
0.0608187774545725 -0.664124394164464 -0.0983207733464113 0.121344277591033
-0.366548243260497 -0.478528836338806 0.0213039859957094 0.167001184361392
-0.522431447647092 -0.0311820748637599 0.189348114995101 0.10945748848253
-0.374381227365318 0.218698159841434 0.19445857072318 -0.0124292342765136
-0.314217739266533 0.348103609786078 0.160725963935855 -0.0743771510378086
-0.27995475760786 0.410934388574453 0.12492846226304 -0.0979139160850558
-0.322507104053917 0.401348433692806 0.142329663557568 -0.0811466316007662
-0.41137696754232 0.201599690106614 0.0780161683095159 0.0229381469580964
-0.523516447890958 -0.041350735747688 -0.0183575882527662 0.0763960080913295
-0.400175777656007 -0.503783762053196 -0.122016872235605 -0.0933205559689436
0.0289292918995739 -0.692027191324999 0.00324373237430902 -0.239479048317158
0.476676888131557 -0.448706386481578 0.295502106415792 -0.270625710070997
0.709755938347919 -0.170254729725015 0.4787109610931 -0.12167918503053
0.77150713019188 -0.275571265895904 -0.18343310900769 -0.203789499186159
0.495018221537226 -0.563044175915567 -0.221002605842116 -0.0505352178666922
0.023647726726469 -0.752956695181199 -0.11123335718579 0.165591132146643
-0.427240371662832 -0.514932118745989 -0.0135986206312215 0.15770729834459
-0.575576867243801 -0.0336064497846769 0.0915634547923333 0.104157283543214
-0.412553996030112 0.222471746162412 0.0549061394933263 0.0439997922064868
-0.354137622955296 0.348708327310016 0.0336949309904504 0.058145117829204
-0.312818881588583 0.415221311399111 0.0257225869112669 0.0658046669635005
-0.35358904072359 0.399979287761277 0.0242554060799035 0.0631755218081001
-0.437798391167524 0.184774116718017 -0.0607343114517265 0.113584575269053
-0.537468380168914 -0.0599017573146728 -0.144011609198661 0.0935767376888093
-0.405267674311985 -0.530509827239115 -0.19943597292072 -0.0959870002501744
0.0272769148355997 -0.729261522898014 -0.0346189659185129 -0.219194830510485
0.50003990660568 -0.484881762780668 0.196945798728532 -0.187334993670075
0.771587411753057 -0.204654482506457 0.243176518397825 -0.0751763479146433
0.720098075812743 -0.317591136739789 -0.420738924212222 -0.122920163777175
0.43518200999331 -0.576185291758595 -0.339851358619679 0.0805961339780589
-0.0103193226173582 -0.710126735138589 -0.115076206019334 0.197146820377163
-0.411183472442394 -0.461809970987075 -0.0516027970239045 0.132407511535586
-0.529635057452719 -0.0300598729383623 -0.0248648009224113 0.0900673604191224
-0.384932931477286 0.187845120375135 -0.0966085361555959 0.0998583273488104
-0.340115833964777 0.294312185174162 -0.0991591400579658 0.185284069042758
-0.298186507523648 0.354277115724464 -0.0779579874799987 0.219160400672499
-0.331041045442229 0.332390061826803 -0.0972387095033707 0.196649016076277
-0.392580645152312 0.130843280165166 -0.190353232178839 0.183470022276546
-0.452882823802404 -0.0785552308657486 -0.250122539169587 0.0881973304215469
-0.318089573871575 -0.463843773248143 -0.241860759094418 -0.0977483832916754
0.0423665340334146 -0.62683878859334 -0.0532459997734226 -0.180364533506228
0.442206769843826 -0.417634229309491 0.0930148464647359 -0.0852953057180035
0.708317373201756 -0.19559270511863 -0.00129186718810197 -0.0111958699222672
0.55780742107399 -0.305924899510237 -0.621749140372489 -0.0302247328790118
0.304088493354154 -0.480310505250109 -0.429112795598755 0.20481609136123
-0.0313715943243222 -0.535352253154873 -0.109367229988436 0.209417711270219
-0.307601018566671 -0.328930373918274 -0.0805714162864431 0.0951928259633539
-0.383862683954743 -0.0281865970107681 -0.132333969843859 0.0650899397179479
-0.289703045078969 0.120642842089231 -0.230262624416579 0.138009745960009
-0.270244009224115 0.192293616201358 -0.218718254346048 0.28425959241685
-0.23856615346248 0.237792564736883 -0.171861823706839 0.340269328098769
-0.260013769369294 0.211969203959093 -0.204424399904941 0.296946398041957
-0.289114472080399 0.0554790472429293 -0.289643054191399 0.216766723615085
-0.295703753140528 -0.0884721487483438 -0.314401113669666 0.0566278455959711
-0.174776563943639 -0.32969138897689 -0.240589939723067 -0.101701023468441
0.0583825061801497 -0.419564362657128 -0.049027327761351 -0.137783583699386
0.317612549464724 -0.275586959602285 0.00435150333747625 0.00975210322096723
0.533693778713838 -0.154192097075355 -0.213965658764657 0.0525901579242502
0.308301139327661 -0.241575295798605 -0.747933698785545 0.0589937762981493
0.126943180341439 -0.309169438510658 -0.479258666774674 0.302941488024102
-0.0467268385637197 -0.272433773188729 -0.0931579381112023 0.209742005246926
-0.154524796363407 -0.139404083386383 -0.0832099920379923 0.0578664007275502
-0.174947861684942 -0.0201914173178787 -0.201683393599874 0.0287068566861053
-0.145068897797522 0.0326315041372082 -0.321057912505816 0.150478499394345
-0.155598504912319 0.0593221887958445 -0.304413157540558 0.337176247959559
-0.142114496641455 0.0861542122757021 -0.241266632091103 0.408068291757596
-0.15112501924004 0.0647872719345472 -0.279967036434442 0.349618724219291
-0.150705007392895 -0.0199628207769711 -0.344499865719408 0.212537620107548
-0.114776694142688 -0.0788169289264433 -0.333326894340717 0.00997380209556266
-0.0306750836921053 -0.158263133780591 -0.20458036031132 -0.105420602546235
0.0529544454887062 -0.174466793533439 -0.031897337804801 -0.0996885743112128
0.149902543059567 -0.117720270049239 -0.0588759307819407 0.0788949689932167
0.284876681336528 -0.100169188271161 -0.364082648192178 0.109190273586305
0.0719411629793508 0.0684454043523058 0.363335767263031 -0.349140988431872
0.0599616333238386 -0.0331658272346276 0.0656918329960361 -0.240261077032178
-0.025176255164531 -0.0620090466582474 0.0126785708265072 0.0629431810238277
-0.0867278648722203 -0.0126903888166695 0.174245790705125 0.0845687579165778
-0.045278629176276 0.075816097135404 0.314637911642798 -0.0576205480270162
0.0244308708011146 0.0798209478429708 0.312866906171972 -0.266357707771025
0.0552981014250939 0.06957838940518 0.194181822979009 -0.42787312961615
0.0506431861607754 0.0540923806372643 0.0985537105317466 -0.4671184406229
0.0438747463202016 0.0571069303538202 0.167512258020506 -0.428914005152454
0.0151765443135552 0.0542488025658666 0.238091090990013 -0.289111354797935
-0.0327520491984799 0.0336303212723423 0.213471512160356 -0.0961948264053483
-0.0420192410295742 -0.0253170896012509 0.0725575935921823 -0.0802728876019021
0.0347803930178284 -0.0233654338511045 0.0232577507977288 -0.196455946263967
0.0325104407117237 0.0417778459511426 0.263277735807581 -0.377341457968509
-0.0158123550715544 0.0917685304318937 0.680013060573442 -0.312688267764839
0.296935209353288 -0.110291726629496 0.286948841937114 -0.35149652199
0.171156178828195 -0.235866731636483 0.0194349883111017 -0.235117238027704
-0.0585769836163775 -0.284500368301267 -0.00785052929787455 0.082963353033191
-0.237834709425923 -0.139235098479282 0.148447849072665 0.108980080829774
-0.217904601898 0.0985897070145101 0.308930372564995 -0.0267628119960579
-0.0900342441554382 0.18113175065649 0.303943922654103 -0.231088432471493
-0.0316767001939155 0.227472540423565 0.200873322221417 -0.381598582838192
-0.0110142276920742 0.235239766311948 0.10474592950193 -0.417891296539294
-0.033743156629273 0.244378149838637 0.167707441114557 -0.383838816414808
-0.118918123090235 0.175819123687808 0.221173452584127 -0.23348858566782
-0.226033424265645 0.0811771840656275 0.184675987507183 -0.0526681152562621
-0.245719699260585 -0.154587383513809 0.0206197622758548 -0.0709876960392367
-0.0516372811997461 -0.278994851457201 -0.00144261236446024 -0.21376010366997
0.146604880071088 -0.20041367296998 0.264186437313154 -0.412462436390449
0.240634617984686 -0.0926350324686206 0.655954543591471 -0.354241839141188
0.481203787862462 -0.283876838857058 0.145981676799792 -0.311380380486515
0.251954983594782 -0.430979453290253 -0.0487720449147208 -0.183873658471623
-0.106655647646376 -0.482269541081289 -0.0159721784689674 0.115533258817259
-0.382204632008922 -0.244550955297294 0.128379838131717 0.126585776026487
-0.370993935717462 0.121826292003402 0.280454569459723 -0.00562170430466277
-0.193056943412743 0.265090839016139 0.256093911208632 -0.17412312079154
-0.112921322263709 0.354582098510084 0.177335390322254 -0.281130538052653
-0.0706457178655933 0.380690409302052 0.0953267122160189 -0.302621728390169
-0.10649670060062 0.392136146439886 0.14309421328791 -0.277973203085472
-0.23560040736374 0.269681807093376 0.166486426520387 -0.13661040871361
-0.389676355206549 0.116987974519235 0.115830932748225 0.00283096424178753
-0.423097811558789 -0.263822843223512 -0.0522535852452379 -0.0575321381766063
-0.135062411385127 -0.500544916697631 -0.0386268604452788 -0.221666660964136
0.237259409285476 -0.419709517433394 0.23464366547598 -0.405019194713282
0.461739210223836 -0.260566432510449 0.553310918386388 -0.340341486986905
0.596979719245627 -0.433360342227268 -0.0403998774878045 -0.22673193589365
0.284127879799596 -0.600885692402452 -0.12963117368728 -0.0815661737710249
-0.177504891996604 -0.634911179682243 -0.0119572212835104 0.159731270429213
-0.509039236525934 -0.305975550050776 0.108261669006395 0.134738359168178
-0.486809168514637 0.148798914771802 0.220888155586054 0.0145297162456143
-0.268646956054133 0.32283179053304 0.171883854304483 -0.0958069687539941
-0.177084221193238 0.433776608005781 0.127472439840932 -0.139743211535079
-0.118694029955323 0.467692761491351 0.0722305791915889 -0.141630704334039
-0.160523036085731 0.474901236348181 0.0968725230198428 -0.127437675215934
-0.31516962537168 0.319838546358902 0.0838490480540451 -0.0132523123268548
-0.494973939587082 0.134236764371221 0.018823254429317 0.0659858178137728
-0.538821962438617 -0.336993219605648 -0.13340797377034 -0.0361911988963811
-0.199260216364817 -0.64865132812877 -0.0791149619397447 -0.209980667992184
0.29231507508602 -0.569770402037179 0.177498491684144 -0.34653406131435
0.610009536975153 -0.382619654566112 0.385586408520929 -0.270396352036526
0.629740958920195 -0.529562658420491 -0.24550243767709 -0.100766102812527
0.265638113992241 -0.702264867435372 -0.21026917007853 0.0626348333700621
-0.242096073116832 -0.702916520088143 -0.00280446904449065 0.203655719500008
-0.579036757884721 -0.319475204493065 0.0756486755695765 0.135246873522353
-0.537465820099688 0.165803608489079 0.129919579116385 0.038901034895665
-0.305832492351912 0.340204834901085 0.061789370378415 0.00329522275682046
-0.215556000922012 0.450172292531381 0.0586542706772727 0.0258156492691564
-0.149225545193285 0.483228740156628 0.0394975246008694 0.0405477871208568
-0.189955082268844 0.484454442808267 0.0377395461617156 0.0441641484497187
-0.344384001482936 0.313259503450925 -0.0139397415508784 0.116603238223311
-0.514176400472413 0.121972246914944 -0.0907802154419525 0.124026048962607
-0.553611613696662 -0.358566633236633 -0.204422307026279 -0.0136821266606867
-0.214945042086002 -0.682733865107484 -0.108683301438661 -0.178846740979333
0.302997449148566 -0.611687382200033 0.109866721990955 -0.240345173453743
0.659566343744159 -0.43637857797576 0.180642859112758 -0.155768984080982
0.566815270871637 -0.551026100910857 -0.439803439903699 0.0507870913448306
0.203691758075793 -0.691774836695618 -0.277072992187631 0.22063286981885
-0.259899485022138 -0.653889068679814 0.00211333066775551 0.231864611386878
-0.546054985873524 -0.276285212280265 0.0291009448296924 0.12422174520757
-0.496299105773123 0.152954657147474 0.0162539246172002 0.0666329637632249
-0.292179119494769 0.301045366287906 -0.0588228680874812 0.108410882555283
-0.220411033216941 0.396295680065408 -0.0191367160522304 0.190947232763659
-0.155610446123228 0.423922024100872 -0.000645456321600834 0.216731189210321
-0.19230352251803 0.414307284727398 -0.0282413721988127 0.207993500407158
-0.320872117348871 0.249773266672192 -0.110603889053706 0.225139008198888
-0.441886248874756 0.0762170198696278 -0.19162008246653 0.156725013615383
-0.450503586486771 -0.326898997334624 -0.245764688238951 -0.00341756281543585
-0.165886360320904 -0.592068482571899 -0.114567196776872 -0.140794449491339
0.273558553478243 -0.530839916822882 0.0465212876160348 -0.114521540817595
0.603242536948657 -0.410466105382316 -0.0244352310498593 -0.0212643337353582
0.417661702562968 -0.47895230499003 -0.59374467133306 0.195751326381179
0.115918351112575 -0.55403376520298 -0.320202627361488 0.35705038557482
-0.217709222685226 -0.485453573992263 0.000745298151443301 0.237014487271152
-0.402072348508876 -0.191856677207352 -0.0197282046438776 0.102620766280967
-0.362945435800869 0.106238015976639 -0.0950594258783094 0.0852652116777921
-0.229284703940253 0.208690056788274 -0.168769947315954 0.195083776101718
-0.191254113593464 0.278180809449909 -0.0944708221777201 0.327700090939722
-0.140576874493277 0.299794554232522 -0.0415753438405805 0.361623102728812
-0.167759857906408 0.280552589571138 -0.0903914133107736 0.337207571198341
-0.249450186512902 0.146127418637807 -0.191657161561763 0.290852211017199
-0.301271572150153 0.0159155547378592 -0.263277551257201 0.152837806114983
-0.272679170926586 -0.249470644420282 -0.249499216673363 -0.0103777679166877
-0.0839018752626946 -0.405041394967336 -0.096028830500343 -0.107696398701815
0.204145452113276 -0.359626662481635 -0.00315821830368083 0.00123503456072271
0.453344398699162 -0.315979565982354 -0.196512458401877 0.105629141393156
0.205048473022292 -0.329847396000903 -0.681195511571697 0.310081625392787
0.011403471797249 -0.328966843821525 -0.336310410825601 0.449611514952763
-0.139003409162082 -0.236683262389534 4.80901120090435E-05 0.226317571252763
-0.193365243870325 -0.0732508681643742 -0.0480163450069558 0.0748840960698544
-0.16863355062024 0.0428958755061121 -0.175260438561803 0.0840817763531593
-0.126314417046951 0.0810724093760119 -0.247340571195533 0.243890496139008
-0.12869663631908 0.11380288286651 -0.156697686489493 0.412038907455495
-0.102132872461539 0.129376961515387 -0.0780340618239232 0.450219821479242
-0.117641634901181 0.109554661864321 -0.141049771026879 0.412208003134034
-0.145252938089554 0.0321676304801392 -0.243874452904338 0.307910367697325
-0.131604533196641 -0.0351000522943046 -0.298181786193419 0.120063432587919
-0.0821725105435261 -0.137836319322437 -0.220346940242681 -0.027480688589841
-0.00944296254054793 -0.177220085093344 -0.06675461276441 -0.0833084901773476
0.100744387019276 -0.158701898846678 -0.0356973999381646 0.0867395437324908
0.23867172870364 -0.187863026491796 -0.31126550940332 0.207813235142182
0.0721360837173193 0.0661220332692236 0.358212920558332 -0.352398380940887
0.0585624623479343 -0.0332869773346477 0.0610203129215217 -0.236441077761094
-0.0248713367032972 -0.0617489607353828 0.0145032718646773 0.0635558357023344
-0.0862618076900242 -0.0114280423481077 0.174206552652767 0.0792719310179663
-0.0436678678046053 0.075180682600893 0.309136139070184 -0.0660151877665559
0.0257401350861598 0.077704130678542 0.304359014948222 -0.273892245117063
0.0556393936447065 0.0664354881871501 0.178711882224972 -0.427909606487421
0.0517177393400555 0.0513103140826416 0.0840398146345975 -0.461677111492517
0.0458689570898662 0.0556392431220216 0.153138959184884 -0.430032378604031
0.0165539509734167 0.052481430699316 0.226470934138998 -0.293572015462333
-0.0308283783427917 0.033656485367972 0.209808886264142 -0.101695256632788
-0.0412533079310796 -0.0229866184686642 0.0694155367401011 -0.079411388423767
0.0339386350406294 -0.0239941717921308 0.020260851969736 -0.19125555946857
0.0317921480482185 0.0413788119905954 0.256389909752413 -0.376187517810132
-0.0161756077480964 0.0920855648689494 0.672091746795187 -0.322529707171196
0.290544632835874 -0.115679131321985 0.281408485526553 -0.35242327949884
0.165414026682138 -0.236267692745141 0.0164477245762122 -0.230141832618966
-0.0634052080964145 -0.279944560122714 -0.00460423306334958 0.0822260781986634
-0.238271233141843 -0.134419762583723 0.148574151719866 0.104210530010015
-0.213230992883401 0.101947105537532 0.305574774463657 -0.0362729238991787
-0.0865084814517868 0.180321150196065 0.29551510436561 -0.238442960235959
-0.0274169677238127 0.226648375496821 0.187778682019896 -0.3812662350902
-0.00353641722816159 0.234201900298408 0.0909408571879292 -0.413124046774195
-0.026371819911927 0.24291949643861 0.153975483626294 -0.385813439141859
-0.115202690459187 0.175940019035801 0.210747405750109 -0.237637026724171
-0.221519471919334 0.0851316824092657 0.181898048044634 -0.0580436742160023
-0.248186818996086 -0.147562792205865 0.017838129872471 -0.0687798940115587
-0.0579154803563189 -0.276655233844932 -0.00344999596592297 -0.209113583454946
0.140552783368018 -0.201311226326932 0.255221521004966 -0.412731208619741
0.235481243665554 -0.0974215707332214 0.646055734116919 -0.363589888724726
0.469963963417811 -0.289623107913242 0.141309511578114 -0.310727972852083
0.242378502697218 -0.430210048000735 -0.0498336426413973 -0.178931016676341
-0.11644748328025 -0.475218434378164 -0.0116086609304666 0.113508015245835
-0.383129274674384 -0.235518254435851 0.128588004179042 0.120579379612273
-0.363714422040604 0.128638262260719 0.277392280060619 -0.0149308144542785
-0.186417174384179 0.265323964441768 0.249038933831481 -0.181352265320854
-0.104965082557361 0.35518379218769 0.167052746408539 -0.282581701295959
-0.0582472865867944 0.380834944537043 0.084123319835741 -0.299620098104992
-0.0946232146788746 0.390945099949384 0.130709384868895 -0.278954820092194
-0.230163520260116 0.271998548977317 0.15989152942078 -0.139832381640729
-0.383506849225918 0.12420206030328 0.114625405331207 -0.000867726317573771
-0.427735706877061 -0.251870915355839 -0.0537829344373094 -0.0529922048952788
-0.145968898079876 -0.495482223391413 -0.0408233074619865 -0.217411002413969
0.227962263497125 -0.41930366559816 0.225909091276621 -0.406268661752215
0.451762352949411 -0.269241599617458 0.543441068146899 -0.344616604727014
0.582118615315902 -0.439242019608314 -0.0427092739769765 -0.224205521644371
0.271406717415965 -0.600452843976 -0.128104967555598 -0.0767981958270008
-0.189004848793502 -0.624618151481347 -0.00660200227373299 0.155788838451692
-0.51213565536863 -0.2956391674417 0.1081021062005 0.129954824833975
-0.477031647297578 0.159253008007662 0.219901933939258 0.00536089196558961
-0.260868838595163 0.324477899854518 0.167271567961743 -0.100306439886085
-0.166861673737314 0.435641156010439 0.121332466058314 -0.14187683010204
-0.103179230459512 0.469034397741288 0.0664328097752285 -0.140961759605202
-0.146263928346937 0.475086953353707 0.08944406526163 -0.12837091287485
-0.309787939139942 0.322703824044822 0.0810424689461312 -0.0144477198415142
-0.48799449449236 0.143038752332404 0.0189841765186631 0.0640158142902314
-0.544691192565559 -0.324159929807149 -0.133785957824759 -0.0303836591859633
-0.21169771310745 -0.640899121902158 -0.0815319354510187 -0.207381145240504
0.281881673643159 -0.572119416524388 0.16939119098858 -0.348156282906817
0.595926272053496 -0.393679048115929 0.375974050954669 -0.272628390318631
0.61174673698604 -0.535711547549226 -0.245019330735514 -0.0970097271900441
0.250686255398965 -0.702384091799332 -0.205683673185744 0.0667189121218892
-0.256539882928649 -0.691920877054019 0.00375214419186266 0.198576255656833
-0.581228621458829 -0.307660944630075 0.0757726199710794 0.131212522428833
-0.527710573523546 0.178059414926606 0.129942914564448 0.0320375657368521
-0.296711310336306 0.343332402892429 0.0599236765932097 0.00123565730254496
-0.203166959097464 0.453204866108838 0.0575389732996041 0.022530609962772
-0.132287696664645 0.484719629364746 0.0384642246127006 0.0381172772683848
-0.175904034594346 0.485122530323707 0.0363856200372931 0.0427581171088443
-0.33939299136449 0.317752405492164 -0.0111860422327838 0.116704146975452
-0.506699603670875 0.130473921711367 -0.0888498571902099 0.124477872869296
-0.559920287537295 -0.345872695054701 -0.204199097644936 -0.00686244243297424
-0.228265962505322 -0.67349008845059 -0.110842432180284 -0.177106320029978
0.290833121132346 -0.610567674719674 0.102401840437408 -0.24302679844943
0.645198486037883 -0.446556622198141 0.175942344213589 -0.155201639728462
0.55134795089287 -0.555517656251539 -0.436335258035507 0.0548947671180022
0.191427022860114 -0.689795978610526 -0.269093924746772 0.223730674184072
-0.273556794948776 -0.642634475235327 0.00907755120527532 0.226447844392458
-0.549378675467457 -0.265777428906573 0.0303856476382877 0.121606507563564
-0.486648811396736 0.163487604637985 0.0176504521793476 0.0623793734511094
-0.284384950455233 0.305094297120487 -0.0577454747551825 0.10886228328034
-0.210555358894257 0.401025723983144 -0.0144286132626995 0.18798345602671
-0.142399444106285 0.42739333827237 0.00471958283359409 0.212759316481215
-0.179763399531559 0.416062176388411 -0.0229128901647927 0.207242000886897
-0.315789126522519 0.254384488008057 -0.103129205086672 0.227148584338718
-0.435383124992451 0.0860552739550434 -0.187531408530228 0.1596905130067
-0.457651308413847 -0.315207367778521 -0.244561197849962 0.0039240845403558
-0.179083871838262 -0.584142573879565 -0.11780064659812 -0.140414384254129
0.26341782117197 -0.529753797087671 0.0409216718950439 -0.117699897409463
0.590153615758802 -0.420050537483676 -0.0251756185456056 -0.0183647186296721
0.40550497174927 -0.482150405494883 -0.587158711595285 0.200799568925186
0.109010314460986 -0.553132085598348 -0.310900020575791 0.357658964388549
-0.22751121930689 -0.477838076624916 0.00703858268854272 0.232167661301808
-0.404257377198353 -0.183964228559439 -0.0175564951827657 0.101091659632294
-0.355266052431179 0.11470250735447 -0.0922544110936976 0.0841534336157834
-0.223505408876924 0.212379959033366 -0.164920915167339 0.198177640795487
-0.184098399139343 0.283731462327718 -0.0846820378808237 0.324723621724661
-0.130351847357675 0.303105708233574 -0.0312375267586753 0.356055223656158
-0.159550781885628 0.281952124777701 -0.0803563169414818 0.336646990215112
-0.245897650555505 0.150668089976101 -0.180777893539965 0.294018261651675
-0.298256108541284 0.0222041186348975 -0.258688367332132 0.15888364770413
-0.278639890417604 -0.242138957751741 -0.247399386767428 -0.00391724079126942
-0.0923662549030128 -0.399699474211808 -0.100126935016919 -0.108947622387518
0.197973869481489 -0.360021036497777 -0.00669351060133265 -0.00218813923113938
0.444044350994518 -0.325626407582046 -0.193741260817241 0.110371457065727
0.199181347275702 -0.330670163541169 -0.67334674652052 0.315109753584609
0.00786030378708316 -0.328169396087799 -0.326640895840774 0.450462675165397
-0.144201378070297 -0.233067286784949 0.00529511162356771 0.223009837435318
-0.192770489248617 -0.0702073325755944 -0.0456747525812449 0.0743027830259887
-0.164917195078942 0.0473067535517529 -0.17226154925137 0.0863368971532155
-0.123646203637401 0.0833057476152917 -0.242440675532897 0.249536118143106
-0.124512081093402 0.118221930344137 -0.143730894467176 0.41022664100916
-0.0979663945951796 0.132844289388552 -0.0628203056353759 0.444597586244973
-0.114812357026463 0.111668180794488 -0.125863236196818 0.413856750382356
-0.144603252424477 0.0358425278783762 -0.231658047221913 0.312062762253542
-0.131057418429483 -0.0319396587361358 -0.293431201143733 0.127503874798186
-0.08629348063044 -0.13541922448167 -0.21909955361277 -0.0224832937588721
-0.0144550296216155 -0.174525862917518 -0.0702846415397732 -0.0847335134221848
0.09914631599228 -0.158627281818376 -0.0369264985594308 0.0838623903137749
0.233502274048434 -0.193160557717278 -0.306268283027573 0.213543830307402
0.0724585557276996 0.0642597374842452 0.356174597039975 -0.360112543731799
0.057546183924891 -0.034091213905116 0.0587563982337517 -0.236914455427706
-0.0249780965258516 -0.0623609843393684 0.0175908456981056 0.0649676281321435
-0.087267705290286 -0.0101441506428885 0.177094755901601 0.0745962149151508
-0.0433121465617226 0.0757029761804086 0.31025634907272 -0.0756545790477483
0.0270257231799692 0.0766340411407838 0.299856539402083 -0.28644514452014
0.0570571252398619 0.064673998627131 0.168423101777354 -0.433667885767917
0.0535426146769911 0.0494540452021077 0.071498677664507 -0.463319981465299
0.0487371882384691 0.0536729863795741 0.13900823818965 -0.436742035961091
0.0181520642723427 0.0517887188502742 0.218323871909708 -0.3021764182119
-0.0300869946316679 0.0339220044477809 0.209267365543172 -0.108756321779807
-0.040851146272062 -0.0214361503467857 0.0668528607656528 -0.0802393296991067
0.033442731383054 -0.024323082813059 0.0191043033321202 -0.190400001191944
0.0307791347860772 0.0428394725532685 0.253255144842303 -0.383310223518616
-0.0161493658248179 0.0940555248428003 0.671121696696645 -0.337177357811966
0.288827971310646 -0.122806065653799 0.279234349112173 -0.359882994357433
0.160891356147531 -0.240607625475035 0.0139347376334165 -0.229411803572787
-0.0691840499615879 -0.280261054406988 -0.00125203704820058 0.0832879960064671
-0.243275089334716 -0.131398782320334 0.150748111025288 0.100065981684944
-0.212293863370708 0.106419633321778 0.306831983587198 -0.0462962290114234
-0.0835721652767281 0.181709771789345 0.291070115498972 -0.250513381099793
-0.0226424739294795 0.228731521653621 0.177258757834709 -0.387869582522711
0.00363081090994819 0.236202032871376 0.0785123800475536 -0.414375604281534
-0.0186481106558608 0.244670185744848 0.140624562886378 -0.392217667688502
-0.112735231514224 0.179554097315034 0.204636821219695 -0.245107426441737
-0.220993742656873 0.0904236159265827 0.181787438741796 -0.0639789827706762
-0.254140508744703 -0.142521000782496 0.015305753128815 -0.0677938839159068
-0.0651423736928241 -0.278099218102055 -0.00483478636209334 -0.209736692492237
0.137321959901826 -0.204721825861353 0.253297059672177 -0.418439852312673
0.234716522676743 -0.102898333285711 0.645339172678124 -0.376132013170398
0.465200215688682 -0.302345785170589 0.138696110966908 -0.314963371451448
0.235834937613389 -0.438934183532901 -0.0516923545167382 -0.176827026968459
-0.127876697593203 -0.475473675631656 -0.00717753161330848 0.112996867566033
-0.390795090937895 -0.230239059338812 0.130256587513171 0.117171418538651
-0.362101564844186 0.137163770561266 0.278857473567871 -0.0246876346877277
-0.183129497797842 0.270117516160534 0.245005003092392 -0.190941436590942
-0.097913465476454 0.361168349338896 0.158851609730582 -0.288711458618104
-0.047247411105815 0.386436907327242 0.0755150460172138 -0.300587292152367
-0.0833576511205928 0.396036529926075 0.121034677078592 -0.284097917946867
-0.227853783991615 0.279474186547877 0.155725684430661 -0.144637588910779
-0.383945112759317 0.133685805988059 0.1147032118505 -0.00482358982572649
-0.438149656731941 -0.24586758324735 -0.0564949040076413 -0.0506748417671815
-0.161076985687344 -0.497772522389099 -0.0433077043096158 -0.218552110082633
0.222113652377552 -0.42756487853202 0.220865068338871 -0.413365538109684
0.449931638419405 -0.282459514912351 0.542522481396666 -0.356567392767113
0.577073044504627 -0.454534693194453 -0.0472834296857502 -0.225412061850006
0.263880692865963 -0.610943698526105 -0.129364575862657 -0.0734956359465897
-0.205429158499766 -0.622886507770839 -0.00103734687461464 0.154093344982732
-0.522443701228315 -0.289400902007177 0.110018988164412 0.127395241722041
-0.475376204300624 0.170791568085301 0.220691266004112 -0.00327010919100475
-0.256608207708644 0.330911762770997 0.164624382191172 -0.106649815872239
-0.158212457865742 0.44488839628763 0.116702256327407 -0.145766462227469
-0.089642535814565 0.476876629637014 0.0614325333459564 -0.142053886573405
-0.133411617392519 0.482396606205507 0.0840819320200804 -0.131161203106663
-0.307129543751304 0.333362569355877 0.0808328145982089 -0.0165983804135052
-0.487685252439929 0.153761738846711 0.0193840460467356 0.0636387268118382
-0.55922485800685 -0.315102474634776 -0.135866020613876 -0.0260847996101231
-0.231098874157689 -0.641154356919461 -0.0849679281952335 -0.208290914844578
0.273707591991413 -0.580995196956622 0.163581310631351 -0.35344139082716
0.594710204278921 -0.411477624508206 0.374693175520299 -0.279563959908177
0.607226298713938 -0.551579410779117 -0.250056309109115 -0.0938856034814597
0.24068073773872 -0.712784526249234 -0.204540942437128 0.0716686718734324
-0.274451269819998 -0.690506588781944 0.00891496956479208 0.19639393749445
-0.591508834774463 -0.299653950094123 0.077416482400741 0.128481578292741
-0.523651104304983 0.190945609103534 0.131008783273032 0.0249575896837092
-0.293512684566304 0.351071340625061 0.0583179910644892 -0.000170271402890999
-0.195715031670579 0.464596227927183 0.057076624939066 0.0206547391584156
-0.1188296923089 0.495637032399381 0.0382617447119344 0.0379197274473204
-0.163595406309957 0.49212522852833 0.0350762130101025 0.0426481505937401
-0.336769932855215 0.327819887290271 -0.00901692169548982 0.118424460828529
-0.507389435950037 0.143025250019496 -0.0877993867520486 0.127350426138488
-0.576013141123494 -0.334903305123034 -0.206260248865268 -0.00107348316185376
-0.247576350087519 -0.675015410977576 -0.116101162376977 -0.178947528514893
0.285186592997726 -0.620777347203795 0.0969032140385322 -0.248471760163697
0.64125568219745 -0.467763214809371 0.173868117607308 -0.157027212325179
0.5460041633506 -0.570233917746778 -0.440980674166268 0.0621646550335555
0.181530163335892 -0.702080136735046 -0.266721931166651 0.230079129431211
-0.291187927292807 -0.641023962562681 0.0148559196946368 0.22413375857249
-0.560306731107266 -0.256588348023144 0.032179112533223 0.120501955616748
-0.484464201774365 0.176523597600402 0.0192948828571775 0.0588880475065448
-0.281345351344187 0.313033171113597 -0.0574017372526102 0.112594682900502
-0.202316950877441 0.413081187123152 -0.0107949393560899 0.187395221128623
-0.128571373406502 0.437595966582777 0.00900386428720087 0.212066547106654
-0.170030688201878 0.423328753946531 -0.0188771820548658 0.208981553849955
-0.314692250569284 0.26363361216933 -0.0975531922839395 0.231805534471454
-0.437078983332892 0.0945590941619915 -0.186193337190755 0.166217745027252
-0.472684491929082 -0.310059582933152 -0.246884038885931 0.0105047252185595
-0.19569636835468 -0.584341288992995 -0.12314062940548 -0.142261112656858
0.257001201303031 -0.538671589756459 0.0357591406728587 -0.121427137446271
0.587990834416593 -0.440179773919815 -0.0263509484352641 -0.0158936459124742
0.401649393882297 -0.494255626530615 -0.592035855464609 0.212510484055253
0.101078447249625 -0.561838246306138 -0.30623711083444 0.365888393364071
-0.240857473404909 -0.476645750032343 0.0118629949683837 0.231129341660029
-0.41145419704223 -0.179408166195923 -0.0167601993677505 0.101329428214758
-0.353742436759261 0.125336816857565 -0.0909833855195874 0.084109584947086
-0.220508621957957 0.220061232041705 -0.163538515246247 0.206851592456039
-0.177684475632896 0.293831526432301 -0.0783652817358931 0.326959804169972
-0.121730589121491 0.311826363678916 -0.022153480829758 0.356420340994226
-0.152868316894957 0.289453110324585 -0.0708616707160817 0.340846050456199
-0.246346999142741 0.158395928318169 -0.173149588339537 0.301912982353602
-0.299345130051204 0.0286754746822488 -0.257366169933354 0.167534822560642
-0.288900915649693 -0.239106225825355 -0.249848237396033 0.00253990637747444
-0.104416270846761 -0.400319976895598 -0.106059968818368 -0.11021133071202
0.194632327559135 -0.365878116259842 -0.0103049750174868 -0.00479883893349216
0.441083944925867 -0.340565410286717 -0.193590815836568 0.117138481206225
0.195948973050378 -0.337021221542565 -0.675937472913638 0.326913997257202
0.00329616366609124 -0.332447187305745 -0.320629485413716 0.457965992494677
-0.151507427631502 -0.231744979054388 0.0102935194061086 0.222430564610598
-0.196496972990615 -0.0690190193841152 -0.043898780851101 0.0761420848076737
-0.163736590178048 0.0528093683784423 -0.172075796280149 0.0900212279241972
-0.12316593334775 0.0875088639613836 -0.240067002389129 0.261045271321576
-0.123147088190784 0.124730512191658 -0.133936845286298 0.414750171729412
-0.0946110720794548 0.138440727899807 -0.0508599442639253 0.446894062465994
-0.114085484864702 0.116572181475801 -0.113126672275477 0.41836818098089
-0.146354803909232 0.0396577636239654 -0.22333007516116 0.321163001371144
-0.132282205787963 -0.0293638837762484 -0.293181108126216 0.137101265619438
-0.0924734046961896 -0.134693428087384 -0.220603279243636 -0.0180366584065634
-0.0197916219292353 -0.175138248752392 -0.0771293494534691 -0.0863257082617973
0.0985511430437263 -0.161376787014805 -0.0388883068606957 0.0830511707271037
0.232175841370857 -0.202138359481958 -0.30461417631619 0.223244621585785
0.0737845087074477 0.0620512142108191 0.350324518112875 -0.378319033852924
0.0559298922136747 -0.0365649308025827 0.0525391514178103 -0.239947673864975
-0.0267642003156374 -0.0645015318277883 0.022244107581854 0.0663014273566124
-0.0902352418911526 -0.00724886809073627 0.182151725562258 0.0681879415665576
-0.0417289996816036 0.0781208249995707 0.309348482781549 -0.0916556911719138
0.0296891111189367 0.0755135302041186 0.291504192343009 -0.306959181678209
0.0594365331848257 0.0627146420975907 0.151224653240274 -0.447816195566451
0.0555544573755995 0.0475256835762411 0.0518501644984042 -0.468902083874094
0.0524892879477934 0.0507509657494946 0.118436442489119 -0.447944241743838
0.0210614754272814 0.0511586185170972 0.206151556565707 -0.316031186180226
-0.0286316232132664 0.0354535416172865 0.20760603246093 -0.119014614010456
-0.0409337678351324 -0.0190671044057841 0.0635260981437859 -0.0827238110669223
0.0331296481537719 -0.0263864812748729 0.0147937430283324 -0.192018783626148
0.0309212329510068 0.0447271311351379 0.246936553276058 -0.396427334863806
-0.0139156951956093 0.0977810894972367 0.669710956013545 -0.365182676767834
0.285110016136396 -0.134809828679518 0.272794568524522 -0.374270246387351
0.153561791308966 -0.249470377916564 0.00750705099589181 -0.230237098284739
-0.080489049581292 -0.281266354280049 0.00371853437184852 0.0831831920158844
-0.251942806961396 -0.124703281517373 0.155101244746091 0.094461578362057
-0.211171442821063 0.116031364187113 0.307254425592705 -0.0629358738293481
-0.0795179947418167 0.186416267165552 0.28385612056004 -0.269037673910875
-0.013856126265574 0.23367134040988 0.161995768346323 -0.400459492552092
0.0145029310632317 0.239552307980902 0.0612212060423546 -0.419138385505094
-0.00692437850445625 0.248342622403123 0.121481885375559 -0.403044658277932
-0.108293263474093 0.186739067379336 0.195103366148961 -0.256934898898541
-0.220623217483191 0.100215472512445 0.18103233997124 -0.0728198467398761
-0.263762493495297 -0.134774328315129 0.0120224638122247 -0.0679650557547348
-0.0782594214283798 -0.279153625226226 -0.00938775616591101 -0.211662091243228
0.130962304310641 -0.211344430280591 0.243233706692311 -0.434560640624034
0.23265344529296 -0.113092618816271 0.640762646782175 -0.402929073014125
0.45834346136598 -0.322115495512805 0.130135967658807 -0.32383361775269
0.221970997276677 -0.452962313337269 -0.0568337709793193 -0.174883014169926
-0.147333834825959 -0.475384051502808 -0.00126334337961475 0.112349220014279
-0.405104520102993 -0.220133345733115 0.133935500850584 0.112497894281458
-0.360999168768889 0.15340832659118 0.280466373512803 -0.0402695524720867
-0.17637675080004 0.27954941757846 0.238472937474543 -0.205474257258514
-0.0843998934559275 0.372043794092178 0.147702449843174 -0.298756031387214
-0.0297647576220377 0.394955198844965 0.0620432638371886 -0.305120606469922
-0.0662551177694492 0.4038879876421 0.106063638474312 -0.292519953916255
-0.222228113641858 0.292571195180516 0.149549172953763 -0.152879729256609
-0.384089813761079 0.150151536130827 0.115418418144112 -0.010215426990192
-0.456653644337091 -0.232676549341018 -0.0599461982979818 -0.0475606374084044
-0.184213332363358 -0.497980159774735 -0.0495287322957949 -0.221031249909938
0.212411768142746 -0.440847149311685 0.210169302614772 -0.427816942948907
0.444826238989818 -0.305080591755627 0.538007259827131 -0.379376570289187
0.56518242657995 -0.480934268716007 -0.0552386753044743 -0.225872017646538
0.244321837500945 -0.629025952288469 -0.131640205677563 -0.0683292797236183
-0.232281311623272 -0.622422669262708 0.00561096970396627 0.152976306279704
-0.540456462454228 -0.276248358984881 0.113726551149153 0.123501645496883
-0.473800006941461 0.19175913152309 0.223126341405281 -0.0171941233709693
-0.24974268866531 0.344796681955582 0.160594526368244 -0.114854282602725
-0.141723489822873 0.459310959801631 0.110398813232483 -0.153459329043289
-0.0678057647147466 0.489427473720247 0.0543031075338058 -0.144334809968328
-0.112018481387359 0.493758259858531 0.0752803856540403 -0.135838606512391
-0.301594337627697 0.349962548156687 0.0792259368921472 -0.019190199486792
-0.488007057468479 0.175600887034376 0.0213025918303386 0.0633939676036348
-0.584365186649993 -0.297802036495994 -0.139941349603471 -0.0192331414358286
-0.260642465521203 -0.641317045531593 -0.0924939284847321 -0.210029633994529
0.259015524211761 -0.598833981266682 0.153676347722362 -0.365791280012835
0.587292287098247 -0.4420930748896 0.370907978526776 -0.29528273648931
0.592785673904965 -0.581345653673026 -0.257319483352498 -0.0861773123867231
0.21944693070306 -0.733846134846127 -0.203722437490732 0.0810986671507892
-0.306021939977146 -0.687995214312644 0.0173442907003589 0.194351352471083
-0.615588999995851 -0.283511827900806 0.0817932569086089 0.127171375916148
-0.522278204193479 0.214875061891143 0.132866852117906 0.0152651244468352
-0.285296030662796 0.366950202924585 0.0574891368588534 -0.00182397271480441
-0.17757910167696 0.482033176162759 0.0568151239679554 0.0174255065454728
-0.0952525526290439 0.509460145874216 0.0381706579094341 0.0371224878266038
-0.141674528274153 0.505156347396371 0.0345764523908493 0.0424608310333618
-0.332061568488408 0.346100563228617 -0.00515558155050549 0.121579639900459
-0.508170726766772 0.162853525608547 -0.0851594263399592 0.132919447151733
-0.601170303052107 -0.318967076825658 -0.210416099397975 0.00890041620813786
-0.279966820691259 -0.673582768430713 -0.126064277493679 -0.179409406722769
0.268065613567008 -0.641458933292893 0.0871053179489288 -0.256287654245417
0.631777563465371 -0.500610654519812 0.171209214200443 -0.163556625622039
0.530063788212913 -0.597686580078405 -0.447195633759062 0.0782457408845165
0.159519788158864 -0.720748872248923 -0.261256659113144 0.243560594704298
-0.323237151280162 -0.639807669490449 0.0236511961203883 0.223475689606758
-0.578948262413787 -0.244145602755872 0.0351877754111793 0.120534850464185
-0.482317247141315 0.200441606704899 0.0210083489420986 0.0544857631042187
-0.274073478941425 0.329381467466575 -0.0554653862744467 0.119086501485632
-0.188227805609962 0.430576483028958 -0.00433766448359553 0.189835730989275
-0.109421440952638 0.451613130684755 0.0167980690315267 0.213169293647173
-0.15274924481798 0.436494047561886 -0.0111984558300967 0.212782709193538
-0.311945950342372 0.280478397040795 -0.0891589618333841 0.240354039829389
-0.43874625205406 0.112660246906477 -0.182485232961493 0.177078796709649
-0.495209628380676 -0.295625196277714 -0.250885399835981 0.021427657116705
-0.222786582043995 -0.583191770191588 -0.133248548127398 -0.141713772054634
0.244623318399208 -0.557945646206196 0.0278630624788787 -0.125786654696635
0.578281300146834 -0.471638882373304 -0.0270910284510642 -0.0128619256315689
0.388821808560915 -0.51580539532235 -0.595314705038576 0.234891163992084
0.0828413585014895 -0.577172704674744 -0.298930657656088 0.382352345783537
-0.265236960765682 -0.473646640539144 0.0209543641102757 0.230186741383358
-0.426092010471748 -0.169507683807367 -0.0136597089414245 0.103628712079549
-0.351880922380746 0.142228371819291 -0.0891687802515775 0.0864825458336215
-0.216614658321481 0.232490463633312 -0.158562545236861 0.219956467158553
-0.167957676348483 0.307826207234048 -0.0662445007191615 0.333651838286708
-0.108049722547069 0.32377635369857 -0.00781417327169479 0.359144767313158
-0.142397202052768 0.300193675000926 -0.0566311246441903 0.347461399437994
-0.246125152564444 0.171796236885449 -0.161205619190873 0.314289336829779
-0.302158758515042 0.0403677358016451 -0.254576393814078 0.181850414178923
-0.307327449714622 -0.230332840093078 -0.253129296451293 0.0135370134025452
-0.124089709704137 -0.40074039216048 -0.116282612502793 -0.110111179770173
0.187262519868166 -0.379275876223719 -0.0147610808887762 -0.00576655549026129
0.433774236505499 -0.366162878719636 -0.191751512558612 0.127883299791237
0.188384268412456 -0.349184915723276 -0.675766122319549 0.35247215781336
-0.00682127719686808 -0.339282371676186 -0.311235177866491 0.47466528839158
-0.164798924891977 -0.230077170261928 0.0174495358584088 0.223569618773115
-0.202745136681575 -0.0649325257217521 -0.0416995045891377 0.0783065795641816
-0.161802651611661 0.060489073578114 -0.170952482658706 0.0963388495393654
-0.121250801586139 0.0949310851853065 -0.234214255381119 0.278865482784135
-0.11932971718617 0.133911854266015 -0.118470238829755 0.425316367038904
-0.0889278618127781 0.145674047292777 -0.033466275125119 0.45003971598431
-0.110718692180664 0.123530456349512 -0.0941034863227703 0.427713366487289
-0.147578104287098 0.0471402209260726 -0.210563504831325 0.335787693803809
-0.134910845290207 -0.0254690593097196 -0.290534138190177 0.152945164960801
-0.101764493776683 -0.132054409955134 -0.224201763113051 -0.00928883259924614
-0.0282985398477055 -0.175064545583793 -0.0859692427735233 -0.0860513228760447
0.0959211033718718 -0.169037556850021 -0.0403170660277682 0.0839343471413753
0.227533007584199 -0.216903270947924 -0.300823467884167 0.239050316145978
0.07515899759838 0.0583748825101943 0.334293917573933 -0.39930272281054
0.0525860022263708 -0.0384138103540203 0.0433281865061924 -0.241136352160935
-0.0294803488587501 -0.0638089629762924 0.029029692555241 0.0652392115386555
-0.0908327716076911 -0.00279667653052408 0.185326386894587 0.0568030047081062
-0.0384151943710307 0.0799976390478207 0.302187350070493 -0.111214847780231
0.032410996072878 0.0725395664617779 0.271686137385415 -0.327619612140927
0.0620090973400218 0.0595364534709745 0.125611510516513 -0.455053721996045
0.0581716779569803 0.0437239914733764 0.0251398539815524 -0.468555280101821
0.0558467203672092 0.0465074885015895 0.0897207358385856 -0.453797539357466
0.0242081351878667 0.0489529392505722 0.186242220965212 -0.328307345182147
-0.0266889786598363 0.0371206023193762 0.201438480978506 -0.131411585472821
-0.0409066661091398 -0.0162293732388178 0.0584392115786091 -0.0844532210559769
0.0312496726084737 -0.0277287773024798 0.0080655653367345 -0.192510526173245
0.0328177707398141 0.0463404014828597 0.2289462201175 -0.410365709312921
-0.0095884643185265 0.100185917896376 0.652608430413534 -0.39873134195446
0.276015748332345 -0.149025534170126 0.25573700620775 -0.3889477801477
0.13884559900763 -0.256852578095481 -0.00121311258912154 -0.229063425950706
-0.0956002786881647 -0.278455069337637 0.0103795108407588 0.0818822819598633
-0.258617087788151 -0.113121585578981 0.15809779200758 0.0843986664524722
-0.20451842662076 0.127387439070952 0.301630664454237 -0.0831238086683743
-0.0714249344395936 0.189915887227249 0.265368182750867 -0.288069046425742
-0.000619598296098069 0.235559807706423 0.137582430420814 -0.410658269126972
0.0295731243247751 0.239768893392496 0.0372478002327177 -0.41974591633432
0.00820918212679788 0.247574933575845 0.0939555579496724 -0.408756158601986
-0.0983615048260324 0.193169855089626 0.177979314330306 -0.268084875635387
-0.215469202178022 0.112377720201353 0.176764381876184 -0.0838064373211998
-0.272550219806681 -0.119730257590437 0.00702523824504865 -0.0670499262244397
-0.095507741445836 -0.275126772441625 -0.0178330431497378 -0.211870327857893
0.120225567879174 -0.216641020586005 0.224340136859968 -0.448273180688717
0.225293629376719 -0.125973838154708 0.624802559130107 -0.434533935690114
0.439332279166853 -0.344915668864118 0.115452731341165 -0.330739096263526
0.196510691811077 -0.464271006471016 -0.0630882479783725 -0.170138925194417
-0.173900851659025 -0.46726419652512 0.00577068718528076 0.110120233048009
-0.41848163761244 -0.202030173042421 0.137442461823523 0.105262253622609
-0.351880369154584 0.172774032109683 0.275711206485353 -0.0603728547717228
-0.163715671717058 0.288817904143264 0.22562804274294 -0.220819201780443
-0.063382643853045 0.379380209082438 0.128097626648148 -0.307612211562004
-0.00336825629563968 0.397733572179094 0.0437253417143036 -0.304628995972905
-0.0418839046155787 0.407993254922217 0.0854512811983804 -0.295785917298492
-0.20810466369837 0.306771753839732 0.138628133722374 -0.160131158671828
-0.376825526263811 0.17115679090064 0.114326784058294 -0.017003065333849
-0.473347347827397 -0.206899828459811 -0.0643272780619314 -0.0422946296103373
-0.211478972589385 -0.488532621661465 -0.0590034878062695 -0.220565872181986
0.189304184768739 -0.451763167068785 0.190501705822236 -0.438228468253857
0.428261677052881 -0.330011963319641 0.520365379532873 -0.405205550612613
0.539222231690401 -0.509769971215966 -0.0666071230723164 -0.222777762763072
0.209909748639707 -0.644147111368378 -0.133724593649433 -0.0594848683844633
-0.267927790174417 -0.60943501343526 0.0143064300170318 0.149494500539434
-0.558128102233083 -0.250950358455546 0.117405726279125 0.117443998080348
-0.462238953177343 0.21790116141808 0.220452184091438 -0.0338114467185003
-0.232659884187933 0.359000435413386 0.151783979796443 -0.124495650301418
-0.114371661415629 0.47130759412934 0.0992556146794193 -0.160278710606383
-0.0365461570227867 0.495846735220104 0.0451129337305064 -0.144728559867957
-0.0832976704342048 0.501590187181803 0.0645362871720313 -0.138572666451506
-0.284959101434478 0.369136476707129 0.0771143555886437 -0.0223400279032739
-0.479743259241656 0.203139286612278 0.0241431847862814 0.0622234372463785
-0.605932486855671 -0.264804534620521 -0.143211353679761 -0.0103059500123299
-0.299051751893703 -0.628400519595799 -0.103519197454936 -0.207249496247332
0.230215540913358 -0.613487338819614 0.134047766168181 -0.373950242350795
0.56249303382236 -0.476646675621698 0.357909050912733 -0.313523517986934
0.560456413172603 -0.611039994401088 -0.262462073677222 -0.0721942447594048
0.180529986872955 -0.749161440330695 -0.198666742081775 0.0932610659636373
-0.346324295745171 -0.67081774769982 0.0271424800643803 0.19061000949697
-0.633061083995202 -0.25678548013729 0.0858461948771019 0.12345532015747
-0.507973495420109 0.244183134485171 0.13266165118846 0.00295699523841589
-0.266213152861302 0.382838247253727 0.0557566769942692 -0.00389388385437522
-0.150185390710467 0.496040220520121 0.0553636123982875 0.0142039582986559
-0.0630882917308234 0.517303939093416 0.0389830661060099 0.0359997122088808
-0.111090945194501 0.51398134402116 0.0336004538094711 0.041127456749223
-0.316270645692437 0.367160516160772 0.00131440487856185 0.123367501044373
-0.500527243765797 0.191227428897713 -0.0790406805156729 0.13834484229366
-0.62553558751419 -0.284738757397193 -0.211730021835392 0.0208180193525243
-0.318152041193311 -0.65851163530957 -0.136203307816865 -0.174630964502236
0.236165978994988 -0.657897983158341 0.0714355026213404 -0.260673155357856
0.604406971163449 -0.540002667409661 0.163732475709701 -0.171138449869806
0.499286300779676 -0.626732689239623 -0.445071078653348 0.102191657719457
0.122979330849921 -0.733879063052543 -0.249422436615993 0.259091043651327
-0.359507624766222 -0.623065913996258 0.0338861774155793 0.219196574869308
-0.597948963272258 -0.218102493787019 0.040055689530102 0.119679627122779
-0.469380559608144 0.226987386484847 0.0229452687108766 0.0496893974945392
-0.258420629659804 0.345537126583626 -0.0496892627862079 0.125432052999283
-0.163297250912723 0.445651005369165 0.00403489712996568 0.189386494830403
-0.0789061882274104 0.460684498705713 0.0272864974890094 0.211947169619723
-0.126026683222974 0.446358780660883 0.000113443286059048 0.213477781795938
-0.299908727357719 0.300339806992109 -0.0748319045695059 0.247067023817085
-0.433073959350138 0.136237201450049 -0.173786825682953 0.187728368685343
-0.51739879653416 -0.267764183070565 -0.250913238360983 0.036698075787549
-0.25792844223843 -0.571354360666228 -0.144463014731102 -0.13677580594758
0.218114146292865 -0.572483219214417 0.0185445190481054 -0.127428682994877
0.551907367900651 -0.506907875156962 -0.0272867914090883 -0.00993570823023618
0.363614862389469 -0.536769293212746 -0.586481880399231 0.265801877465977
0.0536774478702229 -0.585368413919932 -0.280100345379424 0.398888864748023
-0.294829652988953 -0.459977082622864 0.0312064031635888 0.227918401470146
-0.438272417485683 -0.150969405526998 -0.0087620110022925 0.104819218706298
-0.341820001330368 0.16261500055474 -0.0847219238550905 0.0886000788381483
-0.204889061579799 0.246013505084776 -0.147058547569992 0.232713533190607
-0.149172761604602 0.32182246868907 -0.0478597535915851 0.337380216950333
-0.0862842869645039 0.33203408488376 0.0103847365677814 0.357810583468814
-0.12458444721308 0.310138776645961 -0.0360181304923205 0.350131355434231
-0.23908930410895 0.187550004449291 -0.141422935675909 0.324511952515173
-0.300014591960152 0.0558908002245084 -0.244884826112127 0.197670496565656
-0.323535633715789 -0.213315324701484 -0.253333473495955 0.0278482274173514
-0.148329729081624 -0.392224326177218 -0.12693412171823 -0.104758273603513
0.168340656367773 -0.392104865368332 -0.0189341002014339 -0.00462982249197275
0.412629806867359 -0.393981070681841 -0.184858610906907 0.139026622555216
0.172216924647486 -0.360838763848402 -0.662737884105927 0.388597562333907
-0.0228373137038299 -0.342035600189157 -0.288509344865967 0.491841138089672
-0.178948946153434 -0.221718436059421 0.0271459295221159 0.222716065638055
-0.208384142052988 -0.0574134987352324 -0.0368362385175469 0.0809256399879402
-0.156903221450073 0.0702356107663755 -0.165632803549683 0.105290712703605
-0.116226311823668 0.102906670194008 -0.218028051417551 0.296821646006148
-0.111100504459818 0.143140156777428 -0.0945749428625904 0.432709045521685
-0.0792393267481041 0.152251884669879 -0.00705313407670013 0.449534826646498
-0.103820834551192 0.131861229522965 -0.0674784549485276 0.432437240073845
-0.146855654319249 0.0567777743876032 -0.188570327249996 0.349011958223894
-0.136451745705208 -0.018452549957348 -0.281602645547085 0.171689003545203
-0.111166645894548 -0.125901920424085 -0.225379991196802 0.00395793159127173
-0.039082725115219 -0.17301178996808 -0.0963692142357193 -0.0818465492494137
0.0880799031801367 -0.176571662511722 -0.0387486949403422 0.0859315949498529
0.214941935604962 -0.232563111472401 -0.289026683282193 0.256012682845409
0.0817288200832197 0.0334888976639278 0.255864868951893 -0.432738635499691
0.0403566260372709 -0.0502002539881133 0.0068919173086392 -0.236133267686651
-0.0388106897782454 -0.0576981347680531 0.044779255076586 0.0573259384424742
-0.0834641539330532 0.0132426372652223 0.18941791558996 0.0203579700439288
-0.0197727273694433 0.0781207120393681 0.26953740605675 -0.159914601080968
0.0425586955651582 0.052751737473516 0.202297455867225 -0.359577367232589
0.0679847281581124 0.0405677901188842 0.0429928981105324 -0.462094934183949
0.0566394795766676 0.0278352118214303 -0.047292796170084 -0.450863205484752
0.0573088712226154 0.0301867640064685 0.0206100703499768 -0.450615079263099
0.0277165077907883 0.0407459446057045 0.134005899661669 -0.345476938172308
-0.0213574726534187 0.0378096814435163 0.17732880875337 -0.15539788739374
-0.0422419510646212 -0.00943133659634636 0.0468381000277552 -0.0880217702270432
0.0233883998903705 -0.0299011963360307 -0.0158123739776149 -0.188829053722723
0.0339772611684064 0.0448256906474657 0.174194044780432 -0.434435963269284
-0.00103417504771009 0.0958268229563624 0.586332659860749 -0.46441253115041
0.237525855122734 -0.200818714694517 0.18504902780749 -0.398285216207415
0.0825791427751092 -0.273751153493367 -0.0248499301632042 -0.208952194635467
-0.140667323319492 -0.25078498318109 0.0412659056526452 0.0763283684823013
-0.266444319875881 -0.0625270775222293 0.177262437897449 0.0469050596051394
-0.169865040847283 0.151395201459355 0.272071457416265 -0.141263681002709
-0.0381472723571678 0.18355193262108 0.200002062842047 -0.324796145608899
0.0388947205923116 0.226160401701496 0.0613295009255486 -0.426341197161204
0.0607937241454751 0.220495861683144 -0.0320082138936644 -0.405515101524259
0.0458907127934166 0.23472937801883 0.0304876680113383 -0.407585926948798
-0.069048027321031 0.202266104571242 0.13612187844948 -0.288162895544415
-0.190942587517034 0.141335400408541 0.161911922191312 -0.108777442791842
-0.28725884863086 -0.0709772640792253 0.00522633882925916 -0.0621344602404482
-0.137433052708895 -0.249019996985087 -0.0426639962624986 -0.198956750955079
0.0801496755985019 -0.224457148953838 0.155934515561974 -0.469859931270895
0.195218617091066 -0.15901443658231 0.545725891275313 -0.498755868261691
0.357550416617914 -0.416278877039263 0.0642331321794014 -0.30898129996771
0.102386871874574 -0.482873851567743 -0.0672855738371027 -0.136491349085699
-0.24919274552879 -0.417979353099477 0.0514631409043397 0.103786775151451
-0.438012276600503 -0.120394382823046 0.168657939711384 0.0651380867817909
-0.30253522060029 0.218747614280711 0.250479233634017 -0.122653083448656
-0.112141393164556 0.294624407525362 0.170068165872795 -0.256055853647524
0.00407797468295659 0.380924743695257 0.0694349648902895 -0.331723969682088
0.0551765580249225 0.379171002508848 -0.0108476899482602 -0.297487291952964
0.0266045600819296 0.399572289357955 0.0362088982295947 -0.297791025059072
-0.157067927514184 0.331586087474385 0.114324999143709 -0.179944277488511
-0.3363283257111 0.223935066099379 0.111647609185734 -0.0372178790148679
-0.498943269936722 -0.123210415041211 -0.056374568091205 -0.0271008875543266
-0.284441046433193 -0.436398781697325 -0.0833481422665135 -0.195011211821062
0.11416399654921 -0.464672688447524 0.116799467133244 -0.456341518547058
0.365636015166944 -0.38762781552219 0.44264519787371 -0.459793358517546
0.423702460699699 -0.588946050131232 -0.0899043172429822 -0.169593689932975
0.0824472781756879 -0.654358802342973 -0.110317569112138 -0.014571425461388
-0.36467402815457 -0.537715487623046 0.0741463675501819 0.138782411649659
-0.582482456344815 -0.142476958904544 0.158183063308309 0.0753382438815691
-0.399730239243825 0.280793794689846 0.200550782204509 -0.095027210561558
-0.167221214626148 0.376655335543978 0.114542787514354 -0.153751179661755
-0.0286650823442347 0.483466462412565 0.0653190851996808 -0.189095577614417
0.0411424847469764 0.478419886118101 0.0121150419203038 -0.145467957106555
0.00341809218170823 0.499873066255821 0.0371686978534934 -0.141799244486357
-0.220328386202285 0.40762700483275 0.0731964562678518 -0.038097948166107
-0.430197039030779 0.270890625381714 0.0362040002271153 0.050556613503797
-0.638132583483267 -0.158088570775088 -0.125719407770642 0.0154611907181863
-0.388727756046859 -0.558750134470762 -0.126664752683705 -0.171812508785487
0.130264915197003 -0.629413721788939 0.0648035200429759 -0.385406041445095
0.476178618822766 -0.548550814719158 0.291027662482401 -0.350838120280831
0.427180955127473 -0.685971845541813 -0.252441855996729 0.00802496644721819
0.0357274234765374 -0.746450572124862 -0.145566740385731 0.144369069243797
-0.45244325006158 -0.584028029358338 0.0970451389551651 0.174697413431761
-0.656972040608048 -0.133740247215111 0.131004415833564 0.0827006441317403
-0.442238811342161 0.316662271021755 0.121081674094716 -0.0473925203726938
-0.195846690035241 0.409898734766672 0.0421414404396873 -0.0233647933517845
-0.0565096940361389 0.517004804369164 0.0520683847091262 -0.0161506465346201
0.0219418356123892 0.50605209767587 0.0328825067952795 0.0280930461465735
-0.0217855853906483 0.51899042997796 0.0336117970070847 0.0356489790561858
-0.24921207742445 0.411698739928589 0.0206427341279192 0.114040032787987
-0.45135753887617 0.264629025268408 -0.0529314953088538 0.138280666985609
-0.660699164492719 -0.1730039415953 -0.187427997180908 0.0551487263612253
-0.413055827214792 -0.584208053327244 -0.155624241641466 -0.134283006871565
0.131620715471907 -0.673439380087696 0.0159729000284846 -0.265003255122861
0.511450681968431 -0.615459437652714 0.117479074523744 -0.191535690707056
0.366949026050126 -0.686013854158958 -0.39993913508517 0.2006068787787
-0.0143544990576459 -0.718641069265799 -0.169301107415792 0.308654388043858
-0.456496749588116 -0.532636488386886 0.105671351170713 0.199453151927276
-0.616411278054951 -0.104379107821288 0.0839930175902657 0.0874383488035839
-0.408158889576177 0.295863540921648 0.023920072457945 0.0170833738854896
-0.193069415872486 0.377940448770291 -0.0365264674966908 0.118402549381406
-0.0759221459139133 0.472339874563351 0.0326424507869093 0.162858588328497
-0.00255622399069698 0.456308842520256 0.0499275490370435 0.197041783853076
-0.044062243332895 0.45721607152959 0.0256657317766726 0.20566216853269
-0.241584308023459 0.344917846085954 -0.0364559366137338 0.245345665009149
-0.395052219879514 0.201356864640761 -0.138977824698411 0.20079138223647
-0.549802392048865 -0.172260076605848 -0.226972692518363 0.0742094159099574
-0.339191290922016 -0.508567373774245 -0.16065788002048 -0.0978561124497433
0.12652207425681 -0.589254721988092 -0.0173811960789275 -0.127242294717766
0.464023692834582 -0.576924238019343 -0.0470504276070819 -0.0124871281369067
0.25063079371822 -0.572251005294333 -0.510734030022123 0.371256873004265
-0.0522126231838494 -0.562891450773605 -0.183775790446292 0.443178359091989
-0.364622992512562 -0.388314893886956 0.0938750959803282 0.209725797150236
-0.454911672262835 -0.0664764973466692 0.0280316907253511 0.0864994751042709
-0.299663719178138 0.214488334964189 -0.0721184891887333 0.0801722070064738
-0.157777898843473 0.277403970016925 -0.108216472566869 0.240381279190692
-0.0844674775381847 0.34981733654548 0.00748261525057183 0.31893167460979
-0.0262929938199014 0.335716368313707 0.0584979439828137 0.337744951374774
-0.064758716460375 0.325822899627616 0.0123573161102604 0.343060320622669
-0.199380540478059 0.224861984381289 -0.090105303396436 0.331812869632984
-0.277763922454066 0.103831689051666 -0.206797765269408 0.221616080732345
-0.351937827502313 -0.149588446727372 -0.234932784827853 0.065056802209704
-0.204168141946379 -0.35209548175242 -0.141138005953818 -0.0739832139556225
0.106740992325756 -0.406945319107326 -0.0327168734658837 -0.00360675188613525
0.346610954636633 -0.445805020759013 -0.177628852347277 0.1525601090966
0.0981861254507599 -0.36473921723221 -0.567522779069997 0.487782162039322
-0.0805960979848235 -0.313170924503487 -0.188323432250793 0.52658159908361
-0.210761537173487 -0.179193152290123 0.0747584296155877 0.206362429627779
-0.215214064012083 -0.0177741216290919 -0.0128650047789916 0.0758798226415129
-0.139948511970584 0.0962959339782882 -0.145121104314456 0.118738818391065
-0.0956069018819199 0.127551662348248 -0.162043512418777 0.318097756647724
-0.079733281847836 0.168345774783516 -0.0207394932512543 0.425037636865424
-0.0472203215442772 0.163620385152064 0.0574596062200545 0.428221984574984
-0.0738787195502092 0.150677773235967 -0.00454960667832068 0.425900922551638
-0.129241722356924 0.0829016598055526 -0.132565796748009 0.362802969008043
-0.132726392992858 0.00638289726539294 -0.247245380193589 0.204532058133069
-0.130144652633288 -0.100143531446062 -0.215816169709002 0.0366060987001057
-0.0656775856127025 -0.157387787741791 -0.109508890411762 -0.060808676237413
0.0600232221190334 -0.187032527576138 -0.0346368525033586 0.089273978055653
0.17898685995601 -0.258767096931687 -0.256641821475074 0.28021103424059
0.0776800788354821 0.0306720089577355 0.234610007964341 -0.425002304506926
0.0355130837831048 -0.0470855790880993 0.00198521017337275 -0.228029854026396
-0.0398160893673848 -0.0553789487726507 0.0475006959448369 0.0514308660477364
-0.0789051619161881 0.0148081070745858 0.182330808260406 0.0116294891004479
-0.0167100739373644 0.0770369859210111 0.251241754294405 -0.1640489323097
0.0406734916372778 0.0495533847539027 0.177236425687653 -0.355710584687117
0.0663015035794266 0.0367901882931786 0.0210410163777304 -0.445620560573541
0.0552602151398449 0.0251594508488937 -0.0604703317603245 -0.429408618765343
0.0551744551506376 0.0259346371030077 0.00114554005396603 -0.432139230369292
0.0282345187529828 0.0371666805836388 0.113927866964276 -0.337008099508273
-0.0191480262767635 0.0374810234594125 0.164517211372059 -0.155641756790524
-0.039653437424155 -0.0082378172596397 0.0408574357077909 -0.0846644202971284
0.0219659336220986 -0.0288965077001633 -0.0198786601783664 -0.183153409477064
0.0356665605653622 0.0449688881322515 0.153491006759305 -0.425937041672522
0.00238096167601326 0.0937412084273788 0.551051470146269 -0.464710127145116
0.219623103184975 -0.198083986568794 0.167966349618938 -0.389186880792644
0.069278156897252 -0.264090017408058 -0.0278282240363459 -0.20077787230456
-0.144047157868996 -0.235857816685453 0.043494827543973 0.0689842488699998
-0.259674171242165 -0.0524039021499745 0.170438193237523 0.0383360093326602
-0.158034025331628 0.151461905199102 0.253572783695993 -0.147123227177011
-0.0324029425618064 0.178515951348796 0.177003799458666 -0.320513070636698
0.0467652680573101 0.217157136790275 0.0393711574806439 -0.411734898374661
0.0679621895198242 0.210423151410296 -0.0444763769791582 -0.385612227863215
0.0528652664860808 0.222417281605045 0.0114480496747581 -0.39032728228771
-0.0593312439926229 0.197391910316997 0.118171328199508 -0.280163909678474
-0.179122759128738 0.142941039738441 0.151482426601606 -0.110595507360412
-0.27959255778981 -0.0580518287603823 0.00166019043491805 -0.0585452444799731
-0.141650072652139 -0.233483419601111 -0.046195378382728 -0.191997729397601
0.0709213722444182 -0.217093108842405 0.136751330194708 -0.458300634814011
0.181640811102069 -0.15929469964135 0.510687355608415 -0.496737884065445
0.328314554772125 -0.409533245029807 0.0533153229766669 -0.298861937124495
0.080311030028357 -0.465407239410684 -0.0660114037103478 -0.128939231292141
-0.253640694922254 -0.390763162206822 0.0530384030074562 0.0947477574314395
-0.428513900568635 -0.102563865660076 0.163278162422161 0.0575210519578134
-0.282284777773907 0.22007590503998 0.232513664608211 -0.130113446416105
-0.0988721778805366 0.288793920400648 0.151166520600477 -0.252866673471113
0.020926522282351 0.367651239900851 0.0499329884650384 -0.320966124994927
0.0695980587146627 0.363309910551616 -0.0206190997014249 -0.282514704065321
0.0412026242873341 0.381919872751012 0.0206401378448438 -0.284712898218393
-0.139702717500859 0.326737550880937 0.102124292962635 -0.175401795127299
-0.316168761245022 0.228116380568194 0.105373671662423 -0.0400565984420612
-0.486486678358411 -0.100174480221951 -0.0561707208159962 -0.0224452188594931
-0.289834438953037 -0.409315753555171 -0.0865990297917598 -0.18631324831149
0.0962682632906171 -0.45095546050093 0.0990462640130895 -0.443679876806146
0.336345562023359 -0.385309168319442 0.413173830492992 -0.455680794354188
0.386902293976778 -0.578459905528587 -0.0898467380528164 -0.159070799150963
0.0567337394687933 -0.632087244853378 -0.103063619912277 -0.00975438007749478
-0.370717439374268 -0.501988880779742 0.0751767351907348 0.128005264143609
-0.569895052154404 -0.120238666126333 0.153100769372725 0.0686428396816634
-0.373527855234798 0.28316793696758 0.184870365163811 -0.102392721011414
-0.149095827417365 0.369635490766681 0.103545871389166 -0.151888164737781
-0.00671822145682452 0.468153242670345 0.0512387379785013 -0.183594995438353
0.061477444499679 0.460751930520597 0.00669653768312087 -0.138173297263598
0.0242266251221595 0.479537464771625 0.0281167683220869 -0.135175645014234
-0.198464622176988 0.400924191630763 0.0689526755518837 -0.0364795835254453
-0.405678306798566 0.277007476905823 0.0350598854749751 0.0477286525641066
-0.622351002822029 -0.126610813657429 -0.121636111230539 0.0212818494281551
-0.394070537986964 -0.522846685896243 -0.12860003635012 -0.16286257340539
0.107071656794325 -0.61219768958214 0.0512484532231378 -0.373382704134458
0.436694647569093 -0.544513033375399 0.268706369776704 -0.346499392577259
0.388934726504222 -0.671710201116356 -0.24156898884723 0.0172988651722664
0.0100400587625718 -0.721160444279701 -0.132981319435014 0.145105967638272
-0.455066377233071 -0.542948639159276 0.0977051122997386 0.162569361336337
-0.644606821577748 -0.108144423416337 0.129056497176879 0.0767660536737305
-0.41291067912491 0.318453112772755 0.111230366354722 -0.0541808418853159
-0.174384978456932 0.403352288058367 0.039897570184066 -0.0222123460556559
-0.0322927900285492 0.502469622360715 0.0456085432202074 -0.0169903300122944
0.0447152150212768 0.486233259095246 0.0326358918834897 0.0276519658470447
0.0011363610610577 0.498382781026589 0.0317206953468044 0.0353026785140926
-0.22700072810103 0.408084919780655 0.0249519848033664 0.111018979417577
-0.426451997762518 0.270093916117307 -0.0470875969684582 0.13590758669394
-0.645511291214196 -0.140540605973351 -0.180403204396732 0.0612042646992208
-0.418225831813872 -0.546427628050839 -0.156890941698132 -0.12434763163805
0.106070898165717 -0.655156351387665 0.00670285916047231 -0.255899783384091
0.466121852926715 -0.610818479782753 0.107376101842955 -0.186980496461676
0.330597413082924 -0.669911257060311 -0.378281213154483 0.207261156018762
-0.0381459221224871 -0.695788696200686 -0.151588201482046 0.305548649380565
-0.459491139606095 -0.495808646719885 0.105892629374951 0.188546866206289
-0.605865023577374 -0.0801926324713041 0.0843905485620193 0.0827300441605526
-0.381725562954235 0.296312085737726 0.0201947900459032 0.0120149585703968
-0.171780318229122 0.372628602370373 -0.0294398255128798 0.117653632867337
-0.0523124697654877 0.459810390510803 0.03400533711333 0.156404515652105
0.0195568834166416 0.440256014737465 0.0541581334129485 0.188560809998057
-0.0235193997573023 0.440855098699448 0.0311080426184011 0.198072441951
-0.220646231470735 0.343296569426946 -0.0243877954549558 0.238989675345781
-0.373567274569961 0.207763350194749 -0.127078667077595 0.199415045332302
-0.538820116908241 -0.143405043386294 -0.217249399901097 0.0810373120977782
-0.345850852517084 -0.475647885637591 -0.161281841343724 -0.0877059938321232
0.102660445620257 -0.572879153870758 -0.021737384496175 -0.121107708095355
0.423119274518705 -0.572191503714348 -0.0460037146044988 -0.00976177893840601
0.223750996221955 -0.559229061308717 -0.479912889672794 0.374163078946157
-0.0682054694600648 -0.543303417277318 -0.16260049163717 0.435359365163469
-0.364337558316124 -0.359987569193831 0.0951117739721535 0.199534770566235
-0.446708182411886 -0.0495955199472681 0.0310339388965443 0.0834619844495028
-0.279450776592555 0.215022953503952 -0.0685898171660072 0.0763336030893065
-0.141033434250318 0.273967372152935 -0.0925813285273687 0.238810832783213
-0.0660903881260697 0.342129671074599 0.0177062374998301 0.30769573052405
-0.00976564907107109 0.325137487576118 0.067015010519004 0.322597459730768
-0.0475135263718582 0.316237301188608 0.0250444836736805 0.328594019407236
-0.184369044612719 0.225668020336728 -0.0721481229941989 0.32295818141076
-0.264361671440787 0.10961263322272 -0.190838763598752 0.22232161931242
-0.346724243759664 -0.128791938209483 -0.225045977963181 0.0716550389654218
-0.210040318355177 -0.329587282503278 -0.142403195826535 -0.0643854709057297
0.0881066470590058 -0.39759213914751 -0.0334688912237313 -0.00140609740352242
0.315109007110853 -0.442305105001523 -0.165970683127691 0.152945231630723
0.0836642631380175 -0.356291452267695 -0.533131340625485 0.488319879532663
-0.0870587371865251 -0.301681029347002 -0.164896474418072 0.516844279674724
-0.209173870711872 -0.164037856781643 0.0771381959155994 0.198304548415902
-0.212593006275686 -0.0103047510531062 -0.0082626002612913 0.0739716468502586
-0.129650743154013 0.0958850743625153 -0.136087200696234 0.117923895888911
-0.0862327270722842 0.126920692608506 -0.141700278924499 0.315628016791946
-0.0689972008034581 0.167121036371092 -0.00329144214254657 0.410606644484104
-0.0376041735708422 0.160124748903447 0.0699625459132124 0.408440209931481
-0.0641150703969037 0.148516054555937 0.0127188874114073 0.407279161297135
-0.12118524901329 0.0862846550965514 -0.111421960420244 0.353454443195761
-0.127401437715099 0.0107380643651074 -0.229343754965289 0.20801249382045
-0.130815332525529 -0.0895475912190555 -0.206718695294216 0.042725057587937
-0.0691184273998438 -0.14786342652207 -0.111384641761267 -0.0522526297998764
0.0503092561775855 -0.184114136336148 -0.0322066472590697 0.0876173728695
0.160377803892521 -0.257398697522308 -0.237873777360813 0.278522973768356
0.0745351874861015 0.0309807104160779 0.224990411745533 -0.415494689285421
0.0342751758539018 -0.0428420847803261 0.00206782084407414 -0.222062561381719
-0.0405705495081931 -0.0537090607158469 0.0482914069819456 0.0468700290383513
-0.0764745758193752 0.0136109481298011 0.176594391537018 0.00861509019206622
-0.0153888307931347 0.0754681606884263 0.239658635584205 -0.161334869389331
0.0380943061265761 0.0480924707899245 0.163160973552224 -0.347632451293571
0.0647493522450246 0.0341378035044002 0.0125619050908873 -0.430075617470391
0.0532725633814026 0.0238193174081341 -0.0627332089223965 -0.413259330242454
0.0528979916082394 0.023174605979812 -0.00502626194314731 -0.415712147892731
0.0278762972588254 0.0344654192390619 0.104329073011225 -0.32658660024662
-0.0172457876757752 0.0365441823474863 0.157652527182266 -0.152684204887195
-0.037196427307629 -0.00796481870340935 0.0386766501241262 -0.0816560643056825
0.0220503545000106 -0.0274886347779051 -0.0191906652724585 -0.179223478714209
0.0369061977418029 0.045680840885268 0.147623042542191 -0.415288151706247
0.00312589322114229 0.091886482826232 0.532424685314189 -0.452783124607773
0.209629855103701 -0.19141234778741 0.1605396636197 -0.377517631575459
0.0646477839740788 -0.252457988331813 -0.0261994019829043 -0.195211194507063
-0.142611217006733 -0.226090274139848 0.043629182844905 0.063804501306586
-0.253853361895444 -0.0494998268293534 0.164939442446275 0.0357922110223504
-0.150721837791614 0.147919461413362 0.240449319003814 -0.146352898590111
-0.0309601666349407 0.174200313199466 0.163780711913634 -0.313094898946529
0.0491214840297751 0.210023144620176 0.029811103353629 -0.397186472202476
0.070285109204701 0.203524226185927 -0.0460896139311567 -0.370920588150839
0.0538942431708035 0.213269499921391 0.00463256957787661 -0.374810253955747
-0.055186440485051 0.192288306014471 0.109696471601908 -0.27147893643138
-0.170969399269046 0.14108158116004 0.144818566948096 -0.108870075751423
-0.272337479853923 -0.0531589860145962 0.000560298350660771 -0.0548316903056141
-0.138709720419947 -0.224548076589188 -0.0460060917239197 -0.188543446773131
0.0692518231711673 -0.210270619973659 0.131378178650749 -0.446476399661421
0.174377565247332 -0.154958588508041 0.493288335316659 -0.482902670119613
0.313985285733205 -0.39528846581698 0.052393418385953 -0.288093729454834
0.0741931442765416 -0.447929461165664 -0.0608139190025991 -0.124993648995555
-0.249655598472049 -0.37508129074916 0.0519754517620431 0.0885965247875357
-0.419017989969833 -0.0970893984136595 0.158109560698289 0.0541903716854102
-0.270335385460157 0.215118180066556 0.219482182686949 -0.129610963888032
-0.0944060258016929 0.282510516140788 0.141336916679354 -0.246800112806025
0.0272224210185225 0.356498244283777 0.0394264444953075 -0.309577688973011
0.0753415630400339 0.3524662093933 -0.0222636658022777 -0.271192442111616
0.0458114825413495 0.367532528500489 0.0149767875345673 -0.272857903115161
-0.131963419401219 0.31898531791719 0.0961678515438175 -0.169405644502018
-0.304985322323193 0.225247519437106 0.100335721568592 -0.0393625338687001
-0.47441451736263 -0.0906192607976995 -0.0560698668708358 -0.019151395630393
-0.283452181408753 -0.392049232452899 -0.0856545272652924 -0.182436997557134
0.0900292558188705 -0.437374336297103 0.0948902472742072 -0.431350509885081
0.321530839291917 -0.375824196249421 0.398497729168843 -0.443126447649689
0.371783559400184 -0.558703682895733 -0.0858006331801119 -0.152357881739156
0.0484398777552487 -0.61218612726013 -0.0967505711098092 -0.00738412905450074
-0.362140671671569 -0.480477012360878 0.07236989526468 0.121760767221662
-0.560407746601534 -0.112220690936137 0.149695660041688 0.0658992794935331
-0.35874407351276 0.275137596246341 0.173353012845783 -0.102915434156005
-0.142663581561314 0.361628896570502 0.0978847307980687 -0.147943489137396
0.00351645545403779 0.454847225428354 0.0428118374249101 -0.177150908376702
0.0689531018095749 0.445824491129126 0.00526275154714143 -0.130984674777578
0.0298481853140247 0.461880017059355 0.0231305141484489 -0.127775732482841
-0.187993516836839 0.394029853323787 0.0669955721351934 -0.034725846863831
-0.391258033813555 0.272314234489493 0.0331805067769442 0.0462638198506727
-0.608086233943411 -0.114432275918379 -0.119362011164054 0.0237837426946001
-0.387298484160183 -0.500975884259117 -0.126474312880281 -0.157597744662337
0.0995352748340107 -0.593132418852037 0.0495587553089801 -0.363555409421646
0.417384846773501 -0.530268830357174 0.259770593905108 -0.336599283738434
0.37054226746361 -0.654132742721023 -0.231980952149915 0.0206252166794554
0.00392180590303781 -0.698332632864716 -0.124413521437756 0.143019684894491
-0.445829198519353 -0.520951506075689 0.0943352425101874 0.157153616916909
-0.632985278375749 -0.0995345901936779 0.125877500406777 0.0742420168025979
-0.397050789989769 0.30963709729515 0.102793198264123 -0.056450463628007
-0.165141311495613 0.394949029243436 0.0388853869200441 -0.0209214460895546
-0.020942484290743 0.489525483596153 0.0395859090582935 -0.0147796559928943
0.0534757059669761 0.473367951067903 0.0314595008523691 0.0284731275027189
0.00984574112566137 0.481029282112881 0.0291540243943802 0.0359349958672927
-0.215236195043688 0.39899557222349 0.0262857588352565 0.109099455421274
-0.410945345160566 0.266960330359659 -0.0456568779076594 0.133124505646703
-0.629851128288105 -0.126586213888378 -0.175856529538306 0.0632564259679503
-0.410745592148557 -0.523955862133755 -0.155454179940903 -0.118635947783057
0.098057516506556 -0.636888110575075 0.00537890253091614 -0.248316077712939
0.444841686133213 -0.595389563192935 0.103339292383568 -0.181783061516525
0.313378130271552 -0.651019331269683 -0.363405838646995 0.205174668888782
-0.043199372166459 -0.673654034743204 -0.141890049317245 0.299444218553726
-0.447178840308069 -0.473616164477736 0.102182328214437 0.182732445579759
-0.594980982208552 -0.0709031714427064 0.0841019031862827 0.0806454076042394
-0.365583892467992 0.288227004467239 0.0161952577941069 0.00837204881566978
-0.163393988657092 0.365754137204992 -0.0244288410597414 0.116150263177675
-0.0414166060552787 0.448652828530927 0.0318727647109455 0.152638113270052
0.0282598523750172 0.426946791430615 0.0536375582339592 0.183678519403964
-0.0147613600996366 0.425037501000825 0.03139494843943 0.1921476286267
-0.210204504172061 0.336673809361382 -0.0191050084208967 0.232707989533336
-0.360468989448162 0.204681687545071 -0.12214972652854 0.196028570019945
-0.527224239422794 -0.129704734794838 -0.211286649717679 0.0822130037429948
-0.339005715485239 -0.456377969649579 -0.159902408044539 -0.0819771597455072
0.0950469626038669 -0.559032836481211 -0.022651947514443 -0.1173146041962
0.4011083804135 -0.557414940777624 -0.0448665942640076 -0.00875823992877286
0.21302562124341 -0.543841924970876 -0.463062046449328 0.367554452726059
-0.0693912012657294 -0.528062974797584 -0.15271889954805 0.425827691705092
-0.356647709984685 -0.343623041627204 0.0926528387527973 0.194880377585077
-0.439424000023015 -0.0435539829972418 0.0326556963279877 0.081280821533498
-0.267823423737387 0.20891255763219 -0.0683251076433208 0.0721531294227211
-0.133314145964635 0.267265686468629 -0.0846242669475559 0.234838732329909
-0.0563361048292051 0.335291356755261 0.0196277044666657 0.297988517171665
-0.00279624107587415 0.316394831746089 0.0680305177956946 0.312188441530819
-0.0401579744888817 0.305640371027965 0.0277591700559919 0.316918215493375
-0.175566484759083 0.222162865482897 -0.0639647834048824 0.314389482559466
-0.255085966059389 0.107463891382604 -0.182840472352889 0.218931481562807
-0.339125048843109 -0.117611917566331 -0.218314042366 0.073212026612843
-0.206839224241143 -0.315025628664908 -0.141613253668321 -0.0586745278893212
0.0805921651936078 -0.387158337184154 -0.0331228962293946 -0.000448771151292666
0.296360545167784 -0.432172481346372 -0.160452430744732 0.149571663645199
0.0800167583832717 -0.347418696279558 -0.513476561002796 0.477610799289114
-0.085655917249816 -0.295007142794347 -0.156167813869245 0.504985486862918
-0.203926593213762 -0.157152974435038 0.0754660786961168 0.194619921070031
-0.210473213467923 -0.0072179499956378 -0.00553199934287261 0.0720666126348173
-0.124246216964523 0.0930143229591505 -0.131596873893278 0.113790017252892
-0.0809538152965339 0.124468543041563 -0.129758822636867 0.309388243291245
-0.0634814998713355 0.164657327297741 0.00326950642606956 0.397627208302213
-0.0334172353288186 0.15651382195994 0.0712441942952883 0.394306902023449
-0.058086013375831 0.145096878095621 0.0169501444947746 0.391956006406593
-0.11628971720355 0.0858084464392048 -0.100991303903325 0.343406215941189
-0.123761987827426 0.0105442337203244 -0.219663387117967 0.204315175088861
-0.128862486343331 -0.0824042190498345 -0.200417981318786 0.0444856454805615
-0.0692045138071835 -0.140867453085494 -0.111276288676135 -0.0466807910416146
0.0451147563475889 -0.180056902300092 -0.0311279720562327 0.0858053388276804
0.150859706321022 -0.252419119399037 -0.229279351780395 0.27138562736359
0.0723263866122463 0.0327875212614007 0.225405011300257 -0.408758866075514
0.0350051867925208 -0.0387904135182759 0.00377354630433581 -0.221999535548551
-0.0404135861658965 -0.0529666990910431 0.0492245669887516 0.0438520169832099
-0.0761678869216697 0.0114877142978768 0.173947398685141 0.00774548888342314
-0.0149009828656011 0.0750470904345472 0.236136403547312 -0.159296734649925
0.0358580952448692 0.0488361058083148 0.157964411693934 -0.343609732757346
0.0630652700311067 0.0332985028686784 0.0101285842316501 -0.424325244208492
0.053181608143985 0.0240033954194325 -0.0602181536801924 -0.408201173579101
0.0511855912261997 0.0234283387835364 -0.00565472656937718 -0.40916049330582
0.0275247315327079 0.0331175132424262 0.10136045164245 -0.321107506846489
-0.0167919359788674 0.0362925617126988 0.156700141971866 -0.150342727407261
-0.0357816016276383 -0.00908094483054015 0.0380901126000359 -0.0794472969059239
0.0225269326467358 -0.0265995604560654 -0.0184851181964469 -0.179827191606258
0.0384748666001034 0.0467505198425206 0.149266207985798 -0.411315446746707
0.00307783083865283 0.0916110402273456 0.531563786200482 -0.442484752469144
0.206920382010047 -0.18548401938083 0.163501711067204 -0.37021168340772
0.0661131477354907 -0.24588562746995 -0.0224683979598688 -0.194365021181156
-0.13980881584942 -0.222887985192197 0.0430877077381492 0.060743262629628
-0.25316206386506 -0.0515557868003248 0.162442133352189 0.0348326288205807
-0.149688637741983 0.145245746753391 0.234947451001102 -0.144491995652662
-0.0325837229429917 0.173088328714292 0.159016874538143 -0.309245410929954
0.0493334627242397 0.207306136788077 0.0254149164781497 -0.390718791917565
0.0711126745236142 0.202079552509528 -0.0435414200891179 -0.365386100519959
0.0523859677905006 0.210187044297281 0.00391607983167509 -0.367132171159797
-0.0549525653638636 0.190138712366696 0.107489632271607 -0.266885388158339
-0.170138517119252 0.139068637723096 0.142820604832922 -0.106753608865067
-0.269456420625744 -0.0529718429586756 0.00013301265313737 -0.053418131813682
-0.135407584574972 -0.221535478297866 -0.0440639745637357 -0.188820948477034
0.0711237208844198 -0.2066852230479 0.134112160790557 -0.442512950166452
0.172701503178286 -0.15104654814261 0.493635776488494 -0.474016066452943
0.311726392643671 -0.386794533154181 0.0566003774128856 -0.28342209353317
0.0765517317631079 -0.43956780368687 -0.0565569486868213 -0.124756878558481
-0.244682660290596 -0.369674739140852 0.050784566884519 0.0862271183987558
-0.418880708814032 -0.0983485205530375 0.155919788862793 0.0536017049614485
-0.268373219314182 0.210155372397407 0.21347484664851 -0.129096529741491
-0.095750879048561 0.280525902050784 0.137743384946613 -0.243327252225441
0.0293735480334949 0.352806189656953 0.0350789555384758 -0.303117441123519
0.0768178303144343 0.350058693260031 -0.0201514857606673 -0.265958155217922
0.0446860130093564 0.363284777477003 0.0137856410013944 -0.26661250692498
-0.131843330317602 0.316931204571582 0.0953225371269204 -0.165754227887289
-0.301917990461298 0.221326600227759 0.0978319420473722 -0.0380403415359957
-0.471397344696304 -0.0913727365137608 -0.0566777571992658 -0.017808010426216
-0.278497994061985 -0.388809902629696 -0.0842652751891356 -0.183190204806321
0.0940783909888099 -0.432256566272474 0.0980991888863137 -0.429406796241438
0.319449751630379 -0.368353239869413 0.399318569078117 -0.434812979840657
0.36924056137676 -0.547952928713671 -0.0806487927169215 -0.149894077448581
0.0524543358296382 -0.60176716087669 -0.0913139777599951 -0.0085561388623488
-0.355222536010401 -0.474875355050246 0.0710679972645801 0.120288937315216
-0.55830282673659 -0.11249898483171 0.147969407571106 0.0658219645675962
-0.356078033430676 0.268681967359328 0.167024267553527 -0.10341455939662
-0.143033146868719 0.358992634325043 0.096652221380587 -0.145200604849165
0.00550203817330196 0.449917526749335 0.0374418652129836 -0.170688617619301
0.0707654562270982 0.443453090428938 0.00633361197126865 -0.126870673134498
0.0291376751548404 0.45470616770522 0.021951449618609 -0.123278181183954
-0.187770638241175 0.389613246322724 0.0668559704763074 -0.0325555807247835
-0.387921917814538 0.267314938141117 0.0308650454132855 0.0471465043527493
-0.603287312713602 -0.113283017079121 -0.119892745024247 0.0247496322684103
-0.379815691567385 -0.49811390331946 -0.126139780800512 -0.157399748270987
0.10366688137098 -0.588381826998737 0.0510621620257943 -0.360861800721246
0.412857285446566 -0.522686868589341 0.259793920009075 -0.330340448874082
0.370978949421674 -0.641668637258557 -0.226683612632163 0.0195223119160301
0.00586209102637844 -0.691333326465509 -0.119334074703812 0.141947907241277
-0.4367817328196 -0.515637999519954 0.0915689528235271 0.15669001539403
-0.632759756773537 -0.0989738406883579 0.125879721691511 0.0744532520417555
-0.392893580431595 0.302206387440046 0.0967150921243609 -0.0578236474915444
-0.165408363995939 0.39102131428236 0.0396616262127859 -0.0200540221197119
-0.0171807942938141 0.485316455261585 0.0353421980173273 -0.0113723603037625
0.0560151077063016 0.469425011524952 0.0321312721696069 0.0302973803124794
0.00923839392285552 0.473234403665336 0.0276107859820497 0.0384643169577371
-0.214492739101854 0.39797819892547 0.0276179419307847 0.109324015096002
-0.407340874346349 0.261468944318199 -0.0472771495651471 0.133039285639251
-0.625063186660988 -0.125436559778184 -0.176224391618202 0.0643931293545762
-0.402746656507301 -0.51896942245878 -0.15395643753513 -0.117934140330534
0.101196487492698 -0.629859841151677 0.00788357542832235 -0.246164377463804
0.440143763205201 -0.586609631480192 0.103147321164179 -0.178605309593627
0.316842628421674 -0.640480919955854 -0.358641799466968 0.200669168690415
-0.0388543715324785 -0.668536184708341 -0.137879137794974 0.297714227201576
-0.441250456890681 -0.469215981823392 0.100349813910016 0.183871977504395
-0.596170742244147 -0.0715073474737989 0.0846063621134915 0.0810577122576639
-0.362912749194072 0.282264425308811 0.0114202008394303 0.00585858330365978
-0.162934024577057 0.360912272816687 -0.0225879832401055 0.115934101768299
-0.0375632962579685 0.445582960004571 0.0284224841605337 0.153676096565585
0.030973669276417 0.423762213804676 0.0525966361753287 0.183476565957629
-0.0143603612774786 0.418966292425414 0.0299293670486503 0.191827840981925
-0.20895760235584 0.334167563319163 -0.0171892288893161 0.231097828183243
-0.357529217311508 0.200035137629274 -0.122814878497525 0.19562524006157
-0.523934119948154 -0.127505471353848 -0.210931132080903 0.0824694754564306
-0.33339376175771 -0.450743533545434 -0.159782441925628 -0.0801313835418348
0.0970215853242574 -0.551571942766967 -0.0211283961385853 -0.116756774560137
0.397023920431579 -0.549422259168291 -0.0451839798561686 -0.00914690033803756
0.215878848895777 -0.537127530606067 -0.460455888703408 0.358537361127736
-0.0659496608820472 -0.526009874756951 -0.151250931220589 0.423445751434511
-0.350598469030341 -0.342281123390356 0.0904781665850514 0.196793107357053
-0.441612059912599 -0.0429873970490866 0.0342696114383594 0.0815117597938978
-0.265707956970225 0.204071999857475 -0.0707455771847753 0.0687141113041466
-0.131728857540011 0.26589790561427 -0.0805453898299135 0.233266891424452
-0.0532238342109251 0.332845904131546 0.0173890055608069 0.296984726542028
-7.92252285736969E-05 0.313946703191973 0.0661681255165613 0.30955590226162
-0.0385047343292623 0.300879032952298 0.0264025130345339 0.313467864026757
-0.174386042281785 0.221329036220249 -0.0609143307627789 0.309958617074786
-0.253414749950516 0.105178241713713 -0.181624824091358 0.217821711087864
-0.335950463187131 -0.114815586307128 -0.217434314929584 0.0733365404995062
-0.202657046466753 -0.311005365207632 -0.142256471118797 -0.056097098734411
0.0803785037888227 -0.382998952677353 -0.0329905334958515 -0.000374402851063468
0.293681526485349 -0.425986422026387 -0.160548808951914 0.146032237059181
0.0825651158646446 -0.344480861871796 -0.513334542889504 0.466172727924599
-0.083048876316142 -0.295578920702432 -0.157836278905755 0.502012473603347
-0.201000780583935 -0.157133253253256 0.0750171273667275 0.197257567774811
-0.212248819911003 -0.00624145562257131 -0.00313764190709488 0.0713727725947894
-0.123629054409521 0.0901883399858939 -0.132197473952587 0.110523842137872
-0.07935524705785 0.122220464632596 -0.125699515027356 0.307387175204203
-0.0608567237540415 0.164593354427492 0.00330019669335776 0.393822795645256
-0.0314351601165886 0.155499338253143 0.0687486517877022 0.388968839679894
-0.0563360717974818 0.142822267721705 0.0169760914808664 0.385783293070782
-0.115107823461386 0.0859660670650512 -0.0979095752173627 0.337999373516382
-0.122804269902085 0.00949816994975568 -0.216553359611123 0.203651533423649
-0.127970105795295 -0.0793576163313151 -0.198977129440047 0.0443502564319521
-0.0682088256427251 -0.138481194971702 -0.112599623138788 -0.0434015772335439
0.0437472463368382 -0.179004577307429 -0.0315867465833921 0.0843936077848498
0.14734515401076 -0.24912960027096 -0.229622636723303 0.266324466267239
0.0726319704246244 0.035350173327372 0.230931991018965 -0.414638659834877
0.0374411091717601 -0.0365156468928548 0.0033080799139054 -0.226773379304942
-0.0411813898732012 -0.05363324011094 0.0498298399571428 0.041819267732432
-0.0784062676016707 0.0103415950183412 0.175188366324894 0.00543582544547126
-0.015056286160827 0.0756936347360051 0.237566254747116 -0.162607086644314
0.0352464714875207 0.0510662685357956 0.155698062929864 -0.348457253591204
0.0638249898575851 0.032749899236939 0.00523146210835263 -0.427632573172407
0.0542166660668682 0.0244098353726312 -0.061247824093511 -0.413077741534477
0.0510985741484626 0.0233782298048647 -0.00829795284606421 -0.413640173676139
0.027582893171824 0.0329848290473436 0.0991839802351779 -0.324447299375479
-0.0160240853351382 0.0366439495270795 0.158365939985662 -0.152928836718972
-0.0352679502426044 -0.00972077317063717 0.0376358157250194 -0.0798983818822618
0.0249122243668492 -0.0264169230606087 -0.0193335517407032 -0.18430016353529
0.0412835028384044 0.0484423080724525 0.150290659922077 -0.418343799144823
0.00347454589985129 0.0935402255301769 0.543297511467207 -0.447582822238128
0.209767902065774 -0.185018905177052 0.16974852475121 -0.37637628382059
0.0681922664528443 -0.246782042819023 -0.0212583061990368 -0.199126158934104
-0.141745400142477 -0.224131301492502 0.0434364625116715 0.0591103249627607
-0.259622608029839 -0.0531184078483124 0.163327122003435 0.0345773866983003
-0.151450758525085 0.146806010027858 0.23515305026963 -0.147691134933046
-0.0340966006897905 0.177913007193026 0.158302386074862 -0.31419526018512
0.0520294962997669 0.209208594902378 0.0202107416260025 -0.392487626945555
0.075282145212191 0.205195441088837 -0.0439517090115051 -0.369128975556921
0.0538385310182699 0.21251975267181 0.00193054914290828 -0.370001015063152
-0.0554065961258985 0.193700004920649 0.106878652218386 -0.270122474276254
-0.171766708433841 0.14173877408972 0.143734763121653 -0.108483310248488
-0.274126025086022 -0.052355669136726 -0.000780165566108085 -0.0530469705277807
-0.136911337222784 -0.224749360253871 -0.0455697175833419 -0.194413808396155
0.0752034041482088 -0.209123374211393 0.136837160632377 -0.452189147158458
0.174738578834847 -0.153074512589028 0.50425367721118 -0.479225250748985
0.316477905186098 -0.389324146380113 0.0614985971532928 -0.287155546716846
0.0769681909043885 -0.443177686067528 -0.0542245020789047 -0.127458221084304
-0.24759354989307 -0.373560346839631 0.0514525683075177 0.0856687326283888
-0.429794873205432 -0.0983938806280913 0.157527747858637 0.0542927043127186
-0.271879296389959 0.211838917170426 0.211413737086606 -0.132902099026949
-0.0969877625282037 0.286604438142419 0.138197627380814 -0.247383926054757
0.0337017473032707 0.357849681805591 0.0297907296516135 -0.303016482278252
0.083438939996835 0.355278689349054 -0.0195015872088446 -0.268182255567807
0.0462072044948158 0.36729998432979 0.0115368581081423 -0.267049561846134
-0.133022855808408 0.323065347811599 0.0956974157468889 -0.167070371496463
-0.306336019700071 0.225919313586769 0.0984963308560769 -0.0371245668821446
-0.481533703050481 -0.0893447236988732 -0.0584796571363382 -0.0152548845145722
-0.282898435258082 -0.394518239805953 -0.0859134724295376 -0.187696002784969
0.0973070699966331 -0.439274832475323 0.101393033703506 -0.438308605628145
0.32291388474458 -0.375370299965665 0.408188286965974 -0.439841316974312
0.375668565384639 -0.554075112942608 -0.0779834568559529 -0.151653699444951
0.053371456830772 -0.609101263550233 -0.0882499987523864 -0.0099685494565985
-0.362087341684869 -0.481320679589916 0.072062505431871 0.122026687563806
-0.573866703396596 -0.111253339426753 0.150521100765393 0.066490203895107
-0.361831602301325 0.271927845135534 0.164066233489379 -0.106516092139511
-0.144788439815639 0.365908438361697 0.0970569889671506 -0.147566097651698
0.0112120992944585 0.458140316779809 0.0334634224406003 -0.168818937515136
0.0787146300285382 0.451510725617082 0.00758406452294792 -0.126943402540829
0.0301917587557602 0.4614391495784 0.0207808884525705 -0.121965426685835
-0.190936992341056 0.399048529010989 0.0685680184358917 -0.0317715310372531
-0.394215026033681 0.272931328947246 0.0306291335883007 0.0499084786923603
-0.616448153970029 -0.111662941918049 -0.123248537897065 0.0283079164946781
-0.386352588199128 -0.505684899947531 -0.127747295335142 -0.160262005927382
0.106065876607736 -0.596694693512868 0.0533060514522557 -0.367669228111358
0.421291311467967 -0.531205051089804 0.265384805156601 -0.335107246985732
0.377830278992851 -0.648610706332764 -0.226437686079611 0.0193629022960246
0.00642422251054255 -0.701380952151621 -0.116379483221869 0.143239272441461
-0.444493446739393 -0.521901677187458 0.0939783387542952 0.159618932542383
-0.650426963478577 -0.0972977981974194 0.129416883656404 0.0757900583945649
-0.399262737949634 0.306475455620881 0.0925391091373788 -0.0604132243709202
-0.168468696852756 0.399774842729855 0.0418866433613299 -0.0202573824710992
-0.0113440318792801 0.493857349108183 0.0320746710866807 -0.00674200255595564
0.0631964373699609 0.476949921251855 0.0336497152466114 0.0327186391517351
0.0123167185876192 0.478367210602464 0.0270709513857016 0.0415494330884817
-0.21707435747144 0.40572086073936 0.0298422077126058 0.111099207154278
-0.41581129396745 0.267153881176203 -0.0488519840568509 0.137793045945958
-0.637836529543815 -0.124258034954153 -0.181095272771914 0.0683434644181877
-0.411656459583062 -0.526775522223003 -0.157183666280966 -0.118993362835706
0.103402500164159 -0.638701552303049 0.0091408422374712 -0.25187688205578
0.446412707543898 -0.595101576120921 0.104380156339645 -0.181331505044439
0.322327416902765 -0.650635230486382 -0.363233105229692 0.203100608380281
-0.0389314987976243 -0.680568180388339 -0.136054587856454 0.30303119464249
-0.446889900340328 -0.476673342786122 0.103149384077826 0.18871267347972
-0.612517451842551 -0.0685855246387386 0.088320234348143 0.0822830598924816
-0.369295926952945 0.28554044044076 0.00706822474698614 0.00404952615224331
-0.163934704941811 0.368326577805498 -0.0197593222412751 0.117761869580581
-0.0315419407511742 0.454294478809095 0.0268601900321753 0.158940222618851
0.0375300260816981 0.431770983656893 0.0543813550520403 0.187507049063256
-0.0129326540852338 0.424115432652453 0.0302472257427322 0.196299017713638
-0.212061049993475 0.342475602524836 -0.014219574568967 0.234491307358392
-0.363583853245803 0.203181200816862 -0.125139174636203 0.201022889900084
-0.533092104370933 -0.125920754799946 -0.216176558027208 0.0866618350815687
-0.338455266958383 -0.455936503095773 -0.163283501492267 -0.0797916768120943
0.0982003397480437 -0.559806918045551 -0.0209091347996397 -0.120095903013811
0.400893299436059 -0.556712471570798 -0.046760324723191 -0.00938457745269273
0.219521877739565 -0.547032053877458 -0.467938268572791 0.363704724404201
-0.0678270499475518 -0.536694897387054 -0.149933526484037 0.432230582760124
-0.355318482475391 -0.348699673776411 0.0941352364216245 0.203192222108207
-0.454501767251105 -0.04005837403596 0.0382502654742909 0.0824203923012912
-0.270792824383527 0.206644629333614 -0.0754087499495856 0.0680019551672268
-0.133204253447949 0.270601225224663 -0.0776926308048159 0.237937770877225
-0.0485341366286958 0.340014650401908 0.0180394451281679 0.303036638724022
0.00465732623772355 0.319433720588496 0.067824012366147 0.314747621262985
-0.0374782117474462 0.303909271024847 0.0284095637111235 0.317808751129559
-0.176487543935043 0.226370734331548 -0.0587363544325206 0.314105737261067
-0.258021351009711 0.106443366906116 -0.18424640332517 0.223998589679494
-0.342966945663626 -0.113092058575149 -0.221901815061281 0.0766287247947447
-0.206931516134446 -0.313656740751628 -0.145987567159929 -0.0540352636690968
0.0798497054130401 -0.388497303993251 -0.0330125120909257 -0.00110443142215339
0.295498165716527 -0.432057913344887 -0.165038635714124 0.147564767379026
0.0840507886653669 -0.352206882726027 -0.523150258619412 0.471395385318114
-0.0851413854877194 -0.30407470945018 -0.15843907581421 0.512826361437361
-0.20373573262388 -0.160186431853808 0.0778826614225155 0.204368059074326
-0.219041743642158 -0.00357953182230233 9.14697866891139E-05 0.0714621555788218
-0.125503435526053 0.0910116352748846 -0.136301175112247 0.110294938165237
-0.0799307383777982 0.124734324834142 -0.123146851852589 0.313613943878165
-0.0581368492139957 0.16919880671015 0.00517420580276757 0.398893751780793
-0.0295718305396149 0.15920771540633 0.0708428491907478 0.393731953420151
-0.056295888277063 0.144738541794031 0.0202600518329467 0.389943507028718
-0.117003804147111 0.0885363278539997 -0.0952073136606103 0.342099968977844
-0.125452997066298 0.00950938535131062 -0.218780448200675 0.208972843963684
-0.130415587011462 -0.0778092824879265 -0.202609661922123 0.0473726716636199
-0.0695880406232414 -0.139598956110504 -0.116181716440941 -0.0411063954770817
0.0420248556535064 -0.181421603455728 -0.0320458470929781 0.0860336781971704
0.147338397114941 -0.254058517942394 -0.234822062031677 0.270160052375372
0.0713487739066734 0.0238845949796499 0.21076108427233 -0.432594366815652
0.0317818244160907 -0.0405991023177522 -0.0110486905949158 -0.229453053951345
-0.046712881964725 -0.0489541652181471 0.0584611712120678 0.0341013170609739
-0.0767783760769446 0.0172252612924906 0.178314305990242 -0.0152836048130121
-0.00597249187825954 0.0724659323980408 0.222754533560461 -0.185881752778534
0.0364680701937941 0.0443719823904604 0.124450557601385 -0.365081250184447
0.0660767701466042 0.0225391087438196 -0.0393750011736362 -0.431534380686725
0.0546702540485478 0.0187770264119805 -0.0978353270889451 -0.415004848066593
0.0544228287618235 0.0178243386781149 -0.0439477397387467 -0.428436941008782
0.0334625826418041 0.0316612529258644 0.0754948976428881 -0.346683740968615
-0.0105432428578859 0.0407155607834901 0.152296070371895 -0.174070198001216
-0.0349627692492956 -0.00582085962460389 0.0337347903244486 -0.0869040026294703
0.0277807776635102 -0.0290916965708205 -0.0371222035437352 -0.192837443941896
0.0560880312129438 0.0534418173596068 0.12705358187447 -0.458133837109661
0.01615238952567 0.106588660398932 0.544885785789341 -0.504512557280664
0.183209603823767 -0.210735837378567 0.167263563054213 -0.378292789657542
0.0406438942039124 -0.253064279742992 -0.0203159225344449 -0.197616954518991
-0.16720929689455 -0.208759446303142 0.0690632852615655 0.0450859775450092
-0.267564753281935 -0.0219194601771276 0.177285588508012 0.00121849165175029
-0.136367642307579 0.157366436378837 0.213903025454424 -0.179912829429053
-0.021617736105853 0.179082203389959 0.12468158791142 -0.333642707913757
0.077410081667774 0.204544733127027 -0.0302262458391502 -0.405125440922917
0.0926923828087508 0.199803382580707 -0.0795777570254277 -0.369549290983285
0.0776450034004017 0.208983995140231 -0.029666038335209 -0.383341318737483
-0.0349182013562557 0.204751341147024 0.0887270337131255 -0.29431216512089
-0.157598763866649 0.162979027234062 0.14224426039881 -0.129693186771087
-0.284574687414358 -0.023948031456028 0.00388070068795911 -0.0576939141885332
-0.157426137697272 -0.216350171239401 -0.0550388791551121 -0.194187462683145
0.0684123686114622 -0.218077114397701 0.0988590374611749 -0.481245577116584
0.176755136529538 -0.165837555118967 0.48489897888863 -0.528076293605093
0.267899421275524 -0.42385774483861 0.0769543414609251 -0.271717622719346
0.0278335617093913 -0.450451702833538 -0.0350779459871025 -0.121821151910572
-0.290879730783191 -0.346066784943326 0.0931649199106407 0.0645111828023096
-0.4458678235535 -0.0461740025152756 0.180469062241474 0.00922452041767943
-0.251471302976026 0.236159203164479 0.185121738813646 -0.170595862248078
-0.0746791067800408 0.296292174652436 0.104795591994148 -0.268303981182796
0.0777465721499971 0.359684819765153 -0.0199339266370738 -0.322371995937376
0.11582618866914 0.350727604621613 -0.0467619230140604 -0.266680398514883
0.0873951735654499 0.366393572744512 -0.0108183777822586 -0.276131606027583
-0.100953982195796 0.34480476898939 0.0859437330318295 -0.189164046775365
-0.28696386006342 0.260528895446777 0.10104434795537 -0.0543467363776249
-0.500655873685994 -0.0393342772092264 -0.0466105126975794 -0.0159450738847898
-0.323233203613838 -0.376882917280182 -0.0887106776911424 -0.178611327588121
0.070570104027509 -0.461985695371032 0.0531073466859963 -0.452088489808276
0.314452633785178 -0.411911743218282 0.368414180072525 -0.476140548335134
0.309714859291666 -0.594102448283971 -0.0467360206121641 -0.120449847499506
-0.0139450884605094 -0.612995841915933 -0.0492698236724305 0.000304242524067984
-0.416164239905926 -0.440393303061476 0.128267601800044 0.0912960213927284
-0.593075860110465 -0.0406130465830613 0.179308426162541 0.0111503169348866
-0.335031525982352 0.306422803522165 0.133623725741678 -0.146542808104911
-0.114327360964704 0.382886277432724 0.0687742380341422 -0.167114307315797
0.0701238005218852 0.46481965913506 -0.00862835504076909 -0.192009221055151
0.120150548302731 0.447191899360629 -0.00736023982677226 -0.124128700271466
0.0825079269018819 0.461900427121905 0.0110827124946235 -0.126284624254568
-0.15321004604792 0.427490502963202 0.0693562597231976 -0.0470621404900814
-0.373859356273012 0.315043582542787 0.037306779398293 0.0419651727888827
-0.642301558719754 -0.0486917379157656 -0.107154430541167 0.0337459341829264
-0.440918270066944 -0.48010209204392 -0.124556293596897 -0.141514876519869
0.0643469010588189 -0.627541249737446 0.00319371742315342 -0.367534628341404
0.401883332228747 -0.586239623613701 0.214296222165768 -0.352604603336977
0.302635666609199 -0.688245394432288 -0.182337865282359 0.0639856602529329
-0.0693689758019366 -0.702177520312252 -0.0616510928910188 0.156828822292027
-0.505495487106696 -0.474166269869671 0.158926207717064 0.123357423547518
-0.669609997502489 -0.015647155667484 0.159967735921359 0.0151861808998935
-0.37137916138385 0.34781568240736 0.0615529902096606 -0.097179087097962
-0.133874999944037 0.419516838678377 0.0220020269814924 -0.0340780024397417
0.0525631281877046 0.50560935099226 0.00367323698450394 -0.0302075748587392
0.108416725185537 0.476918170958614 0.0323435003277245 0.037157771627199
0.0646690335697032 0.482615395434216 0.0314176450443319 0.0437253961258917
-0.180087415024708 0.437725328636293 0.0414545610406209 0.104674112759245
-0.394287911562026 0.309991068397648 -0.0376914374844999 0.139795806067535
-0.665655345674646 -0.0583462726273324 -0.163555520436771 0.0816587198811739
-0.467376525374637 -0.500156853016675 -0.151471946106997 -0.0939346440945024
0.0563863409680744 -0.673186395005131 -0.0361686532351475 -0.238768039457167
0.421494425345611 -0.65797941575484 0.0512703508917428 -0.179903165486339
0.249889558893824 -0.680894108774214 -0.311817049309587 0.255434789150954
-0.110655026939193 -0.674969852120447 -0.0714432774713355 0.318614367082556
-0.503267570082323 -0.427519418332035 0.168169018150008 0.151792754222241
-0.628788264012992 0.0104653040026537 0.116745331230268 0.0270388278915794
-0.343227608660135 0.325360254443482 -0.0181884563287003 -0.0217313700319879
-0.130318492670725 0.390071739602949 -0.0270417335804284 0.110635909261468
0.0284259135990199 0.469066824103138 0.0171705947158176 0.139087760958925
0.0793202966028743 0.433508017462559 0.067491788486022 0.192313167013725
0.0336211668475627 0.427295523801349 0.0483503261859367 0.203353355746183
-0.181960979277694 0.37037351481765 0.00581524679630106 0.238235077406503
-0.350124149893 0.239987067832204 -0.111409487681762 0.213945122359812
-0.558890972190597 -0.0711253471069953 -0.20202016237819 0.105569724857877
-0.387513574421496 -0.433487528381826 -0.158425762735973 -0.0533092500689035
0.0544711924800361 -0.59043453096591 -0.0549667625901793 -0.100242497574005
0.375072117023742 -0.615960347424034 -0.0935155325620046 0.00797095587199581
0.160682351279939 -0.56331909564624 -0.418466084559024 0.416915360107027
-0.122666936721752 -0.527928787560312 -0.0861564601009143 0.450688354372831
-0.397419435747746 -0.309458687630484 0.148728319860187 0.174690062382781
-0.465065134447857 0.0203918193102974 0.0598804974950731 0.0430052683269026
-0.253352060026892 0.236818468627339 -0.0898797858360435 0.0564870875739546
-0.106010336961827 0.28903218618683 -0.0714298139394623 0.23921619295173
-0.00341642979723282 0.356771326453102 0.0290656557689085 0.289698435995984
0.0365003152970196 0.324141204459565 0.0933538121801197 0.319058393754182
-0.00544261709227909 0.311019935340808 0.0565669056675888 0.328950992104577
-0.157810300348479 0.247857747145364 -0.0326895578808074 0.326189837735297
-0.252453157320518 0.129190904467382 -0.171325832542414 0.245559621917177
-0.362064666555904 -0.0791173177784636 -0.215346758037984 0.0976600196546545
-0.240579430431819 -0.300649581761642 -0.145065176958494 -0.0314020060160202
0.048066183391711 -0.410348235596826 -0.0518355600516266 0.0173348954739384
0.270557708510495 -0.477595081772258 -0.196913677803669 0.175886213146824
0.0483275296468803 -0.353908724598627 -0.484052860479915 0.518793976822994
-0.112363530438443 -0.29075123282153 -0.104292334875067 0.532442236605106
-0.221677208488792 -0.137955644335487 0.115257528080777 0.187663466818135
-0.222562632318327 0.0269032260377728 0.0131315115612324 0.0534160473884416
-0.117906122877508 0.107064287698251 -0.138511677381953 0.114314844132235
-0.065536005562734 0.13758079484407 -0.104691719466154 0.323198418395212
-0.0348173701942092 0.183506433909905 0.0349203014343499 0.394967911045808
-0.012331160344665 0.164754821154233 0.104066967200093 0.397782107785499
-0.0412872272784418 0.152392316039259 0.053598236391588 0.402190050876741
-0.111605519406486 0.100769824229085 -0.0685098702002753 0.361716521191026
-0.128448055244672 0.018279213872892 -0.208230195832987 0.236573993499603
-0.140203025532179 -0.0659686368533508 -0.204616025800307 0.0680107287317884
-0.0845641645441614 -0.135398917052357 -0.121220143427586 -0.0254896148287383
0.0241625380061433 -0.194016051744315 -0.0347169503970705 0.100142405219607
0.128945865076455 -0.281253511704309 -0.247415913450897 0.303136041988325
0.0738503624366773 0.0231022589213074 0.193736472134843 -0.451517425586079
0.0325174874672074 -0.0414578718219221 -0.0243730468023803 -0.231935651047054
-0.04980192414417 -0.0469979636293897 0.0613009060798643 0.0308649748951851
-0.0791292618803005 0.0213990987855501 0.179613294591746 -0.0257681126034507
-0.00227394553402845 0.0730184758020057 0.21480640816656 -0.201181756129886
0.0391475587297517 0.0448103931231364 0.103681434638138 -0.375992083046207
0.0670503730826146 0.0195911781989269 -0.0658960906958779 -0.434151893971074
0.0566246266493275 0.0157492462411967 -0.121910029691621 -0.416246571758593
0.0555036507432596 0.0150431519806285 -0.0689825515628424 -0.430383742587561
0.0353362340684591 0.0293672950340541 0.0569334408457788 -0.353506349789623
-0.0077135614184002 0.041456639994106 0.144894159572952 -0.184575604178656
-0.0354793313636948 -0.00550527075633713 0.0284880693864501 -0.0887834790563404
0.0280949201645749 -0.0317753626738793 -0.0493807890329014 -0.195564637652193
0.0617222657103446 0.0515574697127682 0.10513108654301 -0.472385103220865
0.0215496669069691 0.107612234113534 0.531407173578665 -0.538070944704488
0.175740054544407 -0.219712740832127 0.153113514837863 -0.393265717630239
0.0305160284543558 -0.256322105739831 -0.0302692802886668 -0.200357196281871
-0.180641361482793 -0.202700558652808 0.0722885227333968 0.0417619431760994
-0.276313469683133 -0.00730582571090006 0.179063544200974 -0.00863675072095324
-0.130542075844035 0.166254125225255 0.204587073278301 -0.193551112684814
-0.0122630744327469 0.185083448362645 0.105200262717838 -0.344429803560834
0.0903777322294789 0.202579450898848 -0.0546692886742771 -0.404350961425563
0.107637719380925 0.196255582290893 -0.0985927399632108 -0.369800582057129
0.0902247091609154 0.207804357102037 -0.0523270402026434 -0.384197743750576
-0.0249121981714132 0.209387593400825 0.0734140620904871 -0.300498356834155
-0.151852276775798 0.173789649153568 0.137289858206377 -0.138061993110132
-0.291757406711818 -0.00876642287820833 -5.63372585604063E-05 -0.0574313010309198
-0.170229707179114 -0.212831187154463 -0.0672144995795156 -0.197135754203412
0.0599121573214653 -0.225846610436452 0.0753170783956032 -0.49627703727326
0.170131771656959 -0.177759495776319 0.468674290081436 -0.562369146821925
0.251336329858359 -0.442008388440257 0.0680684129156537 -0.281817158002849
0.00730386556369284 -0.455750827567776 -0.039745902260265 -0.124380501415442
-0.313247030506345 -0.335858513944652 0.0984875633060669 0.0600588685574037
-0.459395562764865 -0.0196235171474735 0.183560639848921 -0.000740862978990204
-0.243874364299947 0.251652325098684 0.175236827712919 -0.182091202710541
-0.0602043307098102 0.307099997789169 0.0906830812013082 -0.278322177472817
0.101552268914 0.359092394096991 -0.0387221400746631 -0.319494214841325
0.14129471033301 0.349130704611754 -0.0600572861364956 -0.267499502086004
0.108973423893455 0.366865213959102 -0.0265850275184923 -0.276957814000789
-0.0841281731705934 0.357572319228559 0.077020912764672 -0.194550901093638
-0.277435834443495 0.280429209219566 0.0999092674098672 -0.0583614420744924
-0.512482213670578 -0.0099687481741495 -0.0487742599746799 -0.0121169964882502
-0.348354130453569 -0.365922462752849 -0.100136198484293 -0.179003102399576
0.0506591038599216 -0.473667513414292 0.0317570595314522 -0.464476124880776
0.29719581069489 -0.434497250887139 0.353072752502513 -0.50169345749543
0.286034427433299 -0.617402853179251 -0.0493666514928464 -0.121759040195197
-0.0442151540104779 -0.620941791046832 -0.0470039583660847 -0.000227384259630047
-0.446797436083948 -0.424685065821743 0.137231697047865 0.0855911796860118
-0.609263536529866 -0.0046453729128964 0.183215701621907 0.000851220595166686
-0.325815183547906 0.328357871561809 0.122867151121201 -0.154575974347789
-0.0956844728786022 0.396891269717036 0.0602639719747134 -0.174189976789613
0.0992311321673132 0.468249528089002 -0.0195431251318389 -0.186942803954263
0.153054114848327 0.446882465864674 -0.0122848008315761 -0.124483786668306
0.108940303730909 0.465372832512633 0.00433533371017805 -0.124857278039208
-0.131957610323212 0.44602914076662 0.068511718441667 -0.0507904720964867
-0.36315544219754 0.341355653593995 0.0403860203335265 0.0431620811394745
-0.65922740254707 -0.0102570224026817 -0.107324249253367 0.0437446791401
-0.472014869348754 -0.466106471303291 -0.135160075486739 -0.139220508422007
0.0356175042724131 -0.642088880254131 -0.0148849733214734 -0.376663115771317
0.374956561708504 -0.615889469728763 0.201203401505864 -0.367630770305901
0.274999922475565 -0.712881490664258 -0.178987398069658 0.0725947672669909
-0.106460138184313 -0.707970395208978 -0.0492545079578145 0.159458718419016
-0.539815735467982 -0.453864344541902 0.171691989842097 0.116561096919646
-0.686232870383131 0.0252710143938003 0.164627586918481 0.00612120530855959
-0.360679027986306 0.370468951013468 0.0521995287890457 -0.0992465584931723
-0.113270883361736 0.436007923348882 0.0219332646119291 -0.0376667656174468
0.0868706749546452 0.509091895312633 0.00199165427703712 -0.0240891880546004
0.142985643620704 0.478042390578433 0.0365980246333241 0.0367676664280676
0.0915023474031949 0.488020111400877 0.0351552078893827 0.0454276506423752
-0.159788415640355 0.455633998803848 0.0482098988995431 0.105150900008144
-0.386598906553612 0.337281708198596 -0.0303340106896382 0.147801617278074
-0.681905378984389 -0.0189700933145928 -0.162128301136531 0.0950413967817938
-0.502244210538143 -0.48308334794245 -0.159374439396218 -0.0883389735542734
0.0238239451136515 -0.688335735199694 -0.049652123381406 -0.243753220253875
0.392273167801029 -0.690194164386066 0.0415048666386092 -0.184513299872182
0.220489200903822 -0.705200987624517 -0.302375326854446 0.274016605079498
-0.14893386309208 -0.681598390422899 -0.0506527479412947 0.325205900701846
-0.535098811082313 -0.40952787056853 0.18337425486915 0.146398606496535
-0.643015947255019 0.0481652494571182 0.122110445047751 0.0199277454689973
-0.332568877927779 0.347283230793843 -0.0249491337911015 -0.0192107742313829
-0.11135379896843 0.404174650952006 -0.0192933241396602 0.112869721296211
0.0594946936438947 0.474375788534681 0.0251821519584505 0.146206549000205
0.110096376517268 0.434538712228813 0.0798123974070607 0.192162669288343
0.0579927596730078 0.432877455699504 0.0605727579573248 0.205577566626118
-0.164017257119005 0.388994634925564 0.0202820757412067 0.240739730865114
-0.345778713771494 0.262514894161495 -0.100789528284898 0.227625600451551
-0.572775362389302 -0.0379407041523157 -0.200692646289552 0.121815568446478
-0.417727293506483 -0.419981131268329 -0.163830040048584 -0.0453550022229986
0.0252891458237393 -0.601871526346407 -0.0611545984318546 -0.101808023672811
0.345812583622933 -0.644651226084693 -0.0965686213675784 0.0139766455035513
0.134844855969985 -0.582545270846413 -0.403257944872964 0.444450784036867
-0.152746005198503 -0.531778525077581 -0.0593610070069048 0.461046909666792
-0.4207918317902 -0.294821163647305 0.165669880409003 0.170872899856349
-0.475372068557741 0.0492112565330816 0.0664169418357916 0.0390694058262677
-0.245099572231261 0.253949076889823 -0.0918554452096917 0.0631487930886879
-0.0920928658452286 0.300588437587555 -0.0562612198494111 0.245720285681318
0.0208916573016203 0.361625239699707 0.0458736966145983 0.295872535130411
0.0593961056080466 0.326678236374237 0.111300838575072 0.319233055763275
0.0126498557715238 0.317172868952718 0.0757052557408748 0.330679372811811
-0.146801541246635 0.262347147137463 -0.0147903427513516 0.332409254903303
-0.251403822786654 0.145309435468896 -0.159484272745886 0.262257064917834
-0.372026829387215 -0.0567841721895315 -0.21364927889128 0.113759308756767
-0.260495166447113 -0.29051861415735 -0.149942725769884 -0.0230466090056561
0.0267379487597493 -0.419304725150245 -0.0518244386265927 0.0179825179749196
0.247125057465922 -0.498873484418062 -0.193675607079035 0.189584273164326
0.0309260287014581 -0.36389585146911 -0.467300812398821 0.550407876357308
-0.13097923330718 -0.292807820695959 -0.0750311107258178 0.54626223206998
-0.233833398602153 -0.130347056760829 0.131544721354231 0.186701493992514
-0.226118367452987 0.0423034431525332 0.0183123275353427 0.0509229205709403
-0.114999155967568 0.115072760325822 -0.136961680552156 0.122963926943778
-0.0588548775492279 0.143002708369368 -0.085796005743106 0.33295586431466
-0.021219297812466 0.188541148944697 0.0578607069362823 0.399802353480148
-0.000873827908767499 0.168589178905998 0.127224180544857 0.399203905774476
-0.0328380166577126 0.157777184540902 0.0771039852751904 0.404869882565515
-0.107453590164438 0.11012701889931 -0.0490741360278161 0.369315742991374
-0.13069227024729 0.0252818266642605 -0.197144460190372 0.253526342691584
-0.145479389288775 -0.0560302767833796 -0.203870950987232 0.0817430981210224
-0.0936485231790052 -0.130703856233327 -0.12442036800042 -0.0167382953394383
0.0130602323593472 -0.197459631288284 -0.0304332105213717 0.101229330995446
0.113072467272734 -0.292710266836297 -0.238721321859219 0.321863146686879
0.0752915683995797 0.0208005398680588 0.168314590729278 -0.458106804457598
0.0331099839061019 -0.0416511319687818 -0.0381909260624107 -0.225731196823991
-0.0517167787648631 -0.0433730522968566 0.0628312770187925 0.0269849604631014
-0.0789592180337491 0.0258501823149481 0.175266784730252 -0.0373940985358257
0.00169377120535449 0.0719525280929235 0.198918277443781 -0.211578923105914
0.0418319257704574 0.0429005524199979 0.076662904447106 -0.37583331763982
0.0655705542905862 0.0155448879459404 -0.0917645942916168 -0.420733863718987
0.0572611143582502 0.0117399650028105 -0.144538413539038 -0.402914842032119
0.0551497463048795 0.0113383353167212 -0.0946166436140283 -0.417798822044423
0.0356787258700187 0.0256776306759832 0.034808329770956 -0.348409673267058
-0.00487368840284446 0.0408836932458393 0.132455271654644 -0.190367910680594
-0.0351941585874033 -0.00421675280295039 0.0218661302657641 -0.0883659343452324
0.0270305448591223 -0.0349535381897628 -0.0621823884420203 -0.190424619845188
0.0652121788612606 0.0474075295006516 0.0755798537220975 -0.473299755521807
0.0272357224460361 0.105654662513257 0.498203662380225 -0.562330005473832
0.162046586577237 -0.224765757326821 0.13230103732701 -0.398346966561277
0.0176353689329013 -0.253287467417716 -0.0415821099329048 -0.19591656541798
-0.189378651082123 -0.189294017191817 0.0751498756099406 0.0365276833860398
-0.27620122466417 0.0111746755418892 0.175620285564053 -0.0193368497182489
-0.120893451831256 0.171030483936587 0.188244666637528 -0.201533389545919
-0.000955370165192586 0.185081084450572 0.0805604009633037 -0.345331301117213
0.10115303028669 0.193973339679402 -0.0774550700201975 -0.39016537382866
0.12042183402727 0.186710255230287 -0.118867884095872 -0.359615391688601
0.102632119512971 0.199658024940115 -0.0755737698077359 -0.37350442856237
-0.012214828045288 0.208472640277645 0.0542822428601492 -0.297493654248567
-0.13959859508928 0.180430440698258 0.127277825030431 -0.14338162100378
-0.289349289931591 0.0106437592192406 -0.00425150205673948 -0.0556783999120098
-0.179876677592999 -0.200906718291024 -0.0802631808092073 -0.193149538851159
0.0477176975015393 -0.227129851290205 0.0457119425111312 -0.494704056736788
0.156476831866693 -0.185546969456188 0.433360837740067 -0.579473380769127
0.223561957419215 -0.448930240263387 0.0550059603716923 -0.283988404024947
-0.0166424010331557 -0.449316834948792 -0.0447005429383772 -0.12209540682796
-0.329115346827552 -0.312039901044847 0.102752862470034 0.0524915449989036
-0.456056084988573 0.0116113251824693 0.180874497794887 -0.0119093179878585
-0.228834141365377 0.261892074695451 0.158467586319078 -0.187444196140184
-0.040708142824532 0.308841653684402 0.0715528840465055 -0.279717726428596
0.124025610272866 0.34676520888051 -0.056825453536973 -0.305818620620396
0.165123296496417 0.333946910762731 -0.0736331171352973 -0.259590256311341
0.130962090436427 0.356604387747353 -0.0427213635516956 -0.268513120997751
-0.0612391320859484 0.358927614321921 0.0645912860669538 -0.193888170682042
-0.259670669848031 0.293469286005619 0.0957791255959387 -0.0613135057550859
-0.509303038810263 0.022736084002668 -0.0497527927227743 -0.0066038640923405
-0.363922727822828 -0.343463441578539 -0.111444359561767 -0.17433149343891
0.0231955183463046 -0.470665707949201 0.00445951213635204 -0.463559891503698
0.265305552977239 -0.445547455490168 0.321761535627351 -0.515229021496461
0.24762680812081 -0.624159184288927 -0.0522384035266912 -0.119266483958624
-0.0777941199915643 -0.608490644582112 -0.0441240725535421 -0.00163699550457784
-0.46694500578521 -0.394192927329904 0.143771007355287 0.0755621026655796
-0.60624247692958 0.0364125334953975 0.181515318928466 -0.0105778065585671
-0.305816555252708 0.342104155557304 0.107760407325679 -0.156261547209605
-0.0704758638664801 0.400130528489515 0.0488585571549539 -0.176170048380682
0.130503577339223 0.452239159762674 -0.0290796376052264 -0.176604048348942
0.184234456212609 0.429929103012878 -0.0182283114834323 -0.121013894625124
0.137385793886699 0.45413603085136 -0.00234250633270807 -0.120160014987309
-0.1018011623568 0.450594208016452 0.0644872105353034 -0.0524637300231041
-0.340286846950968 0.359526402619696 0.0440560741902511 0.0435295199972666
-0.654164691839982 0.0307147003163351 -0.104103736609571 0.0521719072385689
-0.495108288861007 -0.432679992053547 -0.14291109822964 -0.132352501971763
-0.00101214650314815 -0.637045615258915 -0.0371237431579263 -0.374263053407379
0.333039968871913 -0.629221713030086 0.177778414548626 -0.374112373818988
0.231407799191303 -0.718864789774948 -0.170135544293291 0.0794262489185305
-0.144534293888714 -0.693079224027287 -0.0363090901923161 0.155728879580445
-0.559654722250229 -0.417535964754886 0.181020204465897 0.103748647283706
-0.680359147201287 0.0720151535477586 0.16465827284079 -0.00492843980631582
-0.337073974094679 0.386462460354569 0.0416994898487286 -0.0972724773300668
-0.0843949685190534 0.440519061994513 0.0198519557843483 -0.0402418740421408
0.119523190565926 0.495044628664566 0.00260631951232861 -0.0170173839048832
0.176719739361042 0.461267722369759 0.0398996201782218 0.0348625729987446
0.121609534347084 0.477243817011249 0.0384693906492826 0.0453039948701145
-0.129592957985036 0.462849161955904 0.0547148090874845 0.101761800683897
-0.365227520763502 0.356681903092085 -0.0199400146210547 0.151791195637846
-0.676690778322872 0.0268228568754941 -0.154826236137125 0.106293316431149
-0.525369017532029 -0.448404492182501 -0.163316431899212 -0.0796239915296242
-0.0168353941192872 -0.680905914692643 -0.0636646578167695 -0.240464728067541
0.344702445101377 -0.703089181368852 0.0301470812313259 -0.182627733329197
0.177565352354708 -0.710044511001242 -0.281993560073026 0.286066011812376
-0.185875679346545 -0.664679948573444 -0.0271720952150907 0.320440638458019
-0.553540698177534 -0.375080121846399 0.194632658701028 0.133122891624567
-0.635726971524184 0.0930740626208685 0.123783085769608 0.0103331708254221
-0.311056291492305 0.362947632327381 -0.0291733318488815 -0.0145122783025463
-0.0843629265766905 0.408646527575779 -0.0103042149737978 0.109676115161819
0.0919466827078015 0.46221110666195 0.0358414673750343 0.148178950763149
0.140789374410938 0.421402848110042 0.0920572250835842 0.185747910899079
0.0842139679050827 0.425546748675234 0.0729700812811515 0.200505162263427
-0.137991778989161 0.396094560187196 0.0351067896964233 0.236366419424853
-0.327187014919431 0.280603383462303 -0.0843347183072074 0.234343891574395
-0.569802870997527 0.00173240330354778 -0.19059649186814 0.135210111556935
-0.43639490238963 -0.388422767463017 -0.165355510162634 -0.0361894032343878
-0.011002614779264 -0.597111101454597 -0.0672818254631919 -0.0993308392947066
0.300237338455333 -0.655780289604048 -0.0963196414572495 0.0211563351086121
0.100206009685358 -0.584642231833847 -0.374553544507231 0.460505381664272
-0.18383965782537 -0.51949409260647 -0.0287286188217427 0.457057893404941
-0.434852552008079 -0.26881256355136 0.1781946704824 0.15868896038578
-0.469137588790126 0.081944469543961 0.0690593483209076 0.0326331729025977
-0.228271556021635 0.266351343306172 -0.0903201002904719 0.0701417169067356
-0.0724718582940726 0.303044682681461 -0.038507495200207 0.243269627293123
0.0476630279168921 0.35481564196094 0.0645004733683237 0.292422125431491
0.0828239749478314 0.318317401081614 0.130470504220351 0.308950747236049
0.0329717417207949 0.312336346546465 0.0958464230611677 0.32146599391559
-0.128188016521336 0.269685086687528 0.00623275646166769 0.327598071029437
-0.241481265158527 0.158860695272136 -0.139925574916933 0.271503022261501
-0.370531737642709 -0.0294935466841316 -0.204069190869843 0.127883105367585
-0.273961311511791 -0.269430488079317 -0.149562172806969 -0.0134618428336299
0.00131655216963328 -0.41492084308226 -0.0515583251967063 0.0184491134410056
0.212757888956547 -0.506694522274857 -0.182879056523573 0.200084414784329
0.00903283998363228 -0.363468914646094 -0.434303127461807 0.568905477277666
-0.148076642459358 -0.284040226164033 -0.0408075294534543 0.543472114124208
-0.240377319201659 -0.116479274781933 0.145542075034174 0.176545166033688
-0.222173201794905 0.0580935777874476 0.0228777985766358 0.0471223451631065
-0.106978235828407 0.120449814298785 -0.129856554217884 0.130519939974167
-0.0497032220325435 0.144064226397838 -0.0619210362913932 0.331761342252524
-0.00684883788449459 0.187036342849145 0.0820857395465228 0.392164510745853
0.0122401158970762 0.166407515350987 0.149306092408364 0.385212435894554
-0.0219567170732788 0.158212429467287 0.104296217791113 0.393790418675473
-0.0977931493348439 0.11656695795655 -0.0256616183418905 0.364506296105251
-0.128644588273715 0.0329350220248354 -0.176999363286079 0.264580161229927
-0.146178287765227 -0.0442078997547289 -0.195976577139048 0.0950337049443063
-0.100064328237687 -0.1211571050306 -0.124169983802285 -0.00754860222930916
0.000322453149740196 -0.194856706582757 -0.024601353624074 0.0997531572593064
0.0926414171647302 -0.29538416309145 -0.219379776343988 0.332323758783698
0.074972789287126 0.0188970568146082 0.147110678547984 -0.451227917941779
0.0333478556224839 -0.0409776898379353 -0.0448252460199368 -0.214626283956167
-0.0507759601908658 -0.0398438580351209 0.0631721541837222 0.0233519755701965
-0.0768393209146394 0.028449009532261 0.167012524327385 -0.0444003973987029
0.00378148610160449 0.0689253382268096 0.182845306946715 -0.213304032525313
0.0425927588303405 0.0411128263514285 0.0573356077319563 -0.36582387717773
0.062980393132508 0.0139992265883187 -0.106002207086361 -0.399598236466374
0.0550919235256858 0.00869019599727929 -0.15531048048893 -0.383891830547717
0.053267274907644 0.00881925282365587 -0.108603354157128 -0.398813973565132
0.0341165996579434 0.0220185836598861 0.0201034791351721 -0.336327691157457
-0.00277111801853315 0.039065832147579 0.120597693587231 -0.188899239086073
-0.0340948206513286 -0.00389013715738653 0.0167622247823895 -0.0854642645760915
0.0251397358617547 -0.0359051836440053 -0.0693997843140493 -0.183448707967352
0.0664255524262442 0.04349335896396 0.0562074374759083 -0.462207216275914
0.0301049472775056 0.101984231710746 0.464381927555489 -0.56293574907146
0.149331794669512 -0.221762770562095 0.115956045165124 -0.392870439561538
0.0110641011582017 -0.244788107986025 -0.0463452174626022 -0.188227205087873
-0.189902524886002 -0.175213671349964 0.0754745762978749 0.0318091363328529
-0.268943033167544 0.0238528666542504 0.169553102007514 -0.0266243946927332
-0.111316873898583 0.169359970179626 0.172171711755637 -0.201845081791153
0.0071412872411021 0.180380771885966 0.0629918440181749 -0.336259777440655
0.106142750809259 0.183258858587546 -0.0903382162384931 -0.369538785893575
0.125877125767194 0.174047206708261 -0.128855285726628 -0.34205862631957
0.106834844913449 0.189321306755596 -0.0871675851714169 -0.355056799025841
-0.00406951313644164 0.202287319529281 0.041403142295158 -0.287777954699329
-0.129186650123029 0.180319377100164 0.118637727604419 -0.142291910762025
-0.280677439162403 0.022078141835058 -0.00745594945340587 -0.0522619507463838
-0.181755961768486 -0.188720385247859 -0.086674217147733 -0.185380622176438
0.0386230350702426 -0.222345418948573 0.0264664216666476 -0.482583213948589
0.143073892710687 -0.184007828501958 0.400531339750498 -0.57742668271289
0.200917295551601 -0.44096078485814 0.0460861840135909 -0.27937521985745
-0.0298900861710684 -0.431699839712708 -0.0471373299112685 -0.119270382656916
-0.330035298769382 -0.289221316825814 0.103611358020008 0.0453357284954403
-0.444626591233863 0.0328401120485445 0.175099875878288 -0.0198035862219294
-0.212567756587732 0.262482802130148 0.143974774145191 -0.184432161758664
-0.0265602698419461 0.301912079087089 0.0561939512005918 -0.273330126677243
0.135220605772248 0.329470175998017 -0.0639660651775623 -0.288469971920474
0.177529979929958 0.313936973290871 -0.081328312964696 -0.24775472549626
0.142471055144586 0.34014080479351 -0.0506912255946691 -0.254083421685045
-0.0451727471991228 0.351417798323552 0.0556955268240607 -0.188049657816247
-0.24014520528632 0.296074449823839 0.0921011641505306 -0.061418235796273
-0.493715846155305 0.0451450470448602 -0.048247770374781 -0.00305130537921338
-0.367280582478153 -0.31781387713389 -0.115806015314434 -0.166890679962064
0.00542664185311185 -0.45802256712409 -0.0128277333140168 -0.451438507337998
0.239131237141274 -0.440931808588671 0.295304565977229 -0.509703177393607
0.21765842306824 -0.611641592607923 -0.0511797990841814 -0.116965910446169
-0.098407475082152 -0.584140904509738 -0.0403432281365974 -0.00385485155567836
-0.467320768368053 -0.363293483140571 0.144457636479162 0.065694163203484
-0.588719173903181 0.0638703857287107 0.176578494184263 -0.0188609319729972
-0.286351810344424 0.343511338824678 0.0969544444418837 -0.151795973060738
-0.050748596784741 0.391762762842858 0.0397894840089224 -0.173903740139872
0.146149138380331 0.431143197505875 -0.031627475331595 -0.162822968506119
0.200917790146891 0.406176820327006 -0.0206249816532814 -0.116548129917893
0.152731651393002 0.433323906230113 -0.0062284280354008 -0.113075984717456
-0.0811713438782902 0.442401560917674 0.0617683530900601 -0.0515698274274657
-0.317248599078515 0.36271692577937 0.0464852632665656 0.0434283132410747
-0.632603152491715 0.0608347060903363 -0.0979257054533049 0.0571538390192413
-0.496324904224169 -0.40158946536663 -0.145551327286521 -0.125062800922915
-0.02522414926206 -0.618248729566581 -0.0508302255667458 -0.36394294924164
0.295310606872478 -0.622178267345682 0.159985824528853 -0.367730618179775
0.19874578700924 -0.70552609843841 -0.159205196455816 0.0810403686658373
-0.165339148006571 -0.665863837466207 -0.0269909216204624 0.147661436698506
-0.561503003798956 -0.383758000007578 0.183108719797462 0.0907906279623452
-0.659624397406199 0.102955863992486 0.16145397064542 -0.0125378715102527
-0.314651272469372 0.388994580879695 0.0350267971092161 -0.0919530165850148
-0.0639729313312149 0.431230981990092 0.0180750820206176 -0.0416543531477282
0.138841561556585 0.471525672103382 0.00589732239348209 -0.0103949296578575
0.194288304189132 0.436356792556981 0.0413571366817574 0.0320202698926984
0.139142230306387 0.457214337012967 0.0406213459213131 0.0451437692056989
-0.104799609302315 0.456056586091681 0.0582606411495311 0.0971515311225125
-0.340887013319784 0.361705323940358 -0.0109278982122456 0.150788525371594
-0.655944772509115 0.0560216752144821 -0.145638857231276 0.112627131616129
-0.526036855449898 -0.412956921435782 -0.162866255949916 -0.0726639042143935
-0.041082217385085 -0.659379440795821 -0.0722538097635207 -0.233504419763181
0.303503117994065 -0.693892923117785 0.0217815127736711 -0.176281839241166
0.145266129134861 -0.694165464996409 -0.260845299744299 0.285851581158926
-0.203993086223443 -0.637451271710416 -0.0122025453643342 0.306724821735655
-0.555241672103208 -0.3419288461188 0.198834698408374 0.11880220892394
-0.615809278550053 0.119950540362211 0.122540371095644 0.00416381878674028
-0.290464110472111 0.365173107378089 -0.029478219851709 -0.00916302448248737
-0.0645801603436639 0.399839996863826 -0.00471592585182723 0.10463870219041
0.111388926403583 0.440613025514894 0.0442654850256968 0.146853681394431
0.158702658498891 0.400418713684928 0.0976447605782078 0.176397577067495
0.099993233405628 0.408392724847502 0.0801656427631376 0.192391175917736
-0.116862411849907 0.390882371922414 0.0441531706716647 0.228149348050802
-0.308701318429369 0.286179415170016 -0.0700463231766581 0.234081356363579
-0.551786214329261 0.0284284884561713 -0.178795135059928 0.141936371825771
-0.439862169147222 -0.35805465152687 -0.162650047776328 -0.0292085762351006
-0.0329242624943772 -0.576873191118315 -0.0706513689388874 -0.0971923308423852
0.263000617079157 -0.645177758881007 -0.0938173493613517 0.0263113561455913
0.0745398094460827 -0.571162523856689 -0.346772445762452 0.458733911614476
-0.199301979334082 -0.497703731761441 -0.0077826271353288 0.439958739840371
-0.433657729598525 -0.243864923194788 0.183765161033957 0.144362797868317
-0.452996388404266 0.102943150432942 0.0707548562190633 0.0267070187010252
-0.213442241282131 0.267154121957542 -0.084944502228428 0.0744091588004035
-0.0586164725360186 0.297204889042605 -0.0253735663206663 0.234907404728064
0.0635098121044639 0.338918823893759 0.0772010964530732 0.282961134998262
0.0968428730518019 0.303386303797536 0.139047890821869 0.294052199574549
0.045309436458715 0.301726550122295 0.106599826590117 0.30653352429501
-0.111157094328059 0.26747033594891 0.019277844785654 0.315798448614742
-0.230356578644817 0.164812294767679 -0.12231598454237 0.271197075860319
-0.35865471941537 -0.0102941307314238 -0.191891454242533 0.134688968704139
-0.275211454205452 -0.248698991578924 -0.146450908825864 -0.006787327966819
-0.0146771817753606 -0.401031994914585 -0.0507452122526022 0.0164222532026032
0.183213019597083 -0.497398481721233 -0.172093424197683 0.202740583793604
-0.00713019224961156 -0.353337996873684 -0.400787699123477 0.56748883796763
-0.155347796281685 -0.271588396030919 -0.0176322796580414 0.524859150430433
-0.238881862520139 -0.104998136341077 0.152116517064254 0.163467947053753
-0.213276084152204 0.0678660339120414 0.0260675676481525 0.0421073093385243
-0.100204198893013 0.121191776753182 -0.1218977618347 0.133041647057317
-0.0426558536572366 0.140830659444338 -0.0449079630928674 0.32286483215622
0.00384793962869505 0.179895110320849 0.0973282712250997 0.37659183837009
0.0212697984710223 0.160343879639961 0.161473636816611 0.36707838783057
-0.0142504628159546 0.154766157471327 0.116526547397033 0.374669252940692
-0.0885370556650099 0.117222394796032 -0.00925790699378067 0.353023389367022
-0.124423314869828 0.038447214325249 -0.158560576799995 0.264985953436804
-0.141550096336999 -0.0338541595469799 -0.185866282674798 0.101943355089588
-0.101688336797722 -0.111608312007555 -0.121006027905228 -0.000770242305884662
-0.00858178089049351 -0.187355879287701 -0.0212336552946519 0.0947347020863007
0.0749748242471062 -0.288563217418936 -0.203092960725367 0.331502645503691
0.0750751821152542 0.0186620177483379 0.138641440924724 -0.442966274834502
0.0350722926650098 -0.0404376220825557 -0.0445293671417163 -0.206052302624265
-0.0489390356472535 -0.0381035460921846 0.0641394138237871 0.020666210915021
-0.0755900362195198 0.029355585692977 0.161561154108856 -0.0471600402540222
0.00362243780311151 0.0669343122316478 0.173502733436676 -0.211132708168905
0.042171077636186 0.0400683971122539 0.0480585872685722 -0.355478103525103
0.0614013509501924 0.0137067277818106 -0.108142046363593 -0.386478617868402
0.0536325360264586 0.00723512646710979 -0.156502932403 -0.370550656734519
0.0513677696076253 0.00736373224899294 -0.111667068651491 -0.384470896585688
0.0327419266674518 0.0205794422448465 0.016073723126495 -0.325130377110428
-0.00217352601963044 0.0370756069808463 0.114873883972786 -0.185151576482822
-0.0337927408995906 -0.0046541140072592 0.0134810749555794 -0.0814719946410396
0.0253108404570163 -0.0366738034236358 -0.0717481506683412 -0.178159220183762
0.0662184088889175 0.0415850761449722 0.0486576482172475 -0.450150132767393
0.0299860930237529 0.0993470867637593 0.448659890042851 -0.553920992953197
0.144463573350482 -0.215793129109156 0.110022331155435 -0.385510161122373
0.0110885971630464 -0.237474206896548 -0.0464437002944927 -0.18140463403428
-0.186916793549997 -0.167453740144866 0.0763517313085327 0.0285346606043161
-0.262492025309028 0.0292882707173263 0.1635849205009 -0.0296521786633954
-0.108259020157817 0.167025059238511 0.163950619103857 -0.197518147854241
0.00950852670986125 0.176852429911502 0.054694393883104 -0.3274174983536
0.105879071183786 0.176021580195079 -0.0905211783169714 -0.354260671206112
0.126706072380236 0.165812376616623 -0.128902708097737 -0.330558986120017
0.107745381998228 0.182657634066321 -0.0897785555004149 -0.341787172592118
-0.00153650431427481 0.1965839148883 0.0373754598907112 -0.278696022192972
-0.123213596751892 0.177151942219699 0.114088139492428 -0.139657793492669
-0.273669036827707 0.0264838505142083 -0.00827086461205224 -0.0494804549005374
-0.17920684291702 -0.182548484061384 -0.0890040384003683 -0.18157009147895
0.0359201804006753 -0.216666273253594 0.0193804147215463 -0.471899126100301
0.135855203038377 -0.179674245535641 0.387529427383654 -0.568527256534867
0.190494264582893 -0.430305590503665 0.0436362500017625 -0.274992864717429
-0.0322091571294945 -0.419683195897131 -0.0461281425372811 -0.116789243218678
-0.324899061296625 -0.275320642955813 0.103992553603865 0.0401766825579261
-0.433569097378763 0.0420905517526828 0.170780004964105 -0.0233206964711004
-0.205957419561226 0.259775075500083 0.137652474034077 -0.179791664394924
-0.0206852746593194 0.295943944860496 0.0492189886676631 -0.267280959085277
0.137611113952266 0.316574556199714 -0.0632499625483644 -0.275482395441959
0.180431823988361 0.300405356244894 -0.0802990169658502 -0.239676239209226
0.144988961730257 0.328607257754661 -0.0521043002877593 -0.243884181992629
-0.039108354895093 0.343355047303958 0.0530242186698429 -0.181627897547215
-0.230833655784859 0.29199007635819 0.0904680972007199 -0.0591894534439264
-0.481111926961837 0.0537357304240377 -0.0472113255410612 -7.73009020504612E-05
-0.363126574633453 -0.305713688494897 -0.11711936554593 -0.163677575764963
0.000503493356998213 -0.446423754567851 -0.0187543355392677 -0.441655255906016
0.223701021324509 -0.430848152550898 0.283546209946719 -0.499314622496231
0.204035826853549 -0.597478979141816 -0.0483173358121577 -0.115201609605986
-0.100058862020245 -0.566576638531976 -0.038348876437099 -0.00654918126394797
-0.462062247490076 -0.347106373417707 0.145456568355617 0.0585721530531446
-0.573669388875246 0.0765208091064846 0.173399351793117 -0.0223523559111798
-0.277078992275177 0.340432020966965 0.092146313694959 -0.145903500752956
-0.0432726271696353 0.383986994855871 0.0347238824635909 -0.17107086792533
0.151080250440607 0.413685580938446 -0.0289175125938852 -0.153500764957251
0.205855380755532 0.39063727499855 -0.0201079917700542 -0.112615433955107
0.158052132494576 0.420920463236596 -0.00590537398101041 -0.10719353440052
-0.0717777081287333 0.433926112349247 0.0610558148114429 -0.0492403971533091
-0.305228671461097 0.36153299810151 0.0483765444208581 0.043622614978961
-0.615996228707836 0.0717289188507574 -0.094264067582554 0.0592006897176974
-0.489964470645221 -0.38453038377107 -0.145002627984854 -0.122123382771731
-0.0322119903428756 -0.602433011357348 -0.0550051849453834 -0.356510117550411
0.27649997484101 -0.606937052598816 0.152217682206477 -0.357978072360062
0.183814448965513 -0.687707147302553 -0.150921127756876 0.0782542912294549
-0.168845395173616 -0.645197003451366 -0.0230871811698972 0.139469598223739
-0.55469292793736 -0.364860499140209 0.184014265425215 0.0828940620309925
-0.641376451186257 0.114249777741715 0.159083909278391 -0.0163623867249456
-0.303375772784414 0.384434196196448 0.0340759087991424 -0.086808278155628
-0.0550361790918054 0.421672692298969 0.0164937358741664 -0.0428870619110488
0.146127266770256 0.45402445245545 0.0104076846158183 -0.00612308274838347
0.200357232408499 0.418723958362818 0.042838470128018 0.0316332105387101
0.14439657737457 0.442159722237809 0.0415774802965797 0.0454595977092647
-0.0956975321248436 0.445867960442339 0.0591045930245209 0.0951352292777317
-0.328896845171878 0.358785124837474 -0.00543964935677107 0.14990853239844
-0.638754508454084 0.0708733716565361 -0.138613260606788 0.114476486767489
-0.518765154218369 -0.395617077560417 -0.161579393369679 -0.0697223352977945
-0.0479198266342786 -0.642097626960138 -0.0748695636787206 -0.229872808752269
0.283545820670869 -0.675529696099724 0.0195204798296753 -0.169875801656537
0.13171074414206 -0.678204764930956 -0.249247622261974 0.279938636573686
-0.209943961317792 -0.619457727630017 -0.00656906718535407 0.293971254271532
-0.546847448069242 -0.325247875197913 0.198994661218865 0.110236650818345
-0.599347243929353 0.130858087850449 0.122678354554872 0.000385560960365941
-0.280120704591813 0.361572970337661 -0.028289483535035 -0.00521607079884254
-0.0571537797516236 0.391395031981898 -0.00266186770299721 0.0986240134226612
0.118031421810357 0.425195932864367 0.049999120705966 0.145505942452273
0.165835032366781 0.384529805735902 0.0985033457282041 0.170712149905426
0.105882650134738 0.396839669966498 0.0819972080237416 0.187275563012529
-0.106778393587927 0.383379667563803 0.0473298685993853 0.221700623459797
-0.29857169231499 0.286233100152248 -0.0610677871582278 0.23067464045833
-0.535304764443836 0.0391159094740175 -0.171108064028512 0.143182319351313
-0.431595681201629 -0.3412982410247 -0.160743233515479 -0.0269292158345111
-0.0392884543368665 -0.560889089821109 -0.0716421422531795 -0.0969537171086007
0.244178069192435 -0.628176754607543 -0.0923866573817268 0.0292910262307397
0.064216384083446 -0.556777278557857 -0.331982915042206 0.450874599300091
-0.201805809537399 -0.483837261418277 -0.00153422357876875 0.425300928649874
-0.430778340292788 -0.233758941778096 0.184661710938099 0.136313433141534
-0.441303087962091 0.111293866933984 0.0723254009342638 0.0230014621531219
-0.205696428128596 0.264654172000826 -0.0816574753604803 0.0754100983014238
-0.0515286388951931 0.290206942545562 -0.0207591892668036 0.226062337177743
0.0699036473882741 0.326305302840071 0.0824317649032605 0.276380325916655
0.103020585066566 0.291840728692727 0.139726961842464 0.284351863676549
0.0513338171883901 0.293429189400986 0.108045376395948 0.2970414718081
-0.103530178902968 0.262840098226154 0.0241396426363575 0.307003165211798
-0.222676403023401 0.16498229706539 -0.111910514724853 0.268306677161006
-0.348100282013071 -0.00100003114430689 -0.183754943244638 0.136435305974973
-0.271425074664613 -0.23702272910727 -0.143483793920834 -0.00403175863240627
-0.0199611411953286 -0.388857551036444 -0.0506243566415217 0.0140412295349052
0.169470964988899 -0.484877871318436 -0.167279619644863 0.201452931307371
-0.0119899405435386 -0.344167808203842 -0.386048125510447 0.557306486418072
-0.158269771726775 -0.263317284726081 -0.00774504915507976 0.510460192795246
-0.236101790420246 -0.0999755981635381 0.153271341961665 0.155794838446831
-0.206837608822612 0.0715188605614836 0.0277373026354296 0.039245080353546
-0.0961134947768379 0.119650913055417 -0.116054244965318 0.132154985257035
-0.0395539541591233 0.137937241539437 -0.0375579770545157 0.312020086807024
0.00856461108738545 0.173327774861184 0.101714493030652 0.365650792002571
0.0255197321452047 0.154293654901783 0.160121308436659 0.3553553182171
-0.00973166567756205 0.151096477877903 0.117460088653759 0.361680265635844
-0.0834344895921287 0.11550807165112 -0.00430422137571074 0.342390686856535
-0.121390941607924 0.0403281386709167 -0.148179134647864 0.261695285480883
-0.136687792711902 -0.0286246452957556 -0.177948985219348 0.104864233701331
-0.100581871168093 -0.1055807717011 -0.118428331491073 0.00263924585844787
-0.012092392252904 -0.181372301092244 -0.0211354924231701 0.0897866829336671
0.0672507346066238 -0.281149372310158 -0.196562779547652 0.327023950000195
0.0766479245299822 0.00323752410870386 0.0578108623412457 -0.47369830538098
0.0261194871113368 -0.0465925304071076 -0.0787439775941875 -0.198728815306681
-0.0515348313364338 -0.0274697798192318 0.0701728609161074 0.00107639224963374
-0.0646498422360112 0.0420899928058358 0.145962375170662 -0.083604437103258
0.013808454854168 0.0594934397373809 0.126481479569038 -0.240463699423019
0.0438854446969993 0.0307816267325404 -0.0201795030641742 -0.356383337417782
0.0578281866058588 3.28152910588179E-05 -0.175944965001154 -0.352875748255919
0.0502370169813023 -0.00299244360481956 -0.22257487983635 -0.333633084503965
0.048677040797875 -0.00490078293067774 -0.184486985347963 -0.360607129004438
0.0354784027709948 0.0104761450175778 -0.0486901899117253 -0.328596286565823
0.00657195511684802 0.0330130068283464 0.0767422165380438 -0.20757765851593
-0.032920542462866 -0.000681704836437038 -0.00316707942935138 -0.0832122736762888
0.0184779773727241 -0.042932033270982 -0.107927294177058 -0.163149874645849
0.0802461552853713 0.0237320064612117 -0.0485329364706652 -0.462091298216333
0.0573269655259448 0.0885206731313987 0.344420302825356 -0.645603521393213
0.0998097372921597 -0.229115573070076 0.0525544989339811 -0.41688996947033
-0.035502666964716 -0.22786489473914 -0.0686874057893306 -0.182180072602822
-0.206963251420642 -0.121679163872158 0.0850874230204602 -0.00998518957618845
-0.240710309550892 0.0822743198567942 0.146542590190469 -0.0804841485852093
-0.0746424613593578 0.17747608172054 0.110544469149254 -0.224906114005691
0.03820895147351 0.16785140765256 -0.0164872916236869 -0.328242960913817
0.135134377808154 0.144141847751557 -0.161554323942019 -0.318966625659432
0.149600813707709 0.135544753820524 -0.187650162531435 -0.299435193894054
0.134887817237339 0.152172251316075 -0.155261725249584 -0.324226163627776
0.0350077097915103 0.187660731378939 -0.0193984662160009 -0.289948243404349
-0.0840602364402441 0.187754631525207 0.0838901732578218 -0.16412174851564
-0.256882336168064 0.0751908187008159 -0.0166234357720891 -0.0523456974293562
-0.203370229473262 -0.144148039215231 -0.118725796190767 -0.17151159805988
-0.000259431611129617 -0.221819683960628 -0.0740199383350975 -0.466847078850422
0.105828090752332 -0.205005105555167 0.282342723680745 -0.630199919293388
0.105144520301963 -0.439653286863314 0.0206715541687089 -0.300879943558099
-0.109523949812625 -0.391561688349655 -0.0507410142050964 -0.124903917954336
-0.360108181248357 -0.196936354782288 0.11548126979819 -0.0181712488891172
-0.398637415570117 0.13011451406626 0.148319049156008 -0.0880964496167968
-0.150402389753749 0.286142551015 0.0787143217364628 -0.20184794535807
0.0315385150498307 0.287043236759575 -0.0169384151442227 -0.264948550955893
0.193140032480042 0.269803365923973 -0.129212793956226 -0.239324625651599
0.226062136730643 0.255232212897513 -0.123795145102478 -0.218678030946556
0.197637130718122 0.285931960853042 -0.0990925933142747 -0.2361306715472
0.0252279155869743 0.3367693999954 0.0142839232717166 -0.198577449907895
-0.167345453893074 0.317162071256954 0.0760879631753965 -0.0817378634103392
-0.451973748125672 0.14039826485417 -0.043427162756217 -0.000351089842797253
-0.401790681600639 -0.227658162199718 -0.136966933816455 -0.154150987928495
-0.0814311660237 -0.438087397158202 -0.0986122776509902 -0.419679856622381
0.141736313240496 -0.467191609171411 0.195161442178142 -0.525827687673163
0.0864722829402136 -0.59899652514696 -0.0339704155117697 -0.128417517653333
-0.204571026868208 -0.520043230000856 -0.0194337299228648 -0.0235366769548832
-0.503093755569409 -0.234920997589649 0.158126845998941 -0.0208146968442892
-0.524126637790274 0.193182803375143 0.144879391802157 -0.0981226520955043
-0.201321388810625 0.377448810588629 0.0335439689891066 -0.159458102244714
0.0264969701494775 0.37636585324991 -0.017670431979235 -0.165978061834673
0.227782078071582 0.35982986340542 -0.0800074870399409 -0.123489215602953
0.267641920885007 0.335098132390022 -0.0413998088050077 -0.104675465135802
0.226947441417876 0.372212508006086 -0.0260311133216217 -0.110514741448482
0.00949076857213416 0.430136892334879 0.0471126175040302 -0.0698091591363541
-0.227568301963559 0.396678750390196 0.0545845686394716 0.0296206101042466
-0.577894217096755 0.183940608732662 -0.0768009792143092 0.0659289730218162
-0.537411054575101 -0.277822572171707 -0.151313433972061 -0.11143704486267
-0.144144587796021 -0.582653189632194 -0.112736262079201 -0.321829395028849
0.157741754886292 -0.647801879477762 0.0924295079829809 -0.348650272366844
0.0483917152426189 -0.680893287928204 -0.0979974979368153 0.0841644990157074
-0.284737940866353 -0.580517643193874 0.0241852607184449 0.115189483785598
-0.595523902928479 -0.237672710647934 0.198195723119308 -0.010167478606311
-0.580902715950108 0.245778512548245 0.128081871727845 -0.0942041515952059
-0.218914315157637 0.428285583316398 -0.0161658982605853 -0.0883334743049428
0.0254114645479971 0.415873789075123 -0.0148571936076054 -0.0355543859800241
0.231444937203341 0.397466761379549 -0.017345905497473 0.0149480707673343
0.268988456177095 0.364260481156594 0.046977029411937 0.0253326755535818
0.219977867175592 0.39598036458435 0.0504614861419292 0.032007591311598
-0.00967150660827027 0.448175199457959 0.0741011857768598 0.0747081702244154
-0.250661037614203 0.40150095303401 0.0233654215261902 0.146669186366674
-0.59986256874261 0.185280700995324 -0.109750939790771 0.129734551205935
-0.566769286433561 -0.281870931016636 -0.156346040237144 -0.0560523782058562
-0.169217329439267 -0.615115527171923 -0.102650260367202 -0.189846721442696
0.148171947940735 -0.714879419017021 -0.00391240880090603 -0.130876450329437
0.00202708196033358 -0.661611912872716 -0.162013556778506 0.306854262484021
-0.318107261017888 -0.548703672299269 0.0671558437914963 0.268240548761108
-0.582408680558772 -0.200700606322476 0.216800013848707 0.0160150233313035
-0.536636906967183 0.253019044612132 0.0947790048699366 -0.0673734218689179
-0.199455245415492 0.401886904716971 -0.0594421442203174 0.00454604950841933
0.0188718305592861 0.387801130943614 -0.00500821290412568 0.106841242318069
0.201048837827634 0.376172988101486 0.049641877579613 0.153622273370969
0.230039248053544 0.338157195624866 0.128040663565231 0.150859473136261
0.17469992982409 0.361301726838441 0.11856320604805 0.165565730159481
-0.0331781065385514 0.390884221617433 0.0881114183346637 0.204952803098174
-0.235193934469995 0.326139772460586 -0.0150973224354283 0.239640347045628
-0.506391878881486 0.138393173589478 -0.135572362931999 0.16774985515474
-0.475624977849882 -0.244774820091894 -0.14915710471903 -0.00871199425348229
-0.146990558650164 -0.538069381855986 -0.0763034453729686 -0.0598348389193479
0.115352470775309 -0.658891416086483 -0.0792476967969872 0.0874458683082838
-0.0420943774750179 -0.534760228690452 -0.222345315101933 0.498511142305433
-0.283633610200151 -0.420465404787169 0.0919603360717717 0.404579819487766
-0.453313506248215 -0.136689791943455 0.207025751819924 0.0578449842567446
-0.393533300917197 0.199658237443977 0.0557842243369987 -0.0236645158660674
-0.14611962234856 0.295848086442604 -0.0893033517937213 0.0938566845860219
0.00671354718081286 0.289328973740638 0.00561029405512603 0.233587389408738
0.136838320457329 0.294122996259664 0.110415185558574 0.269693726363807
0.15400456538162 0.260746215567445 0.189822332267392 0.254284039148177
0.104478243597147 0.272450924200042 0.164996044192905 0.270496799414284
-0.0524659251100824 0.275153664092038 0.0837714337543615 0.297222207794526
-0.185102722139361 0.199338614139779 -0.0565099789313743 0.287486953184029
-0.335075487186977 0.065160931189158 -0.150098644036825 0.168847934900188
-0.302502374394537 -0.174724505313446 -0.132920687238429 0.0175914108030862
-0.0970895526347646 -0.372439943574691 -0.0380452577103025 0.0395660429029385
0.0664848088337153 -0.50259189929676 -0.123284017743312 0.265678443065585
-0.0751624532067153 -0.320394861979345 -0.270568953126072 0.624227034537121
-0.198258722518093 -0.219711901960421 0.0926049762871621 0.500678967244822
-0.24501803437409 -0.0493362423820491 0.179863363027545 0.104411917790108
-0.180709160716558 0.112995179923156 0.0247587554895937 0.0176233088847743
-0.0686610832405893 0.135335501230197 -0.101079147589831 0.15511370302562
-0.00889694978091587 0.140249831779156 0.0127804647657582 0.317253474805479
0.047614189903205 0.162452032297171 0.153966482796926 0.34492371818854
0.0546502699504287 0.143741336572737 0.22400451549423 0.320052771931707
0.0204926734912491 0.148608033884962 0.186616957266016 0.334286180903272
-0.0595228310649671 0.129549518046745 0.0635457276916625 0.340894023805344
-0.111214937780637 0.0627037684571665 -0.0916577678345359 0.290362616648602
-0.136900506248467 -0.00159948967843386 -0.152567227682892 0.140517924764519
-0.115841875771551 -0.0810251501420974 -0.113155915628531 0.0258938756491936
-0.0501212241728448 -0.171099787633764 0.000719633052819236 0.100260134653544
0.0054861681733732 -0.283618795978676 -0.130220852233836 0.383788889460287
0.0797318545379717 0.00201965094562464 0.0522070200972057 -0.482686912246082
0.0282440377833025 -0.0500315959348169 -0.0797855300306578 -0.200421724459985
-0.0514334574435274 -0.0282108258365313 0.0724799015789295 -0.00267366736607147
-0.0656870251122459 0.0435106170601728 0.14553327209115 -0.0889826628397183
0.0136160203160895 0.0605170048525204 0.123335252399647 -0.247364257616629
0.0458229992391052 0.0312150476113116 -0.0287343984717431 -0.361407280302603
0.0596447031854578 0.000386173249839339 -0.18359589505146 -0.35474473129157
0.0508611546791907 -0.00415378260991926 -0.231599056351253 -0.336374792889114
0.0490290241706272 -0.00574588923517764 -0.192921410986187 -0.361853016664946
0.0347479123884537 0.0101664611087348 -0.0522018672985169 -0.33170963780458
0.00702076740509171 0.0328165095746835 0.0746947701931821 -0.212364774095506
-0.0342639996390395 -0.00152822163083286 -0.00640149337443687 -0.0829644285505849
0.0186869954484678 -0.0455039815554911 -0.115222173171196 -0.164462975746994
0.0833920657035609 0.0224254064297925 -0.0550722465277026 -0.470233166555515
0.0594446295906037 0.0905189158230061 0.345038687991858 -0.665288491870187
0.0996673499175833 -0.233643525872926 0.0513699034804684 -0.428028910699767
-0.0362096544844955 -0.231414882299432 -0.0710225134475248 -0.18492782482348
-0.211122368121535 -0.120542720889556 0.0875336084416004 -0.0150340403958788
-0.243530327958276 0.0885976717292218 0.146269020921682 -0.0864736454870186
-0.07391956695052 0.183507580612582 0.108083147132108 -0.231319193770082
0.0422752870567813 0.170872388521637 -0.0241900850763831 -0.332131437946064
0.139350854236498 0.144272322251357 -0.167433362949283 -0.320372339952889
0.155361118699827 0.133864693228166 -0.194334550593282 -0.30211772633049
0.140528841445255 0.15214900626688 -0.160918474721956 -0.325504688896043
0.0379626801790527 0.191247786777727 -0.0220160356821831 -0.293376181844631
-0.0829838090744188 0.192981491518143 0.0837243978929927 -0.168232542909458
-0.260811020180525 0.0811520763037674 -0.0186643525479308 -0.0524504039850104
-0.209520088458464 -0.144830469434122 -0.126739313958539 -0.17399764352224
-0.00153332182965561 -0.226193513010988 -0.0825494013383361 -0.476429600950985
0.104254817416161 -0.207870533551869 0.283777172080112 -0.647881326305187
0.101574951299297 -0.447203732868032 0.0191832099097019 -0.309705454385251
-0.114976665007936 -0.395709153781661 -0.0525116320394888 -0.128885676976558
-0.368175783234309 -0.1932236423609 0.118378453393136 -0.0250578029839174
-0.403918027766758 0.142780342376467 0.149198544740467 -0.0950806212442663
-0.150199249834109 0.296190990076614 0.076359909982451 -0.206702138420492
0.0374176550838862 0.293258324208877 -0.0239653134357505 -0.269229499855801
0.201285370491787 0.269708688450777 -0.130975390067046 -0.240605858969865
0.235856905432478 0.25208035871516 -0.126964018010411 -0.220974462450291
0.208146813426472 0.286543146053357 -0.101638597926892 -0.236879192043024
0.0319046354364456 0.343544560342825 0.0136765271826214 -0.201651838770917
-0.166488087796131 0.326600411855088 0.0783431923504412 -0.0836495744024946
-0.457500483642603 0.152649911205829 -0.044442557244908 0.000996214929402983
-0.412955023921339 -0.226262077118862 -0.144884130662188 -0.15662075286312
-0.0864491477599549 -0.444738790019921 -0.106523871290617 -0.429099573152219
0.137128974877343 -0.473809112881193 0.19528752626695 -0.540528917478819
0.0800494467261538 -0.609056436287951 -0.0332285184232641 -0.133710439356116
-0.21220649412724 -0.522706970881052 -0.0201100806238843 -0.0264923367893296
-0.517339725893477 -0.229017160269173 0.162672465364802 -0.0294462439133884
-0.529827696285003 0.209092716558692 0.14669510504334 -0.106221224565336
-0.200079732953571 0.392530905316447 0.0322944422174114 -0.163474525401796
0.0350221340320249 0.384206357627958 -0.0233363285523079 -0.169093963732794
0.23757919950279 0.360722476970378 -0.0770000330557918 -0.123792055372184
0.281181863059033 0.332563254879727 -0.0415842932800577 -0.106006973314573
0.240502542192963 0.373372024571299 -0.0254490303807973 -0.110280156077403
0.0175077747004031 0.440176951412001 0.0497662603128909 -0.0707018892409334
-0.226647501789 0.409643051597116 0.0593959294445073 0.0295343417063314
-0.585532435851374 0.201476986664754 -0.0764846375165733 0.069022006910519
-0.552934019946957 -0.273831775939323 -0.159593381601195 -0.112755153873828
-0.152242168414684 -0.589992287540278 -0.119984499923282 -0.329274718864464
0.149648907760734 -0.659373395211197 0.0918118609613515 -0.357040875723374
0.0402845316692018 -0.692141246219661 -0.0960026792556988 0.0832768190858409
-0.298528102688856 -0.584984850706928 0.02607461950405 0.11358284790608
-0.611799512273542 -0.228181367958886 0.20370135674872 -0.0198458801221399
-0.586726105039453 0.263225916825994 0.129982304647464 -0.102376899788639
-0.217551114945676 0.443654061976382 -0.0165856318058312 -0.0908178249766621
0.0330245492148909 0.423953436038309 -0.0182544350435031 -0.0376651864612876
0.243894602237588 0.398200529368665 -0.0114044313073626 0.0159461359142485
0.283091044100014 0.361895292621624 0.0506147060239674 0.0243621151995393
0.232913983153873 0.399796336462199 0.0551811509516051 0.0329466166356493
-0.0026041695148596 0.458698118601331 0.0792841835336992 0.0758123492729874
-0.250987784763247 0.414224355452334 0.0306336817390739 0.14984522630462
-0.607004545230298 0.204576258464679 -0.107753941465918 0.134252444199423
-0.583260576871301 -0.278991539639339 -0.163289356383888 -0.0550527091297419
-0.17977073312277 -0.62471531308977 -0.110490986196835 -0.194903934059522
0.137825421395544 -0.727957749446243 -0.00533335506046992 -0.130169017309668
-0.00896337717560316 -0.671470939174072 -0.158765287460709 0.311395454226316
-0.332598604185399 -0.551703305856137 0.071784409024852 0.268982525061015
-0.600266596749152 -0.193665590655436 0.223574244005325 0.00771662717333542
-0.543612100731098 0.270508534206141 0.0979339940183164 -0.0749824249814326
-0.197708950802075 0.417402715811397 -0.0587227655170924 0.00427910008990938
0.0253083284506593 0.395790405400948 -0.0056470649795572 0.106394418089628
0.212008460182472 0.376890287362823 0.0586191357344346 0.155185768865608
0.241851676723987 0.336461945217818 0.13490971648838 0.152112873783291
0.187113684449728 0.362880334352263 0.125061289547148 0.167565078626441
-0.0270956373811697 0.400646721112372 0.0951118919558887 0.208310925607769
-0.235677974180729 0.337843526333593 -0.00698720105556133 0.245437512656824
-0.512730256986427 0.154092321890645 -0.133639429184902 0.174438871071523
-0.488412538902078 -0.241649291677011 -0.154085044048832 -0.00650872553772766
-0.156968276519209 -0.544010256621726 -0.0820421245077747 -0.0625677938721076
0.107414386708894 -0.669151270471339 -0.0800440827552042 0.0937884578272786
-0.049705058133553 -0.542767933377874 -0.21860981033303 0.508726985058782
-0.296558587131627 -0.423054071693483 0.0983729539476144 0.408554545202671
-0.466511035676297 -0.13164564771605 0.214392327634357 0.0521705384905539
-0.397609463606107 0.213995283455032 0.0590588062099321 -0.0293140375904586
-0.144290458903012 0.306953566790834 -0.0877206690495391 0.0962716297183407
0.0108661724879282 0.294420057285809 0.00812122299751344 0.235020246572808
0.144107963263209 0.293912749446526 0.121058106785132 0.272567843401061
0.163962770587632 0.259721590495972 0.198778272951105 0.256692038128694
0.112643079331766 0.274466934371842 0.173248850339988 0.2729287336424
-0.0482336821243781 0.281582803179078 0.0910044332213678 0.301597639489065
-0.18583383338899 0.207476307013629 -0.0490357360443109 0.29465007419639
-0.337307538227343 0.0741465865541253 -0.14867629945033 0.175406779795771
-0.310857853477326 -0.171638911359915 -0.136838067393578 0.021101540020901
-0.104214184432737 -0.375607094379889 -0.0421182743910548 0.0389645765952016
0.0587884145150829 -0.50922574732021 -0.123842023661636 0.276340339796484
-0.082049875455382 -0.323537681031529 -0.268253463158216 0.638948640704949
-0.20714396553185 -0.220508808105503 0.100325984290659 0.508969050101376
-0.253483546339089 -0.0460077424998292 0.188174730005085 0.101185302625515
-0.182070689590388 0.120258176514126 0.02766138652957 0.0138969460315395
-0.0681668012936849 0.140294344189257 -0.0999014829144025 0.158907048580844
-0.00732623661326181 0.142820084086962 0.0174023349335908 0.320554262385062
0.0520298168849786 0.162346004105023 0.164214147764701 0.348452089286295
0.0603598762258463 0.143454163032708 0.233403636051601 0.321700558187726
0.024832740862525 0.15028890346727 0.194579205298164 0.335197724539614
-0.0576804969403638 0.133085960279717 0.071270738758561 0.345936508568282
-0.111867646091362 0.0671034616364746 -0.0852910095499308 0.297517240062037
-0.137010439978213 0.00241529267394123 -0.151255704143966 0.147815429674568
-0.119529757826216 -0.0788818724217272 -0.114799657179591 0.0303382159495232
-0.0541741303182131 -0.171718525771411 -0.00168202543608848 0.10025723218165
-0.000318546694018196 -0.286934866745642 -0.128511614127813 0.396093277497668
0.0828526705208111 -0.00207331710661758 0.0334469470788484 -0.495058392373052
0.0279730493720657 -0.0540463655977108 -0.0879087118165198 -0.20174797684317
-0.0525265929269747 -0.0282132085016396 0.0749372783363816 -0.00978466776970572
-0.0658229289864177 0.0473440510448499 0.141946983305997 -0.0985246118571208
0.0153853239392114 0.0617075050275062 0.111674617561054 -0.258743210459318
0.0487918108681572 0.0301648656739596 -0.0480148641994003 -0.365837723869716
0.0618570028200376 -0.00137864611418384 -0.204346974741604 -0.352588581828294
0.0515853812101394 -0.00578209815147268 -0.251783096126147 -0.333643407846076
0.0490293082913243 -0.00811540823192425 -0.213689935356731 -0.359556473843894
0.0345168901873954 0.00888901937426524 -0.0671922432003473 -0.334906715472973
0.00818993146179363 0.0325578058008952 0.0667165020855559 -0.219429125538654
-0.0364716248248111 -0.000365667865608509 -0.0116365443473231 -0.0821711433161015
0.0170646925218547 -0.049152101386587 -0.128835256502419 -0.162312880543906
0.0877161034507771 0.0183057381758595 -0.0778465979107426 -0.477668363142037
0.0647711010705993 0.0919853793359395 0.324178880063031 -0.69850933847455
0.0929461297250878 -0.242949691362861 0.0337480861196698 -0.441772022708365
-0.0443866416130884 -0.234768777502036 -0.0782966648539382 -0.186938905483796
-0.219348035391119 -0.113342303076175 0.0888967201891148 -0.0233251056323618
-0.244412340435392 0.103057179572489 0.143435831251653 -0.0973515191505208
-0.0684708621328251 0.19224425267502 0.0974813030776473 -0.241433424940683
0.0518587397248203 0.173588872420654 -0.042541319575418 -0.33584503786563
0.14954387289617 0.140833556314892 -0.183900196645819 -0.318701463060068
0.165604258209696 0.128018751542577 -0.212375633202613 -0.300664587363574
0.151326319406492 0.147951082820746 -0.177438703146072 -0.324314504117118
0.0469061286174618 0.194261813411055 -0.0340423643468232 -0.297068014904072
-0.0763000031173238 0.201307089524212 0.0783580115932166 -0.175638465732041
-0.263499223420271 0.0960522082872357 -0.0231380451285657 -0.0511788213063339
-0.221479087625111 -0.139406639004722 -0.140965725395395 -0.172859588392183
-0.0106738038249572 -0.231480102613852 -0.105693838053289 -0.484781342815622
0.0967926065369891 -0.213834340723738 0.262794626651636 -0.677838936248418
0.0839763719000863 -0.459656659345795 0.00835737738192556 -0.321255784427484
-0.132417563657152 -0.396534969083468 -0.0584766232388578 -0.131332354872285
-0.383430041737838 -0.178083675635319 0.119958665413048 -0.0370062489888323
-0.404573292365875 0.166404947096146 0.146451795932413 -0.107333138325048
-0.139609633472205 0.311136915055247 0.0674449144078146 -0.215875316371645
0.0525602015139443 0.299062220184411 -0.039883021925478 -0.272144361817875
0.217818192496497 0.265154289705902 -0.141147602965576 -0.238973165553435
0.253706499220922 0.243406695343263 -0.138541732391093 -0.220937589311889
0.227475039333869 0.281922275564831 -0.112746186122135 -0.236390785152252
0.0483454911544222 0.351600242698163 0.00706799427390933 -0.205680715848915
-0.155578609082722 0.343450754317935 0.0780744218393414 -0.0890225209374516
-0.460436574605925 0.18054588553471 -0.0467120499778729 0.00312456997044018
-0.434574467337715 -0.213370661969686 -0.159452581523538 -0.154116198228865
-0.107898408740869 -0.451229788603288 -0.128991909410225 -0.437593921742801
0.118401144557337 -0.486457306557024 0.177201784011226 -0.564105729102675
0.0550152432317667 -0.623374229110589 -0.0375107843499668 -0.139931823644323
-0.23789627325723 -0.52268766871628 -0.0211494465744106 -0.0296322814633984
-0.538046847268958 -0.207874345307742 0.165163850479932 -0.0439695013451101
-0.529671974425434 0.243204464666892 0.143754726831658 -0.119767482287328
-0.186290211189537 0.41368057348263 0.0251610035270201 -0.169107948657065
0.0537254473517846 0.391706300573728 -0.0354684770816118 -0.171513314671635
0.258281874858216 0.3538401322561 -0.0799328954559871 -0.122758514908759
0.305284057083906 0.322065618218096 -0.0444025887591551 -0.1078441881736
0.265503582407299 0.368710874995698 -0.0281850644674396 -0.110305580004924
0.0393905260840964 0.45163227893917 0.0506668889833344 -0.0735358457455526
-0.213064929299072 0.432141182835034 0.0653051020692162 0.0273096264813262
-0.590242874696694 0.235752630222932 -0.0747425034835343 0.0744182026077009
-0.578856199731574 -0.255280161403786 -0.172169454072391 -0.108213934728933
-0.182126241464453 -0.597136560408439 -0.138541634995289 -0.335078657537495
0.122372690113453 -0.675135895366389 0.0792617902077624 -0.369446140638018
0.0110212705031866 -0.705125025966517 -0.0920344417677056 0.0844535207531032
-0.328619963127201 -0.58093979931601 0.0312911576595144 0.110835120770029
-0.636730183556806 -0.202211105286789 0.208648620698643 -0.0363397793274508
-0.586343776973445 0.302299493508321 0.128372257876287 -0.116590881170183
-0.199734978300729 0.467610173047886 -0.0205987918694768 -0.094063660164293
0.053228956569387 0.433027360471131 -0.0232338363810207 -0.0386228889635635
0.265856712561992 0.392231624013876 -0.00541564997090626 0.0160869703784218
0.309476588299711 0.351827535260229 0.0558787336018522 0.0221526811824572
0.258403446149833 0.394889853064712 0.0605766117282583 0.0318524955213072
0.0200085870221211 0.470620961307262 0.0871491799733817 0.0746292898387374
-0.237142570403613 0.438124594659952 0.0419458102868167 0.151924256113586
-0.60889724022208 0.241723443705519 -0.103041582954269 0.142618250294675
-0.610925304999725 -0.257418769603386 -0.172384911009689 -0.048347680903505
-0.211743934046996 -0.628185351255637 -0.125032818591488 -0.197065309098154
0.106813681350872 -0.743872989482028 -0.00940830610390411 -0.130809596484251
-0.0386759457382735 -0.684221646554472 -0.146976697569127 0.320494115237118
-0.365627989150596 -0.546896365005135 0.0852260409435861 0.26893973116527
-0.624791018549241 -0.16493026143605 0.231261270663544 -0.00860631341842082
-0.541238884653931 0.308431507957987 0.0975961892792351 -0.0870414348178716
-0.182517834669739 0.440557790555648 -0.0592299513981736 0.00498077874010573
0.0445401212853054 0.403651997418796 -0.00373982006177776 0.107898461784627
0.233852982640956 0.37209605323991 0.0718441243462969 0.155038041410908
0.26655310747077 0.326718961181966 0.147761870394595 0.148020936503157
0.210010082710583 0.361204358318178 0.138103596828041 0.165750860657092
-0.00736793729804386 0.412011045809548 0.109325301519447 0.208823454424509
-0.22530233264093 0.359663015343264 0.00784464896515613 0.251629430523377
-0.513576769391978 0.181979533331638 -0.127010858301608 0.184877099447389
-0.511510594307011 -0.223185591609187 -0.159703014179173 0.00194660906900598
-0.183525664714007 -0.548001229223111 -0.0911408359031409 -0.0623345887805542
0.0763382707711916 -0.68550206395702 -0.0771875872071364 0.103845391113114
-0.0758774406355995 -0.550757901769562 -0.201358193632078 0.527494458805616
-0.322577339809864 -0.416049794975033 0.118390740331277 0.41145563212774
-0.48757691650082 -0.110291078433322 0.22388374554976 0.0384488998666866
-0.395399620808236 0.242698996294494 0.0602668723416205 -0.0382000196984417
-0.132630456146239 0.323297113434799 -0.0852355558203745 0.100837088198148
0.0243013201162291 0.302183327225077 0.0175397610761136 0.237574217706865
0.161350563103998 0.29113841792093 0.140225838760502 0.271581983334223
0.181797377231769 0.253349083395451 0.217184942065602 0.253294083779735
0.130242537526247 0.273469446754481 0.19056417095869 0.270662050054603
-0.0347251689122634 0.291219546717689 0.109113656676361 0.304253765814605
-0.180513286844248 0.222607495039022 -0.03125069396215 0.304177038515695
-0.33864120714177 0.0942053570590027 -0.141746948683549 0.187443583331904
-0.32561709412502 -0.158851192445505 -0.139550145723547 0.0291830090382946
-0.122761183761773 -0.376838898661706 -0.0458665664863207 0.0398092969197882
0.0352998985586626 -0.520302678813864 -0.113584033353436 0.293113102292817
-0.0979059033905814 -0.326053051894223 -0.247196581726011 0.66333582874647
-0.222809904438125 -0.214454518798583 0.125336073839381 0.515074417528905
-0.265028421055005 -0.0339878689499256 0.199302524153706 0.0921336329752367
-0.179251833148968 0.134883766403257 0.0304727922123299 0.00804752082152179
-0.0629582182052581 0.148310226086423 -0.0944194994544547 0.165522391716299
-0.00189093693269222 0.146426057649185 0.0324580217300732 0.32471470629412
0.0610922786547071 0.161616940758555 0.18596111480114 0.346679695857516
0.0695792750067622 0.141188660211783 0.255721878206462 0.320265898648449
0.0338789040096136 0.150858118238648 0.214197948577442 0.332932936275831
-0.0515739838108451 0.138505909070577 0.0894261999740685 0.350479522732299
-0.110384312909536 0.0747474199900693 -0.0687374932221821 0.308242886852666
-0.137270341002676 0.0101929651963696 -0.14548216334106 0.159491940175047
-0.125507639290432 -0.0724542129416021 -0.116188496423456 0.0384859678313283
-0.0639034924158105 -0.171259514109066 -0.0016017502372102 0.101257045265295
-0.0154242842523365 -0.291695742857291 -0.113929582634339 0.415938533580939
0.0830603129163026 -0.00871523429391421 -0.000937631377038125 -0.496537886779409
0.025413389068288 -0.0576497200741315 -0.0989656441559142 -0.195195641217632
-0.0529239763112585 -0.0273662066565724 0.0740015268865301 -0.0169962268730024
-0.0638539194138589 0.0511199716053882 0.13224764783508 -0.108983775859549
0.0183020340413232 0.0611051098011849 0.0895008355720682 -0.266282723140521
0.0518710029437944 0.026782908380004 -0.0753187809917663 -0.358126491877723
0.0625315053666498 -0.0050669506324639 -0.22841401450151 -0.33533255077065
0.0505177703807339 -0.00825096792188176 -0.273574088821843 -0.314378210648884
0.0479490458545579 -0.0115057978924319 -0.236703849717583 -0.341894080313795
0.0338242157978781 0.00658483642448625 -0.0877130509896647 -0.327988282957719
0.00999337810067314 0.0315847244687775 0.050578651823727 -0.221549988150387
-0.0375210079756968 0.00127073221562176 -0.0182687540487405 -0.0782832670488145
0.0141153395873277 -0.0521132846628279 -0.143053887162982 -0.151534045845391
0.0899549997193959 0.0123936344258597 -0.108159553578838 -0.472386027955138
0.0715345828290612 0.0890623402999061 0.275252911583551 -0.720682980078648
0.0762701592982211 -0.24683363303985 0.00583095777253395 -0.444267744351378
-0.0569304236283029 -0.23098129313932 -0.0897108103946842 -0.181768452948116
-0.225304024210647 -0.0982028033278317 0.0860629931444988 -0.0336797878492875
-0.237118950810595 0.120584074963981 0.133238790174077 -0.108574223094398
-0.0549345912015386 0.197828423250049 0.0774027932323986 -0.247209812475592
0.064463405557382 0.17029068525284 -0.0676404448151078 -0.329003850808186
0.159248944019242 0.129386297535022 -0.203029110701327 -0.303018379556871
0.173863044310564 0.114528690240306 -0.23044684326965 -0.285573608589384
0.160905252411476 0.135831776408498 -0.197097982070445 -0.309320052900191
0.0592550655341912 0.19068736959076 -0.0514432379315108 -0.29280043538473
-0.0627667280598499 0.207047887017523 0.0666691487161887 -0.179391490696442
-0.25542991267657 0.115009068037079 -0.0289735540581325 -0.0476957161310747
-0.231096838120349 -0.125182218709518 -0.156071025071253 -0.161806767405884
-0.0245769424546301 -0.230318429828947 -0.137285148776861 -0.477951507129662
0.0826495350552124 -0.215697679531473 0.216679403305764 -0.696003159202769
0.054520486960592 -0.461005424135337 -0.0115187253122033 -0.324209549912206
-0.155044692097391 -0.384484169712538 -0.0663675610598725 -0.12897955340679
-0.391955122331687 -0.149359094336603 0.115709220269555 -0.0502045575383959
-0.388555973329368 0.195911248642425 0.135219105141082 -0.119949475259331
-0.117510269549546 0.322341647511288 0.0502041158115282 -0.220195503948374
0.0740274829596089 0.295181505245708 -0.0616975596852395 -0.266344348232035
0.235044799196389 0.247655461025106 -0.154308063225059 -0.227883537754508
0.270513537079904 0.221503970615258 -0.151060853365824 -0.211125917407433
0.246571351355214 0.26258328921585 -0.125925714710339 -0.226122610593405
0.0730225341477946 0.348073013078184 -0.00366758095080126 -0.204686433753267
-0.131334240876891 0.35472635162913 0.072440525098881 -0.0940472453541313
-0.444228596642415 0.212830952317929 -0.0483734293768771 0.00728051176571261
-0.448195977801308 -0.182838895841431 -0.173923708617958 -0.142592427418853
-0.135622018982391 -0.442874459692595 -0.160288638887251 -0.429086113759261
0.0830316211122952 -0.487885343321944 0.139282743594448 -0.573995311690366
0.0118268974578902 -0.619789627034552 -0.0448217356816924 -0.14249484349144
-0.26715370401857 -0.501552028158676 -0.0235606208500018 -0.0311863759804743
-0.548163340223476 -0.16763217648664 0.160599322147748 -0.0620529273209912
-0.508073977748677 0.281186884117842 0.13288738555662 -0.133354833701273
-0.155876346844522 0.42762614657489 0.011917473142621 -0.171630877957868
0.080117329619567 0.389020295635067 -0.0501375746102808 -0.166956268209238
0.281826481626987 0.333439234395851 -0.0836858138345161 -0.117278318330277
0.326420424328808 0.293660432940484 -0.0494601009551095 -0.105366510242231
0.29154215208253 0.345856839474002 -0.0328812571330465 -0.107340914499046
0.0707445230076333 0.446754424277345 0.0486926590124052 -0.0761164619714258
-0.181944138852078 0.447207338053642 0.0695879623131205 0.0225153814814609
-0.566743623936161 0.280004947765682 -0.0713117189537228 0.0793719719483893
-0.596735207971393 -0.21271533027568 -0.181380534849451 -0.095970959186593
-0.217703095836602 -0.581696409617392 -0.164091976705582 -0.326959412944422
0.0734153844511107 -0.675872412705326 0.0555424976262868 -0.371279819494544
-0.037243249699426 -0.701444388925708 -0.084442502919996 0.0839864814423392
-0.364027337040757 -0.55392587267966 0.0380029221590966 0.105086410739227
-0.64766089158355 -0.153798088646681 0.204659541458528 -0.0576757520925774
-0.561097698890251 0.346481098910539 0.118558868634987 -0.129921069135099
-0.164563015984667 0.483090998801061 -0.0282848515162915 -0.0939168912871369
0.083742885375633 0.428916499846261 -0.0291564943332138 -0.0366172303028946
0.291097679828686 0.370186121060384 0.000490551453894067 0.0145532101938063
0.332828463285815 0.322606755169603 0.0601552472187465 0.0164852861097251
0.285222281757868 0.372133699601732 0.0648157133170524 0.0285032597510286
0.0538285218684295 0.469082078670317 0.0962395702628146 0.0685271256434863
-0.205167081653858 0.455550096663203 0.0559806854519192 0.147058309450094
-0.587417441841933 0.284845588669676 -0.0941892947119586 0.149945501569764
-0.626558190351478 -0.212230587728246 -0.177326613348564 -0.0357276006187074
-0.24980519226676 -0.610288601927617 -0.1416750883327 -0.189810264276216
0.0537180757490557 -0.74271631956155 -0.0170911169163703 -0.126838796893319
-0.082763956791082 -0.67589439458039 -0.124111408834223 0.322952266882643
-0.397338781415491 -0.517383603835635 0.102231045284078 0.258655627152211
-0.635418988401992 -0.117714123925402 0.229950622952985 -0.0314284069680537
-0.514380797132484 0.348619202702284 0.0901104210000232 -0.0996503394929376
-0.148500037835327 0.452808089012194 -0.0589303915950316 0.00721554420834519
0.0726441938353685 0.400071917818592 0.000823975869681317 0.106651500269116
0.25747756800088 0.351455171618469 0.0866910046340751 0.147417931511917
0.289291081311226 0.300757280621991 0.159372965385593 0.136069523696103
0.236343441703571 0.341589528887722 0.150909024383226 0.155612236365941
0.0225282319504547 0.411582995045928 0.126467384820536 0.200339269348924
-0.199164855243865 0.376753726059396 0.0299134862085429 0.24903023143359
-0.494895552001736 0.221639878111789 -0.113354738087763 0.193668045712995
-0.524611563705465 -0.184492644497839 -0.16017015505341 0.0138883513279447
-0.218098935101273 -0.530173086446219 -0.0995218814996213 -0.0573822015664005
0.0267017537431634 -0.683023415073451 -0.0673608577313373 0.112678610808559
-0.111035825727103 -0.540291904519853 -0.164985234920493 0.534767695985742
-0.347899359192585 -0.391602421871381 0.14469550063311 0.399059218412736
-0.494871377947115 -0.0720030814083425 0.226876214067972 0.0172033432608818
-0.375100330206289 0.272020273171073 0.0577820826961293 -0.0476146749765095
-0.108147053186303 0.333489746071144 -0.0771750254655383 0.103858324210188
0.044697481196346 0.299603300252629 0.0312258974955913 0.2341109641067
0.180497934348506 0.276129938919142 0.161096069301479 0.258367782790706
0.199103302770073 0.234901788256102 0.235554879821604 0.236030599557998
0.149974517448932 0.261376140219085 0.208889697608151 0.256627635784967
-0.0130246094042888 0.29252251569547 0.13230210470711 0.295364050947192
-0.163189289078554 0.23609220220352 -0.00572239790755172 0.303627728094354
-0.326642262222315 0.118756363716742 -0.126513407607792 0.19761818767266
-0.336026371191503 -0.132354415021999 -0.136635546978426 0.0410167073407094
-0.147017788218997 -0.364096651552717 -0.0478787149775396 0.0413543711370423
-0.00222241946034417 -0.516557180237611 -0.0912846896199285 0.304285138120742
-0.118775515449705 -0.316769058906734 -0.2045224763037 0.676401227700224
-0.236576082730522 -0.197679917972005 0.158266552656578 0.502602821549287
-0.268924131685285 -0.0128047699190786 0.206614711487871 0.0739025732422972
-0.167637103527449 0.149028983800503 0.0321509213012567 0.00166883896767799
-0.0511113526489625 0.152474374304793 -0.0823426511822332 0.17004760992558
0.00686303343785026 0.146432403146572 0.0531133169418268 0.319764038816702
0.0712788564849058 0.154914145645003 0.21048758675209 0.330895709331289
0.0796539940071574 0.132933469308605 0.275441019624429 0.300101425354497
0.0455145229435285 0.146124794001645 0.235923975879773 0.316135742549027
-0.0404978321336292 0.141522598471391 0.115005036839194 0.341117219816392
-0.104184368888497 0.0833726505596705 -0.0435719089088476 0.311168171692835
-0.132375733296825 0.0203379827305723 -0.131099700839948 0.169936398850115
-0.129277325969698 -0.0604095459589803 -0.112530764458786 0.048411262740573
-0.0754302028821853 -0.163182224022489 0.000648371666694815 0.100354376584644
-0.0366846117630879 -0.28759021781577 -0.0839098303264116 0.426125016587209
0.0790042032165944 -0.0130813788147097 -0.0272336909479442 -0.475757573176284
0.0216762533336586 -0.0579716952326517 -0.104199542565804 -0.181325827869795
-0.0516364965580653 -0.0259915538807695 0.0702663056989652 -0.0230967464501871
-0.059504879038696 0.0532909330248056 0.118193150880943 -0.113537956257974
0.0193403362684663 0.0586050005254189 0.0670027310442151 -0.25985247181808
0.0515385859519912 0.0230096977436016 -0.0937322024682225 -0.335338159778628
0.0601529016120839 -0.00888345739827777 -0.237384478683572 -0.304325503073328
0.0482456046237368 -0.0102657185390291 -0.280257020542116 -0.285878866152751
0.0443530914035352 -0.0134334721571124 -0.24532688998997 -0.312515506093748
0.0313173693480378 0.00477522291709112 -0.102061749461508 -0.307982390114969
0.0109987809379972 0.0287939893188316 0.0358351392239899 -0.213248907098636
-0.0371524940641632 0.00344092902833805 -0.0229306974106133 -0.0705801962517465
0.00977621540700938 -0.0526578736708535 -0.148495848007077 -0.134484787578017
0.0878832455405015 0.00607260640590742 -0.131911104085557 -0.446841498679801
0.0749166139035782 0.0830228313504801 0.22112654641501 -0.709398242309293
0.0591076096864344 -0.239722626000461 -0.0191287888620396 -0.428512546695609
-0.0646597509259347 -0.218438207453372 -0.0949846162167083 -0.169851785050731
-0.219473275239166 -0.0823647278727872 0.0795046744284716 -0.040977962904663
-0.21962664391684 0.130251997765086 0.118285519632843 -0.113323353479056
-0.0422993821627373 0.194641181590732 0.0565845793983279 -0.240744248992434
0.0728670055539852 0.159446600340983 -0.0864644167764731 -0.308054609669073
0.159986330054554 0.113956269950417 -0.210964710352598 -0.276955756287242
0.173273602351855 0.098198779924872 -0.236760160941589 -0.261214859418727
0.161648347097426 0.119485350903165 -0.205796937482117 -0.283134370147648
0.0677142329333466 0.180114715402718 -0.064531999061204 -0.277748982665877
-0.047782019712468 0.202409308588508 0.0530060766623388 -0.175136315423059
-0.238376984932403 0.125755113528464 -0.0324875984069612 -0.0415639906483655
-0.229091773460973 -0.106413516610108 -0.162951897925025 -0.144593634915688
-0.0353512456372415 -0.218502308736226 -0.159420232737378 -0.451648280104946
0.0673800653252135 -0.207356762556326 0.167940647571331 -0.682177519209799
0.0252136587004226 -0.441526591090517 -0.0285241444223171 -0.315153643006442
-0.16571952479232 -0.358926201969729 -0.0710833855994603 -0.122228624876602
-0.380770839535033 -0.119808421965179 0.105497105379753 -0.0595188633801132
-0.361506432955887 0.21306208521573 0.119931194982859 -0.125412363572281
-0.0927676035707114 0.318033513684416 0.0319556241619922 -0.213717837611947
0.0886227885636735 0.278958505278879 -0.0767100069102344 -0.248678855989234
0.239564550164243 0.222685576549657 -0.158419621043816 -0.209658612724143
0.272478711577371 0.193345448032191 -0.156494246972763 -0.195507859743096
0.252212486601835 0.235153063302674 -0.131213314749326 -0.208219351053685
0.0906615678219603 0.329009478119009 -0.0131251305399318 -0.196204610414605
-0.103525887353533 0.348772113953004 0.0654164000247157 -0.0939821382206886
-0.412089558366394 0.232364754712388 -0.0486114678253479 0.0126691511105369
-0.44122453540669 -0.147655522365422 -0.178191812804749 -0.125626680660118
-0.153175243712146 -0.415141509485859 -0.179668761697226 -0.405323861482234
0.0520783320985526 -0.46633752195321 0.10140195951904 -0.558468816263337
-0.0229840041489731 -0.592864981528801 -0.0510664513781715 -0.140728446193782
-0.281156916734419 -0.46235541631662 -0.024905324253886 -0.0318381018195843
-0.532062439121957 -0.124822248658133 0.147165829560034 -0.0751978684314981
-0.468372585097919 0.302695399555339 0.11633165817783 -0.138835746578882
-0.123279363035906 0.420408164252702 -0.00137127868195479 -0.165669686581623
0.10137620054261 0.368493332249083 -0.0605695711188728 -0.15512982173959
0.289460075009532 0.301197563162045 -0.0834442589729423 -0.109023027771507
0.331106131414414 0.258605354579151 -0.052120770707448 -0.100530533322236
0.300496982995558 0.310590115983992 -0.0352414841928414 -0.100585644585565
0.0962171669792277 0.426108584372988 0.0449735338339059 -0.0767341404508191
-0.147449562846736 0.441075765096642 0.0702931363273614 0.016890289994317
-0.525305126463903 0.303690597591262 -0.0660309103951135 0.0822586855673046
-0.584255431472322 -0.167309935577959 -0.182761411659492 -0.0810246911516908
-0.242247040998685 -0.543902795699711 -0.179515293945497 -0.304413209385777
0.0316069727356444 -0.643326869970784 0.0338801147229153 -0.35905094890241
-0.0751158089960066 -0.66682968235034 -0.0764587988205884 0.0783111081281899
-0.376002159752949 -0.507445470510145 0.0411618838926247 0.0948591318303587
-0.628068972392477 -0.103800505776101 0.1904793034253 -0.0748856853697247
-0.513459487621319 0.369133897870132 0.1028672350795 -0.136281755384374
-0.126475869340223 0.473975641595124 -0.0342008498046403 -0.0888770082611918
0.106985666667647 0.407555307949046 -0.0330207375260006 -0.0321857702262039
0.299403481811939 0.334813456177033 0.00527152567939407 0.0118416482379006
0.338546094785009 0.283756101929082 0.0595660815222206 0.010109509448962
0.297025335996658 0.33667917701754 0.0660456367330778 0.0228600276379689
0.0809121814162465 0.446929081809161 0.0991841890652661 0.0593860639372956
-0.169353356810008 0.451940216621441 0.0659847612782187 0.136377700344562
-0.542409094581739 0.310565236784471 -0.0824336690251442 0.14986502765503
-0.613653317940393 -0.162783424157136 -0.174047813219002 -0.0236570491039938
-0.273351370121471 -0.568721135535002 -0.151665286491395 -0.174547995005651
0.00588058561991645 -0.708931028129025 -0.021147149729218 -0.117745661844893
-0.117919391359591 -0.640585191055782 -0.100947347707799 0.310927457156411
-0.407923686253365 -0.470721817431638 0.110993438211201 0.238728987002798
-0.616555333741528 -0.0713717081316027 0.216961787226665 -0.0508022057926114
-0.470398762995594 0.36841597274394 0.0791531928442362 -0.105732086270236
-0.113383185803375 0.444809652662023 -0.0573946828677944 0.00845923263602274
0.0946283733449403 0.38054336845182 0.0046779374152677 0.102259842180536
0.267243004645041 0.319324363757544 0.0948404603635599 0.133652660547098
0.295127672426785 0.265583510711921 0.161856317860826 0.119040068669781
0.247862874396065 0.310892882489417 0.156031907028562 0.139956370713924
0.0474114089751397 0.393135183441211 0.136231788557849 0.184015200773825
-0.167376788112075 0.374648422748398 0.0472944085551794 0.234906990609839
-0.457481661416319 0.24311130922746 -0.09699077584128 0.193378389784055
-0.513945273139359 -0.142501079550178 -0.154024941545626 0.0236109154248102
-0.238088167381196 -0.493154613178716 -0.103028852632273 -0.0497112495625912
-0.0159156101588089 -0.64862794585939 -0.0549308956614779 0.11536828358496
-0.1352431248836 -0.509878761841161 -0.129748867258652 0.516144959014605
-0.355056001329756 -0.354244343676101 0.161326923467102 0.372276696172253
-0.480987826083674 -0.0362284123782309 0.218450662473723 -0.00245954462277263
-0.3403804568749 0.286336701465388 0.051532844121892 -0.0547313989614167
-0.0819817175382649 0.327103712268249 -0.068396464831219 0.102173011364974
0.0611021587166425 0.285897599085425 0.0416821383171574 0.22156776836633
0.188747029962974 0.252479450349626 0.172253827792894 0.235835486185737
0.205412729561627 0.208748633536096 0.241227186476346 0.210538083505972
0.160220079552553 0.238720903868508 0.216604484701659 0.232691359289469
0.0069833251234534 0.280261182694133 0.146342441409578 0.274020343076301
-0.141730105284453 0.237748369187894 0.016845419778844 0.289991084664893
-0.302424114655026 0.134403535054923 -0.108033072472633 0.197584228212218
-0.328325422521864 -0.104233459668 -0.128857322344568 0.0482651621599696
-0.160968071906426 -0.337978394557057 -0.0479336242095935 0.0427415953804876
-0.0342622186961852 -0.488848453276161 -0.0666407892897264 0.300652100642534
-0.129756306015889 -0.296213358008684 -0.159509320518075 0.656885338098725
-0.238272572355191 -0.175458011157306 0.18029391404145 0.472412498532476
-0.260398182220774 0.00651105539897458 0.203643039857532 0.0552567504569486
-0.150033037720566 0.154359237535183 0.0307179156300706 -0.00540409095182283
-0.0386210436302547 0.149462723272535 -0.0687162000443041 0.165636546067079
0.0152522280379367 0.140910534826903 0.0686747873148063 0.301669185511607
0.0773355079592687 0.142902788373175 0.222506559751348 0.302381683125718
0.0844491193392025 0.11979798767401 0.283250297405326 0.27049242242472
0.0530829308173868 0.136133118204156 0.2452117696895 0.287021904130658
-0.0290427589213703 0.137247601056022 0.131542160043341 0.3191431177298
-0.093859087144676 0.0866245961806044 -0.0182694027061086 0.298080936560292
-0.123171960201095 0.0276500017259443 -0.112670730512776 0.171403753688055
-0.12657807353471 -0.0472737433594199 -0.103686575575472 0.0548096650358996
-0.0817879434226625 -0.150218188001117 0.00227951816036597 0.0963870035312527
-0.054419404763121 -0.27072549433713 -0.0528587576526495 0.417319909386
0.0642152579394753 -0.0281502246752046 -0.102190407429731 -0.437079277819703
0.00956628333405067 -0.0568054322477316 -0.123860354076008 -0.15596548958658
-0.0516709083898401 -0.0209881238515549 0.0592530017814724 -0.0390604707183058
-0.0491312963005678 0.0544570166728605 0.0853533557405591 -0.126242106560687
0.0199690624764711 0.050444113493976 0.018785745353702 -0.249504422529759
0.0469560814909986 0.0160516696776604 -0.138897629577006 -0.299195061231162
0.0516574808560216 -0.0153735998018711 -0.267126212809239 -0.254129249698194
0.0417873809182928 -0.0137022058781296 -0.305575859603433 -0.227054714625149
0.0359938719133614 -0.0164289941640136 -0.28038422290611 -0.256491093119142
0.0268113888067334 -0.000184259062183239 -0.145373946836019 -0.273888863922843
0.012050310221732 0.023565913141236 -0.00137543010462725 -0.204456668809205
-0.0362446861017216 0.00678625692033732 -0.0317609331467397 -0.0593324594963074
0.00155326571187489 -0.0527765598438154 -0.162231042589405 -0.0990317729621479
0.0839374196659388 -0.0129088857791378 -0.19592120373052 -0.392554303840856
0.0816979283124233 0.059172914903654 0.104116239941077 -0.691841885592795
0.0204577570294103 -0.231813392662081 -0.0858990458613432 -0.407352012187655
-0.0898894028415934 -0.191627698270034 -0.116789118931624 -0.154213000467276
-0.209543190766915 -0.0494248127985728 0.0536417371037454 -0.0643415424152026
-0.182096454203857 0.147895390256943 0.072350736395743 -0.127055031869876
-0.0172468187191573 0.183589957529691 0.00677440375902632 -0.221687591685365
0.0852439189882971 0.140596969312675 -0.125983116607107 -0.267832850739376
0.160215263320166 0.0845582944767171 -0.235172394361258 -0.224387396067079
0.170627426583984 0.0706555847316647 -0.260959391944901 -0.209553298129856
0.163403429651961 0.0907758175276201 -0.241484051683712 -0.235794286190356
0.0854332512340089 0.159048347782054 -0.10911482397613 -0.251254959111073
-0.0227468636781556 0.192188117842413 0.0222058280125848 -0.172662114670819
-0.207156944141968 0.149115431624608 -0.0344188641055626 -0.0342269979959324
-0.226098183997655 -0.0741498002703394 -0.179752636209207 -0.110697282520419
-0.0600337498600154 -0.204996655953515 -0.220313336766851 -0.392835803007502
0.0392863988830339 -0.210551580409968 0.0607335657895507 -0.656735808490772
-0.0337483861275672 -0.410188244178724 -0.078006654045838 -0.311680833221346
-0.198460862121963 -0.307645749090523 -0.0905400092761118 -0.119464613926689
-0.361410187390268 -0.0604725990970558 0.0631899565257319 -0.0920147908089929
-0.297148139555752 0.243227507370783 0.0594930291370463 -0.139107702045701
-0.0462622352763784 0.302940421289272 -0.0146617444279636 -0.184345573929017
0.11603065419711 0.249574992621965 -0.108281505027243 -0.208652050685767
0.249405785585493 0.172716115838488 -0.173910436490434 -0.162545548039399
0.2741743003265 0.144713593235044 -0.17516711406384 -0.158746664322336
0.264161833991618 0.185641144817392 -0.161559369123457 -0.177032470156162
0.128370234842242 0.295767671537778 -0.0508409945400548 -0.184072674532299
-0.057732164014852 0.336638320362503 0.046999445334759 -0.101090840151026
-0.355601266611834 0.272257725566354 -0.0392162948214244 0.0152188602759294
-0.426422290393532 -0.0854514139503165 -0.192616362017149 -0.0947192477010722
-0.196284363322526 -0.370713141431693 -0.22741298237325 -0.344167221454531
-0.0073532610954532 -0.44882791112179 0.0209545491681997 -0.533086954975894
-0.0936649827294892 -0.540536103262628 -0.0716318293059223 -0.154178796804544
-0.315802293359662 -0.386179804812674 -0.038040900589497 -0.0474516009517321
-0.497561384021423 -0.0449756796120987 0.0886838266036922 -0.115940414263032
-0.378748382826256 0.341517192383058 0.0442056171702499 -0.151531828666059
-0.0583279013940109 0.400775667323285 -0.0408035627674036 -0.128404054659811
0.141074870286574 0.330735349750585 -0.0788993073343862 -0.118658399650261
0.305901010159117 0.238710473416827 -0.0878882035717889 -0.0741904557616809
0.33650468767348 0.196994398894792 -0.0633504389634291 -0.0835991786255126
0.320428573891408 0.248700746212334 -0.0555044484245854 -0.0908544505932656
0.148124657439431 0.385050851704614 0.0214066432825729 -0.0817679765520775
-0.0862874537900377 0.428239963798744 0.0705352631742651 0.00104709791424977
-0.451289024185795 0.354513104306789 -0.042234006929735 0.0808612795306124
-0.560227452418592 -0.0863517318794486 -0.191335884521522 -0.0542907673892533
-0.295628000391494 -0.475529268394165 -0.206729750441457 -0.252144040846037
-0.0477584500145628 -0.609739933571992 -0.0116587101135446 -0.335607341568755
-0.146276831052471 -0.598057452773404 -0.0611016391659217 0.0493705894897038
-0.407646807665994 -0.414399423663227 0.0417218291855493 0.0585350121620527
-0.582536076296613 -0.012421827785351 0.12206944001196 -0.123317531113593
-0.411586936979741 0.409848743853356 0.0271193010065053 -0.145479103187611
-0.052560312051472 0.451756882602134 -0.0597728561640847 -0.049114188772014
0.151779823442753 0.365778767216108 -0.0343424743410598 -0.00625450843327204
0.322554519410577 0.266713387999506 0.0131679628573987 0.0290553134109513
0.347576509088305 0.218777087156435 0.0576634112858604 0.00332294949874447
0.322042926404065 0.272258525993721 0.0593546458844262 0.00984767221003116
0.137194440725091 0.407634500316679 0.0947709390049281 0.0372964008311384
-0.105304424637012 0.4420487822364 0.0869162111353005 0.1135693742315
-0.464862249646381 0.365438045794248 -0.0459432046867963 0.145952229646344
-0.585574648269153 -0.0772200965851229 -0.17308439715355 -0.0023919559060188
-0.328273854042453 -0.492937862266782 -0.159541506832549 -0.135139999794663
-0.0789464898620122 -0.660716586301052 -0.026206927592567 -0.103463545585408
-0.178560183804265 -0.565945429230246 -0.0480415522995138 0.271192710524511
-0.429188740133254 -0.377143261357702 0.129396563422901 0.183310100315371
-0.566636310727622 0.0163699599661029 0.151696346995725 -0.102671251933214
-0.37210849009913 0.403346700644817 0.0124845969722638 -0.112053863514986
-0.0410991082332305 0.423794426952901 -0.0646578262973963 0.0442000185956997
0.138706495170628 0.342191485470495 0.0208306057463408 0.113559480118377
0.290657177167787 0.256245668241319 0.11553111057959 0.130491153211275
0.306588739595073 0.207112666082965 0.170451661444938 0.0902128495984228
0.273294816598994 0.254016949236538 0.162803989525046 0.106342330881609
0.100279841976143 0.361473126180584 0.151216444782961 0.147904347300767
-0.10987897443458 0.369566176550566 0.0861267216820225 0.208621719221403
-0.395606960170736 0.291805937865975 -0.0528296127994478 0.190002985020306
-0.489403513891892 -0.0683381396724105 -0.144859955223165 0.0395431987552542
-0.286312319877299 -0.423960605248326 -0.0967908976053722 -0.0271138089980334
-0.0908520302109458 -0.600222475226612 -0.0251613222031941 0.11796523978344
-0.178535311255794 -0.442003566294689 -0.0415243355940063 0.474289995997831
-0.364493299173812 -0.278089691169351 0.199610309867849 0.306242155139289
-0.44077004623371 0.0312373732628848 0.171060658452225 -0.0521861670720542
-0.265248094657737 0.310516997083866 0.00608246820425981 -0.0597168785083434
-0.026857813387969 0.31231126688611 -0.0564556138766174 0.125930583500238
0.0972478189064364 0.258831404377931 0.0735424334141557 0.21585075070214
0.210327225823551 0.204735429516329 0.201690855461989 0.21266636159834
0.217056888588306 0.164760457229038 0.258002549755204 0.164630042724561
0.183614819403434 0.198283101984165 0.236477816232088 0.183856210705523
0.0467117787961463 0.261630396635404 0.178444604567779 0.231657368677488
-0.101708281471141 0.239869167820203 0.066509437058215 0.2659084749744
-0.26340828969273 0.167803555241007 -0.0641215109945787 0.197688184586309
-0.313330374955753 -0.0540301877394219 -0.115060791979807 0.0620838867400864
-0.194321548500919 -0.289465266627331 -0.0337121194649564 0.0496813157637096
-0.0908103236492802 -0.446276743234998 -0.0108202435406839 0.291557254487439
-0.146712483802138 -0.245782424184519 -0.0460734905868451 0.620833920326322
-0.232519878789154 -0.128795596738805 0.237632547074882 0.406435465088205
-0.234854689191169 0.0406714135393382 0.181459409766654 0.012366356789481
-0.111535620103486 0.162279523882825 0.0112802837767432 -0.0104675732539965
-0.0108248396349472 0.14322651609026 -0.0424713215000611 0.174640569413199
0.0362984664859178 0.129037286497933 0.109612452373863 0.281205058507916
0.0935436414121506 0.118593778125206 0.255758658716877 0.263442226873285
0.0944683786276541 0.0977312373352858 0.306923471828695 0.213826429327763
0.0705294178944691 0.117372034685716 0.274312616030261 0.231862340563026
-0.00610614640575641 0.132662766279363 0.175298218953244 0.276971695494667
-0.0748776707316302 0.0935162445409906 0.0352974362903463 0.279529495029667
-0.109889534505773 0.0432689875882414 -0.0735184528051112 0.17709332083698
-0.121371141348315 -0.025866639338336 -0.0879643026543958 0.0676529471366193
-0.0962319098710039 -0.124957546681764 0.0179371822241703 0.0911615381724912
-0.0836628791937103 -0.238788502494268 0.0160660446632445 0.397209857023306
0.0616913422479296 -0.0258705677336029 -0.0889450928756313 -0.419626877883086
0.00996817175565493 -0.0552969965129899 -0.112847297353113 -0.151585412537552
-0.050573546784316 -0.0231544049570339 0.056906198436465 -0.0402333813433193
-0.0493930000829982 0.0523617174013198 0.0795392409989367 -0.120468354008241
0.0180016138182052 0.0509673064280871 0.0176158729408443 -0.236279100908182
0.0450802661676484 0.0163878759355628 -0.129077504206153 -0.285857894418855
0.0497061063923515 -0.0140278713453755 -0.250070631088026 -0.244049530489544
0.0407058061801074 -0.0118990111249739 -0.28977019661003 -0.222276970969864
0.0340612230610661 -0.0142978355647723 -0.263356893780108 -0.247738427793442
0.0245826191842922 0.00136507122450961 -0.13429308244548 -0.263833231480541
0.0102605444692238 0.022225382603931 0.00236288962298472 -0.193662569557005
-0.0352416033481669 0.00625088558221298 -0.0293742210759246 -0.0537311815290322
0.000789947983694103 -0.0523126065348159 -0.154745436650938 -0.09347502003055
0.0821658631442308 -0.0118374992674256 -0.182982043301987 -0.3779233187579
0.0788199912303798 0.0584656418589868 0.10884579676857 -0.659659518703387
0.0235378241940173 -0.219252737338046 -0.0762758029070311 -0.39286106199425
-0.0811241988234096 -0.18562033856401 -0.107456403019529 -0.149784809114664
-0.199675407445677 -0.0517243098133106 0.0502269311421588 -0.0637443210275737
-0.176319679276597 0.140267973174875 0.0677433345762094 -0.121877623409549
-0.0185909081951023 0.177285885430527 0.00746249330151667 -0.209468989630689
0.079540901212944 0.136227276935916 -0.117807272103553 -0.254812308884495
0.151864452682953 0.0819229109022599 -0.220405808644888 -0.21716669352616
0.162262455985749 0.068985149623395 -0.246886040688984 -0.204647446315078
0.154749516775868 0.0892007709503998 -0.225518769184781 -0.227864193782848
0.0792732345838801 0.154163180704533 -0.0991594723269841 -0.242378163376627
-0.0235745531082629 0.183690666508863 0.024037296968004 -0.163787544513437
-0.200107124876348 0.140602876421514 -0.0334529082187797 -0.0293409343323379
-0.215759388284773 -0.0745396474519083 -0.172506394718088 -0.105732775022828
-0.051906139890115 -0.197266665773459 -0.205303042916638 -0.379419640715285
0.0434816333173364 -0.198336140854485 0.0674484341278286 -0.627360941184627
-0.0255736471943065 -0.390575935025018 -0.0715236710696871 -0.302883100529209
-0.18217577946806 -0.296658577592443 -0.0845476538815389 -0.116763829743564
-0.343546926878281 -0.062877173599518 0.058438103985156 -0.0904525860482287
-0.28639426371506 0.23037979653862 0.0554351701125899 -0.133295347733507
-0.047295968359121 0.2910621750904 -0.0141375042253919 -0.174425101900318
0.109275772926125 0.241227918219183 -0.101809667407256 -0.197015139278716
0.235317271730839 0.167559037315156 -0.162011883244474 -0.157771559716162
0.260083360729362 0.139396831622654 -0.165528536242401 -0.15604048034078
0.24968889877771 0.179374886151993 -0.150271755887441 -0.171825163555675
0.119567658068993 0.28524175719829 -0.0432953758378783 -0.177631542972304
-0.0588010266161928 0.321706049939975 0.0476401259534562 -0.0952986456773206
-0.341878692925519 0.257270633811273 -0.0387329689195048 0.0180027576083541
-0.407486162205112 -0.0883614859869523 -0.185919800028704 -0.0907619134838905
-0.178563838000621 -0.358316381757936 -0.215730122585801 -0.332715386845985
0.00313637626422414 -0.424561893941313 0.0291543632073392 -0.509110768668193
-0.0805532969881156 -0.514120047862761 -0.0689473039426964 -0.153310021971272
-0.293004091000967 -0.376048734622448 -0.0365412832927891 -0.0476409143893009
-0.472294446785653 -0.049745677221489 0.0822001692067909 -0.113144891716736
-0.365647499833093 0.322914830630065 0.0413113894743469 -0.145884057713819
-0.0594558822646256 0.384989536189717 -0.0389479321089273 -0.122069654078411
0.131927940104121 0.319195040030162 -0.0751061283130739 -0.111633351992766
0.290224788777683 0.230865972274648 -0.0810497281148017 -0.0731853658504368
0.318476352394093 0.189558770162902 -0.0590912065451169 -0.0831362960273951
0.302862032357174 0.240041047326646 -0.0495604901946852 -0.0875903023304704
0.136896605751678 0.369864448883432 0.0243967214813144 -0.078744116114081
-0.0870636617498009 0.40991187955452 0.0688657651159671 0.0021337998254926
-0.434629540086186 0.334330774499775 -0.0430308031912303 0.0812989105326948
-0.533959701099255 -0.0868229110634417 -0.184854908398652 -0.0540708702959752
-0.272216451501189 -0.459854818007305 -0.198921507422891 -0.243511649789863
-0.0333479225354677 -0.578456425059546 -0.00342582055915457 -0.320018662588098
-0.129856818000633 -0.571092166592022 -0.0634439520792101 0.0411756984993906
-0.380015398210116 -0.402128140374401 0.0369845206657237 0.0545166463377
-0.553785605193677 -0.0180135855057938 0.113920982343618 -0.120069463828321
-0.39524497667987 0.388738554588814 0.0248111275205984 -0.141278993723228
-0.0541111186582798 0.432191938801706 -0.0583249719049361 -0.0477573631439457
0.14198723540685 0.352618562555788 -0.0346452290211463 -0.00396745680095353
0.304110706175896 0.259062961861896 0.0148711027378296 0.025408417812855
0.328578444322769 0.209897940876879 0.0561183424955215 0.00230209389832232
0.303621753548898 0.263153293311478 0.0593172378735863 0.0101839581771956
0.127177643761813 0.391148538294831 0.0927053524287422 0.0356561960741466
-0.104275222696976 0.422437622766059 0.0837654691190936 0.108923361320633
-0.446024143987563 0.342279017918889 -0.0467219581302447 0.143505309107039
-0.558165800158116 -0.0789770161854844 -0.167818694845938 -0.00424367990127061
-0.304589875523121 -0.475873605531028 -0.155825196573861 -0.130914978289172
-0.0639471447181181 -0.626355369403248 -0.0200955592779747 -0.0990693300341993
-0.161914087810745 -0.54251164164042 -0.0541143375422755 0.253679421300124
-0.403122247429987 -0.367769160905948 0.118720252741812 0.175414887881477
-0.541376948190234 0.011517199634677 0.143340170901518 -0.0995773750976248
-0.357387048116774 0.382317059741989 0.011423141771849 -0.110388820107463
-0.0432915153273015 0.404548581762855 -0.0629509332924673 0.0398228571187135
0.129553247119173 0.32981001252122 0.0165235128953828 0.110001424635424
0.274519710570914 0.247765156301021 0.110411533359818 0.123401709146621
0.288827295643403 0.198042343061438 0.162811889707848 0.0870480640319941
0.257615850371736 0.243441817704513 0.156214905579266 0.103906648272561
0.0921757972027262 0.346565361221333 0.145502884173842 0.142220877626636
-0.108573017505971 0.354516867825616 0.0827337855623923 0.198713194593574
-0.377620118293142 0.273787998741656 -0.0534868743361308 0.18403524035897
-0.465729926899364 -0.0686135202935192 -0.140446998025383 0.0362884183240744
-0.265234292161892 -0.410044181279591 -0.0968444487356531 -0.0259694536631412
-0.078250851351786 -0.569204769350543 -0.0217899726572027 0.113466215322122
-0.162251306953537 -0.425375256525841 -0.0508317489781334 0.448553837889821
-0.343532865933436 -0.27170859431556 0.18389374164937 0.295272489610473
-0.421556903482251 0.0259553382651989 0.162113942231319 -0.0505865876517434
-0.255292581396952 0.294415282367715 0.00534724938865057 -0.0612883280555453
-0.0282866397815891 0.297061877808691 -0.0567069899647238 0.117638670840934
0.0904467678253493 0.249412053146481 0.0657452764820953 0.207619036226492
0.19883010940554 0.197423928915453 0.190880590580647 0.203919713675568
0.204276084813866 0.157663469821484 0.245226942213681 0.15968921649715
0.172714751388392 0.189345488919966 0.225578232690711 0.1787521121908
0.0425167167397819 0.250394083995673 0.170275816298214 0.222271977412917
-0.0985935413577366 0.228959505234569 0.0631010666164008 0.252677688449526
-0.251058489708454 0.156302378385027 -0.0626547683842266 0.190437762576251
-0.297257496048823 -0.0526551351176199 -0.111241217923577 0.0581347718997036
-0.179628111705334 -0.277577383103384 -0.0368470058798485 0.0483183336060436
-0.0800650508759781 -0.423088677355027 -0.0110428525241959 0.279756605439742
-0.135640967647883 -0.23830539739282 -0.0557437547766123 0.592653962170134
-0.220335063978456 -0.127468990314756 0.220454454189961 0.391903323473415
-0.224728580906209 0.038932724474213 0.17323775544765 0.0117852155649112
-0.106057190505049 0.154961057911041 0.0101172430054706 -0.0135262461213357
-0.0112736055723264 0.135553498376014 -0.0434488786876254 0.164191153349197
0.0330917607541885 0.123869244432222 0.0996666366835643 0.269620753539646
0.0880850178217312 0.113941055694185 0.241458886068932 0.254032681888746
0.0884874328821416 0.0930801719643893 0.291245900769225 0.20738307385662
0.0661240218247475 0.110715736394601 0.259033050017266 0.226462299053133
-0.00642316460633719 0.125214439159062 0.165228975530776 0.264759259497637
-0.0710770717491423 0.0889073230309798 0.032538355294563 0.265867612763995
-0.102780800934456 0.0398103711104107 -0.0701995242006572 0.168535502978395
-0.113601257429071 -0.0237130607506643 -0.0845909856319197 0.0648162778701084
-0.0905422532333312 -0.118152135931883 0.0132046087905855 0.0889366557341725
-0.076416363762151 -0.226607762329442 0.0126529515248629 0.380225939527176
0.0623630619315195 -0.0225605321442337 -0.0736805864860593 -0.419886212522665
0.0122270823756043 -0.0552725092323292 -0.103534835992941 -0.155062929116585
-0.0514108346912883 -0.0264570350444288 0.0571887083422709 -0.042262652999613
-0.0518378350806836 0.0512578573163652 0.0782775573316847 -0.117767768666192
0.0158587311714638 0.0536835550170649 0.0215791855069935 -0.23092716624966
0.0445321726771954 0.0184235007236736 -0.119161663547593 -0.285019150533384
0.0495737535435225 -0.0123184440814327 -0.239398893200627 -0.247634117272567
0.0415305530884477 -0.0101990344297083 -0.281305651595769 -0.229331582420452
0.0338218940106987 -0.0115224294912659 -0.252659263541592 -0.253969434054845
0.0236867465940076 0.00310435321183484 -0.123031588420226 -0.26497959012321
0.00846732382378534 0.0220404136938124 0.00926191597152205 -0.189901957666668
-0.0363403392552282 0.00505223027045363 -0.0272434504211235 -0.0508953819386735
0.0011824126365689 -0.053103656935081 -0.151036809426509 -0.0933946736235175
0.083260225465098 -0.0103337713610315 -0.169885548114729 -0.380903561105545
0.0779618245309473 0.0610653154581915 0.12876299179828 -0.650471717079955
0.0305886898770506 -0.214252710940196 -0.063748917270378 -0.39365912536769
-0.0727903062522821 -0.187507773715381 -0.0994548399743414 -0.152975888860332
-0.196478537233987 -0.0580806154723284 0.0497650476535657 -0.0649479132912588
-0.179022298867317 0.135226279653372 0.0666234276620255 -0.119284681005611
-0.0234399981560217 0.177908555591531 0.0108311342188061 -0.20477364241698
0.0759360078216379 0.137848117297658 -0.108941151157805 -0.253285277399194
0.14801569276701 0.0863382484875939 -0.209299519704686 -0.220728912219015
0.159217814346651 0.0721923419511327 -0.239073629355423 -0.211627737655457
0.150006330305478 0.0932339087616473 -0.215136268269308 -0.232941966623908
0.0730008835409746 0.156114608537882 -0.0888603579346134 -0.243682083664697
-0.0294988912338229 0.181504268983712 0.0299574589940166 -0.160015749953749
-0.202931816306822 0.133632750558562 -0.0322159618955751 -0.0256398882099149
-0.21234236902429 -0.0804806272941903 -0.170124612285737 -0.107940033855496
-0.0428865025542661 -0.198067808326734 -0.193821448893357 -0.382837123866288
0.0523015140896693 -0.193267189784898 0.087845847982472 -0.620867133142128
-0.0116137163727608 -0.383371596753302 -0.0635619614536208 -0.304620217934509
-0.16855336641335 -0.300897697802503 -0.0800955810937766 -0.119935079864685
-0.336322012580752 -0.0725776837685359 0.0577774620047981 -0.0912772385910495
-0.289428667678976 0.221394333016959 0.0553244759288387 -0.131721681951843
-0.0551023360529629 0.289017971367995 -0.0103301328254232 -0.171212752090236
0.101463952931785 0.243168882660981 -0.0947478026957713 -0.194700577509379
0.227970034909944 0.172831440659247 -0.153055328116131 -0.161697045202814
0.253373054090983 0.144440934442303 -0.159373948282738 -0.160525974369729
0.240875350557472 0.18436341617246 -0.14076192010964 -0.174652940206293
0.109087360390759 0.287631956246749 -0.0352967918692597 -0.178167951824319
-0.0673402755659071 0.317307297668156 0.051123632594136 -0.0917824485491984
-0.347508740412065 0.24402052026568 -0.0398970907769736 0.0222993509242181
-0.400298625694215 -0.0978472183949564 -0.184561197718078 -0.0954702962139076
-0.162954715003154 -0.361219531490104 -0.205640882471911 -0.338448451987329
0.0201578601608504 -0.417772894633139 0.0470761665815592 -0.504050850644372
-0.0615389240313393 -0.508187442669708 -0.0674000282318618 -0.158716269362679
-0.275858992808471 -0.381626808936999 -0.0359561027644865 -0.049522571490166
-0.464425704405616 -0.0620550059758976 0.0813101731068089 -0.11238247390792
-0.370302717605444 0.311127761514575 0.0421946891020971 -0.145353684222364
-0.0691131331598379 0.380078789700866 -0.0357498541279151 -0.120509852272219
0.122797016648703 0.32075022481264 -0.0720974263475576 -0.109203664244961
0.28020263130605 0.237026118772987 -0.0756947192347286 -0.0765236142234875
0.30945327823887 0.194940594163706 -0.0561659830853146 -0.0854925492260123
0.29141251267707 0.2440315589486 -0.043333175554848 -0.0882525491877064
0.12441166516594 0.371161194482014 0.0292763059755612 -0.078698661969207
-0.0974632428831054 0.404784029845341 0.0699775810467177 0.00421887127514189
-0.44053070720513 0.31794869096764 -0.0452627883704043 0.0848095328097028
-0.527166129136648 -0.0995042714676676 -0.185126518713801 -0.0585618732932447
-0.25177549333781 -0.464984812434023 -0.193528157942044 -0.247692197972259
-0.0120759992064646 -0.568576713453214 0.00946057416504782 -0.318853626188704
-0.109243308375105 -0.566821128663929 -0.0680674045082042 0.0344724560566427
-0.361613259820342 -0.412236679153707 0.0329110254811602 0.0546107035409065
-0.546707729769734 -0.0318982816205313 0.113562289733036 -0.118380914475921
-0.399962878626155 0.374393597240309 0.0264514390313003 -0.142093139145636
-0.0644048285758508 0.42752099720796 -0.0567942143062369 -0.0487393781049054
0.132321048461029 0.355456569957593 -0.0353840362934591 -0.00223578424398459
0.294681510297872 0.264399352440973 0.0157895775298583 0.0241004510824406
0.31832242436519 0.214482702767483 0.0558959426693612 0.00254259462639532
0.293204629106179 0.26610107980936 0.061112599229048 0.0119930978533153
0.114283894340599 0.3910455668411 0.093867720655192 0.0365129118503269
-0.113871805328558 0.41647558816204 0.082213816649454 0.109630404326867
-0.450256358959361 0.325972258923275 -0.050473797768856 0.146070846773195
-0.548807367920182 -0.0919018086023274 -0.169388569497388 -0.00975270604274571
-0.282391127886581 -0.481388757744424 -0.154759093093016 -0.133552263803402
-0.0400904059956716 -0.617287980598708 -0.0137803369383386 -0.0986879084932966
-0.141685207450656 -0.539866630187346 -0.0662177013774468 0.246266639407767
-0.386608755214645 -0.378104060893673 0.109933307371209 0.177690865748724
-0.534614003235136 -0.00263031538539308 0.142306018413332 -0.0968706121545145
-0.362587076415554 0.370700492095569 0.0127656322867021 -0.112892058893295
-0.0532549200955445 0.399904473563433 -0.0644591228919134 0.036514138481648
0.120888678316934 0.331895484639115 0.0115679635849486 0.111872976477594
0.264923583826646 0.251891553851688 0.107360167805388 0.124066499663551
0.279415090685616 0.202667960500475 0.159342546122818 0.0902785827408077
0.247701262901925 0.245368687629578 0.153794065752852 0.107311681650902
0.0808158885505039 0.345892324939983 0.142143260275599 0.143676361860602
-0.115774451214017 0.347903425533915 0.0783783750109727 0.198721257067292
-0.379716817981704 0.258445103406168 -0.0573152329820301 0.184961130550331
-0.456914123730385 -0.0785437836531794 -0.142713622911434 0.0317913436603316
-0.246834836704632 -0.412026389610231 -0.0994621301813275 -0.0273169564885634
-0.0570806749583403 -0.560527755441126 -0.0223984389992122 0.11186176424509
-0.147941659011176 -0.425721849509408 -0.0690484449702269 0.441817167950135
-0.331649493017129 -0.280095909075029 0.171587513024193 0.299012748707286
-0.417365460847988 0.0177597072762563 0.160850089866019 -0.0478654197867232
-0.259191886663108 0.285832356468694 0.00563116787490905 -0.0646532126215034
-0.0354997009877939 0.292759899049785 -0.0603501165488732 0.112652098054231
0.0835569303465577 0.249819690590505 0.0566039404508804 0.208465961604636
0.191571012627399 0.200174781787443 0.183325439182562 0.205733796223268
0.197203069074605 0.159926078209852 0.239710650058593 0.164288643436959
0.164826592526126 0.190705157677154 0.219461507129188 0.184192834038092
0.034513081330412 0.248119926962467 0.163449461944916 0.223939003780923
-0.102266334580222 0.224336015526879 0.0574601712631256 0.250164940215171
-0.250448407841608 0.146553353976586 -0.0660555065271828 0.189646508305009
-0.290229215651127 -0.0580464492874849 -0.113102325062819 0.0550171783361652
-0.167441454440515 -0.278044170516986 -0.0418130098910649 0.048251734420525
-0.0644400960663568 -0.417254213513528 -0.0165693357483038 0.277335924228665
-0.126203906785911 -0.240883766559579 -0.0785538455850031 0.584390248200396
-0.214753819757372 -0.134394790760928 0.205229810693531 0.396911565819779
-0.224001306855889 0.034243133477629 0.171730899861543 0.014472057527306
-0.108032255262525 0.1510688524514 0.00923125763389383 -0.0173246420093738
-0.0150039117873226 0.132337597294243 -0.0487302954058348 0.159104348932215
0.0294948959004089 0.124465682775252 0.0890153723561965 0.269779589464377
0.0842799642209186 0.114631749340949 0.230843753978391 0.256807726642183
0.0848734093258623 0.0926712361649177 0.283262658968595 0.214139624374579
0.0623879842314672 0.109884274533623 0.250775251456473 0.231444778213391
-0.00985118272550872 0.122922282130913 0.157132753388473 0.265841237293789
-0.0714491729274064 0.0857472609474628 0.0270320818713619 0.261180160732099
-0.100284351419809 0.0350357819238741 -0.071943180930609 0.165982086482368
-0.109718873140196 -0.0246146015213964 -0.0854291179838267 0.0627794991875318
-0.0858602273580795 -0.117610511333396 0.00662924819528326 0.0900268911407256
-0.0692991042789134 -0.223819760207842 0.0033721593576594 0.37681022892417
0.0648802356203503 -0.0206758710481979 -0.0662297666537385 -0.434020427063723
0.0151286786442549 -0.0574966040146046 -0.100394943408538 -0.164072548174477
-0.054326704704162 -0.0300708177254927 0.0582845368930766 -0.0462502546985443
-0.0550895653088062 0.0529105331939379 0.0785763599024077 -0.119401877103682
0.0160758953506048 0.0578107943491836 0.0243180007015031 -0.234559544488852
0.0457833933460242 0.0203995761144243 -0.117077435089509 -0.292783143827924
0.0503948086197164 -0.0109593610711529 -0.23966617137219 -0.25889821810969
0.0441606977463719 -0.00913811596421752 -0.286336550199559 -0.241537532758772
0.0352630341775166 -0.00961995373064273 -0.253712984063429 -0.266655090860799
0.0236266930750348 0.00522488476055206 -0.119177946330295 -0.275099220188668
0.00717041581782489 0.0229956955054362 0.0154496613833154 -0.192467111415893
-0.0386948801945801 0.00460138413911817 -0.0268121567453085 -0.04876779550805
0.000980267041252323 -0.0561365697125732 -0.153648438869232 -0.0960167798097653
0.0875704464660327 -0.0101746137010531 -0.166438654384513 -0.395837417622722
0.0808746832272208 0.0642563609249423 0.147140501700908 -0.667344356346691
0.0381472958139475 -0.216588838948413 -0.0586985930103274 -0.408239423256003
-0.068518439315785 -0.195162415612968 -0.0977448258738007 -0.1615534861863
-0.201878727246262 -0.0649194260177453 0.0506356469388169 -0.0689949335241049
-0.186905321638234 0.137068459771426 0.0667158028585122 -0.121574115648565
-0.0267212660230268 0.184689197322726 0.0134846703090235 -0.207750473878639
0.0764376760310427 0.144057299311063 -0.106785705208109 -0.260070168565594
0.149668075580517 0.0917759499029226 -0.208387735515554 -0.2314428234922
0.162723908072641 0.0763713824790188 -0.242733538416797 -0.222855058003854
0.151949985102143 0.0992948007480945 -0.213849220465696 -0.244197595110007
0.0716771692425863 0.16403243785942 -0.0844999391262475 -0.252898276395434
-0.0345171510503388 0.18630091209175 0.0356649816462447 -0.161231909499736
-0.212241454124517 0.133328151246511 -0.0332933058824969 -0.0221242791139348
-0.217526820729174 -0.0873892067112682 -0.17479734902769 -0.112061716361877
-0.0374416709721544 -0.206736961703989 -0.193047137722308 -0.397871745524382
0.0600604803137157 -0.196182158594115 0.10443679957752 -0.636940714496709
-0.000693305652838247 -0.390247697418686 -0.0617230666150017 -0.318424427994429
-0.163855651312587 -0.313814662118642 -0.0789294948957792 -0.125964801552732
-0.343785491064095 -0.0820815269822912 0.058559731119046 -0.0949347641851367
-0.30079510058791 0.22324637776374 0.0556714010577966 -0.135576601954085
-0.0617045258090212 0.29855874010186 -0.00882327852490411 -0.174309428841812
0.101384973008815 0.252855201413243 -0.0937850142545123 -0.199822489518209
0.230815195138034 0.181994814671858 -0.152596744002853 -0.170520751763251
0.257375290847353 0.151383157015308 -0.161150330830313 -0.170230502579827
0.243820060544768 0.194049918819624 -0.138448903104266 -0.18193181285837
0.106283322835264 0.298904762495595 -0.0305948669406746 -0.184799367841602
-0.074976604023357 0.325846845011376 0.0570332244023231 -0.092215565227643
-0.361379839250447 0.245155681597429 -0.041554956303592 0.0274825596970322
-0.410376830324853 -0.108947277600167 -0.19155550826381 -0.10032713725202
-0.155863618118549 -0.37673533845912 -0.207978902586124 -0.352232042633905
0.0316409521317109 -0.426308506546931 0.0590366529862819 -0.517972666973649
-0.0509206024111468 -0.520122796349852 -0.0699460200438604 -0.167083172862464
-0.271507226059531 -0.399145746730328 -0.0359656734857032 -0.0522829745359574
-0.47577127833762 -0.0712139696148469 0.082785871384779 -0.116774218688825
-0.384153579730808 0.313910746559888 0.0427744598433954 -0.150565033351059
-0.0781569271112601 0.391725690489636 -0.0357589090530351 -0.124265203409144
0.120992291213619 0.332305533684102 -0.0723461625285432 -0.110762319227937
0.282264662981033 0.247096519240448 -0.0736873902433058 -0.0814002941285943
0.315112042516174 0.203290973799261 -0.0560335438596866 -0.0908347387565208
0.29330627018621 0.25742373298772 -0.0393411368623022 -0.0914185762537009
0.120551753734494 0.386590074300816 0.0349635887503039 -0.0818291200590109
-0.107439362674156 0.415230879980462 0.0748169370828475 0.00603597028959047
-0.457081321507108 0.318933385478519 -0.0481928442369736 0.0922067859366128
-0.539303316897868 -0.112690943593838 -0.193685373936287 -0.0633147630698486
-0.24443715579678 -0.484358337289874 -0.198687365006972 -0.258096669946532
0.00280983360094896 -0.581935830700019 0.0189292036244181 -0.328109687908544
-0.098625393791123 -0.581605949787466 -0.0762933506711586 0.0315750379853276
-0.359820723706274 -0.43214753826898 0.0315529755803575 0.0571881635505898
-0.559102753606521 -0.0422827374291025 0.115979596219598 -0.122083363803699
-0.417250167443067 0.379317341560026 0.0272957932333991 -0.149451405564367
-0.0745225247129435 0.43879916196235 -0.0588168645270476 -0.0518647358666252
0.131515664134846 0.368652572495727 -0.0375330994948845 0.00016864689315311
0.297731293440691 0.27692240022607 0.0180072118463051 0.0236035707360136
0.322812299912745 0.222571178119876 0.0578760705510045 0.00208398930772808
0.294490815881834 0.278186736891401 0.0660099036647012 0.0137093290274458
0.109935976517269 0.40580829706113 0.0984634581358365 0.0379420021040634
-0.124028500117588 0.427290136209723 0.0850035141146291 0.113899090134399
-0.469413077828513 0.325693253206413 -0.0531263188321288 0.154499161168236
-0.560671961264349 -0.10419596776114 -0.178413203097006 -0.012380257235323
-0.278235865874771 -0.501286888429568 -0.160965735729243 -0.1392308178264
-0.0254476650353424 -0.631541440964477 -0.00915098891198109 -0.101675196420842
-0.133245869919629 -0.556074533293434 -0.0787561734993658 0.249860732559141
-0.388377552208738 -0.399069667708735 0.108251509695876 0.186241652108686
-0.54803938363831 -0.0117038277964993 0.14658008220026 -0.0993219809831196
-0.378163277677609 0.376472069596159 0.0126545701334863 -0.120528259399697
-0.0621755656532328 0.409980593809183 -0.0687723900162891 0.0345529024189768
0.119461677032825 0.343686915166202 0.00822888239276659 0.117242294471944
0.266897153591828 0.263121207182368 0.10915325164812 0.127908473678988
0.281714172644329 0.208582658239996 0.162737630008832 0.0949968980112592
0.248487175556049 0.254953840954355 0.159067460789838 0.11354279171437
0.0763395438060015 0.356257719740551 0.146121006603871 0.149041813531132
-0.123793727889514 0.35589320704892 0.0792998596481226 0.204342889794957
-0.393743224169336 0.257430843063464 -0.0606508795825158 0.193265595558741
-0.465709634464242 -0.0868076384811116 -0.150699029045001 0.0310178052842996
-0.241349252967127 -0.427600404148254 -0.10655534730949 -0.0281218139059713
-0.0442883504185358 -0.572631582599547 -0.021767388453097 0.1151038239115
-0.141223141514948 -0.441187071180545 -0.084930559312677 0.452710312614154
-0.33422112057554 -0.297698679994004 0.168877292627807 0.312398585650272
-0.428912602068322 0.0124943724227808 0.16618631437538 -0.0483672580554226
-0.269748689308143 0.290801676460301 0.00520131666969395 -0.0713158779539193
-0.0421435999958924 0.2991688173937 -0.0655112264970761 0.112315840857774
0.0820029355843756 0.259651624776857 0.0523751734344093 0.2171023918723
0.193706468605496 0.207902243389755 0.185247906549746 0.214498460481479
0.198852143480338 0.164695542735627 0.244243253869614 0.173135132414496
0.165651952495205 0.196488483010898 0.223909975953051 0.194200566334055
0.0310799358960199 0.254216828770319 0.166325806909879 0.231597576694585
-0.107671636722558 0.228356817071194 0.0569121864977322 0.256216811372311
-0.257614250240986 0.14509312285125 -0.0690860364856197 0.196146638822238
-0.293937353822852 -0.0622789072663081 -0.119455829851176 0.0553560824465348
-0.164302766379078 -0.287071426340393 -0.0486083482453373 0.0505135768267534
-0.0567550801199136 -0.426329489194425 -0.0193720880637671 0.284758939809684
-0.12421053793698 -0.252098120593421 -0.0959378398130269 0.599979817099808
-0.219523306666024 -0.143334091352126 0.201936416533272 0.414216105218701
-0.23108528284836 0.033245320382902 0.176775914591041 0.0165250267275935
-0.111971935171784 0.15319235837148 0.00891044493737403 -0.0221048604064551
-0.0185474639805678 0.134370989301593 -0.0547024069764481 0.159091887013635
0.0286215131791951 0.12906234530287 0.0841492794642984 0.279386238378025
0.0847269209878411 0.118003384528746 0.232529604612022 0.268437857592886
0.0845225856199799 0.095548096475628 0.288241650432501 0.225419860389973
0.0619363258460116 0.111979581634136 0.253252920893626 0.243228047626199
-0.0123125795484016 0.124410863949449 0.158199699923988 0.275165107217224
-0.0734079048227984 0.0864852032713282 0.0247223797886143 0.266631410210736
-0.10175625028656 0.0339781762425773 -0.0741659829416997 0.170177208286639
-0.109520789901191 -0.0248637538195403 -0.0895773780236409 0.0649313573808383
-0.0848225060758793 -0.119308830619802 0.00147955180816754 0.0938311745961807
-0.0664767501535723 -0.228641613611405 -0.00190692929489214 0.389183741321383
0.069318604348764 -0.0224036850565714 -0.0768871485875127 -0.454691932819325
0.0165046135095205 -0.0619767350795756 -0.105200334680502 -0.173629031270523
-0.0595732082193606 -0.0316471175477458 0.0593384831880418 -0.0530544109011294
-0.0581645667612566 0.0573074415428792 0.0762617960862014 -0.126181909167563
0.0187880442614802 0.0626327911999453 0.0185979111543577 -0.244547698135804
0.0487627070033451 0.0216954757319343 -0.127839619070217 -0.303603168771694
0.0528146574719997 -0.011200411999925 -0.255664195612156 -0.267002610450836
0.0471348469332557 -0.0102318490046786 -0.306912354297392 -0.249069599131534
0.0369595983164517 -0.0100750293953935 -0.270674439807054 -0.275864724212458
0.0241668219372631 0.00696819369398136 -0.127530635044628 -0.287500635265457
0.00643881076904653 0.0241877835968015 0.0147902564950937 -0.199734541381911
-0.0417004292633286 0.00514901206436523 -0.0280586971787176 -0.0468356279265505
-0.00162791249997044 -0.0603827585417893 -0.162200736168436 -0.0952451078602621
0.0930911516074695 -0.0131629198594014 -0.181738766473644 -0.412574329370431
0.0879929691304397 0.0662233120598055 0.142621067462391 -0.703468329443277
0.0386519770982271 -0.225993254803129 -0.0690907259020272 -0.430078920233993
-0.0717848471277521 -0.204777456921375 -0.103341871102622 -0.170032484996968
-0.213651674361442 -0.06507903000941 0.0498576262753107 -0.0764821433135849
-0.193912241532159 0.148392828425675 0.0632995214371821 -0.128520256096314
-0.0231293541060826 0.196937543075115 0.0090815727120784 -0.216171456495134
0.0841494230835598 0.151138347586611 -0.116067588575996 -0.268350561156041
0.158639193115538 0.0942409365288522 -0.221094328566615 -0.23989140014243
0.173331373040904 0.0774375769248767 -0.259799950117723 -0.230466663801627
0.161099852401443 0.102404335985003 -0.226905813834095 -0.253422040575006
0.0782366325909186 0.172828171575828 -0.0902745900503781 -0.264844349120828
-0.0337716266340079 0.196648212734817 0.0372170409849379 -0.167919190004945
-0.220898877968253 0.143911809717808 -0.0347118292937791 -0.0171515605677995
-0.230578886865458 -0.0882955308271307 -0.186844778202199 -0.11318569681826
-0.0399839120334029 -0.218445676979737 -0.21148369278107 -0.416213936898671
0.0623688397900625 -0.206078170663966 0.0993504342854018 -0.672457542195476
-0.00435608344432102 -0.406599163307038 -0.0729507088731496 -0.335024282246204
-0.173581416684978 -0.327452133978327 -0.0837674101326644 -0.132287416776234
-0.36242525825598 -0.0806693048064861 0.0561445422291774 -0.103066643355779
-0.31178045094253 0.241540392637526 0.0519663176918748 -0.144320085914706
-0.0576018693546621 0.316488781982608 -0.0128806319901902 -0.180469185760511
0.112838048599477 0.263709401880839 -0.101044020463847 -0.203913882967698
0.245385481686081 0.186653670999998 -0.159999967606338 -0.176907095249014
0.273252391201766 0.152798004428358 -0.173312265572233 -0.17607312694609
0.259392627603646 0.199363760744732 -0.146196890880861 -0.190040229885289
0.117329852071838 0.314292210328642 -0.0330496048088323 -0.195495060009469
-0.0730537485568125 0.343725224692565 0.0603710545232215 -0.0963680937007202
-0.376544617909861 0.264431574829204 -0.0417023091587636 0.036343452663944
-0.433150553810826 -0.105802292288606 -0.207509732143974 -0.100239134620017
-0.166745479645418 -0.39610204152005 -0.227298191354074 -0.365749571701074
0.0306515046896282 -0.446681531951413 0.055102817904648 -0.545359386447242
-0.0588403594091277 -0.541114710186957 -0.0810967392284398 -0.17623855383325
-0.287777699227553 -0.415737875982942 -0.0385102606464346 -0.0543687988171136
-0.499399324062149 -0.0665802857925587 0.0815796301581374 -0.126420544391723
-0.396186612232503 0.338928467028543 0.0375727698647504 -0.161490144711742
-0.0727000218850279 0.414519966184904 -0.0411073967857331 -0.128837566198979
0.135563227579851 0.347380077341888 -0.077225650320513 -0.111236710182045
0.300708852817419 0.254534285958484 -0.0761998402943552 -0.0863011568985551
0.33277008689512 0.204896595639738 -0.0602087699027499 -0.095202699549898
0.312838992767004 0.264038731701999 -0.0398960604849753 -0.0961760477434939
0.133189954358115 0.404378044675359 0.0375248032126348 -0.0884815319567947
-0.103424650833788 0.438622971029453 0.0819204211201395 0.00483391716259502
-0.474342445796458 0.342857339982054 -0.0472746808364848 0.104326556301243
-0.566184354898578 -0.107359441995977 -0.20993612219907 -0.0610842801442066
-0.260411865479192 -0.50829196751913 -0.21676388991542 -0.265796285104078
-0.00299819653113097 -0.607195278727708 0.0158176685703514 -0.34442020905933
-0.109417311444542 -0.606318415142141 -0.084259963364408 0.0325526641118785
-0.383257542959167 -0.450857912582749 0.0336634990728138 0.0599014942260492
-0.585709846380902 -0.033937899740915 0.117013439921279 -0.133073980240457
-0.428583476284412 0.407110100636702 0.0216996902051389 -0.161065100335058
-0.0704690534381302 0.46163016391649 -0.0636365991443836 -0.0539857870752797
0.14616201175856 0.384985838238197 -0.0396857502724169 0.00430747101829055
0.316882607830032 0.282356388545607 0.021563597389721 0.0224818520734774
0.342300640868788 0.226709974639285 0.0612345966003029 3.63832503538844E-05
0.314199469968499 0.284693283054613 0.0732131752828621 0.0121839007596422
0.12201702905647 0.424738348834468 0.10660349947505 0.0360243792437975
-0.12045641979009 0.451470767489346 0.0945192904738 0.117249605455175
-0.485510007227122 0.351205948934418 -0.051681531266501 0.169091707311031
-0.58806583489618 -0.0958391434213027 -0.19234476329844 -0.00796360081306319
-0.293492197942736 -0.523627144645946 -0.176847141185209 -0.141529471796625
-0.0332181705422454 -0.658885299423644 -0.00911019410124911 -0.107134725718639
-0.146086855739803 -0.580015283187993 -0.083301792361801 0.262459634864424
-0.413364131034268 -0.413462813690692 0.116714589627713 0.19497868805214
-0.574430683530756 0.000846893665406646 0.150117796032873 -0.110237911593592
-0.387178204896416 0.402595256648132 0.00730945733725782 -0.131657322182465
-0.0571373856158266 0.431915571470058 -0.0730671763074911 0.0356526215125267
0.133732791964887 0.359568394417244 0.00955661009743495 0.125719033847707
0.285755983374572 0.269899994440712 0.118615080767424 0.130801060445689
0.299949019284051 0.211516665493417 0.173195770474309 0.0954275339151919
0.264176925544438 0.261246905993695 0.172420234596472 0.116405817487012
0.0869256151459798 0.372895511220069 0.158155270402218 0.151439345322383
-0.122578269683464 0.375044356325019 0.0903180375044068 0.211643217021633
-0.406716860933653 0.27745122588477 -0.057762464733128 0.208208105141288
-0.485666510847842 -0.0810564162689045 -0.161969758080136 0.0369235253694118
-0.256599909583117 -0.445236911193382 -0.117327053532649 -0.025102462426636
-0.0528796276412878 -0.5963598598359 -0.017965346303905 0.120879461493413
-0.154764552678815 -0.460375134160472 -0.0858554386178995 0.476006276675469
-0.357452873900083 -0.3084156790603 0.183096948822727 0.327653130236425
-0.449626323769532 0.023606774406942 0.173005146290102 -0.0572441868445311
-0.2759343221624 0.311741337844309 0.00155471634486532 -0.0805248909418795
-0.0391509884830082 0.315021398621365 -0.0691408089692646 0.116243248843572
0.0927747811581017 0.270765657836917 0.058175873478067 0.228517862797869
0.206950765247676 0.213382524946562 0.198891336536696 0.220495597760087
0.210649527045662 0.166821318766865 0.260681235510418 0.176485952203346
0.175687646831877 0.201495335407961 0.240671584381534 0.199848516960897
0.0368981684857074 0.265249123262553 0.179952575886432 0.238079770990748
-0.107848219520052 0.24105505517503 0.0670922056053716 0.265632729059169
-0.265490627987171 0.156333518994042 -0.0658744598199105 0.209757494199982
-0.305303852404919 -0.0578535584946503 -0.127572884408636 0.0620755634354207
-0.174193032816466 -0.296675772856874 -0.0545369035548564 0.0562632300050783
-0.0648787639518974 -0.442865608192588 -0.0134683908858724 0.299679099813292
-0.134840948036258 -0.264164418602892 -0.0953431833328959 0.633528132244815
-0.234758398169608 -0.147827109356418 0.219422644718212 0.435059068167988
-0.242051099928536 0.0414186287530042 0.186430489740921 0.0106354150570617
-0.112874776772494 0.163382669531252 0.00689251354628184 -0.0285759464235536
-0.0177100806779214 0.140165623734954 -0.057511736891082 0.165479924853101
0.0329438027728841 0.134891531185862 0.0913023601962006 0.292542500239045
0.0913093350724888 0.120929584877403 0.248162358018303 0.277849651993183
0.0894395154125231 0.0967098432535147 0.307917693721067 0.23067832493531
0.0664318296099388 0.114744827978419 0.271628226863529 0.250712049441604
-0.0114175377723173 0.129445767801825 0.171880821844082 0.28469707692594
-0.0740170089869386 0.091022739308539 0.0321004575880248 0.276790094878994
-0.103605417978164 0.0360024109152587 -0.0718409402922976 0.180684856234272
-0.111596464239359 -0.0213662608737023 -0.0930883181396557 0.0715710692267991
-0.0892415554400805 -0.120986195435675 -0.000505370252030171 0.100418566800621
-0.0733123036742367 -0.236279806697852 0.00692668142154449 0.408354531338296
0.0663130690822145 -0.0143987802580053 0.00243904185909586 -0.473482700498799
0.0258735713845883 -0.0600384037152619 -0.077065468245657 -0.199109439464722
-0.0567060683382055 -0.0452694505753083 0.0644985266039877 -0.0508746645148866
-0.0708578474342326 0.0462262746893588 0.090527957491337 -0.115247823835611
0.00433843440525577 0.0669881237566991 0.0570888348013918 -0.242790179764936
0.0431842723688135 0.030976465142855 -0.083329828069885 -0.331122615282962
0.0546063959892887 -0.0019143433158046 -0.219243277372306 -0.316433013012576
0.0477778258895771 -0.000866845608720572 -0.276717046015206 -0.307036612213642
0.040123720350736 -0.00240103334262587 -0.23693761676897 -0.328274349319693
0.0227960639300481 0.0116345263193273 -0.0861381327119018 -0.316097962311124
0.000641157361837843 0.0248161274409602 0.0485401080453328 -0.200190924626049
-0.0459417425686389 -0.00293333319843006 -0.0182428220213139 -0.0484052824775511
0.00860579082240053 -0.0660657808264193 -0.152211399510032 -0.118687681807061
0.100657742619093 -0.00410405294006152 -0.121840123955555 -0.449607128590611
0.0814917724227823 0.0803040960716485 0.270014242968914 -0.70401373245391
0.0748924856274839 -0.222935042751974 0.00465425043878621 -0.454144324002845
-0.0361190242835046 -0.218012560822112 -0.077773855646042 -0.19863971719582
-0.203071357193464 -0.10515004576143 0.0483056114478693 -0.0774799358699784
-0.220314073161654 0.115526883359033 0.0662330263811989 -0.117700950369728
-0.0614955128165328 0.195019639349365 0.0420403541884519 -0.20739041200541
0.0563242658285216 0.169515896177744 -0.0752505644802764 -0.288479760093205
0.144153203234562 0.122957603283014 -0.188020694733985 -0.278624899958051
0.159188852513036 0.112377958248211 -0.231276402889384 -0.281034655081728
0.146604900911802 0.134690520937435 -0.198030509318907 -0.298850283142461
0.0479272060163094 0.191752853436236 -0.0542062171653572 -0.290259522529204
-0.0756528913570773 0.194666614012467 0.068464520391857 -0.170733005435359
-0.255115140903351 0.109736425104416 -0.0232231546565144 -0.0301700824002606
-0.220973379332103 -0.1416821053332 -0.172017020563463 -0.139886840528695
0.00354550839191482 -0.241778982699071 -0.146716945026738 -0.446800395063677
0.110437029601135 -0.210932585828117 0.215295814415214 -0.665495541644993
0.0661273049809496 -0.408956392084544 -0.0174566392099969 -0.367331325599512
-0.115700914322104 -0.358191422224436 -0.0678266105598335 -0.15960715444494
-0.347365011836746 -0.146520778148287 0.0507581584644284 -0.104443955180682
-0.351677453380681 0.189960142972629 0.0463489890804034 -0.133375142191393
-0.116997942254075 0.309137815898762 0.0129075246293761 -0.168148095217529
0.066694234959365 0.290097309854694 -0.0692465556360158 -0.216228559797243
0.21573722997983 0.231044533866694 -0.133911277020811 -0.199174532103145
0.246799613466724 0.209069101178421 -0.150660714833876 -0.210575597412712
0.228187143849692 0.251288700484468 -0.125899488252678 -0.221394475542804
0.0624398857838113 0.344706830663024 -0.00808767224503736 -0.211584443258978
-0.146299023113318 0.340023053626969 0.0836244261243259 -0.0999964108283254
-0.436796914330986 0.206375303594233 -0.0323521897980473 0.0141645016482711
-0.423707405425567 -0.200943118325783 -0.190571238261582 -0.127954274824141
-0.0932822518995847 -0.449359694954594 -0.166902829347446 -0.391693288118286
0.125399170145886 -0.470130917361034 0.144647875487182 -0.532003371817249
0.039195813059301 -0.552196183378682 -0.0537296529979004 -0.213239547569646
-0.213876123147829 -0.46693595818951 -0.0375062852445372 -0.0747588000497259
-0.487106576882705 -0.156706595869907 0.0716102585106519 -0.123430164050854
-0.452130489197243 0.273696144818828 0.0268099918055526 -0.151332829363151
-0.148569602193902 0.404519335466082 -0.0237255334374584 -0.114984634477901
0.0758995307682556 0.379220215362144 -0.0599321779654064 -0.114343516606919
0.261563321935376 0.307822477968428 -0.0617194008010103 -0.0886615068191976
0.297761946669694 0.272842510906391 -0.0465631406936243 -0.108346259155747
0.271066284884179 0.325453171928537 -0.0304523554616742 -0.106978659119223
0.0637851595006425 0.440034557608415 0.0463950142276843 -0.0916409795490698
-0.196147374946556 0.43193970157336 0.0911151281570637 0.00347811977842016
-0.551768754969722 0.272835608689278 -0.0433300179840737 0.0761387380728591
-0.558425249319262 -0.230826800175804 -0.198331849907334 -0.0862261749068954
-0.167382212102176 -0.581256712143949 -0.171131815948882 -0.282102672582425
0.122139189251097 -0.644545617203728 0.0665225994886738 -0.32210109075809
0.00239612788393195 -0.62347436369526 -0.0945563373982195 -0.00673153827299396
-0.301684933598318 -0.51859504466967 0.0155023227900975 0.052838254933786
-0.580029106996029 -0.139681258793067 0.103687587916073 -0.123172011252868
-0.4940649831931 0.336777781528242 0.00711385900994674 -0.151778079548938
-0.151962461299084 0.456431214688155 -0.0586832628547824 -0.0405563306217095
0.082024091351653 0.418849041323466 -0.0393483242017189 0.0116081543345447
0.272455096728123 0.339992889416113 0.0217529015556879 0.0403044164583221
0.30456510612649 0.29530138402492 0.063864563035063 0.0104654834176663
0.267592511578894 0.348004555758736 0.0698166398466599 0.0231257464285757
0.0486649397973452 0.459621217286746 0.0980882978898976 0.0467322845311663
-0.216346599861459 0.442345012878019 0.0876820470762598 0.118389350144781
-0.563124223664107 0.279989016854173 -0.0578226165100949 0.140541628642454
-0.582846598529292 -0.221255699039525 -0.18820740424152 -0.0304678045886409
-0.198319708011327 -0.599980778647499 -0.150370812211744 -0.146717177648971
0.100766571007308 -0.699749727395885 -0.000600592474621763 -0.0783816003768307
-0.034911292648929 -0.603012136111013 -0.133849490210737 0.22728231679469
-0.337523863828062 -0.487209162253443 0.0771865124252174 0.206745853801656
-0.576198701774098 -0.1032527046254 0.135625796838655 -0.0927301788535374
-0.452693083383444 0.34184837054022 -0.00954966240123118 -0.12444313919502
-0.133292063046804 0.426309368474306 -0.0828640804694544 0.0471446522439117
0.0748189671516783 0.391883341034224 -0.00877544716494591 0.142721977519962
0.244340417945064 0.320374566168467 0.104779900430445 0.167111230374231
0.26435174105646 0.272168527919558 0.164261797421986 0.126924581167859
0.220616964810854 0.314070380603257 0.156753556285696 0.146193822444966
0.0210355572170163 0.40041714829626 0.135423487107329 0.174529870203609
-0.202892339094718 0.36504322254214 0.0688362431873438 0.216332392475185
-0.468091521639384 0.2188291199651 -0.0727167935960213 0.184207692092202
-0.480762500128924 -0.184321047926494 -0.165264791223902 0.019997850050241
-0.176227883171871 -0.509268901802478 -0.109663779017874 -0.0210153323380124
0.0662632455364764 -0.635020725527979 -0.0488770736388356 0.151564698674759
-0.0633852292800143 -0.483714956282901 -0.17296087295926 0.447622443769649
-0.299277113100003 -0.373572940804855 0.125882568708955 0.357539987341986
-0.454430101815223 -0.0582303265927088 0.158315456692603 -0.0335360161225855
-0.325012022292373 0.266879472202474 -0.0135495104662496 -0.0753546711302869
-0.0938996846700267 0.311225926543642 -0.0915863316126266 0.123601033327876
0.0499050536235845 0.293638178965281 0.0234609963925572 0.253367477968844
0.174218616663887 0.249644038414619 0.172783317458889 0.270971202285185
0.183076236199094 0.209602737493814 0.240677775262375 0.224945535439764
0.142033129896499 0.235966176527748 0.216627361854879 0.243785089090663
-0.00998239265737737 0.280411462155185 0.146069758402146 0.267614461051646
-0.158816067396538 0.22827175982645 0.0349891313486559 0.272455367079872
-0.300518982149508 0.116727566014972 -0.0875726080403296 0.192670968300054
-0.298247097715101 -0.120565521094206 -0.13653139660135 0.0497145386092269
-0.120140373786784 -0.33677079616917 -0.0628611468709344 0.0647009565602556
0.0226939287168452 -0.474699258313431 -0.0719962780696017 0.328760595673314
-0.0788380341594126 -0.280532890738589 -0.208458314213068 0.612826267905405
-0.203938677897751 -0.189489226221842 0.149242707529792 0.477586805836361
-0.247670907867557 -0.00168977029400342 0.175030772590909 0.0395767520184235
-0.13770175274842 0.145086074423053 -0.00151467876197584 -0.0265401061815204
-0.040711393762815 0.138366292042253 -0.0882401173638145 0.165844632555204
0.0132954698315858 0.144350102453175 0.0459345179957743 0.320239104536768
0.0732114019427307 0.137503132030301 0.212487957374314 0.333797921397309
0.0738225209000524 0.115030454745763 0.279951719962692 0.289580926329533
0.0460715186081458 0.126708256618583 0.241207229322694 0.302291293834402
-0.034493051299278 0.131074080130623 0.132850494163477 0.316485057125664
-0.093485887524648 0.0797961893155247 -0.00444392263600658 0.282956733914595
-0.111600093606495 0.0210036728312896 -0.0956001830131294 0.17059776043004
-0.107761446103647 -0.0433990575997093 -0.104791795770755 0.0634706255643308
-0.0681893287775229 -0.137318336092182 -0.0177487492536729 0.109561003736682
-0.028707888747779 -0.257505332613752 -0.0664966643196104 0.434454657512322
0.0662463473401089 -0.0190822427020376 -0.0347606608145419 -0.471185025032676
0.0232697958521786 -0.0632402525666409 -0.0892835702006126 -0.195422767376996
-0.061496266550156 -0.0422799403351832 0.0591771564865227 -0.0597476683013316
-0.0688677007709603 0.0525316947462747 0.0771914799231125 -0.121063182628249
0.0106031956947 0.0683980306001103 0.0350560684649118 -0.242582493643623
0.0461819736575434 0.028753568223354 -0.108939799558042 -0.321665966137663
0.0545006346808068 -0.00476199286719714 -0.241255195091596 -0.297735749355105
0.0491404135582027 -0.00406331793550827 -0.299896715117673 -0.283015890227511
0.0401111065499608 -0.00403057685124757 -0.260857288972512 -0.307740045322089
0.0233218431513887 0.0114203680263483 -0.107520070835888 -0.308346500180808
0.00141685935552845 0.0254848033362211 0.0362901275275407 -0.200585433926708
-0.0480768506280732 0.00029460744429544 -0.0202584847616274 -0.0421935873398009
0.00180879411616121 -0.0668429450069423 -0.159840588755844 -0.103790062537034
0.101330432541943 -0.0135300727697 -0.15532277695265 -0.438086049001316
0.0885425200989267 0.0728600803897383 0.214482027698475 -0.718936710985901
0.0598526408194751 -0.224868824055897 -0.0334261067330045 -0.450909473326918
-0.0500898944413508 -0.216191975113767 -0.0902232715498353 -0.193874382029958
-0.210366470486281 -0.0894895454015289 0.0406749008386397 -0.0840494755554119
-0.211075276899431 0.13389282656654 0.0518266182228799 -0.121265819683633
-0.0441002856921954 0.199907641618538 0.0238636669055286 -0.206781934092861
0.0708969293133161 0.164073074839124 -0.0963882792061975 -0.278876336394748
0.153558167735283 0.111582683004433 -0.20618799926847 -0.263130524006326
0.167455306823459 0.0986078548232096 -0.253203934569751 -0.260624740638421
0.156298371622348 0.122619186754487 -0.218873606783289 -0.282723082793701
0.0626725959660049 0.188934517611599 -0.0737422295733536 -0.285636168409801
-0.0610174303642924 0.200192983936834 0.0582194707276544 -0.173332222576769
-0.246243371794752 0.129174789086737 -0.0236792832816834 -0.0222933756379757
-0.229949009778599 -0.123449141710742 -0.184594010692924 -0.122636453483037
-0.0124930697868821 -0.243846885622351 -0.181905178846675 -0.432843139571922
0.0959443780174453 -0.217496472560368 0.162693113776215 -0.678548098934821
0.038214573344812 -0.409587445151994 -0.047575521047525 -0.362971986155069
-0.137832206240406 -0.3493255825329 -0.076921882286457 -0.155268778674138
-0.354678558289427 -0.118534652742799 0.0398023472952079 -0.110364231754281
-0.334131927270773 0.217638521221984 0.0298071502118359 -0.136306922237328
-0.0897307094240149 0.31792715044632 -0.00144395741263162 -0.166598279169983
0.0908732907667204 0.282770177555137 -0.0842282687264635 -0.207626704603187
0.233170462810325 0.21319012062593 -0.146987866718504 -0.189844241185757
0.261535838466158 0.186668198329576 -0.166358989182862 -0.197576131457978
0.24611705818037 0.231851341563241 -0.139695722036586 -0.210800811694321
0.0893437499291493 0.339975509816735 -0.0222602853509448 -0.210858046653732
-0.119224639269969 0.349477651134542 0.0792780191449448 -0.10495702503997
-0.417481659523738 0.241366622892889 -0.0288592659800292 0.0227845602988943
-0.434401361047671 -0.166700423693936 -0.204917029088421 -0.108858258419956
-0.123372137454775 -0.442410719453819 -0.199645221745591 -0.372779987296549
0.0915108937553959 -0.471487968831566 0.10389000286009 -0.538571651831443
0.000412295527802743 -0.547677998489229 -0.0735688623920211 -0.208166748813576
-0.244894779784621 -0.448030696882777 -0.0411184731960056 -0.073204368982435
-0.492932289473216 -0.117226455921735 0.0589474156755138 -0.13164989519317
-0.425619460284883 0.308361284139984 0.00900022389539446 -0.154537188227349
-0.114241923242865 0.41489212665582 -0.0334808004986905 -0.112286174202485
0.107051681119424 0.36994770359511 -0.0669979080415251 -0.106848820594363
0.28384518662859 0.285029162513248 -0.0661671273153016 -0.0854661936580018
0.316301798137878 0.245318809117432 -0.0552507206905187 -0.104628713470513
0.294689581329211 0.302344767254323 -0.0357973618410813 -0.105935151809081
0.0978265006276795 0.434676220200703 0.0409173596273583 -0.0963169897180215
-0.161916531333166 0.444697560746124 0.0945369001128189 -0.00450495719290056
-0.525120265410453 0.31505047627506 -0.0352844429626008 0.0853961503781927
-0.570586812154004 -0.183270891898285 -0.209286669455549 -0.0670375784419851
-0.207618003292694 -0.567434862238124 -0.196133778636462 -0.263752032077009
0.0755679062753003 -0.643742800453024 0.0424239453044386 -0.326669546839598
-0.041704710970539 -0.617161105201638 -0.0981261842408595 0.000259165909993701
-0.337868465071323 -0.493209857723489 0.0208338281624204 0.0512787084932976
-0.583251853272838 -0.0900025574561353 0.0906838207211948 -0.133975503659461
-0.462545561257353 0.37558691604418 -0.0107303077165127 -0.154453240408231
-0.114449373170827 0.465291486014504 -0.0639528580243812 -0.0366160161902087
0.115949170785999 0.409117092495276 -0.037734311068381 0.0160090507036661
0.298959649144767 0.315584806530677 0.0267580636647328 0.0360740673213133
0.324587204799588 0.266473214619288 0.0638819226471084 0.00428531865875424
0.292680841723614 0.323646240574112 0.0744375240604818 0.0153277160147539
0.0849187528886114 0.455790639430703 0.10365767104166 0.0369107086903492
-0.178787696286268 0.456171874008823 0.0994466690517035 0.110155756719066
-0.535620155796158 0.322859165279916 -0.0437122842467279 0.149979560515804
-0.592086206069905 -0.173567773395555 -0.194932596556797 -0.0104482444455094
-0.239941567926022 -0.581997576588499 -0.165116274462135 -0.129859973076439
0.0490746976232267 -0.697602815369473 -0.00485570343262502 -0.078089131136042
-0.0796465574889531 -0.593170688812986 -0.119545177255231 0.23598101786503
-0.371742037508496 -0.46002979004066 0.0938676687936828 0.199909882938191
-0.577655134093605 -0.0549407917380327 0.125027358587488 -0.106637571640383
-0.419663282017484 0.376136194615372 -0.0246591705780632 -0.127012148385764
-0.0984062667547755 0.433583410471732 -0.0811158957850824 0.0508353941125373
0.106086501553748 0.381720853514041 0.00170135218867021 0.144020315724125
0.267874453806431 0.298349013230997 0.118516175333712 0.156159021024694
0.283445039560617 0.247805667245006 0.173463456872897 0.112559783590753
0.243708402175454 0.293081056498584 0.170702157893709 0.130916795374902
0.0523136550688754 0.396564491359596 0.149580873556867 0.161205034534528
-0.171311548374339 0.378008093605409 0.0877568954839975 0.208098308548066
-0.446743351914026 0.253046198354904 -0.0543609820284133 0.193852075720781
-0.48664838835061 -0.143676251108076 -0.167255763216391 0.0376257905903651
-0.208895370959132 -0.493275085620118 -0.116525437894191 -0.00883575122060515
0.0200250855787967 -0.631123504330697 -0.0347076738287594 0.1539858685316
-0.0989557434670912 -0.47328515126544 -0.140246266944974 0.457901290585108
-0.326813684232524 -0.34729881867574 0.153145755090164 0.346479993368044
-0.453912431694944 -0.0194148506489379 0.153734268485217 -0.0487608750034216
-0.298793740449859 0.293036042594372 -0.0241220696365895 -0.0792685031610909
-0.0682433248209661 0.316734439984174 -0.084701044713197 0.127082766330523
0.0731236097590981 0.286579922641007 0.0418171814947783 0.251314854032162
0.192862654951457 0.233345441247345 0.194061459416406 0.254772337473357
0.197737209443677 0.191246649937795 0.257410723833609 0.204074565390664
0.159125258993358 0.221628157316979 0.23641037964778 0.223398789442882
0.0113481745542754 0.278584524338822 0.167575283723823 0.253565022636366
-0.138555585588381 0.238211215945722 0.0582359180289049 0.265904323845798
-0.28579159191172 0.139175700568367 -0.0677829629979869 0.201259199247187
-0.301162270759064 -0.0951594319244305 -0.134098522654107 0.0645274203056308
-0.141815795893757 -0.324415530584478 -0.0630831171162783 0.072911452923396
-0.0130778208482383 -0.468607037629435 -0.0443604903913001 0.332137580219284
-0.0999195940837413 -0.273262033291264 -0.161875647041662 0.624681093718645
-0.218780682663783 -0.172700780771928 0.186161792779574 0.464496202216832
-0.246431658470115 0.0209521078848008 0.176797293307797 0.0225270822767493
-0.122670300914358 0.155594603329076 -0.00661492950432191 -0.0313801854074482
-0.0305718991816464 0.140347055095697 -0.0787679710806617 0.16849323489044
0.0248240550422896 0.142419884085749 0.0679638812616929 0.315104605989705
0.0830007639230656 0.129000305984966 0.237871417962086 0.314727989355886
0.0813788646554872 0.106119998310616 0.301703119758437 0.264587906226481
0.0550563803312883 0.120241284966055 0.264133971284458 0.279957617667054
-0.0247097929659451 0.13195353265729 0.157606396251932 0.301738402575913
-0.0856910653041164 0.0850681535767849 0.0188692856852163 0.279602600424603
-0.106521003145732 0.0284801208967698 -0.0779427488484419 0.178113844299829
-0.106729427597082 -0.0330243472517333 -0.0988700377911743 0.0742602146668775
-0.0757634670157553 -0.128398069173677 -0.0131545245313388 0.112445545953668
-0.0481208157710286 -0.251146414078762 -0.0298537984282386 0.436375657495881
0.0641123974678662 -0.0218022771602573 -0.059784683993507 -0.448777407818096
0.0203784327847789 -0.0644726824133355 -0.0943844863896234 -0.186056993604405
-0.0630131133788204 -0.0386891031816118 0.0513072554853446 -0.0646614341006214
-0.0650977352141574 0.055285674367599 0.0636145090738341 -0.119600172734109
0.0149084815987369 0.0664204783812578 0.018502745944469 -0.231895638266795
0.047533770237581 0.0255166782083983 -0.122574345055159 -0.299989064358278
0.0535828902522052 -0.00647864256904575 -0.246940382392055 -0.272410024813994
0.0482281810897672 -0.00649484978965874 -0.303482503688942 -0.252932880554137
0.0389475435683691 -0.0055175698824661 -0.266374842883672 -0.28034718755693
0.0232509406170671 0.0118811323791896 -0.117646443201771 -0.290452121487174
0.00127399981891553 0.0247985650276854 0.0276605084393209 -0.192449651251281
-0.047705184997413 0.00392781822968599 -0.0197206824437008 -0.0345841023557762
-0.00351205226772829 -0.0646755562440377 -0.159654692398664 -0.0883174726745414
0.0977326283849558 -0.0199431278004365 -0.173419107161994 -0.41163436402174
0.0900554367124863 0.0646595603366453 0.164205297349293 -0.699553559518671
0.0479683247935898 -0.217536958719621 -0.0581526010067324 -0.429232019904001
-0.0562431383065565 -0.207358361390325 -0.0955537927911512 -0.18446913118628
-0.206444384308814 -0.0744850412095181 0.0320709662247354 -0.086526827212464
-0.194478063310787 0.141141583121531 0.0385595440862246 -0.118143359799966
-0.0296697195716397 0.195602040457365 0.00969096621523582 -0.197096109659822
0.0789945405392958 0.153273513279774 -0.107790819881865 -0.260733454463226
0.154510433202086 0.0987961263286882 -0.211187084772122 -0.241991229760569
0.166759860776928 0.0841921784036163 -0.257483502117792 -0.235669250306163
0.157430119795862 0.109933248575486 -0.224205664353023 -0.259810090147052
0.0712315030395067 0.179493383396661 -0.0843484984985246 -0.270887315805335
-0.0482630517063372 0.196600431748461 0.0505934950843048 -0.168384520926274
-0.229999076826725 0.138570072698891 -0.0218422617923753 -0.0147391714468037
-0.227401463135872 -0.106359147156562 -0.186095259684287 -0.103905628050526
-0.0231276323639167 -0.235202627692231 -0.19924287003444 -0.404752082163673
0.0826271183276907 -0.211913359451348 0.118820685139796 -0.658626500826399
0.0188176799976935 -0.390551619542834 -0.0685766891974892 -0.343818472985501
-0.147460683544382 -0.32944504181008 -0.0806341748698668 -0.147472755924814
-0.343934580307416 -0.0936014001036839 0.0296048038629113 -0.110254354739098
-0.306101457003116 0.228996460423003 0.0159599444306595 -0.131982128938082
-0.0670127242791419 0.310671186844281 -0.0115400661519925 -0.158030245044962
0.104346797966895 0.265064629125303 -0.0913765053391961 -0.192700479312703
0.236112226911119 0.191077215050893 -0.149886454204757 -0.175441976561144
0.261275338936189 0.162857991357855 -0.171607335616136 -0.180342060627952
0.249465170840981 0.208547986957722 -0.143814782849611 -0.196600188654073
0.104992376404077 0.323114020770681 -0.0306009879064983 -0.202332104055
-0.09552698964397 0.342597696161469 0.0733469847708108 -0.105238545159068
-0.386496083711076 0.254434804196658 -0.0239549799140276 0.0293122043418747
-0.424122537678716 -0.136528064101015 -0.206784993881858 -0.0888770846221282
-0.139261956090358 -0.420564675259829 -0.213384453989294 -0.346448649149982
0.065469243234678 -0.455454611875146 0.069100194194646 -0.522359390592208
-0.0247478487798609 -0.521341828616329 -0.085365257122709 -0.194333770906463
-0.255255738832414 -0.418366652916172 -0.0418205421320688 -0.0700629993914477
-0.474684423254643 -0.0848873518657843 0.045626875866693 -0.132556727745874
-0.387896892309877 0.321587748057206 -0.00587087959828197 -0.148234497818357
-0.0851670731891106 0.404740938961676 -0.0406669794586069 -0.105361150849805
0.124177757505348 0.34765744816181 -0.069728525112945 -0.0970320611309285
0.289172665618285 0.256592609908186 -0.0673146608065059 -0.0802347757423612
0.317392082299748 0.213922736497484 -0.0591432596970605 -0.0973076313165787
0.299203931118147 0.272761966513115 -0.0381637698090648 -0.101690069078103
0.118265150266316 0.412722075718599 0.0363630612992458 -0.0964106451477376
-0.130045167265562 0.436153180087891 0.0934235369414816 -0.0102235592376549
-0.485842322361337 0.331679580365958 -0.0257862883234406 0.089928392784812
-0.553497502644621 -0.144699895799792 -0.208511852833649 -0.0472183163232615
-0.226244846417142 -0.534947984590933 -0.204833319031234 -0.239410669225899
0.0417116806788852 -0.616476823372829 0.0242554697811997 -0.314567394898195
-0.0682942210791261 -0.586497419810057 -0.0972141903149096 0.00663339736553385
-0.346367185093969 -0.454622212318148 0.023887836742291 0.0462549315668586
-0.560028760917905 -0.0527513761005848 0.0761464242891831 -0.136104815050052
-0.418196111862812 0.387142693830638 -0.0253466029737405 -0.149050031497624
-0.0829680443486139 0.45208110069863 -0.0659769039088511 -0.0329555873030645
0.134269889912784 0.384681491859232 -0.0352598143955271 0.0194898265596595
0.30419777701185 0.286158932652765 0.0283163927389761 0.0306655434844934
0.323453209117101 0.235537106733246 0.0615887009546891 -0.000214332178791611
0.298212590806741 0.291525633857283 0.0742171759536883 0.00798812459681529
0.107552677769308 0.432263966403362 0.102941314295526 0.0282341323690347
-0.146782125859564 0.446571704333103 0.104539470104428 0.0977416893604985
-0.495388778457699 0.339419665302848 -0.0290999120389753 0.151778519722496
-0.571989075967976 -0.13412003000122 -0.191629449491273 0.00627320255486342
-0.25717693591332 -0.549074702504049 -0.169072641614037 -0.111463181857657
0.0120630777045816 -0.666062123134428 -0.00729642365696551 -0.0750335910830965
-0.104635649337679 -0.562424007980331 -0.104610000409594 0.232292000498954
-0.379543812346241 -0.420028793519358 0.10225124314344 0.185692915232868
-0.552898288764527 -0.0186328347711768 0.111271893789423 -0.112218152846594
-0.377389745233127 0.386287614196764 -0.0366669649783273 -0.12371304102004
-0.0702433897009176 0.420938821607594 -0.0783520199741663 0.0513275350274401
0.123356756462731 0.358583705550101 0.00888578403894646 0.139104739140327
0.273355136331013 0.269561846487232 0.122889704122529 0.140971490101586
0.283367710391167 0.218351534543786 0.173331730843675 0.0974286390000944
0.249140007998611 0.266536732652273 0.173085366757443 0.113473893725696
0.0716997042483291 0.378066993598377 0.15422977454441 0.14481972539701
-0.142229635172869 0.370442215261601 0.097533008807407 0.192547885622493
-0.41109062424774 0.26677874737109 -0.0381086116627832 0.193060841322684
-0.468378780632256 -0.11001168167059 -0.161496880911751 0.0503113735442255
-0.222839274244514 -0.461496148205174 -0.11593221097753 0.00223404308861211
-0.0108005796287876 -0.600489936830484 -0.0224633815869636 0.148684847582333
-0.118816938872627 -0.446531592107928 -0.112446537771119 0.445647651407093
-0.331613424788361 -0.313807293281277 0.167320925676368 0.324274306372629
-0.433562861084948 0.0107603844062556 0.142622473796992 -0.0586288315501334
-0.266984808283644 0.298094520226163 -0.0321961883208743 -0.0787788510879499
-0.0484086491031888 0.306961081350492 -0.0787288803401207 0.124115126402883
0.0867538729898471 0.269787828738828 0.0513023790244591 0.239588950401791
0.197269415013985 0.210590468461695 0.199879335478762 0.232765483351277
0.197532540836014 0.169652321353821 0.258671588436202 0.18024319397394
0.163805576652899 0.201131533016123 0.241090616291836 0.19891416954579
0.0262755595307705 0.266069708483058 0.176119584420274 0.232130257149925
-0.118678713059451 0.234227984500633 0.0722279765584777 0.248855179751352
-0.26330070145241 0.147821397881756 -0.0503808099617623 0.199416978452582
-0.289165476851406 -0.073968743830372 -0.125996810436537 0.0735138106305737
-0.149811292024668 -0.302462309273883 -0.0601917892195017 0.0770727935879159
-0.0353899921633676 -0.443514465898352 -0.021620842164161 0.319796098234466
-0.111286064361638 -0.256167942118577 -0.122496792021662 0.607302822440598
-0.220114789269461 -0.152404806171807 0.206603877678222 0.436202971442709
-0.233866058244657 0.0364574635164806 0.169813959520067 0.00899750504374022
-0.106133486113493 0.155373932040196 -0.0114122254098167 -0.0340532046938792
-0.0218773884618504 0.136144407509268 -0.0704170495524979 0.163301292727297
0.0310212968839744 0.134204701374931 0.0805866611740495 0.29942572721936
0.0858007892716528 0.117475030260634 0.24550396657638 0.289149131841869
0.08208331947428 0.0954425991149239 0.304779004037998 0.236831722806268
0.0588784410958855 0.109964107622661 0.270097616788972 0.252458392104913
-0.0167653667662157 0.126525564731333 0.168353363607314 0.279608482513303
-0.0763728201618068 0.0845924917903456 0.0351133173824417 0.264546982703114
-0.0972296920879244 0.0314300337006349 -0.0608066637128189 0.176002462131764
-0.100266535029041 -0.0244520917293003 -0.089781349010044 0.0801103472151596
-0.0773031221859774 -0.116346111103308 -0.0103384475708763 0.111460515094148
-0.0590529171458598 -0.235129934604334 -0.00334271025424747 0.418214900378296
0.0618368090216949 -0.0220134879801646 -0.065587168842374 -0.423774892873635
0.019538191150536 -0.0646807256739118 -0.0920477190354657 -0.179048251836627
-0.0633703915953684 -0.0366344485579431 0.0456534562632416 -0.0660797426396355
-0.06292705623059 0.0559753003603474 0.05483377164901 -0.114411456645507
0.0169021856287211 0.0647700482334694 0.0111127688770339 -0.219132937536074
0.0473235450220381 0.0239462528905075 -0.122399606617178 -0.283518781957897
0.0523410132369035 -0.00664020975879866 -0.239500015135425 -0.256038897292607
0.0473967371742085 -0.0068686361604258 -0.29451160156336 -0.235430451047985
0.0375715759445658 -0.0043366277871676 -0.258254168692109 -0.262927299717567
0.0226614928833456 0.0119839980007919 -0.116024459368752 -0.276239020068324
0.00075406342149961 0.0249455499577061 0.027233620641165 -0.182893299085549
-0.0471735339420547 0.00460646420691991 -0.0179444845903573 -0.0286694849281609
-0.00498302297857271 -0.0623126561575679 -0.154490798371403 -0.0786587747305046
0.0942961628045504 -0.0229331184063807 -0.174005901653408 -0.389792187746662
0.0883860621527953 0.0594804768296488 0.145283778578562 -0.668539572036993
0.0453700723479719 -0.206917846204826 -0.0632285480272041 -0.406127511354721
-0.0544614917874691 -0.199318391855532 -0.0933371152562064 -0.177120096918406
-0.198356198699178 -0.0684846800489365 0.026345043386741 -0.0860212923127746
-0.182905664936233 0.13992262815734 0.0304429239713007 -0.112159585160524
-0.0229590367672173 0.188238815663398 0.00469900988264901 -0.185356668084337
0.0794067393406068 0.14475520768489 -0.106996182859978 -0.244933778502361
0.150911384949631 0.0917841221472364 -0.20491612318054 -0.228346483274804
0.162093561404502 0.076767027493683 -0.250092862199884 -0.218743990310859
0.152780794425014 0.102739181398358 -0.217973344115089 -0.24437056440087
0.0721318247183626 0.172137229403019 -0.0841602732754843 -0.257623946976244
-0.0430044628535565 0.189153604305224 0.0482183547307283 -0.161096267784645
-0.218529586836512 0.1367589973112 -0.0187078791783134 -0.008552545430409
-0.217637412001765 -0.0978278236391055 -0.182303521026542 -0.0926139495703767
-0.0247124382755204 -0.22698273917044 -0.199277869629634 -0.383098333618866
0.0780723707572889 -0.202203003313211 0.101421719437639 -0.629350035022676
0.014781838300533 -0.371316505330557 -0.0731809720731079 -0.325227049510523
-0.143341636519594 -0.313696242047347 -0.0788849911168979 -0.142528786072185
-0.328493804856082 -0.0834008084687937 0.0227297926277115 -0.109539524032228
-0.286383619307974 0.225055331898407 0.00784969437551265 -0.124790227481307
-0.0564538998623152 0.298426156758512 -0.0155484029116461 -0.148992251297457
0.104960650975462 0.249539121662686 -0.0904181279787084 -0.180636787888395
0.23035470022311 0.17738420400816 -0.145820427167969 -0.166483022863702
0.252608009120995 0.148579058887064 -0.167116570967527 -0.168602813470026
0.242566212099557 0.194418892463001 -0.139565935773877 -0.186849576240062
0.10698583681327 0.308080363550489 -0.0311993003069632 -0.19437021164096
-0.0845179167943911 0.328638969359869 0.070877436338383 -0.101788797117349
-0.365012074988472 0.25095864148853 -0.0197270440917354 0.0338266942182463
-0.405207620733485 -0.122912864335093 -0.202256503712245 -0.0759274263489209
-0.138066388788203 -0.401153714453894 -0.211838306223473 -0.324119464671921
0.0572521286267791 -0.431239513135025 0.0579501668622273 -0.498175275152146
-0.0273191598022209 -0.495483595352961 -0.086457697387237 -0.183047118544872
-0.246095009411181 -0.396508420336389 -0.0400064018919473 -0.0690003483606474
-0.450667406256491 -0.0717994382747273 0.0380541041814314 -0.129588332047525
-0.361266079231407 0.314250184232782 -0.0141576696640621 -0.140880182048848
-0.0719453247964156 0.386800856903852 -0.042422643494636 -0.0989046218509726
0.125369022276017 0.328034753599314 -0.0674675451412314 -0.0894939834189215
0.280675810807982 0.238504908514117 -0.0648701919051403 -0.078089802414572
0.305807108482875 0.19658537657478 -0.0582533645070724 -0.0920129225742445
0.291676814417807 0.254324931224723 -0.0369950471489451 -0.0989000428563125
0.120449623835917 0.395510883807262 0.03485957464183 -0.0941229344491371
-0.115860553424317 0.419096348012278 0.0911658197575104 -0.0127988612830594
-0.456448632233666 0.325481296616593 -0.0194058180853872 0.0920160398126526
-0.527425615152961 -0.129966283159372 -0.20445734394946 -0.0357937759280138
-0.221539496747778 -0.509922129219985 -0.202351478100396 -0.221856153322351
0.0335760502648235 -0.583609593405355 0.0187020613896469 -0.300796392727641
-0.0711923282404152 -0.554452465782718 -0.0954365921893269 0.00852561979410475
-0.333887814614475 -0.42933452657206 0.0251243952810462 0.0416480738437831
-0.53119689443054 -0.0393201559442267 0.0667475779746644 -0.134384577170668
-0.389015737944738 0.378233122528048 -0.0328155191771141 -0.142170688723753
-0.069495280997742 0.43245815223058 -0.0661406700096854 -0.0303770439045638
0.135545527833688 0.362527963745415 -0.0336297281510934 0.0203153634326664
0.294795078732573 0.264740887813164 0.0282244591050023 0.0267436307430705
0.312377619070383 0.215255999179617 0.0586607053169478 -0.00141377286070333
0.288754463117206 0.272738050681361 0.0724419731785634 0.00313832764859322
0.110134020781706 0.412051425308997 0.101052291955141 0.0236676684600609
-0.130283872662167 0.428735279497419 0.102955379104352 0.0897915950021407
-0.464796510029951 0.333055219500071 -0.0207567471530361 0.150476012625328
-0.543524231510911 -0.119406262091489 -0.185825466108087 0.0156562830723197
-0.251857775523523 -0.521821902355671 -0.166084992534618 -0.0992106670562967
0.00528615742865494 -0.630560431294693 -0.00670111130817935 -0.0720157399085166
-0.106433043240532 -0.533829757187624 -0.0982738686622041 0.223515400791633
-0.367315955846236 -0.395774239865768 0.10199584425346 0.174209262741539
-0.523996874483171 -0.00531221837338509 0.101378553834319 -0.112128595213813
-0.34903434895853 0.375031361283322 -0.0429014738350514 -0.119288319726739
-0.0590081601163807 0.402548544538776 -0.077172537413985 0.0488777744945361
0.124751938718941 0.338678626967527 0.00959964063190957 0.134434666462794
0.26494798842637 0.250057466512392 0.119780497914504 0.130877253775953
0.272204255529218 0.200708570958773 0.166330934700035 0.0893370750676311
0.242420671516894 0.247407489197395 0.16850516642846 0.10228133492502
0.0756889950762615 0.359390883289081 0.151499966713166 0.133779956424813
-0.128342529279808 0.355329513022795 0.0981013563374117 0.179367687576325
-0.384456731769044 0.261757218513183 -0.028233284673306 0.188124519329572
-0.444164125315993 -0.0973053850789814 -0.155189532373863 0.0558736227275449
-0.216260130346468 -0.437958381030903 -0.114001968736215 0.00824161111370776
-0.0170946465862417 -0.566488081096023 -0.016950966393618 0.141743736563871
-0.119486159321764 -0.422333996428097 -0.101955368852107 0.426536927700476
-0.320935304454543 -0.294065852922025 0.166522303480082 0.305358660875946
-0.410530671280421 0.0199677247502337 0.132824671847776 -0.061371540235777
-0.245845108391722 0.289086407756996 -0.0372887523023083 -0.0779686541848537
-0.0402442450671354 0.293657176501063 -0.076861421160682 0.11760195291963
0.0870090634470705 0.255358534453569 0.0516791262866666 0.228540692859856
0.191628915898635 0.196358859781541 0.194966456530352 0.217629292247263
0.190128324243716 0.155936767985306 0.250009124700333 0.167068458517233
0.158729155914881 0.187489725934913 0.23462506897791 0.183000349199481
0.0293781100231472 0.253742067869957 0.173476396656576 0.215866613269266
-0.108436518040167 0.224893616465399 0.0749084551860874 0.233613863257371
-0.245713503751483 0.144507027326874 -0.0402514797647711 0.193224093121075
-0.272435725843302 -0.0651123207260535 -0.119152452707363 0.0765162547991877
-0.144544995953772 -0.285128946173995 -0.059472252550714 0.0785888905807731
-0.040134871650016 -0.418293951193306 -0.0126705390457259 0.304403034444931
-0.110708465579049 -0.242488366763518 -0.107702725335863 0.580293901550764
-0.214042615658809 -0.139886009559383 0.205184761296199 0.412356268518899
-0.220478133017552 0.0425707927178243 0.160838088869276 0.00251370682433498
-0.0966620129428036 0.14978763658593 -0.0151866978680727 -0.0365158113639744
-0.0190777786232907 0.129039213528719 -0.0680092674794174 0.155454305613486
0.0318855483361509 0.127304797810422 0.0794932411832379 0.285225958389992
0.0834176602622629 0.109197828875376 0.239546673828998 0.271485364410708
0.0787623708362878 0.0878447052509934 0.294941513683432 0.219623491621511
0.0571791891755464 0.102046489417255 0.263045025607094 0.23444309737507
-0.0145296662855238 0.120681561441613 0.166138302572106 0.261594085809015
-0.0703922554484096 0.0807035521388781 0.0394386893285146 0.249274133206125
-0.0888816853755569 0.0299916653969174 -0.0508969261653661 0.169085625490717
-0.0933181032025093 -0.0205753259143711 -0.0831097833958839 0.080665846641191
-0.0735832997419413 -0.108184418312926 -0.0113676519671792 0.109717580963518
-0.0596496964715959 -0.220804805703977 0.00672751073306105 0.397848113833975
0.0622586855006085 -0.0214860713841977 -0.0608306282848036 -0.412426319675949
0.0204253377093678 -0.0660221017186876 -0.0884923052778485 -0.178242127084923
-0.0635646061704957 -0.0375646064294771 0.042822307044525 -0.068226168456759
-0.0634238187305721 0.0562099745589301 0.0504218750310647 -0.110605706132778
0.0176536835886175 0.0649807099835684 0.0105241682876386 -0.210771301985224
0.0477224479128334 0.023469854738096 -0.118406620937198 -0.276462861132637
0.0527611637215308 -0.00528737308685068 -0.232362414556683 -0.252070707685424
0.0478479466856338 -0.00649803597593915 -0.285842022411846 -0.230973466749566
0.0376929476928914 -0.00297175788213361 -0.249726662344477 -0.258498332657864
0.0227072908774319 0.0129844550911351 -0.109575521471012 -0.271663903179429
-0.000293367833591998 0.0255103016473759 0.0317606958629631 -0.177554886824332
-0.0477201320826914 0.00547952167376492 -0.0148321036683362 -0.023865041211286
-0.00551962767649423 -0.061812648672304 -0.15006627798412 -0.0742205641523085
0.0929938649386962 -0.0235133552394896 -0.168087480485507 -0.381734928425868
0.0868908342017995 0.0581676788185827 0.145022230788683 -0.649346548971993
0.0490676741883829 -0.201154258470382 -0.0603480276430464 -0.394388137185238
-0.0501932921151932 -0.197849752063268 -0.0894352948188253 -0.176294020155005
-0.193372893279117 -0.0691579648701561 0.0236066390506795 -0.0867704541045901
-0.179455752266039 0.137050132941382 0.0263154688876114 -0.107889690203186
-0.0213817066301432 0.18473513578538 0.0045645621095052 -0.178489305615525
0.0775431523266903 0.141198994703694 -0.102720733466524 -0.238758824020535
0.14787919147605 0.0905585616660109 -0.199408149404942 -0.225976281105722
0.158839823302593 0.0750904527033414 -0.242908528688365 -0.214853435469932
0.149470367618586 0.101950670270906 -0.210207718237187 -0.241006216694136
0.0704745272968358 0.170160264367901 -0.078420597495541 -0.253195651797169
-0.0438192800446875 0.18481162944552 0.0522675530518985 -0.156190890919195
-0.214397223076087 0.134067444052088 -0.0156231242749328 -0.00373247647285721
-0.211576233876726 -0.0981269600484047 -0.179543256423615 -0.0871347521018418
-0.0203447364865361 -0.223788463403564 -0.193149693123805 -0.374303086592159
0.0800857095827558 -0.195259701675346 0.10351178242018 -0.610548514258243
0.0211304962382419 -0.359989071677828 -0.0705951469599445 -0.315797391800412
-0.134055351467226 -0.310184359863055 -0.0751839484085598 -0.142318871225661
-0.318079592299524 -0.083460577533116 0.0199420816673997 -0.109213795117699
-0.278235023824011 0.219650567452446 0.00272929348927251 -0.119700518368992
-0.0543357223848541 0.291215367535317 -0.0158062956647382 -0.143864108069083
0.101863274861814 0.243861410744164 -0.0869131364052506 -0.175341546262018
0.224669015376596 0.174494474367734 -0.141269380428727 -0.165821310323039
0.245804682103325 0.14525006974724 -0.162063731636902 -0.164536929135871
0.23701399301331 0.191943789586246 -0.135048540800481 -0.184842421547827
0.103588104615783 0.302987505749022 -0.0271161570378869 -0.190616500996685
-0.0847175950014144 0.320963800818683 0.0730449294861117 -0.0985905890894568
-0.357595732240837 0.245068006104123 -0.0157301733373781 0.038453351526955
-0.393357233796183 -0.123292022280257 -0.199889958928592 -0.070412386649978
-0.128723526797387 -0.396077789664105 -0.207171617350614 -0.317245430229932
0.0633099221285645 -0.418550499042289 0.0589625088673491 -0.484906304847338
-0.0190353765102519 -0.47969796011566 -0.0851896683120891 -0.177465631755938
-0.234136426018769 -0.390318125147039 -0.038557726355265 -0.0698753207179454
-0.436596357769053 -0.0710448711098969 0.033944375928678 -0.128316199619912
-0.351115498554619 0.304809804934959 -0.0184682892439883 -0.13631356108508
-0.0705063828543396 0.379688630207465 -0.0426284203089147 -0.0963422298976921
0.121141504308994 0.320252984664748 -0.0658112387876179 -0.0866066234836995
0.273682823799552 0.234089246110216 -0.0630913367243812 -0.0786324117987435
0.297772208348186 0.191772917312876 -0.0562281134072728 -0.0903573931793086
0.283766682718326 0.249050333592205 -0.0353038983650916 -0.0983193998500867
0.116531456803572 0.387999682131141 0.0366867203770691 -0.0930133995297447
-0.115110288136829 0.408007551082982 0.0914247654156878 -0.013201522473914
-0.446935924781806 0.31686079915505 -0.0150245155736452 0.0944600603020225
-0.511692043200825 -0.131463317128357 -0.202028006768915 -0.0301475878721271
-0.210656743285885 -0.501983916940367 -0.197847375942262 -0.214799164869513
0.0415747418840748 -0.565147435927514 0.0209667328787091 -0.292890213891973
-0.0626927682440483 -0.539270284142864 -0.0951310947411526 0.00853373297906632
-0.32018143380743 -0.422003971933238 0.0242522468067361 0.0382363602883806
-0.514313771143755 -0.0400471109829312 0.0623536207264343 -0.132907816507965
-0.376298875163341 0.366480919735233 -0.0371331253799752 -0.139397219953772
-0.069798466406281 0.422243732465312 -0.0673273884965544 -0.030474630511361
0.129975830316049 0.353891271377517 -0.0338593042252842 0.0215375386778658
0.286755055815124 0.258888159950807 0.0272928177605272 0.0244213926452556
0.302257557072199 0.208935763656106 0.057578641013061 -0.000988259566997799
0.281012295984717 0.267449128122685 0.0716044703287006 0.00103662532168154
0.105607433379407 0.404804854092444 0.100273310849446 0.0218384529888336
-0.129940589276795 0.417712195674402 0.101974685751656 0.086446431999127
-0.454213189095726 0.322558868413461 -0.0157680695491957 0.150589508869633
-0.525495961318777 -0.120912375041606 -0.184574571055935 0.0189193160294994
-0.238113852778258 -0.512033015452474 -0.16350645778252 -0.0939904669969443
0.014120084373579 -0.608386232778031 -0.00439098468839365 -0.0705171652449339
-0.0974586269662663 -0.518963064105538 -0.0998421307344012 0.217603061286507
-0.353500145479848 -0.388514230859583 0.0991974856075946 0.168967040225997
-0.506811636212837 -0.00673693810741445 0.0961915020234957 -0.111030900132218
-0.338957277124791 0.364507811973071 -0.0471134841650025 -0.118558877452922
-0.0594160011357884 0.393047941764122 -0.0803348516152962 0.0460158500176402
0.118241203316357 0.329096562972167 0.00702060460567958 0.133063039112392
0.256956732886446 0.244538475294494 0.116297885274039 0.127045902489404
0.262397585040948 0.194488224255837 0.162034496705952 0.087757263525239
0.235093131265343 0.241760719128203 0.164509542184147 0.0981359379805956
0.0719067525084211 0.352706847130029 0.149141429029614 0.129805495666355
-0.126409451840303 0.345390214743112 0.0964750759258323 0.173087340046485
-0.375331666848864 0.252351193651853 -0.0232043778887611 0.186786350003992
-0.428128270158198 -0.0988121358673909 -0.154097149979399 0.0588160461150713
-0.204992277051478 -0.429253040788911 -0.113774737562304 0.0118075601721632
-0.00977984892110189 -0.548495119947953 -0.0155458337251995 0.137694038092537
-0.112467062560232 -0.412659580879334 -0.104206649117482 0.414768477150182
-0.311326020418714 -0.288358041019526 0.161970771718689 0.298746229649738
-0.397176548631592 0.0196113819213684 0.127789752348125 -0.0615010652575358
-0.237543542519346 0.279880042900233 -0.0410603354972261 -0.0790282499458231
-0.0403927276103013 0.28590788552912 -0.0803374877341164 0.112778567940229
0.0834198462077538 0.249202518812697 0.0468289592442543 0.225691142111752
0.184235668996006 0.191560840246751 0.188800292383174 0.212918941040046
0.182468086328617 0.151137724965729 0.243633654272275 0.164263849481623
0.153035087541388 0.18241506928874 0.227685285919357 0.177860494361989
0.0262176619771592 0.247766033261853 0.169552397426379 0.211259433806952
-0.106340997971613 0.217218541842619 0.0728119285383553 0.226204096593474
-0.237480161622472 0.138220627725346 -0.0356757203650738 0.189161879018977
-0.260613207915052 -0.0649108838831715 -0.117152364761277 0.0775233497978246
-0.135998314038778 -0.278511788503194 -0.0617976968959969 0.0795968293251883
-0.0330579967407029 -0.404050336937673 -0.0121152350205681 0.295981539519366
-0.106493891615237 -0.236973074152059 -0.110099952318901 0.563929807695473
-0.207208616044612 -0.135947717142699 0.200543589286869 0.404252442586866
-0.212795999078434 0.0426519455117167 0.155830102938219 0.00108618702084864
-0.0922769964316171 0.14482409812504 -0.0188852386783354 -0.0400604991994528
-0.0202770150733574 0.126588072191879 -0.0722943411157044 0.149339823776662
0.0303930008532198 0.124446714116132 0.0736777361696721 0.280690698574442
0.0793726304577329 0.106548789305161 0.232597144725092 0.266627208593706
0.0736957797471047 0.0855681176980186 0.287865775453867 0.216131951500467
0.0531882295640755 0.0983536858623876 0.255052026524276 0.229021275906382
-0.0155991477845082 0.117385793533973 0.161920016362553 0.255177156193897
-0.0691055489145219 0.07670268954356 0.0383745823155966 0.240996237245098
-0.0840885820643755 0.0273587959387894 -0.0461199864179554 0.164220880339568
-0.0875389136874809 -0.0193709001400249 -0.0798181761541737 0.0805275030584328
-0.0683951965755373 -0.104299508531003 -0.0147755040817592 0.11021057160104
-0.0566712145262328 -0.213467889251063 0.00602685247574335 0.386708864466305
0.0454336573602249 -0.038969249436548 -0.22283392815172 -0.356580409185382
-0.00849577540478561 -0.0680087724408405 -0.159505631603698 -0.129908542396223
-0.0769260866269312 -0.00814508237429513 0.00293504933722574 -0.0794333289982091
-0.0362181050207678 0.0787144945841698 -0.00343993699893655 -0.116313858287097
0.0413932452399383 0.0542124878788664 -0.078871983288792 -0.192869128546959
0.0526413155339658 0.0034445340871603 -0.225198602305717 -0.199974097951123
0.0473485484962241 -0.0268225004481159 -0.319626671652036 -0.132636564883047
0.044827924809755 -0.0239409071706825 -0.35990093389334 -0.0874172669582795
0.0349582701862684 -0.0183510151067081 -0.338129959728187 -0.128909077770511
0.0266289644712928 0.00315910306736366 -0.214830572586165 -0.201784210743273
0.00942768913519957 0.0250717537310659 -0.0429863102468259 -0.17627972448855
-0.0424231611325908 0.0266249933878177 -0.021395105743526 -0.0160734288405384
-0.0335432912747207 -0.0578586812246794 -0.16363736588495 -0.000945403629320323
0.0754566734546996 -0.0684921624181168 -0.310944416277539 -0.273853930004585
0.108785128165136 0.00921875448143842 -0.137606794710956 -0.649519185527489
-0.0334174157204454 -0.198783773233735 -0.221342353963305 -0.342620131749465
-0.122836029282455 -0.159621370281098 -0.163298143452632 -0.126209509141759
-0.20522245313568 0.0136222095242409 -0.0252374375854565 -0.0828482110994466
-0.105635273161222 0.196662581319058 -0.0257893601979588 -0.0952234014172069
0.0544831001181427 0.177839602640649 -0.0662477232079987 -0.157986847787494
0.127935282569004 0.0983484186247675 -0.191357327173747 -0.171718721488579
0.172176317984186 0.0210764436271777 -0.273340438192001 -0.122575943604999
0.180514462145562 0.00723616422414182 -0.313297608980879 -0.0901890719323988
0.181158694149802 0.0318375843762626 -0.29637845450971 -0.126878183615028
0.135574416880329 0.129155236796677 -0.181606951997261 -0.195004471039449
0.035370227293386 0.191720721340589 -0.0237880600927171 -0.165919455018013
-0.13941748775868 0.214068461647795 -0.0271491864137225 -0.00297315720290365
-0.240490216836945 -0.00705098565688942 -0.195438433189316 -0.00747102296286711
-0.114822266057913 -0.206301353163509 -0.320301559506647 -0.261171369986133
-0.00963993163487579 -0.22405176901396 -0.145580578614872 -0.594020820039899
-0.118994930484365 -0.334113206943601 -0.205882523752212 -0.26676533570388
-0.242243530679769 -0.228758829440706 -0.139231276372087 -0.0984385536216924
-0.322175930782561 0.0490731346596587 -0.0405896291520464 -0.0945391489273058
-0.160556349847729 0.30848914479539 -0.0525886063726693 -0.0898461241688496
0.0679033527920484 0.287111340183304 -0.0657458244132874 -0.115122428522898
0.19148062582738 0.181411966736332 -0.146353082038205 -0.119228006104287
0.275911794310896 0.0660524631484825 -0.189885970710953 -0.0904230461547838
0.288729222316785 0.0367920009780458 -0.21773826779031 -0.0785196971333646
0.299101783515701 0.0794622279471922 -0.203781645068257 -0.107222868004352
0.222452909731296 0.238626225744705 -0.110587004760089 -0.156818617623647
0.0541566534803879 0.336333496104855 0.0124752624924402 -0.124271051169795
-0.223099742474831 0.375470070065017 -0.0205984854087531 0.0296248398216763
-0.419762121384622 0.0430760340490812 -0.208135132972224 0.010025012784563
-0.28758573390961 -0.319292412647908 -0.2994195716506 -0.20814823599698
-0.122493067034089 -0.424493986500409 -0.121422037467062 -0.461168816345372
-0.198407960578322 -0.429783431601156 -0.168682219778443 -0.135212043571248
-0.36287053371414 -0.263931340647444 -0.0772040272136526 -0.0458483006970224
-0.423669299941778 0.104825843944425 -0.0371205273380385 -0.112240372199495
-0.189980915507615 0.413767878618582 -0.0801256207834581 -0.0901289521202935
0.0882931494695431 0.371735448332591 -0.0681727683164164 -0.0587561640013518
0.23986497447643 0.243332686266757 -0.0868690820209809 -0.0457574917838112
0.343534589503581 0.100245706026777 -0.0788766951321221 -0.0428546129936724
0.35350394547527 0.0591046737259202 -0.0887541997719806 -0.0546132251623129
0.366062564413218 0.114660465774053 -0.077087598909162 -0.0709659167005498
0.270205600464719 0.311563150162946 -0.0119549021638077 -0.0937827350889384
0.06141489913846 0.42915967808323 0.0612347022876698 -0.0546179226444935
-0.27287080020852 0.47827381190557 -0.00334048862433549 0.0764723428841157
-0.53233588129343 0.0855286037939831 -0.193800204947871 0.0426597466167483
-0.407028141256933 -0.383096063099781 -0.24470069636385 -0.122051477171849
-0.209156899808329 -0.549887984971921 -0.068327767950328 -0.267380125283006
-0.258306475811595 -0.469747140419809 -0.105439671539159 0.0386752379547349
-0.454048396006539 -0.259252079952376 0.0254996712410728 0.0290408043888005
-0.481586967924786 0.164755748934295 -0.0127112507944635 -0.123791994379839
-0.187592480509121 0.478478858149158 -0.0976658384271494 -0.0832217253866672
0.108547631279848 0.41027287084644 -0.0614331375940098 0.012127168986823
0.263850719830071 0.270162921986172 -0.0114866588081587 0.0396292329102698
0.365375684342857 0.117710146285567 0.0489353201381165 0.0133541072463478
0.36467659229604 0.0737113846826864 0.0535360316318999 -0.0229846609129646
0.370727721276834 0.130309802789336 0.0627575415683798 -0.0259319356835944
0.267425362146716 0.331856474946682 0.0946856235757418 -0.016545357862886
0.0534813562552233 0.444049491729526 0.111506891301552 0.0304556605186474
-0.276068552350575 0.486392636123913 0.0188594308813716 0.12694173364588
-0.541048574720354 0.100655749951573 -0.157163364731611 0.0793569027987265
-0.437208876250435 -0.37965997112153 -0.163125936984435 -0.0263981663543161
-0.253127294923225 -0.577505563366645 0.00211061814495007 -0.0547704646823166
-0.281040985429444 -0.439490226336821 -0.0249456757418875 0.233719766951613
-0.470388014478674 -0.21648452291882 0.150155483432574 0.117849818703584
-0.461891795608716 0.192420835244436 0.029550644384978 -0.118083253202782
-0.155778264866221 0.460387702956286 -0.0974433085753456 -0.0627293429207485
0.106790033811598 0.378469011608771 -0.0426988379388491 0.0863295373331302
0.244460263274036 0.252638801000262 0.0725819710804549 0.123584721792507
0.332115753490912 0.117826164909794 0.173093593436319 0.0699447483212668
0.320491429383261 0.07477974154572 0.187137109636542 0.0128374388836803
0.316400712602905 0.127503860646175 0.189614433990715 0.0216954285969505
0.213370220731727 0.297720174531658 0.185928028570691 0.0592611233067015
0.0257358880794477 0.375310552501291 0.146052027789272 0.111559299232623
-0.232839069158119 0.387833948682377 0.0336203492198837 0.163732279641727
-0.438694141976075 0.0823790172527786 -0.112567645078677 0.105038971090693
-0.369321409194981 -0.312758775689252 -0.0777501255091468 0.0516420599312331
-0.248373776925054 -0.506380683679188 0.0741345920120674 0.137293473233244
-0.253439992568894 -0.339192291251794 0.0547786338201865 0.41937420666085
-0.392567183729331 -0.143212092300942 0.266162739323931 0.20944003413763
-0.352024449713592 0.173181819487482 0.0825426373318757 -0.0917197856188622
-0.0987572337127962 0.34422987939537 -0.0753957343106134 -0.0365245922509083
0.0794246232737425 0.274834778532702 -0.0186968223462174 0.144292983867229
0.178934411264219 0.19248543118111 0.14616572434 0.190280608294737
0.243711071019173 0.0993073765217248 0.273863103666735 0.116992138776205
0.227086357398218 0.0661853796291905 0.29357767365116 0.0471278794274946
0.215225643658943 0.106410706022423 0.281594506036813 0.0656673146407537
0.128551776382103 0.218844388502688 0.240004246827465 0.122138716513536
-0.00828700150629604 0.246612347946674 0.152239827859275 0.169145470005587
-0.155983978953674 0.226411887715747 0.0352404523758079 0.175591609089791
-0.267918697362869 0.0459433207196062 -0.0717451168386628 0.111802523892019
-0.241413130094905 -0.200481908690431 -0.00988506742895444 0.0958819450396724
-0.208628998692865 -0.360342246314999 0.134066240687961 0.277931193379335
-0.180047664414849 -0.181283957578752 0.114741974614877 0.561096537958247
-0.239215092858451 -0.0470700745628172 0.350288796803418 0.287641645711196
-0.175306431036704 0.121507527358393 0.138724224889723 -0.0556463427953383
-0.024139304029828 0.165321700240018 -0.0375973669544369 -0.0216768179273439
0.0338065951582748 0.12131001102985 -0.00193386566078023 0.170918580711047
0.0796528230004143 0.10007269999898 0.189378333013615 0.228088034728907
0.113680493325651 0.0655070361502438 0.332080770970709 0.147364747076613
0.0997047528127411 0.0485570443686617 0.356083970597802 0.0743057000348484
0.0878417567242836 0.0702955109174788 0.330310348393799 0.09874404750704
0.03433649604688 0.114824549681249 0.253223472125229 0.162560327208157
-0.0318257157874512 0.0996298144024284 0.133497693847219 0.197835208991423
-0.0636932817778842 0.0596529858690614 0.0264596427082464 0.162602222242294
-0.0873111503099512 0.0185116738223892 -0.0362668960716464 0.103712952714806
-0.105408376864738 -0.0652022975796937 0.036573694677567 0.107352049592006
-0.147048323079972 -0.169357717315382 0.178386467907416 0.349999560232631
0.0469776350871883 -0.0424966316473935 -0.232237061744148 -0.35663693408807
-0.0110090535593333 -0.0723086993695513 -0.16719835548763 -0.132142283169415
-0.0815195595663384 -0.00624033147240083 -0.00299512541295125 -0.0831731261710296
-0.0359914854475479 0.0840537288205788 -0.00899812319871483 -0.116651784138679
0.0456349303266413 0.0551867030108211 -0.0839397009782736 -0.192663378348568
0.0552812710175527 0.00210165172733978 -0.234254368177083 -0.198464471226581
0.0503532331007265 -0.029616073065701 -0.330364200360467 -0.130644189591886
0.0470736576633438 -0.0266889836937381 -0.370402526515395 -0.0822741646223724
0.0375695892062533 -0.0187610392894338 -0.347834198786945 -0.126641144159715
0.0278056174943583 0.0032875960333059 -0.222009535627539 -0.204482427851028
0.010255746513686 0.0270854367915465 -0.0427758644585349 -0.1816741184234
-0.0439364281078264 0.0301246498656838 -0.0177310740248947 -0.0134235814447149
-0.0368384480181747 -0.0591966438549707 -0.164396795631625 0.00526847532318441
0.075043250600513 -0.0733536537146383 -0.322698831121063 -0.271373780082041
0.112628859434999 0.00714369627704958 -0.151033999972799 -0.659309233865818
-0.0349494915083343 -0.203377829735439 -0.230824542147622 -0.341473769279412
-0.128371948344701 -0.164913953179047 -0.170977805305723 -0.128441074253319
-0.210222010741701 0.0182699854572137 -0.031564866234384 -0.0847835415294372
-0.103138430649152 0.204172724855867 -0.030740422684303 -0.0940139245639108
0.0614519521861948 0.180715569626057 -0.0710550435095314 -0.158078402282181
0.133280476344845 0.0978073834302549 -0.198100868483451 -0.169685350857922
0.178239498823239 0.0174490424999632 -0.282708498067036 -0.119820887084059
0.184720571826335 0.00265386503502243 -0.321863627308904 -0.0859145318780341
0.188153121512012 0.0290806924304599 -0.305890573486072 -0.126072167370439
0.142949605295614 0.130596975136661 -0.187749196648577 -0.198702561893302
0.0397888118175546 0.196611988745057 -0.0238667014627625 -0.171444103349211
-0.13838704108878 0.223019658282243 -0.022482759825617 0.00044662175671542
-0.245986758700533 -0.00457330741252424 -0.198688701961119 0.00118594559492091
-0.120729039501008 -0.211652376765958 -0.332716117674181 -0.259781363499376
-0.0101950845551737 -0.229214745516473 -0.159185686133047 -0.603596526186861
-0.122387038441646 -0.339252635051038 -0.214795524070021 -0.266336632588351
-0.250129619111924 -0.233565474688422 -0.145384653052008 -0.100529308991376
-0.32663006127178 0.0559474375516984 -0.0467572253845853 -0.0970335914767736
-0.15623875852823 0.317926571674673 -0.0584176826605961 -0.0874041825724525
0.0765677590086109 0.291326989866167 -0.0699874743604795 -0.114708883141061
0.198981351236755 0.182500532059291 -0.151045072095834 -0.117282537968443
0.28364207336998 0.0613846917892584 -0.197715489474936 -0.0895532404387154
0.295774326990267 0.0308041741004675 -0.223928154668688 -0.0759319472835804
0.308744314085741 0.0744732570300183 -0.21078910076685 -0.10748903126214
0.234202563622948 0.240761865487443 -0.114510933634495 -0.161081487772638
0.0607058573131181 0.343267916650739 0.0134517080975862 -0.128939022020543
-0.219511364988043 0.388402588760517 -0.0140945463643893 0.0328892464941041
-0.42672200701455 0.0494241062355798 -0.211676606241031 0.0204252419540812
-0.299760829109408 -0.323508252025166 -0.311757804060166 -0.205653072027082
-0.128262943931488 -0.430636399296495 -0.13079679551641 -0.467569102361701
-0.204921215429173 -0.435875582289306 -0.174457348682863 -0.133432402800217
-0.373902061104463 -0.266795344950878 -0.0801648065849704 -0.0480771422416967
-0.428325969218411 0.114651861482418 -0.0434895575392 -0.114238277416301
-0.182951655229944 0.423666171515815 -0.0874979797968541 -0.0871727914724841
0.0985982584688213 0.377540578595625 -0.0724814639613667 -0.0578643100629999
0.249932602201866 0.245084391958335 -0.0892344566109827 -0.0435652847500989
0.352945048399467 0.0949991235780127 -0.0827283218142707 -0.0427645681739782
0.360729151639521 0.052480980151096 -0.0911132054398072 -0.0546495191102474
0.377408999650169 0.108856064604307 -0.0809511668158388 -0.0728722907268314
0.284717203525701 0.314189216429454 -0.0126795076732757 -0.0986553939950959
0.0699659267781344 0.438136275739775 0.0633901041372099 -0.0588703352596917
-0.268343682777751 0.494841629969779 0.00538767231891102 0.079379206386388
-0.540913654404291 0.0938947868927848 -0.1969358484036 0.05363642216274
-0.420345499109526 -0.385582692259594 -0.253260771311883 -0.118351408848933
-0.216373711076374 -0.556908791261994 -0.0739690842545647 -0.271592056221866
-0.266315286234686 -0.476118201469462 -0.107557004656568 0.0426880289180518
-0.464374323171072 -0.25892516750189 0.0264071554363212 0.0272100984744395
-0.486014181644007 0.17498569068068 -0.0189567782415248 -0.127040204407637
-0.18004731288573 0.489250867370985 -0.106533162428062 -0.0804950911648161
0.11936610217003 0.415344811292356 -0.0658123565822265 0.0138671937781166
0.273828183590343 0.271457432939378 -0.00994148098176756 0.0427824679291977
0.374407291189182 0.112231324411305 0.0490509821097191 0.0119795542774646
0.370902035886186 0.0672078270186783 0.0545712867175306 -0.0250962913278755
0.380726761251354 0.125787238157953 0.062651765615324 -0.0290931496840248
0.282011628379798 0.335475191227387 0.0980656531580246 -0.0222802436905352
0.0625130876364116 0.452391008338189 0.115370584619117 0.0269672478478331
-0.270331122869411 0.501737907169837 0.0287115973516723 0.129551295837932
-0.54806153050204 0.111326443029367 -0.158566052932523 0.0906022489205014
-0.451394798736018 -0.380948019143628 -0.167203302975007 -0.0201112174097643
-0.26111078513306 -0.582349398809191 0.00264405596820995 -0.0572038607036466
-0.290602810715587 -0.443275447390917 -0.0232439428209791 0.239356898773791
-0.482170589791866 -0.215033621511321 0.156665281428953 0.116275629781542
-0.463055355621106 0.204575122803597 0.0249605287859046 -0.122501753705457
-0.146671238851414 0.471084505137646 -0.106782570915215 -0.0600666868506331
0.116569369900398 0.384812644873327 -0.0464914658016282 0.0897237641823005
0.252948808648992 0.254337377292692 0.0769227608145927 0.128085186075958
0.340760708515677 0.113697596837314 0.177793690824238 0.0676292936492135
0.326006705964814 0.0700168338421951 0.19227639114158 0.00892366444442697
0.324451652115951 0.122364871118773 0.19252850382454 0.0172072657376943
0.225693199727943 0.300695912114844 0.191858344401208 0.0540689856908453
0.0329558371105008 0.382727810402926 0.151670253402103 0.108207159935659
-0.226503486582394 0.401300816773035 0.0442141988591481 0.165244581098798
-0.44368073263921 0.090970303638518 -0.111442759544352 0.114601580331667
-0.381279455349659 -0.314563281941668 -0.0786916612688655 0.0586676872250524
-0.25648601743294 -0.511904387876209 0.079423460695829 0.136647183498264
-0.26312035836947 -0.341159862589281 0.0605518369589498 0.425232226731208
-0.40235412224156 -0.139765416663349 0.277601552422755 0.207209041475576
-0.351910212659048 0.183423476567313 0.0801322940817877 -0.0967363550938242
-0.0921303514173684 0.352055245903661 -0.0836849728751533 -0.035840412632516
0.0866830012884251 0.278666405907988 -0.021707999390847 0.149202418677932
0.18611989465468 0.194357953201481 0.152603609803478 0.195303609422
0.249947013937459 0.0971244405056052 0.282084634098102 0.113904807383621
0.23067932606712 0.0636908417300226 0.30153893015123 0.0419823734669744
0.219457385885115 0.103509805321503 0.289383907785923 0.0604493876560352
0.136106677689335 0.221460834551504 0.248097035160854 0.117203739907956
-0.00426344814456264 0.251084397177086 0.15931406621164 0.167244414360583
-0.152952607942652 0.231191517284384 0.0445474335369948 0.17579661993585
-0.269010052473284 0.050889006904406 -0.0695207694354811 0.11904321186183
-0.247212896503274 -0.200751122625253 -0.00885439486323009 0.103102749310254
-0.214159708824924 -0.360535594563368 0.143389770835243 0.278109881832321
-0.187430547432811 -0.181169029041668 0.124937562515979 0.5696762965297
-0.244011784991054 -0.0422399803575058 0.365971097183738 0.285922974172892
-0.173096747499632 0.127573573045388 0.139278665201607 -0.0604846743192727
-0.0197426033972513 0.16711441766351 -0.0444683166952004 -0.0221839017735016
0.0362914070645393 0.123595542039332 -0.00390766562288996 0.176615758125942
0.0832964029151792 0.100949459637762 0.197039578822872 0.232953698689466
0.115865535086489 0.0646280651634566 0.34273631512087 0.144139953627691
0.100152580592103 0.0480248224148786 0.366452513267161 0.0683011227586127
0.0885709713073034 0.069708105870562 0.339183933644387 0.0935519794451828
0.0368644551824661 0.116790332741889 0.261775793294542 0.159317255064162
-0.0313820917248279 0.101004142541572 0.140627671310576 0.196952938888621
-0.0624843205797822 0.0588565182130672 0.0341828938380503 0.162228101241714
-0.0856883942025611 0.0201473095238666 -0.0328980689491534 0.108391411390126
-0.106174294734872 -0.0642842319191815 0.0387907572398778 0.113379193398706
-0.152381468061289 -0.16851884832449 0.189057936001632 0.350514128794736
0.045958203823268 -0.04645919824916 -0.24761952967898 -0.348183562758878
-0.016215874621553 -0.0757236001462997 -0.17632976388582 -0.127930299252957
-0.0849625064090965 -0.000707562218362548 -0.0119508513726242 -0.0848761968218384
-0.0319872517152941 0.0892190275280695 -0.0177328544733184 -0.114940588156683
0.0505054876123795 0.0536564062395365 -0.0953036766273525 -0.187911590977779
0.0563993811444896 -0.0010312205128152 -0.246871696301353 -0.187986132818915
0.0506080599759194 -0.0335639880409237 -0.341623522213788 -0.115423054130435
0.047945649546351 -0.0306288572856363 -0.378268669231075 -0.0658252724011462
0.0394813152314255 -0.0209105950693622 -0.35765922667966 -0.112685177500485
0.0296365641302743 0.00279345902436834 -0.233298764795469 -0.199880967461847
0.0114286331721644 0.0290065913807615 -0.0478573886391225 -0.184472063800851
-0.0440160875664732 0.0345919010605723 -0.0135748455654443 -0.0104542523785629
-0.0419900794644449 -0.0588459694368514 -0.163047478784102 0.015406049457478
0.0719177557502542 -0.0801425149056302 -0.338912968726383 -0.259072215056562
0.114868843627852 0.000870073238453725 -0.180865020604479 -0.655266840198868
-0.0417621427476267 -0.205077105689426 -0.246775114955321 -0.332275907431225
-0.138001157532917 -0.16487445579815 -0.179298887832286 -0.123628834445033
-0.211800914076311 0.0286428333809297 -0.0397697511868269 -0.0851129235713125
-0.0938591592489903 0.212457321556609 -0.0383803229562809 -0.0903829310045
0.0722088559346147 0.179234874647752 -0.0798763947038836 -0.154454232639726
0.140143313593895 0.0930451156445823 -0.208617609498617 -0.161675754792486
0.182259059104639 0.00806835383350168 -0.293088103759129 -0.108320895814934
0.187823005338926 -0.00776394409185393 -0.329801565148245 -0.0716650559937224
0.193542315375087 0.0200014246204699 -0.314881945969796 -0.113902477475185
0.152260206183054 0.125533611799103 -0.19825882244723 -0.195783940950653
0.0491441913606289 0.198558972315741 -0.0287845103988412 -0.174546902896403
-0.128852620089375 0.233473355194788 -0.0166350052026198 0.0035106538859808
-0.249958177875261 0.00454870055985026 -0.199163880309944 0.01538362006681
-0.131161903823449 -0.211175185754906 -0.349683608997342 -0.246508655382698
-0.0169370535179037 -0.231576773376109 -0.187108543230287 -0.599114270605187
-0.134942816314205 -0.338092498397905 -0.226492712971555 -0.257673911180934
-0.261501796627435 -0.228708761202165 -0.152218185747445 -0.0978270596812477
-0.324970446983086 0.0701146944598612 -0.0559662077283733 -0.0965093319425568
-0.140481743442924 0.328346329717149 -0.066207277952219 -0.0814765274282706
0.0918242421049706 0.289804410229452 -0.077669952151573 -0.111534180470209
0.210090054076685 0.176098339184764 -0.157629655437126 -0.110542014257576
0.290140922837817 0.0476079579448518 -0.204806606104104 -0.0812687917339695
0.299685602461453 0.0157264594955351 -0.229741015016164 -0.0666925522779026
0.316558020651787 0.058940932624977 -0.21888599842552 -0.0987319471911418
0.249882945973724 0.233079436079375 -0.122064185791983 -0.161564925593254
0.0772320671688631 0.344995165095462 0.00958933070144872 -0.133574097764033
-0.201444210551924 0.4049254134995 -0.0065764445666709 0.0347483590189123
-0.429471962642137 0.0663720392096279 -0.211574412746178 0.0370203155321525
-0.314971697670233 -0.316251151687448 -0.32511193467936 -0.19060184814922
-0.142735634101522 -0.427848263512346 -0.151983994802706 -0.464466403831719
-0.221945191250548 -0.431469749032817 -0.180449131500407 -0.125558971999762
-0.386869704853353 -0.256059818912039 -0.083734506655073 -0.0479147961704879
-0.422340513896599 0.13297255747888 -0.0530564085521586 -0.114722020594522
-0.164308004374571 0.434591549926032 -0.0962815668279701 -0.080225096936835
0.117489707416563 0.374962489215141 -0.0779238265414144 -0.0549607442962247
0.264007187747317 0.238040550743242 -0.091358600214724 -0.0386510074826502
0.361369180239278 0.0789279430631959 -0.0865432056116807 -0.039736708582488
0.365957532597895 0.0361181135686195 -0.0941263309642903 -0.0516579830633956
0.386365551484799 0.0900380930695214 -0.0853877322633792 -0.0702317870977497
0.304770470454063 0.305970504086939 -0.0160991389727786 -0.103091712117121
0.0917249972433013 0.440077184012451 0.0630232549947095 -0.0647194040619597
-0.245928778312361 0.512947672691313 0.0157196287208324 0.0795254294333324
-0.541431622479491 0.116228654638244 -0.194536676219693 0.0714259551729604
-0.440573222370896 -0.374579559222065 -0.261702354196515 -0.104355076759479
-0.236385484583282 -0.552133820488856 -0.0839323395636159 -0.27199308327717
-0.286512261273744 -0.466399132494016 -0.107448884052827 0.0478428032429779
-0.478493400104466 -0.244643112142837 0.0281335059935828 0.0228279543186255
-0.47648326100775 0.197721508798952 -0.0273626934763062 -0.128891876585775
-0.15781180583302 0.499623690941739 -0.1159481737225 -0.0730732261886366
0.13901315297763 0.413835979801566 -0.0695435867353457 0.0179847536206938
0.289487323292408 0.263824445560238 -0.007095002028364 0.0459048803755091
0.383354400612647 0.096936322669659 0.0497913450828586 0.00937747832415789
0.376232471755799 0.0503033652016129 0.0546806891935986 -0.0283803099628754
0.390738335347436 0.10672716582757 0.0611641636291197 -0.0333550789825985
0.302931667180409 0.326747559369426 0.0989112125696295 -0.0308656821653292
0.083569595490063 0.454940530598953 0.119010764014746 0.0190313806734138
-0.248499148666709 0.51857370561019 0.0415860525330536 0.127469142621679
-0.546074362461469 0.132043579036687 -0.153598667757728 0.106521208611696
-0.46994607908774 -0.36686152712005 -0.170590344513158 -0.00940130909444439
-0.282773292790742 -0.575962976823355 0.00114802393929869 -0.0598087784749523
-0.3101815671345 -0.434529877391882 -0.0139174961795189 0.241503416248628
-0.493206123157716 -0.19773036938589 0.164203768123537 0.106500658316709
-0.454541371039417 0.22603813323235 0.0170130463967831 -0.12653470715011
-0.124383619838823 0.479888898934598 -0.116190143869791 -0.0534228411810378
0.134483590905684 0.382645001217607 -0.0471699857747722 0.0938497737034372
0.267730228182169 0.246838989336724 0.084453062657416 0.128673207731436
0.347946112499105 0.0994302030213568 0.18318568622872 0.0593075814290856
0.329066503414194 0.056370107173469 0.194933163603306 -0.00067012903150619
0.332234968825326 0.107413344008534 0.194918803352898 0.00754521519105845
0.243590505452736 0.293277865954853 0.196939530239532 0.0423848287815716
0.0501255097697262 0.3837389387018 0.158878790316446 0.100329924409737
-0.209656784829637 0.412467373405468 0.0581853102008307 0.163082768756356
-0.440106703267549 0.10838033528993 -0.105344981788537 0.12707541835621
-0.394870961083082 -0.303106926181045 -0.0774700459576214 0.0673832097056081
-0.277153418749989 -0.501872482659675 0.0872089118934427 0.131078732831951
-0.277816505112007 -0.332309596012022 0.0779315196274526 0.425502828425569
-0.409937483325408 -0.122729193973521 0.291006576588349 0.193563450883101
-0.341481154831683 0.200523006743102 0.0747872119411699 -0.103391434353125
-0.075714783531196 0.357533727431644 -0.0918964445036601 -0.0308519672889989
0.0995503550545853 0.277760300286557 -0.0198973809475134 0.153702106805215
0.197372146687534 0.188166132712865 0.163401099832909 0.193662871784307
0.256137318891294 0.0861991800044668 0.291171353572159 0.10229817768031
0.233225798934791 0.0548915413005566 0.307757278200026 0.0272522014543959
0.224581006856394 0.0938422545013743 0.294098451634776 0.0466554037386021
0.147849924534929 0.217443014396087 0.256581613457377 0.103394086908385
0.0060479692272927 0.252665023596704 0.169340515053853 0.159231876695335
-0.142318291068939 0.237351773501341 0.0581967106291696 0.17160435672852
-0.265114328308867 0.061408633615207 -0.0626806192202295 0.127633546101884
-0.255486075125298 -0.191919651331993 -0.00406101807086176 0.10899299186111
-0.228857651799704 -0.351836018226303 0.157992055062441 0.270779683743597
-0.198036353856454 -0.173140186277286 0.147864481295278 0.566878897266532
-0.247102366958317 -0.031172433461163 0.384033012851525 0.26829885190849
-0.1650031545571 0.13643544904717 0.137085147892399 -0.0702116235343724
-0.0116214969044284 0.167719567260996 -0.0520149967004027 -0.0201888236783922
0.0415552701515311 0.123426299277077 -0.000788617360446196 0.180604667079789
0.0891303338333739 0.0989963445213332 0.210382929655198 0.229639401636439
0.119097973982836 0.0608328706261749 0.354743836513567 0.12946195752007
0.100435043008492 0.0455838657690815 0.374070133167956 0.0515186841153713
0.0895408093305499 0.0664334745102327 0.346773541861194 0.077693771236981
0.042107672533917 0.115509766345931 0.27255377056341 0.146898190319591
-0.0275006794407166 0.101845755525213 0.151555182876372 0.189222829051429
-0.0596197813831073 0.0590237943139785 0.0454488930580085 0.157976299585782
-0.081168494608148 0.0239229442658738 -0.0258462706202729 0.112033827300225
-0.107412568015568 -0.0595765128685428 0.0449908678528899 0.117456216757855
-0.160258485314833 -0.160817750109158 0.207134478657413 0.34085552087134
0.0433269862843936 -0.0493007670245124 -0.257497360655047 -0.326851665147836
-0.0219774755401226 -0.0762693325969609 -0.181877637413127 -0.117741331872297
-0.0857563664898853 0.00519590936990078 -0.0207083466409182 -0.0839333532024949
-0.0265272402807726 0.0918408720863486 -0.0266760271395639 -0.108923909327567
0.0541950104427831 0.049493994502052 -0.103834578275459 -0.175775546631441
0.0562125235568921 -0.00452671837427257 -0.252284179261322 -0.1692745534331
0.0497132137833644 -0.0373316434289296 -0.343093301441075 -0.0958696608984265
0.0466183984891765 -0.0346469211842615 -0.375208980523992 -0.0447406027562117
0.040242072973361 -0.0230951166011077 -0.358180773370333 -0.0930559824680686
0.0302948396519587 0.00249420655745534 -0.238993903603518 -0.187580985890359
0.0132067317980889 0.0294622016879353 -0.0527023198431999 -0.182665397411021
-0.0421451198269274 0.0382602708619791 -0.00773610268656097 -0.00788776822773464
-0.046493861939812 -0.0563531215466601 -0.156124174831528 0.0261862691125404
0.0660996108580903 -0.08405983005222 -0.346528255013904 -0.236542446588452
0.114454589238478 -0.00628352958052896 -0.206828962583311 -0.630925207776174
-0.0496367643727121 -0.20030048946645 -0.254647977429322 -0.312429255277875
-0.144273414746259 -0.158406315818785 -0.183807357149891 -0.113526760921016
-0.206678265215222 0.0389647919762011 -0.0476792014388751 -0.0824789503222855
-0.0805563161630818 0.214655420818339 -0.0451767084440146 -0.0827429991748548
0.0814640999670968 0.171370184959222 -0.0878893893017255 -0.144518506026829
0.142932389236836 0.0840889089580056 -0.212496980180693 -0.146442834641028
0.180470613144336 -0.00327497873372705 -0.294089056953418 -0.0906802653273122
0.184792357459948 -0.0186273036044457 -0.328029892767668 -0.0535670647309318
0.193039240870699 0.00848629154061192 -0.315969162418691 -0.0964068197870128
0.157932130066327 0.116732942943557 -0.204310879140618 -0.185739175931084
0.0584715949278335 0.194420149528612 -0.0340735215786136 -0.172870511885429
-0.114510340110113 0.237322210448024 -0.0101671119323711 0.00529974627239566
-0.246858567127647 0.0153096973559583 -0.191265535781375 0.0301190159480042
-0.138938480794067 -0.203036943307488 -0.356036433953194 -0.222175248700533
-0.0244684056008481 -0.226829563135442 -0.2099795309955 -0.576609158950661
-0.146114748798971 -0.325264081968104 -0.232975984464239 -0.239496110599017
-0.268011900590773 -0.216468689990152 -0.155963688821106 -0.0904966760511259
-0.313405318953348 0.0842233487056265 -0.0631463090117606 -0.0930096781501083
-0.120531207862259 0.32884058226784 -0.0723211207961545 -0.0727067516510476
0.105890525901656 0.279024614686161 -0.0838723801026803 -0.103718870721348
0.216257344461703 0.162778838117582 -0.159596355263961 -0.0994091279099507
0.287795859847696 0.0309211899314943 -0.206408471565312 -0.0689351306232089
0.294740437738074 -0.000822522173138232 -0.229049296677933 -0.0538432650342155
0.315233673467352 0.0398461914086376 -0.220271840076212 -0.0868043768495883
0.26012963938654 0.217184276900994 -0.128022421477903 -0.156335718153337
0.0932706764543883 0.337124905911033 0.00515944212284833 -0.134412057054876
-0.176309460202119 0.408110796180459 0.00204918129077752 0.0349288129272591
-0.419344764591362 0.0844639047572969 -0.202060462122514 0.0525669428851414
-0.325070032853153 -0.298457940354162 -0.329375990622115 -0.168800066623325
-0.15529911352479 -0.413609991794521 -0.17035439287281 -0.44729589744111
-0.235319664077073 -0.411768991319038 -0.183169466485358 -0.113864548810983
-0.390800963335321 -0.237739345220629 -0.0851291713990386 -0.0460292920470493
-0.404144961308079 0.148290806227405 -0.061424188357887 -0.111069987004344
-0.137140634641976 0.434686336557162 -0.102309967039279 -0.0700655030614839
0.133888782926659 0.362490201955526 -0.0834666311515782 -0.0481009568398125
0.272443425154159 0.220592115226716 -0.0901002826504116 -0.0315205258067718
0.358441714707514 0.0578323147510359 -0.0871333783108108 -0.0344595246578998
0.359725714483409 0.0165362443096084 -0.0943977922220594 -0.0461539809103045
0.383647868214242 0.0658402805843417 -0.0880529853296535 -0.0651312662179064
0.317275498634873 0.283786749728427 -0.021142679884654 -0.10478853490208
0.111785856214818 0.427689464430731 0.060273589858767 -0.0694503877875524
-0.214889115954475 0.51634535426829 0.0265097759690849 0.0761586831595831
-0.525684323425159 0.138120480688787 -0.183754997883371 0.0869438808409404
-0.449724050234776 -0.347796098940772 -0.262563554832138 -0.0855831865429057
-0.252225071684875 -0.528365742479817 -0.0953871445356291 -0.263783405418014
-0.299752298453162 -0.444669314950882 -0.10318235439131 0.0520443673048133
-0.479256578450306 -0.221096249579542 0.0276614739933803 0.0168078809837995
-0.45352849163815 0.213949982021639 -0.0373937880756356 -0.127222453070752
-0.127540044159995 0.496683340661175 -0.122383390517918 -0.0623531443718724
0.158282096003867 0.39927267121213 -0.0721173707631252 0.0219430256263032
0.29713987786138 0.246597951072912 -0.00333834959481837 0.0473154723450847
0.381675549061157 0.0743312096334412 0.0496369736064013 0.00674355440971802
0.369365023692584 0.0302408541251469 0.0532227486420332 -0.0316664750576535
0.387918900172817 0.0817134299366344 0.0581931330498607 -0.0360881249539825
0.315380706486368 0.30449507141102 0.0955075681282243 -0.039505945871029
0.104585412701458 0.441982060562518 0.118712873626542 0.0103606304309281
-0.215976008639848 0.520139468832534 0.0537273269992473 0.120872157081558
-0.528596414463573 0.152995759913888 -0.142893944778906 0.119090898744539
-0.477289191608353 -0.340439866995129 -0.167270874159143 0.00377673922259252
-0.298701074132982 -0.548626364545664 -0.00102250476407034 -0.0610974253573016
-0.32227165736442 -0.409833907807332 -0.00411548738097727 0.236200036067082
-0.492367746667427 -0.171707876264474 0.165807027676812 0.0917381110878679
-0.429469532347083 0.241114254997907 0.00739715908522665 -0.127297115160895
-0.0961591339357589 0.475727078705685 -0.121942799889357 -0.0439140397225725
0.152575904363735 0.368631142672539 -0.0466012791637297 0.095510273582109
0.276481781556695 0.230530094956249 0.0905157578644796 0.124190009445956
0.345882182729605 0.0798913492511545 0.183112608853688 0.0486063113965883
0.323906509517879 0.0397794285390949 0.192838573951397 -0.0115473945537458
0.329233344056451 0.0875078586803247 0.192251266975345 -0.00299712978924313
0.255492102687359 0.275947556623831 0.196371905679552 0.026947127958279
0.0683768498408951 0.373635170457669 0.161563664851691 0.0879008145056736
-0.182965352604811 0.413136533510227 0.0704165138936946 0.152792970390877
-0.424646359923632 0.123884625324222 -0.094542541318635 0.135705202041222
-0.399476880381895 -0.278982095520237 -0.0718465802317124 0.0745512115196147
-0.290235143731919 -0.476002439341995 0.0922889168337578 0.12110622336721
-0.2884854922867 -0.311347105690179 0.0937196641324202 0.411780868380244
-0.406377905945216 -0.102101993612831 0.295228188919742 0.170777470480772
-0.320864096398914 0.211832076978217 0.065562667966877 -0.107458742682846
-0.054296974981044 0.351967101241933 -0.0973631459386767 -0.0239936061549329
0.111166766203348 0.267730156446302 -0.0172371701214954 0.153310261786222
0.203743805143568 0.176381046136008 0.171417916084681 0.184448346648239
0.254771684149305 0.0723189160280624 0.291687726118776 0.0859479549352132
0.229441019713208 0.0440692071007633 0.305177946536686 0.00986979078465151
0.222721142807262 0.0801628388165603 0.29183536614056 0.0301249550815438
0.156657433862401 0.20602772453851 0.257632017172534 0.0857220016734214
0.0185085191335701 0.247136295693788 0.174745668365279 0.144382827621414
-0.126173454435805 0.236921792511582 0.0696501681495982 0.162014294259625
-0.253712477989458 0.070961755782456 -0.0521937185350058 0.132245719784867
-0.256730196175497 -0.176885856804164 0.0023497435724348 0.11175036830953
-0.238766525201208 -0.331358761677552 0.167587600247799 0.25392059500195
-0.202343581404939 -0.158644313156481 0.168955354874159 0.547064535584877
-0.242415169126025 -0.0178116579210373 0.391915762430412 0.241261763079148
-0.151807432434557 0.141309094968253 0.129210078921022 -0.0777186594326611
-0.00202606867564302 0.163176123307071 -0.0568573112425569 -0.0164256878265623
0.0466088325460677 0.119681107888412 0.00427801701126374 0.179911193035342
0.0922305919299734 0.0928201787997166 0.219325313859008 0.217619761516525
0.119168813151715 0.0548049967029444 0.355428302835399 0.10929751850242
0.0991755584595417 0.0417718755341687 0.371435864382918 0.0301342947391764
0.0884461653848973 0.0614954205231239 0.344830939975437 0.0578801150650977
0.0463970275609064 0.111343790371688 0.275008101299068 0.127385425778914
-0.0227170186724605 0.100362352321082 0.15903870856345 0.175532893224713
-0.0547540257556634 0.057312375661523 0.0552093446908195 0.148388978702225
-0.0741060408009035 0.025864585135033 -0.0175728835566881 0.112637740798049
-0.105649775465941 -0.0530836180110543 0.0505810969774064 0.117110541787216
-0.164297038480227 -0.147031038634031 0.218948436000026 0.32066132330113
0.0402051318677335 -0.0502475525521873 -0.252153499609331 -0.304739043028124
-0.0258107580619621 -0.0750484677251731 -0.179318549243281 -0.107939435030399
-0.0839034556525244 0.00935714295817073 -0.0269914227942956 -0.0799699745473762
-0.0217661009737541 0.092382688788151 -0.0322561195211227 -0.100124867759093
0.0552403036508514 0.0454189572405814 -0.105616923281798 -0.161195141537274
0.0546287881133656 -0.00651952148021433 -0.24828279821157 -0.152634188440659
0.0473614588631044 -0.0392027555320638 -0.333962115648102 -0.0806707900429557
0.0447178253572788 -0.0369469608636214 -0.36238618025263 -0.0308027513065878
0.0403373993774554 -0.0241418151091559 -0.347075832776082 -0.0791684879823504
0.0306237770519313 0.00268431411583057 -0.235224248709935 -0.176049107789263
0.0146585521105234 0.0297080940019876 -0.0541162708773782 -0.17739103838821
-0.0387620490444166 0.0400492869869053 -0.00231293068781767 -0.00628003833583168
-0.0492674179870426 -0.0526983386298745 -0.145231535763236 0.0315796422510594
0.060038904102607 -0.0845951284802872 -0.339927431010404 -0.215026092490208
0.110322215334327 -0.0112748871826571 -0.216165111590163 -0.597979637895662
-0.0518032892800096 -0.19197832153141 -0.25136258889891 -0.290286239054299
-0.144969099800964 -0.151529128202254 -0.180659159178741 -0.104861768441163
-0.196691901172876 0.0439952227055271 -0.0529668347797555 -0.078596527299023
-0.0694850621074882 0.210637393217234 -0.0488377440820044 -0.074846586743644
0.0850023798378404 0.162110242508554 -0.0898403938930887 -0.133561327711414
0.141292978394785 0.076579725291027 -0.209333149979793 -0.132345015796472
0.173929526855884 -0.0100212761515715 -0.286650230988719 -0.0768380814780737
0.177812414649361 -0.0257408041760277 -0.317022902388813 -0.0413023577043434
0.187819916509817 0.000676020880429933 -0.30626125904259 -0.0841622617692263
0.157424612047948 0.10857244853582 -0.202330845626206 -0.176147585252121
0.0624362097117222 0.186975747680924 -0.0356578739486101 -0.168936982986179
-0.10244305381099 0.23307758294821 -0.00338240984070682 0.00595895374217059
-0.23951189556625 0.0214013149205592 -0.179051525300995 0.0386279460954475
-0.139337830475397 -0.193787982521673 -0.349633262803171 -0.199922521472143
-0.026007881496449 -0.218595461386843 -0.215792394153671 -0.546502076493217
-0.146007334003809 -0.309434346543317 -0.228048885594994 -0.222521999877265
-0.264367465267453 -0.203598707012828 -0.153853611611053 -0.0846142916746903
-0.296892324258382 0.089490765457147 -0.0684642334601355 -0.0889355074433706
-0.104304532604414 0.320179824506331 -0.0749213161798687 -0.0630313483804274
0.111180404547347 0.265247983361765 -0.086508940583616 -0.0941252300357074
0.214295139036723 0.151269707895085 -0.155758406987834 -0.0889909282752972
0.277712970472389 0.0197122368985537 -0.20134285451678 -0.0598436347276299
0.283419130089418 -0.0109349249423308 -0.221679223239046 -0.0449542791328311
0.304371590190291 0.0271837320576173 -0.213772606109782 -0.0771203471020784
0.259461013004721 0.200985316774533 -0.128458759390215 -0.150688692228859
0.100430137822117 0.322681616079775 0.00299907062341742 -0.132331227014692
-0.156696310266873 0.399077604118182 0.0095871999149297 0.0328510368961606
-0.401656502439652 0.0913078729566845 -0.189236871643588 0.0631674718713747
-0.319965426553777 -0.281064095821688 -0.321654520873204 -0.150073645644124
-0.155395311012023 -0.392904643642559 -0.174012096641796 -0.424555510184533
-0.233467458184697 -0.388790957642793 -0.178390167817404 -0.103974145351623
-0.381957591853817 -0.221795919490569 -0.0853154595673053 -0.0451656114070392
-0.380721866047764 0.153505650679611 -0.0671913637851455 -0.106956221137304
-0.117324767828899 0.420568972542963 -0.10330174795423 -0.0595710467765375
0.140098938260434 0.344212097606481 -0.0855528981080933 -0.0411577149154304
0.269151988282427 0.205307976477388 -0.0869878356685371 -0.026258270887754
0.346496442344032 0.0445673815731022 -0.084986866854654 -0.0310971583485841
0.346230573281435 0.00387224007256648 -0.0921701971391023 -0.0424110143416249
0.37030433042558 0.0493743283051136 -0.0858945891733983 -0.0606807158948666
0.315975344677379 0.264058128349024 -0.0239704142799027 -0.104437427748529
0.120961399498708 0.410349895985352 0.057037537070851 -0.0715499790582274
-0.190471875486884 0.502181784094875 0.0338354183926854 0.070656010418512
-0.501285737582783 0.144557591624959 -0.170001749944667 0.0958413973749281
-0.440607411313342 -0.325194431868576 -0.255225632403159 -0.0718259251577681
-0.250125247869439 -0.500611809886785 -0.0984486138864067 -0.251159712249816
-0.296212668613922 -0.416583691225725 -0.099120567777499 0.0521825374716766
-0.466547962993284 -0.201709084316046 0.0253442528005289 0.0104069201318031
-0.424372241256962 0.215735959200287 -0.0441380419801368 -0.123410052701282
-0.105908175946867 0.478809940353898 -0.123061770026485 -0.0518891954104348
0.163649792842092 0.379125128656459 -0.0738098503202184 0.0255776623272675
0.295094200278127 0.229232651628597 -0.00110406293198759 0.0473301467691692
0.368451366858743 0.0608280619570517 0.0481585081015789 0.00427162451417583
0.354928411235204 0.0190032210268563 0.0515348357862103 -0.033538133625241
0.373515424506706 0.0673945342470815 0.055926590516544 -0.0378741536082074
0.314938886153566 0.283127325536168 0.0907273935956729 -0.0456444737882751
0.113764774642181 0.422520889643387 0.115358168321194 0.00392428974454124
-0.190144457422484 0.505769134021052 0.0602396324485576 0.111383137659736
-0.502824066443829 0.160261128600483 -0.129270268664466 0.124566066278656
-0.464837436249801 -0.317205827204759 -0.160913466828867 0.0128907195004956
-0.295605878346072 -0.517615822384023 -0.00231846081995219 -0.0607176315388558
-0.318159765772183 -0.383141669160157 -0.000181655926085652 0.226016720182221
-0.476171055471653 -0.155118886676906 0.160705343548444 0.0778603166553961
-0.401158360665337 0.241382981383102 -0.00118040389598594 -0.125223453099306
-0.0782036088229026 0.457255902577038 -0.123274481516362 -0.0354053226330681
0.156792675893219 0.350730618735956 -0.0479176014808589 0.0957229380785572
0.274196217144383 0.214756568454871 0.0915120159089778 0.118965743407882
0.334248855193571 0.0666396876508298 0.178891935131962 0.0403351963010615
0.311666454904943 0.030110575398095 0.186559177806934 -0.0191000255497514
0.316325907332801 0.0738173508759675 0.185320337993328 -0.0102893220071655
0.254845693669419 0.257484587773229 0.189133852126343 0.0164394771538031
0.0765342493485889 0.358000615756514 0.159002008569119 0.0764385195164424
-0.162376928718215 0.400789928480862 0.076564647487894 0.140582533248266
-0.40223774342226 0.129190134522134 -0.0833521286735974 0.138111514596414
-0.38899415732474 -0.260789182709402 -0.0665575176763676 0.0779143877079636
-0.285930199278895 -0.446637786624741 0.0917780097008276 0.110555838266078
-0.283169338822756 -0.288459352662848 0.0984241431982579 0.390330590263936
-0.392167975110574 -0.0872803409442443 0.287482425204809 0.149971894254441
-0.298898641220887 0.210151161299161 0.0572897479763497 -0.108239737200018
-0.0401311434320032 0.337622695993542 -0.0994990115561509 -0.0178593470038932
0.114605591984212 0.254312557317833 -0.0167057348930594 0.150545388663226
0.201950226615023 0.164090614469561 0.171412509905849 0.175182112680227
0.246808446267954 0.0629627285700669 0.284893681165927 0.0724262110611538
0.220499407068642 0.0373313263893884 0.29500630353701 -0.00136514838420584
0.213712606333152 0.0712877374278634 0.281272468988198 0.0187689481135706
0.156720959976196 0.192571532973956 0.249906901779417 0.0717278822425882
0.0248714176841059 0.23626987901723 0.172493072216159 0.131018944694743
-0.113612098236669 0.228445721413546 0.075040641369851 0.149322788473132
-0.237843309196605 0.0728316777356523 -0.0432790983043344 0.131436626851262
-0.248581778452731 -0.163792596880407 0.00663634954033874 0.11172980830045
-0.234728449834514 -0.309476274382924 0.167440368317637 0.235583070083903
-0.198629777993366 -0.144718455560222 0.172327027554058 0.5189643245765
-0.232411898470115 -0.00968529314275771 0.383132484961709 0.214656809052993
-0.138585526873595 0.13879079619291 0.119838360864523 -0.0813148014940017
0.00411843934662862 0.154637867581965 -0.059873494962905 -0.013248116023842
0.0474499560203532 0.114011696858396 0.00526710801741578 0.17540453979754
0.0915724420298845 0.0869614627179294 0.21848785059292 0.205701064656841
0.115375974437241 0.0499685649911594 0.347620395196217 0.0936939479448892
0.0957112923415081 0.0398401117634412 0.359311626110671 0.015967308779089
0.0841227086392155 0.0578913956348153 0.333093183999978 0.0432787449576994
0.0465859913663714 0.104971683811362 0.268538635576627 0.111734849911205
-0.0197397554007602 0.0959281064740403 0.15844721851075 0.160815234824678
-0.0509353545697779 0.0533447111168654 0.0596481013058814 0.136488011805106
-0.0665025311573086 0.0257914277455139 -0.0110830470441394 0.110325364396251
-0.100356641805884 -0.0476891131475664 0.0529506963170868 0.115318316313207
-0.16045346687464 -0.132965772297403 0.218673852827298 0.298772784290522
0.0412408931469827 -0.0430358934361025 -0.222800975381888 -0.309086918876297
-0.0222475083015775 -0.0745483109099824 -0.169510730158895 -0.112327488646143
-0.0843916224677571 0.00570367524311887 -0.0256962071009194 -0.0741782389560597
-0.0257878121114926 0.0903152372457557 -0.0267486883220626 -0.0907472551224706
0.0508397268426503 0.0490223042517731 -0.0913005485444398 -0.154889637043745
0.0534638439495136 -0.00200815626341878 -0.229403580278715 -0.153617611682455
0.0453713036697497 -0.0381325992748667 -0.318601687435122 -0.0896295393850671
0.0459131925663934 -0.0365478685640049 -0.346846599819655 -0.0410136555857095
0.0399281784483133 -0.0238565424236641 -0.33219853502097 -0.0877864228240117
0.029361673418685 0.00391954607470075 -0.221291990231166 -0.179242449647793
0.0133892814375392 0.0308109901799203 -0.0428771857365225 -0.174643842285179
-0.0391056635060516 0.0393540240008693 0.0014685356739028 -0.00585730459360576
-0.0501747127491588 -0.0528550691605807 -0.135945865143332 0.0221912222946336
0.0560329517984569 -0.0859732682574198 -0.31282037519181 -0.219122066369544
0.102527599466424 -0.0140388049483564 -0.164629052984067 -0.577307182636103
-0.0365049261803898 -0.188008691269304 -0.229943591844799 -0.292779785027996
-0.131851821467655 -0.157038768696884 -0.174144092885113 -0.106799337134808
-0.194076868284637 0.0305723879970544 -0.0492814026325313 -0.0699564040875928
-0.0771295618220889 0.199656792128429 -0.0410988254801281 -0.0615823960292112
0.0728925460737829 0.162159526197331 -0.0727298159718741 -0.12584243077132
0.133055408596697 0.0829619524543764 -0.188693137927924 -0.134443904416273
0.166597554170189 -0.00262026655182104 -0.270338817076308 -0.0873185067617957
0.175700477497082 -0.0180137719434244 -0.300648037325734 -0.0495374314903496
0.182206962912127 0.00650297166882539 -0.292275993891147 -0.0892364539537362
0.150276243792767 0.111808517788748 -0.190093880854101 -0.175295274255116
0.054098428315476 0.186639162086735 -0.0306932226552227 -0.16172512630123
-0.107393267924881 0.221127796293072 -0.0086611569241677 0.0110509658466096
-0.238083487131557 0.00914150861986469 -0.174369025687347 0.0250429986666953
-0.131994057409357 -0.200032834019334 -0.320523854566032 -0.213355548139496
-0.0213282422854034 -0.217297162647283 -0.165651002136125 -0.533503408122763
-0.11814002066106 -0.309151661539189 -0.218625142823671 -0.225091708328304
-0.242049480787959 -0.215904666594758 -0.150030014917971 -0.0826129130182285
-0.29363637090783 0.0659873361020973 -0.0621188636811634 -0.0764896573279946
-0.11603690358367 0.300544816454414 -0.0635262010654289 -0.0475974562841435
0.091575646893399 0.262228323332881 -0.0676981103947881 -0.0871205581874654
0.199745691060534 0.158643380526725 -0.137544604666741 -0.0922682821832043
0.266937435746352 0.0323952687726458 -0.185269413903046 -0.0703935454045671
0.278692447574285 0.00303236940499434 -0.207225158091624 -0.05086524677826
0.294727910154819 0.0375899360754503 -0.202494906365207 -0.0785682182540539
0.247020300463081 0.206591720236911 -0.120560253669796 -0.14661786245179
0.0857063686033967 0.322523750663287 0.00106782962738251 -0.122626080963773
-0.165053957813626 0.377778596554501 -0.0046588953896716 0.0406695801939506
-0.399434020935327 0.0703584285877687 -0.188568664630789 0.0458956243626147
-0.301206284167069 -0.290797744568274 -0.296508065867681 -0.16690044915881
-0.138204651203682 -0.388330465167099 -0.128425711817371 -0.421020462763929
-0.196414030034761 -0.395031645175332 -0.183927676116739 -0.106659040797337
-0.354815011561345 -0.241273878490935 -0.0874355403440253 -0.0389569196545276
-0.378748643517569 0.120801496145565 -0.057675555498445 -0.0907178445380545
-0.134637894374208 0.394918715205903 -0.0891495263706796 -0.0428151230301867
0.115295245997885 0.339792333772563 -0.0665334846172026 -0.0354888070116847
0.250890265348384 0.213538236287828 -0.0722761987845825 -0.0299603593957944
0.332399410814301 0.0609650004504798 -0.0726231892740952 -0.0391248742046741
0.339456261666017 0.0214980920315416 -0.0818202892401981 -0.0451801877948659
0.359033529117865 0.0630282858285768 -0.0789023104430946 -0.0576829754769286
0.302200087930156 0.269888306569896 -0.0220951840583554 -0.0979079563499453
0.102719949871575 0.408279273674069 0.0475457149674952 -0.0604130944109302
-0.200096671943562 0.475872602199099 0.0122598623548231 0.0788031570453237
-0.49744610879873 0.116351368660413 -0.175482449376433 0.0764492530492849
-0.413633836433283 -0.338061178590717 -0.233544789956704 -0.0918962187066314
-0.223789220267887 -0.491239007399906 -0.0641537743740884 -0.255594676652005
-0.254575381543549 -0.427111016286893 -0.120290941719049 0.0496928857347665
-0.437582970214359 -0.229376853457653 0.0166101486346184 0.0215050205226249
-0.425519815549639 0.178899837298844 -0.0324626806540233 -0.103726994191496
-0.127588741408194 0.450562506034761 -0.107095250518846 -0.035485078778535
0.135021000519373 0.374277051193193 -0.0577854799899323 0.029225457626795
0.274261343573957 0.23722228766438 0.00768130513821819 0.0436454398987113
0.352652181471483 0.0783964377311692 0.0549050358647727 -0.000504128126488256
0.347430584685891 0.0387047033717569 0.0558337210861202 -0.0322362694584079
0.360703912685908 0.0797634447648495 0.0567857366714521 -0.0308900082514212
0.298637324522294 0.28879303265611 0.08641528938312 -0.0371091147869679
0.0956705588440221 0.42113942027548 0.0995645797779513 0.0137251157847574
-0.200788070509269 0.478807348973735 0.0358059513286588 0.118462502669022
-0.496065512264876 0.131460365838962 -0.137930278067301 0.106263919099874
-0.437488015072111 -0.329332604147689 -0.14717135242213 -0.00646857876641046
-0.265187093312657 -0.507051531559299 0.0146750495508512 -0.0709357957467983
-0.278219962292988 -0.398899139143328 -0.0360532775810839 0.224009351963063
-0.450620853112897 -0.184246654902157 0.14431995711627 0.093229312080604
-0.404329764187044 0.205191663769804 0.0108780944099883 -0.104743414045609
-0.0985567624176118 0.429833363874786 -0.107957172379495 -0.0216057492688428
0.131791500651247 0.345208391893188 -0.0382405175026681 0.0963827150719268
0.256165919627306 0.221973855205848 0.0923349327597189 0.115771668788338
0.320347758544129 0.083598288861822 0.178996535082288 0.0399254251425009
0.303933042071827 0.0488256472882592 0.185039233624238 -0.014181905646224
0.305395276901034 0.0860489141513303 0.180287841113071 -0.000450825330169277
0.242233335749959 0.26107030027742 0.179608676139927 0.0239153195823224
0.0616436245888597 0.354099761797252 0.139768205298113 0.0832369880290222
-0.169856537400347 0.377242020470115 0.0532799055263647 0.143936952293913
-0.395906264705926 0.105081106388716 -0.0928197320977356 0.123110358209611
-0.364168570953563 -0.268208545927863 -0.0611385708189314 0.0632738909340523
-0.256512128505714 -0.43697458319184 0.0907802418344138 0.09821419633971
-0.251355364513971 -0.304602383585106 0.0529409391773069 0.3879847231961
-0.374824289252534 -0.115185813882278 0.265802612594671 0.166137241785244
-0.301769265316382 0.181833684248155 0.0649699742679205 -0.0899752465364743
-0.0558217939707567 0.318536230686917 -0.0888487836102257 -0.00919433923242903
0.0963212045652068 0.250441555384111 -0.0151287211015929 0.148721308815544
0.187779715124808 0.16836426356851 0.163970859910089 0.174004178806502
0.236541761817932 0.0758607564613759 0.278184529265058 0.0763132773881868
0.213927519184821 0.0513324356440896 0.286920246566328 0.00621712546733162
0.20502108599724 0.080338120920946 0.271832513608275 0.0288334939646282
0.147638529798381 0.193822963622662 0.236492792705782 0.0772490396394786
0.0154700408986609 0.232089295195111 0.154164003956857 0.132568691895226
-0.115585487486369 0.214277244779985 0.0570581125597208 0.14675439558387
-0.231737818400168 0.0590741729549386 -0.0507105470868948 0.121236285049237
-0.231230645265647 -0.168079659760754 0.00525155144655049 0.103998217320984
-0.210977489794743 -0.300988068417947 0.151169482877595 0.223189203090451
-0.179183654678904 -0.159421674153104 0.122948471449891 0.513332559620375
-0.224275124847514 -0.0289863195526356 0.355037368219758 0.228175022536349
-0.143011969802457 0.122882896546943 0.122194323007843 -0.0677078205692199
-0.00436515813763979 0.1459323116398 -0.0560639206761592 -0.0112208135041266
0.0400166034484117 0.110914320522351 -0.00171394240587869 0.171718990507494
0.0846833526831499 0.0870670051873881 0.203629532499183 0.207088930477693
0.111323225500738 0.0569982698246563 0.335207982598992 0.102437794239002
0.0915128021156497 0.0470314609629671 0.346798764592882 0.0251334101677905
0.0797344437321731 0.0624969805780394 0.320289165287365 0.0525455111275005
0.0422089195511049 0.104221546520072 0.253782534068939 0.11498958461066
-0.02275313332395 0.0926306464570725 0.143109687745265 0.156870251134942
-0.0491959184576359 0.0478730732498417 0.0499931015132826 0.129701344121281
-0.0620909185888163 0.0217500061964464 -0.0151534697717098 0.104485526635573
-0.0923556451593458 -0.0480614465246877 0.0474142320105572 0.11361019089391
-0.145734019102736 -0.128343094570655 0.19110380498101 0.289036500185362
0.0424772215195958 -0.0434943879573726 -0.21018532244382 -0.307267383190334
-0.0234076165332867 -0.0761934805842891 -0.165800851120978 -0.114288636548467
-0.0849123261672322 0.00620048965930977 -0.0287074225431272 -0.073885709800601
-0.025882966643736 0.0915665280189729 -0.028095115064568 -0.0856672379486394
0.0506899833708389 0.0484761814238706 -0.0878690107187122 -0.149648880385195
0.0534970204135544 -0.00149137903215024 -0.224009485829187 -0.152069283819788
0.0457098798727752 -0.0383763880427404 -0.315240858676122 -0.0913167138880334
0.0462488873423346 -0.0378564792743148 -0.341985297042088 -0.0446757985837763
0.0418473029559242 -0.0246722247322668 -0.326554193404696 -0.0923905995741064
0.0310334803129334 0.00528596038457235 -0.216470917452549 -0.183500803461061
0.01364039020147 0.0319982537013303 -0.0373633988551132 -0.176955609799255
-0.0395471087478976 0.0407324952706211 0.00707014312490498 -0.00562933853116009
-0.0512294896217109 -0.0521471506346572 -0.130992336977812 0.0214011129488243
0.0558636238757332 -0.0858664321864523 -0.304546695198861 -0.21958419237744
0.101777412577267 -0.0142241078959788 -0.149957995209289 -0.571445828979669
-0.0304994025231589 -0.186608471143236 -0.217702182384478 -0.292247426590233
-0.129568742424468 -0.160021117994542 -0.170786597302207 -0.10924264880283
-0.191780466852497 0.0276664720592198 -0.0527376247027207 -0.0703936094905757
-0.077468549859557 0.197416511489244 -0.0427108860055447 -0.0568918140409377
0.0707000011202857 0.161099014334809 -0.070647210483466 -0.121190489347035
0.131458368019196 0.0843598215368381 -0.18380480830597 -0.133111581639059
0.165388644773406 -0.0015024971468809 -0.266586478056447 -0.0893404060248609
0.174140272784173 -0.0171104113437535 -0.296491156668251 -0.0528542779126451
0.181086651578285 0.00752117224723071 -0.28728929013489 -0.0928889512357342
0.149198595301925 0.113392435446184 -0.185592845406693 -0.179316532744281
0.0517537991614316 0.187094497468482 -0.0256726579609568 -0.163650549209871
-0.108725321751934 0.219011625800971 -0.00246785380656322 0.0104439692122549
-0.237519866522999 0.00508247998630555 -0.168361615204654 0.0255930102973831
-0.126613187182175 -0.203043258164312 -0.313024475599582 -0.212641628761557
-0.013942031224756 -0.216502181815235 -0.151648754295641 -0.528213462223179
-0.107065514915273 -0.307632509425769 -0.209930718937265 -0.225675942700405
-0.237276444832024 -0.220224807024127 -0.14913853640646 -0.0862539907486477
-0.288524068915646 0.0588850076066188 -0.065648865562356 -0.0775486061296348
-0.117107828591615 0.295082509493282 -0.064459089141993 -0.0436672908574915
0.0874091981504834 0.260577946248655 -0.0675689681559553 -0.0827792540031276
0.197085593504045 0.159958568352516 -0.133307415775118 -0.09041480533576
0.263034930514924 0.0353223254361903 -0.182136899271745 -0.0711557664474331
0.275952082652463 0.00561517863897718 -0.203664863830717 -0.0543006430015923
0.291274076858971 0.0394361497224162 -0.198188108322588 -0.0812413358865049
0.243368014433919 0.207811032368469 -0.118058425963753 -0.150452562552134
0.0792517765508009 0.320986369670875 0.00501515445954657 -0.124347529200812
-0.167574462143065 0.371065298568894 0.00129165963071045 0.0387973585930939
-0.396073766694474 0.0612800940856377 -0.182509202052246 0.0470350896748865
-0.291501636538646 -0.296576945241752 -0.289489843149834 -0.166920014858369
-0.123217571386858 -0.386215803070012 -0.11709652959917 -0.417893619389269
-0.181576698209918 -0.390666664200861 -0.179090016118954 -0.108092237823856
-0.345252305609541 -0.247786583396494 -0.0886319655786378 -0.0432598516564037
-0.372941548210295 0.110380506187047 -0.0611087720539795 -0.0924125918533924
-0.136020411060771 0.385887566160721 -0.0901778082586169 -0.0387034835531066
0.109699443893804 0.337455372408551 -0.0686328284892308 -0.03161739848075
0.246423873370697 0.215821244377523 -0.0694996078559628 -0.0285389472161898
0.326924408821927 0.064408631174092 -0.0704997812597255 -0.0399103330181706
0.334369421404209 0.0271543536891257 -0.0791081157510875 -0.0474764715261495
0.351953086506071 0.0668382503378052 -0.0761981889835797 -0.059772733035704
0.29412663945488 0.270179012836817 -0.0215703092775903 -0.100981103424578
0.0946345743188478 0.405629158707584 0.0500475440647748 -0.0621267321377121
-0.204000939016696 0.466409303465535 0.0168752471677198 0.0761672032476325
-0.493332239060903 0.104695561566026 -0.169431702883733 0.0783350811070804
-0.400943475386259 -0.344860887138193 -0.228774052223186 -0.0909996406825937
-0.20459560315414 -0.489984434932245 -0.0576230357503302 -0.254627474658586
-0.238783169090325 -0.424726200187528 -0.121679047927124 0.0465691524161761
-0.427825275352838 -0.23634175585439 0.0122397184278408 0.0181711184838788
-0.419298194007735 0.164888919419654 -0.0361238796121351 -0.105331321635121
-0.13057400579613 0.44181480812183 -0.108711786570926 -0.0322523657304732
0.128077575906419 0.372151993618734 -0.0623157737446946 0.0329069052325213
0.269322781954732 0.239909740080495 0.00826716826993173 0.0453825329096679
0.347373131881874 0.0829085309234223 0.0558169307551768 -0.00078925390800545
0.343374137889661 0.0445339512005675 0.0557779220516827 -0.0334913451065445
0.353042841834902 0.0841440719426664 0.0573909423367306 -0.031441588902469
0.291689812608226 0.288995529908644 0.0844004562127917 -0.0399249208308716
0.0879792300732562 0.41815506029742 0.0996115208100376 0.011941861652529
-0.204032359036434 0.467844111932356 0.0387416679796125 0.113805203063871
-0.492771027025844 0.118537530228005 -0.132888922270208 0.108127061859743
-0.423060205475147 -0.336749815272772 -0.1446737133786 -0.00494355254392168
-0.244173066586533 -0.505946531320481 0.0149608626159551 -0.0714927014343495
-0.262729004261017 -0.394963601029994 -0.0427791101523702 0.219233381691924
-0.441557820883203 -0.191242757783326 0.137536590480866 0.0900812362526394
-0.398818239428814 0.192247284675658 0.0071151090241431 -0.105645130892908
-0.101400951336965 0.421587828317767 -0.11072849425297 -0.0198353105901867
0.123660706471905 0.344280339934511 -0.0446258460379032 0.0996592348638781
0.249802226814421 0.223139279895641 0.0910686908891288 0.118793560028178
0.315911431951734 0.0884471657211728 0.177904442637093 0.0411450473579423
0.299300557517508 0.0535838061198563 0.183586457240959 -0.0139169965646325
0.298735575809329 0.0900000285061701 0.178742421373004 5.61343161237015E-05
0.235612262708573 0.260722730968783 0.17510399763033 0.0226867484084211
0.0548205795765353 0.350295637375947 0.138149369989609 0.0812189488839472
-0.171936348594397 0.367993165581332 0.054297213454441 0.139046504554155
-0.389889079926624 0.0946946945125871 -0.0885621224072036 0.124843831881325
-0.352000008227853 -0.274962139742885 -0.0598817296056003 0.0662701655370884
-0.238998912921234 -0.434302744645497 0.086733953157179 0.0958498611571685
-0.240358846393946 -0.30292029000809 0.0391348416712446 0.381788430304875
-0.366075438658647 -0.120053294544242 0.256337440951613 0.163436215354917
-0.298377567818749 0.172284545583573 0.0617095880593314 -0.0910050813391479
-0.0590222024053521 0.31112917970142 -0.0923120346971624 -0.00866240474165494
0.0914492470169711 0.249246627749115 -0.0228269764216897 0.151309342900005
0.183374581312999 0.169349826670061 0.160950852272774 0.176962420841238
0.232404495936644 0.0792682876335699 0.275307475073285 0.078182174021528
0.210836221298148 0.055827091978359 0.284444025344435 0.00803182931822033
0.199371449978885 0.0839875747316365 0.26862682779391 0.0301693134385446
0.141313279315509 0.194066923776684 0.231770997410323 0.0764555050952823
0.0108014127673259 0.228285871165254 0.151046174020479 0.130032786644764
-0.11699533788637 0.206090927556145 0.0571908645016351 0.141553407967966
-0.22640724615881 0.051711918851742 -0.0481177837253539 0.122140981874655
-0.222326710924934 -0.170734088501973 0.00540374877983965 0.106849555008779
-0.197460063408337 -0.297319538205509 0.144003116206459 0.219669676158864
-0.173450405759996 -0.158235690922114 0.106887329936764 0.50865452385083
-0.220350613475344 -0.031520239553344 0.344918109577801 0.228080492292734
-0.141183537588407 0.117992281016993 0.118425860132574 -0.0681133093979041
-0.00597878691531572 0.141796653612456 -0.0596334789747011 -0.0111098041918425
0.0375585183390291 0.110918660319183 -0.00823256833261172 0.173695777726317
0.0825283699579057 0.0876154918312225 0.198871112431129 0.210163806449456
0.108655116256579 0.0587589858870798 0.330931059580408 0.104341673032959
0.0900034765854326 0.0500927469227995 0.342392601436718 0.0275878408221254
0.0754114447403975 0.0654550725711275 0.315189486304547 0.0548163954368612
0.0383193079184948 0.103456366675899 0.248524727888443 0.114454360213661
-0.0251532450646848 0.0891373273596139 0.139335109542562 0.153854072890013
-0.0496678503495657 0.0431637995905535 0.0496905388917209 0.12446792471337
-0.0575670608589894 0.0181425372372197 -0.0135016485677742 0.104547462380414
-0.088031497138065 -0.0488930967335115 0.0467728844051537 0.116406340781305
-0.13904362385781 -0.125958009119428 0.18268064411712 0.285697340775759
0.0434580766047548 -0.0452452185310572 -0.203479093954293 -0.314084821674375
-0.0261305990983514 -0.0799230286515933 -0.167348227128974 -0.118962514282341
-0.0877275249865101 0.00696307465508081 -0.0323759286894727 -0.0748178132103978
-0.0259774111836583 0.095535061335439 -0.0300573475441095 -0.0824948619778869
0.0519995048707808 0.0497072487103383 -0.086504254803625 -0.148052188700022
0.0553438838512404 -0.0011336807287655 -0.225083636576603 -0.153396197213114
0.0469314380018518 -0.0394902760914358 -0.319554450076664 -0.0930100295566484
0.0472999603516399 -0.0399762066672864 -0.347248179119272 -0.0476644113187188
0.0444756200523925 -0.0269791404692204 -0.331365656083596 -0.0973642699814826
0.0336648813487247 0.00565571546093159 -0.218938132142537 -0.192215134129948
0.0149375386076347 0.0342348480807185 -0.0332476611875054 -0.183997848222237
-0.0404374233055798 0.043422491098454 0.0132462907651907 -0.00642184271998415
-0.0541315738356772 -0.0528669946310852 -0.129739448867702 0.0214957817931434
0.0561913009891519 -0.0891029578846718 -0.305923064623709 -0.223733101252342
0.103263024036517 -0.01491863122586 -0.141731516464639 -0.579025328613741
-0.0260070382007142 -0.190954495031223 -0.212574951453906 -0.299126644662537
-0.131129226018213 -0.166832763509974 -0.172739231889237 -0.113848228196974
-0.195069738288144 0.0256233324561801 -0.0576007628215689 -0.0723465309412935
-0.0785090319051952 0.201449713416244 -0.0444258790084138 -0.0536042201343032
0.0714190234382034 0.163892444104977 -0.0701137605243209 -0.118369026201129
0.133845287708978 0.086826712876516 -0.184841449185289 -0.133895967804161
0.168249043216934 -0.00077242239749393 -0.270217372801676 -0.091973423378442
0.176865416207853 -0.0174755458241489 -0.299963018808639 -0.0569107841329434
0.184838273224578 0.00714160050895761 -0.289736658487101 -0.0986246246219383
0.152369265637604 0.116912251472427 -0.187620917257275 -0.187617337028448
0.0510278100046724 0.192374475461115 -0.0209422683417153 -0.169939996272593
-0.112107482698948 0.223148886842756 0.00325017077619018 0.00980786327307066
-0.243136832337825 0.00237693432498729 -0.16663220919532 0.0268658020946844
-0.126280014597945 -0.211057286704902 -0.315415577440856 -0.21601716073837
-0.00826556319845591 -0.222165185992246 -0.143722076726745 -0.536731218996626
-0.100297954159416 -0.312917121512185 -0.207312119289774 -0.230472798783868
-0.238179062757259 -0.229478729441805 -0.151989344615513 -0.0913094274876941
-0.292568786622388 0.0542514375551823 -0.071727460528762 -0.0803013352468836
-0.121329203550859 0.298820339030461 -0.0670340336321075 -0.0398732378297106
0.0870206891588423 0.265994888969297 -0.0684832674772547 -0.0794952616276181
0.2002398205314 0.165017261209093 -0.133443025545272 -0.0911140870849333
0.267107148869584 0.0372571021985535 -0.184240095354439 -0.0739710769878604
0.28008361762977 0.00742763300680458 -0.205397922440375 -0.0581919197811116
0.295336051225663 0.0420297418586826 -0.199462384673308 -0.0863272013340459
0.246604476986311 0.213284701757399 -0.119180026272806 -0.157880355160843
0.077865179674716 0.32855040252145 0.00899437447394008 -0.129992591615646
-0.173298440603162 0.376555797519981 0.00678128633510771 0.0373833657477846
-0.404646750602456 0.055817884620756 -0.180321026992955 0.049963167611742
-0.291574117844778 -0.308679378789338 -0.292028761773615 -0.17014837931214
-0.114480366739203 -0.394490660738125 -0.111163587799102 -0.42558611087936
-0.174753145078206 -0.39815527722367 -0.179861275491513 -0.111746522156926
-0.347839318096676 -0.25863959170116 -0.0927918906302975 -0.0474535213719939
-0.376421028250193 0.10240156162611 -0.0678000095121529 -0.0956373444396874
-0.142264043267569 0.389505809970373 -0.0937727245298875 -0.0355423262702713
0.107775716964597 0.344113025484762 -0.0713584683155563 -0.0272827082937052
0.249367959165717 0.222236043624434 -0.0687170146597078 -0.0273934137030643
0.331708567324614 0.0694887264537162 -0.070605291971417 -0.0421085337513153
0.339254979665835 0.0311734499654006 -0.0802325235186285 -0.0509751037896867
0.355975145947416 0.0704815385850821 -0.0760598700986422 -0.0631518443449969
0.29926076975605 0.278580725947974 -0.0222595301549905 -0.106996643204391
0.0921460434535971 0.414902616383972 0.0536722530677693 -0.0658250817970205
-0.21236596723465 0.472385269876397 0.0217119024653875 0.0739412789846633
-0.502960593535248 0.0985516221526301 -0.166668920116136 0.0816198789558062
-0.401047926326899 -0.360198558197767 -0.23101798181762 -0.0914699958891291
-0.19268388709141 -0.501075126762752 -0.0545951593189978 -0.258909221583622
-0.229869570126235 -0.432399580662377 -0.126041097127653 0.0457652070872533
-0.42939849402431 -0.248821482843502 0.00767586813190396 0.0149106288154925
-0.425632930118423 0.1582457324241 -0.0415770762036832 -0.108981203173047
-0.137119061458273 0.4438141894736 -0.112906934015165 -0.0296396371400188
0.126978183634239 0.380319975033057 -0.0673515623159699 0.0380543777911636
0.272793946673975 0.24675576400439 0.00946705676400154 0.0489521232426367
0.351515030620052 0.0883905129588897 0.0575749479524032 -0.00193936891256536
0.347245850863438 0.0485919021580654 0.0571838187058746 -0.036062156418867
0.356900123365001 0.089686349258275 0.0596513773431645 -0.0335567025443006
0.294804866798401 0.298851711630397 0.0846147447365221 -0.0431759478402587
0.0838036725463044 0.425735046547325 0.102640151674744 0.00961859719672256
-0.212510964513745 0.472114168631381 0.0428461511741048 0.111794429992915
-0.501726217735578 0.111428133143438 -0.129875568580248 0.112477087651314
-0.422291086890132 -0.351028293407903 -0.145775268753584 -0.00309138645355652
-0.231461144241713 -0.515450191339781 0.015911614109049 -0.0741839436207067
-0.256492708395204 -0.403803616179149 -0.0508690990537122 0.22195142642436
-0.444590549696488 -0.201982361201674 0.133371174929245 0.0900058618224416
-0.404073666179155 0.185546420104683 0.00196156289717552 -0.109523634022097
-0.10785254642704 0.42324284789474 -0.115994019706258 -0.0177132095673084
0.121756410182989 0.350845344888802 -0.0510421744156317 0.106414103079245
0.252329216603279 0.2298569541808 0.0928698372281508 0.124353568318879
0.319503116774439 0.0930067515351692 0.181921495046718 0.0420408475212947
0.303213298696112 0.0581615470037483 0.186719673213317 -0.01437132569509
0.300552289453043 0.0958487700346292 0.182008833383729 -0.000199147407969403
0.235236228016675 0.267874756660045 0.1762539457766 0.0209658264852485
0.0501799994031725 0.356769831073831 0.14035092607302 0.0803278449742229
-0.178276530943981 0.36881224419093 0.0571018223619195 0.137780345365409
-0.395029267846508 0.0878484399982993 -0.0864707007174941 0.129970443774016
-0.350199686251671 -0.286615929304824 -0.0605389895096785 0.0701705734931011
-0.228329453902908 -0.442747796209464 0.08554521222128 0.0956424661757107
-0.235944947132013 -0.308845656509657 0.0291464629828998 0.388606585658957
-0.367988240938991 -0.127156807973841 0.253473001546852 0.166012972441528
-0.302748901435745 0.168993667918849 0.0577715124767295 -0.0946875294121833
-0.0627163621231259 0.311500878058552 -0.0976834322172294 -0.0073850573594896
0.0899169327795099 0.254107118080891 -0.0296414243501192 0.158081013651612
0.185427018741608 0.174527556499834 0.162818716395778 0.184275346746548
0.235163418442606 0.0835139612035224 0.280853839270386 0.0809554667288054
0.213503101741153 0.0604349427656484 0.28817604994654 0.0085764330603096
0.199333432883044 0.0895491742177284 0.272673848264261 0.0319385917405476
0.140162138650289 0.198688759996114 0.233493110935482 0.0774756075338292
0.00674083477471165 0.23133750941164 0.152117206119264 0.129730916104206
-0.12158320084741 0.204962952114332 0.0589625885966792 0.13973548212564
-0.228110038100478 0.0460673206286657 -0.0458608336341847 0.126450824916561
-0.220273898458828 -0.178075757500066 0.00552252844782999 0.11213751222496
-0.190584719802406 -0.301143184222947 0.141191216537576 0.222101345299133
-0.172888976916514 -0.161582715859791 0.0948162530148679 0.51611365318918
-0.221932351106799 -0.0337155034011331 0.344088836645622 0.231534525896386
-0.142637367781034 0.116644066922438 0.117957976587899 -0.0706760572663537
-0.00722489384715012 0.141131071457448 -0.0653406439140778 -0.0103120668957624
0.0360370909709678 0.112742975251481 -0.0153213677187051 0.180369329326534
0.0826484126139647 0.0897885020671137 0.2015592066583 0.218366364195082
0.109833579653918 0.0613961358605287 0.336849188560622 0.109400414852678
0.0906422106460692 0.0535958245355291 0.348518714176704 0.0291917145461037
0.0744289473323488 0.0701226109232278 0.319297332981401 0.0573840774190673
0.0352764468737548 0.10613491623944 0.250148528966958 0.116789784514956
-0.0287565612120574 0.0889324316593288 0.139525376847539 0.153994262430466
-0.0514697132474912 0.0394791749901358 0.0507266245293818 0.122483717650413
-0.0557128556394943 0.0149261934652104 -0.0118445784945514 0.107492730714011
-0.0854150951747179 -0.0503781362231415 0.0479041809232914 0.122366679048824
-0.136002064715265 -0.126232082246345 0.179312872473548 0.288801667430253
0.0446817038988612 -0.0493767125747795 -0.207711136995557 -0.322592155180621
-0.0311116782647963 -0.0847750420141693 -0.173955695361777 -0.121998031917745
-0.0918134996171161 0.00958909134797364 -0.0388610095876772 -0.076457204547012
-0.0238845065976002 0.10192323941189 -0.0343720043505927 -0.0799108901946901
0.055895663625257 0.0504877417512028 -0.0891077657177989 -0.146459777937888
0.0585091238494144 -0.0020581936798068 -0.232538196110497 -0.152025176146121
0.0486735848078424 -0.0425850736048739 -0.331194347593945 -0.088531241391815
0.048278950194043 -0.044232845277395 -0.358946518138811 -0.0438397270238638
0.0469011394152097 -0.0309566660848499 -0.343054141354604 -0.0981110822886865
0.0371753878674538 0.00496098236740129 -0.228674466847568 -0.198769052318795
0.0169619636574989 0.0369321669750107 -0.0341307146782897 -0.194174248035221
-0.0399888883210594 0.0477345478792758 0.0196811485639829 -0.00730488646104697
-0.0586548161535882 -0.0524247998736139 -0.12898694327713 0.0242655880852851
0.0556166573510313 -0.0948272571590075 -0.317915911793466 -0.224182657064609
0.106193506372396 -0.0181779072928419 -0.147613280769967 -0.59444470769719
-0.0257419806222946 -0.197809702997159 -0.217485635336811 -0.306775048986464
-0.139907047054947 -0.173421722180552 -0.180867145314033 -0.117307678613017
-0.201018161051712 0.0278907818614843 -0.0655237714809165 -0.0734756680732652
-0.0771326297637802 0.210774119568251 -0.0480389870252818 -0.0496596221528199
0.077109218488423 0.168649225304454 -0.0728710266461249 -0.116735818351431
0.141347155226614 0.0881803608274466 -0.189406148440017 -0.133244163488513
0.174027322919896 -0.00349623283366278 -0.279677987333418 -0.0898289064506638
0.18278847673135 -0.0224887375699654 -0.310530923546869 -0.0551992284044161
0.191268436967053 0.00299685080411338 -0.300433959916414 -0.0994629763879082
0.161325103404685 0.118838513619656 -0.197746473088767 -0.194861363710674
0.055769404934585 0.200443189760617 -0.0211956005924994 -0.179807272842326
-0.111576256012566 0.233292606669822 0.00957766278340478 0.0086056688597697
-0.252716381304844 0.00506195989960465 -0.166732995228101 0.0321072071852078
-0.133322584873007 -0.220795336036499 -0.328171784195387 -0.215553391239751
-0.00752235396097494 -0.231224259475665 -0.150202879957748 -0.551773701562591
-0.101280217312985 -0.322301261158836 -0.21284610868963 -0.235841608089102
-0.248748488035147 -0.238336683599563 -0.160532795064035 -0.0945620565891588
-0.300063907325812 0.0568119478584977 -0.0808244501442534 -0.0819669494951267
-0.119700557841313 0.309836681518754 -0.0715778085139228 -0.0349799810047824
0.0942517030876368 0.273618002917542 -0.071343255237505 -0.0757106894648294
0.210537831253516 0.168492778410441 -0.136066083281899 -0.089945852925933
0.276919600034505 0.0356100082601814 -0.190138181505124 -0.0734019105108205
0.288515072810969 0.0025804801478511 -0.213324160477397 -0.058711047284101
0.306090486956757 0.0382011257828467 -0.206533953643111 -0.0886872712939919
0.26035790402289 0.217552461592463 -0.126548424219877 -0.165693080535542
0.0845707973090247 0.339791702567437 0.0102260295322528 -0.138467538120772
-0.174881266284064 0.391997507654454 0.0132401549954422 0.0358984766812297
-0.418382309699424 0.0615762603629396 -0.180000070919493 0.0568985886399207
-0.302948928842507 -0.319578499954472 -0.301900388513426 -0.16805340166835
-0.116631938447531 -0.408998117457142 -0.115381007324675 -0.43634263825044
-0.175423597923956 -0.408981271029199 -0.185572760904679 -0.112784369494773
-0.361390834749043 -0.267298933862335 -0.100074808531465 -0.0504483452223078
-0.386444034276107 0.106641144958532 -0.0778576606837862 -0.098071320556924
-0.141453071854911 0.402088885417388 -0.099382204249988 -0.0304126661278221
0.116580997482858 0.35511215687586 -0.0751176585415859 -0.0213355949715294
0.262636854540121 0.226796163541966 -0.0685456653933698 -0.0250401413837354
0.3436992802707 0.0672448172539364 -0.0723953439548858 -0.0434264015770551
0.351439828125771 0.0261030160281066 -0.0835215021325427 -0.0538742337336368
0.367854937037902 0.0688514697224276 -0.0779570049557529 -0.0664198896703514
0.312792915217107 0.284226185549067 -0.025950043398294 -0.114201639029024
0.0987923465404564 0.429542308665003 0.0562793573491709 -0.0737121614665709
-0.21085853350821 0.489140750919225 0.0286086804447592 0.0727318275596864
-0.518388342509756 0.103746700612649 -0.164729087611185 0.0908791598560813
-0.41574754230004 -0.373377863934816 -0.238715068302522 -0.0881310780443188
-0.195647532078361 -0.517000579958695 -0.0579394996194571 -0.267619496335628
-0.234530398490514 -0.443532589213035 -0.131534959760631 0.0494631441363891
-0.444104204879652 -0.256408916559652 0.0032852111267886 0.0129590934005668
-0.434781544168988 0.161912613757145 -0.0521761225021464 -0.112881299413391
-0.135419330129888 0.457495219022881 -0.120314978173039 -0.0244602932304239
0.135054289795399 0.391270573572467 -0.0717464208479112 0.0466499171767514
0.285400887572636 0.252797352949819 0.01307494835219 0.0529165565783096
0.364526990093185 0.0876911014821268 0.0610164389897017 -0.00415889295160481
0.359453121829785 0.0453510267406635 0.0586743613288827 -0.0402995378685067
0.368102353945874 0.0889769704988121 0.0617800278231345 -0.0373469814084615
0.307648429058724 0.305232976730021 0.084799306712213 -0.0494330127970788
0.0898235046141824 0.439333014698636 0.107563086581318 0.00412970179265228
-0.212312363562984 0.488558490523811 0.0494301114455501 0.11047582582619
-0.516377759089702 0.115523905471734 -0.127134354551202 0.122214960870643
-0.436286555555845 -0.364141067038634 -0.149692234874402 0.00275056308984736
-0.235947669670179 -0.531619555842661 0.0157912472781939 -0.0784287798043479
-0.262146221176202 -0.412503342792598 -0.0549850055061333 0.231165067975157
-0.457939913980938 -0.205850409423126 0.133193024697285 0.0891622960652189
-0.413008976673475 0.192060491958908 -0.00669319643859671 -0.114562109547429
-0.105757064184702 0.435005122633705 -0.123922315838716 -0.0130334221120879
0.130390404934415 0.361264733002364 -0.0548539038465421 0.117515008679634
0.264126286008588 0.235234945983454 0.100157224099885 0.130079300900552
0.331487165596717 0.0933635829644635 0.189632672956349 0.0392193317384734
0.314033472679925 0.0575045478006811 0.191961070330464 -0.0199437988478534
0.309759780200256 0.0975932145500757 0.18866142014832 -0.00421682506357717
0.246283852028253 0.275793956890242 0.18050267440275 0.0163805155906414
0.0549173815405358 0.368117140660934 0.145703356729313 0.0771568412241212
-0.179088204787927 0.382024253548165 0.0642885791717564 0.13584837894928
-0.405951813757608 0.0903210984953246 -0.0819214009529279 0.138777411845974
-0.360438338858641 -0.296796248008166 -0.0600805753148861 0.0778939320593082
-0.231801064192447 -0.45444816837675 0.087801400949333 0.0958426429961801
-0.242764596741198 -0.31479193847276 0.0262870124686913 0.401468383187138
-0.381113874502558 -0.126853938959661 0.258374941798874 0.166799114866838
-0.307784419698341 0.17344758510821 0.0526873609993834 -0.0999110844537552
-0.0608227094702173 0.318931232877004 -0.10518321075561 -0.0037885799498205
0.0949588994224854 0.261549601767647 -0.0329567781210093 0.170059314789578
0.193713938041206 0.17785419778079 0.172544180863682 0.190966162557129
0.244113306325811 0.0842627355374926 0.292851701410568 0.0785078499494919
0.221304222882699 0.0612358777902156 0.29808411806434 0.00265228933493508
0.205343696652912 0.092681796161198 0.282029665398138 0.0281406393126725
0.145985233653599 0.204195689389087 0.240784552720156 0.0739275152599019
0.00730516809829059 0.238463448524938 0.158341240995449 0.127964238573162
-0.12312068632267 0.209654202530206 0.0649607733908509 0.139042860992667
-0.232085561859686 0.04652984744233 -0.0411090336424293 0.134042969876906
-0.225277697191179 -0.183994131397971 0.0086189388919177 0.12006986791125
-0.193813247206464 -0.308388141484068 0.145782415082706 0.22461043605032
-0.178794434153667 -0.162665148112799 0.0936511263900061 0.533689518246749
-0.227707086544124 -0.0313756055443319 0.353631063187069 0.232770320720195
-0.143956390216714 0.121028843105844 0.116082940374791 -0.0762367859149934
-0.00578268616094365 0.142273590018519 -0.0722152431155746 -0.00838943903233297
0.0381113427691525 0.11621170104826 -0.0168972198968095 0.192136056972462
0.0859924932802404 0.0917034228865089 0.212191589987053 0.225959975488761
0.113739713579188 0.0622797119324832 0.350266328036557 0.107119301559535
0.0946755318243989 0.0555358560212959 0.359114689620052 0.0238800822332537
0.0760964014372149 0.0742232789747078 0.330168588027592 0.0539727544815781
0.035611207731067 0.110019231667836 0.258602367734602 0.115746254466198
-0.0309417849745926 0.0908641657519278 0.145078224021621 0.153727774321623
-0.0535883792369424 0.0376788852228367 0.055613449371891 0.121281922994795
-0.0544083538678252 0.0130319026466179 -0.00718806921581543 0.113130464454288
-0.085462965358099 -0.051482268276278 0.0523678753154029 0.129636222770438
-0.137953344247346 -0.126651866435638 0.185085391047729 0.293148299049797
0.0440097385699431 -0.0542216126941692 -0.220856953940126 -0.324335885251527
-0.0399283633862463 -0.0877832408081393 -0.183355086348477 -0.119663281271426
-0.0952644439590196 0.0151473928712042 -0.0474153960913575 -0.0764001120183281
-0.0182097110282654 0.108915564022798 -0.0408590287382747 -0.0750230427367326
0.061037522345434 0.0494866219497799 -0.0951696154398027 -0.141363902521902
0.0612347314517122 -0.00495425021468248 -0.24257994427636 -0.143144126964633
0.0486230431961563 -0.0469893141674032 -0.343120031651145 -0.0733775015060095
0.0473236974118998 -0.0496480721331791 -0.369899002882222 -0.0288601327604346
0.0479049488243345 -0.0366001107606289 -0.357460167888645 -0.0867618989315868
0.0408323694824512 0.00308576040577537 -0.244678917012921 -0.196913759344972
0.0208709878335097 0.0388010499980519 -0.0411546760980667 -0.203313216119256
-0.038170347783902 0.0535019925620219 0.0259405988121959 -0.0103329772547314
-0.0648218313215264 -0.050228238489845 -0.126725155861135 0.0307207320131321
0.0504044611264776 -0.101307343896393 -0.333569454020938 -0.213818633800298
0.108011387347957 -0.0247255617519125 -0.171162824221314 -0.602154712799458
-0.0316908823542514 -0.203987098966442 -0.230567758978365 -0.306203319603521
-0.153897528753792 -0.174852815336697 -0.191097614969909 -0.11388832896364
-0.205727827790302 0.0367733784214887 -0.0756356303536184 -0.0719817105889487
-0.0677308217839299 0.221782720624133 -0.0530742496863401 -0.0431941699373761
0.0878402044780713 0.169663986853549 -0.0779774541521451 -0.111292437239056
0.150398921892859 0.0839541340777583 -0.197938312101958 -0.12624647171799
0.179123599750943 -0.0123940760882187 -0.290353038404719 -0.0775377728826068
0.186045593796599 -0.0332041697567346 -0.320644851294291 -0.0438795673308278
0.19730244133195 -0.00757523246493985 -0.312160841943957 -0.0906513930268457
0.173505178211142 0.114311062745509 -0.212995927007448 -0.195430943382125
0.066965407003373 0.205035039518482 -0.0272687038651562 -0.188741984550818
-0.103139832598109 0.246365310798346 0.0162107850207177 0.00614235042510455
-0.261681925664753 0.0161426234968615 -0.164579667556908 0.0416344613079844
-0.146868215971747 -0.223946349479023 -0.344851211315137 -0.205539425018122
-0.014291198552869 -0.239690733360561 -0.172584282827426 -0.557891250635283
-0.111136964625146 -0.327441730846175 -0.224076193393106 -0.232985195697172
-0.266957118963184 -0.237249383119967 -0.170642914118043 -0.091887994739073
-0.305225292846606 0.0681390455319526 -0.093062929282101 -0.0797595218948092
-0.108298797665407 0.324121341379654 -0.0766388606351577 -0.0269341002275376
0.109515367673131 0.276956561513056 -0.0752886350010819 -0.0690969850261981
0.225287467658208 0.163585057755668 -0.140671622350821 -0.0847057867742483
0.286135964669799 0.0228913222832102 -0.197907347390643 -0.0671415683807551
0.296275080259232 -0.0112923586983226 -0.221087131948417 -0.0521833632610185
0.315793521099641 0.0245851337988222 -0.214641618601703 -0.0842034082128047
0.278267522317484 0.212850211604935 -0.139323870223476 -0.168055736136702
0.102079154282439 0.347920874876161 0.00634808480805344 -0.148089010899262
-0.161029882118714 0.410594998171804 0.0207071477877002 0.0331986519404212
-0.428199712586894 0.07922001940459 -0.175919999991099 0.0681402088774409
-0.324069581105722 -0.32106446931978 -0.317814708612343 -0.15556883098751
-0.128596180830671 -0.417020252632888 -0.1345364223537 -0.44253385694924
-0.189954972852788 -0.41360967022939 -0.19392546489979 -0.10799412976205
-0.381786878910493 -0.263436246940716 -0.108462102614218 -0.0491311366720327
-0.391406216673528 0.120239539903128 -0.0916518262303158 -0.096618556216893
-0.127206202006931 0.418740076616496 -0.104970605719139 -0.0209016167218391
0.134970837315643 0.359654703599643 -0.0778127065804468 -0.0120413867811771
0.281068068374475 0.221972331796503 -0.0685918737048949 -0.0212009437168748
0.356737621669817 0.0542166256211694 -0.0752351641024915 -0.042472318493843
0.3609127972177 0.0100813954624078 -0.0881202342158187 -0.053574963990528
0.38030916856816 0.0532433537556536 -0.0823601653555636 -0.0668394870296781
0.335883184271926 0.279313249432761 -0.0343039811960945 -0.119771684635124
0.119931889077637 0.439357287959902 0.0560878542112295 -0.0831066000451665
-0.19523223256321 0.510423726334345 0.0368837355840088 0.069423778687289
-0.529867720912686 0.125830744318894 -0.158688876642948 0.10304584526456
-0.440450982163858 -0.371649356719437 -0.247941108769701 -0.0766191513609009
-0.214184787637781 -0.525026755519108 -0.0684043077028016 -0.272842233194062
-0.251583057203247 -0.446926470701527 -0.134372518792201 0.0573290567981758
-0.466350258158402 -0.247184730481567 -0.000922342220333262 0.0125727323717797
-0.43856642582594 0.180581408314414 -0.0666118612850484 -0.112885959181018
-0.120083343963786 0.473851962671352 -0.126657677886219 -0.0141187712121868
0.155755470620092 0.396308821563174 -0.0725850540375616 0.0578326668558406
0.30611591424952 0.247181593629781 0.0183621078152513 0.0557512105787998
0.378910095856465 0.0742336548216408 0.0627511494020365 -0.00855599616720856
0.371303199139022 0.0303832729814487 0.0575165452841436 -0.0460560251066564
0.381620710834535 0.0763982791049778 0.0633634817068132 -0.0434550914182149
0.330827931318115 0.30110866609283 0.0823268895993923 -0.0581240698961876
0.110276164561576 0.450823051580456 0.111517595412991 -0.00501885837490522
-0.196445477888619 0.507788016474003 0.0585097730171741 0.106651662985663
-0.525511356075524 0.1381248548755 -0.118146409925815 0.13378131596137
-0.460737251138429 -0.362249563244118 -0.151892782830813 0.0135465098251547
-0.254060805909218 -0.536739858874182 0.0128343938712144 -0.0827961735765059
-0.279441707471825 -0.411135862045701 -0.051095470280648 0.241155949603535
-0.477292384503779 -0.195186811843803 0.134949190689541 0.0846210022350468
-0.412513106540045 0.210170810570731 -0.0194217940414182 -0.117217340440206
-0.0909345255384456 0.448386100573106 -0.130771033578409 -0.00333425833198916
0.148874898927207 0.365971229555495 -0.0537835366940943 0.13012015170166
0.282413390019186 0.22986746132795 0.110533553011968 0.131630715240862
0.345138356479029 0.0816876171957746 0.197334495347985 0.0290257572419055
0.325039636763818 0.0458346180616876 0.195172157109238 -0.031012871436727
0.321079625098234 0.0883342493557398 0.194476621247439 -0.0146339135076131
0.26404086342283 0.273587081631161 0.184244068799123 0.00598212845616605
0.0694855898622505 0.377252498044499 0.153785732860682 0.0688962258776521
-0.168241875480574 0.397953016060052 0.074059405444311 0.130551349092438
-0.412097502883073 0.106728385557185 -0.0718051520657195 0.148749694205508
-0.37926941793735 -0.295057949703534 -0.0564710895753795 0.0869135248570244
-0.247508485370542 -0.458530778964122 0.0922769689103657 0.092829822259911
-0.257763478511545 -0.312094124149539 0.0368649652672092 0.413862686302933
-0.393786259058475 -0.116905706729624 0.267081687490633 0.159540276061184
-0.307065573228871 0.187778306895891 0.0432335782907921 -0.105029356974246
-0.049899536850533 0.326383126153225 -0.112729326756174 0.00417039468171119
0.107478246744019 0.264735435288332 -0.0294029557206153 0.183280579900753
0.206578220579793 0.174169865896139 0.18783613524562 0.191841070540494
0.254903179152845 0.0756989487794597 0.305048223011082 0.0652919050287919
0.22933905358531 0.054035276333569 0.304975551089743 -0.0119215565678204
0.213859013010179 0.0889994363916909 0.291003666414179 0.0143667600089812
0.157462789516487 0.205071749317866 0.248425120322953 0.0633265254588048
0.0160073802547789 0.245215651979423 0.167695149848523 0.120787042597674
-0.118338615438167 0.217547447240727 0.0739848689986368 0.134237735033476
-0.234467788374897 0.0533720602335839 -0.0312920781676838 0.141766626322827
-0.235194101274927 -0.183162259490906 0.0162180533810428 0.127361492654275
-0.204418500136831 -0.307946914232247 0.155762990919533 0.222533466752554
-0.188400362823579 -0.157859801376258 0.111732311426997 0.545643808813825
-0.232476142526961 -0.0221966739024177 0.36844077741721 0.22239932308666
-0.140404827275677 0.128866428253098 0.110722125561186 -0.084519979858863
-0.000953871948029831 0.142568778811826 -0.0786635419288026 -0.00361939374602534
0.0425203963872148 0.117117645954133 -0.0123300811505341 0.203365810175207
0.0912324877466665 0.0900070792888376 0.229136525329427 0.225639751121965
0.119804274852021 0.0597340262621236 0.365380351260588 0.0928859638357133
0.0994139197654709 0.0543932759540501 0.369052366236386 0.00734151479783722
0.0804563883203509 0.0759595316831409 0.341349769957736 0.0396919500913685
0.0389710922414301 0.112843076447819 0.268980394438062 0.104948420180458
-0.0302829825562576 0.093668642885674 0.154075726314575 0.147938697357451
-0.0551109977464583 0.0372393838111532 0.0629162119391155 0.117157624912985
-0.0524220393525784 0.0127594255410547 0.0014821869622345 0.116498389984087
-0.0862516469327192 -0.0506459276254129 0.061891797009383 0.134452734479338
-0.142832640005885 -0.122509762909104 0.19851397051118 0.290897098340265
0.0630979932326585 -0.0264748323104469 -0.05169811419977 -0.394265447181392
-0.000372052618279422 -0.0973228319085196 -0.113050044379893 -0.187941690243067
-0.0961251045494092 -0.0262649590146733 -0.0108626973608643 -0.0884172807837592
-0.0628729403383466 0.0946795700601186 -0.00447671690995232 -0.0808801722356606
0.0334366607058999 0.0747480882368112 -0.0203711685955381 -0.167648554142604
0.0581170985378763 0.024448875877061 -0.153388762749359 -0.234327651954094
0.062305812686717 -0.0221247372056676 -0.275125784039615 -0.216040995102201
0.064552621493868 -0.0256163690692127 -0.318008206716902 -0.185076617814343
0.0584407602811166 -0.0128464692263906 -0.282896247261402 -0.231663724022799
0.0351531752403419 0.0203529157592229 -0.133124455968163 -0.283905907144318
0.00223584089585162 0.045420419629395 0.0540036731477694 -0.202993739545476
-0.0567373141485847 0.033705361259661 0.0325542738097432 0.00326873739388893
-0.0400375587392667 -0.0734274623375618 -0.123413881231189 -0.0299702535747138
0.0835534861543057 -0.0749970759295251 -0.201342430530189 -0.342011157624507
0.106788366111442 0.022155258500228 0.136668875260886 -0.617008980125334
0.0647519837493436 -0.194643194923755 -0.0734352890835283 -0.380242021160422
-0.0631267252897788 -0.226588318646579 -0.122166548594605 -0.18263927306069
-0.204077932947567 -0.0570638112560365 -0.0364559331224966 -0.0949105813257099
-0.155583345690255 0.171931824255183 -0.0263250802161819 -0.0556192709661167
0.00377439900486198 0.193889525543059 -0.011898297062304 -0.132326539366878
0.100360134849553 0.14393383120361 -0.117600538025999 -0.203598415892289
0.166865333256935 0.0662659746086999 -0.224469469344757 -0.198419156831958
0.184318915422929 0.0514830313726367 -0.266413933949117 -0.178610559988552
0.180919425651397 0.0778215100999652 -0.240777416375814 -0.215442290606739
0.108089746771012 0.178148530493347 -0.107381868524975 -0.266669508399983
-0.0277842173237737 0.217012226243908 0.0562567160538612 -0.180801154363103
-0.197383006825918 0.175860916949321 0.0107971315325446 0.0158664202100424
-0.24535219246375 -0.103144430379578 -0.165341051407304 -0.0398988377035198
-0.038107937889746 -0.272836335021111 -0.210590757591467 -0.341630520415829
0.0940040729877601 -0.223710453325294 0.117491304248606 -0.578263624934723
0.0512532013086304 -0.342146787447706 -0.105295308342297 -0.308400155462244
-0.136356461394507 -0.334164573275559 -0.113031816299071 -0.149814462394183
-0.306528196328171 -0.0743644291495188 -0.0473347546427733 -0.107409084599033
-0.235536878892625 0.245082155382878 -0.0514356467679606 -0.0493411378950031
-0.0240459185402236 0.29889888669498 -0.0231590009492927 -0.0931680374022976
0.132863339452794 0.247901147729562 -0.0831183579248079 -0.143450266529888
0.248691022095952 0.146520624089499 -0.145980893667519 -0.150661308395433
0.275406939654353 0.120766588900054 -0.172971291311859 -0.144648455946244
0.273498919047977 0.15864606796154 -0.156277207208971 -0.167405378836714
0.162282559720415 0.311851956238856 -0.0546333034039587 -0.209329009569966
-0.0594617315744857 0.361666498081018 0.065672900756358 -0.127252757208675
-0.317997189406513 0.299062290278745 -0.00304980889280462 0.0432458137749006
-0.423746360463505 -0.121243559994847 -0.190400568221025 -0.0232621741545673
-0.153308458892815 -0.43841261905636 -0.204910875745389 -0.287100726537799
0.0702050561015496 -0.433990190633738 0.0993296147479166 -0.457164752949072
0.0220506303906855 -0.453647008509236 -0.138423463502599 -0.179880492098915
-0.227931967821705 -0.409256130585923 -0.0741841706819032 -0.0818065782320715
-0.406840164584221 -0.0660593055380047 -0.0365142592041408 -0.120468751814116
-0.292212568734866 0.320101716145941 -0.0779784459079883 -0.0553950404445288
-0.0381407845096631 0.384356755195118 -0.0478219892892726 -0.0429938270731864
0.157890684892957 0.325857870041531 -0.0449363019092162 -0.0557773163531467
0.299897028688901 0.205237967619623 -0.045969808824167 -0.0763772681867629
0.325972558209121 0.169787152307634 -0.0526819809757531 -0.0890597281850166
0.31919776636146 0.212632498990292 -0.0433034298045384 -0.0953299616074963
0.186256794954702 0.396676231361792 0.017071126356309 -0.119940362552702
-0.0835010231095523 0.452388635694462 0.0787659006037564 -0.0458034931392079
-0.393933469805574 0.371931118463033 -0.00722150775656736 0.0826148443873802
-0.533932365921165 -0.124346027004318 -0.192261554064792 0.0144708458250048
-0.233532399165005 -0.534590945296118 -0.177348365477081 -0.184392540242932
0.0435841092040856 -0.565950524727832 0.07860171877617 -0.274694218469752
-0.0187843741173535 -0.511961968163278 -0.161337107631851 -0.00141040043858029
-0.311087924661162 -0.433694809392816 -0.00338972618244271 0.0224114713913597
-0.475885897814337 -0.0347628228114486 -0.00450902023949151 -0.123753140184259
-0.311723980355772 0.370448724240286 -0.100019520510724 -0.0596852936270075
-0.0360076702435492 0.425927930628733 -0.0734508793957143 0.0224294941129665
0.167856276150456 0.357729007307609 -0.000878153412364743 0.0519452579381456
0.312408509034058 0.233951672908571 0.0631966230313465 0.0145905052328426
0.325993476887273 0.193397433754155 0.0743572942927904 -0.0204926395393265
0.310222607421594 0.234635793703592 0.0762068831333877 -0.0120101559893815
0.172745547245846 0.41437393994596 0.094552899123235 -0.0149410748682618
-0.0963491148494029 0.4586965411193 0.0934478871950964 0.0480073562222826
-0.393081332626597 0.369416964647441 -0.00493818014966165 0.123749305075656
-0.533734946808436 -0.112681492362008 -0.16934008388214 0.0609890490234015
-0.254454836718684 -0.532788364803209 -0.130561151694323 -0.0589571524799383
0.0130819900155875 -0.593458830051372 0.0599563569657452 -0.0667674427609147
-0.0569116422024009 -0.496792307019404 -0.16942003567471 0.203493160422018
-0.344904629850751 -0.392053262454189 0.0886882989735196 0.147345088158687
-0.467177343859171 0.00389086768496984 0.0409442165349607 -0.108398831347586
-0.274147728808813 0.359546390346575 -0.109260476327947 -0.0535014905899841
-0.0286600363049069 0.393738817423155 -0.0908654907709686 0.0949608501628189
0.1550909753168 0.33154767267107 0.0471923691992373 0.161793034848362
0.279179526506 0.225673356459484 0.167394177805396 0.1079779387773
0.277081035332406 0.186585931758959 0.190512291917643 0.0526364056118957
0.250762712880134 0.219866782453169 0.181461033184128 0.0699325048622537
0.123905513803748 0.361275344754217 0.157684344279224 0.0849854367635005
-0.100575386542762 0.372978801710098 0.100468860386858 0.130621367599573
-0.318879730865028 0.280347657294695 -0.000105856835616659 0.150856825233003
-0.416463858377147 -0.09077405562561 -0.133042606589258 0.0980559587130745
-0.208513387207979 -0.432763305301466 -0.0802461813702483 0.052382584228081
-0.0159983746943925 -0.519828986653854 0.0451732083495204 0.127626081885411
-0.0851112710071237 -0.398064233695641 -0.165001818218413 0.399991628331553
-0.304838527117473 -0.283622820790496 0.1750240858838 0.269604878942475
-0.360118813080306 0.033562841547044 0.0902353875020254 -0.0722255464615594
-0.185642427485268 0.266932614231916 -0.0993768570494891 -0.0414887707632277
-0.0203243163550702 0.283481699904451 -0.0984909741817186 0.154897390933162
0.110687129864764 0.246392751982671 0.0877730778420373 0.253478783436602
0.20040614806318 0.180874688008359 0.247592017989226 0.189546801645509
0.186620300446069 0.151980020947082 0.280548965664408 0.117605714819652
0.15419242997418 0.173207395907152 0.255150713460267 0.137587658192384
0.0550132031423337 0.25397210537985 0.191833385555123 0.162192120830195
-0.0927673556193296 0.228870673004841 0.0919664664914963 0.180644099909627
-0.197048527031207 0.141070802279278 0.00341697958078106 0.150739513130368
-0.231185540957983 -0.0581729223262594 -0.0914302446075916 0.112930070870817
-0.127060393046436 -0.268424281781059 -0.0362533868741051 0.124733713495764
-0.0436162633118773 -0.363789915987693 0.0376916157967575 0.272450838865055
-0.0944116326320857 -0.230219948210674 -0.154289625674431 0.550210596139955
-0.201479572346752 -0.127359330754736 0.237147842580639 0.367311571977057
-0.18389176477277 0.053620519238049 0.138628437827277 -0.0273279578769107
-0.0626585125032623 0.123810639667398 -0.0710280514451659 -0.036925398308593
-0.0127115285218108 0.121907080511958 -0.0997113303074176 0.181751146338627
0.0433691741535468 0.118947678589277 0.107934308995577 0.305644362694258
0.0847175637491719 0.106569095350878 0.288916101273327 0.243150309883014
0.0670182289168731 0.0949563181059537 0.327896444813203 0.16375394604156
0.0399290893421731 0.104312983838597 0.287787531344341 0.181059393234484
-0.0130403525480819 0.119588989738861 0.193461853276399 0.207256877922877
-0.0686916938697682 0.0708110739423499 0.0710021023776004 0.195210462338686
-0.063382591238163 0.00666068510693621 0.00559578434978301 0.127772107376043
-0.0484924207533084 -0.0130966959388659 -0.0486970471633921 0.107478971992946
-0.0510848058379651 -0.0816182961221142 -0.00256851871081319 0.153510802216299
-0.0717219355105691 -0.170332562992041 0.0397770138673834 0.352691941911844
0.0605496051619095 -0.0316105258189925 -0.0639013651855632 -0.383405442135044
-0.00924648353350401 -0.0975360213286409 -0.118653138460089 -0.17990470003245
-0.0978049863582055 -0.0197711677348952 -0.0199555229042267 -0.0869927346622052
-0.0550767769034495 0.0988107588709183 -0.0121349470527162 -0.0742600989592214
0.0380107193208649 0.0717516712171228 -0.02618381397045 -0.157544402924538
0.059971721241704 0.0209940736162213 -0.15923869736449 -0.219160990249643
0.0611673317355865 -0.025936205929527 -0.278814995254372 -0.194903060864736
0.0621553321444642 -0.030437332199299 -0.319298789789312 -0.16493893382582
0.0576562869725446 -0.0181574934364895 -0.287826812035474 -0.214021269138936
0.0373415219628562 0.018359495493339 -0.144444890016869 -0.275540811985447
0.00643395114241756 0.046012505415265 0.0461572014753142 -0.206173010421538
-0.0535155957546989 0.0376129324361023 0.0385000243497976 0.00186632682513308
-0.0451239771782468 -0.0691512745729126 -0.117682696798545 -0.0225288367901863
0.0765999080230658 -0.0795543879957653 -0.212636696555609 -0.321533710642584
0.105553407987422 0.0152305675618692 0.110657299719632 -0.607538630624773
0.0574331641707574 -0.195108359876605 -0.0843408166304324 -0.367394503246338
-0.0756345310077229 -0.221641363819025 -0.128644475283127 -0.17458526224417
-0.203662985121431 -0.0462829474597532 -0.045740784352937 -0.091856112052778
-0.141781525767086 0.17855658651482 -0.0314401767738889 -0.0478383065470664
0.0146688121618435 0.190012495195419 -0.0170143940384386 -0.123899045851418
0.107176565446169 0.1360324010301 -0.12255430218878 -0.190689081131631
0.167613119238023 0.0556470135925325 -0.228095653883719 -0.181692483795436
0.183512369633345 0.0391672068141833 -0.269055729713172 -0.162109633915412
0.181357407837433 0.0651775543962591 -0.24522583765489 -0.200792536632968
0.115756751584175 0.169404681368195 -0.118612066124697 -0.259774119767952
-0.0161498095062314 0.216119507479071 0.0497078048687729 -0.185069763807044
-0.184006773779235 0.18388729367557 0.0169544257322313 0.014371362088724
-0.247192877649998 -0.0893254452494309 -0.158850450325072 -0.0288222250364497
-0.0503830190639517 -0.268472298513732 -0.221979563632768 -0.319494762236464
0.0844894244944316 -0.224536978468093 0.0930907171679267 -0.568035467067234
0.0405523451346717 -0.337189711067588 -0.114151101411823 -0.296476518673078
-0.150013636091772 -0.324154188463696 -0.118704422252978 -0.142925659177056
-0.303083943424205 -0.0602783675423922 -0.0576649154299525 -0.103181238044324
-0.21669673075316 0.251769183012994 -0.0554497718369709 -0.0399158833932874
-0.00812512795088806 0.294950268267998 -0.0270343621788437 -0.0846644068901402
0.143882392763468 0.236689239360864 -0.085287102332021 -0.133843080952735
0.251715362024619 0.130117823564511 -0.148649686826917 -0.138940695877334
0.276647905857045 0.10237357634681 -0.175709294583464 -0.13480719454479
0.275209946697528 0.13985840706746 -0.159466321281201 -0.158118596772956
0.175401865588672 0.297918232589244 -0.0643218636656549 -0.206161974783658
-0.0402267318441019 0.359677325653156 0.0605236125608093 -0.132768177667893
-0.295893379780502 0.307538383598079 0.00456073947395572 0.0411049215602812
-0.420798057047577 -0.101403529313206 -0.182115830622628 -0.0090732461382856
-0.167686094015101 -0.426748950744573 -0.214276023208819 -0.266719575873766
0.0557906977732151 -0.428653099850145 0.0802072802120777 -0.451343566075371
0.00834355531581896 -0.444614272376062 -0.142006765375843 -0.168740029733953
-0.240604141014984 -0.393639277774156 -0.0802098868028136 -0.0778039650713563
-0.400015493862435 -0.0486859831340292 -0.048921913526904 -0.116327767655172
-0.270133737199743 0.325668682632835 -0.0813300819625876 -0.0446909806505679
-0.0189428883746634 0.379652466639272 -0.0488731881835039 -0.034141025205987
0.170974775466949 0.311640500822042 -0.0439596298456182 -0.0500280740530859
0.304657818392877 0.18539300927837 -0.0473990479347657 -0.0727379999800228
0.326932718183975 0.148935693970945 -0.0556804021852736 -0.0867252397428925
0.322760074435326 0.192162569788832 -0.0461518618684184 -0.0931572622700166
0.202102527219098 0.380671760535267 0.00972143305520974 -0.122460496761351
-0.0599401842874037 0.449794146106756 0.0773574221842743 -0.0540962937307575
-0.36655271105021 0.3822565308702 0.00159266444434555 0.0782678941779901
-0.528787864713223 -0.0993264498196272 -0.180818249197678 0.027965944305595
-0.251178893995566 -0.5195801777291 -0.182163336824183 -0.166398736198204
0.0254257150217526 -0.556544865463363 0.0661736111569415 -0.272819321151036
-0.0344166841725931 -0.498479123016972 -0.158999005973765 0.00683660749222314
-0.322131068576606 -0.412971974840863 -0.00663073001612583 0.0204749184220754
-0.465063006830176 -0.0152446900428676 -0.0179434410997931 -0.120588643012065
-0.287275557888024 0.375935070127523 -0.103707822849527 -0.0484083511323427
-0.0149414722254928 0.419276597314878 -0.0729007174261718 0.0315513794303371
0.183498852487079 0.342694777495593 0.00390728410322815 0.053745697731771
0.318165932145386 0.213103749419491 0.0638148373341346 0.00995686816722206
0.328248462368581 0.172587381814321 0.0716634390931957 -0.0254799588390011
0.315078978102155 0.214851049833403 0.075435559392201 -0.017510823821663
0.189582047630846 0.398818191296345 0.0898721317710994 -0.0224683940333947
-0.0740662577614444 0.455731009736478 0.0957099466209215 0.0370989751199584
-0.367263018274376 0.379949330734393 0.00521208901890609 0.118002057847283
-0.52608060678798 -0.0879463142123733 -0.157284617936788 0.0732387356575936
-0.270224161327744 -0.516138585648517 -0.130910918051336 -0.0458955886995437
-0.00489326537102158 -0.582186380996397 0.0554830955827321 -0.0690293709830576
-0.073587710062963 -0.480728356106303 -0.160703491493322 0.207746836961439
-0.352712842689242 -0.370106487052565 0.0888352922237548 0.138968433875248
-0.453359345790159 0.0223976649008839 0.0276895986911905 -0.10809232401276
-0.250850167604158 0.362477227785753 -0.113456101591847 -0.0425198110783345
-0.00955545964718905 0.388326142937642 -0.0874860962090964 0.104211899951685
0.167537759452961 0.317545833430958 0.05629380750228 0.16016500445941
0.284487183899536 0.206908208321086 0.169866077991439 0.0964759980260281
0.280058745612879 0.169663065974794 0.189074997694957 0.0400509196681888
0.255897981948024 0.20466076245531 0.182862191653282 0.0575707990819131
0.13816927509598 0.349794936888481 0.157221384448373 0.072225872869146
-0.0818673419204997 0.37173054012386 0.105673678120369 0.118077899395367
-0.298355141672112 0.288071082675706 0.010437259756387 0.143305910144945
-0.410221703568939 -0.0725115142848382 -0.120166416348656 0.106713922082529
-0.220282146782538 -0.419893514524852 -0.0746908470635471 0.0610094003697116
-0.0318131320991688 -0.506771310280391 0.0486013885831207 0.120239801337537
-0.0967820112412558 -0.38197044463065 -0.148374039216273 0.398834322864773
-0.30805578734215 -0.263520898049434 0.178721094524087 0.25369860995388
-0.346986799676573 0.0472515312604716 0.0790661678527351 -0.0758072911058514
-0.169242825971983 0.26671778702144 -0.103423410768227 -0.0332986322031561
-0.00710017839820562 0.278452513810622 -0.0928828296598664 0.162080010060437
0.119207824734218 0.236138895493691 0.0994182078101595 0.247320980141532
0.204310673429761 0.166891971954997 0.251990500942776 0.171951840272615
0.189731572645884 0.140506854075317 0.279718352568467 0.100161295396612
0.158621893271872 0.164798527990121 0.256795961031387 0.120431464834646
0.064590150629848 0.247138128479571 0.194332261335604 0.146503098834704
-0.0813121342670488 0.228710317482281 0.0993641564576089 0.168178489504803
-0.185946700606399 0.144155367717173 0.0129168279302997 0.142766401618756
-0.226243745600406 -0.0486060333213632 -0.079722531830729 0.118002187092865
-0.132987291170225 -0.2586643873592 -0.0277840131735079 0.129399032834044
-0.0537236590757178 -0.352461169971 0.0472677084517662 0.262191653911681
-0.101226206925429 -0.217123396386117 -0.131894639517756 0.545993657050044
-0.200193153674706 -0.114180714450807 0.245003949094045 0.346165552453269
-0.173500739690242 0.0605673171775512 0.130188322029361 -0.0346908330343803
-0.0561889793370936 0.121125399102096 -0.0749437463653538 -0.0320200350553454
-0.00828276258778747 0.119347079396247 -0.0931119473669259 0.187629661447843
0.046415276869475 0.114678878293539 0.120494762052968 0.298649828458873
0.0876757540183442 0.100206301105932 0.295637555791841 0.223865479574925
0.0700207219450289 0.0910923122758199 0.328851641964619 0.143251314930417
0.0433779288640736 0.103147446088636 0.291453754192493 0.162098630316025
-0.00900878733000481 0.118739555118798 0.198797627555844 0.191343731867955
-0.0659692315114295 0.0713771736159814 0.0784877781140905 0.184438786338534
-0.062539254342588 0.00603449668866518 0.0138743910069835 0.120391574519427
-0.0437441690925367 -0.0127195475965618 -0.0388684536147861 0.109334369895941
-0.0502648943987776 -0.0779569087074968 0.00670357817368533 0.154981774768351
-0.0748256137128842 -0.160634543501115 0.0530659418556409 0.340033750486153
0.0579428036728499 -0.0346744830499569 -0.0673652715836254 -0.369759139197451
-0.0168943751576396 -0.0954790838031892 -0.119550393681735 -0.173406927428008
-0.0980649104309508 -0.0146250649116379 -0.0261961865653969 -0.0845018647679756
-0.0478967086713222 0.100654116215493 -0.017115078979662 -0.0661467871398637
0.0407745744963101 0.0689993824084985 -0.0284292730994597 -0.147482748852454
0.060749780502297 0.0182682167059249 -0.15871608957664 -0.204881313694063
0.0593417136920985 -0.0283245637450017 -0.275173128899406 -0.178187495670253
0.0593542320333224 -0.0338426532248372 -0.314490016005623 -0.149896019235136
0.0558516678769317 -0.0218211942087726 -0.28540913686099 -0.199981077789609
0.0384126250167015 0.0164745900607937 -0.149918100917632 -0.266441660174839
0.00924031860562493 0.046199989454469 0.0412236733254655 -0.206540705794951
-0.050545543284733 0.0401846122813531 0.0431895633216338 -0.000645282939520937
-0.0485776646431358 -0.0652960251623174 -0.110775950655014 -0.0177648129325025
0.0700185020602513 -0.0811690403742795 -0.213929655499004 -0.30142220022409
0.102667628371562 0.00980179639722424 0.0940059362051411 -0.588513972866215
0.0534447980979838 -0.192851265293324 -0.0880267654520405 -0.35380517211591
-0.0826907031853928 -0.21522363736898 -0.12987003649129 -0.166704235081874
-0.200234261667159 -0.0392677199422346 -0.0526748831008539 -0.0875436648626032
-0.129460105760646 0.178812797259879 -0.0348524513894865 -0.0390733732468542
0.0219136800779998 0.18421053052453 -0.0184404258833396 -0.115114116662869
0.110155967347046 0.128526289460281 -0.122407540980573 -0.178640568822537
0.165691733584574 0.0473589474748361 -0.225077524702959 -0.167697679070405
0.178664264387145 0.0296312297763581 -0.265405847076884 -0.149153716009423
0.178262317440812 0.0557013302842265 -0.243035833287239 -0.189394902352038
0.119622547521419 0.160969503391853 -0.12379923754683 -0.252709481114995
-0.00788305301060294 0.212352796878311 0.0454732786345183 -0.185643581248577
-0.172013278501802 0.184641137060754 0.0225269843261528 0.0122320201545122
-0.243801748501971 -0.0803182889413921 -0.150200328595989 -0.0207299527911289
-0.0570671194586595 -0.263299244379175 -0.224555604249467 -0.298496696299769
0.0788879479944331 -0.221952223953939 0.0792078508897873 -0.552462437937609
0.0356466274141004 -0.328890410255922 -0.115526366055298 -0.283582942307926
-0.156507483459517 -0.312490584037672 -0.121710238124916 -0.136730279129501
-0.29491051795972 -0.0514718611284038 -0.0655283932767103 -0.0984005914483319
-0.200360446170407 0.251026962495229 -0.0574273895450928 -0.0309031455082496
0.00242220945901872 0.286885126710547 -0.0272868799439982 -0.0767842731558295
0.148931366218068 0.225155620155758 -0.0838490327677807 -0.125356027443653
0.249539742411728 0.117313635724369 -0.146503798388467 -0.130385121711553
0.270688837912531 0.0886090434393993 -0.174353396689045 -0.125800838786134
0.272123758120702 0.126193337424514 -0.15836692839548 -0.150782834453547
0.180433062230727 0.284067424221521 -0.0707468148342987 -0.202188946422426
-0.0269409366683322 0.352995040124848 0.0564741386292512 -0.135753317729234
-0.277543920770269 0.306999077814334 0.010785440649898 0.0379011866021566
-0.411536385805794 -0.0882869378735979 -0.171996884642377 -0.00100247762878094
-0.175116411192747 -0.414809384952218 -0.214446066750231 -0.247741489979387
0.0466293224491463 -0.419257506266615 0.0688919980900646 -0.43930600134733
0.00332108518918643 -0.432214696067064 -0.141571018840731 -0.159189204099187
-0.24408732584694 -0.378434544528347 -0.0837013563670502 -0.0743513040956053
-0.387412997772101 -0.0396238229105896 -0.0574353463777402 -0.110862679693557
-0.250482493273021 0.323580903799615 -0.0826047948911123 -0.0349776463455032
-0.00626000293403471 0.369626245820009 -0.0487148281262896 -0.0265046773783467
0.177169171674687 0.297779740569267 -0.04170457865106 -0.0451358449322404
0.302000968736251 0.170259660269593 -0.0467711717934224 -0.0692729768690632
0.3211916981858 0.132695634827518 -0.0569927836710893 -0.0837672897299071
0.318967129777571 0.176284468815125 -0.0458989862202584 -0.091979586291861
0.209277897333933 0.363931212065727 0.00365834790534724 -0.122567997221141
-0.0445895595126384 0.44108762014046 0.0744377975259821 -0.0602934076055189
-0.343239640550334 0.381165446077479 0.00795887881028714 0.0729815231703563
-0.515784612117218 -0.0851635591004448 -0.168596182098675 0.0363826323539547
-0.256085790612768 -0.501905775808246 -0.180685903627914 -0.150959280985213
0.0168282836076136 -0.541794290094054 0.0583243073548945 -0.266659580473261
-0.0371973664800725 -0.483730207133922 -0.155744693359513 0.0116886117553168
-0.32199763225149 -0.395676156967774 -0.010636992057802 0.0194231379428889
-0.44939756281398 -0.00475549048483505 -0.028303156566555 -0.116089274946897
-0.266729991763183 0.371050938173096 -0.104325338941674 -0.0383998201081157
-0.00328693914094876 0.408782518660424 -0.0707997746203705 0.0385670290696619
0.188517331578718 0.328750292696041 0.00843379480930211 0.0544219800863857
0.314977255490226 0.197509725457427 0.0639945215073719 0.00678524862868862
0.32261811374147 0.156565015296855 0.0683442150919789 -0.0284881115589553
0.31218406658357 0.198841921784182 0.0740825469630641 -0.0221525481640482
0.195628854147397 0.382048020538102 0.0846433650027433 -0.0281111774398977
-0.0582516202911793 0.447327978804403 0.0944255788345157 0.0279259787491581
-0.343905013407633 0.377547097047078 0.0116993154720483 0.109990367968636
-0.512459353002978 -0.074455076384211 -0.144293130192003 0.0796279204127205
-0.273389529530485 -0.499028719130487 -0.126948049196259 -0.0354398668043709
-0.0135812360084484 -0.565309285478428 0.0520872279990958 -0.0698933307203859
-0.0758578627826776 -0.461607826187895 -0.153457518235209 0.206249226846868
-0.349488103093217 -0.351585654941562 0.0848845419871644 0.131350107279341
-0.43562557079538 0.0291769587076143 0.0168135665987778 -0.10561782602644
-0.234171277599385 0.356274893913852 -0.114107331885276 -0.0341809848020044
0.000180742370819061 0.377263480191998 -0.0846349614586803 0.109360510657577
0.171951641589832 0.304438492287531 0.0620641255325806 0.156888247278013
0.282636356194257 0.192382120885593 0.169289284822984 0.0870489153676313
0.276661572541652 0.155392926764557 0.183998542058313 0.0315610583280687
0.254222876862095 0.192120163637958 0.179672413970669 0.0478554848994811
0.143925420421619 0.337131715922879 0.152853285505947 0.0624029432819045
-0.0690667156762716 0.365033037070631 0.105794124155004 0.10617773695476
-0.280706486087028 0.28584381293108 0.0168585705536538 0.134173366309304
-0.397492593512088 -0.0625169884368192 -0.108036639706128 0.110863723110997
-0.222940177881337 -0.406607903634239 -0.0691413294307711 0.0669624944807579
-0.0371911890429636 -0.488032644531563 0.0494145569465928 0.113209158119743
-0.0980944925206281 -0.366712832896773 -0.138867606780075 0.391278792177655
-0.30289964046974 -0.248772920203186 0.176817872358396 0.240524529242908
-0.330065552053024 0.0524264051486981 0.0690250603790528 -0.076593704750727
-0.157377570679337 0.260818556059471 -0.104319262258291 -0.0265140220097788
-0.000767779602958224 0.270842946511075 -0.0880608925782515 0.165421844482085
0.121734986201055 0.226309463919087 0.105959950222268 0.240640675021503
0.20279103495389 0.156256006354401 0.251234869785598 0.158260369382232
0.188022661680626 0.131274245308644 0.273705214356982 0.0865917941811282
0.15861298040265 0.157475069216169 0.254039957311744 0.106823107146756
0.0688309807996578 0.240209663477485 0.19211788504789 0.134017280591127
-0.0737545325014083 0.224350917263105 0.10126094193269 0.155780562307374
-0.176099306151072 0.142297589344528 0.0190798391552409 0.133266556851914
-0.217375256652173 -0.0440391048393769 -0.0685501701975823 0.119946151775599
-0.13296926022949 -0.250343903163264 -0.0212048713115481 0.130763400223641
-0.0568822948166657 -0.337964279738691 0.0504020345234731 0.250946484814814
-0.101775758048012 -0.204560945849681 -0.121244251996306 0.533585468621885
-0.194172031787485 -0.104988471985674 0.24417269362155 0.326915676651263
-0.163081924071158 0.0618328334870615 0.121864463452955 -0.0386527251919621
-0.052071710077275 0.115862408085663 -0.0783196970345058 -0.0282285141754228
-0.00609698430934829 0.115905805865277 -0.0879322745150126 0.189758466669943
0.0470380937418658 0.11053677036862 0.12744813517541 0.289268410438976
0.087163492269486 0.0950085258247139 0.294334050947661 0.207266377327716
0.0701867413655898 0.0872061731569064 0.32267807726563 0.127943510359764
0.0444861114665459 0.101629465327229 0.287195389117871 0.147820208762204
-0.0065889554102253 0.117377730861808 0.197861548992077 0.17786443481952
-0.0639672498284761 0.0707800657635286 0.0815116226644405 0.173115151043959
-0.0612221101060342 0.00390287425981685 0.0183407158013572 0.11140954267457
-0.0392995301696169 -0.0132557444958912 -0.0310125168316269 0.108959022757108
-0.0481135229569023 -0.0749381970420929 0.0139111830643575 0.153539770658492
-0.0745864082010761 -0.151077052839361 0.0578651461242716 0.325932872400681
0.0554320451061714 -0.0372011208659883 -0.0662704793810976 -0.360948602030723
-0.0220193482498405 -0.0934466057514851 -0.119771702746532 -0.169659652311253
-0.098328816358901 -0.0105971850129396 -0.0320765259262385 -0.0819532757272546
-0.0428119138479349 0.10177013049524 -0.0198613232953836 -0.0583014495545751
0.0426536775743163 0.0666472947650075 -0.0273487604091241 -0.139144921329901
0.0618150593450058 0.0158154722632496 -0.155645703960721 -0.195388595312184
0.0586450843887851 -0.0302252258544194 -0.269836432441694 -0.166829896020451
0.0575409961478939 -0.0363531322220204 -0.308542320754323 -0.140769612114244
0.0540389094047356 -0.0245922195531805 -0.281940306733368 -0.192415825221797
0.0391634196055586 0.0149695292541423 -0.151222752028893 -0.261322637167064
0.0114150401514628 0.0463875719760835 0.0387647338109032 -0.206717857376199
-0.0480760644172921 0.0426240246122635 0.0483124281642924 -0.00333208132875952
-0.0508748487830651 -0.0616248342453989 -0.104404908246947 -0.01595723245707
0.0647507667207621 -0.0820221782253226 -0.211901202723117 -0.286859328105405
0.0995789959464419 0.00652415912515074 0.0893236894170957 -0.574154639622703
0.0520279843514937 -0.190772562681176 -0.086801987353501 -0.343940707422344
-0.0867926168860664 -0.21069109679639 -0.129846273406321 -0.162626617673521
-0.196942397576619 -0.0344199440648951 -0.0579666643348099 -0.0840353679034501
-0.120494682714096 0.178342152399316 -0.0361666987865246 -0.0317027319308421
0.0264789345222442 0.180169292305939 -0.0178971102363627 -0.107785246938947
0.111983076775006 0.12287596126195 -0.11926450246691 -0.170687067595371
0.163176286144725 0.0423619303684293 -0.220215533051115 -0.158927385303943
0.174889240357471 0.0238215625218297 -0.260745380944207 -0.141677863525497
0.175212296563285 0.049561013353205 -0.239714598788312 -0.183008718506051
0.120641121062886 0.155627614235189 -0.126872169158092 -0.248008940169688
-0.0027150163946969 0.209319662787875 0.042974430045072 -0.18713151757065
-0.163735095663642 0.183918220066232 0.0274724341203203 0.0101033952450244
-0.240705627709823 -0.074330576830499 -0.142285512224078 -0.01700338040189
-0.0601921843377868 -0.259357558091554 -0.221928217651148 -0.283299446242078
0.0763890583969681 -0.219569135525617 0.0737404484388521 -0.538785912014868
0.0360564487375689 -0.323111639696959 -0.11398554389264 -0.274471076054075
-0.157695360889695 -0.30537048198977 -0.122786977319312 -0.132618387283135
-0.28832798515592 -0.0479974657306513 -0.0713592473055034 -0.0938557740398445
-0.188286229091209 0.248315505563723 -0.0577622039336557 -0.0229118960575203
0.00880346464498226 0.280703766099657 -0.0262703455682433 -0.0697587390841087
0.150593064051458 0.217434287094908 -0.0805754887255049 -0.118942136724894
0.245726424775789 0.108495452349757 -0.143039057884475 -0.124821386896193
0.265307659438997 0.0803773753694746 -0.171976627002386 -0.12137281949388
0.267406741260204 0.117231609827629 -0.155644478482422 -0.147621112326295
0.181767014564155 0.276140107378043 -0.0745726952209508 -0.199375754616261
-0.0204662898849118 0.346979401947901 0.0544264689021719 -0.138448021586284
-0.265141308298611 0.30391215821157 0.0155434467097959 0.0342622226853599
-0.404217176455605 -0.0811119039282541 -0.161679210791208 0.00426161095935245
-0.176442387861378 -0.40676796539444 -0.211695344733422 -0.232541355621148
0.0461748590251565 -0.410565956148277 0.0625531269107541 -0.429340814673385
0.0050947606022969 -0.422710840127109 -0.1393801530206 -0.152990133080203
-0.24320310340836 -0.36945431304021 -0.0861481010919407 -0.0719199281549967
-0.37735202150457 -0.0385769650577779 -0.0649274202713388 -0.105730414989998
-0.239080140141228 0.318490430134743 -0.082654373161737 -0.0267359654722255
0.00078932897463716 0.362128389201344 -0.0472805314393828 -0.0200878336345535
0.178882888318026 0.288068975304944 -0.0379420930274366 -0.0413321766550638
0.29849463784968 0.1603598450271 -0.0447901059818462 -0.0680752106581648
0.31543378670296 0.123032867929247 -0.0573744904115624 -0.0825688604520714
0.314074993496006 0.166743202183689 -0.0450501117562279 -0.092204647933428
0.211205081829943 0.353230767035567 -0.00125139326793647 -0.123016710059107
-0.0356646649148298 0.434191130703975 0.0719597807098844 -0.0656254594216644
-0.328414535881041 0.376727483845881 0.0123502548257466 0.0682648600341231
-0.504769997782562 -0.0776238601730387 -0.157882590177522 0.0404853580645217
-0.256314233580542 -0.492536425359351 -0.177039504235292 -0.139880243175848
0.0156874848549325 -0.531472480145014 0.0547234337995565 -0.261706828065412
-0.0341986626024485 -0.469623749762372 -0.153133729593562 0.0137165238974221
-0.318579651271952 -0.384376707286926 -0.0143079105020959 0.0190419060290637
-0.436645102065077 -0.00411915701397535 -0.0358843511404756 -0.111749080188505
-0.254955294473281 0.363956210731884 -0.104282219889323 -0.030708126524102
0.00346332027241584 0.400128087508937 -0.0690409194439555 0.0438940045924525
0.189844558788688 0.319311914875904 0.012092296222607 0.0554253171368081
0.311770054780254 0.186480558910695 0.0637621790432002 0.00383914165041315
0.317413605756435 0.146623942844889 0.0657313680397802 -0.0306988669166593
0.308060664014589 0.190048345822707 0.0728978329100073 -0.0255949690022683
0.197745407498957 0.372757683356363 0.0799637088446874 -0.0318886062483663
-0.0504615290232065 0.438862699325982 0.0921664734834886 0.0206957052141044
-0.328680702428134 0.372496643094617 0.0156411223987092 0.103131260652765
-0.500227086502957 -0.067926949592696 -0.133213815281716 0.0824500421569409
-0.271986993043258 -0.488783056978401 -0.122383235005631 -0.0275402439343266
-0.013648467681618 -0.55268989473921 0.049422298142584 -0.0703025434230074
-0.0721794023787237 -0.448707422126083 -0.150469668816949 0.204410867425641
-0.34250018838124 -0.341417444843064 0.0799244698691302 0.127172821921175
-0.422483865493211 0.0302396311919441 0.00899020458003485 -0.102514002564719
-0.222130143587326 0.348763458775513 -0.114687239285931 -0.0271624949815494
0.00554042213052681 0.370399358979449 -0.082021023364566 0.11404306623359
0.172154351888341 0.295563746618243 0.0657960211198108 0.15471780438973
0.278746922787593 0.183163873832313 0.16799291645402 0.081116733393764
0.272305186864687 0.147115259775286 0.17939509979384 0.0264855500783124
0.251347444647703 0.185187154264187 0.177052755791741 0.0410545431707391
0.146272698562275 0.329401274414894 0.147905972430314 0.0553725431570748
-0.0629082464530462 0.358008383185219 0.104198975544045 0.0976722320759427
-0.268946328952911 0.280976236624243 0.0200362856507889 0.126162072039374
-0.387215069678774 -0.0588937282672737 -0.0975610878461668 0.11300032202392
-0.221301548059993 -0.398605588251654 -0.0639279039976466 0.0714218194269557
-0.0363170862037125 -0.476305724917828 0.0477227540210644 0.108013624445493
-0.0956218012491379 -0.35374039192226 -0.136207395763203 0.384527867172104
-0.295535741326543 -0.240017219191979 0.170789491745738 0.232515532828465
-0.319593290751122 0.0517852917962815 0.0610878409778957 -0.0755448966548648
-0.150166353075864 0.254045340532752 -0.105958980446767 -0.0220978708497287
0.00236304580799033 0.265064455539097 -0.0861748410308495 0.168088697260738
0.121637806560819 0.220553787465278 0.109538147351062 0.236407969234254
0.199765535876154 0.149744203519312 0.24871405448869 0.149507871820601
0.185259318524847 0.125487058340962 0.26755912617623 0.079737778602995
0.158363388273967 0.153850168497691 0.249801160078809 0.0984571295693933
0.0708848151359889 0.235696908607582 0.187902627708678 0.12528450359977
-0.0700085325368084 0.220661919846093 0.100281559040554 0.146523954719044
-0.169948385525793 0.138138850015933 0.021920348687055 0.125133931434769
-0.209368497018165 -0.0428897545747413 -0.0602566185009891 0.120726300118862
-0.130935346753152 -0.245872792219289 -0.0157037477958712 0.132315265256825
-0.0557564995488859 -0.328424338556727 0.0497709759310749 0.241818939851502
-0.0987770425432786 -0.19547746582289 -0.116861763391892 0.522755958386765
-0.187188099049464 -0.0995755520264839 0.238251423455327 0.315280177688973
-0.15503022664331 0.0603758262781599 0.113813612966728 -0.0406977486064194
-0.0499338147293821 0.111187676703472 -0.0801216825661112 -0.0256267527941528
-0.00547134141570562 0.11402067144838 -0.0861847041897513 0.191336240463424
0.0462635531543489 0.107762863278379 0.130730172355016 0.283863091784085
0.0857900478269458 0.0921897367623653 0.291450281775443 0.197716896297449
0.0697370029388422 0.085324521214574 0.3159135284347 0.118552099556816
0.0456833186611252 0.101332840790055 0.282369204216488 0.13807726157168
-0.00628955120042972 0.116694995791218 0.194974438585658 0.168187345070991
-0.0634757887537679 0.0693153366738996 0.0810157813218448 0.163919953903432
-0.0603948259984806 0.00184502948169875 0.0210111853827105 0.103559865333811
-0.0349996112991719 -0.0151339832189776 -0.0249602585356093 0.108656577488732
-0.0450426584175377 -0.0735852477144744 0.0188015531982839 0.152584928913329
-0.0721572864246581 -0.144485744911622 0.0576413775046181 0.315270553898363
0.0534026652617436 -0.0393254629481218 -0.0640895574760738 -0.354853606953702
-0.0272153232894978 -0.091521685144766 -0.119077799159138 -0.167863417607851
-0.0985122007238313 -0.00629671523562203 -0.0369103167632944 -0.079758160517413
-0.0389276427450214 0.103005842149306 -0.0218839817504635 -0.0503083713493355
0.0450325921341906 0.0652830530528887 -0.025315027727771 -0.132698530338395
0.0629694798651282 0.0140402817900436 -0.15276745565567 -0.188121829899214
0.0578318615401042 -0.0320988147541656 -0.265808530521845 -0.160215106057715
0.0559532666104087 -0.0382983528604648 -0.304891514527986 -0.136423057686666
0.0526965592171849 -0.0263041037100747 -0.279863444889784 -0.188907024579041
0.040637594741888 0.0141098235730515 -0.154319478215629 -0.259405904706009
0.0138401853183119 0.0470299883722108 0.0370971178169291 -0.209555074731672
-0.0461149025589993 0.044203612904079 0.0525214172712806 -0.00602579323936965
-0.0533865747675961 -0.0582452178419764 -0.0991976749869588 -0.0149779066693004
0.0605505118172808 -0.0828464315756543 -0.208934150073086 -0.276529126125464
0.0973518522833608 0.00337788876840584 0.0876026775136383 -0.566198279734359
0.0513540443852966 -0.19099714142823 -0.0845165291296237 -0.338191509396241
-0.0905260611495683 -0.206791191744667 -0.130617277402315 -0.159843685090475
-0.195127763316138 -0.0312924466879459 -0.0633691676204648 -0.0809710546644362
-0.114576978762538 0.178188496590166 -0.0364274000834419 -0.0243320671958986
0.0299699169030965 0.176995294136731 -0.0165758100136992 -0.102075450463272
0.113782394283371 0.119297231527557 -0.116399517675173 -0.164971691793358
0.16221278501941 0.0375785728199469 -0.217631615713922 -0.153472300880948
0.171570654474101 0.0196862051484664 -0.258019360637786 -0.137316609715262
0.173157060509829 0.0447204606084971 -0.237853465035015 -0.180432631168321
0.12298520393571 0.151936248961788 -0.130238803659857 -0.245909033518645
0.000918331762743857 0.207765097567057 0.0405809733380415 -0.189816971731236
-0.158191183182141 0.18425532385933 0.0316295885468746 0.00705095640753881
-0.239515659196407 -0.0711667556390739 -0.136105931392233 -0.014241425390389
-0.0635846782789373 -0.258710593684858 -0.219604593216766 -0.273361811994764
0.0752114812511702 -0.218733241440601 0.0726993939715617 -0.529865535214353
0.0388616585164466 -0.321078472443522 -0.112947221996591 -0.269029395941142
-0.161027589309503 -0.302190781179931 -0.124496171548329 -0.129434445106138
-0.284029652625693 -0.0453763305912492 -0.0769700343476561 -0.0902254289943389
-0.181223631918612 0.245914365377173 -0.0576438759130445 -0.0158019685364454
0.0138653030250871 0.276975002545087 -0.0250180334725974 -0.0641629782554171
0.152751757041764 0.212768599071494 -0.0779105433252596 -0.115462264041427
0.244851385272152 0.103385478205931 -0.140765436946475 -0.122383752283538
0.261366423927588 0.0742796631713372 -0.17075439159772 -0.118422538083269
0.265549791100255 0.110437252914853 -0.154778655780203 -0.146200123226064
0.184802515345202 0.270979677684228 -0.0785380178470926 -0.199197678277505
-0.0142713304100271 0.344481714161007 0.0523934221193264 -0.142780278294586
-0.257651395159256 0.302630682155525 0.0198361600220235 0.030859206347957
-0.399951569983368 -0.0785844780465921 -0.154492423775418 0.00764233173473687
-0.1780583420623 -0.405123166801178 -0.210282687577433 -0.220887667884387
0.0466672128705989 -0.406776626664729 0.0597328257541665 -0.423460892770472
0.0100944897404643 -0.418285643135312 -0.137786648743481 -0.148690519023999
-0.243096883427956 -0.364446643003526 -0.0887876602484112 -0.0698375054370657
-0.371376039197355 -0.0363273457136126 -0.0714673681919723 -0.101971261586497
-0.230736564203168 0.314659998604584 -0.0821757943602558 -0.0195521551575636
0.00788845575432063 0.359033517702435 -0.0460475088648145 -0.0149204456791994
0.180908902938651 0.283851830050358 -0.0345485494937842 -0.0391935734751919
0.296132266185951 0.153268212169766 -0.0427358523482838 -0.0685493318440512
0.312126286499851 0.117352225017883 -0.0576574454698092 -0.0822932204348825
0.312130959929025 0.159263282780195 -0.0456785927962174 -0.0934939086159716
0.215246375620399 0.349492167344243 -0.00592542045537137 -0.124408439210537
-0.0310912986946123 0.429517992415432 0.0703671889799972 -0.070329056005682
-0.316926391058847 0.374757822835889 0.0160976402369752 0.0636392548163027
-0.49777449675136 -0.0744602479080163 -0.14975408271806 0.0441304825926441
-0.256062046162661 -0.487373720181546 -0.173912516016008 -0.130552806455823
0.0168032113273398 -0.523464287291703 0.0525305641495348 -0.260002157090085
-0.0310770186534816 -0.464393437029698 -0.152507859195003 0.0164245273880422
-0.314339571321592 -0.380934494624737 -0.0183831661359618 0.019510540299238
-0.429350209104705 -0.00429099925712386 -0.0428129046267925 -0.108120688319656
-0.246230708172519 0.359822844577716 -0.104601424347748 -0.0239313289640911
0.00918196080946737 0.395999258079841 -0.0673990342410336 0.0491737612972023
0.192095894538408 0.312445809693933 0.0157863433217784 0.0558210699795427
0.310279010395478 0.180976366056938 0.0648430207493296 0.000862625460471772
0.313378209524875 0.140286824854328 0.0640446256242156 -0.0325486945772919
0.306569019129843 0.184121330092447 0.0719019765125456 -0.0297279422760835
0.200264577431904 0.367348731458513 0.0753698353900635 -0.0356833979388445
-0.0432911618037665 0.434678092348451 0.0903849560513647 0.0140327074220532
-0.318970011239626 0.369005961670248 0.0189576417395888 0.0981257224740025
-0.49302576320091 -0.064955395473472 -0.124242881027671 0.0851176643675441
-0.271041605274443 -0.484574109488637 -0.119018147239758 -0.0204295599098725
-0.0109173295214106 -0.544604177812205 0.0473195252084766 -0.0715650630595081
-0.0666730275834627 -0.442021928576566 -0.150833446243672 0.203831600170578
-0.338618883690145 -0.33717718328992 0.0755749662592226 0.125433503650047
-0.41273646462368 0.0298148904575045 0.00142451305253297 -0.100217549522379
-0.216026621162428 0.341946476756209 -0.115440507792107 -0.0220812997648577
0.0108004544259098 0.365289626301614 -0.0814680656525091 0.118364237391633
0.172593119112373 0.291652286090954 0.0695401973836889 0.153532208351778
0.277722481087699 0.177003968002981 0.167615814668562 0.0752354886942482
0.26946301834578 0.14222892747303 0.17644474249591 0.0227262412162087
0.2512800665059 0.179959558386285 0.17450796368306 0.0349747283094848
0.149587385232313 0.325204396986782 0.143635908418323 0.0503499759927727
-0.0579154574635577 0.356085609476228 0.102745595150856 0.0901517369550513
-0.260519346911861 0.27676286175355 0.0225062172886457 0.120008782388381
-0.380152872563368 -0.0576861845696841 -0.0890478109186061 0.114790278449741
-0.21943546805097 -0.39568118740172 -0.0601515395098927 0.0753097595958403
-0.0336737521365392 -0.468807823839081 0.0458996861272056 0.104245633314868
-0.091599829830643 -0.346470351038246 -0.137177516577022 0.382508808687914
-0.288710173820021 -0.236632772227505 0.166864195024577 0.22713900132354
-0.311311336219753 0.0501183568093156 0.0543435691611012 -0.075502844884122
-0.14542290705724 0.249162458530445 -0.108010428861504 -0.0182791651728472
0.0045992693841921 0.262288953692335 -0.0854037483696283 0.172253757829129
0.121827510770338 0.217096312979216 0.113168648083452 0.234439966530887
0.199468683475083 0.145492303280017 0.248644190005692 0.141693920066036
0.183898247984091 0.122168604203446 0.263796344552274 0.0743252001523121
0.158401815085039 0.150835248568428 0.2472607669286 0.0911494392937409
0.0735340486412994 0.233959502620945 0.184598694793168 0.119093696607306
-0.0667286662614429 0.218875516098714 0.0991572881231799 0.138929753458848
-0.165913701156115 0.134980862506046 0.0230058062763951 0.118141729462203
-0.204083799847428 -0.0439841832609081 -0.0527305649289643 0.121604794974057
-0.128610727351814 -0.243967334887733 -0.0109068177509073 0.133445021995371
-0.0525970562458679 -0.321277454972305 0.0494097441820095 0.23622656208626
-0.0957063094358494 -0.188759717356989 -0.116797594746844 0.519040560770428
-0.182129965751953 -0.0972399310752839 0.234731056736789 0.307477836490458
-0.149016402485592 0.0585444620139453 0.10748767601558 -0.0424107099354027
-0.0489527364050455 0.107342968844292 -0.0836136981844779 -0.0232760090967359
-0.0060922954016686 0.112888474187425 -0.0856251521582876 0.194678957462336
0.0456670967566951 0.107055197660681 0.134162029144736 0.281591729013613
0.0854684117360064 0.0905944945741687 0.291095307847744 0.189643306131522
0.0701359209672683 0.0845407989879192 0.311548679432469 0.112793429259968
0.0471681743117235 0.101347439568376 0.279503658230262 0.131017502394554
-0.00499537896004851 0.116938639369834 0.192832054415438 0.161256105197234
-0.0635784887313117 0.0691685038576322 0.0799189215626706 0.157424875128933
-0.0606577816760288 -0.00151026202445656 0.0216905119365681 0.096707992067449
-0.0314989621840092 -0.0176479078569608 -0.0188501888172826 0.107973714886764
-0.0426513368169197 -0.0735164567654147 0.022953619841987 0.152565346544048
-0.069608388348896 -0.139390505210143 0.0568323612131997 0.308352145881487
0.0617987684746373 -0.0264526854018025 0.0115671860141354 -0.357300453103744
-0.0101869286224968 -0.0915232507888775 -0.0804089651252152 -0.188347670846998
-0.0933115211998473 -0.0222001577388019 -0.0232520325873393 -0.0864809231643151
-0.053300451886055 0.0927481106596485 -0.0145617605855499 -0.0484415539315418
0.0330713303176515 0.0728345786676784 0.00239991437856462 -0.131017051577119
0.0610713530805644 0.0261912939305605 -0.110043757026676 -0.211362856272608
0.0617580392447097 -0.0196552142949923 -0.223532377966825 -0.21004967244921
0.0623433023209683 -0.0276737891752491 -0.264503048347597 -0.192779230909995
0.0572408501646752 -0.0151883465760282 -0.231230891158175 -0.241315316953714
0.0371653467734018 0.0222327266037475 -0.0943192474711669 -0.283950655529198
0.00485883117343248 0.0497450885328692 0.0801958550764056 -0.197377762027132
-0.0526476742653339 0.0340598249351668 0.0561953193532031 0.00480196326723068
-0.0414195292484285 -0.0671791534991088 -0.0920364153989942 -0.0361780218016176
0.0714699987941453 -0.067877386602718 -0.145802115130894 -0.312569520164831
0.0926485317768449 0.0235272779940266 0.217707532158445 -0.542196265084003
0.093521080664796 -0.170495475191511 -0.0111569333617691 -0.346370271579798
-0.0471771390295724 -0.214180863045573 -0.0886911457534912 -0.183136957386322
-0.178468630289022 -0.0660702879991868 -0.0480496107326808 -0.0953421512938829
-0.1373451651977 0.147217090670565 -0.0354223992102962 -0.0269355438174463
-0.00328488979230073 0.176455141538154 0.00471577254381948 -0.101523308010627
0.0884433709025631 0.137249929806108 -0.0813677367408591 -0.18242117682526
0.14873979639904 0.0672782925187525 -0.178213572690149 -0.193574435940127
0.163887015484389 0.0524601907052805 -0.219478238847647 -0.185630005427775
0.157501359438611 0.0786900860635205 -0.191950773107888 -0.224156691020461
0.0881684186248074 0.172423697099281 -0.0742684906833499 -0.263088677026561
-0.0418632543863695 0.202363549002033 0.0792634354882595 -0.172398965945771
-0.189687551080012 0.140660587928721 0.0294710551840219 0.0188219099718292
-0.218316459820094 -0.123550454056504 -0.133560699785483 -0.0417476390053021
-0.00859888664434462 -0.265926992550354 -0.156857631130083 -0.313870259058157
0.122750536071632 -0.195762645921628 0.193321580001338 -0.511460890304168
0.110613871439883 -0.297036725540845 -0.0523949709989512 -0.285940414076277
-0.0942680011566141 -0.31695765251165 -0.0850974061720579 -0.154047752573174
-0.260100133382525 -0.0986747823676491 -0.0592699467222773 -0.109140507250766
-0.213282870597967 0.196570920820205 -0.0579473239084043 -0.024450268029497
-0.03872654999855 0.267354093984229 -0.0103474529940782 -0.0681684334596511
0.10696833719964 0.235187643811479 -0.055730176000266 -0.127102212353263
0.216224728661773 0.145760163815353 -0.10969828691764 -0.14650409829782
0.239826037237112 0.124318395317391 -0.139507191569446 -0.15061508303767
0.232631602934562 0.161221127412482 -0.118904643198645 -0.174074258531947
0.123174466041051 0.299569587798869 -0.034754537891206 -0.204864049351488
-0.0872668076220562 0.330801869426617 0.0795888159965178 -0.120415776931974
-0.308676565558935 0.230349521378718 0.00920507520892294 0.0433202776717541
-0.371131710718636 -0.168437283677587 -0.159575431342592 -0.0236702256727759
-0.0856393580191527 -0.432508537961495 -0.156324915009764 -0.264192437429588
0.137614126193551 -0.384486896977732 0.15598333805159 -0.409794375473192
0.102334637480325 -0.395287380573437 -0.102056644845395 -0.174695712311194
-0.159460255595894 -0.393849287522815 -0.0605897674849916 -0.090319634755184
-0.343871139673257 -0.107649407332854 -0.0512360285412458 -0.122426285102965
-0.273543329769626 0.250097416993818 -0.0830050551550537 -0.0345629888527271
-0.0623965825413388 0.34255206341919 -0.0413753580625562 -0.0257210053439833
0.119659962324461 0.308302557917017 -0.0304268746461972 -0.0446624962664782
0.25583930975057 0.203772404260845 -0.0261187160363165 -0.0739289173677276
0.280019163540749 0.175835420670339 -0.039112796828364 -0.0931080871686232
0.266693271015805 0.219079948846695 -0.0244857540757269 -0.0999480221063698
0.134391018344158 0.379825839082861 0.0186444530610417 -0.116654200410915
-0.119721822816103 0.409594107649778 0.0802308724124642 -0.0446211934100547
-0.381242397481606 0.285601868290824 -0.00374098945076367 0.0748245160204762
-0.466006915755052 -0.187845137738485 -0.165391603920491 0.01370260404666
-0.141687878769038 -0.531592860301472 -0.138544335197047 -0.168640120899581
0.136448544257798 -0.502351790909361 0.11007474696482 -0.250043434049049
0.0748447922703982 -0.448383500486441 -0.150515713935549 -0.0182620565282027
-0.225539677023417 -0.4222541262828 -0.00867363798092181 0.00817991453906635
-0.404407849273598 -0.0893787830459978 -0.024218990303669 -0.1243912512485
-0.296851307766529 0.287194926264198 -0.105601146800182 -0.0444599570582638
-0.0689643446695887 0.378747097534482 -0.0755038277356016 0.0319442859418744
0.123254982890456 0.33798311954229 -0.0016807286377754 0.0579707261859074
0.264112800471658 0.231938720234324 0.0639614548160126 0.016129669055984
0.278092585075584 0.199649963544736 0.0672986779605156 -0.0202904350538258
0.256202134903772 0.240721534840636 0.075465663180021 -0.0140247285923894
0.119199384338653 0.396190537678853 0.076982432533271 -0.0141071739631335
-0.134846532522299 0.412141607705488 0.0809751197093413 0.0413652648273144
-0.381920929053704 0.277654036605578 -0.0094066971447437 0.107745394168802
-0.462323639825492 -0.179750883490505 -0.14872634250949 0.059901811220257
-0.156200864187651 -0.532487233441131 -0.106961258191039 -0.048933734030551
0.115597435654061 -0.52855236432468 0.0607442044168005 -0.0649219127053632
0.0321016735212661 -0.434838853354496 -0.188332809434007 0.164666202643563
-0.257225079731128 -0.385869635451031 0.0603836462622847 0.127450849966419
-0.396089024649908 -0.0546518510862811 0.0159600765785379 -0.108100117360258
-0.266980838500355 0.274659890409123 -0.117109981375521 -0.0454507442242643
-0.0612299159020089 0.348918834705662 -0.103294527563584 0.0968862475216529
0.108160740193201 0.3137368070407 0.0315538514040769 0.164311979353447
0.23348844008287 0.223408053140065 0.148889472463177 0.109898053467654
0.233791498287624 0.193231184232131 0.164089565735627 0.0555553550364259
0.203624203593917 0.226736313458794 0.160766900554868 0.0695883739491851
0.0782509962540592 0.34436827067541 0.124806718050312 0.0822140118944942
-0.131612868783226 0.33177619159692 0.077225027395237 0.114896964168634
-0.306912313653581 0.203517086191955 -0.00925315991081896 0.126082441377356
-0.352625084394532 -0.145271517242266 -0.117271804709021 0.0958658044651666
-0.123754948657576 -0.432611831830444 -0.0684791759303414 0.0588597696812721
0.0758608538424906 -0.459698057048758 0.0191441533919012 0.110570277131958
-0.0137044780246027 -0.350012694214958 -0.210424376511288 0.34238084438751
-0.231030018992477 -0.280192076622719 0.125030555762787 0.244081833173358
-0.3028023289618 -0.0136465239433185 0.0609465448381977 -0.0724121039409699
-0.183623673949067 0.20152451968874 -0.109709410964719 -0.0406583305586765
-0.0477052478240151 0.249378928930632 -0.118340203806183 0.149949937309706
0.0720242377489231 0.231736890664543 0.0593603204961737 0.252186066621859
0.163999364613346 0.177147538018098 0.213526795685837 0.19133865754754
0.154302793653734 0.156980779436712 0.237995439444099 0.123625421484373
0.120486563793065 0.179522844350277 0.219047762648148 0.137958051413391
0.0224153360442688 0.240499139953156 0.150276845151613 0.154846422372784
-0.111664858866567 0.196501501612719 0.063273403151718 0.157345286224323
-0.185634036555963 0.0884798032352379 -0.0059307876842522 0.119677688514272
-0.184259250094969 -0.0914317533097081 -0.0784275374012506 0.109964735183489
-0.0685835147489048 -0.265569488477131 -0.0334967220203855 0.128599076975746
0.0238378024370229 -0.320276938257562 -0.0075695749887978 0.242770533723156
-0.0532691501961089 -0.201978734809538 -0.219956643096293 0.479441323900252
-0.156749088123628 -0.126332806995595 0.171184663085748 0.335940600928147
-0.150388067798178 0.0267747790441984 0.106313732619591 -0.0260357859886096
-0.0665363606223397 0.0875591941521341 -0.0835892616047443 -0.040119570712657
-0.029118543885528 0.103582405165108 -0.12346866504999 0.173975985328262
0.0203706717170945 0.110528127177483 0.0726848584099381 0.302509395043129
0.0650860985557241 0.102785817748697 0.244885213350689 0.246310803170177
0.0501174290802933 0.0973184805996475 0.276354587749705 0.171369404306165
0.0237788780674142 0.108369011955103 0.241613577762156 0.18298669623736
-0.0297305726082015 0.112681665365744 0.149697212518677 0.194599762632774
-0.0770887005657993 0.0517746267989476 0.0420286579328297 0.166819621216294
-0.0572931321379777 -0.0175213183176045 -0.000236087299145113 0.0939027505930751
-0.0220980584562561 -0.0263607056427308 -0.0378830545571467 0.103022307368679
-0.0219264447098524 -0.080101224410161 -0.00498994677777606 0.156796558789077
-0.0344539188262691 -0.147866711288863 -0.0156337832026378 0.316698916466298
0.0596742402851015 -0.0285929722508165 0.0133292843843027 -0.35141434638288
-0.0141596104972442 -0.0898310687209148 -0.0811721221568041 -0.186064497120126
-0.0928545839938762 -0.0183982023783428 -0.0284395730910401 -0.0842152839083545
-0.0484312085443497 0.0939371097449938 -0.0156970830995159 -0.0415032936062829
0.0351973144351572 0.0712719370376267 0.00320486760743869 -0.125071497372734
0.0617353408075219 0.0239609951978258 -0.107253433049972 -0.204770841111617
0.0610843913855144 -0.0215195805432359 -0.220847112232832 -0.202442577970372
0.0605849687103152 -0.0296206914370334 -0.261428770824087 -0.187281041580057
0.0568741945755193 -0.0173359029450823 -0.229944770302933 -0.236471324072792
0.0384424849309409 0.0212744719456304 -0.0974638281734638 -0.280709369053229
0.00688636381317944 0.0501302528213571 0.0785371868014441 -0.199943318751751
-0.0505448680795021 0.0365998949838427 0.0599245585740434 0.00276867153132196
-0.0436314716501876 -0.0636225017948977 -0.0872381711443968 -0.0348310144018422
0.0671619392624631 -0.0683418582543108 -0.143604194719707 -0.301754580977287
0.0902842630749416 0.0209997903521959 0.212167308425732 -0.533500977039144
0.0924087538177366 -0.169823863417493 -0.0107285362082907 -0.339470513563908
-0.0515070773844483 -0.210371591580188 -0.0899993816032416 -0.179094767549519
-0.175835101958767 -0.0620136937489905 -0.0527808547899439 -0.0929015051729995
-0.130836931346161 0.147100788374556 -0.0352429189200655 -0.0204041287572961
0.000520097870208638 0.173049047897909 0.00589401336230135 -0.0960114714653157
0.0903000547009847 0.133553899911322 -0.0784195616314975 -0.177042434982268
0.147826389551695 0.0626625153639868 -0.175398416005902 -0.188278100813268
0.160810742030726 0.0477616981422121 -0.217345100811353 -0.18075548133097
0.155794927877788 0.0741367278933302 -0.190902075405673 -0.22085107347533
0.0907819904922318 0.168316046296823 -0.0786043373174859 -0.260584205978997
-0.0375624370033167 0.201032406520763 0.0770842738408971 -0.175014757125928
-0.183380661257018 0.141275852076618 0.0333851652425622 0.0167984982199789
-0.217440200172535 -0.119182172625995 -0.127184153707394 -0.0386025550435163
-0.0124048701289765 -0.263259961229509 -0.154568587274241 -0.300850123698724
0.120973147979267 -0.193878623067545 0.187879749748513 -0.503868126646019
0.109176432391162 -0.293877373819314 -0.0508976533547398 -0.278231607050081
-0.0972832210016651 -0.313791415898721 -0.0866909872628115 -0.150358840530078
-0.255966873142404 -0.0954353362662706 -0.0650693064073234 -0.105895197025383
-0.20501940690879 0.194931370941678 -0.0580683157660976 -0.0179977523788732
-0.03301498883924 0.263767449311209 -0.00954756420060755 -0.0633637351658659
0.108911101694896 0.229696760248372 -0.0533425193818467 -0.123391933295638
0.214811757451966 0.139201944292151 -0.108045681280968 -0.144061077844863
0.237147978978283 0.118528605839175 -0.138488111261726 -0.147059361743401
0.230366307649847 0.15519531400986 -0.118318354062841 -0.17337932852444
0.126711272418625 0.2926008726104 -0.0398768098854679 -0.203431298547283
-0.0801759783373394 0.327804735632795 0.0772174487628586 -0.124038224436472
-0.299403136071144 0.228801669140698 0.0124545643030008 0.0399803513964929
-0.366043035263168 -0.163080577030608 -0.152221336555268 -0.019621832759188
-0.0869918367589626 -0.427591743182809 -0.153958527097138 -0.253059280179262
0.137132853233221 -0.377269399866766 0.151806956491066 -0.404691536418222
0.104475872183719 -0.389094922321429 -0.10117410676454 -0.169037163723261
-0.160622712823809 -0.38939868400277 -0.0624083369960888 -0.0874623696195986
-0.337441333259128 -0.106360441281724 -0.0576579050716303 -0.118226714192303
-0.264031397198975 0.246895925329188 -0.0827869903578442 -0.0277600610090926
-0.0559525821567915 0.337992877933237 -0.0403306526024987 -0.020417205331612
0.121832200841201 0.301884651402251 -0.0278167387078116 -0.0426439987050903
0.254545691716671 0.196781216833039 -0.0253333015380733 -0.0746991194878223
0.276404857647646 0.169210222771734 -0.0393231293750394 -0.0922486404652084
0.264471839001714 0.211644329553447 -0.0246129869061558 -0.101380070666528
0.138830510246522 0.372280594869473 0.0139456287347236 -0.116944197521996
-0.11350884427641 0.405559590203205 0.0777691099365976 -0.0495924303820821
-0.371121680692516 0.28327368106611 -0.000537051945248968 0.0711226660204715
-0.460270587634882 -0.182912878074579 -0.155836377902469 0.0179407997640022
-0.143355412824718 -0.526403864229841 -0.136281638148677 -0.158907623772826
0.135806601171084 -0.493202020944969 0.106111936458585 -0.247758099876275
0.0771294089831056 -0.440791545974577 -0.149850351172272 -0.0139495882841757
-0.222734832690746 -0.416426235370932 -0.0114506962416289 0.00953448478922753
-0.395393913151123 -0.0886439243042723 -0.0316400297385804 -0.121348344446423
-0.28711166327803 0.281924720643328 -0.105965754609471 -0.0380343728418211
-0.0634362554479595 0.373159621609906 -0.0755922302901857 0.0365447065782936
0.124803215194395 0.33315054214144 0.00174659048401968 0.0585551816373092
0.263516931854261 0.224986200630302 0.0640816653754563 0.0123317742554432
0.27503238153124 0.19343392534332 0.0653926286176829 -0.0222239606009223
0.254683121795588 0.233637370758557 0.073431558992769 -0.0185103143740469
0.123553336909789 0.388498787276347 0.0722040797846595 -0.0161482283314402
-0.127700150287639 0.40786095723619 0.0792957352847536 0.0350094903730387
-0.371025838599256 0.275769184579761 -0.00623351455603388 0.102310290067662
-0.453919639499854 -0.175321601770884 -0.139681902626181 0.0631123196908299
-0.155795660635202 -0.525774887179708 -0.103552711430466 -0.04255318550212
0.115816588945849 -0.518393986124199 0.0572204398259634 -0.0650247375183209
0.0350426115899749 -0.42767000698825 -0.187395834350274 0.166190928645242
-0.253360643405739 -0.379729607967511 0.0575620946667992 0.126171000013473
-0.387126244269676 -0.053943967332354 0.00826521058032843 -0.106525989380987
-0.258763372462449 0.270742520159737 -0.118810397723161 -0.039863992656692
-0.0573669992552297 0.344975395206456 -0.102477230623711 0.101811216038692
0.109818179608398 0.309724794438131 0.0351065234597906 0.16327764070903
0.231201822744137 0.217166667412348 0.1490731539761 0.103838684434535
0.23167170785991 0.187675890327937 0.160829672823148 0.0526027387195438
0.20351601280772 0.22068153483187 0.158416042115846 0.0637439270844295
0.0818345754731368 0.338956972415517 0.121192455148349 0.0779237594485636
-0.126530759570539 0.328538996469864 0.0759166314176333 0.107364226446453
-0.298442819690133 0.198962505646595 -0.00775162058487251 0.1197796711459
-0.345807350178375 -0.144055215888913 -0.107871979098923 0.0980062623617288
-0.124193016714432 -0.427212546999201 -0.064104543702522 0.0626467373849382
0.0773733752315981 -0.450627488406318 0.0170383174881248 0.106682758295177
-0.00998679613688679 -0.341927703405697 -0.210406374728163 0.339737266865838
-0.226346407647317 -0.275782628495358 0.122141010258495 0.239225309965977
-0.294189850461071 -0.014833149599858 0.053718137669505 -0.0718984306512945
-0.179099680099465 0.196398563407924 -0.112778124873007 -0.0362913135044812
-0.0452976981474402 0.245305514186507 -0.118009748921114 0.153809757653459
0.0727993771905804 0.228845049962402 0.0621967313654649 0.249822979013904
0.162927074943574 0.173166687311261 0.212782192269528 0.183432394207578
0.153156492792651 0.153267490654212 0.234604544876333 0.117737455168188
0.120956764255593 0.176102363578128 0.216371041303084 0.131417692307753
0.0257252005807941 0.237875353571796 0.147404152060133 0.148100710381919
-0.108754248685533 0.194606095772675 0.0633092449665079 0.14966031063725
-0.181555729854164 0.0855859920699351 -0.0044406144369975 0.112876022050869
-0.178652390026006 -0.0912620448661955 -0.0708339027598374 0.110901748963934
-0.0678214464599388 -0.261657444352588 -0.0286684758598435 0.129556657073642
0.0255356423532477 -0.311792864586531 -0.00793275103274116 0.236101834449712
-0.0511012834860806 -0.195547337248492 -0.218437100713626 0.473996959068043
-0.152944078178181 -0.124103033545014 0.167712936475165 0.327528904627144
-0.144236663806524 0.0251301725277749 0.0996279662907544 -0.0271160947775305
-0.0655944302174036 0.0841134115661711 -0.0873512490875699 -0.0374110387849306
-0.0288738370683176 0.102115079869512 -0.122623836818689 0.176296199027978
0.0197870096051945 0.10940531454203 0.0759051969246376 0.299095444759792
0.0643676712951757 0.100977508477472 0.244211447136309 0.23828610344194
0.0503192271902841 0.0963817716543065 0.272879384364664 0.165278083442725
0.0252425481096165 0.107837976570884 0.239400831284541 0.175147994165997
-0.0280529730384383 0.112386019179315 0.147457442465796 0.18756727082367
-0.0769645162120474 0.0511983031215447 0.0417318632791451 0.160227549371948
-0.0572325729886906 -0.0201784941732181 0.00112089105575788 0.0872274469244292
-0.0186609428792858 -0.0283752746239141 -0.0322646250047511 0.102728136677932
-0.0198076205896888 -0.0794317724917514 -0.00067347745336135 0.15570105318043
-0.0321242168557808 -0.142455608465892 -0.0151504864389145 0.30882112110961
0.057284642626648 -0.0298556393182849 0.0189331809896183 -0.34572326474063
-0.0168316820759011 -0.0877450396887492 -0.0796647822421108 -0.184569982780963
-0.0922163374824543 -0.0154502113745947 -0.0314520588209979 -0.082081321815154
-0.0445525257512579 0.0940641541873636 -0.0158090007909923 -0.035599472277159
0.0368178620494955 0.0698886117726664 0.0055044043694332 -0.120322791945912
0.0622417990713374 0.0222857771429666 -0.103238331813047 -0.200902383193732
0.0610572613635281 -0.022778366454616 -0.214985022066862 -0.198013488666957
0.0587650046972436 -0.0307375380505184 -0.256414616445379 -0.183785793635982
0.0554118959545567 -0.018611640093994 -0.226713820368309 -0.235697446049221
0.0394935424626476 0.0204807587929133 -0.0975014262568131 -0.278876522916892
0.00896008025119425 0.0501652384937083 0.0775640377187045 -0.201166569711991
-0.0485882121919784 0.0379600346754471 0.0626246427663748 0.000620216330789067
-0.0448167310267162 -0.0608265468233955 -0.0820507899729564 -0.0343895589040504
0.0638024689930636 -0.0678083186577274 -0.13721958644069 -0.291934586350514
0.0879133605961286 0.020303771921688 0.213877828802513 -0.522192023221504
0.0920421698256478 -0.168701961320897 -0.00457243490971771 -0.332280468577572
-0.0518858807941882 -0.207243159407597 -0.0889443338427985 -0.177018772510275
-0.173476159232185 -0.0603591891883939 -0.0564263929414105 -0.0901793018487802
-0.125461573552992 0.145720814363313 -0.0349879895093766 -0.0143400762575315
0.00272339529989465 0.169873418536277 0.00751826859644786 -0.0915058739231231
0.0907557860308057 0.130129109812029 -0.0750779728533629 -0.173590435631361
0.146454417087754 0.0601812897666855 -0.170717257087903 -0.185426205816793
0.157817225101313 0.0454487352978212 -0.21301579159749 -0.17878507195334
0.153782604988803 0.0716152284237839 -0.18860248252431 -0.220076299210929
0.0908582092778048 0.165116736312794 -0.0797018662390426 -0.258519863818633
-0.0354344458073817 0.198982425504529 0.076185575297391 -0.176438608569667
-0.179392330990106 0.139774605954242 0.0358084829078157 0.0146760705311944
-0.214067239252815 -0.117184328282877 -0.120486384834444 -0.0372535377328476
-0.0126326917835934 -0.260848480387989 -0.148781834538739 -0.291816667258102
0.121819963616484 -0.190422716855883 0.190402238252485 -0.493509099703532
0.112510147886967 -0.291007703599231 -0.0461461880810993 -0.272240859937225
-0.0961339863660114 -0.309753322414147 -0.0861332359655894 -0.147188636822133
-0.250909316964644 -0.0951119286320199 -0.0692494018144336 -0.102818011284837
-0.199786660078926 0.191325339091645 -0.0568136876644819 -0.0115816773345464
-0.0303078097067691 0.258980622381205 -0.00872594320864378 -0.0584596138061825
0.109375911631088 0.226150260951926 -0.0494064282146304 -0.120844992295807
0.211351490304683 0.13578656600629 -0.104799314099884 -0.143375363062789
0.232710785083308 0.11482946590916 -0.136135777387402 -0.146562126001531
0.226276821000744 0.151002272612714 -0.116267227473921 -0.173358431915497
0.126410021031532 0.287779474382368 -0.0418510116739366 -0.201376210186277
-0.0787418981027067 0.324012412934603 0.0757095736846887 -0.127154633972645
-0.293017322217734 0.225315258733839 0.0157415875900164 0.0375177606114538
-0.361272323648149 -0.163520936511125 -0.144767902963322 -0.0182289639256789
-0.0852164838403277 -0.424550889011686 -0.148446408698201 -0.243743367955948
0.140883394435633 -0.370632133590502 0.151596784162248 -0.395789502986834
0.11029893575273 -0.385186150051203 -0.0972830923475067 -0.164299173801593
-0.15676067335155 -0.385157720845539 -0.063386264131997 -0.0852607401046672
-0.329507109117908 -0.10892989014356 -0.0637467563460246 -0.114508423209734
-0.259759241757834 0.241735861365219 -0.0815680237192158 -0.0222475114690633
-0.0533900848501982 0.332975663443656 -0.0394573091118934 -0.0159713847694509
0.121700904992747 0.299025794636351 -0.0244892246170648 -0.0409708950398143
0.251346006179217 0.192599298206984 -0.0238896704597637 -0.0759298013162571
0.271783937003231 0.165831349281265 -0.0383436041775472 -0.091956618348071
0.260495284452183 0.207369519989498 -0.0249058614553446 -0.103491196858072
0.138190214539205 0.36706809291586 0.0104078098327425 -0.116643916325492
-0.111337391656299 0.400834551046272 0.0760288150254403 -0.0537775261189057
-0.364035539509612 0.276701930893071 0.00139712810190338 0.0670529657502114
-0.450358017150535 -0.184640524766953 -0.148078569967482 0.0183799080595879
-0.139088275878287 -0.520216356519191 -0.131318709869107 -0.152149581538118
0.141504510319955 -0.482776142986031 0.10503983493919 -0.243924356261578
0.0845367491336775 -0.435051859605083 -0.148313774266625 -0.0115813093421852
-0.218722748588466 -0.413896113804435 -0.0141124998717601 0.0106866129452231
-0.38714204262815 -0.09237392890666 -0.0377496545247141 -0.117483736993223
-0.28397930949601 0.275740782484803 -0.105377966261417 -0.0325206377590214
-0.0623456280330726 0.367655715422485 -0.0750247463031061 0.0405639248085905
0.123879479375084 0.329050331914431 0.00410074631672028 0.059306161994994
0.258735805557173 0.221153372572485 0.0638767351222078 0.00916731909097235
0.270424996652593 0.190499415161813 0.063933508400006 -0.0227750815346874
0.250386758492261 0.229862715747564 0.072009597607252 -0.0209369189231672
0.123456787287837 0.385044370814843 0.067974095775778 -0.0171987343913809
-0.126031106882789 0.402945211463677 0.0766024940628476 0.0294189055618607
-0.364422352139498 0.268195600623943 -0.00554415389711439 0.0976353352599896
-0.445195349260985 -0.176806375744167 -0.131286389898199 0.0632993420818404
-0.151210777703545 -0.521386295472666 -0.0995359342890307 -0.0381005158926682
0.122758878086955 -0.507718062348779 0.0555931878750925 -0.0652970148218723
0.0436067577634634 -0.420424009183813 -0.188249674199797 0.165551355153491
-0.246738344266106 -0.377541875865431 0.0531489919711655 0.126028403089178
-0.37744908534129 -0.0590018735351323 0.00112473428154783 -0.103484617158259
-0.255759280381081 0.262761601284705 -0.119383747153674 -0.0351402487769713
-0.0564659103881267 0.338949605142518 -0.103343619028143 0.105510025132934
0.107836464234255 0.305509951491036 0.0359906808789118 0.163188804299571
0.228245091608466 0.21344571157893 0.146620904359667 0.0987840663682524
0.227652628479077 0.185395068288754 0.158090338753025 0.0504613379190124
0.200499207496686 0.217409265251522 0.15499708611444 0.0598406011380821
0.0814795249558198 0.335005979357907 0.116257893742059 0.0753604433994169
-0.124635862281074 0.32367460558556 0.0728447731931474 0.101306965801756
-0.293444462286924 0.193651837643425 -0.00713853689403591 0.113467535900573
-0.337783160605653 -0.145151716131179 -0.100605418929315 0.0983098911704535
-0.118346208285705 -0.423418598427606 -0.0611892861300398 0.0645289443877402
0.0840825949752029 -0.440463918958837 0.0142497801658832 0.102997130355843
-0.00269572507795068 -0.335016452872268 -0.21273393619786 0.335787618951051
-0.220206067205306 -0.273899525284249 0.116307961274862 0.236208469028091
-0.286531817972763 -0.0192836881317468 0.047005732142648 -0.0705417764328642
-0.177275321548567 0.189572608140841 -0.11459622747834 -0.0333777692741507
-0.0459093909221054 0.241511743985878 -0.119538875516526 0.15649410753639
0.0711426170346151 0.227662936439549 0.0631021107136702 0.248666244695808
0.160059281661246 0.170404496220289 0.210229370352733 0.177807575567123
0.150653711090703 0.151687725540151 0.230839555736973 0.115286428603888
0.119338468181281 0.173803342709039 0.212434961526083 0.126734887516523
0.0263323107029081 0.235443952724899 0.142128346138675 0.144177601412233
-0.108198272222006 0.191883585465428 0.0607530036237153 0.143109493853136
-0.178734088828784 0.081405484592504 -0.0044522035175246 0.106303741015496
-0.172427190637145 -0.0942215139491924 -0.0652073174409225 0.110205884937698
-0.0632686151964166 -0.259590575191891 -0.0261381265226326 0.129140966552802
0.0305732281528353 -0.304175327912628 -0.0112919496026324 0.229648391923703
-0.0455152218576123 -0.189874748969874 -0.222267929634084 0.465612816353369
-0.147896638768384 -0.123522779676042 0.160878349139136 0.321975793653187
-0.138782673763536 0.0217873007887903 0.0929776271396583 -0.0272582037471028
-0.0667463429660014 0.0794886894360684 -0.09049029107578 -0.0357395622871568
-0.0298394408909268 0.100881522175149 -0.124038350392944 0.178633103309704
0.0188105070899471 0.109556178720796 0.0754688960548001 0.297539477569
0.0625025858540525 0.100253987725547 0.241169013583617 0.232864753745066
0.0491932540183292 0.0963905016663587 0.268415456014023 0.162121935022954
0.0251616586337199 0.107430973198223 0.234376193993014 0.171467646619057
-0.0277768149548765 0.112196100053089 0.143998743804187 0.182004828462139
-0.0777933638293054 0.0499095418254714 0.0403078782632118 0.153726405724764
-0.0582398655525827 -0.022476614958636 0.000886268223930912 0.0805385343934012
-0.0146564659076177 -0.0310903559457332 -0.0283577691730361 0.101932051072386
-0.0173076356236095 -0.0790822021619494 0.00138299189598077 0.153990801925903
-0.0284017246231538 -0.138130930060755 -0.0183069471179162 0.301062569342426
0.0559132969681128 -0.0303693742355855 0.0280196390399514 -0.343970074049038
-0.0189518531937629 -0.0865791387478485 -0.0777244241186637 -0.186511757694376
-0.0918194699768123 -0.0146263570993354 -0.0341224879875159 -0.081427996442216
-0.0430612915064199 0.0947795430232965 -0.0152819232295942 -0.0307144297704508
0.0376849359537304 0.0694535331880959 0.00940518009798408 -0.117011970637695
0.0631664026732216 0.0212641207242594 -0.0975884465069928 -0.200456983831872
0.0617423666949278 -0.0230055258863602 -0.209791140689738 -0.19810526234928
0.0586239660096272 -0.0317788511880889 -0.252046581032022 -0.186616182081404
0.0558026546599434 -0.0191135010120361 -0.224194215743964 -0.239259693059461
0.0402554548315671 0.0199385933854706 -0.0958161073046743 -0.280966148078274
0.0102603995433996 0.0516782229189637 0.0800664154647449 -0.203183058743609
-0.0474357152744577 0.0395224488756299 0.0662393601892056 -0.00102538604348312
-0.0452315863706518 -0.0591585530397372 -0.077741063799327 -0.0361538513082227
0.0622559489158831 -0.0670107945080682 -0.12901067500241 -0.288750379151422
0.0865501525079315 0.0208035859624815 0.223600217197396 -0.513529441644501
0.0958731428041919 -0.168711835281447 0.00475287441568601 -0.329945135306794
-0.051778285865242 -0.206867039532478 -0.0863318289994587 -0.17786555229549
-0.1711375776529 -0.0614823474519471 -0.0594184578163379 -0.0886740433339191
-0.124137967589309 0.143277565563054 -0.0339542450989736 -0.00958924464159425
0.00256414025552141 0.168741085225373 0.0104294418739296 -0.0880642652070442
0.090467528532695 0.129273404156452 -0.0703027887851107 -0.173988359509732
0.144707911491416 0.0599364557955053 -0.16590937874776 -0.186118578072927
0.156099918027134 0.0460114344246718 -0.209423354015324 -0.181215991643526
0.152073635865365 0.0715785783612306 -0.185654431799251 -0.2241754896549
0.0901297123791793 0.16476311373594 -0.07815516639843 -0.260048507771593
-0.0360510551132188 0.199170260290621 0.0779866075387186 -0.179326679054339
-0.178743069804955 0.137239042364299 0.0391647775096787 0.0138731885355434
-0.212198517033447 -0.119277325788787 -0.114949862331832 -0.0384721806254742
-0.00979074724218328 -0.261439604078182 -0.141453258728565 -0.288566005715508
0.126603687531735 -0.186726105575914 0.198833157161736 -0.486162376008173
0.119908270934873 -0.29040337679417 -0.0389319858712192 -0.269554744810603
-0.0933702888393138 -0.310139129604349 -0.0850589788665633 -0.147171474671627
-0.247417814217504 -0.0992825871260917 -0.0730303336031718 -0.100955954307187
-0.198143988892485 0.187106121073217 -0.0559922087713869 -0.007367205782486
-0.032325014309923 0.257139575609068 -0.00682249943195544 -0.0549078392958659
0.108609707434041 0.225963150272359 -0.0452264330630713 -0.120532478086686
0.21002170643698 0.136440558548394 -0.101542807725245 -0.145988968649013
0.230682947366348 0.115852173974915 -0.133251705261677 -0.148800922959332
0.223869702515636 0.152280491774987 -0.114390234964306 -0.17729583269524
0.123814682570966 0.28789428961587 -0.0422208125918199 -0.202632318077739
-0.0810586652365094 0.323401481478133 0.0760815115127968 -0.13034839361777
-0.293655798319393 0.218985950062903 0.0176511143966177 0.0358627121561471
-0.356807296704612 -0.168672294234956 -0.138104366834078 -0.019167254933364
-0.0788409646189583 -0.424869153081142 -0.142292120551983 -0.240365429129518
0.151693988463994 -0.366246358753768 0.157599045945595 -0.391534394444754
0.121149473544102 -0.383479167657237 -0.0935420568075207 -0.161842262677972
-0.151253759865189 -0.387717257780982 -0.0631694856129311 -0.0837992599096424
-0.325790778265549 -0.114309511314064 -0.0678564112576854 -0.112428772786326
-0.260119315854375 0.235776428877994 -0.0805274723127462 -0.0176152566806211
-0.0560437555387298 0.330590752760674 -0.0380714377634136 -0.0123693126419632
0.119169293753123 0.298774970272238 -0.0211983517258084 -0.0401321727460007
0.24793477765813 0.194301095848167 -0.0219656729659073 -0.0789889921385156
0.268410193936138 0.167454417493726 -0.0373722924705422 -0.0933038211076554
0.257469210888049 0.207819845776453 -0.0240549097877187 -0.10663548822046
0.134650286678579 0.367885077149434 0.00873671158200907 -0.116233684008981
-0.114384774897986 0.399353509473205 0.0746401780105797 -0.0583076600237397
-0.364209688754331 0.268458717843964 0.00221608639734222 0.0647341533032285
-0.445580581796263 -0.191984061444536 -0.141568966456396 0.0179957203722706
-0.130542412284531 -0.523099122018125 -0.126471613705411 -0.148661930063778
0.156341262243277 -0.478207155979494 0.107033803198356 -0.241046542184964
0.0987266747778646 -0.43195227603032 -0.147394290179827 -0.0105627006625432
-0.211928381496344 -0.417673025719721 -0.0159124482771019 0.0126556784995251
-0.382226710634247 -0.101588706755936 -0.0427277961551004 -0.115466941923724
-0.28576444238955 0.268667545573634 -0.105233719225705 -0.0286553835129725
-0.0654461976842747 0.365904475256383 -0.0757330688570659 0.0448250989996114
0.121214272629857 0.331142772541283 0.00619582606353117 0.060678199367093
0.256083400587782 0.222232812951443 0.0637076940592303 0.00689223670901956
0.26710621973917 0.192233655853321 0.0641132909490582 -0.0233418908697376
0.246372091543486 0.231423195157825 0.0708948113128788 -0.0233499159800874
0.119393885678683 0.385023957638725 0.0645407091820442 -0.0167165225439352
-0.129042857370736 0.400291004346675 0.0738185965318979 0.0259114876542032
-0.363868352496963 0.25975912409041 -0.00662912142692863 0.0938609866412043
-0.43969895318679 -0.1844587219851 -0.125444720298431 0.0625461146646792
-0.141360887902142 -0.524868822915781 -0.0966859708501255 -0.0352853321694056
0.136555320041274 -0.501287494593777 0.0534156046316262 -0.0652208349712802
0.0570692722096994 -0.417946164136457 -0.191836053967293 0.165230650466184
-0.238426726621719 -0.381499015641209 0.0484836600967683 0.127532461713768
-0.372347071544823 -0.0685005999471988 -0.00400754843759733 -0.101243223579055
-0.259460915039792 0.255454294048755 -0.119857312844106 -0.0328092919696073
-0.0614376399171023 0.3378896038203 -0.10622931475048 0.109315887900784
0.105242825525908 0.307364972841659 0.0360837892023932 0.165137583190383
0.224460356552869 0.215640730941982 0.145044218334766 0.0969681861123478
0.224550800514415 0.187046889894381 0.156689205096714 0.051364052894525
0.197296905415436 0.218449661816221 0.153306218446905 0.058613958879068
0.0785715434846088 0.33537984004776 0.11150098162141 0.0757565229259785
-0.127384644875172 0.321702394983 0.069221777314222 0.0969163833120675
-0.293463092463584 0.185734902199647 -0.00853252718124526 0.109364190252993
-0.332443663963022 -0.153397948771835 -0.0959321471533404 0.0977826465616546
-0.111857132915241 -0.426372184053189 -0.0596147876946931 0.066154180714372
0.096031067985749 -0.433690467468796 0.010496998903516 0.100724978713895
0.00857000107055193 -0.331883849771715 -0.220921810779169 0.334032744233311
-0.212492695772907 -0.277447245536199 0.109858345674198 0.237515900951718
-0.282147579261595 -0.0278645184578443 0.0407851454014101 -0.068433089432215
-0.180804395970065 0.183689791789141 -0.116402997397938 -0.0311422933120125
-0.0497872458078477 0.241172787329489 -0.122814350672909 0.160137449515084
0.0682804003005255 0.229743076954199 0.0614501138258836 0.251023810727909
0.156973792663114 0.172223344249763 0.207570702517535 0.177141024699156
0.148190560104075 0.153541041969824 0.227156665664491 0.116621732503687
0.116902563111134 0.175151674388824 0.208609829451616 0.126770257852012
0.0240093495387119 0.236140608353214 0.138176055526193 0.144310869227249
-0.110357056133703 0.190117102807693 0.0566122588479155 0.139371191543545
-0.178889400064626 0.0763841687275137 -0.006690253552797 0.101009614414269
-0.167842080507567 -0.0993947295481433 -0.0611951809736331 0.109849868968445
-0.0578335222310286 -0.260830291676825 -0.0249375919114661 0.129601502668312
0.0395285392307547 -0.298883648889019 -0.0168846062616548 0.225600537904232
-0.038593975449416 -0.187400974254012 -0.23373581522542 0.463428429765295
-0.143349619355463 -0.125233591133363 0.152804634117729 0.322428385497482
-0.136162153018037 0.016270565878422 0.0874295589499464 -0.0260894937854538
-0.0685857608760415 0.0761904042861231 -0.0937253311382839 -0.0345854165443177
-0.032339784529775 0.100712950092516 -0.128395663073622 0.180654480926639
0.017111762011621 0.111053620865809 0.07313407258948 0.300772755844211
0.0608590274696721 0.101129021561419 0.236904395668696 0.232794646835172
0.0478618142829387 0.0977242518471323 0.264485095864713 0.16325551096162
0.0241659049260499 0.108672504759806 0.230909405318788 0.171574902200194
-0.0289840722842029 0.112935807690957 0.140091019686265 0.181733681073348
-0.0796720414809424 0.0483885915612771 0.0368066161795037 0.150009190196818
-0.0589333688022376 -0.0253295937627329 -0.000751109849469502 0.0757202776963738
-0.0119640885140542 -0.0348730785429321 -0.0259371956199782 0.101645592063602
-0.014723643717982 -0.0795577364291029 0.00198062758546875 0.153687941953041
-0.0241586380237431 -0.134715364325991 -0.0253900507109134 0.296837133838156
0.0558514676728332 -0.0316365130629587 0.0395277591989355 -0.349229801765707
-0.021267974256992 -0.0876681779694274 -0.0759803602269845 -0.192015173552974
-0.0933002176115498 -0.0139575552128321 -0.0368718510641864 -0.0825169918053532
-0.0415038889307376 0.0962701895734638 -0.0148589018331816 -0.0265010393279922
0.038590591272474 0.0701422511917124 0.0128127616994778 -0.116517298826629
0.0652916468402012 0.0209598936462123 -0.0937504087892594 -0.205039112654548
0.0635321751660784 -0.0245895229824377 -0.208090900699268 -0.203841936451058
0.0596960257224972 -0.0330770908333957 -0.253287442073324 -0.193902315192917
0.0566648009374279 -0.0200703571006181 -0.226198526342461 -0.247815385700019
0.0419367557015637 0.0202250532156026 -0.0950603183768163 -0.289084073765393
0.0119293730083235 0.0534404757938042 0.0844412268581488 -0.210118780299744
-0.0476650670747892 0.0409594154393357 0.0706803596388142 -0.00213233753550828
-0.0460114486901094 -0.0590795486092101 -0.0750328864582486 -0.0388077154618613
0.0626264193333354 -0.0672418451217319 -0.123975670054934 -0.291905383901513
0.0871345791864834 0.0222059329422978 0.239831056589963 -0.516129699395836
0.101108388111039 -0.172160561576864 0.0145805939508198 -0.334107982596623
-0.0521592167414086 -0.210925803968945 -0.0854374691402071 -0.182261109262622
-0.172274169031377 -0.0649490443039761 -0.0632716364015381 -0.0897259427164185
-0.124937448311269 0.143909410843466 -0.0338896669378975 -0.00493965770730812
0.00233560420462229 0.170735975511434 0.0133494939732483 -0.0860962363076374
0.0918325683262275 0.131642178811893 -0.0660978802413876 -0.176963080125674
0.147690845603879 0.0610020046071413 -0.164631134539051 -0.192731121769411
0.158051448773086 0.0464694329245815 -0.209975025452893 -0.187699817101411
0.153728553987067 0.073530458755084 -0.186219906319655 -0.233196703715545
0.0904642240907531 0.16777585149511 -0.0782520096840084 -0.266316938898786
-0.0379786896026258 0.203383965753044 0.0816206247561662 -0.186038332647934
-0.182250853623738 0.137737240895953 0.0425281043122521 0.0129996994272849
-0.214264675268206 -0.124922574246374 -0.1123895096835 -0.0406245807560101
-0.00675352211627156 -0.267382605396974 -0.136394429923487 -0.289686497091189
0.135223131542827 -0.188124258982549 0.211861229242048 -0.489650660489325
0.130542444329777 -0.294817105338695 -0.0306576709427717 -0.272629288067119
-0.0914185010337802 -0.317443062206541 -0.0845006303922889 -0.149830996430953
-0.249110075539187 -0.106145796599361 -0.0776044546536267 -0.10147868613195
-0.202407025951786 0.186741777049248 -0.0558225238230306 -0.00269697648783432
-0.0347031474656396 0.260391785461689 -0.00414617345921497 -0.0522281156357911
0.10886569598695 0.231164550678573 -0.0418827714456071 -0.123283649146967
0.212489639189518 0.140330075121434 -0.100467109010726 -0.151342020677555
0.232458077381674 0.119914927541042 -0.133576308988309 -0.154035943943464
0.225731633302807 0.155843048979346 -0.115472856867899 -0.185152281626736
0.123380587603566 0.294750676994765 -0.0426725971848005 -0.206601342907328
-0.0856081839818601 0.329365664688462 0.0783663499559132 -0.136209566794552
-0.300117517777166 0.217350148066282 0.0191225229891663 0.0350105070085283
-0.360394716214845 -0.179373643274314 -0.135267320419353 -0.0210192937933155
-0.072714725618559 -0.43714067588418 -0.138101339108537 -0.241575666902216
0.166534937324129 -0.368323213401322 0.169024784938281 -0.394106747295065
0.135451753173134 -0.390138048479574 -0.0896620846732462 -0.163128192780979
-0.149252921249799 -0.398677774577954 -0.0633640279690714 -0.0844328584619557
-0.328925063508861 -0.125292779772327 -0.0723846647794869 -0.113372925819309
-0.266115953945487 0.2331836096887 -0.0816393434809762 -0.0143050802644867
-0.0604932740705725 0.334817590337426 -0.0380574864937203 -0.00884006063297955
0.118904167451701 0.306247036855184 -0.018258987094039 -0.0403204395314148
0.250459402665558 0.19993608633089 -0.0209564379144647 -0.083135096040519
0.271152179846956 0.173022501296934 -0.0365154594198359 -0.0970385400569707
0.258211356921174 0.214658598479603 -0.0243453579101605 -0.11148439618566
0.133667765486783 0.376353909869386 0.00764367237905442 -0.117596866577013
-0.121533016861749 0.405322528757645 0.0750841192899743 -0.0627516611947251
-0.37306435981429 0.265654621168546 0.00218187841347281 0.0637519636148228
-0.449424214309386 -0.205680040638076 -0.138106504444407 0.0168643857342898
-0.122176328634976 -0.538704348499219 -0.124004789179945 -0.148892307093969
0.174078255165639 -0.481105351156128 0.11235094800445 -0.242999492591733
0.114600058572868 -0.440027559453932 -0.149006812949598 -0.00956026249702641
-0.206562160921731 -0.430612238800437 -0.0172284944930522 0.0150137450604762
-0.386008498329918 -0.114435416151179 -0.0479579984977022 -0.115374164575624
-0.294870983449572 0.265924601872657 -0.106930516090772 -0.0259782285445549
-0.0715882020099985 0.372263791216308 -0.0777613789801797 0.0500261142924116
0.119780072118643 0.339831181606198 0.00829991226290801 0.0630784966062723
0.257590204726636 0.229173673019462 0.064640825807815 0.00416646125378176
0.269117301883402 0.198554538237892 0.0649853224586892 -0.0239698170330427
0.248485850332329 0.238315881329348 0.0710118302227055 -0.0257706502862735
0.117071622290348 0.393506051901565 0.0632168253567246 -0.0162083680873444
-0.137490916567181 0.406484878789428 0.0720830607892807 0.0221066008095806
-0.374246499530874 0.257556686517476 -0.00777106104983358 0.0919681151072163
-0.441972885606159 -0.19944235203733 -0.122859625855712 0.0626471549366711
-0.134390508095319 -0.539071375129792 -0.0953142001928858 -0.0335873724106552
0.155936736169603 -0.504322364068175 0.0539447360870162 -0.0668851289808005
0.0722810419986519 -0.422880622365332 -0.199449212371886 0.168688608955276
-0.234428718554587 -0.394076894126853 0.0455796789218933 0.132549344664432
-0.375112423610733 -0.0816551596735539 -0.00922107842148944 -0.100443764094635
-0.269751633500126 0.251895989267766 -0.122646248602556 -0.0306168623050634
-0.0678076434769838 0.343989344112921 -0.109919570039227 0.11536584979982
0.103059563203948 0.317164228424823 0.0375700448300051 0.170523106598697
0.225590105108329 0.222383109184957 0.145438873634274 0.0974860831936712
0.225869744112932 0.193672773467888 0.158040688192383 0.0525557854529603
0.1975218526499 0.225647884536614 0.153307421317581 0.0591719177700453
0.0759930041756495 0.343196128195311 0.1104266020466 0.0779456192129492
-0.135062403091616 0.326162783896783 0.0664360897602731 0.0955296948302769
-0.301134391966656 0.182126871839737 -0.0106182364822844 0.107074265855445
-0.332597355678745 -0.164942916428276 -0.0934682717694867 0.0984334945303578
-0.103908171282328 -0.437259896105181 -0.0594835663545875 0.0689487931852955
0.112109854406749 -0.436349376935345 0.00588514924333428 0.100594949565748
0.0213185457594521 -0.336976463581878 -0.232651793602003 0.339636359360244
-0.209911407905322 -0.286875172464716 0.105400437964971 0.244318848555097
-0.283816920210336 -0.0377435963647059 0.0367936014611246 -0.0676670039822634
-0.188976808461515 0.181750863139032 -0.120438092370394 -0.0305846064200927
-0.054556380539814 0.245345487650637 -0.128706840933691 0.166811422471833
0.0665556051773551 0.236387534177559 0.0611989971204219 0.259050313838335
0.157188640502775 0.177930642871008 0.207879827576654 0.180703176984144
0.14824008490924 0.15898811084578 0.229445722825902 0.120367820236445
0.116840068882759 0.180231969557357 0.209453354136026 0.129461814292869
0.02148302650621 0.241697615214182 0.136509459362203 0.147796360880977
-0.115595188264445 0.191696568869967 0.0532196284628758 0.13838129479317
-0.18347056072498 0.0718720005518371 -0.00942038895550259 0.0987964976417263
-0.167105844013624 -0.107245155404211 -0.0586635078347744 0.111589552042186
-0.0533912477017089 -0.267350497887031 -0.0252458847724193 0.132932802665719
0.0504229251237509 -0.300102548539403 -0.0241013309702663 0.226604244247118
-0.0316774831364646 -0.189145507104799 -0.249442909926078 0.469115132659763
-0.141240867448453 -0.130201480521092 0.14715891447705 0.329128777473708
-0.135819617181692 0.0113098941821964 0.0836330710197103 -0.0244607898694321
-0.0731452570931479 0.0741952890285203 -0.0982692259273789 -0.0343793789353404
-0.035112160388973 0.10312546507318 -0.135454469776651 0.187489752552457
0.015187853868654 0.115341700988583 0.0710922421979226 0.309744425257916
0.0599438627123761 0.104858283750607 0.237380776858166 0.238908166382461
0.047469600496188 0.101518276492291 0.26613889943097 0.168559859240641
0.0231248822314069 0.111959262565393 0.231609095735085 0.176944312900818
-0.0309453691543612 0.116284348741999 0.138614844311475 0.184803943096892
-0.0830867491421404 0.048243441405912 0.03328447482567 0.15040614014275
-0.061054800166474 -0.0287254332413505 -0.00317975136955035 0.0721498607012127
-0.00934755204091343 -0.0387302904907312 -0.0240547913001432 0.103271602666211
-0.0121462764606978 -0.0818217221659877 0.00185569990344755 0.156686668363814
-0.0198226553599061 -0.134743273180328 -0.0336351999841039 0.297986183794668
0.0266627823732874 -0.0603973664949107 -0.180090501519225 -0.318471778548333
-0.0702006387554851 -0.0566324707616159 -0.185541891555538 -0.113886054686178
-0.0853649021323284 0.044388538331746 -0.0855095066784671 -0.0396153249208141
0.0240219185518873 0.101888560863174 -0.0227965330052191 -0.00509465151745965
0.0732837682309395 0.0338119058809407 -0.0553940781144537 -0.102284277386591
0.0654485320855577 -0.0231693246937748 -0.200164688462383 -0.112128614008094
0.0359685569463392 -0.0579601147259396 -0.299305679090764 -0.0416732081180246
0.0262098271610911 -0.065381602630484 -0.328154515021744 -0.00430924111363528
0.0318849160044467 -0.0544317140768351 -0.343300309311124 -0.064247461192487
0.0463521250165689 -0.0104487056220882 -0.260964285410806 -0.182889503797818
0.045092530185644 0.0350249881924676 -0.0635181346388012 -0.228915666286558
-0.0132227596423245 0.0641772962365064 0.0596011527108528 -0.0497286502280284
-0.0787906658927397 -0.0188902440833501 -0.0840502572564213 0.0129728930074684
0.00401145340979685 -0.0984111523791504 -0.281048979582934 -0.159888517941029
0.0906396270669903 -0.0449576871415084 -0.127497740890505 -0.584052420716787
-0.0130157641654869 -0.207248833344263 -0.201016046984073 -0.292041561528877
-0.166033770312789 -0.141123260964299 -0.190274836923059 -0.102553153309964
-0.181711776772856 0.0469488330147199 -0.115661071795306 -0.0269409018035113
-0.0173715479188781 0.187779708319113 -0.0250808227499698 0.0287487905445546
0.102199215808611 0.137374467061842 -0.034240178003922 -0.0756680889439218
0.154756916281649 0.0520208286508012 -0.157779137195471 -0.104581625988663
0.156248223345095 -0.0396166084934862 -0.254756775252191 -0.0611829566573376
0.15732521726119 -0.0596197151852353 -0.289842762559531 -0.0262139491847072
0.171693640333513 -0.0354699711338844 -0.304217174459474 -0.0761835300364461
0.180363599957393 0.0833752597167861 -0.233473708899798 -0.174616582873889
0.0973623044991063 0.193618188777748 -0.0492564005580157 -0.208664548881496
-0.0693687318747464 0.228564741916717 0.0470076734600624 -0.0202418681984288
-0.268045774836054 0.0305188402542209 -0.111994483361656 0.0347472814921298
-0.182077377380582 -0.225594567763152 -0.285291978068351 -0.152577726478453
-0.0014391795562602 -0.257583156361607 -0.126950706159819 -0.536503741593221
-0.0566445614718636 -0.32991853171118 -0.209870087032972 -0.213191308985261
-0.259008944526265 -0.206894257780533 -0.173185768744234 -0.0774180063306547
-0.269977053734771 0.0558913321704871 -0.138307574757995 -0.025709617169415
-0.0579208075105449 0.266904448940156 -0.0424120305935108 0.0476646159150358
0.124689553881472 0.232855500330072 -0.0269695687877657 -0.0350827746690811
0.2287828909528 0.12391220952944 -0.10247907674383 -0.0719454636154671
0.257249445177237 -0.0138533133379596 -0.174400184161897 -0.0672068456557535
0.264962671618248 -0.0442205167398844 -0.206443576407117 -0.0462961035164047
0.28430172363437 -0.0104349957025873 -0.216060873825193 -0.080276331891341
0.287341212004881 0.169545728001091 -0.167201353685795 -0.145781236789957
0.135429490401208 0.330393124765059 -0.0205712545000147 -0.165443176194165
-0.121117614400251 0.368769066220199 0.0420092574901542 0.0114916353923154
-0.429220627668613 0.0750334502307531 -0.116383531724363 0.0651437190290474
-0.347166648581504 -0.328289556415138 -0.250660062512657 -0.112745413364556
-0.0882461493836812 -0.432965402201518 -0.0973941703686774 -0.420836109880566
-0.103789512885498 -0.415255445324522 -0.198494619835326 -0.0854684742299543
-0.350909778908735 -0.24242528401255 -0.120377768304944 -0.0364154549667491
-0.348381167784043 0.0851479483982543 -0.143820481998034 -0.0349161806965058
-0.0857223464133863 0.342789002068225 -0.0705781222362622 0.0583110696748096
0.147660588748495 0.311570093366383 -0.0268979443924182 0.0236338463049934
0.283458482827782 0.180830493884313 -0.0308594328206128 -0.0164065392509102
0.324889976404141 0.0117186365325774 -0.0649985090313775 -0.0599512321251698
0.330999496120498 -0.0241642905727667 -0.0924760313223295 -0.0575214050758089
0.349696818073293 0.0177313409519698 -0.0960438480070409 -0.075863447446955
0.348315133424347 0.231375373265272 -0.0706164492678942 -0.10226988473073
0.152447201713256 0.41901401490439 0.023044436571084 -0.102916389761263
-0.155331515686166 0.45503306450352 0.0458676535251612 0.0449107419778122
-0.524475794484218 0.109865142976149 -0.0927005719913529 0.0981239827105195
-0.451112477651261 -0.38384836922338 -0.177248322395062 -0.0474890290721301
-0.151963455530054 -0.533396703429145 -0.0461222653037722 -0.255744828133177
-0.149543910775095 -0.444378423165932 -0.157638957220359 0.0817959765829737
-0.416674665792918 -0.23712253506249 -0.0244200976527905 0.0184810546064164
-0.389756478518625 0.125649597273507 -0.126129047868252 -0.0486309569838068
-0.0909665447912358 0.385428489740021 -0.0994305784747917 0.066013994272102
0.16086069154288 0.348273923978208 -0.0226985322032203 0.0973897960175107
0.304843028934646 0.207539849708986 0.0562510016666863 0.0544161044627471
0.348934467002536 0.0318904460048466 0.0608042017609828 -0.0402593339189252
0.345923106788084 -0.00101246102349154 0.0367325392476475 -0.0604585537061131
0.35695577786482 0.0451909160567022 0.0368605816694171 -0.0643226524957058
0.346023078018 0.256996895557552 0.0390362506490634 -0.0518511273543217
0.140469391892235 0.430455544799967 0.0729656143580551 -0.0305365967092007
-0.160478295812751 0.448068779739685 0.0535576075804999 0.0755866071516761
-0.514118749661134 0.10904276651309 -0.0509819625323926 0.125913178245239
-0.461619057912062 -0.375372535496589 -0.0800037339368544 0.0282747928383887
-0.184495642449498 -0.539702684020732 0.018645608263957 -0.0694009815359561
-0.174522416771036 -0.406306324742568 -0.0900877031716554 0.262860459015033
-0.417112550069655 -0.191878335495604 0.0995624261043229 0.079546675180111
-0.362304994721947 0.146314508868032 -0.0834692974085722 -0.0593302521404955
-0.078895506394851 0.360551423031295 -0.117186054698159 0.0705833730709963
0.147033627648085 0.322313384854189 -0.0101695289937143 0.171970107254879
0.277458909559085 0.199865629552703 0.146921898991667 0.125293732761175
0.319474031577537 0.0443178768308964 0.186239440358125 -0.0126094825737846
0.307650871198814 0.0214998897934662 0.161135156801664 -0.0550259985855549
0.307314950985407 0.0656615418957431 0.15858376010551 -0.0457434603191088
0.281094353328389 0.239731976269244 0.137380169943158 -0.00238179455025769
0.0921516857299306 0.360831188820371 0.113436228333075 0.0347021206405493
-0.144945987940289 0.339261304706693 0.0582055252724424 0.0910043942894906
-0.395821740654723 0.0687839797527707 -0.00559301777276833 0.137362944888473
-0.368411857053674 -0.306932448836658 0.0117640409114967 0.0906772349452742
-0.177317085321691 -0.448247766959359 0.0819810081051065 0.0976076614897939
-0.168115152649368 -0.299325195868253 -0.0084051694716316 0.427436990908953
-0.333118699374517 -0.117496518932176 0.22054173468798 0.137367847002122
-0.25875777693413 0.12908818170468 -0.0212748061331416 -0.0628665039341794
-0.0540172275662113 0.256118128344286 -0.116515816565075 0.0649990283855279
0.0996235008849396 0.235216187246408 0.00310243306478508 0.225041698903569
0.19954756729985 0.155335629044278 0.219407094315518 0.182571971733666
0.236316436183356 0.0494294751856219 0.288591845589023 0.01911487398963
0.222636921363642 0.0411799500317705 0.261640996492719 -0.0425705398309353
0.212160181710113 0.0783351904173768 0.2493399944424 -0.0225725419096382
0.171259660637093 0.189518765016091 0.2025193333515 0.0382144401085655
0.023064443900127 0.235875939885674 0.12888373230107 0.079147475585237
-0.113253790862652 0.173648692825433 0.0529010285328754 0.0843369507517805
-0.213551026993297 0.0113980772565491 0.0284426739431611 0.126576423829456
-0.21447374199778 -0.193322927342585 0.0745252289534046 0.122892625690029
-0.144980653657417 -0.288595017492091 0.132620990825442 0.216442584489276
-0.129737312720318 -0.141635228953294 0.0643489694930637 0.545769665579083
-0.186594631896362 -0.0279367660597639 0.311882126408195 0.183195627738025
-0.10626957544069 0.0839778972281034 0.0495013775178664 -0.0613800273903253
-0.0209579910140017 0.102734306365476 -0.10320675926331 0.0399974962741198
0.0320618145107592 0.106625440106894 0.0078935953658794 0.243767598378599
0.0835166811167773 0.0862505881942148 0.255373174283468 0.216478020633779
0.113113730248865 0.0484887218187336 0.349822717801117 0.0503810975212006
0.104204120844832 0.0561873848431125 0.321926111206976 -0.0248079676855372
0.0921707939826403 0.0801538997324037 0.299367767563187 0.00196178653013343
0.0486750145055636 0.117281615803056 0.227386560901392 0.0678739738929281
-0.0404922704186142 0.0948105724627468 0.118694492982135 0.102375840773819
-0.0718023459684072 0.0121842339894379 0.0399691434628634 0.0597313662830173
-0.0322379593175948 -0.0303864677990729 0.0495954778813342 0.0980618666574962
-0.0601118698918406 -0.061242578327331 0.106938769669223 0.126218155633241
-0.0997818530057495 -0.0982878443485865 0.164974720858001 0.274411661639478
0.0238774157831963 -0.0640324818447117 -0.192679978705065 -0.331102847988748
-0.0757961155134368 -0.0542128265890565 -0.198414190933629 -0.113946717832486
-0.0870273858144768 0.0503928616051488 -0.0924472612062135 -0.0358432608107808
0.0302139047731084 0.10427770691363 -0.0195801977368219 -0.000573156624188322
0.0778750224241433 0.0318867919234271 -0.0568552303355673 -0.104832838879935
0.0667374377611339 -0.028183520937045 -0.210811763375816 -0.112242958552723
0.034751985164139 -0.0637017880444996 -0.311221546445247 -0.0360397164611636
0.0236902434725459 -0.069519193209376 -0.341757941472188 0.0048436973040969
0.0301042488866749 -0.0590780681424764 -0.362820137048032 -0.0565938586388134
0.0487195874313133 -0.0133953211994639 -0.280407669897216 -0.183255500994764
0.0500001407736485 0.0341132656540485 -0.0751220969090716 -0.240019863323626
-0.00939041192438785 0.0671012902818088 0.0622462708015291 -0.0569426101743359
-0.0826614966972824 -0.0151272160227815 -0.0856124639670629 0.0131345916922885
-0.000409113172116734 -0.101078423347111 -0.291623278096226 -0.158673304470413
0.0933201478889479 -0.0499136249375547 -0.144743878035831 -0.608249653779661
-0.0198678773369948 -0.218129116832476 -0.212649457285222 -0.3025752695832
-0.178129674523088 -0.140355993180073 -0.201604453684077 -0.100675390393928
-0.187799426919982 0.0544526837240084 -0.123376491101043 -0.0215970120757081
-0.0109032622241316 0.19480301171198 -0.0207692301570629 0.0332199874916329
0.111655661608943 0.138553788832574 -0.0341230303873072 -0.0768861149629229
0.162726824013601 0.0471642016668607 -0.166401200183251 -0.105704708614493
0.160651987144751 -0.0477308757870124 -0.267408709914832 -0.0573011282024442
0.161046529988799 -0.0678049144682515 -0.302521412533424 -0.0203227530789865
0.175985355713483 -0.0442468834277861 -0.321973378356685 -0.0702073540851014
0.191316299027379 0.080987729633823 -0.25038574412978 -0.175615463888994
0.108638399378744 0.198599992616452 -0.0609518510682528 -0.218538160686492
-0.064660020991281 0.239689646334685 0.0499254776430793 -0.0250244422536465
-0.279139714327586 0.0394244526507073 -0.114014143300952 0.0365956547634587
-0.197783743402313 -0.23099387468721 -0.29487420190117 -0.150294904658883
-0.005145822653302 -0.271789877660674 -0.143278225748086 -0.556126736404484
-0.0662485637015316 -0.347567515433789 -0.219479432813997 -0.219427126185338
-0.276395688456136 -0.208263093742108 -0.182052712363758 -0.0754906795386575
-0.280865805350764 0.0641990582155614 -0.146580002770359 -0.0176819053297219
-0.0519560484346484 0.277823784770817 -0.0382126191507769 0.0538958664275227
0.137930803069638 0.23861313987732 -0.0248617566181761 -0.034598030413161
0.243724146284625 0.120241658474895 -0.106858089625746 -0.0742727655898743
0.26757532599012 -0.0242539142034508 -0.185017605395801 -0.067233295403485
0.273759976872001 -0.0553094145649497 -0.216936308847438 -0.0426530329223839
0.29448320816986 -0.020892282723119 -0.231168057503193 -0.0778589546886075
0.305448454269158 0.16759059992413 -0.17983347405589 -0.146822200256354
0.152437451507587 0.340669848986061 -0.0298028549048615 -0.174032677184746
-0.114718061780494 0.386140654225622 0.0451044381559818 0.00916390009660307
-0.447131230917286 0.0885740605391179 -0.115693492156321 0.0687440618364314
-0.371590992315808 -0.334957903154843 -0.258143703820944 -0.110399757649826
-0.0969088786953071 -0.453520284067677 -0.111652900772838 -0.437148987901261
-0.116269588820298 -0.435963479775503 -0.204051986026471 -0.0849122972057568
-0.374081135837237 -0.244212941777321 -0.125300141256426 -0.0338583840453352
-0.362620427290936 0.0946515047171939 -0.153766403174178 -0.0263580913835649
-0.0795584668250801 0.358561202324671 -0.0676598445255212 0.065452797063136
0.163838859544541 0.31909721532801 -0.0235145009551835 0.0274744372528793
0.303097072797886 0.178563542124245 -0.0294786103748744 -0.0182600522088025
0.339207780378162 0.000811963419634837 -0.0719812645988813 -0.0625234870242027
0.343692576277314 -0.0348659064012377 -0.0987347483801411 -0.0589861815694643
0.363841634758251 0.00711647706207527 -0.105565106860162 -0.0767982750327633
0.370830132311141 0.23144895526851 -0.0770716186947978 -0.103508753071718
0.172476846374402 0.43252289618043 0.015393269463196 -0.109029442493895
-0.148965628123885 0.477861064398429 0.0482490991597894 0.0444022388667168
-0.545569058405395 0.124547890940592 -0.0905612077001783 0.101858195528165
-0.481851752917305 -0.391242502117864 -0.180983032365049 -0.0428858371461601
-0.165050892341483 -0.558473688185808 -0.0548999890755201 -0.264157920960614
-0.162565308721868 -0.466577458654552 -0.158628846527726 0.0899680683419306
-0.441728217092423 -0.23750741406795 -0.0231305349601763 0.0210166954931985
-0.405731910020862 0.13712947372564 -0.135441371265436 -0.0402078756469905
-0.0861350928224204 0.402745841837356 -0.0985244434942905 0.0746430310579083
0.177746244678746 0.358609926773533 -0.0168666877492175 0.105219350101412
0.326073276425783 0.207934887645042 0.0641114116599387 0.0529904373646559
0.36550541951229 0.0219713126788762 0.0597037270469667 -0.0461883812021675
0.360657033087339 -0.0115781535899878 0.0349909530201129 -0.0653425992737173
0.372870116293596 0.0353263079036707 0.0330917425284766 -0.0686404412730889
0.370303962677116 0.257582572428607 0.0384439245525342 -0.0536769245821236
0.160188755882604 0.446165955516125 0.0698818879336911 -0.0343640182345064
-0.156679870694378 0.470057386218227 0.0562644942042066 0.0763483798310406
-0.536439072598322 0.124055005625163 -0.0450071950654777 0.129046648026973
-0.49231904211379 -0.382955663196781 -0.0779852019737068 0.0334650311581528
-0.196229430663647 -0.562846596457766 0.0151193191466336 -0.0714103586282628
-0.187739211543815 -0.425235102732859 -0.0843410717269471 0.278838293174566
-0.440390252189866 -0.191328112688806 0.107468022458436 0.0815876981218194
-0.376804784876746 0.156571067880469 -0.0910129354876162 -0.0526752388251733
-0.0757162733676781 0.378092683021852 -0.117867353131929 0.0806462548375095
0.163240663990408 0.333266850466537 -0.00175086844113339 0.183544791894488
0.298829613931692 0.200621342057371 0.161128005916349 0.125555685988513
0.334563015543718 0.0372511112280854 0.191383564811358 -0.0200688779265015
0.321973995145176 0.0137901355169205 0.164580440887001 -0.062589698969624
0.322470289606864 0.0592284492419381 0.161360369262508 -0.0529427036635553
0.301292099256665 0.241811173361724 0.142382773897148 -0.00556312087707225
0.106014051636543 0.374614936864095 0.113799435837285 0.0318832316910494
-0.144355089830395 0.355704725653858 0.0607578739929757 0.0921090121611458
-0.412737211637256 0.0768384807174612 0.00278028656570508 0.140166951526831
-0.393120024601778 -0.312528723609662 0.0180618970131815 0.0947927168802151
-0.18741847103617 -0.46798914450658 0.0841096322837234 0.101826060033671
-0.179550066997818 -0.312224585547764 0.00123892383072319 0.449868009892192
-0.350424330743057 -0.116310825648837 0.233064064377886 0.139060085889654
-0.268834581588443 0.136833132956135 -0.0265691397676088 -0.0587932894636444
-0.052838066305223 0.268684701025984 -0.119707427622234 0.074465121641445
0.110138907976217 0.243043843537904 0.0131703856976911 0.23904188171192
0.214405596299367 0.157053092920627 0.238772769158061 0.183898676737597
0.24861653082388 0.0455328942837984 0.299651969652786 0.00997506560055479
0.234098030517078 0.0372924829586936 0.270212793600888 -0.0524127100244419
0.224105627271314 0.0762875452553357 0.257764906275138 -0.0316414319591654
0.185453655265577 0.192949134658571 0.211266786958668 0.0346366624987561
0.0300967900758756 0.246891962404846 0.131631659980679 0.077914945477941
-0.115597868529245 0.182514242190986 0.0536492502104428 0.084673351687217
-0.223964833789425 0.0134298083050711 0.0380082070546279 0.128987616819974
-0.229123774066465 -0.198178251274607 0.0842858476890327 0.12577652500973
-0.151115013233679 -0.299307768023403 0.138586589955884 0.223522396711373
-0.134980035919381 -0.145996598207158 0.0797309509829923 0.571418355695427
-0.193865400883101 -0.0253100141198835 0.327567889531208 0.183674245453405
-0.109624877033838 0.0866940860816092 0.0472106848377038 -0.060932852268414
-0.0215781155517664 0.108043452454075 -0.107624048552469 0.0483264826400375
0.0362306343376535 0.110952136283192 0.017608236547534 0.257518618476408
0.0912983898122999 0.0887439646006976 0.276804432931493 0.218602510551526
0.119801434856404 0.0482429482524549 0.365253411460364 0.0414929959771166
0.111100181409919 0.0567417958288439 0.333763416708389 -0.0350743144953407
0.0998373494201125 0.0813867098568691 0.310111586327704 -0.00725472115745074
0.0553319032835497 0.12179121340421 0.236958045377015 0.0632068523100895
-0.0410093932310564 0.101655733416343 0.123539157289219 0.101862614800842
-0.0771981655754782 0.0145918615139344 0.0390806156190683 0.0588922518069784
-0.0350793874663927 -0.0350812699584839 0.0582469575205053 0.0989738774592463
-0.0633298495701444 -0.0634683428135055 0.116660642826394 0.127364470357608
-0.10152205483822 -0.0997535451248577 0.173652645935527 0.281994318703854
0.0191774244216393 -0.0668604860075294 -0.211238753572854 -0.333436312804708
-0.0814661312978093 -0.0487112869444671 -0.210000581474578 -0.105970124124793
-0.0847982103914803 0.0574454810866576 -0.0986204018588064 -0.0291006246234211
0.0388279610063583 0.103965465753479 -0.0155883509121634 0.00238715405161916
0.0820577991725349 0.0268951057182746 -0.0596943849185153 -0.103790630728735
0.0659457260092832 -0.0344109829335059 -0.220348814803718 -0.10448958387378
0.0304278341739 -0.0689139329353159 -0.320325080005751 -0.0219679102006492
0.0190912047105422 -0.0733207013177322 -0.349081900730995 0.0202279079617057
0.0259944434389013 -0.0632859917134176 -0.376269660220327 -0.0381552410398944
0.0489516621769918 -0.0172451487603304 -0.299309319230974 -0.172964799942567
0.0552422483377733 0.0301257881787548 -0.0932227327146624 -0.2442255282766
-0.00411957118673872 0.0694749985436648 0.0625061367537711 -0.0648539947783688
-0.085103783681594 -0.00938791088759784 -0.0857415123090452 0.0150512148204671
-0.00680977440126449 -0.101991841294312 -0.300861953968309 -0.148743514277579
0.0924134327615565 -0.0566848096909424 -0.173598411378022 -0.615977965145683
-0.0320242433085372 -0.224893141995591 -0.229266609746574 -0.30299042236821
-0.190836995382376 -0.132169237248758 -0.211120029921317 -0.0929335536316286
-0.18925292413203 0.0656281025711297 -0.129145934719853 -0.0111754808991705
0.00118080519596156 0.197775494513898 -0.0143083495675668 0.0375181152584728
0.121811891447347 0.134907244944091 -0.0350687954046432 -0.076262774861442
0.169180612831393 0.0375215873750793 -0.174954152045225 -0.101244857629599
0.16049059644764 -0.0596683259731005 -0.277603102152733 -0.0463109558541258
0.159386328302545 -0.0792676527445719 -0.311560379725459 -0.00576610176018586
0.176050774229992 -0.0560927575966084 -0.336067311045667 -0.0546625220246312
0.200612794977203 0.0713387487068521 -0.267561166193761 -0.165976532027425
0.123615251904518 0.196367262182189 -0.0774410499569269 -0.222914731474815
-0.0528514279643843 0.248279612669428 0.0522021595457785 -0.0315637466264979
-0.285134507707305 0.0549378007051335 -0.112027646418049 0.0406657086931357
-0.216135360263172 -0.227101474148315 -0.303243755453042 -0.138921003680273
-0.0160933119950559 -0.282409376435496 -0.170782297191951 -0.563271684995291
-0.0852540150895356 -0.357438913931225 -0.231115401231995 -0.216049678316318
-0.295524616183039 -0.198115985838937 -0.18857052881188 -0.0680055435809763
-0.285369211264976 0.0790243420369209 -0.153321814747146 -0.0058370220033801
-0.0376922064506112 0.286157498588435 -0.0307873571114443 0.0588746017574381
0.15403843975732 0.235699142269219 -0.0238178842417538 -0.0328636463136447
0.256300813684524 0.108343255473412 -0.112110035283522 -0.0725729994156225
0.271065080232977 -0.0412911322727762 -0.195802436260947 -0.0607407401043252
0.275603821727172 -0.0722707027709575 -0.225269464103257 -0.033895131939191
0.297889623629133 -0.0380996844900916 -0.244304899752775 -0.0664743546780978
0.323540610319886 0.155348791143867 -0.193027805025145 -0.139971943940682
0.175188870739604 0.341077753493781 -0.0448551291491226 -0.178395849238497
-0.0982977857606622 0.400155737370776 0.0482759153903553 0.00454988928343783
-0.455741907514714 0.112189383840413 -0.111375398936898 0.0724938578384635
-0.399017852698801 -0.327991873473611 -0.263995044547393 -0.0989083005641958
-0.117173866868311 -0.466823624328731 -0.134416021245608 -0.440894452936814
-0.141160079860892 -0.448383215140174 -0.209019208887318 -0.0781816066211093
-0.396615063130583 -0.231578352252827 -0.128144698903996 -0.0279595630669558
-0.368793186235712 0.113207115690646 -0.160786041884784 -0.0123244623774533
-0.0624780497414568 0.369512439978361 -0.0608554885658943 0.0723681959625536
0.184943713128821 0.318285229453156 -0.0186528324927112 0.0311494056891553
0.321542977255234 0.164643724105521 -0.0286804000075635 -0.0199441329920623
0.34641055539891 -0.0184976472229218 -0.0805645201037047 -0.06223200702594
0.348509604135259 -0.0549901725618596 -0.1053950808502 -0.0562121997425644
0.370849849672452 -0.0136169637094483 -0.115663758617159 -0.0727969634191931
0.394360853503383 0.216382212189536 -0.0850198212119304 -0.100991314263814
0.201047104202709 0.436255098806054 0.00502087258257885 -0.112998764781387
-0.128868848256586 0.494559103977873 0.0525877816593285 0.0415227490601335
-0.556072232948291 0.152758399840735 -0.082923415663469 0.10515688896031
-0.515781448320086 -0.380298653741099 -0.18099003445676 -0.0336313008232261
-0.189832047447296 -0.572814006986553 -0.0693913397817549 -0.26602800437774
-0.188713908645913 -0.478676717007905 -0.153941591720464 0.100219263217946
-0.466669934625401 -0.22238116595798 -0.0205448349767619 0.0236538009047206
-0.412897813442557 0.157502532639993 -0.14211231717399 -0.027235764698725
-0.068538279672601 0.417746224972881 -0.0929217384236083 0.0836784318811341
0.201231184021347 0.357546364168154 -0.00786421574641703 0.111799928600109
0.348718436530829 0.194437544025641 0.0722737696061125 0.0482294994303572
0.374791617275398 0.00192453347452113 0.0555380574675999 -0.0522758121846101
0.368796163734509 -0.031330496918906 0.0310116499453348 -0.0691320198507059
0.382036027965515 0.0149975134850308 0.0271588271383306 -0.0716340154850289
0.39506832449181 0.244187430083686 0.036937322779004 -0.0560621468171388
0.187531697462559 0.451094994274747 0.0636626079918618 -0.0387711299816717
-0.138052170558745 0.4874831941298 0.0607749139979766 0.0740824534278155
-0.545388378405504 0.151627491786187 -0.0343007113391275 0.131279657150483
-0.524415448319267 -0.370638520321325 -0.0730529466944046 0.0395503215719742
-0.222202363025704 -0.575608580635005 0.00962724743748922 -0.0711541468181266
-0.210794166583672 -0.433115858675391 -0.069840883744008 0.291181520211718
-0.462669993135709 -0.177997260136676 0.115101252026281 0.0792475074627935
-0.382712751791755 0.176339373262898 -0.0977413656602984 -0.0421655081332101
-0.0598561419944481 0.391752226919346 -0.113782339643751 0.0912367161530332
0.183372711242692 0.33290272917892 0.0117410652236728 0.191373963578361
0.319737110996016 0.188748518961498 0.17622415310669 0.117715847672918
0.345280638401725 0.0201466194774566 0.191582216145683 -0.0324703013594323
0.331111056910032 -0.00247205852750361 0.163390770805306 -0.0734128912402852
0.332607358707115 0.042830625855641 0.159129985143046 -0.0622581553932739
0.324037320832131 0.231512336923129 0.145179529207133 -0.0128410376622794
0.128627998701201 0.380167164965346 0.112877487014115 0.0272302789817527
-0.131443405369305 0.370314293636012 0.0650809129490082 0.090173554118328
-0.421570603244572 0.0961339246425175 0.0153301737763987 0.140078432015456
-0.419464031526871 -0.303159983441082 0.0277354911557777 0.0966615080893294
-0.208812370986542 -0.475155986085193 0.0878077645807346 0.102725779755373
-0.194926026898406 -0.315023501946434 0.0253523936504688 0.463692372367371
-0.364742499413395 -0.10501166110081 0.245344742743912 0.130869956960559
-0.27092071282682 0.148919182022301 -0.0320787650462357 -0.0527109020744032
-0.0432637140346439 0.278687064013525 -0.117950245065809 0.0857347173371378
0.125245608850987 0.244153955405545 0.0295485799723756 0.247491059008903
0.23072831571874 0.149357648139786 0.25937688109566 0.174671915932511
0.257333528683809 0.0340592898540785 0.305968554922671 -0.00631796937868931
0.243105444516041 0.026583392764619 0.272297202654135 -0.0680254708258267
0.234078876664426 0.0662185248645582 0.259565716154841 -0.0464579014687979
0.202567110334614 0.187768003184107 0.217029067842115 0.0246240960903971
0.0430724131567672 0.252681926192615 0.134491342702991 0.0731970636960338
-0.112331885111393 0.191868970498558 0.0564533894302081 0.0832867550841844
-0.230447332902145 0.0217156805092323 0.0506714685114543 0.126801776623981
-0.24427109735072 -0.192585451078474 0.0950597229485988 0.123649822481094
-0.163499534755426 -0.301397755617656 0.149584375097782 0.223305090345002
-0.141994183539407 -0.144968959010652 0.109108407926136 0.586405008813117
-0.199446748018209 -0.0188073925023369 0.342751954175889 0.172389303799672
-0.109278051095212 0.090748172784994 0.0431094298009505 -0.0596132764266219
-0.0191899610790731 0.112215793049901 -0.108561413392077 0.0592695761350223
0.0426233355511481 0.112726232049535 0.0342937267184821 0.267796761076757
0.100096707614185 0.0867244983878172 0.301107691863938 0.208663262206491
0.125684609365815 0.0444897392090722 0.375956194690651 0.0226946687872135
0.11868109855013 0.0531622548913364 0.338579274505253 -0.0533006957141685
0.107530966645873 0.0795540432194866 0.315803860556171 -0.0242790238149871
0.0649266689360981 0.122541611522042 0.244945665379545 0.0520841910425292
-0.0381170312621888 0.108551796478331 0.127918151605104 0.0973403227723782
-0.0808379494026388 0.0186763274713517 0.0388287853332737 0.0570924588676562
-0.0395744071343941 -0.037902295039358 0.0690977734878009 0.0952278995742983
-0.0668071519403209 -0.0629828009643771 0.127349686930653 0.122936320889064
-0.104954710361705 -0.0971488867358842 0.187754153063446 0.281246585356316
0.0136693901762087 -0.0679486472180188 -0.226502236127339 -0.326065778488721
-0.0847583939237318 -0.0411409610143042 -0.217207576724228 -0.0944307322030845
-0.0808454502125306 0.0635924887590771 -0.101551673659518 -0.0198045485834735
0.0465998945656869 0.100062367995962 -0.0112173605805178 0.00496171512197924
0.0840364589410458 0.0213174374861336 -0.0614127024139788 -0.100157972992503
0.0626792564951088 -0.0392744272057373 -0.225793479315962 -0.0927432039659598
0.0239798959581259 -0.0717857345417046 -0.320326400636195 -0.00433418181723137
0.0121729695041186 -0.0748036110147808 -0.347570691132702 0.0390726450682655
0.0206136833380964 -0.0657446288898049 -0.380285744542972 -0.0152452421673115
0.0481087708245662 -0.0216049619170701 -0.311014322607313 -0.155965813384507
0.0585153511375671 0.0253241464427602 -0.110057812972096 -0.240845310029594
0.00205363968655802 0.0697425351342482 0.0598078369533164 -0.0722753790649901
-0.0849257773268191 -0.00277503622553505 -0.0839860603838691 0.0168359385477507
-0.0133937587462297 -0.100208957609476 -0.302265246877437 -0.133760851925725
0.0882121327483895 -0.0624040467462853 -0.201047529157609 -0.605432066714283
-0.0461577019536783 -0.225989391390352 -0.24079366807284 -0.294125957763685
-0.198362672238859 -0.119632536488816 -0.21608848137796 -0.0813396906938515
-0.185330395408085 0.0762953097665669 -0.130520217653655 0.000257499360194242
0.0134439577722154 0.195841785264774 -0.00749620233442812 0.038746693540697
0.129725591727082 0.126361531602622 -0.0351966114883333 -0.0743944371345404
0.170278634861167 0.0258137624425953 -0.180157044072894 -0.0925306178842838
0.154887338423466 -0.0703092068583772 -0.281091201508031 -0.0323014386791281
0.152461220855854 -0.0886403222863653 -0.311925678173282 0.00984511084759067
0.17019813495012 -0.0665534330558449 -0.340855148123035 -0.0339813164117107
0.205225623341838 0.0596759836832957 -0.278205155959299 -0.150347567719523
0.135740555458039 0.18819472149522 -0.0936725032849339 -0.219593824294062
-0.0386905427446648 0.249496181618056 0.0524884099739635 -0.036955264531547
-0.282744534689432 0.0712690894913824 -0.107584495449406 0.0438770066919501
-0.229256439117564 -0.216006009400588 -0.303229287276636 -0.122572173035681
-0.0294765074352025 -0.285565631672282 -0.196639339152498 -0.553790590749784
-0.104968360741486 -0.357717641570238 -0.237124281240703 -0.20711381187685
-0.306218303078867 -0.181017159891623 -0.19127886554433 -0.0575266810645464
-0.281819239612309 0.0934458970735348 -0.153969401629295 0.00820292638941328
-0.0212091728727316 0.285873568844373 -0.0227034079952034 0.0614561983522626
0.167852156538533 0.22503354998604 -0.0217483772125303 -0.0311852527317573
0.263152451727931 0.0913599766606026 -0.115257160117327 -0.068434857478688
0.265497679840138 -0.0581820309421181 -0.200837237047706 -0.0509740478644019
0.269595111625485 -0.0886421363831295 -0.227915717974211 -0.0233549599851602
0.293716265012705 -0.0569289992587538 -0.249697970284259 -0.0520405906283451
0.332462132908587 0.136145591517925 -0.201733328700734 -0.12865902195317
0.195026865512913 0.331805725839218 -0.0590382487777753 -0.176459337018862
-0.0776384910461967 0.404093920350523 0.0503156022196256 -0.000222008122324719
-0.451973491598919 0.135876254279249 -0.103859843365203 0.0752020007937921
-0.41821130880732 -0.307173166866204 -0.261542739397598 -0.0842690094098463
-0.138377568988203 -0.46724984227974 -0.154086304036285 -0.433143023186862
-0.164573374357896 -0.446290762865271 -0.207054446271289 -0.0697582106422609
-0.410387983113249 -0.209663172512098 -0.127865966034598 -0.021577800384209
-0.365281498085661 0.130661215531014 -0.161302770627515 0.00295233508410193
-0.0422439734299021 0.372186956310628 -0.0521523489495013 0.0760698550294711
0.202824164765247 0.306891127773293 -0.0128642487823601 0.0337578757899809
0.331858682196302 0.143764807240163 -0.028696035007851 -0.0209296657726559
0.343084028984201 -0.0397079756003972 -0.0870075442976038 -0.0583917716923528
0.344662803289187 -0.0754905090682262 -0.10981373616879 -0.0511476998226681
0.367565416271569 -0.0351123745321132 -0.121596032507331 -0.0647620646180213
0.40639375287833 0.194249525586582 -0.0913470123220544 -0.0953692991923395
0.226278268677037 0.425804577318428 -0.00667491313458018 -0.112589441940604
-0.103583469380292 0.500017551439439 0.0553774097497674 0.0371748815345799
-0.551053047512612 0.180076470709599 -0.0727499502709093 0.105972348444225
-0.53821023180033 -0.354254892036072 -0.176640888002496 -0.0232326373484342
-0.216182911510778 -0.570670932750248 -0.082062842731815 -0.260245222977456
-0.211878392839538 -0.476205571550318 -0.144018837433427 0.106978899275841
-0.479898224106602 -0.199315506458515 -0.0172545139488837 0.0243825789654769
-0.408096756813653 0.176290820077406 -0.144372146744398 -0.0121762098081442
-0.0473531808232057 0.420970533847126 -0.0840022896015572 0.0899880800560772
0.220858379352318 0.346642521513394 0.00224711430825689 0.114119028436703
0.360978217164385 0.172164613409171 0.0773970090898836 0.0415187579226331
0.373960899767818 -0.0205040138184047 0.0483959057690244 -0.0557522875547839
0.365863829556586 -0.0519971001212027 0.0259364548817475 -0.0722328101825431
0.380192908724056 -0.00692601879993001 0.0206722674448306 -0.0717530834398555
0.410746240559815 0.220615109391082 0.0331522379186339 -0.0576610825097306
0.214277157422674 0.440433047632014 0.0566428529381886 -0.0412356341443109
-0.11469924754459 0.493837289579602 0.0640394903265465 0.0698693201944747
-0.541069766252678 0.176992977742671 -0.022096108365896 0.128983346801363
-0.54589148441975 -0.345925659239895 -0.0649311223915966 0.0438523161191761
-0.245741397038838 -0.571684171866486 0.00517181361789222 -0.0685325339901357
-0.23198601164072 -0.428051437960547 -0.0514010853893054 0.296082480807671
-0.47146295631534 -0.15496229558153 0.119963197493454 0.0724269467610587
-0.375941764786648 0.192757993280489 -0.100600773585865 -0.0299391528293863
-0.0408877810186275 0.394646836997014 -0.105638315433488 0.0996729607265045
0.202456622390703 0.323862728556897 0.026523753789486 0.19406711502508
0.332793761362516 0.169276683074458 0.186135492401927 0.105096873288946
0.345027877596841 0.000104673327856748 0.186795332980901 -0.0432414930596217
0.330995205446818 -0.0211909559623443 0.157933594526968 -0.0829712752508948
0.333136495228081 0.0245177116621225 0.153368272891836 -0.0705562123590137
0.338627522808997 0.213329863268271 0.143796398063834 -0.0207998634909187
0.149975748282257 0.373609715469847 0.109474216705434 0.0222687503130063
-0.113082419728246 0.37649924977158 0.067588785750261 0.086664474751431
-0.41856133252429 0.117428221487571 0.0278990102420057 0.134892259478105
-0.435747627859908 -0.282984807450475 0.0366700760171528 0.095329738165553
-0.227577624755354 -0.470817694389717 0.090970496780394 0.100508311738521
-0.208782088543629 -0.310031210051294 0.0501954245829089 0.464363111940675
-0.369609477243188 -0.0872994820709529 0.252321676478401 0.118005971121237
-0.266733943647791 0.159182815859266 -0.0356165401270982 -0.0446750971239457
-0.0302312090969311 0.281779134152531 -0.111992964737606 0.094709860125035
0.138620793587671 0.238494872316 0.0467555995298328 0.249871318112501
0.241468796406061 0.135282133723768 0.272814358248046 0.157712075565953
0.259461044712371 0.0194005744731358 0.303697817665884 -0.0240865842019161
0.245761095095981 0.0131604553218291 0.266547352084247 -0.0838245767756321
0.237527425390232 0.0532230258797214 0.255262449009795 -0.0609806981787213
0.214588479985698 0.176464381922167 0.217003957459603 0.0116069461246472
0.056755200907347 0.252371731346744 0.134263681274464 0.066126315557894
-0.103741307219143 0.196992405796934 0.0575026119863011 0.0795628128527378
-0.231683624143202 0.0305324887454693 0.0614191734835635 0.119884842857742
-0.254059495766997 -0.181521005445526 0.104885543460137 0.116901855108463
-0.173146416127331 -0.297293652650239 0.156876739534732 0.218091696724357
-0.146493182301682 -0.139757935235894 0.137812985308016 0.584307421060447
-0.198605259810261 -0.0102331624572343 0.349988955607548 0.154594526147964
-0.106377989558161 0.0930582066733329 0.0391390364594187 -0.0567408848236397
-0.0152698080863214 0.113905115086273 -0.10505488660165 0.068915743096189
0.048568299733656 0.111511444215282 0.0518585575653329 0.269264236873678
0.106114457840226 0.0811450823702451 0.316831934213457 0.190851979750312
0.128431875008243 0.0386282298085531 0.376109796647201 0.000576013510838185
0.123010231620973 0.0474642581126522 0.335109029065263 -0.072306162128394
0.113505324813961 0.0732322199345972 0.311751727807743 -0.0426354366679722
0.0722827978684542 0.119346307604342 0.245693651059746 0.0376054579483031
-0.033095170591449 0.112812138409975 0.129743807449551 0.0897429055928472
-0.0826958075715384 0.0237445205533829 0.0377327581167945 0.0542707404620528
-0.0435764579765828 -0.0395714057749298 0.0771162592586892 0.0882448732453511
-0.069369144801337 -0.0602614260462966 0.134977432842992 0.113745055001656
-0.10517843339479 -0.0928294727865076 0.198060818541673 0.272399409194194
0.00842204282446203 -0.0668992661293811 -0.231732592886793 -0.316454502050276
-0.0846225302089311 -0.0345134686830211 -0.217512218102776 -0.0833585333857517
-0.0749168365156673 0.0663956757473512 -0.102320087576036 -0.0118901514482289
0.0509588696563836 0.0944398476705958 -0.00651489529789371 0.0060765117601083
0.083745179555908 0.0161169942886356 -0.0595302915269268 -0.0965851437623093
0.0588466800291253 -0.0419707965843134 -0.224547242633785 -0.082617489038038
0.0186732636312759 -0.0725836259722981 -0.314067021106934 0.00806663781179263
0.0068974602954998 -0.0742139046635063 -0.339165777963342 0.0506324574714841
0.0156098819396858 -0.0658760189206147 -0.374835138108245 0.00159365250998094
0.0463280118614111 -0.0239167538184792 -0.314444048586927 -0.139913853488247
0.0594669511952421 0.020170400926893 -0.1205249322356 -0.234009741252768
0.00738432083176725 0.0678042908226951 0.0572709244780264 -0.0770970430023628
-0.08241564980271 0.00243182285249769 -0.0816083244616573 0.0173095341138841
-0.0184532438739557 -0.0961463985198418 -0.295497223197996 -0.121555193829855
0.0832196953854053 -0.0657343035234813 -0.215308796244091 -0.589725356194036
-0.055620571812127 -0.22135362803339 -0.243422261570321 -0.284038715450619
-0.199488639263021 -0.107437756954715 -0.213825324598216 -0.0722294294584954
-0.178341307924253 0.0823563831461923 -0.12942299491722 0.00961342176224334
0.0222386691549579 0.189442162481883 -0.00191037931935762 0.0383287374152923
0.132639269422891 0.117248921253768 -0.0333298016931595 -0.0714540321256432
0.167564524988153 0.0168359941709449 -0.180379626253669 -0.0843543993401353
0.145999275643941 -0.0761916234753748 -0.278341918467166 -0.0202879328324133
0.143648452499274 -0.0933561022402565 -0.306344553400547 0.0202146650976347
0.16150783343084 -0.072412855580024 -0.338249841512257 -0.0181644351077655
0.20434508038807 0.0491190922737479 -0.281315868675518 -0.135746691946169
0.141541375926354 0.178174876531589 -0.10428706185835 -0.213393773940356
-0.0275342374587658 0.24581972181733 0.0515470669790938 -0.0413803740689021
-0.275659055469504 0.0809704535188741 -0.101856376283483 0.0438961165874078
-0.234637453517289 -0.20454847706191 -0.295544050073281 -0.109302877231186
-0.0385802566539019 -0.284271082260977 -0.208647896008184 -0.536330498798186
-0.118829011585038 -0.350389432647485 -0.235596022893174 -0.199091282630822
-0.308319567781824 -0.164184261178384 -0.188194401732193 -0.0509304455492838
-0.27428394521597 0.101750156752768 -0.151170446669021 0.0195565082216424
-0.00880093663381698 0.279557310153361 -0.015316923351238 0.0605662929667512
0.173644787280701 0.213849474412386 -0.0185781518651229 -0.0290237102442393
0.261156305192745 0.0760739189683679 -0.115574299972235 -0.0644931373013151
0.256261258851662 -0.0688058083662225 -0.202013971024914 -0.0412330487284396
0.259362332509846 -0.098163119510898 -0.225876079454851 -0.0146042636399796
0.281879939354289 -0.0674323866477615 -0.248398119628558 -0.0392291055495685
0.332995993278456 0.11897567139725 -0.204557821995994 -0.118078140709365
0.206089021193663 0.316647650008106 -0.0694647816357503 -0.170008596375901
-0.0611934356294342 0.400088985007524 0.0513725153192533 -0.00451742782841529
-0.440419071099599 0.151150673982 -0.0958532620809093 0.0740627637953593
-0.42270550542711 -0.287546600327406 -0.253080538671444 -0.0733986157626482
-0.150955211762523 -0.462182296917119 -0.164347641081318 -0.418009982796108
-0.179063663319775 -0.437346747764846 -0.201324178421813 -0.0636376119341811
-0.411370952036055 -0.190646866959441 -0.124509734564116 -0.0175195237191882
-0.356503961645635 0.140603285795346 -0.157874274051243 0.0159077042893581
-0.028753805001586 0.364959863195455 -0.0436516955824652 0.076126459465089
0.21146689200303 0.29345043307423 -0.00742127829335516 0.0345072499620484
0.332068513239893 0.125562775388763 -0.0272889725697953 -0.0218443054480003
0.333215921100042 -0.0531158898088627 -0.0912654662450666 -0.0533745723511653
0.333847782221274 -0.0884673291003919 -0.111260037781503 -0.0470439590305712
0.356137643984293 -0.0492848701972892 -0.123674933360937 -0.0573369129292869
0.409028537298522 0.173655718986837 -0.0941317261915407 -0.0901578069384615
0.239520370689008 0.410036441100539 -0.0153803878766504 -0.10908017020615
-0.0838718499895095 0.493527923597876 0.0569484366208622 0.0332979378062025
-0.537100015244558 0.196761913143807 -0.0626377265119376 0.102544786275843
-0.544726041498917 -0.33283167260334 -0.166581114663876 -0.0160630981025861
-0.228789138935444 -0.56184209693597 -0.0885216883641571 -0.250753780504963
-0.226615659024719 -0.464877789070199 -0.132717237361311 0.108490850795725
-0.479182708343779 -0.177858696811706 -0.0146069993499947 0.0230446302865411
-0.397893641533258 0.185515201975112 -0.141344952149348 0.000769723709113817
-0.031477875389447 0.415496087033503 -0.0746077042254056 0.0921312463011006
0.230865330035861 0.33242674300345 0.0108036627497274 0.114214708565745
0.363312437841454 0.15217061738492 0.0800128177540754 0.0347472075969396
0.364201309879892 -0.0364446049831747 0.0420101885339633 -0.0562804348079705
0.356548215204022 -0.0659835932188146 0.0206199584456011 -0.072247254379949
0.370403828771672 -0.0210950752685447 0.0165115563414241 -0.0701097617576299
0.413088455180519 0.200160971911778 0.03011717126951 -0.0580403263010876
0.228172094149995 0.426798718406534 0.0492239424940475 -0.0407568125688193
-0.093999297134814 0.486993310142634 0.0659652041738845 0.0657559743851011
-0.528242570007681 0.193434538059521 -0.0123424197040215 0.123029252879371
-0.550707139624907 -0.322424922687267 -0.0565189364584504 0.044966627014091
-0.256156829119556 -0.560533761208229 0.00275437752697594 -0.0649645571077981
-0.241650262855229 -0.418088323967104 -0.0363091040846038 0.292590082487532
-0.470182175910749 -0.135413680503752 0.121941691296336 0.0659193965553538
-0.367469894103707 0.200358088628661 -0.0993602619705983 -0.0183371739194756
-0.0269823668891042 0.390155038945646 -0.0965255677341746 0.103660251410775
0.211197657672012 0.310996137459534 0.0375484380830051 0.192264905134759
0.334872709906919 0.150779562493591 0.190664257509264 0.0932753516590402
0.33829743530712 -0.0138374670687704 0.17865202065036 -0.0499236499582216
0.324747677694836 -0.0335790014657361 0.150362948468996 -0.0876093409386749
0.326644486562469 0.0111599457168091 0.146879021515455 -0.0743953943825173
0.342493878535852 0.196082942484062 0.139873389010387 -0.0265766104911085
0.16337612739451 0.36397633242503 0.10393545971008 0.0197748391397185
-0.0988043403549413 0.37319813071693 0.0686694729961252 0.082191337633826
-0.409956774875106 0.12812876624165 0.0373495785687808 0.126714946884626
-0.43953476133936 -0.263675538237658 0.044880286618353 0.0915009843759234
-0.234735348412079 -0.459914059705379 0.0907667716690449 0.098552769285027
-0.213866605896214 -0.301969867367975 0.066644132286325 0.45602013765769
-0.365805830166903 -0.0748854965046703 0.251580819771282 0.106605270271079
-0.259280356753459 0.163078184544032 -0.0360692068947758 -0.035829422533453
-0.0207920086663522 0.27867242918466 -0.104313404099714 0.0998380323935826
0.144788471602923 0.229765579553437 0.0599441074639483 0.246254489737305
0.243343581592665 0.122289729110625 0.278455713653489 0.14151868622172
0.255822876805072 0.00959360035247956 0.294777016702818 -0.0357117866054734
0.242616457483518 0.00365652447535826 0.257092185406452 -0.0917953783984763
0.235039982689321 0.0431040204629254 0.24661168552371 -0.0693877793433326
0.219111924920673 0.164200765403276 0.213156928750985 0.00205813382750082
0.0661113347121018 0.247585259064771 0.130507378905052 0.0613460721012248
-0.0964637387582041 0.197510009842048 0.057485499142856 0.0758512349206662
-0.228785924788524 0.0361839964692144 0.0696611746175654 0.110635737880761
-0.256203731240769 -0.169840426311315 0.10961334603621 0.110367993413104
-0.176068051885621 -0.28894904198654 0.15946825092153 0.211085825555195
-0.145999723579931 -0.133650061328417 0.156205899593792 0.571964455949041
-0.194725799050282 -0.00434061498709686 0.34746970954612 0.140532718429502
-0.103561656776066 0.0923713499561361 0.0363051150563986 -0.0530201290918221
-0.0126699423114453 0.113498976949841 -0.0998957142308824 0.0748207618234266
0.0506804044566042 0.108862456286296 0.064957342836409 0.265843249700658
0.108142550486265 0.0748370803908064 0.322866792310578 0.172902510205737
0.129203152849259 0.0329839169499683 0.369178933858915 -0.0147345294024137
0.124098187036725 0.0422865142553765 0.324625160545439 -0.08328632168475
0.115191538032789 0.0677740809804739 0.302988722788082 -0.0542219187743329
0.0770133660212022 0.114415365441517 0.240986391290431 0.0265031612333734
-0.0280728317493205 0.11438260501254 0.1280689464411 0.0837675544371092
-0.0829343479560933 0.0264496356589306 0.0358464133436758 0.0514895308359686
-0.0467360851980135 -0.0394429431158492 0.0829036883518047 0.0790602447016322
-0.0695343773799994 -0.0575675304895359 0.13807690967381 0.104861098713041
-0.1022903731295 -0.0883666336520321 0.200512691823516 0.262930582154997
0.035244967171586 -0.0575287524427708 -0.0833774031606576 -0.382713714403842
-0.0606854853588201 -0.0644330966188313 -0.165204622421635 -0.159723962417169
-0.0948155420437987 0.0292477246829837 -0.0863739584466532 -0.0449681620153042
0.00713586514116468 0.103481225573668 0.000784268907183042 0.00439127426085185
0.0683519001670353 0.0492673521846114 -0.00889623996009487 -0.115191885348826
0.0697755778292005 -0.0138199595709973 -0.166160263252164 -0.168390690724801
0.0442082983582609 -0.0585198887313355 -0.286927277684014 -0.121894425649677
0.0326594650548527 -0.0650980945752631 -0.324627892889146 -0.0918758405627205
0.0361395805104278 -0.0531524355463092 -0.336967794635479 -0.148050394625936
0.0499012006492575 -0.00267163060668088 -0.228563437930922 -0.253170346782516
0.0444252574091634 0.0394053214434024 -0.0149122141812459 -0.259621467535462
-0.0181559809219599 0.0626431267649603 0.0841736039790101 -0.0482484459649931
-0.0778816051696803 -0.0257586754624372 -0.0787425777765536 -0.021135115578815
0.0124615641545755 -0.0914172259993487 -0.208876365796649 -0.228516852288526
0.0943560383824386 -0.039302946232329 0.0517408288595493 -0.615861865747101
0.0467044197185207 -0.229873484290784 -0.121145373250987 -0.348128904701876
-0.130060027661065 -0.178434819715302 -0.170541719766556 -0.142261829920899
-0.194703182898998 -0.00122564301080481 -0.118796436147449 -0.0286147714397514
-0.0591727053021098 0.174091089750005 -0.00221990053791257 0.0387845634286264
0.0685483406216883 0.159373686647646 0.0107029661444996 -0.0827005803161237
0.142109037360076 0.0820034234332935 -0.121108916669257 -0.154585624837159
0.158148204444514 -0.0104501733743179 -0.242707603179176 -0.133360155881222
0.164410003720294 -0.0277509970990218 -0.28339950825235 -0.106179828143408
0.170349522076307 -0.00172712549772586 -0.29440745312809 -0.148584742342936
0.163899908223935 0.123624727704239 -0.200092901101053 -0.233058034547821
0.0587681056176278 0.214912561801279 -0.00980849254145958 -0.231861031437831
-0.119645945085398 0.210190939049592 0.0626668178716609 -0.0167844581448786
-0.286154102590299 -0.0270149683493842 -0.109445973068561 -0.00863722847769596
-0.144098316004382 -0.270890953923191 -0.209544525543391 -0.228383909234093
0.0648438433841204 -0.287535469841723 0.0483379392772752 -0.566166928457959
0.0488298106188365 -0.377766758188596 -0.161703968224834 -0.258093494457473
-0.201624788922531 -0.277276788528199 -0.159102406903974 -0.107383641332813
-0.289727642634106 -0.0247272856379895 -0.141879217643482 -0.0209044208073987
-0.124910261606131 0.239803958959717 -0.0182212965210498 0.0559719048125778
0.0653960489163641 0.261173857997642 0.0121825519081772 -0.0380383136132589
0.201252224385532 0.173072892962335 -0.0668540360243479 -0.111871865942362
0.25292839813089 0.0408651557353314 -0.16440531408235 -0.12310126184375
0.271341252311633 0.0139709502402296 -0.197930866796057 -0.105803988225675
0.27671411226909 0.0510359346632935 -0.206524657076169 -0.129958594297247
0.253606098076596 0.23617817015982 -0.138035620780308 -0.182862975753089
0.0637505458683386 0.367019651848181 0.00351239682707789 -0.17742885175412
-0.210191432718479 0.334311359690099 0.0442807765506462 0.017682329758227
-0.464848485911034 -0.0260293867329255 -0.117498186438169 0.0183438869674491
-0.283150470237375 -0.418814451007848 -0.18406340413208 -0.187287912829626
0.0309110283014871 -0.49262661628403 0.049962940108237 -0.442350106195127
0.0345576131035412 -0.486674185051885 -0.194633054997207 -0.113214741453887
-0.281507399721794 -0.346157440105598 -0.116727614247023 -0.0463213647226594
-0.381398206530664 -0.0260086640703612 -0.144485213988331 -0.0200488036869935
-0.179477681723066 0.307199327088245 -0.0463205928514173 0.0624534202185318
0.0641479110065132 0.347418770626526 0.0008678176079218 0.0239781006590396
0.2435435525594 0.246106993829992 -0.00087768471167409 -0.0391352848936668
0.31576150543156 0.0854902440156488 -0.0588897999936761 -0.090011116644091
0.335617080877227 0.0525077519591406 -0.0822835035384695 -0.0889012199057381
0.337034357691249 0.0962511096793018 -0.0871916123956775 -0.0942178430268905
0.302070998666976 0.314975896257347 -0.0502797094790807 -0.112060777171141
0.060751241793331 0.463314153146978 0.0260410078439288 -0.0996406693899324
-0.268732246744905 0.410915779607552 0.0318180240514735 0.0547104477054916
-0.570917295899817 -0.0205581053357132 -0.101056963562471 0.0545670233687722
-0.373774136829478 -0.504822113743232 -0.12872728821581 -0.10893518472317
-0.000850422740181059 -0.611798221520554 0.0537311131056655 -0.259791205930133
0.00522078015288275 -0.532921281184111 -0.207052533727448 0.0769144514432042
-0.345286625030758 -0.367316768371179 -0.0342746670821398 0.0392429677883351
-0.43836910501463 -0.00513727677423279 -0.120701013481646 -0.0230146637985479
-0.205364495338494 0.34987465779879 -0.0782845337272837 0.0654796776567263
0.0644128144855089 0.389950870041252 -0.0136295113193315 0.1038224377331
0.259870498869875 0.282095966332363 0.0743414629637159 0.055142873706603
0.336415412623988 0.115132198850307 0.0629321716343496 -0.0383630232423626
0.347854538651629 0.082140791015586 0.0459006185789188 -0.058046176570511
0.339650089080213 0.126347062431626 0.0429908402673482 -0.0493437608087213
0.296432869112371 0.337889762764228 0.0488048550936702 -0.0325453862038376
0.0435846281253214 0.473731523060564 0.0555890257728474 -0.0117937375323733
-0.275791362450486 0.402222111711942 0.0248986792840412 0.0879300213552625
-0.561236850266091 -0.0226451630140652 -0.0629792101897294 0.092634362388305
-0.382621875408947 -0.49854052097538 -0.0549993663264872 -0.0101259654563124
-0.0252750490984712 -0.619612848857238 0.0591772491546891 -0.0563999923226177
-0.030117917158788 -0.49639124774698 -0.19164787782762 0.284738331447404
-0.356458157830021 -0.325577712107887 0.0738932362940526 0.133745956259488
-0.41628579577366 0.0175609349877328 -0.0735713518680262 -0.025338766248438
-0.190531339755872 0.330786342383801 -0.105584517233933 0.0662920554638481
0.056508954549314 0.364082086499116 -0.0227702498631367 0.185759912938666
0.235628738623298 0.268666546915808 0.149427589092593 0.15306270828322
0.304480045145368 0.124393996632704 0.183813504957795 0.0234249237434513
0.306794637314267 0.0987602907029721 0.168614580662838 -0.0192884865587234
0.289225820346664 0.137770037775024 0.160470238767748 -0.00196209035876429
0.234903123080903 0.30648435462228 0.134833388555746 0.0388445885905766
0.00908871815086942 0.391593953635427 0.0800851376608135 0.06314885262345
-0.234884928944868 0.297166042102873 0.0209259437310345 0.103339796511746
-0.427881716644393 -0.0378740513588308 -0.0183690183340787 0.118221419182583
-0.299850436348295 -0.403851351637131 0.0153514330351781 0.0766212042353732
-0.0400783553222149 -0.514227723777303 0.0662352493460579 0.126312710349891
-0.0551919969916766 -0.375328089764172 -0.155014488460343 0.471166333345621
-0.289311320595772 -0.227718492485963 0.176273440756569 0.21895408146075
-0.303054823906516 0.0316659286927275 -0.0101230681522649 -0.0236808011501283
-0.138880739018501 0.235359719938501 -0.11868949972941 0.0578255586191202
0.0301708631164838 0.263278111461576 -0.031790759580096 0.24670016945165
0.165793484536094 0.207594407144693 0.206519731984855 0.235000253555812
0.222722593790375 0.112332989866709 0.282509087080766 0.0846442423238853
0.219229717077674 0.1003204297091 0.265477055147414 0.0206013713216205
0.195279359208014 0.130589035071542 0.246686837718901 0.0406994392793713
0.135336923939006 0.230391087454537 0.188807181426426 0.0914267205179335
-0.034130794704411 0.250145863388717 0.0876444706326139 0.109214574115227
-0.164920173460211 0.139072780356107 0.0150334688769183 0.0914063623275427
-0.224052594391296 -0.0558133189579429 0.0203176676425389 0.119361364325003
-0.165707034648109 -0.250055560187288 0.0623266629635326 0.127976411844394
-0.0468380097750775 -0.331449254804092 0.0710898799562906 0.254068587642487
-0.0692309366726596 -0.188783608416017 -0.108978954240137 0.600112318722587
-0.168677920554107 -0.0902419938378508 0.251596148083783 0.279873219155893
-0.133008694199303 0.0350084703957121 0.0584643447583161 -0.0215777240023406
-0.0614528877139813 0.0943662228737197 -0.115877061138871 0.033783815829133
-0.00149195928663385 0.115996243809688 -0.0428873481025836 0.268504665443674
0.0644703394698671 0.1102379936379 0.228378072595304 0.285385225115579
0.100845504721312 0.0830559112639478 0.341073368708098 0.135162151461472
0.0978765234438207 0.088670429493398 0.323241931171441 0.0561899834195855
0.0791323266721677 0.10625052729614 0.291203589636668 0.0749303101188966
0.0269708052593089 0.131311856790227 0.203809043438552 0.12213599276634
-0.0692769320359327 0.0937411656832202 0.0763310883873452 0.126083897577065
-0.0868037703964025 -0.00880081777763573 0.00715643402229975 0.0588009514037792
-0.0273696214063926 -0.0572171972061395 0.04717545125645 0.0996083062414062
-0.036995156629915 -0.0790772285583729 0.0859384943885381 0.143069269841952
-0.0537344698766884 -0.115341857146769 0.0764183890340411 0.316642288080679
0.0319789687163508 -0.0583015891639916 -0.0850855676699975 -0.385396142043497
-0.0619997976308739 -0.0608133546601627 -0.168517468318619 -0.156983443519055
-0.0937005999326611 0.0321179709284054 -0.0891327089311512 -0.0404504214451581
0.011024040171298 0.102409258891566 0.00355886244534517 0.00624377507318956
0.0704789307781 0.0471003300451231 -0.00765526215822135 -0.114857883097431
0.0693490524411579 -0.0166792611350463 -0.169366034450953 -0.165087056627704
0.0409248753531557 -0.0599354806544303 -0.288438266643445 -0.116733524944373
0.0298220873103361 -0.0659818064870221 -0.326671656668445 -0.0879462425677574
0.0339177541530418 -0.0545568643973022 -0.340632248257015 -0.141631671271105
0.0503417657564012 -0.00455536946368108 -0.235986649498771 -0.249627931058802
0.0466816891319871 0.0373532908480273 -0.0217376117324387 -0.261220556795418
-0.014809259437257 0.062767080425854 0.0858278359126733 -0.0530925711640775
-0.0784057625271267 -0.022703309567293 -0.0780393057191815 -0.0220128832347057
0.00970267718828257 -0.0908555724564984 -0.206548464646161 -0.225174420828151
0.0932169927334777 -0.0423511040698227 0.0469934069182606 -0.616174729686889
0.0414773010428084 -0.232093268625977 -0.121674084086056 -0.350219893013624
-0.13363214152263 -0.174985570109699 -0.172398630335476 -0.140586620542438
-0.194797589845458 0.00220156862990618 -0.121444092252519 -0.0219951215624397
-0.0542875492158932 0.17353263997475 0.00137776265110924 0.0395448392554345
0.0733687656768641 0.15643847312157 0.0127322752296838 -0.0822171828586434
0.143831390104614 0.0779632921256784 -0.123437084616817 -0.152621087816234
0.155701661199283 -0.0145995659157038 -0.245743361073064 -0.128458302105566
0.161565206239036 -0.0315562181195708 -0.28572216153736 -0.10280882174241
0.167620578408074 -0.00559372146595672 -0.298754387565463 -0.142911536179847
0.167007407605235 0.120332114609712 -0.205997221464795 -0.229457801662005
0.0637069966572364 0.214075463590421 -0.0164524924540549 -0.233047307900581
-0.114812920454448 0.211215148931745 0.0655951039340955 -0.0204014147062647
-0.28784631851631 -0.021878182489636 -0.106698642221178 -0.00888704005270826
-0.149742428035823 -0.270057559575855 -0.207267156956368 -0.224379226268955
0.0615544610176066 -0.293290238830863 0.0457229119911964 -0.56702794237144
0.041226059819236 -0.382581488839913 -0.159893562231006 -0.258948483038516
-0.206427734333343 -0.272842593451209 -0.159450911691511 -0.10582644874384
-0.292318842906149 -0.021330389157545 -0.143681310994637 -0.0133845377783286
-0.119890599334495 0.240557399339103 -0.0142262505885779 0.0575904112984016
0.0706658592110344 0.259765437226239 0.015155704773892 -0.0371098489156546
0.204509631608313 0.167284528396724 -0.0679027750606275 -0.110938590577185
0.251757464864246 0.035353903209707 -0.168598294782719 -0.119719846492176
0.270226352373535 0.00831867341997018 -0.200536242322801 -0.103870935987002
0.275436422303008 0.0457290124496965 -0.209912767194473 -0.125793096573219
0.259124161865376 0.231259100672506 -0.142674506720235 -0.181061777136823
0.0712053347573749 0.366644104245098 -0.00329162675609882 -0.178171165694087
-0.205831857167687 0.337527409037874 0.0478029675386763 0.0148734821195813
-0.46758390585675 -0.0208789880872609 -0.113283004482592 0.017933139032255
-0.290879499579961 -0.418540228809254 -0.180257011830424 -0.182699151894232
0.0266430734123552 -0.50113795540923 0.0471204185806591 -0.443585380986497
0.0257384533653401 -0.492554452846612 -0.191364494810127 -0.112470407385409
-0.289401626576216 -0.343193523949069 -0.1155982350269 -0.0454514028175338
-0.385334296358 -0.0234774871513028 -0.145890019200157 -0.0110554725868626
-0.173541617540484 0.309184555088524 -0.0412869184277797 0.0635073883947034
0.0706640746178215 0.346451252124237 0.00402240281841131 0.0267521732463899
0.248956939556004 0.239921264068425 -0.000218004892160546 -0.040485329375536
0.315294338239586 0.0794058951612776 -0.0629255979718188 -0.087968948167749
0.334906431243899 0.0457192348478843 -0.084680366824527 -0.0889016351628209
0.336319372727252 0.0905554139551507 -0.0900123395149526 -0.0922636306706033
0.308703139213871 0.30925932001555 -0.0529508486079472 -0.111231013090252
0.0687997779411053 0.464169567356588 0.0204437254633952 -0.0996377582082042
-0.262678985956941 0.414909636948667 0.035071321029146 0.0532962025413624
-0.575868614857238 -0.0146391370547971 -0.0947470863948529 0.0534368469162024
-0.384462375021348 -0.502850722854231 -0.123845717172137 -0.105659045139571
-0.00535020022601085 -0.620235845957138 0.0519030188155367 -0.259030294865059
-0.00199941887277025 -0.538505118126052 -0.200988543114508 0.0792155154107942
-0.352377942528112 -0.362426438945649 -0.0318851086116338 0.0381120080879833
-0.442839823916512 -0.0013704662534932 -0.121523216135564 -0.0138336205177556
-0.199469938771471 0.352568121339395 -0.0742899886927233 0.0671903802730026
0.0724526179985443 0.39056408497032 -0.00811365779845382 0.107291722297793
0.265547862212942 0.276800245789641 0.0781189638941574 0.0526549350846529
0.336751577442823 0.108854521583314 0.0599045730396686 -0.0386323882827419
0.348071235587197 0.0748620643337929 0.0439907609750395 -0.0597152690944734
0.34024496328625 0.120978449831173 0.0413412825273162 -0.0496516982656391
0.305172936573489 0.334091127552491 0.0471968915388319 -0.0334107627842622
0.0535781168672805 0.47595531251657 0.051036238133395 -0.0113595783165464
-0.271597108507872 0.405343141513345 0.0276596394888822 0.0870159062957645
-0.565327230524039 -0.0151056250525091 -0.0562400293042889 0.090239360095058
-0.391060376600158 -0.496487564248907 -0.049285548671921 -0.00776366426279425
-0.0286738215370972 -0.627751030204354 0.0584595519561952 -0.0543190172818915
-0.034609203949271 -0.500216480378112 -0.184769000818189 0.287835079205102
-0.360628938462073 -0.322661331907538 0.0757555152850049 0.131721096806778
-0.42089260956294 0.0216230765324412 -0.0741864792007286 -0.0168370155248928
-0.187519922791905 0.334062513088432 -0.102546844147218 0.0695193292474726
0.0622435051064309 0.364141543687533 -0.016854080273192 0.191179255477473
0.241899355294002 0.26424760028179 0.156250423055695 0.149239119726098
0.307391019846685 0.118858628046975 0.182249612243094 0.0202855506110877
0.308763383204679 0.0925273358679736 0.166835843169828 -0.0224952222025168
0.289938919479094 0.133455980303619 0.159699887957555 -0.00499972991936225
0.242337511834845 0.302260620103723 0.134614730464858 0.0359898869916683
0.0177022726219976 0.39477714742435 0.077303689928441 0.0632482654560726
-0.232256124687168 0.299674189438385 0.0229262621812161 0.102862019026865
-0.429451935326793 -0.033287915657166 -0.0103626405477822 0.114734120072006
-0.30552459561922 -0.40301430292183 0.0210572430951246 0.0765942269291358
-0.0411369988371171 -0.520699416895778 0.065651446421443 0.128185898660574
-0.0592034078888521 -0.378181523551633 -0.148601852314385 0.47475590211951
-0.293177006876062 -0.225113693044394 0.17894818426118 0.215218301285115
-0.306829458564453 0.0324275191032308 -0.0114090013045475 -0.0174435979984047
-0.137317504036067 0.237277038690135 -0.117541625382606 0.061969424149245
0.0342001655944224 0.263710546556209 -0.0245954403307681 0.252662913681255
0.169763901341169 0.20373166688896 0.214976423638921 0.230408993265018
0.224761088156766 0.108872319829047 0.283360108721315 0.0788317792529281
0.222336608220184 0.0966360584008021 0.265352399076493 0.0158905280118654
0.197085331639663 0.127919813735546 0.246703662358759 0.0358858264422225
0.140862226543519 0.228918435596407 0.188858698121993 0.0870308475134089
-0.0296299122623939 0.252832462230925 0.0860635700860333 0.108292672884573
-0.16530758030616 0.141376127846001 0.0152706024459902 0.091046170225637
-0.226277819233515 -0.0543818892860496 0.0270094689649113 0.115245627339256
-0.168320836378238 -0.249046607498066 0.0676409555616552 0.126403816708274
-0.0470375738831519 -0.334570134798416 0.0720960198446909 0.255898875708282
-0.0685772065852879 -0.188770935467504 -0.103164986072887 0.605584523510596
-0.169252856699222 -0.0893350332137794 0.253668974426317 0.276023783378131
-0.13414139924758 0.0335981738814132 0.0569146578924503 -0.0180415462545021
-0.0618125550548827 0.095785312752301 -0.116043328708732 0.038182601641909
-0.000654682793373744 0.117277832046751 -0.0363182286936907 0.27390995818962
0.0661408201329932 0.109345608492294 0.238323570589712 0.280755314449814
0.102598965496207 0.081820979388794 0.343071052774162 0.128144592791487
0.100825157424152 0.0873328770342311 0.324110778034058 0.0515422406842425
0.0817136270502516 0.105822173571291 0.290576391835575 0.0694782199511439
0.0300558553111763 0.131718390466083 0.204097200138562 0.117740655810697
-0.0677473717292749 0.0972128366448773 0.076285384112368 0.123989860815604
-0.0896693337540166 -0.0077908980204434 0.00593917459375407 0.0584223968922598
-0.0297127740166124 -0.059544124888323 0.052797230696231 0.0956182177333714
-0.0371976210462041 -0.0787521798941626 0.0896664974818797 0.141093627063519
-0.0512777567056712 -0.114986514918374 0.076522265763097 0.316664965986737
0.0288730524957623 -0.0590666443669621 -0.0937614338139593 -0.390771853767891
-0.0645123048102561 -0.0577453535027932 -0.175559543108907 -0.152701091512024
-0.0931670462892828 0.0364087645574493 -0.0934101595555231 -0.0349650852695722
0.0154849377014023 0.10173169276878 0.00643529925517766 0.00792386498102686
0.0739208818744821 0.0436681907440357 -0.00860895769113785 -0.115375303734133
0.0696284881671228 -0.0205851164398125 -0.175406881611019 -0.160919801717804
0.0377276690462522 -0.0626130661116214 -0.294200187702911 -0.107814422913526
0.025913574856965 -0.0675177196570918 -0.332710610784448 -0.0802085185300321
0.0302583625809655 -0.056673659667148 -0.349076675938795 -0.130410570954327
0.0510536574865514 -0.0066298381076197 -0.248263130990494 -0.243990054697946
0.0492415384252341 0.034965197272064 -0.0328224971149905 -0.264993803987029
-0.0108649671100907 0.063633156908798 0.0861897009157987 -0.0598568768308615
-0.0795535794409641 -0.0188925776578661 -0.0781377669985205 -0.0216326138185089
0.00588507292899687 -0.0913265824449298 -0.209581092731558 -0.221301314451991
0.0915241147223401 -0.0473963717586707 0.0362094794452741 -0.626463649698709
0.0336325892876754 -0.23711469757887 -0.128104511728191 -0.354634620824426
-0.139561930779699 -0.170634089153678 -0.178371373956249 -0.136994069203215
-0.19715781380117 0.00841729041186972 -0.124860805762702 -0.0146058142998801
-0.0481121570823883 0.175481603664484 0.00552379492885389 0.0407651973148167
0.0796350398754018 0.15434397557805 0.013554381498553 -0.0825681721917568
0.147536869672431 0.0722071733162352 -0.128852968321112 -0.149505928904537
0.154688477954494 -0.0201937818513513 -0.252756369550056 -0.120942680105312
0.1602160250347 -0.0373021656242544 -0.292374203355692 -0.0969697392034429
0.166379012601355 -0.0104330818330776 -0.306484112075816 -0.13378910476663
0.173205867811216 0.115223370709098 -0.216800981396189 -0.225230057082816
0.0723234741806338 0.213782320850333 -0.0272283463819679 -0.235864519314778
-0.10854715613861 0.215488810572672 0.0682613910599001 -0.0256971058970385
-0.292669834644586 -0.0128518716017347 -0.105209240927444 -0.00841348721132487
-0.159426518388646 -0.269403286953567 -0.208826319466965 -0.220040365370691
0.0549217320152938 -0.304006487817248 0.0343352763934106 -0.574278525050716
0.0292349654452935 -0.390025513946164 -0.163795806767484 -0.260801044068313
-0.216735290944752 -0.26855322487475 -0.163354704448188 -0.103403147881637
-0.297092301170308 -0.0128190687469553 -0.146245057468285 -0.00408262559861303
-0.112333760906264 0.245264147509079 -0.00962583091969518 0.0584313845707371
0.0803266328535021 0.258827175685106 0.0178441336124873 -0.0361422845276107
0.212123710907622 0.160877718788073 -0.0709411121893267 -0.11024141968727
0.253404672206225 0.0270503338638813 -0.174489981090976 -0.113874375831665
0.270966503386298 -0.000788723022247154 -0.207570423331627 -0.100310583592098
0.276477450814516 0.0384304833317021 -0.216743846948388 -0.119090149868723
0.27085185365958 0.226191173413548 -0.150832432923996 -0.178965733984215
0.0856012729259821 0.368409130579643 -0.0125433845366217 -0.179186167456355
-0.19845194761727 0.345268142528661 0.0521711052211737 0.0114796345604384
-0.475730512512283 -0.00634575385045443 -0.109745569151657 0.0178720163373171
-0.307496720360562 -0.415196093949112 -0.180627057237511 -0.179602495200473
0.0150583013204033 -0.513891398270997 0.0389780009914662 -0.446727731363136
0.0123104041102641 -0.502415717166436 -0.190387328143637 -0.111933064783394
-0.300967880564674 -0.338226183119842 -0.117028431790274 -0.0443016863571959
-0.393064617268656 -0.013240173514886 -0.147245211258252 -0.000595241478754519
-0.166354471365814 0.317317624130331 -0.0370800938670562 0.0654038045685788
0.0845207762234703 0.347418526627884 0.00957411929176254 0.0295044794077449
0.259799017328914 0.232060765947995 0.000292001222590122 -0.0415590562542543
0.319705021029006 0.0696069273342452 -0.0677059092215729 -0.0856157600498011
0.338577399265268 0.035132416044043 -0.089789062679597 -0.0883089076857272
0.339467185114898 0.0815687855750368 -0.0943064083083769 -0.0897280882031788
0.323493507140863 0.301926446727388 -0.0574743806312188 -0.111196390959334
0.087296856322685 0.468043232283826 0.0136581231407407 -0.0996408359791081
-0.254259891664347 0.425946733687804 0.0394318293796591 0.0506649688036693
-0.584449388464379 0.00180247483763343 -0.0889335100870678 0.0525330650749757
-0.403882668069363 -0.500261826231753 -0.121342509584713 -0.102354684583239
-0.0201002504369623 -0.635622729279914 0.0480185155646793 -0.26049557259635
-0.0169912153633086 -0.548884721104879 -0.196254311718615 0.0838890040687
-0.366976844304768 -0.357919804563469 -0.0308809697373124 0.0380495577721902
-0.451709394938918 0.00931898297639593 -0.122567574987842 -0.00346023262063957
-0.192656561305595 0.36359187637562 -0.0704914180182451 0.0704829036746743
0.0846357475912104 0.392179509335618 -0.00069471241343873 0.112943907440838
0.278109347168158 0.268506809469725 0.0836194203229423 0.0489279439240778
0.34391474244062 0.098404391773664 0.0572893782106311 -0.0398330536864313
0.354334133627459 0.0631227094133695 0.0409659977510293 -0.0621673741326337
0.345031708082565 0.113267126809414 0.039089435523376 -0.051421791424203
0.3206346394866 0.327157317298005 0.0461272210215998 -0.0356910240085456
0.0714780416838314 0.480222289287847 0.0474732893806114 -0.0108155546353116
-0.263136661021326 0.41643416117933 0.0325396483192229 0.0865835605598922
-0.574618303706212 -0.000684105786944485 -0.047928992925606 0.0881678379203494
-0.412185301955498 -0.493922908496571 -0.044380823609507 -0.00610913278785797
-0.0419803736633024 -0.643189356579355 0.0580126853751643 -0.0536017983665094
-0.0483380335935044 -0.510256056773387 -0.176084778016438 0.2959742146423
-0.37316552659821 -0.318178641568844 0.0805175518727158 0.129304338278512
-0.429291219363079 0.0309013863479706 -0.0742428946631172 -0.0080607778296032
-0.180975021938233 0.340994797639682 -0.100193047432032 0.074012070093301
0.0739661212769132 0.368478244931047 -0.00687454607979259 0.198455144136384
0.252734676321681 0.257710170982191 0.166250537781038 0.144152615289874
0.314358872889827 0.111252135722096 0.183386326497516 0.0155336987284546
0.314690125765717 0.0833026313321807 0.166680240718609 -0.0278598673906569
0.296528055527016 0.127156015580085 0.160067379275464 -0.0105815493645827
0.256322691582838 0.298037016625996 0.13641692686062 0.0313716199064939
0.0312560170973709 0.399488515473524 0.076144969017063 0.0629666070835
-0.227209712055138 0.308356527301618 0.0266414426722506 0.102641124216891
-0.43878734194038 -0.023124453767644 -0.0011113024349819 0.110922878505154
-0.321825111096677 -0.399851737504855 0.0278184953323198 0.0765611457451901
-0.0525185070784311 -0.532056372201701 0.0692055932938997 0.130775661176432
-0.0668578737162758 -0.383391053681798 -0.13633705938045 0.485894757067369
-0.300515001707075 -0.221229235656602 0.185779562904431 0.211580661577696
-0.312690593187527 0.0383396008353741 -0.0113782844036389 -0.0115422682197765
-0.133988766471561 0.243320180898463 -0.116064878866047 0.0675092603223414
0.0418737849011971 0.267163782742599 -0.0129842053016274 0.260315796147046
0.177704025112538 0.200164465497442 0.22865959510197 0.224508341689617
0.230395981267622 0.10382581361601 0.287731174076955 0.0707559151581945
0.227771350527359 0.0899207186718169 0.267407354757608 0.00901480249258562
0.20301776960801 0.124648114363479 0.249032440204116 0.0278657676031777
0.150841328262612 0.226056376603903 0.19232466966048 0.0811234499998538
-0.0217710691086677 0.257805067300801 0.0867602360626831 0.107773780032412
-0.164763760541813 0.147152321990932 0.0170675134626669 0.0910489737964349
-0.232258015699493 -0.0506490143841586 0.0363341151930375 0.110799335357329
-0.177218033482493 -0.248604983456716 0.0742311160796021 0.124940881197427
-0.0524065390701976 -0.340353543611577 0.0768007832292338 0.259313701459956
-0.0720127348124096 -0.190511714900018 -0.088177258650846 0.61775006886781
-0.17149341918053 -0.0872209385741021 0.261187295962633 0.27103564836295
-0.136361708910867 0.0354074138912452 0.0566320788765495 -0.0155672297040079
-0.0619252532404187 0.0986821412833316 -0.116212811265362 0.0441369466309092
0.00173559363330295 0.120080841476528 -0.025009228012897 0.281746630428572
0.0697834808145264 0.108143961932254 0.254218071376861 0.274983649819397
0.10689587834092 0.0806410007311745 0.349988219428341 0.11760899619118
0.105598583107137 0.085109002645725 0.328457633647821 0.0424226098374997
0.0872612025613192 0.105568154682532 0.295600441144049 0.0602350663640732
0.0347664694598045 0.132337173762235 0.208106457028529 0.111137602112119
-0.0655437244912908 0.101720525184657 0.0786755091771977 0.122692781820317
-0.093499485220741 -0.00454161202675919 0.00561779965797092 0.0585204628278481
-0.0333658450951416 -0.0615778970205433 0.0601441900321937 0.090552252816482
-0.0385168983705384 -0.0800111544654667 0.0956126123445454 0.137902203085107
-0.0507700050319165 -0.116424358365825 0.082407144868265 0.319474279191732
0.0241695285524854 -0.0602216445043531 -0.109904723352634 -0.389246637396124
-0.0673154904151279 -0.0523163398664487 -0.183513792884026 -0.143289786616377
-0.0904540915445709 0.0420393697081799 -0.0966582897145988 -0.0265334437643739
0.0225854365348116 0.0994802118891737 0.00953433700761789 0.00869705617715074
0.0767786571773508 0.0380716795902073 -0.0113510177334344 -0.114982026666897
0.0681469657468348 -0.025436936970404 -0.182263490370371 -0.150621177399776
0.0325778120747108 -0.0651959893202563 -0.297902043233786 -0.0917290097560836
0.0203043897356202 -0.0686165129415333 -0.336725366634526 -0.0645373444956054
0.0247348273800753 -0.0581300608042982 -0.354742925018104 -0.110911829505238
0.0510393813062968 -0.0102947529406052 -0.262494887995064 -0.230387066020035
0.0525395202289146 0.0308828130191046 -0.0484810990865654 -0.26403704039974
-0.00578062920868316 0.0628080873571745 0.0843827331492065 -0.0677741857546243
-0.0800573450427964 -0.0131729100728968 -0.0780945689589448 -0.0194996630319875
0.000128884357857085 -0.0906540879839638 -0.214315657836019 -0.211128253759821
0.0869389825287244 -0.0536417432999446 0.0100867192175915 -0.628964345473918
0.0200398511708985 -0.239075397990565 -0.141668165905233 -0.352317610453728
-0.147836384636845 -0.161989937505493 -0.183883450902914 -0.127970132321456
-0.195935636857704 0.0195301930613899 -0.125640585830571 -0.00454242244140216
-0.0378240867436058 0.175606933203529 0.0102204239325509 0.0409507157198425
0.0884221117007879 0.148307245816391 0.0130343708039353 -0.0823498115246414
0.150427837910655 0.0623983103569687 -0.135240464119522 -0.141874652398416
0.150961184568181 -0.0289029833547578 -0.257507008788619 -0.106129363188947
0.155902072389463 -0.0454173480409755 -0.297881791714883 -0.0825922930233098
0.162816479609197 -0.018735742922978 -0.313452110320349 -0.116504248748371
0.179908612601528 0.106227910810028 -0.230108769667767 -0.21390627402197
0.0846228983115188 0.208364431651545 -0.0418454514177732 -0.23368449311316
-0.0973656542168733 0.219187319708768 0.0692145456299271 -0.032438082606173
-0.292996074500129 0.00203340907188263 -0.102951953800303 -0.00576193476068487
-0.173983080529173 -0.262019044010384 -0.212837251164906 -0.209319708707904
0.0389534954306778 -0.310787292873859 0.00994620600660659 -0.575373069192247
0.00862163122759619 -0.393384675738674 -0.171612790836798 -0.257858299549862
-0.229527132066487 -0.256479167767062 -0.167527848272354 -0.0958898400248207
-0.298542905890655 0.00254706790235328 -0.145505205217306 0.00810196817316773
-0.0990281756992089 0.248817933306976 -0.00429207059193431 0.0580971241269224
0.0946517429044821 0.25310314883363 0.0199766202923406 -0.0356582950014929
0.219556176181611 0.147485733478992 -0.0744120013882032 -0.10672723268416
0.252452587750056 0.0132130272799256 -0.180738155954654 -0.103286221945841
0.267702896501715 -0.0151163293484404 -0.213395697886104 -0.0907160854481591
0.275494047513985 0.0246810327977423 -0.222928405418285 -0.107256452651872
0.282959688666446 0.211133453952967 -0.161105743807895 -0.170353108229688
0.105405356270175 0.363130545311067 -0.0250450311074717 -0.177889515886282
-0.18053600787013 0.354073579759977 0.0548266749158602 0.00574509666497831
-0.476521553085708 0.0157983790314299 -0.105270549564168 0.0196225141350133
-0.328598618087812 -0.402699109236191 -0.182321125033972 -0.169809299808523
-0.00931162121724478 -0.52130816844824 0.0202933213273068 -0.447997777112743
-0.0140694153257158 -0.506735953743629 -0.191522860247654 -0.10682563715353
-0.316917791398228 -0.322038792441203 -0.118153281921082 -0.0396312725909972
-0.395583542965116 0.00605643421364775 -0.145588357152415 0.0123002645412959
-0.149989788487064 0.322629023259833 -0.0320402115230426 0.0664958030654333
0.103527456571628 0.342779252853059 0.0154220833743639 0.0310567548233678
0.271407047277278 0.215851692612766 0.000575538553375206 -0.0422493930531614
0.321362243636807 0.0526745254658037 -0.0732261224279345 -0.0805114164493201
0.338250971043973 0.017155402387692 -0.0959824758309018 -0.0847593552578832
0.341038927320245 0.0657326085304498 -0.0989232745836382 -0.0847479346120939
0.34229642427398 0.284960473089155 -0.0647569132701041 -0.107591862587223
0.11200358766955 0.464609742647581 0.00513729801017526 -0.0981075418481144
-0.234784793012205 0.435535877758428 0.0443864939272562 0.0467468469755429
-0.58586399779094 0.0290070220210806 -0.0822872338364624 0.0523981050991321
-0.429088373715431 -0.483570114114147 -0.120457346391805 -0.0956205868133392
-0.0493401122319057 -0.644601884514513 0.0380573929167438 -0.260918140668448
-0.0436153936526941 -0.551319649015591 -0.187684828314677 0.0897088434753496
-0.38319146006951 -0.340199530732872 -0.0279917372677676 0.0382666772004313
-0.454808982116042 0.0299096062046602 -0.120450359267849 0.00893216507443925
-0.175097586625076 0.371155488061887 -0.0655701678160562 0.0737448033057113
0.106492777091865 0.387968276003974 0.00973165774119027 0.115659123846579
0.292303510206749 0.25178881349627 0.0893653331281504 0.0430137180226378
0.347161072615293 0.0806484501685472 0.0535591329120415 -0.0417145805887561
0.355162894577727 0.0447607322403662 0.0362452978494406 -0.0649497028280571
0.348629245198349 0.0966786314727918 0.0360988551951894 -0.052665752261807
0.338699461679094 0.309336021496319 0.0433909738850226 -0.0379418227848702
0.0974416641228382 0.477474304761612 0.0431068602191419 -0.0108960596394257
-0.243380421805484 0.427222737494374 0.0384491053303021 0.0830873299479649
-0.575101376634443 0.026009561544023 -0.0386216669624284 0.0857694507979773
-0.435566277336836 -0.47572301047179 -0.039189839498363 -0.00435699628040976
-0.0725035638997562 -0.64877981267097 0.056950943500695 -0.0530566567492661
-0.0720871671649195 -0.51006632722048 -0.158410841254878 0.302854095988985
-0.386796371978717 -0.301097062734889 0.086982411258819 0.123922828903505
-0.431371735026722 0.0507503583673397 -0.0725809522179931 0.00181999735623524
-0.164338985645675 0.351126504144838 -0.095711885826617 0.0793434231719434
0.0927321323574619 0.364301708870961 0.00757072865016808 0.202147486703605
0.265758132666671 0.24271969006039 0.177466685122596 0.133387481478352
0.318745570947555 0.0949212496995717 0.182153652041261 0.00604416501156309
0.31780561781214 0.0661113707318647 0.163536718486582 -0.0363570188699926
0.301327258471941 0.112941472673078 0.158954276242206 -0.0180326760531952
0.272612424803054 0.283139085869523 0.136333041531392 0.0241004259497801
0.052796350182358 0.397959754303773 0.0764158887341807 0.0616351485505008
-0.213581000044904 0.318445632604711 0.0326777487255396 0.100011972729753
-0.440893635894762 -0.00308266738545052 0.00941875524351769 0.105808412708289
-0.340462125790467 -0.386869730290391 0.0353032503509254 0.0745187573322292
-0.0750567055085011 -0.536533329608085 0.0751363387071396 0.131436199174668
-0.0833392617927135 -0.38294613396773 -0.111054986100838 0.491881491327794
-0.30992993745303 -0.208817707091207 0.193739833710667 0.202009483982023
-0.314112453611212 0.0512081098510584 -0.0101507108622943 -0.00532284026253465
-0.123891320003819 0.250477195673845 -0.112213282264486 0.0744395381038157
0.0546816742835869 0.266502731438261 0.00365936981255851 0.264443749527482
0.186751376026669 0.190116458610978 0.243950044160711 0.210106798536655
0.235480519032917 0.0922695175958241 0.290451834007878 0.0556268201841752
0.232253240899879 0.0776619115195735 0.266823651582596 -0.00453761311714274
0.209689509288387 0.114917042330593 0.248639117485349 0.0152893975111107
0.162790137185868 0.217906699182111 0.194692362202137 0.0706919168534893
-0.00726233985337763 0.25988289921442 0.0895857956837478 0.103721328518563
-0.158828259674953 0.154879100721561 0.0210640383337664 0.0896482196493027
-0.236031381595883 -0.0409327982405423 0.0460524185207724 0.103592502268338
-0.188611212990803 -0.241761045650772 0.0830455395952646 0.120032278063385
-0.0652805143707298 -0.341818922556716 0.0871570094716059 0.258391695046988
-0.0778995116415059 -0.188749880863153 -0.0606346398857889 0.623708713009214
-0.174134078757395 -0.0803174093684901 0.271057472259807 0.258930476557505
-0.136986088411129 0.0392187282744986 0.0568891916202022 -0.0138903655332912
-0.0590240294963856 0.101670002648484 -0.114580700156944 0.0517060933620999
0.00725287459784721 0.121023497986862 -0.00821771755924231 0.286341039784148
0.0744429690326374 0.104588912982043 0.271357627160677 0.259143154623605
0.111367148032693 0.0757353067259158 0.354861057314335 0.0987406508687101
0.111040362285904 0.0794726582246617 0.329794377786136 0.0267892495858376
0.093302511115155 0.101132051056914 0.295877037457732 0.045152950394471
0.0424323999437318 0.130152307041823 0.211518466023599 0.0999059998208309
-0.0608244302263139 0.106481714922673 0.0817525651117852 0.118888323865607
-0.0954286655441379 0.00122638474185776 0.00712113226444979 0.0577275638109577
-0.0378420793805054 -0.0618260421725032 0.0675213568324389 0.0830866140150621
-0.0411172501204615 -0.0789460765960846 0.103178073292197 0.131203703802345
-0.053160234599411 -0.114803315746832 0.0952369451344907 0.318182617893277
0.0190502912212275 -0.058601958910429 -0.123367792279558 -0.376863514137723
-0.0682451512486352 -0.0458705180494541 -0.184443935250875 -0.129092534241278
-0.0846915748059804 0.0463542500090286 -0.0965596082545759 -0.0177641961505889
0.0288622673468609 0.0938512334660797 0.0123735432924823 0.00897656907268643
0.0764464486371471 0.0311544367612562 -0.0131654356822423 -0.111117209960705
0.0637198004100532 -0.0298795092116648 -0.18324002889356 -0.136081444202588
0.0268025843955466 -0.0652489673300604 -0.291509861353436 -0.0734769052756329
0.014863271669329 -0.0669715503718223 -0.330257230219535 -0.0465023190503413
0.019434289062644 -0.0570849866990066 -0.349855907415554 -0.0894588149606044
0.0490175740583516 -0.0133855655636593 -0.267748016389949 -0.20934236323334
0.0528136490022298 0.0252251989501108 -0.0635096553662508 -0.254914622170904
-0.00107077521477655 0.0599404311508574 0.079042351925747 -0.0731890595147005
-0.0775756935267252 -0.00704755476132309 -0.0759355567008141 -0.0168705902677897
-0.00536341284939312 -0.0870364128265147 -0.212402953858032 -0.195226243674857
0.0797750613130151 -0.0577040770927762 -0.0185284931719662 -0.613208001915439
0.00570984638531186 -0.232978730381421 -0.150921665839622 -0.339780243146567
-0.151730232182895 -0.148514655845487 -0.184462790904056 -0.115010494087606
-0.18889323918223 0.0298494000388966 -0.122097357952236 0.00589728034617476
-0.0264522378089296 0.170188003276698 0.0135934624079471 0.039408244540527
0.0937947838847785 0.137374994640484 0.0117829423784959 -0.0807330104211184
0.148482853565853 0.0505859975292637 -0.136189032138299 -0.130844581613804
0.14376377013143 -0.035983516489767 -0.254337029160887 -0.0892885261584336
0.147057217278083 -0.0517166009917139 -0.293888590707984 -0.0667536812021497
0.154946763127241 -0.0252592941994484 -0.310010979410841 -0.0971656779141969
0.180223578684105 0.0922667058006723 -0.23503559667665 -0.195480992820499
0.093137318794978 0.196856149560281 -0.0551072437196294 -0.224559012952822
-0.0828680632956221 0.215368128326531 0.0673442880849696 -0.038363138078327
-0.284892985336755 0.0176081587511982 -0.0985261763017582 -0.00292188324929253
-0.183784253924539 -0.245972254925531 -0.209526162080759 -0.193370263763463
0.0207779448640331 -0.307345322439814 -0.0131846859739113 -0.560432344453202
-0.0117878416396904 -0.383793085853315 -0.1753506251105 -0.247401522295338
-0.235105278162436 -0.237071384544203 -0.166205547740111 -0.0851419510318496
-0.290871029169931 0.0180423219474506 -0.139388939591175 0.0199140592110641
-0.0829530542733922 0.243730937134272 0.000196272136442235 0.0565439816637451
0.10518656357366 0.239281068910119 0.0213472641706007 -0.0350067851373292
0.219947354052293 0.129784351025554 -0.0757406851485215 -0.10042091915071
0.243710880027999 -0.000248660608466932 -0.180481805805796 -0.0896289439871493
0.257215844763134 -0.0284908349019985 -0.213060288563881 -0.0780051980536899
0.265699382357377 0.0121983017285621 -0.221420507754293 -0.0920346550736437
0.286009087803142 0.18868474068441 -0.166095677802348 -0.156458579455935
0.122289850667454 0.346660607952379 -0.0356585466346202 -0.16940362432407
-0.157904320914469 0.350032236893289 0.0561973205671303 -0.000442986909842828
-0.46262878482602 0.0390761328283856 -0.098513212507063 0.0199600536127814
-0.339890160339752 -0.377358910580152 -0.178253745687922 -0.156662884228413
-0.0352822482930274 -0.51343137516899 0.00267324093786771 -0.435477745700953
-0.0395839063771053 -0.491932031371825 -0.187117682423288 -0.0996049485181539
-0.323670904533879 -0.298028250375996 -0.11614892290533 -0.0339656753938984
-0.386925950375656 0.0281096465314467 -0.138455340386208 0.0240666284359893
-0.129285455066613 0.320102883719247 -0.0266504229742913 0.0657826372001656
0.118464196046702 0.325520352922288 0.0210957791471094 0.0306561543591106
0.272991816749349 0.194424788796071 0.000905690161309296 -0.0426333988494894
0.313051712480723 0.0339048857148049 -0.0758417190643047 -0.0733812659067649
0.326820708841432 -0.000784449582052943 -0.0992337493648521 -0.0778156599192392
0.331531698040392 0.0480176929225921 -0.100692270971745 -0.0762448053822908
0.346341803114693 0.258695701785988 -0.0687621271691959 -0.100884588986676
0.134623449250368 0.444561008778859 -0.00372503941372944 -0.0938822674336675
-0.206693652961725 0.432743472554727 0.0476387819529507 0.0401594807037656
-0.568507475150766 0.0579788410973038 -0.0738928765189416 0.049831875876387
-0.442192137248749 -0.449585873290485 -0.114117113559667 -0.0875752247774078
-0.0793290300728977 -0.629434279554898 0.0269477142743479 -0.253783382114315
-0.0698050771960487 -0.535613261294208 -0.174849826897971 0.0922420230049061
-0.388520813092587 -0.313335765623089 -0.0254340313168883 0.0368682410489847
-0.443336541426778 0.0521764904850556 -0.113613543534582 0.0199509996332243
-0.151729653079183 0.367714350420833 -0.0593166038395051 0.0744958606562624
0.123783441880046 0.371232047060828 0.0208830337957534 0.114066095005981
0.294668274420122 0.229345898846761 0.0912394616137713 0.0346645207212473
0.3396028450701 0.0605100214462435 0.0488972793854243 -0.04236873996528
0.34544628865606 0.0251469501266447 0.0304185365800398 -0.0647544054378837
0.342014898907516 0.0776771612754731 0.0315147475842861 -0.052511112401367
0.344802820210914 0.281155828011898 0.0390261824377359 -0.038461597019165
0.121332871019469 0.458941656249789 0.0386139505838821 -0.0104435681450112
-0.216864012808973 0.425905840082385 0.0429049431093024 0.0769638118593731
-0.559273314059694 0.053273562620207 -0.0299574276661831 0.0793108183823456
-0.44908825616383 -0.443380703598931 -0.0322982957544427 -0.00265548309540965
-0.102405958354099 -0.633358661160037 0.055019284879904 -0.0522489307727932
-0.0917202063538232 -0.495031486169678 -0.137297741614254 0.298741094239483
-0.389775596742177 -0.275879809315114 0.0899081812131373 0.115347485014652
-0.421017389487873 0.0696252392438698 -0.0671571194104277 0.0107997751110285
-0.145498486118853 0.349112323290786 -0.0882883428850458 0.0820563683815838
0.108439362125399 0.349143142229901 0.0227195771941149 0.198663249024408
0.269853941117153 0.221448482884646 0.181910690493108 0.117649775632425
0.312956157183731 0.0757692885105206 0.175822838415141 -0.00290527671498614
0.311051794331324 0.0478328695126115 0.155723160735289 -0.0432394737907591
0.296988661802181 0.0957862359644814 0.1518837057337 -0.025514938344333
0.279851514568684 0.259382853881617 0.132708727494715 0.016272953553313
0.0733425376613871 0.384331505725867 0.0747358617430754 0.0580951750971547
-0.192941290107177 0.318884685392529 0.0372114559082214 0.0943446799081995
-0.42877435605329 0.0184844424492721 0.0177950392112283 0.0962412477056595
-0.351650447598129 -0.361222002963471 0.0417348714021668 0.0702813744319389
-0.0976208884544466 -0.52184079406677 0.0794900530980215 0.126449067063919
-0.0963891962065113 -0.370434690374529 -0.0849778140180417 0.482826401229116
-0.310519059505495 -0.189516185468868 0.196600989604645 0.186089298821112
-0.305382556550893 0.0639676391997627 -0.00747960750989254 -0.000404588040725701
-0.109962533685091 0.250112737482299 -0.105524532426033 0.0789463306973958
0.0665679749980401 0.256608859197748 0.0210294245733753 0.259225528474244
0.190410177718184 0.174885179164297 0.25030587945333 0.187796957184862
0.232822863486248 0.0773299348528844 0.283053680147447 0.0390281543147812
0.228903871600143 0.0636563482686527 0.257584896308919 -0.0161020310189984
0.209052339861776 0.101959941346093 0.240708395523949 0.00269338474969579
0.169551823455268 0.202174701522289 0.190206148425646 0.0583871928290434
0.00657435003439892 0.25311081632262 0.0896481563128661 0.0976154116243793
-0.147935134062116 0.157889991996535 0.0245986281622988 0.0849932680591522
-0.23293470856764 -0.0293908729888014 0.0535383579642471 0.0928120897142617
-0.194405938546757 -0.227036874140623 0.088289416589785 0.111095827804022
-0.077111367111564 -0.331960333458106 0.0962096625823405 0.249427615033184
-0.081678865834753 -0.180931741373292 -0.0288519279525773 0.609935552074876
-0.170961018761278 -0.0714644553507286 0.272894992124733 0.237824272269572
-0.133115721158013 0.0435192241214338 0.0553968181639056 -0.0133693178424116
-0.0540817072359718 0.101973734588736 -0.108194436657948 0.0583234500896729
0.0127362301658467 0.118706463112085 0.00928632123052813 0.281247695630999
0.0767819971098727 0.0984524427547182 0.278843527105521 0.23520993671495
0.112627049015915 0.068546471381933 0.349244346446533 0.07655776437218
0.112086540205229 0.0712141501279275 0.321072272638572 0.010177053399959
0.0972618538321603 0.0933177366938556 0.287019555902108 0.0287033574361128
0.0482378118455714 0.123721021832414 0.207898358700778 0.085825064065102
-0.0539343790045409 0.10788269992457 0.0832290163804647 0.111140138728436
-0.094460870303374 0.00644363269305318 0.00799853703218951 0.0551463555477017
-0.0417646211557048 -0.0593814961728998 0.0723576690234095 0.0721693655074093
-0.0428076835982069 -0.0756082198610033 0.106020969381535 0.120755773719081
-0.0534123734923219 -0.110178714951781 0.105786519078815 0.306417486757385
0.00707655756500903 -0.060486617291343 -0.159622290169257 -0.341169754290904
-0.0703082979620772 -0.0344580393745178 -0.186974372320251 -0.0976019042019169
-0.0739214413337626 0.0548259727170673 -0.0900958681930923 -0.00323492199271984
0.0375430019976223 0.0840549696881844 0.0160870155640858 0.00364647359111638
0.0754353842083764 0.0193612165103048 -0.0262937642557442 -0.107565756178169
0.0552288404877307 -0.0358564143685224 -0.189781387192961 -0.108301557391291
0.015155015185854 -0.062908510349043 -0.288168056917424 -0.0377175567925768
0.00548521468307739 -0.063716635724966 -0.316464239972147 -0.00598226326451353
0.0101891992665187 -0.0540718068611154 -0.340306168292598 -0.0442203218535376
0.0453436071431594 -0.0178841345594026 -0.278680970126393 -0.164846367823709
0.0522063621906675 0.0179321981210047 -0.0892625812315805 -0.235136860274955
0.00544110525116169 0.054297999624419 0.0686494785649307 -0.081055536661438
-0.0723019138140676 0.00574812612606227 -0.0753005703920235 -0.00742130560985166
-0.0171156714149321 -0.0742365954107275 -0.221046023923727 -0.163625748100884
0.0562502821772552 -0.0630701245175406 -0.0827882882760196 -0.583620447997619
-0.0280814452606301 -0.228494492205752 -0.177580800705957 -0.288570508158444
-0.15930365008976 -0.122983753114029 -0.181781263460318 -0.0817494934883444
-0.174607823671172 0.0509160537058208 -0.106007519032977 0.0235687209755287
-0.00676828703428736 0.160927471061617 0.0243502237049256 0.0303875791197216
0.103543501134403 0.117498475166936 0.004059317909981 -0.0857744505487859
0.143388770632404 0.0309748952862238 -0.144758084136519 -0.113931706404191
0.12693926590997 -0.047992410521633 -0.253095134803737 -0.060441054932034
0.130887265512496 -0.064983902858196 -0.285265975440786 -0.0289814883010951
0.141369837108416 -0.0392539288445749 -0.301246408761369 -0.0579293167209631
0.17992793085873 0.0655898174875422 -0.241846070524145 -0.155990693832507
0.110596662167619 0.173894525357302 -0.0736409777133274 -0.206980054286287
-0.0545475782210747 0.207761006378047 0.0651383750506485 -0.0429290580166816
-0.263335692301099 0.0535812536834122 -0.0982232193692402 0.0133934981954598
-0.199211743468248 -0.20331396693446 -0.228631806286489 -0.16381666377192
-0.0280483566632183 -0.288238603846047 -0.074553941026811 -0.543197777100688
-0.0644033301329676 -0.372350401927534 -0.185877983974847 -0.185799742223523
-0.247694161396104 -0.198275075259091 -0.158322642795809 -0.0546035404179744
-0.273036780412964 0.0521124438845266 -0.11568435890336 0.0399733372747318
-0.0527067843999749 0.235613938878813 0.0157393529839789 0.0474491262392164
0.124936291422294 0.211947350666007 0.0215445651458964 -0.0469266334353564
0.219323692990976 0.0973601678561557 -0.0830487226432672 -0.0967349465296372
0.225007026898416 -0.025995578684884 -0.181526186074789 -0.0718633331821448
0.237209909450796 -0.0556719259433757 -0.209455951573769 -0.049982661237394
0.250908617445158 -0.0173695701100376 -0.215220818812519 -0.0650657019687538
0.28949769394969 0.1431543933271 -0.168773307950659 -0.128292028059206
0.155899267255955 0.311252447276075 -0.0448069677613811 -0.156017533309735
-0.110406106260955 0.342055193603483 0.0618420996588594 -0.00126260012757797
-0.427361895233481 0.0948835134892948 -0.0983122142064518 0.0400989173749749
-0.358637746235691 -0.306908548958283 -0.203282771504163 -0.134371642406815
-0.104601661904289 -0.472232274007408 -0.0449494136282447 -0.430944671057352
-0.102989184922014 -0.476116864766308 -0.176329277789811 -0.0354794360604572
-0.338011362016133 -0.247202526788985 -0.102429054452754 -0.0109517291642151
-0.363846906482658 0.0708004598045161 -0.108815852848769 0.0444548715714443
-0.0896539575498969 0.31162741692309 -0.00557019975716588 0.0584808524511765
0.146319636236308 0.292755607601286 0.0313128594534601 0.0126037500973984
0.27771186215194 0.152266250617782 -0.00310443410514531 -0.0551229112108288
0.294485732420922 -0.000938421383907989 -0.0787877823970906 -0.0705201461351448
0.30543212220004 -0.0383276431347724 -0.102801873892376 -0.0625146087077315
0.316282807757341 0.00904035284143946 -0.0987328503032965 -0.0642236449937945
0.353379724782914 0.199226558265315 -0.0679623693192706 -0.0878553665550302
0.179268857037625 0.40029301322606 -0.00258375477299313 -0.0863471381948058
-0.147647473045419 0.424397717048818 0.059766047064686 0.041088901381277
-0.524582598359028 0.123981745876342 -0.0724671738538148 0.0674006180568503
-0.46046578686361 -0.363782020922632 -0.141827647238011 -0.0777554460905628
-0.156985491327854 -0.57706762909997 -0.00230176643795288 -0.263668896195619
-0.137098383526497 -0.513912779483701 -0.139218394135525 0.14884591765394
-0.399691363702254 -0.256192449031086 -0.00685347871036103 0.0460388873188679
-0.415394046086512 0.10029566010281 -0.0821304292316361 0.0366213546622217
-0.107074021138651 0.360755461175759 -0.0339868675761243 0.0706130351886927
0.155505561490487 0.336150637256416 0.0429738955010493 0.0905346612141361
0.302453052871194 0.183493505323686 0.092546071265733 0.00584958184069029
0.323548869493838 0.0198885463875589 0.0448416419644192 -0.0557650292887384
0.327123629728412 -0.0157456445868641 0.0211001889859203 -0.0657192743359261
0.329972936322023 0.0351319080245671 0.0284588197614181 -0.0566552885040151
0.35471144579475 0.222271697345382 0.0419669458108607 -0.0418916957407656
0.168016159945853 0.415253874217863 0.0460494032874677 -0.0118752977198461
-0.15588444463789 0.419317446886806 0.0581328209178155 0.0772601995541944
-0.515602767946784 0.120155087277621 -0.0276185950172246 0.0892942050498644
-0.465520076317774 -0.360086116776546 -0.0558311935627425 -0.00615659296636575
-0.17444575054267 -0.576195014300887 0.0464927940917961 -0.0742963789200247
-0.15240978490022 -0.469695167633032 -0.0785709620404895 0.338412010651878
-0.396901032722048 -0.222117296230402 0.110472378407155 0.10581524870523
-0.392779988991269 0.112928679038526 -0.039469095042303 0.0213173575056804
-0.103421508325789 0.342731805678328 -0.0614302137315884 0.08253064172553
0.138614538194557 0.318857488356944 0.0553984588063144 0.172299514866836
0.278052309595898 0.180216613602373 0.188474261776671 0.0746462830764373
0.300687678388341 0.0371003969125237 0.170991501520322 -0.0317563612489663
0.297518101729044 0.00926100206467543 0.141854031549151 -0.0598116063529445
0.29079456238032 0.056261133435769 0.144780282593804 -0.0431843879865014
0.290737068812131 0.207843553787254 0.135126488743948 -0.000460019267948762
0.114193193933974 0.350208700640895 0.0856330207776797 0.0490794221643376
-0.144875716320912 0.316050159086061 0.051599333957359 0.0929798750578041
-0.398417993286558 0.0700774074373961 0.0210674793841688 0.0955852510287724
-0.365246574467771 -0.295913400887614 0.0278274551993621 0.0542198406278835
-0.153378208213048 -0.475667258331045 0.0898237241494833 0.0979604437541931
-0.138585413880607 -0.345969247738596 -0.0106775418727604 0.497263848390337
-0.310793396842261 -0.149808671213748 0.216556507099542 0.158680096003613
-0.285022956179778 0.0937264866277043 0.00964690214752499 0.00254733184123463
-0.0802230423629707 0.246161179760713 -0.0814958139317 0.0849674434645129
0.089310027584956 0.236038445381808 0.0599685738669172 0.235048288143331
0.198760692488815 0.144788769104434 0.26240440532943 0.137260709493093
0.227645544299542 0.047795229621435 0.278026828215857 -0.00280147746682578
0.22324652563038 0.0326719975237658 0.24049293483444 -0.0462314642795697
0.208562052606589 0.0714900092352648 0.229605600130854 -0.0264053618327099
0.181283016537566 0.167344247492517 0.191398150857925 0.0326473430988783
0.037172823098675 0.235348134725436 0.100401521692893 0.0848252498467795
-0.12176588297888 0.162282016232439 0.0341491764454456 0.0834631598808928
-0.222127841636218 0.000367201658679446 0.0567304254900654 0.0825246752648032
-0.204132652467048 -0.190722444660584 0.0847475081383678 0.0891936275340555
-0.108641426234067 -0.301008358434097 0.118980075362511 0.219047545516471
-0.0971541637808418 -0.163387208368252 0.0508703452974977 0.597043066371699
-0.166037336448813 -0.051836328554234 0.288732888534095 0.196007248886826
-0.122604144565767 0.0544590029385376 0.0588676406240191 -0.0181793996440668
-0.0425189187287311 0.102534215886244 -0.0912436827243273 0.0694303440720122
0.0230936582182062 0.112086650375278 0.0493833071770223 0.262772445666212
0.0833939204709933 0.085178170609481 0.294801035611446 0.18370046714655
0.114683599129303 0.0520599958316301 0.345426641647126 0.0287392848930282
0.114637690888079 0.0534848988656356 0.303435091320547 -0.0277496526345031
0.103079940538089 0.0752970544597457 0.27527290035259 -0.00540233190279679
0.0586697836969613 0.108788667296152 0.207242489850023 0.0569537394173456
-0.0373903427249962 0.106851772858607 0.0916001339456632 0.098056825211987
-0.088056979801419 0.016561670860039 0.0114535375286892 0.0544869482719321
-0.0471186718127805 -0.0526218799327912 0.0754785203069883 0.0559864102647344
-0.0464559639955142 -0.0685057392032137 0.111177356567938 0.0978666498058205
-0.0572122094748867 -0.0982053812720373 0.133351711299979 0.279128235576894
0.00585013081744428 -0.0570571510493368 -0.147405811302264 -0.33070038522519
-0.0661029489794883 -0.0318775866162948 -0.176691387647459 -0.0952884774072192
-0.0698705946084289 0.0516822225924751 -0.086064354001187 -0.000482561766159054
0.0349839879732789 0.0787728289157186 0.0171387199930756 0.00401705791067675
0.0718311847386954 0.0180991862557604 -0.0214198387968451 -0.104174925963893
0.0522948975239052 -0.0347726206898566 -0.178189112691568 -0.105965231304411
0.0138298634144263 -0.0597828114061483 -0.27266135103199 -0.0387671256261544
0.00475280359949894 -0.0600299616358319 -0.302378991878552 -0.0096016671111252
0.00934828774635081 -0.0505431956528081 -0.323468774825943 -0.0460953995027487
0.0437565860575227 -0.0173151416236659 -0.265535250961955 -0.160217146808499
0.0502199600047418 0.0166008048058562 -0.0844018210089221 -0.224882505202937
0.00551966298486678 0.0506954383528316 0.066338396858652 -0.0797588137532107
-0.0681496962375538 0.0055204641382752 -0.0713546893959687 -0.00945052595762132
-0.0158909487437004 -0.0700866125863607 -0.203175033419239 -0.16119874382879
0.0519162308169262 -0.0595784364876699 -0.0689164934226994 -0.55958408874039
-0.0250524075386587 -0.218354346328145 -0.16377721100923 -0.282629898360565
-0.150105451885027 -0.117784988268861 -0.170728106778842 -0.0813947326298998
-0.166418109596962 0.0473679365708401 -0.100958378401553 0.0243753852604284
-0.00745222197425416 0.150988156784985 0.0239573318439377 0.0294998995194907
0.0969071600841971 0.111614402323904 0.00780602920866156 -0.082224542727983
0.135328349570298 0.0301167446101337 -0.134474792720628 -0.110656410997867
0.120235259179921 -0.0438235717677974 -0.239241144152126 -0.0602489430012189
0.124100916171438 -0.0597327877378476 -0.27273412437057 -0.0315461501769124
0.133938864161835 -0.0335039532310702 -0.286127916629202 -0.0585544640767877
0.170920597869851 0.063593355096041 -0.229763840507589 -0.151085205424152
0.104177922812575 0.165637687787407 -0.0701988894349823 -0.197255756782666
-0.0546750448597888 0.196897319729981 0.0631905044236309 -0.0434853044320454
-0.250612757734055 0.0484653665726168 -0.0925686967869924 0.00915568267798976
-0.188658995255557 -0.195894032866232 -0.209555765363698 -0.161529859125088
-0.0246174828387119 -0.27787209397741 -0.0601307356608679 -0.519613813948138
-0.057891548127523 -0.356704491530972 -0.172643761738055 -0.184718415373115
-0.233459637679247 -0.191633862719463 -0.148986326044212 -0.0556964591330976
-0.260274427157706 0.0471584545399254 -0.109545290369873 0.0397052373836025
-0.0524057525617348 0.222629993025547 0.0156882188231062 0.0454162656933816
0.116580899324278 0.201945742049563 0.0245432691477529 -0.045310870849155
0.207227741138837 0.0940406671070051 -0.0768492674595095 -0.094459489221307
0.213224615370175 -0.0218569199931061 -0.172016962264351 -0.0703621283330957
0.225067870721297 -0.049812914121738 -0.200990383728756 -0.0499542139971275
0.238156318350091 -0.0114529262017874 -0.205112822578736 -0.0646294780762763
0.274928823212264 0.139346040803682 -0.160106530201372 -0.124086452192587
0.146288167738766 0.297523902067427 -0.0428369565377572 -0.147638197651192
-0.109907383829057 0.322775316198308 0.0595568372812072 -0.00395210680832749
-0.409845625526059 0.0855995832900279 -0.092387961952088 0.0331539494063929
-0.339846257746479 -0.300162097310325 -0.186721299476645 -0.133190129536427
-0.0945219073373679 -0.454769841034008 -0.0345585461555441 -0.414004340611128
-0.093946783381433 -0.456267119872808 -0.165946370354208 -0.0413870073359733
-0.318311569742003 -0.241769660782245 -0.0966643698080004 -0.0137134879608175
-0.348055523047775 0.0636103195355346 -0.102646721588312 0.044099369025674
-0.0895213151803881 0.295550983295529 -0.00562344314709742 0.0566673658201366
0.135811460099719 0.279977854274037 0.0344018239054994 0.01203775455557
0.261825026188321 0.147715445719641 -0.000593290659810036 -0.0549175351687927
0.279897708961638 0.00205228079249613 -0.0747453914116226 -0.066600139901484
0.290756870304894 -0.0326926229798773 -0.098433204532623 -0.0607292712627148
0.301130740091335 0.0143169894512847 -0.0936529420580876 -0.0625349047379336
0.336794864677079 0.193409803877393 -0.0646927159753586 -0.083751073760165
0.167192501884666 0.383354259174343 -0.00353841891497738 -0.0798919230559644
-0.146748648901947 0.401608735163716 0.0570896982933032 0.0369415065181236
-0.50228094114343 0.112107529369406 -0.0687222024437709 0.0588405532086886
-0.436595792401159 -0.356138600905479 -0.129077269294928 -0.0776911535662964
-0.143416667052038 -0.55705878582695 0.00379757007833205 -0.251772883168822
-0.123732631808621 -0.49543909221514 -0.133971449824388 0.136424036783479
-0.378426597279453 -0.251394378456061 -0.00637727734362456 0.041776555699252
-0.399587298888356 0.0917368340134455 -0.0758201465639397 0.0371760470049906
-0.107274107824817 0.341850986868618 -0.0333228132101818 0.0682011221282754
0.144860002616824 0.321913475404599 0.0448322400927797 0.0874598584438839
0.285486610435439 0.178595471200947 0.0895399632515143 0.00379670610004458
0.307643339736915 0.0233834696185802 0.0423121759960857 -0.0520702908384594
0.31018211787365 -0.0115386645398902 0.0194893031245152 -0.0620155750174682
0.313377619427288 0.038544089691437 0.0283724651227911 -0.0532337449225442
0.337121819134425 0.214476181296672 0.039601298154475 -0.0392364835818259
0.157314429279991 0.395773158700129 0.0421199851647785 -0.00799401648241348
-0.155754858263601 0.397481379037046 0.0549322454450865 0.0718990151993371
-0.495570091128772 0.105435787075667 -0.0258357435837747 0.0797572478671536
-0.441360084980316 -0.352566386608009 -0.0484114162069391 -0.00872827373042157
-0.158652421238114 -0.55685266930427 0.047112261714783 -0.0695949597221454
-0.138918847989161 -0.452592774543374 -0.0794565975090027 0.319600012570496
-0.37531338458203 -0.219918308429694 0.103295111877434 0.101146229697954
-0.378286846922318 0.102884260233583 -0.0350717036354595 0.0226933438009419
-0.102825501414509 0.325232648707854 -0.059717806615198 0.0793693589930392
0.129847916610252 0.305838978817628 0.0561838662128199 0.165461849021349
0.261548164700791 0.175298094982142 0.180901550655942 0.069590640726306
0.285950493540688 0.0388936762112409 0.161823095387296 -0.0276795291075426
0.282617297970717 0.0118764803542404 0.134957541865686 -0.0541603959252146
0.276744993739594 0.0585731852834014 0.138257168697649 -0.0390381769886985
0.27581759497934 0.200938903534514 0.12726089406444 0.00136143924886257
0.106365978964549 0.335548030718525 0.0793491237061817 0.0504240454688189
-0.144274613945699 0.299689817881308 0.0482787279256855 0.088227617944463
-0.381897210038223 0.0599114592062621 0.019854867606286 0.0856563252162622
-0.345521095710487 -0.287552216406148 0.0289065989156813 0.0502483669500419
-0.138912575591721 -0.460135613709456 0.0851657157866056 0.0962196408215131
-0.126279337870083 -0.335949379554395 -0.0170602487559386 0.474723985662537
-0.293908795793896 -0.148984708545329 0.20251063202393 0.153626290421673
-0.274771514706081 0.0852488006512654 0.0114820983858139 0.00449792312264536
-0.0816520596936605 0.234864558651341 -0.0786484653337137 0.0820580719199975
0.0820583859981624 0.226659910053356 0.058855712265321 0.225513408340727
0.187238109649634 0.141404176892356 0.249890934118667 0.130763592009512
0.217138958062655 0.0486200874305532 0.262723087965606 0.00147889503371747
0.211960487130116 0.0335000549029016 0.230011576329147 -0.0406455991498995
0.198975894210809 0.0710276721127788 0.218665946966296 -0.0210521720872496
0.171404455822488 0.161154425451143 0.180823289750442 0.0329742845396798
0.0332707727013851 0.225230897309195 0.0930046116453354 0.0838305759713298
-0.119324392574082 0.153505558435419 0.0313019805703649 0.0789531967827316
-0.211772243807082 -0.00372156966092576 0.0540242641351912 0.0736154863560465
-0.192665063564836 -0.185442383577437 0.0802428542482138 0.0843195860247009
-0.0979120592088547 -0.291094854145025 0.110349241551998 0.211958730517462
-0.0884637092767654 -0.159095623577374 0.0399832343353049 0.572109321059224
-0.156918677773827 -0.0545073890213661 0.269707111342852 0.19201463990994
-0.1191715528216 0.0493557955619405 0.0585554420935718 -0.0147968326873556
-0.0430439391109514 0.0976127038623365 -0.0887078322063541 0.067310140614831
0.0205452183567436 0.108051246380421 0.0470439392951742 0.252563669874347
0.0781287496511245 0.0837737707104026 0.280824276420986 0.176195841111574
0.109633425917407 0.0513528017265042 0.327150795694151 0.0313649585889382
0.10897409580907 0.0523144867380183 0.290099456168934 -0.0224187024487512
0.0980354217216024 0.0724698693321255 0.260727628298784 -2.14683474514731E-05
0.0548810932063146 0.104489271094305 0.195129664290668 0.0563199566975803
-0.0361265370265582 0.102688908156551 0.0845995764928773 0.0944226361869738
-0.0851197338851552 0.0154310549753445 0.00900308869681652 0.0513650842127212
-0.0453622482887559 -0.0518515386117992 0.0719843988363086 0.0498098781629211
-0.042882593327254 -0.067351878097297 0.104578152104191 0.0941611541805586
-0.050990332407988 -0.0959791001846415 0.122301074766426 0.269651274508522
0.00642130043280693 -0.05481597138324 -0.130913682766882 -0.334564607516124
-0.0629196095674654 -0.0322504534244587 -0.168917639198776 -0.101049687094483
-0.069535280880651 0.0490035077903746 -0.0845452392410263 -0.000693698602192427
0.0327943677023932 0.0771828021415934 0.0188580233831905 0.004788427675996
0.0694751884248819 0.0196206710084807 -0.0152173428701565 -0.104794528280043
0.052160233790482 -0.0327909161427506 -0.169445185256082 -0.110939053372973
0.0149644134239856 -0.058339404109982 -0.2641834012275 -0.0493780662162805
0.00658786017425429 -0.0579220247937939 -0.297277958151649 -0.0225637043288547
0.0103324244772137 -0.0478050670269888 -0.315799872676299 -0.0573837941184501
0.0431470288991978 -0.0162522313311452 -0.255409287244677 -0.166193091221248
0.0487386339317052 0.0165032379374462 -0.076366209293047 -0.224193886604733
0.00420782706618516 0.0490948463202973 0.0681397628931442 -0.0791197750198846
-0.0659644758922749 0.00376575340640795 -0.0696449419744275 -0.013526778236464
-0.013471716281585 -0.06780431569357 -0.188487030669637 -0.167852900589954
0.050983268918886 -0.0562147358662855 -0.0422264800749185 -0.554166881011223
-0.0182155519055076 -0.214361091705113 -0.149287636381456 -0.288857312791605
-0.142249776291106 -0.120308653718655 -0.163579079675819 -0.087454044408151
-0.163691828179317 0.0407151316392493 -0.099533719668525 0.0234966176676503
-0.0120672379478729 0.146303255567543 0.0238975947492818 0.0303321988542438
0.090913604197891 0.112132267858928 0.0132082204162585 -0.0820655176597118
0.130518212090254 0.0333144361409104 -0.127244138874959 -0.115133742050376
0.118501182000887 -0.0388822013504543 -0.231440508218354 -0.0680246881126031
0.122677839430461 -0.0532804277635207 -0.267625596601429 -0.0416068947156143
0.132048927638124 -0.0265873594986794 -0.278412356543417 -0.0686943461857436
0.165812233332892 0.068353850991705 -0.220533039933731 -0.156033055150552
0.0972651559329804 0.165871963892953 -0.0628779832118451 -0.195553420481229
-0.0616570804095294 0.189878244660785 0.0639685733680474 -0.0436097205476336
-0.247697919399335 0.0376908390535229 -0.0905853199242687 0.00241566034758357
-0.177920722582583 -0.200277895479606 -0.194065013353656 -0.169228825865483
-0.0157766407028107 -0.274709824429008 -0.0349273997177228 -0.513462562581798
-0.045636033676489 -0.353295308843238 -0.161908910722702 -0.194075870242337
-0.221481307380043 -0.196636813818206 -0.142674121082105 -0.0624955136586897
-0.256193820790203 0.0376109903173012 -0.107744646590004 0.0373248302308926
-0.0591681301414387 0.213956949004048 0.0142354115841885 0.0462984691122215
0.106936241953108 0.201330674174436 0.02947415719885 -0.0447046285282513
0.198627524033159 0.100145101597204 -0.0697136975827903 -0.0977895879104968
0.208384472911127 -0.013377051812192 -0.16608786092537 -0.0746461074379773
0.221558700367737 -0.0403536874543956 -0.196497445706051 -0.0560319576425304
0.233386270252681 -0.000115713227377361 -0.198251582247209 -0.0715263350164923
0.265860772457818 0.146469172489396 -0.152870725446248 -0.127047988355716
0.132988249421223 0.296902348214571 -0.0386026787739945 -0.145038032986384
-0.121626260652792 0.311833395741921 0.0592196133124448 -0.00520261691477439
-0.404265801557157 0.0674236652515671 -0.0913484300077513 0.024800936839342
-0.324400815346032 -0.308700337413772 -0.172161828293732 -0.140672575495213
-0.077516813536313 -0.454227201751897 -0.0148059360352087 -0.408453437088774
-0.0763804701922694 -0.453260607168215 -0.16028144274383 -0.0519105077929338
-0.303601509601509 -0.249893804771786 -0.0934999448069455 -0.0194556223186125
-0.34435899235054 0.0502415756557549 -0.0999359508290388 0.0420664357401169
-0.097207139639177 0.284752459533702 -0.00722239933146249 0.0559820429515541
0.122832825168147 0.279510758970539 0.0376605263939158 0.0121682210733684
0.251161681242151 0.155073735708581 0.00283638296949058 -0.0563541087303073
0.273002457908513 0.013282579752241 -0.0714245756396715 -0.0672025463735339
0.284958363525138 -0.021146304465461 -0.0956270441838328 -0.0633606545460429
0.295237853416481 0.0277941441998887 -0.0896606608279569 -0.064980112377815
0.323130861587739 0.201459965215007 -0.0608043351269435 -0.0837673377921331
0.152845596844191 0.382699580538811 -0.00191170989202877 -0.0764202808747083
-0.159655674557532 0.387855852581934 0.0552024101023083 0.0351546950263497
-0.498382108564366 0.088779670048412 -0.0691509931702455 0.0500918142555503
-0.416360759918667 -0.367306128438914 -0.118463088842092 -0.083955408487601
-0.118992108193444 -0.555937706402743 0.0155403666220423 -0.248467706015389
-0.104343975120105 -0.492830533003518 -0.135844582363526 0.125273094746239
-0.362543520857168 -0.262930403370187 -0.00799720129801306 0.0391393273926147
-0.396671584918278 0.0757591446858759 -0.0727856856729322 0.0357387402513026
-0.118022816486555 0.330093967120395 -0.0352686580892587 0.0672117153389256
0.129655312120911 0.321440734042225 0.04583891751784 0.0871773045191129
0.273436678805405 0.185345450648731 0.0890400933116286 0.00369080477920897
0.300329748176391 0.0346787211552918 0.0418723780570077 -0.0482731756317679
0.303840857394128 -0.000118065467836015 0.0199496884159869 -0.0592190812708736
0.306422812641106 0.0514245288565029 0.0291882389684946 -0.051286175640751
0.323299792127948 0.222240797059616 0.0394361321451537 -0.0363370679753633
0.141777970468211 0.395040848132013 0.0402259343463529 -0.00342805572741322
-0.169100356409701 0.38248092410259 0.0518159478604438 0.0703267241736111
-0.490508403035075 0.0840048481619998 -0.0273499649437546 0.0718889069122745
-0.420608596842662 -0.363923996629634 -0.043171447883195 -0.0129940806978043
-0.134829965794631 -0.556608586617756 0.050097293454243 -0.0666581298550873
-0.117783912634403 -0.453864199977496 -0.0901247429000384 0.308787014197355
-0.360297392258375 -0.232601727157399 0.0968080795831802 0.102033995693121
-0.377057298889636 0.0859116018053082 -0.032918441701211 0.0229360969496818
-0.114687960161215 0.315585854152908 -0.0619651789559269 0.0778286377304769
0.114765868176026 0.305535987640348 0.0535478743131787 0.165566773406027
0.250371861854649 0.182853804433976 0.176000333030111 0.0717456695788001
0.280233137161203 0.0498465586380029 0.157996038550625 -0.0197055998820381
0.276264148270653 0.0216823763284427 0.13385634567611 -0.0473561219296265
0.270155464146665 0.0686205713832962 0.136483753538492 -0.0327372435823555
0.263619702395155 0.207023843709917 0.124030232854285 0.00615890983105522
0.0941853013636134 0.332772439747585 0.0745527048114856 0.055112080533325
-0.15385024895523 0.28786886152952 0.0435892056513315 0.0865751385464806
-0.378361112852987 0.0425069210331482 0.0176102170706616 0.0792085220321091
-0.328554790686073 -0.297878423851733 0.0289890468011242 0.0484441755131258
-0.117976108735108 -0.459765507716167 0.0804123723523618 0.0979327071972033
-0.108632481013448 -0.337194240751706 -0.0351088718632255 0.464642275070526
-0.282448867898796 -0.160952833435892 0.191459574512622 0.158389084228845
-0.275288053646623 0.0719240211414566 0.0138527925433473 0.00708087001447436
-0.0897529212547727 0.227226852612005 -0.0809793153287867 0.0792441234872507
0.0718418990398939 0.226960336214449 0.0532481418544876 0.225339987030287
0.177755824978402 0.146973947186579 0.241441266876543 0.1346596276223
0.2114953404842 0.056924415114477 0.256031251323402 0.0121067053850663
0.206146947496137 0.0407430932176871 0.226429459011932 -0.0301559051915967
0.192958118218042 0.0773227127980765 0.215076685367533 -0.0118242501938162
0.162718300583241 0.164334018256605 0.173982779538687 0.0392982781183621
0.0255031036936755 0.222671286737082 0.086109296492785 0.0876275610854842
-0.124186554786566 0.146037448716839 0.0268929290386143 0.078608985529186
-0.208800021586288 -0.0131683425929951 0.0506978051330349 0.0698571463583237
-0.182402323322191 -0.190940022357055 0.0770108526847935 0.0839944313962971
-0.0830726267121963 -0.292315977686778 0.0996805485862118 0.213997372486177
-0.0785869239533787 -0.162543705465695 0.014729129306865 0.56639033075978
-0.150909727737921 -0.0615524187735228 0.25459305941757 0.199996192100622
-0.120113114327969 0.042949859015199 0.0591177786043424 -0.0107960652884742
-0.0471766540001925 0.0945649116525126 -0.0891808412229206 0.0645178469734576
0.0160375908858036 0.107302716054263 0.0393266492108863 0.251476667617496
0.0734903550604327 0.0864583056855089 0.269826642339653 0.181164197099047
0.106313543311067 0.0552685839242557 0.318208952130813 0.0432181070905559
0.105863275201642 0.0549113203814858 0.284601310409015 -0.0101533313698929
0.0942840881648655 0.074436548209052 0.254631393597153 0.0106750675988253
0.0500645934117857 0.104755941315706 0.187652641649181 0.0631764036664622
-0.0392747654573914 0.100744749178251 0.0770649693372373 0.0968592100418005
-0.0853699084396232 0.0131561162488553 0.00562032178487009 0.0514518610289269
-0.0441884291361425 -0.0533384656862242 0.0695094058429322 0.0471339003300453
-0.0391484144456697 -0.0693586402289457 0.098451186619409 0.0948075508432655
-0.0437975253582164 -0.0976684144926848 0.108474551577074 0.270859709573383
0.00760723565185804 -0.0544921157888125 -0.120264819208159 -0.35081170653593
-0.0622603581005467 -0.0339598199037425 -0.16740667499183 -0.110191677161283
-0.0717661183604739 0.0471511410553802 -0.0862183543593575 -0.00155055060640834
0.0308184382763798 0.0791091084204336 0.0207340204584422 0.00546946817714789
0.0703153201445648 0.0217021433902143 -0.00957252242829719 -0.108349903739309
0.0531899849504078 -0.0325265024876713 -0.167051587937149 -0.120043515034518
0.0168104714336909 -0.058812132202236 -0.265672006355971 -0.0625298870486204
0.0083485499442807 -0.0588564949848693 -0.303645256946633 -0.0355042327699506
0.0118434948763815 -0.0471904364709917 -0.320824703473575 -0.0713496234662692
0.0451114050989893 -0.0157500047179682 -0.255543555898148 -0.178532804527394
0.0502013431173195 0.017464832880216 -0.070816932883103 -0.231832335079048
0.00360189381976374 0.0494589233886125 0.0724365085215669 -0.0808301434133201
-0.0666576512881235 0.00239415392796339 -0.0701468290492772 -0.0183308374250582
-0.0117187387815255 -0.0684740013087792 -0.179603194338668 -0.182214724628646
0.0525123803683163 -0.0547380531087461 -0.0185152661250051 -0.568393978487747
-0.0112646343681563 -0.218751606412487 -0.140300598002515 -0.30584219840217
-0.139704074370371 -0.126716532311274 -0.162020218071575 -0.0979937405638847
-0.167678756413195 0.035890481365764 -0.10091369149183 0.0225779240223548
-0.0181228886313005 0.146947410678693 0.0242130868094313 0.032083683048585
0.0883773871081108 0.11756133800958 0.0192774491604028 -0.0848330879426526
0.13119326454618 0.0383659817739253 -0.124031536907964 -0.123695254071437
0.121043700432145 -0.034440425852772 -0.232149784799805 -0.0793311665415823
0.12641712241556 -0.0494808731349971 -0.27256135734952 -0.0540540890189152
0.13630714632388 -0.0201995327112007 -0.281842471682155 -0.0817031377618017
0.166599089855455 0.0759794556095932 -0.219753193099089 -0.167320235009408
0.0934345381535642 0.171765008165742 -0.0580208137577991 -0.201370230431109
-0.0704495935279018 0.190157117744411 0.0676031687544231 -0.0453379575869809
-0.254258340845 0.0284434454972058 -0.0917725171751122 -0.00349187209734898
-0.175097802770727 -0.211403024470624 -0.185204321586333 -0.18304791008549
-0.00566873236717078 -0.282080586258521 -0.010789947494089 -0.527645312122973
-0.0334342160747495 -0.362589349064776 -0.156366104153619 -0.20954318303553
-0.217835684630384 -0.208501435493243 -0.142000090581695 -0.0718669847120747
-0.262272699676379 0.0286159312033765 -0.109555151789146 0.0368102437220558
-0.0681395009122551 0.214456876300995 0.013566467671659 0.0486434459014358
0.1008975310543 0.209738916127221 0.0351297543965824 -0.0460685063521651
0.198165020909668 0.109438740343231 -0.0671875093320712 -0.104754016345265
0.213025433117473 -0.00488824212268435 -0.166108364412707 -0.0822327262520263
0.226072155068573 -0.0322371897986854 -0.199571841957842 -0.0655412947324754
0.238713650002854 0.0113267895933998 -0.200192938536575 -0.0817814015339393
0.266361022843163 0.159294908603576 -0.151891031806304 -0.135238685445228
0.125461927977222 0.30743624543828 -0.0345050906629472 -0.147442227802012
-0.137853254861716 0.312690000986136 0.0612646018992718 -0.00615936467533218
-0.416289634428245 0.0518007693217294 -0.093330893703217 0.0182911232569293
-0.318464643441184 -0.32903619115855 -0.164226128003043 -0.153402873983042
-0.0611591660955609 -0.46949710216932 0.00449127250763289 -0.419677942099359
-0.0605175700847492 -0.46819198922114 -0.160944055598535 -0.0640340478648014
-0.299770778464 -0.266078743309929 -0.0936895725748544 -0.0269469320006924
-0.353164887930124 0.0383329967979879 -0.101646596246103 0.0412541214968198
-0.110947090063974 0.28522282833392 -0.00863792515129279 0.0580887167974716
0.11440208504498 0.289627823660019 0.0417470042070515 0.0128897554173149
0.250118352357116 0.168346941344916 0.00619365403104151 -0.0606611896694428
0.277589307368787 0.0241787322864947 -0.0706258099207507 -0.0707193309895258
0.290051452436484 -0.0102910881923034 -0.0965826985632021 -0.0679606410182668
0.300562000127748 0.0417118470408497 -0.0889526942682099 -0.0701387128790772
0.322153598688228 0.218725639018764 -0.0591500925857627 -0.0878343610190984
0.141292081907482 0.396535131326889 -0.00074471827047405 -0.0754142953578456
-0.180159124313277 0.388963920996855 0.0554832684263048 0.0349834372613338
-0.513623858202732 0.0695634760485878 -0.0711801634228928 0.0438156350013755
-0.413175124548684 -0.394064903663716 -0.112692287556372 -0.0934916814259042
-0.0993343907112584 -0.576365051326609 0.0280882011413773 -0.254397710275814
-0.0870122914051175 -0.508967459950541 -0.143348162614545 0.118508993907899
-0.359282629457344 -0.284399675726077 -0.00938559060509007 0.0364594828431054
-0.409267874057805 0.0611585838398329 -0.0740593218516578 0.0362430682549625
-0.133309272022923 0.331774479073484 -0.0380382525968684 0.0685196973910456
0.120745075186622 0.334049276672976 0.0478066842249745 0.0901106910952326
0.272482976040068 0.201546084482306 0.092527216808028 0.00431695619585707
0.305078676085844 0.0481986496441151 0.0439504780274733 -0.0463254453425127
0.309794355691763 0.0121848468919236 0.0222509614450747 -0.0589605992414225
0.311892073699585 0.0671540567254092 0.0315631026309355 -0.0515525371119351
0.323086037191293 0.239884832416585 0.0410545494479415 -0.0354194816035144
0.130589906759195 0.409978008303823 0.0398603797353193 0.00107675072263368
-0.189061158640531 0.383554854990175 0.0500336864303167 0.0712616230566554
-0.50512361646654 0.0644868729332003 -0.0303308105630501 0.0665910953557421
-0.416775897071971 -0.390113155956087 -0.0399103671966355 -0.0174764887612323
-0.114209800695115 -0.579102142280327 0.0549414552891931 -0.0657333423438126
-0.100660661554812 -0.470048767002797 -0.104502533742869 0.309963589858063
-0.358963618613819 -0.254487846911147 0.094281620947651 0.106129072753109
-0.389546878698981 0.0731850179993339 -0.0319040448218845 0.0238856641506067
-0.131060003773898 0.317973019798153 -0.065983326085676 0.0789653850200657
0.105651618456954 0.317837188527301 0.053188990328543 0.170895684331429
0.248708254207878 0.198122812314586 0.178014031622389 0.0773035157159766
0.283921195607144 0.0629312273581517 0.161505714021136 -0.0130889577977185
0.280571946817402 0.0332465416853237 0.137791776105546 -0.0427992575454008
0.272969618463783 0.0814211099036068 0.140491869111432 -0.0279061727489431
0.262138664820075 0.221980857656818 0.125490340400021 0.0117906028365844
0.0844312364744877 0.343512789492775 0.0718633030505446 0.0621575043944522
-0.170450816280818 0.287298491713864 0.0406917677438036 0.0889929145909381
-0.388413498992381 0.027071695071692 0.0153808917845826 0.076491314156706
-0.325041496923685 -0.318615250822226 0.0302892295501102 0.0482040875545878
-0.102300595144899 -0.477484104511607 0.0787021798339004 0.104101015374682
-0.0966948407835566 -0.352332752437673 -0.055399083017547 0.474921247319603
-0.281476542664081 -0.178364669313847 0.186969496773217 0.169718241064324
-0.284379468972096 0.0616959761500623 0.0152769845605779 0.00879043547944795
-0.10224996230909 0.228567412115461 -0.0854950678360817 0.080441144254257
0.0633956282531422 0.235646639570905 0.0492337890462922 0.232609220690021
0.176380434609391 0.159232604146435 0.242877178400031 0.144413148382062
0.213597469945569 0.0665545913179526 0.259690627332573 0.0230065975191612
0.208754710596924 0.0501930047975488 0.232273038801786 -0.0214661028026436
0.195020683089709 0.0869839052200874 0.218952564345905 -0.00288696595818482
0.160204005497933 0.17430934545414 0.175137446195531 0.0476283624193475
0.018056772857442 0.22884412682993 0.0827473341005762 0.0941005941437445
-0.133516999768187 0.143946483930652 0.0236979730678729 0.0805514993045579
-0.213202195792706 -0.0235453512935718 0.049489006723237 0.0680933905323677
-0.178856813691426 -0.203554948016551 0.075955614725136 0.0872838898759566
-0.0714807348347212 -0.304113686998721 0.0926857130718242 0.224055717392486
-0.0718702869467114 -0.171018762485086 -0.00843932783352343 0.580313875353993
-0.151583120306327 -0.0718308152452489 0.248437379981438 0.215799004162775
-0.125294273941877 0.0380191025123389 0.0610642823655099 -0.00721800741679181
-0.0533836543884413 0.0950225610834193 -0.0944183952852145 0.0641151265951254
0.0109475277246875 0.11149055649121 0.0333499456732795 0.259951261831923
0.0717772639701445 0.0933522555052592 0.269414505553471 0.193878800862238
0.107178295429829 0.0607274371885476 0.322045726481569 0.0572986028646459
0.105914339018692 0.0603751167700289 0.291328600546838 0.000751468568920611
0.0942009602616127 0.0795933499950426 0.258885024752771 0.0219839168554884
0.047389660241188 0.109313235333283 0.187015402843637 0.0718971037933006
-0.043126731061301 0.102276253081692 0.0726134084843688 0.102556573954469
-0.0887365181019124 0.0104582989165019 0.00228132123106025 0.0527595572169528
-0.0432200169107752 -0.0572627306260063 0.0695987095101368 0.047082161706005
-0.0370290770436705 -0.0731712169358003 0.0962190298618897 0.0999000738133854
-0.0385112960457795 -0.103024671445891 0.0979559927493016 0.282815454118847
0.00780226546712565 -0.0563448381237731 -0.121220692671002 -0.376999459274519
-0.0641379439147374 -0.0351050610466977 -0.175150589361676 -0.11987909858873
-0.0754899122925994 0.0497853761562 -0.0902427817212681 0.000244053086631581
0.0325357777911488 0.0823980891177633 0.0230899648439738 0.00650033361629728
0.0739569757216637 0.0227840130404367 -0.00743403753769732 -0.11643476336726
0.0561261919555693 -0.0345720222878822 -0.174323620040724 -0.130499521320058
0.0168513214714596 -0.0623604150608682 -0.278454527989251 -0.0707310950621382
0.00878482796403606 -0.0612254500766509 -0.320400337700872 -0.0428488486790661
0.0126440457190934 -0.0486181035360902 -0.338119309108462 -0.0807247468744262
0.0484865673740593 -0.0167227249071661 -0.268064725852027 -0.191557362350944
0.0527233529662744 0.0172386223818233 -0.0727937744944398 -0.246676014260335
0.00299665613465689 0.0514459782360659 0.0771284047118273 -0.0871716664426994
-0.0695995435274583 0.00255291943680661 -0.0729788983177231 -0.0220306975428707
-0.0122798460443945 -0.071097419001588 -0.182078613455376 -0.197559574485221
0.0537177744635742 -0.0567381528553346 -0.00914328859515266 -0.602768006315638
-0.0101051239872935 -0.230051175520976 -0.142436654540458 -0.329687180272728
-0.14483215179102 -0.135014652091164 -0.168735736280107 -0.107734295736255
-0.176279184297591 0.0361831501603656 -0.106246972085149 0.0248817864035418
-0.0199867964890535 0.153406331696922 0.0260449213770832 0.0345810649020742
0.0917441857612776 0.124276484302197 0.0237086132549247 -0.0915455948763628
0.137591959888792 0.0420415267583819 -0.128842786956185 -0.133856987460831
0.126957851122327 -0.0345747541958413 -0.243305438876877 -0.0871641672841222
0.133113677562294 -0.0496249934612711 -0.287484822357776 -0.0620819261204968
0.14424281467368 -0.0176380296671565 -0.296601325001796 -0.0912752672054633
0.175745864536353 0.0820777924741999 -0.230456925250113 -0.18005599171557
0.0966617475953145 0.181704670213959 -0.0591313184771859 -0.212644369015138
-0.0778087604253112 0.198561645259261 0.0722814820198006 -0.0504234024264841
-0.269328415625724 0.0260319346209802 -0.0964746182115215 -0.00807066174562581
-0.183220205339509 -0.22575235224874 -0.186793717406824 -0.199836785783296
-0.00349727545976887 -0.299201623207846 -0.00138164936909519 -0.561580114233962
-0.0317273390937104 -0.38245401751024 -0.161243039411714 -0.228806153948359
-0.226345595257221 -0.222092139720878 -0.148312208611584 -0.0818188280064564
-0.27676004652769 0.0272731186114064 -0.114606030147545 0.0399850449203665
-0.074836282535727 0.223738932541104 0.0148220788096143 0.0520057482414965
0.103821752921016 0.222475982529687 0.0405068508118112 -0.0505115945579367
0.207897390913987 0.118170346715735 -0.0689345038573561 -0.113374726623065
0.223946677053431 -0.00195114624128749 -0.173419402825522 -0.0894123095301725
0.238184981714383 -0.0298835742648362 -0.211819939934192 -0.0720467422806636
0.252610076645934 0.017289820668258 -0.210580516938976 -0.0895625992307555
0.280074162577092 0.171947103090097 -0.159030574864359 -0.144266791714207
0.129149916640933 0.325905122730072 -0.035853823818235 -0.154059258345644
-0.151912817324069 0.326667245331022 0.0658849713561294 -0.00970312232210012
-0.442636648745263 0.0480328119580989 -0.097974037313783 0.0143842950777715
-0.333198643485582 -0.352479955331852 -0.165405727597101 -0.168591582516739
-0.0581576582005749 -0.498800419243219 0.0144728753582365 -0.444745389038404
-0.0591903767569121 -0.494178440313887 -0.168397176955106 -0.0749675623829438
-0.314016442148717 -0.285904264317401 -0.098313140274615 -0.0333222105539868
-0.373066553574917 0.0359862588129783 -0.105582819856216 0.0442723065414489
-0.121362378374738 0.29856285685011 -0.00919403548405236 0.0625409990563042
0.117395182916766 0.308706244183347 0.0478580564167553 0.0120557289071837
0.262176180723276 0.181930870459453 0.0068992827574509 -0.0668321843608835
0.292843417281435 0.0310624789926096 -0.0735404361587131 -0.0751529922825963
0.305289832043315 -0.00572907417515389 -0.101766936173511 -0.0726686071253005
0.317454829278338 0.0506094618796251 -0.0932692084175279 -0.0762129582592816
0.340066905268457 0.235687816082575 -0.0619267917524308 -0.0929620977696405
0.146327692913087 0.420562403041845 -0.000771020728736794 -0.0766876858669598
-0.199146005953457 0.407394093279373 0.0588499756758415 0.0343504145653587
-0.545092676427464 0.0643855015717896 -0.0752938394129426 0.0408869130889231
-0.431581400275383 -0.424199066662727 -0.11252196015436 -0.103294572412603
-0.0975498451279847 -0.613479692357404 0.0350987325647055 -0.270974050883612
-0.085319070056192 -0.540872276307237 -0.152409770965716 0.119334978485846
-0.37589127036473 -0.305465301258185 -0.0109979078978277 0.0341726946322745
-0.433366600063483 0.0587273234557581 -0.0763326233643215 0.0388443334369708
-0.147179123347953 0.348340923896572 -0.040142872861377 0.073757654188218
0.123332782668345 0.355763799281962 0.0541502984503513 0.0943039420660903
0.28569664568415 0.217082279900414 0.0981936702950987 0.00228214533281431
0.321862815397055 0.0555556903529654 0.0470414055322054 -0.0467327554195282
0.325631660752752 0.0171695938490578 0.0236562284606041 -0.0617041251099734
0.329320210069902 0.0752055448081899 0.034634690573896 -0.0537991107913583
0.339401324090784 0.25823471474695 0.0438123525972 -0.0359594565559158
0.133637971091747 0.433883689294319 0.0408237745434974 0.00510085162605943
-0.207363193207568 0.401235385788021 0.052121376544299 0.0732715879912883
-0.535267198162863 0.0597242533140123 -0.0323532823009972 0.0648816571515156
-0.437110395298626 -0.419338512422989 -0.038199236897808 -0.0226847098895387
-0.111408150985347 -0.617151855168317 0.0600830751582205 -0.0695723069511759
-0.101412614387342 -0.501071946599987 -0.114356916679893 0.324448528878981
-0.376848334255259 -0.275897701636649 0.0972501306847909 0.111724286100177
-0.4140295022743 0.0709467022259812 -0.0315337625552217 0.0261172602746612
-0.144740293292022 0.332642386502328 -0.0700225984941317 0.0850534682898417
0.106529799347058 0.338060316418541 0.0580710606375749 0.181050343308379
0.260399561229912 0.214367804872396 0.188114176249409 0.080466554806059
0.299511049154793 0.0709797323618263 0.169628028041252 -0.0104083721708279
0.29492761964773 0.0395248129827452 0.145964615317032 -0.0425054890125072
0.288541469951707 0.0918048774421725 0.148482119349534 -0.0276770604980547
0.275508303970379 0.238113975480681 0.131691166863204 0.0148249276621052
0.085695401963653 0.364612099208995 0.0742542464780027 0.0691106070259432
-0.18555914492357 0.300804403331806 0.0414589533083729 0.0925020023071806
-0.411162731001789 0.0205732345841166 0.0154441291520478 0.075729060711467
-0.339993123496746 -0.343620978075449 0.0330836933266447 0.0486398457966221
-0.0992605202617049 -0.507997129597711 0.0817593727758945 0.111410148350299
-0.0936409606126936 -0.374389864347955 -0.065549814211941 0.499845762689237
-0.29559592847692 -0.19611083495135 0.193061451431532 0.182107880100448
-0.30336687637484 0.0602110032031148 0.0178875475907206 0.0108894269043708
-0.112665550963742 0.239924300968601 -0.0915650696303701 0.0859939681942185
0.063350552930649 0.252394429051847 0.0529593913264383 0.247564975052642
0.184673641081001 0.172923833123936 0.255944346276274 0.152639076385368
0.226232663188314 0.0746550937727695 0.273539810764531 0.0302310143247952
0.21962839374954 0.055881001539285 0.245710322539681 -0.0184464897542316
0.205718585004014 0.0948878487978637 0.230707339231758 0.00105086200055924
0.167926188029274 0.186151040714902 0.18313643927248 0.0529248296752288
0.0167540508178227 0.242391455362728 0.0847729635500792 0.102637997286838
-0.143978571122296 0.149813047817659 0.0236045469877702 0.0847328744385971
-0.225264013018957 -0.0287954922861972 0.0520231151473801 0.0673690337619283
-0.185943414409294 -0.219315125893841 0.0798387280618281 0.0912133823355061
-0.0687420692037474 -0.32376486034673 0.0940417021500416 0.238984634848602
-0.0708306467820457 -0.184149916949331 -0.0200104066464603 0.614636270874175
-0.15858084424811 -0.0799509703553828 0.256283676064381 0.233700199799959
-0.134315444869871 0.0375482601914995 0.0651651780345569 -0.00611202860488373
-0.0592643543559212 0.0999658698200121 -0.100545795114733 0.0692873343559372
0.00993521918100276 0.119099341744995 0.0338096353820829 0.276495331017126
0.0749002657289838 0.101505579160753 0.283447746011156 0.206349529616188
0.113653224373857 0.0667574063995137 0.338168948197105 0.0660632708656844
0.111454742533379 0.0653799237007544 0.307765193249706 0.00638882993728777
0.0994078860211607 0.0846577063965368 0.272775175336421 0.0282940944646018
0.0486533547271582 0.116107023092294 0.195194163516888 0.0793279338728295
-0.0475334591198943 0.108876280515244 0.0734481190538905 0.109570760456414
-0.0950600670776757 0.0106882335167029 0.000676519944292424 0.0558736084858731
-0.0450331012105588 -0.062110984241907 0.0723228098504867 0.0461977469344919
-0.0374281657342353 -0.0787405853981884 0.0994455146679256 0.105973150673348
-0.0365025320099559 -0.110446075654291 0.0982976614245788 0.302046374131738
0.0020270251815203 -0.0585436197734817 -0.188835628019625 -0.38132928495557
-0.070179870058852 -0.0281364852531826 -0.201386307335219 -0.100608583455159
-0.0711650776189105 0.0630859103168543 -0.0922591698432765 0.0127558324545019
0.0457519970499464 0.0813787512542409 0.0244179782951507 -0.00086211827480062
0.082675670565189 0.0129608706814002 -0.0301779074283334 -0.12367194255048
0.0541889818356361 -0.0457212221273432 -0.207340687650397 -0.109024716230584
0.00901287434912165 -0.0681507019258601 -0.310571448663788 -0.0290422458525951
0.000605059738142901 -0.0679142550379782 -0.343157415303772 0.00295468018483225
0.00683828870491776 -0.0540850970506203 -0.370243548186161 -0.0348391202215007
0.0501261344855791 -0.0267905650064126 -0.313664991281476 -0.162231412471193
0.0602718952105594 0.00926167454342543 -0.115358306459289 -0.251720400728758
0.0104528074864146 0.0527865117022454 0.0684254985942072 -0.108645115098026
-0.0710527823205878 0.0148901063822008 -0.0803443437100691 -0.0125121474270968
-0.0217163617505096 -0.0686573297781895 -0.218464429101777 -0.18518028717879
0.0434328585518136 -0.0626018282427145 -0.0920738484508795 -0.640439449000798
-0.046292892508954 -0.242997929469865 -0.19195632969415 -0.318399160111475
-0.170027760752328 -0.122619625468084 -0.187072538701835 -0.0882254742161632
-0.179655938249109 0.063549945085027 -0.099145670564306 0.038713335322775
-0.000810210973867988 0.162700945478558 0.034931782844057 0.0247893979087655
0.11458867164479 0.118099769158731 0.0055339555204435 -0.108138651914853
0.151249691908729 0.0248536806359771 -0.163891008327136 -0.124711486213395
0.129146749870933 -0.0541612817023228 -0.278397121189189 -0.0552159562116882
0.132959983736409 -0.0724296700529354 -0.313165175387187 -0.02123762705077
0.149014615039369 -0.0404299886890849 -0.329290755671185 -0.0535132750456257
0.198105573711985 0.0578616759596098 -0.270929139885737 -0.155796713291394
0.130426828992535 0.174427749624933 -0.0951558585928969 -0.219070908670111
-0.0554085540182988 0.218661409821812 0.0721399575440971 -0.0707573378235898
-0.27689136031231 0.0692243151408708 -0.100113418123784 0.00785968560412526
-0.221543329953929 -0.206154319109099 -0.227012119965086 -0.182825368024652
-0.0512742866789861 -0.307532706854201 -0.0789477744108079 -0.598498137639926
-0.0961800732948358 -0.40369741480127 -0.184068416546564 -0.200014616363969
-0.270134678487396 -0.204729083311792 -0.156556824810801 -0.0633320245268556
-0.287394565098959 0.0691263129853065 -0.0991914308056753 0.0529628889500762
-0.0497162435387646 0.244547113862359 0.0291048756008283 0.0415952703343233
0.140855457626368 0.220075944528019 0.0296108869880228 -0.0738296898137285
0.237117473764811 0.095503168124842 -0.102115408972677 -0.116599512317087
0.236197821586587 -0.0314216208808566 -0.206693068059584 -0.0701207083633343
0.246005418068834 -0.066306217268172 -0.235200220534998 -0.044215910844851
0.267893953389643 -0.019750906871112 -0.23748724509454 -0.0650685932629734
0.320257348504912 0.137661066649432 -0.18867097562684 -0.130252317528746
0.185329566410654 0.32101024393534 -0.0615852995276704 -0.162051897986605
-0.115781572343882 0.362498461347804 0.0740378026217699 -0.0277550140024802
-0.453651860736823 0.116914693116333 -0.096161625401602 0.0326077623356385
-0.397533568334941 -0.318185463488567 -0.202648483942238 -0.148924917726707
-0.135345165263829 -0.508312978834236 -0.0489580226036836 -0.479841406759179
-0.145579613971941 -0.521848009060519 -0.156214623908013 -0.0284683556719177
-0.373467191202926 -0.260107703867686 -0.0908769866773186 -0.0200511291102252
-0.390203378128858 0.0935664383647725 -0.0836319050812902 0.0525315910742749
-0.0894910439266037 0.329044038940463 0.00758545540144689 0.0536702703220831
0.166588894976164 0.30897820117945 0.0475760730259884 -0.0138281958741246
0.303589466970518 0.155629999687941 -0.0168705717111957 -0.0823382427033754
0.313451303036827 -0.00664326479812138 -0.0987857577046069 -0.0728753309233404
0.32045565849737 -0.0498546424814222 -0.120471309588087 -0.0596806496521049
0.341490092217385 0.00570151460030054 -0.110988085175401 -0.0686100352978142
0.392348951204024 0.195506753119875 -0.0779245750413733 -0.0916622757280392
0.216418889982512 0.416123431871994 -0.01229804649405 -0.0852636168577362
-0.154628428775069 0.453183281390877 0.075124690668379 0.0192213483281236
-0.558817892838424 0.150565579976256 -0.0670526020283844 0.0581423464555956
-0.511914312627898 -0.37874204421838 -0.139429509088502 -0.086220579562335
-0.19328831053207 -0.623837812632973 -0.00254759249165855 -0.295918348285162
-0.18304293924861 -0.568648054630482 -0.102310389806917 0.178653873551059
-0.443640672557863 -0.27485714183891 0.0154295676271698 0.0385089034015591
-0.450876152230271 0.124780091847657 -0.0502940294582643 0.039185275501503
-0.109643311722961 0.385243608830984 -0.0218114616360033 0.0681004461310384
0.17722780736739 0.358946614945319 0.0682651706789832 0.0701857030170257
0.333875183933119 0.190563950664001 0.0885434725243374 -0.0254740426059157
0.348073288048462 0.0164093036290479 0.0341776327793892 -0.0634917841811365
0.344848830190363 -0.0262225010934974 0.0130476059703403 -0.0670430174557869
0.358038339433394 0.0314975790134624 0.0275153323059181 -0.0640220142404049
0.393487052428286 0.218558969859292 0.042245035023939 -0.0474764127673912
0.20504297448331 0.433310373354546 0.0445893565559248 -0.00406156553210533
-0.164822964104281 0.449130000608987 0.0732005175293255 0.0630269981458953
-0.55106830432146 0.143841955422462 -0.0181378080548353 0.0761410950273592
-0.513948406337481 -0.373226635398183 -0.0496987579817716 -0.0106693872138337
-0.207779336040929 -0.626040337044609 0.0525515364470534 -0.0856909183019892
-0.193465944277816 -0.526771622845762 -0.0297700706174611 0.389234291859577
-0.440928494329964 -0.242492000582192 0.141413157999325 0.102623259798097
-0.430224735638751 0.13616866306988 -0.00626799715014584 0.0174630834754855
-0.109926407809326 0.36965374841897 -0.0521610879223123 0.0863070024188633
0.156010580388755 0.34355823106212 0.0882245045435545 0.16255876971878
0.306244425764049 0.191297725892668 0.198965975885854 0.043226052001206
0.32649358884851 0.0349009724305206 0.173331240463165 -0.0445071461701167
0.315105620975105 0.0014704575921919 0.145155273958348 -0.0654023319467058
0.317304117545765 0.0540141423398713 0.152731552867256 -0.0524007643924559
0.323144235050377 0.207517027158976 0.142966190117658 -0.00714953899496518
0.144155436338128 0.36721028526157 0.0890327288901236 0.0595487602716877
-0.155403583085939 0.340821288589352 0.0638717660870688 0.0873449333286572
-0.427334189563795 0.0853573432914268 0.0319768431933199 0.0784666168728655
-0.404332707336726 -0.307974133913284 0.0363774984623243 0.0519344425136767
-0.176156183720572 -0.515028871476965 0.101567591163567 0.104888932756028
-0.167707453256131 -0.393982280230323 0.0417941385922295 0.562641902839697
-0.34416404323635 -0.16818207051581 0.248479995761935 0.163673724520851
-0.314634862866404 0.107146409954088 0.0370909570153223 -0.0031098674360793
-0.0894541161941803 0.267426899316682 -0.0760900375497444 0.0963462947112285
0.0981493093836837 0.258735632594313 0.0966679509301027 0.238932691462928
0.219182461788048 0.15893902166604 0.285402938924416 0.111683242569566
0.248863856040682 0.0495177499588576 0.292682037868499 -0.0190345308690991
0.238648969367634 0.0293557044863049 0.253982440049754 -0.0557086128289312
0.230504477261008 0.0704400515594591 0.243497036188049 -0.0348233346362462
0.202254677945899 0.171197579595958 0.200985771186739 0.0271082329134133
0.053329669323717 0.251076878547494 0.105002612411115 0.0952089567493558
-0.132882619406116 0.177190973624082 0.0403465826886571 0.0841394718173572
-0.239692910788475 0.00285742745433027 0.0666633863685132 0.0622982691075208
-0.22528213739147 -0.202415426402331 0.0929247418461928 0.0872565457372748
-0.116191948959238 -0.329476471139036 0.13303021554155 0.240665139940023
-0.110475277172732 -0.192759081261677 0.0955476880125014 0.667175601020264
-0.183563040520491 -0.0640722938045485 0.315036136984032 0.209057127076228
-0.138949781925227 0.0589025346368631 0.0755619390809581 -0.0221921344751176
-0.0507368812762064 0.112880912812614 -0.0910277109508333 0.0869521875652902
0.022190524317671 0.12556512124392 0.0840233375673612 0.281084830940668
0.0917910884218698 0.0990087594805911 0.330450797724864 0.166982729296703
0.128990408115976 0.057099776104699 0.370376058971367 0.0118914898234166
0.126675301892624 0.0551200850754778 0.323331353639943 -0.0390649851695987
0.117011121476388 0.0752872672822297 0.292062474746442 -0.00977324292886574
0.0675698419631059 0.116099213950053 0.216977149980069 0.0544787027719038
-0.033249266502619 0.121842189013995 0.0938423928660894 0.106243315710062
-0.098896786565425 0.0248184636901747 0.0103041331996781 0.0597982133961326
-0.0577135503125213 -0.0588788662712237 0.0825032171366162 0.0356850879311156
-0.050824704586369 -0.0779862035075508 0.118235396553794 0.096802548521308
-0.0515094005185734 -0.113158766266267 0.146527837118217 0.308024959648983
-0.0023594023747203 -0.0584071587465719 -0.225421912259396 -0.380659749104877
-0.0729077182808898 -0.0222591171093974 -0.215198661186387 -0.089661745868399
-0.0672481390868983 0.0699380855496367 -0.0920496598097523 0.0229062647737471
0.0532438087277377 0.0783121497985507 0.02615352354461 -0.00301486237000875
0.085982071407212 0.00543787048859459 -0.0400799496597152 -0.126686071406519
0.050257676828946 -0.0513887366612214 -0.220919626528051 -0.0964109579932207
0.00247824625567231 -0.0704660800285808 -0.320489224691194 -0.00814402165890769
-0.00507981190670706 -0.0693726842956133 -0.353469894650003 0.0283014122470168
0.00290741348085425 -0.055197866124407 -0.384317907280965 -0.00817883344992637
0.0494763948575752 -0.0323734912427353 -0.334704495465555 -0.141163227098727
0.0623489764999058 0.0026911454734876 -0.139751255233327 -0.250109006638159
0.0145227115374374 0.05263784178976 0.0602957679464922 -0.119970532311402
-0.0705186277240589 0.0218728348654641 -0.0838548570171748 -0.00844333466374455
-0.0273414011323622 -0.0669214815317031 -0.234324744755092 -0.177674863809144
0.0381273036883103 -0.0662267585427692 -0.142151100790666 -0.653002406097707
-0.0670012411189107 -0.24357859849382 -0.223043367740176 -0.316759702619068
-0.182615524053465 -0.111687098121257 -0.199976759693225 -0.0798322101232341
-0.177938651945542 0.078873488019609 -0.0963510440448011 0.0492727639153537
0.0116371361888833 0.165246523544361 0.0391767775329011 0.0229763463596965
0.12727498229434 0.111619958643067 -0.00218275512926331 -0.113865108962501
0.156751815839186 0.0132885855523572 -0.178951206228054 -0.116724854665197
0.127544033334388 -0.064182710773334 -0.289619564341224 -0.0361352072464473
0.129895954535335 -0.0836331564247679 -0.324671020136451 0.00112284396344432
0.151241611567598 -0.0516732738265517 -0.34307185058639 -0.0305874820321787
0.208379171745705 0.0434934606165151 -0.289896413863501 -0.1390931119659
0.147232697025333 0.167775791994576 -0.11558278864389 -0.217028060077219
-0.0420919707250098 0.22787036091772 0.0674248877448321 -0.0820970674072483
-0.278309603296953 0.0924524405940339 -0.102330892125792 0.0127759484909537
-0.243869304222297 -0.193080856242237 -0.241771225522667 -0.175952811101995
-0.0777595813803575 -0.311776645285066 -0.128839554481255 -0.612512180550656
-0.13107810210208 -0.405789936419338 -0.204905507633353 -0.196357504796116
-0.291328577333145 -0.188045810771191 -0.166924074669711 -0.0570758362222684
-0.287991646554467 0.0932936462287252 -0.0953268205397469 0.0637374692258929
-0.0327436483714251 0.253001920479715 0.0346362808020543 0.0413917025630073
0.162578967309181 0.215491968033259 0.0260292533297194 -0.0807131038626506
0.251751315222946 0.0795527444954087 -0.115213994602321 -0.114139546546018
0.239101245654654 -0.0500380776526407 -0.217382115806232 -0.0568217408494382
0.246146793722423 -0.0856082416683734 -0.245250911482545 -0.0270935052569367
0.275165517581925 -0.0398364379796291 -0.248938100938552 -0.0497108748139227
0.340762603814634 0.115590678556835 -0.203943349606331 -0.119750205457587
0.215767827267759 0.314009328124582 -0.0752055109062862 -0.159746421450937
-0.0934215584450538 0.381117390741059 0.0730250717783832 -0.0388014856287694
-0.457862150021356 0.155013179096359 -0.0970459190695136 0.037278137498723
-0.433722001787528 -0.294964513636812 -0.215486995168322 -0.14328839059192
-0.179603728249009 -0.51308648200862 -0.0856558745148232 -0.491818134969401
-0.191902002167434 -0.522886412408245 -0.163260370922723 -0.023141710415455
-0.402711697212477 -0.23791484078381 -0.0969822218165315 -0.0182241869471635
-0.391484251754684 0.125790677594751 -0.0794840518259739 0.0617018067512623
-0.0673085929298071 0.343671536113338 0.0141882969242393 0.0547627327140377
0.195920096635885 0.305090185048148 0.0500134214839876 -0.0214667387050175
0.326126822163067 0.136426037094068 -0.0248127977300823 -0.0867597734052267
0.320970738766401 -0.0303487155563415 -0.106516024953986 -0.0671850667044376
0.324328628846714 -0.0746153054902701 -0.128495083932381 -0.052857384993392
0.352680500408977 -0.0201202663616987 -0.119516544366546 -0.0628495205451158
0.419212364564823 0.169222590161317 -0.0864803496188961 -0.0883075189642653
0.256185420596778 0.410894386260709 -0.0183032928303648 -0.0836007720346139
-0.126218640759341 0.47806634710092 0.0771542541255376 0.00985009360199974
-0.564731212401217 0.197431914619351 -0.0656037207450244 0.0594526679751532
-0.555167379945416 -0.348226691900242 -0.146781292735238 -0.0833604931978103
-0.24613335755889 -0.625565791570224 -0.0249161407073174 -0.30606805768654
-0.233703122410955 -0.569063447213098 -0.09182711032996 0.186679218357647
-0.477004023264904 -0.249098977563734 0.0158637524862279 0.0339235228888116
-0.453333264623788 0.164628333307521 -0.0456004934918411 0.0443068776436047
-0.0848021923518223 0.404604209902513 -0.0144896353237695 0.0726142180580696
0.211799398828424 0.356499870536766 0.0784795433611669 0.0634034804428293
0.360169246330565 0.171286395303127 0.0882778510911093 -0.0372618246746608
0.358540614264207 -0.0102019841467625 0.0305564649707525 -0.0675969894942665
0.350958380688761 -0.05323896787709 0.00835932538094026 -0.0702992263621665
0.371409634046069 0.00498620744778828 0.0233369476799851 -0.0689234112838295
0.422225136757257 0.193157224905938 0.0402918436887658 -0.0519293075778717
0.246203005189709 0.427995592970329 0.0462505667855227 -0.00388671403495285
-0.136833878846629 0.47420687936616 0.0792343520757638 0.0551732332018383
-0.556875386119258 0.19021000975567 -0.0140424966660645 0.0735272668747096
-0.559282418301143 -0.343129846558286 -0.0501091758041648 -0.0121410925874299
-0.259240899861022 -0.629007744834002 0.0475856351447258 -0.0931517714754121
-0.239616906951825 -0.527557997478146 -0.000546332672294502 0.398354517894923
-0.470485013384236 -0.217160231561578 0.149764424363749 0.0917595554149922
-0.432441530621772 0.172391557051579 -0.00288455736983463 0.0189895990135224
-0.0863170000506811 0.388676063620613 -0.044583368589747 0.0938378578370653
0.188051440121805 0.342899095707354 0.106952590652182 0.157646217751439
0.332239045085405 0.174510154890816 0.207083938000734 0.0249959716763663
0.339156196033115 0.0115996821501963 0.174968287964559 -0.0585429243074228
0.323301565678897 -0.0219618038796421 0.14399340272518 -0.078463895150206
0.330932970454802 0.0310057121375606 0.152754233396843 -0.0659402546459111
0.348975572475994 0.188328040319424 0.145251859961377 -0.0183073295791484
0.178052389995902 0.366209550305131 0.0965842847111154 0.0577903220502252
-0.134907616084899 0.361737895403974 0.0716274721671524 0.0828853964742906
-0.433588997930431 0.119307240786598 0.0373230757665298 0.0718813039499443
-0.4384988921874 -0.285248159290153 0.0421343655335324 0.0465170686926025
-0.219792288736819 -0.519052728678436 0.111931938640802 0.0999292406856908
-0.200990853198368 -0.394164983913684 0.085946085431888 0.572671783994416
-0.366554098033018 -0.147981827940078 0.265600705814428 0.147744478124448
-0.316246212008501 0.134054875973981 0.0389645310918783 -0.00573528745963188
-0.0734047715980704 0.282498701829921 -0.0689442761362215 0.106254859726082
0.121420574089363 0.260994387394201 0.121490550095364 0.237245869933177
0.240044618911317 0.147629146107253 0.302435285725681 0.0887417672150008
0.261164709227615 0.0317752790123845 0.299005397288236 -0.0406805538792427
0.24697437410071 0.0127929570356521 0.256498289264209 -0.0758752924716568
0.242837997326855 0.0539672576663632 0.248199941254733 -0.0534647162766825
0.222386900071569 0.160294300955483 0.208201086532578 0.0127536067356443
0.0758132885342024 0.254568010126559 0.114386351578239 0.0923473686709056
-0.123718078482929 0.193330402063781 0.0474572948544035 0.0824411728622056
-0.246959411240442 0.0205530934800134 0.0714180567678969 0.053555159540042
-0.247521912713644 -0.189973615003287 0.10146083864928 0.0802086435088497
-0.14255164864152 -0.331353696954217 0.154607105443152 0.237244323087708
-0.127591748125233 -0.192313289801808 0.149621738218252 0.680929425386364
-0.193737360391962 -0.0545336568495933 0.336635622529688 0.192824801451851
-0.138683553163006 0.0708745599195352 0.0762453620339392 -0.028459964346977
-0.0449696827398691 0.120833000028341 -0.0854128075283123 0.0984611406184262
0.033248353536215 0.129522557328457 0.111967272914165 0.282237774938148
0.104687566117639 0.0965977350890871 0.352111661540028 0.144682420276638
0.13850420471986 0.048500975773116 0.382098146016452 -0.0172535560795604
0.134502737896774 0.0469732861508656 0.329479614010171 -0.0643568554858164
0.126609790856114 0.0677478300331025 0.300363541293922 -0.0316291198252021
0.0790316090904367 0.114069821717348 0.225382056142122 0.0399072505683762
-0.0236344019176703 0.129229588504299 0.102746840273246 0.102720247840917
-0.100466476391427 0.0344517603884218 0.0141623492587773 0.0607576629782652
-0.0647694589291852 -0.0575051078856342 0.0862822335915016 0.0247743113741068
-0.0582122982487843 -0.0775610171950847 0.127604813803871 0.0896374414395171
-0.058391893323507 -0.11399230486498 0.173409093276343 0.307030040755166
-0.00647552086465947 -0.0560605452621387 -0.249709448495112 -0.358784937392027
-0.0714768582592028 -0.0166758141811093 -0.217212661961646 -0.0738219840912874
-0.0602986078586432 0.07314973495281 -0.086309273890147 0.0307006443166872
0.0573493347820029 0.0711322440187653 0.0268389317152264 -0.00449651012166289
0.0840530689293382 -0.00178602370939079 -0.0487652299200803 -0.12185176388242
0.0438613385082525 -0.0538659907287935 -0.222569104758173 -0.0791669009228137
-0.00421212281931413 -0.0683649858651628 -0.314557795018723 0.0134067171337651
-0.010804085264923 -0.0664868253836203 -0.345094383525512 0.0522563856557925
-0.000337148728119155 -0.0536089232215824 -0.377468423908943 0.0198872061630806
0.0455712007474111 -0.0360699666252726 -0.338681997581719 -0.113617045307855
0.0606296058402557 -0.00301196787545563 -0.155529270796583 -0.234918838650882
0.0178966269889934 0.0494146479432072 0.0494461123789889 -0.123970482459788
-0.0661501086652592 0.0279488816220704 -0.0827216938664694 -0.00290257123764859
-0.030451968244172 -0.0624270926831384 -0.237622890987301 -0.162215779151309
0.0300858051483935 -0.0658556416270843 -0.185046635845819 -0.630803825901857
-0.0828240322501064 -0.231994905750047 -0.242815391561411 -0.297924872749588
-0.184279279198449 -0.0953912184653869 -0.202235951290636 -0.0669801396399034
-0.167342136341807 0.0897874324035393 -0.0878201663425176 0.0566374868434752
0.0222160688208568 0.159171524317569 0.0421133794723501 0.0196702841659091
0.132919014687294 0.0991208943837176 -0.0104698137464635 -0.113116293828763
0.1535243582596 0.00192802155960812 -0.183909324869138 -0.101915085652166
0.118482961035924 -0.0717057614178878 -0.285900771504778 -0.0161465094468649
0.120646115457561 -0.0896132440947046 -0.317719528301541 0.0235304894233221
0.144728832313572 -0.0606926360693523 -0.338839191781529 -0.00600361805964857
0.207412814561457 0.0271649685422798 -0.294886588768052 -0.115446752849464
0.155938577772561 0.15338335024802 -0.128608770312142 -0.203635502099476
-0.0257528829431947 0.225358227154042 0.0586584985129429 -0.0884494255359661
-0.264694152841363 0.110560523251628 -0.0995851453601477 0.0174549159716486
-0.251065681417412 -0.17144194774145 -0.245651368626768 -0.161114535527601
-0.0985376953940339 -0.299715596550117 -0.1678925590491 -0.590785038845851
-0.157004901410378 -0.384668197561978 -0.21732881416195 -0.182591807428384
-0.297107086942328 -0.162869377087081 -0.16923455826717 -0.048323762287488
-0.273329456477175 0.110800665040279 -0.0858812797113763 0.0704030902840235
-0.0152111861399884 0.24783600650762 0.0389717209476834 0.0376008794305934
0.175653737641448 0.199008216521453 0.0201400811317676 -0.0837596841708931
0.252549011731231 0.0593345769105649 -0.121366577246928 -0.105196949389627
0.229015368964696 -0.0653989744869434 -0.215946056031583 -0.040963314470845
0.234186321459956 -0.0995168815529575 -0.242559565927065 -0.010284670943765
0.267613582955095 -0.0581350633347489 -0.248587136977248 -0.0318909069073777
0.342410034331527 0.0882143364286882 -0.208051128652853 -0.102463010948245
0.233623785791028 0.291386818056652 -0.0844197136755586 -0.149005810097909
-0.0660601220440274 0.380078998924332 0.0669481123762604 -0.0470488592006279
-0.435677573902807 0.182922632833825 -0.0932469419623625 0.0389645513695792
-0.443531960107509 -0.257235311808453 -0.21824923833898 -0.131062644097888
-0.211412601527378 -0.490576637966199 -0.118842290943233 -0.476112811549944
-0.225016704710061 -0.49533246364902 -0.162749685667612 -0.0164203165381759
-0.407836884588275 -0.203987370313559 -0.100002418745199 -0.015561300935081
-0.371454682524257 0.15041244248087 -0.0708599862633206 0.0670514589550008
-0.0427113138906432 0.339608024218843 0.0202974701310372 0.0524520650636099
0.215601696920678 0.28520443415977 0.0490993021948966 -0.0274843039985708
0.330060438619022 0.109152251914067 -0.031669738332308 -0.0852989238389398
0.311433852038643 -0.0521275727201399 -0.108024247954295 -0.0582333713256635
0.310995394450215 -0.0942668482158426 -0.130192659579031 -0.0431256449193764
0.344179344020427 -0.0439539656572877 -0.121892662892306 -0.0538978010923319
0.424231501769418 0.134367725591286 -0.0905681473961902 -0.0800510335997302
0.280399215148539 0.382244264591039 -0.0222701583859799 -0.0773145516174891
-0.0922883794314928 0.477603781937366 0.07461322416878 0.000140908506733464
-0.537947063995797 0.23062446710263 -0.0613436310115228 0.0574713395511458
-0.566262174314754 -0.30188909247437 -0.146969378450477 -0.0768857970333245
-0.283104953861924 -0.599032857395647 -0.0464885496353953 -0.298344602231514
-0.268480377602875 -0.539001916506474 -0.0772423198013422 0.183261625989842
-0.482705449818319 -0.20942895675821 0.0146378646403595 0.0281965644987702
-0.43216801988584 0.191926089011035 -0.038574436494103 0.0477078027141938
-0.0552752903144407 0.401712345252903 -0.0063255125766518 0.0722543494557737
0.234325191958938 0.334984875017102 0.0831938985622029 0.0527828332818341
0.367042582597285 0.140917685897591 0.0827858029885848 -0.0455076710494343
0.349986286743393 -0.0349077570279052 0.0259186601576241 -0.0680011509162586
0.338457139531682 -0.0750939405013984 0.00324011011587013 -0.0694441026661943
0.364826755737109 -0.0207691696307452 0.0170766478068807 -0.0698969709142583
0.429528620710489 0.158112676027988 0.0353720450071577 -0.0540534529335856
0.272474209666732 0.400141739435267 0.046608116079551 -0.00366994493896526
-0.10234938197707 0.473228798612894 0.0797083462604162 0.0454594142082144
-0.529829788144203 0.222772517224944 -0.0109072486050609 0.0669439168090493
-0.569502928236545 -0.294269896092931 -0.0488532761189386 -0.0135074173189327
-0.298212435426781 -0.59752776690972 0.0385955734743009 -0.0951538278718057
-0.272309796559416 -0.498303086541478 0.0266529914154405 0.385597077654274
-0.475894532676405 -0.180878164844724 0.148923100527766 0.0769919119934564
-0.409908659165543 0.198093208098305 -7.3625724394827E-05 0.0190493617256868
-0.0590227225586163 0.387425404533255 -0.0345149367295932 0.0957047837797035
0.209562287627753 0.324330948237193 0.118899151954801 0.143066663586201
0.340800801737152 0.146560897789085 0.203378711719619 0.00617390870115308
0.332934040290248 -0.0123488592830283 0.167009360508275 -0.0691111856280688
0.314255710448393 -0.0431694290442229 0.135558359205572 -0.0871406902734463
0.326630799793784 0.00737962875720077 0.144924096776246 -0.0764974005478212
0.356858804997168 0.15825440422884 0.140392907382391 -0.0277342542926224
0.202133173187599 0.344614817261834 0.100297751814649 0.0529632498454236
-0.10825239107189 0.364242264108479 0.0744712016247678 0.0732488651740248
-0.41631873018386 0.144325957516904 0.0392012995440941 0.0620232824430379
-0.449861687527478 -0.246317789764997 0.0442908344449392 0.0386128160473739
-0.248734758077918 -0.493587286283292 0.115839978232615 0.0897118222101659
-0.225325136057501 -0.372330518275382 0.124984081756377 0.552174440855492
-0.369973182037467 -0.121562398592188 0.266804525227948 0.126330395348083
-0.29999442412092 0.152488665352415 0.0385548397966251 -0.00763442269766343
-0.0532510822924509 0.282810066909237 -0.0583568681973984 0.109893570970616
0.137845945817096 0.248298058655285 0.139139524052877 0.220852074637017
0.248443674343294 0.128742799303878 0.302010782552024 0.0627798648300903
0.258753202044632 0.0130274913190827 0.290546384913417 -0.0606098217144515
0.243043559187893 -0.00331330495880512 0.245598040799181 -0.0919687341754062
0.241853501197153 0.0356795214015318 0.239024682931059 -0.0702839254325272
0.229983119736166 0.140011876075288 0.203213151788214 -0.00126616580006286
0.0939069844359723 0.244064863570547 0.118739190902404 0.0847551615991839
-0.108465340701736 0.198487223799947 0.0514190900722164 0.0757086344510431
-0.240215145694609 0.0352534614778258 0.0717481843900962 0.0418285142442651
-0.2546534734667 -0.168049275948856 0.103879137499728 0.0688609177749881
-0.160181918936958 -0.316786422553757 0.167323037572616 0.221871566472796
-0.138203313552293 -0.180396288828943 0.194520064021425 0.654328804019428
-0.192556574205658 -0.0417543048349019 0.340808943889852 0.166934594445011
-0.130984492950215 0.0777839519102855 0.0714225405586397 -0.0322376893333417
-0.03680751077292 0.122811866673231 -0.0757986501647538 0.103936797788763
0.0417787649320715 0.126382875118589 0.131904839969117 0.266436556253511
0.111874764577949 0.087826049216935 0.355161173677382 0.113991922993909
0.140318533936173 0.0380859682411923 0.371893962024731 -0.0431521280150534
0.135835138766167 0.0370312855666808 0.318230485668662 -0.084797897478744
0.128882517170471 0.0569583358219079 0.291775293003612 -0.051301729268065
0.0862210549335628 0.105632518816945 0.221768851801246 0.0250367549122783
-0.0121411562678392 0.128951459483993 0.107042273729167 0.0949780468379472
-0.096452928133578 0.0422659612011736 0.01702787915339 0.0578567609199958
-0.0684044607975091 -0.0531272666796256 0.0842259800314742 0.0147210456759735
-0.0621471021956439 -0.0719754704713752 0.12942004905318 0.0779182266519928
-0.0624220138866743 -0.109301870717782 0.19120847669856 0.290124187478574
-0.00766854603799305 -0.0521065542689437 -0.250920148451519 -0.336642888799884
-0.0672237949871319 -0.0139122823287418 -0.210970802296483 -0.065146461332798
-0.0551841712638175 0.0715354215584134 -0.0792369008936333 0.0333829507674608
0.0567741591097401 0.0645194234250573 0.0272007083795426 -0.00501388821007351
0.079866502495315 -0.00514209342673701 -0.0496855049441115 -0.115140085245776
0.0387545320525397 -0.0522281439715424 -0.215953749722544 -0.0687359284518309
-0.00800933798086264 -0.0644283468037514 -0.300701238732161 0.0208117465579056
-0.0129387505441674 -0.0632162930648955 -0.330113576979891 0.0588104594217524
-0.00133319943121589 -0.0510126509633883 -0.360068556233841 0.0299538362218558
0.0429921737758881 -0.0363999917288213 -0.327806300426474 -0.0978357829934431
0.0572253170624872 -0.00549303179219018 -0.157557188428568 -0.219802293258037
0.0184488051591245 0.0456661010458354 0.0415223765893343 -0.121816602305092
-0.0601754293467403 0.0296395960963661 -0.079179742061564 -0.00114403912124732
-0.0307709364355773 -0.0575698703429342 -0.228272320774519 -0.152803533397532
0.0251238843483037 -0.0619504640621201 -0.193560776763705 -0.596851934052292
-0.0864630017000758 -0.216846286427703 -0.243065746607571 -0.280186383612345
-0.177460973524867 -0.0852795833297466 -0.19795076396061 -0.060122772570115
-0.155728641200029 0.0901261716611715 -0.0801207003594056 0.0568965699765805
0.0258069215644632 0.149964731418338 0.0422761852119757 0.0171105995899349
0.130885278948527 0.0895655639171164 -0.0135584852757839 -0.108158164598908
0.146188893537593 -0.00344087111888478 -0.179347388931827 -0.0919600441474947
0.109324859157832 -0.0706036613889576 -0.273984713139054 -0.0075381269156076
0.111934301369493 -0.088448617318595 -0.304705888098547 0.0309299758760303
0.137620846653009 -0.0620537051271375 -0.32425725725961 0.00331320407818444
0.199711550931021 0.0188710301338082 -0.28482638556023 -0.101070374641716
0.153097606558183 0.139719517863322 -0.128915661821693 -0.189527913986622
-0.019361341331428 0.215869270572517 0.0515766124873328 -0.0889264134029242
-0.248614178812282 0.113384304941973 -0.0950824754723175 0.0182665264113199
-0.244012064331478 -0.155774973557816 -0.236469281722439 -0.152266322388294
-0.104037553471783 -0.283231062814286 -0.176670968958738 -0.561703064621522
-0.162963221874199 -0.359562886783913 -0.214591516962593 -0.172285060902462
-0.286173548593347 -0.145440677637878 -0.166818700772769 -0.0445227731672733
-0.25593918869635 0.113546573998442 -0.0766183417485316 0.0697007746790258
-0.00686265906601033 0.235987775128681 0.0399084864825521 0.0338671729119106
0.175893933378654 0.183268888180494 0.0166425678092604 -0.0815739675101504
0.243932594278491 0.0483349147382206 -0.120319251636886 -0.0977434661891427
0.216243982940252 -0.0688462777583402 -0.208058041043386 -0.0325866012372011
0.219873102841099 -0.100826887696105 -0.233323078595374 -0.00399841918977811
0.254644610237373 -0.062517675939113 -0.239504070154547 -0.024030630127604
0.330534067136937 0.0724712995669804 -0.202368862158125 -0.0925249928179549
0.232240864449239 0.270401260212619 -0.0842317511372308 -0.138479017673315
-0.0539262436818807 0.364811851620468 0.0606827582402855 -0.0497882228922102
-0.409938618531577 0.187157821561928 -0.0895945253213135 0.0368104595530801
-0.430527555825248 -0.232708053951165 -0.210089790529275 -0.12472835419182
-0.217081328652852 -0.462887509783949 -0.130802175682823 -0.452145031470399
-0.229971968374171 -0.463208740108154 -0.158557096161095 -0.0161454078263443
-0.394532261421689 -0.182695231812955 -0.0998785699888456 -0.0152752158432918
-0.349004866524399 0.154708010850979 -0.0625646076477719 0.0663556933250129
-0.0300261443958554 0.32452082543893 0.0227945979242778 0.0489751893308085
0.217041952200217 0.265438282466199 0.0467938810260352 -0.0308268702342656
0.320454866791733 0.0936873783191754 -0.0338776859606349 -0.0823943749794374
0.295388463436884 -0.059640530642722 -0.105247820909838 -0.0521206672817947
0.293837077356183 -0.0979328800519864 -0.126476503796854 -0.0376685723085375
0.328017166897053 -0.0518727445010352 -0.118568905926536 -0.0492566812186374
0.410731820839414 0.113735699110237 -0.0891901830145615 -0.0736432676184582
0.281703111210721 0.356044141749322 -0.0221049577277946 -0.0709441691432817
-0.0745953442080155 0.45976671408637 0.069072048885283 -0.00527280837055997
-0.506602270005403 0.236302753877204 -0.0586132042724079 0.0523163379173505
-0.548142712753838 -0.269562353927242 -0.141498029328846 -0.0744791609870696
-0.288879583925871 -0.564621144820243 -0.0557238147905778 -0.284347778513479
-0.273950388629354 -0.50424509675448 -0.0696548947587502 0.171922627573156
-0.466334683483462 -0.185389975464432 0.00952389472675197 0.0228803585481705
-0.404018739207704 0.196181440811326 -0.0338656491970359 0.0466900396536942
-0.0417991541649556 0.38649314566011 -0.00246793977393136 0.0688990657371387
0.237370490045472 0.314506777674883 0.0829551949918807 0.0442187765292854
0.35709457370253 0.121779670592476 0.0760176807340961 -0.0495741587368473
0.333822394257578 -0.04427730635183 0.0227017909326957 -0.0662811797930052
0.320824954045164 -0.0804771928034177 -2.68855992040911E-05 -0.0672921383497394
0.347676714522147 -0.0305448328446192 0.0139684587357809 -0.068418294174185
0.416537939302062 0.136308414148049 0.0323822526108526 -0.0526772696056471
0.274696336327151 0.37229872649116 0.047376428339237 -0.00247310974980241
-0.0838018610930429 0.456585301076199 0.0757536485228331 0.0380967432443787
-0.499458669189202 0.22854555607934 -0.0110527920785077 0.05889457770013
-0.551374113622628 -0.263785489682134 -0.0478550653979831 -0.0160265195836491
-0.300519481059259 -0.56511219302752 0.0323825671175035 -0.0927671084837111
-0.275501959733508 -0.465810291079971 0.036260040270519 0.36277611131331
-0.459255932383481 -0.159059931047314 0.140583019468873 0.0673830895108432
-0.385056104413997 0.200728821739875 0.00195269145549715 0.0186166319386108
-0.0448414667153558 0.372104721722244 -0.0280530579386249 0.0922619833340142
0.213603587167867 0.305057096908033 0.1196003222027 0.129858041632302
0.333518929307552 0.128934335421863 0.193632883574976 -0.00392175870176842
0.318359476365032 -0.0220392595071294 0.157644479355057 -0.0712853423399452
0.298681276225155 -0.049187017563665 0.126084459385872 -0.0875004729019986
0.312439589202231 -0.00318877171312568 0.135507575676353 -0.0782324804562713
0.346470336255228 0.138918149089557 0.133129321563313 -0.031305997260146
0.205508714983676 0.322344251096768 0.0989387101126907 0.049510221929944
-0.0921920418104866 0.351847795129327 0.0712028605924551 0.0650813322392008
-0.39238611859018 0.148417119313654 0.03640341177314 0.0524565717272233
-0.434086845265494 -0.220226830942714 0.0417067686842102 0.0322173445616929
-0.251549174311209 -0.465818409476239 0.111919477253862 0.0818132746901754
-0.225152251333232 -0.348641063294139 0.135725128006156 0.52059525093136
-0.356361627339339 -0.107033540648089 0.254791001325968 0.112689354003031
-0.281512321966786 0.153516824141446 0.0366964812074138 -0.0075651788269514
-0.0439134597562193 0.273217470050349 -0.0508496681827578 0.107154212783557
0.141110341036125 0.235702216329563 0.141823210732496 0.20452056344722
0.244724747371086 0.115114822768872 0.290236036111468 0.0469726292168461
0.248970648974373 0.0041232679747413 0.276143857954372 -0.06652995413405
0.232271500603197 -0.00906434981986392 0.231773338873805 -0.094796488526018
0.231804000565647 0.0268625741281389 0.226224514323805 -0.0751770428010047
0.225008105919038 0.126072303851212 0.193424608948781 -0.00744626206629259
0.0989212748769246 0.229210761308981 0.117201307643587 0.0793319478279058
-0.0971569152653151 0.19375044646414 0.0501246569433564 0.0697158005222347
-0.229138129487693 0.0398588425890506 0.0670606240570392 0.0326254939360768
-0.247189996459899 -0.152253500117705 0.0992700039891185 0.0609859548986443
-0.16076073629758 -0.300963758451736 0.166335212109565 0.207411708947037
-0.13729165148062 -0.169397528885596 0.20663636328014 0.617103365693381
-0.185884448524087 -0.035906866820783 0.328616560394244 0.151849944218489
-0.12303139043568 0.0769240986230721 0.0666890663892054 -0.0311674468897571
-0.0321313403361528 0.119152655524502 -0.0689352591634792 0.102330268635119
0.0442459346377014 0.121083689583424 0.136921344531339 0.250222474090258
0.112465760432892 0.0811420066231301 0.343820743746819 0.0951234870199966
0.136530472464857 0.0318434669653121 0.355130547684461 -0.0511115271633692
0.131560254343371 0.0319318948723152 0.301799845863974 -0.0898741724218602
0.124811981012354 0.0505621986251853 0.277626279573711 -0.057669237845235
0.0861566316073719 0.0982933167863383 0.212129977978671 0.0170789637616907
-0.00616750731346407 0.123970983965402 0.104303074771921 0.0889351001508402
-0.0903002869782069 0.0449754314412108 0.0175344316932079 0.0545374618353218
-0.0682020708375723 -0.0492388279960096 0.0788980627409605 0.00707765506761179
-0.0618326536318814 -0.0673076215634867 0.124375417434827 0.07017620030256
-0.0608301375665239 -0.105810915632038 0.191367616054669 0.2715246362633
-0.00667781373950527 -0.0499250638495801 -0.243125894604276 -0.329281481390029
-0.064502539544337 -0.01387717170173 -0.20621438388658 -0.0650074023206158
-0.0537014448229461 0.069585376525744 -0.0752132982030505 0.0312776365793457
0.0544469632739937 0.0621744634858166 0.0280065362987909 -0.004777938127903
0.0777191126457406 -0.00644798393438479 -0.0468060019406579 -0.111933536260845
0.0364196421482633 -0.0501535740052114 -0.208820975593323 -0.0672390882768552
-0.00826998842688238 -0.0612662734561241 -0.29251187990953 0.0178436909224322
-0.012095737226068 -0.0610535329119363 -0.322659626553024 0.0535928523973435
-0.000644140865136884 -0.049124638277321 -0.351619665539238 0.0267327950178805
0.0421945763524097 -0.0360548657724008 -0.318619993615396 -0.0964827054537124
0.0544659819065473 -0.00607763443441598 -0.152637338669 -0.21410374917539
0.0172808884516293 0.0444663859960803 0.0394194119084794 -0.119205445489971
-0.0569480859861301 0.0286528301642553 -0.0765302354378096 -0.00214738935989361
-0.028845919488223 -0.0551752828097178 -0.217677522730258 -0.155724527894287
0.0238510240431015 -0.0574359645018822 -0.182672628960006 -0.581570271590891
-0.0816220726531956 -0.209245594987776 -0.236425249838925 -0.275037453288265
-0.170485449676377 -0.084089262852512 -0.193894836136415 -0.0615272403297035
-0.151155075540478 0.0863421008819125 -0.0756489889694754 0.0542909993395462
0.0236851018872342 0.14451510170615 0.0419280937077028 0.0169194042901445
0.126955854281314 0.0863719359782437 -0.0119148495264554 -0.105685004881959
0.14187365414665 -0.00259343350792493 -0.173866823309629 -0.0904425925235783
0.105854600403631 -0.0669066196426437 -0.266801913209002 -0.00966954821270837
0.108811787739159 -0.0838869181090526 -0.298061183084915 0.0264854471041939
0.134532001509337 -0.0582974991091674 -0.316707449941466 0.000902550423947711
0.194755286273479 0.0192903263909849 -0.277727512479818 -0.100343325601779
0.146987510351453 0.136074187654226 -0.123911529658018 -0.184868605330589
-0.0213879248436801 0.209771534301472 0.0493783041414823 -0.0882155458527176
-0.240978859862631 0.107321715889489 -0.0929466616166965 0.0144069628089887
-0.234397368713603 -0.152955991341046 -0.226132226839757 -0.155724095360315
-0.0995594765000508 -0.275031372377342 -0.168706571396222 -0.546178217678902
-0.154305874318948 -0.347744456974143 -0.20959180376338 -0.171737804595976
-0.275105494937929 -0.143101602285481 -0.165644392294589 -0.0471967143905697
-0.247189122892006 0.107206724704562 -0.0727349728329919 0.0666252371865365
-0.00843323787749931 0.227746227796542 0.0397789684855157 0.0329460660864901
0.170892532422966 0.17830755179843 0.0170032484795034 -0.0804685586716455
0.237038332054563 0.0473158564479658 -0.117501015497344 -0.0961941660038701
0.209560859071346 -0.0638831040195454 -0.201859484883689 -0.0335189210025466
0.214490772717103 -0.0950436593274575 -0.228356948721626 -0.00566197070273082
0.248431164811025 -0.0587515282011465 -0.2336972899311 -0.0262188250592424
0.321951681035109 0.072568928390453 -0.196364354038574 -0.0909122986640169
0.223535075790931 0.263376150066463 -0.0791927143003476 -0.133492198484895
-0.0559272758344929 0.354648226045124 0.057040497069674 -0.0513387386154323
-0.401242112138361 0.176797514695959 -0.0887927240217335 0.0317029845370248
-0.414492144056842 -0.230307109959735 -0.20143339863767 -0.128290495550107
-0.206687790801271 -0.451818686582573 -0.1240662290827 -0.440713644003051
-0.219024037389704 -0.449285304737123 -0.155624538566283 -0.0213043158339696
-0.380078512420699 -0.180035964595066 -0.101396039439456 -0.0182037245103542
-0.338597556552734 0.146767675760787 -0.0584316656907669 0.0636286446325593
-0.0325344212935468 0.314637474855642 0.0233028881077478 0.0470950768000147
0.211168841774192 0.258318995170676 0.0455536619642882 -0.0315592375039822
0.313038616658162 0.0913959914177893 -0.0338077319725466 -0.0822785659469234
0.287487558905803 -0.0554779600776513 -0.102248030227713 -0.0518582766730688
0.285497875473777 -0.0915284211424272 -0.123565619401134 -0.0381975212456617
0.320670726979752 -0.0468066945993815 -0.116259717976726 -0.0498209640698894
0.399834197783759 0.11309307347209 -0.0868210429468455 -0.0725539608433864
0.271761296365516 0.347154591394741 -0.0178586486665334 -0.0673948249837769
-0.0779080376875205 0.446569906024416 0.0645358580520157 -0.00716476097507775
-0.494129079508047 0.224162767916127 -0.0602814022433987 0.0454989369259429
-0.529250692339442 -0.267787876447948 -0.137397197478389 -0.0780107607432943
-0.276590755255095 -0.552709383054087 -0.0536322760297679 -0.276500763833624
-0.260976198965694 -0.488872457745916 -0.0706079388302806 0.161927760296647
-0.45048845263082 -0.1847473104656 0.00388702249597222 0.0206336939387718
-0.39235837451943 0.184166733965396 -0.0307265557693879 0.0457064943621529
-0.0430731252701779 0.374634467992899 -0.000981117002799239 0.0659102883868161
0.230583646082188 0.30680260896114 0.0802515118389808 0.0408509492123211
0.34853861350261 0.118898702327169 0.0729637390447333 -0.0499148042969787
0.325267441531974 -0.0404023926448244 0.0227666412127519 -0.0638868966638683
0.312343037857461 -0.0739638565760228 -0.00025220212123621 -0.065399102481482
0.339181725907695 -0.0268498712889576 0.0134245884400974 -0.067734231600281
0.405276233587374 0.135115377624493 0.0312802885333494 -0.05132401406209
0.265697624080213 0.362897632760658 0.0492215226897423 -0.000358951115140781
-0.0855069486794192 0.44374022068946 0.0707895912414316 0.035136018848651
-0.487929342069361 0.214776914596357 -0.0147662087602358 0.0519522534937242
-0.531885342805125 -0.261054979338135 -0.0470404300412321 -0.0195696407942889
-0.286530569627691 -0.553375193718325 0.0300623780539076 -0.0895068169296894
-0.262862682987506 -0.453616963963524 0.0316543044663923 0.348001666165818
-0.444593184942003 -0.158552456181396 0.131158718875439 0.0658322554703241
-0.374472614343491 0.188995136064733 0.00330397584734122 0.0192615724800007
-0.0479606624058858 0.362625188019221 -0.0270551855230435 0.0898094676873113
0.207711733028954 0.299010327254031 0.116826485101319 0.123855300047773
0.326026644670852 0.126508479718903 0.186560244053302 -0.00539811170300266
0.310491473114556 -0.0191782680247076 0.154104365917154 -0.0680761660774058
0.290965999847261 -0.0441837671437605 0.123542904207688 -0.0837985320221755
0.304204096962966 -0.000113145940392175 0.132248880590504 -0.0764976333204299
0.336925790257006 0.136891972793544 0.128790906689171 -0.0298475366297825
0.198569638647016 0.313262985685758 0.0984685010650632 0.0510100656159181
-0.093597374617919 0.341366901660259 0.0668647529285295 0.0626114715836237
-0.383170804303773 0.140265033137425 0.0308447217747018 0.0454497591585882
-0.41816429880839 -0.21827103372634 0.0381180651913986 0.0296128708200395
-0.238661943702938 -0.459029748371144 0.106866974114851 0.0801697423791161
-0.215141168095044 -0.339450794478295 0.126707660396213 0.503901589615292
-0.345439037340277 -0.108601019817966 0.243281402203803 0.111867680130271
-0.275557886501539 0.143866997943219 0.0367316290458087 -0.00550742915274305
-0.0458403684970078 0.266153182159631 -0.0494350783334032 0.104478126779271
0.13786386545189 0.231562469522511 0.137067805653742 0.197418952674131
0.240042349596549 0.113237456458534 0.280506171766144 0.0446377162521741
0.243207608419317 0.00660498658362765 0.269134159915951 -0.0621314920499784
0.226335957253931 -0.00657324984700175 0.227135376152643 -0.0901544927451489
0.225487596573667 0.0274873527969213 0.220250126897769 -0.0715133479089003
0.218288257302419 0.12359046379329 0.187369601974726 -0.00578489238302911
0.0960823276998462 0.223218844992371 0.114648776455648 0.0793081487818536
-0.0960946238077772 0.188881826625185 0.0466764170865628 0.0667616996308639
-0.224410392435559 0.0357758860951624 0.0614898932289891 0.0274129628058512
-0.237667387026571 -0.149809760646478 0.0936540623117858 0.0588825381196728
-0.151915225998414 -0.296062523743109 0.158957906538707 0.202479581266913
-0.13040149938218 -0.166056813973116 0.193549592052726 0.599776370188391
-0.180305804171199 -0.0374772113658133 0.315416566378008 0.152533832101368
-0.1205710277838 0.0718673026535608 0.0648845019484623 -0.0274400572635047
-0.0330470292891324 0.117000934014505 -0.0668133634877633 0.100235901798258
0.043195843258121 0.120089698458042 0.132006373578684 0.242651634095483
0.110641764980951 0.079367934228698 0.333476350418001 0.0932602526494393
0.133905954297191 0.0318187314456642 0.345716651283228 -0.0466058003209735
0.12776352707408 0.0324623971250903 0.295458215795765 -0.0846437024353374
0.12081124799659 0.0494996564917171 0.270164830567467 -0.0535887067276829
0.0838163393581874 0.0970596590702482 0.205727937916563 0.0185301416174186
-0.00514096806116441 0.120899200029119 0.100830079626976 0.0883026333917528
-0.0879952168476738 0.0439577876176959 0.0161689919491876 0.0523736693759156
-0.0676043898233854 -0.0491449994155227 0.0736220862162524 0.00349023759038411
-0.0587248233349124 -0.0657325066368151 0.118673388659616 0.0689412651848644
-0.0563514679039355 -0.106167879150178 0.183910900759981 0.266015836493814
0.00148712409277494 -0.0491811630980255 -0.193815165409685 -0.362468158039788
-0.0603435628390319 -0.0244425943133009 -0.196590202045282 -0.0987427420985298
-0.0638923839267388 0.0606614839281705 -0.0803471348884101 0.0150336194058307
0.0427018460484848 0.0694655180429011 0.0254087094502696 -0.00149629986966034
0.0768680863838104 0.00595127471161109 -0.0325405721456695 -0.116399751010223
0.0442414395564323 -0.041929964625336 -0.197908505732963 -0.0955842585417045
-0.000386265644587745 -0.0609302205059578 -0.29599058264269 -0.0232123746196287
-0.00470504128882334 -0.0614538318111549 -0.330669066461817 -0.00137858555996253
0.00553590496395924 -0.0449271238064546 -0.355909166925218 -0.0327369110975166
0.0444391835461929 -0.0278672300299163 -0.30252938687537 -0.148660288085274
0.0506647130016193 0.00188972145032078 -0.118073919463592 -0.240975571580975
0.00733126043185218 0.0453207287401 0.0587735958021003 -0.11572865611028
-0.059487546349565 0.0209992565853547 -0.0738151803421307 -0.0147680016064751
-0.0214445688054726 -0.0556896079185438 -0.187478412934312 -0.195587451466171
0.0240119306368412 -0.0501290564082217 -0.0808250634348859 -0.617421748307053
-0.0499999706894237 -0.216624404221448 -0.181123018356649 -0.308500199833278
-0.153183178539878 -0.110569190559185 -0.17971565731268 -0.0968786645427485
-0.161637062949084 0.0608716791080707 -0.0806129912465624 0.0311507452745407
-0.00166493084094453 0.144261921806323 0.035117126817591 0.0166937956751729
0.110001110661385 0.105648695895078 -0.00223056200988222 -0.108431366480535
0.140927788115359 0.0217935975017294 -0.165412305549514 -0.113300572938888
0.115048866322976 -0.046550808159439 -0.269356926553238 -0.0477312845555875
0.120047689572394 -0.0634244085810054 -0.301636069764989 -0.0243425552371026
0.139932185773755 -0.0319577496907168 -0.317602929147295 -0.0541234454116646
0.186846616663036 0.0513769163321693 -0.259080388034841 -0.148879431503996
0.11777428390787 0.157096783164155 -0.0907059785306794 -0.208062408541703
-0.0596380023147222 0.202084518325145 0.0645199527012525 -0.084831601322834
-0.254833574116508 0.0668631549546689 -0.0919323477237394 0.000579614238635562
-0.206408268272894 -0.188451321515695 -0.196944253281863 -0.189825283853049
-0.0585860440062378 -0.287860059771824 -0.0744232002457702 -0.575441693330985
-0.102358691605646 -0.362988729926096 -0.158219402602018 -0.201376940473038
-0.246921934670193 -0.186112776438039 -0.148798047640977 -0.0805600645352278
-0.259837348228248 0.0658872261528679 -0.0767893819409264 0.038821098777309
-0.0480311908950378 0.221227011391922 0.0304162298634869 0.0284782550974105
0.13745077183965 0.202845965060678 0.0191111416118223 -0.0837839804339565
0.227456383378356 0.0861397114550841 -0.114138996566861 -0.109959434286617
0.219222897772682 -0.0274273709057129 -0.202538597404088 -0.0630998404391836
0.226579483606371 -0.0560540954051761 -0.225968845926471 -0.0443024780661562
0.251864190985087 -0.0134916994641022 -0.229468139516268 -0.0673410988957393
0.303777056241488 0.124635396129145 -0.178731907049022 -0.127988718152947
0.1732863823787 0.293664176115186 -0.0511389688613503 -0.150833474797089
-0.118973935683369 0.339177890388959 0.0679549656122884 -0.0479255971911813
-0.422528680154294 0.107594726365211 -0.0890984453695634 0.0190272001169813
-0.369143770737189 -0.295040044896907 -0.179100366900133 -0.15303640858276
-0.130869736478912 -0.483389152648971 -0.0503809605824346 -0.459423123352762
-0.151662709547889 -0.471943182962078 -0.116507640088231 -0.0436383662895215
-0.344624227675486 -0.239406997869795 -0.0847130812490483 -0.0462119662350846
-0.354981138749062 0.0888205312377736 -0.0614288315070477 0.0318943738829709
-0.0867986016901685 0.302402651655482 0.0114756900348838 0.0356049485677261
0.163348879614997 0.289365310850015 0.0368973523339654 -0.0343593895614566
0.295290316048046 0.140772614774111 -0.0370520574057862 -0.0835905672826644
0.295543842404514 -0.0058407487329858 -0.101564951455787 -0.0677117669673068
0.297683021071858 -0.0412974477335312 -0.116488029861756 -0.058449588542754
0.321515577070885 0.00791784087264231 -0.108888438201531 -0.0726511288296599
0.373653283480297 0.174899205697085 -0.0716290632238033 -0.0940437312313707
0.206776784766024 0.38373206838829 0.000575131318987892 -0.0750312445176461
-0.155986930400412 0.425760975674994 0.068740672528873 -0.00416554626886946
-0.521904662741559 0.137472821222852 -0.0630388145190515 0.0380480685386049
-0.473541918689018 -0.352389279080149 -0.124804448073051 -0.0887793549111821
-0.178025167636819 -0.595190038000762 -0.00918456439865089 -0.279648633644694
-0.186182555507534 -0.519373376358837 -0.0536135874332455 0.148641365468855
-0.414705575961418 -0.254879083237941 0.0178098797845566 0.00623244556192014
-0.416395987282519 0.118448457900641 -0.0308266117604927 0.0136644046106945
-0.10819730174903 0.359028943350623 -0.0157379359428979 0.0481881361492167
0.17418687501446 0.340920639752059 0.0604357584916125 0.0401774189253235
0.32780985082233 0.173896187127275 0.0624262728417161 -0.0361732299686316
0.331052953272978 0.0140072172250098 0.0239050942142462 -0.0620173037525119
0.32255934495921 -0.0197251444294403 0.0111460985977032 -0.0643088405413243
0.336704806568523 0.0306712450476472 0.0240055017705865 -0.0696887229878521
0.376536780060382 0.197191303414937 0.0427343849669995 -0.0537597568571039
0.199417479063842 0.397526724282682 0.0567724859861379 0.00377907246766039
-0.162156998587224 0.423378091362596 0.0677066048009103 0.0397201054990546
-0.515627585174955 0.129291284142032 -0.0196379170315992 0.0516037488084512
-0.475411441945218 -0.347506407313872 -0.0462114639460481 -0.0139476195890851
-0.186693052595687 -0.599306707236718 0.0417551889243462 -0.0762683963527421
-0.194740678757066 -0.485423190606592 0.0199097578949204 0.347847209025387
-0.413233074023371 -0.230414067849738 0.138112481417021 0.0710206125782877
-0.40093902033229 0.124653739065998 0.00609464588178614 -0.00541880852206975
-0.11050614610374 0.347709396561004 -0.0443024973562975 0.0684480570641448
0.152196179488858 0.330487804435347 0.0845368978326605 0.127784016273026
0.303245634563399 0.176787190504069 0.170350939298693 0.0245004399762023
0.314843838829385 0.0330254608883171 0.15719019960799 -0.0482876877660522
0.297348994989891 0.00721951551465016 0.136873521297301 -0.0621737900605438
0.298859289413078 0.0489951230021202 0.144226250626124 -0.0578313671394459
0.309387153536468 0.188115330193493 0.135864239321816 -0.0146262777139852
0.144533845615203 0.337559790612683 0.0959720425405838 0.0639019024874925
-0.150910712295623 0.321060434276823 0.0593916442354554 0.0681618669697515
-0.399509201591575 0.0733446786990335 0.0245492571442879 0.051166653864445
-0.370695329291051 -0.285014711837011 0.0302976447846071 0.0469753537169822
-0.152846419740144 -0.49666206079825 0.0900739991949318 0.106114646363519
-0.164126232323624 -0.368270511923305 0.0842695766828621 0.516262398143626
-0.323833882908091 -0.163252679754735 0.239374177601541 0.138261112920734
-0.295586286885183 0.0955013288855252 0.040833551824954 -0.0173695899795082
-0.0927147320781956 0.254232678083455 -0.0664151593251775 0.0845296081314927
0.0939508304047437 0.25346173333943 0.0989116722986314 0.206360468801368
0.220084600277792 0.148971856318671 0.261241874034518 0.0882837552470892
0.243936993228984 0.0458739760921901 0.273128331237498 -0.026030412611372
0.227558924983428 0.0325197814840329 0.241156128021474 -0.0509198438318237
0.2173841868853 0.0628924371631007 0.231773198511498 -0.0371309351012862
0.196133974538271 0.155935342786528 0.18974183190435 0.0211498564973822
0.059700925873459 0.233458431838461 0.105794549798428 0.0970591285394374
-0.127156937772234 0.169748986210218 0.0374101372964952 0.0715216048677907
-0.22592431057153 -0.00401955005627053 0.0550666550010801 0.037105099385627
-0.20553191057194 -0.189469694675298 0.079702852487826 0.0818896185318723
-0.0933288215090475 -0.323061737378088 0.121983457798242 0.236380515545207
-0.105454783242565 -0.185444874374817 0.121401241414156 0.623192713026025
-0.17341001388936 -0.0674205319086216 0.298087678750066 0.196781545403835
-0.131054359570547 0.0500194267657172 0.0699630784238729 -0.0241291051766732
-0.0544138774864941 0.110079246497815 -0.0808390329135582 0.0853395903211918
0.0208802477995287 0.127834055277128 0.0936125798052175 0.254344646712734
0.0973967908913013 0.0952090071072054 0.312672217504739 0.142353510672602
0.131493032968364 0.0533685896327061 0.350415025349135 0.000911323657384158
0.124409475662731 0.0534794921894194 0.308147546359909 -0.0327988292609634
0.111998347907634 0.0663397007541926 0.279796503133112 -0.01030064056183
0.0677407722108422 0.107524929099161 0.202005634511145 0.0515436406202593
-0.0222276125875793 0.117165867557148 0.0875754239010894 0.10608655253598
-0.0935149426243765 0.0293658322032719 0.00805079758464332 0.0550077231723907
-0.0589420202909486 -0.061346180376609 0.0695217669415902 0.0135608389917512
-0.044020459072217 -0.0764529885761159 0.103595738422938 0.0918318565812499
-0.0316272689555546 -0.11898895875399 0.138137776590714 0.302019824373939
0.0009225956998276 -0.0504945136624875 -0.201221761603865 -0.375316093697337
-0.0613147953754974 -0.0256288193882831 -0.205260402249748 -0.10327421574647
-0.0650341988797933 0.0635916440532525 -0.0829549198153358 0.0153160462332701
0.0440131248279892 0.0701063426655064 0.027446707543297 -0.00105570035033236
0.0797495084489726 0.00436133849099405 -0.031193116963282 -0.120943388118918
0.0451357991624506 -0.0426971810201476 -0.204120977445172 -0.0984818427361663
-0.00199340607605391 -0.0617900109574145 -0.306971947406735 -0.0245194848024445
-0.00543133905519559 -0.0641276053791857 -0.345529816664958 -0.00254977323729212
0.00672921198049701 -0.0467742024885286 -0.370330175482852 -0.0338962619442466
0.0460369471608614 -0.0299369575957484 -0.313999942426901 -0.153295892565723
0.0517759471584919 0.000911609039117695 -0.123698049455875 -0.24973824232645
0.00831932055907026 0.0466557003470921 0.0593522146840336 -0.121169291591654
-0.059951922972318 0.0211719121651771 -0.0752242833813725 -0.0160714446996602
-0.0212229656170642 -0.0572173076377339 -0.190575638387033 -0.207790130131338
0.0238613336369938 -0.0498552908105147 -0.0807807118745197 -0.636937597540619
-0.0501102867940117 -0.222875423956364 -0.188405990505322 -0.320342078844224
-0.157573550471289 -0.115326035375959 -0.189726952151495 -0.102127009086005
-0.166417312265516 0.0624421336441561 -0.0833727741199845 0.0313961690920475
-0.00155214142216363 0.148025588196339 0.0378980783615678 0.0179769733070717
0.114523905452147 0.107423412686618 -0.00119644015241374 -0.112721064543533
0.146503284371447 0.0222392522268716 -0.172550805021292 -0.116745665326967
0.118562149284478 -0.0475899570199435 -0.278908827827375 -0.0503438242195522
0.124346038528188 -0.0651574133470441 -0.315225708223856 -0.0264401784491371
0.14588497347099 -0.0327635599132492 -0.330685378470883 -0.0566616400306372
0.194322447015185 0.0530111152263756 -0.269150309224311 -0.154449415060632
0.121789676660246 0.162424122950861 -0.093102926058829 -0.216057580135147
-0.0629230217353844 0.209939573102089 0.0657925482913568 -0.0899505024553103
-0.262895528069625 0.0670056921831408 -0.0950961795295908 -0.00171324965322222
-0.212113169433473 -0.196626809543878 -0.202422605010673 -0.202846750480045
-0.0609670455570539 -0.298722870683419 -0.0756985136145695 -0.596322879121707
-0.103303163871406 -0.373713263266052 -0.166086861203645 -0.211033336853358
-0.253968264932348 -0.193077803770747 -0.158402406579654 -0.0853535305958716
-0.268153872988342 0.06609650904035 -0.078462318949682 0.0387943646386223
-0.0504926162857701 0.227532669687842 0.0328633216824698 0.0298317896771345
0.143777707837675 0.20871249585144 0.019948594115926 -0.0868627517911761
0.236690102528624 0.0877979598554866 -0.11943493740305 -0.114963522514656
0.226811271728333 -0.0281402401733002 -0.210338446008812 -0.0656157572207018
0.235143549999089 -0.0566810411645832 -0.237201964669852 -0.0474446295530585
0.262242167015986 -0.0131250414949027 -0.239769930213494 -0.0715634304261779
0.315911264656521 0.127991685094288 -0.186178290678764 -0.13409001968418
0.178983281231777 0.30474500034396 -0.051443583598331 -0.155825141610402
-0.12548417253969 0.352398103352456 0.0679906301137147 -0.0515923513630939
-0.438081650071724 0.107816933032784 -0.0945678421897893 0.0168436265280332
-0.379923943557294 -0.310075036705529 -0.184420198583123 -0.163437751112699
-0.13501236126826 -0.50247402096179 -0.0525016339335908 -0.472295053998118
-0.152668717634277 -0.487039774230797 -0.123987350098279 -0.050076976566412
-0.354991618426057 -0.248644108706252 -0.0932171055735574 -0.0489981567670217
-0.367788285731013 0.0891726321658973 -0.0613496830941538 0.0323780507860227
-0.0901268425353867 0.313107954440398 0.0123484645053582 0.0365845732670948
0.171249774073405 0.298678911458282 0.0390724418512385 -0.036224461231536
0.308076483160225 0.144334847074658 -0.039939685851097 -0.0880053410602532
0.306656443511185 -0.00513767761703894 -0.10528116420152 -0.0696750523261038
0.308985724390638 -0.0408103776655501 -0.122230537904084 -0.0610545420603469
0.333609035068999 0.00957889332759711 -0.114355202980183 -0.0767752022272111
0.38911040581849 0.182596410819643 -0.0744117672166119 -0.0983350744526867
0.213352894422231 0.396762011857252 0.00330272870451048 -0.076403993085172
-0.165092927651964 0.441354412054695 0.0688694314004221 -0.00581147117061703
-0.543208045307719 0.137735111332466 -0.0695717054429621 0.0357061191099227
-0.488121362363638 -0.370625282133317 -0.128935442658373 -0.095604173317028
-0.184867247695879 -0.619758747992282 -0.0119371219462824 -0.286742841673493
-0.188230137398283 -0.534740713125304 -0.0593369242162944 0.148599398067821
-0.427345859358322 -0.266829667898715 0.0126252333515752 0.00647309388668196
-0.432143454039882 0.119396525285412 -0.029424198665214 0.0149122874684949
-0.114590500898341 0.372826005831472 -0.0149980083592999 0.0502737980720945
0.182866924218375 0.352739560724531 0.0619608450563546 0.0410137946207754
0.340242858683514 0.177039081683311 0.0626539408450072 -0.038932664977994
0.344740109942299 0.0149389396679324 0.0254054678458677 -0.0638184188485949
0.334307992404629 -0.0178177902930596 0.0106706157568642 -0.0674197331547776
0.34982280241974 0.0326258799847421 0.02354374732698 -0.0733771264445005
0.392333109909287 0.204248305197317 0.0442026371136318 -0.0562896574323938
0.209076033306581 0.410452190422793 0.0616137958008478 0.0048521734705044
-0.170485614959028 0.437504873555016 0.0680858150720124 0.0393656631198564
-0.535752106634699 0.130022680855541 -0.0256648758106268 0.0487649058011944
-0.489609140802633 -0.362217577214778 -0.048888540540531 -0.0166533186773674
-0.192915301586872 -0.622378494088587 0.0403715057084944 -0.0780932325848329
-0.195962397776888 -0.501971703051895 0.0171748408240344 0.355820877164068
-0.426773348311094 -0.2410169688179 0.138029276805863 0.0739379756043747
-0.416360179301692 0.125503614846432 0.0081389192626433 -0.00482501555273157
-0.116669703934378 0.361173761673653 -0.0450535498173599 0.0712315945493254
0.158841395922706 0.343611669566168 0.0873058532989176 0.1315314940592
0.316783278207081 0.181388858258441 0.174308728503331 0.0229849858391486
0.327117810294735 0.0337026215858436 0.162534128813865 -0.0489281400686494
0.308504180609536 0.00930845695408404 0.142314248485816 -0.0635990075855799
0.310206141977865 0.0520679410144094 0.148563458821274 -0.0605534414605353
0.322735489856702 0.194252703278856 0.140453951036626 -0.0156745538867231
0.150716101749097 0.350045821179154 0.102989201228353 0.0675958897006785
-0.157456320783849 0.332626932436819 0.0586538362263067 0.069148943230589
-0.414232698231111 0.0722922737472234 0.0200729734364317 0.0489012871134
-0.382290451614633 -0.297867256580488 0.0288866063817814 0.047980338511558
-0.157814342596682 -0.519059231494112 0.0897590680765606 0.110836079820236
-0.165659280590095 -0.381908437340171 0.0822819019991066 0.531147674124033
-0.335272510607317 -0.173416214548135 0.244171895049763 0.145770180880001
-0.308184939435255 0.0954572173672746 0.0445536779105354 -0.016775804803434
-0.0979578538714209 0.264489341943499 -0.0685311711268256 0.0883355141124788
0.0990233762778442 0.264232751497207 0.102488311182544 0.212954675983624
0.230837154200295 0.153517374249637 0.269673416029432 0.0885399209423601
0.254833169003343 0.0473504617648641 0.283246343617012 -0.0258966920458796
0.236617827307415 0.0355957481593322 0.250693170188985 -0.0516404893175703
0.22544393900553 0.0657695358509193 0.239827115637821 -0.0391365857546055
0.204182681073101 0.161346503490191 0.195436308553325 0.0216522604922292
0.0632474830771652 0.241827688271905 0.110972796521364 0.102286122066373
-0.13145603154316 0.176421790688368 0.0369872982546704 0.0734200495067983
-0.235077474227685 -0.00589244681666055 0.0525746801006904 0.033757379393247
-0.210764032654583 -0.197227495137822 0.0802309611691678 0.0847824398958552
-0.0956237441452653 -0.338292854589677 0.12464428979123 0.245249763109931
-0.106793692200919 -0.192703349185666 0.122972908251332 0.6428705600318
-0.179354771058393 -0.0720471004961993 0.307469990986896 0.207168733348629
-0.137066633462734 0.0487146456597177 0.0738609488927233 -0.0218247818419896
-0.0579364897260663 0.115168354151273 -0.0838112116529012 0.0888486846109248
0.0219822244484491 0.134570988819272 0.0970308622505377 0.264513116771441
0.102762396196917 0.0981561761361419 0.324080539299933 0.14501185936163
0.13789330391862 0.054443478605099 0.364269324846453 0.00134109781129992
0.129988012932712 0.0562229395122206 0.321408650939776 -0.0329236613659912
0.115615345584886 0.069174970270947 0.290514565362893 -0.0094523718628243
0.0706714999412981 0.111836670962671 0.209643975656232 0.0538498452008451
-0.0220288960907819 0.12189974669224 0.0912482656335842 0.110800695097128
-0.0967975102727643 0.030798979720753 0.00760343659134697 0.0563308748379714
-0.0628923342479134 -0.0637464818343171 0.0689763218041764 0.0112748437904013
-0.0449081480684894 -0.0799246839579998 0.105398030497558 0.0961381549784171
-0.0315931140911484 -0.12569986518943 0.141660688417496 0.312466211360477
-0.00148244587443362 -0.0525504857296282 -0.224465376600837 -0.38256189817202
-0.0647726915320058 -0.0247633565964455 -0.219808812673885 -0.0988245301693049
-0.0640117494848997 0.0689425198620807 -0.0868395002226454 0.0189222601600388
0.0486116130329265 0.069922262633534 0.030142583974868 -0.00111464636592628
0.0819264816349931 -0.000246301906711903 -0.0354579903380397 -0.124931903650696
0.0452155815470594 -0.0456504832927351 -0.215837647592206 -0.0934879485445938
-0.00548027403924161 -0.0627640392272311 -0.320893918772815 -0.0140778751136442
-0.00963174801945931 -0.0662368410802162 -0.363033200174721 0.0100504657623059
0.00613008695598902 -0.0493652265373551 -0.388909309246026 -0.0204643408819746
0.04673295273246 -0.0342246392710787 -0.335094278542302 -0.14634788809535
0.0530427906961987 -0.00184601305381662 -0.140027006762572 -0.255056089523284
0.0100266374198461 0.0477571855324249 0.0567854170153493 -0.129215926466367
-0.0593591126980074 0.0238812281915325 -0.0773666657281046 -0.0149757641164181
-0.0239160539579976 -0.0579343274366372 -0.204077484609151 -0.214492583819568
0.02258232099037 -0.0512537300263499 -0.106838552050179 -0.659640294603241
-0.0597207144209687 -0.228611564756777 -0.210808235850834 -0.3268822554984
-0.167470133389988 -0.113987012548065 -0.2049318230918 -0.098301070745791
-0.169535828642627 0.0712623225632344 -0.0859513458947399 0.0346809631047377
0.00361749416211527 0.152755361678619 0.0410226337922831 0.0173690862604295
0.124078338411407 0.105095715589976 -0.00435289208790856 -0.117108041560423
0.153646075954447 0.0162891946911351 -0.184167711893004 -0.114520089291811
0.121174663889057 -0.0536066395995097 -0.293651821724859 -0.0411226357399894
0.125815719508968 -0.0718028527396153 -0.333242824595389 -0.0161526113980122
0.152139665745256 -0.0398782649127052 -0.349303921321269 -0.0466220050861277
0.204970557255819 0.0457906200022784 -0.287325106146518 -0.150235152224071
0.13228844142605 0.164430991945494 -0.105692809932695 -0.220872379085132
-0.0580067245870133 0.220968679084282 0.0634240326929002 -0.0972490564929914
-0.270444528130112 0.0776405360534105 -0.10029584484288 4.78127473594702E-05
-0.227402283828832 -0.198273426041334 -0.216629400105708 -0.208622614837884
-0.0752119035940895 -0.308015314103015 -0.101663270942448 -0.613137529129251
-0.118939058657582 -0.382351113175185 -0.183284826076788 -0.215207214452789
-0.270946365811935 -0.191735861984347 -0.173352114849791 -0.0827576497615872
-0.275425980145547 0.0781056983935086 -0.0800573227829492 0.0421291743849057
-0.0436636514264381 0.237305277397792 0.0358944831452565 0.0296520711065391
0.159992931588278 0.209656026927041 0.0188877436394279 -0.090976973961524
0.250981994613034 0.0798713711908794 -0.12977234213743 -0.114314055245171
0.234958678117273 -0.0378250349596019 -0.222574624391054 -0.0591667546301284
0.242641738877212 -0.0669341403638757 -0.252063910585844 -0.0406338688364337
0.273865514809154 -0.023634303086777 -0.255303269895834 -0.0658386590805842
0.335992496307061 0.11968023440002 -0.199830222217676 -0.132144531964739
0.197636285590902 0.309731588874549 -0.0571946796806334 -0.160502854270993
-0.118465343668536 0.371687240483684 0.0670682635552748 -0.057930760069524
-0.453558538449697 0.126241951723324 -0.100480439589625 0.0182751021724042
-0.404814430072871 -0.310531229715272 -0.198202805528068 -0.167149565473284
-0.160633483661863 -0.518619716452459 -0.0748300455252354 -0.487335812937763
-0.173620424974982 -0.498032847582392 -0.133658932500298 -0.0509590365053974
-0.378023205564344 -0.24536347614386 -0.103884729423427 -0.0476914656910635
-0.380017901377593 0.103329093485045 -0.0614724721604523 0.0350556219410794
-0.0827963677755459 0.328557909877175 0.0152826825273041 0.0382525954332808
0.192445628744443 0.301913605610096 0.0396220111550009 -0.0395688253857875
0.327887836995512 0.135165188733331 -0.0474077568812944 -0.0904210182403764
0.319404363501415 -0.0186203069080212 -0.112674081388707 -0.0685087808008804
0.3201649900286 -0.0524683641392837 -0.131482741308537 -0.0599261988553422
0.348718638542024 -0.00152224801677189 -0.123482389037317 -0.0767177952033247
0.414467941418302 0.172121872994919 -0.0819280017452553 -0.099733904743087
0.237124353554819 0.405223568485034 0.00437261515378206 -0.0795422938984926
-0.154172549471642 0.467267801588019 0.0694311680098317 -0.0103608807490941
-0.562441605644508 0.159442637438584 -0.076475410472499 0.0369437235382913
-0.52045124397546 -0.368690835068423 -0.139665619664917 -0.0964289907051906
-0.215229786812779 -0.638267548584165 -0.0258111100698512 -0.29428329441447
-0.211183770013625 -0.547645220655234 -0.059824225421531 0.152574589894088
-0.453258495553947 -0.263629026471165 0.00826894152892189 0.00633499593780328
-0.446906127926589 0.136766109631404 -0.0274979290264652 0.0154564621526266
-0.104169999151814 0.391742850995559 -0.0133458260826546 0.0533116805528858
0.207856768560045 0.359089024875695 0.0658799299398926 0.0393639361120608
0.363336613288029 0.169394366356986 0.061502718741803 -0.0449351027282545
0.358987903508852 0.000981063640651977 0.0232203108103181 -0.0669719305280655
0.348637204465696 -0.0289510385294233 0.00779761151858024 -0.0704179884689997
0.365557111963145 0.0208058697038873 0.0203719085619428 -0.0781797609003094
0.417710577755587 0.19478836786616 0.0431388146039878 -0.0609232902367283
0.232964685487284 0.419577238607929 0.0679066863041829 0.00296410114061336
-0.160292393895175 0.461244808566975 0.0695577149630685 0.0372926633857543
-0.553143809227778 0.152442964315559 -0.0313829589498376 0.0490326855749718
-0.521321962181304 -0.362207473409266 -0.0537068490014663 -0.0160940173605641
-0.222907799449503 -0.643288597381624 0.0355478240226127 -0.0788258296067606
-0.21785000246212 -0.513079705464167 0.0271971080682324 0.364312236738133
-0.451937573300145 -0.237331950977534 0.141823985847539 0.0736686490281552
-0.431388385589043 0.142417641073525 0.0108584059251109 -0.00491928857273309
-0.108078938356251 0.381696329645462 -0.0435590046738984 0.0764246751022953
0.182824101193551 0.351107356583293 0.0965954134004842 0.133474948662102
0.338608967517381 0.174072639121115 0.180052674854908 0.0153040548658398
0.34358222890675 0.0206825325927956 0.167427669388303 -0.0570443239024958
0.323177356577623 -0.00057679066796459 0.145203557435017 -0.0724256736655855
0.324683605441756 0.0432267320912809 0.150879846906973 -0.0698105200422026
0.344957877602869 0.188282390624404 0.145011705496995 -0.0221196713101863
0.171370541843155 0.357134797804793 0.113435204397606 0.0670134592878375
-0.150695967472046 0.351919617695174 0.0617354404474545 0.0687892542003564
-0.430295475966499 0.0885101630548201 0.0160829513293627 0.0471379256548755
-0.406509263788061 -0.296857738759417 0.0288149773672838 0.0496881022594999
-0.182138292881946 -0.535409264377937 0.0942333991454061 0.113981069453937
-0.182331450399304 -0.390139322922759 0.101861541648445 0.547003293439138
-0.354622354935206 -0.170257844499494 0.25674323132301 0.143703871673562
-0.31880205347969 0.108172273221531 0.0481266675993518 -0.0175333038162859
-0.092378590830485 0.281445861568554 -0.0675892482820175 0.0954387451267702
0.116006053057921 0.272881494199477 0.115050354680416 0.218020589953712
0.247697188673365 0.149460284434073 0.28222734891758 0.0794620574440228
0.268985312074033 0.0382093105825544 0.293577846315686 -0.0381580754641295
0.250046876487489 0.0299337504345958 0.260685911774974 -0.063146397917403
0.237476942463177 0.0599763395608339 0.247779319226411 -0.0500103614230612
0.220488580985666 0.159441852928231 0.203881849560849 0.0148050136917886
0.0765671072508633 0.248747031093169 0.121855432553998 0.102012807139614
-0.13036976586961 0.189170139157904 0.0393554308708667 0.0740313443207188
-0.246782831240236 0.00135303864067118 0.050406955428442 0.030087718251768
-0.225970431437188 -0.198052217778651 0.0842435577605037 0.0868012105994747
-0.1121810841508 -0.349138173298498 0.136469500751672 0.250704349966236
-0.115463458173643 -0.1972623310207 0.148400888094904 0.661986023368668
-0.188956844460302 -0.0702275493651354 0.326377148787421 0.206942334156696
-0.142815170997096 0.0538753972272041 0.078174421066824 -0.0230004685217307
-0.0558009280923549 0.124357764218413 -0.0831547443657009 0.0968466760779757
0.0297489215770991 0.141293148776798 0.111480491417483 0.271388625440703
0.11245835745245 0.0972071223535147 0.342907856214288 0.136140210282449
0.147696911687977 0.0503945264285163 0.37930585491172 -0.0126609048288068
0.13894290325462 0.0551128666278624 0.336131909977461 -0.045747474352592
0.122841449108106 0.0675384186659069 0.302396703872468 -0.0217830670345239
0.0791490776945364 0.113870849745141 0.219584887762133 0.048239285552411
-0.0165919695846793 0.12815739028265 0.100029799698482 0.112657904965706
-0.0991026782776104 0.0367318111430187 0.00908259255383514 0.0569027595676593
-0.0692079065934388 -0.0644753865453104 0.0689015651040696 0.00565526997955592
-0.0493040717988525 -0.0821264249958689 0.111874192436261 0.0974828370861243
-0.0374804111319388 -0.132512973726781 0.158199196993472 0.319359797516472
-0.00524725482963699 -0.0525035739088575 -0.250623915183361 -0.3716515196591
-0.0665630831731982 -0.0211062845184074 -0.231002308737734 -0.0835317211143496
-0.0595290510093253 0.0740884660217135 -0.0879442403323159 0.025197274429365
0.0524431435352976 0.0661369814697472 0.0310995704349923 -0.00327382001274821
0.0815230128814436 -0.00715085134095115 -0.0426673293182408 -0.124987371712176
0.0425628803952952 -0.0490416607047983 -0.223045965052821 -0.0790818526493526
-0.0105234893152058 -0.0613727784725334 -0.326286639179354 0.00648993731569623
-0.0151205573292222 -0.0663927514974972 -0.370473925359315 0.0340137185500752
0.00370444297922767 -0.0512978132734361 -0.396012273066428 0.00491429904236386
0.0454414307030576 -0.038432127662129 -0.348365209308016 -0.124806890124938
0.0520335040868504 -0.00605138236875313 -0.160368204625703 -0.248889722648063
0.0136757647428331 0.0472456808439419 0.0482186014158971 -0.135594871023109
-0.0566984818241799 0.0269856020963894 -0.0780695258787257 -0.0115609661899416
-0.0275952689847913 -0.056311333000228 -0.217788408563629 -0.208914363454433
0.0190000452640416 -0.0512856713012287 -0.150033484958311 -0.657629184578424
-0.0737667229693063 -0.226215445625936 -0.235313459751361 -0.317476607851431
-0.175350119911827 -0.104341929943988 -0.216811082387592 -0.0846785366666567
-0.165953387385329 0.081765774954588 -0.0863549126264642 0.0400619068208972
0.0128290898544925 0.152558208059656 0.0434052355205819 0.0153389895169223
0.132069250377181 0.0955387929563778 -0.0108273163926738 -0.119016833629273
0.156125113587545 0.00546161716388752 -0.193198428323278 -0.102183041662474
0.117931780961125 -0.0613144480283029 -0.299659151630976 -0.0226665557788243
0.122040922921257 -0.0798682230376895 -0.341687731360964 0.00593223110193604
0.152161681421138 -0.0505753396432619 -0.357372208041761 -0.02396779488645
0.211297345719792 0.031403134748365 -0.301816410934091 -0.132533279483478
0.144481051097542 0.157131453361904 -0.121239844356945 -0.21776175856815
-0.0450653739361414 0.226963182533648 0.0567385100302058 -0.104135102842307
-0.268927690078447 0.0937993589356396 -0.102113862584097 0.00554567250272231
-0.241750060489903 -0.1864125387159 -0.231312775448607 -0.201280319136937
-0.0966163174960429 -0.305551016083924 -0.142168580172436 -0.609719373734651
-0.141360001722875 -0.377793705996437 -0.201782172298943 -0.207106577896164
-0.284635837260791 -0.176308645803968 -0.184180058256262 -0.0717240216783269
-0.272832424440847 0.0951956905846149 -0.0789337085888579 0.0467672533042818
-0.0290018688109212 0.2415418275638 0.0392739488158897 0.0279775881004175
0.176071227980735 0.198370368491124 0.0143995541369923 -0.0936278200416744
0.259046511955166 0.0619734804037916 -0.139565319233647 -0.106298699973596
0.233780814218135 -0.0532766008376041 -0.2281357157359 -0.0457653201148119
0.241538484587116 -0.0816432790274605 -0.260156134101141 -0.024473030508267
0.275976411302614 -0.0421235273979921 -0.264432897565635 -0.050197288954335
0.348833029948791 0.0966279653605202 -0.210848172611762 -0.120428034732417
0.219964575965972 0.300853039799287 -0.0666336874746228 -0.159604165040002
-0.0964457894996946 0.383304958987708 0.0612252432491364 -0.0635855107863545
-0.451453401407684 0.15185807903651 -0.104048776786545 0.0243819396024465
-0.430012960736407 -0.290794103220148 -0.209886150218251 -0.158701037225936
-0.196664169796675 -0.51275587494441 -0.106784383120142 -0.481120647970256
-0.201151829665869 -0.490107795323127 -0.142415792930534 -0.0461816005384467
-0.394978159087402 -0.224290388609153 -0.113054722809099 -0.0410091836485945
-0.377312890264117 0.127885145443504 -0.0594657282614164 0.0378024656195264
-0.0613138537175886 0.335818601446629 0.0191843731345304 0.0382301747769795
0.216271876202348 0.290305358281304 0.0384397880109245 -0.042856462800727
0.340194688592048 0.111644851489736 -0.0555044021691622 -0.0881406469175703
0.320724339399365 -0.0397859477129398 -0.118767389608867 -0.0614846386806582
0.321329164211788 -0.0719441180417453 -0.139802444911795 -0.0521817807660133
0.353451787831101 -0.0240813535655942 -0.132105663791908 -0.0695558271038196
0.432164780474376 0.143782142695805 -0.0901746535862227 -0.0958501701968877
0.267691504226618 0.394591695560494 0.002139857178037 -0.0821148666370742
-0.125568738750128 0.482714866852593 0.0662063973414321 -0.0160655010539686
-0.559921235135081 0.194459534010458 -0.0795416740382216 0.0415964441577282
-0.547446967369496 -0.343037875342935 -0.147920132011463 -0.0894879031049091
-0.260203236711175 -0.63143351783324 -0.0461271555914612 -0.289877898161896
-0.243695433954901 -0.539216673395141 -0.0554967216516199 0.154397020455622
-0.473005613196916 -0.238835093136121 0.00434327851669028 0.00687152361334502
-0.442916918390268 0.164602718119881 -0.0262905292035316 0.0161687739026599
-0.0806708360304521 0.402916043229539 -0.00911407338942367 0.0555451841514996
0.235214683814932 0.34751577881738 0.0707505938641686 0.03635317487447
0.379736070206387 0.142989011328999 0.0563555503718053 -0.0498150981836915
0.363532939467296 -0.0233232305145119 0.0189902983599232 -0.0687033550582339
0.351206758242553 -0.0502876957195233 0.00200885594856693 -0.0721808726405083
0.371167483463262 -0.00114017155284249 0.0136753318684615 -0.0807884828607819
0.437345961273103 0.167387207628228 0.038834753334541 -0.0650944976364499
0.263069688592319 0.407806485628335 0.0730189463550147 -0.00245943447142559
-0.133610414840227 0.47737348049916 0.0701394041468027 0.0328979731015982
-0.551684716179508 0.18518516728748 -0.0356345405575454 0.0508083465773442
-0.547715054282213 -0.335209554277446 -0.0570504655092311 -0.012043164001445
-0.266611002155846 -0.635292908209424 0.0288168765519098 -0.0769744438385577
-0.246643453557562 -0.504627828970039 0.0447957797834613 0.362495695156937
-0.471454297886917 -0.213914258938606 0.144074429603087 0.0660348120225571
-0.428063493237245 0.168532649585831 0.0122899673344897 -0.00694430203064907
-0.0845823106352134 0.392802252670046 -0.0379604053099037 0.0812944160930003
0.21028918460665 0.343854911255907 0.106780886193206 0.128903593279216
0.354764693839111 0.150894901911163 0.180758575777206 0.00229111561331926
0.349757811351398 -0.00281248212703276 0.165350261052884 -0.0677148941665113
0.328870056553783 -0.0195747965464989 0.142746976348895 -0.0820536753298324
0.331406840155005 0.0237026753740698 0.146458325210331 -0.0809290584317048
0.363112318455098 0.165651714424104 0.143925293408581 -0.032662433156611
0.197918865783045 0.349353604056355 0.121348274928216 0.0592620853584412
-0.129908541670449 0.365961033897867 0.0640420603860702 0.0652600746656631
-0.430905375618599 0.114708611739726 0.0124784119408548 0.0456360838100353
-0.427917300382918 -0.277476698898438 0.0304404914982274 0.0497817305426048
-0.219398578498898 -0.529279415706662 0.100647650074862 0.112666552597831
-0.20431154149577 -0.384281475939406 0.132156487569134 0.542281202436377
-0.369218181443071 -0.152136485807773 0.266231158681062 0.130732964542034
-0.31847887321956 0.126892010938572 0.0495736558318613 -0.020788643681467
-0.074852748684725 0.291742705908556 -0.0622600236153535 0.101930914927016
0.138127600574617 0.269321751500847 0.13152458795959 0.214263690760951
0.261334128882293 0.133463159732042 0.288465946031267 0.0602849402928786
0.275517190225018 0.0196580193258203 0.29464339895029 -0.0575162188072576
0.257188065613148 0.014423315534821 0.260677702930073 -0.0812093534723656
0.243280081223349 0.0467692861466264 0.246721658501209 -0.0673331920555923
0.234276067339959 0.144923711218851 0.205864118063238 0.00127418105505472
0.0956825688157287 0.245379812075988 0.132129702346759 0.0947632201684188
-0.118800550496942 0.199788784548401 0.0427702237867788 0.0711914578769015
-0.251340225018479 0.0159337411828403 0.0467155649512499 0.0257523378904981
-0.23946787002534 -0.187111342887041 0.0892113476997204 0.0845045724161803
-0.135716099596834 -0.348115029004762 0.152587741811241 0.246948078656494
-0.125978711772498 -0.192977189301232 0.187636056616813 0.658495719436222
-0.196013071348138 -0.0605402662023503 0.342238162916559 0.189446844991528
-0.143022402437307 0.0618703242934513 0.0802868623957721 -0.0268819206772445
-0.048159500433246 0.130795103042784 -0.0775697259249998 0.103945487624187
0.0419440082530689 0.142097387780486 0.131464155730175 0.268417679150602
0.120940071375458 0.0899728245091546 0.354737878004183 0.113851685150236
0.153793793862853 0.0393882537555715 0.383585990193245 -0.0379076090341233
0.146344907935474 0.0470591265388988 0.339285744701273 -0.0681571965439907
0.127986100634856 0.0611975859669421 0.304152546664363 -0.0414216752918828
0.088241323065573 0.109317192076072 0.224377670501466 0.0343281333458494
-0.00624903095218025 0.130313042795475 0.109662933514935 0.10720760430224
-0.0971597944185656 0.0446270241418924 0.0112063211486718 0.0570391510199049
-0.0758335645223123 -0.0607023437558842 0.0649739179970315 -0.000214470522220225
-0.0545070915590728 -0.0804860321088254 0.118707564086218 0.0934143283025144
-0.0457981365978865 -0.133423581368164 0.18022822966004 0.312402719523614
-0.00914572299571154 -0.0501868738574106 -0.264100629887484 -0.345740516315233
-0.0656331016371641 -0.0175094717459357 -0.230069594084976 -0.0663395425615424
-0.0527273711306339 0.0748868735995117 -0.0852633152332967 0.0307309530451764
0.0534195350736809 0.0603282375584747 0.0310522550470563 -0.00532041625422204
0.0767434336375718 -0.0120780127220025 -0.0475768760834985 -0.120697232991816
0.0380550592095467 -0.0501751811031709 -0.219266439643457 -0.0641197702092447
-0.0143633877213521 -0.0572240590688757 -0.316983010276403 0.0244037744577129
-0.0196787425832062 -0.0627307329992311 -0.362128553199485 0.0556136607870125
0.000981968431997321 -0.0518390493190623 -0.385946628765944 0.0284037900344954
0.041717728360329 -0.0407691235794218 -0.345789448106201 -0.0999434674517494
0.0494652975792088 -0.00927214140573317 -0.171779625295185 -0.232343998375463
0.0153409858785832 0.0444887728425174 0.0385893143927846 -0.136104716783445
-0.0522373786425976 0.0284191666877083 -0.0753945930109356 -0.00915166588130383
-0.0296576831305261 -0.0525511602851732 -0.222747223836458 -0.195846061681163
0.0155717169564525 -0.0486214564368424 -0.179319085938376 -0.62590858498823
-0.0829554342113608 -0.214737862566752 -0.247116543881294 -0.294343952834109
-0.175679613131217 -0.0919458750705851 -0.217383039304069 -0.0680723394659877
-0.156152582456033 0.0889091863613715 -0.0826077461991429 0.0442456077192593
0.0207585475083717 0.145955920656408 0.0442336724859838 0.0122872484132655
0.133161946179872 0.0833942081205856 -0.0162049218418811 -0.115770852254702
0.151868009675535 -0.00464888782786782 -0.193042239644883 -0.0872052172406501
0.109810879417156 -0.0646360752694218 -0.29273364473523 -0.00428046653103593
0.114257792459629 -0.0835310336208541 -0.336102983917822 0.0258122124026315
0.145598656657702 -0.0587993304923992 -0.351098721642793 -0.00294350882638113
0.207702141275473 0.016834313733868 -0.300760713066433 -0.111410851281246
0.14834753410347 0.144234287289773 -0.130539346266223 -0.205188371098551
-0.0312576692898713 0.223398455183387 0.0477946189030429 -0.105718554080992
-0.256038916426457 0.104053580807369 -0.0994159273616465 0.0105383654680676
-0.245242802431869 -0.169533258087602 -0.235036077209548 -0.186173124088839
-0.110044395023062 -0.289158192046013 -0.169256442483768 -0.578848609329885
-0.154978863801941 -0.358458128389397 -0.209905790779075 -0.190680250322211
-0.285064353615897 -0.155499994331403 -0.186125669167713 -0.0576184678155745
-0.259118267595267 0.106627522281728 -0.0758428065311194 0.0489143225367186
-0.0147318464937105 0.23471123690205 0.0405151241796196 0.0253615871398802
0.182541335009688 0.179559864676732 0.00948069488029999 -0.092468316766229
0.254680458710793 0.0437172253717747 -0.142286007521615 -0.0945049036844983
0.223501578563059 -0.063796508212878 -0.224781286951946 -0.031251074646087
0.229726070409226 -0.092182016985885 -0.257828712635673 -0.00852336696844001
0.267211480183744 -0.0561842396620382 -0.261316237026973 -0.0336144945689725
0.3459990765166 0.0724225298233971 -0.212899463116311 -0.105537870538307
0.231202328591115 0.28000504456994 -0.0729681930335722 -0.152876604471995
-0.0730155697422531 0.377646740283461 0.0545947032291443 -0.0665459705938048
-0.432294118320311 0.169942198538587 -0.102583544038028 0.0303300516344479
-0.432672031897368 -0.261437472117439 -0.212562185662679 -0.143973603708974
-0.219665912909102 -0.486539083209879 -0.128621474116121 -0.455910887139263
-0.219156437592488 -0.464870153462059 -0.14408297042513 -0.0379420845943935
-0.395298304760493 -0.19614007046325 -0.115433398765055 -0.0318945007688798
-0.359641369923423 0.143293168005712 -0.0564117461305632 0.0395679767025901
-0.0411819555606884 0.328051462481758 0.022263321949278 0.0362043216312008
0.228106787750666 0.266229218631551 0.0366468790274851 -0.0431857253556819
0.336088445978287 0.0860566910216835 -0.0605761322489261 -0.0822441481605667
0.308775701682585 -0.0565046057902503 -0.118678130472319 -0.0521830069414311
0.30907477303604 -0.0866427809202001 -0.141528789679177 -0.0423558802014786
0.343455747697609 -0.0427929554882368 -0.134582566437999 -0.0605247519354401
0.428878252538175 0.113991620328882 -0.0929549582126802 -0.0884410680945917
0.283060952962502 0.367499730493264 -0.000675601992658667 -0.0822351673158869
-0.0966327109476237 0.474386009622967 0.0612049126315649 -0.0194201275442927
-0.536846897672281 0.218438497469087 -0.0798385739861511 0.0460709395027823
-0.549320667365275 -0.306017056590592 -0.148214195119207 -0.0789329582976348
-0.284818342936277 -0.599762075612585 -0.0598308246504013 -0.271630525109641
-0.259772164679085 -0.510268245525526 -0.0501546868364617 0.150254119548786
-0.471764575893582 -0.206145609647648 -9.45916923590753E-06 0.00738594789947011
-0.423719663995525 0.182306434339649 -0.0237770092356744 0.0160466833667869
-0.0550809069642724 0.394666308552228 -0.00456986939059626 0.0546831436913717
0.250391428697758 0.321880564578651 0.0722551576238556 0.0310130546444249
0.376806068189896 0.115651341031995 0.050274140054537 -0.051668796952299
0.351150770515966 -0.0438243342838359 0.0150397362071951 -0.0675202061689658
0.340655595242976 -0.0672041002036926 -0.00410404622842077 -0.0701546417885655
0.361922494692349 -0.0207873537207938 0.0068650386689724 -0.0790785987949714
0.433804784654488 0.135252375362947 0.0328757612456127 -0.0659678113242654
0.2811959498157 0.382586656237947 0.0727239740423078 -0.00929914229540705
-0.104058284857691 0.471338611818129 0.0669611061059951 0.0278212737097949
-0.529407018988191 0.208379265357684 -0.0369300947250781 0.0530341136281818
-0.551337024790291 -0.299458757678004 -0.0562029045933957 -0.00664728896283287
-0.293794163258835 -0.60362944639401 0.0234538893297274 -0.0705082008264557
-0.261917210340617 -0.478469140376729 0.0579909007095915 0.347332133987049
-0.470340753422785 -0.181791111854501 0.140318519629243 0.0569425306601983
-0.408681517453561 0.185424250317256 0.012792605019024 -0.00828844284854244
-0.0592594112272003 0.387091322180269 -0.0311074209905038 0.0816337575502362
0.226149765022481 0.32080922399154 0.112911589300996 0.120426629109392
0.352565939560668 0.124329861977592 0.174366626238434 -0.00850457175516111
0.338738641504459 -0.0241459549974673 0.157352379307755 -0.0744563612709893
0.320554524732799 -0.0359820735895021 0.133791860937835 -0.0880738522746267
0.324407400835893 0.0055626793420646 0.136900163794291 -0.0868411434278297
0.362909831828813 0.137465348236247 0.136843654935796 -0.0401840634267223
0.213459715099445 0.327498097929436 0.123899594050169 0.048339305938597
-0.105298998337972 0.362374989539664 0.063201118914474 0.0595506084440899
-0.415885919987049 0.133211402198786 0.00878731363058368 0.0451771329296446
-0.430080735046996 -0.247780845317066 0.0317401802067059 0.0496383396178956
-0.242930994201548 -0.503923740844299 0.103090094243559 0.108339256704586
-0.215003388966648 -0.363676381096907 0.153642426066048 0.51684632427589
-0.366789263269643 -0.127504238262003 0.263170279682263 0.112855240068106
-0.304987519355352 0.13926833987669 0.0486689672255609 -0.0231434509962072
-0.0558782793775183 0.288397121762258 -0.0533323813863689 0.103144010803685
0.152865792429813 0.253776107507525 0.141195576100185 0.201802091418775
0.262697198344779 0.112386872950903 0.283056526823802 0.0412048691649894
0.269210130931408 0.00154555798409075 0.28387565571489 -0.0717012659988624
0.252307584028745 0.000212111067359412 0.249977989770007 -0.0936433747159359
0.240143447735336 0.0329182180139538 0.235186707921099 -0.0791197709631172
0.236312545478578 0.124979055141667 0.199489506770414 -0.0103682634861255
0.10842610062159 0.233079526493554 0.135943151979953 0.0824334650105052
-0.10338525324309 0.201175959981763 0.0431022197302732 0.0674739920952366
-0.245585271860798 0.029344002958387 0.0417501916397643 0.0231978849815602
-0.242156235529726 -0.16934985582143 0.0910893635313818 0.0803797715311468
-0.151427806475082 -0.331979012364394 0.16068125041894 0.233058880269458
-0.130898297651385 -0.182476258367794 0.214161474842713 0.62816568539415
-0.193502899595239 -0.0487295320917923 0.341190286221022 0.166052843827974
-0.137588823159863 0.0660384145085636 0.0780943712676821 -0.0305774461095487
-0.0389059015917926 0.130109784367755 -0.0694664020351124 0.107737782304374
0.0508580438040955 0.136607894100478 0.145007581881878 0.255003222584513
0.123463278870933 0.0797474299300529 0.35040530502015 0.089076469211499
0.152669871946776 0.0276825985458944 0.371522414483238 -0.0583505168423841
0.146788120425703 0.0370698002948838 0.328211679340424 -0.0861044403132872
0.127956298412239 0.0529095603051513 0.294242116109535 -0.0577200593038138
0.0931366329529443 0.100107993456595 0.21959529618767 0.0200037892482108
0.00253209966080456 0.126756567586088 0.113571522700234 0.0973449867263843
-0.0909630421935893 0.0495527171157844 0.0125807696318918 0.0549548077943727
-0.0789525887251394 -0.0539012990676023 0.0592151437479384 -0.00406505863240283
-0.0570005976609963 -0.0762157474532153 0.120724500026691 0.0863430016855287
-0.0526802709594711 -0.12919032604796 0.19226106748129 0.293336616044161
-0.00302260723551608 -0.046844406277392 -0.20700714275408 -0.350409879401027
-0.0588101878077662 -0.0252688772966197 -0.212006720009824 -0.0866146287485905
-0.057871346553831 0.0630843918832216 -0.089298456977792 0.0204029863029873
0.0402389111486121 0.0630790436125343 0.0279457500753416 0.00106910997606934
0.0729717969239411 -0.000750068317406701 -0.03215674399893 -0.115751761643793
0.0442033613427079 -0.0422496120789007 -0.196311002403433 -0.0817359772124958
-0.00646630287223238 -0.0532843829338214 -0.301920927968048 -0.0089509817405708
-0.012848521574661 -0.0603443030343387 -0.354711082757018 0.0118777801803376
0.00873090676880257 -0.0481333441336846 -0.374913747275935 -0.0158320775308812
0.045674311228126 -0.0333404000155025 -0.321479554036451 -0.133476367563538
0.0478110406246694 -0.000830857334944262 -0.142050616419813 -0.24316333489224
0.00820537767452897 0.0458771602869083 0.0512464168492213 -0.130346859739049
-0.051710537123701 0.0215131659494236 -0.0685061167773064 -0.0198203719603162
-0.0219276904153433 -0.0504049970907936 -0.191185643096885 -0.216590355099638
0.0195094037755012 -0.0394167658443184 -0.10123230467781 -0.627225946382305
-0.0508164775180108 -0.208172121762551 -0.190220811429962 -0.309901131724855
-0.150808811722808 -0.106975720250203 -0.201318917787573 -0.0948197027072832
-0.155505175410314 0.0624132073212187 -0.0918964597188619 0.0272948055143794
-0.00196385306754948 0.138297318300749 0.03434493974297 0.0170061258336416
0.11213927163327 0.0964121309843076 -0.00734015724058114 -0.106872540236767
0.144683042015644 0.0131373250661221 -0.170194049193708 -0.0955019158566655
0.112433069279698 -0.0464790879876636 -0.277809595552088 -0.0333682445750528
0.118230180951274 -0.0647680358745837 -0.326191379379896 -0.0137989600342364
0.147789740323065 -0.0370740198217239 -0.33945503484029 -0.0431911116003715
0.196802358961476 0.0410387757551994 -0.281728113186769 -0.143132639943531
0.123608029662346 0.157821200858211 -0.105594180791779 -0.220164405364667
-0.0582834117876953 0.211352261261447 0.058169700349 -0.105052083145008
-0.25632577309335 0.0708653353666574 -0.0879842143251103 -0.00317239234658197
-0.215511747300418 -0.188142918780517 -0.193134311796892 -0.202757352142454
-0.0757221752717099 -0.286020327835365 -0.0878427067732549 -0.573415901928794
-0.0996270348156139 -0.350265857871088 -0.158939498063811 -0.218196483619694
-0.243115159791188 -0.179417047213566 -0.174200246754832 -0.0883141479210613
-0.254221281976076 0.0652078949022074 -0.0889188049044473 0.0267518749055607
-0.0468661471275661 0.21581912379222 0.0269923560073397 0.0257929939646996
0.145951688426533 0.193487724249685 0.00973824602194584 -0.0817984478961206
0.234619464444774 0.0709305051424453 -0.122854049045681 -0.0932912599212364
0.219804724705326 -0.0333253084344322 -0.212381452860851 -0.0498633059998863
0.232160787207462 -0.0598487214441371 -0.248110652492788 -0.0387261922497374
0.262870683610757 -0.0194789623349687 -0.252761374924389 -0.0639901281808004
0.322052799944059 0.109313605994288 -0.200350058753229 -0.132009358953763
0.186250270062544 0.297338439341913 -0.0561501555485379 -0.169776617905787
-0.117290512902186 0.355595415906971 0.0601026460485467 -0.0707680247620287
-0.432955030595891 0.11607920052022 -0.0885075788865846 0.0159829947984846
-0.385135646831707 -0.298429821722853 -0.168318331902998 -0.155238345882492
-0.15693045553347 -0.490207089928923 -0.053005925918441 -0.441715215583305
-0.143828064496577 -0.456123663852236 -0.110876044135092 -0.0783114992530989
-0.340417104724365 -0.231274428948383 -0.112664883224084 -0.0629975170939988
-0.352701426533843 0.0856285436372603 -0.073605294965104 0.0146627403870544
-0.084052161209527 0.299243780300012 0.0045057387836791 0.0329090543522448
0.176057911763009 0.281170729119879 0.0259423068505895 -0.0323033778504618
0.305598267524156 0.121416728648611 -0.0491812450148253 -0.0697965305059651
0.29935482393643 -0.0171476510230895 -0.110010667192743 -0.0582968875948136
0.308613123016795 -0.044747459817485 -0.132068359445833 -0.0587964294774133
0.333597251583364 0.00226174077905765 -0.12869789928788 -0.0770650864325602
0.396170947587191 0.155513659119395 -0.0904595134441741 -0.105804646273753
0.225548465703508 0.384930164591843 0.00478004445944272 -0.0978527733012065
-0.151251875461591 0.445226681267204 0.0617403555647683 -0.0263944066945172
-0.53908167460723 0.148046842989627 -0.0658591249740281 0.0338616071245765
-0.491577283529955 -0.355970523790292 -0.108434986221568 -0.0815601153406884
-0.210855536189694 -0.607016190306624 -0.00287860602979794 -0.251893985744021
-0.175885373484526 -0.504943940458523 -0.0408083855122544 0.103379051595586
-0.410011689884795 -0.251153952142064 -0.00961138687656979 -0.0173736770158259
-0.418064222031971 0.113334427200586 -0.043677025479288 -0.00592503027060802
-0.107332975256204 0.360469212744492 -0.0244737596165656 0.046119175928047
0.191330048173123 0.337835714988908 0.0487369997873375 0.0411406375504917
0.338952770225702 0.154127092697221 0.0500189310344519 -0.0284971513746568
0.338360433674659 -0.000856849547979868 0.0176175714728314 -0.0588682360957755
0.336694870033625 -0.0226301369207171 0.00368232721551409 -0.0701366710833333
0.347931323131791 0.0246579464708729 0.00939931077085715 -0.0792275159222934
0.398328502973694 0.176954081299973 0.0285690901607323 -0.0703483161339995
0.222136791601042 0.396955301665504 0.0679879069545486 -0.0202092875108594
-0.157376340972095 0.438547453476906 0.0621146337903523 0.0206554601103613
-0.533000705686546 0.14085420278868 -0.0270132455223653 0.0466071933250324
-0.493097061510176 -0.350251933340419 -0.0284461877776046 0.000146659885095316
-0.21624076910598 -0.615341159766895 0.0559855491283311 -0.0452926347043854
-0.182165702598616 -0.476896508129655 0.0368611630350906 0.298675639686359
-0.41076393042487 -0.229049647826668 0.11631064197922 0.0445388655695398
-0.407335820414304 0.117877215772228 -0.00471155704285222 -0.0243175969185673
-0.10994315503538 0.352985089501725 -0.051426904787603 0.0675797217266513
0.168389651554251 0.333232306827112 0.0779948238901503 0.127875342862086
0.315226452897971 0.159859062455347 0.161473870354036 0.0243644192832347
0.324593315191977 0.0159830316399608 0.153208882809379 -0.0508771085370612
0.314858645115147 0.00398340617414981 0.138021486962605 -0.0711440164893857
0.308099935537801 0.0461254308283078 0.135186768191456 -0.0713806391417537
0.329294598647699 0.171417830299578 0.126855971076191 -0.0334290660308243
0.164979198207007 0.33614859540058 0.11220040179033 0.0441743184369392
-0.145117727423042 0.334134267306117 0.055048064882801 0.054017954287022
-0.415687935589584 0.0811728972035609 0.0129651965635923 0.0459021849126255
-0.383450085631332 -0.287185371330188 0.0453272171493501 0.0634390868064288
-0.178263938352774 -0.51251843870091 0.108631513825112 0.134070491747951
-0.15262141184153 -0.364277947012608 0.103789908263805 0.47392789714856
-0.323187349952708 -0.1672870131746 0.228417996470369 0.115547508778128
-0.303430898098818 0.088154413921472 0.0356020647955887 -0.0299853786187346
-0.0936233371422789 0.26126778005935 -0.0709236112005569 0.0865961306868223
0.107932858738348 0.260254682983597 0.0996432282387301 0.205671922038324
0.230176333836686 0.138538738956836 0.258872224612018 0.0787989260031909
0.255280932545827 0.0312425699969135 0.273762491189915 -0.0358264718071698
0.245033784552679 0.0299498576649821 0.25076425582114 -0.0625647634099445
0.224190301528763 0.0605023190637608 0.231570622329188 -0.0525612346350788
0.209986054646807 0.145074669576367 0.186669348046063 0.00467888730155797
0.0762174840559589 0.232973498992302 0.121435727326333 0.0843015399609605
-0.122715414423375 0.179373756564303 0.0354342201106944 0.064601886384641
-0.2398540693363 0.000869762844971456 0.0416781907932984 0.0303041375186311
-0.212508906786157 -0.190855223950801 0.0909756877260738 0.0965999311662541
-0.109914788222901 -0.339521827250085 0.143639175214348 0.255731880287515
-0.0973982537528928 -0.186413980746946 0.140938251020058 0.593740467539735
-0.17302405397184 -0.0708349044318568 0.29849813448113 0.182857781134391
-0.138064850730025 0.0422841883743007 0.071758075170581 -0.025698450343029
-0.0547407232095662 0.116666496967762 -0.079846791405835 0.0904075052608657
0.0287723964946689 0.136225994635503 0.102431607348894 0.254255422317649
0.102835351432002 0.0903908913333975 0.318128740120906 0.125359783809981
0.14106467136183 0.0415341278887189 0.356219287516209 -0.0150281750069988
0.13846526707858 0.0520813165135842 0.325427525608183 -0.0460366277419831
0.114575724349561 0.0660245971158384 0.28835333316768 -0.0245505999711904
0.0758349696647589 0.104344999874228 0.206207003945687 0.0395523924369226
-0.011570700118677 0.119630252347457 0.100567420245263 0.1014068647392
-0.0922396668873457 0.0363689223151315 0.00783799876057451 0.0532269533890023
-0.071493080497766 -0.0598700228331166 0.0569308052272204 0.00561681745037747
-0.0463789851449806 -0.0810230541438656 0.110355400474623 0.102064602321889
-0.0369666167093713 -0.13429447694059 0.158962668827143 0.310415451548036
-0.00330035390802583 -0.0447425830400587 -0.195151538116566 -0.34348979221835
-0.0577001947170869 -0.024730388740635 -0.205220010343624 -0.085958815948468
-0.056477504903009 0.0612416078330842 -0.0882280712586216 0.0202306147385457
0.0378826924180407 0.0619112296863825 0.028016841860434 0.00124517099797897
0.0697380114439452 0.000380172848270098 -0.0289918277655687 -0.114554776197041
0.0431458303010145 -0.0409708632741357 -0.188189136003147 -0.0808970960461791
-0.00512446223669693 -0.0500206910751992 -0.294188871607697 -0.0123938324148255
-0.0129563781341282 -0.0583041299758716 -0.348371557637611 0.00952446411907943
0.00863174651046114 -0.0481666307146159 -0.365832687005669 -0.0204838466783329
0.0449611031196505 -0.0327646926973377 -0.312073345019649 -0.133418701179241
0.0459057194055673 -0.000458890794124341 -0.136644158490443 -0.238457319018791
0.00728645939211324 0.0451825908362687 0.050818939309096 -0.127713791305892
-0.0498025484903686 0.0187834132486221 -0.0656498102969274 -0.0222110614521884
-0.0204442739094429 -0.0486115984824615 -0.182459018162669 -0.218260842310387
0.0198802374302236 -0.0362711763306711 -0.0868518950398583 -0.610326533542895
-0.0464337255381114 -0.202802085565569 -0.179727976809776 -0.304746380182676
-0.144538691065393 -0.105430461039292 -0.19552574359457 -0.0929058141039448
-0.151668747654675 0.0590060670098427 -0.0914591485889758 0.0262021855667963
-0.00375764247485452 0.133004806707077 0.0339091823985099 0.0169817528542034
0.107245689366449 0.0938604471109616 -0.00496638070788662 -0.1052873377332
0.140394735546256 0.0138969983414534 -0.163980897175595 -0.0947740075257599
0.110189918132215 -0.0424775031295598 -0.270056462533638 -0.0357193018526149
0.116096537858412 -0.0603816700720938 -0.320784638465911 -0.015969253182449
0.144903237388574 -0.0349180713342414 -0.331322683503319 -0.0468376518837095
0.191941169368784 0.0406007965379325 -0.272966073058259 -0.143206800437491
0.118263086067717 0.155398573539711 -0.100826212683145 -0.216313526436285
-0.0607400868330587 0.204979136200241 0.0566843404615976 -0.102613509413966
-0.252253950086215 0.0633098672771564 -0.0855787984075725 -0.00480998084064106
-0.207419090359287 -0.187775658831532 -0.183898616931964 -0.20331815440187
-0.0680054123494507 -0.27847249272411 -0.0730558649422184 -0.554264813001857
-0.0895358401344917 -0.343055642112362 -0.153317090078486 -0.21585398497446
-0.232933356618221 -0.177131347513544 -0.17085341455202 -0.0876014576674946
-0.248372641747934 0.0593862173981312 -0.0887405244913749 0.0254105505780074
-0.0487900354125705 0.207816974112613 0.0262650194980487 0.0253418338531113
0.139685355380237 0.188536052972254 0.0125416109557641 -0.0805118192139449
0.22740560421076 0.0700789146270164 -0.118808334253719 -0.0916303807786003
0.214038567343014 -0.0283046903356579 -0.205849559010227 -0.0517461035677248
0.227678623895247 -0.0530737715474774 -0.244002295246771 -0.0396160173835195
0.257275727208356 -0.0158649354896292 -0.246644215381116 -0.0671359574390561
0.31247710943303 0.108093239553147 -0.194697606388225 -0.131610013396558
0.1786930003575 0.291463169085334 -0.0527297234078233 -0.167374295099961
-0.119792422351581 0.343745581570294 0.05854482642619 -0.0681722532736781
-0.42634056091283 0.104916638154753 -0.0877176371004581 0.0149304267055593
-0.370254866217823 -0.298327616791941 -0.159361525356036 -0.154959121664135
-0.144604431175916 -0.479101885889057 -0.0413429832666897 -0.424851535972644
-0.131268643453578 -0.447884170638238 -0.108996532981421 -0.0780026329907408
-0.327068824569199 -0.230247441390913 -0.112468952485088 -0.0619643064998848
-0.344783942271085 0.0770411595066363 -0.0725776597248462 0.0133923618121356
-0.0867614992775664 0.289134746268521 0.00551977770167338 0.031282736936212
0.16915405917616 0.274356624154743 0.0277619065126943 -0.0320897797757086
0.29558249836453 0.120256086010151 -0.0483136597605974 -0.0689038405346738
0.291848890403837 -0.0123087030572492 -0.106317150186865 -0.0587420634898673
0.302864235147676 -0.0374009088163584 -0.130016718116384 -0.0581398515107731
0.325511566064748 0.00731350744832655 -0.125806625710655 -0.0767901018600034
0.384069420826987 0.155348120517462 -0.0873775280246279 -0.104281223868391
0.216511154199755 0.377904657798439 0.00653642999096639 -0.0978077841202776
-0.154882561737315 0.430753103637232 0.0587548776900144 -0.0249634211401229
-0.531157376000918 0.133206288610065 -0.0673222118336227 0.0345713082772992
-0.474196574995691 -0.357198055641608 -0.102274671203799 -0.0801305915518912
-0.193679752478372 -0.593626524632438 0.00389517262279378 -0.239172116892746
-0.161037475290167 -0.496455232277001 -0.0451415323795967 0.0986390896007831
-0.393525205260403 -0.251515595759891 -0.0133184907397175 -0.0163358644671429
-0.410735786445168 0.102192746854128 -0.0427561659071428 -0.00697109820495253
-0.110020958201784 0.348003566753896 -0.0224334494903125 0.0440923035253413
0.182099574606989 0.329109073423824 0.0502799483707912 0.0404053092469812
0.327777104843651 0.152178955867351 0.048411541765022 -0.0273541247742599
0.329110771673284 0.00345291482164346 0.0185875188597945 -0.0565077648267521
0.330776712387718 -0.0165622555093078 0.0029070488287047 -0.0673849658976537
0.340125220542909 0.0305249729794578 0.00918898380631209 -0.0770280808939114
0.386676591341235 0.175991120449386 0.0274467867522145 -0.0687149091988378
0.212801342158812 0.389407948518236 0.0673705226960165 -0.0208020367807713
-0.159546553423864 0.424055104426396 0.0583310659028773 0.0216330997074617
-0.523528872751936 0.128493958367718 -0.0299120422876349 0.0477949088051143
-0.473908231059113 -0.351324408205931 -0.0254292930908786 0.00141574317800867
-0.201119925786842 -0.59987040825078 0.0568632196090961 -0.0382227597944808
-0.166130281849781 -0.468757351976556 0.0272356004059867 0.28984048436192
-0.394585663192324 -0.230665926423671 0.108593123609886 0.0458322073076521
-0.400065525145357 0.105992878086888 -0.00370485968078003 -0.0238235185134282
-0.112966462349984 0.341010735413099 -0.0495011770093786 0.0650623699093619
0.160952876053386 0.326411594512785 0.0770866853643178 0.125914545180943
0.304650821618023 0.158590522648436 0.155384075686159 0.0246594694528988
0.315706689891601 0.0193069063309995 0.151252032567509 -0.0480441933027985
0.30916215427619 0.00854620288169133 0.135584125900753 -0.0671779623311031
0.301356278895649 0.0496026045599005 0.131936217839176 -0.0677496259645983
0.318310318299767 0.169076213200679 0.122366815396913 -0.0310668806372361
0.158386809702224 0.328292969984075 0.109142529658497 0.0426914945930162
-0.145961221125133 0.322536179606762 0.0514818915166817 0.0540271216063618
-0.408634170441806 0.0722622176387145 0.00922712946474201 0.0477086053668904
-0.368872212012037 -0.286860532549403 0.0455923590200323 0.0654165244647769
-0.165626470300011 -0.503378469090901 0.10438860492879 0.136210317095224
-0.139892460671992 -0.360699902508795 0.0876691996337498 0.461481808968656
-0.310524228700877 -0.167860490521972 0.217256646130247 0.116921680474608
-0.299758964791205 0.0793543797524925 0.0360006349456483 -0.029061792568726
-0.095006400567051 0.25276258434447 -0.06882866043436 0.0836364062999529
0.103555048521473 0.254711914690811 0.0970549978558988 0.202720077053256
0.222318450161383 0.136450518411151 0.24924911681958 0.078872906866253
0.248454728704802 0.0321797323428455 0.268580468184545 -0.032013982257227
0.240720987441238 0.03285672923013 0.246401238848 -0.0579915919753021
0.218551231889692 0.0635438362018416 0.225402125264624 -0.0477613861387789
0.202819567543445 0.14272233642862 0.180242057104778 0.0066395158251303
0.0736841701005607 0.226075384970392 0.117353519922686 0.0817543737102348
-0.121639707183525 0.173288209861547 0.032746167109868 0.0639459295728969
-0.235655791722621 -0.00200876244381136 0.0371224833524833 0.0313623240031774
-0.203545254764224 -0.190171495650635 0.0890339200872959 0.0979209281455272
-0.102367332847581 -0.332396499307044 0.136227464279692 0.252429677005507
-0.0896095701986665 -0.184879803398745 0.122525433167171 0.577824097116395
-0.166233563932252 -0.0728242663504763 0.28572247756452 0.18401536245852
-0.136805942271977 0.0373426577096521 0.0717301121089946 -0.0236941591596373
-0.0547412803658861 0.11196244943918 -0.0782432255547808 0.0877391398238562
0.0281561354666993 0.133159219304958 0.09877546879736 0.250264973206479
0.0992202988421647 0.089102132309411 0.308078277659141 0.12475503020733
0.136765951666722 0.0408826207614874 0.348441614337226 -0.0102908876826373
0.136054902466835 0.0517679601625091 0.31912404631995 -0.0416567842675925
0.111719308122569 0.0662883222419796 0.280954082827806 -0.019940806549201
0.0721787292682638 0.102116867886927 0.198784202732729 0.0417634980418568
-0.0111999591722699 0.115723085897635 0.0961707515580958 0.0986050635408411
-0.0897109038823346 0.0340931342388259 0.00590103020992864 0.0522186488485707
-0.0699704932119123 -0.0584521748255723 0.0532545737936744 0.00618552931987395
-0.0435382443317278 -0.0804595367016767 0.108130111341623 0.102583831285788
-0.034191791577612 -0.13203185733948 0.150392782337873 0.304073130656319
-0.0030987398522027 -0.0437843030170792 -0.187467387131108 -0.351432400856417
-0.057984054340565 -0.0258804326990081 -0.20480801559785 -0.0906828100970788
-0.0575969776915915 0.0617227241141552 -0.0904639966834607 0.0199395842153427
0.0364229361646247 0.0631838644009279 0.0290346003599538 0.00234972802132069
0.0698304420959052 0.00261092005067276 -0.0263779049396342 -0.117987352761008
0.0448258963843547 -0.0398475329587404 -0.186473149129265 -0.0860845702034368
-0.00380912117752332 -0.0492103150954715 -0.296805781257983 -0.0194408151316923
-0.0121494390675407 -0.0570714961787502 -0.354277945925343 0.00263200791218909
0.00902270170121386 -0.0489405268566188 -0.370105491606927 -0.0292459879270533
0.0464813041834041 -0.0339500751179604 -0.312396546215144 -0.141221090193299
0.0454527618171012 0.000726681810452817 -0.133328505624692 -0.242721803379331
0.00623966170589229 0.0457953513983163 0.0533005745216361 -0.129057901798337
-0.0503106907020224 0.0167962862772568 -0.0646220820636809 -0.0266463183206165
-0.0187397663592612 -0.0486635082552202 -0.177040357496133 -0.228898861356091
0.0203993642296277 -0.0355103079253773 -0.0674806255790372 -0.613091287518651
-0.0409739915802867 -0.20418633007335 -0.173696149817855 -0.311342928747579
-0.142334608555314 -0.10903508352347 -0.196287635375097 -0.0977393000927585
-0.153186255020612 0.0562539979780731 -0.0945077751416228 0.0260714930631317
-0.00796539012840437 0.133567498995012 0.0347598710530224 0.0176398933902827
0.105976342967378 0.097312126041063 -0.00147699446855112 -0.107692616133232
0.141069245082914 0.0168950706091686 -0.16237075591945 -0.0993417674062629
0.1118027863381 -0.0383814637154841 -0.271830617638012 -0.042036005968223
0.11919713078685 -0.056254184258734 -0.326496130697603 -0.0215520116646508
0.146559984466753 -0.0320077944716647 -0.335792730955978 -0.0563214449238098
0.193348620940997 0.0436453873876298 -0.272729950415404 -0.149756640931098
0.115654112893646 0.159705779780506 -0.0978001532246587 -0.221387268801174
-0.0671497048609406 0.205424398637312 0.0590218728630963 -0.10271247161621
-0.256593089528503 0.0558743542110372 -0.0857069703349092 -0.00812210341419654
-0.205107937233145 -0.195310185968034 -0.178815395964468 -0.212524397083565
-0.0607697571730885 -0.281877342797373 -0.0544180618681539 -0.557455110182156
-0.0804080317615033 -0.34719285600682 -0.149902060213922 -0.222122854806912
-0.228682211360034 -0.183888330357016 -0.172602743100081 -0.0907366005662387
-0.251067438795994 0.0534372139472229 -0.0915391657935145 0.0247749198106343
-0.0548082607379014 0.206666026050596 0.0268207704845743 0.0261850089711371
0.13673944394138 0.19232231310118 0.0161614237366782 -0.0817757358378079
0.226919911116587 0.0749395644349506 -0.117749843300663 -0.094617209716961
0.216686346428398 -0.0224807905669244 -0.206460955898119 -0.0572261152891969
0.232551418848164 -0.0465414147031446 -0.247858716331303 -0.0434094277603375
0.260638682975554 -0.0096298790815499 -0.250040580589734 -0.073324145944049
0.313730310769484 0.114523479360082 -0.194249246319879 -0.137352657590331
0.174443006704436 0.298736200289437 -0.0504103082192794 -0.171719983709045
-0.131097509822103 0.343412937590701 0.0597295389723813 -0.0680375602929827
-0.435752021616638 0.0930945788041326 -0.0888343405173206 0.0137070939313638
-0.36724759915374 -0.314498453478796 -0.155165375824462 -0.162191048706704
-0.133309780262927 -0.484918722494301 -0.0272868321380045 -0.425487976490719
-0.118329914247612 -0.454281911013072 -0.10946418055677 -0.0836104626819079
-0.320641515471209 -0.240726382181244 -0.11549168786442 -0.0645718749306376
-0.349849644448727 0.0676712602862623 -0.0749262654852879 0.012013259601263
-0.0956580595416648 0.286878623238358 0.0057911924024979 0.0313484038269946
0.164084982008965 0.279299789172965 0.0312927473423823 -0.0330628831082611
0.294024580012329 0.126679796002786 -0.0473207088330004 -0.0704580067998152
0.294687411089831 -0.00434033902650127 -0.105465761843893 -0.0620886966000004
0.308820956013624 -0.0287416171784891 -0.132310703739055 -0.0599699369250915
0.330016584022675 0.0162239883280323 -0.127166719179057 -0.0806836281158666
0.385169243218375 0.164058923641679 -0.087166452873499 -0.107506962936815
0.210581111599 0.384594623533102 0.00842063409264573 -0.0999563951852699
-0.168563515851201 0.430475984363883 0.0590723770043183 -0.0237586312712823
-0.541789473179647 0.119625538750733 -0.0699996652109622 0.0356523292149916
-0.468975238962018 -0.374947880397975 -0.0981079411332791 -0.0839786118511434
-0.179398100476249 -0.602579263577881 0.0141825574522308 -0.236249815539541
-0.145887709225543 -0.506566589410517 -0.0515160964268995 0.0966343028548814
-0.387512485924293 -0.263668345342892 -0.0170228702576581 -0.0154633122957315
-0.419000301484406 0.0917067097609187 -0.0432670875419694 -0.00823106195886038
-0.119849919104945 0.347427664408278 -0.0229741656680243 0.0427987584187443
0.17725213167101 0.33504990386908 0.0523575374769885 0.0410797878183096
0.326354719116887 0.160076771868015 0.0483073559633888 -0.0269163214314097
0.331828366884498 0.0121171699199183 0.020525630826617 -0.0574237914961584
0.337330050388595 -0.00729891065427325 0.0033559822416518 -0.0664585863957244
0.343609098159446 0.0398474356893129 0.00909243655930184 -0.0778527177729918
0.386659086819278 0.185120216803356 0.0277017640178053 -0.0687030871299996
0.207606958579748 0.397018338442302 0.0677188824093993 -0.0216676518436728
-0.171372976200948 0.424259426192545 0.0576635030597394 0.0233566674018649
-0.534724015206285 0.115752620339811 -0.0332393137720224 0.0502545505551511
-0.471163699899241 -0.369080474478924 -0.0221615651475562 0.00220694465627006
-0.185997811821498 -0.609646256684888 0.0612393185242507 -0.0325901285781957
-0.15275986926669 -0.480145577544152 0.015214973874948 0.291925140282696
-0.390145790982802 -0.244692752817529 0.104806121517681 0.0504582999683236
-0.409570903882347 0.0954341630357206 -0.00282866263725695 -0.0246982151593208
-0.123620185183648 0.340018224159548 -0.0505314044273551 0.0634747539493532
0.157008929504222 0.332265571075905 0.0785104443894017 0.128703411581601
0.302930917877304 0.165964539663723 0.154714271823988 0.0281463198044631
0.317751273644176 0.026758361643704 0.153997449678348 -0.0448547677563907
0.314717161116627 0.0172454587136484 0.137619845648382 -0.0644043821578297
0.304146707963002 0.0593340811749123 0.134376006120134 -0.0653740049443824
0.317076024266165 0.175999827050463 0.122756373182747 -0.0282755617203084
0.153783691571599 0.333650214305306 0.1088135596901 0.0433105048776979
-0.155931667333312 0.321727014058213 0.049522851471883 0.0564646079509866
-0.415016711859325 0.0629459257541358 0.00600300582838166 0.0508422078223207
-0.36593630769749 -0.30136689364566 0.047362638642041 0.0690287839233143
-0.154306154029635 -0.509207019292742 0.103494460603937 0.142260081662546
-0.128936545887125 -0.369391164196119 0.0724147655363364 0.466918402837473
-0.307218033821776 -0.18013081770522 0.212491726924725 0.125023176692248
-0.307361503604337 0.0692464430692353 0.0383766110763765 -0.0286383619877423
-0.102998548838816 0.252113206002421 -0.0707941473051474 0.0827407951695094
0.099843750164035 0.259092839546016 0.0961255632800985 0.207487799672037
0.221081348109241 0.142633587633057 0.248927191604812 0.0844400081735163
0.249490666307109 0.0375949091881261 0.271867141830893 -0.0260059611626119
0.244928705956725 0.0390592652230546 0.251226492001426 -0.0529719412912391
0.220418285992939 0.0705500520984961 0.228723826968454 -0.0423679933939908
0.200706898140144 0.147330744367529 0.180469358903754 0.0115290217549142
0.0703653447626781 0.228325397387991 0.116117208117521 0.0831540183343817
-0.12632149094011 0.170905844175297 0.0303028037769262 0.0654289717921101
-0.238673067695199 -0.00747854768215895 0.0348285165461588 0.0343379044265165
-0.200932053068218 -0.198029500037567 0.0904114641051106 0.103312076270105
-0.0940077985010403 -0.337759665245084 0.131297449483123 0.259084222063543
-0.0833836584822565 -0.191021599642179 0.103809230529823 0.586142777711477
-0.164752526398586 -0.0795236190675721 0.281327271116835 0.193705210360027
-0.140871641878835 0.0319966772938412 0.0740497345801929 -0.0222743599183079
-0.0590806274419631 0.111259248502518 -0.0809329256165127 0.0871672139978877
0.0260295100497772 0.134431960938793 0.0960606476028197 0.255964807919291
0.0977512919342579 0.0918259276342386 0.30699910590876 0.131001527840974
0.137051264522822 0.0438113890958801 0.352770972433316 -0.00254553191728517
0.138239177717952 0.0555239991408653 0.325550565690594 -0.0351434005695384
0.111730666087658 0.0708037254971713 0.283791908746819 -0.0129404418314923
0.0700930402757831 0.104664047053181 0.19862657657997 0.0469244751954412
-0.0127725683079818 0.115096507000786 0.0945306924046436 0.100748288157032
-0.0908950328111898 0.0319399781633617 0.00477542863603843 0.0528298277472512
-0.0697066213827706 -0.0595896329364957 0.0510636457335639 0.00842823273345304
-0.0423584372463862 -0.0829851305070303 0.108204112993294 0.10754252457905
-0.0306505135966395 -0.134144188674738 0.142766396008947 0.308619663108918
