TRXV5
3
4
4
9
string Extension=J
integer IsArchMeasurement=1
integer IsSpherical=1
string Generator=SPM
string GeneratorVersion=1.3.1 Dev
double ArchRadius=0.449999988079071
integer FrequencyAxisIndex=0
integer AzimuthAxisIndex=1
integer ElevationAxisIndex=2
Frequency
5 136 690000000 960000000 LIN
Azimuth
7 8 0 2.74889357189107 LIN
Elevation
7 15 -2.74889357189107 2.74889357189107 LIN
Polar H Real Part
13
Polar H Imaginary Part
14
Polar V Real Part
13
Polar V Imaginary Part
14
Polar H Magnitude (dB)
12 0xC0000002 0 1
Polar H Phase
7 0xC0000003 0 1
Polar V Magnitude (dB)
12 0xC0000002 2 3
Polar V Phase
7 0xC0000003 2 3
-0.0139007568359375 0.0302066802978516 0.0521316528320313 -0.007904052734375
0.01910400390625 0.0248222351074219 0.0235729217529297 0.00980186462402344
0.0217761993408203 -0.0022430419921875 0.0239067077636719 0.0223541259765625
0.0122909545898438 -0.0125179290771484 0.0477371215820313 0.0159072875976563
0.00380420684814453 -0.0157365798950195 0.0550689697265625 -0.00807952880859375
-0.00725746154785156 -0.0185203552246094 0.0467376708984375 -0.0322036743164062
-0.00821685791015625 -0.0160083770751953 0.034912109375 -0.0366477966308594
-0.00514316558837891 -0.0144681930541992 0.0245018005371094 -0.0269641876220703
-0.000692367553710938 -0.0207958221435547 0.0151290893554688 -0.0132179260253906
0.0126256942749023 -0.0148248672485352 0.00317525863647461 -0.00655221939086914
0.0214900970458984 -0.00120353698730469 -0.0128974914550781 -0.0169172286987305
0.0165166854858398 0.0122900009155273 -0.00754928588867187 -0.0375862121582031
0.00027275085449219 0.0223503112792969 0.0285415649414063 -0.0580520629882813
-0.0145359039306641 0.0258827209472656 0.0496253967285156 -0.0533409118652344
-0.0291709899902344 0.0194625854492188 0.0348396301269531 -0.0350131988525391
-0.0312881469726562 0.0388374328613281 0.0456390380859375 0.00523757934570313
0.0053863525390625 0.0408782958984375 0.0188827514648438 0.0212936401367188
0.0201416015625 0.0153255462646484 0.0239181518554688 0.0321884155273438
0.0206317901611328 0.00131416320800781 0.0491943359375 0.024871826171875
0.0169305801391602 -0.00934028625488281 0.0570869445800781 9.91821289062494E-05
0.0103702545166016 -0.0206069946289063 0.0512771606445312 -0.0257797241210937
0.00647354125976562 -0.0219936370849609 0.037750244140625 -0.0298576354980469
0.00786590576171875 -0.0190849304199219 0.0248165130615234 -0.0202960968017578
0.0137901306152344 -0.0243606567382813 0.012333869934082 -0.00612449645996094
0.0270519256591797 -0.013336181640625 -0.00122177600860596 0.000605463981628417
0.0313243865966797 0.00633811950683594 -0.0203475952148437 -0.0111141204833984
0.0235347747802734 0.0238475799560547 -0.0176410675048828 -0.0333347320556641
-0.00272369384765625 0.0368690490722656 0.0146217346191406 -0.0585670471191406
-0.0257225036621094 0.0367660522460937 0.0339279174804688 -0.0494766235351563
-0.04339599609375 0.0295295715332031 0.0199050903320313 -0.0296516418457031
-0.0474357604980469 0.0392646789550781 0.0312900543212891 0.0202751159667969
-0.0123977661132813 0.0513534545898437 0.00751876831054688 0.0370254516601562
0.0128402709960937 0.0331802368164063 0.0201568603515625 0.0454139709472656
0.0251827239990234 0.0190010070800781 0.0479774475097656 0.0361099243164063
0.028961181640625 0.00173377990722656 0.0559120178222656 0.0100212097167969
0.0278129577636719 -0.0182228088378906 0.0517807006835938 -0.0164566040039063
0.0206718444824219 -0.0248088836669922 0.0348472595214844 -0.0205802917480469
0.0188560485839844 -0.0208759307861328 0.0204410552978516 -0.0105400085449219
0.0251445770263672 -0.0251903533935547 0.00696563720703125 0.00402641296386719
0.0358047485351563 -0.0141067504882813 -0.00858592987060547 0.00932216644287109
0.0380172729492187 0.00842666625976562 -0.0287036895751953 -0.00238990783691407
0.0288486480712891 0.0284271240234375 -0.0284709930419922 -0.0262622833251953
0.000339508056640629 0.0443954467773438 -0.0010223388671875 -0.0541877746582031
-0.0283203125 0.0456962585449219 0.0157394409179688 -0.0410346984863281
-0.0505638122558594 0.03643798828125 1.52587890624983E-05 -0.0208110809326172
-0.056793212890625 0.0352897644042969 0.00994110107421875 0.03363037109375
-0.0296096801757812 0.0543594360351563 -0.0100555419921875 0.0516548156738281
0.00115966796875 0.0462150573730469 0.0122261047363281 0.0579109191894531
0.0242919921875 0.0360450744628906 0.041290283203125 0.0448036193847656
0.0361518859863281 0.0145187377929688 0.0485992431640625 0.0182647705078125
0.0403175354003906 -0.0118179321289063 0.0456886291503906 -0.00591659545898438
0.03216552734375 -0.0230998992919922 0.0275707244873047 -0.00905227661132813
0.0266609191894531 -0.0195426940917969 0.0128355026245117 0.000310897827148436
0.0314273834228516 -0.0228328704833984 -2.09808349609342E-05 0.0148305892944336
0.0396804809570312 -0.0129928588867187 -0.0156059265136719 0.0182838439941406
0.0395660400390625 0.00812911987304688 -0.0350112915039063 0.00736999511718751
0.0317897796630859 0.0281143188476563 -0.03631591796875 -0.0174980163574219
0.00425338745117187 0.0453758239746094 -0.0137176513671875 -0.0451316833496094
-0.0253791809082031 0.0477714538574219 0.000461578369140624 -0.0267372131347656
-0.0509185791015625 0.0380134582519531 -0.0178337097167969 -0.0084075927734375
-0.0560874938964844 0.0254783630371094 -0.013671875 0.041748046875
-0.0394020080566406 0.04620361328125 -0.0303916931152344 0.0617027282714844
-0.0108566284179688 0.0484199523925781 -0.000534057617187501 0.066619873046875
0.0162010192871094 0.044586181640625 0.0303382873535156 0.050811767578125
0.0347690582275391 0.0240764617919922 0.0375213623046875 0.0229415893554688
0.0446052551269531 -0.00226974487304688 0.0337715148925781 0.0023040771484375
0.0372848510742188 -0.0173110961914063 0.015843391418457 0.00217247009277344
0.0301704406738281 -0.0155181884765625 0.00247001647949219 0.0112695693969727
0.0339679718017578 -0.0183677673339844 -0.00834655761718749 0.0247840881347656
0.0397453308105469 -0.00947952270507813 -0.0227775573730469 0.027130126953125
0.0371932983398438 0.00905227661132813 -0.0399246215820313 0.0160026550292969
0.0284271240234375 0.0266609191894531 -0.0398063659667969 -0.00841522216796875
0.00348663330078125 0.0409011840820313 -0.0197010040283203 -0.0329570770263672
-0.0234146118164062 0.0415382385253906 -0.00998783111572266 -0.0102653503417969
-0.0478324890136719 0.0314979553222656 -0.034942626953125 0.00460624694824219
-0.0423622131347656 0.0129280090332031 -0.0328292846679688 0.0465240478515625
-0.0359764099121094 0.0295295715332031 -0.0478858947753906 0.06378173828125
-0.0164718627929687 0.0378379821777344 -0.0122833251953125 0.0683670043945313
0.00576019287109375 0.0401344299316406 0.0171012878417969 0.0506057739257813
0.0250015258789062 0.0256805419921875 0.0233001708984375 0.0234508514404297
0.0393333435058594 0.00574111938476563 0.0190067291259766 0.00848197937011719
0.0352783203125 -0.009246826171875 0.00245380401611328 0.0111627578735352
0.0288295745849609 -0.00934219360351563 -0.00766944885253906 0.0204010009765625
0.0323028564453125 -0.0112514495849609 -0.0167751312255859 0.0322074890136719
0.0352058410644531 -0.00346755981445313 -0.0290622711181641 0.0330181121826172
0.0307216644287109 0.0121440887451172 -0.0423202514648438 0.0207786560058594
0.0208644866943359 0.0263042449951172 -0.040618896484375 -0.00297927856445313
-0.00234031677246094 0.0338344573974609 -0.0217266082763672 -0.0238246917724609
-0.0234317779541016 0.0287723541259766 -0.0156164169311523 0.00209999084472656
-0.0417366027832031 0.0178337097167969 -0.0475654602050781 0.01434326171875
-0.0212116241455078 -0.000787734985351561 -0.0432472229003906 0.0462379455566406
-0.02215576171875 0.0102672576904297 -0.0576629638671875 0.0611381530761719
-0.0145740509033203 0.018585205078125 -0.0213088989257812 0.0647239685058594
-0.00353813171386719 0.025054931640625 0.00779724121093749 0.0458297729492187
0.0107002258300781 0.0198898315429688 0.0136604309082031 0.0207672119140625
0.0250701904296875 0.0111064910888672 0.00577735900878906 0.0102767944335937
0.0264835357666016 0.00112533569335938 -0.00842666625976563 0.0163106918334961
0.0223827362060547 -0.00142288208007813 -0.0171184539794922 0.0265178680419922
0.0258731842041016 -0.00313186645507812 -0.0247802734375 0.0365486145019531
0.0277957916259766 0.00404167175292969 -0.0364227294921875 0.0346031188964844
0.0227088928222656 0.0157489776611328 -0.0453720092773438 0.0207061767578125
0.0109615325927734 0.0257358551025391 -0.0404129028320313 -0.00276947021484376
-0.0116252899169922 0.0252151489257813 -0.0231361389160156 -0.0174388885498047
-0.0244483947753906 0.0122127532958984 -0.0209426879882813 0.008026123046875
-0.0327033996582031 -0.000883102416992186 -0.05718994140625 0.0165786743164062
0.00253105163574219 -0.0123872756958008 -0.0445556640625 0.0438995361328125
-0.00210142135620117 -0.00787162780761719 -0.055938720703125 0.0563125610351563
-0.00639963150024414 -0.00262451171875 -0.0225601196289062 0.0606269836425781
-0.00897502899169922 0.00360965728759766 0.00436782836914062 0.0404853820800781
-0.00492095947265625 0.00868320465087891 0.00914287567138672 0.0164594650268555
0.00564956665039063 0.0127506256103516 -0.00257062911987305 0.00855731964111328
0.012700080871582 0.010380744934082 -0.0166778564453125 0.0169315338134766
0.0127468109130859 0.00691032409667969 -0.0248355865478516 0.0295600891113281
0.0157985687255859 0.00574302673339844 -0.0320968627929688 0.0378875732421875
0.0167121887207031 0.0113067626953125 -0.04339599609375 0.0337905883789063
0.01171875 0.017268180847168 -0.0500068664550781 0.0182113647460938
0.000249862670898436 0.0223598480224609 -0.0422515869140625 -0.00546646118164062
-0.01953125 0.0143623352050781 -0.0245590209960937 -0.0180168151855469
-0.0226039886474609 -0.00502777099609375 -0.0249080657958984 0.00621986389160156
-0.0205059051513672 -0.0193004608154297 -0.0629043579101563 0.013458251953125
-0.00901222229003906 0.0347785949707031 0.058349609375 -0.00995635986328125
0.0260791778564453 0.02471923828125 0.0279216766357422 0.0071258544921875
0.0245647430419922 -0.00605010986328125 0.0270252227783203 0.0209903717041016
0.0117988586425781 -0.0166015625 0.0504875183105469 0.0134506225585937
0.000892639160156252 -0.0179977416992187 0.0568428039550781 -0.0117340087890625
-0.0114021301269531 -0.0193614959716797 0.0474090576171875 -0.0367584228515625
-0.0117568969726563 -0.0151491165161133 0.035552978515625 -0.0409278869628906
-0.00858306884765625 -0.0153274536132813 0.0255947113037109 -0.0297908782958984
-0.00488662719726563 -0.0229206085205078 0.0174312591552734 -0.0147314071655273
0.0105361938476563 -0.0193634033203125 0.00539636611938477 -0.00570869445800781
0.0234870910644531 -0.00528144836425781 -0.0140180587768555 -0.014317512512207
0.0212688446044922 0.0107784271240234 -0.0109100341796875 -0.0373992919921875
0.00439643859863281 0.0263957977294922 0.0238227844238281 -0.0634040832519531
-0.0119094848632813 0.0318279266357422 0.0490570068359375 -0.0603370666503906
-0.0289955139160156 0.0273704528808594 0.0369949340820313 -0.0386848449707031
-0.0294723510742188 0.0439834594726563 0.0531158447265625 0.0048065185546875
0.0109024047851562 0.04248046875 0.0244426727294922 0.0210456848144531
0.023040771484375 0.0127887725830078 0.0281639099121094 0.0319976806640625
0.021697998046875 -0.00139999389648438 0.0527381896972656 0.02264404296875
0.0157289505004883 -0.011998176574707 0.0609359741210938 -0.0030059814453125
0.00700569152832031 -0.0230121612548828 0.0537948608398438 -0.0302848815917969
0.00329208374023437 -0.0235633850097656 0.0400123596191406 -0.0346336364746094
0.00544548034667969 -0.0212879180908203 0.027679443359375 -0.0239582061767578
0.0106964111328125 -0.0271797180175781 0.016270637512207 -0.00676155090332032
0.0267810821533203 -0.0181865692138672 0.00226545333862305 0.00265288352966308
0.0343761444091797 0.00309562683105469 -0.0207290649414062 -0.00670623779296875
0.028411865234375 0.0232772827148438 -0.0208492279052734 -0.031036376953125
0.00116348266601562 0.0405960083007813 0.00947952270507813 -0.0620193481445313
-0.0246353149414062 0.0445404052734375 0.0332870483398438 -0.0553779602050781
-0.0452423095703125 0.03790283203125 0.0219364166259766 -0.0316238403320313
-0.0478935241699219 0.0462722778320312 0.0383758544921875 0.0226707458496094
-0.00940704345703125 0.0549201965332031 0.0150146484375 0.0394401550292969
0.0151710510253906 0.0337963104248047 0.0258865356445313 0.0450973510742187
0.0269603729248047 0.0180473327636719 0.0532379150390625 0.0340499877929688
0.0296669006347656 -0.000762939453125 0.0604476928710938 0.00686264038085938
0.0266647338867188 -0.0210628509521484 0.0558967590332031 -0.0216903686523438
0.0194873809814453 -0.0279579162597656 0.0384597778320313 -0.0244331359863281
0.0183944702148438 -0.0225334167480469 0.0237636566162109 -0.0132312774658203
0.0236396789550781 -0.0283374786376953 0.0114469528198242 0.00377464294433594
0.0373649597167969 -0.0181808471679688 -0.00398063659667968 0.0117654800415039
0.0413970947265625 0.00546646118164063 -0.0282573699951172 0.00215721130371094
0.0340995788574219 0.0288066864013672 -0.0317268371582031 -0.0223102569580078
0.00373458862304688 0.04864501953125 -0.00656890869140625 -0.0558509826660156
-0.0284843444824219 0.0527877807617187 0.0143661499023437 -0.0437583923339844
-0.0534133911132813 0.044342041015625 0.00131416320800781 -0.0201778411865234
-0.0591468811035156 0.0407562255859375 0.0162429809570312 0.0382232666015625
-0.02935791015625 0.0581474304199219 -0.00349807739257813 0.0565147399902344
0.00251007080078125 0.048370361328125 0.0187950134277344 0.0596122741699219
0.026763916015625 0.0375480651855469 0.0471839904785156 0.0456390380859375
0.0387153625488281 0.012847900390625 0.0533180236816406 0.0162429809570313
0.0421905517578125 -0.0144538879394531 0.0497856140136719 -0.0100669860839844
0.0324745178222656 -0.0271968841552734 0.0302886962890625 -0.0112400054931641
0.02789306640625 -0.0223522186279297 0.0170478820800781 -0.00139522552490235
0.0324859619140625 -0.0264854431152344 0.00530242919921875 0.0146579742431641
0.0418930053710938 -0.0159645080566406 -0.0111198425292969 0.0219631195068359
0.0433425903320313 0.00658798217773438 -0.0339279174804687 0.0130329132080078
0.0360908508300781 0.0288238525390625 -0.038482666015625 -0.01220703125
0.00681304931640625 0.0496559143066406 -0.0181732177734375 -0.0442276000976563
-0.0267753601074219 0.0539779663085938 -0.000894546508789064 -0.0275707244873047
-0.05462646484375 0.0442237854003906 -0.0172271728515625 -0.00480937957763671
-0.0604476928710937 0.0286445617675781 -0.008880615234375 0.0490303039550781
-0.0416908264160156 0.0497512817382812 -0.0260124206542969 0.0687294006347656
-0.0109939575195312 0.052154541015625 0.0061187744140625 0.0694084167480469
0.0196075439453125 0.0482940673828125 0.0360946655273438 0.0514755249023438
0.0382881164550781 0.0248603820800781 0.0416755676269531 0.0214805603027344
0.0481758117675781 -0.00428009033203125 0.037994384765625 0.000263214111328125
0.0398406982421875 -0.0216255187988281 0.0186061859130859 0.000499725341796874
0.0330142974853516 -0.0176620483398438 0.00625133514404297 0.0113868713378906
0.03704833984375 -0.0213050842285156 -0.00396156311035156 0.0259761810302734
0.0433769226074219 -0.0122718811035156 -0.0183238983154297 0.0304183959960938
0.0412559509277344 0.00895309448242188 -0.0379753112792969 0.0208740234375
0.0323619842529297 0.0284461975097656 -0.0410270690917969 -0.00286102294921875
0.00458908081054687 0.0445976257324219 -0.0231914520263672 -0.0314254760742188
-0.0257759094238281 0.0468559265136719 -0.0102643966674805 -0.00842857360839844
-0.0526695251464844 0.0363731384277344 -0.035308837890625 0.00960540771484375
-0.0472946166992188 0.0136642456054688 -0.0306625366210938 0.054962158203125
-0.0408897399902344 0.031036376953125 -0.0450286865234375 0.0734710693359375
-0.0195655822753906 0.0411758422851563 -0.00675964355468749 0.072967529296875
0.00682449340820312 0.0446395874023438 0.0221633911132812 0.0515556335449219
0.0288467407226563 0.0290813446044922 0.0267581939697266 0.0220947265625
0.0435333251953125 0.00526046752929688 0.0221023559570313 0.00654220581054688
0.0392913818359375 -0.0119285583496094 0.0045623779296875 0.0109548568725586
0.0324420928955078 -0.0109500885009766 -0.00508308410644531 0.0220890045166016
0.0356521606445313 -0.0136070251464844 -0.0121040344238281 0.0347843170166016
0.0403175354003906 -0.00470733642578125 -0.0252914428710938 0.0365180969238281
0.0355644226074219 0.0130691528320312 -0.0409164428710938 0.0253524780273437
0.0239295959472656 0.0283870697021484 -0.0419349670410156 0.000572204589843743
-0.0027313232421875 0.0383720397949219 -0.0241413116455078 -0.0211238861083984
-0.0277214050292969 0.0324306488037109 -0.0159406661987305 0.00489521026611328
-0.0469436645507813 0.0204925537109375 -0.0495986938476563 0.0201492309570312
-0.0255527496337891 -0.00419807434082031 -0.04412841796875 0.0543251037597656
-0.0274238586425781 0.00943565368652344 -0.0557632446289063 0.0706405639648437
-0.0181465148925781 0.0204048156738281 -0.0161666870117188 0.0702743530273437
-0.00487518310546875 0.0290603637695313 0.0113868713378906 0.0473670959472656
0.0123481750488281 0.0246620178222656 0.0154762268066406 0.0200672149658203
0.0294971466064453 0.0124225616455078 0.00743865966796875 0.00970268249511719
0.0317173004150391 -0.000249862670898438 -0.00853157043457031 0.0170173645019531
0.0271625518798828 -0.00262451171875 -0.0155754089355469 0.0292396545410156
0.0310039520263672 -0.0042724609375 -0.0219802856445313 0.0404319763183594
0.0334377288818359 0.00393295288085937 -0.0344276428222656 0.0386772155761719
0.0269050598144531 0.0178279876708984 -0.0445709228515625 0.0249786376953125
0.0137042999267578 0.0296459197998047 -0.0420188903808594 0.00107192993164063
-0.0128726959228516 0.0299148559570313 -0.024627685546875 -0.0156402587890625
-0.0302886962890625 0.0150794982910156 -0.0220851898193359 0.0113449096679688
-0.0393600463867187 -0.00024795532226562 -0.0604515075683594 0.0224685668945313
0.00054740905761719 -0.0188198089599609 -0.0455970764160156 0.049835205078125
-0.00596332550048828 -0.0125322341918945 -0.0563583374023437 0.0654525756835938
-0.0109062194824219 -0.00408077239990234 -0.0177345275878906 0.0660285949707031
-0.0127439498901367 0.00650119781494141 0.00795745849609375 0.0415916442871094
-0.00455188751220703 0.0133762359619141 0.0104265213012695 0.014409065246582
0.00859642028808594 0.0163021087646484 -0.00291347503662109 0.00862216949462891
0.0182838439941406 0.0110912322998047 -0.0177745819091797 0.0194568634033203
0.0170326232910156 0.00708389282226562 -0.0244808197021484 0.0331916809082031
0.0211887359619141 0.00570106506347656 -0.03070068359375 0.0422248840332031
0.0221424102783203 0.0115642547607422 -0.0420799255371094 0.0375938415527344
0.0153141021728516 0.0194873809814453 -0.0501937866210938 0.0217247009277344
0.00169563293457031 0.027374267578125 -0.0437965393066406 -0.00169372558593749
-0.021881103515625 0.0188255310058594 -0.0261440277099609 -0.0159912109375
-0.0290889739990234 -0.00381278991699219 -0.0273418426513672 0.00946044921875
-0.0269966125488281 -0.0213584899902344 -0.0678062438964844 0.0175437927246094
-0.00294113159179687 0.0374069213867187 0.0630149841308594 -0.0150871276855469
0.0308551788330078 0.0218505859375 0.0314712524414063 0.00328636169433594
0.0250072479248047 -0.0106639862060547 0.0285243988037109 0.0181694030761719
0.00944900512695313 -0.0198478698730469 0.0514450073242188 0.0102806091308594
-0.00317192077636719 -0.0198421478271484 0.057403564453125 -0.0157470703125
-0.0162277221679687 -0.0184135437011719 0.046722412109375 -0.0402030944824219
-0.0158109664916992 -0.0141668319702148 0.0345993041992188 -0.0450782775878906
-0.012120246887207 -0.0136089324951172 0.0257740020751953 -0.0339508056640625
-0.0100612640380859 -0.0219345092773438 0.0197982788085937 -0.0176792144775391
0.00689697265625 -0.0222187042236328 0.00885295867919922 -0.00594234466552735
0.0228996276855469 -0.0102176666259766 -0.0130176544189453 -0.0113592147827148
0.0239963531494141 0.00687217712402344 -0.0132369995117188 -0.0343570709228516
0.0104789733886719 0.0272026062011719 0.0183486938476562 -0.0662193298339844
-0.007598876953125 0.0371170043945313 0.046905517578125 -0.0661659240722656
-0.0258979797363281 0.0340309143066406 0.0387458801269531 -0.0428466796875
-0.0247535705566406 0.0475921630859375 0.05889892578125 0.00224685668945313
0.015777587890625 0.0416679382324219 0.0301742553710938 0.0179252624511719
0.0244255065917969 0.0096435546875 0.0308761596679688 0.0282878875732422
0.0207118988037109 -0.00468063354492188 0.0550003051757813 0.0198898315429688
0.0128488540649414 -0.0138063430786133 0.0624504089355469 -0.0071868896484375
0.00356674194335937 -0.0233573913574219 0.0536842346191406 -0.0351333618164063
0.000869750976562499 -0.0238113403320312 0.0399169921875 -0.0393791198730469
0.00276374816894531 -0.0211124420166016 0.0284843444824219 -0.0276470184326172
0.00717735290527344 -0.0282783508300781 0.0203971862792969 -0.00879859924316406
0.0241317749023437 -0.0224838256835937 0.00606966018676758 0.00220870971679687
0.0357513427734375 -0.00202560424804688 -0.0188312530517578 -0.003173828125
0.0322761535644531 0.0203495025634766 -0.0230064392089844 -0.0269641876220703
0.00574493408203125 0.0432777404785156 0.00346755981445312 -0.0624847412109375
-0.0211257934570312 0.0512046813964844 0.0308380126953125 -0.0590553283691406
-0.0432281494140625 0.0455284118652344 0.0228958129882812 -0.0324249267578125
-0.0457115173339844 0.0510215759277344 0.0460090637207031 0.0215721130371094
-0.00587844848632812 0.0573692321777344 0.0213661193847656 0.0378532409667969
0.0172977447509766 0.0321865081787109 0.0299758911132812 0.0430679321289062
0.0282840728759766 0.0160751342773438 0.0564308166503906 0.0315322875976563
0.0296211242675781 -0.00202751159667969 0.06304931640625 0.0023651123046875
0.0242710113525391 -0.022918701171875 0.0561370849609375 -0.0263786315917969
0.0179710388183594 -0.0296077728271484 0.0399360656738281 -0.029266357421875
0.0171852111816406 -0.0247783660888672 0.0258731842041016 -0.0174331665039063
0.0218868255615234 -0.0308914184570313 0.0162677764892578 0.00109577178955078
0.036712646484375 -0.0218505859375 0.00174522399902344 0.0125970840454102
0.0437965393066406 0.00250625610351562 -0.0254344940185547 0.00670433044433594
0.0384330749511719 0.0269622802734375 -0.0326023101806641 -0.0173168182373047
0.00753021240234375 0.0512771606445313 -0.0111618041992187 -0.0545539855957031
-0.0260009765625 0.0594367980957031 0.012847900390625 -0.0455894470214844
-0.0529556274414063 0.0521736145019531 0.00378608703613281 -0.0184726715087891
-0.0594139099121094 0.0456657409667969 0.0241470336914062 0.0403480529785156
-0.0275344848632812 0.0610733032226562 0.00470733642578125 0.0582084655761719
0.00416564941406251 0.0503501892089844 0.0239410400390625 0.0581092834472656
0.0295944213867187 0.0372848510742188 0.0514755249023438 0.0420494079589844
0.0404243469238281 0.0121841430664062 0.0573768615722656 0.0124702453613281
0.0421485900878906 -0.0177345275878906 0.0516510009765625 -0.0148658752441406
0.0328483581542969 -0.03057861328125 0.0332679748535156 -0.0151309967041016
0.02813720703125 -0.0244541168212891 0.0196380615234375 -0.00417709350585938
0.0328578948974609 -0.0294170379638672 0.00952911376953125 0.0133333206176758
0.0433082580566406 -0.0196495056152344 -0.00542640686035156 0.0225944519042969
0.0455436706542969 0.00444793701171875 -0.0298919677734375 0.0169448852539062
0.0399322509765625 0.0284080505371094 -0.0380477905273438 -0.00652694702148438
0.00991821289062499 0.0515480041503906 -0.0213508605957031 -0.0411605834960937
-0.0255889892578125 0.0592727661132813 -0.0010528564453125 -0.0270595550537109
-0.0555534362792969 0.0514678955078125 -0.0150060653686523 -0.00211620330810547
-0.0636672973632813 0.0317230224609375 -0.00281524658203126 0.0540122985839844
-0.0428009033203125 0.0534172058105469 -0.0181503295898437 0.0724029541015625
-0.0102348327636719 0.0555419921875 0.0129852294921875 0.0698509216308594
0.0224990844726562 0.0501632690429687 0.0406570434570313 0.0493812561035156
0.041748046875 0.0245323181152344 0.0449905395507813 0.01861572265625
0.0511550903320313 -0.00713348388671875 0.0391159057617188 -0.00365829467773438
0.0417747497558594 -0.0250892639160156 0.0214214324951172 -0.000905990600585939
0.0348796844482422 -0.0206718444824219 0.00894546508789063 0.00939559936523437
0.038543701171875 -0.02532958984375 0.000692367553710942 0.0248222351074219
0.045257568359375 -0.0149002075195313 -0.0129241943359375 0.0313625335693359
0.0445480346679688 0.00786972045898438 -0.0337791442871094 0.0247669219970703
0.0362014770507813 0.02935791015625 -0.0395927429199219 0.00139236450195314
0.00690460205078125 0.0485610961914063 -0.0246925354003906 -0.0283336639404297
-0.0266838073730469 0.051513671875 -0.00953960418701172 -0.00701713562011718
-0.0550308227539063 0.0421371459960937 -0.0333099365234375 0.0141754150390625
-0.051727294921875 0.01446533203125 -0.0262413024902344 0.0615005493164063
-0.0443458557128906 0.0342750549316406 -0.0388107299804687 0.0793609619140625
-0.0203208923339844 0.0451774597167969 -0.0008697509765625 0.07366943359375
0.00897598266601562 0.0485382080078125 0.0262680053710937 0.0495567321777344
0.0321369171142578 0.02978515625 0.0290908813476563 0.0203990936279297
0.0478019714355469 0.0035247802734375 0.0225658416748047 0.00466346740722656
0.0426063537597656 -0.0158958435058594 0.00735187530517578 0.0107021331787109
0.0352439880371094 -0.0141105651855469 -0.00306129455566406 0.0222034454345703
0.0394821166992188 -0.016632080078125 -0.00821495056152344 0.0342121124267578
0.0439338684082031 -0.00699615478515625 -0.0202560424804688 0.0370979309082031
0.0394744873046875 0.0134963989257812 -0.0365409851074219 0.0286712646484375
0.0280818939208984 0.0308723449707031 -0.0394401550292969 0.00582885742187501
-0.00221633911132813 0.0421142578125 -0.0255126953125 -0.0179843902587891
-0.0307998657226563 0.0370407104492188 -0.0142736434936523 0.00827217102050782
-0.0513725280761719 0.0243797302246094 -0.0486259460449219 0.0249290466308594
-0.0304718017578125 -0.00512313842773437 -0.0412635803222656 0.0613136291503906
-0.0328502655029297 0.0100440979003906 -0.0510101318359375 0.0781936645507813
-0.0210285186767578 0.023162841796875 -0.00970458984374999 0.07220458984375
-0.00447463989257813 0.0337333679199219 0.0152435302734375 0.0462379455566406
0.0152683258056641 0.0273666381835938 0.0165214538574219 0.0184078216552734
0.0345897674560547 0.0119476318359375 0.00725936889648438 0.00905799865722656
0.0361976623535156 -0.00320053100585938 -0.00782203674316406 0.0189151763916016
0.0307407379150391 -0.00553703308105469 -0.0137081146240234 0.0307769775390625
0.0350666046142578 -0.00731277465820313 -0.0189361572265625 0.0416831970214844
0.0382919311523438 0.00165557861328125 -0.0302505493164062 0.040374755859375
0.0315589904785156 0.0180320739746094 -0.0423011779785156 0.027923583984375
0.0177211761474609 0.0318927764892578 -0.0402030944824219 0.00458145141601562
-0.0127410888671875 0.0346565246582031 -0.0251140594482422 -0.0122795104980469
-0.0349693298339844 0.0192146301269531 -0.0210857391357422 0.0146846771240234
-0.0449104309082031 0.00205230712890625 -0.0608177185058594 0.0275955200195312
-0.00396728515625 -0.0230331420898438 -0.04595947265625 0.0566368103027344
-0.0114936828613281 -0.0155258178710938 -0.0526504516601563 0.07183837890625
-0.0150995254516602 -0.00319576263427734 -0.0114097595214844 0.0674514770507813
-0.0149555206298828 0.00999736785888672 0.0107612609863281 0.0400810241699219
-0.00392913818359375 0.0176792144775391 0.0102968215942383 0.012420654296875
0.0138835906982422 0.018341064453125 -0.0041041374206543 0.00836181640625
0.0229244232177734 0.00916290283203125 -0.0190105438232422 0.0213565826416016
0.0213394165039063 0.00553131103515625 -0.0235824584960938 0.035369873046875
0.0250530242919922 0.00392723083496094 -0.028717041015625 0.0453910827636719
0.0271511077880859 0.00961494445800781 -0.0404701232910156 0.0404167175292969
0.0202960968017578 0.0205917358398438 -0.0484161376953125 0.0249404907226562
0.00638580322265625 0.0301494598388672 -0.0435142517089844 0.000976562500000003
-0.0222415924072266 0.0241184234619141 -0.0270195007324219 -0.0128936767578125
-0.0344200134277344 -0.00045013427734375 -0.0277423858642578 0.0132675170898437
-0.0334987640380859 -0.0207614898681641 -0.0698394775390625 0.0226173400878906
0.0016632080078125 0.0374717712402344 0.0653228759765625 -0.0189743041992187
0.0344772338867188 0.0172595977783203 0.0336742401123047 -0.001373291015625
0.0233745574951172 -0.014434814453125 0.0283184051513672 0.0153617858886719
0.00679588317871094 -0.0220661163330078 0.0509223937988281 0.00816726684570312
-0.00654792785644531 -0.0201301574707031 0.0565452575683594 -0.0174102783203125
-0.0195102691650391 -0.0159339904785156 0.0456809997558594 -0.041839599609375
-0.0179481506347656 -0.0112800598144531 0.0340957641601563 -0.04803466796875
-0.0143880844116211 -0.0119352340698242 0.0259132385253906 -0.0367660522460938
-0.0140666961669922 -0.0204792022705078 0.0213565826416016 -0.0196037292480469
0.00367355346679688 -0.0239601135253906 0.0113258361816406 -0.00724029541015625
0.0227375030517578 -0.0141029357910156 -0.0105781555175781 -0.00939083099365234
0.0261344909667969 0.00346565246582031 -0.0137500762939453 -0.0310592651367188
0.0144081115722656 0.0269851684570313 0.0137214660644531 -0.0654678344726562
-0.00202560424804688 0.0397682189941406 0.0437965393066406 -0.0701370239257812
-0.0210227966308594 0.0389518737792969 0.0402450561523438 -0.0457344055175781
-0.0207977294921875 0.0496253967285156 0.0637321472167969 -0.00103378295898437
0.0193138122558594 0.0386695861816406 0.0335311889648438 0.0146141052246094
0.0246257781982422 0.00672149658203125 0.0315608978271484 0.0254917144775391
0.0187416076660156 -0.00575637817382813 0.0562324523925781 0.0179252624511719
0.0111598968505859 -0.0144872665405273 0.0621757507324219 -0.00937271118164063
0.000305175781250001 -0.0221462249755859 0.0535736083984375 -0.0377159118652344
-0.00127792358398438 -0.0224189758300781 0.0405845642089844 -0.0428085327148438
0.00125694274902344 -0.0199604034423828 0.0295467376708984 -0.0309619903564453
0.00381278991699219 -0.0277576446533203 0.0226078033447266 -0.0122394561767578
0.0218296051025391 -0.0242328643798828 0.0108785629272461 0.00156688690185547
0.0352935791015625 -0.00558853149414063 -0.0152473449707031 -0.000866889953613282
0.0345211029052734 0.0179824829101563 -0.0222587585449219 -0.0231552124023438
0.0106620788574219 0.0438880920410156 0.000114440917968757 -0.0609664916992187
-0.0174331665039062 0.0555419921875 0.0287361145019531 -0.06109619140625
-0.0398063659667969 0.0508460998535156 0.0258617401123047 -0.0340385437011719
-0.0433502197265625 0.054534912109375 0.0520095825195313 0.0196037292480469
-0.00300979614257812 0.0570030212402344 0.0271968841552734 0.0346755981445313
0.0177669525146484 0.0311794281005859 0.0320358276367187 0.0398101806640625
0.0288906097412109 0.0152149200439453 0.0577621459960938 0.02899169921875
0.0284500122070312 -0.00333213806152344 0.06439208984375 -4.95910644531252E-05
0.0227108001708984 -0.0232467651367187 0.05645751953125 -0.0296707153320313
0.0165119171142578 -0.0299949645996094 0.0406990051269531 -0.0326194763183594
0.0161609649658203 -0.0251979827880859 0.0280838012695312 -0.0210514068603516
0.0204582214355469 -0.0315685272216797 0.0192852020263672 -0.00193595886230469
0.0354957580566406 -0.0239181518554688 0.00594902038574219 0.0107870101928711
0.0445632934570313 -0.000118255615234375 -0.0209808349609375 0.00854873657226563
0.0409202575683594 0.025146484375 -0.0306930541992187 -0.0131511688232422
0.0113372802734375 0.05255126953125 -0.0141029357910156 -0.05145263671875
-0.0233306884765625 0.0635566711425781 0.0120086669921875 -0.0458526611328125
-0.0509757995605469 0.0576553344726562 0.007232666015625 -0.0184574127197266
-0.0605049133300781 0.0491714477539062 0.0309181213378906 0.0402984619140625
-0.0269737243652344 0.0636405944824219 0.0107383728027344 0.0561637878417969
0.00590896606445312 0.0506553649902344 0.0270423889160156 0.0554351806640625
0.0311775207519531 0.0376014709472656 0.0538215637207031 0.0397796630859375
0.0414543151855469 0.0104598999023438 0.0584526062011719 0.00921249389648438
0.0420608520507813 -0.0193061828613281 0.0523109436035156 -0.0186920166015625
0.0325126647949219 -0.0326290130615234 0.0350341796875 -0.0188865661621094
0.0287704467773437 -0.0264358520507813 0.0212001800537109 -0.00756263732910156
0.0325565338134766 -0.0311565399169922 0.013331413269043 0.01025390625
0.0436592102050781 -0.0223159790039063 4.19616699218773E-05 0.0212726593017578
0.0478782653808594 0.00358963012695313 -0.0249290466308594 0.0183124542236328
0.0431327819824219 0.0276641845703125 -0.0351448059082031 -0.00295066833496094
0.0124435424804688 0.0534210205078125 -0.022796630859375 -0.0385284423828125
-0.0248222351074219 0.06353759765625 -0.000368118286132816 -0.0261936187744141
-0.0550727844238281 0.0573387145996094 -0.0119647979736328 -0.000227928161621092
-0.0660591125488281 0.0350570678710938 0.0034637451171875 0.0560340881347656
-0.04345703125 0.0570793151855469 -0.011505126953125 0.073394775390625
-0.0100936889648437 0.0582160949707031 0.0167236328125 0.0670204162597656
0.0245170593261719 0.0521430969238281 0.0426712036132813 0.04705810546875
0.0437889099121094 0.0244255065917969 0.0463676452636719 0.0162353515625
0.0528182983398438 -0.0099945068359375 0.0402145385742187 -0.00680923461914063
0.0427093505859375 -0.0283737182617188 0.0224857330322266 -0.00395393371582031
0.036224365234375 -0.0235214233398438 0.0114221572875977 0.00740909576416015
0.040008544921875 -0.0268936157226563 0.00453948974609375 0.0225887298583984
0.0478897094726563 -0.0178642272949219 -0.00746917724609374 0.0298671722412109
0.0474090576171875 0.00755691528320313 -0.0292758941650391 0.0254745483398438
0.0396652221679688 0.0299491882324219 -0.0368881225585938 0.004364013671875
0.00873184204101563 0.0508232116699219 -0.0247459411621094 -0.0252094268798828
-0.0275459289550781 0.0560073852539063 -0.00753164291381836 -0.00578784942626953
-0.05657958984375 0.046661376953125 -0.0297641754150391 0.0164260864257813
-0.0562210083007812 0.0162696838378906 -0.0218162536621094 0.0648727416992188
-0.0479736328125 0.0371437072753906 -0.0323104858398438 0.0822296142578125
-0.0211563110351563 0.0481185913085938 0.00504302978515625 0.0726394653320313
0.0110931396484375 0.0520210266113281 0.028839111328125 0.0482978820800781
0.0348567962646484 0.0314502716064453 0.0296478271484375 0.0183849334716797
0.0508537292480469 0.00104904174804688 0.0235786437988281 0.00337409973144531
0.044769287109375 -0.018707275390625 0.00780677795410157 0.009735107421875
0.0375556945800781 -0.0160675048828125 -0.000465393066406249 0.0211811065673828
0.0411186218261719 -0.0203018188476563 -0.00563430786132813 0.0334281921386719
0.0465774536132813 -0.0101089477539063 -0.0162467956542969 0.0367927551269531
0.0434303283691406 0.0123023986816406 -0.0329494476318359 0.0295295715332031
0.0315780639648437 0.0326786041259766 -0.03668212890625 0.007568359375
-0.00138092041015625 0.0454978942871094 -0.0240459442138672 -0.0158958435058594
-0.03314208984375 0.0418281555175781 -0.0125846862792969 0.00898265838623047
-0.0544853210449219 0.0291709899902344 -0.0452079772949219 0.0282058715820313
-0.0361099243164063 -0.00550079345703125 -0.0389213562011719 0.0662193298339844
-0.0377388000488281 0.0111656188964844 -0.0459060668945312 0.081451416015625
-0.0237998962402344 0.0254650115966797 -0.0047760009765625 0.0709915161132813
-0.00411605834960938 0.037200927734375 0.0172882080078125 0.0445823669433594
0.0181331634521484 0.0297088623046875 0.016301155090332 0.0167427062988281
0.0387954711914063 0.0115890502929688 0.00707149505615235 0.00815105438232422
0.0389366149902344 -0.00697708129882813 -0.00694084167480468 0.0189990997314453
0.0334949493408203 -0.00784111022949219 -0.0115509033203125 0.0314750671386719
0.0383415222167969 -0.0105323791503906 -0.016357421875 0.0417366027832031
0.0422248840332031 -0.000762939453125 -0.0275001525878906 0.0404205322265625
0.0358200073242188 0.0173721313476563 -0.0386848449707031 0.0284957885742188
0.0219879150390625 0.0341529846191406 -0.0379219055175781 0.00613784790039063
-0.0119171142578125 0.0390281677246094 -0.0239772796630859 -0.0104255676269531
-0.0372543334960938 0.0237770080566406 -0.0193920135498047 0.0171108245849609
-0.0495758056640625 0.00557327270507813 -0.0595436096191406 0.031463623046875
-0.00859260559082031 -0.0250492095947266 -0.0449295043945313 0.0612983703613281
-0.0170650482177734 -0.0152301788330078 -0.0489501953125 0.07598876953125
-0.0183677673339844 -0.00207710266113281 -0.00659942626953126 0.0669441223144531
-0.0157709121704102 0.0143861770629883 0.0125579833984375 0.038116455078125
-0.00165176391601563 0.0202236175537109 0.00812625885009766 0.011265754699707
0.0189323425292969 0.0186443328857422 -0.00554656982421875 0.00868415832519531
0.0273628234863281 0.00665473937988281 -0.0184173583984375 0.023712158203125
0.0245571136474609 0.00241470336914063 -0.0219573974609375 0.0379104614257813
0.0290508270263672 0.000823974609375 -0.0270805358886719 0.0464897155761719
0.0315876007080078 0.00792884826660156 -0.0384750366210938 0.0407676696777344
0.0238246917724609 0.0199146270751953 -0.0466804504394531 0.0263557434082031
0.0102634429931641 0.0325412750244141 -0.0415229797363281 0.00237274169921876
-0.0215034484863281 0.0278892517089844 -0.0259590148925781 -0.0111370086669922
-0.0381698608398437 0.00341033935546875 -0.0274848937988281 0.01739501953125
-0.0384407043457031 -0.0180854797363281 -0.070831298828125 0.0269317626953125
0.00607681274414062 0.0362586975097656 0.0679473876953125 -0.0223617553710937
0.0366897583007813 0.0137710571289063 0.0344867706298828 -0.00398826599121094
0.0231857299804688 -0.0170536041259766 0.0273990631103516 0.0139198303222656
0.00470733642578125 -0.0234794616699219 0.0508842468261719 0.00799179077148437
-0.00882911682128906 -0.0192890167236328 0.0566329956054688 -0.0179252624511719
-0.0227165222167969 -0.0145626068115234 0.046630859375 -0.0423240661621094
-0.019500732421875 -0.00925254821777343 0.0338897705078125 -0.0502510070800781
-0.0162143707275391 -0.00969219207763672 0.0265007019042969 -0.0389518737792969
-0.0174655914306641 -0.0186786651611328 0.0226001739501953 -0.0221614837646484
0.000625610351562501 -0.0238399505615234 0.0146503448486328 -0.00886631011962891
0.0206184387207031 -0.0168056488037109 -0.00841569900512695 -0.00854158401489258
0.0269832611083984 0.000247955322265625 -0.0122280120849609 -0.029266357421875
0.0186614990234375 0.0261096954345703 0.0119743347167969 -0.064208984375
0.00241851806640625 0.04193115234375 0.0434341430664063 -0.0717926025390625
-0.0173492431640625 0.0413284301757813 0.0429878234863281 -0.0494651794433594
-0.0179100036621094 0.0512046813964844 0.067596435546875 -0.00465774536132812
0.0209884643554688 0.0373878479003906 0.0360336303710938 0.0105438232421875
0.0240478515625 0.00491523742675781 0.0316867828369141 0.024139404296875
0.017852783203125 -0.00705146789550781 0.0569419860839844 0.0177536010742188
0.0102043151855469 -0.013646125793457 0.0631217956542969 -0.0106315612792969
-0.00197410583496094 -0.0207366943359375 0.0543746948242188 -0.0393600463867188
-0.00281143188476562 -0.0213527679443359 0.0407638549804688 -0.0455856323242188
0.000228881835937502 -0.0197696685791016 0.0292835235595703 -0.0344600677490234
0.00126266479492187 -0.0272731781005859 0.0253124237060547 -0.0156917572021484
0.0199413299560547 -0.0248336791992188 0.0143566131591797 -0.000784873962402345
0.0352439880371094 -0.00735855102539063 -0.0112714767456055 0.000247001647949219
0.0352020263671875 0.0149459838867188 -0.0199375152587891 -0.0207633972167969
0.0139884948730469 0.0436058044433594 -0.00118255615234375 -0.0593490600585937
-0.01416015625 0.0582504272460938 0.0279388427734375 -0.0622100830078125
-0.0370407104492188 0.0552940368652344 0.0299072265625 -0.0364952087402344
-0.0435371398925781 0.0558891296386719 0.0567970275878906 0.0170478820800781
-0.00164413452148437 0.0563201904296875 0.0298748016357422 0.0313453674316406
0.0176849365234375 0.0304851531982422 0.0325660705566406 0.0377883911132813
0.0291271209716797 0.0157318115234375 0.0588226318359375 0.0273017883300781
0.0280857086181641 -0.00254249572753906 0.0644607543945313 -0.00108718872070313
0.0215339660644531 -0.0230865478515625 0.0572738647460938 -0.0325889587402344
0.0155506134033203 -0.0300807952880859 0.0422401428222656 -0.0360755920410156
0.0168399810791016 -0.0250377655029297 0.0289440155029297 -0.0241451263427734
0.01934814453125 -0.0317745208740234 0.0229225158691406 -0.005401611328125
0.0355644226074219 -0.0254287719726563 0.0109691619873047 0.00807666778564453
0.0456695556640625 -0.0019683837890625 -0.0169010162353516 0.00943851470947266
0.0435638427734375 0.0241241455078125 -0.0271110534667969 -0.0107402801513672
0.0141410827636719 0.0539970397949219 -0.0148963928222656 -0.0492744445800781
-0.0218925476074219 0.0679702758789063 0.0128288269042969 -0.0467033386230469
-0.0496253967285156 0.0626869201660156 0.0107250213623047 -0.0190982818603516
-0.061676025390625 0.0517807006835937 0.0363044738769531 0.0402755737304688
-0.0262870788574219 0.0662498474121094 0.0149497985839844 0.0547866821289063
0.0055694580078125 0.0525665283203125 0.0277328491210937 0.0528068542480469
0.0328788757324219 0.0390090942382813 0.0553665161132813 0.0390510559082031
0.0423049926757813 0.0103187561035156 0.0592918395996094 0.00740432739257813
0.0426254272460938 -0.0200653076171875 0.0528335571289062 -0.0214614868164062
0.0317363739013672 -0.0331802368164063 0.0362396240234375 -0.0212631225585938
0.0299854278564453 -0.0275802612304688 0.0228080749511719 -0.00996971130371094
0.0343608856201172 -0.0328083038330078 0.0157718658447266 0.00764274597167968
0.0447311401367188 -0.0240707397460938 0.00331878662109375 0.0187969207763672
0.0498695373535156 0.0020904541015625 -0.0209388732910156 0.0186805725097656
0.0449714660644531 0.0278701782226562 -0.0323543548583984 -0.000778198242187496
0.0142669677734375 0.0564727783203125 -0.0222434997558594 -0.0372734069824219
-0.0244903564453125 0.0685157775878906 0.000799179077148439 -0.0267086029052734
-0.0555419921875 0.0614547729492187 -0.00866222381591797 0.000140666961669924
-0.0696334838867188 0.0389938354492187 0.0087432861328125 0.0571823120117188
-0.0455513000488281 0.060302734375 -0.00688934326171875 0.0722427368164062
-0.0103187561035156 0.0603523254394531 0.0183486938476562 0.0659294128417969
0.02655029296875 0.0546531677246094 0.0429534912109375 0.04534912109375
0.04669189453125 0.0252494812011719 0.0470809936523438 0.0153999328613281
0.0543251037597656 -0.0112838745117188 0.0408096313476563 -0.008392333984375
0.0448684692382813 -0.0301742553710938 0.0247306823730469 -0.00553703308105469
0.0380363464355469 -0.0247688293457031 0.0127887725830078 0.00514984130859375
0.0421829223632813 -0.0294227600097656 0.007293701171875 0.0198459625244141
0.0496406555175781 -0.0204086303710938 -0.00488471984863281 0.02764892578125
0.051605224609375 0.005767822265625 -0.0256443023681641 0.0257225036621094
0.042694091796875 0.0301666259765625 -0.0335845947265625 0.00604438781738282
0.00949478149414063 0.0543479919433594 -0.0235595703125 -0.0233707427978516
-0.028228759765625 0.0600700378417969 -0.00563383102416992 -0.00488805770874023
-0.0587196350097656 0.0520172119140625 -0.0264453887939453 0.0182571411132813
-0.0615005493164063 0.0179176330566406 -0.0183792114257813 0.0673942565917969
-0.05169677734375 0.0411529541015625 -0.028472900390625 0.0828704833984375
-0.0232658386230469 0.0513038635253906 0.00624847412109374 0.0703582763671875
0.0127754211425781 0.0550689697265625 0.0291328430175781 0.0471954345703125
0.0369071960449219 0.0329246520996094 0.0292911529541016 0.0178031921386719
0.0540428161621094 -0.00086212158203125 0.0237865447998047 0.00110244750976563
0.0472526550292969 -0.022369384765625 0.00899124145507813 0.00927448272705078
0.0396499633789063 -0.0196800231933594 0.000415802001953128 0.0198802947998047
0.0438079833984375 -0.0235366821289063 -0.00354194641113281 0.0323905944824219
0.0502395629882813 -0.0128135681152344 -0.0146865844726562 0.0361137390136719
0.0466194152832031 0.0116767883300781 -0.0309677124023438 0.0286674499511719
0.03546142578125 0.0342941284179688 -0.0343589782714844 0.0084819793701172
0.00020599365234375 0.0493850708007812 -0.0226001739501953 -0.0145797729492187
-0.0340080261230469 0.0471687316894531 -0.0103864669799805 0.0110435485839844
-0.0584259033203125 0.0332450866699219 -0.0437469482421875 0.0305938720703125
-0.04083251953125 -0.00511550903320312 -0.0374298095703125 0.0699882507324219
-0.0417137145996094 0.013275146484375 -0.0427169799804688 0.0836334228515625
-0.0267601013183594 0.0283603668212891 -0.0030059814453125 0.0701942443847656
-0.003143310546875 0.0415115356445313 0.0168800354003906 0.0434379577636719
0.0215053558349609 0.0320453643798828 0.0149965286254883 0.0162420272827148
0.0432586669921875 0.0100479125976562 0.00686788558959961 0.00749015808105469
0.0418815612792969 -0.0101814270019531 -0.00623893737792968 0.0200366973876953
0.0360260009765625 -0.0111732482910156 -0.0108070373535156 0.0326099395751953
0.0412483215332031 -0.0140037536621094 -0.0153427124023437 0.0410270690917969
0.0449600219726563 -0.00421524047851563 -0.0265121459960938 0.0394668579101563
0.0391807556152344 0.0170402526855469 -0.0379562377929688 0.0282211303710938
0.0251274108886719 0.0355873107910156 -0.0362739562988281 0.00685882568359375
-0.0113525390625 0.0427093505859375 -0.0221004486083984 -0.0102386474609375
-0.0404014587402344 0.028594970703125 -0.0177745819091797 0.0192031860351563
-0.0528526306152344 0.00874328613281249 -0.05908203125 0.0342941284179687
-0.0137596130371094 -0.0262355804443359 -0.0456008911132812 0.0650215148925781
-0.0224704742431641 -0.0143051147460938 -0.0464553833007813 0.07867431640625
-0.0219612121582031 -0.000858306884765623 -0.00439453125000001 0.0658340454101563
-0.0159854888916016 0.0183830261230469 0.011474609375 0.036773681640625
0.000494003295898438 0.0229988098144531 0.00639438629150391 0.0113296508789063
0.0230026245117188 0.0180778503417969 -0.00728130340576172 0.0096731185913086
0.0301036834716797 0.00475883483886719 -0.0191326141357422 0.0259876251220703
0.0266971588134766 0.00087738037109375 -0.02142333984375 0.0401954650878906
0.031768798828125 -0.00235557556152344 -0.0259590148925781 0.0478477478027344
0.0344924926757813 0.00528907775878906 -0.0383872985839844 0.0427513122558594
0.0264453887939453 0.0201320648193359 -0.0454597473144531 0.0267601013183594
0.0129127502441406 0.0333080291748047 -0.0407180786132813 0.00305938720703126
-0.0204849243164062 0.0311965942382813 -0.0244045257568359 -0.00969886779785156
-0.0404243469238281 0.00814056396484374 -0.0259227752685547 0.0194587707519531
-0.0432586669921875 -0.0165786743164062 -0.0724105834960938 0.0301666259765625
0.00902557373046875 0.0367469787597656 0.0714797973632813 -0.025909423828125
0.0381851196289063 0.0109062194824219 0.0349578857421875 -0.00831222534179688
0.0221385955810547 -0.0199909210205078 0.0268955230712891 0.0135288238525391
0.00242042541503906 -0.0247097015380859 0.0521392822265625 0.00810623168945312
-0.0105915069580078 -0.0192775726318359 0.0582618713378906 -0.0178604125976563
-0.0243301391601563 -0.0119743347167969 0.0475540161132813 -0.0444488525390625
-0.0213813781738281 -0.00698280334472657 0.0351829528808594 -0.0531196594238281
-0.0173206329345703 -0.00833606719970703 0.026702880859375 -0.0424957275390625
-0.0190029144287109 -0.0174198150634766 0.0235824584960938 -0.02667236328125
-0.00277328491210938 -0.02435302734375 0.0173969268798828 -0.010650634765625
0.0187721252441406 -0.0199661254882813 -0.00513887405395508 -0.008453369140625
0.02691650390625 -0.00327491760253906 -0.0114479064941406 -0.0278263092041016
0.0220756530761719 0.0253620147705078 0.0108604431152344 -0.0640068054199219
0.00712203979492187 0.04376220703125 0.0421829223632813 -0.0767288208007813
-0.0133819580078125 0.0435676574707031 0.0468864440917969 -0.0533790588378906
-0.0163841247558594 0.0524253845214844 0.0720138549804688 -0.0080718994140625
0.0236663818359375 0.036407470703125 0.0371589660644531 0.00764846801757813
0.0233478546142578 0.00420188903808594 0.0316390991210938 0.0233840942382813
0.0166053771972656 -0.00718498229980469 0.05810546875 0.0175018310546875
0.00909614562988281 -0.0137767791748047 0.0653419494628906 -0.0119361877441406
-0.0028076171875 -0.0193824768066406 0.0570831298828125 -0.0412712097167969
-0.00358200073242187 -0.0212669372558594 0.0428695678710937 -0.0500602722167969
-0.000261306762695311 -0.018585205078125 0.0314369201660156 -0.0390586853027344
0.000915527343749998 -0.0267143249511719 0.0267410278320313 -0.0192317962646484
0.0183677673339844 -0.0263595581054688 0.0185375213623047 -0.00413322448730469
0.0356979370117188 -0.0102920532226563 -0.00837898254394531 -0.000153541564941408
0.0381622314453125 0.0139122009277344 -0.0178737640380859 -0.0184745788574219
0.0164604187011719 0.0450096130371094 -0.00161361694335938 -0.0584373474121094
-0.0107154846191406 0.0617790222167969 0.0292472839355469 -0.0646247863769531
-0.0347099304199219 0.0597648620605469 0.0339508056640625 -0.0391960144042969
-0.0433769226074219 0.0593910217285156 0.0624351501464844 0.0158348083496094
-0.000865936279296875 0.058685302734375 0.0320396423339844 0.029296875
0.0181446075439453 0.0320701599121094 0.0336723327636719 0.0374298095703125
0.0286598205566406 0.0163040161132813 0.0609550476074219 0.0276603698730469
0.0293827056884766 -0.00313949584960938 0.0677528381347656 -0.00202178955078125
0.0212860107421875 -0.0238189697265625 0.0592613220214844 -0.0350074768066406
0.0154743194580078 -0.0308418273925781 0.04351806640625 -0.0406570434570313
0.0175743103027344 -0.0261459350585938 0.0306320190429688 -0.0287189483642578
0.0190563201904297 -0.0327262878417969 0.0246143341064453 -0.00872230529785156
0.0358810424804688 -0.0279922485351563 0.0141677856445313 0.00529384613037109
0.0474662780761719 -0.00287628173828125 -0.012455940246582 0.00832843780517578
0.0455589294433594 0.0229454040527344 -0.0247173309326172 -0.00901031494140625
0.0168037414550781 0.0560188293457031 -0.0133628845214844 -0.048553466796875
-0.0202102661132813 0.0730438232421875 0.0134963989257812 -0.0484428405761719
-0.0488090515136719 0.0677719116210938 0.0146656036376953 -0.0209617614746094
-0.0649261474609375 0.05584716796875 0.0411643981933594 0.0399398803710938
-0.0288200378417969 0.0692405700683594 0.0179595947265625 0.0539016723632813
0.00465774536132813 0.0561981201171875 0.0293617248535156 0.0528831481933594
0.0348930358886719 0.040740966796875 0.0567855834960938 0.0392227172851562
0.044219970703125 0.0111732482910156 0.0619773864746094 0.00651168823242188
0.0442962646484375 -0.021331787109375 0.0550956726074219 -0.0233840942382813
0.0334091186523438 -0.0354385375976563 0.0382881164550781 -0.0249214172363281
0.0314197540283203 -0.0302639007568359 0.0241298675537109 -0.0135307312011719
0.0341663360595703 -0.0349521636962891 0.0177497863769531 0.00454139709472656
0.0471954345703125 -0.0265541076660156 0.00744056701660157 0.0154390335083008
0.0535354614257812 0.00122833251953125 -0.0176830291748047 0.0172557830810547
0.0485382080078125 0.0285606384277344 -0.0293769836425781 0.000316619873046872
0.0154953002929687 0.0589370727539063 -0.0226936340332031 -0.0363540649414063
-0.0249404907226563 0.0751419067382813 0.00344657897949219 -0.0276718139648438
-0.056884765625 0.0676689147949219 -0.00511693954467774 -0.00135374069213867
-0.0751419067382812 0.0441665649414063 0.0128250122070312 0.0597076416015625
-0.0485000610351563 0.0648612976074219 -0.00366973876953126 0.0732650756835938
-0.0116386413574219 0.0654258728027344 0.0201988220214844 0.06585693359375
0.0284957885742188 0.0583648681640625 0.045440673828125 0.0465888977050781
0.0496063232421875 0.026336669921875 0.0474700927734375 0.0147857666015625
0.0582275390625 -0.0143623352050781 0.0421791076660156 -0.0106391906738281
0.0457534790039063 -0.034088134765625 0.0252265930175781 -0.00807380676269531
0.040924072265625 -0.0287590026855469 0.0136699676513672 0.0038919448852539
0.0442695617675781 -0.0337753295898437 0.00793838500976563 0.0183486938476562
0.0531692504882812 -0.0228157043457031 -0.00286483764648437 0.0251388549804688
0.054534912109375 0.00572586059570313 -0.0228176116943359 0.0246849060058594
0.0461540222167969 0.0321388244628906 -0.0314826965332031 0.00551795959472656
0.0111198425292969 0.0575752258300781 -0.0232048034667969 -0.0238018035888672
-0.0294418334960937 0.0666351318359375 -0.00412988662719727 -0.00545644760131835
-0.0608482360839844 0.0573158264160156 -0.02484130859375 0.0179119110107422
-0.0677566528320313 0.0211563110351562 -0.0158767700195312 0.0719757080078125
-0.0555000305175781 0.0448112487792969 -0.025604248046875 0.0850067138671875
-0.0241546630859375 0.0555305480957031 0.00791168212890624 0.0707778930664063
0.0152053833007812 0.0598220825195313 0.0298652648925781 0.0483894348144531
0.0421066284179688 0.03424072265625 0.0303440093994141 0.0176277160644531
0.0587577819824219 -0.00162887573242188 0.0248889923095703 -0.000558853149414063
0.049285888671875 -0.0261192321777344 0.00958633422851563 0.00822067260742187
0.04278564453125 -0.0229835510253906 0.00177574157714844 0.0196056365966797
0.0469703674316406 -0.0268363952636719 -0.00261878967285156 0.0314674377441406
0.0540847778320313 -0.0158462524414063 -0.013397216796875 0.0333919525146484
0.050933837890625 0.0113792419433594 -0.0292129516601562 0.0283679962158203
0.0387496948242188 0.0361099243164063 -0.0345554351806641 0.00721359252929688
0.00106048583984375 0.0538139343261719 -0.0214958190917969 -0.0149517059326172
-0.0364608764648437 0.052764892578125 -0.0079345703125 0.0113716125488281
-0.0616569519042969 0.0384559631347656 -0.0427093505859375 0.0325546264648438
-0.0468063354492188 -0.00323867797851563 -0.036712646484375 0.0757675170898438
-0.047393798828125 0.0173416137695313 -0.0421676635742188 0.086883544921875
-0.0300636291503906 0.0321445465087891 -0.001220703125 0.0703125
-0.0026702880859375 0.0461463928222656 0.0162429809570313 0.0442619323730469
0.0246047973632813 0.0346870422363281 0.0142650604248047 0.0166664123535156
0.0469474792480469 0.00808334350585938 0.00579929351806641 0.00798845291137695
0.0450782775878906 -0.0133094787597656 -0.00565338134765625 0.0211658477783203
0.0382614135742188 -0.013671875 -0.0108737945556641 0.0328311920166016
0.0434417724609375 -0.0176048278808594 -0.0152206420898437 0.0422821044921875
0.0491714477539063 -0.00792694091796875 -0.0257759094238281 0.0395889282226563
0.0425376892089844 0.0164222717285156 -0.0374031066894531 0.0282135009765625
0.0302276611328125 0.0373954772949219 -0.0361671447753906 0.00609207153320313
-0.0100593566894531 0.0464134216308594 -0.0218105316162109 -0.0102119445800781
-0.0424156188964844 0.0340080261230469 -0.0160846710205078 0.0203990936279297
-0.0578765869140625 0.0130691528320312 -0.0599021911621094 0.0366020202636719
-0.018218994140625 -0.0258064270019531 -0.0467414855957031 0.070281982421875
-0.0281467437744141 -0.0142364501953125 -0.04718017578125 0.081390380859375
-0.0253505706787109 0.00243186950683594 -0.00387954711914063 0.0654106140136719
-0.0161647796630859 0.0227127075195313 0.00948333740234374 0.036865234375
0.003662109375 0.0262508392333984 0.00341033935546875 0.012141227722168
0.0271148681640625 0.0174808502197266 -0.00809288024902344 0.0118675231933594
0.0338058471679688 0.00112342834472656 -0.0200328826904297 0.0292778015136719
0.0294094085693359 -0.00194740295410156 -0.0208473205566406 0.0425376892089844
0.0340976715087891 -0.00411415100097656 -0.0256805419921875 0.0503654479980469
0.0377464294433594 0.00305557250976563 -0.0385589599609375 0.043121337890625
0.0312843322753906 0.0202274322509766 -0.0468521118164062 0.0273551940917969
0.0171222686767578 0.0349140167236328 -0.0415115356445313 0.00270462036132813
-0.0207290649414062 0.035308837890625 -0.0244274139404297 -0.00953865051269531
-0.0438995361328125 0.0118865966796875 -0.0254783630371094 0.0223426818847656
-0.0472564697265625 -0.0133705139160156 -0.0742568969726563 0.0332183837890625
0.0126457214355469 0.036102294921875 0.0753250122070313 -0.0308685302734375
0.0410842895507813 0.008056640625 0.0352210998535156 -0.0113410949707031
0.021881103515625 -0.0222072601318359 0.0270042419433594 0.013824462890625
0.00016593933105469 -0.0263347625732422 0.0547027587890625 0.00795364379882813
-0.0139789581298828 -0.0187797546386719 0.0621681213378906 -0.020843505859375
-0.0273036956787109 -0.00872230529785156 0.0501937866210938 -0.04913330078125
-0.0226116180419922 -0.00484275817871093 0.0357475280761719 -0.0587921142578125
-0.0179824829101562 -0.00633621215820313 0.0271224975585937 -0.0469436645507813
-0.0218410491943359 -0.0143184661865234 0.0251083374023438 -0.0307025909423828
-0.00514602661132812 -0.0255508422851562 0.0193386077880859 -0.0146255493164063
0.0173072814941406 -0.0220928192138672 -0.00232505798339844 -0.00948524475097657
0.0280303955078125 -0.00614738464355469 -0.009033203125 -0.0279960632324219
0.0259952545166016 0.0247287750244141 0.0108566284179688 -0.0660934448242188
0.0122184753417969 0.0450668334960938 0.0419845581054687 -0.0812835693359375
-0.00951004028320313 0.0469284057617187 0.0492668151855469 -0.0597305297851563
-0.0150222778320313 0.0546531677246094 0.0782470703125 -0.012420654296875
0.0254478454589844 0.0369529724121094 0.0390701293945313 0.00397109985351563
0.0234966278076172 0.00417137145996094 0.0324001312255859 0.0237960815429688
0.0171604156494141 -0.00860214233398438 0.0610008239746094 0.0173797607421875
0.00780963897705078 -0.0137653350830078 0.0692901611328125 -0.0141868591308594
-0.00481224060058594 -0.0187950134277344 0.0588607788085938 -0.0465621948242188
-0.00400733947753906 -0.0203933715820313 0.0432090759277344 -0.0564079284667969
-0.000398635864257814 -0.0191421508789063 0.0322227478027344 -0.0437812805175781
-0.000925064086914064 -0.0269889831542969 0.0285491943359375 -0.0250625610351563
0.0176601409912109 -0.0276565551757813 0.0208911895751953 -0.00771713256835938
0.0364570617675781 -0.0126419067382813 -0.00507783889770508 -0.00116539001464844
0.0402412414550781 0.0118598937988281 -0.0158824920654297 -0.0190219879150391
0.0208778381347656 0.0466079711914063 -0.00186538696289062 -0.0591659545898438
-0.00739669799804688 0.0665779113769531 0.027679443359375 -0.0696868896484375
-0.0324935913085937 0.0645103454589844 0.0362815856933594 -0.0438957214355469
-0.0439987182617187 0.0644950866699219 0.0691184997558594 0.0127296447753906
0.000213623046874995 0.0614433288574219 0.0348911285400391 0.0272407531738281
0.0185794830322266 0.0335235595703125 0.0346908569335938 0.037384033203125
0.0316543579101563 0.0167636871337891 0.0640640258789063 0.0278396606445313
0.0302314758300781 -0.00298309326171875 0.0714111328125 -0.00542449951171875
0.0217247009277344 -0.0244388580322266 0.0623855590820313 -0.0397148132324219
0.0163154602050781 -0.0328178405761719 0.0442657470703125 -0.0462112426757813
0.0174465179443359 -0.0296382904052734 0.0312595367431641 -0.0330619812011719
0.019622802734375 -0.035614013671875 0.0260639190673828 -0.0137042999267578
0.0358428955078125 -0.03021240234375 0.016876220703125 0.00168704986572265
0.0503082275390625 -0.00612640380859375 -0.00971412658691406 0.00763130187988281
0.0500335693359375 0.022705078125 -0.0228748321533203 -0.00893974304199219
0.0198402404785156 0.0590629577636719 -0.0149726867675781 -0.048797607421875
-0.0171051025390625 0.07916259765625 0.0133171081542969 -0.0521430969238281
-0.0485687255859375 0.0754241943359375 0.0180130004882812 -0.0250663757324219
-0.0680427551269531 0.0632362365722656 0.0474739074707031 0.0387802124023438
-0.0283355712890625 0.07611083984375 0.0214385986328125 0.0522384643554688
0.00639724731445313 0.060333251953125 0.0314788818359375 0.0529289245605469
0.0383148193359375 0.0430259704589844 0.0602798461914063 0.0392723083496094
0.0488204956054687 0.0114021301269531 0.064697265625 0.00511550903320313
0.0459136962890625 -0.0242385864257813 0.0572700500488281 -0.0273056030273438
0.0341987609863281 -0.0397987365722656 0.0387649536132813 -0.0300331115722656
0.0333423614501953 -0.0329189300537109 0.0252742767333984 -0.0171527862548828
0.0355758666992188 -0.04010009765625 0.0194797515869141 0.000318527221679685
0.0488853454589844 -0.0302848815917969 0.00940704345703125 0.0126399993896484
0.0577964782714844 -0.00144195556640625 -0.015289306640625 0.0165166854858398
0.0548171997070313 0.0286941528320313 -0.0270938873291016 0.000425338745117187
0.0194931030273438 0.0631065368652344 -0.023468017578125 -0.0367889404296875
-0.0237579345703125 0.0819320678710938 0.00358390808105469 -0.0299625396728516
-0.057861328125 0.0756454467773438 -0.00188040733337403 -0.00301647186279296
-0.0786056518554687 0.0481796264648438 0.0178260803222656 0.0616683959960938
-0.0504150390625 0.0733413696289063 -0.00023651123046875 0.0749435424804687
-0.0109024047851563 0.0714950561523438 0.0212821960449219 0.0665092468261719
0.0328788757324219 0.0631027221679688 0.0481185913085938 0.0476608276367188
0.0551567077636719 0.0271224975585938 0.0502662658691406 0.0141410827636719
0.0620231628417969 -0.0159187316894531 0.0440635681152344 -0.0142555236816406
0.0476112365722656 -0.0384750366210938 0.0262088775634766 -0.0106544494628906
0.042633056640625 -0.0334701538085938 0.0147485733032227 0.00114631652832031
0.0466690063476563 -0.0385055541992188 0.00913524627685547 0.0167274475097656
0.0567512512207031 -0.0275955200195313 -0.000829696655273432 0.0237312316894531
0.0600204467773438 0.0037384033203125 -0.0221042633056641 0.0240097045898437
0.0529518127441406 0.0323333740234375 -0.0300788879394531 0.00611114501953125
0.0139122009277344 0.0629425048828125 -0.0226478576660156 -0.0239315032958984
-0.0296478271484375 0.0752029418945313 -0.00219345092773438 -0.00636005401611328
-0.0636024475097656 0.0651664733886719 -0.0228710174560547 0.0189666748046875
-0.0725936889648437 0.026519775390625 -0.012054443359375 0.0762786865234375
-0.0596275329589844 0.0526351928710938 -0.0233230590820313 0.0880966186523438
-0.0261344909667969 0.064483642578125 0.00957489013671876 0.0722885131835937
0.0189666748046875 0.0654144287109375 0.031646728515625 0.0495719909667969
0.046905517578125 0.036376953125 0.0309543609619141 0.017486572265625
0.0635833740234375 -0.00556182861328125 0.0251903533935547 -0.0001068115234375
0.0515480041503906 -0.030303955078125 0.0103225708007813 0.00815963745117187
0.0450706481933594 -0.0274391174316406 0.00257492065429688 0.0198535919189453
0.0499420166015625 -0.0321998596191406 -0.00181007385253906 0.0319728851318359
0.0577850341796875 -0.0208206176757813 -0.0132236480712891 0.0336437225341797
0.0567893981933594 0.00995635986328125 -0.0291461944580078 0.0279483795166016
0.0456504821777344 0.0367851257324219 -0.0326328277587891 0.00835990905761719
0.00353622436523438 0.0592575073242187 -0.0217304229736328 -0.0155181884765625
-0.0383224487304688 0.0602607727050781 -0.00692844390869141 0.0118389129638672
-0.0651626586914063 0.0452880859375 -0.0422821044921875 0.0346260070800781
-0.0532264709472656 -0.00039291381835938 -0.0356063842773437 0.0812530517578125
-0.0523529052734375 0.021881103515625 -0.040008544921875 0.0926132202148438
-0.0321769714355469 0.0381927490234375 -8.39233398437589E-05 0.0722274780273438
-1.14440917968764E-05 0.0512466430664063 0.0175552368164063 0.0455055236816406
0.0298500061035156 0.0364456176757813 0.0143356323242188 0.0177211761474609
0.0526123046875 0.00558090209960937 0.0053853988647461 0.00881767272949219
0.0473175048828125 -0.0175590515136719 -0.00577926635742187 0.0226001739501953
0.0411911010742188 -0.018157958984375 -0.00989532470703125 0.0352439880371094
0.0463523864746094 -0.02294921875 -0.014434814453125 0.0442428588867188
0.0524253845214844 -0.0109672546386719 -0.0262336730957031 0.0407066345214844
0.0485038757324219 0.0157051086425781 -0.0383834838867187 0.0292510986328125
0.0348434448242188 0.03924560546875 -0.036529541015625 0.00691986083984375
-0.00836181640625 0.0521736145019531 -0.0219326019287109 -0.0106372833251953
-0.0455284118652344 0.0411415100097656 -0.0146503448486328 0.0228443145751953
-0.0625534057617188 0.019073486328125 -0.0610923767089844 0.0410385131835938
-0.0239753723144531 -0.0266742706298828 -0.0471954345703125 0.077484130859375
-0.0337581634521484 -0.011260986328125 -0.046051025390625 0.0875091552734375
-0.0290107727050781 0.00587844848632813 -0.00266647338867187 0.0670547485351563
-0.0172786712646484 0.0266933441162109 0.00978469848632812 0.0372276306152344
0.00708770751953125 0.0287551879882813 0.00263118743896485 0.0127696990966797
0.0314140319824219 0.0159893035888672 -0.010737419128418 0.013270378112793
0.0357894897460938 -0.00225448608398438 -0.019805908203125 0.0321331024169922
0.0319995880126953 -0.00555801391601562 -0.0206527709960937 0.0455474853515625
0.037017822265625 -0.00892257690429688 -0.0258255004882812 0.0535430908203125
0.0409431457519531 -0.000732421875 -0.0403404235839844 0.0458717346191406
0.0362815856933594 0.0187606811523438 -0.0487709045410156 0.0290260314941406
0.020477294921875 0.0364875793457031 -0.0417404174804687 0.00329971313476563
-0.0195465087890625 0.0396308898925781 -0.0243797302246094 -0.00952148437499999
-0.0464096069335938 0.0168914794921875 -0.0244121551513672 0.0248336791992188
-0.0518112182617188 -0.0102920532226562 -0.0783538818359375 0.0377655029296875
0.0163192749023437 0.0355148315429688 0.0776443481445313 -0.038330078125
0.0428199768066406 0.00323867797851562 0.0339527130126953 -0.0160408020019531
0.0206184387207031 -0.0240821838378906 0.0285549163818359 0.0136871337890625
-0.00213241577148437 -0.0277519226074219 0.0562973022460938 0.00513458251953125
-0.0158596038818359 -0.017120361328125 0.0643043518066406 -0.0246925354003906
-0.0287055969238281 -0.00737571716308594 0.0521011352539063 -0.0544281005859375
-0.0232830047607422 -0.002655029296875 0.0334320068359375 -0.065155029296875
-0.017521858215332 -0.00391960144042968 0.0254859924316406 -0.0534782409667969
-0.0238914489746094 -0.0115184783935547 0.025115966796875 -0.0359878540039063
-0.00904655456542969 -0.0253791809082031 0.0203437805175781 -0.0189857482910156
0.0141429901123047 -0.0250186920166016 -0.000594139099121094 -0.0118379592895508
0.0286750793457031 -0.00866508483886719 -0.00972366333007813 -0.0289402008056641
0.0293865203857422 0.0233268737792969 0.00915908813476563 -0.0685081481933594
0.0185470581054687 0.0469169616699219 0.038909912109375 -0.087158203125
-0.00311279296875 0.0473861694335937 0.0491065979003906 -0.0688056945800781
-0.0126419067382813 0.0592002868652344 0.0812149047851563 -0.0180282592773437
0.0277633666992188 0.0363273620605469 0.0391883850097656 0.000247955322265627
0.0235805511474609 0.00301361083984375 0.0343093872070312 0.022125244140625
0.0154800415039063 -0.00830459594726563 0.0654373168945312 0.0138435363769531
0.00534534454345703 -0.014561653137207 0.0733718872070313 -0.0188217163085938
-0.00579833984375 -0.0169687271118164 0.0592308044433594 -0.0535507202148438
-0.00510978698730469 -0.0203723907470703 0.0425491333007813 -0.0641021728515625
-0.000726699829101561 -0.01971435546875 0.0298004150390625 -0.050506591796875
-0.00432777404785156 -0.0277671813964844 0.0282802581787109 -0.0323200225830078
0.0152149200439453 -0.0305385589599609 0.0220680236816406 -0.0134143829345703
0.0344333648681641 -0.0172042846679688 -0.00223278999328613 -0.00359058380126953
0.0407676696777344 0.0095672607421875 -0.0158290863037109 -0.0189971923828125
0.024444580078125 0.0466880798339844 -0.00458908081054687 -0.0612564086914062
0.000827789306640629 0.06903076171875 0.025146484375 -0.0757293701171875
-0.0285568237304688 0.0712890625 0.03857421875 -0.0517768859863281
-0.0423812866210937 0.0692367553710938 0.0748672485351563 0.006744384765625
0.00318527221679687 0.0643577575683594 0.037567138671875 0.0243644714355469
0.0200576782226562 0.0352020263671875 0.0371513366699219 0.0369033813476563
0.0342082977294922 0.01629638671875 0.0679054260253906 0.0254402160644531
0.0321540832519531 -0.0040130615234375 0.0751876831054688 -0.0091552734375
0.0219650268554688 -0.0275821685791016 0.0629463195800781 -0.045562744140625
0.0136337280273437 -0.0349807739257813 0.0437126159667969 -0.0530509948730469
0.0163173675537109 -0.0301151275634766 0.0299263000488281 -0.0405387878417969
0.0179634094238281 -0.0389289855957031 0.0258007049560547 -0.0192317962646484
0.03558349609375 -0.0335464477539063 0.0194988250732422 -0.00285720825195313
0.0522918701171875 -0.00954055786132813 -0.00631093978881835 0.00501346588134766
0.0563926696777344 0.0213165283203125 -0.0211048126220703 -0.00837516784667969
0.025665283203125 0.0611495971679688 -0.0177764892578125 -0.0500640869140625
-0.0127334594726563 0.0864639282226563 0.0116119384765625 -0.0564651489257812
-0.045623779296875 0.083892822265625 0.0216808319091797 -0.0290813446044922
-0.0686721801757812 0.07196044921875 0.0554656982421875 0.0363883972167969
-0.0249481201171875 0.0820236206054687 0.0265960693359375 0.0515213012695313
0.00751113891601563 0.064361572265625 0.0338249206542969 0.0515823364257813
0.0450172424316406 0.0450363159179688 0.0638542175292969 0.0391006469726563
0.0520172119140625 0.00952911376953125 0.0677566528320313 0.00201034545898438
0.0485458374023438 -0.0269622802734375 0.0581512451171875 -0.0335884094238281
0.0333709716796875 -0.0432586669921875 0.0400848388671875 -0.0356178283691406
0.0331878662109375 -0.0383567810058594 0.0245037078857422 -0.0203475952148438
0.0360908508300781 -0.0446090698242188 0.0211238861083984 -0.00407600402832032
0.0504608154296875 -0.036224365234375 0.0103368759155273 0.00920677185058594
0.0629997253417969 -0.00477981567382813 -0.0131568908691406 0.0155887603759766
0.0599632263183594 0.025299072265625 -0.027618408203125 0.000879287719726559
0.0244674682617187 0.0687980651855469 -0.0242691040039062 -0.0356941223144531
-0.0185394287109375 0.09027099609375 0.00246429443359375 -0.0330162048339844
-0.0557861328125 0.0855560302734375 0.000122308731079099 -0.0040287971496582
-0.083251953125 0.0583953857421875 0.0244636535644531 0.0638275146484375
-0.0507736206054688 0.0826034545898438 0.00535583496093749 0.07684326171875
-0.00954437255859376 0.0790176391601563 0.0252876281738281 0.0671005249023438
0.0403366088867188 0.065216064453125 0.052398681640625 0.0487594604492188
0.0617942810058594 0.0264549255371094 0.0538902282714844 0.0131874084472656
0.0644035339355469 -0.0221939086914063 0.0441513061523438 -0.0184974670410156
0.0476531982421875 -0.0448760986328125 0.0283279418945313 -0.01300048828125
0.0442276000976563 -0.0393524169921875 0.0144186019897461 -0.0013885498046875
0.0461387634277344 -0.0465545654296875 0.0104103088378906 0.0127639770507812
0.0592079162597656 -0.0349006652832031 -0.000188827514648435 0.0220565795898437
0.0651817321777344 9.1552734375E-05 -0.0203361511230469 0.0238628387451172
0.059906005859375 0.0318145751953125 -0.0298995971679687 0.00606346130371094
0.018768310546875 0.0681343078613281 -0.0258388519287109 -0.0244808197021484
-0.0270004272460938 0.0849761962890625 -0.000790596008300783 -0.00858497619628906
-0.0632247924804687 0.075592041015625 -0.0193214416503906 0.0192718505859375
-0.078216552734375 0.0334625244140625 -0.00589752197265626 0.080902099609375
-0.0610847473144531 0.0633621215820312 -0.01873779296875 0.0937271118164063
-0.0241928100585938 0.0716171264648437 0.0122451782226563 0.0745773315429688
0.024749755859375 0.0688323974609375 0.0357017517089844 0.0508995056152344
0.0528945922851562 0.0369071960449219 0.0317249298095703 0.0183525085449219
0.0683822631835938 -0.0122451782226563 0.0248241424560547 -0.00301551818847656
0.0536041259765625 -0.0390167236328125 0.0138397216796875 0.00741863250732422
0.0475616455078125 -0.0334320068359375 0.00384712219238282 0.0199489593505859
0.0513458251953125 -0.0391387939453125 -0.00217247009277343 0.0323619842529297
0.0602645874023438 -0.0264358520507813 -0.0119533538818359 0.0342311859130859
0.0642433166503906 0.00585174560546875 -0.0291938781738281 0.0283489227294922
0.0543975830078125 0.0375442504882813 -0.0318202972412109 0.0095672607421875
0.00719451904296875 0.0647926330566406 -0.0220718383789063 -0.0142955780029297
-0.0351943969726563 0.0712127685546875 -0.0059967041015625 0.00952720642089844
-0.0665664672851563 0.0566978454589844 -0.0409049987792969 0.0357475280761719
-0.058929443359375 0.00417709350585937 -0.031829833984375 0.0876998901367188
-0.0554885864257813 0.0289840698242188 -0.0348358154296875 0.097808837890625
-0.0339889526367187 0.0456962585449219 0.0022125244140625 0.0731582641601563
0.00460433959960938 0.0572242736816406 0.0198554992675781 0.0465469360351563
0.035858154296875 0.0389976501464844 0.0148963928222656 0.0187721252441406
0.0572776794433594 0.00102996826171875 0.0053396224975586 0.00908374786376953
0.0483856201171875 -0.0241584777832031 -0.0040740966796875 0.0259838104248047
0.0428962707519531 -0.0240516662597656 -0.00870895385742187 0.0362167358398437
0.0482139587402344 -0.0294189453125 -0.0122413635253906 0.0464057922363281
0.0564651489257812 -0.0177383422851563 -0.0249481201171875 0.0428886413574219
0.0545921325683594 0.011566162109375 -0.0391960144042969 0.0307731628417969
0.0413093566894531 0.0390167236328125 -0.0373687744140625 0.00717926025390624
-0.00421524047851562 0.0576934814453125 -0.0218868255615234 -0.0102443695068359
-0.0470428466796875 0.0494461059570313 -0.0129032135009766 0.0229320526123047
-0.0662460327148438 0.0266304016113281 -0.06103515625 0.0471229553222656
-0.0281810760498047 -0.0257987976074219 -0.045318603515625 0.0856094360351563
-0.0376853942871094 -0.00884246826171874 -0.0429458618164063 0.096221923828125
-0.0308742523193359 0.0104179382324219 -0.000808715820312502 0.0684089660644531
-0.0158824920654297 0.0339069366455078 0.0100440979003906 0.0389823913574219
0.0105342864990234 0.0305843353271484 0.000908851623535156 0.0160541534423828
0.0370101928710938 0.0134468078613281 -0.013005256652832 0.0133275985717773
0.0373268127441406 -0.00485992431640625 -0.0173797607421875 0.0361785888671875
0.0329532623291016 -0.00964927673339844 -0.0185890197753906 0.0520248413085938
0.0385551452636719 -0.0153160095214844 -0.0243759155273437 0.0588035583496094
0.04315185546875 -0.00606155395507813 -0.0398826599121094 0.0508995056152344
0.0408210754394531 0.0175209045410156 -0.0501785278320313 0.0318679809570312
0.0258750915527344 0.036102294921875 -0.0449981689453125 0.00508499145507812
-0.015106201171875 0.0461502075195313 -0.0245952606201172 -0.0103607177734375
-0.0496406555175781 0.0239715576171875 -0.0214939117431641 0.0278835296630859
-0.0565643310546875 -0.00373458862304687 -0.0789108276367188 0.0450592041015625
0.0225830078125 0.0348567962646484 0.0732345581054688 -0.0464859008789063
0.0458488464355469 -0.00100326538085937 0.0334625244140625 -0.0203838348388672
0.0165863037109375 -0.0278205871582031 0.0264739990234375 0.0120162963867187
-0.00627517700195312 -0.0257091522216797 0.0589218139648438 0.00354385375976562
-0.0211849212646484 -0.0173358917236328 0.0639877319335938 -0.0291023254394531
-0.0301380157470703 -0.00151634216308594 0.0486679077148437 -0.0585289001464844
-0.0255489349365234 -6.86645507812539E-05 0.0301055908203125 -0.0703582763671875
-0.0186424255371094 -0.00236892700195313 0.0195159912109375 -0.0591926574707031
-0.02325439453125 -0.00724029541015626 0.0197830200195313 -0.0400657653808594
-0.0131645202636719 -0.0224571228027344 0.0217647552490234 -0.0231342315673828
0.0115203857421875 -0.0273170471191406 0.00199413299560547 -0.0124073028564453
0.0274238586425781 -0.0142955780029297 -0.0092620849609375 -0.0274658203125
0.0331840515136719 0.0170993804931641 0.00249099731445313 -0.0662269592285156
0.0252952575683594 0.0440330505371094 0.0329818725585938 -0.0940704345703125
0.00423431396484375 0.0500335693359375 0.0468063354492188 -0.077972412109375
-0.00847244262695312 0.0608406066894531 0.085693359375 -0.0297698974609375
0.0309219360351562 0.0335731506347656 0.0389328002929688 -0.00417327880859375
0.0247707366943359 -0.000133514404296875 0.0348701477050781 0.0178127288818359
0.0155458450317383 -0.0112009048461914 0.0684661865234375 0.0104522705078125
0.00515365600585938 -0.0162010192871094 0.0732574462890625 -0.025390625
-0.00846290588378906 -0.018280029296875 0.0567054748535156 -0.0604248046875
-0.0050811767578125 -0.022491455078125 0.0366744995117187 -0.074005126953125
-0.000951766967773437 -0.0214614868164063 0.0282020568847656 -0.0556068420410156
-0.000539779663085939 -0.0245018005371094 0.0270233154296875 -0.0356559753417969
0.0132827758789062 -0.0299110412597656 0.0237655639648438 -0.0167884826660156
0.0358352661132813 -0.0182418823242188 0.000899791717529299 -0.00408625602722168
0.04510498046875 0.00617218017578125 -0.00917243957519531 -0.0193843841552734
0.0325927734375 0.0454139709472656 -0.0062408447265625 -0.0600738525390625
0.00641632080078124 0.0723114013671875 0.0201263427734375 -0.0778656005859375
-0.0202255249023438 0.0734481811523438 0.0363616943359375 -0.0581741333007812
-0.0359649658203125 0.0789718627929687 0.077392578125 -0.0010833740234375
0.00500869750976563 0.0653762817382813 0.0427894592285156 0.0181770324707031
0.0231895446777344 0.037506103515625 0.0382270812988281 0.0334587097167969
0.038848876953125 0.0154647827148438 0.0711593627929688 0.0222549438476563
0.0334281921386719 -0.00604248046875 0.0760421752929688 -0.0157089233398438
0.0206794738769531 -0.0303516387939453 0.0594482421875 -0.0541267395019531
0.0110549926757813 -0.0367202758789063 0.0407066345214844 -0.0626296997070312
0.0153694152832031 -0.0337963104248047 0.0247077941894531 -0.0477828979492188
0.0158538818359375 -0.0406074523925781 0.0240154266357422 -0.0260467529296875
0.0346870422363281 -0.0399513244628906 0.0192775726318359 -0.00658988952636719
0.051483154296875 -0.0157546997070313 -0.00623130798339843 0.00437688827514648
0.0577354431152344 0.0178070068359375 -0.0184097290039062 -0.0105133056640625
0.0322647094726563 0.0635032653808594 -0.02056884765625 -0.05126953125
-0.00357818603515624 0.0909881591796875 0.00781631469726562 -0.0600433349609375
-0.0374984741210937 0.0882568359375 0.020050048828125 -0.03564453125
-0.0666351318359375 0.0825271606445313 0.0613174438476563 0.0306816101074219
-0.018341064453125 0.0876235961914062 0.03106689453125 0.047821044921875
0.0153884887695312 0.0654792785644531 0.0387763977050781 0.0508079528808594
0.0482559204101563 0.0434455871582031 0.0688362121582031 0.0367927551269531
0.0566482543945313 0.00536346435546875 0.0702133178710938 -0.00426864624023438
0.0470314025878906 -0.0304069519042969 0.0573234558105469 -0.0401420593261719
0.031341552734375 -0.0477676391601563 0.0357170104980469 -0.0414161682128906
0.03167724609375 -0.0425987243652344 0.022674560546875 -0.0300273895263672
0.03509521484375 -0.050048828125 0.016758918762207 -0.00919723510742188
0.0485801696777344 -0.0424385070800781 0.0134401321411133 0.00329494476318359
0.06622314453125 -0.0118064880371094 -0.0114269256591797 0.0150365829467773
0.0666999816894531 0.0208206176757812 -0.0235977172851562 0.00193786621093751
0.03057861328125 0.0685920715332031 -0.0269737243652344 -0.03533935546875
-0.0109100341796875 0.0933761596679688 0.00165176391601562 -0.0351676940917969
-0.0494461059570312 0.09124755859375 -3.95774841308621E-05 -0.00703668594360351
-0.0815963745117188 0.066986083984375 0.0299034118652344 0.0587959289550781
-0.045013427734375 0.0917129516601563 0.0115203857421875 0.0759658813476562
-0.00169372558593751 0.0869598388671875 0.0293235778808594 0.0638961791992188
0.0483207702636719 0.065887451171875 0.0548210144042969 0.0463523864746094
0.0652732849121094 0.0208816528320312 0.0542411804199219 0.00899124145507813
0.0659141540527344 -0.0293426513671875 0.0446205139160156 -0.0210762023925781
0.04290771484375 -0.0507316589355469 0.0267524719238281 -0.0167369842529297
0.0419654846191406 -0.0458450317382813 0.0148382186889648 -0.0019989013671875
0.0458412170410156 -0.0496406555175781 0.0102310180664063 0.00993537902832031
0.0594558715820313 -0.0449676513671875 0.00223350524902344 0.0189685821533203
0.07037353515625 -0.00677490234375 -0.0167255401611328 0.0249996185302734
0.0684661865234375 0.0300712585449219 -0.0259628295898438 0.00713729858398438
0.02716064453125 0.0705337524414063 -0.0253524780273438 -0.0232677459716797
-0.0186996459960937 0.091094970703125 -0.00149059295654297 -0.00864458084106445
-0.056488037109375 0.0839767456054687 -0.0164871215820313 0.0198326110839844
-0.0823211669921875 0.0443801879882813 0.00298309326171874 0.0829086303710938
-0.0568809509277344 0.0694847106933594 -0.00977325439453125 0.0931930541992188
-0.0226516723632813 0.0793228149414063 0.0196380615234375 0.0749053955078125
0.0350837707519531 0.0692253112792969 0.0403556823730469 0.046783447265625
0.0610008239746094 0.0316963195800781 0.0324192047119141 0.0167007446289063
0.0721588134765625 -0.0172958374023438 0.0233249664306641 -0.00277900695800781
0.0507926940917969 -0.0446968078613281 0.0122165679931641 0.00662708282470703
0.042816162109375 -0.0411758422851562 0.00168991088867188 0.0197067260742187
0.0522422790527344 -0.0476455688476562 0.00174140930175781 0.0304794311523438
0.0632896423339844 -0.0345916748046875 -0.0117435455322266 0.0341529846191406
0.0657997131347656 -0.0016326904296875 -0.0282039642333984 0.0313663482666016
0.0589714050292969 0.0326499938964844 -0.0315971374511719 0.0097198486328125
0.0133247375488281 0.0680732727050781 -0.0232715606689453 -0.0152645111083984
-0.031036376953125 0.078704833984375 -0.00426959991455078 0.00933456420898438
-0.0634193420410156 0.0611190795898437 -0.0396690368652344 0.0391387939453125
-0.0618553161621094 0.0124244689941406 -0.023773193359375 0.09661865234375
-0.0550765991210937 0.0374374389648438 -0.0279541015625 0.103340148925781
-0.0312538146972656 0.0506706237792969 0.00686645507812499 0.0740280151367188
0.0084228515625 0.0565872192382813 0.0219993591308594 0.0454826354980469
0.0419197082519531 0.0338973999023438 0.016932487487793 0.0174312591552734
0.0590972900390625 -0.00526046752929688 0.00575399398803711 0.00867414474487305
0.0498733520507813 -0.0326919555664063 -0.000541687011718748 0.0276298522949219
0.041534423828125 -0.0293502807617188 -0.00579071044921874 0.0390625
0.0463523864746094 -0.0379447937011719 -0.009857177734375 0.0480270385742188
0.0564041137695313 -0.0253410339355469 -0.0233955383300781 0.0449142456054688
0.0578842163085938 0.00673675537109375 -0.0388107299804687 0.032623291015625
0.0466728210449219 0.0346107482910156 -0.0372886657714844 0.0108451843261719
0.000587463378906254 0.0610427856445312 -0.0240554809570313 -0.0105876922607422
-0.042999267578125 0.0576629638671875 -0.00883102416992188 0.02471923828125
-0.0652427673339844 0.0357246398925781 -0.0602302551269531 0.0513648986816406
-0.035614013671875 -0.019775390625 -0.0398330688476562 0.094757080078125
-0.0405769348144531 -0.00484466552734375 -0.0388565063476562 0.102439880371094
-0.0302944183349609 0.0155601501464844 0.00616455078124999 0.0684585571289063
-0.01031494140625 0.0329341888427734 0.0120925903320312 0.0371818542480469
0.0149421691894531 0.0301742553710937 0.00398349761962891 0.0166053771972656
0.0379257202148438 0.00851821899414063 -0.0127925872802734 0.0165786743164063
0.0380210876464844 -0.011627197265625 -0.0179710388183594 0.0399703979492188
0.0316276550292969 -0.0185966491699219 -0.0136985778808594 0.0550422668457031
0.0365486145019531 -0.0181999206542969 -0.0195198059082031 0.0596275329589844
0.0439262390136719 -0.009429931640625 -0.0360450744628906 0.0570182800292969
0.0455245971679688 0.012908935546875 -0.0472869873046875 0.0357856750488281
0.0304908752441406 0.0315456390380859 -0.0470237731933594 0.00834655761718751
-0.0148124694824219 0.0475387573242188 -0.0234642028808594 -0.0120086669921875
-0.0454635620117187 0.0307693481445313 -0.0207386016845703 0.0314235687255859
-0.0586204528808594 7.17869790618457E-18 -0.0802383422851563 0.0569915771484375
0.0230598449707031 0.0314559936523438 0.0734786987304688 -0.0530166625976562
0.0399246215820313 -0.00551986694335938 0.0292205810546875 -0.0229969024658203
0.0134296417236328 -0.028717041015625 0.0272750854492187 0.0100440979003906
-0.0099334716796875 -0.027618408203125 0.0580825805664063 -0.000205993652343752
-0.0208549499511719 -0.0143527984619141 0.0637741088867188 -0.0343246459960938
-0.0310096740722656 0.00221633911132813 0.0439605712890625 -0.0652580261230469
-0.0228366851806641 0.00363349914550781 0.0230712890625 -0.0737152099609375
-0.0197105407714844 -0.000223159790039067 0.016326904296875 -0.0613822937011719
-0.0260372161865234 -0.00454902648925781 0.0174064636230469 -0.0453376770019531
-0.014923095703125 -0.0213527679443359 0.0196247100830078 -0.0273952484130859
0.0072174072265625 -0.0270195007324219 0.00151348114013672 -0.0150957107543945
0.0248336791992187 -0.0153484344482422 -0.00898933410644531 -0.0290660858154297
0.0349388122558594 0.0143814086914063 0.00125503540039062 -0.0686264038085938
0.0292510986328125 0.0394058227539063 0.0260772705078125 -0.093719482421875
0.00812911987304687 0.047607421875 0.0426712036132812 -0.0811920166015625
-0.00383758544921874 0.060455322265625 0.0799331665039063 -0.0360870361328125
0.0319347381591797 0.0296211242675781 0.0367889404296875 -0.0105018615722656
0.0213451385498047 0.0001983642578125 0.0336456298828125 0.0179500579833984
0.0138530731201172 -0.00975418090820313 0.0660743713378906 0.00574111938476562
0.00401496887207031 -0.0145750045776367 0.0720672607421875 -0.0301055908203125
-0.00798892974853516 -0.0150289535522461 0.0527763366699219 -0.0651168823242188
-0.00727462768554688 -0.0181694030761719 0.0308685302734375 -0.0739364624023438
-0.00330162048339844 -0.0191230773925781 0.0205879211425781 -0.0597686767578125
-0.00717353820800781 -0.0247764587402344 0.0211410522460938 -0.0407218933105469
0.0100536346435547 -0.0319290161132813 0.0219535827636719 -0.0218105316162109
0.0313701629638672 -0.0215702056884766 0.00140380859375 -0.00805091857910157
0.043121337890625 0.00117874145507813 -0.0117225646972656 -0.0193367004394531
0.0342788696289063 0.0411415100097656 -0.0116157531738281 -0.058807373046875
0.0130691528320313 0.0704498291015625 0.015045166015625 -0.08123779296875
-0.0146636962890625 0.0746383666992188 0.0337715148925781 -0.0631790161132813
-0.0321426391601563 0.0800323486328125 0.0786209106445313 -0.00936126708984375
0.0126571655273437 0.0657157897949219 0.0396957397460938 0.0136337280273438
0.0266704559326172 0.0341053009033203 0.0394020080566406 0.031951904296875
0.0364646911621094 0.013214111328125 0.0716629028320312 0.0157546997070313
0.0328159332275391 -0.00864601135253906 0.0748062133789063 -0.0217742919921875
0.0184040069580078 -0.0289993286132813 0.0562210083007813 -0.0575027465820312
0.00983428955078125 -0.0390625 0.0338287353515625 -0.0653419494628906
0.0135726928710938 -0.0361595153808594 0.0219192504882812 -0.0481185913085938
0.0124549865722656 -0.0420188903808594 0.0209407806396484 -0.0307903289794922
0.0289421081542969 -0.0411911010742188 0.0192451477050781 -0.0123691558837891
0.0516929626464844 -0.0200462341308594 -0.00366544723510742 0.00181746482849121
0.0591506958007813 0.0108833312988281 -0.0176792144775391 -0.0084228515625
0.0373077392578125 0.0585861206054688 -0.020782470703125 -0.0466575622558594
0.00402832031250001 0.0906143188476563 0.004974365234375 -0.0602035522460937
-0.0305404663085938 0.0928726196289063 0.0194168090820312 -0.0376548767089844
-0.0596771240234375 0.0870895385742188 0.0637550354003906 0.0253524780273438
-0.0126190185546875 0.0907974243164063 0.0314598083496094 0.0431251525878906
0.0164451599121094 0.0687599182128906 0.0391387939453125 0.0469627380371094
0.0532264709472656 0.0378150939941406 0.0695037841796875 0.029998779296875
0.0576248168945313 0.00148773193359375 0.0678443908691406 -0.00889205932617188
0.0442314147949219 -0.0363807678222656 0.0507087707519531 -0.0445938110351563
0.0282402038574219 -0.0516471862792969 0.0325889587402344 -0.0446395874023437
0.0271110534667969 -0.047149658203125 0.0190830230712891 -0.0291023254394531
0.0291061401367187 -0.0531883239746094 0.0183048248291016 -0.0121669769287109
0.0453567504882812 -0.0465621948242188 0.0116758346557617 0.00156688690185547
0.0632667541503906 -0.0181465148925781 -0.00929641723632812 0.0124664306640625
0.0669822692871094 0.0156364440917969 -0.0225982666015625 -0.000421524047851558
0.0380477905273437 0.0658798217773438 -0.0266914367675781 -0.0325183868408203
-0.00276184082031251 0.0982742309570312 -0.000152587890624998 -0.0349349975585937
-0.0434417724609375 0.0976791381835937 0.00335693359375 -0.00894737243652343
-0.0767364501953125 0.0780868530273437 0.0354843139648438 0.0569915771484375
-0.0389328002929688 0.095855712890625 0.0165939331054687 0.071563720703125
0.00251770019531251 0.0862350463867188 0.0306777954101562 0.0624961853027344
0.0541915893554688 0.0619354248046875 0.0595626831054688 0.0403251647949219
0.0698623657226563 0.0166015625 0.0551948547363281 0.00467681884765625
0.0632247924804688 -0.0329093933105469 0.040069580078125 -0.0257186889648438
0.0408935546875 -0.0562858581542969 0.0253257751464844 -0.0208835601806641
0.0370559692382813 -0.0513534545898438 0.0151147842407227 -0.00694751739501954
0.0388298034667969 -0.059051513671875 0.0102109909057617 0.00899314880371093
0.055816650390625 -0.0470695495605469 0.00194358825683594 0.0173416137695313
0.06927490234375 -0.0145187377929688 -0.0151443481445312 0.0217571258544922
0.0683746337890625 0.0206298828125 -0.0262336730957031 0.00782585144042969
0.0320358276367187 0.0684890747070313 -0.0268592834472656 -0.0217208862304688
-0.0125808715820312 0.095672607421875 -0.000283241271972657 -0.0112838745117187
-0.0516738891601563 0.0908279418945313 -0.0137081146240234 0.0173873901367188
-0.0771102905273438 0.0523300170898437 0.008544921875 0.0817337036132813
-0.0522079467773437 0.0780792236328125 -0.00385284423828126 0.0941314697265625
-0.0152587890625 0.0808792114257812 0.0208511352539063 0.0708160400390625
0.0390625 0.0702972412109375 0.0402412414550781 0.046630859375
0.0658302307128906 0.028167724609375 0.0326213836669922 0.0132560729980469
0.0683555603027344 -0.024658203125 0.0233135223388672 -0.00625228881835938
0.04779052734375 -0.0516548156738281 0.0127191543579102 0.00493812561035156
0.041900634765625 -0.0475273132324219 0.00611400604248047 0.0175352096557617
0.0447235107421875 -0.0530166625976563 0.00547218322753907 0.029296875
0.0582008361816406 -0.0443534851074219 -0.00864791870117187 0.031494140625
0.0685577392578125 -0.00692367553710938 -0.0250320434570313 0.0308609008789063
0.0638160705566406 0.0277328491210938 -0.0291271209716797 0.0115814208984375
0.02117919921875 0.0687294006347656 -0.0236339569091797 -0.0151405334472656
-0.0246734619140625 0.0823135375976563 -0.0023651123046875 0.00988578796386719
-0.05889892578125 0.0716094970703125 -0.0338172912597656 0.0410957336425781
-0.0622329711914063 0.0188713073730469 -0.0166549682617188 0.0956954956054687
-0.0551910400390625 0.0438041687011719 -0.0196304321289062 0.103103637695312
-0.0277481079101563 0.0555267333984375 0.0115203857421875 0.0718231201171875
0.0165252685546875 0.0602951049804688 0.0241851806640625 0.0457382202148438
0.0459938049316406 0.0316734313964844 0.0145454406738281 0.0178451538085938
0.0589828491210937 -0.01177978515625 0.00602912902832032 0.0101413726806641
0.045196533203125 -0.03759765625 -0.000293731689453125 0.0268173217773437
0.0399703979492188 -0.0350303649902344 -0.00209426879882812 0.0399131774902344
0.0429954528808594 -0.0413398742675781 -0.00782012939453125 0.0489082336425781
0.0543365478515625 -0.0316505432128906 -0.021392822265625 0.0456085205078125
0.0607032775878906 0.000518798828125 -0.0359687805175781 0.0350379943847656
0.0519294738769531 0.0311622619628906 -0.0359153747558594 0.0114898681640625
0.00692367553710937 0.0615310668945312 -0.0232810974121094 -0.00955581665039062
-0.0380821228027344 0.0634307861328125 -0.0064239501953125 0.0244503021240234
-0.0619468688964844 0.0438079833984375 -0.0524978637695313 0.0548019409179687
-0.0378036499023438 -0.0182647705078125 -0.0318679809570313 0.09619140625
-0.0424690246582031 0.00299835205078124 -0.0288543701171875 0.101692199707031
-0.0317192077636719 0.0195446014404297 0.00716018676757812 0.0653762817382813
-0.00667572021484375 0.0374031066894531 0.0122261047363281 0.0382919311523438
0.0203266143798828 0.0289421081542969 0.00165748596191407 0.0180320739746094
0.038970947265625 0.00296783447265625 -0.0101070404052734 0.020599365234375
0.0372848510742187 -0.0168266296386719 -0.0105857849121094 0.0414390563964844
0.0327186584472656 -0.0204334259033203 -0.00922393798828125 0.0536727905273438
0.0369224548339844 -0.0244331359863281 -0.0168380737304687 0.0624809265136719
0.0432357788085938 -0.0176315307617188 -0.0345916748046875 0.0545997619628906
0.0456008911132813 0.00689315795898438 -0.0479393005371094 0.0391998291015625
0.0359573364257813 0.0316390991210938 -0.0442466735839844 0.00869369506835938
-0.00826644897460937 0.049041748046875 -0.0262737274169922 -0.0081329345703125
-0.0440597534179688 0.0380973815917969 -0.0156211853027344 0.03204345703125
-0.0581092834472656 0.00849151611328124 -0.0737762451171875 0.0583572387695313
0.0237445831298828 0.0286426544189453 0.0686531066894531 -0.0549163818359375
0.0386924743652344 -0.00871658325195313 0.0255298614501953 -0.023651123046875
0.0112056732177734 -0.0289268493652344 0.0266895294189453 0.0100841522216797
-0.0103397369384766 -0.0253124237060547 0.0568008422851563 -0.00199508666992188
-0.0218486785888672 -0.0120830535888672 0.0610084533691406 -0.0367088317871094
-0.0283412933349609 0.00454902648925781 0.0413589477539063 -0.0653915405273438
-0.0207271575927734 0.00503158569335937 0.019195556640625 -0.07421875
-0.0189781188964844 0.000829696655273434 0.01153564453125 -0.0608482360839844
-0.0258617401123047 -0.00248527526855468 0.0138664245605469 -0.0459671020507812
-0.0166282653808594 -0.0187969207763672 0.0164699554443359 -0.0307025909423828
0.00410079956054688 -0.0277862548828125 0.00220012664794922 -0.0172147750854492
0.0222053527832031 -0.0169906616210938 -0.007110595703125 -0.028656005859375
0.0348834991455078 0.0111808776855469 -0.000148773193359376 -0.0654411315917969
0.0310173034667969 0.0351829528808594 0.0218276977539063 -0.0929107666015625
0.011077880859375 0.0447425842285156 0.0381317138671875 -0.0834732055664063
-0.000846862792968755 0.0584793090820313 0.0773239135742188 -0.0394821166992187
0.0320243835449219 0.0275650024414063 0.0339698791503906 -0.0114269256591797
0.0213565826416016 6.866455078125E-05 0.0328731536865234 0.0172615051269531
0.0132894515991211 -0.0102968215942383 0.0654411315917969 0.00433731079101562
0.00352287292480469 -0.0137319564819336 0.0691375732421875 -0.03289794921875
-0.00809288024902344 -0.012629508972168 0.0492439270019531 -0.0662498474121094
-0.0078582763671875 -0.0176277160644531 0.0262069702148437 -0.075408935546875
-0.00479316711425781 -0.0187206268310547 0.0159416198730469 -0.0598869323730469
-0.00763893127441406 -0.0241031646728516 0.0172500610351563 -0.0431861877441406
0.00766372680664062 -0.0307254791259766 0.0193920135498047 -0.0255355834960938
0.0294876098632812 -0.0244121551513672 0.00191593170166016 -0.0106182098388672
0.042236328125 -0.0015411376953125 -0.0103054046630859 -0.0196933746337891
0.03515625 0.0378990173339844 -0.0106239318847656 -0.0563888549804687
0.0177116394042969 0.06658935546875 0.01202392578125 -0.0798187255859375
-0.0102081298828125 0.073333740234375 0.030914306640625 -0.0659103393554688
-0.028167724609375 0.0805740356445313 0.0761489868164063 -0.0125808715820312
0.0144844055175781 0.0635986328125 0.0368690490722656 0.00976943969726563
0.0252685546875 0.0343685150146484 0.0383338928222656 0.0300102233886719
0.0377655029296875 0.0111122131347656 0.0705337524414063 0.0145187377929688
0.0322227478027344 -0.0102729797363281 0.07208251953125 -0.0245819091796875
0.0168304443359375 -0.0285682678222656 0.0516204833984375 -0.0598220825195313
0.00824737548828125 -0.0381851196289063 0.0297012329101563 -0.0657806396484375
0.0116615295410156 -0.0365943908691406 0.0177459716796875 -0.0498504638671875
0.0106887817382813 -0.0423164367675781 0.0174751281738281 -0.0320682525634766
0.026885986328125 -0.041229248046875 0.0169315338134766 -0.0158796310424805
0.0489654541015625 -0.0225753784179688 -0.00234389305114746 -0.00145554542541504
0.0587539672851563 0.00754547119140625 -0.0155963897705078 -0.0106716156005859
0.0392570495605469 0.0551986694335938 -0.0212020874023437 -0.0444450378417969
0.00862121582031251 0.0889511108398438 0.00243759155273438 -0.0601577758789062
-0.0250778198242188 0.09210205078125 0.0184974670410156 -0.0411300659179687
-0.0556488037109375 0.0887603759765625 0.063140869140625 0.0201187133789063
-0.00915527343749999 0.089752197265625 0.0323867797851563 0.0386428833007813
0.0218353271484375 0.0675430297851563 0.0377006530761719 0.0449256896972656
0.0547637939453125 0.0363082885742188 0.0682525634765625 0.0266609191894531
0.0570564270019531 -0.0012969970703125 0.0667228698730469 -0.0112342834472656
0.0416412353515625 -0.0373306274414063 0.0485076904296875 -0.0451011657714844
0.0245475769042969 -0.0533065795898438 0.02923583984375 -0.0471687316894531
0.025146484375 -0.0488929748535156 0.0167236328125 -0.0310802459716797
0.0262794494628906 -0.0548591613769531 0.0147466659545898 -0.0145587921142578
0.0425872802734375 -0.0491600036621094 0.0106487274169922 -0.00230884552001953
0.06243896484375 -0.021240234375 -0.0077524185180664 0.00931262969970703
0.0677490234375 0.0124282836914062 -0.0200557708740234 -0.000804901123046875
0.0408706665039063 0.0644950866699219 -0.0261116027832031 -0.030975341796875
0.00313568115234375 0.0979385375976563 -0.00112152099609375 -0.0358848571777344
-0.0363693237304688 0.09814453125 0.00368785858154297 -0.0123615264892578
-0.072479248046875 0.0804290771484375 0.040008544921875 0.0535964965820313
-0.033416748046875 0.0961227416992188 0.0186119079589844 0.0683631896972656
0.00711822509765624 0.086212158203125 0.0312080383300781 0.0597915649414063
0.0573196411132813 0.05914306640625 0.0581855773925781 0.0380973815917969
0.070465087890625 0.0116958618164062 0.0530891418457031 0.00286483764648438
0.0602149963378906 -0.0380172729492188 0.0370750427246094 -0.0257492065429688
0.0373687744140625 -0.057708740234375 0.0239753723144531 -0.0218105316162109
0.0349998474121094 -0.0534324645996094 0.0125455856323242 -0.00681114196777344
0.0362434387207031 -0.0600471496582031 0.00957965850830078 0.00629138946533203
0.0512275695800781 -0.0501365661621094 0.00206279754638672 0.0145292282104492
0.0679092407226563 -0.0179176330566406 -0.0150604248046875 0.0203399658203125
0.0698089599609375 0.0170631408691406 -0.0237407684326172 0.00569725036621094
0.0359382629394531 0.0669746398925781 -0.0256519317626953 -0.0209693908691406
-0.00671386718750001 0.0951385498046875 -0.000700950622558594 -0.0116748809814453
-0.0464248657226563 0.0922698974609375 -0.0117006301879883 0.0164070129394531
-0.0740585327148438 0.0569000244140625 0.0124282836914063 0.0797653198242188
-0.0490188598632812 0.079833984375 0.000762939453124992 0.0897293090820312
-0.0109405517578125 0.0833511352539063 0.0212059020996094 0.0678749084472656
0.0446510314941406 0.0676651000976563 0.0411643981933594 0.0438079833984375
0.0666007995605469 0.0236320495605469 0.0331516265869141 0.0134067535400391
0.0658988952636719 -0.0294380187988281 0.0213050842285156 -0.00594520568847656
0.0436820983886719 -0.0533447265625 0.0128917694091797 0.00331878662109375
0.0391159057617188 -0.04986572265625 0.00748825073242188 0.0162429809570312
0.0423088073730469 -0.0563278198242187 0.00211143493652344 0.0279312133789062
0.05474853515625 -0.0460853576660156 -0.00761795043945312 0.0310249328613281
0.06781005859375 -0.012054443359375 -0.0231056213378906 0.0293140411376953
0.0652046203613281 0.0225639343261719 -0.0285701751708984 0.00956153869628907
0.0244636535644531 0.0663719177246094 -0.0234413146972656 -0.0138587951660156
-0.0187606811523437 0.0849151611328125 0.000276565551757811 0.00784826278686524
-0.05438232421875 0.0739059448242188 -0.0289535522460937 0.0401954650878906
-0.0616683959960938 0.022613525390625 -0.011871337890625 0.09442138671875
-0.0510292053222656 0.0471267700195313 -0.0158462524414063 0.100624084472656
-0.024993896484375 0.0583877563476563 0.0116996765136719 0.0687408447265625
0.0215492248535156 0.0593795776367188 0.0234451293945312 0.0436134338378906
0.04852294921875 0.0283889770507813 0.0142059326171875 0.0182514190673828
0.0580482482910156 -0.0161247253417969 0.00505447387695313 0.0114679336547852
0.0423927307128906 -0.0398330688476563 0.0019073486328125 0.0263156890869141
0.0361251831054688 -0.0386695861816406 0.000507354736328129 0.038238525390625
0.0405082702636719 -0.0454673767089844 -0.00539779663085938 0.0472373962402344
0.0513763427734375 -0.0353469848632813 -0.0193290710449219 0.0450286865234375
0.0603599548339844 -0.00422286987304687 -0.0342178344726563 0.0354499816894531
0.0533409118652344 0.0274696350097656 -0.0348548889160156 0.0106010437011719
0.0103111267089844 0.0607223510742188 -0.0232467651367188 -0.0101757049560547
-0.0323982238769531 0.0655136108398438 -0.00430870056152344 0.0229892730712891
-0.0585708618164062 0.0463104248046875 -0.0495643615722656 0.0545806884765625
-0.0390815734863281 -0.0152359008789062 -0.0272903442382813 0.0962295532226563
-0.0420417785644531 0.00621414184570312 -0.024017333984375 0.09918212890625
-0.0305366516113281 0.0224723815917969 0.00796890258789062 0.0638084411621094
-0.00353240966796875 0.0383224487304688 0.0123481750488281 0.03765869140625
0.0233821868896484 0.02703857421875 0.000804901123046875 0.018951416015625
0.0395660400390625 -0.0007781982421875 -0.00919151306152343 0.0230560302734375
0.0343799591064453 -0.0202884674072266 -0.00806427001953124 0.0431060791015625
0.0293979644775391 -0.0215282440185547 -0.00634765624999999 0.0543746948242188
0.0336322784423828 -0.0277805328369141 -0.0123138427734375 0.062469482421875
0.041107177734375 -0.0200691223144531 -0.0311622619628906 0.0562248229980469
0.045654296875 0.00442886352539063 -0.0453262329101563 0.0390129089355469
0.0374603271484375 0.0279426574707031 -0.0431098937988281 0.00974655151367188
-0.00403213500976563 0.0494728088378906 -0.0254325866699219 -0.00852394104003906
-0.0412635803222656 0.0396194458007813 -0.0128135681152344 0.0303535461425781
-0.0556488037109375 0.0125923156738281 -0.0684814453125 0.0594596862792969
0.0245265960693359 0.0272064208984375 0.06719970703125 -0.0556602478027344
0.0374183654785156 -0.00927734375 0.0234489440917969 -0.0233421325683594
0.0102729797363281 -0.0290012359619141 0.0263595581054688 0.0110988616943359
-0.0120105743408203 -0.0243053436279297 0.05621337890625 -0.001800537109375
-0.0221786499023438 -0.0111045837402344 0.0600776672363281 -0.037353515625
-0.027679443359375 0.00617027282714844 0.0407752990722656 -0.0657157897949219
-0.0207195281982422 0.00580596923828125 0.0177230834960938 -0.0741195678710938
-0.0180320739746094 0.000839233398437498 0.0100364685058594 -0.0616111755371094
-0.024658203125 -0.000593185424804685 0.0118980407714844 -0.0473442077636719
-0.0168371200561523 -0.0167808532714844 0.0150623321533203 -0.0330562591552734
0.00280952453613281 -0.0275936126708984 0.00321578979492187 -0.0195598602294922
0.0215606689453125 -0.0180168151855469 -0.00514602661132812 -0.0296382904052734
0.0348033905029297 0.008636474609375 0.000568389892578123 -0.0637054443359375
0.0322017669677734 0.0327358245849609 0.020782470703125 -0.0921478271484375
0.0123481750488281 0.0429534912109375 0.0370559692382813 -0.08502197265625
0.000503540039062502 0.0584259033203125 0.0771255493164063 -0.0405654907226562
0.0307846069335938 0.0272293090820313 0.0319080352783203 -0.0121288299560547
0.0206451416015625 5.53131103515625E-05 0.0324535369873047 0.0176982879638672
0.0128488540649414 -0.0100870132446289 0.0651626586914062 0.00437545776367187
0.00342178344726563 -0.0133562088012695 0.0678215026855469 -0.0331573486328125
-0.00726890563964844 -0.0121946334838867 0.0478935241699219 -0.0670814514160156
-0.00774765014648438 -0.0173854827880859 0.024139404296875 -0.0756454467773438
-0.00363922119140625 -0.0186424255371094 0.0141334533691406 -0.0614128112792969
-0.00748062133789062 -0.0228843688964844 0.015106201171875 -0.0443458557128906
0.00582122802734375 -0.0306339263916016 0.0183830261230469 -0.0285377502441406
0.02801513671875 -0.0239372253417969 0.00284481048583985 -0.0128707885742188
0.04119873046875 -0.00252532958984375 -0.00864219665527344 -0.0212516784667969
0.0361900329589844 0.0359458923339844 -0.0103416442871094 -0.0551071166992187
0.0183372497558594 0.0653038024902344 0.0118637084960938 -0.0795059204101563
-0.00826263427734375 0.071868896484375 0.0307388305664062 -0.0677680969238281
-0.0271530151367187 0.0812835693359375 0.0755462646484375 -0.0151824951171875
0.0155258178710937 0.06329345703125 0.0355186462402344 0.00819778442382813
0.0259590148925781 0.0356636047363281 0.0362319946289063 0.0297622680664063
0.0379447937011719 0.0108871459960937 0.069427490234375 0.0135917663574219
0.0323600769042969 -0.0103034973144531 0.0706863403320313 -0.02459716796875
0.0170326232910156 -0.0281658172607422 0.0504379272460938 -0.0604248046875
0.00804901123046875 -0.0387611389160156 0.0276679992675781 -0.0664749145507812
0.0107498168945312 -0.0370368957519531 0.0155563354492188 -0.0511398315429688
0.00960540771484375 -0.0420608520507813 0.0154457092285156 -0.0337562561035156
0.0261306762695313 -0.0416831970214844 0.0160350799560547 -0.0185070037841797
0.0485458374023438 -0.0234146118164063 -0.00177669525146484 -0.00398635864257813
0.0579795837402344 0.00625228881835938 -0.0135936737060547 -0.0116662979125977
0.0402565002441406 0.054473876953125 -0.0199775695800781 -0.0431060791015625
0.0109634399414063 0.0874176025390625 0.00207138061523438 -0.0598602294921875
-0.0227508544921875 0.09136962890625 0.0186042785644531 -0.0432929992675781
-0.0540847778320312 0.0907821655273438 0.0631866455078125 0.0182304382324219
-0.00773620605468751 0.0900039672851563 0.031402587890625 0.0369911193847656
0.0218467712402344 0.0686607360839844 0.0366058349609375 0.044219970703125
0.0559005737304688 0.035919189453125 0.0680465698242188 0.0260848999023438
0.0576972961425781 -0.00189208984375 0.0652427673339844 -0.01171875
0.0416526794433594 -0.0385894775390625 0.0470046997070313 -0.0454254150390625
0.0236778259277344 -0.0532875061035156 0.0278205871582031 -0.0477409362792969
0.02410888671875 -0.0498008728027344 0.0157947540283203 -0.0327568054199219
0.0241432189941406 -0.0564193725585938 0.0135259628295898 -0.0160102844238281
0.0408821105957031 -0.050262451171875 0.00965213775634766 -0.00368595123291016
0.0614433288574219 -0.0230369567871094 -0.00778436660766601 0.00727272033691406
0.0685615539550781 0.0103759765625 -0.0187053680419922 -0.00258827209472656
0.0418663024902344 0.0635833740234375 -0.0254707336425781 -0.0311450958251953
0.00503540039062501 0.0979537963867188 -0.001434326171875 -0.0373268127441406
-0.03387451171875 0.099395751953125 0.00507164001464843 -0.014338493347168
-0.0712203979492188 0.0830535888671875 0.0404739379882812 0.0514068603515625
-0.0323715209960938 0.0975189208984375 0.0192642211914063 0.0654830932617188
0.00848388671874999 0.0891952514648438 0.0303306579589844 0.0578231811523438
0.059417724609375 0.0584907531738281 0.0574417114257813 0.0369720458984375
0.0718536376953125 0.01068115234375 0.0520286560058594 0.00324630737304688
0.0594596862792969 -0.0395965576171875 0.0364494323730469 -0.0260353088378906
0.0361289978027344 -0.059417724609375 0.0227031707763672 -0.0230922698974609
0.0332069396972656 -0.0552444458007813 0.0121164321899414 -0.00933551788330078
0.0349502563476563 -0.062042236328125 0.00845003128051758 0.00482892990112304
0.0502243041992188 -0.0529289245605469 0.00219440460205078 0.0127391815185547
0.0685691833496094 -0.0199928283691406 -0.0150470733642578 0.0179443359375
0.070953369140625 0.0153579711914062 -0.0229244232177734 0.00452232360839844
0.037567138671875 0.0671463012695313 -0.0247745513916016 -0.0213336944580078
-0.0032806396484375 0.0963134765625 -0.000329017639160157 -0.0129985809326172
-0.044036865234375 0.093658447265625 -0.0110034942626953 0.0141067504882813
-0.0740509033203125 0.0589218139648437 0.0141525268554687 0.0784912109375
-0.0478057861328125 0.0818252563476562 -0.000465393066406258 0.0873489379882813
-0.00972747802734375 0.0852432250976563 0.0201835632324219 0.0658531188964844
0.0466423034667969 0.0667304992675781 0.0396270751953125 0.0426788330078125
0.0678596496582031 0.0208702087402344 0.0325431823730469 0.0136737823486328
0.0645637512207031 -0.0317306518554688 0.020050048828125 -0.0048065185546875
0.0426750183105469 -0.05523681640625 0.0134382247924805 0.003204345703125
0.0370826721191406 -0.0513725280761719 0.00668144226074219 0.015955924987793
0.0399932861328125 -0.0588340759277344 0.00218582153320313 0.0267677307128906
0.0535163879394531 -0.0488090515136719 -0.00788688659667968 0.0294113159179687
0.0671806335449219 -0.0146598815917969 -0.0238151550292969 0.0273571014404297
0.0661773681640625 0.020538330078125 -0.0280342102050781 0.00852394104003907
0.0262908935546875 0.0666313171386719 -0.0235233306884766 -0.0142021179199219
-0.0158462524414062 0.0867462158203125 0.000914573669433593 0.00656414031982422
-0.0526123046875 0.0756759643554688 -0.0277900695800781 0.0384712219238281
-0.0616378784179688 0.0253372192382812 -0.0102081298828125 0.09393310546875
-0.0508041381835937 0.0491561889648438 -0.01470947265625 0.09814453125
-0.0236396789550781 0.061248779296875 0.01104736328125 0.0672798156738281
0.0237808227539062 0.0592193603515625 0.0222244262695312 0.0430030822753906
0.0503349304199219 0.0270271301269531 0.0139789581298828 0.0200271606445313
0.0570182800292969 -0.018310546875 0.00455856323242188 0.0127639770507812
0.0410919189453125 -0.0417289733886719 0.002777099609375 0.0262775421142578
0.0358200073242188 -0.0403060913085938 0.000976562500000001 0.0374298095703125
0.03887939453125 -0.0474433898925781 -0.00496292114257812 0.0466461181640625
0.0500984191894531 -0.0381278991699219 -0.0191650390625 0.0442466735839844
0.0608901977539063 -0.00667572021484375 -0.0339393615722656 0.0344734191894531
0.05523681640625 0.0254592895507813 -0.03472900390625 0.00999450683593751
0.0115623474121094 0.0613822937011719 -0.0225830078125 -0.00995635986328124
-0.0302810668945313 0.0673332214355469 -0.00357627868652344 0.0217266082763672
-0.0572967529296875 0.0477523803710937 -0.0473899841308594 0.05438232421875
-0.0404853820800781 -0.013275146484375 -0.0261764526367188 0.09637451171875
-0.0417404174804687 0.00801086425781251 -0.0224456787109375 0.0980224609375
-0.0311431884765625 0.0250663757324219 0.00632095336914063 0.0630912780761719
-0.0014801025390625 0.0397872924804688 0.0106391906738281 0.0384292602539063
0.0249767303466797 0.025177001953125 -0.0001678466796875 0.0202751159667969
0.0401840209960938 -0.00261688232421875 -0.00819015502929687 0.024322509765625
0.0331935882568359 -0.0221500396728516 -0.00631332397460937 0.04248046875
0.0286312103271484 -0.0229740142822266 -0.00450515747070312 0.0537338256835938
0.0329341888427734 -0.0297775268554688 -0.0122947692871094 0.0618743896484375
0.0402336120605469 -0.0224418640136719 -0.0307693481445313 0.055755615234375
0.0458297729492188 0.00196075439453125 -0.0449676513671875 0.0387840270996094
0.0386772155761719 0.0269775390625 -0.0427474975585938 0.00920867919921876
-0.00327301025390625 0.049285888671875 -0.0246620178222656 -0.00944328308105469
-0.039154052734375 0.0409622192382813 -0.0109291076660156 0.0296039581298828
-0.0546989440917969 0.0142745971679688 -0.0676002502441406 0.0601463317871094
0.025604248046875 0.0268192291259766 0.0690841674804688 -0.0577049255371094
0.0370407104492188 -0.010162353515625 0.0225315093994141 -0.0242156982421875
0.0100040435791016 -0.0291671752929688 0.0267696380615234 0.0111751556396484
-0.0128307342529297 -0.0245380401611328 0.0576629638671875 -0.0021820068359375
-0.0230712890625 -0.0107479095458984 0.0614051818847656 -0.0387802124023438
-0.0279674530029297 0.00806236267089844 0.042083740234375 -0.06903076171875
-0.0215473175048828 0.00711441040039062 0.0168380737304688 -0.0762557983398438
-0.0181961059570313 0.00235557556152343 0.00885391235351562 -0.0633430480957031
-0.0241413116455078 0.000938415527343749 0.0113143920898438 -0.0492782592773438
-0.0185050964355469 -0.0162944793701172 0.0151023864746094 -0.0357589721679687
0.00134849548339844 -0.0278854370117188 0.00444984436035156 -0.0217704772949219
0.0211257934570313 -0.018707275390625 -0.00314521789550781 -0.0313873291015625
0.0359306335449219 0.00735855102539063 0.00211715698242188 -0.0650138854980469
0.032501220703125 0.0321636199951172 0.0219268798828125 -0.0931930541992188
0.0139808654785156 0.04327392578125 0.038177490234375 -0.088531494140625
-5.72204589843708E-05 0.0599136352539062 0.0777664184570313 -0.0416107177734375
0.030914306640625 0.0276699066162109 0.0308780670166016 -0.0134677886962891
0.0205802917480469 0.00118446350097656 0.0325088500976563 0.0189247131347656
0.0133533477783203 -0.0104446411132813 0.0666885375976563 0.00417709350585937
0.00420951843261719 -0.0125856399536133 0.0694618225097656 -0.0344314575195313
-0.00708580017089843 -0.0119094848632813 0.0487251281738281 -0.0691642761230469
-0.00771141052246094 -0.0171928405761719 0.0230789184570313 -0.07720947265625
-0.0045013427734375 -0.0189285278320313 0.0130691528320313 -0.0630607604980469
-0.00662803649902344 -0.0226497650146484 0.0143356323242187 -0.0469398498535156
0.00571632385253906 -0.0301055908203125 0.0180187225341797 -0.0315799713134766
0.0277023315429688 -0.0251178741455078 0.00289249420166016 -0.0151767730712891
0.0419960021972656 -0.0041656494140625 -0.00728797912597656 -0.0229072570800781
0.0373764038085938 0.03656005859375 -0.00843811035156249 -0.0556678771972656
0.0197792053222656 0.0665206909179688 0.0122604370117187 -0.08056640625
-0.00732421875 0.0732192993164063 0.0325469970703125 -0.07098388671875
-0.0275344848632813 0.0836715698242188 0.0775604248046875 -0.01580810546875
0.0157852172851563 0.0649795532226563 0.0349578857421875 0.00780677795410157
0.0270729064941406 0.0374374389648438 0.0359573364257813 0.0306015014648438
0.0391082763671875 0.0109634399414063 0.0710220336914063 0.0145187377929688
0.0329647064208984 -0.0106830596923828 0.0715866088867188 -0.0247726440429688
0.0172595977783203 -0.0285549163818359 0.0504226684570313 -0.0621109008789063
0.0076141357421875 -0.0396041870117188 0.0272216796875 -0.0690383911132812
0.010772705078125 -0.0386619567871094 0.0141143798828125 -0.0531272888183594
0.0106124877929688 -0.0431709289550781 0.0144271850585937 -0.0361480712890625
0.0264053344726562 -0.0433120727539063 0.0151596069335938 -0.0220699310302734
0.0493011474609375 -0.0245742797851562 -0.00118303298950195 -0.00562286376953125
0.0595779418945313 0.00539016723632813 -0.0124664306640625 -0.0138778686523438
0.0417098999023438 0.0555763244628906 -0.0186958312988281 -0.0438346862792969
0.0128936767578125 0.0894241333007813 0.00289154052734375 -0.0617752075195312
-0.0224685668945312 0.093536376953125 0.0200767517089844 -0.0464820861816406
-0.0542755126953125 0.0943374633789063 0.06463623046875 0.0171470642089844
-0.00774383544921874 0.09259033203125 0.0307121276855469 0.0351676940917969
0.0239181518554688 0.0714950561523438 0.0366096496582031 0.0457534790039063
0.0586166381835937 0.0366020202636719 0.0684700012207031 0.0268974304199219
0.0597915649414062 -0.0030059814453125 0.0670280456542969 -0.011260986328125
0.0427436828613281 -0.0395622253417969 0.0473556518554687 -0.04656982421875
0.0230751037597656 -0.0558395385742188 0.0267257690429687 -0.0497474670410156
0.0228271484375 -0.052734375 0.0153579711914063 -0.0342483520507812
0.0234489440917969 -0.0582427978515625 0.0117244720458984 -0.0180244445800781
0.0408172607421875 -0.0527915954589844 0.00963401794433594 -0.00695037841796875
0.0633773803710938 -0.0254592895507813 -0.00831317901611328 0.00509500503540039
0.070465087890625 0.00978851318359375 -0.0183925628662109 -0.00414085388183594
0.0444755554199219 0.0659103393554688 -0.0249195098876953 -0.0325908660888672
0.00708007812499999 0.101242065429688 -0.000293731689453126 -0.038055419921875
-0.0336761474609375 0.102218627929688 0.0059814453125 -0.0173635482788086
-0.0720748901367187 0.0865936279296875 0.04229736328125 0.0512771606445313
-0.03179931640625 0.101425170898438 0.0184707641601562 0.0646781921386719
0.0099639892578125 0.0918960571289062 0.0298080444335937 0.0590324401855469
0.0625839233398438 0.0595664978027344 0.0574913024902344 0.0383758544921875
0.0747756958007813 0.00910186767578125 0.0532760620117188 0.00316619873046875
0.0601577758789063 -0.0412178039550781 0.0358963012695313 -0.0264320373535156
0.0356559753417969 -0.0625076293945313 0.0223789215087891 -0.0246238708496094
0.0335655212402344 -0.0581779479980469 0.0113601684570313 -0.00958347320556641
0.0344352722167969 -0.0655975341796875 0.00712156295776367 0.00382232666015625
0.0502395629882813 -0.0565719604492187 0.00132846832275391 0.0116004943847656
0.0706329345703125 -0.0226898193359375 -0.0155019760131836 0.0171270370483398
0.0744552612304688 0.0147171020507813 -0.0224838256835938 0.00225639343261719
0.0398788452148438 0.0694046020507813 -0.0240135192871094 -0.0221576690673828
-0.001739501953125 0.1004638671875 0.000167846679687501 -0.0139408111572266
-0.0439987182617188 0.0968856811523438 -0.00958442687988281 0.0126991271972656
-0.076019287109375 0.0630035400390625 0.0142288208007813 0.0785980224609375
-0.0474319458007813 0.0846786499023438 0.000846862792968738 0.0878448486328125
-0.00801086425781251 0.0898284912109375 0.0192337036132813 0.0668678283691406
0.0493621826171875 0.0675239562988281 0.0395584106445313 0.0447807312011719
0.0709457397460938 0.0204391479492187 0.0322532653808594 0.0144557952880859
0.0656166076660156 -0.0334129333496094 0.0206127166748047 -0.00386238098144532
0.0423316955566406 -0.0581932067871094 0.0136957168579102 0.00289821624755859
0.0375404357910156 -0.0549468994140625 0.00734329223632813 0.0149869918823242
0.039215087890625 -0.0623741149902344 0.00123977661132813 0.0269107818603516
0.052947998046875 -0.0519371032714844 -0.00780105590820313 0.0288105010986328
0.0702896118164063 -0.01715087890625 -0.0247001647949219 0.0275630950927734
0.0696525573730469 0.0204010009765625 -0.0286045074462891 0.00767898559570313
0.0289497375488281 0.0692520141601562 -0.0226783752441406 -0.0146255493164063
-0.014862060546875 0.0892181396484375 0.00188064575195312 0.00548887252807618
-0.0519180297851563 0.0782241821289063 -0.0276527404785156 0.0382537841796875
-0.0641021728515625 0.0275001525878906 -0.0105438232421875 0.0956802368164063
-0.0520858764648437 0.0522384643554688 -0.014923095703125 0.0986251831054688
-0.0233726501464844 0.0646820068359375 0.0103988647460938 0.06793212890625
0.0259132385253906 0.0607032775878906 0.0218276977539063 0.0440902709960938
0.0527992248535156 0.0261383056640625 0.0140476226806641 0.0216922760009766
0.05908203125 -0.0205192565917969 0.00539016723632813 0.0139522552490234
0.0409317016601563 -0.044281005859375 0.00361824035644532 0.0259113311767578
0.0353050231933594 -0.0428695678710938 0.00195693969726563 0.0376510620117187
0.0384063720703125 -0.0508689880371094 -0.00506973266601562 0.0477676391601563
0.0504302978515625 -0.0408897399902344 -0.0198249816894531 0.0447044372558594
0.0624160766601563 -0.00846481323242188 -0.0351753234863281 0.0348663330078125
0.0575790405273437 0.0252571105957031 -0.0355987548828125 0.00938415527343749
0.0135421752929688 0.0634765625 -0.0229930877685547 -0.0115776062011719
-0.0294113159179687 0.0704879760742188 -0.00179481506347656 0.0212135314941406
-0.0574150085449219 0.0502510070800781 -0.0479850769042969 0.0543365478515625
-0.0412063598632813 -0.0121612548828125 -0.027008056640625 0.0990371704101563
-0.043701171875 0.00943756103515626 -0.0231857299804688 0.0992202758789063
-0.0312347412109375 0.0275478363037109 0.00532913208007813 0.0633277893066406
0.000640869140625001 0.0397262573242188 0.0100059509277344 0.0390625
0.0262832641601563 0.0255680084228516 0.000291824340820316 0.0220832824707031
0.040283203125 -0.00436019897460938 -0.00814056396484375 0.0256500244140625
0.0326461791992188 -0.0243816375732422 -0.00501632690429687 0.043304443359375
0.0275669097900391 -0.0253067016601563 -0.00367355346679688 0.0545997619628906
0.0327224731445313 -0.0315952301025391 -0.0117912292480469 0.0640640258789063
0.041107177734375 -0.0245933532714844 -0.0307464599609375 0.0573883056640625
0.0474815368652344 5.7220458984375E-05 -0.047149658203125 0.0403633117675781
0.0399589538574219 0.026397705078125 -0.0434989929199219 0.00928115844726562
-0.00182342529296875 0.0511970520019531 -0.0245761871337891 -0.00959205627441406
-0.0389556884765625 0.043426513671875 -0.0100021362304688 0.0296077728271484
-0.0554580688476563 0.0154762268066406 -0.0679779052734375 0.0614814758300781
0.0273265838623047 0.02655029296875 0.0712661743164063 -0.0611114501953125
0.0378799438476563 -0.0118370056152344 0.0225906372070313 -0.0250968933105469
0.00929832458496094 -0.0308856964111328 0.0276546478271484 0.0120735168457031
-0.0144252777099609 -0.0248489379882813 0.0603408813476563 -0.00185012817382813
-0.024322509765625 -0.009796142578125 0.0636405944824219 -0.0423660278320313
-0.0280055999755859 0.00945854187011719 0.0419921875 -0.0741958618164062
-0.0214138031005859 0.0081939697265625 0.0155105590820312 -0.0808258056640625
-0.0191822052001953 0.00287437438964844 0.00642776489257813 -0.066864013671875
-0.0245399475097656 0.00173377990722657 0.009765625 -0.0523605346679687
-0.0191173553466797 -0.0154685974121094 0.014434814453125 -0.0391426086425781
-0.000799179077148435 -0.0283355712890625 0.00430679321289062 -0.0245571136474609
0.0207862854003906 -0.0203685760498047 -0.00292015075683594 -0.0334815979003906
0.0380363464355469 0.00623703002929688 0.00221633911132812 -0.0675468444824219
0.0345382690429688 0.0318412780761719 0.021759033203125 -0.097320556640625
0.0155906677246094 0.0443153381347656 0.0391616821289063 -0.0952301025390625
0.00252532958984374 0.0622634887695313 0.08087158203125 -0.0451583862304687
0.0334396362304688 0.0281162261962891 0.0310802459716797 -0.0138835906982422
0.0225563049316406 0.0018157958984375 0.0331077575683594 0.0199737548828125
0.0135278701782227 -0.0106592178344727 0.0688858032226563 0.00442886352539063
0.00393104553222656 -0.013331413269043 0.0719680786132813 -0.0378189086914063
-0.00656318664550781 -0.011448860168457 0.04864501953125 -0.0740127563476563
-0.00851058959960938 -0.0181083679199219 0.0216751098632812 -0.082244873046875
-0.00546836853027344 -0.0203857421875 0.00994110107421875 -0.06640625
-0.00783920288085938 -0.0236492156982422 0.0124435424804688 -0.0502204895019531
0.00558090209960938 -0.0310649871826172 0.0166149139404297 -0.0350704193115234
0.0278797149658203 -0.0267486572265625 0.00321197509765625 -0.0186119079589844
0.04290771484375 -0.00448226928710938 -0.00629234313964843 -0.0253143310546875
0.0404396057128906 0.037322998046875 -0.00839996337890625 -0.0576095581054688
0.0221290588378906 0.0679855346679688 0.0115203857421875 -0.0845718383789063
-0.00582885742187499 0.0760040283203125 0.0332183837890625 -0.0767440795898438
-0.026214599609375 0.0890274047851563 0.0802688598632813 -0.0187454223632812
0.0179405212402344 0.0681838989257813 0.0349674224853516 0.00685882568359376
0.0296821594238281 0.0400314331054688 0.0376129150390625 0.0319290161132813
0.041473388671875 0.0105667114257812 0.0741119384765625 0.0142745971679687
0.0352783203125 -0.01226806640625 0.0750274658203125 -0.0275802612304688
0.0183544158935547 -0.0305118560791016 0.0516700744628906 -0.0659255981445313
0.00716781616210937 -0.0420951843261719 0.025543212890625 -0.0732955932617188
0.00923538208007813 -0.0416755676269531 0.0127372741699219 -0.0565528869628906
0.00886154174804688 -0.0455894470214844 0.0123519897460938 -0.0385856628417969
0.0260772705078125 -0.0458297729492188 0.0142669677734375 -0.0253639221191406
0.05078125 -0.0281105041503906 -0.00135135650634765 -0.00883579254150391
0.0625839233398438 0.00360870361328125 -0.0123891830444336 -0.0162668228149414
0.0459098815917969 0.0574798583984375 -0.0191001892089844 -0.0460090637207031
0.0156402587890625 0.0936813354492188 0.0023651123046875 -0.0647087097167969
-0.021453857421875 0.0982742309570313 0.0208320617675781 -0.0507621765136719
-0.054656982421875 0.10150146484375 0.0682640075683594 0.0160255432128906
-0.00553131103515626 0.0980758666992188 0.0313148498535156 0.0355300903320313
0.02789306640625 0.0763702392578125 0.0369453430175781 0.0473251342773438
0.0626182556152344 0.0371971130371094 0.0716094970703125 0.0271072387695313
0.0628128051757813 -0.00476455688476563 0.0695037841796875 -0.0128059387207031
0.0425682067871094 -0.0426139831542969 0.0478591918945313 -0.0486640930175781
0.0224037170410156 -0.0596084594726563 0.02630615234375 -0.0533332824707031
0.0224418640136719 -0.0568199157714844 0.0135345458984375 -0.036773681640625
0.0231132507324219 -0.0623703002929688 0.010589599609375 -0.0199756622314453
0.0406875610351563 -0.0567893981933594 0.00827217102050782 -0.00932788848876953
0.065673828125 -0.0284194946289063 -0.0077672004699707 0.00330448150634766
0.0750503540039063 0.00765228271484375 -0.0180511474609375 -0.00609588623046875
0.0490264892578125 0.0682754516601563 -0.0253582000732422 -0.0332622528076172
0.010894775390625 0.106369018554688 -0.00091171264648437 -0.0408248901367187
-0.032318115234375 0.108169555664063 0.00662803649902343 -0.0203895568847656
-0.0737533569335937 0.0945053100585938 0.0447158813476562 0.0519905090332031
-0.0303192138671875 0.107391357421875 0.0194244384765625 0.065765380859375
0.0137557983398438 0.0984649658203125 0.0303077697753906 0.0611801147460938
0.0675506591796875 0.0605087280273438 0.0594825744628906 0.0395240783691406
0.0784225463867188 0.00754547119140625 0.055145263671875 0.00316238403320313
0.0620040893554688 -0.0451011657714844 0.0373764038085938 -0.0262031555175781
0.0352859497070313 -0.0666694641113281 0.0227031707763672 -0.0263900756835938
0.0321197509765625 -0.0631866455078125 0.0116004943847656 -0.0118541717529297
0.0338058471679687 -0.0698661804199219 0.00665521621704102 0.00350046157836914
0.0503311157226562 -0.0607795715332031 0.000247955322265627 0.00998210906982422
0.0732879638671875 -0.027496337890625 -0.0163850784301758 0.016087532043457
0.0790176391601563 0.0120620727539062 -0.0237483978271484 0.00218772888183594
0.0447463989257813 0.072418212890625 -0.0255050659179687 -0.0231437683105469
0.00187683105468749 0.106422424316406 0.00059986114501953 -0.016118049621582
-0.042816162109375 0.102668762207031 -0.0101690292358398 0.0118598937988281
-0.0780487060546875 0.0689849853515625 0.0166091918945312 0.0819931030273437
-0.04803466796875 0.091461181640625 0.00151824951171875 0.0901031494140625
-0.00605010986328126 0.0960769653320313 0.019500732421875 0.0694732666015625
0.0547256469726562 0.070343017578125 0.0407485961914063 0.0463485717773438
0.0763092041015625 0.0189895629882813 0.0344963073730469 0.0163116455078125
0.0679893493652344 -0.0377960205078125 0.0216884613037109 -0.0037384033203125
0.0414047241210937 -0.0632400512695313 0.0141696929931641 0.00156497955322265
0.0367164611816406 -0.0594215393066406 0.00839328765869141 0.0149984359741211
0.0389518737792969 -0.0675010681152344 0.00191688537597656 0.0284252166748047
0.0539474487304687 -0.0569305419921875 -0.00940895080566406 0.0295543670654297
0.073150634765625 -0.0208816528320313 -0.0257129669189453 0.0278720855712891
0.0746383666992188 0.018157958984375 -0.0295848846435547 0.00681114196777343
0.0330352783203125 0.0728073120117188 -0.0239276885986328 -0.0156764984130859
-0.0122451782226563 0.095611572265625 0.00258255004882812 0.00497055053710938
-0.0525741577148437 0.0845108032226563 -0.0285263061523438 0.0391769409179688
-0.0669975280761719 0.032012939453125 -0.00962066650390625 0.0998992919921875
-0.0529861450195313 0.0561981201171875 -0.0146102905273438 0.103118896484375
-0.0225067138671875 0.0704574584960938 0.00996398925781249 0.070281982421875
0.0299606323242187 0.0637702941894531 0.0224647521972656 0.0463714599609375
0.0580635070800781 0.0253791809082031 0.0147933959960938 0.0239753723144531
0.0607261657714844 -0.0237388610839844 0.00571727752685547 0.0162410736083984
0.0408706665039063 -0.0490036010742188 0.00498771667480469 0.0279579162597656
0.0351905822753906 -0.0475654602050781 0.00337600708007812 0.0383491516113281
0.0386161804199219 -0.0555458068847656 -0.00423049926757812 0.0493965148925781
0.0510482788085938 -0.0459327697753906 -0.0203666687011719 0.0470123291015625
0.0656166076660156 -0.0121955871582031 -0.0368118286132812 0.0363845825195312
0.0619697570800781 0.0240554809570312 -0.0376319885253906 0.00972366333007813
0.0163917541503906 0.0667190551757813 -0.0233192443847656 -0.0119152069091797
-0.0277328491210938 0.0757675170898438 -0.00103759765625 0.0209064483642578
-0.0577774047851563 0.0555381774902344 -0.0487213134765625 0.0577163696289062
-0.0442886352539062 -0.0106201171875 -0.0264663696289063 0.104454040527344
-0.0452880859375 0.0120315551757813 -0.0224456787109375 0.103324890136719
-0.0318031311035156 0.0317592620849609 0.00585937499999999 0.065216064453125
0.00250625610351562 0.043731689453125 0.010223388671875 0.0417671203613281
0.0299053192138672 0.0254230499267578 0.000173568725585938 0.0252571105957031
0.0424957275390625 -0.006744384765625 -0.00750732421875 0.0293216705322266
0.0329551696777344 -0.0270862579345703 -0.00339889526367188 0.0453453063964844
0.0286064147949219 -0.0285377502441406 -0.00115203857421875 0.05682373046875
0.0322151184082031 -0.035552978515625 -0.0107841491699219 0.06707763671875
0.0414695739746094 -0.0282783508300781 -0.0319252014160156 0.0607757568359375
0.0506935119628906 -0.00213241577148437 -0.0481796264648438 0.0423965454101563
0.0438461303710937 0.0255546569824219 -0.0459136962890625 0.00998306274414062
-0.0005950927734375 0.0537376403808594 -0.0264492034912109 -0.0109138488769531
-0.0390625 0.04742431640625 -0.00878334045410156 0.0301303863525391
-0.0561370849609375 0.0191001892089844 -0.0704727172851563 0.0656585693359375
0.0302181243896484 0.0258026123046875 0.072021484375 -0.0673828125
0.0390586853027344 -0.0140228271484375 0.0214271545410156 -0.0260601043701172
0.00811004638671875 -0.032928466796875 0.0288333892822266 0.0127964019775391
-0.0170116424560547 -0.0247821807861328 0.0632095336914063 -0.00413894653320313
-0.0264301300048828 -0.00769424438476562 0.06402587890625 -0.047637939453125
-0.0282325744628906 0.0121803283691406 0.0397186279296875 -0.080474853515625
-0.0214939117431641 0.0101566314697266 0.0113983154296875 -0.0853042602539063
-0.0194549560546875 0.004791259765625 0.00211715698242187 -0.0701637268066406
-0.0251331329345703 0.00403213500976562 0.00640869140625 -0.0562019348144531
-0.0207901000976563 -0.014312744140625 0.0115737915039063 -0.0435256958007813
-0.00346183776855469 -0.0289382934570312 0.00411605834960938 -0.0282001495361328
0.0198287963867188 -0.0223884582519531 -0.00287628173828125 -0.0361061096191406
0.0395240783691406 0.00384521484375 0.000282287597656245 -0.0701713562011719
0.0385932922363281 0.0309829711914062 0.018402099609375 -0.102897644042969
0.0189399719238281 0.045166015625 0.036224365234375 -0.102897644042969
0.00671768188476563 0.0647811889648438 0.0827713012695313 -0.0518951416015625
0.0360794067382813 0.0284500122070313 0.03021240234375 -0.0161457061767578
0.0243511199951172 0.000820159912109375 0.0348777770996094 0.0203895568847656
0.0135631561279297 -0.0119800567626953 0.0723342895507813 0.00191497802734375
0.00314426422119141 -0.0144052505493164 0.0732040405273438 -0.0425872802734375
-0.00693511962890625 -0.0108985900878906 0.0476837158203125 -0.0806961059570313
-0.00974082946777344 -0.0183963775634766 0.0166015625 -0.0879287719726563
-0.00693321228027344 -0.0214214324951172 0.00554656982421875 -0.070343017578125
-0.00936698913574219 -0.0240612030029297 0.00854110717773438 -0.0542144775390625
0.00419998168945312 -0.0326309204101563 0.013946533203125 -0.0405311584472656
0.0270500183105469 -0.0293254852294922 0.00342559814453125 -0.0214614868164063
0.0446929931640625 -0.00719451904296875 -0.00624084472656249 -0.0275936126708984
0.043975830078125 0.0368537902832031 -0.0109214782714844 -0.0592193603515625
0.0274314880371094 0.070159912109375 0.007843017578125 -0.0888595581054688
-0.00211334228515625 0.0800857543945313 0.0315399169921875 -0.084136962890625
-0.0228805541992187 0.09552001953125 0.08380126953125 -0.02386474609375
0.022430419921875 0.07098388671875 0.03564453125 0.004669189453125
0.0336074829101563 0.0410499572753906 0.0399131774902344 0.0327682495117188
0.044647216796875 0.00922012329101563 0.078033447265625 0.0122222900390625
0.0358772277832031 -0.0150413513183594 0.0766830444335938 -0.0322647094726563
0.0176162719726563 -0.0323123931884766 0.0509796142578125 -0.0710906982421875
0.00481796264648438 -0.0447120666503906 0.0219879150390625 -0.078033447265625
0.00661849975585937 -0.0439682006835938 0.00815963745117187 -0.0601081848144531
0.00684356689453125 -0.0486640930175781 0.00902175903320313 -0.0417747497558594
0.0243301391601562 -0.0492782592773437 0.0121726989746094 -0.0291881561279297
0.0508003234863281 -0.0320396423339844 -0.00181961059570312 -0.0115499496459961
0.0660591125488281 0.00038909912109375 -0.0125675201416016 -0.0177898406982422
0.0513534545898437 0.0579338073730469 -0.0215530395507812 -0.0468292236328125
0.0216751098632813 0.097198486328125 -0.00094223022460937 -0.0680961608886719
-0.0170669555664063 0.104866027832031 0.0195274353027344 -0.0563621520996094
-0.0511627197265625 0.110404968261719 0.0731353759765625 0.01336669921875
-8.3923339843745E-05 0.10333251953125 0.0333518981933594 0.03515625
0.0339202880859375 0.0800247192382813 0.0396919250488281 0.048187255859375
0.0680923461914063 0.0353546142578125 0.0748672485351563 0.025421142578125
0.0660896301269531 -0.00917816162109375 0.0719223022460938 -0.0158615112304688
0.0436668395996094 -0.0471343994140625 0.0477981567382813 -0.0530548095703125
0.0197677612304688 -0.06396484375 0.0234603881835937 -0.057647705078125
0.0192413330078125 -0.06121826171875 0.0104484558105469 -0.0399894714355469
0.0201034545898437 -0.0673027038574219 0.00844764709472656 -0.0221481323242188
0.0388908386230469 -0.0623664855957031 0.00684642791748047 -0.0123138427734375
0.0673065185546875 -0.0351715087890625 -0.00870752334594726 0.00201940536499023
0.078948974609375 0.00357818603515625 -0.0188884735107422 -0.00724220275878906
0.0560493469238281 0.0699119567871094 -0.0267772674560547 -0.0338459014892578
0.0185470581054688 0.111213684082031 -0.00279998779296874 -0.0429115295410156
-0.028411865234375 0.115142822265625 0.00617218017578125 -0.0233612060546875
-0.07196044921875 0.103759765625 0.0499839782714844 0.0521469116210938
-0.0254058837890625 0.115203857421875 0.02142333984375 0.0674095153808594
0.0211105346679688 0.104499816894531 0.0330047607421875 0.0625038146972656
0.0753021240234375 0.0599441528320313 0.0639076232910156 0.0385246276855469
0.0829544067382813 0.00193023681640625 0.0577392578125 0.00162506103515625
0.0623817443847656 -0.0517616271972656 0.0381965637207031 -0.0283241271972656
0.0322723388671875 -0.0727310180664063 0.0214500427246094 -0.0291957855224609
0.0292167663574219 -0.0688095092773438 0.010345458984375 -0.0141067504882813
0.0301895141601562 -0.0765762329101563 0.00623655319213867 0.00298261642456054
0.0479927062988281 -0.0677833557128906 0.000111103057861332 0.00867795944213867
0.075439453125 -0.0343704223632812 -0.0171480178833008 0.0166149139404297
0.0840835571289062 0.00775146484375 -0.0246620178222656 0.00116539001464844
0.0519180297851562 0.0743331909179688 -0.0272235870361328 -0.0228195190429687
0.00917053222656249 0.112220764160156 0.000320434570312502 -0.0171031951904297
-0.0393218994140625 0.110511779785156 -0.0091543197631836 0.0109519958496094
-0.07781982421875 0.0786209106445313 0.0213165283203125 0.0847015380859375
-0.04522705078125 0.099517822265625 0.00521087646484374 0.093353271484375
5.3405761718742E-05 0.103034973144531 0.0217666625976562 0.0714645385742188
0.0626068115234375 0.0706100463867188 0.0438194274902344 0.0465240478515625
0.081756591796875 0.014373779296875 0.0367660522460938 0.0165328979492188
0.069488525390625 -0.0439453125 0.0220832824707031 -0.00275611877441407
0.0384674072265625 -0.0693321228027344 0.0150413513183594 0.00135707855224609
0.0337066650390625 -0.065673828125 0.00909042358398438 0.0144329071044922
0.035675048828125 -0.0740509033203125 0.00292205810546875 0.0285186767578125
0.051788330078125 -0.0646591186523438 -0.00846290588378906 0.0306053161621094
0.0760498046875 -0.0275955200195313 -0.0257644653320312 0.0294971466064453
0.0796737670898438 0.0141372680664062 -0.0304660797119141 0.00772285461425781
0.0397109985351563 0.0754776000976563 -0.0254459381103516 -0.0152702331542969
-0.006805419921875 0.102005004882813 0.00239014625549316 0.00384163856506348
-0.0494766235351563 0.092254638671875 -0.0268821716308594 0.0407981872558594
-0.068634033203125 0.0387344360351563 -0.00534820556640625 0.105850219726563
-0.0520782470703125 0.0631828308105469 -0.0115509033203125 0.107490539550781
-0.0195693969726562 0.0775604248046875 0.0120697021484375 0.07281494140625
0.03643798828125 0.0648880004882813 0.0248908996582031 0.0480880737304688
0.0628318786621094 0.0222969055175781 0.0163688659667969 0.0254688262939453
0.0624885559082031 -0.0290985107421875 0.007476806640625 0.0185165405273437
0.0393180847167969 -0.0548553466796875 0.00680160522460938 0.0283279418945313
0.0332984924316406 -0.0530166625976562 0.00618362426757813 0.0397186279296875
0.0360832214355469 -0.0616073608398438 -0.00238800048828124 0.0523338317871094
0.050628662109375 -0.0520973205566406 -0.0190849304199219 0.049530029296875
0.0682868957519531 -0.0176773071289062 -0.037139892578125 0.0394668579101562
0.0670242309570313 0.0206375122070313 -0.0383529663085938 0.0114517211914063
0.0223541259765625 0.07037353515625 -0.0252628326416016 -0.0118255615234375
-0.0237045288085938 0.0822372436523437 0.000844955444335938 0.0212459564208984
-0.0573921203613281 0.0618133544921875 -0.0472488403320312 0.0620689392089844
-0.0474929809570313 -0.00706481933593749 -0.0220870971679688 0.112266540527344
-0.0469779968261719 0.0164756774902344 -0.0194320678710937 0.108840942382812
-0.031494140625 0.0364646911621094 0.00840377807617188 0.0672721862792969
0.00621414184570312 0.0456314086914063 0.0114021301269531 0.0439224243164063
0.0331859588623047 0.0241622924804687 0.00164604187011719 0.0284652709960938
0.0444602966308594 -0.0103836059570312 -0.00515174865722656 0.0322399139404297
0.0325584411621094 -0.0312232971191406 0.000324249267578123 0.0480270385742188
0.0285625457763672 -0.0326328277587891 0.0023651123046875 0.0588111877441406
0.0309295654296875 -0.039825439453125 -0.00753021240234376 0.0706100463867188
0.0417404174804688 -0.033416748046875 -0.0299034118652344 0.0652198791503906
0.0535621643066406 -0.0056915283203125 -0.0485153198242188 0.0465469360351562
0.0476875305175781 0.0244674682617188 -0.0479660034179688 0.0120468139648437
0.00316238403320313 0.0564842224121094 -0.0281867980957031 -0.0108680725097656
-0.0373191833496094 0.0524482727050781 -0.00683212280273438 0.031524658203125
-0.0568504333496094 0.0234375 -0.06982421875 0.0718841552734375
0.0325469970703125 0.0239524841308594 0.0698928833007813 -0.07476806640625
0.0380058288574219 -0.01678466796875 0.0192775726318359 -0.0281047821044922
0.006103515625 -0.0340766906738281 0.0299777984619141 0.0126209259033203
-0.0192813873291016 -0.0236873626708984 0.0639991760253906 -0.0076446533203125
-0.0279884338378906 -0.00483894348144531 0.0620536804199219 -0.052734375
-0.0263252258300781 0.0156192779541016 0.0340957641601562 -0.0854339599609375
-0.0207710266113281 0.0124149322509766 0.00453948974609375 -0.0887222290039063
-0.0198593139648438 0.00738906860351562 -0.00357818603515625 -0.0720672607421875
-0.0253028869628906 0.00668144226074219 0.000404357910156244 -0.0584449768066406
-0.0226211547851563 -0.0122699737548828 0.00687026977539063 -0.0465240478515625
-0.00616645812988281 -0.0282764434814453 0.00209999084472656 -0.0306777954101563
0.0179347991943359 -0.0245800018310547 -0.00429153442382812 -0.03839111328125
0.0399932861328125 0.000141143798828125 -0.00318145751953124 -0.0709304809570313
0.0416069030761719 0.0284080505371094 0.0123138427734375 -0.105995178222656
0.0229263305664063 0.0435104370117188 0.0306167602539063 -0.110000610351563
0.0114479064941406 0.0658950805664063 0.0814666748046875 -0.0590896606445313
0.0389785766601563 0.0266189575195313 0.0291080474853516 -0.0184459686279297
0.0250644683837891 -0.000547409057617187 0.0365982055664063 0.0189170837402344
0.0136451721191406 -0.0126237869262695 0.073883056640625 -0.0021514892578125
0.001251220703125 -0.0139665603637695 0.0710525512695313 -0.0488433837890625
-0.00753879547119141 -0.00966072082519531 0.0423431396484375 -0.0857772827148438
-0.0112228393554688 -0.0176620483398438 0.00986480712890626 -0.0910263061523438
-0.00885963439941406 -0.0204429626464844 -0.000907897949218746 -0.0726318359375
-0.0106868743896484 -0.0239582061767578 0.00324630737304687 -0.0558891296386719
0.00140953063964844 -0.0329627990722656 0.010162353515625 -0.0436515808105469
0.025054931640625 -0.0315895080566406 0.00112152099609375 -0.0246448516845703
0.0450096130371094 -0.0107345581054688 -0.00711441040039062 -0.0293483734130859
0.0480613708496094 0.0343246459960938 -0.0141677856445312 -0.0600471496582031
0.0326461791992187 0.069488525390625 0.00304412841796874 -0.0907669067382813
0.00386810302734375 0.081390380859375 0.0265731811523438 -0.0900650024414063
-0.0160064697265625 0.0998916625976563 0.08441162109375 -0.0304718017578125
0.0282440185546875 0.0707855224609375 0.03533935546875 0.0026092529296875
0.03900146484375 0.0404052734375 0.0419883728027344 0.0314865112304688
0.0465736389160156 0.00606918334960937 0.079864501953125 0.00807952880859375
0.0359382629394531 -0.0177116394042969 0.0756683349609375 -0.0377349853515625
0.0162010192871094 -0.0347213745117188 0.0462265014648438 -0.0766448974609375
0.000736236572265621 -0.0461959838867188 0.0155029296875 -0.081390380859375
0.00341415405273437 -0.0454254150390625 0.00221633911132812 -0.0617332458496094
0.00263214111328125 -0.0507698059082031 0.004547119140625 -0.0441513061523438
0.0210609436035156 -0.0524024963378906 0.00797843933105469 -0.032257080078125
0.0490379333496094 -0.0362625122070313 -0.00356864929199218 -0.0135211944580078
0.0675048828125 -0.00475311279296875 -0.0132484436035156 -0.0184364318847656
0.0573158264160156 0.0564422607421875 -0.0235748291015625 -0.0469093322753906
0.0306167602539063 0.0988845825195313 -0.00469589233398437 -0.0697898864746094
-0.00960540771484374 0.108589172363281 0.0174713134765625 -0.0611381530761719
-0.043701171875 0.117416381835938 0.0752716064453125 0.00805664062500001
0.00843048095703124 0.106483459472656 0.0351982116699219 0.0329666137695313
0.041717529296875 0.079986572265625 0.0427169799804688 0.0465927124023438
0.0731887817382812 0.0316848754882812 0.0778121948242188 0.0224456787109375
0.0668601989746094 -0.0154533386230469 0.072113037109375 -0.0208587646484375
0.0410308837890625 -0.0514869689941406 0.0453872680664063 -0.0571556091308594
0.0141525268554688 -0.0671195983886719 0.0194778442382813 -0.0607528686523438
0.0140838623046875 -0.0639533996582031 0.00580978393554688 -0.0420913696289063
0.0145111083984375 -0.0707321166992188 0.00563430786132813 -0.0233516693115234
0.0345115661621094 -0.0669593811035156 0.00420951843261719 -0.0146884918212891
0.0662879943847656 -0.0421257019042969 -0.00966167449951171 0.000756263732910154
0.0819091796875 -0.0028533935546875 -0.0197620391845703 -0.00762748718261719
0.0638084411621094 0.0676689147949219 -0.0284519195556641 -0.0338001251220703
0.0282211303710938 0.113868713378906 -0.00504302978515624 -0.0444717407226562
-0.0202713012695313 0.120681762695313 0.00536537170410156 -0.0267486572265625
-0.0651016235351563 0.1134033203125 0.0539665222167969 0.0491218566894531
-0.0169830322265625 0.120223999023438 0.0253868103027344 0.0660820007324219
0.031097412109375 0.106613159179688 0.0367202758789062 0.0620269775390625
0.0823974609375 0.055084228515625 0.0662155151367188 0.0361366271972656
0.085968017578125 -0.00528717041015625 0.0589370727539063 -0.00129318237304688
0.0604133605957031 -0.0573959350585938 0.0367584228515625 -0.0309486389160156
0.026641845703125 -0.07757568359375 0.0192012786865234 -0.0322227478027344
0.0226821899414062 -0.0731964111328125 0.00871944427490235 -0.01519775390625
0.0238418579101563 -0.0811080932617188 0.00544214248657227 0.0025639533996582
0.043243408203125 -0.0738601684570313 -0.00118350982666015 0.00810194015502929
0.074310302734375 -0.041778564453125 -0.0169010162353516 0.0166835784912109
0.0867156982421875 0.00054168701171875 -0.0252933502197266 0.00229263305664063
0.0603408813476563 0.0736007690429688 -0.0283374786376953 -0.0222625732421875
0.0189132690429687 0.115219116210938 -0.000209808349609372 -0.0182437896728516
-0.0311508178710938 0.116912841796875 -0.00840568542480469 0.0101938247680664
-0.0738906860351562 0.0884323120117188 0.0272445678710937 0.0854415893554688
-0.0383987426757813 0.106437683105469 0.010498046875 0.0942611694335937
0.00925445556640626 0.107101440429687 0.0261917114257813 0.0717010498046875
0.0705108642578125 0.0683059692382813 0.0471687316894531 0.0450820922851563
0.0849685668945312 0.0077362060546875 0.0387115478515625 0.0150184631347656
0.0676460266113281 -0.0515251159667969 0.02386474609375 -0.00348854064941407
0.03350830078125 -0.0743942260742188 0.0152997970581055 2.4795532226558E-05
0.0280227661132813 -0.070892333984375 0.00990390777587891 0.0129051208496094
0.0291824340820312 -0.079559326171875 0.00470161437988281 0.0287380218505859
0.04791259765625 -0.0708999633789062 -0.00789833068847656 0.0306625366210937
0.0760421752929687 -0.0356903076171875 -0.0250663757324219 0.0315876007080078
0.083099365234375 0.00672149658203125 -0.0313034057617187 0.00943565368652344
0.047210693359375 0.0749359130859375 -0.0265865325927734 -0.0149669647216797
0.0029296875 0.105506896972656 0.00349712371826172 0.00280117988586426
-0.0434951782226563 0.098388671875 -0.0243988037109375 0.0422515869140625
-0.0673370361328125 0.0457229614257812 0.00208282470703124 0.108818054199219
-0.0486183166503906 0.0695266723632812 -0.005126953125 0.109504699707031
-0.0129165649414063 0.0822296142578125 0.0159072875976562 0.0731430053710938
0.0435295104980469 0.0643730163574219 0.0271224975585938 0.048675537109375
0.0667533874511719 0.01715087890625 0.0190219879150391 0.0268898010253906
0.0618934631347656 -0.0357437133789062 0.0099945068359375 0.0196456909179687
0.03515625 -0.0593338012695313 0.0103416442871094 0.0277233123779297
0.0285377502441406 -0.0574111938476563 0.00911331176757813 0.0391807556152344
0.0306320190429688 -0.067230224609375 0.0023345947265625 0.0534934997558594
0.0464057922363281 -0.0583076477050781 -0.0157623291015625 0.0517463684082031
0.0692520141601563 -0.0247573852539063 -0.0354347229003906 0.0430335998535156
0.070831298828125 0.015289306640625 -0.0389213562011719 0.0136871337890625
0.02899169921875 0.0710372924804687 -0.0265464782714844 -0.0105018615722656
-0.0173416137695312 0.086883544921875 0.00244712829589844 0.0201168060302734
-0.0533180236816406 0.0682449340820313 -0.0442733764648437 0.06561279296875
-0.0495758056640625 -0.00250244140624999 -0.0160064697265625 0.117454528808594
-0.0468368530273438 0.0216217041015625 -0.013336181640625 0.112480163574219
-0.0285682678222656 0.0415496826171875 0.0109214782714844 0.068634033203125
0.0112762451171875 0.0467300415039063 0.0138320922851563 0.0448684692382813
0.0371856689453125 0.0211868286132813 0.00341987609863281 0.0302219390869141
0.0446014404296875 -0.0153388977050781 -0.00131225585937499 0.0352439880371094
0.0298404693603516 -0.0349788665771484 0.00506973266601563 0.0488433837890625
0.0249099731445313 -0.0356254577636719 0.00681686401367188 0.0600967407226563
0.0283164978027344 -0.0446662902832031 -0.00160980224609375 0.0732803344726562
0.0389289855957031 -0.0385055541992188 -0.0258827209472656 0.0685577392578125
0.0539512634277344 -0.01104736328125 -0.0462150573730469 0.0511207580566406
0.0506973266601563 0.0202178955078125 -0.048309326171875 0.0156707763671875
0.00807952880859375 0.0585289001464844 -0.0287132263183594 -0.00989723205566406
-0.0337753295898438 0.0574874877929687 -0.00435066223144532 0.0315322875976563
-0.056396484375 0.0283470153808594 -0.0658645629882813 0.0784072875976562
0.0336761474609375 0.0210514068603516 0.0649032592773438 -0.0789031982421875
0.0362167358398438 -0.0199127197265625 0.0170478820800781 -0.0283966064453125
0.00325393676757813 -0.03436279296875 0.0302257537841797 0.0114212036132812
-0.0213336944580078 -0.0222702026367188 0.0636405944824219 -0.0110893249511719
-0.0282649993896484 -0.00205421447753906 0.0580177307128906 -0.0560111999511719
-0.0245819091796875 0.0185642242431641 0.0269775390625 -0.0866317749023437
-0.0193443298339844 0.0146331787109375 -0.00254058837890625 -0.087921142578125
-0.0192165374755859 0.00876617431640625 -0.00926589965820313 -0.07025146484375
-0.024078369140625 0.00815963745117188 -0.00481796264648438 -0.0581512451171875
-0.0230178833007812 -0.00996017456054687 0.00188827514648438 -0.0477104187011719
-0.00914192199707031 -0.0266933441162109 -4.19616699218786E-05 -0.0323333740234375
0.0155372619628906 -0.0258636474609375 -0.0059356689453125 -0.0391731262207031
0.0400466918945313 -0.00340652465820313 -0.0059356689453125 -0.0700798034667969
0.0424537658691406 0.0248794555664063 0.0061798095703125 -0.105636596679688
0.0257339477539062 0.0412635803222656 0.02362060546875 -0.112480163574219
0.0159912109375 0.064666748046875 0.0770797729492188 -0.0639266967773438
0.0404624938964844 0.0237388610839844 0.0268917083740234 -0.0189952850341797
0.0250568389892578 -0.00260734558105469 0.0372314453125 0.017608642578125
0.0118589401245117 -0.0135641098022461 0.0727767944335938 -0.00606536865234375
0.000914573669433592 -0.0132560729980469 0.067108154296875 -0.0520401000976562
-0.00718307495117188 -0.00931262969970703 0.0353622436523438 -0.0877914428710938
-0.0124292373657227 -0.0161600112915039 0.00278472900390625 -0.09112548828125
-0.0102272033691406 -0.0189170837402344 -0.006927490234375 -0.0714569091796875
-0.0122451782226562 -0.022613525390625 -0.0016632080078125 -0.0563774108886719
-0.000782012939453126 -0.0323696136474609 0.004852294921875 -0.0454940795898438
0.0217056274414063 -0.0325603485107422 -0.00106048583984375 -0.0264911651611328
0.043365478515625 -0.0130424499511719 -0.00795173645019531 -0.0303211212158203
0.0500144958496094 0.03033447265625 -0.0159454345703125 -0.0581398010253906
0.0379142761230469 0.066619873046875 -0.00244140625000001 -0.0907363891601563
0.00988769531249999 0.0807418823242188 0.0210189819335938 -0.0933456420898438
-0.0088043212890625 0.100334167480469 0.081695556640625 -0.03570556640625
0.0329055786132812 0.0688667297363281 0.0337600708007813 0.000461578369140629
0.04193115234375 0.0380821228027344 0.0426864624023438 0.0297317504882813
0.0469589233398438 0.00322723388671875 0.0795669555664063 0.0038909912109375
0.0343952178955078 -0.0201015472412109 0.072601318359375 -0.0415802001953125
0.0141944885253906 -0.0351676940917969 0.0405349731445312 -0.0785064697265625
-0.0024566650390625 -0.0455436706542969 0.00916290283203126 -0.0817108154296875
-0.001312255859375 -0.0452804565429688 -0.0030975341796875 -0.0613594055175781
-0.00139236450195312 -0.0506935119628906 -0.000160217285156247 -0.0442886352539063
0.0161705017089844 -0.0539512634277344 0.00377273559570312 -0.0339469909667969
0.0457725524902344 -0.0400314331054688 -0.00509166717529297 -0.0149917602539063
0.0663871765136719 -0.00969696044921875 -0.0134830474853516 -0.0190067291259766
0.061187744140625 0.0516700744628906 -0.0249824523925781 -0.0447731018066406
0.0369415283203125 0.097015380859375 -0.00820159912109375 -0.0687026977539062
-0.00264739990234375 0.108627319335938 0.0134773254394531 -0.0640716552734375
-0.0352706909179687 0.120529174804688 0.075347900390625 0.00270843505859376
0.0154800415039063 0.10614013671875 0.0349750518798828 0.0303268432617188
0.0483016967773438 0.0786209106445312 0.0434532165527344 0.04443359375
0.0756759643554687 0.0259246826171875 0.0780258178710938 0.0178146362304688
0.0652313232421875 -0.020050048828125 0.0701065063476563 -0.0244026184082031
0.0367012023925781 -0.0541229248046875 0.0413665771484375 -0.0590476989746094
0.0085601806640625 -0.0673599243164063 0.0133018493652344 -0.0616226196289063
0.00848007202148438 -0.06439208984375 0.00160598754882813 -0.0421714782714844
0.0086517333984375 -0.0722122192382813 0.00250053405761719 -0.0237560272216797
0.0292625427246094 -0.069427490234375 0.00159740447998047 -0.0166463851928711
0.0620079040527344 -0.0464859008789063 -0.010706901550293 -0.000104904174804689
0.0819931030273437 -0.00919342041015625 -0.0195159912109375 -0.00762557983398437
0.0684928894042969 0.0631866455078125 -0.0302352905273437 -0.0314407348632812
0.0365982055664063 0.111778259277344 -0.00756835937499999 -0.0441970825195312
-0.011749267578125 0.122032165527344 0.00398826599121094 -0.0289649963378906
-0.0574798583984375 0.1177978515625 0.0572586059570312 0.0465240478515625
-0.00894927978515625 0.120864868164063 0.0272407531738281 0.0632820129394531
0.0385360717773437 0.105186462402344 0.0379791259765625 0.0597305297851563
0.0869674682617188 0.0489959716796875 0.0670547485351563 0.032928466796875
0.08453369140625 -0.01190185546875 0.0586814880371094 -0.00403213500976563
0.0559577941894531 -0.0615119934082031 0.0358543395996094 -0.0325393676757813
0.02032470703125 -0.079071044921875 0.0166950225830078 -0.0331153869628906
0.01690673828125 -0.0749282836914063 0.00579357147216797 -0.0159969329833984
0.0167007446289063 -0.0829849243164062 0.00457620620727539 0.0015726089477539
0.0368576049804688 -0.0767669677734375 -0.00219488143920898 0.00655937194824218
0.0708160400390625 -0.0476913452148437 -0.0159692764282227 0.0166778564453125
0.0875320434570313 -0.00632476806640625 -0.0243434906005859 0.00239181518554687
0.0660438537597656 0.0691375732421875 -0.0287380218505859 -0.0203704833984375
0.02752685546875 0.114616394042969 -0.00153160095214843 -0.0194358825683594
-0.0229644775390625 0.118904113769531 -0.00757694244384766 0.00868368148803712
-0.0672988891601563 0.0934677124023438 0.03253173828125 0.0842437744140625
-0.0302886962890625 0.109169006347656 0.0142745971679687 0.0921173095703125
0.0173721313476563 0.107261657714844 0.028076171875 0.069732666015625
0.075531005859375 0.0628662109375 0.0482673645019531 0.0431137084960938
0.0847549438476562 0.00067138671875 0.0396614074707031 0.0144729614257813
0.0636253356933594 -0.0572662353515625 0.0250377655029297 -0.00396919250488282
0.027618408203125 -0.07611083984375 0.0156621932983398 -0.001495361328125
0.0220184326171875 -0.0721817016601563 0.00941181182861328 0.0121726989746094
0.022308349609375 -0.0823287963867188 0.006317138671875 0.0286941528320312
0.0412521362304687 -0.0744781494140625 -0.00680541992187499 0.0308437347412109
0.0728836059570313 -0.04132080078125 -0.0235462188720703 0.0320224761962891
0.0831756591796875 0.00075531005859375 -0.0308628082275391 0.0110015869140625
0.0536651611328125 0.0716934204101562 -0.0273876190185547 -0.0136985778808594
0.0109329223632812 0.106246948242188 0.0041193962097168 0.00185084342956544
-0.0364837646484375 0.101356506347656 -0.0214347839355469 0.0414848327636719
-0.0636329650878906 0.051971435546875 0.00878906250000001 0.109024047851563
-0.0431747436523438 0.0732955932617188 0.000984191894531252 0.108688354492188
-0.005859375 0.08428955078125 0.0188522338867188 0.0712738037109375
0.0485191345214844 0.0611228942871094 0.0290336608886719 0.0467338562011719
0.0671043395996094 0.0118331909179688 0.0205097198486328 0.0268192291259766
0.0580635070800781 -0.04046630859375 0.0131015777587891 0.0198898315429687
0.0297660827636719 -0.0617942810058594 0.0125923156738281 0.02679443359375
0.0232276916503906 -0.0595245361328125 0.0115509033203125 0.0376968383789062
0.0251121520996094 -0.0687484741210937 0.00527191162109375 0.0525398254394531
0.0416946411132813 -0.0619468688964844 -0.0130958557128906 0.0522079467773437
0.0672454833984375 -0.0302276611328125 -0.0324249267578125 0.0450782775878906
0.0717239379882813 0.0100936889648438 -0.0380477905273438 0.0156669616699219
0.034454345703125 0.0686264038085938 -0.0268707275390625 -0.0100746154785156
-0.01007080078125 0.0881423950195313 0.00411415100097656 0.0192527770996094
-0.0476455688476562 0.0710983276367188 -0.0394630432128906 0.0672149658203125
-0.0493850708007813 0.0018157958984375 -0.0088348388671875 0.118659973144531
-0.0444793701171875 0.0247802734375 -0.00696563720703126 0.112144470214844
-0.0245323181152344 0.0443954467773438 0.0129890441894531 0.0667495727539063
0.01544189453125 0.0458335876464844 0.0149154663085938 0.0449714660644531
0.0382194519042969 0.0177574157714844 0.00597381591796876 0.0311279296875
0.042877197265625 -0.0189895629882813 0.0019378662109375 0.0360107421875
0.026123046875 -0.03753662109375 0.00827407836914062 0.0477714538574219
0.0215415954589844 -0.0381393432617188 0.0115089416503906 0.0574607849121094
0.0239219665527344 -0.0465469360351563 0.00373077392578125 0.0729293823242187
0.0352325439453125 -0.0414772033691406 -0.0207443237304687 0.0701980590820313
0.0528526306152344 -0.0153732299804688 -0.04278564453125 0.0543785095214844
0.0522193908691406 0.01654052734375 -0.0470733642578125 0.0182151794433594
0.0123748779296875 0.0579910278320313 -0.0295677185058594 -0.00809288024902343
-0.0283966064453125 0.0598640441894531 -0.00088119506835938 0.0298805236816406
-0.0527687072753906 0.0320587158203125 -0.0607070922851562 0.08197021484375
0.0340404510498047 0.0194454193115234 0.06158447265625 -0.0804672241210938
0.0351047515869141 -0.0202980041503906 0.0158843994140625 -0.0281715393066406
0.00167465209960937 -0.0339908599853516 0.0293483734130859 0.0109844207763672
-0.022186279296875 -0.0206775665283203 0.0622825622558594 -0.012908935546875
-0.0277328491210937 0.000297546386718753 0.0542678833007812 -0.0560455322265625
-0.0226020812988281 0.018798828125 0.0220870971679688 -0.086212158203125
-0.0176143646240234 0.0159225463867188 -0.00591278076171876 -0.0857086181640625
-0.018524169921875 0.0102024078369141 -0.0131874084472656 -0.068450927734375
-0.02288818359375 0.00953483581542969 -0.00791549682617187 -0.0565757751464844
-0.0229721069335938 -0.0078277587890625 -0.00117874145507813 -0.0469131469726563
-0.0101375579833984 -0.0248241424560547 -0.00144577026367188 -0.0338058471679688
0.0138950347900391 -0.0257740020751953 -0.00534439086914063 -0.0392875671386719
0.0389137268066406 -0.00499725341796875 -0.00699996948242187 -0.0684432983398438
0.0432701110839844 0.0224876403808594 0.00284576416015626 -0.104240417480469
0.0269279479980469 0.0394668579101563 0.0194549560546875 -0.113029479980469
0.01837158203125 0.0632286071777344 0.07421875 -0.0664215087890625
0.0405006408691406 0.0220375061035156 0.02490234375 -0.0197277069091797
0.0244903564453125 -0.0029296875 0.0363349914550781 0.0171699523925781
0.0110092163085938 -0.0133705139160156 0.0719528198242188 -0.0074005126953125
0.00104236602783203 -0.0129232406616211 0.0638885498046875 -0.053375244140625
-0.00710439682006836 -0.00863838195800781 0.0307388305664063 -0.0874099731445313
-0.0126962661743164 -0.0146341323852539 -0.00139617919921876 -0.0885467529296875
-0.0111064910888672 -0.0179500579833984 -0.010650634765625 -0.0694084167480469
-0.0124988555908203 -0.021453857421875 -0.00571823120117188 -0.0557899475097656
-0.00280380249023437 -0.0313243865966797 0.000553131103515627 -0.0454864501953125
0.0195789337158203 -0.0322113037109375 -0.00195884704589844 -0.0277500152587891
0.0416679382324219 -0.0154609680175781 -0.00832366943359375 -0.0304088592529297
0.0501785278320313 0.0273399353027344 -0.0164070129394531 -0.05657958984375
0.04058837890625 0.0642890930175781 -0.00431060791015625 -0.0884170532226562
0.011993408203125 0.079376220703125 0.0175399780273438 -0.0941009521484375
-0.00457000732421875 0.0990753173828125 0.0794143676757813 -0.0386199951171875
0.0359611511230469 0.0665626525878906 0.0321292877197266 0.000253677368164067
0.043426513671875 0.0362701416015625 0.0419578552246094 0.0286674499511719
0.0463066101074219 0.00079345703125 0.0779037475585937 0.00205230712890625
0.0322666168212891 -0.0214786529541016 0.0695762634277344 -0.04315185546875
0.0129566192626953 -0.0350112915039063 0.0368194580078125 -0.0784988403320313
-0.004638671875 -0.0440673828125 0.004791259765625 -0.0806655883789063
-0.00362014770507812 -0.0444259643554688 -0.00667572021484375 -0.0595741271972656
-0.00412368774414063 -0.049468994140625 -0.00305938720703125 -0.0434684753417969
0.0131568908691406 -0.0531578063964844 0.000251770019531248 -0.0347633361816406
0.0436286926269531 -0.0412139892578125 -0.0062408447265625 -0.0162210464477539
0.0646438598632813 -0.0118064880371094 -0.013916015625 -0.0196666717529297
0.0625534057617188 0.0489234924316406 -0.0250740051269531 -0.0432853698730469
0.0411376953125 0.09381103515625 -0.0102157592773438 -0.0676689147949219
0.00180816650390626 0.107162475585937 0.0105628967285156 -0.0658950805664063
-0.0296783447265625 0.120101928710938 0.0742568969726563 -0.000274658203124993
0.0197067260742188 0.103759765625 0.0347251892089844 0.0282077789306641
0.0511016845703125 0.0756301879882813 0.042572021484375 0.0425567626953125
0.0759353637695313 0.0223846435546875 0.0768890380859375 0.0158843994140625
0.063018798828125 -0.0229568481445313 0.0680046081542969 -0.025634765625
0.0342826843261719 -0.0552787780761719 0.0388145446777344 -0.0593414306640625
0.00525665283203125 -0.0665931701660156 0.0107231140136719 -0.0609512329101563
0.00465393066406251 -0.0637741088867188 -0.00127792358398438 -0.0412635803222656
0.00411224365234374 -0.070953369140625 0.000450134277343752 -0.0235271453857422
0.0253944396972656 -0.0693244934082031 -0.00136089324951172 -0.0172386169433594
0.0590286254882812 -0.0488929748535156 -0.0113744735717773 -0.00112152099609375
0.079864501953125 -0.0129852294921875 -0.0192699432373047 -0.0078125
0.0702896118164063 0.0602340698242188 -0.0293922424316406 -0.0294361114501953
0.04132080078125 0.108673095703125 -0.00836181640625 -0.04388427734375
-0.00741577148437499 0.120330810546875 0.00238990783691406 -0.030487060546875
-0.0513839721679687 0.119178771972656 0.0579261779785156 0.042755126953125
-0.00302124023437499 0.119743347167969 0.0287437438964844 0.0611457824707031
0.0438079833984375 0.1026611328125 0.0382537841796875 0.0577850341796875
0.0879364013671875 0.0451126098632813 0.0663337707519531 0.0307846069335938
0.0824203491210938 -0.0151443481445313 0.0575065612792969 -0.00468063354492188
0.0526924133300781 -0.0636672973632813 0.0347385406494141 -0.0323734283447266
0.0154266357421875 -0.0786590576171875 0.0142364501953125 -0.033254623413086
0.012237548828125 -0.0732421875 0.00433731079101563 -0.0162649154663086
0.0119857788085937 -0.0826034545898438 0.00409317016601563 0.00184512138366699
0.0325775146484375 -0.0780029296875 -0.00343036651611328 0.00600957870483398
0.0679855346679688 -0.050933837890625 -0.016942024230957 0.0160179138183594
0.0857162475585938 -0.0103225708007813 -0.0239906311035156 0.00238990783691406
0.0691871643066406 0.0662956237792969 -0.0287933349609375 -0.0195598602294922
0.0329742431640625 0.111717224121094 -0.00167083740234375 -0.0204067230224609
-0.0179290771484375 0.117904663085938 -0.00658416748046875 0.00702762603759766
-0.0620956420898438 0.0957489013671875 0.0348129272460938 0.0814971923828125
-0.02581787109375 0.108489990234375 0.016571044921875 0.0900421142578125
0.0232925415039063 0.106407165527344 0.0287132263183594 0.0672645568847656
0.0779342651367188 0.05963134765625 0.0484161376953125 0.0418548583984375
0.08331298828125 -0.00377655029296875 0.0397682189941406 0.0136146545410156
0.0596275329589844 -0.0587120056152344 0.0253200531005859 -0.00400543212890625
0.0228805541992188 -0.0764083862304688 0.015101432800293 -0.002777099609375
0.0175704956054688 -0.0719375610351563 0.00867462158203125 0.0111417770385742
0.0173721313476562 -0.0821380615234375 0.00685501098632813 0.0274810791015625
0.0359954833984375 -0.075347900390625 -0.00647735595703125 0.0297451019287109
0.0698165893554688 -0.0449485778808594 -0.0226020812988281 0.0318164825439453
0.082672119140625 -0.00370025634765625 -0.0302219390869141 0.0109634399414063
0.0566673278808594 0.0687789916992188 -0.0262889862060547 -0.0126476287841797
0.0159149169921875 0.105010986328125 0.00482368469238281 0.000296115875244147
-0.0308914184570313 0.101585388183594 -0.0193672180175781 0.0403099060058594
-0.0608901977539063 0.0546302795410156 0.011993408203125 0.107864379882812
-0.0395278930664063 0.0745620727539062 0.003875732421875 0.106452941894531
-0.00152587890624999 0.0836944580078125 0.0184974670410156 0.0695304870605469
0.0513114929199219 0.0585212707519531 0.0291633605957031 0.0467948913574219
0.0671501159667969 0.00842666625976563 0.0217380523681641 0.0267715454101563
0.0559196472167969 -0.04315185546875 0.0139694213867188 0.0195541381835937
0.0255203247070313 -0.0621795654296875 0.0133781433105469 0.0258769989013672
0.0196113586425781 -0.0599746704101563 0.0118293762207031 0.036376953125
0.020538330078125 -0.0695228576660156 0.00768661499023438 0.0510711669921875
0.03680419921875 -0.0634346008300781 -0.0119171142578125 0.0514717102050781
0.0645599365234375 -0.03350830078125 -0.0306816101074219 0.0453262329101563
0.071197509765625 0.00605010986328125 -0.0373458862304687 0.0162506103515625
0.0377731323242187 0.0670394897460938 -0.0261344909667969 -0.00867271423339843
-0.005462646484375 0.08819580078125 0.00556564331054687 0.0175056457519531
-0.0440292358398437 0.0719451904296875 -0.0363235473632813 0.066680908203125
-0.0488739013671875 0.00435638427734376 -0.00504302978515624 0.117576599121094
-0.0433845520019531 0.0276756286621094 -0.00424957275390626 0.109947204589844
-0.0221595764160156 0.0453147888183594 0.0131683349609375 0.0650901794433594
0.0185279846191406 0.0445289611816406 0.0151824951171875 0.0450897216796875
0.0391120910644531 0.0156745910644531 0.00781059265136719 0.0316371917724609
0.0406951904296875 -0.0213546752929688 0.00458145141601562 0.0358200073242187
0.0242042541503906 -0.0379905700683594 0.01080322265625 0.046661376953125
0.018707275390625 -0.0384941101074219 0.0136070251464844 0.0553817749023438
0.0205764770507813 -0.0468292236328125 0.0065765380859375 0.0706787109375
0.0322799682617187 -0.0425872802734375 -0.0181655883789063 0.0687141418457031
0.0512619018554688 -0.0182228088378906 -0.0398521423339844 0.0548820495605469
0.0516204833984375 0.0133171081542969 -0.0460014343261719 0.0193901062011719
0.0151214599609375 0.0568504333496094 -0.0292034149169922 -0.00764083862304687
-0.024658203125 0.0604362487792969 0.000173568725585934 0.0291328430175781
-0.05047607421875 0.0333137512207031 -0.0558700561523438 0.0820541381835938
0.0343456268310547 0.0184116363525391 0.0602493286132813 -0.08184814453125
0.0335502624511719 -0.0211753845214844 0.0143852233886719 -0.0272331237792969
0.000467300415039061 -0.0340671539306641 0.0298004150390625 0.0106887817382812
-0.0230884552001953 -0.0193824768066406 0.0616722106933594 -0.0122337341308594
-0.0273418426513672 0.000953674316406245 0.0528373718261719 -0.0563621520996094
-0.0212421417236328 0.0198974609375 0.0200576782226563 -0.085357666015625
-0.0168275833129883 0.0168399810791016 -0.00843048095703126 -0.0850753784179688
-0.0185508728027344 0.0106468200683594 -0.0148773193359375 -0.0675697326660156
-0.0221023559570313 0.0105342864990234 -0.0106124877929687 -0.0558891296386719
-0.0229148864746094 -0.00640678405761718 -0.00390243530273438 -0.0466499328613281
-0.0118446350097656 -0.0239906311035156 -0.00252532958984375 -0.0346813201904297
0.0128173828125 -0.0259857177734375 -0.00508880615234375 -0.0411605834960937
0.0385780334472656 -0.00625228881835938 -0.00629425048828125 -0.0677032470703125
0.0435562133789063 0.021453857421875 0.00215148925781249 -0.103782653808594
0.0276031494140625 0.0393180847167969 0.0182418823242187 -0.113929748535156
0.018798828125 0.0624351501464844 0.0741729736328125 -0.0681991577148438
0.0407142639160156 0.0213890075683594 0.0244007110595703 -0.0194606781005859
0.0247173309326172 -0.00346565246582031 0.0360641479492188 0.0176773071289063
0.0105934143066406 -0.0134496688842773 0.0717315673828125 -0.00811004638671875
2.47955322265632E-05 -0.012782096862793 0.0631561279296875 -0.0530776977539063
-0.00617504119873047 -0.0082082748413086 0.02850341796875 -0.0872116088867188
-0.0123081207275391 -0.0144138336181641 -0.00377655029296874 -0.0881195068359375
-0.0123538970947266 -0.01788330078125 -0.0123291015625 -0.0684089660644531
-0.0134143829345703 -0.0205230712890625 -0.0078277587890625 -0.0545578002929688
-0.00356101989746094 -0.0311508178710938 -0.00188827514648438 -0.0452613830566406
0.0184288024902344 -0.0326576232910156 -0.00349235534667968 -0.0293903350830078
0.0415306091308594 -0.0163917541503906 -0.00795745849609375 -0.0319499969482422
0.0509719848632813 0.0263786315917969 -0.0150642395019531 -0.0555839538574219
0.0409431457519531 0.0631141662597656 -0.00562286376953125 -0.087982177734375
0.0130615234375 0.07861328125 0.0161285400390625 -0.0956039428710938
-0.0028228759765625 0.0991439819335938 0.0792083740234375 -0.040985107421875
0.0367584228515625 0.0659294128417969 0.0315017700195313 -0.000127792358398433
0.04498291015625 0.0349617004394531 0.0407905578613281 0.0288467407226563
0.0465354919433594 0.000469207763671875 0.0771102905273438 0.00183868408203125
0.0319557189941406 -0.0219936370849609 0.0681915283203125 -0.0430145263671875
0.0123443603515625 -0.0350799560546875 0.035125732421875 -0.0784759521484375
-0.005615234375 -0.0438003540039063 0.002777099609375 -0.0796966552734375
-0.00480270385742187 -0.0438728332519531 -0.00896072387695313 -0.0587730407714844
-0.005279541015625 -0.0492706298828125 -0.0050506591796875 -0.0429000854492188
0.01226806640625 -0.0531425476074219 -0.00226211547851563 -0.0353240966796875
0.0417404174804688 -0.042205810546875 -0.00782012939453125 -0.0178279876708984
0.0644378662109375 -0.0135498046875 -0.0134563446044922 -0.0209503173828125
0.0635147094726562 0.0479736328125 -0.0242652893066406 -0.0424957275390625
0.0434188842773438 0.0926361083984375 -0.0111503601074219 -0.0670623779296875
0.00335693359374999 0.10675048828125 0.00993728637695313 -0.0670242309570313
-0.0269088745117188 0.121139526367188 0.0739593505859375 -0.00135803222656249
0.0217437744140625 0.103134155273438 0.0336074829101563 0.0284957885742188
0.054107666015625 0.0747604370117188 0.0408477783203125 0.0431365966796875
0.0763473510742188 0.0208969116210938 0.075592041015625 0.0158615112304688
0.0623321533203125 -0.0233192443847656 0.0673561096191406 -0.0259017944335937
0.0336189270019531 -0.0560798645019531 0.0383186340332031 -0.0587005615234375
0.00291061401367187 -0.0660858154296875 0.00901412963867187 -0.0609855651855469
0.00299453735351562 -0.063446044921875 -0.0029144287109375 -0.0407066345214844
0.0018157958984375 -0.0709991455078125 -0.00165557861328125 -0.0234203338623047
0.0222206115722656 -0.0702171325683594 -0.0035858154296875 -0.0171833038330078
0.0573043823242188 -0.0503425598144531 -0.0122823715209961 -0.00157928466796875
0.0792617797851563 -0.0146636962890625 -0.0193805694580078 -0.00922012329101563
0.0722885131835938 0.05908203125 -0.0282039642333984 -0.02972412109375
0.0437545776367187 0.108375549316406 -0.00905227661132812 -0.0442886352539062
-0.00572967529296874 0.120147705078125 0.00150680541992187 -0.0321197509765625
-0.0490493774414062 0.120452880859375 0.058502197265625 0.0419502258300781
-0.000572204589843759 0.119834899902344 0.0277519226074219 0.0601539611816406
0.0470123291015625 0.101600646972656 0.0368690490722656 0.0574378967285156
0.0896148681640625 0.0429916381835938 0.06561279296875 0.0313644409179688
0.08251953125 -0.0174942016601563 0.0576171875 -0.004302978515625
0.0508003234863281 -0.0655670166015625 0.0342330932617188 -0.0322914123535156
0.0131912231445313 -0.0787353515625 0.0129966735839844 -0.0336151123046875
0.00920867919921875 -0.0733261108398438 0.00311088562011719 -0.0162801742553711
0.00832366943359375 -0.0829849243164063 0.00300192832946777 0.00107312202453613
0.02923583984375 -0.0788803100585938 -0.00509786605834961 0.0055704116821289
0.0663337707519531 -0.0533180236816406 -0.0172109603881836 0.0150957107543945
0.084991455078125 -0.0121841430664063 -0.0242042541503906 0.00194740295410156
0.0713272094726563 0.0649566650390625 -0.0281505584716797 -0.0191154479980469
0.0359954833984375 0.111724853515625 -0.00242042541503906 -0.0206165313720703
-0.0162506103515625 0.118499755859375 -0.00718832015991211 0.0048356056213379
-0.0597152709960938 0.0967025756835937 0.0367431640625 0.0802841186523438
-0.0233154296875 0.108634948730469 0.0167312622070312 0.088653564453125
0.0263519287109375 0.106002807617187 0.0275802612304687 0.0670242309570313
0.0796051025390625 0.0573883056640625 0.0469284057617188 0.0427360534667969
0.0828399658203125 -0.005157470703125 0.0404472351074219 0.0142860412597656
0.0587844848632813 -0.0606117248535156 0.0260505676269531 -0.00414466857910157
0.0197525024414062 -0.076873779296875 0.014495849609375 -0.00259971618652344
0.0143508911132813 -0.0719070434570313 0.00922966003417969 0.0110816955566406
0.0144577026367187 -0.0831069946289063 0.00685882568359375 0.0274715423583984
0.0335922241210938 -0.0767288208007813 -0.00680732727050782 0.0289516448974609
0.06878662109375 -0.0473251342773438 -0.0226421356201172 0.0313568115234375
0.0829849243164063 -0.0057220458984375 -0.0290184020996094 0.0109214782714844
0.0591583251953125 0.0688285827636719 -0.02606201171875 -0.0127143859863281
0.0191726684570313 0.104377746582031 0.00522613525390625 -0.000562667846679681
-0.0295639038085937 0.102394104003906 -0.01910400390625 0.0390815734863281
-0.0592613220214844 0.0563850402832031 0.0137100219726562 0.108009338378906
-0.0385055541992188 0.07513427734375 0.00384521484375 0.105911254882813
0.000869750976562508 0.0849609375 0.0171432495117187 0.069427490234375
0.0529022216796875 0.0573692321777344 0.0284385681152344 0.0471153259277344
0.0669631958007813 0.00615692138671875 0.0220680236816406 0.0275802612304688
0.0538482666015625 -0.0446662902832031 0.0156116485595703 0.0199317932128906
0.0233383178710937 -0.0630340576171875 0.0141563415527344 0.0243988037109375
0.017181396484375 -0.0603141784667969 0.0127296447753906 0.0355720520019531
0.0176887512207031 -0.0700759887695313 0.0080718994140625 0.0505599975585937
0.0348777770996094 -0.0650672912597656 -0.0111427307128906 0.0509910583496094
0.0634956359863281 -0.0359878540039063 -0.030181884765625 0.0450172424316406
0.0708236694335938 0.0037078857421875 -0.037322998046875 0.0163650512695312
0.0400886535644531 0.0663337707519531 -0.0264835357666016 -0.00862121582031249
-0.00244140625 0.0881118774414063 0.00584030151367187 0.016627311706543
-0.0423660278320312 0.0725631713867188 -0.0351829528808594 0.0659408569335938
-0.0484733581542969 0.00584793090820312 -0.00360870361328126 0.119010925292969
-0.0422210693359375 0.0290412902832031 -0.00427246093749999 0.10943603515625
-0.0199928283691406 0.0467338562011719 0.0120277404785156 0.0642242431640625
0.0201835632324219 0.0442008972167969 0.0143775939941406 0.0451126098632812
0.0386505126953125 0.0142173767089844 0.00830841064453125 0.0326671600341797
0.0398216247558594 -0.0227203369140625 0.00659561157226563 0.0357551574707031
0.022308349609375 -0.0389938354492188 0.0121002197265625 0.0461616516113281
0.0174026489257813 -0.0390815734863281 0.0139732360839844 0.0549545288085938
0.0187187194824219 -0.0472908020019531 0.00807189941406249 0.0702743530273438
0.030120849609375 -0.0436248779296875 -0.0174636840820312 0.0690040588378906
0.0505485534667969 -0.0199699401855469 -0.0394172668457031 0.0550765991210938
0.0517539978027344 0.0119285583496094 -0.04644775390625 0.0197944641113281
0.0167198181152344 0.0571823120117188 -0.0287857055664062 -0.00831031799316406
-0.023223876953125 0.0613174438476563 0.000835418701171873 0.02752685546875
-0.0495376586914062 0.0336151123046875 -0.0544204711914063 0.0824432373046875
0.0351123809814453 0.0185508728027344 0.06146240234375 -0.0847549438476563
0.0351791381835938 -0.0220794677734375 0.0144462585449219 -0.0283546447753906
-0.000476837158203125 -0.0349655151367188 0.0307483673095703 0.0121173858642578
-0.0248336791992188 -0.019256591796875 0.0636100769042969 -0.0131645202636719
-0.0278968811035156 0.00205421447753907 0.05352783203125 -0.0574417114257813
-0.0217609405517578 0.0209159851074219 0.0190963745117188 -0.0867691040039063
-0.0153017044067383 0.0173177719116211 -0.0103225708007812 -0.0863113403320313
-0.0186290740966797 0.0115032196044922 -0.0173835754394531 -0.06781005859375
-0.0218372344970703 0.0112533569335937 -0.0124244689941406 -0.0576286315917969
-0.0231609344482422 -0.00514984130859375 -0.00577163696289062 -0.0477943420410156
-0.0120353698730469 -0.0232753753662109 -0.0032958984375 -0.0369071960449219
0.0114707946777344 -0.0268268585205078 -0.004364013671875 -0.0435562133789063
0.0394020080566406 -0.00745010375976562 -0.00586318969726562 -0.0683708190917969
0.0448188781738281 0.0203590393066406 0.00156402587890625 -0.105697631835938
0.0280303955078125 0.0395622253417969 0.0176467895507813 -0.118270874023438
0.0206146240234375 0.0633926391601563 0.0749435424804688 -0.0706253051757813
0.0418167114257813 0.0206947326660156 0.0238933563232422 -0.0198097229003906
0.0262546539306641 -0.00378990173339844 0.0365562438964844 0.0185737609863281
0.00992298126220703 -0.0133237838745117 0.0726089477539063 -0.00786590576171875
0.000189781188964844 -0.0123043060302734 0.0633316040039063 -0.054168701171875
-0.00621414184570312 -0.00891017913818359 0.0282821655273437 -0.0890350341796875
-0.0138826370239258 -0.0146160125732422 -0.00547027587890626 -0.08935546875
-0.0132007598876953 -0.0179309844970703 -0.0150184631347656 -0.0689315795898438
-0.0141277313232422 -0.0220890045166016 -0.0103912353515625 -0.0551567077636719
-0.00487899780273438 -0.031402587890625 -0.00407028198242187 -0.0462455749511719
0.0179290771484375 -0.0333194732666016 -0.0042724609375 -0.0312480926513672
0.0420570373535156 -0.0172653198242187 -0.00788497924804687 -0.0344390869140625
0.0516586303710938 0.0255775451660156 -0.01470947265625 -0.0567741394042969
0.0440788269042969 0.0636138916015625 -0.00594329833984375 -0.08978271484375
0.014007568359375 0.0811538696289063 0.0160598754882812 -0.0999755859375
-0.000541687011718753 0.101875305175781 0.0813369750976563 -0.043243408203125
0.037933349609375 0.0669212341308594 0.0316352844238281 -0.000577926635742183
0.0467033386230469 0.0351028442382813 0.0415306091308594 0.0300331115722656
0.0481948852539063 -0.000644683837890625 0.0779495239257812 0.00168609619140625
0.0322780609130859 -0.0219993591308594 0.0696678161621094 -0.0437164306640625
0.0123100280761719 -0.0366020202636719 0.0345077514648438 -0.0798568725585938
-0.00706863403320312 -0.0439453125 0.000686645507812506 -0.081024169921875
-0.00653076171875 -0.0440902709960937 -0.0107460021972656 -0.0596885681152344
-0.00687789916992187 -0.0503463745117188 -0.00690078735351562 -0.0438804626464844
0.0105628967285156 -0.0549964904785156 -0.00452041625976563 -0.0369873046875
0.0411872863769531 -0.0432815551757813 -0.00838088989257812 -0.0198173522949219
0.0653190612792969 -0.0148849487304688 -0.0131645202636719 -0.0228538513183594
0.0664405822753906 0.0472335815429688 -0.0236015319824219 -0.0437736511230469
0.04693603515625 0.0946044921875 -0.0115776062011719 -0.0684356689453125
0.00447082519531251 0.109611511230469 0.00917816162109376 -0.071044921875
-0.0262832641601563 0.124481201171875 0.0762100219726563 -0.00314331054687499
0.0244979858398437 0.105491638183594 0.0330829620361328 0.0271797180175781
0.0575103759765625 0.0755157470703125 0.0417213439941406 0.0440101623535156
0.078460693359375 0.0203781127929688 0.07733154296875 0.0166244506835938
0.0626792907714844 -0.0260658264160156 0.0680694580078125 -0.0256538391113281
0.0332527160644531 -0.0577659606933594 0.0380592346191406 -0.0599861145019531
0.00212860107421875 -0.0676498413085937 0.00684356689453126 -0.0620880126953125
-0.000133514404296875 -0.0646171569824219 -0.0035247802734375 -0.0411148071289063
-7.62939453125077E-05 -0.072723388671875 -0.00231361389160156 -0.0242748260498047
0.0214691162109375 -0.071868896484375 -0.00639152526855468 -0.0183353424072266
0.05792236328125 -0.0524559020996094 -0.0136804580688477 -0.00300216674804688
0.0813522338867188 -0.0171585083007813 -0.0194282531738281 -0.0103473663330078
0.0757980346679688 0.05975341796875 -0.0279655456542969 -0.0307159423828125
0.0473175048828125 0.109992980957031 -0.00864410400390624 -0.045654296875
-0.00367736816406251 0.122772216796875 0.000476837158203128 -0.0347537994384766
-0.0478286743164062 0.123443603515625 0.0602912902832031 0.0411186218261719
0.001708984375 0.121421813964844 0.0275840759277344 0.0597610473632813
0.0506744384765625 0.104072570800781 0.0361442565917969 0.059906005859375
0.0929718017578125 0.0425186157226563 0.06561279296875 0.0315322875976563
0.0837554931640625 -0.018463134765625 0.0587921142578125 -0.00497817993164063
0.0508499145507813 -0.0674209594726563 0.0358772277832031 -0.0337333679199219
0.0110244750976562 -0.0796737670898437 0.0138530731201172 -0.0346317291259766
0.00742340087890625 -0.07513427734375 0.00211620330810547 -0.0167236328125
0.00676727294921875 -0.0852279663085938 0.0028078556060791 0.000369071960449214
0.028778076171875 -0.0815811157226563 -0.00705575942993164 0.00514888763427734
0.0657768249511719 -0.0565032958984375 -0.0182228088378906 0.0148735046386719
0.0873184204101563 -0.0151214599609375 -0.0243358612060547 0.00147819519042968
0.07525634765625 0.06500244140625 -0.0280685424804687 -0.0205192565917969
0.0405502319335937 0.114608764648438 -0.00243759155273437 -0.0219135284423828
-0.0150909423828125 0.121528625488281 -0.00675058364868164 0.00294971466064454
-0.0605392456054688 0.101371765136719 0.0376052856445313 0.082550048828125
-0.0217971801757813 0.112800598144531 0.016632080078125 0.0895156860351563
0.0289840698242188 0.1090087890625 0.025482177734375 0.0683059692382813
0.0825576782226563 0.05780029296875 0.0473670959472656 0.0442237854003906
0.0853729248046875 -0.00641632080078125 0.0420036315917969 0.0147247314453125
0.0581169128417969 -0.0631561279296875 0.0281486511230469 -0.00437545776367188
0.018463134765625 -0.0785293579101563 0.0142421722412109 -0.00298881530761719
0.0123977661132813 -0.074615478515625 0.00796890258789063 0.00942134857177734
0.0112991333007813 -0.0846328735351563 0.00667953491210938 0.0274066925048828
0.0317230224609375 -0.0801925659179687 -0.00828933715820312 0.0284957885742188
0.069183349609375 -0.0509414672851563 -0.0228290557861328 0.0312442779541016
0.0844192504882813 -0.0079803466796875 -0.0300445556640625 0.0107517242431641
0.0630455017089844 0.0690650939941406 -0.0268630981445313 -0.0140171051025391
0.0221939086914062 0.107269287109375 0.00452661514282227 -0.00141859054565429
-0.02838134765625 0.104545593261719 -0.0181732177734375 0.0390815734863281
-0.0597915649414062 0.0591773986816406 0.0152511596679687 0.110542297363281
-0.0375442504882813 0.0780029296875 0.004241943359375 0.107955932617188
0.00276947021484376 0.0870361328125 0.01708984375 0.0709304809570313
0.0566368103027344 0.05718994140625 0.0275459289550781 0.0488243103027344
0.0682144165039062 0.0049591064453125 0.0233211517333984 0.0291748046875
0.0543670654296875 -0.0470657348632813 0.0183906555175781 0.0205936431884766
0.0217247009277344 -0.0649681091308594 0.0143566131591797 0.0253086090087891
0.0159950256347656 -0.0618019104003906 0.0130348205566406 0.0352439880371094
0.0155715942382813 -0.072479248046875 0.009033203125 0.0509223937988281
0.0334129333496094 -0.0677528381347656 -0.0117530822753906 0.0520591735839844
0.0643386840820313 -0.0386428833007813 -0.0305252075195312 0.0466957092285156
0.073638916015625 0.00189971923828125 -0.0374870300292969 0.0168380737304688
0.0423812866210938 0.0682106018066406 -0.0271110534667969 -0.0101051330566406
-0.000411987304687501 0.0910186767578125 0.00672817230224609 0.0145130157470703
-0.0426864624023437 0.0739517211914063 -0.0355377197265625 0.0677947998046875
-0.0497817993164063 0.00804138183593749 -0.00267028808593751 0.1220703125
-0.042572021484375 0.03125 -0.0035400390625 0.111747741699219
-0.0186271667480469 0.0492362976074219 0.010711669921875 0.0650253295898438
0.0223426818847656 0.044921875 0.0146713256835938 0.047607421875
0.0404052734375 0.0131683349609375 0.00946235656738281 0.0328140258789063
0.0394401550292969 -0.0246391296386719 0.00860977172851563 0.0371246337890625
0.0215225219726562 -0.0413246154785156 0.013519287109375 0.0462722778320313
0.0157661437988281 -0.0404853820800781 0.0157241821289062 0.054931640625
0.0176467895507813 -0.0496444702148438 0.0103836059570312 0.0703887939453125
0.029876708984375 -0.0466880798339844 -0.016082763671875 0.0703048706054688
0.0512123107910156 -0.0216827392578125 -0.0394401550292969 0.0565605163574219
0.0538978576660156 0.0102653503417969 -0.0466995239257813 0.0207252502441406
0.0188865661621094 0.0588722229003906 -0.0293960571289063 -0.00927734375
-0.0217933654785156 0.0632514953613281 0.000823974609374996 0.0275840759277344
-0.0497398376464844 0.0355873107910156 -0.0550155639648438 0.0840988159179687
0.0380477905273438 0.0172195434570313 0.0621261596679688 -0.0913772583007812
0.035430908203125 -0.0246620178222656 0.0140151977539063 -0.0295562744140625
-0.0022125244140625 -0.0355720520019531 0.0319843292236328 0.0121517181396484
-0.0263195037841797 -0.0192985534667969 0.0650062561035156 -0.0144996643066406
-0.0277824401855469 0.00370216369628906 0.0545616149902344 -0.0609397888183594
-0.0202713012695313 0.0223484039306641 0.017059326171875 -0.0898666381835938
-0.0150718688964844 0.0193424224853516 -0.0137405395507812 -0.088836669921875
-0.0183029174804688 0.0131759643554687 -0.0199394226074219 -0.0698356628417969
-0.0224456787109375 0.0127010345458984 -0.0153579711914063 -0.0577125549316406
-0.0248260498046875 -0.00348472595214844 -0.00834274291992187 -0.0491294860839844
-0.0139541625976562 -0.0236396789550781 -0.0053253173828125 -0.0405960083007813
0.0111274719238281 -0.0284347534179688 -0.00481033325195312 -0.0465888977050781
0.0395927429199219 -0.0100021362304687 -0.00585174560546875 -0.0707321166992188
0.0467643737792969 0.01873779296875 -8.39233398437526E-05 -0.109001159667969
0.030487060546875 0.0409049987792969 0.0140533447265625 -0.124626159667969
0.0234756469726562 0.0653762817382813 0.0762939453125 -0.07672119140625
0.0449485778808594 0.0208015441894531 0.0241279602050781 -0.0209865570068359
0.0261802673339844 -0.00505828857421875 0.037994384765625 0.0185050964355469
0.00965690612792969 -0.0145053863525391 0.0749893188476563 -0.00949859619140625
0.000244140625 -0.0121908187866211 0.0652809143066406 -0.05731201171875
-0.00638723373413086 -0.00867843627929687 0.025909423828125 -0.0921401977539063
-0.0131587982177734 -0.0142021179199219 -0.00882720947265624 -0.0921630859375
-0.0134477615356445 -0.0172204971313477 -0.01824951171875 -0.0702743530273438
-0.0157356262207031 -0.0208816528320313 -0.0128097534179687 -0.0570907592773438
-0.00542831420898437 -0.0312137603759766 -0.00708770751953125 -0.0492286682128906
0.0178756713867188 -0.0351524353027344 -0.00606536865234375 -0.0337638854980469
0.0420608520507813 -0.0188026428222656 -0.00789260864257812 -0.037872314453125
0.0546226501464844 0.0245895385742188 -0.0148963928222656 -0.0584754943847656
0.047393798828125 0.0648765563964844 -0.00659179687499999 -0.0927810668945313
0.017913818359375 0.0834274291992188 0.0134658813476562 -0.105690002441406
0.00260162353515624 0.105598449707031 0.0830612182617187 -0.0477447509765625
0.0423393249511719 0.0668525695800781 0.0313148498535156 -0.00145721435546875
0.0501976013183594 0.0345993041992187 0.0426254272460938 0.0309257507324219
0.0490798950195312 -0.00293350219726562 0.0813980102539063 0.001220703125
0.0330257415771484 -0.024078369140625 0.0708694458007813 -0.0458450317382813
0.0128555297851563 -0.03948974609375 0.0338821411132812 -0.0832901000976562
-0.00797271728515625 -0.0452346801757813 -0.00229644775390625 -0.0840072631835938
-0.00848007202148437 -0.0454330444335938 -0.0136756896972656 -0.0603065490722656
-0.00853347778320313 -0.0514793395996094 -0.00976181030273438 -0.0457115173339844
0.00846481323242188 -0.0574951171875 -0.0078582763671875 -0.0377044677734375
0.0410537719726562 -0.0478630065917969 -0.0107154846191406 -0.0211944580078125
0.0673980712890625 -0.018524169921875 -0.0139141082763672 -0.0251750946044922
0.0705032348632813 0.0478744506835938 -0.024017333984375 -0.0439682006835938
0.0521316528320312 0.0958480834960938 -0.0128173828125 -0.0720596313476563
0.00777435302734376 0.113914489746094 0.00644683837890624 -0.07537841796875
-0.0228347778320313 0.130859375 0.0799026489257813 -0.00576019287109374
0.029052734375 0.107315063476563 0.03460693359375 0.0290908813476563
0.062408447265625 0.0763092041015625 0.0434341430664063 0.0456352233886719
0.0824203491210938 0.0181961059570313 0.0804443359375 0.01605224609375
0.0638084411621094 -0.0285873413085938 0.0699577331542969 -0.0283393859863281
0.0324287414550781 -0.0624504089355469 0.0379562377929687 -0.0629234313964844
-0.000236511230468757 -0.0697479248046875 0.0060577392578125 -0.0649261474609375
-0.001922607421875 -0.0674476623535156 -0.00617218017578125 -0.0423202514648438
-0.00377655029296876 -0.0757827758789063 -0.00313186645507812 -0.0249443054199219
0.018218994140625 -0.0760574340820313 -0.00882339477539062 -0.0194664001464844
0.0575637817382813 -0.0576629638671875 -0.0155925750732422 -0.00436115264892579
0.082916259765625 -0.0209274291992187 -0.0193920135498047 -0.0119838714599609
0.0818557739257813 0.0583267211914063 -0.0286006927490234 -0.0317840576171875
0.05499267578125 0.112564086914063 -0.0100631713867188 -0.0473709106445312
-0.000404357910156239 0.1285400390625 -5.72204589843751E-05 -0.038421630859375
-0.0452194213867187 0.131256103515625 0.0644264221191406 0.040679931640625
0.00501251220703126 0.126968383789063 0.0289840698242188 0.0615653991699219
0.0575790405273437 0.106773376464844 0.037933349609375 0.0615501403808594
0.0974655151367187 0.0407333374023437 0.0687332153320312 0.0327568054199219
0.0866546630859375 -0.02264404296875 0.0608253479003906 -0.005859375
0.0499038696289063 -0.0727081298828125 0.0362930297851563 -0.0353584289550781
0.008026123046875 -0.0827178955078125 0.0123291015625 -0.0364952087402344
0.00487518310546875 -0.0772705078125 0.00131416320800781 -0.0174465179443359
0.00202178955078126 -0.08892822265625 0.00183248519897461 -0.000315189361572271
0.0250930786132813 -0.0856475830078125 -0.00899410247802734 0.00423240661621093
0.0667495727539063 -0.0612602233886719 -0.0194969177246094 0.0154552459716797
0.0902328491210937 -0.0189208984375 -0.0259151458740234 0.00170516967773437
0.0809173583984375 0.0661392211914063 -0.0283870697021484 -0.0218105316162109
0.047088623046875 0.117256164550781 -0.00278472900390625 -0.0241374969482422
-0.0128250122070312 0.125938415527344 -0.00851058959960938 0.0020432472229004
-0.0580596923828125 0.1068115234375 0.0421142578125 0.0844268798828125
-0.0197219848632812 0.116981506347656 0.0192413330078125 0.0923690795898438
0.036041259765625 0.111518859863281 0.0269622802734375 0.07147216796875
0.0892715454101563 0.0555038452148438 0.0489044189453125 0.045257568359375
0.0874710083007813 -0.0102767944335938 0.0441131591796875 0.0149993896484375
0.05712890625 -0.0678062438964844 0.0289726257324219 -0.00551605224609375
0.0165863037109375 -0.082489013671875 0.0149936676025391 -0.00528240203857422
0.00975799560546875 -0.0769195556640625 0.0086832046508789 0.01025390625
0.008453369140625 -0.0881423950195313 0.00800704956054687 0.0269947052001953
0.028961181640625 -0.08441162109375 -0.00864219665527344 0.0292091369628906
0.0692520141601563 -0.0561485290527344 -0.0242938995361328 0.03265380859375
0.0887603759765625 -0.0121078491210938 -0.0314369201660156 0.0105457305908203
0.069580078125 0.0701370239257813 -0.0278968811035156 -0.0137290954589844
0.027862548828125 0.111190795898438 0.00510168075561524 -0.0033431053161621
-0.0261383056640625 0.110069274902344 -0.0193557739257812 0.0409736633300781
-0.0601692199707031 0.0642662048339844 0.0191116333007813 0.115524291992188
-0.0363311767578125 0.0829010009765625 0.00660705566406251 0.111564636230469
0.00700378417968751 0.0903472900390625 0.01708984375 0.0738601684570313
0.0611610412597656 0.0578422546386719 0.030609130859375 0.0513572692871094
0.0721282958984375 0.003082275390625 0.0253829956054688 0.0301342010498047
0.0544509887695312 -0.05145263671875 0.0195388793945313 0.0208873748779297
0.0195770263671875 -0.067718505859375 0.016143798828125 0.0252361297607422
0.0138130187988281 -0.0645675659179688 0.0139617919921875 0.0358085632324219
0.0128555297851563 -0.0760269165039063 0.011077880859375 0.0520591735839844
0.0308456420898438 -0.0716400146484375 -0.010528564453125 0.0530052185058594
0.0656585693359375 -0.0428352355957031 -0.0306739807128906 0.0483932495117187
0.0759811401367188 -0.000396728515625 -0.0384941101074219 0.0183181762695312
0.0478057861328125 0.0694046020507813 -0.0270156860351562 -0.0100440979003906
0.00363922119140626 0.0942535400390625 0.00679874420166016 0.0143613815307617
-0.0410919189453125 0.0782928466796875 -0.03436279296875 0.070587158203125
-0.0518264770507813 0.0104789733886719 0.00164031982421875 0.128730773925781
-0.0430145263671875 0.0346298217773438 -0.00187683105468752 0.115272521972656
-0.0172767639160156 0.0512428283691406 0.0115966796875 0.0690422058105469
0.0254859924316406 0.0457687377929688 0.0149345397949219 0.0500984191894531
0.0427436828613281 0.0123558044433594 0.0104103088378906 0.0362815856933594
0.0403785705566406 -0.0279388427734375 0.00972366333007812 0.0378227233886719
0.0193634033203125 -0.0428848266601562 0.0160598754882813 0.0472373962402344
0.0152931213378906 -0.0426597595214844 0.0171241760253906 0.0558853149414063
0.0149345397949219 -0.051666259765625 0.0123748779296875 0.0716018676757813
0.0290908813476563 -0.0484428405761719 -0.0156631469726563 0.0730743408203125
0.0516357421875 -0.0263099670410156 -0.0390777587890625 0.05926513671875
0.0560340881347656 0.00848388671875 -0.0479621887207031 0.0215225219726563
0.021514892578125 0.0609283447265625 -0.0305747985839844 -0.00912857055664063
-0.019683837890625 0.06610107421875 0.00366592407226562 0.0268764495849609
-0.0507545471191406 0.0374031066894531 -0.0547943115234375 0.0888900756835938
0.0403366088867188 0.0148811340332031 0.0588607788085938 -0.09881591796875
0.0346660614013672 -0.0276451110839844 0.0121517181396484 -0.0320148468017578
-0.00449371337890625 -0.0366439819335938 0.0331344604492188 0.0118522644042969
-0.0287532806396484 -0.0171012878417969 0.06756591796875 -0.0182228088378906
-0.0292739868164063 0.0056915283203125 0.0531501770019531 -0.0645790100097656
-0.0191783905029297 0.0235424041748047 0.0126419067382813 -0.0937271118164063
-0.0141525268554687 0.0202541351318359 -0.0186767578125 -0.0899658203125
-0.0174350738525391 0.0152950286865234 -0.0256118774414062 -0.0708389282226563
-0.0222454071044922 0.0151863098144531 -0.0200080871582031 -0.0591354370117187
-0.0253982543945313 -0.00258445739746094 -0.0124168395996094 -0.050262451171875
-0.0159740447998047 -0.0226306915283203 -0.00820541381835938 -0.0423431396484375
0.00974464416503906 -0.0293827056884766 -0.00784683227539062 -0.0490951538085938
0.0398941040039063 -0.0127830505371094 -0.00919342041015626 -0.0736236572265625
0.0489730834960938 0.0165443420410156 -0.00518035888671875 -0.112892150878906
0.0344619750976563 0.0397109985351563 0.00829315185546874 -0.130943298339844
0.0276451110839844 0.0656814575195313 0.0746383666992187 -0.0852127075195313
0.04754638671875 0.0177726745605469 0.023223876953125 -0.0240650177001953
0.0270671844482422 -0.00645065307617188 0.0398139953613281 0.0188865661621094
0.00963020324707031 -0.0152196884155273 0.077789306640625 -0.012939453125
-0.000997543334960936 -0.0124855041503906 0.0636444091796875 -0.06170654296875
-0.00697708129882812 -0.00966167449951172 0.0220870971679687 -0.0960235595703125
-0.0137672424316406 -0.0136070251464844 -0.01458740234375 -0.0936355590820313
-0.0156669616699219 -0.0163545608520508 -0.0229110717773438 -0.0709228515625
-0.0176963806152344 -0.0202541351318359 -0.0180130004882812 -0.0578689575195312
-0.0082855224609375 -0.0325374603271484 -0.0116500854492187 -0.0492706298828125
0.0149421691894531 -0.0366477966308594 -0.00990676879882812 -0.0358238220214844
0.0427742004394531 -0.0226058959960938 -0.00970077514648437 -0.0401115417480469
0.0579414367675781 0.0220375061035156 -0.0177688598632813 -0.06036376953125
0.0529212951660156 0.0637588500976563 -0.0116653442382812 -0.0964736938476563
0.0229949951171875 0.08551025390625 0.00881195068359376 -0.11138916015625
0.0088348388671875 0.109199523925781 0.0844879150390625 -0.05474853515625
0.047210693359375 0.06695556640625 0.0321121215820313 -0.00430488586425781
0.0546607971191406 0.0328292846679688 0.0448722839355469 0.0305557250976563
0.0518341064453125 -0.00426864624023438 0.0841522216796875 -0.002410888671875
0.0326423645019531 -0.0265102386474609 0.071075439453125 -0.0510482788085937
0.0105171203613281 -0.0415267944335938 0.0306472778320312 -0.0879745483398437
-0.0110244750976562 -0.046051025390625 -0.00769805908203126 -0.0861053466796875
-0.010833740234375 -0.0459442138671875 -0.0182380676269531 -0.0612106323242188
-0.012786865234375 -0.0528945922851563 -0.0137786865234375 -0.0457916259765625
0.00483322143554688 -0.0589218139648437 -0.0120811462402344 -0.0383377075195313
0.0394439697265625 -0.0510749816894531 -0.0137901306152344 -0.022369384765625
0.0682373046875 -0.0228080749511719 -0.0150833129882812 -0.0280418395996094
0.076324462890625 0.0436859130859375 -0.0256080627441406 -0.0457992553710937
0.0595703125 0.095916748046875 -0.0156784057617187 -0.0734176635742188
0.01422119140625 0.118064880371094 0.00275421142578125 -0.0798721313476562
-0.01568603515625 0.135078430175781 0.0829696655273438 -0.0112686157226562
0.036773681640625 0.109428405761719 0.0361709594726563 0.0270729064941406
0.0699462890625 0.0750885009765625 0.04693603515625 0.0461502075195313
0.087188720703125 0.0132064819335937 0.0834121704101562 0.0142135620117188
0.0655174255371094 -0.0332069396972656 0.0711746215820313 -0.03173828125
0.0295982360839844 -0.0665435791015625 0.0363273620605469 -0.0674705505371094
-0.0046234130859375 -0.0718841552734375 0.00176239013671875 -0.0669975280761719
-0.00591659545898438 -0.0687828063964844 -0.00939178466796875 -0.0430831909179688
-0.0092010498046875 -0.0783233642578125 -0.00656700134277344 -0.0251502990722656
0.0130233764648437 -0.0796585083007813 -0.0115604400634766 -0.0194606781005859
0.0551872253417969 -0.0632057189941406 -0.0173025131225586 -0.00451278686523438
0.0861587524414063 -0.0263824462890625 -0.0205039978027344 -0.0129413604736328
0.0884017944335938 0.0553970336914063 -0.0296649932861328 -0.0319004058837891
0.0629348754882813 0.112770080566406 -0.0128250122070312 -0.049163818359375
0.00662994384765625 0.133079528808594 -0.00245285034179687 -0.041107177734375
-0.0384674072265625 0.138381958007813 0.0698814392089844 0.039093017578125
0.012908935546875 0.129951477050781 0.0336990356445312 0.0625572204589844
0.0659103393554687 0.106178283691406 0.0402412414550781 0.0625076293945313
0.104423522949219 0.0353317260742188 0.0726394653320313 0.031890869140625
0.0876922607421875 -0.0286331176757813 0.0636711120605469 -0.00881195068359375
0.0464706420898437 -0.0787124633789062 0.0366096496582031 -0.0380477905273438
0.00298309326171874 -0.0858078002929688 0.0103912353515625 -0.0381889343261719
-0.000595092773437498 -0.080780029296875 -0.000764846801757811 -0.0177040100097656
-0.00368499755859375 -0.0921249389648438 0.000728011131286621 -0.000215351581573492
0.0195083618164062 -0.090484619140625 -0.00925636291503906 0.00540828704833984
0.06488037109375 -0.067962646484375 -0.0192470550537109 0.0154685974121094
0.0933074951171875 -0.0254440307617187 -0.0253829956054687 0.000883102416992182
0.0896148681640625 0.0626296997070313 -0.0302162170410156 -0.0215797424316406
0.0564346313476562 0.117843627929687 -0.00329399108886718 -0.0255470275878906
-0.00496673583984376 0.131866455078125 -0.00833749771118164 0.00102567672729493
-0.0541000366210937 0.11541748046875 0.0491790771484375 0.08526611328125
-0.0122146606445312 0.123046875 0.023712158203125 0.0944671630859375
0.043792724609375 0.113410949707031 0.0306549072265625 0.0735702514648438
0.0965957641601563 0.0521392822265625 0.0535316467285156 0.0464363098144531
0.0907516479492188 -0.0164871215820313 0.0467796325683594 0.0141220092773437
0.055419921875 -0.0755081176757813 0.0306968688964844 -0.00672531127929688
0.0109176635742187 -0.0858001708984375 0.0160579681396484 -0.00473403930664063
0.00477600097656249 -0.0805435180664063 0.00917816162109375 0.00942134857177734
0.00211334228515625 -0.0926132202148437 0.00889015197753906 0.0264644622802734
0.023529052734375 -0.0890960693359375 -0.00839805603027343 0.03173828125
0.0676651000976563 -0.063323974609375 -0.0237560272216797 0.0350418090820313
0.090484619140625 -0.017669677734375 -0.0303688049316406 0.0122776031494141
0.0764389038085938 0.0678558349609375 -0.0282382965087891 -0.0139865875244141
0.0371475219726563 0.112510681152344 0.00581598281860352 -0.0048074722290039
-0.0217514038085937 0.115394592285156 -0.0177192687988281 0.0413627624511719
-0.0583343505859375 0.0704498291015625 0.0265121459960938 0.119171142578125
-0.0333404541015625 0.0879898071289062 0.01123046875 0.115142822265625
0.0130081176757813 0.093597412109375 0.0200729370117188 0.0767974853515625
0.0676841735839844 0.0552406311035156 0.033477783203125 0.0525436401367188
0.0748291015625 -0.0019683837890625 0.0283584594726563 0.0300121307373047
0.053192138671875 -0.0576858520507813 0.0222396850585938 0.0201072692871094
0.0159530639648437 -0.0714492797851563 0.0183162689208984 0.0248203277587891
0.00956344604492187 -0.0679168701171875 0.0165672302246094 0.03509521484375
0.00792694091796876 -0.079559326171875 0.0141639709472656 0.0523147583007813
0.0263442993164062 -0.0760955810546875 -0.00949478149414062 0.05511474609375
0.0643539428710938 -0.0493583679199219 -0.0292510986328125 0.0515213012695312
0.07904052734375 -0.0066986083984375 -0.0383682250976562 0.0201148986816406
0.0552024841308594 0.0686874389648438 -0.0287399291992187 -0.00994873046874999
0.0107650756835937 0.09674072265625 0.00858020782470703 0.0134792327880859
-0.0381546020507813 0.0844268798828125 -0.0318756103515625 0.0737762451171875
-0.052581787109375 0.0143814086914062 0.00879669189453126 0.135093688964844
-0.0428237915039063 0.0386161804199219 0.00354766845703126 0.120384216308594
-0.0145988464355469 0.0547866821289063 0.0139236450195312 0.07086181640625
0.0291328430175781 0.0448951721191406 0.0178031921386719 0.0526008605957031
0.0452156066894531 0.00887298583984375 0.0139198303222656 0.0376853942871094
0.0397758483886719 -0.0312042236328125 0.0144271850585938 0.0380821228027344
0.0177536010742187 -0.0453720092773438 0.01934814453125 0.047210693359375
0.0125198364257812 -0.0451126098632813 0.0216903686523438 0.0560188293457031
0.0126762390136719 -0.0551338195800781 0.016815185546875 0.0735397338867188
0.02630615234375 -0.0526351928710937 -0.0123138427734375 0.0758819580078125
0.0533943176269531 -0.0305023193359375 -0.0367240905761719 0.0637741088867188
0.0589065551757812 0.00585174560546875 -0.0480232238769531 0.0251312255859375
0.0271377563476563 0.0610885620117188 -0.0321884155273437 -0.00866317749023437
-0.0159645080566406 0.0693778991699219 0.00524520874023438 0.0267601013183594
-0.0504837036132813 0.0417633056640625 -0.05072021484375 0.0941848754882813
0.040435791015625 0.0129356384277344 0.051666259765625 -0.105209350585938
0.0325813293457031 -0.0307464599609375 0.00900840759277343 -0.0339908599853516
-0.0067901611328125 -0.0364341735839844 0.0336360931396484 0.0108737945556641
-0.0306224822998047 -0.0140380859375 0.0677642822265625 -0.0224380493164063
-0.0283012390136719 0.00982475280761718 0.04901123046875 -0.0685386657714844
-0.0178794860839844 0.0267105102539063 0.00723266601562499 -0.0936355590820313
-0.0117855072021484 0.0222015380859375 -0.0244979858398437 -0.0889205932617188
-0.0176277160644531 0.0171546936035156 -0.0304031372070312 -0.0687522888183594
-0.0210800170898438 0.0185680389404297 -0.0244865417480469 -0.0565147399902344
-0.0242996215820312 7.43865966796926E-05 -0.0171661376953125 -0.0504264831542969
-0.0174388885498047 -0.0205974578857422 -0.0119552612304688 -0.0431747436523438
0.00694084167480469 -0.0301666259765625 -0.0110092163085937 -0.0515899658203125
0.039093017578125 -0.0153427124023438 -0.0110321044921875 -0.0727920532226563
0.0512962341308594 0.0128288269042969 -0.0122451782226563 -0.113533020019531
0.0381622314453125 0.0365943908691406 0.000419616699218749 -0.134063720703125
0.0327911376953125 0.0657196044921875 0.0688934326171875 -0.0930404663085938
0.048614501953125 0.0138206481933594 0.0213031768798828 -0.0257339477539063
0.0271873474121094 -0.00782966613769531 0.040740966796875 0.0169754028320313
0.00844383239746094 -0.0163412094116211 0.0773849487304688 -0.0166091918945313
-0.000936508178710937 -0.0124540328979492 0.0605659484863281 -0.0662345886230469
-0.00607585906982422 -0.00952529907226563 0.0150070190429688 -0.0970840454101563
-0.0143852233886719 -0.0122690200805664 -0.0219039916992187 -0.0943450927734375
-0.0172414779663086 -0.014918327331543 -0.0290908813476563 -0.0701141357421875
-0.0182170867919922 -0.0190601348876953 -0.0218276977539062 -0.0565719604492188
-0.00978279113769531 -0.0324459075927734 -0.0156097412109375 -0.0489768981933594
0.01177978515625 -0.0371170043945313 -0.0129928588867188 -0.0362701416015625
0.0421867370605469 -0.0261726379394531 -0.01171875 -0.0416831970214844
0.0610160827636719 0.0178489685058594 -0.0198516845703125 -0.0601577758789063
0.0574684143066406 0.0607261657714844 -0.016632080078125 -0.096343994140625
0.0297775268554687 0.08526611328125 -0.000350952148437488 -0.114791870117187
0.017791748046875 0.10870361328125 0.08135986328125 -0.0622940063476563
0.0538673400878906 0.0639839172363281 0.0318813323974609 -0.00591468811035156
0.05718994140625 0.0282135009765625 0.0455970764160156 0.0275802612304688
0.0523147583007813 -0.00983047485351563 0.08477783203125 -0.0067901611328125
0.0316371917724609 -0.0289402008056641 0.0694541931152344 -0.0547256469726563
0.00744247436523438 -0.0434532165527344 0.0246505737304687 -0.0898666381835938
-0.0141372680664063 -0.0459938049316406 -0.0133132934570313 -0.0863037109375
-0.0147819519042969 -0.04541015625 -0.0230445861816406 -0.0606689453125
-0.0172767639160156 -0.0526466369628906 -0.0171356201171875 -0.0448684692382813
0.000759124755859375 -0.0591964721679688 -0.0161285400390625 -0.0378570556640625
0.0362930297851563 -0.0539779663085938 -0.0166015625 -0.0231342315673828
0.0685234069824219 -0.0279998779296875 -0.0176010131835937 -0.0295429229736328
0.0800018310546875 0.0389862060546875 -0.0274505615234375 -0.0455284118652344
0.0685501098632813 0.0918655395507813 -0.020538330078125 -0.0741424560546875
0.023590087890625 0.117599487304688 -0.00232696533203124 -0.0832748413085937
-0.00626373291015625 0.137931823730469 0.0836868286132813 -0.016082763671875
0.046112060546875 0.106712341308594 0.0369529724121094 0.0240974426269531
0.0760345458984375 0.0710983276367188 0.0482940673828125 0.0434074401855469
0.0882415771484375 0.00545501708984375 0.0851058959960938 0.00921630859375
0.0650215148925781 -0.0391807556152344 0.0720901489257813 -0.0363006591796875
0.0240249633789063 -0.0694084167480469 0.0318870544433594 -0.069915771484375
-0.00896453857421875 -0.0719757080078125 -0.00304794311523437 -0.0666847229003906
-0.0123825073242188 -0.0686683654785156 -0.014892578125 -0.0421218872070313
-0.0147247314453125 -0.0772247314453125 -0.00955581665039063 -0.0261383056640625
0.00773620605468751 -0.0794906616210938 -0.0150489807128906 -0.0193901062011719
0.0502853393554688 -0.0682182312011719 -0.0190067291259766 -0.00391387939453126
0.0843963623046875 -0.03399658203125 -0.0218982696533203 -0.0136985778808594
0.0951309204101563 0.049591064453125 -0.0302600860595703 -0.0317325592041016
0.0728225708007813 0.108657836914062 -0.0152816772460937 -0.0487556457519531
0.0162506103515625 0.136711120605469 -0.00429534912109375 -0.0436859130859375
-0.02850341796875 0.14239501953125 0.0739822387695312 0.033782958984375
0.0231399536132813 0.128433227539063 0.0369987487792969 0.0598945617675781
0.074493408203125 0.102577209472656 0.043365478515625 0.0615653991699219
0.108505249023438 0.0291748046875 0.0768051147460938 0.027679443359375
0.0867233276367188 -0.0358123779296875 0.0638465881347656 -0.012054443359375
0.041046142578125 -0.0841598510742188 0.0355682373046875 -0.0408859252929688
-0.00235748291015624 -0.0854339599609375 0.00735855102539063 -0.0407028198242188
-0.00840759277343751 -0.0822906494140625 -0.00224494934082031 -0.0181293487548828
-0.0114212036132813 -0.0926437377929688 0.00136721134185791 0.000375986099243158
0.0106735229492188 -0.091827392578125 -0.0107078552246094 0.00683498382568359
0.0600738525390625 -0.0732803344726563 -0.0191268920898438 0.0167808532714844
0.0924835205078125 -0.0330963134765625 -0.0261936187744141 -7.4386596679691E-05
0.0941009521484375 0.0555267333984375 -0.0312080383300781 -0.022003173828125
0.0665206909179688 0.113540649414062 -0.00363540649414062 -0.0253467559814453
0.00405120849609376 0.133880615234375 -0.00929546356201172 0.00272560119628907
-0.044525146484375 0.118919372558594 0.05755615234375 0.0828399658203125
-0.00376892089843749 0.12451171875 0.0307540893554688 0.0932846069335938
0.051849365234375 0.112388610839844 0.0335845947265625 0.0728912353515625
0.102066040039063 0.0435638427734375 0.0571517944335938 0.0448455810546875
0.091461181640625 -0.0248184204101563 0.0481452941894531 0.0120887756347656
0.049163818359375 -0.0812911987304688 0.0312385559082031 -0.00788688659667969
0.00337982177734375 -0.08642578125 0.0159435272216797 -0.00657939910888672
-6.86645507812431E-05 -0.0813751220703125 0.0082244873046875 0.00882244110107421
-0.00474548339843749 -0.0923614501953125 0.0117168426513672 0.0260772705078125
0.0163345336914063 -0.0936431884765625 -0.00878524780273437 0.0313358306884766
0.0640869140625 -0.0691986083984375 -0.0222434997558594 0.0368499755859375
0.091400146484375 -0.0265579223632813 -0.0281181335449219 0.0131568908691406
0.0833816528320313 0.0615921020507813 -0.0287113189697266 -0.0130443572998047
0.0465774536132813 0.109756469726563 0.00480937957763672 -0.00684261322021484
-0.01300048828125 0.118873596191406 -0.0143623352050781 0.0431175231933594
-0.054779052734375 0.0759124755859375 0.036224365234375 0.118728637695313
-0.025848388671875 0.0901336669921875 0.0186691284179688 0.113945007324219
0.0211944580078125 0.0930404663085938 0.0244293212890625 0.0743865966796875
0.074188232421875 0.0505752563476563 0.0362625122070313 0.0520057678222656
0.074493408203125 -0.0064544677734375 0.0327396392822266 0.0290050506591797
0.0485076904296875 -0.06243896484375 0.0264320373535156 0.0191612243652344
0.00975799560546876 -0.0733489990234375 0.0207099914550781 0.0225906372070312
0.00420761108398437 -0.0692176818847656 0.0184078216552734 0.0340366363525391
0.00254058837890625 -0.0797119140625 0.0179557800292969 0.0512924194335938
0.0196075439453125 -0.078369140625 -0.00726318359375 0.0555191040039063
0.0612754821777344 -0.0555610656738281 -0.0267562866210937 0.0541458129882813
0.0797119140625 -0.0127487182617188 -0.0367240905761719 0.0216102600097656
0.0615615844726563 0.0659294128417969 -0.029754638671875 -0.00854682922363281
0.0181961059570313 0.09674072265625 0.00856590270996094 0.0131969451904297
-0.03302001953125 0.0883407592773438 -0.0272216796875 0.0759429931640625
-0.0515937805175781 0.0190925598144531 0.01971435546875 0.137489318847656
-0.0415115356445313 0.0427970886230469 0.012542724609375 0.120429992675781
-0.0107383728027344 0.0556144714355469 0.0158920288085938 0.0705642700195313
0.0344123840332031 0.0442657470703125 0.0220489501953125 0.0537796020507813
0.0478477478027344 0.00630569458007812 0.0167274475097656 0.036895751953125
0.0379753112792969 -0.03558349609375 0.0182876586914063 0.0393218994140625
0.0141868591308594 -0.0495491027832031 0.023193359375 0.0459632873535156
0.0095977783203125 -0.0454444885253906 0.0245819091796875 0.0553436279296875
0.00870895385742187 -0.058197021484375 0.0242462158203125 0.0713882446289063
0.0225982666015625 -0.0550079345703125 -0.00827789306640625 0.0780715942382813
0.0519523620605469 -0.0348854064941406 -0.0334014892578125 0.0664749145507813
0.0604248046875 0.001220703125 -0.0448226928710937 0.0268363952636719
0.0338134765625 0.0591621398925781 -0.0339813232421875 -0.00634193420410157
-0.0105972290039063 0.0717086791992188 0.00651359558105468 0.0259819030761719
-0.0472183227539062 0.0461349487304688 -0.0442657470703125 0.0991134643554688
0.0424728393554688 0.00842666625976563 0.0412826538085938 -0.106582641601562
0.031463623046875 -0.0327491760253906 0.00527000427246094 -0.0339317321777344
-0.00996398925781249 -0.0346508026123047 0.0313320159912109 0.00682449340820312
-0.0281276702880859 -0.0125007629394531 0.06500244140625 -0.0244064331054687
-0.0282764434814453 0.011627197265625 0.0483055114746094 -0.0689926147460938
-0.0155658721923828 0.028228759765625 0.002716064453125 -0.0922012329101563
-0.0110321044921875 0.0197410583496094 -0.0298538208007813 -0.0850143432617188
-0.0171680450439453 0.0192985534667969 -0.0329360961914063 -0.0646705627441406
-0.0190200805664062 0.0186824798583984 -0.0278472900390625 -0.0546073913574219
-0.0241870880126953 0.00265121459960938 -0.0202827453613281 -0.0465965270996094
-0.0186386108398438 -0.019195556640625 -0.0143013000488281 -0.0416526794433594
0.00356483459472656 -0.0299549102783203 -0.0110549926757812 -0.0523147583007812
0.035491943359375 -0.0193748474121094 -0.0134506225585937 -0.075775146484375
0.0516128540039063 0.0112495422363281 -0.0188980102539062 -0.109657287597656
0.04119873046875 0.03271484375 -0.00915527343749999 -0.131675720214844
0.0353164672851563 0.0609512329101562 0.0638427734375 -0.0939178466796875
0.0479736328125 0.0123252868652344 0.0188655853271484 -0.0293998718261719
0.0255527496337891 -0.008544921875 0.0411529541015625 0.0178871154785156
0.00819969177246094 -0.0137863159179687 0.075408935546875 -0.0198211669921875
-0.00180244445800781 -0.0114402770996094 0.0568618774414062 -0.07000732421875
-0.00894451141357422 -0.00944709777832031 0.00994873046874999 -0.0998764038085938
-0.0154886245727539 -0.0122318267822266 -0.0286331176757813 -0.0892868041992188
-0.0182056427001953 -0.0122146606445312 -0.0314483642578125 -0.0646743774414063
-0.0200843811035156 -0.0162162780761719 -0.026275634765625 -0.0554351806640625
-0.0133495330810547 -0.0278987884521484 -0.017822265625 -0.0456771850585938
0.00859451293945313 -0.0333766937255859 -0.0169334411621094 -0.0374336242675781
0.0396728515625 -0.0291175842285156 -0.0163459777832031 -0.0404548645019531
0.0594940185546875 0.0142669677734375 -0.0196685791015625 -0.0603904724121094
0.0621070861816406 0.0547599792480469 -0.0203628540039063 -0.0957412719726563
0.0355453491210938 0.0830230712890625 -0.00733184814453123 -0.116508483886719
0.022979736328125 0.106719970703125 0.075103759765625 -0.0669097900390625
0.0553436279296875 0.0605239868164063 0.0314445495605469 -0.00709724426269531
0.0599555969238281 0.0252685546875 0.047149658203125 0.0283470153808594
0.0509300231933594 -0.0121383666992187 0.0818405151367188 -0.0132369995117188
0.0307884216308594 -0.0312023162841797 0.0640373229980469 -0.0584068298339844
0.00353240966796875 -0.0420799255371094 0.0194778442382813 -0.090087890625
-0.016082763671875 -0.0465660095214844 -0.01983642578125 -0.0821456909179688
-0.014068603515625 -0.0435829162597656 -0.0273475646972656 -0.0574264526367188
-0.0196151733398438 -0.0533180236816406 -0.0216827392578125 -0.0411758422851563
-0.00569534301757812 -0.0575103759765625 -0.0199394226074219 -0.0361480712890625
0.0306053161621094 -0.0558815002441406 -0.0176105499267578 -0.0203189849853516
0.0658950805664062 -0.03375244140625 -0.0170879364013672 -0.0289554595947266
0.0815887451171875 0.0340118408203125 -0.0289421081542969 -0.0459175109863281
0.0753326416015625 0.0845489501953125 -0.0225372314453125 -0.0687904357910156
0.0277786254882813 0.114646911621094 -0.00872039794921876 -0.0825042724609375
0.00302886962890624 0.133995056152344 0.0806350708007813 -0.0255279541015625
0.0523529052734375 0.102828979492188 0.038665771484375 0.0248298645019531
0.0784988403320313 0.0670394897460938 0.0513801574707031 0.0409164428710938
0.08929443359375 -0.0001983642578125 0.0853424072265625 0.0089569091796875
0.0595016479492188 -0.040252685546875 0.0663642883300781 -0.0400123596191406
0.0218582153320313 -0.0693206787109375 0.0281639099121094 -0.0689582824707031
-0.0133895874023438 -0.0709304809570313 -0.00705337524414063 -0.0670661926269531
-0.0143547058105469 -0.0658683776855469 -0.0204963684082031 -0.0380859375
-0.0214385986328125 -0.074066162109375 -0.0122413635253906 -0.0238742828369141
0.00131988525390625 -0.0818634033203125 -0.0180873870849609 -0.0156269073486328
0.0447540283203125 -0.0700302124023438 -0.0198001861572266 -0.00468063354492188
0.0792388916015625 -0.0378875732421875 -0.0233726501464844 -0.0112171173095703
0.0949020385742188 0.0413894653320313 -0.0296535491943359 -0.0320186614990234
0.0791778564453125 0.1015625 -0.0168418884277344 -0.050537109375
0.0241851806640625 0.131881713867188 -0.00958251953124999 -0.0424575805664062
-0.0221481323242187 0.139045715332031 0.0761566162109375 0.0257720947265625
0.0285263061523438 0.122795104980469 0.0406036376953125 0.0588035583496094
0.0834274291992188 0.0965042114257813 0.0469589233398438 0.0590171813964844
0.106475830078125 0.0235977172851563 0.0761795043945312 0.026641845703125
0.0826034545898438 -0.0410308837890625 0.0634346008300781 -0.0127983093261719
0.0332565307617188 -0.085693359375 0.033538818359375 -0.0381927490234375
-0.00679779052734376 -0.0855331420898438 0.00574493408203125 -0.0378379821777344
-0.010772705078125 -0.0807113647460937 -0.002288818359375 -0.0184707641601563
-0.015716552734375 -0.0854568481445313 -0.00149476528167725 -0.0017920732498169
0.00512695312499999 -0.0895538330078125 -0.00877285003662109 0.00931358337402343
0.0546417236328125 -0.0746231079101563 -0.0194740295410156 0.0174617767333984
0.089263916015625 -0.0386276245117188 -0.0213222503662109 0.00173187255859375
0.09844970703125 0.049346923828125 -0.032867431640625 -0.0175266265869141
0.0696487426757813 0.107345581054688 -0.004180908203125 -0.0265254974365234
0.010284423828125 0.12884521484375 -0.00657176971435547 0.000722885131835946
-0.0369873046875 0.122611999511719 0.0579605102539063 0.0796279907226563
0.00337982177734374 0.123649597167969 0.029205322265625 0.0862808227539063
0.05767822265625 0.103446960449219 0.0376968383789063 0.0717010498046875
0.10064697265625 0.0386276245117188 0.0572013854980469 0.0429916381835938
0.0858383178710938 -0.026458740234375 0.0516815185546875 0.00830078125
0.0443115234375 -0.0805206298828125 0.0323352813720703 -0.0121212005615234
-0.004425048828125 -0.0858612060546875 0.0164394378662109 -0.00771331787109376
-0.00331115722656251 -0.0804214477539063 0.00692176818847656 0.00723600387573242
-0.01141357421875 -0.0905609130859375 0.0119895935058594 0.0228195190429687
0.0100784301757812 -0.091094970703125 -0.00501441955566406 0.0331134796142578
0.0575790405273438 -0.0738143920898438 -0.0167999267578125 0.0366363525390625
0.0869216918945312 -0.033203125 -0.0266799926757812 0.0106468200683594
0.0888900756835938 0.0560836791992188 -0.0279102325439453 -0.0138397216796875
0.0535736083984375 0.105705261230469 0.00379657745361328 -0.0055251121520996
-0.00746917724609376 0.119293212890625 -0.0101127624511719 0.040924072265625
-0.0477676391601563 0.08001708984375 0.0443954467773437 0.11639404296875
-0.019500732421875 0.0921249389648438 0.0260467529296875 0.112548828125
0.02294921875 0.0917892456054688 0.0262374877929688 0.0741958618164062
0.0742263793945313 0.046295166015625 0.0384788513183594 0.0504875183105469
0.0724105834960938 -0.0122299194335938 0.0328178405761719 0.0270633697509766
0.0454940795898438 -0.0649490356445313 0.0271110534667969 0.0175132751464844
0.00498199462890625 -0.0732803344726563 0.0211410522460938 0.0199546813964844
0.000942230224609369 -0.0674667358398438 0.0174140930175781 0.0331039428710937
-0.00517272949218751 -0.07904052734375 0.0176239013671875 0.0503692626953125
0.0123367309570313 -0.0793075561523438 -0.00191879272460938 0.0572052001953125
0.0563850402832031 -0.0609855651855469 -0.0238113403320313 0.0551338195800781
0.0776824951171875 -0.018798828125 -0.0353927612304687 0.0229454040527344
0.0635643005371094 0.0610008239746094 -0.0286521911621094 -0.00810050964355468
0.0252838134765625 0.093017578125 0.0107479095458984 0.0106678009033203
-0.0274200439453125 0.0902175903320313 -0.0222854614257813 0.0755691528320313
-0.04742431640625 0.021087646484375 0.028228759765625 0.131484985351563
-0.040496826171875 0.0439109802246094 0.0165252685546875 0.118011474609375
-0.00619888305664062 0.0580291748046875 0.0174751281738281 0.0695228576660156
0.0346412658691406 0.0420761108398438 0.0207443237304688 0.0519065856933594
0.0495948791503906 0.00201034545898438 0.0175285339355469 0.0376167297363281
0.035797119140625 -0.03790283203125 0.0214157104492188 0.0378379821777344
0.00919723510742187 -0.0453109741210938 0.0241546630859375 0.0450019836425781
0.00407028198242188 -0.0463790893554688 0.025604248046875 0.050628662109375
0.00550079345703125 -0.0590591430664063 0.0238189697265625 0.0680770874023438
0.0190773010253906 -0.0555801391601562 -0.004302978515625 0.0743026733398438
0.0487442016601563 -0.0359230041503906 -0.0294380187988281 0.0671005249023438
0.0584259033203125 -0.00127410888671875 -0.0418815612792969 0.0259056091308594
0.0355148315429688 0.056182861328125 -0.0324935913085938 -0.00422477722167969
-0.0042877197265625 0.07177734375 0.00889205932617188 0.0242652893066406
-0.0454521179199219 0.0482635498046875 -0.0367279052734375 0.100311279296875
0.0404205322265625 0.0072174072265625 0.0386123657226563 -0.105133056640625
0.02862548828125 -0.033966064453125 0.00401687622070313 -0.0332469940185547
-0.0111560821533203 -0.0343208312988281 0.0336036682128906 0.00785064697265625
-0.0305747985839844 -0.00979042053222657 0.0636978149414063 -0.0244598388671875
-0.026336669921875 0.0110874176025391 0.0426902770996094 -0.0691795349121094
-0.0136737823486328 0.0250949859619141 -0.00147247314453125 -0.0904006958007813
-0.00945472717285156 0.0212669372558594 -0.0331192016601562 -0.08203125
-0.0119705200195312 0.0197811126708984 -0.0338668823242188 -0.0615577697753906
-0.0170440673828125 0.0189056396484375 -0.0309219360351562 -0.0524482727050781
-0.0238742828369141 0.00454139709472657 -0.0218315124511719 -0.0457954406738281
-0.0197601318359375 -0.0169525146484375 -0.0171661376953125 -0.0410575866699219
0.00296592712402344 -0.0299587249755859 -0.0147438049316406 -0.0504608154296875
0.0352439880371094 -0.019622802734375 -0.0135765075683594 -0.0694084167480469
0.0495223999023438 0.00706863403320313 -0.0187149047851562 -0.108642578125
0.0398902893066406 0.0326156616210938 -0.011932373046875 -0.130271911621094
0.0363044738769531 0.0590400695800781 0.059112548828125 -0.0974197387695312
0.0468673706054688 0.007659912109375 0.0162620544433594 -0.0278987884521484
0.0258769989013672 -0.00996780395507812 0.0399627685546875 0.0152931213378906
0.00741481781005859 -0.0159597396850586 0.0738067626953125 -0.02191162109375
-0.00177860260009766 -0.0111761093139648 0.0545082092285156 -0.0688591003417969
-0.00843524932861328 -0.00953197479248047 0.00814056396484374 -0.0953445434570313
-0.014225959777832 -0.0120906829833984 -0.0298004150390625 -0.0866546630859375
-0.0166110992431641 -0.0122814178466797 -0.033660888671875 -0.0629043579101563
-0.0191211700439453 -0.0150508880615234 -0.0273246765136719 -0.051971435546875
-0.0127296447753906 -0.0276622772216797 -0.0226249694824219 -0.0446701049804688
0.00795745849609375 -0.0364875793457031 -0.0174751281738281 -0.0353965759277344
0.0369644165039063 -0.0283164978027344 -0.0157585144042969 -0.0420570373535156
0.0589981079101562 0.0112152099609375 -0.0199089050292969 -0.0573844909667969
0.0605201721191406 0.0513954162597656 -0.0210494995117188 -0.09149169921875
0.0363693237304688 0.079498291015625 -0.01019287109375 -0.113128662109375
0.0260391235351562 0.10406494140625 0.0733642578125 -0.06890869140625
0.055511474609375 0.0543899536132813 0.0286140441894531 -0.00921249389648437
0.0574798583984375 0.0237922668457031 0.0461654663085938 0.0273971557617187
0.0487861633300781 -0.0135040283203125 0.0810165405273438 -0.011627197265625
0.0279502868652344 -0.0304031372070313 0.0628662109375 -0.0582466125488281
0.0031280517578125 -0.0425453186035156 0.0168075561523438 -0.0883407592773438
-0.0174980163574219 -0.0438308715820313 -0.0208587646484375 -0.0803375244140625
-0.0176124572753906 -0.0413742065429688 -0.0288581848144531 -0.0538597106933594
-0.0210762023925781 -0.0476531982421875 -0.0223922729492188 -0.0403938293457031
-0.0066070556640625 -0.055511474609375 -0.0223159790039063 -0.0334568023681641
0.0285110473632812 -0.0559120178222656 -0.0201950073242188 -0.0219993591308594
0.0616264343261719 -0.0342369079589844 -0.0189437866210938 -0.0290946960449219
0.0808639526367188 0.0285415649414063 -0.0268402099609375 -0.0417366027832031
0.0727462768554688 0.0814056396484375 -0.0234146118164062 -0.0703811645507812
0.0326080322265625 0.111587524414062 -0.01007080078125 -0.082305908203125
0.0078277587890625 0.132499694824219 0.0789718627929688 -0.0253448486328125
0.0517349243164063 0.0974807739257813 0.037811279296875 0.0185585021972656
0.0797576904296875 0.0609664916992188 0.0492973327636719 0.0418357849121094
0.0866317749023437 -0.0017547607421875 0.0819015502929688 0.0038604736328125
0.0585250854492188 -0.0428657531738281 0.0646858215332031 -0.0396232604980469
0.016510009765625 -0.0704193115234375 0.0248756408691406 -0.0698051452636719
-0.0168190002441406 -0.0682334899902344 -0.00791168212890626 -0.0639533996582031
-0.0166587829589844 -0.0639495849609375 -0.0193252563476562 -0.0385971069335938
-0.0221939086914063 -0.072174072265625 -0.0130405426025391 -0.0243816375732422
-0.0030059814453125 -0.0781097412109375 -0.0180091857910156 -0.0155048370361328
0.0419769287109375 -0.07135009765625 -0.0210132598876953 -0.00323867797851563
0.07769775390625 -0.0413436889648438 -0.0215435028076172 -0.0144805908203125
0.0957794189453125 0.03790283203125 -0.0305938720703125 -0.0290069580078125
0.0810470581054688 0.0963821411132813 -0.0168571472167969 -0.0478172302246094
0.027587890625 0.128089904785156 -0.010894775390625 -0.0443992614746094
-0.0142669677734375 0.138877868652344 0.075469970703125 0.0245132446289063
0.033599853515625 0.121147155761719 0.0386886596679687 0.0541610717773438
0.080474853515625 0.0917510986328125 0.0450096130371094 0.0575752258300781
0.106681823730469 0.0159072875976563 0.074432373046875 0.0228271484375
0.0782470703125 -0.0422210693359375 0.0601577758789063 -0.0140190124511719
0.0303955078125 -0.0836410522460938 0.0319328308105469 -0.0424079895019531
-0.0120086669921875 -0.0829696655273438 0.00347900390625 -0.0373802185058594
-0.0148849487304687 -0.076568603515625 -0.004425048828125 -0.0172719955444336
-0.0214004516601562 -0.0869369506835937 -0.00103813409805298 -0.000825166702270513
0.00180053710937501 -0.08917236328125 -0.0132846832275391 0.00711441040039062
0.0499649047851563 -0.0778427124023438 -0.0188884735107422 0.0178146362304688
0.0857315063476563 -0.0419464111328125 -0.0237922668457031 -0.00034332275390625
0.0975112915039063 0.0446014404296875 -0.0299110412597656 -0.0203170776367188
0.07525634765625 0.102180480957031 -0.00643539428710937 -0.0266590118408203
0.0156936645507812 0.127571105957031 -0.00847959518432617 0.00052547454833985
-0.0316848754882812 0.119377136230469 0.064422607421875 0.0745162963867188
0.00890350341796875 0.11883544921875 0.0361328125 0.085113525390625
0.0601806640625 0.100936889648437 0.0377655029296875 0.0697021484375
0.10247802734375 0.0334320068359375 0.0570068359375 0.0397911071777344
0.0857772827148438 -0.031280517578125 0.0491790771484375 0.009063720703125
0.0376052856445312 -0.0843658447265625 0.0307426452636719 -0.0122432708740234
-0.00479888916015626 -0.0857162475585937 0.0140275955200195 -0.00865173339843751
-0.00915527343750001 -0.0783920288085938 0.00829410552978516 0.00854206085205078
-0.0172958374023437 -0.088836669921875 0.0105552673339844 0.0221309661865234
0.0040130615234375 -0.0890731811523438 -0.00667572021484375 0.0315513610839844
0.0534820556640625 -0.0748291015625 -0.017974853515625 0.0366477966308594
0.0845260620117188 -0.0349655151367188 -0.0275230407714844 0.0123844146728516
0.085418701171875 0.051055908203125 -0.0277576446533203 -0.0139579772949219
0.0568771362304688 0.099884033203125 0.00567817687988282 -0.0103549957275391
-0.00295257568359375 0.116218566894531 -0.0107269287109375 0.0415077209472656
-0.0440444946289063 0.0791473388671875 0.0450439453125 0.1112060546875
-0.0166854858398438 0.0897293090820313 0.0273513793945312 0.108535766601563
0.0282669067382812 0.088653564453125 0.0271682739257813 0.0731658935546875
0.0750656127929688 0.0412139892578125 0.0393562316894531 0.0500450134277344
0.0715408325195313 -0.0145034790039063 0.0328826904296875 0.0272121429443359
0.0390739440917969 -0.06634521484375 0.0273361206054688 0.0144443511962891
0.00152587890625 -0.0720977783203125 0.02130126953125 0.0190658569335937
-0.00362777709960938 -0.0676841735839844 0.0193138122558594 0.0305900573730469
-0.00868988037109375 -0.077667236328125 0.0208015441894531 0.0474281311035156
0.009918212890625 -0.0775833129882813 -0.00258636474609375 0.054473876953125
0.0529441833496094 -0.0610008239746094 -0.0213699340820312 0.0530204772949219
0.0761795043945313 -0.0208892822265625 -0.0333614349365234 0.0224456787109375
0.0659065246582031 0.0555305480957031 -0.0283241271972656 -0.00824356079101562
0.0287399291992187 0.0906524658203125 0.0107841491699219 0.00963211059570313
-0.0237274169921875 0.0878982543945312 -0.02020263671875 0.0746307373046875
-0.0471038818359375 0.0243988037109375 0.0317153930664063 0.129966735839844
-0.032867431640625 0.0447654724121094 0.02099609375 0.115699768066406
-0.00372314453125 0.0565834045410156 0.02001953125 0.0680694580078125
0.0370101928710938 0.0359001159667969 0.0236892700195313 0.0511474609375
0.0455589294433594 -0.000835418701171875 0.0215339660644531 0.0359306335449219
0.032745361328125 -0.0381011962890625 0.0219573974609375 0.0341777801513672
0.00762557983398438 -0.0462303161621094 0.0266304016113281 0.0412445068359375
0.00348663330078125 -0.0464973449707031 0.0281486511230469 0.0498008728027344
0.000476837158203119 -0.0560188293457031 0.0272712707519531 0.0670089721679688
0.0140647888183594 -0.0561294555664063 -0.00124359130859375 0.0726547241210938
0.0456886291503906 -0.0400733947753906 -0.0264167785644531 0.0660629272460938
0.0592880249023438 -0.00489425659179688 -0.0422134399414063 0.0286865234375
0.0377655029296875 0.0530662536621094 -0.0323257446289063 -0.00632286071777343
-0.0023651123046875 0.0679588317871094 0.00926589965820313 0.0217876434326172
-0.0431632995605469 0.049072265625 -0.0342788696289063 0.0975189208984375
0.0391273498535156 0.00687789916992188 0.0365753173828125 -0.105705261230469
0.0275478363037109 -0.0336475372314453 0.00175285339355469 -0.0323429107666016
-0.0104408264160156 -0.0329532623291016 0.0329685211181641 0.00976943969726562
-0.0305557250976563 -0.00899696350097657 0.0630226135253906 -0.0249519348144531
-0.0256881713867188 0.0124187469482422 0.0422248840332031 -0.0676651000976563
-0.0130844116210938 0.0256423950195313 -0.00191497802734376 -0.0885238647460938
-0.00786972045898438 0.0220241546630859 -0.03302001953125 -0.0801925659179688
-0.0120277404785156 0.0199756622314453 -0.0354995727539063 -0.0601615905761719
-0.0166587829589844 0.0199089050292969 -0.0296287536621094 -0.0507240295410156
-0.0229053497314453 0.00438308715820312 -0.021942138671875 -0.045440673828125
-0.0191535949707031 -0.0163497924804687 -0.0182151794433594 -0.0423202514648438
0.00226783752441406 -0.0290641784667969 -0.01531982421875 -0.0510787963867187
0.0340156555175781 -0.0201892852783203 -0.0129470825195312 -0.0690460205078125
0.0488700866699219 0.00706100463867188 -0.0179672241210938 -0.107002258300781
0.0409202575683594 0.030975341796875 -0.0125503540039062 -0.130706787109375
0.0371322631835938 0.0581245422363281 0.0556716918945312 -0.0964279174804688
0.0466728210449219 0.00690841674804687 0.0144004821777344 -0.0274219512939453
0.0253219604492188 -0.0100231170654297 0.0396881103515625 0.0160484313964844
0.00702095031738281 -0.0149087905883789 0.0732192993164063 -0.0216598510742188
-0.00164031982421875 -0.0112323760986328 0.0529136657714844 -0.0667762756347656
-0.00768280029296875 -0.00834989547729492 0.00617980957031249 -0.0937576293945313
-0.0154190063476563 -0.0103263854980469 -0.0303115844726563 -0.084381103515625
-0.0165767669677734 -0.011479377746582 -0.0341796875 -0.0611495971679688
-0.0203056335449219 -0.014007568359375 -0.0286750793457031 -0.0508460998535156
-0.0131359100341797 -0.0269699096679688 -0.0225028991699219 -0.0438156127929688
0.00777053833007812 -0.0352363586425781 -0.0179824829101562 -0.0357398986816406
0.0353546142578125 -0.0284423828125 -0.0154991149902344 -0.0431251525878906
0.0578575134277344 0.00958633422851562 -0.0191192626953125 -0.0570907592773438
0.0609130859375 0.0504875183105469 -0.0212860107421875 -0.091033935546875
0.0371170043945312 0.0779342651367188 -0.01141357421875 -0.112403869628906
0.0261383056640625 0.102561950683594 0.0707321166992188 -0.0698928833007813
0.056365966796875 0.0530586242675781 0.026458740234375 -0.010009765625
0.0584678649902344 0.0230827331542969 0.0456657409667969 0.0273857116699219
0.0488395690917969 -0.0144271850585938 0.080474853515625 -0.0113372802734375
0.0266876220703125 -0.0310478210449219 0.061279296875 -0.0569953918457031
0.00141143798828125 -0.0423393249511719 0.0163192749023438 -0.0872879028320312
-0.0185699462890625 -0.0424995422363281 -0.0221939086914063 -0.0787734985351563
-0.0190010070800781 -0.0401496887207031 -0.0293998718261719 -0.0530891418457031
-0.0229110717773437 -0.0467262268066406 -0.0228309631347656 -0.0400886535644531
-0.00760650634765625 -0.0547103881835938 -0.0220279693603516 -0.0328598022460938
0.0266342163085938 -0.0553092956542969 -0.0197124481201172 -0.0223541259765625
0.0602226257324219 -0.0345535278320313 -0.0198841094970703 -0.0312080383300781
0.0806350708007813 0.0277099609375 -0.0258216857910156 -0.0435905456542969
0.0742263793945313 0.0785369873046875 -0.0224227905273437 -0.0704193115234375
0.0337295532226562 0.110702514648438 -0.011810302734375 -0.08172607421875
0.008514404296875 0.13177490234375 0.0764541625976563 -0.0275802612304687
0.0516891479492188 0.09527587890625 0.0359878540039063 0.0171737670898438
0.0797500610351563 0.05914306640625 0.0478477478027344 0.0429458618164063
0.0857925415039063 -0.00298309326171875 0.0811080932617188 0.0053863525390625
0.0566520690917969 -0.0434379577636719 0.0650787353515625 -0.03875732421875
0.0144309997558594 -0.0695419311523438 0.0253028869628906 -0.0693473815917969
-0.0173225402832031 -0.0670089721679688 -0.0104179382324219 -0.0628776550292969
-0.0180816650390625 -0.0627861022949219 -0.0197334289550781 -0.03717041015625
-0.024169921875 -0.070404052734375 -0.0139122009277344 -0.0228958129882813
-0.00479888916015625 -0.07672119140625 -0.0189704895019531 -0.0142688751220703
0.0397415161132813 -0.0712661743164063 -0.0202484130859375 -0.00381660461425782
0.0757293701171875 -0.0426025390625 -0.0229854583740234 -0.0165176391601563
0.094451904296875 0.0355987548828125 -0.0304279327392578 -0.0304470062255859
0.0813751220703125 0.093597412109375 -0.0164527893066406 -0.0485267639160156
0.0287246704101562 0.127212524414063 -0.0102043151855469 -0.0437393188476563
-0.0118865966796875 0.138099670410156 0.0734405517578125 0.0223770141601563
0.034576416015625 0.118911743164063 0.0378799438476563 0.051727294921875
0.0811538696289063 0.0900192260742188 0.04412841796875 0.0579376220703125
0.106117248535156 0.0138168334960937 0.07330322265625 0.023773193359375
0.0783615112304688 -0.0439071655273438 0.0604705810546875 -0.0145721435546875
0.0271759033203125 -0.0836868286132813 0.0311737060546875 -0.0434188842773438
-0.0137176513671875 -0.0825881958007813 0.0018157958984375 -0.0377655029296875
-0.0154876708984375 -0.0759658813476563 -0.00722026824951172 -0.0156612396240234
-0.0225143432617188 -0.0857086181640625 -0.00124680995941162 -0.000904202461242681
-0.0016021728515625 -0.087371826171875 -0.0131998062133789 0.0073404312133789
0.0473251342773438 -0.0794754028320313 -0.0186595916748047 0.0159912109375
0.0825881958007813 -0.0441970825195313 -0.0251274108886719 -0.00238609313964844
0.0973663330078125 0.0417633056640625 -0.0290031433105469 -0.0209026336669922
0.075592041015625 0.0993804931640625 -0.0050983428955078 -0.0272903442382812
0.0170822143554688 0.128135681152344 -0.00945472717285156 -0.00101280212402343
-0.0298385620117187 0.120079040527344 0.0623092651367188 0.0718231201171875
0.00908660888671874 0.11676025390625 0.0351486206054687 0.0836715698242188
0.0621795654296875 0.1004638671875 0.0354385375976563 0.069549560546875
0.101226806640625 0.030487060546875 0.0570068359375 0.0406379699707031
0.08331298828125 -0.032562255859375 0.0478515625 0.00860595703125
0.03521728515625 -0.0830841064453125 0.0311489105224609 -0.0128059387207031
-0.00705718994140625 -0.0833663940429687 0.0130491256713867 -0.00813388824462891
-0.0109176635742187 -0.0768203735351563 0.00722265243530273 0.00752496719360351
-0.01837158203125 -0.087860107421875 0.0111236572265625 0.0233211517333984
0.00269317626953126 -0.0877304077148438 -0.00693511962890625 0.0317668914794922
0.050933837890625 -0.0755081176757813 -0.0177536010742187 0.0356369018554687
0.0828857421875 -0.0359573364257813 -0.0288848876953125 0.0104656219482422
0.0869827270507813 0.0493698120117188 -0.0281791687011719 -0.0137691497802734
0.0559463500976562 0.0978546142578125 0.00507164001464844 -0.00896930694580078
-0.000961303710937491 0.113838195800781 -0.0107841491699219 0.0394287109375
-0.0419387817382812 0.0782928466796875 0.046417236328125 0.109268188476562
-0.01544189453125 0.0888748168945313 0.0270309448242188 0.105934143066406
0.0291824340820313 0.0881576538085937 0.0257949829101563 0.0724258422851562
0.0757827758789063 0.0384368896484375 0.0385284423828125 0.0502052307128906
0.0708236694335938 -0.0166091918945313 0.0326957702636719 0.0275897979736328
0.0364456176757813 -0.0654640197753906 0.0274181365966797 0.0140666961669922
-0.000122070312499992 -0.0710601806640625 0.0217933654785156 0.0190448760986328
-0.004669189453125 -0.0666275024414063 0.0186023712158203 0.0303211212158203
-0.0104141235351563 -0.077362060546875 0.0201148986816406 0.0460319519042969
0.00844573974609374 -0.0769882202148438 -0.00280380249023437 0.0536384582519531
0.0511283874511719 -0.0624160766601563 -0.0198631286621094 0.0527381896972656
0.0751724243164063 -0.022216796875 -0.0335750579833984 0.0210285186767578
0.0675926208496094 0.054473876953125 -0.0293216705322266 -0.00885200500488281
0.0290069580078125 0.0880050659179688 0.00992393493652344 0.00807476043701172
-0.0229644775390625 0.087677001953125 -0.0180130004882813 0.07330322265625
-0.0445899963378906 0.0236091613769531 0.0325698852539062 0.128677368164063
-0.0325202941894531 0.0441246032714844 0.0203628540039062 0.114395141601563
-0.00377273559570313 0.0560989379882813 0.0186080932617188 0.0688705444335937
0.03790283203125 0.0358924865722656 0.0239830017089844 0.0531196594238281
0.0448074340820312 -0.00098419189453125 0.0208168029785156 0.0354766845703125
0.02923583984375 -0.0398483276367188 0.0235977172851563 0.0331459045410156
0.00634384155273438 -0.0473785400390625 0.0272750854492188 0.0407180786132813
0.00252914428710938 -0.045654296875 0.0274009704589844 0.0476646423339844
-0.000526428222656251 -0.0559921264648438 0.0273590087890625 0.0658912658691406
0.0122261047363281 -0.055572509765625 -0.00122833251953125 0.0735092163085938
0.0442085266113281 -0.0407676696777344 -0.0251274108886719 0.0642204284667969
0.0583534240722656 -0.006378173828125 -0.041473388671875 0.0278282165527344
0.0391120910644531 0.0525665283203125 -0.0318889617919922 -0.00624084472656249
-0.00123214721679687 0.0676803588867188 0.0084991455078125 0.0211696624755859
-0.0417671203613281 0.0477981567382813 -0.0317916870117188 0.0980682373046875
0.0387687683105469 0.00648117065429688 0.0358505249023438 -0.107353210449219
0.0266208648681641 -0.034881591796875 0.000909805297851562 -0.0319728851318359
-0.0107765197753906 -0.0334262847900391 0.0334110260009766 0.0120067596435547
-0.0301265716552734 -0.00761604309082031 0.0640296936035156 -0.0250053405761719
-0.0248050689697266 0.0128917694091797 0.0429954528808594 -0.0687522888183594
-0.0126667022705078 0.0263862609863281 -0.00226593017578125 -0.0885238647460938
-0.00794219970703125 0.0217399597167969 -0.0340576171875 -0.0810775756835938
-0.0106086730957031 0.0214290618896484 -0.0362586975097656 -0.0596504211425781
-0.0159339904785156 0.0214920043945312 -0.0314788818359375 -0.0513687133789062
-0.0230693817138672 0.00557136535644532 -0.0233078002929687 -0.0457649230957031
-0.0197296142578125 -0.0150966644287109 -0.0193710327148438 -0.0436439514160156
0.0016326904296875 -0.0286331176757813 -0.0160446166992188 -0.0521163940429687
0.0339508056640625 -0.0201416015625 -0.0116806030273437 -0.0705490112304688
0.0495033264160156 0.00646209716796875 -0.0174713134765625 -0.108627319335937
0.0424346923828125 0.0316123962402344 -0.0142974853515625 -0.133140563964844
0.0374526977539062 0.0583724975585938 0.0547943115234375 -0.0987167358398438
0.0468368530273438 0.00600814819335938 0.013671875 -0.0275325775146484
0.0257091522216797 -0.0101718902587891 0.0399093627929688 0.017669677734375
0.00666236877441406 -0.015655517578125 0.0747528076171875 -0.0217666625976563
-0.00134468078613281 -0.0109777450561523 0.0538558959960938 -0.067138671875
-0.00842571258544922 -0.00822114944458008 0.00600433349609375 -0.0938949584960937
-0.0154953002929687 -0.0110063552856445 -0.0313568115234375 -0.0858535766601563
-0.0166263580322266 -0.0104656219482422 -0.0359573364257813 -0.0604438781738281
-0.0203838348388672 -0.0141639709472656 -0.0298538208007813 -0.0507583618164063
-0.0141963958740234 -0.0258846282958984 -0.0237388610839844 -0.0432472229003906
0.0065155029296875 -0.0349330902099609 -0.0201225280761719 -0.0366897583007813
0.0343799591064453 -0.0292778015136719 -0.0162887573242188 -0.0449714660644531
0.0581932067871094 0.00994110107421875 -0.0183029174804687 -0.0588607788085938
0.0622024536132813 0.0496292114257813 -0.021270751953125 -0.0928955078125
0.0384750366210937 0.0785751342773438 -0.0117950439453125 -0.115242004394531
0.0267181396484375 0.104110717773438 0.0703887939453125 -0.0712356567382813
0.0565109252929688 0.052886962890625 0.0257339477539063 -0.0104217529296875
0.059326171875 0.0222930908203125 0.0456886291503906 0.0287055969238281
0.0494346618652344 -0.015716552734375 0.08148193359375 -0.0102920532226563
0.0275859832763672 -0.0318222045898438 0.0627861022949219 -0.0575599670410156
-0.000198364257812502 -0.0424537658691406 0.0156402587890625 -0.0880584716796875
-0.0195808410644531 -0.0422782897949219 -0.0234298706054688 -0.079498291015625
-0.0192680358886719 -0.0396995544433594 -0.0300025939941406 -0.0529975891113281
-0.0242805480957031 -0.0455398559570312 -0.0243568420410156 -0.0399055480957031
-0.00872039794921874 -0.0548896789550781 -0.0241031646728516 -0.0329494476318359
0.0265045166015625 -0.0559158325195313 -0.0211257934570312 -0.0227127075195313
0.0600090026855469 -0.0359039306640625 -0.0208415985107422 -0.0333003997802734
0.0811004638671875 0.027496337890625 -0.0260162353515625 -0.045196533203125
0.075836181640625 0.0788192749023438 -0.0219955444335937 -0.0720367431640625
0.035064697265625 0.112045288085938 -0.01336669921875 -0.0833892822265625
0.00875091552734375 0.132850646972656 0.0771942138671875 -0.029144287109375
0.0529098510742188 0.095184326171875 0.0342941284179688 0.0172824859619141
0.081939697265625 0.0602645874023438 0.0474700927734375 0.0440673828125
0.086273193359375 -0.00508880615234375 0.0827713012695312 0.005859375
0.0570259094238281 -0.0439796447753906 0.0658340454101563 -0.0386466979980469
0.0130233764648438 -0.0701675415039063 0.0255813598632813 -0.0708160400390625
-0.0195426940917969 -0.068084716796875 -0.0117263793945313 -0.0627403259277344
-0.0195198059082031 -0.0631561279296875 -0.0201835632324219 -0.0369415283203125
-0.0257720947265625 -0.0708541870117188 -0.0151786804199219 -0.0235614776611328
-0.00585174560546875 -0.076507568359375 -0.0206336975097656 -0.0136127471923828
0.0380935668945312 -0.0729522705078125 -0.0211811065673828 -0.00464820861816407
0.0757522583007813 -0.0444107055664062 -0.0247154235839844 -0.0185012817382813
0.0959396362304688 0.0345001220703125 -0.0297298431396484 -0.0318584442138672
0.0831756591796875 0.093475341796875 -0.0163040161132812 -0.0496368408203125
0.029632568359375 0.128654479980469 -0.0120277404785156 -0.0444755554199219
-0.0117568969726563 0.139411926269531 0.073638916015625 0.0213851928710938
0.0355300903320312 0.119827270507813 0.0377120971679688 0.0511436462402344
0.0831298828125 0.089569091796875 0.0436897277832031 0.0595817565917969
0.106857299804688 0.0121536254882813 0.0745086669921875 0.0251083374023437
0.0787353515625 -0.0445098876953125 0.0614776611328125 -0.0138206481933594
0.0253677368164062 -0.08544921875 0.031097412109375 -0.0435409545898438
-0.015411376953125 -0.0831375122070313 0.000804901123046875 -0.0383338928222656
-0.01788330078125 -0.0763168334960938 -0.00780391693115235 -0.0159435272216797
-0.0254364013671875 -0.0859375 -0.00299835205078125 -0.00130200386047364
-0.00298309326171876 -0.0877761840820313 -0.0150928497314453 0.00785732269287109
0.0454483032226563 -0.081268310546875 -0.0196990966796875 0.015899658203125
0.083221435546875 -0.046356201171875 -0.0268878936767578 -0.00427055358886719
0.0993118286132813 0.0412750244140625 -0.0293350219726562 -0.0213890075683594
0.0777969360351562 0.09967041015625 -0.005279541015625 -0.0290393829345703
0.0177459716796875 0.1297607421875 -0.0106830596923828 -0.00125789642333983
-0.0293121337890625 0.120567321777344 0.0630722045898438 0.0710220336914063
0.010589599609375 0.117774963378906 0.03411865234375 0.0837631225585938
0.0639419555664063 0.102256774902344 0.0347061157226563 0.0704879760742188
0.103401184082031 0.0288467407226563 0.0577621459960938 0.0418128967285156
0.0845108032226563 -0.03424072265625 0.0486793518066406 0.0101509094238281
0.0335311889648438 -0.0834579467773438 0.0318527221679688 -0.0133094787597656
-0.00956726074218749 -0.0845947265625 0.0128154754638672 -0.00905036926269532
-0.0124435424804687 -0.0774459838867188 0.00613880157470703 0.00822973251342773
-0.0206298828125 -0.088409423828125 0.00965690612792969 0.0230808258056641
0.000617980957031247 -0.0881195068359375 -0.00741004943847657 0.0321712493896484
0.05047607421875 -0.0778884887695313 -0.0173912048339844 0.0359344482421875
0.0834503173828125 -0.0382156372070313 -0.029815673828125 0.00989723205566406
0.0890350341796875 0.0483245849609375 -0.0294952392578125 -0.0145645141601563
0.0587387084960938 0.0977325439453125 0.00640201568603516 -0.0105772018432617
-0.000762939453124988 0.1160888671875 -0.0112800598144531 0.0389328002929688
-0.0411834716796875 0.0794296264648438 0.0478057861328125 0.109527587890625
-0.0149002075195313 0.089447021484375 0.02716064453125 0.106758117675781
0.0314788818359375 0.0891876220703125 0.0247726440429688 0.0738601684570312
0.0765380859375 0.0378494262695313 0.0385322570800781 0.0515327453613281
0.0715408325195313 -0.0182647705078125 0.0340061187744141 0.0284690856933594
0.0348396301269531 -0.067413330078125 0.0283050537109375 0.0143260955810547
-0.001495361328125 -0.0717239379882813 0.0218086242675781 0.0188159942626953
-0.00602340698242187 -0.0669479370117187 0.0192584991455078 0.0301380157470703
-0.0125350952148437 -0.0786590576171875 0.0204315185546875 0.04583740234375
0.00656127929687501 -0.0778274536132813 -0.00267410278320313 0.0549812316894531
0.0502777099609375 -0.0643806457519531 -0.0202217102050781 0.0525360107421875
0.0756301879882813 -0.0239944458007813 -0.0351428985595703 0.0209999084472656
0.0689697265625 0.0543289184570313 -0.0302391052246094 -0.00933265686035157
0.0305099487304687 0.0891189575195313 0.0103492736816406 0.0068349838256836
-0.0227127075195313 0.0899810791015625 -0.01776123046875 0.0738372802734375
-0.0446968078613281 0.0243492126464844 0.0341873168945312 0.129936218261719
-0.0320014953613281 0.0451164245605469 0.0206756591796875 0.114967346191406
-0.00286102294921874 0.0576248168945313 0.018341064453125 0.0705032348632813
0.0393714904785156 0.0357513427734375 0.0235519409179688 0.0540695190429688
0.045562744140625 -0.00174331665039063 0.021514892578125 0.0376205444335937
0.0287246704101563 -0.0401115417480469 0.0237541198730469 0.0331802368164063
0.00542449951171875 -0.0478744506835938 0.0279922485351563 0.0408821105957031
0.00182723999023438 -0.0459442138671875 0.0281944274902344 0.048614501953125
-0.00230789184570312 -0.0569496154785156 0.026885986328125 0.0660400390625
0.0111427307128906 -0.0555610656738281 -0.00107574462890625 0.0733642578125
0.0438995361328125 -0.0424957275390625 -0.0256004333496094 0.0653152465820313
0.0589866638183594 -0.007537841796875 -0.0431442260742188 0.0280418395996094
0.0405769348144531 0.0528984069824219 -0.032562255859375 -0.00765419006347655
-0.000595092773437503 0.068084716796875 0.0088348388671875 0.0206699371337891
-0.0411186218261719 0.0501441955566406 -0.0304183959960938 0.098724365234375
0.0396575927734375 0.0061187744140625 0.03350830078125 -0.1107177734375
0.02557373046875 -0.0367088317871094 -0.000961303710937496 -0.0324840545654297
-0.0117321014404297 -0.0338096618652344 0.0345096588134766 0.0132904052734375
-0.0307083129882812 -0.00763893127441407 0.0651435852050781 -0.0261421203613281
-0.0253429412841797 0.0140457153320312 0.0427398681640625 -0.071441650390625
-0.0128288269042969 0.0281715393066406 -0.00357818603515626 -0.0911178588867188
-0.00710678100585938 0.0233039855957031 -0.0370941162109375 -0.081756591796875
-0.0103683471679688 0.0223407745361328 -0.0384025573730469 -0.0598869323730469
-0.0144939422607422 0.0230941772460938 -0.0341720581054688 -0.0512619018554688
-0.0230731964111328 0.00669670104980468 -0.0247230529785156 -0.0451431274414063
-0.0205860137939453 -0.0143089294433594 -0.0219612121582031 -0.0439834594726563
0.000453948974609375 -0.0295486450195312 -0.0179176330566406 -0.0550079345703125
0.0337505340576172 -0.0214653015136719 -0.011962890625 -0.0729598999023438
0.0511398315429687 0.0058441162109375 -0.0201873779296875 -0.111808776855469
0.0439453125 0.0305519104003906 -0.0177383422851562 -0.137626647949219
0.0403213500976563 0.05963134765625 0.053497314453125 -0.1029052734375
0.04827880859375 0.00472640991210937 0.0123882293701172 -0.0277252197265625
0.02642822265625 -0.010650634765625 0.0416183471679688 0.0194625854492187
0.00624370574951172 -0.0164003372192383 0.0757293701171875 -0.0231170654296875
-0.00223636627197266 -0.011134147644043 0.0540237426757813 -0.0700912475585938
-0.00969791412353516 -0.00843524932861328 0.0048980712890625 -0.0959930419921875
-0.0161571502685547 -0.0106315612792969 -0.0341796875 -0.0866012573242188
-0.0166110992431641 -0.009124755859375 -0.0380325317382812 -0.0608100891113281
-0.0208892822265625 -0.0131549835205078 -0.0324974060058594 -0.0509262084960938
-0.0152950286865234 -0.0259761810302734 -0.0257301330566406 -0.0441627502441406
0.00494003295898437 -0.0354385375976563 -0.0218276977539062 -0.0379104614257813
0.0346412658691406 -0.0308456420898438 -0.0185356140136719 -0.047027587890625
0.0598030090332031 0.00930404663085938 -0.0182952880859375 -0.0607414245605469
0.0650672912597656 0.0496025085449219 -0.0230255126953125 -0.0953903198242188
0.041534423828125 0.0803604125976563 -0.016021728515625 -0.11956787109375
0.02947998046875 0.1068115234375 0.0692596435546875 -0.0753326416015625
0.0587272644042969 0.0523681640625 0.0250968933105469 -0.0111885070800781
0.0614433288574219 0.0217819213867188 0.0475807189941406 0.0301742553710938
0.0496368408203125 -0.0171394348144531 0.08319091796875 -0.01202392578125
0.0266036987304688 -0.0340518951416016 0.0636062622070313 -0.0592994689941406
-0.0015106201171875 -0.0436744689941406 0.0151290893554687 -0.0905838012695313
-0.0216140747070312 -0.0433120727539062 -0.0263137817382813 -0.0807113647460938
-0.021148681640625 -0.0398101806640625 -0.0330657958984375 -0.0524787902832031
-0.0261917114257812 -0.0458831787109375 -0.0269966125488281 -0.0397148132324219
-0.0113258361816406 -0.0553627014160156 -0.0264778137207031 -0.0327644348144531
0.0248451232910156 -0.0580368041992188 -0.0231189727783203 -0.0235080718994141
0.0597915649414063 -0.0385475158691406 -0.0230770111083984 -0.0351428985595703
0.083465576171875 0.0264968872070313 -0.0258064270019531 -0.0459442138671875
0.0799407958984375 0.0788345336914063 -0.0229110717773437 -0.07427978515625
0.038818359375 0.11431884765625 -0.015380859375 -0.0870437622070312
0.0123977661132812 0.136390686035156 0.0777435302734375 -0.0330657958984375
0.0549850463867188 0.0953521728515625 0.0347709655761719 0.0172843933105469
0.0855178833007813 0.0600051879882813 0.04888916015625 0.0463180541992188
0.0886688232421875 -0.007965087890625 0.0839309692382813 0.0053863525390625
0.0565299987792969 -0.0473861694335938 0.0677146911621094 -0.0388679504394531
0.01031494140625 -0.0725173950195313 0.0246810913085937 -0.0730514526367188
-0.0221176147460938 -0.0689353942871094 -0.0141830444335938 -0.0637435913085938
-0.0221290588378906 -0.0633010864257813 -0.02276611328125 -0.03662109375
-0.0294113159179688 -0.0713043212890625 -0.0170688629150391 -0.0223026275634766
-0.00927734375000001 -0.076690673828125 -0.0220375061035156 -0.0136775970458984
0.03656005859375 -0.0757369995117188 -0.0222911834716797 -0.00428199768066407
0.0766983032226563 -0.0473175048828125 -0.0265045166015625 -0.0200958251953125
0.0996475219726563 0.0339431762695312 -0.0307674407958984 -0.0335006713867187
0.0873031616210938 0.0940628051757813 -0.0179328918457031 -0.0524559020996094
0.0337066650390625 0.132675170898438 -0.0136909484863281 -0.0466117858886719
-0.00976562499999999 0.144058227539063 0.075531005859375 0.01971435546875
0.0389022827148438 0.121337890625 0.0383110046386719 0.0509147644042969
0.0879898071289063 0.0908660888671875 0.04547119140625 0.0618667602539063
0.109886169433594 0.0089569091796875 0.0762557983398438 0.0257949829101563
0.0787811279296875 -0.048431396484375 0.0625152587890625 -0.0142097473144531
0.022674560546875 -0.08770751953125 0.0305824279785156 -0.04571533203125
-0.0190505981445313 -0.085662841796875 -3.05175781249969E-05 -0.0390586853027344
-0.0206680297851563 -0.0776596069335937 -0.00968265533447266 -0.0150632858276367
-0.0295867919921875 -0.0880508422851563 -0.0042877197265625 -0.000962018966674809
-0.00701141357421874 -0.090179443359375 -0.0162200927734375 0.0097818374633789
0.0442123413085938 -0.0848922729492188 -0.0197658538818359 0.0164566040039062
0.083251953125 -0.050140380859375 -0.0289459228515625 -0.00441169738769531
0.102142333984375 0.0398483276367188 -0.0303821563720703 -0.0218753814697266
0.0827102661132813 0.100242614746094 -0.00559806823730468 -0.0308799743652344
0.0211105346679687 0.133010864257813 -0.0104207992553711 -0.00245475769042968
-0.02801513671875 0.125205993652344 0.0661544799804688 0.0709609985351563
0.013031005859375 0.119804382324219 0.0351104736328125 0.0838775634765625
0.0682144165039063 0.103324890136719 0.036224365234375 0.07275390625
0.107131958007813 0.0267105102539063 0.060516357421875 0.0421485900878906
0.0850143432617188 -0.0376663208007812 0.0506248474121094 0.0105667114257812
0.0315399169921875 -0.0867767333984375 0.0325050354003906 -0.0149860382080078
-0.0119781494140625 -0.0857925415039063 0.0123291015625 -0.00914001464843751
-0.0156021118164063 -0.0795669555664063 0.00535106658935547 0.00784873962402343
-0.0252761840820312 -0.0904541015625 0.00967597961425781 0.0230846405029297
-0.00265502929687501 -0.0913772583007813 -0.00773048400878907 0.0326900482177734
0.0482864379882813 -0.0817337036132813 -0.0191230773925781 0.0357131958007813
0.0835647583007813 -0.0420913696289063 -0.0318527221679687 0.00954818725585938
0.0929412841796875 0.0480422973632812 -0.0309791564941406 -0.0154075622558594
0.0630950927734375 0.0987777709960938 0.00496196746826172 -0.0120325088500977
0.00188446044921874 0.119552612304688 -0.0106086730957031 0.0391693115234375
-0.0405731201171875 0.0822525024414062 0.0520553588867187 0.110969543457031
-0.013641357421875 0.0923385620117188 0.028961181640625 0.108367919921875
0.0341415405273438 0.09130859375 0.0256500244140625 0.0764541625976563
0.0798416137695313 0.0361557006835938 0.0399398803710938 0.0539169311523438
0.0730056762695313 -0.020843505859375 0.0361480712890625 0.0288734436035156
0.0328292846679688 -0.07000732421875 0.0294342041015625 0.0135974884033203
-0.00502777099609375 -0.0734634399414063 0.0227489471435547 0.0188426971435547
-0.00857543945312499 -0.0685882568359375 0.0190105438232422 0.0313739776611328
-0.0160751342773437 -0.0806808471679687 0.0214881896972656 0.0468788146972656
0.00379180908203125 -0.0801467895507813 -0.00278472900390625 0.0563201904296875
0.0489082336425781 -0.0682258605957031 -0.0195770263671875 0.0540695190429688
0.0765457153320313 -0.0276947021484375 -0.0364646911621094 0.0205039978027344
0.07171630859375 0.0538482666015625 -0.0313796997070312 -0.00972366333007813
0.0337600708007812 0.0900726318359375 0.0108480453491211 0.00600814819335938
-0.0208587646484375 0.0923309326171875 -0.0165328979492187 0.07586669921875
-0.0462760925292969 0.0266189575195313 0.0380706787109375 0.133033752441406
-0.0321083068847656 0.046722412109375 0.022430419921875 0.11767578125
-0.000934600830078126 0.0600624084472656 0.019256591796875 0.0721282958984375
0.0416755676269531 0.0350723266601563 0.0259590148925781 0.0568771362304688
0.0460472106933594 -0.00298309326171875 0.0236129760742188 0.0379676818847656
0.0267791748046875 -0.0424537658691406 0.0257072448730469 0.0331077575683594
0.004302978515625 -0.0483894348144531 0.0292892456054688 0.0406875610351563
-0.000755310058593748 -0.0470237731933594 0.0295372009277344 0.0488700866699219
-0.00469589233398438 -0.0582733154296875 0.0294723510742188 0.0667190551757813
0.00912857055664063 -0.058135986328125 -0.000396728515624997 0.0752716064453125
0.0436058044433594 -0.0462608337402344 -0.0239524841308594 0.0676651000976563
0.0601844787597656 -0.00961685180664063 -0.0441017150878906 0.0285987854003906
0.0427894592285156 0.0523452758789062 -0.0346412658691406 -0.00718879699707031
0.000865936279296873 0.0696220397949219 0.009429931640625 0.0199527740478516
-0.0418205261230469 0.052001953125 -0.0292434692382813 0.101295471191406
0.0409164428710938 0.0050506591796875 0.0287322998046875 -0.114715576171875
0.0241661071777344 -0.0384330749511719 -0.00318145751953125 -0.0325794219970703
-0.0137138366699219 -0.0342063903808594 0.0362930297851563 0.0131607055664063
-0.0321331024169922 -0.005218505859375 0.0664024353027344 -0.0286636352539062
-0.0247631072998047 0.0162086486816406 0.0407333374023437 -0.0740966796875
-0.0105438232421875 0.0296039581298828 -0.0071258544921875 -0.091766357421875
-0.00560951232910156 0.0242500305175781 -0.0410842895507812 -0.0811614990234375
-0.00843620300292969 0.0231075286865234 -0.0412216186523438 -0.0590438842773438
-0.0135784149169922 0.0246410369873047 -0.0374488830566406 -0.0496025085449219
-0.0225181579589844 0.00841331481933594 -0.0277481079101563 -0.0455398559570312
-0.0217761993408203 -0.0128040313720703 -0.0253448486328125 -0.0447463989257813
-0.000486373901367189 -0.0293292999267578 -0.0203514099121094 -0.0558929443359375
0.0331172943115234 -0.0230541229248047 -0.0139083862304688 -0.0751800537109375
0.0523033142089844 0.00278472900390625 -0.0244827270507812 -0.113479614257813
0.0468330383300781 0.0291099548339844 -0.0246200561523437 -0.140251159667969
0.0427055358886719 0.0597000122070313 0.0490875244140625 -0.107337951660156
0.0478630065917969 0.00205230712890625 0.00970840454101563 -0.028900146484375
0.0264225006103516 -0.0132637023925781 0.0432815551757813 0.019073486328125
0.00641536712646484 -0.0164613723754883 0.0767822265625 -0.0254669189453125
-0.00290298461914063 -0.0109329223632813 0.0520477294921875 -0.0736770629882813
-0.00998973846435547 -0.007568359375 0.000602722167968757 -0.09765625
-0.0175018310546875 -0.0099020004272461 -0.03857421875 -0.0859146118164063
-0.0173444747924805 -0.00902843475341797 -0.0415763854980469 -0.0590438842773438
-0.0218906402587891 -0.0117397308349609 -0.035919189453125 -0.0492210388183594
-0.0167446136474609 -0.0252857208251953 -0.0293388366699219 -0.0435066223144531
0.00354766845703125 -0.0364646911621094 -0.0246009826660156 -0.0380859375
0.0338916778564453 -0.0322189331054688 -0.0217437744140625 -0.0480804443359375
0.0612525939941406 0.00682830810546875 -0.0197982788085938 -0.0618972778320313
0.0683364868164062 0.04705810546875 -0.0264968872070312 -0.0977096557617187
0.0457687377929687 0.0796737670898438 -0.0222930908203125 -0.122154235839844
0.0347137451171875 0.10736083984375 0.0674057006835938 -0.0808334350585937
0.0608024597167969 0.04986572265625 0.0230445861816406 -0.0135097503662109
0.0642738342285156 0.0191459655761719 0.0493736267089844 0.0309906005859375
0.0500946044921875 -0.0191154479980469 0.085113525390625 -0.0147323608398438
0.0255126953125 -0.0356063842773438 0.0632095336914063 -0.0627479553222656
-0.00395584106445312 -0.0440750122070313 0.01141357421875 -0.0922088623046875
-0.0241622924804687 -0.0426025390625 -0.0303268432617187 -0.0803375244140625
-0.0229568481445312 -0.0390625 -0.0359611511230469 -0.0502548217773438
-0.0290679931640625 -0.04522705078125 -0.0300636291503906 -0.03936767578125
-0.0137710571289062 -0.0546875 -0.0287132263183594 -0.0315380096435547
0.021759033203125 -0.0601234436035156 -0.0256919860839844 -0.0232715606689453
0.0589790344238281 -0.0418510437011719 -0.0256996154785156 -0.0354270935058594
0.086334228515625 0.0231170654296875 -0.0275001525878906 -0.0478248596191406
0.084625244140625 0.0760116577148438 -0.0262069702148438 -0.0758590698242188
0.0444869995117188 0.115226745605469 -0.02008056640625 -0.08880615234375
0.0179367065429688 0.138618469238281 0.0764999389648438 -0.037353515625
0.0595703125 0.0942611694335938 0.0342769622802734 0.0149269104003906
0.0894088745117187 0.0569076538085937 0.0510025024414063 0.0464668273925781
0.088714599609375 -0.012725830078125 0.0864334106445313 0.00304412841796875
0.055389404296875 -0.0511093139648437 0.068206787109375 -0.0429458618164063
0.00653839111328126 -0.0739288330078125 0.0225296020507813 -0.075347900390625
-0.026336669921875 -0.06976318359375 -0.017852783203125 -0.0642967224121094
-0.0253562927246094 -0.06304931640625 -0.0250473022460938 -0.0351753234863281
-0.0341415405273438 -0.0708389282226563 -0.0191383361816406 -0.0226554870605469
-0.0136260986328125 -0.077484130859375 -0.0247592926025391 -0.0122604370117188
0.03271484375 -0.0794296264648438 -0.0243816375732422 -0.004241943359375
0.0747604370117188 -0.0523452758789063 -0.0290641784667969 -0.0198612213134766
0.102897644042969 0.0303802490234375 -0.0323333740234375 -0.0337409973144531
0.0937271118164063 0.0917129516601563 -0.0199394226074219 -0.0536727905273437
0.0395050048828125 0.133865356445313 -0.016876220703125 -0.0476722717285156
-0.00372314453125001 0.1466064453125 0.07757568359375 0.0160598754882813
0.04345703125 0.120826721191406 0.0391502380371094 0.0501136779785156
0.093719482421875 0.0892257690429688 0.0465965270996094 0.0625648498535156
0.112403869628906 0.00373077392578125 0.0787124633789063 0.0240325927734375
0.078094482421875 -0.052764892578125 0.0645637512207031 -0.0163497924804688
0.018157958984375 -0.0903091430664062 0.02996826171875 -0.0483741760253906
-0.0232315063476562 -0.0855865478515625 -0.0025634765625 -0.0394210815429688
-0.0242919921875 -0.076873779296875 -0.0109233856201172 -0.013707160949707
-0.0353546142578125 -0.0867691040039063 -0.00553321838378906 -0.000206470489501958
-0.0127105712890625 -0.090728759765625 -0.0161590576171875 0.0112009048461914
0.0396575927734375 -0.0889205932617188 -0.0214653015136719 0.0167636871337891
0.0820083618164063 -0.054840087890625 -0.0308761596679688 -0.00440406799316406
0.106910705566406 0.035614013671875 -0.0327739715576172 -0.0229301452636719
0.0886077880859375 0.0972213745117188 -0.00741767883300781 -0.0326976776123047
0.0269393920898438 0.135848999023438 -0.0116071701049805 -0.00303173065185546
-0.0235214233398437 0.128471374511719 0.0700607299804687 0.0687522888183594
0.0178375244140625 0.121589660644531 0.0377044677734375 0.0842361450195313
0.074066162109375 0.103218078613281 0.0383834838867188 0.0743331909179688
0.109428405761719 0.0213699340820313 0.0625228881835938 0.0429801940917969
0.0849075317382813 -0.0427169799804688 0.0531692504882813 0.00960922241210937
0.02685546875 -0.0899581909179688 0.0326347351074219 -0.0157852172851563
-0.0168228149414063 -0.0868988037109375 0.0114965438842773 -0.00949096679687501
-0.0204010009765625 -0.0790328979492188 0.00529861450195312 0.00909137725830078
-0.031646728515625 -0.0904159545898438 0.0100517272949219 0.0233097076416016
-0.00843811035156251 -0.0924835205078125 -0.00744819641113281 0.0349636077880859
0.0440750122070313 -0.0865936279296875 -0.0186386108398438 0.0376472473144531
0.08319091796875 -0.0483169555664063 -0.0333900451660156 0.0104217529296875
0.09698486328125 0.0437240600585937 -0.0326004028320312 -0.0151538848876953
0.0687789916992188 0.0976181030273438 0.00479221343994141 -0.013737678527832
0.00652313232421875 0.123031616210937 -0.00945663452148438 0.0398521423339844
-0.0373764038085937 0.0857162475585938 0.0573654174804688 0.110671997070312
-0.0100631713867187 0.0939178466796875 0.032257080078125 0.108634948730469
0.0388259887695313 0.0928192138671875 0.0282516479492188 0.0783004760742187
0.0832061767578125 0.0324172973632813 0.042877197265625 0.0541267395019531
0.0728378295898437 -0.0245208740234375 0.0384254455566406 0.0295906066894531
0.028717041015625 -0.072540283203125 0.030792236328125 0.0124034881591797
-0.008880615234375 -0.0745086669921875 0.0240039825439453 0.0179386138916016
-0.0123710632324219 -0.0691604614257813 0.0202236175537109 0.03143310546875
-0.0216064453125 -0.0811386108398438 0.0234909057617188 0.0462875366210937
-0.00151062011718749 -0.0815963745117188 -0.000465393066406244 0.0575408935546875
0.0459823608398438 -0.0725784301757812 -0.0181846618652344 0.0553855895996094
0.0765457153320312 -0.0326004028320312 -0.0376472473144531 0.0220947265625
0.0762939453125 0.0515899658203125 -0.0332889556884766 -0.00940132141113281
0.0383987426757813 0.0901031494140625 0.011387825012207 0.00488567352294922
-0.0181121826171875 0.0960769653320312 -0.0129547119140625 0.0773696899414063
-0.0452156066894531 0.0288200378417969 0.044464111328125 0.132980346679688
-0.0301017761230469 0.0489845275878906 0.0268402099609375 0.118812561035156
0.00165557861328125 0.0609283447265625 0.021087646484375 0.0740890502929687
0.0441513061523437 0.032379150390625 0.0284767150878906 0.0569076538085938
0.0471687316894531 -0.00642776489257813 0.0261878967285156 0.0393524169921875
0.0248985290527344 -0.04376220703125 0.028289794921875 0.0331649780273438
0.00124740600585937 -0.0501480102539063 0.0320816040039063 0.0399398803710938
-0.003448486328125 -0.0482902526855469 0.0318756103515625 0.0487632751464844
-0.00871658325195312 -0.0596885681152344 0.03302001953125 0.0657844543457031
0.00656127929687501 -0.0596694946289063 0.00327301025390625 0.077056884765625
0.0416069030761719 -0.0494155883789063 -0.0232276916503906 0.0698661804199219
0.0606880187988281 -0.0134735107421875 -0.0443305969238281 0.0310516357421875
0.0466232299804688 0.0521659851074219 -0.0361785888671875 -0.00666046142578124
0.00441741943359376 0.0707168579101563 0.0112152099609375 0.0198116302490234
-0.0397834777832031 0.0549392700195313 -0.0245361328125 0.103591918945313
0.0411643981933594 0.00391006469726563 0.022857666015625 -0.115646362304687
0.0211982727050781 -0.0400276184082031 -0.006103515625 -0.0317020416259766
-0.0155448913574219 -0.0340061187744141 0.0373306274414063 0.0124092102050781
-0.0317592620849609 -0.00356101989746094 0.0648651123046875 -0.0314483642578125
-0.0233535766601562 0.0174961090087891 0.0378646850585938 -0.0759506225585938
-0.00880241394042969 0.0295734405517578 -0.0112152099609375 -0.0904159545898438
-0.00439643859863281 0.024658203125 -0.0442276000976563 -0.0786285400390625
-0.00660896301269531 0.0235347747802734 -0.0439300537109375 -0.0569648742675781
-0.0113964080810547 0.0249500274658203 -0.040191650390625 -0.0475845336914062
-0.0218296051025391 0.00997734069824219 -0.0302619934082031 -0.0440216064453125
-0.0223331451416016 -0.0110645294189453 -0.0281105041503906 -0.0433540344238281
-0.00243759155273437 -0.029296875 -0.0232505798339844 -0.0561256408691406
0.0318336486816406 -0.0244598388671875 -0.0165328979492188 -0.07501220703125
0.0520362854003906 0.000347137451171875 -0.0290679931640625 -0.112533569335938
0.0482597351074219 0.0266571044921875 -0.0325775146484375 -0.139236450195313
0.0459251403808594 0.0581932067871094 0.043365478515625 -0.110321044921875
0.0473136901855469 -0.00049591064453125 0.00676727294921875 -0.0292606353759766
0.0260162353515625 -0.0145988464355469 0.0445060729980469 0.0178909301757813
0.00537681579589844 -0.0168008804321289 0.0759201049804688 -0.027923583984375
-0.00346088409423828 -0.0108356475830078 0.0496826171875 -0.0755844116210938
-0.0105352401733398 -0.00720882415771484 -0.00402069091796875 -0.0969772338867187
-0.0177783966064453 -0.00797462463378906 -0.0424346923828125 -0.083343505859375
-0.0170249938964844 -0.00775051116943359 -0.0442008972167969 -0.0567092895507813
-0.0222911834716797 -0.00993919372558594 -0.0389404296875 -0.0466537475585938
-0.0178966522216797 -0.0232505798339844 -0.0317344665527344 -0.0416603088378906
0.00134658813476563 -0.0364532470703125 -0.0274085998535156 -0.0366935729980469
0.0316905975341797 -0.0337696075439453 -0.023834228515625 -0.048431396484375
0.0616226196289062 0.00400543212890625 -0.0216407775878906 -0.0624008178710938
0.0709152221679688 0.0434112548828125 -0.0302352905273437 -0.0972137451171875
0.0490264892578125 0.077117919921875 -0.0287628173828125 -0.121192932128906
0.0398635864257812 0.105941772460938 0.0623245239257813 -0.0840377807617188
0.0623435974121094 0.0468902587890625 0.0214214324951172 -0.0139350891113281
0.0649909973144531 0.0161094665527344 0.0505027770996094 0.0301094055175781
0.0482292175292969 -0.0220756530761719 0.0841827392578125 -0.0174942016601563
0.0231971740722656 -0.0366592407226563 0.0611648559570312 -0.0656776428222656
-0.00732040405273438 -0.0435333251953125 0.00711059570312499 -0.0928192138671875
-0.0267410278320313 -0.0410804748535156 -0.0340957641601563 -0.0786590576171875
-0.0245246887207031 -0.0378341674804688 -0.0388069152832031 -0.0479545593261719
-0.0315895080566406 -0.0428695678710937 -0.0330619812011719 -0.037200927734375
-0.0176315307617188 -0.0532722473144531 -0.0309085845947266 -0.029815673828125
0.0176887512207031 -0.0605659484863281 -0.0278568267822266 -0.0227909088134766
0.056671142578125 -0.0445404052734375 -0.0282745361328125 -0.0354270935058594
0.0870590209960938 0.019195556640625 -0.0286216735839844 -0.0478363037109375
0.0880966186523437 0.0718460083007813 -0.0300979614257813 -0.0758819580078125
0.0496139526367187 0.113716125488281 -0.0252761840820312 -0.0882568359375
0.0242156982421875 0.137939453125 0.074310302734375 -0.0411834716796875
0.0627822875976563 0.0901718139648438 0.0328159332275391 0.0133457183837891
0.0927886962890625 0.0530319213867188 0.0529518127441406 0.0457839965820313
0.08795166015625 -0.0173873901367188 0.0867996215820312 0.000289916992187499
0.0522232055664063 -0.0533790588378906 0.0666542053222656 -0.0455970764160156
0.00192260742187501 -0.073150634765625 0.0188827514648438 -0.0759658813476563
-0.030242919921875 -0.0672988891601563 -0.0206718444824219 -0.062774658203125
-0.0286331176757813 -0.0606422424316406 -0.0267276763916016 -0.0323562622070313
-0.0387649536132813 -0.0679512023925781 -0.0212936401367188 -0.0206584930419922
-0.0179443359375 -0.0761642456054688 -0.026031494140625 -0.0106067657470703
0.0271072387695312 -0.080352783203125 -0.0257396697998047 -0.0033550262451172
0.0711746215820313 -0.0556259155273438 -0.0312004089355469 -0.0195732116699219
0.1048583984375 0.0256576538085937 -0.0330524444580078 -0.0332775115966797
0.097930908203125 0.0859527587890625 -0.021820068359375 -0.0535011291503906
0.0449447631835937 0.132804870605469 -0.0199508666992188 -0.0476150512695312
0.0027008056640625 0.146484375 0.0781173706054688 0.0109405517578125
0.0484466552734375 0.117851257324219 0.0398139953613281 0.0475730895996094
0.0983047485351562 0.0848159790039063 0.0490989685058594 0.0622634887695313
0.111640930175781 -0.00185394287109375 0.0799102783203125 0.0221099853515625
0.0746078491210938 -0.0560073852539063 0.0644454956054688 -0.0187873840332031
0.0130233764648438 -0.0903854370117188 0.027557373046875 -0.0494422912597656
-0.0282058715820312 -0.0839462280273438 -0.004180908203125 -0.0388069152832031
-0.0286865234375 -0.0749893188476563 -0.0123348236083984 -0.0121021270751953
-0.0410690307617187 -0.0839767456054688 -0.00615119934082032 -3.62396240234417E-05
-0.0178756713867187 -0.0890350341796875 -0.0165481567382812 0.0116891860961914
0.0333023071289062 -0.0906982421875 -0.0211219787597656 0.0171127319335937
0.0776748657226563 -0.0594253540039063 -0.0326118469238281 -0.00335502624511719
0.108268737792969 0.0303268432617188 -0.0342063903808594 -0.022552490234375
0.0931625366210938 0.0926589965820313 -0.00958061218261719 -0.0332241058349609
0.0331573486328125 0.134635925292969 -0.0127725601196289 -0.00309085845947265
-0.0179290771484375 0.129066467285156 0.0721359252929687 0.0649261474609375
0.0228042602539062 0.119529724121094 0.03997802734375 0.081634521484375
0.0796585083007813 0.100242614746094 0.0406875610351563 0.0729598999023438
0.109931945800781 0.0161895751953125 0.0641441345214844 0.0410232543945312
0.082183837890625 -0.0466079711914063 0.0545387268066406 0.008056640625
0.0217056274414063 -0.090087890625 0.0320034027099609 -0.0185317993164063
-0.0224761962890625 -0.085906982421875 0.011256217956543 -0.0103998184204102
-0.0246658325195313 -0.0782089233398438 0.005035400390625 0.0100135803222656
-0.0374069213867188 -0.0881881713867187 0.0103740692138672 0.022796630859375
-0.0142059326171875 -0.0906600952148438 -0.00685691833496094 0.0348930358886719
0.0384597778320312 -0.0890350341796875 -0.0166358947753906 0.0372848510742187
0.0797653198242188 -0.0520401000976563 -0.0336723327636719 0.0113353729248047
0.0992279052734375 0.0388107299804688 -0.0329132080078125 -0.0145149230957031
0.073486328125 0.0934295654296875 0.00408554077148438 -0.0146331787109375
0.0130157470703125 0.122764587402344 -0.00819015502929688 0.039520263671875
-0.0339202880859375 0.087371826171875 0.0620880126953125 0.107078552246094
-0.00595855712890624 0.0935592651367188 0.0361862182617188 0.10693359375
0.0441741943359375 0.0908584594726563 0.0300750732421875 0.0775299072265625
0.084136962890625 0.0278549194335937 0.0452499389648438 0.0528984069824219
0.0709609985351562 -0.0283660888671875 0.0405654907226563 0.0282173156738281
0.0250396728515625 -0.0734329223632813 0.0318317413330078 0.0107612609863281
-0.012786865234375 -0.0733642578125 0.024383544921875 0.0165691375732422
-0.0166549682617188 -0.0679817199707031 0.0214500427246094 0.0313282012939453
-0.0267715454101563 -0.07952880859375 0.0247039794921875 0.0450820922851562
-0.0067138671875 -0.081085205078125 0.00186920166015625 0.0582008361816406
0.040679931640625 -0.0751419067382813 -0.0162849426269531 0.0556297302246094
0.074188232421875 -0.0369415283203125 -0.0368003845214844 0.023345947265625
0.07891845703125 0.0473709106445313 -0.0340194702148437 -0.00864601135253906
0.04296875 0.0878143310546875 0.0115623474121094 0.00314998626708985
-0.0130996704101562 0.0969161987304688 -0.00966644287109375 0.0765304565429687
-0.0432815551757813 0.0307044982910156 0.0507125854492188 0.130935668945313
-0.0290298461914063 0.0506248474121094 0.0309829711914063 0.117416381835938
0.00505447387695312 0.0611724853515625 0.0231094360351563 0.0732650756835938
0.0458717346191406 0.0305252075195312 0.030609130859375 0.0571632385253906
0.0468902587890625 -0.00883865356445313 0.0285682678222656 0.0387611389160156
0.0228347778320312 -0.0456771850585938 0.0303096771240234 0.0310935974121094
-0.00208282470703125 -0.0500640869140625 0.0339508056640625 0.0376701354980469
-0.00575637817382813 -0.0478019714355469 0.034149169921875 0.0472640991210938
-0.0129623413085938 -0.0584259033203125 0.0353469848632813 0.0638885498046875
0.00185394287109375 -0.0595245361328125 0.00611114501953126 0.0766372680664063
0.037811279296875 -0.0525665283203125 -0.01959228515625 0.0695838928222656
0.0599212646484375 -0.0168800354003906 -0.0437698364257812 0.0325851440429688
0.0489540100097656 0.049224853515625 -0.0365104675292969 -0.00569915771484375
0.00728607177734375 0.0703125 0.0128402709960938 0.01806640625
-0.0378074645996094 0.0572471618652344 -0.0195770263671875 0.103279113769531
0.0410804748535156 0.00378799438476563 0.0177536010742188 -0.113861083984375
0.0190238952636719 -0.0390396118164063 -0.00807380676269531 -0.0303306579589844
-0.0165004730224609 -0.0336017608642578 0.0381240844726563 0.0119514465332031
-0.0305614471435547 -0.00252342224121094 0.0638084411621094 -0.0320167541503906
-0.02264404296875 0.017242431640625 0.035430908203125 -0.0761337280273438
-0.00756263732910156 0.0293178558349609 -0.0130538940429687 -0.0891036987304688
-0.00309562683105469 0.0242252349853516 -0.0462875366210937 -0.0754852294921875
-0.005279541015625 0.0233192443847656 -0.04449462890625 -0.0538673400878906
-0.00929069519042969 0.0254077911376953 -0.0406875610351562 -0.0457496643066406
-0.0208396911621094 0.0111141204833984 -0.0314559936523438 -0.0424766540527344
-0.0221672058105469 -0.00988006591796875 -0.0289230346679688 -0.0423774719238281
-0.00285911560058594 -0.0285797119140625 -0.0244102478027344 -0.0551986694335938
0.0301799774169922 -0.0257110595703125 -0.01654052734375 -0.0747604370117187
0.0512619018554688 -0.001617431640625 -0.0313720703125 -0.109672546386719
0.0479164123535156 0.0241317749023437 -0.0352020263671875 -0.135932922363281
0.0469932556152344 0.0566787719726562 0.0383148193359375 -0.110099792480469
0.0451278686523438 -0.00118255615234375 0.00437355041503907 -0.02874755859375
0.024993896484375 -0.0155563354492188 0.04449462890625 0.0181388854980469
0.00521087646484375 -0.0166120529174805 0.0744476318359375 -0.0296249389648437
-0.00378608703613281 -0.0108795166015625 0.0469589233398438 -0.0761337280273438
-0.011042594909668 -0.00609779357910156 -0.00569152832031249 -0.095794677734375
-0.0178470611572266 -0.00752449035644531 -0.044586181640625 -0.0803985595703125
-0.0168056488037109 -0.00704765319824219 -0.0449333190917969 -0.0538787841796875
-0.0213832855224609 -0.00904655456542968 -0.039886474609375 -0.044952392578125
-0.0179157257080078 -0.0217323303222656 -0.0332298278808594 -0.0396003723144531
-9.34600830078147E-05 -0.0348930358886719 -0.0293045043945313 -0.0359115600585938
0.029815673828125 -0.0337562561035156 -0.0253181457519531 -0.0484161376953125
0.0601387023925781 0.00229263305664062 -0.0218124389648438 -0.0617942810058594
0.0704193115234375 0.0405197143554688 -0.0322341918945312 -0.0949935913085937
0.050811767578125 0.0752487182617188 -0.0321044921875 -0.119087219238281
0.042144775390625 0.103752136230469 0.0576324462890625 -0.0855178833007813
0.0614509582519531 0.0436363220214844 0.0189533233642578 -0.0142230987548828
0.0642318725585938 0.0134620666503906 0.0510597229003906 0.0292434692382813
0.0464668273925781 -0.0232963562011719 0.0831375122070313 -0.0185546875
0.0222625732421875 -0.0363540649414063 0.0589752197265625 -0.0657691955566406
-0.00876998901367188 -0.0419845581054688 0.004791259765625 -0.0916748046875
-0.0282402038574219 -0.0387611389160156 -0.03656005859375 -0.076171875
-0.0253639221191406 -0.0361442565917969 -0.0392303466796875 -0.0455589294433594
-0.0318641662597656 -0.0400619506835938 -0.0338516235351563 -0.0355110168457031
-0.0190086364746094 -0.05133056640625 -0.0324745178222656 -0.0280647277832031
0.0149803161621094 -0.0599632263183594 -0.0292301177978516 -0.0221385955810547
0.0537986755371094 -0.0453300476074219 -0.0292816162109375 -0.0349369049072266
0.08673095703125 0.0164031982421875 -0.0284461975097656 -0.0471572875976562
0.0886306762695313 0.0674285888671875 -0.0310134887695312 -0.0748214721679688
0.0521316528320312 0.110816955566406 -0.0277633666992187 -0.0869064331054687
0.0269775390625 0.135780334472656 0.0708465576171875 -0.0437240600585937
0.0634307861328125 0.0861053466796875 0.0315513610839844 0.0121364593505859
0.0931243896484375 0.0490646362304688 0.053070068359375 0.044921875
0.085540771484375 -0.01922607421875 0.08544921875 -0.0013885498046875
0.0493202209472656 -0.0535202026367188 0.0651168823242188 -0.04620361328125
-0.00138092041015624 -0.071441650390625 0.0172805786132813 -0.0757980346679688
-0.0326881408691406 -0.0650482177734375 -0.0220413208007813 -0.0608558654785156
-0.0300064086914062 -0.0589981079101563 -0.0273342132568359 -0.0300407409667969
-0.0405693054199219 -0.065277099609375 -0.0223236083984375 -0.0193004608154297
-0.02020263671875 -0.0734481811523438 -0.0266380310058594 -0.00923728942871094
0.0233230590820313 -0.080108642578125 -0.0257339477539062 -0.00342750549316407
0.0683975219726563 -0.0564155578613281 -0.0323276519775391 -0.0195484161376953
0.103782653808594 0.0220718383789063 -0.0327548980712891 -0.0332698822021484
0.0989913940429687 0.081329345703125 -0.0229263305664063 -0.0532035827636719
0.0486907958984375 0.1292724609375 -0.0210990905761719 -0.0464935302734375
0.0070037841796875 0.144943237304688 0.0753860473632813 0.00819396972656251
0.049774169921875 0.114974975585937 0.0388298034667969 0.0457763671875
0.099822998046875 0.0808792114257813 0.0490608215332031 0.0609588623046875
0.108673095703125 -0.0054473876953125 0.0785675048828125 0.0206375122070312
0.0716171264648438 -0.0573272705078125 0.0644035339355469 -0.0198516845703125
0.008544921875 -0.0887298583984375 0.0255012512207031 -0.0498008728027344
-0.0317153930664063 -0.0811843872070313 -0.00616073608398438 -0.0380401611328125
-0.0306243896484375 -0.0729522705078125 -0.0120277404785156 -0.0101346969604492
-0.0435409545898437 -0.0801620483398438 -0.00715255737304688 0.000640392303466791
-0.0213851928710937 -0.0864791870117188 -0.0170497894287109 0.0122165679931641
0.0284881591796875 -0.0906219482421875 -0.0210094451904297 0.0178680419921875
0.0749435424804688 -0.0608749389648437 -0.0323390960693359 -0.00330734252929688
0.107704162597656 0.0262680053710938 -0.0337104797363281 -0.0219745635986328
0.094329833984375 0.088409423828125 -0.00991630554199219 -0.0335407257080078
0.0363006591796875 0.131752014160156 -0.0134868621826172 -0.00331020355224609
-0.0135879516601562 0.127937316894531 0.0725326538085938 0.0602951049804688
0.0243911743164063 0.116424560546875 0.0409011840820313 0.0786209106445313
0.0813751220703125 0.0966720581054688 0.0410308837890625 0.0721511840820313
0.107315063476563 0.0121994018554688 0.0635032653808594 0.0392646789550781
0.0784988403320312 -0.0476303100585938 0.0546226501464844 0.00687026977539062
0.0173721313476563 -0.0887298583984375 0.0316219329833984 -0.0190105438232422
-0.0254287719726563 -0.0835418701171875 0.0107612609863281 -0.0106449127197266
-0.0263900756835937 -0.0757064819335938 0.00465297698974609 0.0106220245361328
-0.0406265258789063 -0.0843963623046875 0.0099945068359375 0.0216407775878906
-0.0176315307617187 -0.0884170532226563 -0.00626945495605469 0.0347728729248047
0.0330657958984375 -0.0890731811523438 -0.0161285400390625 0.0366897583007812
0.0764541625976563 -0.0540542602539063 -0.0330410003662109 0.0122547149658203
0.0993804931640625 0.0352249145507813 -0.033050537109375 -0.0138778686523438
0.0751266479492188 0.0893936157226563 0.00345802307128907 -0.0155048370361328
0.015777587890625 0.121009826660156 -0.00749969482421875 0.0383834838867188
-0.0308456420898437 0.086883544921875 0.0633773803710937 0.103111267089844
-0.00389099121093749 0.0919723510742188 0.0377655029296875 0.103683471679688
0.0462417602539062 0.0890045166015625 0.030853271484375 0.0757827758789062
0.0828170776367188 0.0248870849609375 0.0458106994628906 0.0516777038574219
0.0682449340820313 -0.0305023193359375 0.0411605834960938 0.0272636413574219
0.0216751098632813 -0.0722732543945313 0.0317306518554688 0.009063720703125
-0.0155563354492188 -0.0718765258789063 0.0247097015380859 0.0155525207519531
-0.0186347961425781 -0.0664138793945313 0.0219535827636719 0.0302963256835937
-0.03082275390625 -0.07647705078125 0.0254364013671875 0.0434417724609375
-0.0101852416992187 -0.0792160034179688 0.00312042236328126 0.05645751953125
0.0363616943359375 -0.0753860473632813 -0.0145034790039063 0.054656982421875
0.07171630859375 -0.0389251708984375 -0.0362434387207031 0.0242767333984375
0.0791091918945313 0.0441513061523437 -0.0335254669189453 -0.00788497924804687
0.0450439453125 0.0842132568359375 0.011505126953125 0.00138378143310547
-0.0100860595703125 0.0959625244140625 -0.00747680664062501 0.0742950439453125
-0.0415878295898437 0.0317153930664063 0.0533981323242188 0.127273559570313
-0.0271492004394531 0.0497322082519531 0.03326416015625 0.114372253417969
0.00737762451171876 0.06158447265625 0.0233230590820312 0.0725784301757812
0.0454750061035156 0.0278434753417969 0.0316429138183594 0.0562705993652344
0.0451774597167969 -0.0103912353515625 0.0296287536621094 0.0376472473144531
0.0198249816894531 -0.0451736450195313 0.0308685302734375 0.0298786163330078
-0.0041046142578125 -0.0488471984863281 0.0347175598144531 0.0365409851074219
-0.00768661499023438 -0.0465431213378906 0.0348014831542969 0.0455970764160156
-0.0157241821289063 -0.0567703247070313 0.0364418029785156 0.0615997314453125
-0.000576019287109377 -0.0588111877441406 0.00809478759765625 0.0751571655273438
0.0349578857421875 -0.0523719787597656 -0.0175132751464844 0.0685615539550781
0.0584030151367187 -0.0191612243652344 -0.0423355102539062 0.0330772399902344
0.049896240234375 0.0470466613769531 -0.0367317199707031 -0.00496673583984375
0.00951004028320313 0.0677833557128906 0.0125026702880859 0.0163669586181641
-0.035400390625 0.0572052001953125 -0.01654052734375 0.101371765136719
0.0415763854980469 0.003387451171875 0.0158843994140625 -0.1124267578125
0.0176277160644531 -0.0388755798339844 -0.00901603698730468 -0.0294551849365234
-0.0172386169433594 -0.0331802368164063 0.0382194519042969 0.0123176574707031
-0.0302238464355469 -0.00191307067871094 0.063140869140625 -0.031707763671875
-0.0224761962890625 0.0170917510986328 0.0340652465820313 -0.0750732421875
-0.007354736328125 0.0294380187988281 -0.0125503540039062 -0.08740234375
-0.00281524658203125 0.0240840911865234 -0.0460205078125 -0.0744857788085937
-0.00463485717773437 0.0230865478515625 -0.0438003540039063 -0.0534896850585938
-0.008636474609375 0.0249233245849609 -0.0410919189453125 -0.043914794921875
-0.0199127197265625 0.0118770599365234 -0.0317230224609375 -0.0418815612792969
-0.021636962890625 -0.00909805297851563 -0.0295982360839844 -0.0417251586914062
-0.00349998474121094 -0.0280838012695313 -0.0240554809570313 -0.0554962158203125
0.0295276641845703 -0.0257511138916016 -0.0158767700195312 -0.0747833251953125
0.0500259399414063 -0.00200653076171875 -0.0301361083984375 -0.10888671875
0.0479049682617187 0.0242576599121094 -0.0362548828125 -0.134918212890625
0.0476875305175781 0.0560760498046875 0.0360794067382813 -0.108970642089844
0.0441093444824219 -0.00191497802734375 0.00297355651855469 -0.0282173156738281
0.0241203308105469 -0.0154495239257813 0.0449333190917969 0.0186233520507813
0.00443363189697265 -0.0168704986572266 0.0736312866210937 -0.0287399291992188
-0.00364875793457031 -0.0107545852661133 0.0467300415039063 -0.0748672485351563
-0.0110626220703125 -0.00522994995117188 -0.00633239746093749 -0.0937271118164063
-0.0176982879638672 -0.00699615478515625 -0.0452194213867187 -0.0791854858398438
-0.0157184600830078 -0.0064859390258789 -0.0438957214355469 -0.0528526306152344
-0.0209541320800781 -0.00817108154296875 -0.0404624938964844 -0.0434913635253906
-0.0185260772705078 -0.0203208923339844 -0.0331802368164063 -0.0392837524414063
-0.000646591186523441 -0.0339374542236328 -0.0297660827636719 -0.0353126525878906
0.0291767120361328 -0.0339736938476563 -0.0254478454589844 -0.0485916137695313
0.0599403381347656 0.00178146362304688 -0.0208244323730469 -0.0628242492675781
0.0701255798339844 0.0388145446777344 -0.0316543579101563 -0.0944366455078125
0.0503616333007813 0.0736083984375 -0.0319595336914063 -0.117622375488281
0.0423965454101563 0.102668762207031 0.055755615234375 -0.085174560546875
0.0603828430175781 0.0429611206054688 0.0165271759033203 -0.0142498016357422
0.0646896362304688 0.013214111328125 0.0505905151367188 0.0300369262695312
0.0456809997558594 -0.02386474609375 0.0820999145507813 -0.0179214477539063
0.021392822265625 -0.0361747741699219 0.0585823059082031 -0.0649566650390625
-0.00945663452148438 -0.0407829284667969 0.00465393066406251 -0.0901260375976562
-0.0282249450683594 -0.0378227233886719 -0.036590576171875 -0.0745010375976563
-0.0243453979492188 -0.0353202819824219 -0.0387725830078125 -0.044036865234375
-0.0322418212890625 -0.0389328002929688 -0.0341472625732422 -0.0339565277099609
-0.0187187194824219 -0.0494117736816406 -0.0324897766113281 -0.0269012451171875
0.0135612487792969 -0.0587654113769531 -0.0302505493164063 -0.0220947265625
0.0528335571289062 -0.0447311401367188 -0.0292510986328125 -0.0355110168457031
0.0858078002929688 0.0162429809570313 -0.0272407531738281 -0.0480232238769531
0.0878982543945313 0.0659561157226563 -0.0306930541992187 -0.0747528076171875
0.0523910522460937 0.109329223632812 -0.0282058715820313 -0.0860824584960938
0.0277328491210937 0.134208679199219 0.0682792663574219 -0.043365478515625
0.0621185302734375 0.0855865478515625 0.0289840698242188 0.0113201141357422
0.0931167602539063 0.0481948852539063 0.0525321960449219 0.0456809997558594
0.084136962890625 -0.0197296142578125 0.0843734741210938 -0.000633239746093751
0.0487213134765625 -0.0528793334960937 0.0652847290039063 -0.0454330444335938
-0.00207138061523437 -0.069915771484375 0.016326904296875 -0.0751266479492187
-0.0332489013671875 -0.0637130737304688 -0.0233840942382812 -0.0600090026855469
-0.0297737121582031 -0.0579109191894531 -0.0270366668701172 -0.0289802551269531
-0.0411643981933594 -0.0631752014160156 -0.0234851837158203 -0.0184497833251953
-0.0215988159179688 -0.0717086791992188 -0.0267410278320312 -0.00891876220703126
0.0215072631835938 -0.078155517578125 -0.0271511077880859 -0.00382614135742188
0.066436767578125 -0.0564918518066406 -0.0323028564453125 -0.0201454162597656
0.103324890136719 0.0212860107421875 -0.0326557159423828 -0.0342559814453125
0.0982894897460937 0.0798416137695312 -0.0231742858886719 -0.0545310974121094
0.0479354858398437 0.128372192382813 -0.0217170715332031 -0.0463752746582031
0.00706481933593749 0.143035888671875 0.0736083984375 0.00750732421875001
0.048583984375 0.112289428710938 0.0367622375488281 0.0443229675292969
0.0999755859375 0.0797500610351563 0.0482559204101563 0.0614891052246094
0.107742309570313 -0.0067596435546875 0.0781936645507813 0.021026611328125
0.0697021484375 -0.0567207336425781 0.0645408630371094 -0.0190048217773438
0.00796508789062501 -0.0866241455078125 0.0258102416992188 -0.0494422912597656
-0.0322036743164063 -0.0789108276367188 -0.00651931762695312 -0.0368881225585938
-0.0308685302734375 -0.0712661743164063 -0.0116443634033203 -0.00981616973876954
-0.0453948974609375 -0.0784530639648438 -0.00800800323486329 0.00143909454345703
-0.0223312377929688 -0.0850753784179687 -0.0169620513916016 0.0123147964477539
0.0269622802734375 -0.0903701782226563 -0.0218238830566406 0.0162429809570312
0.0726165771484375 -0.0607757568359375 -0.0331535339355469 -0.00342178344726562
0.107391357421875 0.0259628295898438 -0.0327701568603516 -0.0228824615478516
0.0940933227539063 0.0857162475585938 -0.0101165771484375 -0.0342216491699219
0.0363845825195313 0.131263732910156 -0.0136070251464844 -0.00381088256835937
-0.0133132934570313 0.1270751953125 0.0708770751953125 0.0592498779296875
0.0244216918945313 0.114608764648438 0.0388259887695312 0.0770034790039063
0.0818099975585937 0.0955047607421875 0.03936767578125 0.0726547241210938
0.106903076171875 0.0107879638671875 0.0624656677246094 0.0400886535644531
0.077392578125 -0.0479736328125 0.0546455383300781 0.0071868896484375
0.0162353515625 -0.0869598388671875 0.0307426452636719 -0.0190086364746094
-0.0265426635742188 -0.0820693969726562 0.00984573364257812 -0.0106258392333984
-0.0265579223632813 -0.0741043090820313 0.00584125518798828 0.0112419128417969
-0.0418624877929687 -0.0820846557617188 0.0089111328125 0.0215320587158203
-0.0196304321289063 -0.0862808227539063 -0.005950927734375 0.0349693298339844
0.0307540893554687 -0.0879135131835937 -0.0160980224609375 0.0363426208496094
0.0744400024414062 -0.0548248291015625 -0.0336322784423828 0.0118694305419922
0.0987777709960938 0.0340347290039063 -0.0330791473388672 -0.0151443481445312
0.0749282836914063 0.0876007080078125 0.00293254852294922 -0.0165367126464844
0.0166397094726563 0.119880676269531 -0.00761032104492187 0.0372543334960938
-0.02984619140625 0.0861892700195313 0.0629653930664063 0.100860595703125
-0.00377655029296875 0.0914993286132813 0.0369186401367187 0.101875305175781
0.0468521118164063 0.0882034301757813 0.0300064086914062 0.075958251953125
0.082122802734375 0.0234756469726563 0.0450210571289063 0.0520706176757813
0.0671920776367188 -0.0303268432617187 0.0418434143066406 0.0273895263671875
0.0200576782226563 -0.0714340209960938 0.0315208435058594 0.00925064086914062
-0.0165863037109375 -0.0710525512695313 0.0242023468017578 0.0153636932373047
-0.01898193359375 -0.0655288696289062 0.0220909118652344 0.0301017761230469
-0.0319671630859375 -0.074920654296875 0.0245780944824219 0.0425148010253906
-0.0117111206054688 -0.0777511596679687 0.00284576416015625 0.0561180114746094
0.0342178344726563 -0.0753631591796875 -0.0145683288574219 0.053375244140625
0.0699806213378906 -0.0393943786621094 -0.0360450744628906 0.0237884521484375
0.07879638671875 0.0429458618164063 -0.0331268310546875 -0.00847434997558594
0.045013427734375 0.0830612182617188 0.0114812850952148 0.000947952270507818
-0.00933837890624999 0.0955963134765625 -0.00754547119140625 0.0736770629882813
-0.0410003662109375 0.0318069458007813 0.0528182983398438 0.124954223632813
-0.026519775390625 0.0499000549316406 0.0327911376953125 0.112503051757813
0.00859832763671874 0.0612716674804688 0.0227279663085938 0.0726242065429688
0.0452041625976563 0.0264091491699219 0.0308036804199219 0.0563888549804687
0.0441360473632812 -0.0104522705078125 0.0301475524902344 0.0378456115722656
0.0184822082519531 -0.0445518493652344 0.0311985015869141 0.0292034149169922
-0.0045928955078125 -0.0480384826660156 0.0346412658691406 0.0353965759277344
-0.00775527954101563 -0.0468482971191406 0.034149169921875 0.0452919006347656
-0.0166587829589844 -0.0552978515625 0.0361213684082031 0.0594367980957031
-0.00180435180664063 -0.0582313537597656 0.00879669189453126 0.0734939575195313
0.0335922241210938 -0.052825927734375 -0.0167121887207031 0.0666770935058594
0.0571212768554687 -0.0193634033203125 -0.0420036315917969 0.0323486328125
0.0498504638671875 0.0459709167480469 -0.0364532470703125 -0.00498962402343749
0.00972366333007812 0.067230224609375 0.0133352279663086 0.0155458450317383
-0.0340347290039063 0.0571708679199219 -0.0151596069335937 0.0999908447265625
0.0425453186035156 0.0038299560546875 0.0166549682617188 -0.113540649414063
0.0179710388183594 -0.0394363403320313 -0.0100841522216797 -0.0288677215576172
-0.0173740386962891 -0.0340728759765625 0.0390090942382813 0.0137519836425781
-0.0305805206298828 -0.00257682800292969 0.0645637512207031 -0.0310134887695313
-0.0221958160400391 0.0172882080078125 0.0353546142578125 -0.0750732421875
-0.00720977783203125 0.0299911499023438 -0.0116500854492188 -0.0880661010742188
-0.00308036804199219 0.02484130859375 -0.0462570190429688 -0.0755996704101562
-0.00392913818359375 0.0233955383300781 -0.043975830078125 -0.0542144775390625
-0.00756454467773438 0.0256805419921875 -0.0410270690917969 -0.044708251953125
-0.0199241638183594 0.0120677947998047 -0.0322265625 -0.0425224304199219
-0.0216712951660156 -0.00916671752929687 -0.0298233032226563 -0.0427703857421875
-0.00337982177734375 -0.0286865234375 -0.02435302734375 -0.0580596923828125
0.0301342010498047 -0.0257625579833984 -0.0147552490234375 -0.0770797729492188
0.0506095886230469 -0.00189208984375 -0.0292205810546875 -0.111396789550781
0.0483665466308594 0.0248336791992188 -0.0354156494140625 -0.13726806640625
0.0482711791992188 0.0576324462890625 0.036468505859375 -0.109245300292969
0.0426177978515625 -0.00158309936523437 0.00163269042968751 -0.028045654296875
0.0247116088867188 -0.0159702301025391 0.0458869934082031 0.0202102661132813
0.00450420379638672 -0.0170621871948242 0.0754470825195313 -0.0283050537109375
-0.00390052795410156 -0.0106964111328125 0.0482711791992188 -0.0751724243164063
-0.0113201141357422 -0.00512886047363281 -0.00560760498046876 -0.09539794921875
-0.0179672241210937 -0.00672721862792969 -0.0444183349609375 -0.0806655883789063
-0.0154399871826172 -0.00653934478759765 -0.0446319580078125 -0.0535659790039062
-0.0206775665283203 -0.0076751708984375 -0.0410423278808594 -0.0437889099121094
-0.0179939270019531 -0.0204486846923828 -0.0338668823242188 -0.0394363403320312
-0.000694274902343749 -0.0339908599853516 -0.0300979614257813 -0.036956787109375
0.029815673828125 -0.033599853515625 -0.0259208679199219 -0.0500106811523437
0.0602340698242188 0.00253677368164063 -0.019500732421875 -0.0650596618652344
0.06976318359375 0.0392837524414063 -0.0308837890625 -0.0970993041992188
0.0505752563476563 0.075439453125 -0.0312118530273438 -0.119842529296875
0.0421371459960938 0.105033874511719 0.0557174682617188 -0.0850753784179688
0.0592765808105469 0.0440139770507813 0.0153942108154297 -0.0142879486083984
0.0657424926757813 0.01300048828125 0.0508956909179688 0.0318069458007812
0.0462265014648438 -0.0235023498535156 0.0839614868164063 -0.0163345336914063
0.0222129821777344 -0.0363426208496094 0.0603485107421875 -0.0658607482910156
-0.009307861328125 -0.0407943725585937 0.005035400390625 -0.0919570922851563
-0.02862548828125 -0.0382881164550781 -0.0367279052734375 -0.0752410888671875
-0.0246696472167969 -0.0353584289550781 -0.0380058288574219 -0.0441932678222656
-0.0324478149414062 -0.0391883850097656 -0.0348587036132812 -0.0342998504638672
-0.0190238952636719 -0.0491790771484375 -0.0327644348144531 -0.0274200439453125
0.0136489868164063 -0.0588111877441406 -0.0304698944091797 -0.0226955413818359
0.053375244140625 -0.0453643798828125 -0.0301742553710938 -0.0373573303222656
0.0868988037109375 0.0167160034179688 -0.0269966125488281 -0.0507888793945313
0.0888442993164062 0.0666961669921875 -0.030181884765625 -0.077606201171875
0.0516891479492188 0.111457824707031 -0.0275115966796875 -0.0877838134765625
0.027130126953125 0.137176513671875 0.069000244140625 -0.0444221496582031
0.06072998046875 0.0877761840820313 0.0272941589355469 0.0117835998535156
0.0940093994140625 0.0496749877929688 0.0525016784667969 0.0479393005371094
0.0855789184570313 -0.0196914672851563 0.0858306884765625 0.00121307373046875
0.0499000549316406 -0.0537643432617187 0.0676498413085938 -0.0454330444335938
-0.0016632080078125 -0.0705184936523438 0.0173416137695313 -0.0761642456054688
-0.0338211059570312 -0.0644264221191406 -0.0224494934082031 -0.0606956481933594
-0.0299453735351562 -0.0589866638183594 -0.0271835327148438 -0.0286216735839844
-0.0419235229492187 -0.0631179809570313 -0.0237064361572266 -0.0186252593994141
-0.021728515625 -0.0715866088867188 -0.0277290344238281 -0.00909805297851563
0.0218963623046875 -0.0793991088867188 -0.0281772613525391 -0.00386810302734375
0.0675277709960938 -0.056976318359375 -0.0333366394042969 -0.0208072662353516
0.104888916015625 0.0216751098632813 -0.0317878723144531 -0.0368232727050781
0.098846435546875 0.0805435180664063 -0.0230178833007812 -0.0560836791992187
0.048126220703125 0.130790710449219 -0.0217094421386719 -0.0476188659667969
0.00648498535156249 0.145751953125 0.073455810546875 0.00791168212890626
0.0470733642578125 0.113876342773438 0.03533935546875 0.0450820922851563
0.10137939453125 0.0817031860351563 0.0474891662597656 0.0648117065429688
0.108169555664063 -0.00501251220703125 0.0786285400390625 0.0233230590820313
0.0708847045898438 -0.0569915771484375 0.0668258666992188 -0.018310546875
0.00836944580078125 -0.0867233276367188 0.0264358520507812 -0.0502166748046875
-0.032196044921875 -0.0800018310546875 -0.00682449340820313 -0.0372581481933594
-0.0308380126953125 -0.0726089477539063 -0.0118694305419922 -0.0088348388671875
-0.04510498046875 -0.078155517578125 -0.00886726379394532 0.00104713439941406
-0.0223159790039063 -0.085205078125 -0.0184707641601563 0.0127429962158203
0.0265655517578125 -0.0899124145507812 -0.0232772827148438 0.0158195495605469
0.0744476318359375 -0.0612564086914062 -0.0340309143066406 -0.0048370361328125
0.109260559082031 0.0269851684570312 -0.0328521728515625 -0.0244731903076172
0.0945892333984375 0.0864105224609375 -0.00969696044921874 -0.0360336303710937
0.0362014770507813 0.133560180664063 -0.0142755508422852 -0.00397396087646484
-0.01434326171875 0.128028869628906 0.0699615478515625 0.0605278015136719
0.0220108032226563 0.11639404296875 0.0376663208007813 0.0786819458007813
0.0830917358398438 0.0976638793945313 0.0385360717773438 0.0754318237304688
0.10675048828125 0.011962890625 0.06341552734375 0.0423774719238281
0.078125 -0.047393798828125 0.0563011169433594 0.00806045532226562
0.016448974609375 -0.0873947143554688 0.03173828125 -0.01953125
-0.0266571044921875 -0.0825271606445313 0.00990009307861328 -0.0104770660400391
-0.0271377563476563 -0.075347900390625 0.00508403778076172 0.0120525360107422
-0.0429458618164063 -0.0820999145507812 0.00826072692871093 0.0223445892333984
-0.0195388793945312 -0.0872421264648438 -0.00727462768554688 0.0351982116699219
0.0305099487304688 -0.0889358520507813 -0.0178489685058594 0.035491943359375
0.0757980346679688 -0.0551300048828125 -0.0344371795654297 0.0108451843261719
0.10040283203125 0.03515625 -0.0324668884277344 -0.0161495208740234
0.0759735107421875 0.0886077880859375 0.00341224670410157 -0.0179271697998047
0.0158004760742188 0.122169494628906 -0.00829696655273437 0.037689208984375
-0.03131103515625 0.0872879028320312 0.061920166015625 0.102096557617188
-0.00537872314453124 0.0920181274414063 0.0355377197265625 0.103164672851563
0.0483627319335938 0.089691162109375 0.0278167724609375 0.0787429809570312
0.083038330078125 0.0244522094726562 0.0455703735351563 0.0548210144042969
0.0682792663574219 -0.0297737121582031 0.0429801940917969 0.0283317565917969
0.0199966430664063 -0.0719223022460938 0.0324192047119141 0.00842666625976562
-0.0174484252929688 -0.0717620849609375 0.0249118804931641 0.0153617858886719
-0.0192718505859375 -0.0663642883300781 0.0214118957519531 0.0312004089355469
-0.0323333740234375 -0.0749893188476562 0.0238761901855469 0.0431900024414062
-0.01220703125 -0.078399658203125 0.00247955322265625 0.0566635131835938
0.0341720581054688 -0.0764007568359375 -0.0155143737792969 0.0532951354980469
0.0712203979492188 -0.039703369140625 -0.0372390747070312 0.0229301452636719
0.080322265625 0.0438385009765625 -0.0335826873779297 -0.00952911376953124
0.0453262329101563 0.083526611328125 0.011805534362793 -8.67843627929637E-05
-0.0100021362304687 0.0964889526367188 -0.00821685791015625 0.0738906860351563
-0.0421905517578125 0.0309295654296875 0.0526657104492188 0.126686096191406
-0.027862548828125 0.0500297546386719 0.0316925048828125 0.113929748535156
0.00886154174804687 0.0617942810058594 0.0211334228515625 0.0748825073242188
0.0457916259765625 0.02752685546875 0.0312767028808594 0.0585289001464844
0.0453529357910156 -0.0108299255371094 0.0303955078125 0.0394515991210938
0.0192642211914062 -0.0452003479003906 0.031768798828125 0.0295372009277344
-0.00503921508789063 -0.0491943359375 0.0354766845703125 0.0351715087890625
-0.00830841064453125 -0.04742431640625 0.0347061157226562 0.0459747314453125
-0.0172386169433594 -0.0559196472167969 0.0355415344238281 0.0609054565429688
-0.00181961059570313 -0.0589561462402344 0.00768280029296874 0.0743331909179688
0.0334587097167969 -0.053558349609375 -0.017791748046875 0.067138671875
0.0580596923828125 -0.0194473266601563 -0.0427322387695313 0.0323944091796875
0.0499458312988281 0.0471534729003906 -0.0367698669433594 -0.00591659545898437
0.00969696044921875 0.067718505859375 0.0135164260864258 0.0144071578979492
-0.0348587036132812 0.0578231811523438 -0.0163345336914063 0.0999679565429688
0.0449485778808594 0.0036773681640625 0.0163726806640625 -0.117164611816406
0.018218994140625 -0.0403785705566406 -0.0119113922119141 -0.0284347534179688
-0.0184593200683594 -0.0350723266601563 0.0416297912597656 0.0146827697753906
-0.0314178466796875 -0.00333404541015625 0.0672836303710938 -0.0324058532714844
-0.0231189727783203 0.0182781219482422 0.0364456176757813 -0.0776443481445313
-0.00741767883300782 0.0311450958251953 -0.0115814208984375 -0.0913772583007812
-0.00229263305664062 0.0262317657470703 -0.0478668212890625 -0.078125
-0.00359916687011719 0.0242385864257813 -0.0458488464355469 -0.0562515258789063
-0.00762176513671875 0.0264377593994141 -0.0426750183105469 -0.046051025390625
-0.0199661254882812 0.013427734375 -0.0336952209472656 -0.0443496704101562
-0.0229759216308594 -0.00825881958007812 -0.0311050415039062 -0.0443305969238281
-0.00390625 -0.0301628112792969 -0.0253562927246094 -0.0611305236816406
0.0310935974121094 -0.0266017913818359 -0.013763427734375 -0.0815811157226563
0.0524635314941406 -0.00247955322265625 -0.0301513671875 -0.115402221679687
0.0508003234863281 0.026031494140625 -0.0363311767578125 -0.14324951171875
0.0515899658203125 0.0596542358398438 0.0364227294921875 -0.113861083984375
0.0444679260253906 -0.00138092041015625 9.53674316406297E-05 -0.0287609100341797
0.0253868103027344 -0.0169754028320313 0.0485610961914063 0.0215606689453125
0.00455665588378906 -0.0177230834960938 0.0783462524414063 -0.0290069580078125
-0.00427436828613281 -0.0107383728027344 0.05029296875 -0.077880859375
-0.0118751525878906 -0.00486373901367187 -0.0053863525390625 -0.0985641479492188
-0.0188484191894531 -0.00707817077636718 -0.0472030639648438 -0.0824737548828125
-0.015263557434082 -0.0074625015258789 -0.0454444885253906 -0.0550193786621094
-0.0208034515380859 -0.0080108642578125 -0.04266357421875 -0.0447807312011719
-0.0180435180664062 -0.0203037261962891 -0.0351104736328125 -0.040985107421875
-0.00104331970214844 -0.0348739624023438 -0.0313034057617187 -0.0381546020507813
0.030670166015625 -0.0354652404785156 -0.0272750854492187 -0.0533599853515625
0.0629730224609375 0.00193405151367188 -0.019989013671875 -0.0695838928222656
0.0730361938476563 0.0403594970703125 -0.032470703125 -0.101150512695313
0.0530166625976563 0.079132080078125 -0.0326309204101562 -0.124847412109375
0.0450897216796875 0.109664916992188 0.056640625 -0.08837890625
0.0603370666503906 0.0460586547851563 0.0143241882324219 -0.0147523880004883
0.0680389404296875 0.0128822326660156 0.0537071228027344 0.0347709655761719
0.0477523803710938 -0.0247650146484375 0.0877914428710938 -0.0170135498046875
0.023345947265625 -0.0381660461425781 0.06317138671875 -0.0673713684082031
-0.00987243652343749 -0.0415687561035156 0.00569915771484375 -0.0952682495117188
-0.0304756164550781 -0.0390510559082031 -0.0382308959960938 -0.0777359008789063
-0.0251541137695312 -0.0370445251464844 -0.0392532348632812 -0.0454826354980469
-0.033782958984375 -0.0397987365722656 -0.0366668701171875 -0.03533935546875
-0.0200767517089844 -0.0505561828613281 -0.0344295501708984 -0.0281620025634766
0.0137939453125 -0.0606231689453125 -0.0323162078857422 -0.0241756439208984
0.0553436279296875 -0.0468406677246094 -0.0316314697265625 -0.0399055480957031
0.0910186767578125 0.0170059204101563 -0.0272254943847656 -0.0543136596679688
0.0919265747070313 0.068115234375 -0.0313720703125 -0.0809555053710938
0.0542526245117187 0.116722106933594 -0.02923583984375 -0.091644287109375
0.02752685546875 0.143035888671875 0.0697593688964844 -0.0451393127441406
0.0621566772460938 0.0903854370117188 0.027130126953125 0.0123710632324219
0.0988693237304688 0.0510330200195313 0.0541572570800781 0.0515518188476562
0.08807373046875 -0.0207290649414063 0.0898056030273437 0.002838134765625
0.0518798828125 -0.0552749633789063 0.0717697143554688 -0.04638671875
-0.0025482177734375 -0.07177734375 0.0179214477539063 -0.0791549682617188
-0.0356903076171875 -0.0660057067871094 -0.0238914489746094 -0.0624542236328125
-0.0307350158691406 -0.0614242553710937 -0.0274791717529297 -0.0292072296142578
-0.04278564453125 -0.064666748046875 -0.0258522033691406 -0.0187358856201172
-0.0233306884765625 -0.0731430053710938 -0.0296669006347656 -0.00970458984375001
0.0211105346679687 -0.081634521484375 -0.0300350189208984 -0.00465965270996094
0.0699844360351563 -0.0593490600585937 -0.0346775054931641 -0.0225429534912109
0.109466552734375 0.022705078125 -0.03204345703125 -0.0387382507324219
0.102493286132813 0.082763671875 -0.0236282348632812 -0.0595130920410156
0.0495758056640625 0.13690185546875 -0.0221786499023438 -0.049652099609375
0.00672912597656251 0.151687622070313 0.0752487182617188 0.00799560546875001
0.0474700927734375 0.118743896484375 0.0346336364746094 0.0468788146972656
0.105964660644531 0.0851669311523438 0.0491142272949219 0.0685234069824219
0.112663269042969 -0.0057525634765625 0.0818099975585938 0.0249404907226563
0.0747756958007813 -0.0591659545898437 0.0700149536132812 -0.0190467834472656
0.00787353515625 -0.0896224975585938 0.0274505615234375 -0.051727294921875
-0.0346221923828125 -0.0825729370117188 -0.00673675537109375 -0.0380401611328125
-0.0320892333984375 -0.0756149291992188 -0.0120487213134766 -0.0086202621459961
-0.0478057861328125 -0.0802459716796875 -0.00944232940673828 0.00177574157714843
-0.0239791870117187 -0.0867080688476563 -0.0199604034423828 0.0135040283203125
0.0263519287109375 -0.093292236328125 -0.0249824523925781 0.0162410736083984
0.0763626098632812 -0.0642623901367188 -0.035247802734375 -0.00560379028320313
0.114120483398438 0.0271377563476563 -0.0336856842041016 -0.0263080596923828
0.0988998413085937 0.0890960693359375 -0.0104560852050781 -0.0384101867675781
0.0375595092773438 0.139595031738281 -0.0144929885864258 -0.00516128540039062
-0.0143890380859375 0.134635925292969 0.0715484619140625 0.0622024536132813
0.0220184326171875 0.121307373046875 0.0374755859375 0.08074951171875
0.08685302734375 0.101821899414062 0.0398025512695313 0.0797653198242187
0.111129760742187 0.011627197265625 0.067474365234375 0.0454788208007813
0.0815582275390625 -0.0493545532226562 0.0600547790527344 0.00835418701171874
0.01629638671875 -0.090576171875 0.0326156616210938 -0.0209312438964844
-0.0286712646484375 -0.08514404296875 0.0102472305297852 -0.0109062194824219
-0.0284576416015625 -0.0780181884765625 0.0057382583618164 0.0134048461914062
-0.0454025268554687 -0.0841217041015625 0.00827980041503906 0.0234603881835937
-0.0215530395507812 -0.0891036987304688 -0.0078887939453125 0.0368576049804687
0.030670166015625 -0.0918807983398438 -0.0189704895019531 0.0365982055664063
0.0780410766601563 -0.057830810546875 -0.0356521606445312 0.0106048583984375
0.105369567871094 0.0359268188476562 -0.0343132019042969 -0.0179920196533203
0.0789718627929688 0.0914154052734375 0.00351905822753907 -0.0193271636962891
0.01690673828125 0.127471923828125 -0.00823974609374999 0.0384178161621094
-0.0322418212890625 0.090728759765625 0.0643692016601562 0.105598449707031
-0.00597381591796875 0.09564208984375 0.0353240966796875 0.106636047363281
0.0499267578125 0.09326171875 0.0286712646484375 0.0830230712890625
0.0863189697265625 0.0249252319335937 0.0466117858886719 0.0582809448242188
0.0713577270507813 -0.0310592651367188 0.0456886291503906 0.0296173095703125
0.020263671875 -0.0742645263671875 0.0340099334716797 0.00837898254394531
-0.0186080932617188 -0.07421875 0.0257034301757812 0.0161876678466797
-0.0204124450683594 -0.0688934326171875 0.0229225158691406 0.0325126647949219
-0.0343475341796875 -0.07672119140625 0.0240516662597656 0.0445022583007812
-0.0134506225585937 -0.0805892944335938 0.00194549560546874 0.0582733154296875
0.034088134765625 -0.0788040161132813 -0.0165176391601562 0.054931640625
0.073638916015625 -0.042083740234375 -0.0384521484375 0.0233001708984375
0.0836715698242188 0.0452117919921875 -0.0346889495849609 -0.0107631683349609
0.04693603515625 0.0868377685546875 0.012751579284668 -0.00172710418701171
-0.00989532470703125 0.101249694824219 -0.00794219970703124 0.0761795043945313
-0.0434379577636719 0.0323448181152344 0.0541458129882813 0.1312255859375
-0.0291786193847656 0.05224609375 0.032379150390625 0.118644714355469
0.0102119445800781 0.0650787353515625 0.0218963623046875 0.0786209106445312
0.0478248596191406 0.0284042358398438 0.0326194763183594 0.0622749328613281
0.046875 -0.0110397338867188 0.0330276489257813 0.0414581298828125
0.0191650390625 -0.0462760925292969 0.0328788757324219 0.0299739837646484
-0.00584411621093751 -0.0505638122558594 0.0370140075683594 0.0358009338378906
-0.00916671752929687 -0.0489273071289063 0.0360069274902344 0.0481224060058594
-0.0188865661621094 -0.0571670532226563 0.0364303588867188 0.0635032653808594
-0.0032196044921875 -0.0604019165039063 0.00750732421875 0.0772323608398438
0.0342178344726563 -0.0562553405761719 -0.0190505981445312 0.0690803527832031
0.0596466064453125 -0.0213394165039063 -0.0449790954589844 0.0330009460449219
0.0528106689453125 0.0488204956054687 -0.0376739501953125 -0.00700759887695312
0.010589599609375 0.0706024169921875 0.0145549774169922 0.0140886306762695
-0.0356559753417969 0.0603904724121094 -0.016693115234375 0.103782653808594
0.0482177734375 0.00283050537109375 0.0139617919921875 -0.122550964355469
0.0173110961914063 -0.043060302734375 -0.0143852233886719 -0.0286960601806641
-0.0206680297851563 -0.0364837646484375 0.0441665649414063 0.0147895812988281
-0.0334224700927734 -0.00227737426757812 0.0701141357421875 -0.0356979370117188
-0.0240249633789063 0.0202865600585938 0.0364913940429688 -0.0822296142578125
-0.00577163696289063 0.0333919525146484 -0.014068603515625 -0.0948486328125
-0.000875473022460937 0.0275669097900391 -0.0522994995117188 -0.0810317993164063
-0.00192451477050781 0.0253181457519531 -0.04931640625 -0.057891845703125
-0.00548934936523437 0.0279293060302734 -0.0459556579589844 -0.0466423034667969
-0.0200557708740234 0.0149040222167969 -0.0365829467773437 -0.0454177856445313
-0.0238590240478516 -0.00821304321289063 -0.0340003967285156 -0.0461463928222656
-0.00529098510742188 -0.0312347412109375 -0.027923583984375 -0.0644302368164063
0.0316696166992188 -0.0295829772949219 -0.0167312622070312 -0.0865554809570313
0.054962158203125 -0.00452423095703125 -0.034515380859375 -0.120864868164063
0.0542945861816406 0.0254249572753906 -0.0423126220703125 -0.14984130859375
0.0561027526855469 0.0617713928222656 0.035186767578125 -0.119468688964844
0.0457572937011719 -0.0024261474609375 -0.00220108032226562 -0.02886962890625
0.025543212890625 -0.0194797515869141 0.0514869689941406 0.0224113464355469
0.00380134582519531 -0.0194587707519531 0.0816497802734375 -0.03216552734375
-0.00436973571777344 -0.0115127563476563 0.0512619018554688 -0.0829696655273438
-0.0125408172607422 -0.00360298156738281 -0.0076904296875 -0.103012084960937
-0.0196704864501953 -0.00535202026367188 -0.0512161254882812 -0.0849456787109375
-0.0166177749633789 -0.00701332092285156 -0.0489425659179688 -0.0560302734375
-0.0212383270263672 -0.00712966918945312 -0.0462989807128906 -0.0459632873535156
-0.0194511413574219 -0.0192775726318359 -0.0386123657226562 -0.0415878295898438
-0.00200653076171875 -0.0355033874511719 -0.0346603393554687 -0.0393829345703125
0.0301742553710938 -0.0380096435546875 -0.0303153991699219 -0.0566329956054688
0.0663566589355469 -9.5367431640625E-05 -0.0223236083984375 -0.0735931396484375
0.0775222778320313 0.0396575927734375 -0.0362777709960937 -0.106132507324219
0.05859375 0.0819625854492188 -0.0381546020507812 -0.13067626953125
0.0513763427734375 0.114326477050781 0.056610107421875 -0.094573974609375
0.0638885498046875 0.0468254089355469 0.0126590728759766 -0.0146102905273437
0.0723114013671875 0.01129150390625 0.0574913024902344 0.0358619689941406
0.0491867065429688 -0.0278472900390625 0.0917205810546875 -0.019378662109375
0.0232315063476563 -0.0402603149414063 0.0651779174804688 -0.0726318359375
-0.0121803283691406 -0.0422134399414063 0.0035552978515625 -0.100067138671875
-0.0331802368164062 -0.0396804809570313 -0.0421829223632813 -0.0798568725585938
-0.0277137756347656 -0.0383758544921875 -0.0424385070800781 -0.0463142395019531
-0.0362930297851563 -0.0400276184082031 -0.0397148132324219 -0.03546142578125
-0.0217704772949219 -0.0513916015625 -0.037384033203125 -0.0283355712890625
0.0121688842773437 -0.0630722045898438 -0.0349979400634766 -0.0249118804931641
0.0565338134765625 -0.0509719848632812 -0.03436279296875 -0.0420150756835938
0.0966033935546875 0.0146331787109375 -0.0298957824707031 -0.0584335327148438
0.098297119140625 0.0686264038085938 -0.0351715087890625 -0.0849838256835937
0.060302734375 0.121726989746094 -0.0332260131835938 -0.095977783203125
0.03472900390625 0.150177001953125 0.0716781616210937 -0.0496978759765625
0.0662994384765625 0.0940170288085938 0.0266132354736328 0.0125579833984375
0.105316162109375 0.0507583618164063 0.0587196350097656 0.0539169311523438
0.0916061401367188 -0.0246429443359375 0.0944900512695313 0.00159454345703125
0.0531349182128906 -0.0599021911621094 0.0742721557617188 -0.0510787963867188
-0.00471496582031251 -0.0750198364257813 0.0168380737304688 -0.083740234375
-0.0396690368652344 -0.0674972534179688 -0.0270423889160156 -0.0647468566894531
-0.0346527099609375 -0.0633125305175781 -0.0292396545410156 -0.0295181274414063
-0.0477714538574219 -0.0661697387695313 -0.0274143218994141 -0.0182323455810547
-0.0261688232421875 -0.0755767822265625 -0.0318222045898438 -0.00836181640625001
0.019561767578125 -0.0859832763671875 -0.0322399139404297 -0.00425338745117188
0.0715484619140625 -0.0639801025390625 -0.0378990173339844 -0.0245933532714844
0.115936279296875 0.019744873046875 -0.0351905822753906 -0.04205322265625
0.109748840332031 0.082855224609375 -0.0265541076660156 -0.0634193420410156
0.05615234375 0.143463134765625 -0.0252265930175781 -0.0521736145019531
0.0114898681640625 0.159744262695313 0.078460693359375 0.00613403320312501
0.051910400390625 0.124130249023438 0.0355682373046875 0.0480880737304688
0.113983154296875 0.0858612060546875 0.053375244140625 0.0719528198242188
0.117454528808594 -0.0098419189453125 0.0871429443359375 0.0257186889648438
0.0762176513671875 -0.06414794921875 0.0743179321289062 -0.0209503173828125
0.00524902343750001 -0.0933761596679688 0.0270423889160156 -0.0561408996582031
-0.0395278930664063 -0.0847015380859375 -0.00875473022460938 -0.0400733947753906
-0.036468505859375 -0.0780715942382813 -0.0123252868652344 -0.00772285461425782
-0.053131103515625 -0.0812835693359375 -0.0102443695068359 0.00282669067382812
-0.0288238525390625 -0.0895843505859375 -0.0210227966308594 0.0152759552001953
0.0235443115234375 -0.0981292724609375 -0.0265598297119141 0.0171947479248047
0.0782012939453125 -0.0693130493164063 -0.0382423400878906 -0.00519561767578126
0.120841979980469 0.024871826171875 -0.0364875793457031 -0.0288276672363281
0.105804443359375 0.0899276733398438 -0.0122756958007812 -0.0417137145996094
0.0434722900390625 0.146575927734375 -0.0154323577880859 -0.00502395629882812
-0.0120849609375 0.141387939453125 0.0763320922851563 0.0622711181640625
0.0257492065429687 0.126571655273438 0.0394668579101563 0.0835113525390625
0.0946578979492188 0.103439331054688 0.0422821044921875 0.0839309692382813
0.116569519042969 0.0093536376953125 0.0706024169921875 0.0475616455078125
0.0849761962890625 -0.0542373657226563 0.0645370483398438 0.00774765014648437
0.013702392578125 -0.0944366455078125 0.0335960388183594 -0.0228500366210938
-0.0337905883789062 -0.0884628295898438 0.0104408264160156 -0.011469841003418
-0.0320205688476563 -0.080902099609375 0.00668239593505859 0.0139341354370117
-0.05023193359375 -0.0860519409179688 0.00813865661621093 0.0249195098876953
-0.0259857177734375 -0.092041015625 -0.00773239135742188 0.0393218994140625
0.0277328491210938 -0.0974273681640625 -0.0193939208984375 0.0389022827148437
0.0794830322265625 -0.0634689331054688 -0.0380058288574219 0.0113677978515625
0.111434936523438 0.03436279296875 -0.0363044738769531 -0.0182762145996094
0.0856170654296875 0.0923233032226563 0.00288581848144532 -0.0221633911132812
0.0215377807617188 0.134391784667969 -0.00801086425781249 0.0401153564453125
-0.0312118530273438 0.0963516235351563 0.0698394775390625 0.108924865722656
-0.00440216064453126 0.10076904296875 0.0390167236328125 0.110382080078125
0.0568161010742188 0.096649169921875 0.0314102172851563 0.0876922607421875
0.0912017822265625 0.0238113403320313 0.0511894226074219 0.0613784790039063
0.0742645263671875 -0.0350570678710938 0.0497207641601563 0.030731201171875
0.0186538696289063 -0.07794189453125 0.0354995727539063 0.00751876831054687
-0.0228118896484375 -0.0769577026367187 0.0273990631103516 0.0154800415039062
-0.0239028930664063 -0.071624755859375 0.0250034332275391 0.0342254638671875
-0.0389862060546875 -0.078399658203125 0.0265235900878906 0.0463523864746094
-0.0174407958984375 -0.08349609375 0.00352096557617188 0.0619163513183594
0.0325927734375 -0.0839614868164063 -0.0159492492675781 0.0569305419921875
0.0753707885742188 -0.0462570190429687 -0.0398063659667969 0.0253028869628906
0.0902862548828125 0.0448150634765625 -0.0369338989257812 -0.0112075805664063
0.0519485473632812 0.0889663696289063 0.0138473510742188 -0.00321006774902343
-0.00737762451171876 0.107017517089844 -0.00575256347656249 0.0796661376953125
-0.045257568359375 0.0352439880371094 0.0597000122070312 0.136688232421875
-0.0291824340820313 0.0561599731445313 0.0366744995117187 0.122787475585938
0.0130348205566406 0.0682716369628906 0.0239639282226562 0.0830764770507812
0.0509223937988281 0.0278701782226563 0.0360031127929687 0.0657501220703125
0.0496559143066406 -0.0124664306640625 0.0366592407226563 0.0432472229003906
0.0183029174804688 -0.0488510131835938 0.0355949401855469 0.0300064086914063
-0.00867843627929687 -0.0533981323242187 0.039794921875 0.0365066528320313
-0.0114936828613281 -0.0516815185546875 0.0398445129394531 0.0496826171875
-0.0217666625976562 -0.0595512390136719 0.0397720336914063 0.0647163391113281
-0.00588607788085938 -0.0629119873046875 0.0096282958984375 0.080841064453125
0.033447265625 -0.0602035522460938 -0.0180816650390625 0.0723800659179688
0.0623550415039062 -0.0238761901855469 -0.0460548400878906 0.0350189208984375
0.0577621459960938 0.0499839782714844 -0.0396499633789063 -0.0068359375
0.0133132934570312 0.073944091796875 0.0167789459228516 0.0133113861083984
-0.0358657836914063 0.0643882751464844 -0.014129638671875 0.108718872070312
0.0510940551757812 -0.000705718994140625 0.00740814208984375 -0.12744140625
0.0145950317382813 -0.0446853637695312 -0.0174713134765625 -0.0275592803955078
-0.024749755859375 -0.0364761352539063 0.0474433898925781 0.0135345458984375
-0.0350608825683594 -0.00105285644531249 0.0706939697265625 -0.0401229858398438
-0.0236339569091797 0.0216426849365234 0.033203125 -0.086151123046875
-0.00312423706054688 0.0354423522949219 -0.0191268920898438 -0.0977401733398437
0.00127220153808593 0.0286006927490234 -0.058197021484375 -0.0795364379882813
-0.000339508056640627 0.0258998870849609 -0.0539779663085937 -0.0572433471679688
-0.00340652465820312 0.0282268524169922 -0.0512161254882812 -0.0459213256835938
-0.0190601348876953 0.0167942047119141 -0.0408172607421875 -0.0453643798828125
-0.0251731872558594 -0.00606346130371094 -0.0379447937011719 -0.0466575622558594
-0.00740623474121093 -0.0322608947753906 -0.0332565307617188 -0.0662879943847656
0.0308761596679687 -0.0324497222900391 -0.0223236083984375 -0.0892791748046875
0.0557136535644531 -0.00722122192382813 -0.0416946411132812 -0.123298645019531
0.0575408935546875 0.0233268737792969 -0.05230712890625 -0.153656005859375
0.0629920959472656 0.0606651306152344 0.0296859741210938 -0.125694274902344
0.0466880798339844 -0.00457382202148438 -0.00622940063476562 -0.0288753509521484
0.0252285003662109 -0.0217227935791016 0.0546112060546875 0.021240234375
0.00297164916992187 -0.0203113555908203 0.0832290649414063 -0.0367431640625
-0.00529956817626953 -0.0114660263061523 0.0486984252929687 -0.0884933471679687
-0.0125913619995117 -0.00320911407470703 -0.0133590698242187 -0.10577392578125
-0.0199604034423828 -0.00413894653320313 -0.0578231811523438 -0.0845870971679688
-0.0171079635620117 -0.00652599334716796 -0.0534706115722656 -0.0551223754882813
-0.0221176147460938 -0.0062103271484375 -0.0512351989746094 -0.0448760986328125
-0.0203933715820313 -0.0184612274169922 -0.0427284240722656 -0.0411300659179688
-0.0044403076171875 -0.0358047485351562 -0.0387992858886719 -0.0391120910644531
0.0291213989257813 -0.0410346984863281 -0.0345916748046875 -0.0581092834472656
0.0683708190917969 -0.00475311279296875 -0.0267486572265625 -0.076385498046875
0.0819625854492188 0.0364990234375 -0.0437088012695313 -0.108116149902344
0.0657806396484375 0.0810089111328125 -0.046875 -0.134086608886719
0.060760498046875 0.115730285644531 0.053009033203125 -0.101325988769531
0.0681228637695313 0.0456504821777344 0.0105676651000977 -0.0152006149291992
0.0753402709960938 0.0077362060546875 0.0615310668945313 0.0352592468261719
0.0492935180664063 -0.0318183898925781 0.0945587158203125 -0.023895263671875
0.0213165283203125 -0.0431785583496094 0.064453125 -0.0790634155273438
-0.0147743225097656 -0.0426597595214844 -0.00160217285156251 -0.103927612304688
-0.0366477966308594 -0.0383720397949219 -0.0485305786132813 -0.0801620483398437
-0.0305213928222656 -0.0378036499023438 -0.046112060546875 -0.045013427734375
-0.0395889282226562 -0.0390701293945313 -0.0435104370117188 -0.03399658203125
-0.0257415771484375 -0.0507431030273438 -0.0409202575683594 -0.0271492004394531
0.0085296630859375 -0.0653724670410156 -0.0385704040527344 -0.0233306884765625
0.0548896789550781 -0.0555801391601562 -0.0390625 -0.0436286926269531
0.101325988769531 0.009368896484375 -0.0342330932617187 -0.0600547790527344
0.105674743652344 0.0643310546875 -0.0412368774414062 -0.08721923828125
0.0694732666015625 0.123367309570313 -0.0396881103515625 -0.09808349609375
0.0442352294921875 0.154373168945313 0.0711822509765625 -0.0557861328125
0.0733108520507813 0.0942840576171875 0.0262088775634766 0.0119476318359375
0.113128662109375 0.0462112426757812 0.0637054443359375 0.0543403625488281
0.093597412109375 -0.0308380126953125 0.0994644165039062 -0.0023040771484375
0.0516242980957031 -0.0650444030761719 0.0750885009765625 -0.0575485229492188
-0.00966644287109376 -0.0766983032226562 0.0127944946289063 -0.087554931640625
-0.0453720092773438 -0.0669097900390625 -0.0318527221679687 -0.0651130676269531
-0.0393829345703125 -0.06329345703125 -0.0316104888916016 -0.0277938842773437
-0.0529518127441406 -0.0642127990722656 -0.0300998687744141 -0.0164813995361328
-0.0319290161132813 -0.0759048461914063 -0.0334796905517578 -0.00601577758789063
0.0141448974609375 -0.0894393920898438 -0.0342369079589844 -0.00316619873046875
0.0699615478515625 -0.0708694458007813 -0.0411224365234375 -0.0243453979492188
0.12164306640625 0.0136184692382813 -0.038726806640625 -0.0436592102050781
0.118705749511719 0.0791091918945313 -0.0309867858886719 -0.065032958984375
0.0667572021484375 0.146209716796875 -0.0288887023925781 -0.0527992248535156
0.0212554931640625 0.165756225585938 0.08062744140625 0.00207519531250001
0.0600509643554688 0.126113891601562 0.038177490234375 0.0472869873046875
0.123939514160156 0.0827255249023438 0.0589828491210938 0.0739593505859375
0.120506286621094 -0.0161819458007813 0.092132568359375 0.023345947265625
0.0769424438476563 -0.0712127685546875 0.0765380859375 -0.0266342163085938
-0.0002593994140625 -0.0965423583984375 0.0247688293457031 -0.0597152709960938
-0.0460128784179687 -0.0848770141601562 -0.0111465454101563 -0.0407905578613281
-0.0424957275390625 -0.0785446166992188 -0.0120525360107422 -0.00666427612304688
-0.059326171875 -0.0804595947265625 -0.0112667083740234 0.00411987304687499
-0.0354766845703125 -0.0898666381835938 -0.0212631225585938 0.0178031921386719
0.0181198120117188 -0.102363586425781 -0.0264930725097656 0.0195674896240234
0.0767440795898438 -0.0763092041015625 -0.0400238037109375 -0.00510406494140626
0.127166748046875 0.0183486938476563 -0.0392684936523438 -0.0294456481933594
0.115150451660156 0.0866775512695313 -0.0149917602539062 -0.0436134338378906
0.054229736328125 0.150177001953125 -0.0164356231689453 -0.00479888916015624
-0.00453186035156251 0.147689819335938 0.0817337036132813 0.060882568359375
0.033294677734375 0.129875183105469 0.0439300537109375 0.0836563110351563
0.104774475097656 0.102569580078125 0.0491180419921875 0.0864410400390625
0.121208190917969 0.00272369384765625 0.076141357421875 0.0463104248046875
0.0857620239257813 -0.060272216796875 0.0678291320800781 0.00414276123046875
0.00817871093749999 -0.0980072021484375 0.032684326171875 -0.0259971618652344
-0.0408859252929688 -0.0887222290039063 0.0100431442260742 -0.0118532180786133
-0.0389404296875 -0.0821151733398438 0.00852203369140625 0.0154581069946289
-0.05767822265625 -0.0850753784179687 0.0101242065429687 0.0259742736816406
-0.0325088500976563 -0.0926284790039063 -0.00643539428710938 0.0415992736816406
0.0223541259765625 -0.101799011230469 -0.01837158203125 0.0408973693847656
0.0790328979492188 -0.0698471069335938 -0.0391426086425781 0.0125923156738281
0.118560791015625 0.0288467407226563 -0.0385932922363281 -0.0182151794433594
0.0933761596679688 0.090484619140625 0.00183868408203125 -0.0245418548583984
0.0300216674804687 0.138694763183594 -0.00489425659179688 0.0417213439941406
-0.027099609375 0.101608276367188 0.077117919921875 0.109169006347656
0.000663757324218748 0.104827880859375 0.0446548461914062 0.111991882324219
0.0644454956054688 0.097259521484375 0.0373458862304688 0.0907440185546875
0.0958099365234375 0.0187759399414062 0.0570106506347656 0.0615577697753906
0.0754318237304688 -0.0404891967773438 0.0540618896484375 0.0291671752929688
0.0145797729492188 -0.0816650390625 0.0370140075683594 0.00543975830078124
-0.028656005859375 -0.0777816772460937 0.0294742584228516 0.0151920318603516
-0.0293807983398437 -0.0728912353515625 0.0289249420166016 0.0345039367675781
-0.0454559326171875 -0.078216552734375 0.0290184020996094 0.047119140625
-0.0234451293945312 -0.0843963623046875 0.0062408447265625 0.0641822814941406
0.0282669067382812 -0.0887832641601563 -0.0141525268554688 0.0598945617675781
0.0753250122070313 -0.0530014038085938 -0.0404510498046875 0.0273895263671875
0.0964584350585937 0.0411376953125 -0.0388603210449219 -0.0103034973144531
0.05926513671875 0.0887603759765625 0.0136566162109375 -0.00542736053466796
-0.00153350830078126 0.111824035644531 -0.00170135498046875 0.0827713012695313
-0.0446701049804688 0.0396232604980469 0.0691986083984375 0.137985229492188
-0.0267333984375 0.0597381591796875 0.0438308715820312 0.125144958496094
0.017913818359375 0.07073974609375 0.0290298461914063 0.0859298706054688
0.0542716979980469 0.026214599609375 0.0419082641601562 0.0668907165527344
0.051055908203125 -0.0160675048828125 0.0410308837890625 0.0431480407714844
0.0155982971191406 -0.0515823364257813 0.0387840270996094 0.029083251953125
-0.0126800537109375 -0.0543594360351563 0.0432548522949219 0.0354347229003906
-0.0152473449707031 -0.0527229309082031 0.0444831848144531 0.0493278503417969
-0.0271110534667969 -0.0599288940429688 0.04449462890625 0.0650978088378906
-0.0104446411132813 -0.0643539428710938 0.01409912109375 0.0833892822265625
0.0306777954101563 -0.0635986328125 -0.0150070190429688 0.0757827758789062
0.0628623962402344 -0.0288887023925781 -0.0453376770019531 0.0381317138671875
0.0633392333984375 0.0484199523925781 -0.041107177734375 -0.00605392456054686
0.017486572265625 0.0756301879882813 0.0185050964355469 0.0116462707519531
-0.0333251953125 0.069427490234375 -0.00817108154296875 0.112739562988281
0.0516357421875 -0.00474929809570313 -0.0010833740234375 -0.128189086914063
0.0120048522949219 -0.0455818176269531 -0.02069091796875 -0.0248565673828125
-0.0273094177246094 -0.0355758666992188 0.0488204956054688 0.0110816955566406
-0.0360031127929688 0.00157928466796876 0.0689239501953125 -0.0441246032714844
-0.0230121612548828 0.0236682891845703 0.0287704467773438 -0.0878067016601563
0.000217437744140625 0.0361709594726563 -0.0246200561523437 -0.0968475341796875
0.00375747680664062 0.0290203094482422 -0.0633697509765625 -0.076690673828125
0.00232696533203125 0.0259380340576172 -0.057342529296875 -0.0539970397949219
-0.000530242919921876 0.0284385681152344 -0.0538215637207031 -0.0427970886230469
-0.0166282653808594 0.0184326171875 -0.0437660217285156 -0.0430526733398438
-0.0256519317626953 -0.00413894653320313 -0.0408287048339844 -0.0445899963378906
-0.00972175598144531 -0.0315723419189453 -0.037933349609375 -0.0650978088378906
0.0277328491210938 -0.0349941253662109 -0.0272216796875 -0.088958740234375
0.0551223754882813 -0.0107154846191406 -0.0485458374023438 -0.12030029296875
0.0608253479003906 0.0192489624023438 -0.0622711181640625 -0.15081787109375
0.0672378540039063 0.0557708740234375 0.02117919921875 -0.128273010253906
0.0459709167480469 -0.00711441040039063 -0.00872230529785156 -0.0268058776855469
0.0233840942382813 -0.0237159729003906 0.0570411682128906 0.0183219909667969
0.00116539001464844 -0.0205116271972656 0.0815963745117188 -0.0414505004882813
-0.00672340393066406 -0.011500358581543 0.04290771484375 -0.0918045043945313
-0.0127248764038086 -0.00115489959716797 -0.01922607421875 -0.105560302734375
-0.0208339691162109 -0.00177001953125 -0.063232421875 -0.08135986328125
-0.0166549682617188 -0.0055398941040039 -0.0571708679199219 -0.0522804260253906
-0.0221538543701172 -0.00466156005859375 -0.0537567138671875 -0.0415000915527344
-0.0208663940429688 -0.0168819427490234 -0.0452423095703125 -0.0386199951171875
-0.00664901733398438 -0.0353050231933594 -0.0409927368164063 -0.0374984741210937
0.0266036987304687 -0.0429039001464844 -0.0389137268066406 -0.0579948425292969
0.0682106018066406 -0.00948715209960938 -0.031494140625 -0.0762557983398438
0.0841827392578125 0.0309829711914063 -0.0505447387695312 -0.105842590332031
0.071441650390625 0.07794189453125 -0.0553131103515625 -0.132461547851563
0.0686264038085937 0.112617492675781 0.0465621948242188 -0.1043701171875
0.0706253051757813 0.0418777465820313 0.00781917572021485 -0.0149345397949219
0.0757369995117188 0.00274658203125 0.0649223327636719 0.0325546264648438
0.0469589233398437 -0.0351486206054687 0.09454345703125 -0.0289382934570313
0.0185585021972656 -0.0447883605957031 0.0601348876953125 -0.0835723876953125
-0.0169334411621094 -0.0412063598632813 -0.00749969482421875 -0.104438781738281
-0.0395050048828125 -0.0350837707519531 -0.05352783203125 -0.0763092041015625
-0.0325775146484375 -0.0360336303710937 -0.0477943420410156 -0.0427436828613281
-0.0414314270019531 -0.0363388061523438 -0.046173095703125 -0.0312080383300781
-0.0284919738769531 -0.0484161376953125 -0.0432815551757813 -0.0245857238769531
0.00461959838867187 -0.0653076171875 -0.0405426025390625 -0.0213546752929688
0.0521087646484375 -0.0596885681152344 -0.0426597595214844 -0.0426483154296875
0.101776123046875 0.00234222412109375 -0.0380783081054688 -0.0596084594726562
0.108680725097656 0.0578689575195312 -0.0472030639648438 -0.0854949951171875
0.0783767700195313 0.120124816894531 -0.045806884765625 -0.096649169921875
0.0550537109375 0.152816772460937 0.06707763671875 -0.0609474182128906
0.078643798828125 0.0908660888671875 0.0251369476318359 0.0111122131347656
0.116569519042969 0.0392608642578125 0.0678749084472657 0.0523910522460938
0.0914840698242188 -0.0366363525390625 0.100013732910156 -0.00716400146484375
0.0482025146484375 -0.0692481994628906 0.0731277465820312 -0.0620193481445313
-0.0145187377929688 -0.0751495361328125 0.00729370117187501 -0.0887222290039062
-0.050537109375 -0.0634536743164063 -0.0357017517089844 -0.0624160766601563
-0.0433273315429687 -0.0614356994628906 -0.0319499969482422 -0.0256996154785156
-0.0563812255859375 -0.0604362487792969 -0.0320186614990234 -0.0138339996337891
-0.0371856689453125 -0.0725479125976563 -0.0343017578125 -0.004180908203125
0.00824737548828125 -0.0894088745117187 -0.0349464416503906 -0.00127792358398438
0.0656661987304688 -0.075714111328125 -0.0437965393066406 -0.0235328674316406
0.1239013671875 0.00555419921875 -0.0422630310058594 -0.042877197265625
0.123664855957031 0.0710601806640625 -0.035430908203125 -0.0639381408691406
0.07696533203125 0.14324951171875 -0.0322494506835937 -0.0521812438964844
0.0321197509765625 0.166275024414063 0.0805282592773438 -0.00405883789062499
0.066802978515625 0.123268127441406 0.0393638610839844 0.0463027954101563
0.130096435546875 0.075347900390625 0.063751220703125 0.0719375610351563
0.120552062988281 -0.0240402221679688 0.0953521728515625 0.0194320678710937
0.072662353515625 -0.0763168334960938 0.0766448974609375 -0.0322952270507813
-0.00693511962890626 -0.0961837768554688 0.0204658508300781 -0.0612907409667969
-0.0526275634765625 -0.0813674926757813 -0.0133514404296875 -0.0392837524414063
-0.0479049682617188 -0.0764694213867188 -0.011561393737793 -0.00544929504394532
-0.0654296875 -0.0758590698242188 -0.0115909576416016 0.00606155395507812
-0.0413970947265625 -0.0866317749023438 -0.0205574035644531 0.0196895599365234
0.0113372802734375 -0.103080749511719 -0.025665283203125 0.0204296112060547
0.0717010498046875 -0.0814437866210937 -0.0413780212402344 -0.00345993041992188
0.129142761230469 0.009521484375 -0.0413475036621094 -0.0281562805175781
0.12017822265625 0.0796279907226563 -0.0179634094238281 -0.0434913635253906
0.0645904541015625 0.148635864257813 -0.0162563323974609 -0.00478458404541015
0.00482177734374999 0.149658203125 0.0853424072265625 0.0559463500976563
0.0401458740234375 0.128990173339844 0.04730224609375 0.0813446044921875
0.112960815429688 0.0968475341796875 0.0539779663085938 0.0853424072265625
0.122215270996094 -0.00435638427734375 0.08038330078125 0.0434951782226563
0.0834197998046875 -0.0675430297851562 0.0692329406738281 6.10351562499959E-05
0.00218963623046875 -0.0982131958007813 0.0311069488525391 -0.0284328460693359
-0.0466232299804687 -0.0853500366210938 0.00911808013916015 -0.0120534896850586
-0.0448455810546875 -0.0794219970703125 0.0105705261230469 0.0147056579589844
-0.064666748046875 -0.0807266235351563 0.0109024047851562 0.0261573791503906
-0.0399322509765625 -0.09039306640625 -0.0045318603515625 0.0428009033203125
0.0156021118164063 -0.103515625 -0.0169410705566406 0.0421333312988281
0.0743408203125 -0.07550048828125 -0.0396308898925781 0.0142097473144531
0.121299743652344 0.0206375122070313 -0.0397682189941406 -0.0173492431640625
0.0989990234375 0.0849075317382813 -0.000162124633789058 -0.0257205963134766
0.038665771484375 0.13836669921875 -0.00249862670898437 0.0409660339355469
-0.0205154418945313 0.104476928710938 0.0836105346679688 0.104682922363281
0.00689697265624999 0.106048583984375 0.0506515502929687 0.109397888183594
0.0722427368164063 0.0944442749023438 0.04254150390625 0.090087890625
0.0976333618164063 0.0125656127929688 0.0618133544921875 0.0596923828125
0.07379150390625 -0.0459671020507813 0.056854248046875 0.0265274047851563
0.00877380371093751 -0.0819854736328125 0.0371322631835938 0.00342941284179687
-0.034698486328125 -0.0756912231445312 0.0307579040527344 0.0133724212646484
-0.0348281860351563 -0.0712738037109375 0.031890869140625 0.0336055755615234
-0.0516586303710938 -0.0745849609375 0.0321235656738281 0.0462875366210937
-0.0299530029296875 -0.082366943359375 0.00907897949218749 0.0644760131835938
0.0216903686523437 -0.0909805297851563 -0.0108566284179688 0.0607147216796875
0.0718841552734375 -0.0582656860351563 -0.0395431518554687 0.0291252136230469
0.100166320800781 0.03509521484375 -0.0394554138183594 -0.00916290283203125
0.0646209716796875 0.0849456787109375 0.0132579803466797 -0.00792884826660156
0.00593566894531251 0.112846374511719 0.00304412841796875 0.0820770263671875
-0.0426101684570313 0.0425834655761719 0.077056884765625 0.133804321289062
-0.0230598449707031 0.0618057250976563 0.0500640869140625 0.122894287109375
0.0234756469726563 0.0697479248046875 0.0345077514648438 0.0854949951171875
0.0567665100097656 0.0226020812988281 0.0465927124023438 0.065399169921875
0.050689697265625 -0.0202674865722656 0.0444297790527344 0.0410537719726563
0.01153564453125 -0.0523681640625 0.0403480529785156 0.0270576477050781
-0.0172576904296875 -0.0538673400878906 0.0465354919433594 0.0333786010742188
-0.0191307067871094 -0.0523338317871094 0.0476760864257813 0.0470848083496094
-0.0305137634277344 -0.05828857421875 0.0478363037109375 0.0636215209960938
-0.0154609680175781 -0.063232421875 0.018524169921875 0.0831451416015625
0.0264167785644531 -0.0662040710449219 -0.0113525390625 0.0763626098632813
0.0613746643066406 -0.0330581665039063 -0.0443954467773437 0.0406455993652344
0.0666732788085938 0.0449256896972656 -0.0420150756835938 -0.00497817993164062
0.0222625732421875 0.074951171875 0.0196266174316406 0.00791358947753907
-0.0286483764648438 0.0719528198242188 -0.00109100341796876 0.112403869628906
0.05108642578125 -0.00756454467773437 -0.00704956054687501 -0.126434326171875
0.00938796997070313 -0.0452194213867188 -0.0215549468994141 -0.0218048095703125
-0.0289955139160156 -0.0327548980712891 0.0492324829101563 0.00997543334960937
-0.0356407165527344 0.00291061401367187 0.0667266845703125 -0.0454597473144531
-0.0213165283203125 0.0248184204101563 0.0254287719726563 -0.0869979858398438
0.00214004516601562 0.0353813171386719 -0.0268325805664062 -0.0947723388671875
0.00575065612792969 0.0285816192626953 -0.0653457641601563 -0.0728912353515625
0.00335693359375 0.0248050689697266 -0.0591621398925781 -0.0513496398925781
0.00167655944824219 0.0272922515869141 -0.0548171997070313 -0.039947509765625
-0.0151252746582031 0.0190010070800781 -0.0454940795898438 -0.0409317016601563
-0.0249710083007813 -0.001983642578125 -0.0424308776855469 -0.0440406799316406
-0.0114727020263672 -0.03076171875 -0.04046630859375 -0.0632781982421875
0.0255775451660156 -0.03570556640625 -0.0301437377929687 -0.0871658325195313
0.0539398193359375 -0.0125732421875 -0.0521011352539063 -0.116790771484375
0.0606460571289062 0.0159912109375 -0.067718505859375 -0.146835327148437
0.0694465637207031 0.0517425537109375 0.0145034790039063 -0.127029418945313
0.0446014404296875 -0.0088348388671875 -0.0105514526367187 -0.0244941711425781
0.0220966339111328 -0.0241451263427734 0.0572052001953125 0.0169410705566406
-0.0004119873046875 -0.0204181671142578 0.0799713134765625 -0.0430145263671875
-0.00750255584716797 -0.0106477737426758 0.0400161743164063 -0.0919418334960938
-0.0118083953857422 -0.000492095947265623 -0.0225143432617188 -0.103004455566406
-0.019256591796875 -0.000751495361328128 -0.0655517578125 -0.077056884765625
-0.0165338516235352 -0.00531768798828125 -0.0579147338867188 -0.0493621826171875
-0.0207862854003906 -0.00425148010253907 -0.0541839599609375 -0.0385322570800781
-0.020355224609375 -0.0152015686035156 -0.0465202331542969 -0.0363845825195313
-0.00809288024902344 -0.0333614349365234 -0.042388916015625 -0.0362396240234375
0.0239334106445313 -0.0436859130859375 -0.0415229797363281 -0.0566062927246094
0.0661354064941406 -0.0121803283691406 -0.0347213745117187 -0.0745773315429688
0.0833511352539063 0.0266571044921875 -0.053466796875 -0.102645874023438
0.0747756958007813 0.0733261108398437 -0.0603713989257813 -0.128814697265625
0.0724716186523438 0.107475280761719 0.0403671264648438 -0.105911254882813
0.0712738037109375 0.0397567749023438 0.00530338287353516 -0.0142297744750977
0.07586669921875 -0.0005950927734375 0.0657691955566406 0.0311470031738281
0.0439529418945313 -0.0363082885742188 0.0923538208007812 -0.0318527221679687
0.0166435241699219 -0.04547119140625 0.056182861328125 -0.0844650268554688
-0.0185585021972656 -0.0389900207519531 -0.0117111206054688 -0.101860046386719
-0.0395431518554688 -0.0323219299316406 -0.0555877685546875 -0.0735931396484375
-0.0338325500488281 -0.0345497131347656 -0.0485572814941406 -0.0399246215820313
-0.0425567626953125 -0.0332832336425781 -0.0472145080566406 -0.0279884338378906
-0.029693603515625 -0.0454368591308594 -0.0436439514160156 -0.0219688415527344
0.00114059448242188 -0.0637626647949219 -0.0412216186523438 -0.0204505920410156
0.0483932495117188 -0.0612716674804688 -0.0444984436035156 -0.0417327880859375
0.100532531738281 -0.00218963623046875 -0.0402641296386719 -0.0592460632324219
0.109565734863281 0.0516738891601563 -0.04986572265625 -0.082794189453125
0.0831375122070313 0.116004943847656 -0.0491943359375 -0.0943603515625
0.0606536865234375 0.147979736328125 0.0631866455078125 -0.0632896423339844
0.080963134765625 0.0868377685546875 0.0231437683105469 0.0105381011962891
0.11712646484375 0.0341644287109375 0.0694732666015625 0.0503807067871094
0.088134765625 -0.0394744873046875 0.0987396240234375 -0.0104446411132813
0.04486083984375 -0.0706100463867187 0.0700454711914063 -0.0646324157714844
-0.0173492431640625 -0.0738601684570313 0.00370025634765625 -0.0872421264648437
-0.0522003173828125 -0.058990478515625 -0.0380783081054688 -0.0595703125
-0.0461654663085937 -0.0586624145507813 -0.0317592620849609 -0.0243434906005859
-0.0591583251953125 -0.0567436218261719 -0.0318088531494141 -0.0122756958007813
-0.03924560546875 -0.0684738159179688 -0.0345096588134766 -0.00169754028320313
0.00447845458984376 -0.0879135131835938 -0.0351219177246094 -0.000131607055664067
0.0611343383789063 -0.077239990234375 -0.044952392578125 -0.022186279296875
0.121871948242187 -0.00061798095703125 -0.0434951782226562 -0.0423316955566406
0.123565673828125 0.0647201538085938 -0.0382232666015625 -0.0624122619628906
0.0825881958007813 0.13909912109375 -0.0338592529296875 -0.0506935119628906
0.038238525390625 0.162200927734375 0.0782852172851563 -0.00716400146484374
0.070343017578125 0.120170593261719 0.0382537841796875 0.0436210632324219
0.132514953613281 0.0692596435546875 0.066375732421875 0.07049560546875
0.116935729980469 -0.0289230346679687 0.0958709716796875 0.0161285400390625
0.0688858032226563 -0.0791854858398438 0.07470703125 -0.0345230102539063
-0.0108871459960938 -0.093170166015625 0.0180206298828125 -0.060791015625
-0.0557403564453125 -0.0769195556640625 -0.0152168273925781 -0.0380592346191406
-0.05029296875 -0.07379150390625 -0.0111188888549805 -0.00450801849365235
-0.0680084228515625 -0.0715255737304688 -0.0116901397705078 0.00708770751953124
-0.0448837280273438 -0.0821990966796875 -0.0197486877441406 0.0209083557128906
0.00597381591796876 -0.101600646972656 -0.0259857177734375 0.0213832855224609
0.0678863525390625 -0.0838470458984375 -0.0424118041992187 -0.00293350219726563
0.128387451171875 0.00394439697265625 -0.0432853698730469 -0.0275421142578125
0.121116638183594 0.0723724365234375 -0.0203742980957031 -0.0432243347167969
0.0699615478515625 0.144485473632813 -0.0163116455078125 -0.00444221496582031
0.011627197265625 0.146652221679688 0.0855636596679688 0.0512771606445313
0.0442581176757813 0.12652587890625 0.0482025146484375 0.0783157348632813
0.115959167480469 0.090667724609375 0.0570907592773438 0.0840682983398438
0.119880676269531 -0.0096893310546875 0.0816879272460938 0.0405426025390625
0.0785903930664063 -0.0708389282226563 0.0686607360839844 -0.00272369384765625
-0.00228118896484376 -0.0964736938476563 0.0288028717041016 -0.028564453125
-0.0508880615234375 -0.081024169921875 0.00889778137207031 -0.0124874114990234
-0.0480880737304688 -0.0767745971679688 0.0124063491821289 0.0145034790039062
-0.0665817260742187 -0.0760574340820313 0.011383056640625 0.02606201171875
-0.0430908203125 -0.0853347778320312 -0.00260543823242188 0.0430946350097656
0.0107345581054687 -0.102294921875 -0.0148506164550781 0.0420379638671875
0.0697402954101563 -0.0779800415039063 -0.0389900207519531 0.0149345397949219
0.121421813964844 0.0150222778320312 -0.0405387878417969 -0.0170249938964844
0.100914001464844 0.07879638671875 -0.00228691101074218 -0.0261154174804688
0.0450057983398437 0.135841369628906 -0.000976562499999998 0.0400276184082031
-0.0163345336914063 0.104301452636719 0.0854568481445313 0.09979248046875
0.0109329223632813 0.104827880859375 0.0523834228515625 0.1060791015625
0.0755157470703125 0.0902786254882812 0.0453262329101563 0.0885696411132812
0.0965042114257813 0.00847625732421875 0.0634689331054687 0.0566864013671875
0.070892333984375 -0.049041748046875 0.0574607849121094 0.0236320495605469
0.00479888916015625 -0.0805587768554688 0.0367546081542969 0.0020751953125
-0.0387725830078125 -0.0719985961914063 0.0306224822998047 0.0120048522949219
-0.0380287170410156 -0.0690765380859375 0.0333099365234375 0.0319805145263672
-0.0545730590820312 -0.0705947875976563 0.0329246520996094 0.0447654724121094
-0.0334854125976563 -0.0786285400390625 0.0116004943847656 0.0637550354003906
0.017059326171875 -0.0902175903320312 -0.00867843627929687 0.0599594116210937
0.0683555603027344 -0.060577392578125 -0.0383834838867187 0.0296592712402344
0.100425720214844 0.0298995971679688 -0.0397300720214844 -0.00881958007812499
0.06689453125 0.0808944702148438 0.012664794921875 -0.00967025756835937
0.0107421875 0.112075805664063 0.00699615478515624 0.0806884765625
-0.0402603149414062 0.0440673828125 0.0801849365234375 0.128532409667969
-0.0206298828125 0.0629653930664063 0.0543441772460938 0.119140625
0.0269889831542969 0.0678901672363281 0.0368194580078125 0.0835037231445312
0.0565414428710938 0.0194511413574219 0.0491600036621094 0.0635604858398438
0.0492324829101563 -0.0221595764160156 0.0456962585449219 0.0387763977050781
0.00913238525390625 -0.0523605346679687 0.0413475036621094 0.0251502990722656
-0.0207366943359375 -0.0512351989746094 0.0467109680175781 0.0313987731933594
-0.0221824645996094 -0.0506172180175781 0.0498847961425781 0.0446128845214844
-0.0336570739746094 -0.0558624267578125 0.0497703552246094 0.0612030029296875
-0.0184402465820312 -0.0614356994628906 0.0219879150390625 0.0820388793945313
0.0222320556640625 -0.0667533874511719 -0.00830841064453126 0.0755767822265625
0.0594100952148437 -0.0355682373046875 -0.0425338745117188 0.0412940979003906
0.0689735412597656 0.0411567687988281 -0.0416450500488281 -0.00423812866210937
0.0251617431640625 0.07275390625 0.0184898376464844 0.00576972961425782
-0.0254669189453125 0.0721893310546875 0.00396728515624999 0.110649108886719
0.050933837890625 -0.00957107543945312 -0.00928497314453125 -0.124740600585937
0.00843048095703125 -0.0445404052734375 -0.0221729278564453 -0.0196418762207031
-0.0298690795898437 -0.0314884185791016 0.0488128662109375 0.00933074951171875
-0.0351715087890625 0.0040435791015625 0.0658950805664063 -0.0448417663574219
-0.0212345123291016 0.0254344940185547 0.024078369140625 -0.0856399536132813
0.00396156311035156 0.03448486328125 -0.0270233154296875 -0.09326171875
0.00802993774414063 0.0278892517089844 -0.0658416748046875 -0.0710220336914063
0.00432777404785156 0.0239925384521484 -0.05938720703125 -0.0504074096679687
0.00232696533203125 0.0258979797363281 -0.0552711486816406 -0.03863525390625
-0.0131130218505859 0.0187568664550781 -0.0459709167480469 -0.040435791015625
-0.0240364074707031 -0.00121688842773438 -0.043212890625 -0.0435028076171875
-0.0124111175537109 -0.0300865173339844 -0.0417404174804688 -0.0631141662597656
0.0241355895996094 -0.0359420776367188 -0.030975341796875 -0.0854339599609375
0.0532150268554688 -0.0136184692382813 -0.05267333984375 -0.114204406738281
0.0610084533691406 0.0143089294433594 -0.0687408447265625 -0.14398193359375
0.0705032348632813 0.049072265625 0.0116424560546875 -0.125701904296875
0.0439109802246094 -0.00872421264648438 -0.012176513671875 -0.0226268768310547
0.0211391448974609 -0.0241012573242188 0.0577354431152344 0.0163612365722656
-0.00142478942871094 -0.0199127197265625 0.0783157348632813 -0.0431747436523437
-0.00741863250732422 -0.0105390548706055 0.03814697265625 -0.0911407470703125
-0.0108413696289063 0.000153541564941405 -0.0237274169921875 -0.101470947265625
-0.0184955596923828 -0.000131607055664061 -0.0660247802734375 -0.0753936767578125
-0.0161352157592773 -0.00465869903564453 -0.0581245422363281 -0.0483741760253906
-0.0203704833984375 -0.00382804870605468 -0.0547103881835937 -0.0368576049804688
-0.0197544097900391 -0.0143356323242187 -0.0476341247558594 -0.0350990295410156
-0.0079498291015625 -0.0322284698486328 -0.0429191589355469 -0.0366477966308594
0.0227737426757813 -0.0433540344238281 -0.0430145263671875 -0.0557212829589844
0.0650215148925781 -0.0134315490722656 -0.0351104736328125 -0.0736541748046875
0.0820999145507813 0.0249862670898438 -0.0542526245117187 -0.100456237792969
0.0749893188476563 0.0712814331054687 -0.0619735717773437 -0.126823425292969
0.0750045776367187 0.1048583984375 0.0374221801757813 -0.105842590332031
0.0707778930664063 0.0379486083984375 0.0037374496459961 -0.0128498077392578
0.0743408203125 -0.002197265625 0.0664787292480469 0.0305404663085938
0.0423965454101563 -0.03668212890625 0.091705322265625 -0.0315628051757813
0.0148506164550781 -0.0456809997558594 0.054718017578125 -0.0841217041015625
-0.0190391540527344 -0.0372314453125 -0.0127716064453125 -0.100532531738281
-0.0398712158203125 -0.0300941467285156 -0.0560531616210937 -0.0710906982421875
-0.0344009399414063 -0.0332851409912109 -0.04803466796875 -0.0386962890625
-0.042083740234375 -0.0324211120605469 -0.0465545654296875 -0.0264244079589844
-0.0292701721191406 -0.0435523986816406 -0.0439529418945313 -0.0210075378417969
0.000553131103515627 -0.062164306640625 -0.0418319702148438 -0.0200729370117187
0.0463943481445313 -0.0611915588378906 -0.0460319519042969 -0.0416793823242188
0.099151611328125 -0.003875732421875 -0.0412864685058594 -0.0584564208984375
0.108207702636719 0.048828125 -0.0504913330078125 -0.0817718505859375
0.0849075317382812 0.112808227539063 -0.0506210327148437 -0.0934906005859375
0.063568115234375 0.14605712890625 0.060302734375 -0.0642585754394531
0.0805130004882813 0.08563232421875 0.0216026306152344 0.0107688903808594
0.116943359375 0.0309371948242188 0.070770263671875 0.0502777099609375
0.0866775512695313 -0.0407638549804688 0.0985794067382812 -0.011138916015625
0.0432586669921875 -0.0709075927734375 0.0683097839355469 -0.0648880004882813
-0.01922607421875 -0.07037353515625 0.00159454345703126 -0.0862350463867188
-0.0526084899902344 -0.0570220947265625 -0.038299560546875 -0.05792236328125
-0.04632568359375 -0.0571708679199219 -0.0315742492675781 -0.02349853515625
-0.0590095520019531 -0.0541534423828125 -0.0317001342773438 -0.0110301971435547
-0.0397872924804688 -0.0657806396484375 -0.0344638824462891 -0.000652313232421886
0.00266265869140626 -0.0862197875976563 -0.0356826782226563 0.000656127929687488
0.0591812133789063 -0.077484130859375 -0.0461692810058594 -0.0219268798828125
0.120697021484375 -0.0028076171875 -0.0443115234375 -0.0424041748046875
0.122940063476563 0.0610809326171875 -0.0391998291015625 -0.0622367858886719
0.084625244140625 0.136581420898438 -0.0348663330078125 -0.0508232116699219
0.0409698486328125 0.1607666015625 0.0759735107421875 -0.00849151611328124
0.0712966918945313 0.1182861328125 0.0365943908691406 0.0433921813964844
0.133110046386719 0.0660324096679688 0.0670089721679688 0.0703277587890625
0.115470886230469 -0.0303726196289063 0.095611572265625 0.0156402587890625
0.0672454833984375 -0.080596923828125 0.0738601684570313 -0.0353469848632813
-0.0126190185546875 -0.0908889770507813 0.0168037414550781 -0.0603218078613281
-0.0565185546875 -0.0739364624023437 -0.0159111022949219 -0.0373725891113281
-0.051239013671875 -0.0716629028320312 -0.0101327896118164 -0.00444412231445313
-0.0682182312011719 -0.0681953430175781 -0.0110893249511719 0.00780963897705078
-0.0458984375 -0.0790634155273438 -0.0197010040283203 0.0213031768798828
0.0035552978515625 -0.100105285644531 -0.0256805419921875 0.0215740203857422
0.06488037109375 -0.084228515625 -0.0432319641113281 -0.00342178344726562
0.126785278320313 0.00096893310546875 -0.0433769226074219 -0.0277557373046875
0.12054443359375 0.0694198608398438 -0.02105712890625 -0.0436515808105469
0.0721588134765625 0.142837524414063 -0.0167407989501953 -0.00473594665527343
0.01385498046875 0.145614624023438 0.0840072631835938 0.0490951538085938
0.045013427734375 0.125076293945313 0.0466079711914063 0.0767440795898438
0.11712646484375 0.0876998901367188 0.05792236328125 0.0833282470703125
0.118156433105469 -0.0116806030273438 0.0817947387695313 0.03900146484375
0.0768966674804688 -0.0716400146484375 0.0681076049804688 -0.0032196044921875
-0.00432586669921875 -0.0938796997070312 0.0281600952148437 -0.0284175872802734
-0.0524368286132813 -0.077728271484375 0.00850677490234375 -0.0117225646972656
-0.049713134765625 -0.07421875 0.0124626159667969 0.0147628784179687
-0.0675125122070313 -0.0730514526367188 0.0117359161376953 0.0267143249511719
-0.0447311401367188 -0.082305908203125 -0.00246429443359375 0.0433845520019531
0.00759124755859374 -0.101081848144531 -0.0150032043457031 0.04107666015625
0.0671234130859375 -0.0780258178710938 -0.0396919250488281 0.014068603515625
0.119529724121094 0.012359619140625 -0.0413360595703125 -0.0168037414550781
0.100616455078125 0.0762786865234375 -0.00233268737792968 -0.0269832611083984
0.047088623046875 0.133796691894531 -0.000545501708984372 0.0391616821289063
-0.0140762329101562 0.103729248046875 0.085235595703125 0.09783935546875
0.011810302734375 0.104255676269531 0.0517654418945313 0.103958129882813
0.0775985717773437 0.0879287719726563 0.0459747314453125 0.0871963500976563
0.0955276489257813 0.0066070556640625 0.0642929077148438 0.0557060241699219
0.069732666015625 -0.05035400390625 0.0574913024902344 0.0221710205078125
0.003173828125 -0.0793533325195313 0.0359153747558594 0.0023193359375
-0.0400466918945313 -0.069610595703125 0.0308856964111328 0.0117034912109375
-0.0392684936523437 -0.0669212341308594 0.0342082977294922 0.0314979553222656
-0.0559005737304688 -0.067779541015625 0.0335540771484375 0.0444297790527344
-0.0347671508789063 -0.0761337280273438 0.0128097534179687 0.0636405944824219
0.0143508911132813 -0.08941650390625 -0.00846481323242187 0.0589752197265625
0.065887451171875 -0.0618362426757813 -0.0382728576660156 0.0295372009277344
0.100387573242188 0.0274124145507813 -0.0403404235839844 -0.00921249389648438
0.0670700073242188 0.0788421630859375 0.0118980407714844 -0.0113000869750977
0.0134124755859375 0.110702514648438 0.0079345703125 0.0784378051757813
-0.0387535095214844 0.0447769165039062 0.0807876586914063 0.126792907714844
-0.0194015502929688 0.0624771118164063 0.0537261962890625 0.116668701171875
0.02886962890625 0.0666999816894531 0.0369415283203125 0.0831832885742187
0.0561676025390625 0.0180892944335938 0.0489616394042969 0.0621566772460938
0.0483055114746094 -0.0237655639648438 0.0464134216308594 0.0381889343261719
0.00782394409179687 -0.0519142150878906 0.040802001953125 0.0239944458007812
-0.0221824645996094 -0.0496788024902344 0.0474205017089844 0.0295600891113281
-0.0233421325683594 -0.049468994140625 0.0504989624023438 0.0437049865722656
-0.0349349975585937 -0.0537071228027344 0.0502433776855469 0.0598602294921875
-0.0199050903320312 -0.0593719482421875 0.02227783203125 0.0812759399414063
0.0200920104980469 -0.0665702819824219 -0.0079803466796875 0.0741043090820313
0.0572128295898437 -0.0368003845214844 -0.0419769287109375 0.0407295227050781
0.0690422058105469 0.0395965576171875 -0.0425376892089844 -0.00391387939453125
0.0255355834960938 0.071533203125 0.0182437896728516 0.00396728515625
-0.023895263671875 0.072174072265625 0.00502777099609374 0.107994079589844
0.0507431030273438 -0.010650634765625 -0.0106277465820313 -0.125312805175781
0.00867462158203125 -0.0446929931640625 -0.0225276947021484 -0.0180759429931641
-0.0308723449707031 -0.0307559967041016 0.0506439208984375 0.0098419189453125
-0.0362167358398437 0.0041351318359375 0.0670280456542969 -0.0453834533691406
-0.0215187072753906 0.0262928009033203 0.02484130859375 -0.0855178833007813
0.00440025329589844 0.0344429016113281 -0.026885986328125 -0.0946426391601562
0.00892829895019531 0.0279026031494141 -0.0668411254882813 -0.0716476440429688
0.00475883483886719 0.0236434936523438 -0.06005859375 -0.0511550903320313
0.00269699096679687 0.0254707336425781 -0.0559539794921875 -0.0389213562011719
-0.0121479034423828 0.0189266204833984 -0.0464324951171875 -0.0409011840820313
-0.0233993530273437 -0.000341415405273433 -0.0441741943359375 -0.0445938110351563
-0.0129737854003906 -0.0301609039306641 -0.0425796508789062 -0.0645713806152344
0.0242462158203125 -0.0365524291992188 -0.0304107666015625 -0.0859146118164062
0.0531692504882813 -0.0144996643066406 -0.0524826049804688 -0.115379333496094
0.0611686706542969 0.0136756896972656 -0.0699462890625 -0.14544677734375
0.0713958740234375 0.0489730834960938 0.0105438232421875 -0.127166748046875
0.0442161560058594 -0.00833892822265625 -0.0132503509521484 -0.0214633941650391
0.0206584930419922 -0.0238723754882813 0.0588912963867188 0.0170745849609375
-0.00186729431152344 -0.0194282531738281 0.0802154541015625 -0.0433273315429688
-0.00828933715820313 -0.0102901458740234 0.0389938354492188 -0.09149169921875
-0.0107202529907227 0.00104427337646484 -0.0241165161132813 -0.102691650390625
-0.0177383422851562 -0.000286102294921877 -0.06634521484375 -0.0754852294921875
-0.0158758163452148 -0.00480937957763672 -0.0587539672851563 -0.0487174987792969
-0.0201320648193359 -0.00436019897460938 -0.0555343627929687 -0.0370864868164063
-0.0188655853271484 -0.0136642456054688 -0.0481147766113281 -0.0362358093261719
-0.00775718688964844 -0.0315742492675781 -0.0440902709960937 -0.0368461608886719
0.0223426818847656 -0.0434150695800781 -0.0443992614746094 -0.0575485229492187
0.0646896362304688 -0.0140151977539063 -0.0354080200195312 -0.0747299194335937
0.0819854736328125 0.0244216918945313 -0.0543289184570313 -0.101524353027344
0.0760574340820312 0.07147216796875 -0.0621795654296875 -0.128547668457031
0.0761489868164063 0.105171203613281 0.0362319946289063 -0.106735229492188
0.0711898803710938 0.0387496948242188 0.00192737579345704 -0.0113611221313477
0.0753860473632813 -0.00234222412109375 0.0674324035644531 0.0318145751953125
0.0425071716308594 -0.0373954772949219 0.0934906005859375 -0.0322799682617188
0.0149307250976563 -0.0463829040527344 0.0552902221679688 -0.08551025390625
-0.0188217163085938 -0.0371818542480469 -0.0127182006835938 -0.101173400878906
-0.0395393371582031 -0.029266357421875 -0.0568618774414062 -0.0712509155273438
-0.0342998504638672 -0.0336532592773437 -0.0483360290527344 -0.0393714904785156
-0.0420913696289063 -0.0320549011230469 -0.0473594665527344 -0.0267868041992188
-0.02886962890625 -0.0433197021484375 -0.0446929931640625 -0.0208015441894531
0.000335693359374997 -0.0619735717773438 -0.0425033569335938 -0.0207366943359375
0.0462837219238281 -0.0614051818847656 -0.0473709106445313 -0.042572021484375
0.0993499755859375 -0.004486083984375 -0.0416030883789062 -0.0593795776367188
0.1083984375 0.0493621826171875 -0.0511093139648438 -0.0830612182617187
0.08551025390625 0.113723754882813 -0.0516815185546875 -0.0947265625
0.0654144287109375 0.14642333984375 0.0593528747558594 -0.064361572265625
0.080902099609375 0.086822509765625 0.0196151733398438 0.0117225646972656
0.118217468261719 0.0304412841796875 0.0726852416992188 0.0518798828125
0.0869979858398438 -0.041900634765625 0.100967407226563 -0.0114212036132813
0.0429611206054688 -0.0724105834960937 0.0696296691894531 -0.0657501220703125
-0.0189895629882812 -0.0708999633789063 0.00184631347656249 -0.0862884521484375
-0.0536003112792969 -0.0556068420410156 -0.0381813049316406 -0.0575675964355469
-0.0480499267578125 -0.0572395324707031 -0.0312099456787109 -0.0233745574951172
-0.0596466064453125 -0.0542488098144531 -0.0319766998291016 -0.0103340148925781
-0.0394477844238281 -0.0652008056640625 -0.0345497131347656 -0.000625610351562508
0.0017852783203125 -0.0862808227539062 -0.0360679626464844 0.000205993652343739
0.0591201782226562 -0.078216552734375 -0.0476570129394531 -0.0236473083496094
0.12152099609375 -0.00353240966796875 -0.0452003479003906 -0.0431938171386719
0.123191833496094 0.0616226196289062 -0.0396881103515625 -0.0629844665527344
0.0865631103515625 0.137809753417969 -0.0361137390136719 -0.0512580871582031
0.042144775390625 0.161651611328125 0.0754852294921875 -0.00894165039062499
0.071441650390625 0.120307922363281 0.034698486328125 0.0443305969238281
0.13525390625 0.06610107421875 0.068878173828125 0.0719451904296875
0.116218566894531 -0.030853271484375 0.0970840454101563 0.015899658203125
0.066925048828125 -0.0821533203125 0.0744781494140625 -0.0359115600585938
-0.0128250122070312 -0.0916366577148438 0.0171356201171875 -0.0600395202636719
-0.0584259033203125 -0.07244873046875 -0.0158195495605469 -0.036651611328125
-0.0530929565429687 -0.0718994140625 -0.00955772399902344 -0.00453853607177735
-0.0697479248046875 -0.0681838989257813 -0.0116386413574219 0.00839519500732422
-0.0463180541992188 -0.0787887573242188 -0.0202007293701172 0.0221805572509766
0.00311279296874999 -0.100425720214844 -0.0271110534667969 0.0213851928710938
0.0648117065429688 -0.0851516723632813 -0.044586181640625 -0.00392532348632813
0.127899169921875 0.00043487548828125 -0.0449485778808594 -0.0291938781738281
0.121116638183594 0.0695419311523438 -0.0218658447265625 -0.0445060729980469
0.073760986328125 0.144256591796875 -0.0176811218261719 -0.00492286682128906
0.014862060546875 0.148040771484375 0.0833740234375 0.049835205078125
0.0456085205078125 0.126960754394531 0.045379638671875 0.0784225463867188
0.119430541992187 0.0878524780273438 0.0594635009765625 0.0850906372070313
0.119560241699219 -0.0120925903320313 0.0829696655273438 0.040283203125
0.0775375366210938 -0.0734176635742188 0.0695419311523437 -0.00384521484375
-0.00496673583984375 -0.0941543579101562 0.0282058715820313 -0.0273609161376953
-0.0534820556640625 -0.0764312744140625 0.0087747573852539 -0.0115680694580078
-0.0507354736328125 -0.0747222900390625 0.0140037536621094 0.0149402618408203
-0.0685882568359375 -0.0718231201171875 0.0118465423583984 0.0278148651123047
-0.0449295043945313 -0.0817489624023437 -0.00252151489257812 0.0441474914550781
0.00638580322265624 -0.101791381835938 -0.0156173706054687 0.0412406921386719
0.0672454833984375 -0.0797653198242188 -0.0408744812011719 0.0139808654785156
0.12103271484375 0.0116348266601563 -0.0428314208984375 -0.0176582336425781
0.100799560546875 0.0755615234375 -0.00346946716308593 -0.0279808044433594
0.0489501953125 0.135444641113281 -0.00103759765625 0.0389747619628906
-0.013763427734375 0.105262756347656 0.0852737426757812 0.097412109375
0.0117568969726563 0.1053466796875 0.0511398315429688 0.104049682617188
0.0794754028320313 0.0883407592773438 0.047027587890625 0.0889663696289063
0.0965194702148438 0.005828857421875 0.0649566650390625 0.0568008422851563
0.070037841796875 -0.0519676208496094 0.0585746765136719 0.0225677490234375
0.00245666503906249 -0.0792922973632813 0.0363349914550781 0.00285720825195312
-0.0419197082519531 -0.0686187744140625 0.03143310546875 0.0121688842773437
-0.0410423278808594 -0.0671272277832031 0.0351715087890625 0.0313873291015625
-0.0570106506347656 -0.067535400390625 0.0336227416992187 0.0455360412597656
-0.0357742309570313 -0.075164794921875 0.0126914978027344 0.0643768310546875
0.0127029418945312 -0.0905685424804688 -0.00864791870117187 0.0594444274902344
0.0660743713378906 -0.0623207092285156 -0.039825439453125 0.0293159484863281
0.101333618164063 0.0274276733398438 -0.0418128967285156 -0.00951385498046874
0.0674896240234375 0.0793533325195313 0.0111331939697266 -0.0123081207275391
0.01397705078125 0.112045288085937 0.00836944580078126 0.0784683227539063
-0.0393905639648437 0.0451812744140625 0.0812301635742188 0.1265869140625
-0.0195770263671875 0.0641288757324219 0.052886962890625 0.117034912109375
0.0302467346191406 0.0673141479492188 0.0371551513671875 0.08380126953125
0.0570259094238281 0.0173568725585938 0.0493965148925781 0.0631523132324219
0.0482330322265625 -0.0250434875488281 0.0471687316894531 0.0382766723632813
0.00697708129882813 -0.0516204833984375 0.0407638549804687 0.0248336791992187
-0.0228080749511719 -0.049407958984375 0.0479736328125 0.0302772521972656
-0.0241966247558594 -0.0501022338867187 0.0522804260253906 0.0435104370117187
-0.0363311767578125 -0.0530509948730469 0.0510902404785156 0.0613327026367188
-0.0202751159667969 -0.0588111877441406 0.0225906372070313 0.0823898315429687
0.0189056396484375 -0.0673103332519531 -0.0083770751953125 0.0746612548828125
0.0577316284179688 -0.0371513366699219 -0.0432052612304687 0.0413398742675781
0.0706863403320313 0.0399398803710938 -0.0438003540039062 -0.00487518310546874
0.0259323120117188 0.0724945068359375 0.0174989700317383 0.00277996063232422
-0.0224609375 0.0730667114257813 0.00586700439453124 0.108207702636719
0.0520057678222656 -0.0119819641113281 -0.0130996704101562 -0.128700256347656
0.00769805908203125 -0.04632568359375 -0.0236167907714844 -0.0167160034179688
-0.0324573516845703 -0.0312175750732422 0.0518531799316406 0.010223388671875
-0.0376052856445313 0.00521087646484375 0.0695724487304687 -0.0469398498535156
-0.0216064453125 0.0277652740478516 0.0259017944335938 -0.0890121459960938
0.00566482543945312 0.0357704162597656 -0.028228759765625 -0.0978927612304687
0.0108222961425781 0.0278759002685547 -0.0694732666015625 -0.073394775390625
0.00560188293457031 0.0236873626708984 -0.0631752014160156 -0.0519981384277344
0.00351333618164062 0.0251102447509766 -0.0587348937988281 -0.0396537780761719
-0.0111408233642578 0.0187702178955078 -0.0490074157714844 -0.0420799255371094
-0.0229358673095703 0.000238418579101562 -0.0469970703125 -0.04608154296875
-0.0143756866455078 -0.030975341796875 -0.0454864501953125 -0.0664291381835938
0.0239181518554688 -0.037200927734375 -0.0306396484375 -0.0885162353515625
0.0543861389160156 -0.0154457092285156 -0.0539474487304688 -0.117500305175781
0.0634841918945313 0.0130882263183594 -0.073883056640625 -0.149078369140625
0.0736846923828125 0.0487899780273438 0.00778198242187501 -0.130691528320313
0.0448799133300781 -0.00891494750976563 -0.0149364471435547 -0.0202121734619141
0.0207481384277344 -0.0246524810791016 0.061431884765625 0.0177001953125
-0.00327682495117188 -0.0193138122558594 0.0831298828125 -0.04541015625
-0.00887012481689453 -0.0101776123046875 0.040008544921875 -0.0939254760742188
-0.00983238220214844 0.00117111206054688 -0.0250778198242187 -0.105239868164063
-0.0172605514526367 0.000408172607421875 -0.0692825317382812 -0.0771942138671875
-0.0166893005371094 -0.00580692291259765 -0.0613136291503906 -0.0504150390625
-0.0204067230224609 -0.00445747375488281 -0.05841064453125 -0.0381736755371094
-0.0186500549316406 -0.0143756866455078 -0.0503578186035156 -0.0364799499511719
-0.00776481628417969 -0.0319671630859375 -0.0463485717773438 -0.0383338928222656
0.0221519470214844 -0.0452537536621094 -0.0469322204589844 -0.0594482421875
0.0661125183105469 -0.0151214599609375 -0.0365142822265625 -0.0769119262695313
0.0846023559570313 0.0242767333984375 -0.0560226440429688 -0.103904724121094
0.0798492431640625 0.0725860595703125 -0.0665740966796875 -0.132537841796875
0.080230712890625 0.106681823730469 0.033966064453125 -0.1102294921875
0.0734786987304688 0.0398406982421875 0.00084781646728516 -0.00991535186767578
0.0777816772460937 -0.00397491455078125 0.0715866088867188 0.0327911376953125
0.0424423217773438 -0.0385780334472656 0.0966720581054688 -0.0335464477539062
0.01446533203125 -0.047210693359375 0.0570831298828125 -0.0882797241210938
-0.0197944641113281 -0.0374259948730469 -0.0140151977539063 -0.103675842285156
-0.0400810241699219 -0.02947998046875 -0.0592575073242188 -0.0728225708007813
-0.0356903076171875 -0.0346908569335938 -0.0502204895019531 -0.0402374267578125
-0.0434188842773438 -0.0324211120605469 -0.0494422912597656 -0.027008056640625
-0.0298233032226562 -0.0441551208496094 -0.0466232299804688 -0.0213203430175781
-0.000591278076171872 -0.0626983642578125 -0.0448875427246094 -0.0210494995117188
0.0470771789550781 -0.0642127990722656 -0.0505638122558594 -0.044647216796875
0.102310180664063 -0.0059051513671875 -0.0433158874511719 -0.0618362426757812
0.111518859863281 0.049407958984375 -0.0537796020507813 -0.0855255126953125
0.0904388427734375 0.116462707519531 -0.0546493530273437 -0.0976028442382812
0.0699615478515625 0.150665283203125 0.0593719482421875 -0.0673751831054687
0.0847625732421875 0.0899810791015625 0.0191249847412109 0.0131511688232422
0.123283386230469 0.0304336547851562 0.0762557983398438 0.0528488159179688
0.0882110595703125 -0.0439682006835938 0.104026794433594 -0.0116500854492188
0.0425491333007813 -0.0756912231445313 0.0712738037109375 -0.0683746337890625
-0.0201339721679688 -0.0718536376953125 0.000938415527343747 -0.088653564453125
-0.0551071166992188 -0.0555267333984375 -0.0406646728515625 -0.059661865234375
-0.0497970581054687 -0.0579566955566406 -0.0322589874267578 -0.0246238708496094
-0.0622215270996094 -0.0545692443847656 -0.0332431793212891 -0.0101509094238281
-0.0409202575683594 -0.0662193298339844 -0.0366744995117188 0.000411987304687496
0.000656127929687492 -0.0882415771484375 -0.0382041931152344 -0.000244140625000013
0.0603103637695313 -0.0815505981445313 -0.0511054992675781 -0.0247993469238281
0.125518798828125 -0.0047607421875 -0.0478782653808594 -0.0450477600097656
0.126846313476563 0.0622100830078125 -0.0418968200683594 -0.0650520324707031
0.091461181640625 0.141708374023438 -0.0378341674804687 -0.0532760620117187
0.0466156005859375 0.16693115234375 0.0764694213867188 -0.0101394653320312
0.0750350952148438 0.124366760253906 0.0343132019042969 0.0461845397949219
0.141281127929688 0.065704345703125 0.0729598999023438 0.0735321044921875
0.119873046875 -0.0336532592773438 0.100372314453125 0.0154876708984375
0.068084716796875 -0.0858688354492188 0.0771331787109375 -0.0374679565429688
-0.0141754150390625 -0.0928497314453125 0.0164909362792969 -0.0615501403808594
-0.060577392578125 -0.0727081298828125 -0.0162544250488281 -0.037689208984375
-0.0561752319335938 -0.0731430053710938 -0.00927925109863282 -0.00543975830078125
-0.0730972290039062 -0.068267822265625 -0.0111598968505859 0.00944995880126953
-0.0479965209960938 -0.078887939453125 -0.020050048828125 0.0238227844238281
0.00117492675781251 -0.102943420410156 -0.0276508331298828 0.0218658447265625
0.065765380859375 -0.08892822265625 -0.047027587890625 -0.00446319580078126
0.132354736328125 -0.00081634521484375 -0.0477066040039062 -0.0298385620117187
0.124969482421875 0.0701446533203125 -0.0228271484375 -0.0466384887695312
0.0784912109375 0.148727416992188 -0.0184364318847656 -0.00584220886230468
0.0171966552734375 0.1522216796875 0.085784912109375 0.0498886108398438
0.0473098754882813 0.130760192871094 0.0453872680664063 0.0803756713867188
0.125022888183594 0.089569091796875 0.062286376953125 0.0869293212890625
0.122657775878906 -0.0142440795898438 0.0866241455078125 0.041046142578125
0.0787582397460938 -0.077880859375 0.0721359252929688 -0.0047760009765625
-0.00594329833984376 -0.0959625244140625 0.0287227630615234 -0.0279541015625
-0.0563201904296875 -0.0769577026367187 0.0091094970703125 -0.0120973587036133
-0.05389404296875 -0.0764617919921875 0.0147132873535156 0.0139427185058594
-0.0720596313476563 -0.0721359252929688 0.0128440856933594 0.0292091369628906
-0.0473251342773437 -0.0824508666992188 -0.00150680541992187 0.0459709167480469
0.0050201416015625 -0.103599548339844 -0.0158805847167969 0.0423393249511719
0.0680999755859375 -0.0821533203125 -0.0429344177246094 0.0144729614257813
0.125259399414062 0.0104293823242187 -0.0448799133300781 -0.0177536010742188
0.105003356933594 0.077117919921875 -0.00358200073242187 -0.0299816131591797
0.0519638061523437 0.139297485351563 -0.000919342041015623 0.0393028259277344
-0.0134506225585937 0.10919189453125 0.0878829956054688 0.0997085571289062
0.0133438110351562 0.109535217285156 0.051544189453125 0.107040405273437
0.0841445922851563 0.0898818969726563 0.0492324829101563 0.0914077758789063
0.0991058349609375 0.00496673583984375 0.0678596496582031 0.0580558776855469
0.0710906982421875 -0.0551910400390625 0.0612220764160156 0.0229148864746094
0.00173187255859375 -0.0815277099609375 0.0373687744140625 0.002777099609375
-0.04376220703125 -0.0684585571289062 0.0322818756103516 0.0116119384765625
-0.0435791015625 -0.068878173828125 0.0377731323242188 0.0312576293945312
-0.0602340698242187 -0.0679931640625 0.0360603332519531 0.0470237731933594
-0.0382614135742188 -0.0763397216796875 0.0134658813476562 0.0664749145507813
0.0110244750976562 -0.092559814453125 -0.00887680053710937 0.0604400634765625
0.0674285888671875 -0.0653953552246094 -0.0411796569824219 0.0297279357910156
0.105293273925781 0.0262451171875 -0.0446357727050781 -0.00989532470703125
0.0696487426757812 0.081268310546875 0.0119533538818359 -0.0138530731201172
0.016357421875 0.114952087402344 0.0090789794921875 0.0803909301757813
-0.0401840209960938 0.0475044250488281 0.0854110717773437 0.130050659179688
-0.0199012756347656 0.0660133361816406 0.055084228515625 0.119308471679687
0.0323219299316406 0.0689544677734375 0.038604736328125 0.0859527587890625
0.0586357116699219 0.0171012878417969 0.0517044067382813 0.0648231506347656
0.04962158203125 -0.0270195007324219 0.0492668151855469 0.039703369140625
0.00696563720703125 -0.053131103515625 0.0421676635742188 0.0254173278808594
-0.0249481201171875 -0.0494003295898438 0.0502471923828125 0.03021240234375
-0.0270118713378906 -0.0503044128417969 0.0545883178710937 0.0444297790527344
-0.0387229919433594 -0.0543785095214844 0.0538825988769531 0.0627555847167969
-0.0223007202148437 -0.0601234436035156 0.0241165161132813 0.0848770141601563
0.0181961059570313 -0.0697517395019531 -0.00812530517578124 0.0762863159179688
0.0585746765136719 -0.0389633178710938 -0.0448493957519531 0.0424995422363281
0.073333740234375 0.0396347045898437 -0.0463218688964844 -0.00497055053710938
0.0274200439453125 0.0744400024414063 0.0176544189453125 0.00133132934570313
-0.0226974487304688 0.0756912231445313 0.00697326660156249 0.111862182617187
0.0534477233886719 -0.0154190063476563 -0.0189437866210937 -0.132240295410156
0.00607681274414063 -0.0484962463378906 -0.0248298645019531 -0.0149383544921875
-0.0343990325927734 -0.0307369232177734 0.0556297302246094 0.00883865356445312
-0.0389556884765625 0.00827407836914062 0.0708847045898438 -0.051177978515625
-0.0212821960449219 0.0305118560791016 0.0247039794921875 -0.0924453735351563
0.007904052734375 0.0366287231445313 -0.03167724609375 -0.101058959960938
0.0129604339599609 0.0277099609375 -0.0747909545898438 -0.0735092163085938
0.0068206787109375 0.0239353179931641 -0.0681800842285156 -0.052093505859375
0.00490188598632812 0.0260467529296875 -0.0634498596191406 -0.0398368835449219
-0.00972557067871094 0.0199642181396484 -0.0528335571289063 -0.0422286987304687
-0.0238437652587891 0.000734329223632818 -0.0510368347167969 -0.047149658203125
-0.0167655944824219 -0.0313262939453125 -0.0499343872070312 -0.067535400390625
0.0228919982910156 -0.0394706726074219 -0.0339202880859375 -0.0918121337890625
0.0558586120605469 -0.0178413391113281 -0.0591278076171875 -0.120918273925781
0.0661048889160156 0.010894775390625 -0.081634521484375 -0.152191162109375
0.0786590576171875 0.04669189453125 0.00163269042968752 -0.134635925292969
0.0463218688964844 -0.011077880859375 -0.0161857604980469 -0.0188446044921875
0.0213165283203125 -0.0266036987304688 0.0661163330078125 0.0164146423339844
-0.00333786010742187 -0.0195751190185547 0.0848236083984375 -0.0492706298828125
-0.0096139907836914 -0.00923442840576172 0.03839111328125 -0.0990447998046875
-0.00985431671142578 0.00185203552246094 -0.0286026000976562 -0.108642578125
-0.016571044921875 0.00113391876220703 -0.0746078491210937 -0.0776748657226563
-0.0169963836669922 -0.004852294921875 -0.0655441284179688 -0.0501365661621094
-0.02099609375 -0.00356864929199219 -0.0623016357421875 -0.037506103515625
-0.0193519592285156 -0.0143604278564453 -0.0535736083984375 -0.0362777709960938
-0.00873565673828125 -0.0319862365722656 -0.0507278442382813 -0.0387496948242187
0.0212631225585938 -0.0475692749023438 -0.051177978515625 -0.0602035522460938
0.0675735473632813 -0.01739501953125 -0.039306640625 -0.078948974609375
0.088348388671875 0.0227737426757813 -0.0618133544921875 -0.106353759765625
0.0854339599609375 0.0724105834960937 -0.0739364624023437 -0.135086059570313
0.087615966796875 0.108161926269531 0.0302047729492188 -0.116050720214844
0.0771865844726563 0.0394668579101563 -0.00120162963867187 -0.00911331176757812
0.0805282592773438 -0.00638580322265625 0.0768661499023438 0.0318222045898438
0.042510986328125 -0.0407028198242187 0.0997314453125 -0.0377731323242188
0.0123558044433594 -0.0499534606933594 0.0563507080078125 -0.0937118530273438
-0.0207862854003906 -0.0369415283203125 -0.0179443359375 -0.107284545898438
-0.04241943359375 -0.0283355712890625 -0.0642623901367188 -0.0727691650390625
-0.0386123657226563 -0.0347061157226563 -0.05340576171875 -0.0400390625
-0.0461006164550781 -0.0316658020019531 -0.0528678894042969 -0.0260276794433594
-0.0313339233398438 -0.043487548828125 -0.0490226745605469 -0.0200996398925781
-0.00234603881835938 -0.0645332336425781 -0.0477828979492188 -0.0207290649414062
0.0466766357421875 -0.0683059692382812 -0.0553703308105469 -0.0446128845214844
0.105270385742188 -0.009796142578125 -0.0468063354492187 -0.0626907348632813
0.116668701171875 0.0476226806640625 -0.0580215454101563 -0.08734130859375
0.0987777709960938 0.117988586425781 -0.0608062744140625 -0.09912109375
0.0780487060546875 0.153350830078125 0.057830810546875 -0.0722503662109375
0.09075927734375 0.0908889770507813 0.0186691284179688 0.0148410797119141
0.130119323730469 0.026092529296875 0.082733154296875 0.052520751953125
0.090545654296875 -0.0486297607421875 0.108047485351563 -0.0152587890625
0.0410079956054687 -0.0803680419921875 0.0716323852539063 -0.0733642578125
-0.0234298706054687 -0.0727310180664063 -0.000885009765624995 -0.0911102294921875
-0.0585250854492187 -0.0538864135742188 -0.0439071655273438 -0.0595741271972656
-0.0533485412597656 -0.0586662292480469 -0.0338172912597656 -0.0247611999511719
-0.0666923522949219 -0.0532569885253906 -0.0352630615234375 -0.0089111328125
-0.0446586608886719 -0.0660133361816406 -0.0379600524902344 0.00165939331054688
-0.00276947021484374 -0.0911483764648438 -0.0410423278808594 0.000698089599609363
0.0592803955078125 -0.0870361328125 -0.0550994873046875 -0.0241470336914062
0.129928588867188 -0.00952911376953125 -0.0511856079101562 -0.0446815490722656
0.133079528808594 0.0600128173828125 -0.045745849609375 -0.0664291381835938
0.100189208984375 0.144424438476563 -0.0420074462890625 -0.0540313720703125
0.0545501708984375 0.1712646484375 0.0772628784179688 -0.0133590698242187
0.081451416015625 0.12713623046875 0.0355072021484375 0.0481643676757813
0.149978637695313 0.063446044921875 0.0801620483398438 0.0739822387695313
0.122451782226562 -0.0390243530273437 0.105293273925781 0.0134048461914062
0.0659332275390625 -0.092071533203125 0.0790023803710938 -0.0418472290039063
-0.018585205078125 -0.0952224731445313 0.0153961181640625 -0.0638389587402344
-0.06488037109375 -0.071136474609375 -0.0183258056640625 -0.0381355285644531
-0.0611801147460937 -0.0733718872070313 -0.00920104980468751 -0.00473785400390625
-0.0778427124023438 -0.0668716430664062 -0.0113992691040039 0.0109338760375977
-0.0521011352539062 -0.079132080078125 -0.0198764801025391 0.0257682800292969
-0.00385284423828126 -0.105445861816406 -0.0287342071533203 0.0234966278076172
0.0647735595703125 -0.0952911376953125 -0.0511322021484375 -0.00329971313476563
0.137931823730469 -0.005706787109375 -0.050537109375 -0.0291595458984375
0.13165283203125 0.0692062377929687 -0.0261001586914062 -0.0481338500976562
0.0870208740234375 0.152023315429688 -0.0199432373046875 -0.0053119659423828
0.024444580078125 0.15704345703125 0.0893936157226563 0.0480804443359375
0.0540084838867188 0.135238647460938 0.0481948852539062 0.082244873046875
0.134750366210938 0.0875244140625 0.0690155029296875 0.0889739990234375
0.126106262207031 -0.0188217163085938 0.090911865234375 0.0402984619140625
0.0786361694335938 -0.0842056274414063 0.0751953125 -0.00685882568359375
-0.010406494140625 -0.098602294921875 0.0292530059814453 -0.0296897888183594
-0.061187744140625 -0.0772628784179688 0.00925254821777343 -0.012171745300293
-0.0591583251953125 -0.07696533203125 0.0172891616821289 0.0141935348510742
-0.0782012939453125 -0.0711288452148438 0.0156993865966797 0.0304355621337891
-0.0511245727539062 -0.0818252563476563 -4.95910644531282E-05 0.0481071472167969
-0.00047302246093751 -0.107284545898438 -0.0169296264648437 0.0443458557128906
0.0670089721679687 -0.088836669921875 -0.0444107055664062 0.0160751342773438
0.130485534667969 0.00640869140625 -0.0481796264648437 -0.0169181823730469
0.110916137695313 0.076629638671875 -0.0053119659423828 -0.0315361022949219
0.059814453125 0.143234252929688 0.000625610351562506 0.0411720275878906
-0.00907135009765625 0.11376953125 0.0936660766601563 0.0998001098632813
0.0174179077148438 0.113235473632813 0.0556411743164063 0.108909606933594
0.091339111328125 0.090087890625 0.0544586181640625 0.0925369262695313
0.102409362792969 0.00136566162109375 0.0718536376953125 0.0578689575195313
0.0713882446289063 -0.0605087280273438 0.0649566650390625 0.0220832824707031
-0.00135040283203125 -0.0838623046875 0.03900146484375 0.00269317626953124
-0.0483283996582031 -0.0681304931640625 0.0344944000244141 0.0112838745117187
-0.04815673828125 -0.0694007873535156 0.0411415100097656 0.030548095703125
-0.0653495788574219 -0.0673828125 0.0391960144042969 0.0485877990722656
-0.0423431396484375 -0.076080322265625 0.0166854858398437 0.0699119567871094
0.00705718994140625 -0.0965499877929688 -0.00803375244140626 0.0625801086425781
0.0667343139648438 -0.0707550048828125 -0.0425186157226562 0.03179931640625
0.110923767089844 0.0235214233398437 -0.0470809936523437 -0.0083160400390625
0.075469970703125 0.0815353393554688 0.0105314254760742 -0.0155668258666992
0.0214691162109375 0.119773864746094 0.0125350952148438 0.0825881958007813
-0.0385513305664062 0.050537109375 0.0916519165039063 0.131637573242188
-0.0174980163574219 0.06988525390625 0.0595169067382813 0.121391296386719
0.0368232727050781 0.0702400207519531 0.0419158935546875 0.0881500244140625
0.0612068176269531 0.01519775390625 0.0561599731445313 0.0658607482910156
0.050048828125 -0.0302619934082031 0.0539512634277344 0.0397911071777344
0.00512313842773438 -0.0552253723144531 0.0449333190917969 0.0250778198242188
-0.0283355712890625 -0.0493354797363281 0.0527610778808594 0.029052734375
-0.0302085876464844 -0.0516090393066406 0.0591506958007813 0.0433921813964844
-0.0429916381835937 -0.0543212890625 0.0584259033203125 0.0636177062988281
-0.0252876281738281 -0.0611534118652344 0.0281524658203125 0.0878982543945313
0.0152053833007812 -0.0728225708007813 -0.00651550292968751 0.0795745849609375
0.0590667724609375 -0.0438346862792969 -0.0453758239746094 0.0447044372558594
0.0783462524414063 0.0382461547851563 -0.0491867065429687 -0.00447463989257812
0.0310440063476563 0.0764846801757813 0.0183696746826172 -0.000226974487304683
-0.0201873779296875 0.0791244506835937 0.011383056640625 0.113922119140625
0.0536537170410156 -0.01898193359375 -0.0282211303710937 -0.132476806640625
0.0035858154296875 -0.0489006042480469 -0.0262966156005859 -0.0121021270751953
-0.036895751953125 -0.0290718078613281 0.0571250915527344 0.00658416748046875
-0.0389289855957031 0.0111236572265625 0.0705795288085938 -0.0557708740234375
-0.0197391510009766 0.0338039398193359 0.0209426879882813 -0.0957794189453125
0.0120887756347656 0.0368385314941406 -0.0375747680664063 -0.10162353515625
0.0157508850097656 0.026153564453125 -0.0802459716796875 -0.0707168579101562
0.00921249389648438 0.0234870910644531 -0.0732040405273438 -0.0493545532226563
0.00648689270019531 0.0258655548095703 -0.0677261352539063 -0.0367507934570312
-0.0084228515625 0.019927978515625 -0.0571403503417969 -0.0405197143554688
-0.0234336853027344 0.0027923583984375 -0.0554580688476562 -0.0454750061035156
-0.0183086395263672 -0.0304317474365234 -0.0550041198730469 -0.0668792724609375
0.0198860168457031 -0.0417327880859375 -0.0385665893554688 -0.0926361083984375
0.0560836791992188 -0.0213546752929688 -0.0661544799804687 -0.120262145996094
0.0685882568359375 0.0069732666015625 -0.0924530029296875 -0.150115966796875
0.0831756591796875 0.042724609375 -0.00676727294921874 -0.137130737304688
0.0465278625488281 -0.0129203796386719 -0.0186367034912109 -0.0160484313964844
0.0200977325439453 -0.0278034210205078 0.0689010620117187 0.0131912231445312
-0.00539970397949219 -0.0189552307128906 0.0845565795898438 -0.0547866821289063
-0.0106296539306641 -0.00802135467529297 0.034576416015625 -0.103157043457031
-0.0084843635559082 0.00299310684204102 -0.034942626953125 -0.109420776367187
-0.0157279968261719 0.00181484222412109 -0.08062744140625 -0.0741348266601563
-0.0170831680297852 -0.00460338592529297 -0.07037353515625 -0.0476837158203125
-0.0213642120361328 -0.00239753723144532 -0.0662498474121094 -0.0341796875
-0.0190258026123047 -0.0127410888671875 -0.0574989318847656 -0.0338630676269531
-0.00966262817382813 -0.0317840576171875 -0.0545539855957031 -0.0364990234375
0.0186119079589844 -0.0495796203613281 -0.0572738647460938 -0.0594215393066406
0.0677108764648438 -0.0214080810546875 -0.04437255859375 -0.0793609619140625
0.090179443359375 0.01812744140625 -0.0679397583007813 -0.105453491210937
0.091705322265625 0.0691986083984375 -0.08367919921875 -0.1334228515625
0.0965347290039063 0.104446411132813 0.0226058959960938 -0.119071960449219
0.0814590454101563 0.0362701416015625 -0.00238466262817382 -0.00693893432617187
0.0829544067382813 -0.0119552612304688 0.080963134765625 0.0277099609375
0.0408363342285156 -0.0435905456542969 0.0998382568359375 -0.0437698364257813
0.00951004028320313 -0.0515708923339844 0.0527191162109375 -0.098602294921875
-0.0227203369140625 -0.0356292724609375 -0.0235214233398437 -0.108024597167969
-0.0433540344238281 -0.0257225036621094 -0.06964111328125 -0.0704879760742188
-0.0413551330566406 -0.0329513549804688 -0.057525634765625 -0.0386505126953125
-0.0485687255859375 -0.0292739868164063 -0.0560379028320313 -0.023162841796875
-0.033721923828125 -0.0423622131347656 -0.0519218444824219 -0.0176200866699219
-0.00575256347656251 -0.0647735595703125 -0.0516395568847656 -0.0192146301269531
0.043060302734375 -0.0721511840820313 -0.0600357055664062 -0.0437278747558594
0.107261657714844 -0.0155563354492188 -0.0517425537109375 -0.0620574951171875
0.121009826660156 0.0418243408203125 -0.0643844604492187 -0.0859756469726563
0.107681274414063 0.115257263183594 -0.0683975219726562 -0.097991943359375
0.0898590087890625 0.151687622070313 0.0525436401367188 -0.0768280029296875
0.09814453125 0.0880355834960938 0.0184593200683594 0.0153598785400391
0.134880065917969 0.0187835693359375 0.0881805419921875 0.0484161376953125
0.0893325805664063 -0.054473876953125 0.11029052734375 -0.021392822265625
0.0368118286132813 -0.084503173828125 0.0697250366210937 -0.0790939331054687
-0.0274810791015625 -0.0716705322265625 -0.00611877441406251 -0.0925827026367188
-0.062286376953125 -0.0512657165527344 -0.0483856201171875 -0.0578193664550781
-0.0582542419433594 -0.0565338134765625 -0.0357933044433594 -0.0239028930664063
-0.0710906982421875 -0.0497283935546875 -0.036468505859375 -0.0064849853515625
-0.0483055114746094 -0.0641822814941406 -0.0387535095214844 0.00448608398437499
-0.00792694091796876 -0.0916366577148438 -0.0420951843261719 0.00292587280273438
0.0553207397460937 -0.0924530029296875 -0.0594139099121094 -0.022430419921875
0.132881164550781 -0.0176849365234375 -0.0546722412109375 -0.0432472229003906
0.138931274414063 0.0542068481445313 -0.0504951477050781 -0.0658760070800781
0.111923217773438 0.14276123046875 -0.04669189453125 -0.0531272888183594
0.0662994384765625 0.171920776367188 0.0764923095703125 -0.0178298950195312
0.090850830078125 0.125442504882813 0.0373306274414063 0.0479240417480469
0.157958984375 0.055145263671875 0.0864715576171875 0.07037353515625
0.122802734375 -0.0464401245117188 0.108383178710938 0.00827789306640625
0.0617446899414063 -0.0981979370117188 0.078643798828125 -0.0466079711914063
-0.023529052734375 -0.0950546264648438 0.0124778747558594 -0.0649070739746094
-0.0696945190429688 -0.0682106018066406 -0.0205802917480469 -0.0374908447265625
-0.0671768188476563 -0.0716323852539063 -0.00919914245605469 -0.00532913208007813
-0.0833282470703125 -0.0631866455078125 -0.0108680725097656 0.0123014450073242
-0.0575714111328125 -0.0763473510742188 -0.0196762084960938 0.0278339385986328
-0.0102920532226563 -0.106559753417969 -0.0282840728759766 0.0250949859619141
0.05987548828125 -0.101150512695313 -0.0537490844726562 -0.000755310058593746
0.140457153320313 -0.0143356323242188 -0.0535392761230469 -0.0273780822753906
0.137840270996094 0.0632171630859375 -0.0297775268554688 -0.048370361328125
0.099578857421875 0.150741577148438 -0.0207405090332031 -0.00390434265136718
0.0346527099609375 0.158828735351563 0.0928268432617188 0.0445709228515625
0.0632858276367187 0.135383605957031 0.0524673461914063 0.0818634033203125
0.143356323242188 0.0807342529296875 0.0758132934570313 0.0855026245117188
0.127937316894531 -0.0261001586914063 0.095733642578125 0.0362167358398438
0.0741729736328125 -0.0913162231445313 0.0762710571289063 -0.0112457275390625
-0.0160369873046875 -0.0991134643554688 0.0282669067382813 -0.0307083129882813
-0.0661392211914062 -0.0733413696289063 0.00850868225097656 -0.0132875442504883
-0.0655288696289062 -0.0747451782226563 0.0194320678710937 0.0126800537109375
-0.08416748046875 -0.0672683715820312 0.0172233581542969 0.0303421020507813
-0.0580596923828125 -0.08026123046875 0.00215911865234375 0.049652099609375
-0.00774383544921875 -0.10858154296875 -0.0150871276855469 0.0453262329101563
0.0626373291015625 -0.0952224731445313 -0.0468063354492187 0.0182533264160156
0.134468078613281 -0.00177001953125 -0.0506553649902344 -0.0150375366210937
0.117500305175781 0.0721359252929688 -0.0083179473876953 -0.0332393646240234
0.0707550048828125 0.143341064453125 0.0029754638671875 0.0414848327636719
-0.00168609619140625 0.116981506347656 0.100303649902344 0.0966033935546875
0.0244979858398437 0.115180969238281 0.061187744140625 0.108085632324219
0.099456787109375 0.085723876953125 0.060211181640625 0.0912551879882813
0.104515075683594 -0.004913330078125 0.0770950317382813 0.0560760498046875
0.0685844421386719 -0.0667610168457031 0.0673751831054688 0.0192222595214844
-0.006256103515625 -0.0851364135742188 0.0402450561523438 0.000907897949218745
-0.0527992248535156 -0.0660514831542969 0.03570556640625 0.00949859619140625
-0.0540580749511719 -0.0673027038574219 0.0443305969238281 0.0281257629394531
-0.0711593627929687 -0.0644760131835938 0.0438575744628906 0.0474815368652344
-0.04705810546875 -0.0752029418945313 0.0212249755859375 0.0703887939453125
0.000350952148437503 -0.0979537963867188 -0.0053863525390625 0.0643157958984375
0.0638275146484375 -0.0766143798828125 -0.0423965454101562 0.0345497131347656
0.115249633789063 0.0168914794921875 -0.0491142272949219 -0.00568389892578124
0.0810394287109375 0.0791778564453125 0.00926208496093751 -0.0178375244140625
0.02947998046875 0.120872497558594 0.0171585083007813 0.0829315185546875
-0.0362510681152344 0.0542526245117187 0.100227355957031 0.129356384277344
-0.0142364501953125 0.0718460083007813 0.06573486328125 0.120986938476562
0.04327392578125 0.0694389343261719 0.0470657348632812 0.0874786376953125
0.0626792907714844 0.0118293762207031 0.0608711242675781 0.0653953552246094
0.0495185852050781 -0.0347442626953125 0.0575752258300781 0.0374412536621094
0.00175857543945313 -0.0568199157714844 0.0472831726074219 0.0237236022949219
-0.0320281982421875 -0.0475959777832031 0.0562286376953125 0.0264930725097656
-0.0344352722167969 -0.0500755310058594 0.0636405944824219 0.0400466918945313
-0.0477180480957031 -0.0521621704101562 0.0647239685058594 0.0620346069335938
-0.0301246643066406 -0.0599288940429688 0.0339508056640625 0.0882492065429687
0.00940704345703125 -0.0749893188476563 -0.00284576416015625 0.0811843872070312
0.0578155517578125 -0.0488128662109375 -0.0443611145019531 0.0482826232910156
0.0828704833984375 0.0342559814453125 -0.0508460998535156 -0.000804901123046869
0.0360183715820312 0.0769195556640625 0.0183334350585938 -0.00279998779296874
-0.0161056518554688 0.0819015502929687 0.0189208984375 0.115829467773438
0.0518112182617188 -0.0218963623046875 -0.0358963012695312 -0.128875732421875
0.000526428222656246 -0.0481948852539063 -0.0265331268310547 -0.00915336608886719
-0.0378646850585938 -0.0263137817382813 0.0576858520507813 0.00360107421875
-0.0381393432617188 0.0137748718261719 0.0674934387207031 -0.0588226318359375
-0.016815185546875 0.0354423522949219 0.0157241821289062 -0.0959396362304688
0.0149993896484375 0.0355033874511719 -0.042510986328125 -0.0991592407226563
0.0179786682128906 0.0240154266357422 -0.0839691162109375 -0.0648117065429687
0.0112075805664062 0.0224666595458984 -0.0763473510742188 -0.0443496704101562
0.00846481323242187 0.0242767333984375 -0.07061767578125 -0.0320968627929688
-0.00637054443359375 0.0200958251953125 -0.0597267150878906 -0.0359153747558594
-0.0222415924072266 0.00429153442382812 -0.0585556030273437 -0.0416488647460938
-0.0207176208496094 -0.0287742614746094 -0.0586509704589844 -0.0635643005371094
0.0175323486328125 -0.0419158935546875 -0.042144775390625 -0.0900497436523438
0.0539054870605469 -0.0245590209960938 -0.0719223022460937 -0.114715576171875
0.0685997009277344 0.00276565551757813 -0.0998687744140625 -0.14312744140625
0.0846099853515625 0.03680419921875 -0.01531982421875 -0.133758544921875
0.0456695556640625 -0.0150566101074219 -0.0193042755126953 -0.0130939483642578
0.0184497833251953 -0.0286693572998047 0.0693893432617188 0.00995635986328125
-0.0062408447265625 -0.0175533294677734 0.0818023681640625 -0.0584182739257813
-0.0105228424072266 -0.00629711151123047 0.029144287109375 -0.103485107421875
-0.00729227066040039 0.00338411331176758 -0.0398941040039063 -0.107040405273437
-0.0145444869995117 0.00216960906982422 -0.083984375 -0.0686111450195313
-0.0170421600341797 -0.00371932983398437 -0.0735626220703125 -0.0427398681640625
-0.0204753875732422 -0.00129508972167969 -0.0690193176269531 -0.0297393798828125
-0.019134521484375 -0.0120697021484375 -0.0593605041503906 -0.0301475524902344
-0.0107078552246094 -0.0304450988769531 -0.0568733215332031 -0.0334968566894531
0.0155792236328125 -0.0500221252441406 -0.0608291625976563 -0.0558891296386719
0.06573486328125 -0.0249366760253906 -0.0476531982421875 -0.0760421752929688
0.0904998779296875 0.0131072998046875 -0.0731658935546875 -0.1005859375
0.0951461791992188 0.0631332397460938 -0.0908203125 -0.125656127929688
0.101646423339844 0.0971603393554688 0.0138626098632813 -0.117637634277344
0.0823593139648438 0.0321731567382813 -0.00390338897705078 -0.00519514083862305
0.0814285278320312 -0.0170135498046875 0.0821762084960938 0.0224990844726563
0.0381240844726563 -0.0454330444335938 0.097625732421875 -0.0481643676757813
0.00620651245117187 -0.0502204895019531 0.0470199584960937 -0.100028991699219
-0.0232982635498047 -0.0333747863769531 -0.028839111328125 -0.105438232421875
-0.0434722900390625 -0.02288818359375 -0.0728683471679688 -0.06488037109375
-0.0423011779785156 -0.0307731628417969 -0.059539794921875 -0.0353355407714844
-0.0499649047851562 -0.0251541137695313 -0.057281494140625 -0.0192832946777344
-0.0347824096679687 -0.0397453308105469 -0.053192138671875 -0.0144538879394531
-0.00893020629882812 -0.0633430480957031 -0.0527725219726563 -0.016021728515625
0.0384368896484375 -0.0743484497070313 -0.0637741088867188 -0.0401420593261719
0.105751037597656 -0.0212936401367188 -0.0534477233886719 -0.0587425231933594
0.122024536132813 0.03466796875 -0.0685501098632812 -0.0815658569335938
0.114265441894531 0.108070373535156 -0.0738906860351562 -0.0926132202148438
0.0977935791015625 0.144790649414063 0.0456314086914063 -0.0785446166992187
0.102279663085937 0.0824432373046875 0.0172796249389648 0.0155487060546875
0.135414123535156 0.009918212890625 0.0898513793945313 0.0424880981445313
0.0847549438476563 -0.0587234497070313 0.108131408691406 -0.0264358520507813
0.0309295654296875 -0.0854263305664063 0.0649185180664063 -0.0819473266601563
-0.0310173034667969 -0.068817138671875 -0.0111007690429688 -0.0914306640625
-0.0633392333984375 -0.0465736389160156 -0.050872802734375 -0.0542716979980469
-0.0614356994628906 -0.0519790649414063 -0.0368080139160156 -0.0216598510742188
-0.0734024047851563 -0.0444183349609375 -0.0367202758789063 -0.00359344482421875
-0.050872802734375 -0.060089111328125 -0.0384483337402344 0.00692749023437499
-0.0134506225585937 -0.0891265869140625 -0.0431022644042969 0.00488662719726562
0.0482559204101562 -0.0946426391601563 -0.0615997314453125 -0.0193099975585938
0.130661010742188 -0.0251312255859375 -0.0563926696777344 -0.0402641296386719
0.140571594238281 0.0456924438476562 -0.0540504455566406 -0.0629997253417969
0.120101928710938 0.135116577148438 -0.0494575500488281 -0.0497016906738281
0.076873779296875 0.16595458984375 0.0732803344726563 -0.0221099853515625
0.09735107421875 0.12042236328125 0.0372810363769531 0.0468254089355469
0.160171508789063 0.0436859130859375 0.0893783569335938 0.0633773803710938
0.118705749511719 -0.0533981323242187 0.10858154296875 0.00296783447265625
0.0547256469726563 -0.101432800292969 0.0755462646484375 -0.0503463745117188
-0.02880859375 -0.092193603515625 0.00857925415039062 -0.0642852783203125
-0.0723419189453125 -0.0627365112304688 -0.0226402282714844 -0.0361175537109375
-0.0706329345703125 -0.0661468505859375 -0.00942516326904297 -0.00560855865478516
-0.086944580078125 -0.0565261840820312 -0.00968170166015626 0.0129947662353516
-0.0614013671875 -0.0717697143554687 -0.0176258087158203 0.0289440155029297
-0.016876220703125 -0.103797912597656 -0.0283145904541016 0.0266284942626953
0.0531845092773438 -0.103485107421875 -0.0544281005859375 0.00191497802734375
0.139076232910156 -0.0228195190429688 -0.0541954040527344 -0.0239486694335938
0.139846801757812 0.0543289184570312 -0.0332717895507812 -0.0469131469726563
0.107986450195313 0.14410400390625 -0.0205783843994141 -0.00377464294433593
0.044097900390625 0.155380249023438 0.0927200317382813 0.0387115478515625
0.0699462890625 0.131843566894531 0.0542373657226563 0.0792465209960938
0.147018432617188 0.0708160400390625 0.078948974609375 0.08013916015625
0.124977111816406 -0.033416748046875 0.0967254638671875 0.0313491821289063
0.0667648315429688 -0.0949554443359375 0.0757369995117188 -0.014892578125
-0.021209716796875 -0.0968551635742188 0.0258274078369141 -0.0313549041748047
-0.069091796875 -0.0674362182617188 0.00819206237792968 -0.0137395858764648
-0.0698204040527344 -0.0702285766601562 0.0196590423583984 0.0105037689208984
-0.0874099731445312 -0.0607376098632813 0.0200824737548828 0.0293197631835938
-0.0618133544921875 -0.0742034912109375 0.0051422119140625 0.0495376586914063
-0.0150985717773437 -0.106124877929688 -0.0129203796386719 0.045654296875
0.0564193725585938 -0.09912109375 -0.0463371276855469 0.0208892822265625
0.133827209472656 -0.0105438232421875 -0.0506095886230469 -0.0115776062011719
0.120147705078125 0.0647659301757813 -0.0106105804443359 -0.0330924987792969
0.0794143676757812 0.13885498046875 0.00504684448242188 0.0413627624511719
0.00532531738281249 0.115669250488281 0.103981018066406 0.0904617309570313
0.030609130859375 0.112937927246094 0.06396484375 0.104232788085938
0.104393005371094 0.07818603515625 0.0637588500976563 0.0873489379882813
0.1029052734375 -0.0112380981445313 0.0790786743164063 0.0521163940429688
0.0637245178222656 -0.0702400207519531 0.0686988830566406 0.0144577026367187
-0.0117263793945312 -0.0835418701171875 0.0393600463867188 -0.000465393066406255
-0.055877685546875 -0.0607261657714844 0.0360107421875 0.00772094726562499
-0.0579109191894531 -0.0633926391601562 0.0458755493164062 0.0248565673828125
-0.0747528076171875 -0.0582504272460938 0.0469245910644531 0.0438728332519531
-0.0516777038574219 -0.0700836181640625 0.0255661010742187 0.0687026977539063
-0.0060272216796875 -0.0961990356445313 -0.00262451171875 0.0636825561523438
0.057952880859375 -0.0804672241210938 -0.0414657592773437 0.0363693237304688
0.116256713867188 0.0093994140625 -0.04925537109375 -0.00323486328124999
0.0860214233398438 0.0744400024414062 0.00759315490722657 -0.0189399719238281
0.0365753173828125 0.118522644042969 0.0221176147460938 0.0806427001953125
-0.0328865051269531 0.0556755065917969 0.105148315429688 0.121665954589844
-0.00968933105468749 0.0724258422851563 0.0702362060546875 0.116287231445313
0.0474777221679688 0.0654754638671875 0.0502166748046875 0.0845413208007813
0.0624771118164063 0.007415771484375 0.0637359619140625 0.0618972778320313
0.0461158752441406 -0.0376968383789063 0.0594825744628906 0.0339241027832031
-0.00209808349609375 -0.056488037109375 0.0488662719726563 0.0218086242675781
-0.0339508056640625 -0.0442543029785156 0.0577468872070312 0.0234336853027344
-0.0374794006347656 -0.046661376953125 0.0658340454101563 0.0352058410644531
-0.0512275695800781 -0.0479927062988281 0.0680770874023438 0.0573501586914062
-0.0332450866699219 -0.0568428039550781 0.0394973754882812 0.0863037109375
0.00421905517578125 -0.074615478515625 0.00135040283203125 0.0801925659179688
0.0538558959960938 -0.0526046752929687 -0.041900634765625 0.0498199462890625
0.084259033203125 0.0280075073242187 -0.0508232116699219 0.00195312500000001
0.0404891967773437 0.0748748779296875 0.0178279876708984 -0.00525665283203125
-0.0106964111328125 0.0821762084960938 0.0254974365234375 0.112579345703125
0.0487556457519531 -0.0239791870117188 -0.0391387939453125 -0.122711181640625
-0.000476837158203128 -0.0471038818359375 -0.0251045227050781 -0.00658988952636719
-0.03802490234375 -0.0237274169921875 0.0564384460449219 0.00145721435546875
-0.0359077453613281 0.0154991149902344 0.0642356872558594 -0.0587005615234375
-0.0141716003417969 0.0356903076171875 0.0132369995117188 -0.0936737060546875
0.0165691375732422 0.0333786010742188 -0.0441818237304688 -0.0963973999023437
0.0184650421142578 0.0219097137451172 -0.0840072631835937 -0.0604095458984375
0.0117664337158203 0.0211620330810547 -0.0767059326171875 -0.0405197143554688
0.00982093811035156 0.0225639343261719 -0.0703811645507813 -0.028411865234375
-0.00496864318847656 0.0192604064941406 -0.0592079162597656 -0.0338172912597656
-0.0206317901611328 0.00494575500488281 -0.0585136413574219 -0.0393600463867187
-0.0214576721191406 -0.0267925262451172 -0.0597724914550781 -0.0600318908691406
0.015380859375 -0.04119873046875 -0.0434646606445313 -0.0867767333984375
0.0522346496582031 -0.0251045227050781 -0.0733871459960938 -0.109626770019531
0.0669059753417969 0.0001220703125 -0.101554870605469 -0.135139465332031
0.0832061767578125 0.0328292846679688 -0.020233154296875 -0.128387451171875
0.044097900390625 -0.0157356262207031 -0.0190105438232422 -0.0105304718017578
0.01715087890625 -0.0286598205566406 0.0679092407226563 0.007232666015625
-0.00675582885742187 -0.0164880752563477 0.0778045654296875 -0.0586776733398437
-0.0098876953125 -0.00517845153808594 0.0262451171875 -0.101280212402344
-0.0055999755859375 0.00390911102294922 -0.042266845703125 -0.103553771972656
-0.0133600234985352 0.00191879272460938 -0.0844192504882813 -0.0640945434570312
-0.0161647796630859 -0.00360965728759766 -0.0734710693359375 -0.0391159057617188
-0.0196056365966797 -0.000980377197265622 -0.0690116882324219 -0.0259017944335938
-0.0177402496337891 -0.010894775390625 -0.0596694946289063 -0.0272750854492188
-0.0108013153076172 -0.0290412902832031 -0.0571327209472656 -0.0308494567871094
0.0130538940429688 -0.0486488342285156 -0.0621109008789063 -0.0530548095703125
0.0628738403320312 -0.0255050659179687 -0.0478286743164063 -0.0737991333007813
0.08807373046875 0.0101776123046875 -0.0742111206054687 -0.0957565307617188
0.0955657958984375 0.0581130981445312 -0.0925979614257813 -0.119232177734375
0.102279663085938 0.090667724609375 0.00865936279296876 -0.114006042480469
0.0818405151367188 0.0290756225585938 -0.00406694412231445 -0.00336980819702148
0.0788116455078125 -0.019500732421875 0.0802536010742188 0.0193099975585938
0.0350189208984375 -0.0447235107421875 0.094268798828125 -0.0495758056640625
0.00426864624023437 -0.0487327575683594 0.0431747436523437 -0.0989837646484375
-0.0230255126953125 -0.0314426422119141 -0.030975341796875 -0.10205078125
-0.0427322387695312 -0.0213851928710938 -0.0732650756835938 -0.0612945556640625
-0.0427093505859375 -0.0280914306640625 -0.0599403381347656 -0.0325698852539063
-0.0489883422851563 -0.0227775573730469 -0.0571861267089844 -0.0167236328125
-0.0346908569335938 -0.0373878479003906 -0.0531387329101563 -0.0119705200195313
-0.0103378295898437 -0.0604095458984375 -0.0532951354980469 -0.0146636962890625
0.0344009399414062 -0.0734100341796875 -0.0643081665039063 -0.037200927734375
0.102127075195312 -0.0241775512695312 -0.0539360046386719 -0.05657958984375
0.119377136230469 0.0307769775390625 -0.0696487426757812 -0.0775070190429688
0.115669250488281 0.102035522460937 -0.0750732421875 -0.0876846313476562
0.101089477539063 0.137298583984375 0.040740966796875 -0.0766067504882812
0.102439880371094 0.0782546997070313 0.0158195495605469 0.0168905258178711
0.132705688476563 0.00406646728515625 0.0887908935546875 0.038299560546875
0.0806655883789063 -0.05975341796875 0.104942321777344 -0.0282440185546875
0.026611328125 -0.08367919921875 0.06121826171875 -0.0819931030273437
-0.0314750671386719 -0.064910888671875 -0.0133056640625 -0.088165283203125
-0.0632400512695312 -0.0428428649902344 -0.0522537231445313 -0.0507011413574219
-0.0619888305664063 -0.0492057800292969 -0.0369148254394531 -0.0202751159667969
-0.0725936889648437 -0.0396881103515625 -0.0360984802246094 -0.00228118896484375
-0.051483154296875 -0.056427001953125 -0.0375022888183594 0.00802993774414063
-0.01593017578125 -0.0857620239257812 -0.0421257019042969 0.00619888305664062
0.0438461303710937 -0.0938186645507813 -0.0621986389160156 -0.0167617797851563
0.126518249511719 -0.0289077758789062 -0.0562057495117187 -0.0382575988769531
0.137672424316406 0.040740966796875 -0.0551490783691406 -0.0601577758789063
0.122169494628906 0.128227233886719 -0.0501441955566406 -0.0465087890625
0.0795440673828125 0.158416748046875 0.0691452026367188 -0.0229263305664062
0.0982513427734375 0.114631652832031 0.0365486145019531 0.0459136962890625
0.158157348632813 0.03631591796875 0.0884017944335938 0.0591659545898438
0.113243103027344 -0.05572509765625 0.106033325195313 0.000213623046874997
0.0492324829101562 -0.100311279296875 0.0728607177734375 -0.0514068603515625
-0.03094482421875 -0.0879669189453125 0.00725173950195312 -0.0621833801269531
-0.0716171264648438 -0.0576400756835937 -0.0227546691894531 -0.0333690643310547
-0.0721969604492188 -0.0625534057617188 -0.00943470001220703 -0.00564765930175782
-0.0869293212890625 -0.0506591796875 -0.0082855224609375 0.0133447647094727
-0.0617904663085938 -0.0674095153808594 -0.0163383483886719 0.0296211242675781
-0.0208358764648438 -0.0997390747070313 -0.0274944305419922 0.0262508392333984
0.0471649169921875 -0.102737426757813 -0.0543708801269531 0.0030364990234375
0.135971069335938 -0.02679443359375 -0.0534439086914062 -0.0224838256835938
0.137680053710938 0.0494766235351563 -0.0340652465820313 -0.0450477600097656
0.111160278320312 0.13720703125 -0.0205516815185547 -0.00276565551757812
0.048095703125 0.149749755859375 0.0901718139648438 0.0355453491210938
0.07293701171875 0.126823425292969 0.0532379150390625 0.0759353637695313
0.146865844726563 0.062713623046875 0.0791397094726563 0.0751571655273438
0.119857788085938 -0.0369873046875 0.0948867797851563 0.0288619995117187
0.0617446899414063 -0.09454345703125 0.0735702514648438 -0.0173721313476563
-0.0240707397460938 -0.0931930541992188 0.0251426696777344 -0.0304069519042969
-0.06939697265625 -0.0626411437988281 0.00769805908203125 -0.0131959915161133
-0.0706329345703125 -0.0654449462890625 0.0193824768066406 0.00936126708984375
-0.0876235961914063 -0.0548171997070313 0.0205879211425781 0.0278415679931641
-0.0622100830078125 -0.0696945190429688 0.0068206787109375 0.0484390258789062
-0.018798828125 -0.101844787597656 -0.0120124816894531 0.0440139770507813
0.0506362915039063 -0.0978546142578125 -0.04571533203125 0.0210762023925781
0.130821228027344 -0.0147552490234375 -0.0495719909667969 -0.010589599609375
0.119186401367188 0.0600662231445313 -0.0120639801025391 -0.032958984375
0.0825042724609375 0.132644653320313 0.0063934326171875 0.0393562316894531
0.00931549072265625 0.111595153808594 0.101875305175781 0.084442138671875
0.0335006713867188 0.109611511230469 0.0644378662109375 0.0997238159179688
0.105064392089844 0.0717544555664063 0.0633697509765625 0.0830001831054688
0.0993270874023437 -0.0141220092773437 0.078399658203125 0.048797607421875
0.0589752197265625 -0.07061767578125 0.0672721862792969 0.0123481750488281
-0.014404296875 -0.0804214477539063 0.0394859313964844 -0.00109481811523438
-0.0562095642089844 -0.0571403503417969 0.0355072021484375 0.0060882568359375
-0.0593986511230469 -0.0591049194335937 0.0455131530761719 0.0217666625976563
-0.0761184692382812 -0.053192138671875 0.0481643676757812 0.0410995483398437
-0.0529289245605469 -0.0660133361816406 0.026824951171875 0.0666694641113281
-0.0103836059570312 -0.0921630859375 -0.0011749267578125 0.0613059997558594
0.0527801513671875 -0.08056640625 -0.0401763916015625 0.0366668701171875
0.113746643066406 0.00476837158203125 -0.0471992492675781 -0.00198745727539062
0.0851364135742188 0.0701751708984375 0.00640869140625001 -0.0200214385986328
0.040740966796875 0.114486694335938 0.024139404296875 0.0771255493164063
-0.0296783447265625 0.0550727844238281 0.105850219726563 0.115409851074219
-0.007171630859375 0.0706787109375 0.0705413818359375 0.110740661621094
0.048919677734375 0.0612602233886719 0.0499343872070313 0.08087158203125
0.0609397888183594 0.00600433349609375 0.0634307861328125 0.0583686828613281
0.0430564880371094 -0.0379714965820313 0.0593338012695312 0.0309944152832031
-0.0046844482421875 -0.0544815063476563 0.0485458374023438 0.0202369689941406
-0.0353164672851563 -0.0413589477539063 0.0571975708007813 0.0205268859863281
-0.0389862060546875 -0.0443840026855469 0.0656661987304688 0.0315780639648438
-0.0521812438964844 -0.0441703796386719 0.0696601867675781 0.0525054931640625
-0.0350723266601563 -0.0538864135742188 0.0417251586914063 0.0827865600585938
0.000862121582031248 -0.07183837890625 0.00269317626953125 0.0777053833007813
0.0494842529296875 -0.0534324645996094 -0.0395622253417969 0.0492630004882813
0.084625244140625 0.0244674682617187 -0.0490875244140625 0.00323104858398439
0.0423812866210938 0.0715484619140625 0.0164337158203125 -0.00719833374023437
-0.00721740722656251 0.0810394287109375 0.0283889770507812 0.107330322265625
0.0467758178710937 -0.023895263671875 -0.0388031005859375 -0.118408203125
-0.000675201416015626 -0.0459709167480469 -0.0246162414550781 -0.0055999755859375
-0.0363273620605469 -0.0224075317382813 0.0550346374511719 0.00196456909179687
-0.0354118347167969 0.0164108276367188 0.0635528564453125 -0.0574493408203125
-0.0126838684082031 0.0360794067382813 0.0136871337890625 -0.0915985107421875
0.0178127288818359 0.0313148498535156 -0.044158935546875 -0.0949935913085938
0.0177745819091797 0.0199928283691406 -0.0823287963867188 -0.0588760375976563
0.0111980438232422 0.0194149017333984 -0.0760116577148438 -0.0381011962890625
0.00965499877929688 0.0214557647705078 -0.0699882507324219 -0.0265045166015625
-0.00426673889160156 0.0188579559326172 -0.0592994689941406 -0.0333518981933594
-0.0201263427734375 0.004791259765625 -0.05865478515625 -0.0379981994628906
-0.0215110778808594 -0.0254688262939453 -0.0588493347167969 -0.0582847595214844
0.0143814086914062 -0.0397567749023437 -0.0420150756835937 -0.0853958129882813
0.0509033203125 -0.0245780944824219 -0.0712127685546875 -0.106552124023438
0.0661468505859375 -0.00057220458984375 -0.099609375 -0.131088256835938
0.08123779296875 0.0311660766601563 -0.0202713012695312 -0.123573303222656
0.0432624816894531 -0.0155296325683594 -0.0189208984375 -0.00879096984863281
0.0167274475097656 -0.0286445617675781 0.0665092468261719 0.00679397583007812
-0.00683212280273438 -0.0156784057617188 0.0769882202148438 -0.0578460693359375
-0.00969791412353516 -0.00319766998291016 0.0255813598632812 -0.0990371704101563
-0.0046992301940918 0.00349807739257812 -0.0413360595703125 -0.101417541503906
-0.0129413604736328 0.00147914886474609 -0.0836563110351563 -0.0622177124023438
-0.0162601470947266 -0.00371646881103516 -0.0725021362304688 -0.0373611450195313
-0.0196170806884766 -0.000904083251953123 -0.0682868957519531 -0.0238227844238281
-0.0169944763183594 -0.0106391906738281 -0.0590248107910156 -0.0267677307128906
-0.00990104675292969 -0.0278987884521484 -0.0567169189453125 -0.0298728942871094
0.0122032165527344 -0.0469169616699219 -0.0616569519042969 -0.0510444641113281
0.0615615844726563 -0.0254287719726563 -0.0466537475585937 -0.0721893310546875
0.0862045288085938 0.009613037109375 -0.0727996826171875 -0.0928802490234375
0.0940780639648438 0.0561981201171875 -0.0908279418945313 -0.115562438964844
0.0998077392578125 0.087799072265625 0.00623321533203126 -0.110099792480469
0.0805892944335938 0.028228759765625 -0.0053114891052246 -0.00157403945922852
0.0770187377929688 -0.0206375122070312 0.0783004760742187 0.0181961059570312
0.0343704223632813 -0.0433502197265625 0.0926361083984375 -0.04827880859375
0.00394821166992187 -0.0468254089355469 0.0428695678710938 -0.0965042114257813
-0.0216960906982422 -0.0305023193359375 -0.0305557250976562 -0.0998458862304687
-0.0415229797363281 -0.020294189453125 -0.0726318359375 -0.0591888427734375
-0.0421829223632812 -0.0273666381835938 -0.0594673156738281 -0.0311508178710938
-0.0478057861328125 -0.0208473205566406 -0.0566024780273438 -0.0145797729492187
-0.0332908630371094 -0.0362281799316406 -0.0526809692382813 -0.0111808776855469
-0.0100479125976563 -0.0585823059082031 -0.052734375 -0.0137825012207031
0.03253173828125 -0.071685791015625 -0.0646400451660156 -0.0361061096191407
0.100028991699219 -0.0239410400390625 -0.0524024963378906 -0.0559539794921875
0.116531372070313 0.0297927856445313 -0.0682296752929687 -0.0755081176757813
0.114303588867187 0.0987091064453125 -0.073974609375 -0.0843658447265625
0.0984039306640625 0.13311767578125 0.0378570556640625 -0.073822021484375
0.101249694824219 0.0765304565429688 0.0145835876464844 0.0177402496337891
0.129913330078125 0.0019989013671875 0.0861740112304688 0.0365676879882813
0.0782470703125 -0.0594406127929687 0.103713989257813 -0.0279769897460938
0.0250473022460938 -0.0820846557617187 0.0602874755859375 -0.0794830322265625
-0.0303916931152344 -0.0630416870117188 -0.0123443603515625 -0.0860824584960938
-0.0616378784179687 -0.0411758422851563 -0.0516090393066406 -0.0486946105957031
-0.0615768432617187 -0.0482292175292969 -0.03668212890625 -0.0194549560546875
-0.0710830688476563 -0.0373687744140625 -0.0354347229003906 -0.00159072875976563
-0.049591064453125 -0.0536422729492188 -0.0377235412597656 0.00847625732421875
-0.015960693359375 -0.082977294921875 -0.0426902770996094 0.00590896606445311
0.0414276123046875 -0.092559814453125 -0.062347412109375 -0.0167427062988281
0.124298095703125 -0.0289993286132813 -0.0551185607910156 -0.0374679565429687
0.135124206542969 0.0402069091796875 -0.0550918579101562 -0.0584793090820313
0.121673583984375 0.124610900878906 -0.0490303039550781 -0.0448646545410156
0.0796051025390625 0.154220581054688 0.0656547546386719 -0.0217781066894531
0.0981063842773438 0.112648010253906 0.034423828125 0.0458221435546875
0.154800415039063 0.033782958984375 0.0855178833007813 0.0570602416992188
0.110748291015625 -0.0554428100585938 0.104270935058594 -0.000144958496093753
0.047210693359375 -0.098876953125 0.0714340209960938 -0.0506439208984375
-0.0303802490234375 -0.0853652954101562 0.00742721557617187 -0.0606498718261719
-0.070526123046875 -0.056488037109375 -0.0229339599609375 -0.0323772430419922
-0.0713424682617188 -0.0601806640625 -0.00923728942871094 -0.00601768493652344
-0.0848388671875 -0.04766845703125 -0.00831031799316407 0.0135345458984375
-0.0597572326660156 -0.0641059875488281 -0.0159492492675781 0.0289211273193359
-0.020751953125 -0.0961685180664063 -0.0273857116699219 0.0254573822021484
0.0445327758789063 -0.100830078125 -0.0554580688476563 0.00331115722656249
0.133094787597656 -0.028167724609375 -0.0522079467773437 -0.0228118896484375
0.134971618652344 0.0475234985351563 -0.034027099609375 -0.0446853637695313
0.110885620117188 0.133804321289063 -0.0201625823974609 -0.00230598449707031
0.047454833984375 0.145553588867188 0.0866241455078125 0.0347442626953125
0.0723876953125 0.124122619628906 0.0505828857421875 0.0752716064453125
0.144546508789063 0.0598297119140625 0.0759201049804688 0.0740203857421875
0.116592407226563 -0.0363235473632812 0.0938262939453125 0.0280380249023437
0.0592880249023438 -0.0928878784179688 0.072021484375 -0.0171051025390625
-0.0242080688476563 -0.0905075073242188 0.02557373046875 -0.029205322265625
-0.0679931640625 -0.0603103637695313 0.00811290740966796 -0.0122709274291992
-0.070465087890625 -0.0634002685546875 0.0196094512939453 0.00781059265136718
-0.0860443115234375 -0.0521163940429688 0.0208206176757812 0.0271263122558594
-0.0605964660644531 -0.0675163269042969 0.00733566284179688 0.0472488403320312
-0.019622802734375 -0.0984954833984375 -0.0131111145019531 0.0432701110839844
0.0473175048828125 -0.095947265625 -0.0464439392089844 0.0206451416015625
0.128677368164063 -0.0160675048828125 -0.0484809875488281 -0.0107002258300781
0.117057800292969 0.058502197265625 -0.0125885009765625 -0.0330581665039062
0.0826644897460938 0.128898620605469 0.00669097900390625 0.03765869140625
0.00965881347656249 0.109092712402344 0.0990982055664063 0.0825958251953125
0.0334548950195312 0.10723876953125 0.0614166259765625 0.0984954833984375
0.103492736816406 0.0690765380859375 0.0613632202148438 0.0808792114257813
0.09674072265625 -0.0140228271484375 0.07696533203125 0.04840087890625
0.0563545227050781 -0.0699882507324219 0.0662841796875 0.0118484497070312
-0.01446533203125 -0.0784835815429688 0.0391616821289063 -5.72204589843798E-05
-0.0551567077636719 -0.0544471740722656 0.0351200103759766 0.0057373046875
-0.058807373046875 -0.0571136474609375 0.0451812744140625 0.0201644897460938
-0.0746536254882812 -0.04998779296875 0.0473175048828125 0.0391578674316406
-0.0522613525390625 -0.0631942749023438 0.0271987915039063 0.0649032592773438
-0.01141357421875 -0.0897598266601562 -0.00199127197265625 0.0603675842285156
0.0506210327148438 -0.0796279907226563 -0.040069580078125 0.03546142578125
0.112197875976563 0.00295257568359375 -0.0465431213378906 -0.00209808349609374
0.084381103515625 0.068572998046875 0.00512123107910157 -0.0208625793457031
0.0405426025390625 0.111717224121094 0.0236434936523438 0.07464599609375
-0.0284881591796875 0.0536880493164062 0.102584838867187 0.112266540527344
-0.006927490234375 0.0692176818847656 0.068756103515625 0.108695983886719
0.0477142333984375 0.0589981079101563 0.0482025146484375 0.0800094604492188
0.0594596862792969 0.00578689575195312 0.0622367858886719 0.0581130981445312
0.041473388671875 -0.0377273559570313 0.05828857421875 0.0301284790039062
-0.00507354736328125 -0.0531005859375 0.048797607421875 0.0204124450683594
-0.03472900390625 -0.0400619506835938 0.0568771362304687 0.0190773010253906
-0.0389480590820313 -0.042572021484375 0.0653228759765625 0.029052734375
-0.0516471862792969 -0.0418701171875 0.0683212280273438 0.0507392883300781
-0.0350799560546875 -0.0517158508300781 0.0416336059570313 0.080596923828125
-0.000366210937500003 -0.0697555541992188 0.0023193359375 0.0761337280273438
0.0479545593261719 -0.0530586242675781 -0.039703369140625 0.0479240417480469
0.0831680297851563 0.0221710205078125 -0.0480499267578125 0.00347137451171874
0.0420379638671875 0.069854736328125 0.0150527954101563 -0.00763702392578124
-0.006317138671875 0.0788421630859375 0.0280609130859375 0.104568481445312
0.0462684631347656 -0.0231781005859375 -0.037872314453125 -0.118011474609375
-0.000667572021484371 -0.0464515686035156 -0.0245590209960938 -0.00462532043457032
-0.036376953125 -0.0228843688964844 0.05535888671875 0.00318145751953125
-0.0355339050292969 0.0163192749023437 0.0646858215332031 -0.0573959350585938
-0.0124588012695312 0.0359382629394531 0.015167236328125 -0.0912704467773438
0.0175151824951172 0.0309295654296875 -0.0435943603515625 -0.0957183837890625
0.0176181793212891 0.0190982818603516 -0.0833587646484375 -0.0593948364257812
0.0109767913818359 0.0196952819824219 -0.0761871337890625 -0.0382537841796875
0.00963020324707031 0.0210666656494141 -0.0702476501464844 -0.0259666442871094
-0.00396728515625 0.0179805755615234 -0.0594711303710937 -0.0334587097167969
-0.0187244415283203 0.004669189453125 -0.0584907531738281 -0.0389976501464844
-0.0212345123291016 -0.0251884460449219 -0.0589866638183594 -0.0590744018554688
0.0149917602539062 -0.0388832092285156 -0.0406341552734375 -0.0860748291015625
0.0506782531738281 -0.024200439453125 -0.0692672729492188 -0.106521606445313
0.065765380859375 -0.00048065185546875 -0.0972747802734375 -0.131134033203125
0.0793304443359375 0.0317535400390625 -0.0206298828125 -0.123519897460937
0.0433120727539063 -0.0152168273925781 -0.0190658569335938 -0.00802040100097656
0.0170879364013672 -0.0283946990966797 0.0657463073730469 0.00775527954101562
-0.00664615631103516 -0.0151815414428711 0.0781478881835938 -0.0563430786132813
-0.00892066955566406 -0.00346469879150391 0.027679443359375 -0.0986709594726563
-0.00404763221740723 0.00264620780944824 -0.040313720703125 -0.103057861328125
-0.0129671096801758 0.000867843627929686 -0.0833206176757813 -0.0622940063476562
-0.016749382019043 -0.00439548492431641 -0.073486328125 -0.0376815795898437
-0.0189552307128906 -0.00141716003417969 -0.068817138671875 -0.0243568420410156
-0.0163431167602539 -0.0110063552856445 -0.0596733093261719 -0.0273094177246094
-0.00868797302246094 -0.0282707214355469 -0.0572738647460937 -0.0308036804199219
0.0121536254882812 -0.0463027954101563 -0.0621757507324219 -0.0522117614746094
0.0619544982910156 -0.0241241455078125 -0.0451431274414062 -0.0738906860351563
0.0855560302734375 0.01129150390625 -0.07177734375 -0.0928955078125
0.0928878784179688 0.0570144653320313 -0.0896759033203125 -0.116325378417969
0.0989532470703125 0.088775634765625 0.00603485107421876 -0.108467102050781
0.0801544189453125 0.0294723510742188 -0.00608825683593749 -2.95639038085922E-05
0.0768508911132813 -0.0203399658203125 0.0774993896484375 0.0194244384765625
0.0341339111328125 -0.0428428649902344 0.0936279296875 -0.046661376953125
0.00436019897460937 -0.0464515686035156 0.0445785522460938 -0.0960159301757813
-0.020965576171875 -0.0312786102294922 -0.0294113159179688 -0.10040283203125
-0.0409088134765625 -0.0210494995117187 -0.0725479125976563 -0.0592041015625
-0.0421295166015625 -0.0281753540039063 -0.0596466064453125 -0.0315284729003906
-0.0470619201660156 -0.0217132568359375 -0.056671142578125 -0.0146560668945312
-0.0324554443359375 -0.0363540649414063 -0.0527915954589844 -0.0110702514648438
-0.0088653564453125 -0.0584640502929688 -0.0533294677734375 -0.0142784118652344
0.0333786010742187 -0.07086181640625 -0.065765380859375 -0.0365028381347656
0.100364685058594 -0.0232696533203125 -0.0514907836914063 -0.0567893981933594
0.11572265625 0.0311965942382812 -0.0673675537109375 -0.0759811401367187
0.113960266113281 0.0999603271484375 -0.0733108520507812 -0.0852203369140625
0.0973587036132813 0.133583068847656 0.037322998046875 -0.072235107421875
0.101020812988281 0.0776290893554687 0.0128936767578125 0.0190086364746094
0.130287170410156 0.0027008056640625 0.0843887329101563 0.0373687744140625
0.078399658203125 -0.0582351684570313 0.103935241699219 -0.0261764526367188
0.0262069702148437 -0.0816497802734375 0.0618438720703125 -0.0787200927734375
-0.0291213989257812 -0.0633697509765625 -0.0113754272460937 -0.0864334106445313
-0.0609474182128906 -0.0418052673339844 -0.0508651733398438 -0.0494117736816406
-0.0621871948242188 -0.04833984375 -0.0374107360839844 -0.0201606750488281
-0.070831298828125 -0.03765869140625 -0.0358314514160156 -0.00166702270507812
-0.0485458374023437 -0.05426025390625 -0.0375938415527344 0.0087432861328125
-0.0148239135742188 -0.0823898315429687 -0.0438613891601563 0.00545883178710938
0.0420150756835937 -0.0913314819335937 -0.0640182495117187 -0.0169448852539063
0.125236511230469 -0.0287857055664062 -0.0544548034667969 -0.0397300720214844
0.134483337402344 0.041290283203125 -0.0548591613769531 -0.0591697692871094
0.121017456054688 0.1258544921875 -0.0487823486328125 -0.0449028015136719
0.0775604248046875 0.154693603515625 0.0644264221191406 -0.0196876525878906
0.09686279296875 0.113983154296875 0.0324172973632813 0.0477485656738281
0.15509033203125 0.03411865234375 0.0832443237304688 0.0582427978515625
0.110481262207031 -0.0541152954101563 0.104484558105469 0.00225067138671875
0.0471572875976562 -0.097869873046875 0.0723800659179688 -0.0492782592773438
-0.0292816162109375 -0.085052490234375 0.00858306884765625 -0.0600242614746094
-0.0697898864746094 -0.05633544921875 -0.0230236053466797 -0.0321903228759766
-0.0720062255859375 -0.0613632202148438 -0.00970077514648438 -0.00628471374511719
-0.0843734741210938 -0.0476455688476562 -0.00840568542480469 0.0128936767578125
-0.0592002868652344 -0.0648460388183594 -0.0164623260498047 0.0292263031005859
-0.0200347900390625 -0.0958404541015625 -0.0294895172119141 0.024627685546875
0.044830322265625 -0.1005859375 -0.0567588806152344 0.00266265869140624
0.133575439453125 -0.027618408203125 -0.0517463684082031 -0.0244789123535156
0.134368896484375 0.0492019653320313 -0.034271240234375 -0.0454330444335938
0.110450744628906 0.135025024414062 -0.0199432373046875 -0.00276184082031249
0.0464935302734375 0.146026611328125 0.0850143432617188 0.03619384765625
0.0706558227539062 0.125595092773438 0.048431396484375 0.0773696899414063
0.143447875976563 0.0599517822265625 0.0741806030273438 0.073883056640625
0.117088317871094 -0.0357208251953125 0.0939254760742188 0.0294570922851562
0.0595245361328125 -0.0922317504882812 0.072784423828125 -0.01605224609375
-0.0229263305664062 -0.0904312133789063 0.0263252258300781 -0.0289936065673828
-0.0673103332519531 -0.0610504150390625 0.00768184661865234 -0.0121879577636719
-0.07061767578125 -0.0640640258789062 0.0190143585205078 0.00765609741210937
-0.08624267578125 -0.0514144897460937 0.0208187103271484 0.0265750885009766
-0.0602798461914062 -0.0673599243164063 0.00652313232421874 0.0481681823730469
-0.0190200805664063 -0.09796142578125 -0.0136756896972656 0.0435791015625
0.0479202270507812 -0.0954818725585938 -0.0475311279296875 0.0203437805175781
0.129257202148437 -0.016204833984375 -0.0483818054199219 -0.0127220153808594
0.116508483886719 0.05938720703125 -0.0125102996826172 -0.0335617065429687
0.0823287963867187 0.129814147949219 0.00593566894531251 0.0372695922851563
0.00812530517578125 0.108589172363281 0.0969009399414062 0.08380126953125
0.0320587158203125 0.107917785644531 0.059051513671875 0.0998001098632813
0.102806091308594 0.0692291259765625 0.0585784912109375 0.0819549560546875
0.0966262817382812 -0.012542724609375 0.0763397216796875 0.0500869750976562
0.0570220947265625 -0.0694198608398438 0.0663375854492188 0.0129127502441406
-0.0140838623046875 -0.0786361694335938 0.039794921875 0.00069046020507812
-0.0550155639648438 -0.0546989440917969 0.035888671875 0.0060882568359375
-0.0591506958007813 -0.0575218200683594 0.044891357421875 0.0197486877441406
-0.074310302734375 -0.049713134765625 0.047607421875 0.0390205383300781
-0.0514411926269531 -0.0630416870117187 0.02703857421875 0.0656623840332031
-0.0112991333007812 -0.08880615234375 -0.00357437133789062 0.0601806640625
0.0499649047851562 -0.0792083740234375 -0.0416107177734375 0.0345039367675781
0.112815856933594 0.00293731689453125 -0.046356201171875 -0.00364303588867187
0.084686279296875 0.0689849853515625 0.00489234924316407 -0.0223598480224609
0.041107177734375 0.111679077148438 0.0230636596679687 0.073944091796875
-0.0297431945800781 0.0526199340820313 0.100669860839844 0.113914489746094
-0.0077667236328125 0.0692863464355469 0.0659713745117188 0.109687805175781
0.0488777160644531 0.0597457885742188 0.045654296875 0.0815811157226563
0.0587577819824219 0.00540542602539062 0.0615768432617188 0.0595474243164063
0.0416221618652344 -0.0380401611328125 0.058013916015625 0.0315589904785156
-0.00467681884765625 -0.0529632568359375 0.0489578247070313 0.0216407775878906
-0.0341377258300781 -0.0404891967773437 0.0580902099609375 0.0192985534667969
-0.0391273498535156 -0.0429496765136719 0.0647659301757813 0.0290069580078125
-0.0522308349609375 -0.0415534973144531 0.06884765625 0.0500946044921875
-0.0348548889160156 -0.0512962341308594 0.0412521362304687 0.0811843872070313
-0.00061416625976563 -0.0690269470214844 0.00124359130859376 0.076202392578125
0.0476150512695312 -0.0525588989257812 -0.0413665771484375 0.0472602844238281
0.0834426879882813 0.0220947265625 -0.04833984375 0.00185394287109375
0.04241943359375 0.0706558227539063 0.0146827697753906 -0.00950336456298828
-0.00576782226562499 0.0785598754882812 0.0269546508789062 0.103134155273438
0.0468788146972656 -0.023193359375 -0.0389328002929688 -0.119773864746094
-0.000835418701171879 -0.0469741821289062 -0.0256423950195313 -0.00402641296386719
-0.037872314453125 -0.0234642028808594 0.0565643310546875 0.00392532348632812
-0.035797119140625 0.0177726745605469 0.066680908203125 -0.0580406188964844
-0.0114898681640625 0.0372734069824219 0.0174331665039062 -0.094207763671875
0.0182304382324219 0.0300788879394531 -0.0446090698242187 -0.099517822265625
0.0178108215332031 0.0189571380615234 -0.085845947265625 -0.0609588623046875
0.0114002227783203 0.0197467803955078 -0.0797195434570313 -0.0386734008789063
0.00990867614746094 0.0212917327880859 -0.0731353759765625 -0.0262680053710937
-0.00348854064941406 0.0173244476318359 -0.0622215270996094 -0.0346794128417969
-0.0189800262451172 0.00458717346191406 -0.0606842041015625 -0.0405769348144531
-0.0226268768310547 -0.0252113342285156 -0.0601234436035156 -0.0607795715332031
0.0148391723632812 -0.0391769409179688 -0.0404052734375 -0.0896530151367187
0.0522880554199219 -0.0244979858398438 -0.0694122314453125 -0.108779907226563
0.0666313171386719 -0.00112152099609375 -0.0988235473632813 -0.135177612304688
0.0810699462890625 0.03375244140625 -0.0206298828125 -0.124649047851563
0.044158935546875 -0.0149650573730469 -0.0201377868652344 -0.00646781921386719
0.01727294921875 -0.0291957855224609 0.0672454833984375 0.00813674926757812
-0.00629615783691406 -0.0144968032836914 0.0811691284179688 -0.0575637817382813
-0.00810432434082031 -0.00355339050292969 0.0296859741210937 -0.101593017578125
-0.00386428833007813 0.00171542167663574 -0.041473388671875 -0.106285095214844
-0.0136137008666992 0.000380516052246094 -0.0862197875976563 -0.0634536743164063
-0.017481803894043 -0.00508213043212891 -0.0766067504882813 -0.0384750366210938
-0.0188713073730469 -0.00165176391601563 -0.071990966796875 -0.0244827270507813
-0.0164508819580078 -0.0115299224853516 -0.062225341796875 -0.0277481079101563
-0.008880615234375 -0.0291061401367187 -0.0597114562988281 -0.0324020385742188
0.0123748779296875 -0.0471382141113281 -0.0640602111816406 -0.0534019470214844
0.0629768371582031 -0.0243949890136719 -0.0455856323242188 -0.0760955810546875
0.0874176025390625 0.0115127563476563 -0.0719070434570312 -0.0954513549804688
0.095611572265625 0.0583038330078125 -0.0906295776367188 -0.119171142578125
0.100456237792969 0.091064453125 0.00592803955078126 -0.1094970703125
0.0825881958007813 0.0307083129882813 -0.00678205490112304 0.00127840042114258
0.0793685913085938 -0.0211410522460938 0.078765869140625 0.0205230712890625
0.0354843139648438 -0.0431404113769531 0.0966415405273438 -0.0474472045898438
0.00493240356445312 -0.04730224609375 0.047332763671875 -0.0984954833984375
-0.0207099914550781 -0.0323333740234375 -0.029998779296875 -0.103279113769531
-0.0423965454101563 -0.0221138000488281 -0.074554443359375 -0.0609893798828125
-0.044342041015625 -0.0297698974609375 -0.0628242492675781 -0.0321884155273437
-0.0483055114746094 -0.0219345092773438 -0.0592689514160156 -0.0149307250976563
-0.0327987670898437 -0.0373001098632813 -0.0553779602050781 -0.0116348266601563
-0.0080413818359375 -0.0606307983398438 -0.0559158325195313 -0.0151023864746094
0.034027099609375 -0.072479248046875 -0.0685157775878906 -0.03765869140625
0.103317260742187 -0.0234527587890625 -0.0522270202636719 -0.059814453125
0.119087219238281 0.0333251953125 -0.0684967041015625 -0.0775604248046875
0.117347717285156 0.102607727050781 -0.0748825073242187 -0.0870361328125
0.0992279052734375 0.1365966796875 0.0371322631835938 -0.0724639892578125
0.103858947753906 0.0800704956054688 0.0120735168457031 0.0213718414306641
0.133049011230469 0.00250244140625 0.0859603881835938 0.0391006469726563
0.08001708984375 -0.05975341796875 0.107383728027344 -0.0257644653320313
0.0260009765625 -0.0832901000976563 0.06451416015625 -0.0809707641601563
-0.0297470092773437 -0.0653495788574219 -0.0110702514648438 -0.0886993408203125
-0.0621070861816406 -0.0426368713378906 -0.0522804260253906 -0.0498428344726563
-0.06414794921875 -0.0497550964355469 -0.0390815734863281 -0.0209693908691406
-0.0720901489257813 -0.03839111328125 -0.0369911193847656 -0.00159835815429688
-0.0495872497558594 -0.0553016662597656 -0.0392799377441406 0.00905609130859375
-0.0153350830078125 -0.0841140747070313 -0.0459480285644531 0.00493240356445312
0.0428924560546875 -0.0941925048828125 -0.0678520202636719 -0.0174598693847656
0.128929138183594 -0.0292129516601563 -0.0557746887207031 -0.0422248840332031
0.138420104980469 0.042449951171875 -0.05572509765625 -0.06103515625
0.125137329101562 0.129486083984375 -0.0489311218261719 -0.0456924438476563
0.079071044921875 0.158416748046875 0.0646018981933594 -0.0193901062011719
0.0995941162109375 0.117729187011719 0.0314064025878906 0.0502052307128906
0.15924072265625 0.0339202880859375 0.0841445922851563 0.06036376953125
0.113121032714844 -0.05517578125 0.106796264648438 0.0030517578125
0.048126220703125 -0.100502014160156 0.0755081176757813 -0.0505523681640625
-0.0297622680664062 -0.087188720703125 0.0100288391113281 -0.0618476867675781
-0.0718307495117188 -0.05743408203125 -0.0230312347412109 -0.0326061248779297
-0.075103759765625 -0.062713623046875 -0.0106906890869141 -0.00704669952392578
-0.0868988037109375 -0.0484542846679688 -0.00896453857421875 0.0127553939819336
-0.0601158142089844 -0.06494140625 -0.0175113677978516 0.0303783416748047
-0.0208511352539063 -0.0978164672851563 -0.0317916870117188 0.025848388671875
0.0457534790039062 -0.103172302246094 -0.0607681274414063 0.00295639038085937
0.138092041015625 -0.0288848876953125 -0.0529823303222656 -0.0261154174804688
0.138175964355469 0.0507125854492188 -0.0355796813964844 -0.0473136901855469
0.113853454589844 0.138687133789063 -0.020751953125 -0.00351715087890624
0.0464019775390625 0.149856567382813 0.0856857299804688 0.038177490234375
0.0728530883789063 0.129035949707031 0.0475082397460938 0.0802536010742188
0.147720336914063 0.061004638671875 0.073455810546875 0.0767974853515625
0.119491577148438 -0.03619384765625 0.0946731567382813 0.0310745239257812
0.0603790283203125 -0.0951461791992188 0.075653076171875 -0.0156021118164063
-0.02337646484375 -0.0923309326171875 0.0280666351318359 -0.0288734436035156
-0.0691680908203125 -0.0619926452636719 0.00830554962158203 -0.0124540328979492
-0.0736465454101563 -0.0658035278320312 0.0197257995605469 0.00729179382324218
-0.0879898071289063 -0.0522994995117188 0.0206871032714844 0.0266895294189453
-0.06201171875 -0.0675926208496094 0.00704193115234375 0.04949951171875
-0.0198135375976563 -0.099029541015625 -0.015350341796875 0.0436477661132812
0.0483474731445312 -0.0982131958007812 -0.0512275695800781 0.0207977294921875
0.133163452148437 -0.017852783203125 -0.0499801635742188 -0.0142059326171875
0.119720458984375 0.0610198974609375 -0.0133934020996094 -0.0351600646972656
0.0853652954101563 0.132667541503906 0.00575637817382813 0.03802490234375
0.00732421875000001 0.110824584960938 0.097076416015625 0.0873489379882813
0.0325775146484375 0.111038208007813 0.0588912963867188 0.103324890136719
0.105644226074219 0.0707626342773438 0.0587310791015625 0.085723876953125
0.0986862182617188 -0.0126571655273438 0.0784072875976562 0.0518569946289062
0.0576324462890625 -0.0714797973632813 0.0683555603027344 0.0141258239746094
-0.014801025390625 -0.08062744140625 0.0419158935546875 0.001434326171875
-0.0564460754394531 -0.0555763244628906 0.0366668701171875 0.0062408447265625
-0.0622673034667969 -0.0589675903320313 0.0462646484375 0.019195556640625
-0.0768356323242188 -0.0504531860351563 0.0490989685058594 0.0395164489746094
-0.05242919921875 -0.0646095275878906 0.0278244018554688 0.0672073364257813
-0.0115127563476563 -0.090545654296875 -0.00458908081054687 0.0612373352050781
0.0504226684570312 -0.0807647705078125 -0.0443840026855469 0.0346488952636719
0.116020202636719 0.00194549560546875 -0.0479774475097656 -0.00522232055664062
0.0867538452148438 0.07086181640625 0.00415802001953126 -0.0232963562011719
0.0420761108398438 0.114250183105469 0.0228729248046875 0.0750198364257813
-0.0311279296875 0.0541191101074219 0.101066589355469 0.116775512695313
-0.007904052734375 0.0714340209960938 0.0656509399414063 0.112541198730469
0.0496330261230469 0.0602302551269531 0.0459365844726563 0.0849685668945313
0.0605735778808594 0.0065155029296875 0.0625267028808594 0.0614814758300781
0.0426101684570313 -0.0387306213378906 0.0592460632324219 0.0332908630371094
-0.00576782226562501 -0.0548133850097656 0.0511360168457031 0.0223770141601562
-0.0361137390136719 -0.0408706665039063 0.0593910217285156 0.019439697265625
-0.0410499572753906 -0.0436172485351562 0.0670127868652344 0.0283737182617187
-0.0534133911132813 -0.04144287109375 0.0708770751953125 0.0508193969726563
-0.0358238220214844 -0.0526275634765625 0.0429611206054688 0.083465576171875
-0.00135040283203126 -0.0705795288085938 -9.15527343750013E-05 0.0777587890625
0.0483169555664062 -0.0541458129882812 -0.0432319641113281 0.0478858947753906
0.0861968994140625 0.0221176147460937 -0.0496788024902344 0.00104141235351563
0.0439910888671875 0.0717620849609375 0.0146522521972656 -0.0102834701538086
-0.00627136230468749 0.080047607421875 0.0263595581054687 0.104942321777344
0.0475425720214844 -0.0240745544433594 -0.0420074462890625 -0.122268676757812
-0.00181198120117187 -0.0491294860839844 -0.0264892578125 -0.00220298767089844
-0.0403175354003906 -0.0239715576171875 0.0586318969726563 0.00406646728515625
-0.036407470703125 0.0193023681640625 0.0691566467285156 -0.0606155395507812
-0.00984954833984375 0.039276123046875 0.0171737670898438 -0.09759521484375
0.0196495056152344 0.0305919647216797 -0.0481491088867187 -0.10296630859375
0.0188255310058594 0.0188045501708984 -0.0905303955078125 -0.0611190795898438
0.0120429992675781 0.0199794769287109 -0.0846099853515625 -0.0381393432617188
0.0106143951416016 0.0217056274414063 -0.0769424438476563 -0.0247344970703125
-0.00329971313476562 0.0182857513427734 -0.0659294128417969 -0.0350990295410156
-0.0192070007324219 0.00503921508789062 -0.0645484924316406 -0.0409660339355469
-0.0235137939453125 -0.0249862670898437 -0.0640411376953125 -0.0618629455566406
0.0148277282714844 -0.0406951904296875 -0.0429000854492187 -0.091552734375
0.0535316467285156 -0.0266952514648438 -0.072113037109375 -0.111679077148438
0.0694389343261719 -0.0029754638671875 -0.103805541992188 -0.137954711914063
0.0847702026367188 0.032989501953125 -0.0240936279296875 -0.127182006835937
0.0454139709472656 -0.016204833984375 -0.0211696624755859 -0.00464439392089844
0.0168323516845703 -0.0310554504394531 0.0689659118652344 0.00878143310546875
-0.00633525848388672 -0.0145349502563477 0.0834274291992187 -0.0606155395507812
-0.00807905197143555 -0.00305843353271484 0.029998779296875 -0.1060791015625
-0.0031425952911377 0.00139594078063965 -0.0445938110351563 -0.109825134277344
-0.013585090637207 0.000256538391113282 -0.0906448364257813 -0.06341552734375
-0.0184745788574219 -0.00456809997558593 -0.0812454223632812 -0.0378952026367188
-0.0204067230224609 -0.00217247009277344 -0.075836181640625 -0.0230560302734375
-0.0162811279296875 -0.0125818252563477 -0.0655746459960938 -0.0278282165527344
-0.00919532775878906 -0.0295677185058594 -0.0631446838378906 -0.0329551696777344
0.012237548828125 -0.0489616394042969 -0.0685844421386719 -0.0535926818847656
0.0654525756835938 -0.025604248046875 -0.0480728149414062 -0.0793533325195312
0.0906753540039062 0.01123046875 -0.0757217407226563 -0.0973587036132813
0.099822998046875 0.0581588745117188 -0.0960845947265625 -0.121116638183594
0.105262756347656 0.0919265747070313 0.003692626953125 -0.112113952636719
0.0860214233398437 0.0307388305664062 -0.00750589370727538 0.00327253341674805
0.0808792114257813 -0.0242691040039063 0.0806198120117188 0.0210037231445313
0.0352210998535156 -0.045013427734375 0.0998611450195313 -0.0501785278320313
0.00396728515624999 -0.0487518310546875 0.0476760864257813 -0.102890014648437
-0.0220508575439453 -0.0331687927246094 -0.0322036743164062 -0.107208251953125
-0.0437393188476563 -0.0213737487792969 -0.079071044921875 -0.0609054565429688
-0.0474128723144531 -0.0293502807617187 -0.0664787292480469 -0.0319328308105469
-0.0505867004394531 -0.0223350524902344 -0.0624046325683594 -0.0138778686523437
-0.0340156555175781 -0.0380172729492188 -0.0579795837402344 -0.0107192993164062
-0.00963211059570313 -0.0615577697753906 -0.0590248107910156 -0.0152435302734375
0.033599853515625 -0.0755767822265625 -0.0729522705078125 -0.0379867553710938
0.106819152832031 -0.026641845703125 -0.0550155639648437 -0.0620040893554688
0.123214721679688 0.0322494506835938 -0.0718612670898437 -0.0794296264648438
0.123779296875 0.103607177734375 -0.0786285400390625 -0.088531494140625
0.104652404785156 0.140045166015625 0.036224365234375 -0.0746688842773438
0.109283447265625 0.0810546875 0.0115909576416016 0.0234394073486328
0.137351989746094 -0.00159454345703125 0.0877609252929688 0.0398406982421875
0.0813980102539063 -0.0623855590820313 0.110671997070313 -0.028350830078125
0.025115966796875 -0.087188720703125 0.0668487548828125 -0.0846405029296875
-0.0313339233398438 -0.0669479370117187 -0.0120620727539063 -0.0922012329101563
-0.0650482177734375 -0.0424995422363281 -0.0553779602050781 -0.049560546875
-0.0688858032226563 -0.0498504638671875 -0.0414581298828125 -0.0208206176757813
-0.0755081176757813 -0.0373764038085937 -0.0392913818359375 -0.000751495361328121
-0.0518913269042969 -0.0558357238769531 -0.0411491394042969 0.00988006591796875
-0.0172653198242188 -0.086395263671875 -0.0485916137695313 0.00613784790039063
0.0421371459960938 -0.0978012084960938 -0.071502685546875 -0.0165786743164063
0.132652282714844 -0.03369140625 -0.0586166381835937 -0.0436782836914062
0.143478393554688 0.0418701171875 -0.0584335327148438 -0.0624771118164062
0.132919311523438 0.130729675292969 -0.0527420043945313 -0.0469741821289062
0.08380126953125 0.163482666015625 0.0645980834960937 -0.0196685791015625
0.105583190917969 0.120445251464844 0.0322494506835938 0.0528755187988281
0.165756225585938 0.0313873291015625 0.0868911743164063 0.06146240234375
0.115364074707031 -0.058837890625 0.111404418945313 0.00228118896484375
0.047821044921875 -0.105148315429687 0.0778732299804687 -0.0532684326171875
-0.0322494506835938 -0.0900726318359375 0.00888824462890625 -0.0644645690917969
-0.074951171875 -0.057952880859375 -0.0248088836669922 -0.0328159332275391
-0.0800933837890625 -0.0630569458007812 -0.0113487243652344 -0.0070648193359375
-0.0908584594726563 -0.0477066040039063 -0.00965118408203126 0.0135564804077148
-0.063323974609375 -0.0661506652832031 -0.0171184539794922 0.0312995910644531
-0.023345947265625 -0.100364685058594 -0.0333194732666016 0.0269527435302734
0.0452194213867187 -0.1072998046875 -0.0638618469238281 0.00358581542968749
0.141632080078125 -0.033905029296875 -0.0561370849609375 -0.0280036926269531
0.144012451171875 0.050048828125 -0.0375556945800781 -0.0485153198242188
0.122299194335938 0.14111328125 -0.0222072601318359 -0.00338935852050781
0.0498046875 0.1541748046875 0.0874710083007813 0.0388336181640625
0.078369140625 0.132423400878906 0.0492324829101563 0.0836410522460938
0.153656005859375 0.0595245361328125 0.0761947631835938 0.07928466796875
0.122474670410156 -0.0391998291015625 0.100357055664063 0.0324478149414063
0.0609130859375 -0.100051879882813 0.078277587890625 -0.0171890258789063
-0.025726318359375 -0.095367431640625 0.02911376953125 -0.030303955078125
-0.0723114013671875 -0.0619430541992187 0.00844669342041015 -0.0125885009765625
-0.0793991088867188 -0.0661468505859375 0.0204257965087891 0.00642967224121093
-0.0923690795898437 -0.051544189453125 0.0221595764160156 0.0272941589355469
-0.0645370483398438 -0.0694427490234375 0.00788879394531249 0.0509567260742187
-0.0222320556640625 -0.101692199707031 -0.0170555114746094 0.0456390380859375
0.047760009765625 -0.101692199707031 -0.0535049438476563 0.0217056274414062
0.137275695800781 -0.0218734741210938 -0.05224609375 -0.0147895812988281
0.125335693359375 0.0606613159179688 -0.0149345397949219 -0.0371780395507812
0.0914154052734375 0.135200500488281 0.00635910034179688 0.0384445190429688
0.00935363769531249 0.115531921386719 0.101203918457031 0.088470458984375
0.0364303588867188 0.114143371582031 0.06103515625 0.106117248535156
0.111320495605469 0.07012939453125 0.0607223510742188 0.088104248046875
0.102149963378906 -0.0152130126953125 0.0817642211914063 0.0528182983398438
0.0582504272460937 -0.0756988525390625 0.0713882446289063 0.0134735107421875
-0.01666259765625 -0.0828323364257813 0.0444908142089844 0.00119400024414062
-0.0594596862792969 -0.0553092956542969 0.0388145446777344 0.00538253784179687
-0.0666389465332031 -0.0594635009765625 0.0485382080078125 0.0181808471679687
-0.0808486938476563 -0.0499343872070312 0.051727294921875 0.0390243530273437
-0.0552330017089844 -0.0644454956054687 0.0300102233886719 0.0689544677734375
-0.0144805908203125 -0.0925521850585938 -0.0053558349609375 0.0634117126464844
0.0501785278320313 -0.08453369140625 -0.0471000671386719 0.0366783142089844
0.120376586914062 -0.0014801025390625 -0.0495491027832031 -0.0052032470703125
0.0912933349609375 0.0714492797851563 0.0033416748046875 -0.0255146026611328
0.0465774536132812 0.116531372070313 0.0246353149414063 0.0770950317382813
-0.0311965942382813 0.0568580627441406 0.105514526367187 0.11932373046875
-0.0069732666015625 0.0732879638671875 0.0682449340820313 0.115447998046875
0.052947998046875 0.0611610412597656 0.0476760864257813 0.0874404907226562
0.0628700256347656 0.00571441650390625 0.0658340454101563 0.0639381408691406
0.0429573059082031 -0.04217529296875 0.0630340576171875 0.0332984924316406
-0.00715255737304688 -0.0561637878417969 0.0543022155761719 0.0233650207519531
-0.038360595703125 -0.0406150817871094 0.0623893737792969 0.0177040100097656
-0.0447769165039062 -0.0447463989257812 0.0694160461425781 0.0264472961425781
-0.0567588806152344 -0.0417938232421875 0.0741195678710938 0.05047607421875
-0.0380210876464844 -0.0532913208007812 0.0465087890625 0.0846633911132813
-0.00281524658203126 -0.0726470947265625 -6.86645507812568E-05 0.0803909301757813
0.0479164123535156 -0.0570793151855469 -0.0452003479003906 0.0497245788574219
0.0905990600585938 0.019622802734375 -0.05224609375 0.00105285644531251
0.0467453002929688 0.0732879638671875 0.0133266448974609 -0.0125370025634766
-0.00481414794921875 0.0821456909179687 0.0286865234375 0.1077880859375
0.048004150390625 -0.0258636474609375 -0.0477828979492187 -0.122772216796875
-0.00481033325195313 -0.0504798889160156 -0.0269565582275391 0.000144958496093749
-0.0421829223632813 -0.0229377746582031 0.0602455139160156 0.0027923583984375
-0.0354232788085938 0.0213775634765625 0.0683479309082031 -0.064300537109375
-0.00815200805664063 0.0401763916015625 0.0143356323242187 -0.101661682128906
0.0211658477783203 0.0295200347900391 -0.0541152954101562 -0.103767395019531
0.019775390625 0.0177230834960938 -0.095703125 -0.0582351684570313
0.0126724243164063 0.0197906494140625 -0.0887222290039063 -0.0342254638671875
0.0117607116699219 0.0211391448974609 -0.0797653198242188 -0.021942138671875
-0.00246238708496094 0.0179576873779297 -0.0695228576660156 -0.0333976745605469
-0.0189571380615234 0.00537872314453125 -0.0685806274414063 -0.0406608581542969
-0.0249881744384766 -0.0242156982421875 -0.0676956176757812 -0.0605430603027344
0.013824462890625 -0.0419425964355469 -0.0459976196289062 -0.09246826171875
0.0538749694824219 -0.0299606323242188 -0.0770111083984375 -0.111526489257813
0.0698432922363281 -0.00570297241210937 -0.110511779785156 -0.136528015136719
0.0874862670898438 0.031402587890625 -0.0296554565429687 -0.128486633300781
0.0458869934082031 -0.0185432434082031 -0.0224113464355469 -0.00226593017578126
0.0156688690185547 -0.0321693420410156 0.0707778930664062 0.0073394775390625
-0.0069131851196289 -0.0140552520751953 0.0832672119140625 -0.0648574829101563
-0.00829839706420899 -0.00312709808349609 0.0277633666992187 -0.110275268554688
-0.00302815437316895 0.0012819766998291 -0.050079345703125 -0.111328125
-0.014286994934082 -0.000148773193359376 -0.0956497192382812 -0.0611190795898438
-0.0195465087890625 -0.00419044494628906 -0.0858612060546875 -0.03472900390625
-0.0204219818115234 -0.001129150390625 -0.078643798828125 -0.0194931030273438
-0.016728401184082 -0.0127420425415039 -0.0692863464355469 -0.0256614685058594
-0.00952339172363281 -0.0300388336181641 -0.0670509338378906 -0.0314559936523438
0.00985336303710937 -0.0499153137207031 -0.0721817016601562 -0.0524063110351563
0.0662727355957031 -0.0288047790527344 -0.0514602661132812 -0.0792007446289062
0.0931243896484375 0.00751495361328125 -0.080047607421875 -0.0964431762695313
0.104507446289063 0.0553207397460938 -0.102546691894531 -0.120223999023438
0.110679626464844 0.0911407470703125 -0.00131988525390623 -0.113075256347656
0.0890960693359375 0.0277023315429688 -0.00863933563232421 0.00562810897827149
0.0815811157226563 -0.0284423828125 0.0829086303710938 0.019439697265625
0.0345535278320313 -0.0470390319824219 0.100654602050781 -0.054931640625
0.00249862670898438 -0.0504379272460937 0.0461196899414062 -0.107177734375
-0.0234279632568359 -0.0328788757324219 -0.0369491577148438 -0.109550476074219
-0.0453605651855469 -0.0202903747558594 -0.0832901000976563 -0.0582504272460937
-0.05029296875 -0.0277557373046875 -0.06988525390625 -0.0291595458984375
-0.0525474548339844 -0.0205802917480469 -0.0654296875 -0.0111465454101562
-0.0358619689941406 -0.0378303527832031 -0.060394287109375 -0.00852966308593749
-0.0117149353027344 -0.0628471374511719 -0.0623321533203125 -0.0140190124511719
0.0311203002929687 -0.07830810546875 -0.0775909423828125 -0.0352935791015625
0.108627319335938 -0.0315093994140625 -0.0582427978515625 -0.0625534057617187
0.128250122070313 0.0282821655273438 -0.07623291015625 -0.0783309936523437
0.130882263183594 0.100662231445313 -0.0830764770507812 -0.0873565673828125
0.11199951171875 0.139877319335938 0.0334320068359375 -0.076263427734375
0.114852905273438 0.0788116455078125 0.0117645263671875 0.0258255004882813
0.14031982421875 -0.00756072998046875 0.0901947021484375 0.0379791259765625
0.080810546875 -0.0668792724609375 0.11297607421875 -0.03314208984375
0.0222015380859375 -0.090301513671875 0.0654449462890625 -0.089813232421875
-0.0347251892089844 -0.0670814514160156 -0.015655517578125 -0.094024658203125
-0.0683250427246094 -0.0408859252929688 -0.0588531494140625 -0.0485343933105469
-0.0734786987304688 -0.0480499267578125 -0.0438308715820313 -0.0197830200195313
-0.0790252685546875 -0.0352020263671875 -0.0412750244140625 0.000720977783203117
-0.0544815063476563 -0.0553741455078125 -0.0423965454101563 0.0121574401855469
-0.0203933715820312 -0.0876541137695313 -0.0511436462402344 0.00766372680664061
0.0386199951171875 -0.101669311523438 -0.0760269165039062 -0.0144195556640625
0.134773254394531 -0.0400314331054688 -0.061309814453125 -0.0440597534179687
0.148178100585938 0.03704833984375 -0.0625 -0.0617561340332031
0.141433715820313 0.127883911132813 -0.0557861328125 -0.0459022521972656
0.0919189453125 0.163742065429688 0.0643806457519531 -0.0212860107421875
0.112541198730469 0.119354248046875 0.03302001953125 0.0545120239257813
0.170196533203125 0.0241241455078125 0.0894622802734375 0.0608978271484375
0.115409851074219 -0.0645065307617187 0.114776611328125 -0.001678466796875
0.044097900390625 -0.109756469726563 0.0780181884765625 -0.057769775390625
-0.0362548828125 -0.09100341796875 0.00837326049804687 -0.0658798217773438
-0.078369140625 -0.0556488037109375 -0.026580810546875 -0.0325641632080078
-0.0855941772460937 -0.0608673095703125 -0.0123348236083984 -0.00729465484619141
-0.0949325561523438 -0.044525146484375 -0.00889205932617188 0.0137491226196289
-0.0668220520019531 -0.0647850036621094 -0.0173778533935547 0.0329189300537109
-0.0268325805664062 -0.101089477539063 -0.0344333648681641 0.0292129516601562
0.0411834716796875 -0.111541748046875 -0.0678977966308594 0.00696182250976562
0.143692016601563 -0.041046142578125 -0.0581703186035156 -0.027496337890625
0.14947509765625 0.04571533203125 -0.0404586791992187 -0.0492477416992187
0.131080627441406 0.137863159179688 -0.0229263305664062 -0.00202560424804687
0.0565948486328125 0.15625 0.0895843505859375 0.0376129150390625
0.084930419921875 0.132423400878906 0.0519866943359375 0.0842666625976563
0.1600341796875 0.0536651611328125 0.07867431640625 0.0789642333984375
0.12347412109375 -0.0445098876953125 0.102973937988281 0.028594970703125
0.0575180053710938 -0.105224609375 0.0801544189453125 -0.0201034545898438
-0.0307540893554688 -0.0961990356445313 0.0301475524902344 -0.0322818756103516
-0.076446533203125 -0.0599746704101563 0.00878620147705078 -0.0132036209106445
-0.0851669311523437 -0.06396484375 0.0202236175537109 0.00500869750976562
-0.0967941284179688 -0.048736572265625 0.0232887268066406 0.0262184143066406
-0.0681877136230469 -0.0669937133789063 0.0102005004882812 0.0514602661132813
-0.0264663696289063 -0.102615356445313 -0.01751708984375 0.0479202270507813
0.044525146484375 -0.106430053710938 -0.0566291809082031 0.024658203125
0.139190673828125 -0.0290908813476562 -0.054107666015625 -0.0142593383789063
0.13067626953125 0.0571823120117188 -0.01788330078125 -0.0384063720703125
0.0999908447265625 0.134384155273438 0.00750732421875001 0.03875732421875
0.0133743286132813 0.117591857910156 0.104904174804688 0.0876846313476563
0.0417938232421875 0.115531921386719 0.0648727416992188 0.106864929199219
0.116806030273438 0.0666122436523438 0.0638351440429688 0.0887298583984375
0.103691101074219 -0.0189056396484375 0.0858306884765625 0.0514678955078125
0.0561065673828125 -0.0801315307617188 0.07391357421875 0.011688232421875
-0.020843505859375 -0.0842056274414063 0.0465583801269531 -2.67028808593802E-05
-0.0628013610839844 -0.0542144775390625 0.040435791015625 0.0039215087890625
-0.0714492797851563 -0.0576705932617188 0.050140380859375 0.0153427124023437
-0.0848922729492188 -0.0466842651367188 0.0542793273925781 0.0373497009277344
-0.0591087341308594 -0.0636940002441406 0.0341644287109375 0.068939208984375
-0.018707275390625 -0.0936203002929687 -0.004669189453125 0.0654106140136719
0.0470199584960937 -0.0884170532226562 -0.0479507446289063 0.0394134521484375
0.122901916503906 -0.0071563720703125 -0.0512657165527344 -0.00441360473632813
0.0965957641601563 0.0693130493164063 0.00133514404296876 -0.0271797180175781
0.0525054931640625 0.117317199707031 0.0276336669921875 0.0772476196289063
-0.030548095703125 0.0593490600585938 0.110343933105469 0.118560791015625
-0.00421905517578126 0.0754776000976563 0.0730514526367188 0.115875244140625
0.0572433471679687 0.0590286254882812 0.0508575439453125 0.0885772705078125
0.0647544860839844 0.00316238403320313 0.0701065063476563 0.0631370544433594
0.0418815612792969 -0.0451927185058594 0.0659675598144531 0.032501220703125
-0.0103569030761719 -0.0569000244140625 0.0580558776855469 0.0218467712402344
-0.0403404235839844 -0.0393524169921875 0.0645599365234375 0.0158805847167969
-0.0478897094726563 -0.0432281494140625 0.0721664428710938 0.0238800048828125
-0.0608367919921875 -0.0397720336914063 0.0783920288085938 0.0471878051757812
-0.041107177734375 -0.0526390075683594 0.0512313842773437 0.0847320556640625
-0.00618743896484375 -0.0740890502929687 0.002105712890625 0.0823593139648438
0.0467071533203125 -0.0604324340820312 -0.0454559326171875 0.0528564453125
0.0937652587890625 0.0156478881835938 -0.0536041259765625 0.00193023681640624
0.05181884765625 0.0727005004882813 0.0128927230834961 -0.0144643783569336
-0.00240325927734375 0.084197998046875 0.03265380859375 0.108436584472656
0.0472183227539063 -0.027801513671875 -0.0519866943359375 -0.120475769042969
-0.00672912597656249 -0.0496482849121094 -0.0270175933837891 0.00196266174316406
-0.0436630249023438 -0.0213890075683594 0.060394287109375 0.00154876708984375
-0.0338573455810547 0.0230598449707031 0.0667533874511719 -0.0664749145507813
-0.00589752197265625 0.0402870178222656 0.01141357421875 -0.103286743164062
0.0223197937011719 0.0285530090332031 -0.0584640502929688 -0.102798461914063
0.0201930999755859 0.0169868469238281 -0.0991897583007813 -0.0546722412109375
0.0131759643554688 0.0191688537597656 -0.0906143188476563 -0.0294189453125
0.0128574371337891 0.0201187133789062 -0.0810546875 -0.0173797607421875
-0.00138378143310547 0.0170173645019531 -0.0717926025390625 -0.0309066772460938
-0.0191898345947266 0.00592613220214843 -0.0709991455078125 -0.0383224487304688
-0.0264987945556641 -0.0226955413818359 -0.0699195861816406 -0.0586357116699219
0.0128364562988281 -0.0422592163085938 -0.0478286743164062 -0.092071533203125
0.0530014038085938 -0.0323143005371094 -0.0797348022460937 -0.10870361328125
0.0699119567871094 -0.00886154174804688 -0.114944458007812 -0.132453918457031
0.0889663696289063 0.0284423828125 -0.0341720581054687 -0.126029968261719
0.0448646545410156 -0.0204505920410156 -0.022613525390625 2.09808349609347E-05
0.0137825012207031 -0.0327091217041016 0.0711746215820313 0.00605010986328125
-0.00719356536865234 -0.0133523941040039 0.0821533203125 -0.0670700073242188
-0.00744819641113281 -0.00278854370117188 0.0240859985351562 -0.112144470214844
-0.00296425819396973 0.000963211059570312 -0.05560302734375 -0.110374450683594
-0.0141410827636719 0.000725746154785158 -0.0987167358398438 -0.057098388671875
-0.0203666687011719 -0.00321769714355469 -0.08746337890625 -0.030181884765625
-0.020660400390625 -0.00120353698730469 -0.0801620483398438 -0.0154953002929687
-0.0165252685546875 -0.0123386383056641 -0.0718002319335938 -0.023162841796875
-0.0107421875 -0.0305061340332031 -0.0692863464355469 -0.0299263000488281
0.00829696655273437 -0.0496406555175781 -0.0743331909179688 -0.049713134765625
0.0656013488769531 -0.0314712524414063 -0.0529861450195312 -0.0782546997070313
0.0936431884765625 0.00405120849609375 -0.0820541381835938 -0.0942001342773437
0.107025146484375 0.0512771606445313 -0.106071472167969 -0.11639404296875
0.115386962890625 0.0868988037109375 -0.00501251220703123 -0.11151123046875
0.0901870727539063 0.0238418579101563 -0.00865173339843749 0.00822734832763672
0.080169677734375 -0.0320892333984375 0.082855224609375 0.0176162719726563
0.0328140258789063 -0.0482254028320313 0.0992355346679688 -0.0581817626953125
0.000431060791015626 -0.0499229431152344 0.04315185546875 -0.109947204589844
-0.0241107940673828 -0.0321750640869141 -0.0412673950195313 -0.108894348144531
-0.04583740234375 -0.0191001892089844 -0.0861358642578125 -0.0546722412109375
-0.0525741577148438 -0.0264625549316406 -0.0721206665039063 -0.0262832641601563
-0.0531196594238281 -0.0188369750976563 -0.0662841796875 -0.00774002075195313
-0.0362739562988281 -0.0368270874023437 -0.0616912841796875 -0.00647735595703125
-0.0135955810546875 -0.0629043579101563 -0.0641021728515625 -0.0121917724609375
0.027862548828125 -0.079345703125 -0.0794677734375 -0.03216552734375
0.107810974121094 -0.0364532470703125 -0.0601119995117187 -0.0615119934082031
0.128639221191406 0.0238800048828125 -0.07843017578125 -0.0758209228515625
0.135063171386719 0.0953140258789063 -0.0865631103515625 -0.0834579467773438
0.118125915527344 0.135787963867188 0.0299224853515625 -0.0761489868164062
0.118240356445312 0.0744400024414063 0.0114669799804688 0.0264968872070313
0.139968872070312 -0.0136260986328125 0.0907135009765625 0.0363616943359375
0.0779342651367188 -0.0693588256835938 0.112564086914063 -0.0366744995117188
0.0183181762695313 -0.090728759765625 0.06317138671875 -0.0927581787109375
-0.0379371643066406 -0.06597900390625 -0.019195556640625 -0.0946044921875
-0.0693588256835937 -0.038055419921875 -0.06072998046875 -0.0461997985839844
-0.0766448974609375 -0.0449676513671875 -0.0453414916992188 -0.0178871154785156
-0.08062744140625 -0.032135009765625 -0.0420722961425781 0.00267791748046875
-0.0556411743164063 -0.0532455444335937 -0.0423049926757813 0.0144157409667969
-0.0232772827148438 -0.0863189697265625 -0.0522804260253906 0.0096282958984375
0.0344161987304688 -0.103660583496094 -0.07763671875 -0.0104904174804688
0.133148193359375 -0.046844482421875 -0.0627479553222656 -0.0430488586425781
0.149490356445313 0.0318145751953125 -0.0648307800292969 -0.0602188110351563
0.146728515625 0.121597290039062 -0.0573158264160156 -0.0439529418945312
0.097930908203125 0.16162109375 0.0626068115234375 -0.0217094421386719
0.117813110351563 0.11492919921875 0.0342597961425781 0.0553436279296875
0.171218872070312 0.01690673828125 0.0898513793945313 0.05804443359375
0.113807678222656 -0.06903076171875 0.114608764648438 -0.00539398193359376
0.0400009155273438 -0.111503601074219 0.0777053833007812 -0.0609512329101563
-0.0393524169921875 -0.089080810546875 0.006195068359375 -0.0666732788085938
-0.0800018310546875 -0.0525588989257813 -0.0270061492919922 -0.0313034057617188
-0.0892181396484375 -0.0570755004882813 -0.0130987167358399 -0.00708770751953125
-0.0967788696289063 -0.0402603149414063 -0.0100154876708984 0.0146045684814453
-0.0689811706542969 -0.0626220703125 -0.0160198211669922 0.0338249206542969
-0.0312881469726563 -0.0991897583007812 -0.0346965789794922 0.0297889709472656
0.0370864868164063 -0.112953186035156 -0.0682029724121094 0.0103340148925781
0.142974853515625 -0.0478973388671875 -0.0603141784667969 -0.0262908935546875
0.151596069335938 0.0393829345703125 -0.0426673889160156 -0.0483589172363281
0.136558532714844 0.132614135742188 -0.02276611328125 -0.00187492370605468
0.06280517578125 0.153976440429688 0.0898895263671875 0.034912109375
0.089996337890625 0.129402160644531 0.0532379150390625 0.0837554931640625
0.161911010742188 0.0461578369140625 0.08050537109375 0.0773544311523438
0.122695922851562 -0.04937744140625 0.104255676269531 0.025543212890625
0.0530776977539063 -0.10736083984375 0.0800857543945313 -0.02337646484375
-0.0337142944335937 -0.0954513549804687 0.029754638671875 -0.033599853515625
-0.0782089233398438 -0.0569534301757813 0.00864219665527343 -0.0136251449584961
-0.0885467529296875 -0.0606002807617188 0.0198459625244141 0.00371360778808593
-0.0993499755859375 -0.0439529418945313 0.0242156982421875 0.0247974395751953
-0.0707473754882812 -0.064422607421875 0.0118827819824219 0.0514259338378906
-0.0312652587890625 -0.101165771484375 -0.0170249938964844 0.0485000610351562
0.0398025512695312 -0.108566284179688 -0.05694580078125 0.0272674560546875
0.139266967773438 -0.0358123779296875 -0.0556373596191406 -0.0132408142089844
0.133285522460938 0.0518722534179688 -0.0191879272460937 -0.0388870239257812
0.104866027832031 0.130165100097656 0.00892639160156251 0.0389328002929688
0.017974853515625 0.117866516113281 0.107009887695313 0.0847320556640625
0.04638671875 0.113815307617188 0.0664749145507813 0.105354309082031
0.11956787109375 0.061309814453125 0.0660629272460938 0.0878448486328125
0.103729248046875 -0.0222320556640625 0.0876846313476563 0.0495529174804687
0.05255126953125 -0.0825653076171875 0.0754928588867188 0.00962066650390624
-0.02435302734375 -0.0824737548828125 0.048065185546875 -0.00221633911132813
-0.0646705627441406 -0.0512504577636719 0.040985107421875 0.00203323364257812
-0.075225830078125 -0.0543136596679688 0.0500984191894531 0.01251220703125
-0.0878524780273438 -0.0427093505859375 0.0550498962402344 0.0345344543457031
-0.0612564086914063 -0.0606956481933594 0.0370292663574219 0.067169189453125
-0.0224609375 -0.0922622680664062 -0.00286102294921875 0.0660133361816406
0.0435409545898438 -0.0894317626953125 -0.0480995178222656 0.0415115356445312
0.122138977050781 -0.0128250122070313 -0.0522079467773437 -0.00379180908203126
0.0994949340820313 0.0653610229492188 -0.000621795654296871 -0.0285701751708984
0.0569076538085937 0.114265441894531 0.0300750732421875 0.0755157470703125
-0.028350830078125 0.0606842041015625 0.113777160644531 0.114700317382813
-0.001678466796875 0.07598876953125 0.0753555297851563 0.113784790039063
0.0603675842285156 0.0565147399902344 0.052947998046875 0.0886611938476563
0.0647850036621094 0.0008544921875 0.0723876953125 0.0611801147460938
0.0395393371582031 -0.0465164184570312 0.0680656433105469 0.0308456420898438
-0.0132102966308594 -0.0565528869628906 0.0601272583007813 0.0203132629394531
-0.0414619445800781 -0.0368423461914063 0.0658950805664063 0.0131988525390625
-0.0504684448242188 -0.0409622192382812 0.073028564453125 0.019500732421875
-0.0630874633789062 -0.0358619689941406 0.07989501953125 0.0430526733398438
-0.0427742004394531 -0.0507888793945313 0.0548095703125 0.08251953125
-0.00913238525390624 -0.0733718872070313 0.00424957275390626 0.08221435546875
0.0434494018554687 -0.0619468688964844 -0.0449638366699219 0.0542335510253906
0.0935287475585938 0.011138916015625 -0.0544052124023437 0.00269699096679689
0.0547561645507812 0.0707550048828125 0.0114650726318359 -0.0166473388671875
0.000976562500000002 0.083892822265625 0.0358047485351563 0.107391357421875
0.0466880798339844 -0.0280075073242188 -0.0536346435546875 -0.117942810058594
-0.00819015502929687 -0.0494194030761719 -0.02679443359375 0.00353813171386718
-0.0436439514160156 -0.0197868347167969 0.0608749389648438 0.00181198120117187
-0.0325279235839844 0.0235157012939453 0.0660934448242187 -0.0673828125
-0.00455093383789062 0.0394439697265625 0.0100631713867188 -0.102798461914063
0.0226116180419922 0.0269126892089844 -0.0597686767578125 -0.101432800292969
0.0198974609375 0.0157337188720703 -0.0996551513671875 -0.0513687133789062
0.0132846832275391 0.0184345245361328 -0.090728759765625 -0.0263824462890625
0.0131206512451172 0.0183429718017578 -0.0810165405273438 -0.0149307250976563
-0.00102329254150391 0.0164508819580078 -0.0731964111328125 -0.0295867919921875
-0.0183315277099609 0.00586128234863281 -0.07257080078125 -0.0372695922851562
-0.02728271484375 -0.0213413238525391 -0.0697288513183594 -0.0572242736816406
0.0124244689941406 -0.0421562194824219 -0.0483245849609375 -0.0913925170898438
0.0515060424804688 -0.0333633422851563 -0.0792007446289063 -0.105911254882813
0.0681915283203125 -0.0100173950195312 -0.114639282226563 -0.12921142578125
0.0889968872070313 0.0265731811523438 -0.0360870361328125 -0.123626708984375
0.0440254211425781 -0.0209579467773438 -0.0221500396728516 0.00234413146972656
0.0130577087402344 -0.0327033996582031 0.0713119506835938 0.00611114501953125
-0.00677585601806641 -0.012843132019043 0.0805740356445313 -0.068267822265625
-0.00753116607666016 -0.00192975997924805 0.02227783203125 -0.112136840820313
-0.00266838073730469 0.000199794769287109 -0.056549072265625 -0.108970642089844
-0.0139617919921875 0.000662803649902347 -0.0994338989257812 -0.0542449951171875
-0.0208816528320313 -0.00326347351074219 -0.0881881713867187 -0.0271682739257813
-0.0203399658203125 -0.000764846801757811 -0.0802841186523437 -0.012420654296875
-0.0167531967163086 -0.0133476257324219 -0.0721817016601563 -0.0219039916992188
-0.0106925964355469 -0.0308799743652344 -0.0703277587890625 -0.0284271240234375
0.0072021484375 -0.0487403869628906 -0.0749282836914063 -0.0474929809570313
0.06427001953125 -0.0327796936035156 -0.0530929565429688 -0.0785675048828125
0.092803955078125 0.00246429443359375 -0.0825576782226562 -0.091461181640625
0.106483459472656 0.04864501953125 -0.106178283691406 -0.112831115722656
0.115745544433594 0.0839767456054688 -0.00716400146484374 -0.109107971191406
0.0902786254882813 0.0221328735351563 -0.00890064239501953 0.0102109909057617
0.0785140991210937 -0.0344390869140625 0.0824661254882813 0.01776123046875
0.0326080322265625 -0.0480232238769531 0.0980911254882813 -0.0596160888671875
-0.00014877319335938 -0.049163818359375 0.0412139892578125 -0.110931396484375
-0.0242786407470703 -0.0326118469238281 -0.0435943603515625 -0.106826782226563
-0.0459442138671875 -0.0179634094238281 -0.086456298828125 -0.0521087646484375
-0.0530891418457031 -0.0242958068847656 -0.0727081298828125 -0.0232925415039063
-0.05322265625 -0.0176849365234375 -0.06622314453125 -0.00502014160156249
-0.0364456176757812 -0.0362777709960938 -0.0622749328613281 -0.00486755371093749
-0.0146980285644531 -0.0624580383300781 -0.06536865234375 -0.01043701171875
0.0262374877929687 -0.0792312622070313 -0.0805816650390625 -0.0313568115234375
0.106536865234375 -0.0387344360351563 -0.0608062744140625 -0.0616683959960937
0.128204345703125 0.0210494995117188 -0.0785369873046875 -0.0740737915039063
0.135383605957031 0.0917205810546875 -0.0866622924804687 -0.080963134765625
0.120193481445312 0.132926940917969 0.0276870727539063 -0.0739974975585937
0.119247436523438 0.0720596313476563 0.0112037658691406 0.0285511016845703
0.138778686523438 -0.0171585083007812 0.0901565551757813 0.0360946655273438
0.0764541625976563 -0.069244384765625 0.111183166503906 -0.0380477905273438
0.0164260864257812 -0.0902023315429688 0.0616531372070313 -0.0938568115234375
-0.0374107360839844 -0.0650100708007812 -0.0206451416015625 -0.0939254760742188
-0.0692520141601563 -0.0367965698242187 -0.0600166320800781 -0.04412841796875
-0.0776748657226563 -0.0421218872070313 -0.0461273193359375 -0.0164146423339844
-0.080535888671875 -0.0297088623046875 -0.0417976379394531 0.00505447387695313
-0.0560340881347656 -0.0516624450683594 -0.0415496826171875 0.0150375366210937
-0.02484130859375 -0.0855484008789063 -0.0529556274414062 0.0105972290039062
0.0323257446289063 -0.102951049804688 -0.078033447265625 -0.00856781005859377
0.132415771484375 -0.049835205078125 -0.0628890991210937 -0.0424041748046875
0.149185180664063 0.0293426513671875 -0.065185546875 -0.059112548828125
0.147491455078125 0.117813110351563 -0.0576362609863281 -0.0420036315917969
0.101089477539063 0.15875244140625 0.0613021850585938 -0.0217742919921875
0.119583129882813 0.111808776855469 0.033721923828125 0.0556716918945313
0.1710205078125 0.0121612548828125 0.089569091796875 0.0585403442382812
0.111053466796875 -0.0702285766601563 0.114219665527344 -0.00676727294921875
0.0365524291992187 -0.111732482910156 0.0770721435546875 -0.0620880126953125
-0.0407562255859375 -0.0875625610351563 0.00600433349609375 -0.0669364929199219
-0.0803680419921875 -0.0507278442382813 -0.0268306732177734 -0.0301609039306641
-0.0908660888671875 -0.0533981323242187 -0.0136928558349609 -0.00634098052978516
-0.0964813232421875 -0.0371017456054687 -0.00979137420654297 0.0152673721313477
-0.0689697265625 -0.0605392456054688 -0.0147304534912109 0.0336036682128906
-0.032562255859375 -0.098175048828125 -0.0350818634033203 0.0305061340332031
0.0339279174804688 -0.112686157226563 -0.0695533752441406 0.0120048522949219
0.140007019042969 -0.052520751953125 -0.0602493286132812 -0.0265617370605469
0.15106201171875 0.036865234375 -0.0436973571777344 -0.0482063293457031
0.138092041015625 0.128402709960938 -0.0225048065185547 -0.0011310577392578
0.0652313232421875 0.152679443359375 0.0890426635742188 0.03521728515625
0.092376708984375 0.126480102539063 0.0534515380859375 0.0834426879882813
0.162338256835938 0.0419464111328125 0.0800018310546875 0.076812744140625
0.1207275390625 -0.0509719848632813 0.103065490722656 0.0242919921875
0.0501708984375 -0.107673645019531 0.0804672241210937 -0.0245208740234375
-0.03594970703125 -0.0931625366210938 0.0299816131591797 -0.0338077545166016
-0.0784378051757813 -0.0542678833007812 0.00974655151367187 -0.0135641098022461
-0.0902633666992188 -0.0567169189453125 0.0199718475341797 0.00297164916992187
-0.0997085571289063 -0.0407180786132813 0.0237102508544922 0.024169921875
-0.07110595703125 -0.06201171875 0.0133209228515625 0.0504913330078125
-0.03265380859375 -0.09906005859375 -0.0178985595703125 0.0484733581542969
0.0369415283203125 -0.107818603515625 -0.0565948486328125 0.0289764404296875
0.136802673339844 -0.0390548706054687 -0.0552177429199219 -0.0139732360839844
0.133270263671875 0.0489273071289063 -0.0210075378417969 -0.0393218994140625
0.106048583984375 0.126419067382813 0.00854110717773438 0.0386276245117188
0.0195465087890625 0.11712646484375 0.1072998046875 0.0832443237304688
0.04779052734375 0.111846923828125 0.0669708251953125 0.104080200195313
0.120018005371094 0.0575027465820313 0.0657196044921875 0.0865554809570313
0.102073669433594 -0.024200439453125 0.0873184204101563 0.047515869140625
0.0499114990234375 -0.083221435546875 0.0759201049804688 0.008514404296875
-0.025848388671875 -0.081451416015625 0.0493049621582031 -0.00260162353515626
-0.0648727416992188 -0.0492515563964844 0.0421638488769531 0.000621795654296872
-0.0763320922851563 -0.0519638061523437 0.0499000549316406 0.0112037658691406
-0.0875930786132813 -0.0392303466796875 0.0551795959472656 0.0320968627929687
-0.0619010925292969 -0.0588912963867188 0.0383338928222656 0.0655288696289063
-0.0240859985351563 -0.0905303955078125 -0.00302886962890626 0.0655441284179688
0.0411758422851563 -0.0896453857421875 -0.0480690002441406 0.0424385070800781
0.121063232421875 -0.0165176391601563 -0.0517005920410156 -0.00444793701171875
0.099853515625 0.0623931884765625 -0.00184440612792968 -0.0295486450195312
0.0582122802734375 0.111747741699219 0.0301437377929688 0.07391357421875
-0.0268211364746094 0.0617523193359375 0.113265991210938 0.112327575683594
0.000289916992187507 0.0746994018554688 0.0751953125 0.1114501953125
0.0615997314453125 0.0534515380859375 0.0529098510742188 0.0875930786132813
0.0652046203613281 -0.000415802001953125 0.0723190307617188 0.059722900390625
0.0374908447265625 -0.0478057861328125 0.068878173828125 0.0292587280273437
-0.0142631530761719 -0.0558242797851562 0.0613555908203125 0.018157958984375
-0.041717529296875 -0.0355491638183594 0.066619873046875 0.0109596252441406
-0.0511550903320313 -0.0390434265136719 0.0723419189453125 0.0167922973632812
-0.0631904602050781 -0.0333366394042969 0.08001708984375 0.0404434204101563
-0.0441169738769531 -0.0491600036621094 0.0563278198242188 0.0797653198242188
-0.01031494140625 -0.0727310180664063 0.00511932373046875 0.0823822021484375
0.0419998168945313 -0.0620384216308594 -0.0451583862304687 0.0546531677246094
0.093231201171875 0.00901031494140625 -0.0537834167480469 0.00204849243164063
0.0556640625 0.0690498352050781 0.0102710723876953 -0.0177650451660156
0.0022430419921875 0.0829086303710938 0.03717041015625 0.104690551757812
0.0472869873046875 -0.0280342102050781 -0.0529403686523438 -0.117881774902344
-0.00885391235351563 -0.04937744140625 -0.0261993408203125 0.00528144836425781
-0.0436897277832031 -0.0190963745117187 0.0619468688964844 0.00331497192382812
-0.0322132110595703 0.0235023498535156 0.0671463012695313 -0.0670318603515625
-0.00415420532226563 0.039825439453125 0.0110549926757813 -0.103866577148438
0.0229015350341797 0.0264053344726563 -0.0601577758789062 -0.101905822753906
0.0197124481201172 0.0151939392089844 -0.100761413574219 -0.0500335693359375
0.0137748718261719 0.0183162689208984 -0.0912246704101563 -0.024383544921875
0.0132064819335937 0.0186100006103516 -0.0806655883789063 -0.0138168334960937
-0.000995635986328125 0.0156984329223633 -0.0745315551757813 -0.0295791625976562
-0.0186557769775391 0.00584030151367188 -0.0735092163085937 -0.036895751953125
-0.0268306732177734 -0.02069091796875 -0.0700492858886719 -0.0585556030273437
0.0123786926269531 -0.0421562194824219 -0.047088623046875 -0.0924072265625
0.0512199401855469 -0.0338706970214844 -0.0788116455078125 -0.106491088867188
0.0682449340820313 -0.0094451904296875 -0.112991333007813 -0.129524230957031
0.089813232421875 0.026519775390625 -0.035919189453125 -0.122428894042969
0.0437583923339844 -0.021148681640625 -0.0218143463134766 0.003692626953125
0.0127410888671875 -0.0333366394042969 0.0714797973632812 0.00789642333984375
-0.00589466094970703 -0.0126714706420898 0.0820541381835938 -0.0684967041015625
-0.00662136077880859 -0.00207996368408203 0.0231704711914062 -0.113616943359375
-0.00240349769592285 -0.000111341476440429 -0.0571823120117188 -0.109458923339844
-0.0143089294433594 0.000130653381347656 -0.100189208984375 -0.05364990234375
-0.0214691162109375 -0.00256919860839844 -0.0889358520507813 -0.0256500244140625
-0.0201606750488281 -0.001190185546875 -0.0804061889648438 -0.0113906860351562
-0.0161466598510742 -0.0134086608886719 -0.0735549926757813 -0.021942138671875
-0.0107059478759766 -0.0306110382080078 -0.0720596313476563 -0.0293350219726562
0.00719833374023437 -0.0488319396972656 -0.0757980346679688 -0.0484161376953125
0.0648422241210938 -0.0329322814941406 -0.052093505859375 -0.0799102783203125
0.0923614501953125 0.00183868408203125 -0.0816116333007812 -0.0924072265625
0.106590270996094 0.0487213134765625 -0.1044921875 -0.1123046875
0.11669921875 0.0843429565429688 -0.00695800781250001 -0.108360290527344
0.0906448364257813 0.022003173828125 -0.00908470153808593 0.0122518539428711
0.0784988403320313 -0.0344314575195313 0.0829544067382813 0.0194244384765625
0.0328483581542969 -0.0475654602050781 0.0989303588867187 -0.0586090087890625
-0.000751495361328127 -0.0499687194824219 0.0425338745117187 -0.111923217773437
-0.0241203308105469 -0.0326862335205078 -0.04376220703125 -0.108322143554688
-0.0458717346191406 -0.0179405212402344 -0.086456298828125 -0.051483154296875
-0.0538330078125 -0.0238876342773437 -0.073455810546875 -0.0223464965820313
-0.0533180236816406 -0.0170822143554688 -0.0667037963867188 -0.00434494018554689
-0.0362892150878906 -0.0371284484863281 -0.0626945495605469 -0.00482940673828125
-0.0139427185058594 -0.0626411437988281 -0.0671615600585938 -0.0114021301269531
0.0264739990234375 -0.078399658203125 -0.0812225341796875 -0.0300369262695312
0.106765747070313 -0.0391769409179688 -0.0597610473632813 -0.0630760192871094
0.127792358398438 0.021240234375 -0.0779571533203125 -0.0746078491210937
0.135734558105469 0.0914688110351563 -0.0854721069335937 -0.081329345703125
0.120391845703125 0.132492065429688 0.027435302734375 -0.072418212890625
0.119178771972656 0.071380615234375 0.0113239288330078 0.0312213897705078
0.138603210449219 -0.0186691284179688 0.0896835327148438 0.0383148193359375
0.0765762329101563 -0.0696334838867188 0.111732482910156 -0.0374298095703125
0.0163040161132813 -0.091033935546875 0.0629119873046875 -0.09515380859375
-0.0371437072753906 -0.0646400451660156 -0.02032470703125 -0.0938644409179688
-0.0695533752441406 -0.0368919372558594 -0.060516357421875 -0.04345703125
-0.0787811279296875 -0.0412139892578125 -0.0471038818359375 -0.0154342651367187
-0.0804672241210937 -0.0293045043945313 -0.0423851013183594 0.00580215454101563
-0.0553970336914063 -0.0521697998046875 -0.0425872802734375 0.0153007507324219
-0.0248641967773438 -0.085784912109375 -0.0550193786621094 0.0103340148925781
0.03289794921875 -0.10333251953125 -0.0790634155273438 -0.00789642333984376
0.132003784179688 -0.0507278442382812 -0.0632476806640625 -0.0442733764648438
0.149581909179688 0.0284881591796875 -0.0642929077148438 -0.05975341796875
0.14837646484375 0.118118286132813 -0.0563392639160156 -0.0420150756835937
0.10113525390625 0.158843994140625 0.0620231628417969 -0.0207099914550781
0.119499206542969 0.111656188964844 0.0330123901367188 0.057647705078125
0.171157836914063 0.0113983154296875 0.0885391235351563 0.05999755859375
0.112068176269531 -0.070098876953125 0.114044189453125 -0.00627899169921875
0.0366134643554688 -0.112136840820313 0.07769775390625 -0.0632781982421875
-0.0405807495117188 -0.0877304077148438 0.00635147094726563 -0.0668258666992188
-0.081024169921875 -0.0500946044921875 -0.0264453887939453 -0.0303096771240234
-0.091949462890625 -0.05230712890625 -0.0144729614257813 -0.00599479675292969
-0.0974502563476562 -0.03643798828125 -0.0105171203613281 0.0155143737792969
-0.0685234069824219 -0.0599441528320312 -0.0151081085205078 0.0340976715087891
-0.032440185546875 -0.09783935546875 -0.037261962890625 0.0313453674316406
0.0336761474609375 -0.113006591796875 -0.0704574584960938 0.0124664306640625
0.140655517578125 -0.0524749755859375 -0.0604667663574219 -0.0282325744628906
0.151138305664063 0.0361785888671875 -0.0436210632324219 -0.0485687255859375
0.138496398925781 0.128257751464844 -0.0224494934082031 -0.00115203857421875
0.0661468505859375 0.153152465820313 0.0879592895507813 0.036529541015625
0.0921707153320313 0.126762390136719 0.0520858764648438 0.085479736328125
0.162200927734375 0.04083251953125 0.07855224609375 0.0779953002929688
0.121208190917969 -0.0509796142578125 0.103752136230469 0.025848388671875
0.0506515502929688 -0.108802795410156 0.081756591796875 -0.0250244140625
-0.0357208251953125 -0.0933074951171875 0.0313472747802734 -0.0342788696289063
-0.0775985717773437 -0.0544509887695313 0.00962162017822265 -0.0145187377929688
-0.0911407470703125 -0.0557327270507812 0.0189266204833984 0.00262451171875
-0.100349426269531 -0.0390243530273438 0.0228347778320312 0.0250797271728516
-0.0707321166992188 -0.0615234375 0.0134849548339844 0.0499916076660156
-0.0329208374023437 -0.0986099243164062 -0.0186805725097656 0.0491561889648437
0.0369949340820312 -0.108116149902344 -0.0586662292480469 0.0294914245605469
0.136116027832031 -0.0401458740234375 -0.0557174682617187 -0.0154342651367187
0.133941650390625 0.0481033325195312 -0.0208358764648437 -0.0404434204101563
0.106925964355469 0.126609802246094 0.00918960571289063 0.0378684997558594
0.0205917358398438 0.117950439453125 0.106590270996094 0.0845565795898438
0.0476608276367188 0.112014770507812 0.065185546875 0.10565185546875
0.119926452636719 0.0564727783203125 0.0643539428710938 0.0878677368164062
0.102981567382813 -0.0247650146484375 0.087310791015625 0.0491180419921875
0.0498428344726562 -0.0836334228515625 0.0773696899414063 0.00868225097656249
-0.0261001586914062 -0.08135986328125 0.0504341125488281 -0.00286865234375
-0.0649871826171875 -0.048736572265625 0.0424003601074219 0.000545501708984372
-0.07720947265625 -0.0505828857421875 0.0495414733886719 0.01025390625
-0.0877838134765625 -0.0380935668945313 0.05499267578125 0.0318450927734375
-0.0615806579589844 -0.0584144592285156 0.0378227233886719 0.0655860900878906
-0.0243682861328125 -0.0903396606445312 -0.003692626953125 0.0665206909179687
0.0411376953125 -0.0899887084960938 -0.0495376586914063 0.0433082580566406
0.1212158203125 -0.0173797607421875 -0.0528335571289062 -0.00536727905273438
0.100105285644531 0.0620651245117187 -0.00258636474609374 -0.0305004119873047
0.0583953857421875 0.111968994140625 0.0299530029296875 0.0738143920898438
-0.0265312194824219 0.0618629455566406 0.112617492675781 0.114089965820312
0.000152587890625003 0.0753173828125 0.0735244750976563 0.112411499023438
0.0610313415527344 0.0532188415527344 0.05242919921875 0.0884780883789062
0.0648193359375 -0.00095367431640625 0.0725631713867188 0.0614242553710938
0.0377311706542969 -0.0477142333984375 0.0700759887695313 0.0305404663085938
-0.0148506164550781 -0.0557403564453125 0.0634346008300781 0.0181922912597656
-0.0418815612792969 -0.0349540710449219 0.0672874450683594 0.00989532470703125
-0.0520057678222656 -0.0376968383789063 0.0721588134765625 0.016357421875
-0.0630035400390625 -0.032135009765625 0.08013916015625 0.0390777587890625
-0.0439414978027344 -0.0486640930175781 0.0566253662109375 0.07940673828125
-0.01116943359375 -0.0723114013671875 0.00347900390625 0.0830154418945313
0.0415802001953125 -0.0620193481445313 -0.0454750061035156 0.0550079345703125
0.0932846069335937 0.0074462890625 -0.0542716979980469 0.00109481811523438
0.0561561584472656 0.0680732727050781 0.00939178466796875 -0.0189876556396484
0.00238800048828124 0.082855224609375 0.0365447998046875 0.105209350585937
0.0487747192382813 -0.0289268493652344 -0.054107666015625 -0.120674133300781
-0.00923919677734375 -0.0496482849121094 -0.0261821746826172 0.00621795654296875
-0.0454673767089844 -0.0195465087890625 0.063262939453125 0.00430679321289062
-0.0325489044189453 0.0238437652587891 0.0699882507324219 -0.0680999755859375
-0.00359725952148438 0.0413093566894531 0.0123443603515625 -0.107650756835938
0.0230083465576172 0.0264549255371094 -0.0619354248046875 -0.10565185546875
0.019927978515625 0.015380859375 -0.103256225585937 -0.0511474609375
0.0142898559570313 0.0192184448242188 -0.0936203002929688 -0.0242767333984375
0.0130348205566406 0.0184955596923828 -0.0824127197265625 -0.0139007568359375
-0.000444412231445313 0.0151243209838867 -0.0774459838867188 -0.030487060546875
-0.0187625885009766 0.00519561767578125 -0.07647705078125 -0.0386734008789063
-0.027130126953125 -0.0201587677001953 -0.0707244873046875 -0.0606918334960938
0.0125160217285156 -0.04345703125 -0.0462646484375 -0.0959548950195313
0.051605224609375 -0.0345878601074219 -0.0785293579101562 -0.108901977539062
0.0697555541992188 -0.00954055786132813 -0.11346435546875 -0.13330078125
0.091949462890625 0.027587890625 -0.0353546142578125 -0.125205993652344
0.0443878173828125 -0.0210113525390625 -0.0218982696533203 0.00490570068359375
0.0126762390136719 -0.0339756011962891 0.0740966796875 0.0093841552734375
-0.00592231750488281 -0.0128793716430664 0.0848159790039063 -0.0685272216796875
-0.00717687606811524 -0.00179386138916016 0.0254745483398438 -0.117408752441406
-0.00212001800537109 -0.0006866455078125 -0.0585174560546875 -0.112861633300781
-0.0148553848266602 -0.000660896301269534 -0.102714538574219 -0.0542678833007813
-0.0216732025146484 -0.0027313232421875 -0.0908050537109375 -0.0253143310546875
-0.0205326080322266 -0.00197792053222656 -0.082916259765625 -0.0112075805664062
-0.0161428451538086 -0.014948844909668 -0.0763397216796875 -0.0224609375
-0.0105113983154297 -0.0319423675537109 -0.0751876831054688 -0.0306320190429687
0.00767135620117188 -0.0491981506347656 -0.0770416259765625 -0.0504150390625
0.06695556640625 -0.0334701538085938 -0.0515975952148437 -0.0836639404296875
0.0938873291015625 0.0025634765625 -0.0814285278320313 -0.0941009521484375
0.108413696289062 0.050933837890625 -0.105415344238281 -0.115936279296875
0.119010925292969 0.086944580078125 -0.00662994384765624 -0.109786987304687
0.0921707153320313 0.02288818359375 -0.00872516632080077 0.0143527984619141
0.0802230834960938 -0.035308837890625 0.0850677490234375 0.0218429565429688
0.0339088439941406 -0.0478782653808594 0.10235595703125 -0.0590591430664063
-9.9182128906246E-05 -0.0504531860351562 0.0445175170898437 -0.115501403808594
-0.0239067077636719 -0.0335655212402344 -0.0442123413085938 -0.111801147460937
-0.0472488403320313 -0.0190353393554688 -0.0886383056640625 -0.0526885986328125
-0.0555572509765625 -0.0240325927734375 -0.0757369995117187 -0.0219573974609375
-0.0546340942382812 -0.0186500549316406 -0.0686492919921875 -0.00338363647460939
-0.0363273620605469 -0.0383148193359375 -0.0651512145996094 -0.00527191162109375
-0.0139808654785156 -0.064727783203125 -0.0701103210449219 -0.0120735168457031
0.0272750854492187 -0.0804214477539063 -0.0835418701171875 -0.031463623046875
0.109664916992188 -0.0401992797851563 -0.0598106384277344 -0.0663490295410156
0.13055419921875 0.0225143432617188 -0.0784683227539063 -0.0769577026367187
0.138473510742187 0.0948104858398438 -0.0862045288085937 -0.0841217041015625
0.1231689453125 0.136772155761719 0.0285110473632813 -0.0732955932617187
0.121368408203125 0.0731124877929688 0.0111541748046875 0.0339775085449219
0.141754150390625 -0.0190582275390625 0.0916366577148438 0.04150390625
0.0796966552734375 -0.0707168579101563 0.114700317382813 -0.0365142822265625
0.0164260864257813 -0.092987060546875 0.0661239624023438 -0.0982666015625
-0.0378227233886719 -0.0665702819824219 -0.019744873046875 -0.09686279296875
-0.0705490112304688 -0.0376129150390625 -0.0615806579589844 -0.0446243286132813
-0.0810089111328125 -0.0414352416992187 -0.0485649108886719 -0.0155448913574219
-0.082489013671875 -0.02960205078125 -0.0443267822265625 0.00671005249023438
-0.0561714172363281 -0.0535888671875 -0.0438919067382812 0.0152664184570312
-0.0245819091796875 -0.0879287719726562 -0.0576705932617187 0.0105018615722656
0.033538818359375 -0.105484008789063 -0.0821456909179688 -0.00772857666015627
0.135826110839844 -0.0518875122070313 -0.0642547607421875 -0.0480613708496094
0.152374267578125 0.030242919921875 -0.065643310546875 -0.0620498657226563
0.151153564453125 0.121444702148438 -0.0577201843261719 -0.0433692932128906
0.1031494140625 0.162994384765625 0.0630035400390625 -0.0188827514648437
0.121856689453125 0.114906311035156 0.0330390930175781 0.0616226196289063
0.173980712890625 0.01092529296875 0.0898513793945313 0.06341552734375
0.11505126953125 -0.0708160400390625 0.116592407226563 -0.0040435791015625
0.0377731323242188 -0.115325927734375 0.0809478759765625 -0.0651168823242188
-0.0406036376953125 -0.08990478515625 0.00778579711914063 -0.0693397521972656
-0.0823440551757813 -0.0515823364257812 -0.0266704559326172 -0.0311489105224609
-0.094482421875 -0.0535049438476562 -0.0155229568481445 -0.00624656677246094
-0.0995712280273438 -0.0366287231445312 -0.0110750198364258 0.0166025161743164
-0.0692710876464844 -0.0615577697753906 -0.0161075592041016 0.0342769622802734
-0.032989501953125 -0.100479125976563 -0.0393600463867188 0.0320205688476562
0.0351104736328125 -0.115402221679688 -0.0731887817382813 0.0137100219726562
0.144119262695312 -0.05377197265625 -0.062774658203125 -0.0309219360351563
0.154434204101563 0.0381011962890625 -0.0445518493652344 -0.0510025024414063
0.141433715820313 0.131912231445313 -0.0223846435546875 -0.00132560729980468
0.0664825439453125 0.157180786132813 0.0900955200195313 0.0392303466796875
0.0937271118164063 0.129501342773437 0.052276611328125 0.0895919799804688
0.166061401367188 0.04132080078125 0.0793838500976563 0.08251953125
0.124809265136719 -0.0514068603515625 0.106025695800781 0.0275497436523437
0.051300048828125 -0.111106872558594 0.0851821899414063 -0.0256881713867188
-0.0363998413085938 -0.09600830078125 0.0336742401123047 -0.0349273681640625
-0.079254150390625 -0.055877685546875 0.0112009048461914 -0.0142507553100586
-0.0937118530273437 -0.0561141967773438 0.0192184448242187 0.00287055969238281
-0.102119445800781 -0.0393142700195313 0.0236244201660156 0.0254974365234375
-0.0715103149414063 -0.0630874633789063 0.013519287109375 0.051055908203125
-0.0332794189453125 -0.101242065429688 -0.0202865600585938 0.0506858825683594
0.0379867553710938 -0.10992431640625 -0.0610275268554688 0.0309257507324219
0.140083312988281 -0.0413589477539062 -0.0578079223632812 -0.0176582336425781
0.136634826660156 0.0503158569335938 -0.0218963623046875 -0.0420646667480469
0.108833312988281 0.129562377929688 0.00925064086914063 0.0392303466796875
0.02105712890625 0.12127685546875 0.107170104980469 0.08843994140625
0.0479812622070313 0.114669799804688 0.0648193359375 0.109786987304688
0.122673034667969 0.0579299926757813 0.06414794921875 0.092132568359375
0.10552978515625 -0.0242538452148438 0.08831787109375 0.052093505859375
0.0512237548828125 -0.0862045288085938 0.08013916015625 0.00909423828125
-0.02667236328125 -0.0834579467773438 0.05303955078125 -0.00294494628906251
-0.06597900390625 -0.0500297546386719 0.0443344116210937 -8.39233398437531E-05
-0.0796661376953125 -0.050872802734375 0.0502586364746094 0.0106277465820312
-0.0898666381835937 -0.0382614135742188 0.0560264587402344 0.0333328247070313
-0.0622215270996094 -0.0597877502441406 0.0387229919433594 0.0665550231933594
-0.0243377685546875 -0.0920333862304687 -0.0051727294921875 0.0686836242675781
0.0423507690429688 -0.091217041015625 -0.0514869689941406 0.0444488525390625
0.123817443847656 -0.0179290771484375 -0.0543746948242187 -0.00734329223632813
0.102890014648437 0.0643768310546875 -0.00339126586914062 -0.0324459075927734
0.0589752197265625 0.115142822265625 0.029815673828125 0.0764083862304688
-0.0269584655761719 0.0638465881347656 0.113090515136719 0.118232727050781
-0.000183105468749998 0.0766754150390625 0.0733871459960938 0.116119384765625
0.0625648498535156 0.0530548095703125 0.0514450073242188 0.09197998046875
0.0667991638183594 -0.00034332275390625 0.0736541748046875 0.0652389526367188
0.0383033752441406 -0.0489997863769531 0.0732345581054687 0.031463623046875
-0.015625 -0.0567855834960938 0.0664710998535156 0.0189208984375
-0.0428733825683594 -0.0362548828125 0.0691375732421875 0.0101890563964844
-0.0530357360839844 -0.0378952026367188 0.0736160278320312 0.0158843994140625
-0.0645027160644531 -0.03179931640625 0.0818405151367188 0.0401458740234375
-0.0448951721191406 -0.0495719909667969 0.0575180053710938 0.0809478759765625
-0.0111846923828125 -0.0730667114257813 0.0024871826171875 0.0858383178710938
0.0428962707519531 -0.0628318786621094 -0.0483627319335937 0.0565414428710937
0.0951080322265625 0.00727081298828125 -0.0556526184082031 -0.000179290771484371
0.0576324462890625 0.0706024169921875 0.00859832763671875 -0.0204582214355469
0.00177764892578125 0.084564208984375 0.0366592407226563 0.108108520507813
0.0504417419433594 -0.0302505493164063 -0.0572891235351562 -0.12506103515625
-0.0101699829101562 -0.0509567260742187 -0.0275535583496094 0.00760459899902344
-0.0473556518554687 -0.0191383361816406 0.0674285888671875 0.005126953125
-0.033538818359375 0.0250473022460938 0.07244873046875 -0.07110595703125
-0.00280380249023438 0.0429267883300781 0.0119857788085938 -0.113029479980469
0.0245170593261719 0.0268535614013672 -0.0665206909179688 -0.109542846679688
0.0205821990966797 0.0153636932373047 -0.108299255371094 -0.0507736206054688
0.0146770477294922 0.0193748474121094 -0.0973739624023438 -0.02227783203125
0.0132789611816406 0.0183010101318359 -0.0864715576171875 -0.0131683349609375
-0.00112438201904297 0.0149612426757812 -0.0821380615234375 -0.0308761596679688
-0.0194282531738281 0.00519561767578125 -0.0813980102539063 -0.0398025512695313
-0.0285511016845703 -0.0205745697021484 -0.0742416381835938 -0.0633544921875
0.0128250122070313 -0.0450019836425781 -0.0474472045898438 -0.10150146484375
0.0527114868164063 -0.0367431640625 -0.0804443359375 -0.112602233886719
0.0723342895507813 -0.0101394653320313 -0.117546081542969 -0.138046264648438
0.09625244140625 0.0277328491210938 -0.0384140014648437 -0.128677368164063
0.0456771850585938 -0.022216796875 -0.0220241546630859 0.00675201416015625
0.0128860473632812 -0.0350894927978516 0.0782318115234375 0.0105133056640625
-0.00601673126220703 -0.0136909484863281 0.0883712768554688 -0.0724105834960938
-0.00675487518310547 -0.00150442123413086 0.0252151489257813 -0.123580932617188
-0.00171613693237305 -0.000418305397033691 -0.0628585815429687 -0.118408203125
-0.0153121948242188 -0.000300407409667972 -0.107872009277344 -0.05450439453125
-0.0232257843017578 -0.00242424011230469 -0.0953750610351563 -0.0235137939453125
-0.0222949981689453 -0.00234794616699219 -0.0863800048828125 -0.0100021362304688
-0.0174493789672852 -0.0164117813110352 -0.0806350708007812 -0.022125244140625
-0.0112037658691406 -0.0333709716796875 -0.0796890258789063 -0.031158447265625
0.00765609741210937 -0.0505828857421875 -0.0806350708007813 -0.0519790649414062
0.0697975158691406 -0.0364608764648438 -0.0532073974609375 -0.087890625
0.0970535278320313 0.002349853515625 -0.0842437744140625 -0.0976638793945313
0.113395690917969 0.0523300170898438 -0.108680725097656 -0.120918273925781
0.124794006347656 0.0886611938476563 -0.00737762451171874 -0.113510131835938
0.0963058471679688 0.02301025390625 -0.00846099853515624 0.0166950225830078
0.083038330078125 -0.0382766723632813 0.089447021484375 0.023284912109375
0.0353240966796875 -0.0507965087890625 0.106643676757813 -0.0617904663085938
-0.000873565673828123 -0.0524101257324219 0.0457382202148438 -0.122207641601562
-0.0249748229980469 -0.0351524353027344 -0.0478439331054688 -0.116416931152344
-0.0487518310546875 -0.0197296142578125 -0.0931625366210938 -0.0534133911132813
-0.058441162109375 -0.0235214233398437 -0.0785980224609375 -0.0210418701171875
-0.0577850341796875 -0.0182113647460938 -0.0721817016601563 -0.00157928466796876
-0.0384483337402344 -0.03997802734375 -0.0689277648925781 -0.00473403930664064
-0.0155143737792969 -0.0678215026855469 -0.0745468139648438 -0.01116943359375
0.0281143188476563 -0.0836334228515625 -0.0875778198242188 -0.03131103515625
0.113822937011719 -0.0433349609375 -0.0632705688476562 -0.070404052734375
0.136245727539063 0.02197265625 -0.0816421508789062 -0.0796356201171875
0.145523071289063 0.09783935546875 -0.0893630981445313 -0.0871658325195312
0.129257202148438 0.140823364257813 0.0290374755859375 -0.0750961303710937
0.127731323242188 0.0753173828125 0.0120201110839844 0.0364036560058594
0.14666748046875 -0.0224609375 0.0953292846679688 0.044036865234375
0.0827789306640625 -0.07464599609375 0.120689392089844 -0.0381011962890625
0.0159225463867187 -0.09661865234375 0.0684432983398438 -0.104034423828125
-0.0392494201660156 -0.0695915222167969 -0.0216903686523438 -0.101799011230469
-0.0739517211914063 -0.03826904296875 -0.0649948120117188 -0.0459098815917969
-0.0857315063476563 -0.04144287109375 -0.0512504577636719 -0.0147972106933594
-0.0867996215820313 -0.0297698974609375 -0.0461158752441406 0.00873184204101562
-0.0586357116699219 -0.0553092956542969 -0.0465278625488281 0.0157737731933594
-0.0265884399414062 -0.091522216796875 -0.0615310668945313 0.0116996765136719
0.0337982177734375 -0.109672546386719 -0.0865707397460938 -0.00661468505859376
0.141067504882813 -0.056365966796875 -0.0673179626464844 -0.0509300231933594
0.159454345703125 0.030242919921875 -0.0688934326171875 -0.0638618469238281
0.1585693359375 0.125442504882813 -0.0589256286621094 -0.0446014404296875
0.109542846679687 0.168487548828125 0.0656166076660156 -0.0187644958496094
0.12774658203125 0.118202209472656 0.0345687866210938 0.06488037109375
0.181106567382813 0.0077972412109375 0.0929107666015625 0.067718505859375
0.119895935058594 -0.0745391845703125 0.121963500976563 -0.00459289550781251
0.0369186401367187 -0.120712280273438 0.0844268798828125 -0.069793701171875
-0.0425872802734375 -0.0926971435546875 0.00762176513671874 -0.0732574462890625
-0.0860519409179688 -0.0529327392578125 -0.0271549224853516 -0.0315628051757813
-0.099700927734375 -0.0529937744140625 -0.0161533355712891 -0.00582981109619141
-0.104164123535156 -0.0359039306640625 -0.0116863250732422 0.0180416107177734
-0.071990966796875 -0.0634689331054688 -0.0169448852539063 0.0357398986816406
-0.0352935791015625 -0.104057312011719 -0.0421028137207031 0.0341911315917969
0.0354461669921875 -0.120697021484375 -0.0766830444335938 0.0157394409179687
0.1488037109375 -0.0586700439453125 -0.0659675598144531 -0.0337486267089844
0.161270141601563 0.038116455078125 -0.0474052429199219 -0.0534515380859375
0.148818969726563 0.135940551757813 -0.023223876953125 -0.00107192993164062
0.072357177734375 0.16339111328125 0.0941543579101562 0.0414505004882813
0.0992050170898438 0.134284973144531 0.0542526245117188 0.0944900512695313
0.172714233398438 0.040679931640625 0.0824356079101563 0.0867996215820313
0.129302978515625 -0.0546112060546875 0.110809326171875 0.0295791625976562
0.0519790649414062 -0.1160888671875 0.0885772705078125 -0.0278549194335938
-0.0381546020507813 -0.0997543334960938 0.0356521606445313 -0.0374984741210938
-0.0835418701171875 -0.0577392578125 0.0116434097290039 -0.016240119934082
-0.0986328125 -0.05633544921875 0.0197429656982422 0.00228500366210937
-0.107528686523438 -0.0385665893554688 0.0245018005371094 0.0263557434082031
-0.0747528076171875 -0.0644912719726562 0.0142478942871094 0.0529098510742188
-0.035614013671875 -0.104721069335938 -0.0220870971679688 0.0534133911132812
0.038665771484375 -0.114822387695313 -0.0632247924804688 0.0337448120117187
0.144866943359375 -0.0455780029296875 -0.0617027282714844 -0.0193443298339844
0.143096923828125 0.0506439208984375 -0.0238914489746094 -0.0442771911621094
0.115028381347656 0.134407043457031 0.00962448120117188 0.0405235290527344
0.0233840942382813 0.126365661621094 0.111915588378906 0.09222412109375
0.050628662109375 0.119491577148438 0.06768798828125 0.114547729492188
0.1278076171875 0.0573348999023438 0.0666275024414063 0.0973358154296875
0.109626770019531 -0.0262222290039063 0.0927505493164062 0.0545501708984375
0.0520172119140625 -0.0900344848632813 0.0847854614257813 0.00878143310546874
-0.0284423828125 -0.0863418579101563 0.0566978454589844 -0.00418472290039063
-0.0692138671875 -0.0516395568847656 0.0467414855957031 -0.00119781494140625
-0.0839309692382813 -0.0511474609375 0.0519027709960937 0.010162353515625
-0.0939178466796875 -0.0378494262695313 0.0581626892089844 0.0337600708007813
-0.0654754638671875 -0.0615081787109375 0.0415229797363281 0.0685043334960938
-0.0263519287109375 -0.0955429077148438 -0.00625610351562501 0.0723953247070313
0.0433425903320313 -0.09515380859375 -0.0544357299804687 0.047271728515625
0.128517150878906 -0.0207443237304688 -0.0573692321777344 -0.00899887084960937
0.107559204101563 0.0652694702148438 -0.00504112243652343 -0.0350208282470703
0.0634307861328125 0.119247436523438 0.03204345703125 0.0794296264648438
-0.0269851684570313 0.0665969848632813 0.11810302734375 0.122817993164062
-0.000267028808593757 0.0799484252929688 0.0762939453125 0.121223449707031
0.0650062561035156 0.0548858642578125 0.0538101196289063 0.0968475341796875
0.0692977905273437 -0.00115966796875 0.0772552490234375 0.0683822631835937
0.0392532348632813 -0.0515632629394531 0.0773468017578125 0.0328598022460938
-0.0169792175292969 -0.0591316223144531 0.0709075927734375 0.0185928344726562
-0.0444869995117188 -0.03692626953125 0.073089599609375 0.00838470458984375
-0.0566825866699219 -0.0382080078125 0.0765838623046875 0.0147933959960938
-0.068572998046875 -0.0315933227539063 0.0855178833007813 0.039794921875
-0.0466384887695313 -0.051483154296875 0.0609283447265625 0.0829086303710938
-0.0127410888671875 -0.07562255859375 0.00301361083984375 0.0900039672851563
0.0440902709960938 -0.0661048889160156 -0.0508384704589844 0.059722900390625
0.0982666015625 0.00582122802734375 -0.0597763061523438 -0.00123596191406251
0.0609359741210938 0.072235107421875 0.007537841796875 -0.0224704742431641
0.00255584716796874 0.088653564453125 0.0387649536132813 0.112716674804688
-0.0438383579935905 -0.0119176617586903 0.0767844569783106 -0.112267168666965
-0.0335472695306029 0.0404551547788875 -0.0129007394921196 -0.01630054294437
0.00565266411509411 0.0543872633088749 0.0419412991311122 0.060779537729089
0.040931999734925 0.0187425448526947 0.101997522263428 0.0204791140130532
0.0348980228988237 -0.0196038240894453 0.108738523105688 -0.0553032956063471
0.0102187303600649 -0.0234563472505434 0.0663667931758951 -0.109880125708364
0.00949918520131046 -0.0237971789908726 0.0054762424857063 -0.123406909657111
0.0119216089036045 -0.0233426174673974 -0.028892003172197 -0.10699548782907
0.0135308231165656 -0.0196642269291665 -0.0270720355578755 -0.0895865557968414
0.018177611062003 -0.00804851976631127 -0.0149082563849339 -0.090952998369604
0.0210318553937195 0.0131887803159791 -0.00136845800012968 -0.101596141301947
0.00428152972646982 0.0413183096249178 0.029278766042555 -0.103876316499684
-0.0397868753580412 0.0325761927624355 0.0642158931541274 -0.0929317987671478
-0.0557752087949973 -0.0116488503025581 0.0572790952364496 -0.120647228907296
-0.0371847533406565 -0.0464491582685528 0.032420548802695 -0.174604969717031
-0.0215442069804462 -0.0806206136130904 0.0798551817487617 -0.0970553970868346
-0.0466321421766213 -0.0257910755886503 -0.021860325639459 -0.00626956661099086
-0.0463329663870161 0.0117227297363522 0.0389116487565693 0.0896000552155882
-0.0146638737633946 0.0223918981178294 0.117442010112417 0.047146909043521
0.00334171068466556 0.0187933045648976 0.133820105103678 -0.0476469133355047
0.00471381758645123 0.0159029963072847 0.0810703141187379 -0.112573101763353
0.0145387935362597 0.0180471048799988 0.015908847574632 -0.127020846006776
0.0205313078422403 0.0197284635944752 -0.0232008199563065 -0.108048336156833
0.017156531681544 0.0236505471307681 -0.0254740499341038 -0.0891012781097836
0.00274512855774688 0.0252431320850524 -0.0167665561192405 -0.0829793336821558
-0.0136649844222457 0.0343507877814192 -0.0067982984232787 -0.0911979260270406
-0.045605253195206 0.0279163432529582 0.0135250675282401 -0.0963909867347025
-0.075050828548566 -0.013905853345744 0.0441230265889545 -0.0873619569415476
-0.0523006506454541 -0.0710262809974626 0.0349459450136733 -0.118412592685808
-0.00812495487981519 -0.112108976561108 0.0189931947021307 -0.163685332919535
0.00994965804861683 -0.139367692263838 0.0721381144559742 -0.0625319890197738
-0.0434565001978082 -0.0976435595880867 -0.0387608515636298 0.0140461016642148
-0.0924628946980409 -0.0473734130332743 0.0242133920747945 0.12472240384112
-0.079623048700287 0.0113876872598776 0.121685975603622 0.0851957669025744
-0.0420614031184621 0.0529138894504743 0.152667865726112 -0.0254294256316859
-0.00897864763675744 0.0549567237500338 0.0933779290375836 -0.0990249511859337
0.0138754179909377 0.0586031102067375 0.0266972850836921 -0.11224725367343
0.0274460447166063 0.0600171109297696 -0.0144487847551905 -0.0929709426923892
0.0226053321218505 0.0635561226032234 -0.0226787404016511 -0.0730350526477841
-0.00361146655254024 0.056784035379987 -0.0217161762560024 -0.0628439163300051
-0.0376348362782833 0.0604886014613189 -0.0190481985172337 -0.0736529004686899
-0.0869020422003908 0.0299061224862764 -0.00872988993809502 -0.0861607275261125
-0.111168171588593 -0.0398349942696212 0.0216441231245381 -0.0818540565252411
-0.0600218715106014 -0.114226774573976 0.0153445321629712 -0.108038694314096
0.0106929063017044 -0.16171973979844 -0.000187736333148367 -0.132501982790787
0.0458360550379419 -0.175041092126686 0.0521615717886002 -0.0120541360941116
-0.0217447145392311 -0.159942858701417 -0.0611627839054432 0.0417443219263468
-0.118706871447649 -0.113762324863816 -0.00414941804063395 0.155580573637838
-0.135998240430539 -0.0152849147973949 0.106155101491948 0.125951237504828
-0.0901125524057378 0.0729074963133585 0.1540754722243 0.0104724682357006
-0.0289229128655355 0.0868031463315104 0.097635813101961 -0.0684106605703021
0.00868914996000162 0.0917124395082863 0.0354710670725305 -0.0822291808817062
0.0295611134563082 0.0918310696966578 -0.00388212925420536 -0.0639197510019845
0.028786403059504 0.094835475733127 -0.0181856338983858 -0.0452916465068409
-0.00438703821917436 0.0826779224119444 -0.0253492364336774 -0.0323759409984093
-0.048307759802476 0.0841954821639527 -0.0315040448719674 -0.0474624860751551
-0.113998298840486 0.0395677885936071 -0.0302460911955165 -0.0676638705824188
-0.138986171264613 -0.0501887208749804 0.000667237252887055 -0.0728877346686748
-0.0686383346708991 -0.138142902967231 0.00519798485659893 -0.0890430261378282
0.0234840113445892 -0.188412892687366 -0.0169389818682293 -0.086373715969027
0.0744492182761771 -0.180184762927299 0.0216735969557396 0.0464264674262214
0.010518991847174 -0.19067588023481 -0.0845060666990974 0.0720995554321544
-0.11249962598192 -0.16499509140484 -0.040312745672767 0.170131124570517
-0.163638309082618 -0.0514559220309032 0.0700672459963595 0.154769527640128
-0.126432934061991 0.0711014878814423 0.134014666895227 0.0501358205876992
-0.0485198741864078 0.101178996809227 0.0879139381728982 -0.0260017331682004
-0.000614517096623114 0.109480211113197 0.0388823420917735 -0.0400457472662915
0.0282794889561495 0.109963309146654 0.006718741791266 -0.0262026748692044
0.0316956646391259 0.112681999258123 -0.0112762892040265 -0.00897136632752936
-0.00371051959631121 0.0979288059459414 -0.0256863618550366 0.00273241033242088
-0.0519209245792821 0.0977277740685297 -0.0411429450132076 -0.0169469740923042
-0.124743270912655 0.0431102809073682 -0.0464371476601321 -0.0463840792526488
-0.146752861185292 -0.0555789672571551 -0.0139048054748286 -0.0607412767092589
-0.0655247724355113 -0.145193721722231 0.00523032215853564 -0.0663045750698499
0.0352468086961591 -0.187902207896734 -0.029202700756475 -0.0325799179911029
0.0861651214776226 -0.151959427482314 -0.0112249533363638 0.101823337383235
0.0415652866808017 -0.178999754997587 -0.101520280483758 0.0978822885596589
-0.0795225465947325 -0.178947697647307 -0.0718239185118519 0.163162396341263
-0.152583962663518 -0.0779235762927753 0.0259438616711365 0.161652664252741
-0.135079560342868 0.0532729150325937 0.0956126888310133 0.0820566911974208
-0.0581630057874173 0.0979166954227873 0.0691872669205217 0.0169841404142206
-0.00866675543952753 0.108647272673598 0.0370920859453111 0.00498796305321129
0.0221454869394161 0.110596090435842 0.016823950114361 0.0140549537330444
0.0286469841898036 0.11448417459194 -0.00277896650746789 0.0290779601279234
-0.00488058916411059 0.099992246266887 -0.0253725810385549 0.0384563069113004
-0.0529802526243053 0.0972914541401681 -0.0499458777299672 0.0123616916297036
-0.122775024532077 0.0355679650981123 -0.0577373447210899 -0.0259952248384602
-0.134409629998946 -0.0631749973234304 -0.0236957803644648 -0.0503008868221133
-0.0456034006923618 -0.138666546010083 0.0107193730033036 -0.0438207085560377
0.0492040703476699 -0.161374405547861 -0.0385059806870987 0.0188126504216757
0.0781752523498746 -0.0968891686801364 -0.0377223915976405 0.143631209358587
0.0581327269796408 -0.130073652450212 -0.105011276569791 0.114922513016924
-0.0366138525115466 -0.151753256434551 -0.0886734289394754 0.141279736147461
-0.112174754567537 -0.0841024219509299 -0.0124960465869111 0.148818009906053
-0.115779860189017 0.0296968288174494 0.0533814542104586 0.0974744797668509
-0.0557495213634205 0.0780546039077648 0.0451386049742621 0.0525943263829934
-0.0126374830107696 0.0911071815677435 0.0330993835728005 0.045397604382907
0.0135733517716929 0.0960369432318726 0.0242851724765342 0.0505684442305454
0.0205251312465634 0.101449898160359 0.00365285234066888 0.0657422009885682
-0.0102392745958947 0.0902572962790722 -0.0270064439832003 0.0701031880378037
-0.0529174912351968 0.0832441593476497 -0.0612955434335342 0.0370032257888775
-0.10849561219396 0.0186018714122906 -0.0688728085378603 -0.0115831473896089
-0.10570863230416 -0.070799569173049 -0.032033768603262 -0.0444330468162032
-0.0144448676059101 -0.121351093814796 0.0142819120457842 -0.025066484274672
0.0618551295788781 -0.114367522318267 -0.0508734687564272 0.0607311693553492
0.0544710822510789 -0.025907854665396 -0.048673871192511 0.165412360080497
0.0576970067444641 -0.0617467555702529 -0.0942651394602869 0.122977190329526
-0.000319970332995719 -0.0966954020986454 -0.0877875867685282 0.114330152322904
-0.058730927424901 -0.067180214487328 -0.0341135387675874 0.126157053623833
-0.0769439755987485 0.00776782693930556 0.0201304838265864 0.101502030760164
-0.0421676126372304 0.048238830597444 0.0265023815661348 0.0754233361442506
-0.0138916195774158 0.0606877060581923 0.0288666063051619 0.0749993994821365
0.00359588917417419 0.0667953649837992 0.0287354919474358 0.0794815099056596
0.00731613980886563 0.0739469258760146 0.00654260040026817 0.0961582702846498
-0.015160821824383 0.0674942864831592 -0.0336121272430929 0.095607584352529
-0.0480370425767716 0.0578341244486325 -0.0776104978492114 0.0548810431022967
-0.0830439836678968 -0.00130381153793274 -0.0816069703506721 -0.00555615223239933
-0.0643129158657909 -0.0712206648130839 -0.0396430490222641 -0.0452827097286004
0.017758072977229 -0.0896786988207456 0.0139558839562929 -0.0112714422536412
0.0668721146163984 -0.0524192780299836 -0.0661266326081212 0.0896610536655676
-0.0455676560385219 -0.0100413338494696 0.0730249642552144 -0.119701639725572
-0.0319558400116095 0.0429653372528208 -0.0148880550862939 -0.0158682914550997
0.00872935743987282 0.0554060122730705 0.0454000853686583 0.0615585947661609
0.0430469286468288 0.0171294338200368 0.10635826800646 0.0171013799060575
0.0332346359342403 -0.022255747475613 0.109576713595967 -0.0621402624702275
0.00926626455632852 -0.0242449456162679 0.0621395934402226 -0.117518737905777
0.00826557063095169 -0.0243027329823425 -0.00160297368744211 -0.127191959856262
0.0110055477937696 -0.024555794272968 -0.0366657068291753 -0.107002315874283
0.0128269841484763 -0.0206946447387434 -0.03299048730126 -0.0902078207848861
0.0181927819432961 -0.00865264744960093 -0.0209057813739676 -0.0935891009231396
0.0225185580361398 0.0129422809721686 -0.00750624761045777 -0.104712883988202
0.00607558559210092 0.0413435592613257 0.0250048594124409 -0.108173191595693
-0.0394338073365178 0.0361637540129549 0.0632457385584465 -0.0983728381069083
-0.0570046283474772 -0.00873354616300127 0.0540600387937916 -0.125037934358312
-0.0409971854457123 -0.0459685382001887 0.0261599450739741 -0.180080369357934
-0.0267824947640509 -0.0816737054669859 0.0769898979614803 -0.103223021257103
-0.0489598237948192 -0.0242328716673424 -0.0244348337373697 -0.00410389756498932
-0.0459435832591082 0.014837310332824 0.043552919251289 0.0912202134652133
-0.0149503251630239 0.0233227319664407 0.123426832506171 0.0437946551426847
0.00375681195232062 0.0185045061591705 0.135202373122425 -0.0557964470984052
0.00488010003226288 0.0157537343801597 0.0780958232576357 -0.120180044846066
0.0157578649080162 0.0183496131295927 0.00907838580104445 -0.130513106771457
0.0226698391270827 0.018974893380598 -0.0314367965399444 -0.108536998572686
0.0187463167530082 0.0236927277412154 -0.0319642822179258 -0.0898896008498124
0.00364068457834167 0.0259293942774144 -0.022314161146313 -0.0849393551617598
-0.0133695286504096 0.0363449347987419 -0.0124204465779652 -0.0944220324416122
-0.0452121131138544 0.0301285471299524 0.00874354574277541 -0.0999934423283531
-0.0778439450386058 -0.0104240190549844 0.0433872518720082 -0.0928713525155234
-0.0565066633642765 -0.070339081961285 0.0312090484143612 -0.121987273737625
-0.0143297405948277 -0.114891765539994 0.0123741292563202 -0.168437395880524
0.00323408834408065 -0.143377512523786 0.0709772679121111 -0.0674607713751027
-0.0482596912448179 -0.098280237281549 -0.0403081619419476 0.0171664571172754
-0.0968824651928187 -0.0433815296636568 0.0295299807164916 0.128039230795275
-0.0813993992667022 0.0154833489659091 0.129179768200829 0.0835824553565415
-0.040212514889904 0.0559238117511869 0.155698623293996 -0.0338982827716032
-0.00718435783510621 0.0568853342260659 0.0912689849854376 -0.106953045549995
0.0176949966808709 0.0592776474433002 0.0204960511960767 -0.116644198965686
0.0313942431640854 0.0598288687629204 -0.0214058842609888 -0.0939791132790301
0.0274180046153201 0.0644036511343607 -0.0286909470116767 -0.0739861418592922
-0.00119903022181739 0.0593673699068804 -0.0265297844751733 -0.0639489021427644
-0.0355277131649572 0.0641892270197537 -0.0250273129779011 -0.0757576903965834
-0.0882108018628037 0.0343497702750498 -0.0140252785040303 -0.0881864696248473
-0.116401600626621 -0.0349695422701491 0.0196762178242516 -0.0866391484806173
-0.0671041680724345 -0.114484518640977 0.011581853767895 -0.111058727661802
0.00228322840688186 -0.167053893936503 -0.00621990601489105 -0.136141554548387
0.0383695735935403 -0.182690122221528 0.0521300566899486 -0.0141643790981296
-0.0303563099079448 -0.163273555589175 -0.0620080726419947 0.0474030303278387
-0.128221579289174 -0.109949372618045 0.00211063498736286 0.160902442166826
-0.141038650030735 -0.00918651785883816 0.114619590983611 0.125069738823109
-0.0890814444114969 0.0788186107916917 0.159589785310718 0.00265152661623137
-0.025960591970541 0.0903801041361057 0.0968968604934701 -0.0746943898577707
0.0133966948710529 0.0933926463093678 0.0315789110996226 -0.0862242191655051
0.036989280263303 0.0923616983008885 -0.00842252291292605 -0.0650716310555739
0.0357497585606404 0.0956300627558271 -0.0223424003427205 -0.0450532317983734
-0.000509434276057988 0.0849242558585662 -0.0284866472054529 -0.0327666303758281
-0.0452993387242961 0.0887049187350024 -0.0364320442200987 -0.048315351634253
-0.114974121794949 0.0460646543066247 -0.0344981629964706 -0.0689882264023168
-0.14568840010691 -0.0440122445117936 -0.00113910955805765 -0.0761145711265195
-0.0772470280714015 -0.138315650137372 0.00122473949487829 -0.0920516901512699
0.0142129093523876 -0.195110766401269 -0.0213408442986941 -0.0876964012476552
0.0671185229146153 -0.188780009790605 0.0233293694336573 0.0465275832847097
0.00253083686559003 -0.196391555005108 -0.0842625038415593 0.0785620849305312
-0.125317869327785 -0.162493691647078 -0.0349137295778269 0.177819577499477
-0.170672460669635 -0.0454412585088114 0.078590826187837 0.156396694766282
-0.125986384147809 0.079619667124162 0.140787488362179 0.044577664442646
-0.0450867495904263 0.106809606739947 0.0898554899385271 -0.030972046050546
0.00489443917351263 0.112062536531685 0.0381880484276516 -0.0431911249721176
0.0357206512775143 0.110869059401424 0.00536677990913288 -0.0270571509348094
0.0391894306116499 0.113669865595884 -0.0122635143548718 -0.00889501816621427
0.000867150065369214 0.100574895136923 -0.0273825857427215 0.00355419119650312
-0.0475275562055687 0.103039511169563 -0.0454723071991542 -0.0163761275780987
-0.125794234089706 0.050593284998836 -0.0503051195858614 -0.0456936829263375
-0.153385429802546 -0.048418424908317 -0.0160758776138421 -0.063841070711136
-0.0749865543947845 -0.14560356106699 0.00252961404494809 -0.0687008986894729
0.0270017563371532 -0.195649715345204 -0.0316187578537981 -0.0319024270052607
0.0810961161913564 -0.161102001279785 -0.00858391279041699 0.105546122920874
0.0345206956256572 -0.185545472282614 -0.100079128086093 0.105065613201728
-0.0907939544535356 -0.178612926118853 -0.067787756427907 0.172003253487975
-0.160431951795882 -0.0736886055131209 0.0331664443507276 0.165444629368234
-0.136299538124551 0.0614075238848213 0.10351465421953 0.0786526534863193
-0.0557471618355078 0.102646004965401 0.07203466672807 0.0143977561313447
-0.00267341547734871 0.111882857411459 0.0392940772038117 0.00276151993341003
0.0296186628207371 0.112626334032352 0.0175516903240053 0.0132017574735669
0.0367851956213063 0.115942483713104 -0.00138853043113234 0.0298266384092361
-0.000231080634417013 0.103180526812616 -0.0243716361870032 0.0406064725053503
-0.0487250822596884 0.10226308805706 -0.0526245148475351 0.0147268939467584
-0.123758277262741 0.0427627914712413 -0.0616072100350969 -0.0237686690758054
-0.142002112050142 -0.0575439100779915 -0.0266176423571373 -0.0527956425795885
-0.0544464961649814 -0.140478360240433 0.00834842520290865 -0.0469061735288449
0.0421895127888762 -0.169192724799124 -0.0390288310163165 0.0216496065888629
0.0750831689692186 -0.10403546756168 -0.032700532728724 0.14913164889554
0.0546215256911705 -0.136299242112816 -0.103767164713238 0.122420062177935
-0.0454179624841216 -0.153225048895509 -0.0857436370899203 0.14935403242944
-0.118991256808013 -0.0803985934808036 -0.00633610307019868 0.153502157760362
-0.117188049131055 0.0364371758934976 0.0606178882298264 0.098023116045393
-0.052655049230498 0.0836035998666111 0.050211958430189 0.0523191425129129
-0.00793901711015555 0.0942306422040764 0.0376073793906625 0.0455099612387659
0.0206860897022488 0.0976089692565287 0.0278518128290644 0.0498062666870122
0.0264960950892186 0.10261885136442 0.00762039854275171 0.0670244517252848
-0.00553078724070165 0.0931328886572298 -0.0239822947487485 0.0732696227279159
-0.049610583948768 0.0875556424869453 -0.0628867151430543 0.0408067044710244
-0.111054560556233 0.0244046211001496 -0.0724055996652989 -0.00909069121095419
-0.111850950801064 -0.0668589855398947 -0.0344777098934646 -0.0457309083095363
-0.021355825602456 -0.123448455342086 0.0126975073339983 -0.0278152577828086
0.0576245849619875 -0.121050885234735 -0.0491388586882095 0.0659219600103062
0.0536916277263721 -0.0306005927653902 -0.0440370749143379 0.172191578401332
0.0561729756586268 -0.0659905973307755 -0.0909256266581955 0.129408235665434
-0.00540909403877754 -0.0988425090224228 -0.0857341733780553 0.121745434838909
-0.0642064383760216 -0.0660755573821965 -0.0295182707163028 0.13278742174389
-0.0778347765450703 0.0121513652023749 0.0262856816950589 0.104141329976708
-0.0405191923849922 0.0528069626406536 0.031837494469326 0.0771454222880671
-0.0102280794631863 0.0631286271527472 0.034091823022823 0.0753337530955841
0.0083039318062022 0.0681169173120281 0.0338834049954423 0.0785031444009551
0.0124334848011859 0.0752099168008541 0.0122904111162039 0.097706609413998
-0.0119609618347125 0.0709029141283143 -0.0290568701957701 0.0991414871892859
-0.0461570065594628 0.0618081948758093 -0.078122809332139 0.0604406339446525
-0.0858873760737224 0.00159656903713617 -0.0847285996607779 -0.00242427931774081
-0.0698223483154786 -0.0688941335667434 -0.0424470731678897 -0.0464945429655356
0.0137169199349927 -0.0923909867082086 0.0135333524107294 -0.0137646071076297
0.0665006963522156 -0.05758119074592 -0.0641892931121661 0.0958314769939269
-0.0461027108462739 -0.00793515440973753 0.0668727574716136 -0.123472662929604
-0.0295907943200742 0.0437806483180006 -0.0170023949076187 -0.0144599255871561
0.012058115521959 0.0549298327668524 0.0480608136628354 0.0608380598035542
0.0440774007357936 0.01501681154773 0.108374263407732 0.0132995078597944
0.0312548614671328 -0.0245915213527728 0.108089866490363 -0.0673458939018602
0.00766137722902974 -0.0245736500640607 0.0569026100138686 -0.121715902110543
0.00760720972230758 -0.0246919088570257 -0.00829172354375343 -0.12678665181688
0.00986118264257854 -0.0253290722903703 -0.0427371805857799 -0.103615618349534
0.0120352337235975 -0.0207805918777896 -0.0385856355235925 -0.0893986951927774
0.0176253169426756 -0.00906064844016364 -0.0271013864960531 -0.0938779241480973
0.0228696239880129 0.0116525669158711 -0.0133620655264748 -0.105332235297304
0.00853550004288632 0.0408601598632735 0.0207471715719565 -0.111153086147072
-0.0380219908358847 0.0380209876794599 0.0607511098477294 -0.102036790687146
-0.0569513662538121 -0.00648365076484292 0.0501300945298952 -0.126021037649363
-0.0432357143117553 -0.0445415395452053 0.0196173843245073 -0.182553135751378
-0.0304415954046524 -0.0808966159553561 0.0719014724502511 -0.106512073199602
-0.0497738463579511 -0.0220840800968661 -0.0252414558720882 -0.00225076739571327
-0.0457193596926222 0.0173771051940414 0.0477075718989782 0.0915608688670115
-0.0138008991251693 0.0243700920686492 0.126652629808708 0.040088988187637
0.00344837171025922 0.0179025816448789 0.134364769398255 -0.0630660725649667
0.00544462832333635 0.0161282389687561 0.0723350013343378 -0.125661195274733
0.0172393721985771 0.0179494798357553 0.00198973680851256 -0.131269906661449
0.0235592592948567 0.0177182823944423 -0.0377088544174806 -0.105867106099486
0.0206503049761839 0.0230745646447535 -0.0371666632503894 -0.0889923093389241
0.00538637344361108 0.0265850523012584 -0.0279707861640855 -0.0856027624480388
-0.0113556570988622 0.0370656309942896 -0.0185578295357649 -0.0953332222485416
-0.0440264430855104 0.0321617619332534 0.00502291777471185 -0.101483211592461
-0.0780150011839554 -0.00548114944693919 0.0414471980454051 -0.0956848287433199
-0.0593648825133359 -0.0686996197358081 0.0271231906790393 -0.122415974022679
-0.0199324209809811 -0.114962689855217 0.0059577416473752 -0.170045862805067
-0.00348658361200908 -0.144587058241954 0.0678099894084331 -0.0704559481828888
-0.0530392856448789 -0.0971761870154284 -0.0411316418578339 0.0203056424382525
-0.099285886666101 -0.0385789266097846 0.0352104581150578 0.128855846847639
-0.0814279806134878 0.0190215418763722 0.133455533946171 0.0784765612366961
-0.038238138612515 0.0575460754438099 0.155296550138655 -0.0419488669242761
-0.00479273325484366 0.0577001110856141 0.0869297419991735 -0.111695575381273
0.0210186189616794 0.0591862598966182 0.0142363169815036 -0.117519444892386
0.0353188852858438 0.058594391884459 -0.0265081213836338 -0.0927339715961805
0.0313921327287607 0.0631964639185169 -0.0333091051174756 -0.0725089893883745
0.00107645192435459 0.0595314467090666 -0.0311339724363355 -0.0636952384474039
-0.0324330654773198 0.0660050381853276 -0.0300715927403382 -0.0764968297932947
-0.0866944977145247 0.0388046753043587 -0.018403060785389 -0.0883679263156353
-0.118789930521372 -0.0295918500860212 0.0179733862699637 -0.0890595279064316
-0.071564800857779 -0.112749949816407 0.00736601086399025 -0.111137377687296
-0.00531372883846112 -0.168306402342043 -0.0110266403759798 -0.136687719305992
0.0295832793014859 -0.185507667805123 0.0511815023975966 -0.0170077602276335
-0.0374894943013637 -0.162594513837748 -0.0613345022869383 0.0512896048158843
-0.133004292867795 -0.103333602818827 0.00851924401682507 0.162341328392477
-0.142788121458956 -0.00382063964075071 0.120014275859609 0.121452358225799
-0.084996053679365 0.0835034759909521 0.161629367513267 -0.00557327594874329
-0.0227545956887309 0.0921603706060765 0.0940065815790792 -0.0800881066204664
0.0177769598133618 0.0934175440104985 0.0265308336299615 -0.0873739851084395
0.0426595705257479 0.0904352066530211 -0.0125653371416197 -0.0650268033821582
0.0413813798420697 0.0937468727981281 -0.0249360802043038 -0.0439900740195016
0.0028745951534659 0.0855783444349498 -0.0313944763216727 -0.0321108401615355
-0.04050839120767 0.0916257910218055 -0.0407338999109811 -0.0483708037512651
-0.113881180795488 0.0522777619250067 -0.0387052172088198 -0.0680251019474337
-0.148428342001233 -0.0364721867341931 -0.00389216863556759 -0.0781732936952334
-0.0840414700322365 -0.136118097700901 -0.00226175868910668 -0.092332417229821
0.00530266723298281 -0.197366981827091 -0.0246976872972109 -0.0869164494820737
0.0587921357373955 -0.193171609943833 0.0251460032359904 0.0458585698359641
-0.00611641893032566 -0.196784302935351 -0.0822038896481183 0.0833088380027303
-0.132913667969576 -0.156212878034015 -0.0282066388598582 0.180857231569082
-0.174583335273691 -0.0379239123487506 0.0855196572525437 0.155009373085716
-0.12249465332945 0.0863506930930677 0.144294161366788 0.0380222442995309
-0.0402872700572923 0.109936930493535 0.0896260343315761 -0.0353318893232233
0.0108244410122017 0.112308295357609 0.0355317904265538 -0.0453899258917202
0.0431510166186902 0.109097080007571 0.0028791149277357 -0.0278753438386842
0.0464306677394888 0.112149576252533 -0.0134487480872992 -0.00779573680080674
0.00550806567121514 0.100802885081673 -0.0279949567967119 0.00461008054846899
-0.0422748058171714 0.105555565575371 -0.0482296499614288 -0.0150867337623648
-0.124478941159894 0.0574948861769016 -0.0533643670437092 -0.0434107693102835
-0.156628352340392 -0.0411069426911267 -0.0187959999287308 -0.0656454913428228
-0.0816082987853329 -0.142697948426135 -0.00011179343217115 -0.0701096756917004
0.0175805353514997 -0.19776635917955 -0.0326862489940026 -0.030038393698754
0.0733184025874374 -0.16567542759789 -0.00401045087744621 0.10613962402336
0.0274668460881526 -0.187812288046633 -0.0971362012720756 0.10955883232597
-0.0996653900110515 -0.173952485258644 -0.0615532679783517 0.176263347427215
-0.16604504211448 -0.0669085811634138 0.0394261031775181 0.165972483059676
-0.133653665403799 0.0692018582839819 0.107984065032185 0.0739179432741544
-0.0507820797607731 0.107362816669843 0.0740569870556749 0.0111737697682562
0.0028799191162469 0.113261343801152 0.0397146406829842 0.000585609567192894
0.0370971195324583 0.111330872436242 0.0179499927762009 0.0121033869082601
0.043847589062977 0.114094446408962 -0.000222248388686339 0.0303051891738791
0.00467080365682099 0.103296072676341 -0.0233050742139133 0.0413752706663973
-0.0442210313170153 0.104927907208822 -0.0534632281166047 0.0168003183186888
-0.122562667160365 0.0488214745002088 -0.0637495706916326 -0.0216537839244056
-0.145235080542679 -0.0502612336272225 -0.0288225888654356 -0.0536283368660127
-0.0610350278123078 -0.138270962612693 0.00639792266286516 -0.0484014332982189
0.0346079988520328 -0.172139013775493 -0.0379428263894439 0.0237162231510319
0.0702213796776878 -0.108374797955491 -0.0276612071013872 0.150673135030146
0.049231702432316 -0.139281037538386 -0.100542813888815 0.12703827591463
-0.0526384001785599 -0.151160419155374 -0.0818162412491554 0.153987172412043
-0.123748056385179 -0.0757587525462371 -0.00128643080073121 0.155761826204218
-0.115421714513017 0.0429218734699132 0.0654467133585881 0.0957174133756299
-0.048787708731681 0.0868351679436354 0.0538828213421662 0.0506526862134552
-0.00302687305989195 0.0954221513578001 0.0408803820490515 0.0428748695625404
0.0261629114319936 0.0964625576489612 0.0307851125389012 0.0484688493563809
0.0331739877370407 0.101555248269397 0.0110476682818708 0.0664442763436256
-0.0010072535390409 0.0931852922298931 -0.0208123361467098 0.0746091643889646
-0.0449095219897513 0.0900587997933617 -0.0623733665606694 0.044245993030189
-0.11043041422387 0.0297222361637191 -0.0733837274960643 -0.00572622599177897
-0.11545121137044 -0.0609739507847923 -0.0367605616893421 -0.046513504764413
-0.0276763715619494 -0.122480673657278 0.0115438377251565 -0.0301633758990089
0.0522474867006369 -0.124587822276643 -0.0468060178738655 0.0689462295418723
0.0524517937925066 -0.0328209943456423 -0.0374739933340553 0.175196259662462
0.0540004764464027 -0.0690487972987548 -0.0874761785952525 0.133200945464616
-0.0103128128416035 -0.0982975386950383 -0.0827001353252938 0.125919822920837
-0.0678357771617907 -0.0631718246609405 -0.0252405832429066 0.135634559339862
-0.077702477133753 0.0167335258390465 0.0313977660811027 0.10358105762022
-0.0371014222490266 0.0549840115906272 0.0363957244354595 0.0763910311020946
-0.00708332709573239 0.0636282143617425 0.0390562020617088 0.0734128706028632
0.0119737446843248 0.0683017456448429 0.0392831567737453 0.0764290535928812
0.0167373700047316 0.0742520397018428 0.017807694232033 0.096674943409228
-0.00799816653505686 0.072108623540377 -0.0243794165122288 0.100773967149229
-0.0431890516125308 0.0644811233454984 -0.0761359123462815 0.0632758471160127
-0.0862274442418857 0.00614488707936367 -0.0858562683393928 0.000703599463535288
-0.0733717703189663 -0.0648490633905447 -0.0447472828437159 -0.0467149058711032
0.00923398917080588 -0.0930670989476434 0.0129347952798614 -0.0157889292991877
0.0639054544173558 -0.060566696470618 -0.0597715195515869 0.0998620773160182
-0.0483974655042016 0.0071068376094275 0.0243346380611533 -0.13901749608072
-0.0128458847840964 0.0520248888035941 -0.0225987118114286 -0.00930267202059609
0.0315308048823408 0.0464870753681236 0.0623230076670676 0.0429800613382704
0.0469396333288274 -0.00204738320890586 0.106252864402338 -0.0199801915019085
0.0206856315733566 -0.0342961877294312 0.0816420887549384 -0.0977035917020575
5.77872536406E-05 -0.0266718642139224 0.0124485624255287 -0.134237028907659
-0.00116100337889594 -0.0270405560753839 -0.0522630471033668 -0.113911642619677
0.000177990829515029 -0.027190440693345 -0.0752807088352444 -0.080126241034904
0.00478877494666452 -0.0234401346472156 -0.0666807686214567 -0.0708675849688292
0.0134039383652572 -0.0138236752392945 -0.0567146747952016 -0.0788472169263643
0.0256403296646974 0.00361298014638701 -0.0488782846872528 -0.0941467716448576
0.0211574936860342 0.0355150806916479 -0.0153956483309606 -0.111598803667924
-0.02295981761492 0.0485991062957041 0.0273303108101554 -0.117336239814358
-0.0554401501932192 0.013369246174227 0.0103203541651121 -0.132625487130409
-0.0552177381751011 -0.0274682042186634 -0.0361681712746549 -0.174931290699784
-0.0586385763809137 -0.0685428131533418 0.0357719766186941 -0.122876554804617
-0.0550179767784651 -0.00315532594598807 -0.0228201822368504 0.00547403305386475
-0.0353831200408189 0.0324189073984022 0.0745108171782507 0.0691586228345975
-0.00353955932039007 0.0274224773074242 0.132950906070317 -0.0043136433604731
0.00939124213506265 0.0146774452074278 0.106231001452476 -0.103739367390733
0.0111682885735723 0.011870354299169 0.024177804549924 -0.142989305167608
0.0222035980120526 0.0102090820590314 -0.0453267632329262 -0.123308815511719
0.0277868586336523 0.00760238657091237 -0.0726367216718977 -0.083954693316082
0.0272418572894434 0.0145744114050997 -0.0652184317319406 -0.0706202456705561
0.0130820593047283 0.0235024233029929 -0.0557745086074311 -0.0717676529168951
0.00179420192895492 0.0388679443781132 -0.0503335372561732 -0.08418551584955
-0.0311744316317783 0.0445656174986947 -0.0270359319999199 -0.0979225542995969
-0.0749314914712861 0.0204062031363474 0.0112673828652779 -0.103796069638971
-0.0784767210146518 -0.0442606835280923 -0.0118120732865507 -0.121486196414797
-0.0551044155493974 -0.102292361567789 -0.0476774759251503 -0.157916646675154
-0.0550388055731075 -0.138633768659961 0.0449238579516832 -0.0845942847633544
-0.0849829076082475 -0.0726151125336925 -0.0267003142720095 0.0343407311298779
-0.105750136295986 -0.000737851624187799 0.0795500557526848 0.10662229505569
-0.0693731288175774 0.0481396671690435 0.153706028334146 0.0271516636499226
-0.0151282977457974 0.0658895955047014 0.131385060692772 -0.093488702208551
0.0155810213790248 0.0547470842402946 0.0414496737926637 -0.135820250139899
0.0400229396350743 0.0488021461764059 -0.0292574056857457 -0.116539358186783
0.0518997371713686 0.0414541398211082 -0.0592621090725743 -0.0748367035228864
0.050750829851451 0.048001493978534 -0.0567537917017801 -0.0562400772165109
0.0199710016803599 0.0559577269544512 -0.0517579306749815 -0.0513869105947877
-0.00829224629526018 0.0723176270037784 -0.0553848490122131 -0.0629149092626643
-0.0692340548656427 0.0651440879872428 -0.0434166198462539 -0.0785471090085803
-0.120970397447689 0.0119801730195817 -0.0087476549511249 -0.0895167576117735
-0.104593458153618 -0.0813835350716116 -0.0280317967485999 -0.104838294308984
-0.0585213119200648 -0.158320941102111 -0.0554561194361117 -0.120391096811758
-0.0373393410688872 -0.189428914826541 0.0472758224780559 -0.0265970520677393
-0.0928648554905983 -0.140431274688527 -0.0335365622127763 0.0724553640528206
-0.160525310458006 -0.0490114568749663 0.0694146083665817 0.146735681808167
-0.134165229217579 0.0490823261587564 0.157370942701858 0.0698704077090877
-0.0502025483154668 0.106295702478177 0.148778334526732 -0.0630943848716429
0.0110832152370889 0.09250305050193 0.0579524909938622 -0.109008139663528
0.0489619538788177 0.0821153099201292 -0.00711064169416263 -0.0939186319692562
0.0691612961463809 0.0691119303162872 -0.0370970766351977 -0.0547411349966535
0.0705636222957846 0.0725297907458968 -0.0402663321513276 -0.0322055204673955
0.0307575814629014 0.0790345105161058 -0.0422368730961847 -0.0217543693549469
-0.00725982424945447 0.0986493630627634 -0.0569210737441467 -0.0340682322226564
-0.0899958179350912 0.0870154686895341 -0.0565677087941346 -0.0533219646640891
-0.151199015155821 0.0147789957666308 -0.0257825478413121 -0.0729243765945609
-0.123830712924014 -0.0992900079486563 -0.0318097251244484 -0.0834673506801971
-0.0572924043473172 -0.189548713592734 -0.0540064452261937 -0.0693800549487801
-0.0120307350518683 -0.206780483028593 0.0431282129535955 0.0423266993475585
-0.0755269865215748 -0.183911721273541 -0.0428444894567005 0.111892673047899
-0.179242420340047 -0.0988414085682887 0.0436224912074439 0.176936457422978
-0.177290632176592 0.0285611560158092 0.137343270144206 0.111455335714447
-0.0838679058169261 0.122273208292904 0.1465290870597 -0.0184731046505249
-0.000107541602881389 0.115733267659502 0.0694753181627464 -0.0665019006095741
0.0490157192521646 0.103258764844756 0.0160913400273658 -0.0584531606859538
0.0761710918793767 0.0865534102349836 -0.00997248380488949 -0.0263776739136149
0.0810441250762786 0.0878616367285155 -0.0170920565569912 -0.00253233429355572
0.0384737519615944 0.0929326657902044 -0.0271264315458195 0.0114771045612442
-0.00457352483883136 0.11215887305612 -0.0529622006341891 -0.00105689409392222
-0.0983192529468485 0.0953588837655142 -0.0627925953713656 -0.0262694466471139
-0.160804753652514 0.0135476527041206 -0.0359829481897358 -0.0557624959419708
-0.124116280630149 -0.10637914667593 -0.0236748599588336 -0.0634627112283844
-0.0467347288403284 -0.194481074441655 -0.044371316197387 -0.0144857237844983
0.0124281494098133 -0.184053898427192 0.0335050334664621 0.107904352950514
-0.0394113715919683 -0.186929580387394 -0.0507578066164896 0.142646651096564
-0.153649507463798 -0.127301883042625 0.00957813821179866 0.18578039411416
-0.179486905262669 -0.00217273425275555 0.0981123789847648 0.138364830984934
-0.099798837748952 0.110792115161571 0.125370138402172 0.0279890986066247
-0.0104389240654554 0.117128587421161 0.070942594343469 -0.0176887644441583
0.0416041093868765 0.106458032461141 0.036586126442303 -0.0166459272466034
0.0712836703635789 0.0901530666629124 0.0172485593835948 0.0043510636824828
0.0795827253190247 0.0901057662111517 0.00796633235367746 0.0285725747827927
0.0386888621139853 0.0953492191089028 -0.0101113459240237 0.0442381775390487
-0.00553955625168752 0.111460286734928 -0.0469739782510002 0.0305362734920889
-0.0995012753108186 0.0875425298430613 -0.0651783671087767 -0.00185325350272861
-0.1521209833711 0.000771222043461945 -0.0422809979819022 -0.0408498080382564
-0.103414347958486 -0.109692128756984 -0.0113853585474472 -0.0458796236190357
-0.0219794879957037 -0.175659791262824 -0.0327194917385754 0.0359386078398228
0.0303044651929501 -0.1278245721144 0.0242219795647495 0.156496370963098
-0.00171492333460077 -0.148597632138903 -0.0503656910490708 0.158750085333829
-0.102492982286363 -0.121997080272093 -0.018198414167782 0.17334550048834
-0.144018257395601 -0.0254553971203966 0.0561913503936751 0.144678666150661
-0.0921098234199171 0.0805524924622448 0.0943113005622598 0.0636383430216758
-0.0152710827152206 0.0976992697201914 0.0662329568673878 0.0268365969480955
0.0302942603227844 0.0922595305660845 0.0522260443204985 0.0220917987686799
0.0567158643248155 0.0805633013245514 0.0424376837727507 0.033253261091492
0.0649505568226789 0.0823893814739886 0.0309362786018854 0.0581893574084215
0.0303658031358325 0.0878695080536348 0.00309656908103883 0.0743798722436731
-0.0117486948039332 0.0987062951723218 -0.045348512645542 0.0595199702620027
-0.0940252252225448 0.0644245500535182 -0.0699869960750737 0.016136721952135
-0.1281600773073 -0.0188505936918801 -0.0486324030911437 -0.0311675019339153
-0.0667903102944807 -0.106153685425004 -0.000945529301200278 -0.0309703975595322
0.0100963733856049 -0.135844214258966 -0.0261792760974866 0.079486391643225
0.0394874615799182 -0.0493643198472777 0.0200398746490654 0.179627373111041
0.027910012227844 -0.0828730895329745 -0.0400026080411849 0.158040037671209
-0.0440582933345689 -0.0867306720946864 -0.0323867582325888 0.148090059004668
-0.0869318187741808 -0.0339314022224958 0.0246774003691348 0.135957141562512
-0.0660566793460636 0.0434981165049643 0.0650991500603527 0.0843453346352722
-0.0153713292924325 0.0646136863039202 0.0595053184089164 0.0579432382208282
0.0157234716359044 0.0631176304386078 0.0628024097715832 0.0519671579778099
0.034349851031001 0.0587646219429441 0.0606845086351234 0.056428433480112
0.040997050497154 0.0630330366807599 0.0476186459916408 0.0838085133899919
0.0173085573110364 0.0698106851579567 0.00903530103218824 0.100710051300051
-0.0186757976431252 0.0741872980708363 -0.0515206572701022 0.0832759891687564
-0.0791778273554162 0.0342710131439651 -0.0789703960552045 0.0263444848745702
-0.0900004863219028 -0.0363930990832497 -0.0569118881343229 -0.0290038544306018
-0.0224259344349424 -0.0902153707839303 0.00466235270557073 -0.0191385550139963
0.0413568585617934 -0.0799007886157618 -0.0277589418905033 0.110934224482431
-0.0483329685450445 0.00820884728725504 0.0219478404536661 -0.139747275661195
-0.0122955308487999 0.0525258981247692 -0.0227466461248462 -0.00771039702912475
0.0328864540363897 0.0463283724210399 0.0627865926212134 0.0437617062187425
0.0465025215703224 -0.0027489164665051 0.107150408440152 -0.0212576755632752
0.0191251900036238 -0.0342113603341437 0.0809932465771497 -0.0997644081239175
-0.000588914555205648 -0.0265008655749519 0.0100555490701585 -0.136060713751253
-0.00162658398271319 -0.0272676768139448 -0.0545854929403938 -0.112416106988349
-0.00111316733496322 -0.0275896370420035 -0.0765038248250957 -0.0770865474357691
0.00453122455264228 -0.0234260833569911 -0.0687575814820428 -0.0693470368399297
0.0131788245631778 -0.0136741644309048 -0.0603439085210815 -0.0789573688973284
0.0256131821428725 0.00342545254770771 -0.0512611137950352 -0.0941296957890933
0.0216549686750692 0.0350640667854015 -0.016774318119093 -0.112468189525619
-0.0220897505812273 0.0490028606834348 0.027126399537147 -0.119366555449111
-0.0554807346706295 0.0139220998804631 0.0107928930495548 -0.132301702200236
-0.0556563831844529 -0.0262683672401704 -0.037749818660629 -0.174655363607499
-0.0603791296541562 -0.0679864245152113 0.0341109250701729 -0.123043883107531
-0.0553535827840951 -0.00293881198334455 -0.0230944600012684 0.00724695758416902
-0.0347134913564303 0.033078685867534 0.0763391692804694 0.0698315896443012
-0.00357331823917943 0.0272213512404977 0.133612401621834 -0.00547146574445292
0.00846503960837142 0.0146916728000256 0.105211898168428 -0.106511710521476
0.0108404572249675 0.012273834069611 0.0221231353719387 -0.144529232613901
0.0227009160302007 0.00992552664673803 -0.0480025691286052 -0.122063130580835
0.0282848286409999 0.00674561411298533 -0.0750229821547201 -0.0812673461654371
0.0280401120241651 0.0139307704248428 -0.0680124602502712 -0.0689537917739897
0.0131655037674063 0.0244426727373126 -0.0585819951400498 -0.0716332326279474
0.00276696025393445 0.0391776575208802 -0.0532308681998766 -0.0840945915958806
-0.0305757027982279 0.045079892411424 -0.0282557315177602 -0.0990947082498966
-0.0751498405078779 0.0220336796990349 0.0105485019871112 -0.106026559723323
-0.0796704554195575 -0.0433369905497019 -0.0117534793979191 -0.121029768964375
-0.0569296092095446 -0.101825590161426 -0.0489878206567168 -0.157887297269271
-0.0577263146522479 -0.138681911187946 0.0431052085393426 -0.0847560583667178
-0.086414364478667 -0.0720351043084876 -0.0261772953672294 0.0362775724989846
-0.106115647409846 0.00125975367918184 0.0807776429022247 0.107729201118856
-0.0697182635296953 0.0487104826299033 0.15555640255302 0.0258978643974964
-0.0146328678347412 0.0664772155892294 0.130358985928138 -0.0967442693523135
0.0159920148468163 0.0549464033265111 0.0395967944984151 -0.137784314879399
0.0408807381997339 0.0484151042256136 -0.0319346415290463 -0.115501957039909
0.0534491411132516 0.039819597514734 -0.0613264835970112 -0.0730731344657581
0.0526144837306222 0.0467686042082703 -0.0594426083557036 -0.0549101483161045
0.0209890136338088 0.0563473668195675 -0.0547023166132663 -0.0506811662936204
-0.00695805789653873 0.0729834638514711 -0.0581850843394114 -0.0623443664850589
-0.0691186114020391 0.0664995877269126 -0.045239248267991 -0.0785175524580943
-0.121119029425655 0.0143708568790899 -0.00979873069390707 -0.0921403008748976
-0.106573352202005 -0.0806045497476507 -0.0284319972273499 -0.103712143703663
-0.0617504288463714 -0.158307536564698 -0.0563247514102005 -0.11963389833646
-0.0410457447290702 -0.190436103197272 0.0465124265286707 -0.0260437086541803
-0.0954100887335465 -0.140037083513083 -0.0329427661779693 0.073819824655485
-0.16102825053583 -0.0464032771357562 0.0705426660788799 0.147567347771184
-0.134897369197343 0.0513138882227063 0.159392257393406 0.0690951964499069
-0.0489218460499594 0.107882962460328 0.148453271164104 -0.0665718293630385
0.0125193301336032 0.0933508476373667 0.057227964059298 -0.111155420545281
0.0505697027108068 0.081960138814777 -0.00977181651278997 -0.0929590945992217
0.0716173131246845 0.0670102645717527 -0.0390031258851401 -0.0534552161010874
0.0733166557940175 0.0715844370222811 -0.0417451976390858 -0.031683933122381
0.0321501994611612 0.0794377634661341 -0.0439630099842727 -0.0210440346767522
-0.00585220513510311 0.0990349083716448 -0.0596531475996939 -0.0331399222568129
-0.0897424650509676 0.0888279329068783 -0.0582406063088535 -0.0529903558777056
-0.151416591663418 0.0181021547474871 -0.0265011244207772 -0.0744804065214653
-0.126377775826399 -0.0985372891908581 -0.0323723054645456 -0.0830590014560178
-0.0616981658980039 -0.190417812831178 -0.0548843602178419 -0.0691336052232168
-0.0154734485713631 -0.207475343156264 0.0423127991065545 0.042339300810879
-0.077756256022766 -0.183619330050802 -0.0420266316988098 0.113225389009988
-0.180323112945507 -0.0951525514963796 0.0450794087375503 0.178213518382655
-0.178200094679324 0.0319845024555333 0.13923379802341 0.11175878208715
-0.0815671258216661 0.124444518804119 0.147873062907579 -0.0215504916852144
0.00229204650613308 0.116703082658656 0.068848629399233 -0.0682348508315655
0.051567056552215 0.103384004318717 0.0154014267723398 -0.0588908267709703
0.0791365742177073 0.08443978041448 -0.0108671044735091 -0.0259436095086859
0.0832823544833956 0.0852658630796799 -0.0179698030385604 -0.00159217182620904
0.0398484012483115 0.0923969760949938 -0.0276730408509007 0.0119567309948334
-0.00235020887001937 0.112342733789356 -0.0549663865038528 0.000456649412968236
-0.0973563654174451 0.0978438286982907 -0.064001425492394 -0.0259908148175353
-0.160769465168825 0.0168946105108438 -0.0372322084613265 -0.057471144313838
-0.126174393204084 -0.105839582004764 -0.0253259470607456 -0.0634359500988039
-0.0509365035088481 -0.195440724833626 -0.0444420291258842 -0.0142241177707273
0.00873470260915624 -0.185820415790061 0.033415357908054 0.108711576521385
-0.0422860755885685 -0.188184323655531 -0.0497209555030382 0.145146007083337
-0.156179151158837 -0.124178372742634 0.0114321127724197 0.187304622781585
-0.180769952945619 0.00160449206920565 0.101144007203067 0.13929645129543
-0.0976684309794923 0.113698090061322 0.127020238205223 0.0252006418268209
-0.00731945480863354 0.117645306611795 0.0709148552486804 -0.0186401283319332
0.0440229175978533 0.10677792005153 0.0361920431244664 -0.0179624047550824
0.0743750076841326 0.0885267174753645 0.0174116351215277 0.0038474870041106
0.0826230124176525 0.0883719328711094 0.00785056505935977 0.0281698060447699
0.040330902046208 0.0950843014780357 -0.00965312657779142 0.0447243814289226
-0.00343306073817767 0.111892902878174 -0.0480920225693403 0.0324380867302997
-0.0982862565623012 0.0893269502357238 -0.0664471785403097 -0.00162340229684082
-0.152546298630991 0.00430206851300061 -0.0441147161937748 -0.0427109653128826
-0.106027315243381 -0.107880009458044 -0.0128859263487601 -0.0460270764875736
-0.0262247129312075 -0.176673184973627 -0.0315923888397713 0.0371414808243173
0.027846927284038 -0.128822342379314 0.0249539945120158 0.157559481661834
-0.0025798077118238 -0.149530210019039 -0.0501009014401516 0.159695697368307
-0.10413693515946 -0.120281205596747 -0.0173804103009041 0.174792549445805
-0.145840357334574 -0.0231933716244749 0.0581853755448058 0.146374850073425
-0.0907310820827285 0.0828600796001827 0.0957503209862136 0.06207376321556
-0.0126062465492128 0.0983595603157059 0.0675271157152261 0.0253029912364546
0.0319675537948255 0.0925218532855556 0.0533516978707151 0.020861968700315
0.059528642597489 0.0795237991013022 0.0430876314796646 0.0317022962236434
0.0679249101136799 0.0808265554609548 0.0320120272485288 0.0569987187480616
0.0328524788544015 0.0880823284953205 0.00393212581542405 0.0744535362394417
-0.00980060472738521 0.0992308213438677 -0.0459180728911221 0.0611806613652255
-0.0936975142101479 0.0666237785985789 -0.0703448404044768 0.0166136088317745
-0.128655155245642 -0.0157892732429722 -0.0499979084166718 -0.032525010124551
-0.0686894968477742 -0.105165328174185 -0.00246449780550173 -0.0318203535098981
0.00735407566455808 -0.137760085093031 -0.0244730997875201 0.0805575717564686
0.0381076116598179 -0.0489078002715865 0.0211306411399922 0.17992473180536
0.0278799718884889 -0.0845852705450926 -0.0400670646014861 0.158855173398426
-0.0452492996138611 -0.0863391280161688 -0.032242520809942 0.149920633125142
-0.0882092625614604 -0.0320977217407363 0.0265680648026502 0.137457374827583
-0.065325743255956 0.0450503413567064 0.0677374667657706 0.0838039142134379
-0.0130330457202808 0.0650524902407811 0.0623440504375496 0.056910467445953
0.0171210158620335 0.0633388107171733 0.0641375396126245 0.0501083124831747
0.0362546146441793 0.0583489571079061 0.0619940211868045 0.0541008354426215
0.0432119081064833 0.0617596379744303 0.0497753572406517 0.0817797776269455
0.0190996789035526 0.0694253987073404 0.0107997609462539 0.10082089263901
-0.0171277943800858 0.0746622502112518 -0.0501866239759266 0.0845573935435056
-0.0802197487051633 0.0358757371200042 -0.0803421238065161 0.0269787229342293
-0.0908615564991623 -0.0346187813599394 -0.0586283978951016 -0.0296602787730382
-0.024268259971994 -0.0893420185149188 0.0041396173161108 -0.0195881681442273
0.0399958857355182 -0.081034148946706 -0.0257881026483142 0.111915290233461
-0.0486965291353568 0.00913495167659938 0.020553709334378 -0.142646826203494
-0.011568234902926 0.0532240722129013 -0.0239692919011204 -0.00627046743363843
0.034390063145749 0.0461150326310571 0.0646989408302705 0.0456578654239746
0.0476211690605083 -0.00395887529269494 0.110601882288177 -0.0228125337376898
0.0177289410331455 -0.035229406285139 0.0812010680363673 -0.103603173617402
-0.00140333517066601 -0.0266740549760509 0.00777586498217378 -0.138984752597777
-0.00235227543459751 -0.0277841905024203 -0.0575235068429487 -0.113017620617359
-0.00175237668843837 -0.0285004214960521 -0.0794716275474401 -0.0757692211835097
0.00359879208339048 -0.0241755830633586 -0.0721705758893139 -0.0688785243226283
0.0135843245749483 -0.0139961443675712 -0.0637223652273449 -0.0790806716443701
0.0261413804566739 0.00305514745163549 -0.054145876316506 -0.0957082962932794
0.0224685265101013 0.035371089700308 -0.0184116933449483 -0.114408357539511
-0.02180590980988 0.050479175984184 0.0276829039559703 -0.123015352665971
-0.0567106393489361 0.014632457731168 0.0115119321999453 -0.1343774542708
-0.0573251911435382 -0.0260382079349715 -0.0394680946385902 -0.178197997666421
-0.0628592034727064 -0.0686224504459686 0.0331013106923814 -0.124995955198633
-0.0565390314476476 -0.00296889753530999 -0.0238484048126434 0.00916286723956309
-0.034450985471319 0.0331781316874214 0.0787283422793681 0.0718442029886378
-0.00424769174199678 0.0277065440829943 0.137375974694153 -0.00716332174759087
0.00842911130717855 0.0149610227820965 0.106439075826244 -0.111354983073114
0.0114199554359203 0.01204921575229 0.0198705015972712 -0.148482145563893
0.0232653538723486 0.00986151038726863 -0.0511526636571577 -0.122607518382353
0.028734339669777 0.0064455347016679 -0.0773835557044539 -0.0791779285208737
0.0292784667270735 0.013148578957555 -0.0718320854899925 -0.0682366086863171
0.0138246760096705 0.0249971597330881 -0.0622929412444647 -0.071126495303069
0.00341222798422231 0.0397142799436508 -0.0567986732435931 -0.0849803372111972
-0.0308952089799905 0.04663079007834 -0.030194642399603 -0.10048537943233
-0.0759667913895498 0.0240411906410255 0.0111319937383188 -0.109794959724361
-0.0812561551571625 -0.0440150361605517 -0.0121480556728228 -0.123211027163694
-0.060300940742749 -0.10316366176145 -0.0509644982310238 -0.160788676827514
-0.0617645378632933 -0.140820094451393 0.0430730837363824 -0.0857861240173244
-0.0893108296369577 -0.0727974258960601 -0.0264095072926183 0.0381181622449006
-0.107265297949638 0.00297873875299825 0.0843843974187772 0.110547436777233
-0.0704509887654906 0.0507970758733297 0.159318399950241 0.0254819755007441
-0.0143509630551666 0.0687217022992773 0.132479247422538 -0.10093450753232
0.0172127062498839 0.0555741983099083 0.037535602018885 -0.141278211185902
0.0422293064891012 0.0488495723600917 -0.035029927898179 -0.116766296096808
0.0555459113340258 0.0393096102296373 -0.0642141135100908 -0.0717223081095741
0.0546390012887598 0.0455831486065531 -0.0621727631913046 -0.0544810187591097
0.0215814365534513 0.0572224163679234 -0.0584901944712259 -0.0506178041508674
-0.00571434286331977 0.0746609170281049 -0.0623078285568784 -0.0632265528170093
-0.0691421990442769 0.0692561225226608 -0.047505891466418 -0.0807521056729559
-0.123752025668982 0.0173581847391371 -0.0104856069681567 -0.0953828892537306
-0.109514624343359 -0.0810361283804447 -0.0291200650828361 -0.104665281400043
-0.0654589662918038 -0.161129768889455 -0.0584505912081318 -0.121726636891226
-0.0452029846199017 -0.193048491910828 0.0462596044610986 -0.0265177670659414
-0.0991388918408914 -0.142257335674319 -0.0334626263760926 0.0766591536395867
-0.164390605350718 -0.0442220610446714 0.0742977393791143 0.151302432446153
-0.138130006085855 0.055294694727078 0.164831861881843 0.0700534640233411
-0.0475620619924172 0.11120307188139 0.150507042621345 -0.0716184944899952
0.0142151134187509 0.09524893124248 0.0562255331642519 -0.113838363173385
0.0535331695922996 0.0826987739065752 -0.0111773421256868 -0.094721258201277
0.0747713574126884 0.0655286428893208 -0.0411670497345948 -0.05234205043094
0.0759463408717638 0.0696383827201744 -0.0439628513398416 -0.029977233734699
0.0330617906434289 0.0812785481088445 -0.0465195820856447 -0.0206666047465483
-0.00349512217738831 0.101399122050966 -0.0623517305016104 -0.0318659950875486
-0.0897780282420262 0.0922825714603538 -0.0607600662026223 -0.0541680530309164
-0.153872955847741 0.0219417284835365 -0.0285905434157366 -0.0779630368900736
-0.130251342705272 -0.0987484708174285 -0.0334364344140011 -0.0840383567854109
-0.0667289430145711 -0.193538115836302 -0.0560534726618508 -0.0692609126857548
-0.0204526977977977 -0.211422258014018 0.0429678745747967 0.044231312781985
-0.0819311812855079 -0.188045322471553 -0.0439079580376824 0.116898667479772
-0.185209161608725 -0.0940740503901128 0.0475931362446646 0.182679772994311
-0.182361886697516 0.0352334614113353 0.144013088962311 0.114922076501054
-0.0809441822331702 0.128571885173379 0.150752190846068 -0.0247181153048604
0.00439956596136718 0.119309408953158 0.0695810856502359 -0.0706659040980876
0.0539015313315029 0.104609013537686 0.0144206434494794 -0.0594789025702178
0.0829673742648499 0.083893533037791 -0.0125042134864651 -0.0253549383088145
0.0873293478759384 0.0842619567842929 -0.0188337598954145 -0.00117580858725541
0.0419887697246866 0.0944302439344401 -0.0288462207887141 0.0118741915676573
-0.000856076653499815 0.114209275729584 -0.0578644605159813 0.00106210841704152
-0.0980590852308823 0.101843023027435 -0.0663755188865429 -0.0260435115197573
-0.163482573560928 0.0204685194483304 -0.0392396625462682 -0.0601813315822649
-0.131461163886301 -0.105550114567505 -0.0263309986469545 -0.0640366399872412
-0.0562134761520986 -0.198256228224945 -0.0449455897962808 -0.0131799973203644
0.00605047680398977 -0.189497972220311 0.0335213332824392 0.111202196488411
-0.0447610623194107 -0.192337865865014 -0.0507350300394306 0.148310927880665
-0.160861479144075 -0.12402010625244 0.0129612545754811 0.191894955053022
-0.185684467294277 0.00420912642525258 0.104925590702942 0.143189085076518
-0.0978730797270169 0.117469520567724 0.130151946373838 0.0239966784491828
-0.00550740139175357 0.120746160717731 0.0731934093120549 -0.0198874853194624
0.0472310423467457 0.108457739562005 0.0366818562815166 -0.0190114211098061
0.0788334772864227 0.0883213369633039 0.0176767971400118 0.00311762681739996
0.0856517914445214 0.0870064277099882 0.00823529182754867 0.0289268928095577
0.0433147975547377 0.0967461930315033 -0.00965150388098595 0.0451979670024985
-0.00110332600423867 0.11363470867801 -0.0501766662416299 0.0341331022504121
-0.0993959863950182 0.0933636483327698 -0.0689027264234197 -0.000928432990872623
-0.155584892324721 0.00723261243456223 -0.0464827819429859 -0.0452385702015996
-0.109800639690218 -0.107876992755998 -0.0139278534217433 -0.0468593463951607
-0.0302831739082142 -0.180292357740342 -0.0315146883205117 0.0383908324986749
0.0255964624830784 -0.131708754395353 0.0252721868700266 0.160757863535332
-0.00411997000539218 -0.153457879053032 -0.0514278552347344 0.163782637805319
-0.107409300214973 -0.120467582057086 -0.0163373381267419 0.17935579221734
-0.150015479313778 -0.0214118618111531 0.0617173911243936 0.150839848242695
-0.0906810578071111 0.0867487291007191 0.0990196907443522 0.0613935352468613
-0.0108298292209642 0.100712187888445 0.0702948306493104 0.0252121652892531
0.0350292894864719 0.0931088486212404 0.0552715430667379 0.0199936790093944
0.0634902252604244 0.0794222536446552 0.0439654759695734 0.0304500464902248
0.0709602789122147 0.0801208696479598 0.0336105420436338 0.0571646824782023
0.0348386992544289 0.0891353269803813 0.00555388088364894 0.0763076517000288
-0.0082450378323058 0.101284020947346 -0.0471977315489146 0.0633688621666107
-0.0950258686411062 0.0696488639182502 -0.0734100465757964 0.017812652997054
-0.131386235131854 -0.0133240041062433 -0.0524621421835016 -0.0344487533049186
-0.0718647436764134 -0.105495483052816 -0.00327156083660276 -0.0322182320097947
0.00401841998971238 -0.140914304321351 -0.0234163231146748 0.082640709769641
0.0378707878545149 -0.0504410193290562 0.0221738003750402 0.184338963498018
0.0277036384694795 -0.0870390371810194 -0.0410915209464123 0.162589600864087
-0.0462866670749011 -0.086638727476605 -0.0318889586323151 0.153898152217873
-0.0911892345699964 -0.0305532249191899 0.0300108558311119 0.141678106626715
-0.0646532882210097 0.0471554381868875 0.0711794430334523 0.0849790996351974
-0.0113834294747405 0.0653942248590619 0.0650231456269464 0.0575709625263498
0.0189280072211324 0.0641382141655668 0.0672450429330212 0.0493130461768172
0.0383408421772758 0.0581159442186385 0.0637899973273798 0.0532152623241201
0.0456115217853879 0.0604321257016226 0.0516071932271586 0.0819576668061034
0.0212806461762792 0.0709700646395087 0.0138493042652266 0.101917063165342
-0.0154878286665578 0.0769214052933443 -0.050225747798025 0.0881971628676771
-0.080610524211685 0.0385942276907892 -0.0825850332618611 0.0284859951692148
-0.0933807218672263 -0.0327892527348992 -0.0604808898680957 -0.0310061573604801
-0.026700575810376 -0.0906879248238417 0.00330660915691386 -0.020637101985489
0.038929769441209 -0.0830404441847422 -0.0239215616715939 0.115201151060402
-0.0495169332409596 0.010289181907589 0.0162228714886961 -0.146478069425609
-0.010701968280109 0.0547259756403487 -0.0252938362815289 -0.00451067171028854
0.0359804864135828 0.0450803657186084 0.0693313924918085 0.0470332212946048
0.0487030934568568 -0.00603965886776651 0.113188936402474 -0.0263020544977397
0.0162426974487619 -0.0360371063294342 0.0807475179988149 -0.109856621787955
-0.00233142599031163 -0.0275616238416198 0.00284502706534059 -0.143186393267826
-0.0032648478643136 -0.0284066513984662 -0.0623175951317347 -0.112706881590415
-0.00345985475616672 -0.0288940106455128 -0.0830791407637 -0.0734566692828289
0.00282751338518167 -0.0249789662490055 -0.0779112560125808 -0.0677348239544865
0.0139067572041139 -0.0148126216278887 -0.0697027168609557 -0.0791188130222062
0.0271682618970019 0.00247144576555672 -0.059888645098557 -0.0961265370954075
0.0238907602940729 0.0343335362550056 -0.022481323536744 -0.117734005676281
-0.0204311496810671 0.052831351084542 0.0266614976617184 -0.128303781534942
-0.0581270238611804 0.016893524856074 0.0100894755549918 -0.137844464761194
-0.0597093962796835 -0.0240489855932977 -0.0444184894698415 -0.182532105534155
-0.0663338100639923 -0.068461080789092 0.0307953464887079 -0.129393249540856
-0.0581872330766357 -0.00124923329517377 -0.024757876955549 0.0116229179986238
-0.0343654401982125 0.034934917188879 0.0834086667057559 0.0730541821832208
-0.00343006459766048 0.0288620233094406 0.141753318893412 -0.0100336531883957
0.0085274524170106 0.0158003210422225 0.106150885520888 -0.118284282234641
0.0115347400003304 0.0122895012723926 0.0156956217183142 -0.154007766921087
0.0240400561533031 0.00931768443732869 -0.0565724683631281 -0.122958600405178
0.0290155530033113 0.00407518348569335 -0.0816192326627274 -0.0772658865538308
0.0300684807112499 0.0119772773773874 -0.0771634443568816 -0.0672279576154286
0.015654676223445 0.0254156255945566 -0.0683655776608142 -0.0709312682396598
0.00468029536222586 0.0412993805892667 -0.0617830440380134 -0.0853991741232626
-0.0304947093085355 0.048854495886505 -0.0341247541847072 -0.102452687797047
-0.0770870956574536 0.0272116412581982 0.00924909350716372 -0.114857385253414
-0.0851131798999608 -0.0429551338350164 -0.0137077834069822 -0.125654435525237
-0.0655879138448163 -0.103637949657206 -0.0567334376660799 -0.163958421521182
-0.0681682139689792 -0.142893500119635 0.0408368453954795 -0.0877987032201164
-0.0931717204656862 -0.0725727486422525 -0.0267937506040526 0.0408686566531688
-0.109544097090829 0.00648700329899543 0.0899272868183758 0.111904102985014
-0.0713938477532816 0.0548207757772993 0.165311482738714 0.0227407131870015
-0.0130054265255634 0.0713677157280264 0.133221131631976 -0.108874028824606
0.0192830774537368 0.0574244949390694 0.0343456818168416 -0.147074946836844
0.0453915074491314 0.0486939359517811 -0.0393208001959023 -0.117314796470851
0.0582995696538775 0.0371054325684918 -0.0678484884102612 -0.0688491221239835
0.0577252396985226 0.0439802847501322 -0.0669031154777083 -0.0521365147741066
0.0241595821400246 0.0581565505205818 -0.0623929721279084 -0.0491153576326236
-0.00318315087502661 0.076826171434524 -0.0671729180854729 -0.0622816109344685
-0.0694641184211888 0.0733731837839049 -0.0520011446392726 -0.0815058688457567
-0.126091491658351 0.0225303909414043 -0.0130639418965714 -0.099729188812483
-0.116084464491629 -0.0801495569060361 -0.0312361511900607 -0.106386841993251
-0.0730803472141765 -0.163456837267599 -0.0632087149373027 -0.122871206670617
-0.0534216547068403 -0.196240636441725 0.0470748620737818 -0.0270954054216281
-0.106068619765518 -0.143428793830986 -0.0329404554663491 0.0809064854264657
-0.169599063382234 -0.0402475188225482 0.0799537709969192 0.154384955513939
-0.14003460354002 0.0605506250893543 0.171307851578285 0.0681295977404184
-0.0454027066340034 0.116582847475523 0.152612150482857 -0.0783444826866787
0.0173097633950308 0.0973901058669419 0.0549492972657227 -0.119410056047927
0.0577755183968669 0.0836054760001049 -0.015046706119444 -0.0961906234101901
0.0801931436937122 0.0645352041131027 -0.0436100917913207 -0.0502473853452299
0.0815323326409523 0.0670391214673806 -0.0473453233384516 -0.0286245145931434
0.0370531844070882 0.082097633708582 -0.0495727026572986 -0.0189054656434921
-0.000484160170754796 0.103534076765047 -0.067195032434893 -0.0297926115107988
-0.0898136383018715 0.098026765326299 -0.0642848971096141 -0.054198446210433
-0.15692780414219 0.0284256883267822 -0.0318278802471166 -0.0814154118698036
-0.138335350835954 -0.0972508486177192 -0.0366713946893046 -0.0851955881515162
-0.0760424830361036 -0.196680005440233 -0.0593047749229929 -0.0693600265092572
-0.0270661083615924 -0.216212876868066 0.0443105072279572 0.0454871674548666
-0.089587228722122 -0.191138353169807 -0.0417775440634828 0.122129864552681
-0.191571491103008 -0.0893903546399873 0.0533803103584384 0.187497803193891
-0.187762971249711 0.0420143649083508 0.152092406766084 0.115240427734637
-0.0779967068038282 0.135398393310498 0.153184714325787 -0.0306526099495454
0.00828811992371728 0.122305106399865 0.0698219880692161 -0.0745722475104259
0.0594948256982875 0.104713010892107 0.0117925141684894 -0.0612721804252582
0.0885330689169063 0.0814458357977253 -0.0138304944710848 -0.0249759803258976
0.0931451029022991 0.0816064791274668 -0.020260042289074 -0.000167021409326019
0.0463667937203595 0.0946658430870544 -0.0304868775737648 0.0142281970238052
0.00353691553704463 0.11674084074167 -0.0603604274699278 0.00397498587320517
-0.097518471658392 0.108528223870701 -0.0702736652760001 -0.024833873390851
-0.167078552209667 0.0283004446105325 -0.0435609564233627 -0.0625025922267707
-0.138334790003474 -0.104579068144633 -0.0283479872272848 -0.0653205067545339
-0.0651731157818946 -0.203007503182902 -0.0459392128702831 -0.0116354730651603
4.63518553905588E-05 -0.19359033938172 0.0372080532914033 0.114636445493648
-0.0513180444723836 -0.196235225300929 -0.0490339188120702 0.153787164734074
-0.166953160544602 -0.121618907475829 0.017475748085786 0.197606929973617
-0.191461185890035 0.0103785624367694 0.112394703522078 0.146269871343713
-0.0958222282440511 0.124848050201584 0.134615809072842 0.0204531190422447
-0.00127772329733321 0.124006270129301 0.0749175612685876 -0.0226613624273566
0.0529604440019352 0.109589170300631 0.0368619799371594 -0.0210190401850658
0.0844297183686008 0.0870533185352818 0.0167543821665939 0.00361997442104064
0.0921968441799434 0.0850710773629139 0.00975578751057049 0.0288296867396946
0.0472477935494752 0.0974369342506572 -0.0088143528521392 0.0471291308266904
0.00296146770511975 0.116159562980694 -0.0515791293452126 0.0363664346053781
-0.0987721264907861 0.0988452279274374 -0.0726887877970296 0.00064059149503297
-0.159315080737625 0.0145105412565274 -0.0496578250442444 -0.046750907948357
-0.116315184689934 -0.107757117719164 -0.0161704005095871 -0.0482563182538479
-0.0380040679960359 -0.184174515101865 -0.0307460165800493 0.0410638830680776
0.0215463007017813 -0.13510993065541 0.0302621280125562 0.166059080817446
-0.00827597495112729 -0.158641803619492 -0.0498626935022193 0.170228452033256
-0.113443211497318 -0.119546375135774 -0.0123653328651853 0.185322482759106
-0.15542009939436 -0.016492240291256 0.0684152250535662 0.15394340439351
-0.0898059501226322 0.0923771289837653 0.104150365456693 0.0602280667297438
-0.00690848559275384 0.103137111935729 0.0737152367100406 0.0237847514849914
0.0401177837149142 0.0945440719972615 0.0575669382780227 0.0186445204454452
0.0681323828307565 0.0781219223870041 0.0449788425686875 0.0295231756325571
0.0760339128445974 0.077965383857317 0.0357028395031795 0.056595298211875
0.0394457290377609 0.0899380544207633 0.00833955477154495 0.0775926208013124
-0.00456710229125759 0.103322226071904 -0.0467358812216733 0.0669568392790082
-0.0956660990650432 0.0755461800211917 -0.0758476102127743 0.019578519634244
-0.135259395819184 -0.00865290853019337 -0.0562995598389709 -0.0352264265537829
-0.0773359280434661 -0.105733784657129 -0.00454460231459941 -0.0333075931157825
-0.00105567629083407 -0.145266557176811 -0.0207782051404715 0.0858471654258553
0.0371862234480563 -0.0520162359695874 0.0273471659397388 0.189719187911928
0.0262603433899237 -0.0908364089341096 -0.0388945014524329 0.168116566370615
-0.0501514674762697 -0.0872297769863768 -0.0297621704520956 0.159380394465804
-0.094745185339091 -0.0284447760953596 0.0353308234444008 0.145865234715855
-0.065170191673465 0.0515388921163048 0.077312859529126 0.0852503926727167
-0.00900147256614992 0.0675777916548527 0.0698473387412736 0.0572266582099877
0.0228971578509564 0.0643185639718953 0.0700757389842839 0.047402084651883
0.042320657925041 0.0575521755767697 0.0661513302503729 0.0513085703240623
0.0495596843911779 0.0595949470299868 0.0555144819837949 0.0802762171501709
0.0245752137886349 0.0719673140018202 0.0174175726814021 0.104131353318105
-0.0138113775410274 0.078559723317541 -0.0498478053643545 0.092360525117788
-0.0824310992433506 0.0424223508225223 -0.0853202531911825 0.0312735969925445
-0.0959069111839768 -0.0298100092682036 -0.0646321333047143 -0.0308805093412522
-0.02996021852224 -0.0919905361591796 0.00246646971941608 -0.0223244056420812
0.036835695929335 -0.087095130312421 -0.0204129975616925 0.118935670218674
-0.0501689145148235 0.0125598712497114 0.00989736416790792 -0.149435871698766
-0.00810625372816431 0.0556494693924882 -0.0255971982895082 -0.00150325905490314
0.0386414857516284 0.0434640727953534 0.0732203638210137 0.046687144269767
0.048179943065735 -0.00828603715661956 0.114635101550364 -0.0308303236577688
0.01425830625195 -0.035659279199417 0.0772715790898913 -0.116123798448238
-0.00436510009036547 -0.0277028421923375 -0.00438861418810021 -0.146467770035599
-0.00452861723133433 -0.0286897459066902 -0.0684545371988067 -0.111050201963077
-0.00577565032884797 -0.0290058373089481 -0.0867269107297288 -0.0695401846858956
0.00075964025347947 -0.0259845584931527 -0.0828925606984944 -0.063280817722935
0.0135794402207517 -0.0150693218476981 -0.0758943631290952 -0.0768333250639862
0.0276885687699344 0.00142572689144052 -0.0664263478639732 -0.0945616643953992
0.0258357761601335 0.0334890659483625 -0.0283548880142201 -0.118685247025783
-0.0178237777018466 0.0542719305850587 0.0222296025605583 -0.133297836758798
-0.0576578154250233 0.0196268836080067 0.00650449748304702 -0.140797468895687
-0.0606027029217884 -0.0216666289579343 -0.0525405721325055 -0.18398076147184
-0.0709789118365185 -0.0670946208475184 0.0246699490600829 -0.132097849685997
-0.0596029416625525 0.00108334534723212 -0.0239048105942266 0.0140379548681874
-0.034021996025318 0.0367820920224301 0.0888978913287464 0.0723772014391903
-0.00223884791997317 0.0296102050452308 0.14382504717134 -0.0163298106331306
0.00920418032616064 0.0152614313033834 0.101474066748222 -0.125273618748447
0.0122461821928851 0.0122748256881013 0.00734341060865254 -0.15720700418658
0.0251279831439333 0.00794067897745775 -0.0634447163895085 -0.121415832470992
0.0301751260536824 0.00304487615952344 -0.085529443627024 -0.0726926746098532
0.0305623418805665 0.00965469790112966 -0.0831522254328705 -0.0623212482355996
0.0169185584014523 0.0250184830210113 -0.0743935056653977 -0.0673293004135515
0.00729888613630422 0.0418178073651887 -0.0684769982468996 -0.0835175539439228
-0.0293599698310626 0.051024382834397 -0.0395011127742837 -0.102684690383118
-0.0767832328292668 0.03127353504347 0.00526738104483487 -0.118708664619866
-0.0883284317234569 -0.0394405689628984 -0.0173191875028788 -0.125947740585834
-0.0712966814085185 -0.102011853305123 -0.0639386307427323 -0.163396269280415
-0.0759447411528891 -0.141228445337791 0.0387805174060904 -0.0901352182807427
-0.0988956080808636 -0.0694214321963367 -0.0251386491649077 0.0441183879817859
-0.110870587620662 0.0110431666309187 0.0963917246491989 0.11167530605998
-0.0700147394833686 0.0586343513122384 0.169532574622237 0.017061096633056
-0.00935193089730378 0.0722531863454456 0.129000744766752 -0.117748883116192
0.0216570402445116 0.0573108240591897 0.0280298009884679 -0.151510713609099
0.048989474971003 0.0476075195464714 -0.0459944745724481 -0.117063356948399
0.0614788581140048 0.0339512351959962 -0.071943669207048 -0.0653506339179256
0.0611809441832589 0.0402417187046104 -0.0719230496574578 -0.0481189776213532
0.0274082362523735 0.0586353419526733 -0.0672850120801777 -0.0466236607131902
0.000624669600010424 0.0779085057793553 -0.0728135013470189 -0.0598410049755165
-0.0669013379116083 0.0781326312186994 -0.0568155927908006 -0.0804503766835967
-0.126344957071238 0.0287281824155579 -0.0178716866558368 -0.101843395422523
-0.121615824178128 -0.0761182961937145 -0.0353101077279709 -0.105874305051698
-0.0833087631146825 -0.162346337483686 -0.0690937203256054 -0.121530787804481
-0.0632050605321459 -0.196726615295973 0.0455838334079156 -0.027970214130998
-0.114019774875531 -0.141653788670059 -0.0304815866173735 0.0850689413114107
-0.173633462491175 -0.032672188815007 0.087949772957219 0.155140769250607
-0.141267969831242 0.0685423491611863 0.17840135510767 0.0640379709677919
-0.0399302486442609 0.119668307411778 0.150181370239506 -0.0873071098846501
0.0220189957828121 0.0987747360424979 0.0500349441390547 -0.124312318016466
0.0637360806874747 0.0823909997457546 -0.0199343078528505 -0.0966636171595235
0.0842338759844154 0.0598432507710621 -0.0468623216540926 -0.0477604504856436
0.0845243870765049 0.0628948281254547 -0.0500895597209504 -0.0248486513989516
0.0411781732521744 0.082160214231496 -0.0522494852777406 -0.0162807021780471
0.00478383055969437 0.104960891731396 -0.071358683342349 -0.0271210604356635
-0.0864992547936487 0.103618498403631 -0.0692639778819212 -0.0521230098086592
-0.157953508542213 0.0365200941191087 -0.0369656154480042 -0.0820864671847628
-0.144366900329379 -0.0917771284459601 -0.0391626484463897 -0.0845107197677505
-0.0874903765089892 -0.196066359971495 -0.0629607753695561 -0.0670636335613447
-0.0384218612144804 -0.216927926205627 0.0467858921391781 0.0460356045027544
-0.0989542781923276 -0.191028292130715 -0.0378526862330171 0.126703800000104
-0.197349968139611 -0.0833488835169959 0.0606879557142026 0.189506274631205
-0.189855616697575 0.051118411610398 0.160912139960868 0.11257306096872
-0.0727292630822372 0.140834828990245 0.154512593797438 -0.0384976353154728
0.0144289882076447 0.123835598771594 0.0680753430066254 -0.079127812045712
0.0660859757275099 0.10409966970262 0.00953646750734209 -0.0626719356218765
0.0945520893766929 0.0776110457305069 -0.015874452468985 -0.0240354795156122
0.0984398770419875 0.0761461027687176 -0.0217168045461341 0.00168607732719276
0.0515373095311389 0.094577084442249 -0.0301674318155552 0.0165630916767319
0.00879420593463229 0.117487805272045 -0.0632145632181201 0.00782223668285317
-0.094085960339595 0.115452880356671 -0.0743927519261176 -0.022040603059578
-0.167601318556868 0.037065905470871 -0.0483793420764859 -0.0626921913461868
-0.145557386452074 -0.0997714933336026 -0.0315649975155722 -0.064140463968102
-0.0766542044969788 -0.201964146734393 -0.0468782260640035 -0.00950238975991853
-0.010668977289768 -0.196033144111275 0.0416853471069316 0.115848231595745
-0.0600665772003124 -0.198197127938896 -0.0442316142662433 0.158441186178576
-0.175196185671985 -0.11609053603643 0.025327459968918 0.201153416186088
-0.195204680650578 0.0184313007977358 0.121590359722238 0.145548202021885
-0.0906890829635008 0.131117344809519 0.137032170093036 0.0142839881652607
0.00508236127897453 0.125104266094447 0.075896166973514 -0.0264850036137821
0.059825118037086 0.108493665591872 0.0369693759447208 -0.0229911715439596
0.0907422229957014 0.0823533956027103 0.0170413372548698 0.00296744876435474
0.0979473330540603 0.080246104318625 0.0105182012021171 0.0292531196596535
0.0534911530702458 0.0964677559260273 -0.00736092084169548 0.0479729527648022
0.00885184331082298 0.117131375494025 -0.0517960181336899 0.0403644467929971
-0.0966117971336237 0.106636283922659 -0.0745627663871394 0.00359572296734504
-0.160079367810806 0.0230011934133767 -0.0540534349277205 -0.0458863719455469
-0.123973351719134 -0.10389842402174 -0.0181535601840674 -0.0478872936417776
-0.048863396947593 -0.185279410880171 -0.028417103156534 0.0435028394563597
0.0155445019333057 -0.137874073031606 0.0360312185107563 0.167947131729072
-0.0162172103578705 -0.161377505794379 -0.0442884723907001 0.175665082487274
-0.119463545476371 -0.116825759771565 -0.00669619536523537 0.189219915534879
-0.158831783659123 -0.00951661396415113 0.0766490545952639 0.155383966524982
-0.0857618248624024 0.0976500451412044 0.10894791712304 0.0558991158462817
-0.00169863925121513 0.104382539721569 0.0767886965868042 0.0215469084577176
0.04565654732387 0.0933919655599128 0.059144417466269 0.0155848261105982
0.0741078951492208 0.0745654021495373 0.0461256417497756 0.0276609699425651
0.081778437612492 0.0738468080431746 0.0380938319883156 0.054977634300134
0.0446884884994516 0.0891020505540508 0.011857159577907 0.078101285890119
0.000745764645087381 0.104899382999862 -0.044875667236356 0.0701279882334205
-0.0937692436736849 0.0816461870369594 -0.0775384958055033 0.0237668804216246
-0.136964981621429 -0.00184204533926294 -0.0602299694286989 -0.0340238349826505
-0.0841388965669781 -0.103511562641886 -0.00595091529896649 -0.0335257882408612
-0.00911010128375195 -0.146871202553184 -0.0166056541999943 0.0884387518360724
0.0361740017974944 -0.0548497045922681 0.0340648665319456 0.192092693088798
0.023103993532264 -0.0946643838915796 -0.0339243617149612 0.173365970228575
-0.0536492268058648 -0.0855218178078373 -0.0246001634748213 0.163588054937317
-0.0990306791651369 -0.0258893483431274 0.0417146004580922 0.14816160044062
-0.0628472927299906 0.0561062133556022 0.0823450824911112 0.0830832023457055
-0.00523814194529093 0.0673968541504167 0.0749259614295127 0.0549760799085425
0.025465033272054 0.0644139475385978 0.0741213450869065 0.0448546127261445
0.0465835034610185 0.0555914963757864 0.068950387667566 0.0475031305785893
0.0539020672987712 0.057753882411381 0.0597243458058239 0.0776213728365246
0.0284732274425562 0.0716443856825253 0.0232816472512411 0.104253819066547
-0.00926424134849644 0.0799501742130997 -0.0468183863257834 0.0955611674424136
-0.0817040590181923 0.0479533342275278 -0.0865615824633156 0.0359654813095936
-0.0983385866539559 -0.0250692665462749 -0.0680636117341652 -0.0297645428812778
-0.0349146057710787 -0.0915944341843143 0.00185699908216078 -0.0227523056297243
0.0324307651784519 -0.0899904886546544 -0.0146307891334868 0.122220440468918
-0.0484683101766163 0.0175260174311525 -0.0122340269474522 -0.148920448906231
0.000917633426426596 0.0549001801267274 -0.0274588574430498 0.00230559763592889
0.0459333600699302 0.0354262836909313 0.0763316146235871 0.0362818731842146
0.0482125913738826 -0.0182788291553805 0.107512188139729 -0.0450182043350368
0.00786225120454654 -0.0402579748670346 0.0595364043096448 -0.124697799539379
-0.0108382941909003 -0.0296089176129477 -0.0269740532171525 -0.142350416934493
-0.0119139030715704 -0.0292400877555031 -0.0835167097576236 -0.0966196050474396
-0.0119730141070523 -0.0273389593996084 -0.0927588393161881 -0.0541228636161109
-0.00453131626974747 -0.025712775008423 -0.0909360248222534 -0.0501007926290233
0.00974454281510144 -0.0167035172917288 -0.0865910588570418 -0.0650952443525203
0.0269507534564489 -0.00237719212167304 -0.0785947790619557 -0.0845930016325971
0.029404992095294 0.0302919694017938 -0.042036771161373 -0.115002362106016
-0.0112785104402773 0.0563323713810809 0.00766508119614084 -0.137402748439416
-0.0549157423919533 0.0288943820215192 -0.00792867516666722 -0.138465888233923
-0.064667310366178 -0.0122850162320066 -0.0703664557105318 -0.172835482288957
-0.083181590884169 -0.0561064301472542 0.00898104180283455 -0.131953434294213
-0.0585354933571018 0.0113047905580245 -0.020573221487989 0.0159532992091774
-0.0249388195703247 0.0418062043833943 0.0972779798529818 0.0560273021892512
0.00523042761044009 0.0275384129360153 0.138958897918329 -0.0375890733854018
0.0116615323262939 0.0109656061691886 0.0799646930125352 -0.139070984977914
0.011337213689177 0.00648005929289723 -0.0175101709252209 -0.154414995636276
0.0247343656411334 0.00292275228512267 -0.0814868315502099 -0.108444601547043
0.0275258002385397 -0.00171959155984842 -0.0932508018535897 -0.0564835190853251
0.0306691375312746 0.00509637039298465 -0.0909031044737529 -0.0487922034769235
0.0200456003770611 0.0237696992814784 -0.0839548147420926 -0.0577922178289044
0.0129977955120376 0.0401722350494251 -0.0799367893725267 -0.0744648152876503
-0.0228021045593068 0.0561431556158718 -0.0507481730889428 -0.0989933061089497
-0.0723425985612416 0.0427413048162047 -0.00617264428425411 -0.119758338539043
-0.0934115708812367 -0.0255561994286694 -0.0314034860293235 -0.120794515109551
-0.085418214308457 -0.0906670502502857 -0.0815552015106759 -0.149836151079898
-0.0995798138736027 -0.127655442706948 0.0315603939051133 -0.0919896530080171
-0.108520607482041 -0.0503108125387624 -0.0138302621852166 0.0453436368958233
-0.103582092562999 0.030504811439609 0.113233601452314 0.08999499994647
-0.055818309309807 0.0693044079763318 0.169325440338945 -0.013560028728383
0.00359453994053083 0.0686059741442175 0.105040917086515 -0.135901279056324
0.0285130073272411 0.0487112246737816 0.00116920406426445 -0.151816942127046
0.0561046808138141 0.0374800515567797 -0.0655139926249576 -0.108024113860669
0.0627289220822699 0.0235318705568604 -0.0791130924930885 -0.0510307439353749
0.0648377411988394 0.0304303589374601 -0.0775909531655664 -0.0365545728335904
0.0358840735236067 0.0553033369324827 -0.0749022079249058 -0.0371298286230017
0.0120598774301302 0.0771882736644736 -0.0814123659651761 -0.0498114528590697
-0.0556754969057309 0.0896985443784748 -0.0645028669297872 -0.0755682150779983
-0.120977265291496 0.0481500382080706 -0.0262882651275239 -0.0999764651429255
-0.130794345291023 -0.056350141254605 -0.047138992033357 -0.0977235730909924
-0.105782881598624 -0.148629405483693 -0.0837590518627332 -0.106888438287407
-0.095826859332517 -0.182465966835748 0.0501626628669464 -0.0301309129602182
-0.135620232725599 -0.116988825081329 -0.0088489801586201 0.0864800485508386
-0.172227596981347 -0.0015432563189914 0.114524573406185 0.131675882361634
-0.123146363324434 0.0915248114430246 0.186211165987352 0.0285378042545588
-0.0172858220611217 0.120263642785585 0.129042942682348 -0.111830867122635
0.0360323685834362 0.0894006338762357 0.0269345980825198 -0.128621781813881
0.0769566428593845 0.0697137589383405 -0.037401781262891 -0.0937699135098654
0.0895838376039718 0.0452519865709909 -0.0531694350339006 -0.0371893195604716
0.0929058369367001 0.0478289005487875 -0.054328474459594 -0.01677293798781
0.0535968525491715 0.0755859548458191 -0.0557088291911843 -0.00944510178259976
0.020518501970533 0.102343355713241 -0.0762517875596958 -0.0183791145310836
-0.0701567193412712 0.118216523332028 -0.0737340832207251 -0.0465929581400034
-0.150130699461292 0.0615620446521658 -0.0424842385840377 -0.0784905168593214
-0.156077119265176 -0.0694768145863606 -0.049465726593454 -0.0747451542858547
-0.114219046912165 -0.181169615131197 -0.0719425874451704 -0.0537484462477183
-0.0733901657821965 -0.205407602706389 0.0614341368300742 0.0431164887781902
-0.128596136803355 -0.16611604554523 -0.0085584671596884 0.129492295743119
-0.204292328064682 -0.0453871298696131 0.0969809362415115 0.168685573344266
-0.173560350646779 0.0843166183923491 0.178897226639529 0.0770722722204207
-0.0448057700836619 0.14678444728422 0.140279617056478 -0.0662571243375263
0.0334799261356354 0.115698457972534 0.050068540076947 -0.0882109047402245
0.0836620294584843 0.0918693501737783 -0.00368348919352741 -0.0657943795264404
0.102547505471829 0.0601156002547387 -0.0196127608812778 -0.0182000357329213
0.109138999448967 0.057732533405152 -0.0222823777315233 0.00581433878563866
0.0664549738178049 0.085931038607114 -0.0303681105328393 0.0190911275704785
0.0274121182186042 0.113918040317477 -0.0637431989724743 0.0140468160651317
-0.0754988976090576 0.130363868362602 -0.074894716709062 -0.0164029811238443
-0.159487750842578 0.0622215362279749 -0.0517706212634168 -0.0571846267814821
-0.158297752978234 -0.075418977468215 -0.039424209775571 -0.055454795321626
-0.104288995001494 -0.189408838150161 -0.0500228496740659 0.00117995696044455
-0.0414131791620177 -0.188482486263889 0.065801491352805 0.112679425682029
-0.0920592814038763 -0.180492429112465 -0.010024538433282 0.16470583370445
-0.187864865803334 -0.0814171761994001 0.0634956129632601 0.187152909437192
-0.185758604947557 0.0547307374256492 0.14629736806621 0.116475421245995
-0.0633628292832283 0.140883565836946 0.131139960891634 -0.0136661196905695
0.0251785721875852 0.119364605397727 0.0672045896712496 -0.0389496766290857
0.0784877684661388 0.0971544677977478 0.0298420040717759 -0.0312196922982765
0.100405078762725 0.0655440336214493 0.0154349480078542 0.00197023106911017
0.109226587623902 0.0614447993473548 0.0123465993573186 0.0284386375365044
0.0685761919136969 0.0869463454992229 -0.00275390404981267 0.0476860334658863
0.026542309385114 0.113411066524822 -0.049265943084218 0.0458575775326192
-0.0782703795876249 0.122278444083196 -0.0719462749034561 0.0102198502211063
-0.153686787619505 0.0473344881263216 -0.0570429985025143 -0.0394613559874753
-0.136872399850689 -0.0837897494734206 -0.0256220382577371 -0.0414447568046965
-0.0738971368782444 -0.176403766863383 -0.0264768548935721 0.0501641460883821
-0.00516317204089001 -0.134366487950171 0.0648181285016981 0.163161317119765
-0.0418625718816172 -0.151780801428579 -0.0108727535876452 0.182192001677074
-0.134751978542954 -0.0916594070642362 0.0291909310676576 0.184246964812918
-0.155557929603694 0.0201838687874153 0.104062652278076 0.13510227593509
-0.06446156357184 0.109201127443578 0.113035405768623 0.033342142187491
0.0166099460357448 0.100236143194488 0.0760118755460365 0.00801320693504558
0.0630642460340904 0.0841292334734775 0.0573058141773566 0.00291852897155506
0.0835146134759298 0.061181549561167 0.0471946449672101 0.0211306587572695
0.0930910048681815 0.0580155528567059 0.0435408043550534 0.0495871399969601
0.0595789233553488 0.0810984997011114 0.0203547537345013 0.0742353359412404
0.017560472229049 0.102542831902666 -0.0369707112847074 0.073952087078389
-0.0794507687573195 0.096864800172542 -0.0730607470957194 0.0301873803453617
-0.134496891445361 0.0202118420537413 -0.0613294125640269 -0.0260399819364757
-0.0972043789514738 -0.0887742330623473 -0.0123142669592281 -0.0304823960873737
-0.0284180588681096 -0.143799680286134 -0.00922364477617224 0.0908032601964891
0.0292431818866311 -0.056480631149977 0.0616869005189197 0.185732654284635
0.00709814505376864 -0.0930125260360069 -0.00527718818920055 0.178072586819317
-0.0659266543300804 -0.0723555381934558 0.00443355245571397 0.164076671406626
-0.0988271544102603 -0.00545917565328546 0.0681316507066859 0.135444756482389
-0.0495394462367336 0.064384360553027 0.092590040654726 0.0651181190979456
0.00821172287472763 0.0664151280286561 0.0799392596174466 0.0412975807168387
0.0381537765619926 0.0580377329857061 0.0777904973286503 0.0292709650102188
0.0548394701564753 0.0463585870550215 0.0716035291368635 0.0363768966909037
0.0639548592767508 0.0474364688087232 0.067521024806093 0.0687340080591855
0.0414975240336713 0.0655899481485836 0.0349775202299948 0.0984310594893093
0.00435896690092977 0.0800131391124622 -0.0349953990930337 0.0985638596558518
-0.073315935409476 0.0622050456336153 -0.0804741549515793 0.0442495704983737
-0.1003390484481 -0.00932301905917849 -0.0693198174866981 -0.0198116624869801
-0.0471582588777562 -0.0838305794253933 -0.00348745597121938 -0.0216641260337386
0.0209245566323668 -0.0931176518225133 -0.00197943086747093 0.121679354038948
-0.0470761472285532 0.0177310986211503 -0.0164381452398527 -0.145065975587609
0.00192238680035963 0.0535560254515606 -0.0265367402095838 0.00276200604279476
0.0451753691137138 0.0331319254672457 0.0772086870740842 0.0345630850605158
0.0462425070972608 -0.01917332301473 0.104826834553191 -0.0456879037697236
0.00601679746892702 -0.0390366464534266 0.0552555012682306 -0.123165986091278
-0.0116911326684976 -0.028376321673078 -0.0311965520631893 -0.138484560653334
-0.0128931842427207 -0.0283907240532877 -0.0835047446550731 -0.0917470666411592
-0.0130445085151554 -0.0260007368620467 -0.0909253677545685 -0.0495176928334754
-0.00539493348795857 -0.0243890192132634 -0.0906755923897803 -0.045353485372565
0.00910123832716378 -0.0163340576250748 -0.0877440448149058 -0.0604500933037843
0.0263080315899807 -0.00335050831939042 -0.0795155581433609 -0.0804020497082958
0.0292338627957494 0.0284573490803261 -0.043132395832645 -0.111901478526214
-0.00932982938636528 0.0553845348434873 0.00514500047949937 -0.135862728280204
-0.0521491326239726 0.028816703901844 -0.00925940466547151 -0.13572541869893
-0.063065171575252 -0.0107356707750793 -0.0720443512010516 -0.167254664924738
-0.0823424953494351 -0.0528757113146798 0.00618090273969304 -0.128840481002929
-0.0568538050715159 0.0124283863969681 -0.0192977317185597 0.015970168084061
-0.0231082717734213 0.0413170940795773 0.097317677417788 0.0536716268699103
0.00512867144083265 0.026481497522212 0.135415191599381 -0.0392210840567595
0.0115517600579401 0.0103291070440171 0.0733715849871477 -0.137944674579326
0.0109560864683122 0.00673215738530522 -0.0227328206517876 -0.150646178586231
0.0243544274889973 0.001790872762346 -0.0824262232302587 -0.10269816429644
0.026535631303112 -0.00247691558601444 -0.0912014095378952 -0.0516171365127558
0.0294783827754036 0.00389421195962813 -0.0902362875617698 -0.043523721056997
0.020679897404849 0.0225911403635295 -0.0847289664429853 -0.0532531055934022
0.0140816861229875 0.0386785593281356 -0.0810375514573947 -0.0697981237655559
-0.0207215340609509 0.0551269769047979 -0.0511762607940053 -0.0956660115557439
-0.0689146545121191 0.0440891666638033 -0.00905158367298927 -0.118796995767938
-0.091381721644402 -0.0225468175775167 -0.0315882494995402 -0.117334419994101
-0.0859798114644921 -0.0866604733134092 -0.0824128467674695 -0.145100057854406
-0.100300025876081 -0.122661848807715 0.0288553686233342 -0.0897551705061707
-0.107364745449826 -0.0469661431895659 -0.0123688514797962 0.0448188138952736
-0.100491009786237 0.0318033984775034 0.112470355355888 0.0869562962563906
-0.05369606720999 0.0689541112975564 0.166211447467074 -0.0155202858430161
0.00517762433722181 0.0670300623534584 0.0988421097130762 -0.136133260268142
0.0289240064188375 0.0477796961324006 -0.00368801633148341 -0.148875616621895
0.0562783161737142 0.034688992650489 -0.067486144400119 -0.103080466927267
0.0624443266231455 0.02083226146562 -0.0771546838807168 -0.0464569046915696
0.0640730037315395 0.0268818897133779 -0.0780778024095277 -0.0316428176147227
0.0372551489754849 0.0528639915030822 -0.0752617975119407 -0.0336710113703267
0.0144235602781121 0.0746980063628559 -0.0819941713746905 -0.0460101442316905
-0.052602791484413 0.0895182081013038 -0.0654341892070988 -0.0718942953860689
-0.116408768771453 0.0507117754647615 -0.0288461723557999 -0.0993313906302883
-0.129225592730846 -0.0520522424702752 -0.0471586071099791 -0.0944981080335475
-0.106176900446359 -0.142804801009783 -0.0833919898501889 -0.102575775886797
-0.0977612346686301 -0.175654587921866 0.0486682332967696 -0.0298001617375301
-0.135821157199091 -0.111381845529635 -0.00685590433607631 0.0853392655745086
-0.167754526754105 0.00188429085644142 0.114713767557537 0.127881456412229
-0.119082674222256 0.0925074818690684 0.184339371000112 0.0246936061702746
-0.0139695201734241 0.117692934469758 0.12222686510066 -0.112012251248433
0.0373616094510514 0.0864801783078448 0.0227511551215606 -0.126963866986826
0.0776845323182272 0.0653748270088787 -0.040087351636632 -0.0895780561684801
0.08894469701814 0.040708731003525 -0.0518817403910415 -0.0338182609487766
0.0920646908400536 0.0426905649301091 -0.0534926563317668 -0.0133616073049294
0.0549472821722863 0.0723109225855934 -0.0558661022972627 -0.006993168876225
0.0229665661484098 0.0993210430249799 -0.0763964301249506 -0.0156512005017697
-0.0656392185808368 0.118576679554957 -0.073862569132033 -0.0435459169538216
-0.144533797506486 0.0636369653169955 -0.0442453889696479 -0.076838825990552
-0.153699418939406 -0.0631820345211547 -0.0484096887035585 -0.0723135768627727
-0.117017003211802 -0.174441417212815 -0.0710470675189891 -0.0498901460143079
-0.0768029623711343 -0.197975460472126 0.0623125374677177 0.0413412344516907
-0.130036160721931 -0.160355079915411 -0.00545356747897855 0.127751943442802
-0.200019613701145 -0.0404592335231648 0.0970835619536563 0.164750112074522
-0.168157656677135 0.0875765241867896 0.177193824548714 0.0728783197220544
-0.0396682433352583 0.144333618139339 0.133805277134654 -0.0683507257345063
0.0366212153465355 0.111696376220945 0.0465135249572277 -0.0876998518700068
0.0855489379932435 0.086905282435004 -0.00604234015385868 -0.0638413921638945
0.102407481358533 0.0548296075861018 -0.0198600080669915 -0.0166698208348716
0.108004905908869 0.0519815837232017 -0.0220191063594504 0.00719947456318574
0.067438060215442 0.0822572843365893 -0.0293456952509085 0.0201336240144049
0.0301608258265541 0.110928207008557 -0.0625444305558741 0.0161661019895685
-0.0703305453707721 0.130242524399099 -0.0748687360745017 -0.0142996976536184
-0.153510889524752 0.0661296142747246 -0.0531895923140171 -0.055774301319234
-0.155946175592168 -0.0699927205945952 -0.0387606036872692 -0.0542528302286462
-0.107371449756339 -0.181789993323552 -0.0483215807608167 0.0024725010592368
-0.044581937498349 -0.182416272017642 0.0669610691960352 0.109596099922991
-0.0946073761942225 -0.174936478567541 -0.00738395572723178 0.162068847341117
-0.184849135475907 -0.075911131525729 0.0647448712177047 0.18372195078255
-0.180593473958076 0.0588423903343535 0.147315970112992 0.111091319583646
-0.0578436551950481 0.139194725713422 0.127985811525112 -0.0165189145914663
0.0286447351453676 0.115102162642245 0.0652153471257719 -0.0393217029603428
0.0805776796590147 0.0914928202189263 0.0275769109133437 -0.0314823367888476
0.100444484311502 0.0601772896617792 0.0142724100384475 0.0020349882387285
0.107968861809296 0.0554238305199215 0.0118954797071476 0.0275530931930728
0.0700957999871479 0.0831471577113743 -0.00217045089761888 0.0463213093745957
0.0287707776167324 0.109822871468063 -0.0468262154553365 0.0468530441333551
-0.0730372847121911 0.121850088912432 -0.0719655074258675 0.0119812008917278
-0.147991806430291 0.0510364469043966 -0.0572491190059892 -0.0378382736511925
-0.135227757467608 -0.0769034744848528 -0.0249252688112574 -0.0407697273191365
-0.0764712006611763 -0.169691210183528 -0.0240057291285362 0.0496227234507701
-0.00776364022144466 -0.130781852022983 0.0665353533869961 0.159869587510497
-0.044319248430635 -0.148232988453647 -0.0077773250393952 0.178857870084109
-0.133484066331109 -0.0863621758605744 0.0311405203260885 0.18100622797204
-0.153302649109366 0.0240161445959897 0.106087522503654 0.13105680701048
-0.0595093106767097 0.108240587879483 0.110277796025421 0.0296213129908557
0.0190914796077481 0.0965938306287811 0.0754211406932407 0.00565686940199797
0.0648028032236321 0.0799940183254004 0.0562522883036678 0.000807640216204061
0.0842133043313948 0.0558523683916452 0.0462005033289293 0.0195991745581351
0.0927617278037164 0.0529541101139794 0.043481683955334 0.0469419068476136
0.0607107300240178 0.0767753501602993 0.0213606754180523 0.0715203531268056
0.0202680914688793 0.098878409885582 -0.0356629799077329 0.0736821936113126
-0.075070632616213 0.0981079418831696 -0.0715651823420014 0.0315308687966003
-0.130135057937566 0.0235201361546747 -0.0613940078022813 -0.0245079587838361
-0.0970865186915395 -0.0837994940711435 -0.0124702043327905 -0.0297557909813062
-0.0319249630528107 -0.139731265036486 -0.00590247242838136 0.0896816406636422
0.0275353253376607 -0.055353214626281 0.0636933216807151 0.180190229042589
0.00471875051266386 -0.0921201912599686 -0.00243889328168433 0.174814028482011
-0.0660497089599963 -0.0698167778494269 0.00700294996795666 0.161623716828736
-0.0982936667879864 -0.00238136226147545 0.0702745703930142 0.132332614403881
-0.0463263306906116 0.0643233370153539 0.0923856218584948 0.0619997429163047
0.0100874273069377 0.0629385781626847 0.0802142769486785 0.0380719422814366
0.0393552576896663 0.0552462001272454 0.0762687735942409 0.0257823151728299
0.0550798704314083 0.0426941466183032 0.0702526933301618 0.033783250587363
0.0631738895443214 0.0427747882654457 0.0669152480026065 0.0642848195941008
0.0430604702755149 0.0615592955077274 0.0366890444719791 0.0943959622428423
0.00698861062540115 0.0778243991222998 -0.0323526020177119 0.0975071085787556
-0.0696625965667693 0.0631507940465886 -0.0786135667888689 0.0459257102221957
-0.0972122755670254 -0.00554087205860173 -0.0691015731361322 -0.0179914439082686
-0.0482888327865518 -0.0803910812941065 -0.00407149064367603 -0.0218096449176702
0.0179242483788977 -0.091196483303232 0.00107557945946694 0.119207810751048
-0.0463383407620082 0.0168818249501851 -0.0157540340786499 -0.142544181085188
0.00219302882756683 0.0527732536182265 -0.0266372541184091 0.00296833129971737
0.0439903640605004 0.0332198691530565 0.0771079993039102 0.0356211517259568
0.0449081780705824 -0.019083648296331 0.104322423807632 -0.0443777872529873
0.00543276641782867 -0.0375791954710177 0.0548648282735393 -0.121268935449449
-0.0122201624855971 -0.0271708266990525 -0.0319670274915004 -0.135998947972536
-0.0134102895658376 -0.0277004961900184 -0.0826971221543746 -0.0893035323614602
-0.0121913274696506 -0.025382037150908 -0.0885348391798732 -0.0486468274079289
-0.0054433895583249 -0.023419489440151 -0.0891399900867268 -0.0431281733128583
0.00913473618172821 -0.0165329443663842 -0.0878234115618459 -0.058909704229358
0.0264237582321443 -0.00385096192297165 -0.0790289493281445 -0.0790665437626982
0.0289517356304272 0.0278556360983965 -0.0415742878547683 -0.110891315609552
-0.00909801646764608 0.0544604941967859 0.00570317901013948 -0.13576949335257
-0.0505170888719107 0.0276070402876518 -0.00731018399299594 -0.133217341854177
-0.0613858299651384 -0.0113936434677951 -0.0692934988012546 -0.165805447699629
-0.0810756794050372 -0.0523027618439944 0.00639669783134364 -0.126560551557975
-0.0562390259493915 0.0118531973785774 -0.0195208002844323 0.0162386361696996
-0.0237097660365708 0.0407893392131927 0.0966438003017596 0.0546474823897215
0.00451724641621028 0.026574698102301 0.134494126753457 -0.0375635395174989
0.0110480733161362 0.0101387868206998 0.0724025299759882 -0.135164760706591
0.0103445625378284 0.00705733654040357 -0.0230947817255407 -0.148339667349905
0.0241257531919759 0.000408029899739724 -0.0822668997947309 -0.0998385689374974
0.0261972458038143 -0.00307899196022841 -0.0886819673966384 -0.0504994590428263
0.0291223554829281 0.00362181328380961 -0.0890180882340998 -0.0413668618630119
0.0201772453674629 0.0220074070824482 -0.0848214748626848 -0.0517748470444904
0.0142052260004735 0.0377189141646096 -0.0802343678299573 -0.0686442752694965
-0.020798600190471 0.0541571772301894 -0.0501600469063609 -0.095132449669753
-0.0671972421756269 0.0433151882476304 -0.00796596665647178 -0.11845856993673
-0.0891337909662229 -0.022952133505644 -0.0295913316988898 -0.115414134376696
-0.0833303050201601 -0.0858854471110506 -0.0797186592018912 -0.143121005943678
-0.0981497420784517 -0.120094783268219 0.0288194141564578 -0.087949949911783
-0.106186820212349 -0.04645984033925 -0.0125324931267064 0.0446570549719272
-0.0994237205758157 0.0308841984138804 0.111438373052947 0.0874662064301205
-0.0534165312265856 0.0688122289287697 0.165650850924404 -0.0139716933667485
0.00526518028621479 0.0656015286614214 0.0967199174708133 -0.133268114244321
0.0278524748739009 0.0475902596088719 -0.00427870869203086 -0.14670652158836
0.0557558262108244 0.0332039896263206 -0.0664376564955811 -0.100173570549697
0.0614363425425153 0.0194152197885593 -0.0751743974210027 -0.0442094457812742
0.0623622400870359 0.0253401422624021 -0.0767349065854986 -0.0291979099484777
0.03654322292516 0.0524488384945916 -0.0751877489958495 -0.031961615377456
0.0144082536574094 0.07326675952121 -0.0819410725820906 -0.0451190727072228
-0.0515333629310478 0.0880906293515278 -0.0648058353900035 -0.0712117081767576
-0.114073759898526 0.0500775669514158 -0.0282450734756672 -0.0993823113187062
-0.126275293965816 -0.0513879664071882 -0.0446966150532806 -0.0936574327513388
-0.104231177582666 -0.140629891199804 -0.0813498134506311 -0.100484750638378
-0.0960426689841986 -0.172076432157254 0.0486854322121256 -0.0287863520785607
-0.133532060981442 -0.110504928732903 -0.00753179967460052 0.0842273974010056
-0.165295212494447 0.00186275758285558 0.112645969356314 0.12847909782827
-0.118135602032598 0.0919843391118062 0.18228061478442 0.026278781311831
-0.0126257142815123 0.115709845423465 0.119392041064725 -0.109820517193895
0.0371384327746195 0.0853200037270213 0.0214927348390359 -0.125332614200925
0.0772198743715564 0.0634764094736052 -0.0398373110427652 -0.0867008598856045
0.0879001759435935 0.0390728533733955 -0.050501741245326 -0.0326388260479278
0.0904356126336717 0.0403592917094001 -0.0531818636431105 -0.011693083247134
0.0546986166259681 0.0713848969802995 -0.0556906038747236 -0.00664958737035641
0.0226237705003658 0.0974889430539594 -0.0764845352931547 -0.0140166987488705
-0.0644666395479436 0.117598220143128 -0.0732300913810588 -0.0424201378474019
-0.141950881993508 0.0630730100384813 -0.043846447651766 -0.0771914156539336
-0.150665050513572 -0.0621511417042683 -0.0474403055085291 -0.0716668009041375
-0.114541290872691 -0.170839103939995 -0.0687224080071296 -0.0489034516203583
-0.0748029140460811 -0.194947529592001 0.0613165157688037 0.0415752917220858
-0.127722696016861 -0.159113119107834 -0.00651228563109653 0.126790896750625
-0.19631700816282 -0.0402418023876053 0.0952004043429762 0.164627952939623
-0.167040903137652 0.0865076460177621 0.176520992509601 0.0741145790302652
-0.0379065607591429 0.142043547000396 0.131314616709266 -0.0662812544389068
0.0354887915974607 0.109083319509038 0.0463912498143061 -0.0869058551099009
0.0855940276306083 0.0840082950739673 -0.00683206106586888 -0.0622572348230111
0.101394250023525 0.0526528276907975 -0.0186208276696255 -0.0161265257463619
0.105990564294469 0.0495106397035363 -0.0223126206526137 0.0083520638468205
0.0667051328911969 0.0802697661417634 -0.0296781120155633 0.0202404948391926
0.0295318219507462 0.10804639885992 -0.0636862936411087 0.0174088515136623
-0.0692765156011489 0.12893540296253 -0.0754387076925057 -0.013350009894823
-0.15011303214434 0.065349802261668 -0.0528784566091648 -0.0560624561771003
-0.153262306341337 -0.0678961791612568 -0.0374207532054439 -0.0544610178137113
-0.10569418858585 -0.178079497351668 -0.0465505381146714 0.00285805433723865
-0.0427230249836245 -0.179760580942582 0.0658893165801015 0.108858220645014
-0.0930645421256063 -0.17311964471181 -0.00778665107058965 0.159673605624383
-0.182040333314646 -0.075012491232472 0.0629729195450195 0.183187645457587
-0.179543513616515 0.0584804598497361 0.146142999022368 0.111659192782954
-0.0571212150142138 0.136262884917218 0.125540788719945 -0.0150996043914815
0.0278438975846987 0.112957430863241 0.0650105002100312 -0.0387746304185549
0.0808469303479439 0.0896332359312131 0.0265110416854028 -0.0306340220611096
0.0994840437594021 0.0577967386186672 0.0149009821221556 0.00186170368044012
0.105992380808964 0.0529646939379273 0.0110299725921294 0.0277700922661654
0.0688674358403272 0.0815617906285062 -0.00250703351010909 0.04557174238851
0.0290143665867066 0.107675698677041 -0.0474362118738747 0.0474434116659321
-0.0717973650362107 0.121365523879355 -0.072155611521354 0.0113930607224426
-0.145343274206494 0.0502063973719386 -0.0574376942209865 -0.0379637773136794
-0.132428025560671 -0.0751356297163346 -0.0238475382021646 -0.0409809905175151
-0.0757308549278763 -0.166453667963328 -0.0228343668975842 0.0489441224070487
-0.0068938852991412 -0.128871257830237 0.064620341134894 0.157680317785467
-0.0429027094928555 -0.146992623226893 -0.00883526507793796 0.176584335158354
-0.131081788426651 -0.0856532380220876 0.0290749062645889 0.179988948413564
-0.15139686730226 0.0244859757945304 0.105196680094629 0.130006556588441
-0.058326517429115 0.106451787701034 0.10836565662364 0.0299683342180811
0.0190052706371829 0.0941462394981011 0.0751064089568904 0.00497394807700696
0.0643041977843647 0.0780615251592838 0.0554058150249729 0.000495233095387655
0.0831943577457581 0.0543407264482769 0.0451647421228124 0.0192125849684398
0.0907131571271735 0.0506705644540164 0.0419517713950894 0.0462056451938906
0.0605441864720689 0.0751692151860634 0.0211117485378612 0.0695716556947493
0.0198975117037234 0.0967998232393649 -0.0355823955736095 0.07301461894909
-0.0737822213883263 0.0973119577412868 -0.0717551594164472 0.0312884021111466
-0.127005276168805 0.0231677856889601 -0.0615764650543986 -0.0248908134942806
-0.0948112067846393 -0.0817360183573805 -0.0112075756338856 -0.0307114618060302
-0.031409760434889 -0.136879942941841 -0.00551594188426427 0.0885491061755859
0.0277547274531207 -0.0545273167555382 0.0613372365544096 0.178542463014396
0.00461445384131574 -0.0910310839493385 -0.00364078901105969 0.173415179463826
-0.0651315669973516 -0.0697268996445872 0.0041974755748041 0.160615700282207
-0.0967322938979811 -0.00221916314497927 0.0693393560028507 0.131602166109259
-0.0447397008987911 0.0632008258902692 0.0914925547637099 0.0605015406957232
0.00985394660467475 0.0610758463729896 0.0804992209615049 0.0375944416092948
0.0395129219693826 0.0540295163484487 0.0757031762419217 0.0245814619924999
0.0550792799511655 0.0414471175296461 0.067796825852033 0.0327955521572937
0.0622143173149601 0.0410731231347497 0.0650786530851676 0.0633115489167595
0.04238691627048 0.0605991122291737 0.0365316748874246 0.0913920461669658
0.0068004897541853 0.0762142037463466 -0.0323581104101147 0.0962882858625797
-0.0683307133341529 0.0635323195651345 -0.0780971433397175 0.0447853056601002
-0.0957442024732772 -0.00516621614418928 -0.068846685346371 -0.0184231658689188
-0.047581982965622 -0.0781041674974465 -0.0037180895895754 -0.0220058412846389
0.0174498389755755 -0.0898303940786447 0.00190205058795417 0.117353740200207
-0.0472435863382342 0.0153129802989358 -0.0137240002088316 -0.143553346632191
0.00150518251439479 0.0522692808346921 -0.0279226170097264 0.00271566669365136
0.04301760149517 0.0348700518117831 0.0779134984001057 0.0373579900620593
0.0460346760455733 -0.0190708546170445 0.105881595139685 -0.0422852149031018
0.00610408296404365 -0.0375401805933325 0.056683362139998 -0.12104593034207
-0.0123919060394218 -0.0265480510220526 -0.0318995765244705 -0.136709055610864
-0.0134761189035562 -0.0283075655230781 -0.0819568178602236 -0.0905333332897077
-0.0126985370661624 -0.0255981435193132 -0.0877123540620622 -0.0498108712496007
-0.00593972672899775 -0.0233183481949904 -0.0895561393546058 -0.0437493971048759
0.00953295899461577 -0.0158229805309808 -0.0884487563896263 -0.0595501654137844
0.0265067356291808 -0.00380614124864229 -0.0787645621532567 -0.0805168533460598
0.028321307676277 0.0280726100204505 -0.0395620298208003 -0.113260281245223
-0.00979506662101365 0.0545309650559184 0.00816436137759413 -0.137878201690415
-0.0500515060236178 0.0259194386829075 -0.00405343354508933 -0.134579014876299
-0.0612671404402612 -0.0132549449169847 -0.0656499933975416 -0.168045949448525
-0.0805827834314446 -0.0544407644103233 0.00787958797372323 -0.127031060709081
-0.0569929710440008 0.0107648659099463 -0.0204483191008434 0.016169011185352
-0.0251355269608495 0.0407035317274182 0.0967947280410212 0.0577343683310497
0.00398146341983303 0.0273184551446239 0.137676469951507 -0.0355700177349623
0.0107555851196476 0.0113714515459843 0.0750707213521363 -0.134575543330144
0.00985963489748135 0.007778648130847 -0.023494442699339 -0.149607596613856
0.0232916001514175 0.000525356111052704 -0.0810952606186022 -0.101086664054862
0.0265607825044087 -0.00272723780532484 -0.0878473115499802 -0.0515862474440774
0.0289659018417031 0.00375949528353193 -0.0894196691293415 -0.0409560458057388
0.020463626183079 0.0229846980497727 -0.0857538027657506 -0.0520040148727541
0.0140098664931798 0.0378524764837432 -0.0811871942397891 -0.0697174142846349
-0.0217894581017547 0.0547968865737584 -0.0490422533795859 -0.0969257778534466
-0.0681985354327833 0.0423851690128563 -0.00622350972250592 -0.121106164830095
-0.0886116671609773 -0.025215858614691 -0.0265791485222515 -0.116848338867553
-0.0827170050931153 -0.0882323762599147 -0.0767619341418383 -0.14544736508929
-0.0973369852492846 -0.122124708352454 0.0314697858139409 -0.0874618437073942
-0.105776890817773 -0.0486252478488256 -0.0140026877078808 0.045122132834769
-0.100892206118544 0.0296981489080955 0.111619759703617 0.0913463993917231
-0.0554744385494964 0.0686610857710798 0.16839640369592 -0.0111145593519748
0.00426646623710951 0.0667782226496204 0.0996384990698259 -0.131280847194471
0.0276797558200577 0.048133694322192 -0.00350188773584087 -0.147523101685236
0.0562401832666406 0.0333975251164454 -0.0666973337654344 -0.10027376404284
0.0618107823371088 0.0201847140606338 -0.0736020313606367 -0.0453290434831968
0.062359057143672 0.0258031404372018 -0.0764416431867468 -0.0289619377040241
0.0366031645785339 0.0530647825839702 -0.0760026488613619 -0.032738203801416
0.0138171002992855 0.0734671054158825 -0.0832909699504617 -0.0458616015722197
-0.0529286315087963 0.0887979233312275 -0.0641868870378255 -0.0735666153405778
-0.115452308244211 0.0488068223469982 -0.0264833042230875 -0.102123425878169
-0.125883128705717 -0.0543681438922418 -0.0425702083071923 -0.0956923394267287
-0.102610260167926 -0.143249640689797 -0.0787311905116314 -0.102511531908977
-0.0935998707582537 -0.174359711954551 0.0503912369611214 -0.0275803781061524
-0.132206534582019 -0.113952193163807 -0.00975636416585305 0.084429822677203
-0.166911096360865 -0.00145065433463269 0.111837053475038 0.133274778873516
-0.121570257782362 0.091719203516445 0.185907389526095 0.0306970832903617
-0.0152758185966253 0.11579378040795 0.122012554643449 -0.107902241205085
0.0361944567300702 0.0868309587149353 0.0226859490052303 -0.12591179202673
0.0778861682223566 0.0640566655144916 -0.039804650668221 -0.0873393594300813
0.0885731402856669 0.0394858632741499 -0.049510555366668 -0.0329356289397305
0.0895166990538892 0.0409001808627538 -0.053415252783208 -0.0110361077186723
0.0543479552780136 0.0726182931053311 -0.0568935034593218 -0.00682966988031607
0.0221529104679792 0.0984636683036225 -0.0776503784049885 -0.0144245000924936
-0.0660908135169765 0.118401289864991 -0.0743271813708211 -0.0443720006103432
-0.143158156328029 0.0612513614733449 -0.0429535086212987 -0.0799098500909081
-0.150267858905886 -0.0646982916901251 -0.045388555688092 -0.0738267744522587
-0.112372889307828 -0.173470680868383 -0.067420023297474 -0.0504933081877943
-0.0710384343734856 -0.196101968154303 0.0622064748699707 0.0430864447113253
-0.126231344422329 -0.162678534613253 -0.00886050517495745 0.126946221495791
-0.197542862468347 -0.0434053712437495 0.0925609400063595 0.169295109561782
-0.170143605948808 0.0861484263830124 0.177724876802099 0.0779381316201072
-0.0399675644659039 0.142239524970245 0.132855065585371 -0.0641356707075324
0.033962845083026 0.110931085723885 0.0480099821594612 -0.0865270037427877
0.0861142881577585 0.0850083918758449 -0.00645129212753033 -0.0620613550803014
0.101729983342311 0.0531665515955428 -0.0177475700350376 -0.0161036300707954
0.105061568722157 0.0496261184546534 -0.0224609958576138 0.00912641250074805
0.0669570232733663 0.0812706439097129 -0.031109246507085 0.0193830643500602
0.0288463523457992 0.108622113672735 -0.0649291874994057 0.0174669524755434
-0.071224383674855 0.129261323639036 -0.0757876831064632 -0.0142591347061927
-0.151754640908322 0.0635496292687117 -0.053132212922734 -0.0581936669527597
-0.152222528048391 -0.0699978565083732 -0.0366973509745377 -0.0558614973449259
-0.103917351320379 -0.181198043767523 -0.0456394629757454 0.00262904704964638
-0.0398278033258823 -0.180936932833934 0.064465450232215 0.110376631651981
-0.0904595963271098 -0.175856216965985 -0.011260260030856 0.161586305550396
-0.181172492435177 -0.0786391172063543 0.0594450432533497 0.187244963450207
-0.182008410421567 0.0570046522801101 0.146380177045888 0.115641988638457
-0.0586055653230162 0.136687652616576 0.125920614688453 -0.0131165514591225
0.0266372458292222 0.113746099613177 0.0667479092891269 -0.039434818161332
0.0807736149010624 0.0893605154949009 0.0266465289894181 -0.0299611500244859
0.0998595016625451 0.057990350128859 0.0149095184665736 0.00295578417527307
0.104767415118408 0.0527560575609699 0.0109018878678746 0.0288156093082902
0.0694217219448964 0.0824487987164654 -0.00380668503708845 0.045383309091479
0.0275202376177624 0.10820384301066 -0.0503828034403266 0.0469079590009088
-0.0731177912980771 0.121045204130049 -0.0743439327782345 0.0110054815714025
-0.146371356555644 0.0486862396382223 -0.0577429651473572 -0.0404271413247991
-0.13145359863911 -0.0771070977990528 -0.0228326046332916 -0.0418290300648486
-0.0738163588004452 -0.16817486348372 -0.0231173313732528 0.0496036446052107
-0.00409365940499462 -0.129556772116084 0.0618897955102813 0.16045105479732
-0.041599239876978 -0.148659303976205 -0.0128058392327191 0.177403409968507
-0.130622918615393 -0.088595422752418 0.0249191202343947 0.183113879777669
-0.153470208411408 0.0234709684619143 0.104458516689231 0.133747726624209
-0.0602063152030702 0.105914215732506 0.108664745541862 0.0322810866527367
0.0173342088257751 0.094747773265456 0.0767245654596217 0.00572143678168758
0.0641041071815116 0.0784988103743341 0.0556006689908659 0.000445787407584117
0.0836203065031842 0.0543869757824837 0.044727512394703 0.0203510437917799
0.089977274048916 0.0505496060906483 0.0409450721723674 0.0471339564893377
0.0604202238731684 0.0756352143737614 0.0197988876475753 0.0693464395264216
0.0187160805271507 0.0972906842812137 -0.0378050577897096 0.073541580262182
-0.0755754715722537 0.0975895376831462 -0.0739241482885733 0.0304734513055799
-0.127892566164063 0.0219274547951404 -0.0620179061848799 -0.0272667904672995
-0.0934928447078952 -0.0827916363949218 -0.0111017761594573 -0.0317263909092505
-0.0297961177966067 -0.137899762448209 -0.0066156251267226 0.088939360203528
0.0294787805777527 -0.0540932294478713 0.057902873740687 0.181736047105654
0.00707434949989363 -0.0922122307172523 -0.00839536010319427 0.173712959516391
-0.064893463102513 -0.0706370947169537 0.00150493997468063 0.163074648983219
-0.0982319664543092 -0.00249527963113316 0.0683503836703144 0.134275165208458
-0.0455721957282133 0.0628123282950749 0.0908997062398164 0.0634885731159443
0.00843219634662806 0.0602882271525964 0.0811730401982634 0.0381921820367528
0.0387029559906179 0.0537392296017917 0.0754320048078778 0.0248393187801889
0.0550778422231314 0.0422113436726307 0.0672994040575482 0.0338235327134349
0.0615524155313272 0.0415186034766101 0.0635558903829629 0.0634435923655807
0.0425197109793549 0.0607831440873695 0.0345977613957308 0.0920102558355764
0.00629871462828896 0.0764877329749413 -0.0356558844209531 0.0964078003531577
-0.0696103885523731 0.0633054066366732 -0.0803859163873186 0.0436081907054616
-0.0953735198557691 -0.00622897593394216 -0.068833873671139 -0.0203942271884326
-0.0458664066375862 -0.078731797011978 -0.00334848711714653 -0.0232893921521817
0.0186749589580336 -0.090117747133736 0.000500635887806659 0.118489730705694
-0.0494726436264378 0.0151964583778231 -0.0134933004867084 -0.147854676271953
0.00104705185255829 0.0536002558032128 -0.0295663763282702 0.00323852395886086
0.0444861170716597 0.036112706614764 0.0809063883911159 0.0402253328905456
0.0474459394846943 -0.0189996442829034 0.111540625365571 -0.0419976892131686
0.00643430566688203 -0.0381539490535208 0.0605450690080224 -0.124396664556181
-0.0124735958883755 -0.026935011316535 -0.033698659499569 -0.141056748237373
-0.0139026762143079 -0.0288151811064922 -0.0845407311622956 -0.0938197804598224
-0.0129129499504042 -0.0259924415220146 -0.0903115726215306 -0.0523885106405516
-0.0054841208304176 -0.02374750838324 -0.0920480225476559 -0.0448828757956611
0.0103114427523532 -0.0161866347551109 -0.0922671079975387 -0.0614614545713983
0.0278005866568855 -0.00406580548930985 -0.0813222197851224 -0.0842244495383535
0.0283187899397744 0.0291570569138223 -0.0388562488178585 -0.118830912868472
-0.0102111100036992 0.0567722600778707 0.0103786311276628 -0.144661287944225
-0.0522093046979619 0.0248761339512983 -0.00135021399965481 -0.138441262445883
-0.0629119333030684 -0.0147459867254116 -0.0645991238604721 -0.175777001106715
-0.0838723464358402 -0.0573019326502533 0.0101618981339676 -0.130849792343683
-0.058928310084004 0.0104319553387585 -0.0225090875853932 0.0168173018175473
-0.0261538944115109 0.0423963005114598 0.100505357377152 0.0616991994432756
0.00356752739878031 0.028377654990355 0.144435690153226 -0.0345693149399232
0.0106072052170556 0.0122308482963303 0.0788276691800101 -0.137760342640647
0.0101615166483305 0.008802746526423 -0.0243408966046093 -0.154279662572076
0.024454298822129 0.000638563086896126 -0.0840045222742971 -0.104041050631608
0.0278383794248254 -0.0026967966687567 -0.0894150897828274 -0.0539325119774671
0.0299195651330194 0.00428881112063647 -0.0923745120653441 -0.0421325665486291
0.0209748979628808 0.0241138850213242 -0.0897455617578466 -0.0537571055533404
0.0138290677735282 0.0385615294344293 -0.0837333375002005 -0.0723867292682837
-0.0229824630562909 0.0569983692911535 -0.0487124719701395 -0.101893879196753
-0.0704741552416634 0.0434859967834696 -0.00535573465953799 -0.127205866653219
-0.0907199039565233 -0.0289307180281176 -0.0248743623391462 -0.12126081877218
-0.0849934606889588 -0.093334482252843 -0.0766984827593021 -0.15131380659088
-0.0996877090234119 -0.128151674743485 0.0338159377305439 -0.0899082126815508
-0.108980114570727 -0.0516840674879564 -0.0158973166161356 0.0458610110958823
-0.104867192860191 0.0298395990870013 0.114842960414238 0.0973549200544113
-0.0590823499827903 0.0715476792953533 0.176178041211364 -0.00870367339694214
0.0035517292606816 0.0694130213341817 0.103961702714721 -0.135259206505358
0.0282199579173834 0.0509247186034849 -0.00318081809552993 -0.152594308507672
0.0578642375166178 0.0344279336966275 -0.0683229444505502 -0.102691259997341
0.0639847520302095 0.0200058655673714 -0.0750535369136364 -0.0475192528212997
0.0637354023852064 0.0271933408459998 -0.0791362635815146 -0.0288732560068272
0.0378282899460012 0.0556096830154372 -0.0797722515344512 -0.0337768053397447
0.0140731364931085 0.0755926482077072 -0.0868453407448436 -0.0473976929579847
-0.0551739512590284 0.0917902069462542 -0.0653223597515682 -0.0771997909229859
-0.119127107090757 0.0494707229073386 -0.0267573613575644 -0.107717990597073
-0.128635861035525 -0.0584872568493598 -0.0413546922953456 -0.0991336955643081
-0.104901387643205 -0.149669206612348 -0.0789019207126391 -0.107337250620444
-0.0946651100340012 -0.181730602661947 0.0526613692452724 -0.0283367242364765
-0.136141396194414 -0.118950871814806 -0.0115826192802718 0.0877860451536783
-0.172149469069658 -0.00302932286388996 0.113939415583468 0.140791065361191
-0.127220454087668 0.0957455568072013 0.19416998002864 0.0342249341219672
-0.0163035901274738 0.120013376469955 0.127155001400092 -0.109538362153136
0.0364862458668625 0.090211654485613 0.0242766775327658 -0.130392544502035
0.080146479773362 0.0654109743181463 -0.0406954877842554 -0.0888161815307784
0.0916814210641228 0.0404859693109857 -0.049859872400404 -0.0345109368044044
0.0915310925549867 0.042639993945153 -0.0552445814490568 -0.0107458600353167
0.0563351493934835 0.0754489663386106 -0.0599637569297344 -0.00721161147780707
0.021777623475822 0.101267407226176 -0.0815486091436491 -0.0149309752199924
-0.0688518443678516 0.122237993820942 -0.0764336712883774 -0.0471004283013775
-0.148197290170712 0.0624452475770999 -0.0446705758788735 -0.0851230619756721
-0.153998438211163 -0.06895068711678 -0.0447076032171847 -0.0774175334702814
-0.114801612561885 -0.180880901418178 -0.0675902893297105 -0.0526628382022999
-0.0709434199996201 -0.203725513084941 0.0636051207915314 0.0457467385210377
-0.128267322338429 -0.170183674283 -0.0113689584272179 0.131476279073935
-0.204036490377796 -0.0480805806359278 0.0931804896415964 0.178097025054485
-0.178102895515001 0.0893744189247385 0.18522579098484 0.0839726258514792
-0.0423677919559148 0.146439988232169 0.137466023774596 -0.0638388601056361
0.0342302579809484 0.115500146191577 0.0510635437231536 -0.0897479808874675
0.089252994804376 0.0872595959704417 -0.0065336958538367 -0.0632170013646201
0.105621071064444 0.0548943293265566 -0.0177276509611418 -0.0165225221442678
0.107074511923599 0.0513191092238041 -0.0230750947393512 0.0101107182820866
0.0688933345265405 0.084565824384448 -0.0331297362055959 0.0203856345762849
0.0285541730813426 0.112529797789359 -0.0690932741822204 0.0189788933639995
-0.0737348370021872 0.134744925736996 -0.079157654812835 -0.0158188718547425
-0.157230445638247 0.0649675737447886 -0.055314553450039 -0.0633991487575351
-0.155987562525757 -0.0746034248687494 -0.0365723567365916 -0.0593451683829574
-0.105786203369695 -0.188446558268317 -0.046370052353719 0.00248547326990244
-0.0372911478362895 -0.187684458193038 0.0651864921843743 0.115324852996128
-0.0921133685687089 -0.183527682763812 -0.0149835063686801 0.166834847544137
-0.187355049584337 -0.084660325727179 0.0578309103471023 0.196657085875557
-0.189330363305764 0.0597219592696963 0.151437642755957 0.121557711169325
-0.061035940053917 0.140670183608152 0.130232280897897 -0.0110096188700988
0.0257966014518875 0.117565113501077 0.069981810461483 -0.0394768220355775
0.0837055238136578 0.0923061946137804 0.0272302196402952 -0.0309555681374877
0.103834036631776 0.0596958627804669 0.0153417858272891 0.00287458931087976
0.107350109864407 0.0544330068781817 0.0106188916760635 0.0302907707764879
0.0708858011232836 0.0847525963082567 -0.00410404864508347 0.0469003337138193
0.027813935238428 0.111882653932802 -0.0527182103874047 0.0492034161287915
-0.0772328981942136 0.126153026459973 -0.0776358134898116 0.0109301846105397
-0.1513421090357 0.0491603040649795 -0.0604449299085833 -0.0437939699458
-0.134485042261873 -0.0804872989957701 -0.0233476850330997 -0.0448446937659226
-0.0756725369365884 -0.174688573299226 -0.0233566849572584 0.0514572165069199
-0.00208442612568721 -0.134015757184394 0.0618062466442674 0.166877683496717
-0.0412313858214119 -0.155271579275522 -0.0163873092260944 0.183281193550287
-0.134277307691529 -0.0938963489711787 0.0225977547546858 0.191155394140673
-0.15932398678391 0.0237955801104995 0.108044879866265 0.140161836837021
-0.0619929959118389 0.109512844325788 0.112301718361141 0.034545584278098
0.0163187357734585 0.0972230229829079 0.0797569667590947 0.00619333957246127
0.0664247841340569 0.0808453021376703 0.056870544268728 0.00120636356815344
0.0865278085472596 0.0560127166290473 0.0457734621106548 0.0210972579695051
0.0920724799303916 0.051645235513583 0.0410870023486467 0.0494144083732506
0.0623893234832245 0.0786064549822903 0.019446011542652 0.0714628266332333
0.0189408499043066 0.1008923202267 -0.0409225709219757 0.0762008892245605
-0.0787683545175919 0.101462583605409 -0.0775377700345563 0.0311472047192686
-0.131974640525255 0.0220091822180128 -0.0647310973568573 -0.0302583902622571
-0.0948144859095635 -0.0866158956980004 -0.0111072645365105 -0.0339481925072831
-0.0301402032938137 -0.142723464189726 -0.00616968556545297 0.092378723299378
0.0317645709600706 -0.0561332398603315 0.0566474170942448 0.188654991382115
0.00747728684105654 -0.0952444918975554 -0.0112957097889154 0.179570789428081
-0.0657296200851743 -0.0741227343741463 -0.00236849431685802 0.169878595030383
-0.101193739584926 -0.00256249618155042 0.0704594383747085 0.140314514467207
-0.04660959647412 0.0647810868243544 0.093759504864579 0.0658964917905545
0.00808418995227857 0.0619840494697969 0.0851593901768949 0.0396279592006623
0.0400237184040751 0.0551382073766923 0.0779155593690105 0.0256194177226441
0.0574561786497764 0.0432225258160851 0.0684799205910564 0.0358811664179117
0.0637281005682999 0.0420321586891599 0.064766007658108 0.0660084441106834
0.0443208744151276 0.0628327158870165 0.0341146401030921 0.0937497587895638
0.00641589503892525 0.0790288593825354 -0.0377976421680673 0.100161372786451
-0.0722875416981159 0.0658416047087518 -0.084863918439486 0.0451221785666069
-0.0983287345533093 -0.00746247994592774 -0.0724387315262769 -0.0233664009820839
-0.0457852549327241 -0.0812105363377623 -0.00269701362436006 -0.0255034270417541
0.0199098354435984 -0.0928304411401426 0.000564024016210367 0.121774511536833
-0.0514027211050365 0.0196121775843177 -0.0217013480875535 -0.157231654066399
0.0065484086885893 0.055496274335523 -0.0354497796993683 0.0052069366183113
0.0507203795102244 0.0324584536046829 0.0840394236601656 0.0416555429670655
0.0472278744962608 -0.0268144150668502 0.115235761149578 -0.0461670170437913
0.00234334576655014 -0.0409124816642909 0.0570694299146651 -0.133743695220232
-0.0178496654574872 -0.0262398836932968 -0.0436035498908432 -0.144443361663658
-0.0188489794279694 -0.0291839943050123 -0.092817810963445 -0.0889316980069928
-0.0160729670316082 -0.0258364801816423 -0.0973045098407102 -0.0477295469428039
-0.00812117204914217 -0.0240452022097367 -0.101368031545333 -0.0397428676314274
0.00968841708822926 -0.0182649285283068 -0.104494931871817 -0.0573916812550138
0.0295907382393719 -0.00833132805530366 -0.0934888639048259 -0.0831783769371938
0.0348390323855839 0.0278515572146007 -0.0502292563399623 -0.127165366076403
-0.00231215192807095 0.060818080919401 0.000658178322217923 -0.160029656940489
-0.0510337607861737 0.0301035096683826 -0.0048429653319164 -0.148299634477034
-0.0666720958879813 -0.0128685114024375 -0.0731419052513694 -0.181417110202257
-0.0940884733230213 -0.0502885628670911 0.00906706438144051 -0.142753363740728
-0.0590893896283782 0.0171991588995095 -0.023994227367019 0.0162783513517977
-0.0202656552837469 0.0460537101513045 0.105748909935108 0.0559929182806605
0.00850704356962619 0.0276572628284675 0.146475459908749 -0.0444647855500298
0.0121116692028671 0.00921937400504093 0.071572976129012 -0.148088214007699
0.00908850163768191 0.00833665568239315 -0.037118376394805 -0.157451491952757
0.0247214658962673 -0.00292015675828674 -0.0967204860841445 -0.0987489561323677
0.0273451516972107 -0.00530634175855902 -0.0970361239681095 -0.0483358145147388
0.0314413818562323 0.00174593337789823 -0.101224898135161 -0.0364293836352678
0.0248497128041031 0.0233224640396782 -0.10166554875409 -0.0502086725163025
0.0199080937715929 0.0369248582480221 -0.096385015807415 -0.0713135574514371
-0.0161374242287164 0.0611918910193103 -0.0596913401964393 -0.109380268175522
-0.0669451100770951 0.0524686353073494 -0.0117495265691325 -0.140906815362112
-0.0955132197336299 -0.0242806330194827 -0.0284262558447835 -0.123331680871557
-0.0953304899796742 -0.0946400689890403 -0.086580160812435 -0.14981826539268
-0.115882058655403 -0.121270671428894 0.041576347656662 -0.102867018305029
-0.116869235644372 -0.0410858724314489 -0.0113962867082394 0.0431333898529409
-0.102573272318487 0.0421844096977302 0.124579541126382 0.085798360615779
-0.0500852613472891 0.0792494122382058 0.17971521521411 -0.0264642711576478
0.0100305113285949 0.0677939339764963 0.0944881428656131 -0.146930659720163
0.0315556254421553 0.0494762930117431 -0.0171072483531539 -0.1567139705367
0.0630490908130741 0.028255587641646 -0.0845572790510693 -0.0985278242862418
0.0671647063684068 0.0154976288770791 -0.0811899340364843 -0.0425053584466847
0.068106380949112 0.0213031659902935 -0.0859062056543569 -0.0244617336058757
0.0454617327991776 0.0542791698112338 -0.0905784611038625 -0.0298276632862118
0.0223573083654412 0.0757543624067084 -0.0989645506279392 -0.0452408807007987
-0.04633981411897 0.101130230911249 -0.07567091220298 -0.0839610567950021
-0.117608804604668 0.0624361199747248 -0.0311014612711689 -0.119791148654289
-0.138758105499914 -0.0524540341345367 -0.0451608993647593 -0.0969713461039403
-0.121887681903936 -0.154519438448804 -0.0882153542671125 -0.0975756774419601
-0.115603049326889 -0.177025694565126 0.0682231853408972 -0.0377594264710982
-0.149655378967327 -0.107757938912279 -0.000203891625404849 0.0837288864567295
-0.175463806517785 0.0160127058909049 0.130111328673043 0.126206545492766
-0.11673856390037 0.112769505187552 0.200569605456804 0.0109651743441653
-0.00511528840053312 0.121542297476983 0.117595844468743 -0.12357342547152
0.0434902373116603 0.0892242061673916 0.0108480732134504 -0.135342355724605
0.0907503632817113 0.0587348908619315 -0.0573566124315133 -0.0869010876103575
0.0974578151444499 0.0340359093449338 -0.0539802434921082 -0.0303440052488042
0.0976451694229645 0.0344329774742458 -0.0586733418468436 -0.00621741845254648
0.0663447797125665 0.0729313027731625 -0.0679419204086215 -0.00330299845394185
0.0321703241924107 0.100699894293318 -0.0919512257851068 -0.00983081825940675
-0.0576918407910433 0.133818519195328 -0.0862873124949608 -0.0500955975076465
-0.146899805722273 0.0782250181395343 -0.0484157097715961 -0.0954236009720503
-0.166704719212574 -0.0624039356865648 -0.0466547027520934 -0.0714839170414926
-0.134878408247988 -0.186476939700617 -0.0743033442201403 -0.0376393950958102
-0.0924360452731495 -0.200726646165746 0.0845603052448096 0.0401599102730919
-0.146315890856464 -0.159797129208922 0.00528504596545606 0.130270317414494
-0.212413691290946 -0.0271851570734808 0.115254823898868 0.163839589176958
-0.169914437529818 0.112812586862057 0.195730803714059 0.0584391918820766
-0.0279532477389786 0.152114054655263 0.128448348770567 -0.0785173188883503
0.0443250500815269 0.115056570452272 0.0407760915002119 -0.0961730437615658
0.102195671354512 0.0797152999920066 -0.0219498478832487 -0.0635397507792461
0.113509924996453 0.0471489767743287 -0.0196056086978138 -0.0140210380087265
0.114893010230075 0.0414642059038211 -0.0231928811529036 0.0134960589174054
0.0802005550934702 0.0801818874661728 -0.0376420200579336 0.0234312581454975
0.0394067991904082 0.112420627004239 -0.0754660523451219 0.0248693957899673
-0.0619247840737352 0.14708797462228 -0.0875584190827762 -0.0163379916045722
-0.155894687538934 0.0815333003148594 -0.0580505067068605 -0.0702719548685715
-0.169434024220793 -0.0670966722834765 -0.0371736623750613 -0.0521904188371771
-0.126728998124453 -0.194277895233013 -0.0491661695942152 0.0191199649863808
-0.0562997834777403 -0.187661454040347 0.0875270148777182 0.116147031350801
-0.110401615685269 -0.177923620989028 0.00558477452735102 0.169403512244689
-0.199714174306199 -0.0651919137988126 0.0827522090579842 0.186168895258635
-0.185867398555782 0.0839193551303401 0.166979712616842 0.0997743815986028
-0.0473085684967279 0.14882126343952 0.125401288237315 -0.0242871206276229
0.0370781786860737 0.117604924326836 0.0643096730958738 -0.0455228499904066
0.0977921090173032 0.0863579411572873 0.0162001994281875 -0.0339152489862628
0.112286017911582 0.0532195253802833 0.0169704712372979 0.00320385789027328
0.116040042549332 0.0450164276987533 0.0134931992231789 0.0315625094219893
0.0818729060832384 0.0805730395225033 -0.00528562414129269 0.0494843099689562
0.0380138309434197 0.111316724649193 -0.0554704029011249 0.0560083859633187
-0.066634246774891 0.138333267260041 -0.0828025067779153 0.0116706461092047
-0.152536603796396 0.0654080976127381 -0.0631072110579101 -0.0483550788425171
-0.147327387255683 -0.0749980151489862 -0.0234953346409806 -0.0392476315869643
-0.0941028893184454 -0.181620573339817 -0.0238107802947499 0.0682147667796645
-0.0125214948055611 -0.136897481590229 0.0813440498430426 0.172945560059154
-0.0544724756095027 -0.153561022249754 0.00236727091802125 0.190230965510934
-0.14576390866791 -0.0799535050657289 0.0448364085476786 0.188136119778749
-0.157698376356572 0.0452067935749855 0.123505129936915 0.125055306960001
-0.0504885645952403 0.116660610745205 0.11157461106306 0.0249549275140255
0.0254197776111718 0.0980615805950528 0.0795603012776399 0.00135606883658269
0.0791760738241075 0.075633781762469 0.0507185669415525 -0.00390467678682812
0.0946269148092735 0.0503042095820195 0.0487316298919993 0.019859830217338
0.0996572794230454 0.0434879721583052 0.047194447809415 0.0491033133469631
0.0717630818474822 0.0742604623930506 0.0217641601641336 0.0733589934327768
0.0280905594507104 0.101089902184621 -0.0417997050972999 0.0840912794142445
-0.071191188063329 0.11242042645091 -0.0818992876880914 0.0343477547528651
-0.134787892645137 0.0343156951750014 -0.0663196127334827 -0.0317939447595586
-0.105614038714113 -0.0837026911503593 -0.0115584634205044 -0.0292420949149689
-0.0439549147122836 -0.150936527147743 -0.0046186195328522 0.107275135798276
0.0303290757139038 -0.0606668910656017 0.0706236809083049 0.197819084959764
0.00139576950477363 -0.0973209445160806 0.00232473722161051 0.188642214283188
-0.0728074326090467 -0.0675269247180253 0.0145744441142847 0.172857066737401
-0.102332021008836 0.0112349218922805 0.0854518521012011 0.132730859084343
-0.0389592125216793 0.0708900215089964 0.0978137389275764 0.0591573083936128
0.0138628650265258 0.0628025412686568 0.0892537380087371 0.0345574166203943
0.0489839963856176 0.0528206824829485 0.0775156209288586 0.019128251931915
0.0629556753725082 0.040232330270658 0.0731961766223315 0.0324888605627739
0.0690309452956414 0.036850917511875 0.073177424342443 0.0657766749655578
0.050704526241139 0.0602064143008277 0.0406950059602883 0.0970877007440123
0.0130118647312347 0.0797511308589351 -0.0359642134004494 0.108857096563361
-0.0684959508108132 0.0748777386505205 -0.087982001308156 0.0510733883829537
-0.102539156873234 0.000194352632709239 -0.0753820588720303 -0.0222567129528366
-0.0540715060379422 -0.0823982209678113 -0.00555158495992977 -0.0225597118485514
0.0132371027705622 -0.100373027824204 0.00295574188404945 0.134816987130115
-0.0542662935249272 0.022871717662186 -0.0291191754994251 -0.161515004366002
0.00861284235794334 0.0563871916241846 -0.0379537979618175 0.0085359905135105
0.0548875463060632 0.0313858039141182 0.0904274237253998 0.0404126545328205
0.0477685741656952 -0.0298303232591124 0.11935308451204 -0.0532508169359978
0.000370215907060021 -0.0418066932024139 0.0538882729879827 -0.141793286366146
-0.0192117751124187 -0.0263271136154462 -0.0531038783185795 -0.146088949098711
-0.0217186963228625 -0.0288653366393644 -0.100331237529181 -0.0876830042123974
-0.018122081290641 -0.0257988365008627 -0.102752938924341 -0.0451387953514618
-0.00925368121601867 -0.0240342515022114 -0.106679114017558 -0.0358805875658886
0.00953312272200514 -0.0195363761417781 -0.1123234613908 -0.0538579506204849
0.0305788529147439 -0.0103914144301353 -0.101431346994401 -0.0828893843391762
0.0369177855027705 0.0275652350390678 -0.0582190421953668 -0.131580875481775
0.000809479426089749 0.063433129526894 -0.00662767715578181 -0.167501658896004
-0.0521713853922201 0.0318577397876682 -0.00870953955982246 -0.15313879506277
-0.07003530832776 -0.010574922209479 -0.083034145056621 -0.185915995631335
-0.100120650409417 -0.0485125025645441 0.00393855229223056 -0.149231783290775
-0.0608539291487359 0.0195368703110722 -0.0260117975089454 0.0185521077166844
-0.0197005321846977 0.0496476081795186 0.113733856966193 0.0551210099295028
0.0100606290482689 0.0281069369092578 0.151654187831479 -0.0534123874922619
0.0120894905489405 0.00859703664631141 0.067919407897543 -0.156343603929184
0.0101934456905738 0.00899821584689928 -0.0466923149344202 -0.160277349412062
0.0246499077758302 -0.00411298161898541 -0.104287662168473 -0.0965953208331308
0.0280053442751643 -0.00713283457834894 -0.102231659760976 -0.0460585000901712
0.0322185300809066 0.000301327138100634 -0.106436013143579 -0.0321450869207524
0.0270721507297088 0.0227444613798016 -0.109435477455016 -0.0459712780077787
0.0220126543013985 0.0371565351172221 -0.103856443789909 -0.0694759945911035
-0.0138209607223056 0.0650156389524694 -0.066976377302524 -0.112908930188558
-0.0669315969895004 0.0570435116336746 -0.018585119868994 -0.147165361435308
-0.101171427792726 -0.0221162617914112 -0.0334857172787399 -0.126883913205481
-0.104403493409452 -0.0946937796055947 -0.0952887443733598 -0.152296317409388
-0.126182497806247 -0.120615014986269 0.0387890891094869 -0.107838342621386
-0.122505740779062 -0.0381138853121273 -0.0112086490801185 0.0461105902761835
-0.105021351586006 0.0481405653054695 0.134370080254194 0.0857497864810684
-0.0480053493246112 0.086067854174234 0.187459837715345 -0.0350814288919935
0.0132387265902283 0.0703831049125289 0.0923712592362469 -0.156227414690326
0.034979312192476 0.0514692628865649 -0.0258625543563326 -0.161627270295232
0.0668511773910889 0.0258734036150588 -0.0913922637866934 -0.0968659588513953
0.0705284514469596 0.0117996664481464 -0.0859537392086211 -0.0401237801333765
0.0713719726826127 0.0185342378798895 -0.0897812105045507 -0.0191843862944806
0.0500752166025933 0.0538861753556671 -0.0963689600027304 -0.0254794629883211
0.0265339167939415 0.0771051887308334 -0.105171829655088 -0.0412347781015549
-0.0432790236134975 0.108624604301442 -0.082281429029034 -0.0845850018687621
-0.118642312541098 0.0703702223078164 -0.0394332814861506 -0.12492483716957
-0.146369218581879 -0.0499226419383747 -0.0487478234758381 -0.0988000113013764
-0.134024064420105 -0.15510927584484 -0.0944109380093348 -0.0978280569806733
-0.127436109990001 -0.178836912309942 0.0692466106394436 -0.0430656396190199
-0.16078734826713 -0.105397098521459 0.00207018305109642 0.0875211482552592
-0.182053527520695 0.0243032284376844 0.140916136217365 0.126590959475534
-0.116056659306347 0.124518610568305 0.210973268477242 0.00204312986287961
0.000455754664332557 0.126338684184972 0.116404237435645 -0.132624003555188
0.0500172814749755 0.0922972477245492 0.00535235659746739 -0.14153187161041
0.096635078680146 0.0549382452300515 -0.0628674378469733 -0.0861334774216798
0.103250879119851 0.0294996981048778 -0.0566813346393687 -0.0296730826810758
0.102743061583981 0.0304552142748902 -0.0610005396814041 -0.00272977090528518
0.0719070870668534 0.0717469013612631 -0.0720930530473519 0.000509739149170641
0.0381747460244006 0.102318464881325 -0.0968836288047716 -0.00571799734666736
-0.0530894081085807 0.143504119778343 -0.0924322441496941 -0.0495069194252246
-0.14787590221564 0.088666524749546 -0.0555720808728579 -0.0990074547510447
-0.175513067008683 -0.0574665647021345 -0.0502858476392041 -0.0737296740305739
-0.150139458217815 -0.188024932478693 -0.0768054054481541 -0.036215621006168
-0.103862235955451 -0.205907253620298 0.0886423316245172 0.0383189074128668
-0.159006410875117 -0.160868555874473 0.00976972997358583 0.135105999376937
-0.222723722959866 -0.0187816200638077 0.12603138555212 0.167253895169116
-0.171113778542385 0.127071573734941 0.208192654700111 0.0522871679759297
-0.0223825823277087 0.158903441966303 0.130254924006938 -0.0861911613291216
0.0512727110764137 0.118862514975212 0.0386683624964359 -0.101873326995745
0.110143927999512 0.0767238105275421 -0.0247188005043835 -0.0636974871526226
0.119887710935082 0.0420180919010537 -0.0207211865938416 -0.0131222458279579
0.120582557057675 0.0376242081705047 -0.0235076033518576 0.0150626622481545
0.0867183297307114 0.0797229244076169 -0.039310890645676 0.0268025633739746
0.0469045236033263 0.114152712804078 -0.0791510378320945 0.0303495791953011
-0.0565576067835286 0.156233599853338 -0.0924588788136257 -0.0142741306501995
-0.15710845252599 0.0919618757432078 -0.0653999642531984 -0.0727103042143293
-0.177796244509147 -0.06271054844232 -0.0402552338400116 -0.0536335843667581
-0.141021391056052 -0.196086517532508 -0.0489134039266161 0.0220890649695923
-0.0651116909245491 -0.193652253985998 0.0955293980035105 0.116389680243662
-0.120837745468286 -0.181898278407014 0.0110873961878491 0.174819685012425
-0.210784820247461 -0.0591070406785097 0.0928593296152418 0.192238031960158
-0.18924320194443 0.0966760490846511 0.177742475601324 0.0968690400773419
-0.041909934374256 0.15622814158418 0.129042400286221 -0.0298807677121422
0.0434427189112579 0.121143015743933 0.0653983341244047 -0.0519722965915505
0.106656452199941 0.0829280878034732 0.0154890987723219 -0.034837375392102
0.119345496246278 0.0480795924177816 0.0176822308895031 0.00282085271033173
0.122065947033237 0.0403455452526758 0.0150838095929382 0.0326822022078518
0.0884135357384437 0.0794414559235809 -0.00435805737166694 0.0516018716215443
0.0451204708966912 0.113429251292145 -0.0572433698592457 0.0619593281094324
-0.0617332192510793 0.147601804268828 -0.0871260990835745 0.0162872631451197
-0.154173891090226 0.0748009392720319 -0.0690039581504339 -0.0497013056993538
-0.154972780016542 -0.0714530863587932 -0.0261739665583368 -0.0412824408186402
-0.107030187571147 -0.184485653900942 -0.0201167775194823 0.0725105095105129
-0.0181047972192255 -0.141926583015968 0.0910443958721601 0.175803334532333
-0.0630955462267709 -0.157971098832085 0.00918289433007773 0.197326311230509
-0.155145185181118 -0.0772033814450755 0.0534518443973248 0.195230784187166
-0.162568280009188 0.0549869193140562 0.134616473161444 0.124579134235422
-0.0470069900835454 0.123292156278316 0.116699395514892 0.0211773514233619
0.0307622171652487 0.100104574662993 0.0836371071175202 -0.00353666331577068
0.0861069311360679 0.0736761951949828 0.0527028336117172 -0.00669166417665054
0.100755124022121 0.0464489867214967 0.0514254185325023 0.0186444280502339
0.105134216203789 0.0396219612291713 0.0506738699670482 0.048876400688827
0.0780378568044033 0.0732619601331747 0.025246506532741 0.0754156972718975
0.0335694712807979 0.102998979055654 -0.0398501353452618 0.0901380601858617
-0.0680615666681858 0.121152777685246 -0.0843745885511298 0.0392867405941328
-0.137377124502151 0.0421879421219203 -0.072490545789681 -0.0316583593795725
-0.112520306693044 -0.082661884796057 -0.0143267994457435 -0.0307476713900136
-0.0530546378099978 -0.154511279026969 0.000250714978697085 0.111605072607595
0.029289779335612 -0.0654239921058384 0.0802721520274777 0.203161525200938
-0.0023019898879042 -0.101979672327865 0.00971704247857323 0.195869215122951
-0.079227902751644 -0.0669853467306913 0.0209605454126214 0.180339748788439
-0.104960288019664 0.0159728959659819 0.0942197650379454 0.134398223361805
-0.0366925451743065 0.0746458788851914 0.104160285700099 0.0571928211612988
0.0170241948449434 0.0634664978355559 0.0951914690242048 0.0312392768479165
0.0539026182726124 0.0515640426576583 0.0814645428611945 0.0154647721532226
0.0677463095239894 0.0376171101947371 0.0776176175297336 0.0306140569817799
0.073664252791753 0.0346355099855839 0.0778767907154157 0.0641198311877727
0.0560397346537964 0.0598013753159018 0.0450105072813417 0.0978411697420399
0.017539458129729 0.0820032686903839 -0.0328843613415922 0.115241189516119
-0.06768519111575 0.0817576057126505 -0.0899640031753522 0.0567591815240816
-0.106162304519619 0.00603573860478596 -0.0805621442117339 -0.0213798872777203
-0.0578872331366294 -0.0827847651259426 -0.00665596951180433 -0.024819147625968
0.00815907571273993 -0.104919834746783 0.00900672392630035 0.138780035411058
-0.0538092685686351 0.0257756140508613 -0.0377870645316478 -0.162491334128134
0.0105599632594072 0.0557424862845341 -0.0388135575284256 0.0124511048238823
0.0572632265666482 0.0285927540407061 0.0953907048157274 0.0372480983145351
0.0466128135028864 -0.0329145185340268 0.119553051759132 -0.0596790772893084
-0.00200963473565986 -0.0415814248386938 0.0480472400537983 -0.146076996488606
-0.0202289173095558 -0.0244976079776302 -0.0611339717900377 -0.143129135864855
-0.0238044567232442 -0.0268612440735214 -0.106140364942886 -0.0826618346868566
-0.0202455311406989 -0.0248440605015492 -0.105696429635835 -0.0404644447626667
-0.0107468397077144 -0.0236704568984128 -0.109171642022929 -0.0298916942460366
0.00795636753720123 -0.0199898848939662 -0.116547966255992 -0.0473672451446588
0.0300256293062896 -0.0131772905514829 -0.107332557604139 -0.0786424043371643
0.0389264559833745 0.0258288913940932 -0.0657230271674324 -0.132425950831259
0.00476320214303327 0.0638368327515659 -0.0146750372960567 -0.170496701200108
-0.052825750766419 0.0337418436138905 -0.0134106077555879 -0.153937516222194
-0.0716310327954481 -0.00753327908558929 -0.0915967972850098 -0.184550475772042
-0.104858844533251 -0.0442019248004487 -0.00296174569931454 -0.150988301553327
-0.0610786153629302 0.0225092097344286 -0.0257427459188817 0.0214955558618741
-0.0169587389596473 0.0511638868170325 0.119206328068002 0.0517058446730817
0.0113865772950205 0.0287282904446988 0.153043891806743 -0.0611552031316544
0.012699937726362 0.00966907816059965 0.0625477970917876 -0.16114173439175
0.0114247991955609 0.00936235304588607 -0.0551039956341562 -0.158861079139672
0.024366143700986 -0.00563134118721562 -0.110088920155931 -0.0918081601715779
0.0274684613795927 -0.0097389361638844 -0.10511170827755 -0.041022269961868
0.0325418292756873 -0.00117946309891641 -0.108593494518243 -0.0253586902507525
0.0285976427316772 0.0216620480420822 -0.113136139407756 -0.0387307193254842
0.0244098698596428 0.0358760192595105 -0.10924778580804 -0.0648619222805278
-0.0107512316038205 0.0670079880758595 -0.0731808138265744 -0.113151134677485
-0.0640198387755812 0.0606244705428193 -0.0269764565740678 -0.149267835813914
-0.104920411333855 -0.0190899888635229 -0.037665122026254 -0.127065448273499
-0.110415534616173 -0.0908843556118783 -0.102018764498597 -0.149524117993162
-0.134086868090912 -0.116332295668641 0.0344831649011506 -0.111660674775098
-0.12629729770346 -0.0329931850356132 -0.0102610104503146 0.0477977597951866
-0.103921890978183 0.054907982017753 0.141656976769309 0.0817319969219607
-0.0440106011760043 0.0904483558872407 0.189204801824653 -0.0452589167270596
0.0169908974843076 0.0705275910954905 0.0862431602002139 -0.161943502021058
0.0387329081803938 0.0507079826384496 -0.0348950711525226 -0.160628715270908
0.0682770400258145 0.022415893638049 -0.0961078524623049 -0.0915640383719461
0.0717150844801063 0.0071642843294098 -0.0882330421722019 -0.036095504633098
0.0727653837986382 0.0149442134603117 -0.0912240971701787 -0.0137341372570436
0.053583232238223 0.051748723705629 -0.0992006348775159 -0.0190793851807612
0.0311150148646646 0.0763993843417898 -0.108951480556144 -0.0357022249879038
-0.0372283420674915 0.112512261230387 -0.0879242746069465 -0.0829077708316988
-0.115480471085422 0.0766816439867394 -0.0468254503038226 -0.126243307661484
-0.151213139008205 -0.0444537058509143 -0.0526592751685105 -0.0974400718577728
-0.144482310176885 -0.150155963788741 -0.0990400360446572 -0.0947831883924133
-0.136958344924184 -0.174276425425313 0.0681145546021632 -0.0469832441101074
-0.168044946119286 -0.0998216327619599 0.00454564124752806 0.0889501038224991
-0.183061972474138 0.0342688351239418 0.150006368600601 0.123232697570113
-0.110467906282894 0.133646172850477 0.214974933768963 -0.00844707767699199
0.00693111913885631 0.128263537696294 0.111761954805298 -0.138282828046827
0.0556860641616966 0.0912407461055502 -0.00211739966024887 -0.143378803512246
0.100664386700553 0.0496838410457344 -0.0668954133027342 -0.082348655201233
0.105438161179931 0.0224454937914463 -0.0589186547038481 -0.0266087908085227
0.105374490503784 0.0239462800202957 -0.0610408107510628 0.0019697315722911
0.0772167088064001 0.0683212697344994 -0.0735409472610064 0.00600573534677573
0.0442899626414455 0.101294597312296 -0.0989741099577551 0.000281998985605187
-0.0452767505781718 0.147851149892513 -0.0966173097158243 -0.0465116859101457
-0.144508943317211 0.0975929782693436 -0.0631856779095712 -0.0989387858453382
-0.180314311739962 -0.0506855330440366 -0.0535993108813736 -0.0722484438058818
-0.16167538397041 -0.182439380181551 -0.0779351076371961 -0.0330523179429547
-0.115320684288803 -0.204105206518277 0.0915238613368092 0.0343824103892427
-0.169561099083544 -0.1561147289863 0.0149511974747866 0.136286341795691
-0.226084817258169 -0.00746879198045737 0.136104049800929 0.165543671342419
-0.16653051954817 0.13886565720777 0.214061642676979 0.0423805892280585
-0.014127222064915 0.162107483530304 0.128746996517915 -0.0927632738325485
0.0585848497595993 0.117408124771672 0.0340768649170217 -0.105936357223468
0.116029940316038 0.0702193331271092 -0.0272647351373577 -0.0620139177052379
0.123921515902945 0.0338427524672443 -0.0211286500523374 -0.0128715639652285
0.123547125322255 0.0303973172988388 -0.0227198420933667 0.0175793875678877
0.0923580070510662 0.0755124917626863 -0.0388665263689317 0.0299487797491215
0.0530173280928928 0.112716197147155 -0.0781127941677253 0.0361029686046176
-0.0481454851879292 0.162140021237344 -0.0946987708347663 -0.010300042136381
-0.153978137132246 0.101275471420285 -0.0718336290484979 -0.07142740292153
-0.183125580456512 -0.0550170326311515 -0.043070853251422 -0.0529488756910095
-0.153721813773557 -0.190568698852904 -0.0465707465003466 0.0254082945274355
-0.0752338558352167 -0.193629083003354 0.101790428527786 0.113606634212566
-0.132558387541872 -0.179401955727813 0.0173381078712461 0.17725318402182
-0.216356984814399 -0.0494416836210292 0.103107475512246 0.192490339574471
-0.186391339625008 0.109161645154977 0.185796226709674 0.0887955343981819
-0.0341778164518378 0.160125078157743 0.129902370584475 -0.0352205520306891
0.0506582780877484 0.12049300054961 0.0636990690111763 -0.0564978167436998
0.112050223568946 0.0780357278634018 0.0146556108298185 -0.0355699292159408
0.123129131100363 0.0399602250358033 0.0177355903060478 0.00227946252422525
0.125088191398153 0.0336213754506754 0.0171122924623811 0.0321870706813346
0.094567823312519 0.0749839237799022 -0.00325619781655246 0.0528500907378505
0.0516837181837571 0.111831907653798 -0.0548143499411016 0.0669144612161443
-0.0542593455637446 0.153910419169945 -0.0876242837056586 0.0208499449425737
-0.150650980991948 0.0843504003099613 -0.0743511330497488 -0.0480864978691924
-0.159878821484692 -0.0656469141672957 -0.0294450851496278 -0.0409542600165398
-0.117985091714692 -0.180261286514104 -0.0144697353616094 0.0732840629429029
-0.0252298069844181 -0.1436032273291 0.0990308759811852 0.174417540970514
-0.0712704345156225 -0.157950767202654 0.0169021863362574 0.199458002021819
-0.160978288297652 -0.0705072869719529 0.0626966779596208 0.1968269790575
-0.16141381274656 0.0650493955101175 0.14273434896787 0.119081853161712
-0.0407215143949164 0.126741705433846 0.11983607922772 0.0157806427456726
0.0365149791002266 0.100156485722501 0.0854545817193081 -0.0087284804651304
0.0913009554582866 0.0689003369579522 0.0533426432434122 -0.00891553731737933
0.105026771254519 0.0397999027931808 0.0524540001658159 0.0158980596755913
0.108754575474293 0.0343075799924687 0.0533771394795561 0.0471180784563264
0.0828019855155153 0.0697148422988858 0.0278378997444023 0.0750546794594383
0.0395835406443341 0.102315136789906 -0.0358401090811397 0.0943417416695726
-0.0615004944954599 0.127938823668091 -0.0844588460797557 0.044206864687762
-0.136146399963875 0.0500073520948624 -0.0767825978109607 -0.0296392304194562
-0.117422480354802 -0.0777505026930878 -0.0159366274208044 -0.0322155242481966
-0.0625459968214256 -0.152319269254182 0.00784693395411676 0.112146033328632
0.0258290888682189 -0.0677484632037396 0.0894730364277432 0.203316081081154
-0.00780696369544133 -0.103430391385515 0.0174771117375666 0.197305710928687
-0.0838352614844209 -0.063635780544576 0.0286202482951234 0.183199032621233
-0.105972356495076 0.0233723536513471 0.102348698116489 0.131105310133478
-0.032812343603398 0.0770291578182742 0.108353646455897 0.0522434879697061
0.020053531123025 0.0634938132153044 0.0984769505024294 0.0253746533766672
0.0573728129068597 0.0487227496045679 0.0821395945374594 0.0118215876095186
0.0711142616238223 0.0327035465132125 0.0790117328880256 0.0264470382556345
0.0757931522818033 0.029753315521332 0.0818395033459287 0.0611437916624323
0.0606241855169744 0.0565808072196924 0.0493227143936878 0.0960841575077969
0.0220465172889371 0.0822681059113473 -0.027595477691782 0.119362816987356
-0.0631823201973352 0.086864771167521 -0.089182468718099 0.0616746210464893
-0.106184957810884 0.0111182501610664 -0.0840389537274418 -0.0183089834956344
-0.0623655246297005 -0.0807074310399555 -0.00818064370545719 -0.0264338897178186
0.00198134117110939 -0.105730811074569 0.0181354539724684 0.140292176022011
-0.0541977505910214 0.0270850647683619 -0.0426755755139942 -0.160087205447839
0.0115328522821698 0.0551266077641343 -0.0381902395276251 0.0158192011419121
0.0578994386799775 0.026991006877571 0.0975895873184772 0.0348231217670104
0.0455227228635172 -0.0344386378174059 0.118435434831251 -0.062860807197016
-0.00236740388948939 -0.0404154986585435 0.043472294967297 -0.146048363250554
-0.020746108067947 -0.022523243516465 -0.0651398314336853 -0.138606086360352
-0.0253183638234644 -0.0255446915612973 -0.107552799055349 -0.077715686285658
-0.0216493403143442 -0.0238559278188078 -0.10520620407054 -0.0361702264660959
-0.0116943790625682 -0.0227123972192717 -0.109117696009036 -0.0243575997055467
0.00771093170913759 -0.020074520529628 -0.116939565169939 -0.0419720507658105
0.0288696026990662 -0.01445585345879 -0.10959610657808 -0.0751266662466485
0.0400194706219419 0.0244220126809373 -0.0698053820273865 -0.130843544651979
0.00722277760210144 0.0619199308571958 -0.0207718217526113 -0.168503380061949
-0.0526993468141051 0.0344991158370468 -0.0154996182921528 -0.152254777319654
-0.0718851220407126 -0.00492887504406215 -0.0953394398082959 -0.182176985636658
-0.105959569049129 -0.0409405593971891 -0.00813625934166998 -0.15070430758776
-0.0604939677989361 0.0236718892148023 -0.0257753213643298 0.0241366529390338
-0.0151332426633459 0.0517116599452104 0.122204829538121 0.0480072664502667
0.0129655749247724 0.0289128708022929 0.15160308086923 -0.0661959454593451
0.0130551817192261 0.00972934960938162 0.0574091132184906 -0.162826630689482
0.0117058205069861 0.00925417968903086 -0.0608028550637499 -0.154512071249521
0.0231987109985173 -0.00627695666326881 -0.111106191124174 -0.0855174744870769
0.0265038381436023 -0.0106834763206786 -0.104699499996569 -0.0371895547466322
0.0325431708261753 -0.00297239839164075 -0.108084980323637 -0.0204137066133866
0.0301044998765543 0.0210008610589607 -0.114003962544595 -0.0333683289989809
0.0250362655984192 0.03497404018063 -0.111090529609955 -0.0608069801244624
-0.00789188588361526 0.067196315210185 -0.0771295846068023 -0.111383925326688
-0.0607600040744089 0.061562272306664 -0.0329505235366292 -0.148813015432124
-0.105305465620625 -0.0160299684478899 -0.0381368724533916 -0.124585291127118
-0.113519980293932 -0.0863374202057882 -0.104340278704898 -0.14599721116355
-0.136970162069948 -0.111307109039251 0.0303398333468559 -0.11239608500816
-0.12714897114735 -0.0293933289951103 -0.0100303287127431 0.0491262078088557
-0.100928152323501 0.0589991756735001 0.145198229163762 0.0776167231109118
-0.0406040325011966 0.0926532015414441 0.188792703514386 -0.051171010909391
0.0194655474265478 0.0698859075642863 0.0815133935658903 -0.162602155243686
0.0412124976766436 0.0496343018995151 -0.0398408588973065 -0.157856453746231
0.0680182222904303 0.0189559742298576 -0.097129052389648 -0.0868107845758799
0.0715238805330401 0.00328190734282964 -0.0885886727854618 -0.0331569678454906
0.0730936292998892 0.0118183751168868 -0.0903812960764294 -0.00899985124904076
0.0552923233463133 0.0494317952046747 -0.0998215270941925 -0.0140314067220411
0.0337264549312551 0.0746714422820271 -0.110236199811423 -0.0314768219571192
-0.032560960841581 0.11315917056467 -0.090498201630585 -0.0805244683455835
-0.111298984183322 0.0799428706787137 -0.0519366457130809 -0.124905225892605
-0.152647597706284 -0.0398610497771501 -0.0529432185698184 -0.0956726731285202
-0.148320655801023 -0.144442897494057 -0.098525170448492 -0.0912479071829179
-0.142649932683405 -0.169476347268378 0.065778844091837 -0.0490314400127396
-0.169839929477042 -0.0946967811924031 0.0057166904750211 0.0888999741991378
-0.18082576864999 0.0406889269223998 0.153886101168242 0.119508908883014
-0.104952531653302 0.136835784730379 0.214942127747244 -0.0154006692690596
0.0111421259132115 0.127253129558509 0.10774539053775 -0.139989045878538
0.0597259819184466 0.0888962769933665 -0.00685978962849794 -0.141922762607502
0.101868090849346 0.0448018866843571 -0.0675397755141951 -0.0780055430167553
0.105382782328818 0.0174761836750942 -0.0588526327732995 -0.0245686933693782
0.104800615716241 0.0204023342669567 -0.0600284639411927 0.00469718256851554
0.079328412240922 0.0654962064501461 -0.0738733670877953 0.0095570759718516
0.0475445995703994 0.0994091069677469 -0.0988524797514499 0.00460525251625017
-0.0392764044660606 0.14918057725236 -0.0977483204897559 -0.0433813522468177
-0.138809839693261 0.101868589144094 -0.0684875414308748 -0.0980489917907091
-0.180539247347514 -0.0457081952131082 -0.0537781131008716 -0.0708476594273672
-0.167084256238888 -0.175312240102375 -0.075951573560928 -0.0308172630355797
-0.120727692879635 -0.199512618204123 0.0919633862670841 0.0315762304718964
-0.173723479649759 -0.150941366037073 0.0169137025608709 0.135677290002547
-0.225840205165136 0.000531225652557981 0.141352450930819 0.161632830262614
-0.160218087177838 0.144274961072546 0.215683169270411 0.0353701866752044
-0.00926850051615604 0.161343569216827 0.126581269428767 -0.09528973352512
0.0633693967219704 0.115298031651693 0.0298670364959688 -0.106578301213989
0.116978679263099 0.0649302564472135 -0.028468727805019 -0.0595546186164977
0.123703746230451 0.0276579715858325 -0.0221902285292773 -0.0123162973858158
0.123216542759405 0.0249941702346653 -0.0213079591237409 0.018252607873853
0.0937013196161595 0.0705997017717854 -0.038645741828119 0.0317711320610579
0.0554958501084997 0.110157238672074 -0.0767714656569871 0.0389424117269762
-0.0410537695226035 0.16317528332848 -0.0956270904403647 -0.00747409421739714
-0.148390007968601 0.106483988650701 -0.0759763533335241 -0.0700636096319846
-0.18221836723108 -0.0494120814140351 -0.043318586073436 -0.0520198343964405
-0.159355083404112 -0.183585345495324 -0.0432085727217926 0.0257614140221457
-0.080269977648384 -0.190912588105789 0.103190834203409 0.110894789321496
-0.136492802710195 -0.175253082526835 0.0216410632577657 0.17527171867639
-0.21643018956581 -0.0422844699690791 0.108402058498091 0.190265408598819
-0.180500551421172 0.116776026535316 0.187873355157421 0.0822915621611547
-0.0290694062024387 0.15957454354285 0.129182022337275 -0.0384124990237289
0.0543395039610588 0.118348793806904 0.061976515666059 -0.0597392198087854
0.113166702230078 0.0717095216401424 0.0141188920236322 -0.034989910742896
0.12390811696624 0.0337439841774094 0.0176681967746087 0.00105273002554682
0.1241871597403 0.0280170199119318 0.018232169592364 0.031644928668661
0.0960445799446664 0.0703562458006577 -0.00213284514461754 0.0532860718956861
0.0543105957967336 0.109061482947136 -0.0529953410945858 0.069291391686538
-0.0470045198987197 0.155393097581217 -0.0875869765707774 0.0231579700283893
-0.146478701053568 0.0891072678207232 -0.0772851673377199 -0.0468897620828854
-0.159850886279778 -0.0604526975615574 -0.0291645687901353 -0.0415327407362959
-0.123546880440887 -0.173678565398806 -0.0108739649174211 0.0726970540871746
-0.0296595991397556 -0.143352793773693 0.10327895646997 0.17140879360127
-0.0768215722962151 -0.156079598407269 0.0208339976757766 0.197837142420513
-0.162212141392353 -0.0651623506556178 0.0678426045060464 0.195731559068201
-0.157667373565559 0.0708212302233582 0.145414928748137 0.113879669773245
-0.0366681617221351 0.12671923499335 0.119630594172801 0.0132562238959782
0.039423625464159 0.0983235137916068 0.0844274610645286 -0.0129082763211568
0.0924156544861467 0.0645230120313921 0.0529107545880463 -0.010437601543836
0.106246164538076 0.0340384562341059 0.0524918269562892 0.0138291266262637
0.108593518066677 0.0292454752837031 0.0542361496497493 0.0448131919552792
0.0845390180160098 0.0653073450459809 0.0293751778729235 0.0733417941397928
0.0429452063584558 0.0999437223412201 -0.0330528652968112 0.095404484953709
-0.0562114651867692 0.129165932843596 -0.0832831838764018 0.0464186022231956
-0.132727755233822 0.0549948389518478 -0.0794815765714277 -0.028124009948018
-0.118561528173045 -0.0739021236591218 -0.0166359013846635 -0.0326978981737126
-0.067121443427324 -0.148423460130289 0.0120579859939345 0.110584420280646
0.0234043162940977 -0.068937094384966 0.0932354890084455 0.200690738419415
-0.0113762287482802 -0.10378404129639 0.0204853291889918 0.19596915897695
-0.0850354820377025 -0.0606823781512805 0.0332967393014346 0.182928676082813
-0.104028076763018 0.026233744249534 0.105762636915232 0.127143052598723
-0.0301452509420192 0.076512110684555 0.109417570930042 0.0487249375393332
0.0219369195766085 0.0615687580673915 0.0994693091736919 0.021013336078079
0.0581143450931932 0.0450547669896157 0.0819209239211341 0.00824191100176533
0.0720483296622347 0.0293956061483353 0.0790237565228263 0.0237395228834368
0.0767087186130585 0.026528555710251 0.0816759348595869 0.0572670782617348
0.062283143236709 0.0532668935723901 0.0506300907488984 0.0932174073024388
0.0249128421229125 0.080099177926326 -0.0240404750973887 0.119468049952121
-0.0590133573349077 0.0895330054934814 -0.0870092699050452 0.0639667847850268
-0.104607322979395 0.0154452386374726 -0.085985110590367 -0.0162207740347286
-0.0638113440136143 -0.0787774285213072 -0.00909584384231797 -0.0265013570998561
-0.00162021200487007 -0.103906981720458 0.0225587771107122 0.136812281026898
-0.0548425402380492 0.027980418947685 -0.043301265718066 -0.1596252852869
0.0110893959445166 0.0551326258587283 -0.0386608634790265 0.0176663820035683
0.0582729450898984 0.0265972250241723 0.100206105090895 0.0345018756141197
0.0447412644271323 -0.034867923318885 0.119245938080013 -0.064754386597784
-0.00270554234209505 -0.0401770462738347 0.0434707882145799 -0.146361119828304
-0.0207258771088468 -0.0223561130995116 -0.0660288337844856 -0.136341205164985
-0.0260879812865251 -0.0252344944617964 -0.107766565778014 -0.0758891925976389
-0.0224215858192823 -0.0230591878258995 -0.105005209841871 -0.0353909887642099
-0.011318076704608 -0.0218605446056803 -0.10848023108896 -0.0232081940869836
0.00701792924296549 -0.0201527423710826 -0.117399080269392 -0.039215670042237
0.0283574928069278 -0.0151878929541812 -0.110730647815305 -0.0743114159510113
0.0399791828870345 0.0240096755251061 -0.071015741848495 -0.132052096782368
0.00802575195056884 0.061140685257954 -0.0216560003245806 -0.168169890676321
-0.0536784552471997 0.0339486973886963 -0.0124766270918651 -0.151868773433982
-0.0724432072431692 -0.00455156065239627 -0.0951448556633487 -0.182356936493943
-0.106936755189804 -0.0396915319007868 -0.00865353062777186 -0.150404301479083
-0.0609651708421835 0.0242583217216846 -0.0262220521758845 0.0260828419323868
-0.0144268625620478 0.052447029734124 0.12379433262229 0.0478665859828179
0.0132832563631701 0.0289157284590625 0.152329841490404 -0.0682445597613683
0.0130516107165773 0.00961226371953395 0.0570951232762702 -0.162124526887886
0.0126449139084682 0.00983203234022685 -0.0619938754328605 -0.152188502042822
0.0228551734820316 -0.00651292070586522 -0.110298196248674 -0.0834590135881415
0.026094016824555 -0.0117462562513313 -0.104145797026723 -0.0353751193836704
0.0316646757014202 -0.00305763857319661 -0.106690078984326 -0.019145956250709
0.0302516306919587 0.0201278300365884 -0.113998188421899 -0.0314875238853678
0.0250845586873776 0.0341731243847353 -0.111707158810803 -0.0592995689913877
-0.00690106354897616 0.0678994070180297 -0.0781459648231422 -0.111944538881742
-0.0594090628283759 0.0616774717835599 -0.0338124538585307 -0.148575576349659
-0.106607020981652 -0.0160669664611709 -0.0358718450206412 -0.125021473253081
-0.114602044303969 -0.0856207592994206 -0.103374691361427 -0.146681217673743
-0.139005757045154 -0.11025896655526 0.0303979306502801 -0.11259671364481
-0.127531065060767 -0.0288359072182862 -0.0103782206727266 0.0508852125759899
-0.100619932225807 0.0600373950756653 0.147533236563007 0.077033479533968
-0.0379616991803297 0.0936656602051584 0.189876162790052 -0.0539634093762744
0.0199673512643123 0.0704125164639221 0.082010894899145 -0.163355377097939
0.0421798577667695 0.049860538491081 -0.0417041745811238 -0.1565768086064
0.0675456841418479 0.0181051893737244 -0.0965265124755137 -0.0845319415827234
0.0708999229363507 0.0017559381424417 -0.0879266806856295 -0.0322518895425004
0.072614991281524 0.0106571929688966 -0.0889104340562949 -0.00776973919776851
0.0557309932157059 0.0486794032998726 -0.0997336015889227 -0.0118634417230758
0.0335650556912543 0.0732773618295041 -0.111196941421109 -0.0298366033771068
-0.0310152552938433 0.11463618562286 -0.0920795929516626 -0.081150972629849
-0.110573134133813 0.0806000913132887 -0.0543568769843241 -0.125166372751402
-0.153110615388599 -0.0391255390049985 -0.0508980580054242 -0.0958527852864374
-0.149729161088291 -0.142525980144247 -0.0973985501978476 -0.0915292950663557
-0.143791830139429 -0.168614187821042 0.0657014712188716 -0.0493075552282058
-0.171056059198675 -0.0939517580211603 0.00495876521053407 0.089779289102756
-0.180515327232197 0.0423618640890998 0.156750370813037 0.119796924613267
-0.102328111113621 0.139276375396106 0.215632233990373 -0.017336433227299
0.011911059187924 0.127668617851228 0.10888697760581 -0.140256111616876
0.0607952994208141 0.087992344913176 -0.00787444660530137 -0.141980170569331
0.101094419623443 0.0431858254379253 -0.06676833156021 -0.0762572206575805
0.105019697707586 0.0134917886645609 -0.0589547170905731 -0.0239923261170233
0.104067974882843 0.0184557575009179 -0.0589083202388602 0.00642909626869171
0.0793224038011876 0.0638902675489591 -0.0740357221479634 0.0116594522094429
0.0480277212127705 0.0985449245281793 -0.098567669659177 0.00647900608856745
-0.0364595523975147 0.150430955164731 -0.0992807265512977 -0.0443012391392446
-0.138154056415743 0.101848388992794 -0.0707128367061852 -0.0975471618883886
-0.181511474718817 -0.0452695883554583 -0.0531853287592548 -0.0705709109517714
-0.168371856448395 -0.173188412726132 -0.074789526798348 -0.031174226603786
-0.122453665829541 -0.199492731636637 0.0914221086022854 0.0305477493765545
-0.175137274430138 -0.150673771877872 0.016070989349309 0.135760995536446
-0.226028475403665 0.00219403657432021 0.143647262459361 0.162211821031364
-0.158252999734716 0.147185718586994 0.21741752987308 0.0328244647811354
-0.00727713293709731 0.161105174485079 0.1278179714613 -0.0946699845753215
0.0647444162110794 0.114282437213154 0.0284251940746743 -0.106867380663046
0.116326397094834 0.0624278465581124 -0.0272003006364397 -0.0585126593812237
0.124310235977335 0.0244382345111749 -0.0214191380490174 -0.0127273392841306
0.122245051062279 0.022783219273824 -0.0207690259617525 0.0193265728939446
0.0943387210136415 0.0697011359629377 -0.0389120301319419 0.0336328524166485
0.0571536861456406 0.109695827420798 -0.0765612807805933 0.0406401117431336
-0.0390404455888161 0.164018221186145 -0.0964384525116649 -0.00747934281453055
-0.146927678440116 0.107412399471301 -0.0789221697821417 -0.0706619277499778
-0.183591725603146 -0.0488306192854757 -0.0431014618662275 -0.0534960635786639
-0.160719827877662 -0.180945126257443 -0.0417736950580691 0.0244117591341691
-0.0819188279769281 -0.190626741984092 0.103436264770159 0.110715402198886
-0.138044106201716 -0.175207219902811 0.0203676137757807 0.175893347212156
-0.217835309206877 -0.039838428184483 0.110718520216716 0.190998528542092
-0.178681800399684 0.11880535983979 0.189600792796766 0.0801356964663642
-0.0276749970047626 0.159510565536945 0.129645865371031 -0.038852362525171
0.0562544968133679 0.117413806415332 0.0611903332082176 -0.0603849253540737
0.113385301067104 0.0693496452220375 0.0153283277301964 -0.0347673769926744
0.124294470105905 0.0303948913184451 0.0166671703678286 0.000966357804469336
0.124063478915016 0.0258694440094737 0.0183947665058888 0.0312040861005702
0.0963254172398793 0.0682468021131719 -0.00228265406118205 0.0536491372633831
0.0558307418151474 0.108932858374307 -0.0526991064871548 0.069886006439493
-0.0443028202776264 0.156608707172493 -0.0877926003638906 0.0234384715500238
-0.144613466398348 0.0903484425880656 -0.0804921845437475 -0.0463915294788628
-0.160177630202424 -0.0593105851370139 -0.0288720838068076 -0.0410689946010368
-0.124684590768076 -0.172053025720472 -0.00943747166814097 0.0714890760646771
-0.030518515242316 -0.143423334685615 0.102284291566363 0.171390288722486
-0.0781379185355092 -0.156330610502736 0.020294765538142 0.197805540094522
-0.162807072379113 -0.0633615220871475 0.0688630159152298 0.196692161068591
-0.156702533819991 0.0722761278596598 0.146152029528941 0.112517592104886
-0.0350858378420759 0.126602682457097 0.120403453923029 0.0128396427734379
0.0403367941286712 0.0981093086719476 0.0844304947974501 -0.0146473022945889
0.0924861833548617 0.0616982649056707 0.0530553631403338 -0.0110922948235047
0.106180143826244 0.0310716083078388 0.0519819299597831 0.0132107009406946
0.107993647922533 0.0275029694175661 0.0539673403835518 0.0439484051749412
0.085145952971928 0.0632875986220277 0.0289491499179038 0.073045242584967
0.0437801863767954 0.0989617908361456 -0.0327910013604111 0.0960774115866869
-0.05299161469271 0.130807668587195 -0.0836563521503059 0.0468164023946151
-0.131142129687225 0.0561486314305433 -0.081538442650769 -0.0285059588506135
-0.118266061597254 -0.0732050523648902 -0.0173346675591739 -0.0332803553902857
-0.0686289762463754 -0.1465412812059 0.0136680914522673 0.109413327008246
0.0222094445472821 -0.069520531065288 0.0944895949704474 0.200664497272638
-0.0127054635068238 -0.104005480654603 0.020925566430662 0.196708517796249
-0.0854929465405577 -0.0602123601063117 0.0332176875623286 0.184596888098166
-0.103220001229915 0.0279726466388105 0.106707227216056 0.1257276545703
-0.0294968170973299 0.0761468738901932 0.110219430615752 0.0484789139979221
0.0221135603810278 0.0617345430957964 0.0990611849164429 0.0182559011598179
0.0580501206491435 0.0436816321688676 0.0816291644032726 0.00812461563770095
0.072560393324285 0.0266574232071974 0.0775773929569059 0.0238483679897303
0.0761990047847936 0.0250339400527397 0.082110671479101 0.0560130078591018
0.0625873491778874 0.0521075199747658 0.0505193814253875 0.0928867849471895
0.0259575711900729 0.0792508534942934 -0.0230791753395248 0.119790985706068
-0.0570923518960397 0.0908634467837431 -0.0873819933802977 0.06442733156216
-0.103427019636855 0.016029904902165 -0.0875263739463167 -0.0165923822306151
-0.0642229608012558 -0.0784954434148103 -0.0101217834815543 -0.028485409915518
-0.00253960379766784 -0.103240620487698 0.0243366207307294 0.136755008930907
-0.0492389097532466 0.0375823253572705 -0.0796909216456438 -0.159398974146796
0.0206418683951896 0.051510793376489 -0.0381851340354863 0.0294523293685944
0.0626227044678135 0.0138648376625512 0.111199791524018 0.0215748741760994
0.0375708759997131 -0.0450308069458247 0.115944330963468 -0.0868905005021699
-0.0113108572980618 -0.0402844180267429 0.0187537192676159 -0.159884191291395
-0.0253609162516523 -0.0167229742215381 -0.0908600087450336 -0.127542700553976
-0.0318814294331308 -0.0174709638796873 -0.119598353479699 -0.0592714615690926
-0.0266830452740017 -0.018019394425113 -0.11228168180206 -0.0162108091787937
-0.0162003196613069 -0.0193058609964949 -0.114330512989902 -0.00168130322146735
0.00207362761141619 -0.0218775138026697 -0.129423702560073 -0.0155249972376495
0.0229480172398498 -0.0211571221049105 -0.128835230923423 -0.0532113417089248
0.0446484236601147 0.0135423977127918 -0.102388045257427 -0.121450381101477
0.0205278604097736 0.0555876220301875 -0.0596847718070984 -0.169628309846702
-0.0466669816613379 0.0427254787675837 -0.0403194445204474 -0.15848297124339
-0.0739017443638913 0.00615566054651741 -0.128263403377992 -0.1731503809949
-0.111379871934297 -0.018933885286436 -0.0412192609695698 -0.161815338089491
-0.0557934067523934 0.0356866054504601 -0.0246470533645742 0.031150802386992
-0.00244236042367621 0.053590909709351 0.133358778748716 0.0260908079414713
0.020030120234844 0.0233973229420105 0.142903948087284 -0.0969354652109164
0.0138309436084239 0.00527064494329587 0.0288035230705244 -0.175791940288664
0.013036223447772 0.00811124102072098 -0.0906419404839384 -0.141999738616379
0.0186845470123616 -0.0107195222206304 -0.124629775300675 -0.0622659849246187
0.0224045090762781 -0.0157687037148569 -0.111766927669383 -0.0164324104125571
0.0295455119818425 -0.00875372485835744 -0.112110901214572 0.0023778491446009
0.032498780351542 0.0137978676727321 -0.125037001782351 -0.00742638232153169
0.0283153887788037 0.0270341749402973 -0.128264989218622 -0.03738366772717
0.00677335799574549 0.0653113604828621 -0.106341918171358 -0.101513231358497
-0.046033966832987 0.0684877439876259 -0.0679548879314416 -0.150339518605565
-0.109318264602457 0.00268653059783808 -0.0541639142620232 -0.124261865581487
-0.13182909901036 -0.0665302042364118 -0.124850578813032 -0.132382490999557
-0.154508486558111 -0.0816090085538499 0.00792228923332228 -0.134855998340947
-0.130285392461978 -0.00340751043726791 -0.0041250820947201 0.0495978278737841
-0.084096406066023 0.0780738473842912 0.158321661550062 0.0475743696208045
-0.0162468359526718 0.0962796822211143 0.17700178059988 -0.0905398047161519
0.0316321809975241 0.0631124125429419 0.0512316814801524 -0.178580150618694
0.0495011877824482 0.0408987943325674 -0.0721406987205445 -0.147136346790589
0.0676915875406169 0.00318137125510799 -0.110572257226319 -0.0617678683729342
0.0688490262427256 -0.0113791189907227 -0.0940747474619532 -0.0154694977063847
0.0722809021036274 -0.0032763274119455 -0.0925198349099086 0.0100653485138693
0.0634054222872446 0.0376258103902341 -0.107270333326599 0.00910209965707982
0.0436386538217253 0.0641406248463586 -0.121734256819239 -0.00722735248776281
-0.00921478930300071 0.115839722660735 -0.114802409467312 -0.0678885556269949
-0.0916124477230735 0.0966568321691702 -0.0845382070427502 -0.124624441300426
-0.161208321806249 -0.0111130600860484 -0.0618432744380983 -0.0915612453470102
-0.178931424482332 -0.115956325801008 -0.103670264144021 -0.0754044968967446
-0.168950407642122 -0.138374339908337 0.0596809088928872 -0.0784669577738254
-0.185388727597314 -0.0589559553930393 0.0206486371579032 0.083259216896428
-0.165193715286532 0.0766581335898103 0.173093115776884 0.083442633084989
-0.0682305520218687 0.154841251461551 0.20497123932048 -0.0621952254443724
0.0360051827156627 0.120386327363015 0.0798919835979637 -0.157980776044167
0.075256757721065 0.0758649942884247 -0.0365494803365066 -0.136527938679001
0.105756307631344 0.0202415101963848 -0.0810450323150391 -0.055693631344796
0.105118327699045 -0.00580747945454036 -0.0634521551328343 -0.01261376718427
0.10480928423152 -0.00089521106174808 -0.059698404138586 0.0172139468432209
0.089294547778391 0.0484299550538055 -0.0770410528303993 0.0279361503748555
0.0619899420553109 0.087028682111276 -0.102449333910728 0.0278975344955205
-0.00836831257807693 0.152934977903554 -0.115553719362708 -0.0276602679277295
-0.114589603637397 0.123196994609193 -0.097398600020156 -0.0938697757690188
-0.189607507364106 -0.010846603498189 -0.0579571923491235 -0.0670098759850268
-0.203776582049179 -0.141790763713822 -0.0673117692496642 -0.0160423324118213
-0.153372684596623 -0.171364421264637 0.104523524866709 1.9330110397845E-05
-0.199428058042305 -0.113872215023313 0.0424009611436635 0.127217165315358
-0.217089731401302 0.0471969314918161 0.168787981596785 0.124920689155419
-0.119094062910978 0.174229923577855 0.213492045365208 -0.0139566786009571
0.0235742308799486 0.157402484338491 0.104532706732753 -0.11473066395229
0.0846247536661068 0.0997880443781758 0.0063638248053847 -0.107690682457419
0.125789971138879 0.0357091904012212 -0.0385987760679115 -0.0433127429074796
0.125320315140769 0.00114993692268948 -0.0240143035852421 -0.00727001264158599
0.123672205722229 0.000239680135189063 -0.0194891066325949 0.0232006123136407
0.10450306027215 0.0522193245674789 -0.0363841523893089 0.0439381792261876
0.073170159810012 0.0961861133589536 -0.0732840227885582 0.0587239872037142
-0.0071119244170838 0.167386090935933 -0.105102886352292 0.00968241161731001
-0.122827864238085 0.130417601016622 -0.100700076858 -0.0645007759759684
-0.191768872161675 -0.0141033313735503 -0.0443158852184384 -0.0510371607711403
-0.196713378309629 -0.149778516489285 -0.0228909172612423 0.0353716496139924
-0.113549170696485 -0.169950228595749 0.133369689227028 0.0832661297683733
-0.16848010096279 -0.144820265107493 0.0566668087128259 0.168006476105428
-0.216993387966602 0.00410681989553192 0.141489286176006 0.159805227822648
-0.14580017876597 0.151832915770505 0.194609015228012 0.0378824388526728
0.00409842989396626 0.159282801658491 0.116692539714388 -0.0580959104774091
0.0768263268753179 0.104241883310837 0.0472840041666383 -0.0668633954758772
0.123900611325452 0.0429638205311806 0.00645309822877503 -0.0273378331755063
0.127438193914931 0.00689488170827691 0.0171383623984234 -0.00102435521486589
0.125996610979105 0.00247717540111631 0.0227464573418777 0.0293273228150657
0.107441494153832 0.0502864513115175 0.00498346664426677 0.0571534932376529
0.071416672708882 0.0956210986126013 -0.0419500655296867 0.0841232065614842
-0.015501939965829 0.160322492968332 -0.090736598913868 0.0396311014016111
-0.123801026878058 0.113720411044488 -0.0969348169494224 -0.0390381787692742
-0.170944334807893 -0.0287636708178192 -0.029655857928474 -0.0409955735370899
-0.159274395198559 -0.146735267205629 0.0170472447293855 0.0791400268695329
-0.0560623987189731 -0.133227681327924 0.145243569171616 0.152496342553786
-0.10540136467026 -0.137931609017273 0.061196541431848 0.193903821811689
-0.169543776358831 -0.0287527696024043 0.103973495274273 0.176046167287925
-0.134029117658787 0.103230894214418 0.160122548236332 0.0789125231645989
-0.00935905487670857 0.129471672763188 0.117775289544699 -0.00541741573718816
0.0572271872846005 0.0873557604105748 0.0795294637419345 -0.0255851419733723
0.10256570047417 0.0401824982581459 0.049211220891582 -0.0114009512593705
0.110173339920337 0.0108665149804543 0.0544258130828629 0.00528981231326906
0.110956187382951 0.00643892507355574 0.0618111508287822 0.0347177730908138
0.0957729613054218 0.0475676517939636 0.0403929299249581 0.0708085102657653
0.0588958007261397 0.0891431573765949 -0.016908932849225 0.106860073110849
-0.0289084824930945 0.137031252160662 -0.0802350119358762 0.0627488454532445
-0.117350776126024 0.0779517203838527 -0.0931024244350356 -0.0194978990779991
-0.131466848750753 -0.0505915572541163 -0.0178100396885446 -0.0324217080145908
-0.0967434677390535 -0.131678453388724 0.0439540096164385 0.114164502417234
0.00886133045216513 -0.0711692249933679 0.140764423619555 0.190439506904339
-0.0321512404124505 -0.0989922498298508 0.0611351375022881 0.196925174461061
-0.0938094308302441 -0.0404427541111229 0.0690596008736642 0.174919781614495
-0.0917297914450669 0.0487778681941481 0.12557426013351 0.102688003409363
-0.0131114606141587 0.0792551076739641 0.117039469450214 0.0315132211438531
0.0330448166555125 0.0548359897583253 0.102431409021862 0.00321992060997109
0.0653924266932956 0.0298888693533065 0.0815650001277474 -0.000981347696324773
0.0768295611086597 0.0127869667392102 0.0821759626991447 0.0104336006688531
0.0797669622941224 0.0102208200374618 0.0920830550513886 0.0412852796330437
0.0715127454260506 0.0400814512193483 0.0671774293276351 0.0864241965072715
0.0379167272041673 0.0736516760141325 -0.0019496669510542 0.128592486518706
-0.0405558955818024 0.0995865994494182 -0.0795102812503041 0.0818760461558589
-0.097174062815563 0.033586321598176 -0.0956883751859566 -0.0044017201633579
-0.0781754704643461 -0.065724422891968 -0.0112718099364004 -0.0266496546887549
-0.0220591394436596 -0.100246764346399 0.0549893397974696 0.139897924554863
-0.0518070786950489 0.0403110438877168 -0.0857780584501651 -0.165557810067333
0.0215860833230451 0.0545947220937619 -0.0393677841048136 0.0327953210162635
0.0666257520457477 0.0142327874988574 0.117166510965072 0.0200233221092005
0.0377397877163595 -0.0478985960344361 0.120813855419152 -0.0925744910112621
-0.0113447237050803 -0.0417414024798792 0.0183970551730335 -0.168356635735344
-0.0260243347802994 -0.0170557577309998 -0.0955518226267355 -0.131281037680438
-0.0333265196308792 -0.0171257440963511 -0.125344150910353 -0.060318502116377
-0.0288242027668328 -0.0182167490554806 -0.11753062119513 -0.0157631262624796
-0.0172134266391168 -0.0190924232910611 -0.118719926332703 3.83766374883947E-06
0.00246764735350346 -0.0227765957337145 -0.135123439866003 -0.0133300786774501
0.0227879380447037 -0.022673767537549 -0.135856595543938 -0.0538695383022547
0.0475931727252485 0.0128570436373452 -0.110218743966651 -0.126789941257909
0.0223595427911788 0.0566481603250984 -0.0633995318518697 -0.176679232560188
-0.0497029596781414 0.0453236826050381 -0.0405683307746227 -0.166872615722136
-0.0777331727040439 0.00765725633195591 -0.134929211610868 -0.181487215964171
-0.118038883789448 -0.0175979074406856 -0.0450277929651739 -0.169025803937632
-0.0578935484825477 0.0386501888212784 -0.0254659154889373 0.0338703596179023
-0.000951637072931704 0.0561082332709056 0.140755766508685 0.0256551162704167
0.0214961729306062 0.0242140668913852 0.149495890886764 -0.103550561136327
0.0149481735709039 0.00545963831804427 0.0284293176959279 -0.185298483658416
0.0140741336743422 0.0080968404834617 -0.0956344346877326 -0.146281517566415
0.019643189597353 -0.0107790162313943 -0.129573207910305 -0.0624392524037603
0.022386566798829 -0.0168729499130448 -0.115944560988481 -0.0158503049417036
0.0310640941359344 -0.00903452655979791 -0.115746201278142 0.00382686024578616
0.0339455606449515 0.0146808621010828 -0.130114345213803 -0.00559059798732834
0.0293085255310034 0.0282973186289313 -0.134747377625074 -0.0375424481398994
0.00864828289775395 0.0680819522686252 -0.113980855034685 -0.106312785110436
-0.0471415811899972 0.0712308083626232 -0.0726247734040665 -0.156343309738081
-0.115563114336662 0.00394060405720829 -0.0556180525534204 -0.13112114056507
-0.139024342914476 -0.0676091802879016 -0.130296639242142 -0.138524073991776
-0.163016852616583 -0.082589856773745 0.00668925318165966 -0.142019432428703
-0.137202887577327 -0.0020674444764482 -0.00414517076313785 0.0529205888478203
-0.0864930334282372 0.0834278307663086 0.166619291066015 0.0470391888241167
-0.0145685458462732 0.101336145204724 0.185053104530803 -0.0978427300689911
0.034920159837524 0.0653398466223621 0.0525501688642527 -0.187827232487182
0.052894459025711 0.0424391210930179 -0.0769187863072316 -0.15283845490283
0.0700820691651373 0.00233308033472912 -0.115650445639221 -0.0632158133552412
0.0708917122352831 -0.0142344389127108 -0.0984533606524336 -0.0147193913878009
0.0745700353060713 -0.0041130557229342 -0.0956494557524873 0.0117533032342587
0.0669128022140493 0.0388492054534478 -0.111618267987989 0.0123576669839795
0.0466812544978382 0.0667290920417711 -0.127636235035226 -0.00504244182180611
-0.0062875382286704 0.121223960134127 -0.1230005828464 -0.071274232905055
-0.0946547504880905 0.101084064422274 -0.0909461291876315 -0.129276763726353
-0.169180073571796 -0.0100341681284263 -0.063454666326268 -0.0969668396889728
-0.188718722240252 -0.118255593771906 -0.10803782625281 -0.0790269370895603
-0.178704181782226 -0.142137290228916 0.0617917672211473 -0.0830635538700489
-0.19511034259321 -0.0604642423835563 0.0217486083078984 0.087831452907189
-0.171066924508183 0.08366130925049 0.182968269277542 0.084259435161575
-0.0679464504842101 0.162918744928326 0.214221818316457 -0.0683449659656483
0.0398172392814783 0.124993552190863 0.0824198163933502 -0.167253356952587
0.0805081099547123 0.0776483459259045 -0.04057772440781 -0.141951342373483
0.109294113151753 0.0194327276198786 -0.0833888098525808 -0.0567091260316848
0.108484761579088 -0.00851176656016967 -0.0663693409891412 -0.0118184376223334
0.108471552725692 -0.00342264692659209 -0.0615186258200661 0.0190341320428421
0.093514905566139 0.0502343722779142 -0.079826569053664 0.0313440297415078
0.0658376622881154 0.0898545750001501 -0.107460557457477 0.0317061857342273
-0.0046197983914762 0.159525713225461 -0.123347787767289 -0.0285860510501031
-0.117740654775669 0.129771411199292 -0.104209085530607 -0.0969731478706182
-0.198458486220026 -0.00914318219510539 -0.0592942785317163 -0.0712557390961612
-0.215055561538258 -0.144513707938078 -0.0685365471641974 -0.0178099706987492
-0.163420144274615 -0.177423079942651 0.109137443302501 -0.000898747273019609
-0.210960001230757 -0.116972379710508 0.0454008351083123 0.13324664529197
-0.226021482352439 0.0526693409835804 0.177549787276043 0.128853207732314
-0.121363736718017 0.184458415886809 0.222472051707967 -0.0175807587939151
0.0270670706476324 0.164215147220412 0.109127851202303 -0.122170557798273
0.0895798931394075 0.103420905348189 0.00482486894483748 -0.11297020826509
0.130784784889143 0.0346307170692815 -0.0400407143964836 -0.0449820670082121
0.129596616466377 -0.00277354314178777 -0.0255637411524039 -0.00694937850155177
0.12834379701551 -0.00213440497451428 -0.0198503251333295 0.0243749826499352
0.109769965094365 0.0524871442204034 -0.0378363635555689 0.047277613738824
0.0777650395317644 0.0992124365992621 -0.0768182032456283 0.0629259375328852
-0.00425440826350101 0.174893739286599 -0.111970943180303 0.0109569185571234
-0.125817095664149 0.137962484971396 -0.107838252945028 -0.066388873136191
-0.201276539356012 -0.0126588355761747 -0.0467350617221079 -0.0543034618570522
-0.207798181407878 -0.153548868170346 -0.0225135165141772 0.0367910043317199
-0.121174236186002 -0.177171225263372 0.140898735236932 0.0864595082245276
-0.178680994348609 -0.150035265679045 0.0601048403361355 0.175274651205159
-0.227287292560177 0.00775243189235056 0.150523402243261 0.165257070407653
-0.148922740601925 0.161099505989006 0.203380393297501 0.0372447439616544
0.00712403853874487 0.166935359530425 0.121981918026072 -0.0624256936922871
0.0814160692018419 0.108251091901568 0.0472332867841835 -0.0705667735051
0.12970419184 0.0426133868554873 0.00824204045116369 -0.0287327498670539
0.131614789906134 0.00353274522276125 0.0173940770168191 -0.00119014216958638
0.131185175269505 -0.001333644792831 0.0236354686059623 0.029572435133179
0.112002193118318 0.0512355671504504 0.0049346372651942 0.0603712643709175
0.0765150029693413 0.0998910160471564 -0.043102597362681 0.0893714407146722
-0.0120081284725214 0.167892586974653 -0.096651702533064 0.0425815642362791
-0.127061604917838 0.11993065212108 -0.104435101775955 -0.0399790474488675
-0.178961782773363 -0.027664851721761 -0.0309480588934196 -0.0434885280426282
-0.167615313160272 -0.151239888793865 0.0197164090702929 0.0815058307373662
-0.0602837441288209 -0.13862403947428 0.152952222919225 0.158484054754944
-0.113086080973766 -0.143540566159755 0.0649167660637257 0.202929841315579
-0.177929510197602 -0.0279451881557273 0.110655309812416 0.183073895856279
-0.138009024664951 0.109822164239265 0.167573486963185 0.0808463977522714
-0.00803263170882551 0.1357903413488 0.123845418907623 -0.00673413475099349
0.0610477185459683 0.0911572457885117 0.0823116911384467 -0.0286627580304058
0.106974431329242 0.0396536123248584 0.0515162476450062 -0.0127136868851152
0.114311082623102 0.00765893566684996 0.0561809098250566 0.00506966976635794
0.115022559943489 0.00441767649275481 0.0644460094663207 0.0354841671433984
0.10015592562763 0.0478728404625536 0.0423115589663769 0.0739354306432354
0.0628848900723066 0.0919448990262168 -0.0160315492454755 0.112290901521033
-0.0267770157653385 0.143929277911069 -0.0845676441509994 0.066492933959182
-0.12066492870633 0.0825568233396104 -0.0995154604891582 -0.0190054328986191
-0.137694347160585 -0.0519811460088604 -0.0194045070490965 -0.035249190734837
-0.103003943927474 -0.135535651356334 0.0481679976014918 0.117927052643794
0.00721240071991895 -0.0748434650555797 0.148140390248238 0.199433601498863
-0.0353572572674265 -0.103668633829186 0.0646759878981383 0.206186406085964
-0.0986380144297659 -0.0415573289919058 0.0735297692763744 0.184067388982984
-0.0960501433732498 0.0526352083754363 0.132211368421499 0.106620675070494
-0.0130700111967286 0.0828212640372424 0.122460685727693 0.0316487491697694
0.0343956576877879 0.0574849555631227 0.106390456425374 0.00181207944025086
0.068194944859996 0.0294930441778645 0.0857257170720184 -0.00201386255571691
0.0801370829538759 0.0108317390686349 0.0851804816917577 0.0101533632116737
0.0833130826990551 0.00943486885387987 0.0963286673417833 0.0419269077505882
0.0751978037146964 0.0402361144960668 0.0707019775634428 0.0895807167973131
0.0412306501751921 0.0764138645817525 -0.000463350674420737 0.134959218787014
-0.0390717077636781 0.104224660210207 -0.084262159904146 0.0870208353394013
-0.100811259719338 0.036592764972399 -0.10150512059257 -0.00452031306436497
-0.082004613375249 -0.0684135212197856 -0.0137802512325524 -0.0290427643433604
-0.0240113906942159 -0.10414600589788 0.0598019770635097 0.145406256825876
-0.0530773082220646 0.046621843712015 -0.0979971120595101 -0.171090806580749
0.0247804227841204 0.0567207892699216 -0.0395926061525062 0.0362301575755451
0.070716865006386 0.0114948424820016 0.124137113364483 0.0154967159483939
0.0373282373485023 -0.0518775694255315 0.123271837031491 -0.102072668609544
-0.0135013133962498 -0.0436468047540455 0.0116198623889529 -0.177380487101051
-0.027368429873855 -0.0162578910593261 -0.105332360366839 -0.132801796220466
-0.0357286104928629 -0.0157465001717205 -0.133718086462267 -0.0570837048857702
-0.0311072733764019 -0.0167542057863636 -0.123448815619019 -0.0105799075476879
-0.0188063364708137 -0.0199605521870063 -0.12430904684486 0.00551184357706759
0.00112114096317298 -0.0239558527557869 -0.141205238311056 -0.00686188920114018
0.0222147598257455 -0.0244631617231143 -0.145666687627233 -0.0499345357775
0.0498167012909102 0.011116512879715 -0.122578208066071 -0.128405804485194
0.0256002439943768 0.0575081457049496 -0.073774906473449 -0.182900545619403
-0.0514377629594934 0.050492861726812 -0.0462223717937458 -0.174718148114904
-0.0804652454182511 0.011918549556285 -0.148652317910252 -0.186487397150059
-0.124325482745893 -0.0113943081027211 -0.054990368984243 -0.176206033201414
-0.0589204265976984 0.0432481685091923 -0.0265005818441008 0.0376748158058264
0.00216793273317924 0.05891919580033 0.148810475416327 0.0198112664481125
0.0247456295472698 0.0235417847557879 0.15268270561414 -0.115176501332763
0.0158235360639609 0.005103649262182 0.0226001311617628 -0.195984592784875
0.0159183866918245 0.00762642470265863 -0.106349885144319 -0.14817319852583
0.0197613743503952 -0.0122679350650845 -0.137900234610104 -0.059711100974494
0.0218825251246965 -0.0190282909242237 -0.122169168975493 -0.0113433277824444
0.0317914143222562 -0.0110264913603157 -0.120215732452035 0.00937805060514848
0.0370449705622682 0.0134299832273155 -0.136613084679259 0.00157709555855671
0.0319900290275082 0.0281054037201458 -0.143773526521749 -0.032871055974908
0.0125275316316306 0.0704741376677105 -0.126521721459185 -0.106619682031792
-0.0461554111925688 0.0761002214001278 -0.0832293958027023 -0.160903027963302
-0.121841492317266 0.00969200477217971 -0.0613900558944628 -0.137025132513516
-0.149380391624262 -0.0637027304006609 -0.141428049162051 -0.141442549314976
-0.175047064610595 -0.078560665466756 0.00108285780676757 -0.150370311938909
-0.143949728357631 0.00424159847851504 -0.00267205265728582 0.0561293642857841
-0.0857752469939343 0.0919500947875707 0.177063589538654 0.0410565715490341
-0.00965599266394797 0.107364650121537 0.190289727087334 -0.111551184944763
0.0395763585899871 0.0670049992220395 0.0467152442784462 -0.200342101150676
0.0583781061258558 0.0414344398253277 -0.0877857807249638 -0.155558228518172
0.0728777238480786 -0.000716819521113079 -0.122734365236232 -0.0605523161448615
0.0718649873391653 -0.0185001868256186 -0.103017199054121 -0.0111227973283554
0.07794100702965 -0.0085495653111406 -0.099143294095289 0.0166330649138276
0.0719771567243708 0.0373483828345691 -0.116084968997002 0.0192915446762104
0.0515548987691615 0.0679024881028484 -0.134900219539732 0.000975845009818672
-8.04537642658731E-05 0.127345353333784 -0.134145376206946 -0.0701318028991063
-0.0941694102579743 0.109735520365897 -0.101732573105685 -0.132290822196156
-0.178262760450467 -0.00301436488976685 -0.0687956782570054 -0.101318548848972
-0.203625463256609 -0.11468180793803 -0.115305063193075 -0.0797495792221168
-0.194468867754909 -0.140156250661027 0.0612381912585083 -0.0905692010939186
-0.207364695079094 -0.0546029646697614 0.025834953306344 0.0917040781961117
-0.174774678818127 0.0961818328313955 0.195593748929959 0.0802016163556397
-0.0625293878568519 0.174233478696761 0.221583556711157 -0.0818063150790577
0.0479487295115965 0.12937749873025 0.0796265259277487 -0.180180744711959
0.088582561554843 0.0772050711423702 -0.0494872528169922 -0.146380972953524
0.115692321043424 0.0154734440747765 -0.088839748277874 -0.0561251653433221
0.111392384309782 -0.0157764746273446 -0.0697760965100047 -0.00951166203779227
0.113265115523467 -0.00953005748316655 -0.0631406127523656 0.0227355783793537
0.101282334102315 0.0482033275202884 -0.0814656829586141 0.0373074516002209
0.0733288698956152 0.0907292932939757 -0.111226799602406 0.038365885929042
0.00426577331446744 0.167513745218524 -0.132968866339761 -0.0245945433935311
-0.117286669044674 0.141711557262025 -0.115385053211959 -0.0974932960364951
-0.209362353614917 -0.000320480949528952 -0.0641976468030076 -0.0736916801475484
-0.231718470652458 -0.140697105109396 -0.0711282563777265 -0.0174836597701896
-0.179190659928405 -0.178432948113958 0.114055311546959 -0.0058128203336601
-0.226580042210437 -0.113387167365917 0.0521351311169218 0.1381374201601
-0.234338499883066 0.0665381017953231 0.19256599499641 0.12753846864718
-0.11722650059708 0.199275326623985 0.231915213774152 -0.0290139815449917
0.0365521890372843 0.170769291693494 0.109686983691249 -0.133619499549987
0.0991477304139495 0.103619304687237 -0.00151519339527836 -0.118584740708747
0.137800702852308 0.0303460199547124 -0.0419913901290894 -0.0458356692787902
0.134527251996857 -0.0102478971796719 -0.0265282997698819 -0.00669564017193922
0.133512878678035 -0.0101576110337957 -0.0192986324911157 0.0268241330751648
0.117789581250615 0.0494214788931671 -0.0378625133721151 0.0520945440081314
0.0855830186978932 0.0998958344892488 -0.0774730144610618 0.0703630485112677
0.00547633710962703 0.183363624897847 -0.119806693874983 0.0162781180307606
-0.124465008092206 0.149907071449475 -0.118410316975267 -0.0643068949545871
-0.210421586913093 -0.00431385641881336 -0.0509731977892115 -0.0567187601767313
-0.224967253496616 -0.150612403077927 -0.020159757106639 0.0376484373492766
-0.135585960915976 -0.180116861895397 0.151156889096423 0.0845385412606152
-0.195141178514942 -0.149082119574893 0.0699516344136499 0.18175693605933
-0.23696092339867 0.0190759067398343 0.164917161744013 0.166686810217413
-0.148841871104138 0.176383290920888 0.214906277254441 0.0298764975985191
0.014912428689431 0.174857944862186 0.125625443376248 -0.0719855111035876
0.0906344272328455 0.109592052414431 0.0457494101752732 -0.0768929151547723
0.136868879947754 0.0379005390328542 0.00740492728119256 -0.0309617974442778
0.136545604085918 -0.00466572147588668 0.018373757653884 -0.0020058343279246
0.136589398849092 -0.00744141558527385 0.0265858438149839 0.0296937477734877
0.119951430067455 0.0476173555107226 0.00722710259998029 0.0638000800969299
0.0840270170694283 0.100121817806064 -0.0417636869821011 0.0960358375272294
-0.00378066474370382 0.176742249958625 -0.102294777784166 0.0488639854634709
-0.127046279845192 0.131393934186313 -0.113654372674664 -0.0366974181634949
-0.188482396107257 -0.0220092307768803 -0.0349447344147084 -0.045916896834276
-0.182526363181108 -0.148588522217702 0.025005208742348 0.0832275962702312
-0.0701701741785893 -0.14282689568337 0.167523891389131 0.159578120278997
-0.125669684627782 -0.145248572816249 0.0762149037927145 0.210276612948165
-0.187565094016038 -0.0201375692828842 0.12394278578087 0.187800736053348
-0.139909438113855 0.121794211203887 0.178244407948507 0.0779854743714803
-0.00234409092861994 0.142077979075067 0.129649446889795 -0.0123399261441745
0.0679048626505976 0.0925932600140075 0.0846948058343607 -0.03400449152073
0.113069219257088 0.0358204259346915 0.054133445856458 -0.0159473208976126
0.118485161109346 0.00113164141722603 0.0595423900931935 0.00275008669167079
0.120320306474139 -0.00182691082754743 0.0683833699862253 0.0342269267950147
0.107118264795727 0.0447995359230662 0.0468701217395863 0.0758806639179502
0.0701470638349749 0.0933945580827897 -0.012117618069969 0.118908829872659
-0.0206514264718418 0.151519793207866 -0.0880475305909045 0.07376119862712
-0.121772685239527 0.0914458142650296 -0.107229893131621 -0.0157331383915102
-0.146340007373129 -0.0487588370041623 -0.0226661627650529 -0.0373417078868988
-0.11378741261057 -0.13642442628781 0.057034248197735 0.121405658898333
0.00381410605459153 -0.0784060394066612 0.164520143742882 0.204003658576573
-0.0424114798130755 -0.106350753319711 0.0756582243340768 0.212674854021885
-0.105865535642851 -0.0384079490024465 0.0846711669532393 0.191093393000121
-0.0979695054722484 0.0597910638386817 0.143030533078613 0.106865054831118
-0.0098595607386826 0.0870917528099824 0.130296009275399 0.0281571199287377
0.0385589333288199 0.0586102942695708 0.111416845642036 -0.00314333083023041
0.0728502885444073 0.027563829138951 0.0890036727481361 -0.00632561509446305
0.0838503483699306 0.0061943417523355 0.0898673089105005 0.00749085378321736
0.0874427144414286 0.0045690617156958 0.102263470350503 0.0403302298374409
0.0805265250382003 0.0375513624205764 0.0765885399894572 0.0908752568488394
0.0466439288959256 0.0774203196233175 0.00539619163008584 0.142898633186511
-0.0353213194976584 0.111493383862602 -0.0853774986725901 0.0947612441725364
-0.102904173725446 0.0425698396575529 -0.109057621306268 -0.000191349663757375
-0.0884821292833999 -0.0687762586662201 -0.0168002191147453 -0.0309101015358461
-0.0300677699163772 -0.107893775748707 0.0707444793666608 0.149949411581181
-0.0508266432510623 0.0524336089831051 -0.112370095708532 -0.167396323564722
0.0285354491907948 0.056671312597957 -0.0385361683868916 0.0405403069618666
0.0737023056921931 0.00573994561527734 0.127680165025564 0.00801066480353405
0.034079964830767 -0.0559403113443111 0.119584918721383 -0.113606453125476
-0.0169004637335429 -0.0439137783614168 0.00115871998008627 -0.182193794765712
-0.028036655115928 -0.014817643750366 -0.115624159620543 -0.127747823251184
-0.0369563798602195 -0.0122173178971035 -0.139967571252124 -0.0478042377875002
-0.0327477768579958 -0.0140636603772663 -0.126659026133072 -0.00209235427740827
-0.0207230986951316 -0.0182122253251934 -0.125367237697582 0.014225054935853
0.000175960106636372 -0.0246324792618777 -0.144855805575114 0.00354658188121613
0.0203224111926964 -0.0269412412738935 -0.152940286574231 -0.0415587320732691
0.0517880685751131 0.00717657808997904 -0.13564172148287 -0.122284139941982
0.029205785574057 0.055880802896982 -0.0873244382262166 -0.181330161896998
-0.0494800392932543 0.0556405625032774 -0.0557317876052334 -0.176966373249322
-0.0817177815866157 0.0181336567861056 -0.164154213947371 -0.181464883423797
-0.127470602657328 -0.00165368700057577 -0.0683906854597616 -0.17698063102491
-0.057625386940225 0.048476491892521 -0.0239093294195247 0.0410522295865634
0.00813053240078409 0.0606481796116748 0.152715844051598 0.00977579130390249
0.0269828533904731 0.02271388690908 0.14812632763902 -0.129262006104679
0.0171430693027061 0.00344026900961206 0.00960937508402793 -0.202520145992139
0.0174493540980204 0.00727789151372403 -0.118159976472334 -0.143440251614347
0.0192638735138145 -0.01330124761463 -0.143603083582198 -0.0517255214803122
0.0204944870427828 -0.0204365821099877 -0.124703688857516 -0.00348569008473075
0.0314574576459848 -0.0137859413413125 -0.121280403851654 0.0186754673592802
0.0392846800184718 0.0111946236480435 -0.138939537705472 0.0113253384798291
0.0338903157302749 0.0260145341280063 -0.149776060181264 -0.0232952454737307
0.0181358982335931 0.0700566938066586 -0.138351250931481 -0.100093336890973
-0.042496997593367 0.0800526890481095 -0.0961364452063803 -0.15942159413741
-0.124218128344653 0.0184524614028932 -0.0687970119346192 -0.138410332883656
-0.156499893064395 -0.0531227448828697 -0.15294088595783 -0.136162268409091
-0.18359489709327 -0.067170706293162 -0.00972135464320715 -0.154028825987515
-0.14652861500173 0.0138690467760911 0.000479816744537457 0.0578650163077175
-0.0793574013862362 0.100378074104784 0.183568040711636 0.0288932123963922
-0.00147771338346558 0.110471393656606 0.186412652802184 -0.127566982994303
0.0456887802469824 0.0656596071077673 0.0347580255491707 -0.208894185756411
0.0626238552353262 0.0384943525853132 -0.100115026886924 -0.151621457251534
0.0739264744792676 -0.00513355117354595 -0.127626099228339 -0.053700089194444
0.0707342245934972 -0.0247811478602433 -0.105313364177526 -0.00438908499428357
0.0783754795215777 -0.0142834038948245 -0.0990608666949686 0.0236150659382117
0.0766506825481825 0.0332697947006569 -0.11663274972865 0.0289960936507344
0.0568406248411023 0.0654717058504188 -0.137718190072132 0.0115022082581013
0.01021474335621 0.129722270868147 -0.144152773802851 -0.0615247139390375
-0.0889531850111752 0.118413548639318 -0.113500215036751 -0.128363548766779
-0.182371319524423 0.0090277302732595 -0.0752832426912213 -0.100993474156066
-0.215771494735494 -0.101933182565111 -0.122137914013393 -0.0753773583170883
-0.207311429378094 -0.129082571895435 0.0551903515765181 -0.0976051810960135
-0.2156956375104 -0.0409305723590667 0.0310322086437494 0.0920163172504127
-0.170475777758692 0.111458232248504 0.204385794765054 0.0672700381148942
-0.0501728927161464 0.182319170191472 0.22130089532287 -0.098978621909034
0.0583574354117 0.12879526387279 0.0690308518261148 -0.19055057323594
0.0959008593679083 0.0727165316346059 -0.0608759190646641 -0.145496254415098
0.117696156423938 0.00701688219727392 -0.0935604846221667 -0.0520682831729387
0.110823808329126 -0.0247040187215188 -0.0712577385640544 -0.00521371016049229
0.114088874260205 -0.0179140574685594 -0.062062783132294 0.0269950727989601
0.106186420413273 0.0418414468363435 -0.0806698187530969 0.0447552539736261
0.0804429386850079 0.087523136660662 -0.111842619907999 0.0478722210561141
0.0174335852312505 0.169571235955995 -0.140249627959063 -0.0152401763716225
-0.109120625744004 0.15258650427958 -0.125525446675249 -0.0918724941631465
-0.213566359063225 0.0140017345433723 -0.0697287864971644 -0.0731592092232651
-0.245901956669694 -0.126040676112823 -0.0726128126785654 -0.0144054407758577
-0.195443332813612 -0.168781748041379 0.115078246365073 -0.0148077582952028
-0.23945109107162 -0.100366135881342 0.0607779299847278 0.136766839733831
-0.233200893134747 0.0853511522282652 0.20436978506366 0.115936751954846
-0.105281163708287 0.211678153249362 0.234418283674981 -0.0453015632924856
0.0493723096298063 0.172048807484701 0.102197725190438 -0.144437447445299
0.108245139813418 0.0990397200652327 -0.0098954644249284 -0.11959992264133
0.14188522158048 0.020825877479971 -0.0452560024803344 -0.0435543989793848
0.134261026072451 -0.0208745696177098 -0.0277542737790629 -0.00482985828902501
0.134851025359034 -0.0205942062807829 -0.0175875139598912 0.0285656877444977
0.123421236530028 0.0420530832806428 -0.0351388851736659 0.0566846073988345
0.094380849465931 0.0961495977741174 -0.0742906570946549 0.078629503025401
0.0200456962334294 0.185603276696398 -0.123600541377618 0.0262327315761172
-0.116354550471227 0.161954974542644 -0.126959149691611 -0.057826100039706
-0.215397653358664 0.00993242653111198 -0.055621308590317 -0.0556863088487664
-0.239317758450302 -0.136081778739555 -0.016296940715649 0.0384596002308052
-0.150553859105043 -0.173306702121407 0.159399765212701 0.0760050606886845
-0.209674450368412 -0.139135143902645 0.0817116006003968 0.180233570337075
-0.240442544160334 0.037311330934887 0.17853419199094 0.158911077294501
-0.138491476338974 0.190765761155435 0.219657970856748 0.0161829084324224
0.0281417430759329 0.177235818612247 0.123524213221315 -0.0816457133295542
0.0998521554015726 0.105163926868152 0.0408709304278673 -0.0801904524034535
0.141049746451176 0.0285387845041236 0.00656659905895157 -0.032957604477581
0.137508574034341 -0.0147946385241439 0.0181984350672627 -0.0034445432234394
0.136868812281443 -0.0185166522670308 0.0286803737205256 0.0293125711575825
0.125292144305625 0.0401483362275001 0.0113199189272008 0.0653301868632883
0.092979296796104 0.0961479986400551 -0.0362519757008261 0.102097934284462
0.00998761701850252 0.180068716572658 -0.102489558044563 0.0581974196819151
-0.118903409252336 0.143175519920727 -0.120096037090322 -0.0296244744538048
-0.193181791579961 -0.0100282229253321 -0.039744945701318 -0.0454792622782047
-0.195936556734143 -0.138352826425773 0.0330611053527884 0.082113906279971
-0.0823104445449144 -0.139924999063308 0.180932111149294 0.153055877307554
-0.138882063683824 -0.138934448307579 0.0896205208316761 0.208285564376367
-0.191595763440058 -0.00663164357641252 0.137610878594998 0.183923277537633
-0.133766126477417 0.134932647403903 0.186204384244251 0.0678508938867251
0.00761794506081711 0.145503187485842 0.132400376158778 -0.0214593541652443
0.0754968749920659 0.0897604771750356 0.0832112697719411 -0.039848904604846
0.116974730725095 0.0290742282718547 0.0546124675412737 -0.02032538510854
0.119722765338341 -0.00804313243138778 0.0609686684706347 -0.000497263796631637
0.121269897516824 -0.0114812132462914 0.0712995983383386 0.0300302956245864
0.111896873332158 0.0372639212525662 0.0520609330711943 0.0747830088903491
0.0777033164682434 0.0900579744023752 -0.00452506160329471 0.122663775017173
-0.0090337950277708 0.15592536644327 -0.086288040764517 0.082234957315042
-0.116885073776848 0.101998801177295 -0.113027569433834 -0.00836033677086754
-0.15195442938494 -0.0394420923385094 -0.026822264845044 -0.0373589341572179
-0.125188278035712 -0.129926752313232 0.0679312214340849 0.119018742717632
-0.00207602971498436 -0.0788021986607511 0.181049709727761 0.198269889174596
-0.0512556708415201 -0.104536744220862 0.0893962895403942 0.212213733208541
-0.11052227426577 -0.0310067484702525 0.0982292966753281 0.189779347062799
-0.0959558328192047 0.0679178349514898 0.152081697890851 0.100466083412758
-0.00439865897584371 0.0895254339193421 0.135553868116212 0.0205923897417924
0.0426493934221226 0.0570497249511167 0.113244014227057 -0.0107526031820277
0.0750833597685122 0.0224250276774336 0.0907830755693051 -0.0126771987270304
0.0847974126791219 -0.000823985061985646 0.0925541783298634 0.00222080983270102
0.0882109703762099 -0.00250083341606187 0.105757075364717 0.0340646667408351
0.0840548970266582 0.0319965091909498 0.0834290348418179 0.0880769645235159
0.0532377269768558 0.0753623191520341 0.0153075350711851 0.144970280256199
-0.0267631431883295 0.115295691320094 -0.0825520062619028 0.103297019402062
-0.101765085623635 0.0498220951043498 -0.112862965158522 0.00765560553971648
-0.0948294831317184 -0.0639057220551154 -0.0199737950731451 -0.031277063781145
-0.0388641155993738 -0.106603871761385 0.0834740154029145 0.147287128052616
-0.0464205627215801 0.0557239360900731 -0.121082913844085 -0.158299174158089
0.0307287612483794 0.0549723532205732 -0.0355410051236538 0.0432315328758814
0.0727122822842038 0.000924431280375794 0.125295962932944 0.000105962419683575
0.0300598389690468 -0.0574751207013781 0.111983005122527 -0.118434837858413
-0.0197667697503457 -0.0416352937842776 -0.00897431486729444 -0.179700689756539
-0.0279948422373364 -0.0123578828363869 -0.120225576613015 -0.118387786798479
-0.0364660950202325 -0.00891245402501787 -0.139448556837967 -0.0385845149355565
-0.0330304887291537 -0.0113188916027722 -0.123760903338775 0.00541372869191282
-0.0207868603339171 -0.016246976411322 -0.122197024665734 0.0217612567013276
-0.0013677693749296 -0.0233655208347796 -0.141155410010938 0.0123783436550068
0.0180951073166077 -0.0270272105300568 -0.15273518868553 -0.0303552012800549
0.0506324522706685 0.00318296257781979 -0.140931532788762 -0.110990779601735
0.0313220364826973 0.0522094579022124 -0.0957318073831383 -0.17345504925937
-0.0463812213618478 0.058529005668658 -0.0621421352720105 -0.173020387083533
-0.0788905592651133 0.0233417435928125 -0.17119426272166 -0.170054387746384
-0.12515945961031 0.00658848948221951 -0.0782869377512448 -0.169569525159091
-0.0535370959518816 0.0515665441824686 -0.0220001519457921 0.0425225421740063
0.0123080822827732 0.0581262868151524 0.150287580277932 0.000113654213851747
0.0281546816212618 0.0204520412583406 0.138351704307288 -0.1358755979757
0.0169881576923228 0.00257186611642871 -0.00198263675094441 -0.199174093983379
0.018410205528285 0.00578356547121972 -0.12401720321677 -0.13282327559745
0.0179734138619646 -0.0130669637254446 -0.143795572941985 -0.0415835990644345
0.0180033304467228 -0.0213479007455404 -0.121961946380229 0.00389436451341322
0.0301425294568442 -0.0156901015250855 -0.117251354872047 0.0249000558126453
0.0395994945365942 0.00852304283276355 -0.134237154874246 0.020474320261808
0.0348411534767045 0.0235911484897315 -0.148117153811329 -0.0134064100029734
0.02249153797269 0.0674860819484284 -0.14278851458763 -0.0900750507315603
-0.0367941027021837 0.0806419997509895 -0.103314667869387 -0.151039054184237
-0.121332061923475 0.0261342942351376 -0.0735801453236062 -0.133712920144011
-0.156183892441571 -0.0421698125099802 -0.15710268380889 -0.126720737227313
-0.183878420242789 -0.0533912939238816 -0.0190152928809686 -0.152287750692926
-0.142717321599183 0.0229967500864608 0.0027986750924386 0.0571238764025884
-0.070981282703926 0.103199654029111 0.180594409814854 0.0182338886156253
0.0063182222263937 0.108213902609328 0.175724174409137 -0.136066274216803
0.0492144210929538 0.0613835554813531 0.0212824441344273 -0.207218460201698
0.064687886371326 0.0328849804371631 -0.107241214609044 -0.142783013399593
0.0716604668635396 -0.00979362208581968 -0.128126874600292 -0.0454447926869598
0.0666717722889005 -0.028516521317089 -0.103134329823019 0.00252268794426875
0.074946471168017 -0.0193538965143656 -0.0950093865357729 0.0289224766435598
0.0772998543291384 0.028048335391187 -0.112154160417839 0.035760580479499
0.0599545255714804 0.0608232530951764 -0.134833577719116 0.0195844430688907
0.0183430717143927 0.125357729397863 -0.147063697244278 -0.0510821595970686
-0.0795954951632237 0.121134659120783 -0.119474104313382 -0.119882578578401
-0.178749147915208 0.020049268596392 -0.0781491036438098 -0.0972614217529315
-0.217219647447689 -0.0849517466218776 -0.123014744527349 -0.0690584820258999
-0.211255883294131 -0.112804859668656 0.0482493345909824 -0.100394144720657
-0.213906975606407 -0.0272556644125961 0.0349563608459658 0.0883498576121467
-0.159322633540082 0.119764746487215 0.203924573937875 0.0544896644336718
-0.0376007663938879 0.182823666256336 0.21139067558191 -0.110755528815015
0.0651451792019014 0.122803616634017 0.0567417415114813 -0.191436523588563
0.0991443729044207 0.0653255506491555 -0.0686260131186832 -0.138411482447528
0.115553479214346 0.000286812764480149 -0.0941001668382395 -0.0458619233048424
0.105501861995995 -0.0317376565054955 -0.0702454592358559 -0.000598466015488017
0.109505814794829 -0.025338697802833 -0.0586883569425849 0.0303805742883476
0.107551367982144 0.034147819521196 -0.0759091209904414 0.0496078469056687
0.0842854364208323 0.0809116343096998 -0.106690663892698 0.054704134132956
0.0280568367584171 0.164546236897318 -0.140735038744443 -0.00566402973322524
-0.0977528236751674 0.155703619813277 -0.129856736669219 -0.0826746397499156
-0.208844214588648 0.0260983935458212 -0.0721066141616917 -0.0699529340188649
-0.247814409426479 -0.107455824030169 -0.0707797535581224 -0.0124403222743559
-0.201907897295327 -0.153750796110319 0.111887300022738 -0.0224864330114543
-0.241313764001943 -0.0841658247526342 0.0663272923426454 0.130396696615882
-0.22219836546962 0.0984777583235724 0.205997363038273 0.101841654550591
-0.089521370683802 0.215268996069753 0.227505636209344 -0.0580688899191055
0.0599989214751212 0.165579336839831 0.0919361073559037 -0.14812989528604
0.112696525414961 0.0898958284662585 -0.0173339684257648 -0.116514405982681
0.139687656722206 0.01160874670372 -0.0466577884091152 -0.041226258783936
0.12855176074263 -0.0301217205483532 -0.0276635252282052 -0.00286526853368232
0.128896991239666 -0.0291860481386265 -0.0156313907258644 0.0292415430389359
0.123894190170161 0.0337364666387263 -0.0307263693990572 0.0582267805450637
0.0979742197667759 0.0886092405514016 -0.0691451542125569 0.0820885577538117
0.0319847193939633 0.1795346941147 -0.122119870165666 0.0347887556101342
-0.103578215670685 0.165331221332757 -0.130287299960961 -0.0485044486726652
-0.210293257580678 0.0218554065529827 -0.0583201181601536 -0.0534559290513392
-0.242233790428224 -0.117131422969363 -0.0123011597378724 0.0365052245255323
-0.157980016893879 -0.160658718614934 0.159329125180834 0.0648510032565034
-0.214194366515077 -0.123669043273945 0.0884116198637489 0.171276417910411
-0.232510946089344 0.0522867323769577 0.18387145165113 0.145460730742339
-0.123217115380959 0.195842531723348 0.217725550448549 0.00311066499803926
0.0386267196472961 0.172491658891396 0.116494627409561 -0.0879841556209072
0.104855067354056 0.0976887565307789 0.0353184146574929 -0.0808938798092986
0.138739081446108 0.0192740954370486 0.00538511045573894 -0.0331353937957076
0.131929345398693 -0.0246395391100986 0.0184309044804983 -0.00397205764930428
0.131327027133497 -0.0273798870174241 0.0302747424654248 0.027021453411661
0.125656766950172 0.0317037965087287 0.0146427709990714 0.0636798192186585
0.0968245256562688 0.0885911495761737 -0.0300963221206817 0.103188732457558
0.0214878746310393 0.174849704796646 -0.0995895548632539 0.0648067922698634
-0.10756018882422 0.146571434705332 -0.121512117132732 -0.0215798928277957
-0.189824814062683 0.00152803289429278 -0.0421466638611422 -0.0436308570761055
-0.199928587553258 -0.121529540459979 0.038656757964456 0.0766292264221881
-0.0893254749980095 -0.132200693720846 0.185505383314317 0.140074678562839
-0.143973716302311 -0.127593672600041 0.0985850883924196 0.198091587634785
-0.188093887599562 0.00643744151241885 0.145492207313689 0.17343666497941
-0.122885792142805 0.141182731879598 0.186686706118018 0.0565749528165065
0.0167264436965554 0.1425669863867 0.128418118290281 -0.028576142262492
0.0793143531610212 0.0838272781182991 0.0794742645594831 -0.0437116267097592
0.115529656368335 0.0208414565831363 0.0525365225849683 -0.0235398603788122
0.115539916847258 -0.0168247258273249 0.0597392735387168 -0.00356719859129812
0.11722469661001 -0.0195553255701631 0.071434890272364 0.0255883870792467
0.111156669460619 0.0292514815274491 0.0546562119798935 0.0710014805381104
0.0814336338504306 0.0833307433235749 0.00285547709852585 0.121442507462013
0.001838559141845 0.152789447462641 -0.0818286771782545 0.0867389342679601
-0.107344496119589 0.106471672653648 -0.113337078671791 -0.000950326467979417
-0.151335115056111 -0.0301213488025982 -0.0288429531909216 -0.0365144431120319
-0.13021520955288 -0.118853116389184 0.0749761660185925 0.111105209181369
-0.00668022256179216 -0.0769786810379847 0.188473835480455 0.184876839260881
-0.056725402812681 -0.0990055324535225 0.0979869888585662 0.202162411873697
-0.109144827576217 -0.0226046021979104 0.106464371880198 0.181831407596571
-0.0901612481107505 0.073822713951966 0.155202953295675 0.0913381243207548
0.00124892787508655 0.0886369331992181 0.13433889784201 0.0117188273795278
0.0457173247455433 0.0539390478267774 0.11099274573618 -0.0180318861699303
0.0743811783384605 0.0177328748439819 0.0884261552166377 -0.0180602909025104
0.0828309513124258 -0.00718915807773854 0.0911943452814732 -0.00289026815449982
0.0860713547284119 -0.00860129288271468 0.104903690178867 0.0266470475315978
0.0840782558490021 0.0251981017808661 0.0859242585523709 0.0818924583256589
0.0563182673124793 0.070619563508855 0.0235608777669893 0.14139147678903
-0.0182995976456491 0.114792969110016 -0.0767629181823361 0.107083011175437
-0.0960070010521563 0.0546998904995099 -0.112077561498372 0.0143599113118607
-0.0966911910023348 -0.0574664067996708 -0.0225377688813007 -0.0300700508749982
-0.0442929005405687 -0.101075521484172 0.0920848770039082 0.138648448125923
-0.039575015210803 0.059103931980818 -0.145148333701382 -0.126773084764922
0.0371357599993307 0.0486581784929426 -0.0266624284946637 0.0515593659442059
0.069030640709132 -0.0117092805491159 0.125352381604861 -0.0187252275349569
0.0174827725670408 -0.0604451578362972 0.0947445073010545 -0.135564884382025
-0.0277300402664008 -0.0365595647543066 -0.0383778831078722 -0.175734170310492
-0.0286518793901876 -0.00671192163257503 -0.134639433368206 -0.0965396168082919
-0.0353262129798224 -0.00179112116238592 -0.142880604383044 -0.0179825787798165
-0.0329370210995844 -0.0051599327567296 -0.11800898638286 0.0234994509760423
-0.0220268000166129 -0.0112533957614855 -0.113569524112269 0.0402024604066739
-0.00547190838786781 -0.021506153469673 -0.132865105889855 0.0365431300461953
0.0124505633984119 -0.026819261959396 -0.151784943111999 -0.0035827544475103
0.0466664999079065 -0.00527378914563151 -0.153034622596713 -0.0825305455947686
0.0345993961853043 0.0434756438855433 -0.119745145720328 -0.150089183603492
-0.0368141189375754 0.0594423374628201 -0.0861301064252812 -0.1578635999507
-0.0757378428809525 0.0311379049623345 -0.186720637628186 -0.139718626537224
-0.119058027970239 0.0216581362637991 -0.11036704178803 -0.149211836418022
-0.0428663469690281 0.0566902087483013 -0.0173350578621423 0.0472018084154469
0.021001827779132 0.049287371923928 0.143905174151442 -0.0192039991577797
0.0276077596450984 0.011282266543785 0.113768440335072 -0.151398950489205
0.0116899294246815 -0.000523511648900678 -0.0324642417645741 -0.192269254264448
0.0167847842382584 0.00462178016183302 -0.139209848903481 -0.108761787368925
0.0152838290368886 -0.0134396257766174 -0.145269644996176 -0.0200093683516398
0.0135456975071539 -0.0211558773739899 -0.116054451114458 0.0223683636669792
0.0263515322479949 -0.0174728216292731 -0.109154142728352 0.0437123632689377
0.038126905902977 0.0035831290307903 -0.126647296206789 0.0440350168763256
0.0342424209507231 0.0189719143917599 -0.145285422680625 0.0121685708998174
0.0288667768356312 0.0598247130411398 -0.152764778479209 -0.0627015192033125
-0.0267874230612594 0.0783666233851747 -0.125386169423856 -0.127830062332436
-0.112206667550417 0.0391754025762606 -0.0895839178096635 -0.120129187087665
-0.157519675687981 -0.0220023077507594 -0.166639602187625 -0.101300497269131
-0.181368690569263 -0.029267157671238 -0.0538308555249645 -0.144913901970724
-0.130255456693339 0.0415532862518226 0.00554042993638718 0.0557803336669561
-0.0498401882852331 0.102416690543659 0.169121725643545 -0.00562125382106394
0.0204406489977188 0.0946473127833323 0.144934724244604 -0.152516321079555
0.0503116523394733 0.0493723628283951 -0.0100087377624347 -0.198960350404724
0.0639914930421377 0.0247414120994073 -0.121655214718757 -0.118842494406494
0.0660328039498273 -0.0175450793486415 -0.127213100113395 -0.0243235991322053
0.0582459739691306 -0.0342256510556103 -0.0979755001252798 0.0174981828556475
0.06843638666037 -0.027932075028389 -0.0873787803828338 0.044243030497946
0.0778430005317736 0.0166553937802143 -0.103275874608086 0.0556652085658661
0.0626230399357652 0.0515078634292948 -0.126897711781995 0.0420459385401275
0.0335641370326631 0.116419533794507 -0.151382802335222 -0.0261712030707486
-0.0619453072202095 0.12227776735669 -0.136763925639963 -0.0950321685294081
-0.167557666590228 0.0420092243551579 -0.0877806342481018 -0.0858815914667753
-0.219882681920816 -0.0544893248358261 -0.125056908868667 -0.0521421332068796
-0.212828271807249 -0.0819806108164395 0.0177878118541948 -0.110341678042498
-0.202709442293956 0.00364799656194673 0.0385866652938951 0.0778636903672294
-0.128529431478092 0.130403787555646 0.19046553336813 0.024677979849601
-0.00745188388893378 0.170246789905938 0.176710474632271 -0.130171823540466
0.0742094544550401 0.103512909197125 0.026417104726432 -0.185407511251044
0.101199504208757 0.0495940865971593 -0.0832494819992155 -0.119533518542476
0.107891692504143 -0.0148354514662093 -0.0925052044841158 -0.0288536756776304
0.0943238669031478 -0.0422463403968166 -0.0661374233703569 0.010161808005192
0.0996378551794348 -0.0387696648305528 -0.0529669479986601 0.0409379662537004
0.106992770725645 0.0185240107474529 -0.0658915832645435 0.063291555592954
0.0885273562733164 0.0680616862171464 -0.0943321129624217 0.0702864936581238
0.0479064258715864 0.152533552110394 -0.139368199237152 0.0163409962188433
-0.0745784394075655 0.157699714899282 -0.142749232299996 -0.058222245254183
-0.19481861471693 0.0519329118615393 -0.0775087633424088 -0.0613152913721184
-0.251682816643749 -0.0709533505124224 -0.0664403737014655 -0.00567466372142193
-0.207144855336091 -0.121329721506748 0.0919810727449464 -0.0489445551334718
-0.235414342218729 -0.0464110647819596 0.0737770503702231 0.110313302317066
-0.188942216887511 0.119205199898583 0.196152636390516 0.0678947111677522
-0.0494729066522519 0.208018243084407 0.196869806506652 -0.0824456918626419
0.0753996475456957 0.144451781272051 0.0673909738338151 -0.146219926532581
0.118153324256941 0.0710319348225361 -0.0296328847106811 -0.104906518068088
0.132395808109342 -0.0079999077737562 -0.0447964824758521 -0.0304242055884554
0.116097820200986 -0.0442015429332711 -0.0254014886076118 0.00219244040128003
0.117551409701154 -0.0453486004615283 -0.0114215980249758 0.0331918788323938
0.123307189718326 0.015977853334156 -0.0220726153143304 0.0652663400252682
0.103024989471812 0.0740995294907183 -0.053503497936873 0.0909647185833316
0.053447090182892 0.168229159163725 -0.114483072420954 0.0513481971086113
-0.0786208511426147 0.167221426930463 -0.136769791830932 -0.0249287615520954
-0.196846780584242 0.0488821241650617 -0.0621988323340931 -0.0470612815867532
-0.246555048750657 -0.080668475023401 -0.00396323064938195 0.0327616806835055
-0.165081410979304 -0.132759886104826 0.154959875221946 0.0262039673389505
-0.214063731808764 -0.0863421271341809 0.104228130603361 0.143494584783586
-0.204164991612728 0.0780886193908051 0.182289535694298 0.110073531516044
-0.0837805458129095 0.196848400863118 0.194468591461516 -0.0229724464274295
0.0593236253335638 0.153276382327538 0.0991656752874363 -0.0910880376444481
0.111704655486125 0.0783734721674633 0.0260420365680611 -0.0786255758569401
0.133041217730463 -0.00133730097460066 0.00632626570122388 -0.0288057342179207
0.120678073584599 -0.0398951356074658 0.01816440713064 -0.00571496412159081
0.12075595382974 -0.0440728219731537 0.0314799057058783 0.0240580057235667
0.124465487677232 0.0133478092706264 0.0229471136552735 0.0627042210824513
0.102495514310719 0.0744528867254352 -0.0121607142086285 0.104325535991409
0.043146528930363 0.165151213740204 -0.0873607116606028 0.0760288501383495
-0.0843427190982783 0.150217483204623 -0.124629521028774 0.000118440079831443
-0.179857236638798 0.025679236908407 -0.0456561211742806 -0.0393752060240923
-0.205148197873312 -0.0904618560558555 0.0504621022868265 0.0639988801812295
-0.0950259910578235 -0.113130050674877 0.195934793579668 0.095600860143538
-0.1488009376679 -0.100105340150936 0.120128317261448 0.16881466327322
-0.168579805555517 0.030121770156182 0.153556476044313 0.140753332288589
-0.0907715655959642 0.147044227412302 0.176296700832082 0.0296546444873419
0.035555278945631 0.12819980657784 0.119209504865414 -0.0387295643032645
0.0862236518147754 0.0685513306060071 0.0743423420917318 -0.0504034815938137
0.111301062682382 0.00393246844999416 0.0530487511389308 -0.0276416330258917
0.106808478917652 -0.0311356620429775 0.0581114833082302 -0.0112760608646205
0.108244525271003 -0.0352125210958856 0.0717247634225457 0.0157945355608209
0.110734685560218 0.0127584468956691 0.063019534585063 0.0625706833480075
0.0875952060536862 0.0711533933212676 0.0216506449297277 0.116666505711199
0.0216994239159507 0.146491328824353 -0.0663966575679914 0.0952044403050293
-0.089708623146068 0.112405627239592 -0.11267558364499 0.0179973936640439
-0.147598091069712 -0.00909285696447714 -0.0319117910659216 -0.0321531323251519
-0.137747426803425 -0.0955369188486654 0.0901097289804845 0.0922359341342187
-0.010334773282083 -0.0704856217629706 0.210135926338429 0.142195472518677
-0.0622461133173239 -0.084550914186401 0.124282740750627 0.174429225697903
-0.100283881609469 -0.00642624023229154 0.123787029920674 0.154893595486725
-0.0694248554998002 0.0807224565009279 0.155605702683471 0.064846750495799
0.0141092495515746 0.080289196458886 0.131464576043194 -0.00395825337216666
0.0499495707641402 0.0441589134297956 0.107004134698228 -0.0317815265065528
0.0726179860877403 0.00516736492535334 0.0871689607724775 -0.0278596870629379
0.0766772564266687 -0.0181261695765481 0.0885383509590708 -0.015744791647908
0.0804358498119793 -0.0206221073200048 0.104950908778193 0.0111652311178035
0.0841456135218202 0.0122061275944654 0.0945527827203372 0.0670355622627857
0.0627186966607689 0.0613961923990241 0.0453845436240325 0.132432300402872
-0.0033105543322279 0.112771605711357 -0.0574789588202898 0.113242505886244
-0.0843295378233119 0.0626049987685418 -0.108252905132576 0.0316379663004134
-0.0997752105198713 -0.0420403770097598 -0.0246670989301805 -0.0263544730282734
-0.0524258483711186 -0.0896336515971834 0.109965240474024 0.116715334297215
-0.0389580765477806 0.0589390002437881 -0.140779592706124 -0.126629686065868
0.0353037498449511 0.049049549589254 -0.0273859208155369 0.052116659376108
0.067541793471231 -0.0110602459756223 0.123366854157476 -0.0160149043768014
0.0179007396794639 -0.0593423119203345 0.0948021065981039 -0.131778673484248
-0.0269191613434284 -0.0355002903610734 -0.0346076118282811 -0.172528788654779
-0.0278870088520505 -0.00718075254877181 -0.1292425518568 -0.0964334500639808
-0.0344080864678664 -0.00175285893297379 -0.139316443017923 -0.0186506769856773
-0.0317890025754941 -0.00473231534096685 -0.115313814126301 0.0207659223685871
-0.0215909404082536 -0.0109079602762591 -0.111291306628175 0.0374119334836814
-0.00508181309039604 -0.020328392709428 -0.129844014127521 0.0338241200094101
0.0118403628275635 -0.0262923578394186 -0.147912959247683 -0.00581709828646743
0.0452896527319681 -0.00484112503933424 -0.147597790761016 -0.0833452486172265
0.0319258900718901 0.043228346145828 -0.113243646799582 -0.148624989657513
-0.036996571397766 0.0579352168572182 -0.0802752476822208 -0.158613402095584
-0.0738026278930431 0.0290059087563817 -0.180020525796599 -0.141695905881643
-0.116125868062971 0.0209242188890956 -0.107354630244753 -0.147973571712805
-0.0426495030739069 0.0552956154957401 -0.0180373145996469 0.0465698396606615
0.0197769896165408 0.0481807029003059 0.1411835675085 -0.0161781952222144
0.0269187924080137 0.011270544990075 0.114469954758679 -0.146667149847804
0.0115994049965752 -0.000202759733968849 -0.0287757886117167 -0.18971125789836
0.0169017394120109 0.00460369671508399 -0.132797590399479 -0.108065936680759
0.0154947225961719 -0.0126109142271866 -0.140547563788842 -0.0213099075884
0.0126657303533822 -0.019988731758235 -0.113985090572976 0.0193302709812667
0.0251470967678082 -0.016678043284087 -0.106458999496992 0.0408209881713856
0.0374887962533045 0.00454797797022243 -0.123843408999099 0.0408873791093624
0.0324651877141896 0.0197796696111743 -0.14244101813574 0.0102108677088569
0.0271213007493695 0.0582124114334722 -0.148247027740113 -0.0641903239747181
-0.0276563155957523 0.0762614211637911 -0.12011275333126 -0.127709447342621
-0.110623080397254 0.0369097215567661 -0.0846241929466289 -0.12132697741256
-0.152762093079735 -0.0231133948846835 -0.161337874038073 -0.104130884916273
-0.175915310468514 -0.0301183038498332 -0.0517197030503741 -0.143677431170979
-0.12769646875757 0.038568456793508 0.00303198026945919 0.0556571798922653
-0.0491258772761801 0.0994947671922898 0.165240510071048 -0.00246814113925882
0.0195235471639633 0.0930288588247343 0.144850320902474 -0.148000018112522
0.0484539819533981 0.0498882044430488 -0.00642024168154737 -0.19599612351982
0.0628499831499674 0.0251697572248091 -0.116928203514123 -0.117676912262085
0.0648541399319333 -0.0158338202065098 -0.123749631858807 -0.025821195103169
0.0558436257322436 -0.0323624006184548 -0.0957006829704874 0.0157205729534072
0.0662835378706444 -0.0259847184986893 -0.0854151375009997 0.0417873499761617
0.0756305126906257 0.0173603342096392 -0.100962554793433 0.0532873651352574
0.059947955455324 0.0509424759085204 -0.124651482032265 0.0389581040498948
0.0317034944545999 0.113450042820813 -0.14859891048281 -0.0268437182039212
-0.0623500971601707 0.118686288594241 -0.13334948199868 -0.0960903675778585
-0.164587470555259 0.0385600425284618 -0.0834605147800925 -0.0875146910575372
-0.213248785426022 -0.0556068554779507 -0.120204877476268 -0.0552355310488492
-0.206227553695378 -0.082285768726939 0.0179876638927238 -0.108535393025944
-0.199031131182247 0.000748874429850345 0.0340463170944198 0.0774469588281092
-0.126321766294973 0.125325570096329 0.185226684982793 0.0282683736586292
-0.00927470165092339 0.16670472489814 0.175443235824295 -0.124845247398118
0.0720820396069169 0.102621145526267 0.029155954176849 -0.181569879221799
0.0986856642161137 0.0498523156853647 -0.078996698930928 -0.116993790623595
0.105613794526416 -0.0131211416754135 -0.0887793115429717 -0.0301996521661248
0.090929521144661 -0.0402908171202096 -0.0647209681836046 0.00878767203897078
0.0963526289177408 -0.0362353138710617 -0.0520975903540075 0.0388452753385309
0.10476528166314 0.0199443234247484 -0.0647829191183855 0.0617596342512072
0.0855865669738277 0.067290884722444 -0.0933589238715343 0.0687295502544773
0.0451769337676936 0.149222933267965 -0.136518287116038 0.0152240233020989
-0.0739593437500038 0.152384729004192 -0.139481475676434 -0.0595780276467288
-0.191651834683276 0.0474837936478043 -0.0753196240124583 -0.0630825013541483
-0.243858110670824 -0.0723520880979497 -0.0647494670243763 -0.00912083777932833
-0.200328790014497 -0.121097148340973 0.0897082578041774 -0.0457236543709027
-0.229936309757269 -0.0493291344757365 0.0685943587852034 0.108914696545595
-0.185352794363554 0.114097789082482 0.190402279284089 0.0707949027181892
-0.0509442753715245 0.203587094463943 0.194652119271809 -0.0768394657432348
0.0725501066497447 0.142432618128684 0.0679810694403124 -0.142158481369649
0.114940618307808 0.071662895574026 -0.0265554834626225 -0.102250348468494
0.129066184875276 -0.0062883723973385 -0.0421221112386483 -0.0301488898751342
0.112847168947116 -0.0414958107648932 -0.0245649422976736 0.00105499839985152
0.114457913421244 -0.0419250513143663 -0.0114850124285935 0.031587729062542
0.119745572961993 0.0172836081689576 -0.0215605775272544 0.0631906980586174
0.0997294495188459 0.0739121884328761 -0.0536605079245109 0.0891580546178006
0.0505911772821897 0.164043402284169 -0.112239202043261 0.0507301557504005
-0.0789437459039188 0.162369747587624 -0.135167543226489 -0.0257705435232722
-0.19307764468511 0.0436867373062538 -0.0604647837409337 -0.049019640838832
-0.237565602664528 -0.0816503626793528 -0.00360880034759989 0.0289471776057763
-0.159829034693606 -0.130912441902275 0.149843601861594 0.0284486825697954
-0.20839681482249 -0.0880439484526413 0.0967865818796744 0.142653297580789
-0.199693399419492 0.0732011644779731 0.175156779636565 0.112173544273104
-0.0832953660702666 0.192064279824904 0.190827101328831 -0.019289587064171
0.0554155007394393 0.151111316899614 0.0988935025717682 -0.0879189958496225
0.10826259281647 0.0792143592602189 0.0271142253401854 -0.0760697116478353
0.129438829098366 0.00101461647142496 0.00796761948599664 -0.0292912335895545
0.117154504562534 -0.0381336226262205 0.0185255515192169 -0.00491424224853588
0.117086055805621 -0.0416220619942376 0.0306223952579331 0.0238339195733322
0.12054982326204 0.0146027474555062 0.0216208324086368 0.0620289373836594
0.0987559628843993 0.0739052162573976 -0.0132517340617357 0.103028008183502
0.0406622671965721 0.160809082876136 -0.0873910282314628 0.0751721325536187
-0.0842094585912914 0.14571731332893 -0.123692694107306 -0.00107274935060715
-0.176299257084273 0.0221231970552434 -0.0447935994190084 -0.0404094999958767
-0.19839212731051 -0.0903404046734965 0.0488955543665336 0.061602817483596
-0.0916481513281894 -0.111103676118092 0.189029316306298 0.0975507261397342
-0.143613819524694 -0.10023224835001 0.111810211768992 0.167666474890314
-0.164167798752911 0.0271357359926414 0.146955986031553 0.141843155191231
-0.0894913436143939 0.143252326698352 0.172206189796006 0.032764213675519
0.033095935405588 0.126427682810316 0.117735994431171 -0.0359139670594386
0.0835988845742552 0.0687073774655386 0.0735178222458008 -0.0480206673172731
0.10838123909569 0.00413530991239307 0.0532146694162313 -0.0265680464062493
0.103450263889 -0.0295790393715557 0.0582369281727561 -0.0108024935230107
0.104728640191062 -0.0336277974663722 0.0697635028926176 0.0170801995835152
0.107722054502077 0.0135599418613895 0.0603540850588863 0.0629478457073223
0.0847224402494047 0.0707987968376863 0.01970561981611 0.114649265407185
0.0188657620577173 0.143528571301713 -0.0674121889226091 0.0937429948976213
-0.0884011093127551 0.108382350270877 -0.11245455821579 0.0167954177511269
-0.144376350242464 -0.0115067010983237 -0.0319120743637845 -0.0329031954996625
-0.132199441081776 -0.0947149757705714 0.087144120756527 0.0899160916423709
-0.00910406024572397 -0.0682548019614961 0.203136133034516 0.143424255412037
-0.0591922620494682 -0.0831713984642518 0.115621320498747 0.173315454824947
-0.0969240042206532 -0.00737991820958239 0.118555284775316 0.154884863370346
-0.0685341481999747 0.0784017098741822 0.151138709698632 0.0666725673754366
0.0130522155019659 0.0786580193076991 0.128776417530337 -0.00163216448239868
0.0485035243125117 0.0448928782504926 0.105474387982108 -0.0299943268134325
0.0706531976221256 0.00612506440370375 0.0862058626961405 -0.0266323458523801
0.0743140425632998 -0.0173239522044287 0.0879686078807683 -0.0142165804488948
0.0774058229193479 -0.0197102123269238 0.102257446207995 0.0130743972730161
0.0819310137149614 0.0124235875533348 0.0909409140323721 0.0672567238898896
0.060907724287844 0.0611242701068157 0.0419340645252987 0.130846312757129
-0.00399835027522923 0.109972573976423 -0.0580793847652265 0.111158280804752
-0.0826164145900063 0.0593596102165006 -0.107726598011731 0.0299387242912529
-0.0970947879987649 -0.0435166163441557 -0.0250627366731375 -0.0266941222446184
-0.0498972273363622 -0.0873706935241027 0.10636216050539 0.114357985491008
-0.0399367899339623 0.0590748513471921 -0.140026086064619 -0.133221077952305
0.0348768818006397 0.05195241273731 -0.0293927566796632 0.0529939997230717
0.0683171554784548 -0.00929922443223117 0.125721732107244 -0.0116764496983457
0.0198720136122475 -0.0594169790768062 0.100826330334679 -0.131800039372487
-0.0258805302633133 -0.0366140961857151 -0.0291754812656597 -0.177553034293492
-0.0273262605205427 -0.00843768013010882 -0.127357865883554 -0.101998878926733
-0.033636016602824 -0.00229184442507454 -0.139304831511256 -0.0228386267920463
-0.0324144800559904 -0.00481775798756989 -0.11774307928671 0.0167829326905904
-0.0209643539748151 -0.0113362828224896 -0.113843319874191 0.0338944430075171
-0.00434415380688743 -0.0205352545923829 -0.132887292816105 0.0304730153396981
0.0123574340763698 -0.0261269087410476 -0.150177203456177 -0.0114497020778947
0.0453621490331246 -0.00287314526602758 -0.146288502533877 -0.0894094081186839
0.0300932757509595 0.0442477498504209 -0.108722547007777 -0.154942555775008
-0.0406631137846717 0.0579191844204787 -0.073896202275151 -0.165987143909009
-0.0755520359288987 0.0268476957452739 -0.178092242203134 -0.150718323793935
-0.117420505293522 0.0182033905352712 -0.104921206111182 -0.154209883324538
-0.0459556046227971 0.0553822790952216 -0.0202169186267765 0.0484881048221387
0.0187571692857003 0.0492140838635631 0.143711558466076 -0.0109198742257496
0.026697515716226 0.0122000735043053 0.121549249336331 -0.145762768071741
0.0119664611935386 0.00110049975086483 -0.0226956363674333 -0.193663674949223
0.0177045681067579 0.00513299479466778 -0.130223515643446 -0.113484210454635
0.0155431078697011 -0.0118542825049476 -0.140523935938775 -0.0262895458629764
0.012561092385681 -0.0188542139451912 -0.115377945261241 0.0153056795046496
0.0257098517112301 -0.0157976331337983 -0.108894530857399 0.0374449261575949
0.0374814166679844 0.00597784683537402 -0.126079092994528 0.0381299529158291
0.0316891122932873 0.020774941750047 -0.144564992208193 0.00575314630860678
0.0258242579570942 0.0602237750917957 -0.148316936213133 -0.0691351750978157
-0.0313309208396901 0.0762959657083206 -0.117438255979616 -0.13389602922539
-0.114636500676801 0.0333815170961778 -0.0798926595969456 -0.128733103986696
-0.153443511772976 -0.0283004027079439 -0.159357603044948 -0.112807967700373
-0.176412531783115 -0.0351257180514584 -0.0495378711144263 -0.148496060381724
-0.131872740871956 0.0353870271816601 0.000232452766347147 0.05790912238953
-0.0522065495242145 0.0986662355270969 0.167741575579203 0.00371953058475391
0.0173084910044308 0.095476221515795 0.152310800863004 -0.145717151367494
0.0475498618725123 0.052183502266176 0.000613357716860889 -0.198792055816175
0.0633592092954097 0.027147181887913 -0.113452466714078 -0.122718463806098
0.0656180538580018 -0.0144331897829084 -0.123353491556634 -0.0303194013970686
0.0568290736539704 -0.0303928276031957 -0.096894042191755 0.0113753418097006
0.0671560519711994 -0.0235911487613899 -0.0872177673354329 0.0393560694782371
0.0762870941764858 0.0194769603591293 -0.103157305248689 0.0510192999561099
0.0590595977664899 0.0544549714827095 -0.127705053818448 0.0364534619165694
0.028222197384037 0.115115366364238 -0.149952152685295 -0.0317817542780817
-0.0671041878167149 0.118486830854002 -0.132860279503022 -0.101972649434991
-0.168653423111281 0.0331497989665289 -0.0809432208856079 -0.0938743470789088
-0.213224669096518 -0.0634431778200417 -0.120141970447545 -0.0626415747551224
-0.205705710222634 -0.089570822963546 0.0192696527608154 -0.110344717418789
-0.202499213288379 -0.00599596304732538 0.0308303706907939 0.0806834026310088
-0.130780470310817 0.122892598357159 0.186235547454911 0.0364651816609941
-0.0128903764588666 0.169481005601928 0.182666494679272 -0.121055134759875
0.0696380665873938 0.107320356236116 0.0366402463895071 -0.183612842372631
0.0993055710015785 0.0539210142049124 -0.0749937797697419 -0.120898659931665
0.107176987036536 -0.00980077306841453 -0.0887774530004731 -0.033484090743503
0.0922558169907837 -0.0380116156283602 -0.0652079375443477 0.00606886462731686
0.0973514219620363 -0.033546879559838 -0.0530482796198667 0.0377495791761891
0.10557833614811 0.02322856982123 -0.0672370937172723 0.0604547605800239
0.0848637187339725 0.0713870199172654 -0.0962213409383604 0.0672797820123511
0.041170559217293 0.152556832292056 -0.138861959120321 0.0120427192614438
-0.0800365184933304 0.152815756885444 -0.140475051733482 -0.0649350054678344
-0.195490782122036 0.0413790356156571 -0.0736513279780003 -0.0679869833792364
-0.243536081080347 -0.0805431326518183 -0.0641790626130328 -0.0136187924538428
-0.19863421451569 -0.128501763141994 0.0903837743986883 -0.0445296856829272
-0.232148547667545 -0.0568189812867156 0.0630957681932687 0.113729480199511
-0.190388070454767 0.10948853867626 0.189637132047675 0.079383419571034
-0.0568495439948662 0.205811682673085 0.200076437387721 -0.0712886802715534
0.0690572739638056 0.146689575305895 0.0750804118627591 -0.141908002310062
0.114345724732724 0.0765597736828174 -0.0231374995427824 -0.10422467444765
0.130250335671194 -0.00220511350210254 -0.0410871032698778 -0.033129314549266
0.113987752632316 -0.0391458736347491 -0.0239729321092397 0.000259927364340513
0.115024418731536 -0.0390391339918014 -0.0116830747857349 0.0325358830008847
0.120746143634758 0.0209317487833702 -0.0236370403965053 0.0641292236991294
0.0983128017496347 0.0779620984767674 -0.0569233276474187 0.0893671390391298
0.0458353329081693 0.167384068745876 -0.116448641702601 0.0488855918756286
-0.0845904128901937 0.161581427727651 -0.137687459190604 -0.030655515780733
-0.197447214158885 0.037950617102101 -0.0599352149413281 -0.0530047444645997
-0.237983677640426 -0.0906326473679164 -0.00456919894510973 0.0276345462814701
-0.156811012482868 -0.137449141112203 0.149855001072444 0.0340389134879151
-0.208559687671014 -0.096156149678812 0.0898104177101548 0.149397121399074
-0.203446777031322 0.0678099852169022 0.173762288374296 0.12074843477384
-0.0899997977189985 0.193226553785392 0.195089833096317 -0.0122962267950046
0.0517651282301437 0.155408399405632 0.104269206452417 -0.0854975907346153
0.107317779044499 0.0834979703706937 0.0314666130400798 -0.0759667375643912
0.130525774401473 0.00431813581483533 0.00911487732232435 -0.0299149500883376
0.118243597571633 -0.0353066177754974 0.0194424126898813 -0.00515167417310504
0.117804194060963 -0.0384970081232831 0.0310887497454539 0.0258442610422186
0.121581065603945 0.0182597752185761 0.0195914452942302 0.0648864753017575
0.0975449533380818 0.0781452695260499 -0.0170864163947125 0.104398682738893
0.0354842822333937 0.164306551893252 -0.0904769366048351 0.0758024511454969
-0.0892859351358304 0.145480699533759 -0.127720790411543 -0.00450220862919635
-0.179012689042797 0.0156949570483455 -0.0452191894193577 -0.0432452137001548
-0.196616530616713 -0.0974378773462033 0.0486252201002717 0.0623335951229687
-0.0886200917448686 -0.114932143494725 0.187456127065348 0.105592783159301
-0.142489917553704 -0.105809057208502 0.105255800244219 0.175659980213626
-0.166483353159801 0.0217283786452821 0.14385924526554 0.149777335315965
-0.0946732252456087 0.143179673825151 0.17373489169741 0.0393376887351282
0.0300093584095529 0.129369213985514 0.121680471325539 -0.032561772330001
0.0830327985441527 0.0726529119161481 0.0775452963239602 -0.0467264304144352
0.109100712333903 0.00790712578765464 0.0558282191853911 -0.0255708728251855
0.104811138785382 -0.0272165770586788 0.0603301472856629 -0.00923105999798975
0.105728080568393 -0.0304669405718497 0.0707466098905142 0.0204446633666844
0.10845711247191 0.0172410008191306 0.0587002940469543 0.0661501626830756
0.083877261787839 0.0740029310077497 0.0160121372259317 0.117294218926256
0.0149554656412288 0.14540096368071 -0.0718991324064303 0.09488968028495
-0.0926063118386185 0.106609036754862 -0.11616152502972 0.0137648036907071
-0.14599482161791 -0.0165030518596311 -0.0318694052161304 -0.035017426536721
-0.129956320678956 -0.0994418425808949 0.0861787401195102 0.0925352817358147
-0.00695347659271029 -0.0684658580878205 0.200309653681101 0.153151680911248
-0.0571734279814266 -0.0856224147032949 0.108992755728753 0.18110530492937
-0.0967851674216025 -0.0109101383525354 0.11372987947517 0.162473073879436
-0.0714314755272328 0.0784335335734588 0.151403455442902 0.0730291085220296
0.0105721386232211 0.0804721841352296 0.131412521898095 0.00192659050698713
0.0474163456507729 0.0468751133307552 0.108629487839144 -0.0274635760875358
0.0700242890252883 0.00811193009676013 0.088438190230304 -0.0243365006427152
0.0751367922294435 -0.0156896718639037 0.0908546116882994 -0.012010151218974
0.0780120292146534 -0.0180665958960265 0.102895138000885 0.0173283884462922
0.0819683664332253 0.0142711038238402 0.0894008300679291 0.0728709089797022
0.0597168800003999 0.0638574995441094 0.0381591695993427 0.133831167708537
-0.00756183187198591 0.111132544340887 -0.0639758514320544 0.111796957876786
-0.0853843552819962 0.0573404991992376 -0.111688566630483 0.0277794049411574
-0.0972587674694928 -0.0468705851771103 -0.0246924573960753 -0.0289834962795908
-0.0477177600308352 -0.0890257691912036 0.105141989271968 0.117310246049585
-0.0417098973358876 0.0620317579652441 -0.14573445616365 -0.143621245129551
0.0354302178378552 0.0564601906250558 -0.032166848119567 0.057427362916682
0.0718721591409942 -0.00879855920838411 0.133787513584066 -0.00811599221616361
0.0217167681107508 -0.0615774172529414 0.109602806454214 -0.136881148362076
-0.0262654019587599 -0.0392575676021088 -0.025709965847271 -0.188683504398165
-0.0280224196966326 -0.00992649664389612 -0.130458090648481 -0.110995269256403
-0.0354455205071171 -0.00292426464474577 -0.144712534052211 -0.0263738583016767
-0.034136759026041 -0.00473764547060489 -0.123791527946413 0.0146953029608263
-0.0217037361070377 -0.0115848230718438 -0.12096967887884 0.0332838078332085
-0.00425590570454453 -0.021681870011791 -0.140391306918911 0.0289415726551822
0.0129093275318084 -0.0266610424817784 -0.157922353182984 -0.0150753168628727
0.0476526644443008 -0.00245847453399968 -0.151289489955199 -0.0986522175088258
0.0297134540040012 0.0476599543015135 -0.110389998609007 -0.166683861959894
-0.0452477764701376 0.060331227385338 -0.0716101425590772 -0.17862600579905
-0.0802959556439343 0.0265691875664357 -0.182977745677907 -0.164954363531731
-0.122385677832177 0.0174997021462044 -0.109799067394034 -0.165856314823907
-0.049308090422259 0.0577999423649042 -0.0236905471173209 0.0521418389555502
0.0193535377439604 0.0510285325691246 0.15233056687192 -0.00695022889287741
0.0278619139479665 0.0136300941644625 0.131245405507919 -0.151616226440488
0.0129221982673827 0.00188773967111037 -0.018940301377294 -0.205449027640896
0.0190818348284652 0.00568246375345527 -0.134092194683129 -0.121925906374459
0.0169904667419582 -0.0113960020335565 -0.14644346382536 -0.0309868666754132
0.0130317789936908 -0.0191244513083991 -0.122175114116552 0.0136708985291615
0.0272727127804342 -0.015059358539359 -0.115207763642678 0.0368354874982891
0.0391360574911625 0.00696792325110114 -0.132999492941358 0.0373570939899575
0.0324352775254951 0.0231091989863134 -0.151999542945024 0.00221265068330337
0.0254082073573707 0.0635275592277023 -0.154160515393276 -0.0770081489062132
-0.0351945278838678 0.0797341021026586 -0.11997898634432 -0.144920978840407
-0.122456940565733 0.032714930928516 -0.0785037668043293 -0.139474089042806
-0.16024015832201 -0.0328504949950503 -0.164744922201432 -0.124862213396161
-0.183674048147967 -0.040581075003847 -0.0511446480028274 -0.157822111174359
-0.139896262288565 0.0349157169811679 -0.00236419660386438 0.0628185375116783
-0.0563803639068562 0.10244776360042 0.177278513081191 0.00932945571587636
0.0167173597411387 0.101474569440224 0.164197119459456 -0.151160978181396
0.0493088128063613 0.0564048941203602 0.00555477567471381 -0.210264753299413
0.0668832503574218 0.03015726639648 -0.11534422831939 -0.13090170331135
0.0696911782182094 -0.0133697732486336 -0.128417024251246 -0.0355179409277639
0.0591238667910338 -0.0308922043527048 -0.101914361730618 0.00964234182076399
0.0697413087997226 -0.0232248863616341 -0.0922825699230025 0.0390809782344889
0.0800896830926973 0.0225000981706137 -0.109860361895399 0.0516906851956472
0.0612287553727726 0.0585684997410227 -0.135050663185998 0.0357457691352415
0.0268378255560955 0.121861758327045 -0.157583543993856 -0.0364454447182197
-0.0734750077731027 0.123121927244397 -0.13738561868602 -0.111402735176435
-0.178695851991174 0.0303278549569329 -0.0821637168347759 -0.103006710823176
-0.222803141793099 -0.0711888244110116 -0.124508135645416 -0.0711227758973501
-0.213630380390401 -0.0981277343437527 0.0211670978100848 -0.115505192677741
-0.213282413862782 -0.0104119475133593 0.028093200723567 0.0871604776929763
-0.139921822496718 0.125906655284316 0.195818389702331 0.0437627875830273
-0.0171435770497762 0.178045018671147 0.195920282330149 -0.123840995513012
0.071770317026118 0.114811282645662 0.0433031115891985 -0.192871935994686
0.103868134907409 0.058428603411419 -0.0752743368397147 -0.129153203793641
0.112416501588488 -0.00795447465721547 -0.0912980370769721 -0.0378652580033864
0.0964819413586223 -0.0381220017038138 -0.0685895806688879 0.00463218711934284
0.101989609508767 -0.0322332423857178 -0.0559983377558709 0.0378607561196019
0.109951902242671 0.0265522475185284 -0.0724085328054845 0.0627315201719023
0.0872410969390113 0.0769822318516688 -0.102906771975713 0.0689716448447007
0.0402150113528495 0.160623071191297 -0.147159681323434 0.0108153605825273
-0.0876206204161609 0.158778957629675 -0.148068191257082 -0.0715953448341242
-0.207765866618632 0.0376897249180062 -0.0756491721234462 -0.0749492207772958
-0.253765556556782 -0.0903256259594814 -0.0670464680938497 -0.0181214660861496
-0.205293268191409 -0.138823264169975 0.0943939155258886 -0.0445416443402848
-0.243743609882854 -0.0653053500234542 0.0617751096797386 0.12324699054383
-0.201957993690833 0.11093047174444 0.197890910353448 0.0893526775768379
-0.0639604087294204 0.21606672534347 0.213380991607709 -0.0713722507198512
0.070366349555373 0.156824097557369 0.0827941758753012 -0.148688683992168
0.119808778849438 0.0825819043684999 -0.0206847449106564 -0.110216172689477
0.137149474406081 0.000212301577286988 -0.0415914430274121 -0.0374279586534651
0.119658340817752 -0.0385007462840021 -0.0244997717616681 -0.000310149496134195
0.120473595965043 -0.0382963091784135 -0.0118269143620379 0.0336985296884869
0.126199257257357 0.0248445768499017 -0.0272508578237113 0.0679011562583716
0.102326853685479 0.0836353923040441 -0.0612041842741252 0.0941244919677516
0.0455648250833196 0.177743399785608 -0.123875247584707 0.0499723212541992
-0.0918377061066653 0.168701598039528 -0.146621911523805 -0.0352919174696324
-0.208728592991052 0.0348900688393577 -0.0629406110711345 -0.0584586318277981
-0.246637295224124 -0.100248040170962 -0.00436140663593128 0.0264293421427597
-0.160874117598001 -0.147674312463936 0.155393285241968 0.0399614079979316
-0.217762021460399 -0.105706304161397 0.088286683087315 0.161351215209599
-0.215410880578228 0.0666421999637098 0.18040793956394 0.133038006562542
-0.0979682992671848 0.20073712061949 0.206025047952729 -0.00911608133933128
0.0509123536180601 0.165133516443716 0.112588298891402 -0.0883784060738174
0.112486804084497 0.0906124660401843 0.035855525336881 -0.0797357538579416
0.137137756853549 0.00751058125666111 0.0115863494022759 -0.0325674304543014
0.124095175292678 -0.0352054126556245 0.0215862172007406 -0.00477892014380431
0.123692870614826 -0.0377797139964044 0.0329609095932939 0.0277213476207878
0.127628265107914 0.0218002645805668 0.0189685685491628 0.0693092866630394
0.101061280983135 0.0840661583859584 -0.0201807477368665 0.110954138762999
0.0350286444521929 0.174035728882323 -0.0964766917052698 0.0790923822935967
-0.0969731418290426 0.150345743573115 -0.135430309647824 -0.00714173820925563
-0.189372967069171 0.012404361888049 -0.046368030565507 -0.0482780733529165
-0.204227245077617 -0.106876532770379 0.0503303611526065 0.0647264169414468
-0.0900686568788341 -0.121855743159893 0.194293818513239 0.117187411413268
-0.148184837322751 -0.114510636883583 0.104175204709482 0.18926237254916
-0.174878090080623 0.0188587377616888 0.147284248145946 0.162737416816649
-0.101226720871736 0.14987685336131 0.182139515549125 0.0457193317820416
0.0289198370432028 0.137346230753577 0.129535234721803 -0.0311897285158985
0.0861028364204669 0.0784197791930287 0.0837479491993791 -0.047511274590748
0.114244442790714 0.0104059334891812 0.0597211460860361 -0.0268799195188586
0.109709473481338 -0.0271135637804475 0.0640528593989793 -0.0091855626523595
0.110491646616905 -0.0301544309477164 0.0744601678548522 0.0231114314410655
0.113206974427265 0.0198814238705497 0.0602023943361727 0.0720178883312747
0.0867739501143234 0.0795446037622588 0.0143408821552388 0.12479636122465
0.0129928795300793 0.153991664652704 -0.077572668890695 0.0996897887303643
-0.0992379697607891 0.109628573993315 -0.124185495451128 0.0123540104117579
-0.153295610278656 -0.0221829820633013 -0.0337810452469178 -0.0389156284047226
-0.133534347204664 -0.106741798306585 0.0902918378310415 0.0978446790283665
-0.0051282963310997 -0.0717924506025527 0.206993308578573 0.168469246873016
-0.0575443537051305 -0.0910703076725397 0.10827948110258 0.19557757560158
-0.101016362630507 -0.0146332884437671 0.115760732783156 0.175626005105657
-0.0752861113540289 0.0825215514173103 0.157864023003068 0.0814437993839234
0.00921806970091069 0.0856815617224923 0.138622827960179 0.00586556248740459
0.0489301336443675 0.0508364782034769 0.115980367881118 -0.027032175559966
0.0740077358704795 0.00943709541036237 0.0953191388948094 -0.0243664591040238
0.0779544114627918 -0.0160734676834558 0.0969085246912914 -0.0110586201652316
0.0820099981153756 -0.0170338070078267 0.108202749913002 0.0211033791777135
0.0850241115840078 0.0168139700306123 0.0922214947466574 0.0796229781340554
0.0613600149249765 0.0680733083933447 0.0367313034420614 0.142722822925406
-0.0100097348891351 0.116943017862889 -0.0702881136275147 0.117710763446546
-0.0910010959688294 0.0579243366500116 -0.120225718234638 0.0269692625851254
-0.100753295687198 -0.051880789565043 -0.0264700820851797 -0.0319460585737051
-0.0472708845729076 -0.0941967150455373 0.109140580210255 0.125139845702497
-0.042204846845253 0.0675457091382665 -0.161378930264397 -0.151793875165195
0.0396424307849902 0.0606855695971003 -0.0337969550893126 0.0642341400372887
0.0771199064764332 -0.0117903729021578 0.144965698249699 -0.00907769957576132
0.0215996538644688 -0.0663614092469605 0.116201534872032 -0.149071738483732
-0.0283722734819229 -0.0409976370603451 -0.0294855926267591 -0.203758815671835
-0.0298156793561603 -0.0106449385305277 -0.140526056747843 -0.117945097613309
-0.0373524805917578 -0.0018328923527559 -0.155442496874162 -0.0255982087074838
-0.0369434923633482 -0.00348513264204607 -0.133483450838284 0.017897551191277
-0.0226124565733883 -0.011643127533673 -0.130063248000787 0.0375816689855527
-0.00526045335721499 -0.0227023941811964 -0.150600785441931 0.0335587022292622
0.0130781922140852 -0.0277494923522126 -0.170241225598467 -0.0140701519936392
0.0510767441407193 -0.00243001982342342 -0.163644090146273 -0.106264145141274
0.0317133592043698 0.0507433522980151 -0.118325183655332 -0.178888616973959
-0.0492077689384032 0.0670129468041145 -0.0769011734535199 -0.19408788447729
-0.0857413987575675 0.0304597120262556 -0.199502430028071 -0.175903473638395
-0.129660875355321 0.0212470595570867 -0.122693542162213 -0.176361187168882
-0.0513747193699843 0.0634076679918932 -0.0253839999579834 0.0585777080225646
0.0215194059459328 0.0549019906918527 0.164725528607152 -0.00811972465880208
0.0308659464820348 0.0142791897226986 0.139398226802242 -0.165611946291177
0.0135569535199562 0.00179976127390597 -0.0220935982230095 -0.221684936600431
0.0209929493264634 0.00568128359919348 -0.144753469318002 -0.130307517922552
0.0176578854935004 -0.0120640305309862 -0.157087820914891 -0.0304776242188304
0.0129963727326295 -0.0199966700192695 -0.130391632485986 0.0156856669338563
0.0286038388135005 -0.0161592824924431 -0.123523614817275 0.0411441531523316
0.0423586796015789 0.00694135929221262 -0.14268315877799 0.0426749237932705
0.0344671466124556 0.0245018759742185 -0.162893430472566 0.00456848381307294
0.0285957742167784 0.067590307012765 -0.167390933741889 -0.0817266692867601
-0.037772646154844 0.0866871402922756 -0.13037553529733 -0.154652148894518
-0.132843939812933 0.0377332427185653 -0.0847662715574546 -0.152208118451705
-0.173085906895901 -0.0333729574704839 -0.179368963692087 -0.134015922737955
-0.196843810892798 -0.0403422209166691 -0.0602306848351208 -0.168909766650811
-0.150362314156201 0.0402185049486964 -0.00330788561595638 0.0692745604319796
-0.0584499155503639 0.110653374756427 0.190902931275995 0.00898035215934616
0.0201962637336109 0.108562971431841 0.175294941013193 -0.165409366256306
0.0546262830606102 0.0605626285533497 0.00339435609864318 -0.227929397361627
0.0727685751115378 0.0311586512462282 -0.12487107658656 -0.138995441137121
0.0740953018171971 -0.0152747805715271 -0.137670195173924 -0.0370204336982033
0.0615593500328632 -0.0333704709759232 -0.109367350141706 0.0112979311082506
0.0747025469068248 -0.0253263159448059 -0.0979490350467281 0.0423289186950402
0.0858136477989521 0.0234789218718751 -0.116700312458197 0.0578909942014152
0.0656001361736786 0.0618219067745325 -0.144069585969197 0.0399747555953251
0.0311293983821741 0.130755816623298 -0.169283365184089 -0.0363541740426143
-0.076947244478736 0.133786505184717 -0.150895988152152 -0.118347026024991
-0.193408800627275 0.0349992610783169 -0.088195549671267 -0.11215166227287
-0.240092812393138 -0.0725224203874572 -0.134534667036257 -0.0770615961442024
-0.230402699258573 -0.101697127500816 0.0185955283155939 -0.124077082570847
-0.230629518135917 -0.00761354354153171 0.0292970299424537 0.094898166879431
-0.147681417047982 0.1380123062315 0.211225893179167 0.0456347205949428
-0.0138742582987113 0.192931781347243 0.209832641592993 -0.136175644782114
0.079388831282898 0.12283482306135 0.0442769484976171 -0.209412321981849
0.113237530744901 0.0611663845727088 -0.0815941446356539 -0.137362323290566
0.119748025057538 -0.0106626102390849 -0.098633535466736 -0.0408713871812441
0.101383055345263 -0.041741698073458 -0.0729171752190042 0.00608092923514449
0.108091334531649 -0.0356388388903798 -0.058459895306472 0.0407880024995702
0.118777998001633 0.0270207100231462 -0.0760464832828055 0.069567453888937
0.0945116395004668 0.0812410933884475 -0.109347406090577 0.0761682209519622
0.0462278931686028 0.172516088741452 -0.158279935743368 0.014233689927241
-0.0908236890474879 0.172509690352302 -0.162144308738015 -0.0753153004349306
-0.223886811974368 0.0436869602764065 -0.0819912793060886 -0.0821230139755068
-0.273527515520065 -0.0924871679620545 -0.0720551196620184 -0.0212420786917873
-0.222252398586835 -0.145808997248561 0.0993893893758428 -0.048393314946803
-0.26410773573825 -0.0672242587649665 0.0659880346633075 0.13384093465757
-0.214761450692303 0.121794445701264 0.213818885683912 0.0952098745582974
-0.0633609618094112 0.233616874646571 0.228727777717391 -0.0800274949301791
0.0786865878820267 0.168644469149859 0.087866294654696 -0.162003020534075
0.130603305813217 0.08693036063715 -0.0220979721526651 -0.118460695446329
0.146098390113415 -0.00130383068285319 -0.044260859228815 -0.0400022999327649
0.126061778206398 -0.0438297160909906 -0.025939529927949 -0.00121023919391324
0.126983979348098 -0.0426712278527285 -0.0116270422972961 0.0352612679545305
0.136607642785046 0.0244816296542282 -0.0274021228477406 0.0741768568925028
0.110671536445518 0.0881804614446765 -0.0641255991404854 0.102400821547898
0.0513702573686754 0.190269416457 -0.131578025727382 0.0572801234948205
-0.095361255069396 0.182423175552006 -0.159644023563551 -0.0346945822273318
-0.22551125850175 0.0394322340830117 -0.0675571343619501 -0.063874981647756
-0.266417353434463 -0.102545990942478 -0.00437339745310436 0.0263292407074518
-0.174882417001448 -0.15576547771197 0.166114970475658 0.042072716868729
-0.236622305176189 -0.110945768087155 0.0961651798494989 0.174437518185591
-0.22920456736213 0.0740593179766469 0.194426925181256 0.141594540642642
-0.100794208344504 0.220015557868754 0.22193559484308 -0.0132206146807254
0.0588304056106178 0.177675485976703 0.120211492060586 -0.0977208221017062
0.123094725219458 0.0956826272959144 0.038386220761754 -0.0863203026814776
0.146550672665046 0.00550625088669594 0.0132464224087166 -0.0357387436315879
0.131215667230708 -0.0404571009153621 0.0237859770888639 -0.0070151832573461
0.131210997287148 -0.0432625640070687 0.0367036498351694 0.0291413122280173
0.137190460797999 0.0213383717852137 0.0219879719120285 0.0751392599469901
0.109530182148552 0.0883189006317934 -0.0189071809745 0.120230634693078
0.0408703557779221 0.187408244493692 -0.102701631935027 0.0875280277330612
-0.10094996108799 0.162962961985576 -0.148372376573547 -0.00494058133159885
-0.204755865741566 0.0154967950866143 -0.051451391221946 -0.0513029741358651
-0.220677018224004 -0.110761414015135 0.0565881136217559 0.0667107445044055
-0.0980220371810168 -0.129309554261073 0.210193669565428 0.125117885068063
-0.160503487605072 -0.121618010669726 0.112137477513766 0.203549447098888
-0.187076112562714 0.0218675375996432 0.16066015145359 0.174863230069544
-0.105510815036528 0.163993653101686 0.196682776298785 0.0468219017285688
0.0334142707796478 0.147864758879593 0.138923456614319 -0.0360094042433778
0.0937785046764714 0.0837108162083529 0.0902790503878509 -0.0529259765707377
0.12220435155008 0.00950871045189268 0.0648465636839906 -0.0310437166323914
0.116313290169457 -0.0320504101323196 0.0699310021962897 -0.0117714791122309
0.117711626138212 -0.0342104444962343 0.0810878548152426 0.0234801885717988
0.121169633150917 0.0188379633537212 0.0655661718866876 0.0783951767692911
0.0939942663937575 0.0834150166968445 0.0175643206294081 0.135340233130917
0.0169294371557176 0.165540114924072 -0.082122776958951 0.109507286782731
-0.104690851975868 0.118870439772512 -0.135466861162053 0.017344187192706
-0.165938295637025 -0.022050184138148 -0.037101469556645 -0.0420026163691331
-0.144504438939566 -0.112144795955531 0.0994375649546643 0.102214912252521
-0.00643043504644594 -0.0764688828035445 0.225163091774037 0.179697355682986
-0.0620364337183297 -0.0971418211476392 0.11753532092196 0.212059751927577
-0.108333006893018 -0.0138671217360329 0.126435299661532 0.188846538713416
-0.0791476818421201 0.0900974572214164 0.170532284413735 0.0862049745008364
0.0125734141760977 0.0922558233149498 0.149817932319066 0.00517269659278688
0.0538268040738637 0.0543295315883905 0.125104813889813 -0.030627095384309
0.0791083946946742 0.00904152217372797 0.102316462628883 -0.0283748407636444
0.0826852581046456 -0.0191360492135393 0.104352206453851 -0.0143894908186056
0.0873429695675568 -0.0203578823044722 0.117284661285717 0.0204717381262011
0.0915223296140707 0.0158271816141191 0.0999931929337177 0.0863146804173092
0.067979186532781 0.0716635817552837 0.0417946903979303 0.153612112142723
-0.00817374978690423 0.126456351614745 -0.0752792839447546 0.128660678874049
-0.0962388409749596 0.06287775289469 -0.130238684579801 0.0319826065728423
-0.109170759242427 -0.0546866788215936 -0.0289861210029023 -0.0346233560951125
-0.0511623525725386 -0.0989412613696755 0.120970648871427 0.130599353390134
-0.0595424245999515 0.0623299750590158 -0.144459591367139 -0.182328214479651
0.0311796047051102 0.0705417045032154 -0.0445675249278172 0.0665808596516106
0.0818797332411087 0.000192890786675718 0.158687102815462 0.0153963907633976
0.0312076012098182 -0.0673996196059892 0.152733587436822 -0.142104319166645
-0.026169419413799 -0.0481912482077784 0.000690549690329662 -0.222764886822502
-0.0311644827453378 -0.0153676361813049 -0.12870626793394 -0.149356690908875
-0.0387711533462844 -0.00839020121657777 -0.161214741749936 -0.0546703120322605
-0.0383374945318717 -0.00975629533644297 -0.144629290864017 -0.00448061316564978
-0.0210029572214353 -0.0161099349896809 -0.143634311392559 0.0186495831071904
-0.00151221779385439 -0.0235744636698416 -0.164202582376924 0.0117336743111172
0.0177471395334764 -0.0274908131915238 -0.177892514198756 -0.0422852279325264
0.0528061156720476 0.00327471592085644 -0.157421300130834 -0.139295754813726
0.021738103185077 0.0577628705042402 -0.094098965404439 -0.209449033270518
-0.0662409797159183 0.058741943100643 -0.0412762957232608 -0.221231419186333
-0.101434378642276 0.0136211702110069 -0.171021414971103 -0.225765582905627
-0.141630201159007 -0.00247321002871365 -0.103838701552534 -0.203149579102815
-0.0639925296467165 0.0569418930447253 -0.0391127728389415 0.0622395536596587
0.0128576145442323 0.0569929091618865 0.175991184636774 0.0233421646032065
0.0265988841795306 0.0169559196846187 0.178750841132313 -0.149928459028281
0.00995687382281032 0.00460606346442555 0.0146191684034812 -0.238226619802715
0.0185285646608539 0.00962511827033682 -0.129009343964192 -0.16122577746247
0.0195809109049254 -0.00865254080119654 -0.160678604768996 -0.0583048961181188
0.016887739566516 -0.0165402486085499 -0.141156358007294 -0.00622398306988623
0.0333322436886669 -0.0107769136820832 -0.138063968436278 0.0229195331894935
0.0421697798804606 0.0163009986619188 -0.158280362606078 0.0232117677390267
0.0291299805904461 0.0339428506178303 -0.173635093940322 -0.0231417657502778
0.0157597696075763 0.0741308781369336 -0.165213417259578 -0.117016128823879
-0.0582944905646409 0.0807370145778168 -0.109629677501001 -0.187400219045622
-0.148919055424044 0.0107776651005393 -0.0541986142447973 -0.17794213842812
-0.182086925080043 -0.0722220210741998 -0.155363965036367 -0.171854323457796
-0.197688230119316 -0.0796517012698734 -0.0421779010642212 -0.188472775035984
-0.160763621081075 0.0154451832060109 -0.0210935277962279 0.0758947954433232
-0.0793550106826556 0.100267239590026 0.195084658780342 0.0501878396140496
0.00112184187102001 0.111517960161077 0.212275257128312 -0.13844997670152
0.0410675881552262 0.0720476684343802 0.0458662978272317 -0.237337501102916
0.0688090810012993 0.0456360750835672 -0.106881683586592 -0.167175172732543
0.0783990600525954 -0.00276672328749297 -0.13683302150082 -0.0608979707917234
0.069589843446146 -0.0209270170061503 -0.118095212668922 -0.00761849633284987
0.0819872279178562 -0.0118845814612224 -0.111493215885448 0.0302967132005049
0.0855441794212464 0.0419896617824095 -0.134392276740419 0.0436711394865032
0.0537007806276399 0.079578928621028 -0.160757775259341 0.0158852035592946
0.00724344499446187 0.141760686533053 -0.176824964433218 -0.073969762492315
-0.109672955874304 0.121935581691783 -0.136235853392026 -0.153259905703802
-0.213422962381095 -0.00368164031993606 -0.061386607024159 -0.135390419056304
-0.246030979719158 -0.128823061398664 -0.115876022819739 -0.0997566950884937
-0.219099611716799 -0.150757727303261 0.0303517007338765 -0.13123905951631
-0.234957071125592 -0.0496269240531939 0.00595485865114347 0.106856155655411
-0.174979625338352 0.110926603849 0.204129774209312 0.0931930815927587
-0.0467454021271966 0.190991374185582 0.239842347128082 -0.096800913303899
0.0554058252563481 0.139802533126018 0.0883809059669444 -0.208403598251618
0.106417342268813 0.0843699360695079 -0.0596355440640922 -0.156931612778703
0.125997232415611 0.0101884360076834 -0.0930598401552899 -0.0577581409470483
0.113380328963713 -0.0223381348502604 -0.0776849761173061 -0.00721582770274766
0.119047951196796 -0.0160838223237051 -0.0698954749134972 0.0351125084840814
0.119255529595268 0.0516706379531929 -0.0945670472684564 0.0636977120513784
0.0805546472872497 0.107310978720635 -0.130314781260658 0.0597757540209522
0.0151415194298879 0.189858797915109 -0.175318200341567 -0.0196185695502321
-0.13340673913007 0.159614700701887 -0.156226257704107 -0.109726189227771
-0.24671207881479 -0.000764310153946688 -0.0608130531203869 -0.102982599533004
-0.277535625856524 -0.15711488695162 -0.0595389342501882 -0.0271175435287928
-0.199887785635013 -0.1944154265749 0.101319274015707 -0.0396881343705493
-0.257401724068639 -0.116527478390426 0.0364128300380468 0.151302135626409
-0.239702832312987 0.0820579160731513 0.193722380033313 0.143774986921707
-0.103328476117902 0.224654948925933 0.245916667503911 -0.0323855915220845
0.0485083904785201 0.186111950453755 0.126518018894642 -0.147339736884033
0.120435981155649 0.114497339249938 -0.000110654639343913 -0.125764788185659
0.151571700237787 0.0241941700783181 -0.0361726897380927 -0.0469461048554278
0.13949463169539 -0.0206648764536143 -0.0265453647176628 -0.0067481866444964
0.140453308266625 -0.0199670793813051 -0.0196646096349891 0.0375253744239218
0.138210307928244 0.0515452108716049 -0.0438511535252812 0.0776310640661866
0.0973367205340504 0.117652775239725 -0.0881995012775557 0.0952981382160801
0.0184783175535414 0.210558574021615 -0.155935057968035 0.0287385129880501
-0.140708196632551 0.170122805872115 -0.160522772135049 -0.0664033480089924
-0.246701231153043 -0.00559583496151131 -0.0492135947717301 -0.080791522409978
-0.266927978404504 -0.166441507308541 0.00344520252767963 0.036720214793827
-0.146145603301416 -0.194890247534272 0.158678904024342 0.0659746432488286
-0.220093148710872 -0.157240013694679 0.0619773493084816 0.197187627355763
-0.245041771635951 0.031449562956864 0.164472664746896 0.187023924411902
-0.13786117784788 0.204347004994316 0.224772034737772 0.0367087196120601
0.0275689661625428 0.190991044363475 0.149168061411864 -0.073011209764113
0.111368508385982 0.12238540238172 0.0583245356731033 -0.080973931633193
0.150558549740643 0.0316290584708443 0.0246944274232542 -0.0328640533270863
0.144507322916118 -0.0163614611952052 0.027333275939644 -0.00464996713551341
0.143202953407915 -0.0195049019733757 0.0330988776310088 0.0387583397629685
0.14018698475216 0.047808717417806 0.00734049067139748 0.0870545663532522
0.0967655854374947 0.117981559305026 -0.0436297807448153 0.120638635382243
0.00747903677159712 0.206440222639334 -0.129661829104904 0.0655510918482146
-0.142003852160207 0.147695802685813 -0.15369902397082 -0.0309280272726182
-0.219994593544978 -0.0267389865113537 -0.0359464382395902 -0.063689185251977
-0.214936495608617 -0.164120219611305 0.0569969904868999 0.0898737954645667
-0.0704305741068343 -0.152826356306413 0.193142826679732 0.161347112367368
-0.139477933550492 -0.154353406502977 0.0766166372492115 0.230930829068139
-0.191960934107273 -0.0135110528080077 0.125851891461592 0.212217299275951
-0.132608356170443 0.146976507273316 0.188251128580136 0.0919025682794587
0.00817515494816456 0.155688726772085 0.155873593168441 -0.00584833485305832
0.0838528130228433 0.103877985551574 0.106904082918994 -0.0378647326437167
0.125149467065737 0.0309726799758154 0.0785452090267592 -0.019177595900045
0.127356517249689 -0.0110373020495133 0.0771854644154638 -0.00140025790473103
0.128475039491965 -0.0137393495758019 0.0818008492726229 0.040001795177112
0.124866851352696 0.042394464162067 0.0543913119368706 0.096428797982646
0.0814522626280165 0.109778108403151 -0.00688056360341051 0.142415512400056
-0.0132097085469517 0.179846892749084 -0.109503193363554 0.0935515777017351
-0.136558945805124 0.101062082109205 -0.14433490219893 -0.00604208765868303
-0.171130436694478 -0.0572671925446751 -0.0245496173954842 -0.049329782444264
-0.132063945287534 -0.149736543119142 0.0921495623500634 0.133712308320729
0.0150878750298417 -0.0803272602942132 0.202601315556611 0.223593959297662
-0.0421422918553879 -0.111302222960369 0.0841827463956875 0.240650724654635
-0.104597850204781 -0.0358133516316693 0.0928817101874581 0.219065097683383
-0.0915771796202025 0.0775307025151862 0.157771508223488 0.12521283920915
-0.00339204980770112 0.0948602268121348 0.159205182033294 0.035937677797138
0.0468626092243733 0.0658388919656906 0.13961046491642 -0.0107441338159779
0.0801944230704144 0.0226501639470559 0.116329024972277 -0.0117743277505424
0.0896932799700521 -0.00483962427824281 0.114213387505614 0.00146976954076889
0.0946062716057754 -0.00487043171551069 0.120229546841305 0.0422272413112021
0.0937712372963832 0.0337486692265476 0.089611481365052 0.111336701724352
0.0570299834672408 0.0902827816992886 0.0165688749100672 0.166259037034963
-0.0335750413361021 0.134123020774813 -0.103448078904023 0.116179667169247
-0.116481791167385 0.0431561326528672 -0.141727904459097 0.0120241448668404
-0.104396543798786 -0.0795948512092414 -0.0202519651960949 -0.0386125830741669
-0.0333792943061521 -0.116036895054902 0.104769760972888 0.16543975087753
-0.0542892264574871 0.0684286299459536 -0.164865500059171 -0.172996408853566
0.0370425942652667 0.0697789508813151 -0.0403152395431418 0.0736260368232684
0.0826862677391511 -0.00667050429894769 0.16570721083158 0.00385490204016247
0.0263734793090345 -0.0712080002132197 0.145585793082606 -0.156394049494777
-0.0300853261350416 -0.0467698149024772 -0.0162000414902882 -0.228293687082087
-0.0331855579360421 -0.0141665693644519 -0.142519972131771 -0.143013355773718
-0.039740856039839 -0.00523963863579793 -0.167356068219882 -0.0426155129788428
-0.0398541944734073 -0.00542084769423515 -0.147880274309185 0.0067392969516978
-0.0223051057928558 -0.0143654005014371 -0.146388896722731 0.030296053613336
-0.00349848041679624 -0.0237364706529637 -0.166616381275211 0.0248970104117081
0.0151079102028142 -0.0282494979298511 -0.184975364287149 -0.029310919523051
0.0541026018004338 -0.000913206647136986 -0.171290511421833 -0.130987685316046
0.0257404000317879 0.0578260245459805 -0.10994218419639 -0.208108838286099
-0.0641457591327741 0.0671153470266799 -0.0565787833447307 -0.226257260960103
-0.101704640669386 0.0225951859382787 -0.191648588093931 -0.218879061977637
-0.142323113299832 0.00779056376958223 -0.124759441773324 -0.198732248726944
-0.0611020332327607 0.0633220650204197 -0.0349576700684046 0.0683509140534269
0.0174085507794571 0.0568329315983996 0.182509222355222 0.0110729888225575
0.0289441366841133 0.014971731549579 0.170922791388802 -0.167156064758945
0.0103236325063285 0.00412198740941288 -0.00352966531843285 -0.245780552883571
0.0203234058819808 0.00837699919462123 -0.143265580079657 -0.155102432599188
0.0196157832638764 -0.0103928845714656 -0.167513187575833 -0.0475313851620979
0.0149516050948181 -0.0169450224673698 -0.145063534429576 0.00433150925736924
0.03381799478335 -0.0128978698439563 -0.139498269663679 0.0339810113381832
0.0448075291104313 0.0135527602203654 -0.160038087727983 0.0355849340624414
0.0320007608661194 0.0326212812535589 -0.180315963552155 -0.00985914067913485
0.0227366386927965 0.0739007618628948 -0.178052218329866 -0.108173416339474
-0.0533362690123273 0.0867918753965565 -0.125122087906249 -0.183305841407055
-0.151959681018469 0.0236109251403915 -0.0663040517302279 -0.17992204832739
-0.190043663091811 -0.0590909031161753 -0.17136341720239 -0.165781746968601
-0.206715308229207 -0.0663274139116314 -0.0608312243048581 -0.187628624877822
-0.162816504555281 0.0282284433082307 -0.0164398654017504 0.0807176590438262
-0.0723247735120814 0.107351168963826 0.203913385617886 0.0371912547879634
0.0112145682710601 0.113571098725027 0.206334266675034 -0.15763691685205
0.0484285434847487 0.0698954705300351 0.0291712257037171 -0.247574927980638
0.0742422328796691 0.0405398377690408 -0.120177693694494 -0.162814504319264
0.0797712891957006 -0.00872814186816395 -0.144547166138752 -0.0517584978491494
0.0682079918281463 -0.0263886353781832 -0.121012906143926 0.00134226022188555
0.0825073391742296 -0.0179642737527977 -0.112027545999146 0.0387011158815527
0.0905441255465821 0.0358180621922621 -0.13339964222105 0.0556262591334322
0.0604101187620737 0.0778362257210111 -0.163007599566618 0.0287040597726767
0.0190150739228887 0.143470910267456 -0.186818218441009 -0.062152976030771
-0.102672716269616 0.132958344327953 -0.151131995934541 -0.145974293594358
-0.219185184271508 0.0128678976191092 -0.0722551272656334 -0.135849370311926
-0.260252621338396 -0.110961124552025 -0.125593443475464 -0.0949772548472885
-0.233329522325848 -0.136565863674882 0.0187820548039694 -0.135034890827829
-0.243747599373606 -0.0315243212600081 0.0128401121962974 0.110800593633668
-0.169287828911411 0.126726740072586 0.215308920280152 0.081295376373775
-0.031609007347081 0.198783394995011 0.236842938058467 -0.117524085088099
0.0692837904391184 0.138555247812524 0.0738192653188525 -0.220038638128893
0.115237866077033 0.0776963059262664 -0.0719203657685291 -0.155600961381201
0.129010993674892 0.000295126304083515 -0.0995365130887946 -0.052531512942811
0.111649665333326 -0.0317285540331283 -0.0802934734256896 -0.00214228022737976
0.119772260162221 -0.0254077109480108 -0.0690714187666354 0.0404007733634429
0.126233474528886 0.0433213263886619 -0.0911401039814691 0.0728805881827614
0.090249338383211 0.102667191833983 -0.128521365925374 0.0709424038154205
0.0319489978103607 0.192277945155601 -0.180190187284395 -0.00659332920895221
-0.123154603288765 0.173474469737475 -0.168841044525059 -0.0990368362069012
-0.252868295138784 0.0178051007042852 -0.0677044074175992 -0.102610285916747
-0.294416527701379 -0.137734521223213 -0.0619140734798332 -0.0252213644862999
-0.216674379094706 -0.182649310026625 0.0991605817417594 -0.0472615053870771
-0.272231033918007 -0.0994619557770635 0.0474834606117157 0.153205149251827
-0.237211140607972 0.10275223480257 0.207751298276095 0.133636310175752
-0.0859699822260995 0.238667305805159 0.248033238581946 -0.0518568378406787
0.0650884608737855 0.186479229370216 0.1186078345317 -0.161284744643895
0.132991605050572 0.106680661722681 -0.00865298606300706 -0.128825030634675
0.156051495884952 0.0125846757529478 -0.0401763136799382 -0.0471612090574157
0.138668508879733 -0.032108138678728 -0.0280524383507802 -0.00486366826102758
0.140914972634248 -0.0314048475336494 -0.016993736616474 0.0388940244936345
0.145186321062286 0.0421141121071463 -0.0389236463777127 0.0835721982338012
0.107282656856871 0.113262536064386 -0.0818683308187372 0.103758667138576
0.0368080262656388 0.213590279366606 -0.157212207767535 0.0420498220232129
-0.129018750301643 0.183570577623914 -0.171006555155651 -0.0535688788529498
-0.253698833982514 0.0123562188833022 -0.0559857159140236 -0.0793637883790856
-0.284104377799044 -0.146999046859541 0.00733426641886882 0.0342575464075224
-0.163094741647402 -0.188561536674943 0.165399827721301 0.0565605947492128
-0.237819436133265 -0.143966599041968 0.0763929374142499 0.19803060968241
-0.247100425911453 0.051034766164206 0.181211917752253 0.179239346621263
-0.122117918563232 0.220526992920122 0.231049250523643 0.0210843928609675
0.0440095193585282 0.19418803798123 0.146671709328537 -0.0855411399061693
0.12404308195791 0.115786286929166 0.0548157409993461 -0.0880130379420302
0.156734611050952 0.0203048265407126 0.0228709992633298 -0.0366342845562904
0.144518684080524 -0.0286792911267394 0.0273141215702399 -0.0074490951844113
0.144689263404769 -0.0314058131663305 0.0365025588428404 0.0358580598389582
0.14619616893622 0.0375823392510848 0.014843372073764 0.0898867294749305
0.107588256875132 0.112747512912037 -0.0343824411895929 0.126662284420498
0.0251476497816348 0.20989162719431 -0.127836970962666 0.078212224842768
-0.133095763845984 0.160470151684679 -0.161227854723451 -0.0177250523403081
-0.226708505364268 -0.0108610104588352 -0.0412689837176896 -0.0625938690115862
-0.230699690447649 -0.150192505105292 0.0657601658476625 0.0849509150513265
-0.0825930158782248 -0.150780454879039 0.209106018530008 0.151279400371966
-0.15430843029064 -0.146868193994868 0.0946506541854801 0.231353862165678
-0.196192686118339 0.000448598663723982 0.14392354244574 0.208806291922605
-0.121339204960039 0.161865666184489 0.198609207817038 0.0810354166578719
0.021251892989579 0.159219346270455 0.159843408732623 -0.0173936160658522
0.0943434285355156 0.0990644747878476 0.108079876305418 -0.0473043034172779
0.130007442145486 0.0215770959319938 0.0786179787087114 -0.0265270583336423
0.126963034914112 -0.0224581785057322 0.0783204061028936 -0.00880094990993745
0.129527329670878 -0.0243337653229606 0.086509517486583 0.0337262715569883
0.129880164759215 0.0332341314683274 0.0631500992108709 0.0960186512648563
0.0920939205324162 0.105431835707507 0.00372127145966551 0.146198042821878
0.0016607561586569 0.18488802553138 -0.105446419801764 0.104317679978892
-0.130892139191518 0.112621772730879 -0.149567570876219 0.00734261140567606
-0.179706455126139 -0.0456765334966619 -0.0295371807648784 -0.0486432360439586
-0.144975341805216 -0.14078257206659 0.105795753967747 0.126840764077975
0.0109349663198517 -0.0827787196443451 0.223660834629448 0.214060703975095
-0.051609052953387 -0.110579771000881 0.102696810663251 0.240437014511813
-0.10889985024777 -0.0287315140994473 0.111035140287739 0.219528498882609
-0.0863843530092602 0.0870457162994287 0.170289776359929 0.117809568589607
0.00470332474296699 0.0969658634484005 0.164953907102469 0.025069447336114
0.0538122742573108 0.0633665017618786 0.142685277353286 -0.0214973138891938
0.0835655602223049 0.0170577736441103 0.11875992050794 -0.0217614630002818
0.090536888049292 -0.0130352541277216 0.116439248131277 -0.00893177327716285
0.0960508795419733 -0.0130173571226865 0.126106043140592 0.0331332719228137
0.0971786781558469 0.0261164039157512 0.10066314466886 0.106596259836689
0.0651328310975368 0.088309907085408 0.0295121079253322 0.168207734531524
-0.0222274723667933 0.139469466322623 -0.0974332366891417 0.127958084520738
-0.115217193649052 0.0520173616740146 -0.145050963662405 0.024100552823111
-0.113281134393808 -0.0743444478298064 -0.0251350557109665 -0.0382690027439367
-0.0413587791645246 -0.114210574712508 0.120905839871265 0.157881168925686
-0.048745746578958 0.0698110103647851 -0.173178619983069 -0.159361545674671
0.0409622881141906 0.0670044260629811 -0.0354214358898092 0.0773887094162461
0.0801010778370742 -0.0119113500048429 0.165160058218415 -0.00424876917326828
0.0220796642593166 -0.0712305240894246 0.135271813396793 -0.162434664530053
-0.0323077112211555 -0.0444079947034409 -0.0276935209112298 -0.225850893790235
-0.0331978997448834 -0.0121830501190556 -0.146901665452945 -0.134319961104184
-0.0386548060551918 -0.0028822982581521 -0.166077437561094 -0.0326324527437156
-0.0393938266863918 -0.00206212694555016 -0.145635803657269 0.01556898538637
-0.0223892500621846 -0.0127827557580511 -0.142417332528977 0.0386826989484743
-0.00409102789978944 -0.023141188454929 -0.162600813360335 0.0335959613207105
0.0133593191137647 -0.0283145756537471 -0.184394322547508 -0.018978368443099
0.0533888440192821 -0.00419944694710555 -0.177029592074519 -0.120688615735115
0.0276620706053666 0.0563613823428054 -0.117843608179277 -0.200497866371859
-0.0602363128332374 0.0709400512113287 -0.0657098196254265 -0.223670726565557
-0.0974741478647475 0.0277715736459451 -0.200912002270742 -0.206959022495248
-0.138456923399492 0.0152040729284194 -0.135384937938814 -0.18659981731685
-0.0564098500754702 0.0656228947623431 -0.0313165600286579 0.0719753309233084
0.0208269091782426 0.0543119694173323 0.181222186811667 0.00236577540612924
0.0303833676736938 0.0132699862527875 0.159503378633585 -0.173695075600769
0.0110815985087694 0.00380046326043424 -0.0158761995049748 -0.242639909110228
0.0206462243786134 0.00622060571032381 -0.14915509638647 -0.145185365824072
0.0190915220352274 -0.0113575914981234 -0.166825687464678 -0.03740247248816
0.0136245749395423 -0.01625230919146 -0.143077971777084 0.0125024980959102
0.0327824657649649 -0.0146345316943336 -0.136362258409782 0.0417879398242529
0.0450656333000177 0.0112170842441593 -0.155438130868601 0.0449053062017183
0.0326839712846835 0.0310521345357225 -0.179241336191986 -0.000869700644563121
0.0265367898676022 0.0709235213694641 -0.181324721021258 -0.0972417163982145
-0.0482174515529335 0.0893071748195196 -0.132211696886736 -0.174864295661912
-0.149525185187759 0.0326222143897765 -0.0725865781744197 -0.176225214754676
-0.189346596268535 -0.0476833790176746 -0.17768272289778 -0.156090024486841
-0.205480182563087 -0.0537325802497319 -0.0720852782328148 -0.179409921736167
-0.160214708947717 0.0374744099977883 -0.0134806692567069 0.0829463745672838
-0.0645729960801341 0.109119386905914 0.202807513476464 0.0272530270617383
0.0189941959889798 0.11133189919886 0.194903476556736 -0.166291353607943
0.0519796517342669 0.0665090950806753 0.015068389548911 -0.245842392611902
0.0754643415399746 0.0352520585456778 -0.126612522191558 -0.153628165037737
0.0780194679061899 -0.0127394335322499 -0.144619860559748 -0.043514102711998
0.0647797465041308 -0.0288444910675615 -0.119909752225607 0.0080690737378856
0.0802184249598342 -0.022624764950964 -0.10878129473921 0.0446317711079744
0.0916734853893355 0.0301653515613733 -0.128318105938389 0.0626165424166764
0.063598453426863 0.07317733409544 -0.160308871075323 0.0371978690486494
0.0272484242872277 0.139785330892432 -0.187756351226069 -0.0506878008232707
-0.093860293214698 0.136440155401583 -0.156400307180292 -0.135577326680391
-0.215395590454134 0.0248032763062101 -0.076404363689535 -0.133084896738947
-0.260709941811343 -0.0947056501347355 -0.128276324288039 -0.0888287367301257
-0.236366782269034 -0.122209237061377 0.00864953960190253 -0.132417412117816
-0.242518822658497 -0.0170812897572119 0.016604028865406 0.110748559255276
-0.158302821221921 0.133957836614618 0.216487742316408 0.0702796906107602
-0.0180395561974422 0.198037568437223 0.227236917339009 -0.127985743860246
0.0768800415544875 0.132772996814658 0.0626318562986058 -0.221333229245829
0.118766193222257 0.068906316166017 -0.0785813581337121 -0.14983896383939
0.127052122028398 -0.00690866245195831 -0.100711980639375 -0.0465950926980314
0.106958894404999 -0.0373725699786674 -0.0796524182073869 0.00239183382654356
0.115863427917 -0.0321312481279064 -0.0662288262780407 0.0429842967794303
0.126521226024113 0.0358724049296214 -0.0854150998350982 0.0783853361110238
0.0943734894585223 0.0967464791760728 -0.123705461325106 0.0778688105265352
0.0423017555244247 0.187418050509688 -0.17833189518432 0.00376428497424184
-0.110211233842005 0.175899004148771 -0.173119344156886 -0.0868882232722076
-0.248810872351108 0.031396896169689 -0.0712881843666555 -0.0986884102756263
-0.295537968664418 -0.118239878148361 -0.0610552071122384 -0.0246858178499336
-0.223086149770683 -0.168651272544391 0.0936788333404233 -0.050712465258766
-0.274612375550105 -0.0830586128685443 0.0517929630800659 0.150620120651888
-0.227161775060478 0.114229236103116 0.211844540742332 0.122722013022749
-0.0693234387083035 0.240087111726662 0.241676796719811 -0.0632346116154881
0.0759295802956567 0.179591547504113 0.108865403908012 -0.165765707476341
0.137099036549467 0.0969291540294165 -0.0145478247257921 -0.127443572617526
0.154583997659732 0.00298777721858285 -0.0418109074718771 -0.0452506876922157
0.133379145836339 -0.0396665321649624 -0.0286664281126718 -0.00381275255478894
0.136551263948414 -0.0391019251279378 -0.0152020477924519 0.0388694719493229
0.144973380865662 0.0334886962489899 -0.0335551822820658 0.0852287160622052
0.112467970749645 0.105078635174744 -0.0761808700863045 0.10706341912796
0.0496929986529672 0.207838818837329 -0.152540524112227 0.0509589028861704
-0.116636600808917 0.187221465844929 -0.172572444727168 -0.0424138716448674
-0.24944638093355 0.0257433015250831 -0.0591464534076304 -0.0761826386562242
-0.285734870964888 -0.128538448898884 0.00938429039543692 0.0316547566480306
-0.169544610177129 -0.177255233872106 0.165332014498478 0.0482115135765969
-0.242330056925896 -0.129084878818863 0.0837500877223215 0.193244588665191
-0.239395702681242 0.0629367111927436 0.187388126964936 0.170268289589096
-0.105592484295441 0.224311256924936 0.228538732985395 0.00968458246241571
0.0557685412435446 0.187794395790318 0.141091943157248 -0.0929943276102316
0.12899896010424 0.106404412588898 0.0502804179094188 -0.0906303591341083
0.154768633173954 0.0110671800912931 0.0203604700105019 -0.0383131369663221
0.138396593873396 -0.0374925003811719 0.0259705990264078 -0.00931471839919273
0.139505783018791 -0.0391716440964591 0.0377204998373794 0.0331440548349143
0.145757775782506 0.0279867788925178 0.0201575015165625 0.0887325077785659
0.112464000346546 0.105049214850284 -0.0274720544668635 0.127834119975987
0.0386640776084289 0.20550671311742 -0.121855868685176 0.0847954514796503
-0.121968665895667 0.165029207751656 -0.160194147376844 -0.00651066247032957
-0.224734737120284 0.00122882861686518 -0.0442310773408559 -0.0605575399569074
-0.233775125670678 -0.13324319791069 0.0705679446289714 0.0770794884972337
-0.0881315496516484 -0.144303174633326 0.213119851785069 0.138976905482705
-0.159437802595112 -0.136591500801467 0.103094501040726 0.224622085640504
-0.192208300525418 0.0108995989051145 0.151965988823686 0.200395852874384
-0.108409890051702 0.165643873000641 0.199719519312813 0.0702157427168237
0.0309689929280862 0.155038723221159 0.157863967973859 -0.025150940578623
0.0996337994626159 0.0916347294820608 0.105172678764095 -0.0531534183548176
0.129127986066623 0.0135052775920225 0.0767608867697946 -0.0316026471507947
0.122456603856046 -0.0303771869269752 0.0759543162254998 -0.0139306677116337
0.124939832326335 -0.0323849650896155 0.087306676226994 0.0275476293743081
0.129195088546994 0.0248620383098375 0.0683531382129719 0.0926994011992221
0.0963854833947601 0.0985093195611797 0.0112319677587871 0.144634145989382
0.0135153514208612 0.18257451341266 -0.0986676178315879 0.110204612140748
-0.123059527415448 0.116749295065729 -0.147741680854662 0.0174666611428787
-0.179950293267136 -0.0360030070320653 -0.0315853328118355 -0.0470514518110914
-0.149044265479162 -0.129635005557874 0.111445959851595 0.116703837229939
0.00692178506310566 -0.0819754420084935 0.233101139738946 0.1994723071372
-0.0565839677039485 -0.105532130862764 0.112345442675096 0.232086441858037
-0.108434320466232 -0.0224874078798559 0.119984958583953 0.212606147272139
-0.0778033458354003 0.0907917955708228 0.174048865684568 0.107852123620203
0.0104784033805991 0.0948448407907193 0.165502494552861 0.016587088665229
0.0568305289673587 0.0587257327382558 0.140540300730874 -0.0300184472731798
0.083261040040539 0.0119517175965373 0.116392704518335 -0.0280889592153828
0.0866990121462963 -0.0190860732253371 0.114135519021635 -0.0161788529718202
0.0930520701671152 -0.019339629632212 0.125421949232368 0.0259515758009387
0.096455039873191 0.0202767134565288 0.105883609651763 0.100239365527579
0.0697432963205725 0.0828038492276844 0.0374439821856049 0.16490160726013
-0.0127833797412006 0.138702412898815 -0.0891472330503448 0.132422708655962
-0.111026292601697 0.0567440139408635 -0.142524300096645 0.0336280592637125
-0.115015140101441 -0.0676009820411082 -0.0269235132291697 -0.0371193865192721
-0.0453738327251563 -0.108721547720998 0.129459143026839 0.146379790604522
-0.0453880241955793 0.0686353914063864 -0.173775130992067 -0.150726601382853
0.0411939771043963 0.065366293830827 -0.0331117628543091 0.0788022139419266
0.078096238218756 -0.0129318561496255 0.162975495059244 -0.00664304546147597
0.0204390841894561 -0.0708565935837334 0.131395971216824 -0.161478046610947
-0.0323549002426878 -0.0425325817034603 -0.0305976580428486 -0.221903923881366
-0.0331750251958263 -0.0116488482772835 -0.146503514669283 -0.129866475097854
-0.0378192118363615 -0.00199867692487723 -0.16273648855177 -0.0283240593652798
-0.037818626860774 8.30397238975626E-05 -0.143049585451724 0.0180295581877238
-0.0218155641749679 -0.012369431909606 -0.14038977673663 0.0405768731600506
-0.00435947988032071 -0.0216832286510412 -0.159174114468182 0.035133435515426
0.0122719784913103 -0.0279536206953796 -0.182357613221146 -0.0147847295998771
0.0514134765038684 -0.00534166525276174 -0.176025366474101 -0.115929441418337
0.0280167238200393 0.0557018945511788 -0.11748902773501 -0.196098774040102
-0.0582481082642112 0.0722170389231012 -0.0660411567446339 -0.221330033054945
-0.0941163847361671 0.0282764987975226 -0.201590561499768 -0.201423828215599
-0.134150811732931 0.0167896962065159 -0.137929731964414 -0.178434502278986
-0.0542927128735771 0.0665696944090293 -0.0301583713037678 0.073657828028408
0.0212811956307555 0.0526741254857725 0.179685124508157 0.000522298407660939
0.0309398074211646 0.0120519680616049 0.154187766040326 -0.172587471146806
0.010991399302471 0.002830941149365 -0.0192973961150447 -0.238649762285041
0.0204365281001508 0.00560904336310068 -0.148010378594539 -0.141269122501978
0.018541039880714 -0.0118077388783801 -0.163851315846301 -0.0338543517026119
0.0131751087055747 -0.0155861640963983 -0.140245461755695 0.0155985663620868
0.0318596251286799 -0.0149966483743084 -0.133721529733455 0.0443276809146807
0.0447307001479761 0.0106946238751456 -0.152039449254489 0.0463940649133878
0.0326546989348332 0.0303973785086378 -0.177084710600598 0.00252821446956928
0.027008901803646 0.0689557374875459 -0.180669257373651 -0.0931850459838267
-0.0453663648475255 0.0883439789283305 -0.131440611294533 -0.170463107048842
-0.146336450165693 0.0347843660322339 -0.0730011176628729 -0.175352947113578
-0.185256779861187 -0.0433136894232245 -0.176541901562663 -0.151829546930063
-0.202191670370851 -0.0501418298425272 -0.0755964774449444 -0.172638520453667
-0.156504483653179 0.0395731452384382 -0.0127371868683508 0.0845610709141315
-0.0608350486496096 0.108279537515451 0.200326226048644 0.0250487787286619
0.0217048395363801 0.108370478756039 0.188919940799672 -0.165581896875301
0.0533038010227814 0.0642321481154588 0.0116037367925379 -0.242869619264648
0.0746898477806094 0.0321768444966893 -0.125897612620154 -0.149268979888693
0.0761119453723248 -0.0144375878323735 -0.142238530498227 -0.0404562639054626
0.0624655605050254 -0.0288551441544383 -0.117729954500469 0.00998287589685244
0.078270164718049 -0.0236804158562887 -0.107235464783583 0.0460979099204827
0.0910569410085202 0.0286590488583075 -0.124635600434499 0.0636869724082963
0.0639969577164223 0.0712458218288784 -0.157733543078732 0.0394729816984451
0.0294836014139315 0.135708839826049 -0.186359897327038 -0.0466988943431426
-0.0890235027123976 0.134519376345815 -0.156574777434957 -0.130317063589377
-0.212526147450705 0.028441399739714 -0.0757106283035423 -0.131933755315181
-0.255327304492012 -0.0880980688384029 -0.127882072200931 -0.087489979240802
-0.23343751552848 -0.116574302893658 0.00490085927931321 -0.127823414453073
-0.238787440127088 -0.0122186072107138 0.0165862331471552 0.111269929413504
-0.152310464916568 0.133327866893012 0.214079335682925 0.067359436573264
-0.0120313621780464 0.19362012513398 0.22139352916398 -0.12851017769735
0.0791350517732889 0.128388010099923 0.0581517424888402 -0.219590402517143
0.117488034465503 0.0645691944014667 -0.0787690341653297 -0.146144219731839
0.124651279165361 -0.00996795610288079 -0.099811566347554 -0.0445819777591245
0.103169206098508 -0.0382454922420596 -0.0782557695434977 0.00359502762660739
0.112632419545726 -0.0339284108882466 -0.0655196290511512 0.0434520453698592
0.124883093374687 0.0328649476473391 -0.0820669848440928 0.0789939789784763
0.0942372282574764 0.0934756309943332 -0.121110818932859 0.0783715221781657
0.0468731607876554 0.182038981351786 -0.175314437914865 0.00770652836961886
-0.105554435454344 0.174246765710159 -0.171193009893757 -0.0824438288130336
-0.245114023994909 0.0354934878172272 -0.0708885701511577 -0.0983821933126764
-0.290225868569918 -0.109851414808114 -0.0599450252309871 -0.0249160782696328
-0.221194034169206 -0.162602241489707 0.0898841042783933 -0.049764839029964
-0.27115126763448 -0.0757278091691762 0.0516208836410148 0.149356200034607
-0.21933242225045 0.115757008847927 0.210149067931909 0.119576673378754
-0.0602894519387996 0.236416641302278 0.23563004928795 -0.0645535991924765
0.0790407474756483 0.175139464263795 0.105034201097531 -0.165378476925333
0.136568450553253 0.0919461368566097 -0.0155700007158102 -0.125092511533058
0.151402998072481 -0.000650784850120962 -0.0425118644679492 -0.0435796217145054
0.128106194173191 -0.0422129253063705 -0.028429628262016 -0.00402503420923405
0.132683796268927 -0.041289119434148 -0.0161107890611583 0.0381472864141475
0.143231431099356 0.0292257806435785 -0.0307595498356955 0.0851231415177349
0.111972546954041 0.101610566928025 -0.0738595046144089 0.107105985389507
0.0540144075020327 0.203317352518681 -0.148649386882104 0.0535231811432511
-0.110678654188545 0.184291115180384 -0.17074922463949 -0.036558880318296
-0.245581719404374 0.0300274184690325 -0.0594058631083589 -0.0762949887027111
-0.280357548464349 -0.120122106981233 0.0102553371884515 0.0283555936664095
-0.168630421654689 -0.171414075819597 0.161852576713799 0.0462075655804644
-0.24006016627896 -0.122291207776635 0.0835487452703916 0.190785613942968
-0.232800370109758 0.0656147885994967 0.186395026919231 0.16533539209594
-0.0970443199708202 0.221500079909998 0.224458382743112 0.00729575683614078
0.0592626632992256 0.18322942682458 0.138001757489983 -0.0935375814628246
0.129465963198531 0.101484873220797 0.0491520934380501 -0.0905629400875636
0.152522420685192 0.0076019845687926 0.0198389538907158 -0.0382681195225757
0.13354420460672 -0.0394837075462307 0.0247177934364667 -0.00998620282662959
0.136326238201734 -0.0418624922870303 0.0367030859261065 0.0310525105188112
0.143396408908799 0.0250969243206086 0.022040192513049 0.0868256517964057
0.112051882965526 0.101322669646511 -0.0256854264576645 0.125808906107905
0.0431745091310341 0.200443098454273 -0.118477851052325 0.0865195836349977
-0.115973628522492 0.162775590530005 -0.158822086934919 -0.00266251335270625
-0.221469701388045 0.00511989249443517 -0.043783703664268 -0.0598359723491238
-0.229981301065127 -0.125431733103639 0.0713190535434478 0.072715070099654
-0.0879797341266027 -0.14005265876892 0.211051040674585 0.133503737316077
-0.158962574572092 -0.131497432073013 0.103236471596603 0.219963765891042
-0.187524875889772 0.0132849475484311 0.151829573807348 0.196559406979548
-0.100908790605065 0.164220022053314 0.196492690295815 0.0673249049812265
0.0339233531024322 0.151475763243753 0.155791945121363 -0.0279277300563878
0.0998669630109255 0.0873589891263779 0.103497539941447 -0.0552465402652905
0.12704581809304 0.0103058462939739 0.0752032418297111 -0.0332227680162951
0.118185155440686 -0.0325018814455579 0.0738731753990214 -0.0154613323326219
0.121525688786595 -0.034995447786849 0.0846832411869757 0.0258498156184708
0.126795894732594 0.0221128258188565 0.0694490604954087 0.0898490982710518
0.0968339088131761 0.0947004387029044 0.0132547707977867 0.142849272409382
0.0185364487026636 0.178651440759031 -0.095337488886234 0.110036989041562
-0.119331971149973 0.115436259211582 -0.145795113039846 0.0214354645806705
-0.177261783034728 -0.0316991773858541 -0.0317197561621097 -0.0468514696441821
-0.146565110766937 -0.123558620397245 0.112681483588382 0.109793698186788
0.00593003988193329 -0.080968872010779 0.231654269401703 0.192894634144259
-0.0568193265318495 -0.102863091656771 0.112761855267583 0.227999728158169
-0.105966236194715 -0.0204438872718862 0.121209164165229 0.208720192316755
-0.072415787135764 0.0896877161367192 0.17217538757043 0.103814341798573
0.0124693748444309 0.0932261155322746 0.164706196990556 0.014015131359782
0.0571484298817152 0.0572902428156594 0.138695138742494 -0.0325310129769442
0.0816410201061959 0.00981329490393283 0.115113270631294 -0.0305384266629531
0.0837395985024377 -0.0214319365717059 0.111023659804182 -0.0187804978862042
0.0901247373409552 -0.0219637827480637 0.122753661354005 0.022860360035618
0.0942949685311687 0.01774427661062 0.106665802407457 0.0970268536356829
0.0700895581742814 0.0794249416003082 0.0388106338703824 0.161268228064985
-0.00837663867028995 0.136109716796508 -0.0863161652824872 0.1329180599694
-0.10866234578392 0.0560898039804639 -0.140577527254983 0.037411183744735
-0.114428935016853 -0.06338386480795 -0.0264625116826217 -0.037166369537248
-0.0446034326703931 -0.105007358101943 0.129656690753901 0.137941722433899
-0.0448944318952706 0.0678796994769931 -0.174625686237721 -0.150743360356765
0.0409109361243134 0.0664009142056379 -0.0323575357227489 0.0815841155407674
0.0781264293840239 -0.0130159080345723 0.166091967720625 -0.00466347182016249
0.0211873704855543 -0.0718696522405377 0.13491445909574 -0.16048841300577
-0.032603932053759 -0.0430603590621458 -0.0284015045282524 -0.224746075594465
-0.0332309895604904 -0.0117047878021093 -0.146721843861934 -0.132290703375042
-0.0379061602879899 -0.00214448772293299 -0.162497205727252 -0.0292018437553869
-0.0371281375141233 0.000432106770199349 -0.144619777622514 0.0183219213477373
-0.0213567333028732 -0.0123957072455936 -0.142059030037442 0.0414918770035221
-0.00363381928023272 -0.0218107488369261 -0.161293254222309 0.0345545125462379
0.0122869251680356 -0.0279886916158631 -0.183317932552558 -0.0165192542131033
0.0514706658059626 -0.00601172009595618 -0.176655433292708 -0.118613060588324
0.0278166646046158 0.0564297164578511 -0.114772795862224 -0.199490055795883
-0.0584126817376744 0.07398481894304 -0.063548128565049 -0.225521679391678
-0.0939587432129927 0.0270733102272783 -0.201459986297683 -0.20556394459313
-0.13437092283321 0.0151378932641972 -0.139172078041186 -0.177921692824258
-0.0550515729876334 0.0665809875691109 -0.0299741603403798 0.0770998869370831
0.02100269846006 0.0526430629455299 0.181504748784256 0.00244382898419026
0.0314873321804829 0.0114648565570264 0.158180808239338 -0.172364030497547
0.011788972899234 0.00332922751652212 -0.0173437593813657 -0.241912768680774
0.0203522782202594 0.00554280412445675 -0.146961808242578 -0.143408088095073
0.018713704593672 -0.0120058187282445 -0.163716906434573 -0.0339625508855067
0.013382536791154 -0.0145307858014263 -0.142020048349951 0.0155587987655196
0.0322839321878601 -0.0148893626035067 -0.135484606513559 0.04388627942554
0.045354017039895 0.0111764310022959 -0.153534538618597 0.0457467452991615
0.0322921551229423 0.0307715569528024 -0.178401808798724 0.00198492428401104
0.0264823408755024 0.0688959641932593 -0.181164594643342 -0.0949033779915662
-0.0459930054988648 0.0883469908534996 -0.130534249354163 -0.172677395972443
-0.147885167459043 0.0351597496789751 -0.0710426183125276 -0.179576592561703
-0.184660160363024 -0.0451641170521673 -0.177194861389972 -0.155388230616665
-0.202052209645365 -0.0517108408140226 -0.0760258068039964 -0.172313261817884
-0.157676706102065 0.0392244800804386 -0.0138406840611005 0.0884417722561721
-0.0611648292928149 0.107822010859468 0.202448434665634 0.0286286831454502
0.022389414350153 0.108311638849658 0.191733483440204 -0.16507588451334
0.0535397936148604 0.064407590270602 0.0139288542213398 -0.245529177343401
0.0746947423320721 0.0325153843355625 -0.12521532143085 -0.151659934115171
0.0767662641844477 -0.0144597913346339 -0.142700831986226 -0.0405797330346673
0.0619062627906 -0.0281766992657219 -0.118742469904196 0.0104044368748973
0.0788935665176971 -0.0231080658360925 -0.109396017608913 0.0462630667293695
0.0912087155331696 0.0293487920799141 -0.126207598454667 0.0640139122338294
0.0633117949016461 0.0726000520597298 -0.160096018779791 0.0391801204732167
0.029534376016936 0.136163917340481 -0.187171387540621 -0.0479681860079228
-0.0903759217470871 0.134501229914095 -0.155788909201957 -0.131845868704859
-0.214295566282512 0.0277305970597188 -0.0742012789101542 -0.136364857806161
-0.254251082178478 -0.090493246074375 -0.127726981905421 -0.0914261236425421
-0.232881459092391 -0.119465321756693 0.00442194936202441 -0.126809164531699
-0.240054681572672 -0.0137495639880505 0.0143472123687719 0.114793907064298
-0.152193138534138 0.132995961211109 0.215536891226332 0.0715535666440936
-0.0107548274067175 0.193961481210032 0.224114678972602 -0.126951233010038
0.0798024880861092 0.128954891961217 0.0607481189060012 -0.222449219394625
0.117612548847692 0.0647722262362278 -0.0783857811186453 -0.148031496404333
0.124726507378411 -0.00983966248123219 -0.0995410033309558 -0.0450120855573831
0.102034293288855 -0.0379886955457076 -0.0788713243055453 0.00335561879002358
0.11331168756288 -0.0338902552884951 -0.0669120371917585 0.0445132049047958
0.125942494783459 0.0332813468163912 -0.0828375157350009 0.0788784250677274
0.0945256736218084 0.0946775881942749 -0.123504669123878 0.0787256651074427
0.047174364685232 0.183154983141955 -0.177487533025982 0.00639256520889519
-0.107078661398278 0.173341051953335 -0.172352247077516 -0.0831149657142832
-0.247643037586728 0.0337777942477975 -0.0696843519950283 -0.101371127485504
-0.288659739941347 -0.112015128834942 -0.0607802483259111 -0.0285888565035621
-0.220184359994156 -0.165597881332438 0.0896019526383647 -0.0471164503446519
-0.272418507941697 -0.0777187721257061 0.0492071866134178 0.153149364662007
-0.219897210435768 0.113847089115921 0.210564257203842 0.124258891424685
-0.0593975105860089 0.236340895554721 0.23845212425736 -0.0619295160417932
0.0796799987184589 0.175579608306983 0.10710199804596 -0.166771560803424
0.137042176546894 0.0922020587977672 -0.014147262892407 -0.126278947270518
0.152981911521847 -0.000670084250681727 -0.042312122486115 -0.0444663084434053
0.127916610970849 -0.0420057446294868 -0.0287246289685011 -0.00277063746293357
0.132465153428582 -0.041099999554474 -0.0166657555423635 0.0393345684369781
0.143704370051158 0.0303077570471086 -0.0310376736640085 0.0862810393954872
0.112501695485181 0.102338373878417 -0.0756459592789283 0.107786806829021
0.0548907713049018 0.204156972842708 -0.150350375508511 0.053329262326479
-0.112334208819122 0.184045984805009 -0.172327040137124 -0.0363005874048642
-0.247960411613328 0.0290439670779892 -0.0581285749550153 -0.0787230194424995
-0.279428923579371 -0.122371956098091 0.0106088326159671 0.0259453704451603
-0.168034235013308 -0.173766776882587 0.162164033812159 0.047948838460885
-0.24062030044279 -0.124414253386117 0.0810761022771564 0.194043492819083
-0.233348026583409 0.0640729178039453 0.187139269222978 0.170551948990484
-0.0969410085647276 0.222174494486438 0.225356056431292 0.0107958680545776
0.0592070932668993 0.184067839095573 0.140711589709069 -0.0940578874592874
0.129436929353409 0.102173365472881 0.0505213594217977 -0.0917486764228933
0.153946427690737 0.00707567974201539 0.020227005806916 -0.0389160926173307
0.133076325087333 -0.0400472892323553 0.0248174685106137 -0.010043240786933
0.136206530736829 -0.0424184103898576 0.036024284510964 0.0323300134557623
0.143705953001697 0.0257678169985619 0.0224810746268715 0.0883516432777853
0.112975522578297 0.102130438825987 -0.0281995880482405 0.12705746679798
0.0446864468515123 0.201670646000141 -0.120299568035386 0.0864815339190212
-0.117594107027528 0.161819739643317 -0.16039205291834 -0.00139107133044781
-0.223672324406359 0.00346514690101482 -0.0440305556612761 -0.0620794530176833
-0.227035280104997 -0.127127102428177 0.0717373621735854 0.0706934023372923
-0.0873571095789993 -0.142631076836789 0.211044130894199 0.135916760875617
-0.158264554190439 -0.13277566543851 0.101104686631673 0.224362578533863
-0.187786682490278 0.0119244678864019 0.151554355014922 0.199813009561032
-0.100051181877908 0.164078752306537 0.197807025836719 0.0701759614666365
0.0349747055462872 0.152571490497271 0.157420414372955 -0.02679755173056
0.100036938641873 0.0887365758625326 0.104897280683351 -0.0551502637892331
0.127728667199425 0.010371544409074 0.0763919119447508 -0.0330602298390929
0.117146317764306 -0.0328294933387742 0.0744379933007056 -0.0157585300189102
0.121829852890478 -0.0356662825261377 0.0838097339896719 0.0268152082744658
0.126772016685004 0.0226157522787934 0.069591878056662 0.0913271321247714
0.0973524455242215 0.0952142588174708 0.0116577713212832 0.143768560964538
0.0194502255672798 0.178983081024243 -0.096356988621139 0.110887350393686
-0.120510878054941 0.115006684694833 -0.147224841200581 0.0223067911267235
-0.178453061203341 -0.0333099907452526 -0.031926709941356 -0.048231660388973
-0.144121599811801 -0.12425044083906 0.113638349723131 0.108628852107166
0.00681032653146598 -0.0812149405074317 0.231425943065101 0.196063639784523
-0.0559451289695304 -0.104133176680209 0.110668583639852 0.231531152866835
-0.106286963677371 -0.0223524939573915 0.120297597507183 0.212112371040897
-0.0724686848784596 0.0889790140860278 0.172604726601878 0.106968782183543
0.0125449795072198 0.0934519696792814 0.166611439967556 0.0157585973284237
0.0566158229351589 0.0574452811747932 0.141067862345114 -0.0330303787568197
0.0814540195297008 0.00942575308570162 0.116610418853312 -0.0314892270782089
0.0832224352209548 -0.0216186326737835 0.111338274821716 -0.0194817091548361
0.0903012002258583 -0.0228759068035142 0.122812212551982 0.0238359404438798
0.0939981547377679 0.0177326391590482 0.106508616925821 0.098867252242713
0.0708178915289233 0.0793110824833342 0.0377127419490577 0.163730439555383
-0.00827709350554803 0.136601966770965 -0.0880042174657335 0.133522045502088
-0.110416204324408 0.0558486051425243 -0.142087175125154 0.0373618661741374
-0.113937149903574 -0.064626889550657 -0.0270169182959346 -0.0393276350916883
-0.0420161290024596 -0.105161331738919 0.130082596468018 0.137574679505137
-0.0145639505891885 0.0854988622515308 -0.227006301049322 -0.0629398382782028
0.0669860869994395 0.0443193972660803 0.00859949318528515 0.0920471737463671
0.0658079844629839 -0.0453040251487298 0.154924532122399 -0.0803708345435723
-0.0145433062732333 -0.0747933946763382 0.0555374308634592 -0.214632519824709
-0.050272337769888 -0.0233709892260619 -0.128473988591784 -0.198695138766537
-0.0362537950135334 0.00503023051195519 -0.196165000352043 -0.0602587859342317
-0.0366769880912856 0.014038695006577 -0.165856546718365 0.0446881785859594
-0.0338424678820742 0.0165766508500986 -0.128059388040979 0.0819726562465793
-0.0258424792314722 -0.00257614432644194 -0.115066554089042 0.102545782281563
-0.0125607860701606 -0.0187895827032896 -0.136214267676827 0.104599090304232
-0.00163449660397109 -0.0305612682525098 -0.177625463359002 0.0657225011089995
0.0422352410977725 -0.0293305850636973 -0.215472284951495 -0.0313418978317897
0.0508220811462568 0.0402538888512702 -0.195635752119119 -0.136406701878812
-0.022838484103394 0.0937986471532642 -0.160256307744678 -0.191373664209199
-0.0799963317007319 0.0676124564298787 -0.279720651331687 -0.115418354338654
-0.120861232613726 0.0716166412649875 -0.208987014673335 -0.10197822984331
-0.0227754297273286 0.0839728673269854 0.0082624136913983 0.0894680808503487
0.0389073376086554 0.0388491192438955 0.176062120539992 -0.0762000094259585
0.0306706127391052 -0.00328494561152718 0.0754807107849036 -0.233120268456705
0.00967879531801939 0.00140378274226202 -0.123111917646135 -0.221038619300991
0.021148881818569 -0.00120783298332117 -0.200791142222911 -0.070697069534772
0.0122643239594642 -0.0187367893217679 -0.168124990207444 0.0392754085332826
0.00807764787534567 -0.0186429459157977 -0.126207897713002 0.0780107144955471
0.0239978750746061 -0.028383932527469 -0.107309237523741 0.103801402908548
0.0489725221168918 -0.0083441187290551 -0.123642568786658 0.113207826941861
0.0435980198463353 0.0165503277088925 -0.168689113954552 0.0816789766562003
0.0512674672031392 0.0512831001398996 -0.215883164916898 -0.00605254724401901
-0.00734313198262591 0.102676252680034 -0.200296417593415 -0.107027398751534
-0.125756821533902 0.0965831560063269 -0.144999230825748 -0.149831674589903
-0.20041415031721 0.0399506508095477 -0.229378526388452 -0.0830784615635246
-0.21292734091602 0.0339170820382794 -0.151503148866713 -0.122103858574407
-0.130014067153721 0.100240344611477 0.0265514450644174 0.0959771241147709
-0.0153219607224382 0.123172866988052 0.207660625821024 -0.0559671917579475
0.062769703609895 0.0881333134456581 0.114019619981752 -0.236613130278145
0.0742551700324361 0.0402201452567326 -0.0932927253630104 -0.239082006152285
0.0836627277011036 0.000619024386907722 -0.182372766216905 -0.0877536788414363
0.0652360856882728 -0.0461401282222012 -0.149514189811755 0.0228118497497653
0.0484144471589435 -0.052467792163031 -0.106975797042176 0.0636430247434498
0.0647661511830526 -0.0556025033354859 -0.0808459442024199 0.094636468843722
0.100291006605553 -0.010624797711151 -0.0893287796003593 0.119831100625008
0.0919041023250696 0.0432792345197091 -0.136252991415858 0.111746824461769
0.0839387854014551 0.113875934333094 -0.204833927160867 0.0432606777554
-0.0303721583191564 0.165554563854185 -0.209056080867305 -0.0586997778868063
-0.192762055545083 0.118475597140939 -0.130166910861549 -0.110692065139643
-0.287268081853491 0.0295956056704634 -0.152158950360028 -0.0471695603850056
-0.269130112492861 -0.018056157456889 -0.0586432850584295 -0.114000176474701
-0.228363665714136 0.0840392845536416 0.0629560101804476 0.111261279013479
-0.0903942906259584 0.181870463389204 0.23845725621661 -0.0160363442116921
0.0679216716919991 0.179527812688886 0.163851319271858 -0.21179574639618
0.125467765895278 0.0887012755216378 -0.0352952267156177 -0.236695106358893
0.138346246184826 0.0120047605726593 -0.134863534983511 -0.106521686980913
0.112563521998203 -0.0622316255040536 -0.109494403380456 -0.000560518098712375
0.0823048048589354 -0.0781191152092078 -0.071764951540158 0.0398666238252521
0.092856241937666 -0.0798362227320278 -0.0424010741283445 0.0748686355566408
0.134837517372764 -0.0215947888337742 -0.0413725914030367 0.11580771134168
0.13180294906701 0.0516873406079114 -0.0855361962022136 0.133898102933587
0.121462847164198 0.15005948779489 -0.173965670126894 0.0934767575688789
-0.0301974986650557 0.210448264246902 -0.204717205233883 -0.00431374107568066
-0.221990232779782 0.13961763061264 -0.112037660534304 -0.0818001629176348
-0.329156735924718 0.0244125652730161 -0.0604644111352265 -0.0185240241154846
-0.275667332060848 -0.0695189986148701 0.0538826680292874 -0.0769303915712294
-0.284936563001352 0.0356994442544431 0.109963430170149 0.132564440882807
-0.160495233362869 0.191158323159342 0.253794826944734 0.0388110840917934
0.0407572901979115 0.237793045195984 0.205437383983312 -0.152204682586169
0.144513891220353 0.131194097441736 0.0351467458671508 -0.20597500018971
0.16812154550993 0.0289750395903891 -0.0650325859998533 -0.114185239765076
0.142789030073343 -0.0653204027570897 -0.053591251666752 -0.0263390509247765
0.104528074657153 -0.0928872939673885 -0.0276053323601961 0.0105208603109979
0.108004778848653 -0.0953655279683835 0.00271190221958328 0.0471191326212133
0.150845287697859 -0.0318834814363791 0.0118258321783473 0.0992646324571542
0.152254892896425 0.0511104604244797 -0.0281875573209073 0.14155753809172
0.138769482124641 0.167145699662011 -0.129631371528898 0.126839351100442
-0.0309285584404027 0.22269403966976 -0.184417956556397 0.0393355668880027
-0.224518063949938 0.135138476770311 -0.0906069572651878 -0.0643670002572152
-0.323883238611977 0.0112291826632796 0.0311103293273461 0.00286388236368403
-0.22882263515257 -0.100814703181267 0.163791086452365 -0.0189928478944574
-0.274337790554528 -0.0222012178198774 0.156071317298386 0.155588657638045
-0.192469710884999 0.149020532571177 0.248425131814207 0.091964309228259
0.00183757444165036 0.239047632213927 0.22327510283747 -0.077525610829066
0.130144280526849 0.145888115108933 0.0988835601763999 -0.152130218515013
0.164809636061907 0.0404505240339734 0.0116141240435524 -0.110090585187473
0.146379817710331 -0.0579440055195326 0.00751356598780145 -0.0496446283985683
0.109857236557519 -0.0937424153457212 0.0198761779241174 -0.0204903634797006
0.110501931715756 -0.0980203568632938 0.049266387974065 0.017180433963738
0.148231281320088 -0.0371664875264526 0.0627234839648658 0.0768095505398216
0.152783116824149 0.0500813819577405 0.0257184388612535 0.138266606103062
0.129374795237823 0.170176924885644 -0.0870100916964429 0.144472758030903
-0.0469250432405842 0.204553868473702 -0.156857436832354 0.066768982253592
-0.211904251247437 0.10054382655727 -0.0695764413525274 -0.0528723657759307
-0.275324722312151 -0.0180394842101055 0.107745234737265 0.0219955822775719
-0.139488819309474 -0.104151486030647 0.250891719840221 0.0411100118975031
-0.20132114952989 -0.0647777542326683 0.188044821876098 0.171885739437589
-0.170197919630805 0.0821528941767932 0.225809277029012 0.13229740924832
-0.0247836267236894 0.187671120196976 0.220971742617698 -0.0101359215526965
0.093837062586018 0.126159868718853 0.143900579480901 -0.0950060350417429
0.130939532156026 0.0401575040378798 0.0778641370757528 -0.10041171548028
0.123963858573113 -0.0444592465277767 0.0626663421044454 -0.0687961968635213
0.0969395876023122 -0.0804774606764862 0.0637562845132596 -0.0471407448597958
0.0998902266527738 -0.0853697613941316 0.0925909617452569 -0.0105921344725866
0.130880010377676 -0.0330261103789257 0.108131197816651 0.0578107046859346
0.135480781520494 0.0499600211049565 0.0694836103272783 0.135674445415671
0.0963610387573736 0.160520799458764 -0.0542571015387365 0.154743290341487
-0.0693185847831731 0.162457593510728 -0.133169165974504 0.0822791393648967
-0.184370562146617 0.0456434156244691 -0.0504930992196467 -0.0424598923259458
-0.193149576878563 -0.0538225837003506 0.161880773098867 0.0456799317408095
-0.0257561182727657 -0.085582515064503 0.299322586199196 0.0858551488537752
-0.0937404135689464 -0.0792038889470253 0.201231704925651 0.171937236326187
-0.106944087617009 0.0175356572176112 0.202408822093674 0.152990466468103
-0.0289971037015315 0.107195671872135 0.211827055629576 0.031634281795745
0.0497049546490311 0.0802978921797833 0.168269013462938 -0.0584067954548686
0.0781104632859489 0.029000233257624 0.119664315673947 -0.0947479014868582
0.0805646712663384 -0.0256156070803599 0.0997387313828141 -0.0840993819479366
0.0688422134575953 -0.0556875780924794 0.0967996703806435 -0.0685204805571742
0.0751459708972286 -0.0605261926152684 0.127403979608651 -0.0309688123617373
0.0976103357609025 -0.0236160559777091 0.146060345877714 0.0471582932171726
0.103330950969695 0.0452582722172389 0.10273236415719 0.141816583794653
0.0519679171406947 0.132633410850662 -0.0341540738175865 0.168470353848111
-0.0852503103413792 0.10084475802108 -0.118877624352296 0.09319674174132
-0.136479223093434 -0.0124353092941511 -0.0404578751226463 -0.0316407300118766
-0.0864157822304632 -0.0822368479211593 0.188192340592047 0.0710389760651246
-0.0128735612577271 0.089164254729315 -0.240017437456918 -0.0589884254110348
0.071729521204197 0.0457178364394412 0.0134470688400676 0.0985983765953818
0.0673014048517141 -0.0490589772097991 0.163825250444251 -0.0884966317898788
-0.0172940144589029 -0.0790678531892811 0.0561492618016311 -0.229167728865042
-0.0531671513598004 -0.0239913834988017 -0.141230196964415 -0.209015711945341
-0.0379342879718637 0.00589592359716561 -0.20909404969918 -0.0602380801593698
-0.0377225162602283 0.0155333311217619 -0.172378547768745 0.0503719801082377
-0.0339935333702547 0.0186527035287965 -0.132962955237571 0.0900821585643461
-0.0275894838478608 -0.00220813701150903 -0.118810261704377 0.112974898378737
-0.0130312917233308 -0.0200029762915533 -0.141558951547234 0.114464309754532
-0.00308663171243961 -0.0321138913273157 -0.18603860339404 0.0733631456347557
0.0431316679051263 -0.03186365391705 -0.228422926197479 -0.028966017053195
0.0549973864929907 0.0411967101393241 -0.207864673172517 -0.141482282549766
-0.0219946897486644 0.100954139095117 -0.172615445357579 -0.201591736400759
-0.0828222816685501 0.0727757450347301 -0.298199930465766 -0.116017979900713
-0.125492335785398 0.0775975816793284 -0.222059258634074 -0.0999704896426349
-0.0223248733839306 0.0895682337117312 0.0121349807551669 0.0960490027425445
0.0416077544648076 0.0402825420764102 0.185108719391669 -0.0837682225120139
0.0320998453997956 -0.00527804971292922 0.0764731552270008 -0.247798473410643
0.0107098574278757 0.000989559221225692 -0.135872385749909 -0.23214636701067
0.0225069713643897 -0.001722317902579 -0.213379304243641 -0.0712514903257355
0.012132237218236 -0.0202995521313045 -0.175144211862259 0.0453422806289905
0.00814043238647906 -0.0192359324255818 -0.131323786129141 0.0863230642796609
0.0245292340210523 -0.030795112520914 -0.110363661211922 0.113393526342167
0.052282946331941 -0.00997083689322932 -0.12819805704222 0.123380020050076
0.0455397600691558 0.0174733409285842 -0.17612165598049 0.0910904246477632
0.0547958050304497 0.0536527992770364 -0.228042045049579 -0.00182151264799334
-0.005317642720318 0.107820411928844 -0.212653107088927 -0.109651431784472
-0.129427395916803 0.105852786016048 -0.156455904850863 -0.15894254907848
-0.209537089031551 0.0455739935888534 -0.245586690316981 -0.0843173863475132
-0.22218118902893 0.0404652296509046 -0.161970428553629 -0.123173280116549
-0.134409121971895 0.109532124577801 0.0318072208353159 0.103174703827959
-0.0127898814954214 0.129712749514356 0.219553967272005 -0.0635971738760143
0.0685135518408556 0.0894181633772496 0.117603579561411 -0.253275681733002
0.0797478794194703 0.0396802392202448 -0.104380993236169 -0.252314225415661
0.0885836287149971 -0.00149932050377012 -0.193088493659791 -0.0902933452107069
0.0668031942458949 -0.050376279075839 -0.156360368451968 0.0278413651194059
0.0495497033945024 -0.0552662323592545 -0.11041418910413 0.0700674543302028
0.066636449608314 -0.0608119883252705 -0.0832160506659108 0.10264301261296
0.106824478340394 -0.0136633317577589 -0.0914662356213871 0.129014837287769
0.0976954719733931 0.0442755454812545 -0.14224640842306 0.121919840394963
0.0909560316122368 0.11728209481941 -0.214910326455362 0.0505479959829308
-0.0283881229916977 0.175025303465709 -0.221769897503539 -0.0570290042204414
-0.2005052553134 0.130318979722092 -0.140362764747106 -0.116523318275817
-0.300945697775301 0.0359820802344721 -0.162243375299699 -0.0480767636012636
-0.283443148079242 -0.0133892982056255 -0.0644981003715411 -0.117245282455027
-0.238997481367237 0.093637581902599 0.0690400366938848 0.118443970605566
-0.0902365192732902 0.1936914536862 0.252158618019625 -0.0211741517860903
0.0768860753183047 0.185334444785714 0.169289630663389 -0.226368926281502
0.134911252718448 0.0891152772400412 -0.0439679462249128 -0.252328709576392
0.145935479740827 0.00951389580348926 -0.144749099268367 -0.109889926360272
0.116698678319784 -0.0688475621092901 -0.11433233301387 0.00224038644176005
0.0841264511357992 -0.0839336131818704 -0.0748695171305653 0.0446153081122483
0.0949244696357409 -0.0866352663727295 -0.0428023151088166 0.0811204588427461
0.142705258591667 -0.0264303025595748 -0.0405451264081912 0.123007509337839
0.139913228018078 0.0511867626193894 -0.0872658259642986 0.145068620753023
0.132480465910549 0.154246540125432 -0.181591234529579 0.102313491625728
-0.0275321458082277 0.222193076780544 -0.215341233588196 -7.66957717506306E-05
-0.231146156636217 0.152446010960853 -0.121161960874247 -0.0865775448902132
-0.345200355795553 0.0321706435468669 -0.0646268950446054 -0.019922079667682
-0.29179081371874 -0.0671891314760481 0.0552170252430536 -0.080797434878742
-0.299514836557537 0.0436956465718163 0.118677651462128 0.139814244563572
-0.163586008186655 0.204549075065522 0.269153400108123 0.0365866681032779
0.0497916459662262 0.247974782928914 0.214140669933817 -0.164914800135022
0.156727589234154 0.133063426092019 0.0322301388380968 -0.220227512723329
0.178229882972868 0.0265249802999638 -0.0711722082165785 -0.120453078447656
0.148335350030407 -0.0732964611463574 -0.0561404050577006 -0.0267734949114393
0.106234891806939 -0.0997624672029877 -0.0286169575547192 0.0117011894481252
0.11080857635592 -0.10364576983547 0.00373997158766333 0.0505969671954986
0.15850130346173 -0.0380468889613886 0.0143876207445693 0.104615556382247
0.162420550172117 0.0503639415033866 -0.0267551551222473 0.151320242313779
0.151924340350199 0.171658814391712 -0.134561068518812 0.137101965697499
-0.028500904853718 0.235298329263696 -0.193161992154902 0.0465034072680523
-0.233999442053965 0.147955767814969 -0.0987519034875673 -0.0672352448354978
-0.338980776143257 0.018062276862041 0.03131599687825 -0.000651957409638227
-0.243930698025205 -0.101044959194002 0.171566617791757 -0.0222969725795315
-0.289758382023294 -0.0171718468806108 0.167483967487168 0.162224888675506
-0.199161259217466 0.160244058460719 0.264189468511356 0.092854485717521
0.00853603827064987 0.25013693879009 0.235373848644405 -0.0869247769551261
0.141444696921682 0.150272373766189 0.101272136635352 -0.164147888295997
0.175935070096312 0.0385140243759146 0.0104015747752296 -0.117595326094406
0.152952260156708 -0.0656559234715809 0.00753648858307352 -0.0521524064734411
0.111615177039699 -0.100743041531745 0.020509461796107 -0.0216565321172759
0.112502391528366 -0.106405812040072 0.0522491270472564 0.0175336048341358
0.156633090167107 -0.0434173004374496 0.0677797016816599 0.0804511398533665
0.162151016219398 0.0488620127789415 0.0297798129089506 0.147084276744726
0.14167076121071 0.174633163965735 -0.0889971438453331 0.1545873273644
-0.0446551591847148 0.217418998538833 -0.163660449891087 0.0753720254139537
-0.221080608800933 0.110993530942606 -0.0756206920297926 -0.0558203023496813
-0.289076482923691 -0.0137915225958952 0.11324078589388 0.0178253441653867
-0.148878538163785 -0.106800812540325 0.264291982118474 0.0379742179258173
-0.213740750030667 -0.063645175518647 0.20138001867214 0.178132362909311
-0.177744895431832 0.0892205737561523 0.240935197945539 0.135897080824461
-0.020081334713361 0.196018587744278 0.233480792958602 -0.0150871609164966
0.102456626745064 0.130146933076188 0.149837111761443 -0.105030490154435
0.140339993273068 0.0391225439917644 0.0801469361165423 -0.109161547589172
0.129201350271843 -0.0503966318456549 0.065334881357185 -0.0755534064785705
0.0981326826114253 -0.0867767787234511 0.0658044823900516 -0.0521934183416058
0.100940921149608 -0.0933524089926385 0.0969602320396481 -0.0127700190836809
0.136817381113921 -0.0380913060795158 0.115445098495176 0.0586284439954158
0.144012626588835 0.0484239329728682 0.076377956753894 0.143276620037475
0.106329062963034 0.164957449033231 -0.0537403015267806 0.165206375214229
-0.06986799152806 0.172666338350944 -0.138433101323451 0.0912382975549917
-0.193633603815931 0.0524845295787622 -0.055595134959471 -0.0451491653945736
-0.203405007320818 -0.0534301213079071 0.17162890818671 0.0409250488118371
-0.0282477956321896 -0.0896891355998539 0.317503753604793 0.0848499923531213
-0.099831798493063 -0.0813917596735369 0.214623315438541 0.176869053237278
-0.112154425925191 0.0203974422601307 0.215694128233911 0.157278750460127
-0.0269698692618928 0.112419013557026 0.224468488827986 0.0296148138850045
0.0550362949547642 0.0831568272206867 0.177476926808177 -0.0670193085691969
0.0830894967738344 0.0280306386820405 0.124915795074648 -0.103522607994812
0.0839321441652763 -0.0292412013337436 0.10334423024205 -0.0928720228776656
0.0692762141384266 -0.0599723169353302 0.100067125141359 -0.0759293175747932
0.0754887286538542 -0.0653683049001946 0.133772096758944 -0.0362356968424028
0.101738736098774 -0.0273910518591418 0.154763338503516 0.0463354289650047
0.110049681646806 0.0448546511894041 0.111859475713216 0.148397575579452
0.059028701269892 0.137857482310173 -0.0329863574936146 0.179490141260219
-0.0882751571251585 0.109074522337857 -0.123593722500882 0.101563458942655
-0.143498097637394 -0.0100894068325305 -0.0447097076274537 -0.0336834847433116
-0.0920523280070168 -0.0864174626794919 0.199035868748526 0.0678699103457757
-0.00824993809102756 0.0917819848853105 -0.251770766629751 -0.0463711516535574
0.0778887278403524 0.0445659055160981 0.0210950836897279 0.102553512344435
0.067879405842649 -0.0537072185099729 0.167670560310942 -0.101608119080549
-0.0230475287736118 -0.0821275198365698 0.0483057622022962 -0.242896513714645
-0.0570585729496585 -0.0222101401297146 -0.159212491677223 -0.212584938028385
-0.0390114195114974 0.00752113792374857 -0.222587245334171 -0.05350689638619
-0.0382825482317923 0.0187224453638924 -0.176800494598624 0.0600838679111535
-0.0336619276590998 0.0214706116104341 -0.133587695792126 0.102103337403945
-0.0286009807649489 -0.00114171227902563 -0.11786473546834 0.124880262885203
-0.0140580118873035 -0.0207518164517115 -0.142079068143786 0.128138221717431
-0.00539321716557238 -0.0320974999242242 -0.190916064248804 0.0858943027598136
0.0427558280481124 -0.035069067454934 -0.239963907387862 -0.0189006624034475
0.0596076118844498 0.0400538325475192 -0.222879392394237 -0.138952187336999
-0.0161259946965308 0.106768306343335 -0.190934190844445 -0.204940473502399
-0.0822878391643699 0.0787159265382213 -0.317271476876382 -0.105702379035172
-0.125709432586829 0.0867748862422911 -0.236853703840674 -0.0908072990078626
-0.0178158094007491 0.094798394853597 0.0198339508050355 0.101680172571799
0.0459248887190811 0.0395917071147045 0.190279851529599 -0.0974434684017884
0.0324527137883974 -0.0085757329828134 0.068084200807152 -0.263867890827763
0.0117303128486553 -0.000567591906590818 -0.155641094062241 -0.237021049005812
0.0238443349776556 -0.00391750693407678 -0.226842751048902 -0.0639618460785014
0.0112764367115142 -0.0220178894850859 -0.179018368505165 0.0557598934519793
0.00783279417166234 -0.019826919448969 -0.131922720838923 0.0974110580807802
0.0240776881231408 -0.0341606789607439 -0.10917584390475 0.125558607067368
0.0547287975053543 -0.0135536623616143 -0.126944393945416 0.13693546001605
0.0485073956336677 0.0163574373208923 -0.179541920000533 0.10560200721624
0.059309979200631 0.0514619537223509 -0.238429684406059 0.0100710287462781
0.000211227058299283 0.112288318221592 -0.227098956500356 -0.104121723782888
-0.129182187753715 0.117308400992246 -0.172068905292183 -0.161303705949458
-0.214712753814242 0.0572020083843746 -0.261646854829612 -0.0759158223340163
-0.229407006965611 0.0541935465317173 -0.175066241394463 -0.11720047844894
-0.134124463816718 0.12159188636873 0.0393874637787654 0.108323187669541
-0.00614239448447905 0.135561941831565 0.226854738201012 -0.077178737828411
0.0765209540015181 0.0877125901403585 0.110639511560011 -0.270681012831992
0.0857285377158763 0.0360707547264607 -0.12399798573372 -0.25997703581435
0.0930479474850603 -0.00653514230476641 -0.207694023178988 -0.0847598088515362
0.0668761272211381 -0.0564459502435175 -0.160681391311842 0.0365741268545571
0.0482383710193599 -0.0594371853449134 -0.111130874446509 0.0797958767137354
0.0656294222260218 -0.0673177972611953 -0.0805059648634101 0.113358726224473
0.111620627890731 -0.0209525280846167 -0.0885033618522 0.140813558176015
0.104384957647711 0.0413467317576806 -0.142374918423297 0.135927410120924
0.101220335136479 0.116484769733769 -0.22259376065063 0.0634463989033198
-0.0212536870751158 0.183481970407415 -0.233246281208387 -0.0479756120345515
-0.202472723930719 0.146981915687517 -0.153337018945735 -0.11835837861686
-0.310696654612909 0.0525020338928532 -0.172799786596067 -0.043057107306262
-0.295865828216664 0.00146703996273371 -0.0734056658450997 -0.116778490795646
-0.24476769913595 0.111099944587548 0.0789343063104353 0.122579084110419
-0.0828402591505209 0.205206757408089 0.263768275530116 -0.0341033309322083
0.0905905765122566 0.186911095525457 0.166184491463618 -0.245890610930158
0.146249437102992 0.0846790138444393 -0.0615702419507867 -0.262831054193723
0.153964619052799 0.00167936363179196 -0.156426351706374 -0.107850999944228
0.117552454525483 -0.0785540990902552 -0.118802722266497 0.00760769130227854
0.0821549088950744 -0.0909958656855202 -0.075295252735266 0.0503001538144416
0.0928344514165874 -0.0959455742437231 -0.040397868776107 0.0881400668331441
0.148194527436119 -0.0358382289713392 -0.0357435682554621 0.131759886472098
0.148715917336465 0.0465118553000315 -0.0841710135706354 0.158055315536885
0.14653576984072 0.152720867346538 -0.184885645644512 0.117026551122118
-0.0174068760317861 0.232349553183617 -0.223810821380406 0.0124563728996409
-0.232776141945851 0.171411009809758 -0.131800190993544 -0.086489043160539
-0.356180109911565 0.0500879658452564 -0.0694084085323107 -0.0200588882086252
-0.307634159692985 -0.0538610655931872 0.0523966085569714 -0.0859945575507222
-0.310222624915667 0.061827322855284 0.131197495064953 0.141125304458597
-0.159971199798038 0.220157984877769 0.283687795147248 0.0251851589249562
0.066057379844524 0.2533165034393 0.216315674466691 -0.184028344377416
0.171369364829289 0.129252862945752 0.0204114587950656 -0.234573944003874
0.18844364205643 0.0175782088736091 -0.0799047001305471 -0.123016146130585
0.150342559222936 -0.0844850385259731 -0.0600043629150352 -0.0259129478092473
0.104427580670737 -0.108522837703369 -0.0290676613106482 0.0138320750385747
0.107979941141161 -0.114022519524381 0.00719513527109819 0.0536367211398943
0.163912295889826 -0.0488849666118924 0.0206711300322418 0.109036065654151
0.171783607027624 0.0436019239588297 -0.0199526922124682 0.162801889367532
0.16860810626455 0.168701811933246 -0.133686804518726 0.150717254272197
-0.0175365668965629 0.2474269357364 -0.197968329091987 0.0601992814906778
-0.236594555718051 0.166473704428994 -0.108220081938837 -0.0681493389357762
-0.349829765870774 0.0345122048058978 0.0311948677432527 -0.00488088148189508
-0.258672897031174 -0.0916590788330153 0.177450601178552 -0.0319539249401581
-0.303830053019188 -0.00275247999802879 0.18207611466622 0.161615163596637
-0.198527882987538 0.176240248347248 0.279990108571111 0.0840640068147677
0.0234098743715404 0.257489776704983 0.241606246141017 -0.101929277626431
0.156396108580386 0.148130975798401 0.0958159548024488 -0.178644664022041
0.186529663100997 0.029528692256116 0.00402920895159419 -0.124591769347656
0.155550193566528 -0.0771573624128648 0.00564252849711673 -0.0567421256976266
0.10908162444262 -0.110002697174122 0.0203494454238992 -0.0243491238392855
0.109519046664545 -0.117559196204279 0.0555207561060781 0.0157834871143519
0.161057991231998 -0.054087092012361 0.0742903494600991 0.0799556573048757
0.171979944045116 0.0420714180411468 0.0383194037584696 0.154265947398881
0.158297111939556 0.172846873858662 -0.085254236105965 0.166535956327868
-0.0352076837147422 0.229114434702896 -0.165945758255557 0.0881746431564213
-0.225124512239421 0.127332234565485 -0.0833431721881431 -0.0552607042480741
-0.299905405392535 -0.000283438664389973 0.117689683891252 0.0094389738093338
-0.160197881709773 -0.103451725219856 0.277587234700711 0.027710914751826
-0.226287013965072 -0.0557099386626324 0.217265241929059 0.176566108106861
-0.180411702384307 0.101403636047507 0.257977691626541 0.130847340682181
-0.00966787009686819 0.203827726238187 0.243715777561949 -0.0274171927704889
0.114818052498482 0.129853661737796 0.151317525051317 -0.119131339266266
0.149273844158759 0.0322377869810959 0.078323640567711 -0.119189897249146
0.13206247315625 -0.0597774197627066 0.064402725079879 -0.08441725711299
0.0962578671393566 -0.0949256069289758 0.0655874597357303 -0.0591689678085259
0.0983486135657086 -0.102491459030514 0.100418367354544 -0.0187904100745095
0.140445338078049 -0.0477158379502635 0.123587442066014 0.0552604341486124
0.152915222238494 0.0422208934234489 0.0872259885413704 0.1477946378942
0.12131142933282 0.165118229160347 -0.0482318060214523 0.176131655752782
-0.0636795724143427 0.184484547725129 -0.138779175487027 0.103067140683278
-0.198655705510799 0.0650478555273703 -0.0617081537704229 -0.045310379048401
-0.213439006624058 -0.0460325527462401 0.179565598756339 0.0308353989176384
-0.0337299532682832 -0.0918329623593778 0.333996738973154 0.0716012593672472
-0.108450897501541 -0.0791450409300584 0.231553622591864 0.17484564271038
-0.116327661522989 0.0263531200238996 0.232662044846936 0.154853233831834
-0.0216249492336233 0.117198426741016 0.236784709438252 0.019951942785162
0.0621047051440974 0.0833254606321861 0.181814857723988 -0.079805756795244
0.0888856854698763 0.0250020371201273 0.124800553311135 -0.116092830421863
0.0856284197762865 -0.0354535442592856 0.103081737518959 -0.10561881354359
0.067305498900109 -0.0648857493284451 0.0992562690860994 -0.085072926275146
0.0738206029187034 -0.0728054090738377 0.137311395965321 -0.0453544399588575
0.104104980202349 -0.034051196044485 0.163971463378818 0.0405631200350689
0.11668951022935 0.040030635341429 0.123971124184642 0.151358479902476
0.0697242671320022 0.139617135441452 -0.0259573059593702 0.190112615085222
-0.0862279665552331 0.119281979374704 -0.124103872728561 0.113352128368137
-0.149940796920509 -0.00357439162506857 -0.0499678115174229 -0.0335547437125266
-0.0993965410988163 -0.0857714662502378 0.21032947977157 0.0568201468866065
-0.00281972873609749 0.0918426723062846 -0.256744002514847 -0.0302616490644804
0.0816704930644367 0.0400375464433387 0.0288380310044166 0.103437099855467
0.0651935445345696 -0.0584354201562129 0.165760951596971 -0.113041184898307
-0.0294396392611572 -0.0821372057554701 0.0357400637073801 -0.250490951370937
-0.0589186279661353 -0.0195512579070154 -0.175879659726104 -0.206475604258101
-0.0386015184590152 0.00916070487205096 -0.230658735231971 -0.0412936665765685
-0.0380845736639934 0.0211038458539937 -0.174586064544184 0.0711513769963211
-0.0318960600681012 0.0238763783224893 -0.128576753712477 0.112528423443033
-0.0286219776345395 0.000828240202792861 -0.111908233726228 0.135095795484741
-0.0156448929559327 -0.0204696257999459 -0.136474947741462 0.140203495927463
-0.00778847365395229 -0.0313091177856579 -0.188021640591367 0.0989799632379708
0.040710622606099 -0.0376380989590007 -0.24499105909771 -0.00494684971036742
0.0624998428149523 0.0365584440482921 -0.233689824286177 -0.129619734680565
-0.00898651915421708 0.109969851672437 -0.20582599108874 -0.199823204048699
-0.0774103340816173 0.0836585879264741 -0.328902836366234 -0.0891497667558699
-0.121817041060564 0.094009131803513 -0.243720965015365 -0.0754670401983104
-0.012370669647584 0.0975447506216399 0.0275716556981535 0.102565851551071
0.0498765200618058 0.037399673097445 0.188702985474155 -0.110451437718844
0.0312139757572338 -0.0118295476462559 0.0541991103662093 -0.272680969424295
0.0122491485205442 -0.00201823952222334 -0.173704593814991 -0.232344172997208
0.0244691111530854 -0.00609513876159293 -0.235547936813437 -0.0527420557780714
0.0101874693691507 -0.0228102893534245 -0.177374225728455 0.066476512436037
0.00731405076678597 -0.0201193421455936 -0.127241881068714 0.108315129531371
0.0224018854922927 -0.0359030142010361 -0.102228329032648 0.135452680442337
0.0555629148429511 -0.0180779393855405 -0.120764864113186 0.147413083183351
0.0499519355917416 0.0143257620813078 -0.176429861144066 0.118133004558678
0.0627795894250635 0.0486913053744717 -0.241189328839718 0.0246548321223786
0.00682360792960358 0.113265438121453 -0.235705415636393 -0.0938679687354482
-0.123611393713182 0.12688380830007 -0.184393542890614 -0.156133571789242
-0.212807664971827 0.0691616319799083 -0.270189177983087 -0.062067009114791
-0.228207879946733 0.0674223263767953 -0.184176403009403 -0.10649261932863
-0.128064796892102 0.131545113511714 0.0474421559264185 0.109146264736883
0.00273640692708742 0.137084462709758 0.227125937529885 -0.0916078365447341
0.0821564378722837 0.0827280823908779 0.096488853068486 -0.281960650532851
0.0889807561589976 0.0305929674423299 -0.144205091764481 -0.256901363189107
0.0948131658755515 -0.0130222272255935 -0.215934687766229 -0.0745316897894801
0.0643490973861661 -0.0615913216084461 -0.159212590163604 0.0467921578224359
0.045128314744084 -0.0624951044339917 -0.108089164422185 0.0875288139882481
0.0614750889005136 -0.0722798332770603 -0.0736799127384132 0.12070064986316
0.112388536761879 -0.028797614045278 -0.0808205814905773 0.149275471939262
0.107651321187999 0.0362937040158494 -0.136447606768271 0.148405448902184
0.109292072990924 0.111030693805163 -0.222053060993252 0.0785014326471417
-0.0101934477967634 0.186597049676766 -0.238140576005539 -0.0353086447586417
-0.196047418485242 0.161089455776143 -0.163538572367236 -0.11381969176939
-0.309118729331216 0.0699229328242095 -0.179627660167491 -0.0358017888518597
-0.298564471463217 0.019047079966291 -0.0816362300727225 -0.112607546497826
-0.240515772767775 0.127037114909548 0.0873457231262851 0.120934854685822
-0.0708614760535369 0.212172092219602 0.265942466076773 -0.0495399100758303
0.102898654335592 0.18161942677516 0.15452055420079 -0.259545240923824
0.154223288370488 0.0755755593122747 -0.0811637898897211 -0.264345906039357
0.156952636251465 -0.00857042768633325 -0.166462429903255 -0.100508828686268
0.113405681296112 -0.0868268401718904 -0.119720870805365 0.0140810994263238
0.0772097988907818 -0.0957085223632373 -0.0733537541950098 0.0553051199103796
0.0876086709101118 -0.102775408077881 -0.0343082078452779 0.0932034486809882
0.148490021324346 -0.0462261266691467 -0.0283120263883918 0.136980116614641
0.153031636354406 0.0381219260051643 -0.0762432877608948 0.167192372526268
0.157742275945781 0.144118205904077 -0.181350588560669 0.130184168789312
-0.00330644241449931 0.236215522818364 -0.224634320287676 0.0259618895267194
-0.225839257169537 0.187824901349637 -0.140784977559147 -0.0818553676608441
-0.355515921054804 0.0703630516928539 -0.0738142808022617 -0.0181202230023791
-0.313266646401277 -0.0364304588098136 0.0475993541592955 -0.0889941196137847
-0.310176652177762 0.0812357924889757 0.140460973093356 0.136920439727044
-0.148599747891184 0.231725642181501 0.289976089998 0.00948677114929597
0.0828648209310444 0.249606773917808 0.209181499758151 -0.199254929574024
0.181746219153723 0.119346597361495 0.00312512785143016 -0.240572841219168
0.193708006181504 0.00570984600745652 -0.0900310551241719 -0.120301196610187
0.146530575589188 -0.0957931266203881 -0.0611547511249999 -0.0237289398240854
0.0976897526364515 -0.115371344462067 -0.0289655031172705 0.0154632300521297
0.100580291520387 -0.121952062814086 0.0112105985509263 0.0549352704023253
0.163625437016803 -0.061268309288962 0.0271303495311434 0.110169753218467
0.176773329803514 0.0341611844246334 -0.0104410234752398 0.167366301823317
0.181338299090014 0.159103296038628 -0.127980753625873 0.161403617468082
-0.00299492523157256 0.250973352209809 -0.196348561344153 0.0738804876922623
-0.229583225547272 0.183297845139403 -0.115703063217689 -0.0636087399738104
-0.350143721298533 0.0550654376226222 0.0297958290752989 -0.0100623036606783
-0.266471492652997 -0.0772517045888219 0.176722396989616 -0.0415419940288527
-0.307700936462714 0.014134399379932 0.193137490603875 0.153703161253211
-0.190474916715923 0.189460637122897 0.289055542416739 0.0706894132423793
0.0395732007826929 0.256572405282195 0.239390756495457 -0.117715024555618
0.168783033273258 0.139170940873876 0.0838274256156902 -0.189054010378671
0.19202089799134 0.0184484767063377 -0.00417055553473825 -0.127749851224633
0.152062990308041 -0.0885537167025768 0.00261612292536859 -0.0603606143440687
0.102317219643272 -0.116987637487122 0.0190502541013648 -0.0263479098767355
0.101871733775419 -0.125179043416784 0.05767398768279 0.0131583281067724
0.159462762554679 -0.0652639072303023 0.080944387902488 0.0782174227843397
0.177352541995401 0.0322002242736629 0.0489255775533112 0.157197830471869
0.171965678281779 0.162848803232931 -0.0777341237403131 0.175079048154887
-0.0217609034734952 0.234487728437744 -0.161672806595801 0.100554739197102
-0.220081810790988 0.142808876071673 -0.0896488538338518 -0.0529826532505182
-0.302876999371686 0.0165824590980086 0.117962709370333 -0.000134137236937933
-0.167374055587112 -0.0955410366238503 0.281786203761466 0.0117003416185431
-0.232549206582918 -0.0430422546680275 0.228618149932995 0.166385241800803
-0.176441581203726 0.112336122591235 0.268709578164451 0.119075377128101
0.00297025837809918 0.20468474706364 0.245726842912831 -0.0413952998976616
0.125403861680156 0.123985082682631 0.145235616332175 -0.130956466704283
0.154329391555644 0.0235515737021135 0.0718150505249873 -0.127128070181064
0.129287208553439 -0.0696558858381036 0.0597156156020207 -0.091516761861109
0.0900354752413505 -0.100830061211064 0.0621884560093351 -0.06519486603043
0.0907979653599275 -0.109369113284712 0.10109049771221 -0.0255029172797555
0.138850601409905 -0.0577205253128291 0.12828792313813 0.0489535848557539
0.157035739670335 0.0334654670155378 0.0981275264695718 0.146130294627907
0.133997703465208 0.157852026259035 -0.03972940450256 0.182165750327715
-0.0534230417494326 0.190911377279403 -0.134033547412776 0.114282524953662
-0.197494309794179 0.0773870751386975 -0.0672531654345512 -0.0427812044539049
-0.217572812084074 -0.0347911378976491 0.182658192369114 0.0168070820776203
-0.0394609512515133 -0.0910149795886284 0.34176617210157 0.0541956755117583
-0.114158983706745 -0.0745164469977453 0.242550684835124 0.164375628010486
-0.115885844608969 0.0334304086992301 0.244238685968071 0.144930367823816
-0.0143961704933421 0.117932038233521 0.241177701048556 0.00677597276330144
0.0693191771834587 0.0802941998825742 0.180014511706886 -0.0930452505506873
0.0924103297041812 0.0187948198356578 0.119808649820882 -0.127057126003203
0.0841387180007767 -0.0417462096868887 0.0979785894406939 -0.115147879145217
0.0630232542333025 -0.0690394175951015 0.0947506305255648 -0.0939381197802458
0.0680651731936321 -0.0778598487184775 0.136336911161498 -0.0544688637640832
0.102622571758346 -0.0416530651211422 0.16874915113209 0.0305255356769138
0.120768593856348 0.033026414675043 0.135393331088158 0.146614069530821
0.0797089199783052 0.136248168987023 -0.0154901242866222 0.195867500543359
-0.0801314064590896 0.126947691547432 -0.118214416480312 0.122635433076415
-0.152015010716117 0.0050134110812695 -0.0539185103565577 -0.0310102457466513
-0.105049232188289 -0.0817131860026339 0.215162126565237 0.041864736180467
0.000486839886440988 0.0894827666475204 -0.254336840546899 -0.0173319094929237
0.0834958425817723 0.0364354880212773 0.034630192101253 0.102910172736312
0.0626328150925169 -0.0605045517422648 0.16070569727618 -0.11919010451544
-0.0340417008323913 -0.0799720339042611 0.0268391061716694 -0.252522690181073
-0.0595896087167654 -0.0173109905817614 -0.183776085717622 -0.198952944738103
-0.0383552083235946 0.00990375925725167 -0.232282479698246 -0.0317595459995792
-0.0368977101429717 0.0225807572642747 -0.170317798272154 0.0765116392620601
-0.029937976129182 0.0248515018240934 -0.122544554593658 0.118573399194914
-0.0281501557172089 0.00192050908649428 -0.104544879440031 0.140750002897147
-0.0160399560565568 -0.0204327146653683 -0.129275430761967 0.14639304115382
-0.00947357475326985 -0.0300798127690263 -0.183466292838055 0.105158312434335
0.0382141747662232 -0.0390931094015247 -0.243103988437249 0.00489984904573876
0.0633197369185635 0.0335109055395727 -0.235571473142874 -0.122163819837837
-0.00328962303459807 0.110030690779562 -0.212489505810086 -0.192914850631882
-0.0738624128222454 0.0841102272657203 -0.329844913741666 -0.0746530541924278
-0.116640510254262 0.0971384844386492 -0.24342514305091 -0.0634336106682429
-0.00725972462679294 0.0973479398130568 0.0329498488662964 0.102174782838426
0.051134956381715 0.0349710261583676 0.184419402502606 -0.117779823129705
0.0296664471543603 -0.0134625655307347 0.0443088611307889 -0.274048912697706
0.0115153146535361 -0.00345176207754844 -0.183955221009179 -0.223700592382856
0.0243057735134825 -0.00771048403161673 -0.237278656611097 -0.0431041807260316
0.00866487072417579 -0.0228190639443634 -0.173536469549735 0.0723629495028217
0.00713769144561677 -0.0200525821199796 -0.121496795921154 0.113526634170891
0.0203627030776799 -0.0368606136145989 -0.095641969017281 0.139927216332686
0.055242659327484 -0.0214611852423657 -0.113770254824297 0.152351525719534
0.0503479908098465 0.0133373075412695 -0.170630740154113 0.12528182039699
0.0639399206560176 0.0459825341059503 -0.239414048654538 0.0341497231813706
0.0106198821094406 0.111144002618423 -0.236189706979167 -0.0856161539392883
-0.117004508179809 0.131767611206302 -0.190943019167082 -0.150640306576339
-0.207819872841807 0.0750451114784118 -0.271420708452772 -0.0509806177531923
-0.222650614743929 0.076035799971067 -0.186388883776828 -0.0969401268511497
-0.121615958735161 0.135366889616834 0.0521073348162079 0.108032136076705
0.00944845299482576 0.134669701073531 0.222754024328255 -0.0992161868187858
0.084537113841216 0.077049936347943 0.0848458041857049 -0.283839913542596
0.0901009411743652 0.0254221665758776 -0.155707281979309 -0.249458630072134
0.0945447199558099 -0.0188567681112454 -0.218308014138027 -0.0652645216659535
0.0605372032973986 -0.063706710923675 -0.155997500676867 0.0516629919225529
0.0425663077658076 -0.0630093263875708 -0.103586457884398 0.0919536770111101
0.0575375659399791 -0.0738902708756683 -0.0680051835141015 0.124436234069272
0.111072389339637 -0.0344220564206093 -0.0744573585722071 0.152785668521381
0.109259019612855 0.0325346897850779 -0.128796670334757 0.154227401691346
0.113049323843261 0.104596196435573 -0.218705114491758 0.0865247002906887
-0.00278007452498322 0.184806625861055 -0.236779487886471 -0.0273793109554137
-0.187798604910276 0.167934599538132 -0.168629470462815 -0.109182770201223
-0.303220653120983 0.0793055780360072 -0.18095852642966 -0.0286968685335435
-0.293223341715939 0.0305075276473754 -0.0853359692406483 -0.106314153113094
-0.234077301078032 0.136010274899302 0.0915870536813697 0.118587292069808
-0.0606852228649896 0.212220025690498 0.262658254683535 -0.0595071858159389
0.109257806133489 0.174237975930692 0.143184373329779 -0.263784170199155
0.156004612324115 0.0677856977535544 -0.0942842314076793 -0.25931886399879
0.156804986774707 -0.0167074503429818 -0.16980425429333 -0.0935850728296144
0.108002756769585 -0.0916733369540766 -0.117774238227383 0.0179371299951261
0.0722746055554232 -0.0979545097210041 -0.0705538727934039 0.0581081118874272
0.0811794551050842 -0.105849201175028 -0.0295845357883629 0.0951459247905271
0.145765889341852 -0.0538878060213656 -0.0226348731573985 0.13859780326998
0.154031746054554 0.031980420577409 -0.068050556281073 0.171646279824035
0.162947090913288 0.134857635273896 -0.175700078917154 0.137120761326525
0.00635900231923073 0.233899670215289 -0.221299122900968 0.0347134027142941
-0.216812934388237 0.195561913962936 -0.144432036935264 -0.0781909463359683
-0.347954079754204 0.0816866006423878 -0.0757217592136285 -0.0171785793138502
-0.310682214139377 -0.0229407876513853 0.0432145888843055 -0.0884679833894374
-0.305267364619431 0.0931084295164235 0.14379540714368 0.132243019672721
-0.136560186531862 0.234639080702223 0.287605942417477 -0.00111554567521522
0.0923133633381451 0.242356777942879 0.199679332886962 -0.206142237403814
0.186746083428883 0.110160657743335 -0.00923159456146056 -0.239035893407516
0.193532119109523 -0.00433899256046148 -0.0952339942346026 -0.116311786320305
0.140491630204841 -0.102008995614592 -0.0622083075783064 -0.0220428819834584
0.0912928213718762 -0.117511117768627 -0.0285607261075866 0.0160053191309448
0.0930546880279193 -0.124819680759844 0.0137829601910919 0.0553364924017907
0.159928434326072 -0.0685669737205754 0.0317734721915417 0.109466196014032
0.176848930233033 0.0265039109443143 -0.00357303737626322 0.169218411638435
0.1872868757266 0.147885715704066 -0.121767639642772 0.167150231671003
0.0073390180875945 0.249751918173202 -0.190110617021326 0.0808863466961782
-0.220705225182439 0.190498683729132 -0.119338141974294 -0.0599786860642229
-0.344062374342508 0.0662156495607851 0.0267530181762196 -0.0131217699063631
-0.265721498540181 -0.0654776656433486 0.173316078097061 -0.0473378961703876
-0.305384866117073 0.0274136674193708 0.19571326478589 0.146653854980406
-0.180928696927275 0.194136520676478 0.289375774784693 0.0600635478885829
0.0499787370941522 0.250937921421159 0.233497632362302 -0.125472135112019
0.1748192724196 0.12967621121329 0.0734302475985054 -0.190570675129088
0.192795441989195 0.00862546507993146 -0.00995099839875888 -0.126970357571427
0.147111584850885 -0.0952561119831716 -0.000252995486284489 -0.0617902262734475
0.0953949044409046 -0.119092791200013 0.0159473886127359 -0.0283174786463057
0.0933477645753531 -0.127951854208494 0.058284172972129 0.0112274973999889
0.155079402054365 -0.0722003977546531 0.0832216936228177 0.0744386451705545
0.176800777435405 0.0240108286750522 0.0559145246293805 0.155566276947388
0.178038885317653 0.152748163924592 -0.0713036439029583 0.177637665321607
-0.0117399537580109 0.23327076327773 -0.155248636009502 0.107382645922139
-0.212390291861645 0.150048798377204 -0.0931042445464645 -0.0492030644995927
-0.297821022149532 0.0271749674000462 0.115481629494606 -0.00740256277955337
-0.168537532868386 -0.0874946075681983 0.278645475643907 0.00198599598005832
-0.232502020883018 -0.0329901289033474 0.231959511326437 0.157330257574317
-0.170327410362585 0.11769244161601 0.271123484653509 0.109593271417821
0.0108492786320367 0.201106578388255 0.242108901634049 -0.0506616381173627
0.131255730379468 0.116748199157535 0.137642049781575 -0.136039778863222
0.154825955533071 0.0154348921078552 0.0657808490667563 -0.130025603310512
0.125187314805465 -0.0748339096746499 0.0550430791259192 -0.0961078300832934
0.083903585904743 -0.10253541179996 0.0582238173624615 -0.0687858196077655
0.0834108217960695 -0.111414291633049 0.0992935004626732 -0.0292380102943441
0.135093795772224 -0.0644261128857625 0.129469922751381 0.0435413776438204
0.156563067797844 0.0262749684822764 0.103574588382021 0.143762453848564
0.140608865636712 0.149190533998139 -0.0331813539138844 0.183857494725693
-0.0447732969926469 0.192229558551466 -0.127358453849208 0.118761898956277
-0.192541280493644 0.0843862200824223 -0.0700480866018702 -0.0405909130847301
-0.216374262822275 -0.026689224911293 0.17979563551265 0.00640872747828176
-0.041702122542628 -0.0891082837083585 0.34035843958644 0.0403898852242156
-0.115853104197457 -0.0694039462937899 0.245206901390453 0.154165178608675
-0.114171591656432 0.0372931011091006 0.248165460002513 0.136616637263323
-0.00950358006875433 0.116233699994651 0.239947934269289 -0.00236943653183959
0.0738459535114307 0.0765459937516406 0.174859817189603 -0.100530629096792
0.0928848970435675 0.0145456988597677 0.11415951845738 -0.132804025540422
0.0813374168785529 -0.0447721899677138 0.0916410734969451 -0.121389119824098
0.0587584507365565 -0.070320687905476 0.0888336165249139 -0.0987073077458549
0.0620014620469153 -0.0790268077036767 0.132322087450638 -0.0604130902895457
0.0994994335945866 -0.0459403004533758 0.168745996441345 0.023922788507124
0.120704924577736 0.0266301873760905 0.141105975079945 0.142651288086225
0.0856128607843942 0.13024789690097 -0.00756363801876863 0.196576560609194
-0.0734646173046574 0.129617702314448 -0.112373783309485 0.127622297633734
-0.150108329669445 0.01078084047216 -0.0561712138705441 -0.0297150404314291
-0.106642221491107 -0.0771347169555038 0.213701378297442 0.0303182342799172
-0.0043710469088829 0.0917912305278662 -0.246838778634552 -0.0275105332573522
0.0825140976294741 0.039721468794281 0.0316548249556773 0.101806548559366
0.0643854376824862 -0.0593293406389307 0.16192764584137 -0.113596589876095
-0.0338244986480699 -0.0791823442646286 0.0341059831670371 -0.252454210088382
-0.0599044893518159 -0.016848269362305 -0.178311198841173 -0.200178088687409
-0.039401271631933 0.00917754484149861 -0.228821418240157 -0.0371394099189163
-0.0393001672239251 0.0218123238809829 -0.171547847586266 0.0719808611036187
-0.0305963281525084 0.0241805900586946 -0.123927349303059 0.116887033077406
-0.0290839987373092 0.00164973087499798 -0.107007331988511 0.139186942353866
-0.0163415414446825 -0.0197593505035856 -0.13134458412915 0.143005364727185
-0.00927615784404292 -0.0281911855552751 -0.184560458453129 0.0989966578230348
0.0341845312397574 -0.0363049519197164 -0.238349626319817 -0.00365708769557163
0.0586717687409603 0.0332177464908248 -0.226274825846492 -0.130185566744512
-0.00801078640234773 0.106844019089141 -0.205748567311381 -0.201921042891274
-0.0797258417547934 0.0823567316852934 -0.323527548666711 -0.0924005938805295
-0.122761586103318 0.0926843905564008 -0.235925108361741 -0.0666937858537614
-0.0117253275727037 0.095679592288928 0.0321688750614286 0.104442312138051
0.0482371373489461 0.0354005667262404 0.189014457045606 -0.109565809876711
0.026255507053469 -0.011733314427624 0.055445994353244 -0.272191608030539
0.00977572782411801 0.000254843155722621 -0.175691868170931 -0.226615347744759
0.0245524870086533 -0.0067166880079966 -0.232302732163797 -0.0500414668473406
0.00766849086922074 -0.0215507457245778 -0.174051562878979 0.0661011669499491
0.00819369867635133 -0.0197910027841002 -0.12284650356404 0.110831588256456
0.0201351218822914 -0.0356220254538418 -0.0968787697402317 0.139230290041814
0.0564899739747265 -0.0199148276682042 -0.1152299177199 0.151359076463845
0.0499514800020869 0.0176853385632623 -0.172425087727776 0.121949514763836
0.0575613921524517 0.0489053516879046 -0.236723976636724 0.0298539568646364
0.00328202637284235 0.109606375355695 -0.231366136721267 -0.094130667737288
-0.122468675193987 0.125800810892809 -0.187295597298578 -0.162335921947433
-0.2114689188884 0.071441519492051 -0.267472714686702 -0.0706468821402461
-0.228130372442711 0.0656661461439738 -0.180400101118809 -0.0930688464679679
-0.127795462655219 0.127826355000703 0.0527293434229434 0.114578478450563
0.000891343072865596 0.132633418947489 0.230280645657214 -0.0881343040229857
0.0757868021911767 0.0785062909769208 0.10089102120474 -0.279250381855405
0.0862641183955531 0.0315129928539596 -0.144682074985366 -0.25331255609813
0.0950130442347812 -0.0135425133994321 -0.21237196432449 -0.0735691274722321
0.0611155815448588 -0.0605558997031196 -0.155552803372114 0.0439103290419241
0.0457281941451042 -0.0617507287279517 -0.104054719818093 0.0888095980603523
0.0587517788290959 -0.0719276488856353 -0.0680623486855093 0.123811715514328
0.113525151782728 -0.0322221864321904 -0.0753072655551808 0.153037950071843
0.109422580450624 0.0384448634513082 -0.131593412398728 0.154757842925713
0.104890006265171 0.109194952140518 -0.218862278385347 0.0859451306825251
-0.0129244181592677 0.183420442199346 -0.236903690844439 -0.0341921027037075
-0.194703818660863 0.160313944248963 -0.16905494945717 -0.121257455480842
-0.304542382862128 0.0740045217978603 -0.181303014809308 -0.0470303992514509
-0.297641835789986 0.015346689771908 -0.0829582024512982 -0.0962815431761269
-0.240159147922547 0.121599564529527 0.0904497712684457 0.130175097435544
-0.0734562823839482 0.205064679406602 0.270896163954733 -0.0429565736620876
0.0958721292468181 0.173716455844773 0.161075552183271 -0.254695427299781
0.149923877236477 0.0754180953109552 -0.0808043385788474 -0.26223384603472
0.157133717760798 -0.0106737440845018 -0.162853483414227 -0.101817994783511
0.109990898976723 -0.0867026279401158 -0.116580359074653 0.00988124275686711
0.0771827598856919 -0.0950538323947943 -0.0714168434489727 0.0552345459487968
0.0835031017833575 -0.102567165865 -0.0288427737574375 0.0950192039103337
0.150172496742976 -0.050756925786347 -0.022478391503453 0.139544574953671
0.155356464402405 0.0385557483804731 -0.0705972957373288 0.174921633350754
0.155206727130624 0.140503993872865 -0.178458692518436 0.140571087036656
-0.00610858502473684 0.234704232919759 -0.224454354429978 0.0288477405245749
-0.224696774070943 0.187674737375516 -0.148189704388569 -0.0906124058219206
-0.348227798868146 0.074074614572505 -0.0797164698536609 -0.0316814826194008
-0.312531474543743 -0.0417216436677641 0.0416627024604078 -0.0724799646569015
-0.310136544313785 0.0745808053951671 0.139343426587473 0.147727331254346
-0.14992010476404 0.222306104148668 0.292653478905139 0.0202237450904574
0.0768551612530343 0.239237077365015 0.216203061962283 -0.19259031763267
0.177614159306033 0.117128936967992 0.00484784825565609 -0.240272456447359
0.193385816858533 0.00305611367740928 -0.0872281611416969 -0.121634989214098
0.143719380115711 -0.0966526261955892 -0.060656427201164 -0.0301692509182957
0.0970226412622703 -0.113816538483114 -0.028970310344286 0.0131075244717077
0.0964530240137496 -0.121644753997629 0.0157256741180451 0.0562689308906062
0.164778158819866 -0.0653979704392061 0.0323385273802311 0.112411977852526
0.179570606257377 0.0330981344069323 -0.0054558572263907 0.175627311387278
0.180656708509376 0.153372163885781 -0.124264200946458 0.173338177774947
-0.00415532505368413 0.250808075746153 -0.196755431855237 0.076530176984457
-0.227816970336636 0.183194153277744 -0.123210783857992 -0.0707294653921508
-0.342640284530049 0.0588036610867156 0.0213318673060373 -0.0227240730221414
-0.264734751523035 -0.0841850490458017 0.167621785892991 -0.0279016904760454
-0.306866162436458 0.00701378570687427 0.187518366288547 0.165052790266828
-0.191763096491274 0.179367390060894 0.289484014237253 0.0823889026155472
0.035181659342072 0.245418978811214 0.245559047108158 -0.110165420542375
0.165114037619983 0.135869285008923 0.0868590440945868 -0.18905698603001
0.191942064934036 0.0145843023817417 -0.00254740196386111 -0.130918003719083
0.150199940663761 -0.0902326639532443 0.00204011602968205 -0.0679545837848716
0.101502057364242 -0.115909147886655 0.017103640396687 -0.0301847120960608
0.0969555939624994 -0.12454599902614 0.0597693353564253 0.0133616647554461
0.159801283014987 -0.0702265191791982 0.0841746622839235 0.0788726379634461
0.179588452925293 0.030518233759817 0.0533871463344715 0.163580699580164
0.172136732988435 0.158293515157581 -0.0760338162688506 0.186605870138742
-0.0212409034202689 0.235086824851017 -0.163078680649004 0.102940510422726
-0.21899925160362 0.142611940352074 -0.0963825085968473 -0.0587532546876806
-0.294944730367434 0.0205535203354572 0.109124382338706 -0.012956347753475
-0.165670741835751 -0.102454360500359 0.270368171076331 0.0211122233528974
-0.230869954159164 -0.0499754010437125 0.220594098318814 0.174526182575391
-0.177077167794591 0.104000297500139 0.266281558669916 0.13041114698568
-0.000120603205666129 0.194494731323189 0.248866032003303 -0.0348554890584395
0.122815240487452 0.119247867657745 0.147235070622701 -0.133105815879468
0.153289894286314 0.0197020624626471 0.0714407083658826 -0.130151747860816
0.128269993900793 -0.071209296318518 0.057901012586637 -0.0999168078832465
0.0888961400731613 -0.0999067066174247 0.0583244729778461 -0.0690542208731623
0.0864975589700278 -0.108804762126002 0.100718073618467 -0.0264542931309
0.138928158960061 -0.0623849401606725 0.130081157957753 0.0483091237847963
0.159311679507979 0.0312726909493045 0.10087057695054 0.152175887042082
0.135898016293018 0.153351500866182 -0.039026695371088 0.193147070242146
-0.0532768243437769 0.192854514649281 -0.135374847749028 0.115060823182846
-0.196349865492846 0.0777310800047166 -0.072172761071906 -0.0486668824583657
-0.212859557124323 -0.0320972157350963 0.173952721514461 0.0063558041277887
-0.0374671072698172 -0.0971156286754296 0.33107235893702 0.0575026939181462
-0.112064531547563 -0.0794260670883706 0.231839254417425 0.168671392038297
-0.1164562593044 0.0271535149322389 0.238722080129009 0.15299044161674
-0.0157370820423386 0.109634447210353 0.241167039031761 0.0114020637085656
0.0684157085398396 0.0764435034014596 0.181114840388971 -0.0954027843686799
0.0911995986732962 0.0170167705933939 0.118864061770498 -0.13015686587657
0.0833053165233746 -0.0420544445653734 0.0940620247820892 -0.12328967150956
0.0619760873971496 -0.0679481238090396 0.0893537876876893 -0.0976664007191722
0.0645067512491224 -0.0772616971199128 0.1335370331056 -0.0570623804460097
0.102355996596465 -0.0449520824011768 0.168756389971259 0.028944870208421
0.122039820461209 0.0299024381553615 0.137409881539765 0.149960328777359
0.082524393815699 0.133307782453617 -0.0161719572982929 0.204008764001848
-0.080222936407385 0.129299252332953 -0.120751395946789 0.122250618668869
-0.151359637552605 0.00502283319624776 -0.0563099685895971 -0.0368210451632826
-0.10299852358626 -0.0798026758656206 0.208616624142076 0.0342531314183315
-0.00547217015737928 0.0918342495458255 -0.24942072997294 -0.0273554189550239
0.0841705593101182 0.0408470185598223 0.0341964746590588 0.105464195511222
0.065750333209806 -0.0601821361822692 0.167084989064321 -0.115467260217802
-0.0349394477243889 -0.0797199770411522 0.0362634122947842 -0.258885692087949
-0.0620446900220455 -0.0169828353322459 -0.181735996580725 -0.204730028376069
-0.0414869859548636 0.00870386895119347 -0.234560346444256 -0.0383168627066028
-0.0397090923656094 0.0223631634305394 -0.175051073165715 0.0726710553237992
-0.0305956940239947 0.0247302944738804 -0.12543057453718 0.120349035618525
-0.0294813040450489 0.00182620856008805 -0.108092661165701 0.142679938798441
-0.0166183983323427 -0.0212185371125591 -0.134063316272362 0.146533830907946
-0.00890586964423608 -0.0270873319843866 -0.188572161052417 0.0997364120763704
0.0340550967756432 -0.0364431909016212 -0.242276892449062 -0.00438306966044683
0.0590625913444743 0.0336403210508476 -0.228922921434412 -0.13657985277688
-0.00785852599043823 0.10852041616504 -0.209145635249251 -0.208615799525317
-0.0817246673988415 0.082126809708675 -0.328520477791615 -0.0941912628831189
-0.124461053544235 0.093605439071774 -0.238651005068444 -0.0660598740921293
-0.0117296019318058 0.0976477319271021 0.0342859764291256 0.108133186553751
0.049317610797326 0.0353711626966782 0.193770923827019 -0.1108624831218
0.0260726024266567 -0.0120624055291198 0.0581616558977634 -0.278831275241262
0.0091617047247637 -0.000179397536380147 -0.179486186472379 -0.231013677207603
0.0241602183250934 -0.0078700809844298 -0.237478279353292 -0.0515860393536413
0.00796382860304298 -0.0216877182467526 -0.177289470905578 0.0665247691206404
0.00888875964557005 -0.0194035775454821 -0.124275754506096 0.114322117157516
0.0200517600132359 -0.0359108068102667 -0.0976162255644083 0.143066144427362
0.0569517081078553 -0.0211489894964811 -0.117896224378798 0.155321283615995
0.0515067398924788 0.019302191560744 -0.176266107899594 0.124002293576649
0.0577105906743983 0.0493719316669174 -0.242219895354615 0.0292912621546078
0.00226731780543186 0.111260092681494 -0.234171655548371 -0.0985808539413456
-0.124625792963538 0.127311574877843 -0.190785373609854 -0.167702412202882
-0.21527153463049 0.0701851866955612 -0.272742849909689 -0.07319378440223
-0.230220103018303 0.0647751688191287 -0.183171796553374 -0.0936292437656658
-0.130001598952607 0.130369922539339 0.0536182694136528 0.118860722992432
0.0017805589817826 0.133058374465363 0.235277462605498 -0.0876496254863372
0.0764214369786486 0.0788884059077669 0.10460564146224 -0.285228803805733
0.0873144501929037 0.0310711632537872 -0.148567300156257 -0.256765338334316
0.0964855410335487 -0.0160000400493701 -0.216759784013677 -0.0753891934548077
0.062157841451859 -0.0613152649847938 -0.1583542771496 0.0444675682562633
0.0466652759618454 -0.0618050322796562 -0.106063270241596 0.0917097151389652
0.0592675968070525 -0.0726538965257885 -0.0686912605135658 0.126994794132732
0.116047540083411 -0.0342377597110664 -0.0771066705291384 0.157152009410277
0.112149401905108 0.0398966700744589 -0.134619288292249 0.158009298397544
0.106668822760995 0.110615110669512 -0.224439226642864 0.0876943906288488
-0.0142256768178187 0.186270588087711 -0.240206955606181 -0.0376531149651912
-0.198239678896021 0.162382900156522 -0.173385776123613 -0.12665850021113
-0.308828643703499 0.0717748796559741 -0.185422256253584 -0.0493358642233227
-0.300835148411873 0.0138168341445367 -0.0846245274453006 -0.0967505828181746
-0.244706693439949 0.123839517306266 0.0904805255752802 0.134342172738234
-0.0742514440021159 0.206451644200238 0.275538848249048 -0.0413967349366696
0.0972023068516234 0.175114278862046 0.165278457262275 -0.25984479706673
0.152141601435124 0.0749204185649633 -0.0840661097490977 -0.264840301733572
0.160534430076857 -0.013016982222889 -0.165843150824482 -0.103839165659218
0.111867916472122 -0.0884171403956533 -0.119093622524026 0.00897202085527164
0.0780674293305303 -0.0963413059561487 -0.0727827664005736 0.0565771530361164
0.0842458553104499 -0.103638460568861 -0.0290964825516252 0.0973455539544406
0.152938073627197 -0.0530082463681444 -0.0228858322961817 0.143862894881728
0.158618895835275 0.040248224602984 -0.0714869242192755 0.180039560572618
0.15750375964871 0.142022951555892 -0.182905953992592 0.143693613892741
-0.00654472341144774 0.238201794584809 -0.228386277285317 0.0273719309577079
-0.228787375198962 0.189914232914639 -0.151886003810824 -0.0933662208011175
-0.353348281111564 0.0723435964718219 -0.0825878979752523 -0.0342239862270165
-0.314690079754473 -0.0434781673285922 0.0407016156659393 -0.0720783318884557
-0.3157078752222 0.0747381937514945 0.139615719487595 0.152879036365183
-0.153309508514076 0.224223547397848 0.297257291966672 0.0219622966817801
0.0779476595968871 0.242040520564008 0.221533047459199 -0.194445652936754
0.181109804786287 0.11721184534349 0.00293495010317961 -0.243382763457129
0.197104125435738 0.000397929045454043 -0.0889330227038633 -0.124865758669112
0.14534618911621 -0.0984429207678895 -0.0617199831909322 -0.0316767192879537
0.0985994843342729 -0.115121806468314 -0.030476901382699 0.0135254743980275
0.0967965478867531 -0.122595989492618 0.015700012975882 0.0575812447348981
0.167621885353216 -0.0682065129733115 0.0328237679265589 0.116014881149784
0.183065410624499 0.0344093375930075 -0.00451933900746678 0.180966302565775
0.184491508443524 0.154881260992095 -0.127738109322592 0.177787976683971
-0.00405015789383837 0.254533981788469 -0.199791849999009 0.0771469109753765
-0.232678093093014 0.184932265629419 -0.127938008616952 -0.0733233300644386
-0.347849642706388 0.056717188193649 0.0198879780095453 -0.0254480336389654
-0.26671833786283 -0.0869149831920154 0.169685232399132 -0.0266552523835004
-0.312335842810813 0.00602213017952681 0.188360088921029 0.170376284011055
-0.195772563308242 0.18061477533645 0.29307802158402 0.0867057935087141
0.0354320428345365 0.247744396764886 0.250147896466723 -0.110411766790721
0.16865937008883 0.136819932920688 0.0863132307207223 -0.192271766439642
0.196045846362265 0.0134901252742898 -0.00271965898467253 -0.133428242985984
0.152838508494736 -0.0926075108134985 0.00142829282810826 -0.0703465491468635
0.102473022899881 -0.116808533197999 0.0154621804481872 -0.0313087957754701
0.0973356684096106 -0.125349858437569 0.0609733961659901 0.0136717756481376
0.162254175587919 -0.0723399629179466 0.0856736240155245 0.0813222036409217
0.182817218942981 0.0315140827591805 0.055411491109185 0.168102943183906
0.176514768858535 0.159632969564508 -0.0779717946041848 0.191406089005745
-0.0220088568603301 0.239028360376339 -0.165391114712343 0.10432883024834
-0.222357745400546 0.144652902232498 -0.0998977375632867 -0.0608691610495054
-0.298959062531375 0.0185360784451552 0.109254653415897 -0.015129426039398
-0.166106888054495 -0.104637047262649 0.273790660512455 0.0241364665197409
-0.235175525165474 -0.0516850889861231 0.221137981587536 0.180029558677231
-0.1804956559891 0.103915276332137 0.269349961294685 0.134747765160923
-0.000799153561822102 0.196241937686394 0.253242905380664 -0.0336763196732141
0.12524452686659 0.120263168793916 0.148424401017017 -0.135073610535376
0.156750551815016 0.0182995537013339 0.0733541705565229 -0.134197035522561
0.130261425371818 -0.0729292880507008 0.0572967892403032 -0.104277214881692
0.0896768005957512 -0.100402896401867 0.057530257332061 -0.0716235155713037
0.0869687129058839 -0.10997152837037 0.101582868924148 -0.0275217162990614
0.140226064689018 -0.0636941868703976 0.132139649691736 0.0503274714030327
0.161984414863297 0.0313222528551843 0.103373588132403 0.156879577050851
0.138651170214651 0.154451952811016 -0.0410280095834006 0.1984289824023
-0.0538527953165635 0.196269025793587 -0.137440481262069 0.11666755775418
-0.199982217817792 0.0787081777294821 -0.074300767449958 -0.0501491130648946
-0.214395426487648 -0.0340663867441781 0.175091301001111 0.00306712470671526
-0.036645660292177 -0.0987232060353269 0.335713125470768 0.0606958466991045
-0.113182625986334 -0.0822284240352365 0.233032024969135 0.174066345461879
-0.117987475790757 0.0268791970453236 0.242298282702582 0.15871785300647
-0.0161493189460665 0.110644719304492 0.245613543775725 0.0132440970952963
0.0695926196151987 0.076765949614144 0.184236016402175 -0.09744562705739
0.0928502078543459 0.0164132972822278 0.120430481602798 -0.134557688801866
0.0845259682333304 -0.0439296388725643 0.0947310514609458 -0.127379856941567
0.062113159915898 -0.0680288970426915 0.088524627181542 -0.100863200367453
0.0643994214257593 -0.0770602614094345 0.134652362569134 -0.0582363645095099
0.102889065758084 -0.0454516169022326 0.171301505072209 0.0298170985318142
0.124229565045885 0.030131303448745 0.140394820125661 0.154095079630508
0.084688466047984 0.13452860513869 -0.0168444658626904 0.208794603462487
-0.0817009483119203 0.131419461402288 -0.123053165014901 0.124565804183903
-0.153835169621186 0.00476928285600892 -0.0582025790363112 -0.0384494348051849
-0.103409810328399 -0.0820035758951192 0.210179110969256 0.0317127706957161
-0.00598525364124908 0.0943020270496789 -0.258463980474794 -0.0268531408176768
0.0882190641989549 0.0425382121047885 0.037345478417405 0.110925461099688
0.0682947907654307 -0.0637068928304486 0.176233856100146 -0.121381221611474
-0.0373127208732736 -0.0823357678140367 0.038272926904525 -0.273236466414812
-0.0654699983468456 -0.0172413339713189 -0.191888479458703 -0.213757695248906
-0.0442582950518724 0.00941102896091032 -0.246953295307074 -0.0387360496860009
-0.0418066472973869 0.0236069951532896 -0.183253663082118 0.0767115869275581
-0.030830476572816 0.0255560129523755 -0.129057116546569 0.127318188275881
-0.0310453308024981 0.0018675144995059 -0.112118717841951 0.152325049341404
-0.0178105480377473 -0.0224192738844306 -0.140173728517988 0.154955092998073
-0.00845784021826584 -0.0273564304652744 -0.197376199976895 0.104299501615188
0.0348610914786365 -0.0381369881907984 -0.251950299393063 -0.00457334479773411
0.0611190172681938 0.0346214010689733 -0.238729634974051 -0.145471348741527
-0.00616497667748404 0.113681025459485 -0.219151919799594 -0.219975463887496
-0.0863383017264836 0.0848391883509564 -0.342166545215414 -0.0983957709671209
-0.129036721834327 0.0959608259430875 -0.248093199351529 -0.0680384699082742
-0.0120023199196217 0.102476424815618 0.0375652044297947 0.114244620584707
0.0520580993676531 0.0351929223357076 0.204128735117654 -0.11644515733803
0.0261260948436338 -0.0129190698891586 0.06133092441776 -0.293061975883402
0.00824139413532943 -0.000361613542554786 -0.189871945289189 -0.240438772945713
0.0241835142897196 -0.00869261811353918 -0.249548679032097 -0.0526311400618078
0.00826189420956522 -0.0225529775967152 -0.185030185649062 0.0701155129430082
0.00942855787435684 -0.0199283866558688 -0.128698785850697 0.121712979433965
0.0210001176455968 -0.0373529276516289 -0.100777249368005 0.151021960798232
0.0601252834375932 -0.0235246431166689 -0.12283765656203 0.164107795273996
0.0552563589997583 0.020901550854076 -0.184332230509447 0.13130337318119
0.0601410283149276 0.0517540904173719 -0.252779356321163 0.030771325929288
0.0018419460008686 0.115767535105382 -0.244272804244929 -0.105491621283757
-0.12960181225737 0.133182964008398 -0.200101117808176 -0.177759193260153
-0.224823245234077 0.0721181378178345 -0.285009093462164 -0.076963222155779
-0.237929415221491 0.067295512354403 -0.190370906683449 -0.0949216825359086
-0.134596147801563 0.136639099072473 0.0564420830348504 0.126357812203106
0.00311460273972379 0.137272427449446 0.246616581955385 -0.0916674499078532
0.0797493999815338 0.0812043947134933 0.109753663105313 -0.298577820677407
0.0901964778529473 0.0312754550554091 -0.157979378031614 -0.26672654525088
0.100280272712805 -0.0184169631314335 -0.22843909922125 -0.078369108977266
0.0642111639468113 -0.0642141116992503 -0.165616020918761 0.046124381740967
0.0489226990268749 -0.064557504933741 -0.110502163757034 0.0972699716889377
0.0611991215472327 -0.0763313411308067 -0.070671356543045 0.134191305888165
0.121659280892349 -0.0373840748354715 -0.079694930690451 0.165860135579347
0.118356901407715 0.0423818586419416 -0.139981379667693 0.167068325050441
0.11144512202813 0.114593740691533 -0.235490551299123 0.0925670980630973
-0.0148725666459249 0.194347198502011 -0.250455410357912 -0.0415098635005944
-0.206964313802223 0.169446387806911 -0.182383995769714 -0.133921609972973
-0.322781523964983 0.0730148894088234 -0.195252919380354 -0.0529175996958301
-0.310644879366419 0.0138220719021731 -0.088736934110562 -0.0991874712209552
-0.255102050253516 0.129827055395327 0.0947792159721092 0.143583685421989
-0.0759474599730885 0.214248617390958 0.287523550397328 -0.041474598651689
0.101709777560109 0.18090869897461 0.173334391296687 -0.271155199494128
0.159186685810481 0.0765654113111301 -0.0908726977688476 -0.276183856929533
0.16747756108878 -0.0161185467850999 -0.174670568006996 -0.107809719679301
0.116287138395156 -0.0933330892524308 -0.124399285125919 0.00864610724794989
0.0810194430202689 -0.0992379655216775 -0.0771895043315927 0.0604276682924788
0.0867008479324123 -0.107909818816331 -0.0291141054306948 0.102751561353887
0.159836096623285 -0.0573617289235328 -0.0231703644385937 0.152006778066592
0.167096370078618 0.0426358985071705 -0.0738146840739006 0.189606803515021
0.165893079698034 0.14668860374301 -0.191392938210569 0.151239895896742
-0.00559211175796701 0.248338033976171 -0.237581030624667 0.0274065560853256
-0.238850643059625 0.198682344675669 -0.161193001316654 -0.0992101562011092
-0.368107351171552 0.0741333452170717 -0.0878846426523617 -0.0374797353629463
-0.324659516530214 -0.046486175261308 0.0417249582513971 -0.0737953887637767
-0.329184166558962 0.0788663787112162 0.145016371102508 0.161903977136055
-0.158448211886682 0.232533577125161 0.310996682668994 0.025861045406438
0.0812420214815532 0.250474952339941 0.231482751148151 -0.203303129130634
0.188703861426487 0.120187818282097 5.19690023788246E-05 -0.253561890663173
0.20626982197955 -0.00264631550952536 -0.0938964586571189 -0.130451433384051
0.151546595824067 -0.105543875145175 -0.0652068511722058 -0.033936008968806
0.102370403627737 -0.120136585809694 -0.0333960905006444 0.0144656146275532
0.0988651363938112 -0.127238625853578 0.0175311128571739 0.060513550755166
0.174654180895879 -0.0727035762199529 0.0347680252156941 0.122628698756356
0.192130286128282 0.0354615171299566 -0.00300960613008993 0.19096531821905
0.193602566394 0.15914006565175 -0.134993956567031 0.187199216699376
-0.00316581311668348 0.265402914069008 -0.207971109194133 0.0797288971681041
-0.242996892558304 0.193907043638828 -0.134874265388487 -0.0773238409273111
-0.361790565671081 0.0575302165834853 0.019135510398011 -0.028533635010361
-0.276093316742266 -0.0916435763541574 0.174741538798651 -0.0256207195465054
-0.326731223086328 0.00694918309053343 0.19460012005659 0.180703408066176
-0.204295830170521 0.187801674770496 0.306209294851652 0.0931344381750503
0.036561606553581 0.25688477321998 0.261535944799131 -0.114204089061693
0.17639220216729 0.140204141295851 0.0874989308509756 -0.199908576229899
0.204867780158853 0.0104389637498522 -0.00370472763189239 -0.140525959403412
0.158437824893141 -0.0989596733240414 -0.000249220964156327 -0.0754536464514437
0.106132666975609 -0.121801317992353 0.0140684072139109 -0.0328200199924772
0.0993614552150804 -0.130233532713388 0.0638383259170257 0.0142855151221735
0.168037262926551 -0.0771521728616941 0.0901332736141892 0.0860446990816306
0.191920404659267 0.0313301942268491 0.0598072262169809 0.176833686051579
0.185078206615777 0.163272378716387 -0.0824823144024234 0.202274021250353
-0.0224611422298895 0.249529244420179 -0.171745299947461 0.108683039569857
-0.232771133038316 0.151733949873622 -0.105674104242853 -0.0642283086407968
-0.310457680662075 0.0178498814764254 0.111525620778889 -0.018758802364
-0.171963879271712 -0.110000939692938 0.284462938473914 0.0266112769342128
-0.245717079707452 -0.0537292754521044 0.228600896916376 0.190137547321398
-0.187977907590296 0.107792919860073 0.281023213327311 0.14371128622434
-0.000655119002805074 0.203829463125751 0.265205689743196 -0.0348248491742777
0.13194249721007 0.123305294943083 0.153053506871814 -0.141576240714808
0.1641210393027 0.0172032601184995 0.0755281955728662 -0.141431064161384
0.134919156398791 -0.0784205058731504 0.0586125460784998 -0.11155474868983
0.0923596050401617 -0.104477480282443 0.0574333585563987 -0.0754438367089162
0.0887644142694642 -0.113877274600689 0.105357642654324 -0.0292826524598449
0.144685774863231 -0.0676253618263657 0.138091636531891 0.052486224506332
0.168967492302267 0.0318876881006348 0.109791327991287 0.164890327265415
0.145895917071155 0.159307315056635 -0.0426658461359046 0.209158783558538
-0.0549684565512164 0.204965544152835 -0.14350398908583 0.121839443772385
-0.208672663574832 0.0824159577478794 -0.0788652592984375 -0.0531463810437038
-0.222324703409945 -0.035888857963599 0.180653526607716 0.00022347489612348
-0.0373833704453042 -0.1041962095885 0.348724217593206 0.0647799858556291
-0.11799025506643 -0.0861486057052501 0.240750309227897 0.184440468010826
-0.123686952340024 0.0286534453668053 0.253111849282446 0.168041125492698
-0.017498091561963 0.11478092932521 0.256488723683745 0.0137644174727142
0.0734164381203912 0.07842529235021 0.190530235959361 -0.104339713470405
0.0969675156060544 0.0152340134828155 0.125459995395623 -0.142108089200011
0.0881236975371808 -0.0470385646441417 0.0969673482493681 -0.136158184714502
0.0647618773875218 -0.0700425053488575 0.0904334290139213 -0.106853447497018
0.0661998592399672 -0.0797571404652169 0.139040710539291 -0.0621152883559243
0.106439609207295 -0.0484835891289603 0.179072709681408 0.0315812776766022
0.128993128958362 0.0302981703346343 0.147804296438632 0.162057103633008
0.0891301613500092 0.138678830018298 -0.0176663944327618 0.220053087667535
-0.0845479941163291 0.138207822030484 -0.128354607934065 0.129999266179125
-0.160570200617497 0.00508805325223575 -0.0623389312551356 -0.0405648854368445
-0.107222068399191 -0.0867985696916321 0.217586797761138 0.0290375120944279
-0.00474078562715748 0.0986226450671296 -0.273713053079505 -0.0207772708907996
0.0954912980734323 0.0428635804299945 0.0442726287016963 0.117037183277255
0.0710034664762773 -0.0700462529144284 0.18562549034432 -0.13446991863221
-0.04301143663361 -0.0857070502615264 0.0329133311440779 -0.293785586290291
-0.0708410341912311 -0.0153918580379128 -0.210532920878535 -0.221887796900844
-0.048001780954298 0.0118081898827913 -0.264499401931927 -0.0334024695578062
-0.0433453582426201 0.0276941592921321 -0.191440364477774 0.0874097284579918
-0.031294394957927 0.0285579151056397 -0.131279321215413 0.140155412149166
-0.0324667705689835 0.00326729083845993 -0.112861981714219 0.166507934424314
-0.0200260782008321 -0.0236136474532069 -0.144520932762471 0.169858451113412
-0.00907970019751169 -0.0283605459826787 -0.208156864700336 0.116395438854216
0.0354875950163343 -0.0410941102988855 -0.267044676017068 0.00111620540303715
0.0654614788329864 0.0354283752342011 -0.256620242007036 -0.152107877384912
-0.00294725855842017 0.121376677052555 -0.238269756409074 -0.231106210416113
-0.0905119323040366 0.0914911012386068 -0.364979967899411 -0.0963185567306169
-0.133757005526682 0.1030339850915 -0.263779456242409 -0.0642086444525036
-0.00849863459947835 0.108930605170426 0.0436721641777705 0.121600533093835
0.0567204589388216 0.0345649067859711 0.215661777643353 -0.128953171103722
0.0276459058607098 -0.0146324105652473 0.05801267715853 -0.315866767031401
0.00851437753262684 -0.000701820107323742 -0.209250671202781 -0.249800625613965
0.0247066778933089 -0.0100450577981097 -0.267909299813337 -0.0486906741129145
0.00840953637743457 -0.0237586697324856 -0.193863320585451 0.0797884644061846
0.0100150767904962 -0.0216891557667963 -0.131364549130243 0.134111473505744
0.0211899187554564 -0.0403488649740029 -0.101335027993097 0.164816965313598
0.0630830485464498 -0.0279264878271025 -0.126201822878007 0.179597129793273
0.0600347353070548 0.0212343675497846 -0.193040169144581 0.144796026292067
0.0651095431146047 0.0530772487933718 -0.267850313872006 0.0384426386728906
0.00498628683086757 0.122555714850261 -0.26145087733084 -0.109581059940817
-0.133180942216332 0.14433670030349 -0.218092227500994 -0.186090501172826
-0.236713095694701 0.0814069447011262 -0.304063847556867 -0.0748042925250613
-0.248602109971661 0.0751053513813097 -0.203782957063379 -0.0944690549372031
-0.139438683037534 0.148736713674937 0.0636246374333147 0.134728091282921
0.00754868675845499 0.143710887163341 0.260690978605027 -0.103160131192683
0.0868529473658004 0.0831474246687714 0.108713780008843 -0.321793136646336
0.0956068747749002 0.030020979548845 -0.176704943170829 -0.27827187060901
0.105124554805553 -0.0236502988191874 -0.245225290980056 -0.0763252175408964
0.0658967959696604 -0.0699720656163473 -0.174188130617071 0.0538207072338679
0.0502774457054373 -0.069019649514899 -0.113528305040533 0.107925274959757
0.0622763584818004 -0.0815001557333335 -0.0699009376182749 0.145255465382868
0.127414651618625 -0.0452298724289672 -0.0800586594431959 0.179697527299494
0.127804328467455 0.0417428786658767 -0.144135782183493 0.181890089643913
0.120921233399863 0.117812485724262 -0.248497603431553 0.104623704835071
-0.010865166346958 0.205602220908944 -0.266881018063916 -0.0398617836002634
-0.215406921509091 0.185433296026064 -0.198079413726964 -0.1396130322169
-0.340015223636932 0.0843420849449954 -0.208074217467203 -0.0528723346858561
-0.326210054844159 0.0208009319924731 -0.0963244807156365 -0.100208104460686
-0.266347861997367 0.144850691962451 0.103724009429916 0.152707221328403
-0.0745440820387109 0.226728365092796 0.305314877210903 -0.0507191909022806
0.112309339938363 0.187678462564026 0.178062557039563 -0.293327781506174
0.169687087027562 0.075072470437518 -0.106177080131637 -0.289159914708548
0.176570839564603 -0.0238439004999652 -0.189470338432018 -0.11015260128855
0.120414187305628 -0.102959774504748 -0.131840083955986 0.0126185319752102
0.0823722727122253 -0.107609882722256 -0.0802381208331397 0.0670818966679147
0.0882377377949347 -0.115779804167319 -0.0278249688651698 0.11040702504203
0.167203988154234 -0.0665873423480863 -0.0204886466814975 0.163496091968006
0.179420585456795 0.0409990588909513 -0.0724608457361807 0.204844006070208
0.179065500601788 0.14902966978649 -0.201075649870228 0.166882921335417
-0.000222000604344239 0.263007677259499 -0.251481382944194 0.0335681398450199
-0.248461279203445 0.217174751246686 -0.174174608437414 -0.102850495708655
-0.388125896650801 0.0859843451552584 -0.0951757074538442 -0.038812334735127
-0.343536409470986 -0.0427344933132788 0.0422500135119318 -0.0768819874604163
-0.347599933093458 0.0927979901174779 0.156681563428864 0.17157736274435
-0.161816824129604 0.248679821295021 0.330783125783127 0.021060153581272
0.0926123960925588 0.262088531632216 0.241053993792296 -0.222279301433129
0.204193583106195 0.120543445402802 -0.0101316322612497 -0.267055245705083
0.218760855851547 -0.011308419503951 -0.103588985465853 -0.136022326233664
0.15724589213963 -0.11744618464125 -0.0705417508968736 -0.0352962352758002
0.104283471770465 -0.129487058267785 -0.0355550850985047 0.0172670982003132
0.101060283243106 -0.137091640796624 0.0203845312777395 0.0645559309256253
0.182005599452119 -0.0833450391787951 0.0409471358969506 0.130936494224317
0.205980265538458 0.0329068200551331 0.00328068854679669 0.204034343865379
0.209931739547053 0.161536851768754 -0.139259321485069 0.204365559185659
0.00399678332970202 0.2815653049752 -0.21845287207286 0.0890759674619594
-0.253844769575348 0.212172949478349 -0.146147385396886 -0.0797753849983596
-0.381669357251337 0.0687874733738756 0.0175726260099347 -0.0335699283412772
-0.292121194908055 -0.091532767749371 0.183796023171377 -0.0297503223328684
-0.346296020863618 0.0162298810756841 0.209031124619399 0.188856247655878
-0.210287020540798 0.202248604370263 0.327338661521161 0.0934578728118491
0.045908195778854 0.270597116512986 0.275243608635437 -0.12801173171967
0.191115107677406 0.141592024037367 0.084731475647662 -0.213484454641156
0.217683313508066 0.00287925822406036 -0.00821494404756037 -0.149445631879756
0.164082431159947 -0.111425761536348 -0.00320174757830259 -0.0818821818049144
0.108226527372776 -0.131896885177714 0.0130615016572924 -0.0340866940368125
0.101134584235812 -0.140032857049238 0.0674595838289868 0.0132606977851186
0.175365031891118 -0.0878068619341767 0.0982856694980172 0.0902946688119784
0.204978645662491 0.0282764818591828 0.0692257453300336 0.188739511395054
0.201731297482094 0.165767218171741 -0.0831807049650463 0.219164242779212
-0.0153140047851323 0.265422216557633 -0.179681250118424 0.119888570247446
-0.243612853633689 0.167181096935283 -0.114480165198997 -0.0660229101868752
-0.327479070621281 0.0260285218602058 0.115749367857094 -0.0261553858410134
-0.183244239991763 -0.113859997735093 0.3003684105104 0.0226962741733253
-0.262408841331496 -0.0510295384597349 0.243964490270429 0.198034343464447
-0.196720029999049 0.118478101066288 0.301072011307706 0.147231391060679
0.0039278833388629 0.214873304046049 0.280002381364275 -0.0429488195612872
0.143673650325167 0.125322061938769 0.156164796362442 -0.15394064861843
0.174111200610835 0.0111940067265049 0.0761179726140995 -0.153879005869716
0.14011542992237 -0.0883110201377579 0.0571577518321928 -0.122094778286091
0.0947715684389323 -0.112994610509836 0.0569274328829235 -0.0817798472190589
0.0897003087827772 -0.121992760963955 0.109934152117825 -0.0339961164383315
0.150606888781038 -0.0764527955728905 0.148599687136333 0.0530662167050017
0.180651468200221 0.0285984593355693 0.122372412487391 0.173081789976891
0.160231511660704 0.162425244514154 -0.0407984352569993 0.225500841170715
-0.052460128653452 0.218834414796067 -0.149372551802659 0.133115062062598
-0.219347356446829 0.0928291236229273 -0.0865968823570512 -0.054956160933044
-0.235578823302808 -0.033283428234091 0.189201113731899 -0.00814039994584597
-0.0413502884484671 -0.110126698388413 0.368895404624041 0.0620533517337583
-0.127966572933957 -0.0885859580392208 0.257411578249006 0.1906321597926
-0.130014104250235 0.0327105212147393 0.272692108479817 0.174358802250757
-0.015800070220478 0.121865911507588 0.272203295515392 0.00921063118924849
0.080647195444678 0.0799307876855588 0.198020388953681 -0.114532661951554
0.102757300034512 0.0127177820025648 0.128587757224101 -0.157228979216823
0.091589191886034 -0.0530981573481945 0.0967199682862321 -0.149918029642614
0.0660788126254997 -0.0759237140970866 0.0900903693937322 -0.11511593824985
0.0668716410616975 -0.0855994403661031 0.144657126502617 -0.0692657485270375
0.109945882999898 -0.053853778102668 0.191190167909316 0.0285187584980922
0.137282203542688 0.0281629236946583 0.163502467113713 0.16920679251753
0.098931488697557 0.144110422005396 -0.0130614221538412 0.235929076065711
-0.0859696904114864 0.148910748950923 -0.133473355969388 0.142121225689861
-0.16982110987714 0.00912129721800028 -0.067492705964992 -0.0423850457062065
-0.11339689125946 -0.0890516992082582 0.228881858318274 0.021702655328052
-0.00154701339611231 0.102435555863579 -0.287972412168142 -0.00600021514400105
0.103719972490908 0.0393016497080984 0.0552090544042286 0.121925150832515
0.0697818260812885 -0.0784203672533535 0.188940135764464 -0.153901890156147
-0.0504344846058423 -0.0872658104637881 0.0176393991378346 -0.315104275076624
-0.0757999039287762 -0.0113459562469824 -0.235815538960218 -0.222291264342025
-0.0504086428006343 0.0168868628738553 -0.28216787365517 -0.0174456851010468
-0.0434990555263843 0.0329080711844932 -0.196089221784969 0.103613656878032
-0.0306506410885888 0.0320694853012098 -0.12797826449862 0.15569524028822
-0.0335510471126782 0.00551483709410044 -0.107468304377924 0.184059132018971
-0.022631769353556 -0.02347587183488 -0.142132144088083 0.189677662509327
-0.0103752937711294 -0.0285483027932314 -0.214050289851042 0.134907855299694
0.0345841288749746 -0.045211082876756 -0.281157618763885 0.0157432412931865
0.0701374496570141 0.0335159480692112 -0.279762887142903 -0.148770869680253
0.00523857803244682 0.127694185534907 -0.263946145191485 -0.23203473039161
-0.0909283351499165 0.10142605572988 -0.388680105047364 -0.0809517530880198
-0.134702765657753 0.113544828426685 -0.28027038778716 -0.0514449560038218
-0.00229635273754465 0.115999498059257 0.0548650279846413 0.127174452590188
0.0617105207047393 0.0312499060051625 0.220918258197787 -0.149540202059878
0.0277611606583257 -0.0171896650678405 0.0428034661089032 -0.338331438538629
0.00814515187525162 -0.00044020084860795 -0.235782708533253 -0.250912867093643
0.0243993601624538 -0.0123225873544706 -0.286157868703831 -0.0343036436167167
0.00638030541750971 -0.024760445683292 -0.198863783855057 0.0961377462002104
0.00994293218730445 -0.0224861488841796 -0.128765786073213 0.15004476830233
0.0193613854386135 -0.04315613839365 -0.0959739988857226 0.181103840499188
0.0645971898489966 -0.0341854158307564 -0.122605911298523 0.199002730940322
0.0656906519629547 0.0190946243656084 -0.196321745304961 0.164327901514001
0.0710743428999957 0.0522624415229976 -0.280160459342911 0.0557027662988775
0.0114600025464977 0.128438548831366 -0.282561824712622 -0.103660325147941
-0.132298110416879 0.160038378790739 -0.241680763143078 -0.186068539642436
-0.245525624027469 0.0976293096640093 -0.324647487701124 -0.0629948756066737
-0.256576409106875 0.0899630121857837 -0.220096542362028 -0.0865813349003252
-0.137461283776892 0.165233811019292 0.0759145047725675 0.139962736040713
0.0162424389781097 0.148586984992393 0.270459750483212 -0.12396532727568
0.0960335810205121 0.0817672933128086 0.0972284611104764 -0.347573184357082
0.102362525730232 0.0259049346606222 -0.203719226459903 -0.282172090829487
0.107796120242297 -0.0325442495190725 -0.26443515450866 -0.0652664131571316
0.0647440645120002 -0.078151518379264 -0.180044768180448 0.0668848146242785
0.0483287150465122 -0.0754464242165317 -0.111975777661452 0.121879834395561
0.0605524423214534 -0.0893573368396546 -0.064176543942657 0.158073642681639
0.131373084220633 -0.0562091517045227 -0.0732843342157967 0.197029834256297
0.138102532050926 0.0372812320099678 -0.141746820888502 0.200959973691613
0.134623402602316 0.116072583133647 -0.256203563555663 0.125110301520212
-0.000632968437538106 0.217369492313256 -0.283543784527284 -0.0292821506836013
-0.21673671813002 0.208495835089305 -0.217602608286945 -0.138313045901654
-0.353231633523744 0.107581430584192 -0.223416128163337 -0.0455790487094771
-0.340064377554329 0.0371445942952734 -0.107396809336009 -0.0983387781833664
-0.272200074535653 0.168478219800413 0.117778548611546 0.15683677549978
-0.065067163272312 0.240842002913557 0.320427735832692 -0.0704764899086253
0.129614132670975 0.190214885343932 0.170517427209769 -0.320370852049208
0.182655903218364 0.0685007384416234 -0.130162543809748 -0.296433605212068
0.184414708095236 -0.03806005907036 -0.207146854358312 -0.103948041409033
0.119456693049964 -0.117167611312584 -0.138431639616354 0.0210378840271499
0.0803085467409598 -0.117776199062469 -0.0801320009292841 0.0774239047089554
0.0850109464560863 -0.126654903229973 -0.0207689064882108 0.118680067052611
0.171975877043262 -0.0824603252906146 -0.0111197885450307 0.175198173907459
0.192987012040805 0.0322961832321824 -0.0638302788074328 0.220953102768072
0.197572163222808 0.145377112154779 -0.203136024663283 0.189649640139759
0.0156656837841073 0.276915739653397 -0.263788045829467 0.0480039824768072
-0.250835687381646 0.243333958020277 -0.191111258975273 -0.100147127875548
-0.403515065490127 0.110438588346365 -0.10421492600182 -0.0381404964547195
-0.362144452903115 -0.0284289337665947 0.0397356803646948 -0.080994020065421
-0.361404819586507 0.11809027431237 0.172947620045959 0.174709935102766
-0.156335516926912 0.268894384926163 0.35033548530161 0.00601068120366934
0.11312815021899 0.269617795736606 0.241406770151481 -0.247994057880594
0.221449932138061 0.113441078507015 -0.028826924028456 -0.278391372325412
0.228987963240684 -0.0273838737570171 -0.118440331939642 -0.137283800267487
0.157727014152445 -0.13434293372796 -0.0775390848444682 -0.034394683637369
0.100973062419141 -0.142758639056402 -0.0366108099060033 0.0222618123415139
0.0968970248824224 -0.149483047591072 0.0262355063537281 0.0667974802450086
0.186120727414042 -0.100039962717396 0.051452035649861 0.137362372696091
0.220262516065759 0.0218092988858359 0.0160452498151621 0.215642633794243
0.230519508816855 0.15513519273511 -0.136505999816188 0.226201102360913
0.0205346045040714 0.295704539683361 -0.224834385764187 0.106104969174919
-0.255363545342197 0.23845106711203 -0.159736242542477 -0.0769790382431225
-0.396574018605951 0.0920691203534925 0.0137728119522214 -0.039172677498285
-0.310790813030218 -0.0824566983382093 0.191705191481955 -0.0389860760995813
-0.365094029078084 0.0376525680758872 0.228821924708738 0.189638096081367
-0.210812890139855 0.223625579624336 0.349941028621524 0.0823121601627658
0.0629587198472483 0.280742401294214 0.28241643121818 -0.149512669949981
0.209898583954829 0.136383550451424 0.0741618346536275 -0.227849988827962
0.228333498274899 -0.0125435287252306 -0.0179997642423331 -0.157634353614525
0.164372532685516 -0.129040183928018 -0.00964847802675771 -0.0883559494902672
0.105170123239655 -0.145197280871757 0.0094106691874007 -0.0364781342252874
0.0965952030369246 -0.152372023308363 0.0720436127518836 0.0106768383175586
0.17822769572945 -0.104014777712875 0.109724800336484 0.0902789962351307
0.218042294358742 0.0178118994510612 0.0860752200024529 0.195861289127612
0.222393464900448 0.160066589046727 -0.0749014718105624 0.239439284806147
-0.00045317386676247 0.279814321822905 -0.182207909832865 0.136469226919569
-0.247534000730096 0.190800095549555 -0.126646111650431 -0.0637146923698609
-0.343680348620988 0.0436620087094116 0.117370103305928 -0.0366330359949007
-0.198056146036984 -0.111299445083967 0.317466811622789 0.00937367861441619
-0.27960164968235 -0.0381543183024841 0.265985063718207 0.196808743246581
-0.200021785488058 0.13535250085005 0.325596269585596 0.140856264710109
0.0168544879932771 0.225343798616926 0.292253920364055 -0.0600711166343016
0.158702967811231 0.121967240802515 0.153056685806758 -0.169097274132422
0.183610750983044 -0.000575706828098229 0.0702061300549274 -0.167325693593964
0.140794628124403 -0.103396794123707 0.0509853664647938 -0.134414428413344
0.0921968045502534 -0.124840271809125 0.0524778468382016 -0.0887073529262416
0.0860668709750925 -0.132490044787721 0.11330759104577 -0.0422166111161187
0.153275816576088 -0.0902312037661441 0.159664368378401 0.0477319444398768
0.191968133177578 0.0189508516581189 0.140524215575859 0.176851483754633
0.17863312500904 0.159310981202268 -0.0304680165793116 0.243328534595237
-0.0418475887485506 0.233438222479423 -0.149317144080287 0.149470060418258
-0.225378319661229 0.110350485728132 -0.0956572196137486 -0.0540061883789848
-0.248857042594454 -0.0229894616326535 0.196021553674772 -0.0230699772809613
-0.0496207355477591 -0.114943851329633 0.392005493679881 0.0460014567501721
-0.140272809365394 -0.0866624313543091 0.278516755590174 0.187928412501464
-0.135355847595425 0.0420425713662584 0.297998532001614 0.170206390447421
-0.0102408093229515 0.128743174036679 0.286442323027996 -0.00419704384665548
0.08949893900637 0.0780525706401287 0.199729533774582 -0.131328102349336
0.108807733730693 0.00557672850789441 0.125866878586347 -0.174373884158341
0.0916163989217508 -0.0618025015192164 0.0898122179747214 -0.165591446673733
0.0640069476299999 -0.0840199907445214 0.0852738267081344 -0.126955726176685
0.0648236075831694 -0.0928941905577817 0.146519497669268 -0.0816787438133022
0.111307174443173 -0.0629258381595383 0.20304475410563 0.019570039841338
0.14633399601169 0.0208848469521151 0.182485035322933 0.17044625305955
0.112868290146121 0.144429996796398 -0.000153844732012597 0.25253308053675
-0.0811907078241344 0.162443311576848 -0.13244412043393 0.158359824774947
-0.178209018894021 0.0196413117506998 -0.0760008241810718 -0.0424538563879938
-0.124124708856009 -0.0889707699346879 0.238940291574158 0.00655152549225456
-0.046227863455302 0.0960789368187405 -0.264344713209784 -0.13292096791468
0.0807777477703308 0.0808702118678342 -0.00315792988029636 0.137010443347251
0.0952866131050831 -0.0436969312666231 0.242290576280532 -0.0613787250926082
-0.0130701402067004 -0.0987117665909463 0.152586411651153 -0.28859952411789
-0.0674310619370784 -0.038450060107094 -0.124126705996275 -0.307510478805454
-0.0561684312905181 -0.00376207540933783 -0.255091094187794 -0.139984419624108
-0.0569590841972616 0.0140438059940629 -0.227450537159574 0.00989071220395195
-0.0425937052106143 0.0179586869538 -0.182954695481346 0.0914250310696317
-0.0335772014477947 -0.00803936348142651 -0.176771645442134 0.127483712817323
-0.0115512433101233 -0.0304308536191606 -0.212467090100247 0.115827761906353
0.00270116597967077 -0.0299995877933063 -0.257951510682967 0.0312111463514042
0.0464259819105068 -0.0247382559187476 -0.263222857436469 -0.112245946598953
0.0470080630068845 0.0608821703422429 -0.191796497210769 -0.266104451190801
-0.0535945313823424 0.118127393010534 -0.143458966869707 -0.342011478030123
-0.129899648439164 0.0551205449799684 -0.324001555348902 -0.263291866303352
-0.175324614143161 0.0472287075282165 -0.236760894944239 -0.168692868457327
-0.0523485007817306 0.105777335147725 -0.00337961286447478 0.141052553285655
0.0398768625298646 0.0545216010669643 0.272645889254353 -0.0444272676635293
0.029385140799959 -0.00100735837442865 0.18935093259712 -0.301616850704035
0.00573931116820822 0.00847013734400539 -0.111202347640711 -0.338292647771012
0.0265964091118492 0.00147520069526394 -0.252654344484578 -0.159830273450578
0.0153539955955769 -0.0185029997200584 -0.22758787519087 0.000837716137765135
0.0197576457095226 -0.0158074320726714 -0.181222076959786 0.0850049210797668
0.0363800012483256 -0.0313268199198498 -0.164411478455757 0.12970379077615
0.0745647382586583 -0.00398050664066541 -0.197443138933362 0.134771152790681
0.0539098245915197 0.0485250051813466 -0.252915267754591 0.0698790489166126
0.0394149840894341 0.0811017961392091 -0.283724609624558 -0.0696913185980229
-0.0499801588563425 0.12301817510686 -0.21787372309248 -0.225814492467061
-0.195950058630852 0.0888873745988591 -0.142291824364274 -0.293344990382426
-0.27198000582817 -0.014528645435788 -0.270098446607434 -0.217834371169002
-0.279522680164066 -0.0287615582855525 -0.165342487966884 -0.170637193225034
-0.200598670853506 0.0928242626914175 0.0142555036463178 0.16512604829532
-0.0545118529222372 0.143365604963369 0.310718016743888 0.00139775259756911
0.049196541202564 0.117907024035837 0.247254100838879 -0.287915977763943
0.080791275420066 0.0730508882487292 -0.0654783037145208 -0.356892493618027
0.114034969339635 0.0177472028689465 -0.21901129471609 -0.180777766580641
0.0926187234020876 -0.0440965270022562 -0.19711391130566 -0.0184566919125109
0.0790766232329245 -0.0482165024419924 -0.154920197231856 0.0655114144761968
0.0947537495236854 -0.0562614965098675 -0.125293195301619 0.121241030934819
0.148055873787298 0.00319474003331886 -0.15044303792973 0.154099167489939
0.114869425483555 0.0970272678224556 -0.218839175143068 0.130263938163486
0.0704077799915537 0.168362012781187 -0.293312526184981 0.00816835077060708
-0.100960394880459 0.201727425866388 -0.254995818912201 -0.156376374884697
-0.296066700728066 0.0977011741411148 -0.143626201957444 -0.240645452736528
-0.375075857243935 -0.053806654933797 -0.184039211847806 -0.155764336796464
-0.332946327046733 -0.117694029015909 -0.0567113788334262 -0.129013976494831
-0.329386864835062 0.0363921327136902 0.0492140184969702 0.202036533078928
-0.171526710922453 0.192360300848598 0.337394481706331 0.0750099451349294
0.0334790911461735 0.231996999362022 0.307427598755077 -0.229406927124747
0.136386201006503 0.147156245985346 0.0104340869432219 -0.341826965491129
0.186557570742068 0.0448765594205268 -0.149145536989684 -0.193430999285246
0.160617662572589 -0.0585091379004887 -0.137699878873817 -0.0438780073708921
0.127668386098324 -0.0752747350257171 -0.107216824011184 0.0376163852193875
0.133892168855828 -0.0808512260151725 -0.0685270177356862 0.102550412625864
0.196685694467686 -0.00518954200502551 -0.0834627810599292 0.160714117523073
0.16904334124596 0.115457456090123 -0.153412356981149 0.184212318767612
0.118245597875408 0.221500475720351 -0.272130812913343 0.0939506053279604
-0.112266387901795 0.264218465817716 -0.272916022533274 -0.0724490383770097
-0.342496884667321 0.116050587762015 -0.136069908577943 -0.19282438098591
-0.422988455129787 -0.0728256993653524 -0.0770632320387269 -0.094957679030575
-0.325133069035244 -0.190719440122655 0.0715143671725783 -0.0469344434869169
-0.392317134728811 -0.0500262581193873 0.0947488588677269 0.245592581804403
-0.269948074084118 0.178612302927712 0.33424437039079 0.160956369918181
-0.0167194604317857 0.295945719933701 0.343131543434947 -0.128464871219838
0.152841569085942 0.204815527924618 0.100334214754667 -0.280478447908319
0.224089976281085 0.0728468136388351 -0.051076661946294 -0.186228127739005
0.203993600318309 -0.0602560521201432 -0.0585386649355198 -0.0697011366920277
0.157572546432047 -0.0903995365925528 -0.0449795296489511 0.00405376814859802
0.15347820940046 -0.0974716957001208 -0.00320648134693908 0.0743435087489421
0.2167107134656 -0.0168205153440906 -0.00844700526665634 0.152042783084626
0.198820749756662 0.115956147443741 -0.0753109973713428 0.215333551739855
0.147111872081272 0.244138282374511 -0.226397031146455 0.159839370516783
-0.115362216963399 0.285201424014198 -0.263171617568784 0.000195019319063548
-0.344824404265718 0.111060147661111 -0.117297766533437 -0.156557179163532
-0.409447239507222 -0.0883645659104205 0.0329553594381853 -0.039205709095475
-0.254436669951755 -0.220013178482803 0.19411542367639 0.0591339110124451
-0.360889347653911 -0.128873993771636 0.136540040352299 0.286017654078086
-0.299649369908416 0.10995715158947 0.298515273422395 0.234423417499441
-0.0668722314225436 0.284810245837093 0.339746149386152 -0.0165963320808539
0.131218272002872 0.218219424857351 0.174768626724297 -0.187022177981266
0.217899568735673 0.0857303784783928 0.0510681766839472 -0.161746278802986
0.209859087558399 -0.0525923493142011 0.0285356985604804 -0.0898110287673823
0.162886915761517 -0.0914713078956099 0.0228133414285367 -0.0299018573403356
0.154684349138256 -0.100806025124745 0.0627228617864772 0.0419469826217006
0.210604480452488 -0.0238747033598589 0.0642240701122093 0.133351107785265
0.19926523357797 0.110797754331587 -0.00165303398760538 0.226767593427102
0.138014191266822 0.244389696427008 -0.175275091234414 0.198966836913976
-0.126663573228611 0.260654833909697 -0.237126832151142 0.0484598457951072
-0.315196636768299 0.0702446961438903 -0.0913570465472617 -0.128876131852046
-0.337077828082295 -0.109301768081971 0.12862512339922 0.012162547356167
-0.137491094398963 -0.197969252866055 0.290020708545917 0.158093009425832
-0.247598871518472 -0.163890145808169 0.16507922673758 0.309010702174767
-0.250466608143485 0.0313037434759166 0.246458200657821 0.280992198850866
-0.0852687924293081 0.212151702611676 0.305311823208407 0.0736581810627215
0.0904235207068496 0.181319158301545 0.221606527991033 -0.0956455929701646
0.169998025573081 0.0768031585075539 0.138563013952013 -0.130640022934436
0.175947034471665 -0.0384342702602316 0.104184926239113 -0.106212454599225
0.141220037502562 -0.0775916109083819 0.0846774642247233 -0.0609154042723728
0.136188909273618 -0.0872508296438947 0.122603071774563 0.0101781356939534
0.18121305790499 -0.021174156047817 0.128750148867759 0.114762146406409
0.174133542197842 0.100238628154716 0.0570523557247486 0.23092009217625
0.098025493898532 0.225698173469879 -0.136746245246535 0.22192121938205
-0.144210603863576 0.199991690038641 -0.213076786545449 0.0737450671992238
-0.259559171468882 0.00416986915146454 -0.0658733331983518 -0.103195705371519
-0.220045653607168 -0.131573622863312 0.193925195887665 0.064848015625706
0.002039335414831 -0.135489332896077 0.343130982122041 0.220895213662073
-0.0958121737309056 -0.147680732374021 0.175966925790087 0.306372592613442
-0.146354624538048 -0.0256208352023315 0.204026935872429 0.296457822538405
-0.0680187799140197 0.111348153659072 0.273486444601657 0.124867371804173
0.0468645322273538 0.108849691268711 0.247683793072859 -0.0373691827566905
0.0975513117037313 0.050341392241667 0.193834057423034 -0.110158442466046
0.112256987085125 -0.021274493156511 0.153920491578977 -0.118427115072907
0.0975117073118751 -0.0506758915738732 0.131551503211887 -0.0824048510576256
0.0996798198316987 -0.0601224229438571 0.168563530910386 -0.0128174819249904
0.131900944380692 -0.012758369082103 0.179669244006228 0.106345279547019
0.12948095950259 0.0823380818435519 0.0980096840779914 0.242106847531596
0.0454434136368818 0.184198349403267 -0.114010167309678 0.241118450834834
-0.148494371495838 0.116791179476395 -0.199080469449477 0.087858887352871
-0.174861116970288 -0.0604677208521202 -0.0507137410685552 -0.0804899486677758
-0.0748246192256806 -0.138401898871382 0.220018754072758 0.114135439458065
-0.0428397450503762 0.0983150340302579 -0.273728719314105 -0.115898486273243
0.0871139759307008 0.0759926493805494 0.00560361154069423 0.138659637834585
0.0922519375028788 -0.0500311000059637 0.23921365890786 -0.0780771592022464
-0.019233693433603 -0.0982870988998974 0.133796804232113 -0.302985780608204
-0.0708582441834152 -0.0332352935897627 -0.145345037334339 -0.301126337647303
-0.0572941886852587 0.00177674989417348 -0.266436319602904 -0.122105098852658
-0.0560739744503366 0.0198310706838289 -0.226496059425503 0.0254711166123514
-0.0413242479407153 0.0219086047664732 -0.175368427481773 0.104210696467295
-0.0348667743463886 -0.00607490477805173 -0.168520933157379 0.1416514406444
-0.0138367581603937 -0.0296684872064738 -0.206690883870485 0.132326144352097
0.000414378380229953 -0.0294983931091643 -0.25835390647067 0.0481052174085647
0.0442685119875024 -0.0279126564341741 -0.271071694601334 -0.0970482256422043
0.0500052577143953 0.0584695577677021 -0.208880078165734 -0.25940320568964
-0.0455420744921261 0.123561077389207 -0.165529507920763 -0.337943993040226
-0.127490408483347 0.0636794402768038 -0.339592509397544 -0.244331541789993
-0.173947512441077 0.056984978127483 -0.247455043292678 -0.152757894339393
-0.0451676890543918 0.110607143717912 0.005945721128483 0.144073277978731
0.0432994561849104 0.0516207945251501 0.270757893040281 -0.0626237068542776
0.028997358093612 -0.0034120546766376 0.17078130044661 -0.317125494918888
0.00599063598503454 0.00867695056941052 -0.133986645998089 -0.331876498099196
0.0256961361951585 -1.74113472254649E-05 -0.265362453709766 -0.142326200129901
0.0134847543681177 -0.0189177480347986 -0.227058535530464 0.0161831476946328
0.0184761740789044 -0.0159053250374884 -0.175161635653115 0.0977931005625592
0.0346732449848312 -0.0329460922902112 -0.15557973869946 0.14246927170208
0.0748074077213704 -0.00967623975497681 -0.189324702810068 0.149947708918853
0.05815562941109 0.0459226131135351 -0.251903959910476 0.0871300830717755
0.0437396446696985 0.0787191246861392 -0.290062665327546 -0.0530356991046159
-0.0437990272798571 0.126809078629069 -0.232549828764672 -0.216567910955135
-0.190616602681587 0.103150102243215 -0.161360953899534 -0.288317319955273
-0.273031287823046 0.00139220313706219 -0.285021771408678 -0.203556070101459
-0.281234041006087 -0.0147323209071473 -0.176546924327787 -0.159291600342031
-0.195284312690218 0.107130833391157 0.0245841339114073 0.167201947291183
-0.0456958976252599 0.145542226110426 0.31273589844901 -0.01874362466742
0.0573668738089211 0.114491253876396 0.229200023859922 -0.305785938972796
0.0854661833938263 0.0682213027819204 -0.0908411964782164 -0.352076288605818
0.113914231567072 0.00934461288036484 -0.23283230698859 -0.165525084026101
0.0887837786815938 -0.0513126940506655 -0.198114027471551 -0.00645996396795854
0.0755652340847196 -0.0530941201261716 -0.150194668368226 0.0772685826113163
0.0904528586471058 -0.0627755229945914 -0.116674525500648 0.131477012391296
0.148873386839291 -0.00836048214244101 -0.141341182247022 0.167111831186115
0.122948918941832 0.0904167434336792 -0.211960746390462 0.146105160176705
0.0815684754985554 0.162747858427125 -0.295585458161469 0.027597928788739
-0.0892272867663486 0.208599087662792 -0.264919547165785 -0.143946839946692
-0.291057711685186 0.117736210477887 -0.159587467256723 -0.235334970284808
-0.379051504824658 -0.031649902436503 -0.195772506768829 -0.1475084000941
-0.341002760696825 -0.0995793759649675 -0.0658532276794076 -0.124140110423638
-0.328609038947903 0.0577940198995309 0.0601775192719603 0.2026367237775
-0.160337800954731 0.202006088106166 0.343070024563974 0.0548877794097329
0.0483540603965813 0.2294482350716 0.294749787445746 -0.250398026819128
0.145683773554801 0.137543913099294 -0.013168154185204 -0.341193516210373
0.189875954769849 0.0302031831118345 -0.163477663218779 -0.18399502701551
0.155611818581057 -0.0704713799871743 -0.140986000495581 -0.0362321589301415
0.122088378912857 -0.0830578806353424 -0.104673412859481 0.0457819700466245
0.127722842004722 -0.0900877286822062 -0.0612577447467659 0.108746491101855
0.196501414862985 -0.0198066869653937 -0.0726825317148977 0.170337970330109
0.17804093731245 0.105511266379013 -0.142331615927021 0.196424103455507
0.133768791293205 0.212235025290168 -0.269658468168114 0.113795989508094
-0.0959269187933705 0.272491201164866 -0.27783266082031 -0.0575640853302246
-0.337310228532896 0.139203347803438 -0.149725409075128 -0.187627808602749
-0.428761647665036 -0.0470587242521743 -0.0844084540370621 -0.0932869235100849
-0.336975522576256 -0.173555729628428 0.0684777794455729 -0.0491595153367108
-0.397425983738643 -0.0253118605697038 0.106950971403132 0.243664446637711
-0.25844246086184 0.19382709422367 0.3438952506418 0.143446374628965
0.0030534279782801 0.296856614453632 0.337608989489849 -0.150814614128389
0.165772595166682 0.193452063157633 0.080247896045873 -0.284864375964908
0.229660470746512 0.055485468239782 -0.0649017758031924 -0.183071151138709
0.199029669364127 -0.0757672206319921 -0.0629640174964504 -0.0672316316698796
0.151130128207083 -0.100670612455615 -0.0445449334607133 0.00816544418904922
0.146650625053056 -0.107427415401893 0.00260015422734259 0.0755622070772411
0.216771829312268 -0.03211362612317 0.00182716679265026 0.155761283871692
0.208489762698645 0.104281095473973 -0.0609446219186578 0.222868839157237
0.163336064045732 0.23376390255212 -0.218857488471771 0.177663602661232
-0.0973404392904724 0.29358972642639 -0.263835800538983 0.0158724161976844
-0.339445132228323 0.133413324242585 -0.128928231964773 -0.150638929832178
-0.414761876206392 -0.0627450536095551 0.0291358416783656 -0.045162004236945
-0.26827124180953 -0.207183101421688 0.197539159121633 0.0489790975131206
-0.37022643341716 -0.106599823567477 0.151499153156568 0.280229274574822
-0.294371772398708 0.12847370770828 0.313269945724912 0.220539975449309
-0.0485108636941692 0.289148664591362 0.338993591513617 -0.0371669034990779
0.145771897246398 0.209324217054162 0.160430637264527 -0.195900838549447
0.223978191030633 0.0692703097451758 0.040831104711326 -0.165190651409943
0.204495974061435 -0.069031996309194 0.0220599704923954 -0.0944170262309352
0.155474769720061 -0.102199106960288 0.0200203587400123 -0.0311647985713452
0.146909103813488 -0.111293601278474 0.0658631398593265 0.0380951437751231
0.208913002067643 -0.038231888828566 0.0737911338768661 0.131473450768672
0.208116475188829 0.0973570806701592 0.0133829995443138 0.229073954078654
0.155166912933468 0.234033058967081 -0.1643643308689 0.215107752184351
-0.110361096038547 0.269904934459705 -0.234277886058975 0.0631090051959117
-0.31256709187879 0.0898652188314759 -0.100913773082528 -0.12402605251345
-0.344387123786416 -0.0888104579775579 0.127786614635909 0.00056256320074711
-0.149149447540084 -0.191745619181069 0.300005506899974 0.14136227869922
-0.259560242828178 -0.14878127218601 0.179948901771388 0.302118912317314
-0.249509453480576 0.0472086688227651 0.263611810946321 0.269347097634458
-0.0719552079853899 0.217793057384163 0.31094453998011 0.056949476998498
0.103314714631233 0.174779958560544 0.214512014047336 -0.107383637457039
0.175046570815587 0.0640662676341457 0.130841804419519 -0.140679788049787
0.171576526318967 -0.0526840671126943 0.0960960167196265 -0.116247805920461
0.13509523059845 -0.0872080121334816 0.0787902360392151 -0.0664739773034291
0.129670119918024 -0.0963826371266791 0.122937213991391 0.00256278713136982
0.17928333766087 -0.0335646889659884 0.1370398545308 0.108183224633165
0.181426386842085 0.0887303189274 0.0727219966922178 0.230843178132072
0.114936034930724 0.217923071479034 -0.124429762368812 0.234811247044066
-0.131467362088959 0.210289230248295 -0.207147455452941 0.0885700265374767
-0.259885991047096 0.0201348827015935 -0.07476377768649 -0.100574890311457
-0.227700701569444 -0.118683612708351 0.19588260140543 0.0482869342304001
-0.0055172856595484 -0.137478452007484 0.357978564670406 0.202248498763824
-0.104972320276949 -0.143056430619335 0.191119091526024 0.297654865502318
-0.149411077064644 -0.0175151506082167 0.222136516552817 0.287220483523206
-0.0604060597040793 0.115441850240233 0.281988174888319 0.109011611967603
0.0540562670814317 0.104465275732998 0.244648492334991 -0.0513698216043813
0.101017876946291 0.0430616294466757 0.18776888946196 -0.125534828749687
0.110071415389475 -0.0296778227589049 0.145051100792063 -0.131402317883505
0.09358865937344 -0.0582477867295898 0.122599393500086 -0.0913824923849065
0.0956970172362259 -0.0666212494831493 0.167398906066015 -0.0233346581796095
0.13045098375976 -0.0216964734964915 0.186929280131714 0.0952320284669608
0.135261990282827 0.0730488766594317 0.11510006061784 0.238716592274378
0.0585993565725266 0.180146621551414 -0.0998509785547398 0.252866875404684
-0.141724253041118 0.127827061510295 -0.194172633932406 0.102048233349617
-0.179537699376392 -0.0501356723859084 -0.0586146312806696 -0.0803083319515692
-0.0830839567828111 -0.134595089941274 0.225232347331477 0.0968092366841912
-0.0405454543227734 0.0994273002014036 -0.276435865507132 -0.102345344307909
0.0908449489242252 0.0718850639892127 0.011285340775742 0.139348114677153
0.0884258156680911 -0.053580504916755 0.23458503688556 -0.0889953166994334
-0.0245212456479168 -0.0971007650513278 0.119139069384153 -0.309704518067669
-0.0721989489295429 -0.0283423654956724 -0.158832838354255 -0.293862157142911
-0.0577462219170377 0.00618841611805982 -0.271890268980919 -0.107837570802159
-0.054589913225204 0.0239889340198971 -0.223839783106441 0.0366101712874344
-0.0391636286963138 0.0248592343632585 -0.167904818416489 0.112912241939603
-0.0350380722980173 -0.00396210390943863 -0.159903754943119 0.150775606377138
-0.0157445370053891 -0.0288723641505965 -0.199618838804282 0.14478802116927
-0.000864799162037476 -0.0284403196432379 -0.256520285701877 0.0611541316485437
0.0418573222729706 -0.0295516667708027 -0.273872798710239 -0.085312569774776
0.0519855874789334 0.0568611145895931 -0.218643874206582 -0.252867174454371
-0.0380151085336581 0.125300363157386 -0.179939901453894 -0.330883761406011
-0.12438201079461 0.0687329525920514 -0.348867127267641 -0.227178462733636
-0.171968501869761 0.063198676913872 -0.252454310137341 -0.139396363798701
-0.0389866120596002 0.112763728551013 0.0117357911361709 0.145317151938867
0.0443519796445495 0.048754191948713 0.266264496151391 -0.0758057576374197
0.0289332056996168 -0.0056200802740842 0.154752777046014 -0.326311242289837
0.00546509138635738 0.008984257075242 -0.149972673041484 -0.323902357438468
0.0247494017962643 -0.000200008832433912 -0.272268278960977 -0.127042324703203
0.0123493618548988 -0.0181072639814193 -0.224687512844309 0.0263149431034216
0.0178838223884254 -0.0160341037686807 -0.167913984276951 0.106326581684427
0.0320733498013 -0.0347776972997462 -0.146910494210737 0.150632631645683
0.0737537478763568 -0.0138379465150006 -0.181511797903959 0.161148069254348
0.0608103959256695 0.0437741029525782 -0.248604524438336 0.0994401074505501
0.0467031538817715 0.0762413789262694 -0.290934944188746 -0.040293859638449
-0.0384560552283088 0.128652553231976 -0.240476300639529 -0.208452434200034
-0.184549893645937 0.111343657710622 -0.174057944890613 -0.281699705561534
-0.271555438802599 0.0136004601553945 -0.293002092774645 -0.190645168118525
-0.280903320494963 -0.00338052324673036 -0.18210459018679 -0.148883837942528
-0.188828036432518 0.116469186525643 0.0308798261851392 0.168265798272699
-0.0393324380688566 0.145909291675186 0.309940466471705 -0.0325652267986133
0.0631090358824283 0.109618403096779 0.214642217703538 -0.317048912071474
0.0879772401819947 0.0639471928817746 -0.106999627070794 -0.34563910838711
0.11321092340259 0.0037314993215348 -0.240436120548919 -0.152881268068382
0.0850058298053416 -0.0545235722493943 -0.19685694497158 0.00222192847858153
0.0720987892763754 -0.0550698572463697 -0.14409015522292 0.0848053150004976
0.0856394448559218 -0.0668046844750413 -0.108715658955849 0.137461664613864
0.147078511421771 -0.0162692542932511 -0.132666819781962 0.17557444799674
0.127977924777237 0.084914315555842 -0.20535790918937 0.157314929780953
0.0882168212194153 0.157482839931712 -0.293441341241193 0.0421594220962518
-0.0798713445513695 0.212488111623623 -0.269374149825755 -0.133930710632318
-0.28450390282396 0.130531696788673 -0.170779233975437 -0.228979508331414
-0.378657917359122 -0.0146891051488327 -0.201588007279923 -0.139914312959119
-0.343145283084718 -0.0864105425875647 -0.0707766665882359 -0.118599245877655
-0.324776478755184 0.0738677116840307 0.0670122154811194 0.202427376796465
-0.149877894276349 0.20694024822102 0.344105508522962 0.0405534884779295
0.059024524283936 0.223891295833615 0.282788048123093 -0.263186734544618
0.15119279110572 0.129613362276973 -0.0302479585899392 -0.336732871555147
0.189132266384344 0.0201220884064507 -0.171515526656466 -0.173444185390498
0.14999953858361 -0.0788334826679218 -0.141957139097755 -0.0303590358360235
0.116054227975897 -0.0878390039662474 -0.100657714637088 0.0519163660994093
0.121390525531939 -0.0952047597726222 -0.0548501881301262 0.111718404789432
0.194352494622678 -0.0302963717592824 -0.0646314372436098 0.17576905848926
0.184315491298215 0.0969106511143471 -0.133106915982758 0.204312490193258
0.143175919647061 0.204304319102427 -0.26360970472102 0.128555227911527
-0.0842562165944529 0.27575377624704 -0.278221427557983 -0.0467767416644575
-0.330098327886307 0.154855305644893 -0.158573950807678 -0.182064758184926
-0.428672770745728 -0.0280540515366047 -0.0898526193175627 -0.0913112245954405
-0.341950512513056 -0.160846002649409 0.0653428370487092 -0.0501083806359905
-0.397549935161889 -0.006123285657144 0.114207857413434 0.240974015058373
-0.249595623436679 0.202617208626061 0.349277622631303 0.129680015615365
0.0174199146571887 0.293434021035578 0.329381681521773 -0.164674312221546
0.174388960734533 0.183678476508982 0.0656769722538939 -0.283628886557876
0.230298678332472 0.042102112141367 -0.0736233873337114 -0.178241329502333
0.192320230947432 -0.08684075962557 -0.0659145048218343 -0.0659177189484391
0.143225817338906 -0.107332594348147 -0.0439103314193429 0.0113260204524371
0.138569142840299 -0.113430786271731 0.00671441459276867 0.0759627067032278
0.212502270189534 -0.0434420927170415 0.00948007182099112 0.157164714154614
0.213761939759374 0.0934356625914746 -0.050086639686784 0.226492048633679
0.174128222215712 0.222663346428309 -0.210069858129591 0.19012767393324
-0.0833545921735402 0.297003171896474 -0.260367071437406 0.0261443488215715
-0.332875008350553 0.149060431105688 -0.136065213011522 -0.146536963531263
-0.415643551930757 -0.0443667294383712 0.0247307184855206 -0.0486577047425036
-0.275302053142284 -0.197189025738515 0.198517882940417 0.0414150784659027
-0.374736273118666 -0.0886387965627409 0.15988496041583 0.275460576016202
-0.287600032846491 0.139105228658942 0.321268245052929 0.207296697057904
-0.0346753880901368 0.288843678296032 0.336502473488381 -0.0505108938880845
0.155442378181373 0.19968291887382 0.149598433496464 -0.198398673731412
0.224682914397841 0.0562715157875122 0.03274639974823 -0.165982563332717
0.197608637524281 -0.0794437427166271 0.0162557576093173 -0.0963683392236463
0.148082630901392 -0.109169475049442 0.0172064936430858 -0.0307534083440853
0.139051061896417 -0.117711382670446 0.0676620105976996 0.0357075133727069
0.205291658257329 -0.0490081747684684 0.0800979950813215 0.129026012690781
0.212931555656572 0.0868939976698408 0.0248038212360514 0.229722268585447
0.166484334320401 0.222696287968681 -0.154929035031688 0.22538706864043
-0.0964511622891699 0.274234291961246 -0.229586775845711 0.0726031118826683
-0.307242884136633 0.104165247750876 -0.108000986756256 -0.121103203958721
-0.345771125893626 -0.0734565727484458 0.124654691707662 -0.00868850765563175
-0.156147875941438 -0.18579043905806 0.30409853120117 0.129244199396024
-0.265443217840891 -0.136148049036521 0.188891731040764 0.295582279166294
-0.246337685769698 0.0571013894381755 0.274070000727756 0.25999479864225
-0.0610457562071388 0.218835574790299 0.312154683718465 0.043670348560168
0.111040496296716 0.167213940673965 0.208039163538142 -0.113122010620585
0.176633629064124 0.0535960137134136 0.124166396936291 -0.1463858194355
0.165725933106868 -0.061743875946083 0.0888109013524055 -0.121988052125037
0.128366644284322 -0.0932662446616905 0.0728850132858718 -0.0689738526298291
0.122812493661379 -0.102315670922523 0.122078135287178 -0.00214121763661307
0.175936293529098 -0.0422965363646687 0.141425000405168 0.102557132439015
0.185414726106655 0.0784418186684906 0.0842254747390503 0.227757509156504
0.125394569100513 0.208896176344777 -0.113283313578793 0.243770483835806
-0.120179928654411 0.214980326825752 -0.202296184672682 0.0979374398262105
-0.257626149035414 0.032470575401731 -0.0800757854138003 -0.0989949971065309
-0.231085297100638 -0.108579712809988 0.194382831104764 0.0353858942226065
-0.0118175643013589 -0.13707445908418 0.364422977531258 0.186424314113314
-0.111529955281109 -0.137653650269421 0.199352815437239 0.290605513599645
-0.14899521398524 -0.0113789098392112 0.233121644850247 0.27973258839613
-0.0550891442832364 0.117613666173065 0.285713863516939 0.0983030055290319
0.0584736476825181 0.100570501123204 0.240626839805981 -0.0593793109986255
0.101667384591266 0.0371708772955615 0.181603371228019 -0.134768535515857
0.106040949791718 -0.0349435022573791 0.136015276329611 -0.139510756733201
0.0891843057937029 -0.0618496109048562 0.115566288865843 -0.0962755512434139
0.0905768089574035 -0.0710126763208995 0.164196319895565 -0.0302859527549026
0.127998308048799 -0.0274600937983652 0.190212787550964 0.0864077179953222
0.138017665616793 0.0652792451023469 0.126830300111898 0.233645168445303
0.0680568017147279 0.174890634162743 -0.0875586701405408 0.259761181276564
-0.134400612161765 0.133808566492066 -0.188012878833565 0.110598546380841
-0.180273816434943 -0.0424727988370824 -0.0641616935392393 -0.0783799303404012
-0.0879116380606421 -0.132192996868877 0.225591852040108 0.0835765736750586
-0.0402013915108251 0.101500654908193 -0.279454327622007 -0.0933001932414494
0.0936805033921223 0.0696315843548532 0.0159363874841731 0.141983655706534
0.08679613107793 -0.0559170271696855 0.23116310807335 -0.0970124980753643
-0.0284617244297594 -0.0959814685091326 0.108701938492757 -0.316298767455618
-0.0740182703849827 -0.0249290856979939 -0.168455599711548 -0.289851447833723
-0.0569682520037897 0.0100530817001232 -0.276538141721736 -0.096095035011762
-0.0524456932917106 0.0278281631042967 -0.223230902383514 0.045099481205979
-0.0371022883485079 0.0278801409003922 -0.162740405900726 0.118926904641089
-0.0361040449871489 -0.00209962493272422 -0.153769711405228 0.158506506978021
-0.017192686295964 -0.0286816290294356 -0.194811816935389 0.153617061990422
-0.00153487117534843 -0.0279862781555521 -0.256087497882069 0.0701070871345621
0.0404016444341245 -0.0298778038712186 -0.276334865805689 -0.0783190531322646
0.0535870010522734 0.0554849266397866 -0.226998786450702 -0.249481921858541
-0.032905604024765 0.126972997346107 -0.189809038920174 -0.326729888621449
-0.122383602744813 0.0728036856347867 -0.354726678689525 -0.216048305607217
-0.171055799655793 0.0681811750139159 -0.256374041693133 -0.130842813862363
-0.0345264385510689 0.115164244002778 0.0160973338125633 0.148810709214365
0.0458120205308275 0.04694417632098 0.263651992921346 -0.08361077618866
0.0283376213545561 -0.00774434985737724 0.144259787420246 -0.332866668189924
0.00603662383600086 0.00957713053353977 -0.161247479824979 -0.319547117762117
0.0239784171439523 -0.000538861469168039 -0.277685674563077 -0.117111915885172
0.0117184429596625 -0.0176688287362596 -0.224044344896782 0.0343910465622402
0.0181168728405542 -0.0151355410568266 -0.162470561843643 0.11276227645783
0.0297494546934241 -0.0351112385941418 -0.140401586537695 0.157546383985341
0.0730506987759967 -0.0173257411684625 -0.176419768430304 0.170543902941971
0.0637644214525941 0.0425471740192743 -0.246380489084008 0.108981011630691
0.0485013951877462 0.0750773859506464 -0.292980746591299 -0.0308302518207012
-0.0343547185526521 0.131206581962559 -0.247005158478824 -0.205173800079108
-0.180456543065265 0.118112842662448 -0.183659226880235 -0.278924562101984
-0.270162938121779 0.0217371510064814 -0.299630432442376 -0.182040218046118
-0.281478295484137 0.00325229009999091 -0.186522811988992 -0.141693455382141
-0.184610091628513 0.123711980500739 0.0351593653484814 0.171164392649593
-0.0349475325555585 0.14596600379501 0.308794573991961 -0.041657625296307
0.0668231906437215 0.106020333530899 0.204982578712106 -0.326354430217591
0.0897606213823253 0.0610056953532597 -0.119794541473786 -0.341263723525661
0.112266065997961 -8.61380701321891E-05 -0.24621034767264 -0.143331437742715
0.0819128101383919 -0.0574163052575442 -0.196992338914363 0.00883474548729709
0.0700472784476138 -0.056596286239555 -0.139856173685819 0.0908172074477153
0.0824187057744518 -0.0692047213733484 -0.103188099075315 0.142618520404112
0.146591531067507 -0.0224534149904548 -0.126475722766099 0.183749572641848
0.133186355330877 0.0810338508908259 -0.201347992916151 0.166391928131301
0.0937695994895462 0.154619372993512 -0.292949275367582 0.0525931817288546
-0.073376066327362 0.215730862206986 -0.274168930458013 -0.12945441674424
-0.280814737521412 0.140997147899352 -0.178826654591026 -0.226223795242127
-0.37807400374253 -0.00269205584239647 -0.20855979606383 -0.13531713558825
-0.345555031911763 -0.0786018773097767 -0.0746517521200098 -0.114444466751616
-0.32256221755811 0.0862599578211086 0.0719620684949881 0.204572624328364
-0.144368461061941 0.21020973573018 0.344717546824477 0.0319622837098546
0.0670540809147299 0.219416556735719 0.274841996004242 -0.272776967698509
0.155840976282525 0.123537768838399 -0.0421041910183785 -0.332861961762949
0.18926914756769 0.0124690982670655 -0.177989596977152 -0.166605839513816
0.145438761311784 -0.0848320028093287 -0.143575984145408 -0.0267731779347395
0.112256918017554 -0.0909459948263367 -0.098292082961629 0.056476298793223
0.116678638585603 -0.0990690950411127 -0.0499424862166151 0.114477749399846
0.193222842178491 -0.0380083009682814 -0.0579074383038687 0.181068941111841
0.18910091644385 0.0905335361690316 -0.126617207952132 0.211374445065037
0.149481576866557 0.198484509211463 -0.260230424135636 0.139339680762397
-0.0749166738660264 0.279864653570717 -0.280033958390436 -0.0409900884498043
-0.326012245156009 0.16653919499738 -0.165724438852125 -0.178930855671681
-0.428870268837213 -0.0141434411831442 -0.095082224112221 -0.0910964823191652
-0.346737889562136 -0.152282702578436 0.0635607343126022 -0.0502150665820907
-0.398101895446663 0.0079863624790552 0.119464725482662 0.241652797960968
-0.243827692676559 0.209352771742953 0.353446039446934 0.121727005504418
0.0274390737651503 0.291083564439853 0.325975108596265 -0.175838663866753
0.180547202766675 0.176800883688951 0.0564015060060531 -0.281750832696084
0.230517751098082 0.0328370684388402 -0.0789143146247649 -0.174683993358604
0.186570539711835 -0.0942367505894444 -0.0686261305220298 -0.0646170828072791
0.138608518004323 -0.110916381934793 -0.0436051948070715 0.01425706298249
0.133226435354164 -0.118056611101767 0.00978541314576986 0.0766307695004036
0.210336754887138 -0.0526097340562117 0.0157587133540074 0.160331272413454
0.218328358995538 0.0857590428275942 -0.0421277727507503 0.23086968044966
0.181312212701123 0.214796992683424 -0.204480142035171 0.200949730925849
-0.0727972615478444 0.300587958769783 -0.259852104494661 0.0333064760395466
-0.329311281792011 0.161202421302525 -0.142317873890577 -0.143667153578434
-0.416800330719187 -0.031812138159348 0.020575722374387 -0.0526803967257067
-0.281057496800674 -0.19064240664338 0.199567907658403 0.0372844763207839
-0.37804519037447 -0.0754487971632117 0.16505670370194 0.275168282104397
-0.284219060112753 0.146787094013613 0.327238255895634 0.201341589942982
-0.0250867489513829 0.288504861416802 0.335997944045363 -0.0608503880545574
0.162063107611167 0.192888576187145 0.143332440337845 -0.199262483337154
0.225326942469996 0.0472374594519693 0.0285251704569887 -0.166253559836556
0.192284682132957 -0.0877964109887793 0.0120547326547621 -0.0992736297563261
0.14273727813621 -0.113654023407829 0.0158262211503512 -0.0300128499581124
0.133035565329428 -0.121900989900431 0.069383586929086 0.0337059002716357
0.202770441390965 -0.0570304103963519 0.0852799277626224 0.129424744271864
0.217276079312851 0.0789492698744311 0.0341491564716537 0.231411455353137
0.174289791937023 0.216033469499571 -0.147623595494846 0.234303831675368
-0.0875503510598757 0.27727676383281 -0.226926629469441 0.0796301402631333
-0.304852315757433 0.114653065351851 -0.113458271425169 -0.118175710496914
-0.34779524810939 -0.0633523358546224 0.121609714029388 -0.0157266434838376
-0.161797772268697 -0.182767313697557 0.307458319912609 0.120278851033386
-0.270479656871088 -0.127498713806331 0.194252561961943 0.293856312913157
-0.245354969666806 0.0633538783969376 0.28209230284899 0.254847631880149
-0.0540107717434684 0.219761350950469 0.31401852371281 0.0353721729478134
0.117077559190741 0.16190022748572 0.204540746866783 -0.115993098443136
0.177723175253248 0.0468180555622959 0.120234340895675 -0.15126844554314
0.161566263001205 -0.0678090585771256 0.0830769642157069 -0.127271339864116
0.123716051954668 -0.0981437341128652 0.0693202309958168 -0.0705130239771097
0.117639562885519 -0.106603363974569 0.121443652114333 -0.0054162422764046
0.173364756436631 -0.0487760541208111 0.144839095046462 0.0995581922981214
0.188762420378936 0.0715078249860495 0.0933663934728141 0.22684248038184
0.132942971448527 0.202438077514844 -0.104110856504062 0.251540139686169
-0.112989938659509 0.219815794803451 -0.198375151775866 0.104015483327984
-0.257029755167107 0.0407416536302536 -0.085675006598776 -0.0970989588738776
-0.232989726782104 -0.102217309103614 0.192680098172938 0.0257899958518749
-0.0161311465306278 -0.13822504878873 0.369029369633504 0.176130344144572
-0.116258486922454 -0.134450241380691 0.205902445351342 0.287735199919048
-0.150360577659285 -0.00751682497284083 0.242144383511901 0.276287590063674
-0.0515608418068371 0.118712758402314 0.288650440611516 0.0905640568911738
0.0623520819105007 0.0973359960219684 0.239618735814051 -0.0645517488511056
0.101947339797921 0.0331835839876128 0.178134626276676 -0.142193458316075
0.103998345739962 -0.0390459443854516 0.129402610462276 -0.146573094253147
0.0862762835050954 -0.0649010234008726 0.109661681003725 -0.0986875319481152
0.0869815627063417 -0.0736756768413213 0.16179073216589 -0.0342294910763422
0.127072839734463 -0.0319146340407526 0.193748156863177 0.0814926768634775
0.140494383954559 0.0595650821578949 0.13563498601052 0.231260064365714
0.0755409596215173 0.17132173489927 -0.0794853577118095 0.266009087458735
-0.12948166585702 0.138524346150103 -0.184206386301944 0.117038427039912
-0.182075855558682 -0.03767018490555 -0.0683297940179079 -0.0777416286553717
-0.0910562353464331 -0.130001216058082 0.22541310906699 0.0732031964734464
-0.0398360974085652 0.104775976888982 -0.285406687753876 -0.0854185111901416
0.098536610988622 0.0680408767205197 0.0202273813707421 0.145439790477298
0.0859355296062347 -0.0583752186484949 0.231187425944066 -0.104056687726271
-0.0332503506792209 -0.0959985892006424 0.0993243836760354 -0.32543392731661
-0.0749340395738556 -0.0211837150928265 -0.17914007178567 -0.289374351256514
-0.0570843398879327 0.0135561839149136 -0.281853978198742 -0.0863299156448345
-0.0508378431352006 0.0309262969452627 -0.223648713321422 0.0534778514608916
-0.0348975066042031 0.0301737174457014 -0.158953155092403 0.12496531867224
-0.0370057762774078 0.000844454821143592 -0.148464695614735 0.167476821093415
-0.0191646720655508 -0.028738743435365 -0.190705184127327 0.165355957056861
-0.00195660721322697 -0.0278253571241394 -0.256691105577241 0.0791879939058764
0.0395445624672325 -0.0313105460318934 -0.280959434353103 -0.0720667051621157
0.0560398689120793 0.0550778548899582 -0.23623238029901 -0.249258580487165
-0.0278699442739373 0.129702065554288 -0.201230474844184 -0.327466116389807
-0.120723867713308 0.0770137895628107 -0.363665204509349 -0.208927560635002
-0.172710470771835 0.0739381883558163 -0.262032913027076 -0.123950188221716
-0.0303271064979346 0.118307555340239 0.0206014085351877 0.153489740803846
0.0473419796164465 0.0458782288399407 0.263940653277977 -0.0907478708301266
0.0277528448494097 -0.0097004656966097 0.135075553140607 -0.342473797841215
0.00606166536131948 0.0105695548628485 -0.172688719300866 -0.317671337724905
0.0244494783795436 -2.72500682563224E-05 -0.284583395155062 -0.107293264149235
0.0117091507897334 -0.0173680437814519 -0.225537377450445 0.0425007263351371
0.0188018057115593 -0.014740593009663 -0.159193058870073 0.119475343259825
0.0288896254055597 -0.0353422504598719 -0.136122465100322 0.165864995829232
0.0728635952730569 -0.0203110869808649 -0.171689824265941 0.181340343617889
0.0667084104492943 0.0410559809684506 -0.24649610429026 0.119209491682842
0.0516460649882619 0.0743302379057057 -0.296697058822228 -0.0229022882427488
-0.0307714096171376 0.133953404916626 -0.256210398781554 -0.203559916826867
-0.17810473323075 0.125841300500167 -0.194273968523662 -0.277930681805101
-0.271469792879629 0.0294548715172866 -0.307642688427453 -0.176041918741452
-0.284634586384107 0.0110015859184093 -0.191731717854089 -0.135630090861646
-0.181998584695886 0.131422579628092 0.0407588441208257 0.176408120192954
-0.0308873045639227 0.147231342034776 0.310216691379391 -0.0494782856703729
0.0697094092194572 0.102978555645845 0.198087546074333 -0.336116991242451
0.0927449293478629 0.0593556931679216 -0.131861721899873 -0.339630686686826
0.113546564203863 -0.00351953230335757 -0.253351429190609 -0.135213846053708
0.0802124748246213 -0.0597168087229574 -0.19975393881423 0.0151043945680887
0.0689445460365963 -0.0580602593005993 -0.137539880404633 0.0960234091403076
0.0797947088303506 -0.0717661025183582 -0.0981064702012214 0.149508314460918
0.146496934655969 -0.0288409358641637 -0.12105146215413 0.193225662911203
0.138430716096396 0.0777556322099047 -0.199000109819063 0.176420921506684
0.0997978371499529 0.152949243800463 -0.295324306957059 0.0630275436129428
-0.0677051322478768 0.220762401769358 -0.282212068887031 -0.125474733025604
-0.279882292674176 0.151394039454213 -0.188160958717208 -0.22390390743472
-0.382541150167286 0.00742531686222523 -0.214592530510628 -0.1322827946318
-0.352662142974443 -0.0707701899066011 -0.0779133788594988 -0.112150268246653
-0.322781783984877 0.0980411329603939 0.0773789605796418 0.209709745866484
-0.139941361023227 0.215226666670231 0.349370997105728 0.0248330938557949
0.0739387746903832 0.21746138023443 0.269619441214778 -0.2836884319781
0.160555031271423 0.119555888459358 -0.052362368194068 -0.333218967230595
0.19043870939978 0.00640712381313639 -0.184810738687446 -0.160654668520725
0.142610255530127 -0.0898686485946027 -0.146524212719631 -0.0230908320346695
0.109914165288711 -0.0935418371413831 -0.0965603047113453 0.0597493407091926
0.112842312418955 -0.102795411076575 -0.0465398836881893 0.118128941054167
0.19324463071304 -0.0460340309495721 -0.0513565531309745 0.188107016104355
0.19594593463476 0.0847374039786791 -0.121047640334139 0.220450032688736
0.157557443102355 0.194784381135498 -0.259035783689125 0.151850900860852
-0.0664058172915052 0.285787545310263 -0.284943868102134 -0.0357339228646382
-0.325860590471649 0.178140895525508 -0.173333172635561 -0.176991179229221
-0.432114886622283 -0.00250285611700145 -0.10105516993317 -0.0909473470614066
-0.354169235195982 -0.146578683089765 0.063258899857616 -0.0510759464290816
-0.402391116593443 0.0218326681764115 0.125750938487913 0.24621206139633
-0.240791834171075 0.21688635491456 0.359706417040582 0.115364233751786
0.0359535511575974 0.290932206461468 0.323786721103583 -0.186382669130613
0.187989202716101 0.171607022368577 0.0477455232170787 -0.283832487017027
0.233621259733536 0.0246469167604982 -0.0840518461632049 -0.173270026667589
0.182687964499166 -0.102333760132901 -0.0723326540049263 -0.064642645407508
0.135067156682354 -0.115012634585337 -0.0426489499153795 0.0164807139678538
0.128380666474875 -0.122741750933587 0.0128115867182859 0.076829519102801
0.210511381731038 -0.0612700349025156 0.0219838567804254 0.164450451708499
0.225434890972021 0.0790958723585451 -0.0343922273975051 0.237195223065649
0.191050242513042 0.209351419511765 -0.200214490326482 0.212849199483497
-0.0639583777615955 0.306523612585869 -0.2613484460089 0.0391307348660271
-0.329051601665319 0.173663997123492 -0.149371730269366 -0.141428533644559
-0.421073594866913 -0.0206234192892137 0.0165636204162978 -0.0560238283424262
-0.288381921474571 -0.186390135218901 0.201814399327593 0.0331005702550127
-0.385002674598225 -0.0638959249645896 0.172436830500435 0.277676709352532
-0.283587578381069 0.155777552658348 0.336689274240764 0.197977612428221
-0.0169167302006643 0.290046236586496 0.336681426578291 -0.0702185844827829
0.16998287162707 0.188068891476791 0.139808485730886 -0.201922559104681
0.22885146885309 0.0386411673324174 0.0247477744367185 -0.169441124395838
0.189212374259134 -0.0957444884149487 0.00753652834270717 -0.102787532611489
0.139600868955454 -0.119415045284224 0.0142678092392489 -0.0297425832525174
0.128113101308602 -0.126739021745652 0.0714390601845208 0.0324323915855473
0.202238896308035 -0.0649566397373875 0.0913624090325219 0.130459182611671
0.222930843846922 0.071353359219958 0.0423379201657444 0.235578242225975
0.183167159769988 0.209585353557867 -0.141192188449583 0.245327615736852
-0.0783762427210779 0.283259490653598 -0.226448517559509 0.0860825504409813
-0.304107932598405 0.126168864733278 -0.118896270907531 -0.117837921578591
-0.351250877425613 -0.0545031188737068 0.118654491864513 -0.0219579782090401
-0.168588963500301 -0.181280791872263 0.312465746356804 0.114674006241636
-0.277337086747223 -0.120346686613435 0.201773004146617 0.295469065346196
-0.247097597835808 0.0698003521688754 0.292176977212487 0.251959273827102
-0.0488591713492897 0.22308952650427 0.318048833629988 0.0291785005200348
0.123588865580853 0.158812234930912 0.204253986386789 -0.119773606312096
0.180279981659421 0.0403111510517794 0.118187740541837 -0.15746534894
0.158942344969727 -0.0742952064777311 0.0784106952660349 -0.133093243767302
0.121261037492307 -0.102120250916864 0.066421012063196 -0.071917885980136
0.113708958824508 -0.110531430412242 0.122697829066637 -0.00906603710495246
0.172794228712728 -0.0551795499167991 0.15070569038009 0.0975425565586912
0.192975759449713 0.0653391847358788 0.102948467675084 0.229211388028652
0.141739557836559 0.197855352039915 -0.0965756880830618 0.261181483428564
-0.107048938502162 0.225783125770493 -0.195763328368079 0.110444699020081
-0.258763620066597 0.0483470135943102 -0.0912502181993415 -0.0968198494715472
-0.237225223782623 -0.097221008167816 0.191912361257101 0.0179737918653839
-0.0198055399864058 -0.139340971029047 0.375812369766258 0.16896997736492
-0.121022570438465 -0.13319143127961 0.212170597668058 0.289092703996906
-0.152788421729275 -0.00406039700307101 0.253900502185913 0.275302970343525
-0.0480906478168448 0.121343476465894 0.294047485781188 0.0851658432154634
0.0660141187738748 0.0947759745125875 0.24100017980693 -0.0709111112466708
0.103404042675612 0.0293131260558418 0.175959724865312 -0.150493433289647
0.102074861114566 -0.0425703662122072 0.124127769970202 -0.15392545022582
0.084737191167609 -0.0683016503172924 0.10542891763631 -0.102219242211929
0.0838277342234068 -0.0775094758076763 0.162365800474846 -0.0386751758912639
0.126834577964908 -0.0370054166117514 0.197789155752185 0.0772276446827608
0.143432138706119 0.0546022167837629 0.145872330156676 0.231033429068016
0.0825878177873632 0.168644944497205 -0.0704476632004815 0.274373441493696
-0.126461219912142 0.144253640542205 -0.182015459066099 0.124032453141226
-0.184714504677944 -0.0333632857058766 -0.0738888064217162 -0.0782387511816131
-0.0945994535091562 -0.129765372066673 0.227088841338923 0.0642678811168176
-0.0561267250604344 0.0936030867636592 -0.271298063614928 -0.133575915660236
0.0838873406414951 0.082031372946596 -0.00835567164169318 0.155616873387272
0.0938549178177417 -0.038412952639096 0.248914103566818 -0.0569179594561991
-0.0139201392931455 -0.0937114378998159 0.159067849619845 -0.307163048632848
-0.0652597360952454 -0.029882875657713 -0.125306866980078 -0.320020978622413
-0.0557325933514575 0.00541596454102452 -0.264819899432839 -0.138128659241688
-0.0535096021429137 0.0242363032718632 -0.235601401325932 0.0120264666385283
-0.0380407843641307 0.0248439523892764 -0.1784806251823 0.0939641758574151
-0.0364363678740084 -0.00521121527653063 -0.177592877498526 0.140438285557986
-0.013058860128377 -0.0314439005157528 -0.220404232625049 0.12739456612734
0.00386820814789247 -0.0275023919895762 -0.271608105740483 0.029892379009242
0.0436835255650078 -0.0198825148740992 -0.263909042399348 -0.130113876533087
0.0409793058358705 0.0675169544071342 -0.187894730960331 -0.296840888937938
-0.0553464904573702 0.123277640168144 -0.141844413091464 -0.370564695690733
-0.134870608589302 0.0519450406565618 -0.326467706967013 -0.288681268133952
-0.179517879449111 0.0382427715695744 -0.243157805208243 -0.169500111072148
-0.0499190313813483 0.109717785095435 -0.0102258097644655 0.158290015124057
0.0375807387020571 0.056787080249998 0.275522507291271 -0.039879889217205
0.0293363847702375 -0.000831750485152087 0.195875938545665 -0.317562504884949
0.0088451842945351 0.015478312049313 -0.115878202136483 -0.346594689817375
0.0265981373710014 0.00624336996942396 -0.264695877157224 -0.157742380969752
0.0155586152728287 -0.0126848830122911 -0.234715324058859 -0.000462377991035676
0.0234389041229607 -0.00981470893379088 -0.178934530985704 0.088255360447708
0.034915400017597 -0.0292805840253215 -0.164153015255303 0.141787764215662
0.0762447396626823 -0.00691321415642483 -0.202822121527021 0.148609359561297
0.0594838198049216 0.0544370747117786 -0.26601643395817 0.074294529459509
0.0345015933213543 0.0859078653969137 -0.289265916271725 -0.0798038747352593
-0.0626722349269636 0.127574142636195 -0.219786908011567 -0.253151822225412
-0.20447713898945 0.0898254277820137 -0.146771492047213 -0.322828447338583
-0.274275134794996 -0.0262835205859518 -0.278286400144706 -0.244566096641982
-0.276470752201649 -0.0444948956209286 -0.171356245475808 -0.170616154730362
-0.200809157695406 0.0972499357924393 0.00525036220183805 0.179553164320798
-0.0584000983557749 0.141616956170901 0.311824142135313 0.007797838331191
0.0495782922958694 0.11499728129231 0.255937207008777 -0.298594184469751
0.0838745708726182 0.0788543292135899 -0.0722162195172513 -0.361516170212724
0.114354406396248 0.0181628699819172 -0.229791242968977 -0.178303138418492
0.089446679128007 -0.0443390384567523 -0.203184862672057 -0.0225707603865016
0.081451260756975 -0.0440652855153031 -0.152736587114223 0.0699570768707342
0.0928554099419098 -0.0547982078135962 -0.125070173373177 0.13138442292639
0.150796675317338 -0.00124926283916834 -0.152884800240293 0.170794124217158
0.123648146612738 0.104463566889175 -0.226415032510888 0.142524273628187
0.0660729241505461 0.171979684959998 -0.303669481543144 0.00961421252907348
-0.117080805638145 0.207386179014823 -0.261489384813114 -0.175921220728138
-0.310781139876628 0.0946493109644196 -0.153504712951417 -0.268834405434186
-0.379499277915995 -0.0698114933049556 -0.194980835021919 -0.180663533826731
-0.327217927200331 -0.13692446777995 -0.0620464930788707 -0.127289450339771
-0.333370254529049 0.0416174804445001 0.0375706659470189 0.214459013964914
-0.178953576811322 0.18843962043579 0.334944904185405 0.0858218503346122
0.0329133236180438 0.226698467355475 0.315473403774449 -0.23376158168508
0.138486076937403 0.149968259294128 0.00450426165059679 -0.339630066588449
0.18727494125574 0.0410026802220231 -0.156571290536026 -0.19050182231256
0.155147573761706 -0.0635014960038125 -0.141536873850979 -0.0503495470318801
0.128386119831602 -0.0724405649534773 -0.106552712634456 0.04188434540226
0.130586791124837 -0.0794143576378084 -0.0668490456290954 0.110404695171763
0.199283167175736 -0.0106433561200127 -0.0821205027075228 0.180104954465885
0.17933111638272 0.122468981850096 -0.155257274044032 0.200651122300421
0.115349017238925 0.223673887084722 -0.283548458630858 0.107954225072083
-0.129638305817488 0.272488841153011 -0.282034333822153 -0.0829037201981538
-0.362209731378536 0.112377457536139 -0.149187367049446 -0.218018250785322
-0.428669618172948 -0.0896852407010107 -0.0877708439243338 -0.11511154173855
-0.318841765478901 -0.209596763324061 0.0676982409474002 -0.0423004321268547
-0.398634522899072 -0.0464377876964023 0.0820702532223438 0.256616064357667
-0.280011884857622 0.171237581295339 0.328980517555757 0.174769774094017
-0.0188567620415108 0.289655588085178 0.350293724588875 -0.126925674115503
0.154088875124346 0.205407793464249 0.0955673377602946 -0.273572939424234
0.225177058573344 0.0666998698866333 -0.0550473188134159 -0.184027174773852
0.196294430432736 -0.0693907665068689 -0.0593213425408561 -0.0788276561767346
0.157050800481972 -0.0902180628022716 -0.0456287873583928 0.00923857546102046
0.149279961465969 -0.0958565851857805 -0.000109328136747998 0.0801266599458163
0.218879498032297 -0.022260554192092 -0.00447126813885256 0.17058722661332
0.208950816410895 0.122338837905903 -0.07093452477486 0.234343143602187
0.14586379563811 0.243993705224804 -0.234898169646912 0.181128465911319
-0.130711907690934 0.293960231838174 -0.271769918313809 -0.00186161160099369
-0.363156204263278 0.106175142348586 -0.131365613981165 -0.177162399059776
-0.412559603375988 -0.10627851639375 0.0244142799013318 -0.0558770813143652
-0.248411744721492 -0.235873400485893 0.193014959411616 0.0659358804859755
-0.368615419265863 -0.128088688345831 0.124854888299959 0.297742989005724
-0.311957988831114 0.102142051255818 0.292377195183589 0.251704526227405
-0.0710267627890868 0.279286960989678 0.342140231746933 -0.00853885996472004
0.13193705981175 0.217841495322474 0.171574318235808 -0.176152520664924
0.217342438229969 0.0804601954663231 0.0539209129819026 -0.161304180705513
0.201302310869061 -0.0622449964170234 0.0282611138050591 -0.101839466615791
0.161187592948892 -0.0934494288189953 0.0189016464886466 -0.0255933770721
0.149305603229581 -0.099171971909246 0.0665502621168619 0.0466180519465818
0.210737232877379 -0.0274042108230317 0.0695093966217788 0.149228565861603
0.208533320518403 0.114077864036731 0.00613140031709892 0.246384364636874
0.138715706032508 0.240946877279477 -0.182301769803459 0.2263068320068
-0.139377890460053 0.267870343915641 -0.245491776009748 0.0516610415105742
-0.329172568051846 0.0643232686664355 -0.104897108278851 -0.146340457961976
-0.33648152009084 -0.125990319865751 0.121997386731519 -0.000721533815856525
-0.133867538593224 -0.207968221945362 0.289220601484431 0.167879989960783
-0.255419099572194 -0.163972244741028 0.151845498520329 0.324502585230539
-0.261005966320527 0.0245706251606441 0.241656533892406 0.297760909442361
-0.0906860137413829 0.207484985213723 0.305498614974745 0.0867009995215629
0.0903714630461444 0.180176283150622 0.223367216190127 -0.0828624738869641
0.168257627754644 0.0727168123770272 0.145621537561246 -0.134069586951208
0.168473980459399 -0.0466013492475973 0.10411025487887 -0.119403972728507
0.13957138027653 -0.0796959142329387 0.0776606317907333 -0.0574899010254176
0.131439525437346 -0.0870342847760142 0.124252088592316 0.0151772553116313
0.18047989444743 -0.0232469912485732 0.133223051064628 0.127336817340885
0.179647344067635 0.101522941057446 0.0656658987441681 0.250624386891821
0.101152173202286 0.220972860896364 -0.14242288953189 0.250258232366474
-0.155225438371473 0.204336079751072 -0.220753802422536 0.0814085433035221
-0.267070218099336 -0.00420450954917062 -0.0795993046926138 -0.119821416495284
-0.215301064136457 -0.145992717480603 0.188920862705701 0.0547845366222418
0.00170767500228369 -0.13872196764203 0.344425089603526 0.234192906216298
-0.101713800943873 -0.150615470974753 0.163605489652224 0.325405127362346
-0.156125793247854 -0.0305634239705979 0.201484249876979 0.315834250560888
-0.0718930164597188 0.109741254842765 0.272965160600628 0.138538767759754
0.0447268249222107 0.106470574578521 0.251958706616638 -0.0273160934600013
0.0947158039617887 0.0490460496274618 0.204077354887023 -0.118893551218257
0.106974693365894 -0.0247125801522398 0.154290515620829 -0.131287858670034
0.0969439604758847 -0.052503120687102 0.122360702231692 -0.0796327845639187
0.0965077438371716 -0.059671219427103 0.168367536032443 -0.00675227490569662
0.130431530216672 -0.0130656931583725 0.182890453698988 0.115560676261396
0.131622384636629 0.0809565296345969 0.107175837116679 0.259414204166796
0.0489017385754607 0.181297251279516 -0.120115034732442 0.268906607017211
-0.156928261199601 0.119060475724447 -0.209894669988848 0.0951462114239573
-0.177502437834283 -0.070434140440816 -0.0634393582611564 -0.0975952467813846
-0.0670821845309542 -0.150302561274464 0.216795509486073 0.110235309554408
-0.0544227356667921 0.0971036031778345 -0.277333260526047 -0.125719663876809
0.0882152179816133 0.0793935589156852 -0.00287221740133037 0.160725292154813
0.0930869217651449 -0.0412885611643262 0.24977589224141 -0.0634682505659596
-0.0178644257118085 -0.093490862317873 0.149528356793185 -0.315276461469933
-0.0662860403627512 -0.0271789088900237 -0.137225994679559 -0.31917644278328
-0.055024976222091 0.00885468402044974 -0.270196662309892 -0.128409371550931
-0.0514405771025171 0.0269226440665317 -0.235415893299529 0.021650419248684
-0.0355170415119718 0.026638875867106 -0.175383547979467 0.100296420909041
-0.0360094863916341 -0.00226839933703464 -0.171752959632331 0.149248992766915
-0.0154123821598342 -0.0313151932445958 -0.216083452845149 0.137924120084213
0.00342541903037347 -0.0277428288644034 -0.273328320165692 0.0388951295723697
0.0435062126141635 -0.0216083419207836 -0.268908340240872 -0.124573958184316
0.0436218729722541 0.0669831960882852 -0.197982813199012 -0.295898970980277
-0.0497918824039762 0.126297818645925 -0.153357396221864 -0.370470695942126
-0.132453228874891 0.055105462535651 -0.334893023176397 -0.280922299845596
-0.180312503758631 0.043559183313017 -0.249841177410702 -0.162266937582269
-0.044834766534812 0.111867080178953 -0.00550018434286237 0.163654999289625
0.0400445000961289 0.0550596518929972 0.276301280968579 -0.0468217724796434
0.0286827345954902 -0.00228966977504158 0.186095416066898 -0.326517351243189
0.00975965474070683 0.0166036271888036 -0.127373172602356 -0.345162404647747
0.0276349437525264 0.00605703188645767 -0.270165205261008 -0.147389441970122
0.0153611678861309 -0.0122029165583891 -0.235734432365713 0.00863023981642057
0.0250913174575286 -0.01034195262859 -0.175673499191919 0.0949447809071769
0.0338826805407135 -0.0286772232834945 -0.159031341759288 0.149817250379282
0.0754851930763937 -0.0102431786687405 -0.197483179361556 0.159020941071663
0.0623953936907205 0.0528144967009468 -0.265518574468256 0.0847131729471985
0.0373983227798239 0.0846628103980944 -0.292622921783769 -0.0710201952616989
-0.0581270066695752 0.130593732870142 -0.229238752213738 -0.251292377778761
-0.201273953762033 0.0974785380516738 -0.156794343775621 -0.32152522635173
-0.274282421333286 -0.0187264987296657 -0.286331737604394 -0.237342595378791
-0.280020242772249 -0.0370874263347294 -0.177046672905068 -0.165286469731992
-0.197047735705218 0.104924667989584 0.0105683907034832 0.185037673553944
-0.054295581704333 0.143134289682869 0.31316048389215 0.000706147071901109
0.0527718769548688 0.112788689191621 0.246617646070555 -0.308717408856217
0.0867931537802217 0.0764169717473708 -0.0837565849763431 -0.359197607565661
0.115371991167925 0.014487355545982 -0.235108713559547 -0.170301891468508
0.0873528398681002 -0.0467442884617903 -0.205390964352373 -0.0155429606928307
0.0813659332522056 -0.0462736644992455 -0.151033258045423 0.0757016779192187
0.0903481696192407 -0.0568239752848356 -0.120231485663219 0.137971080110681
0.150890348986625 -0.00772589524614182 -0.146614693027037 0.180302458041567
0.129856431542631 0.100712368015482 -0.223567863869555 0.15198090020692
0.0728601624429826 0.169927469329213 -0.305258040334029 0.020380205281596
-0.110970513681962 0.212367361359968 -0.269024548794906 -0.172124840436194
-0.309324795301689 0.106103136524697 -0.161787548677009 -0.2666934215365
-0.380299284592701 -0.0598835301875982 -0.202582496726373 -0.176226670286285
-0.334530993505875 -0.1289178947115 -0.0657409740978094 -0.124799011644013
-0.33320093298295 0.0531699004366031 0.0438724030472048 0.219207176501118
-0.17408039561101 0.193032910178253 0.339328064436545 0.0775864057114657
0.0391417049577758 0.224897855556105 0.30916713297046 -0.244830124060287
0.144215068886059 0.145833717089262 -0.00595177415776666 -0.340146369199327
0.189346150619519 0.0343423407614462 -0.161883957591696 -0.185534733614946
0.152661856671777 -0.0689814357993419 -0.144786466337717 -0.0464643015867114
0.127097576757303 -0.0763450092807007 -0.105527985352378 0.0465119721652766
0.127144003940225 -0.0830291001122539 -0.063394422555943 0.114468217253504
0.199253559530243 -0.0183355611318704 -0.0747012555623419 0.187186987899503
0.186494335162488 0.116809438546384 -0.148977838576945 0.208606304536276
0.123848026047884 0.219589271309322 -0.281129745945282 0.119380020284425
-0.121186987848205 0.278262911382636 -0.285738922666596 -0.0763827076414846
-0.360942098339717 0.124768516472133 -0.157276949536577 -0.216191709083195
-0.429249060808213 -0.0783703886515747 -0.0942882463850326 -0.114764210449713
-0.326659045348931 -0.203634329063598 0.0667889140976228 -0.0427367945679886
-0.40256310794036 -0.0336449737493057 0.0884816906578983 0.260496305135808
-0.276949517507401 0.18004525918876 0.335769976450652 0.168903258307809
-0.011085825684624 0.290378845914902 0.34839505771171 -0.137427037181424
0.161406543857376 0.199868526492978 0.0877226219186801 -0.274286612439242
0.228451735401726 0.0584567065648611 -0.0586443861658625 -0.183236025296348
0.19292784698793 -0.0764373566057493 -0.0636520067140191 -0.0777084944985522
0.154715779390857 -0.0954035589898413 -0.0453834394732234 0.0114713694273932
0.145321309914137 -0.100410793397927 0.00284606914779313 0.0813181058830056
0.217444787247154 -0.0306341139286014 0.00296953255310172 0.1746175605922
0.216449190324975 0.114666702467386 -0.0625065398310695 0.239918625067675
0.154246014203695 0.237362257817086 -0.230045064765846 0.193819371758804
-0.12073418795104 0.299475011378958 -0.272631640662003 0.00464429075348984
-0.362202289569091 0.119241561908381 -0.137714854099678 -0.175379195410494
-0.414763929923052 -0.0942283139216 0.0201989693579468 -0.058508741265061
-0.256835522959331 -0.231474855444425 0.194729685126737 0.0616849586705809
-0.374299033358372 -0.116552007079927 0.132798285400416 0.299823913425246
-0.31170422461279 0.11170718211821 0.300365426077709 0.246165748188503
-0.0625112292172584 0.281811843645234 0.343611536084675 -0.0178779302255331
0.139638329739292 0.213051449420739 0.168961971064266 -0.179254524400792
0.22047931983471 0.07199686913733 0.0510775257451918 -0.164895977678224
0.198143641255703 -0.0696686588179532 0.0237359356871073 -0.105131878423374
0.15860014804893 -0.0984174008949654 0.017986988614472 -0.0252933020081353
0.144913627448617 -0.104002421731665 0.0676388361342405 0.0451807085037549
0.208754342393365 -0.0359533914517805 0.0764427224357363 0.149863765654518
0.214227840899102 0.106729021596613 0.01657499059622 0.248473200166889
0.148377932858572 0.234941949886538 -0.17484785057919 0.237340522249938
-0.130669627518447 0.27327869370906 -0.244690914705838 0.0584379990743097
-0.328803512709042 0.0760506853965535 -0.110902679018738 -0.144669229276314
-0.339207579799434 -0.116862302623699 0.119585021438779 -0.00650211148507088
-0.140585161284515 -0.206691340256471 0.294585990086439 0.16195254063551
-0.26227974990018 -0.156918143632259 0.161128861724319 0.324983751674507
-0.263133134313203 0.0326056799543747 0.250816503901102 0.294295779386245
-0.0838443881741709 0.211645222243751 0.308998966320699 0.0789533423961921
0.0968559487155736 0.176350675039297 0.222891441220583 -0.0874315177956798
0.170912549001387 0.0667559470489723 0.144053241779592 -0.141316317046902
0.165524647612711 -0.0524960503434495 0.0994643566676463 -0.126269127994853
0.137063155214229 -0.0849869068107283 0.0752619852900148 -0.0588345164330987
0.127396313646852 -0.0910527828272239 0.124691111410836 0.0121398861837185
0.179168656544759 -0.0301742802033291 0.139285362937045 0.125617519698084
0.183867937220117 0.0947171252340522 0.0772165610936487 0.250746384163664
0.109128424655974 0.21603515816457 -0.133607446960704 0.259918334867657
-0.147992451116444 0.210385142039024 -0.218506523620223 0.0874935468498249
-0.268293795790791 0.00475549508854113 -0.0852462637908543 -0.118929714168528
-0.218554503912062 -0.142063462130243 0.188063233360304 0.0470955354235696
-0.00189574771643261 -0.14030781935808 0.351054948219354 0.227011732571341
-0.107522410084596 -0.147864088099923 0.171230055051989 0.324541223516045
-0.158952894002505 -0.0253974657445134 0.21201082773504 0.31328815852621
-0.0685062357731365 0.112336280165998 0.277433103301763 0.13224060891853
0.0482354046588871 0.104693987460242 0.253093869707186 -0.0330460082960178
0.0963010678120807 0.046392893747166 0.202429828205536 -0.129938789539767
0.105740145461306 -0.0289938357109504 0.149162539489334 -0.13912925336197
0.0954325369905933 -0.056794855266021 0.119351889188763 -0.0825369267593656
0.0934432177675105 -0.0633166878368015 0.168695866991974 -0.0117390559496802
0.130809278356976 -0.0182622793012741 0.187874567600213 0.111180814118023
0.135231908105336 0.076020287284162 0.11763334683331 0.257898382192604
0.0566273910625814 0.178216968912475 -0.111421788963785 0.276655204783289
-0.152888008976693 0.124896332049173 -0.207515296808905 0.101857447971393
-0.180230561324296 -0.0661400411526061 -0.0691331251284217 -0.0975517386238355
-0.071333238976145 -0.150290808919288 0.218312881243033 0.100084668899269
-0.054090145687182 0.0995751510243793 -0.281630265184354 -0.120714542983992
0.092106257093532 0.0769948770909596 0.00137718172271018 0.165213358243276
0.0932810894191519 -0.0438637134684294 0.251454565674794 -0.0681052500757768
-0.0207924169767334 -0.0931262720136483 0.142804237071745 -0.321924983413295
-0.0662085178492629 -0.0248675268537839 -0.144639550096262 -0.320257188045903
-0.0534911594951506 0.0108772364927121 -0.273492217286003 -0.122530252732438
-0.0498851311980949 0.0294990087812108 -0.234681802941508 0.0288721887523672
-0.0326041445345844 0.0281473739095781 -0.172826947621673 0.105122880146759
-0.0355152554983411 2.41951852662462E-05 -0.167401835234965 0.156839052944546
-0.0164479999699929 -0.0301336143392651 -0.213476428895707 0.145159852492371
0.00251168711702189 -0.0274396809559561 -0.274136222568314 0.0458804740614783
0.0424517963603763 -0.0232983078893452 -0.27145173293524 -0.120899726669949
0.0447466425308273 0.0668738020198941 -0.204297250259872 -0.297256220976639
-0.045186755410774 0.127703086785732 -0.158489900993865 -0.370980145038116
-0.132179080497712 0.0566932521124898 -0.339630892153006 -0.272732466311978
-0.180445834184105 0.0478419325296828 -0.253664043434207 -0.157373606019013
-0.041039968611567 0.113412240437411 -0.000803976051491942 0.168673626263049
0.0419587996840704 0.0535672880219937 0.27646310780535 -0.0514997373594927
0.0283596136648653 -0.00320115458474956 0.178985181375899 -0.333749800446006
0.0111024902375417 0.0159501381243687 -0.134404301442138 -0.344993594246815
0.0285927713342087 0.00601228353116696 -0.27417434590223 -0.141016768214326
0.0154591084053529 -0.0119275234352053 -0.236182746462822 0.0160482182899355
0.0264948022065656 -0.010492645176119 -0.173455120634305 0.0996891935613967
0.0336742565162473 -0.0286183942520743 -0.154902825780371 0.156652368468296
0.0750278640717889 -0.0122914801681688 -0.193814732906295 0.167077692134411
0.0652980268693252 0.0515021481907318 -0.267286421357995 0.0926412947801245
0.0395720822005459 0.0831419824504518 -0.295757885264874 -0.0659754996705534
-0.0554964460019871 0.132991974827472 -0.234585898236406 -0.251725126738431
-0.199471308819543 0.102212643892453 -0.163674784453796 -0.321431773752041
-0.274217983431683 -0.0153560718029653 -0.292396653826157 -0.232454346413662
-0.28287987299627 -0.0328519195862756 -0.181035869402563 -0.161788825599313
-0.194661980285991 0.110188245523841 0.0147734736250161 0.189865090870182
-0.0514522288356864 0.144000674721495 0.314387922788801 -0.00371615157703748
0.0548327720298753 0.110900831162473 0.241145182811053 -0.31699996848184
0.0897696252007827 0.0748983457219014 -0.091377972868376 -0.358783111251948
0.116506788410179 0.0116891258918721 -0.2391896824506 -0.165138651575342
0.0865998573275928 -0.0484761571668712 -0.206410222027651 -0.00965765902836811
0.0824053238602559 -0.0480870662307558 -0.149538931433941 0.0804956137809396
0.0892099850474307 -0.0584508337065632 -0.116982458660596 0.143502874511046
0.150366951524265 -0.011937184951002 -0.141698637709272 0.187380141271573
0.134683377168653 0.0982008223131454 -0.222625307840083 0.159529141983644
0.077314166965651 0.16765998126903 -0.306696666428588 0.0284835563012955
-0.106277682628337 0.21609407720842 -0.274444994006931 -0.170863860026304
-0.307712727748419 0.11351916431424 -0.168472417192499 -0.267239601798037
-0.37977562499053 -0.0553285752689265 -0.207924855306222 -0.174088721149297
-0.337855237264206 -0.124347480722462 -0.0684100442694558 -0.12357621592553
-0.332101012566935 0.0621200598104591 0.0486282857731604 0.224374119707102
-0.171128098424247 0.19714249924043 0.341970257936628 0.0738166823159343
0.0438349537182993 0.223241575834096 0.307213331259059 -0.253126542299448
0.147959916425996 0.14235294810577 -0.01161603934979 -0.338950106877296
0.190566570238061 0.0294346253079231 -0.165534146944306 -0.18228420664254
0.150136911192495 -0.073095158811748 -0.146675632397052 -0.043575407337172
0.126323897734861 -0.0793876345212249 -0.104202405882803 0.0505973819752661
0.125638471024387 -0.0852287398773371 -0.0609141759186667 0.117443352773573
0.199029953521497 -0.0243500242641472 -0.0689798183051702 0.193072450390391
0.191631945247038 0.113178623773487 -0.145326859798859 0.215527435269985
0.130228326007427 0.215862134678774 -0.2797934607643 0.128028752963712
-0.115847181605279 0.282221125347271 -0.28941706411558 -0.0746049522199636
-0.360223758505219 0.135659733716736 -0.162185415333832 -0.216449001782537
-0.429924023897689 -0.0722714746484748 -0.0981411360241637 -0.114376354533162
-0.332386172057227 -0.199610895657268 0.0655483220079015 -0.0432102396144634
-0.405612038846542 -0.0243157777020741 0.0932389486689556 0.264539018132686
-0.275511221398859 0.185625512644087 0.339905967757004 0.16545391685809
-0.0050291846162521 0.290465261043269 0.347856333209114 -0.144778439660878
0.166818619642395 0.196909545026368 0.0837757786348753 -0.274709552882629
0.230242294796416 0.0531648926598247 -0.061241407650983 -0.183677645704642
0.191056888013366 -0.0816786418346567 -0.0658123211762442 -0.0778135616556568
0.152930323114673 -0.0995678007938789 -0.0448016457058937 0.0137983321482078
0.142012514091252 -0.102639976991657 0.00441165278804988 0.0827722642630244
0.216937717811108 -0.0368884163957815 0.00884583439267562 0.178039059580701
0.221694623698942 0.109390338508785 -0.0565644999086931 0.244270127725834
0.162032242820762 0.232931868885761 -0.226885471388648 0.203200740985485
-0.114797341527507 0.303768974495031 -0.27349366238045 0.00782715300482878
-0.361174982566069 0.129003287997542 -0.142462208731332 -0.174329723682124
-0.416276664562083 -0.0882463115064469 0.0163119600965159 -0.0604886395619949
-0.262601712216716 -0.230190760731978 0.195806076178783 0.0601440542347931
-0.379359590314132 -0.108057006335896 0.137036810236046 0.302832402996717
-0.31333170405608 0.118612219134741 0.306148496583375 0.243079458254733
-0.0572028847959859 0.283538006542264 0.344221122815128 -0.0230450235601565
0.145211804840417 0.210260765561169 0.167844126536179 -0.180298406446573
0.222216381507978 0.0665518007084232 0.04933303870771 -0.168514811935963
0.19471902772947 -0.0749999067304696 0.0202951334145001 -0.107590490142355
0.155986631308828 -0.103165871660162 0.0181625260531549 -0.0248632006656272
0.141400100223886 -0.106574248005696 0.0687418820217328 0.0445917146796679
0.208096062892274 -0.0412962333963006 0.0820391186573031 0.151412232220927
0.218949308438975 0.100573837440848 0.0227577980669157 0.251037428986175
0.15459577381859 0.22945512981989 -0.169672580359118 0.246060665840239
-0.124858630340627 0.278086161792572 -0.244053376238296 0.0624401064854458
-0.328699864746475 0.0835427942940811 -0.115104467724337 -0.144484938116008
-0.340963976293268 -0.112866995524516 0.117457908338304 -0.0113875783424305
-0.145153362312233 -0.20658911765023 0.297609267152315 0.159404547762143
-0.267090524459082 -0.151544610338583 0.165486927140833 0.327351376568063
-0.26539429387202 0.0387112228877948 0.257076702134602 0.293216588112832
-0.0801946290569646 0.214016524794491 0.310493754231977 0.0753973076383662
0.100948517381141 0.174405256227649 0.223645129665938 -0.0896957652105131
0.172837310024295 0.0628433208535274 0.143046703943759 -0.148503861257929
0.163709214793703 -0.0570702525284479 0.0954396136996807 -0.13138126913825
0.13521513244261 -0.0897292494762047 0.0747936008243404 -0.0592082712417603
0.124031696248616 -0.0932082644324628 0.125326234252784 0.00942492380937876
0.178182090775388 -0.034708848826072 0.14381234922127 0.124871143477509
0.187628641245639 0.0896158690207795 0.0839379375820839 0.25149919931144
0.114949309970261 0.211896294132531 -0.127443776007992 0.267853004383765
-0.14461900533097 0.214680426439633 -0.216650162880447 0.0914406761553141
-0.269684272325228 0.0100113412071967 -0.0900645539366677 -0.118777109105592
-0.221280236558953 -0.140485859127026 0.1867647490896 0.0408729959792419
-0.00414799597918653 -0.142034323158084 0.354673429459756 0.222282060136877
-0.111310458394806 -0.145730584264232 0.176083413841688 0.325917400634131
-0.16189465824243 -0.0209635242455813 0.218441465333306 0.312396635949207
-0.0657627968275866 0.115036817370367 0.280690138290588 0.130149391620173
0.0513136867123128 0.103416637994462 0.255620307772149 -0.0357726762457538
0.0970542172771847 0.0443472332306294 0.201044079504775 -0.13812336833133
0.104279023973508 -0.0317722950317024 0.144982051383157 -0.146305062293829
0.0941130435598479 -0.0597645714275496 0.117292250746209 -0.0847370637942244
0.0913782629046082 -0.0647845552439228 0.168466900150539 -0.0150601755705513
0.129742154716721 -0.020898802143423 0.191774988969682 0.107846721223133
0.137727773930849 0.0720849258416406 0.125049577558503 0.256801613749398
0.0606268321115589 0.175607515571251 -0.104486691554549 0.282991532978925
-0.150628909098446 0.129181627281132 -0.205127490605987 0.105396876831124
-0.182848673602131 -0.0627484951070764 -0.0734572928767004 -0.0972690559627732
-0.0748252030379774 -0.150783093336009 0.219014583357159 0.0939171702264097
-0.0547200637610403 0.103313316839712 -0.28846436044699 -0.119086832400227
0.0962758036633988 0.0763520564107109 0.00444399755404328 0.171524636576298
0.0946748532074975 -0.0458989167180862 0.255579675329867 -0.0713448664046086
-0.0234941068968822 -0.0943584647990109 0.140341198961454 -0.330095087643434
-0.0669454629785855 -0.0242104545054674 -0.150942714997885 -0.326638186664787
-0.0530791468186591 0.0121082114174588 -0.278343086342003 -0.12010308637419
-0.0485263101126047 0.0310284979201962 -0.23626097208393 0.0340979906214621
-0.0307846943934734 0.0282764202535355 -0.173940899193526 0.10981674442731
-0.034557634574157 0.00124467084447044 -0.165796041223377 0.163100262416885
-0.0178079243939934 -0.0291676271335051 -0.214012569250724 0.152410032370544
0.00243057889358075 -0.0278767869101811 -0.279657224024785 0.0502829763954546
0.0421819442842281 -0.0248990903127624 -0.275831299694917 -0.122930330887369
0.0467927717884108 0.0685704691089609 -0.209429770575799 -0.303405519468383
-0.0430133318359774 0.129751784903599 -0.163646565805179 -0.375743759079632
-0.1336839322215 0.056345279444431 -0.344936223651966 -0.27328497288831
-0.183419642629302 0.0507446978236035 -0.259647353479764 -0.157327758270021
-0.038367237126161 0.115495934664973 0.00172232216857055 0.175283617170636
0.0433499421816991 0.0529260116054631 0.281326453373949 -0.0537030038701445
0.0279666177205417 -0.00465037558576669 0.178757516260593 -0.341499250786915
0.0121819195684107 0.0161398769220678 -0.140885101685817 -0.350433666346678
0.029966040019665 0.00543748804948223 -0.279174422153971 -0.139132305393689
0.0165325199237251 -0.0117231166652521 -0.237953564143534 0.0206686556035645
0.02850978965017 -0.0109670772298398 -0.174427895574513 0.104826645322696
0.0344409226244373 -0.0287148414469767 -0.153940929731494 0.163176520629715
0.0756574751055652 -0.0132140613664377 -0.193539777086835 0.175093831095615
0.0679941529166946 0.0514696263602288 -0.270590239212383 0.0983820045358709
0.0409517983126934 0.0830657038256326 -0.300157700814456 -0.0651712135470023
-0.0550224103205745 0.135906978512966 -0.241044613494066 -0.256635055368438
-0.199032909692405 0.106553000171754 -0.16834806844996 -0.327397011692755
-0.276540445772132 -0.0155902233627502 -0.297397406930195 -0.234339511625369
-0.287076518567411 -0.0314542899131331 -0.185282266598019 -0.162886494684181
-0.194560874605495 0.114364377288454 0.0182245841644357 0.197374779624019
-0.0506013554533076 0.145355647367956 0.319795504865795 -0.00472277365166135
0.0563325388950103 0.110255952103334 0.24155714945382 -0.324533910622394
0.0921849777143472 0.0745051736193816 -0.0950450638092105 -0.363165920402515
0.118955056997727 0.00993960849155123 -0.243775295504843 -0.165205022505212
0.0869921402405102 -0.0502868054597277 -0.209246998065861 -0.00697662062229348
0.0839466205225147 -0.0498985076585587 -0.150311680499447 0.0851387373492224
0.0900235680435192 -0.0597266724365469 -0.11601880347408 0.1489127271805
0.151080893162538 -0.0145669456037943 -0.139541999324645 0.195384361450695
0.13965881403215 0.0972227020463469 -0.224573161537921 0.166760070582339
0.0803614004722025 0.167966259400117 -0.31008168516819 0.0332084140768854
-0.105746241367574 0.220477158128114 -0.280364647315309 -0.174262359601457
-0.310690722669328 0.118906850435688 -0.17284392844174 -0.271129764593477
-0.383323157525854 -0.0549128556070676 -0.213507557458282 -0.175416225035943
-0.345560319744587 -0.12533359720617 -0.0705834059476731 -0.123487855884188
-0.336034523174942 0.0664991033545209 0.051001296485824 0.232408506984272
-0.172767612133013 0.200816720065278 0.348369351293447 0.0745443191402042
0.0458548838120915 0.224571322698671 0.309342936642566 -0.260515859174125
0.152692531854118 0.142611018784545 -0.0133760763873207 -0.343153541389216
0.194133716142184 0.0271393308091089 -0.168339760564281 -0.184070369764562
0.150677686729213 -0.0762866742374188 -0.150070022306799 -0.0425097177908164
0.127919781665131 -0.0822757598296851 -0.104467104135925 0.0540084106149916
0.126038124580792 -0.0865555712804986 -0.0602996081361608 0.121855479884965
0.200372908487844 -0.0276005755580803 -0.0645578383426854 0.199681843659129
0.198500401630018 0.110979533878078 -0.145184517243426 0.223176186595754
0.134632660349608 0.215102171466684 -0.282296237664236 0.136502608523509
-0.113621357875887 0.288462688474028 -0.294849773445407 -0.0757972765708451
-0.363479430239925 0.142384528750853 -0.166145285596003 -0.219355611175384
-0.434889647670556 -0.0711460367702575 -0.102566516031773 -0.115910049845826
-0.339307074655831 -0.202964260853795 0.0660148834475952 -0.0435113133828971
-0.410844358712082 -0.0189539156125172 0.0965612691990373 0.272756008124067
-0.279028207467075 0.191049708807719 0.345783329401713 0.16736485096409
-0.00215365649199388 0.294044248519343 0.351798741670103 -0.149739722940963
0.171520117950792 0.197160310092193 0.0854434264750551 -0.277960263582663
0.23369819424028 0.0492685363581577 -0.0628790255247358 -0.18770300752903
0.19022902384991 -0.0852766959035098 -0.068383641011778 -0.0800437045502305
0.153892658032036 -0.103189162996581 -0.0446579251255923 0.0156373320391576
0.142376465181979 -0.105362191698511 0.00545553374166836 0.0854671190877184
0.218452744830197 -0.0408302295477438 0.01440003665091 0.183736797211927
0.228537016479184 0.106789240434134 -0.053953948847448 0.250671407871372
0.166749812183581 0.231604472405673 -0.22638955339108 0.211350290369056
-0.112439083500013 0.310157631611756 -0.277993856547424 0.00874883224695946
-0.365208057792818 0.136052315163974 -0.146245064027384 -0.177894563668259
-0.420717748675717 -0.0874264879314541 0.0136445155691161 -0.0632710773289815
-0.268619128189508 -0.234061270519324 0.198785080145611 0.0606518183313511
-0.385313714671628 -0.104406245836918 0.140372567557081 0.310849480232857
-0.316597605818976 0.124301586888914 0.312556438019538 0.247507109005707
-0.0553946245984371 0.288158354627239 0.349413311031828 -0.0251543210504773
0.149723029626749 0.211225964804128 0.170906691653226 -0.182288044675492
0.225902597908965 0.0640733901725474 0.0491413534142515 -0.1741677719369
0.195453195663824 -0.0787250150357039 0.017693162611204 -0.111576798052143
0.15634469338989 -0.107484290564545 0.0183760871898339 -0.024252432894172
0.141098106797985 -0.108842717335881 0.0699180813019151 0.0446492702109643
0.209705683514508 -0.0451403080804645 0.0875728243627707 0.155099324376831
0.224241082388304 0.0978132207243265 0.026874562412104 0.255955508974903
0.159346352487147 0.227588638986158 -0.168354683101695 0.254951115002631
-0.123397531790706 0.283513714655775 -0.246100786863757 0.064300379102956
-0.332527756924282 0.0876736026030418 -0.119279727322706 -0.146433839964043
-0.344876799563252 -0.113065160311141 0.115820065480803 -0.0144228554434936
-0.149115198999154 -0.210494939590567 0.302169960740296 0.160309478218579
-0.272526936747833 -0.15094607134696 0.168967423832249 0.334575510405442
-0.269950597301611 0.0428202120564447 0.263324182297744 0.298696768542998
-0.0792156093677244 0.217824678611181 0.315897695248715 0.0762036328652085
0.104991418336093 0.175036030770786 0.229373152655695 -0.0913376091165686
0.176305222246875 0.0616074463082417 0.144346875171102 -0.156191878964406
0.163894703242176 -0.0599458591929085 0.09310090577699 -0.137367015699578
0.135037582533857 -0.0931489085239566 0.0755103646084715 -0.0611375989961181
0.123890123013965 -0.0953747569715629 0.126642068448381 0.00898138931229183
0.178978645076952 -0.0375089516926892 0.149269202567601 0.12646839771255
0.192368072055445 0.08704472179152 0.0887433155839786 0.254903722014906
0.11932767294897 0.210345558480676 -0.124645439827647 0.276023080967083
-0.143475538555707 0.220488151959581 -0.218900684351032 0.0931334069873926
-0.273861447923888 0.0127225698763182 -0.0935883888798457 -0.120717174986034
-0.224940978298641 -0.141708414863312 0.187036045570008 0.0368428672929809
-0.00513144400533845 -0.14556378312736 0.361152431155017 0.225090311838914
-0.114450603285362 -0.146856054596597 0.17927959803603 0.332189259358933
-0.164626944429198 -0.0183571411104082 0.224211300680862 0.317719354511362
-0.0656005391609929 0.117503354877401 0.285332811849825 0.132106200871249
0.0532247764064937 0.103340177082116 0.260581380968823 -0.0374613761963552
0.0987658558527622 0.0437545439437518 0.202938364194302 -0.146661804016868
0.104991183360094 -0.0326489724940224 0.143217532654771 -0.153650043218039
0.0941054313287362 -0.0629876434096286 0.117820642567296 -0.0871364912169173
0.0910228016768675 -0.0666931708293803 0.170572250957163 -0.0164080708580896
0.131347595116948 -0.0233946187895357 0.196839497898706 0.108303975435785
0.140047435693671 0.0706667977063907 0.130612180280284 0.260005875651956
0.0640483890510242 0.17512296123614 -0.100928708156605 0.291034355841463
-0.151196293859659 0.133558681866123 -0.207063193546616 0.10814650848448
-0.1860145166311 -0.0625983465466331 -0.0778614877404496 -0.0990447578485239
-0.0771474838589345 -0.154149522009795 0.220342272525534 0.090159691458216
-0.0560326169492838 0.108571765360935 -0.301151308978253 -0.119378674102508
0.101666360219961 0.076819510069738 0.00815540696266922 0.181408848567256
0.0978764126145194 -0.0490240694006736 0.265369614374838 -0.0755704839006357
-0.026061830807997 -0.0965845843105389 0.142282162625488 -0.343731304307672
-0.0691698846278283 -0.0245823318131134 -0.161353097870208 -0.339192002185553
-0.0537752008592486 0.0135707828802833 -0.289006206719378 -0.12130260209982
-0.0483803607538981 0.0329892838293116 -0.241674945569453 0.0397584896010911
-0.0298955811270214 0.0294366901940237 -0.177766192014004 0.116274658383415
-0.0346736594160268 0.00248927526111307 -0.167545262128877 0.173033337359981
-0.0190499082983027 -0.0295070580250832 -0.219317883950015 0.1614482591205
0.00250290510165787 -0.0282528774337976 -0.289966278146978 0.0554364516339565
0.0422071848459293 -0.0266802103490247 -0.285726277244908 -0.127455072918559
0.0495873599262426 0.0708599125099003 -0.220644299372703 -0.316993750029635
-0.0411714049261464 0.134756226462016 -0.169462901444808 -0.389786621445705
-0.138278343497107 0.0571290580740769 -0.355416242567443 -0.280148704504836
-0.190268737714862 0.0539914196495975 -0.271477424528807 -0.159859030197951
-0.0370621791984711 0.11884754915947 0.005531136003984 0.186169054558791
0.0456767666132306 0.0537394875964368 0.291265047856929 -0.0567394764356245
0.0276429319433943 -0.0055502657540761 0.18027887818833 -0.356948142959423
0.013373515171518 0.0165441783305044 -0.149449260552865 -0.362889271299609
0.0314425076311003 0.00490093975008419 -0.289296473134585 -0.141690437780411
0.0175438833291053 -0.0119019042581049 -0.244989484876854 0.0259888916894546
0.0306193652904947 -0.0120461061190814 -0.178267294454751 0.112115198518595
0.0368233462524413 -0.0298181137534877 -0.15632647163004 0.173984422111535
0.0778770809502662 -0.0143917265454208 -0.197310993508212 0.185196042070937
0.0719762916997935 0.0522531859645776 -0.280795127537944 0.106687820452071
0.042517675743352 0.0847476457105091 -0.310426970356539 -0.0652904086254868
-0.0549818272507042 0.141695816360501 -0.252135127260776 -0.26795756552179
-0.203749556232058 0.111163350667433 -0.175682964938999 -0.339234532608605
-0.285866246412891 -0.0171352887618644 -0.308443272960937 -0.240064779953865
-0.298951774635455 -0.0304998883391503 -0.194030683255206 -0.165317519910441
-0.198987420730484 0.121168579829112 0.0215881444557364 0.208578901852794
-0.0510389752292815 0.149783010361327 0.331357430138066 -0.00570171893192731
0.0586649562242023 0.112035544038881 0.246690920973521 -0.33998219821109
0.0969732443804767 0.0758631773033544 -0.101182411540813 -0.375889405433855
0.123367594986161 0.00806287101438401 -0.253082964186456 -0.168169629987901
0.0889288421313555 -0.0523913540559248 -0.21639354912793 -0.00406657615508054
0.087150364431678 -0.0534041334211849 -0.153603035322648 0.0908997824044687
0.0929457898615122 -0.0627818565939402 -0.117120106500206 0.15862650728378
0.156241948553964 -0.0170750225393131 -0.139550399520036 0.20609671721212
0.147102919325148 0.0984510119892666 -0.232251133418064 0.177338332819353
0.0842800498861975 0.17147008604963 -0.319925023081407 0.0373609386020644
-0.107102155803566 0.230437904414886 -0.291997171742656 -0.181394024304029
-0.320088953829484 0.127261715335474 -0.181490809613697 -0.281494610426537
-0.39589195657801 -0.0578224294561076 -0.222810695651625 -0.179599638892552
-0.35910132433821 -0.12922397850268 -0.0746683963891058 -0.126810216041819
-0.345439166286453 0.0723480935635805 0.0556744549291888 0.244782748236361
-0.177180742579423 0.208383582467396 0.360735554358005 0.0771883059289699
0.0491658782038594 0.230587911473746 0.316814280721514 -0.272021979248205
0.159994871309551 0.145497118816187 -0.0147347098957826 -0.354613297538789
0.201030842299254 0.0243731245925923 -0.175191758202378 -0.189484859990442
0.153441033787884 -0.0803602176048968 -0.15627266256546 -0.0424222516212697
0.131322856862021 -0.0875081525331147 -0.107310336280403 0.0580480157302405
0.128898283489934 -0.0913748502848245 -0.0603811531218965 0.129482930565389
0.206010278171432 -0.0312377301344318 -0.0614994685871179 0.209914003649797
0.208605794291667 0.111602987916938 -0.148097668093849 0.23457209466414
0.141624197379936 0.219678872744744 -0.289179157171615 0.145651921755847
-0.114936583515149 0.300325346362671 -0.306401125531405 -0.0791765016721788
-0.374811691304246 0.15111792702145 -0.173590320567467 -0.228156810055725
-0.448136662237818 -0.0745793528674192 -0.109538076728477 -0.120049686042318
-0.352389039232225 -0.207838585451823 0.0681915871940577 -0.0439626542988643
-0.424125385910059 -0.0148696981827592 0.102697465185252 0.286316726347672
-0.287586331337891 0.19942987160122 0.358653389204718 0.173918182029448
9.26396914856722E-05 0.302984680416692 0.363064987504103 -0.158377866779301
0.180036617920106 0.20212211285873 0.0879726366038538 -0.287462634441255
0.242598624631725 0.0475317379295594 -0.0661487816860214 -0.195417100137073
0.194235376348862 -0.0903422954038463 -0.0734987040360388 -0.0831100659808751
0.15750550842763 -0.109620992838113 -0.0454793407612608 0.0176572233485944
0.144684633660156 -0.109573274507326 0.00579626997814291 0.0903197122716456
0.224799143122346 -0.0453556441488443 0.0198338810349825 0.19216151551612
0.239644913347151 0.106060439952244 -0.0530378174200991 0.262171499448966
0.174747725050937 0.234072549632191 -0.230585697765557 0.224615223109978
-0.112782336399328 0.32335252700634 -0.288482947721109 0.00897450663260853
-0.37694087530837 0.144075545480227 -0.153399835478222 -0.185153225555952
-0.432220782919422 -0.0897145785545986 0.0113675165152859 -0.0670353709444774
-0.280074300374638 -0.241739817940476 0.206066136244252 0.0632572287033089
-0.399344921960668 -0.104184576172115 0.148474689792092 0.324190280475105
-0.327982002514327 0.131303617815387 0.325551792140092 0.257393487915602
-0.0553745756720376 0.297925717121629 0.361413862596967 -0.0275301553787854
0.15824149257653 0.21614476537446 0.178827185517095 -0.188571346364436
0.235694309826736 0.0633304640135294 0.0503610493790203 -0.184038683022489
0.199840973342138 -0.0840036775263178 0.0151742690772873 -0.118382658682061
0.159576487911597 -0.113841234798615 0.019481639457285 -0.0252543590956451
0.143924711959176 -0.113896388105454 0.0727236578890701 0.0469237421853154
0.21555161883128 -0.0488570273858386 0.0947354370904189 0.161558327143604
0.234634755012764 0.0970655573745269 0.0313303912196511 0.266569717594815
0.166713416459328 0.23097567080064 -0.16979605346361 0.268427380649025
-0.123694519025652 0.295839408727508 -0.255132673511063 0.0663497093938016
-0.343693614441155 0.0944978476800408 -0.125857891773824 -0.151478836573869
-0.355573757203309 -0.11676481426836 0.116687352550754 -0.0176668686562116
-0.15635438662385 -0.218720498497559 0.31359565608481 0.165809787508893
-0.283081565765343 -0.153281529740255 0.176345667066593 0.348938624372425
-0.279405561470817 0.0478145336820094 0.274215219768008 0.309707156044427
-0.0792607703228394 0.226618266827968 0.326991914087631 0.0789862442354478
0.111217748008834 0.180160322276857 0.238971841923837 -0.0943856084557372
0.183220572219174 0.0619897883014356 0.147028092961 -0.166321549247784
0.167584826258881 -0.0641135675422572 0.091856121210942 -0.146235702494366
0.137638693911709 -0.0988594927736195 0.0773715776553006 -0.0638808262792623
0.12581273706863 -0.100071461219416 0.130670982208334 0.00868504615445554
0.184463570667763 -0.0411825208816669 0.157501674579243 0.13121341297097
0.20022121450788 0.0859599799055802 0.0953689163315019 0.263847633680747
0.12538439349941 0.213676596000319 -0.123998563094635 0.289632666766472
-0.145723797940606 0.230265496242592 -0.225413668384576 0.0973949957188307
-0.283349747788838 0.0156223702556178 -0.0991281214033365 -0.125022691950643
-0.233048072369348 -0.146538310244412 0.190705780605878 0.0349773080013058
-0.00720397734193677 -0.152155750176431 0.373730442488294 0.233462178212103
-0.119498694612281 -0.151372019603661 0.186471012023352 0.346567823436329
-0.170706642320322 -0.0159710517628212 0.234710482862291 0.329916802216084
-0.0654860898333724 0.122582969224636 0.295528812154 0.138037426811405
0.0565128015492479 0.106296392769194 0.272486173393715 -0.0398224297499515
0.102791397367529 0.045219330722799 0.206671268650096 -0.157573514172692
0.107637158977432 -0.0347198797888662 0.143597946456457 -0.164305876889077
0.0953450147013303 -0.0669301186394025 0.120730454924497 -0.0911968670421292
0.0931091840965771 -0.0696272571721518 0.175826367676388 -0.0179367122533844
0.13487207824235 -0.0253418592763982 0.204366151305198 0.111404228262596
0.145706381025061 0.069620259981516 0.139120700798104 0.267466119093626
0.0680267989029201 0.178626595396979 -0.0989904942722797 0.303543709623594
-0.154530479195875 0.140672794923235 -0.213561077598569 0.111925833007442
-0.193581637627102 -0.0643880011138656 -0.0827484129627313 -0.10290170842038
-0.0813098592022009 -0.159008928981304 0.226340676040236 0.0889247754615096
0.0169294832073361 0.128304321982807 -0.317485229161277 0.100391656719805
0.130397831164937 0.000210183532725719 0.133543083290788 0.145282063205728
0.0513215565906268 -0.103236489284334 0.174285056312576 -0.236866458982782
-0.082023434332746 -0.0643038579034407 -0.110725890463363 -0.380802449594539
-0.0723788605936614 0.0239032147085062 -0.355675439430775 -0.175682415228114
-0.0349000691364742 0.0454698293840786 -0.316916613805862 0.0886571073834833
-0.0161623421888503 0.0584096946118169 -0.172090419621654 0.192633486883211
-0.00499967163791188 0.0427309905137538 -0.0695610010974186 0.210765921375466
-0.0259587509348387 0.026435338934672 -0.0217919903190264 0.252021534919704
-0.0345437229783997 -0.0104829229183265 -0.0763873175227906 0.277759660835761
-0.0179286125603222 -0.0222860166555616 -0.203010263601171 0.236708189272414
0.0152329629517349 -0.0467076278320664 -0.321871158903883 0.0790954787080159
0.0854278807381484 0.0279050618586313 -0.394695939866907 -0.118714219875306
0.0508812665098523 0.13694260654053 -0.408307545087107 -0.210359977042022
-0.0875025554553319 0.139254079957902 -0.484127512141308 -0.00617823024052536
-0.131316636158142 0.161007850040846 -0.320858336754056 0.0578495711889251
0.0433702437063874 0.118714276257154 0.130866683326108 0.156506798960252
0.0709159369758914 0.0136834093633482 0.211748489032111 -0.23259166131781
0.0158104417747651 -0.0231705049300585 -0.0810074372010754 -0.41572902401905
0.0204561814421973 0.00671812077731636 -0.35859455331564 -0.203646825773284
0.0300152299945523 -0.0146824638137889 -0.328325636178144 0.070375308584037
0.00884892603607695 -0.0194775148052604 -0.184497720826087 0.182180813435405
0.0180865099914427 -0.03065587433043 -0.0724104070912124 0.208175567654278
0.0119785145515131 -0.0466441090604454 -0.0105910529612502 0.246628615634653
0.0562090296558338 -0.0620316741151029 -0.0411117906769456 0.284527496756116
0.0954663389574138 -0.00204142602032787 -0.161487263834538 0.271945447349083
0.08874311780131 0.0475805632481804 -0.301040660341863 0.146736596193528
0.0425696318551644 0.160256076512914 -0.387588582747996 -0.0578007268696357
-0.101742652392372 0.228425707602701 -0.379512220281156 -0.170088350233517
-0.26297906113396 0.173306863424916 -0.411493715840039 -0.00667141620723818
-0.274898760076582 0.152387484427154 -0.265645165970537 0.0108746253700271
-0.0870127390219071 0.21730589573831 0.154815003627876 0.170451722460143
0.0503783085628472 0.153307551102187 0.27942502229396 -0.208234728915439
0.112206110028176 0.0540862064840965 -0.00857994284852676 -0.443038996738356
0.125476294524952 0.00348560212289779 -0.322630887097763 -0.246613248432068
0.105983239592671 -0.0704354381277133 -0.313583416032425 0.0238438323407202
0.0399334514249894 -0.097708918072166 -0.181292735582213 0.136845152282178
0.0381943979230709 -0.101192064730398 -0.0654502877116582 0.17599694954635
0.0375525724189818 -0.111769964962378 0.0111091598842961 0.210687770908965
0.120435953025035 -0.116209111878005 0.0205537894762909 0.263887446496049
0.189241016298974 -0.0136387064573868 -0.0743482481164534 0.297882556086686
0.181708947999404 0.0937216133122202 -0.2406935486106 0.239233520393624
0.0582465267229094 0.27304549199347 -0.36375671022967 0.038868725580569
-0.190035240274658 0.321810765455049 -0.346275587436935 -0.121310292119462
-0.382405904998348 0.213593395580258 -0.295119383304665 -0.0175759606512223
-0.384413280276771 0.105161221078526 -0.147263124128372 -0.0289530390006079
-0.235947114250986 0.267696275560209 0.200298418271544 0.182564988488478
-0.0174260623225137 0.279177026971682 0.356868721066556 -0.150972165129085
0.176945659008699 0.156946710767288 0.0987352949008986 -0.428142830232887
0.22015392218252 0.0216915231455047 -0.235104132336478 -0.284750724880771
0.180411439911445 -0.106421166744529 -0.261772768637808 -0.0451172997800326
0.073470226134188 -0.16037427015419 -0.158208908176505 0.0639196733590377
0.0519188955916783 -0.158025607338539 -0.0483937091807752 0.118128548422795
0.0484986187396421 -0.159488834172958 0.03821601296197 0.150316572188363
0.151970601915565 -0.161780272087524 0.0885795343535322 0.216488011672984
0.250551857620454 -0.0442731524494911 0.0315170068145041 0.289496341030821
0.261700093160159 0.0964371640103838 -0.143913448368922 0.309230095745015
0.100677188613551 0.340643822782569 -0.307916397028482 0.132557907561273
-0.220485743496895 0.381065873895589 -0.305908307125821 -0.0832466005767941
-0.435549321459856 0.23454421050742 -0.160086506605348 -0.0444299303186658
-0.427315666219788 0.0328054742207068 0.0178558612255873 -0.0520934427253818
-0.353981302813378 0.242040251937039 0.259332031328921 0.186397753538033
-0.114006943953743 0.341318857213002 0.414071534973776 -0.063770887741488
0.181163475968532 0.246638250898305 0.214068239304827 -0.357785897078558
0.271837473386201 0.0547845569576877 -0.104249343399136 -0.29589004625326
0.229449336997166 -0.113660985237929 -0.175265650923522 -0.121442083871863
0.0996248546557222 -0.196179596920535 -0.117248124558592 -0.0251821995713753
0.0585727366372001 -0.192758703890465 -0.0245644517576492 0.044901339976591
0.05040527210242 -0.185662868823757 0.0669422505870215 0.0740947242080785
0.157934112006391 -0.185359272980381 0.145738275569187 0.147398844256628
0.273439530384145 -0.069019412140415 0.12782894750841 0.248941168998575
0.300894390436248 0.0868846922797961 -0.0435253792709976 0.336205045650654
0.119171816586413 0.359025072451206 -0.234122800282076 0.192296944862594
-0.22603387749911 0.37673014533276 -0.260002883412293 -0.060939142749023
-0.43355343349429 0.211111528063503 -0.0235586074697206 -0.080075460280392
-0.384597934983981 -0.0397276790604434 0.197882163659522 -0.0561992553077944
-0.38762020560432 0.155163176460352 0.318772046740906 0.185634638384879
-0.188825467773905 0.310709974371583 0.43447143564279 0.0277063234731679
0.1346344039292 0.27499140586966 0.296247588907809 -0.245453735661646
0.263278682245122 0.0801988828054708 0.033861999052602 -0.271396185009153
0.232673389044461 -0.0956904992978794 -0.0726258455711306 -0.187047338154524
0.107526306442028 -0.194061205263688 -0.0676616116797996 -0.112714298376839
0.0567493182169796 -0.19801207996116 0.000201499009803296 -0.0323228944700967
0.046013287954567 -0.188274003017911 0.0929861402230399 -0.00489341041390822
0.147926836429211 -0.182197782302979 0.187429583440532 0.0728949895096214
0.263159617152241 -0.074024632919556 0.200457951518213 0.196897802410305
0.292852487589758 0.0887490901433826 0.03662575087929 0.331622083045632
0.0923242539603923 0.343338971377596 -0.167939014471174 0.217586893297991
-0.230876490914221 0.311624961749877 -0.212483506260049 -0.0522448967865684
-0.38301628223531 0.13869112051281 0.0968431608514085 -0.1062182867204
-0.263899369828162 -0.0942935964154409 0.352057021523786 -0.0496318316464196
-0.322150932782715 0.0448793588970386 0.357763081788945 0.182208126396582
-0.199408090099081 0.2124389018688 0.423401781407326 0.0997673344213278
0.0720441495693568 0.231231798955738 0.332577735332667 -0.134582767669523
0.20181997104044 0.0776129419102777 0.143282203412643 -0.231147436940453
0.189475555545434 -0.0648046189120961 0.0167606280453003 -0.234520972162933
0.0934110997257592 -0.157788074024785 -0.0221655900471192 -0.18553271770444
0.0484237225535572 -0.171321078948385 0.0225118656255964 -0.101812882145081
0.0401830923851976 -0.165639608218769 0.115381641785127 -0.0750913055137862
0.127309367540022 -0.15562660584915 0.218755735983429 0.00775230610177346
0.22669361033669 -0.0602693802110386 0.25102485513101 0.152744821058907
0.246306531359483 0.100220933061237 0.0883357951321167 0.320288114775173
0.0296105841603555 0.300628091640626 -0.122556415520534 0.224387928637683
-0.232917397713152 0.203228221696888 -0.169801722798022 -0.045378304446388
-0.296700266030387 0.0308645407171006 0.192498717283624 -0.105771824290911
-0.0967948323419248 -0.126579569069227 0.447983476425107 -0.0427538729502655
-0.18691855741046 -0.0520788378876821 0.368871268107249 0.167264994819766
-0.147333135312564 0.092648325623767 0.402772837477596 0.134642133843099
0.0221301901777197 0.137948280843507 0.341081027515928 -0.0672441813095345
0.111850033193885 0.0510423102146758 0.203466452788162 -0.20712542466517
0.112432779475537 -0.0281863156821435 0.0686414728744136 -0.265657486096821
0.0635994837960689 -0.0964584727412281 0.00757959891352641 -0.232651789743601
0.0345651921734605 -0.118011282559458 0.0400500762582 -0.152562264396959
0.0323755640705357 -0.119179021785269 0.135169211882331 -0.127404142839913
0.0966036611052015 -0.111473200517806 0.24407478208595 -0.0389677549331529
0.169764328193467 -0.0371551701730316 0.2893032134874 0.128573575105851
0.175606572287464 0.107812065735409 0.118424743156 0.315849940210313
-0.0378997540408039 0.230273529168667 -0.101650877627355 0.229497719706739
-0.210594152049075 0.0750162633336762 -0.138914351548157 -0.0354415660448097
-0.175594461228803 -0.0811761771035827 0.254625747750603 -0.0775141328738086
0.0256546604128604 0.135739511099234 -0.32982916369042 0.126376659199449
0.136972321589259 -0.00807838536545409 0.155041182549377 0.14767377040994
0.0477329091288903 -0.112564117000077 0.173037711426341 -0.260137733744515
-0.0913934814117532 -0.0622416521977149 -0.139791808349221 -0.396236904681872
-0.0756657213123728 0.0294600319453716 -0.38967970513335 -0.165386494665614
-0.0344950912131348 0.0500075282455041 -0.33044862479268 0.111316594162254
-0.0117938779024688 0.0623331529003286 -0.167473870954009 0.211512760437853
-0.00161664708868163 0.0442624594995176 -0.0589596669852635 0.226548302965623
-0.0243890704539658 0.0291050447779437 -0.00407830518261584 0.267465688850006
-0.036398651563496 -0.00832402648473507 -0.0628350979491056 0.300373051765259
-0.0201611868712132 -0.0223389472125968 -0.201246451590988 0.262997573998872
0.0129194515317401 -0.0493320229797066 -0.338643856162503 0.0973752458669672
0.093054141688155 0.0243921652453736 -0.428483908176652 -0.107268884883173
0.061655519255185 0.139323321216068 -0.442883871216623 -0.202562403061907
-0.0871723937913895 0.151670278975851 -0.509967129720645 0.0154301422679484
-0.129055115453264 0.1778711205572 -0.336536428602213 0.0803667367269254
0.0523886038369287 0.121399319259488 0.152192110258829 0.16064935510896
0.0749000594588765 0.00961718839582928 0.21274654316986 -0.25669039122928
0.0142430752353811 -0.0247672632495177 -0.11034027399998 -0.435481972567246
0.0215307752228358 0.00558067658134467 -0.393571362812122 -0.196339008272823
0.0305457187885809 -0.0179888079562689 -0.343217829362998 0.093642063832209
0.00861100669593183 -0.0210463494726751 -0.182651794288706 0.202228506549077
0.0176179069271908 -0.0350311780941769 -0.0622851395916406 0.224284451901937
0.0104190636757584 -0.0503387699218752 0.00703488807408882 0.261399920607073
0.0559433593621963 -0.0687396965397919 -0.0244320596306492 0.303864675775014
0.10088555575903 -0.00757178410820311 -0.154912996402908 0.299365113776677
0.0952118013578871 0.0452391814840913 -0.310397201404719 0.169576536932899
0.0547239002345531 0.166845718671554 -0.41797910376686 -0.0430007755360707
-0.0948377538986658 0.246009046646837 -0.410614059010395 -0.160290422707923
-0.271873870797345 0.195381918476544 -0.434000223581531 0.0139747825094665
-0.283891958386302 0.176469313998337 -0.279762216701064 0.027339948758426
-0.0795489267815072 0.233678045175766 0.178237949146774 0.174378345219155
0.0606932128324107 0.158182905668929 0.285549945007008 -0.234058864358973
0.11985613847963 0.0513593993581319 -0.0349910499589769 -0.469755200045363
0.132744230463277 -0.00431319135635836 -0.357270226390408 -0.243578938415375
0.107641425086586 -0.0810386469265411 -0.330070502366098 0.0425789500694407
0.0364023553399688 -0.104291123261076 -0.183116637747526 0.155045186069263
0.0337340196256844 -0.109932479946579 -0.0566691768656383 0.189439078997059
0.0324260938010786 -0.119321670333385 0.0284005996499024 0.222634996796567
0.120034844528633 -0.130692137357258 0.0405313682645829 0.277981821214552
0.200211331388247 -0.0267013239026122 -0.0611383800491604 0.321718713454652
0.195860573228303 0.0885960501847924 -0.24114673236829 0.265875913804496
0.0776664168532119 0.286078297367032 -0.387176216503804 0.0583589808061401
-0.182202929443572 0.350330003983217 -0.374217100324982 -0.11152254236507
-0.39611285678755 0.242718893794413 -0.312894923378505 -0.00320653076860421
-0.403803233436099 0.131541330613172 -0.157167686724074 -0.0215315855585433
-0.23333042082952 0.295896278262723 0.226410225099344 0.184247450349896
-0.0046989731162031 0.296744541901001 0.371705343431037 -0.175837773930121
0.193947702351071 0.155375549957975 0.0808171708136869 -0.460485749261866
0.233832851995067 0.00969611081363216 -0.264218618487185 -0.289800410978536
0.18411618298231 -0.123892978469048 -0.280096135209911 -0.0344363287456404
0.0672336162727537 -0.173051351227376 -0.164483374730585 0.0770024183526924
0.0449478533995903 -0.170599519266098 -0.0430795745906947 0.127671649550577
0.042077252828402 -0.170698028675375 0.0536780007810558 0.157935159069411
0.150946957500809 -0.180431277649056 0.110176708111037 0.222553217431865
0.262092065819796 -0.0631317552285113 0.0514475775967921 0.306909073413196
0.28052460269186 0.0867925628532781 -0.132917024618328 0.335013183388906
0.127073559693316 0.35468357536911 -0.322302065247197 0.155467629507155
-0.211708824053826 0.415109746662381 -0.329545155716211 -0.0739003141889907
-0.451711515086352 0.2669556142015 -0.172074880306551 -0.0378236067401189
-0.453759286728968 0.0560922004966929 0.0167801276990091 -0.0548981469883592
-0.359975808933732 0.277448633753716 0.288917585258175 0.184653126768572
-0.102888689346729 0.368363763291879 0.437326186806872 -0.0870188048178348
0.204685214315815 0.250190466306638 0.206957426875656 -0.389301993950911
0.290380026570964 0.041668393477041 -0.125979457058613 -0.308207637807941
0.236097898420444 -0.134272426730691 -0.193416769708688 -0.11961991985799
0.0925327647224016 -0.211260004054309 -0.128432388704254 -0.0191336501176804
0.0484339388819402 -0.206991716255702 -0.0220517152716184 0.0486934454799684
0.0410928863993197 -0.198277279173391 0.0779658501159048 0.0764235378737681
0.155573903544928 -0.205433738197408 0.166106622775299 0.14622333753764
0.284901584736467 -0.0915612171848898 0.151616800801766 0.257947429870278
0.320681665313364 0.0736012274176773 -0.0237893843734159 0.358158199854394
0.147741173090839 0.373427819150713 -0.240334243698694 0.215173367612058
-0.217915013565477 0.411023213998337 -0.279227214631705 -0.0522123015490549
-0.447525098997548 0.24330088572806 -0.0309926676260312 -0.0826116407409241
-0.410502508552421 -0.0220915791665174 0.206686051889668 -0.0694143731069567
-0.400758325599083 0.185503035038715 0.349788424209765 0.181274232587914
-0.183147833148578 0.340035007314848 0.46370733518193 0.00824369034733904
0.157747808486977 0.284390230784853 0.300417532485706 -0.27467933740107
0.282610933281676 0.0680673365311563 0.0237149245875109 -0.290218661564527
0.241415143252408 -0.116251544080094 -0.0898138269237787 -0.195123175479632
0.100300729539691 -0.209921130154047 -0.0819342833555608 -0.114338019302538
0.0469602248736305 -0.212399858290987 -0.00153046861346427 -0.0346695797469325
0.0370286406784102 -0.199714084030116 0.099953257915418 -0.00858181213054541
0.145030289157227 -0.201356878806499 0.20506402843877 0.0651607198981472
0.272393341656789 -0.0948282191597696 0.224405039970013 0.199309187647794
0.311942909088219 0.0755345983838281 0.0610450975268665 0.349492913629167
0.118914675497389 0.357541814725748 -0.167621160624653 0.23807034198659
-0.227111259576504 0.343299453399132 -0.229284916906914 -0.0444969174465021
-0.399035073532845 0.162917198399178 0.0933399820477117 -0.116018001056167
-0.286363570194101 -0.0865489189620701 0.371364329767938 -0.0696601301327177
-0.338315408408182 0.0645051881496015 0.390469299646975 0.174431584702327
-0.199087326728339 0.236027234935947 0.454969271635234 0.0849833211005811
0.0901479871603522 0.2404127408685 0.345589098944909 -0.158123738609466
0.217955498185864 0.0695132987952828 0.142368748380526 -0.253359833790179
0.19698488546982 -0.0809252170920474 0.00180184166060168 -0.250607468833213
0.0887737410284134 -0.171584705783637 -0.0392663453792347 -0.193880285798932
0.0395286987824636 -0.183540327171375 0.0181157186609484 -0.109106136684877
0.0316558629120592 -0.175845456769282 0.118988767162272 -0.0848078225636424
0.125090899023253 -0.172511484493295 0.234327206710928 -0.00521470584549667
0.234772493046481 -0.0774804088995024 0.275534702455678 0.14946275307784
0.264242106394091 0.0910353589372534 0.11482596560333 0.333668372364989
0.0499112175393598 0.316052898567789 -0.118835501242817 0.242977532921117
-0.235359692632918 0.228253789877856 -0.184173941939484 -0.0390226630675155
-0.313481589299339 0.0461272819191599 0.193831505261977 -0.121664207509964
-0.111393383323893 -0.128888665844069 0.473101104636299 -0.0679974459191176
-0.201037073304622 -0.0448703601650874 0.398588648074117 0.159571930044574
-0.149612929564839 0.107232526585857 0.434895860223871 0.122418086961301
0.0320977385035501 0.144641282249276 0.360292520753143 -0.0864099984469541
0.121379800337906 0.0452065170924015 0.207046262516972 -0.23109162392955
0.118340186439269 -0.0368170876416442 0.0543150839413283 -0.28590762314559
0.0604111907032204 -0.105197241333317 -0.010575044570537 -0.245828054992211
0.0276863393178489 -0.126219210317164 0.03312136550276 -0.163881688065463
0.0267385245729483 -0.127190534591593 0.136235430317965 -0.141883604137028
0.0950971572601503 -0.123525931727239 0.257284334633489 -0.0554692723310849
0.176466414608406 -0.0491428457214026 0.314267218649296 0.120646311033376
0.190107750612183 0.103071199411199 0.145164907883757 0.327253121509346
-0.0254700124269683 0.244957912713383 -0.0960938764061776 0.248435519313476
-0.219526063703529 0.090964389491632 -0.15061094604836 -0.0292950411022511
-0.191420565114461 -0.0774096438707471 0.261878819265824 -0.0957152944854213
0.0385550260467449 0.138763250792478 -0.330744232024322 0.161366029550904
0.140970645685612 -0.0208638384524474 0.178454739352887 0.141361251135169
0.0401057361478779 -0.120756277024294 0.160134715805978 -0.28448767430925
-0.100821578975411 -0.0561216482034729 -0.177676859140263 -0.399924159175945
-0.0768199547309965 0.0373671469972029 -0.422196419488152 -0.139124999808471
-0.0308819681381304 0.0550123317254901 -0.332307224957523 0.142440784492687
-0.00583385227285075 0.0650506805395845 -0.15391186416926 0.230854148402082
0.00219090477497757 0.044695366218441 -0.0412737480893252 0.237854377863421
-0.0219467608206307 0.0313856632392075 0.0215422293269257 0.276309450516614
-0.038352071874419 -0.00492349842523799 -0.0381714649474731 0.318361672964414
-0.0217912491289735 -0.0205036482466129 -0.186952400609663 0.290605801647068
0.00831973711901504 -0.050752472869979 -0.346170530000214 0.124165237492654
0.0995202429820953 0.0166260597514365 -0.457294258218653 -0.0790065459444474
0.0753938556539739 0.136821268515604 -0.474266589889864 -0.177363409018587
-0.0817667765847536 0.164698784699794 -0.527124992876792 0.0496100497817227
-0.120552128159794 0.195037830441293 -0.34117769431312 0.112972209828603
0.0642345684480402 0.120289996285879 0.177264950534007 0.155075419939537
0.0776102342946169 0.00389525577262363 0.203374102293958 -0.282498006480015
0.0115830720649612 -0.0259478677967792 -0.150554961302091 -0.442801126612184
0.0222715212591042 0.00421651420156856 -0.427424265573134 -0.170550047631215
0.0291070123635793 -0.0212413303796004 -0.347442162770639 0.125092747815114
0.00854366171081871 -0.0220404364639854 -0.170246684328425 0.224198651643351
0.0155250730326858 -0.0385926693147621 -0.0442095256337264 0.236264159958802
0.00699671928038133 -0.0529930024185204 0.0332307904399089 0.269187343754906
0.0521577343237108 -0.076381039473678 0.00261897688045985 0.318208778357043
0.10394611977761 -0.0167251524752618 -0.134651833152493 0.325280096510872
0.100771481546369 0.0397967440058429 -0.311148484928536 0.197157421385911
0.0708677618200995 0.168078142307532 -0.44176455012861 -0.0135129575392428
-0.0790540942116654 0.2597984597748 -0.437610782467462 -0.135700877774428
-0.271426146765453 0.222173552351158 -0.447423923080353 0.0442040721905215
-0.282088419766561 0.205500420816364 -0.287458130197481 0.0520229422538699
-0.0634979181792223 0.247726577175823 0.20427922182446 0.168196625235921
0.0743682539915317 0.159586116006233 0.281644254752625 -0.262446935188371
0.126955190602559 0.0434728485965092 -0.0741825466996501 -0.48297091903721
0.137147188233854 -0.0164170471502279 -0.392765169743702 -0.224100648201438
0.104023912910363 -0.0938089503549704 -0.33979344429637 0.0705147860267808
0.0293339193977101 -0.110193491321549 -0.176283877374854 0.175996378926441
0.0257430537105815 -0.117381246100961 -0.0414970629647265 0.199964263188046
0.0238791806415075 -0.126034182969837 0.0531287415774231 0.228309579769882
0.113097969464604 -0.146295359945956 0.0685848920341693 0.285013286016736
0.205028218556504 -0.0458219229038816 -0.0353482046675343 0.341651575552626
0.208181684574483 0.0757166040271542 -0.227444780295776 0.291810784793304
0.104196326716311 0.289518576234811 -0.401441829983361 0.0893332116786933
-0.161157448455405 0.377166300633306 -0.397418377894933 -0.0883974742450224
-0.395671683861604 0.280189249875957 -0.324820762247959 0.0197996436549364
-0.410453651314802 0.167462252499553 -0.164550811220788 -0.00928107858017655
-0.218304957964301 0.324856096229994 0.254309510147542 0.174123474382561
0.0178846671395515 0.309341297259815 0.374736585098375 -0.207572605641025
0.213139717524437 0.146349056833697 0.0470523883309676 -0.483202573182408
0.243918398097716 -0.0105886196947464 -0.298571718907224 -0.280361290773846
0.17953035030534 -0.144658931721042 -0.294689000123608 -0.013384397564972
0.055062930216039 -0.183521229670234 -0.164829289370308 0.0942894380389382
0.0314981642819574 -0.180092271428914 -0.0315646981478736 0.135336013202461
0.0283226523273842 -0.178602922631523 0.0734303332944452 0.159802426856692
0.140922180452886 -0.199891664325693 0.136352440916306 0.220686981546677
0.266531002453295 -0.0889140866686817 0.0806417069299338 0.317480657015985
0.295928133750294 0.0668411597661523 -0.108814705145298 0.356577507857257
0.160509512520698 0.357278167295212 -0.326200099683706 0.184584219414756
-0.185111805149734 0.447110156794059 -0.348979389630081 -0.0516867965287742
-0.451908812840526 0.308780635533914 -0.182058314629853 -0.0266370133719297
-0.468745738334579 0.093583141746534 0.0140471922811517 -0.0581884869129744
-0.351524680176093 0.315527142578446 0.317632169046084 0.170524432715643
-0.0774848315622983 0.391584317471012 0.448635606472635 -0.121268820854478
0.23223893538321 0.243093035554375 0.184337077283118 -0.420988628627036
0.305551714169487 0.0180628746824785 -0.154992383176873 -0.310748486707702
0.232755828060528 -0.160535944349109 -0.212512643041987 -0.109573027953426
0.0758561930408527 -0.224065210605015 -0.137295393058223 -0.0078598611916328
0.0321989574612422 -0.218043801127262 -0.0180074454959811 0.0518393608141629
0.0253691802258304 -0.20651376227433 0.0918332620812527 0.073748818756778
0.144049605824682 -0.225415809729893 0.188080258650053 0.135917579423251
0.286076209583745 -0.119167031833735 0.181001374847133 0.257817270080571
0.335787551301572 0.0496023082801279 0.00712096505691856 0.372250147178631
0.185054662389593 0.374548298010115 -0.23530059404121 0.240691068054602
-0.192361964440368 0.444616010971962 -0.296061825477758 -0.0336421448941871
-0.448618265026472 0.282545005564948 -0.04085567076738 -0.0830225490543534
-0.431546315217 0.00813214895640169 0.210007578374908 -0.0870708621359085
-0.399933134005159 0.222667022466084 0.378574114804247 0.161983518407404
-0.163086870611757 0.368373424480137 0.484466333240793 -0.0235912708339423
0.186283366997144 0.281623882137156 0.29217027272463 -0.306904936867364
0.299036055111233 0.0458343973707834 0.003124531413259 -0.303650916270669
0.240076673714325 -0.142165907846189 -0.111347516285088 -0.196085527092523
0.0843836257486693 -0.224543747437908 -0.0980696458657157 -0.109820463068498
0.0289487418556324 -0.222226387783305 -0.00370257918790609 -0.0357677587779482
0.0202417853102185 -0.207891560206648 0.106254121790524 -0.016572595530219
0.133116481457815 -0.219818244604188 0.221918904193138 0.0481893603783188
0.273315912473134 -0.121602253214122 0.251133236511499 0.190168179922838
0.326057661281123 0.051149767145447 0.0953729987135932 0.357216263470405
0.153133892621395 0.360394880069753 -0.157754188092763 0.259082976596808
-0.207583289698546 0.374653086759013 -0.243166755432309 -0.0292936588075112
-0.403957134863947 0.197143608378153 0.0849762556763527 -0.126955211872836
-0.307095832662997 -0.0676334700117241 0.381435401495814 -0.0990669289999922
-0.345718590424665 0.0947519743014327 0.419328652848542 0.1520135456978
-0.187502117866971 0.260947126674809 0.481192740488826 0.0564388035564964
0.113190007882249 0.241599938190069 0.349490914765621 -0.188482148767558
0.232351965399569 0.0524267706824763 0.130393995063518 -0.275336102787936
0.197832177941313 -0.101149502811939 -0.0210737492494703 -0.261230679310385
0.0760345086979382 -0.183871612330914 -0.0610118480687783 -0.195454279829002
0.0238634528213695 -0.192603588728172 0.00930846567887649 -0.114009921089975
0.0178236354503321 -0.182798726010881 0.118807562039698 -0.0971512857748104
0.114866633195643 -0.188104493391348 0.244881631022283 -0.0260684132895447
0.236110897421071 -0.099831043873953 0.29944485162231 0.13384601372799
0.278755715140757 0.0718767427752176 0.147948903437697 0.336843292730339
0.0789433100337245 0.323372363922253 -0.106404540337331 0.260532931048696
-0.226095197275773 0.255377506527016 -0.196030475989687 -0.0259381416030542
-0.323147377129923 0.0703440156688398 0.188537902610844 -0.140200354898422
-0.127271664775689 -0.125130066255721 0.488079815900306 -0.105539223170363
-0.212294264378232 -0.0303334527809073 0.425305920871152 0.13652256507859
-0.14511257214701 0.123249489593456 0.461967235260819 0.0957228306233295
0.0462425118630612 0.145875930600891 0.369853422288118 -0.115643313355067
0.129282103871103 0.0359117074372463 0.200271243233598 -0.257536871823742
0.120500771010049 -0.0484207124057095 0.0309434815127598 -0.301162861661689
0.0532467691973523 -0.112996201754363 -0.0352594585495088 -0.251293626696321
0.0165536575539733 -0.132777045378284 0.0200006952404519 -0.171430821727077
0.0164191444046697 -0.132824230997963 0.130353945620868 -0.15734758032308
0.0875900679610609 -0.135548844802626 0.263758962990611 -0.0789259257389034
0.1784049598181 -0.0654335916330265 0.336495973730344 0.100501479463056
0.204457590827416 0.0906494508009932 0.179197011071064 0.327432447665344
-0.00566445239617437 0.255415951771194 -0.0818953040618599 0.263539213920654
-0.221480035000041 0.111173445512499 -0.160662691179519 -0.01875978484668
-0.205365453356526 -0.0658655360093215 0.261020104741883 -0.119512409167128
0.0512951299858774 0.13702791672633 -0.317514823484698 0.191294817412687
0.139859709583256 -0.0343957469230496 0.197825167340772 0.127259403890437
0.0305040373557213 -0.125148482723242 0.141050623396577 -0.300331776938594
-0.106612946499753 -0.0467043536941903 -0.212732905395421 -0.387903456210043
-0.0743064645222126 0.0456236124848214 -0.441136820165712 -0.102795449601978
-0.0258429552566191 0.0584859146622397 -0.323623461549222 0.171405493220789
0.00186500199139789 0.0646740106963529 -0.134344651173274 0.242731159506272
0.00641807898453789 0.0435635524242995 -0.0201084874332886 0.242715960500782
-0.0181735970100055 0.0328468504265418 0.0476737736789895 0.275107769157044
-0.038963818821665 -0.00186315299484357 -0.00975864311724836 0.32579988633818
-0.0229136587271786 -0.0186611183276428 -0.165384444943076 0.30971786542487
0.00346406773444061 -0.051230313944026 -0.343500603703514 0.149152698741879
0.10228414994592 0.00748732607513252 -0.473149480070607 -0.0439544059856981
0.0859457043446673 0.128959046764978 -0.493083220170736 -0.143129207786468
-0.0720355677961792 0.174520078070577 -0.526636148476665 0.0879176708918255
-0.106261020903126 0.206570744362732 -0.334260928994756 0.143483328332551
0.0742840094431355 0.114565471964176 0.197837376440793 0.141461114099811
0.077567770511067 -0.00234115209075961 0.185499550711282 -0.300089704334358
0.00797292993762826 -0.0259360681558731 -0.188351154764215 -0.433777106075864
0.022195711867906 0.00257679633766995 -0.448081795270999 -0.136059443535316
0.0276713092755826 -0.0236072693043597 -0.341121375973674 0.154541672544347
0.0081325921116101 -0.0229326569107422 -0.150950773876237 0.23901898111596
0.0123578978246838 -0.0408605039359434 -0.0220140754446775 0.24110047973944
0.0027886271124186 -0.0535787256225321 0.0606326133973482 0.266946479915354
0.0459099475849651 -0.0812899484821982 0.0323823856560083 0.321596205236303
0.103921859240438 -0.0260817035566401 -0.107946193635804 0.341669530594081
0.104443634164607 0.0327230375887928 -0.299980136229186 0.22048799877618
0.0857303337206498 0.162471390151416 -0.451718181933615 0.0215099494376738
-0.0588036683593553 0.266011619790698 -0.452095392101773 -0.104363858733964
-0.258918190843839 0.245970844755697 -0.44828193182994 0.0771599768611604
-0.269818349982236 0.230381736095675 -0.285704595817618 0.077241713544785
-0.0436861594916768 0.25382848574371 0.225582724125594 0.152562663294928
0.0865089804677253 0.155629073142199 0.266835987055457 -0.285511369119076
0.130931578063658 0.0343520609991783 -0.116162701007379 -0.48055058622756
0.136523847979546 -0.0281437143461243 -0.416831775936423 -0.192410718334165
0.0964387661009627 -0.103192088313673 -0.337754149073565 0.0991946292523137
0.0210403461729483 -0.112026087356934 -0.161977570050009 0.192968574639379
0.0153852441184102 -0.120976669480609 -0.0222319582516218 0.204057902098979
0.0136891945490486 -0.127663599972299 0.0775648769930644 0.224055415903799
0.10119274957154 -0.157229724166111 0.0961951581757165 0.281717730483925
0.203163006631327 -0.064457782909276 -0.00364808756261982 0.350485996861468
0.214946719614995 0.0595611015309075 -0.206432140860401 0.310595213640843
0.129629925867191 0.283244838077525 -0.403620633532337 0.122747177890694
-0.131807378076315 0.392401753191633 -0.408915754505935 -0.0586769457892929
-0.382120241830704 0.312720134153577 -0.325715526171815 0.0440754699231845
-0.404213753438315 0.20324683663889 -0.165719339594971 0.00495317439281503
-0.193620444999083 0.345692218690128 0.275480472313645 0.155709682822237
0.0421129755270937 0.311717028733985 0.365161593643833 -0.237437263229225
0.225808314719733 0.129809219016934 0.00859980495055683 -0.491279303055277
0.24460763587956 -0.0322312306835633 -0.324958944849351 -0.258155731822653
0.168028489488091 -0.161746717099394 -0.300182849321791 0.0112224013790335
0.0390515625608667 -0.186741198711972 -0.158769630820001 0.110635737158097
0.0151807705877281 -0.183961531189213 -0.0193401168726305 0.137865928834783
0.0133481681369525 -0.179931228111341 0.0930105523404723 0.153694682267457
0.124108200915453 -0.213651280213175 0.159346449882043 0.209666578932638
0.26062127576415 -0.11400384081389 0.111424993062756 0.316139023708061
0.301864944730956 0.0423325219728127 -0.0789062676678651 0.367220204962869
0.193400468770164 0.346197949066393 -0.318720178449581 0.2128067427836
-0.149081128983274 0.466703974427339 -0.357888210161525 -0.0261929985127855
-0.436411237817523 0.346306771711484 -0.186047245345173 -0.0128247502031429
-0.468563857737415 0.132964346415823 0.0106010494746122 -0.0592552606831176
-0.32752178041155 0.346773860423408 0.337449158486522 0.146712032368133
-0.0480189591642182 0.401517909873293 0.448386247739288 -0.155641792846983
0.254283385061596 0.226061145867987 0.152704345391454 -0.439084220092624
0.308788880467895 -0.00877500444960858 -0.180305156229648 -0.301468820451502
0.220394212085304 -0.183405503590631 -0.225449476119984 -0.0940092438515811
0.0568969281089306 -0.230212733366239 -0.14021579437724 0.00647688082211185
0.0134355026118988 -0.221824302440845 -0.0125590734603081 0.0521591677033016
0.0077699707862639 -0.207789291745669 0.103038395017945 0.0654704753375958
0.125089224292558 -0.239302157906894 0.204063425801928 0.119045315217422
0.277958415544507 -0.145376274962687 0.207755614650316 0.246944278254881
0.340601772461667 0.0218691907790734 0.0407378690405579 0.373928014758653
0.218558155533162 0.362625550155585 -0.22200931649674 0.261341641231242
-0.157008148450166 0.464437762225524 -0.303056987114063 -0.0120271926861981
-0.435343411769631 0.31879431959077 -0.0492200718531703 -0.0795301297025125
-0.438232191389929 0.0436829345494819 0.206393636068569 -0.104760952947811
-0.384935483220312 0.260104893378174 0.396941704881856 0.133551900441936
-0.134421698444268 0.386078815067814 0.490791697273244 -0.0592109287303261
0.211912264773408 0.267976945011395 0.271958200392079 -0.332061770418832
0.304886515406311 0.0194919207099268 -0.0195814586183645 -0.307465079611199
0.230257852063224 -0.165269187871679 -0.130875038289318 -0.189481817349027
0.0659823236186913 -0.231512571361628 -0.111153724426306 -0.0993116822575056
0.00871318863933004 -0.225347951340375 -0.00579728157144994 -0.0362158205265155
0.00237949121672878 -0.208122837771778 0.110089804879562 -0.0262272144701821
0.114936733805468 -0.233374367208156 0.229896152389632 0.0277232953500457
0.264906030833525 -0.147389103804253 0.27269980026767 0.173135212354991
0.33067946554323 0.0247208205549762 0.129111529992363 0.351744187212923
0.18534271130274 0.349649494078019 -0.140841691526752 0.273551672161131
-0.178849360873134 0.394552783879462 -0.250565646892036 -0.0113918869052027
-0.396069018706022 0.229180061862658 0.073653042499343 -0.133797940545934
-0.317741740302501 -0.0425987235479086 0.378386169061524 -0.130555145528384
-0.340290556055193 0.124681153079566 0.434974215746299 0.121917451526743
-0.167617821282815 0.279022835581481 0.49197666170913 0.0205698810265073
0.13502195799059 0.233414780374262 0.341073147601205 -0.216406029688858
0.236971605333501 0.0314483776475552 0.113018850107841 -0.290306858070689
0.191177271931971 -0.120884666231527 -0.0457902533910241 -0.262408791621976
0.0608450611326503 -0.190053972305019 -0.0809398787626448 -0.188643843293343
0.00558961599056778 -0.194997100039806 -0.000651526707766553 -0.115809201669913
0.00235122267610867 -0.183483303578621 0.11446601488017 -0.10878757187892
0.0988478550616654 -0.199144234002073 0.245936852318837 -0.0486575608804687
0.228841398848199 -0.121016271092904 0.317039352153296 0.112295671270578
0.284657753520404 0.0486832478195644 0.181627206489315 0.326556612088472
0.107870361462996 0.318068643465046 -0.0882432830676631 0.270855775019789
-0.207505864080502 0.276244690979488 -0.201800229241617 -0.0107982835622043
-0.323606492158766 0.0959332211619521 0.175967762066324 -0.155678937455571
-0.13996990256532 -0.115266578250723 0.483658920096294 -0.143851943649161
-0.216632179954158 -0.0130410361784268 0.440484212203788 0.106729836052673
-0.135473836309606 0.135659110158851 0.477175360892296 0.0609333040045059
0.059396609615064 0.14094188323752 0.368222912591076 -0.143581442858439
0.13206747602135 0.023610456583168 0.185195423708409 -0.277007514374461
0.118028693912573 -0.0608902726992675 0.00276074290083003 -0.307532986924776
0.0438051318661436 -0.11810732603348 -0.0605345495725687 -0.247968058777196
0.00376029801876544 -0.134644327358395 0.0052972586496822 -0.174632636682181
0.00457573888683378 -0.134139695591415 0.120765685185624 -0.170132800398356
0.0762913180552956 -0.144036248810917 0.260897669633258 -0.102032941163474
0.173441563593695 -0.0807519356650906 0.349819786725633 0.0751875454977208
0.212036823849917 0.0734041917267407 0.21020698542594 0.31571124403352
0.0167249475193467 0.257426045191788 -0.0634376904558173 0.272466905204255
-0.216543775942734 0.130827270378069 -0.165097275053984 -0.00578372613574201
-0.214455661610913 -0.0507422795525748 0.249797415587212 -0.140707039418007
0.060079294138546 0.132514102069175 -0.299719880614503 0.212276127164252
0.134554790539693 -0.043624453202236 0.209838624827563 0.109547271990791
0.0225967153154126 -0.12615390886755 0.122774423347567 -0.307988452953219
-0.108958727838924 -0.0377253536929141 -0.236081067614371 -0.369018624920855
-0.0704701682399924 0.0509747348847447 -0.44649829505314 -0.071304906924545
-0.0210048721904631 0.0593991987560247 -0.309552413362715 0.190949641873917
0.00791923203353555 0.0624123174768784 -0.115002823826411 0.24639036363244
0.00945682165316449 0.0413953616816738 -0.00220905881968386 0.240264812854927
-0.0145757230939119 0.0335308044606768 0.068197359555074 0.266789394606869
-0.038037256773451 0.0020396528331613 0.0158646389591887 0.324011980306483
-0.0235031560209489 -0.0166982929602144 -0.14351749573223 0.318814224113703
-0.00023161362696051 -0.049855147961464 -0.334421046368773 0.167093923655157
0.102110779251063 -0.000836564571374446 -0.476025903002483 -0.0129727103366715
0.0923478319090277 0.119973717241441 -0.495679160481483 -0.114525120766641
-0.061329719843514 0.179442651328516 -0.517689742713063 0.115538952491997
-0.0919335710284787 0.211605266034928 -0.320029930454188 0.16466311660125
0.0803504439406789 0.10807304480774 0.210459800992827 0.124693581832569
0.0761284260423839 -0.00718020691468638 0.167912900595083 -0.309248631920123
0.00555217585366994 -0.0253052983910694 -0.215064752203121 -0.416296595701947
0.0221041799949173 0.00159276392460369 -0.455592863537098 -0.103339383876178
0.0255890506047799 -0.0248798965860043 -0.327479078889915 0.17604017363901
0.00808059141926946 -0.0239295643396083 -0.131084811961519 0.245035338054058
0.00919348643545345 -0.0418301958152068 -0.00423834323875093 0.238664128028936
0.000300991447515366 -0.0532594988835493 0.0813352215010875 0.25691784396247
0.040085905746882 -0.0841796370826815 0.0563990628531748 0.315983699152068
0.101713628810927 -0.0330049233202819 -0.0832290181756645 0.347134748281553
0.10414470746967 0.0263139505406444 -0.28562936161239 0.235552249744526
0.0955611920655763 0.154430036895092 -0.451245138421723 0.0500307728540642
-0.0424594618597698 0.265813410409321 -0.453690197671024 -0.0768733755686302
-0.244916477858058 0.260031286121182 -0.439372469299408 0.102250442408173
-0.254120398469411 0.246094795701836 -0.276756411655385 0.0957491208854304
-0.0255878802694547 0.253692437164405 0.23783166294878 0.135436227776168
0.0955208394959027 0.148733423997082 0.250442163404396 -0.29890244933599
0.130453757968979 0.0262873819199713 -0.145496180919217 -0.468825051042601
0.13300167395622 -0.0371783111346572 -0.426926339540078 -0.162604586476982
0.0877863026535017 -0.108879236847238 -0.328260800316685 0.1210163400916
0.0142576039119398 -0.111940091409464 -0.145079433098145 0.201886551652088
0.00715194233616117 -0.120325569607443 -0.00683192081308134 0.202074251484052
0.00545739610291848 -0.126125329724381 0.0957072615763897 0.213579793971752
0.0887346428763143 -0.162724425322143 0.117348329914875 0.271850335666322
0.197307502135144 -0.0785924996898015 0.0229853575506217 0.348972049802118
0.215026101474844 0.045030000409851 -0.18540052997913 0.318947762821372
0.147015705887215 0.270974664873889 -0.396246228443831 0.14654721971679
-0.105299723959139 0.39519556194939 -0.40873283921877 -0.0341439187670701
-0.363210394288682 0.332309150681918 -0.320954013537399 0.0620958990606225
-0.390077375464229 0.227422592128291 -0.163069859918335 0.015833023333208
-0.167733632135684 0.353926108280665 0.286120197065434 0.135702297835125
0.0613873638231849 0.306087696391665 0.35231285610703 -0.257278833911031
0.231075627557777 0.114426868514049 -0.0239306834832573 -0.487127268069481
0.239495875798943 -0.0484672568778113 -0.339757114125228 -0.233811637305143
0.154640243712359 -0.1728341631097 -0.298267779765717 0.0302942859598449
0.0276683205282476 -0.185663858422293 -0.149318308789464 0.122026603636495
0.0018660568733369 -0.183086574469594 -0.00843281913149173 0.137055482450797
0.00163891936629208 -0.177261401485267 0.107286364919055 0.143092023123045
0.107577384257126 -0.220041732904617 0.174044953772386 0.194996248757568
0.250422725545916 -0.13106431804678 0.136021698390532 0.307051188395923
0.299721674570937 0.0223588240996293 -0.0540830792324944 0.365927533392638
0.214457838245384 0.329580587678476 -0.306118342999567 0.230404694493167
-0.118628412945428 0.471114070166504 -0.356941046648891 -0.00504970304989309
-0.415672754822516 0.36826029129281 -0.187187164701106 -0.00129482996887211
-0.457567718996615 0.162326094028731 0.00722059830900032 -0.0602628976572514
-0.30146845270588 0.365408248088523 0.345107469007282 0.124488945775125
-0.0216623383384872 0.402632293305763 0.439443018529796 -0.179672373672212
0.265118185447427 0.207261620894787 0.123535951634774 -0.443868920962839
0.304965779369824 -0.0299772115050876 -0.197475492613055 -0.286704285906654
0.205115937091957 -0.197205551943678 -0.231248585474978 -0.0780554088261422
0.0416100948608384 -0.229740531447246 -0.139071296666031 0.018175431977057
-0.00333087677658635 -0.218939999197199 -0.0083966508444372 0.0518879612047309
-0.00526776271677761 -0.203009358593536 0.110989290217871 0.0557366787116379
0.107162863931266 -0.245105112895245 0.211575605439529 0.101925245534441
0.265188811078727 -0.164268885561309 0.226298961362994 0.233067381490301
0.335673699154007 -0.000416061363433463 0.0678693321964254 0.365852141065802
0.240882957084851 0.342418415849575 -0.20648171400468 0.272360069957996
-0.125926025930278 0.470084442484509 -0.30255393672823 0.0056441889879878
-0.414955678727023 0.34124347482661 -0.0554381986638418 -0.075994750932263
-0.434436538265817 0.0734497910020067 0.199557026977501 -0.117085950736564
-0.364158698646026 0.281888634559858 0.402525842353702 0.108230790201787
-0.108879930583951 0.391763759477122 0.486322286013148 -0.086874776148799
0.226785002980657 0.251191817732894 0.249863799169075 -0.345087314655847
0.302530516175222 -0.00211076330769972 -0.0371441576225745 -0.304156502539978
0.215787000860508 -0.182061947113772 -0.144360828741355 -0.17916270137162
0.0497948456857569 -0.230915708583658 -0.118256997909458 -0.0878027153127802
-0.00787845567778538 -0.222248883945832 -0.00792119440844554 -0.0357449897174963
-0.0112325213419421 -0.203671288841871 0.109732450702114 -0.0354483163380244
0.097959133719818 -0.237661394386401 0.230840912973244 0.00977229827789318
0.251251818867389 -0.163728801812564 0.285841104723247 0.154196084056524
0.32633081458474 0.00243048687781867 0.15288750263916 0.337380659155518
0.208307610328399 0.333171283424873 -0.125689596148662 0.279861163445162
-0.151603338252409 0.401748742446271 -0.250654878760116 0.00356723400633235
-0.38122371554178 0.250241012168081 0.0616806183190571 -0.136157482515302
-0.319282302139779 -0.0214797038336984 0.367014558169246 -0.15265968223212
-0.329476362018383 0.144869054010824 0.438169030008051 0.09550325969405
-0.14703874390557 0.286962657624214 0.492260029652152 -0.00792949878110445
0.148828051670037 0.221125953309453 0.327471879569835 -0.233401419561355
0.235745578705611 0.0138722894554165 0.0959178278384483 -0.295600447881522
0.180420660289941 -0.134772171149132 -0.0646990322305821 -0.256891996605597
0.0473088005984402 -0.190760563189166 -0.0946353926061453 -0.178717869158278
-0.00907179726375715 -0.191721554800346 -0.00855667545302908 -0.11429106683677
-0.0101489747858844 -0.179107746981067 0.108497086090529 -0.11564829288064
0.0843907338765112 -0.203270572004269 0.24144444574041 -0.0655568295699411
0.217762777158894 -0.135816998404873 0.324198337066249 0.091848219429025
0.282690441590218 0.0292192655220577 0.203090108718581 0.309346302436018
0.12891259859972 0.306416710899465 -0.0731286262487472 0.272654139176181
-0.18947887137207 0.287414921581321 -0.202556584475465 0.00132904325038738
-0.317890864361534 0.113875283425094 0.1613560148509 -0.163932781425037
-0.147506834685068 -0.105043114415518 0.471359538796946 -0.172026701561973
-0.21604646932869 0.00150540611972698 0.440910775486231 0.0817490520167275
-0.124401556637205 0.142127937934922 0.478893239710963 0.0325613415248109
0.0675942823661536 0.134314475748172 0.359452576285639 -0.164055511483131
0.130425592013966 0.0132740053873887 0.168021014733922 -0.289053163127631
0.112040584928724 -0.0701519562839875 -0.019896931921831 -0.30546287700485
0.0359412830869209 -0.11898969400847 -0.0782256170374732 -0.23744188069872
-0.0067968726301082 -0.132452759078164 -0.00661208469791482 -0.172071040353013
-0.00452515385426479 -0.132061938529675 0.108467061315475 -0.176611547537053
0.0654733733074547 -0.147559017899374 0.25169050688869 -0.118142807271894
0.165144525113167 -0.0920825441255004 0.355155099327841 0.0520007519908758
0.212736878197716 0.0583241093332501 0.229819892367334 0.297686684593465
0.0351206173921118 0.253089157737918 -0.047005256076915 0.274122571745585
-0.207778183597995 0.143382208859934 -0.165881421658193 0.00553434150158036
-0.217190144820942 -0.0372255648709568 0.235364009480718 -0.154080541326999
-0.000962963744072111 0.150352724604196 -0.343725856613727 0.070906898171499
0.138091758650117 0.0145412271678738 0.15545029803432 0.17385892378509
0.0704875675517099 -0.107657641430436 0.22941582536054 -0.238571839263992
-0.0826285070668956 -0.0746964515048938 -0.0806002941992884 -0.428696883927881
-0.080180370083932 0.0215456504537418 -0.382814552724849 -0.235022423336139
-0.0400779888562689 0.0453321124409325 -0.355571385696444 0.0567064594064335
-0.0147559283394328 0.0577228742884638 -0.197095214145237 0.178949626719092
-0.00579728349206325 0.0416901269783394 -0.0920435170449513 0.217631546292539
-0.0232440498224342 0.0259710570134442 -0.0366488732603504 0.267980826502063
-0.0330526123793015 -0.0107653260972833 -0.108791707154114 0.305566615246841
-0.0125919147851241 -0.0197934034153806 -0.254104045340892 0.234220881335882
0.0167873933239529 -0.0401552735492816 -0.375909238996348 0.0173612825993072
0.0920047755890445 0.0403251523915742 -0.429627491555405 -0.194785542900346
0.0344860183241625 0.145047619628708 -0.413494996740928 -0.289088732428269
-0.128525086667387 0.152388333808379 -0.529330504199001 -0.104095271619642
-0.17860592376003 0.158419518397558 -0.33173138718494 0.0338882925363137
0.0279650634178663 0.128913072722818 0.157170059131737 0.192567022393672
0.0726031583666277 0.0225582445492135 0.280954230447106 -0.222944375679322
0.0135641345522076 -0.0179197706852255 -0.0411168319933831 -0.470612382380936
0.0227022990013638 0.0128466661801219 -0.379682232359846 -0.273156190918357
0.0341243918568515 -0.0128597281745743 -0.368640060856921 0.0326360351716512
0.0181374166906384 -0.0187104744558062 -0.21316821559997 0.172110493467833
0.0251491678393463 -0.0354901823285783 -0.0935011264693172 0.215242449057463
0.0225454966244895 -0.0478867933938015 -0.0191756103460537 0.264855673392927
0.0696598182465173 -0.0623690314953845 -0.0653451620283794 0.314725156173067
0.109425189259423 0.00901812329904849 -0.207675045236083 0.284821844133886
0.0859567756531559 0.0680053283349159 -0.355846445866532 0.101076839336775
0.0309114591901946 0.184242698773629 -0.434488678886466 -0.126833238023078
-0.138592149639269 0.232513374950738 -0.399444136179389 -0.243540695563628
-0.32882215500386 0.163876624073154 -0.452050016236245 -0.0965263014161674
-0.345042215644708 0.121505309056012 -0.257837541446915 0.00331202368072884
-0.127595692624717 0.216601725839662 0.185343016070973 0.219321118422162
0.0274493173548712 0.173170561286776 0.364254051188754 -0.180208861320425
0.104015651939922 0.0782055229996999 0.0486459566516488 -0.499444103692373
0.138089245846828 0.0220383642134053 -0.330190108890764 -0.321773239685706
0.122911997257305 -0.0647174968088158 -0.34858704619206 -0.0226027362288453
0.0570716423223368 -0.0948369278000729 -0.210849620032215 0.127935300132428
0.0517858989218765 -0.108155426321557 -0.0816221810224317 0.181595370142181
0.0539708656228037 -0.112066025389601 0.0127296419091848 0.229933089604035
0.142654031436657 -0.117861925844607 0.00948236644214452 0.296867641252051
0.215091303567939 0.00053715347958279 -0.110082763940472 0.328325969697335
0.182186329966169 0.125168881991757 -0.293520329608104 0.218877867643183
0.0398076510834955 0.312475597343143 -0.424481931939612 -0.0160408193233277
-0.241957271150057 0.331925444782395 -0.382025308943195 -0.187965549179398
-0.464180044158788 0.18882483368648 -0.329236689673167 -0.0924095705481359
-0.46379965639004 0.0462217845708068 -0.121413475712431 -0.0117792848979183
-0.296827922577009 0.248964820194057 0.232384166943869 0.248331212533052
-0.0668275942056324 0.304520454361742 0.452905336890361 -0.096377014060092
0.158703876234337 0.198586755161436 0.177499166242585 -0.472780595631076
0.237797186494065 0.0543138564345137 -0.220531819465253 -0.360195018783207
0.207066772449586 -0.097017201819743 -0.286768796498471 -0.097357366315053
0.0965045551925425 -0.156498142410085 -0.185337411088749 0.0523012226781148
0.0698919591789938 -0.16671268553038 -0.0590516352306405 0.120621534355351
0.0692322309145069 -0.160539302315485 0.0511313348954882 0.169377263484464
0.180581305400088 -0.164079197534216 0.092502586638472 0.246681910676062
0.283276828323226 -0.0312496283636406 0.0108263530291008 0.334063065525388
0.270555683107647 0.133224397705601 -0.187998353642256 0.315826512374984
0.0858822216341295 0.391471706221289 -0.374798695934775 0.0968929869771206
-0.279533756352883 0.398527585652984 -0.35070689201397 -0.140988925891455
-0.52482846078562 0.201311487869528 -0.182936084700499 -0.101666039211164
-0.50031838402265 -0.0453352248985403 0.0588570374114709 -0.00595262506735428
-0.421489176869437 0.20413827913162 0.289726590291739 0.268850825623395
-0.180924328134435 0.358709862056281 0.507259881008815 0.0160246707323901
0.151515572326956 0.294689343897501 0.305566168917477 -0.376091367099018
0.288466636717279 0.0961405611910905 -0.0653260614606744 -0.357357782305325
0.262437900419314 -0.100826762692836 -0.183701316016262 -0.173479525573218
0.125986143824255 -0.189742555449655 -0.137587654494349 -0.0390311775617965
0.078464264527865 -0.201727221769319 -0.0275058539852746 0.0437751383961453
0.0719488302461424 -0.186402926218682 0.0877199014569781 0.0912623457178528
0.188005846451879 -0.187588068603616 0.163042179201661 0.175116800929818
0.307869420009043 -0.0576399157026891 0.122484495814232 0.301627100878705
0.311765655462289 0.123214856812755 -0.0757559078818527 0.363653650553141
0.107305126960689 0.412417391023675 -0.301490555796156 0.173858231018207
-0.284211405094911 0.395838615524242 -0.306539113415265 -0.111677741381676
-0.512368625110736 0.174769458948672 -0.0327075118748037 -0.118277943780292
-0.43890886285411 -0.118540824209657 0.246970753646225 0.0160163485959317
-0.445155568038163 0.103711521872574 0.341297195714368 0.279176815117508
-0.25598563728882 0.312956613987929 0.512236875166734 0.12464169906477
0.0994152504295618 0.317732132856027 0.387912695620003 -0.231671049316124
0.272689451580887 0.120359640027627 0.0912461931446914 -0.309275051798211
0.266005648385791 -0.0821807206238787 -0.0644127107036258 -0.232579670639157
0.133214230189721 -0.188525331758147 -0.0780042683269435 -0.12811270616099
0.0751340209629825 -0.20644625096371 0.00578869442776101 -0.0360215337458362
0.066094133098106 -0.189270158859438 0.120247180268503 0.00799854780290076
0.176120731756146 -0.184459853264464 0.214687117895335 0.0984259844888678
0.294355490669242 -0.0633838565022191 0.20591517143293 0.253480710520418
0.302893528983805 0.122056481503766 0.0149789729271836 0.372036691926394
0.0810589283802089 0.390468001451579 -0.229741100772907 0.211459317441562
-0.285222756677752 0.321493017915213 -0.255183439160455 -0.094743944486765
-0.446835000663974 0.099846088048651 0.101788805030171 -0.125049119751834
-0.290836974096505 -0.158499326382768 0.401907552608527 0.0393614084114691
-0.357036189011694 -0.00687134352131268 0.37073213580477 0.281121930716062
-0.248602740748539 0.201859913111554 0.478351203090159 0.201608014338519
0.0421502491802352 0.256828729099078 0.414062420086308 -0.0934772264013314
0.204636164317168 0.107920699470049 0.210990308188945 -0.245991022389716
0.215519144339803 -0.0526485819275498 0.038933874647347 -0.270544582115968
0.116553386178369 -0.1532811026922 -0.0218142865487613 -0.20153127501362
0.061780570684168 -0.17910344155606 0.0352496602713937 -0.106977660341359
0.0572085289280913 -0.168385946152735 0.14807915632508 -0.0665181132351006
0.149990320367028 -0.157616361610752 0.2527206803998 0.0326431272163756
0.251820823216977 -0.049757797698594 0.264751468774384 0.21069839687807
0.252470876780004 0.129487441892133 0.0700163470700928 0.366625395205963
0.016751690849727 0.336938253993163 -0.179080786497524 0.223512841068964
-0.278881940231454 0.202147740560835 -0.204697735382162 -0.0809936625809459
-0.338626118672093 -0.00666024980159843 0.209981728566571 -0.105756463326195
-0.0934942271529523 -0.161826961825931 0.494847529621183 0.0465194249644678
-0.195991822671891 -0.0893890433169954 0.371282111959141 0.262703757274933
-0.169075607494256 0.078658426576071 0.439450303783723 0.231141551204494
0.00511604579430994 0.145803353068235 0.411356845375108 -0.0129947165310456
0.10899852899366 0.0652522708132973 0.273485135128147 -0.206048907005529
0.129043421245212 -0.0207439574455711 0.0992269993575095 -0.292488041178155
0.077956975359324 -0.0942251189374229 0.0168245764612853 -0.249983759005569
0.0415913701931494 -0.124244685628115 0.0584965158166409 -0.159019864626142
0.0438800695263751 -0.123849067392565 0.169847571861837 -0.120609446680879
0.112733116102826 -0.114502321371149 0.281790199197314 -0.0117108876605282
0.187604311993426 -0.0285686703393284 0.306188194365853 0.186399857645236
0.17790315802958 0.130632489736361 0.0980274438795321 0.365641269787073
-0.053041708118758 0.252794849388027 -0.154895315103114 0.232232014093794
-0.246136135853579 0.0634004090263478 -0.16711418206709 -0.0651918695848386
-0.189638982280086 -0.11363424697455 0.278786153271491 -0.0605285149120687
0.00536436467499265 0.151785400797068 -0.341714940587077 0.0866795973229146
0.139269337930231 0.00878418082611609 0.167557376298115 0.165851435912107
0.0670941423385429 -0.112060095638383 0.223891413532967 -0.251366968890058
-0.0865529505439576 -0.0704950985289438 -0.0976906177942718 -0.428114375123207
-0.0798748965372151 0.0260512288034389 -0.399308913709486 -0.219000519706663
-0.0373899752078463 0.047224001444048 -0.356807658783957 0.0725779275577416
-0.0111267593355152 0.0567295774758608 -0.190288507605077 0.185342206097305
-0.00281307318886224 0.0408553487174539 -0.0817366271568017 0.221925366701693
-0.0203368153454377 0.0260953078308819 -0.0234044832614435 0.271126812061368
-0.0335041896460416 -0.00844106124708493 -0.0930738121286809 0.314163177585778
-0.0131596967311283 -0.0191762633236225 -0.24659763761054 0.247729377156048
0.0144956100810054 -0.0398601129715443 -0.383330697051931 0.0290644982599536
0.0946641443669521 0.0352547250514627 -0.443566499204678 -0.179005528188675
0.0398449086189071 0.143378477825897 -0.427017655579874 -0.27907641228314
-0.124389183583372 0.161028704901229 -0.536621339304821 -0.0891440984886091
-0.173622191044952 0.167791997201336 -0.331722586860151 0.0479317811894574
0.0332635255451997 0.128089976956537 0.171068173888706 0.184572017260089
0.0742510458334552 0.0193764259285374 0.277494391656865 -0.236583225650664
0.0123673280715631 -0.0181993751765553 -0.0601320502813687 -0.471275836203801
0.0237344706864317 0.0126101514848585 -0.395673893699203 -0.257338210306215
0.0344737660564123 -0.0146093781417276 -0.369697419545247 0.049543978894841
0.0183649971857017 -0.0208373662369417 -0.204585192599219 0.180481306026666
0.0237828962968874 -0.0368316327538912 -0.0820245725323571 0.220185592615636
0.0212058084170813 -0.0480189545840505 -0.00470939907752089 0.265275400765543
0.0675072915273747 -0.0658170975941613 -0.0475426274490405 0.321790345423918
0.112466377478297 0.00422513339172133 -0.196941337276556 0.297450513758745
0.0881106985366199 0.0667585262254333 -0.358249114764408 0.113818904040911
0.0392589889286663 0.183140268644622 -0.447181940236842 -0.112279949239759
-0.131858807700323 0.238995252318773 -0.410770968071718 -0.233379207125755
-0.327536550539633 0.178469122103377 -0.460224402125292 -0.0829648998563228
-0.343493082458128 0.136488485025802 -0.259357699894745 0.0134923898711173
-0.118910548345467 0.2227976973099 0.199638931370235 0.212159409847846
0.0346753128844856 0.173725752200246 0.364684472011639 -0.195794750954123
0.107646126109626 0.0745399133363519 0.0288675569782054 -0.503611195935678
0.140046916221406 0.016357427450976 -0.346791907123836 -0.309308648957784
0.12010311752658 -0.0713776397940418 -0.353759808807464 -0.00637562877487054
0.0544142635689483 -0.0983429136625301 -0.204020930962745 0.137382456539973
0.0471820520245117 -0.111187854999289 -0.072430035078517 0.185712974597371
0.0499510438979199 -0.114395453430004 0.027313612549166 0.229356946830663
0.138348304072402 -0.125678463217093 0.0261580947942658 0.299101722475604
0.218493684381767 -0.010851041542881 -0.0949164428025692 0.338094053518243
0.188257674717091 0.118794527325398 -0.288440620330717 0.229790037731316
0.0539713789442801 0.312569258733535 -0.43261599155518 -0.000360919369637573
-0.230592312741866 0.343474384751453 -0.39213988429333 -0.177623826360628
-0.465101877080316 0.206962349044435 -0.336444548710308 -0.0820655032311213
-0.468579111405268 0.0663713663887313 -0.1232294220296 -0.00734415337424784
-0.288035996862242 0.262159499744129 0.247543922435876 0.239525989691419
-0.0547107180831279 0.310898318523832 0.457184811738774 -0.114275765894396
0.167621219506056 0.192667948204006 0.159706423855484 -0.482089698657085
0.241828048849387 0.0434913912052984 -0.236554565461611 -0.352183058630653
0.202823378066434 -0.108510491300576 -0.294649799990187 -0.0850075808556431
0.0914397048514473 -0.161059834439563 -0.182851186987577 0.0613541789086803
0.062346374376503 -0.170598149226433 -0.0531465813337473 0.123793980172774
0.0638056231648406 -0.162066850119653 0.0629145763454409 0.166262451557949
0.174195764255732 -0.173750682439968 0.107387425931061 0.244601026577985
0.285117776154218 -0.0459100109337502 0.0284935591386012 0.33911104809861
0.275788064815569 0.123639097348519 -0.1773214087494 0.323798212644808
0.103481342555541 0.390645945797572 -0.37817806467044 0.110497202210588
-0.264416332487099 0.41340700883403 -0.360823672558363 -0.132581588024875
-0.524484992867748 0.223095031093909 -0.18964395170826 -0.0964649346549063
-0.508944671135478 -0.0241736761620919 0.059050582795689 -0.00918640464422523
-0.416638796438483 0.222124734780225 0.303557726474229 0.260249479949413
-0.168106521450988 0.370144729261711 0.517035058729522 -0.00156451283163789
0.165384085113076 0.290484345495129 0.292751921569664 -0.389381740590968
0.294535741966951 0.0836749646323889 -0.0804981733483804 -0.355954674291946
0.258760915856905 -0.115416771371908 -0.194713987763249 -0.166144840545213
0.118518045565048 -0.195669445360286 -0.139935648059196 -0.0314692249830875
0.0683160874806063 -0.206049803371482 -0.0258454515274196 0.0449971516460058
0.0648076510813206 -0.188844301053171 0.0961841784922159 0.0856388554530072
0.180381145342608 -0.197772508021321 0.174173444752057 0.168638117118992
0.308256069388206 -0.0735571305953565 0.140829297288783 0.301825380043934
0.317845294933937 0.111090854508835 -0.0599445097752041 0.367315807529818
0.1276222702271 0.411182059187491 -0.30068309722039 0.185844245140085
-0.271408111423352 0.410270007728927 -0.314896995739121 -0.103553223258799
-0.514348284329003 0.195109688729954 -0.0399068402627484 -0.11847534633296
-0.44974241389583 -0.102006227179107 0.249071434388141 0.00620926072236205
-0.44402034962974 0.120986972552913 0.354651662407282 0.269988000058519
-0.245676386392615 0.326881166085411 0.525435127094636 0.108402355185987
0.1134058473217 0.315090616130839 0.382019983230933 -0.24559636299922
0.279746299273052 0.108093184898899 0.0813152440854489 -0.315888071759655
0.262348429933515 -0.0969323436958913 -0.0770491972162112 -0.231702898075214
0.126220621622781 -0.194993096456086 -0.0853975144217836 -0.123417680602481
0.0640407539739578 -0.210315725405962 0.00346996692899139 -0.036044560248374
0.059162240842398 -0.191347293262605 0.124459473254151 0.000308535775876236
0.168539227882246 -0.193815598703564 0.222881568160666 0.0890983451355414
0.293588383294882 -0.0781516906750803 0.223400078599014 0.247987767748443
0.308174700194221 0.109135597640923 0.0316893264416605 0.37304200876312
0.099442382786126 0.38870708977644 -0.226110924231536 0.221158520893961
-0.274764422646267 0.337415820807406 -0.263619629144101 -0.0878547194816445
-0.450939949727779 0.117023170344361 0.0953247721616884 -0.129445239640345
-0.301963550346558 -0.147166456013702 0.406891772649101 0.024595146014076
-0.360253279633135 0.00700505491815725 0.382755486787967 0.270190134231761
-0.242418166757561 0.213885720813826 0.493815263179909 0.187616873284606
0.0529585947771476 0.25672802145675 0.415586843584865 -0.108773371056525
0.20992133037883 0.0988365431729764 0.2050852499408 -0.257660751829274
0.213888277702918 -0.0654532424896733 0.0256806990083698 -0.274793385468052
0.1096630196849 -0.159350837550509 -0.033113096925855 -0.200428640228979
0.0522145289909591 -0.1814644269821 0.0302765186034338 -0.109473729358677
0.0501904446605824 -0.170243755973435 0.14797295859966 -0.0754392399726732
0.144151032470241 -0.166227170705728 0.25759039923307 0.0217657069197284
0.2514672771497 -0.0620857515953003 0.279681836381431 0.203037791663125
0.258266267462364 0.119402636741733 0.0887266110079906 0.364825917191954
0.0324712026041281 0.337365316675094 -0.174461408885093 0.231828536812493
-0.274106445913325 0.216018527179595 -0.212930723840323 -0.0748079770033437
-0.3440693937608 0.00605939671003236 0.204742528448351 -0.114359309487837
-0.102872258666084 -0.159037231299194 0.500077217044895 0.0298355085334689
-0.202260326946551 -0.0825093928865425 0.381958238586494 0.254053441562779
-0.166089811234311 0.0857666755148521 0.453198290190734 0.218026782804317
0.010920341979166 0.145434472928425 0.417471818978924 -0.0252533824630405
0.111405796462393 0.0605604180732835 0.270509041517166 -0.220380524102524
0.128108750610215 -0.0281270500039338 0.0844504036520135 -0.299722992788346
0.0750038423001208 -0.0981455626871075 0.00330754160419881 -0.250466158064341
0.0343080417921655 -0.126185058868092 0.0512589668119408 -0.161685416859922
0.0380799013589741 -0.126375711138867 0.166332123001224 -0.13028802643826
0.107886490874016 -0.121012590701098 0.283720516198635 -0.0222130672586431
0.186914069653943 -0.0376379305825052 0.320203451578374 0.1767597655382
0.18475181235116 0.123154100887683 0.115468629008631 0.363971054509835
-0.0403702397642977 0.255984933519311 -0.149571437231674 0.239224685651652
-0.247200714061805 0.0744593542702766 -0.173915138673945 -0.0601467131996251
-0.198198208127681 -0.107660399958895 0.276529327787541 -0.0720698941990158
0.0140904125922971 0.15440253685126 -0.341104552287526 0.106102646637738
0.141276419246192 0.000117680471428879 0.182191090342189 0.15627929789424
0.0621153736810981 -0.118567116871039 0.21539197596272 -0.269614758881548
-0.0921357551713691 -0.0654257080545142 -0.120333569713636 -0.42993380966527
-0.0786571966238488 0.0320864254738214 -0.420255074892946 -0.198465102951638
-0.0347004093030671 0.0502946931543997 -0.357995601898889 0.094850042550295
-0.00750002962085212 0.0566930326400067 -0.181506116339128 0.195754975361992
9.87587912979655E-05 0.0406022348322686 -0.0690938031317334 0.229153768644256
-0.018026486057137 0.0275985521015495 -0.00486573671680496 0.274956825510866
-0.0336696152633264 -0.00591661630289141 -0.0730051428985674 0.325784696604229
-0.0140549924900948 -0.0182776231845912 -0.238197821296811 0.265828187992441
0.0118231946405875 -0.0395630020429494 -0.394049523334871 0.0484537037862061
0.0979736114949082 0.0289578999892637 -0.463591440966611 -0.158737711203361
0.0470820087420841 0.142442522054559 -0.447897096696883 -0.266961396340764
-0.119003862945161 0.173058085774345 -0.551255916047707 -0.0662357304092206
-0.168454658862816 0.180849255845322 -0.333270803604762 0.0669056818508408
0.0409782110121651 0.127293951699837 0.187217055813847 0.175554020456967
0.0763550271960043 0.0152770486619281 0.273334933164173 -0.257508467570847
0.0106655429948755 -0.0178891020446757 -0.0856931319952054 -0.474766838051935
0.0249170657404154 0.012030043748636 -0.417855947728695 -0.238839263017629
0.033971256809332 -0.0170524167263913 -0.372318379887284 0.071891411159951
0.0187455476973578 -0.0236177629563254 -0.195852624748827 0.19227756436112
0.0226657350240885 -0.0397629398925519 -0.0704845623651379 0.226953778186288
0.0201420325415159 -0.0506067731325181 0.0141307300884666 0.268912439265961
0.064768055773096 -0.0699240417079452 -0.027233968359219 0.330047187951828
0.114962117174265 -0.00291509510838996 -0.182480672619785 0.314736030398039
0.0923310117963503 0.0640493609638157 -0.362820767465717 0.13229429852369
0.0494854976237015 0.183002594007572 -0.464372433696361 -0.0899769858617071
-0.122665080502925 0.248421827797182 -0.429422310103567 -0.219555632485167
-0.326845315745732 0.199848887808427 -0.472599054280421 -0.0636722079956657
-0.344106067647361 0.158995081122977 -0.262600651385744 0.0270098111416347
-0.108161205879531 0.232009671562365 0.216790791635835 0.202740614175663
0.0452811598380187 0.175180472466681 0.365067243836607 -0.218400938391048
0.112042346464461 0.0700160463555984 0.00239943985336727 -0.512482765224602
0.143067491090573 0.00904868823603571 -0.370162603114711 -0.293955047173008
0.117382188662688 -0.0801269361470829 -0.359323701175556 0.0147844347239656
0.051229233680545 -0.103682985494036 -0.197674295064176 0.15074102563243
0.0418562322463788 -0.116075197903467 -0.0620440543827783 0.191562202837193
0.0462883147060299 -0.118272214740598 0.0441675524040101 0.228674243209557
0.133160861078221 -0.135796520416174 0.0479878320149104 0.303172091843774
0.221450676810886 -0.0246634609965457 -0.075038196709759 0.350154636598958
0.196622636989382 0.111635325059827 -0.284519950869947 0.247307073052828
0.0721545713474057 0.314691602915603 -0.444852633886951 0.0221702160682494
-0.21714151421432 0.361826731114868 -0.409070958483495 -0.163966165029313
-0.466231969756119 0.236487487995673 -0.347537434505093 -0.0687024388811983
-0.474229669429181 0.0940842442983834 -0.126038221205598 -0.00215263684952689
-0.277321272379354 0.282069666463559 0.265511088356596 0.230088129318277
-0.0384279018467975 0.319896859700524 0.465171835610296 -0.138915636611073
0.180409691902662 0.187390253739932 0.138086627735686 -0.4959833237333
0.248740292844366 0.0294421477536108 -0.259870534529962 -0.343997992410095
0.199093944458016 -0.122500931393007 -0.304542750996917 -0.0684796640061141
0.0843913824089593 -0.168758645788298 -0.181124957520438 0.0735833357081579
0.0529556361021442 -0.176068095425148 -0.0456240177096687 0.127510933250286
0.056029388339312 -0.166919260145521 0.0766174094821425 0.162081240900397
0.166451829198982 -0.187134151284831 0.126470097347241 0.241771612322491
0.287378944657867 -0.0645911281774921 0.0514770536965575 0.345005477772557
0.285566575805053 0.110129356339256 -0.163572132194348 0.336366301541392
0.127559291446401 0.390584917346103 -0.383992589438745 0.132242833940196
-0.248352144885876 0.435690832396279 -0.374863746148446 -0.118805641389116
-0.526920329382017 0.254861368031999 -0.200007442158585 -0.089303316038522
-0.52063788420243 0.00430054345321855 0.0579343884803355 -0.0135977398542825
-0.409152676394012 0.24814391771968 0.323292713996725 0.247815093523823
-0.150265544137451 0.386660505675452 0.531334650016341 -0.0273818189736213
0.183579812776366 0.285395836875988 0.278535154615714 -0.409192828717264
0.304116198681954 0.0671849957183548 -0.0986705741216181 -0.356791379540702
0.254002389510823 -0.134096775748902 -0.207820238307337 -0.157478062176327
0.110044154198848 -0.205576836372027 -0.144147473555529 -0.0227081861503528
0.0564387077106304 -0.211346705209623 -0.0232126132065678 0.0473660205940228
0.056530047145807 -0.193125992104726 0.105199427204254 0.0781922192876445
0.171996041190903 -0.211746260734718 0.189945830552851 0.160705244711465
0.308439238318141 -0.0936074987980581 0.164944351539475 0.299885923624983
0.327664275939557 0.0957725163834647 -0.0410692917552388 0.374401243106213
0.153601566033546 0.409260260685341 -0.300260509790009 0.204565906225843
-0.254345170285412 0.432427129170818 -0.329351012516927 -0.0908219834786074
-0.518199997735057 0.225321070527193 -0.0485715814113892 -0.119067308704122
-0.465004657562597 -0.0772120370209091 0.253188410717154 -0.00766956573887584
-0.444614235487546 0.147109424032027 0.37379796434544 0.257106558940942
-0.231293772026352 0.346476519637706 0.54421901511818 0.0846441476558795
0.132385912560482 0.313833534408412 0.377578506324264 -0.268792556273394
0.290647977822609 0.0937125246347732 0.0681597551118125 -0.325850974110547
0.259695107729515 -0.115467968840979 -0.0923424692162075 -0.230735721479956
0.117139127415081 -0.204610241451748 -0.094289750982649 -0.119345138366069
0.0512080956403878 -0.215188149387006 0.00127230304153295 -0.0371205683737185
0.0498166050934432 -0.195669225822945 0.12815457744437 -0.00915182159856377
0.159475401819733 -0.206316540235661 0.233646280567773 0.0775259256586762
0.293850103796114 -0.0969725556967638 0.246300702209688 0.241484778975938
0.317249162077992 0.093628182025462 0.054585373628597 0.374454141164654
0.125306960239064 0.388831784140428 -0.222291343549219 0.236081693951384
-0.261881304721496 0.358664065364316 -0.275867442505021 -0.0764066681137049
-0.456806717651944 0.142997897817387 0.0878642090038859 -0.137319171520074
-0.3166910997956 -0.132134265969142 0.414591248176952 0.00429516800841127
-0.365877063392715 0.0261806418527268 0.401745602691493 0.258305779526596
-0.23454993561326 0.230664172523641 0.513747169556778 0.166688323895774
0.0679902026044866 0.256728663146077 0.420195742983024 -0.129347703599864
0.218778358449749 0.088221271443093 0.198540309179294 -0.273773852899585
0.211648250456099 -0.0804562524263455 0.00880854023037457 -0.281560956985856
0.102454476628112 -0.168852250418842 -0.0464509138472833 -0.199669305265215
0.0401302242213717 -0.185937476130595 0.0235900420529518 -0.111691351976637
0.0413765421724766 -0.173875020170452 0.146306256032765 -0.0862122263958397
0.136256702091359 -0.177201552860022 0.264023498157211 0.00766067976859528
0.250607635446164 -0.0781205086938921 0.300496637259104 0.191826143050084
0.267833256842813 0.105985164074597 0.11141824589603 0.364850405297646
0.0538200001730736 0.33959071051461 -0.168621660740461 0.244473155711074
-0.268581947926762 0.235987935660974 -0.22399789911803 -0.0663395215706774
-0.352088159675756 0.0244701050497415 0.199745643683047 -0.12706820829596
-0.114565944011655 -0.154741813062664 0.509455369422384 0.00690606570201812
-0.210386110423243 -0.072679419465958 0.40021330001114 0.243250870395157
-0.164010606863019 0.0956460470342233 0.474498794691953 0.199615422163676
0.0190315856061845 0.145190654005654 0.426702940302774 -0.0466855780794597
0.115920350555909 0.0549497455486115 0.266741365955196 -0.24042284175043
0.127577488377631 -0.0373648050332005 0.0669992949592874 -0.309300221785196
0.0695900296921195 -0.104471868279643 -0.0134679477421257 -0.25278163412731
0.0256318777153143 -0.128791627482109 0.0419169460220113 -0.166935899093656
0.0310793630965904 -0.129103244836738 0.161943940183734 -0.142016570447096
0.101523064253577 -0.129740649382757 0.288485420237627 -0.0383641481522093
0.186515851260043 -0.0487381370160158 0.338781198133093 0.161696404275085
0.193921865715566 0.113598263981981 0.138771412523727 0.362777636218451
-0.0261496974325366 0.261445794237614 -0.142508925700718 0.252049336534292
-0.250000664970202 0.0914483647492512 -0.183428557782257 -0.0516700764429732
-0.209933388894269 -0.0983507378351715 0.274684180155592 -0.0874826117431306
0.0257876528987803 0.154839384084696 -0.33380801118127 0.13211795772631
0.140865260953624 -0.0103101352775531 0.196111778632114 0.13993695062523
0.0536247164842862 -0.125207221278866 0.198285477231603 -0.288474179127875
-0.097491117171499 -0.0577681114262513 -0.150383225869089 -0.422629293484297
-0.0758650650151442 0.0391818085113237 -0.438823753679456 -0.165801049050608
-0.0299732687334996 0.0527142246704112 -0.351682861226053 0.121980949896993
-0.00303476787077238 0.0557833103403859 -0.166697846424307 0.207011408988924
0.00373164899506304 0.0392818927244418 -0.0507295524983078 0.234285768849062
-0.0153390601600954 0.0281711224253734 0.0189860075045893 0.274213693423769
-0.0327412351775729 -0.00224222339350566 -0.0456309343050127 0.333688481025393
-0.0144096121347809 -0.0169527609943255 -0.221105131927001 0.285986434072718
0.00816188965373717 -0.039047936850239 -0.398712883792039 0.0762759973210458
0.100356038101911 0.0200675306313052 -0.480462615274605 -0.124859913780516
0.0570324510251149 0.139196791685404 -0.469136467299009 -0.238940156625361
-0.106853868902176 0.184282131213552 -0.559409927063582 -0.0310728948483889
-0.156342981976793 0.194729464080671 -0.330600520043521 0.0915708944671979
0.0505606379219651 0.123874925485242 0.202243552477976 0.159746649730485
0.0782864187410059 0.00888474130112986 0.258735635904899 -0.279578530462532
0.00877856305689067 -0.0185692899808375 -0.118869825486203 -0.46967292153976
0.0265850402978886 0.0105989266904896 -0.439415579293419 -0.205531280658575
0.0331232821058776 -0.0203346702964488 -0.367929299414767 0.100651165233042
0.0169442604841719 -0.0259585741035885 -0.179951231442582 0.205348483569872
0.0206302509398057 -0.04247332508383 -0.0511226933264285 0.232218340497
0.0173734342911916 -0.052012776739501 0.0384528246400812 0.265871927011917
0.0601442646893469 -0.0753377767649828 0.00254776957604765 0.333455311239134
0.115983176164183 -0.0123863905427441 -0.158597548812581 0.33162028344656
0.0965083677000683 0.0587813766411742 -0.360346282476674 0.158075035469997
0.0630227217534174 0.178925186879112 -0.477419761573052 -0.0568488512610952
-0.106199617174316 0.258558001799278 -0.446203688133343 -0.193398498699459
-0.316444962635497 0.225541955285863 -0.479808405345114 -0.0335860068972623
-0.33437623420396 0.186257867763248 -0.263340821952363 0.045740143231138
-0.0909993716111277 0.239652283915436 0.233986677314422 0.185270146885602
0.0589375977619896 0.172816824809811 0.355323445594838 -0.246830797783863
0.117546431324193 0.0625892828518032 -0.0332401558131018 -0.512536854565363
0.144818629414481 -0.00324415370995899 -0.395097946145541 -0.265243954102726
0.111112528793703 -0.0898080827286364 -0.359909181087579 0.0429175849621139
0.0433792761746442 -0.108515632774464 -0.185639125836717 0.16499412184919
0.0322614699592035 -0.119511310617721 -0.0458239298935118 0.195903191798924
0.0383147602437898 -0.121408787843151 0.0657170398559108 0.222845111985625
0.122834219031381 -0.147065741619602 0.0754660489467963 0.299959824624004
0.22080153737201 -0.04348091633852 -0.0462572652468881 0.360152007551939
0.204633422812184 0.0986191148756856 -0.271922124081715 0.267622226087965
0.0957658010481823 0.309832925325593 -0.449205586579 0.0539613800473156
-0.19370227800355 0.378584373999208 -0.422801079557111 -0.139768001726757
-0.454761687790843 0.271348836473866 -0.355404845003994 -0.0455622501380789
-0.470496525036704 0.131136622312915 -0.128900338682577 0.00627289661902995
-0.256061895394997 0.302854778324305 0.284987744980377 0.210681617721785
-0.0142233399054551 0.324349797085642 0.462434012903081 -0.173072145056796
0.194869630437909 0.174484060290239 0.102227979776861 -0.506992402239983
0.252151766209552 0.0101680944041976 -0.286018673610024 -0.324777120739488
0.18865580539033 -0.139430042183887 -0.310776690862371 -0.0451013240657663
0.0719203774865848 -0.176235920268711 -0.174819183854619 0.0882322893512255
0.0395817597519043 -0.18013430662515 -0.0347408557220472 0.131562562225353
0.0456727570754326 -0.17115426308465 0.0924676166758416 0.153532833485358
0.152312430361648 -0.201094312803581 0.149087894717674 0.23237525260636
0.284179713220523 -0.0890266735035605 0.083129944760253 0.343859909418644
0.294505174378476 0.0897597411654933 -0.14234432964813 0.348931151568955
0.158480832318354 0.381841951138128 -0.38106646674649 0.161008106365155
-0.219237445089465 0.455494911180286 -0.387881104398284 -0.0947488514146395
-0.516399414914147 0.293629137405412 -0.208740278274445 -0.0763087628108232
-0.523868295684081 0.0432475265671834 0.0553861181321381 -0.0186069165640024
-0.391787862184972 0.278744847474086 0.34236806905213 0.226351755838106
-0.1219845221104 0.400492613213787 0.537338243702592 -0.0656513498258593
0.205084930701059 0.273867788919078 0.25093840178837 -0.428904795118451
0.310724782901076 0.0429559431684285 -0.123992703631763 -0.350308435463194
0.242801659669871 -0.155002487128905 -0.221489807484013 -0.141788356718215
0.0943347213695692 -0.214711495846179 -0.145724816032538 -0.010155672598479
0.0397224279969495 -0.214937327554517 -0.0191288334052163 0.048997891374649
0.0434452077944346 -0.196324688884449 0.113695495854518 0.0675570213478702
0.156120006416533 -0.225268123267219 0.206928384974566 0.145945150986476
0.30256914838252 -0.118909285720735 0.194032195846072 0.290044923094078
0.335111566996321 0.0718506965850853 -0.0140173649675942 0.376576199439026
0.186209063672926 0.398351526818818 -0.290708756853113 0.227396902472638
-0.223266218676481 0.455879710805422 -0.341625661465525 -0.069652361464507
-0.508324197145252 0.26387105385029 -0.0593672138787 -0.115777866420048
-0.473478536307026 -0.0425110318450882 0.253093433637597 -0.0257041655895764
-0.433945276050962 0.179925532293401 0.393376004123483 0.233173780005528
-0.206355043838131 0.365805874310473 0.557269699464115 0.0474354488769446
0.155803680272989 0.30502857222982 0.361656943896482 -0.295154923383335
0.299239886204615 0.0715216647962821 0.0478693019944844 -0.332314296326575
0.24991388056877 -0.137377344008559 -0.111542703990615 -0.225275336896597
0.101414966688753 -0.214825448683403 -0.104536766093749 -0.110530736403907
0.0335144625527943 -0.218297026930331 -0.00149176800240549 -0.0366700624830808
0.0363308501350499 -0.198275463403005 0.129012919405623 -0.0214869921769322
0.143837185888216 -0.220291906742451 0.2429875769334 0.0592287307048277
0.287045994320159 -0.120535626181782 0.270957492553405 0.224134259152449
0.324659146497416 0.0707348035764265 0.0824867885326076 0.371196069470608
0.156298307558777 0.379328137018447 -0.210775543723006 0.253640143505428
-0.235653204489533 0.382017691400907 -0.287344510986777 -0.058363922844634
-0.452144202505223 0.177524132413345 0.0769926761306958 -0.143456520228793
-0.329074670255135 -0.10792721129696 0.416208264527712 -0.0244520012391854
-0.365947249224764 0.053340260345297 0.421050980839756 0.233070086182161
-0.218691751613535 0.249400458681539 0.531590296977601 0.132094078683506
0.0870553150741058 0.252202726606933 0.414946710126792 -0.158185735339958
0.226001368120503 0.0710877898157677 0.182973948470852 -0.291309753342075
0.20503472848587 -0.0979189980420035 -0.013639517018529 -0.282792685957942
0.0895977823733519 -0.177242017352134 -0.0633165000257193 -0.195326169380063
0.0247358007301581 -0.188163814417586 0.0148367863960012 -0.112804914643981
0.0284350251261968 -0.176965742301307 0.140893548515825 -0.0990587998007731
0.121838814177355 -0.188453373789516 0.26795891627087 -0.0124038653440324
0.244789685620112 -0.0974075872012738 0.321393788548988 0.170147588261374
0.276253394767569 0.0861927526149932 0.139478189829192 0.35608259949451
0.0806891762274177 0.335078868609618 -0.154761090936888 0.258121235415794
-0.253051734165556 0.259109859807379 -0.234836982983636 -0.050013402627271
-0.355439112505323 0.0509979197734822 0.189310568971378 -0.141894048623352
-0.12760753373338 -0.145451713155594 0.51190079103186 -0.0270927382022435
-0.216778412881353 -0.056920295085724 0.418589887003966 0.220784594564639
-0.157515264643923 0.107985092879435 0.493525455293277 0.169151257483388
0.0296669256982052 0.143012630621275 0.427962832881922 -0.0758240767235746
0.120128903743493 0.0454496662143989 0.254183757807261 -0.264191345452256
0.124434261010911 -0.04740121597832 0.0424965818378813 -0.315577356832525
0.0610549804739956 -0.110699279150911 -0.0350202090812255 -0.251264111033546
0.014216574308694 -0.129577362516103 0.0295882946146769 -0.168654425135009
0.0201077782497389 -0.13110180589575 0.151417448488961 -0.155768662229131
0.0908360858013033 -0.138677019866981 0.288568978203653 -0.0600789501401338
0.183681267577967 -0.0629546797842227 0.355694048109133 0.137306216033946
0.202885403878833 0.0992373994969588 0.167430777331171 0.354041629552666
-0.00570173129294034 0.263325611725081 -0.128195459832874 0.263068382526539
-0.24454645930149 0.113025812549285 -0.191696082698207 -0.0379175757362472
-0.219559401024924 -0.083227782674034 0.267838519785933 -0.107486870614045
0.0367859953924239 0.150044202283317 -0.315940480910949 0.154155914304438
0.136280780790877 -0.0208275532422683 0.201359904831917 0.119819859548372
0.0422349544679771 -0.126994571424667 0.173484641255552 -0.297449907815656
-0.0993667141188292 -0.0481185422875584 -0.17559937830189 -0.402587718085246
-0.0701951129312905 0.0446865369183796 -0.440801169271211 -0.126553940385423
-0.0248352443381182 0.0533704880425656 -0.333223401436959 0.145337779325026
0.0010199965271394 0.0533981128027367 -0.148082694780937 0.210068177374565
0.0073337857100534 0.0366566656996123 -0.0306548147562208 0.230156011447406
-0.0111986560181258 0.0283138131665306 0.0417395756231971 0.263606195278849
-0.0308761635789822 0.000601282429204634 -0.0160857473013451 0.328954770565727
-0.0144357005831378 -0.0148488509384729 -0.193960106321005 0.297128670699309
0.00440594888217226 -0.037048800502614 -0.38964422206465 0.103775749363878
0.0983689405029215 0.0107013728142667 -0.478734331685023 -0.0871094959881777
0.0650463441700957 0.131603434384995 -0.473035468403037 -0.203671991487244
-0.0904699894682063 0.189470438730893 -0.550468482427172 0.00700496517454916
-0.138584432202466 0.202573656678043 -0.317236595620697 0.113823642133791
0.0580961406170227 0.116394886325528 0.208767255436675 0.138351099595764
0.0767262569082715 0.00146051947571892 0.233872549055611 -0.293382243714415
0.00672795179059093 -0.0183011347555176 -0.147950108725228 -0.449181239051369
0.0271948239685518 0.00875490755577809 -0.444467829490994 -0.165601115156015
0.0308291443092227 -0.0219616164947313 -0.350222576331559 0.125485305127741
0.0148090724362129 -0.0278437310170815 -0.159635188502174 0.210550096339983
0.0173094128553594 -0.043901347945291 -0.0314376396529184 0.228631879609269
0.0146324547086487 -0.051971417997047 0.0589077501265993 0.252555035608828
0.0531896732608146 -0.0783999203956164 0.0311082008146487 0.324458161775529
0.112149895956551 -0.0218360813568453 -0.129487721486692 0.337220809167051
0.0982392190643079 0.0522911148643426 -0.345282006535747 0.180202974354377
0.0740790629527302 0.16899848253312 -0.472495227790479 -0.0201212972343206
-0.0858199386298824 0.259715456403522 -0.450649038135954 -0.160639834506078
-0.293618045808979 0.245230243314077 -0.472630659215467 0.000934192622584832
-0.31335133435858 0.207592362612565 -0.255679192302562 0.0640312756607833
-0.0710630319390876 0.239538355262246 0.241713368718713 0.162043303866053
0.0708952529603491 0.162830113769635 0.332310632051839 -0.268916179858167
0.118621990576449 0.0518044313516447 -0.0669650564556811 -0.496408331707514
0.140514598442368 -0.0139809382039971 -0.404165050399235 -0.227680517230283
0.100422582334628 -0.0960478369187465 -0.346064033866841 0.0689069866838157
0.0340998941604995 -0.109877251707475 -0.167428190301943 0.172632162850607
0.0231059766952337 -0.119122660898483 -0.0289420530492433 0.193715984998448
0.0298411596130276 -0.120719040340026 0.0831009827395179 0.209059887174787
0.109209221426682 -0.15303282484888 0.0996818442764413 0.285558638543309
0.212640330607081 -0.0600919012485737 -0.0149368812948694 0.356716983690037
0.206746772221766 0.0823404490471473 -0.250230295135207 0.280989424017199
0.116370430650325 0.294034683800499 -0.438688613215101 0.0860907054821042
-0.161878403707881 0.384278199933026 -0.424795288099066 -0.109818014863314
-0.428504266303414 0.300695788930236 -0.352482928962176 -0.0208172762010312
-0.451821135120966 0.163087462953536 -0.127613575252808 0.0154859908482416
-0.227073701616165 0.31233381453225 0.292854072086178 0.184344913651831
0.010839021696426 0.31673898946258 0.442289059621761 -0.203437085640037
0.201404900867584 0.15559677241861 0.064511891723756 -0.500318421911762
0.246090802761074 -0.0103500739866946 -0.300437062383961 -0.295098135137167
0.17215496113066 -0.150910546646957 -0.305756396211962 -0.0199037364208453
0.056819612109755 -0.177937685771558 -0.163182413831247 0.0983773937905892
0.0251761615345779 -0.177976049685348 -0.0231680802135759 0.130707918897024
0.0332099534779463 -0.168687850032543 0.10372338165801 0.13935108065809
0.133203682679699 -0.208356860476523 0.166947151596308 0.213613645312267
0.270371010874705 -0.109684764255186 0.111332283300444 0.330586904373263
0.293295835693323 0.0662503369564846 -0.115739533851035 0.349366882615682
0.183858778257115 0.359818988879963 -0.363981809086626 0.185586919954324
-0.180065245294688 0.462068251496711 -0.388793536601752 -0.068049344268001
-0.485968279498156 0.326616964037618 -0.210705238285469 -0.0605033056922139
-0.508333728183681 0.0835212972723131 0.0502057375702203 -0.0227835798914715
-0.361662570690176 0.299132141191919 0.349607244882322 0.196055285681745
-0.0882218231023138 0.399630296084086 0.523827056114575 -0.102220093011558
0.220230336202028 0.250918865751568 0.216758536245867 -0.434382016772935
0.306606359481156 0.0176543855571424 -0.144274158095297 -0.333461067310409
0.223461304914265 -0.170378964868063 -0.226431309377251 -0.121560040181684
0.075521608460988 -0.2170873681727 -0.142710222845215 0.00103887425750738
0.0211918011311439 -0.211425710307165 -0.0140406483584854 0.0498265397593208
0.0296674546768165 -0.194331086905187 0.116859399725917 0.054209104222604
0.134484936719742 -0.231856873846036 0.214522812679004 0.124767072459538
0.286175631060514 -0.140900248477109 0.215296932720497 0.268829754725709
0.331170688798176 0.0442659316595906 0.0126719031543449 0.366671346022721
0.212849637993895 0.372134781250301 -0.272070996054002 0.243627481239669
-0.185764537033091 0.46286786830369 -0.34212676913654 -0.0447707016365935
-0.481479054269349 0.296792378979927 -0.0679426109654781 -0.109460823460937
-0.465023374496051 -0.00528561522093182 0.241960779680649 -0.0432128546179032
-0.411860768171385 0.20561966720808 0.400209967927095 0.200784453942723
-0.174643289733625 0.372631232347358 0.552038384010157 0.00643123792808188
0.17500833877412 0.285592128896354 0.334277524714514 -0.310570232605527
0.296893949740175 0.0446775471723435 0.025872961416787 -0.32891904047775
0.231594684440739 -0.153883284743702 -0.12554055698218 -0.210906008719853
0.082042777848562 -0.216587750598999 -0.110501009492188 -0.0985095330020367
0.0151687019211881 -0.212455529423913 -0.00368501884943798 -0.0351817430223998
0.0221296652325428 -0.195220593955327 0.124059427700434 -0.0331271402945478
0.122842386918867 -0.225185104986311 0.243793569392886 0.0377200056679461
0.270310210193968 -0.14012783207979 0.286351786562769 0.198129157764734
0.321178721861859 0.0440876127079498 0.10832851950267 0.353918630246332
0.181755612636554 0.355802285385964 -0.191183749860097 0.26290801611243
-0.203889355360283 0.391048926408091 -0.288763928301256 -0.0364436463646795
-0.431290457400595 0.207758054503656 0.0623986369593041 -0.145786752503297
-0.329025002067587 -0.0796360831006094 0.404201897074177 -0.0530338163185192
-0.353446726515771 0.0781810443689012 0.426930882746943 0.20169774934609
-0.193432490868876 0.259075446144574 0.53224434438645 0.0926078842010374
0.103542799677703 0.239034317607842 0.39703319813879 -0.182055999385027
0.226038931368871 0.0507372602153212 0.160991042162159 -0.299129907406327
0.191039746920346 -0.11168897060906 -0.0358241874177398 -0.275543620400703
0.0727896451169869 -0.179421392897835 -0.0775970175443607 -0.184155096162707
0.00842900843532093 -0.182108008354974 0.00676870201879891 -0.109986224239462
0.0145735470690299 -0.172604176467347 0.130064146471442 -0.108284097861901
0.103283930792926 -0.193033249494897 0.262228994995765 -0.0326350005885858
0.231520740289799 -0.113480024760346 0.330918667809738 0.140916888832035
0.274943656594128 0.0625948487230509 0.162199831285997 0.336481017871005
0.104351424162834 0.318686009352302 -0.136139827023572 0.264289805703913
-0.228210929044513 0.273166620935408 -0.235326671878519 -0.0311684805332956
-0.345738785120995 0.0772027254001833 0.173019382947846 -0.152226554657217
-0.135170861031146 -0.130883184006969 0.499190776778915 -0.0621396931451147
-0.216098834485053 -0.0399964085325958 0.423918432213383 0.189761486742174
-0.145474239011097 0.11733807512888 0.496390663176684 0.13119089606244
0.0383968699695951 0.136082373621603 0.416458527410033 -0.103061135429759
0.12052777695775 0.0343377318120928 0.231470514977837 -0.279340736892514
0.11690195875426 -0.056252465368814 0.0160316522019319 -0.311165972857069
0.0502306996673016 -0.112796635204767 -0.0541829496895671 -0.239953711921736
0.00238104560134288 -0.124549077329484 0.0161602566212228 -0.166133337183875
0.00980862351086383 -0.128294777832344 0.135332963487406 -0.163177710684451
0.0762423564890201 -0.142427348224235 0.278853151585026 -0.0800110611666526
0.173314581469963 -0.0748651517047861 0.361488753616107 0.106557994185868
0.204823555069524 0.0806154785276187 0.189387574087212 0.332190829352062
0.0151657117068673 0.255639252140013 -0.107436264460868 0.26705844484967
-0.231025938441499 0.130185998212158 -0.192284914903518 -0.0219955348077851
-0.221717239122634 -0.0631403142031816 0.251472276774294 -0.125193453040122
0.0584280142709743 0.143369639818045 -0.283586416623578 0.179268371623774
0.12665579545469 -0.0377458330945365 0.202416887079097 0.0839188969310092
0.0206639778956463 -0.129402205898624 0.120102382070305 -0.30307098305071
-0.100399398177975 -0.0337049430535983 -0.226902747754692 -0.352793567976512
-0.0588350055431983 0.0507028776659626 -0.436209680700712 -0.0531213198965413
-0.0155242351143186 0.0544372892030015 -0.294584075946024 0.183800640210297
0.0078008851971667 0.0504939673883484 -0.112396829705086 0.21943171241261
0.0128654616857785 0.0326305989862362 0.00471654446717564 0.22055189585298
-0.00453188890460507 0.0264043796828569 0.0772458433668672 0.240974359127544
-0.0269574715949966 0.00310512629866145 0.0357614721523319 0.311757822977076
-0.0125920460803502 -0.0133386358125297 -0.144914790238571 0.309605703316282
0.00320886865485216 -0.0311434925253673 -0.363444940711035 0.154036950902013
0.0944128179690374 -0.00222958645622039 -0.466536558491433 -0.0186148218103856
0.0777276558109019 0.119102307847033 -0.47202165571941 -0.125874083493714
-0.0546900021767991 0.196155669947252 -0.530906535680279 0.0880231478175153
-0.105008979615998 0.22190558979954 -0.27773259435858 0.134142703214592
0.0713507096917792 0.101994074000363 0.214953992995794 0.0960041930219365
0.071647004975383 -0.0126145371426709 0.178663529584882 -0.31532723663719
0.0027843537393415 -0.0192340019693225 -0.209820483360508 -0.403404680742933
0.0271470567798817 0.00257432847006352 -0.447312862895795 -0.0908020935535077
0.026211034823113 -0.0242608378157521 -0.316251215726013 0.168341808224031
0.0100286950209419 -0.0273666168560746 -0.12437432184352 0.221373512992407
0.0105909216790274 -0.0445834834864659 0.00447133093344591 0.218082568537986
0.00803667893838186 -0.052918655698332 0.0924141893271434 0.226419036302469
0.0398641609484475 -0.0831440018982162 0.0796372816205338 0.298352981004639
0.104997427721482 -0.0395026160794167 -0.0750820446320594 0.335198452018076
0.102927287087818 0.0385439736461709 -0.306831561586644 0.220593451050237
0.0959173880201188 0.149760696775442 -0.448432548595522 0.0477375323730813
-0.0441874882760409 0.258487937978889 -0.447362495692667 -0.0793501850755245
-0.235556354154892 0.278039619965347 -0.462601722418916 0.0710431528370294
-0.274568912407377 0.25368577924293 -0.212152958596812 0.0750018753094123
-0.0349512029159392 0.235078706628765 0.255102006184436 0.109590128617472
0.0892291864860699 0.140892975122144 0.278452223219905 -0.312559969191813
0.117099555999128 0.0328442028973296 -0.143714460141129 -0.464607019211555
0.131407892230975 -0.0339935544621399 -0.423364002039759 -0.158493335792264
0.0818601951706271 -0.103533347316713 -0.324535382580558 0.113394206722077
0.0174142111524738 -0.107152425335705 -0.138389773443055 0.186011880866685
0.00557834432054511 -0.115702693490037 0.00165462094095468 0.184913816701693
0.0124729155813584 -0.119114690500614 0.107849670947387 0.180717510763631
0.0803827414533133 -0.161066468767871 0.139164559585322 0.247914204131785
0.192289556975999 -0.092213141754373 0.0370904081496224 0.334250194997674
0.208409328937087 0.0504394282861484 -0.19925614279146 0.29922317746257
0.155937920681424 0.259239889247046 -0.398141576613735 0.145535657836211
-0.0959630041792646 0.384743615950443 -0.415990962119157 -0.0254112393155546
-0.350680944717472 0.348502872934692 -0.354688716589186 0.0365426829586467
-0.414523801407053 0.230115155070144 -0.0857945372172375 0.0121492722244738
-0.173767078454347 0.325167470622747 0.310487741657052 0.121364292881183
0.0548244729207882 0.295562402914642 0.397448624517612 -0.272920696392689
0.210260279872363 0.119666763526855 -0.0183584459577224 -0.493599216772259
0.231924809384214 -0.0455780508886777 -0.338305146849532 -0.240379644982511
0.14110152699963 -0.165444558683806 -0.302514167662074 0.0226829678993414
0.0295460472674725 -0.17368452083245 -0.147151368537663 0.114048796540612
-0.00180168138124255 -0.17062431334661 -0.00279607682060328 0.124625062685986
0.00947717717444051 -0.164821150657371 0.116235244283457 0.110646684742069
0.0939535316663153 -0.215185505234891 0.190914551401559 0.169126593350813
0.238206403497088 -0.147074845144579 0.153349120230887 0.289603267136652
0.286715675292087 0.021585640664135 -0.0597661278505742 0.343362829251986
0.229989202569173 0.308537519789294 -0.311409875211429 0.230302102970367
-0.101086997907477 0.45817753801296 -0.37625325651448 0.0138944517679286
-0.403713669068474 0.379348726690638 -0.226705865401107 -0.0194774266087387
-0.482142429971549 0.15934136540617 0.0840478250593407 -0.0429447845639247
-0.302479317904273 0.330890186261538 0.370410886808133 0.126411863829058
-0.0276243313269876 0.387789997278381 0.49461471267363 -0.190121390465354
0.240028521335415 0.207837456698053 0.137478006238173 -0.457386266603059
0.292391376871572 -0.0272454992088009 -0.195011613529336 -0.303434909764778
0.186392028320165 -0.190285535735708 -0.242799861609457 -0.0861793662937366
0.0413399828384125 -0.212939374326738 -0.142997704162841 0.0181898994183116
-0.0100383626203796 -0.200739854443951 -0.00559823246815503 0.0474425162226624
0.00156752040117352 -0.187597550522486 0.116056852547106 0.0289450125715197
0.0910953283649198 -0.236830878054973 0.222503679843416 0.0780824635234655
0.24723864862893 -0.178120866194124 0.243449592355103 0.216088524946578
0.318235096845538 -0.00511572430276837 0.0674502621703823 0.340986523347732
0.259626389431547 0.315706126652294 -0.214562241204425 0.272390836568911
-0.105072593884469 0.45822928808143 -0.328456576448568 0.0301761551109609
-0.403467032855994 0.350059894347184 -0.0969765632916485 -0.086513725739041
-0.452000324533811 0.0658558516621943 0.262856476295684 -0.0816008126875918
-0.361656488041986 0.248107027527984 0.420172799215569 0.127347104778917
-0.112075874383273 0.373497646182146 0.540377856326552 -0.0879720088348275
0.200758630777935 0.246503363836018 0.272125412591858 -0.358858662387251
0.287343352885943 0.000908390113727281 -0.0314715358373403 -0.326258315854195
0.196969645903479 -0.175824503645078 -0.160373239001327 -0.186941938629552
0.0464479906462159 -0.214502032761719 -0.12650610830088 -0.0822382236919792
-0.015865768272773 -0.200770434085202 -0.00795586660341913 -0.0330643353325133
-0.00685337912838716 -0.186728531147453 0.110803699717328 -0.0537354920498559
0.080811374253586 -0.227933941877248 0.236234113014115 -0.00722178692566883
0.231819184315809 -0.174964095323433 0.300375787766165 0.139100048478344
0.307176113661591 -0.00584404421055395 0.156764212517258 0.314763958169745
0.228014385011672 0.303478256169947 -0.135186970410124 0.280039340644231
-0.13194259286328 0.395589291434808 -0.279016314385867 0.0289489374639828
-0.372319779208215 0.257721941850454 0.0245768040392349 -0.141920970894862
-0.3303085044692 -0.0286163688689146 0.40650481949292 -0.10362327984729
-0.323799057024101 0.119809752137647 0.444896347495983 0.12948975628283
-0.145803620498416 0.270141136675642 0.532736192628253 0.00133634187004156
0.127947640566851 0.211798527776209 0.353631186242402 -0.242590545222467
0.220871874597311 0.0172341821814044 0.103902622673406 -0.318452933886144
0.164651156449034 -0.13177053442836 -0.0817281869434119 -0.260477902608314
0.042276087475132 -0.178634343660959 -0.106518096226355 -0.167778696774827
-0.0181821281118515 -0.170866456041115 -0.00894104507981894 -0.104736086851188
-0.0110646847426426 -0.164733270699314 0.105435208345267 -0.123710172910925
0.0672830330256825 -0.194357566940108 0.243642245101315 -0.0760320316896537
0.198302312967356 -0.143016468390342 0.335529932836982 0.0800388570570405
0.266027951265939 0.0172946995842715 0.207291406585085 0.292279426414393
0.14939344692436 0.279817282891874 -0.0852079590783018 0.274574683762904
-0.171709179134732 0.289936948620476 -0.231215272714598 0.0236991753612524
-0.311420524756324 0.124170886021018 0.131813281085015 -0.167528762368694
-0.14818146044393 -0.109031690401402 0.481413909188276 -0.118613645867352
-0.208888986156929 -0.00908421104664226 0.436931382026644 0.123805485703699
-0.119184773895304 0.128114624148573 0.500377320681178 0.050759864899289
0.0539896406240445 0.122540125425788 0.385213137818238 -0.166793240601557
0.119228444084352 0.0165331929971117 0.177022612390667 -0.307462356306567
0.101598258339589 -0.0693823905558681 -0.0342120806415586 -0.300193762179054
0.029841984963269 -0.112807994275596 -0.0911479857552366 -0.223661990601111
-0.0160097782185105 -0.115600630721054 -0.00849377788648494 -0.15839077662528
-0.0105457797820989 -0.121894083470498 0.103746856465332 -0.175500612827988
0.0482273704586241 -0.14308856389442 0.25300122830294 -0.120943476395025
0.149357736980074 -0.097592806695071 0.359002693490383 0.0453996573987484
0.2029526085722 0.0426920736048893 0.233275915739874 0.286041754739245
0.0564987922027634 0.234809996447014 -0.0606924371785611 0.274662689469829
-0.19351990187569 0.156427774466663 -0.192953382701779 0.0206197498032354
-0.216872461860916 -0.02640442088814 0.214636940376831 -0.156760052262584
0.0589042835590301 0.137732968164978 -0.27012420114261 0.176858575877688
0.120256722466657 -0.0378399593924715 0.194629363689784 0.0775597105675699
0.0161695440074835 -0.124834327949192 0.111797636430295 -0.293221501216291
-0.0971882347457566 -0.0301919415996917 -0.220257213563058 -0.338732061180633
-0.0547087428348987 0.0498618198882844 -0.419165450866656 -0.0430329526932013
-0.0131312344483727 0.0520193244285477 -0.280689231959275 0.179802456131231
0.00821752931355639 0.0477808728091976 -0.106885161726545 0.209208780669159
0.0126716510077169 0.029588815420799 0.00768953696855306 0.209045859623425
-0.00302973690000619 0.023669783870534 0.0782671366344616 0.226765515267517
-0.0242394406313029 0.00286638443126844 0.0416766918315778 0.29817568541454
-0.0113859453463486 -0.013100683190052 -0.136032889832426 0.300120998998832
0.00303243762951523 -0.027844585696689 -0.351652142857734 0.155738367562405
0.0891943785085982 -0.00390819564136709 -0.448874280121304 -0.0122910033865779
0.0761011142427027 0.112464947182274 -0.456194878049075 -0.120613576092597
-0.048743220506679 0.189632696594569 -0.508107008597005 0.0891230276673621
-0.0971835563280998 0.21557249513292 -0.265488130538413 0.132973699854149
0.0692528780868726 0.0965373167435783 0.206082419477715 0.0889232469266186
0.0672708860710185 -0.0144863437569811 0.16856334819365 -0.305186828678775
0.00168724724023038 -0.0181954861472366 -0.204753668706041 -0.386352008090353
0.0266170881671381 0.00224213062353746 -0.430410145191943 -0.0794040004512265
0.0249682465117386 -0.0239069797955446 -0.301338814488501 0.165205648381003
0.00898066541909611 -0.026664295479567 -0.117050891482369 0.21172844783814
0.00966811249918206 -0.043698364565319 0.00836241427950031 0.206839556418608
0.00835237677068543 -0.0521463083626402 0.0928474813847509 0.212750844932079
0.0372852178132703 -0.0808666779410813 0.0841729054997434 0.283504598140859
0.10028404872896 -0.0407076876142761 -0.0661624865292981 0.323882372770737
0.0992506417424161 0.0375778077987159 -0.296305512176466 0.216959150673652
0.0930205695929522 0.141513704486898 -0.431506676742217 0.0508363980407237
-0.0389954378580963 0.248672068672871 -0.431638713069645 -0.0751767386184748
-0.22336666008626 0.269845153861403 -0.443559363381387 0.0732697591025637
-0.260145351612113 0.247993843020841 -0.20495225505172 0.0758670392388701
-0.0309982283232642 0.225259765182821 0.243829665415429 0.101397329117086
0.0868003226154089 0.132099543045349 0.265510270542999 -0.305112101859086
0.112263696413534 0.0297023993294945 -0.140928679575846 -0.443523933631408
0.125188494594582 -0.0351725814201944 -0.406819459454944 -0.145574692671643
0.0761004641121484 -0.100712926374428 -0.309483453458271 0.113211147899375
0.0145915285021239 -0.103107695294293 -0.130613922190758 0.178536018451572
0.00331100316971572 -0.110949469674511 0.00549365911145156 0.175367630395107
0.0118026459216527 -0.115429021876663 0.106898461792605 0.16748136433154
0.0740694907152723 -0.156661208791736 0.140533001028099 0.234012167236385
0.183079448899625 -0.0933655561059698 0.042618483364515 0.321177957101396
0.200511334361277 0.0466124586240251 -0.19038655472558 0.290843999478264
0.152513600887552 0.245436095360534 -0.383701160789848 0.14657470317081
-0.0874737997964182 0.370709294942989 -0.403339505844777 -0.0225286643637079
-0.335801702826529 0.340303037726641 -0.341107706912903 0.0380020378275561
-0.394858031578597 0.227637801852993 -0.0847121363672239 0.0142881815124942
-0.162057160512655 0.31287069110041 0.297188450759806 0.11312600299524
0.0573019041038644 0.280837746399435 0.38041056618685 -0.268284580230758
0.202840412053463 0.111291958142276 -0.0205971620432684 -0.473090080574915
0.22140239218765 -0.048411715103419 -0.326517643851556 -0.226435431107436
0.1323314189657 -0.160508378366062 -0.289343879477795 0.0258202772339469
0.0248584785968667 -0.16754386412638 -0.139189815358691 0.110601172623059
-0.00474854358768553 -0.163125155018367 0.00139200687037812 0.118498981060063
0.00750023230685389 -0.158600980944242 0.113661766688147 0.101030905766713
0.0861630969888943 -0.208651810738752 0.1877260352257 0.156966422205302
0.225591353120106 -0.147004189649654 0.155524702262938 0.27581994129702
0.275226424003911 0.0170539110837704 -0.0552400950131578 0.330779997534159
0.224955861882753 0.291447226769932 -0.299280736004922 0.225718780195914
-0.0908552508420257 0.442805813788598 -0.36410444722101 0.0159553789868213
-0.384587193977175 0.370380913057899 -0.219718155419403 -0.0163276550884638
-0.461158258821661 0.159579523258263 0.0783058035391092 -0.0402475376427342
-0.286824286255747 0.320818537717978 0.355344075469637 0.117309284821655
-0.0204044865295096 0.371426593882449 0.475758073548293 -0.189232904337218
0.233196359326345 0.195636029641966 0.130445456198769 -0.438519185114845
0.279643470896531 -0.0317864875417638 -0.188922434494115 -0.290290586127003
0.174739857574918 -0.18616923972311 -0.235244630893455 -0.0793688177541864
0.0354278532309994 -0.204382935368088 -0.13679055167371 0.0200018869870125
-0.0128562270431039 -0.191017203573433 -0.00353106215865944 0.0451474520983912
1.91939056121337E-05 -0.179499197763869 0.111694969426593 0.0231622474895959
0.0836670096015796 -0.229189678893366 0.216384415529492 0.0691462306730494
0.233961643878879 -0.176275820941152 0.241433184306312 0.202252666397838
0.303918131207682 -0.010121707307462 0.0679741239036326 0.326085025634981
0.253296434218789 0.296424702480027 -0.20601287908191 0.265085202233603
-0.0943243621100005 0.442900512523472 -0.318830806553163 0.0322406576539694
-0.38630329885265 0.343217939398361 -0.0959343409975923 -0.0818767713901868
-0.433913355787948 0.0680509855139324 0.249183539366262 -0.0798775606887046
-0.344972146356515 0.242045504375975 0.403102487560419 0.118830995798862
-0.101730633812174 0.359694745179541 0.520620497503871 -0.0915060333660209
0.196710739656764 0.232693689162016 0.261678744879992 -0.346014592455184
0.275216750227677 -0.00470491044264962 -0.0315826475495454 -0.314889386783813
0.184542655499314 -0.172654736549462 -0.157653759047559 -0.176966944498147
0.0407785875478684 -0.205825479455324 -0.123411507157902 -0.0757046181528575
-0.0185831485172327 -0.190613005245136 -0.00690306201326975 -0.0321788941714984
-0.00780876732703859 -0.178691066461802 0.105358657488063 -0.0542980362494246
0.0741844446808917 -0.219398305806292 0.228433378786285 -0.0129937536117627
0.218993800347685 -0.172295377796511 0.294797502464987 0.127967701205256
0.292292548432962 -0.0099783370035177 0.153523595812373 0.30023756457932
0.222689869808447 0.285112664190208 -0.130182130150768 0.271625434450779
-0.120554094191561 0.382840850603344 -0.270750372869696 0.0320324517850377
-0.355658848292492 0.255253707473496 0.0199811655058431 -0.136245705717218
-0.317530814284404 -0.022797414007332 0.388064746919547 -0.103216408260226
-0.309570036597119 0.119010063691989 0.427733178063521 0.120823175495756
-0.13617727161515 0.259702539379442 0.513974936024892 -0.0051587567876226
0.125359386829812 0.200090472470768 0.341500239113444 -0.235532948256792
0.211065658729752 0.0119564451202385 0.0977247926471198 -0.309552025041742
0.154932914114786 -0.129105685435374 -0.083264836067615 -0.24877655255365
0.0370480521404453 -0.171170328847289 -0.105624746989164 -0.157619306687164
-0.0205957736195749 -0.161388277187402 -0.00956815984439831 -0.100770623326463
-0.0130889583883031 -0.156836830889476 0.0993436323230642 -0.121595210988484
0.0606382042800004 -0.18693068303259 0.234388856152766 -0.0770766116732247
0.187674984636159 -0.141120238670089 0.326310897796725 0.0702320634150437
0.254021038850751 0.011749993251709 0.203071330433028 0.277554518424971
0.147430522295373 0.263970077514934 -0.0806740549870459 0.265889970747539
-0.160571333719982 0.281608976108385 -0.22383487780775 0.0265434024149361
-0.297764980364714 0.12522838861724 0.122936945211733 -0.162496061147607
-0.143867341360339 -0.102202125864445 0.461736061096779 -0.118870605337336
-0.20142893979862 -0.0048076421254166 0.421820853135854 0.117323169373341
-0.111931333046651 0.124271912237107 0.484300410964996 0.0431362735651164
0.0528238598418584 0.1163297735739 0.372528615015961 -0.164215412130275
0.113640631436292 0.012929302484699 0.16781304538334 -0.300419068057958
0.0968747613736192 -0.0682252410017013 -0.0383466406480909 -0.288171758390001
0.0259262797811959 -0.108867328678508 -0.091844376911721 -0.210884528979446
-0.0175258867631959 -0.108873092331457 -0.0102124839975327 -0.15113987857616
-0.0132463798634764 -0.115545714604196 0.0966586302711987 -0.169672744561494
0.0427173221462117 -0.137077114835085 0.242560374054693 -0.120763444420042
0.141841219559203 -0.0955148187110431 0.347634281994907 0.0371702258923302
0.194431792674948 0.0369356657019848 0.226559169170828 0.271398385518841
0.0574579653736918 0.222686969759712 -0.0576316930992036 0.265238391649564
-0.183149263370266 0.154514527523692 -0.186666953555451 0.0238628773826797
-0.208060020155232 -0.0201152398219722 0.202216739200591 -0.15355565978249
0.0576160090384896 0.137398726919387 -0.268633332655037 0.172385226999717
0.118998724441016 -0.0353783331682849 0.190125284903855 0.079395647190861
0.0154886887094951 -0.123222593806599 0.114258816378806 -0.28823240241277
-0.0959925118564852 -0.0296761248189062 -0.213383782453792 -0.340897430305215
-0.0530633803548197 0.0491611485183261 -0.414971299608148 -0.0454512627231341
-0.0132534673156292 0.0501733582725482 -0.279580079175222 0.175101572687165
0.0078444261599193 0.0466732314101333 -0.110467990939689 0.203045293564836
0.0124053332364706 0.0278207934362263 0.00604244880197755 0.204544839500148
-0.00180511633092869 0.0218845776827867 0.0754195619881834 0.222434018519988
-0.0230282558253394 0.00235667051212428 0.0404788461307114 0.292361104915036
-0.0103218418514722 -0.0131406997620811 -0.1368263264396 0.296153878384386
0.00433138801615113 -0.0260942054912521 -0.352201156801537 0.150701840801438
0.0869151190846884 -0.00342343855076238 -0.442803845466125 -0.0176066313740608
0.0737990777901551 0.110891943276062 -0.451028826154994 -0.127102288492548
-0.0497726043499091 0.186977579644623 -0.504695650300593 0.0800109858315432
-0.0973195594425516 0.213037161787388 -0.264898701080309 0.130468394766341
0.0666013801101416 0.0955719259465521 0.200479970454707 0.0900438279210659
0.0646259567563685 -0.0144041048662556 0.170468905482705 -0.30024921306438
0.000775419707412003 -0.0176612720004139 -0.196866110390413 -0.385291795233326
0.0272487566854168 0.00313123011341855 -0.423940674904799 -0.0825100123667601
0.0256225203564352 -0.0237871090041744 -0.299193411157638 0.159781815602179
0.00882891856618628 -0.026493205015765 -0.118707550249296 0.204569415596045
0.00965452599856684 -0.0438379195879287 0.00662935688844324 0.202175274335517
0.0101211083576851 -0.0520394136073121 0.0907051055428468 0.207719141334569
0.0378713858088367 -0.0800774012878753 0.0828107585373924 0.278011343619202
0.0998115077182266 -0.0403013655035922 -0.0666502215610428 0.319201201365725
0.0983212048240957 0.0393489852139255 -0.29857409135069 0.213065043032454
0.0886860952774974 0.140599938416735 -0.428365142601109 0.0456183617305963
-0.0413948043124035 0.245139661398231 -0.42750441799563 -0.0835051682279334
-0.223760123222641 0.265615223083323 -0.441739923813196 0.0645002612185968
-0.258416361776485 0.242696463589151 -0.205300859572918 0.0744942577053302
-0.0327124724225907 0.221486236388357 0.236529217192686 0.103558078076949
0.0839571414029264 0.130483693674835 0.266960726595222 -0.29854911006346
0.10888825130924 0.0301817112475865 -0.131515513751552 -0.441235398221724
0.123935173258763 -0.0342942334268565 -0.399233202781103 -0.147725030967192
0.0758502914788208 -0.09896308558802 -0.306115039115695 0.109201395795927
0.0151145636903912 -0.101628255923779 -0.13049585927555 0.173084235312391
0.0040401286848925 -0.109454182548531 0.00508608018660415 0.171581376291287
0.0143992808420694 -0.114428120076362 0.104206673243704 0.16347428665206
0.0746257676285185 -0.154614197012539 0.138543118729624 0.229584128783662
0.180997624017315 -0.0921300500134202 0.0426037391541239 0.317005731423135
0.197841166489395 0.0485139021433013 -0.194846396325356 0.28677034075112
0.146773156928681 0.243211015568751 -0.383547250676056 0.139849876387098
-0.0907934612069046 0.365923928045673 -0.400178533121457 -0.0307427093997646
-0.336133990435508 0.332670546259442 -0.338980350242116 0.0325909507855405
-0.391534034682936 0.221354030015164 -0.0866127571982384 0.0150957655928056
-0.164553751412852 0.307538314926898 0.289720338700117 0.115773134205652
0.0528910944690416 0.276275724905844 0.380947207283615 -0.261635065895301
0.198005959733 0.111158575400094 -0.0123942855665857 -0.467409850108018
0.218258501949481 -0.0459833652873804 -0.31870957602713 -0.226693697319074
0.130714775215653 -0.157371781127426 -0.286606510366054 0.0230238761496492
0.0258173731833942 -0.164602190540314 -0.138001417583103 0.107269970424259
-0.0031056956806451 -0.160732222821142 0.000905759989190012 0.114809154193701
0.0104560606325235 -0.157320903204923 0.111717657442459 0.0978267528174089
0.0868768562705892 -0.205827442871344 0.186922551290175 0.154041204766507
0.223529562771718 -0.145972828220652 0.154548426319059 0.271755845142205
0.270731356025482 0.019565145919246 -0.0603011679161347 0.327692152854066
0.218303023626573 0.288801710068329 -0.301844488139464 0.220187074296425
-0.0938828399855505 0.436698119695902 -0.363214389070579 0.0102311125932998
-0.386226975978264 0.363578371299828 -0.218802592866758 -0.0194868199452562
-0.456368068403855 0.153991094103337 0.074635290541773 -0.0372214961958161
-0.285823430251319 0.311945296641953 0.34613152931597 0.12047450357226
-0.0238444915340782 0.364722541278692 0.473346978490406 -0.182415592570149
0.227924512243116 0.195176246260493 0.138551355099115 -0.430975858826641
0.27515562588614 -0.0300778477762932 -0.181940887670485 -0.290303414799149
0.172852617483222 -0.182984417227856 -0.232034578114812 -0.0803619869854532
0.0360551288121713 -0.20136062936396 -0.135007820272714 0.0188605272944751
-0.0109271575075445 -0.187782275579305 -0.00268997968924678 0.0431138037745831
0.0026827559261572 -0.177478352870664 0.110401396631653 0.02144275720888
0.0836646518164062 -0.225687394156836 0.214767026141015 0.0672655441536401
0.231549063815573 -0.174465636714848 0.240295802643971 0.199715262972501
0.299338168203646 -0.00749054364915704 0.0621104911573437 0.322772919241957
0.246925449822396 0.293761991376402 -0.210773538023039 0.261279233220353
-0.0972622545258584 0.438321995439855 -0.319233820021746 0.0278157798779497
-0.386665142513242 0.336328787510037 -0.0963114715330508 -0.0815053783948702
-0.42906333474011 0.0630258975030896 0.245410689027078 -0.0735086326963012
-0.344729020941709 0.235533074790616 0.394493884717381 0.124472806199858
-0.104464067244446 0.352013908900549 0.516533480533146 -0.0845724425583424
0.191482045959756 0.231003471182533 0.267224154221925 -0.337397597995682
0.270882519506936 -0.0035125018280638 -0.0259738550197369 -0.314161799507248
0.182919888453186 -0.169432850132876 -0.155244792518945 -0.175791501356905
0.0415395649963701 -0.20217530619402 -0.120752801398717 -0.0737385982352937
-0.0173546120284214 -0.186095501095119 -0.00618858836866151 -0.0324442095343636
-0.00532365146350946 -0.176023165313706 0.10482590529103 -0.0548355293400733
0.0744427547930389 -0.216260560273846 0.227205493455718 -0.012511203230918
0.217016606391159 -0.169579979496229 0.293521733886294 0.126504516453087
0.287927448039553 -0.00775462124581783 0.148331127130185 0.297982168943445
0.216333555766631 0.280990579978744 -0.135222151391048 0.269771596117722
-0.122263956188499 0.378653893103862 -0.270910216314205 0.0292517731821033
-0.353807538180732 0.250013481085789 0.0196334688234484 -0.133387616166489
-0.313302473101463 -0.0263703494104344 0.384139192984849 -0.0950247786960921
-0.308441923762609 0.114763064234271 0.419397070594177 0.127162430382611
-0.13698576873751 0.254185377752807 0.510236146096423 0.00121325777062056
0.121379080805061 0.198117615371222 0.344706007200424 -0.228221255794182
0.207277945761778 0.0131919916448456 0.101987687986882 -0.308643793585686
0.153457329224221 -0.126993129432895 -0.0814570064137836 -0.24629508095093
0.037337028004698 -0.167713208013821 -0.103364580630553 -0.15501672854319
-0.0191464836895034 -0.156300281053876 -0.00793355094356637 -0.100022161336804
-0.0115391357830487 -0.154379804100656 0.0985209616206955 -0.12001857910083
0.0604332787179108 -0.182893930545812 0.234298373966138 -0.0766231504950236
0.18597484981825 -0.13815660555927 0.325105187149511 0.0699857979663473
0.248854266839495 0.013332817885514 0.197887728220831 0.274990455328858
0.142538203247294 0.260092132473645 -0.0858662463531476 0.263139862594599
-0.160440532147345 0.277319078061253 -0.224253640930176 0.0247026768593671
-0.295940814253488 0.121510648614628 0.120918283090389 -0.158642239041951
-0.141120075657447 -0.102046951618279 0.456617472811639 -0.108838689473219
-0.199156500538437 -0.00574199141050231 0.415370151685089 0.123830253944512
-0.110712859733438 0.120640176103788 0.478584399974804 0.0490775646745402
0.0501519893990881 0.114476371231782 0.375281247846862 -0.158018546862713
0.111076640259853 0.0135141321403573 0.170472349192745 -0.297798277166733
0.0957070528053659 -0.0670449037370914 -0.0359544796662414 -0.284115179665423
0.0257526684712305 -0.106301637032458 -0.0899782180123989 -0.207855632454697
-0.0171856130988674 -0.105083477987013 -0.00825557674429345 -0.150225471125527
-0.0128546331138599 -0.113452641827147 0.0972043365150548 -0.167208837940246
0.0421490132831555 -0.134264537149556 0.242545309122184 -0.11849328913719
0.140687427048056 -0.0935683868699884 0.344591855000001 0.0381074359489251
0.189479254792776 0.0373902081121976 0.220966460317777 0.270220587538191
0.0541888585934488 0.218638188645128 -0.0621164058112272 0.262325293655472
-0.181773441852974 0.152123765358759 -0.186048003396441 0.0226676510329589
-0.204441459232988 -0.0211848063692241 0.19982282674516 -0.149356117061759
0.0583355345128779 0.142062275746572 -0.277281882273889 0.175065071776173
0.122125530440157 -0.0347980920856362 0.192798373866978 0.085002935968501
0.0149112297902811 -0.126119702169237 0.120016439581172 -0.293858033251741
-0.0980418186989423 -0.0297926269175624 -0.214626387421391 -0.354553013707517
-0.0530303218033158 0.0500046976134367 -0.425343747597801 -0.0489278975073353
-0.0135984183948158 0.0505245211071439 -0.289307304691065 0.17657692139267
0.00821538630402567 0.0474476102196508 -0.118184806329808 0.204807971314309
0.0124253361726326 0.027498639567474 0.00394503187543714 0.207233835061011
-0.0016903014466581 0.0205691588683646 0.0752109274148632 0.22633145541569
-0.0226914947649686 0.00171293891980948 0.0399825026611186 0.29693716876384
-0.00999392573948501 -0.0134743568980551 -0.143047494400169 0.303559083708554
0.00483289808229287 -0.0259961937963743 -0.36547510925727 0.152491324979955
0.0872451578187172 -0.00336920582147007 -0.454464722685409 -0.024214178947532
0.074928054964106 0.113106719062313 -0.461427443608273 -0.139466145959193
-0.0526320428637784 0.191120424999427 -0.519886217484555 0.0728829469028816
-0.100910888527792 0.218595164020501 -0.274262652269028 0.13227406062612
0.0672045694158806 0.0984674263425782 0.202356088913725 0.0954399610174305
0.0656181448280631 -0.0148223469959237 0.179515520150371 -0.306383688342881
-0.000300979213137505 -0.016548606355725 -0.19557839459821 -0.399603082330213
0.0283026789936399 0.00321832819816302 -0.433801951748277 -0.0868669244743121
0.026045145758313 -0.0247892895674016 -0.3082901476256 0.161312434209936
0.00942842517229229 -0.0268804894652004 -0.125291841005752 0.206042450010438
0.0102752320017701 -0.0454085220509525 0.00540078010349721 0.204398400194955
0.0118307369583552 -0.0544960150253569 0.0902768309978373 0.209676836378295
0.0396646378281315 -0.0828885251231854 0.0847206502427875 0.283551059374485
0.102754999477998 -0.0420114960643488 -0.070350899312124 0.327218453845193
0.101248352403229 0.0419584820289736 -0.311470037174929 0.216779163245589
0.0885726414705099 0.144223512245917 -0.441767998850184 0.0415827846662843
-0.0458295598071026 0.249719401198305 -0.439122377653017 -0.0941449418924968
-0.232766479991375 0.270141947788124 -0.454976314761341 0.0584395871608877
-0.266503845862375 0.247930902656036 -0.213239957699024 0.0764626505930326
-0.0362540529873515 0.226163386945209 0.238393858748427 0.1103472709852
0.0836430186121296 0.132840703698113 0.277725996654653 -0.30437452053964
0.110134226171904 0.0324786268142074 -0.127650011981589 -0.453568936935617
0.127556883830538 -0.0343510752978669 -0.407517145925696 -0.154550179488392
0.077791564439283 -0.101160731014625 -0.314744372840315 0.108563460266141
0.0160202145737766 -0.103472366819926 -0.135242940989759 0.174286717819656
0.00499079638666185 -0.112898705185559 0.00465897895459366 0.173183762186137
0.0170313826341174 -0.118465422497217 0.105264681263619 0.164607329506255
0.0776887796883167 -0.159057890386451 0.142664915497196 0.233232881044733
0.186511395002977 -0.094909446853692 0.0432115221183579 0.324105441131332
0.20294212698387 0.0519675533607805 -0.20530218017701 0.293349454698274
0.147676673167439 0.250117151573426 -0.398332931884811 0.139616147772345
-0.0972164766207298 0.374717991197985 -0.413092061433932 -0.0379628988426433
-0.350131867674339 0.337580592807048 -0.350442776003803 0.0283321217759177
-0.403132943508065 0.223325385862454 -0.0911295594867038 0.0168919067815278
-0.171296633963794 0.312303362125907 0.291601113542623 0.123748414070963
0.0504972150793417 0.282405265652729 0.395323091401491 -0.264105250081473
0.200919614032099 0.115306925755114 -0.00273034762393413 -0.478481198986029
0.224172251446365 -0.046268024388614 -0.322969318538252 -0.237352320019179
0.134993077340045 -0.161146459919969 -0.294167366187638 0.0215313407809483
0.0267296697209972 -0.168246317489188 -0.142092231500034 0.108862257875386
-0.0030150094861623 -0.163583503307062 0.00144567988052183 0.115885485845836
0.0139608649104907 -0.161935135712957 0.112908578009987 0.0976485555622469
0.0900788015309299 -0.211494363757929 0.192076056947577 0.155831274124024
0.229574136629913 -0.149747826384658 0.160150024548564 0.278488968820344
0.277194367457444 0.0223967788482423 -0.0665269562414631 0.336200628172739
0.220694938768197 0.29670598720152 -0.316056954935304 0.224476541362527
-0.0997487062348001 0.448650547415754 -0.376221972246625 0.00424022860773443
-0.401340525342229 0.370803159199891 -0.226196096510712 -0.0222736436825075
-0.469572774013957 0.154092198427183 0.0749500225885539 -0.0354532186709871
-0.297769241897983 0.317694194959489 0.349321065863879 0.130406041822009
-0.0282370508336325 0.372820328799294 0.489353091957034 -0.181955791615623
0.230142708669285 0.201482429156858 0.150702299550899 -0.440050762499286
0.282072670049451 -0.0296832582343098 -0.180855495694062 -0.300939565836275
0.178412791033559 -0.186969282309931 -0.23774445067415 -0.0834205860272618
0.037717493249876 -0.205753315077248 -0.138298160618661 0.0194656195327157
-0.0103880942317988 -0.190737744923206 -0.0026384782926279 0.0423005842678667
0.00518605061871227 -0.182348176777591 0.112607787926881 0.0205002764444092
0.086989241530653 -0.231051149644265 0.221061722611419 0.0679057487783404
0.238090778855337 -0.179498730363819 0.248829997338935 0.205353701028242
0.30621490409348 -0.00485132620941922 0.059123813946393 0.33197785074868
0.250266250891073 0.30119023220132 -0.22284933836763 0.267003988555402
-0.102965307522326 0.450010470451112 -0.330929023570748 0.0246444990054875
-0.400157654791311 0.343368649302672 -0.0992520072929112 -0.0843163246935719
-0.439745927082143 0.0601821300230432 0.250265708674467 -0.0705690932969241
-0.355192256183441 0.237543195120281 0.399419649354785 0.134093816289142
-0.110668170839661 0.358161447595109 0.53237383950798 -0.080063628016015
0.192420551013613 0.238479331721469 0.282780125398225 -0.343542593616585
0.276434227672281 -0.00248458765750011 -0.0217108369242119 -0.325249377756683
0.187393960359831 -0.172883384766156 -0.158142776468063 -0.180957571033434
0.0431328135669043 -0.206670291386476 -0.124137206977705 -0.0749429473311688
-0.0160955271447357 -0.18808437745342 -0.0048378263813613 -0.0347359497749778
-0.00387303446807132 -0.180646470795469 0.107321292340596 -0.0570313816118507
0.0774580973902772 -0.220723568138347 0.2338786470899 -0.0137946194546883
0.223010711150557 -0.174145556533951 0.303303425596381 0.130027456072138
0.294019575836413 -0.00587800789759258 0.148023176066273 0.306155004616273
0.218640702192238 0.287628647706033 -0.145115685687538 0.27593650452458
-0.128278982341493 0.388248712524159 -0.28159538472172 0.0279908742281918
-0.366429776087031 0.25454183481645 0.0198021130999511 -0.136371003454038
-0.321419987764622 -0.0298947514144787 0.394392220978643 -0.0920877271660503
-0.31688063384654 0.115285684507928 0.425688390104664 0.139121890995713
-0.142861709711728 0.25824116314281 0.523695910509914 0.00800085526767872
0.120408385851533 0.203477731450995 0.360768630741631 -0.230063694305926
0.211177419318574 0.0144314960396437 0.109704587426802 -0.317745573149462
0.157449467750278 -0.130045997552191 -0.0825057303999678 -0.25238589159801
0.037829478978394 -0.171804494131058 -0.105518703237118 -0.157786769713766
-0.018173545330247 -0.157971012372169 -0.0072552024565981 -0.103231120953487
-0.0109700108984539 -0.156879876170336 0.101550212818429 -0.123254332754755
0.0631395930731945 -0.186989443503073 0.241935634722033 -0.0782192243288601
0.190837884547968 -0.140440281212926 0.335196843992871 0.0726380248538649
0.253274248361103 0.0159133010364915 0.200122944093494 0.283967702664489
0.143407501396092 0.264985955310202 -0.0941972877406091 0.270483207333743
-0.165603855296129 0.28429598822625 -0.231804033490902 0.0242013632352158
-0.303764060244734 0.123113756033817 0.123845600567904 -0.161291774473541
-0.144459138721743 -0.10569624503986 0.469983559246994 -0.104121164518439
-0.203441844176837 -0.00597191384563496 0.423200874886283 0.136102019587561
-0.114516257009268 0.121757455995462 0.491815537339927 0.0558118760019038
0.0491989605671116 0.117231396877357 0.390926019858482 -0.1572839121587
0.112866689417598 0.0145228559373319 0.178886506048192 -0.307619708940999
0.0988994950677534 -0.0697139251415968 -0.035153735780218 -0.291030950877566
0.0261402616601366 -0.107619711714482 -0.0908231512798252 -0.211264689829952
-0.016936144700523 -0.105346239339298 -0.00739112525939568 -0.153800318810944
-0.0127533042820115 -0.114765200742834 0.101621679826704 -0.170484888736148
0.0433197808033837 -0.135869274332776 0.250923531579399 -0.120183270355401
0.144682941681608 -0.0953856644037649 0.35546674660794 0.0399600262373889
0.192732674473285 0.0392825383795897 0.224045665378237 0.279076417814022
0.0531672411269159 0.222986020958779 -0.0688139016028275 0.269719507485946
-0.186419742083718 0.154900760802139 -0.192797462391507 0.0226396237583839
-0.208906831137383 -0.0225803721631774 0.204546353003763 -0.151599692422434
0.066038858795309 0.149432001144642 -0.290835512980442 0.190810601984463
0.128512127960046 -0.0379312034785404 0.203937087843043 0.0888054572376243
0.013077988634571 -0.13306889982406 0.123351437370061 -0.312827748317475
-0.104394098966944 -0.0280808558938827 -0.232997470384916 -0.37501104139774
-0.0536712421141688 0.0540543566572525 -0.449793392848543 -0.042335076375552
-0.0138037127125313 0.052969165603095 -0.303602057340475 0.192805506549992
0.0104772032527537 0.0498261781200248 -0.124285755580293 0.217227355725443
0.0138206770076712 0.0277791674886148 0.00660218771250065 0.217774061710453
-0.00074463295340163 0.0196883793225925 0.0827904767833739 0.23558074060682
-0.0225331833765314 0.00183743829331663 0.0496524638186786 0.311523673627005
-0.0106671661921692 -0.0143757722141119 -0.145708943101343 0.324290603988683
0.00583338661811209 -0.0262675785439549 -0.386997960399885 0.168977664970208
0.0911484697261659 -0.00525055586663547 -0.481009943176457 -0.0195287300041644
0.0810335425701089 0.116681924109548 -0.490144424073984 -0.144720880323912
-0.0512705736332835 0.203973597755143 -0.550114926183175 0.0826510977201237
-0.101022487940729 0.233535060613122 -0.289028776642224 0.145118380322954
0.0726361685684637 0.102827338348477 0.212924255893285 0.100918145673425
0.0672815511222778 -0.0167028047627353 0.185907865966119 -0.326441363396591
-0.00152132406308623 -0.0158284492195686 -0.212436803762443 -0.421930391818984
0.0312844850630803 0.00251234136793299 -0.459464428977786 -0.0836183878088575
0.0270195509213156 -0.0275275602225656 -0.322745225547081 0.176387219845691
0.00968277646021609 -0.0288005166452392 -0.130752953629704 0.218104025523692
0.00994188728889442 -0.0484885454499927 0.00945244955135507 0.213454443045688
0.01263842080957 -0.0599070519663343 0.099676849377265 0.217395392480097
0.0414612471431337 -0.0891812252776826 0.0972721380215031 0.29452539228747
0.107690804964838 -0.0467844103545762 -0.0668662178184886 0.347309890291263
0.108500746912932 0.0435742573465301 -0.329116542281703 0.235845663142064
0.0940986140512477 0.150823773326009 -0.468486388471279 0.049376750325127
-0.0438228388559092 0.263905222954221 -0.467402934971182 -0.0977591989691985
-0.241884144299306 0.289615493804052 -0.482441783888229 0.0681049166891316
-0.276659026030727 0.267438408431467 -0.22598141337209 0.086795362244518
-0.0342231675153434 0.239021672302415 0.250970252509719 0.115122282194471
0.0892612540242554 0.138233439371495 0.291333745584208 -0.325189522220077
0.115370332334721 0.033291214681015 -0.138796816099469 -0.479390708158481
0.13462450025769 -0.0388429416077215 -0.432550898048859 -0.155598074232255
0.08019582767068 -0.109252821363077 -0.330985771130382 0.121089094310502
0.0151024973273814 -0.109197569120064 -0.140611331000901 0.183978049417851
0.00311047296563058 -0.11894001229529 0.00799941161173757 0.180142673416411
0.0167751692749167 -0.126703276579456 0.113932890489911 0.168452019047147
0.078381075287189 -0.170727797808272 0.157182056793955 0.240068249440091
0.193731456587095 -0.105668691123422 0.0548582898631293 0.341494981338107
0.215490765770322 0.052466819967632 -0.215219505863347 0.315408368562515
0.159850132324919 0.261651367021564 -0.421932030956842 0.154513668510166
-0.095151867742935 0.397372505994422 -0.440395540222891 -0.0374697139811922
-0.36563992946554 0.364603978599754 -0.371740517876831 0.0344851755620332
-0.421401466241156 0.244822323228906 -0.0986038071426673 0.0219610734102271
-0.175383951304186 0.333162507303211 0.305943612338326 0.129245671862276
0.0579125542516166 0.296758396276365 0.415892023832082 -0.285173383268167
0.212865710373138 0.118860482564791 -0.00775805479997269 -0.507866517865459
0.234966462499073 -0.054495865733191 -0.343525698428935 -0.24588813633518
0.138560437312124 -0.174345197485794 -0.31075272529518 0.0287068028285242
0.025085877257748 -0.177047736724059 -0.147369134485878 0.116306947575091
-0.0057614457935085 -0.171306537553486 0.00397661572275929 0.119796244338366
0.0123924626447536 -0.172393293012765 0.121007908946245 0.0977933404828857
0.0907751501447357 -0.22599599960239 0.207327882766433 0.157501059343557
0.238335923441375 -0.164416309512249 0.178339387505837 0.289767637878261
0.292647348690828 0.0186217488433708 -0.0675354509435692 0.35803395416012
0.238062841712828 0.308667429386926 -0.334884220541865 0.242971234379964
-0.0969571963592739 0.476272785339597 -0.401352991530334 0.0105000690157875
-0.419229605324616 0.400583869116793 -0.24168364766785 -0.0201906420414116
-0.493628794687189 0.170246174367715 0.0760796067905431 -0.0353226336433102
-0.308645664309238 0.339942020291008 0.367165478886906 0.135895003869306
-0.0242165627873251 0.392684669148765 0.516672527541891 -0.200093199776855
0.245603132246989 0.208420312877713 0.157148486861054 -0.469370570717094
0.296334479512446 -0.0374535736479786 -0.194607752104549 -0.317280455321023
0.182979525093108 -0.202469471476764 -0.253151420629209 -0.0830183354811696
0.035554407916571 -0.217271665583035 -0.144660369803468 0.0229921035463653
-0.0143658416549318 -0.198660372682113 -0.00155256761472117 0.043247745507789
0.00317070672286428 -0.193511829132697 0.118910989203312 0.0167901751108857
0.0875381118639387 -0.246322567684892 0.236036270796479 0.064307766250711
0.246544121841061 -0.195789168385455 0.270424062241968 0.209756252393459
0.321368999949645 -0.0107444341191537 0.067065061275264 0.3505730396504
0.269334418573705 0.311446097987887 -0.234810792556673 0.288717996361191
-0.0994561329748826 0.47883963958218 -0.353074814006807 0.0322751665289575
-0.417595809789852 0.371734219873846 -0.108576415412306 -0.0874107833664132
-0.465836845164078 0.0713427582713063 0.261950603452355 -0.0759627751727294
-0.371474716946948 0.25740223224073 0.420679774746992 0.139050356386195
-0.110848355316383 0.379886969499997 0.563979643264565 -0.0937123424866934
0.206853582934002 0.248075732652292 0.298835191333757 -0.368826758360073
0.290431528995046 -0.00818636440877437 -0.0257089412177919 -0.346276517856729
0.194214115987388 -0.1885128600457 -0.17112036144306 -0.188131582771334
0.040874790451295 -0.218603493100323 -0.131705160053139 -0.0764505961938176
-0.0207393193682964 -0.195948095437378 -0.00572008638886011 -0.0378655939974194
-0.00730705757495384 -0.190230144733178 0.111915422376095 -0.0637700135929687
0.0775619005005479 -0.234640342729822 0.248527631522587 -0.0220656734377394
0.231480169303204 -0.189656165551498 0.327103873294782 0.128955011342073
0.30858375939974 -0.0114427177519866 0.16224989550349 0.320930123303787
0.23509792335696 0.298105679253159 -0.152792333370197 0.296077131678825
-0.126728866865874 0.413960274648469 -0.300621007185953 0.0349788828203102
-0.383702859191133 0.275955017449841 0.0167494161980661 -0.144331206098788
-0.340942451930311 -0.026056309628173 0.413461157887598 -0.100679517497991
-0.33313589208768 0.128797646169354 0.450321151253145 0.143891361452116
-0.146939547466402 0.273802512803197 0.554992177958563 0.000954296301202103
0.130157203811569 0.212766841066552 0.382873820159379 -0.249791146731201
0.222253952514513 0.0103940351688211 0.112078793325623 -0.34154391846978
0.163568910054092 -0.141723274267489 -0.0920635737432578 -0.264951101390318
0.0367606861130258 -0.180541336195363 -0.113624646503492 -0.162727627872913
-0.0222216151785385 -0.163913303477574 -0.00897445061308018 -0.109946838219334
-0.0146157069108339 -0.164774331036791 0.10457903516368 -0.133097013949931
0.0627222679750085 -0.198087336587941 0.254646270817967 -0.0888011671109674
0.198823325992423 -0.152920630222576 0.35891371640887 0.0677603387900121
0.265736830791101 0.0119265525288734 0.215911034400013 0.296540063160056
0.154174974765321 0.274769640285176 -0.098411143966558 0.28946130723836
-0.168551035373305 0.303987184532571 -0.247414778105253 0.0305004594672792
-0.318885396545939 0.136563220703012 0.126187794257126 -0.172192037375776
-0.154630489832222 -0.108233762309881 0.494155370226933 -0.115880371063045
-0.214416346055449 -0.00103083424792154 0.449834073773545 0.141484190692768
-0.118802937492765 0.130153543958172 0.521944676074807 0.0526928458623733
0.0528544239006073 0.122752149405696 0.414843154969397 -0.174433904305001
0.118225192645651 0.0120065384074477 0.184578714636382 -0.33206924520891
0.102504640206619 -0.0769430046673892 -0.0436918214090983 -0.307231239477967
0.0252232855180191 -0.113213922944002 -0.100570738948839 -0.219277592187066
-0.0195492733745386 -0.108031299424627 -0.0101032691235761 -0.162558902253682
-0.0170426310545351 -0.119417039099169 0.103320058333105 -0.182388124369506
0.0427236470424266 -0.14387130559491 0.263404573683721 -0.133018015607052
0.15072133664956 -0.10372607488068 0.377893000203827 0.0344446422890672
0.202633685734157 0.0387063479550077 0.241649437247383 0.290692912971279
0.0593225155559534 0.23281104278963 -0.0714102026381243 0.28710009897078
-0.192791856338191 0.167748165710202 -0.204166419937658 0.0280610593502071
-0.219602349110605 -0.0195129630296963 0.211867162474463 -0.163517558042215
0.10145108957198 0.142743004730244 -0.285471549621352 0.255646614186403
0.128218424122494 -0.0605714375034172 0.229092817091602 0.063552714363808
-0.0102585813142752 -0.138131708948268 0.0754237870847401 -0.345396856002853
-0.1078211566535 -0.0104912029969067 -0.315320574971852 -0.34698993258694
-0.0435711989517415 0.0586893869428408 -0.477596937456063 0.0431051502205209
-0.00456883986964574 0.0543018911803155 -0.28343420751893 0.258375330822079
0.0191573736884261 0.0499971344687852 -0.0928957024832106 0.254110844336789
0.0180021115594705 0.0250019301820894 0.0444024411314432 0.223439397680813
0.000696105314968462 0.0192738560395546 0.129203997555323 0.230568643161413
-0.0246844519827574 0.00415537134042794 0.109688690242753 0.315297304747288
-0.0156834759309039 -0.0157666023073621 -0.0962020223572812 0.368478513685309
0.00572113661433804 -0.0283399908218018 -0.381051634840714 0.250079652773229
0.0923741302849382 -0.0228899113524805 -0.511165050091145 0.0638717745767355
0.106338856793394 0.105429784612979 -0.539431152513492 -0.0702618214585949
-0.0129816476715676 0.219477935092942 -0.568016139208822 0.181526189070481
-0.0591658500616317 0.266269039939523 -0.287198264691133 0.192478763410867
0.0934391427147443 0.0978626923626561 0.237847131743061 0.0679028982261636
0.0674998775787558 -0.0258395093460172 0.132181657619599 -0.377056567767344
0.00155335283744777 -0.0141832033830411 -0.307085295963389 -0.399072133091612
0.0361604867223051 -0.00901448756059631 -0.499055206016712 0.00380252779351353
0.0240022787092985 -0.0363477789419024 -0.308260007962709 0.248878395961106
0.00550211072439305 -0.0319315528548281 -0.0991818410118302 0.25720419171226
0.000689819234155366 -0.0535728547356754 0.0469177257522639 0.219343578873675
0.00101761344733041 -0.0658697518289169 0.141831563430712 0.207645842577355
0.0241622451485681 -0.100795342519162 0.154708231505191 0.287288380799176
0.0991769164937692 -0.0709020543973968 -0.00896228086304872 0.377374369950974
0.123921795220997 0.0262524437493981 -0.310141683933179 0.308259861039255
0.124979407133868 0.137984315859645 -0.483460950129566 0.133980316197622
0.00327644624740346 0.279804662596108 -0.503604900493239 -0.0211978430833651
-0.195124527108937 0.343172738573932 -0.500596740560341 0.155159254512484
-0.239122066781008 0.338195136200571 -0.223669674626154 0.10384621949241
0.00281154978508076 0.260930295706825 0.279849224609973 0.0690104854420665
0.117459030543011 0.134268427070815 0.238452383719983 -0.403654604853147
0.131414241231501 0.0181400645469697 -0.246194724178145 -0.476331710863893
0.137009501174538 -0.0693972100035353 -0.490373367685384 -0.0747639782880941
0.0654238196477528 -0.13100109211545 -0.328091728453721 0.195766519041251
-0.0027232142330715 -0.11703107208236 -0.115881273395813 0.225412076454406
-0.0185892057275543 -0.124426384399484 0.0404239397563177 0.184003844462943
-0.00674010403048979 -0.135634234693204 0.148071656471553 0.152967941154246
0.0485419504848247 -0.191022047334244 0.207192688708909 0.218714187010806
0.176881962667161 -0.146365288302226 0.117432461258627 0.347587690019416
0.234555807398705 0.0165136137773031 -0.176123165745678 0.370306485826689
0.21293467041181 0.239897937743363 -0.417065994447012 0.234012879677194
-0.0258810397307134 0.427860836475101 -0.460762560780542 0.0397774860248327
-0.309874184253908 0.441867218096613 -0.389026484714112 0.102861099069057
-0.398475239507604 0.344036583926883 -0.0909023371184595 0.0026695768578844
-0.131606283579449 0.384442078894552 0.344295375686994 0.0662947466983538
0.111789082665317 0.306878334901785 0.374717570511224 -0.395562771256825
0.246904663460092 0.0931016880619045 -0.117652436766526 -0.535986452483469
0.239087358267323 -0.100630365922036 -0.419403035607312 -0.185644153314834
0.114976498755597 -0.208471743301836 -0.325916519603312 0.0990719223652489
-0.00408963160669252 -0.19007669889657 -0.136576382216687 0.156348714440513
-0.0361763339693759 -0.17706973385745 0.0254657819005997 0.122403241510614
-0.0184965331901935 -0.181809683384375 0.142871886636984 0.0779929205956023
0.0520881022406032 -0.24967582269741 0.244139066987212 0.122812803157665
0.211319987636819 -0.214544127631939 0.237926687458285 0.271488334443984
0.307778800339151 -0.0316948991273679 -0.0137788905432626 0.387165945018353
0.303263284185025 0.273702812263031 -0.309577656733112 0.311754681042578
-0.0130495536648689 0.509176041981756 -0.410961031026445 0.0832123826454744
-0.360084310018072 0.489244036747044 -0.260744439755386 0.0230757619463751
-0.491472840859847 0.280826678099509 0.0926270197699867 -0.0920381088764429
-0.272010752764208 0.415921479030286 0.414875803462301 0.0583452785997329
0.0394201088547529 0.423553842390404 0.499043505408762 -0.331800970092113
0.295885406783786 0.182284413933231 0.0604373609185935 -0.533912801285728
0.305920481984183 -0.0928776730385055 -0.281220393402206 -0.291857327419215
0.156602198023048 -0.245481932508099 -0.289572774374539 -0.0281841221546034
2.72686290347986E-05 -0.232818533240695 -0.15281712861858 0.0587433924374817
-0.0499859668343321 -0.203063841822522 0.00656465145680004 0.0443680458265276
-0.0319206657460907 -0.201555224421871 0.126221631195774 -0.00637418018168971
0.0452679192095839 -0.269610380590823 0.257318771299398 0.019979129520236
0.214753334011002 -0.247809147572918 0.322192116876648 0.169326328352537
0.330680783933021 -0.0679273739096167 0.126835772690857 0.3561518810678
0.334775036335334 0.270151342847461 -0.196505506117759 0.341558465360173
-0.0152006770464738 0.511084164055883 -0.355723471117532 0.0994468799942637
-0.364040212467906 0.459753218031191 -0.132404269562937 -0.0698803679792212
-0.482750852358885 0.171851484039978 0.286337839994379 -0.163850755636078
-0.352969887956541 0.340223808139368 0.476975493156181 0.0541736203442207
-0.0547919135379329 0.423611265130205 0.573890558591129 -0.230785907609619
0.258885683826083 0.231517993379945 0.229796210988102 -0.457952736524797
0.305564516984643 -0.0585650832110306 -0.11001899122583 -0.358765028089176
0.170270399143537 -0.232566763470717 -0.223818941029289 -0.15405974581706
0.00579812206253085 -0.234878229121137 -0.158389665790966 -0.0479343730992001
-0.0546419108471733 -0.198770570006025 -0.0123749313283834 -0.037977830845845
-0.0416989624159292 -0.194977983857596 0.103443905425986 -0.0884818821486425
0.0384373513910231 -0.254600446270571 0.253881109890895 -0.0719879789339656
0.201620668902588 -0.236192690142994 0.366079772891367 0.0745887500682749
0.316372762820282 -0.0662255561059729 0.221744959385789 0.307137359285663
0.297171551460358 0.261553934854913 -0.10750915445182 0.335578720542549
-0.0556827694536739 0.449771074071121 -0.300257867328945 0.0935763860119703
-0.345073614711144 0.354790643974328 -0.0107582952453563 -0.152373247795117
-0.369907127472551 0.0455447731830893 0.441278158271345 -0.205700852854484
-0.333040988994213 0.197781995940658 0.512752996650146 0.0587035142966885
-0.111510799816576 0.318197407329163 0.587215929756666 -0.123889833700302
0.171861144583264 0.207512902251677 0.345543090153952 -0.35109209215118
0.236907066682283 -0.0246873206834376 0.0389934019540904 -0.382582972954803
0.147040659726105 -0.177850465366922 -0.154207754548604 -0.253651172116621
0.00800694438338711 -0.19439858311755 -0.156604167944144 -0.143968691256571
-0.0499652471275185 -0.164418221262564 -0.0288021957903443 -0.111850336208908
-0.0441424105013115 -0.166196810512113 0.0844619306413784 -0.15898571009643
0.030202825982293 -0.213398736209425 0.248924447939208 -0.142205744869565
0.175676004719732 -0.191621130975392 0.388679380451792 0.00562225826350926
0.27525184732611 -0.0337775354061589 0.275446609973574 0.27145110785708
0.209346076348909 0.2542076680303 -0.0503761656356205 0.319489773146278
-0.117742799710903 0.343018516266062 -0.247047160693839 0.0809407546804372
-0.303825788180826 0.198762716396289 0.100505517332795 -0.20157311328321
-0.188719029234903 -0.0774041261558951 0.521000832419809 -0.219796345206686
-0.229668876307726 0.0400322377531338 0.510940114183303 0.0632751942172542
-0.106910764623328 0.160030336631272 0.564371426996592 -0.0553617448231288
0.0747275721000369 0.125961653360798 0.397688600436376 -0.273782890891018
0.12861621934737 -0.00416992285958991 0.1212779722741 -0.387118904326571
0.0951599001679073 -0.0985564241355515 -0.108096658628669 -0.310937256016279
0.00820514558685623 -0.122470505931367 -0.15250704474889 -0.208624445737653
-0.0368373161489578 -0.107418674573574 -0.0398451133844388 -0.166366702224074
-0.0387557178894519 -0.118489731976728 0.0744336258184358 -0.21064356801823
0.0183673853666172 -0.152586662394946 0.251305248279994 -0.190130220888323
0.13480161191055 -0.131406727843091 0.403867819130148 -0.0331614864057332
0.214071830693419 0.00404741512043787 0.303521692611457 0.260138641119327
0.103722547188368 0.227573831721958 -0.0220344434815177 0.314015190292835
-0.167224318856492 0.207659300603933 -0.205521169720375 0.071273341110013
-0.229539580154172 0.0195261510087159 0.191569196643297 -0.208073004901119
0.120985168794196 0.134477052807605 -0.263849529474016 0.293890192191153
0.124900691401712 -0.0759625733931778 0.242154120569333 0.0443962561289838
-0.0256391775414063 -0.13800650965342 0.0428226786558266 -0.360475208851493
-0.109339320014591 0.00326724012033553 -0.359228041227959 -0.323522199815235
-0.0365710371359335 0.0634789192790541 -0.481632417075144 0.0954055328396943
0.000487855216561439 0.0557542638191873 -0.260338792361625 0.295443204418288
0.0262380397328867 0.0479727530776457 -0.0715145189553725 0.270473814227228
0.0213940764695018 0.0224181121382744 0.0669993789584173 0.221775238251506
0.00227232165394719 0.0174628862658743 0.154715292050032 0.2191119201659
-0.0248483662811205 0.00563504227220253 0.145033893983442 0.307348305741397
-0.0176345531659314 -0.0136264441810251 -0.05901436650858 0.385646555819236
0.00468430108723261 -0.0287803848522078 -0.365188769878352 0.297734645655858
0.0902883246740772 -0.0321173360371879 -0.51429252440843 0.117122133077839
0.116937899874395 0.0938413386655525 -0.559535879621064 -0.0199768554297328
0.0106177686452827 0.225414439752243 -0.559166777604027 0.24414880248252
-0.0301822359004899 0.277710234940845 -0.273283253621396 0.229933972735877
0.106095327405961 0.0891869957978827 0.25039271461277 0.0493025995298709
0.0648879049983375 -0.0326018526603952 0.0976783993917391 -0.396850264072581
-0.000134581882488149 -0.0127031031915761 -0.35557916741323 -0.378367064735481
0.03704060313858 -0.0139070971995773 -0.507129695906372 0.058398350064754
0.0199208161661374 -0.0399841877535407 -0.287401243413644 0.287327471649219
0.00331635445675698 -0.0332233351148368 -0.0773065306160329 0.272294798167059
-0.00456131962360601 -0.0554722640292432 0.0687509942343628 0.216377084477549
-0.00672100804120712 -0.0693618532610223 0.164326803897733 0.193161119061387
0.0132404177118667 -0.10625872902485 0.188795984748218 0.27244474975979
0.0929453249326689 -0.0829237491160069 0.0315262992893211 0.384224010705194
0.129663668072519 0.0149538408146438 -0.285853634012635 0.349615454433382
0.140520927788177 0.127449872938942 -0.480775994685641 0.188555329157459
0.0323563611760719 0.282662159052684 -0.518076495774879 0.0285262094627613
-0.162201168594374 0.370002134323473 -0.492997396235112 0.211773120085235
-0.206039757360645 0.370760280510912 -0.219384474343445 0.133834804476676
0.0316093701682036 0.264083719855147 0.292504703517828 0.046716951881593
0.132531465725396 0.124284000853292 0.203247912528788 -0.43640258493049
0.13529925634757 0.0069743522501377 -0.301449904794111 -0.462136233516712
0.131823978079326 -0.0859483268001336 -0.505693797778788 -0.0248994312033615
0.0514042507395243 -0.140814560955406 -0.312927236232783 0.235475537888876
-0.0145981516403502 -0.117943605769043 -0.0957140335298527 0.241506737802339
-0.0314893651913372 -0.124765171329356 0.0585267932181714 0.180389458029667
-0.0208044615095829 -0.139383974712041 0.164898966360723 0.136535344037554
0.0278912455227701 -0.200476601340034 0.2343750876905 0.196650642883057
0.163029880157096 -0.169101047135045 0.159399094898956 0.338539455301815
0.241344294255493 -0.007692123298304 -0.143564473842939 0.399243349497188
0.241645174277694 0.221801569959196 -0.402148777312705 0.284514073076341
0.0187711451935379 0.436588404390356 -0.469541939545854 0.0880849565434592
-0.268993736440917 0.484466286763154 -0.388218291066224 0.146271862630839
-0.368733768442714 0.392885973620189 -0.0941713270369901 0.0173723206412406
-0.0922929910333987 0.404524779954491 0.355717709643272 0.0385097211876674
0.144792289165396 0.300045612375403 0.34318746399507 -0.441566584181913
0.260678343575596 0.0699724057157251 -0.173640127878302 -0.537842752692962
0.232616721782391 -0.129555710794892 -0.445831381086046 -0.146440081933261
0.0932140562835402 -0.225402734199586 -0.321263499612068 0.13554123470361
-0.0248196717708619 -0.191274772648547 -0.122879746290533 0.173495235311639
-0.0549679279771855 -0.175489956020582 0.0374667568450219 0.120178067463847
-0.0381528676229544 -0.18506083838358 0.150714650262605 0.0604301612529337
0.0243218813068447 -0.260744478957863 0.261461925079743 0.0950882098031576
0.189941281348308 -0.243028519524802 0.27440866198963 0.246763950613081
0.309566344120465 -0.0646549064645802 0.0245850007347434 0.398025498267531
0.336389402852741 0.245917382991142 -0.285593418579108 0.353834950485628
0.0433082899379631 0.519282777786659 -0.413249934545344 0.127386071858347
-0.315073945996476 0.537311606005478 -0.266086584220888 0.0531888072452419
-0.46949545241129 0.34025435526804 0.0829580920847709 -0.099923925913264
-0.231999868487959 0.45196126309638 0.427129179026372 0.0234965230039889
0.0837737928788692 0.425507083424754 0.476775842101397 -0.39116370098407
0.32025229612681 0.155494481708508 0.008496914359827 -0.553421438616444
0.300779522890775 -0.127425784994248 -0.316937915901197 -0.270704326230774
0.13011523298792 -0.268353040680147 -0.297004022881239 0.00260737662174606
-0.0253973757400093 -0.236390168849334 -0.1486768442796 0.0764264562497693
-0.0713306870568458 -0.200006706295438 0.0101090604573792 0.0421774943541758
-0.0533656210562913 -0.201541639550067 0.125374753948732 -0.0230111632862109
0.015841369213721 -0.280373657778543 0.263389219962904 -0.0110713842275483
0.18938320011924 -0.276961338554573 0.348769289573304 0.132404212465771
0.328999436245339 -0.102940099700286 0.165227210998171 0.350754397535546
0.368075969834736 0.237762775899711 -0.167837026258945 0.372419350470271
0.0409016245269723 0.522848590922385 -0.354927887539425 0.139818298993345
-0.322818508273981 0.508907896240052 -0.14345809051445 -0.0553823143752532
-0.471646013132108 0.227306327041343 0.272516681084265 -0.19433603375162
-0.32202711481304 0.382739869394301 0.49051706540818 0.0118172351751227
-0.012809369155206 0.437000076563861 0.562612411654442 -0.294502403913222
0.288449461785938 0.209797762224393 0.189422991370192 -0.493807071042619
0.303636476943303 -0.0926638938303713 -0.150306033203518 -0.357248011598779
0.145699582514537 -0.256621722705331 -0.244009771841917 -0.132708563081121
-0.020191233858958 -0.238486229799751 -0.165804735747344 -0.0317749321771751
-0.0759261079678225 -0.194058602752163 -0.0174543823848011 -0.0392806605102475
-0.0632392788394912 -0.193205667504228 0.0943767746641498 -0.103567573171834
0.0104637599467227 -0.263850282665361 0.24989376661776 -0.102704777570291
0.177600312995736 -0.263392997495781 0.383816610681901 0.0314629849519943
0.313643763036028 -0.0994527161850848 0.257576983363125 0.289794301921185
0.328045945265128 0.232393510898325 -0.0771159225071009 0.356882920359585
-0.00604417666110365 0.463353778774568 -0.299230581227099 0.129216005955743
-0.313739860569484 0.398798171519559 -0.0278827361186713 -0.151389976689939
-0.371184604302156 0.0868208699079443 0.428090721524826 -0.252811458147433
-0.317625152615207 0.23632961269631 0.527048617514636 0.010929457010832
-0.0817456242474247 0.334718367146255 0.58667193246483 -0.188581542875718
0.19634931385599 0.194526668608064 0.318105183887984 -0.396378814630622
0.237634705769482 -0.0511066204932516 -0.00145971770265358 -0.398749423081447
0.127113133811903 -0.198846922959791 -0.184683932368031 -0.241921539715028
-0.0134954654783651 -0.197906648709548 -0.174818510860093 -0.128517690666352
-0.0674730535125061 -0.159984265821707 -0.0419609998623215 -0.111425111024714
-0.0626582350707699 -0.161982448097432 0.0684240026995137 -0.172508387572209
0.00703537967044695 -0.22022842024984 0.238216504995687 -0.173699881749894
0.156648060444915 -0.215356667634125 0.398586714130437 -0.0408475440509304
0.275517444072126 -0.0624997064946461 0.308462108915524 0.247138117361628
0.237726248302476 0.234373586985968 -0.0197965166873963 0.333835513032411
-0.0812944228159267 0.361916635404562 -0.246007741278735 0.11075511632148
-0.286900901057633 0.233990779720597 0.079536338059308 -0.213689321423663
-0.199565345383566 -0.0564727361773679 0.505938717756901 -0.278238993839194
-0.228363563331693 0.0663743005405102 0.528188142693061 0.0136556555943964
-0.0918437901196063 0.173192659004729 0.570183772905039 -0.114657974134697
0.0891298846731178 0.120400271106199 0.379968104197479 -0.323654785828915
0.129665410701077 -0.0173151581693525 0.0807974083001504 -0.411552904319465
0.0843539595492601 -0.112364408422573 -0.144808263151483 -0.306114993041353
-0.00542975762450148 -0.124540244055576 -0.177617471764382 -0.195132801233809
-0.0478589916791777 -0.102854440477081 -0.0586752750184399 -0.16585439353368
-0.0523512650574052 -0.113436123536892 0.0532598378462425 -0.222980650351606
0.00214843700682549 -0.156451277120412 0.23544528944546 -0.221341787589647
0.122149179455166 -0.148529148006883 0.409067192704465 -0.0795091502538617
0.217479088858304 -0.0181929585335919 0.335555190409932 0.233547686021161
0.128392538092277 0.218686655369704 0.00885973569380906 0.323871191455361
-0.146531116200412 0.228658457901238 -0.204029461924253 0.0953456341763369
-0.230167962515132 0.0437033218634627 0.17107234081123 -0.232209037379485
0.132057508612096 0.116528623323524 -0.227162281068821 0.313525321930831
0.114195559060018 -0.086749860138147 0.241783730392017 0.0224340539362707
-0.0383765593536197 -0.129604615396733 0.00999158069996912 -0.353194736893693
-0.103212732110087 0.0147194162034312 -0.381535525761458 -0.281372549797579
-0.0282334705267351 0.0639325865537293 -0.455641276786222 0.139485280856473
0.00563797475303394 0.0540013153005427 -0.223586563466714 0.311592007703261
0.0312180609464653 0.0429948067099429 -0.0461050072932902 0.270901331353605
0.0223414255078569 0.0187279288026852 0.0838730479943356 0.208515693722717
0.00303971914672221 0.0148862229562964 0.169359535849617 0.195704176325595
-0.0236069540972418 0.00689825077148777 0.169584991891907 0.280297580192425
-0.0173753140450733 -0.0113919593895983 -0.0210051245556585 0.379663693006846
0.00344760048590047 -0.0270469891086192 -0.327348482762531 0.325609029679454
0.0827920951942027 -0.039742121105012 -0.487146307872309 0.161522602784284
0.120122926667683 0.0785048148397493 -0.5461696005531 0.0301855873862289
0.0325590829113464 0.215978831779965 -0.520513913312281 0.287327248942355
8.72829072160915E-05 0.27056555932106 -0.242695393018571 0.25366410230885
0.111752695060904 0.0745776781284012 0.249448552156388 0.0280799551670715
0.059164945600885 -0.0367870160348157 0.0597748232375439 -0.394801525410561
8.02646118623472E-05 -0.00992800836969893 -0.380605568623214 -0.336278678065262
0.035043189202902 -0.0175642671875436 -0.484438827679622 0.104952454395028
0.0148004923406444 -0.0404661787967118 -0.250170261652629 0.306176946757522
0.00136642565470371 -0.0323588129388261 -0.0508884774113972 0.271617402596993
-0.00961119351515891 -0.0535505573936867 0.0853539775175086 0.201852413837171
-0.0139454227384676 -0.0680481933670919 0.175397762587331 0.169229456649359
0.00109208868011179 -0.105068885099759 0.207270741980561 0.2419302218665
0.0812430395941969 -0.0889543614411829 0.0684742057658212 0.366629516874266
0.12878122125834 0.00288187610294195 -0.245749386099319 0.368698058644264
0.147096651822365 0.109725716084002 -0.448497951087657 0.227759586054888
0.0566810071440527 0.268643147090876 -0.502127993325715 0.0747093446155907
-0.121281842942072 0.373068114082194 -0.46057804747898 0.250844531382637
-0.161329700408537 0.378282272356925 -0.199517079178354 0.155225824978832
0.0564415579953017 0.251026859515107 0.288938187429707 0.0231045351763912
0.138770060407452 0.107232859497924 0.157431969141791 -0.442052623037336
0.132151380034119 -0.00448000203402342 -0.333758433299271 -0.422125685572356
0.119684807025321 -0.0965189404558811 -0.491243930386884 0.0235860975958444
0.0351054246215957 -0.141431923907651 -0.279767519992854 0.257856880630613
-0.0250380526643374 -0.11257239831821 -0.0707018385121739 0.241418762477112
-0.0418815647465543 -0.117361953943657 0.0714241990329517 0.167064637014555
-0.0344269268591986 -0.13455749309999 0.169975985978088 0.114098173604032
0.00604959409562116 -0.19764872537065 0.24447790496272 0.163648628731454
0.139630355020512 -0.180137099127334 0.1878776724316 0.308970543543551
0.233862675616349 -0.0294310419389679 -0.102649845115745 0.402391541181389
0.254211022600997 0.190834567499103 -0.364126177896587 0.315632838928998
0.0605161379671503 0.419520656174399 -0.450058737147532 0.128955467522237
-0.21459266351304 0.494439728785279 -0.363778155582949 0.180000628541907
-0.316556484514455 0.416660230812059 -0.0907617852322912 0.03016733879719
-0.0504292203179802 0.398276559049594 0.348486099650306 0.00996138397698866
0.167053213026274 0.275629891186142 0.29329432590653 -0.460445263531763
0.258892955739211 0.043901056655907 -0.218644472739017 -0.507825774518488
0.21119851602575 -0.148241060619133 -0.445416491465202 -0.101146037465353
0.065667150344575 -0.227285828325129 -0.296859869454994 0.162420140754972
-0.0417344109174057 -0.182136013909411 -0.102227217771085 0.178285481050952
-0.0688350654965393 -0.163370239694781 0.0455940108436059 0.110283860911557
-0.0555785883870032 -0.175553596699677 0.149563877653707 0.041818551806457
-0.00295764889576526 -0.255258209315527 0.260894915505711 0.0622015607298953
0.157742351942873 -0.25444218929571 0.290897350895171 0.20703812255079
0.292930619704192 -0.0916556809799216 0.0603710276930041 0.385539666482424
0.348114482844653 0.203776679055291 -0.246138430417895 0.372360638165675
0.0912091717762675 0.498164995032979 -0.392225736682139 0.163441763298162
-0.254072205933777 0.551164493449784 -0.252874470629329 0.0780947358858193
-0.420992340849616 0.373926968952012 0.0690781275657488 -0.0992863578814094
-0.180113308152734 0.457916537768055 0.415229911622232 -0.0113539357172911
0.121000502609282 0.402714436364356 0.427149041951283 -0.423276631993079
0.324154919448107 0.120986974477957 -0.0423243804549374 -0.539156534999217
0.278062350737713 -0.153556390436162 -0.332780297303709 -0.234091983332277
0.0979157520662241 -0.272582899280145 -0.286415325511238 0.030295722902759
-0.0475156089451906 -0.22473934443663 -0.136235603662202 0.0880343410736151
-0.0865918082786697 -0.18446911410516 0.0120878641980025 0.0383940816211929
-0.0717004703647134 -0.189843917512101 0.115935919114599 -0.0360621562027487
-0.0122264306699375 -0.273223566384221 0.252615867758897 -0.0391351573306211
0.154044657857576 -0.287255126493363 0.351938262633842 0.088612966195271
0.307803750196555 -0.130973202577492 0.192214920985541 0.325212369473568
0.377412178620438 0.192984574421752 -0.129522566448758 0.380025673333223
0.0911350463116158 0.49962156290726 -0.334607165577088 0.170658043007648
-0.263870961992046 0.52314627489722 -0.143717177993843 -0.0378805776776986
-0.434106556700233 0.266165225408631 0.244314775987749 -0.209116956076378
-0.27464588099637 0.400486118277657 0.474464158520889 -0.0287975733022815
0.0277597205657969 0.4236663212719 0.517478657638168 -0.33777630404066
0.298801932316198 0.175801225255783 0.138711325033629 -0.498870873026938
0.284396753720585 -0.119252535155053 -0.18072196506246 -0.334707397159839
0.113447675452668 -0.263705505692378 -0.249125273104062 -0.105803850570626
-0.0429818867965814 -0.227851894039929 -0.162748788803974 -0.0139077353129847
-0.0902431467239236 -0.178743725623893 -0.0224153084321869 -0.0367432378256625
-0.0797857834252923 -0.179291110444464 0.0787687162126829 -0.110452506925055
-0.015794998822628 -0.256069247110427 0.230720333448999 -0.126316570218628
0.144437761998852 -0.272927027520479 0.375545752739967 -0.0121183117187018
0.293231987887321 -0.125518873463531 0.276355971751875 0.25765351399078
0.337166801595608 0.192708860942532 -0.0419743163206394 0.356344353213581
0.0401951291663939 0.447610258087567 -0.280187904363227 0.155483174549
-0.264425157378818 0.414590132215098 -0.0419148825448351 -0.142211292638347
-0.348971075750493 0.120746275875793 0.388748893768685 -0.283046242743824
-0.283820164730151 0.259418488559844 0.512013041851394 -0.0348399491995577
-0.048207483602604 0.331289154109834 0.550463137656045 -0.237837396747902
0.209148655408368 0.170228452067182 0.273057567050014 -0.415581766666827
0.224287304661264 -0.0719909511163405 -0.0413871869824747 -0.388613381524239
0.101471418204252 -0.205934109622482 -0.202789965718243 -0.216918728771991
-0.0321990557107286 -0.189598554205305 -0.180925672421969 -0.107184078372094
-0.0792393270919577 -0.145986494006744 -0.0514769051231621 -0.105043556629698
-0.0758430609905891 -0.148817184978221 0.0477379570279149 -0.174250292355434
-0.0148701546389157 -0.212998792782713 0.213366294506774 -0.193082988759874
0.129011435959768 -0.223973784972158 0.383648190148711 -0.0828897077262102
0.260079559481023 -0.0864333832527765 0.322066631533992 0.210502965010415
0.250243715510863 0.202655531054433 0.0107772791702199 0.328205378522763
-0.0420698878630393 0.35682035075402 -0.229455972287653 0.132881633737637
-0.254019852806427 0.252919413493428 0.055440835323892 -0.213773963897935
-0.196189290918614 -0.0341693544034808 0.463237103210759 -0.317709443803764
-0.213111168682575 0.0859856667683428 0.513442287545518 -0.0344051087851319
-0.0730393358342594 0.175546187712673 0.541482963847582 -0.165588112345786
0.0977121523888561 0.108252722639029 0.338338125881755 -0.350386730027227
0.123293809948547 -0.0292763360573577 0.0376265390331966 -0.408361751258188
0.0677304871228915 -0.117618096428463 -0.170069106242501 -0.283922328046273
-0.0174918515005624 -0.118589927254062 -0.190320516983132 -0.170867580134404
-0.0548095841849004 -0.0927512608880834 -0.0726737178231963 -0.154800501310993
-0.0609438487936708 -0.101896592409081 0.0286444706862161 -0.222029603727889
-0.0137997866588825 -0.150293273387772 0.207225665100638 -0.238617437765926
0.103015390937286 -0.156884666873743 0.389157787235173 -0.120652000444967
0.207957773827569 -0.0379959923310199 0.348225922344207 0.19410665868786
0.14268270209617 0.198628126786615 0.0381703535321213 0.31483597788859
-0.1179905615567 0.235128009693175 -0.189552910224856 0.113080079853371
-0.217205070832973 0.0634550895534653 0.141886942773222 -0.240178178819056
0.132034698229789 0.100855351437113 -0.195835871536459 0.311775071607878
0.102595724657181 -0.088731788677944 0.233689982267377 0.0104061448467749
-0.0432405411151262 -0.118910969178494 -0.00676978811422042 -0.335163334759668
-0.0940896814142823 0.0205206975981548 -0.377211152948396 -0.246994712809766
-0.0219104464575421 0.0609956675957978 -0.422160729954598 0.155890205119431
0.00832323904215702 0.0516129615756819 -0.193331529304439 0.306958322870884
0.032502472277746 0.0370204089595123 -0.0304247396205385 0.260330539303915
0.0215762176140789 0.0149382036501963 0.0895148711043369 0.193337348252786
0.00253356758745635 0.0131315725117527 0.16903823564841 0.175683483077273
-0.0219144973615714 0.00728183144364816 0.175499874571636 0.254014576761673
-0.015994648906074 -0.00951705681907893 0.000383795118319796 0.35916487912964
0.00362035722312213 -0.0259822330088724 -0.292196289130206 0.32678542644649
0.0746541974932599 -0.0410840597489576 -0.45126968735352 0.175741320111218
0.114951841761974 0.0669467964649618 -0.516691994083221 0.0530868855847252
0.0431645870590539 0.201937067924122 -0.474597247971748 0.296622851916694
0.0173183411126354 0.254125315174368 -0.214881184854986 0.256410910251851
0.108952473852063 0.0628124393381207 0.240714452909526 0.0171489877700596
0.0527886247511178 -0.0374127370382244 0.0384627002629569 -0.376464787845093
0.00114177927919492 -0.00823689283925195 -0.378188669580125 -0.299565583087398
0.0328215878220764 -0.0197229025348777 -0.45036452512211 0.12514514504228
0.0110975593523658 -0.0382438267956233 -0.219145688056333 0.303665151170626
0.000140083403331412 -0.0318483741649014 -0.0347476072790675 0.260462013453424
-0.0119604080591537 -0.0507529249066604 0.0892391266217198 0.185657669334777
-0.0180163320186895 -0.0644670243159348 0.172056748490888 0.149564931218033
-0.00527588943384034 -0.100089563175875 0.208007238930585 0.215050149440397
0.0719283860388853 -0.0888540134098502 0.0838123671479406 0.341330568531023
0.123071765476709 -0.00398835874522046 -0.212924286883823 0.36387555525283
0.143317894337763 0.0957671289980432 -0.413076493947268 0.238489228362138
0.066259850459523 0.249105173290802 -0.473853235285702 0.0936653352142287
-0.095518471711762 0.359537389758375 -0.421555793327073 0.260444092375803
-0.129252647971515 0.365330698719952 -0.180210030025099 0.163206110490109
0.0671385335466658 0.232569753734603 0.276244981519309 0.0127979616494369
0.135621651465154 0.0940944612623716 0.128588030713101 -0.427463325585908
0.125713523355636 -0.00987548274476189 -0.338163854385454 -0.385415478539907
0.107393832934229 -0.0986987040377418 -0.461790652522658 0.0478738771219988
0.0238597424326177 -0.135407006477012 -0.249397988490463 0.258887538382397
-0.0287398729210011 -0.105145061653532 -0.0542932512185581 0.231706049057549
-0.0449742550454763 -0.10831369683811 0.0747380616620947 0.153315623671385
-0.0407132966861654 -0.125970324706442 0.163261547968755 0.0966129739166618
-0.00610711809449378 -0.187263229313763 0.238536639052578 0.137820885556801
0.120820519438906 -0.177766948339723 0.195320683508113 0.278272271530811
0.220081694339882 -0.0404832640702156 -0.0763970643708819 0.388714424161689
0.248625497744723 0.1656491971906 -0.329722223651285 0.319143417952466
0.0782455476203873 0.391523738057998 -0.42179532400987 0.143186691840315
-0.178134404129828 0.479262932196987 -0.333913744387145 0.18980356734078
-0.273578631859709 0.409824796246757 -0.0843135233371019 0.0388139477204436
-0.0250003747583504 0.37797325623792 0.331190859735965 -0.00328788027879369
0.171145862748416 0.251169403195322 0.255074619441126 -0.451178300816544
0.247179488629242 0.0287381288352166 -0.233078432810983 -0.469841217034204
0.190980264686536 -0.152206584604694 -0.426225253964728 -0.0736212826484729
0.0473574554999618 -0.218295851720472 -0.271288779758676 0.169108096436827
-0.0488941187995238 -0.16922949224227 -0.0871920122272817 0.172983532689165
-0.0729922321495325 -0.150069459993568 0.0474855530399645 0.100945703822946
-0.0630758301761202 -0.163113407332886 0.13941995014226 0.0296953274086488
-0.0182189275085323 -0.241357307739765 0.247547212768796 0.0415885196656565
0.132368499943594 -0.249289301046281 0.286862183535994 0.175096499057552
0.272679634505502 -0.101979337654735 0.0765536014780574 0.363821556888249
0.338536672545344 0.172663339799059 -0.214133665294784 0.367535797784919
0.113251713261426 0.464107442717199 -0.364566309513399 0.175243998784442
-0.21170197807418 0.533180033306743 -0.234306086371048 0.0888551932991769
-0.375302162270816 0.374892044976365 0.0596803430131535 -0.0927093835084905
-0.145462070061026 0.440888373324112 0.391295380880815 -0.0260378576894114
0.13309907239559 0.373821709120324 0.383775243772081 -0.424196349912377
0.312667186779511 0.0967653697687879 -0.0670155765433181 -0.510469213889857
0.252837535477661 -0.160124226371114 -0.328005740426054 -0.205656583787254
0.0747795740320741 -0.263040190889562 -0.268766544659493 0.0437752380303957
-0.0566260441786015 -0.20841208633172 -0.122756383978934 0.0899912081423086
-0.0903880844835299 -0.168676943937866 0.0118673327919715 0.0349270977777177
-0.0780671094753188 -0.174659660917744 0.104239535603894 -0.0421245797017401
-0.027786802548929 -0.257343998927284 0.23447654387254 -0.0534066078207942
0.12714555754869 -0.280273012879609 0.336968306691858 0.0584401322447264
0.283252289016913 -0.139082063513926 0.198588963413058 0.298778693674468
0.364144796908578 0.16120326958867 -0.103459845101701 0.369031293691608
0.113235263359864 0.466156283545881 -0.309827635310457 0.181188462721203
-0.221258852475884 0.508080688231109 -0.138372397045609 -0.0261842966871015
-0.392737968509897 0.274588933105997 0.218664061356687 -0.207066842072888
-0.236984837143743 0.394378747319368 0.446577100808233 -0.047998058730994
0.0459833817156784 0.398076760988611 0.471849646974183 -0.346526478181507
0.291741873664046 0.150135955779224 0.107357784737542 -0.481139761891542
0.261406310447109 -0.128274269637743 -0.189822944574782 -0.309474922691326
0.0889334214827475 -0.255246820590572 -0.242147619297373 -0.0869065491766781
-0.0533845315909839 -0.211651633517325 -0.153867317991106 -0.00469596890590336
-0.0932178578664453 -0.161710107866954 -0.02401853010422 -0.0345700915517283
-0.084835095026886 -0.163028330204534 0.0656802523746413 -0.109762120971358
-0.0301309019411154 -0.241313772528194 0.210407278884172 -0.134379180287319
0.118562725564865 -0.266059711551761 0.354613034601457 -0.0380413354874787
0.26950291456457 -0.133759583686581 0.27362250737677 0.229191183767877
0.326863008722322 0.161994187046037 -0.0226982049154313 0.341888567552702
0.0637124879741405 0.41867577985175 -0.257446168153123 0.165369079423675
-0.228270101605064 0.406160767847207 -0.0462351209947243 -0.130818973452914
-0.320750615957045 0.133375876196978 0.351887101734463 -0.283634709337553
-0.252688726487481 0.259815450530298 0.481119108100375 -0.0556093964319781
-0.028627852006126 0.314673278918124 0.507785754028403 -0.251483729634918
0.20683227047268 0.149556885360285 0.237898953317812 -0.409655316637794
0.207239799729734 -0.0804714626365712 -0.0615180244283247 -0.366698849299413
0.0807767083663056 -0.200676824250585 -0.204673549580372 -0.194853860100003
-0.0412855894801074 -0.176499826052407 -0.176647480329964 -0.0913415242191815
-0.0801645971389905 -0.132176127306757 -0.0556762651287594 -0.0966163691098922
-0.0790015661170127 -0.133865129615013 0.0336801384880237 -0.167724421382382
-0.0261033173775135 -0.199749298976172 0.189484680555104 -0.196358805030777
0.107884108898272 -0.219320759572449 0.357147705940635 -0.103234262587518
0.24005889488838 -0.0952096134653572 0.314958127908638 0.182266510373281
0.244983392050648 0.177494754708785 0.0262126817567181 0.311696635908675
-0.0195178288755596 0.337328814035547 -0.210485559509565 0.140711320296395
-0.226866189235695 0.251091773333915 0.040496355168773 -0.203963421434746
-0.184999843997266 -0.0210263791070831 0.422104059770691 -0.320496154155965
-0.194244303740496 0.0934103733453184 0.484344386653877 -0.0571137717561541
-0.0598782927453714 0.169337647490103 0.502896308178439 -0.183918866423366
0.0978357264358777 0.0975152927698647 0.303403212856962 -0.351379438377002
0.114282140060594 -0.0337500613574447 0.0110141637112488 -0.389600883650003
0.0544863155848242 -0.115048431905538 -0.178130299293147 -0.258835610914261
-0.0230633627978377 -0.111125678375577 -0.189227696132622 -0.149515504628658
-0.0550564884517665 -0.0829453783078979 -0.0772621191841115 -0.142472933675132
-0.0621992160750494 -0.0902239396650497 0.0135124770065678 -0.210910708211646
-0.0213708277802917 -0.140249357097961 0.181939165207403 -0.238484697250022
0.0874002444987155 -0.153977296746213 0.360773803816112 -0.138386596246037
0.194285721234416 -0.0468878075302018 0.338913079303166 0.16582700583285
0.143190526384953 0.179476334176666 0.0507636019351408 0.297132473044653
-0.0976391914112117 0.227725762184306 -0.173321567045516 0.119671838592431
-0.202411934647138 0.0697032383925208 0.119820350752109 -0.234805684224534
0.128644200936501 0.0933325977112075 -0.180835802996989 0.306076222956815
0.0967850697321882 -0.087443615118892 0.228974376190819 0.00875032083124229
-0.0428687427327103 -0.112663247034365 -0.00870808678248173 -0.323470550683976
-0.0879802138403871 0.0207625473345521 -0.36914227547237 -0.234204336810182
-0.0195746757307942 0.0582015973567445 -0.401896287527587 0.156060191596486
0.0084435733840357 0.0499374067383898 -0.179953609859709 0.297649150543213
0.0321139121242478 0.0336307226573103 -0.0257157748321055 0.253215081914313
0.0211615747413948 0.0132858934263086 0.0871129618983689 0.185065229438459
0.00156173451222013 0.0123672387424281 0.163613135051866 0.166713419967701
-0.0208997335642352 0.00670590310939677 0.170718162007061 0.240128214665495
-0.0145595366381955 -0.00865045438176309 0.00425743022204781 0.345927257831209
0.00411813168809131 -0.0250051974536597 -0.276507285688224 0.320159230694506
0.0701136609960752 -0.0395639183849226 -0.430268559550238 0.171627717311928
0.108488244489445 0.0626101849783453 -0.497681886369376 0.0537553128487337
0.0433015940684436 0.192325436865806 -0.453994218966619 0.288397177475204
0.0211444888588263 0.241483377106233 -0.200374935617784 0.254585912727397
0.104768723972342 0.0578618214159238 0.234967300131662 0.0165170975612543
0.0499711495633534 -0.0358034417322664 0.0342581241158037 -0.363921296459481
0.00238424922285476 -0.00736302597551048 -0.369230740162018 -0.285073728081392
0.0316116484777765 -0.0202517753591438 -0.430428244998502 0.125520360918425
0.00963947294817474 -0.036464169837728 -0.204735802768058 0.293387883420551
0.000435484448800776 -0.03124828320682 -0.0302789878457304 0.25083512162827
-0.0117830447463026 -0.0491487093953751 0.0864572825079366 0.177742038748557
-0.0192461075713104 -0.0624216313410446 0.16591269423785 0.141206900967302
-0.00710558793229008 -0.0964603120646711 0.201366018299413 0.201636164312142
0.0674763150702268 -0.0857628415923162 0.085609163880449 0.325629455924871
0.119536718701579 -0.00539184226347109 -0.201091965683349 0.355089402354404
0.137459460918654 0.0905897057457677 -0.394134113588018 0.233052712372682
0.063516531506704 0.237987970777165 -0.45747057647026 0.0936580758682994
-0.0873207759118823 0.346137904940957 -0.402309590194234 0.254812923003077
-0.116284758955939 0.350653941030787 -0.168634291824252 0.164353480543041
0.0663940690389118 0.220723568867323 0.268851233962146 0.0130373324881797
0.130128199144755 0.0885132680905077 0.120764542265303 -0.412932696628737
0.120915433885799 -0.0105372236282928 -0.33008872174672 -0.36729550363743
0.101853093544852 -0.0973601830945241 -0.442610781898185 0.0520784303951217
0.0198365189549037 -0.129538958985519 -0.234511117192335 0.252221132304212
-0.0285073571240879 -0.100808329962347 -0.0502351789246381 0.22320164644598
-0.0443332984518745 -0.104216587641705 0.0724095878031144 0.146639088900359
-0.0423649485494053 -0.120722836807107 0.154672353181 0.0902725107630416
-0.0106661401427246 -0.180849541707454 0.228596650662576 0.125943920438042
0.111917461930615 -0.172696795275934 0.190614154957589 0.2605775279452
0.211951193197403 -0.0414589486520743 -0.0702219535273118 0.377176641005285
0.238965348017598 0.156158896275131 -0.313538811847324 0.311193512687692
0.0790683219128365 0.373319968961892 -0.406314846371836 0.143295018036185
-0.165949118965106 0.463517301851464 -0.317165905383699 0.186912955147736
-0.253544199928524 0.395673266443458 -0.0794517754266519 0.043605019115299
-0.0191885398066338 0.361280194186583 0.319967281158933 -0.00117227232277036
0.166007522771043 0.238162241328087 0.241291131854317 -0.437962664448136
0.238639013443049 0.0248287022022105 -0.228725585789398 -0.452381915007392
0.18068401622671 -0.149717575559526 -0.410032848744221 -0.0660089720666194
0.0402508705164005 -0.209610464347985 -0.257676175431137 0.165546824680474
-0.0490993469492418 -0.161370467246133 -0.081128972444607 0.166700482080081
-0.0716631583202475 -0.142491033170947 0.0452502436345009 0.0965695588366886
-0.0635392225973811 -0.156098622217449 0.130494135954516 0.0261298249111863
-0.0229390448001342 -0.231815735601389 0.236390018838002 0.0344926081025362
0.121496731896687 -0.241143579065892 0.276539878548873 0.158156849477965
0.260654983692999 -0.101195134584974 0.0776333412743422 0.350148471673861
0.32477009572127 0.161043931089887 -0.202652076573533 0.358043821271045
0.114539279208855 0.442410429602037 -0.349891044187875 0.175465188161398
-0.19628554865189 0.51615168564116 -0.223221067500784 0.0894747667229863
-0.352034648288743 0.364570201290958 0.0559252214688022 -0.0846656470012044
-0.133357818015508 0.424435701629017 0.376728233186478 -0.0237367897302677
0.131102259529342 0.357380349804399 0.363035862915275 -0.412509489491237
0.302807187820065 0.0889925113227237 -0.0694310146003397 -0.49217749928072
0.239749357581248 -0.158490991381427 -0.318207135384002 -0.194882301999407
0.0645205925382124 -0.253134932980873 -0.258383692934548 0.0456026755647971
-0.0574036843188585 -0.199281338901194 -0.116403880187519 0.0870750770754481
-0.0875651670294406 -0.159437393420183 0.0108156726724874 0.032937270979305
-0.0782672406663415 -0.166314050712178 0.0965857840365137 -0.0416010934783377
-0.0319864860965571 -0.247416590733778 0.222973935536794 -0.0562252446578228
0.11534228990173 -0.270501220096684 0.323796461884781 0.046209086723623
0.269866152067775 -0.138080537587311 0.193353023374166 0.28577614421074
0.349883184444901 0.148609836205644 -0.0967491238709008 0.359290044055894
0.116084951020869 0.444356715165739 -0.296443553484277 0.181262256136109
-0.206570727571016 0.49102433728168 -0.132206353373077 -0.0229958890073279
-0.370937950909228 0.26706972601408 0.207107993302528 -0.197190911458775
-0.221298987993492 0.379462895059294 0.42773547049874 -0.0443327748067202
0.048851557504485 0.382258342002131 0.449950238350849 -0.335922531495268
0.282761639745792 0.140333340049944 0.0975934368537687 -0.464717886044718
0.248498868503328 -0.128150009306338 -0.188583126560763 -0.296700284487107
0.0781594511964508 -0.24605242878466 -0.235045730738125 -0.080136138469165
-0.0545758875221823 -0.202647871976412 -0.147808454470739 -0.00249518435636211
-0.0897341664115013 -0.15260141371579 -0.0242370056217744 -0.0329179737934093
-0.0831320539785989 -0.154024273370021 0.058945420077252 -0.106372995580737
-0.0336879252724426 -0.231080920861997 0.198322435094873 -0.134073220140805
0.107892121943435 -0.257648571962838 0.338190658462236 -0.0468105617651517
0.256488761597386 -0.132209407562039 0.266203352865627 0.218215687340513
0.312903537907707 0.151364951537625 -0.0185004595664314 0.332586579771052
0.0667456561751627 0.399509281498991 -0.246477316792236 0.165147779266541
-0.214494376490082 0.394013710270594 -0.0458735491686842 -0.124594509465934
-0.303965168168952 0.132332208363889 0.333635612685451 -0.274007401332956
-0.238340697272637 0.252615057447792 0.461177170924291 -0.0547703870496469
-0.0248442734728402 0.303580076953151 0.483589991747939 -0.246240788462425
0.20112662792343 0.140543696167291 0.224748147360132 -0.397772947792845
0.197653584528162 -0.0810232200705833 -0.065743256187709 -0.352382045825522
0.0711487101047486 -0.193392108576729 -0.201126793214688 -0.183429440624645
-0.042405950076976 -0.168520342864566 -0.17071933430041 -0.0843132481838442
-0.0766310635892765 -0.124536720343733 -0.0550326261264145 -0.0918046127723735
-0.0763635661763215 -0.125627470410817 0.0273933888822046 -0.161181775647333
-0.0285584162389743 -0.191181510204747 0.179644835791144 -0.192266818952876
0.098367084039635 -0.212512327628568 0.3402946048317 -0.109017473727353
0.229047062298176 -0.0945963478255325 0.30469000630055 0.171815496276987
0.234085706333324 0.166525970917202 0.0273321906835237 0.30218397989377
-0.0136987759215593 0.323028909551314 -0.20048473030274 0.140026799514713
-0.215034884738861 0.244061251767907 0.0357608365841471 -0.196032752630123
-0.176061288628317 -0.017016915144653 0.401015421863269 -0.311520456678751
-0.183460177408146 0.092709427391793 0.463133348429928 -0.0569031744637635
-0.0563686214343338 0.163434266160549 0.480193160069566 -0.180462793320764
0.0958000984530152 0.0918849388778058 0.287644687438241 -0.34322467266221
0.108678118611954 -0.0343050019818668 0.00362756899789978 -0.375843731678483
0.0477134046841745 -0.111580940090553 -0.177812925565203 -0.246659732410899
-0.0246171672598255 -0.105651447135966 -0.184137157040376 -0.140298263556117
-0.0524934300808953 -0.0774051153327735 -0.0765064878830452 -0.13581407042992
-0.0598461561907119 -0.0835266267021066 0.00889698195495488 -0.202387854743387
-0.0232029060602407 -0.133222317590164 0.171311154782362 -0.233298800048874
0.0800271238621934 -0.149339365037507 0.34421051587249 -0.141375538474317
0.185337766876596 -0.0481106056685857 0.327569182809728 0.155067941617364
0.139062572064921 0.170127473726127 0.0508670412547869 0.286875021977096
-0.0892863174450976 0.218494866648127 -0.165176115826625 0.118471722817317
-0.193704087957663 0.0688443575980028 0.109890231557353 -0.226898139221336
0.115257402551483 0.104447395632943 -0.223625930467286 0.289509954128912
0.104879395336636 -0.071883554675405 0.231803982110269 0.0465119493132544
-0.026336085476728 -0.114450132486485 0.040341237765728 -0.320240609971037
-0.0858103592334082 0.00593689198694691 -0.332327808144246 -0.277997118054384
-0.0286098164792876 0.0508864554050817 -0.414098968467721 0.0993443501861054
0.00389110172272986 0.0508945621120182 -0.21898891477609 0.270497709294525
0.0282583564338674 0.0374661738950436 -0.0579598228427031 0.24819633141141
0.0198822009316061 0.0160174166113401 0.0586158845020233 0.195516121241239
0.00120582522362343 0.0114532538040783 0.136730364489004 0.188590963926852
-0.0191009215505694 0.00373439497377564 0.133673954986215 0.260351855517524
-0.00838044036565134 -0.00744921021725536 -0.0476164134561939 0.343470472186441
0.0125888934238834 -0.0191588729362782 -0.323828252421666 0.278677832545067
0.0709761430343004 -0.0187532520391864 -0.451663683775858 0.0994163392565278
0.0917830478855017 0.0835108582118179 -0.500565834466624 -0.0288023694496081
0.0155433915156128 0.200509895827797 -0.496244871524525 0.210894890634078
-0.0070273199944044 0.237019814003729 -0.242942870961698 0.224435995154245
0.0931356758232417 0.0707886524083101 0.229791768121491 0.0526653819457337
0.0533976687283449 -0.0266712226693495 0.0823923292326794 -0.354002715823193
0.00656040819324023 -0.00721121651841937 -0.328586290469316 -0.32435545251927
0.0326246185167844 -0.0175935649039134 -0.438321190398522 0.0697989961121428
0.0165710268755405 -0.0339963091076356 -0.240402034510075 0.266383724409102
0.00693988841636097 -0.0313268711292574 -0.0624167698676977 0.246473376533458
-0.00349660678603301 -0.0504410185522948 0.0588858462125812 0.186872826806301
-0.00780220476434465 -0.0645343488243057 0.140512189649688 0.163236302126125
0.00817287330387909 -0.0954048672534631 0.167562819404543 0.226003423110619
0.0820908645286876 -0.0717714730323874 0.0345890750566132 0.331878582426908
0.123141791697848 0.017094202689026 -0.254967137182378 0.323532058695444
0.118969806818264 0.118120865765094 -0.422688336648082 0.167409148723731
0.0228666580654762 0.246767522718494 -0.462486233431552 0.0176119498514407
-0.13699258841071 0.330319858556544 -0.437537893508139 0.187078579507159
-0.154847923019726 0.327421997410764 -0.203163771567357 0.126471973023717
0.0338763087399611 0.224141444836131 0.257510560822323 0.0490887861593674
0.115010388154349 0.106459778319469 0.165393014818548 -0.390663156112754
0.122059555672465 0.00821621281518027 -0.283777679427327 -0.399558125488983
0.11244113778486 -0.0817118142376956 -0.44339982630403 -0.000132991085708557
0.0383450260601942 -0.123753003713135 -0.262959908399445 0.222949964576141
-0.0121819222181226 -0.103783034535062 -0.0776913112688519 0.217070567008339
-0.0265048341478765 -0.109024459747793 0.0485334656750976 0.153638651083133
-0.0219774409760465 -0.124504118767016 0.136271713933977 0.111527758661224
0.0164307580793062 -0.178156512545402 0.202369054502985 0.155917837999723
0.136447746722815 -0.151059678869444 0.145732012633087 0.281506100513633
0.219246216147151 -0.00655131316172503 -0.128599451075817 0.365726982789413
0.210533225837482 0.194674036646704 -0.356873899566669 0.254952927114739
0.0194470055356953 0.380984022574858 -0.415487530028679 0.0730857897751366
-0.23113970570024 0.432648670961045 -0.340132894401437 0.133872301531708
-0.294312005574845 0.355417917087943 -0.0993782611435502 0.0075178051778172
-0.0701795142528454 0.351071066511618 0.305044988847322 0.0354725535976888
0.128572470141391 0.258382021205155 0.279097762783217 -0.401419844222124
0.230766563647964 0.0603466210075233 -0.1792204734033 -0.466968883183344
0.196955176595314 -0.12108073862822 -0.400807528285864 -0.107401339611561
0.0682368092480142 -0.198647054318229 -0.272409937297136 0.138383557694742
-0.0251832811703419 -0.165856995659563 -0.101086565695955 0.159112989150262
-0.0474095684238707 -0.150254281797324 0.029282168272342 0.100416817600991
-0.0380075154890711 -0.161464832666783 0.121034179462997 0.0447288072117833
0.0106955537929363 -0.230825906527287 0.221664868320273 0.0656233544002557
0.15464273692523 -0.217637699982907 0.244850105565481 0.191339848909643
0.275873073878967 -0.0601035875779293 0.0196767949298477 0.360509490036419
0.296179874070705 0.209848326642894 -0.254746642976194 0.319261212321858
0.0450698360232229 0.451641637043694 -0.363684236513602 0.113854010461309
-0.271602411094448 0.478304726329142 -0.229442101309821 0.0507524247741073
-0.387935956210446 0.313540648143138 0.0552168952130322 -0.108208565907094
-0.190415805494574 0.396670837685423 0.364066459955631 0.0139799451796418
0.0779570926012754 0.370193140372519 0.390898006984857 -0.366377215160335
0.282781340074385 0.13328489772344 -0.021763952867498 -0.489181252263317
0.256590517885621 -0.119283516663527 -0.297389725485661 -0.221589701091497
0.0966236509393451 -0.237336750599811 -0.257481262615493 0.0214125519959932
-0.0288379999321386 -0.204473591939417 -0.125517904730243 0.0754328733332831
-0.0605772028466323 -0.169114861623194 0.0052298409331529 0.0334584153227278
-0.0512688137519665 -0.172599531823382 0.0968878349517547 -0.0270596746138319
0.00373870852708524 -0.246828578286303 0.221028929761777 -0.0258527860157729
0.152150681615567 -0.248509226834449 0.30751948783566 0.0872848016102845
0.289273601451904 -0.096054928978592 0.14419913414761 0.314066977696559
0.322256057515891 0.199259175120337 -0.150013581761548 0.335863596114863
0.0487754694179941 0.452964498023809 -0.309740378178631 0.128553874516565
-0.278265945973192 0.452117025279114 -0.121293323748431 -0.0465554349922849
-0.395900199716622 0.217684606483095 0.224998071475833 -0.198876275346046
-0.26956751487056 0.341062072468427 0.420901787551588 -0.0032862774296443
-0.00774535483428443 0.383243070679106 0.467187720278397 -0.285664160919203
0.256266457279431 0.179727806808761 0.137885526464373 -0.444175262402289
0.261060090148147 -0.0873678165538282 -0.158115645873809 -0.306600596590808
0.108660709387358 -0.228371853115098 -0.218876057859659 -0.0986225106050213
-0.0251532743364892 -0.207332843027038 -0.14639131856501 -0.0159736180756441
-0.0638672454673302 -0.162707128547844 -0.0189389734479655 -0.0363919639290174
-0.0582370595757659 -0.161381713424135 0.0694117688323947 -0.0956815587994038
0.000434503768503323 -0.23172746526957 0.209602750948249 -0.105100108281504
0.141233180879655 -0.237587608359269 0.335311102376686 -0.00146608240889211
0.274534742930983 -0.094252891396906 0.226995162280545 0.256646911760711
0.28578336519817 0.195038469569855 -0.0702044187156577 0.322016006597809
0.00719321181334426 0.401664219697955 -0.257725689627238 0.122744123499147
-0.271400645325548 0.351630903395302 -0.0215407388340781 -0.133452699261739
-0.313772577536603 0.0926161213082287 0.366508621106282 -0.250519327875971
-0.267784659451692 0.21596998065053 0.460326666308852 -0.006545620870834
-0.0680717447134323 0.296172855170291 0.496547239638342 -0.192404512759249
0.176412951210834 0.168607127188615 0.257654013013538 -0.362717098723359
0.205338286521774 -0.0490876230853654 -0.0293039374699088 -0.349915868920844
0.0938652444793832 -0.177852296531951 -0.173541277843308 -0.198429963811513
-0.0196677311089767 -0.172186534245315 -0.1600682878788 -0.0999896735866157
-0.0557249307975461 -0.132336692343079 -0.041309751439874 -0.0993362382631439
-0.0559768408532167 -0.13236066844927 0.0475693445377793 -0.153962253485931
-0.00151144896871821 -0.192538444424437 0.199864603874054 -0.165854855819817
0.125976178510472 -0.196213625119338 0.347250005021425 -0.0629738565823674
0.24087084290518 -0.0617814141321105 0.273501791249556 0.215471492613766
0.207829343634407 0.198583644466698 -0.0193376225545171 0.299932410885456
-0.0600059097518928 0.314908709021413 -0.210198225278492 0.107124132279786
-0.250501893432278 0.2040992251173 0.0697437362353518 -0.190755971109199
-0.169746557934117 -0.0369011923164949 0.442631664286101 -0.266056213601306
-0.191270898559328 0.0670489334158063 0.468757023917208 -0.00465531098339882
-0.0796032421445266 0.153935208506783 0.49218963455818 -0.123750856114329
0.0803381432045771 0.105564956539544 0.318696576947532 -0.301140440095257
0.112471637827571 -0.0173185396508593 0.046389593863892 -0.36639692539333
0.0594766660007966 -0.100450766296549 -0.143638812518285 -0.262084715747271
-0.0108419507904454 -0.107805448180693 -0.166595048167935 -0.158130788867419
-0.0391773510603508 -0.0831864361077011 -0.0556675508011261 -0.144737591260136
-0.0460732428105226 -0.0889377208431504 0.0361612180263348 -0.197710986176827
-0.0038867124783618 -0.133866866763871 0.19844440739345 -0.20596031369047
0.0990542752706197 -0.137204049893777 0.356996610395559 -0.0929707445273067
0.191010860732595 -0.0236735153276732 0.298615591352038 0.201651826488796
0.115296899320818 0.187739193889131 0.00663819663371987 0.28895699221112
-0.117857026567948 0.202199899614971 -0.173670555967681 0.0928645453989322
-0.202304486378006 0.0357082204931278 0.145479498556125 -0.210125098255692
0.119493421361102 0.103342452208645 -0.220022902913183 0.303528115559693
0.105373946016763 -0.0761624825724213 0.242883809462591 0.0448301390749018
-0.0277400916895188 -0.115792025825455 0.0393756692181244 -0.329379528500867
-0.086242386229318 0.00723860682231782 -0.346876711072768 -0.280624095399175
-0.0278373151063618 0.0514471373220245 -0.423342613039719 0.107694835678556
0.00588684021487561 0.0527477562821875 -0.218656551776668 0.280871205583044
0.0293471409554028 0.0361502243543197 -0.0556804077479853 0.25729802623349
0.0202209096825937 0.0147229779576889 0.0631971805583629 0.200854231016607
0.0012499080915507 0.0107264912682495 0.144117713943404 0.191849725780519
-0.0195289781827892 0.00351525049217718 0.140149664458354 0.2638365633567
-0.00757114776947512 -0.00807814665108292 -0.0444418173711994 0.352530664154456
0.01321486451967 -0.0195904688129341 -0.328338992470451 0.29065610762423
0.0701961655721442 -0.0189389424727647 -0.46254570501762 0.106524718476521
0.0920486534226947 0.0846580511825291 -0.515250604215664 -0.0250164926986765
0.01800621336151 0.204713703831458 -0.505928069823791 0.222519115816241
-0.00254526795978193 0.240732185777086 -0.241061546949864 0.237954311294347
0.0950147105681647 0.0697842230416996 0.240582154039244 0.0547884789555537
0.0538208225230763 -0.0273829131313375 0.0806191967970877 -0.363907783726601
0.00744697165716372 -0.00740423455603967 -0.342240771047771 -0.328900663474297
0.033206232246305 -0.0200172134559618 -0.448153047889254 0.0778750154485114
0.0160030325497289 -0.0344832316863409 -0.240496769921807 0.275970398518424
0.00629260088871821 -0.0328610233657509 -0.0596401706446672 0.254020902030243
-0.0045015832987814 -0.0528669644520565 0.0624887634243723 0.191668765382571
-0.00986671914498632 -0.0667105110086608 0.14546568603288 0.16629511722408
0.00584011631440722 -0.0983363705845911 0.173821569542296 0.227200379279144
0.0830074408809816 -0.0749557575501192 0.0392873435980175 0.338237873022427
0.127398930150094 0.0152379544900686 -0.257039258562392 0.337028669567845
0.120746164171553 0.120016127883555 -0.431885392222498 0.175665852095726
0.0244005839139596 0.252230558868864 -0.475957963557006 0.0223885518403692
-0.136138052817623 0.340377426683385 -0.443028029808228 0.198919192044788
-0.152377555560827 0.334773325758499 -0.202683244561548 0.138192031063397
0.0372651285036754 0.228193885200606 0.268361272970909 0.0527384021095118
0.117476967698984 0.107300496130485 0.166161508704182 -0.403460865464228
0.125913453321991 0.00615152546128508 -0.296625975177057 -0.405359089789475
0.113344063836507 -0.0871531061209645 -0.453324643219821 0.00610276061096278
0.0361734721386984 -0.126449618398774 -0.264465906502251 0.233529977521278
-0.0143766708742799 -0.106021041778453 -0.0759133487643439 0.223774971024528
-0.0291365187352404 -0.111739113262907 0.0512343465503162 0.156894472034791
-0.0252500225371626 -0.127740421560775 0.139583286913133 0.113575409031079
0.0115128475405861 -0.183854025047028 0.208722659141309 0.154639527147893
0.136795800056966 -0.156940417434854 0.151862255523617 0.283645817652667
0.224968065263917 -0.0109038673019185 -0.127023332595684 0.378870269912643
0.216246942547601 0.196642860002144 -0.363059162773538 0.26826437167306
0.0237092415337057 0.388800542933746 -0.426777751410035 0.0803859823291763
-0.231170030808176 0.447296248295721 -0.34488112503355 0.142130035527972
-0.296224879142535 0.36482694126211 -0.0993018631800206 0.0156235565914612
-0.0666076478617778 0.358356969526813 0.315903363373972 0.0392634792035204
0.133634205180298 0.263121112639078 0.282427364595105 -0.417006062745651
0.237968652979389 0.0582752327239784 -0.188756690739672 -0.477144888738181
0.199547137997979 -0.128729340365846 -0.411952600893483 -0.10515936450885
0.0643020065937284 -0.203767590632687 -0.27603377870167 0.146473433151606
-0.0287323009175875 -0.169818728183921 -0.101095945049993 0.163897855022445
-0.0496428593866433 -0.153128676759824 0.031023186200242 0.102520232627383
-0.0415735287076303 -0.164918973957433 0.122063313023729 0.0451363350252418
0.00507036981229403 -0.237266134337916 0.226857146901312 0.0615822567057137
0.152982220200461 -0.225804486102839 0.25230075904092 0.188312742607475
0.28130864283251 -0.0666961906429345 0.0257548793494496 0.372207620867567
0.302404157819823 0.209866249739706 -0.25731303743074 0.333620651587704
0.0522013119472799 0.461738903933006 -0.371904402541446 0.123294402261278
-0.272672477638757 0.494856738584921 -0.232253341591507 0.0563203720033561
-0.391077555029648 0.322976004318263 0.0562097804329807 -0.106536007478968
-0.188422920865059 0.4070882781953 0.374040304477057 0.0177594056141351
0.0830053145023058 0.378392299056372 0.397652786735967 -0.379129362845791
0.292383042449677 0.131298149178104 -0.0280295765219307 -0.501089476288275
0.259648824322469 -0.127774958833505 -0.307970857289245 -0.223023254413424
0.0920690575221914 -0.244088105131989 -0.263283529447804 0.0275449927456179
-0.0331136631004818 -0.208710042863976 -0.127089622372379 0.0796144893251278
-0.0629435794008744 -0.171491075021612 0.00483431556999229 0.0335470299696082
-0.0539205790113134 -0.175753840897983 0.0958662074670687 -0.0281386493611146
-0.00298151495950594 -0.254156535264341 0.224802603230365 -0.0315855268466123
0.149154410188235 -0.257799622149923 0.313553857213839 0.0794061618206448
0.293902326597949 -0.104132467165965 0.152739998553918 0.322506691348715
0.330057115323369 0.1992038294738 -0.150560683706578 0.350788398767896
0.0555540448996813 0.462794051329942 -0.315770052190894 0.138517616841332
-0.27935065430144 0.467312105220232 -0.123680614640899 -0.0451947466076747
-0.40041890905937 0.225012740236643 0.227965717764241 -0.201640096345516
-0.270608496337088 0.353824503470917 0.43141551223581 -0.00113914329381633
-0.00319680616322837 0.393844059958749 0.475852015247222 -0.297200813051189
0.266136969447144 0.179743929119288 0.13675763707526 -0.45709783056107
0.264909616886995 -0.0956714381597926 -0.166974657477693 -0.310627659653056
0.103548132701319 -0.234619231208339 -0.226351789979525 -0.0968024340848008
-0.0310258845345171 -0.210670131493049 -0.149945759027343 -0.0140883651731692
-0.0657297424201098 -0.164765726125855 -0.0214265152036485 -0.0377748427236138
-0.0601776236302878 -0.163246484155015 0.0676457629069001 -0.0980143650751193
-0.00524268518503067 -0.237915680521305 0.211777781467215 -0.112339399049956
0.13925169455698 -0.246300412885225 0.341518614361975 -0.0111941586193503
0.279387808795945 -0.101095221447685 0.236282194029744 0.260838345430169
0.293283051648737 0.195442016373171 -0.068874978080362 0.33520649732571
0.012847129306412 0.411190245822675 -0.262214011091331 0.130841928251938
-0.274755255681221 0.365314437719462 -0.023568506357793 -0.136133420314125
-0.317655055444852 0.0978214842398121 0.371098820403813 -0.258891332468447
-0.268316013545419 0.22453254147276 0.470507719600658 -0.00640848830860676
-0.0664818618453657 0.304755374156183 0.505827778657543 -0.200917393434961
0.183658983351843 0.169533236074146 0.260239435060548 -0.375547267535205
0.209288294146808 -0.0547843629200324 -0.0357128348456655 -0.357479656900639
0.0894828165717206 -0.182567395365131 -0.182083547941415 -0.20023740036061
-0.0244592005440241 -0.17514190700148 -0.165575484581093 -0.0988241279757022
-0.056680023512899 -0.133800337366575 -0.0442257148332985 -0.102089120907196
-0.0576687394707837 -0.132640099475655 0.0449729887239013 -0.158305622613015
-0.00555561075465692 -0.196022671262243 0.200622415821471 -0.174563067943952
0.123619373516942 -0.202523060526066 0.353649093454194 -0.0734255024361803
0.245641407601759 -0.067572802585419 0.283977074681475 0.217849711133144
0.213613447277306 0.200975053886515 -0.0162446153223327 0.311728634066486
-0.0570688621871176 0.32298461979475 -0.213085000383198 0.11371761941738
-0.253541647218978 0.213466170975742 0.067329338322905 -0.196528328823038
-0.171837700152982 -0.0354153715055588 0.448319671819774 -0.275566354735093
-0.192068158051139 0.0710633252370109 0.479166801284564 -0.00641726796712331
-0.0789064748184442 0.159157848576896 0.501817770382312 -0.13271361890198
0.0840407642694298 0.105816972267042 0.324406943108274 -0.313975699322346
0.114612282122856 -0.0202127429771053 0.0406210005075401 -0.375232674234411
0.0560851290866976 -0.103002144805529 -0.152540220286366 -0.26459508040282
-0.0138751076933378 -0.109445592741874 -0.173725517078908 -0.158963179697737
-0.0388654425254908 -0.0837719011773141 -0.0596730325412096 -0.149817914947699
-0.0472814884272789 -0.0879971622359067 0.032803559714384 -0.203043329397253
-0.00685578100930772 -0.136317119085603 0.199450371350059 -0.216220594765677
0.0976843823649398 -0.142731513709419 0.363102231061803 -0.103544648784149
0.194948905969186 -0.0283577057228286 0.310424274551251 0.20333163716401
0.119474932556903 0.191241920326469 0.00962908842742467 0.29894779479187
-0.11730942621069 0.207029600172144 -0.175337699542651 0.0984505781381603
-0.207548640155348 0.0392027643552953 0.143298429863401 -0.216732465589356
0.127851362032085 0.0996470102943399 -0.205043538516048 0.325416907757644
0.103686568139567 -0.0837793822789788 0.257643779882465 0.0342280464989684
-0.0343283008848499 -0.116939938356209 0.0264649310382722 -0.340451764431481
-0.0879740867207423 0.0108095094625287 -0.374003994835418 -0.271376064092986
-0.0257089590966609 0.053049990054472 -0.43014451556255 0.131996870963611
0.0105526105477864 0.0542529009464496 -0.208976492730561 0.300578238326393
0.0320645355188223 0.0349183328997293 -0.042851480480736 0.269932352197586
0.0209691274241867 0.0124959481949338 0.0761774507367894 0.205177895834521
0.00103981666381378 0.0107429411719952 0.158648915130152 0.190323569574752
-0.0206788068546077 0.00435812546025775 0.157209911801338 0.263314879104692
-0.00660953163821018 -0.0081277251085928 -0.0284161510775109 0.366711509355789
0.0127659011309336 -0.0209406811722036 -0.322960852621603 0.317170105650527
0.0700194075796996 -0.0220189875636908 -0.470132489650728 0.129577428410109
0.0969071176818001 0.0838505909174675 -0.534800471249277 -0.00306484457831736
0.028864350095527 0.208568712780999 -0.506857782448881 0.253555097343691
0.0100134111673016 0.245061129161778 -0.22963522003919 0.261027738549868
0.100085498607726 0.0657224943011334 0.256683718782066 0.0455150512478362
0.0538126172754703 -0.0308587319661109 0.0670340746386023 -0.378544864354271
0.00801014758538028 -0.00866231958416611 -0.371429294052665 -0.321872506759775
0.0326513063754902 -0.023984202821813 -0.457679104645535 0.102527245044247
0.0149179419399261 -0.0355603316035343 -0.231792681210916 0.296708587777833
0.00422971675609007 -0.034370626895268 -0.0486234229713456 0.265704385884123
-0.00746628012410733 -0.055563792649871 0.073334850088038 0.19489610774861
-0.0148611878127542 -0.0686875754427805 0.159349465592345 0.164398808409324
-0.000922204192739462 -0.101895459544519 0.189762960907311 0.223231007406775
0.0822062135355778 -0.0825435174383049 0.0569267375250728 0.345317979951016
0.132209104495763 0.00805140837575986 -0.246963996330849 0.362348359710786
0.128656246853425 0.11885196965397 -0.436394161258785 0.202814492412327
0.0353508645807708 0.258514101679886 -0.490046885337036 0.0460452848912856
-0.123109741477766 0.357085771974312 -0.44489607018465 0.224769477629353
-0.137742239014945 0.349006625533806 -0.19769292958113 0.157218001895316
0.0491651639735859 0.230535443585439 0.284303959973999 0.0451323919602915
0.125432536787578 0.104305511747326 0.151991645094281 -0.423752360490398
0.129752959868441 -0.00109467519476933 -0.326046029911438 -0.402787371419306
0.111006597656119 -0.0978120931168504 -0.467546386500873 0.0291988587404338
0.0291230691333266 -0.131370673333643 -0.258455217702215 0.254186686489223
-0.0210638418520795 -0.10808052358375 -0.0665004229965349 0.233970292034827
-0.0354961449563829 -0.114724441836816 0.0606916344851538 0.159669585945398
-0.0334328778890693 -0.130828819705119 0.148378788104845 0.110539968485428
0.000142917242058378 -0.189890406101352 0.22151283289532 0.14617388861968
0.132407045556482 -0.169911884253511 0.169610651580355 0.280909376066993
0.231181786261358 -0.0237744038806822 -0.11036989820623 0.398594176718462
0.229901264475668 0.192513251821338 -0.360990412730261 0.296185883712292
0.042480840026311 0.398233742918973 -0.436339595672835 0.104084954268473
-0.214994161759543 0.472340210838455 -0.34632600998194 0.164399540978773
-0.283926133305327 0.387868957718367 -0.0989858034489839 0.025953703517329
-0.0496455875105161 0.369314141289916 0.332001287889705 0.0312189938007515
0.149962442383993 0.263917460761659 0.271524472582975 -0.442900232056706
0.247159205604629 0.0464686426849204 -0.219263693236505 -0.483456562494628
0.196551662465057 -0.143959666309632 -0.428436925739167 -0.0872044979491884
0.0528877810414394 -0.211695041460351 -0.275305504810176 0.16597485563482
-0.0392005588043073 -0.17227320897004 -0.0945306336101853 0.173155875870536
-0.0583996471045717 -0.155386921774234 0.0364904390283685 0.104026239161869
-0.051433490085897 -0.167270697271436 0.125665765195457 0.0416674627194372
-0.00990872891426118 -0.244193990430424 0.234791429072777 0.0500025836843108
0.144274900379349 -0.241278807309042 0.266783759063985 0.176473627796102
0.285319301235497 -0.0849203470468255 0.0462160156313871 0.38428495906467
0.320027771313858 0.20173852291655 -0.248601385949429 0.360190513493643
0.0756570836381463 0.471395480106649 -0.376347161713577 0.146320166592501
-0.253656000269352 0.525045006546141 -0.234112765929696 0.0696045227652975
-0.385367394618562 0.348987914683057 0.0535799745726927 -0.106578384044977
-0.171499275103489 0.427171476094817 0.389080360102675 0.0075819516600067
0.103739491984433 0.385894492783769 0.389908075317148 -0.410122341144059
0.30752594643871 0.119328447846775 -0.0541613589708165 -0.515837660046537
0.259269322728354 -0.146797581421138 -0.328432162295944 -0.214097114084094
0.0780181999347408 -0.254251755998276 -0.26840115598627 0.0428351042883752
-0.0469161051645721 -0.211885684838039 -0.126700563614482 0.088527156944614
-0.0722238823067853 -0.173742280486127 0.00631858745000035 0.034833746127717
-0.0643311305583613 -0.17671810870438 0.0951041267624052 -0.0328864902466557
-0.0188228649779367 -0.261500220291512 0.227624505989149 -0.0459459126383202
0.138328506456117 -0.274033372482959 0.32402719423083 0.0608904954896223
0.295824467167066 -0.124194021413854 0.174686672691082 0.325403768430501
0.348181144390531 0.188135333854022 -0.137336348797217 0.373531978997001
0.0810749878155101 0.471403124778605 -0.317162924602624 0.160529348674075
-0.262092843531352 0.497188952677539 -0.127920010638984 -0.0401268990796851
-0.39889190641142 0.248796003053415 0.224266880181207 -0.214139080328542
-0.257869837182351 0.375350721161315 0.445010134627997 -0.0152791570531712
0.016280668861596 0.406422601626835 0.474762771427465 -0.329339370841069
0.283582407227304 0.170120997440103 0.118775784394228 -0.47828639642135
0.266176121453402 -0.11364691217143 -0.1883688554807 -0.311402743063881
0.0897472162827972 -0.244875710108363 -0.237661268788737 -0.0863668013426336
-0.0449049574260399 -0.214713099930832 -0.15482076726754 -0.00644362843091724
-0.073667734242746 -0.166111815122408 -0.0247840172964542 -0.0381751715685727
-0.0691206651266913 -0.163615461148518 0.0624715858059771 -0.102933256852314
-0.0200253516453833 -0.244935475419916 0.210340900089838 -0.128161174601595
0.127964321029454 -0.261688479664628 0.347112310119663 -0.0346244575992536
0.280520666577921 -0.119930090061203 0.256539851912219 0.257247907808177
0.30953916846064 0.186763356716306 -0.0523363396628093 0.353666975704376
0.0353937695943097 0.420907944170581 -0.260850626642086 0.149448277522087
-0.262658159264085 0.39176565477718 -0.0307072428056317 -0.139271406580709
-0.319409983801514 0.114684317402914 0.368167920108813 -0.280294238867725
-0.262400182801405 0.243163362859679 0.484045936756536 -0.0235910572672735
-0.0529166842090343 0.318162031466462 0.511603397949587 -0.231645766228412
0.198167075525898 0.163055896202583 0.251125243339889 -0.398854389825075
0.21190445224224 -0.0688792435387374 -0.0559884784514426 -0.365662581811335
0.0791976885033168 -0.191301602355375 -0.198340753721485 -0.194692354004989
-0.0359353571554222 -0.177702938904506 -0.176036653333446 -0.092697227729686
-0.0631139832243728 -0.13439452189305 -0.0517936665033509 -0.103390557971416
-0.0647907144504537 -0.132013415925883 0.0363386812894368 -0.163891016637373
-0.0172446020691139 -0.201409985111283 0.195611999046433 -0.191464128057886
0.115504210696151 -0.216350291252522 0.357248519711082 -0.0983993436845486
0.247378033256714 -0.0846117487726303 0.303646040411914 0.210246279865812
0.2287868107256 0.196696064442582 -0.000599749375955711 0.325548217665299
-0.041092786140328 0.334521015566743 -0.211225988932467 0.128954002818853
-0.249530427119123 0.234097439997427 0.0585832725471132 -0.206047868609403
-0.176327906708151 -0.0297262615332819 0.447237466928634 -0.304086231965045
-0.191318952220451 0.08203116108292 0.492662065576355 -0.0266245525318597
-0.0729602859785092 0.16858027049053 0.511149207701627 -0.160153237140183
0.0930400557468359 0.103814816282801 0.318923927375929 -0.339185781940668
0.116351733214783 -0.0279680999263336 0.0216498285567749 -0.388366212224045
0.0495130620409605 -0.10730767397869 -0.171942876295339 -0.262946301156426
-0.0221123702502964 -0.110370280424174 -0.188325177515967 -0.154377817428036
-0.0425371800265438 -0.0836503590301162 -0.0700255284414958 -0.15087430866339
-0.0513308220250912 -0.0858100942886984 0.0213965420948903 -0.209572396695559
-0.0152678089288499 -0.139069649165362 0.193038330901723 -0.234599743336647
0.0910856066587006 -0.152496260529482 0.367201497914656 -0.128219893227689
0.197585086051395 -0.0407052360309247 0.330015660573324 0.193375384123812
0.132883260189682 0.190996740068944 0.0250698907693306 0.311630726529096
-0.109513752372845 0.218742194016453 -0.174822582313536 0.110390404399737
-0.210853537407358 0.0519903124648821 0.133991242277526 -0.230455863770807
0.134972795680426 0.0874499869019564 -0.174377077108157 0.342087823519042
0.0967404351582529 -0.0915679134825863 0.265930862436458 0.0139294164219882
-0.0428852709559808 -0.114689179160349 0.00382991907291306 -0.343163869543317
-0.0867112450107444 0.0180072677914215 -0.396831717286242 -0.243186297893606
-0.0216444575159074 0.0538893430906772 -0.421921862998254 0.166292981266491
0.0164618395659248 0.0529750818095153 -0.185052956989688 0.315759295043022
0.0355440205880294 0.0317840251735079 -0.0214593189914146 0.274635441320426
0.0212536026071626 0.00931553952515077 0.0926893370149331 0.200638250589997
0.00129788869821394 0.0101097816638333 0.174494653171596 0.178208746507026
-0.0204223954442344 0.00617386703433769 0.177124678814576 0.250473023255981
-0.00660837857749669 -0.00854831003828146 -0.00116307017233716 0.370507697690204
0.0113657608183832 -0.0219390764405164 -0.300047970357693 0.342747540933246
0.0675283757197651 -0.0250565001868645 -0.461736538496661 0.161089516110231
0.100962099237326 0.0770644455381653 -0.535336832243472 0.0337226640659432
0.0436882089397668 0.20573281510921 -0.487963934704273 0.287787843613229
0.0281486076082055 0.241765921137794 -0.204391824695049 0.280598234210064
0.104389436298695 0.0571641690193385 0.266565952388339 0.0273587604895768
0.0497528365723006 -0.0347554854221117 0.0423720300449909 -0.384204019173293
0.00710516882947716 -0.0090954248212915 -0.396201004234801 -0.29422317262307
0.0298873956956752 -0.0277423091490888 -0.450647266847903 0.137679887434926
0.0127931122331432 -0.0365344514843446 -0.206948307576179 0.313416818119779
0.00178732842802236 -0.0352737666443576 -0.0278940108766038 0.270768825984328
-0.0123015703806601 -0.0562033912639658 0.0892790314787492 0.190340434536451
-0.0209188775822012 -0.0680743426390704 0.172315233987965 0.152737216316868
-0.0102920358854027 -0.10201966136953 0.206563388600909 0.208096459751713
0.0759953706281807 -0.0900404549267779 0.0819741047476253 0.341354404072379
0.133048748748303 -0.00260547668502674 -0.220936154786023 0.382817201182931
0.135610485314765 0.11063960283207 -0.422003687611426 0.233305910766176
0.0517184326426738 0.256235044300446 -0.488146750990263 0.0809228370894873
-0.0965503946423702 0.366314813683251 -0.426005206201382 0.256061330276587
-0.111009000159469 0.356288392178709 -0.180341896417669 0.176503535876636
0.0655208386076542 0.224923922101443 0.294469861351562 0.027251286033685
0.132324485034431 0.0949381521924931 0.123393247026741 -0.435843240015817
0.129346564449239 -0.0106778781764249 -0.357507493298617 -0.380453755304862
0.101511234386717 -0.107446644169416 -0.464818028750478 0.065875286033477
0.0182072880939289 -0.13258986889643 -0.237379756631793 0.273458271425699
-0.029637070890176 -0.106122886870004 -0.0485882488730919 0.239248461262804
-0.0447913881845142 -0.11252573752309 0.0725743160880992 0.156171732478731
-0.0445207103230945 -0.128555706731889 0.156671716068172 0.100846939503153
-0.0173156468753703 -0.190168621845953 0.231242165940036 0.129026297217741
0.117523369977208 -0.180934475702499 0.188715454711788 0.266482539562427
0.228584984544102 -0.0419027976275472 -0.0807662430247871 0.409246351798276
0.242591785087577 0.176328377167935 -0.338175172311315 0.324653931562954
0.0697012387994805 0.394523471134206 -0.428814255015226 0.137365678697979
-0.17827590694546 0.490247510857054 -0.330472907129239 0.188303550429155
-0.254727597482362 0.405540732686907 -0.0928738152541154 0.0389731639285201
-0.0226604874268262 0.372169849620108 0.339722740303787 0.0124147467977243
0.168277079340913 0.253121217352268 0.240809676627516 -0.463146794079576
0.24964646189013 0.0271287719850778 -0.254790006452832 -0.466931705853652
0.183488899955022 -0.160524632781558 -0.436404808895147 -0.0541738875827447
0.0341638937176817 -0.214327439191531 -0.261279766365779 0.187307126857949
-0.0525902780469222 -0.168023655340915 -0.0817779551017168 0.179600588559125
-0.0696518461364511 -0.152188902374351 0.0435813543349068 0.102077026181229
-0.0648168359969124 -0.163623279227787 0.128641542307221 0.0334847745601134
-0.0322060593430871 -0.243440522673756 0.237130794909237 0.0313370599609837
0.123158460757858 -0.253637137837946 0.277162853343646 0.153153661542364
0.276950824121596 -0.107417258880647 0.0756375836810861 0.383140302108403
0.333810587152043 0.178610127208617 -0.220986479426607 0.381725220568756
0.111412017751196 0.464282212288503 -0.364930580820557 0.175905319744198
-0.212660076678275 0.547117181988514 -0.226627433644715 0.085989776019759
-0.357217119032534 0.375203470219849 0.0472963901555788 -0.105372759422495
-0.139221382953626 0.436213109247928 0.393734580131464 -0.0140997155227638
0.131995472793749 0.378671792464899 0.362636382263467 -0.43962069912138
0.316527139689699 0.0941907214916849 -0.091256202548187 -0.512201866995703
0.245969436113496 -0.168813653101426 -0.344355759185089 -0.188261172286071
0.055864103270978 -0.258447427147046 -0.264539529526019 0.0638625100731169
-0.0646514731290539 -0.207184636523564 -0.120164012744679 0.0976624674181201
-0.084220517684453 -0.168943366855821 0.00737513040497477 0.034392312838762
-0.0772622754327209 -0.171859501670423 0.0917653787030234 -0.0381555354131473
-0.0419629691677841 -0.26003083684154 0.222130153391889 -0.0645776664413706
0.1145884444682 -0.284657427044795 0.324343930210762 0.0327021934434722
0.284991736448924 -0.146817435352546 0.198822555795246 0.314056389679393
0.359960884760002 0.163461842303075 -0.107278312288314 0.387728692831584
0.115992954381437 0.46502839594931 -0.302496767170115 0.185219598791776
-0.223097570797664 0.519134314490055 -0.128622348733153 -0.0317499426681851
-0.378361532371582 0.276046911636518 0.208803567369011 -0.225098153537241
-0.229169074715544 0.390837430966455 0.446260938789202 -0.0409329667719209
0.0465073684070479 0.405598953597632 0.451822860585437 -0.360768661051933
0.295867159416031 0.147147946623326 0.0845438431439291 -0.486522676594771
0.256401418907835 -0.136272084964198 -0.211134897380591 -0.296714772038616
0.0681762539421795 -0.249874627444324 -0.244439709422592 -0.0673975761659562
-0.062610509715381 -0.209073792300567 -0.155395157438723 0.00553413155027164
-0.0846239829554455 -0.160473112270042 -0.0289274237113459 -0.0362868158046899
-0.0797273934169948 -0.157394269753126 0.0541263831861086 -0.106551658246274
-0.0412368395412701 -0.242501591893855 0.198365424647258 -0.144617244768979
0.106028562395477 -0.272121468487439 0.341324788144572 -0.0651011622633104
0.268740469521834 -0.141981533162824 0.277455807625576 0.239818189672712
0.322522150597767 0.16470287988498 -0.0244438309771866 0.36097806117702
0.0671244460174694 0.418150560571637 -0.248222594688374 0.169993554957153
-0.230901140830494 0.411392308661121 -0.0392769824388002 -0.137497964600366
-0.309172529479366 0.13553522079129 0.347000714389056 -0.30223420670469
-0.242319985180354 0.260719715050216 0.483797095381024 -0.0540964221932313
-0.0284104347125403 0.322366369130087 0.494892935438783 -0.26790470988151
0.210445204185084 0.146818927604001 0.223405233454422 -0.41843106721934
0.205373338677898 -0.0871974525985798 -0.0825653621560176 -0.361274275472581
0.0615012821867798 -0.194649770511643 -0.214221605987887 -0.178586129915203
-0.0510764682786567 -0.172993251016284 -0.183796365899274 -0.0789044742136569
-0.0716533567458082 -0.130366044522537 -0.0607554707249543 -0.100028008041162
-0.0722378166569336 -0.125690498859297 0.0230689772201152 -0.164769700391557
-0.0349683313110269 -0.198892018735669 0.179708974197078 -0.207656169755121
0.09647216989732 -0.224797737693555 0.346569970726413 -0.127407622295249
0.23956832323123 -0.103924153760759 0.31968440339428 0.188077325710867
0.243171901659718 0.18024460182623 0.0246642958345357 0.329161835540598
-0.0152674902238593 0.335898288412812 -0.200484298202424 0.144898248562515
-0.230006292385447 0.253220691260213 0.0420366618068853 -0.210490672777832
-0.176976722486565 -0.0177749079003841 0.424911784326108 -0.334485969030252
-0.182175022926962 0.094959879729543 0.489493339294767 -0.0582097149804599
-0.0596792278626019 0.173766751623431 0.498508013214787 -0.195790205670187
0.100028922121 0.0953325555519104 0.296074815419376 -0.362555272803187
0.113568978945656 -0.0383162855918862 -0.00655755485031843 -0.389365521626773
0.0391868888817159 -0.109218615103617 -0.19380367098664 -0.248450538913042
-0.0316046477511849 -0.107252433387965 -0.201181849781305 -0.137841431757477
-0.0470223481738716 -0.0807401974917829 -0.0835766889778702 -0.14651781273305
-0.0554691496562924 -0.0804827539286172 0.00486160773184942 -0.210231217205346
-0.0266626762598484 -0.136443968117644 0.17266327422869 -0.249659638473786
0.0776391205901476 -0.158882550058393 0.354032937738324 -0.159493188450677
0.192469400459401 -0.0565208553152921 0.34573387391844 0.169086449010003
0.14691887265982 0.181655968451536 0.0478964551858447 0.312573384051451
-0.0926460304237834 0.225591519350194 -0.165903945018548 0.123529146089302
-0.206492722538872 0.0687018397081 0.113305638971239 -0.239617329793768
0.134321869425145 0.0740300645539304 -0.139448766706685 0.339654142262148
0.0853217346443736 -0.0950230414329638 0.261847141993723 -0.00535836333810356
-0.0489096256906685 -0.10774343462614 -0.0155347652414817 -0.332302138686918
-0.0820448773642027 0.0228276947249979 -0.399915209729154 -0.206752209612421
-0.0174940639883912 0.0524343741688327 -0.396180975729987 0.190572902267093
0.0207148350573797 0.0491935102857218 -0.155541984955582 0.314971268705402
0.0363958368003524 0.0270349386594965 -0.000940968839064484 0.267271915551322
0.0203429752882879 0.00552900681161161 0.104564637184268 0.187665135218496
0.000909943695072804 0.00847626415159754 0.181785110319678 0.159854323208758
-0.0194567453452454 0.00688193131554736 0.187650847168721 0.230204002071692
-0.00637741593399587 -0.00847257867930529 0.023280410749692 0.357946834765542
0.00904040506036605 -0.0220958866698017 -0.267531313125564 0.350775793570237
0.0627903699327201 -0.0273123207823473 -0.434189489623692 0.182795309485631
0.0995777195482959 0.0690533445436228 -0.515968291883791 0.0659614188309019
0.0552744805777683 0.194392590250792 -0.450452590325747 0.304329195746333
0.0431943761136183 0.228370774915249 -0.171821752314975 0.284889117566206
0.102461890265929 0.0470617248651406 0.26438907760196 0.00934755092583829
0.045126601062945 -0.0370419683517194 0.0178554653477645 -0.374024347011107
0.00645683875424912 -0.00936019669162113 -0.401499327812013 -0.256698121716292
0.0258441966149262 -0.030087992739103 -0.42428280986375 0.164078862006648
0.0104296968745588 -0.0365599743577521 -0.178088376915199 0.315517218758254
-0.000201010520307842 -0.0343567615148163 -0.0086031304775589 0.262702013350907
-0.0164316384086597 -0.0548405672165733 0.0996435526624378 0.179055779528091
-0.026038177875507 -0.0650626415733973 0.176971902946704 0.135961828828883
-0.0172423915053739 -0.0972688645002308 0.212177684933181 0.186742301646094
0.0665739133691185 -0.093303270456308 0.0995903887145793 0.323936498378246
0.127784273606565 -0.0114081787937739 -0.186505133474077 0.384747404065215
0.137112478841615 0.0999522586117175 -0.391012166344021 0.251130152546533
0.0650907894227534 0.244259019750958 -0.465397484398044 0.107334549458644
-0.0688382311606008 0.359427998598545 -0.39142862350688 0.271647719287265
-0.084474137785035 0.347171751091779 -0.156614200844436 0.184210883381683
0.0761369570145617 0.210453043678229 0.291709583190987 0.00947228872669972
0.131708839737649 0.0825765492781809 0.0932186369703521 -0.427378393403595
0.123291390039668 -0.0189504700863665 -0.368766093749963 -0.343385738942391
0.0887909895865968 -0.110980651115193 -0.443119933925991 0.0943552094397777
0.00788142220987055 -0.128546261802129 -0.208734925178201 0.278413743402956
-0.0349420855223713 -0.0995889345168082 -0.0311396641608179 0.233599616162097
-0.0499992015037323 -0.107238958630741 0.0802862568854367 0.146594932948688
-0.0521193719252984 -0.121292188115309 0.15821444282922 0.0873172443626634
-0.0313657895333496 -0.181473499123256 0.230210349376034 0.108076955928446
0.100025754188419 -0.18418430730736 0.196557261512005 0.243553401998059
0.216026334424912 -0.0562489395622741 -0.0504571101551049 0.400527775642462
0.244198784296189 0.15648101886158 -0.303901317725793 0.335643573412068
0.0910330402578159 0.377339350052677 -0.404409161978016 0.15818201744677
-0.138770418313385 0.48396887823951 -0.304320056978647 0.200258509552187
-0.218681239563681 0.403411798578798 -0.0827439226506579 0.047733888656521
0.00133772311959106 0.355978384866788 0.333447928864622 -0.0058979982710296
0.177405330132818 0.23278407540836 0.203415918107061 -0.460706611304387
0.241650459143058 0.0088836524603525 -0.27508446035979 -0.433726709163437
0.163927016648195 -0.168266689146658 -0.42182143626184 -0.0234314216218878
0.0172066584081947 -0.207294204839306 -0.238140311003845 0.197014566942171
-0.062356303728201 -0.157554401087376 -0.0680611345012861 0.178034263402197
-0.0765599629346455 -0.142955984118569 0.0483403215951694 0.095855485285149
-0.0736217909015622 -0.154163436729739 0.125673268225006 0.0244689434830815
-0.0501853271068964 -0.231906843978281 0.229393569131402 0.0138368521508343
0.0995864614261729 -0.253777878017084 0.273064460562452 0.128316717490418
0.257652501520263 -0.122325051986207 0.0981112296968048 0.365535043016131
0.332205097623973 0.151417349607679 -0.186790850596505 0.384278764253474
0.13651065778447 0.439344264292988 -0.339261996217125 0.191870506718338
-0.166082818459856 0.540345068159905 -0.210392899587727 0.0956920087955549
-0.318712162875446 0.381161926736972 0.0419816945625369 -0.0991333458047837
-0.10539004953769 0.425796628984737 0.382311545495961 -0.0336523397950155
0.15141697222694 0.35664760312118 0.321013546969108 -0.444222657791142
0.30954246173938 0.0691912944096675 -0.120082864471455 -0.487439965939998
0.223890010495789 -0.180302339970237 -0.343078212787823 -0.15913204610746
0.0340452503440643 -0.250137180603719 -0.24942488470403 0.0795488667365964
-0.0761409597545522 -0.192428984222922 -0.10992980441916 0.10093413746003
-0.0913051318092387 -0.15780435167193 0.00893865482946112 0.0325158555644976
-0.0847078856904677 -0.160573777860169 0.0852901274048809 -0.0408551189974702
-0.0604543070820849 -0.246880934359138 0.208381597845577 -0.0768982517685314
0.0887754754247856 -0.28311781577709 0.309390772062213 0.00865758898139816
0.261687888666394 -0.161015733160317 0.214441294588363 0.290401691836465
0.356918730590973 0.134889969669302 -0.0757672007681767 0.382578511680347
0.141560262839493 0.440788924653624 -0.279376709288793 0.196095967541805
-0.176994881660083 0.513078863551922 -0.124531944616752 -0.0239181694477135
-0.346490168037891 0.285977912396014 0.188020117903124 -0.225190521014503
-0.194044350591152 0.389112877574409 0.430383662862186 -0.0625769234384294
0.0716549630810031 0.388876925848263 0.413069358904051 -0.377402838046291
0.293921523641694 0.121780297624292 0.0528416707186481 -0.474609979858927
0.235780188363477 -0.150567343553184 -0.221822374365938 -0.272324816372414
0.0459853562817994 -0.243198237128977 -0.239301456685813 -0.0480070930797587
-0.0752798155230761 -0.194845456862469 -0.150144030848634 0.0157636472680546
-0.0911051745727273 -0.150736650016087 -0.0315809423275505 -0.032939244661879
-0.0863389028806687 -0.146214884249299 0.0443060809961995 -0.104294560088541
-0.0591334912856247 -0.230023874931606 0.179583293748744 -0.153318390129269
0.0811262835203238 -0.269623040486293 0.319698547848319 -0.0868855051344857
0.246811280628459 -0.155092159432922 0.284268921373661 0.213819892018635
0.320439173084574 0.138970187268379 0.002269271797022 0.352029143636428
0.092538528603154 0.397226199976788 -0.22636561332629 0.17845766760842
-0.190929453051636 0.413384184432847 -0.0465794940722434 -0.131316776901266
-0.288170406938395 0.148172851263186 0.315022956883251 -0.308573086572651
-0.214576768029804 0.263763056035045 0.463899675368182 -0.0788130108736021
-0.00595031226469632 0.312550384030873 0.458848441561866 -0.287037864674149
0.212077704699524 0.125993780138113 0.190544535094127 -0.417039482434815
0.189815697063102 -0.0991050511362695 -0.102125196123412 -0.342269028287313
0.0439805649637583 -0.1890699715244 -0.217699163863021 -0.15676313759549
-0.0614664191979384 -0.16094024080877 -0.183334974769236 -0.0628878007991517
-0.0760937707607619 -0.122066061596254 -0.067365521764803 -0.0923882796023082
-0.0753237981862178 -0.116174403443547 0.00989919400349478 -0.1591954488922
-0.0480189688053409 -0.18815888651665 0.15797475828777 -0.212253851746555
0.07487053838383 -0.223862624910359 0.32128517518362 -0.148533382338108
0.221195014593885 -0.115924596746447 0.321797355018658 0.160583136169316
0.245651152983772 0.158412745882484 0.0466085727518477 0.318132799691386
0.00747551294231889 0.324231572040782 -0.182081819027854 0.151302934833726
-0.202561573840843 0.25966990929369 0.0262826038313831 -0.20608903416185
-0.169819330841679 -0.00777051969718234 0.386465641234137 -0.34491204795871
-0.166311301561664 0.099804236617263 0.468430437402836 -0.0830130755994484
-0.0451544462357676 0.171414778627967 0.467544666632631 -0.218947921372572
0.102119821976189 0.0840731187905174 0.265195796338057 -0.369019106583296
0.104931803903221 -0.0457360002910354 -0.0314442715016171 -0.37551254468035
0.0286410934082712 -0.106212617048559 -0.20403159717344 -0.224601969352143
-0.0383454281434046 -0.0990695431559055 -0.20414001865711 -0.1183713295158
-0.0495790369870483 -0.0757378931780204 -0.0922659590820228 -0.135969570970737
-0.0561663131655077 -0.073332035205301 -0.0107200827397087 -0.201125045474464
-0.0349294800133944 -0.12887820672084 0.148791562259758 -0.25295343256958
0.0624249174843164 -0.158824517551547 0.327647713887422 -0.178294838696922
0.179812302828355 -0.0676323625108799 0.343911171240668 0.139611590091956
0.153700344208502 0.165072096034603 0.0673614215225958 0.299813061243312
-0.0740813257124739 0.222406743161605 -0.152110962873038 0.128541045809793
-0.19265983955326 0.0805933249206386 0.0911153055117682 -0.238692471460111
0.114950901323884 0.0812604742388967 -0.156560847345054 0.312590264126368
0.0877311985307449 -0.078427718466826 0.255884407305031 0.0188379083494197
-0.0332030817388308 -0.104517294295488 0.0254045254994271 -0.316190603073111
-0.078481152300789 0.00946110576651991 -0.348206349932373 -0.232082796961294
-0.0242929920225799 0.0442955309932483 -0.387745078176396 0.137467501146134
0.0142639030667535 0.0434254918213393 -0.175912086166569 0.281405731339854
0.0331753381089093 0.0267694772313656 -0.0270378395452648 0.252547295116856
0.018308242982798 0.00629716201444907 0.0810403793110328 0.190134703345263
-0.000325993975277203 0.00594787245643319 0.157378848811142 0.170174623683619
-0.0189428301425584 0.0026839290941025 0.155707590487503 0.237677336329468
-0.00317610489140988 -0.0118886080413463 -0.0164954435116456 0.34696281482617
0.0171398039702808 -0.0224566047143264 -0.294600577420637 0.311875924196026
0.0681935671419462 -0.0153312098800858 -0.440797746545653 0.125243518551232
0.0896331502109495 0.0797262930701158 -0.50907519810028 0.00553800777470294
0.0371688113172788 0.191537950776614 -0.475745128079472 0.240068995483519
0.01407127187159 0.21269467608753 -0.192435830475045 0.257591073831711
0.0868854521494712 0.0551831432428388 0.252164882257664 0.0385672603247565
0.0458139818028973 -0.0277340081273143 0.0588267877343041 -0.34428058644731
0.0079449772552746 -0.00967082599955082 -0.344381920766346 -0.276023195574779
0.0263397499125963 -0.0268414664869898 -0.408774437551922 0.112302855634882
0.0144392818494544 -0.0365468471725718 -0.19360100654802 0.278354817336804
0.00554658599306316 -0.0342017178253594 -0.0332756136531929 0.247106542689624
-0.0100043288715811 -0.0554775356856386 0.0754744686368316 0.18069361144538
-0.0178266363563407 -0.0665288091442226 0.154567090728714 0.14877758703949
-0.00736063934840111 -0.0954395735994987 0.180828509387918 0.200974114699421
0.0738680965934859 -0.0839754786736767 0.0572030102949619 0.323895286092567
0.127882189353415 -0.00108711659135528 -0.223746147648049 0.353078620813478
0.12720517709782 0.112167728373414 -0.406496089662523 0.194004021895139
0.0377948639465136 0.242064622410803 -0.463915776591732 0.0444239322237334
-0.0980241704999806 0.336854142433619 -0.412731787153786 0.206298757655617
-0.115473570265971 0.308493036099815 -0.180822836603552 0.162932045254619
0.0439801643453119 0.201160095189282 0.270306886882112 0.0465355704863601
0.111605223248606 0.0932657187348746 0.130172231665287 -0.380110050161081
0.117837659323565 -0.00370363234740326 -0.30387854704338 -0.347459060508138
0.0962481792572455 -0.0945138420795928 -0.415878329812077 0.0493462503629454
0.0222147466225288 -0.121770342632757 -0.216691436258851 0.239956126059005
-0.0212312990042317 -0.098261974477799 -0.0508093599302328 0.217360767102279
-0.0364473122774381 -0.108978828008309 0.0603260294482034 0.148117839279703
-0.0370229348544059 -0.122915758162438 0.14137318728669 0.102307323845016
-0.0122789037515134 -0.175992034125345 0.205712639452654 0.131124684998389
0.113394357974799 -0.167249673352065 0.15458797939809 0.259483141187972
0.214958254817207 -0.0350175676972854 -0.0967009460637771 0.384762717408306
0.223541112520032 0.174815086207151 -0.333765375577957 0.282868332442826
0.0507160419755094 0.36976388794015 -0.410522727710046 0.0942330889720486
-0.177980272034173 0.450594344428259 -0.319537005037792 0.140488296039013
-0.245453571913066 0.345639722085722 -0.107626552998361 0.0371366855814379
-0.0415570430893689 0.327515662829882 0.303712856837769 0.0392175155287988
0.135962255702798 0.237605729530598 0.228815051938292 -0.394442938962472
0.224345244576889 0.0380689448396 -0.209635011058964 -0.418486016490441
0.173717698603013 -0.138019725610633 -0.384275813528075 -0.052906926095213
0.0400056638273334 -0.193366570651889 -0.233099148782739 0.160622814826116
-0.041103564103109 -0.154544320991865 -0.0787853704857749 0.162060228196658
-0.0569317112637491 -0.145742763413037 0.0343998153764216 0.0964274034887042
-0.0532707903293605 -0.155663199869439 0.116224336482394 0.0405934271612551
-0.0250354942916124 -0.225944167522138 0.213239053211725 0.043370454092219
0.119792356544526 -0.233397291815266 0.238041965530723 0.158031843693006
0.259330632642048 -0.0945390815834351 0.0511989909356411 0.36800707648602
0.30709867787853 0.177091401539324 -0.227945088421218 0.342235584869343
0.0871597555171383 0.43392640200942 -0.353233035787691 0.130302252856026
-0.211229779537787 0.503231549234276 -0.218341430698699 0.0462163243248473
-0.334893752978954 0.313060893529029 0.01857567946824 -0.0932957952770539
-0.14731564145807 0.378804238466841 0.344545921196874 0.0167251911937265
0.0977624494396893 0.350877701577037 0.329180775463653 -0.364798580386183
0.280403764024226 0.103405251830511 -0.0640175446343598 -0.448587582812837
0.231772750305287 -0.141465752608669 -0.298278916324829 -0.168634601844748
0.06026865361504 -0.229824291467762 -0.231154806676597 0.0502120717907888
-0.0515584796850152 -0.188414667535235 -0.111226585263143 0.0862972714549111
-0.0682548609752524 -0.161743599952112 0.00319073824914855 0.0325998351976989
-0.0631840129728358 -0.162422728481616 0.0849508337291893 -0.0260295165805105
-0.0339261090525856 -0.240195249190507 0.203068211053044 -0.0448135196127314
0.110756017283415 -0.261562090787352 0.285253289821852 0.0483632480906577
0.265047213859348 -0.130930624226052 0.170592433533963 0.308262843251954
0.33154358248285 0.161042116188949 -0.122997953488669 0.35384956960039
0.0934962104175088 0.433832397837402 -0.295580869210526 0.141634828892183
-0.218612406638956 0.476997306366089 -0.122785062400154 -0.0610007124152156
-0.349892774538462 0.223807481152498 0.170760071510872 -0.200362338835759
-0.224111227199909 0.332898202009461 0.389849637180925 -0.0101808149235422
0.0204214880660836 0.370241736421241 0.40234833657291 -0.295121347910182
0.259595742828511 0.150241813153621 0.0917024422222787 -0.419696013388862
0.239082120774002 -0.111372951708208 -0.175639920738063 -0.262589021082322
0.0717681879130905 -0.220448835491849 -0.209365827678524 -0.0679287468601268
-0.0509016320822442 -0.18967045213115 -0.141769051995879 0.00242283919215845
-0.0694312635170027 -0.155111823547074 -0.0291943228519391 -0.0341735730695014
-0.0648964113051293 -0.148423775525403 0.0514690662923198 -0.0911022658496633
-0.0342952108534497 -0.223620331768753 0.183300485856024 -0.120964687570859
0.102178645971216 -0.249134673601205 0.304896247662565 -0.0427253318184993
0.24816681208156 -0.126387528310292 0.2456409798524 0.240569418914206
0.295372148941184 0.160436034662158 -0.0433975010333176 0.333566682497149
0.0505332309978977 0.387145153079848 -0.240309845886139 0.131274997369394
-0.223894563545998 0.378359419328613 -0.0342886333655116 -0.15335984810851
-0.282277886876995 0.103092106168479 0.305892551831251 -0.267013970157337
-0.228883041047089 0.215749435018466 0.426051584335747 -0.0266527587728491
-0.0415005829065007 0.289928494243295 0.437961872256801 -0.214779708808837
0.181586399352518 0.144399686144411 0.21388651232651 -0.356238043876262
0.189811096598248 -0.069185039851169 -0.0588097351154633 -0.318424150065238
0.0638532381223673 -0.1691828215058 -0.181585916928169 -0.166473696557981
-0.0413493906619933 -0.155979582027679 -0.165071479950234 -0.0744402791055445
-0.0581924861086308 -0.125467587596648 -0.0568312633070313 -0.0945271700537995
-0.0576337906173387 -0.118284763495681 0.0248780781630547 -0.147659063061167
-0.0278939267625997 -0.181848372917431 0.168295982038081 -0.180305361681335
0.0913843100560352 -0.204885411871539 0.313680753029124 -0.103625658382796
0.218681842951908 -0.0911734604615863 0.288156670623876 0.191938906645893
0.222709136020891 0.171334144069299 0.00524017974591381 0.305859989159393
-0.0229587802828779 0.308932329002224 -0.191667237132498 0.112439144936456
-0.219092743927676 0.230275642736493 0.0460398065457945 -0.21297099187991
-0.155190906800713 -0.0272283153844972 0.387462098429224 -0.291694499014453
-0.164637744169453 0.0709565136616179 0.437801375899277 -0.0347280446903565
-0.0615922633651701 0.154186277239141 0.447038150842624 -0.154679960647407
0.0848410689582216 0.091756046223385 0.278847471793968 -0.308590413237233
0.104049952190305 -0.0299169819620806 0.00820298018311381 -0.346182396622542
0.040039794492158 -0.092056252880825 -0.165343064856341 -0.228920859230154
-0.0260431940518909 -0.0954659504734516 -0.181168812490784 -0.127344239132441
-0.0378612565438762 -0.0785401811995829 -0.0761236069479198 -0.138508340911463
-0.0436639996633092 -0.0741226523023939 0.00925933705874806 -0.190914120173834
-0.0209352074964387 -0.123951828123763 0.164332764232335 -0.221819881782309
0.0729350022184179 -0.143645835039949 0.325279366028798 -0.133228804635012
0.173688524716049 -0.049508306928265 0.313302848051591 0.171859139744869
0.133618348444713 0.168316353513484 0.0293521903503549 0.290083720715924
-0.0911777286021778 0.204450430259373 -0.157527698245264 0.0972892221144726
-0.193566023819107 0.0591367267129687 0.115256423915324 -0.228828246439326
0.110121488641205 0.0774917208701383 -0.148017208214657 0.300340105292888
0.0830551498235377 -0.0750182841308177 0.25215410055763 0.0176480593701952
-0.0322933781933011 -0.10099984322936 0.0293318183437172 -0.308345031032208
-0.0753084220413845 0.00941271588614866 -0.337467495546298 -0.225403420903727
-0.0237902671051289 0.0419888819772032 -0.376190216363221 0.13378825831215
0.0149237266700219 0.0416333776596354 -0.171385219362143 0.272463547615327
0.0331248745869125 0.0246122436328196 -0.0255155578086803 0.245769269211955
0.0165858603598296 0.00512985463077835 0.0791439521355403 0.184786722383455
-0.000950929181190709 0.00523888053122994 0.153282076081197 0.166082765832143
-0.0179872571415866 0.00223353369280188 0.150261410755646 0.231539913891033
-0.0027315653700425 -0.0125900209022384 -0.0169476673481627 0.338241508668226
0.0167541771897922 -0.0210824636163173 -0.287179667794386 0.30224000813491
0.0658949229696847 -0.0132636666191889 -0.428405054946688 0.116554863428986
0.0857434137160353 0.0789916702180077 -0.495191119551457 0.00066584492570282
0.0341900585262142 0.18574820738584 -0.461403779374254 0.229946416533327
0.0117403871567654 0.204102950308463 -0.182539638929546 0.248817079454119
0.0818940323124042 0.0531480241535137 0.249012631777251 0.0392159050350481
0.0432612717876103 -0.0259970189927235 0.0623385780157721 -0.334110314640297
0.00759338727727773 -0.00861663953761786 -0.33209288631543 -0.268698602634678
0.0248794890869461 -0.0266799635597913 -0.396666087680564 0.108873836868618
0.0143310968251434 -0.0356531893037103 -0.187185858146447 0.268796830949259
0.00606240533030335 -0.0345638288681222 -0.0326049556979241 0.241028758771864
-0.0100559918203067 -0.0552089889450559 0.0748589026373191 0.176348746627823
-0.0180995890315979 -0.0651952499627807 0.149845568372536 0.145673967538547
-0.00821225012119019 -0.0931751022225452 0.176077952337148 0.19558356162691
0.0712590152531611 -0.0827971106545241 0.0525309216363557 0.315719402182096
0.124122196894906 0.000305469186840761 -0.219471194736435 0.342896454340358
0.122209608639473 0.111204733242385 -0.396216813922217 0.183153661971764
0.0337588655298639 0.236609406400771 -0.451114974674531 0.0377091473632334
-0.0961541185235341 0.326150292485814 -0.400231461855695 0.195532040614877
-0.114442250006511 0.295859675737579 -0.170614356885229 0.158712505433328
0.0400171814772191 0.194223057827888 0.267214115520369 0.0486134769901403
0.106783978580585 0.0916575716913625 0.131016488510734 -0.367451467275835
0.113121683328863 -0.00274719758644615 -0.293994526330087 -0.338627373575869
0.0920132612404733 -0.0919943139379398 -0.402952523066647 0.0462124891358018
0.0213995695451645 -0.117405029507576 -0.209612963019192 0.231494340180826
-0.0192120363064652 -0.0958889012958069 -0.0508083415650385 0.210836999701521
-0.0355682190044652 -0.1069547141462 0.058456753614868 0.14450405255526
-0.0362687446964689 -0.120469837438513 0.137012286123585 0.100237968560828
-0.01362087280753 -0.170797001857623 0.198905755244215 0.12790585063694
0.108434628771114 -0.163386842917967 0.147388765317025 0.252426564237257
0.208247307704888 -0.0329859242760612 -0.0949493558223779 0.375587950291793
0.216407596324275 0.172161143912484 -0.325867086107218 0.271350463213303
0.045912654754633 0.360026727506294 -0.399176321396677 0.0869261231935743
-0.173346783471029 0.435135540524383 -0.309546544359144 0.131114822448637
-0.240201951030543 0.330558499902187 -0.100847966508197 0.0392973416458728
-0.0431882910944632 0.314155203509612 0.297699314732205 0.043471045662627
0.130209505131276 0.232193274471599 0.226223854790747 -0.380010524851844
0.216391561799804 0.0376275820231193 -0.201226823882048 -0.406472226959214
0.167138147638036 -0.13465710838881 -0.371081792363794 -0.0543235816234181
0.0374924648281944 -0.186357207408327 -0.225463632956064 0.154734826667509
-0.0385491455856373 -0.15025822309623 -0.0783360723552888 0.156880813253513
-0.0544520721860904 -0.142983817999381 0.0332595198301706 0.0937415758366016
-0.0518570552959695 -0.151581540897082 0.112864786548448 0.0401034841726268
-0.0266640355393631 -0.218301843034148 0.206548966220087 0.0419267833451371
0.113429826658404 -0.227617185954016 0.227090360140834 0.154318114791882
0.249898724311214 -0.0904190211716371 0.0478193736137847 0.359058407552195
0.297137386139719 0.173454166821031 -0.222473440046599 0.330402168519335
0.0827111835189968 0.421438813807073 -0.34308719099115 0.121776461969215
-0.204838219200817 0.487070043535128 -0.211494691435885 0.0396119216832741
-0.327585368942045 0.300147911929793 0.0216383609504737 -0.0866714419316757
-0.147074869314178 0.363963041247532 0.337430674445189 0.0225698901590089
0.0930223390181922 0.341168831200675 0.322084826420244 -0.351005008543761
0.270996731422442 0.100727020436869 -0.0581789308114645 -0.436198939580306
0.223109487228113 -0.137760999253658 -0.286856663200518 -0.166439543043831
0.0573904110967659 -0.22120965274217 -0.223563288015654 0.0481096044270192
-0.0486974081316719 -0.182158451368687 -0.10943651031771 0.083394831980658
-0.0654361188366381 -0.1588656417399 0.00199722378714857 0.0316137937994971
-0.0600126255808193 -0.15797939805691 0.081985131946866 -0.0237263402479479
-0.0349183153649192 -0.231980804823519 0.196285909740854 -0.042830466549109
0.105452940731723 -0.255339159848783 0.273400378992898 0.0465732950113542
0.254628534985477 -0.125528777956213 0.164972207684091 0.301753044861062
0.320811500288858 0.158715121063244 -0.120044912510599 0.343583482693304
0.0886328644200555 0.421719396888033 -0.286979631742395 0.132700725781351
-0.212688914293384 0.460749777201029 -0.118142238377726 -0.0623980800657969
-0.341660503444014 0.212521651796072 0.168276461113118 -0.188782239556041
-0.220102405184595 0.319295948117009 0.380296448708933 -0.00285873764416805
0.0185952894807577 0.359014866891119 0.391819088742721 -0.28192640706461
0.250164758467632 0.146064931399601 0.0940245301889182 -0.406946931166767
0.230643337425253 -0.107897822249357 -0.167316749657903 -0.25646539093234
0.0681827986521577 -0.211328516351252 -0.202843214284493 -0.0659507585494595
-0.0483931130675754 -0.183330493590133 -0.138714965023881 0.00286405355659988
-0.0663280629136113 -0.151908412329149 -0.029319310679365 -0.0335375520434649
-0.0604405833380779 -0.144410101206463 0.0494466517604943 -0.0862203734334082
-0.0345262638032046 -0.215705621425581 0.177275884631506 -0.116795089510274
0.0963322868916765 -0.242057432443725 0.292700625800911 -0.0407933218225397
0.238793620419993 -0.121100057012185 0.238324161004092 0.23445820958105
0.287172991045999 0.157236503470328 -0.0422699067593956 0.324525946373103
0.0482709559992583 0.375870928390813 -0.234265332651089 0.123475572127625
-0.217807248965076 0.36485562685695 -0.0334184480435717 -0.151494484605594
-0.274220834070754 0.0962562349994952 0.298043024188178 -0.252718946184626
-0.222990096542817 0.204842488536779 0.414008293064135 -0.0193024651755583
-0.0417337628062038 0.280934118854204 0.426135223604084 -0.202165693795906
0.174783638697842 0.140528860446331 0.212628845303115 -0.344949318871286
0.182258011138175 -0.0674719517072489 -0.0546286430873732 -0.31026441981504
0.0605665386286626 -0.16187991443841 -0.17507754832618 -0.161089538344408
-0.0402184284010149 -0.149990933271246 -0.161817063179997 -0.0715649129792493
-0.0556536415749472 -0.123265334003089 -0.056746128573395 -0.0916271694371434
-0.0536183175850395 -0.114585499176955 0.0241961480284265 -0.141122665100541
-0.0283804247170682 -0.175488711999724 0.162451848008314 -0.174539559527531
0.0867437214651865 -0.198613241140599 0.302028340089791 -0.0997839186660852
0.21006109637966 -0.0878625886356117 0.278877484209459 0.187375424938033
0.215420583215415 0.166262551264435 0.0051367609781914 0.297674234635258
-0.0221289873788957 0.300319641428629 -0.187441957091125 0.105490564301945
-0.211589158269039 0.221739533069355 0.0441488687670614 -0.207431665590892
-0.150754830184864 -0.0290425701952647 0.377729443166136 -0.276393083841901
-0.159250559699672 0.0651126574167614 0.424118693110709 -0.0277107924440859
-0.0596877929016932 0.148401307135872 0.432555603152499 -0.144929884015591
0.0814792878194629 0.0887209965600432 0.275671821692824 -0.299113554198058
0.0988237377775715 -0.0289709817011712 0.0111007351075929 -0.33695836693855
0.0385970596974537 -0.0874155714064088 -0.160406886448115 -0.22165729677828
-0.0250446866045526 -0.0908080967717014 -0.176844000372387 -0.122359519513878
-0.0356643458480545 -0.0765705015197762 -0.0756125432686417 -0.134009216214481
-0.0402506221677292 -0.07173021891006 0.00903864232453075 -0.183520363588614
-0.0200943240626641 -0.119294227725337 0.15920765254325 -0.215147738307701
0.0686665135340827 -0.138609975547567 0.313615646185434 -0.129139879768537
0.167436812066273 -0.0478184299972233 0.302555215839164 0.167782887812761
0.128685436316953 0.163424320930211 0.0272333439544119 0.283432253737343
-0.0884928807866744 0.197796482032652 -0.153962818078436 0.0917212931063208
-0.186067915578012 0.0565454737331645 0.109931433126603 -0.221692060528106
0.107900518202518 0.0783638818137667 -0.148771361276502 0.299548669013575
0.0828991166838182 -0.073546000684502 0.257136245231213 0.0202519644489122
-0.0317731023539473 -0.101415771153189 0.0366057873240376 -0.310705888999511
-0.0751290589347749 0.00932653820763572 -0.336131620215867 -0.231399345572214
-0.0248116345705227 0.0414519188401554 -0.380745281112075 0.130477553976726
0.0150184821049483 0.0401345804951715 -0.174943708184689 0.272208267633175
0.0328763131481214 0.0226361520601837 -0.0285015529155293 0.248056991004359
0.0151424788530334 0.00369142706686935 0.079736510339108 0.187528657286274
-0.00240989034890253 0.00491983607271525 0.153587138932455 0.168888172071838
-0.0186135895350486 0.00137323457294851 0.148685237493084 0.233587715570264
-0.00242962873238703 -0.0128993139626209 -0.0217065394998651 0.342240931866701
0.0180437524710311 -0.0200401805639184 -0.294163437060006 0.300774341986175
0.0656895537082945 -0.0114052288451622 -0.436040145986239 0.107161409957243
0.0836538513820808 0.0824141189546638 -0.500512913655679 -0.00885543437741078
0.0318105799698943 0.186030023206207 -0.467991924721979 0.220086779158919
0.00748019163392966 0.203711600143943 -0.182339804204913 0.247055783277623
0.080301954793447 0.0546995608859948 0.253748352860969 0.0423523309113871
0.0432284025948094 -0.0249080354009886 0.0710555261792147 -0.336549260647464
0.00782822161289242 -0.00754480588706328 -0.329720250813416 -0.274898797606621
0.0242487868145256 -0.0276192073878416 -0.399997474998872 0.104885970332541
0.0146171117215094 -0.0364399200427475 -0.191488063719292 0.267775657038116
0.00707055788008252 -0.036324289310463 -0.0357401659313516 0.242319901539976
-0.0103959734128864 -0.0569528283459164 0.0749381551730092 0.179071490416588
-0.0192221888518722 -0.0662445590399728 0.151285956728 0.148287793534063
-0.00816467057799406 -0.093626350617471 0.174906680388692 0.198743763092086
0.0719685163562726 -0.0833719844538844 0.0475300774797067 0.319854603754699
0.125045680493757 0.0021806673838816 -0.22646077683137 0.343313288533126
0.121270817485033 0.114937772297993 -0.403431279395816 0.176242617398995
0.0293965172263654 0.240561936954402 -0.456014955031016 0.0288852211944226
-0.101223514136162 0.325141682701205 -0.404955603366408 0.187124017996964
-0.1201426691411 0.294094478516291 -0.16862537301794 0.157933660052912
0.0349190602972106 0.195446943787271 0.272687028584664 0.0542546833721718
0.10537335803861 0.0944413962977825 0.139849179239378 -0.367993617435657
0.113570918279907 -0.000728293990537555 -0.289689564887571 -0.345493827332037
0.0918690128085596 -0.092529774956784 -0.405716579423621 0.040860725253893
0.0223709215839097 -0.117552536735757 -0.213361550046732 0.23025405860547
-0.0169481250145835 -0.0978680132484363 -0.0535197838806374 0.211574115745602
-0.0347022288097646 -0.110034398020014 0.0586892861441823 0.146244365447583
-0.0364138248009692 -0.122007166581603 0.137181715544238 0.102801891111103
-0.014102406128305 -0.171696775965436 0.199029616761542 0.129961714241194
0.109675466957475 -0.164431092142305 0.14342828509884 0.257219252121446
0.209774726755839 -0.0303050863042462 -0.101476319700954 0.377334623379248
0.21540698529017 0.177445731254825 -0.332489853627096 0.267076656137782
0.0405157019951694 0.36420236242001 -0.405726450052375 0.0786111021797002
-0.179543334334022 0.434093394797957 -0.312447974145878 0.124714558262966
-0.246957094256632 0.327634714536097 -0.0974596160035091 0.0403604149762079
-0.0503382718359341 0.313405234469522 0.303576317654502 0.051625878646047
0.127265824996351 0.236762739570345 0.23560305051351 -0.377264178662167
0.216932671340676 0.040721378875475 -0.195727198268114 -0.413687800532858
0.167798452320052 -0.134314610371788 -0.372471773696614 -0.0601347753586571
0.039444025265269 -0.185858231992025 -0.228620581642176 0.153668989466719
-0.0355959302469814 -0.151096774526245 -0.0820882062783217 0.157310419295459
-0.0533875750208958 -0.147147189844107 0.0327627407068002 0.0953675592557653
-0.0502917867788194 -0.153720095128679 0.113321475067567 0.0432682649616929
-0.0269135859723517 -0.219265291240951 0.207512137523254 0.0443138921383066
0.114094951129507 -0.228747614295498 0.224952669082596 0.159075289307059
0.251942302847499 -0.0878517726824676 0.0439146585172144 0.363560450390913
0.297999656974063 0.180207142738318 -0.228397779456798 0.330654504580061
0.0772210981525909 0.425840626333011 -0.349096664204538 0.115530996053722
-0.210034122468056 0.486389207344153 -0.213021919990167 0.033650563531294
-0.334811117534646 0.295661790750708 0.02666966437867 -0.0834232342070911
-0.15414693360228 0.36191165165507 0.341738465043843 0.0314867838569517
0.0886436278050972 0.345195649914012 0.331827211792873 -0.346077384618599
0.270308276374753 0.104767715738554 -0.0499904457366317 -0.440808224741401
0.224412177703207 -0.137278096012509 -0.285875897838047 -0.172949575974139
0.0592733965625231 -0.220447314712397 -0.224474934462989 0.0455857819551039
-0.0462100023957778 -0.183534664580231 -0.113043269533522 0.0829525136651136
-0.0635069121380938 -0.162019517287874 0.00123421876377923 0.0313311804266968
-0.0577548651808103 -0.161001988052291 0.0821042801061128 -0.0218380726934927
-0.0350064059278501 -0.232780806208776 0.197945141355615 -0.041529531811657
0.104996351124058 -0.25641155584348 0.271575655219908 0.0517915677738562
0.255987303648966 -0.123104792321287 0.161833043991046 0.306105246096882
0.321046295105234 0.164243122259735 -0.125186046359477 0.343982940390759
0.0866086157276574 0.425902642899065 -0.293218428667374 0.127032894074974
-0.216427551730045 0.460023966997779 -0.119088870401462 -0.0684667993290674
-0.348187195630091 0.208065015058492 0.174189478031634 -0.183557237547227
-0.227678575150091 0.315860144123836 0.384849451812883 0.0069724443562717
0.0141043908971475 0.362076724056027 0.399638979717303 -0.274293894886327
0.249409856264021 0.149898731074599 0.102379644768751 -0.409071713399852
0.230786188663584 -0.107330551927648 -0.163707822712653 -0.261550342688601
0.0698184132407935 -0.209372278743215 -0.203299160778178 -0.0686298991773417
-0.0461482032974604 -0.183821522390488 -0.141138731417436 0.0020228085041772
-0.0641734671484668 -0.154842254750491 -0.0302974892085248 -0.0339417123754575
-0.0579418807356924 -0.146364632522789 0.0504001003296477 -0.085716892674489
-0.0343908092843697 -0.216144031398842 0.179871227301964 -0.115852583469173
0.0963649583974401 -0.242432382026961 0.292046762782069 -0.0376837929663354
0.238983652731911 -0.118491999541705 0.236756862882577 0.240452006306538
0.286938179404271 0.161629887094872 -0.0464842286334163 0.325511985625224
0.0448578946957704 0.379067682831355 -0.239106407878739 0.11815870188733
-0.220841666668888 0.362263269810842 -0.0331249262780702 -0.155307899577787
-0.278539078549358 0.0907978518284861 0.30602681153607 -0.245737901448368
-0.227923733637532 0.201103570954308 0.416489986632551 -0.00932438498154673
-0.044928290577712 0.282191364296226 0.431326515056481 -0.194773331521493
0.173924279874298 0.142938443877259 0.220720209923235 -0.344578501281021
0.182337938911892 -0.0663638092538613 -0.0491195656106898 -0.314404539980364
0.0623664951020112 -0.159986206577249 -0.174775699966397 -0.163814794162995
-0.0382569345378667 -0.150382287676622 -0.162708145371249 -0.0719679741455024
-0.0534072493083178 -0.126185529422023 -0.0575052225890532 -0.0932692831226387
-0.0508768751719589 -0.115863731842527 0.0251858635031977 -0.141035710423932
-0.0273860860317176 -0.175401684508339 0.165001848474063 -0.173996745493841
0.0871676901341716 -0.198672469024348 0.302386232668597 -0.0966351485175255
0.21041393268338 -0.085270751922282 0.278096446175083 0.192165285796789
0.214892063548546 0.17099381872893 0.0016107569664464 0.300218643203546
-0.0261161138192047 0.301202172942959 -0.192345350628228 0.100988226185521
-0.214548046124503 0.218718815257216 0.0451728770904519 -0.208672254114862
-0.151450298939282 -0.0327146380820894 0.384528953963087 -0.269499743526543
-0.161380473081509 0.0622630066391945 0.427122050377057 -0.0178753410543738
-0.0610716014110524 0.148415490508756 0.438720102968863 -0.135945381432638
0.0805254971914759 0.0895008216546238 0.285570441722025 -0.297681898455963
0.0979628527799947 -0.0277732780652345 0.0168562805637351 -0.340227690519875
0.0390046021266838 -0.0852468907260453 -0.159135703989299 -0.22406363316329
-0.023970396158874 -0.0911588975048943 -0.178097573702378 -0.122867174864065
-0.0344031674067339 -0.0792437530626795 -0.0770837360392662 -0.136227240575142
-0.0370364314281442 -0.0735935880957761 0.0105584392068973 -0.183155727761093
-0.0189200605158141 -0.118420159654692 0.161496755518848 -0.214281986285408
0.0696328353238631 -0.138257120013517 0.315617602844775 -0.126657012366474
0.166942418920034 -0.0452378130496496 0.301150831898731 0.173380714407031
0.128061317710061 0.165861653446139 0.0235568076314085 0.286979117467765
-0.0909349566557517 0.19753466039167 -0.158207434996812 0.0889432273457896
-0.187203953792325 0.0533391588254139 0.110564356888085 -0.221335287269308
