TRXV5
3
4
4
9
string Extension=J
integer IsArchMeasurement=1
integer IsSpherical=1
string Generator=SPM
string GeneratorVersion=1.3.1 Dev
double ArchRadius=0.449999988079071
integer FrequencyAxisIndex=0
integer AzimuthAxisIndex=1
integer ElevationAxisIndex=2
Frequency
5 136 690000000 960000000 LIN
Azimuth
7 8 0 2.74889357189107 LIN
Elevation
7 15 -2.74889357189107 2.74889357189107 LIN
Polar H Real Part
13
Polar H Imaginary Part
14
Polar V Real Part
13
Polar V Imaginary Part
14
Polar H Magnitude (dB)
12 0xC0000002 0 1
Polar H Phase
7 0xC0000003 0 1
Polar V Magnitude (dB)
12 0xC0000002 2 3
Polar V Phase
7 0xC0000003 2 3
-0.010589599609375 0.0494194030761719 0.0713653564453125 -0.00567626953125
0.0358085632324219 0.0345916748046875 0.0382881164550781 0.0171318054199219
0.035614013671875 -0.00923538208007813 0.0410919189453125 0.0252342224121094
0.0165634155273438 -0.025238037109375 0.0656814575195313 0.0121116638183594
0.000505447387695312 -0.0261802673339844 0.0703353881835938 -0.0174636840820313
-0.0151443481445312 -0.0276851654052734 0.0567703247070313 -0.0455398559570313
-0.0167121887207031 -0.0217037200927734 0.0420074462890625 -0.0467147827148438
-0.0119094848632812 -0.0223903656005859 0.0294322967529297 -0.0307712554931641
-0.00541496276855469 -0.0322208404541016 0.0157938003540039 -0.0113191604614258
0.0159492492675781 -0.0261516571044922 -0.00270009040832519 -0.00323319435119629
0.0313186645507813 -0.00584983825683594 -0.0266437530517578 -0.0200786590576172
0.0277462005615234 0.0140819549560547 -0.0189590454101563 -0.0531425476074219
0.00478172302246094 0.0348033905029297 0.0311050415039063 -0.0866317749023438
-0.0183525085449219 0.0421180725097656 0.0593032836914063 -0.0754776000976563
-0.0402793884277344 0.0354843139648437 0.0321006774902344 -0.0464591979980469
-0.0312004089355469 0.0584259033203125 0.063873291015625 0.0145530700683594
0.020782470703125 0.0543899536132813 0.0332794189453125 0.0361099243164063
0.0353279113769531 0.0117835998535156 0.0425834655761719 0.0413093566894531
0.0274391174316406 -0.00891685485839844 0.0706100463867188 0.0261459350585938
0.0176200866699219 -0.0191612243652344 0.0766372680664063 -0.00511932373046875
0.00583076477050781 -0.0306816101074219 0.0661849975585938 -0.0370597839355469
0.00119781494140625 -0.0298271179199219 0.0482063293457031 -0.0383262634277344
0.00392341613769531 -0.0272426605224609 0.032135009765625 -0.0215625762939453
0.0124130249023438 -0.0351486206054688 0.0159149169921875 -0.000100135803222658
0.031707763671875 -0.0237960815429688 -0.00671529769897461 0.00870990753173828
0.0421905517578125 0.00316619873046875 -0.0355148315429688 -0.00901031494140625
0.0338077545166016 0.0288314819335937 -0.0334854125976563 -0.0438117980957031
0.000473022460937499 0.0501823425292969 0.00988769531250001 -0.083343505859375
-0.0318145751953125 0.0542030334472656 0.0358695983886719 -0.0680274963378906
-0.0558738708496094 0.0449142456054688 0.0110816955566406 -0.0362739562988281
-0.0506744384765625 0.0577201843261719 0.0472755432128906 0.0358543395996094
-0.00319290161132813 0.0667800903320313 0.0189018249511719 0.0594024658203125
0.0256118774414063 0.0353736877441406 0.0387916564941406 0.0619277954101563
0.0342330932617188 0.0143680572509766 0.071441650390625 0.0441055297851562
0.0333213806152344 -0.004974365234375 0.077972412109375 0.0096282958984375
0.0280895233154297 -0.0273208618164063 0.0701713562011719 -0.0243759155273438
0.0200634002685547 -0.0328197479248047 0.0486602783203125 -0.0262603759765625
0.0187606811523438 -0.0280838012695313 0.0297298431396484 -0.00988197326660157
0.0267505645751953 -0.0341873168945313 0.0109291076660156 0.0122671127319336
0.0418663024902344 -0.0210723876953125 -0.0131969451904297 0.0211200714111328
0.0471229553222656 0.00688552856445313 -0.0437698364257813 0.00479888916015624
0.038421630859375 0.0328407287597656 -0.0473251342773438 -0.0304718017578125
0.00385284423828125 0.0556907653808594 -0.0133132934570313 -0.072509765625
-0.0327415466308594 0.0609664916992187 0.0102424621582031 -0.0541152954101563
-0.0611000061035156 0.0499458312988281 -0.013946533203125 -0.0216407775878906
-0.0621871948242188 0.047607421875 0.0205955505371094 0.0552749633789063
-0.0277557373046875 0.0671157836914063 -0.00455474853515624 0.0808792114257813
0.00877761840820312 0.0534591674804688 0.0272064208984375 0.0825958251953125
0.0326805114746094 0.0371856689453125 0.06396484375 0.0614967346191406
0.0431594848632813 0.0119552612304688 0.0712127685546875 0.0233993530273438
0.0463333129882812 -0.0169868469238281 0.0656051635742188 -0.01007080078125
0.0356330871582031 -0.0296669006347656 0.0409698486328125 -0.0117835998535156
0.0304164886474609 -0.0243568420410156 0.0212688446044922 0.00343513488769531
0.0362129211425781 -0.0295753479003906 0.00421524047851563 0.0254764556884766
0.0463829040527344 -0.0173263549804688 -0.0192890167236328 0.0332775115966797
0.0469741821289062 0.00822830200195312 -0.0487289428710938 0.0194854736328125
0.0382423400878906 0.031707763671875 -0.0553245544433594 -0.0141944885253906
0.00733184814453125 0.0538063049316406 -0.0298614501953125 -0.0560417175292969
-0.0288734436035156 0.0588035583496094 -0.0102729797363281 -0.0335502624511719
-0.0594139099121094 0.0470008850097656 -0.0368995666503906 -0.00380325317382812
-0.062042236328125 0.0294418334960938 -0.00980377197265626 0.0672340393066406
-0.0435409545898438 0.0535659790039063 -0.0334396362304688 0.0941162109375
-0.00995635986328125 0.0569305419921875 0.0089874267578125 0.0969772338867188
0.021209716796875 0.0517654418945313 0.0491104125976563 0.0722427368164063
0.041015625 0.0275535583496094 0.0578994750976563 0.0325355529785156
0.0537948608398438 -0.00309371948242188 0.0521011352539063 0.00307464599609375
0.0448951721191406 -0.0209693908691406 0.0273151397705078 0.00164413452148437
0.0363006591796875 -0.0178909301757813 0.00975799560546875 0.0161447525024414
0.0407218933105469 -0.0214004516601563 -0.00514221191406249 0.0366706848144531
0.04644775390625 -0.0102882385253906 -0.0256195068359375 0.0435943603515625
0.042694091796875 0.0114822387695312 -0.0503616333007813 0.0306510925292969
0.0320186614990234 0.0308017730712891 -0.0570755004882813 -0.001373291015625
0.00471115112304687 0.0468101501464844 -0.0368499755859375 -0.0371589660644531
-0.0262489318847656 0.0475196838378906 -0.0224609375 -0.0116462707519531
-0.0540885925292969 0.0345458984375 -0.0551071166992188 0.0124359130859375
-0.0460624694824219 0.0078125 -0.0343437194824219 0.0699195861816406
-0.0435943603515625 0.0294075012207031 -0.0591888427734375 0.096649169921875
-0.022216796875 0.0427627563476563 -0.00980377197265625 0.100242614746094
0.00398635864257813 0.0485382080078125 0.0315017700195313 0.0742034912109375
0.0278491973876953 0.0341567993164063 0.0404129028320313 0.0341911315917969
0.0476341247558594 0.0111732482910156 0.0342559814453125 0.0104427337646484
0.044952392578125 -0.00771713256835938 0.011021614074707 0.0124073028564453
0.035980224609375 -0.00835800170898438 -0.00398445129394531 0.0266456604003906
0.0404205322265625 -0.011138916015625 -0.0147972106933594 0.0444145202636719
0.0432815551757813 -0.000606536865234375 -0.0324516296386719 0.0486602783203125
0.0361557006835937 0.0172996520996094 -0.0516128540039063 0.0351676940917969
0.0218772888183594 0.0322074890136719 -0.0552215576171875 0.00567626953124999
-0.00529861450195313 0.0389785766601563 -0.0379219055175781 -0.0236740112304687
-0.0291118621826172 0.0297985076904297 -0.0288066864013672 0.003936767578125
-0.0480232238769531 0.0139617919921875 -0.0687103271484375 0.0232467651367188
-0.0209560394287109 -0.0121364593505859 -0.048065185546875 0.0667839050292969
-0.0280857086181641 0.00318908691406249 -0.072784423828125 0.0904083251953125
-0.0224723815917969 0.0173683166503906 -0.022308349609375 0.0967254638671875
-0.0106048583984375 0.0298118591308594 0.0189018249511719 0.0689773559570313
0.00853347778320313 0.0288963317871094 0.0273971557617188 0.0297756195068359
0.0297775268554687 0.0208396911621094 0.0165224075317383 0.0121345520019531
0.03607177734375 0.00640487670898438 -0.00487899780273437 0.0177288055419922
0.0305862426757813 0.00208663940429688 -0.0166969299316406 0.0333003997802734
0.03564453125 0.000125885009765625 -0.0258064270019531 0.0490379333496094
0.0367050170898438 0.00967025756835938 -0.04071044921875 0.0501670837402344
0.0273609161376953 0.0228500366210937 -0.0552024841308594 0.034698486328125
0.01068115234375 0.0343360900878906 -0.0540428161621094 0.00585556030273438
-0.0183963775634766 0.0311317443847656 -0.0383415222167969 -0.0172767639160156
-0.0345535278320313 0.00944137573242188 -0.0339126586914063 0.00934219360351563
-0.0397567749023438 -0.01141357421875 -0.0787887573242188 0.024810791015625
0.00772857666015625 -0.0287132263183594 -0.047760009765625 0.0596885681152344
-0.00452613830566406 -0.0211353302001953 -0.0715713500976563 0.0817489624023437
-0.0125064849853516 -0.0100917816162109 -0.0238876342773437 0.0901870727539063
-0.0185699462890625 0.00374031066894531 0.0150871276855469 0.0617408752441406
-0.0115385055541992 0.0161867141723633 0.0224933624267578 0.0217399597167969
0.00722122192382812 0.0242385864257812 0.00509071350097656 0.00736761093139649
0.0208663940429688 0.0189266204833984 -0.0165548324584961 0.0165739059448242
0.0199222564697266 0.0128097534179687 -0.0276699066162109 0.0346317291259766
0.0253448486328125 0.0107498168945313 -0.0362625122070312 0.0501060485839844
0.0256099700927734 0.018524169921875 -0.0513153076171875 0.0479011535644531
0.0165691375732422 0.0268306732177734 -0.0616645812988281 0.0299644470214844
-0.000720977783203125 0.0332393646240234 -0.0567970275878906 0.00172805786132814
-0.0298786163330078 0.0204334259033203 -0.0404052734375 -0.0187301635742187
-0.0360946655273438 -0.0116386413574219 -0.0391921997070313 0.00524139404296875
-0.0276222229003906 -0.0356369018554688 -0.0840072631835938 0.0173568725585937
-0.00293350219726562 0.0564613342285156 0.0817947387695313 -0.00968170166015625
0.0466766357421875 0.032623291015625 0.0462722778320313 0.0135765075683594
0.0391654968261719 -0.0165901184082031 0.0454978942871094 0.0213775634765625
0.0139904022216797 -0.0320930480957031 0.0693244934082031 0.00800323486328125
-0.00527763366699219 -0.0298213958740234 0.0727691650390625 -0.0229873657226563
-0.0237503051757813 -0.0290641784667969 0.05657958984375 -0.0515174865722656
-0.0238857269287109 -0.0213871002197266 0.043365478515625 -0.0531234741210937
-0.0183887481689453 -0.0219001770019531 0.0325813293457031 -0.03546142578125
-0.0134754180908203 -0.0347461700439453 0.0204181671142578 -0.0125999450683594
0.0116825103759766 -0.0324554443359375 0.00110852718353272 -0.00114119052886963
0.0337886810302734 -0.0136871337890625 -0.0279674530029297 -0.0155754089355469
0.0339832305908203 0.0106086730957031 -0.025390625 -0.0516204833984375
0.0126075744628906 0.0399208068847656 0.0232391357421875 -0.0938186645507813
-0.0140953063964844 0.052947998046875 0.0587005615234375 -0.08599853515625
-0.0388221740722656 0.0480270385742187 0.0353050231933594 -0.0509567260742188
-0.0261306762695313 0.0667190551757813 0.0767669677734375 0.0140380859375
0.0293464660644531 0.0551223754882813 0.04327392578125 0.0353469848632813
0.0388832092285156 0.006439208984375 0.0486907958984375 0.0383644104003906
0.0266513824462891 -0.0140247344970703 0.0760726928710938 0.0224227905273438
0.0139083862304688 -0.0233974456787109 0.0817108154296875 -0.0107650756835938
-0.000339508056640622 -0.0331878662109375 0.0689735412597656 -0.0438232421875
-0.00373458862304688 -0.0308399200439453 0.0520668029785156 -0.0450019836425781
-0.000116348266601562 -0.0286006927490234 0.0369224548339844 -0.0263404846191406
0.0071563720703125 -0.0391883850097656 0.0220680236816406 -0.000795364379882815
0.0300178527832031 -0.0299758911132813 -0.000854492187499999 0.0115604400634766
0.0458221435546875 -0.00290679931640625 -0.0354537963867188 -0.00230789184570312
0.0409393310546875 0.0263099670410156 -0.0392837524414063 -0.0394248962402344
0.00696563720703125 0.0560035705566406 0.001007080078125 -0.0871810913085938
-0.0290260314941406 0.0659828186035156 0.0344161987304688 -0.07464599609375
-0.0574264526367187 0.0581512451171875 0.0128250122070312 -0.0360527038574219
-0.0500984191894531 0.0655860900878906 0.0597152709960937 0.0393867492675781
0.00209045410156251 0.070953369140625 0.0310440063476563 0.0620574951171875
0.0294132232666016 0.0338249206542969 0.0479049682617188 0.0606727600097656
0.035858154296875 0.0113029479980469 0.0788650512695313 0.0411605834960938
0.0331764221191406 -0.00861930847167969 0.0855178833007813 0.00496673583984375
0.0254917144775391 -0.0307121276855469 0.0751113891601563 -0.031219482421875
0.0174407958984375 -0.0355873107910156 0.0535469055175781 -0.0322265625
0.0174655914306641 -0.0305652618408203 0.0356292724609375 -0.0141029357910156
0.024261474609375 -0.0380325317382813 0.0188655853271484 0.0129623413085937
0.0426597595214844 -0.0263557434082031 -0.005889892578125 0.0255107879638672
0.0511093139648438 0.00330734252929687 -0.041748046875 0.0129356384277344
0.0452041625976563 0.0322303771972656 -0.0516281127929688 -0.0233001708984375
0.00910186767578125 0.0620155334472656 -0.0215301513671875 -0.072967529296875
-0.0325927734375 0.070831298828125 0.00777435302734375 -0.0567626953125
-0.0644989013671875 0.0619430541992187 -0.0132865905761719 -0.0179367065429687
-0.0664634704589844 0.0540084838867187 0.032470703125 0.0631790161132813
-0.027191162109375 0.0729598999023437 0.00702667236328124 0.0883407592773438
0.0108642578125 0.0555610656738281 0.0383148193359375 0.0842819213867188
0.0360374450683594 0.0387802124023438 0.073760986328125 0.059783935546875
0.045166015625 0.0107765197753906 0.080169677734375 0.0196075439453125
0.0475273132324219 -0.0208702087402344 0.07208251953125 -0.0159072875976562
0.0365447998046875 -0.0341224670410156 0.0474128723144531 -0.0165786743164063
0.0317878723144531 -0.0275421142578125 0.0279541015625 0.000431060791015623
0.0369758605957031 -0.0329017639160156 0.0119132995605469 0.0256309509277344
0.0490951538085937 -0.0212974548339844 -0.0110816955566406 0.0381546020507813
0.051788330078125 0.00634002685546875 -0.0451393127441406 0.0277900695800781
0.0435943603515625 0.0328750610351563 -0.0580940246582031 -0.00563430786132812
0.0112953186035156 0.0592460632324219 -0.03668212890625 -0.0528182983398437
-0.0303840637207031 0.0668067932128906 -0.0116519927978516 -0.0323085784912109
-0.0643424987792969 0.0566329956054688 -0.0368232727050781 0.002685546875
-0.0682296752929687 0.0321121215820313 -0.0010528564453125 0.0774002075195313
-0.04803466796875 0.0584678649902344 -0.0239410400390625 0.10540771484375
-0.010650634765625 0.0613441467285156 0.0198135375976563 0.101768493652344
0.0231208801269531 0.0567169189453125 0.0590057373046875 0.073333740234375
0.0459823608398438 0.0296249389648438 0.0657501220703125 0.0298194885253906
0.0591773986816406 -0.005218505859375 0.0584030151367188 -0.00197601318359375
0.0493507385253906 -0.0254631042480469 0.03277587890625 -0.00128746032714844
0.0406875610351563 -0.0206489562988281 0.0153913497924805 0.0146474838256836
0.0444564819335938 -0.024810791015625 0.00286865234375001 0.0379257202148438
0.0523262023925781 -0.0124359130859375 -0.0179367065429687 0.0475921630859375
0.0480728149414063 0.0119819641113281 -0.0466804504394531 0.037933349609375
0.0368461608886719 0.0337104797363281 -0.0578269958496094 0.0068511962890625
0.00519180297851563 0.0520515441894531 -0.0417327880859375 -0.0329017639160156
-0.0307197570800781 0.0538406372070313 -0.0238704681396484 -0.00737190246582031
-0.0618934631347656 0.0408287048339844 -0.0568695068359375 0.0214157104492188
-0.05426025390625 0.0063018798828125 -0.0308380126953125 0.0823287963867188
-0.0515403747558594 0.0310401916503906 -0.0531387329101563 0.110527038574219
-0.0262451171875 0.0477142333984375 -0.000595092773437507 0.108131408691406
0.00421142578125 0.0556106567382813 0.0402374267578125 0.07611083984375
0.0320358276367188 0.0386009216308594 0.0468902587890625 0.0322380065917969
0.0550537109375 0.0115509033203125 0.0387916564941406 0.00737762451171875
0.0518798828125 -0.0115127563476563 0.0141677856445313 0.0113677978515625
0.0426483154296875 -0.0105934143066406 0.000869750976562504 0.0273704528808594
0.0474319458007813 -0.0136260986328125 -0.00894927978515624 0.0466766357421875
0.05096435546875 -0.0018463134765625 -0.0259819030761719 0.05303955078125
0.04193115234375 0.0190200805664063 -0.0484085083007813 0.0419731140136719
0.0264778137207031 0.0373153686523438 -0.0544662475585937 0.0129470825195313
-0.00705718994140625 0.0452194213867188 -0.0406341552734375 -0.0183067321777344
-0.0362586975097656 0.0342750549316406 -0.0295143127441406 0.00952339172363282
-0.0574798583984375 0.0162773132324219 -0.072021484375 0.031890869140625
-0.0273799896240234 -0.0186595916748047 -0.0481796264648437 0.079132080078125
-0.03680419921875 -0.000183105468750008 -0.0698623657226562 0.105308532714844
-0.0291118621826172 0.0202999114990234 -0.013702392578125 0.104774475097656
-0.0134124755859375 0.0369834899902344 0.026580810546875 0.07073974609375
0.00974273681640625 0.0357551574707031 0.0316505432128906 0.0277900695800781
0.0375938415527344 0.0233039855957031 0.0184593200683594 0.00942802429199219
0.0441131591796875 0.00423049926757813 -0.00324058532714843 0.0180873870849609
0.0375480651855469 0.000682830810546875 -0.0149993896484375 0.0357856750488281
0.0430755615234375 -0.00160980224609375 -0.021942138671875 0.0528182983398438
0.0452919006347656 0.00922393798828125 -0.0361328125 0.0548477172851563
0.0340061187744141 0.0259132385253906 -0.0529060363769531 0.0406761169433594
0.0149154663085937 0.0409049987792969 -0.0544967651367188 0.0121841430664062
-0.0216865539550781 0.0387458801269531 -0.0408859252929688 -0.01226806640625
-0.0436325073242188 0.0133590698242188 -0.0358467102050781 0.0153961181640625
-0.0504035949707031 -0.0122489929199219 -0.084197998046875 0.0334243774414062
0.0035552978515625 -0.0389747619628906 -0.0498046875 0.0691490173339844
-0.0120143890380859 -0.0278072357177734 -0.0703125 0.0950088500976563
-0.0203819274902344 -0.0120506286621094 -0.0157394409179687 0.0977020263671875
-0.0244026184082031 0.00884819030761719 0.0218086242675781 0.0616874694824219
-0.0114555358886719 0.0233173370361328 0.0241184234619141 0.0189685821533203
0.0136775970458984 0.02947998046875 0.00389671325683594 0.00634431838989258
0.0291061401367187 0.0194892883300781 -0.0186691284179687 0.0190238952636719
0.0280246734619141 0.0125274658203125 -0.0286026000976563 0.0394668579101562
0.0330429077148438 0.00966453552246094 -0.0351715087890625 0.0546722412109375
0.0337772369384766 0.0192203521728516 -0.0492362976074219 0.0527877807617187
0.0229949951171875 0.0309009552001953 -0.0609588623046875 0.0359382629394531
0.00320816040039062 0.0399322509765625 -0.0579299926757813 0.00709533691406251
-0.0333766937255859 0.0282840728759766 -0.0431976318359375 -0.0137863159179687
-0.0460662841796875 -0.00902938842773438 -0.0441360473632813 0.0111923217773438
-0.038360595703125 -0.0393791198730469 -0.09234619140625 0.0238723754882812
0.00720596313476563 0.0599212646484375 0.08935546875 -0.0168609619140625
0.0558242797851563 0.0268096923828125 0.0519752502441406 0.00695419311523438
0.0391616821289063 -0.0251693725585937 0.0470237731933594 0.0167579650878906
0.00878143310546876 -0.0372047424316406 0.0698051452636719 0.0030517578125
-0.0116291046142578 -0.0316028594970703 0.0727386474609375 -0.0280914306640625
-0.0318775177001953 -0.0263938903808594 0.055267333984375 -0.056060791015625
-0.0294532775878906 -0.0175628662109375 0.0428504943847656 -0.0577354431152344
-0.0240154266357422 -0.0193347930908203 0.0333938598632813 -0.0395126342773438
-0.0221328735351563 -0.0339336395263672 0.0242519378662109 -0.015289306640625
0.00515365600585937 -0.0375328063964844 0.00627994537353516 -0.00029563903808594
0.0328807830810547 -0.0217266082763672 -0.0264549255371094 -0.0101280212402344
0.0388946533203125 0.00425338745117188 -0.0295982360839844 -0.0468978881835938
0.0218353271484375 0.0413131713867188 0.01385498046875 -0.09649658203125
-0.00522994995117187 0.0612907409667969 0.0538787841796875 -0.0935440063476563
-0.0328407287597656 0.0588874816894531 0.0371894836425781 -0.054901123046875
-0.018951416015625 0.0718994140625 0.0875396728515625 0.00839996337890626
0.0379524230957031 0.0524024963378906 0.0526237487792969 0.0296783447265625
0.0404052734375 0.00114822387695313 0.0525970458984375 0.033416748046875
0.0241184234619141 -0.0184116363525391 0.0788116455078125 0.0172042846679688
0.00966835021972656 -0.024932861328125 0.0835800170898438 -0.0162353515625
-0.00692939758300781 -0.0320777893066406 0.0689964294433594 -0.0490150451660156
-0.00823783874511719 -0.0299606323242188 0.0531196594238281 -0.0520095825195313
-0.00416946411132812 -0.0278167724609375 0.0404548645019531 -0.0322265625
0.000816345214843749 -0.0400886535644531 0.0287590026855469 -0.005035400390625
0.0259323120117187 -0.0351715087890625 0.00665950775146484 0.0129060745239258
0.047119140625 -0.0093841552734375 -0.0308551788330078 0.00437164306640625
0.0466270446777344 0.0217094421386719 -0.0415725708007812 -0.0322914123535156
0.0150833129882812 0.0586509704589844 -0.007232666015625 -0.0865707397460937
-0.0229721069335937 0.0752792358398438 0.0305709838867188 -0.0792312622070313
-0.05340576171875 0.0703125 0.0159988403320312 -0.0360183715820313
-0.046539306640625 0.0721511840820313 0.0732345581054688 0.0379486083984375
0.00823211669921874 0.0714950561523438 0.0428962707519531 0.0585250854492188
0.0315933227539063 0.0315723419189453 0.0538482666015625 0.0562896728515625
0.0359077453613281 0.00865936279296875 0.08441162109375 0.036346435546875
0.0310840606689453 -0.0104579925537109 0.089141845703125 -0.0016021728515625
0.0217189788818359 -0.0323429107666016 0.0774917602539063 -0.0385208129882813
0.0145339965820313 -0.0364990234375 0.0565185546875 -0.0401649475097656
0.0155773162841797 -0.0315074920654297 0.0406494140625 -0.0200729370117188
0.0208740234375 -0.0405960083007813 0.0267543792724609 0.00855255126953125
0.0410423278808594 -0.0308494567871094 0.00388336181640625 0.0261783599853516
0.0539093017578125 -0.00150299072265625 -0.0359268188476562 0.0197181701660156
0.0502052307128906 0.0299186706542969 -0.0518875122070313 -0.0145301818847656
0.0151290893554687 0.0654411315917969 -0.028656005859375 -0.0688285827636719
-0.0288009643554687 0.0801239013671875 0.00554656982421874 -0.0568199157714844
-0.0638656616210937 0.07305908203125 -0.00936412811279297 -0.0140285491943359
-0.0673103332519531 0.0600051879882813 0.045562744140625 0.0652999877929688
-0.0250167846679687 0.0775375366210938 0.0196685791015625 0.0888595581054688
0.0128059387207031 0.0565452575683594 0.0465621948242188 0.080841064453125
0.03826904296875 0.0387687683105469 0.0805511474609375 0.055755615234375
0.0473136901855469 0.0096588134765625 0.0849456787109375 0.0134506225585938
0.0475540161132813 -0.0238075256347656 0.075103759765625 -0.023345947265625
0.0362930297851563 -0.0373954772949219 0.0506553649902344 -0.0233192443847656
0.03265380859375 -0.0301513671875 0.0331707000732422 -0.00489616394042969
0.0374412536621094 -0.0365142822265625 0.0204811096191406 0.0224342346191406
0.0507049560546875 -0.0250816345214844 -0.00113677978515625 0.0386924743652344
0.0554580688476563 0.00434494018554688 -0.0377998352050781 0.0342063903808594
0.0489730834960938 0.033203125 -0.0556716918945313 0.00278091430664064
0.0142974853515625 0.0629692077636719 -0.0409126281738281 -0.0469474792480469
-0.0295562744140625 0.074462890625 -0.0115299224853516 -0.0298194885253906
-0.06646728515625 0.0660743713378906 -0.0327816009521484 0.00902366638183594
-0.0749282836914062 0.0362396240234375 0.0103607177734375 0.084197998046875
-0.0508193969726562 0.063934326171875 -0.0112838745117188 0.110847473144531
-0.0108070373535156 0.066162109375 0.0311203002929688 0.100311279296875
0.0273666381835938 0.0598793029785156 0.0670394897460938 0.0699424743652344
0.0501708984375 0.0302276611328125 0.0707626342773438 0.0243606567382813
0.0624465942382812 -0.00841140747070313 0.0619926452636719 -0.0086517333984375
0.0518341064453125 -0.0306358337402344 0.0359992980957031 -0.0059661865234375
0.0434608459472656 -0.0245704650878906 0.0200996398925781 0.0112419128417969
0.0475349426269531 -0.0289535522460938 0.00972175598144532 0.0351333618164063
0.055633544921875 -0.0163688659667969 -0.00784683227539062 0.0476341247558594
0.05291748046875 0.0113601684570313 -0.0385398864746094 0.0430030822753906
0.0421333312988281 0.035888671875 -0.0534095764160156 0.0147247314453125
0.00710296630859374 0.0571479797363281 -0.0424308776855469 -0.0264968872070313
-0.0328369140625 0.06048583984375 -0.0212783813476563 -0.00262260437011718
-0.0662689208984375 0.0486106872558594 -0.0532302856445313 0.0293655395507813
-0.0631828308105469 0.00704956054687501 -0.0220870971679687 0.0915679931640625
-0.0588035583496094 0.0349502563476563 -0.0418319702148437 0.11932373046875
-0.0293617248535156 0.0531692504882813 0.0108795166015625 0.108833312988281
0.00652694702148437 0.0620460510253906 0.048095703125 0.074188232421875
0.0374488830566406 0.0421028137207031 0.0513687133789063 0.0289764404296875
0.0621910095214844 0.00900650024414062 0.0414810180664063 0.00308990478515625
0.0572738647460938 -0.0162887573242188 0.0169639587402344 0.00916576385498047
0.047821044921875 -0.0153236389160156 0.00511550903320313 0.0261211395263672
0.0521621704101563 -0.018218994140625 -0.00273513793945313 0.0455169677734375
0.0572700500488281 -0.00522613525390625 -0.0178604125976563 0.0535049438476563
0.0484962463378906 0.0196952819824219 -0.041229248046875 0.0454902648925781
0.0323638916015625 0.0417823791503906 -0.0505561828613281 0.0191459655761719
-0.00657272338867187 0.0514717102050781 -0.0403861999511719 -0.0125160217285156
-0.0414886474609375 0.0407638549804688 -0.027191162109375 0.0151691436767578
-0.0655670166015625 0.0216102600097656 -0.0698699951171875 0.041259765625
-0.0374794006347656 -0.0221061706542969 -0.0430908203125 0.0881805419921875
-0.0466079711914063 -0.00032424926757813 -0.0621490478515625 0.115531921386719
-0.0350856781005859 0.0241298675537109 -0.00301361083984375 0.107131958007813
-0.0141181945800781 0.0447654724121094 0.0330047607421875 0.0686378479003906
0.0148696899414063 0.0417137145996094 0.0334415435791016 0.0238037109375
0.0458946228027344 0.0240669250488281 0.0199413299560547 0.00730133056640625
0.0527305603027344 3.814697265625E-05 -0.00333595275878906 0.0186386108398438
0.0441627502441406 -0.00386810302734375 -0.0115852355957031 0.036773681640625
0.05023193359375 -0.00642776489257813 -0.0174522399902344 0.0535697937011719
0.0529060363769531 0.00628662109375 -0.0308570861816406 0.0568313598632812
0.0415687561035156 0.0274391174316406 -0.0475387573242188 0.0444755554199219
0.0215225219726563 0.0460357666015625 -0.0514335632324219 0.0171470642089844
-0.0213851928710938 0.0463714599609375 -0.0389213562011719 -0.006805419921875
-0.0511817932128906 0.0195350646972656 -0.0351142883300781 0.0217857360839844
-0.0613212585449219 -0.00899505615234374 -0.085174560546875 0.042266845703125
-0.0049896240234375 -0.0467262268066406 -0.0483474731445312 0.076568603515625
-0.0216064453125 -0.0317344665527344 -0.0644302368164063 0.105072021484375
-0.0283069610595703 -0.0108661651611328 -0.0059814453125 0.100227355957031
-0.0283222198486328 0.0159835815429687 0.0274810791015625 0.0594711303710938
-0.00877952575683594 0.03045654296875 0.0239715576171875 0.0147476196289063
0.0218563079833984 0.0319805145263672 0.00229382514953613 0.00419378280639649
0.0380668640136719 0.0165863037109375 -0.0205135345458984 0.0217514038085937
0.0345439910888672 0.00895881652832031 -0.0269012451171875 0.0426177978515625
0.0405960083007813 0.00605010986328125 -0.0322799682617187 0.0583839416503906
0.0423774719238281 0.0165863037109375 -0.0454826354980469 0.0560760498046875
0.0308704376220703 0.0320301055908203 -0.0578346252441406 0.0401763916015625
0.00928497314453125 0.0462989807128906 -0.0565109252929688 0.0121002197265625
-0.0343170166015625 0.0364646911621094 -0.0427284240722656 -0.00913619995117187
-0.0548515319824219 -0.00367355346679687 -0.045135498046875 0.018463134765625
-0.0498123168945313 -0.038909912109375 -0.0973739624023438 0.0322952270507812
0.0159034729003906 0.0591773986816406 0.0952072143554688 -0.0238037109375
0.0611915588378906 0.019500732421875 0.0551223754882813 -0.000518798828124999
0.0366973876953125 -0.0321044921875 0.0461387634277344 0.0127830505371094
0.00423431396484375 -0.0401115417480469 0.0687522888183594 -0.000118255615234377
-0.0173130035400391 -0.0312843322753906 0.0719680786132813 -0.0298614501953125
-0.0373344421386719 -0.0213508605957031 0.0541343688964844 -0.0577735900878906
-0.0332679748535156 -0.0126934051513672 0.0418281555175781 -0.0618133544921875
-0.0281734466552734 -0.0156154632568359 0.0339012145996094 -0.0441741943359375
-0.0288753509521484 -0.0299854278564453 0.0280838012695312 -0.0187339782714844
-0.00158309936523438 -0.0391654968261719 0.0114603042602539 -0.00156688690185547
0.0299854278564453 -0.0280075073242188 -0.0226039886474609 -0.00596809387207031
0.0408821105957031 -0.00228118896484375 -0.0301170349121094 -0.0411796569824219
0.0300178527832031 0.0397453308105469 0.00728607177734376 -0.0943984985351563
0.00440597534179688 0.065765380859375 0.0491790771484375 -0.0984954833984375
-0.0245132446289063 0.066497802734375 0.0396232604980469 -0.0582733154296875
-0.0122146606445313 0.073699951171875 0.0966644287109375 0.0023193359375
0.0427093505859375 0.0472335815429688 0.0583457946777344 0.0225143432617188
0.0389442443847656 -0.00446701049804687 0.0541114807128906 0.0286827087402344
0.0207862854003906 -0.0208587646484375 0.0793685913085938 0.014190673828125
0.00515174865722656 -0.0254039764404297 0.0839767456054688 -0.0203170776367188
-0.0118656158447266 -0.0295448303222656 0.0694046020507813 -0.0538825988769531
-0.0117740631103516 -0.0268650054931641 0.0539512634277344 -0.0574378967285156
-0.00766181945800781 -0.0253009796142578 0.0423202514648438 -0.0382080078125
-0.00527572631835938 -0.0381813049316406 0.0339221954345703 -0.00925636291503906
0.02081298828125 -0.0374717712402344 0.0137729644775391 0.0108957290649414
0.0460624694824219 -0.0150413513183594 -0.0255146026611328 0.00837135314941407
0.0499191284179687 0.0169143676757813 -0.040069580078125 -0.0249214172363281
0.0226058959960938 0.0596847534179688 -0.0128250122070313 -0.0817642211914063
-0.0152969360351563 0.08160400390625 0.0276870727539062 -0.0813369750976563
-0.0475234985351562 0.078582763671875 0.0196533203125 -0.0371322631835937
-0.0433502197265625 0.076019287109375 0.08380126953125 0.0333023071289063
0.0125350952148437 0.0705490112304688 0.0513992309570313 0.0529975891113281
0.0316715240478516 0.0284461975097656 0.0573463439941406 0.0508193969726563
0.0348949432373047 0.00717926025390625 0.0869674682617188 0.0319747924804688
0.029083251953125 -0.0113277435302734 0.091156005859375 -0.00693511962890625
0.0186252593994141 -0.0320472717285156 0.0783309936523438 -0.0440826416015625
0.0126380920410156 -0.0367584228515625 0.0581245422363281 -0.0461196899414063
0.0140705108642578 -0.0313777923583984 0.0430641174316406 -0.02642822265625
0.0181312561035156 -0.0407333374023438 0.0327529907226563 0.00287628173828125
0.0392417907714844 -0.0335426330566406 0.0120429992675781 0.0238075256347656
0.0547561645507813 -0.00536346435546875 -0.0284099578857422 0.0232868194580078
0.0538215637207031 0.0270767211914063 -0.04791259765625 -0.00734329223632813
0.0207061767578125 0.0672569274902344 -0.031829833984375 -0.0630836486816406
-0.0241928100585937 0.086883544921875 0.0051727294921875 -0.0569572448730469
-0.0606307983398438 0.081634521484375 -0.00411319732666016 -0.0124111175537109
-0.0690879821777344 0.0649833679199219 0.0571174621582031 0.0638465881347656
-0.0235977172851563 0.08001708984375 0.0304489135742187 0.0855712890625
0.0138473510742188 0.0574760437011719 0.0524978637695313 0.0759353637695313
0.039459228515625 0.0389251708984375 0.084442138671875 0.050750732421875
0.048492431640625 0.00875473022460938 0.087249755859375 0.00844573974609375
0.047576904296875 -0.0257759094238281 0.075958251953125 -0.0292739868164063
0.0359115600585938 -0.0396575927734375 0.0527305603027344 -0.02886962890625
0.0329189300537109 -0.0324077606201172 0.0366897583007813 -0.0108070373535156
0.037017822265625 -0.0383987426757813 0.0266666412353516 0.0168590545654297
0.0513725280761719 -0.0277290344238281 0.00818252563476563 0.0353889465332031
0.0582275390625 0.0017242431640625 -0.0293502807617188 0.0359954833984375
0.0531654357910156 0.0321044921875 -0.0497322082519531 0.0087890625
0.0178413391113281 0.0654830932617187 -0.0409469604492188 -0.0409584045410156
-0.0282211303710938 0.0817184448242188 -0.00968551635742188 -0.027679443359375
-0.066650390625 0.0744705200195313 -0.0263710021972656 0.0132732391357422
-0.0795364379882812 0.0409393310546875 0.0216445922851563 0.0870590209960938
-0.0529403686523437 0.0686225891113281 4.57763671874976E-05 0.111335754394531
-0.0108108520507813 0.0699615478515625 0.0382766723632813 0.0970077514648437
0.0296592712402344 0.0627250671386719 0.07110595703125 0.065826416015625
0.0535125732421875 0.0308723449707031 0.0735702514648438 0.0200576782226563
0.0651473999023438 -0.0117683410644531 0.0637397766113281 -0.0136070251464844
0.0536994934082031 -0.0345573425292969 0.0385322570800781 -0.0101814270019531
0.0460548400878906 -0.0276069641113281 0.0233955383300781 0.006988525390625
0.0506362915039062 -0.0325393676757813 0.0157794952392578 0.0302810668945312
0.0593643188476563 -0.0198707580566406 -0.000537872314453122 0.0448875427246094
0.0582122802734375 0.0102424621582031 -0.03057861328125 0.0434455871582031
0.046173095703125 0.0372047424316406 -0.0473518371582031 0.0191841125488281
0.00947570800781249 0.0611686706542969 -0.0405082702636719 -0.0213470458984375
-0.0346755981445313 0.0669631958007813 -0.0179958343505859 7.24792480468826E-05
-0.0699615478515625 0.0558929443359375 -0.0480155944824219 0.0346641540527344
-0.072021484375 0.00936889648437501 -0.0136184692382812 0.0975570678710937
-0.064971923828125 0.0401191711425781 -0.0316314697265625 0.123069763183594
-0.0320816040039063 0.0589714050292969 0.0190963745117187 0.106582641601563
0.00934219360351562 0.0676498413085938 0.0524063110351563 0.0704269409179688
0.0429763793945313 0.0442924499511719 0.0527496337890625 0.0249748229980469
0.067779541015625 0.0062255859375 0.0422897338867188 -0.000782012939453125
0.0606269836425781 -0.0217781066894531 0.0188064575195313 0.00682258605957031
0.0519905090332031 -0.019683837890625 0.00697517395019531 0.0234012603759766
0.0564804077148437 -0.0231781005859375 0.00238037109375 0.0425910949707031
0.0625724792480469 -0.0100936889648438 -0.01190185546875 0.0509567260742188
0.0545616149902344 0.0190963745117188 -0.0343551635742187 0.0459556579589844
0.0381011962890625 0.0443916320800781 -0.0452499389648438 0.0218505859375
-0.00516510009765626 0.0572395324707031 -0.0371475219726563 -0.0087890625
-0.0459251403808594 0.0482139587402344 -0.0232181549072266 0.0188045501708984
-0.0717849731445313 0.0282974243164063 -0.0667495727539063 0.0478897094726563
-0.0476570129394531 -0.0231971740722656 -0.0383758544921875 0.0951919555664063
-0.0560798645019531 0.00227737426757812 -0.053741455078125 0.1214599609375
-0.0406875610351563 0.0292091369628906 0.00453186035156249 0.106452941894531
-0.0135688781738281 0.0518760681152344 0.0364189147949219 0.0653228759765625
0.0208587646484375 0.0458335876464844 0.0331230163574219 0.0210285186767578
0.054290771484375 0.0224571228027344 0.0191326141357422 0.00594329833984375
0.0577201843261719 -0.00541305541992188 -0.00256156921386718 0.0190982818603516
0.0496444702148438 -0.00876235961914063 -0.010101318359375 0.0366973876953125
0.0550155639648437 -0.0115547180175781 -0.0140419006347656 0.0530548095703125
0.0599632263183594 0.00150299072265625 -0.0260543823242187 0.0551223754882813
0.0480422973632813 0.0270118713378906 -0.0425949096679687 0.0447006225585938
0.0279960632324219 0.0493850708007813 -0.0468521118164062 0.019317626953125
-0.0205726623535156 0.0529098510742188 -0.0364227294921875 -0.00380325317382813
-0.0569190979003906 0.0268783569335938 -0.0315971374511719 0.0269031524658203
-0.0699539184570313 -0.00350189208984374 -0.084259033203125 0.0493698120117188
-0.0143394470214844 -0.0502967834472656 -0.0476150512695312 0.0829696655273438
-0.0321006774902344 -0.0329265594482422 -0.058837890625 0.110580444335938
-0.0344734191894531 -0.00691986083984376 0.000907897949218747 0.0981597900390625
-0.0299434661865234 0.0230236053466797 0.0291938781738281 0.0546112060546875
-0.0052032470703125 0.0361480712890625 0.0215053558349609 0.0118961334228516
0.0302238464355469 0.0324859619140625 -0.000244617462158201 0.00449752807617188
0.0438995361328125 0.0120086669921875 -0.0216712951660156 0.0241203308105469
0.0399093627929688 0.0043182373046875 -0.0260848999023438 0.0452423095703125
0.0457839965820312 0.0012664794921875 -0.0301628112792969 0.0592727661132813
0.049407958984375 0.0120315551757812 -0.0428123474121094 0.0563316345214844
0.03729248046875 0.0313377380371094 -0.054656982421875 0.0412216186523438
0.0156059265136719 0.0493545532226563 -0.0534477233886719 0.0141067504882813
-0.0327262878417969 0.0437889099121094 -0.0403327941894531 -0.00485229492187499
-0.0609359741210937 0.00392532348632813 -0.0443916320800781 0.0244789123535156
-0.0602149963378906 -0.0356979370117187 -0.0997314453125 0.0395278930664062
0.023773193359375 0.0583534240722656 0.100196838378906 -0.0310211181640625
0.0649948120117188 0.0126953125 0.0568428039550781 -0.00674819946289062
0.034027099609375 -0.0362129211425781 0.0447578430175781 0.0101127624511719
-0.000839233398437501 -0.0424842834472656 0.0678291320800781 -0.000595092773437503
-0.0224571228027344 -0.0296974182128906 0.0719528198242188 -0.0312881469726563
-0.0420455932617188 -0.0160484313964844 0.0550651550292969 -0.0592803955078125
-0.0361785888671875 -0.00826644897460938 0.0418815612792969 -0.0648460388183594
-0.0302829742431641 -0.0113677978515625 0.0349617004394531 -0.0478401184082031
-0.0340042114257813 -0.0263805389404297 0.030975341796875 -0.0236091613769531
-0.00803375244140625 -0.0399055480957031 0.0162172317504883 -0.00359630584716797
0.0262813568115234 -0.0331783294677734 -0.0175542831420898 -0.0040426254272461
0.0418739318847656 -0.00870513916015625 -0.0277862548828125 -0.0373573303222656
0.0368385314941406 0.0375442504882813 0.00387573242187501 -0.0922775268554688
0.0141372680664062 0.0679244995117188 0.0474777221679688 -0.101249694824219
-0.0167770385742188 0.0704803466796875 0.0432205200195313 -0.0620536804199219
-0.00769805908203125 0.0742568969726563 0.10302734375 -0.00442504882812499
0.0461616516113281 0.0426559448242188 0.0611724853515625 0.0155448913574219
0.0371017456054688 -0.00733184814453125 0.0532913208007813 0.0257759094238281
0.0181503295898438 -0.0223827362060547 0.0802230834960938 0.0133132934570313
0.00154495239257812 -0.0239391326904297 0.0850677490234375 -0.02239990234375
-0.0149879455566406 -0.0268039703369141 0.0702056884765625 -0.0571517944335938
-0.0135383605957031 -0.0241107940673828 0.0550003051757813 -0.0618019104003906
-0.00881195068359375 -0.0231513977050781 0.0431976318359375 -0.0442428588867188
-0.00842666625976562 -0.0361137390136719 0.0382308959960938 -0.0156173706054688
0.0172958374023438 -0.0382308959960938 0.0206317901611328 0.0075836181640625
0.0446510314941406 -0.0194435119628906 -0.0185337066650391 0.0100154876708984
0.05169677734375 0.0128860473632812 -0.0357704162597656 -0.0206146240234375
0.02734375 0.0590629577636719 -0.0152511596679688 -0.0779647827148438
-0.00861358642578124 0.085968017578125 0.0272064208984375 -0.082366943359375
-0.0416259765625 0.0852127075195312 0.0253448486328125 -0.0384101867675781
-0.0419082641601563 0.0793228149414063 0.0931930541992187 0.0286483764648438
0.0142593383789063 0.0704498291015625 0.0571784973144531 0.0477523803710938
0.0309028625488281 0.0271682739257812 0.0587921142578125 0.0469589233398438
0.0344047546386719 0.00755882263183594 0.0879364013671875 0.0297164916992187
0.0283317565917969 -0.0111598968505859 0.0932693481445313 -0.0095367431640625
0.0170688629150391 -0.0307960510253906 0.0793075561523438 -0.0488510131835938
0.0116119384765625 -0.0361213684082031 0.0591812133789063 -0.0523185729980469
0.0142116546630859 -0.0308856964111328 0.0452003479003906 -0.0327301025390625
0.0167427062988281 -0.0401573181152344 0.0378341674804688 -0.00334930419921875
0.0382881164550781 -0.0348281860351563 0.0190582275390625 0.0199527740478516
0.0555038452148438 -0.00773239135742188 -0.0207271575927734 0.0229663848876953
0.0572357177734375 0.0247459411621094 -0.0426292419433594 -0.00349044799804687
0.0245361328125 0.06817626953125 -0.0319938659667969 -0.0596275329589844
-0.019989013671875 0.0927886962890625 0.0062255859375 -0.0567779541015625
-0.058258056640625 0.0890045166015625 0.00142669677734375 -0.0118913650512695
-0.0718002319335938 0.06951904296875 0.0675201416015625 0.062652587890625
-0.024322509765625 0.0826339721679688 0.0390472412109375 0.0823593139648438
0.0128669738769531 0.0600433349609375 0.0555191040039063 0.0727462768554688
0.0410079956054687 0.041534423828125 0.086578369140625 0.0478973388671875
0.0495185852050781 0.00949859619140625 0.0892562866210938 0.0049591064453125
0.0477409362792969 -0.0260543823242188 0.0785751342773438 -0.034088134765625
0.0371017456054688 -0.0417098999023438 0.054473876953125 -0.0344696044921875
0.0343589782714844 -0.0344085693359375 0.0385818481445313 -0.0165367126464844
0.0384140014648438 -0.0408287048339844 0.0312652587890625 0.0108489990234375
0.0532646179199219 -0.0295829772949219 0.0144729614257813 0.0305843353271484
0.0606575012207031 0.00093841552734375 -0.0215930938720703 0.0351409912109375
0.0572013854980469 0.0324554443359375 -0.0436859130859375 0.0116233825683594
0.019622802734375 0.0692825317382813 -0.0388259887695313 -0.0375823974609375
-0.027618408203125 0.0887069702148438 -0.00658416748046875 -0.0262775421142578
-0.0674591064453125 0.0817031860351562 -0.0210857391357422 0.0153656005859375
-0.0865020751953125 0.0453567504882813 0.0311813354492187 0.0878372192382813
-0.0561370849609375 0.074249267578125 0.00804138183593749 0.109703063964844
-0.0122451782226563 0.0740814208984375 0.0411529541015625 0.0930252075195313
0.0319671630859375 0.0668144226074219 0.074188232421875 0.0638275146484375
0.0580101013183594 0.0323066711425781 0.0759429931640625 0.0171585083007813
0.0688285827636719 -0.013458251953125 0.06536865234375 -0.0183029174804688
0.0553970336914063 -0.0383758544921875 0.0399169921875 -0.0143356323242188
0.0489654541015625 -0.0316123962402344 0.0259132385253906 0.00218582153320312
0.0534400939941406 -0.0363540649414063 0.0194683074951172 0.0257301330566406
0.0631179809570313 -0.0224876403808594 0.00532913208007813 0.0400924682617187
0.0626754760742188 0.00997543334960937 -0.0236091613769531 0.0422630310058594
0.0515213012695313 0.03985595703125 -0.0406875610351563 0.0201835632324219
0.0102081298828125 0.0663795471191406 -0.0367088317871094 -0.0193061828613281
-0.0361785888671875 0.0746917724609375 -0.0134925842285156 0.00143051147460938
-0.0734405517578125 0.0630722045898438 -0.0429153442382813 0.0383720397949219
-0.0811233520507813 0.0123825073242188 -0.00704193115234376 0.10107421875
-0.0716552734375 0.0457000732421875 -0.0246963500976562 0.125350952148438
-0.0343589782714844 0.0652885437011719 0.0229721069335937 0.103813171386719
0.0121841430664063 0.0739059448242188 0.0544395446777344 0.0686302185058594
0.0494194030761719 0.0469818115234375 0.0537338256835937 0.0232162475585938
0.0734329223632813 0.00348663330078125 0.0432891845703125 -0.00400161743164063
0.0651359558105469 -0.0272789001464844 0.0196781158447266 0.00431632995605469
0.0562744140625 -0.0240364074707031 0.00905609130859376 0.0209732055664063
0.0603866577148438 -0.0289344787597656 0.0049591064453125 0.0393028259277344
0.0676803588867188 -0.0131340026855469 -0.00884246826171875 0.0473060607910156
0.061279296875 0.0180740356445313 -0.0300827026367188 0.0438232421875
0.0439834594726562 0.0469932556152344 -0.0408859252929687 0.02166748046875
-0.00394821166992187 0.0633430480957031 -0.0341434478759766 -0.00729751586914062
-0.0497894287109375 0.0561141967773437 -0.0189437866210938 0.0210666656494141
-0.0780258178710938 0.0355377197265625 -0.0629653930664063 0.05206298828125
-0.0577507019042969 -0.0219573974609375 -0.0345077514648438 0.101165771484375
-0.0644493103027344 0.00685501098632811 -0.0484237670898438 0.125335693359375
-0.0443687438964844 0.0352096557617188 0.00893402099609375 0.10528564453125
-0.0120925903320312 0.0594444274902344 0.0376091003417969 0.0631942749023438
0.0262336730957031 0.0498161315917969 0.0329952239990234 0.0201778411865234
0.061553955078125 0.0199394226074219 0.0184001922607422 0.00360488891601563
0.0617523193359375 -0.0111274719238281 -0.002197265625 0.0194053649902344
0.052642822265625 -0.0140762329101562 -0.00844573974609374 0.0365371704101563
0.0597686767578125 -0.0172653198242188 -0.0123291015625 0.0517387390136719
0.0654640197753906 -0.00383377075195313 -0.0243606567382812 0.0531539916992188
0.0554046630859375 0.0261459350585938 -0.0401802062988281 0.0433082580566406
0.0343055725097656 0.0515708923339844 -0.0437736511230469 0.0188636779785156
-0.0192985534667969 0.0600090026855469 -0.0327415466308594 -0.00257682800292969
-0.0614662170410156 0.0350685119628906 -0.0288772583007813 0.0303707122802734
-0.0777587890625 0.00194549560546876 -0.08428955078125 0.0541915893554687
-0.025054931640625 -0.0528373718261719 -0.0470657348632812 0.08892822265625
-0.0411720275878906 -0.0314369201660156 -0.0550537109375 0.114494323730469
-0.0400733947753906 -0.00378799438476563 0.00495147705078124 0.0968246459960938
-0.0304985046386719 0.0296802520751953 0.0289840698242187 0.0519294738769531
0.000408172607421874 0.041259765625 0.0189495086669922 0.0113811492919922
0.0375633239746094 0.030609130859375 -0.00338029861450195 0.00454044342041016
0.0495185852050781 0.00705718994140625 -0.0220203399658203 0.0268497467041016
0.0432548522949219 -0.000179290771484375 -0.0253868103027344 0.0480003356933594
0.0503463745117187 -0.0041046142578125 -0.0292930603027344 0.0606269836425781
0.0544052124023438 0.00720596313476562 -0.0418853759765625 0.0568733215332031
0.0439872741699219 0.0299720764160156 -0.0539779663085938 0.04058837890625
0.0221443176269531 0.0516204833984375 -0.0514030456542969 0.0140113830566406
-0.0316734313964844 0.0502052307128906 -0.037200927734375 -0.00483703613281249
-0.0663528442382813 0.0110015869140625 -0.042510986328125 0.0296249389648438
-0.0690422058105469 -0.0307846069335937 -0.102424621582031 0.0457534790039062
0.0296440124511719 0.056182861328125 0.10491943359375 -0.0382232666015625
0.0684661865234375 0.00614166259765625 0.0576553344726563 -0.0127525329589844
0.0317535400390625 -0.0411911010742188 0.0438919067382813 0.0095977783203125
-0.00511550903320313 -0.044342041015625 0.06817626953125 0.000465393066406247
-0.0265274047851563 -0.0291194915771484 0.0743408203125 -0.0322647094726563
-0.0458221435546875 -0.0105323791503906 0.0577278137207031 -0.0618209838867188
-0.0382423400878906 -0.00371551513671874 0.0439834594726562 -0.0702781677246094
-0.0327606201171875 -0.00807952880859375 0.0359001159667969 -0.0532035827636719
-0.0386276245117188 -0.0212821960449219 0.0332908630371094 -0.0291557312011719
-0.013885498046875 -0.039093017578125 0.0202236175537109 -0.00761795043945313
0.0228233337402344 -0.0372390747070312 -0.0122404098510742 -0.00344085693359375
0.042236328125 -0.0135536193847656 -0.0250377655029297 -0.0349788665771484
0.0431365966796875 0.0349922180175781 0.002471923828125 -0.0918045043945313
0.0230865478515625 0.0701828002929688 0.0464019775390625 -0.106819152832031
-0.00846099853515625 0.0755691528320313 0.0464706420898438 -0.0671920776367188
-0.0034942626953125 0.0756759643554688 0.112068176269531 -0.0114822387695312
0.0484390258789063 0.0399208068847656 0.0654067993164063 0.0092315673828125
0.0348987579345703 -0.0102996826171875 0.0536308288574219 0.0244560241699219
0.0151405334472656 -0.0226688385009766 0.0829391479492188 0.0136032104492188
-0.00171852111816406 -0.0232639312744141 0.0888519287109375 -0.0247802734375
-0.0174369812011719 -0.0235328674316406 0.073150634765625 -0.0610580444335938
-0.0145053863525391 -0.0218849182128906 0.0574874877929688 -0.0692481994628906
-0.00956535339355469 -0.0214061737060547 0.04547119140625 -0.0505523681640625
-0.0112419128417969 -0.0332126617431641 0.0410308837890625 -0.0228080749511719
0.0146980285644531 -0.0392341613769531 0.0263042449951172 0.0028533935546875
0.0439987182617188 -0.0218276977539063 -0.0128679275512695 0.00998878479003906
0.0536575317382812 0.00912857055664063 -0.0319385528564453 -0.0178012847900391
0.0338287353515625 0.0587997436523438 -0.0150222778320312 -0.0773162841796875
-0.00194549560546875 0.0905609130859375 0.0282135009765625 -0.0865631103515625
-0.03692626953125 0.0927047729492188 0.0304069519042969 -0.04315185546875
-0.0417098999023437 0.0835494995117188 0.103347778320312 0.0243301391601563
0.0163726806640625 0.071075439453125 0.0616607666015625 0.0425071716308594
0.0300254821777344 0.0287609100341797 0.0596733093261719 0.0454673767089844
0.0340099334716797 0.00839805603027344 0.0912628173828125 0.029815673828125
0.0282993316650391 -0.0101509094238281 0.0972442626953125 -0.0120468139648438
0.0162925720214844 -0.0299530029296875 0.0822296142578125 -0.0534896850585937
0.0122871398925781 -0.0360374450683594 0.0618476867675781 -0.0590171813964844
0.0150985717773438 -0.0314865112304687 0.047576904296875 -0.0399703979492187
0.0171661376953125 -0.0410308837890625 0.041229248046875 -0.0105972290039063
0.0379791259765625 -0.0371818542480469 0.0252113342285156 0.0141010284423828
0.0581512451171875 -0.0105400085449219 -0.0142116546630859 0.0220851898193359
0.0602569580078125 0.023590087890625 -0.0368309020996094 -0.00133132934570313
0.0289306640625 0.071136474609375 -0.0310440063476563 -0.0575485229492187
-0.016326904296875 0.0997238159179687 0.00915145874023438 -0.0586318969726562
-0.056884765625 0.0972061157226562 0.0076456069946289 -0.0136890411376953
-0.0748062133789063 0.0758514404296875 0.0776596069335938 0.0603561401367188
-0.0244674682617188 0.0885238647460938 0.0441513061523438 0.078765869140625
0.011749267578125 0.0636558532714844 0.0569915771484375 0.07098388671875
0.04290771484375 0.0437355041503906 0.0901565551757813 0.048583984375
0.0522232055664063 0.01080322265625 0.093597412109375 0.00276947021484375
0.0497856140136719 -0.0279922485351563 0.0808639526367188 -0.0410079956054688
0.038543701171875 -0.0445785522460937 0.0566673278808594 -0.0413627624511719
0.0370368957519531 -0.0371894836425781 0.0405158996582031 -0.0226631164550781
0.040008544921875 -0.0437278747558594 0.0337505340576172 0.00410079956054687
0.0555610656738281 -0.0328636169433594 0.0191020965576172 0.0256710052490234
0.0656929016113281 7.62939453125E-06 -0.0161056518554687 0.0327053070068359
0.0621681213378906 0.032135009765625 -0.037567138671875 0.0126304626464844
0.0235824584960938 0.074127197265625 -0.0372390747070312 -0.0372772216796875
-0.0262832641601563 0.096771240234375 -0.00369453430175782 -0.0278205871582031
-0.0679244995117188 0.091064453125 -0.0157022476196289 0.0152273178100586
-0.0934677124023437 0.0522689819335938 0.040252685546875 0.0887832641601562
-0.0620956420898438 0.081634521484375 0.0148544311523438 0.110130310058594
-0.0140228271484375 0.0815277099609375 0.0444564819335938 0.0928192138671875
0.0360488891601563 0.0736312866210938 0.0777053833007812 0.0635528564453125
0.0620002746582031 0.0337181091308594 0.0785064697265625 0.0154266357421875
0.07275390625 -0.0168609619140625 0.0672378540039063 -0.0231666564941406
0.058746337890625 -0.0432815551757813 0.0420455932617188 -0.019622802734375
0.0524787902832031 -0.03662109375 0.0267295837402344 -0.00259017944335938
0.0570716857910156 -0.0406417846679687 0.0219211578369141 0.0201854705810547
0.0675392150878906 -0.026763916015625 0.0086212158203125 0.0362358093261719
0.0689239501953125 0.0083770751953125 -0.0204544067382813 0.0396232604980469
0.0581169128417969 0.0414161682128906 -0.0366172790527344 0.0196762084960938
0.0128631591796875 0.072052001953125 -0.0350494384765625 -0.0189285278320312
-0.0375747680664063 0.0837631225585938 -0.00887489318847656 0.00251007080078126
-0.0788192749023438 0.0716400146484375 -0.0385093688964844 0.0408554077148438
-0.0912704467773438 0.0169601440429688 -0.000648498535156248 0.105201721191406
-0.0787582397460938 0.0535507202148437 -0.0194091796875 0.127593994140625
-0.0379104614257812 0.0729141235351563 0.0257110595703125 0.104835510253906
0.015167236328125 0.0813064575195313 0.0567970275878906 0.0683403015136719
0.0546798706054688 0.0501747131347656 0.0550193786621094 0.0214996337890625
0.0796127319335938 -0.00046539306640625 0.0439796447753906 -0.0065460205078125
0.0691947937011719 -0.033935546875 0.0208702087402344 0.00227737426757812
0.0594444274902344 -0.029754638671875 0.00994491577148438 0.0190296173095703
0.0657119750976563 -0.0342140197753906 0.00537109375000001 0.036590576171875
0.07354736328125 -0.0196990966796875 -0.00654983520507812 0.0451164245605469
0.0678672790527344 0.01739501953125 -0.0278358459472656 0.0410194396972656
0.0509376525878906 0.0491867065429688 -0.0378074645996094 0.0212783813476563
-0.00238037109375 0.0715103149414063 -0.0305061340332031 -0.00680351257324219
-0.052947998046875 0.0658187866210938 -0.0145854949951172 0.0218219757080078
-0.0851211547851563 0.0427398681640625 -0.0608444213867188 0.0565414428710938
-0.0684432983398438 -0.0196762084960937 -0.0315322875976563 0.107330322265625
-0.0741195678710938 0.0140304565429688 -0.0441818237304688 0.129409790039063
-0.0503578186035156 0.0428810119628906 0.0109939575195313 0.104515075683594
-0.00996017456054688 0.068695068359375 0.0381317138671875 0.0637092590332031
0.0332870483398438 0.0547714233398438 0.0315265655517578 0.0194644927978516
0.0694580078125 0.0162200927734375 0.0170679092407227 0.00384044647216797
0.0673904418945312 -0.0171928405761719 -0.0024261474609375 0.0203037261962891
0.0569534301757812 -0.0195503234863281 -0.00867843627929688 0.0378532409667969
0.0648460388183594 -0.0236778259277344 -0.0123329162597656 0.0520820617675781
0.07147216796875 -0.0094451904296875 -0.0237388610839844 0.0512275695800781
0.0627555847167969 0.0242385864257813 -0.0401115417480469 0.0419731140136719
0.0420074462890625 0.0547523498535156 -0.0422630310058594 0.0183258056640625
-0.0179100036621094 0.0671234130859375 -0.0301265716552734 -0.00278091430664062
-0.0667839050292969 0.04449462890625 -0.0253334045410156 0.0337619781494141
-0.0857620239257813 0.0100936889648437 -0.0846328735351562 0.060302734375
-0.0340919494628906 -0.0529861450195312 -0.0476150512695313 0.094970703125
-0.0508003234863281 -0.0284194946289063 -0.0541763305664063 0.120445251464844
-0.0470428466796875 0.00262832641601562 0.00641632080078126 0.0967636108398438
-0.0306968688964844 0.0377616882324219 0.0287513732910156 0.05120849609375
0.00550079345703125 0.0457992553710937 0.0163497924804688 0.0113897323608398
0.0447540283203125 0.0290641784667969 -0.00529718399047851 0.00628757476806641
0.0535011291503906 0.00115966796875 -0.0236091613769531 0.0298957824707031
0.0465583801269531 -0.00489425659179688 -0.0255775451660156 0.0506172180175781
0.0542564392089844 -0.00998306274414063 -0.0300521850585937 0.0638465881347656
0.0605430603027344 0.003082275390625 -0.0433006286621094 0.0574455261230469
0.0509147644042969 0.0294227600097656 -0.0554885864257813 0.040496826171875
0.028228759765625 0.0540618896484375 -0.0518684387207031 0.0140113830566406
-0.0296363830566406 0.0570297241210937 -0.0358467102050781 -0.00391006469726562
-0.0709762573242188 0.0184783935546875 -0.040802001953125 0.0338478088378906
-0.0773239135742188 -0.0252304077148438 -0.106369018554688 0.052093505859375
0.0362739562988281 0.0553207397460938 0.110618591308594 -0.04833984375
0.071929931640625 -0.00164031982421875 0.0581512451171875 -0.019866943359375
0.029388427734375 -0.0468902587890625 0.0433616638183594 0.00831985473632812
-0.0107879638671875 -0.0456008911132813 0.072174072265625 -0.0011138916015625
-0.0318050384521484 -0.0263385772705078 0.078582763671875 -0.03533935546875
-0.0495529174804688 -0.00556564331054687 0.0605735778808594 -0.0667381286621094
-0.0398216247558594 0.0018768310546875 0.0451889038085938 -0.0774917602539063
-0.0343265533447266 -0.00336074829101562 0.036834716796875 -0.060272216796875
-0.0428199768066406 -0.0162582397460938 0.0354957580566406 -0.0355911254882813
-0.0194206237792969 -0.0381546020507813 0.0243606567382813 -0.0118350982666016
0.0178146362304688 -0.0421066284179688 -0.00851297378540039 -0.0048975944519043
0.0419425964355469 -0.0193748474121094 -0.0231990814208984 -0.0344390869140625
0.049774169921875 0.0311164855957031 0.0010528564453125 -0.0928115844726563
0.03302001953125 0.0710220336914063 0.04559326171875 -0.1131591796875
-0.000122070312499991 0.0803604125976563 0.0499191284179688 -0.07635498046875
-0.000328063964843754 0.0788345336914063 0.120002746582031 -0.0205307006835937
0.0524177551269531 0.0374412536621094 0.0670204162597656 0.00221633911132813
0.0338134765625 -0.012939453125 0.0543212890625 0.0224494934082031
0.0121707916259766 -0.0235805511474609 0.0866851806640625 0.0112686157226563
-0.00360107421875 -0.0221118927001953 0.093536376953125 -0.02874755859375
-0.0203304290771484 -0.0200138092041016 0.07635498046875 -0.0679244995117188
-0.0155029296875 -0.0193004608154297 0.0581130981445313 -0.0786895751953125
-0.0104293823242187 -0.0196971893310547 0.0458450317382813 -0.0595741271972656
-0.0134449005126953 -0.0316123962402344 0.0441741943359375 -0.0308036804199219
0.0106086730957031 -0.0405082702636719 0.0306930541992188 -0.00259590148925782
0.0424919128417969 -0.0262298583984375 -0.00674962997436523 0.00774621963500976
0.0555648803710938 0.00575637817382813 -0.0281734466552734 -0.0172824859619141
0.0400047302246094 0.0592765808105469 -0.0161666870117187 -0.0771865844726563
0.0070953369140625 0.0961761474609375 0.027679443359375 -0.091552734375
-0.031219482421875 0.100044250488281 0.0343780517578125 -0.0489730834960937
-0.0407028198242187 0.090850830078125 0.113739013671875 0.0160293579101563
0.0183944702148438 0.0734481811523438 0.0660285949707031 0.0361900329589844
0.0301933288574219 0.029296875 0.0621604919433594 0.0439910888671875
0.0351638793945312 0.00888824462890625 0.0962905883789063 0.0279464721679688
0.0293312072753906 -0.00946235656738281 0.101631164550781 -0.016876220703125
0.0157508850097656 -0.0288505554199219 0.0861434936523437 -0.0621109008789063
0.0123176574707031 -0.0373725891113281 0.0632705688476563 -0.0689735412597656
0.0156288146972656 -0.0332260131835938 0.0475044250488281 -0.0491447448730469
0.0162277221679688 -0.04296875 0.0436973571777344 -0.0192756652832031
0.0381317138671875 -0.0398063659667969 0.0305213928222656 0.00780105590820312
0.0601425170898438 -0.0134696960449219 -0.00832939147949218 0.0205955505371094
0.0653457641601563 0.0218353271484375 -0.0328254699707031 -0.000993728637695306
0.035003662109375 0.0739059448242188 -0.0302734375 -0.0564956665039062
-0.0109176635742187 0.108001708984375 0.00983428955078125 -0.0627822875976563
-0.053466796875 0.107856750488281 0.0134191513061523 -0.0170392990112305
-0.0778884887695313 0.0855941772460938 0.0887069702148438 0.056884765625
-0.0241775512695312 0.0952606201171875 0.0509490966796875 0.0761947631835938
0.0138664245605469 0.068389892578125 0.0602836608886719 0.0694999694824219
0.0479164123535156 0.0471992492675781 0.0965576171875 0.0479049682617188
0.0572166442871094 0.0106315612792969 0.0988311767578125 -0.00146484375
0.0521011352539063 -0.0305824279785156 0.0836029052734375 -0.0470809936523437
0.03973388671875 -0.0485420227050781 0.0586585998535156 -0.0494575500488281
0.0389213562011719 -0.0409660339355469 0.0405235290527344 -0.0302848815917969
0.0422439575195313 -0.0482330322265625 0.0364608764648438 -0.00281524658203125
0.0586776733398438 -0.0383834838867188 0.0232276916503906 0.0191936492919922
0.0714950561523438 -0.0036163330078125 -0.0107383728027344 0.0308361053466797
0.0684394836425781 0.0330848693847656 -0.0332851409912109 0.0125885009765625
0.0286788940429688 0.0791244506835938 -0.0363082885742187 -0.0358314514160156
-0.0230255126953125 0.106849670410156 -0.000497817993164064 -0.0296497344970703
-0.069244384765625 0.102798461914063 -0.00993633270263672 0.0147485733032227
-0.100120544433594 0.062042236328125 0.0499801635742187 0.0903778076171875
-0.0631790161132813 0.0930023193359375 0.02081298828125 0.111289978027344
-0.013427734375 0.090362548828125 0.048583984375 0.0932846069335938
0.0422821044921875 0.0792694091796875 0.0827865600585938 0.064117431640625
0.0703277587890625 0.0343704223632813 0.0830841064453125 0.0119857788085938
0.0786285400390625 -0.0218505859375 0.0693550109863281 -0.0291099548339844
0.0613479614257812 -0.0502967834472656 0.0441551208496094 -0.0249137878417969
0.0552940368652344 -0.0423164367675781 0.0272941589355469 -0.00755691528320313
0.0606536865234375 -0.0481758117675781 0.0228519439697266 0.0162601470947266
0.0730819702148438 -0.0338897705078125 0.0110931396484375 0.0311298370361328
0.077056884765625 0.0057830810546875 -0.0165939331054688 0.0369873046875
0.0663299560546875 0.0427398681640625 -0.0333099365234375 0.019744873046875
0.0176162719726562 0.0803146362304688 -0.0332107543945313 -0.0188770294189453
-0.0375518798828125 0.0952301025390625 -0.0059499740600586 0.00118160247802735
-0.0807418823242187 0.0834808349609375 -0.0344696044921875 0.0430526733398438
-0.100448608398438 0.0265884399414062 0.00701904296874999 0.110679626464844
-0.0855560302734375 0.0651321411132813 -0.0129318237304688 0.13226318359375
-0.039581298828125 0.08447265625 0.0293121337890625 0.105796813964844
0.02178955078125 0.0901718139648437 0.0605545043945313 0.0699462890625
0.0641822814941406 0.05218505859375 0.0577774047851563 0.0205802917480469
0.087066650390625 -0.0058441162109375 0.0447502136230469 -0.0102920532226563
0.0730514526367188 -0.0414886474609375 0.0215950012207031 0.000221252441406247
0.0630645751953125 -0.0374832153320313 0.0101957321166992 0.0169162750244141
0.0700225830078125 -0.04339599609375 0.00582122802734375 0.0349750518798828
0.0802078247070312 -0.0265579223632812 -0.00507354736328124 0.0424880981445313
0.0772857666015625 0.0151596069335938 -0.0268135070800781 0.0403518676757813
0.0602798461914063 0.0516014099121094 -0.03558349609375 0.0206375122070313
0.00208282470703125 0.0796890258789062 -0.0295925140380859 -0.00867462158203124
-0.0546798706054687 0.0782546997070313 -0.0111217498779297 0.023529052734375
-0.091064453125 0.05474853515625 -0.0587844848632813 0.0614356994628906
-0.0792236328125 -0.0151901245117188 -0.0272064208984375 0.114738464355469
-0.0829086303710938 0.0213546752929687 -0.040252685546875 0.137710571289063
-0.0543861389160156 0.0527229309082031 0.01446533203125 0.1063232421875
-0.0054779052734375 0.0767593383789063 0.0401840209960938 0.0649948120117188
0.0417289733886719 0.0571784973144531 0.0327529907226563 0.0190200805664063
0.0772628784179688 0.0116729736328125 0.016815185546875 0.00294113159179688
0.071441650390625 -0.0257339477539063 -0.00180435180664062 0.0212612152099609
0.0608787536621094 -0.0268707275390625 -0.00786972045898437 0.0389366149902344
0.0685768127441406 -0.0320167541503906 -0.0118789672851563 0.0525970458984375
0.0769271850585938 -0.0169143676757812 -0.0248947143554688 0.0521926879882813
0.071502685546875 0.0218124389648438 -0.0406265258789062 0.0420074462890625
0.051025390625 0.0566520690917969 -0.0421638488769531 0.017791748046875
-0.013427734375 0.0759811401367188 -0.0292835235595703 -0.00387382507324218
-0.0697212219238281 0.0564422607421875 -0.0221443176269531 0.0362167358398437
-0.094085693359375 0.0196380615234375 -0.085113525390625 0.0681533813476562
-0.0446243286132812 -0.0525436401367188 -0.0459976196289063 0.105247497558594
-0.06103515625 -0.0245933532714844 -0.0513534545898437 0.127815246582031
-0.0536727905273438 0.00932693481445313 0.00946807861328124 0.0977706909179688
-0.0296592712402344 0.0466117858886719 0.0280189514160156 0.0521659851074219
0.0114860534667969 0.049468994140625 0.0138559341430664 0.0126361846923828
0.0527496337890625 0.0252952575683594 -0.0080885887145996 0.00845623016357422
0.0585403442382812 -0.00572967529296875 -0.0242729187011719 0.0349903106689453
0.0504989624023437 -0.0114898681640625 -0.0255508422851562 0.0555305480957031
0.0577201843261719 -0.0175743103027344 -0.030548095703125 0.0676765441894531
0.065032958984375 -0.00519561767578125 -0.0448951721191406 0.0612525939941406
0.0580253601074219 0.0264129638671875 -0.0572700500488281 0.0427398681640625
0.03662109375 0.0559730529785156 -0.0526199340820312 0.0140457153320313
-0.0265159606933594 0.0646934509277344 -0.0353927612304688 -0.0039825439453125
-0.0760650634765625 0.02886962890625 -0.0385894775390625 0.0396003723144531
-0.0859603881835938 -0.0184097290039062 -0.111335754394531 0.0618820190429687
0.0423316955566406 0.0521430969238281 0.113639831542969 -0.0614852905273438
0.0743637084960938 -0.0101776123046875 0.056182861328125 -0.0276412963867188
0.0234870910644531 -0.0524177551269531 0.043701171875 0.00761032104492187
-0.0177955627441406 -0.0468788146972656 0.0751190185546875 -0.002471923828125
-0.0371475219726563 -0.0234184265136719 0.0820465087890625 -0.040618896484375
-0.0518569946289062 0.00178146362304688 0.0612869262695313 -0.0751571655273438
-0.0397796630859375 0.00783920288085937 0.0429763793945313 -0.0855255126953125
-0.0356330871582031 0.00103378295898438 0.0351753234863281 -0.0686874389648438
-0.0463829040527344 -0.0102386474609375 0.0351219177246094 -0.0449447631835938
-0.02703857421875 -0.0361671447753906 0.0279388427734375 -0.0197563171386719
0.0115928649902344 -0.0453834533691406 -0.00464057922363281 -0.0065760612487793
0.0403327941894531 -0.0254631042480469 -0.0221443176269531 -0.0343227386474609
0.0565834045410156 0.0253181457519531 -0.003387451171875 -0.0942001342773438
0.0439796447753906 0.0690383911132813 0.041351318359375 -0.121536254882812
0.0103378295898438 0.082855224609375 0.0500411987304688 -0.0867538452148438
0.006317138671875 0.0810394287109375 0.125656127929688 -0.034423828125
0.0568656921386719 0.0316963195800781 0.0686492919921875 -0.00687408447265625
0.0322895050048828 -0.0147571563720703 0.0546913146972656 0.0200843811035156
0.00985908508300782 -0.0244216918945313 0.0902633666992188 0.00756072998046875
-0.00510978698730469 -0.0214138031005859 0.09765625 -0.036163330078125
-0.0214805603027344 -0.0153484344482422 0.0786285400390625 -0.07763671875
-0.0160675048828125 -0.0182361602783203 0.05523681640625 -0.0899429321289062
-0.0109844207763672 -0.0186100006103516 0.0434989929199219 -0.0696792602539063
-0.0156898498535156 -0.0295219421386719 0.0434684753417969 -0.0397415161132813
0.00718307495117188 -0.0414657592773438 0.03448486328125 -0.0116310119628906
0.0409355163574219 -0.0308494567871094 -0.00296831130981445 0.00380420684814453
0.0571098327636719 -6.4849853515625E-05 -0.0246601104736328 -0.0178508758544922
0.0474853515625 0.0568695068359375 -0.018218994140625 -0.0769577026367187
0.016632080078125 0.098663330078125 0.0250167846679687 -0.100067138671875
-0.0202560424804687 0.107978820800781 0.0378494262695313 -0.0556564331054688
-0.036773681640625 0.0984268188476563 0.123977661132813 0.00301361083984376
0.0244979858398438 0.0750961303710938 0.0710525512695313 0.029449462890625
0.0313816070556641 0.0302410125732422 0.0645828247070313 0.0418510437011719
0.0366096496582031 0.00803756713867188 0.102149963378906 0.0234298706054688
0.030303955078125 -0.00960922241210938 0.106689453125 -0.0240631103515625
0.0166988372802734 -0.0306758880615234 0.0856246948242188 -0.0719757080078125
0.0109138488769531 -0.0394096374511719 0.0610198974609375 -0.0806121826171875
0.0147819519042969 -0.0356407165527344 0.0454559326171875 -0.0598106384277344
0.0149765014648437 -0.0451202392578125 0.0437736511230469 -0.0279121398925781
0.0379142761230469 -0.0439834594726563 0.0338916778564453 -0.000329971313476565
0.0621261596679687 -0.0190048217773438 -0.0027475357055664 0.0169448852539063
0.0689239501953125 0.017791748046875 -0.0286178588867188 -0.00124168395996094
0.0427093505859375 0.0756149291992188 -0.031097412109375 -0.0561027526855469
-0.001220703125 0.115562438964844 0.00922393798828126 -0.0672645568847656
-0.046905517578125 0.119087219238281 0.0172023773193359 -0.0226383209228516
-0.0771408081054688 0.09600830078125 0.101211547851563 0.0493850708007813
-0.01947021484375 0.103866577148438 0.0569076538085938 0.0704116821289063
0.0170745849609375 0.0738525390625 0.0653610229492188 0.0687713623046875
0.0545425415039063 0.0487861633300781 0.104011535644531 0.0425491333007813
0.0621833801269531 0.00813674926757813 0.103324890136719 -0.00909423828125
0.0534019470214844 -0.0340766906738281 0.0839996337890625 -0.0583267211914062
0.0384979248046875 -0.0549087524414062 0.0581855773925781 -0.0603599548339844
0.0395698547363281 -0.0474815368652344 0.0401382446289063 -0.0379257202148437
0.0409812927246094 -0.0550575256347656 0.0354270935058594 -0.0109977722167969
0.0606231689453125 -0.0447425842285156 0.0253429412841797 0.0126590728759766
0.0768814086914063 -0.0101852416992188 -0.00651931762695312 0.0279045104980469
0.0766830444335938 0.030853271484375 -0.0287399291992187 0.0129051208496094
0.0377349853515625 0.0835037231445313 -0.0354690551757813 -0.0357780456542969
-0.0166244506835937 0.117431640625 -0.000324249267578129 -0.0322132110595703
-0.0648269653320312 0.115768432617188 -0.00449943542480469 0.0138874053955078
-0.103675842285156 0.0757522583007813 0.063323974609375 0.08758544921875
-0.0613021850585937 0.105033874511719 0.0298309326171875 0.11126708984375
-0.00794219970703125 0.0994949340820313 0.0532684326171875 0.0919647216796875
0.05230712890625 0.083404541015625 0.0898513793945313 0.0607376098632813
0.0786895751953125 0.030670166015625 0.087921142578125 0.0079803466796875
0.0829849243164063 -0.0284881591796875 0.0690422058105469 -0.0373992919921875
0.0598335266113281 -0.0589218139648438 0.04412841796875 -0.0328598022460938
0.0565261840820313 -0.05084228515625 0.0271110534667969 -0.0124778747558594
0.0618858337402344 -0.0581245422363281 0.0232696533203125 0.0108966827392578
0.0752334594726562 -0.0426483154296875 0.0119209289550781 0.0262393951416016
0.0853195190429687 -0.00055694580078125 -0.0137481689453125 0.0356178283691406
0.0760116577148438 0.0407791137695313 -0.0307445526123047 0.0188636779785156
0.0240402221679687 0.0866470336914063 -0.0327033996582031 -0.0196056365966797
-0.0338211059570312 0.108230590820313 -0.00250720977783203 -0.000916004180908196
-0.08074951171875 0.0983810424804688 -0.0294036865234375 0.0447502136230469
-0.108428955078125 0.0383453369140625 0.0181655883789062 0.116127014160156
-0.0878067016601563 0.0802536010742187 -0.00456237792968752 0.136474609375
-0.037689208984375 0.0955581665039063 0.0356979370117188 0.105110168457031
0.0315017700195312 0.0969085693359375 0.0673408508300781 0.0675086975097656
0.0737457275390625 0.0508651733398438 0.0615348815917969 0.0171775817871094
0.0945205688476563 -0.015411376953125 0.04376220703125 -0.0144081115722656
0.073516845703125 -0.0522842407226563 0.0216102600097656 -0.00246047973632813
0.0652008056640625 -0.0469818115234375 0.0101528167724609 0.0151691436767578
0.0717239379882813 -0.05548095703125 0.00718307495117188 0.0332908630371094
0.0842361450195313 -0.03790283203125 -0.0044097900390625 0.0396652221679688
0.0850296020507813 0.00865936279296875 -0.0257568359375 0.0399513244628906
0.0703964233398438 0.0490875244140625 -0.0327072143554687 0.0198287963867188
0.00869750976562499 0.0875396728515625 -0.0295047760009766 -0.00873184204101562
-0.0527267456054687 0.0919036865234375 -0.00675392150878907 0.0231380462646484
-0.09478759765625 0.0692596435546875 -0.0544509887695313 0.0681304931640625
-0.0896453857421875 -0.00684356689453124 -0.0200881958007812 0.122894287109375
-0.088623046875 0.0344009399414063 -0.0324249267578125 0.144332885742188
-0.0546913146972656 0.06463623046875 0.02008056640625 0.107810974121094
0.0023956298828125 0.0869827270507813 0.0440711975097656 0.0644798278808594
0.0518302917480469 0.0579605102539062 0.0340347290039063 0.0188140869140625
0.085052490234375 0.00310516357421875 0.0154209136962891 0.00234222412109375
0.0742950439453125 -0.0371246337890625 -0.00172996520996093 0.0229625701904297
0.0633506774902344 -0.0345840454101563 -0.00723266601562499 0.0409164428710938
0.0697402954101563 -0.0428924560546875 -0.0113334655761719 0.0548286437988281
0.081298828125 -0.027618408203125 -0.0242347717285156 0.0534591674804688
0.08074951171875 0.0160064697265625 -0.0420608520507813 0.0434074401855469
0.0607376098632813 0.0551528930664063 -0.0413246154785156 0.0181884765625
-0.00662994384765625 0.0846176147460938 -0.0284957885742188 -0.00494384765625
-0.0696792602539063 0.0690689086914062 -0.0173912048339844 0.0382461547851563
-0.09942626953125 0.0316238403320313 -0.0838165283203125 0.0777587890625
-0.0568161010742187 -0.049407958984375 -0.041168212890625 0.11639404296875
-0.0696144104003906 -0.0173110961914063 -0.0459060668945313 0.137413024902344
-0.0574798583984375 0.0177879333496094 0.01312255859375 0.0998764038085937
-0.0246696472167969 0.0553817749023438 0.0295257568359375 0.0514259338378906
0.0205345153808594 0.0516357421875 0.0140485763549805 0.012904167175293
0.0597038269042969 0.0189628601074219 -0.0101566314697266 0.0126552581787109
0.0622367858886719 -0.0155220031738281 -0.0234870910644531 0.0419960021972656
0.0511207580566406 -0.0207061767578125 -0.0239677429199219 0.0606613159179687
0.0598335266113281 -0.02679443359375 -0.02740478515625 0.0735092163085938
0.0690345764160156 -0.0139694213867188 -0.0462493896484375 0.0650978088378906
0.065032958984375 0.0203742980957031 -0.0592041015625 0.0465087890625
0.04638671875 0.0541229248046875 -0.053985595703125 0.0142631530761719
-0.0212860107421875 0.070892333984375 -0.0351943969726563 -0.00398254394531249
-0.0767822265625 0.0410690307617187 -0.0347900390625 0.0437774658203125
-0.0942764282226562 -0.00811767578125001 -0.112152099609375 0.076202392578125
0.0508956909179688 0.0455398559570313 0.109565734863281 -0.0751266479492187
0.072021484375 -0.0220413208007812 0.0515708923339844 -0.035430908203125
0.0194244384765625 -0.0541419982910156 0.0434837341308594 0.003875732421875
-0.0226402282714844 -0.0445632934570313 0.0761260986328125 -0.0088348388671875
-0.0414962768554687 -0.0183219909667969 0.0814895629882812 -0.0473785400390625
-0.0522499084472656 0.0126686096191406 0.0602874755859375 -0.0832977294921875
-0.0407829284667969 0.0138778686523438 0.0379791259765625 -0.0950775146484375
-0.0339336395263672 0.00774383544921876 0.027862548828125 -0.0764312744140625
-0.0466156005859375 -0.00277328491210937 0.0305099487304688 -0.0514450073242188
-0.0321235656738281 -0.0312957763671875 0.0258007049560547 -0.0269145965576172
0.0052032470703125 -0.0481605529785156 -0.0017242431640625 -0.0114288330078125
0.0341873168945312 -0.0331764221191406 -0.0203514099121094 -0.035919189453125
0.0604362487792969 0.0193328857421875 -0.00872039794921874 -0.0947494506835938
0.0546340942382813 0.0608673095703125 0.0335845947265625 -0.125068664550781
0.0216903686523438 0.0804214477539062 0.0463485717773438 -0.0968017578125
0.0134811401367188 0.080047607421875 0.128105163574219 -0.0483322143554688
0.0581855773925781 0.0259666442871094 0.0676765441894531 -0.0159988403320313
0.0301723480224609 -0.0201263427734375 0.0568389892578125 0.0195655822753906
0.00410842895507812 -0.0235214233398438 0.09381103515625 -0.000953674316406251
-0.00686836242675781 -0.0187301635742188 0.0960235595703125 -0.0438308715820313
-0.0211982727050781 -0.0113105773925781 0.075225830078125 -0.088592529296875
-0.0169391632080078 -0.0142049789428711 0.0492324829101563 -0.0989990234375
-0.0116615295410156 -0.0150613784790039 0.036529541015625 -0.0786514282226563
-0.0184383392333984 -0.0251426696777344 0.0389862060546875 -0.0480766296386719
0.00244522094726563 -0.03826904296875 0.0358695983886719 -0.0202751159667969
0.0360107421875 -0.0354690551757813 0.00356626510620117 0.000921487808227537
0.0547676086425781 -0.00513076782226563 -0.0208396911621094 -0.0169181823730469
0.0549507141113281 0.0520362854003906 -0.02032470703125 -0.0763092041015625
0.0301284790039062 0.0981597900390625 0.0197372436523437 -0.101783752441406
-0.0117568969726562 0.113479614257813 0.0375633239746094 -0.0677604675292969
-0.0288467407226562 0.103828430175781 0.1287841796875 -0.0101852416992187
0.0290679931640625 0.0743255615234375 0.0719680786132813 0.0189208984375
0.0341854095458984 0.0300712585449219 0.0662345886230469 0.0371131896972656
0.0381698608398438 0.00713348388671875 0.107582092285156 0.0159683227539062
0.0304584503173828 -0.00963592529296875 0.107643127441406 -0.0341033935546875
0.0145225524902344 -0.0309677124023438 0.0818099975585938 -0.082977294921875
0.009613037109375 -0.0420570373535156 0.0555953979492187 -0.08880615234375
0.0134620666503906 -0.039215087890625 0.0378990173339844 -0.06854248046875
0.0113143920898437 -0.0462913513183594 0.0415611267089844 -0.0405616760253906
0.034393310546875 -0.0466995239257813 0.0350933074951172 -0.00836372375488282
0.0619544982910156 -0.0240364074707031 0.000799179077148441 0.0127983093261719
0.074371337890625 0.01104736328125 -0.0235671997070312 -0.00369453430175781
0.0506591796875 0.0742416381835938 -0.0331459045410156 -0.0554695129394531
0.0105514526367187 0.117469787597656 0.00537109375 -0.0712661743164062
-0.0348892211914062 0.127395629882813 0.0212497711181641 -0.0293998718261719
-0.0746383666992187 0.111175537109375 0.108367919921875 0.03778076171875
-0.0147247314453125 0.108268737792969 0.0645294189453125 0.0619049072265625
0.02313232421875 0.0759429931640625 0.0693435668945313 0.0630416870117188
0.0629081726074219 0.0472869873046875 0.109642028808594 0.036224365234375
0.0654182434082031 0.00363540649414062 0.105010986328125 -0.0189590454101563
0.0533828735351563 -0.040069580078125 0.0798416137695312 -0.0680694580078125
0.0367240905761719 -0.0596694946289063 0.051788330078125 -0.0692329406738281
0.0377960205078125 -0.0537071228027344 0.0356330871582031 -0.044158935546875
0.0382156372070313 -0.0637054443359375 0.0364265441894531 -0.0213851928710938
0.0596199035644531 -0.0522956848144531 0.0291938781738281 0.00147438049316406
0.07757568359375 -0.0186309814453125 -0.00231361389160156 0.0241546630859375
0.0834884643554688 0.0242691040039063 -0.0232658386230469 0.00863456726074219
0.0463638305664062 0.0834197998046875 -0.0337238311767578 -0.0312328338623047
-0.0054473876953125 0.12554931640625 0.002166748046875 -0.0361824035644531
-0.0582199096679688 0.12615966796875 0.00190258026123046 0.0115985870361328
-0.101165771484375 0.0929489135742188 0.074615478515625 0.0816192626953125
-0.0540924072265625 0.118843078613281 0.0427780151367187 0.105293273925781
-0.00172424316406249 0.106941223144531 0.0581283569335938 0.0854110717773438
0.062591552734375 0.0829010009765625 0.094390869140625 0.0561981201171875
0.0871200561523438 0.025360107421875 0.0891189575195313 0.00146484375
0.0825042724609375 -0.0390396118164063 0.0675773620605469 -0.0444869995117188
0.0587081909179688 -0.0712814331054688 0.0424423217773438 -0.0420799255371094
0.0552749633789063 -0.0605010986328125 0.0229873657226563 -0.0161190032958984
0.0607566833496094 -0.0691757202148438 0.0218963623046875 0.00494956970214843
0.0733184814453125 -0.053741455078125 0.0134105682373047 0.0213222503662109
0.0857925415039063 -0.00861358642578125 -0.0111637115478516 0.0302257537841797
0.0840835571289063 0.0328826904296875 -0.0267143249511719 0.0187473297119141
0.0365219116210937 0.0895462036132813 -0.0327301025390625 -0.0195732116699219
-0.0242538452148438 0.118972778320313 -0.00214004516601563 -0.00497245788574218
-0.0746536254882813 0.110908508300781 -0.0208473205566406 0.045928955078125
-0.110984802246094 0.0531997680664063 0.0285415649414063 0.115280151367188
-0.0870285034179688 0.094512939453125 0.00834655761718748 0.134452819824219
-0.0321044921875 0.105636596679687 0.043426513671875 0.104965209960938
0.043212890625 0.100631713867188 0.0741500854492188 0.0662994384765625
0.0840835571289062 0.0462799072265625 0.0619392395019531 0.0129776000976563
0.0957412719726563 -0.027374267578125 0.0442581176757813 -0.0200424194335938
0.0726318359375 -0.062225341796875 0.0183391571044922 -0.00475120544433594
0.0649833679199219 -0.0565032958984375 0.00938129425048828 0.0125713348388672
0.0701141357421875 -0.0661201477050781 0.00687217712402344 0.0293464660644531
0.0830154418945312 -0.048858642578125 -0.00300216674804687 0.0366897583007813
0.0923080444335938 -0.00269317626953125 -0.0232963562011719 0.0375328063964844
0.0815887451171875 0.0455551147460938 -0.0316848754882812 0.0217533111572266
0.0205307006835938 0.0914077758789062 -0.0266494750976563 -0.0134220123291016
-0.043304443359375 0.105545043945312 -0.000469207763671877 0.0199127197265625
-0.0895156860351563 0.0852890014648438 -0.0483932495117188 0.0726776123046875
-0.0997543334960937 0.00639343261718751 -0.00647735595703125 0.127128601074219
-0.0891647338867187 0.0456695556640625 -0.0195159912109375 0.150619506835937
-0.0522994995117188 0.0741958618164063 0.0266799926757812 0.107170104980469
0.0131988525390625 0.0931472778320313 0.0482521057128906 0.0635986328125
0.0636405944824219 0.0573768615722656 0.0332565307617188 0.0157546997070313
0.0883407592773438 -0.00673675537109375 0.0120840072631836 0.00122833251953125
0.073577880859375 -0.0480499267578125 -3.81469726561953E-06 0.0233688354492188
0.0622406005859375 -0.0460281372070313 -0.00369644165039063 0.0425567626953125
0.069427490234375 -0.05645751953125 -0.00877380371093749 0.0576095581054688
0.0817947387695313 -0.0397109985351563 -0.0247917175292969 0.0549163818359375
0.0887374877929688 0.00566864013671875 -0.0401382446289063 0.0449943542480469
0.0709152221679688 0.0509567260742188 -0.0424461364746094 0.01727294921875
0.0037689208984375 0.0888824462890625 -0.0311107635498047 -0.00681686401367187
-0.0639801025390625 0.0834121704101562 -0.0123443603515625 0.037506103515625
-0.0995330810546875 0.0467681884765625 -0.0765762329101562 0.0876998901367188
-0.0646438598632812 -0.0434226989746094 -0.032928466796875 0.12237548828125
-0.0726394653320313 -0.00457763671875001 -0.032470703125 0.144454956054688
-0.0603675842285156 0.0316314697265625 0.0183792114257812 0.0985031127929688
-0.0173568725585937 0.0658607482910156 0.0327491760253906 0.0510215759277344
0.0299339294433594 0.0517959594726563 0.00854682922363281 0.0152111053466797
0.0636482238769531 0.0101127624511719 -0.0105133056640625 0.0151920318603516
0.0611343383789062 -0.024444580078125 -0.0209693908691406 0.0427894592285156
0.0518608093261719 -0.0273361206054687 -0.019683837890625 0.06500244140625
0.0601539611816406 -0.0351028442382813 -0.0256195068359375 0.0763702392578125
0.0691375732421875 -0.0264930725097656 -0.0442276000976563 0.0705032348632812
0.0690269470214844 0.0116081237792969 -0.0580635070800781 0.0501594543457031
0.0562858581542969 0.049163818359375 -0.0529823303222656 0.0171012878417969
-0.0125198364257813 0.080078125 -0.0344295501708984 -0.00359916687011718
-0.075408935546875 0.0529251098632812 -0.0261383056640625 0.0507354736328125
-0.0973587036132813 0.00430297851562501 -0.107643127441406 0.0865631103515625
0.0541343688964844 0.0395240783691406 0.103958129882813 -0.0859298706054688
0.0667762756347656 -0.0284080505371094 0.04571533203125 -0.0398330688476563
0.0100784301757812 -0.0566673278808594 0.0403823852539062 0.0038604736328125
-0.02880859375 -0.041290283203125 0.0754470825195313 -0.0117568969726563
-0.0425300598144531 -0.0130615234375 0.0795974731445313 -0.0537109375
-0.0490684509277344 0.0163726806640625 0.0542221069335938 -0.0876998901367188
-0.0351047515869141 0.0184326171875 0.0287017822265625 -0.0975723266601563
-0.0325546264648438 0.01153564453125 0.0215530395507812 -0.080352783203125
-0.0453300476074219 0.00530242919921875 0.0255966186523437 -0.0572357177734375
-0.0354957580566406 -0.0247459411621094 0.0241508483886719 -0.0313720703125
-0.00240707397460938 -0.0464630126953125 -0.000784873962402344 -0.0136241912841797
0.0305557250976562 -0.0354766845703125 -0.0182838439941406 -0.0342464447021484
0.0609359741210938 0.00897216796875 -0.010498046875 -0.0919189453125
0.0606956481933594 0.0527915954589844 0.0237808227539063 -0.127616882324219
0.030517578125 0.07525634765625 0.0396957397460938 -0.101783752441406
0.0198974609375 0.0788345336914063 0.120811462402344 -0.061676025390625
0.0573883056640625 0.0197601318359375 0.0614356994628906 -0.0216293334960938
0.0245532989501953 -0.0188865661621094 0.0541763305664063 0.0146713256835937
0.00379562377929688 -0.0228519439697266 0.0922698974609375 -0.0042266845703125
-0.00883197784423828 -0.0158815383911133 0.0950241088867188 -0.051788330078125
-0.0206813812255859 -0.0069580078125 0.067535400390625 -0.0940017700195313
-0.0150489807128906 -0.0123996734619141 0.0394363403320313 -0.105377197265625
-0.0114707946777344 -0.0155534744262695 0.028594970703125 -0.0832290649414063
-0.0184974670410156 -0.0223884582519531 0.0336418151855469 -0.0561103820800781
-0.000373840332031252 -0.0381736755371094 0.0321807861328125 -0.0287590026855469
0.0314788818359375 -0.0376472473144531 0.00354194641113281 -0.00478219985961914
0.0555801391601563 -0.0113868713378906 -0.0183658599853516 -0.0190906524658203
0.0578269958496094 0.045684814453125 -0.022369384765625 -0.073394775390625
0.0383148193359375 0.0918197631835938 0.0132980346679688 -0.10369873046875
0.0011138916015625 0.109580993652344 0.0345458984375 -0.072265625
-0.0224761962890625 0.10699462890625 0.125442504882813 -0.0240478515625
0.0334625244140625 0.0715789794921875 0.0696029663085938 0.00968170166015626
0.0331573486328125 0.029571533203125 0.0649757385253906 0.0325355529785156
0.0388679504394531 0.00627899169921875 0.105781555175781 0.009246826171875
0.0301570892333984 -0.0121421813964844 0.10382080078125 -0.0432815551757813
0.0148086547851562 -0.0289268493652344 0.07421875 -0.0901107788085938
0.00821685791015625 -0.0409736633300781 0.045166015625 -0.0962066650390625
0.0118217468261719 -0.039825439453125 0.0308914184570313 -0.0737762451171875
0.00925064086914063 -0.0476341247558594 0.0337944030761719 -0.0458908081054687
0.0305252075195312 -0.0498008728027344 0.032135009765625 -0.0179653167724609
0.0583839416503906 -0.0296058654785156 0.0033102035522461 0.00495719909667969
0.07342529296875 0.00450897216796875 -0.0203609466552734 -0.00548934936523438
0.0564384460449219 0.068603515625 -0.0329017639160156 -0.05224609375
0.0212631225585938 0.115798950195313 0.00254821777343749 -0.072509765625
-0.0242691040039062 0.128715515136719 0.0207138061523438 -0.0343208312988281
-0.0653915405273438 0.1160888671875 0.110931396484375 0.0227508544921875
-0.00473785400390624 0.111663818359375 0.0641975402832031 0.0534629821777344
0.0283432006835937 0.07843017578125 0.0699348449707031 0.0570144653320313
0.06622314453125 0.0435295104980469 0.108177185058594 0.0278549194335938
0.0687522888183594 -0.00025177001953125 0.103660583496094 -0.0269241333007813
0.0503349304199219 -0.0429573059082031 0.0733718872070313 -0.0751266479492188
0.03192138671875 -0.0636749267578125 0.0445175170898438 -0.07537841796875
0.0325775146484375 -0.0579605102539063 0.0283012390136719 -0.0517807006835938
0.0337715148925781 -0.0656623840332031 0.0299587249755859 -0.0266933441162109
0.0543365478515625 -0.0582313537597656 0.0248813629150391 -0.00341224670410157
0.078125 -0.024871826171875 -0.00160789489746093 0.0158863067626953
0.0852737426757812 0.0171661376953125 -0.0209865570068359 0.00676155090332031
0.05224609375 0.0817947387695313 -0.0348434448242188 -0.032999038696289
0.0061187744140625 0.125442504882813 0.000816345214843751 -0.0375556945800781
-0.0447006225585938 0.132919311523438 0.00507068634033203 0.00628948211669923
-0.0974044799804687 0.1021728515625 0.0806732177734375 0.0710372924804688
-0.0463180541992188 0.124046325683594 0.0465240478515625 0.0979690551757813
0.00669097900390626 0.111709594726563 0.0622634887695313 0.081787109375
0.0723724365234375 0.0786666870117188 0.0967483520507813 0.0478286743164063
0.0906219482421875 0.0194549560546875 0.0865325927734375 -0.00684356689453125
0.0805740356445313 -0.0458526611328125 0.0607032775878906 -0.0494880676269531
0.052581787109375 -0.0749282836914063 0.0352287292480469 -0.0437126159667969
0.0494804382324219 -0.0668296813964844 0.0206050872802734 -0.0210609436035156
0.0522842407226563 -0.0760574340820313 0.018463134765625 0.000595092773437495
0.0715713500976563 -0.0631027221679687 0.0124940872192383 0.0153970718383789
0.090576171875 -0.0174942016601563 -0.0103931427001953 0.0272884368896484
0.0908279418945313 0.0275192260742188 -0.0239944458007812 0.0149459838867187
0.0427398681640625 0.0888214111328125 -0.0303211212158203 -0.0197048187255859
-0.0123825073242187 0.123100280761719 0.00149345397949219 -0.00578689575195312
-0.0641937255859375 0.120109558105469 -0.0159530639648438 0.0442161560058594
-0.109390258789062 0.0662841796875 0.0399169921875 0.109413146972656
-0.0772323608398438 0.105438232421875 0.0174026489257812 0.1324462890625
-0.0221176147460937 0.113525390625 0.0466079711914062 0.097930908203125
0.0550765991210938 0.0968551635742188 0.0747833251953125 0.059844970703125
0.0902786254882813 0.0386734008789063 0.0602684020996094 0.00983428955078125
0.0940933227539063 -0.0361557006835938 0.0386428833007813 -0.0221900939941406
0.0646514892578125 -0.0720062255859375 0.019256591796875 -0.00860023498535157
0.0572853088378906 -0.065521240234375 0.00944995880126953 0.0113058090209961
0.0621414184570313 -0.075286865234375 0.00646400451660156 0.0286998748779297
0.0792922973632813 -0.0602874755859375 -0.00344657897949218 0.0349521636962891
0.0930862426757813 -0.0110244750976563 -0.0244789123535156 0.0366859436035156
0.0869064331054688 0.0361557006835937 -0.0295562744140625 0.0182437896728516
0.0282974243164063 0.0921783447265625 -0.0265960693359375 -0.0107784271240234
-0.0350799560546875 0.112930297851562 0.00202751159667969 0.0206375122070313
-0.0831832885742188 0.0940399169921875 -0.039825439453125 0.0731582641601562
-0.0993576049804688 0.0166473388671875 0.00218200683593749 0.12872314453125
-0.0872650146484375 0.06072998046875 -0.00970458984375001 0.146240234375
-0.0465164184570313 0.0852127075195313 0.0311050415039062 0.102569580078125
0.0250930786132812 0.0926361083984375 0.0489158630371094 0.0600776672363281
0.0692024230957031 0.0489959716796875 0.0315399169921875 0.0155677795410156
0.0887527465820313 -0.0175247192382813 0.013941764831543 0.00260543823242187
0.0666961669921875 -0.0569725036621094 0.00201988220214844 0.0244846343994141
0.0564918518066406 -0.0536079406738281 -0.00235366821289062 0.042694091796875
0.0626678466796875 -0.0644950866699219 -0.00526428222656249 0.05615234375
0.077178955078125 -0.0503387451171875 -0.020111083984375 0.0543441772460938
0.0888824462890625 -0.003143310546875 -0.0388298034667969 0.0458755493164063
0.0775680541992188 0.0428390502929688 -0.0400466918945312 0.0177383422851562
0.0115432739257813 0.0908889770507813 -0.0274372100830078 -0.00568771362304687
-0.0558319091796875 0.093353271484375 -0.00630950927734376 0.0372238159179688
-0.0934371948242187 0.0597991943359375 -0.0680923461914063 0.0922927856445313
-0.0716629028320313 -0.0331192016601562 -0.0238800048828125 0.125038146972656
-0.076385498046875 0.00466918945312501 -0.02484130859375 0.144134521484375
-0.0568122863769531 0.0379142761230469 0.0236740112304688 0.0928955078125
-0.00733184814453126 0.0655326843261719 0.0303535461425781 0.0497169494628906
0.0367317199707031 0.0467681884765625 0.0100841522216797 0.0165987014770508
0.0665740966796875 0.00153350830078125 -0.0110549926757812 0.0186767578125
0.0551490783691406 -0.0322036743164062 -0.0157890319824219 0.0488739013671875
0.0462837219238281 -0.0337677001953125 -0.0149612426757812 0.0655097961425781
0.0532302856445312 -0.0438117980957031 -0.0180892944335937 0.0797119140625
0.0660476684570313 -0.0331268310546875 -0.0391998291015625 0.0724563598632812
0.0726318359375 0.00313568115234375 -0.05615234375 0.0533218383789062
0.0607414245605469 0.0435638427734375 -0.0529861450195312 0.0198631286621094
-0.003814697265625 0.0794906616210938 -0.0345630645751953 -0.00250244140625
-0.0689888000488281 0.0626220703125 -0.0226783752441406 0.0497665405273438
-0.0956649780273438 0.0164108276367187 -0.09912109375 0.0948867797851563
0.0541305541992188 0.0344810485839844 0.0971527099609375 -0.0894546508789063
0.0608634948730469 -0.0332145690917969 0.0393218994140625 -0.0404701232910156
0.00510025024414062 -0.0549430847167969 0.0395088195800781 0.00421905517578125
-0.0318222045898438 -0.0366592407226563 0.0742874145507813 -0.012481689453125
-0.0426902770996094 -0.00910568237304686 0.0768280029296875 -0.0562057495117187
-0.0453681945800781 0.0211143493652344 0.0510711669921875 -0.08868408203125
-0.0314998626708984 0.0206375122070313 0.0232467651367187 -0.0991897583007813
-0.0293407440185547 0.0132160186767578 0.016204833984375 -0.0807723999023437
-0.042999267578125 0.00907897949218751 0.0203514099121094 -0.0592155456542969
-0.0357208251953125 -0.0195999145507813 0.0219688415527344 -0.0362358093261719
-0.00701522827148438 -0.0440406799316406 0.000797271728515623 -0.0175323486328125
0.0265769958496094 -0.0364570617675781 -0.0164108276367188 -0.0354881286621094
0.0599861145019531 0.0021820068359375 -0.0109634399414063 -0.0886611938476563
0.0636405944824219 0.0449562072753906 0.0198440551757812 -0.125633239746094
0.0359573364257812 0.0691108703613281 0.0358810424804687 -0.103607177734375
0.0226974487304688 0.0752487182617188 0.115089416503906 -0.0683746337890625
0.0552902221679688 0.0164909362792969 0.0544776916503906 -0.0255966186523438
0.0223426818847656 -0.0179901123046875 0.0521888732910156 0.0133895874023437
0.00200843811035156 -0.0203590393066406 0.0902786254882813 -0.00632476806640625
-0.00894832611083985 -0.0133895874023437 0.0906906127929688 -0.0547561645507813
-0.0193653106689453 -0.00390243530273438 0.0626983642578125 -0.0959930419921875
-0.01422119140625 -0.010594367980957 0.0325698852539062 -0.106147766113281
-0.0101099014282227 -0.0149869918823242 0.0221939086914062 -0.0852203369140625
-0.0174541473388672 -0.0205154418945313 0.0267295837402344 -0.0595588684082031
-0.0019073486328125 -0.035064697265625 0.0298557281494141 -0.0334949493408203
0.0281867980957031 -0.0370025634765625 0.00500106811523438 -0.00985431671142578
0.0517807006835938 -0.0135421752929688 -0.0151653289794922 -0.0213203430175781
0.0581893920898438 0.04046630859375 -0.0217819213867187 -0.0707778930664063
0.0425033569335937 0.0860595703125 0.00981903076171877 -0.102882385253906
0.00826263427734376 0.1051025390625 0.0323944091796875 -0.074462890625
-0.0176315307617187 0.106536865234375 0.12115478515625 -0.032440185546875
0.0341567993164063 0.0691719055175781 0.0652961730957031 0.00406646728515625
0.0323753356933594 0.0298976898193359 0.0628242492675781 0.0301284790039063
0.0387458801269531 0.0055999755859375 0.103408813476563 0.006256103515625
0.030609130859375 -0.0128917694091797 0.099884033203125 -0.0461654663085938
0.0139484405517578 -0.0279369354248047 0.068817138671875 -0.09210205078125
0.00720596313476562 -0.0411109924316406 0.0377120971679687 -0.0991973876953125
0.0114517211914062 -0.0406074523925781 0.024627685546875 -0.0753631591796875
0.00852584838867188 -0.0468177795410156 0.027557373046875 -0.0489387512207031
0.0276565551757813 -0.0499076843261719 0.0288372039794922 -0.0236835479736328
0.0567855834960938 -0.0321006774902344 0.00388622283935547 0.000410079956054686
0.0723495483398438 0.00228118896484375 -0.0169305801391602 -0.00738430023193359
0.0586738586425781 0.0644302368164063 -0.0306320190429688 -0.0508880615234375
0.027374267578125 0.112930297851563 0.0014801025390625 -0.072479248046875
-0.0160980224609375 0.12689208984375 0.0208892822265625 -0.0377426147460938
-0.0594253540039063 0.119590759277344 0.110153198242188 0.0157318115234375
0.000297546386718742 0.111320495605469 0.0633506774902344 0.0465469360351563
0.0310745239257813 0.0783767700195313 0.0671539306640625 0.0536766052246094
0.0679206848144531 0.0409049987792969 0.107162475585938 0.0246353149414063
0.0682907104492188 -0.00315093994140625 0.0982589721679688 -0.0305557250976563
0.0483169555664062 -0.0453147888183594 0.0665435791015625 -0.0764312744140625
0.0294876098632812 -0.0651893615722656 0.0378189086914063 -0.0771484375
0.0305519104003906 -0.0605239868164063 0.0225372314453125 -0.053924560546875
0.0310440063476563 -0.0672531127929688 0.0235919952392578 -0.0291156768798828
0.0509109497070312 -0.0605392456054687 0.0222988128662109 -0.00889396667480469
0.076995849609375 -0.02813720703125 -0.00150871276855468 0.0120172500610352
0.0860671997070313 0.0121231079101563 -0.0191898345947266 0.00333404541015625
0.0563278198242187 0.0788497924804687 -0.0332469940185547 -0.0326004028320312
0.0128326416015625 0.124526977539062 0.000385284423828123 -0.04022216796875
-0.0371017456054687 0.132545471191406 0.00698137283325195 0.00306892395019532
-0.0913772583007813 0.108001708984375 0.0823516845703125 0.0637130737304688
-0.0397720336914063 0.126396179199219 0.0473480224609375 0.0906524658203125
0.0114669799804687 0.112472534179687 0.0613784790039063 0.0773544311523438
0.0769271850585938 0.0745086669921875 0.0957489013671875 0.0439376831054688
0.092193603515625 0.0145416259765625 0.08392333984375 -0.00954437255859375
0.0768661499023438 -0.04998779296875 0.0556755065917969 -0.0508918762207031
0.0489349365234375 -0.0769577026367188 0.0314750671386719 -0.0454025268554688
0.0454635620117188 -0.0699844360351563 0.0172901153564453 -0.0233612060546875
0.0477676391601563 -0.0793609619140625 0.0156545639038086 -0.00230503082275391
0.0674057006835938 -0.0669631958007813 0.00993633270263672 0.011749267578125
0.0897903442382813 -0.0239410400390625 -0.0101795196533203 0.0235385894775391
0.09185791015625 0.0226058959960938 -0.0224533081054687 0.0107917785644531
0.0471954345703125 0.0869064331054688 -0.0296649932861328 -0.0198516845703125
-0.00525665283203124 0.123931884765625 0.00326824188232422 -0.00914669036865234
-0.0569305419921875 0.123031616210938 -0.0109024047851563 0.04052734375
-0.105239868164063 0.074371337890625 0.0447998046875 0.102043151855469
-0.0710296630859375 0.109100341796875 0.0209808349609375 0.125160217285156
-0.0162353515625 0.116188049316406 0.046661376953125 0.0937728881835938
0.0616378784179688 0.0944900512695313 0.0735855102539063 0.0558929443359375
0.0938796997070313 0.0321044921875 0.0582084655761719 0.00741195678710938
0.0905075073242187 -0.0417861938476563 0.0350608825683594 -0.0228328704833984
0.0598678588867188 -0.0752639770507813 0.0187568664550781 -0.00997161865234375
0.0526390075683594 -0.0696334838867187 0.00870895385742188 0.00994586944580078
0.0564804077148438 -0.0792388916015625 0.00605964660644532 0.0271568298339844
0.07452392578125 -0.0652618408203125 -0.00392532348632812 0.0326499938964844
0.09332275390625 -0.0176925659179688 -0.0228672027587891 0.0345249176025391
0.0904006958007812 0.0306015014648437 -0.0288715362548828 0.0149955749511719
0.034149169921875 0.091094970703125 -0.0260829925537109 -0.0118446350097656
-0.027191162109375 0.114921569824219 0.00468063354492187 0.0160808563232422
-0.0752716064453125 0.100250244140625 -0.0335311889648437 0.07147216796875
-0.0978012084960937 0.0252838134765625 0.00862121582031249 0.123580932617188
-0.0831680297851563 0.0666580200195313 -0.00411987304687499 0.141647338867188
-0.0404586791992188 0.0894851684570313 0.031494140625 0.0971450805664063
0.0314483642578125 0.0902786254882813 0.0492630004882813 0.0567169189453125
0.0738525390625 0.0428009033203125 0.0315341949462891 0.016510009765625
0.0859756469726563 -0.0255355834960938 0.0117607116699219 0.00333976745605469
0.0611953735351562 -0.0612373352050781 0.00343322753906251 0.0236606597900391
0.0518684387207031 -0.0583076477050781 -0.000564575195312498 0.0417213439941406
0.0563316345214844 -0.06890869140625 -0.00559997558593749 0.0547256469726563
0.073150634765625 -0.05572509765625 -0.0201072692871094 0.0540885925292969
0.0873184204101563 -0.0102996826171875 -0.0388145446777344 0.0447540283203125
0.0808792114257813 0.03619384765625 -0.0390663146972656 0.0169258117675781
0.0184097290039063 0.0898666381835938 -0.027008056640625 -0.00766944885253905
-0.0482635498046875 0.0973968505859375 -0.00217056274414063 0.0362319946289063
-0.0886383056640625 0.0656814575195313 -0.0614395141601563 0.0908660888671875
-0.0735549926757813 -0.0268936157226563 -0.01776123046875 0.124221801757813
-0.0753936767578125 0.0124893188476563 -0.018341064453125 0.139839172363281
-0.0531272888183594 0.0430984497070313 0.0238113403320313 0.0901336669921875
-0.00166320800781249 0.0663032531738281 0.0300941467285156 0.0490608215332031
0.0407485961914063 0.0433616638183594 0.008392333984375 0.0177249908447266
0.0650863647460938 -0.00575637817382813 -0.00940895080566406 0.0211563110351563
0.051727294921875 -0.0382614135742188 -0.0121726989746094 0.0494575500488281
0.0435867309570313 -0.0379295349121094 -0.00981903076171875 0.0672149658203125
0.0477943420410156 -0.0482902526855469 -0.0156478881835937 0.0794525146484375
0.0613479614257812 -0.0396194458007813 -0.036773681640625 0.0727691650390625
0.0724639892578125 -0.00244140625 -0.053680419921875 0.0529251098632812
0.0635223388671875 0.0378990173339844 -0.0520248413085937 0.0188789367675781
0.00139617919921876 0.0781326293945313 -0.0332813262939453 -0.00479698181152343
-0.0623817443847656 0.0688018798828125 -0.0168991088867188 0.0483627319335938
-0.091796875 0.0244979858398437 -0.0914764404296875 0.0980072021484375
0.0544166564941406 0.030914306640625 0.093719482421875 -0.0916213989257813
0.0574951171875 -0.0344657897949219 0.0360450744628906 -0.0404167175292969
0.00325775146484375 -0.0539474487304688 0.0384407043457031 0.00557708740234375
-0.0334835052490234 -0.0340385437011719 0.0736846923828125 -0.0114822387695313
-0.042572021484375 -0.00661468505859376 0.0762863159179688 -0.0570755004882813
-0.0428962707519531 0.023956298828125 0.050689697265625 -0.0909423828125
-0.029693603515625 0.0213489532470703 0.0211410522460938 -0.099945068359375
-0.0283851623535156 0.0140609741210938 0.0134353637695312 -0.08221435546875
-0.0397872924804688 0.0119514465332031 0.0179100036621094 -0.0609703063964844
-0.035675048828125 -0.0170440673828125 0.0198745727539062 -0.0398330688476563
-0.00963973999023438 -0.0421867370605469 0.00156974792480469 -0.0209274291992188
0.0239295959472656 -0.0368194580078125 -0.0133552551269531 -0.0371551513671875
0.0584030151367187 -0.00103759765625 -0.00891876220703124 -0.0871047973632812
0.0638160705566406 0.0403480529785156 0.0196609497070313 -0.124671936035156
0.0383720397949219 0.0656394958496094 0.0349884033203125 -0.105758666992188
0.0237274169921875 0.0736083984375 0.112434387207031 -0.0713653564453125
0.0528678894042969 0.0152091979980469 0.0517082214355469 -0.0263748168945313
0.0206775665283203 -0.0168972015380859 0.0499534606933594 0.0143928527832031
0.00119781494140625 -0.0187530517578125 0.0904617309570313 -0.0062103271484375
-0.00897789001464844 -0.0120830535888672 0.0899581909179688 -0.056304931640625
-0.0166893005371094 -0.00218009948730468 0.061187744140625 -0.0978927612304687
-0.0128326416015625 -0.0101470947265625 0.028594970703125 -0.107315063476563
-0.0094137191772461 -0.0146417617797852 0.0185089111328125 -0.0858993530273438
-0.0158119201660156 -0.0190219879150391 0.0231437683105469 -0.0621871948242188
-0.00216484069824219 -0.0337142944335938 0.0269851684570313 -0.0374565124511719
0.0259590148925781 -0.0358428955078125 0.00583171844482422 -0.0134973526000977
0.0502433776855469 -0.0140647888183594 -0.0126266479492187 -0.0236015319824219
0.0580787658691406 0.0378150939941406 -0.0196075439453125 -0.0699920654296875
0.0441360473632813 0.0824203491210938 0.0103302001953125 -0.102806091308594
0.0103759765625 0.102569580078125 0.032470703125 -0.0769882202148437
-0.015472412109375 0.1064453125 0.11871337890625 -0.036163330078125
0.0336952209472656 0.0679588317871094 0.0608787536621094 0.00208663940429688
0.0327110290527344 0.0313453674316406 0.0610198974609375 0.0305938720703125
0.0388412475585938 0.006378173828125 0.102645874023438 0.005706787109375
0.0309848785400391 -0.01239013671875 0.0981979370117187 -0.0469894409179687
0.0149784088134766 -0.0276165008544922 0.0662460327148438 -0.0934600830078125
0.00739669799804687 -0.0414237976074219 0.0339736938476563 -0.0999374389648438
0.0106124877929688 -0.0410690307617188 0.0206069946289062 -0.0768890380859375
0.00847625732421875 -0.0467071533203125 0.0236740112304688 -0.0516090393066406
0.0270614624023437 -0.0494804382324219 0.0264949798583984 -0.0284385681152344
0.0556373596191406 -0.0319900512695313 0.00349450111389161 -0.00412559509277344
0.0719375610351563 0.000640869140625 -0.0150089263916016 -0.0112943649291992
0.0590362548828125 0.0629920959472656 -0.0279998779296875 -0.0514259338378906
0.0297317504882812 0.111106872558594 0.00238800048828126 -0.0732269287109375
-0.0132293701171875 0.125099182128906 0.0222244262695313 -0.0409660339355469
-0.0567398071289063 0.122329711914063 0.109130859375 0.010528564453125
0.001434326171875 0.110885620117188 0.0605659484863281 0.0430564880371094
0.0318145751953125 0.0803985595703125 0.0649566650390625 0.05322265625
0.0689620971679688 0.0402145385742188 0.105682373046875 0.0233001708984375
0.0691947937011719 -0.00422286987304688 0.0966949462890625 -0.0306472778320313
0.0484771728515625 -0.0452690124511719 0.0642623901367188 -0.0769577026367188
0.0282440185546875 -0.0659141540527344 0.0345993041992188 -0.0782318115234375
0.0292510986328125 -0.0622749328613281 0.0192604064941406 -0.0550041198730469
0.0297470092773437 -0.0689659118652344 0.01904296875 -0.03204345703125
0.0506057739257813 -0.0623207092285156 0.0193271636962891 -0.0127964019775391
0.0768356323242187 -0.0303573608398438 -0.00227880477905273 0.00740814208984375
0.0873260498046875 0.0107879638671875 -0.0180091857910156 -0.00027656555175781
0.0579605102539063 0.0785903930664063 -0.0310134887695312 -0.0343914031982422
0.0154953002929688 0.124465942382813 0.0011749267578125 -0.0417747497558594
-0.0335540771484375 0.133049011230469 0.00852108001708984 -0.00142383575439452
-0.089813232421875 0.112129211425781 0.0824737548828125 0.059295654296875
-0.0371170043945312 0.127845764160156 0.0455398559570313 0.086761474609375
0.0144500732421875 0.115646362304688 0.0580596923828125 0.0761489868164063
0.0797653198242188 0.073944091796875 0.0943450927734375 0.0427627563476563
0.0936126708984375 0.0117034912109375 0.0822906494140625 -0.010284423828125
0.0764389038085938 -0.0520858764648438 0.0525016784667969 -0.0508041381835938
0.0459823608398438 -0.0792388916015625 0.0287437438964844 -0.0461349487304688
0.043212890625 -0.0733718872070313 0.0146579742431641 -0.0247516632080078
0.045166015625 -0.0815505981445313 0.0125913619995117 -0.00391864776611329
0.0655174255371094 -0.0696678161621094 0.00675487518310547 0.00817537307739257
0.0896530151367188 -0.0279006958007812 -0.0117549896240234 0.0198307037353516
0.0935287475585938 0.0189132690429687 -0.0225238800048828 0.00667953491210937
0.0503005981445313 0.0873641967773438 -0.0280513763427734 -0.0219173431396484
-0.00160217285156249 0.125892639160156 0.00478076934814453 -0.0119161605834961
-0.0533828735351563 0.124900817871094 -0.00885391235351563 0.0372085571289063
-0.104293823242188 0.0790863037109375 0.0452957153320312 0.0991973876953125
-0.0679779052734375 0.113227844238281 0.021087646484375 0.121536254882813
-0.0133514404296875 0.120140075683594 0.0441513061523438 0.092132568359375
0.0659561157226563 0.0930633544921875 0.0722198486328125 0.054718017578125
0.0953292846679688 0.0290374755859375 0.0575370788574219 0.007598876953125
0.0895156860351563 -0.0449981689453125 0.0335731506347656 -0.0219669342041016
0.0572357177734375 -0.0784683227539062 0.0174026489257813 -0.0102090835571289
0.0501708984375 -0.0729904174804688 0.00737857818603516 0.00900650024414062
0.0541610717773438 -0.0830917358398438 0.00365638732910156 0.0255451202392578
0.0723724365234375 -0.0692672729492188 -0.00611686706542969 0.0302581787109375
0.0930938720703125 -0.0227279663085937 -0.0245628356933594 0.0322017669677734
0.0922012329101563 0.02734375 -0.0295677185058594 0.0116004943847656
0.0375289916992187 0.0912322998046875 -0.0257396697998047 -0.0139598846435547
-0.0233383178710937 0.117942810058594 0.00541973114013672 0.0135955810546875
-0.0723724365234375 0.102920532226563 -0.0309524536132812 0.0687103271484375
-0.0985336303710938 0.0306625366210937 0.00997161865234375 0.12127685546875
-0.0812606811523438 0.0703964233398438 -0.00328063964843752 0.138412475585938
-0.037811279296875 0.0934371948242187 0.0295944213867187 0.0951156616210938
0.03619384765625 0.089752197265625 0.0472030639648438 0.0562705993652344
0.0764541625976563 0.0399322509765625 0.0298900604248047 0.0178070068359375
0.0844573974609375 -0.029327392578125 0.0106697082519531 0.00422191619873047
0.0579147338867188 -0.0638504028320313 0.00287246704101563 0.0236721038818359
0.0492515563964844 -0.0611381530761719 0.000209808349609381 0.041290283203125
0.053497314453125 -0.0723648071289062 -0.00632095336914062 0.0545654296875
0.0705032348632813 -0.059783935546875 -0.0218658447265625 0.0534629821777344
0.0875930786132813 -0.0146026611328125 -0.0390434265136719 0.0435562133789062
0.0832443237304688 0.0330581665039063 -0.0396461486816406 0.0152435302734375
0.0212554931640625 0.0904159545898438 -0.0273799896240234 -0.00862503051757813
-0.044036865234375 0.0996780395507813 -0.000467300415039065 0.0337638854980469
-0.0860137939453125 0.06988525390625 -0.0580825805664062 0.090087890625
-0.0752029418945313 -0.022430419921875 -0.0159530639648437 0.12451171875
-0.0757217407226563 0.0165786743164062 -0.0176010131835938 0.137229919433594
-0.0512046813964844 0.0473747253417969 0.0215072631835937 0.0888442993164063
0.0030975341796875 0.066558837890625 0.0280838012695313 0.0496063232421875
0.0435981750488281 0.0398788452148438 0.00752830505371094 0.0202960968017578
0.0640869140625 -0.00992202758789063 -0.00924110412597656 0.0231800079345703
0.0488510131835938 -0.0400962829589844 -0.00953292846679687 0.0498733520507813
0.0412750244140625 -0.040740966796875 -0.00820159912109374 0.066802978515625
0.0454063415527344 -0.0515289306640625 -0.0154953002929688 0.07928466796875
0.0587730407714844 -0.0430107116699219 -0.0375442504882813 0.0720672607421875
0.0718307495117188 -0.00551605224609375 -0.0547904968261719 0.0533943176269531
0.0652732849121094 0.0344314575195313 -0.0522041320800781 0.0178565979003906
0.00440216064453124 0.0778274536132813 -0.0325050354003906 -0.00568580627441407
-0.0588226318359375 0.071197509765625 -0.0144157409667969 0.0463638305664063
-0.0889434814453125 0.0273056030273438 -0.0882339477539063 0.0988845825195313
0.0551185607910156 0.0292625427246094 0.0952606201171875 -0.094512939453125
0.05621337890625 -0.0360450744628906 0.0333251953125 -0.0405044555664063
0.00147628784179688 -0.0543327331542969 0.0387725830078125 0.00793457031249999
-0.0348243713378906 -0.03265380859375 0.0761642456054688 -0.010528564453125
-0.043609619140625 -0.00476837158203125 0.0783843994140625 -0.059234619140625
-0.0407333374023438 0.0267562866210937 0.0525665283203125 -0.0949630737304687
-0.0279865264892578 0.0233650207519531 0.0210189819335938 -0.103469848632813
-0.0274581909179688 0.0151233673095703 0.0121917724609375 -0.0848236083984375
-0.0384445190429688 0.0144805908203125 0.0171394348144531 -0.0640945434570313
-0.0365791320800781 -0.0149459838867188 0.0193519592285156 -0.0432510375976562
-0.0118789672851562 -0.0415382385253906 0.00255775451660156 -0.0248508453369141
0.0221366882324219 -0.0383567810058594 -0.0109710693359375 -0.0400810241699219
0.0590057373046875 -0.00326919555664062 -0.0060882568359375 -0.0888519287109375
0.0645904541015625 0.0372734069824219 0.0216903686523437 -0.126693725585938
0.0406036376953125 0.0638999938964844 0.0366592407226562 -0.110176086425781
0.0243988037109375 0.0738677978515625 0.113792419433594 -0.0736618041992188
0.0520210266113281 0.0154151916503906 0.0491943359375 -0.0264778137207031
0.02001953125 -0.014984130859375 0.0501327514648438 0.0155906677246094
0.00125408172607422 -0.0172653198242188 0.0918197631835938 -0.00504302978515625
-0.00842952728271484 -0.0104780197143555 0.09234619140625 -0.0578079223632813
-0.0152244567871094 -0.000892639160156251 0.062103271484375 -0.100814819335938
-0.0119590759277344 -0.00995635986328125 0.0275115966796875 -0.110687255859375
-0.00906753540039063 -0.0143795013427734 0.01580810546875 -0.0897445678710938
-0.014404296875 -0.0181007385253906 0.0214653015136719 -0.0653228759765625
-0.00190162658691406 -0.0331516265869141 0.0257682800292969 -0.042022705078125
0.0252571105957031 -0.0359420776367188 0.00647544860839844 -0.01812744140625
0.0504493713378906 -0.0148468017578125 -0.0106010437011719 -0.0278110504150391
0.0583839416503906 0.0364608764648438 -0.0164031982421875 -0.07220458984375
0.0454483032226562 0.0821762084960938 0.0115737915039063 -0.105155944824219
0.0123748779296875 0.102699279785156 0.0348434448242187 -0.0820236206054688
-0.0155715942382813 0.109901428222656 0.120277404785156 -0.0390853881835938
0.0335350036621094 0.0697135925292969 0.058990478515625 0.000751495361328129
0.0332870483398438 0.0336074829101563 0.0598526000976563 0.0323524475097656
0.0402908325195313 0.00762939453125 0.104507446289063 0.00698089599609375
0.0325450897216797 -0.0126075744628906 0.100090026855469 -0.0492019653320312
0.0167598724365234 -0.0274810791015625 0.0669021606445313 -0.0963363647460937
0.00766372680664062 -0.0432777404785156 0.0323715209960938 -0.103042602539062
0.0109100341796875 -0.0436553955078125 0.01739501953125 -0.0793991088867188
0.00914382934570312 -0.0477828979492188 0.02056884765625 -0.0547332763671875
0.0280075073242188 -0.0507888793945313 0.0240859985351563 -0.0327987670898438
0.0559539794921875 -0.0337295532226563 0.00335311889648438 -0.00866413116455078
0.07366943359375 0.0004119873046875 -0.0137662887573242 -0.0151348114013672
0.0604820251464844 0.0646324157714844 -0.0257453918457031 -0.0535545349121094
0.0315322875976563 0.113006591796875 0.0040283203125 -0.07696533203125
-0.0118560791015625 0.127342224121094 0.024566650390625 -0.0451431274414062
-0.0576400756835938 0.126884460449219 0.110145568847656 0.00785827636718751
0.00163269042968749 0.11431884765625 0.0587158203125 0.0414657592773438
0.034271240234375 0.0853729248046875 0.0635833740234375 0.0553550720214844
0.071990966796875 0.0412979125976563 0.10662841796875 0.0250015258789063
0.071441650390625 -0.004852294921875 0.0972824096679688 -0.0324172973632813
0.0508003234863281 -0.0471992492675781 0.06427001953125 -0.0785369873046875
0.0289726257324219 -0.06829833984375 0.0327835083007813 -0.0816421508789063
0.0287704467773438 -0.0650138854980469 0.0168418884277344 -0.057403564453125
0.0301437377929687 -0.0722274780273438 0.0165061950683594 -0.0333786010742188
0.05133056640625 -0.0655250549316406 0.0165843963623047 -0.0159206390380859
0.0787887573242187 -0.0331802368164063 -0.00375509262084961 0.00380825996398926
0.0901031494140625 0.0102996826171875 -0.0177879333496094 -0.00436210632324219
0.06072998046875 0.0807647705078125 -0.0294303894042969 -0.0373992919921875
0.0181198120117188 0.1282958984375 0.00313949584960937 -0.0448226928710938
-0.0329818725585937 0.13690185546875 0.0109214782714844 -0.00440216064453124
-0.0922012329101563 0.117958068847656 0.0837249755859375 0.0578079223632813
-0.0371856689453125 0.132881164550781 0.0442123413085938 0.0857162475585938
0.0165786743164063 0.120155334472656 0.0571441650390625 0.0780563354492188
0.0842437744140625 0.0756072998046875 0.0954360961914063 0.0435333251953125
0.09710693359375 0.0104141235351563 0.0831680297851563 -0.00933837890625
0.0780792236328125 -0.054351806640625 0.0519943237304688 -0.0515022277832031
0.0465469360351563 -0.083282470703125 0.0278701782226563 -0.0488166809082031
0.0435714721679687 -0.0767974853515625 0.0129146575927734 -0.0262622833251953
0.0451583862304688 -0.0857086181640625 0.00924205780029297 -0.00567436218261719
0.0659408569335938 -0.073760986328125 0.0046677589416504 0.00576210021972656
0.0920333862304688 -0.0304412841796875 -0.0138282775878906 0.017791748046875
0.0978164672851563 0.0177154541015625 -0.0233001708984375 0.00317382812500001
0.0538482666015625 0.0905380249023438 -0.0279140472412109 -0.0241546630859375
0.00121307373046874 0.131172180175781 0.00551223754882812 -0.014430046081543
-0.0532150268554688 0.129203796386719 -0.00724411010742187 0.0352592468261719
-0.107086181640625 0.0850753784179688 0.0468292236328125 0.0986480712890625
-0.0686569213867188 0.1185302734375 0.0199813842773437 0.12091064453125
-0.011688232421875 0.126457214355469 0.0425338745117188 0.0942840576171875
0.070037841796875 0.0959854125976563 0.0729217529296875 0.0564193725585938
0.0997238159179687 0.0279693603515625 0.0574836730957031 0.00894927978515625
0.0913314819335938 -0.0478973388671875 0.0332202911376953 -0.0213356018066406
0.0565643310546875 -0.0822982788085938 0.0169944763183594 -0.0109949111938477
0.0498199462890625 -0.0770950317382813 0.00685405731201172 0.00899505615234374
0.0527191162109375 -0.0868988037109375 0.00150489807128906 0.0260601043701172
0.0729522705078125 -0.0742568969726563 -0.0081634521484375 0.0300045013427734
0.095977783203125 -0.02557373046875 -0.0272598266601562 0.0309867858886719
0.0969009399414062 0.0256576538085937 -0.0314083099365234 0.0092926025390625
0.0406341552734375 0.0952835083007813 -0.0257759094238281 -0.0160160064697266
-0.0207061767578125 0.123512268066406 0.00695419311523437 0.0119009017944336
-0.0718231201171875 0.108261108398437 -0.029693603515625 0.0681304931640625
-0.100875854492188 0.0358352661132813 0.00953674316406249 0.122894287109375
-0.08209228515625 0.0753097534179687 -0.00484466552734375 0.138740539550781
-0.0371932983398438 0.0993576049804688 0.0284500122070313 0.096923828125
0.0410537719726563 0.0919876098632812 0.0477867126464844 0.0581741333007813
0.0810775756835938 0.0380935668945313 0.0301799774169922 0.0198841094970703
0.085174560546875 -0.0328750610351563 0.0100793838500977 0.00591659545898437
0.0573043823242188 -0.0680046081542969 0.00394630432128907 0.0241508483886719
0.0485458374023438 -0.0655708312988281 4.1961669921878E-05 0.0428390502929687
0.0524444580078125 -0.0763320922851563 -0.00755691528320312 0.0558433532714844
0.0697135925292969 -0.0648155212402344 -0.0229530334472656 0.0536766052246094
0.0899581909179688 -0.0184783935546875 -0.0423049926757812 0.0434761047363281
0.0868453979492188 0.031585693359375 -0.041595458984375 0.0131912231445313
0.0243148803710937 0.0928115844726563 -0.02728271484375 -0.0115089416503906
-0.0421829223632812 0.104995727539063 0.000951766967773433 0.0325927734375
-0.0854263305664063 0.0741119384765625 -0.05828857421875 0.0908355712890625
-0.0777816772460938 -0.018768310546875 -0.0169448852539063 0.126205444335938
-0.0773696899414063 0.0205612182617187 -0.0191574096679688 0.139556884765625
-0.0513153076171875 0.052032470703125 0.0195388793945312 0.089263916015625
0.00591278076171874 0.0693206787109375 0.0272674560546875 0.0517845153808594
0.0477561950683594 0.0392875671386719 0.00785255432128907 0.0228271484375
0.0653266906738281 -0.0125885009765625 -0.00962066650390625 0.0263233184814453
0.0480880737304688 -0.0442352294921875 -0.00878524780273437 0.0516204833984375
0.0405540466308594 -0.0439567565917969 -0.00723648071289062 0.068756103515625
0.0442085266113281 -0.0545654296875 -0.0152130126953125 0.0816421508789063
0.0582160949707031 -0.0460777282714844 -0.0388259887695312 0.0742568969726563
0.073699951171875 -0.00966644287109375 -0.0576248168945312 0.0537033081054688
0.0680732727050781 0.0332756042480469 -0.0547027587890625 0.0167007446289063
0.00629425048828124 0.0802688598632812 -0.0327396392822266 -0.00722885131835938
-0.0569305419921875 0.0749053955078125 -0.0126457214355469 0.0457572937011719
-0.0898208618164063 0.0308685302734375 -0.08990478515625 0.101112365722656
0.0580215454101563 0.0275611877441406 0.0977630615234375 -0.10089111328125
0.0556564331054688 -0.0396804809570313 0.0326271057128906 -0.0418624877929688
-0.000469207763671878 -0.0552787780761719 0.0398063659667969 0.00893783569335937
-0.0371665954589844 -0.0321273803710938 0.0805511474609375 -0.0110931396484375
-0.0453643798828125 -0.00222015380859376 0.0820388793945313 -0.0635528564453125
-0.0401115417480469 0.0293693542480469 0.0531234741210938 -0.102714538574219
-0.0275096893310547 0.0253868103027344 0.0191116333007813 -0.109451293945313
-0.0276546478271484 0.0174617767333984 0.00971221923828124 -0.0896530151367188
-0.0384635925292969 0.0166015625 0.0140533447265625 -0.0684471130371094
-0.0373420715332031 -0.0123100280761719 0.0175247192382813 -0.0493049621582031
-0.0153312683105469 -0.0409812927246094 0.00270462036132812 -0.0287017822265625
0.0207939147949219 -0.0399284362792969 -0.009521484375 -0.0444984436035156
0.0601806640625 -0.0065155029296875 -0.00511932373046875 -0.0924758911132813
0.0684776306152344 0.0352821350097656 0.0218963623046875 -0.133064270019531
0.0446701049804688 0.0641098022460938 0.037445068359375 -0.117835998535156
0.027069091796875 0.07611083984375 0.116806030273437 -0.08074951171875
0.0532035827636719 0.0149574279785156 0.0482025146484375 -0.0288963317871094
0.0205097198486328 -0.0147533416748047 0.0512123107910156 0.0179100036621094
0.00123691558837891 -0.0170249938964844 0.0969619750976562 -0.005767822265625
-0.00852680206298828 -0.0104770660400391 0.09521484375 -0.062713623046875
-0.0141458511352539 -7.15255737304682E-05 0.06256103515625 -0.108840942382813
-0.0110988616943359 -0.0105705261230469 0.0252532958984375 -0.117431640625
-0.00899219512939453 -0.0157957077026367 0.012969970703125 -0.0943984985351563
-0.0141258239746094 -0.0177650451660156 0.018157958984375 -0.0702972412109375
-0.00193023681640625 -0.0331802368164063 0.0239410400390625 -0.0480461120605469
0.0246620178222656 -0.0376129150390625 0.00580596923828125 -0.0228538513183594
0.0510482788085938 -0.0160140991210938 -0.00943946838378906 -0.0316333770751953
0.0611305236816406 0.0366973876953125 -0.0157089233398438 -0.075714111328125
0.0490341186523438 0.083709716796875 0.012176513671875 -0.110870361328125
0.0151214599609375 0.105918884277344 0.0365371704101563 -0.088958740234375
-0.01361083984375 0.116180419921875 0.124420166015625 -0.0441436767578125
0.0357666015625 0.0725250244140625 0.0586624145507812 -0.000267028808593746
0.0359992980957031 0.0367851257324219 0.0618743896484375 0.0347518920898438
0.0431938171386719 0.00797653198242188 0.108642578125 0.00637054443359375
0.0343284606933594 -0.0129528045654297 0.103645324707031 -0.0529403686523438
0.0187511444091797 -0.0288829803466797 0.0671463012695313 -0.102439880371094
0.00813674926757813 -0.0453376770019531 0.0294876098632813 -0.109397888183594
0.0109443664550781 -0.0465011596679687 0.0143051147460937 -0.084625244140625
0.00928497314453125 -0.0508995056152344 0.0173454284667969 -0.0593147277832031
0.0282821655273438 -0.0536956787109375 0.0218086242675781 -0.0385665893554688
0.0579071044921875 -0.0360107421875 0.00230026245117188 -0.012721061706543
0.0768051147460938 -0.0016021728515625 -0.0131607055664062 -0.0192928314208984
0.0653877258300781 0.0666122436523438 -0.0252761840820312 -0.0569076538085937
0.0359878540039063 0.117851257324219 0.00376892089843751 -0.081390380859375
-0.00948333740234377 0.133522033691406 0.0262031555175781 -0.0506477355957031
-0.0576858520507812 0.135818481445313 0.114356994628906 0.00430297851562501
0.0046234130859375 0.120506286621094 0.0593299865722656 0.0406532287597656
0.0376358032226563 0.0913009643554687 0.0651741027832031 0.0579910278320313
0.077850341796875 0.0431747436523438 0.111358642578125 0.0246734619140625
0.0763168334960938 -0.0073089599609375 0.100791931152344 -0.0343475341796875
0.0525283813476563 -0.0509033203125 0.0643692016601563 -0.08270263671875
0.02789306640625 -0.073974609375 0.03045654296875 -0.086395263671875
0.0287704467773438 -0.0706558227539063 0.0137596130371094 -0.0612640380859375
0.0298690795898437 -0.077117919921875 0.013397216796875 -0.0366668701171875
0.0517578125 -0.0709991455078125 0.0142726898193359 -0.0200538635253906
0.0825881958007812 -0.0375137329101562 -0.00574731826782226 8.4400177001952E-05
0.0958938598632813 0.0077056884765625 -0.0186634063720703 -0.00836181640625
0.0662078857421875 0.0847549438476563 -0.0292930603027344 -0.0399284362792969
0.0229644775390625 0.135566711425781 0.00278472900390625 -0.0490303039550781
-0.0312957763671875 0.144607543945313 0.0124959945678711 -0.00846195220947265
-0.093109130859375 0.128097534179688 0.0877609252929688 0.0570755004882813
-0.034820556640625 0.141510009765625 0.045074462890625 0.0871353149414063
0.021331787109375 0.129928588867188 0.0585098266601562 0.0818939208984375
0.0910873413085938 0.0779800415039063 0.0993423461914063 0.0443801879882813
0.103317260742188 0.00757598876953125 0.0858688354492188 -0.0105514526367187
0.0807647705078125 -0.05963134765625 0.0526695251464844 -0.0534744262695313
0.04608154296875 -0.0892868041992187 0.0260429382324219 -0.0518760681152344
0.0422744750976563 -0.0834197998046875 0.0108642578125 -0.02850341796875
0.0446243286132813 -0.0932235717773438 0.00682497024536133 -0.00613546371459961
0.0666656494140625 -0.0806427001953125 0.00256490707397461 0.00390481948852539
0.0968399047851562 -0.0365447998046875 -0.0168495178222656 0.0154953002929687
0.104156494140625 0.0146560668945312 -0.0252246856689453 0.00145149230957031
0.0601730346679688 0.0957489013671875 -0.0286426544189453 -0.0271739959716797
0.00572967529296874 0.13983154296875 0.0064544677734375 -0.0175895690917969
-0.052459716796875 0.138076782226563 -0.0056610107421875 0.0334625244140625
-0.110435485839844 0.0949935913085937 0.049468994140625 0.100990295410156
-0.0690765380859375 0.127403259277344 0.0211715698242187 0.124214172363281
-0.00778961181640626 0.136253356933594 0.0433273315429688 0.0975418090820313
0.0782470703125 0.0981292724609375 0.0759963989257813 0.057830810546875
0.10693359375 0.0250396728515625 0.0597152709960938 0.00981521606445313
0.09429931640625 -0.0542373657226563 0.0330924987792969 -0.0206661224365234
0.0559844970703125 -0.0890350341796875 0.0169239044189453 -0.0118808746337891
0.0487213134765625 -0.0836715698242188 0.00688028335571289 0.00860261917114257
0.05145263671875 -0.0945053100585938 -0.000106811523437498 0.0272235870361328
0.0725784301757813 -0.08160400390625 -0.0111179351806641 0.0304775238037109
0.100852966308594 -0.0321044921875 -0.0298652648925781 0.0312461853027344
0.103523254394531 0.023193359375 -0.0334434509277344 0.00801086425781251
0.0474472045898438 0.100189208984375 -0.0273075103759766 -0.01885986328125
-0.0164871215820312 0.132080078125 0.00844860076904297 0.00971698760986329
-0.0716629028320313 0.116706848144531 -0.0288619995117188 0.0695724487304688
-0.105720520019531 0.04315185546875 0.01202392578125 0.127700805664063
-0.0838699340820313 0.0835647583007812 -0.0037689208984375 0.14385986328125
-0.035400390625 0.109092712402344 0.028533935546875 0.100929260253906
0.0471420288085938 0.0953521728515625 0.04827880859375 0.0611076354980469
0.0869674682617188 0.0360260009765625 0.0309391021728516 0.0223522186279297
0.0887985229492188 -0.03851318359375 0.0104742050170898 0.0084228515625
0.0564422607421875 -0.0747146606445312 0.00439834594726563 0.0252799987792969
0.0479507446289063 -0.0718612670898438 0.000587463378906258 0.0436477661132812
0.0505294799804688 -0.0836334228515625 -0.00784301757812499 0.0594062805175781
0.0701904296875 -0.0719985961914063 -0.0255470275878906 0.0564193725585938
0.094635009765625 -0.0238723754882813 -0.0449028015136719 0.0462837219238281
0.0927734375 0.02880859375 -0.0452079772949219 0.0131492614746094
0.030242919921875 0.0981369018554688 -0.0293922424316406 -0.0131988525390625
-0.0392913818359375 0.113494873046875 0.00351333618164062 0.0315647125244141
-0.0872039794921875 0.0817108154296875 -0.0579299926757813 0.0952301025390625
-0.083099365234375 -0.0152053833007812 -0.016448974609375 0.133216857910156
-0.0797653198242188 0.0251846313476563 -0.0189666748046875 0.14453125
-0.0505256652832031 0.0590324401855469 0.0195236206054688 0.0934600830078125
0.0101165771484375 0.0717849731445313 0.0275077819824219 0.0543937683105469
0.0527305603027344 0.0372695922851563 0.00752639770507813 0.0261154174804688
0.0667800903320312 -0.0167350769042969 -0.00875473022460937 0.0297927856445313
0.0472335815429688 -0.0489883422851563 -0.00613021850585937 0.0545120239257813
0.0399169921875 -0.0494651794433594 -0.00439453125 0.07208251953125
0.0430717468261719 -0.0602989196777344 -0.0148773193359375 0.0865554809570313
0.0584526062011719 -0.0528182983398438 -0.0400772094726562 0.0786590576171875
0.0769882202148438 -0.0131988525390625 -0.0607643127441406 0.0576515197753906
0.0729141235351562 0.0304107666015625 -0.0580978393554688 0.0163383483886719
0.0103759765625 0.0843429565429688 -0.0353507995605469 -0.00990676879882812
-0.05560302734375 0.0818557739257813 -0.0103187561035156 0.0462799072265625
-0.0907974243164063 0.0362701416015625 -0.0901947021484375 0.107139587402344
0.0618743896484375 0.0245628356933594 0.0970687866210938 -0.111213684082031
0.0548934936523438 -0.0439987182617188 0.0302085876464844 -0.0444221496582031
-0.00430679321289063 -0.0573463439941406 0.0416450500488281 0.00977325439453125
-0.0410690307617187 -0.0300140380859375 0.0848770141601563 -0.0141525268554688
-0.0475730895996094 0.00210952758789063 0.0830001831054688 -0.0713882446289063
-0.0387992858886719 0.034271240234375 0.0503616333007812 -0.112220764160156
-0.0259189605712891 0.0293674468994141 0.0136642456054687 -0.116523742675781
-0.0265178680419922 0.0203933715820312 0.00390625 -0.094879150390625
-0.0367774963378906 0.0206222534179688 0.00939941406249999 -0.074066162109375
-0.0388069152832031 -0.00886917114257812 0.0135345458984375 -0.0543708801269531
-0.0192718505859375 -0.0400772094726563 0.00177574157714844 -0.0337276458740234
0.0178947448730469 -0.04254150390625 -0.0103721618652344 -0.0481414794921875
0.0616226196289063 -0.0114402770996094 -0.00725555419921874 -0.0970993041992188
0.0730743408203125 0.0311508178710938 0.018524169921875 -0.140716552734375
0.0504188537597656 0.0627174377441406 0.034820556640625 -0.127525329589844
0.0318145751953125 0.07867431640625 0.118324279785156 -0.0919189453125
0.0552291870117188 0.0129508972167969 0.0466957092285156 -0.031890869140625
0.0208568572998047 -0.0151348114013672 0.0537338256835938 0.0182685852050781
0.00121593475341797 -0.0169925689697266 0.101760864257813 -0.0088043212890625
-0.00894832611083985 -0.00860500335693359 0.097076416015625 -0.0709457397460937
-0.0125913619995117 0.00135993957519531 0.0595169067382812 -0.118431091308594
-0.0116729736328125 -0.0105419158935547 0.0186691284179688 -0.124565124511719
-0.00929737091064453 -0.0159006118774414 0.006134033203125 -0.100303649902344
-0.0138607025146484 -0.0180549621582031 0.012603759765625 -0.0758743286132813
-0.00343894958496094 -0.0334949493408203 0.019805908203125 -0.0547447204589844
0.0227928161621094 -0.0388450622558594 0.00500297546386719 -0.0279541015625
0.0521926879882813 -0.0191612243652344 -0.00992584228515624 -0.0362014770507813
0.0655555725097656 0.0350112915039063 -0.0175247192382813 -0.0789871215820313
0.0555953979492187 0.08441162109375 0.00899505615234376 -0.117813110351563
0.0215225219726563 0.109207153320313 0.035369873046875 -0.0980606079101563
-0.0082550048828125 0.123176574707031 0.127342224121094 -0.0539169311523437
0.0407638549804687 0.07501220703125 0.0589179992675781 -0.00286102294921875
0.040557861328125 0.0387153625488281 0.0650749206542969 0.0349197387695313
0.0466880798339844 0.00743865966796875 0.11395263671875 0.00249481201171875
0.0362014770507812 -0.0152931213378906 0.105941772460938 -0.0605010986328125
0.0194454193115234 -0.0306777954101563 0.0650405883789063 -0.110885620117188
0.00645065307617187 -0.0486602783203125 0.023529052734375 -0.117111206054687
0.00856781005859376 -0.0498390197753906 0.0074615478515625 -0.0898361206054687
0.00766754150390625 -0.0546150207519531 0.0118942260742188 -0.0640373229980469
0.0271339416503906 -0.057098388671875 0.0176734924316406 -0.0445823669433594
0.0586509704589844 -0.0410423278808594 0.000816345214843754 -0.0176544189453125
0.0806045532226563 -0.005035400390625 -0.0141162872314453 -0.0234165191650391
0.0716781616210938 0.0669479370117188 -0.0271339416503906 -0.0597496032714844
0.0441131591796875 0.121368408203125 0.00189971923828125 -0.0871124267578125
-0.00299835205078127 0.140434265136719 0.0267333984375 -0.0577621459960937
-0.053192138671875 0.146575927734375 0.119293212890625 -0.00244140624999999
0.0111618041992187 0.127670288085938 0.0608978271484375 0.0397300720214844
0.046142578125 0.095947265625 0.0691757202148438 0.05877685546875
0.0853195190429688 0.0417404174804688 0.116569519042969 0.0215301513671875
0.0802459716796875 -0.0119400024414063 0.103904724121094 -0.040283203125
0.0541267395019531 -0.056427001953125 0.0629959106445313 -0.0894241333007813
0.0249786376953125 -0.079498291015625 0.0258712768554687 -0.0919952392578125
0.0249786376953125 -0.0765457153320313 0.00796890258789063 -0.06585693359375
0.0264816284179687 -0.0841140747070312 0.00895309448242188 -0.0394706726074219
0.0500717163085938 -0.0782318115234375 0.0105075836181641 -0.0247173309326172
0.0848388671875 -0.0445175170898438 -0.00778388977050781 -0.00268936157226563
0.101806640625 0.00257110595703125 -0.0200157165527344 -0.0109539031982422
0.0751266479492188 0.0866775512695313 -0.0314064025878906 -0.0425949096679688
0.032470703125 0.142135620117188 0.00191116333007813 -0.0538711547851562
-0.02484130859375 0.154251098632813 0.0139884948730469 -0.0129461288452148
-0.0904693603515625 0.14208984375 0.0938873291015625 0.0537490844726563
-0.029327392578125 0.151779174804687 0.0483779907226562 0.087493896484375
0.03070068359375 0.137702941894531 0.0629119873046875 0.0836410522460938
0.101997375488281 0.076446533203125 0.105125427246094 0.0428237915039063
0.109794616699219 0.00201416015625 0.0891265869140625 -0.01483154296875
0.0821685791015625 -0.06793212890625 0.0526924133300781 -0.0573081970214844
0.0417327880859375 -0.0972747802734375 0.0228462219238281 -0.0557022094726563
0.0378036499023438 -0.091644287109375 0.00754737854003906 -0.0304756164550781
0.0405044555664063 -0.102241516113281 0.0043325424194336 -0.00604534149169923
0.064483642578125 -0.0900955200195313 -0.000124692916870113 0.0018324851989746
0.100379943847656 -0.0453948974609375 -0.0184326171875 0.0147075653076172
0.111763000488281 0.00955963134765625 -0.0269737243652344 -0.000577926635742185
0.0705032348632813 0.0982208251953125 -0.0308990478515625 -0.029083251953125
0.0155792236328125 0.148330688476563 0.00647735595703125 -0.0210094451904297
-0.0465850830078125 0.149398803710938 -0.00302314758300781 0.0329132080078125
-0.110549926757813 0.108291625976562 0.0563430786132813 0.102035522460938
-0.0648422241210938 0.139556884765625 0.0254440307617188 0.127944946289063
0.00106811523437499 0.146331787109375 0.048553466796875 0.0998077392578125
0.0896148681640625 0.0992279052734375 0.0803070068359375 0.0577926635742188
0.115066528320312 0.0187835693359375 0.0627670288085938 0.00807571411132813
0.0962677001953125 -0.063140869140625 0.0336952209472656 -0.0215206146240234
0.0520477294921875 -0.0981674194335938 0.0163850784301758 -0.013676643371582
0.0449981689453125 -0.0922470092773438 0.0056757926940918 0.00813579559326171
0.0467758178710938 -0.105018615722656 -0.000543594360351557 0.0293312072753906
0.0708541870117187 -0.09149169921875 -0.0127182006835937 0.0317096710205078
0.104515075683594 -0.0414047241210938 -0.0315532684326172 0.0331821441650391
0.111824035644531 0.0169143676757813 -0.0364990234375 0.00776290893554688
0.0574188232421875 0.104133605957031 -0.0298385620117187 -0.0199985504150391
-0.00828552246093749 0.141586303710938 0.0101242065429688 0.00732517242431641
-0.0685501098632812 0.127700805664063 -0.025970458984375 0.0720672607421875
-0.10882568359375 0.05426025390625 0.017822265625 0.132408142089844
-0.08294677734375 0.0947036743164063 0.0011138916015625 0.149948120117187
-0.0289077758789063 0.118919372558594 0.0324249267578125 0.103858947753906
0.0573196411132812 0.0975875854492187 0.0521049499511719 0.0618972778320313
0.0948562622070313 0.0311965942382813 0.0329837799072266 0.0236320495605469
0.091064453125 -0.0466384887695313 0.0121984481811523 0.010706901550293
0.0534820556640625 -0.0829544067382812 0.00629425048828125 0.0258693695068359
0.0446243286132813 -0.079833984375 0.0030975341796875 0.0449562072753906
0.0464935302734375 -0.0921173095703125 -0.00603866577148437 0.0634918212890625
0.0679168701171875 -0.0812301635742188 -0.02557373046875 0.0599822998046875
0.0976715087890625 -0.0325088500976562 -0.0470542907714844 0.0501480102539062
0.100135803222656 0.0236053466796875 -0.0478286743164062 0.0141372680664062
0.0386276245117188 0.101997375488281 -0.0315971374511719 -0.0144119262695312
-0.0317306518554688 0.122955322265625 0.00597572326660156 0.0306205749511719
-0.085357666015625 0.0920257568359375 -0.05523681640625 0.101959228515625
-0.0883636474609375 -0.00848388671875001 -0.0123291015625 0.141387939453125
-0.0817794799804688 0.03350830078125 -0.01483154296875 0.151931762695312
-0.0483169555664063 0.0672760009765625 0.022613525390625 0.0963821411132813
0.0175628662109375 0.075042724609375 0.0293693542480469 0.0571708679199219
0.0587921142578125 0.0344772338867188 0.00924301147460938 0.0303840637207031
0.0689926147460938 -0.0229873657226563 -0.006317138671875 0.0344161987304687
0.0444145202636719 -0.0543975830078125 -0.00268936157226562 0.0573348999023437
0.0372276306152344 -0.0549659729003906 -9.15527343749931E-05 0.0757827758789063
0.0399665832519531 -0.0666351318359375 -0.0114212036132813 0.0920944213867188
0.0564422607421875 -0.0594902038574219 -0.03955078125 0.0852813720703125
0.0797348022460938 -0.0205230712890625 -0.0622901916503906 0.0638198852539063
0.0786056518554688 0.0264434814453125 -0.0615501403808594 0.0197601318359375
0.0168228149414063 0.0878448486328125 -0.0374221801757813 -0.0101776123046875
-0.05126953125 0.09002685546875 -0.00658035278320313 0.0472946166992188
-0.0919570922851563 0.0440826416015625 -0.0883712768554687 0.116775512695313
0.0646514892578125 0.019744873046875 0.0923080444335937 -0.121467590332031
0.0512237548828125 -0.0490341186523437 0.0262489318847656 -0.0457344055175781
-0.00909042358398438 -0.0579833984375 0.04339599609375 0.009124755859375
-0.0442123413085938 -0.0264396667480469 0.087005615234375 -0.01910400390625
-0.0481147766113281 0.00763702392578126 0.0799407958984375 -0.0787811279296875
-0.0350189208984375 0.0394363403320313 0.0425338745117187 -0.119773864746094
-0.0233325958251953 0.0322399139404297 0.00424194335937499 -0.120819091796875
-0.024932861328125 0.0231552124023437 -0.00461578369140625 -0.0975799560546875
-0.033843994140625 0.0246944427490234 0.00189208984374999 -0.0774002075195313
-0.0394973754882813 -0.00423049926757812 0.00796127319335938 -0.0582466125488281
-0.0241127014160156 -0.0372505187988281 -0.000476837158203123 -0.0376701354980469
0.0138931274414063 -0.0442657470703125 -0.0122489929199219 -0.0515365600585938
0.0608901977539063 -0.0175857543945313 -0.0114212036132812 -0.0994720458984375
0.0760421752929688 0.0250701904296875 0.010894775390625 -0.145980834960938
0.056304931640625 0.0589332580566406 0.028350830078125 -0.135032653808594
0.0380859375 0.07781982421875 0.114830017089844 -0.103591918945313
0.0568923950195313 0.0105018615722656 0.0434455871582031 -0.0351486206054688
0.0200595855712891 -0.0156078338623047 0.0558700561523438 0.0168571472167969
0.000308036804199218 -0.0160198211669922 0.103607177734375 -0.0155029296875
-0.00918388366699219 -0.00735569000244141 0.0942840576171875 -0.079010009765625
-0.0107898712158203 0.00304031372070313 0.05194091796875 -0.126510620117188
-0.0116729736328125 -0.00943279266357422 0.00856781005859376 -0.129096984863281
-0.0104856491088867 -0.0153770446777344 -0.00325012207031251 -0.102684020996094
-0.0147056579589844 -0.0172080993652344 0.00473785400390624 -0.0794143676757813
-0.00498580932617187 -0.0332298278808594 0.0132026672363281 -0.059844970703125
0.0204124450683594 -0.0397987365722656 0.00216865539550782 -0.0321006774902344
0.0511970520019531 -0.0226364135742188 -0.0112113952636719 -0.039764404296875
0.0688438415527344 0.0310134887695313 -0.0203857421875 -0.08074951171875
0.0624618530273438 0.0815505981445313 0.00306701660156251 -0.12200927734375
0.029266357421875 0.1094970703125 0.0308990478515625 -0.105422973632813
7.75936566810214E-18 0.126724243164063 0.125816345214844 -0.065216064453125
0.0466842651367187 0.0747528076171875 0.0572128295898438 -0.00671768188476562
0.0452156066894531 0.03863525390625 0.0673675537109375 0.0336647033691406
0.049285888671875 0.00476837158203125 0.11712646484375 -0.0037994384765625
0.0362396240234375 -0.0173873901367188 0.1036376953125 -0.0688400268554688
0.0191650390625 -0.0328884124755859 0.0577621459960938 -0.118476867675781
0.00296783447265625 -0.0507545471191406 0.0135269165039062 -0.121711730957031
0.00441741943359375 -0.0517654418945312 -0.00128173828124999 -0.0921249389648437
0.00453948974609375 -0.0570831298828125 0.00445938110351563 -0.0669097900390625
0.0237884521484375 -0.0609397888183594 0.011383056640625 -0.0489006042480469
0.0570106506347656 -0.0461845397949219 -0.00237083435058594 -0.0210800170898438
0.0821685791015625 -0.0107498168945313 -0.0157890319824219 -0.0263805389404297
0.0789031982421875 0.0641403198242188 -0.0300407409667969 -0.0609054565429688
0.0532913208007813 0.121788024902344 -0.00313568115234374 -0.0904312133789062
0.006927490234375 0.144439697265625 0.0248031616210938 -0.0651054382324219
-0.04351806640625 0.15582275390625 0.1209716796875 -0.0121612548828125
0.02044677734375 0.131561279296875 0.061492919921875 0.0361099243164063
0.055633544921875 0.0973281860351563 0.0728073120117188 0.0570526123046875
0.0915451049804688 0.0364608764648438 0.120391845703125 0.01580810546875
0.08148193359375 -0.0187149047851563 0.102790832519531 -0.0478057861328125
0.0521049499511719 -0.0617485046386719 0.0579452514648437 -0.0953903198242188
0.0198974609375 -0.0847702026367188 0.0178680419921875 -0.0968551635742188
0.0192184448242188 -0.0811843872070312 0.000843048095703123 -0.0672073364257813
0.0204544067382813 -0.0895156860351563 0.00329208374023437 -0.0409088134765625
0.0454788208007813 -0.0845794677734375 0.00525283813476563 -0.0276985168457031
0.08380126953125 -0.0526885986328125 -0.0105562210083008 -0.00453758239746094
0.10504150390625 -0.0052947998046875 -0.0219688415527344 -0.0137195587158203
0.084930419921875 0.0846633911132813 -0.0340576171875 -0.0433349609375
0.04437255859375 0.144500732421875 -0.000785827636718753 -0.0568885803222656
-0.0147247314453125 0.160293579101563 0.0142269134521484 -0.0173311233520508
-0.0816497802734375 0.154708862304687 0.0990753173828125 0.047607421875
-0.0179443359375 0.15924072265625 0.0522003173828125 0.085357666015625
0.0439453125 0.141448974609375 0.0684127807617188 0.082305908203125
0.111602783203125 0.071533203125 0.109367370605469 0.0381393432617188
0.113151550292969 -0.00801849365234375 0.090057373046875 -0.0204010009765625
0.079376220703125 -0.076202392578125 0.0491294860839844 -0.0607986450195313
0.034576416015625 -0.104019165039063 0.0181465148925781 -0.0591659545898438
0.0301742553710938 -0.0979232788085937 0.0030670166015625 -0.0320224761962891
0.0317459106445313 -0.108749389648438 0.00120115280151367 -0.00641822814941407
0.0582199096679688 -0.098785400390625 -0.00357699394226074 0.000872850418090813
0.0996932983398438 -0.0559921264648438 -0.0204067230224609 0.014923095703125
0.116920471191406 0.00016021728515625 -0.029022216796875 -0.00136947631835938
0.0812454223632813 0.0971908569335938 -0.0333080291748047 -0.0297298431396484
0.0282440185546875 0.152191162109375 0.00600814819335937 -0.0247745513916016
-0.0372161865234375 0.157928466796875 -0.000215530395507812 0.0304889678955078
-0.105278015136719 0.122611999511719 0.0638427734375 0.100326538085938
-0.055267333984375 0.150131225585938 0.032135009765625 0.127876281738281
0.01422119140625 0.152999877929687 0.0534591674804688 0.0996246337890625
0.100730895996094 0.0952911376953125 0.0844955444335938 0.0547409057617188
0.119819641113281 0.00913238525390625 0.0646553039550781 0.00622177124023438
0.0935287475585937 -0.0732421875 0.0333023071289063 -0.0225105285644531
0.0441436767578125 -0.105148315429688 0.0143308639526367 -0.0149431228637695
0.037078857421875 -0.099395751953125 0.00490951538085938 0.00794410705566406
0.0384597778320313 -0.112167358398438 -0.000192642211914057 0.0309810638427734
0.0638275146484375 -0.101028442382813 -0.0132293701171875 0.0330066680908203
0.104278564453125 -0.0522918701171875 -0.0327606201171875 0.0352249145507812
0.116973876953125 0.00667572021484375 -0.0385971069335937 0.00876235961914062
0.0690536499023438 0.103614807128906 -0.0317726135253906 -0.0198574066162109
0.00436401367187501 0.147811889648438 0.0113077163696289 0.00437641143798829
-0.059661865234375 0.138145446777344 -0.0202865600585938 0.0733795166015625
-0.107734680175781 0.0666885375976562 0.0261459350585938 0.135276794433594
-0.0776596069335938 0.1055908203125 0.00946044921874999 0.152572631835938
-0.0185012817382813 0.127487182617188 0.0375289916992187 0.104255676269531
0.068572998046875 0.0962066650390625 0.0559310913085938 0.0613327026367188
0.100448608398438 0.02294921875 0.0360183715820313 0.0238761901855469
0.0887451171875 -0.0563430786132813 0.0142707824707031 0.0118293762207031
0.045989990234375 -0.0894393920898437 0.00867080688476563 0.0263786315917969
0.0370101928710938 -0.0862655639648438 0.00566482543945313 0.0458106994628906
0.0392303466796875 -0.09942626953125 -0.00188446044921875 0.0667076110839844
0.061737060546875 -0.0898284912109375 -0.0235176086425781 0.0638351440429688
0.0974044799804688 -0.042938232421875 -0.0460319519042969 0.0547904968261719
0.105361938476563 0.01495361328125 -0.0498886108398437 0.0173530578613281
0.0490570068359375 0.102592468261719 -0.0338478088378906 -0.0137729644775391
-0.0215606689453125 0.129791259765625 0.00932121276855468 0.0291805267333984
-0.079559326171875 0.102310180664063 -0.0486831665039063 0.10626220703125
-0.0908355712890625 -6.86645507812426E-05 -0.00347900390625 0.14678955078125
-0.0806045532226563 0.0429534912109375 -0.00650024414062501 0.155975341796875
-0.0424041748046875 0.0757675170898437 0.0272979736328125 0.0978240966796875
0.0257568359375 0.07568359375 0.0326156616210937 0.0588455200195313
0.0634727478027344 0.0289497375488281 0.0116996765136719 0.0328998565673828
0.0677680969238281 -0.0317268371582031 -0.00204849243164062 0.0379676818847656
0.039764404296875 -0.0605087280273438 0.00184249877929687 0.0594329833984375
0.0317268371582031 -0.0605697631835937 0.00542449951171875 0.0768280029296875
0.0338897705078125 -0.0726089477539063 -0.00457000732421874 0.0964202880859375
0.0512161254882813 -0.0665550231933594 -0.0351409912109375 0.0909881591796875
0.0798263549804687 -0.029022216796875 -0.0606613159179687 0.0704498291015625
0.0824737548828125 0.0198593139648438 -0.06256103515625 0.0230178833007812
0.0255584716796875 0.0894317626953125 -0.0392189025878906 -0.00931549072265624
-0.0446243286132812 0.096832275390625 -0.00206756591796875 0.0467147827148438
-0.0890655517578125 0.0530929565429688 -0.0815887451171875 0.125373840332031
0.0644302368164063 0.0146026611328125 0.0839462280273438 -0.1270751953125
0.0461807250976562 -0.0514488220214844 0.0225715637207031 -0.0460853576660156
-0.0134925842285156 -0.0563735961914063 0.0435676574707031 0.00895309448242187
-0.045562744140625 -0.022216796875 0.08660888671875 -0.02264404296875
-0.0460548400878906 0.0130805969238281 0.0750808715820312 -0.0832290649414063
-0.0299758911132812 0.04193115234375 0.0333023071289062 -0.122451782226563
-0.0193634033203125 0.0343742370605469 -0.00471496582031249 -0.121284484863281
-0.0220146179199219 0.0254344940185547 -0.011932373046875 -0.0971527099609375
-0.0303230285644531 0.0272884368896484 -0.0047454833984375 -0.0778274536132813
-0.0383377075195313 -0.000450134277343756 0.00110244750976562 -0.0595436096191406
-0.02667236328125 -0.0337371826171875 -0.00347900390625 -0.0405807495117188
0.0102157592773437 -0.0445480346679688 -0.0141181945800781 -0.053253173828125
0.0580635070800781 -0.0217514038085938 -0.0147705078125 -0.0981521606445313
0.076629638671875 0.0190353393554688 0.00387573242187502 -0.146209716796875
0.0590286254882812 0.0535125732421875 0.0206680297851563 -0.138435363769531
0.0422897338867188 0.0745315551757812 0.107780456542969 -0.110443115234375
0.0561294555664062 0.0063934326171875 0.0400009155273438 -0.036102294921875
0.0192337036132813 -0.0163974761962891 0.055511474609375 0.0161018371582031
-0.000334739685058594 -0.0153379440307617 0.1033935546875 -0.0202255249023437
-0.00933647155761719 -0.0052947998046875 0.0884933471679688 -0.0844573974609375
-0.00820541381835938 0.00376319885253906 0.0422897338867187 -0.129539489746094
-0.0109786987304687 -0.00884437561035156 -0.001129150390625 -0.129402160644531
-0.0108613967895508 -0.0147209167480469 -0.0121688842773438 -0.101310729980469
-0.0146284103393555 -0.0160427093505859 -0.00259399414062501 -0.0799026489257813
-0.00688743591308594 -0.0319232940673828 0.00603103637695313 -0.0616645812988281
0.0179443359375 -0.0395431518554687 -0.00110626220703125 -0.0354423522949219
0.0489158630371094 -0.0252571105957031 -0.0134010314941406 -0.0414161682128906
0.0699043273925781 0.0261192321777344 -0.0229949951171875 -0.0799331665039063
0.067138671875 0.0765762329101563 -0.00304412841796875 -0.122520446777344
0.0361099243164063 0.106391906738281 0.0244216918945313 -0.110382080078125
0.00827789306640624 0.127235412597656 0.120735168457031 -0.0738677978515625
0.050811767578125 0.0721054077148438 0.0545005798339844 -0.00898742675781249
0.0477714538574219 0.0367622375488281 0.0681076049804688 0.0313301086425781
0.0499992370605469 0.002471923828125 0.115898132324219 -0.00948333740234375
0.0360450744628906 -0.0195274353027344 0.0989303588867188 -0.0745468139648438
0.0187740325927734 -0.0341320037841797 0.0493011474609375 -0.121658325195313
0.000350952148437504 -0.0503997802734375 0.00368499755859374 -0.1214599609375
0.0009002685546875 -0.0522537231445313 -0.0102691650390625 -0.0906295776367188
0.000705718994140629 -0.0578117370605469 -0.002716064453125 -0.0666313171386719
0.020263671875 -0.0626411437988281 0.00443649291992187 -0.0512123107910156
0.0536918640136719 -0.0495643615722656 -0.00586891174316406 -0.0237674713134766
0.0815582275390625 -0.01593017578125 -0.0172786712646484 -0.0283870697021484
0.0824813842773438 0.0588150024414063 -0.0315933227539062 -0.0608901977539062
0.0616607666015625 0.118217468261719 -0.00738525390624999 -0.091583251953125
0.0153350830078125 0.142623901367188 0.0213279724121094 -0.0697021484375
-0.0324554443359375 0.159317016601563 0.118988037109375 -0.019927978515625
0.0292282104492187 0.13043212890625 0.0609397888183594 0.0321388244628906
0.0635910034179688 0.094696044921875 0.0739517211914063 0.0540618896484375
0.0942840576171875 0.0312042236328125 0.120231628417969 0.00983428955078125
0.08099365234375 -0.023590087890625 0.0992965698242188 -0.05291748046875
0.0487251281738281 -0.0661811828613281 0.051361083984375 -0.0983352661132813
0.0128860473632813 -0.0857009887695313 0.00978851318359376 -0.0969085693359375
0.0127182006835937 -0.08306884765625 -0.0060577392578125 -0.0665855407714844
0.013519287109375 -0.0912857055664063 -0.00172805786132813 -0.0405158996582031
0.0389328002929688 -0.087554931640625 -0.000345230102539063 -0.0292987823486328
0.0802459716796875 -0.0593719482421875 -0.0135126113891602 -0.00628852844238282
0.10504150390625 -0.0130233764648438 -0.0237331390380859 -0.01434326171875
0.091400146484375 0.0799713134765625 -0.0355262756347656 -0.0427932739257813
0.0544586181640625 0.14208984375 -0.003692626953125 -0.058868408203125
-0.0044403076171875 0.161270141601563 0.0145797729492188 -0.0213050842285156
-0.0713043212890625 0.160903930664063 0.100593566894531 0.04071044921875
-0.00718688964843751 0.161117553710938 0.0550765991210938 0.0810165405273438
0.0551834106445313 0.139762878417969 0.070068359375 0.0785751342773438
0.117225646972656 0.064483642578125 0.110153198242188 0.0328216552734375
0.113075256347656 -0.0160369873046875 0.087615966796875 -0.024139404296875
0.07415771484375 -0.0821456909179688 0.0460052490234375 -0.0630607604980469
0.0265426635742188 -0.105972290039063 0.012908935546875 -0.0596542358398438
0.0224838256835938 -0.100128173828125 -0.00116729736328125 -0.0319900512695313
0.0235366821289063 -0.111587524414062 -0.00150108337402344 -0.00546789169311524
0.05047607421875 -0.103622436523438 -0.00663423538208007 6.10351562499936E-05
0.0962066650390625 -0.0636672973632813 -0.0224094390869141 0.0149154663085937
0.117561340332031 -0.00908660888671875 -0.0302810668945312 -0.00161933898925782
0.08966064453125 0.0927276611328125 -0.0344886779785156 -0.0294780731201172
0.03961181640625 0.152297973632813 0.00472831726074219 -0.0268745422363281
-0.0256500244140625 0.160690307617188 0.00297355651855469 0.0273799896240235
-0.0967636108398437 0.131591796875 0.069091796875 0.0956268310546875
-0.044677734375 0.154083251953125 0.0372314453125 0.124824523925781
0.0261993408203125 0.15411376953125 0.0568313598632812 0.09613037109375
0.109100341796875 0.0882034301757813 0.0858917236328125 0.0514068603515625
0.120529174804688 -0.00054931640625 0.0645942687988281 0.00352859497070313
0.0884552001953125 -0.0803909301757813 0.0330581665039063 -0.0231304168701172
0.035858154296875 -0.107795715332031 0.0129919052124023 -0.0156936645507813
0.02862548828125 -0.101852416992188 0.00379753112792969 0.00684833526611328
0.0286483764648437 -0.115249633789062 0.000976562500000004 0.0316162109375
0.0554885864257813 -0.106826782226563 -0.0133113861083984 0.0335292816162109
0.0999984741210938 -0.061126708984375 -0.0323333740234375 0.0369834899902344
0.117431640625 -0.00225067138671875 -0.0390396118164062 0.00993347167968751
0.077362060546875 0.0992584228515625 -0.03326416015625 -0.0201320648193359
0.016082763671875 0.148590087890625 0.0117311477661133 0.00166988372802735
-0.0496063232421875 0.141830444335937 -0.0149917602539063 0.0718612670898438
-0.101951599121094 0.0760726928710938 0.0330581665039062 0.134162902832031
-0.0689544677734375 0.111701965332031 0.016082763671875 0.151473999023438
-0.00759124755859375 0.129997253417969 0.0408477783203125 0.102249145507813
0.0765609741210938 0.091064453125 0.0574531555175781 0.0593185424804687
0.101860046386719 0.0142745971679688 0.037628173828125 0.023651123046875
0.08428955078125 -0.0640335083007813 0.0162734985351563 0.012843132019043
0.0380706787109375 -0.0931243896484375 0.00988197326660156 0.0255584716796875
0.0296859741210938 -0.0892257690429688 0.00740814208984375 0.0450859069824219
0.0299835205078125 -0.102943420410156 0.00136184692382813 0.0673294067382813
0.0530014038085938 -0.0944366455078125 -0.0215644836425781 0.0651817321777344
0.0942459106445313 -0.0513076782226563 -0.043914794921875 0.0570030212402344
0.106941223144531 0.0066375732421875 -0.0496597290039063 0.0190925598144531
0.0574722290039062 0.0993118286132813 -0.0348052978515625 -0.0131359100341797
-0.011138916015625 0.132072448730469 0.0113887786865234 0.0258731842041016
-0.0714645385742187 0.107200622558594 -0.040985107421875 0.1080322265625
-0.09112548828125 0.0084686279296875 0.00437927246093749 0.147064208984375
-0.0768890380859375 0.0499725341796875 0.000640869140624984 0.155609130859375
-0.035003662109375 0.0803604125976563 0.0297164916992187 0.0961532592773438
0.0331344604492188 0.0728759765625 0.0337753295898438 0.0583686828613281
0.0654754638671875 0.0224800109863281 0.0146312713623047 0.0347976684570313
0.0643081665039063 -0.0371360778808594 0.00197982788085938 0.0393295288085938
0.0338058471679687 -0.0634613037109375 0.00690078735351562 0.0586433410644531
0.0257377624511719 -0.0626029968261719 0.0110549926757813 0.0760269165039063
0.0268707275390625 -0.0750961303710938 0.0024261474609375 0.0967636108398437
0.0445938110351563 -0.0712432861328125 -0.02960205078125 0.092864990234375
0.076507568359375 -0.0356063842773438 -0.0565185546875 0.0747528076171875
0.084075927734375 0.0131378173828125 -0.0624504089355469 0.0268402099609375
0.03216552734375 0.0876541137695312 -0.040283203125 -0.00831985473632812
-0.03533935546875 0.100273132324219 0.00185394287109375 0.0449867248535156
-0.0837020874023438 0.0587615966796875 -0.0723800659179688 0.128890991210938
0.0632820129394531 0.0115585327148438 0.0780715942382812 -0.12896728515625
0.0424270629882813 -0.0521736145019531 0.0197677612304688 -0.0449638366699219
-0.01678466796875 -0.0539398193359375 0.0434799194335938 0.00861358642578125
-0.0460968017578125 -0.0193634033203125 0.0855255126953125 -0.0244903564453125
-0.0445213317871094 0.0157623291015625 0.0708847045898438 -0.0836944580078125
-0.0254707336425781 0.0428924560546875 0.02716064453125 -0.121917724609375
-0.0158538818359375 0.0345211029052734 -0.01007080078125 -0.118812561035156
-0.0206661224365234 0.026275634765625 -0.0163803100585937 -0.0947189331054688
-0.0277233123779297 0.0279827117919922 -0.00964355468750001 -0.0759048461914063
-0.0371589660644531 0.00255966186523437 -0.00275802612304688 -0.0593070983886719
-0.0276603698730469 -0.0302467346191406 -0.00596237182617188 -0.0423660278320313
0.007415771484375 -0.0432090759277344 -0.0147476196289063 -0.0544967651367188
0.0556182861328125 -0.0246429443359375 -0.0150070190429688 -0.0970535278320313
0.074951171875 0.0151901245117188 0.000122070312499994 -0.145492553710938
0.0601272583007813 0.0493507385253906 0.0164566040039062 -0.139457702636719
0.0435943603515625 0.0723419189453125 0.101737976074219 -0.113395690917969
0.0549163818359375 0.0056304931640625 0.0366363525390625 -0.0356216430664063
0.0186653137207031 -0.0159187316894531 0.0552558898925781 0.0157127380371094
-0.000953674316406249 -0.0140504837036133 0.101364135742188 -0.0222625732421875
-0.00793695449829102 -0.00369119644165039 0.0836944580078125 -0.0853424072265625
-0.00597906112670898 0.00397682189941406 0.0359039306640625 -0.128501892089844
-0.0102787017822266 -0.00842761993408203 -0.0074005126953125 -0.127281188964844
-0.0116567611694336 -0.0135536193847656 -0.01763916015625 -0.0989456176757813
-0.014129638671875 -0.0160455703735352 -0.00833892822265625 -0.0778350830078125
-0.00696372985839844 -0.0306510925292969 0.000354766845703123 -0.0615806579589844
0.015960693359375 -0.0388641357421875 -0.00379562377929687 -0.0377426147460938
0.0469741821289063 -0.0261116027832031 -0.0136146545410156 -0.0437240600585938
0.0696296691894531 0.0231056213378906 -0.0231094360351562 -0.0793533325195313
0.0680084228515625 0.07244873046875 -0.00554656982421874 -0.121528625488281
0.0383529663085938 0.1031494140625 0.021087646484375 -0.112236022949219
0.0125656127929688 0.125320434570313 0.116470336914062 -0.0779647827148437
0.0526466369628906 0.0696029663085938 0.0514297485351563 -0.0098724365234375
0.0494003295898437 0.0358161926269531 0.0669937133789063 0.0310325622558594
0.0499916076660156 0.0011749267578125 0.113914489746094 -0.0118026733398438
0.0354766845703125 -0.0199966430664062 0.0940704345703125 -0.075653076171875
0.0184307098388672 -0.0344867706298828 0.0432052612304688 -0.121505737304687
-0.00164794921875 -0.0503692626953125 -0.00218963623046876 -0.119453430175781
-0.00138473510742187 -0.0514945983886719 -0.0153045654296875 -0.0886154174804687
-0.00163650512695313 -0.0575942993164063 -0.00767517089843751 -0.0651206970214844
0.0173110961914063 -0.062652587890625 -0.00164794921875 -0.0519485473632813
0.0513648986816406 -0.0507316589355469 -0.0087127685546875 -0.0258579254150391
0.0802688598632813 -0.018341064453125 -0.0186386108398437 -0.0306549072265625
0.0839920043945313 0.0561370849609375 -0.0316162109375 -0.0604171752929688
0.0657119750976563 0.114723205566406 -0.009033203125 -0.0917739868164062
0.019744873046875 0.140655517578125 0.0189361572265625 -0.0721893310546875
-0.026214599609375 0.15887451171875 0.11663818359375 -0.0248184204101562
0.0331497192382812 0.127487182617187 0.0582275390625 0.0311088562011719
0.0671463012695313 0.0924148559570312 0.0731964111328125 0.0524444580078125
0.0955352783203125 0.0270614624023437 0.118637084960938 0.00652313232421875
0.0791778564453125 -0.0266876220703125 0.0955657958984375 -0.0540542602539063
0.0461044311523438 -0.0667762756347656 0.04656982421875 -0.0979156494140625
0.00992584228515625 -0.084808349609375 0.0042724609375 -0.0951690673828125
0.00826263427734376 -0.0820693969726562 -0.0102310180664062 -0.0644493103027344
0.00905609130859375 -0.0913543701171875 -0.00591278076171875 -0.0397453308105469
0.0347061157226562 -0.0893173217773438 -0.00581932067871093 -0.0298213958740234
0.077301025390625 -0.0618820190429687 -0.016230583190918 -0.00767135620117188
0.103889465332031 -0.0167694091796875 -0.0250053405761719 -0.0160369873046875
0.0941162109375 0.07623291015625 -0.0355796813964844 -0.0429954528808594
0.0605697631835938 0.139457702636719 -0.00472259521484374 -0.059661865234375
0.00117492675781249 0.159896850585938 0.0135459899902344 -0.0250530242919922
-0.0634307861328125 0.163177490234375 0.100242614746094 0.0360031127929688
-0.000778198242187502 0.160186767578125 0.05426025390625 0.0784759521484375
0.06170654296875 0.137626647949219 0.0695724487304688 0.0769882202148438
0.119033813476563 0.058807373046875 0.1077880859375 0.0302810668945313
0.110641479492187 -0.0206222534179688 0.0853118896484375 -0.026123046875
0.0710296630859375 -0.08453369140625 0.0436897277832031 -0.0627899169921875
0.0210037231445313 -0.105796813964844 0.00967788696289062 -0.0589179992675781
0.0165481567382812 -0.0999908447265625 -0.0043487548828125 -0.0301570892333984
0.0164718627929688 -0.112564086914063 -0.00309324264526367 -0.00524997711181641
0.0449066162109375 -0.105445861816406 -0.010345458984375 0.000250816345214838
0.091949462890625 -0.06817626953125 -0.0238571166992187 0.0143680572509766
0.116279602050781 -0.01385498046875 -0.0321159362792969 -0.00186729431152344
0.0942459106445312 0.0887451171875 -0.0350265502929687 -0.0297317504882812
0.046539306640625 0.149520874023438 0.00465202331542969 -0.0285434722900391
-0.0194549560546875 0.16009521484375 0.00362968444824219 0.0237979888916016
-0.0895233154296875 0.1353759765625 0.0699005126953125 0.0913619995117188
-0.0374603271484375 0.155166625976563 0.0386276245117187 0.12109375
0.03466796875 0.152679443359375 0.0561981201171875 0.0947341918945313
0.112548828125 0.0826416015625 0.0846099853515625 0.0493011474609375
0.119155883789063 -0.00615692138671875 0.0642623901367188 0.00258636474609375
0.0839691162109375 -0.0831832885742188 0.0322360992431641 -0.0228805541992188
0.0292129516601563 -0.108451843261719 0.0110006332397461 -0.015538215637207
0.0218276977539063 -0.101913452148438 0.00254201889038086 0.00789499282836914
0.0210494995117187 -0.116142272949219 0.000217437744140627 0.031768798828125
0.0492324829101563 -0.108291625976563 -0.0153026580810547 0.0333919525146484
0.09619140625 -0.0664138793945313 -0.0333824157714844 0.0370368957519531
0.116188049316406 -0.0079498291015625 -0.0399436950683594 0.00969314575195313
0.0824661254882813 0.0963363647460938 -0.0339450836181641 -0.0196495056152344
0.023681640625 0.146820068359375 0.0121793746948242 -0.00094890594482421
-0.0435333251953125 0.142684936523438 -0.0122947692871094 0.0688056945800781
-0.097686767578125 0.0812454223632812 0.0358200073242187 0.131324768066406
-0.0637359619140625 0.114707946777344 0.0179443359375 0.147628784179688
-0.000335693359374987 0.130790710449219 0.0410385131835938 0.099945068359375
0.08087158203125 0.0864791870117188 0.0568504333496094 0.0582733154296875
0.101203918457031 0.0092010498046875 0.03778076171875 0.0236167907714844
0.0796356201171875 -0.0670089721679688 0.0177192687988281 0.0129604339599609
0.0324783325195313 -0.0936126708984375 0.0106639862060547 0.0249481201171875
0.0234451293945313 -0.0894927978515625 0.0083160400390625 0.0442924499511719
0.0231857299804687 -0.103347778320313 0.00403976440429688 0.0667495727539063
0.0469207763671875 -0.0956878662109375 -0.0205879211425781 0.0658226013183594
0.0902557373046875 -0.0560684204101563 -0.0430183410644531 0.0582160949707031
0.105781555175781 0.00032806396484375 -0.0499229431152344 0.0199623107910156
0.0622177124023437 0.0965957641601562 -0.0349941253662109 -0.0129966735839844
-0.00393676757812501 0.131614685058594 0.0126934051513672 0.0231685638427734
-0.0655364990234375 0.109260559082031 -0.0362777709960937 0.106201171875
-0.0885162353515625 0.0137939453125 0.007659912109375 0.146804809570313
-0.0729141235351563 0.0537490844726563 0.00347900390624998 0.153656005859375
-0.0295639038085937 0.0817642211914062 0.0294265747070313 0.0939788818359375
0.0378494262695312 0.0703811645507813 0.0332717895507813 0.0582771301269531
0.0652313232421875 0.0182991027832031 0.0161819458007813 0.0353546142578125
0.0608940124511719 -0.0405464172363281 0.00511169433593751 0.0400047302246094
0.0289573669433594 -0.0631561279296875 0.00933456420898437 0.0577125549316406
0.0213432312011719 -0.0627708435058594 0.0131912231445313 0.0740203857421875
0.0208969116210938 -0.0752029418945313 0.00582122802734375 0.096038818359375
0.0400466918945313 -0.0721817016601563 -0.0267105102539062 0.0932540893554687
0.0738601684570313 -0.0395355224609375 -0.0542068481445312 0.07611083984375
0.0828094482421875 0.00798797607421875 -0.0621070861816406 0.0279922485351563
0.0362014770507813 0.0855178833007813 -0.0401268005371094 -0.00870132446289062
-0.029632568359375 0.100845336914063 0.00407028198242188 0.0418434143066406
-0.078765869140625 0.0615234375 -0.0657730102539062 0.129287719726563
0.063140869140625 0.00988006591796875 0.0766067504882812 -0.131393432617188
0.0405235290527344 -0.0523757934570313 0.0185661315917969 -0.044464111328125
-0.018463134765625 -0.0528030395507813 0.0438194274902344 0.0105400085449219
-0.0465888977050781 -0.017181396484375 0.086700439453125 -0.0242996215820313
-0.04296875 0.017578125 0.0697402954101563 -0.08441162109375
-0.0236587524414063 0.0427055358886719 0.0251007080078125 -0.122581481933594
-0.0140895843505859 0.0349082946777344 -0.0123214721679688 -0.119300842285156
-0.0187225341796875 0.0265102386474609 -0.0192184448242188 -0.0940780639648438
-0.0260963439941406 0.0280876159667969 -0.0127334594726563 -0.0758514404296875
-0.0365409851074219 0.00474929809570313 -0.00642776489257813 -0.0590782165527344
-0.0288295745849609 -0.0282669067382812 -0.00733184814453125 -0.0446014404296875
0.00533676147460938 -0.0426712036132812 -0.0141448974609375 -0.0569190979003906
0.0538825988769531 -0.026123046875 -0.0137405395507812 -0.097869873046875
0.074462890625 0.0124359130859375 0.000244140625000005 -0.1458740234375
0.0600433349609375 0.0476341247558594 0.015716552734375 -0.141769409179688
0.0443572998046875 0.0715866088867188 0.100730895996094 -0.1158447265625
0.0539131164550781 0.00442123413085937 0.0347537994384766 -0.0347232818603516
0.0181865692138672 -0.0153255462646484 0.0549125671386719 0.0168609619140625
-0.00116157531738281 -0.0135183334350586 0.102241516113281 -0.0226821899414063
-0.00760698318481445 -0.00278234481811523 0.0827713012695313 -0.0853042602539063
-0.00492429733276367 0.00391912460327149 0.0331344604492188 -0.129035949707031
-0.00929737091064453 -0.0081319808959961 -0.0107803344726562 -0.126869201660156
-0.0111141204833984 -0.0134973526000977 -0.020477294921875 -0.0979690551757813
-0.013615608215332 -0.016179084777832 -0.0120697021484375 -0.077423095703125
-0.00693321228027343 -0.0300559997558594 -0.00366973876953125 -0.062591552734375
0.0150184631347656 -0.0380210876464844 -0.0068206787109375 -0.0406227111816406
0.0459213256835938 -0.0263748168945312 -0.0140838623046875 -0.0469169616699219
0.0684814453125 0.0225372314453125 -0.02154541015625 -0.0803756713867188
0.0684738159179687 0.07171630859375 -0.00593566894531249 -0.123016357421875
0.0392532348632813 0.102005004882813 0.0206069946289063 -0.114524841308594
0.0142898559570312 0.126174926757813 0.115211486816406 -0.0801467895507812
0.0531272888183594 0.069122314453125 0.0497283935546875 -0.0100936889648437
0.0506782531738281 0.0357017517089844 0.0665435791015625 0.0319709777832031
0.0504112243652344 0.0008392333984375 0.113967895507813 -0.012115478515625
0.035736083984375 -0.0198402404785156 0.0928192138671875 -0.0762710571289063
0.0191574096679688 -0.0361671447753906 0.0411529541015625 -0.121299743652344
-0.00174713134765625 -0.0504722595214844 -0.00535583496093749 -0.118988037109375
-0.00244903564453125 -0.051727294921875 -0.0185089111328125 -0.0876235961914063
-0.002410888671875 -0.0584945678710938 -0.0114669799804688 -0.064361572265625
0.0167503356933594 -0.0631942749023438 -0.0062408447265625 -0.0518379211425781
0.0507240295410156 -0.0509452819824219 -0.0118732452392578 -0.0279579162597656
0.079803466796875 -0.019561767578125 -0.0191516876220703 -0.0332889556884766
0.0851669311523438 0.0554962158203125 -0.0304145812988281 -0.0614356994628906
0.0674057006835938 0.113883972167969 -0.0093841552734375 -0.0931777954101562
0.021575927734375 0.140823364257812 0.0190811157226562 -0.076324462890625
-0.0231475830078125 0.160018920898438 0.114906311035156 -0.0271072387695312
0.0356063842773438 0.127449035644531 0.05712890625 0.0302352905273438
0.0701980590820313 0.0928878784179687 0.0719680786132813 0.053375244140625
0.0968780517578125 0.0262069702148437 0.117835998535156 0.0068206787109375
0.0792236328125 -0.0276565551757812 0.094818115234375 -0.0549163818359375
0.0455818176269531 -0.0697708129882813 0.0456008911132812 -0.0976409912109375
0.00794219970703125 -0.0855178833007813 0.0014495849609375 -0.0951004028320313
0.0060577392578125 -0.0821762084960938 -0.0138397216796875 -0.0631446838378906
0.00649261474609376 -0.09271240234375 -0.00872802734375 -0.0386810302734375
0.032257080078125 -0.0903701782226563 -0.00970649719238281 -0.0300769805908203
0.0761184692382813 -0.0642547607421875 -0.0189990997314453 -0.00888633728027344
0.104347229003906 -0.0190658569335938 -0.0257797241210937 -0.0181140899658203
0.0963973999023438 0.075469970703125 -0.0350189208984375 -0.0445976257324219
0.0641098022460938 0.139373779296875 -0.00468826293945312 -0.0613021850585937
0.003814697265625 0.16107177734375 0.0128765106201172 -0.0287456512451172
-0.060638427734375 0.1654052734375 0.09912109375 0.0338973999023438
0.002288818359375 0.160629272460938 0.0529327392578125 0.0775680541992188
0.0657730102539063 0.137619018554688 0.0682830810546875 0.0774459838867188
0.121482849121094 0.057037353515625 0.107612609863281 0.0304794311523438
0.110450744628906 -0.0227127075195313 0.0849609375 -0.0254135131835938
0.069610595703125 -0.0868453979492188 0.0428581237792969 -0.0630111694335938
0.018798828125 -0.106315612792969 0.00739288330078125 -0.0588340759277344
0.0133743286132812 -0.100479125976563 -0.00594902038574219 -0.0290813446044922
0.0132064819335937 -0.112907409667969 -0.00438594818115234 -0.00455856323242188
0.0409317016601563 -0.107246398925781 -0.0134620666503906 0.000386238098144526
0.090850830078125 -0.0713119506835938 -0.0268459320068359 0.0141773223876953
0.116188049316406 -0.0177688598632813 -0.0338764190673828 -0.00369453430175781
0.0977706909179687 0.08807373046875 -0.0345726013183594 -0.0313892364501953
0.0512542724609375 0.150177001953125 0.00419425964355469 -0.0308952331542969
-0.017303466796875 0.161270141601563 0.00372123718261719 0.0206642150878906
-0.0869140625 0.138412475585938 0.0700607299804688 0.090972900390625
-0.034942626953125 0.156402587890625 0.0378494262695313 0.121505737304688
0.0388031005859375 0.15301513671875 0.0551223754882813 0.0945587158203125
0.115852355957031 0.0811080932617188 0.0841751098632813 0.0501708984375
0.118980407714844 -0.0093231201171875 0.0637550354003906 0.00315093994140625
0.0816650390625 -0.0862884521484375 0.0330924987792969 -0.0228652954101563
0.0263519287109375 -0.109535217285156 0.0105533599853516 -0.0156593322753906
0.0188217163085937 -0.102569580078125 0.00200080871582031 0.00831270217895507
0.0176162719726563 -0.116920471191406 3.81469726562681E-06 0.0326175689697266
0.0453109741210938 -0.109970092773438 -0.0168495178222656 0.0336856842041016
0.0948104858398438 -0.0698165893554688 -0.0342903137207031 0.0374336242675781
0.117103576660156 -0.0112991333007812 -0.0415306091308594 0.00959014892578125
0.0865554809570313 0.0955429077148437 -0.0339794158935547 -0.021209716796875
0.0282135009765625 0.147857666015625 0.0122194290161133 -0.00340557098388671
-0.0406646728515625 0.14447021484375 -0.0117759704589844 0.0669403076171875
-0.0963134765625 0.0848617553710937 0.0369110107421875 0.131980895996094
-0.060760498046875 0.116851806640625 0.017486572265625 0.147308349609375
0.003936767578125 0.13140869140625 0.0391693115234375 0.100242614746094
0.0843124389648438 0.0853271484375 0.0564384460449219 0.0594520568847656
0.101318359375 0.006439208984375 0.0385665893554688 0.0249443054199219
0.0779266357421875 -0.0703353881835938 0.0191822052001953 0.0138587951660156
0.0289382934570313 -0.0938644409179688 0.0112819671630859 0.0251808166503906
0.0204620361328125 -0.0897750854492187 0.0084228515625 0.0445709228515625
0.0198898315429688 -0.104461669921875 0.00469589233398437 0.0676765441894531
0.0437698364257812 -0.098541259765625 -0.0205764770507813 0.0661659240722656
0.0885543823242188 -0.0594100952148437 -0.0440254211425781 0.059051513671875
0.105941772460938 -0.0023956298828125 -0.0512123107910156 0.0204734802246094
0.0661392211914063 0.0961151123046875 -0.0351409912109375 -0.0140724182128906
0.000251770019531242 0.133049011230469 0.0132637023925781 0.0210552215576172
-0.0629043579101563 0.111076354980469 -0.0345458984375 0.10540771484375
-0.0883941650390625 0.0176849365234375 0.00830078125000001 0.148086547851563
-0.0713348388671875 0.0561752319335938 0.003448486328125 0.153823852539063
-0.02569580078125 0.0832366943359375 0.0274734497070312 0.09478759765625
0.0405731201171875 0.0689163208007813 0.0338363647460938 0.0600509643554688
0.0658149719238281 0.0158462524414063 0.0175209045410156 0.0365486145019531
0.0589485168457031 -0.0430984497070313 0.00758743286132813 0.0405921936035156
0.0261611938476562 -0.0637245178222656 0.0106201171875 0.0573234558105469
0.0186347961425781 -0.0635185241699219 0.0140838623046875 0.0730133056640625
0.0192108154296875 -0.0765380859375 0.00778961181640625 0.0960159301757813
0.0369033813476563 -0.073211669921875 -0.0259323120117188 0.0936737060546875
0.072235107421875 -0.0422515869140625 -0.0539627075195313 0.0775222778320313
0.08306884765625 0.00580596923828125 -0.0628318786621094 0.0283660888671875
0.0397415161132813 0.08477783203125 -0.0411415100097656 -0.00881195068359374
-0.0261459350585938 0.101432800292969 0.00492477416992188 0.0399551391601563
-0.0767822265625 0.0631332397460938 -0.0639724731445313 0.129348754882813
0.0642776489257813 0.00894546508789063 0.0775375366210938 -0.135719299316406
0.0402450561523438 -0.053558349609375 0.0185585021972656 -0.04522705078125
-0.0205078125 -0.0536537170410156 0.0454216003417969 0.0118942260742187
-0.048187255859375 -0.0162391662597656 0.0894622802734375 -0.0249786376953125
-0.0423622131347656 0.019866943359375 0.071441650390625 -0.0860519409179688
-0.0213813781738281 0.0443878173828125 0.023895263671875 -0.124794006347656
-0.0121955871582031 0.0356559753417969 -0.0146026611328125 -0.121940612792969
-0.0186977386474609 0.0280132293701172 -0.0217132568359375 -0.09600830078125
-0.0252342224121094 0.0291728973388672 -0.0146408081054688 -0.0774993896484375
-0.0354957580566406 0.00613784790039062 -0.00795745849609376 -0.0601005554199219
-0.0297603607177734 -0.0265121459960937 -0.0084381103515625 -0.0483055114746094
0.0047760009765625 -0.0425300598144531 -0.014617919921875 -0.0612106323242188
0.0535888671875 -0.0279083251953125 -0.0125961303710937 -0.100975036621094
0.0744247436523438 0.0113296508789063 0.0010833740234375 -0.14971923828125
0.0616683959960938 0.04669189453125 0.01605224609375 -0.146759033203125
0.0457000732421875 0.0726089477539063 0.101585388183594 -0.119956970214844
0.0554771423339844 0.00444412231445313 0.0352249145507813 -0.0348243713378906
0.0179176330566406 -0.0146083831787109 0.0573348999023438 0.0187950134277344
-0.000173568725585937 -0.0124673843383789 0.104110717773438 -0.0228652954101563
-0.00626897811889648 -0.00191450119018555 0.0844497680664063 -0.0872344970703125
-0.00334930419921875 0.00261259078979492 0.0329055786132812 -0.131797790527344
-0.0087432861328125 -0.00898075103759766 -0.013580322265625 -0.129547119140625
-0.0110054016113281 -0.0137443542480469 -0.0227279663085938 -0.0993423461914063
-0.0134620666503906 -0.0174245834350586 -0.0152359008789062 -0.078887939453125
-0.00728797912597656 -0.0302047729492188 -0.00670623779296875 -0.0635604858398438
0.014373779296875 -0.0375328063964844 -0.00904464721679687 -0.0438880920410156
0.0464515686035156 -0.0267410278320313 -0.0143661499023437 -0.0510940551757813
0.0698966979980469 0.0222129821777344 -0.020050048828125 -0.0839691162109375
0.0703659057617188 0.0723648071289063 -0.00606536865234374 -0.127021789550781
0.0401077270507813 0.104095458984375 0.021514892578125 -0.12078857421875
0.0155715942382812 0.128921508789063 0.117057800292969 -0.0845718383789062
0.0553054809570313 0.0706405639648438 0.0492019653320313 -0.0100288391113281
0.05267333984375 0.0376129150390625 0.0673713684082031 0.0337715148925781
0.0527229309082031 0.000583648681640625 0.11669921875 -0.0118331909179688
0.0373153686523438 -0.0205307006835938 0.0941543579101563 -0.0776290893554688
0.020904541015625 -0.0379447937011719 0.0403976440429687 -0.124229431152344
-0.00237655639648438 -0.0522689819335937 -0.00728607177734375 -0.120918273925781
-0.00251007080078124 -0.0529747009277344 -0.0211944580078125 -0.08843994140625
-0.003387451171875 -0.0600547790527344 -0.0142440795898437 -0.0649909973144531
0.0157470703125 -0.0654182434082031 -0.0103836059570312 -0.0536270141601563
0.0511054992675781 -0.0528526306152344 -0.0145206451416016 -0.0312252044677734
0.0820465087890625 -0.0207366943359375 -0.0197181701660156 -0.0365028381347656
0.08856201171875 0.0561294555664063 -0.0299873352050781 -0.0644073486328125
0.0707778930664063 0.116218566894531 -0.00899505615234375 -0.0970001220703125
0.0227813720703125 0.144805908203125 0.0190048217773438 -0.0810165405273437
-0.0226287841796875 0.16571044921875 0.117279052734375 -0.0301971435546875
0.03802490234375 0.130775451660156 0.0568351745605469 0.0312538146972656
0.0747909545898438 0.095428466796875 0.0723419189453125 0.0570068359375
0.10052490234375 0.0255050659179687 0.120262145996094 0.0072784423828125
0.0811996459960938 -0.0294647216796875 0.0961837768554688 -0.0556182861328125
0.04693603515625 -0.07171630859375 0.04583740234375 -0.100196838378906
0.00737762451171875 -0.0876541137695313 -0.000534057617187509 -0.0968399047851563
0.00457763671875 -0.0837936401367188 -0.0161552429199219 -0.0626754760742188
0.00394439697265624 -0.0954132080078125 -0.0102615356445313 -0.0384101867675781
0.031707763671875 -0.0938720703125 -0.0137767791748047 -0.0303821563720703
0.0768890380859375 -0.0669021606445313 -0.021575927734375 -0.0106010437011719
0.107009887695313 -0.02130126953125 -0.0276412963867187 -0.0204448699951172
0.101417541503906 0.0775070190429688 -0.0352363586425781 -0.0465011596679687
0.0683441162109375 0.142410278320313 -0.00497055053710937 -0.0653953552246094
0.00398254394531249 0.16546630859375 0.0127944946289063 -0.0323963165283203
-0.0602264404296875 0.17205810546875 0.100494384765625 0.0335845947265625
0.00393676757812501 0.164840698242188 0.0520553588867188 0.0794830322265625
0.0706329345703125 0.141403198242188 0.0684814453125 0.0812454223632813
0.126869201660156 0.0568313598632813 0.109359741210938 0.0322418212890625
0.114059448242188 -0.0255889892578125 0.0861358642578125 -0.0251235961914063
0.0699310302734375 -0.091522216796875 0.0439987182617188 -0.0636863708496094
0.016998291015625 -0.109764099121094 0.00606536865234376 -0.0592079162597656
0.01171875 -0.102745056152344 -0.00744056701660156 -0.0293407440185547
0.0111236572265625 -0.116813659667969 -0.0067591667175293 -0.00361347198486329
0.0397109985351563 -0.111381530761719 -0.0170583724975586 0.000910758972167966
0.0923995971679687 -0.0764846801757813 -0.0300674438476562 0.0133819580078125
0.120040893554688 -0.0204544067382813 -0.0347614288330078 -0.00416946411132813
0.103157043457031 0.0896453857421875 -0.0357322692871094 -0.0327835083007812
0.0562591552734375 0.153762817382813 0.00399017333984375 -0.0330238342285156
-0.0166778564453125 0.166397094726562 0.00361061096191406 0.0183506011962891
-0.088775634765625 0.144668579101563 0.0721359252929688 0.0935440063476563
-0.0334625244140625 0.161590576171875 0.03765869140625 0.123161315917969
0.0438690185546875 0.158294677734375 0.0541610717773437 0.09844970703125
0.121360778808594 0.0810012817382813 0.085418701171875 0.0518264770507813
0.1224365234375 -0.0110092163085938 0.0655746459960938 0.00432205200195312
0.0822982788085937 -0.0909347534179687 0.0338382720947266 -0.0229911804199219
0.0244979858398437 -0.112541198730469 0.0100297927856445 -0.0158624649047852
0.0166091918945313 -0.106246948242188 8.39233398437511E-05 0.00882339477539062
0.0145263671875 -0.121315002441406 -0.000753402709960938 0.0332221984863281
0.0432586669921875 -0.113372802734375 -0.0190773010253906 0.0352783203125
0.0958480834960937 -0.0749588012695312 -0.0368728637695313 0.0385780334472656
0.120285034179687 -0.0147247314453125 -0.0432624816894531 0.00936889648437499
0.09197998046875 0.0975570678710937 -0.0348701477050781 -0.0224609375
0.0329742431640625 0.152175903320313 0.0118389129638672 -0.0060281753540039
-0.03973388671875 0.148971557617187 -0.0116653442382812 0.0659217834472656
-0.0975723266601563 0.0902023315429688 0.0376052856445313 0.136138916015625
-0.0599899291992188 0.121322631835938 0.0179290771484375 0.151336669921875
0.00724029541015624 0.136245727539062 0.037841796875 0.103973388671875
0.0899276733398438 0.085662841796875 0.0570564270019531 0.0626068115234375
0.103904724121094 0.00437164306640625 0.040557861328125 0.0266761779785156
0.077423095703125 -0.0744476318359375 0.0221824645996094 0.0140419006347656
0.0278472900390625 -0.098114013671875 0.0111713409423828 0.025543212890625
0.0190353393554687 -0.0922088623046875 0.00872039794921876 0.0459060668945312
0.0168838500976563 -0.106803894042969 0.00558853149414063 0.0691757202148438
0.0417709350585938 -0.102088928222656 -0.0217018127441406 0.0681190490722656
0.089508056640625 -0.0632553100585937 -0.0458183288574219 0.0611343383789063
0.109375 -0.0043792724609375 -0.0525093078613281 0.0207672119140625
0.0711288452148438 0.0979690551757813 -0.0365829467773437 -0.0148849487304687
0.004730224609375 0.137001037597656 0.0143318176269531 0.0189838409423828
-0.0629959106445313 0.114219665527344 -0.0349502563476563 0.106269836425781
-0.0892181396484375 0.0208969116210938 0.00785827636718751 0.15411376953125
-0.0718917846679688 0.0590133666992187 0.00183105468749999 0.157577514648438
-0.0243453979492188 0.0866470336914062 0.0259246826171875 0.0979690551757813
0.0443878173828125 0.0693397521972656 0.0333595275878906 0.0637741088867187
0.0677299499511719 0.0141372680664063 0.0181961059570313 0.0395889282226563
0.0589523315429687 -0.0460433959960938 0.00988769531250001 0.0422592163085938
0.0246238708496094 -0.0669403076171875 0.0122451782226563 0.0576820373535156
0.0169029235839844 -0.0650138854980469 0.0155563354492187 0.0745697021484375
0.0162887573242187 -0.0790252685546875 0.00976562500000001 0.0979385375976562
0.0351104736328125 -0.0763778686523438 -0.0271453857421875 0.0970077514648438
0.072784423828125 -0.0454330444335938 -0.0556106567382812 0.0801773071289063
0.0857467651367188 0.0041046142578125 -0.0647544860839844 0.0290145874023438
0.0423431396484375 0.0869293212890625 -0.0428810119628906 -0.0109596252441406
-0.0238800048828125 0.104911804199219 0.00551605224609375 0.0390739440917969
-0.0775833129882813 0.0650711059570313 -0.0647811889648438 0.133155822753906
0.0667686462402344 0.006561279296875 0.0768280029296875 -0.145370483398438
0.0398139953613281 -0.0572700500488281 0.0166854858398438 -0.0472564697265625
-0.0230674743652344 -0.0542144775390625 0.0477066040039063 0.0129165649414062
-0.0513687133789063 -0.0141754150390625 0.0934219360351562 -0.02813720703125
-0.0429840087890625 0.022186279296875 0.072845458984375 -0.0916366577148438
-0.0196800231933594 0.0452766418457031 0.0215682983398437 -0.130538940429688
-0.0102729797363281 0.0365028381347656 -0.0191879272460937 -0.127044677734375
-0.0180015563964844 0.0303573608398438 -0.0257415771484375 -0.0991439819335938
-0.0239086151123047 0.0305728912353516 -0.019134521484375 -0.079010009765625
-0.0359992980957031 0.00772857666015626 -0.011749267578125 -0.0628890991210937
-0.0314788818359375 -0.0250701904296875 -0.0115776062011719 -0.0520439147949219
0.00259017944335937 -0.0447921752929688 -0.0162773132324219 -0.0662345886230469
0.0535049438476563 -0.0308990478515625 -0.0132369995117187 -0.10601806640625
0.0774612426757812 0.00853729248046875 -0.00202941894531249 -0.157379150390625
0.065704345703125 0.0465507507324219 0.0143280029296875 -0.156265258789063
0.049591064453125 0.0754547119140625 0.103324890136719 -0.130409240722656
0.0563392639160156 0.00288009643554688 0.0343170166015625 -0.0381736755371094
0.0184440612792969 -0.0152378082275391 0.0595283508300781 0.0197525024414063
-0.000681877136230467 -0.0124521255493164 0.109085083007813 -0.0248184204101563
-0.00525856018066406 -0.00179100036621094 0.0861358642578125 -0.0923385620117188
-0.00182986259460449 0.00207054615020752 0.0296783447265625 -0.139015197753906
-0.00876045227050781 -0.010075569152832 -0.0183792114257813 -0.13433837890625
-0.0116815567016602 -0.0139989852905273 -0.027862548828125 -0.102005004882813
-0.0149002075195313 -0.0181388854980469 -0.02008056640625 -0.080841064453125
-0.00773048400878906 -0.0310516357421875 -0.0107688903808594 -0.0658950805664063
0.0145835876464844 -0.0389022827148438 -0.012481689453125 -0.0475311279296875
0.048370361328125 -0.028533935546875 -0.0158500671386719 -0.0552558898925781
0.0734786987304688 0.0215530395507813 -0.0214080810546875 -0.0885238647460938
0.0754241943359375 0.0725326538085938 -0.00661468505859375 -0.133537292480469
0.0448532104492187 0.107620239257813 0.0195770263671875 -0.129913330078125
0.0202407836914063 0.134025573730469 0.119522094726563 -0.0923690795898437
0.0591278076171875 0.0723876953125 0.0504493713378906 -0.0115776062011719
0.0575370788574219 0.0379753112792969 0.0702972412109375 0.0358428955078125
0.0558280944824219 0.00022125244140625 0.121788024902344 -0.013641357421875
0.039794921875 -0.0222511291503906 0.097259521484375 -0.0825424194335938
0.0213127136230469 -0.04150390625 0.039306640625 -0.130233764648437
-0.003387451171875 -0.0551414489746094 -0.0125961303710938 -0.125411987304688
-0.00437545776367187 -0.0554275512695312 -0.0257186889648438 -0.0906600952148438
-0.00586700439453125 -0.06353759765625 -0.0183639526367187 -0.0673904418945312
0.0149574279785156 -0.0683555603027344 -0.0147361755371094 -0.0548019409179688
0.0520172119140625 -0.0565452575683594 -0.018310546875 -0.0337753295898438
0.08563232421875 -0.02410888671875 -0.0217094421386719 -0.0405998229980469
0.0942001342773437 0.0567398071289062 -0.0314483642578125 -0.0688705444335938
0.0777511596679688 0.119400024414063 -0.0104522705078125 -0.102493286132812
0.02703857421875 0.15057373046875 0.018218994140625 -0.0877532958984375
-0.0190887451171875 0.17413330078125 0.121658325195313 -0.035003662109375
0.0424270629882812 0.135383605957031 0.0585594177246094 0.0308494567871094
0.0808792114257812 0.0973968505859375 0.0764007568359375 0.0584564208984375
0.106971740722656 0.02410888671875 0.125404357910156 0.00647735595703125
0.0852813720703125 -0.033782958984375 0.0995025634765625 -0.0591812133789063
0.04827880859375 -0.0778579711914063 0.0451736450195313 -0.104881286621094
0.00484466552734376 -0.0926132202148438 -0.0042572021484375 -0.100502014160156
0.0017852783203125 -0.0876998901367188 -0.0197486877441406 -0.0644950866699219
0.00103759765624999 -0.100563049316406 -0.0142135620117188 -0.0406608581542969
0.0285263061523438 -0.100028991699219 -0.0180683135986328 -0.0305805206298828
0.0782623291015625 -0.0733718872070313 -0.0256805419921875 -0.0113620758056641
0.112525939941406 -0.0263137817382813 -0.0293483734130859 -0.0239391326904297
0.109573364257813 0.0770187377929688 -0.0362472534179687 -0.05084228515625
0.0760955810546875 0.147232055664063 -0.00609207153320312 -0.0694389343261719
0.00944519042968751 0.173187255859375 0.0124397277832031 -0.0377693176269531
-0.0573883056640625 0.182723999023438 0.106369018554688 0.0326995849609375
0.00958251953125 0.172164916992188 0.05499267578125 0.0819931030273438
0.079864501953125 0.14630126953125 0.0709075927734375 0.0839462280273438
0.136329650878906 0.0552520751953125 0.114509582519531 0.0322189331054688
0.118255615234375 -0.0300140380859375 0.089813232421875 -0.0277023315429688
0.07171630859375 -0.0988998413085938 0.0441856384277344 -0.0677299499511719
0.0147857666015625 -0.115028381347656 0.00378799438476562 -0.0611228942871094
0.00875854492187499 -0.10791015625 -0.0101871490478516 -0.0298480987548828
0.00576019287109374 -0.1236572265625 -0.00802898406982422 -0.00299119949340821
0.0367584228515625 -0.119377136230469 -0.0205020904541016 0.00213241577148437
0.0943603515625 -0.0836334228515625 -0.0327014923095703 0.0147285461425781
0.125373840332031 -0.0259780883789063 -0.0371856689453125 -0.0060577392578125
0.112327575683594 0.0905303955078125 -0.0372085571289063 -0.03582763671875
0.0646820068359375 0.159622192382812 0.00297927856445313 -0.0383262634277344
-0.0126190185546875 0.1748046875 0.00391769409179687 0.0160427093505859
-0.0871734619140625 0.1558837890625 0.0771408081054688 0.0958328247070313
-0.0293121337890625 0.170928955078125 0.0400772094726562 0.127449035644531
0.0516815185546875 0.16448974609375 0.0576324462890625 0.102691650390625
0.13055419921875 0.08001708984375 0.0902786254882813 0.0542984008789063
0.126655578613281 -0.016082763671875 0.0693473815917969 0.00331497192382812
0.0819931030273438 -0.098358154296875 0.0362167358398438 -0.0248756408691406
0.0207061767578125 -0.118064880371094 0.00898361206054688 -0.0162153244018555
0.0133895874023437 -0.110923767089844 -1.04904174804678E-05 0.00934696197509765
0.00992584228515625 -0.126174926757813 -0.000717163085937502 0.0357551574707031
0.0404586791992187 -0.122940063476563 -0.0209426879882812 0.0372238159179687
0.0975189208984375 -0.0828475952148437 -0.0389480590820312 0.0416412353515625
0.125946044921875 -0.0192489624023438 -0.0457229614257812 0.00931930541992187
0.101364135742188 0.0995712280273438 -0.0379600524902344 -0.0249137878417969
0.042572021484375 0.158218383789062 0.0122442245483398 -0.00843143463134765
-0.0382843017578125 0.1572265625 -0.0112075805664063 0.0676956176757813
-0.0974502563476562 0.098876953125 0.0417633056640625 0.141098022460938
-0.0591659545898438 0.130126953125 0.0193023681640625 0.1578369140625
0.0133819580078125 0.1429443359375 0.0397262573242188 0.108779907226563
0.097320556640625 0.0858993530273438 0.0596389770507813 0.0659523010253906
0.109809875488281 0.0001220703125 0.0423965454101563 0.0279464721679688
0.0782546997070312 -0.0808029174804687 0.0241661071777344 0.0147438049316406
0.02423095703125 -0.102195739746094 0.0125312805175781 0.0267467498779297
0.015289306640625 -0.0974197387695312 0.00914382934570313 0.0478401184082031
0.0125503540039062 -0.113052368164063 0.00734710693359374 0.0721511840820313
0.0386962890625 -0.108718872070312 -0.0235748291015625 0.0722579956054688
0.0907974243164063 -0.0699691772460938 -0.0466384887695312 0.0654067993164063
0.114471435546875 -0.0102005004882812 -0.055572509765625 0.0226707458496094
0.0785980224609375 0.0997848510742188 -0.039093017578125 -0.0173377990722656
0.01202392578125 0.141937255859375 0.01495361328125 0.0180244445800781
-0.0613555908203125 0.121795654296875 -0.0340194702148438 0.110504150390625
-0.0916595458984375 0.0266647338867187 0.0125579833984375 0.162887573242188
-0.0725479125976562 0.0660934448242188 0.00311279296874999 0.165023803710938
-0.0201644897460938 0.0920639038085938 0.0257720947265625 0.102760314941406
0.0506057739257813 0.0702705383300781 0.0350608825683594 0.0675582885742188
0.0717544555664063 0.0113983154296875 0.0216789245605469 0.0426445007324219
0.0591888427734375 -0.0501670837402344 0.01220703125 0.0438346862792969
0.0223388671875 -0.0696678161621094 0.0141334533691406 0.0601348876953125
0.0146331787109375 -0.0682144165039062 0.0177154541015625 0.0775833129882812
0.0129928588867187 -0.082275390625 0.0112762451171875 0.102409362792969
0.031646728515625 -0.0814666748046875 -0.0260467529296875 0.102622985839844
0.0744781494140625 -0.0513992309570313 -0.056182861328125 0.0855941772460938
0.0889663696289063 0.00096893310546875 -0.0666580200195313 0.0321197509765625
0.0485076904296875 0.0886917114257813 -0.0443000793457031 -0.0121726989746094
-0.019744873046875 0.109123229980469 0.00706863403320312 0.0382652282714844
-0.078948974609375 0.0695419311523437 -0.0635757446289062 0.139839172363281
0.069061279296875 0.0025482177734375 0.0716400146484375 -0.15679931640625
0.0375556945800781 -0.0614891052246094 0.0146484375 -0.0498428344726563
-0.0273818969726562 -0.0539321899414063 0.0506210327148438 0.0119209289550781
-0.0536460876464844 -0.0107307434082031 0.09686279296875 -0.0326995849609375
-0.0423164367675781 0.0262413024902344 0.071746826171875 -0.09783935546875
-0.0165596008300781 0.04754638671875 0.0157623291015625 -0.136428833007813
-0.00699234008789063 0.0376319885253906 -0.0275802612304687 -0.130905151367187
-0.0161781311035156 0.0324268341064453 -0.0327301025390625 -0.100288391113281
-0.0224609375 0.0331516265869141 -0.025054931640625 -0.081329345703125
-0.0355758666992188 0.0116500854492188 -0.016204833984375 -0.0640373229980469
-0.0339221954345703 -0.0224132537841797 -0.0167198181152344 -0.05584716796875
-0.000774383544921877 -0.0453758239746094 -0.0203704833984375 -0.07183837890625
0.0524673461914063 -0.0353927612304688 -0.0169677734375 -0.110794067382813
0.0793838500976563 0.00356292724609375 -0.00747680664062498 -0.164093017578125
0.071014404296875 0.04510498046875 0.00700378417968749 -0.16546630859375
0.0557174682617187 0.0743179321289063 0.0998077392578125 -0.1427001953125
0.0589675903320313 0.000225067138671875 0.0334434509277344 -0.0412673950195313
0.0181427001953125 -0.0158901214599609 0.0626869201660156 0.0194587707519531
-0.00110054016113281 -0.0116024017333984 0.113059997558594 -0.0312957763671875
-0.00490999221801758 -0.000744342803955077 0.0860977172851563 -0.0998764038085937
-0.000563144683837891 0.00145673751831055 0.02435302734375 -0.144500732421875
-0.00783920288085938 -0.0104026794433594 -0.0264511108398438 -0.138092041015625
-0.0122280120849609 -0.0140066146850586 -0.0352249145507813 -0.103546142578125
-0.0156478881835937 -0.0180492401123047 -0.0259857177734375 -0.0820236206054688
-0.00887489318847657 -0.0317745208740234 -0.0169944763183594 -0.067535400390625
0.0138435363769531 -0.0405044555664063 -0.0174446105957031 -0.0504722595214844
0.0481643676757813 -0.0320358276367188 -0.01983642578125 -0.0603599548339844
0.0770797729492188 0.0176925659179688 -0.024078369140625 -0.09259033203125
0.0817642211914063 0.070892333984375 -0.01220703125 -0.139396667480469
0.0528717041015625 0.110160827636719 0.0147018432617187 -0.138206481933594
0.0273818969726563 0.138694763183594 0.119514465332031 -0.10418701171875
0.0647430419921875 0.071807861328125 0.0503273010253906 -0.0141258239746094
0.0621223449707031 0.0369453430175781 0.0745697021484375 0.0355987548828125
0.0585708618164063 -0.002899169921875 0.126754760742188 -0.0199508666992188
0.0410842895507813 -0.0254096984863281 0.0972824096679688 -0.0894622802734375
0.0206794738769531 -0.0458145141601563 0.0340347290039063 -0.136894226074219
-0.00547409057617187 -0.0573463439941406 -0.0207672119140625 -0.129104614257812
-0.00799560546875 -0.0573310852050781 -0.0325088500976562 -0.09112548828125
-0.00990295410156251 -0.0660209655761719 -0.0244598388671875 -0.06768798828125
0.0117950439453125 -0.0729751586914063 -0.0210990905761719 -0.0558242797851563
0.051300048828125 -0.0618515014648438 -0.0238800048828125 -0.0349521636962891
0.0881576538085938 -0.0298843383789062 -0.0255241394042969 -0.044189453125
0.101791381835938 0.0532913208007813 -0.0339508056640625 -0.07171630859375
0.0876541137695313 0.119941711425781 -0.01513671875 -0.107490539550781
0.0359649658203125 0.156143188476563 0.0138778686523437 -0.0956802368164062
-0.00978088378906248 0.182952880859375 0.124839782714844 -0.0440444946289062
0.0525894165039063 0.13800048828125 0.0604705810546875 0.0296821594238281
0.0912094116210938 0.097503662109375 0.0809860229492188 0.0598983764648438
0.114082336425781 0.0186004638671875 0.131050109863281 0.00264739990234375
0.0869064331054688 -0.0397720336914063 0.100929260253906 -0.0653305053710938
0.0451278686523437 -0.0852508544921875 0.0410003662109375 -0.111686706542969
-0.000312805175781243 -0.0971832275390625 -0.0111160278320313 -0.103385925292969
-0.00350952148437501 -0.09246826171875 -0.0246353149414062 -0.0655670166015625
-0.00567626953125001 -0.104988098144531 -0.018707275390625 -0.0391578674316406
0.0236740112304688 -0.106056213378906 -0.0231189727783203 -0.0310039520263672
0.0778350830078125 -0.0819015502929688 -0.0302963256835938 -0.0113544464111328
0.115623474121094 -0.0339126586914063 -0.0325984954833984 -0.0253314971923828
0.11962890625 0.0745315551757813 -0.0393829345703125 -0.053497314453125
0.08953857421875 0.148574829101563 -0.00919342041015624 -0.0741195678710937
0.0185699462890625 0.180923461914062 0.0111579895019531 -0.04278564453125
-0.04962158203125 0.1937255859375 0.112030029296875 0.027130126953125
0.019744873046875 0.178970336914063 0.05987548828125 0.0823287963867188
0.09259033203125 0.14776611328125 0.075958251953125 0.0863113403320313
0.145095825195312 0.0493927001953125 0.120010375976563 0.0295333862304688
0.121940612792969 -0.0382080078125 0.092742919921875 -0.0322113037109375
0.0682144165039063 -0.107254028320312 0.0429840087890625 -0.0720062255859375
0.00765228271484375 -0.121147155761719 -0.0002899169921875 -0.064605712890625
0.00232696533203124 -0.113082885742187 -0.0137214660644531 -0.0297012329101563
-0.00233459472656249 -0.128471374511719 -0.0100059509277344 -0.00238704681396485
0.029541015625 -0.126533508300781 -0.0236759185791016 0.00396728515624999
0.0917510986328125 -0.093841552734375 -0.03570556640625 0.0166511535644531
0.130096435546875 -0.0351409912109375 -0.0399513244628906 -0.00623703002929688
0.124168395996094 0.0878448486328125 -0.0403785705566406 -0.03765869140625
0.0789337158203125 0.162200927734375 0.0020904541015625 -0.0410041809082031
-0.00381469726562501 0.183670043945313 0.00424385070800781 0.0141191482543945
-0.0811614990234375 0.167739868164063 0.085540771484375 0.0952682495117188
-0.0205078125 0.1796875 0.0459976196289062 0.131317138671875
0.0654754638671875 0.1685791015625 0.062103271484375 0.106224060058594
0.142120361328125 0.074981689453125 0.0954666137695313 0.053253173828125
0.132598876953125 -0.024658203125 0.0724029541015625 0.0016632080078125
0.0803756713867188 -0.108428955078125 0.0372581481933594 -0.0270271301269531
0.0145187377929688 -0.124382019042969 0.00869369506835938 -0.0181655883789063
0.00620269775390624 -0.116737365722656 -0.000437736511230469 0.0106897354125976
0.00146484374999999 -0.1331787109375 0.000701904296875004 0.0373878479003906
0.0324859619140625 -0.129379272460938 -0.0225028991699219 0.0416755676269531
0.0962753295898438 -0.0928192138671875 -0.0401458740234375 0.0451202392578125
0.130661010742188 -0.0296478271484375 -0.04754638671875 0.01092529296875
0.113052368164063 0.09686279296875 -0.0403251647949219 -0.0259017944335937
0.0539093017578125 0.161544799804688 0.0128622055053711 -0.0116615295410156
-0.0309600830078125 0.167022705078125 -0.00805282592773438 0.0685348510742188
-0.0957565307617188 0.110328674316406 0.0514068603515625 0.145721435546875
-0.052947998046875 0.139305114746094 0.0260009765625 0.163528442382813
0.02386474609375 0.148086547851563 0.0445632934570313 0.112716674804688
0.108299255371094 0.0822906494140625 0.0649566650390625 0.066986083984375
0.113777160644531 -0.00687408447265625 0.0467033386230469 0.0276145935058594
0.0760345458984375 -0.0898208618164063 0.0269641876220703 0.0146331787109375
0.0185928344726563 -0.10748291015625 0.0146675109863281 0.0270767211914062
0.00995635986328124 -0.101646423339844 0.0120086669921875 0.0490379333496094
0.00518798828124999 -0.118736267089844 0.0104446411132813 0.0747451782226562
0.031982421875 -0.115440368652344 -0.0213546752929688 0.0772705078125
0.0898056030273438 -0.080352783203125 -0.0463943481445312 0.0712661743164063
0.118568420410156 -0.017913818359375 -0.0572319030761719 0.0255279541015625
0.0894699096679688 0.0988693237304688 -0.0412635803222656 -0.0175094604492188
0.021484375 0.14697265625 0.0161819458007813 0.0160932540893555
-0.0580673217773438 0.130744934082031 -0.0294876098632812 0.116249084472656
-0.0928878784179688 0.034271240234375 0.02044677734375 0.170333862304688
-0.0700759887695313 0.073333740234375 0.010589599609375 0.17315673828125
-0.0150070190429687 0.097137451171875 0.0307235717773437 0.107009887695313
0.0575294494628906 0.0680007934570313 0.03948974609375 0.0714187622070313
0.0748519897460937 0.0070648193359375 0.0257492065429688 0.0442924499511719
0.0567626953125 -0.056915283203125 0.0175056457519531 0.0443305969238281
0.0181427001953125 -0.07391357421875 0.0187835693359375 0.0614852905273438
0.0100631713867188 -0.0715255737304688 0.0227584838867187 0.07891845703125
0.00728607177734376 -0.0859603881835938 0.0178375244140625 0.10540771484375
0.0276031494140625 -0.085906982421875 -0.0222549438476563 0.108047485351563
0.0729827880859375 -0.0582199096679688 -0.05474853515625 0.0920181274414063
0.0924224853515625 -0.004974365234375 -0.0686988830566406 0.0367240905761719
0.0569915771484375 0.089141845703125 -0.0475921630859375 -0.0112991333007813
-0.0126571655273437 0.114517211914062 0.0102500915527344 0.0371932983398438
-0.0780105590820312 0.0771484375 -0.0588226318359375 0.148178100585938
0.0699272155761719 -0.00333786010742187 0.060546875 -0.16522216796875
0.0321693420410156 -0.0650978088378906 0.00996017456054688 -0.0518035888671875
-0.03302001953125 -0.0525741577148438 0.0523529052734375 0.0106964111328125
-0.0544853210449219 -0.00666427612304687 0.0978469848632813 -0.0378646850585938
-0.0405654907226562 0.0310707092285156 0.0667343139648438 -0.103691101074219
-0.0116920471191406 0.0485610961914063 0.00701141357421875 -0.139198303222656
-0.00382614135742188 0.0375404357910156 -0.0363922119140625 -0.131240844726563
-0.0118923187255859 0.0340061187744141 -0.0406646728515625 -0.09893798828125
-0.0190887451171875 0.0355148315429688 -0.0321578979492187 -0.0801467895507813
-0.0338420867919922 0.0149669647216797 -0.0216484069824219 -0.064849853515625
-0.0352897644042969 -0.0198478698730469 -0.0223045349121094 -0.0557937622070313
-0.00495147705078125 -0.0448417663574219 -0.0259475708007813 -0.0750274658203125
0.0499420166015625 -0.0394554138183594 -0.0224533081054688 -0.113624572753906
0.0797805786132813 -0.0018768310546875 -0.0159454345703125 -0.16705322265625
0.0741348266601563 0.0401535034179688 -0.0031585693359375 -0.170806884765625
0.0612106323242187 0.0724716186523438 0.0931243896484375 -0.153778076171875
0.0593643188476563 -0.00390625 0.0296211242675781 -0.043975830078125
0.0168972015380859 -0.0167922973632812 0.0649757385253906 0.0174026489257813
-0.00194835662841797 -0.0103855133056641 0.113510131835938 -0.0380935668945312
-0.00395298004150391 -0.000554561614990235 0.0813064575195313 -0.107429504394531
-0.0002613365650177 -0.000537008047103882 0.0148773193359375 -0.148422241210938
-0.00893402099609375 -0.0108156204223633 -0.0365524291992187 -0.138175964355469
-0.0126237869262695 -0.0131654739379883 -0.0439834594726563 -0.101768493652344
-0.0157804489135742 -0.0171270370483398 -0.0326461791992188 -0.080841064453125
-0.0110187530517578 -0.0332145690917969 -0.0252456665039062 -0.0673332214355469
0.0110969543457031 -0.0418548583984375 -0.0229873657226562 -0.0511932373046875
0.0471572875976563 -0.0348930358886719 -0.0246658325195312 -0.0628700256347656
0.0789031982421875 0.0139007568359375 -0.0276336669921875 -0.0941314697265625
0.0861587524414063 0.067138671875 -0.01995849609375 -0.141830444335938
0.0602569580078125 0.108192443847656 0.0055694580078125 -0.14520263671875
0.0374603271484375 0.138923645019531 0.113510131835938 -0.11566162109375
0.0692405700683594 0.0678138732910156 0.0494499206542969 -0.0175590515136719
0.0665550231933594 0.0343780517578125 0.0778121948242188 0.0333480834960938
0.0606269836425781 -0.00696563720703125 0.129302978515625 -0.0274429321289063
0.0411376953125 -0.027923583984375 0.0945663452148437 -0.0960235595703125
0.0191764831542969 -0.0496864318847656 0.0261688232421875 -0.141006469726563
-0.00996780395507813 -0.0587844848632813 -0.0298233032226562 -0.128608703613281
-0.0119857788085938 -0.0588836669921875 -0.0398788452148437 -0.0886993408203125
-0.0143928527832031 -0.0669059753417969 -0.0304412841796875 -0.0656814575195312
0.005889892578125 -0.075408935546875 -0.0273170471191406 -0.0544357299804688
0.0488319396972656 -0.0674972534179688 -0.0286865234375 -0.0354766845703125
0.0879898071289063 -0.0356063842773438 -0.0295524597167969 -0.0467338562011719
0.107292175292969 0.047149658203125 -0.0376052856445313 -0.0737228393554688
0.0971603393554688 0.115318298339844 -0.02020263671875 -0.110366821289063
0.0463409423828125 0.157440185546875 0.00739288330078124 -0.102325439453125
0.00228881835937498 0.186843872070313 0.12310791015625 -0.053680419921875
0.063140869140625 0.136016845703125 0.0622673034667969 0.0255775451660156
0.100189208984375 0.0932693481445313 0.0847930908203125 0.0573043823242188
0.117256164550781 0.0106048583984375 0.132713317871094 -0.0046539306640625
0.0870513916015625 -0.0462722778320313 0.0990829467773438 -0.0718994140625
0.0406417846679687 -0.0907821655273438 0.0353012084960938 -0.115669250488281
-0.00638580322265625 -0.100028991699219 -0.0194625854492187 -0.103469848632813
-0.00922393798828125 -0.0927963256835937 -0.0310935974121094 -0.0638656616210938
-0.0135726928710937 -0.105812072753906 -0.0227813720703125 -0.0380859375
0.0161209106445313 -0.109939575195313 -0.0293388366699219 -0.0288581848144531
0.0739593505859375 -0.0890045166015625 -0.0339546203613281 -0.0105915069580078
0.115623474121094 -0.043609619140625 -0.036865234375 -0.0261650085449219
0.1270751953125 0.0668563842773438 -0.0423851013183594 -0.0534782409667969
0.101974487304688 0.144866943359375 -0.0134201049804687 -0.0760955810546875
0.0296630859375 0.183090209960937 0.00782394409179687 -0.0469932556152344
-0.036529541015625 0.200149536132813 0.114425659179688 0.0196990966796875
0.032745361328125 0.180740356445312 0.0649337768554688 0.0791244506835938
0.105133056640625 0.144577026367188 0.0817337036132813 0.0841751098632813
0.150985717773438 0.0395660400390625 0.122634887695313 0.0235824584960938
0.122268676757812 -0.0479354858398437 0.0938491821289063 -0.03826904296875
0.06207275390625 -0.115119934082031 0.040191650390625 -0.0747604370117188
-0.00105285644531251 -0.122634887695313 -0.00537872314453124 -0.0647468566894531
-0.00466918945312499 -0.1138916015625 -0.0162296295166016 -0.0283966064453125
-0.0140914916992188 -0.131683349609375 -0.0107221603393555 -0.00122547149658204
0.0196456909179688 -0.130012512207031 -0.0266075134277344 0.00606346130371093
0.0873031616210938 -0.103721618652344 -0.0377273559570312 0.0207786560058594
0.13104248046875 -0.0446243286132813 -0.0424842834472656 -0.00637435913085938
0.133544921875 0.080413818359375 -0.0423431396484375 -0.0371627807617188
0.092529296875 0.158172607421875 0.000144958496093759 -0.0446929931640625
0.009552001953125 0.188644409179688 0.00432205200195313 0.00998401641845705
-0.0692901611328125 0.17706298828125 0.093505859375 0.0918350219726563
-0.008514404296875 0.184722900390625 0.0549240112304688 0.131744384765625
0.07818603515625 0.167129516601563 0.0671157836914063 0.10528564453125
0.151260375976563 0.0651092529296875 0.10015869140625 0.0499725341796875
0.134078979492188 -0.0348281860351563 0.072357177734375 -0.0025482177734375
0.0731964111328125 -0.117012023925781 0.0367813110351563 -0.0296516418457031
0.00551605224609375 -0.1279296875 0.00661563873291016 -0.0165205001831055
-0.00200653076171875 -0.119041442871094 -0.000386238098144531 0.0111494064331055
-0.00952911376953124 -0.135643005371094 0.00220489501953125 0.0391387939453125
0.022735595703125 -0.134162902832031 -0.0222663879394531 0.0450019836425781
0.0907516479492188 -0.101524353027344 -0.0390357971191406 0.0491600036621094
0.131210327148437 -0.0405807495117188 -0.0493850708007813 0.0131912231445312
0.123397827148438 0.0884475708007813 -0.0430068969726562 -0.0252571105957031
0.068450927734375 0.158706665039063 0.0134515762329102 -0.0150957107543945
-0.01959228515625 0.172348022460938 -0.003662109375 0.0692214965820313
-0.091033935546875 0.120620727539063 0.06072998046875 0.146514892578125
-0.042755126953125 0.145828247070312 0.0347900390625 0.165115356445313
0.0361480712890625 0.148391723632813 0.0490570068359375 0.11529541015625
0.116455078125 0.0759735107421875 0.0698432922363281 0.0664443969726562
0.115135192871094 -0.0166854858398438 0.0502433776855469 0.0252876281738281
0.0699310302734375 -0.0970001220703125 0.0292720794677734 0.0127525329589844
0.010955810546875 -0.110694885253906 0.0167865753173828 0.02655029296875
0.00204467773437501 -0.10369873046875 0.0150947570800781 0.0487403869628906
-0.00559234619140624 -0.121284484863281 0.016357421875 0.0753021240234375
0.0226974487304687 -0.119834899902344 -0.0170822143554687 0.0817413330078125
0.0850067138671875 -0.0887451171875 -0.0442657470703125 0.0750350952148438
0.118461608886719 -0.0276336669921875 -0.0579414367675781 0.0292243957519531
0.0993576049804688 0.0932159423828125 -0.0446662902832031 -0.01556396484375
0.034454345703125 0.148056030273438 0.0166435241699219 0.0127496719360352
-0.0499725341796875 0.136741638183594 -0.0231475830078125 0.118377685546875
-0.0908584594726562 0.0423507690429688 0.0338134765625 0.172393798828125
-0.0634536743164063 0.0818328857421875 0.0207061767578125 0.176284790039063
-0.00727081298828125 0.100189208984375 0.0352630615234375 0.110366821289063
0.0648269653320313 0.0630874633789063 0.0440750122070313 0.07086181640625
0.076080322265625 0.00072479248046875 0.0308609008789063 0.0434074401855469
0.0531044006347656 -0.0628623962402344 0.0218315124511719 0.0432472229003906
0.0123443603515625 -0.075531005859375 0.0228996276855469 0.0609512329101562
0.00511169433593749 -0.0734710693359375 0.0274734497070313 0.0777969360351562
0.00128173828125001 -0.088958740234375 0.0256500244140625 0.105239868164062
0.0213165283203125 -0.088348388671875 -0.01629638671875 0.11273193359375
0.0693130493164063 -0.0648345947265625 -0.0492782592773437 0.0977706909179688
0.0936355590820313 -0.0119400024414063 -0.0674896240234375 0.040740966796875
0.06561279296875 0.08685302734375 -0.049163818359375 -0.00960159301757813
-0.00251007080078124 0.117240905761719 0.0122737884521484 0.0349559783935547
-0.0715103149414062 0.0836639404296875 -0.049652099609375 0.153594970703125
0.066375732421875 -0.0090484619140625 0.0485382080078125 -0.16815185546875
0.030426025390625 -0.0664596557617187 0.00267791748046875 -0.0503997802734375
-0.0326347351074219 -0.0478782653808594 0.0518646240234375 0.00996017456054687
-0.0526924133300781 -0.00057220458984375 0.0961227416992188 -0.04290771484375
-0.0358734130859375 0.0315170288085938 0.0631637573242188 -0.107612609863281
-0.01031494140625 0.0469932556152344 0.00028228759765624 -0.136940002441406
-0.00324249267578125 0.0359840393066406 -0.0439910888671875 -0.1265869140625
-0.00853538513183594 0.0342731475830078 -0.0468063354492188 -0.0951690673828125
-0.0157356262207031 0.0391120910644531 -0.03668212890625 -0.075714111328125
-0.0316638946533203 0.0175590515136719 -0.0263671875 -0.0597953796386719
-0.0341510772705078 -0.014129638671875 -0.027740478515625 -0.057373046875
-0.00640869140625 -0.0451393127441406 -0.0284957885742188 -0.0736923217773437
0.0456314086914062 -0.0430030822753906 -0.0261764526367188 -0.113578796386719
0.078155517578125 -0.008056640625 -0.0221099853515625 -0.166610717773438
0.0756454467773438 0.03448486328125 -0.01025390625 -0.170608520507812
0.0605545043945313 0.0678977966308594 0.0818634033203125 -0.159210205078125
0.0570602416992188 -0.00762939453125 0.0263786315917969 -0.0459098815917969
0.0191898345947266 -0.0156383514404297 0.0656089782714844 0.0115203857421875
-0.000245094299316406 -0.013209342956543 0.111358642578125 -0.0435638427734375
-0.0029594898223877 0.000139474868774414 0.074920654296875 -0.109947204589844
0.000718116760253906 -0.00150942802429199 0.00691223144531251 -0.147796630859375
-0.0116367340087891 -0.0117588043212891 -0.044647216796875 -0.134056091308594
-0.0127477645874023 -0.0143880844116211 -0.0496444702148438 -0.0981521606445312
-0.0183849334716797 -0.0163822174072266 -0.0377883911132812 -0.0793609619140625
-0.0140209197998047 -0.0304012298583984 -0.02685546875 -0.0645751953125
0.00870132446289063 -0.0407142639160156 -0.0269660949707031 -0.0517044067382813
0.0429267883300781 -0.03692626953125 -0.0269584655761719 -0.0670623779296875
0.0794906616210938 0.010467529296875 -0.0309982299804688 -0.0923080444335938
0.0897903442382813 0.0622711181640625 -0.023773193359375 -0.142303466796875
0.0647735595703125 0.102958679199219 -0.000167846679687489 -0.1434326171875
0.0446624755859375 0.137298583984375 0.106185913085938 -0.120452880859375
0.07244873046875 0.0623321533203125 0.0464401245117188 -0.0176887512207031
0.0685462951660156 0.030303955078125 0.0787506103515625 0.0306015014648438
0.0595855712890625 -0.00994491577148438 0.126930236816406 -0.031463623046875
0.0401763916015625 -0.0305099487304688 0.0900497436523438 -0.09930419921875
0.0154609680175781 -0.0510978698730469 0.0178070068359375 -0.14178466796875
-0.0128517150878906 -0.0596237182617187 -0.0359649658203125 -0.125961303710938
-0.016815185546875 -0.0561447143554688 -0.0454559326171875 -0.0869827270507813
-0.01922607421875 -0.0662994384765625 -0.0347023010253906 -0.0625190734863281
0.00308227539062499 -0.0748825073242188 -0.0319747924804688 -0.0508575439453125
0.045501708984375 -0.0722274780273438 -0.0334453582763672 -0.0331001281738281
0.086456298828125 -0.0414199829101563 -0.0334129333496094 -0.0477638244628906
0.108146667480469 0.0413284301757813 -0.0406951904296875 -0.0742874145507812
0.101898193359375 0.1083984375 -0.0253067016601562 -0.109855651855469
0.0555572509765625 0.1536865234375 0.00159454345703126 -0.103584289550781
0.0127716064453125 0.1846923828125 0.118240356445313 -0.0642471313476562
0.069061279296875 0.132110595703125 0.060791015625 0.0231399536132813
0.101829528808594 0.087890625 0.086456298828125 0.0558853149414063
0.117317199707031 0.00313568115234375 0.131271362304688 -0.00872802734375
0.0861663818359375 -0.0485992431640625 0.095428466796875 -0.0753097534179688
0.03753662109375 -0.09527587890625 0.0300445556640625 -0.115646362304688
-0.0129013061523438 -0.0993270874023437 -0.0232772827148438 -0.100692749023437
-0.0176010131835937 -0.09283447265625 -0.0345191955566406 -0.0601997375488281
-0.022796630859375 -0.105705261230469 -0.0244560241699219 -0.0359420776367188
0.00773620605468749 -0.109992980957031 -0.0317440032958984 -0.0254230499267578
0.0670700073242188 -0.09375 -0.0348091125488281 -0.0077342987060547
0.113922119140625 -0.0516128540039063 -0.0387039184570312 -0.0264930725097656
0.134384155273438 0.0592117309570313 -0.0453567504882812 -0.0550193786621094
0.108039855957031 0.138916015625 -0.0168914794921875 -0.0771102905273437
0.0413055419921875 0.180313110351562 0.00662612915039063 -0.0506324768066406
-0.0248260498046875 0.203643798828125 0.115333557128906 0.012298583984375
0.0452117919921875 0.173873901367188 0.0684280395507813 0.07659912109375
0.114631652832031 0.137016296386719 0.0826873779296875 0.0839157104492188
0.154006958007813 0.0310211181640625 0.124275207519531 0.0216064453125
0.118682861328125 -0.0566329956054688 0.0916671752929688 -0.0438385009765625
0.05242919921875 -0.119956970214844 0.0347900390625 -0.0784912109375
-0.00628662109375001 -0.12286376953125 -0.00748443603515625 -0.0624580383300781
-0.01409912109375 -0.114677429199219 -0.0201492309570312 -0.0255508422851563
-0.0217971801757813 -0.128555297851563 -0.0129795074462891 0.00101852416992187
0.00868988037109375 -0.131591796875 -0.0271320343017578 0.00976181030273436
0.0792388916015625 -0.109664916992188 -0.0387687683105469 0.0238914489746094
0.127128601074219 -0.0529632568359375 -0.044891357421875 -0.00594711303710938
0.136604309082031 0.0699844360351562 -0.0446052551269531 -0.0367889404296875
0.102752685546875 0.151931762695312 -0.00359344482421874 -0.0480384826660156
0.0189056396484375 0.188705444335938 0.00657939910888672 0.0110244750976563
-0.0544281005859375 0.183441162109375 0.0958480834960938 0.0860977172851563
0.00366210937499998 0.181549072265625 0.058258056640625 0.1268310546875
0.0896148681640625 0.160415649414063 0.0716171264648438 0.104026794433594
0.152847290039062 0.05572509765625 0.10345458984375 0.04541015625
0.131858825683594 -0.04327392578125 0.0723190307617188 -0.00553131103515625
0.0637664794921875 -0.121841430664062 0.0380783081054688 -0.0307197570800781
-0.00261688232421875 -0.126815795898438 0.00404453277587891 -0.0172615051269531
-0.0102157592773438 -0.116035461425781 -0.00121498107910156 0.0122928619384766
-0.0203781127929688 -0.135345458984375 0.00359344482421875 0.039337158203125
0.0117568969726562 -0.134529113769531 -0.0220184326171875 0.0461006164550781
0.084259033203125 -0.106483459472656 -0.0347442626953125 0.0496902465820312
0.12896728515625 -0.050994873046875 -0.0492973327636719 0.0136947631835937
0.128021240234375 0.0823440551757813 -0.04486083984375 -0.0249900817871094
0.0784912109375 0.1522216796875 0.00832748413085938 -0.0165691375732422
-0.0104827880859375 0.173019409179688 -0.00241470336914062 0.0670509338378907
-0.079498291015625 0.124320983886719 0.0698394775390625 0.141098022460938
-0.032684326171875 0.148895263671875 0.0447998046875 0.161422729492188
0.045623779296875 0.147811889648438 0.0562820434570313 0.114784240722656
0.1231689453125 0.066314697265625 0.07147216796875 0.0652694702148438
0.115180969238281 -0.02490234375 0.049774169921875 0.0247154235839844
0.0605239868164062 -0.101730346679687 0.0289554595947266 0.00894546508789062
0.00121307373046874 -0.110969543457031 0.0169563293457031 0.02587890625
-0.00425720214843751 -0.101402282714844 0.017974853515625 0.048309326171875
-0.0151748657226563 -0.118431091308594 0.0192108154296875 0.073394775390625
0.0113754272460937 -0.116279602050781 -0.0140762329101562 0.0792312622070312
0.0787277221679688 -0.0947494506835938 -0.039886474609375 0.077667236328125
0.114349365234375 -0.032989501953125 -0.0558929443359375 0.0328598022460938
0.104827880859375 0.0870895385742188 -0.0457954406738281 -0.0164070129394531
0.0441741943359375 0.142669677734375 0.0186290740966797 0.00999450683593751
-0.041748046875 0.13983154296875 -0.0150985717773437 0.118743896484375
-0.0855941772460938 0.0490036010742187 0.03948974609375 0.169219970703125
-0.0560989379882813 0.0832672119140625 0.0291595458984375 0.173736572265625
0.000183105468750009 0.0987930297851563 0.0394668579101563 0.10784912109375
0.0690879821777344 0.0566062927246094 0.0500869750976563 0.0702896118164063
0.0726470947265625 -0.0063629150390625 0.032470703125 0.0408439636230469
0.047882080078125 -0.0665245056152344 0.0269622802734375 0.0408821105957031
0.00574493408203125 -0.0725784301757813 0.0291252136230469 0.0604400634765625
-0.000411987304687492 -0.0725860595703125 0.0270309448242187 0.0789794921875
-0.00286865234375001 -0.0889816284179688 0.0285797119140625 0.103790283203125
0.0141372680664062 -0.0894393920898438 -0.00993347167968751 0.112556457519531
0.0622901916503906 -0.0688819885253906 -0.0449371337890625 0.100616455078125
0.0934371948242188 -0.0171127319335938 -0.0683746337890625 0.0433158874511719
0.070037841796875 0.0791702270507813 -0.0508995056152344 -0.00620651245117187
0.00390624999999999 0.116004943847656 0.0148086547851563 0.0342731475830078
-0.06610107421875 0.0868988037109375 -0.04022216796875 0.151626586914063
0.065399169921875 -0.00864028930664063 0.0442047119140625 -0.167251586914063
0.0244178771972656 -0.066009521484375 0.00333023071289063 -0.0494461059570313
-0.0350303649902344 -0.0460319519042969 0.0530967712402344 0.00943756103515625
-0.0520973205566406 0.000972747802734365 0.094268798828125 -0.0442352294921875
-0.0327777862548828 0.0334033966064453 0.05963134765625 -0.107597351074219
-0.00687026977539062 0.0474739074707031 -0.00328826904296874 -0.135658264160156
0.000625610351562502 0.0360603332519531 -0.0471420288085937 -0.124183654785156
-0.0078887939453125 0.0341472625732422 -0.0486221313476562 -0.0923385620117188
-0.0144882202148438 0.0362167358398438 -0.0393295288085937 -0.0738525390625
-0.0294094085693359 0.0175304412841797 -0.0288619995117187 -0.0615768432617188
-0.0346908569335938 -0.0129795074462891 -0.0298995971679687 -0.0557518005371094
-0.00878524780273438 -0.0412673950195313 -0.0319442749023438 -0.0748138427734375
0.0432090759277344 -0.042449951171875 -0.02667236328125 -0.110725402832031
0.0763320922851563 -0.008941650390625 -0.02630615234375 -0.164596557617188
0.0763320922851563 0.0323944091796875 -0.01483154296875 -0.170639038085938
0.0645179748535156 0.0641593933105469 0.0745086669921875 -0.159942626953125
0.0547904968261719 -0.0101661682128906 0.0223274230957031 -0.0447120666503906
0.0168266296386719 -0.0150880813598633 0.0645256042480469 0.0147171020507812
-0.000265121459960938 -0.0102872848510742 0.109138488769531 -0.0455551147460938
-0.00156688690185547 0.000291585922241211 0.0724945068359375 -0.109626770019531
0.00190353393554687 -0.00188028812408447 0.00268554687499999 -0.144989013671875
-0.00827980041503907 -0.0113344192504883 -0.0481414794921875 -0.130516052246094
-0.0130901336669922 -0.0112724304199219 -0.05133056640625 -0.094207763671875
-0.0170726776123047 -0.015538215637207 -0.0402984619140625 -0.075653076171875
-0.0127906799316406 -0.0296916961669922 -0.0320014953613281 -0.0629806518554688
0.00957107543945313 -0.0408401489257813 -0.0303916931152344 -0.0516777038574219
0.0421409606933594 -0.0381126403808594 -0.0299110412597656 -0.0659141540527344
0.0764999389648438 0.00664520263671875 -0.0313796997070312 -0.0935516357421875
0.0895156860351563 0.056976318359375 -0.0265655517578125 -0.141082763671875
0.0675811767578125 0.10089111328125 -0.00494384765625001 -0.14678955078125
0.0469207763671875 0.133712768554688 0.0999679565429688 -0.124382019042969
0.0725784301757813 0.0603103637695313 0.04400634765625 -0.0213699340820312
0.0689048767089844 0.0291671752929688 0.0783233642578125 0.0303268432617188
0.0610618591308594 -0.0112991333007813 0.124336242675781 -0.0350341796875
0.0398902893066406 -0.0324745178222656 0.0855789184570313 -0.100021362304688
0.0131416320800781 -0.0524101257324219 0.014190673828125 -0.138786315917969
-0.0139083862304688 -0.0582351684570313 -0.0408554077148438 -0.121223449707031
-0.0158233642578125 -0.0554466247558594 -0.0478286743164062 -0.081512451171875
-0.0200729370117188 -0.0647811889648438 -0.0380859375 -0.0600662231445313
-0.000434875488281246 -0.0743179321289063 -0.0362091064453125 -0.0482063293457031
0.0422515869140625 -0.0691299438476563 -0.0355720520019531 -0.0330009460449219
0.082733154296875 -0.042877197265625 -0.0348434448242187 -0.049835205078125
0.108535766601562 0.0371551513671875 -0.03997802734375 -0.0741653442382813
0.104362487792969 0.103950500488281 -0.0269927978515625 -0.1094970703125
0.05859375 0.151290893554688 -0.000564575195312495 -0.104866027832031
0.0175018310546875 0.181411743164063 0.114112854003906 -0.067047119140625
0.07061767578125 0.127037048339844 0.0603485107421875 0.0209503173828125
0.106369018554688 0.0838394165039063 0.0855331420898438 0.0535125732421875
0.117668151855469 0.0003509521484375 0.131103515625 -0.012420654296875
0.0823974609375 -0.0535430908203125 0.0919570922851563 -0.0765304565429688
0.0307693481445313 -0.0948715209960938 0.026702880859375 -0.114692687988281
-0.0154342651367188 -0.0975570678710938 -0.0275497436523438 -0.0983200073242188
-0.0181961059570312 -0.0902328491210938 -0.0380897521972656 -0.0561180114746094
-0.0242691040039063 -0.103759765625 -0.0281429290771484 -0.0323600769042969
0.0033721923828125 -0.107612609863281 -0.035675048828125 -0.0220375061035156
0.0634841918945313 -0.09588623046875 -0.0383338928222656 -0.00724411010742188
0.110099792480469 -0.0531997680664063 -0.04010009765625 -0.029388427734375
0.132072448730469 0.0546340942382812 -0.045684814453125 -0.0540199279785156
0.114051818847656 0.131484985351563 -0.0170211791992187 -0.0778732299804687
0.0438690185546875 0.17840576171875 0.00112152099609376 -0.0510177612304687
-0.017547607421875 0.198150634765625 0.112167358398438 0.00804901123046876
0.0472869873046875 0.171432495117188 0.0666427612304688 0.0721664428710938
0.115898132324219 0.133094787597656 0.0842208862304688 0.0818023681640625
0.153472900390625 0.02398681640625 0.123664855957031 0.0177764892578125
0.116058349609375 -0.0583953857421875 0.0878448486328125 -0.0416488647460938
0.0467300415039062 -0.120559692382813 0.0338516235351563 -0.0775146484375
-0.0128250122070313 -0.121734619140625 -0.0113525390625 -0.0617790222167969
-0.016754150390625 -0.111312866210937 -0.0213947296142578 -0.0229568481445313
-0.025848388671875 -0.126441955566406 -0.011530876159668 0.00155067443847656
0.00424957275390625 -0.129661560058594 -0.0289211273193359 0.0126285552978516
0.074615478515625 -0.110977172851562 -0.0382919311523437 0.0230827331542969
0.124298095703125 -0.0585861206054687 -0.0434036254882812 -0.00765228271484375
0.13922119140625 0.0654296875 -0.0461997985839844 -0.037811279296875
0.105850219726563 0.145721435546875 -0.00396347045898437 -0.0465736389160156
0.0247344970703125 0.184600830078125 0.00466632843017578 0.00797319412231447
-0.05029296875 0.179412841796875 0.0971145629882813 0.0793228149414063
0.00898742675781248 0.179611206054688 0.0601806640625 0.122383117675781
0.0933685302734375 0.15582275390625 0.0713882446289063 0.101615905761719
0.155319213867188 0.04833984375 0.100135803222656 0.045074462890625
0.127510070800781 -0.0481796264648437 0.0719985961914063 -0.00562286376953125
0.0579376220703125 -0.123580932617188 0.0351409912109375 -0.0331554412841797
-0.00740051269531249 -0.126121520996094 0.00436592102050781 -0.0172252655029297
-0.01458740234375 -0.116287231445313 -0.00220108032226563 0.0127182006835937
-0.0239639282226563 -0.130744934082031 0.00371170043945312 0.0391578674316406
0.00627136230468751 -0.132575988769531 -0.0207061767578125 0.0475730895996094
0.0789794921875 -0.111351013183594 -0.0369300842285156 0.05157470703125
0.124557495117187 -0.0533981323242187 -0.0492324829101562 0.0129776000976563
0.131034851074219 0.0752487182617188 -0.0456352233886719 -0.0254325866699219
0.0843505859375 0.149520874023437 0.00976371765136719 -0.0186672210693359
-0.00431823730468749 0.171401977539063 0.00115203857421875 0.0648765563964844
-0.0745391845703125 0.126594543457031 0.0711669921875 0.137130737304688
-0.028839111328125 0.146133422851563 0.04681396484375 0.15777587890625
0.05157470703125 0.143310546875 0.05419921875 0.110450744628906
0.122703552246094 0.0608749389648438 0.0732955932617188 0.0631561279296875
0.11199951171875 -0.0284805297851563 0.0512924194335938 0.0244407653808594
0.056488037109375 -0.103408813476563 0.0302715301513672 0.00934982299804687
-0.00260162353515625 -0.108940124511719 0.0171737670898437 0.024658203125
-0.00907897949218749 -0.101676940917969 0.0167922973632813 0.046966552734375
-0.0180206298828125 -0.117210388183594 0.02056884765625 0.0737457275390625
0.00809478759765626 -0.1182861328125 -0.0135040283203125 0.0837249755859375
0.0746917724609375 -0.0970535278320312 -0.03741455078125 0.0785369873046875
0.114112854003906 -0.0398330688476563 -0.0554962158203125 0.0318641662597656
0.107063293457031 0.0807342529296875 -0.0462799072265625 -0.0157737731933594
0.0477752685546875 0.139877319335938 0.0166110992431641 0.00633430480957032
-0.0359878540039063 0.139793395996094 -0.01171875 0.11529541015625
-0.081085205078125 0.0528945922851563 0.045166015625 0.168914794921875
-0.0540695190429688 0.0839462280273437 0.03277587890625 0.171646118164062
0.00466918945312499 0.0981292724609375 0.04095458984375 0.107284545898438
0.0687065124511719 0.0540313720703125 0.0467910766601563 0.0709304809570313
0.0748443603515625 -0.00911712646484375 0.0339431762695313 0.042083740234375
0.0422248840332031 -0.0664939880371094 0.0273590087890625 0.0405082702636719
0.0026702880859375 -0.0758819580078125 0.0292129516601562 0.0573387145996094
-0.00305938720703125 -0.0716705322265625 0.0321273803710938 0.07440185546875
-0.00910949707031249 -0.0865249633789063 0.0321502685546875 0.100654602050781
0.00888824462890626 -0.0889434814453125 -0.00940704345703126 0.111892700195312
0.0619277954101562 -0.0714492797851563 -0.0403366088867187 0.099761962890625
0.0892410278320313 -0.0220108032226563 -0.0649147033691406 0.0438232421875
0.0733642578125 0.0767898559570313 -0.0510063171386719 -0.00873184204101562
0.00786590576171876 0.1116943359375 0.0132579803466797 0.0304832458496094
-0.0636444091796875 0.0877914428710938 -0.03472900390625 0.152984619140625
0.0644760131835938 -0.0107994079589844 0.0408172607421875 -0.167327880859375
0.02178955078125 -0.0660858154296875 0.000232696533203123 -0.0489006042480469
-0.0349464416503906 -0.04443359375 0.05352783203125 0.0115509033203125
-0.051666259765625 0.002593994140625 0.09564208984375 -0.0456771850585938
-0.0318450927734375 0.0341072082519531 0.0599746704101563 -0.107757568359375
-0.00565719604492187 0.0474357604980469 -0.00433349609375 -0.136085510253906
0.00224685668945313 0.0355911254882813 -0.0482940673828125 -0.123641967773438
-0.00567245483398438 0.0354690551757813 -0.0488967895507813 -0.0921783447265625
-0.01239013671875 0.0360336303710938 -0.0400924682617187 -0.073455810546875
-0.0280857086181641 0.0182533264160156 -0.0290641784667969 -0.060150146484375
-0.0337142944335937 -0.0117034912109375 -0.0309677124023438 -0.0572547912597656
-0.0101394653320313 -0.0406227111816406 -0.0330429077148438 -0.076171875
0.0410194396972656 -0.0420150756835938 -0.02398681640625 -0.112846374511719
0.0744247436523438 -0.009368896484375 -0.024932861328125 -0.165191650390625
0.076629638671875 0.031707763671875 -0.0155181884765625 -0.173126220703125
0.0631027221679688 0.0643424987792969 0.072021484375 -0.160842895507813
0.0538711547851562 -0.00896072387695313 0.0206413269042969 -0.0446739196777344
0.0177822113037109 -0.0149497985839844 0.0654716491699219 0.01678466796875
0.0009307861328125 -0.00943088531494141 0.110374450683594 -0.045013427734375
0.000136077404022217 -0.000216707587242126 0.0731277465820313 -0.110099792480469
0.000977993011474609 -0.00281620025634766 0.001678466796875 -0.144622802734375
-0.00815105438232422 -0.0131978988647461 -0.0494155883789062 -0.129646301269531
-0.0117464065551758 -0.0114116668701172 -0.0527877807617187 -0.0921249389648438
-0.0160121917724609 -0.0157155990600586 -0.0421142578125 -0.073883056640625
-0.0115337371826172 -0.0292148590087891 -0.0337677001953125 -0.0619430541992188
0.00922775268554687 -0.0397720336914063 -0.0338249206542969 -0.0508766174316406
0.0422401428222656 -0.0370826721191406 -0.0326652526855469 -0.0672492980957031
0.0758056640625 0.0067291259765625 -0.03057861328125 -0.0957260131835938
0.0899505615234375 0.0568313598632813 -0.0261383056640625 -0.143081665039063
0.0682296752929687 0.100494384765625 -0.0060577392578125 -0.149383544921875
0.0475234985351562 0.133018493652344 0.097747802734375 -0.126693725585938
0.072601318359375 0.0602798461914063 0.0413589477539063 -0.0213775634765625
0.0696449279785156 0.0293388366699219 0.078399658203125 0.0323715209960938
0.0611076354980469 -0.0114326477050781 0.12457275390625 -0.0338973999023438
0.0400886535644531 -0.0325050354003906 0.08551025390625 -0.100021362304688
0.012908935546875 -0.05316162109375 0.0130538940429687 -0.138702392578125
-0.0143928527832031 -0.0590896606445313 -0.042236328125 -0.121299743652344
-0.0161170959472656 -0.0554466247558594 -0.049346923828125 -0.0794601440429688
-0.0213737487792969 -0.0640945434570312 -0.0393333435058594 -0.0586776733398438
-0.00186920166015625 -0.0738449096679688 -0.0375900268554687 -0.0477523803710938
0.0418052673339844 -0.0700912475585938 -0.0378189086914063 -0.0333328247070313
0.0829849243164062 -0.0439300537109375 -0.0377426147460938 -0.0513877868652344
0.108642578125 0.0372238159179688 -0.0390090942382812 -0.0762100219726563
0.105682373046875 0.103416442871094 -0.0257110595703125 -0.112205505371094
0.059356689453125 0.150909423828125 -0.00223541259765624 -0.107147216796875
0.0193023681640625 0.18255615234375 0.112754821777344 -0.068115234375
0.0721054077148438 0.12603759765625 0.058349609375 0.0201492309570313
0.108367919921875 0.0830535888671875 0.0854949951171875 0.055267333984375
0.118881225585938 -0.0017547607421875 0.130630493164063 -0.0115280151367188
0.08245849609375 -0.05462646484375 0.0918502807617187 -0.0757598876953125
0.0287246704101563 -0.0960617065429688 0.025482177734375 -0.115226745605469
-0.0167388916015625 -0.0978469848632813 -0.0291519165039063 -0.0970611572265625
-0.0187149047851563 -0.0910720825195313 -0.039031982421875 -0.0554466247558594
-0.0267333984375 -0.102775573730469 -0.0292472839355469 -0.0316791534423828
0.0024566650390625 -0.10833740234375 -0.0368270874023437 -0.0211868286132813
0.062469482421875 -0.0966339111328125 -0.0403099060058594 -0.00662612915039063
0.109619140625 -0.0560302734375 -0.0431556701660156 -0.030242919921875
0.13311767578125 0.0537872314453125 -0.0453758239746094 -0.0568122863769531
0.114593505859375 0.131065368652344 -0.0178604125976563 -0.0803375244140625
0.0467376708984375 0.179046630859375 0.00133895874023438 -0.0525550842285156
-0.015472412109375 0.200653076171875 0.111946105957031 0.00497436523437501
0.04864501953125 0.171432495117188 0.0649795532226563 0.0712432861328125
0.118263244628906 0.132156372070313 0.0829010009765625 0.082061767578125
0.15472412109375 0.022125244140625 0.122634887695313 0.0184555053710938
0.115715026855469 -0.0605239868164063 0.0878524780273438 -0.04132080078125
0.0448074340820313 -0.121803283691406 0.0330123901367188 -0.0776596069335938
-0.0144729614257813 -0.122100830078125 -0.0122528076171875 -0.0610275268554688
-0.019073486328125 -0.11199951171875 -0.0227222442626953 -0.0230865478515625
-0.0291976928710937 -0.126945495605469 -0.0139303207397461 0.00270366668701171
0.0024566650390625 -0.129066467285156 -0.0311546325683594 0.0135231018066406
0.0729751586914063 -0.114028930664063 -0.0397872924804688 0.0236778259277344
0.123336791992188 -0.06170654296875 -0.0460968017578125 -0.00847625732421876
0.141387939453125 0.063568115234375 -0.0465660095214844 -0.0399932861328125
0.109329223632813 0.1448974609375 -0.00373458862304687 -0.0492515563964844
0.0254974365234375 0.185821533203125 0.00278663635253906 0.00546312332153321
-0.0484619140625 0.1815185546875 0.0966262817382813 0.078094482421875
0.0105133056640625 0.179183959960938 0.059478759765625 0.121475219726563
0.09527587890625 0.15594482421875 0.0709915161132813 0.103645324707031
0.155670166015625 0.0461578369140625 0.100677490234375 0.0457992553710937
0.12725830078125 -0.0505294799804688 0.0726242065429688 -0.00429534912109375
0.0546798706054688 -0.124183654785156 0.03521728515625 -0.0329856872558594
-0.0100021362304688 -0.126251220703125 0.00336647033691406 -0.0178985595703125
-0.0156707763671875 -0.115943908691406 -0.00262737274169922 0.0135717391967773
-0.027740478515625 -0.132347106933594 0.00383758544921875 0.038055419921875
0.003082275390625 -0.132347106933594 -0.0213508605957031 0.0496101379394531
0.0763092041015625 -0.113899230957031 -0.0372543334960938 0.0529365539550781
0.124687194824219 -0.05657958984375 -0.0506248474121094 0.0119514465332031
0.132453918457031 0.0732269287109375 -0.0465126037597656 -0.0269012451171875
0.085235595703125 0.14739990234375 0.00899124145507813 -0.0211772918701172
-0.00308227539062501 0.172714233398438 0.000293731689453122 0.0634498596191406
-0.0714874267578125 0.128074645996094 0.0718841552734375 0.137214660644531
-0.025634765625 0.146530151367188 0.0454559326171875 0.15771484375
0.0527496337890625 0.142608642578125 0.0538177490234375 0.11248779296875
0.123359680175781 0.0578689575195313 0.0721206665039063 0.0647201538085938
0.111328125 -0.030792236328125 0.0518989562988281 0.0246391296386719
0.053131103515625 -0.104293823242188 0.0317096710205078 0.00866127014160156
-0.00417327880859375 -0.109443664550781 0.01788330078125 0.0253582000732422
-0.0109100341796875 -0.101493835449219 0.0165519714355469 0.048248291015625
-0.0209732055664063 -0.118087768554687 0.0209197998046875 0.07275390625
0.00537109375 -0.118110656738281 -0.0134048461914062 0.0844345092773437
0.0720901489257813 -0.09991455078125 -0.0374603271484375 0.0788192749023438
0.113739013671875 -0.0426177978515625 -0.0569992065429688 0.0293693542480469
0.109725952148438 0.0793304443359375 -0.0470008850097656 -0.0172119140625
0.0506134033203125 0.13836669921875 0.0166110992431641 0.00598716735839845
-0.0352935791015625 0.1402587890625 -0.011749267578125 0.114524841308594
-0.0795364379882813 0.0529708862304687 0.0464019775390625 0.16815185546875
-0.0522384643554687 0.0845108032226563 0.0312957763671875 0.172164916992188
0.0061492919921875 0.0980453491210938 0.03997802734375 0.1099853515625
0.07086181640625 0.0520401000976563 0.0488662719726563 0.0728530883789063
0.073974609375 -0.0104522705078125 0.0340843200683594 0.0435333251953125
0.04058837890625 -0.0680923461914063 0.0282516479492188 0.0403289794921875
0.000747680664062493 -0.0747833251953125 0.0289802551269531 0.057220458984375
-0.00554656982421875 -0.0719070434570313 0.032501220703125 0.0751800537109375
-0.0117950439453125 -0.0862197875976563 0.0331649780273438 0.101669311523438
0.00717926025390624 -0.0880508422851563 -0.0072021484375 0.113426208496094
0.0594635009765625 -0.0734710693359375 -0.0409164428710938 0.100456237792969
0.0897903442382813 -0.024383544921875 -0.0657272338867188 0.0434379577636719
0.07476806640625 0.0745468139648438 -0.0517768859863281 -0.0104179382324219
0.0107498168945313 0.111381530761719 0.0134201049804688 0.0283336639404297
-0.0623703002929688 0.0893173217773437 -0.03338623046875 0.152877807617188
0.064544677734375 -0.0102119445800781 0.039886474609375 -0.172439575195312
0.0211372375488281 -0.0678176879882812 -0.00152587890625 -0.04840087890625
-0.0359115600585938 -0.0450210571289063 0.0548133850097656 0.013763427734375
-0.0516395568847656 0.00417709350585936 0.0984115600585938 -0.0465316772460938
-0.0317268371582031 0.0354423522949219 0.0617446899414063 -0.11029052734375
-0.00407791137695312 0.0475540161132813 -0.00428009033203126 -0.138946533203125
0.00301742553710938 0.035736083984375 -0.05010986328125 -0.126327514648437
-0.00446701049804688 0.0364799499511719 -0.0504913330078125 -0.0932235717773437
-0.0113945007324219 0.0377616882324219 -0.041839599609375 -0.074615478515625
-0.0272560119628906 0.0192642211914062 -0.0302543640136719 -0.0615959167480469
-0.0335712432861328 -0.0104541778564453 -0.0338325500488281 -0.0588188171386719
-0.01068115234375 -0.0391921997070313 -0.034912109375 -0.0792236328125
0.0404129028320313 -0.0426101684570313 -0.0231094360351562 -0.116897583007812
0.0750503540039062 -0.0102462768554687 -0.0250396728515625 -0.170486450195313
0.0785369873046875 0.0309982299804688 -0.016326904296875 -0.1793212890625
0.0647239685058594 0.0666694641113281 0.070556640625 -0.1654052734375
0.0539283752441406 -0.00967025756835938 0.0192451477050781 -0.0438156127929688
0.0181484222412109 -0.0151653289794922 0.067779541015625 0.01983642578125
0.000931739807128906 -0.00887680053710938 0.114288330078125 -0.045745849609375
0.000644266605377197 -0.000560641288757324 0.0744781494140625 -0.111892700195312
0.00137138366699219 -0.00305986404418945 0.00140380859375001 -0.147598266601562
-0.00858402252197266 -0.0134735107421875 -0.051513671875 -0.131721496582031
-0.0117101669311523 -0.0115852355957031 -0.0551071166992188 -0.0932693481445312
-0.0165414810180664 -0.0155611038208008 -0.0440597534179687 -0.074310302734375
-0.0115013122558594 -0.0294551849365234 -0.0356979370117187 -0.0622634887695313
0.0089874267578125 -0.0401954650878906 -0.0358505249023438 -0.0528984069824219
0.0430526733398438 -0.0370292663574219 -0.0338363647460937 -0.0710525512695313
0.0762176513671875 0.00745391845703125 -0.03009033203125 -0.0996246337890625
0.0918197631835938 0.0575714111328125 -0.026397705078125 -0.1475830078125
0.0707473754882813 0.1031494140625 -0.00660705566406249 -0.154800415039063
0.0481338500976563 0.1365966796875 0.0975189208984375 -0.130950927734375
0.0730819702148438 0.0602645874023438 0.0402603149414063 -0.0212020874023437
0.072265625 0.0306472778320313 0.0801849365234375 0.035675048828125
0.0633392333984375 -0.0124702453613281 0.1279296875 -0.0340576171875
0.04193115234375 -0.033935546875 0.0875167846679688 -0.101814270019531
0.0121726989746094 -0.0549697875976562 0.0131988525390625 -0.1409912109375
-0.015899658203125 -0.0615615844726562 -0.0447463989257813 -0.12298583984375
-0.0168113708496094 -0.0570297241210937 -0.0514678955078125 -0.0804519653320313
-0.02252197265625 -0.06610107421875 -0.0413627624511719 -0.05902099609375
-0.0025634765625 -0.0748291015625 -0.0403251647949219 -0.0470161437988281
0.0415878295898438 -0.0715713500976563 -0.0404014587402344 -0.033905029296875
0.0843887329101563 -0.045654296875 -0.0406951904296875 -0.0546760559082031
0.110916137695313 0.0379562377929688 -0.0400238037109375 -0.0799942016601562
0.108787536621094 0.105026245117187 -0.0254669189453125 -0.1165771484375
0.0616912841796875 0.154693603515625 -0.0029144287109375 -0.112167358398437
0.0204010009765625 0.187210083007813 0.112457275390625 -0.0711288452148437
0.0736083984375 0.128608703613281 0.0571212768554688 0.0200119018554688
0.112174987792969 0.0850677490234375 0.0866241455078125 0.0593185424804688
0.121253967285156 -0.0025177001953125 0.133705139160156 -0.010589599609375
0.0840988159179688 -0.0571975708007813 0.0942764282226563 -0.0766754150390625
0.0276947021484375 -0.09881591796875 0.0250091552734375 -0.11773681640625
-0.0193557739257813 -0.100502014160156 -0.0319595336914063 -0.0983047485351563
-0.0209503173828125 -0.092437744140625 -0.0411911010742187 -0.0550346374511719
-0.028839111328125 -0.105667114257812 -0.0315475463867188 -0.0313625335693359
0.000160217285156249 -0.110725402832031 -0.0394096374511719 -0.018798828125
0.0623626708984375 -0.100868225097656 -0.04266357421875 -0.00647354125976563
0.112274169921875 -0.0583877563476563 -0.0460891723632812 -0.0326385498046875
0.136146545410156 0.0538406372070312 -0.0466117858886719 -0.0599136352539063
0.118675231933594 0.132659912109375 -0.0182266235351562 -0.084259033203125
0.047882080078125 0.183441162109375 0.000228881835937507 -0.056182861328125
-0.0148773193359375 0.204757690429688 0.112457275390625 0.00363159179687501
0.0504150390625 0.174575805664063 0.0645675659179688 0.07318115234375
0.122833251953125 0.135429382324219 0.0839004516601563 0.0866012573242188
0.15850830078125 0.0201568603515625 0.125694274902344 0.0201950073242188
0.118209838867188 -0.0637054443359375 0.0907516479492188 -0.0414657592773438
0.043060302734375 -0.12493896484375 0.0338211059570313 -0.079254150390625
-0.0173568725585937 -0.124656677246094 -0.0144996643066406 -0.0611648559570313
-0.0209884643554688 -0.114280700683594 -0.0240001678466797 -0.0216121673583984
-0.0324172973632812 -0.129859924316406 -0.0153226852416992 0.00341320037841796
0.000198364257812486 -0.132034301757813 -0.0332565307617188 0.0156402587890625
0.0724105834960937 -0.117713928222656 -0.0415878295898437 0.0244827270507812
0.124923706054688 -0.0648574829101563 -0.0513954162597656 -0.0102577209472656
0.14520263671875 0.0642242431640625 -0.0491943359375 -0.0425910949707031
0.11322021484375 0.1468505859375 -0.00379943847656249 -0.0531234741210937
0.0271759033203125 0.190536499023437 0.00241756439208985 0.00339436531066896
-0.047271728515625 0.185638427734375 0.0983123779296875 0.0789031982421875
0.0129852294921875 0.182815551757812 0.0593719482421875 0.124320983886719
0.10015869140625 0.160003662109375 0.0712661743164063 0.106513977050781
0.160232543945313 0.04400634765625 0.103050231933594 0.0489730834960938
0.129981994628906 -0.0529937744140625 0.07476806640625 -0.003662109375
0.0531692504882813 -0.127487182617188 0.035736083984375 -0.0340003967285156
-0.0127487182617187 -0.128746032714844 0.00358867645263672 -0.0165901184082031
-0.0186309814453125 -0.118125915527344 -0.00418376922607422 0.015690803527832
-0.0315628051757812 -0.134910583496094 0.00360107421875 0.0396614074707031
0.00121307373046874 -0.135284423828125 -0.0231094360351563 0.0525970458984375
0.0756683349609375 -0.118247985839844 -0.0383415222167969 0.0550537109375
0.126197814941406 -0.0616607666015625 -0.0542106628417969 0.0114898681640625
0.136497497558594 0.0731964111328125 -0.0487556457519531 -0.0293121337890625
0.089569091796875 0.149215698242188 0.00899887084960938 -0.0235843658447265
-0.0018157958984375 0.177734375 0.000511169433593745 0.0634078979492188
-0.070770263671875 0.131378173828125 0.0739669799804688 0.139305114746094
-0.0250091552734375 0.148788452148437 0.045379638671875 0.16168212890625
0.0557861328125 0.146041870117188 0.053955078125 0.115959167480469
0.127906799316406 0.0568008422851563 0.0738601684570313 0.0678329467773438
0.112510681152344 -0.0334320068359375 0.0532722473144531 0.0270729064941406
0.0515670776367188 -0.106842041015625 0.0323505401611328 0.00898551940917968
-0.00671386718750001 -0.111839294433594 0.0184345245361328 0.02593994140625
-0.0135726928710937 -0.103729248046875 0.0163078308105469 0.0500450134277344
-0.0253524780273438 -0.120246887207031 0.0214157104492188 0.07525634765625
0.00290679931640626 -0.120689392089844 -0.014007568359375 0.0877227783203125
0.07177734375 -0.103630065917969 -0.038299560546875 0.0816116333007813
0.114837646484375 -0.0461349487304688 -0.0593223571777344 0.0295639038085937
0.113296508789062 0.0793914794921875 -0.0501937866210938 -0.0188255310058594
0.0536575317382812 0.13916015625 0.0167789459228516 0.00402832031250001
-0.0342254638671875 0.144195556640625 -0.0107345581054688 0.116081237792969
-0.0804367065429687 0.054443359375 0.0487518310546875 0.173049926757813
-0.05242919921875 0.0862350463867188 0.031707763671875 0.176895141601563
0.00782012939453126 0.100318908691406 0.03985595703125 0.114013671875
0.0737686157226563 0.0509490966796875 0.0494613647460938 0.0759201049804688
0.075347900390625 -0.0126876831054687 0.0363273620605469 0.0454254150390625
0.0386390686035156 -0.0701103210449219 0.0287094116210938 0.0405311584472656
-0.00218963623046875 -0.0765304565429688 0.0301933288574219 0.0588150024414063
-0.0075836181640625 -0.07257080078125 0.0342178344726563 0.0768661499023438
-0.01385498046875 -0.0881576538085938 0.0350418090820313 0.103355407714844
0.00521087646484375 -0.0896835327148438 -0.00729370117187501 0.116706848144531
0.0579681396484375 -0.0770797729492188 -0.0416107177734375 0.103462219238281
0.0909576416015625 -0.0267562866210938 -0.0679054260253906 0.0438575744628906
0.07769775390625 0.0752029418945313 -0.0541877746582031 -0.010650634765625
0.011810302734375 0.1123046875 0.0139999389648438 0.0284080505371094
-0.0630950927734375 0.091705322265625 -0.0317535400390625 0.15594482421875
0.0661811828613281 -0.011566162109375 0.03619384765625 -0.1793212890625
0.0191802978515625 -0.0705413818359375 -0.00394821166992188 -0.0485801696777344
-0.0371246337890625 -0.0451202392578125 0.0590324401855469 0.0156745910644531
-0.0528450012207031 0.00652694702148437 0.102371215820313 -0.04974365234375
-0.0311088562011719 0.0379066467285156 0.062591552734375 -0.116851806640625
-0.00150299072265625 0.0497856140136719 -0.00776672363281251 -0.143936157226563
0.00445938110351562 0.0363235473632813 -0.055267333984375 -0.129776000976563
-0.00196456909179687 0.0377731323242188 -0.0546112060546875 -0.095123291015625
-0.00915145874023438 0.03997802734375 -0.0456619262695312 -0.0762710571289063
-0.0274486541748047 0.0211906433105469 -0.0336952209472656 -0.0635986328125
-0.0344257354736328 -0.00910186767578125 -0.0381278991699219 -0.0614662170410156
-0.0118064880371094 -0.0400581359863281 -0.0386810302734375 -0.083282470703125
0.0402259826660156 -0.0445632934570312 -0.0241165161132812 -0.123786926269531
0.077301025390625 -0.0122222900390625 -0.028411865234375 -0.178359985351563
0.08258056640625 0.0302505493164062 -0.0198211669921875 -0.188232421875
0.0671272277832031 0.0682296752929688 0.068939208984375 -0.174072265625
0.0550804138183594 -0.00999832153320312 0.0173187255859375 -0.0455780029296875
0.0194969177246094 -0.0146827697753906 0.0714874267578125 0.0214996337890625
0.0015864372253418 -0.00846481323242188 0.1177978515625 -0.049163818359375
0.00168192386627197 -0.000450015068054199 0.0763473510742188 -0.118324279785156
0.0014948844909668 -0.00353670120239258 -0.00096130371093751 -0.152801513671875
-0.00861930847167969 -0.0146112442016602 -0.05657958984375 -0.1356201171875
-0.0112600326538086 -0.0116252899169922 -0.0591278076171875 -0.0945816040039063
-0.0164575576782227 -0.0159215927124023 -0.048614501953125 -0.0754623413085938
-0.0122184753417969 -0.0300445556640625 -0.0397682189941406 -0.0638465881347656
0.00892257690429688 -0.0412254333496094 -0.0402603149414063 -0.0541267395019531
0.0438194274902344 -0.0385971069335938 -0.0389862060546875 -0.0753097534179688
0.0793838500976563 0.00730133056640625 -0.0312347412109375 -0.105728149414063
0.0958175659179688 0.0578842163085938 -0.0289764404296875 -0.155029296875
0.075469970703125 0.105018615722656 -0.01104736328125 -0.16326904296875
0.05328369140625 0.142196655273438 0.0965957641601563 -0.138259887695313
0.0763702392578125 0.0611419677734375 0.0398292541503906 -0.0220909118652344
0.0765914916992188 0.0303726196289063 0.0837020874023438 0.03778076171875
0.0657615661621094 -0.0149040222167969 0.132316589355469 -0.0372085571289063
0.0425491333007813 -0.0366401672363281 0.0899124145507813 -0.106529235839844
0.0106964111328125 -0.0580329895019531 0.010284423828125 -0.146530151367188
-0.0184402465820312 -0.0639801025390625 -0.0495681762695312 -0.125579833984375
-0.0187225341796875 -0.0584068298339844 -0.0558090209960937 -0.08026123046875
-0.0250244140625 -0.0677528381347656 -0.0451889038085938 -0.0592155456542969
-0.00473785400390625 -0.0770263671875 -0.0444526672363281 -0.0470352172851563
0.0416946411132813 -0.0760955810546875 -0.0447959899902344 -0.0346565246582031
0.08685302734375 -0.049407958984375 -0.0453948974609375 -0.0579261779785156
0.116813659667969 0.0376358032226563 -0.0420913696289062 -0.0849151611328125
0.115150451660156 0.107009887695313 -0.0281143188476562 -0.123161315917969
0.0673675537109375 0.160247802734375 -0.00637817382812498 -0.118576049804687
0.0244293212890625 0.194778442382813 0.113883972167969 -0.0766830444335937
0.0777587890625 0.131141662597656 0.0578842163085938 0.020294189453125
0.11871337890625 0.0869140625 0.0912551879882813 0.0630874633789063
0.126800537109375 -0.00571441650390625 0.138679504394531 -0.0126419067382813
0.08624267578125 -0.0624237060546875 0.0968399047851562 -0.0798568725585937
0.024993896484375 -0.103584289550781 0.0235595703125 -0.122550964355469
-0.0231552124023438 -0.104759216308594 -0.0353546142578125 -0.100555419921875
-0.0239334106445313 -0.0953445434570313 -0.0448799133300781 -0.0538825988769531
-0.0343093872070312 -0.108383178710938 -0.0343399047851563 -0.0306663513183594
-0.0041961669921875 -0.114852905273438 -0.0435829162597656 -0.0173759460449219
0.0613555908203125 -0.10711669921875 -0.0465087890625 -0.00570678710937501
0.11431884765625 -0.0636062622070313 -0.0521163940429687 -0.0357437133789063
0.143524169921875 0.0534820556640625 -0.050048828125 -0.0639533996582031
0.126380920410156 0.136131286621094 -0.01995849609375 -0.0892791748046875
0.0537567138671875 0.190750122070313 -0.0019073486328125 -0.0610275268554687
-0.0110931396484375 0.214523315429688 0.11553955078125 7.62939453125131E-05
0.0549774169921875 0.180099487304687 0.0657882690429688 0.0732040405273438
0.131629943847656 0.137901306152344 0.0880661010742188 0.0911407470703125
0.165420532226563 0.01568603515625 0.130615234375 0.0198822021484375
0.120925903320312 -0.0691070556640625 0.0939788818359375 -0.0426712036132813
0.0403289794921875 -0.131179809570313 0.0333938598632813 -0.0832138061523438
-0.0225448608398438 -0.129730224609375 -0.0168991088867188 -0.061920166015625
-0.0251388549804687 -0.118156433105469 -0.0267829895019531 -0.0196189880371094
-0.0391006469726562 -0.133949279785156 -0.0165338516235352 0.00465679168701171
-0.00542449951171874 -0.136772155761719 -0.0355415344238281 0.0182609558105469
0.070892333984375 -0.125617980957031 -0.0433082580566406 0.0262451171875
0.127349853515625 -0.0722427368164063 -0.0555534362792969 -0.0110549926757813
0.153350830078125 0.063079833984375 -0.0525321960449219 -0.0452766418457031
0.121063232421875 0.149490356445313 -0.00576400756835936 -0.0574836730957031
0.0322723388671875 0.198989868164063 0.00161683559417725 0.00214684009552003
-0.04510498046875 0.19451904296875 0.101417541503906 0.0786514282226563
0.0164947509765625 0.189056396484375 0.0612411499023437 0.127395629882813
0.108245849609375 0.163650512695313 0.0749130249023438 0.112266540527344
0.16778564453125 0.041046142578125 0.107894897460938 0.0499649047851563
0.132942199707031 -0.0586395263671875 0.0786285400390625 -0.00359344482421875
0.050506591796875 -0.134071350097656 0.0357513427734375 -0.0359535217285156
-0.0178146362304688 -0.133705139160156 0.00225067138671875 -0.0164403915405274
-0.0237197875976562 -0.1220703125 -0.00435638427734375 0.0178871154785156
-0.037872314453125 -0.138900756835938 0.00403213500976562 0.0427932739257812
-0.00512695312500001 -0.140571594238281 -0.0240936279296875 0.0565032958984375
0.0732879638671875 -0.126304626464844 -0.0397109985351562 0.0582962036132813
0.129051208496094 -0.0677108764648438 -0.0587081909179688 0.0122451782226562
0.144729614257813 0.072509765625 -0.0530738830566406 -0.0304107666015625
0.0972442626953125 0.152572631835938 0.00852203369140626 -0.0266666412353515
0.00222778320312502 0.185440063476563 0.00123977661132812 0.0648193359375
-0.07000732421875 0.138221740722656 0.0776519775390625 0.142669677734375
-0.02197265625 0.15521240234375 0.0484466552734375 0.167037963867188
0.06219482421875 0.151168823242188 0.056396484375 0.122093200683594
0.134078979492188 0.0538864135742187 0.0783615112304688 0.0700302124023438
0.115684509277344 -0.0380630493164063 0.0569038391113281 0.0286445617675781
0.0484771728515625 -0.113090515136719 0.034637451171875 0.00936317443847656
-0.01214599609375 -0.115875244140625 0.0185832977294922 0.0269622802734375
-0.0178146362304687 -0.107101440429688 0.016815185546875 0.0527839660644531
-0.0314254760742187 -0.124526977539062 0.0236663818359375 0.0783004760742187
-0.00155639648437501 -0.125213623046875 -0.0131683349609375 0.09271240234375
0.06982421875 -0.11090087890625 -0.0381393432617188 0.0869522094726563
0.117965698242188 -0.0520401000976562 -0.0633964538574219 0.0314445495605469
0.120811462402344 0.0784149169921875 -0.054351806640625 -0.0195274353027344
0.0593109130859375 0.143508911132813 0.0171527862548828 0.00260353088378907
-0.032379150390625 0.152175903320313 -0.00901794433593751 0.120269775390625
-0.0813751220703125 0.058380126953125 0.053192138671875 0.1796875
-0.0513153076171875 0.0904998779296875 0.0345916748046875 0.18389892578125
0.0117034912109375 0.104293823242187 0.0417633056640625 0.119285583496094
0.0776290893554688 0.0501251220703125 0.0528564453125 0.080291748046875
0.0770187377929688 -0.0156021118164063 0.0390663146972656 0.0484237670898438
0.0363693237304688 -0.073333740234375 0.0316810607910156 0.0416908264160156
-0.00420379638671875 -0.0788421630859375 0.0327949523925781 0.0608253479003906
-0.00958251953124999 -0.0753631591796875 0.0360107421875 0.0796737670898437
-0.0189285278320312 -0.0913162231445312 0.0383682250976563 0.107666015625
0.00218200683593751 -0.093170166015625 -0.00568389892578124 0.123016357421875
0.0574111938476563 -0.0816268920898438 -0.041015625 0.108108520507813
0.0930252075195313 -0.0308609008789063 -0.0723114013671875 0.0457916259765625
0.0827865600585938 0.0751266479492188 -0.0583457946777344 -0.010986328125
0.0155029296875 0.115547180175781 0.0151214599609375 0.0277061462402344
-0.06390380859375 0.0970230102539063 -0.02880859375 0.161666870117188
0.0668296813964844 -0.0136947631835937 0.027923583984375 -0.186767578125
0.0153884887695313 -0.0728607177734375 -0.00680923461914063 -0.0488204956054688
-0.0407905578613281 -0.0443153381347656 0.0629959106445312 0.0153617858886719
-0.0530509948730469 0.0100746154785156 0.105117797851563 -0.0552444458007813
-0.0290946960449219 0.039947509765625 0.0600357055664063 -0.123153686523438
0.00113296508789063 0.0508346557617187 -0.0137481689453125 -0.147796630859375
0.00653457641601563 0.0366401672363281 -0.0635528564453125 -0.131324768066406
0.000770568847656246 0.0380744934082031 -0.0600967407226562 -0.0955123901367188
-0.00621414184570313 0.0412750244140625 -0.051513671875 -0.0767059326171875
-0.0260353088378906 0.0231895446777344 -0.0379180908203125 -0.0644721984863281
-0.0351791381835938 -0.00681304931640626 -0.043548583984375 -0.0617408752441406
-0.0135459899902344 -0.0393409729003906 -0.0446701049804688 -0.0864944458007813
0.0384025573730469 -0.0468215942382813 -0.0296478271484375 -0.128959655761719
0.0780181884765625 -0.0163955688476563 -0.0354156494140625 -0.184677124023438
0.0859298706054688 0.0264434814453125 -0.029693603515625 -0.195083618164063
0.0719451904296875 0.0686721801757812 0.061370849609375 -0.182388305664063
0.0545158386230469 -0.0135307312011719 0.0140838623046875 -0.0468025207519531
0.0198936462402344 -0.0166149139404297 0.0753326416015625 0.0214157104492188
0.00174760818481445 -0.00856590270996094 0.120346069335938 -0.0545578002929688
0.00213038921356201 -0.000866174697875977 0.074066162109375 -0.125541687011719
0.00110983848571777 -0.00434494018554688 -0.0077667236328125 -0.157546997070313
-0.00986289978027344 -0.0152492523193359 -0.0647430419921875 -0.136482238769531
-0.0117225646972656 -0.0121307373046875 -0.0656585693359375 -0.0938568115234375
-0.0176353454589844 -0.0156517028808594 -0.0545883178710938 -0.0754470825195313
-0.0141525268554687 -0.0298652648925781 -0.0447578430175781 -0.0630035400390625
0.0077362060546875 -0.0422859191894531 -0.0454788208007813 -0.0547103881835937
0.0438995361328125 -0.0410995483398438 -0.0450210571289063 -0.0779800415039063
0.0815277099609375 0.00441741943359375 -0.0360183715820312 -0.110908508300781
0.101219177246094 0.0556259155273438 -0.0361175537109375 -0.161483764648438
0.082275390625 0.105766296386719 -0.0184478759765625 -0.170455932617187
0.06005859375 0.145797729492188 0.0920257568359375 -0.147994995117188
0.0800247192382813 0.05950927734375 0.0382652282714844 -0.0240898132324219
0.0810317993164062 0.028472900390625 0.08905029296875 0.0379180908203125
0.0673751831054688 -0.0187721252441406 0.1358642578125 -0.0420684814453125
0.0424308776855469 -0.0398750305175781 0.0892410278320312 -0.11346435546875
0.00754165649414062 -0.0609931945800781 0.00444030761718749 -0.151214599609375
-0.0225830078125 -0.0661087036132813 -0.0569229125976562 -0.12713623046875
-0.0219688415527344 -0.0595970153808594 -0.0619735717773437 -0.07855224609375
-0.029754638671875 -0.0687789916992188 -0.0506477355957031 -0.0579833984375
-0.00913238525390626 -0.0790481567382813 -0.049041748046875 -0.0454940795898438
0.0391082763671875 -0.0806961059570313 -0.0498237609863281 -0.0338897705078125
0.0873489379882813 -0.054534912109375 -0.051666259765625 -0.0595855712890625
0.12176513671875 0.0349044799804688 -0.0464935302734375 -0.0882492065429688
0.123649597167969 0.105308532714844 -0.0339279174804688 -0.128860473632813
0.076080322265625 0.163299560546875 -0.0131607055664062 -0.124168395996094
0.0333251953125 0.201065063476562 0.112510681152344 -0.0857009887695312
0.0844192504882813 0.131584167480469 0.0582847595214844 0.0184440612792969
0.128036499023438 0.0851669311523438 0.096893310546875 0.0637435913085938
0.130081176757813 -0.0122756958007813 0.142959594726563 -0.0169830322265625
0.0862655639648438 -0.0681381225585938 0.098175048828125 -0.0860595703125
0.019805908203125 -0.108177185058594 0.0196075439453125 -0.126922607421875
-0.0298385620117187 -0.107078552246094 -0.041046142578125 -0.100700378417969
-0.0293045043945312 -0.0975494384765625 -0.0491447448730469 -0.0515174865722656
-0.0411911010742188 -0.1107177734375 -0.0381660461425781 -0.0293502807617188
-0.0102310180664062 -0.117568969726563 -0.046844482421875 -0.0149879455566406
0.0576400756835938 -0.113998413085938 -0.0498504638671875 -0.00368118286132813
0.115119934082031 -0.0713958740234375 -0.058074951171875 -0.0352287292480469
0.150955200195313 0.0492401123046875 -0.0546722412109375 -0.0658226013183594
0.13653564453125 0.134170532226563 -0.0248184204101562 -0.0947265625
0.0632476806640625 0.196334838867188 -0.00569534301757812 -0.0645027160644531
-0.00241088867187498 0.22186279296875 0.117050170898437 -0.00566101074218749
0.0634918212890625 0.1820068359375 0.0689773559570313 0.0732574462890625
0.14227294921875 0.13812255859375 0.0942459106445313 0.0921707153320313
0.171432495117187 0.0083465576171875 0.135757446289063 0.0165481567382813
0.121109008789063 -0.077117919921875 0.0957489013671875 -0.0466156005859375
0.0343399047851563 -0.136665344238281 0.0311965942382813 -0.086822509765625
-0.030792236328125 -0.13299560546875 -0.0203971862792969 -0.0623703002929688
-0.0325775146484375 -0.120704650878906 -0.0289154052734375 -0.0167789459228516
-0.0486679077148438 -0.135612487792969 -0.0180168151855469 0.00674057006835936
-0.0133209228515625 -0.140159606933594 -0.0368156433105469 0.0225639343261719
0.06561279296875 -0.133682250976563 -0.0457916259765625 0.0296974182128906
0.128067016601562 -0.0808563232421875 -0.0610084533691406 -0.00945663452148437
0.161865234375 0.05804443359375 -0.057037353515625 -0.0465965270996094
0.13232421875 0.148513793945313 -0.00873947143554687 -0.0614433288574219
0.0418701171875 0.205276489257813 0.00070762634277344 0.000761628150939954
-0.039306640625 0.202651977539063 0.106559753417969 0.07659912109375
0.0245819091796875 0.19415283203125 0.06695556640625 0.128631591796875
0.1199951171875 0.165496826171875 0.0811538696289063 0.114814758300781
0.174179077148437 0.033843994140625 0.113227844238281 0.048858642578125
0.133094787597656 -0.0671768188476563 0.0811080932617188 -0.0054168701171875
0.0437164306640625 -0.140121459960938 0.0363273620605469 -0.0386886596679688
-0.0262374877929688 -0.136978149414063 0.00111961364746094 -0.0172195434570313
-0.0307235717773437 -0.124824523925781 -0.00485610961914063 0.0198287963867187
-0.0484771728515625 -0.1419677734375 0.00481796264648437 0.0445480346679687
-0.013336181640625 -0.143951416015625 -0.0229835510253906 0.0616989135742188
0.0682601928710938 -0.135841369628906 -0.0394706726074219 0.0623588562011719
0.129135131835937 -0.076751708984375 -0.0624504089355469 0.0148582458496094
0.153228759765625 0.0670166015625 -0.0568122863769531 -0.0308303833007812
0.10736083984375 0.152313232421875 0.00745010375976563 -0.0299015045166015
0.00999450683593752 0.1932373046875 0.00315475463867188 0.0654716491699219
-0.0656585693359375 0.146240234375 0.0854034423828125 0.1444091796875
-0.0157470703125 0.16094970703125 0.0553741455078125 0.170623779296875
0.0721588134765625 0.153671264648438 0.0627899169921875 0.12530517578125
0.139976501464844 0.0486068725585937 0.083099365234375 0.07135009765625
0.116432189941406 -0.0456314086914063 0.0606536865234375 0.0283584594726562
0.0426712036132813 -0.118263244628906 0.0359992980957031 0.00755691528320312
-0.018707275390625 -0.118705749511719 0.0208644866943359 0.027496337890625
-0.0244598388671875 -0.108894348144531 0.0196113586425781 0.0542259216308594
-0.0401763916015625 -0.1268310546875 0.0278167724609375 0.0800399780273437
-0.00963592529296874 -0.12872314453125 -0.0096435546875 0.0978240966796875
0.0648269653320313 -0.119316101074219 -0.0364913940429688 0.0908279418945312
0.118644714355469 -0.0609130859375 -0.0664253234863281 0.0351028442382813
0.128959655761719 0.074981689453125 -0.0578842163085937 -0.0190277099609375
0.0683746337890625 0.14471435546875 0.0180206298828125 7.43865966796964E-05
-0.0266571044921875 0.1585693359375 -0.00374603271484376 0.123374938964844
-0.0797653198242188 0.0638961791992187 0.0623321533203125 0.183181762695313
-0.048370361328125 0.0951461791992187 0.04193115234375 0.189895629882813
0.0176773071289062 0.107589721679687 0.0475540161132813 0.123138427734375
0.0822296142578125 0.0465164184570313 0.0586318969726563 0.082366943359375
0.0784683227539063 -0.0208587646484375 0.0433387756347656 0.0491294860839844
0.0330123901367187 -0.0772323608398438 0.0348587036132813 0.0415725708007812
-0.00872039794921874 -0.0796127319335938 0.0368003845214844 0.0618934631347656
-0.0149993896484375 -0.0761642456054688 0.0402755737304688 0.0808944702148438
-0.0258712768554687 -0.0923080444335937 0.0449066162109375 0.109733581542969
-0.00441741943359376 -0.0962371826171875 0.000274658203124998 0.127433776855469
0.0537109375 -0.0884246826171875 -0.0379486083984375 0.113731384277344
0.09423828125 -0.0373992919921875 -0.073486328125 0.0513076782226563
0.0888595581054688 0.0728302001953125 -0.0621528625488281 -0.0100822448730469
0.0217742919921875 0.117889404296875 0.0169639587402344 0.0267829895019531
-0.060455322265625 0.103431701660156 -0.02197265625 0.167312622070313
0.0670547485351563 -0.0157203674316406 0.018463134765625 -0.190139770507813
0.010589599609375 -0.0736541748046875 -0.010955810546875 -0.047576904296875
-0.0433845520019531 -0.04266357421875 0.0662307739257813 0.0143814086914062
-0.0520782470703125 0.0126190185546875 0.104866027832031 -0.0604782104492188
-0.0262489318847656 0.0420379638671875 0.0547943115234375 -0.12799072265625
0.004150390625 0.0502166748046875 -0.0206298828125 -0.148544311523437
0.0093231201171875 0.0360679626464844 -0.0707244873046875 -0.1300048828125
0.00374221801757812 0.03790283203125 -0.0658111572265625 -0.0934829711914062
-0.00239181518554688 0.041656494140625 -0.0565185546875 -0.0740737915039063
-0.0240154266357422 0.0248184204101562 -0.0425453186035156 -0.0636558532714844
-0.0345840454101562 -0.00400733947753907 -0.0488471984863281 -0.0602798461914063
-0.0148811340332031 -0.0387725830078125 -0.0494308471679688 -0.086578369140625
0.0360527038574219 -0.0484809875488281 -0.0344161987304687 -0.131858825683594
0.0773468017578125 -0.020477294921875 -0.0435791015625 -0.1865234375
0.087860107421875 0.0226516723632813 -0.0390472412109375 -0.198028564453125
0.0757293701171875 0.0677108764648438 0.051177978515625 -0.188217163085938
0.0531806945800781 -0.0153274536132812 0.0106925964355469 -0.0476036071777344
0.0196075439453125 -0.0173091888427734 0.0787734985351563 0.0203399658203125
0.00290203094482422 -0.00939083099365235 0.120491027832031 -0.060455322265625
0.00261545181274414 -0.00139069557189941 0.069580078125 -0.130615234375
0.00142908096313477 -0.00583124160766602 -0.0150604248046875 -0.159149169921875
-0.0117225646972656 -0.0156593322753906 -0.0729522705078125 -0.134407043457031
-0.0110435485839844 -0.0126132965087891 -0.070892333984375 -0.0911712646484375
-0.0179252624511719 -0.0151138305664063 -0.0596694946289063 -0.0724716186523438
-0.0152778625488281 -0.0294570922851563 -0.0496864318847656 -0.0610084533691406
0.00646209716796875 -0.0433273315429688 -0.0508308410644531 -0.0529594421386719
0.0427627563476563 -0.0432510375976563 -0.050506591796875 -0.0777969360351563
0.082550048828125 0.001800537109375 -0.0409317016601563 -0.11395263671875
0.104133605957031 0.0514450073242188 -0.0431976318359375 -0.163711547851563
0.0880661010742187 0.102684020996094 -0.02801513671875 -0.173690795898438
0.0677947998046875 0.145416259765625 0.0839080810546875 -0.154327392578125
0.0819778442382813 0.0571060180664063 0.0353279113769531 -0.0260162353515625
0.08392333984375 0.025390625 0.0926361083984375 0.0361862182617188
0.067718505859375 -0.0219345092773438 0.136276245117188 -0.0483245849609375
0.0416793823242188 -0.0429534912109375 0.085540771484375 -0.118759155273438
0.00458908081054687 -0.062469482421875 -0.00222778320312501 -0.153564453125
-0.0275421142578125 -0.0660171508789063 -0.0642776489257813 -0.125167846679688
-0.0247879028320313 -0.0595779418945313 -0.06646728515625 -0.0749282836914063
-0.0341033935546875 -0.0678939819335938 -0.0552749633789063 -0.0551071166992188
-0.0135040283203125 -0.0790252685546875 -0.0535011291503906 -0.0422782897949219
0.0351715087890625 -0.0837020874023438 -0.0538253784179688 -0.0319442749023438
0.0857772827148438 -0.0592575073242187 -0.0569114685058594 -0.0591583251953125
0.125198364257813 0.030242919921875 -0.0514450073242187 -0.090179443359375
0.130043029785156 0.100921630859375 -0.0402984619140625 -0.131370544433594
0.0842742919921875 0.162338256835938 -0.0202560424804687 -0.126670837402344
0.04278564453125 0.202651977539063 0.107368469238281 -0.092315673828125
0.0897140502929688 0.128501892089844 0.0571746826171875 0.0162200927734375
0.134437561035156 0.0803146362304688 0.100875854492188 0.0620498657226563
0.131050109863281 -0.01959228515625 0.1446533203125 -0.02215576171875
0.0837020874023438 -0.0735321044921875 0.0966262817382812 -0.0908050537109375
0.0134506225585938 -0.10992431640625 0.013916015625 -0.129631042480469
-0.0367431640625 -0.108161926269531 -0.0472869873046875 -0.0992279052734375
-0.0348052978515625 -0.097381591796875 -0.0521736145019531 -0.0479660034179688
-0.0489044189453125 -0.109138488769531 -0.0402908325195312 -0.0262870788574219
-0.0173416137695313 -0.117439270019531 -0.0492515563964844 -0.0111312866210938
0.0508804321289063 -0.118698120117188 -0.0522232055664063 -0.00145721435546875
0.112510681152344 -0.0790634155273438 -0.062835693359375 -0.0338859558105469
0.155563354492187 0.042877197265625 -0.0587654113769531 -0.0668601989746094
0.145111083984375 0.128997802734375 -0.0297622680664062 -0.0974273681640625
0.0735626220703125 0.196319580078125 -0.0102348327636719 -0.0667572021484375
0.00744628906249999 0.225341796875 0.116455078125 -0.0120849609375
0.0715484619140625 0.181060791015625 0.0709304809570313 0.0708847045898438
0.15228271484375 0.133316040039063 0.0992355346679688 0.0910415649414063
0.173019409179688 -0.0004730224609375 0.138633728027344 0.0122909545898438
0.11798095703125 -0.084228515625 0.096527099609375 -0.0507583618164063
0.02630615234375 -0.139747619628906 0.0273513793945313 -0.0893173217773438
-0.0389480590820312 -0.132614135742188 -0.0244216918945312 -0.0610313415527344
-0.0399017333984375 -0.119834899902344 -0.0307178497314453 -0.0135211944580078
-0.0585556030273438 -0.13427734375 -0.0191421508789063 0.00864982604980468
-0.0221176147460938 -0.140480041503906 -0.0370025634765625 0.0259284973144531
0.0578155517578125 -0.138969421386719 -0.0461921691894531 0.0322227478027344
0.124229431152344 -0.0890121459960938 -0.0646400451660156 -0.00672149658203127
0.167404174804688 0.050689697265625 -0.0608978271484375 -0.0459632873535156
0.140625 0.143157958984375 -0.0123977661132812 -0.0641899108886719
0.052581787109375 0.206680297851563 -1.71661376953093E-05 -0.00110995769500731
-0.0292205810546875 0.208084106445312 0.110130310058594 0.071746826171875
0.033538818359375 0.194320678710938 0.0710678100585938 0.127883911132813
0.130569458007813 0.161407470703125 0.08612060546875 0.11431884765625
0.1773681640625 0.0244293212890625 0.116950988769531 0.045806884765625
0.1307373046875 -0.0740203857421875 0.0831222534179688 -0.00774383544921875
0.035308837890625 -0.143463134765625 0.03564453125 -0.040985107421875
-0.0349578857421875 -0.136947631835937 0.000203132629394531 -0.0162744522094727
-0.03851318359375 -0.123886108398438 -0.00411605834960938 0.0228939056396484
-0.0592269897460938 -0.139701843261719 0.00664901733398437 0.0452194213867187
-0.022857666015625 -0.14447021484375 -0.0202293395996094 0.0646934509277344
0.0594940185546875 -0.141494750976563 -0.0380134582519531 0.06549072265625
0.125526428222656 -0.0852203369140625 -0.0648612976074219 0.0179252624511719
0.159744262695313 0.0599365234375 -0.0600051879882813 -0.0296516418457031
0.116729736328125 0.148025512695313 0.00531768798828126 -0.032989501953125
0.019805908203125 0.195220947265625 0.00601959228515624 0.0647239685058594
-0.058746337890625 0.15093994140625 0.0919036865234375 0.141586303710937
-0.00895690917968752 0.162704467773438 0.0621490478515625 0.170272827148438
0.082000732421875 0.152725219726563 0.067718505859375 0.126235961914063
0.144119262695313 0.04052734375 0.0874404907226563 0.0700302124023438
0.114654541015625 -0.0521697998046875 0.0638885498046875 0.0269279479980469
0.03607177734375 -0.120773315429688 0.0374298095703125 0.00559616088867187
-0.02593994140625 -0.117866516113281 0.0223274230957031 0.027252197265625
-0.0315170288085938 -0.108772277832031 0.0227203369140625 0.0559959411621094
-0.04962158203125 -0.125167846679688 0.0312271118164062 0.0804519653320312
-0.0179595947265625 -0.12896728515625 -0.00518798828124999 0.100639343261719
0.0574798583984375 -0.124649047851562 -0.0326690673828125 0.0940628051757812
0.115776062011719 -0.0676422119140625 -0.0671272277832031 0.0387153625488281
0.134429931640625 0.0686874389648438 -0.0607452392578125 -0.0172996520996094
0.0771331787109375 0.142547607421875 0.0176315307617188 -0.00234794616699218
-0.0190887451171875 0.162506103515625 0.00177001953124999 0.123634338378906
-0.0772628784179688 0.0684814453125 0.070343017578125 0.182464599609375
-0.04473876953125 0.0986251831054688 0.0507354736328125 0.190704345703125
0.024383544921875 0.108558654785156 0.0528411865234375 0.12445068359375
0.0856552124023438 0.0414276123046875 0.0628738403320313 0.0821533203125
0.0767364501953125 -0.0253143310546875 0.047271728515625 0.0488471984863281
0.0277557373046875 -0.0788421630859375 0.0378189086914063 0.0406036376953125
-0.0143356323242188 -0.0800399780273438 0.0402603149414063 0.0603141784667969
-0.0194931030273437 -0.0757293701171875 0.0446243286132813 0.0814132690429688
-0.0328521728515625 -0.0915679931640625 0.0510482788085937 0.108779907226563
-0.0104598999023438 -0.0961837768554688 0.00622558593749999 0.130271911621094
0.0481643676757813 -0.0923995971679688 -0.032989501953125 0.116943359375
0.0920867919921875 -0.0436630249023438 -0.0738906860351563 0.0562667846679688
0.0936660766601563 0.0687103271484375 -0.0642127990722656 -0.00775909423828124
0.0282974243164063 0.117759704589844 0.0185470581054688 0.0249271392822266
-0.0555648803710938 0.107917785644531 -0.013671875 0.169097900390625
0.0665969848632812 -0.0171928405761719 0.010650634765625 -0.189376831054688
0.00710296630859376 -0.0726165771484375 -0.0135765075683594 -0.0457115173339844
-0.0446510314941406 -0.0411491394042969 0.0683479309082031 0.0129814147949219
-0.0499992370605469 0.0144996643066406 0.103630065917969 -0.0637359619140625
-0.0240478515625 0.0418319702148437 0.0508804321289063 -0.129753112792969
0.00648117065429688 0.0493125915527344 -0.0244598388671875 -0.147994995117188
0.0102081298828125 0.0353813171386719 -0.0751876831054688 -0.127418518066406
0.00615692138671875 0.0364646911621094 -0.0682220458984375 -0.0916976928710937
-0.000118255615234371 0.0412101745605469 -0.05902099609375 -0.0720062255859375
-0.0223979949951172 0.0258159637451172 -0.0450096130371094 -0.06231689453125
-0.0333957672119141 -0.00238609313964843 -0.0513725280761719 -0.05914306640625
-0.0155296325683594 -0.0377998352050781 -0.0527572631835938 -0.0866622924804688
0.0337562561035156 -0.0489463806152344 -0.0376205444335938 -0.132942199707031
0.0755157470703125 -0.0224227905273437 -0.04876708984375 -0.185897827148438
0.0878143310546875 0.019317626953125 -0.0449981689453125 -0.19708251953125
0.0783157348632812 0.0659027099609375 0.043121337890625 -0.1890869140625
0.0506973266601563 -0.016082763671875 0.00719833374023438 -0.0470199584960938
0.0194664001464844 -0.0175399780273438 0.0803604125976563 0.0189895629882813
0.00306606292724609 -0.00919055938720703 0.119285583496094 -0.06365966796875
0.00372910499572754 -0.00180888175964355 0.0658645629882813 -0.132347106933594
0.000650882720947266 -0.00607681274414062 -0.0197296142578125 -0.158065795898438
-0.0120668411254883 -0.0151891708374023 -0.077484130859375 -0.131156921386719
-0.0110254287719727 -0.0122051239013672 -0.0734405517578125 -0.087890625
-0.0176467895507813 -0.0149116516113281 -0.0626373291015625 -0.0696868896484375
-0.0160121917724609 -0.0285358428955078 -0.0528602600097656 -0.0588150024414063
0.00580978393554688 -0.042572021484375 -0.0538253784179688 -0.0514335632324219
0.0414352416992188 -0.0442047119140625 -0.0541763305664062 -0.077880859375
0.0821456909179688 -3.0517578125E-05 -0.0431289672851562 -0.114997863769531
0.104667663574219 0.0479812622070313 -0.047698974609375 -0.164291381835938
0.0904617309570312 0.0995025634765625 -0.0341796875 -0.17364501953125
0.071746826171875 0.143997192382813 0.07659912109375 -0.15704345703125
0.0818252563476563 0.0542526245117188 0.0322685241699219 -0.026458740234375
0.0850753784179688 0.0222930908203125 0.0945663452148438 0.0354461669921875
0.0676002502441406 -0.0243873596191406 0.135284423828125 -0.0514068603515625
0.0403823852539063 -0.0441741943359375 0.0825958251953125 -0.12103271484375
0.00159454345703126 -0.0624465942382813 -0.0064544677734375 -0.153091430664063
-0.0303535461425781 -0.0653724670410156 -0.0686569213867188 -0.121490478515625
-0.026824951171875 -0.0589027404785156 -0.068115234375 -0.0713348388671875
-0.0363273620605469 -0.06671142578125 -0.0570945739746094 -0.0521888732910156
-0.0159683227539062 -0.07781982421875 -0.0552711486816406 -0.0394668579101563
0.031829833984375 -0.0841598510742188 -0.0567054748535156 -0.0297660827636719
0.0834503173828125 -0.0619049072265625 -0.0609054565429687 -0.0584373474121094
0.126625061035156 0.02703857421875 -0.05364990234375 -0.0913772583007813
0.132453918457031 0.0958099365234375 -0.0445709228515625 -0.132911682128906
0.089447021484375 0.159744262695313 -0.0247573852539062 -0.127449035644531
0.048675537109375 0.202423095703125 0.101806640625 -0.095977783203125
0.0920639038085937 0.125709533691406 0.0557022094726563 0.0145606994628906
0.137069702148437 0.0761871337890625 0.1031494140625 0.0614242553710938
0.130027770996094 -0.0239028930664063 0.1439208984375 -0.0252685546875
0.0812225341796875 -0.07537841796875 0.094635009765625 -0.0929489135742188
0.00915527343749999 -0.110244750976563 0.00998687744140624 -0.129432678222656
-0.041778564453125 -0.106277465820313 -0.05047607421875 -0.0966644287109375
-0.0379562377929688 -0.0957412719726563 -0.0534515380859375 -0.0438575744628906
-0.0531387329101563 -0.106536865234375 -0.0421981811523437 -0.0238037109375
-0.0218353271484375 -0.1162109375 -0.04986572265625 -0.00809478759765625
0.045745849609375 -0.119735717773438 -0.0542640686035156 0.000713348388671872
0.109573364257813 -0.082000732421875 -0.0661048889160156 -0.0324325561523438
0.157073974609375 0.03875732421875 -0.0613250732421875 -0.0672492980957031
0.149124145507813 0.123641967773438 -0.0330581665039063 -0.0990753173828125
0.0796356201171875 0.194869995117188 -0.0131416320800781 -0.0674781799316406
0.0142974853515625 0.225540161132812 0.113563537597656 -0.0162734985351562
0.0752105712890625 0.178573608398438 0.0699691772460938 0.0687332153320313
0.156890869140625 0.128402709960938 0.101127624511719 0.0903091430664063
0.172210693359375 -0.0067291259765625 0.138168334960938 0.00969696044921875
0.114700317382813 -0.0874710083007813 0.0959701538085938 -0.052703857421875
0.0201263427734375 -0.139839172363281 0.0245513916015625 -0.0902862548828125
-0.0448074340820312 -0.131004333496094 -0.0262908935546875 -0.0592002868652344
-0.0438003540039063 -0.117774963378906 -0.0302371978759766 -0.0103626251220703
-0.06402587890625 -0.130744934082031 -0.0192070007324219 0.0108814239501953
-0.0282669067382812 -0.138465881347656 -0.0364990234375 0.028961181640625
0.0507659912109375 -0.141326904296875 -0.0468788146972656 0.0344810485839844
0.120559692382813 -0.0936355590820313 -0.0661392211914062 -0.00491714477539063
0.169677734375 0.045257568359375 -0.0627555847167968 -0.0458106994628906
0.14605712890625 0.137496948242188 -0.0153770446777344 -0.0660591125488281
0.05865478515625 0.205780029296875 -0.00102078914642334 -0.00210988521575927
-0.0228118896484375 0.208831787109375 0.109825134277344 0.0677490234375
0.0384979248046875 0.192581176757813 0.073089599609375 0.124946594238281
0.137039184570313 0.157821655273438 0.0885467529296875 0.113273620605469
0.177536010742188 0.0177001953125 0.117507934570313 0.043853759765625
0.127693176269531 -0.078033447265625 0.084442138671875 -0.00960540771484375
0.0294952392578125 -0.1436767578125 0.0340194702148437 -0.0414924621582031
-0.040374755859375 -0.135169982910156 -0.000185966491699222 -0.0154886245727539
-0.0426254272460938 -0.122146606445312 -0.00293159484863282 0.0242767333984375
-0.0651702880859375 -0.1363525390625 0.0074310302734375 0.0460853576660156
-0.0290374755859375 -0.142486572265625 -0.0187568664550781 0.0665550231933594
0.0525360107421875 -0.143569946289063 -0.0373725891113281 0.0661773681640625
0.121971130371094 -0.0898361206054688 -0.0662727355957031 0.0200958251953125
0.161483764648437 0.0545501708984375 -0.0626220703125 -0.0288810729980469
0.121658325195313 0.143280029296875 0.00347709655761719 -0.0349903106689453
0.0260162353515625 0.194961547851563 0.00714111328125 0.0631790161132813
-0.0533905029296875 0.152923583984375 0.0948715209960938 0.138313293457031
-0.00427246093749999 0.16241455078125 0.0652313232421875 0.168533325195313
0.088104248046875 0.1505126953125 0.0708160400390625 0.124977111816406
0.14447021484375 0.035247802734375 0.08941650390625 0.0690994262695313
0.11236572265625 -0.0559158325195313 0.0657691955566406 0.0266151428222656
0.030548095703125 -0.12139892578125 0.0375823974609375 0.00408554077148437
-0.0305404663085937 -0.116653442382812 0.0234603881835937 0.0270328521728516
-0.035003662109375 -0.106689453125 0.0244522094726563 0.05609130859375
-0.0557327270507813 -0.121383666992188 0.0333709716796875 0.0791244506835937
-0.0240249633789062 -0.127151489257813 -0.00210571289062499 0.101387023925781
0.0506744384765625 -0.126678466796875 -0.0299758911132812 0.0944061279296875
0.112152099609375 -0.0728225708007813 -0.0672378540039063 0.0413322448730469
0.136955261230469 0.0633468627929688 -0.061920166015625 -0.0162391662597656
0.081146240234375 0.13800048828125 0.0166616439819336 -0.00473594665527343
-0.013519287109375 0.16326904296875 0.00518035888671875 0.122650146484375
-0.0743484497070313 0.0701751708984375 0.0754547119140625 0.180068969726563
-0.0409469604492187 0.0992889404296875 0.055084228515625 0.190155029296875
0.0286865234375 0.107566833496094 0.0554885864257813 0.123954772949219
0.0867843627929688 0.037353515625 0.06536865234375 0.0819015502929688
0.0743942260742188 -0.0284500122070312 0.0500373840332031 0.0483245849609375
0.0237655639648438 -0.0791778564453125 0.0393867492675781 0.0394515991210937
-0.0173721313476563 -0.0788192749023438 0.0425071716308594 0.0591201782226562
-0.0221633911132812 -0.0747909545898438 0.0472946166992187 0.08026123046875
-0.0371475219726563 -0.0889358520507813 0.0541305541992187 0.106231689453125
-0.015228271484375 -0.0949935913085938 0.0107955932617187 0.129676818847656
0.043731689453125 -0.0940017700195313 -0.029327392578125 0.117568969726563
0.0899887084960938 -0.0475921630859375 -0.0726089477539063 0.0584030151367188
0.095611572265625 0.0645980834960938 -0.0654945373535156 -0.00709152221679688
0.0317764282226563 0.115386962890625 0.0193443298339844 0.0219669342041016
-0.0520858764648437 0.109397888183594 -0.00859069824218752 0.168472290039063
0.0668182373046875 -0.0172538757324219 0.00758361816406252 -0.1895751953125
0.00523376464843749 -0.0719680786132813 -0.0155181884765625 -0.0448226928710938
-0.045684814453125 -0.04058837890625 0.0698318481445313 0.0136375427246094
-0.0496444702148438 0.0149421691894531 0.10491943359375 -0.0647735595703125
-0.0233688354492188 0.0419158935546875 0.0502243041992187 -0.130485534667969
0.0070648193359375 0.0488090515136719 -0.0251922607421875 -0.148345947265625
0.0110950469970703 0.0343818664550781 -0.0768890380859375 -0.127120971679688
0.0075531005859375 0.0355873107910156 -0.0694808959960937 -0.0909347534179688
0.00214004516601562 0.0401840209960938 -0.05987548828125 -0.0713653564453125
-0.0204143524169922 0.0258998870849609 -0.0466079711914063 -0.0620765686035156
-0.0325393676757813 -0.00138092041015625 -0.0526046752929688 -0.0588951110839844
-0.0155868530273438 -0.0373649597167969 -0.0543899536132812 -0.0882797241210938
0.0331230163574219 -0.0490760803222656 -0.0376052856445313 -0.135551452636719
0.074615478515625 -0.0231552124023438 -0.0494842529296875 -0.187713623046875
0.088134765625 0.0186386108398438 -0.0464324951171875 -0.199249267578125
0.0794143676757813 0.0665512084960938 0.0400390625 -0.189208984375
0.0490951538085938 -0.0157470703125 0.00527191162109375 -0.0462112426757812
0.0194816589355469 -0.0180282592773438 0.0824432373046875 0.019805908203125
0.00348377227783203 -0.00944900512695313 0.120391845703125 -0.0637893676757813
0.0041196346282959 -0.00201129913330078 0.0654983520507813 -0.133460998535156
0.000448703765869141 -0.00626897811889649 -0.020965576171875 -0.157882690429687
-0.0129566192626953 -0.01605224609375 -0.0789794921875 -0.130950927734375
-0.010746955871582 -0.0129785537719727 -0.073883056640625 -0.0870361328125
-0.0174617767333984 -0.0153770446777344 -0.06390380859375 -0.0684432983398438
-0.0154533386230469 -0.0280876159667969 -0.053955078125 -0.0580978393554687
0.00554275512695312 -0.0424766540527344 -0.0555839538574219 -0.0509185791015625
0.041473388671875 -0.0445175170898438 -0.05645751953125 -0.0791778564453125
0.0824813842773438 -6.103515625E-05 -0.0434722900390625 -0.117713928222656
0.10504150390625 0.0466995239257813 -0.0487823486328125 -0.166839599609375
0.09173583984375 0.099884033203125 -0.035064697265625 -0.175430297851563
0.0736846923828125 0.144683837890625 0.0730438232421875 -0.158401489257813
0.0809173583984375 0.0550155639648438 0.0301570892333984 -0.0260715484619141
0.0865402221679688 0.0218963623046875 0.0959091186523438 0.0365982055664063
0.0670967102050781 -0.025665283203125 0.135971069335938 -0.0515975952148438
0.04071044921875 -0.0445709228515625 0.08282470703125 -0.121253967285156
0.000694274902343747 -0.0625 -0.00785827636718751 -0.153411865234375
-0.0320053100585938 -0.065460205078125 -0.0707015991210937 -0.120567321777344
-0.02716064453125 -0.0594940185546875 -0.0683021545410156 -0.0695114135742188
-0.0372390747070312 -0.0662574768066406 -0.0586280822753906 -0.050811767578125
-0.0172653198242188 -0.07757568359375 -0.0568351745605469 -0.0377578735351563
0.0313262939453125 -0.0844192504882812 -0.0588417053222656 -0.0289306640625
0.0835342407226563 -0.0627975463867188 -0.0629386901855469 -0.0592994689941406
0.127784729003906 0.0270767211914063 -0.0542755126953125 -0.0944900512695313
0.133216857910156 0.0952377319335938 -0.0456314086914062 -0.135459899902344
0.090576171875 0.160888671875 -0.02593994140625 -0.128753662109375
0.0502777099609375 0.202880859375 0.099273681640625 -0.0973587036132812
0.0909347534179688 0.126068115234375 0.053009033203125 0.0140113830566406
0.139640808105469 0.0752716064453125 0.104095458984375 0.0623397827148438
0.130020141601563 -0.0256576538085938 0.144805908203125 -0.0247650146484375
0.0810928344726562 -0.076812744140625 0.0952606201171875 -0.0932693481445313
0.007171630859375 -0.110595703125 0.00896453857421874 -0.12994384765625
-0.04388427734375 -0.105987548828125 -0.0524673461914062 -0.09619140625
-0.0391159057617188 -0.096038818359375 -0.0532302856445313 -0.0419120788574219
-0.0551910400390625 -0.105735778808594 -0.043609619140625 -0.0224876403808594
-0.0241928100585938 -0.116012573242188 -0.0512466430664062 -0.00651931762695314
0.0434722900390625 -0.120681762695313 -0.05596923828125 0.00154113769531249
0.108024597167969 -0.083740234375 -0.0682296752929688 -0.0327339172363281
0.159072875976562 0.03765869140625 -0.0623512268066406 -0.0697059631347656
0.150222778320312 0.122055053710937 -0.0348281860351563 -0.101844787597656
0.0812530517578125 0.195602416992188 -0.01458740234375 -0.0685157775878906
0.0155792236328125 0.227294921875 0.111213684082031 -0.0175323486328125
0.07513427734375 0.1778564453125 0.0680503845214844 0.0688095092773438
0.159500122070313 0.127700805664062 0.101722717285156 0.0918045043945313
0.17181396484375 -0.0088043212890625 0.138847351074219 0.0104446411132812
0.11474609375 -0.0882110595703125 0.0971298217773438 -0.05291748046875
0.0180740356445313 -0.139564514160156 0.0241851806640625 -0.090545654296875
-0.0475845336914062 -0.130790710449219 -0.0275192260742188 -0.058197021484375
-0.0450515747070313 -0.117759704589844 -0.0297412872314453 -0.00866889953613282
-0.0673141479492188 -0.129074096679688 -0.0198955535888672 0.0117130279541016
-0.0307159423828125 -0.137458801269531 -0.0372161865234375 0.0309028625488281
0.047943115234375 -0.142227172851563 -0.0478324890136719 0.035186767578125
0.119171142578125 -0.0958404541015625 -0.0684814453125 -0.00452041625976564
0.171768188476563 0.043731689453125 -0.0644721984863281 -0.0472145080566406
0.1478271484375 0.136138916015625 -0.0171279907226562 -0.0686225891113281
0.060760498046875 0.207168579101563 -0.0026254653930664 -0.00298070907592772
-0.0203857421875 0.209976196289063 0.107986450195313 0.06683349609375
0.0390777587890625 0.191986083984375 0.071533203125 0.124870300292969
0.139923095703125 0.157424926757813 0.0881576538085938 0.115257263183594
0.177230834960938 0.0165557861328125 0.118354797363281 0.0446701049804688
0.126380920410156 -0.07928466796875 0.0857009887695313 -0.00897979736328126
0.0269927978515625 -0.142974853515625 0.0340118408203125 -0.0423469543457031
-0.0437393188476562 -0.134246826171875 -0.000730514526367191 -0.0147581100463867
-0.0441055297851562 -0.122016906738281 -0.00248336791992188 0.0263938903808594
-0.0684432983398438 -0.133705139160156 0.00740814208984374 0.0469207763671875
-0.0326080322265625 -0.141250610351563 -0.0182762145996094 0.0679244995117187
0.0492706298828125 -0.144454956054688 -0.0370597839355469 0.067657470703125
0.120018005371094 -0.0923385620117188 -0.067352294921875 0.0206947326660156
0.163558959960938 0.0526275634765625 -0.0633506774902344 -0.0295562744140625
0.124176025390625 0.141403198242188 0.00262069702148438 -0.0373115539550781
0.0283355712890625 0.196929931640625 0.00673294067382813 0.0621719360351563
-0.052032470703125 0.154327392578125 0.0944290161132812 0.137443542480469
-0.00367736816406248 0.162612915039063 0.06549072265625 0.168731689453125
0.091583251953125 0.149856567382813 0.0699996948242188 0.127006530761719
0.144439697265625 0.032806396484375 0.0901641845703125 0.0703964233398437
0.111465454101563 -0.0572586059570313 0.0670623779296875 0.0269126892089844
0.0280380249023438 -0.120620727539062 0.0384407043457031 0.00431060791015624
-0.033172607421875 -0.115608215332031 0.0238094329833984 0.0271377563476562
-0.036376953125 -0.106727600097656 0.0254058837890625 0.0572547912597656
-0.0584945678710938 -0.1195068359375 0.0345230102539063 0.0792160034179687
-0.0271224975585937 -0.125862121582031 -0.00095367431640626 0.10211181640625
0.0475082397460937 -0.127906799316406 -0.0295333862304688 0.0951614379882813
0.110679626464844 -0.0749282836914063 -0.0682792663574219 0.0425148010253906
0.138221740722656 0.0618820190429688 -0.0634193420410156 -0.0163230895996094
0.083343505859375 0.136604309082031 0.0166053771972656 -0.00654602050781249
-0.0117034912109375 0.164031982421875 0.0062408447265625 0.121383666992188
-0.073455810546875 0.071533203125 0.0759429931640625 0.180450439453125
-0.0402908325195313 0.0998611450195313 0.0556488037109375 0.190597534179688
0.0316925048828125 0.107467651367188 0.0554580688476562 0.125
0.086456298828125 0.03607177734375 0.066619873046875 0.0829086303710938
0.0738372802734375 -0.0290451049804688 0.0515174865722656 0.0489349365234375
0.02203369140625 -0.0786514282226563 0.0406227111816406 0.0388870239257812
-0.0189208984375 -0.0783462524414063 0.0442581176757813 0.0590400695800781
-0.0235137939453125 -0.0743484497070313 0.048675537109375 0.08056640625
-0.039215087890625 -0.0872116088867187 0.0552749633789063 0.106330871582031
-0.0173568725585938 -0.0944061279296875 0.0121231079101562 0.130287170410156
0.0412750244140625 -0.0951919555664063 -0.0285797119140625 0.118385314941406
0.0890655517578125 -0.0486221313476563 -0.0731201171875 0.0589370727539063
0.0970840454101563 0.0635299682617187 -0.0666885375976563 -0.00678253173828125
0.0335693359375 0.114677429199219 0.0193767547607422 0.0199489593505859
-0.0500946044921875 0.110107421875 -0.00666809082031251 0.166961669921875
0.069549560546875 -0.0170211791992188 0.00668334960937499 -0.193450927734375
0.00513458251953125 -0.0724716186523438 -0.0172500610351563 -0.0444564819335938
-0.046844482421875 -0.0416831970214844 0.0732192993164063 0.0149917602539062
-0.0498390197753906 0.0147781372070312 0.108421325683594 -0.0665817260742188
-0.0228652954101563 0.042633056640625 0.0519485473632813 -0.134071350097656
0.00779342651367188 0.0495567321777344 -0.024932861328125 -0.152114868164063
0.0117301940917969 0.0347938537597656 -0.0789031982421875 -0.130828857421875
0.00828170776367187 0.0354652404785156 -0.0705184936523438 -0.093902587890625
0.00311660766601562 0.0398674011230469 -0.0613327026367187 -0.0727462768554688
-0.0203418731689453 0.0267753601074219 -0.0480613708496094 -0.0634880065917969
-0.0324840545654297 -0.00174713134765625 -0.0542831420898438 -0.0608558654785156
-0.0160675048828125 -0.0381355285644531 -0.0561904907226562 -0.092559814453125
0.0336456298828125 -0.0492668151855469 -0.03729248046875 -0.142074584960938
0.0754852294921875 -0.0228347778320313 -0.0486907958984375 -0.194961547851563
0.0899505615234375 0.0191650390625 -0.046295166015625 -0.206466674804688
0.0819091796875 0.0686187744140625 0.0399627685546875 -0.194305419921875
0.0492057800292969 -0.0142745971679688 0.0029754638671875 -0.0457763671875
0.0202407836914063 -0.0184841156005859 0.0856170654296875 0.0216751098632812
0.00397777557373047 -0.00985622406005859 0.124893188476562 -0.0649185180664062
0.00446176528930664 -0.00277805328369141 0.0680923461914063 -0.136672973632813
0.000304222106933594 -0.00655269622802734 -0.0199127197265625 -0.162933349609375
-0.0136432647705078 -0.016754150390625 -0.0816726684570313 -0.134506225585938
-0.0103292465209961 -0.0144615173339844 -0.0753555297851563 -0.0886688232421875
-0.0170803070068359 -0.0161256790161133 -0.0651054382324219 -0.06951904296875
-0.0150318145751953 -0.0287647247314453 -0.0560684204101562 -0.0589065551757813
0.00641250610351563 -0.0429458618164063 -0.0577926635742187 -0.0523223876953125
0.0429801940917969 -0.0454635620117188 -0.0587615966796875 -0.08319091796875
0.084808349609375 0.00127410888671875 -0.0437545776367187 -0.123687744140625
0.106880187988281 0.0488357543945313 -0.048828125 -0.174301147460938
0.0926055908203125 0.103317260742188 -0.035675048828125 -0.181777954101563
0.0750885009765625 0.150360107421875 0.0738067626953125 -0.161468505859375
0.0811614990234375 0.0574417114257813 0.0284252166748047 -0.0257606506347656
0.0891799926757813 0.023529052734375 0.09893798828125 0.039306640625
0.069488525390625 -0.0257453918457031 0.140670776367188 -0.051300048828125
0.0425453186035156 -0.0463981628417969 0.0867156982421875 -0.123931884765625
0.000286102294921871 -0.0640983581542969 -0.00746154785156249 -0.157119750976563
-0.0333023071289063 -0.0677146911621094 -0.0722808837890625 -0.123771667480469
-0.0272789001464844 -0.0621376037597656 -0.06927490234375 -0.070465087890625
-0.0383224487304688 -0.0682563781738281 -0.0599441528320313 -0.0509071350097656
-0.0174713134765625 -0.078948974609375 -0.0592536926269531 -0.0380096435546875
0.0317306518554687 -0.0865402221679687 -0.0621719360351563 -0.0299453735351563
0.0862808227539063 -0.0645675659179688 -0.0660591125488281 -0.0628395080566406
0.1314697265625 0.02880859375 -0.0556488037109375 -0.100257873535156
0.136619567871094 0.0979843139648438 -0.04632568359375 -0.1427001953125
0.09136962890625 0.165878295898438 -0.0261383056640625 -0.133537292480469
0.0511322021484375 0.209747314453125 0.099273681640625 -0.0992965698242187
0.0907363891601563 0.130355834960938 0.0514755249023438 0.0157508850097656
0.144454956054688 0.07830810546875 0.106758117675781 0.0669021606445313
0.1334228515625 -0.0256423950195313 0.149612426757813 -0.02392578125
0.0848007202148438 -0.0779571533203125 0.0999679565429688 -0.0949325561523438
0.00695037841796874 -0.112442016601563 0.00983428955078125 -0.132980346679687
-0.04559326171875 -0.108779907226563 -0.0533218383789063 -0.0976028442382813
-0.0398635864257812 -0.09979248046875 -0.0530662536621094 -0.0415229797363281
-0.0572052001953125 -0.108612060546875 -0.0448760986328125 -0.0217247009277344
-0.025177001953125 -0.117767333984375 -0.0532951354980469 -0.0055389404296875
0.0441513061523437 -0.123794555664063 -0.0592880249023438 0.00187683105468749
0.112037658691406 -0.0858688354492188 -0.07159423828125 -0.0347213745117188
0.164718627929688 0.039825439453125 -0.0637588500976562 -0.074127197265625
0.154739379882813 0.125762939453125 -0.0357742309570312 -0.107231140136719
0.08258056640625 0.202835083007812 -0.0152053833007812 -0.0717620849609375
0.0159759521484375 0.233413696289063 0.111251831054688 -0.0177001953125
0.07470703125 0.183425903320313 0.0670013427734375 0.0711898803710938
0.16497802734375 0.132293701171875 0.1036376953125 0.0970230102539063
0.17608642578125 -0.0079193115234375 0.142745971679688 0.0135345458984375
0.118690490722656 -0.0902099609375 0.101898193359375 -0.0529861450195313
0.017608642578125 -0.142242431640625 0.0248184204101562 -0.092987060546875
-0.0495452880859375 -0.133354187011719 -0.0285377502441406 -0.0593528747558594
-0.046234130859375 -0.12188720703125 -0.0300388336181641 -0.00679779052734376
-0.0698776245117188 -0.132217407226562 -0.0210533142089844 0.0132484436035156
-0.0327224731445313 -0.140213012695313 -0.0387229919433594 0.0323333740234375
0.047760009765625 -0.145706176757812 -0.0503158569335937 0.0360183715820312
0.122451782226563 -0.0986099243164063 -0.0717239379882812 -0.00518798828125
0.177230834960938 0.045989990234375 -0.06671142578125 -0.0509071350097656
0.151931762695313 0.13970947265625 -0.0176849365234375 -0.0725936889648437
0.061614990234375 0.21453857421875 -0.0029757022857666 -0.00408697128295897
-0.022186279296875 0.21612548828125 0.108970642089844 0.0683670043945313
0.0380859375 0.198043823242188 0.0710830688476562 0.128532409667969
0.144332885742188 0.16302490234375 0.0895004272460938 0.121131896972656
0.181503295898438 0.0164031982421875 0.121719360351563 0.048583984375
0.131103515625 -0.0814895629882813 0.0897293090820313 -0.00817871093750001
0.0269012451171875 -0.145828247070313 0.0348777770996094 -0.0431594848632813
-0.0454483032226562 -0.137588500976563 -0.000608444213867189 -0.0142602920532227
-0.0459365844726563 -0.125144958496094 -0.00197410583496094 0.0288619995117187
-0.0711135864257813 -0.135726928710937 0.00728988647460937 0.0490226745605469
-0.034271240234375 -0.143753051757813 -0.0198822021484375 0.0705337524414062
0.0489959716796875 -0.148330688476563 -0.0389747619628906 0.0689544677734375
0.122848510742188 -0.0947799682617188 -0.0704498291015625 0.0214309692382812
0.1690673828125 0.0541229248046875 -0.0661468505859375 -0.0321426391601562
0.127120971679688 0.145217895507813 0.00227355957031251 -0.040008544921875
0.0281829833984375 0.203582763671875 0.00671005249023437 0.0631675720214844
-0.053741455078125 0.158035278320313 0.0948333740234375 0.1417236328125
-0.00477600097656249 0.166976928710938 0.0645751953125 0.173416137695313
0.09466552734375 0.154342651367188 0.0706634521484375 0.132125854492188
0.148468017578125 0.0333251953125 0.0919647216796875 0.0747909545898438
0.114395141601563 -0.05828857421875 0.0707473754882813 0.0288467407226562
0.028076171875 -0.123252868652344 0.0399742126464844 0.00426101684570312
-0.0352706909179687 -0.118743896484375 0.0246810913085937 0.0283946990966797
-0.0376663208007812 -0.109588623046875 0.0265884399414063 0.0602264404296875
-0.0609130859375 -0.121086120605469 0.0345382690429687 0.0824203491210938
-0.0294113159179687 -0.128578186035156 -0.00153350830078126 0.105674743652344
0.0475082397460938 -0.131179809570313 -0.0315933227539063 0.0980224609375
0.113433837890625 -0.0771713256835938 -0.070953369140625 0.0431671142578125
0.142288208007813 0.0634765625 -0.0659027099609375 -0.0177650451660156
0.0859298706054688 0.139686584472656 0.0169849395751953 -0.00850391387939452
-0.0123748779296875 0.169387817382813 0.00568389892578124 0.123695373535156
-0.0744781494140625 0.07244873046875 0.0762786865234375 0.185409545898438
-0.0411224365234375 0.1025390625 0.055633544921875 0.196380615234375
0.0334243774414063 0.110191345214844 0.0550994873046875 0.131248474121094
0.0886383056640625 0.03643798828125 0.068206787109375 0.0874710083007813
0.0750045776367188 -0.0293807983398438 0.05426025390625 0.0517578125
0.0222702026367187 -0.0802688598632812 0.0422935485839844 0.0397377014160156
-0.0198516845703125 -0.0804519653320313 0.0461807250976563 0.0606765747070312
-0.0244827270507812 -0.0764694213867188 0.0504989624023437 0.0830459594726563
-0.0411605834960938 -0.0880966186523437 0.055633544921875 0.109291076660156
-0.0190353393554688 -0.095916748046875 0.0123138427734375 0.133613586425781
0.0416259765625 -0.097259521484375 -0.0298004150390625 0.120750427246094
0.0908889770507813 -0.0501556396484375 -0.0754852294921875 0.06005859375
0.0995635986328125 0.0653228759765625 -0.0690231323242188 -0.00759887695312501
0.033538818359375 0.117233276367188 0.0203075408935547 0.019439697265625
-0.0518264770507812 0.113533020019531 -0.00726318359375002 0.17041015625
0.0737838745117188 -0.01861572265625 0.00524902343749998 -0.202560424804688
0.00376129150390625 -0.0749588012695313 -0.0199050903320313 -0.044403076171875
-0.0502166748046875 -0.0431594848632813 0.0788650512695313 0.01605224609375
-0.0519027709960938 0.0151824951171875 0.114944458007813 -0.070953369140625
-0.0236091613769531 0.0441818237304688 0.05413818359375 -0.140914916992188
0.0092315673828125 0.0520858764648438 -0.0263214111328125 -0.160324096679688
0.0130653381347656 0.0360755920410156 -0.0843276977539063 -0.136627197265625
0.00963973999023437 0.0365486145019531 -0.0756072998046875 -0.098419189453125
0.0052642822265625 0.0409469604492188 -0.065521240234375 -0.0762100219726563
-0.0197410583496094 0.0283851623535156 -0.0513992309570312 -0.0666732788085937
-0.0330314636230469 -0.000844955444335933 -0.0585250854492188 -0.0637435913085938
-0.0169219970703125 -0.0397567749023438 -0.0604400634765625 -0.0985794067382813
0.0348014831542969 -0.0512619018554688 -0.039825439453125 -0.152175903320312
0.0786972045898438 -0.02471923828125 -0.0522003173828125 -0.206619262695313
0.0945510864257813 0.0197372436523438 -0.04937744140625 -0.218429565429687
0.0871734619140625 0.0725021362304688 0.039459228515625 -0.203018188476563
0.0508270263671875 -0.0144462585449219 0.000923156738281251 -0.0469474792480469
0.0211753845214844 -0.0193557739257813 0.0916366577148438 0.023345947265625
0.00462913513183594 -0.0109930038452148 0.131431579589844 -0.0689010620117188
0.00557947158813477 -0.00357627868652344 0.070892333984375 -0.144256591796875
0.000267505645751952 -0.00689792633056641 -0.0220184326171875 -0.1712646484375
-0.0151901245117188 -0.0174636840820313 -0.0879364013671875 -0.140190124511719
-0.0107669830322266 -0.0161523818969727 -0.0796432495117188 -0.0927810668945313
-0.0174484252929688 -0.0175838470458984 -0.0697860717773438 -0.0722732543945312
-0.0155181884765625 -0.0293617248535156 -0.0596580505371094 -0.0613517761230469
0.006866455078125 -0.0452957153320312 -0.0622062683105469 -0.0548439025878906
0.0448646545410156 -0.0475654602050781 -0.06341552734375 -0.0883407592773438
0.0902938842773438 0.0014495849609375 -0.0474319458007813 -0.133575439453125
0.112266540527344 0.0506439208984375 -0.0531158447265625 -0.185440063476563
0.0984725952148438 0.108421325683594 -0.0382232666015625 -0.193283081054688
0.0810394287109375 0.157928466796875 0.0748291015625 -0.170135498046875
0.084014892578125 0.0617446899414063 0.0273323059082031 -0.0261688232421875
0.09478759765625 0.0235748291015625 0.105308532714844 0.0424575805664063
0.0731353759765625 -0.028533935546875 0.148513793945313 -0.0543670654296875
0.0452919006347656 -0.0492630004882813 0.0912704467773438 -0.131607055664063
-0.000320434570312501 -0.0669898986816406 -0.0084381103515625 -0.165756225585937
-0.0371627807617188 -0.07061767578125 -0.0772857666015625 -0.128662109375
-0.029327392578125 -0.0661392211914063 -0.0722808837890625 -0.0734024047851563
-0.0405502319335938 -0.0714569091796875 -0.0643234252929688 -0.0520706176757812
-0.0188140869140625 -0.0821151733398438 -0.0631141662597656 -0.0385360717773438
0.0325469970703125 -0.0912704467773438 -0.0665435791015625 -0.0309219360351563
0.0904388427734375 -0.0684432983398438 -0.0719451904296875 -0.0672149658203125
0.140029907226563 0.03009033203125 -0.0599517822265625 -0.108360290527344
0.144073486328125 0.102005004882813 -0.0505218505859375 -0.152297973632813
0.097900390625 0.175277709960938 -0.028564453125 -0.141998291015625
0.0548248291015625 0.221878051757812 0.101943969726563 -0.104743957519531
0.0949783325195312 0.138252258300781 0.05206298828125 0.0166511535644531
0.153305053710937 0.082550048828125 0.113250732421875 0.0713653564453125
0.140701293945313 -0.0283203125 0.15802001953125 -0.0243377685546875
0.0893783569335938 -0.0828857421875 0.106170654296875 -0.100105285644531
0.00605010986328125 -0.118186950683594 0.0095367431640625 -0.140640258789062
-0.0505905151367188 -0.113471984863281 -0.0571212768554687 -0.101173400878906
-0.042633056640625 -0.105476379394531 -0.0556640625 -0.0420341491699219
-0.0616455078125 -0.112762451171875 -0.0475692749023437 -0.0214195251464844
-0.0277786254882813 -0.122909545898438 -0.056732177734375 -0.00379562377929689
0.0450363159179687 -0.130538940429688 -0.0636177062988281 0.00306701660156248
0.117576599121094 -0.0911788940429688 -0.0773544311523437 -0.036865234375
0.175216674804687 0.041015625 -0.0689926147460937 -0.0809707641601562
0.16351318359375 0.130691528320313 -0.039703369140625 -0.115020751953125
0.0877227783203125 0.214614868164062 -0.0160903930664062 -0.076934814453125
0.01788330078125 0.247360229492187 0.115409851074219 -0.019012451171875
0.078155517578125 0.193923950195313 0.0685958862304687 0.07464599609375
0.175796508789063 0.138580322265625 0.109245300292969 0.1041259765625
0.186019897460938 -0.0102081298828125 0.1514892578125 0.0148162841796875
0.124954223632813 -0.095977783203125 0.108474731445313 -0.055877685546875
0.016876220703125 -0.14935302734375 0.0256118774414063 -0.0980377197265625
-0.0551834106445313 -0.140106201171875 -0.0300750732421875 -0.0605392456054688
-0.049957275390625 -0.128227233886719 -0.0304660797119141 -0.00521087646484376
-0.075653076171875 -0.137016296386719 -0.0224285125732422 0.0149326324462891
-0.03668212890625 -0.146148681640625 -0.0411529541015625 0.0356826782226562
0.0476531982421875 -0.154327392578125 -0.0539169311523437 0.0391387939453125
0.128379821777344 -0.104812622070312 -0.0772705078125 -0.0053253173828125
0.1885986328125 0.0465850830078125 -0.0715408325195312 -0.05560302734375
0.161651611328125 0.145751953125 -0.0202407836914062 -0.0789642333984375
0.06610107421875 0.226959228515625 -0.00297260284423828 -0.00505924224853514
-0.0220794677734375 0.228363037109375 0.112930297851563 0.0719985961914063
0.039703369140625 0.209030151367187 0.0729904174804688 0.134666442871094
0.155319213867188 0.170333862304688 0.0934677124023438 0.129806518554688
0.19134521484375 0.0160369873046875 0.128707885742188 0.0528030395507813
0.137886047363281 -0.0857467651367188 0.0962142944335938 -0.00867462158203126
0.0265655517578125 -0.153076171875 0.0365715026855469 -0.0459976196289063
-0.05078125 -0.142837524414063 -0.000693321228027348 -0.0141658782958984
-0.0497970581054688 -0.131950378417969 -0.000589370727539068 0.0316944122314453
-0.0775604248046875 -0.140777587890625 0.00718688964843749 0.0527534484863281
-0.038848876953125 -0.14990234375 -0.0206222534179687 0.075714111328125
0.04827880859375 -0.15643310546875 -0.0417404174804688 0.0735855102539062
0.12811279296875 -0.10198974609375 -0.0750656127929687 0.022735595703125
0.179946899414063 0.0555267333984375 -0.0710983276367187 -0.03497314453125
0.135650634765625 0.1513671875 0.00173187255859375 -0.0441474914550781
0.03173828125 0.215225219726563 0.00701904296875001 0.0657691955566406
-0.055145263671875 0.167007446289063 0.09808349609375 0.148529052734375
-0.00430297851562499 0.17620849609375 0.067718505859375 0.182113647460937
0.102462768554687 0.161468505859375 0.073760986328125 0.141342163085938
0.15606689453125 0.0337371826171875 0.0975418090820313 0.0804443359375
0.120254516601563 -0.0616912841796875 0.07611083984375 0.0307235717773437
0.0286331176757812 -0.128936767578125 0.0420913696289063 0.00403976440429687
-0.0387420654296875 -0.124038696289063 0.0268173217773437 0.030426025390625
-0.0413284301757813 -0.114677429199219 0.0294113159179687 0.06488037109375
-0.0665664672851563 -0.12567138671875 0.0369949340820313 0.0869903564453125
-0.0331268310546875 -0.133476257324219 -0.000801086425781243 0.111709594726562
0.046905517578125 -0.137855529785156 -0.032745361328125 0.103324890136719
0.118118286132812 -0.0827407836914062 -0.07550048828125 0.0461807250976563
0.1513671875 0.0656280517578125 -0.0699539184570312 -0.0186576843261719
0.0918121337890625 0.145843505859375 0.0177478790283203 -0.0105934143066406
-0.0110626220703125 0.179931640625 0.00691223144531251 0.129692077636719
-0.0780029296875 0.0768203735351562 0.079498291015625 0.195755004882812
-0.0424728393554688 0.108642578125 0.058837890625 0.2069091796875
0.0373611450195313 0.115974426269531 0.0582122802734375 0.14007568359375
0.0934371948242187 0.0369644165039062 0.0731277465820313 0.093963623046875
0.0793228149414063 -0.0314483642578125 0.0586509704589844 0.0542945861816406
0.0223922729492187 -0.084014892578125 0.0460662841796875 0.0414085388183594
-0.0226974487304688 -0.08441162109375 0.048828125 0.0634651184082031
-0.0271072387695313 -0.0804443359375 0.0543289184570312 0.088470458984375
-0.0452957153320312 -0.091552734375 0.0604095458984375 0.115432739257813
-0.021942138671875 -0.0994949340820313 0.0129241943359375 0.141860961914062
0.0410308837890625 -0.102317810058594 -0.0302581787109375 0.126861572265625
0.094573974609375 -0.0541915893554688 -0.0801544189453125 0.064208984375
0.106071472167969 0.0673904418945313 -0.0730133056640625 -0.00842285156249999
0.0363082885742188 0.122962951660156 0.0220756530761719 0.0185775756835938
-0.0522613525390625 0.119781494140625 -0.00582885742187502 0.1781005859375
0.078369140625 -0.0231094360351563 -0.0018310546875 -0.214569091796875
0.000999450683593746 -0.07867431640625 -0.0235214233398438 -0.0445175170898438
-0.0554084777832031 -0.0436935424804688 0.0858840942382813 0.0150909423828125
-0.0538558959960938 0.0180740356445313 0.11981201171875 -0.0791549682617187
-0.0233879089355469 0.0475616455078125 0.052337646484375 -0.151382446289063
0.0126686096191406 0.0547637939453125 -0.0333404541015625 -0.168914794921875
0.0150527954101563 0.037628173828125 -0.09478759765625 -0.142257690429688
0.0123023986816406 0.0367774963378906 -0.0832977294921875 -0.102226257324219
0.00789260864257813 0.0418472290039063 -0.0724945068359375 -0.079193115234375
-0.0185985565185547 0.0309906005859375 -0.0575141906738281 -0.0699577331542969
-0.0345516204833984 0.000570297241210931 -0.0645866394042969 -0.0661125183105469
-0.0191230773925781 -0.0410194396972656 -0.0680770874023438 -0.103973388671875
0.0347251892089844 -0.0555496215820313 -0.0478057861328125 -0.162582397460938
0.0813522338867188 -0.0287322998046875 -0.06268310546875 -0.219436645507813
0.101699829101563 0.0172195434570313 -0.060089111328125 -0.232254028320313
0.0965347290039063 0.074462890625 0.0340576171875 -0.216903686523438
0.0528450012207031 -0.0157890319824219 -0.00230789184570312 -0.0483474731445313
0.0220317840576172 -0.0206470489501953 0.0992813110351563 0.0228729248046875
0.00474929809570312 -0.012364387512207 0.137710571289063 -0.0780563354492188
0.00645208358764648 -0.00483989715576172 0.071014404296875 -0.155502319335938
0.000560283660888673 -0.00750923156738281 -0.0286102294921875 -0.181106567382813
-0.0164833068847656 -0.0177688598632812 -0.0980072021484375 -0.145553588867188
-0.0117330551147461 -0.0174970626831055 -0.0874404907226563 -0.0950851440429688
-0.0185604095458984 -0.0190505981445313 -0.0767669677734375 -0.074371337890625
-0.0162582397460938 -0.0300464630126953 -0.0658912658691406 -0.0631980895996094
0.00596618652343749 -0.0479545593261719 -0.0687332153320313 -0.0560760498046875
0.0467300415039063 -0.0523796081542969 -0.0721054077148438 -0.093658447265625
0.0959320068359375 -0.001678466796875 -0.055755615234375 -0.143524169921875
0.120155334472656 0.0499038696289062 -0.0635986328125 -0.197158813476563
0.108772277832031 0.112945556640625 -0.047027587890625 -0.206130981445313
0.0923309326171875 0.166168212890625 0.072174072265625 -0.182907104492187
0.0904998779296875 0.0638046264648438 0.0256938934326172 -0.0274486541748047
0.101760864257812 0.022552490234375 0.114082336425781 0.0432510375976562
0.0769271850585938 -0.0323562622070313 0.157012939453125 -0.0617523193359375
0.0470504760742188 -0.0550346374511719 0.09381103515625 -0.143173217773438
-0.0031890869140625 -0.0709609985351563 -0.0144195556640625 -0.17529296875
-0.0419540405273438 -0.0729598999023438 -0.0869979858398437 -0.133277893066406
-0.0332565307617188 -0.0699729919433594 -0.0786972045898438 -0.0743331909179687
-0.0464553833007812 -0.0745010375976563 -0.0699310302734375 -0.0525169372558594
-0.0222625732421875 -0.0861740112304688 -0.0690574645996094 -0.0379486083984375
0.0312576293945313 -0.0979156494140625 -0.0728302001953125 -0.0300140380859375
0.0940704345703125 -0.0757598876953125 -0.0804672241210938 -0.0703506469726563
0.151519775390625 0.02703857421875 -0.068115234375 -0.116737365722656
0.155853271484375 0.102798461914062 -0.0601959228515625 -0.162216186523438
0.10992431640625 0.183990478515625 -0.034881591796875 -0.152206420898437
0.06671142578125 0.23480224609375 0.103477478027344 -0.114532470703125
0.104400634765625 0.145034790039063 0.0529022216796875 0.0169906616210938
0.167007446289063 0.0821075439453125 0.123252868652344 0.0750808715820312
0.148513793945313 -0.0345916748046875 0.16839599609375 -0.0298309326171875
0.0931549072265625 -0.09210205078125 0.110687255859375 -0.110466003417969
0.00118255615234375 -0.125801086425781 0.00518798828124999 -0.149734497070313
-0.0585403442382812 -0.118972778320312 -0.0645599365234375 -0.104042053222656
-0.0501785278320313 -0.111000061035156 -0.0593070983886719 -0.0417137145996094
-0.0707168579101562 -0.117301940917969 -0.0514411926269531 -0.0200958251953125
-0.0343780517578125 -0.12884521484375 -0.0610122680664063 -0.000686645507812517
0.0411758422851562 -0.140419006347656 -0.0691757202148438 0.00594329833984374
0.121383666992187 -0.101692199707031 -0.0853271484375 -0.037841796875
0.189376831054688 0.03692626953125 -0.076812744140625 -0.0862579345703125
0.17828369140625 0.133193969726563 -0.0471725463867187 -0.123466491699219
0.101058959960938 0.226852416992188 -0.0196151733398437 -0.082489013671875
0.0277557373046875 0.263641357421875 0.119331359863281 -0.0236740112304687
0.08807373046875 0.204452514648438 0.0720672607421875 0.0778884887695313
0.193115234375 0.14166259765625 0.119956970214844 0.109786987304688
0.197311401367187 -0.0178070068359375 0.162246704101563 0.0127410888671875
0.130950927734375 -0.107009887695312 0.115242004394531 -0.0631179809570313
0.0124664306640625 -0.158798217773438 0.0243377685546875 -0.105278015136719
-0.064453125 -0.145736694335938 -0.0344123840332031 -0.0624542236328125
-0.0587692260742187 -0.135475158691406 -0.0309925079345703 -0.00328636169433594
-0.086517333984375 -0.141845703125 -0.0232524871826172 0.0186862945556641
-0.044921875 -0.15350341796875 -0.0432701110839844 0.0414657592773437
0.044219970703125 -0.164794921875 -0.0568466186523438 0.0441360473632812
0.132270812988281 -0.116607666015625 -0.0844802856445313 -0.00407409667968752
0.204437255859375 0.0422210693359375 -0.07916259765625 -0.0587310791015625
0.1773681640625 0.148452758789063 -0.0247955322265625 -0.0851821899414062
0.078704833984375 0.241195678710937 -0.00283002853393554 -0.00669002532958983
-0.015228271484375 0.244644165039063 0.120361328125 0.0729598999023438
0.04779052734375 0.221343994140625 0.0799560546875 0.1412353515625
0.17242431640625 0.17584228515625 0.103965759277344 0.137413024902344
0.203643798828125 0.00927734375 0.1390380859375 0.0545120239257813
0.144927978515625 -0.0968170166015625 0.104072570800781 -0.012451171875
0.0215606689453125 -0.16290283203125 0.0367889404296875 -0.0505828857421875
-0.060028076171875 -0.150070190429688 -0.00114727020263672 -0.0143747329711914
-0.0586624145507812 -0.138374328613281 0.00225830078124999 0.0357246398925781
-0.0885467529296875 -0.14593505859375 0.0097808837890625 0.0570907592773438
-0.0478363037109375 -0.156295776367188 -0.0197067260742188 0.0828323364257812
0.04388427734375 -0.167160034179687 -0.042755126953125 0.079742431640625
0.132186889648438 -0.113227844238281 -0.0799331665039062 0.026123046875
0.194778442382813 0.0514678955078125 -0.076995849609375 -0.0360565185546875
0.1502685546875 0.154815673828125 -0.000629425048828116 -0.0490455627441406
0.0421600341796875 0.22894287109375 0.010101318359375 0.0689620971679688
-0.0523834228515625 0.180587768554688 0.107131958007813 0.154800415039063
0.00073242187499999 0.188507080078125 0.07586669921875 0.19195556640625
0.11663818359375 0.168624877929688 0.0829010009765625 0.150314331054688
0.166351318359375 0.029998779296875 0.107917785644531 0.0845108032226563
0.127174377441406 -0.0699996948242188 0.08392333984375 0.0306167602539062
0.0245132446289062 -0.137870788574219 0.0447425842285156 0.00211715698242187
-0.0477371215820313 -0.129676818847656 0.0298786163330078 0.0322551727294922
-0.0489349365234375 -0.120285034179688 0.0347785949707031 0.0693702697753906
-0.076446533203125 -0.129302978515625 0.0420379638671875 0.0928497314453125
-0.04168701171875 -0.139572143554688 0.00269317626953124 0.119987487792969
0.0435333251953125 -0.148239135742187 -0.0321731567382813 0.110855102539062
0.122062683105469 -0.092864990234375 -0.0792922973632812 0.0514755249023437
0.164825439453125 0.063446044921875 -0.0756759643554687 -0.0191497802734375
0.102813720703125 0.150848388671875 0.0184612274169922 -0.0142498016357422
-0.00450134277343749 0.192779541015625 0.0124740600585937 0.13629150390625
-0.0793838500976562 0.0847702026367188 0.089447021484375 0.204925537109375
-0.0410079956054688 0.117042541503906 0.068328857421875 0.21832275390625
0.0455169677734375 0.121604919433594 0.065826416015625 0.148818969726563
0.101089477539063 0.035430908203125 0.0822601318359375 0.10003662109375
0.083038330078125 -0.0365447998046875 0.065887451171875 0.0568008422851563
0.0193023681640625 -0.0897140502929687 0.0502357482910156 0.0415153503417969
-0.0284500122070313 -0.0878067016601563 0.0551643371582031 0.0662727355957031
-0.0320968627929688 -0.0844879150390625 0.061737060546875 0.0929183959960938
-0.0512619018554688 -0.0939178466796875 0.0676116943359375 0.121284484863281
-0.0279312133789062 -0.103736877441406 0.0188751220703125 0.150726318359375
0.0389175415039062 -0.110610961914062 -0.0285186767578125 0.135406494140625
0.0977630615234375 -0.0611648559570312 -0.0837936401367187 0.0701446533203125
0.115364074707031 0.0675201416015625 -0.0787124633789062 -0.00721740722656249
0.0433578491210938 0.128471374511719 0.0248069763183594 0.0167751312255859
-0.0516510009765625 0.129585266113281 0.000106811523437486 0.188919067382813
0.0817031860351563 -0.0301742553710938 -0.01666259765625 -0.224578857421875
-0.0043182373046875 -0.0814208984375 -0.0287513732910156 -0.0423431396484375
-0.0612106323242188 -0.0413475036621094 0.092498779296875 0.0103073120117187
-0.0554695129394531 0.0219650268554688 0.1212158203125 -0.0899581909179688
-0.0210952758789063 0.0511894226074219 0.0455474853515625 -0.1612548828125
0.0176429748535156 0.0565109252929687 -0.04498291015625 -0.175430297851563
0.0189170837402344 0.0384521484375 -0.109146118164063 -0.143478393554687
0.0162239074707031 0.0368309020996094 -0.0944976806640625 -0.102363586425781
0.012481689453125 0.0417060852050781 -0.0816421508789063 -0.0783920288085937
-0.015655517578125 0.0333633422851563 -0.0649757385253906 -0.0698013305664063
-0.0348949432373047 0.003387451171875 -0.0722122192382812 -0.0662155151367188
-0.0231285095214844 -0.0418586730957031 -0.0796051025390625 -0.106407165527344
0.0325775146484375 -0.0596923828125 -0.0615692138671875 -0.169692993164063
0.0825424194335937 -0.0349349975585937 -0.0796966552734375 -0.227142333984375
0.10760498046875 0.011505126953125 -0.0773162841796875 -0.2415771484375
0.106765747070313 0.0712814331054688 0.02081298828125 -0.229248046875
0.0536308288574219 -0.0183868408203125 -0.00811767578125 -0.0481376647949219
0.0215950012207031 -0.0230884552001953 0.106529235839844 0.0186691284179688
0.00447654724121094 -0.0135087966918945 0.140098571777344 -0.0899276733398437
0.00674915313720703 -0.00613117218017578 0.0645751953125 -0.16754150390625
0.000706672668457032 -0.00762844085693359 -0.0413665771484375 -0.187896728515625
-0.0184822082519531 -0.0169010162353516 -0.112579345703125 -0.146026611328125
-0.0132846832275391 -0.0189781188964844 -0.0974807739257812 -0.0947647094726563
-0.0201091766357422 -0.0195350646972656 -0.0855789184570313 -0.0720291137695313
-0.0179634094238281 -0.0303745269775391 -0.073760986328125 -0.0611648559570313
0.00397872924804687 -0.0502662658691406 -0.0764923095703125 -0.0542373657226562
0.0456924438476562 -0.0573921203613281 -0.0831832885742187 -0.0954055786132812
0.100982666015625 -0.00794219970703125 -0.0683746337890625 -0.149581909179688
0.128135681152344 0.0444412231445313 -0.079559326171875 -0.204696655273438
0.12115478515625 0.111679077148438 -0.062530517578125 -0.215789794921875
0.108154296875 0.16912841796875 0.062286376953125 -0.196014404296875
0.0979080200195312 0.063568115234375 0.0223922729492188 -0.0292797088623047
0.109222412109375 0.0173492431640625 0.123481750488281 0.0397186279296875
0.0787277221679688 -0.0396881103515625 0.161605834960938 -0.07366943359375
0.0469131469726563 -0.0615501403808594 0.0895538330078125 -0.15618896484375
-0.00820159912109375 -0.074005126953125 -0.0261077880859375 -0.183395385742187
-0.050048828125 -0.0733413696289063 -0.10028076171875 -0.133171081542969
-0.0396499633789063 -0.0727310180664062 -0.0864181518554688 -0.0720443725585937
-0.0535354614257813 -0.0756072998046875 -0.07684326171875 -0.0496597290039063
-0.0287246704101563 -0.0885696411132813 -0.0752410888671875 -0.0343551635742188
0.026702880859375 -0.104049682617188 -0.0793914794921875 -0.02642822265625
0.0945281982421875 -0.0856399536132812 -0.0911636352539063 -0.0701370239257812
0.161453247070313 0.0187225341796875 -0.080047607421875 -0.121322631835938
0.1695556640625 0.0974578857421875 -0.074615478515625 -0.168701171875
0.127731323242188 0.187393188476563 -0.0464935302734375 -0.15936279296875
0.085479736328125 0.243545532226563 0.0990753173828125 -0.126388549804687
0.117385864257813 0.148193359375 0.0538406372070313 0.0157546997070313
0.180938720703125 0.076324462890625 0.134429931640625 0.0732498168945313
0.154022216796875 -0.0462646484375 0.175399780273438 -0.040313720703125
0.0931625366210938 -0.103446960449219 0.110153198242188 -0.123428344726563
-0.006744384765625 -0.131546020507813 -0.00418090820312499 -0.157119750976563
-0.0698776245117187 -0.119705200195313 -0.0742340087890625 -0.103836059570313
-0.0598907470703125 -0.113899230957031 -0.0633964538574219 -0.0385360717773437
-0.0823135375976563 -0.117835998535156 -0.0551185607910156 -0.0165634155273438
-0.044647216796875 -0.132125854492187 -0.0647621154785156 0.00417327880859373
0.034027099609375 -0.149932861328125 -0.0727996826171875 0.011444091796875
0.120903015136719 -0.114784240722656 -0.0941238403320313 -0.0352401733398437
0.20257568359375 0.0261688232421875 -0.0879135131835937 -0.0887832641601563
0.195449829101563 0.127578735351563 -0.058624267578125 -0.129180908203125
0.121490478515625 0.23297119140625 -0.0261306762695312 -0.0872955322265625
0.045806884765625 0.275833129882813 0.122032165527344 -0.031951904296875
0.103713989257813 0.211441040039062 0.0778427124023438 0.0775222778320313
0.21307373046875 0.136398315429688 0.133506774902344 0.110595703125
0.205459594726562 -0.03106689453125 0.172683715820313 0.004791259765625
0.132377624511719 -0.121047973632813 0.118621826171875 -0.073577880859375
0.00263977050781252 -0.166915893554687 0.0177764892578125 -0.111923217773438
-0.0786895751953125 -0.148239135742188 -0.0396766662597656 -0.0622978210449219
-0.0710601806640625 -0.137939453125 -0.0308494567871094 -0.000371932983398442
-0.100234985351563 -0.142135620117187 -0.0231990814208984 0.0224151611328125
-0.058197021484375 -0.156341552734375 -0.0427169799804688 0.047821044921875
0.0339202880859375 -0.175537109375 -0.0582427978515625 0.0506095886230469
0.131240844726563 -0.131134033203125 -0.0907516479492187 0.000679016113281247
0.217697143554688 0.0304718017578125 -0.0882492065429688 -0.0586166381835937
0.195449829101563 0.14288330078125 -0.0330276489257812 -0.0901718139648438
0.098876953125 0.24945068359375 -0.00417947769165038 -0.00817871093749998
-4.57763671874842E-05 0.259368896484375 0.128181457519531 0.069671630859375
0.0640716552734375 0.230545043945313 0.089569091796875 0.143173217773438
0.194610595703125 0.174591064453125 0.117927551269531 0.140357971191406
0.214340209960937 -0.003204345703125 0.1507568359375 0.0503082275390625
0.146743774414063 -0.1124267578125 0.110374450683594 -0.0189971923828125
0.01202392578125 -0.17169189453125 0.0348968505859375 -0.0551681518554688
-0.07440185546875 -0.15216064453125 -0.00138950347900391 -0.0135002136230469
-0.071746826171875 -0.141738891601563 0.0061798095703125 0.0383491516113281
-0.103607177734375 -0.145477294921875 0.0138053894042969 0.0606880187988281
-0.0616607666015625 -0.159027099609375 -0.0157470703125 0.0895538330078125
0.0334014892578125 -0.178146362304688 -0.0403823852539062 0.086761474609375
0.130805969238281 -0.128044128417969 -0.0841522216796875 0.032196044921875
0.208404541015625 0.0413970947265625 -0.0844268798828125 -0.0344619750976562
0.167312622070313 0.151626586914063 -0.00443649291992186 -0.0537872314453125
0.05963134765625 0.2398681640625 0.0147438049316406 0.0700263977050782
-0.042938232421875 0.1934814453125 0.120819091796875 0.156463623046875
0.0127716064453125 0.198226928710938 0.0891876220703125 0.196624755859375
0.135238647460938 0.169677734375 0.096160888671875 0.155502319335938
0.17730712890625 0.0197906494140625 0.119941711425781 0.0834579467773438
0.129409790039063 -0.08251953125 0.0913543701171875 0.0264511108398437
0.015960693359375 -0.145034790039063 0.0461540222167969 -0.000705718994140634
-0.059661865234375 -0.131622314453125 0.033843994140625 0.0324268341064453
-0.06005859375 -0.123176574707031 0.0423049926757813 0.0715866088867187
-0.0893020629882812 -0.129837036132813 0.0501632690429688 0.0955047607421875
-0.0538177490234375 -0.141433715820313 0.0106201171875 0.127517700195313
0.0341644287109375 -0.157516479492188 -0.0269317626953125 0.118804931640625
0.1214599609375 -0.105293273925781 -0.081024169921875 0.0588150024414063
0.1778564453125 0.0551910400390625 -0.081146240234375 -0.01605224609375
0.118133544921875 0.151077270507812 0.0178241729736328 -0.0186443328857422
0.00860595703124999 0.203277587890625 0.0218963623046875 0.1414794921875
-0.0773696899414063 0.0947189331054687 0.10552978515625 0.210739135742188
-0.0349884033203125 0.126091003417969 0.084136962890625 0.225067138671875
0.0572052001953125 0.124420166015625 0.0787811279296875 0.154464721679688
0.107963562011719 0.0298385620117188 0.0943603515625 0.101730346679688
0.0853118896484375 -0.0436248779296875 0.0738601684570313 0.056060791015625
0.0135421752929688 -0.094268798828125 0.0550460815429688 0.0407180786132812
-0.036956787109375 -0.089599609375 0.062347412109375 0.0660552978515625
-0.040191650390625 -0.0861053466796875 0.0721588134765625 0.094329833984375
-0.0610580444335938 -0.093994140625 0.07904052734375 0.124061584472656
-0.0366897583007813 -0.105697631835938 0.029449462890625 0.157791137695313
0.0327072143554688 -0.117889404296875 -0.021820068359375 0.14398193359375
0.0980377197265625 -0.07086181640625 -0.0844192504882813 0.0794448852539062
0.126129150390625 0.0632781982421875 -0.0830535888671875 -0.00354766845703125
0.053985595703125 0.131095886230469 0.0268459320068359 0.0134792327880859
-0.0446701049804688 0.139976501464844 0.0124969482421875 0.19671630859375
0.080963134765625 -0.038299560546875 -0.033172607421875 -0.226577758789063
-0.0103225708007813 -0.081634521484375 -0.0330123901367188 -0.0382232666015625
-0.0656166076660156 -0.0371055603027344 0.0957489013671875 0.004791259765625
-0.0542945861816406 0.0260505676269531 0.117568969726563 -0.0989837646484375
-0.01727294921875 0.0526084899902344 0.0359954833984375 -0.166122436523438
0.0232582092285156 0.0545196533203125 -0.05657958984375 -0.176177978515625
0.0230522155761719 0.037017822265625 -0.121055603027344 -0.13836669921875
0.0191822052001953 0.0350189208984375 -0.103614807128906 -0.0978927612304687
0.0164108276367188 0.0394248962402344 -0.0887298583984375 -0.0742645263671875
-0.0115604400634766 0.0341739654541016 -0.0714111328125 -0.0670852661132813
-0.0348396301269531 0.00641250610351563 -0.078216552734375 -0.0636672973632813
-0.0261192321777344 -0.0405960083007813 -0.0897216796875 -0.104644775390625
0.0277023315429687 -0.0626258850097656 -0.0755462646484375 -0.169647216796875
0.0810775756835938 -0.0396804809570313 -0.0962677001953125 -0.225753784179688
0.110816955566406 0.00325775146484375 -0.09527587890625 -0.242355346679688
0.114448547363281 0.0641250610351563 0.00344848632812501 -0.234619140625
0.0528755187988281 -0.0207901000976563 -0.0130500793457031 -0.0461006164550781
0.0201206207275391 -0.0240211486816406 0.110542297363281 0.0124588012695312
0.00313472747802734 -0.0145721435546875 0.137580871582031 -0.099700927734375
0.00703096389770508 -0.00731182098388672 0.0550537109375 -0.174346923828125
0.000566005706787109 -0.00841808319091797 -0.054840087890625 -0.188568115234375
-0.0205192565917969 -0.0160140991210937 -0.124443054199219 -0.14031982421875
-0.0143756866455078 -0.0192375183105469 -0.105804443359375 -0.0895767211914063
-0.0215320587158203 -0.0193138122558594 -0.0919570922851562 -0.0676040649414063
-0.0195674896240234 -0.0299797058105469 -0.08013916015625 -0.057281494140625
0.000770568847656247 -0.0503501892089844 -0.0829086303710938 -0.0505142211914063
0.0431861877441406 -0.0619316101074219 -0.0930328369140625 -0.0925750732421875
0.101974487304688 -0.014404296875 -0.0814361572265625 -0.1497802734375
0.132713317871094 0.0366363525390625 -0.0957794189453125 -0.203933715820313
0.13116455078125 0.105621337890625 -0.0782623291015625 -0.216781616210938
0.122711181640625 0.164199829101563 0.04876708984375 -0.203933715820312
0.103477478027344 0.0594329833984375 0.0182685852050781 -0.0293254852294922
0.113471984863281 0.010467529296875 0.129859924316406 0.0336456298828125
0.0773162841796875 -0.0459747314453125 0.160430908203125 -0.0851898193359375
0.0438880920410156 -0.0668525695800781 0.081634521484375 -0.164688110351563
-0.0136260986328125 -0.0747604370117188 -0.0395050048828125 -0.184005737304688
-0.0564651489257813 -0.0707473754882813 -0.110832214355469 -0.127693176269531
-0.0457229614257813 -0.07135009765625 -0.0918655395507813 -0.0670089721679687
-0.0600509643554688 -0.0733871459960937 -0.0817413330078125 -0.0447769165039063
-0.0345916748046875 -0.087066650390625 -0.079010009765625 -0.028533935546875
0.0198974609375 -0.107040405273438 -0.0830917358398438 -0.0212478637695313
0.09051513671875 -0.0936203002929688 -0.099884033203125 -0.0661544799804688
0.166412353515625 0.007720947265625 -0.0920867919921875 -0.120399475097656
0.178939819335938 0.08734130859375 -0.0890350341796875 -0.168563842773438
0.1434326171875 0.182647705078125 -0.0582733154296875 -0.1611328125
0.1046142578125 0.2421875 0.0901947021484375 -0.1353759765625
0.1282958984375 0.144149780273438 0.0528221130371094 0.0134201049804688
0.191177368164063 0.065093994140625 0.143112182617188 0.0673980712890625
0.154159545898438 -0.0577850341796875 0.177200317382813 -0.0512847900390625
0.0886764526367188 -0.112838745117188 0.105056762695312 -0.133781433105469
-0.0161666870117187 -0.133094787597656 -0.015289306640625 -0.159637451171875
-0.080902099609375 -0.11614990234375 -0.0824966430664063 -0.0996627807617188
-0.06927490234375 -0.112091064453125 -0.0654029846191406 -0.0343666076660156
-0.0928192138671875 -0.113853454589844 -0.0571517944335938 -0.0115203857421875
-0.0548248291015625 -0.129898071289063 -0.0655097961425781 0.0106086730957031
0.02349853515625 -0.154205322265625 -0.0745773315429688 0.01678466796875
0.115394592285156 -0.126319885253906 -0.100906372070312 -0.03033447265625
0.209075927734375 0.0120697021484375 -0.0977020263671875 -0.0865554809570312
0.207122802734375 0.115158081054688 -0.0699386596679687 -0.129447937011719
0.140625 0.230712890625 -0.0330963134765625 -0.0884780883789062
0.0672607421875 0.278778076171875 0.1201171875 -0.0407180786132812
0.119338989257812 0.20916748046875 0.0812606811523438 0.0745315551757813
0.228256225585938 0.124664306640625 0.144134521484375 0.106353759765625
0.207366943359375 -0.0453643798828125 0.177276611328125 -0.0050048828125
0.126930236816406 -0.133880615234375 0.116592407226563 -0.0833663940429688
-0.00952148437500001 -0.169326782226563 0.00942993164062499 -0.114509582519531
-0.091400146484375 -0.143661499023437 -0.0438308715820313 -0.0593032836914063
-0.0826263427734375 -0.135757446289063 -0.0293960571289063 0.00353431701660155
-0.113197326660156 -0.135841369628906 -0.0222187042236328 0.0263175964355469
-0.0706329345703125 -0.152938842773438 -0.0402679443359375 0.0535736083984375
0.0208282470703125 -0.180679321289063 -0.055999755859375 0.0567626953125
0.1243896484375 -0.14361572265625 -0.0942535400390625 0.00623321533203125
0.225341796875 0.0145111083984375 -0.095550537109375 -0.055908203125
0.20831298828125 0.131729125976563 -0.0414352416992187 -0.0916748046875
0.119384765625 0.248626708984375 -0.00464248657226562 -0.0094175338745117
0.018218994140625 0.26495361328125 0.133148193359375 0.0622177124023438
0.07989501953125 0.23162841796875 0.09783935546875 0.140365600585938
0.211685180664062 0.164398193359375 0.130264282226563 0.137428283691406
0.218170166015625 -0.0183563232421875 0.15814208984375 0.042449951171875
0.142410278320313 -0.12579345703125 0.111297607421875 -0.0277023315429688
-0.00112915039062502 -0.174652099609375 0.03082275390625 -0.0578994750976563
-0.0885009765625 -0.147872924804688 -0.00248813629150391 -0.0126657485961914
-0.0833206176757813 -0.13873291015625 0.010894775390625 0.0399208068847656
-0.116447448730469 -0.139717102050781 0.01861572265625 0.0624465942382812
-0.0755615234375 -0.15478515625 -0.00942230224609376 0.094329833984375
0.020416259765625 -0.183197021484375 -0.0352325439453125 0.0917816162109375
0.123519897460938 -0.139595031738281 -0.0850448608398437 0.0381927490234375
0.215728759765625 0.025726318359375 -0.0899581909179687 -0.0309524536132812
0.180572509765625 0.141891479492188 -0.00955963134765624 -0.0566177368164062
0.0784759521484375 0.241241455078125 0.0200691223144531 0.0689735412597656
-0.0303192138671875 0.200973510742187 0.131591796875 0.151947021484375
0.0255889892578125 0.201431274414062 0.10205078125 0.194747924804688
0.150588989257813 0.16302490234375 0.108749389648438 0.153701782226563
0.181167602539063 0.0072021484375 0.129043579101563 0.0777511596679687
0.12628173828125 -0.0941390991210938 0.0956954956054688 0.0211868286132812
0.00476074218749998 -0.147491455078125 0.0467376708984375 -0.00293350219726563
-0.0715866088867187 -0.127967834472656 0.0368614196777344 0.0313720703125
-0.0710601806640625 -0.120887756347656 0.0505447387695312 0.0710296630859375
-0.101051330566406 -0.123794555664063 0.0578689575195312 0.0948257446289063
-0.0657958984375 -0.138877868652344 0.0199127197265625 0.130409240722656
0.0221710205078125 -0.162490844726563 -0.0192337036132813 0.122871398925781
0.114761352539063 -0.116668701171875 -0.0794296264648437 0.0649948120117187
0.185089111328125 0.0428924560546875 -0.0846328735351562 -0.01226806640625
0.129776000976563 0.144363403320312 0.0164337158203125 -0.0226287841796875
0.0233001708984375 0.206985473632813 0.032012939453125 0.140701293945313
-0.07220458984375 0.101348876953125 0.119674682617187 0.208709716796875
-0.0263442993164063 0.130302429199219 0.0993804931640625 0.223342895507813
0.0681381225585938 0.12213134765625 0.090576171875 0.153366088867188
0.111083984375 0.021728515625 0.10418701171875 0.0976943969726563
0.0837554931640625 -0.0511703491210938 0.080291748046875 0.0516357421875
0.006103515625 -0.0963211059570312 0.0584487915039063 0.0378036499023437
-0.0456695556640625 -0.0875778198242188 0.06829833984375 0.0629196166992188
-0.047821044921875 -0.0841903686523438 0.08172607421875 0.0916824340820313
-0.0690078735351563 -0.0904388427734375 0.08892822265625 0.121376037597656
-0.046051025390625 -0.103385925292969 0.0412750244140625 0.159530639648438
0.0234909057617187 -0.121429443359375 -0.012725830078125 0.147842407226562
0.0944595336914063 -0.0791473388671875 -0.0811614990234375 0.0864181518554687
0.133628845214844 0.0550613403320313 -0.0854873657226562 0.000465393066406252
0.0642623901367188 0.129631042480469 0.0282344818115234 0.00889205932617189
-0.034698486328125 0.145721435546875 0.027130126953125 0.198150634765625
0.0788040161132813 -0.042694091796875 -0.0448760986328125 -0.223434448242188
-0.0138702392578125 -0.0794601440429688 -0.0351753234863281 -0.0335884094238281
-0.0673789978027344 -0.0325508117675781 0.0965576171875 0.000839233398437498
-0.0538673400878906 0.0286026000976563 0.113388061523438 -0.103950500488281
-0.0148506164550781 0.0535812377929687 0.0283050537109375 -0.1668701171875
0.0267066955566406 0.0528221130371094 -0.065032958984375 -0.173919677734375
0.0257682800292969 0.0353507995605469 -0.127799987792969 -0.132293701171875
0.0205612182617188 0.032684326171875 -0.108123779296875 -0.09368896484375
0.01849365234375 0.0368232727050781 -0.0923385620117188 -0.0707015991210938
-0.00788116455078125 0.034027099609375 -0.0751113891601563 -0.0644073486328125
-0.0331897735595703 0.00860023498535156 -0.0817108154296875 -0.0609817504882813
-0.0281448364257813 -0.0390663146972656 -0.0963211059570312 -0.100685119628906
0.0241508483886719 -0.0632972717285156 -0.0833282470703125 -0.165542602539063
0.0778121948242188 -0.0427017211914063 -0.106292724609375 -0.221893310546875
0.110397338867188 -0.003662109375 -0.106979370117187 -0.239151000976563
0.116783142089844 0.0582122802734375 -0.00973510742187497 -0.233245849609375
0.0511665344238281 -0.022430419921875 -0.0169639587402344 -0.0425186157226563
0.0191917419433594 -0.0241317749023437 0.112495422363281 0.00792694091796875
0.00242328643798828 -0.0145664215087891 0.133636474609375 -0.105255126953125
0.00662946701049805 -0.0083165168762207 0.047821044921875 -0.175994873046875
0.000331878662109375 -0.00862455368041992 -0.0626068115234375 -0.185577392578125
-0.0202178955078125 -0.0153713226318359 -0.131187438964844 -0.133712768554688
-0.0161685943603516 -0.0199203491210938 -0.108978271484375 -0.0849456787109375
-0.0225734710693359 -0.0196399688720703 -0.0951309204101563 -0.06298828125
-0.0193958282470703 -0.0289878845214844 -0.0827789306640625 -0.053558349609375
-0.00116348266601563 -0.0504646301269531 -0.0857467651367187 -0.0475006103515625
0.0400886535644531 -0.063262939453125 -0.0995407104492188 -0.0894317626953125
0.101615905761719 -0.0187225341796875 -0.0902099609375 -0.146728515625
0.133216857910156 0.0308456420898438 -0.105484008789063 -0.199951171875
0.136512756347656 0.0992202758789063 -0.0889434814453125 -0.214920043945313
0.130950927734375 0.158706665039063 0.036163330078125 -0.205032348632813
0.1055908203125 0.0559616088867188 0.0143756866455078 -0.02801513671875
0.114212036132813 0.00568389892578125 0.132591247558594 0.0292587280273437
0.0747299194335938 -0.0494766235351563 0.15753173828125 -0.091949462890625
0.0408782958984375 -0.07049560546875 0.074005126953125 -0.167892456054688
-0.0170364379882812 -0.0737991333007813 -0.0480194091796875 -0.181640625
-0.0603141784667969 -0.0670661926269531 -0.116539001464844 -0.12115478515625
-0.0495529174804688 -0.07049560546875 -0.0938262939453125 -0.0630035400390625
-0.0638351440429688 -0.0704345703125 -0.0833816528320313 -0.0403518676757813
-0.0382614135742187 -0.0850143432617188 -0.080780029296875 -0.0242996215820313
0.0150146484375 -0.107589721679688 -0.0848464965820313 -0.0169677734375
0.0866775512695313 -0.0984115600585938 -0.105171203613281 -0.0621261596679688
0.167037963867188 -0.000457763671875 -0.0997085571289062 -0.117355346679688
0.181594848632813 0.078765869140625 -0.09735107421875 -0.165267944335938
0.152664184570313 0.176422119140625 -0.066619873046875 -0.160324096679688
0.117202758789062 0.238037109375 0.0815200805664063 -0.139762878417969
0.134918212890625 0.139991760253906 0.0503349304199219 0.0127906799316406
0.195953369140625 0.05621337890625 0.14849853515625 0.0633087158203125
0.15081787109375 -0.0652313232421875 0.175552368164062 -0.05889892578125
0.0835494995117188 -0.118942260742188 0.0996322631835938 -0.138641357421875
-0.023162841796875 -0.130966186523438 -0.0234375 -0.157501220703125
-0.087799072265625 -0.111091613769531 -0.08636474609375 -0.0945587158203125
-0.0759124755859375 -0.109268188476563 -0.0651893615722656 -0.0306816101074219
-0.0981674194335937 -0.108207702636719 -0.057403564453125 -0.00754928588867189
-0.0608444213867187 -0.125762939453125 -0.0639877319335938 0.014984130859375
0.01519775390625 -0.154083251953125 -0.07415771484375 0.021392822265625
0.109825134277344 -0.131690979003906 -0.104652404785156 -0.0265045166015625
0.209930419921875 0.0011749267578125 -0.1043701171875 -0.0840072631835937
0.211318969726563 0.105178833007813 -0.077362060546875 -0.127586364746094
0.151535034179688 0.225357055664063 -0.0380783081054687 -0.08917236328125
0.0807647705078125 0.276046752929688 0.1158447265625 -0.0455856323242187
0.128433227539063 0.204971313476563 0.0817413330078125 0.0716094970703125
0.236007690429688 0.113906860351563 0.150375366210938 0.101837158203125
0.205596923828125 -0.055755615234375 0.178695678710938 -0.0121002197265625
0.12103271484375 -0.141632080078125 0.113388061523438 -0.0889663696289063
-0.0186920166015625 -0.167221069335938 0.00366973876953124 -0.113578796386719
-0.0997390747070313 -0.137062072753906 -0.0464401245117188 -0.0556144714355469
-0.0901641845703125 -0.132308959960938 -0.0270423889160156 0.00538063049316405
-0.120437622070313 -0.12890625 -0.0207157135009766 0.0283908843994141
-0.0787353515625 -0.147216796875 -0.0378074645996094 0.0572624206542969
0.0111083984375 -0.180465698242188 -0.0543136596679687 0.0599212646484375
0.116714477539062 -0.1495361328125 -0.09521484375 0.0102310180664062
0.22625732421875 0.0030059814453125 -0.10052490234375 -0.0524520874023438
0.213577270507813 0.120498657226563 -0.0468292236328125 -0.0908432006835937
0.132049560546875 0.244583129882813 -0.00533390045166015 -0.01092529296875
0.03118896484375 0.26409912109375 0.133567810058594 0.0564804077148438
0.090606689453125 0.2291259765625 0.101242065429688 0.135330200195313
0.22149658203125 0.153900146484375 0.137748718261719 0.133621215820313
0.216827392578125 -0.02899169921875 0.161514282226563 0.0359039306640625
0.137229919433594 -0.133651733398438 0.110748291015625 -0.0330734252929688
-0.0103302001953125 -0.1727294921875 0.0272789001464844 -0.0584945678710938
-0.096466064453125 -0.141738891601562 -0.00246334075927735 -0.0108642578125
-0.0912628173828125 -0.13409423828125 0.0149192810058594 0.0401039123535156
-0.124122619628906 -0.131683349609375 0.0220718383789062 0.0631675720214844
-0.083648681640625 -0.148834228515625 -0.00411987304687501 0.0965728759765625
0.00999450683593751 -0.18316650390625 -0.0308837890625 0.0943069458007812
0.115631103515625 -0.14581298828125 -0.0847625732421875 0.0417709350585938
0.217514038085938 0.01434326171875 -0.0935287475585938 -0.027496337890625
0.186874389648438 0.132034301757813 -0.0136451721191406 -0.0581245422363281
0.0912322998046875 0.237716674804688 0.0225372314453125 0.0657730102539063
-0.0201416015625 0.202545166015625 0.136260986328125 0.14678955078125
0.0362396240234375 0.200592041015625 0.108489990234375 0.189346313476563
0.160186767578125 0.155487060546875 0.116744995117188 0.1507568359375
0.180908203125 -0.001556396484375 0.133743286132813 0.0725250244140625
0.121391296386719 -0.101318359375 0.0972824096679688 0.0164947509765625
-0.00263977050781251 -0.146270751953125 0.0455703735351563 -0.00444030761718751
-0.0798873901367187 -0.122299194335938 0.0391464233398437 0.0307807922363281
-0.0778732299804688 -0.116531372070312 0.0551033020019531 0.0691184997558594
-0.1077880859375 -0.116455078125 0.0628738403320312 0.09405517578125
-0.0733642578125 -0.132179260253906 0.0262680053710937 0.130462646484375
0.012542724609375 -0.163253784179688 -0.0141220092773438 0.123825073242187
0.108634948730469 -0.122055053710937 -0.07781982421875 0.0686874389648438
0.187637329101563 0.031982421875 -0.0874786376953125 -0.0095977783203125
0.136573791503906 0.137603759765625 0.0139961242675781 -0.0255146026611328
0.0349273681640625 0.205856323242187 0.0388107299804688 0.137710571289063
-0.0664901733398438 0.104866027832031 0.127578735351563 0.204376220703125
-0.019744873046875 0.13189697265625 0.10833740234375 0.21881103515625
0.0757293701171875 0.118446350097656 0.0984344482421875 0.15045166015625
0.11181640625 0.0152969360351563 0.110061645507812 0.0936660766601563
0.0811386108398438 -0.0557479858398437 0.083404541015625 0.04791259765625
0.000930786132812507 -0.0948638916015625 0.06024169921875 0.0350990295410156
-0.050628662109375 -0.0835342407226563 0.072540283203125 0.06005859375
-0.0531082153320312 -0.0810928344726563 0.0872726440429687 0.0879898071289062
-0.0746917724609375 -0.0856475830078125 0.0956954956054687 0.118247985839844
-0.0519256591796875 -0.0985107421875 0.04901123046875 0.157989501953125
0.0160980224609375 -0.121955871582031 -0.0063018798828125 0.148239135742187
0.0892181396484375 -0.0842208862304688 -0.0781097412109375 0.0900497436523437
0.136199951171875 0.0477294921875 -0.086700439453125 0.00304412841796875
0.0703582763671875 0.125938415527344 0.0278759002685547 0.00493431091308595
-0.02679443359375 0.147216796875 0.0364837646484375 0.194244384765625
0.0765228271484375 -0.0455093383789062 -0.0516815185546875 -0.221725463867188
-0.016204833984375 -0.0782318115234375 -0.0360794067382812 -0.0301933288574219
-0.0682868957519531 -0.029815673828125 0.0977630615234375 -0.0012359619140625
-0.0535430908203125 0.0306358337402344 0.112396240234375 -0.106735229492188
-0.0134658813476562 0.0536537170410156 0.0258331298828125 -0.167266845703125
0.0288047790527344 0.0502243041992188 -0.06854248046875 -0.173553466796875
0.027679443359375 0.0336418151855469 -0.131660461425781 -0.129486083984375
0.0217494964599609 0.0308055877685547 -0.111396789550781 -0.0917129516601563
0.0194053649902344 0.0338115692138672 -0.0943222045898438 -0.0690841674804687
-0.00566482543945312 0.0331630706787109 -0.0779800415039062 -0.0633621215820313
-0.0321826934814453 0.00960159301757813 -0.0848464965820313 -0.060211181640625
-0.0292892456054688 -0.0374984741210938 -0.0996475219726563 -0.099639892578125
0.0221939086914063 -0.0625572204589844 -0.08734130859375 -0.164627075195312
0.0768356323242188 -0.0438003540039063 -0.110595703125 -0.219802856445313
0.110130310058594 -0.00661468505859375 -0.112442016601562 -0.238800048828125
0.117988586425781 0.05426025390625 -0.0163421630859375 -0.233108520507813
0.0511970520019531 -0.0220222473144531 -0.0194206237792969 -0.0393753051757813
0.0190353393554688 -0.0236282348632812 0.113677978515625 0.006591796875
0.00161933898925781 -0.0141668319702148 0.132698059082031 -0.108444213867187
0.00615024566650391 -0.00905513763427734 0.044036865234375 -0.176712036132813
0.000155448913574219 -0.00887775421142578 -0.0666656494140625 -0.184539794921875
-0.0201148986816406 -0.0152320861816406 -0.134971618652344 -0.129981994628906
-0.0164947509765625 -0.0207328796386719 -0.110832214355469 -0.0833587646484375
-0.0225944519042969 -0.0201950073242188 -0.0971832275390625 -0.060882568359375
-0.0186061859130859 -0.0293350219726563 -0.0846405029296875 -0.0515060424804688
-0.000797271728515624 -0.0496063232421875 -0.0875473022460938 -0.0457839965820313
0.03924560546875 -0.0642547607421875 -0.103462219238281 -0.0882186889648438
0.100761413574219 -0.020751953125 -0.0941009521484375 -0.145584106445313
0.132843017578125 0.028839111328125 -0.110137939453125 -0.198226928710938
0.138603210449219 0.0952682495117188 -0.0944366455078125 -0.215072631835938
0.135452270507812 0.155517578125 0.0295867919921875 -0.206039428710938
0.106399536132813 0.0553741455078125 0.0116996765136719 -0.0258560180664063
0.115264892578125 0.003143310546875 0.1351318359375 0.0279312133789062
0.0734024047851563 -0.0515289306640625 0.157058715820313 -0.0947265625
0.0391845703125 -0.0728836059570313 0.0716400146484375 -0.169723510742188
-0.0189437866210938 -0.0733642578125 -0.0520172119140625 -0.180206298828125
-0.062286376953125 -0.0645980834960937 -0.119155883789063 -0.117904663085937
-0.0523529052734375 -0.0696792602539062 -0.0946731567382812 -0.0610427856445313
-0.0658416748046875 -0.0693206787109375 -0.0839996337890625 -0.037811279296875
-0.0399398803710938 -0.0839767456054687 -0.0812454223632813 -0.021209716796875
0.0124740600585937 -0.108222961425781 -0.0863265991210938 -0.01507568359375
0.0845108032226562 -0.100288391113281 -0.108970642089844 -0.0608139038085938
0.167465209960937 -0.0042266845703125 -0.10418701171875 -0.116493225097656
0.182830810546875 0.07470703125 -0.10272216796875 -0.16461181640625
0.157318115234375 0.173797607421875 -0.071319580078125 -0.161483764648438
0.122817993164063 0.235931396484375 0.075775146484375 -0.140975952148437
0.137672424316406 0.138381958007813 0.0477027893066406 0.0142707824707031
0.199081420898438 0.0513153076171875 0.152297973632813 0.0617218017578125
0.149490356445313 -0.0688018798828125 0.176300048828125 -0.0626068115234375
0.0811004638671875 -0.122703552246094 0.0969085693359375 -0.141128540039063
-0.0267715454101563 -0.129829406738281 -0.027069091796875 -0.156463623046875
-0.0909957885742188 -0.107078552246094 -0.0886154174804687 -0.09088134765625
-0.0795135498046875 -0.108161926269531 -0.0647201538085938 -0.0293464660644531
-0.10186767578125 -0.105369567871094 -0.0571937561035156 -0.00538253784179688
-0.0638656616210937 -0.123405456542969 -0.064056396484375 0.0179519653320312
0.0115966796875 -0.154159545898437 -0.0744781494140625 0.023773193359375
0.107101440429688 -0.135299682617188 -0.107772827148438 -0.0243682861328125
0.211227416992187 -0.004791259765625 -0.108551025390625 -0.0825042724609375
0.213455200195313 0.100448608398438 -0.08221435546875 -0.127296447753906
0.158554077148438 0.22296142578125 -0.0403900146484375 -0.0904541015625
0.0878448486328125 0.275558471679688 0.111579895019531 -0.0478363037109375
0.132217407226563 0.203994750976563 0.0790481567382813 0.071746826171875
0.24127197265625 0.107894897460938 0.155136108398438 0.100616455078125
0.204605102539063 -0.060791015625 0.179550170898438 -0.0158538818359375
0.118011474609375 -0.146194458007813 0.1124267578125 -0.0925445556640625
-0.0236358642578125 -0.16558837890625 0.000495910644531251 -0.112342834472656
-0.104438781738281 -0.133087158203125 -0.04736328125 -0.0534477233886719
-0.0946502685546875 -0.129768371582031 -0.0249843597412109 0.00622558593749999
-0.124427795410156 -0.124481201171875 -0.0187797546386719 0.0303153991699219
-0.0824432373046875 -0.143280029296875 -0.0354156494140625 0.0600204467773437
0.00592041015625 -0.180526733398437 -0.0528488159179688 0.0616722106933594
0.113189697265625 -0.153335571289063 -0.0981292724609375 0.0121688842773437
0.227264404296875 -0.0031585693359375 -0.104843139648438 -0.0515823364257812
0.215835571289063 0.115188598632813 -0.0508575439453125 -0.0918350219726562
0.138748168945313 0.242538452148437 -0.00690937042236327 -0.0126018524169922
0.038360595703125 0.264450073242188 0.132392883300781 0.0544509887695313
0.0958099365234375 0.228240966796875 0.101341247558594 0.135383605957031
0.22735595703125 0.148590087890625 0.142105102539063 0.132644653320313
0.216766357421875 -0.0342559814453125 0.163375854492188 0.03265380859375
0.134056091308594 -0.138885498046875 0.110824584960938 -0.0349273681640625
-0.0153045654296875 -0.171646118164062 0.0253829956054688 -0.0572395324707031
-0.101234436035156 -0.136848449707031 -0.00189685821533204 -0.00997543334960938
-0.0955657958984375 -0.132278442382813 0.0183029174804687 0.03985595703125
-0.128562927246094 -0.126602172851563 0.024444580078125 0.0641517639160156
-0.0876312255859375 -0.144668579101563 -0.00125885009765625 0.0982742309570313
0.00355529785156252 -0.1827392578125 -0.0296859741210938 0.0960159301757813
0.11181640625 -0.149703979492188 -0.0861129760742188 0.0445632934570312
0.218414306640625 0.008056640625 -0.0962295532226563 -0.0267181396484375
0.189285278320312 0.1273193359375 -0.0167388916015625 -0.0591850280761719
0.0980682373046875 0.23724365234375 0.0236549377441406 0.0643043518066406
-0.0139923095703125 0.204376220703125 0.13720703125 0.1448974609375
0.04083251953125 0.201553344726563 0.110336303710938 0.187942504882812
0.16607666015625 0.151535034179688 0.120590209960938 0.14990234375
0.181060791015625 -0.007232666015625 0.136436462402344 0.0703125
0.118995666503906 -0.105979919433594 0.09881591796875 0.0141983032226562
-0.00746154785156249 -0.145248413085937 0.044921875 -0.00392532348632813
-0.0837326049804688 -0.117958068847656 0.0406646728515625 0.0302391052246094
-0.0825958251953125 -0.114349365234375 0.0592842102050781 0.0680084228515625
-0.111763000488281 -0.111923217773438 0.0658493041992188 0.093841552734375
-0.0768585205078125 -0.128219604492188 0.030242919921875 0.131301879882813
0.00715637207031251 -0.162216186523438 -0.0112075805664063 0.125137329101563
0.104385375976562 -0.124931335449219 -0.0774459838867187 0.070831298828125
0.188858032226562 0.027099609375 -0.089569091796875 -0.00859832763671875
0.139236450195313 0.133827209472656 0.0118484497070313 -0.0277442932128906
0.0411834716796875 0.205963134765625 0.0415802001953125 0.135574340820312
-0.0634002685546875 0.107475280761719 0.131210327148438 0.202911376953125
-0.01611328125 0.133354187011719 0.1116943359375 0.217117309570313
0.0804977416992187 0.116386413574219 0.101806640625 0.1497802734375
0.111991882324219 0.0121917724609375 0.11322021484375 0.0909500122070313
0.0790023803710938 -0.05938720703125 0.0855178833007813 0.04644775390625
-0.00223541259765625 -0.09417724609375 0.0604896545410156 0.0347251892089844
-0.0548019409179688 -0.0800552368164063 0.0750656127929688 0.0592041015625
-0.0560150146484375 -0.0792465209960938 0.0910720825195313 0.0860748291015625
-0.0774307250976563 -0.0826568603515625 0.0992355346679687 0.117523193359375
-0.0544357299804687 -0.0957107543945313 0.053192138671875 0.158782958984375
0.0113449096679687 -0.122779846191406 -0.00340270996093749 0.149017333984375
0.0861129760742188 -0.0863189697265625 -0.0771484375 0.0917587280273438
0.137985229492188 0.0439605712890625 -0.0886154174804687 0.00408172607421875
0.072723388671875 0.124053955078125 0.0265655517578125 0.00181579589843751
-0.0218658447265625 0.147476196289063 0.0411834716796875 0.19256591796875
0.0768051147460938 -0.04803466796875 -0.0561065673828125 -0.225677490234375
-0.01727294921875 -0.07867431640625 -0.037322998046875 -0.0276374816894531
-0.0697479248046875 -0.0275344848632813 0.100906372070312 -0.0014190673828125
-0.0541877746582031 0.0323104858398438 0.115348815917969 -0.110214233398437
-0.0131912231445312 0.0549163818359375 0.0264892578125 -0.170578002929688
0.03057861328125 0.0501899719238281 -0.0712738037109375 -0.177536010742188
0.0302257537841797 0.0327014923095703 -0.136322021484375 -0.130630493164063
0.0231113433837891 0.0301113128662109 -0.115989685058594 -0.0935516357421875
0.0201740264892578 0.0330448150634766 -0.0976486206054688 -0.0699996948242187
-0.00398826599121094 0.0322456359863281 -0.081024169921875 -0.0648880004882813
-0.0308361053466797 0.010284423828125 -0.0890579223632813 -0.0617523193359375
-0.0303077697753906 -0.0376853942871094 -0.103897094726563 -0.101303100585937
0.0218353271484375 -0.0639419555664063 -0.0900421142578125 -0.167312622070313
0.0773696899414063 -0.0450057983398438 -0.114059448242187 -0.224380493164062
0.111473083496094 -0.0088043212890625 -0.116409301757813 -0.243927001953125
0.120933532714844 0.0536041259765625 -0.021087646484375 -0.237030029296875
0.0518264770507812 -0.0219497680664062 -0.02117919921875 -0.0374755859375
0.0198631286621094 -0.0233078002929688 0.118270874023438 0.00676727294921875
0.00147724151611328 -0.0138654708862305 0.135673522949219 -0.111671447753906
0.00590229034423828 -0.0101490020751953 0.0449371337890625 -0.18109130859375
0.000917434692382813 -0.00954437255859375 -0.069366455078125 -0.188339233398438
-0.0205917358398437 -0.0152606964111328 -0.139190673828125 -0.131401062011719
-0.0174331665039063 -0.0218257904052734 -0.114433288574219 -0.0844192504882813
-0.0239982604980469 -0.0215415954589844 -0.099853515625 -0.0617752075195312
-0.0182933807373047 -0.0306930541992188 -0.0875320434570312 -0.05230712890625
-0.000205993652343746 -0.0509071350097656 -0.0912399291992187 -0.0461578369140625
0.0397529602050781 -0.0661277770996094 -0.108467102050781 -0.0896987915039063
0.102790832519531 -0.0215682983398438 -0.097991943359375 -0.148895263671875
0.135360717773438 0.02789306640625 -0.114669799804688 -0.202590942382813
0.142593383789063 0.0962066650390625 -0.0993194580078125 -0.220703125
0.139404296875 0.157135009765625 0.02557373046875 -0.209930419921875
0.109420776367188 0.0572128295898438 0.00936508178710938 -0.0233917236328125
0.119361877441406 0.00283050537109375 0.140205383300781 0.0282058715820312
0.07452392578125 -0.0522994995117188 0.1610107421875 -0.0984344482421875
0.0392990112304688 -0.0754623413085938 0.0724334716796875 -0.17437744140625
-0.0204925537109375 -0.0742645263671875 -0.0542755126953125 -0.183624267578125
-0.0639228820800781 -0.06463623046875 -0.123207092285156 -0.11883544921875
-0.0545578002929688 -0.0713043212890625 -0.0962371826171875 -0.0619354248046875
-0.0683746337890625 -0.07037353515625 -0.0862808227539063 -0.0378189086914062
-0.040252685546875 -0.085357666015625 -0.083343505859375 -0.0205001831054688
0.0121688842773438 -0.109405517578125 -0.0895767211914063 -0.014739990234375
0.0860519409179688 -0.103668212890625 -0.114425659179688 -0.0621414184570312
0.171371459960938 -0.00579833984375 -0.108970642089844 -0.118904113769531
0.186126708984375 0.0747528076171875 -0.107498168945312 -0.168167114257813
0.16229248046875 0.17694091796875 -0.075347900390625 -0.166717529296875
0.129531860351563 0.239761352539063 0.07305908203125 -0.144302368164062
0.141311645507813 0.142303466796875 0.0461387634277344 0.0156135559082031
0.205276489257813 0.051116943359375 0.15826416015625 0.06329345703125
0.152145385742187 -0.07177734375 0.181350708007813 -0.06463623046875
0.0816879272460937 -0.127967834472656 0.098876953125 -0.144638061523438
-0.02825927734375 -0.131492614746094 -0.0288848876953125 -0.157943725585938
-0.0941314697265625 -0.106689453125 -0.0911102294921875 -0.0916290283203125
-0.0831832885742188 -0.110038757324219 -0.065155029296875 -0.0296745300292969
-0.105628967285156 -0.106369018554688 -0.0581474304199219 -0.00389862060546877
-0.0654983520507812 -0.124282836914063 -0.0648727416992187 0.0200386047363281
0.00964355468749999 -0.157867431640625 -0.0763626098632813 0.024627685546875
0.107719421386719 -0.139053344726563 -0.112724304199219 -0.024322509765625
0.216415405273438 -0.006866455078125 -0.113777160644531 -0.0846176147460938
0.218246459960938 0.10113525390625 -0.086517333984375 -0.130577087402344
0.164886474609375 0.227920532226563 -0.043731689453125 -0.0940933227539062
0.09332275390625 0.281219482421875 0.110198974609375 -0.04925537109375
0.1368408203125 0.208892822265625 0.0785751342773438 0.0744781494140625
0.249740600585938 0.10809326171875 0.16180419921875 0.103591918945312
0.209152221679687 -0.06365966796875 0.18505859375 -0.0171051025390625
0.119552612304687 -0.152481079101563 0.114425659179688 -0.0954360961914063
-0.0261077880859375 -0.167892456054688 -0.000579833984375012 -0.113372802734375
-0.108612060546875 -0.132179260253906 -0.0481491088867188 -0.0528106689453125
-0.0991287231445312 -0.132064819335938 -0.0236778259277344 0.00625038146972655
-0.129196166992188 -0.124809265136719 -0.0181407928466797 0.0326080322265625
-0.085479736328125 -0.144195556640625 -0.0346527099609375 0.062591552734375
0.00262451171874999 -0.184066772460938 -0.0539627075195313 0.0648117065429688
0.11370849609375 -0.15838623046875 -0.102485656738281 0.0136566162109375
0.233535766601563 -0.0055084228515625 -0.109375 -0.0524215698242188
0.22088623046875 0.116455078125 -0.0543289184570312 -0.0947265625
0.145645141601563 0.2479248046875 -0.00832557678222655 -0.0140218734741211
0.042510986328125 0.271453857421875 0.132789611816406 0.0559921264648438
0.099151611328125 0.234054565429687 0.101165771484375 0.138496398925781
0.235610961914063 0.149398803710937 0.148605346679688 0.13653564453125
0.220703125 -0.037628173828125 0.167755126953125 0.03240966796875
0.13482666015625 -0.144622802734375 0.113609313964844 -0.0371551513671875
-0.0173797607421875 -0.172988891601563 0.0254058837890625 -0.0569419860839844
-0.105522155761719 -0.135772705078125 -0.000981330871582038 -0.00909996032714844
-0.100509643554687 -0.133064270019531 0.0209541320800781 0.0407142639160156
-0.132644653320313 -0.126174926757813 0.0264892578125 0.0670738220214844
-0.0908355712890625 -0.144287109375 0.000625610351562486 0.101669311523437
9.1552734374989E-05 -0.186187744140625 -0.0293426513671875 0.0983657836914062
0.112030029296875 -0.153884887695313 -0.0898284912109375 0.046051025390625
0.224105834960938 0.006103515625 -0.101303100585937 -0.0273513793945313
0.194046020507813 0.128204345703125 -0.0192642211914062 -0.0616493225097656
0.103408813476563 0.242385864257813 0.0234909057617188 0.0645904541015625
-0.0121917724609375 0.209304809570313 0.140350341796875 0.148544311523438
0.0433349609375 0.2056884765625 0.111831665039063 0.192214965820313
0.17315673828125 0.152359008789063 0.125808715820313 0.15289306640625
0.184371948242188 -0.009552001953125 0.14068603515625 0.0706634521484375
0.120063781738281 -0.111106872558594 0.101394653320313 0.0143356323242187
-0.00941467285156251 -0.146347045898438 0.0452499389648438 -0.00297927856445313
-0.0880661010742188 -0.116653442382812 0.0429840087890625 0.0310554504394531
-0.0863265991210938 -0.114692687988281 0.0631599426269531 0.0691299438476563
-0.115974426269531 -0.11199951171875 0.069061279296875 0.0965194702148438
-0.0797805786132813 -0.127685546875 0.033050537109375 0.135818481445313
0.00328063964843749 -0.165008544921875 -0.0108413696289062 0.128082275390625
0.105216979980469 -0.129310607910156 -0.0801925659179688 0.0733261108398437
0.193206787109375 0.02569580078125 -0.0937423706054687 -0.0082550048828125
0.142623901367188 0.135513305664063 0.0105609893798828 -0.0299339294433594
0.04425048828125 0.21038818359375 0.0433731079101562 0.136833190917969
-0.0629119873046875 0.11065673828125 0.133987426757813 0.207443237304688
-0.014862060546875 0.136466979980469 0.114028930664063 0.220718383789063
0.0849990844726563 0.116912841796875 0.105514526367188 0.15264892578125
0.113395690917969 0.0105209350585938 0.116325378417969 0.0927734375
0.0796356201171875 -0.0621185302734375 0.0882339477539063 0.0468521118164062
-0.00390625 -0.0945510864257813 0.0617294311523438 0.03564453125
-0.0571060180664062 -0.0782699584960938 0.0779800415039063 0.059539794921875
-0.0595321655273438 -0.0791397094726562 0.095855712890625 0.0881118774414063
-0.0809860229492187 -0.0816268920898438 0.103622436523438 0.120193481445313
-0.056976318359375 -0.0950469970703125 0.056854248046875 0.1629638671875
0.00872802734374999 -0.124626159667969 -0.00207519531250002 0.151870727539063
0.0865249633789063 -0.0893096923828125 -0.079193115234375 0.0947723388671875
0.141525268554688 0.04296875 -0.0927734375 0.00454711914062501
0.0756683349609375 0.125633239746094 0.0257587432861328 0.000106811523437508
-0.02081298828125 0.150772094726563 0.04345703125 0.195281982421875
0.07843017578125 -0.0522308349609375 -0.064117431640625 -0.233261108398437
-0.0196075439453125 -0.0808563232421875 -0.0388526916503906 -0.0257415771484375
-0.0728302001953125 -0.0265579223632812 0.106559753417969 -0.003082275390625
-0.0561676025390625 0.0358200073242187 0.120063781738281 -0.117424011230469
-0.0122413635253906 0.0577659606933594 0.02569580078125 -0.178909301757813
0.0326881408691406 0.0508766174316406 -0.0766143798828125 -0.184738159179688
0.0329837799072266 0.0318527221679687 -0.145614624023437 -0.134429931640625
0.0245227813720703 0.0293979644775391 -0.124290466308594 -0.0967941284179688
0.0211334228515625 0.0324211120605469 -0.104690551757813 -0.0724716186523438
-0.00255775451660156 0.0320663452148437 -0.0864791870117187 -0.066558837890625
-0.0303020477294922 0.0110702514648437 -0.095245361328125 -0.0640487670898438
-0.0320854187011719 -0.0383796691894531 -0.111297607421875 -0.105224609375
0.021026611328125 -0.0662841796875 -0.0955810546875 -0.174072265625
0.0802459716796875 -0.0474090576171875 -0.121246337890625 -0.232986450195313
0.115348815917969 -0.011871337890625 -0.126953125 -0.254669189453125
0.126846313476563 0.0534286499023437 -0.0290985107421875 -0.246047973632812
0.0532493591308594 -0.0221672058105469 -0.0236129760742187 -0.0354995727539063
0.0213031768798828 -0.0241146087646484 0.125686645507813 0.00554656982421875
0.0015716552734375 -0.0136356353759766 0.140975952148438 -0.118972778320312
0.0059051513671875 -0.0108613967895508 0.0453033447265625 -0.189865112304687
0.000867843627929687 -0.00996685028076172 -0.0755462646484375 -0.1951904296875
-0.0208244323730469 -0.0161457061767578 -0.148406982421875 -0.134429931640625
-0.0186634063720703 -0.0237216949462891 -0.121849060058594 -0.086761474609375
-0.0260581970214844 -0.0230007171630859 -0.106391906738281 -0.0633468627929688
-0.0181999206542969 -0.0320453643798828 -0.0921707153320313 -0.0525436401367188
0.000209808349609376 -0.052764892578125 -0.097442626953125 -0.0472259521484375
0.0405464172363281 -0.0692481994628906 -0.116935729980469 -0.0925979614257813
0.106849670410156 -0.0233383178710938 -0.104843139648437 -0.1544189453125
0.140838623046875 0.0277099609375 -0.123336791992188 -0.211212158203125
0.149765014648438 0.0985565185546875 -0.108154296875 -0.23095703125
0.149322509765625 0.16192626953125 0.020111083984375 -0.219039916992188
0.114982604980469 0.0594558715820313 0.00793838500976563 -0.0216159820556641
0.125808715820313 0.0008697509765625 0.149917602539063 0.027862548828125
0.0772323608398437 -0.0558624267578125 0.168258666992188 -0.105026245117188
0.03900146484375 -0.0803451538085938 0.07342529296875 -0.18414306640625
-0.0220413208007813 -0.0769271850585938 -0.059600830078125 -0.189987182617187
-0.0672988891601563 -0.0655288696289063 -0.130546569824219 -0.121292114257813
-0.0588912963867188 -0.0738906860351563 -0.101463317871094 -0.0644683837890625
-0.0734634399414063 -0.0720901489257813 -0.0916519165039062 -0.0377883911132813
-0.042572021484375 -0.0883865356445313 -0.0876007080078125 -0.0197677612304688
0.0112838745117188 -0.114845275878906 -0.0947723388671875 -0.0136489868164063
0.0886154174804687 -0.110038757324219 -0.123146057128906 -0.0630416870117188
0.179595947265625 -0.0090789794921875 -0.117195129394531 -0.123085021972656
0.194976806640625 0.0760345458984375 -0.11578369140625 -0.175674438476563
0.173141479492188 0.182861328125 -0.0831146240234375 -0.174636840820313
0.14007568359375 0.248825073242188 0.070770263671875 -0.151138305664062
0.150772094726563 0.14849853515625 0.0454978942871094 0.0190391540527344
0.218399047851563 0.049346923828125 0.169143676757813 0.0634307861328125
0.158218383789063 -0.0774688720703125 0.189422607421875 -0.0713348388671875
0.082550048828125 -0.136367797851562 0.101486206054687 -0.154190063476562
-0.031646728515625 -0.136116027832031 -0.032470703125 -0.163772583007813
-0.100486755371094 -0.1080322265625 -0.095977783203125 -0.09283447265625
-0.0899887084960938 -0.113754272460938 -0.066864013671875 -0.030792236328125
-0.113334655761719 -0.107368469238281 -0.0602836608886719 -0.00238800048828126
-0.0701065063476563 -0.127655029296875 -0.0666580200195313 0.023468017578125
0.00726318359374998 -0.164764404296875 -0.0804290771484375 0.0279693603515625
0.111282348632813 -0.147903442382813 -0.121063232421875 -0.02392578125
0.227035522460938 -0.0104522705078125 -0.12225341796875 -0.0865478515625
0.229080200195312 0.102401733398437 -0.0941314697265625 -0.136436462402344
0.176910400390625 0.236663818359375 -0.0485382080078125 -0.0982208251953125
0.10382080078125 0.293487548828125 0.112075805664063 -0.0524444580078125
0.146438598632813 0.218780517578125 0.0806503295898438 0.07940673828125
0.26556396484375 0.107818603515625 0.1739501953125 0.105056762695313
0.217254638671875 -0.0704193115234375 0.193145751953125 -0.0211639404296875
0.121307373046875 -0.163650512695313 0.118507385253906 -0.101844787597656
-0.029937744140625 -0.174087524414063 -0.00261688232421874 -0.116600036621094
-0.115203857421875 -0.134056091308594 -0.0500907897949219 -0.0534286499023438
-0.107597351074219 -0.135307312011719 -0.0225696563720703 0.00680923461914062
-0.138015747070313 -0.126495361328125 -0.0173568725585938 0.0355758666992187
-0.092041015625 -0.147064208984375 -0.034088134765625 0.0677833557128906
-0.00105285644531251 -0.19195556640625 -0.0557289123535156 0.0684127807617187
0.116500854492187 -0.167739868164063 -0.109588623046875 0.0163955688476563
0.244369506835938 -0.0109100341796875 -0.118186950683594 -0.052642822265625
0.232452392578125 0.117813110351563 -0.060546875 -0.099365234375
0.157989501953125 0.258758544921875 -0.0101108551025391 -0.0160560607910156
0.050079345703125 0.28387451171875 0.137222290039062 0.0571517944335938
0.10797119140625 0.244979858398437 0.104171752929687 0.14520263671875
0.252120971679688 0.1510009765625 0.159683227539063 0.140060424804688
0.229705810546875 -0.043609619140625 0.176528930664063 0.0312042236328125
0.138137817382813 -0.155181884765625 0.118408203125 -0.0406417846679688
-0.0214385986328125 -0.179046630859375 0.0254554748535156 -0.0583953857421875
-0.113189697265625 -0.136772155761719 -0.000701904296875008 -0.00851917266845704
-0.108726501464844 -0.136993408203125 0.0244636535644531 0.0418434143066406
-0.142196655273437 -0.127212524414063 0.02947998046875 0.071197509765625
-0.097412109375 -0.147369384765625 0.00331878662109376 0.1080322265625
-0.00521850585937501 -0.194183349609375 -0.0294189453125 0.104141235351562
0.114013671875 -0.163223266601563 -0.0948867797851563 0.0501556396484375
0.234848022460938 0.0016021728515625 -0.108726501464844 -0.0263900756835938
0.204360961914063 0.13018798828125 -0.0229759216308594 -0.0652084350585937
0.113449096679688 0.252365112304688 0.0252647399902344 0.0660972595214844
-0.00798034667968752 0.220001220703125 0.147003173828125 0.153854370117188
0.0493011474609375 0.215911865234375 0.116912841796875 0.199325561523437
0.186004638671875 0.155517578125 0.135055541992188 0.157455444335938
0.191787719726563 -0.0139007568359375 0.148223876953125 0.072174072265625
0.123077392578125 -0.119377136230469 0.106315612792969 0.0132217407226562
-0.01361083984375 -0.151687622070313 0.0474433898925781 -0.00262069702148438
-0.0943679809570313 -0.117355346679687 0.0463104248046875 0.0324363708496094
-0.0936813354492187 -0.117332458496094 0.0699310302734375 0.0707931518554687
-0.123771667480469 -0.112579345703125 0.0759201049804687 0.101089477539062
-0.0860824584960938 -0.1297607421875 0.0376129150390625 0.142242431640625
-0.0016021728515625 -0.172470092773438 -0.0095977783203125 0.134147644042969
0.106559753417969 -0.136817932128906 -0.0842056274414062 0.0782623291015625
0.20281982421875 0.0228271484375 -0.100776672363281 -0.00682830810546874
0.151596069335937 0.138595581054688 0.00900650024414063 -0.0331459045410156
0.0511322021484375 0.22027587890625 0.047393798828125 0.141677856445313
-0.0629806518554688 0.117622375488281 0.142822265625 0.216232299804688
-0.0115814208984375 0.142608642578125 0.121170043945313 0.22991943359375
0.0928115844726563 0.119613647460937 0.11285400390625 0.157928466796875
0.117599487304688 0.0074462890625 0.123161315917969 0.0958023071289063
0.0812911987304688 -0.0679931640625 0.09393310546875 0.0481185913085937
-0.00605010986328125 -0.0977859497070312 0.064971923828125 0.0372886657714844
-0.0608901977539063 -0.0782241821289063 0.083343505859375 0.0608444213867187
-0.0650711059570313 -0.08062744140625 0.103668212890625 0.0896682739257813
-0.085845947265625 -0.0825729370117187 0.112564086914063 0.125076293945313
-0.0615463256835938 -0.096710205078125 0.0635223388671875 0.170211791992188
0.00483703613281251 -0.130081176757813 -0.000366210937499993 0.158523559570313
0.08856201171875 -0.094879150390625 -0.0820693969726562 0.1009521484375
0.149368286132812 0.0418243408203125 -0.0990753173828125 0.0068817138671875
0.0808944702148438 0.129920959472656 0.0255756378173828 -0.00296020507812499
-0.0184326171875 0.15814208984375 0.048919677734375 0.202072143554688
0.0794906616210938 -0.0587692260742188 -0.07940673828125 -0.240386962890625
-0.0236968994140625 -0.0831756591796875 -0.0417823791503906 -0.0228385925292969
-0.0759506225585938 -0.023773193359375 0.112785339355469 -0.0075225830078125
-0.0562858581542969 0.040771484375 0.122085571289063 -0.128669738769531
-0.0102310180664062 0.0620918273925781 0.0215606689453125 -0.189559936523438
0.0381317138671875 0.050537109375 -0.088531494140625 -0.192642211914063
0.0366325378417969 0.0300331115722656 -0.160430908203125 -0.134246826171875
0.0271339416503906 0.0290889739990234 -0.137252807617188 -0.0963897705078125
0.0232658386230469 0.0318489074707031 -0.11517333984375 -0.0727767944335938
-0.00011634826660156 0.0318946838378906 -0.0948944091796875 -0.0673904418945313
-0.0293464660644531 0.0129604339599609 -0.104660034179688 -0.0635986328125
-0.0349960327148437 -0.0382499694824219 -0.123130798339844 -0.105827331542969
0.0192184448242188 -0.0693702697753906 -0.106948852539062 -0.1800537109375
0.0818099975585938 -0.0528106689453125 -0.137802124023438 -0.241592407226563
0.120170593261719 -0.0176239013671875 -0.144119262695313 -0.263687133789062
0.135528564453125 0.0510025024414063 -0.043243408203125 -0.254867553710938
0.054931640625 -0.0240898132324219 -0.0266761779785156 -0.0330944061279297
0.0226345062255859 -0.0254364013671875 0.133468627929688 0.000640869140624998
0.00185108184814453 -0.0137805938720703 0.1444091796875 -0.131118774414063
0.00583744049072266 -0.0112628936767578 0.0399322509765625 -0.20166015625
0.00154304504394531 -0.0113391876220703 -0.086822509765625 -0.20245361328125
-0.0216064453125 -0.0163936614990234 -0.162261962890625 -0.13421630859375
-0.0208740234375 -0.0249404907226563 -0.133537292480469 -0.0871047973632813
-0.0283489227294922 -0.0242443084716797 -0.116233825683594 -0.0627288818359375
-0.0194892883300781 -0.0344963073730469 -0.100387573242188 -0.05078125
-0.000881195068359373 -0.0555496215820313 -0.105903625488281 -0.0462417602539063
0.040283203125 -0.0746002197265625 -0.129058837890625 -0.0935287475585938
0.111572265625 -0.02838134765625 -0.1168212890625 -0.158859252929688
0.148651123046875 0.02435302734375 -0.138824462890625 -0.217987060546875
0.162078857421875 0.09735107421875 -0.12451171875 -0.239532470703125
0.164154052734375 0.16387939453125 0.00871276855468753 -0.229476928710938
0.123802185058594 0.0595550537109375 0.00547790527343751 -0.0199203491210937
0.134628295898438 -0.0041961669921875 0.161056518554688 0.022674560546875
0.0794448852539063 -0.0613327026367188 0.172653198242188 -0.117630004882812
0.0372543334960937 -0.0868377685546875 0.070465087890625 -0.196243286132813
-0.0264129638671875 -0.0789260864257812 -0.0704498291015625 -0.197067260742188
-0.0730361938476563 -0.06573486328125 -0.142074584960938 -0.12078857421875
-0.0657196044921875 -0.0761184692382813 -0.109725952148438 -0.0637435913085938
-0.0807037353515625 -0.0728836059570313 -0.0987396240234375 -0.0354843139648438
-0.0480194091796875 -0.0914077758789062 -0.09283447265625 -0.0164031982421875
0.00811004638671875 -0.120521545410156 -0.101829528808594 -0.00997924804687499
0.0896148681640625 -0.119949340820313 -0.134963989257812 -0.0608749389648438
0.189590454101563 -0.0165557861328125 -0.129936218261719 -0.124931335449219
0.207305908203125 0.07257080078125 -0.130172729492188 -0.180450439453125
0.189834594726563 0.18621826171875 -0.0966949462890625 -0.181640625
0.1590576171875 0.256210327148438 0.0645294189453125 -0.159988403320312
0.165069580078125 0.152664184570313 0.0468673706054688 0.0210952758789063
0.233352661132813 0.0420074462890625 0.183883666992188 0.0590362548828125
0.163604736328125 -0.087982177734375 0.1971435546875 -0.0818939208984375
0.0803070068359375 -0.148696899414063 0.10107421875 -0.166061401367188
-0.0390472412109375 -0.141082763671875 -0.0409393310546875 -0.169677734375
-0.109771728515625 -0.108650207519531 -0.104812622070313 -0.092864990234375
-0.100700378417969 -0.115684509277344 -0.070953369140625 -0.03021240234375
-0.125076293945312 -0.107681274414063 -0.0632781982421875 0.000705718994140624
-0.0790863037109375 -0.130439758300781 -0.0691757202148438 0.0285224914550781
0.000518798828124985 -0.172821044921875 -0.084564208984375 0.0331497192382812
0.111129760742187 -0.161376953125 -0.13140869140625 -0.0191497802734375
0.239334106445313 -0.0213775634765625 -0.13397216796875 -0.0860824584960937
0.244537353515625 0.098175048828125 -0.106086730957031 -0.140281677246094
0.197906494140625 0.243057250976563 -0.0572967529296875 -0.103164672851562
0.1224365234375 0.30462646484375 0.112579345703125 -0.0580596923828125
0.163497924804688 0.226654052734375 0.0850067138671875 0.0824127197265625
0.28741455078125 0.10137939453125 0.189697265625 0.10247802734375
0.226242065429688 -0.0835418701171875 0.20355224609375 -0.03009033203125
0.120010375976562 -0.178680419921875 0.120864868164063 -0.111892700195313
-0.038848876953125 -0.180419921875 -0.00731658935546874 -0.121322631835938
-0.127418518066406 -0.133888244628906 -0.0544319152832031 -0.0530014038085937
-0.120101928710938 -0.137565612792969 -0.0212535858154297 0.00708007812499999
-0.15203857421875 -0.125335693359375 -0.0155525207519531 0.0394363403320312
-0.102188110351563 -0.149444580078125 -0.0324935913085938 0.0737228393554687
-0.0110626220703125 -0.200759887695312 -0.0564498901367187 0.075042724609375
0.115097045898437 -0.182357788085938 -0.116973876953125 0.021697998046875
0.25750732421875 -0.0223541259765625 -0.128616333007812 -0.050445556640625
0.24896240234375 0.114639282226563 -0.0695114135742187 -0.102958679199219
0.1783447265625 0.266754150390625 -0.0122470855712891 -0.0170125961303711
0.06610107421875 0.297119140625 0.143783569335937 0.0554046630859375
0.123611450195313 0.2550048828125 0.113082885742188 0.14959716796875
0.274505615234375 0.14630126953125 0.1761474609375 0.139999389648438
0.23974609375 -0.05645751953125 0.187698364257813 0.025848388671875
0.136688232421875 -0.171066284179688 0.123481750488281 -0.0472869873046875
-0.0303497314453125 -0.186126708984375 0.0242996215820313 -0.0610923767089844
-0.12481689453125 -0.136444091796875 0.000131607055664055 -0.00805234909057618
-0.121917724609375 -0.138359069824219 0.02972412109375 0.042083740234375
-0.15594482421875 -0.126068115234375 0.03668212890625 0.0748519897460938
-0.109100341796875 -0.148468017578125 0.00887298583984375 0.114311218261719
-0.015106201171875 -0.202499389648437 -0.0267791748046875 0.110710144042969
0.111907958984375 -0.177871704101563 -0.0996475219726563 0.0571136474609375
0.247955322265625 -0.0091552734375 -0.117507934570312 -0.02227783203125
0.220382690429688 0.129547119140625 -0.0285148620605469 -0.0695419311523437
0.131988525390625 0.262069702148438 0.0288009643554688 0.0677566528320313
0.0025787353515625 0.232192993164063 0.158538818359375 0.156539916992188
0.062042236328125 0.226028442382813 0.128524780273438 0.206146240234375
0.20465087890625 0.15350341796875 0.150146484375 0.159317016601562
0.200851440429688 -0.02386474609375 0.158645629882813 0.069854736328125
0.123069763183594 -0.132400512695313 0.113792419433594 0.00950622558593749
-0.02044677734375 -0.158065795898438 0.0500335693359375 -0.00307846069335939
-0.1036376953125 -0.116798400878906 0.0503654479980469 0.032806396484375
-0.104911804199219 -0.118125915527344 0.07806396484375 0.0705947875976562
-0.135833740234375 -0.110763549804688 0.0866241455078125 0.104354858398438
-0.0958404541015625 -0.130592346191406 0.0472259521484375 0.149612426757813
-0.0108489990234375 -0.17974853515625 -0.00463867187499999 0.141189575195313
0.105377197265625 -0.148818969726563 -0.08642578125 0.0862960815429687
0.215621948242187 0.01416015625 -0.107963562011719 -0.00222778320312501
0.16497802734375 0.13946533203125 0.00620269775390626 -0.0368156433105469
0.064727783203125 0.230331420898438 0.0553741455078125 0.14605712890625
-0.0599441528320313 0.126983642578125 0.158523559570313 0.222640991210938
-0.00527954101562499 0.150909423828125 0.1346435546875 0.2374267578125
0.104103088378906 0.120750427246094 0.1239013671875 0.161056518554688
0.123001098632812 0.00196075439453125 0.133956909179688 0.0955276489257813
0.0812454223632813 -0.075592041015625 0.102149963378906 0.0471725463867187
-0.0102691650390625 -0.102226257324219 0.0702857971191406 0.0376319885253906
-0.067535400390625 -0.0771865844726562 0.0907669067382813 0.0610275268554687
-0.0723342895507813 -0.0802459716796875 0.115249633789062 0.088775634765625
-0.0954742431640625 -0.0809783935546875 0.126808166503906 0.127357482910156
-0.0688018798828125 -0.0976715087890625 0.0754241943359375 0.177505493164063
-0.002166748046875 -0.13604736328125 0.00517272949218751 0.1669921875
0.0878448486328125 -0.104331970214844 -0.0831756591796875 0.110237121582031
0.159317016601563 0.037811279296875 -0.10595703125 0.0114974975585937
0.0909271240234375 0.133125305175781 0.0255718231201172 -0.00562667846679687
-0.0118560791015625 0.167800903320313 0.0605926513671875 0.209014892578125
0.07720947265625 -0.0658798217773438 -0.0982818603515625 -0.241531372070313
-0.029693603515625 -0.0833587646484375 -0.0436973571777344 -0.0180168151855469
-0.0792312622070313 -0.0187225341796875 0.117706298828125 -0.0148086547851563
-0.0547218322753906 0.0468177795410156 0.118850708007812 -0.141983032226562
-0.00555801391601563 0.0660743713378906 0.0106658935546875 -0.198196411132813
0.0439453125 0.049224853515625 -0.103591918945313 -0.19476318359375
0.0402679443359375 0.0266304016113281 -0.175186157226563 -0.128311157226562
0.0299301147460938 0.0267467498779297 -0.150482177734375 -0.09063720703125
0.0259895324707031 0.0299758911132813 -0.126800537109375 -0.0679244995117187
0.00262069702148437 0.0310497283935547 -0.10382080078125 -0.0640487670898438
-0.0277862548828125 0.0145950317382812 -0.113548278808594 -0.0588531494140625
-0.0386085510253906 -0.0370750427246094 -0.135978698730469 -0.10186767578125
0.01513671875 -0.071929931640625 -0.121109008789063 -0.181594848632812
0.0811691284179688 -0.05950927734375 -0.15765380859375 -0.242141723632813
0.122886657714844 -0.0263137817382812 -0.16748046875 -0.265182495117187
0.142898559570312 0.043487548828125 -0.063751220703125 -0.258407592773438
0.0559120178222656 -0.02685546875 -0.0295467376708984 -0.0291748046875
0.0233249664306641 -0.0274105072021484 0.140464782714844 -0.0082550048828125
0.00205230712890625 -0.0135507583618164 0.141708374023438 -0.145339965820313
0.00546455383300781 -0.0115642547607422 0.0299072265625 -0.211990356445312
0.00182056427001953 -0.0118684768676758 -0.102264404296875 -0.204727172851562
-0.0226821899414063 -0.0170955657958984 -0.176925659179688 -0.127593994140625
-0.0237674713134766 -0.0254840850830078 -0.14556884765625 -0.082122802734375
-0.0315876007080078 -0.0231552124023437 -0.126815795898438 -0.0569305419921875
-0.0213661193847656 -0.0355339050292969 -0.108375549316406 -0.0470046997070313
-0.00254440307617188 -0.0579605102539063 -0.114341735839844 -0.0404891967773438
0.03759765625 -0.0802230834960938 -0.14263916015625 -0.08837890625
0.114608764648438 -0.0358505249023438 -0.131500244140625 -0.158172607421875
0.155487060546875 0.0169830322265625 -0.158599853515625 -0.217193603515625
0.173904418945313 0.0908966064453125 -0.146835327148438 -0.241241455078125
0.1810302734375 0.158905029296875 -0.00924682617187498 -0.235809326171875
0.132492065429688 0.0558547973632813 0.00357818603515626 -0.0169763565063477
0.141082763671875 -0.013397216796875 0.170684814453125 0.0123291015625
0.0790481567382813 -0.0683822631835938 0.172332763671875 -0.132949829101563
0.0320816040039062 -0.0928573608398438 0.0606536865234375 -0.207733154296875
-0.0312347412109375 -0.08001708984375 -0.0847930908203125 -0.19891357421875
-0.0790786743164063 -0.0632781982421875 -0.155654907226563 -0.115615844726562
-0.07403564453125 -0.0754623413085938 -0.11865234375 -0.0593795776367188
-0.0897140502929688 -0.0692672729492187 -0.105567932128906 -0.02996826171875
-0.0547866821289062 -0.0914764404296875 -0.0978546142578125 -0.0105514526367188
0.000862121582031237 -0.125839233398438 -0.106826782226563 -0.00350189208984374
0.085540771484375 -0.13104248046875 -0.147048950195313 -0.054351806640625
0.196578979492188 -0.0284881591796875 -0.143264770507813 -0.1221923828125
0.219970703125 0.063201904296875 -0.14801025390625 -0.179794311523438
0.210693359375 0.18218994140625 -0.113265991210937 -0.1827392578125
0.182281494140625 0.254974365234375 0.0534515380859375 -0.168075561523438
0.1815185546875 0.149810791015625 0.0481643676757813 0.0218276977539063
0.247665405273438 0.02740478515625 0.196182250976563 0.0478515625
0.165023803710938 -0.101654052734375 0.199325561523438 -0.098114013671875
0.072509765625 -0.160507202148438 0.0942535400390625 -0.177871704101562
-0.049346923828125 -0.142929077148438 -0.052825927734375 -0.172088623046875
-0.1201171875 -0.104087829589844 -0.114059448242188 -0.0889358520507813
-0.112678527832031 -0.113815307617188 -0.0750808715820313 -0.0277862548828125
-0.137344360351563 -0.102081298828125 -0.0658035278320313 0.00555801391601563
-0.0898361206054687 -0.129074096679688 -0.0691413879394531 0.0345497131347656
-0.01116943359375 -0.178756713867188 -0.0860061645507813 0.0404281616210937
0.10467529296875 -0.175613403320313 -0.14080810546875 -0.0109405517578125
0.248916625976563 -0.037200927734375 -0.146575927734375 -0.080657958984375
0.25933837890625 0.0878143310546875 -0.121017456054687 -0.139541625976563
0.222320556640625 0.240890502929687 -0.0677413940429688 -0.103179931640625
0.14825439453125 0.308074951171875 0.108894348144531 -0.0662002563476562
0.185546875 0.2261962890625 0.0915756225585938 0.0828781127929688
0.306549072265625 0.08502197265625 0.204376220703125 0.092193603515625
0.228851318359375 -0.101943969726563 0.208816528320313 -0.04315185546875
0.111129760742188 -0.19451904296875 0.118232727050781 -0.123397827148438
-0.051544189453125 -0.183395385742188 -0.0143966674804687 -0.123893737792969
-0.139678955078125 -0.128509521484375 -0.0593032836914063 -0.0508880615234375
-0.134437561035156 -0.134635925292969 -0.0211238861083984 0.00791740417480468
-0.1668701171875 -0.118240356445312 -0.0123291015625 0.0431175231933594
-0.115859985351563 -0.1473388671875 -0.0272598266601563 0.0803146362304687
-0.0261383056640625 -0.206069946289062 -0.0546875 0.0814971923828125
0.107406616210938 -0.198593139648438 -0.1224365234375 0.0313491821289062
0.267074584960938 -0.0404052734375 -0.137641906738281 -0.0425338745117188
0.265975952148438 0.103256225585938 -0.080108642578125 -0.102996826171875
0.204559326171875 0.26763916015625 -0.0149984359741211 -0.0172328948974609
0.089691162109375 0.30352783203125 0.149627685546875 0.049560546875
0.146835327148438 0.257171630859375 0.123931884765625 0.150482177734375
0.296112060546875 0.1318359375 0.191680908203125 0.130874633789063
0.244216918945312 -0.074249267578125 0.196014404296875 0.0158233642578125
0.129257202148438 -0.188140869140625 0.125297546386719 -0.0571975708007813
-0.04364013671875 -0.190383911132813 0.0217781066894531 -0.0624046325683594
-0.137313842773438 -0.131103515625 0.00016307830810546 -0.0074605941772461
-0.136344909667969 -0.1348876953125 0.0356101989746094 0.0409736633300781
-0.17120361328125 -0.117996215820312 0.0448226928710937 0.0758590698242187
-0.122329711914062 -0.145355224609375 0.0189132690429688 0.119461059570312
-0.0310821533203125 -0.2073974609375 -0.0217056274414063 0.117088317871094
0.103668212890625 -0.1932373046875 -0.102012634277344 0.06683349609375
0.257553100585937 -0.0270843505859375 -0.12408447265625 -0.01361083984375
0.237030029296875 0.120254516601563 -0.0352783203125 -0.0708999633789062
0.156875610351563 0.264785766601563 0.0337104797363281 0.067657470703125
0.01904296875 0.24053955078125 0.172515869140625 0.15362548828125
0.08026123046875 0.230728149414063 0.142684936523438 0.206619262695313
0.22412109375 0.143417358398437 0.164306640625 0.154403686523438
0.20562744140625 -0.0381622314453125 0.168670654296875 0.0635986328125
0.116973876953125 -0.14630126953125 0.118881225585938 0.00278472900390624
-0.0317840576171875 -0.16143798828125 0.0515556335449219 -0.00427246093750001
-0.114791870117187 -0.112167358398437 0.0558547973632813 0.0309066772460937
-0.1173095703125 -0.114646911621094 0.0879364013671875 0.0663223266601562
-0.149658203125 -0.103973388671875 0.0993423461914062 0.103057861328125
-0.108695983886719 -0.127777099609375 0.06072998046875 0.15313720703125
-0.026123046875 -0.183822631835938 0.00389099121093749 0.146697998046875
0.0982208251953125 -0.16241455078125 -0.0858993530273438 0.095916748046875
0.225082397460938 -0.000274658203125 -0.11297607421875 0.00559997558593748
0.180419921875 0.134262084960938 0.00242614746093751 -0.0401496887207031
0.0836181640625 0.234939575195312 0.06707763671875 0.146514892578125
-0.05279541015625 0.134658813476563 0.176345825195313 0.221694946289063
0.00514221191406249 0.156158447265625 0.152236938476563 0.2379150390625
0.116912841796875 0.116165161132813 0.137680053710938 0.158981323242188
0.126228332519531 -0.0064849853515625 0.144424438476563 0.090301513671875
0.0777969360351563 -0.08404541015625 0.109832763671875 0.0420379638671875
-0.0181732177734375 -0.104759216308594 0.0760498046875 0.0361862182617187
-0.075714111328125 -0.07379150390625 0.0996322631835938 0.0574951171875
-0.0806045532226563 -0.0775680541992188 0.126731872558594 0.0831146240234375
-0.104934692382813 -0.0760955810546875 0.142242431640625 0.123260498046875
-0.0781478881835938 -0.0947952270507813 0.09136962890625 0.179901123046875
-0.0136260986328125 -0.139366149902344 0.0159454345703125 0.172882080078125
0.0835952758789063 -0.114852905273438 -0.0801849365234375 0.120292663574219
0.16888427734375 0.027008056640625 -0.110443115234375 0.0200881958007813
0.103324890136719 0.132598876953125 0.0252323150634766 -0.0100021362304687
7.62939453125019E-05 0.174041748046875 0.0765228271484375 0.211807250976563
0.0719833374023438 -0.0716400146484375 -0.11529541015625 -0.233749389648438
-0.0349655151367188 -0.0806884765625 -0.0436058044433594 -0.0125083923339844
-0.0798187255859375 -0.0125503540039063 0.118782043457031 -0.0224761962890625
-0.0505828857421875 0.0513267517089844 0.11126708984375 -0.150787353515625
0.000656127929687506 0.067230224609375 -0.001556396484375 -0.200637817382813
0.0484275817871094 0.0447959899902344 -0.116867065429688 -0.191207885742187
0.0423011779785156 0.0216255187988281 -0.185867309570312 -0.116958618164063
0.0320816040039063 0.02337646484375 -0.159271240234375 -0.08056640625
0.0276527404785156 0.0274448394775391 -0.134544372558594 -0.05914306640625
0.0053863525390625 0.0296630859375 -0.109825134277344 -0.0579376220703125
-0.0258445739746094 0.0159130096435547 -0.119407653808594 -0.051727294921875
-0.0413017272949219 -0.03363037109375 -0.144393920898438 -0.0938873291015625
0.0105209350585937 -0.0721282958984375 -0.133285522460938 -0.17572021484375
0.0777511596679688 -0.0642776489257813 -0.174591064453125 -0.233474731445313
0.121864318847656 -0.034332275390625 -0.186141967773438 -0.256195068359375
0.146286010742188 0.034393310546875 -0.0825042724609375 -0.252731323242188
0.0555496215820313 -0.0284080505371094 -0.0309009552001953 -0.0242271423339844
0.0230293273925781 -0.0290126800537109 0.142105102539062 -0.0181884765625
0.00236129760742188 -0.013331413269043 0.134506225585938 -0.155319213867188
0.00559234619140625 -0.0110855102539063 0.0173492431640625 -0.214813232421875
0.00279331207275391 -0.0126247406005859 -0.115921020507813 -0.200286865234375
-0.0234584808349609 -0.0166702270507813 -0.187179565429687 -0.116348266601563
-0.0260467529296875 -0.0249900817871094 -0.15313720703125 -0.07183837890625
-0.0341033935546875 -0.0214347839355469 -0.133125305175781 -0.0482330322265625
-0.0232353210449219 -0.0356559753417969 -0.11346435546875 -0.0399856567382812
-0.00499343872070313 -0.0581016540527344 -0.118560791015625 -0.0326309204101563
0.03265380859375 -0.0830230712890625 -0.150741577148438 -0.0792083740234375
0.113441467285156 -0.0421981811523438 -0.142898559570313 -0.1510009765625
0.1571044921875 0.008087158203125 -0.174484252929687 -0.208969116210938
0.181427001953125 0.0805816650390625 -0.164688110351562 -0.23272705078125
0.192596435546875 0.147369384765625 -0.027374267578125 -0.23272705078125
0.138275146484375 0.0494613647460938 0.00194072723388673 -0.0140438079833984
0.142959594726563 -0.02362060546875 0.173095703125 -0.000198364257812501
0.076141357421875 -0.0738601684570313 0.1656494140625 -0.144546508789063
0.0259017944335938 -0.0955429077148438 0.0479888916015625 -0.212692260742188
-0.03570556640625 -0.078155517578125 -0.0975799560546875 -0.194427490234375
-0.0836257934570313 -0.0584182739257813 -0.164443969726562 -0.10491943359375
-0.0809249877929688 -0.071746826171875 -0.124427795410156 -0.0518035888671875
-0.0948028564453125 -0.0630722045898437 -0.109245300292969 -0.0220870971679687
-0.0607986450195312 -0.089080810546875 -0.0992965698242188 -0.00380706787109375
-0.00663757324218749 -0.126998901367188 -0.109062194824219 0.00424194335937499
0.0774917602539062 -0.138015747070313 -0.154022216796875 -0.0443267822265625
0.196731567382812 -0.0412750244140625 -0.152847290039063 -0.113723754882813
0.225204467773438 0.050994873046875 -0.162078857421875 -0.171600341796875
0.225173950195312 0.1707763671875 -0.12762451171875 -0.17620849609375
0.20111083984375 0.24493408203125 0.0396881103515625 -0.169570922851562
0.193832397460938 0.141357421875 0.0478515625 0.0222854614257813
0.253265380859375 0.009552001953125 0.201126098632813 0.0337371826171875
0.159759521484375 -0.113494873046875 0.195068359375 -0.110733032226563
0.0608673095703125 -0.16668701171875 0.0837554931640625 -0.1851806640625
-0.0584716796875 -0.13970947265625 -0.0630950927734375 -0.168838500976563
-0.127006530761719 -0.0958633422851562 -0.121109008789063 -0.0806961059570312
-0.122772216796875 -0.10736083984375 -0.0772857666015625 -0.0231170654296875
-0.14617919921875 -0.091552734375 -0.0650367736816406 0.0112190246582031
-0.099334716796875 -0.123741149902344 -0.0669784545898438 0.0403404235839844
-0.0230560302734375 -0.178314208984375 -0.0844192504882812 0.0472412109375
0.0937042236328125 -0.1854248046875 -0.145233154296875 -0.000823974609375002
0.249847412109375 -0.0541534423828125 -0.153213500976562 -0.0710296630859375
0.267501831054688 0.0720367431640625 -0.132736206054687 -0.132911682128906
0.24249267578125 0.228668212890625 -0.0764312744140625 -0.10015869140625
0.170135498046875 0.300933837890625 0.102706909179688 -0.0710525512695312
0.202896118164062 0.21722412109375 0.0949935913085938 0.080352783203125
0.316741943359375 0.06268310546875 0.212493896484375 0.0771026611328125
0.224090576171875 -0.118499755859375 0.208267211914063 -0.0568389892578125
0.0967864990234375 -0.204544067382813 0.111869812011719 -0.131561279296875
-0.064056396484375 -0.1805419921875 -0.0220184326171875 -0.121490478515625
-0.148101806640625 -0.11895751953125 -0.0622444152832031 -0.0459251403808594
-0.145828247070313 -0.126876831054687 -0.0200881958007813 0.00847625732421874
-0.176528930664062 -0.105636596679688 -0.00822448730468751 0.0447196960449219
-0.125450134277344 -0.138893127441406 -0.021636962890625 0.08380126953125
-0.040771484375 -0.204437255859375 -0.0501174926757812 0.0865859985351563
0.093658447265625 -0.207595825195313 -0.124153137207031 0.040557861328125
0.268112182617188 -0.059051513671875 -0.142044067382812 -0.0338897705078125
0.274978637695313 0.0870361328125 -0.0894393920898437 -0.099395751953125
0.226028442382813 0.256378173828125 -0.0170278549194336 -0.0164299011230469
0.11151123046875 0.29925537109375 0.150833129882813 0.042510986328125
0.165237426757812 0.25115966796875 0.131683349609375 0.145858764648438
0.309112548828125 0.110137939453125 0.200485229492188 0.117874145507813
0.2415771484375 -0.09136962890625 0.198226928710938 0.00352478027343749
0.116546630859375 -0.198715209960938 0.122634887695313 -0.0654373168945313
-0.0565643310546875 -0.18804931640625 0.0182952880859375 -0.0621376037597656
-0.146087646484375 -0.121246337890625 0.000572204589843741 -0.00718498229980469
-0.147720336914062 -0.125640869140625 0.0394172668457031 0.0367698669433594
-0.181015014648438 -0.104888916015625 0.05255126953125 0.0737838745117188
-0.132179260253906 -0.136444091796875 0.0281295776367187 0.119911193847656
-0.0469512939453125 -0.204421997070313 -0.0141448974609375 0.11956787109375
0.089691162109375 -0.201995849609375 -0.100227355957031 0.0746612548828125
0.259246826171875 -0.045196533203125 -0.126579284667969 -0.00566864013671876
0.246612548828125 0.10577392578125 -0.0422439575195312 -0.0705108642578125
0.177215576171875 0.257278442382813 0.0379905700683594 0.0653266906738281
0.0367889404296875 0.240478515625 0.181228637695313 0.145294189453125
0.0965118408203125 0.22735595703125 0.1546630859375 0.200241088867188
0.236297607421875 0.127243041992188 0.173858642578125 0.143646240234375
0.203170776367188 -0.052398681640625 0.173355102539063 0.052825927734375
0.106201171875 -0.155609130859375 0.120491027832031 -0.00526428222656251
-0.0434722900390625 -0.159210205078125 0.0526962280273437 -0.00504684448242188
-0.121971130371094 -0.103317260742187 0.0591812133789063 0.0282478332519531
-0.12677001953125 -0.107063293457031 0.0943984985351562 0.06011962890625
-0.158157348632813 -0.0920867919921875 0.110153198242187 0.096435546875
-0.117195129394531 -0.119400024414062 0.07305908203125 0.15093994140625
-0.0394134521484375 -0.181381225585938 0.012664794921875 0.14813232421875
0.0869140625 -0.171646118164063 -0.0813369750976563 0.102584838867188
0.227752685546875 -0.0165252685546875 -0.114463806152344 0.0142288208007812
0.191055297851563 0.123489379882812 -0.00150680541992187 -0.0423507690429687
0.1016845703125 0.231948852539063 0.0772247314453125 0.141647338867188
-0.04315185546875 0.138465881347656 0.190109252929688 0.212783813476563
0.016021728515625 0.155899047851563 0.166488647460938 0.231521606445313
0.126213073730469 0.106376647949219 0.147415161132813 0.151016235351563
0.1251220703125 -0.0149612426757812 0.151504516601563 0.08270263671875
0.0706634521484375 -0.0904464721679688 0.113258361816406 0.0348434448242187
-0.02569580078125 -0.102920532226562 0.0791244506835938 0.0333251953125
-0.0804061889648437 -0.0675201416015625 0.105850219726563 0.0513076782226563
-0.0873260498046875 -0.0712432861328125 0.134544372558594 0.074127197265625
-0.111526489257813 -0.0676498413085937 0.15460205078125 0.113922119140625
-0.0848846435546875 -0.0883026123046875 0.10552978515625 0.176193237304688
-0.0250396728515625 -0.137588500976563 0.0272674560546875 0.173065185546875
0.074462890625 -0.121742248535156 -0.0738525390625 0.125999450683594
0.17205810546875 0.0144195556640625 -0.110580444335937 0.0280914306640625
0.113029479980469 0.126861572265625 0.0228309631347656 -0.013946533203125
0.01214599609375 0.175796508789063 0.0909576416015625 0.20587158203125
0.0666961669921875 -0.0740737915039063 -0.124526977539063 -0.224258422851562
-0.0371017456054688 -0.0775146484375 -0.0423393249511719 -0.00868225097656251
-0.0782318115234375 -0.00890350341796873 0.117347717285156 -0.0271530151367188
-0.047027587890625 0.0536308288574219 0.10498046875 -0.154205322265625
0.00575637817382813 0.066741943359375 -0.0086212158203125 -0.19915771484375
0.0506782531738281 0.04022216796875 -0.124969482421875 -0.186111450195313
0.0414085388183594 0.0174102783203125 -0.190338134765625 -0.10797119140625
0.0315513610839844 0.0207195281982422 -0.163314819335937 -0.07196044921875
0.0282993316650391 0.0249958038330078 -0.138076782226563 -0.0512466430664063
0.006744384765625 0.0273113250732422 -0.113243103027344 -0.0531768798828125
-0.0230140686035156 0.0160427093505859 -0.121360778808594 -0.0458908081054687
-0.0420417785644531 -0.0304336547851563 -0.148193359375 -0.086669921875
0.00711059570312501 -0.0704421997070313 -0.13922119140625 -0.170440673828125
0.0745391845703125 -0.06591796875 -0.182418823242187 -0.223678588867188
0.118576049804688 -0.0395660400390625 -0.195175170898437 -0.24700927734375
0.14532470703125 0.02789306640625 -0.093414306640625 -0.243911743164063
0.0544090270996094 -0.0297393798828125 -0.0311832427978516 -0.0199794769287109
0.022918701171875 -0.0297317504882813 0.140525817871094 -0.02435302734375
0.00250148773193359 -0.0121879577636719 0.127639770507813 -0.158599853515625
0.00581550598144531 -0.0114736557006836 0.00917053222656251 -0.21343994140625
0.00277137756347656 -0.0137805938720703 -0.123336791992187 -0.194259643554688
-0.02447509765625 -0.0167102813720703 -0.1915283203125 -0.106735229492188
-0.0276107788085938 -0.0253314971923828 -0.156326293945313 -0.0636749267578125
-0.0349617004394531 -0.0201435089111328 -0.135604858398438 -0.0404434204101563
-0.0238990783691406 -0.0352668762207031 -0.11480712890625 -0.0352020263671875
-0.0064849853515625 -0.058685302734375 -0.12017822265625 -0.0267105102539063
0.0291366577148437 -0.083221435546875 -0.154678344726563 -0.0712432861328125
0.111038208007813 -0.0453872680664063 -0.147598266601563 -0.145111083984375
0.156005859375 0.002838134765625 -0.1822509765625 -0.2001953125
0.183486938476563 0.0733642578125 -0.172988891601563 -0.223434448242187
0.197555541992188 0.13812255859375 -0.038330078125 -0.226318359375
0.140487670898438 0.0452804565429688 0.00116062164306641 -0.0106115341186523
0.141586303710938 -0.0303802490234375 0.171173095703125 -0.008392333984375
0.0733261108398438 -0.076416015625 0.15899658203125 -0.149490356445313
0.0220489501953125 -0.095794677734375 0.03985595703125 -0.2122802734375
-0.0379867553710938 -0.0766830444335938 -0.104049682617187 -0.18914794921875
-0.08551025390625 -0.054962158203125 -0.167816162109375 -0.096343994140625
-0.0841217041015625 -0.0682754516601563 -0.126121520996094 -0.0457687377929688
-0.0976104736328125 -0.0575180053710938 -0.109626770019531 -0.0158843994140625
-0.063873291015625 -0.08642578125 -0.0995559692382812 0.00136566162109375
-0.0111160278320313 -0.125656127929688 -0.108840942382813 0.00930023193359374
0.071075439453125 -0.140701293945312 -0.157577514648438 -0.03619384765625
0.195327758789063 -0.0487823486328125 -0.156723022460938 -0.107177734375
0.225479125976563 0.0427703857421875 -0.168746948242188 -0.163314819335938
0.231475830078125 0.160430908203125 -0.135009765625 -0.169509887695313
0.209915161132813 0.2340087890625 0.029571533203125 -0.166763305664062
0.199172973632813 0.13372802734375 0.0471343994140625 0.0234298706054688
0.253143310546875 -0.0028533935546875 0.199676513671875 0.0233917236328125
0.154159545898438 -0.119720458984375 0.189422607421875 -0.117645263671875
0.052398681640625 -0.168472290039063 0.0758056640625 -0.185791015625
-0.0632171630859375 -0.135963439941406 -0.0688934326171875 -0.163864135742188
-0.129753112792969 -0.0886611938476563 -0.122314453125 -0.0741043090820313
-0.127677917480469 -0.101455688476563 -0.0780105590820313 -0.0200576782226563
-0.1494140625 -0.0830841064453125 -0.0639381408691406 0.0144500732421875
-0.103408813476563 -0.118125915527344 -0.0645294189453125 0.0436172485351562
-0.0305938720703125 -0.175201416015625 -0.0831298828125 0.0512466430664063
0.0844268798828125 -0.188323974609375 -0.147018432617188 0.0065155029296875
0.246902465820313 -0.0652923583984375 -0.155853271484375 -0.0649871826171875
0.268218994140625 0.0615997314453125 -0.138633728027344 -0.126640319824219
0.252044677734375 0.218276977539063 -0.0806045532226562 -0.0958251953125
0.182464599609375 0.290618896484375 0.09490966796875 -0.0714569091796875
0.210830688476563 0.209152221679687 0.0947265625 0.0788345336914063
0.318023681640625 0.0469970703125 0.211578369140625 0.06610107421875
0.217697143554688 -0.127197265625 0.2037353515625 -0.064178466796875
0.0866546630859375 -0.207351684570313 0.10595703125 -0.134513854980469
-0.0709991455078125 -0.175643920898438 -0.0259323120117188 -0.117958068847656
-0.151718139648437 -0.110626220703125 -0.0632705688476563 -0.0419883728027344
-0.151412963867188 -0.119171142578125 -0.0191574096679688 0.00798988342285156
-0.179611206054688 -0.094757080078125 -0.00490951538085939 0.0445175170898437
-0.130546569824219 -0.131172180175781 -0.0165176391601563 0.0844039916992187
-0.0496978759765625 -0.199569702148438 -0.0470123291015625 0.0885391235351562
0.08209228515625 -0.211044311523438 -0.123939514160156 0.0469284057617188
0.26507568359375 -0.0717010498046875 -0.142913818359375 -0.027313232421875
0.276214599609375 0.0752410888671875 -0.0946426391601562 -0.0950469970703125
0.23699951171875 0.24578857421875 -0.018157958984375 -0.0160636901855469
0.124176025390625 0.2916259765625 0.147674560546875 0.038726806640625
0.17529296875 0.243545532226563 0.133453369140625 0.142608642578125
0.311065673828125 0.09405517578125 0.2020263671875 0.10748291015625
0.234588623046875 -0.101837158203125 0.196929931640625 -0.00382995605468751
0.105422973632813 -0.202560424804687 0.120101928710938 -0.069366455078125
-0.06427001953125 -0.18255615234375 0.0168952941894531 -0.0603981018066406
-0.1492919921875 -0.1129150390625 0.00154399871826171 -0.00594663619995118
-0.152374267578125 -0.11785888671875 0.0419845581054687 0.0340576171875
-0.18402099609375 -0.0934600830078125 0.0575599670410156 0.0699577331542969
-0.136924743652344 -0.127296447753906 0.0350494384765625 0.118324279785156
-0.05670166015625 -0.199127197265625 -0.0104141235351563 0.119316101074219
0.0789642333984375 -0.205123901367188 -0.0981674194335937 0.07928466796875
0.256683349609375 -0.0574493408203125 -0.126213073730469 -0.00010681152343748
0.24932861328125 0.0949554443359375 -0.0463600158691406 -0.069427490234375
0.188796997070313 0.248260498046875 0.0401992797851563 0.0625495910644531
0.0467987060546875 0.2366943359375 0.182083129882812 0.138198852539063
0.105789184570312 0.221145629882813 0.159347534179688 0.194869995117188
0.240631103515625 0.113388061523438 0.175979614257813 0.135009765625
0.198577880859375 -0.0615386962890625 0.174087524414062 0.0469970703125
0.09722900390625 -0.159072875976563 0.119598388671875 -0.00991821289062501
-0.0496673583984375 -0.155288696289063 0.0532722473144531 -0.00565338134765626
-0.124488830566406 -0.0962753295898438 0.0616188049316406 0.0262031555175781
-0.130752563476562 -0.0995635986328125 0.0975189208984375 0.0538711547851563
-0.161087036132812 -0.0818634033203125 0.11529541015625 0.0897216796875
-0.12115478515625 -0.111251831054688 0.0806427001953125 0.147293090820313
-0.04852294921875 -0.17620849609375 0.018341064453125 0.14599609375
0.0767669677734375 -0.173309326171875 -0.0778427124023438 0.105613708496094
0.225921630859375 -0.02752685546875 -0.112754821777344 0.0194015502929687
0.195068359375 0.114044189453125 -0.00489807128906249 -0.0435676574707031
0.112579345703125 0.225997924804688 0.0820770263671875 0.135696411132813
-0.0362396240234375 0.138343811035156 0.1961669921875 0.205078125
0.022979736328125 0.152984619140625 0.17236328125 0.223953247070313
0.130088806152344 0.0985488891601563 0.1497802734375 0.145004272460938
0.122840881347656 -0.0203781127929688 0.15283203125 0.0765380859375
0.065093994140625 -0.0919952392578125 0.114715576171875 0.0296478271484375
-0.0304183959960937 -0.100448608398438 0.0809860229492188 0.031341552734375
-0.0817718505859375 -0.0618896484375 0.108268737792969 0.0464859008789062
-0.0898208618164063 -0.066009521484375 0.138458251953125 0.0659561157226563
-0.114273071289063 -0.0599594116210937 0.160247802734375 0.104873657226563
-0.0879135131835937 -0.082427978515625 0.114044189453125 0.169998168945313
-0.0317611694335938 -0.133369445800781 0.0333404541015625 0.170654296875
0.0674057006835937 -0.124298095703125 -0.0684127807617188 0.128265380859375
0.172042846679688 0.0053863525390625 -0.108528137207031 0.03240966796875
0.117874145507813 0.120552062988281 0.0206279754638672 -0.0167865753173828
0.02081298828125 0.173660278320313 0.09869384765625 0.19775390625
0.063446044921875 -0.0738906860351562 -0.127792358398437 -0.219223022460938
-0.0380935668945312 -0.0762252807617188 -0.041534423828125 -0.00676345825195312
-0.0767822265625 -0.00740814208984375 0.117919921875 -0.0288543701171875
-0.0445022583007812 0.0548820495605469 0.102981567382812 -0.155624389648437
0.008514404296875 0.0660667419433594 -0.0103759765625 -0.19891357421875
0.0515098571777344 0.0368919372558594 -0.128646850585938 -0.184539794921875
0.0402488708496094 0.0146560668945313 -0.193008422851563 -0.103973388671875
0.0310153961181641 0.0190811157226563 -0.16546630859375 -0.068084716796875
0.0279102325439453 0.0232658386230469 -0.140655517578125 -0.047393798828125
0.00762367248535156 0.0258293151855469 -0.115081787109375 -0.0515213012695312
-0.0214633941650391 0.0150184631347656 -0.122467041015625 -0.04339599609375
-0.0416374206542969 -0.0290718078613281 -0.150283813476563 -0.083343505859375
0.00608062744140625 -0.0691070556640625 -0.141021728515625 -0.168411254882813
0.0733642578125 -0.0659255981445313 -0.184844970703125 -0.21978759765625
0.116706848144531 -0.0416488647460938 -0.196365356445313 -0.242431640625
0.143447875976563 0.0258636474609375 -0.09722900390625 -0.237762451171875
0.0545768737792969 -0.0293960571289063 -0.0310287475585937 -0.0172157287597656
0.0241527557373047 -0.0301361083984375 0.139175415039063 -0.02716064453125
0.00390338897705078 -0.0123434066772461 0.125396728515625 -0.160797119140625
0.00681304931640625 -0.0115327835083008 0.00689697265624999 -0.212615966796875
0.00357627868652344 -0.0150232315063477 -0.126113891601563 -0.192916870117187
-0.0252399444580078 -0.0177898406982422 -0.193923950195312 -0.102615356445313
-0.0294876098632813 -0.0253391265869141 -0.158950805664063 -0.060638427734375
-0.0356864929199219 -0.0198211669921875 -0.137466430664063 -0.0367202758789062
-0.0235748291015625 -0.0357551574707031 -0.116477966308594 -0.0324172973632812
-0.00563430786132812 -0.0591506958007812 -0.1207275390625 -0.0240097045898438
0.0280990600585938 -0.0830230712890625 -0.15704345703125 -0.0678558349609375
0.111358642578125 -0.0459976196289063 -0.150100708007813 -0.143295288085938
0.156219482421875 0.001678466796875 -0.184844970703125 -0.195449829101563
0.184249877929688 0.069915771484375 -0.176345825195312 -0.220260620117188
0.198135375976563 0.133697509765625 -0.0441131591796875 -0.221633911132813
0.1417236328125 0.0441436767578125 0.0002579689025879 -0.0077977180480957
0.142074584960938 -0.03411865234375 0.170623779296875 -0.0115203857421875
0.072601318359375 -0.0770950317382813 0.157318115234375 -0.151031494140625
0.0203628540039063 -0.0959930419921875 0.0379486083984375 -0.21258544921875
-0.0381393432617188 -0.0762939453125 -0.106277465820313 -0.18701171875
-0.0864715576171875 -0.0538177490234375 -0.169189453125 -0.0924530029296875
-0.0870513916015625 -0.0673904418945313 -0.128227233886719 -0.0438690185546875
-0.0986328125 -0.0553207397460938 -0.110305786132813 -0.0129623413085937
-0.064605712890625 -0.0852508544921875 -0.0996856689453125 0.00328063964843751
-0.012237548828125 -0.126182556152344 -0.108978271484375 0.0117263793945312
0.0684661865234375 -0.141571044921875 -0.160491943359375 -0.0329437255859375
0.19512939453125 -0.051849365234375 -0.158187866210938 -0.105056762695313
0.2254638671875 0.0406341552734375 -0.172271728515625 -0.160430908203125
0.235061645507813 0.156936645507812 -0.1378173828125 -0.166488647460938
0.212905883789063 0.230056762695313 0.0232696533203125 -0.162551879882812
0.202438354492188 0.130874633789063 0.045745849609375 0.0261993408203125
0.253433227539063 -0.0088653564453125 0.198394775390625 0.019317626953125
0.1522216796875 -0.122314453125 0.187774658203125 -0.119491577148438
0.0498199462890625 -0.1695556640625 0.0741119384765625 -0.1861572265625
-0.0651702880859375 -0.134162902832031 -0.07098388671875 -0.161361694335938
-0.131416320800781 -0.0863113403320313 -0.123809814453125 -0.0705337524414063
-0.131126403808594 -0.0989761352539062 -0.0787811279296875 -0.0191650390625
-0.150848388671875 -0.078582763671875 -0.06317138671875 0.0160980224609375
-0.104942321777344 -0.115501403808594 -0.0633964538574219 0.0453147888183594
-0.0337371826171875 -0.174285888671875 -0.0826416015625 0.0532760620117187
0.0800323486328125 -0.19049072265625 -0.149642944335937 0.01007080078125
0.247589111328125 -0.0699615478515625 -0.156753540039062 -0.0623016357421875
0.269622802734375 0.05810546875 -0.141983032226563 -0.12396240234375
0.257415771484375 0.214462280273438 -0.0825576782226563 -0.094512939453125
0.186370849609375 0.286376953125 0.0905914306640625 -0.0691146850585937
0.21563720703125 0.207199096679688 0.0937652587890625 0.0801773071289063
0.319091796875 0.039154052734375 0.209869384765625 0.06134033203125
0.214385986328125 -0.131027221679688 0.202911376953125 -0.066680908203125
0.08203125 -0.209228515625 0.104515075683594 -0.135215759277344
-0.073028564453125 -0.173660278320313 -0.02618408203125 -0.115715026855469
-0.152328491210938 -0.106887817382812 -0.0629539489746094 -0.0396499633789063
-0.155624389648437 -0.115814208984375 -0.0186595916748047 0.00775718688964843
-0.181671142578125 -0.089141845703125 -0.00302124023437501 0.0443954467773437
-0.132377624511719 -0.127273559570312 -0.0141754150390625 0.0854568481445312
-0.0534820556640625 -0.19708251953125 -0.0460586547851563 0.0897293090820312
0.0772247314453125 -0.211746215820313 -0.1253662109375 0.0499267578125
0.264434814453125 -0.07757568359375 -0.143707275390625 -0.0251922607421875
0.277572631835938 0.07232666015625 -0.09747314453125 -0.0939178466796875
0.243057250976563 0.241958618164063 -0.0186595916748047 -0.0163726806640625
0.128631591796875 0.287841796875 0.145889282226563 0.0391693115234375
0.179977416992188 0.2412109375 0.132827758789063 0.14251708984375
0.313446044921875 0.0860595703125 0.200042724609375 0.103500366210938
0.231231689453125 -0.10528564453125 0.195953369140625 -0.00566101074218751
0.101104736328125 -0.203765869140625 0.118133544921875 -0.0705108642578125
-0.0670928955078125 -0.180801391601563 0.0176544189453125 -0.0583534240722656
-0.149871826171875 -0.109588623046875 0.00259399414062499 -0.00502347946166993
-0.155990600585938 -0.1146240234375 0.0429229736328125 0.0321807861328125
-0.185394287109375 -0.0881195068359375 0.0603179931640625 0.0680809020996094
-0.137542724609375 -0.123367309570313 0.038360595703125 0.117584228515625
-0.0608367919921875 -0.195297241210938 -0.00920104980468751 0.119316101074219
0.07366943359375 -0.205352783203125 -0.0987319946289062 0.0816421508789063
0.2562255859375 -0.06329345703125 -0.126235961914062 0.00172424316406249
0.2503662109375 0.09112548828125 -0.0495948791503906 -0.0689888000488281
0.194534301757813 0.24517822265625 0.0409660339355469 0.0603294372558594
0.051605224609375 0.233932495117188 0.18194580078125 0.13812255859375
0.109817504882813 0.219146728515625 0.159530639648438 0.195220947265625
0.242218017578125 0.106842041015625 0.174667358398438 0.13238525390625
0.195602416992188 -0.0632476806640625 0.173919677734375 0.0445404052734375
0.092742919921875 -0.160324096679688 0.119194030761719 -0.0117721557617188
-0.0525054931640625 -0.153579711914063 0.0542335510253906 -0.00456619262695314
-0.125244140625 -0.0924453735351563 0.0633392333984375 0.0251846313476562
-0.133644104003906 -0.0971527099609375 0.0989151000976562 0.050323486328125
-0.16204833984375 -0.07647705078125 0.118667602539062 0.0862274169921875
-0.122520446777344 -0.107353210449219 0.084686279296875 0.145492553710938
-0.052642822265625 -0.172653198242187 0.0198516845703125 0.145584106445313
0.0712738037109375 -0.175094604492188 -0.0777740478515625 0.107261657714844
0.225830078125 -0.033447265625 -0.111991882324219 0.0208053588867187
0.197036743164062 0.111053466796875 -0.00769424438476561 -0.0446128845214844
0.11798095703125 0.222625732421875 0.084136962890625 0.131675720214844
-0.0334396362304688 0.137718200683594 0.1962890625 0.202835083007813
0.0255126953125 0.151275634765625 0.173538208007812 0.222259521484375
0.130966186523438 0.0939712524414063 0.1494140625 0.143722534179687
0.12042236328125 -0.0219497680664063 0.153366088867188 0.074951171875
0.062347412109375 -0.0926742553710938 0.114341735839844 0.02813720703125
-0.0320358276367188 -0.0988693237304688 0.082427978515625 0.0316925048828125
-0.0824050903320313 -0.0598678588867187 0.110816955566406 0.0443801879882812
-0.0914306640625 -0.0634002685546875 0.140228271484375 0.0619049072265625
-0.115188598632813 -0.055633544921875 0.163040161132813 0.099609375
-0.0884170532226563 -0.0793838500976563 0.118804931640625 0.167770385742188
-0.035400390625 -0.130226135253906 0.0357818603515625 0.16912841796875
0.0628204345703125 -0.124794006347656 -0.067169189453125 0.129127502441406
0.172119140625 0.0012054443359375 -0.107612609863281 0.0338592529296875
0.120086669921875 0.118461608886719 0.0182209014892578 -0.0190353393554687
0.0246734619140625 0.171737670898437 0.100967407226562 0.193069458007813
0.0622787475585938 -0.0740737915039063 -0.130691528320313 -0.2208251953125
-0.0389328002929688 -0.0775299072265625 -0.0422172546386719 -0.00530624389648438
-0.077423095703125 -0.00759124755859373 0.120384216308594 -0.0289382934570313
-0.0439720153808594 0.05706787109375 0.105484008789063 -0.159149169921875
0.0104446411132813 0.0666999816894531 -0.0100555419921875 -0.202713012695313
0.0521125793457031 0.0351982116699219 -0.132797241210938 -0.189315795898438
0.0402603149414063 0.0135345458984375 -0.199417114257813 -0.104385375976563
0.0308685302734375 0.0189361572265625 -0.171661376953125 -0.06732177734375
0.0277843475341797 0.0228824615478516 -0.14453125 -0.0459442138671875
0.00795364379882812 0.0248432159423828 -0.119132995605469 -0.0524215698242188
-0.0209312438964844 0.0145492553710938 -0.126914978027344 -0.04449462890625
-0.0418128967285156 -0.0276870727539063 -0.154388427734375 -0.0844573974609375
0.00627517700195312 -0.0686531066894531 -0.14422607421875 -0.172073364257813
0.0755996704101563 -0.0673065185546875 -0.187942504882813 -0.223403930664063
0.117782592773437 -0.0433502197265625 -0.2008056640625 -0.247467041015625
0.145294189453125 0.0269622802734375 -0.100967407226562 -0.2396240234375
0.055908203125 -0.0291786193847656 -0.0316619873046875 -0.0153141021728516
0.0252723693847656 -0.0312747955322266 0.142135620117188 -0.0270843505859375
0.0046234130859375 -0.0117464065551758 0.1282958984375 -0.163787841796875
0.00832462310791016 -0.0126008987426758 0.00843811035156251 -0.217300415039063
0.0028533935546875 -0.0174636840820312 -0.129425048828125 -0.197097778320313
-0.0273780822753906 -0.0185909271240234 -0.19873046875 -0.103256225585937
-0.0317287445068359 -0.0269222259521484 -0.164215087890625 -0.0605316162109375
-0.036956787109375 -0.0206680297851562 -0.141693115234375 -0.0350494384765625
-0.0247459411621094 -0.0378150939941406 -0.120338439941406 -0.0328140258789062
-0.00555038452148437 -0.0615386962890625 -0.124504089355469 -0.0250091552734375
0.029052734375 -0.0846099853515625 -0.1627197265625 -0.06805419921875
0.114364624023438 -0.0463180541992187 -0.1533203125 -0.146453857421875
0.1588134765625 0.002288818359375 -0.188644409179687 -0.198379516601562
0.188583374023438 0.0708465576171875 -0.180343627929687 -0.224105834960938
0.20123291015625 0.137481689453125 -0.046722412109375 -0.222213745117188
0.145828247070313 0.045745849609375 -0.00101757049560546 -0.00498247146606445
0.145919799804688 -0.0361328125 0.1727294921875 -0.0125732421875
0.0742340087890625 -0.0787200927734375 0.160964965820313 -0.154953002929687
0.0211410522460937 -0.0987701416015625 0.039215087890625 -0.216278076171875
-0.0389328002929687 -0.0786819458007813 -0.108749389648438 -0.190994262695312
-0.0890045166015625 -0.05426025390625 -0.17388916015625 -0.092620849609375
-0.0906219482421875 -0.0684738159179688 -0.132064819335937 -0.0436630249023438
-0.101524353027344 -0.0559158325195313 -0.11334228515625 -0.011962890625
-0.0657577514648438 -0.0873031616210938 -0.102386474609375 0.00417327880859374
-0.0124053955078125 -0.128768920898438 -0.112564086914063 0.0123138427734375
0.0693511962890625 -0.145065307617188 -0.166244506835938 -0.03155517578125
0.200668334960938 -0.0533447265625 -0.162429809570313 -0.107696533203125
0.230865478515625 0.0416259765625 -0.17706298828125 -0.162368774414062
0.241378784179687 0.160369873046875 -0.141448974609375 -0.169448852539063
0.216629028320313 0.233978271484375 0.0219268798828125 -0.162460327148437
0.208358764648438 0.135238647460938 0.0451316833496094 0.0300559997558594
0.25909423828125 -0.0124053955078125 0.200180053710938 0.019073486328125
0.155014038085938 -0.1256103515625 0.19134521484375 -0.121871948242188
0.0498046875 -0.17340087890625 0.0761871337890625 -0.190155029296875
-0.0666885375976562 -0.1365966796875 -0.0710601806640625 -0.164321899414062
-0.13482666015625 -0.0871124267578125 -0.127197265625 -0.0704574584960937
-0.136711120605469 -0.100502014160156 -0.0812835693359375 -0.019134521484375
-0.154647827148438 -0.078460693359375 -0.0643806457519531 0.0166091918945312
-0.106712341308594 -0.116973876953125 -0.0644950866699219 0.0474929809570313
-0.034881591796875 -0.177398681640625 -0.0849761962890625 0.0551300048828125
0.0807037353515625 -0.194686889648437 -0.155258178710938 0.0122222900390625
0.253753662109375 -0.073577880859375 -0.161163330078125 -0.0638275146484375
0.275741577148438 0.0598602294921875 -0.146484375 -0.125946044921875
0.265533447265625 0.217910766601563 -0.0851516723632812 -0.0959854125976562
0.190643310546875 0.291778564453125 0.0901565551757813 -0.06707763671875
0.222000122070313 0.211669921875 0.0937576293945313 0.0852890014648438
0.3265380859375 0.03643798828125 0.211151123046875 0.0623931884765625
0.21868896484375 -0.134811401367188 0.20703125 -0.06744384765625
0.082366943359375 -0.213821411132812 0.107147216796875 -0.137557983398438
-0.0752716064453125 -0.176513671875 -0.0258331298828125 -0.116462707519531
-0.156661987304687 -0.107147216796875 -0.0643806457519532 -0.0390090942382813
-0.16180419921875 -0.11749267578125 -0.019308090209961 0.00762176513671874
-0.18548583984375 -0.0884246826171875 -0.00196075439453126 0.0448074340820313
-0.134895324707031 -0.127464294433594 -0.0134429931640625 0.0872268676757812
-0.0563507080078125 -0.2001953125 -0.0475311279296875 0.0924301147460937
0.0767364501953125 -0.217300415039063 -0.131134033203125 0.0527572631835937
0.27197265625 -0.08135986328125 -0.147491455078125 -0.0265960693359375
0.284027099609375 0.07269287109375 -0.101356506347656 -0.0954742431640625
0.252227783203125 0.245956420898438 -0.0200309753417969 -0.0172080993652344
0.13189697265625 0.29351806640625 0.146102905273438 0.0430450439453125
0.185379028320312 0.246017456054688 0.134017944335937 0.148330688476563
0.320343017578125 0.084747314453125 0.2015380859375 0.105072021484375
0.235519409179688 -0.108245849609375 0.199356079101563 -0.00526428222656251
0.100616455078125 -0.208892822265625 0.121322631835938 -0.0719985961914063
-0.0686492919921875 -0.183578491210938 0.019561767578125 -0.0582656860351563
-0.15362548828125 -0.1099853515625 0.00372791290283202 -0.00450754165649415
-0.16204833984375 -0.116851806640625 0.0444145202636719 0.0313301086425781
-0.189544677734375 -0.0869293212890625 0.0630378723144531 0.0677719116210938
-0.140823364257813 -0.12359619140625 0.040985107421875 0.119697570800781
-0.06396484375 -0.197219848632813 -0.00984191894531251 0.122489929199219
0.0726776123046875 -0.209854125976562 -0.103584289550781 0.0842666625976562
0.262222290039063 -0.0682373046875 -0.129638671875 0.00114440917968752
0.2572021484375 0.0914459228515625 -0.0522308349609375 -0.0710830688476563
0.201995849609375 0.248641967773438 0.0409317016601563 0.0596046447753906
0.0520477294921875 0.2379150390625 0.182754516601563 0.142959594726563
0.113418579101563 0.223251342773438 0.160751342773438 0.200592041015625
0.247665405273438 0.10589599609375 0.17626953125 0.13665771484375
0.1988525390625 -0.065887451171875 0.17730712890625 0.0468292236328125
0.0928497314453125 -0.164077758789062 0.121147155761719 -0.0116806030273438
-0.0543365478515625 -0.155426025390625 0.0573196411132813 -0.00300216674804688
-0.127830505371094 -0.0926971435546875 0.0664710998535156 0.0259666442871094
-0.138542175292969 -0.0978469848632813 0.102005004882812 0.049468994140625
-0.165878295898437 -0.075775146484375 0.122146606445312 0.08563232421875
-0.124534606933594 -0.106803894042969 0.089111328125 0.14697265625
-0.0552215576171875 -0.173599243164063 0.01959228515625 0.148483276367188
0.0699462890625 -0.177703857421875 -0.080474853515625 0.10955810546875
0.230850219726563 -0.0377044677734375 -0.114776611328125 0.0207138061523438
0.202239990234375 0.112152099609375 -0.0100479125976562 -0.0472831726074219
0.123275756835938 0.225982666015625 0.08465576171875 0.132255554199219
-0.033599853515625 0.139930725097656 0.198638916015625 0.2083740234375
0.02667236328125 0.153457641601563 0.175384521484375 0.228012084960938
0.134498596191406 0.0934600830078125 0.1502685546875 0.147781372070313
0.121368408203125 -0.0227813720703125 0.15655517578125 0.0776824951171875
0.0626220703125 -0.0947418212890625 0.116950988769531 0.0292816162109375
-0.0339202880859375 -0.101051330566406 0.0862655639648438 0.0337753295898437
-0.0836563110351563 -0.0595245361328125 0.11505126953125 0.0448684692382813
-0.094482421875 -0.0638046264648438 0.144790649414063 0.0603485107421875
-0.117256164550781 -0.0554351806640625 0.1683349609375 0.09881591796875
-0.089935302734375 -0.0785980224609375 0.123764038085937 0.169723510742188
-0.0371551513671875 -0.130722045898438 0.0352325439453125 0.172607421875
0.0617904663085938 -0.127212524414063 -0.0701751708984375 0.131851196289063
0.175460815429688 -0.0022430419921875 -0.110115051269531 0.03436279296875
0.124855041503906 0.119125366210938 0.0168552398681641 -0.0215835571289062
0.0270843505859375 0.173843383789063 0.102340698242188 0.194107055664063
0.0626220703125 -0.0764007568359375 -0.138824462890625 -0.22723388671875
-0.0421600341796875 -0.0798187255859375 -0.0433006286621094 -0.00359344482421875
-0.080230712890625 -0.00726318359375001 0.125343322753906 -0.0303878784179688
-0.0435676574707031 0.0602607727050781 0.108627319335938 -0.168121337890625
0.0130996704101563 0.0688552856445313 -0.011810302734375 -0.21368408203125
0.0538825988769531 0.034088134765625 -0.142410278320313 -0.197265625
0.0396080017089844 0.0130424499511719 -0.211273193359375 -0.105560302734375
0.0315399169921875 0.0182323455810547 -0.182937622070313 -0.06646728515625
0.0285167694091797 0.0224647521972656 -0.153884887695313 -0.0445404052734375
0.00871467590332031 0.0243053436279297 -0.127182006835937 -0.0539703369140625
-0.0211029052734375 0.0138168334960938 -0.134132385253906 -0.0452423095703125
-0.0431861877441406 -0.0282058715820313 -0.162490844726563 -0.0859375
0.00672531127929688 -0.0698890686035156 -0.152801513671875 -0.179397583007812
0.0785369873046875 -0.0702285766601563 -0.19757080078125 -0.231613159179687
0.121864318847656 -0.046722412109375 -0.211807250976563 -0.257293701171875
0.150924682617187 0.028533935546875 -0.1083984375 -0.245941162109375
0.0598487854003906 -0.0300941467285156 -0.0339508056640625 -0.0128040313720703
0.0267620086669922 -0.0344257354736328 0.14825439453125 -0.028961181640625
0.00585365295410156 -0.0121889114379883 0.133056640625 -0.173446655273438
0.0088348388671875 -0.014317512512207 0.0077056884765625 -0.228546142578125
0.00297927856445313 -0.0200710296630859 -0.138992309570313 -0.20562744140625
-0.0300617218017578 -0.0197029113769531 -0.210891723632813 -0.104110717773437
-0.0354766845703125 -0.02825927734375 -0.175048828125 -0.0596771240234375
-0.0394554138183594 -0.02166748046875 -0.150436401367188 -0.033599853515625
-0.0262718200683594 -0.0403633117675781 -0.127517700195313 -0.0327606201171875
-0.00560379028320313 -0.0652503967285156 -0.132041931152344 -0.024383544921875
0.0299835205078125 -0.0886077880859375 -0.172760009765625 -0.0677032470703125
0.120597839355469 -0.0484085083007813 -0.162506103515625 -0.152374267578125
0.166763305664063 0.001861572265625 -0.199691772460938 -0.204788208007812
0.197494506835938 0.0724639892578125 -0.191375732421875 -0.233306884765625
0.21087646484375 0.142654418945312 -0.0525665283203125 -0.22735595703125
0.154129028320313 0.0473175048828125 -0.00187528133392333 -0.00185215473175049
0.152862548828125 -0.04083251953125 0.178985595703125 -0.0140380859375
0.0775222778320313 -0.0830230712890625 0.166839599609375 -0.16326904296875
0.02081298828125 -0.104263305664063 0.0406494140625 -0.227401733398438
-0.0420684814453125 -0.0822677612304687 -0.11578369140625 -0.198226928710937
-0.09521484375 -0.0557937622070313 -0.183944702148438 -0.093170166015625
-0.0986251831054687 -0.0709228515625 -0.140731811523438 -0.0430908203125
-0.107429504394531 -0.0572052001953125 -0.119880676269531 -0.00999450683593749
-0.06982421875 -0.0909347534179688 -0.10772705078125 0.006011962890625
-0.0144119262695312 -0.135818481445313 -0.118606567382813 0.0149078369140625
0.0711212158203125 -0.152801513671875 -0.176956176757813 -0.029388427734375
0.211578369140625 -0.0581817626953125 -0.172531127929687 -0.111557006835938
0.242721557617187 0.0422210693359375 -0.187667846679687 -0.167037963867187
0.255218505859375 0.165084838867188 -0.15045166015625 -0.176132202148438
0.2293701171875 0.243820190429688 0.0191192626953125 -0.166000366210937
0.22119140625 0.139938354492188 0.0453109741210938 0.0343666076660156
0.2723388671875 -0.0174560546875 0.207321166992188 0.017181396484375
0.160659790039063 -0.132522583007813 0.200225830078125 -0.129287719726563
0.0489044189453125 -0.18280029296875 0.07916259765625 -0.200119018554688
-0.0715484619140625 -0.142913818359375 -0.0755615234375 -0.171401977539062
-0.142593383789063 -0.089019775390625 -0.133697509765625 -0.0708160400390625
-0.147171020507813 -0.103607177734375 -0.0864486694335938 -0.0193557739257813
-0.16339111328125 -0.0800628662109375 -0.0679550170898438 0.0187339782714844
-0.113479614257813 -0.121147155761719 -0.0672225952148438 0.0503463745117188
-0.039581298828125 -0.185134887695312 -0.0895767211914063 0.0586700439453125
0.081390380859375 -0.205307006835938 -0.166244506835938 0.016571044921875
0.26611328125 -0.0807952880859375 -0.170745849609375 -0.066619873046875
0.290283203125 0.059906005859375 -0.155975341796875 -0.130752563476562
0.282806396484375 0.225616455078125 -0.091033935546875 -0.100624084472656
0.202728271484375 0.30303955078125 0.0915145874023438 -0.067596435546875
0.236618041992187 0.220138549804688 0.0970916748046875 0.0912322998046875
0.342926025390625 0.03125 0.219757080078125 0.0636138916015625
0.226516723632813 -0.143356323242188 0.215744018554688 -0.072601318359375
0.082489013671875 -0.225982666015625 0.11126708984375 -0.145126342773438
-0.0815582275390625 -0.1842041015625 -0.0259857177734375 -0.1214599609375
-0.165145874023438 -0.109756469726563 -0.067138671875 -0.0387229919433594
-0.1739501953125 -0.120574951171875 -0.0202178955078125 0.00698280334472655
-0.196441650390625 -0.0888214111328125 -0.00117492675781251 0.0461997985839844
-0.141998291015625 -0.131698608398438 -0.0122222900390625 0.0916824340820312
-0.062103271484375 -0.208114624023437 -0.050140380859375 0.0978012084960937
0.077362060546875 -0.2291259765625 -0.139228820800781 0.0589752197265625
0.284942626953125 -0.09161376953125 -0.155853271484375 -0.0270843505859375
0.29901123046875 0.072906494140625 -0.108787536621094 -0.09930419921875
0.2685546875 0.25433349609375 -0.0214385986328125 -0.0188159942626953
0.1400146484375 0.306182861328125 0.150177001953125 0.0470733642578125
0.197463989257812 0.2559814453125 0.139358520507813 0.156936645507813
0.33740234375 0.081878662109375 0.209518432617188 0.108566284179688
0.24530029296875 -0.115921020507813 0.208221435546875 -0.00708007812500001
0.101837158203125 -0.2215576171875 0.127044677734375 -0.0756301879882813
-0.074951171875 -0.190628051757813 0.0219039916992188 -0.0594825744628906
-0.16192626953125 -0.111846923828125 0.00482130050659179 -0.00403499603271485
-0.173660278320313 -0.119171142578125 0.0478057861328125 0.0307121276855469
-0.199493408203125 -0.08636474609375 0.0676460266113281 0.0690040588378906
-0.14849853515625 -0.126724243164063 0.0458297729492187 0.125038146972656
-0.0695953369140625 -0.20458984375 -0.0101089477539063 0.128593444824219
0.0719451904296875 -0.221221923828125 -0.109718322753906 0.0913772583007812
0.274566650390625 -0.0772857666015625 -0.136039733886719 0.00177764892578122
0.271087646484375 0.09228515625 -0.057464599609375 -0.0752716064453125
0.217147827148437 0.256256103515625 0.0426864624023438 0.0606346130371094
0.057830810546875 0.24822998046875 0.191207885742188 0.1507568359375
0.12158203125 0.232818603515625 0.16778564453125 0.209793090820313
0.260543823242188 0.10528564453125 0.182998657226563 0.142105102539062
0.206451416015625 -0.07122802734375 0.185943603515625 0.0473785400390625
0.0939788818359375 -0.173995971679688 0.127769470214844 -0.012481689453125
-0.059661865234375 -0.161834716796875 0.062774658203125 -0.00202560424804689
-0.134910583496094 -0.0941085815429688 0.07196044921875 0.02587890625
-0.14849853515625 -0.1002197265625 0.108551025390625 0.0489959716796875
-0.174728393554688 -0.0750274658203125 0.131050109863281 0.0864486694335938
-0.131088256835938 -0.109146118164062 0.0973052978515625 0.15277099609375
-0.06072998046875 -0.179397583007813 0.0213165283203125 0.156112670898437
0.0695953369140625 -0.186691284179688 -0.0858383178710937 0.116943359375
0.241653442382813 -0.044525146484375 -0.120567321777344 0.022064208984375
0.213638305664063 0.113449096679688 -0.0132675170898437 -0.0511627197265625
0.133102416992188 0.233612060546875 0.0893173217773438 0.135574340820313
-0.0338897705078125 0.145889282226563 0.207962036132812 0.218124389648437
0.0293731689453125 0.160308837890625 0.185028076171875 0.237945556640625
0.141220092773437 0.094329833984375 0.1580810546875 0.155654907226563
0.126274108886719 -0.0245437622070313 0.16497802734375 0.0810699462890625
0.0630645751953125 -0.100700378417969 0.122695922851563 0.02996826171875
-0.0369415283203125 -0.104698181152344 0.0924606323242188 0.0353240966796875
-0.0878677368164063 -0.059600830078125 0.12249755859375 0.0444793701171875
-0.100990295410156 -0.0647811889648438 0.153549194335937 0.059539794921875
-0.123733520507812 -0.0543594360351563 0.179107666015625 0.0986328125
-0.0951156616210938 -0.0799102783203125 0.133255004882813 0.174545288085937
-0.0410614013671875 -0.135162353515625 0.03753662109375 0.180587768554688
0.0614013671875 -0.13299560546875 -0.0730438232421875 0.138969421386719
0.183273315429688 -0.00677490234375 -0.115692138671875 0.0361862182617188
0.132896423339844 0.121925354003906 0.0156574249267578 -0.0246658325195312
0.031707763671875 0.180328369140625 0.107864379882812 0.1993408203125
0.063140869140625 -0.0799636840820313 -0.154052734375 -0.232437133789063
-0.0477371215820312 -0.0823135375976563 -0.0463638305664063 0.00045394897460936
-0.084869384765625 -0.00428771972656252 0.131584167480469 -0.0358505249023438
-0.0417518615722656 0.0651283264160156 0.109161376953125 -0.181472778320313
0.0173721313476563 0.071441650390625 -0.0189666748046875 -0.226104736328125
0.0573463439941406 0.0317764282226563 -0.15966796875 -0.203811645507813
0.0415306091308594 0.0109634399414063 -0.228729248046875 -0.101913452148437
0.0328292846679688 0.017822265625 -0.197784423828125 -0.0604248046875
0.0303535461425781 0.0218391418457031 -0.165267944335938 -0.0399932861328125
0.00910186767578125 0.0234031677246094 -0.138084411621094 -0.0517959594726563
-0.0214443206787109 0.0139980316162109 -0.14447021484375 -0.0433502197265625
-0.0458831787109375 -0.0272712707519531 -0.17529296875 -0.084075927734375
0.00563049316406249 -0.0726776123046875 -0.16656494140625 -0.183944702148438
0.079681396484375 -0.0774307250976563 -0.214828491210938 -0.237075805664063
0.125175476074219 -0.0535736083984375 -0.2318115234375 -0.26470947265625
0.159317016601563 0.02685546875 -0.123565673828125 -0.252410888671875
0.0621337890625 -0.0332489013671875 -0.0363922119140625 -0.00899505615234376
0.0279121398925781 -0.0376358032226563 0.154617309570313 -0.035308837890625
0.00677967071533203 -0.01318359375 0.134918212890625 -0.188262939453125
0.00962734222412109 -0.0161590576171875 0.00155639648437502 -0.24249267578125
0.00127410888671875 -0.0221958160400391 -0.155014038085937 -0.21221923828125
-0.0336093902587891 -0.0199966430664063 -0.227691650390625 -0.100311279296875
-0.0405654907226563 -0.0286712646484375 -0.189163208007813 -0.0544891357421875
-0.0436782836914063 -0.0223731994628906 -0.161239624023437 -0.02813720703125
-0.0287437438964844 -0.0434913635253906 -0.137710571289063 -0.0296630859375
-0.00809860229492188 -0.0702629089355469 -0.14166259765625 -0.02117919921875
0.0291748046875 -0.0940322875976563 -0.186019897460937 -0.0636749267578125
0.126907348632813 -0.0548629760742188 -0.176040649414062 -0.155563354492188
0.176345825195313 -0.0027313232421875 -0.216766357421875 -0.208267211914062
0.210678100585938 0.0692596435546875 -0.2093505859375 -0.238876342773438
0.2274169921875 0.144378662109375 -0.06427001953125 -0.234268188476563
0.165695190429687 0.0451202392578125 -0.00309753417968749 0.00159597396850586
0.160614013671875 -0.0500030517578125 0.186752319335937 -0.020477294921875
0.0795135498046875 -0.0906829833984375 0.170989990234375 -0.178329467773437
0.0177459716796875 -0.112266540527344 0.0358428955078125 -0.242263793945312
-0.0474395751953125 -0.086639404296875 -0.129486083984375 -0.206207275390625
-0.103248596191406 -0.0547409057617187 -0.197967529296875 -0.08929443359375
-0.109832763671875 -0.07098388671875 -0.15203857421875 -0.0390625
-0.116775512695313 -0.0560836791992188 -0.128936767578125 -0.00489044189453127
-0.0771255493164063 -0.0944137573242188 -0.1146240234375 0.0107345581054687
-0.020294189453125 -0.143463134765625 -0.126518249511719 0.020111083984375
0.07000732421875 -0.165557861328125 -0.190399169921875 -0.022796630859375
0.223007202148438 -0.0698699951171875 -0.18658447265625 -0.112380981445312
0.258392333984375 0.036376953125 -0.20391845703125 -0.169769287109375
0.276824951171875 0.164825439453125 -0.165298461914062 -0.180557250976563
0.250396728515625 0.249954223632813 0.0128021240234375 -0.171371459960938
0.240570068359375 0.140487670898438 0.0477561950683594 0.0380744934082031
0.28668212890625 -0.030517578125 0.216415405273438 0.0121917724609375
0.164627075195313 -0.146713256835938 0.206573486328125 -0.143951416015625
0.043670654296875 -0.196121215820312 0.07794189453125 -0.21435546875
-0.0809783935546875 -0.148773193359375 -0.0851287841796875 -0.178085327148438
-0.154571533203125 -0.0874176025390625 -0.143508911132813 -0.0684051513671875
-0.16278076171875 -0.103240966796875 -0.0930862426757813 -0.0167922973632813
-0.17584228515625 -0.0770111083984375 -0.0715255737304688 0.0224838256835937
-0.1239013671875 -0.123497009277344 -0.0689277648925781 0.0564155578613281
-0.0484466552734375 -0.195037841796875 -0.0942459106445313 0.0658493041992188
0.0787811279296875 -0.220260620117188 -0.177291870117188 0.0262908935546875
0.280242919921875 -0.097869873046875 -0.183441162109375 -0.0644989013671875
0.30914306640625 0.05291748046875 -0.170135498046875 -0.1312255859375
0.308135986328125 0.226837158203125 -0.100257873535156 -0.103492736816406
0.22454833984375 0.31427001953125 0.091552734375 -0.0699310302734375
0.259796142578125 0.224655151367188 0.103431701660156 0.0964584350585938
0.363983154296875 0.017974853515625 0.230392456054688 0.060211181640625
0.233489990234375 -0.159347534179688 0.224655151367188 -0.083770751953125
0.0777435302734375 -0.243316650390625 0.113662719726563 -0.157424926757813
-0.0925445556640625 -0.191146850585938 -0.0295639038085938 -0.126594543457031
-0.178665161132813 -0.10833740234375 -0.07110595703125 -0.0375289916992188
-0.191177368164063 -0.1199951171875 -0.0213623046875 0.00743293762207031
-0.210693359375 -0.08502197265625 0.000175476074218741 0.0481719970703125
-0.154922485351563 -0.133102416992187 -0.00876617431640626 0.097442626953125
-0.0731048583984375 -0.216293334960937 -0.0503082275390625 0.104965209960937
0.07196044921875 -0.244766235351562 -0.1480712890625 0.0700225830078125
0.29840087890625 -0.110076904296875 -0.16668701171875 -0.024200439453125
0.3192138671875 0.06597900390625 -0.119598388671875 -0.101646423339844
0.29608154296875 0.257110595703125 -0.0246181488037109 -0.0206050872802734
0.15966796875 0.318817138671875 0.158233642578125 0.0478515625
0.21990966796875 0.262802124023438 0.15106201171875 0.163055419921875
0.359100341796875 0.071380615234375 0.22100830078125 0.109298706054688
0.2535400390625 -0.13165283203125 0.219573974609375 -0.01470947265625
0.098388671875 -0.23858642578125 0.132614135742188 -0.0841293334960938
-0.08624267578125 -0.198867797851563 0.0240592956542969 -0.0628013610839844
-0.175323486328125 -0.111160278320313 0.0062117576599121 -0.00376272201538087
-0.1910400390625 -0.118682861328125 0.0518302917480469 0.0295066833496094
-0.214492797851562 -0.082489013671875 0.0747909545898437 0.0686492919921875
-0.16033935546875 -0.126968383789062 0.0541534423828125 0.1304931640625
-0.0818634033203125 -0.211639404296875 -0.00760650634765624 0.136505126953125
0.0670166015625 -0.235992431640625 -0.114852905273438 0.102279663085937
0.287506103515625 -0.095367431640625 -0.14434814453125 0.00523376464843749
0.2904052734375 0.08721923828125 -0.0645751953125 -0.0788192749023438
0.24090576171875 0.262115478515625 0.0461997985839844 0.0611724853515625
0.06939697265625 0.260726928710938 0.204498291015625 0.15484619140625
0.138656616210938 0.240310668945313 0.183212280273438 0.218276977539063
0.279266357421875 0.0993804931640625 0.196304321289063 0.145126342773437
0.21502685546875 -0.082427978515625 0.197784423828125 0.0444793701171875
0.09161376953125 -0.188064575195313 0.135055541992188 -0.0169906616210938
-0.0691375732421875 -0.167984008789063 0.0682830810546875 -0.00364685058593751
-0.146041870117187 -0.092803955078125 0.0776748657226562 0.0249252319335937
-0.161956787109375 -0.098297119140625 0.116264343261719 0.04473876953125
-0.1873779296875 -0.0709686279296875 0.142333984375 0.0836944580078125
-0.141372680664063 -0.109451293945313 0.109756469726562 0.15673828125
-0.0706024169921875 -0.185287475585938 0.0264434814453125 0.163619995117188
0.0646514892578125 -0.199188232421875 -0.0879745483398437 0.127548217773438
0.25225830078125 -0.059356689453125 -0.127204895019531 0.0265274047851562
0.230575561523437 0.110763549804687 -0.0176734924316406 -0.0553207397460937
0.150665283203125 0.240493774414063 0.0974502563476563 0.138153076171875
-0.03082275390625 0.155319213867188 0.225296020507813 0.224868774414063
0.0374755859375 0.166549682617188 0.201431274414062 0.245864868164063
0.1531982421875 0.091949462890625 0.170700073242188 0.160232543945313
0.131607055664063 -0.0298233032226563 0.177520751953125 0.080474853515625
0.0619659423828125 -0.108978271484375 0.131591796875 0.0280380249023437
-0.044464111328125 -0.10845947265625 0.102653503417969 0.0356597900390625
-0.09503173828125 -0.0579910278320312 0.132392883300781 0.0406570434570312
-0.109748840332031 -0.0628814697265625 0.164718627929687 0.0537872314453125
-0.132797241210938 -0.0510330200195313 0.193862915039063 0.09503173828125
-0.102668762207031 -0.080230712890625 0.14984130859375 0.178115844726563
-0.0490646362304688 -0.138923645019531 0.0455780029296875 0.189743041992188
0.0581512451171875 -0.14208984375 -0.0740509033203125 0.150222778320313
0.192367553710938 -0.0166168212890625 -0.120735168457031 0.0414352416992188
0.144866943359375 0.122100830078125 0.0135593414306641 -0.0292110443115234
0.04010009765625 0.187744140625 0.119705200195313 0.204788208007813
0.0616912841796875 -0.0852813720703125 -0.17364501953125 -0.230758666992188
-0.0538177490234375 -0.0820465087890625 -0.0477256774902344 0.005279541015625
-0.089141845703125 0.00022888183593751 0.136016845703125 -0.04339599609375
-0.0377578735351562 0.0702247619628906 0.103546142578125 -0.195175170898438
0.0233078002929687 0.0718612670898438 -0.0324859619140625 -0.235977172851563
0.0596275329589844 0.0286331176757812 -0.179534912109375 -0.2034912109375
0.0419807434082031 0.00900650024414063 -0.246688842773438 -0.0909423828125
0.0340747833251953 0.0164527893066406 -0.211654663085937 -0.0482940673828125
0.0320854187011719 0.0203361511230469 -0.176559448242188 -0.029296875
0.0112342834472656 0.0219745635986328 -0.149444580078125 -0.0459136962890625
-0.0207462310791016 0.0144577026367187 -0.155029296875 -0.0369415283203125
-0.0490493774414063 -0.0252532958984375 -0.187606811523438 -0.076812744140625
0.00324249267578124 -0.0755844116210938 -0.183609008789062 -0.18243408203125
0.078399658203125 -0.0858230590820313 -0.23602294921875 -0.235183715820312
0.125099182128906 -0.0631103515625 -0.256134033203125 -0.262680053710938
0.168930053710938 0.020233154296875 -0.142471313476563 -0.2525634765625
0.0636177062988281 -0.0376815795898438 -0.0384979248046875 -0.00402450561523438
0.0265655517578125 -0.0413780212402344 0.158355712890625 -0.0440521240234375
0.00819873809814453 -0.0142345428466797 0.130355834960938 -0.2034912109375
0.00882148742675781 -0.0186347961425781 -0.0121612548828125 -0.25445556640625
-0.000846862792968751 -0.0242748260498047 -0.174972534179688 -0.21331787109375
-0.0374336242675781 -0.0187492370605469 -0.244247436523437 -0.0888824462890625
-0.0461158752441406 -0.0269660949707031 -0.20196533203125 -0.042633056640625
-0.0478744506835938 -0.0206146240234375 -0.171676635742188 -0.0175018310546875
-0.0333290100097656 -0.0451774597167969 -0.146865844726563 -0.022247314453125
-0.011993408203125 -0.0746841430664063 -0.150421142578125 -0.0137176513671875
0.0253067016601562 -0.10040283203125 -0.19805908203125 -0.0541687011718751
0.131484985351563 -0.0648880004882813 -0.192611694335937 -0.152557373046875
0.184310913085938 -0.01324462890625 -0.237289428710938 -0.20458984375
0.223220825195313 0.0603179931640625 -0.231735229492188 -0.238082885742187
0.2462158203125 0.139266967773437 -0.081085205078125 -0.235855102539063
0.177001953125 0.03790283203125 -0.00392580032348632 0.00648736953735352
0.164657592773438 -0.06317138671875 0.191558837890625 -0.0306243896484375
0.0785064697265625 -0.099334716796875 0.168212890625 -0.195465087890625
0.0111312866210938 -0.118782043457031 0.023834228515625 -0.256134033203125
-0.05584716796875 -0.0879058837890625 -0.147293090820313 -0.207855224609375
-0.111366271972656 -0.0508804321289063 -0.212539672851562 -0.07965087890625
-0.121673583984375 -0.0669631958007812 -0.162490844726563 -0.029296875
-0.126060485839844 -0.0512619018554687 -0.135978698730469 0.00389099121093749
-0.0857467651367187 -0.0949249267578125 -0.119659423828125 0.0189208984375
-0.0292816162109375 -0.149917602539063 -0.132087707519531 0.02874755859375
0.06280517578125 -0.177261352539062 -0.20147705078125 -0.00996398925781247
0.230255126953125 -0.0876922607421875 -0.201248168945313 -0.106735229492188
0.27203369140625 0.0237884521484375 -0.2216796875 -0.164932250976563
0.298675537109375 0.1552734375 -0.182632446289062 -0.178985595703125
0.27630615234375 0.247039794921875 0.00207519531250003 -0.174652099609375
0.260726928710938 0.132278442382813 0.0506095886230469 0.0413703918457031
0.297821044921875 -0.05120849609375 0.224212646484375 0.0023040771484375
0.163726806640625 -0.162872314453125 0.206512451171875 -0.161407470703125
0.0333709716796875 -0.208038330078125 0.0702362060546875 -0.229476928710938
-0.09368896484375 -0.150497436523438 -0.09820556640625 -0.1810302734375
-0.166091918945313 -0.0815277099609375 -0.153228759765625 -0.0611724853515625
-0.178878784179687 -0.096923828125 -0.0989761352539063 -0.011566162109375
-0.189620971679688 -0.06866455078125 -0.0743865966796875 0.028350830078125
-0.136154174804688 -0.12164306640625 -0.0685768127441406 0.0634117126464844
-0.062255859375 -0.200241088867188 -0.0962295532226562 0.0747833251953125
0.067779541015625 -0.23553466796875 -0.186141967773438 0.040557861328125
0.287139892578125 -0.12078857421875 -0.196121215820312 -0.057708740234375
0.326263427734375 0.03692626953125 -0.1851806640625 -0.127090454101563
0.336334228515625 0.21783447265625 -0.111228942871094 -0.102447509765625
0.25311279296875 0.316375732421875 0.0900039672851563 -0.073272705078125
0.28497314453125 0.21826171875 0.111778259277344 0.0992279052734375
0.380523681640625 -0.005096435546875 0.24041748046875 0.0513916015625
0.2347412109375 -0.180557250976563 0.229522705078125 -0.0995635986328125
0.0650177001953125 -0.259674072265625 0.110992431640625 -0.170654296875
-0.107940673828125 -0.194061279296875 -0.0373687744140625 -0.130279541015625
-0.192413330078125 -0.102615356445312 -0.075408935546875 -0.0331039428710938
-0.210113525390625 -0.112274169921875 -0.022329330444336 0.0084247589111328
-0.225982666015625 -0.0743255615234375 0.00262832641601561 0.0499763488769531
-0.16876220703125 -0.129058837890625 -0.00229644775390626 0.101982116699219
-0.089752197265625 -0.220474243164063 -0.0482864379882813 0.113716125488281
0.0590057373046875 -0.260360717773438 -0.153228759765625 0.08441162109375
0.30474853515625 -0.135833740234375 -0.176712036132812 -0.01678466796875
0.3372802734375 0.048553466796875 -0.131813049316406 -0.0996475219726563
0.32635498046875 0.24951171875 -0.0279731750488281 -0.0202693939208984
0.184906005859375 0.32421875 0.166229248046875 0.045745849609375
0.245681762695313 0.26129150390625 0.164382934570313 0.165023803710938
0.379364013671875 0.050933837890625 0.2337646484375 0.102615356445313
0.256271362304688 -0.15191650390625 0.22802734375 -0.02667236328125
0.0864105224609375 -0.255722045898438 0.134384155273438 -0.095123291015625
-0.102493286132812 -0.202468872070312 0.0236587524414062 -0.06671142578125
-0.18865966796875 -0.104156494140625 0.00834655761718749 -0.00381088256835938
-0.208938598632813 -0.110031127929687 0.0557022094726562 0.0256538391113281
-0.229766845703125 -0.0711822509765625 0.0822525024414062 0.0651473999023438
-0.174530029296875 -0.121749877929688 0.0655899047851562 0.132011413574219
-0.0974578857421875 -0.214614868164063 -0.00149536132812502 0.143539428710938
0.054351806640625 -0.249679565429687 -0.116302490234375 0.116180419921875
0.2935791015625 -0.119293212890625 -0.151031494140625 0.01312255859375
0.30828857421875 0.07244873046875 -0.0737075805664063 -0.0794448852539062
0.267486572265625 0.257583618164063 0.0504226684570313 0.0594863891601563
0.08740234375 0.268508911132813 0.220306396484375 0.153366088867188
0.158843994140625 0.241683959960937 0.201385498046875 0.219146728515625
0.297698974609375 0.0843505859375 0.210403442382813 0.141571044921875
0.218902587890625 -0.098419189453125 0.208480834960938 0.0354766845703125
0.0832061767578125 -0.202590942382813 0.141021728515625 -0.0244903564453125
-0.0830535888671875 -0.17095947265625 0.0747451782226562 -0.00688171386718751
-0.1561279296875 -0.0865020751953125 0.0847320556640625 0.0208282470703125
-0.177093505859375 -0.0910797119140625 0.124992370605469 0.0372238159179688
-0.19976806640625 -0.0609130859375 0.154083251953125 0.075927734375
-0.153060913085937 -0.10491943359375 0.125579833984375 0.155487060546875
-0.0852203369140625 -0.187530517578125 0.0361480712890625 0.170211791992188
0.05462646484375 -0.210433959960938 -0.0865631103515625 0.140594482421875
0.258880615234375 -0.078826904296875 -0.131965637207031 0.0333938598632812
0.246994018554688 0.100418090820313 -0.0235710144042969 -0.0585784912109375
0.171722412109375 0.239883422851563 0.108184814453125 0.136260986328125
-0.02301025390625 0.16400146484375 0.245864868164063 0.224472045898438
0.0492706298828125 0.170242309570313 0.222305297851563 0.246200561523437
0.16436767578125 0.0847625732421875 0.185928344726563 0.159088134765625
0.135650634765625 -0.0390625 0.190078735351562 0.07427978515625
0.0561676025390625 -0.117546081542969 0.139938354492188 0.0225143432617187
-0.0530929565429687 -0.109756469726563 0.111518859863281 0.0316543579101562
-0.101882934570313 -0.0538482666015625 0.142349243164063 0.03314208984375
-0.118759155273438 -0.0579681396484375 0.17535400390625 0.0430755615234375
-0.141204833984375 -0.0433807373046875 0.208877563476563 0.08428955078125
-0.110275268554687 -0.0767364501953125 0.167953491210938 0.17462158203125
-0.0585250854492188 -0.140472412109375 0.0574951171875 0.1956787109375
0.0509185791015625 -0.149856567382813 -0.069244384765625 0.161148071289063
0.199203491210938 -0.0306549072265625 -0.124031066894531 0.0486984252929688
0.158523559570313 0.11749267578125 0.0099315643310547 -0.0335140228271484
0.0531463623046875 0.1920166015625 0.134597778320313 0.204727172851563
0.0586395263671875 -0.0892868041992188 -0.189956665039062 -0.223434448242188
-0.0599594116210938 -0.07965087890625 -0.0471229553222656 0.010528564453125
-0.0908966064453125 0.00613403320312498 0.137214660644531 -0.0508651733398437
-0.03265380859375 0.0727005004882813 0.0948333740234375 -0.205459594726563
0.0287933349609375 0.0705184936523438 -0.0467071533203125 -0.240554809570312
0.061309814453125 0.0241928100585938 -0.19659423828125 -0.19720458984375
0.0423583984375 0.0057525634765625 -0.258621215820313 -0.075836181640625
0.0349655151367187 0.0140323638916016 -0.220077514648437 -0.03271484375
0.0333690643310547 0.0178890228271484 -0.182373046875 -0.017181396484375
0.0121974945068359 0.0201625823974609 -0.158172607421875 -0.0384063720703125
-0.0202083587646484 0.0146312713623047 -0.16162109375 -0.02838134765625
-0.0506744384765625 -0.0223846435546875 -0.195327758789062 -0.067047119140625
2.28881835937453E-05 -0.0761337280273438 -0.1966552734375 -0.176162719726563
0.074737548828125 -0.09130859375 -0.252349853515625 -0.225555419921875
0.123207092285156 -0.070831298828125 -0.274978637695313 -0.25384521484375
0.174301147460938 0.0120849609375 -0.159576416015625 -0.246124267578125
0.0628662109375 -0.0416488647460938 -0.0383758544921875 0.00175857543945312
0.0248641967773437 -0.0442085266113281 0.159454345703125 -0.0520782470703125
0.00921440124511719 -0.0158910751342773 0.12152099609375 -0.214828491210937
0.0079498291015625 -0.02044677734375 -0.026763916015625 -0.2603759765625
-0.00353050231933594 -0.0262699127197266 -0.192123413085937 -0.208221435546875
-0.0404014587402344 -0.017547607421875 -0.255523681640625 -0.07427978515625
-0.0504684448242188 -0.024566650390625 -0.210311889648438 -0.028106689453125
-0.0511627197265625 -0.0184707641601562 -0.17706298828125 -0.00532531738281251
-0.0370674133300781 -0.0456962585449219 -0.153579711914063 -0.01373291015625
-0.0164642333984375 -0.0772247314453125 -0.155853271484375 -0.00500488281249999
0.0205230712890625 -0.104148864746094 -0.206130981445313 -0.0424652099609375
0.131866455078125 -0.0743789672851562 -0.204147338867188 -0.14532470703125
0.186813354492188 -0.023712158203125 -0.252853393554687 -0.194580078125
0.230194091796875 0.0485992431640625 -0.249557495117188 -0.228790283203125
0.25994873046875 0.127960205078125 -0.096435546875 -0.231658935546875
0.183639526367188 0.02813720703125 -0.00364303588867186 0.0109157562255859
0.163665771484375 -0.0750732421875 0.193405151367188 -0.039825439453125
0.0754318237304688 -0.10614013671875 0.15972900390625 -0.208450317382813
0.003753662109375 -0.122764587402344 0.0106353759765625 -0.264404296875
-0.0626373291015625 -0.0870819091796875 -0.162872314453125 -0.203689575195313
-0.117599487304688 -0.0450897216796875 -0.220977783203125 -0.06658935546875
-0.130409240722656 -0.0596389770507813 -0.169036865234375 -0.0179901123046875
-0.132965087890625 -0.0442276000976562 -0.139228820800781 0.0143585205078125
-0.0939254760742187 -0.0922775268554688 -0.1220703125 0.0267486572265625
-0.0389404296875 -0.152694702148438 -0.135040283203125 0.037445068359375
0.0534515380859375 -0.184982299804687 -0.207412719726563 0.00399780273437503
0.23077392578125 -0.105026245117188 -0.21173095703125 -0.098236083984375
0.279144287109375 0.0086822509765625 -0.236175537109375 -0.155166625976563
0.31378173828125 0.14019775390625 -0.196746826171875 -0.1717529296875
0.297821044921875 0.2374267578125 -0.00810241699218747 -0.172988891601562
0.274871826171875 0.119842529296875 0.0538825988769531 0.0442695617675781
0.300994873046875 -0.072113037109375 0.226577758789063 -0.00791931152343751
0.15838623046875 -0.175994873046875 0.200958251953125 -0.175674438476562
0.020233154296875 -0.21533203125 0.0595245361328125 -0.239273071289062
-0.10491943359375 -0.148681640625 -0.109909057617188 -0.179290771484375
-0.1744384765625 -0.0730743408203125 -0.157806396484375 -0.0513153076171875
-0.192123413085937 -0.0858154296875 -0.102912902832031 -0.00456237792968749
-0.198089599609375 -0.057647705078125 -0.0746612548828125 0.0341720581054688
-0.146209716796875 -0.116317749023438 -0.0659942626953125 0.0687675476074218
-0.0751190185546875 -0.20111083984375 -0.095001220703125 0.0827407836914063
0.054229736328125 -0.245376586914062 -0.189376831054688 0.0556640625
0.285797119140625 -0.143798828125 -0.204208374023437 -0.0482177734375
0.335479736328125 0.018096923828125 -0.196990966796875 -0.11981201171875
0.357177734375 0.200042724609375 -0.11962890625 -0.09771728515625
0.277984619140625 0.307769775390625 0.0868759155273438 -0.075164794921875
0.3052978515625 0.204833984375 0.11834716796875 0.0990753173828125
0.38751220703125 -0.031463623046875 0.246017456054688 0.0406494140625
0.22894287109375 -0.198776245117188 0.227294921875 -0.114532470703125
0.0490264892578125 -0.269638061523438 0.104385375976562 -0.181732177734375
-0.122695922851562 -0.191070556640625 -0.0440444946289063 -0.131523132324219
-0.2022705078125 -0.091583251953125 -0.0768051147460938 -0.0289382934570313
-0.223785400390625 -0.0994720458984376 -0.0229644775390625 0.00994873046874999
-0.236328125 -0.060882568359375 0.00482177734374999 0.0501441955566406
-0.178924560546875 -0.121200561523438 0.00446319580078123 0.103805541992187
-0.104934692382813 -0.219085693359375 -0.0439910888671875 0.119682312011719
0.04376220703125 -0.269088745117188 -0.152618408203125 0.098358154296875
0.303131103515625 -0.16015625 -0.18157958984375 -0.00738525390624997
0.347869873046875 0.02886962890625 -0.141860961914062 -0.095306396484375
0.34844970703125 0.233062744140625 -0.030313491821289 -0.0200920104980469
0.2086181640625 0.320159912109375 0.171524047851563 0.041259765625
0.266754150390625 0.251113891601563 0.1759033203125 0.162368774414063
0.3895263671875 0.026031494140625 0.241775512695313 0.0933685302734375
0.253433227539062 -0.171005249023438 0.2296142578125 -0.0400390625
0.070953369140625 -0.266616821289062 0.133186340332031 -0.104705810546875
-0.117019653320313 -0.199691772460938 0.0227394104003906 -0.0690078735351563
-0.197418212890625 -0.09375 0.0108909606933594 -0.00457954406738282
-0.2222900390625 -0.0969085693359375 0.0584564208984375 0.0211906433105469
-0.23907470703125 -0.0566558837890625 0.0873870849609375 0.0598526000976563
-0.184280395507813 -0.112991333007813 0.0765380859375 0.128738403320313
-0.112762451171875 -0.2119140625 0.00608825683593749 0.147720336914063
0.039215087890625 -0.257232666015625 -0.11358642578125 0.128097534179687
0.2913818359375 -0.14276123046875 -0.155303955078125 0.0206451416015625
0.318817138671875 0.054443359375 -0.0813980102539062 -0.0779190063476563
0.289764404296875 0.244415283203125 0.0532150268554688 0.056854248046875
0.10595703125 0.268905639648438 0.232330322265625 0.147003173828125
0.17645263671875 0.235687255859375 0.216384887695313 0.2139892578125
0.30767822265625 0.065338134765625 0.220230102539063 0.134414672851563
0.21722412109375 -0.113067626953125 0.21441650390625 0.0244140625
0.0704345703125 -0.211593627929687 0.143646240234375 -0.032806396484375
-0.0952301025390625 -0.168045043945313 0.0787811279296875 -0.0115509033203125
-0.163803100585937 -0.078277587890625 0.0904769897460937 0.0151290893554687
-0.187713623046875 -0.079833984375 0.129669189453125 0.0285110473632812
-0.207305908203125 -0.0472259521484375 0.161300659179688 0.0659637451171875
-0.16107177734375 -0.096832275390625 0.138961791992188 0.148712158203125
-0.0978546142578125 -0.18408203125 0.0457000732421875 0.17205810546875
0.0421600341796875 -0.217147827148438 -0.0810699462890625 0.150039672851562
0.2581787109375 -0.09912109375 -0.133872985839844 0.0406646728515625
0.258163452148438 0.086639404296875 -0.0292778015136719 -0.0602760314941406
0.190048217773438 0.232803344726562 0.116523742675781 0.131645202636719
-0.01263427734375 0.169464111328125 0.262710571289063 0.218215942382813
0.0612030029296875 0.169601440429688 0.23974609375 0.239028930664063
0.173248291015625 0.0742340087890625 0.197906494140625 0.153823852539062
0.135795593261719 -0.0484161376953125 0.197677612304688 0.0646209716796875
0.0491409301757813 -0.123016357421875 0.145645141601563 0.0150146484375
-0.06146240234375 -0.10748291015625 0.119049072265625 0.0254440307617187
-0.105155944824219 -0.0473480224609375 0.149612426757813 0.0236663818359375
-0.125717163085938 -0.0499038696289063 0.181060791015625 0.030364990234375
-0.146270751953125 -0.033447265625 0.217849731445313 0.0702362060546875
-0.116470336914063 -0.071075439453125 0.183853149414063 0.1661376953125
-0.068878173828125 -0.137969970703125 0.0692291259765625 0.197601318359375
0.0420989990234375 -0.155044555664062 -0.0623931884765625 0.169342041015625
0.199264526367188 -0.044830322265625 -0.1246337890625 0.0555038452148437
0.1685791015625 0.108657836914063 0.00543212890625001 -0.0367546081542969
0.0654296875 0.191497802734375 0.146881103515625 0.199981689453125
0.05633544921875 -0.09124755859375 -0.199874877929688 -0.215957641601563
-0.0644378662109375 -0.0769195556640625 -0.0471153259277344 0.0149765014648437
-0.091156005859375 0.0105056762695313 0.1378173828125 -0.0555953979492188
-0.0279617309570313 0.0734024047851563 0.088043212890625 -0.210403442382812
0.0326652526855469 0.0683174133300781 -0.0566253662109375 -0.242523193359375
0.0618972778320313 0.0210075378417969 -0.208526611328125 -0.191207885742188
0.041229248046875 0.00410842895507813 -0.265274047851563 -0.0629119873046875
0.0351982116699219 0.0132026672363281 -0.22369384765625 -0.0198516845703125
0.03363037109375 0.0146522521972656 -0.18505859375 -0.00706481933593753
0.0123062133789063 0.0178871154785156 -0.16387939453125 -0.0313873291015625
-0.0196456909179687 0.0145988464355469 -0.166229248046875 -0.0220794677734375
-0.0506706237792969 -0.0195655822753906 -0.199462890625 -0.0600738525390625
-0.0019073486328125 -0.0765457153320312 -0.203475952148437 -0.171310424804687
0.0708999633789063 -0.0960235595703125 -0.26214599609375 -0.217330932617187
0.119468688964844 -0.0751876831054688 -0.285186767578125 -0.2452392578125
0.177139282226563 0.0057220458984375 -0.16973876953125 -0.238861083984375
0.0622596740722656 -0.0436019897460938 -0.0379524230957031 0.00715255737304687
0.0240478515625 -0.0462570190429688 0.1597900390625 -0.0570831298828125
0.00977420806884765 -0.0172576904296875 0.114639282226563 -0.22100830078125
0.00703620910644531 -0.0219821929931641 -0.036651611328125 -0.263336181640625
-0.00505447387695313 -0.0271587371826172 -0.203414916992188 -0.202255249023438
-0.0432586669921875 -0.0158920288085938 -0.261367797851563 -0.0613861083984375
-0.0535736083984375 -0.0222091674804687 -0.214187622070313 -0.0154571533203125
-0.0535392761230469 -0.0171012878417969 -0.179306030273438 0.00477600097656252
-0.039886474609375 -0.0467300415039062 -0.157211303710938 -0.00706481933593752
-0.0202865600585938 -0.0790023803710938 -0.159774780273438 0.00154113769531249
0.0166168212890625 -0.105857849121094 -0.209915161132813 -0.03375244140625
0.131141662597656 -0.0811843872070312 -0.211273193359375 -0.138641357421875
0.18719482421875 -0.031585693359375 -0.261306762695313 -0.186279296875
0.23345947265625 0.039825439453125 -0.259536743164063 -0.220443725585937
0.268707275390625 0.119049072265625 -0.105545043945313 -0.225830078125
0.187088012695313 0.0201263427734375 -0.00218105316162108 0.0155525207519531
0.162155151367188 -0.0847320556640625 0.192840576171875 -0.04559326171875
0.0728683471679687 -0.111236572265625 0.153244018554688 -0.216827392578125
-0.00262451171874999 -0.124740600585938 0.000488281250000007 -0.268753051757813
-0.0678939819335937 -0.085418701171875 -0.173385620117188 -0.199844360351562
-0.121353149414063 -0.0400543212890625 -0.22589111328125 -0.0564422607421875
-0.136314392089844 -0.0531692504882812 -0.171875 -0.00846862792968752
-0.137100219726563 -0.0388031005859375 -0.140975952148437 0.02252197265625
-0.0991439819335938 -0.09027099609375 -0.122772216796875 0.0328140258789063
-0.046051025390625 -0.153701782226563 -0.136459350585938 0.0437240600585938
0.04595947265625 -0.189849853515625 -0.210220336914063 0.0155792236328125
0.230194091796875 -0.11749267578125 -0.21722412109375 -0.091583251953125
0.28167724609375 -0.003204345703125 -0.24310302734375 -0.14727783203125
0.322265625 0.12811279296875 -0.204132080078125 -0.165740966796875
0.310791015625 0.2274169921875 -0.0148162841796875 -0.169967651367187
0.2835693359375 0.10809326171875 0.056365966796875 0.0476646423339844
0.30023193359375 -0.087860107421875 0.22735595703125 -0.014495849609375
0.152984619140625 -0.18475341796875 0.195663452148438 -0.18524169921875
0.00953674316406248 -0.218948364257812 0.050506591796875 -0.245529174804688
-0.112823486328125 -0.144973754882812 -0.117996215820313 -0.1767578125
-0.179244995117187 -0.0656280517578125 -0.161056518554688 -0.0437469482421875
-0.199783325195313 -0.0757293701171875 -0.105422973632813 0.00117492675781251
-0.203933715820313 -0.048126220703125 -0.0749282836914063 0.0390090942382812
-0.152374267578125 -0.1114501953125 -0.0637664794921875 0.0721054077148437
-0.085174560546875 -0.200592041015625 -0.0937271118164063 0.0882568359375
0.0436553955078125 -0.250778198242188 -0.18927001953125 0.0673828124999999
0.283294677734375 -0.159912109375 -0.208999633789063 -0.04156494140625
0.339630126953125 0.004302978515625 -0.204025268554687 -0.113632202148438
0.3685302734375 0.18658447265625 -0.124839782714844 -0.094207763671875
0.294891357421875 0.30023193359375 0.08447265625 -0.074462890625
0.31878662109375 0.193572998046875 0.123466491699219 0.0999679565429688
0.39044189453125 -0.050811767578125 0.247268676757813 0.0339202880859375
0.222686767578125 -0.21026611328125 0.22369384765625 -0.123977661132813
0.0364532470703125 -0.27520751953125 0.0996551513671875 -0.188522338867188
-0.13201904296875 -0.18756103515625 -0.0480804443359375 -0.131477355957031
-0.208053588867188 -0.0833892822265625 -0.0765838623046875 -0.0253448486328125
-0.232269287109375 -0.0876007080078125 -0.0234012603759766 0.0108089447021484
-0.241607666015625 -0.0481109619140625 0.00639343261718749 0.0504188537597656
-0.185775756835938 -0.1141357421875 0.010009765625 0.104019165039062
-0.11602783203125 -0.216629028320313 -0.0405349731445313 0.123405456542969
0.0318450927734375 -0.273452758789063 -0.150955200195312 0.109329223632813
0.29888916015625 -0.17706298828125 -0.185165405273438 -0.00141906738281249
0.35235595703125 0.013946533203125 -0.148147583007812 -0.091339111328125
0.362396240234375 0.219818115234375 -0.0321006774902344 -0.0195560455322265
0.22650146484375 0.315521240234375 0.174407958984375 0.0387725830078125
0.280746459960938 0.24127197265625 0.183456420898438 0.160064697265625
0.3935546875 0.006683349609375 0.24578857421875 0.086700439453125
0.248260498046875 -0.183319091796875 0.229537963867188 -0.049102783203125
0.0582122802734375 -0.272781372070313 0.131187438964844 -0.11181640625
-0.126876831054688 -0.195877075195312 0.023406982421875 -0.0715484619140625
-0.202255249023437 -0.0861053466796875 0.0137147903442383 -0.00526523590087891
-0.230850219726563 -0.08514404296875 0.0585060119628906 0.0180244445800781
-0.243667602539063 -0.0427093505859375 0.0898818969726562 0.056182861328125
-0.189910888671875 -0.10552978515625 0.0840606689453125 0.125450134277344
-0.123260498046875 -0.208221435546875 0.0114288330078125 0.149703979492188
0.028167724609375 -0.261322021484375 -0.110183715820312 0.136711120605469
0.286529541015625 -0.159332275390625 -0.15667724609375 0.0261688232421875
0.32427978515625 0.04010009765625 -0.088134765625 -0.0768814086914063
0.302490234375 0.232513427734375 0.0547714233398438 0.0543365478515625
0.120254516601562 0.268020629882813 0.239761352539063 0.142318725585938
0.188919067382813 0.228958129882813 0.226455688476563 0.210830688476563
0.312286376953125 0.049224853515625 0.225479125976563 0.128204345703125
0.214492797851563 -0.1243896484375 0.2161865234375 0.0172576904296875
0.0607757568359375 -0.216323852539062 0.1448974609375 -0.039306640625
-0.103424072265625 -0.1649169921875 0.082977294921875 -0.0150299072265625
-0.167098999023438 -0.0706634521484375 0.0942153930664062 0.0103988647460937
-0.194320678710938 -0.0695648193359375 0.130958557128906 0.0213546752929687
-0.211074829101563 -0.0359344482421875 0.165557861328125 0.056976318359375
-0.165969848632812 -0.089996337890625 0.147994995117188 0.14208984375
-0.106613159179688 -0.180191040039063 0.0527496337890625 0.173233032226562
0.0323333740234375 -0.220199584960937 -0.07684326171875 0.157379150390625
0.25518798828125 -0.113784790039063 -0.134178161621094 0.0455245971679687
0.263107299804688 0.0745391845703125 -0.0347518920898438 -0.0611572265625
0.201797485351563 0.22589111328125 0.121467590332031 0.127456665039063
-0.00430297851562501 0.171920776367188 0.272979736328125 0.212554931640625
0.068511962890625 0.16729736328125 0.250106811523438 0.233291625976562
0.176315307617188 0.064422607421875 0.204742431640625 0.14892578125
0.1339111328125 -0.0554962158203125 0.20159912109375 0.057861328125
0.042633056640625 -0.127250671386719 0.148788452148438 0.00981140136718749
-0.0675735473632812 -0.104469299316406 0.125244140625 0.0204620361328125
-0.106956481933594 -0.0425262451171875 0.154098510742188 0.015655517578125
-0.129371643066406 -0.0427703857421875 0.183273315429687 0.020751953125
-0.148696899414063 -0.024810791015625 0.222381591796875 0.0583953857421875
-0.119674682617187 -0.0657577514648437 0.193206787109375 0.157394409179688
-0.0745925903320313 -0.134841918945313 0.077362060546875 0.197036743164063
0.035675048828125 -0.156585693359375 -0.0575103759765625 0.174697875976563
0.197555541992188 -0.0559539794921875 -0.124435424804687 0.0594635009765625
0.174392700195313 0.100250244140625 0.000530242919921887 -0.0391578674316406
0.07464599609375 0.189193725585938 0.154510498046875 0.194091796875
0.0555343627929687 -0.0939178466796875 -0.207626342773438 -0.213546752929687
-0.0675506591796875 -0.074981689453125 -0.0461273193359375 0.0188674926757812
-0.0908584594726563 0.0136184692382812 0.140251159667969 -0.0586700439453125
-0.0257797241210937 0.0735626220703125 0.0857696533203125 -0.216506958007813
0.0351448059082031 0.0675163269042969 -0.063629150390625 -0.246871948242188
0.0618972778320313 0.0187797546386719 -0.21875 -0.189834594726563
0.0406036376953125 0.00240325927734375 -0.272445678710937 -0.0540008544921875
0.0348281860351562 0.0119400024414063 -0.228652954101563 -0.0109710693359375
0.0332107543945313 0.0134735107421875 -0.188919067382812 -0.000457763671875031
0.0112733840942383 0.0161380767822266 -0.170730590820313 -0.0269012451171875
-0.0200405120849609 0.0139083862304687 -0.17181396484375 -0.0184173583984375
-0.0512428283691406 -0.018035888671875 -0.204757690429687 -0.0576171874999999
-0.002899169921875 -0.078125 -0.209747314453125 -0.171310424804688
0.068115234375 -0.0989837646484375 -0.269622802734375 -0.2149658203125
0.118118286132813 -0.0784225463867188 -0.293487548828125 -0.245452880859375
0.181106567382812 0.00140380859375 -0.1768798828125 -0.2359619140625
0.0626335144042969 -0.0461845397949219 -0.0367431640625 0.0109710693359375
0.022918701171875 -0.0482406616210937 0.161956787109375 -0.0602264404296875
0.0106964111328125 -0.0196437835693359 0.111495971679687 -0.227645874023437
0.0062408447265625 -0.0233554840087891 -0.04412841796875 -0.26934814453125
-0.00722312927246094 -0.0282154083251953 -0.213577270507813 -0.201065063476563
-0.0450820922851563 -0.0151100158691406 -0.26812744140625 -0.053466796875
-0.0568046569824219 -0.020721435546875 -0.21875 -0.00691223144531247
-0.0564155578613281 -0.0166206359863281 -0.182952880859375 0.0120086669921875
-0.0431098937988281 -0.048095703125 -0.162750244140625 -0.00190734863281247
-0.0233230590820313 -0.08123779296875 -0.164749145507813 0.00607299804687501
0.014892578125 -0.108207702636719 -0.214706420898438 -0.028228759765625
0.133026123046875 -0.0873260498046875 -0.217605590820313 -0.138351440429688
0.188796997070313 -0.0359954833984375 -0.269256591796875 -0.1829833984375
0.2379150390625 0.0365447998046875 -0.267074584960938 -0.220565795898437
0.277206420898438 0.114608764648438 -0.111114501953125 -0.223739624023437
0.19140625 0.0164642333984375 -0.000102996826171862 0.0204524993896484
0.16351318359375 -0.091766357421875 0.195724487304688 -0.049041748046875
0.0726776123046875 -0.11614990234375 0.15093994140625 -0.22357177734375
-0.00646972656250001 -0.127235412597656 -0.00581359863281251 -0.275741577148438
-0.0716018676757813 -0.0855941772460937 -0.18170166015625 -0.199371337890625
-0.125 -0.0375595092773437 -0.230133056640625 -0.049896240234375
-0.142349243164062 -0.04901123046875 -0.175567626953125 -0.00140380859375004
-0.142242431640625 -0.0351715087890625 -0.1429443359375 0.0290069580078125
-0.104080200195313 -0.0903091430664063 -0.125587463378906 0.036956787109375
-0.0522003173828125 -0.15679931640625 -0.139556884765625 0.0489883422851563
0.042449951171875 -0.195480346679688 -0.213821411132812 0.0224609375
0.231674194335938 -0.128173828125 -0.223724365234375 -0.0899658203125
0.287689208984375 -0.00946044921875 -0.25103759765625 -0.144271850585938
0.33087158203125 0.123046875 -0.211318969726562 -0.16461181640625
0.32415771484375 0.223602294921875 -0.018463134765625 -0.168685913085938
0.291656494140625 0.10321044921875 0.0595855712890625 0.0512619018554688
0.303497314453125 -0.09991455078125 0.23004150390625 -0.0175933837890625
0.151992797851563 -0.19287109375 0.194534301757813 -0.19171142578125
0.00263977050781249 -0.224044799804688 0.046112060546875 -0.253387451171875
-0.118499755859375 -0.144638061523438 -0.12445068359375 -0.1778564453125
-0.18475341796875 -0.0615997314453125 -0.163345336914063 -0.039886474609375
-0.207534790039063 -0.069580078125 -0.107200622558594 0.00551605224609374
-0.209487915039063 -0.0418701171875 -0.075897216796875 0.0437164306640625
-0.1583251953125 -0.109909057617188 -0.0631942749023438 0.0750961303710938
-0.092376708984375 -0.20355224609375 -0.095123291015625 0.0931930541992187
0.03814697265625 -0.257095336914063 -0.191970825195313 0.0765533447265625
0.283935546875 -0.1734619140625 -0.214981079101563 -0.0381317138671875
0.346588134765625 -0.00408935546875 -0.211349487304687 -0.110870361328125
0.380584716796875 0.180023193359375 -0.129043579101562 -0.0936279296875
0.309539794921875 0.298583984375 0.0855560302734375 -0.0737762451171875
0.329498291015625 0.18841552734375 0.128509521484375 0.103240966796875
0.395111083984375 -0.064788818359375 0.251327514648438 0.0318756103515625
0.222000122070313 -0.22076416015625 0.22406005859375 -0.130355834960938
0.02825927734375 -0.282501220703125 0.09747314453125 -0.1964111328125
-0.139190673828125 -0.187149047851563 -0.0506057739257813 -0.133087158203125
-0.21319580078125 -0.0794677734375 -0.0762557983398438 -0.0239791870117188
-0.241165161132813 -0.0799102783203125 -0.023702621459961 0.0123882293701172
-0.24725341796875 -0.04046630859375 0.00774765014648436 0.0518722534179688
-0.190948486328125 -0.110916137695313 0.0132522583007812 0.103981018066406
-0.12408447265625 -0.217575073242188 -0.0393218994140625 0.128021240234375
0.0249786376953125 -0.280014038085938 -0.151382446289062 0.118453979492188
0.2982177734375 -0.19110107421875 -0.190567016601562 0.00166320800781251
0.359039306640625 0.005126953125 -0.154388427734375 -0.0894775390625
0.3743896484375 0.214324951171875 -0.033599853515625 -0.0199089050292969
0.239776611328125 0.314910888671875 0.178741455078125 0.03912353515625
0.291839599609375 0.236907958984375 0.189971923828125 0.162734985351563
0.400604248046875 -0.00628662109375 0.250686645507813 0.0857696533203125
0.248611450195312 -0.19293212890625 0.2314453125 -0.053558349609375
0.050872802734375 -0.279098510742187 0.132789611816406 -0.118080139160156
-0.133987426757813 -0.195281982421875 0.0242233276367187 -0.0739059448242188
-0.20751953125 -0.0821075439453125 0.0163402557373047 -0.00653934478759766
-0.238204956054687 -0.0781707763671874 0.060302734375 0.0162162780761719
-0.24859619140625 -0.0349884033203125 0.0925979614257813 0.053802490234375
-0.194778442382813 -0.10174560546875 0.0894775390625 0.123954772949219
-0.130340576171875 -0.208175659179687 0.014373779296875 0.153701782226562
0.0204620361328125 -0.266265869140625 -0.109039306640625 0.144912719726562
0.286590576171875 -0.171783447265625 -0.159896850585937 0.029052734375
0.330902099609375 0.031646728515625 -0.093475341796875 -0.0771865844726563
0.31427001953125 0.229278564453125 0.056182861328125 0.0533638000488281
0.130828857421875 0.269882202148438 0.2470703125 0.14251708984375
0.19708251953125 0.227249145507813 0.234237670898438 0.21142578125
0.31793212890625 0.03973388671875 0.231903076171875 0.12841796875
0.214889526367188 -0.131668090820312 0.21978759765625 0.0137939453125
0.054656982421875 -0.222488403320312 0.148544311523438 -0.0434722900390625
-0.10980224609375 -0.164794921875 0.0873641967773438 -0.0183639526367188
-0.170822143554687 -0.0674896240234375 0.0995712280273437 0.0066986083984375
-0.200454711914063 -0.0634613037109375 0.13360595703125 0.016693115234375
-0.214691162109375 -0.0277557373046875 0.168731689453125 0.052886962890625
-0.169998168945313 -0.0863189697265625 0.15484619140625 0.138748168945313
-0.11285400390625 -0.179824829101562 0.05731201171875 0.176345825195313
0.0268096923828125 -0.222946166992188 -0.0744171142578125 0.164474487304688
0.25421142578125 -0.123733520507813 -0.136802673339844 0.0478515625
0.2696533203125 0.0679168701171875 -0.0396804809570312 -0.0631561279296875
0.211288452148438 0.22418212890625 0.12457275390625 0.125320434570313
0.00213623046875001 0.17510986328125 0.28179931640625 0.21209716796875
0.073883056640625 0.1678466796875 0.259231567382813 0.23333740234375
0.180374145507813 0.058685302734375 0.210861206054688 0.149261474609375
0.134178161621094 -0.0592880249023438 0.206085205078125 0.0556488037109375
0.0393753051757813 -0.129768371582031 0.153579711914063 0.00685119628906249
-0.07122802734375 -0.104293823242188 0.131011962890625 0.0166091918945312
-0.108627319335938 -0.040191650390625 0.159149169921875 0.0101318359375
-0.133087158203125 -0.0379257202148437 0.185958862304688 0.01312255859375
-0.150283813476563 -0.019500732421875 0.228118896484375 0.05084228515625
-0.122627258300781 -0.063507080078125 0.201507568359375 0.153106689453125
-0.079132080078125 -0.134147644042969 0.08306884765625 0.200393676757813
0.03253173828125 -0.159027099609375 -0.0543365478515625 0.181076049804688
0.198135375976562 -0.0631256103515625 -0.126792907714844 0.0623092651367187
0.18023681640625 0.0959320068359375 -0.00341033935546874 -0.0420150756835937
0.0803985595703125 0.190872192382813 0.160079956054687 0.193115234375
0.0563583374023438 -0.0986404418945313 -0.21856689453125 -0.215850830078125
-0.0712509155273438 -0.074493408203125 -0.0463104248046875 0.0223922729492187
-0.0937652587890625 0.0164718627929687 0.14630126953125 -0.0629425048828125
-0.0242462158203125 0.07501220703125 0.0852203369140625 -0.22674560546875
0.0382652282714844 0.0686264038085938 -0.072021484375 -0.257354736328125
0.0637588500976563 0.0176315307617187 -0.233047485351563 -0.1925048828125
0.0404129028320313 0.00159454345703125 -0.28533935546875 -0.046295166015625
0.0357742309570313 0.0112648010253906 -0.237152099609375 -0.00224304199218755
0.0333614349365234 0.0116786956787109 -0.19647216796875 0.00498962402343748
0.0100364685058594 0.0141019821166992 -0.180999755859375 -0.023223876953125
-0.0208206176757813 0.0133018493652344 -0.18011474609375 -0.0145416259765625
-0.0519676208496094 -0.0172195434570312 -0.213607788085938 -0.0565185546875
-0.00362396240234374 -0.0810470581054688 -0.2191162109375 -0.174972534179688
0.0670547485351563 -0.103950500488281 -0.281707763671875 -0.216705322265625
0.120445251464844 -0.082000732421875 -0.306854248046875 -0.251373291015625
0.188186645507813 -0.0022735595703125 -0.187301635742188 -0.2392578125
0.0642166137695313 -0.0481681823730469 -0.0368156433105469 0.0153923034667969
0.0235519409179687 -0.05108642578125 0.168350219726562 -0.0643463134765625
0.0118751525878906 -0.0220985412597656 0.111679077148437 -0.238540649414063
0.00592422485351563 -0.0248603820800781 -0.0520172119140625 -0.280609130859375
-0.00899696350097657 -0.0293903350830078 -0.227813720703125 -0.204757690429687
-0.0485801696777344 -0.0141181945800781 -0.279830932617188 -0.0463714599609376
-0.0616493225097656 -0.0187797546386719 -0.22698974609375 0.00175476074218754
-0.0604400634765625 -0.0162086486816406 -0.189804077148438 0.0186004638671875
-0.0471839904785156 -0.0507164001464844 -0.171401977539063 0.00222778320312502
-0.0263671875 -0.085845947265625 -0.17279052734375 0.010223388671875
0.0146560668945312 -0.113273620605469 -0.223342895507813 -0.0244293212890625
0.137046813964844 -0.0944976806640625 -0.227951049804687 -0.1409912109375
0.194549560546875 -0.040679931640625 -0.281890869140625 -0.183929443359375
0.247528076171875 0.033660888671875 -0.27978515625 -0.225296020507812
0.290985107421875 0.113128662109375 -0.11822509765625 -0.2266845703125
0.200286865234375 0.01312255859375 0.00234603881835939 0.0245513916015625
0.167587280273438 -0.100479125976563 0.202560424804687 -0.052032470703125
0.0735626220703125 -0.123420715332031 0.152145385742188 -0.234115600585938
-0.01019287109375 -0.132499694824219 -0.011688232421875 -0.288818359375
-0.076171875 -0.0875473022460938 -0.194183349609375 -0.2032470703125
-0.131332397460938 -0.0358123779296875 -0.239425659179688 -0.045166015625
-0.15130615234375 -0.0453338623046875 -0.182769775390625 0.00590515136718747
-0.149185180664062 -0.032196044921875 -0.148483276367188 0.0360565185546875
-0.110763549804688 -0.0927200317382812 -0.131004333496094 0.04180908203125
-0.0584564208984375 -0.163742065429688 -0.14599609375 0.0543670654296875
0.03997802734375 -0.204315185546875 -0.221893310546875 0.02978515625
0.237823486328125 -0.139907836914063 -0.234619140625 -0.0904541015625
0.29779052734375 -0.01593017578125 -0.262802124023438 -0.144088745117187
0.3458251953125 0.121856689453125 -0.221969604492187 -0.168136596679688
0.34210205078125 0.22491455078125 -0.0205230712890625 -0.170745849609375
0.30615234375 0.10040283203125 0.0644721984863281 0.055938720703125
0.311676025390625 -0.113372802734375 0.238388061523438 -0.01922607421875
0.154067993164063 -0.204437255859375 0.197052001953125 -0.201675415039063
-0.00349426269531251 -0.233062744140625 0.0431671142578125 -0.266006469726563
-0.126144409179688 -0.14788818359375 -0.132431030273438 -0.182418823242188
-0.193099975585938 -0.0593109130859375 -0.16912841796875 -0.037750244140625
-0.219650268554688 -0.0644378662109375 -0.110977172851563 0.01007080078125
-0.218978881835938 -0.037139892578125 -0.0777130126953125 0.0489349365234375
-0.166717529296875 -0.110565185546875 -0.064361572265625 0.0793609619140625
-0.102188110351563 -0.2093505859375 -0.0980987548828125 0.0999526977539062
0.034027099609375 -0.2691650390625 -0.197433471679687 0.086181640625
0.291107177734375 -0.1885986328125 -0.224456787109375 -0.0377960205078126
0.3587646484375 -0.01226806640625 -0.221527099609375 -0.110809326171875
0.399200439453125 0.1793212890625 -0.1356201171875 -0.0957565307617188
0.3297119140625 0.303619384765625 0.0883407592773438 -0.0743484497070312
0.346649169921875 0.1876220703125 0.13690185546875 0.108024597167969
0.408172607421875 -0.0787353515625 0.26129150390625 0.0313262939453125
0.226364135742188 -0.23394775390625 0.229629516601563 -0.137069702148438
0.021484375 -0.2940673828125 0.09808349609375 -0.20806884765625
-0.148452758789063 -0.191802978515625 -0.0533676147460938 -0.13824462890625
-0.22265625 -0.0770721435546874 -0.0768508911132813 -0.0240554809570313
-0.253707885742188 -0.0737457275390625 -0.0247058868408203 0.01385498046875
-0.257827758789063 -0.0340576171875 0.00885391235351561 0.0545005798339844
-0.2001953125 -0.110580444335938 0.0160140991210937 0.107078552246094
-0.134262084960937 -0.223114013671875 -0.039031982421875 0.13555908203125
0.019561767578125 -0.2923583984375 -0.154525756835938 0.129928588867187
0.304473876953125 -0.20819091796875 -0.199050903320312 0.00398254394531252
0.373443603515625 -0.00372314453125 -0.163803100585938 -0.0909881591796875
0.39447021484375 0.21337890625 -0.0359268188476562 -0.0203399658203125
0.257537841796875 0.322113037109375 0.1868896484375 0.040985107421875
0.308197021484375 0.23907470703125 0.201080322265625 0.167938232421875
0.414337158203125 -0.019287109375 0.259994506835938 0.0875244140625
0.25360107421875 -0.205520629882813 0.2386474609375 -0.0572967529296875
0.045074462890625 -0.29144287109375 0.136177062988281 -0.126708984375
-0.14349365234375 -0.199737548828125 0.0264434814453125 -0.0778732299804688
-0.217300415039062 -0.0801849365234375 0.0196666717529297 -0.00930213928222657
-0.250091552734375 -0.0724334716796875 0.0629234313964844 0.0153427124023437
-0.2584228515625 -0.028045654296875 0.0977020263671875 0.0535507202148438
-0.20361328125 -0.101089477539063 0.096221923828125 0.124977111816406
-0.140518188476563 -0.211959838867188 0.017730712890625 0.160690307617187
0.0157318115234375 -0.276321411132813 -0.10992431640625 0.156219482421875
0.2923583984375 -0.1866455078125 -0.167984008789062 0.0316314697265625
0.344573974609375 0.025054931640625 -0.101219177246094 -0.079193115234375
0.3316650390625 0.230377197265625 0.0582656860351563 0.053924560546875
0.1435546875 0.277297973632813 0.259384155273438 0.147109985351563
0.2099609375 0.23016357421875 0.246490478515625 0.217132568359375
0.32928466796875 0.0311279296875 0.241195678710938 0.131805419921875
0.219802856445313 -0.14105224609375 0.227432250976563 0.012603759765625
0.05059814453125 -0.232101440429688 0.1546630859375 -0.0485076904296875
-0.118026733398438 -0.167877197265625 0.0934066772460937 -0.022003173828125
-0.17803955078125 -0.0664520263671875 0.105484008789062 0.00201416015625
-0.2095947265625 -0.0583343505859375 0.13922119140625 0.01263427734375
-0.22247314453125 -0.02191162109375 0.176620483398438 0.04901123046875
-0.1768798828125 -0.0847930908203125 0.164169311523438 0.13818359375
-0.12127685546875 -0.182815551757813 0.062713623046875 0.183609008789063
0.023193359375 -0.231719970703125 -0.074066162109375 0.174285888671875
0.26025390625 -0.135711669921875 -0.1427001953125 0.0501251220703125
0.28173828125 0.062744140625 -0.0457725524902344 -0.0663185119628906
0.224136352539063 0.227752685546875 0.130287170410156 0.1280517578125
0.00747680664062499 0.181015014648438 0.29730224609375 0.217041015625
0.0796966552734375 0.170501708984375 0.272216796875 0.238311767578125
0.18634033203125 0.0544281005859375 0.220748901367188 0.15289306640625
0.137916564941406 -0.0640106201171875 0.214950561523438 0.0560455322265625
0.0367660522460937 -0.134666442871094 0.161590576171875 0.00395202636718749
-0.0771102905273438 -0.105270385742188 0.140281677246094 0.0125732421875
-0.112022399902344 -0.03887939453125 0.168045043945313 0.00384521484375
-0.137725830078125 -0.03460693359375 0.193771362304688 0.0074005126953125
-0.154922485351563 -0.013702392578125 0.236846923828125 0.0450286865234375
-0.127723693847656 -0.0628814697265625 0.212875366210938 0.151596069335938
-0.0843429565429688 -0.136322021484375 0.090423583984375 0.207916259765625
0.0303955078125 -0.164016723632813 -0.0533905029296875 0.190704345703125
0.202316284179687 -0.070556640625 -0.131973266601563 0.065460205078125
0.1881103515625 0.093780517578125 -0.00793075561523436 -0.0447196960449219
0.088134765625 0.195755004882813 0.168655395507812 0.197891235351562
0.0548248291015625 -0.105339050292969 -0.237640380859375 -0.217727661132813
-0.0773696899414063 -0.0742416381835938 -0.0465812683105469 0.027374267578125
-0.0968856811523438 0.0211410522460938 0.153152465820313 -0.0709075927734375
-0.0223388671875 0.07830810546875 0.082305908203125 -0.241775512695313
0.0436897277832031 0.0702400207519531 -0.0861053466796875 -0.269378662109375
0.0659370422363281 0.0154762268066406 -0.255645751953125 -0.194320678710937
0.0413284301757813 0.000141143798828125 -0.302032470703125 -0.03363037109375
0.0370025634765625 0.0100212097167969 -0.249069213867188 0.0116119384765625
0.0334815979003906 0.0108928680419922 -0.207443237304687 0.0145416259765625
0.00907802581787109 0.0133838653564453 -0.194976806640625 -0.0159759521484375
-0.0216732025146484 0.0136337280273438 -0.192367553710938 -0.00718688964843753
-0.0538177490234375 -0.0163154602050781 -0.22705078125 -0.0511627197265625
-0.00616455078125 -0.084808349609375 -0.236343383789063 -0.178543090820312
0.0647659301757812 -0.110092163085937 -0.301239013671875 -0.217864990234375
0.123603820800781 -0.0893936157226563 -0.33026123046875 -0.257171630859375
0.1982421875 -0.0092926025390625 -0.204559326171875 -0.243453979492188
0.0670547485351563 -0.0523033142089844 -0.0356864929199219 0.0201263427734375
0.0233154296875 -0.0555458068847656 0.176849365234375 -0.072296142578125
0.0118980407714844 -0.0253257751464844 0.11004638671875 -0.254562377929688
0.00539588928222657 -0.0268440246582031 -0.066070556640625 -0.296142578125
-0.0109844207763672 -0.0314521789550781 -0.249099731445313 -0.207656860351562
-0.0527687072753906 -0.0129356384277344 -0.29644775390625 -0.035369873046875
-0.0671730041503906 -0.0168190002441406 -0.237884521484375 0.0139312744140625
-0.0663719177246094 -0.0147132873535156 -0.2005615234375 0.0292205810546875
-0.0533027648925781 -0.0526809692382813 -0.18365478515625 0.01025390625
-0.0326614379882813 -0.0914077758789063 -0.184249877929688 0.0184783935546875
0.012420654296875 -0.120254516601562 -0.23748779296875 -0.016693115234375
0.141006469726563 -0.106369018554688 -0.244766235351563 -0.143020629882812
0.202713012695313 -0.0485687255859375 -0.3013916015625 -0.18377685546875
0.261978149414063 0.028656005859375 -0.30194091796875 -0.230010986328125
0.31134033203125 0.107879638671875 -0.131027221679688 -0.232177734375
0.21160888671875 0.0065155029296875 0.00598526000976564 0.0298328399658203
0.172332763671875 -0.114471435546875 0.21282958984375 -0.0597686767578125
0.0737152099609375 -0.133834838867188 0.15313720703125 -0.251327514648438
-0.0166091918945312 -0.139488220214844 -0.02423095703125 -0.3057861328125
-0.0836334228515625 -0.09002685546875 -0.212783813476562 -0.207305908203125
-0.140243530273438 -0.0324859619140625 -0.254058837890625 -0.0362091064453125
-0.162918090820313 -0.0401763916015625 -0.19122314453125 0.01654052734375
-0.160446166992188 -0.0275115966796875 -0.154815673828125 0.0454559326171875
-0.121047973632812 -0.0944976806640625 -0.138511657714844 0.0502166748046875
-0.069793701171875 -0.1717529296875 -0.154129028320313 0.06414794921875
0.035736083984375 -0.21856689453125 -0.232757568359375 0.041748046875
0.245880126953125 -0.157882690429687 -0.25115966796875 -0.08935546875
0.312591552734375 -0.02685546875 -0.281219482421875 -0.14288330078125
0.37078857421875 0.116424560546875 -0.238723754882813 -0.171127319335938
0.369476318359375 0.224365234375 -0.02618408203125 -0.175811767578125
0.32666015625 0.09326171875 0.0721282958984375 0.0606613159179688
0.323272705078125 -0.134185791015625 0.250503540039063 -0.025634765625
0.155181884765625 -0.222427368164062 0.201065063476563 -0.21759033203125
-0.0138092041015625 -0.245651245117188 0.03509521484375 -0.28497314453125
-0.138290405273438 -0.15179443359375 -0.14654541015625 -0.187759399414063
-0.206695556640625 -0.0546112060546875 -0.1776123046875 -0.0319976806640625
-0.235504150390625 -0.0562286376953125 -0.116157531738281 0.0172653198242187
-0.233627319335937 -0.0283050537109375 -0.0797653198242188 0.0566253662109375
-0.180023193359375 -0.11065673828125 -0.0659027099609375 0.0863494873046875
-0.11737060546875 -0.217208862304688 -0.101593017578125 0.110794067382813
0.025146484375 -0.285736083984375 -0.204498291015625 0.10113525390625
0.29962158203125 -0.212554931640625 -0.240524291992187 -0.033355712890625
0.378814697265625 -0.026123046875 -0.23846435546875 -0.108795166015625
0.428558349609375 0.17449951171875 -0.146148681640625 -0.0977325439453125
0.360107421875 0.307342529296875 0.0924758911132813 -0.0783538818359375
0.371856689453125 0.18304443359375 0.150070190429688 0.112777709960938
0.425445556640625 -0.102508544921875 0.275726318359375 0.0271759033203125
0.230667114257813 -0.255264282226563 0.237350463867188 -0.150741577148438
0.00875854492187503 -0.310577392578125 0.0956268310546875 -0.224945068359375
-0.164031982421875 -0.19671630859375 -0.0603179931640625 -0.14385986328125
-0.237716674804688 -0.0718536376953125 -0.0804901123046875 -0.0235214233398438
-0.2718505859375 -0.064697265625 -0.0247039794921875 0.0163459777832031
-0.272369384765625 -0.023223876953125 0.01153564453125 0.0583381652832031
-0.214630126953125 -0.109649658203125 0.0212936401367187 0.111335754394531
-0.150772094726562 -0.22943115234375 -0.0372772216796875 0.145584106445312
0.00872802734374998 -0.3092041015625 -0.157363891601562 0.145751953125
0.31182861328125 -0.23291015625 -0.211822509765625 0.0100250244140625
0.394561767578125 -0.017974853515625 -0.177749633789062 -0.0902252197265625
0.424407958984375 0.2108154296875 -0.0388832092285156 -0.0210227966308594
0.284820556640625 0.330047607421875 0.199737548828125 0.040069580078125
0.332977294921875 0.23895263671875 0.218719482421875 0.172836303710938
0.4332275390625 -0.03900146484375 0.276412963867188 0.0865631103515625
0.259872436523438 -0.22674560546875 0.248748779296875 -0.0664520263671875
0.034454345703125 -0.309783935546875 0.139900207519531 -0.13995361328125
-0.158843994140625 -0.205459594726562 0.0268096923828125 -0.0843353271484375
-0.231948852539063 -0.07635498046875 0.0219860076904297 -0.0127182006835938
-0.267410278320313 -0.06280517578125 0.0669479370117187 0.0131988525390625
-0.272857666015625 -0.0162506103515625 0.105865478515625 0.05242919921875
-0.2174072265625 -0.0983581542968749 0.106590270996094 0.127372741699219
-0.157028198242187 -0.21661376953125 0.0242462158203125 0.170974731445313
0.00628662109375001 -0.291839599609375 -0.109375 0.172286987304687
0.299530029296875 -0.2093505859375 -0.178298950195312 0.038177490234375
0.363800048828125 0.012969970703125 -0.112205505371094 -0.0811691284179688
0.359405517578125 0.230987548828125 0.0624237060546875 0.0549430847167969
0.164154052734375 0.28594970703125 0.278839111328125 0.14886474609375
0.22845458984375 0.233551025390625 0.26708984375 0.222305297851563
0.345977783203125 0.017974853515625 0.258621215820312 0.133148193359375
0.2266845703125 -0.156539916992188 0.239959716796875 0.00761413574218749
0.04241943359375 -0.246658325195313 0.163177490234375 -0.057342529296875
-0.131317138671875 -0.171676635742188 0.0998764038085937 -0.0281600952148438
-0.190261840820313 -0.062896728515625 0.1136474609375 -0.00482940673828125
-0.222549438476563 -0.05059814453125 0.146820068359375 0.0070343017578125
-0.233963012695313 -0.012664794921875 0.188262939453125 0.0438232421875
-0.188995361328125 -0.083343505859375 0.178680419921875 0.138275146484375
-0.1351318359375 -0.186614990234375 0.072509765625 0.193374633789062
0.01593017578125 -0.24346923828125 -0.0717926025390625 0.188796997070312
0.26702880859375 -0.15380859375 -0.15106201171875 0.05633544921875
0.29937744140625 0.054473876953125 -0.0544548034667969 -0.0687828063964844
0.246429443359375 0.230758666992187 0.1407470703125 0.130462646484375
0.0166778564453125 0.189117431640625 0.320404052734375 0.222198486328125
0.089935302734375 0.175796508789063 0.29425048828125 0.24371337890625
0.19573974609375 0.0480499267578125 0.237777709960938 0.155319213867188
0.142959594726563 -0.07269287109375 0.229217529296875 0.05322265625
0.032684326171875 -0.143463134765625 0.172454833984375 -0.00247192382812501
-0.0857925415039063 -0.1065673828125 0.151336669921875 0.00601196289062499
-0.119354248046875 -0.0368728637695313 0.17840576171875 -0.005462646484375
-0.14569091796875 -0.0286865234375 0.20404052734375 -0.001617431640625
-0.162948608398437 -0.006988525390625 0.250762939453125 0.0357513427734375
-0.13623046875 -0.0605697631835937 0.230239868164063 0.150100708007813
-0.094146728515625 -0.139183044433594 0.10321044921875 0.217666625976562
0.026275634765625 -0.173583984375 -0.0491180419921875 0.203338623046875
0.20867919921875 -0.083404541015625 -0.138992309570312 0.0718917846679688
0.201492309570313 0.0904998779296875 -0.0132255554199219 -0.0475692749023437
0.10028076171875 0.202377319335937 0.183853149414063 0.202560424804688
-0.0862943287786923 0.0349077811617335 0.0567449572172607 -0.32309144621861
-0.00543831197028002 0.108785421044422 -0.0308808271710249 -0.0307774252831514
0.0671333905200424 0.0808620783574168 0.163500089107281 0.0839477287121764
0.0814543118342034 -0.0158113531308224 0.252044200645556 -0.0692735919904023
0.0302053937437204 -0.0608931123537665 0.192569465643443 -0.242292537654291
-0.00711071142109455 -0.0368981434219743 0.047465727671508 -0.323646283307851
-0.00373968022891591 -0.0349269153117232 -0.0923729826911953 -0.303025601412354
0.000284807062970186 -0.0376750728054979 -0.145773379573607 -0.235732332283835
0.00472557611810958 -0.0319426575027757 -0.113752105877298 -0.191801963550359
0.016509738596558 -0.017400900712683 -0.0912967704504457 -0.181208880980197
0.0350671968830173 0.008990722757302 -0.0957303422318554 -0.192438751406998
0.0330465012223152 0.0596825961881405 -0.0621867842821248 -0.247652220587281
-0.040212095220676 0.0859044250383897 0.0205891809094792 -0.300339958097363
-0.107727194680699 0.0323040571023027 0.0352163535220962 -0.367920389794803
-0.116738540832677 -0.0411601878012934 -0.0159369431673485 -0.412309284682845
-0.090531829206703 -0.135237691814024 0.0727658293166828 -0.29718856777988
-0.0860151975505988 -0.0247687948046768 -0.0405901473680481 -0.00181056006960963
-0.0779292872479097 0.0280069405820788 0.18263393686489 0.14313772438432
-0.038970734445292 0.0330037020397053 0.302947696044085 -0.0276384683917504
-0.0124968498830452 0.0464786694133762 0.246999898334193 -0.241406518274702
0.00682068078179232 0.0561030481498754 0.0751996166379267 -0.332205866081477
0.037875641938212 0.0587402923156031 -0.0743864403985824 -0.305993480243085
0.0516870404524712 0.0574031906850384 -0.136649034529937 -0.232388594758683
0.0445775863091513 0.0710753456268136 -0.113586482173285 -0.183841629685446
0.0055146707199444 0.0768511993446753 -0.0943456486006631 -0.155827644677014
-0.036146339803433 0.0921533071958974 -0.104479610072509 -0.161309771257495
-0.101853739113584 0.0692258530623787 -0.0998316546098987 -0.216640875098496
-0.166039067915138 -5.09026258388185E-05 -0.0237844919916243 -0.27376100282674
-0.147289732955959 -0.114634114401684 -0.0128606368444104 -0.348275067453699
-0.0983805234508995 -0.21481541176636 -0.0357485651498205 -0.385385494072285
-0.066331767529299 -0.295245456751194 0.0811120808891378 -0.220056054578343
-0.141015335159237 -0.18455854866955 -0.0561845853814734 0.0597639426212998
-0.226238055989727 -0.0615584462313381 0.188959755390968 0.228189875308709
-0.185121538926737 0.0613904660808064 0.343979355488817 0.044339643015168
-0.0828600779246492 0.152842365350414 0.300771291811128 -0.20856206593836
0.00525469520606979 0.151931553773334 0.107249578292848 -0.305307052359993
0.0669070348796758 0.149787060777419 -0.0428088733167215 -0.271532651327666
0.0975793000764684 0.144563208619925 -0.107978824835612 -0.193284910183941
0.0895949004822997 0.159270566502577 -0.0994965163495817 -0.138888291430316
0.0152978220792952 0.15849207219348 -0.0932803435532054 -0.0977450286851624
-0.0703122406281081 0.175873170338584 -0.120453467586863 -0.103253931204539
-0.202658580839381 0.111281819051982 -0.145361907788791 -0.165822581096441
-0.280153371238161 -0.0341792051799344 -0.0761435072524193 -0.23597932231483
-0.20232236238686 -0.216606733570539 -0.0534260686025532 -0.30691480090677
-0.0897162480896097 -0.350386896677887 -0.055672943431693 -0.307505844349544
-0.0173170694838865 -0.414230137738156 0.0746901443309622 -0.0954963944027277
-0.154524339799295 -0.340653576561206 -0.0808974178391032 0.148470286938682
-0.34422951064958 -0.179351566398654 0.164303856896618 0.323180911425944
-0.329033664734009 0.0530219716311026 0.352527566120272 0.141492922945198
-0.169123792618676 0.232847155069005 0.33324459837479 -0.136185300021597
-0.0131702461170127 0.232606727322576 0.135245058529453 -0.237478998776524
0.0794854523047275 0.222179943736665 -0.00437419582287731 -0.200419254237611
0.129292691006356 0.20980731692843 -0.0635367246959813 -0.124835044369384
0.129075675941742 0.220760628895327 -0.0685600847384936 -0.0678954254580967
0.0377981417504353 0.215742648307124 -0.0787542395525032 -0.0193865080889085
-0.0726933938800626 0.240934463299046 -0.127545478791773 -0.0286440497218208
-0.256764385344996 0.161681036617105 -0.178380722603904 -0.0986259716777616
-0.356663658904095 -0.0327327204856227 -0.117439487450824 -0.186002677190445
-0.246031316951708 -0.268632031378691 -0.0680006613781118 -0.248511902887578
-0.0806506462668164 -0.430182641428388 -0.0622091245010401 -0.193441045357554
0.0406157975784608 -0.462477051910275 0.0491456234277401 0.0580166027725778
-0.119538880083971 -0.443694254184756 -0.111355440776883 0.246192043104586
-0.384333938955061 -0.290551426736649 0.106648755523333 0.398205372446584
-0.418564023883622 0.00699252115037811 0.308957490273314 0.235327777462442
-0.243050066509956 0.261229530261162 0.32216301433261 -0.0356612665442753
-0.0394858945364293 0.276842482573037 0.145114573365222 -0.137112536762703
0.0753750367006788 0.260959256821493 0.0327970293340213 -0.103003722867714
0.141914958094921 0.242751084239931 -0.0115496327304206 -0.0379900074582766
0.152457298495521 0.24948302130168 -0.0248908528004771 0.0163759779938097
0.0570852344690887 0.241189452148408 -0.051552839084029 0.0672729753285875
-0.0597168923698643 0.272056804320847 -0.122419550026022 0.050257243571912
-0.269257759337705 0.188436258289483 -0.19160810102691 -0.0289306959132818
-0.381772669411571 -0.0288473963162649 -0.137223427219615 -0.134428997919614
-0.25374958378223 -0.285918823682138 -0.0553492626704882 -0.186116285346364
-0.0554410558523767 -0.449529271119571 -0.0543801973730926 -0.0650280265738557
0.0864948650258112 -0.425086419747794 0.0135686476969847 0.212124830731046
-0.0540572663793298 -0.452770955396679 -0.138635349271056 0.33015358743846
-0.336947047649854 -0.343147146791867 0.0336245536476616 0.42718171567379
-0.417674405752054 -0.0492926744892942 0.224999222371399 0.297119060841321
-0.268079883548752 0.233895307921203 0.26763818531585 0.0628446556771904
-0.058078143748936 0.270810047791691 0.133762904698321 -0.0254211274552855
0.0607422819720687 0.256566087149475 0.0621920779189368 0.00300233818312891
0.132333013118815 0.239154605603026 0.0404142058445708 0.0510129401975387
0.150023393935034 0.243987678893059 0.0234365650616494 0.102700812801337
0.0621143229507695 0.236534398692061 -0.0208316772217556 0.147915546633949
-0.0491137836958043 0.265448795643375 -0.114425916816637 0.121934634105023
-0.253457966421618 0.177904624894766 -0.191661609225931 0.0281571747463814
-0.35694841815489 -0.0407814036633108 -0.141819743884997 -0.0925709522937637
-0.215061850846613 -0.282615991625211 -0.0276415372788678 -0.12784238672737
-0.0116074456671692 -0.410237171156282 -0.0428902274188619 0.0597808229969708
0.106244634383841 -0.310598074666937 -0.0182209420917435 0.334864900013345
0.00727035970746656 -0.364079728410217 -0.144514474474185 0.385411190431942
-0.231687682987027 -0.309355446412206 -0.025695138875967 0.408680984457094
-0.330604322558848 -0.0782826894851603 0.136419249746753 0.31118770040423
-0.231070102010729 0.170327714943041 0.193496624372263 0.134897684889706
-0.0566038010610107 0.219365347272066 0.111189819617236 0.0717873785053671
0.0427258769712867 0.209719978611884 0.0838512007304008 0.0979871305844261
0.105222890501823 0.199191862435542 0.0851885793711044 0.12973989833413
0.124181013738776 0.205638355624684 0.0665902818613988 0.180000872551398
0.0504250296974841 0.203536793608715 0.00241303840156827 0.217881172768389
-0.0445595013751684 0.225022994071538 -0.115010865942016 0.179221919456194
-0.221099963761576 0.13516096428216 -0.194235890759675 0.0671071398023939
-0.295890249774702 -0.063471335733373 -0.144395025443379 -0.0652028546403131
-0.144115096672612 -0.259766194607423 -0.00358274489709948 -0.0781873355824127
0.0449058955506445 -0.323973131770158 -0.0412572804273562 0.168783353579726
0.10374929443429 -0.141303303453298 -0.0312996671417046 0.403317254444532
0.0502385083470488 -0.209390374017603 -0.121970475676726 0.405789676324238
-0.109424599444775 -0.20318807800092 -0.0487515200734301 0.36193964966539
-0.192105848419631 -0.0725923126112832 0.0755952657892705 0.291494020156225
-0.148618127810041 0.0919449203008035 0.129576777882526 0.172843400592862
-0.0402782315779786 0.136100378519411 0.0913608453445273 0.137775188931109
0.0231533302726955 0.130294027458314 0.0972176853605634 0.164949776913016
0.064143811335464 0.129135794106028 0.118350345058063 0.187761883983953
0.0783958496281961 0.138219018015331 0.0967377118542608 0.242981792679725
0.0287520814415851 0.146093736848135 0.0101046678981141 0.271584473438201
-0.040351754504446 0.158115471665859 -0.131080712226359 0.221859703316948
-0.165894939494662 0.0781599862988393 -0.204939403423092 0.0871078621688808
-0.202856342546379 -0.0793307304976958 -0.151491631458711 -0.0551452703276965
-0.0572391445117438 -0.208112470585097 0.00735627645983592 -0.0397318133857878
0.0960030562235829 -0.195558685753657 -0.0551552044589846 0.251232326310751
-0.0855404673047261 0.0419499405186903 0.0331426434359188 -0.336791572840628
0.00328672475367049 0.110691553584726 -0.0361127380363547 -0.0272164683327865
0.0755003234729427 0.077810762435403 0.175701645049234 0.0766321148669641
0.0820194322329368 -0.0217653993158771 0.257216811211776 -0.0898103242869581
0.0245784521432295 -0.0650497348012881 0.181391058255494 -0.266461999228778
-0.00978276038925057 -0.0362836962703227 0.0223225553013124 -0.340231130990771
-0.00500080322139635 -0.0354066628233633 -0.12205127224152 -0.303230808696617
-0.00179891978288372 -0.039138832927737 -0.171817610516024 -0.228711694580728
0.00375687568272151 -0.0319247839626224 -0.135164314386351 -0.189811122748685
0.0173577840811176 -0.0182383747303143 -0.112253891033053 -0.182380680276234
0.0370633674679163 0.0082147940463487 -0.115166096230897 -0.193003578190074
0.0371971543868785 0.058795644597916 -0.0836184105658693 -0.252038106042553
-0.0357111309770129 0.0919183989591173 0.00131999731941102 -0.312592590743161
-0.10651118917639 0.0405939331724098 0.0116417237092802 -0.380124027453918
-0.123017772012175 -0.0339525838161247 -0.0443743253323674 -0.428319821742807
-0.103444033240524 -0.133691351556276 0.0522595183489528 -0.310814313263434
-0.0910652686931251 -0.0203567889845415 -0.0433960402834364 0.00412406415276492
-0.0787966781421187 0.0357254847817034 0.199667021518256 0.136915713319579
-0.039322045273383 0.0378440770407908 0.311962060150626 -0.0501269182798616
-0.0106518925879143 0.0491816832232118 0.236408458565864 -0.271219461489076
0.0115142088285592 0.0589364119727686 0.0508989634978554 -0.350953783300399
0.0447839743019034 0.0582981612969631 -0.102960134463544 -0.308433063580056
0.0602678055656534 0.0553836617911719 -0.161997185615941 -0.225457001798739
0.0537854084293888 0.0711980472206276 -0.134546982601332 -0.180626058869497
0.0124307946287887 0.0809607692169357 -0.112566811359902 -0.155282558377262
-0.0299316706752422 0.10017815245596 -0.122478001656543 -0.159895814229722
-0.102039456650642 0.0798230047814793 -0.120357186004331 -0.215566285238877
-0.172493551634197 0.0129824724126212 -0.0429586435286628 -0.283398488789923
-0.159429105204173 -0.108948242022778 -0.0379822186790789 -0.358222478557544
-0.118170278651079 -0.216331055203864 -0.0636305887025693 -0.398250833080313
-0.0909103955827375 -0.30192566924617 0.0668800290878127 -0.231321056418348
-0.160483769137776 -0.181391087853371 -0.0549829742869281 0.0699531153469261
-0.240280506957387 -0.0442722375197445 0.211494598916021 0.225213064328839
-0.188813027682664 0.0779924860822468 0.35946953918035 0.0219811086307394
-0.0742736017359278 0.164865005333925 0.295093609727554 -0.241527093226211
0.0166571131288451 0.157777415721078 0.0869293057583304 -0.325154638771962
0.0824696554620332 0.149479651642072 -0.0670757840640576 -0.275942117954878
0.114902319680136 0.140740369927577 -0.128613962255104 -0.188630426965486
0.107748237745299 0.15760618019223 -0.115807385309487 -0.135099177583367
0.0284338976481441 0.163958941817334 -0.106653723977955 -0.0947871899009825
-0.0584137837249197 0.188932279268337 -0.135625233086319 -0.0980491563161284
-0.203569893248678 0.131554081534929 -0.16479058421342 -0.158611990539977
-0.293489256079056 -0.0120424422142599 -0.096307308998507 -0.240774033283888
-0.224737617048949 -0.208978529668639 -0.0777813262388503 -0.312700763562267
-0.11988612143961 -0.356685586227256 -0.0796442297002671 -0.315472641707505
-0.0508118656550525 -0.428420913479396 0.0683228556636144 -0.101844600355817
-0.186449089539502 -0.340766135964482 -0.0729561485949179 0.163553071730509
-0.369804122070613 -0.156933750008853 0.193108414933095 0.324974294307126
-0.338506398142789 0.0797788423275308 0.374908358456446 0.121821916732945
-0.156858275753324 0.255270198950014 0.334520110944302 -0.169686996086565
0.00414538927214832 0.243465482481188 0.121049213358044 -0.256028799894833
0.100679179988048 0.223960311888015 -0.0204724788665983 -0.206387331324797
0.153422731744602 0.204890677458895 -0.0772516822189857 -0.121562880761243
0.154536516655465 0.217176386630121 -0.0778675051805729 -0.0639123439390575
0.0556431081217371 0.220751129485571 -0.084672664551378 -0.0139183960424063
-0.0544691500477179 0.256543828264422 -0.137461479662001 -0.018999276713812
-0.254640170938303 0.188872406024565 -0.194071337843431 -0.0858934098083977
-0.372720364208518 -0.00423311241892258 -0.135705121860607 -0.186714550213195
-0.275218072405065 -0.260179313872343 -0.0897622177793524 -0.252963081282855
-0.116479010300683 -0.441146457519017 -0.0787337988199292 -0.197146658523564
0.00537278833576223 -0.483760294005001 0.0539793832246714 0.0594510008756425
-0.15664875976036 -0.44939751439113 -0.0971810906108329 0.266461781883282
-0.420586875180067 -0.266714749144775 0.139191644424977 0.40547955069629
-0.434406094620351 0.0386119335798783 0.334682754159536 0.222938074906343
-0.229865768455262 0.291370006680572 0.331843097766778 -0.0644499410438605
-0.0195689643401009 0.290478625595718 0.14082491602754 -0.152594050614787
0.0991849416029729 0.263836626302645 0.0264595272841688 -0.108565660999036
0.169498977483501 0.238346168465011 -0.0156335475963752 -0.037902005104504
0.180200782576827 0.244970248731241 -0.0245873630507185 0.0198625201505647
0.0780009908240021 0.245597076507592 -0.048672983134269 0.0722381679943051
-0.0388828920480831 0.286752117252842 -0.125402590142557 0.0622062864498128
-0.264466986071062 0.217797965685838 -0.201245225295554 -0.0127441581307979
-0.397226963212594 0.00217079407994765 -0.152581026672659 -0.131604930482581
-0.28421165301177 -0.276763511883527 -0.0723777847825128 -0.190290718948651
-0.0937149821134471 -0.461926719083866 -0.061657990089248 -0.0638533854711983
0.0544249266725665 -0.448535373125751 0.0278424569324444 0.220788465454582
-0.0899906996319947 -0.463481651596313 -0.117997592555028 0.353979607833433
-0.375190577703361 -0.326588325121568 0.0646213901604205 0.440418977693745
-0.437856397868948 -0.019029823235537 0.252606684409688 0.292195659736507
-0.257340829892925 0.264294440795285 0.282960630768868 0.0424208404747201
-0.0387710707859329 0.285716754209989 0.139171638254748 -0.0357139725847606
0.0841228976490048 0.260033692810933 0.0667759715158943 -0.00178423883698371
0.159141248956213 0.234988108258126 0.0465980035787085 0.0491349660314679
0.1773846246562 0.238115602526079 0.0329696948457261 0.10443826683213
0.0827755589716623 0.239539662009616 -0.0102660929030518 0.154475570822018
-0.0284460022791997 0.277503419330559 -0.111283105037269 0.135916778524368
-0.249618911169284 0.203826215359625 -0.197487298819752 0.0463920416265817
-0.37277703810055 -0.0129427486827166 -0.15532227887011 -0.0881472527809937
-0.244450021648495 -0.274493644423378 -0.0403953444411458 -0.133504377687633
-0.0449768562496843 -0.425608896921354 -0.0408796031578278 0.0651796660787967
0.0840612711047089 -0.330751012789662 0.00382089614246397 0.35043622768132
-0.0198635085332807 -0.376726919461294 -0.121643573645928 0.410275508634635
-0.263079050821367 -0.299520587129043 0.00160853030965022 0.42536965254502
-0.348605619049372 -0.0563755924834779 0.161865027700175 0.313720875537463
-0.224260248339192 0.195124078726169 0.210897874921653 0.124589551753543
-0.0408138723781018 0.232056779930164 0.123549512024237 0.06668762590988
0.0616221306514072 0.213375750529217 0.098125585685019 0.0937661308414747
0.126481381437438 0.196932348549577 0.100220432187478 0.126512781551573
0.145214958327611 0.200750016239172 0.0843341480919014 0.180493634483752
0.0678372494991368 0.206200796347246 0.0197823449995841 0.224772597730545
-0.0271755727319358 0.234767459843779 -0.106903844327261 0.195828728550301
-0.218036124771169 0.156916564681837 -0.196501565967677 0.0859911489935831
-0.310836135165926 -0.0413491792833493 -0.155442655228572 -0.0600795542826175
-0.169690439025615 -0.25605788531609 -0.0123991206057205 -0.0840602981201423
0.0200878504977283 -0.339088142947766 -0.0298584879542646 0.178014982213372
0.0934719706172077 -0.154224457330571 -0.00492317665067778 0.421708859649106
0.0364205858034847 -0.218581799011201 -0.0967959801495772 0.428624395402477
-0.128332382064787 -0.200210526244898 -0.0250951294396131 0.378231921230378
-0.204777753509989 -0.0608230577347135 0.0978280969725824 0.297852051477306
-0.144913049771459 0.10681817795199 0.148091025336678 0.169481180631808
-0.0302859181883989 0.143192498950835 0.10820679820214 0.136688722214349
0.0346419714317671 0.132261238440344 0.117855426118042 0.161919749134574
0.0766334752030289 0.127195104258791 0.139319110776618 0.182108034572289
0.0922404541632478 0.135260780628763 0.121370224527778 0.241284269212209
0.0415359105784771 0.14861320028813 0.0323699083692607 0.279527815765453
-0.0290486708420154 0.165867327181157 -0.119086521418547 0.240947977259795
-0.16623168544072 0.0929274363523408 -0.206685457120631 0.106191029682249
-0.215624082463409 -0.0652223442915844 -0.162321690132202 -0.0488343892582297
-0.0760699220767573 -0.208337707313431 0.00294285867582277 -0.0454037285365594
0.0836904693139357 -0.210162229946948 -0.038297791141675 0.265019413383321
-0.0831382212352778 0.0482885147986127 0.00821399199484493 -0.341114628819368
0.0102875948124874 0.109874490806935 -0.0395382076688802 -0.0214327905216263
0.0810027458583183 0.072362393800063 0.18361175939087 0.0675868010134425
0.0794541560603961 -0.0266025218158296 0.255640730646616 -0.107819248689413
0.01748610283451 -0.0658533432078527 0.164804241193537 -0.284030872585716
-0.0115359203289643 -0.0349193772393558 -0.00439990591055915 -0.347940311750395
-0.00643851730234862 -0.0355818742963136 -0.14780736368142 -0.295159662167687
-0.00455108600022485 -0.0390402383153723 -0.19127086852268 -0.214395720771657
0.00259161237561648 -0.0311240571324667 -0.15343003512713 -0.182444008970039
0.0165491099551636 -0.0182938644570771 -0.130154346205003 -0.17699397300327
0.0377752091268142 0.0068250831098734 -0.13196528607317 -0.187252954464231
0.0402150443443178 0.0561379577996806 -0.103174784757266 -0.248579134095961
-0.029357278802235 0.0958809959932022 -0.0181892452578848 -0.317638067884836
-0.103494082217431 0.0465894246571952 -0.0116557272104464 -0.382825751658617
-0.12612885718316 -0.0259071000808628 -0.0726496334492296 -0.43239184510071
-0.113937072800832 -0.129375216630711 0.0301312932963075 -0.315510803478678
-0.0943301016598828 -0.0156143489994466 -0.0439158912013761 0.0112190788850714
-0.0779820108014496 0.0418334631458367 0.212138385568551 0.126672667952977
-0.0391114808737855 0.0421878544840229 0.313653636676608 -0.0713643098931361
-0.00853998123871127 0.0514929597587823 0.220522816997006 -0.293221974185808
0.0164888701720371 0.0599095287737116 0.0244081995687268 -0.360357097032367
0.051179398959832 0.055811457872557 -0.129187804996013 -0.301942254940499
0.0665835625380454 0.0507924999335968 -0.183199133772557 -0.212037610585383
0.061980960723856 0.0682576570824362 -0.152152499270161 -0.172209947763072
0.0196206243414141 0.0823310244324864 -0.129014049410717 -0.149491474434968
-0.0222438037859921 0.104870556190323 -0.138325793602093 -0.152950575750972
-0.0991688086792674 0.0889245842344166 -0.137408578337558 -0.209112968609012
-0.174052283709537 0.0267678112750876 -0.0615502028625044 -0.284713125522122
-0.168470406462158 -0.101099729401342 -0.0605598446693191 -0.357886228632668
-0.134320195107217 -0.211391830803209 -0.090457564611505 -0.400566591023846
-0.114607196436867 -0.299548060197758 0.0499501210241041 -0.234911578677195
-0.17530152187057 -0.17217781896377 -0.0501896539328884 0.0779782867054878
-0.245962326075157 -0.0260012462465614 0.229627683796032 0.214858716796305
-0.18755037476927 0.0932774316390948 0.366587172575519 -0.00147137853211382
-0.0631448533704875 0.173006422703872 0.280914004272771 -0.267493257255757
0.0285057177745951 0.16010801514779 0.0641068044583442 -0.335567260710075
0.0949880805925827 0.145488303231413 -0.0898071699215417 -0.272274902456075
0.129260247678526 0.132526214548121 -0.146095336634365 -0.177501226296057
0.123432146459146 0.150776585949549 -0.129637641755596 -0.126755764655018
0.0412639853908807 0.164965128255851 -0.117947352794815 -0.0883914773838037
-0.0438251938562883 0.197355243906968 -0.147568812043443 -0.0898661031225883
-0.19802294722412 0.149568984430812 -0.177887058859531 -0.146974241538794
-0.2987595718754 0.0108476153829894 -0.11312652440071 -0.239347231126544
-0.242208243433282 -0.197887541108819 -0.0994534245688452 -0.310283480317892
-0.147275338042833 -0.353730755774751 -0.10162046119817 -0.315301867794546
-0.0832301715777561 -0.431560577147888 0.060648324748399 -0.105248837227153
-0.212910197665049 -0.331969949760734 -0.0626064785589148 0.173494434304519
-0.385541901731033 -0.128827455848396 0.217189968857412 0.316847791171034
-0.33959188386432 0.10514350496046 0.387524165725609 0.0994789323864273
-0.139607719919359 0.270380542815411 0.326080593275039 -0.1976577700878
0.0218976525898584 0.24712449814703 0.104863807972277 -0.268421172613069
0.119539194890333 0.21902234129113 -0.0365746680287116 -0.205832729581858
0.174144414527192 0.194056555831526 -0.0883118254975212 -0.115243387461952
0.175370059023233 0.206704536182904 -0.084691498685588 -0.0576400924026721
0.0727195473460455 0.219228293977216 -0.0887181070780934 -0.00804795754444872
-0.0349862793353697 0.264859347455997 -0.144057478856022 -0.00953455805081582
-0.24516804404824 0.211880045193144 -0.202758936571071 -0.0706213063342813
-0.378343381423025 0.025400579577234 -0.150875803298411 -0.181518471647467
-0.298250945988419 -0.244157946036353 -0.109369915235314 -0.249596484919935
-0.151550571807169 -0.439878064153352 -0.0934104691133366 -0.195147860414533
-0.032534035149148 -0.490270864740657 0.0573564191820806 0.0584030953149365
-0.190363440054719 -0.44263239665156 -0.0796944323765066 0.278362003392143
-0.445439350160793 -0.237317785046357 0.167373704968126 0.402999454410143
-0.439694099470035 0.0704571231781221 0.353407942342793 0.2055834388661
-0.209437949077905 0.313154546753079 0.330209657128218 -0.0913474434685423
0.00155217155209979 0.29648296709806 0.132813464230608 -0.164654034159967
0.120420159671341 0.259866139143405 0.0195981800666653 -0.111902719998714
0.192500321282576 0.226728226168687 -0.0186270276683389 -0.0363179092782888
0.203098375097159 0.231656238178616 -0.0238840449251765 0.0228647656635655
0.0971000156882107 0.242304153913506 -0.0445304371853554 0.0771509585780459
-0.0158970577032238 0.293006489580273 -0.125935362809552 0.0735069938051691
-0.252314116529434 0.241765283200105 -0.205220222836514 0.00382205769550079
-0.401844105270978 0.032911900914993 -0.165368011647694 -0.125693917190308
-0.308981911830074 -0.259823213143379 -0.0882879408103756 -0.187897172922077
-0.130055473784435 -0.462975949880064 -0.0669034190162398 -0.0607979428931279
0.0212968443251522 -0.458258213136341 0.0419988378194158 0.223090639169472
-0.1225947707495 -0.462009597487099 -0.0955601188021791 0.366783979268068
-0.402855122839558 -0.299898526045245 0.0942612821981738 0.442700018441352
-0.446283216438093 0.0117022268564524 0.27441758225474 0.281417913633352
-0.239611575055201 0.28812118530581 0.289093293367531 0.0212281007698804
-0.0171060303611169 0.2928023156098 0.13974116998548 -0.0457427623850801
0.105149817064981 0.257454636003202 0.0692458108395263 -0.00756883431150663
0.18142669865636 0.224370618679267 0.0514297179770341 0.0457876347574089
0.199158705647613 0.225268608080475 0.0424024680604706 0.103046324985416
0.101306796396092 0.236131263127426 0.00127711933760587 0.156503044132198
-0.00678271375092463 0.282169606221661 -0.105358123255492 0.146651183134147
-0.238373170314101 0.22544439660837 -0.197546764354105 0.0621600019776616
-0.377832337657065 0.017125609319179 -0.165014747759096 -0.0809478526296789
-0.267758479973448 -0.260012738939442 -0.0534163106971386 -0.134204801392758
-0.0777953425957644 -0.428839343035921 -0.0360907360731315 0.0689466662115712
0.0585320182045067 -0.340945282277557 0.0258792348564018 0.355901371915846
-0.0453246441748871 -0.378684559810855 -0.096127608109381 0.42316971264219
-0.287432339932857 -0.281244424626281 0.0294770463971929 0.431351341482166
-0.358816660265268 -0.032797043571769 0.183352291886493 0.309213509170558
-0.210686137840457 0.214610957958402 0.222821111614536 0.110434109035212
-0.0227179999586151 0.237806920003753 0.132056809582291 0.0594000462435852
0.0789730877497271 0.211579230498404 0.108017324985378 0.0869907836175025
0.144477275243901 0.187711884939203 0.112028913649262 0.11839029771657
0.163863460274908 0.189819602706655 0.100628756820201 0.175105451570424
0.0833056413060286 0.203121842715552 0.0374234494458289 0.22603113555605
-0.0101359036875204 0.238668527712055 -0.0954681818399013 0.207997047939805
-0.210314432692824 0.174486800859299 -0.193493569210799 0.102051365861856
-0.317171261051233 -0.0168740793366928 -0.163199565961356 -0.052443547859975
-0.190007624887214 -0.245039900812526 -0.0211228650375308 -0.0864365537737175
-0.00565860144842998 -0.345995271377231 -0.0184266410936841 0.183052831854659
0.081486390857293 -0.163097988165752 0.0223237610182921 0.428747784476034
0.0221886131268173 -0.223515871916372 -0.0688810862190186 0.438787275980756
-0.143158404517246 -0.190601065022418 -0.00119517522392756 0.385362915880577
-0.211098931928377 -0.0461503760647829 0.11887237258399 0.296212354505973
-0.136940398735968 0.119315150610092 0.163284390664631 0.161121086074561
-0.0184647911254252 0.147102068682807 0.122247585300532 0.130673956798731
0.0445018960327926 0.13087781096297 0.134081139172715 0.152935130824325
0.0876469177134157 0.122035949934721 0.155893028627671 0.171417611195609
0.103939999647493 0.127733570779191 0.1422497093317 0.232643024723509
0.0534931260834869 0.146949372985788 0.0553204537607618 0.279743140764014
-0.016585546725576 0.168914703770491 -0.10355249434925 0.2538567347755
-0.162000891193709 0.105611572525725 -0.202880625823142 0.122413387887846
-0.222119977826587 -0.0484580823196252 -0.169755599405651 -0.0405479458428916
-0.0913159860351511 -0.203741780234499 -0.00321567977120746 -0.0479387672995839
0.0682151775854736 -0.219377036577985 -0.0200462998366401 0.271338549346481
-0.0640900806888872 0.0753633993143656 -0.113312683640756 -0.327231585308351
0.0505407618962804 0.0992795743642516 -0.0504007837708633 -0.00547496795577213
0.104170499732177 0.0353774190733281 0.193472992882687 0.00459814183347588
0.0641418228388623 -0.055661320605516 0.206262312637868 -0.188632994429379
-0.00844016089068918 -0.06901342977417 0.0574206785207963 -0.325517231323134
-0.0217551810277784 -0.0325706580639267 -0.131942857749854 -0.325734771193854
-0.0197875123328014 -0.0338623330274198 -0.248468673721767 -0.21648423739018
-0.0190519890396127 -0.0355451881638684 -0.256234553824594 -0.124463766444618
-0.0077899369342941 -0.0305053651383959 -0.211286322784632 -0.115071041025397
0.0102351756056356 -0.021255296839327 -0.187583975167986 -0.119010608859212
0.0382827653533544 -0.00683464318670836 -0.191321361614806 -0.126485660304752
0.0567748824786605 0.0397779138433904 -0.182277164394178 -0.198507625912689
0.00470364604806794 0.099915145385662 -0.12442257703177 -0.295372604313972
-0.0805303879313568 0.0821234328387646 -0.135892063819159 -0.355173499910442
-0.126759649019363 0.020568884225983 -0.206308866254027 -0.379443443068275
-0.161647243828296 -0.0836302774382632 -0.0764977671325942 -0.306552668981534
-0.0966840151695212 0.0206581433173209 -0.033428967926993 0.0251813606716976
-0.055753499062284 0.0676740822738201 0.245832815812836 0.0416144298764868
-0.0195506948878262 0.0548842709035783 0.271981999192426 -0.18166629725387
0.0112044682643443 0.0494641280398359 0.102334277293476 -0.356702346540232
0.0377108110446278 0.0459972103071018 -0.112326150001631 -0.347496611046141
0.0687648480695981 0.031966227962885 -0.236851432087911 -0.232923249499262
0.0793636954091381 0.0218232104011347 -0.249875247098694 -0.12441599380048
0.0837301403036359 0.040360288833684 -0.207253794965749 -0.104412304849814
0.0484884354541451 0.0721206417238868 -0.17821172122463 -0.0951032915843656
0.0185383849729485 0.107022338447875 -0.186686103490228 -0.0950462279027739
-0.0628706318761855 0.120194317973536 -0.198432628813245 -0.150326773311004
-0.154965691782339 0.0876729969166672 -0.152408266344039 -0.247848189049723
-0.194345241048348 -0.0334335910972009 -0.176976306762411 -0.311701311739702
-0.198619197606447 -0.153571842174271 -0.218129212081738 -0.339150479121862
-0.227101837670516 -0.246385186162472 -0.0236403793647476 -0.233923885677159
-0.232760190691874 -0.0961568107893746 -0.00603183533841124 0.0913549175554016
-0.238935573685339 0.0683661489683022 0.299387218357197 0.110390200035603
-0.138514418206125 0.160167216599631 0.346004894069706 -0.141945806583598
0.00598860271107777 0.182189642644571 0.163797648042953 -0.358278152687035
0.0853430999498486 0.1351615108339 -0.0699282601264868 -0.339273819658189
0.14445770061631 0.101122998336563 -0.190814818395731 -0.223029965944409
0.167441612780616 0.0748070630478581 -0.205204443189314 -0.105600291458826
0.171364396284097 0.093859396427412 -0.170544161243511 -0.0691011133502695
0.0977626510641923 0.141265949196716 -0.147149666715554 -0.0428300193836929
0.0313283630901454 0.200236244578883 -0.1742896901871 -0.0339910551118188
-0.132731711912832 0.213301259615848 -0.214152806291946 -0.0790895710571568
-0.276549200195179 0.116600013564281 -0.184611781021507 -0.185970370531803
-0.299152388193709 -0.097879387192797 -0.199049833294315 -0.251964012416002
-0.262471177105382 -0.285970707307363 -0.205095901657199 -0.251632280681213
-0.246465968821201 -0.38389298504751 0.0362020899631188 -0.109766488895894
-0.328355341137509 -0.23270761110688 0.0237523191254065 0.188432451079036
-0.408264184266445 0.0262170165656886 0.332226976876628 0.204439383623915
-0.274550322763305 0.231668505756149 0.402822568756662 -0.0619286218589234
-0.0277998236361054 0.301203181040734 0.2266362504819 -0.313026628937931
0.110882001717993 0.220419416904597 -0.00835770583305538 -0.292744590284763
0.19451264367223 0.163245547455377 -0.117519301129175 -0.184009296559433
0.230856245069628 0.115325633117135 -0.130089514590757 -0.0696590080450727
0.239747594695364 0.126889828008855 -0.104194720722545 -0.0198596083932344
0.146644793512434 0.180720412311139 -0.0916395464565079 0.0213968258240304
0.0639549076943919 0.258942428610453 -0.143633474485414 0.038946059054555
-0.154690402566656 0.288162810737919 -0.210744599633811 -0.000473484781015085
-0.345037996617772 0.158406341886244 -0.199354076883909 -0.118020258973836
-0.367928603438454 -0.120885298269853 -0.188774906746928 -0.190301995880597
-0.296340217652638 -0.365636171635173 -0.159335688745746 -0.139685839525083
-0.218799664905103 -0.457392808334834 0.0910347200718804 0.0488961818629187
-0.348127399677848 -0.345795062819665 0.0475674486714683 0.296932819042589
-0.503770052520804 -0.0530157179091001 0.321778931260227 0.301639458593981
-0.382607712468399 0.238835958585097 0.412137414204116 0.0458984500437099
-0.0774899839725049 0.367295721047214 0.267774353848388 -0.217695301576334
0.110298738507675 0.274579547086495 0.0542312658394238 -0.206453314109802
0.210596107656108 0.20297143462109 -0.0298682454625521 -0.118381032693553
0.260038528571519 0.139428945049717 -0.037251976263044 -0.0239436230088275
0.273538465928037 0.139338911657697 -0.0179214170307466 0.0325984443180114
0.177489783865915 0.192889964293538 -0.0210286047539396 0.0853684024343988
0.0908739705780361 0.278139092919993 -0.0977095122641643 0.109491707737965
-0.150769441899934 0.317901802511998 -0.187196370211461 0.0696821450277409
-0.363795476974896 0.17574465834827 -0.19296544840796 -0.0599111186676366
-0.383976666454594 -0.131384105586185 -0.149923491228348 -0.139600789439395
-0.285575532021483 -0.395977898526854 -0.0912228208627768 -0.0222699315779525
-0.154508560001967 -0.445562059970122 0.132439457254738 0.210608848882882
-0.291546190252722 -0.389127869915657 0.0624491587944191 0.389784503377801
-0.487482699746622 -0.127720829588508 0.269374363729841 0.368788442543345
-0.411268727533494 0.187077692415395 0.367064909612132 0.147282958423582
-0.113614000706667 0.356023365542227 0.271083330064083 -0.0969010629040891
0.0923011664142584 0.27823577898499 0.105547631576817 -0.0982239571850431
0.196257099036369 0.206976508014828 0.0570770221222147 -0.0413578974035775
0.248814124060815 0.141522442883068 0.0578055313356484 0.0246831650981976
0.267104885368347 0.135633911775291 0.0726142476244084 0.0825975033265916
0.179346713627125 0.184575815172165 0.0516588491777831 0.143031443463999
0.094471835896385 0.264259756258413 -0.0514886800077012 0.17110680851162
-0.143030514483421 0.297034091753599 -0.160019261906017 0.121174760726822
-0.346220688295896 0.151300219113428 -0.178270854668319 -0.0182289472311262
-0.344570374547142 -0.145548630091872 -0.0993188734038272 -0.101428367353671
-0.223918302654443 -0.382103944757133 -0.0198292132946588 0.0866021793123875
-0.0720038651001096 -0.347448200782168 0.158632068357119 0.339793607168017
-0.18441141883989 -0.33949161789902 0.0753877538358898 0.442844963648208
-0.372592437715264 -0.153551324853632 0.200887492433086 0.387400497380618
-0.345499880181798 0.11180113582053 0.292041575751395 0.210836757535793
-0.114450891237858 0.278088664936312 0.242849213757007 0.0127190060765845
0.0669276179722275 0.229692058180453 0.139097369859654 0.00340788889162379
0.154467803160622 0.173218599973235 0.130700077824481 0.0331405635254273
0.201682617976223 0.122338539483774 0.142822773317443 0.0677931687752677
0.220692682260063 0.115798506586025 0.153878986418624 0.126935814430785
0.151372286714978 0.159176707050592 0.110650844717893 0.195255127061808
0.0757917542305168 0.224689989848 -0.0190657913560488 0.224963750536408
-0.135531971903337 0.239310144798752 -0.143679654482209 0.158024393367115
-0.301020739078408 0.0972826472087928 -0.168720684515261 0.00862573584682
-0.265806288182998 -0.159922216684074 -0.0539883378335239 -0.0688446656251676
-0.126487308648736 -0.329010184868921 0.0356958382605062 0.183684071555024
0.0184588214501015 -0.183669828561521 0.174676879585081 0.406381771924103
-0.0597462183590558 -0.216927755745398 0.0954579744664813 0.447194372886006
-0.202289364827976 -0.122482349105803 0.146526482613682 0.361231359937056
-0.213555126084335 0.0411305414583273 0.224335929278354 0.230790172430901
-0.0809756381378673 0.162215428369591 0.20854045836956 0.0875590649388657
0.0381767262139904 0.143332985420519 0.159318531573395 0.0754276226481599
0.0923767653790998 0.109295357346642 0.181903201606301 0.0863555324746791
0.125598428318922 0.0815185818795789 0.204718331016543 0.0995338417843199
0.142058692046282 0.0800905297640179 0.214789048302785 0.164495056656114
0.103102022546782 0.116985451376839 0.146731078190003 0.240096674747843
0.044693413102317 0.162252894277437 -0.00778979095468034 0.271185096330916
-0.115126994674622 0.156439419053813 -0.145576198170236 0.181901519097532
-0.222282365622971 0.0335145297768736 -0.172200154126481 0.0222490356687006
-0.157846740818845 -0.155702901625882 -0.0242732642808368 -0.0412821907163565
-0.01266308027988 -0.233353984221752 0.0653323920526382 0.262125980362888
-0.0616826177751653 0.0774731960075329 -0.127416482267196 -0.324812249281795
0.0531806957803227 0.0968043898601899 -0.0509512433597206 -0.000122411474632348
0.105684394857085 0.029901241361143 0.197785378800251 -0.000255207604424637
0.0621937533837513 -0.0580155822091964 0.202937364385766 -0.200104405656776
-0.0122702463768025 -0.0666390752525781 0.0443135008681438 -0.334766202334073
-0.0223928142303729 -0.0315442560906513 -0.149778518805154 -0.324654907468754
-0.0205904693473383 -0.0336752024436665 -0.260052273460999 -0.205794431202392
-0.0208307946469411 -0.0350240413412418 -0.263309629559797 -0.110496836004653
-0.00811181755900468 -0.0309781311654514 -0.221993585137904 -0.104552617103388
0.0111062549006375 -0.0221527937971517 -0.198506216216615 -0.11098871535765
0.0395665077700455 -0.00710006055169806 -0.200550539105551 -0.120071118918559
0.0577463608972483 0.0385155193566502 -0.192250102792686 -0.19377717119395
0.00883020161648959 0.100972087787961 -0.135778895203808 -0.296537175334756
-0.0783113777825946 0.0846657339671374 -0.146805126931084 -0.354686194101558
-0.126849384079359 0.0258852337323543 -0.222760319165425 -0.379056722402858
-0.168099798490249 -0.0786983358779577 -0.0884233546442663 -0.304152641770864
-0.0982835928776222 0.0236579114789818 -0.0321471691423124 0.0299239202030299
-0.0544186279016046 0.0705755978655366 0.251519636119868 0.0348171741546701
-0.0188376700266159 0.0574165974623183 0.269337585240886 -0.194798223567574
0.013004387704254 0.0522390827123065 0.0881274908284724 -0.367707168665266
0.0411056720678318 0.0452121065517526 -0.130872259903588 -0.348198195008622
0.0716703861769182 0.0289675456950216 -0.249135683193486 -0.222450272269601
0.0822626285011672 0.0175708453202771 -0.256255909615624 -0.110611013141077
0.088493195565117 0.0355691306209915 -0.217168489307356 -0.0940541934979854
0.0534589812500478 0.0717213466777719 -0.187541375844563 -0.0867034823815411
0.024777722544564 0.108425677170686 -0.194433098665388 -0.0871554196733696
-0.0595448201517985 0.126022893160148 -0.206462051596576 -0.143525438670045
-0.153740544639444 0.0957519953486069 -0.162940191245242 -0.246931450654206
-0.199273401990545 -0.0285887732661263 -0.188205789450075 -0.308916586416554
-0.208614107638527 -0.148030464291074 -0.234366948627716 -0.337315754965641
-0.24180371657844 -0.240170811106413 -0.0322853845201515 -0.231677898539886
-0.240785062895141 -0.0892887884396708 -0.00157241635337982 0.0949374520121633
-0.238317685207479 0.0798760160928744 0.309328509825243 0.101755469287355
-0.135411866940097 0.170153342947625 0.346124140644739 -0.15576721646177
0.0138926948666786 0.186311627275398 0.149832210523534 -0.3714328772977
0.0932901521600019 0.134157033202928 -0.0857084128207927 -0.342406246973669
0.150711044644979 0.0961493442623755 -0.202306224174236 -0.213947085054999
0.174764401571648 0.065404319156486 -0.21163273370507 -0.0937802247676973
0.179157520396136 0.0850494861783409 -0.177589776991164 -0.0598163734685721
0.106369746534883 0.140361744765068 -0.153416827901131 -0.0353994821740437
0.0415515743034232 0.201796087591108 -0.179954488259337 -0.0255866580505075
-0.125817957810764 0.223554564995187 -0.219369892589375 -0.0707157390327873
-0.27519170371112 0.13137887156143 -0.194300414448544 -0.183002898472981
-0.307575071015677 -0.0879796340853436 -0.209797545743954 -0.246606125695507
-0.278670858291757 -0.279156781785481 -0.217487935521179 -0.248074683956104
-0.26660012621801 -0.377575726261037 0.0320579929147419 -0.108892356242691
-0.342475048151155 -0.223481771478574 0.0316997288451863 0.191812372959666
-0.410266729364462 0.0448044858849597 0.344455575624665 0.196005999074431
-0.270499566706403 0.248598494339243 0.406482898825593 -0.0758846832327183
-0.0138400581332038 0.307197954000002 0.213972636003382 -0.327199353666379
0.122009887413609 0.218883244910683 -0.0215012160147938 -0.296165021167203
0.204489830166087 0.157478344403889 -0.126379507131074 -0.178780715235187
0.240280568781791 0.103787730918061 -0.13445451942188 -0.0623157735053808
0.249490649233312 0.113496257569847 -0.107457785172757 -0.0141394040135218
0.157123873406734 0.177177757870589 -0.0932663222575525 0.027071657929013
0.0776253542550267 0.258373677700329 -0.145859173827042 0.0478201639264766
-0.1444820649836 0.300263240695644 -0.213130958197722 0.00919165142728808
-0.343027897726075 0.177707780586433 -0.207896048522179 -0.11335505186642
-0.378791950880231 -0.107801274611081 -0.198480655033868 -0.184554095079907
-0.318314900352283 -0.359433996579848 -0.167090860375605 -0.135433875887801
-0.241935292287057 -0.453145212404331 0.0927482614322946 0.0493210228922329
-0.366368499491859 -0.337448849993437 0.0594155984683417 0.299808279497438
-0.510415768141242 -0.0300166997137023 0.337731300301889 0.294558820628711
-0.380035180787863 0.259859537930921 0.420268542808496 0.0339777852880531
-0.0602073162982678 0.375729158959522 0.261090848097791 -0.232412281818063
0.124925747537046 0.274026623518901 0.0479047949973176 -0.21133428054595
0.223727859496291 0.19609640406444 -0.0347356920230307 -0.118014902206342
0.270770771509191 0.126025184685289 -0.0387067023054971 -0.0210532563522866
0.284152473871977 0.125650093927758 -0.0171270705896469 0.0342849215992704
0.188525764767338 0.188160311910291 -0.0179906665964305 0.0881713112999706
0.105121565998743 0.27637374518518 -0.0958832842467833 0.117285288042948
-0.138377837117299 0.330781440692325 -0.186735274443781 0.0788049233233716
-0.3608321103373 0.196020156409433 -0.200613408123047 -0.0548920292398375
-0.39440931780833 -0.116679119412353 -0.159225892837601 -0.135088409624013
-0.306786788032005 -0.39055866383728 -0.0934623391331254 -0.0192775233555488
-0.176509149798055 -0.444574929709256 0.140228244379628 0.211717112289297
-0.308806516041267 -0.383223763862505 0.0768469110341325 0.392545882407561
-0.496614930983625 -0.106603574194775 0.285779882728926 0.364515397615123
-0.410027527039402 0.207077090155309 0.378387015969761 0.1389170817155
-0.0977897878169281 0.36644729512162 0.269150613120571 -0.109873114778349
0.106391387974536 0.277606878391375 0.104415799409694 -0.103463593607225
0.208158037336551 0.200795305057855 0.0567641048206074 -0.0440747495825893
0.260179834876081 0.129714571889906 0.0603211908264589 0.0218196844449401
0.277398728025293 0.121838725064964 0.0771031081648839 0.0793123139260867
0.189992631059115 0.1794987144496 0.0584384537008656 0.142732172791718
0.107465715216212 0.261743542091659 -0.0453353525770597 0.177757902507588
-0.132336635887675 0.308147570217122 -0.157414073603492 0.131220711678764
-0.343334362988195 0.169667484787837 -0.185248381362329 -0.0128278402661473
-0.355406338463478 -0.132168734239404 -0.106786844738173 -0.0979126495457189
-0.246411354379194 -0.378104093501507 -0.016550321454532 0.0889092215571756
-0.0892468582164259 -0.347455427229245 0.172299812453552 0.341181710470783
-0.199039688797651 -0.33679038043916 0.0904767037459052 0.446524575632511
-0.380936164988884 -0.137973627232103 0.217044150010736 0.386136292908495
-0.346984198638071 0.128250778436259 0.304892282817599 0.205154820224147
-0.101523380532798 0.286446088592062 0.246414769846904 0.00311210066314312
0.0785563256916789 0.228580387229928 0.143078577896169 -0.00185546046846504
0.164385321989852 0.168954852533417 0.135163529151173 0.026195960955284
0.21150693680139 0.11255644023122 0.147118109399278 0.0603122535123484
0.229018290077035 0.105026832023467 0.161587176899063 0.11954476634948
0.160736008166988 0.154803594568392 0.12154814796759 0.191525906766886
0.0868063991405427 0.222556049045843 -0.00943903978186039 0.230373178349514
-0.127815343554426 0.248848758711313 -0.138832365007088 0.166682719107066
-0.299374588040654 0.113050911884826 -0.173492934812985 0.013901137696665
-0.274912558250886 -0.14934527994191 -0.0599384427495421 -0.0673979398551412
-0.144249282348686 -0.327347151112345 0.0441916691307254 0.184345566473438
0.00988716307822914 -0.185053065089714 0.189857186060865 0.407838538238608
-0.0677259857570604 -0.217877887266963 0.110868505899483 0.448782080194619
-0.208423975143815 -0.113979089759265 0.161486990550299 0.360806626689318
-0.214321413415726 0.050550062345692 0.237635198468353 0.227415105214793
-0.0732928410779038 0.166481688195927 0.215953376681879 0.0802034680463623
0.0462780489241961 0.141620422824229 0.166996247389562 0.0693196204698554
0.0982738924276206 0.105477255834607 0.189223587890258 0.0768784420738733
0.131474286073577 0.0760384285970843 0.211078562370807 0.0876640035183618
0.147115015077528 0.0732408429747371 0.224367724027422 0.15333995312778
0.109339982272504 0.114276762160328 0.161176429158585 0.234558267910474
0.0520251822076934 0.161774090106399 0.00434728972673855 0.276621362872864
-0.110328258454375 0.163685753913043 -0.141059355006982 0.189585058667342
-0.222197707288102 0.0446897540959359 -0.176780086955325 0.0276822066758107
-0.165015084481043 -0.150024510163251 -0.0281252149515554 -0.0412341646627535
-0.0242015616980499 -0.235190673291908 0.0780388436827366 0.262379580303852
-0.059564913991214 0.0814579432865972 -0.14271569671644 -0.32781629316533
0.0572294134530956 0.0968221239675873 -0.0510051742888786 0.00509156829758706
0.107640322381278 0.0254195738545705 0.205332430160175 -0.0049569140502301
0.061083029418869 -0.0613123632489645 0.202131056422611 -0.214220917606141
-0.0153334987140131 -0.0649207922414736 0.0309545536738886 -0.347771681469015
-0.0240065595570122 -0.0315279192611172 -0.170250331794852 -0.327950771641726
-0.0218756202329164 -0.034295569226969 -0.275510507637121 -0.197313082629612
-0.0232218049765491 -0.0355398394748325 -0.272996578763598 -0.0989364635597198
-0.00917219644306497 -0.0325043936907719 -0.236126650141389 -0.0944761007321742
0.0120708635996429 -0.0227119337919205 -0.211913855419668 -0.10369361074754
0.041328890141861 -0.0081115935138718 -0.212664544643621 -0.114717008915858
0.0595006101718763 0.0375334402408683 -0.205908815069104 -0.191249812995595
0.0122790331875599 0.103427413658054 -0.150082534388865 -0.301687404574254
-0.0778947129539656 0.0890334928747075 -0.160886475919281 -0.360217881073815
-0.128124961900777 0.0320631747595086 -0.243883527617325 -0.385410585484432
-0.176670958997247 -0.0752568522481366 -0.10242576978688 -0.307618098431612
-0.101730024247996 0.0274773426467003 -0.0305759367984747 0.0348424867215022
-0.0543292052251912 0.0747581225119958 0.262808102989112 0.0275105730085742
-0.0175770009290949 0.0622094364389395 0.27241408982329 -0.210830687524723
0.0156930210945611 0.0552702888173014 0.0735608267125398 -0.383510735379587
0.0448812079432247 0.0456627146840837 -0.151064504600974 -0.352782116766259
0.076298315140548 0.0264414777507477 -0.265841065509517 -0.214733185341368
0.0855097234264597 0.0127343059264382 -0.266298126835952 -0.0983909733635058
0.0935583130875226 0.0307446815501595 -0.230019383431885 -0.083351309263824
0.0598751097070847 0.0727857641806226 -0.199604552777604 -0.0791697763496027
0.0308718748998176 0.111525929907178 -0.205317997676422 -0.0804696273923143
-0.0575552534341619 0.133081622741834 -0.21818079230991 -0.138789308404647
-0.154230374078888 0.105519071184149 -0.177285708699413 -0.250083060107814
-0.207756255932843 -0.0217083258711476 -0.202446070367815 -0.310733534262309
-0.22106255825404 -0.144429392489473 -0.254327648011841 -0.339651059383579
-0.259701937374198 -0.237959840165482 -0.0414900139600422 -0.23408811310818
-0.252644580350435 -0.0836072522389071 0.0028011299580327 0.100455833906809
-0.242100039454348 0.0924964019835677 0.323840781807321 0.0947401859150495
-0.133912721241513 0.182705229609594 0.351136301249529 -0.172502961937755
0.0232804811994469 0.192128293383419 0.136793432035759 -0.389149122754384
0.10260965619557 0.134586422656121 -0.103794995318484 -0.348651398287901
0.161382304188611 0.0924237554912475 -0.21674736687337 -0.209780369399087
0.182951619649143 0.0569876483011672 -0.219659025829223 -0.0829061310805946
0.189100681912831 0.0761251216650435 -0.186938144764033 -0.0506156761841147
0.116754520359279 0.140383964263323 -0.161711764632582 -0.0274432891478633
0.0533185349007794 0.206059120973621 -0.18833746810431 -0.0162131932548061
-0.121130001686014 0.237078645518565 -0.229185883626319 -0.0628318553727419
-0.277928210842256 0.148681983777316 -0.2084290296875 -0.182345458120801
-0.322512232598973 -0.0788015577041159 -0.223792029321709 -0.24554064990648
-0.299956552597732 -0.276673846284603 -0.23433183090349 -0.247887143823377
-0.291805652910851 -0.377812473916303 0.0291110413505455 -0.108453313927394
-0.361813480095664 -0.217618818414454 0.0408690246124507 0.197901276262059
-0.418939197025712 0.064600641336058 0.362073143705808 0.189616492057737
-0.270167919317406 0.26807251462739 0.416340374386079 -0.0913081825562485
-0.000213370430071986 0.318105025249797 0.205589556282852 -0.346956208888647
0.136704965896503 0.220458289020795 -0.0343769732176327 -0.304146526910907
0.21836047093478 0.152554960328662 -0.136782515702662 -0.176454716880885
0.253279169331976 0.0920610022119584 -0.139632492945721 -0.05517673662582
0.261757652392754 0.10195696439127 -0.111988203601533 -0.00788006525495581
0.170470617275093 0.176818722383221 -0.0967143874437751 0.0333884423606027
0.0920880488027038 0.262908444198049 -0.149366084867471 0.058635654337758
-0.135087924230217 0.317701892294903 -0.21925244922823 0.0190033206045732
-0.34516670487449 0.20013320221752 -0.221792593168376 -0.11005568587548
-0.395361439135565 -0.0956184492493298 -0.211061393033287 -0.181688330064284
-0.344796105893321 -0.356184002350207 -0.17716719699764 -0.133326841610643
-0.270800228092634 -0.457553908445092 0.0975861637943471 0.052572793765778
-0.391332634662871 -0.334553455139734 0.0724199633383239 0.30807326000704
-0.524427185990226 -0.00820425102388006 0.358860217707689 0.291450639944773
-0.381391904859167 0.285942125528728 0.435828059336516 0.0220456747653999
-0.0437507182772315 0.390382317120592 0.257689747927197 -0.250814661881112
0.140983848286234 0.276034904374021 0.0408444443827119 -0.21870296897137
0.240197573691892 0.19176468220189 -0.0398218826284535 -0.119262135176957
0.285834082246489 0.113856938518696 -0.0404327471323674 -0.0185565650866588
0.298709530626532 0.110957642931975 -0.0166496460391639 0.0372147553809869
0.202545187275548 0.184866025890614 -0.0149644247917116 0.0920561946248217
0.121257505488083 0.278480334934888 -0.0943775060714253 0.127208162630589
-0.128604290082829 0.34685515508128 -0.189896564921035 0.0905264926182113
-0.361988459287079 0.219547154530465 -0.211443844262375 -0.049825376450653
-0.411610419018821 -0.103690165298708 -0.169773158922631 -0.131212131519426
-0.337146629149689 -0.387719306734596 -0.0969372388769932 -0.0164149072324892
-0.203483120093277 -0.447140933500544 0.151613599819145 0.217800922793674
-0.333754954749252 -0.384774349837114 0.0918891702863501 0.402095315487562
-0.513389355372975 -0.0877765037503257 0.307345153534757 0.365340133483271
-0.414376235450421 0.231819769730162 0.39659382846591 0.131732904608684
-0.0825766986827584 0.381065450144583 0.271826310466655 -0.124720759362593
0.123046183048312 0.280784139712472 0.105300654870223 -0.111251754524316
0.224457158714046 0.197017495003893 0.0575942154228549 -0.0487480786172465
0.274821618488435 0.118611422912183 0.0622308415048349 0.0194980875178109
0.289884374959386 0.108208834619776 0.0825075195203793 0.0775754122448496
0.203375297320964 0.176042149648769 0.0669801663010827 0.143695825272774
0.122989003668447 0.263671885291834 -0.0394279971021453 0.187222642876052
-0.123175600663731 0.324140135689357 -0.15754328024846 0.142062909608655
-0.344843435906478 0.191712410744382 -0.19445137929194 -0.00656189688617714
-0.371238499917877 -0.120322691749951 -0.116598712407852 -0.0953480815291421
-0.272227945298664 -0.378520009952706 -0.0133701263759669 0.0911308311664739
-0.107803304838467 -0.352258846487852 0.189146388768161 0.349046576644853
-0.21816415686688 -0.340821141062958 0.108365568838477 0.458260568570057
-0.39547877599718 -0.12443140852221 0.236890591452996 0.389515998846604
-0.351638740400312 0.147347377608388 0.323429875473109 0.202512818269102
-0.089841219392472 0.298681358571769 0.254017531221027 -0.00656518376310156
0.0921856380393732 0.23054513026251 0.149081731243971 -0.00723748536396671
0.177369306672523 0.165733484377213 0.141093708228781 0.0187959236809072
0.222963994521289 0.103342003567967 0.153712239330573 0.0539230120961114
0.239283037638203 0.0944701760474023 0.171144730504909 0.114017575981418
0.172262057376837 0.152365058611319 0.134627102592626 0.19013125189583
0.0997937186454536 0.224193576002202 0.000953096288690672 0.239307430921708
-0.121536567327796 0.261802943792793 -0.137336376461043 0.178176169003105
-0.300948519887672 0.130426394650314 -0.182265257026398 0.0202831761266668
-0.288892030545934 -0.141448728579385 -0.0665556163278838 -0.0660858364102638
-0.165006290319914 -0.330657877716272 0.0536585368035423 0.188115490681113
0.00144777421574616 -0.188540188476768 0.210600685229051 0.41559221038692
-0.0778906862169259 -0.221897988778573 0.128939180836436 0.459022274821297
-0.216756585589565 -0.107740947691028 0.178364476708884 0.365976382817797
-0.218509646655834 0.0612041487761925 0.25481518947455 0.226731382076847
-0.0666441070537364 0.174341526333982 0.226719890622497 0.0734980060749314
0.0535416969075438 0.141053997338845 0.177011661548907 0.0645557539964546
0.106177584145302 0.104201926289547 0.198592184243374 0.0679676888764605
0.138754788865015 0.070795833407082 0.219573399267305 0.0785664203352187
0.1535471532488 0.0668676922299538 0.23685016347784 0.144464243015874
0.118464251282816 0.112258173393122 0.177526286992965 0.232135267657959
0.0609617424002957 0.162860750490706 0.0178323110367959 0.284988496507614
-0.107337247970223 0.174070669925227 -0.139001944518539 0.2020078417239
-0.225025021433761 0.0550998522643639 -0.183648366669671 0.0351211388243519
-0.174892565855482 -0.146831681353681 -0.0327572126642745 -0.0414061203233022
-0.0371376607335899 -0.240375021274502 0.0919343540148659 0.266566784190008
-0.0571441052629948 0.0860131399453069 -0.166747071563501 -0.329827939202975
0.0631388504003497 0.0953757697626533 -0.0507527399229586 0.0116511703284305
0.11017025775705 0.0196875004787968 0.216692932678914 -0.0152875474597675
0.0585066121931837 -0.0663530588677515 0.197516716665394 -0.234230289126342
-0.0188616760375182 -0.0644842813445667 0.00931581900258066 -0.364079184648581
-0.0263272005978589 -0.031727073751394 -0.199848984308163 -0.329053179556483
-0.0246467448152753 -0.0349812473023651 -0.296890724118686 -0.185530378489084
-0.0269569407372087 -0.0345386109562969 -0.28614791115549 -0.0825194818304681
-0.0107233704746572 -0.0333985961239858 -0.252594969614194 -0.0794994032144485
0.0121294687397168 -0.0240638746825305 -0.229172166498417 -0.092293484842299
0.0425818848802118 -0.0103389369309451 -0.228041029277978 -0.104922500006387
0.0626525516554918 0.0359598513438083 -0.2229681801178 -0.186095248333616
0.0185261522732608 0.105685123706218 -0.171366647618572 -0.306888200369503
-0.0754983572504934 0.0962535594589751 -0.18337489934977 -0.365579914080251
-0.129674594185146 0.040401446754459 -0.273607432366122 -0.388850194030921
-0.188649392596797 -0.0679317453971195 -0.122567478946 -0.310505578937866
-0.105667179367119 0.0330055510990088 -0.0283769303655049 0.0404010953081783
-0.0531178368530749 0.0803330978094692 0.276001118642307 0.0161069359705123
-0.0155713272535412 0.0671548471530145 0.270012172177444 -0.23310375768133
0.020231637350291 0.0578498971559811 0.0514304019156129 -0.402693651038728
0.050018630466178 0.0443005802560998 -0.180280531711055 -0.356094736347872
0.0818396410421165 0.0223900615928599 -0.287793103412094 -0.204099987235456
0.0897091779543469 0.00668647086098914 -0.279462629003027 -0.0811611169870793
0.0993451448876578 0.0237843145904049 -0.245569777076922 -0.0676873904302192
0.0673294060418505 0.0718619378089217 -0.214038028396922 -0.0669685293813984
0.0403688173789636 0.113732165788225 -0.218582169558988 -0.0702205197599416
-0.0524218924714621 0.143337934449546 -0.233252825811303 -0.131034928233113
-0.153774356726187 0.119352757139725 -0.197843436679364 -0.251032143845335
-0.216703410098604 -0.0112955750804045 -0.223558843494686 -0.311008589862724
-0.237780822110854 -0.136297733455201 -0.282562715519014 -0.33984012544849
-0.283531480390171 -0.232002605124277 -0.0554421463268406 -0.236385625016441
-0.268529156236 -0.0731169538270651 0.00941559687540127 0.106455204469453
-0.245536480456813 0.110383507093548 0.341225507759055 0.0812289806081574
-0.128989264887788 0.199600102751544 0.355598526142532 -0.197966117474651
0.0364628048950635 0.199101410639732 0.116913511762943 -0.412125239837237
0.114781727352423 0.133433226034755 -0.130375348618003 -0.354607078421795
0.173748357452869 0.0854750576652722 -0.23663642773658 -0.201523545091933
0.193844463691086 0.0449612710168492 -0.230121051203478 -0.0690068090254356
0.200821787936853 0.0640159195121992 -0.198353495201037 -0.0365838223368828
0.131145008641702 0.139238476109193 -0.170388717489138 -0.0157972778434818
0.0688645424149508 0.210469616223159 -0.197364053577856 -0.0037199406681709
-0.110949736377239 0.255795770097084 -0.240406646734023 -0.0504694439878912
-0.279231666094021 0.172750461828289 -0.227680243194542 -0.178536643530177
-0.340198762279516 -0.0629090818369726 -0.243046010735307 -0.240979788861353
-0.328844342616384 -0.269536915123781 -0.256944593135737 -0.245263391826942
-0.327213982562063 -0.371767669937086 0.0257667897816515 -0.109680153945606
-0.389468838954091 -0.205383785432195 0.053358221897291 0.204279916685792
-0.428988671553366 0.09199087814389 0.387001071496933 0.177975154649186
-0.26522753641204 0.296850306820789 0.428904692196547 -0.115443815682945
0.0218232571026778 0.329578635428773 0.189820247326005 -0.372499699277438
0.155095065150725 0.220286459764453 -0.0539142732818122 -0.312715225498124
0.238147224789741 0.144306000230594 -0.151921383099995 -0.172686355094605
0.268902939101356 0.0758895534387115 -0.146100251176642 -0.0453556870329136
0.27825968666274 0.0847873539672024 -0.117473863184541 0.00240160037342286
0.188292825363099 0.172949510736547 -0.0991601889766305 0.0429322141241319
0.112723917112622 0.265234249263615 -0.152297428714192 0.0713573379781893
-0.120302888343919 0.339611738510762 -0.226240643825993 0.0341296799553674
-0.344062517341545 0.230914989758591 -0.238011309864917 -0.10283485110805
-0.416911091629991 -0.0750618128558252 -0.22811861648677 -0.175314165350402
-0.381907920920087 -0.348039211617092 -0.192241744200762 -0.128241565845
-0.308802657676737 -0.456009496658257 0.104277795683013 0.0542697226137472
-0.425097898046721 -0.325279703421028 0.0918852838790946 0.316844968450001
-0.540849841273462 0.0231022314039253 0.386786734674849 0.282972978679439
-0.379399898879191 0.320065561721818 0.454143976446802 0.00136794175476124
-0.0193029750860928 0.406184952158144 0.250188938906499 -0.275213089050526
0.164510417000305 0.27720004326778 0.0300477605836493 -0.229242683539826
0.262674729336426 0.183633077920476 -0.0472626244397456 -0.120521021631737
0.304389101028492 0.0962761662902872 -0.0424103917490122 -0.0152722374827473
0.315756646011923 0.0916168024912955 -0.0157883233831013 0.0411693184688584
0.222634861012224 0.180308268763511 -0.0102668542122576 0.0974597058188948
0.142446722409232 0.280524817667421 -0.0903529114301052 0.140892730458078
-0.112078936102473 0.370134363980019 -0.191096934192414 0.106177051761998
-0.359558810569052 0.251785603728397 -0.225836227048998 -0.0398722602499861
-0.433015394189238 -0.0815685917304979 -0.18355007548672 -0.124724599609858
-0.37565131722828 -0.380898585935534 -0.101844243881887 -0.0114802853028875
-0.238456349495781 -0.451325057939859 0.169301104799918 0.222156239905471
-0.369398484687151 -0.380138757188709 0.117974716923948 0.414894860100915
-0.534361022369316 -0.0595361701715854 0.337732869239465 0.362078857708796
-0.417448965111403 0.266377503082894 0.420022838992164 0.116574008138235
-0.059889928307219 0.399121132568874 0.273017157220177 -0.145911336047326
0.146138265000701 0.282159547443449 0.103791560000741 -0.120458111877451
0.247099698629425 0.190076319747887 0.0576328806209222 -0.0548144364299997
0.293204873845422 0.101935792830009 0.0655720303216768 0.016460168212965
0.30738983684708 0.0893599178049719 0.0895303819976454 0.0743544351251188
0.221902840808214 0.170613126855884 0.0784447999852806 0.144947610873582
0.143548617920582 0.263345808641383 -0.0288190525830773 0.198535821941898
-0.107906088645839 0.345883851738668 -0.155416721460858 0.157914701027962
-0.344289119833022 0.221853086816153 -0.205765816584049 0.00446831609466007
-0.39212797150962 -0.101743108905112 -0.12638349283862 -0.0915001892363094
-0.307898573925411 -0.375021891483527 -0.00801373131923571 0.0955858477112261
-0.133000391843417 -0.35606795648401 0.214899837340322 0.356412521035878
-0.245476907550863 -0.341811146616236 0.136025229064307 0.470022738529391
-0.41400302771432 -0.104981015783848 0.265192668288175 0.389582684167992
-0.356429627593772 0.173986006097417 0.347979941444967 0.192841065825835
-0.0728044882533686 0.314667850220624 0.26271491480941 -0.0227690623016548
0.109833646344923 0.230931582854858 0.15707040298641 -0.0163968586660756
0.195665765199937 0.159351833623035 0.14705760090105 0.00938444539470907
0.238199242735629 0.0904047011449812 0.160778858232702 0.0450904636045067
0.252438943231346 0.0786221570522991 0.183219913368965 0.105676007605361
0.188714389930633 0.14665452484157 0.151647960049061 0.187751383019859
0.116962104326442 0.224369506117993 0.0160654055400302 0.248219940534685
-0.108915876538671 0.281054542383925 -0.132694535742841 0.193859805354714
-0.301769539777635 0.155047394218328 -0.190464478162294 0.0320387115488211
-0.307323435147182 -0.127863350129277 -0.0737177530011694 -0.0643476531127929
-0.194585274189716 -0.330726639932838 0.0677349077426308 0.190906491403943
-0.00982882128153895 -0.193979897615399 0.240104740124164 0.423337418351364
-0.0933624618653315 -0.22675434828136 0.157655894075454 0.47087738542927
-0.228137387141031 -0.098838368993001 0.203917387841494 0.369739737851439
-0.222570216277312 0.0764071193346842 0.278517728924311 0.221537525620148
-0.0563906117050269 0.183558362717967 0.240686338319347 0.0630276077731547
0.065295319816796 0.140583960360467 0.190294132944425 0.0567163412592474
0.11621793563541 0.0999993639087156 0.210400812013002 0.0563514665992677
0.147977564881951 0.0628399233496155 0.229567251005446 0.0647468888732144
0.162458375962755 0.0576598617242304 0.252232307564745 0.131868091249664
0.12981404786013 0.107854951534888 0.198701052452278 0.226932572141079
0.0727166005525098 0.164124610269535 0.0362708849753294 0.294587586548309
-0.101089693614608 0.186921505604394 -0.134105558962453 0.218352236956979
-0.227705898234254 0.071665201257722 -0.191821050785377 0.0474359929978141
-0.189052388174033 -0.140725729048497 -0.0373567455501692 -0.0407470455886538
-0.0543032704891536 -0.245614189235608 0.111989911694565 0.269718380315724
-0.0524117222161124 0.0905749441461701 -0.195547801612813 -0.324599377464334
0.0701230165313896 0.0920597829286233 -0.0492852372573252 0.0183103222605184
0.111508046186085 0.0113832502898394 0.224222939738959 -0.0304069650745765
0.0545050726280233 -0.0711678245010407 0.186068913895718 -0.25500348107334
-0.024256714421488 -0.0625742138464607 -0.0198646052295182 -0.373763693355515
-0.0296350789524112 -0.0301512419734232 -0.233615246736688 -0.321380771838878
-0.0276287721322852 -0.0348005289616617 -0.317705341705778 -0.164324361263286
-0.0302662985840389 -0.0332345116741142 -0.296347338934972 -0.0599801881593543
-0.0132564907312407 -0.033801766474798 -0.266091723552979 -0.0570473916766571
0.0120412821823424 -0.026066092536546 -0.24452191268423 -0.0743342095504106
0.044377096762397 -0.0135248998484156 -0.242473710551312 -0.0898604900586679
0.0665611121247621 0.0325757476099806 -0.241285957454547 -0.173103173410026
0.0265302534797525 0.106443506168771 -0.196432984799169 -0.303870255261776
-0.0702863536193043 0.103386875336982 -0.210469668035918 -0.362580265814652
-0.128542558932963 0.0504912679924174 -0.308978471969077 -0.380875961587741
-0.199887131124017 -0.0560408928732251 -0.146721780249967 -0.306329675495518
-0.107730507762734 0.0409537488280143 -0.0243615861961794 0.0467866709241041
-0.0502844753675468 0.0871527294271858 0.286730772145911 -0.00192075012325536
-0.0109759372603871 0.0718110836415413 0.260549973799459 -0.258946540563407
0.025720920761326 0.0588459374671353 0.0194410027794452 -0.417249574997213
0.0547894501815524 0.0420601390822873 -0.214976487663554 -0.351229238987471
0.0869207906306039 0.0152472647719256 -0.309608853276563 -0.183812676084133
0.0929769306950484 -0.00175850051121284 -0.288489523768479 -0.0591077554483174
0.103290141091576 0.0145550155711183 -0.256558974682299 -0.0447416666106683
0.0765384004771046 0.0686072502177927 -0.227248135874992 -0.0484156589316558
0.0513349477963142 0.11394946817144 -0.230805452137504 -0.0530653626549861
-0.0435400833873302 0.152668207879491 -0.248211474888593 -0.114751013773151
-0.148831140276196 0.134835097575256 -0.221692461800979 -0.2456050332149
-0.224226095639202 0.00412050565051174 -0.249440513644944 -0.302715427046025
-0.253451590131996 -0.122320130286244 -0.315067991050275 -0.328567904351933
-0.310269174523763 -0.215704025877715 -0.0725339497284347 -0.234520723493006
-0.281830305933835 -0.055752290445799 0.0186318385254781 0.109902636465512
-0.242837469752663 0.1324940190354 0.357483519990659 0.0591749705908687
-0.117614770195933 0.216932960372271 0.352344746679522 -0.227088598827164
0.0542906335190485 0.201823129486704 0.0848868712764082 -0.4311050083381
0.12817879702934 0.128825858758107 -0.161602356699018 -0.353039786756858
0.186959712511065 0.0729041864393934 -0.257342531350231 -0.186265536813546
0.202648613992068 0.0281537900872823 -0.237708551804596 -0.0494471892457076
0.210487359620847 0.0458480396806483 -0.206289706871993 -0.0174550585932068
0.146924686505647 0.132690383492555 -0.177313584563242 -2.32694923616809E-05
0.0886076261951821 0.209425646573527 -0.203104888747713 0.0139477625420442
-0.0944330355580602 0.272518403123877 -0.250256795452622 -0.0324692545971714
-0.271882325408252 0.199939328572368 -0.247791532901204 -0.167585558608335
-0.354194965334804 -0.0381516824714095 -0.264462811706885 -0.229688843863761
-0.358578312167309 -0.250114780010149 -0.281450492248308 -0.233056740009579
-0.365195974848721 -0.355739454244036 0.0198801768669595 -0.109978676521946
-0.415249684401068 -0.182692729379467 0.0700722121770256 0.207310472345096
-0.43105846302428 0.12703754180698 0.40907915949587 0.155120480449283
-0.250273563705934 0.326377670448618 0.432545918790514 -0.147178032491101
0.0497146893658885 0.33541285748497 0.163205890287458 -0.395362975123074
0.177467806333632 0.213924144313074 -0.078944913498547 -0.316338983396779
0.257837299952553 0.128868022608484 -0.168328116791582 -0.16415986132784
0.281839929063945 0.0532357297040846 -0.149872036018149 -0.0326139566060025
0.289713503122128 0.0606911535383014 -0.119945638601124 0.0157984795680365
0.207938285125639 0.163318783151532 -0.0984079745844682 0.0543065237686321
0.137111690626677 0.262701155500574 -0.150597217095959 0.0874770088624859
-0.0968056735689164 0.359541069306891 -0.229409653207023 0.0539857835904073
-0.333397223536245 0.265111235786477 -0.253319683045893 -0.0882167856412042
-0.434534068085628 -0.0449341146176179 -0.245109535834726 -0.161484323919296
-0.420341266107281 -0.327177834884069 -0.207098168385508 -0.11677125044685
-0.35220062012498 -0.44075304052044 0.113208499216426 0.0525934227119365
-0.462115868742179 -0.302447023251929 0.11712163124138 0.319665452188478
-0.550432753859921 0.0638747969062947 0.41516554050363 0.263103424566977
-0.366899598256158 0.359063270460876 0.468200117171158 -0.0292546886222123
0.0137370158340056 0.416822086576497 0.23206460694298 -0.300303471852768
0.191328930912043 0.271041385562475 0.0144179432696858 -0.237356683671362
0.286458410871986 0.166716042923889 -0.0578669466943484 -0.119735222460146
0.318856873231625 0.0702948268132095 -0.0427352961679649 -0.0102993118149838
0.329669850831616 0.0642014017236354 -0.0128824775823077 0.0452049503276937
0.243274865338339 0.167394638396683 -0.00270035332208985 0.101581762878958
0.168455728383372 0.274014500804105 -0.0821242087225768 0.153428119894989
-0.0839449527513443 0.390410216903125 -0.188887172566478 0.125697821111362
-0.347056097351911 0.288557392810984 -0.237420082524723 -0.0234428600996722
-0.452164077501043 -0.0489611492610651 -0.196042753208779 -0.113738919268015
-0.416651196393945 -0.359697419517725 -0.104807843395792 -0.00423846430297469
-0.278750909821887 -0.440833584829993 0.192080916459486 0.220166084126858
-0.407561883110266 -0.363820603817923 0.150284952436021 0.418152956614354
-0.548614403575886 -0.020292771182432 0.369805908208526 0.347988421658926
-0.408169892418822 0.30691703062997 0.440844402147441 0.090740847008405
-0.0274224182858289 0.412339438254322 0.267319349881486 -0.169666499610015
0.171908620458754 0.276820682341691 0.0997744456189525 -0.131151001393691
0.270231905002705 0.17414041362667 0.0548647100696469 -0.061392521815002
0.308944645846349 0.0765256356905816 0.0682583562877451 0.0120666516079691
0.319512300197948 0.0626691333216706 0.0972396158802533 0.0692311446167353
0.241925185500283 0.156364004094174 0.0926810200468794 0.141283370316554
0.167371652990053 0.2570909413692 -0.013564889320565 0.206959579151515
-0.0832527578709393 0.364338439822864 -0.148398097456829 0.175440345022852
-0.332559269953924 0.256028348921742 -0.213780590528055 0.020526031271422
-0.409637507645864 -0.0731004049302616 -0.135928444748161 -0.0836288924115513
-0.34749241157353 -0.357114765786003 -0.000729803799138278 0.0984454286030437
-0.163484104258836 -0.352291843567758 0.247328248787553 0.353579802389553
-0.276906401012305 -0.332556544853463 0.173045571419615 0.473126886637123
-0.429218886965961 -0.0766494881308306 0.297117674985096 0.38185402663589
-0.35313833931161 0.205947918944897 0.373195947468543 0.174209994969856
-0.048123121197946 0.325954115639291 0.266830047568936 -0.0430842751559151
0.131547523354321 0.225409541203787 0.162394929648902 -0.0283600789943838
0.214344836291304 0.147067531426081 0.152464149661444 -0.00326354885015648
0.252063276935201 0.070080519872139 0.165639844231607 0.032545391820383
0.264494990302537 0.0574821995761128 0.19456062996801 0.0906788654757931
0.205798176911251 0.134515559272769 0.170795157759041 0.17787835584737
0.135996981835059 0.219326350999448 0.0363569397413079 0.254453671443601
-0.089983565672194 0.297611844309164 -0.122250179385189 0.209794955432018
-0.294230355974643 0.182842926267791 -0.196773316300784 0.0479553505891601
-0.323552275091578 -0.106033253655853 -0.0809243956064763 -0.0593568579324096
-0.227250748614886 -0.321336610197641 0.0838106988556854 0.190105316246027
-0.0245408503304781 -0.19598682373185 0.276686667493095 0.420480811051011
-0.112947833639606 -0.225946590714513 0.194469444969862 0.472577604761692
-0.23885095048266 -0.0842574535522104 0.234367099642177 0.363891632234771
-0.222584925839469 0.095510521973326 0.30378396499119 0.207349780834337
-0.0423674065928084 0.19037284671413 0.252005916898156 0.0457125610611484
0.0772728819813748 0.136000078592858 0.202552658970521 0.0429867780838729
0.126439012754695 0.0923653434086399 0.220058407679142 0.0389057780900782
0.156874315147115 0.0505786631771502 0.237192691273901 0.0467717838112404
0.170044780801744 0.0445401318414918 0.267479004025999 0.11171781799009
0.142050948288817 0.0997022334987705 0.221514502942173 0.213570371827972
0.0865628646707148 0.160803290855511 0.0601337433090735 0.298678745176479
-0.0892346691599879 0.201250022067266 -0.121013646859153 0.235539732405902
-0.225613399799915 0.0909632791108438 -0.195578465865196 0.0643021390349416
-0.203485344311428 -0.12791883428092 -0.0423037443703777 -0.0390999249534025
-0.0759504442565888 -0.245826189623635 0.13597979162849 0.266947195707815
-0.041956226361378 0.0944879767896918 -0.25144331643544 -0.283991418489847
0.0851206725346739 0.0755949391453894 -0.0485456960361206 0.0296843067451569
0.11285794886701 -0.012982408017666 0.215304618786379 -0.0661784044775837
0.0396580688044604 -0.0863426604178769 0.138896655867901 -0.280758670442363
-0.0392532733173688 -0.062179521370914 -0.0874954564407735 -0.366388530897596
-0.0447537140419487 -0.027807144235769 -0.289418969127017 -0.269753153839678
-0.0402876102739322 -0.0284611506146587 -0.340830477685612 -0.100032482137328
-0.0387131994666315 -0.0242284817440432 -0.297461891266048 -0.0053141067858623
-0.0222623405677422 -0.0287192468513172 -0.27317338032931 -0.0091689832198044
0.00629067821402939 -0.0254188394335199 -0.258299101924011 -0.032082155764208
0.0405915409641152 -0.019367994698215 -0.255617711921663 -0.0489916725461102
0.0705445067404153 0.0248438178624185 -0.266682293264889 -0.137060550310109
0.041497880223185 0.105239317497822 -0.242750805506819 -0.277831035492415
-0.0521392822633575 0.118188421708099 -0.261540376609579 -0.330126217637244
-0.120625752229347 0.0740717897759823 -0.359133446834102 -0.332199769594017
-0.215777989301015 -0.0188587917234614 -0.191021835216476 -0.278195662312795
-0.0986899715506202 0.0637801550080968 -0.0138485540818567 0.0451872155617667
-0.029206554860728 0.0930836025757219 0.279970794007881 -0.0589244630998766
0.00567672607105132 0.0675692687312443 0.207812842594568 -0.30459906767931
0.0334348506681872 0.0446426643309324 -0.0627648458782824 -0.414786776824128
0.0519026921361659 0.0260377727588886 -0.279558728751835 -0.301623836037414
0.0854995233602302 -0.00296840115285178 -0.341820574480184 -0.121829073659905
0.0869866549668488 -0.0164109333632823 -0.28971753608536 -0.00355905849757138
0.103052323354571 -0.00411465601777933 -0.262071636242451 0.00186674932501002
0.0899702015997338 0.0569233141051918 -0.237132067911468 -0.00987738409278934
0.0726284256539419 0.104091188376296 -0.23991261796731 -0.0149872650147525
-0.0145144026454196 0.166534483803642 -0.262148382320682 -0.0813002059229031
-0.124388248597193 0.164633040490543 -0.25452518091733 -0.21370452887592
-0.220788381934511 0.0470357640206428 -0.292186256170657 -0.260274887801181
-0.275799524073593 -0.0760367841746097 -0.358802645332621 -0.272745527310574
-0.354250367104717 -0.151248057819322 -0.0938705088696652 -0.22164313430559
-0.287965936942419 0.00486932319446156 0.0471240266354135 0.0948724506363126
-0.207283645902996 0.177028251692856 0.361567840283443 -0.020975186446945
-0.066924699355604 0.23211850725867 0.300601461582551 -0.299307433753719
0.0900303573142944 0.177064891877421 -0.00764446374621228 -0.441068396431695
0.141525775313213 0.0972508621506163 -0.230168986049474 -0.311962278802403
0.198941343017902 0.0335776390141514 -0.29544774538867 -0.134647809484357
0.199783921019979 -0.00804392909863969 -0.238494260139171 -0.00150652466745658
0.215231381721497 0.004931585248631 -0.207710327231009 0.0223722009638847
0.173108133893917 0.106678921390949 -0.180883363458242 0.0299885457457429
0.12758419624285 0.191650558649409 -0.203095955154515 0.0457919204645899
-0.0402999090271079 0.296007940189626 -0.252050494530338 -0.00140752110383254
-0.232863386476835 0.25205625318217 -0.265703052718737 -0.132965554708129
-0.357650122643617 0.0282138823361117 -0.296148533234638 -0.1797856388597
-0.402533166609337 -0.18481105586422 -0.313388409025203 -0.176750730043549
-0.432590023556848 -0.277228416047817 0.0253152577048817 -0.114900501354446
-0.442635127331914 -0.0901325184555115 0.123119870869099 0.17722858030347
-0.390286441471023 0.209841275818736 0.432939086984883 0.0546185956078196
-0.172933559245791 0.369638716995769 0.393816788657344 -0.24434063893814
0.11311691596347 0.309091282806815 0.0707366459742648 -0.420332672324311
0.207505495918743 0.170931505228022 -0.144587614559176 -0.290776712100858
0.283640019693262 0.0745591380174805 -0.20726963705658 -0.131249717002714
0.283094770349071 0.000985810543023286 -0.151283855905031 0.00112236936328153
0.297354037413821 0.00224513724356498 -0.116581471850488 0.039790045452606
0.24005206879492 0.123681277537561 -0.0949675241086311 0.0706833658222834
0.185682705392594 0.233528482472707 -0.140267497496719 0.111107738741389
-0.0254276773064545 0.383303405335531 -0.219040743171089 0.0801292064671873
-0.279615175223014 0.327422083847125 -0.256917079541603 -0.052318723172467
-0.437492000227352 0.0370448875614353 -0.265889086280021 -0.111690507335364
-0.475765487891327 -0.251091952567597 -0.222686918426942 -0.070651476247266
-0.434217887513162 -0.361029720046269 0.149186403900789 0.0301074782519465
-0.509559020227044 -0.197927096061619 0.195259104099504 0.279402983940076
-0.519419950722516 0.173187647325524 0.463801148891525 0.156025945115342
-0.278660603972653 0.426907450992991 0.451663686834798 -0.141061842016138
0.0970096222627811 0.396292832783653 0.153285064160844 -0.342387437044776
0.234637721934459 0.223166887654325 -0.0384598203549742 -0.230947260117263
0.32091964704981 0.10682068914656 -0.0912591008386872 -0.109366811182351
0.322952183689639 0.0100075942788303 -0.0437338194298009 0.00354031881767181
0.337724768202908 -0.00287340123056451 -0.00683195039278719 0.0503303156079949
0.27646985745257 0.120141825328718 0.00801659442495265 0.10120315056603
0.218417837090725 0.237637258235615 -0.0612964905144921 0.164685400784127
-0.00596109965408841 0.409641749627197 -0.168273082916699 0.144611983635231
-0.287671902983569 0.35165075764905 -0.231331145808456 0.00911175636140064
-0.454157536650741 0.0340215989239126 -0.20984807432329 -0.0708926155510635
-0.478817376498859 -0.284408578233364 -0.106174915837757 0.0271906542590435
-0.357414306362601 -0.374810507979689 0.253187724463665 0.183639388802562
-0.466052326919695 -0.267416038793654 0.247308976935998 0.374772486598979
-0.534691420550702 0.0898693462122745 0.437849965003384 0.248790909603538
-0.331033267671127 0.386172371989005 0.450860536099567 -0.0180848852799704
0.0575533872141786 0.401085809110505 0.213077924070428 -0.220983541244576
0.219785047491957 0.232931856871591 0.0649464047788366 -0.143870640814177
0.308060463553611 0.116217717215983 0.0311835464577359 -0.0735226519846989
0.315206753139032 0.0178186968360844 0.0672754447807779 0.00480667137795808
0.329408272257279 -0.00287993458024428 0.105903688154465 0.0553380895640139
0.27260189015101 0.107282960095168 0.109261893555756 0.124566958497721
0.214174677019465 0.220766681924503 0.0151668057643991 0.206394968836722
-0.00959886763942303 0.381980831325264 -0.120120763127109 0.189494613716484
-0.278324096897524 0.316362871467314 -0.2012922795962 0.0506280216171786
-0.416411789810921 0.0030673041764705 -0.147182037271529 -0.0504077701453152
-0.40884956882938 -0.296063320109027 0.0103303207447763 0.111097168872735
-0.224015363016675 -0.309003743745702 0.325048964074198 0.307363542118721
-0.332294440633331 -0.263935423216445 0.275839996610603 0.43041694130305
-0.428849796518382 0.0121592223493807 0.373100291704494 0.302925707150407
-0.297176218976963 0.277104665125146 0.401098151984647 0.0823076662453336
0.0218315075172913 0.322848835810023 0.241449855402555 -0.0970771329727267
0.172780787605461 0.191398315882783 0.14871220856648 -0.0562072325515652
0.24665423371403 0.100299444992283 0.13934879149146 -0.0350492183294402
0.260400558997971 0.0212012664609723 0.165636619745248 0.00526693854685646
0.273346287277505 0.00193324046577958 0.205243835415337 0.0591299466141961
0.232085103137761 0.0912323343517641 0.194266786330177 0.148334606023335
0.176625914273002 0.187910972157263 0.0726855557163303 0.24510693358661
-0.0286849821022699 0.315880792909106 -0.0890961085442638 0.221161775126718
-0.253528842894388 0.235981604765156 -0.181659191316475 0.0767720925110843
-0.337706009284529 -0.0457209288696531 -0.0911637912869248 -0.0374280128172776
-0.279949461175152 -0.281423628432832 0.106371332166026 0.185112571842844
-0.0532775785337834 -0.183239208770874 0.354691645010932 0.368557535728423
-0.146526467051748 -0.192901750500866 0.28877073603643 0.430922090903913
-0.243225636246675 -0.0327485767722674 0.303451836255755 0.306457147510439
-0.192262614852894 0.140932082662051 0.339739791970574 0.135744028584444
0.000940409780476974 0.191234647503474 0.250028698807929 -0.00502600944471931
0.104873100569591 0.114821391563255 0.204366154778645 0.00568771641681083
0.148594043979392 0.0637475243992727 0.217329803287667 -0.00553594444018383
0.164456086354134 0.0185936187057107 0.236496333630524 0.00501304374221436
0.179404928307372 0.0083622657345205 0.280843897779313 0.0656242634548086
0.161991764452327 0.0679714790946889 0.251500421872151 0.174325239473267
0.11742359672378 0.140053298591181 0.105021830448617 0.284470054323617
-0.0469291854653399 0.218288762465123 -0.0834420688572988 0.247985398351591
-0.201802442956337 0.132067079573976 -0.179865286455612 0.0942165809886925
-0.22172417317043 -0.0894936199692742 -0.0500713827014326 -0.02686175729369
-0.115460372397548 -0.232612981424045 0.168921568925613 0.248532198813932
-0.0366808805391536 0.0943417742024852 -0.264160921426399 -0.263648327130722
0.086373628935543 0.0696997961034457 -0.0451703096992173 0.0320961074698461
0.108628007087932 -0.0180759791733083 0.210728217117579 -0.0780544246980204
0.0342639149299522 -0.0870122280758773 0.12066656581328 -0.284026826752338
-0.0410707114592436 -0.0568882293188727 -0.109635343338693 -0.354289509170898
-0.0456814012678831 -0.0237916018399511 -0.304774439306872 -0.245829017376196
-0.0421589251501039 -0.0257775313897654 -0.341785594394148 -0.0760180936606287
-0.0389939182982605 -0.0208958267948995 -0.290120051765892 0.0128607011961736
-0.0238576937493959 -0.025898045808026 -0.268127853472235 0.0116154734133985
0.00531290564869178 -0.0256930801889498 -0.258199607439645 -0.0126461036473836
0.0398044389049005 -0.0220824023439408 -0.255629577474518 -0.0320911755882966
0.0703799572534909 0.0210404781185261 -0.268569207225943 -0.120930559440141
0.0467069183254114 0.101325569497983 -0.255352670369415 -0.261971086288798
-0.043538644448677 0.116751930692889 -0.275638461222262 -0.312823368520616
-0.114034179728759 0.0775900789967291 -0.372908056094383 -0.308938436013212
-0.214630566919786 -0.00600427358993796 -0.202993390863008 -0.261506352865252
-0.0954711234604378 0.0687233595917052 -0.00993151690344976 0.0459585954759531
-0.0243236237620954 0.0956057220046463 0.274474330986989 -0.0739498685472705
0.00914594194329819 0.067757557977295 0.188584147997322 -0.311564793158587
0.0369532807777015 0.0430846442282882 -0.0887495474455336 -0.402640143931696
0.0532289058617913 0.0239263950847775 -0.297240413938301 -0.277374961065164
0.0844656969042239 -0.0101956821181146 -0.343861801630346 -0.0956516864611296
0.0848393490527772 -0.0227712741562188 -0.281785561566686 0.015628089413387
0.101176330704202 -0.0115964801681293 -0.257110390398043 0.0231557945769556
0.094012841004826 0.0497701078702891 -0.23539410207507 0.0082860711159435
0.0791081221373574 0.0975026000959507 -0.237530546459913 0.000481781413921808
-0.00390136092159167 0.166449049583145 -0.261939122218434 -0.0650246723120153
-0.112821283139073 0.170388882358081 -0.26420384528246 -0.19827972163946
-0.214773104799089 0.0577606554335312 -0.300734935625221 -0.241172651492599
-0.275171438211424 -0.0600692961548805 -0.370434427563544 -0.249767308852093
-0.35848630996023 -0.126972517326521 -0.103071075787844 -0.212332037066811
-0.28588350181314 0.0226823931387092 0.0527742252377653 0.0911270680802188
-0.194580892946882 0.186667130901892 0.356444714914626 -0.0399674141577326
-0.0525287261925192 0.236028812280373 0.281995160388539 -0.311191650100773
0.1007626292788 0.169801413292872 -0.0360161714053523 -0.431457435319241
0.145989058905961 0.0872688037493159 -0.248319635896005 -0.292560393169569
0.200098218160349 0.0176516256483515 -0.299288360926858 -0.111598799379767
0.195965258769879 -0.0225593292713877 -0.231007848792581 0.0134876373205683
0.210886912376153 -0.0102624302010103 -0.201229821281417 0.0389211818868675
0.179833948266492 0.0936555186066855 -0.176588621676958 0.0437041411199749
0.139116968295499 0.179990484745637 -0.197955792155097 0.0596448063512539
-0.0208651008781945 0.296814839034201 -0.247177048685156 0.0141307823104309
-0.213006862661064 0.262795709528738 -0.270795657522513 -0.115782197827672
-0.3500440438079 0.0488600622601319 -0.300573175952147 -0.162005066256304
-0.407876747300806 -0.157723565164107 -0.318846346494254 -0.156628201193189
-0.44320423138937 -0.245189584394665 0.0217607960540717 -0.112971832110316
-0.443125770551428 -0.0635275478288317 0.13196451512576 0.168172076096354
-0.372360314233241 0.229169255333379 0.430108254138752 0.0316473443004917
-0.148015555245308 0.377550621997476 0.377510507724028 -0.263157135374324
0.131729556612332 0.296757694590159 0.0427747296701637 -0.415552630794836
0.215827157381459 0.155665863421579 -0.160941407830512 -0.277773532584491
0.284780187732461 0.0518310240269115 -0.212070768239094 -0.113838615458645
0.278173725141764 -0.01976583367048 -0.145874044201622 0.0110241573115731
0.290904736350973 -0.0192843379887846 -0.11105272169237 0.0493263729700332
0.24634827105898 0.106396294569639 -0.0886159814680082 0.0771341397607898
0.197916636103381 0.217548444782388 -0.131282133183432 0.120391320186242
0.000435763723699731 0.380712250544139 -0.210492347956732 0.0935404616491431
-0.253823403654249 0.340538787437124 -0.258480102456787 -0.0361561111535448
-0.427469698558419 0.062978182677135 -0.266438966929542 -0.0967535253133903
-0.484257160569185 -0.217574798128624 -0.223115924462997 -0.0571726245343243
-0.448035383710399 -0.327794138664683 0.152124971991509 0.0229658147617072
-0.515287750614104 -0.165246058492483 0.208477007394968 0.265568616539758
-0.500291114717816 0.200132385303237 0.465131537705691 0.130733554211984
-0.249592613494018 0.441190878720356 0.441281612852655 -0.164054095888516
0.120996711318363 0.383546937801586 0.128849105416779 -0.343441745841822
0.245291408982153 0.205195673527238 -0.0510330283663966 -0.225691713393792
0.324691186800592 0.0811408647111199 -0.0962733251334521 -0.100408629214822
0.318433201437659 -0.0140687405737405 -0.0405601153710475 0.00635791364586878
0.329544315460203 -0.0279690337394994 -0.00244080542215289 0.0519848150844258
0.281345781975695 0.0996734115848947 0.0150240607339186 0.0995188322031483
0.230267109827497 0.219072779961017 -0.0503480375040599 0.168456989807839
0.0208678496496422 0.405850720473538 -0.156934587009132 0.154662549540821
-0.260297245289922 0.363886333368543 -0.229806360275216 0.0242203259907869
-0.444227969370433 0.0624448399906569 -0.210445155753211 -0.0582703857836088
-0.488950572022104 -0.24841582017525 -0.102095196745258 0.0327378011918051
-0.372513919974791 -0.345365232968963 0.263352512012648 0.167980395393908
-0.476337713706703 -0.236317416257673 0.265143714322314 0.355470521107192
-0.520980741332224 0.119499218681543 0.444632072243506 0.224327145223636
-0.303568138586632 0.403857358709804 0.446645706759345 -0.0428374514322516
0.0818901675638631 0.390659859089807 0.194613902507034 -0.228260247018472
0.230877525028153 0.213881706556611 0.0576232980353929 -0.146547640246958
0.312886436118835 0.0933288410672963 0.0259923475163854 -0.074903505743406
0.311408269085072 -0.0058974107886215 0.0672758062977219 0.0010537034113853
0.320539777265362 -0.0260137986610924 0.10737347461126 0.0485335727195504
0.276364977088362 0.0870157060051854 0.114911187222092 0.115119092339474
0.223867562045401 0.203029665877406 0.0272881438257095 0.203811157926971
0.0168266625083799 0.380189212270491 -0.106848875417825 0.194928179942565
-0.251299431844541 0.328255607852304 -0.197924765693004 0.0627113416925109
-0.408038746915404 0.0300138055163621 -0.147655620139343 -0.042521013335267
-0.420296173888322 -0.262745066999015 0.0177504235402229 0.109076220898455
-0.237927188607158 -0.28989815121103 0.339583791548402 0.287087659113901
-0.34318177738571 -0.24127377544607 0.29617263158984 0.409495097121833
-0.421013439190016 0.0370979198319388 0.38383611533275 0.28066467184308
-0.276570121907944 0.293504981982529 0.402556201048614 0.0585118619290399
0.0420644203221436 0.315185328090423 0.231043645706095 -0.10863368540728
0.181123737705819 0.175535159353059 0.145658655814585 -0.0659698928936467
0.250352523658906 0.0810300458542985 0.135452547160833 -0.0441740080874459
0.257232240656141 0.00121576067165215 0.162775105904378 -0.00460446549890058
0.266773393983547 -0.0174192745108331 0.204083778754757 0.0451635380056545
0.234814808341302 0.073876538245715 0.199405862472944 0.13096027120887
0.184356268355465 0.173024735066659 0.0858938669687592 0.237169018018877
-0.00797847631861605 0.314823740412344 -0.0750335276801401 0.2248398126607
-0.23197079810406 0.247735847480407 -0.176166449318422 0.087183210107964
-0.333430690330977 -0.0229127528877711 -0.0919307319680669 -0.0332393442646418
-0.293521404797146 -0.257716977396326 0.116568522347093 0.176247692370491
-0.0629819278125859 -0.176400043435552 0.371956081774825 0.346946129774984
-0.157380718625851 -0.181477240143082 0.309215665237201 0.4088789207013
-0.241199835872255 -0.0188533117404251 0.315115282019466 0.288729902274124
-0.181612081224871 0.152162404159845 0.343944690596372 0.115023201153232
0.0130198353551283 0.186900738761746 0.246512412779438 -0.019943676893417
0.108333698148601 0.103745286776963 0.204831268456688 -0.00944256934933328
0.149812134403337 0.0520956311410997 0.213883293716041 -0.0213785537341924
0.163095386793865 0.0069372729170705 0.23118204843699 -0.00903503344463779
0.174879919982995 -0.00483259592884566 0.277229036347777 0.045948515533703
0.163787772559391 0.0557194696947412 0.256406056971684 0.153575129764538
0.124014045417568 0.130073460770905 0.120326297744669 0.273867834340555
-0.0313412819001991 0.218923569212968 -0.0679847816279861 0.250734921098516
-0.189384058858175 0.140958394660807 -0.17327189598681 0.104027972061972
-0.221553118660618 -0.073326336459478 -0.051883913491047 -0.0250224279643777
-0.127919687159943 -0.220663983365959 0.181828012838331 0.233510380829339
-0.0344964361088022 0.0938825798610657 -0.271596780834943 -0.249840845678504
0.087323794296335 0.0663464728946537 -0.0440041515078511 0.0338236568472579
0.105420518334176 -0.0194193344131919 0.208502874575574 -0.0860040987224025
0.0309013312706252 -0.0863760375306872 0.111303627833538 -0.285712769400762
-0.0416396381194239 -0.0533829237926637 -0.122548674564008 -0.345294307084111
-0.0460469406142186 -0.0200279573724649 -0.314571614563851 -0.227824213345978
-0.0429693487237114 -0.0244865047754152 -0.340559482875975 -0.0601610904713474
-0.0387232270478521 -0.0193090077966615 -0.285465324121014 0.0244215717816962
-0.0242244692539121 -0.0247724286919824 -0.264084623023557 0.0253781555203615
0.00499459282363729 -0.0262160320409559 -0.257682946979414 0.00113743451952152
0.0388633773664039 -0.0241764176569102 -0.254409306952583 -0.0213161719492885
0.0695384191974234 0.0186027238489792 -0.269456496168733 -0.112458698790246
0.0498975187874449 0.0988364431181125 -0.262862756810227 -0.25334663058696
-0.0392108130788704 0.113726723609345 -0.282291312710914 -0.301291550219429
-0.109994119339082 0.078762613704091 -0.381493372945444 -0.29642951175196
-0.21374390448175 0.000883071237984909 -0.208715744585311 -0.25074428280451
-0.0932355780368743 0.0722745854572482 -0.00804661812120069 0.0461913266968905
-0.0219699809181912 0.0972722037384641 0.272134341695773 -0.082820221083591
0.0119738000895694 0.0691916061536094 0.178920609718048 -0.315563462950006
0.0397923816101739 0.0422094981110974 -0.103754839770626 -0.39402445606539
0.054104542254604 0.0221607581848584 -0.307744231322124 -0.260938423392815
0.0834095858242197 -0.0149870662367655 -0.343657341073786 -0.0791826311643571
0.0836552113721671 -0.0268548955852324 -0.276024716724192 0.0260149791398595
0.098975378530855 -0.0159415146754611 -0.251505821266805 0.0367506860666907
0.0958916465924823 0.0452316567155425 -0.23371844171811 0.0204231206010642
0.0830655969701553 0.0928484471350251 -0.236021425788576 0.0105186772205863
0.00282752627085588 0.166580978022032 -0.260611179625943 -0.0556426111423063
-0.105332988284365 0.173869495332522 -0.269637200203163 -0.189071124351256
-0.210998467576853 0.0624925631040946 -0.305175847814044 -0.229389707054681
-0.275488838264945 -0.0510980155698478 -0.374991758174355 -0.236131256655957
-0.360296299601682 -0.112820400220156 -0.107200073620948 -0.205320949233238
-0.282874401865799 0.0330228172540462 0.055194638164766 0.0888304312190546
-0.186699360987165 0.193304348399572 0.353493444082453 -0.0494407162874949
-0.0435529920168367 0.2388373555881 0.27157265670411 -0.318859215982867
0.107274698172645 0.164398865789784 -0.0516661747209699 -0.422760740917429
0.149318622887603 0.0819469573061314 -0.258272073567096 -0.278376260935226
0.199600285212519 0.00664451869050749 -0.300058547538823 -0.095616886292944
0.193766020377633 -0.0324477345179088 -0.224792347385572 0.0221953905143722
0.206688986073208 -0.0204712792655107 -0.195011182576217 0.0502854409093957
0.18292279784556 0.0851022739952686 -0.174019650789172 0.0524333443713348
0.145659389017889 0.171853844904639 -0.194140513039877 0.0684285103960476
-0.00769388219485475 0.297303926616685 -0.243392472869126 0.0232341614654376
-0.199768320901844 0.269066077300572 -0.274106339667431 -0.107183253589821
-0.345057180415564 0.0596964114902071 -0.302951754607806 -0.15172357854023
-0.410426975725154 -0.143041243992889 -0.32189520721183 -0.145075514156583
-0.44735394349242 -0.225683810354333 0.0210851646350079 -0.112413495304565
-0.44293960754062 -0.0464905310430991 0.136754986774012 0.163148719414518
-0.36216116987073 0.240748316391351 0.428468546332647 0.0202853388405469
-0.13355456999166 0.384765455483619 0.369414736638913 -0.274362184896792
0.142374863210931 0.289313641780303 0.0265286766494717 -0.409843362267678
0.221102656678244 0.145696744458637 -0.170781147594784 -0.268691241824285
0.2861775446649 0.0369712619712267 -0.213837624898986 -0.102277555754576
0.274972153656042 -0.0334748766456477 -0.140765923312029 0.0156781693110493
0.28415595857639 -0.0328306646283187 -0.105722538494184 0.0565748231481193
0.249960554919062 0.0940334313760247 -0.0846214325953379 0.0805562384336861
0.205970947954864 0.207135845869058 -0.125846263265219 0.126120765040015
0.0177777905066552 0.380302887299119 -0.20450907708473 0.101734566120907
-0.23712047108267 0.346307759903903 -0.259325919524551 -0.0274182386643009
-0.421423014846944 0.0781219482533366 -0.267646582480923 -0.0880231600855528
-0.487217179944896 -0.197384199679057 -0.222270584977047 -0.0487124742998483
-0.455547124336654 -0.306784887249036 0.155323145877408 0.0181061345731741
-0.517968264944505 -0.145834482156888 0.216096070742996 0.255839443873138
-0.489063796196123 0.215586389874418 0.46551617672507 0.116934289912803
-0.232261276616061 0.45131207734457 0.435361825141578 -0.177923295917393
0.135161980026073 0.37421682441949 0.11397275845849 -0.341997869668726
0.252073083156818 0.193736815209063 -0.0584399710511479 -0.22245139992931
0.326459118962985 0.0639325636256734 -0.0988811356734863 -0.0941557843911244
0.315068358611393 -0.0288567068466961 -0.037508985402127 0.0065418252185955
0.321359501566515 -0.0430432035435286 0.000936061386146331 0.0532816247191077
0.283486512397275 0.0855464852314451 0.0182516212119312 0.0979730907039112
0.237161853562734 0.207536200845348 -0.0429333276014017 0.170109701781702
0.0392372473457702 0.403788020853706 -0.150119403671182 0.160534306674496
-0.241029194645393 0.370488411799876 -0.228494816672161 0.0320329359064361
-0.436762202056556 0.0811964352172737 -0.210045786647044 -0.052166290014665
-0.494476914552542 -0.227099217626862 -0.0990053427705591 0.0362213657706349
-0.381376872962352 -0.328019583423815 0.269460945401711 0.159241823233604
-0.482264894814451 -0.218415380142948 0.274971316982802 0.343975153078919
-0.510339433031051 0.135968813330546 0.447793986667761 0.210955820244338
-0.286785265476334 0.416291513573726 0.44490446593515 -0.0580367964437599
0.0965696715642675 0.382133069783481 0.184200494208605 -0.231031572361894
0.236272876709421 0.202537013147252 0.0533515347988952 -0.149121096838617
0.313900448796471 0.0760713205577379 0.0229821733831108 -0.0738489970054606
0.308197828730248 -0.0209331217573186 0.0680931665042756 -0.00258108050905545
0.312838862219169 -0.0418718531669374 0.10854414078857 0.0442051557050464
0.277773381681446 0.0733958758776819 0.118282487007204 0.107764246951648
0.229624431394228 0.191173443980409 0.0346137993186218 0.202425049923118
0.0335591100542556 0.376471901639258 -0.0988992431885232 0.199570477522486
-0.234067382599623 0.334758897260927 -0.195328077724664 0.0701577661742604
-0.401642672564757 0.0460223532418819 -0.148429051828159 -0.037900207923455
-0.425814422021149 -0.24326263001726 0.0220102480418226 0.107331039074597
-0.244542376293715 -0.277900450809307 0.348986956575938 0.273946907611248
-0.350148756001357 -0.22734767148241 0.307863734186052 0.396257810037736
-0.41562196135397 0.0504106290373007 0.388603959605186 0.269021423735032
-0.263370407556903 0.304919004988585 0.403629450071063 0.0436276161231346
0.0542759308025484 0.309591979975384 0.224424258984455 -0.114063228732401
0.184263178922748 0.165417423614286 0.14501767387362 -0.0730791280108932
0.251485377621252 0.0682061520265294 0.13264674962604 -0.0501193670283167
0.254690664328721 -0.010305806881213 0.160617531163675 -0.0111005816112809
0.260773325757806 -0.0296104733333087 0.202427108479402 0.0367536612949341
0.23525232515707 0.0628665054127528 0.201835176581667 0.119943912331101
0.188976621789058 0.164321040198974 0.0949012237282409 0.232321491378156
0.0069560954395602 0.312326116523588 -0.0665501389890258 0.226951141826156
-0.219127772017308 0.253680351040071 -0.172570356122291 0.0944731441668718
-0.328798711998701 -0.0100836368421641 -0.0927464929597831 -0.0302498072761832
-0.3001398177873 -0.242313377999145 0.122178855405721 0.169728126064479
-0.0675360250653236 -0.172077376912284 0.3815279855215 0.332667381566698
-0.163073206100895 -0.175093119260477 0.319125726536242 0.395994366682898
-0.239724904949534 -0.0115542447281779 0.320777375588357 0.278582183913908
-0.173830422933785 0.158671711029452 0.347140883711221 0.101330073348361
0.0213784389747408 0.182839540499217 0.24350820267356 -0.0285466292404124
0.108492483455089 0.0972551303580492 0.205390560678149 -0.0190444791471108
0.149758652126828 0.0449449251444854 0.210453657954351 -0.0318268722364433
0.161955724253585 -0.000972933568771733 0.226983089751648 -0.0180122701004393
0.17099804922542 -0.0120457299916761 0.273663185217951 0.03405842049226
0.164289363256266 0.0473296445211783 0.25842145716928 0.139094561490713
0.126974383910836 0.122997798993662 0.129205841656256 0.266832032786358
-0.0208969605518603 0.219210453297191 -0.0586531916026441 0.251517952419158
-0.180925968219405 0.146233050053665 -0.169012978584761 0.110141222038088
-0.219967223415432 -0.0638929513958146 -0.0534285124642815 -0.0239591406231041
-0.135677543398561 -0.211380682368876 0.18898142075461 0.224421389371637
-0.034647375941417 0.0945579033249254 -0.279890583289383 -0.24424109971856
0.0886178231003562 0.0645577273889263 -0.0449118670464108 0.0367508007554793
0.105496080249657 -0.0198098912276098 0.210290198965704 -0.0922565706756091
0.0286701678396142 -0.0875475350094613 0.106361966760579 -0.291608141429722
-0.0415166287915129 -0.0513683372795562 -0.132865472703289 -0.344645583579547
-0.0461294593916591 -0.0174685680157575 -0.326456890995789 -0.217381932125178
-0.044486373043848 -0.0236953895646863 -0.345797682878712 -0.0481313801290279
-0.0390937734020373 -0.0184438001615347 -0.28623266862495 0.0328062745868728
-0.024319554834931 -0.0246592764702788 -0.264973542944353 0.0354229345175054
0.00524257440264196 -0.0268507144818295 -0.262017322752434 0.0119304899340075
0.0388961172526534 -0.0263511918223911 -0.257995886401655 -0.0145009085313603
0.0704660773670882 0.0178385699084782 -0.273739385213056 -0.108932237465446
0.0534336210156548 0.0981378189863704 -0.273636017605318 -0.251672356522368
-0.0380679442823146 0.112373497812625 -0.289630827557297 -0.298376221616976
-0.109340068962995 0.0799152263273586 -0.392745512051148 -0.292941911878601
-0.216942962581952 0.0064889170128697 -0.215670647301417 -0.247293138575102
-0.0937602775683572 0.0752683007799197 -0.00857395422671254 0.0480797195438291
-0.0195453814467652 0.100899168245947 0.275069902930697 -0.0890711121107174
0.0136396241058212 0.071510476447908 0.175510565425585 -0.323762045178137
0.0424029714114038 0.0424860223365438 -0.114928468833264 -0.393296500416259
0.0566136610949584 0.0225890925555339 -0.319563072941837 -0.251460685369503
0.0833034837633632 -0.0192596623804878 -0.348773672558153 -0.066157024346176
0.0842772098734321 -0.0320085577113464 -0.275384745120611 0.033565648593598
0.0993284426347887 -0.0196204863873182 -0.251551805854671 0.0477166374854691
0.0997976876199473 0.0426750971054936 -0.236364213968915 0.030519566049942
0.0871774494970752 0.0908351973649292 -0.238266199959822 0.018647786741942
0.00753968337086565 0.170201674571322 -0.264111709953453 -0.0515486828881083
-0.102031854993474 0.178133226570707 -0.277894124389018 -0.186767363105053
-0.211868287280434 0.0652362493325649 -0.312896971677561 -0.225971504342069
-0.280084387986743 -0.0465510086498312 -0.384847939088802 -0.23196245068659
-0.366663218720699 -0.104694815594134 -0.110900796268005 -0.204842360126905
-0.286278435080563 0.0408370272717351 0.0571316285714691 0.0886278687057212
-0.184410184959053 0.202437616517315 0.357874221622179 -0.056669625417042
-0.0370869759577552 0.246799696293022 0.269987549870246 -0.329535322727352
0.113968067098425 0.164144095140524 -0.0638976467800682 -0.423285058754223
0.15492881531132 0.0799995121594948 -0.270597178557765 -0.271899640449317
0.201636426905024 -0.00141293637283361 -0.30445677999136 -0.0843048284299717
0.195832179289137 -0.041238889153642 -0.223373719655677 0.0278691481101674
0.207063997465023 -0.0281669441119013 -0.193321643071101 0.0586121020913473
0.188967049400389 0.0802314731380674 -0.174388165932679 0.0603365521073567
0.153111430576542 0.168771351585144 -0.194445362626563 0.0762153124874241
0.00265561740580755 0.302668833749649 -0.244752758895202 0.0297221254057156
-0.194344686802159 0.277436848149476 -0.281162639424829 -0.103203763846527
-0.347806211565585 0.0672461427472773 -0.308353098123861 -0.146987401062487
-0.418283539804227 -0.134367540197531 -0.327580109871498 -0.139661528072367
-0.456672696895493 -0.217216108753376 0.021339318111514 -0.113777895219051
-0.449603402857479 -0.0366000416538447 0.14099739187996 0.161375891563281
-0.360479184733432 0.253157060002619 0.435253616272056 0.0131555591736369
-0.125272894182741 0.397034329559974 0.370113869672375 -0.286902880016249
0.152620880961047 0.288206556888968 0.0165264778614365 -0.411340692302303
0.227923624797739 0.142467363129063 -0.179632969194642 -0.265988953450698
0.290536450258036 0.0255872703281541 -0.217839445844216 -0.0940263126745639
0.277501419529036 -0.0452191538158821 -0.139105750486784 0.0186181338101022
0.283460337041193 -0.0432982918457251 -0.102673081553558 0.0622877969923154
0.256907889125122 0.0867673742664267 -0.0840116789490863 0.0852475162399137
0.213735204043949 0.202269934496561 -0.123549168252818 0.133609187723986
0.0314237050458625 0.38607079213771 -0.203218461731409 0.108685597868981
-0.228825653609386 0.357617115263509 -0.26476266184076 -0.0224440159590636
-0.422200117154931 0.0887200174226549 -0.272009058969807 -0.0838166321198519
-0.498488001979094 -0.186179987349632 -0.224555880020328 -0.0440989351265371
-0.464479289233714 -0.29842850468464 0.15910324892949 0.0144425318748711
-0.528478185546844 -0.134102820899229 0.223960595487276 0.254219952625081
-0.488542770287491 0.230649031891105 0.474750632763713 0.111430563612841
-0.221706658364799 0.468257864070797 0.440089633428926 -0.190875173675979
0.147655380280042 0.374087745205779 0.107221903199175 -0.344605438061855
0.259463839672582 0.189037436955347 -0.0639350489297813 -0.223723330784596
0.332323648645721 0.0523404148578222 -0.101221614280589 -0.0902981894728668
0.31778828475651 -0.0421987648024096 -0.0358882593839944 0.00655033244060392
0.320818544155612 -0.0539756620476129 0.00442785383071321 0.0548534030270142
0.290165331869461 0.077197168315629 0.0208239588201588 0.0980510650454973
0.245029475341006 0.201688755645428 -0.0389422299545611 0.175676377262263
0.0541590602951725 0.407217240535639 -0.14704803504801 0.168498662331033
-0.232477867878422 0.38203040663832 -0.232071040797607 0.0376945923184516
-0.4368458531011 0.0913311114715566 -0.214389934038626 -0.0489832187842026
-0.502928546180974 -0.215531464467214 -0.0982362948182099 0.0381747503197941
-0.391905504573802 -0.321681540842009 0.278324454921594 0.154947870294668
-0.493272024739477 -0.209814104761296 0.285274156713473 0.341040128963513
-0.513632711759249 0.150793616944412 0.458477152870524 0.206744761436952
-0.27835149757048 0.432299393396738 0.451717740722817 -0.0694339185532488
0.109258065500222 0.382529372881697 0.180127469849389 -0.234822106872707
0.24355310231053 0.197659108567558 0.0517621323372151 -0.153703869251164
0.320348462720139 0.0642551760660954 0.0218637863855768 -0.0748427219151205
0.310630879149151 -0.0331495653231377 0.0696194565386267 -0.00526539932882076
0.311891354708927 -0.0529813374706609 0.110957592113783 0.0418699648701424
0.283339520642467 0.064743871099604 0.120903282592257 0.10480277058564
0.236069974630546 0.185716722356887 0.0409692115988774 0.206188788528764
0.046816731973814 0.381352221365691 -0.0955066708393791 0.206438536867757
-0.22628593525424 0.344166497605187 -0.197215826202331 0.0759639433159478
-0.401960690273019 0.0568479238376087 -0.150883680002226 -0.0356178392863176
-0.436384634121675 -0.233910094612641 0.0262365651858837 0.106804158193947
-0.252872995561506 -0.274732840881467 0.360469328749461 0.26990499677158
-0.359721483130845 -0.220874386458056 0.319700190587009 0.393574546752557
-0.419140423373451 0.0609438642115816 0.398248216651478 0.266426882858694
-0.258145096945389 0.318163178259175 0.412138555387326 0.0344839504288829
0.0637947628590036 0.30954132124735 0.224719597183076 -0.118989091736766
0.188530225798943 0.16130965747927 0.147064158517903 -0.0794341727376803
0.256345584453958 0.0595265803606371 0.132454319524994 -0.0551258304248539
0.257036824783844 -0.0210605329112247 0.16188212346097 -0.0158543570700849
0.259899389470274 -0.0387373070653259 0.204175335333646 0.0308538361622133
0.239912768164656 0.0551648660019602 0.205143649198136 0.113421518337842
0.195278143217642 0.159460242799786 0.101529294962591 0.233389461176278
0.0170634479017271 0.316978248982321 -0.0612530601291185 0.233094226044404
-0.213032915714539 0.261772106909201 -0.173419243883364 0.0991276177897858
-0.329623275683917 -0.00171000544165515 -0.0954959900180856 -0.0299037774153692
-0.309620765273896 -0.235448087458088 0.128751334004964 0.168195234673784
-0.0717118713506955 -0.171334689030663 0.394477539698472 0.330173153287377
-0.169213324626203 -0.172514738706558 0.33045646199497 0.393090584941061
-0.241652310984035 -0.00509734201079989 0.329742017950791 0.276672764661477
-0.17119384774725 0.165949877473173 0.353853684838113 0.0938222401031048
0.0256850609576737 0.182926827532517 0.245877327420898 -0.0349809904543759
0.110167923961563 0.0937586834808563 0.209620374264056 -0.0270117365988855
0.152800633739404 0.040012826491009 0.21152805411399 -0.0396214482220552
0.162793237257945 -0.00628069139957908 0.227904063397701 -0.0249593237941774
0.170925517730901 -0.0179893193988803 0.274871599941246 0.0264025457939487
0.167170948183662 0.042717811502151 0.262364468275289 0.13042887806089
0.131127966349192 0.120813357533099 0.137055304319153 0.266639362374251
-0.0145524463995003 0.222690432901953 -0.0533536873022675 0.256379520793308
-0.177186912747169 0.151714804929509 -0.169914215557006 0.115337940055789
-0.221183927929846 -0.0588954160783197 -0.0559384348748886 -0.0238664395037835
-0.142880327712084 -0.209085683254112 0.197852100243729 0.220597804804214
-0.0342884743390235 0.0985914588539042 -0.295949183078111 -0.242547162790166
0.0917277808014072 0.0630458473212495 -0.0465087818825143 0.0414564722866196
0.109112681782748 -0.021969936275473 0.216795465680798 -0.102654889996129
0.0266177983246825 -0.0900648004923092 0.102800282166523 -0.305372220006492
-0.0428646229048141 -0.0503976179449862 -0.149462248141598 -0.351155900542917
-0.046775571711514 -0.0154754258896912 -0.34612696599642 -0.208109654566386
-0.0472103428805991 -0.0220082781004263 -0.358295526490529 -0.034901717985734
-0.0407231062076363 -0.0187306793556306 -0.294069005906853 0.0436470562950987
-0.0253071707989145 -0.024197143751838 -0.271196244545759 0.0488982202694952
0.00449683648555924 -0.0280899740489879 -0.270653562532687 0.025587443888984
0.0391638917381601 -0.0291094572588132 -0.267095984822385 -0.00594511435701174
0.0728390141081909 0.0170654000501277 -0.285990708601461 -0.107112183388144
0.0582450844918893 0.0999436092674013 -0.292883359119121 -0.253541000496075
-0.0383388382148893 0.113252517540678 -0.306511446259696 -0.29954221069675
-0.111791290681671 0.0845001809068507 -0.417140982887593 -0.294031811915675
-0.225660473410617 0.0137555898493527 -0.229220325249211 -0.249189133711523
-0.0948904301377837 0.080887834524063 -0.00890915533086575 0.0517647940646611
-0.0170951437369228 0.107903909747458 0.283855738731407 -0.101433484188532
0.0176586553925411 0.0769179212693093 0.17299471068308 -0.341431767096686
0.0465123113092142 0.0428205505262343 -0.132698148254352 -0.400308686718389
0.0616158512730723 0.0223545838145443 -0.341598332073478 -0.244961720359025
0.0848746864908041 -0.0247596989594281 -0.361020884159594 -0.0523292788529818
0.0865260869281953 -0.0379715543278033 -0.281815310067995 0.0434062099027975
0.102109233064078 -0.0245307723131647 -0.255654716952333 0.0607466166427674
0.106304306366025 0.0397551296361293 -0.244253599899812 0.0437481840281056
0.0937641889284406 0.0897833870373646 -0.246101657179178 0.0285069158813673
0.0148654452711402 0.177668425497362 -0.274350343144474 -0.0467850393046758
-0.0981548595562667 0.187752256825317 -0.296295923793433 -0.186079315295708
-0.21934852759806 0.071645645826278 -0.32859339350568 -0.224030195559405
-0.292520857358624 -0.0405216413388006 -0.405643380079271 -0.230592915718885
-0.382959551166034 -0.0965779857981513 -0.118647975253154 -0.208790886261814
-0.296018050021883 0.051850256922898 0.0603860575760736 0.0911624320273941
-0.184376680048402 0.21720868008597 0.371175103569765 -0.0688446813621268
-0.0290054594268417 0.261060400409582 0.272380871373283 -0.351208759160445
0.124607235943876 0.165644980788401 -0.0801726316177878 -0.433273082570379
0.164556523246804 0.0779149438285821 -0.290134237124682 -0.268725824113578
0.208008125060313 -0.0111035231416063 -0.315542763789158 -0.0725549064174632
0.200703842386796 -0.053360002539784 -0.228286244332375 0.0363176264245515
0.2122939336235 -0.0369206420745978 -0.194502627879513 0.0701303329107276
0.200766340290736 0.0745839758588887 -0.179261188171162 0.071514590761843
0.164751511740738 0.168915311155786 -0.198180466944542 0.0876847355477699
0.0153898759311089 0.315436403324188 -0.252167940498436 0.0382912062518994
-0.190110261504092 0.294533090457162 -0.296201799160904 -0.100019607788706
-0.357616247820458 0.0783396560217411 -0.322763528349017 -0.143130944259229
-0.43782921106473 -0.125280913705 -0.343083383960746 -0.135849370809993
-0.47740942329007 -0.209954673235466 0.02019811490493 -0.119989058636219
-0.467396172635455 -0.0224431176280111 0.149687747780474 0.16304906711698
-0.365047885988919 0.275392077804301 0.452353283816195 0.00269480822842172
-0.114356360493382 0.420890476558085 0.377463197720126 -0.310348544205837
0.169530507815692 0.292680017569923 0.00345593870415062 -0.422649821112825
0.243264968608872 0.139711596421067 -0.195345997596968 -0.267926100775222
0.301222697287908 0.0124472895232649 -0.225987722893234 -0.085735126802328
0.28471797282931 -0.0610493013210761 -0.141111469745134 0.0223075365956294
0.290218452464218 -0.0565089834237996 -0.101052583476547 0.0699177075700711
0.269971437237594 0.0786340988929497 -0.0840590996660039 0.0927449850880022
0.22906368497345 0.200753030744516 -0.122053685729558 0.145142994779477
0.049623316715127 0.399984590421949 -0.205676224198604 0.119695248941534
-0.222696913114657 0.378979985974003 -0.27612872829546 -0.0157117120476067
-0.434168567255474 0.10437398035185 -0.283909752511448 -0.0788772711855692
-0.523019104340297 -0.175250690940364 -0.233249870720275 -0.0396092890707452
-0.487833799280793 -0.294203648706995 0.166843319033467 0.00881575559603016
-0.551805103529889 -0.122801421192979 0.237991495881228 0.254740447021196
-0.498730016586628 0.25555054965179 0.495851599546855 0.103701523947927
-0.21201523003344 0.497474100121342 0.452718428318229 -0.214186758100641
0.166793491669786 0.380234748068863 0.0996797978049832 -0.356407938209486
0.276449037742871 0.186529962262233 -0.0736486846386979 -0.229261626292519
0.345780053299484 0.0375648408445386 -0.107340617751388 -0.0874311787168363
0.327368448144989 -0.0599747977369384 -0.035533398789532 0.00644717980379214
0.326514420421659 -0.0687504353326583 0.00831929503272851 0.0574657749378159
0.303261830833163 0.0676312368196573 0.0238873413274857 0.101149305383641
0.260473697860453 0.199030005015695 -0.0333478435534591 0.185455176230394
0.0739663429898376 0.42249741146406 -0.145273126209928 0.180354967365083
-0.224337154436085 0.403298828979192 -0.240869773400581 0.0457653548245584
-0.447438244262832 0.109047535552998 -0.22384903908858 -0.0450166407166289
-0.531124658333957 -0.205084229549097 -0.0991682451805089 0.0423187900029574
-0.414661502705971 -0.320808944533653 0.293581823512258 0.151083929601549
-0.518347950150242 -0.201448126867372 0.304863425933916 0.343685807092254
-0.527513680052538 0.172848554438159 0.481418224218649 0.203815962072674
-0.271804248683435 0.46190256870544 0.468414759847977 -0.0886310245505321
0.1276104685005 0.390673396752849 0.179572086605972 -0.246555249991076
0.259104556386343 0.1964684245203 0.049876228217972 -0.163064455587287
0.333943554060783 0.051928563655436 0.0204963686644561 -0.0771583804912918
0.320357629667627 -0.0500302545522165 0.0723909947427453 -0.00955579440519014
0.317139894661821 -0.06666172799174 0.116830520961201 0.0395161923232188
0.295033863469206 0.055081362181717 0.127791128966563 0.102897443400607
0.251161425517738 0.182269418611841 0.0507020792392586 0.212671352456344
0.0653112431386069 0.393768470782854 -0.0907475808916042 0.218109307540107
-0.220758948151372 0.364272785445513 -0.20373583102287 0.0845579861265353
-0.411162134385599 0.0719507806167235 -0.158967758755211 -0.0333887519979728
-0.460985510014747 -0.224974162695746 0.0321393974500843 0.109217857594863
-0.269800420314564 -0.27615285482459 0.382067958304757 0.270134337014852
-0.380929910090369 -0.218283946507689 0.342144223991401 0.397820360269678
-0.431821563493603 0.0773150092193766 0.420412383627193 0.26554808813165
-0.254244524435504 0.340667570742715 0.429011643574266 0.0204671231123144
0.0776159075634388 0.31672028861102 0.22841905699555 -0.128809456662763
0.199571954568856 0.160318713479625 0.15105189109353 -0.0902718192597189
0.267659394493205 0.0500750392394305 0.13470000510759 -0.062363478156035
0.264818677831122 -0.0333893390053173 0.16630069855722 -0.0229652732981262
0.264522894380689 -0.0507934791787643 0.211984343215032 0.0244678901781781
0.249890969822441 0.0468629349593705 0.213509912722718 0.108326288113595
0.207155263235871 0.15750865611728 0.114302809444744 0.23896925006174
0.0314359803965374 0.328169449365431 -0.055589417233695 0.243975972321902
-0.210284231221848 0.277467067836743 -0.178346853447848 0.108552664737381
-0.338282939716993 0.00941124672112419 -0.100754660497262 -0.0296658255027236
-0.329437178702908 -0.230954057924149 0.140527928139675 0.168538982046193
-0.0793382915314747 -0.175099650640875 0.419140996840037 0.331566794634206
-0.180596160217442 -0.173333696738663 0.353171030930417 0.395768257120797
-0.249653440117798 0.00266167595575655 0.348609728326318 0.278521626115032
-0.169647539428056 0.179184946962845 0.369807067077327 0.0839060848767865
0.0336867990412429 0.18689603652431 0.253552455405036 -0.0437210242808611
0.114259528395595 0.0935194048481949 0.21846479324161 -0.0388252968089301
0.159031324321621 0.0349733817449079 0.216476214762885 -0.0503016345277261
0.168518788007391 -0.0141609806303805 0.232922501482078 -0.0336824078591201
0.174834698205822 -0.024968646367105 0.283281941756283 0.0165933720985694
0.174438276326808 0.037668462891566 0.273077466895171 0.123741825071196
0.139257795113184 0.119337744276779 0.151677327906878 0.272000596359373
-0.00606063702799907 0.230926232226358 -0.0472075376372025 0.268261036601097
-0.177768044957694 0.163069172361004 -0.17265724040472 0.124032276767873
-0.227620974974973 -0.0537846919492799 -0.0599381068609615 -0.0248991496708597
-0.155978494729065 -0.209216188749752 0.21239009636432 0.220664321721654
-0.0272203341864112 0.108234271766811 -0.334889949232933 -0.224746605178619
0.101194807900334 0.0517923306123981 -0.0486671070041331 0.0573259190331727
0.108851835353818 -0.0415976416783757 0.215205452235158 -0.119360003109861
0.0113504857509113 -0.0995873644295801 0.0814803192775024 -0.323389683735014
-0.0554585956546717 -0.0474845125775486 -0.192342364353863 -0.347712631551542
-0.0541493506517897 -0.00607675001709622 -0.380076839418153 -0.173437422478672
-0.0548046346275393 -0.013798070948321 -0.368415084834135 0.00887472211872426
-0.0446050414087526 -0.0126727633625275 -0.297577316506589 0.0813562849434668
-0.0281989573053605 -0.0219934881651774 -0.27904081117452 0.0868226378875327
0.0025601105713827 -0.0327120136265546 -0.285219684766123 0.0641453713593243
0.0367858547830777 -0.0395940330296918 -0.285375028055547 0.025995232776243
0.081773412790259 0.00419120115143646 -0.321917762003155 -0.083192657796402
0.0799340898946836 0.0907900939814379 -0.346019565167876 -0.241000293490168
-0.0216145704755033 0.118520695272226 -0.352560159711912 -0.291255776839107
-0.105080262312048 0.0960861898660789 -0.460584381072034 -0.27492156416824
-0.23261063766313 0.0509407555324453 -0.258349295893623 -0.253569022479331
-0.0859781064947288 0.0973564169333062 -0.00948095517624362 0.0513242796923506
0.000863958489934478 0.109410099065606 0.274384104206689 -0.136800205950231
0.0306686108513247 0.0719119834483435 0.136550376278312 -0.372350907192284
0.0472574530580753 0.034754948294646 -0.18532900355952 -0.393993874913799
0.0613609576807843 0.0181494628952912 -0.381101344511841 -0.20687906356205
0.0806918908285213 -0.0385081121352985 -0.379164201127202 -7.25053322562557E-05
0.0827320872949138 -0.0496024895377236 -0.283293089425936 0.0806294255001884
0.100875734156746 -0.0406975594449592 -0.259800945815843 0.0973631503762945
0.117116104272417 0.0235998843937378 -0.256335930824252 0.080068676423601
0.109384212489151 0.0747685378208109 -0.2604859278964 0.0605656891976239
0.0456393644190803 0.178630922656827 -0.302065902662606 -0.0257210399168726
-0.0715367041285291 0.203202052491437 -0.336683752591829 -0.175248588954817
-0.219104253146443 0.095484186818499 -0.359062855145632 -0.199350764130626
-0.313681946512039 -0.0157607637230351 -0.437955341987 -0.193904008938913
-0.406782355851272 -0.040024464930974 -0.133143261422487 -0.234681902817988
-0.291691047034369 0.0952243726649617 0.0673373059630652 0.0717464401311784
-0.152578026992149 0.246473177811543 0.359484220917086 -0.128405788057732
0.0139439369029526 0.267203005909194 0.223623260327504 -0.399608566177553
0.144693902704765 0.146581643522204 -0.142474485740519 -0.42764707418671
0.174528652718831 0.0607157595250907 -0.334675727539808 -0.233163567759225
0.209549740064019 -0.0464671135586462 -0.341078419342633 -0.0202693476063123
0.197584685703756 -0.0798355762116205 -0.227708358881131 0.0669086449959385
0.210824369625952 -0.0702665933264592 -0.1941081600853 0.100319941084535
0.218134322458165 0.0457837847491969 -0.186015997243836 0.101743308111364
0.191150680722216 0.145649176545438 -0.20534651172367 0.11824036097949
0.0652664906278168 0.319596106337457 -0.269979037668404 0.058304947139886
-0.153541069816925 0.326006707604815 -0.324763985729537 -0.0890031797702519
-0.364456562354974 0.121444021082899 -0.336979825222561 -0.109851512933742
-0.479327819588491 -0.0872420983712484 -0.355141065621363 -0.0887102019079229
-0.516270963684126 -0.14020923417389 0.0280003834920478 -0.162565392495348
-0.474531883019473 0.0436666020031051 0.172538147463599 0.125789055206229
-0.326675910495167 0.33277631567821 0.447541512055287 -0.0788101751720508
-0.0448852173250751 0.442377341847953 0.325678142359508 -0.380718993972457
0.209444688691937 0.267879810838872 -0.0635891165816552 -0.421776396712407
0.263034803000755 0.113542616603061 -0.239268652927978 -0.240518123879142
0.310775321676294 -0.0368507384112386 -0.256282050938674 -0.0413684546853368
0.282560789402299 -0.0987525387092244 -0.138693332444509 0.042693738330912
0.285768896261696 -0.100296594897526 -0.0946596327971711 0.0868391250063604
0.29022787574464 0.0408134825721931 -0.0847573714096294 0.112367201552695
0.260366793950392 0.170603855812244 -0.119747753174064 0.170449016227872
0.112252196574846 0.402533901089959 -0.214221374215563 0.140334257097576
-0.17638002547625 0.417853344966314 -0.293745570866689 -0.00647041130370175
-0.442068791168322 0.159190585027563 -0.285167726583672 -0.0447975884823904
-0.577328485278244 -0.128233157620767 -0.226223085377518 0.00865933924162949
-0.536448655021336 -0.226285073477119 0.198229214098683 -0.0424730342844447
-0.57278308289431 -0.0464354812531036 0.279355033850296 0.206627555628539
-0.466042259726002 0.333320850944322 0.50576315707224 0.00972890424255354
-0.129781669759766 0.537162527257883 0.40794590282026 -0.298821432458239
0.22055471464517 0.358020773414249 0.0384177824554859 -0.365407632527487
0.304302670534555 0.155192779049065 -0.111032579361946 -0.2153577692331
0.361970195439397 -0.020174469258008 -0.138089276708816 -0.057054674041753
0.325486444452436 -0.103703883665368 -0.0311519542037402 0.0140419691338312
0.321406484086483 -0.118801819541733 0.0175079399686859 0.0598291189209658
0.320693869944688 0.0249114189481902 0.0300768785394193 0.108508858792698
0.291603657079528 0.165081012383701 -0.0200133631416629 0.203871774079639
0.138909162947623 0.422147323382056 -0.143716111517965 0.197663020151547
-0.176431881871227 0.443952412254083 -0.248748712710898 0.0547454761719995
-0.45535185704489 0.166435417728587 -0.217067150854626 -0.0155242688584565
-0.589223965826972 -0.155473983365198 -0.076250341311814 0.0839552055059411
-0.462305570575991 -0.265451331863754 0.344760962222827 0.0999553704379882
-0.549314852379737 -0.132364031074271 0.363291049295029 0.29264770839608
-0.505882564128745 0.253460977427807 0.507548278474419 0.111367619770867
-0.194579405281767 0.510938694207156 0.440302480101002 -0.175226458443746
0.18468534130676 0.373653429612689 0.131683385137617 -0.26291066892725
0.288460047883339 0.165752440274211 0.0241244385240846 -0.162705364232633
0.353075626388256 -0.00266455591306508 -0.0064398727562801 -0.0656096457036034
0.320582234030427 -0.0933534152824661 0.0779293871754155 -0.016205131163171
0.312498816429814 -0.114756412441344 0.128607599197715 0.0276045562827847
0.309959440015018 0.0144667813284513 0.139802948562563 0.096683695636113
0.278595974926991 0.15037210252676 0.0724324676536759 0.223072456238589
0.124232512023798 0.393770491134854 -0.0807542347711903 0.233081597176843
-0.177441419863066 0.403062202669407 -0.204208464959857 0.0938952347267549
-0.420611063918713 0.123856938706156 -0.149803761128877 -0.00966422349501082
-0.51899727280835 -0.184063661351634 0.0634014729539161 0.140951510146818
-0.307944957220125 -0.243270913068368 0.442402962122335 0.226460280308276
-0.408885960638206 -0.16950768488272 0.407695636224183 0.353803082201419
-0.421939254071681 0.140888779484156 0.458608011420161 0.193451334685791
-0.196782588674798 0.384978794723486 0.420497708611018 -0.0549159427553128
0.125397915096725 0.304509260005758 0.201515864328102 -0.151840673833159
0.22420262796581 0.136433158923543 0.139461794101917 -0.103596981276747
0.284784984731309 0.00621438457150936 0.115699705312741 -0.0688025513601813
0.266930437001726 -0.0701477207901369 0.172447827118039 -0.0417966817320411
0.261574281729371 -0.0897177321430861 0.225570090012304 -0.000106727114557124
0.261008854745901 0.0135419256979026 0.23199117943741 0.0905947650425253
0.228701542842356 0.13181113921076 0.144008931337594 0.242094535120775
0.0787352465257739 0.331588446200039 -0.0371679894722857 0.258449143776211
-0.179443171673546 0.312176230403948 -0.173647684627115 0.119933714160062
-0.351839317385028 0.0493229210581746 -0.0941543161237225 -0.010818305895684
-0.380133667396087 -0.203231380466001 0.176283249597615 0.18793977991687
-0.100058655175404 -0.170677539361562 0.477755492977987 0.302988466537847
-0.198816848219928 -0.152889852518218 0.41602992730681 0.363792588709959
-0.248008575537993 0.038357015681558 0.390748781318012 0.230239728882542
-0.137317022216153 0.20616069311934 0.378355950775636 0.0267937437902599
0.0628256459700304 0.179374559537964 0.245171698696627 -0.0717902664609119
0.127985918805589 0.0784184076236694 0.217638517598666 -0.0629197660157972
0.17003101240382 0.0084768212697661 0.206634117534953 -0.0731675243476946
0.171306794380504 -0.0378274884060159 0.238430045891523 -0.0612950990136634
0.173089100113026 -0.0506857864956701 0.298950438321783 -0.0165497973521221
0.181376138182072 0.0146499651259009 0.298010471580108 0.0998276364015954
0.153961884003432 0.103631223803065 0.188824712526599 0.270065714169789
0.0249125833476954 0.237752287545622 -0.0239357557611963 0.285105849847795
-0.162196838297783 0.188151319436699 -0.165157025719042 0.142638731986006
-0.243855755701418 -0.0300012415617873 -0.0582769701421047 -0.0113384657532022
-0.193341503771963 -0.198720605222233 0.24852392553297 0.228108961772805
-0.020243904097417 0.114025924364948 -0.362181900349539 -0.20221987560077
0.105671250492161 0.0445157007347417 -0.0442495982930047 0.0680251328005508
0.109134268377194 -0.0511600413054138 0.21393612372996 -0.142421115580404
0.00295246623416959 -0.102474917371279 0.0577785104131923 -0.340489412143064
-0.0589875264207856 -0.0427388139765369 -0.227536293992601 -0.3393525364721
-0.053908559216266 -0.00134588126425558 -0.40318553676361 -0.137617892895469
-0.0579889200128692 -0.00847637447603224 -0.375198583331769 0.0449231645774516
-0.0470987907702984 -0.00892769576115192 -0.297445771335573 0.110954047926602
-0.0304914380099456 -0.0201543692918847 -0.277204174067964 0.117012547273615
0.000146845668630307 -0.0340966351410983 -0.2853340204617 0.0946952638594956
0.0338611616654276 -0.0439838048059064 -0.290952967016365 0.0517704171054628
0.0849673180794867 -0.00167594213897893 -0.338897580835785 -0.0593004673882929
0.0896897990191751 0.0852027908175442 -0.378023744931295 -0.217386227604637
-0.0168089844546574 0.12234530504961 -0.383027300962432 -0.270924785238191
-0.101103632035689 0.107739313796157 -0.49901280863614 -0.245306927436952
-0.236069808695287 0.072085140523071 -0.287433345678882 -0.239162323782372
-0.0810267246425546 0.107157360117897 -0.00557447335493549 0.0570708310478616
0.0112126188174456 0.114307751059621 0.27367555911473 -0.164825957178375
0.0401013181041411 0.0732671166563325 0.11022947789707 -0.395867998773129
0.0535788995488088 0.0316350006337918 -0.223483671997128 -0.386493528188254
0.067626773876649 0.0131329577453332 -0.407363833277842 -0.173558163453366
0.0784765782231002 -0.0480352329324199 -0.385325077164652 0.0361776132491418
0.0793597373423684 -0.0609689462512088 -0.282301206450162 0.107731727735635
0.100755198080298 -0.0524288943211609 -0.255552455911959 0.125756876172642
0.123018500815852 0.0122697956304936 -0.254042884369996 0.108868564525071
0.11884406811045 0.0668425083407634 -0.262584663278517 0.0856715297861795
0.0642961750583887 0.180931193206128 -0.313602949522742 -0.00264451217741241
-0.0546191128967368 0.215031992534678 -0.364145499335263 -0.151084635053209
-0.220484644727234 0.116140915815503 -0.383732524202543 -0.175844885511061
-0.325518045872745 0.0113386287114607 -0.466492761468956 -0.163910589957986
-0.421592611875093 -0.00500785695106602 -0.156300900445952 -0.230981856752544
-0.292565949724888 0.12429598304971 0.0743304868633102 0.0709838498126617
-0.134499238260653 0.269255043054969 0.362077404934059 -0.162013488923354
0.0426582498546565 0.276021869990071 0.196845830183965 -0.433399312385214
0.162242962991937 0.137524492838057 -0.181602810842397 -0.42335698331355
0.187455765201222 0.0465373152227168 -0.363047135068291 -0.206531027987867
0.209810839112988 -0.0687336716420004 -0.346702162677811 0.0123318926132689
0.19347991155507 -0.103705479598267 -0.225874636154183 0.08852295081704
0.209346022896547 -0.0926068446029615 -0.186573455833116 0.121623784428403
0.229377406613305 0.0257517231776616 -0.180629370770909 0.124345592352899
0.210101381111754 0.131129460752676 -0.19897339692352 0.140914058261991
0.0994533907187924 0.324818279811563 -0.272950705893292 0.0828051223560427
-0.127442804886753 0.348839084197966 -0.345191833238569 -0.0628317592331498
-0.366670660272383 0.155260812113591 -0.353593519953547 -0.0851508233340028
-0.503167552249753 -0.0479289345998355 -0.372174040850154 -0.0622794904156832
-0.544196025756339 -0.101863975532091 0.0150189587537716 -0.169741462287868
-0.48510520189473 0.0863146159296701 0.185546282171325 0.116147111758482
-0.306311669270162 0.373740213231545 0.456173270611103 -0.118568510074282
-0.00147850378982513 0.462479410534307 0.30244099479041 -0.421915773527154
0.239488517847222 0.256783499433856 -0.0987061726775154 -0.426335326064471
0.283475352778933 0.0922820708429654 -0.266208477169341 -0.224926714008629
0.313826673051062 -0.0703272577866535 -0.262048554524838 -0.0171564949659684
0.279664958014013 -0.13245739226571 -0.1376043178797 0.0548283311146811
0.283758729632154 -0.130936369304892 -0.0875685458434995 0.0980585266344833
0.301671066511617 0.013941418771718 -0.075513755329393 0.126324912861404
0.283004698308344 0.150672814302522 -0.105649054975451 0.188157715701551
0.15539516994985 0.404749996566331 -0.207031013595333 0.161644878987187
-0.1420305214211 0.446865202451491 -0.306847583709242 0.0191521732271556
-0.441218994054102 0.200823766955608 -0.296991907813672 -0.0227083132469552
-0.607102007945144 -0.0781399321603831 -0.230002773148156 0.0267918401520135
-0.57108402421506 -0.18836681529356 0.200301585418163 -0.0602256203319305
-0.594471923567016 0.00123462966329409 0.302568947504725 0.188712824129909
-0.449703494196395 0.385693843276038 0.522341606420919 -0.0310657971519016
-0.081607869995683 0.568729764893537 0.393822812677481 -0.345559809417191
0.259548726764665 0.346562824839046 0.0105871314277356 -0.376202541497035
0.327946854509425 0.132528085366506 -0.132323612416722 -0.212509343191
0.36835267265964 -0.056512396634851 -0.142346712121438 -0.0450364365176444
0.323529966498016 -0.141936966603568 -0.030509103872249 0.0152970519304585
0.317559285103951 -0.1523398329329 0.0250933592140734 0.0594083027818289
0.331207859252974 -0.00522938324441878 0.0401922451971863 0.109958995452415
0.313558110453218 0.142897107367533 -0.000468983385446117 0.212835978650183
0.185295568352282 0.420627398877301 -0.129546714814604 0.216617061577863
-0.139751414673299 0.472311295977813 -0.255098031032472 0.0794877935232255
-0.453114243180822 0.209164781899217 -0.224533675847132 0.00285563414436474
-0.62065554183999 -0.10506448040828 -0.0701481370593327 0.0910034495694894
-0.498146955893234 -0.23416083813352 0.362798926280195 0.0742310444383447
-0.576557356790385 -0.0885356823721982 0.395441173396101 0.270687389738502
-0.498178498567505 0.306333404668538 0.533061206093336 0.0745338524338336
-0.150774736967216 0.545778782941043 0.436854305090399 -0.220645665238223
0.222216357280621 0.365182054303376 0.115192628866169 -0.279277991921051
0.311779683138393 0.145132010827795 0.0109812768197957 -0.172455353555358
0.360872686365545 -0.038361508563992 -0.00918845951717752 -0.06609369047505
0.319513984477898 -0.129347702028181 0.0779098744731137 -0.0249886449216818
0.308651671815952 -0.147537934393609 0.134218279719467 0.0160571828584976
0.319478600425385 -0.0149953420660997 0.150741087335651 0.0875302989545779
0.298745101957887 0.12983759063228 0.0961893078273543 0.223639094007409
0.167252989066411 0.393909034100452 -0.0608859564226835 0.247148993140209
-0.144167805140392 0.429917920614155 -0.20571460569811 0.11461229928019
-0.420852707009695 0.162702580633509 -0.156679474851317 0.00231505295969056
-0.549236769922876 -0.139003796352301 0.0786562281585373 0.136513766743731
-0.338329426727994 -0.223517207627749 0.474556143908825 0.198094260032374
-0.43679164857012 -0.139356111816148 0.446454009847857 0.328541564250235
-0.420083114305355 0.183725188589351 0.488550655200614 0.162469049951819
-0.164509487725141 0.41453883652481 0.425854343440801 -0.0936706274875978
0.155538371074537 0.299826693988023 0.194294342886455 -0.172296076523577
0.241830616454493 0.120655696463334 0.13450100918829 -0.122158675373672
0.29209321743675 -0.0222881886942925 0.11408155969346 -0.081837140467495
0.266312730575144 -0.0999430851603822 0.172239576737232 -0.0598463976152008
0.258992599440603 -0.116361043495852 0.229926729161513 -0.021851948942987
0.269132724870187 -0.0117416670948254 0.243594711552558 0.0722777437507695
0.245879689447042 0.115116509264051 0.171319693304497 0.236739710467811
0.113190481082335 0.33402559814088 -0.0151048325464046 0.269637510627223
-0.154337769662967 0.335753025655247 -0.170989907385487 0.138951188107568
-0.355424495038769 0.0797384113861893 -0.0998486934942897 -0.00402713414790101
-0.409291829966714 -0.170893433297514 0.198912506908743 0.175867068317903
-0.117970945459758 -0.167058068137033 0.518481997005414 0.273572319368474
-0.217831747438552 -0.139751488946137 0.456003800688796 0.339195418015625
-0.249503965508843 0.0603448475068231 0.420199623367701 0.205427329954093
-0.121952290181392 0.224661419535627 0.39003985137677 -0.00506014584163487
0.0805029222024871 0.176248229227502 0.245432197566889 -0.094133673073448
0.137368369912963 0.0701298704420526 0.218549440688492 -0.0876583620173464
0.175002366836913 -0.00812131688679473 0.203552449981124 -0.0947225579038783
0.171655077312363 -0.0563456280535672 0.238280949041048 -0.0852670149751003
0.172496435030735 -0.067583900753114 0.303132025990246 -0.0451059177966028
0.186822574945555 -0.00314131436701745 0.311005853873669 0.0748285315323021
0.167161719982613 0.0919992499452729 0.219104552749134 0.262171616395624
0.048779166336129 0.241744398781404 0.00115905828147456 0.295612304302503
-0.148074463804538 0.207218637903154 -0.160241691830841 0.160313462983508
-0.250937692321459 -0.0111844612785117 -0.0634241983242732 -0.00820989554635791
-0.215906260530268 -0.184016103211344 0.276035305688153 0.210825496660973
-0.0118980265835622 0.116741543849042 -0.377918392627723 -0.169195534486333
0.107285109428011 0.0354993418870031 -0.0360796058494019 0.0760332543317117
0.104527713966122 -0.060278162431744 0.202909568879918 -0.161986431503771
-0.00495988094284797 -0.101144699136123 0.0271057753992994 -0.347259766989752
-0.0602989595362283 -0.036867414784694 -0.256543693123945 -0.316779597612604
-0.0516798577330185 0.00362220624649028 -0.411522276847283 -0.0952766878367948
-0.0589144652533494 -0.00266807901424852 -0.365979934318025 0.0821068146029608
-0.048561066795804 -0.00497340017885499 -0.283008558865797 0.138788648191061
-0.0323979878765913 -0.0175867961900317 -0.261696942046258 0.14534976039469
-0.00261679991567879 -0.0346116684177246 -0.272833055244405 0.124363576814164
0.0291932311466393 -0.0471608295902969 -0.285314285224364 0.0773595659198863
0.0852907256392963 -0.00861467791965354 -0.345120336760595 -0.0309519900765791
0.0960573047177215 0.0751132685326905 -0.396493696923049 -0.180465799646875
-0.0101675126273917 0.123840093485498 -0.401406680026858 -0.236685344941228
-0.0919825252645518 0.115815197275366 -0.521450942112401 -0.203482632887209
-0.230174731338364 0.0943288417154028 -0.306940436474556 -0.21172304130383
-0.0726640040884068 0.114950059850981 0.00047568180570346 0.0610362424090263
0.0225986587999538 0.114414730755566 0.260215032801506 -0.1897484062194
0.0494452233808931 0.0700066903041355 0.0744444059814052 -0.407303697845907
0.0583586945889921 0.0267511738754029 -0.25581115501099 -0.363515596109958
0.0703667640563068 0.0058327176741504 -0.419617285530057 -0.130199333963652
0.0722284581631842 -0.0555523770212884 -0.375429840256452 0.0732017961151256
0.0717910647808696 -0.0698722372617734 -0.268715242733405 0.133776996235863
0.0942923228376086 -0.0629017748580758 -0.237765655097481 0.151419371223209
0.124498083961133 -0.00105852122115225 -0.240786927149564 0.135181460793511
0.124576780393115 0.0543872066162115 -0.253490926637614 0.109979663016805
0.083927222862587 0.175728229855182 -0.314053372844026 0.0239035483529263
-0.0350020963899039 0.217694464631604 -0.37777312218939 -0.115575248477023
-0.213128134125241 0.136463100786314 -0.394085791649756 -0.142924298191745
-0.324850092973272 0.0421094652671046 -0.479746838549969 -0.124101114554266
-0.422446021712915 0.0339697708583991 -0.175872478068721 -0.216745846843908
-0.282311622226535 0.150696760405454 0.0803674363650942 0.0670112856247067
-0.107536436324354 0.282624709261543 0.349080407855309 -0.195115824255235
0.07173090751438 0.272797476016777 0.156872148242656 -0.45243958135441
0.176144229741469 0.122425388998258 -0.216107666376373 -0.40467629216543
0.193873374749799 0.0277406209060805 -0.37791223070078 -0.169587115293215
0.200145031283015 -0.0895347444251522 -0.337908372993144 0.0457996222841677
0.180806561733582 -0.124953926502776 -0.215465740116511 0.108294785344273
0.198794658231804 -0.11363419365724 -0.170581607006659 0.139033601004683
0.231232063033166 0.00131497794075303 -0.165835299288248 0.143727686060741
0.221848329558407 0.110609777035441 -0.183909037283163 0.159760869659904
0.133003960162142 0.314608229892508 -0.264057532759014 0.105771080931226
-0.0936298618343295 0.359218240014178 -0.352250944608355 -0.0307160841337948
-0.35453601115189 0.187494923539906 -0.358129097458987 -0.0539145270110518
-0.507352674053073 0.00125095905272651 -0.37564970313764 -0.0313881193248542
-0.551893516717758 -0.0503273855589807 0.000176017226089961 -0.171447023096822
-0.477324439881149 0.129492760878245 0.194049041588456 0.101848422775294
-0.270280497876509 0.401703145348241 0.447801418339831 -0.158966341909311
0.0474321899468714 0.463885180504398 0.263678784270791 -0.450080813377263
0.263290063020408 0.232938785620467 -0.134046748753551 -0.413925376971903
0.293775518799644 0.0640470841156106 -0.285180722577936 -0.19856721105434
0.302659292375095 -0.101317276145048 -0.25641926740849 0.00825288717352391
0.262617577082391 -0.163029871005332 -0.131646201508322 0.0662447809817375
0.268429445627245 -0.158806728987249 -0.0744054303713807 0.105336746006219
0.301551683356599 -0.0175626167178067 -0.0618308717024172 0.134839637271731
0.296189534440495 0.122189110400199 -0.0853300593871076 0.198063844818143
0.197480447155256 0.388641575046376 -0.191200654019388 0.179841649115254
-0.099410219159822 0.457573576804397 -0.30646452696673 0.0494827871850994
-0.422717181182208 0.239876592899297 -0.296617898258178 0.00400697402651311
-0.612173267666145 -0.0193945354690747 -0.224617823646566 0.0450639970173812
-0.586320323516598 -0.135966722760476 0.193569711660209 -0.0775503983189463
-0.592768347629861 0.0563099003710776 0.316317112192452 0.163219116224274
-0.411737157194744 0.427946326287319 0.520643490476622 -0.0772555260893063
-0.0237091712450763 0.576809568299422 0.360862180780588 -0.382118185586199
0.290708195047525 0.320353751810361 -0.0205640624068775 -0.374055254413803
0.341830775422521 0.0997311814316573 -0.151590076633556 -0.200594950063185
0.358418416762483 -0.0948506802606902 -0.141471490474758 -0.0311118512092658
0.305040283535127 -0.176715407649511 -0.0287584669633435 0.0163009382914652
0.299245510248297 -0.182916268740303 0.0323641616877963 0.0553937602443513
0.328573441331941 -0.0396552864415217 0.0502296217833983 0.107682746799552
0.326327609214387 0.111957838251035 0.0219848591336922 0.212260615238221
0.22967017348352 0.401898507950105 -0.108365983285228 0.227041679839287
-0.091723116154592 0.485130146267373 -0.250173560767415 0.103038627114448
-0.432672181788268 0.249662251092946 -0.223798631760633 0.0219457962392004
-0.62951630344431 -0.0446929991378608 -0.0604960867480756 0.0949980029260092
-0.519028330525711 -0.189704052364629 0.368365335504667 0.0434752998462508
-0.584407615535228 -0.0356831184991172 0.415897847788762 0.234940832439219
-0.467503897782139 0.3525228590387 0.539655563872606 0.0288569944339553
-0.0953510404538868 0.559219906259429 0.415471907048231 -0.260324658906793
0.255890931519379 0.341539059531529 0.0922575097704121 -0.286605848639778
0.325414413541559 0.114414259102762 -0.00499205536164275 -0.175056858934068
0.352627312663853 -0.0761316794143846 -0.0119744421781958 -0.065365195701696
0.302410040607592 -0.163872810705879 0.073776264932044 -0.03358467738482
0.291046942346734 -0.177294000367525 0.135502294691626 0.00165531456609447
0.3153500505181 -0.0476788077684013 0.156771396281677 0.0735600921133328
0.308866446635436 0.100920528281544 0.118692095322997 0.214423420574134
0.208198988405079 0.375596234283082 -0.0365583789317674 0.251691290867019
-0.101304967605628 0.441975166625761 -0.197763366366226 0.134903101048958
-0.404169423775514 0.19913243970948 -0.157375414678929 0.0163174024604924
-0.560543356747731 -0.0826367102934087 0.0924518422440048 0.125834523117128
-0.358525418495728 -0.19275110558274 0.491768828321366 0.15644356211281
-0.449192768081677 -0.0998297779936227 0.471769612312293 0.288239261045
-0.401474654435371 0.222301582236559 0.502824927273598 0.1210289561911
-0.122637939229772 0.430666989452047 0.415493220297987 -0.132407555049308
0.181621114139714 0.282683047430711 0.179721955021548 -0.187359981020164
0.252056069956619 0.0976728059781441 0.122344683677569 -0.138467551127329
0.285417415013292 -0.0527686588684038 0.107235720058066 -0.092926418184793
0.253142851587531 -0.129092631746051 0.164154289723045 -0.0762725444132223
0.245087628841273 -0.141338684677052 0.226101658946571 -0.0447537339936547
0.265907183456193 -0.0387885535817728 0.246743591226864 0.0498037873861362
0.255273283565243 0.0905335164424517 0.19389919601939 0.220278420163204
0.147585511865477 0.320435835394146 0.00941734195204756 0.269853144174046
-0.120191806125479 0.348983399631903 -0.161259906555714 0.155534805380137
-0.345811602227225 0.11091504643951 -0.10264684193692 0.00491345131340574
-0.422461411864065 -0.127936181692922 0.214201998953855 0.153750272573887
-0.134010289123806 -0.155063008853582 0.543829732404784 0.228389847605256
-0.230858890702383 -0.119659586104653 0.483164519107334 0.298597452908708
-0.242933927601117 0.083478194242964 0.437779629424941 0.170426097504527
-0.097523027773809 0.235318348096438 0.385634945055486 -0.0401364337447454
0.0946223276423468 0.165813611730121 0.236344033199904 -0.115020275594941
0.141758843717799 0.0572951071259394 0.208759467086079 -0.111625666525027
0.172479299278299 -0.0258839354425987 0.193400441739572 -0.115164352712329
0.164763585395355 -0.0750207419266945 0.227284935710694 -0.106780065582381
0.164361075815982 -0.0843142423070846 0.294813668998601 -0.0743830150146151
0.185712615730326 -0.0215911285836159 0.312856046079615 0.0455754195500448
0.174385103269744 0.0758125718684405 0.242147974168994 0.240422585818668
0.0738270188848824 0.236331547829988 0.0276481831511311 0.294486077990415
-0.125865811772228 0.219375229453487 -0.148514269377808 0.175300263630709
-0.250553847739994 0.0104125814224651 -0.0660599400180117 -0.00375455317960023
-0.230698942380618 -0.15926411311383 0.294632425384062 0.181245870995464
-0.00492707234357965 0.116493538598508 -0.380500790414904 -0.138947809366529
0.104770336519035 0.0292070390047373 -0.026311663426101 0.0791935016306129
0.0979604320436018 -0.0652980527223846 0.189114143799249 -0.175684785133005
-0.0108313834672966 -0.0980355602127768 0.00285693967712312 -0.341961900520525
-0.0594851559631605 -0.0321541240894303 -0.271873323502515 -0.289359698467986
-0.0485796787210878 0.00687097975676228 -0.403545721389811 -0.059349425656661
-0.0576194629849002 0.00224771814434483 -0.347002797676538 0.107637019888628
-0.0476357156889645 -0.00078445945933546 -0.264642627856929 0.155320222906356
-0.0322542732220864 -0.014749709619695 -0.240288762133379 0.161790018835029
-0.00508071839740306 -0.0336359223369456 -0.254162172675772 0.142660514081395
0.0241561126306844 -0.048906866953968 -0.273715408365236 0.095619589121557
0.0836444209782755 -0.013912012518939 -0.340495828306335 -0.00776380581363898
0.0977861687250168 0.0651284057927703 -0.398433952261038 -0.147051275619796
-0.00540525961584231 0.122821466686361 -0.403175484135239 -0.207116542229623
-0.0819449711855816 0.118991268569308 -0.524180908760287 -0.16422645301867
-0.218844413176844 0.109962798816251 -0.313826355154207 -0.186427013683919
-0.0647194553832591 0.119310402597988 0.00740025901937099 0.0627295649116533
0.0318505620701097 0.111309736037089 0.243310393986666 -0.205360437963123
0.0563139081316121 0.0657859265979852 0.044867439576194 -0.404169823218139
0.0610934366887296 0.0218505335118296 -0.272768081554754 -0.335657536992096
0.0711535911585073 -0.000504123320433588 -0.415033502831853 -0.0945017580511616
0.0646398627942941 -0.0596674265350774 -0.355161930936098 0.0994406704875259
0.0627655336656158 -0.0743703164545486 -0.250571990760892 0.149123355072089
0.0874275759463594 -0.0685361170290398 -0.216993134980115 0.165493673630616
0.121065853993055 -0.0110848839128593 -0.221300871944343 0.150682848013207
0.125225157090498 0.0435113214520857 -0.238569710397667 0.126156955038765
0.096887435329905 0.16532093902296 -0.30542338180809 0.0441685520268548
-0.0191254901247526 0.213729046137771 -0.376628976752906 -0.085295237398654
-0.201969568781939 0.148368478895931 -0.390417206698097 -0.114941327742666
-0.314363508267039 0.0644797021494497 -0.476666657051373 -0.0899138575443796
-0.41013241125579 0.063739965501507 -0.186722745478974 -0.199825432202871
-0.266258035511554 0.167216816619011 0.0836133870764109 0.0633103162466784
-0.0833035759898531 0.285325788561581 0.329611528765962 -0.216419497841708
0.0946027522843449 0.262199934493525 0.12184286115315 -0.454567751868015
0.182459515679413 0.107137929787754 -0.236328839280947 -0.378531621082939
0.193194286484071 0.0109949122787995 -0.379507706533619 -0.135956384037892
0.186306756397329 -0.103565111936165 -0.32038263294402 0.0684863691130365
0.163563730168902 -0.138128678145887 -0.200852716961042 0.120071941739094
0.183591789017378 -0.126089102790553 -0.152037557265793 0.147456823207708
0.225477991071479 -0.0162491488336858 -0.147906788287777 0.154220912045341
0.224411801162533 0.0900838094719036 -0.166591710433475 0.169341285331747
0.157171784033726 0.296718443631895 -0.251801624125487 0.120036692541393
-0.0651821386021776 0.355876884862857 -0.347299487261879 -0.00341462484669333
-0.335111815820272 0.208555097453801 -0.35017296108892 -0.0303580825227108
-0.494710257465897 0.0388274181303853 -0.367551199129032 -0.00667521026317406
-0.541851358237677 -0.011967392975315 -0.0119338973652768 -0.166921210950145
-0.458217382415147 0.159737731778331 0.194396296702978 0.0888580689249181
-0.233128662134839 0.413626910496096 0.42821765170926 -0.186943238014528
0.0837875495337469 0.449368210806788 0.226164714902 -0.459772514382719
0.274789552917654 0.207755538574354 -0.154520558111646 -0.394210350066807
0.292790354646263 0.0391573373155804 -0.291986100126756 -0.17259788786548
0.285113560440313 -0.12363684131254 -0.243661212537148 0.0252949254911568
0.239652294622462 -0.181884800739455 -0.122413292633212 0.0729000963709704
0.247720803141978 -0.175486084298468 -0.0616447055744131 0.107409416054134
0.291575776962467 -0.0410675510707399 -0.0487739228568172 0.137814273496571
0.29815581718151 0.0967296984509695 -0.0678585146343705 0.19917535991387
0.2256881444774 0.362548093480617 -0.174905123652627 0.187363331487139
-0.0620959040548962 0.45133635037572 -0.298471209177255 0.0716795288555425
-0.397308486273474 0.264826354961384 -0.287210050279149 0.0222961148695197
-0.597803082455023 0.0274680205471782 -0.215425202328337 0.0568577104114425
-0.583979923731806 -0.0915081423920142 0.184150106733871 -0.0878759920184826
-0.576859211043403 0.0935528293831884 0.317223859436933 0.139966470874512
-0.371040150556012 0.448181630394683 0.506114160003899 -0.110437311705469
0.024663170684714 0.564226152437947 0.326065926640628 -0.39901122488226
0.307902876690748 0.290224747657588 -0.0414307375314334 -0.36229682698185
0.342594261157906 0.0707031066106234 -0.162325580417299 -0.186337030718947
0.338834787737596 -0.120705395481828 -0.134694641628259 -0.0219313905187749
0.279718969695133 -0.19851161958108 -0.0275424960098034 0.0173269003336324
0.275333009452487 -0.201603243994591 0.0370561476825562 0.0510294600980107
0.316008651897936 -0.0639048314760805 0.0580056900050787 0.102384528742601
0.325832014940211 0.084642547632191 0.038087898662635 0.205214894943488
0.257446524273613 0.373083652793179 -0.0891202237731001 0.228358767077952
-0.0522647307202603 0.477566108834949 -0.240130387846314 0.120393513856794
-0.403953056582668 0.274161577404651 -0.216987379583226 0.035980847613202
-0.613315552308583 0.00642117320432563 -0.0506992568179868 0.0934719912682327
-0.519043045474469 -0.149771905450784 0.362232126041789 0.0190840547716552
-0.575148038470633 0.00500404398844787 0.419680133643089 0.202934477981416
-0.43020817323732 0.378486425421364 0.529740716153685 -0.00842399462441189
-0.0471053935148538 0.553236243531498 0.385163891451691 -0.283848266375714
0.273848077392375 0.313469289768096 0.0739129470552983 -0.28620333425105
0.326807406597022 0.0873938127565624 -0.0183563475049769 -0.17291504619986
0.334610146882602 -0.101895014889368 -0.0124726522260719 -0.0644794736699918
0.278137084693108 -0.186514321231829 0.0692094966097287 -0.0388269494865939
0.268153369991923 -0.195532591718311 0.131502838501773 -0.00917634599885693
0.30180471101609 -0.070653138220322 0.157074202911852 0.061665296074766
0.308723767325965 0.0754854252360655 0.132537542208141 0.198904965464623
0.233638591189453 0.348967349799464 -0.0176417905795269 0.247686719258241
-0.0635444300592029 0.437020452392057 -0.186689997811897 0.147458486869883
-0.379582667252888 0.222560455948646 -0.152807690417183 0.0264111069981292
-0.55016804364773 -0.0364564513037504 0.0992338719133018 0.113972566584153
-0.364320498753457 -0.162601638676516 0.492081104263136 0.121270625811603
-0.447314385901421 -0.0652873570732462 0.477466265679706 0.251341998241167
-0.375103126006615 0.245276296540796 0.498756433272253 0.0857007609576378
-0.0849161649958387 0.427747907239632 0.394299226461862 -0.157196563402546
0.196355729732015 0.261268939305663 0.164404794775712 -0.1950064144522
0.253435359895302 0.0769296997094868 0.107492335942784 -0.146584875354578
0.271400596248098 -0.0742859218414731 0.099252569886452 -0.0991846820696041
0.233763804321927 -0.14746678641183 0.152874837519633 -0.0867138405198819
0.226588250875295 -0.156915428541504 0.214595361602944 -0.0603774342262641
0.254148387823617 -0.0588848315200602 0.241736857747197 0.0317289147264546
0.255027837473974 0.069830398761414 0.205677547856737 0.199337124383544
0.170265450731569 0.300280407491402 0.0282190709023724 0.262390501008464
-0.0896798804942463 0.34676761285089 -0.149214381155734 0.164622291965432
-0.328765346276017 0.131967889706478 -0.101456923160719 0.0111827110992806
-0.418768884295946 -0.0915418116620872 0.220036467181302 0.133175341511412
-0.142808467111415 -0.14070641704248 0.548218160168661 0.190246592880819
-0.235236168790382 -0.0996087569242337 0.490229976153448 0.260299128364669
-0.229934494201979 0.0976027833697086 0.439210925349772 0.139214272025813
-0.0774022708791232 0.235431413552591 0.371311444434542 -0.06541373838268
0.102526119319724 0.154470690166099 0.222135823568629 -0.127688787956714
0.14164085460554 0.046280641931144 0.194610344575908 -0.127471953173744
0.163598922960914 -0.0387695564727429 0.18031538297174 -0.126003924465107
0.152776192748369 -0.0872669357334316 0.212127295749371 -0.119590354961584
0.153319443968405 -0.0943969760816177 0.278887859610769 -0.0940115029603349
0.177974307437486 -0.0354050593963338 0.305493111607997 0.0224253277781501
0.175581177813941 0.0614863590350777 0.253802476447476 0.215795495370297
0.0922594445328401 0.223403679634877 0.0473526718647025 0.286082556241356
-0.105297904963413 0.221186301381296 -0.134372337006639 0.182373209142354
-0.242073870430768 0.0269394113990802 -0.0676846502174851 1.8874661058996E-05
-0.234450694999303 -0.136023853751503 0.299280661510011 0.154177331971244
-0.00119786105839347 0.116457574678308 -0.377491412871372 -0.119804143237151
0.102423343433809 0.0260521856443175 -0.0194443478532177 0.0806476839654445
0.0940088178084027 -0.0671850138837913 0.178750136637026 -0.183093854368373
-0.014147423914793 -0.0950185167504926 -0.0130815046026168 -0.33614914726598
-0.0580572927708006 -0.0296284034088136 -0.277368563180449 -0.270690360175644
-0.0453998086608998 0.00865794946753291 -0.393241237246532 -0.0384400120316818
-0.0556987638366899 0.00629506448354672 -0.331341851053515 0.122834919702126
-0.047002461874891 0.00145989265406228 -0.250037750681806 0.162897838573815
-0.031674951731342 -0.0129715755846161 -0.224803470467282 0.169421972559348
-0.00690870767102541 -0.032904869674937 -0.240737254354704 0.152776309831772
0.0201557652104735 -0.0486725820688264 -0.264142051696397 0.105610055510401
0.0816815943414961 -0.0178500222838623 -0.336335654393121 0.00700280803367563
0.0972589651953138 0.0585228828091581 -0.394931359054828 -0.126535376713678
-0.0028973398323324 0.121781707948656 -0.400138853754353 -0.189301992947865
-0.075559483238451 0.119718077066343 -0.522827819247904 -0.14023674458645
-0.21085214131915 0.119609373626149 -0.315182691004133 -0.168947993733585
-0.0594365104098958 0.120857220939237 0.0117648816301649 0.0633497092199307
0.0383918882910587 0.1091854875758 0.230860070690927 -0.215286429076632
0.0607149115649328 0.0615673114804671 0.026090520452122 -0.400220794128598
0.0624174286782819 0.0182591707150678 -0.279449157026791 -0.316201569347492
0.0714790524471175 -0.00543967806180568 -0.407699982117414 -0.0709524745425196
0.0597997346654101 -0.0611947224224986 -0.338345980669872 0.112545211567839
0.0554963218037313 -0.0767701478831904 -0.237156784599544 0.156787420671157
0.0812890955929327 -0.0726435461386788 -0.200535230156208 0.171527564515195
0.118850463797586 -0.0169922947427276 -0.207483116448125 0.159868836540381
0.124192457270408 0.0363038688640857 -0.227769959535567 0.133571864961326
0.104999884386668 0.157204030233404 -0.300065497992947 0.0549265906581579
-0.00973930170550642 0.209736293590539 -0.372420346331746 -0.0658137254539679
-0.19446990601878 0.155314265992802 -0.38363507265234 -0.0990420446190165
-0.305074286831419 0.0777044470274042 -0.471404681334667 -0.0701781188662478
-0.399770891742728 0.0821667188526548 -0.19075267067721 -0.188363419432069
-0.254931288946336 0.176313722876009 0.0852465414419023 0.060741138830525
-0.0666006413663415 0.28485569734627 0.314773061698786 -0.228312689255091
0.109082105363676 0.251736826131586 0.0993038734592874 -0.452596001787459
0.184920095264042 0.0957742278860925 -0.244934620057741 -0.361873438169045
0.191565344885174 -0.000240615272317876 -0.375450705059021 -0.114661155777963
0.175272809077455 -0.110882978099972 -0.305524620132206 0.0801247456542366
0.150217411686908 -0.144878062636103 -0.189752638832945 0.12573548173067
0.172657625270562 -0.13385351352007 -0.137998287603427 0.150690900174674
0.219975869050621 -0.0280493148276852 -0.135095740391597 0.158827573392162
0.224273601387214 0.0768954503698885 -0.154777008505696 0.173109141242195
0.171218683733107 0.282215751504989 -0.242878543211944 0.128205468672318
-0.0476387161550813 0.35080128224388 -0.34135839840499 0.0140283052476365
-0.320933756918052 0.219596605812715 -0.341695036846979 -0.0168152206985764
-0.482801526317914 0.0609864837676531 -0.360716541104898 0.00633138922858103
-0.53192063678586 0.0125794294977329 -0.0188379341944529 -0.162414872474
-0.443633694855749 0.177050112941451 0.193713604058005 0.081321370624505
-0.207720110572438 0.417567944012943 0.412999781473182 -0.203023859310459
0.107446287004171 0.435590271617527 0.200861093322083 -0.46246788078966
0.28031061178671 0.191034961743937 -0.166314192353098 -0.380270165742135
0.290173930194519 0.0225208093988189 -0.292488974665074 -0.155638369683469
0.270413383279915 -0.135170545284133 -0.232613668726557 0.0330709658808153
0.221378794930222 -0.192513759674628 -0.115910496090112 0.0762855325492242
0.231685022060523 -0.184815552980397 -0.0539486314868897 0.106573861751212
0.282519618582739 -0.0545007805278907 -0.039425052196577 0.137899672023447
0.296347150949542 0.0800260384661941 -0.0558518335442442 0.197823288061385
0.24142004355328 0.342882628067552 -0.163420723019468 0.190904266316052
-0.0378205195908609 0.444931209314981 -0.291155593565842 0.084970934181644
-0.37789427142688 0.27614545984052 -0.27899403480667 0.0325998237502888
-0.583018915267953 0.0557103359781572 -0.208065385575584 0.0616390165105013
-0.575988467061558 -0.0639362814453157 0.176894530731913 -0.0933936104804891
-0.564124123915256 0.118385974259752 0.315289067220097 0.126576161309043
-0.34152820633132 0.456777234084509 0.492172755049987 -0.131222862507986
0.0547724400631357 0.550101074091471 0.300419228860509 -0.405618740341105
0.314409742477382 0.269758698448507 -0.0543398929598656 -0.354393676539532
0.339407330590609 0.0505761087276062 -0.168126727802812 -0.174973635736937
0.322593419946352 -0.135661987777924 -0.128849414137668 -0.0176936393613985
0.259431683800178 -0.211054414754189 -0.0264738319793508 0.0181034751844172
0.257383890039328 -0.21087711579574 0.0387479329140648 0.046633702155041
0.304468808069877 -0.0784976073965346 0.0622713654570655 0.0979400400395268
0.322473629865685 0.0673456306600892 0.0480932775013247 0.19912614233218
0.273296694397159 0.350637392300071 -0.0780079326092299 0.226980933550774
-0.0266784083662598 0.468561473250746 -0.231969894061274 0.132358468748286
-0.383785978443392 0.285913210069909 -0.21065904178419 0.0439797975856475
-0.599772204931798 0.0359484785266106 -0.045384256392478 0.0907923373966787
-0.516460471445257 -0.121040492525683 0.357384620294886 0.00351779669757419
-0.566819369255623 0.0299371531262192 0.417770004366398 0.184360441662317
-0.402975624508252 0.390423591305056 0.520500549693234 -0.0301078943912062
-0.0180175794532267 0.543811083851743 0.364643256549965 -0.294242150021415
0.281989030993584 0.29320053178381 0.0617540419216506 -0.284514154962931
0.32438414524038 0.0685895004090343 -0.0280709683723354 -0.17042790777155
0.319248010739247 -0.117533967810017 -0.0132603521296691 -0.0648580532156846
0.258636014936828 -0.198932559612675 0.0650026855696539 -0.0415102934365492
0.250731410287024 -0.204474261788651 0.127659928326521 -0.0159355271115618
0.290723578555765 -0.084350870680138 0.156543806334534 0.0540702827586771
0.304718972704039 0.0577066981389325 0.139541349870931 0.188252432650431
0.248650597753743 0.328388257053042 -0.00671135839523664 0.242996599450243
-0.0411333255940842 0.42865549134202 -0.178562002718899 0.156422536652479
-0.361293262030658 0.233829556657516 -0.14973253340141 0.0323052297983333
-0.537880102428429 -0.00893102060963865 0.101991775022151 0.104970119284292
-0.365406984246075 -0.142214753340137 0.487806460692839 0.0998880840846589
-0.442247824039114 -0.0430860189127174 0.476707283545667 0.226404245928472
-0.355325991597366 0.257072708119787 0.494277489924939 0.0641940946815527
-0.062169948531068 0.421971941534007 0.377692584177565 -0.171118314333944
0.203687804950281 0.246440351039071 0.154045164311707 -0.19791324000541
0.250598845398987 0.0625309511846771 0.0963999652480001 -0.150405194540229
0.259243115650799 -0.0864496149740676 0.0932947075037605 -0.103020517506081
0.217641041007708 -0.158475124346931 0.144904351867836 -0.0911786701185272
0.21236963108028 -0.164303609866427 0.20495640177255 -0.0689917737763651
0.244093311171692 -0.0699018605460843 0.235754702609441 0.0197934665694572
0.251847803381602 0.0563799733803433 0.211323881511201 0.184682188585456
0.18357099898479 0.283346261877353 0.0393653635689817 0.25516826995906
-0.0696197866965054 0.342104112776315 -0.141392279900956 0.169685342394889
-0.315018203035538 0.142444485596686 -0.100934067420339 0.0146830611168973
-0.411430629775344 -0.0679422039024875 0.220402604476416 0.119161472388101
-0.147555703041182 -0.129965866246607 0.546882258923406 0.163125302010459
-0.23500381721515 -0.0860900180958235 0.489234518012605 0.234526789925073
-0.220601807727543 0.105095165838232 0.436797357391866 0.118947599928317
-0.064357036636484 0.233791527035456 0.360056794997367 -0.0781998510714017
0.104845189966308 0.14544137371703 0.213115363665537 -0.133990639224398
0.139630625496221 0.0394568137520298 0.182349127293285 -0.135529920095576
0.156336513280367 -0.0459135862084512 0.169579563711138 -0.132434805032056
0.14292430164965 -0.0945317737981124 0.200567855769873 -0.125661029160367
0.144043687604753 -0.100028379579564 0.265961488987655 -0.104122787829962
0.170859714516547 -0.0440770998697386 0.297016271689696 0.00970982124564726
0.173713448769835 0.0514194133839308 0.258532984367211 0.199354022007451
0.102167285160945 0.212578736376469 0.0586349400391556 0.277530345068729
-0.0916411150753493 0.219190883141428 -0.125491812687101 0.186219445188117
-0.234868945994785 0.0360216835014359 -0.0694663646863897 0.00233118465579806
-0.233272421063687 -0.120237377262415 0.298894735616603 0.136461116671438
0.021202894563793 0.111350882751905 -0.414147145315634 -0.0307405958977523
0.103380723316992 0.00490246696063599 0.00269188330738443 0.0910277850100579
0.0742130553979332 -0.0863263957896221 0.145024260116015 -0.221493704011997
-0.0386612954688825 -0.0889777652168054 -0.078824479823034 -0.337558442304144
-0.0657999558686516 -0.015179067078732 -0.335536424772448 -0.212080438437977
-0.0411264404462824 0.0212786984708286 -0.395749360478549 0.0446040717419732
-0.0516288822891538 0.0226791799325645 -0.29896124401907 0.185118509415434
-0.0455279091339644 0.0131273040123843 -0.208180983206822 0.21468074783073
-0.034668466073839 -0.00450343377864891 -0.183388415479554 0.218998714598406
-0.0155920118701586 -0.0297039453965548 -0.203096430174189 0.210118191499056
0.00500278039575148 -0.0490307531597588 -0.239829220679475 0.168595775391994
0.0698413163016601 -0.0383408611681742 -0.337197392268432 0.0873564264969018
0.100062564651764 0.0299643425740501 -0.426263479248932 -0.0309342880153273
0.0207830866931554 0.114141601404409 -0.447450496050262 -0.103941533562259
-0.0541071256874712 0.128633677316205 -0.554396991061157 -0.0359149427882345
-0.17405171937242 0.157082843087314 -0.371062890325886 -0.104972536716075
-0.029229902298604 0.129709399443769 0.02051494268188 0.063967802888592
0.0625525342455496 0.0922052327450114 0.17677037152818 -0.258938499765873
0.0696656968011122 0.0398637917469821 -0.0634644973088532 -0.399886698359258
0.058993889428181 0.00396834227869894 -0.344943586688698 -0.250890634986143
0.0668782569700968 -0.0173023203389189 -0.412885713364478 0.0214162131952607
0.0406434410986174 -0.0691739695809343 -0.299047604314641 0.182992777097155
0.0354533785195461 -0.0837615187190104 -0.19596741100905 0.204337806812003
0.0606306138729019 -0.0850419934348069 -0.159923721684225 0.214992670602037
0.108496087600628 -0.0417601082525359 -0.170838674711924 0.210987054973824
0.121118995058584 0.00964860450974782 -0.197800051214907 0.188371702251559
0.130686176988139 0.123638245545096 -0.292839566631127 0.126035352820315
0.0314973512884041 0.196503120993408 -0.396704283056599 0.0191744751602482
-0.15827429939372 0.190985264724016 -0.401870417928911 -0.024860059243097
-0.28713629194294 0.140376380495965 -0.477627012086587 0.0179252458665128
-0.359322543192916 0.160546997863806 -0.257214648922666 -0.160885409105774
-0.202687773619799 0.225173673977919 0.0850427319197236 0.0400647305406489
0.00359730267612651 0.280637455186805 0.241964560316797 -0.288544009063469
0.160711287215964 0.205736802522301 -0.0136596706615278 -0.457660832174156
0.19262107403006 0.049798892851492 -0.31759957668696 -0.293535078585036
0.182195684402731 -0.0391960520850094 -0.387509129034768 -0.0230364429330656
0.137385511938078 -0.143278927807332 -0.267220406373979 0.150586876775974
0.110338077594637 -0.169359825715483 -0.156138657435473 0.164288466346185
0.134068371100201 -0.163016463570237 -0.104320920986637 0.181023332563584
0.203423315620231 -0.0730216439976086 -0.0997225024579677 0.195084251985928
0.223890135364483 0.0280267617857286 -0.115405504518043 0.212163074894603
0.221062992646623 0.229442911444379 -0.222621538797263 0.185413198786325
0.0268815467940554 0.339899646017632 -0.353017965736209 0.0893274273778293
-0.265974348329052 0.283628453038904 -0.33726456899004 0.0408492370774653
-0.461664526607778 0.166738099692902 -0.339417783850935 0.062943120053083
-0.497709800982561 0.123375392749499 -0.0801414348390688 -0.182608305508637
-0.382173062049706 0.266386081796314 0.192857725235079 0.0296163267685908
-0.0993676342695212 0.437665626285037 0.329707043133679 -0.285735758590624
0.204725280079998 0.378354449875016 0.0711229591265629 -0.482758792830335
0.303967725633767 0.118252194951614 -0.244197688889234 -0.321332569811917
0.281123226252763 -0.0404398769229479 -0.313637736440594 -0.0761886753985369
0.220560420264208 -0.190347237570941 -0.201533527849913 0.0957468871971268
0.168314850016935 -0.230142791148923 -0.0954372190282579 0.100336953063189
0.179676637317076 -0.223685938804625 -0.0317106119284933 0.118612543678804
0.258910280970004 -0.112241788128562 -0.010329909905271 0.153533133406409
0.293636207600186 0.0164065376989202 -0.0107424089176556 0.214839885318057
0.302694392594148 0.273380571615727 -0.130526264609477 0.230900389470988
0.0574299077199133 0.427617039846003 -0.291175211217742 0.149829982063848
-0.307304627617262 0.352036392735482 -0.263641564710792 0.0721562834653372
-0.558613002455394 0.184915765166996 -0.169540793251157 0.0827287581365524
-0.5549389192083 0.0597777565989602 0.135595576177615 -0.160654225285841
-0.508548685679531 0.236601308987818 0.322835497347799 0.0419340069785894
-0.215624345795327 0.504782167249734 0.415637656038441 -0.237322576806664
0.18266089082276 0.498182439253918 0.171474289503441 -0.44681314144882
0.354694316122186 0.184606651157282 -0.128356721420455 -0.313355023246898
0.33351278040018 -0.024292499322712 -0.195317628870101 -0.120538505218625
0.269655729280422 -0.203950526990944 -0.109799248057122 0.0280068903515701
0.20045584211877 -0.256742520610248 -0.0207510934292797 0.0239762565791398
0.199263709108702 -0.255886171798098 0.0451950363569477 0.040109979251074
0.275360525788404 -0.139186433159218 0.0812766081423776 0.091628432017836
0.317098340169243 -0.000823327893970345 0.0934154248026981 0.191532075328795
0.334678951632901 0.275244323195473 -0.0358215600460318 0.247684170389132
0.0726791847945623 0.447939923548027 -0.222900205194522 0.183503858159842
-0.310114227149258 0.361763049905318 -0.193233731437004 0.0677214385305687
-0.575811198249685 0.171773662866299 0.000812186582403652 0.0762139244661983
-0.511085167772974 -0.00379663886420216 0.346122474461096 -0.102644353629676
-0.52921941081172 0.151821936252156 0.441480012450438 0.0743395059294725
-0.289549567230618 0.455569746058749 0.466776435713726 -0.149349599322005
0.114343693044906 0.507590136540269 0.256220288117087 -0.353970278308097
0.330047062835188 0.214189408506363 -0.000460990401972159 -0.268487571601984
0.323360872866912 -0.00450552401407477 -0.0572358759740525 -0.145827341792878
0.271247448152576 -0.187232051815991 -0.00839903688872389 -0.0415229922721067
0.20275229709105 -0.245086677008908 0.0552787571812142 -0.0529440662078897
0.194100248503025 -0.248037519663081 0.118078962152334 -0.0407167736124471
0.260068304843876 -0.141617438263955 0.165278246478291 0.0256627023547956
0.299645961541181 -0.00444062253114907 0.182660370791694 0.159295150792606
0.306177880186864 0.259489422357934 0.0389959393377544 0.24660546601219
0.0521958828258855 0.412609864886321 -0.162273616476003 0.19456962341568
-0.29831360915932 0.30658417782917 -0.135383409876602 0.044969892952874
-0.523607933553912 0.115669148677678 0.150232082389943 0.0625277854918551
-0.372079413122984 -0.0554203092944758 0.509073484747952 -0.0292168866702929
-0.427993171765615 0.0546607310361204 0.518062572663465 0.107027377411935
-0.274348281033106 0.320298935287595 0.471698511731217 -0.0520466492218477
0.0448376760382924 0.405013324825489 0.304555741503678 -0.240252015710095
0.245389499076435 0.18565945551593 0.108914422720107 -0.20889904570352
0.251100159293507 0.00546297098076717 0.0677024602393948 -0.156980828510611
0.222744816207883 -0.144219886541958 0.0830569463385208 -0.105434235417053
0.173124387197704 -0.198177291195972 0.122499531032134 -0.119400633199067
0.166790980919652 -0.203175664670995 0.184072251537094 -0.111379683780712
0.220317502293829 -0.118730564555329 0.237154007242361 -0.0269305891692787
0.250585393158393 0.00470377835951784 0.251620866004323 0.138230417839314
0.234407947464369 0.232123611260867 0.0897147326309405 0.247218852482312
0.00576110126504898 0.336872797988146 -0.117460689792772 0.199558274258844
-0.273185961144396 0.207242432746645 -0.0897342590158338 0.0227947293643687
-0.411727529487171 0.0310995701284498 0.26813246894657 0.0576843193340137
-0.16403062992861 -0.0891502586813921 0.592151551468383 0.0329005731724029
-0.240738143482934 -0.0327502184020176 0.541339565481834 0.119157405257578
-0.182025447838915 0.147187961372087 0.444095798596974 0.0166543700949128
-0.00322664871921576 0.230389746199402 0.321523540210332 -0.149801464776819
0.130113040425657 0.112333018622917 0.181625516861689 -0.166962674124088
0.139884748638762 0.00661312984850195 0.152723164817108 -0.167089131811913
0.136288898342651 -0.0816072497177178 0.14509373814893 -0.155034605141767
0.115950085506396 -0.121702739204137 0.169932682288626 -0.165172547305065
0.117061454192902 -0.127354449126136 0.236404410436469 -0.159585984251016
0.155580931160291 -0.0779592522587214 0.295183744880714 -0.0540217733402471
0.17631223480411 0.0160496027111565 0.302866508359811 0.141192905240345
0.141405539609083 0.182869664964549 0.116630412135167 0.264064629151179
-0.0414089216207617 0.226104327122635 -0.0933460043265557 0.211449013001566
-0.219726463058 0.0863603964150473 -0.0620051164690227 0.00994745750061752
-0.249059011864637 -0.0613644831055529 0.343705329151388 0.068247882302985
0.0272715202633992 0.115084110603869 -0.424679965467257 -0.0133846981829136
0.105764760911011 0.00232258246448248 0.00854834329269286 0.0934865921580255
0.0735675788321871 -0.0918091517581174 0.136522825027444 -0.232777792714317
-0.0424063165724618 -0.0897072548448668 -0.0951799606485546 -0.341123775980601
-0.0668846071062022 -0.0144055826910721 -0.35095672476442 -0.201704043800633
-0.0397392966012919 0.0216586203590434 -0.39787988559637 0.0638224370677761
-0.050417189349533 0.0258142050926581 -0.294287257943483 0.201522017141211
-0.0457983390569398 0.0155557932042654 -0.20173372232152 0.228521586293897
-0.0347260197641233 -0.00341237315915465 -0.175547406372572 0.231422919804323
-0.0166428438258469 -0.029943932527198 -0.195610087159193 0.224328154213823
0.00235929229593301 -0.0493176093402096 -0.237770166427129 0.182946213725578
0.0696371779444165 -0.0430305881310114 -0.342301881100713 0.105084231293545
0.100862025616326 0.0262344921832423 -0.43494221907573 -0.014776262864749
0.0243542444702749 0.11835897234353 -0.459041786527801 -0.0932578038888581
-0.0501094427547569 0.133918981066392 -0.572544965581737 -0.0163106097636401
-0.169809020931085 0.170401551727452 -0.384772695930475 -0.0919389724432598
-0.0241956183009278 0.134785725018603 0.0252570620496007 0.0652097978289914
0.0706099536184054 0.0908034608131378 0.166487197757952 -0.273127929305812
0.0750423613331511 0.0360890408480292 -0.0827004468917477 -0.404693995789048
0.061564556369469 -0.000744379610692351 -0.362579645810188 -0.241322099777271
0.0683861701850458 -0.022763487176566 -0.41656354169277 0.0400407148392656
0.0375725586662676 -0.0716556513905351 -0.29461405629408 0.19770039355296
0.0299654363082222 -0.0875552576657352 -0.19004661632273 0.216755634770726
0.0571487905298386 -0.090430403081003 -0.150926802414079 0.225162104528702
0.10883492517827 -0.0488290334179548 -0.162189951255723 0.22366969847334
0.123533555777676 0.00466697700685193 -0.193692761381987 0.201672645953821
0.140605860825507 0.118218728214099 -0.296939719697388 0.142318303147354
0.0391646241859787 0.199624614272763 -0.402807324236236 0.0359482718670547
-0.154520896509359 0.204580571342113 -0.410659370029884 -0.0136864941280276
-0.28593932340746 0.157353312647737 -0.487525741321921 0.0354325222971142
-0.35903201562732 0.180914651335104 -0.269900486887966 -0.153669513503933
-0.19716930707556 0.240213296181733 0.0900152279766224 0.038938244993174
0.0194280268297059 0.286107910359828 0.231972426524753 -0.305969223076548
0.176711530516745 0.200583168487512 -0.0354698718450199 -0.466450691447564
0.200325531493471 0.0404271314318665 -0.337128477543075 -0.28768902485039
0.184484295723419 -0.0511840215489502 -0.395108790072866 -0.00628250746886899
0.131679296613955 -0.152156020656879 -0.263722592968808 0.161949664472687
0.100747876115579 -0.178352784314878 -0.151639947810087 0.173666007319935
0.127311858466802 -0.173248949699534 -0.0961779548386247 0.186852874266379
0.204278638234072 -0.0852004992894808 -0.0912070675169506 0.203800646225929
0.230343919943369 0.0178586619829852 -0.108569277895619 0.221811615645177
0.239337753285299 0.221113191408485 -0.222159189883907 0.199539403372439
0.0422736132367359 0.345545146115911 -0.355785123978746 0.107544018944137
-0.259915188658717 0.302960351458611 -0.343054020778714 0.0520391193676037
-0.462510922344442 0.192349650506433 -0.345344151337638 0.0763503252447172
-0.503029314369806 0.149131383837487 -0.0893652863753664 -0.18336445982322
-0.378979218964128 0.290436392664775 0.198049952302788 0.0239549999178797
-0.0794474037068323 0.452064465465436 0.322963252134347 -0.308284722736343
0.230023070559007 0.375084596712042 0.048634506926195 -0.495892153429085
0.316809859879052 0.105731987236457 -0.262737575886817 -0.318625325567313
0.28484020908331 -0.0558980048341304 -0.323274301058467 -0.0629161319108382
0.213611523893944 -0.204501417406708 -0.19951117119381 0.103018751994827
0.155399845695879 -0.242506421508698 -0.0920542755114733 0.106026898027661
0.170471139321849 -0.237980496608273 -0.02621025308055 0.120190053195419
0.258666756208504 -0.12733046001561 -0.00200961678636009 0.156984824173487
0.300250654158913 0.00283010763308685 -0.000812302456511714 0.219034657847669
0.324477888885263 0.260717942492081 -0.125652318925892 0.242039112202233
0.0783169252699083 0.432204691232085 -0.290984884008243 0.168430231509749
-0.299601750893848 0.373441612485575 -0.266741023040823 0.0817734274858432
-0.558939499108785 0.216701528164439 -0.170665947155652 0.088294015457667
-0.562456501375574 0.0870244502494264 0.131648122424791 -0.169834903117473
-0.510093118545588 0.265793154883045 0.330473640490565 0.0309736026460151
-0.195387308020314 0.525762759354866 0.412138046528464 -0.261179704270555
0.212520580782369 0.497312796797701 0.153572210539807 -0.462922627707651
0.371912687126953 0.172096018080235 -0.14479852742771 -0.315881243651245
0.339125953294382 -0.0415568613059818 -0.206088942724125 -0.113375230254615
0.262735513313581 -0.22082494575617 -0.109433979914247 0.0292939014653123
0.187156845107592 -0.2715995489197 -0.0200675912342298 0.0248084355180295
0.187635095068791 -0.270293984542998 0.0478426129126719 0.0372221392172453
0.273487514654704 -0.155249350664472 0.08788969459639 0.0896358728818464
0.323340520821078 -0.0153680964683665 0.103908736182901 0.191064625298131
0.356668298754479 0.262122158320244 -0.0285804759507872 0.255388678159401
0.0957422433449713 0.453305562627806 -0.219621789592957 0.19935022863628
-0.300584019334597 0.382469046972771 -0.195628162401729 0.0764264717445733
-0.576687183695376 0.202538634832288 0.00336480459972027 0.075320057704202
-0.521779410400458 0.0176967292656223 0.349375913671379 -0.119165978267223
-0.534325356741306 0.18132003466453 0.451722819301725 0.0579480901730228
-0.273080748741523 0.478433040367275 0.468472686188642 -0.172757509382165
0.143178761403506 0.511619508870647 0.24451309564144 -0.370347329435959
0.3470617154218 0.202942505189163 -0.0115103996966172 -0.27493752520611
0.328783900219324 -0.0203180715440904 -0.0665725377072667 -0.145370339490398
0.265482925064829 -0.203331240413283 -0.0095160732798609 -0.0458154693909536
0.190221111719459 -0.260203794726266 0.0544160514607378 -0.0566753397168876
0.183396253657092 -0.262714141119608 0.117628159995479 -0.0482999167761746
0.258206934907106 -0.156380546102523 0.16901813745928 0.0189884712530773
0.304705731461017 -0.0185615616298554 0.192951727730669 0.153968221698098
0.32649122701715 0.246622221855031 0.0498057386820173 0.251174756215582
0.0740716896245844 0.41662976532525 -0.158099932440689 0.209117800957676
-0.29063726454471 0.324794528253305 -0.138101541999738 0.0518573749792373
-0.525696523361333 0.143639709102222 0.156202674221431 0.0550084104267624
-0.382264165549426 -0.0383778229871949 0.52083834744339 -0.0505416508434767
-0.434224524992011 0.0759403619810114 0.53200276414311 0.0891022641416094
-0.263664608202601 0.339838851170127 0.477883110393845 -0.0733460463837226
0.0658909957048404 0.409811084115046 0.298719591319438 -0.255503292133286
0.258569571228796 0.179005445389534 0.102594300690514 -0.218313661141482
0.25583600789242 -0.00627738542666759 0.0602237102103281 -0.163212388797617
0.217909951962688 -0.156947604743491 0.0802952958620043 -0.113601612943573
0.162482800017734 -0.211420417945107 0.120250028396613 -0.127051448343588
0.157544368478878 -0.214834645253681 0.181084244822321 -0.121492862221353
0.217407285391464 -0.130780374598064 0.238601026253434 -0.0363570403117714
0.255626986714881 -0.00688987762658714 0.262473086550604 0.12959815723282
0.251579248613948 0.223286685977268 0.101201669308613 0.249424024296077
0.022302619358181 0.341073271503333 -0.11329958057686 0.211630056122163
-0.269072417426263 0.222229443395725 -0.0934123877461521 0.0276668132547795
-0.415389644319721 0.0503756866578923 0.276588534102515 0.0457137303624685
-0.170130530456602 -0.0817481742438792 0.609456905470074 0.00907925495642492
-0.246808699707959 -0.0200057738720664 0.555102773984861 0.0996606504802792
-0.178125810687461 0.158876119111545 0.45340797024099 0.000229715776775586
0.00774180650246268 0.233942969686995 0.320553084979206 -0.164523651255247
0.137106284563745 0.108935945238832 0.178839602691691 -0.178390446348477
0.142399060263142 0.00145047123358306 0.146932389221948 -0.176870553073303
0.13292291290664 -0.0892807287688648 0.141232101054431 -0.166518982953173
0.109629798756391 -0.130457509170672 0.165904667250348 -0.175871920743332
0.111749190108335 -0.135552980258534 0.232263872144905 -0.171920581703107
0.1539831329201 -0.087285130064135 0.297285386589753 -0.0659227445289882
0.17944343368528 0.00814705896868315 0.314312064621966 0.13021009637822
0.153108125587964 0.177785826426809 0.129579667284935 0.265392008680217
-0.0314927871390795 0.230166955765637 -0.0880246054081976 0.221985386278972
-0.219535088424608 0.0956593199152768 -0.0652877148257224 0.0147890142703207
-0.254675630984809 -0.0507552288421228 0.353842592032148 0.052390041071458
0.0376343024237283 0.117883035120732 -0.436730341313579 0.017046725803444
0.108745254789777 -0.00273126882324861 0.0163202559291694 0.095999447103006
0.0691179158419795 -0.100691534479016 0.121428971707229 -0.247440358774278
-0.0494721811900363 -0.088976582961601 -0.121409592700838 -0.341821795017635
-0.0695093499623964 -0.0114802926910884 -0.372165455438583 -0.1818424963345
-0.0374849493582034 0.0232947258629681 -0.398763810682097 0.09395354683342
-0.0476963249254496 0.030299493297307 -0.283238376403607 0.227654046771477
-0.0449581355377375 0.0202537678092107 -0.188095874541725 0.247964504349084
-0.0354846808289694 -0.0016665773704367 -0.160783673829002 0.248956020563352
-0.0190477619332096 -0.0295881948878735 -0.181240254964135 0.244182703774053
-0.00114325625261379 -0.0496010603732125 -0.231145415055359 0.20485999289409
0.0671416289142228 -0.0494605559481982 -0.343848070846746 0.134144445795592
0.102937566390678 0.0195974100780268 -0.443556851091063 0.0146577024127281
0.032316853195337 0.122115525553553 -0.474709458402183 -0.0678056561105909
-0.0416513340968536 0.14020916268805 -0.590343980508175 0.023931445155473
-0.159357834102852 0.188732744467276 -0.401283538017556 -0.0667909340101731
-0.0144080879810514 0.141115883941677 0.0310253333157674 0.0669125072961003
0.0809501056485048 0.0864027723911298 0.148291905961762 -0.290496552228264
0.0815066561308776 0.0297839887824961 -0.114446290458771 -0.407778760723485
0.0636753105023576 -0.00641263897060678 -0.387748939329044 -0.220923883098977
0.068496540430065 -0.0309595357261513 -0.420153534752725 0.0719870140817287
0.033084360117796 -0.0759728292023954 -0.28451378172701 0.222165970255982
0.0222074409512209 -0.0911436356586614 -0.177106439726689 0.233891018620888
0.0507069070375504 -0.0976684763658515 -0.135917290464669 0.239429070901303
0.108525273720272 -0.0592843090794613 -0.147029593264445 0.24028577475381
0.127391904470669 -0.0046834951490809 -0.184283229444025 0.22097954950481
0.153609954026062 0.108900056822476 -0.294948859592996 0.16936989109049
0.0535563383499106 0.201925639348928 -0.40821681028424 0.0651538685147516
-0.143790652790263 0.222267876556739 -0.42003041833336 0.0105192395492589
-0.280328453324383 0.182479944734544 -0.500493373652685 0.0707732481719586
-0.351838002903893 0.213145730499916 -0.288571262209663 -0.139367809578006
-0.183745729281853 0.261021432707473 0.0938229886858877 0.0346240843976319
0.044029153850865 0.290895629662296 0.212894290005685 -0.329141156021005
0.198128084135104 0.190697565868341 -0.0712407466952436 -0.474268224788933
0.209053935020827 0.0251708932156431 -0.365908919399952 -0.271031046026692
0.184745148177264 -0.0677204049463189 -0.40178810758983 0.0239125002545967
0.121758129962488 -0.165548981981703 -0.255353260509374 0.182091045714891
0.0851689870258413 -0.189121734220483 -0.141541954139824 0.186995486215204
0.114922188948003 -0.187697558343235 -0.0834172640054967 0.196399106303796
0.203061256460513 -0.104122381124157 -0.0760800539464157 0.214536563967732
0.237208475927433 0.000678671189476611 -0.0943986577497237 0.234378321612713
0.262803199155294 0.206011254705777 -0.214514949780732 0.222175572690605
0.068467606803703 0.350393375195315 -0.355942436112226 0.136053362030103
-0.244929560312678 0.329621909644671 -0.347567300728761 0.0735130423147993
-0.458407676849511 0.232001319670164 -0.350274338906073 0.101314060324628
-0.501076123125413 0.190382383048627 -0.105848220986581 -0.182253132128143
-0.36610190965802 0.325048174483912 0.202614181978369 0.0122791590267462
-0.0437555566015683 0.468010388937483 0.305130546122845 -0.336587703782601
0.266664266698095 0.364224741126337 0.0126061069084256 -0.50877089618891
0.332791737750927 0.0828175327807325 -0.292207548202074 -0.308953964296121
0.286506073929396 -0.0807243004140524 -0.334242028858314 -0.0389382450308397
0.200993839335591 -0.224776619902937 -0.194716202681597 0.116102011102484
0.136042389462463 -0.259414504542652 -0.0861339621721977 0.113596688271061
0.152480966235777 -0.256213421547013 -0.0173965123160291 0.123382876994089
0.254572615575904 -0.150727016296488 0.0108529439898075 0.160103895817815
0.307962867664113 -0.0207777872563696 0.0147333919764375 0.224213321159456
0.353097228262424 0.238570394616148 -0.113230836812933 0.259326452059772
0.113792641916573 0.436604021586332 -0.285006880919959 0.194073972474205
-0.279333850320698 0.404531574505586 -0.26780520237232 0.100700731496113
-0.554939263480948 0.263144125375111 -0.170061413915453 0.100094070585334
-0.569550784364617 0.131280218959291 0.121563060019717 -0.183952121077469
-0.501899963601495 0.310763324470375 0.338867060430005 0.00983762358735371
-0.156889294846438 0.553486416375739 0.399740662841399 -0.29722207716533
0.257576244819988 0.491334426191511 0.121389932887041 -0.482869410618254
0.394789529746048 0.146420596140828 -0.171696421604374 -0.313213573139361
0.343679627220704 -0.0691483836958063 -0.21892479869596 -0.0985834716807454
0.249708995764137 -0.244762823581011 -0.109480590194931 0.033791996953602
0.164820000979368 -0.291324021172952 -0.0184486908753437 0.0253406326892898
0.168106697265145 -0.291261605995764 0.0511628578692492 0.0338872785366893
0.267199350471563 -0.179184061044904 0.0972295459313618 0.084832441390372
0.329478122400007 -0.0414704366432295 0.119482637263161 0.186211922724806
0.385859767257948 0.236064078564109 -0.0118086712175572 0.265137254622027
0.13351476108998 0.454683921852622 -0.211096922194874 0.222874328285907
-0.278864328500502 0.413220390440858 -0.196270692109862 0.090906641125643
-0.573165645308545 0.252563072124717 0.00815879707880059 0.0742857044205763
-0.530713876473455 0.0559463968717882 0.350285335576737 -0.146266726769715
-0.53355494415578 0.225880334668933 0.464385891719597 0.0277518984255759
-0.239358409380004 0.511225920164839 0.465069657079834 -0.209662542163017
0.186010106769719 0.510617159419255 0.221975048671331 -0.393419870794807
0.371648996249757 0.181610987611037 -0.0322844183029261 -0.280297791286307
0.334722852974743 -0.0455030836497508 -0.0801121800711382 -0.142414442234875
0.253377009727599 -0.22716211105524 -0.0137303343296992 -0.0495444478304022
0.169004737612698 -0.279471435452394 0.051020618603382 -0.0629711694786106
0.163508841956555 -0.28248912937563 0.115722863800203 -0.0577985343705346
0.250729669297114 -0.179771227906477 0.173660375687169 0.00743916489556529
0.310351223795088 -0.0420880971048108 0.20797616207703 0.142640194324266
0.353522639114365 0.223968720906663 0.0673649886848543 0.254771132606845
0.108236043208958 0.419501768537329 -0.146840005769999 0.228364315939815
-0.273025499821594 0.35230716207597 -0.138996074504032 0.0633789443690692
-0.524359589618175 0.187450310920769 0.163353441749638 0.0423049252366292
-0.391741837019615 -0.00920841957807043 0.530841614051333 -0.0889175508050141
-0.437316062467591 0.112226657205394 0.547098083238541 0.0528613869555856
-0.242939370368949 0.366985297377675 0.482238103270401 -0.107065490237738
0.0985772105767262 0.414833466433927 0.286631840572489 -0.27982940729716
0.278163489951337 0.163867707932868 0.0901089070343222 -0.231124889670411
0.261214545153848 -0.0243675112959347 0.0491277962175334 -0.170496284574816
0.208668646808426 -0.175787394963128 0.0731373446198633 -0.124689277467251
0.145835143590863 -0.227638605436625 0.112817844762584 -0.13928358655076
0.142295430533191 -0.231782126907666 0.174281919980147 -0.135911431139778
0.211177268323598 -0.150700466827449 0.240099852923052 -0.0540542017330214
0.259321611988949 -0.0267246809302339 0.277827795824395 0.112818827302802
0.273892898451593 0.206519895744465 0.120482181982227 0.248795381767134
0.0498851595825006 0.34474841603996 -0.100755401964793 0.227972042079956
-0.258050162713764 0.246265020636273 -0.0954481422638492 0.035821709896865
-0.418045044099972 0.0835834356919436 0.286172238962529 0.024031016807109
-0.178969825027968 -0.0690617699844473 0.626511749179732 -0.0312280332415327
-0.252021034438384 -0.000574199952851143 0.571923294563335 0.0623424195286256
-0.169559157944639 0.176546577407468 0.462237972472746 -0.0304837379805897
0.0255189760209469 0.239244395318507 0.315542719226577 -0.18688759558426
0.147882052673211 0.102556160398393 0.171424827885951 -0.194514648619425
0.145580079323309 -0.00761841320508583 0.136749860406988 -0.191912962590131
0.128416987572588 -0.100125452112796 0.131360269997698 -0.181283995564686
0.0990524839232787 -0.141620643400413 0.157278634442139 -0.191452941883894
0.101915651287808 -0.146860455202854 0.221984642524929 -0.191443755853054
0.14909524661574 -0.100832164962258 0.296912652869224 -0.0875040831408878
0.183395216044423 -0.00505675387172424 0.330593836523852 0.109306138276721
0.169245563038134 0.167966992250923 0.151545045221325 0.262991842228653
-0.0146722158674491 0.236104139331258 -0.0749951716747446 0.235814867472056
-0.216874474286905 0.112546354142871 -0.0687224852890925 0.020733487737368
-0.261389500075019 -0.0311260490371 0.366178913309752 0.0247868497503232
0.0507623377967523 0.115171624629997 -0.433739683404395 0.0574186935650268
0.10868899069989 -0.0107791814461409 0.0257772269319422 0.0959920816747773
0.0594435269152787 -0.107696062470895 0.0968738003107636 -0.255867534017869
-0.0563737319516844 -0.0839028653972592 -0.152528897087877 -0.330334481369619
-0.070110181557512 -0.00550688579038945 -0.386503152848544 -0.146687573159537
-0.0352749258108419 0.0249434895462814 -0.384985375032818 0.129445189167452
-0.0432603187146061 0.0337556032224349 -0.257511797305347 0.253247473826333
-0.0422332220209291 0.0249791185707139 -0.1623203968545 0.26355116815938
-0.0355155035446687 0.000802602266559115 -0.135335549260186 0.262665382053827
-0.021141911243996 -0.0285293106831716 -0.155796755942939 0.260337769092957
-0.00491488118818391 -0.0490635774683624 -0.212112322819337 0.226785861262729
0.0619269199132827 -0.0551015541736517 -0.328668241566336 0.167108302446029
0.102034997577915 0.0111477420525889 -0.438612115322689 0.0538847127776616
0.0435779751891366 0.120772252031258 -0.478093000539234 -0.0303345700671455
-0.0269571706409917 0.143438534812463 -0.58887351243388 0.0779668322856893
-0.139051188384275 0.20389551940892 -0.407454634959672 -0.0292626426971604
-5.79975499131386E-05 0.143291260332339 0.0375023524650524 0.0653914414953293
0.0904072387437234 0.0767015743651902 0.119291250582381 -0.300948827821761
0.0852978777753068 0.02084282138504 -0.151948373361301 -0.394692044067903
0.063050294473384 -0.0143064693119425 -0.406058386923131 -0.184269210155299
0.0653096267760917 -0.0389486741028116 -0.409288138511266 0.111241561902793
0.02556054363775 -0.0788068887860819 -0.260397995755077 0.245681640523888
0.0120180847003349 -0.0918589820934482 -0.152877512509646 0.248641658433918
0.0395738856897107 -0.102941333099095 -0.111562668755246 0.249873180120436
0.101814186974202 -0.0704051519878452 -0.121291360861778 0.252165070004764
0.126724823999175 -0.0172450645397055 -0.163203554753656 0.237595120293104
0.163705893848222 0.0920571357082127 -0.278579118625117 0.197740966888153
0.0718445314796008 0.196815093253601 -0.399558142455494 0.101582436230048
-0.122888600479353 0.236955623564805 -0.417918954805634 0.043567155016015
-0.259859113812084 0.208401135674838 -0.495297420889431 0.115472793861855
-0.328805969187709 0.245918572048662 -0.302417860394154 -0.112680742372067
-0.158681650491204 0.277166388522134 0.0963401961606133 0.0284175825614397
0.0740839392295286 0.28391788787627 0.178864380614892 -0.345159545224752
0.217378564494578 0.169471001278985 -0.116491966752567 -0.465119710420281
0.210764998020611 0.00350986122879384 -0.390137262563629 -0.235985623842197
0.177339955526985 -0.0876300083109473 -0.396022198418851 0.0621612063519837
0.105012730083292 -0.176427140355608 -0.236746457057511 0.202912468378333
0.0638032132587022 -0.19465899156154 -0.12282822477118 0.198208791832782
0.0937634130993152 -0.198138451868994 -0.0642184395387681 0.201483215970126
0.191817885932108 -0.124572752262847 -0.0535017692465664 0.219937145381057
0.236267538972077 -0.0226521265377298 -0.0728262634272829 0.242623666149912
0.282872690045052 0.176330011137644 -0.19454016502856 0.243960382190587
0.101903400553753 0.341990328435747 -0.341151990259116 0.168543144364664
-0.212504634647034 0.352640222362598 -0.34049189816549 0.101326121472424
-0.431668559035916 0.276362885969226 -0.341236358505652 0.129755295529908
-0.480077576833509 0.237665480268274 -0.124288762628909 -0.17253543774485
-0.333701499384726 0.359107787025143 0.201571942878599 -0.00400220619308945
0.00378097044052688 0.469048903968024 0.269081971535442 -0.361189021618038
0.303001590415565 0.334931481820054 -0.0354276862617724 -0.50616759452476
0.340308099309589 0.0493345591087768 -0.321720032182357 -0.280087242435015
0.277301486815795 -0.109926448269649 -0.335423099731239 -0.00580151688565967
0.176779435565105 -0.24177969899014 -0.182952519257838 0.129935653338059
0.105316303306909 -0.269293153946422 -0.0756325819472453 0.119894517208467
0.124290594985195 -0.269631438990797 -0.00607913071379666 0.123090504860079
0.238190638174356 -0.175736041861345 0.0275326068478833 0.157306479678528
0.304492804473863 -0.050706072461745 0.0351784467020028 0.221223818010415
0.375291453373383 0.199699476678387 -0.0895549700419325 0.27089095576739
0.154432821500749 0.423800806701973 -0.265973796579064 0.221031103454738
-0.23958422314694 0.429060759061971 -0.258110501401854 0.123382267081797
-0.522632514450157 0.317064574025536 -0.161627050191935 0.112171088575676
-0.552387870426982 0.182663718633984 0.103043664071428 -0.194784022500916
-0.469340863887614 0.356326450230805 0.33488917841669 -0.019998726157399
-0.100479998227173 0.564560512253507 0.366786281398455 -0.32975999137256
0.306101426728832 0.461686773091203 0.0759305620584224 -0.488151917159548
0.408110494420003 0.106988161365411 -0.200762901973059 -0.296313706630551
0.334515326915342 -0.10279598781429 -0.226846044558869 -0.0764712901030809
0.222704948823965 -0.266306455639997 -0.105684525026878 0.0401107574256895
0.13073827667744 -0.303343494499628 -0.0165656960449118 0.0256697204968586
0.135012194931852 -0.304238758037078 0.0532078167044556 0.0281026471842371
0.248039480566958 -0.205260516897599 0.105057882828825 0.0748983384901216
0.323954773532796 -0.0733049312408031 0.136188574566233 0.174067628792821
0.406721051495979 0.193666478598557 0.012159845638245 0.268124232695549
0.17807099262466 0.437650180315474 -0.189008302451857 0.243699770011077
-0.238467920674108 0.437741264884618 -0.188465186027585 0.107881644308487
-0.540640902092253 0.307099841803604 0.0140671349962581 0.0693552541227559
-0.522062176758886 0.109271220144342 0.334548802948667 -0.178298329813057
-0.508135408205532 0.27542153242353 0.461189237999476 -0.0134009121307287
-0.185466701617207 0.530944496717121 0.440108679830196 -0.24845010922747
0.236058757639813 0.488858372063543 0.184049827368664 -0.409476091608191
0.387828293555706 0.14460585488822 -0.0579627305926905 -0.276232414160664
0.32892352931709 -0.0777479820586404 -0.0921120577063191 -0.132610642594169
0.227946002912091 -0.249040137415937 -0.0186181424024255 -0.0514800942035706
0.135760289051103 -0.293061981017644 0.0440173947299208 -0.0684071599972619
0.131943631845773 -0.295609421928596 0.108431247007828 -0.0681623200218491
0.231734916934272 -0.202292699217248 0.172364736485878 -0.00909127492960608
0.304230035469315 -0.072501131133778 0.219885803262107 0.121309788681208
0.372991272957111 0.186000439070957 0.090506912372953 0.249575340391152
0.148065034955526 0.404325082209437 -0.125295963728403 0.243898966009406
-0.237564910986956 0.374482731434815 -0.134666716893165 0.0758642531203231
-0.49788539538984 0.238424326122038 0.165653252845544 0.0232162776871743
-0.38904757130112 0.0284958502785301 0.520714928805151 -0.135737248018401
-0.42319200358109 0.15349880864512 0.546415076610829 0.0039510582315565
-0.202127862889925 0.388219961877238 0.467650702488698 -0.149524568370927
0.13860659680502 0.402001941465055 0.259491786005911 -0.300940343187705
0.292740294034945 0.136724860779143 0.0684795614289695 -0.23720818649369
0.25788773523588 -0.0490292806501688 0.0330639881317956 -0.17364083010474
0.188904828084413 -0.193958052684744 0.0610561138847633 -0.132831179388265
0.11904113004032 -0.238683530297638 0.0998276547239508 -0.150039338449806
0.116052251453064 -0.243118746433742 0.159022594672066 -0.150991176949036
0.194421124623453 -0.169355491031641 0.232558260816853 -0.0753775055108852
0.254960722157396 -0.0511275095190787 0.285735800243754 0.0844994966911552
0.291967173740934 0.176089071084775 0.141488769628882 0.237650316854578
0.0824125624167378 0.336022745241532 -0.0797224058738458 0.238332725368549
-0.233700724362318 0.267494366493513 -0.0936792430469623 0.0456947165571544
-0.403942941669797 0.124365364508213 0.286478160296229 -0.00629790246070942
-0.183271681852546 -0.0506143973720391 0.623365954443416 -0.0892660951607443
-0.249504392562933 0.0246802843928769 0.571982367050932 0.0129033640854958
-0.148893505167591 0.192186089884916 0.458336889277208 -0.0705228072233843
0.048273412473311 0.235131844744784 0.297761689281448 -0.212471163583734
0.156654985464981 0.0889048542489655 0.153667171797459 -0.210184505265788
0.14401046576553 -0.0196888906067515 0.117325471709787 -0.203959269820001
0.117259000337091 -0.1108276535962 0.113519442967337 -0.193819176420505
0.0822146204066163 -0.149319620117054 0.139082436917786 -0.205832417282248
0.0858214976666725 -0.15513424318172 0.201390781093068 -0.210507671278629
0.13725626822385 -0.114902930168225 0.285943216481827 -0.113066086438244
0.181600190711841 -0.022455089651918 0.33791725975332 0.0767380502182976
0.184226247972495 0.148096766710613 0.173199816097736 0.248918004545337
0.00760998741491457 0.233706151326282 -0.0530917639350774 0.244054516547822
-0.204711254432881 0.132264974782165 -0.067521704299872 0.0281537163719453
-0.260307414823559 -0.0050900432553744 0.366583612881633 -0.0127848614956313
0.060965526659844 0.107067012379274 -0.411718254408534 0.0920631076208263
0.104367291020995 -0.0182437484601308 0.0337476655241578 0.0918324172738202
0.0479501976183273 -0.109421463004993 0.0718794041610959 -0.25142634278481
-0.060776878738573 -0.0767051526480012 -0.171947237427995 -0.305351067724386
-0.0677954055970195 -0.000311632683814879 -0.381232198959834 -0.109836068562163
-0.0310981711896088 0.0248996535068593 -0.355238667647142 0.155574322612061
-0.0375177733476241 0.0352752456640401 -0.223767450403585 0.263039551689441
-0.0378567292993543 0.0277707465546132 -0.133102918329377 0.265282076805407
-0.0337197725808091 0.00382169822934227 -0.106295357016792 0.261970525116106
-0.0226679897569534 -0.025799183904436 -0.125513614688238 0.261509001051099
-0.00892467919019645 -0.0463644819759978 -0.183552002676749 0.235737183498492
0.0541245916875055 -0.0575127095014205 -0.299545866915224 0.187467870604963
0.096965156855195 0.0037402913449517 -0.414413289239571 0.0856587923421726
0.0512727808553209 0.114152973433824 -0.46004282531384 0.0040686632318818
-0.013664254000869 0.13891310974939 -0.560033070020237 0.123238728083249
-0.11350479373877 0.207306209737882 -0.395337576195071 0.0044682647871519
0.0122405478928039 0.137942812834303 0.0414555007170124 0.0622000027905839
0.0937889937858145 0.0641344135139111 0.089341535271265 -0.295803087477531
0.0846719202332018 0.0112124238078452 -0.177949067264052 -0.366097100400267
0.0591608646315445 -0.0194233692700185 -0.404631702930266 -0.144277031567142
0.0593282381764922 -0.0447402126277221 -0.379215034885972 0.139591567395628
0.0179478838048162 -0.0779958888207828 -0.22715694873701 0.255909640447557
0.00239944707593352 -0.0875163899278103 -0.125662682090774 0.249504166102976
0.0278482168778334 -0.101785764564903 -0.0851251126542869 0.247553463418688
0.0919634926881675 -0.0772059800960082 -0.0944625766714928 0.251040897739384
0.120493525897308 -0.0274111326644245 -0.136501764675324 0.2409827927943
0.16477908293413 0.0733483786771828 -0.249763599150363 0.214118763561678
0.0842219893364367 0.183657355523584 -0.373957796193108 0.128388655457452
-0.0982314953170546 0.238300351300255 -0.396804402322718 0.0702832606195579
-0.230254138212804 0.220932319221059 -0.468376681877114 0.148235327926821
-0.292821512999873 0.262814513559096 -0.30151112408515 -0.0831390438640907
-0.129356209416873 0.278480559875907 0.0942111599919085 0.0222974817094878
0.0969867994172366 0.263471632502788 0.141709841874156 -0.341179241163369
0.225016494783491 0.1412946852645 -0.148804714708912 -0.434714702288208
0.202561800840365 -0.0151025118975224 -0.393338553413052 -0.194625443706731
0.16252453073449 -0.09999127578998 -0.371823970318147 0.0930485025651528
0.0849081189134153 -0.177190526512961 -0.209019497757117 0.211275880612004
0.0418456250967807 -0.189820880168343 -0.101419638194511 0.198679287598821
0.0706859295618044 -0.19715933835786 -0.0441629755700331 0.196616990228525
0.173015601129678 -0.137050211043148 -0.0322955270986727 0.213861848248799
0.224768846301546 -0.0426561773658687 -0.049788206431562 0.238307759645896
0.285763445802654 0.142152988997853 -0.165438704454861 0.252205030697313
0.126674344128247 0.320027200545675 -0.313661011034204 0.188431317278069
-0.174694270509006 0.356814966941413 -0.318687729830321 0.121497173117372
-0.387207313035264 0.30002399357979 -0.318918384361392 0.149819576883453
-0.43869129206156 0.266751818210593 -0.135348857075175 -0.154840430852812
-0.290655913560788 0.371360795870875 0.19117284151284 -0.0170593331175346
0.0457331145325789 0.44614528297299 0.226500915601882 -0.364195679308978
0.321043241693694 0.294307261221276 -0.0750156336697494 -0.479916083062696
0.331084609247157 0.0177841946309566 -0.330098522448488 -0.241542653681069
0.256472676168138 -0.129604235203833 -0.319481153864202 0.023378973232646
0.1480410557873 -0.246525543650078 -0.164441431861386 0.13665483445105
0.0747990629826474 -0.264309485546971 -0.0627413411978863 0.119594581946398
0.0921440471884396 -0.267563527508103 0.00425978177200442 0.116759764598338
0.213454710639074 -0.189303319315399 0.0396548127465973 0.147233733637454
0.287446485671907 -0.0756606978042748 0.0516185865274387 0.209083819175455
0.376777563539912 0.156241837013274 -0.0622695254608258 0.27021420604727
0.18552803305703 0.391628499250007 -0.237219138300054 0.233567434643651
-0.193841379931375 0.430692858620275 -0.23938822392127 0.136689120333027
-0.471120327418335 0.346590958050539 -0.147892560535289 0.118498851557064
-0.513094390079306 0.222411501365173 0.0811657333526835 -0.194857815285246
-0.421272338039917 0.380818447063859 0.316586877532686 -0.0425553662952303
-0.0457424442506774 0.547051715666918 0.323096131040288 -0.341644491517962
0.335402718471993 0.414971522547354 0.0328261154063313 -0.471362640697103
0.399944936010785 0.0680351573332001 -0.216227719552997 -0.267642696253482
0.312790354206962 -0.127642296742073 -0.221237167291876 -0.0530781528808465
0.189164265475957 -0.273546913073818 -0.0985333044547617 0.0440722001764145
0.0958816643796763 -0.299360640499829 -0.0144974496444188 0.0247971224103052
0.0994211070675414 -0.301165383218378 0.0529568404945623 0.021594184199037
0.2200722918447 -0.217753099087853 0.105968635179321 0.0623020418869365
0.304334575775346 -0.0980831669377793 0.144144530883892 0.155132215404344
0.405406706770665 0.147809439759574 0.0341590268594488 0.258559261452075
0.208874289951487 0.402828596309518 -0.161206636086716 0.2497584341001
-0.190227906969198 0.437542630423701 -0.173668068418542 0.117978207744538
-0.487639240196606 0.33904440310681 0.0167316112697723 0.0618550624335073
-0.490007686685307 0.147402903457878 0.305064472757522 -0.19765045469845
-0.462694589501643 0.308093623526407 0.436867779890553 -0.0472590580836002
-0.129535752250001 0.523370864457485 0.399197334965063 -0.270507808013808
0.270512068346595 0.448579611128586 0.14386259200664 -0.404693779931695
0.384134302491041 0.105734390697534 -0.0773020342090983 -0.25912484154541
0.309055235929888 -0.101938403845203 -0.0981559999161881 -0.119307329125258
0.195453651989402 -0.256148587069052 -0.0223690044845402 -0.0506133939229649
0.101640096648447 -0.289932435386001 0.0362398423521562 -0.0699734766327383
0.0973474158216171 -0.291683252259716 0.0978561685206313 -0.0740770222652098
0.203698580062443 -0.213028409229901 0.163655760113324 -0.0219867727087863
0.285052553593073 -0.0946976227269979 0.220064777265373 0.0979081121426563
0.372221468981718 0.143806360715071 0.106944406355109 0.234143846782812
0.177076319259494 0.373057044195677 -0.100197496887977 0.246422961643618
-0.196401736294094 0.377630037987857 -0.123946881410011 0.0839278874220844
-0.453015921356814 0.269529631539555 0.159543757376379 0.00577561273424426
-0.367979461184425 0.0607505383283753 0.488724926034996 -0.172261892728497
-0.391152743803492 0.182058371308692 0.519261720544086 -0.0383577615130977
-0.157644849159436 0.387715656994971 0.436084759354271 -0.17662678905345
0.168386859704327 0.373346710131327 0.22460756625902 -0.307064998088367
0.291857049207487 0.106349629762586 0.0473457496830065 -0.233123162684815
0.243987102982321 -0.0676500711959309 0.0183044186836843 -0.168904941920153
0.163173518586548 -0.199854672445852 0.0463091410014895 -0.134976792042951
0.0905959001603348 -0.237020433313979 0.0824133614303491 -0.15329376327034
0.0878704816781819 -0.241225894722175 0.13906728578039 -0.156692235213838
0.17069694832948 -0.178682684305684 0.215338046447307 -0.0908629374139693
0.23940139461749 -0.0703077069424393 0.279397056229766 0.0579845694852427
0.293871159258984 0.141519675540692 0.155925972534231 0.219014586850885
0.10737732515906 0.31277253189416 -0.0570538272925455 0.236460477286054
-0.201744471043124 0.274227808424099 -0.0867887134493581 0.0524454952611085
-0.371585956702869 0.153317828534278 0.273043951959437 -0.0327891608478878
-0.177349579040885 -0.0323543962075096 0.590170119472635 -0.134809137411956
-0.234134271463862 0.0449206675786062 0.545376732423944 -0.0336093971539096
-0.124645635327856 0.195126578876302 0.43243530507069 -0.10023602768793
0.0671492420335213 0.221949668887741 0.268626658341207 -0.225175663935859
0.158054510156029 0.0730147806405779 0.131592235326669 -0.214167882266306
0.137237641776252 -0.0300181080441174 0.0966471395880792 -0.206221549723136
0.102178157469896 -0.114895589235185 0.0918745588536469 -0.197208660605368
0.0637410616470503 -0.149340526838341 0.116301894974466 -0.209995862922904
0.0670903087715868 -0.15557467284931 0.174609350928494 -0.216430595640452
0.120131471692678 -0.121395165495213 0.262877156552546 -0.130142738014275
0.171870348902952 -0.0359474520505605 0.328979852634181 0.0450199839836855
0.188366286309927 0.125527697239287 0.18637185099497 0.225105040257605
0.0260426594568675 0.220791653496378 -0.031831251165543 0.239504757086893
-0.185882710494172 0.14206315485525 -0.0633249203663389 0.0341753943112803
-0.246301761506137 0.0176434706094079 0.349752789114563 -0.0453080703540148
0.0694043177957885 0.0959633264718339 -0.362451240378036 0.169421839087721
0.0958804037068132 -0.0325789733375774 0.0553207739289056 0.0814425981747149
0.0226544104573725 -0.109683361870974 0.0276065161842864 -0.253462202325011
-0.074549486930417 -0.058227885234232 -0.218346411343573 -0.263474823153478
-0.0652054845953716 0.0173739071500942 -0.38282500190954 -0.0352868344226214
-0.0232176317483644 0.0308519564565663 -0.307951292779732 0.207428636561257
-0.0260536521072386 0.0400050023954858 -0.169049495662215 0.288172685147228
-0.0290857970139182 0.0329510130451567 -0.0796858541989785 0.270399968120604
-0.0287023244663063 0.00956969645683857 -0.052473750513845 0.265531478440324
-0.0248388358460326 -0.0185683490810843 -0.0679049742841589 0.268722655059841
-0.0141417586708801 -0.0389807118311067 -0.128955529870294 0.254710854334329
0.0379262652905787 -0.0589103693748344 -0.244201847149471 0.228703863109867
0.0846843996467452 -0.00759234907508003 -0.368773179289641 0.154827121963634
0.0589038936597589 0.0972460469974805 -0.429643354850466 0.0841426744630863
0.000513349710161303 0.136263190827628 -0.503357682721131 0.204443837939494
-0.0787827212933777 0.211764691780953 -0.37222840138437 0.0898403853730433
0.0346719812406457 0.12427651250442 0.0522629542257757 0.057945721916621
0.0909546558994899 0.0391991896769505 0.0354668285514333 -0.284626707836588
0.0712220454534236 -0.00373973132284234 -0.227523817559688 -0.309810319939416
0.0469113540880359 -0.020144984816621 -0.400951227067604 -0.063149612396887
0.04984974030371 -0.0473249254384666 -0.328878079151781 0.195496428270294
0.00601657529058631 -0.0723440885431026 -0.170167673853672 0.277120801548576
-0.00987107011217946 -0.0786615649134339 -0.0746255991572201 0.254078932563582
0.0107972941534603 -0.0975407058754745 -0.0349613557953182 0.250014438983845
0.073972060692413 -0.0853435817681863 -0.0400346973275433 0.255641668706772
0.10834949538565 -0.0395051349605262 -0.0837489284837541 0.251967604711398
0.162034381104131 0.044145820164724 -0.196948690063473 0.24495180712678
0.0993188779223663 0.158970125169559 -0.325712684052841 0.189853245145558
-0.0590164309735058 0.236914559925418 -0.35983425621579 0.130875788571873
-0.187564369110585 0.243919142617479 -0.415704937656465 0.211100051490398
-0.234971698299867 0.285444747678459 -0.310993515845846 -0.00727306210064635
-0.0730392810717576 0.274104867749082 0.086219773822838 0.0163612704077406
0.125090497593228 0.218222193576346 0.0738185292641955 -0.323029904399582
0.219637392411824 0.089137703271565 -0.208473167375523 -0.365208250006025
0.177447764095529 -0.0397916267907414 -0.390858734440994 -0.110426620513298
0.136068230568534 -0.114121651071211 -0.324967105482327 0.147856375199424
0.0506524159799 -0.174407935810594 -0.156157687654478 0.228653331131524
0.0105735095114805 -0.17901074182341 -0.0600649006731122 0.202032598477756
0.0346259911766244 -0.192857889767436 -0.00468000501023914 0.196224534279234
0.140032357304631 -0.15504717750888 0.012725978925388 0.211309943760823
0.203418346990446 -0.0681839457650365 -0.00335899102473884 0.233755547339049
0.286631524558677 0.0893519268452322 -0.114511262942248 0.265538474902189
0.158992811136515 0.278381862105798 -0.259950333267902 0.238694788175865
-0.1105684034794 0.358445628906687 -0.278679815996336 0.161758964152902
-0.321044002278752 0.339849059260425 -0.27627483196588 0.185602747940905
-0.367709927173281 0.306874182099459 -0.177691416003312 -0.105313868586223
-0.206105615038059 0.382404927733876 0.162149980843249 -0.0358715644134744
0.108533151122973 0.38974770605367 0.141659035837117 -0.346996703593735
0.331876514858613 0.208385684337072 -0.146348934611356 -0.407352446154427
0.298726208427966 -0.0312359003206163 -0.332381891733763 -0.163800213113601
0.218789650040584 -0.156233510755112 -0.284095969153173 0.0717491031060874
0.0967856238734252 -0.24833999543793 -0.12276955540489 0.148148139021048
0.0294507718697823 -0.25232693770231 -0.0363143693153866 0.121024504223289
0.0430042660257163 -0.261384380340033 0.027449122609124 0.113912671922067
0.169507305636628 -0.210453015458693 0.0685293806272616 0.137390623923276
0.257662657825221 -0.108289930388919 0.0856770594946027 0.187277075882217
0.375237087202378 0.0880575440751067 -0.0165044921935916 0.265258652965099
0.223646429825659 0.335658195265405 -0.181296889721728 0.268639385082609
-0.115644367395801 0.430374700422619 -0.203509551219556 0.160364315083584
-0.389319367240077 0.394690401568685 -0.12309590370834 0.126249351711
-0.439198842692646 0.272872719000972 0.0133402700234235 -0.185665144869046
-0.324914345349046 0.409622998193424 0.268538951584457 -0.0834087271923853
0.0429033707629735 0.493516742643704 0.228257015295237 -0.336919343009891
0.366066887246935 0.31417140034291 -0.046326732887213 -0.409308840261211
0.370881436398466 0.00103087420608165 -0.22469001845593 -0.203589759603723
0.269995731863444 -0.164361785401845 -0.202708267994067 -0.0164697583344447
0.12983823770429 -0.280499046218188 -0.0734710824280803 0.048609115198709
0.0435798783978187 -0.288165541545942 -0.00689222505975521 0.0238384976220497
0.0435761714619549 -0.294355904057424 0.0558932721235606 0.0161403956619993
0.171275554986758 -0.23775706569546 0.115926795981128 0.0454662157796706
0.270655696794053 -0.131544675029877 0.162769760970991 0.119265536491575
0.402225922684692 0.0760358185207345 0.0716568034951034 0.236782822268394
0.24750045446555 0.341603328693952 -0.107947147393605 0.271877213188176
-0.111362137652677 0.434430448325069 -0.145476460585078 0.131833457814403
-0.404363860044852 0.388039593841122 0.021264987074619 0.0468708417717995
-0.425417008720421 0.199064584253531 0.222734605403581 -0.234766954643659
-0.371769939351787 0.344649248479764 0.378432375943665 -0.113033765265657
-0.0362714963076738 0.484326208921926 0.307255758827961 -0.288053297156956
0.314383616225182 0.353821787518435 0.0650074012186882 -0.365525201002881
0.362132004831503 0.0357606009437984 -0.0946951486387965 -0.220204498848248
0.269847917948704 -0.140744827322859 -0.0983797241969247 -0.0998085955860092
0.137236937270038 -0.266241717066624 -0.0169039377063223 -0.0537702204133126
0.0496249333148778 -0.281248486753817 0.0244948095226351 -0.0737282970399497
0.0428116067222457 -0.285427421922848 0.0809148627895727 -0.0813125766577432
0.156148400526722 -0.232173135093397 0.153815923156655 -0.0442577014859718
0.253404756510565 -0.126532548271362 0.222494279870592 0.0518264396617546
0.370815206699994 0.0771746299953951 0.135344434510464 0.200983826134637
0.214156907471471 0.317945056304574 -0.0501466360113867 0.256199252430583
-0.124282737106354 0.380025676332616 -0.104118345451988 0.0931213766430903
-0.380233930467163 0.315987893860182 0.145034514072888 -0.0287708423233676
-0.322566463735379 0.0992835354113288 0.403762880768507 -0.249658146053227
-0.325724927807673 0.219489662598762 0.460648722095364 -0.12345144646256
-0.0813180247936781 0.366090113445539 0.35827813574948 -0.217190166540926
0.213156517322831 0.301861947794489 0.155252626150285 -0.297479851233859
0.279134211277922 0.0490354492075894 0.0217943045902155 -0.218384863567128
0.214547206868343 -0.100058354106266 -0.000351522262414648 -0.166109783881385
0.1163410129214 -0.210537768238959 0.0319460714048233 -0.143370312437298
0.0464302878745142 -0.231749923039155 0.0535806020736121 -0.159159735413294
0.0411242312737629 -0.237918823981423 0.104714191409259 -0.167653855580624
0.131454130331259 -0.194333871905064 0.188763723455222 -0.118808966448091
0.214783779770644 -0.0983343665185298 0.270523127032696 0.0028616942788772
0.298121647349645 0.0881502478831853 0.178661247804927 0.176871311518169
0.14121128299185 0.272720067262502 -0.0119296585933339 0.238961009116367
-0.145174529472986 0.284801599979474 -0.0733682364143223 0.058699032626998
-0.319357990356678 0.195126767517116 0.245534318909277 -0.0825445060150307
-0.158772263053083 -0.0138158606978663 0.516515220517655 -0.238507230052334
-0.202518397525699 0.0687802692923979 0.494036300220578 -0.128159007947571
-0.0800399436938296 0.186764719307669 0.375651215094029 -0.158082204299197
0.097361858363002 0.183444986891345 0.21088078313892 -0.242373137677015
0.152283479993721 0.0381194029026068 0.0957551820918909 -0.218952013782071
0.120717343778979 -0.0494905962352217 0.0608904174585501 -0.214174319804253
0.073858425026285 -0.12240484358535 0.0612911325612078 -0.207855304671002
0.0345580386628089 -0.147974479583928 0.0753412009455937 -0.218491581751998
0.0357318212423864 -0.156262325827935 0.126525604683741 -0.231259998615243
0.0930561840116462 -0.132439348960902 0.224845897763604 -0.166795528253858
0.157458612263569 -0.0576732549735222 0.314683531353809 -0.0189426412155216
0.196766830980846 0.089963993979033 0.2100860178848 0.1772243984429
0.0535511053360734 0.200281997919645 0.0124496347232278 0.234348383086286
-0.150231080625245 0.160393916085405 -0.0529218664486893 0.0389094934448863
-0.221245685324126 0.0494487094414937 0.316107408953482 -0.105326784705343
0.06953446579105 0.0905025958997321 -0.346997775583167 0.167616428351591
0.0929006496426791 -0.0307985412803222 0.0567031212470596 0.079082509446419
0.0200264943652334 -0.105827965337441 0.025589078567874 -0.242413195146237
-0.0720307477885435 -0.0548854227438061 -0.21150018007232 -0.251324326221809
-0.0615939968820414 0.017056335005577 -0.367075661148898 -0.031952896402484
-0.0223778480122721 0.027965493841181 -0.291111819405064 0.200849833557769
-0.0240700508405649 0.0379478560234552 -0.157235846714664 0.27681981031847
-0.0268338571401961 0.0319993177708441 -0.0732991089895337 0.260033481674263
-0.0271458737213902 0.00980914822429683 -0.0471838587064256 0.254608656130265
-0.023789803355494 -0.017213793829881 -0.0614721503549446 0.257975942393597
-0.0144314765387169 -0.0369184769144876 -0.121319290220873 0.245822172483764
0.036198566576282 -0.0562712422859442 -0.231944657507921 0.218929401972105
0.0805591595949465 -0.00613460028950151 -0.350900958179848 0.148363598995014
0.0574227550237048 0.0943353694729211 -0.413248373339379 0.0797911964861362
0.00154431339453113 0.128992966534948 -0.484048172000449 0.201239786915223
-0.0708558852227594 0.2027100340871 -0.358115878875107 0.0904692739297414
0.034223637482281 0.11977792420094 0.0518662132368579 0.0574663267587203
0.0875119596664818 0.0356860247423036 0.032876554057465 -0.271387270382213
0.068956215592699 -0.00600106715054034 -0.220560561233832 -0.295002953238059
0.0453997202512137 -0.0205531714057475 -0.385748442890882 -0.0572573085714995
0.0471610170188338 -0.0470854064738731 -0.31099510909199 0.188712622681435
0.00493769524892508 -0.0695635498678647 -0.158839128999801 0.266083754283759
-0.0110192340594875 -0.0738031785408744 -0.0699421573847058 0.243193239655027
0.00899945970753857 -0.0928208936357481 -0.0305754626026833 0.238503110723634
0.0694104302026443 -0.0836210069578771 -0.0352333548098504 0.244966171069738
0.102760175476459 -0.0390096457724957 -0.0781580613634311 0.24193705874126
0.156054649548305 0.0401522932772888 -0.185550793858037 0.236230773128494
0.0973264085872562 0.15261676895784 -0.310686764495447 0.183248331289412
-0.055194580560481 0.228252282478033 -0.345078655761356 0.124827472666724
-0.176921608615405 0.233704517037636 -0.399469191328588 0.205785972858777
-0.220993934618149 0.275724520414894 -0.301012258139699 -0.00280572318373868
-0.0678000676781446 0.264507665539032 0.0833449228526032 0.0177480709750921
0.123083979998723 0.206017490536462 0.0685088360268463 -0.307846155597776
0.212386908086687 0.0815103660795421 -0.20209705548406 -0.348041701634071
0.170448309707968 -0.0402915575432281 -0.375271935685959 -0.103210570072981
0.1289792921178 -0.112371810842495 -0.307754323359664 0.144187502618988
0.045938159815939 -0.167226023486371 -0.147202890445928 0.218562507870297
0.00677121912278434 -0.169529292710232 -0.0561750253741663 0.192399700001542
0.029822573348359 -0.18367307327591 -0.00292764036730537 0.18617537430804
0.131743844671622 -0.150849488030371 0.0143301827026109 0.201351880520995
0.193805516190288 -0.0684796256026863 -0.000838607914525185 0.222825347522764
0.275572867014187 0.0810777460313728 -0.105894128129907 0.255638412716382
0.15632049383272 0.265693816456743 -0.248163845247057 0.229976576320365
-0.103087893817685 0.34549340110727 -0.267884998724234 0.154940808371734
-0.303687243937517 0.327508276418242 -0.266629318660939 0.178882050398285
-0.349350149506055 0.296533226407292 -0.173480188183245 -0.0974038933938875
-0.194970179229219 0.368803352615075 0.154884461341954 -0.0309350787513653
0.109386384460448 0.370314864308611 0.134180586168195 -0.330414425267348
0.322799306340813 0.194458561987401 -0.142260554129593 -0.388302913712231
0.287576901428247 -0.0335594731449445 -0.318899657841509 -0.154889731159297
0.207707269779061 -0.153381852889849 -0.269571371474503 0.0708799269783513
0.088783252537506 -0.238382235230879 -0.117184510680563 0.140288579425506
0.0233668528883963 -0.239402667698262 -0.0348104871668991 0.114948438070358
0.0358538087539611 -0.248662708705322 0.027213276268111 0.107770471120295
0.159530130493369 -0.204108101782091 0.0668784605040173 0.129529954086801
0.245322097850629 -0.107222550333106 0.0846890291188265 0.178360721512173
0.360179386900752 0.0780619059055741 -0.0113538565861844 0.254612912146839
0.218867282029259 0.318703599681879 -0.1709518188561 0.259728069519423
-0.105611372961426 0.413014650945436 -0.195410301843467 0.153736390530822
-0.365881427803501 0.380371028549289 -0.119893661020043 0.119427755017788
-0.417024958762799 0.266421288542219 0.00976528406223501 -0.175974452310894
-0.307406116442401 0.396984407244581 0.254689414097028 -0.0772304451505645
0.0477501456383233 0.471381308939402 0.216612821336662 -0.321413074669432
0.356584991290284 0.296044180629048 -0.0458673891004498 -0.391750754067722
0.355818381373153 -0.00354119191740824 -0.216008841041922 -0.194337537684733
0.257926823368448 -0.161551518589397 -0.192402165449693 -0.0149662655015278
0.120064440917115 -0.269417323058021 -0.070902132162576 0.0437088040680375
0.0361401286300287 -0.273542093240122 -0.00690847447702 0.0214464623348287
0.0363006614357492 -0.27925656906928 0.0536884230872372 0.0139193318861265
0.1607134441044 -0.229699582319509 0.111154937347811 0.0419030463718074
0.256806141399624 -0.129270311207236 0.156882023547346 0.112464232051316
0.385069290967275 0.0658931709929775 0.0733325530331068 0.227350458863577
0.242055101008471 0.3237889312536 -0.100865194736896 0.262289193296461
-0.102780228797082 0.418237948406152 -0.139289847175822 0.126994800722472
-0.380032674522347 0.372742927532554 0.0177287639411356 0.0423830757769655
-0.404555775467646 0.193799926278931 0.210607965342834 -0.224547151700221
-0.353863264844924 0.335197735527811 0.360567162014665 -0.105786659853725
-0.0284204167453093 0.460657493385177 0.293659759624841 -0.274369302302156
0.307283217058842 0.332534734008639 0.0615704985007911 -0.350375776190941
0.348476441302411 0.0303809522717918 -0.0906187237451275 -0.210472802928036
0.258119445839725 -0.138504531628366 -0.0937091028825505 -0.0957123411539878
0.127609391516931 -0.255788082772484 -0.0182988392436724 -0.0542750958038216
0.0421699798250625 -0.267016231795748 0.0223194792183343 -0.0728849110856953
0.0349235713190356 -0.271063984844446 0.076685072268588 -0.0789498021925081
0.146531503430778 -0.223216952541953 0.146089211475117 -0.0445240512989578
0.241261582172761 -0.124504472086542 0.213452085829921 0.0478920656759465
0.354875367722968 0.068849517181334 0.134085682647274 0.192259637990058
0.20824670173606 0.300330342180886 -0.0457176532712532 0.24742846740982
-0.115460869978386 0.364941231739996 -0.100361982637047 0.0898113802004164
-0.356802147616894 0.304629677685261 0.136241463963524 -0.0308628475540538
-0.306768829746382 0.0985270348150583 0.385286117228508 -0.241414695228606
-0.308347229005567 0.212981470696477 0.437998872867085 -0.116180215473735
-0.0724208925493834 0.349024680018122 0.343033677227328 -0.207495730841481
0.210080744136433 0.28623474793252 0.1486207688896 -0.285931296462059
0.268881086151989 0.0437841852592312 0.0208925464076709 -0.209940323642401
0.204802542943726 -0.0983556907425494 -0.00173221107134688 -0.1613935618696
0.108354927102976 -0.201902832807347 0.0279718642196305 -0.140291653701506
0.0396165963581565 -0.220304594292104 0.0501324628546849 -0.155210867760954
0.0347358217380661 -0.226339862114244 0.0988620431043137 -0.160716635917978
0.122668301634198 -0.186841106751524 0.179048608659599 -0.114709443572036
0.204713385692187 -0.0970143599087585 0.257934215574594 -0.000155259685162528
0.285427060115364 0.0804863565612486 0.174335514225283 0.168495767627516
0.13687469333968 0.257828317676127 -0.00915793378372726 0.231021030710131
-0.136128984784629 0.273821582204355 -0.0712972331459237 0.0573506909156313
-0.300563222628102 0.188383190299232 0.232713302052646 -0.0838160364571858
-0.150535416219413 -0.011220127676949 0.49566247862648 -0.232269307649993
-0.191580087640205 0.0663498541491506 0.471021170780015 -0.122478193003584
-0.07326885736844 0.177845533570155 0.359667109316822 -0.151923343495658
0.0974931453646422 0.173485718176217 0.202046957505363 -0.232452579938355
0.146362947790107 0.0348311804400253 0.0908353735772651 -0.210929279532392
0.115388202970359 -0.0483045498042266 0.056249548528085 -0.206682687041944
0.0685658430746406 -0.117392516845353 0.0551807237071017 -0.201699720708108
0.0298868116570151 -0.140736381996104 0.0694091858932692 -0.21279484561372
0.030961017564966 -0.148556559830685 0.118740219729136 -0.221514537819542
0.0864322173423238 -0.127860982217505 0.213876529206955 -0.159919980573901
0.149787506731808 -0.0574333920072089 0.299809580552878 -0.0202872588815669
0.188385747865487 0.0832475710242448 0.203047814708215 0.168458564992039
0.0520809833441131 0.189531044324945 0.0141104278218027 0.225427736784093
-0.142492418420103 0.155056179817153 -0.0516678432279008 0.0374355911158016
-0.208097558616403 0.0490525121843663 0.300383691528264 -0.10614967959603
0.0705184088422054 0.0888467733707519 -0.347522556691302 0.165777158051224
0.0940519998990004 -0.0300766947347335 0.0580773555420568 0.080581418385482
0.019903098076124 -0.104632646226057 0.0287785150095766 -0.23910732072099
-0.0707342187836527 -0.055109353630211 -0.208742459291822 -0.250940362145669
-0.060216060754562 0.0156873906093123 -0.364943156292748 -0.034320340735749
-0.0225766763274399 0.0264993065483708 -0.289045710761161 0.195129386005699
-0.0238921732104074 0.0364975721702811 -0.154724965634341 0.272776309939442
-0.0260805039525522 0.0322072466721022 -0.0738731576908577 0.257849797581684
-0.0263944705958405 0.00942776166042707 -0.0472308468598475 0.252086185623456
-0.0231216688718466 -0.0173864459920113 -0.0621480923553778 0.25586467625873
-0.014234798274934 -0.0356740200025355 -0.122308569048273 0.243362496293593
0.0366746086404668 -0.0552434815108693 -0.232318141547721 0.214393455661985
0.0799268617137487 -0.00336581214654687 -0.348503651022466 0.14190146258806
0.055564421835601 0.096217961989229 -0.412032016030007 0.071788293162391
0.000150169102793724 0.127167849160396 -0.485132737276062 0.196659344457287
-0.0693623731269578 0.19958924580821 -0.35931732093346 0.0905961382310751
0.034722465273161 0.119834462016553 0.0528205928638156 0.0594870543447327
0.0872124380447541 0.0351592938217587 0.0371299755638281 -0.267767933556168
0.069558093935863 -0.0062391089354484 -0.217338162585156 -0.294893397450649
0.0464205990785214 -0.0206288672450791 -0.383030261115103 -0.0604805074428298
0.0466950294993241 -0.0483954833612923 -0.308230636102891 0.183688458168474
0.00509330476092651 -0.0691501604541264 -0.157813773066782 0.260857090217209
-0.0107530899238502 -0.0720005007798681 -0.0705949745995619 0.240929943599462
0.00882488755329138 -0.091425362126458 -0.0323625017903613 0.236117628754658
0.0693297428509215 -0.0827535339032077 -0.0361394772999843 0.242262515940884
0.102232423240193 -0.0385570152189828 -0.079556278251774 0.239654646714227
0.154999655546491 0.0404895043026048 -0.185637615881415 0.232056016601199
0.0962182411589209 0.153564240185226 -0.309851934482893 0.178747543936103
-0.0573063435740322 0.227963739355443 -0.346531560397205 0.119244863181973
-0.177004691788875 0.230023383631373 -0.401223240961887 0.199476670800913
-0.218830866208454 0.271367327917768 -0.301643137219865 -0.00209690232449893
-0.0690662639702892 0.263455044607801 0.0833566409278564 0.0214616206805588
0.122189997082637 0.203811967306269 0.0720254825093278 -0.302478688866731
0.212545344411458 0.0796344893411913 -0.198442766761785 -0.347472207914313
0.17104615358649 -0.0403006570615532 -0.371479928071926 -0.105699697569504
0.129070566923925 -0.112684561905035 -0.304310138768497 0.139793100020687
0.0450929228499488 -0.165464381715444 -0.147335258792215 0.21348446031334
0.0061228713522155 -0.16660743944052 -0.0579275926542931 0.190597293628414
0.0291831689257474 -0.18053454881516 -0.00416035313879512 0.183771136261097
0.131330523478536 -0.149675186208244 0.0131186579251464 0.199520277261929
0.19271049975491 -0.0677516444083976 -0.0029653658511094 0.221420297734717
0.273228598859843 0.0799179395878242 -0.10595739296035 0.25340670370312
0.155012505016187 0.265060926648314 -0.248308243275719 0.22627106533551
-0.105437194892806 0.342639635223766 -0.268507466375198 0.149029601538597
-0.301753475226704 0.322121652516028 -0.27012177291681 0.175017296875195
-0.345050150200847 0.292996563326574 -0.173540184536961 -0.095004337839356
-0.196562744721974 0.367095860214567 0.154003954497228 -0.0254019096812819
0.1078780926636 0.366630970210292 0.136969210481 -0.324158525410525
0.321962580592741 0.192479310889468 -0.137762450045724 -0.387241128149578
0.287389612924759 -0.0337688314040845 -0.315263423442479 -0.157088166415492
0.206904348355521 -0.153330613039663 -0.266436995248752 0.0669743955497913
0.0881438235658182 -0.235840250088486 -0.117910848122026 0.135782492455476
0.0218850808551676 -0.235484788725854 -0.0357572223718616 0.112494373162586
0.0358070832863157 -0.244207594053405 0.0257320682762928 0.105094617423692
0.15877392721312 -0.202310076743023 0.0657441222734353 0.128389785757729
0.243542593371675 -0.106548438411531 0.0826158110104979 0.176911117067068
0.356838347861645 0.0768839090051491 -0.0110789586772491 0.252638846935882
0.217481696838657 0.316914615098112 -0.172957154276228 0.257889474021456
-0.109667984797127 0.409913709358918 -0.196583295587696 0.15057492000918
-0.365018320224751 0.374843253276081 -0.123059391308842 0.116214978818904
-0.414766710039026 0.262155860737329 0.00949209755928641 -0.171757567266143
-0.309134382472159 0.393500316412096 0.25374458482926 -0.0695113272015578
0.0460818355439294 0.464444783177453 0.218852745927643 -0.314323942787919
0.355833335472359 0.292408190821685 -0.04149289661227 -0.389103852632235
0.355192540687272 -0.00328120611712004 -0.21276038184347 -0.195984312061027
0.256984620399408 -0.160405489840632 -0.18984526321686 -0.0178934206817237
0.119410375033506 -0.265753018876985 -0.0720180904934444 0.0399221072930486
0.0342252117377901 -0.269294683380007 -0.00829786579648692 0.0202974779206416
0.0345804644182011 -0.273567392024961 0.0532377766765653 0.0134685506359179
0.160071615806008 -0.22832974592123 0.109724031502165 0.0421239274960607
0.255484117174897 -0.128575909428946 0.155003195924621 0.112216378985513
0.3816052230838 0.0665250078898737 0.0735751464167085 0.225623918691898
0.239198988134203 0.321377930792446 -0.102119357242688 0.262113604268398
-0.105971385118115 0.414006007585794 -0.140696502733607 0.125214717809296
-0.376612257162525 0.367989800922869 0.0145119160349063 0.0399771251996819
-0.400601042262675 0.191113554145979 0.211039816818929 -0.219988510257448
-0.354136023059139 0.330766323622145 0.357583338659935 -0.0969820685750154
-0.0292087026797682 0.455595619845256 0.294603786828564 -0.266810448287064
0.305802692238761 0.331597622374499 0.0645427922556431 -0.346878511353124
0.346679804875528 0.0301628652156504 -0.0880800974615654 -0.210826963409935
0.257575605909251 -0.137645321034996 -0.0913135591102791 -0.0975906089769818
0.126880648337414 -0.252692115264805 -0.0195112561719951 -0.0570683966826619
0.0404429974519326 -0.26369466394296 0.0219050436644168 -0.0739177810657162
0.0346681990174044 -0.266298656476589 0.0774702825227445 -0.0787199552942763
0.145389935855947 -0.221138486707058 0.144941247775142 -0.0424059416182778
0.239347140520549 -0.122710271343742 0.211000918955168 0.0480655912718931
0.350993807675421 0.0690004216855417 0.134116868828159 0.191586873707707
0.206406637291238 0.298086104029635 -0.0474866147448972 0.24783078366391
-0.117476163715768 0.361744810511164 -0.100986145995187 0.0885773627137254
-0.353985758905944 0.29883869326517 0.13331489375567 -0.0320252368056158
-0.303557908951511 0.095606182727554 0.386504222346685 -0.235016416583582
-0.306835152408692 0.208269170466099 0.436262204580532 -0.107494612681645
-0.0734424612158451 0.343103911474188 0.343040538156241 -0.200941790669346
0.208691034991062 0.2833582123587 0.150732158013824 -0.281898943655085
0.267558511354916 0.0443344337316099 0.0228987195137006 -0.209360222908303
0.204797991396685 -0.0973843529394787 -4.86280669510799E-05 -0.161126640231726
0.107385461723875 -0.198951402253536 0.0271468544832321 -0.142017837729391
0.0381788673375072 -0.217039065750657 0.0490763140168012 -0.156219949779655
0.0334653240549467 -0.222297511801334 0.0993778393929808 -0.158971184082653
0.121475147802487 -0.184562426782797 0.179009315621638 -0.111617345533502
0.2031983519766 -0.0953629130025006 0.256484767158929 0.00229448301383877
0.282532403348265 0.0809764458992649 0.173703740850899 0.168670649568687
0.134887741634648 0.255289607051817 -0.0111194759686721 0.23082248894322
-0.137204320669116 0.269723517436612 -0.0722945415549512 0.056387355278615
-0.296657248086346 0.184124926807555 0.230000384521305 -0.0840465618021497
-0.147928307031758 -0.0114291981549851 0.4959810088107 -0.226886872531889
-0.189644046416495 0.0638540602719376 0.468578100049613 -0.113471681137863
-0.0729988166805178 0.173743575500164 0.359466103476133 -0.146192245634108
0.0975737753537827 0.17151430154963 0.202822757603825 -0.228478339196511
0.145006891208155 0.0361221339465778 0.0921310574044721 -0.209621049210244
0.115802735018175 -0.0466210623068821 0.0570111151551279 -0.206949438732312
0.0678263038339458 -0.115472387874119 0.0550460213519254 -0.201933898037117
0.0287077505055729 -0.138198193376493 0.0693356988145316 -0.213067534165974
0.030087271862693 -0.146503100275405 0.119401587592081 -0.218329416193773
0.085599368597564 -0.12564045932749 0.21398850621246 -0.155631740708792
0.149368963157869 -0.0567941203580612 0.296341342872772 -0.0176923758961016
0.186190743912334 0.0836673957260169 0.201711151597871 0.169786284189554
0.0500884107694101 0.186979775418948 0.0126951463762832 0.22490958517443
-0.141700728189447 0.152031037952218 -0.0530329521315253 0.0371585471877624
-0.203774853979331 0.0472551151526424 0.297597088816834 -0.10634734430675
0.0753131456414632 0.0886922125046236 -0.357547850040697 0.175517731833687
0.0977078755068129 -0.0309856743586338 0.0632633995336414 0.084437272294606
0.0192848694254332 -0.10764515088055 0.0307009861093478 -0.246618693512511
-0.0733128505420958 -0.0563600563524694 -0.216195504808918 -0.257840107863605
-0.061750183874242 0.0158200304272039 -0.375659783934084 -0.0336977469128559
-0.0236911943555943 0.026242197836587 -0.29493779489743 0.201139082482056
-0.0237914010455954 0.0377658261559918 -0.154632477371339 0.280947670961033
-0.0256444333760525 0.0337831110228439 -0.0744658310338631 0.266639897976625
-0.0264125976201455 0.00948802565065916 -0.0474727591008706 0.261016074472487
-0.023375245432604 -0.0176079297034366 -0.0623950356156354 0.264458323090884
-0.0143641254297706 -0.0359921467625132 -0.12543156825436 0.251216889954328
0.0379692965943536 -0.0566141617621091 -0.239624650330862 0.218912372598108
0.0819094676954463 -0.00190908282726207 -0.356904597290831 0.144510873031654
0.058193853599869 0.101189556524497 -0.425162746845474 0.071445028070107
0.000484024623764925 0.130633784635271 -0.503697236780304 0.205009551715341
-0.0690091887283526 0.204643871791517 -0.371111347626614 0.098579215942017
0.0366070689081619 0.12411419723612 0.0565838315297112 0.0636582750151388
0.0897930963117023 0.0346858849259318 0.0386718749214473 -0.274905146008926
0.0729893675808783 -0.008256033100622 -0.224919448422299 -0.302343606753818
0.0484738067041372 -0.0230129721955219 -0.3939011862658 -0.0613317134173163
0.0468394371898156 -0.0514172019316838 -0.314470354487108 0.189421537227738
0.00445401277375916 -0.0713729996893009 -0.159308008824347 0.268896566599238
-0.0120074972291232 -0.072583551041935 -0.0716944557014019 0.248864739902445
0.0084518974439511 -0.0939105969896937 -0.0318237752218202 0.242221940000364
0.070720010642339 -0.0860905600509528 -0.0347957180526033 0.249237182425954
0.105197155192319 -0.0397214869063972 -0.0815382989211273 0.246661794012776
0.160794942576461 0.0394404052075057 -0.19003962087955 0.238752038789915
0.100870276456477 0.158487305289236 -0.318580306302953 0.18305363186611
-0.0588568802928842 0.236625018532048 -0.357001470554194 0.120056044744459
-0.181088548219344 0.237604480982747 -0.416194595413351 0.208251532082759
-0.222645558178573 0.28001544619089 -0.312668487972895 0.00298150903278045
-0.0694353912033868 0.273928527474493 0.0877519895854826 0.0257263827021873
0.127667865334183 0.208131060877993 0.0752198960282243 -0.310908212113694
0.22120072772568 0.0785299522731407 -0.206175423033304 -0.357422744759991
0.177465729521976 -0.0440721146584333 -0.383632466969219 -0.109160941297708
0.131118827493961 -0.119046976783128 -0.311251605605846 0.143778716692746
0.0450326096423026 -0.170933034139763 -0.149955037305412 0.21876260777244
0.00360163004623277 -0.169461480321534 -0.0591650361506819 0.195657622290173
0.0279729082485216 -0.184461901521941 -0.00353622863699083 0.187836128120663
0.133373577890199 -0.155614791187171 0.0149400865721529 0.20500565522639
0.197835124319429 -0.0717257258310989 -0.00177032167971841 0.227623838329949
0.282940293040976 0.0796397215506838 -0.106897802130604 0.260648541776358
0.163185029900247 0.272302198352259 -0.255761466987389 0.233662566873165
-0.108225466453134 0.355595172321682 -0.27682685177048 0.153028679689512
-0.307709873246185 0.331965329940114 -0.281187865924086 0.18079725528696
-0.352898248468905 0.302913399344207 -0.180671799585115 -0.0941670895679119
-0.200989778501584 0.382161389171268 0.159714619193389 -0.0224700971851941
0.114530365040264 0.375379238647461 0.141840708293291 -0.332405314810032
0.335669219800393 0.193577360273761 -0.143034799904164 -0.398563002678348
0.297144937852315 -0.0378923045579523 -0.325011115458415 -0.161468132339165
0.212457888580853 -0.160949681308231 -0.271651086086559 0.0688517506232594
0.0871687541367053 -0.243378548118556 -0.12132907443568 0.137863709109118
0.0191183165383966 -0.240248055821941 -0.037292243027804 0.115218119799937
0.03378582020061 -0.248947305131283 0.0267901112185139 0.106391546516259
0.161181717370336 -0.21058476259645 0.0684005890640178 0.131673969577245
0.24963480861958 -0.112069932120397 0.0857842560754789 0.180966221952687
0.368573884159469 0.0758800371324107 -0.00853561347225206 0.259544289943422
0.227958249929553 0.324682132242902 -0.177556347480529 0.26701045298291
-0.112113117006574 0.423546278426507 -0.202517141413287 0.154874068712244
-0.372203664232116 0.386162573740644 -0.129372617540667 0.119714199349575
-0.423663469008785 0.271606880899678 0.00938808798332331 -0.17511257444578
-0.316323938169265 0.407829542844715 0.261955065109601 -0.0667066881130547
0.0514954302814749 0.476754180836212 0.22616915598007 -0.321866759083277
0.370353155538703 0.296246088298572 -0.0439117555822771 -0.400622625982472
0.367204613191327 -0.00650967770989392 -0.219737355472121 -0.201739309238409
0.264011635527082 -0.168783943676311 -0.193602819990684 -0.0186225038311745
0.118717546660572 -0.274254916381341 -0.0756334988298311 0.0388938553866389
0.0307964295440145 -0.275447493625958 -0.00968308263989773 0.019225348178546
0.0325421630884066 -0.279763587350038 0.0540649418474812 0.011822259886062
0.162363977326618 -0.237039030695513 0.113076151723244 0.0427521305813864
0.261490841251235 -0.135684144171646 0.160495496090928 0.114401565934386
0.393878237305314 0.0644974944735106 0.0790898173400757 0.232120941843886
0.249838161062164 0.327077011811971 -0.102735992989768 0.272699867360966
-0.106071422169539 0.427127715465557 -0.145308323614439 0.128599954050114
-0.384158367602739 0.377887552301473 0.0124013779281422 0.0392104722024927
-0.409356004914703 0.198239923465998 0.217603516101022 -0.225118834492527
-0.363339564609637 0.34448500428434 0.369288065538748 -0.0948030124597538
-0.026706553011569 0.466696466632616 0.303947912456578 -0.273662121172726
0.319811578763238 0.337419954823446 0.0659797494226954 -0.357677255943075
0.358937713855415 0.027818135522597 -0.0907327872362048 -0.218070677318222
0.265257466520156 -0.1448671538087 -0.0934444999471604 -0.101193715385647
0.127242541069022 -0.260596724256396 -0.0219727668147223 -0.0615328301545908
0.0368441348369486 -0.269801826629182 0.0206810751966274 -0.0783210545594256
0.032039334208519 -0.271714986532978 0.0788696582878069 -0.082690256530358
0.147687094624874 -0.228926311672188 0.149560602385751 -0.0441248768271971
0.245544254701533 -0.129152934601834 0.218232833384014 0.0477616140405888
0.36259063514495 0.0679681529701653 0.141269234387423 0.196148379499091
0.21473611975027 0.303658369777483 -0.0469797065464961 0.257596725682999
-0.119450365142328 0.372302747476888 -0.104496049798558 0.0921514365388667
-0.359728154303653 0.30888938223266 0.135329677600332 -0.0365472562404353
-0.309949581115481 0.099915247205451 0.399548583767691 -0.243632023314125
-0.315288863467338 0.21745970401382 0.450698035080386 -0.107254083389889
-0.0728056075435768 0.351722841148928 0.353712868373808 -0.206012812863472
0.219640099177162 0.287854047531652 0.154496208596895 -0.290311030894031
0.27741501293611 0.0433303209962287 0.0234048309584836 -0.216588240506916
0.211707048748807 -0.101680530303939 -0.000458226457634954 -0.167712782553122
0.108116820328399 -0.205396090898583 0.0250271710996179 -0.149172630643633
0.0360823608079134 -0.222953394121045 0.0481881482336032 -0.163608810328233
0.0314799127134617 -0.226409379058238 0.10154948476977 -0.165639907234212
0.122554146014253 -0.190845616307343 0.184071376827005 -0.114851254852611
0.208519031344548 -0.0999356610019909 0.263515134480469 0.000763157552680935
0.291734834272978 0.0809648664672051 0.181952109802409 0.17373342646985
0.140634891323386 0.25999051734427 -0.00954416442428265 0.240039358555991
-0.139914234286206 0.278281751823256 -0.0753187475033512 0.058988788857112
-0.30141208631344 0.190234185932058 0.235086909446973 -0.090527074514657
-0.15027288454675 -0.0110993952485767 0.512980424099161 -0.235786723430323
-0.193239283338679 0.0668853517358881 0.484490443379674 -0.114529310012718
-0.0737578226661475 0.177365942967874 0.372140246218048 -0.149936439555821
0.103205267798468 0.174694654469833 0.209275081070509 -0.235204090905858
0.151127917956086 0.0364280106981752 0.0951734787508844 -0.217093574288042
0.120253534277754 -0.0485610852176144 0.0576611347009979 -0.215010932822806
0.0677957540342362 -0.118832017565262 0.054012316130499 -0.210691473297594
0.026227694721431 -0.141174473805773 0.0691238320802451 -0.223181021406227
0.0288438097392822 -0.149578122624255 0.121746848064473 -0.226041802637906
0.0861612367433876 -0.129255440858099 0.219800422053748 -0.160682151977717
0.153213610908259 -0.0599581860896864 0.304990254334879 -0.0193141759659045
0.192728370438445 0.0841148973808654 0.208865760438813 0.174544531120572
0.0514415339801836 0.191173572151213 0.0137179686267876 0.235002109955164
-0.144663452468584 0.157214326849506 -0.055260511926885 0.039787841635859
-0.206906581301517 0.0490795576622388 0.303961669052929 -0.114298154750689
0.0838251290368119 0.0874713903098642 -0.367826174397249 0.204386025497336
0.102461008146237 -0.0376094594986277 0.0738441152052087 0.0869278308196645
0.0145579483256453 -0.113449294922895 0.023652253544602 -0.260483880034725
-0.0785140447270879 -0.0561196150917191 -0.237343027531968 -0.260536546231438
-0.0637585102865515 0.0183735663665624 -0.396402727105684 -0.0204156663244718
-0.0240901025164045 0.0279046160942778 -0.300134008748752 0.221627381450101
-0.0227851823872462 0.0397215855914935 -0.147109709343883 0.299622481719085
-0.0244173614810028 0.0372604412955739 -0.0652678717238673 0.283822788362159
-0.02659032740077 0.0107432687628112 -0.037919892652557 0.275827717966641
-0.0246812217407779 -0.0178562520960828 -0.0532775282972782 0.280631552678218
-0.0161071892874778 -0.0365917210822439 -0.121593904147829 0.270229390885531
0.0375870613709891 -0.0607170284291944 -0.242992827377366 0.238624423686561
0.0866040259090511 -0.00347143315362954 -0.368470695683697 0.16276707421823
0.0659089732949074 0.106650786820861 -0.445407715679447 0.0889601466873618
0.00594895093167845 0.136441672844633 -0.522275738683442 0.23807886522374
-0.0611582059524532 0.21567365927124 -0.38633295982754 0.124733560531958
0.0451944169069655 0.129566051655879 0.0647256870266806 0.0667939317004969
0.0961045474817263 0.0321451062038249 0.031507922447809 -0.28985879447516
0.077133383893274 -0.0132172641361482 -0.249267058042084 -0.307668571580456
0.0505443910077898 -0.0273690038234922 -0.417353543547368 -0.048615486157428
0.046111673362532 -0.0575615446392127 -0.320538444367128 0.209667033097601
0.000768920123813216 -0.0747941877479576 -0.154087950460931 0.287375774290889
-0.0151956917719494 -0.0743817471211686 -0.0643610672425848 0.264373631221727
0.00542425265565329 -0.098668968698985 -0.0224541500898333 0.255487186470737
0.0709119486755303 -0.093848789974231 -0.025735518934881 0.262939836034228
0.10865830638591 -0.0463050797590047 -0.076122366928153 0.262807236391135
0.170584608088605 0.0345019676694363 -0.18998829657657 0.256992618656528
0.113771979929644 0.163611777096857 -0.325618134097372 0.204162774426254
-0.0512882196373605 0.253810203757515 -0.371296106639713 0.138025961055127
-0.179166105016847 0.256857283765634 -0.430785409460838 0.236478336247145
-0.219884720482343 0.302176034178331 -0.329317027754113 0.0215679288521842
-0.0604666975160493 0.292307388477635 0.0957578589878355 0.0267085604789523
0.14371544040498 0.211761940677762 0.0683201541515835 -0.327602953126878
0.23851410359331 0.0704935497663321 -0.231715661828126 -0.366474066732526
0.185727665487373 -0.0562712297408217 -0.407490692706679 -0.098807570964014
0.131927939790509 -0.132897793430777 -0.318614198227316 0.16213831771177
0.038248660821253 -0.180992454372408 -0.148319153535295 0.234178801359292
-0.00478699452939353 -0.176187559552481 -0.0538228706618024 0.20806554333967
0.0210332398431279 -0.193708937704019 0.00407931383964587 0.196131086153951
0.132788308425182 -0.170288850693121 0.024894998431252 0.21446878066343
0.204172680512865 -0.0846843808059312 0.00624048336368216 0.238107352911289
0.30123568641802 0.0693280630488227 -0.100084788438493 0.276993130857898
0.185186136880619 0.277548627830351 -0.258155025657323 0.25644236210306
-0.0986721175776694 0.37987469795792 -0.28555197567811 0.168720624336969
-0.307816159115407 0.360494483832481 -0.290503132753304 0.201352566767929
-0.355361788834078 0.332315015014759 -0.193830465917389 -0.0874215745515445
-0.194262251672017 0.411428500462268 0.168199269155005 -0.0262807286493502
0.13795531449743 0.387839946850948 0.137211458725541 -0.352934722540438
0.363197683878192 0.185010306978502 -0.16718366477716 -0.412099126710185
0.312397680617873 -0.0553055114151198 -0.348953849459852 -0.157441255839282
0.214864807542621 -0.180991946103192 -0.281242556089127 0.0817374051679295
0.080592967265695 -0.258797251982455 -0.122925315386451 0.147567088288586
0.00684720424649088 -0.251248682504309 -0.0353232388033433 0.121887910394685
0.023488381317515 -0.260886732958378 0.0317796562623016 0.109205157947034
0.158890583344739 -0.228179651080683 0.0776393232035279 0.13507088767335
0.256274000353259 -0.129055105225666 0.0971423872015821 0.185636147435189
0.39081737100178 0.0616747856144208 0.0033955256559675 0.271271688320027
0.25491340760531 0.328379929404956 -0.174194614653752 0.290554013510688
-0.0995612165041296 0.451673760980013 -0.207428368930108 0.169795669431267
-0.370216053860379 0.421929007820912 -0.134106743689653 0.129794863080632
-0.431228177364455 0.301807791820877 0.00297869107284167 -0.180999786994363
-0.313818379132351 0.443969502990094 0.274797784930079 -0.0771087944080267
0.0764809213463767 0.496175920355901 0.224929225556022 -0.344736073003834
0.405608493976578 0.292989726245409 -0.0631025324117293 -0.417982167062969
0.387302260354316 -0.0252522430775143 -0.23912531407004 -0.204233055432831
0.270055332846561 -0.191010167383692 -0.203481557360812 -0.0133372980925944
0.111023212419518 -0.292693663269424 -0.0801884672246042 0.0417241397521499
0.0176315887961347 -0.288656821125661 -0.0108721803803136 0.0190316756872028
0.0204693786349471 -0.292089657471284 0.0565232558725815 0.00804373119766287
0.15818775046306 -0.255912524890543 0.120420059290422 0.0406080994159914
0.267380032005877 -0.153727199607269 0.173262373876335 0.112047535035566
0.416711859696828 0.0480949855890206 0.0949568775367951 0.238035801742582
0.277768418736681 0.330035429554014 -0.0957982768912889 0.293228603689403
-0.0931490348610772 0.454242927598712 -0.147323734012971 0.140780620495093
-0.385356561423779 0.414412355511997 0.0124134997006783 0.0391239792199027
-0.418576500459488 0.22338660002236 0.220028340898999 -0.243149958921436
-0.366737993183347 0.377258233010942 0.386134379071183 -0.112608597085868
-0.00769417273991327 0.486896820058702 0.30802030732998 -0.297058096616738
0.354726677211919 0.336375471108076 0.0538301310892917 -0.375828519075337
0.379922599261172 0.0118580478295786 -0.10394582438941 -0.225572013877776
0.27249354014188 -0.165635520205772 -0.101831308031427 -0.104394660556264
0.120475544809053 -0.277869163038961 -0.0288538790816507 -0.0662389042000674
0.0234815311380351 -0.282276159580729 0.0153137993773747 -0.085236074629696
0.020271107725713 -0.283897211878283 0.0781046581883356 -0.0922947358340406
0.143032380202446 -0.246837365863874 0.155649810761534 -0.0519294209703781
0.250185733842526 -0.14689393768122 0.230190445752373 0.0405886201731949
0.384165386741144 0.0524283600503694 0.158482747031029 0.199301667627623
0.239155832976487 0.306543607210819 -0.0367463499065014 0.276170617473227
-0.110455000227275 0.395772588300593 -0.106068920168039 0.101660617838719
-0.361290423624848 0.338761154470639 0.138481062161442 -0.0465272170988976
-0.318815767983829 0.118148888918606 0.411387372456407 -0.272545556324686
-0.321046878742383 0.241241345004689 0.469945290095599 -0.12827206528123
-0.061273031203067 0.369659438318944 0.36309423191026 -0.228414943031856
0.246571177207666 0.289587225251394 0.149572748414171 -0.309222513774557
0.294783319667102 0.0320109612935405 0.016464626574581 -0.229147625537751
0.218409984422302 -0.118499213290193 -0.00734071543634294 -0.17814233755106
0.103357846079926 -0.219237330886937 0.0175210390576729 -0.159841871795965
0.0242373943321947 -0.233773458680616 0.0408982704939855 -0.176252520575525
0.021919619113655 -0.23740586095754 0.098361627585099 -0.17920687131439
0.118470644965248 -0.205007252589604 0.188698844889055 -0.128293055179302
0.213354906771178 -0.115090871988167 0.275931434626186 -0.0106125633089101
0.310097573663895 0.0703233633490329 0.199388390950715 0.173857735857043
0.157973973627663 0.264519794484306 0.0019992460028696 0.255559377932098
-0.135223348229969 0.297573715792388 -0.0767226694159388 0.065440152014013
-0.305538128521727 0.211641216801622 0.240973749874761 -0.108277945522318
-0.155631229077888 -0.00542119851558499 0.532528583513525 -0.272050157374515
-0.199506199151407 0.0773803116575402 0.50511626298622 -0.13846284534441
-0.0698873574764667 0.1873036404123 0.384520787054149 -0.170797358534572
0.118169472381111 0.176270126544836 0.20990332145798 -0.25354692340066
0.160797425794989 0.0314620741802175 0.0922527462259153 -0.23138660116395
0.124606277032509 -0.0568610597187328 0.0506579400422255 -0.229686835100578
0.0659097993020067 -0.126881300222821 0.045453965054637 -0.225654953693971
0.0195462059488257 -0.14900098028102 0.0588028586829288 -0.239900469940177
0.0219960845863389 -0.157161942360801 0.117877406089473 -0.243166285722777
0.0830188003500594 -0.13940486584868 0.224414058712719 -0.17794313163501
0.157176083710052 -0.0701248996359528 0.318462492640673 -0.0331231686664749
0.206145474342811 0.0794973456855271 0.228080561447419 0.174953792647457
0.0615182895099464 0.196449283707458 0.0253577119619205 0.247296481037636
-0.144281424850945 0.17016059473066 -0.0578391597947951 0.0445134462047378
-0.212440421441359 0.0593842675659434 0.312182181840421 -0.136773113690586
0.0705444814921264 0.107140224388076 -0.399539767500163 0.163993975557986
0.10993910012827 -0.0239772522890444 0.0704772454434456 0.0990572982776738
0.0281066057102874 -0.113399938190435 0.0622589062922252 -0.271099532598774
-0.0765122351780095 -0.0635824910152931 -0.213545310399808 -0.307012250196857
-0.068998755658341 0.0157043760067843 -0.411009405618138 -0.0715306866014104
-0.0297719574086887 0.028235697286494 -0.339786833713324 0.18865947898506
-0.0283755616124979 0.0380362579013307 -0.192828891556614 0.29101495965984
-0.0290740069741825 0.0363239360223413 -0.106392299813405 0.285661639671237
-0.0286742416102833 0.00580544882535147 -0.0751496565430008 0.283144501116646
-0.0223453440834813 -0.0207487688844992 -0.0893081207643852 0.283511921376752
-0.0117263131904357 -0.037707835877742 -0.160196999307731 0.263378204416896
0.0434647914657878 -0.0558341838604444 -0.284952584612614 0.214580166556118
0.0850031860888138 0.0129551658885952 -0.401516166019434 0.114431050247423
0.0445034794405159 0.121918112619507 -0.470459505710801 0.0182957909751436
-0.0219223723922307 0.148603152914473 -0.574943003591738 0.158637579591572
-0.0977564357839 0.214360800608346 -0.414335023494461 0.0842682528350906
0.0278738030325936 0.136318326571893 0.0623407735673425 0.0834901003566876
0.087979121907639 0.0446588517317555 0.078976450045238 -0.290655229168367
0.0739762014821577 -0.000517937879519679 -0.210659156003624 -0.351740646716409
0.0532324172047486 -0.0133923320230036 -0.421743665747996 -0.108053463096768
0.0550844583286624 -0.0492617494522856 -0.357343334090054 0.17181477548855
0.0118240233021378 -0.0745111713192478 -0.196273477445239 0.27444530801167
-0.00240935166730831 -0.0761836629127425 -0.103272207136522 0.265856956781412
0.0204759185753251 -0.100567227193345 -0.0555571458799991 0.264488060831644
0.0875615428421941 -0.0845910636874362 -0.0594428499326988 0.271647514037276
0.120312439011463 -0.026219818083023 -0.117292649129744 0.261780986140797
0.167990544240657 0.0613648699460776 -0.241018952968044 0.238956078094095
0.0842471496616983 0.18938525014239 -0.363375582124477 0.160590884094623
-0.101165978111277 0.256137245031873 -0.396821628363943 0.0733079167960851
-0.238108546342568 0.243904754298129 -0.470606899270551 0.169237880332724
-0.270997396676912 0.27498625929657 -0.347822903152724 -0.0104690892086921
-0.101063962730663 0.28515102060349 0.0952639186693925 0.0525393892184978
0.109263121645963 0.230882354449569 0.125277657663441 -0.312862531306773
0.223278552764936 0.103247303620223 -0.17614971180531 -0.400460265904162
0.19333760753677 -0.0233267372552705 -0.398567515253596 -0.162058177985713
0.153645380718883 -0.113812629880435 -0.346016797695868 0.1210411250822
0.0638202906218862 -0.177660307212612 -0.180532142669105 0.218589776628409
0.0249039756499295 -0.177802934293834 -0.0852342626070802 0.207997773639682
0.0504522293249924 -0.195245085553496 -0.020221622783438 0.207866693031457
0.163182990218322 -0.153923664977987 -0.00108206862051018 0.22970934142873
0.225625174007323 -0.049126575169496 -0.0319856483335961 0.24884909948392
0.298162560107305 0.116778373954347 -0.158570771337346 0.272582333177301
0.137351599127141 0.31963803668678 -0.302665540431397 0.221954473421342
-0.170794100418926 0.378475026714005 -0.311247887196795 0.112797336904335
-0.389706370029541 0.332843990836869 -0.310315110447282 0.151328321301423
-0.414417907809326 0.279418520280408 -0.200105961832068 -0.101679533801634
-0.254968249554307 0.383931780904103 0.171321001061271 0.0122755269933294
0.0772040035306519 0.405372412616339 0.197798696182966 -0.31674024918342
0.333465578114419 0.232909190844444 -0.0970800119070933 -0.428637005653608
0.319813703420743 -0.0052284916865715 -0.322761293055258 -0.215334549681034
0.246617588801338 -0.152014705078848 -0.293647929656636 0.0416723778586164
0.116876125650471 -0.250364775769417 -0.141166118291242 0.130572950435704
0.0489330813284335 -0.252812057101595 -0.0544112869614415 0.120333894563453
0.0641027439553522 -0.261742392923694 0.0203243859296873 0.120442345536584
0.19852831342289 -0.210857344044168 0.0646005853713578 0.15651363878735
0.288098942573798 -0.0866274168298014 0.0656239966798278 0.207218770209679
0.393823476178523 0.121985202948625 -0.0560779324309038 0.284388588175102
0.202222852098868 0.384866278422909 -0.221267563114925 0.267611128784395
-0.182091875392077 0.452579560588356 -0.230562296576573 0.122381412080561
-0.466682820647268 0.384168761029225 -0.132735419004393 0.0983497794524436
-0.483603621806904 0.233557734697462 0.0104491683715097 -0.17113876862644
-0.380718048439625 0.397242031876391 0.283304053689232 -0.0255731422519833
-0.00103801137889465 0.502873935250954 0.282940901105949 -0.289884916906217
0.362181904477835 0.343629774139305 0.0114414430289638 -0.412263545289397
0.392183924415152 0.0339404842406344 -0.197731667951716 -0.248408440154361
0.303924417193207 -0.155349547203126 -0.19948471779888 -0.0461675980954736
0.153864931897272 -0.280730430010946 -0.0813600847853663 0.024862643206877
0.0653255036857959 -0.290318598995136 -0.0159237323216894 0.0163801393688673
0.0655689434078645 -0.293949107340303 0.0591156390283756 0.0181725014995611
0.202623025159691 -0.239148381349354 0.12169532767864 0.0648753963692555
0.304998926476811 -0.110981472137798 0.153610022260868 0.141935441546566
0.425582884380107 0.112526305465074 0.041287443154863 0.263088984100966
0.224407382823078 0.389727209176431 -0.141120527075227 0.28151567854279
-0.176291054055229 0.456229313770018 -0.164732047155011 0.102573289867241
-0.476799694560803 0.37194420133238 0.0327407733935019 0.0271587890894858
-0.457384964405075 0.15308276002644 0.241654777036411 -0.209070184785311
-0.423002745466942 0.319125229987446 0.400743320016582 -0.0491131610948352
-0.083790998072448 0.481265001113982 0.355491006223166 -0.230024503133879
0.306097374204579 0.378923420906531 0.123112256703018 -0.35081487331723
0.377859649085607 0.0678879070098008 -0.0552768947691788 -0.25085618147475
0.302801213810442 -0.13113795980903 -0.0829605650623914 -0.127221530411366
0.161345219682397 -0.26509046635962 -0.0130564512197738 -0.079338843378263
0.0701802457745403 -0.284402547184526 0.0258754207803036 -0.0884587889072325
0.0638086262653833 -0.286484827026093 0.0950351857851383 -0.0831637452951951
0.18533877719322 -0.232239485980814 0.169277817762866 -0.0273131994157716
0.286638229004349 -0.107455075888834 0.221901717548349 0.0754583208878601
0.392407058088447 0.113349767187535 0.113287435451835 0.230063241243683
0.188376395050769 0.359143999476035 -0.0766561610665328 0.272677487336517
-0.182128211941241 0.391410645890462 -0.117366818596677 0.0704796332725855
-0.437921289168803 0.295450391521053 0.173599522633507 -0.0390117953496266
-0.337030788808135 0.0579005850626626 0.444626172684731 -0.215524030567588
-0.357036356078502 0.188152804942739 0.490235288742104 -0.0595783317680879
-0.117908433512234 0.353436746180783 0.399490852203134 -0.159168763480715
0.204312207660308 0.316237865081603 0.207185997777839 -0.272410317842553
0.288511750909724 0.0739298056384808 0.0652383011150954 -0.23512558958588
0.240346361505039 -0.0901753679232884 0.0221937507917958 -0.18959000193613
0.135372215776618 -0.208382875406239 0.0456689634792874 -0.169436572754143
0.0624086106139074 -0.235133024105705 0.0627451740079657 -0.179305364490647
0.0583739744448347 -0.238078008870166 0.127044826066718 -0.171083976567689
0.153537474383422 -0.193065645326281 0.213394916576809 -0.101747982167218
0.243477553089522 -0.0811477909489535 0.276376272400012 0.0287538913612582
0.312589797565901 0.119681445985787 0.162578938757735 0.209346846037995
0.112414954925197 0.302442894323627 -0.0327636868443661 0.258961891222557
-0.190074609042976 0.284638097587317 -0.0808638025122359 0.0435027458539543
-0.354163974847705 0.169015319174733 0.283256780769424 -0.0835632815361875
-0.151597516198591 -0.0436809851076932 0.572886903067739 -0.203046957704506
-0.210548450524884 0.039882542514243 0.531744286570505 -0.0705305188637223
-0.0985120347367936 0.169520052399482 0.413191805723099 -0.107896070677611
0.0924517739019159 0.184923000929159 0.256162118630987 -0.217786709452866
0.153913966793485 0.0519919829818257 0.136839094299783 -0.225711652223579
0.135424846322882 -0.0417861999069051 0.0862070445697683 -0.233050596006937
0.0848627307307904 -0.120084832206987 0.0800169237162969 -0.232682026396572
0.0426107484783471 -0.150026252356654 0.0915022041291709 -0.242008049915595
0.0463644087203526 -0.156764608236088 0.154638132198743 -0.235379769841881
0.106753225951947 -0.130841273060955 0.256454504690631 -0.150110326169491
0.177407017848477 -0.0448070563936491 0.325342781894494 0.00944518254620299
0.20314012968421 0.114349980329522 0.196448651025827 0.212308709193575
0.0245974281108029 0.214179762948289 -0.00616061677092188 0.25506404144116
-0.1777869817117 0.151281983855942 -0.0592076229764396 0.0310732370514408
-0.229181164408531 0.022679430745147 0.352178202656993 -0.0955766634756139
0.0805294608903017 0.0962230269849537 -0.375280143691149 0.207338190190048
0.106799369715474 -0.0349618723437372 0.082890108245842 0.0916616122343749
0.0156471347212706 -0.114545020602681 0.0368184612461216 -0.274237707443187
-0.0817672529990171 -0.0559597754057158 -0.240619016510442 -0.281263927695384
-0.066670333802533 0.0218280612901336 -0.413210854603181 -0.0294113710282367
-0.0271840786801716 0.0299542389829807 -0.316378937045799 0.219346550406867
-0.0239091525845067 0.0396097374856956 -0.158642717689552 0.305416808037776
-0.0234362832505891 0.0385200363652137 -0.0742283602035349 0.293996848369702
-0.0272493694334799 0.00841684082780571 -0.0432559507007475 0.288931866780516
-0.0231269411027073 -0.0184325058865737 -0.0590197840918784 0.288900550787367
-0.0151599605111518 -0.0353024848217084 -0.13169091930224 0.277878247809585
0.0374012082439649 -0.0595464841690522 -0.261122415941081 0.240595797172808
0.0863087849607179 0.00568513974305501 -0.385822577789339 0.149823361359673
0.0579134005000817 0.118278022225546 -0.465511850366412 0.0612449539478264
-0.0061554081173652 0.147403116565185 -0.55409744933706 0.217228987677009
-0.0744229021352094 0.219101289904468 -0.39848615542838 0.130483274051281
0.0423609367883836 0.133218845266385 0.073019262097905 0.0786411236410921
0.091791694460089 0.0341353515896151 0.0506908326264468 -0.294290257309755
0.0735995056065391 -0.0106757134472627 -0.242582336407115 -0.326177858099485
0.0515569687852582 -0.0203582696879757 -0.427992546340042 -0.0641965703687054
0.0482121214316444 -0.0552555596789425 -0.33471352216843 0.204830997024851
0.00338887826432354 -0.0750825318180001 -0.164416396463809 0.28988157546546
-0.00995113514565908 -0.0736204368509371 -0.0744404927990097 0.273909284043103
0.00939659409045395 -0.101730420496164 -0.0280122097590484 0.267871155706885
0.0779893052030333 -0.0936566864191462 -0.0309406962261763 0.274758283047515
0.116348555906745 -0.0380858213633642 -0.090258887646013 0.271603873214046
0.172930202560836 0.042122147691122 -0.215538426292344 0.260188482785203
0.103321653985798 0.178998755766737 -0.342982747883073 0.19259943063978
-0.0733599735217286 0.266393007833549 -0.385490401068141 0.108693126049339
-0.20912722209415 0.264841800301004 -0.448386093289428 0.214572004688401
-0.239375740823269 0.29748385127599 -0.34449448251139 0.0302352406370099
-0.0710152515372862 0.293275362678483 0.101453092031993 0.045644742621793
0.132477210399703 0.215394382239533 0.0946575442878149 -0.319314930292904
0.233405475263487 0.0751607394452283 -0.212992117698492 -0.377304398276249
0.189619851162135 -0.0456402589394846 -0.411118209650735 -0.120418178991521
0.138597781667804 -0.129986767742814 -0.329014055393896 0.153327744877852
0.0437626381195175 -0.181747746095733 -0.155964323955926 0.233113048533642
0.00517890838927769 -0.175897885994471 -0.0636622213002866 0.214803359341757
0.0289279125596994 -0.197314523108034 0.000243149767874566 0.207110405036642
0.144634735488965 -0.169923328824448 0.0226364460776076 0.226935560392996
0.217872698726096 -0.0721267794685463 -0.00806335828068865 0.249599572483073
0.307816959001875 0.0830353395766722 -0.129592245209922 0.284339245590022
0.170212083967117 0.301275316203166 -0.275860488079197 0.249840473187224
-0.129635497903884 0.394672718998031 -0.296824235543781 0.139931031417754
-0.349920529986012 0.36737711316295 -0.293860588803522 0.181024914650685
-0.378397669435547 0.318231181067875 -0.207254902099414 -0.0761004690789552
-0.211459815083912 0.408172549733428 0.172521646078317 -0.00193429434473347
0.118547065215675 0.390298801113995 0.166565379723616 -0.330570435466678
0.355966147521401 0.191291163235836 -0.138876762529424 -0.412574116439789
0.317222337549155 -0.0413822649393922 -0.341287384802929 -0.182385169830725
0.226221974003016 -0.178323101717656 -0.285588046416013 0.0699388429786242
0.0884451809028793 -0.259555276938508 -0.127557429430124 0.142221723499412
0.0198332515090317 -0.253139483347855 -0.0431909589184156 0.124443761576363
0.034509121907107 -0.264147766329035 0.0305589513209438 0.116822941645455
0.17361347879019 -0.228912939720411 0.0794959317754375 0.147661355162862
0.275540396357331 -0.115653469790131 0.0847515851105448 0.198267694892453
0.403178216007912 0.0768298263964555 -0.0258170552409105 0.28477890819539
0.240575969617531 0.356096920684868 -0.19076409927 0.288455018171425
-0.133791178435356 0.468862146737575 -0.214900958520703 0.141704894532854
-0.418334623615865 0.426057478509713 -0.124848252828352 0.110077206250539
-0.453572327098023 0.279072422884663 -0.00518127328018713 -0.168244731465282
-0.334554571057309 0.43322402607445 0.278342598338718 -0.0503269055188337
0.0519526856373621 0.495196388733911 0.251425571307471 -0.310607446951211
0.396387757886476 0.298030280775766 -0.0280109103845703 -0.406883712556292
0.392548611509413 -0.0106408448671597 -0.220845450312429 -0.226917533134446
0.282867539853355 -0.18818898429611 -0.201707867782566 -0.0274901436223889
0.12119881036485 -0.293456792592374 -0.0799146087005047 0.0318761302934951
0.0315348102483558 -0.290962407273032 -0.0159518149230164 0.0175771727467071
0.03341690690973 -0.296269711059571 0.0582101646107043 0.0117962976438458
0.174216718556734 -0.257470589172723 0.12703900991968 0.0511834605886085
0.289543981147267 -0.141358025063831 0.164793493795989 0.125313229632649
0.432790209515818 0.0638116202217696 0.0682136710781193 0.254651878515351
0.261331952737306 0.35995101338637 -0.108433864575389 0.295311215847437
-0.1281904226448 0.469410676221763 -0.15331952468734 0.116230417747871
-0.429482181850873 0.417048477221754 0.0324138481424042 0.0211199963555383
-0.435407893125524 0.196114883302613 0.220154505926083 -0.229519576979638
-0.385142887345042 0.360153369158079 0.392021117655955 -0.0847403596548821
-0.0312838596118215 0.482231174589477 0.330248041167625 -0.258828529794827
0.344528755054464 0.337838977117036 0.0883466842576125 -0.355640342335841
0.382372710869812 0.025783183414833 -0.0781927659289831 -0.242852287888573
0.28514545862442 -0.16241735386631 -0.0944897949584435 -0.119371086737385
0.131319935544226 -0.278681247625273 -0.0239945655405817 -0.0780536653402015
0.0367743542159274 -0.285869013381321 0.0139016804837651 -0.0902693703903334
0.031824959365094 -0.287206857057162 0.0831089507077039 -0.0924764544152225
0.157416314479211 -0.248288657588265 0.165316667517526 -0.0435614480788098
0.272254562562408 -0.136199897120856 0.226140903102432 0.0516190109225354
0.400302603340896 0.0678960384326394 0.13665324200144 0.21541137220175
0.222723053105317 0.33325956410469 -0.044836189040944 0.279210382558713
-0.140625316930063 0.406431290478614 -0.108430144418691 0.0817775112276205
-0.399211944446828 0.334882857316326 0.164684349402422 -0.0590652594085286
-0.325897902706833 0.089962245524969 0.4194285485927 -0.258430052085494
-0.333203676135728 0.222592369101605 0.478648750018674 -0.104745589550809
-0.0802666086796922 0.360114214040863 0.379357180445269 -0.193017352456108
0.23644102977884 0.286862639024462 0.179621605361731 -0.287752658748577
0.293992762273885 0.0412326155226689 0.0427179896269238 -0.239895724245161
0.228114211191536 -0.115879809396119 0.00319204664681561 -0.192088349810069
0.111632449046911 -0.219595220725653 0.0254863138708953 -0.17401975086744
0.0341301833569974 -0.236313195321406 0.0409255991360227 -0.184317959303116
0.0312365246682517 -0.24038360667034 0.105912024569328 -0.182913969692054
0.130360205532813 -0.206256675959041 0.201934604539892 -0.122510656373454
0.231206810085385 -0.105555524026255 0.274866103157792 0.000171178409166787
0.32221113222145 0.0843081129847235 0.183069763594242 0.18962884500503
0.14050222545294 0.284811936753962 -0.00314774684186017 0.260489046269342
-0.15952178645491 0.30051515230078 -0.075491834668057 0.0515220872660471
-0.329251510924722 0.202229586206975 0.268419509224423 -0.114728479022407
-0.153077817038796 -0.028361255932363 0.547202390811493 -0.260804196545827
-0.202731773871718 0.0607357103189135 0.518325099386938 -0.120097366785488
-0.0797899225120151 0.176005492935939 0.398145524760772 -0.145205159572055
0.111564835428236 0.169251652396408 0.233817326537953 -0.238199787950137
0.158245675499626 0.0346173355595762 0.115033187879503 -0.237440823601597
0.129277033422307 -0.0562160943524224 0.0620946723081049 -0.241322866557187
0.0706057164305949 -0.126871150506861 0.054201382772186 -0.240081448673996
0.0243772697659968 -0.150297588837403 0.0617435896520079 -0.249553281431873
0.0271422876597124 -0.159535117310301 0.12695735978712 -0.248878869340135
0.0907401254361236 -0.139867795048 0.238852488887221 -0.174637144225546
0.170000727618427 -0.0636450046332236 0.322177241890161 -0.0224373514956066
0.213144114245025 0.0905205440107831 0.217450868725948 0.189646802117474
0.0441673447925721 0.208575090762501 0.0218015293029071 0.254241266846714
-0.159978418179089 0.166229080006937 -0.0558871715631366 0.036850314316044
-0.220745297910077 0.0448798305586881 0.335044336545132 -0.133652412077588
0.0831993290657092 0.0824635294442812 -0.338181282406238 0.229697637379144
0.0988491298005134 -0.0415281162523798 0.0895997106199305 0.0813992729930969
0.00532204068785202 -0.108522154404667 0.0157624356090155 -0.264294618991142
-0.0820910991346376 -0.0471088598294804 -0.248895288843558 -0.249237883775165
-0.0613333601167726 0.0258788953567894 -0.395101947575388 0.00287707932321795
-0.0244013202043298 0.0305157600683666 -0.284017983565858 0.231737856360228
-0.0199046302909414 0.0388755240497748 -0.125046695655944 0.301200194855216
-0.0178910369867084 0.0382787354456554 -0.0465672570278194 0.286476959219777
-0.0251178053658246 0.0091652981476042 -0.0177333983984486 0.279492712392121
-0.0223110422360419 -0.0163008718013203 -0.0338459580423855 0.279692540777989
-0.016106536445436 -0.0322855012244341 -0.104039252498554 0.274952466748576
0.0310320527762969 -0.0597084579420782 -0.230912282703197 0.248125560159955
0.083356545344853 0.000394698921096753 -0.355692991649353 0.168312471832464
0.065962667862353 0.109829906706835 -0.440765171710602 0.0902183944152108
0.00523802400896628 0.139356577600691 -0.51213676436311 0.250925061652544
-0.0537139486904645 0.212275364386537 -0.36583954819325 0.16032763340275
0.051607315931134 0.123776833586373 0.0782459678204299 0.0710969577522562
0.0903124831193283 0.025178420042398 0.027454237866826 -0.284520388103539
0.0697870994252168 -0.0176065379049312 -0.254436849661179 -0.290607975185207
0.0475087845521207 -0.0248033179032716 -0.412914816596138 -0.0285429569349175
0.0396121977865212 -0.0572387380742214 -0.301926765821698 0.219169158024484
-0.00372943331401873 -0.0727509277637194 -0.133096648613286 0.287763489567873
-0.0149926298370033 -0.0683145306057128 -0.0487497623103386 0.267521838189477
0.000656027566610616 -0.0980124013505221 -0.00543208887036383 0.258135201822192
0.0676365810461464 -0.0963160424710353 -0.00817264025020095 0.263998987410606
0.108232186689582 -0.0455674033354995 -0.0659066110878668 0.266249632631752
0.167248997559783 0.0255027197694622 -0.184849372078405 0.262870413464465
0.11355799315412 0.162734971727024 -0.310699167561544 0.207768428835415
-0.0482005414413266 0.261036331567799 -0.360292379740192 0.12877459432584
-0.177968383608302 0.265667843108778 -0.413637034780111 0.241462701025981
-0.20438483182391 0.299943175962649 -0.322976528477822 0.0597630571572376
-0.0437182647865373 0.286125882688235 0.103104113652819 0.0382773352354623
0.143860109023338 0.19314436293667 0.0683106133818107 -0.31001783432795
0.229499397784947 0.0492942281762194 -0.230143785484792 -0.341674137180913
0.17709806558924 -0.061008982690177 -0.401620903914624 -0.0841626449112449
0.119270178935898 -0.135936103612891 -0.300772200022824 0.169442521345007
0.0258201700192232 -0.176528374418258 -0.130821227101619 0.233464863931133
-0.00939905444510781 -0.166088277897349 -0.0432568244131331 0.209891746113745
0.0111294128435327 -0.189206613818112 0.016077811023727 0.198325309017143
0.124286945659923 -0.174455042855776 0.0390148882831361 0.214306362848536
0.201876859442277 -0.0863257786227123 0.00997414873122056 0.239035286370463
0.29899077061193 0.0516686841018077 -0.101340236677341 0.280554877402065
0.186269373846096 0.272181363736443 -0.242421752522493 0.258231830755268
-0.0923688525592409 0.388030230528743 -0.272606572651881 0.153160476503728
-0.301921621351986 0.374989803610112 -0.267870977578167 0.194039152173831
-0.336059060247469 0.330293318515564 -0.200827357567149 -0.0528455840738404
-0.16795315257699 0.405930596670182 0.166703793704555 -0.0102812492925026
0.144986401315777 0.359320945564542 0.136055777482154 -0.323872473715213
0.355537115065766 0.148544288766394 -0.162020522479399 -0.379668508599117
0.298914287724588 -0.0680768123207525 -0.339221854926214 -0.147676567577533
0.199025827390768 -0.189509757334323 -0.265927296869517 0.0867535718866381
0.061074644203743 -0.254415285961359 -0.111724049331738 0.144953456754264
-0.00327997153968389 -0.24008714667095 -0.032341201653372 0.123286013744997
0.0108049156891395 -0.253847549362091 0.0364461143973708 0.109809560317914
0.146101391766249 -0.232625189269192 0.0878191782723158 0.134122278879643
0.252588355821822 -0.132309330594173 0.0947546841273829 0.182359774009214
0.389561541789335 0.037480185828855 -0.00216623109697667 0.272236541172563
0.256928135972929 0.319166551073771 -0.156931431957812 0.289089615936305
-0.0910410558669461 0.45872631503532 -0.19433980522556 0.148529340445049
-0.361794609478929 0.436134629808842 -0.112238833256849 0.11242216866806
-0.409626951237767 0.299592157164942 -0.0168096201135674 -0.157274017282256
-0.283664058891908 0.439671379061264 0.261687029980784 -0.0642869994838283
0.0886646638352409 0.465034886664937 0.219931451334125 -0.311900585287761
0.403699329556826 0.245932047557037 -0.0563163129585907 -0.382558323442659
0.372228964240406 -0.0441151262440446 -0.22659956190466 -0.200145270776949
0.252256433753139 -0.203715846441117 -0.193606875116131 -0.0125792666929803
0.0912839872663807 -0.289409137827078 -0.0758358810625216 0.0366220744459929
0.00420310095481968 -0.276689533702722 -0.015796717135371 0.0185453189534624
0.00668367146692742 -0.282957064447639 0.0540667400230356 0.00741725840579553
0.144191064447842 -0.25921725450805 0.12525963877151 0.0385676868981381
0.263196616549618 -0.157333042329368 0.165772671629644 0.106518691028879
0.418071022148784 0.0229607864191855 0.0850487479952356 0.236020939968506
0.276978077276572 0.319785758512124 -0.0770761140473542 0.289577120840901
-0.0855351612605615 0.458486451303537 -0.136411677219246 0.120496694861555
-0.372747602894647 0.427928588622949 0.0295240362555735 0.0159446484053465
-0.399114637587436 0.219637100798763 0.192488115391073 -0.235402118961691
-0.337136989712067 0.372898396661484 0.366839109900265 -0.107080798946458
0.00780922946105814 0.458590556486773 0.296953076037735 -0.267296681525096
0.355707381027093 0.288976442081028 0.060131301590993 -0.34366289303301
0.365713369273336 -0.00917853437281645 -0.0921907428406416 -0.227137397964352
0.257058891216393 -0.179926324553361 -0.0987782283400006 -0.108581290867884
0.101542659456992 -0.275903476269024 -0.0313212106768807 -0.0733823267379188
0.00949714148964963 -0.272747176874399 0.00328335720846032 -0.0863302740489163
0.00552904585231902 -0.276019864770346 0.0693580477994807 -0.0935742881198109
0.12969413379902 -0.248562245416201 0.154957097226435 -0.0553094795191064
0.247758866725061 -0.150833170570662 0.218028544299646 0.0324238561910731
0.386543715217285 0.0310934421920813 0.148116387317091 0.193094236322102
0.236396376303293 0.297148678076954 -0.0182930054334583 0.271026319916821
-0.102706181317738 0.397743172378377 -0.0970633806655754 0.0850609379909514
-0.349102130962762 0.347617492785081 0.148834698749308 -0.0718102853056843
-0.302429280709016 0.110158626203293 0.379647642044399 -0.278432252049757
-0.298629173145762 0.23709173989437 0.447413350700224 -0.133474501805684
-0.0477022901276454 0.346116495008752 0.348927341267904 -0.20913687415762
0.248814182865144 0.249552476229672 0.151211775251229 -0.28504053461225
0.282923426959733 0.014117726086183 0.0240073619012145 -0.232485350464857
0.206796831138635 -0.129212418829652 -0.0117243361341334 -0.18598418716158
0.0881181075305112 -0.217838488053546 0.00882002047957607 -0.169568190256384
0.0106251941771591 -0.225183547579033 0.0217782450335911 -0.178662020638949
0.00853374697175401 -0.230593712289951 0.0839528865771982 -0.181535329246103
0.107170508683929 -0.206119178840396 0.182580806654012 -0.133112803999525
0.210937584597446 -0.119128997126974 0.261318714417367 -0.0206608247136427
0.313384427512282 0.0519247655730752 0.189949678516137 0.16573907523553
0.153403002414942 0.258293625221722 0.0200698302542011 0.249963854520707
-0.128531964468866 0.29889765047293 -0.0678143192880049 0.0536781097451471
-0.294206895813044 0.215549373744687 0.243421644133778 -0.132925824476996
-0.146565580618232 -0.0165817782281438 0.502436123694919 -0.292938112527068
-0.186928699093335 0.0725658342816735 0.484484667833036 -0.153531762002011
-0.0625159347887773 0.171741617523089 0.36992326028511 -0.165794100636291
0.119675586246994 0.148761606168842 0.206435639335417 -0.243359399605526
0.153213985776615 0.0198258771763597 0.0926419670457464 -0.235817158732957
0.118924642133196 -0.063995652645337 0.0391343682033952 -0.237457273433211
0.0561794930895136 -0.125894082077779 0.0309208777754393 -0.234843520735829
0.00965066089215377 -0.143152169006481 0.0355690576948484 -0.242532249781811
0.0116405967911448 -0.152956479770388 0.0989842844556582 -0.245727463236405
0.0746566579759618 -0.138886496740024 0.214726545839035 -0.185479308806872
0.156471282802606 -0.0741742841973959 0.304689588950778 -0.0456998752437491
0.209482980194255 0.0678099283152802 0.222311496246293 0.164388065168952
0.0567561765812141 0.195003106716856 0.0417969817880734 0.240841474476277
-0.138893102422516 0.169517643005262 -0.0507254575978678 0.0393716106759033
-0.203024480693916 0.0575972771930762 0.304061087041848 -0.157723966440166
0.0806636925082976 0.0735059808594221 -0.307640977378602 0.234412253016939
0.0921181929897074 -0.0426388489443622 0.09086071820799 0.0738524061774191
0.00126891229514721 -0.102012905910781 0.00614214408158239 -0.251772141564017
-0.0793028167492973 -0.0419827313530605 -0.243264052379808 -0.227356204356772
-0.056690932522853 0.0263526618194203 -0.373423943596709 0.0176305010455835
-0.022202803245898 0.0294106067428747 -0.259001787456326 0.229157549730252
-0.017724549150951 0.0368229042494442 -0.104637569585876 0.288223194880796
-0.0143200258834454 0.0363071619247674 -0.0307900511280107 0.273802095106972
-0.0231892607792441 0.00910937810711378 -0.00401712344835713 0.266870695429004
-0.0216447271113141 -0.0155309324350759 -0.0218539127247843 0.266982961209246
-0.0163257253915433 -0.0294613879924162 -0.0879722760923705 0.265156626272005
0.0269444360007138 -0.0580440157616298 -0.210720902164777 0.243167549301008
0.0806128556323733 -0.00169740373710099 -0.330603008813419 0.169279191422127
0.0688754085537361 0.102528691818217 -0.416304385828988 0.0991062288358554
0.00965650637246828 0.12959383669455 -0.477598039645379 0.258506550445631
-0.0431810256753581 0.201376798389112 -0.337257254235609 0.16924473250666
0.0541373818787535 0.115414779119316 0.0806092675893602 0.0654532633154822
0.086644669792587 0.0196968354548953 0.0188736489918774 -0.270307651699501
0.0653644860046981 -0.0228911649873563 -0.249758510556373 -0.265734970107728
0.0442607786485661 -0.026693629815098 -0.392423568174904 -0.0121820584087747
0.033903977467357 -0.0557940394610137 -0.276447537987801 0.218323095516564
-0.00753306608139349 -0.0681029980263336 -0.113725368461482 0.276652554613508
-0.0163392219679927 -0.0639746334748205 -0.0339146705256231 0.255935481868961
-0.00421888773357381 -0.0928251704384341 0.00642350565904486 0.245996473144435
0.0596336789377848 -0.0948395165240965 0.00299122933083299 0.251310643128413
0.100961103288123 -0.0472715059684026 -0.0525566718342069 0.256193662893493
0.159005120052212 0.0159123596748634 -0.165445480596391 0.255461452575654
0.115415719579347 0.148832065601641 -0.286535262281372 0.205862464254216
-0.0340757952823381 0.250946295916205 -0.337702108913585 0.132787765575113
-0.157834808117457 0.256319849791083 -0.383090479901254 0.245840519861765
-0.181758414456859 0.290886233533256 -0.300227812633857 0.0722600289773202
-0.0288685171652434 0.273157275283756 0.101776429935072 0.035482980775597
0.144128653437047 0.175750688044245 0.0569236578631165 -0.295205907103178
0.218880978671569 0.0330228958425865 -0.22855208614372 -0.313711810780347
0.1645472706593 -0.0673912229107225 -0.383752454439834 -0.064462403116506
0.105918814973332 -0.134272556475183 -0.277884912383271 0.171485465983474
0.0151480012229852 -0.16855212701143 -0.114935565630587 0.225745190071454
-0.0167548875437828 -0.15532147966658 -0.0322685371207534 0.20174185794285
0.00165500521699689 -0.179442191594179 0.0232177436331639 0.188363013497208
0.110068201943615 -0.170663759143817 0.045840365869422 0.202106472423685
0.187522255837711 -0.0901834480409022 0.0180188671058407 0.227209911049548
0.285332091118991 0.0345120087462455 -0.0855362851728515 0.268451053756674
0.187681526567941 0.248616161287581 -0.218458328077422 0.252577654466344
-0.0714117938804556 0.372783999474194 -0.253076494816617 0.152141129495763
-0.270258651015015 0.364603550844593 -0.249066345129985 0.194765334103677
-0.305593717245655 0.324491114539722 -0.190069833408375 -0.0390345342609161
-0.142061626023567 0.392443198687961 0.159971075728707 -0.0125591342242218
0.152416360491694 0.332624154441945 0.119335096025466 -0.310450857264242
0.342551884978429 0.12103414384867 -0.164942162671266 -0.35312807919137
0.279697123902987 -0.0794125635219079 -0.327051941960414 -0.128483402024727
0.179011838380906 -0.188616790369996 -0.24844108172284 0.0913549321237615
0.0461916247507004 -0.24406362198044 -0.101013580819544 0.141627557981651
-0.0147283083282085 -0.224468793117235 -0.0250907739526153 0.118918885576992
-0.00189740237732145 -0.239888476701435 0.0388621116144173 0.103801761019879
0.128917039791933 -0.226963460540019 0.088225241485087 0.123622238964153
0.233739975396168 -0.136397437636876 0.0958261515617709 0.171160021111905
0.369788267503606 0.0166612096923549 0.00842605047967248 0.256634822387192
0.255065732349335 0.289366036803334 -0.135479932812023 0.279948944603217
-0.0689491287893194 0.439271487275426 -0.178718013484919 0.145179118339152
-0.324377612353657 0.424246858974428 -0.104941151722868 0.110950718241309
-0.375728342758947 0.298573467270322 -0.0200632020563515 -0.146470000660439
-0.250600380089894 0.428267971169068 0.247685491276949 -0.0684207011216823
0.103424227863144 0.433560087130222 0.199833413688077 -0.300549320068427
0.391885415311856 0.210901416218525 -0.064242989737497 -0.358835276171837
0.350202663854065 -0.0601869228976607 -0.223167711368784 -0.182899103130864
0.228713488995179 -0.203990805824849 -0.184465731638116 -0.00595349409340543
0.072184601652253 -0.278466065891826 -0.0717307862417935 0.0373384130959877
-0.010382752885785 -0.259454850018412 -0.0150433684527467 0.019598222778576
-0.00780818193896787 -0.267362287057178 0.0506576155529018 0.00669904313911228
0.125086905465511 -0.251306109016524 0.120708843855814 0.0315391137791318
0.24310298086912 -0.160715328609575 0.159349346791156 0.0955171398449181
0.395294841258292 0.00201901436406037 0.0905124895203009 0.218833445335357
0.27485269788665 0.289838602049704 -0.0603900646570023 0.277720784886282
-0.0636017145968209 0.438819372698649 -0.125021579751886 0.117037338747423
-0.333926042636678 0.415401600246146 0.0255950013952115 0.0127530606833359
-0.368313146606761 0.222628192676839 0.174403403405224 -0.229559438961491
-0.304237539861396 0.366932577229537 0.344189187914843 -0.11255741004292
0.0254598341590469 0.431849452227214 0.273762067626015 -0.26234155650131
0.348958578701461 0.253170645893799 0.0459414366104384 -0.325111139926848
0.346019030882302 -0.0258662293113847 -0.0948779912236171 -0.213581653736011
0.235185950496996 -0.182164343327389 -0.0987086773792753 -0.101040453941319
0.0835028419974656 -0.266003595023651 -0.0340300662660609 -0.0696641795080345
-0.00477116615934047 -0.254987064578745 -0.00204774124385453 -0.0810612653503654
-0.00800391364578666 -0.259768974203975 0.0604351329682818 -0.0901058576310674
0.11149589246055 -0.240414778356643 0.144008029767896 -0.0591001858831117
0.227402266470371 -0.153207516869279 0.206530218844879 0.0230666698984936
0.366952771321427 0.00972520997891069 0.147537373930282 0.176037776779143
0.234434259479937 0.270278670822618 -0.00364328105165057 0.257081549018325
-0.0816442496014462 0.38196255941576 -0.0886872314012217 0.0823371759940781
-0.314511287035316 0.339335324574274 0.135021631573131 -0.0760568680519713
-0.281585297476224 0.114292451322383 0.349065729314257 -0.279938573110654
-0.272099726241358 0.2355946183969 0.419310690331739 -0.141431953236062
-0.031418373161433 0.326537037188769 0.325042065656537 -0.209451610299154
0.244657734558411 0.221489111862868 0.134312545897248 -0.274732325143386
0.268094522522236 0.000222469417920968 0.0153684797775132 -0.223911242638847
0.189933269321298 -0.132425117293562 -0.0195946862894581 -0.177408798480976
0.0735011862100085 -0.209743033106098 -0.000793457721983331 -0.16192828013495
-0.000699301427987464 -0.21160969922288 0.0110083831189809 -0.169171757127543
-0.00387993382746477 -0.21739767404314 0.0706260064250427 -0.174569189185442
0.092063944507616 -0.198525307929921 0.167897873836477 -0.133724200823914
0.194335156054827 -0.121620982159981 0.245814849213884 -0.0285481686114558
0.298638682422673 0.0334265959723734 0.185627457788413 0.148870443152202
0.15399495825961 0.23791271774394 0.0312082227739545 0.235721146736752
-0.109683923710241 0.287481614957171 -0.0628959747119838 0.0529977591946903
-0.266575023155645 0.212735217438324 0.221037916603361 -0.138208742490235
-0.138991089626591 -0.0104892692952691 0.463400156914063 -0.297519167973205
-0.173038116522795 0.0748129578782566 0.452668411885157 -0.162715658081397
-0.0521111575169183 0.163819837941639 0.346334176543022 -0.169344777317986
0.119184430934662 0.131955968392637 0.187366476638431 -0.236648129702755
0.145812004395262 0.0117997780261463 0.0805978854769329 -0.228665542738277
0.110210855108962 -0.0660781093478747 0.027298489201003 -0.228515825383875
0.0472812828068326 -0.121568604694807 0.017669228672561 -0.224809926150614
0.00134877122513579 -0.134166945830047 0.0212945787428333 -0.230702862230726
0.00329910690041032 -0.144578619219735 0.0826476437924773 -0.236066196240534
0.0644339161325897 -0.133320245478778 0.195833010169935 -0.184844175477128
0.144073307433417 -0.0778503371131532 0.284940603851984 -0.0541581330070837
0.200940034402988 0.0541611374813583 0.216847576896125 0.14603656466145
0.0593288744223425 0.181931531092277 0.0509258952647604 0.226697568553476
-0.124670882956617 0.165234594585649 -0.0479550441170577 0.0384099097209268
-0.187332366516211 0.0595047428297414 0.277897177915308 -0.163299221497701
0.0778484096787454 0.0682299537613611 -0.290429739958076 0.23269850126671
0.0888437565255062 -0.0416318953162447 0.0927368361688215 0.070193094840756
-0.000427165055386609 -0.0977592832813189 0.00363373207061198 -0.245126470699706
-0.0775129915849227 -0.0401269796121336 -0.23621327072343 -0.217515238707399
-0.0545191774878557 0.025534531287605 -0.36184344528265 0.0211015725160149
-0.0218316355425383 0.0287710223052519 -0.248037486066906 0.224470611772207
-0.0167752625140852 0.0356812835353979 -0.0952349419197995 0.278535801829287
-0.0126836348377353 0.0346266277652588 -0.0237352864468109 0.265192648305016
-0.0224290947721971 0.00853699302517462 0.00217796507534284 0.259344709688215
-0.0202547197132897 -0.0152549998664576 -0.0170807472314032 0.259679743012843
-0.0158851717464452 -0.0278429538212804 -0.0818512217989454 0.258442014737695
0.0247463140280683 -0.0558492432760517 -0.200267300799303 0.237330718319241
0.0788748736252867 -0.00253348232715506 -0.317568603087294 0.164220013060884
0.0695220121761584 0.098668555132481 -0.403121774072273 0.0978296021115202
0.00955336331073952 0.123853041280129 -0.45908687723665 0.259027430252128
-0.039536301684232 0.194026567613112 -0.320847367457495 0.170677181764972
0.0547551333072586 0.111842934936912 0.0827264558558582 0.0635039527693314
0.0837976732029085 0.0174635672495371 0.0169110219848046 -0.26269390068192
0.0626308085168336 -0.0246958574125299 -0.243031291435712 -0.254636552633131
0.0417008474080055 -0.0278744789057023 -0.380313170339523 -0.00716035275057114
0.0311026386598127 -0.0545819977912203 -0.264628891033634 0.213504772557481
-0.00897910275449943 -0.0658559512649833 -0.104402922949738 0.268360727883168
-0.0162396265225969 -0.0607967392937504 -0.0275072227903377 0.248622173420818
-0.00623280031801552 -0.0896174896999852 0.0119077789233014 0.239213320710274
0.0566543214540791 -0.0933251814804608 0.00633644259316888 0.243466053775584
0.0971568851353372 -0.0476046908873048 -0.0477735935910435 0.249674773524132
0.154286310086602 0.0123986112197862 -0.156311984111118 0.248364958767212
0.114172995370116 0.142212553545347 -0.274220908542493 0.200461291613306
-0.0285025410259888 0.244108519820003 -0.327281870681547 0.129329258567853
-0.149132297277969 0.248300276018884 -0.369560494551319 0.244293825117592
-0.172166207373054 0.283123221035363 -0.286251546789991 0.0771921426089061
-0.0231157692409482 0.265774249251361 0.10286955116083 0.0351950341063901
0.142581575545341 0.165727046076691 0.0539318349296555 -0.286452641579105
0.211959016424044 0.0248267754224597 -0.222263342017766 -0.301533300625511
0.158141722016816 -0.0695305064000552 -0.372820130386438 -0.0585812346137118
0.0986992747857 -0.131812404189211 -0.265956442291618 0.168665335528553
0.0110569107208863 -0.162769522777303 -0.107134017705335 0.219761396694941
-0.019341639660069 -0.14874605276797 -0.0277042093696611 0.196527456826899
-0.00240064576699239 -0.173764638830687 0.0261059704965568 0.183560790264311
0.103857158505258 -0.168003692491715 0.0471804492607447 0.194754668962775
0.179491899902534 -0.0899141170723395 0.0204685614098755 0.221681132083914
0.275006509696097 0.0270564869503701 -0.0784552784911678 0.260496816337663
0.185350992346337 0.236361429879834 -0.207029677486807 0.246097749774432
-0.0631375469554123 0.362798935536541 -0.245062251642347 0.146644513796473
-0.254442183820215 0.354209644755903 -0.239605463316154 0.19254251873282
-0.290727669003544 0.317166673533717 -0.181974060943101 -0.0338200364676961
-0.130699545069429 0.382166983227918 0.157883513360505 -0.0112310542624946
0.152937585735879 0.316705013688918 0.115568549610561 -0.300457195150332
0.332819655962193 0.107287383331542 -0.161299353382414 -0.339540243116379
0.269535442767548 -0.0840753517620658 -0.319465131006587 -0.121039110874684
0.168692312484143 -0.18593048845111 -0.239535170520015 0.0905916828169422
0.0391473971465547 -0.236167843470224 -0.0956007698692433 0.138724369559511
-0.0190160332345714 -0.215005872902527 -0.0227845901136988 0.116436412623573
-0.00747676418288254 -0.231009371410747 0.0393040156934806 0.101515222916672
0.120144236869517 -0.222755811115563 0.0874181158513995 0.118427700324782
0.223246887547815 -0.136549897955311 0.0953211629558415 0.165639109216291
0.357525828908996 0.00779063405921191 0.0116567229442419 0.247397774141225
0.251255828294886 0.274958525953165 -0.125961282641048 0.272541058134168
-0.0585532679870307 0.426205162074265 -0.173030729797813 0.140082602086172
-0.305391054794709 0.412579416539513 -0.102799941888337 0.108308531757759
-0.360257362975785 0.293553614276917 -0.0195739322821271 -0.140775438676171
-0.236378804055105 0.417586273180602 0.241017910429215 -0.0657147918606266
0.106820331423347 0.414849599690245 0.192797041287886 -0.291965365178081
0.379975610434072 0.193919363073344 -0.0636991209179032 -0.346232221950968
0.337916424176172 -0.0672719666270207 -0.218579603867851 -0.175865241098609
0.217474874996731 -0.202260940543629 -0.179655209138549 -0.00445125884783878
0.0639626808208056 -0.270127889315584 -0.0697063958930501 0.0376254597531487
-0.015399855656587 -0.24796352882799 -0.0140894029424077 0.0197285629404286
-0.013282382447111 -0.256823575578178 0.048631282783978 0.007566625517066
0.116781959225172 -0.245154456291846 0.117229283145648 0.0283863517822776
0.231892092311539 -0.159474097700579 0.155422295259217 0.0918933611226831
0.382334526147479 -0.00768076060621635 0.0898311358411974 0.208667286794849
0.268292706679312 0.274585931708506 -0.0521332316805711 0.269593040771317
-0.055490168876072 0.42587723468909 -0.121253070681877 0.113399913599482
-0.314697327471288 0.403555128982188 0.021853405041949 0.0104644145018904
-0.354027100276001 0.220078426358207 0.167072296667383 -0.223539291737866
-0.287965167349139 0.358779178950889 0.333080877082063 -0.111577419651203
0.0313079435694359 0.413315801074881 0.264302297034663 -0.25497804576967
0.339437206974765 0.23486955071317 0.0432672547184718 -0.315343588492743
0.333520751288745 -0.0326151801713365 -0.0949054165967263 -0.207153403057288
0.223848783568522 -0.180540388844756 -0.098113382478079 -0.0983491201440896
0.074573924997453 -0.25881039293305 -0.0362742070303102 -0.0677343540365137
-0.0105365053019692 -0.244274227647859 -0.00426044774022159 -0.077747066029885
-0.014260179314531 -0.249790687945615 0.0559254872877091 -0.0861867236498583
0.102986288487543 -0.234542822144683 0.138454211686404 -0.0597573220482385
0.217057709077101 -0.152283135784873 0.19895559594941 0.0213179568234002
0.355347341866092 0.000470517456176347 0.144259176279275 0.167649115897881
0.228806713717288 0.257249207012431 0.00242029225215864 0.249126761322556
-0.0730087973913286 0.370812661958444 -0.0861443960520856 0.0794640526127016
-0.295978099500585 0.329815876613389 0.126129084135719 -0.0777758589668097
-0.27082495525245 0.11453708051964 0.333897027669947 -0.275451634428451
-0.259845975445861 0.231723294778832 0.404302726332978 -0.141788731716222
-0.026197214168593 0.314053494967858 0.313459672144356 -0.204964726113143
0.239081568082336 0.206403210639582 0.128859078082327 -0.265970722779088
0.259042447122117 -0.0060360899868724 0.0122562970441815 -0.217980591788995
0.181366929072333 -0.131684984786266 -0.0221761321999555 -0.173150165097396
0.066228692677994 -0.204852884262971 -0.00464773167694262 -0.1584534181096
-0.00607260340000039 -0.201860353194143 0.00613898388146607 -0.163443668887508
-0.00893519297917295 -0.208683105604217 0.0651369146217706 -0.16904396557245
0.0857022049069072 -0.1934570220505 0.159458767796626 -0.132775830093038
0.185861601863386 -0.121450215081169 0.235975963273623 -0.0299877195416519
0.289506793056129 0.0250827250144959 0.181240160861034 0.140601820097613
0.151558434511887 0.22765700145233 0.0348119759802177 0.227280291847909
-0.101381148482399 0.27926388018193 -0.0620792965861414 0.05124613504487
-0.252544273355438 0.205066796947058 0.208200899324963 -0.139184457026192
-0.134045374475441 -0.00858751928064505 0.442636324990534 -0.295319486510153
-0.165827273689792 0.073746293034047 0.434011519827673 -0.161333317294416
-0.0485485796564945 0.156802972605342 0.333661452292953 -0.166580120708637
0.115958618445019 0.12355080870284 0.179984341623609 -0.231128859055607
0.141750666874405 0.00950021711344308 0.0752240099093283 -0.22457024547275
0.105681705323122 -0.0663291111355692 0.0218622019169115 -0.223851444927374
0.0435247478053721 -0.118429729783567 0.0117459843074931 -0.220579629701449
-0.0023588652093148 -0.127547248360517 0.0149729063009307 -0.223492562799736
-0.000987496524592971 -0.13815456348963 0.0754867797615356 -0.228584279974361
0.05969729794606 -0.12928394126188 0.186121227287426 -0.183009614002967
0.137177171749549 -0.077590046356163 0.274095464215704 -0.0554925428746359
0.195431634231671 0.0468165883861341 0.211456540372988 0.139343023494548
0.0590422098343482 0.175886437555834 0.0527802212455155 0.218753403741476
-0.117309255607925 0.160098730584917 -0.0470919444095037 0.03773654815341
-0.178818748044325 0.0573646251936747 0.26286567424294 -0.163576541065483
0.102355750404759 0.030563178374025 -0.156439423885391 0.33116520307211
0.061597023137928 -0.0748338951537093 0.115739848958935 0.0187865956515711
-0.0421795996401346 -0.0839821327046404 -0.1061283142954 -0.223098603561157
-0.0846415724253353 0.00181042343656233 -0.311388976328769 -0.0936065086923699
-0.0331849726359953 0.048675782061165 -0.315293711772678 0.180288283785651
-0.00483922100228028 0.0351746168091753 -0.123148061788478 0.309462866940011
-0.00035499727584881 0.0399872625627 0.0372156245063376 0.290812148411819
0.00360987526963632 0.0347396696792572 0.0980291128535278 0.24775804423696
-0.0176052926655217 0.0178619208416567 0.119073573533729 0.230842703613704
-0.0250896892558286 -0.00579930797815198 0.100500170469947 0.240569939938025
-0.0252798831970352 -0.0172558675090754 0.0399987450856491 0.264845037691079
-0.00407208784610676 -0.0564000457302804 -0.0740998454770304 0.298253639681445
0.0683571750136899 -0.0353960736325722 -0.212667310222039 0.283377307284359
0.102613059311729 0.0590029498367602 -0.327256325942682 0.26204916543866
0.0611413971446116 0.112182767046941 -0.311323816947728 0.429619595120626
0.0464987394281412 0.192614450684439 -0.207511939009454 0.295348428876135
0.0943489638462416 0.0759884731673408 0.108687621920353 0.0193573741736459
0.0798624258849671 -0.0158428350489814 -0.0955643546738893 -0.246971551240764
0.0430513575968549 -0.0436955224169796 -0.327459945620644 -0.127370925470427
0.0294310209348 -0.0387143812436541 -0.344993603183124 0.158970424214581
0.00694481310167661 -0.0615572953997274 -0.143108830350454 0.303913309128704
-0.0368247300967626 -0.0539038949846528 0.0229939634472079 0.282761794771025
-0.0399051029820295 -0.0502439435981857 0.0879510457511778 0.234293332975374
-0.0448007438908175 -0.0778802022109538 0.120303011031224 0.208841629926991
0.011947999379213 -0.109878376836415 0.117568932193182 0.21559742587848
0.0696357250091678 -0.0840230993406985 0.068974553536358 0.247866694809116
0.140779679253099 -0.0522504468142033 -0.0292525010880639 0.300071911021388
0.162319218393911 0.0821043918553845 -0.161746076128629 0.300018057643821
0.0778785274329178 0.235445239894354 -0.253326071914228 0.252481205212339
-0.0263544480308329 0.298855660343779 -0.241415552498193 0.367484954222996
-0.0386769434545407 0.326125289715441 -0.21604038270841 0.202395189739875
0.0876768520266366 0.244594462737097 0.118783121019185 -0.0108634107302595
0.190976486079183 0.0922508355136753 -0.0638712242438904 -0.28463963192255
0.192676028118008 -0.0621589288284585 -0.323646320094307 -0.18224174113867
0.114048764911687 -0.12422276978043 -0.361130434951541 0.104569339445284
0.0345833315178946 -0.15904427567155 -0.165078153662628 0.262097984001189
-0.0600842737224755 -0.148596935097315 -0.00142275356072244 0.237613025370773
-0.0788987849340085 -0.127821599799765 0.0647728796570353 0.186597182330106
-0.0767274898629006 -0.155521189468227 0.109294941661654 0.151454148753356
0.0222611047075406 -0.197618711510456 0.135002315858399 0.153700573890085
0.127019147334181 -0.160217153957771 0.120318415740219 0.197789564190905
0.256299495176068 -0.0931081738091372 0.0494380308973649 0.284147577140484
0.267424240633693 0.138801395052544 -0.0842133797972447 0.316195967625974
0.0983679371024407 0.359711612118871 -0.178391383320356 0.232463931243334
-0.0724795640528824 0.443629273867818 -0.152626898606702 0.258583010048464
-0.134084079838756 0.405243324330088 -0.170191566300229 0.0629680564221304
0.0375911232348689 0.392605585385746 0.149778950159861 -0.0726959490776157
0.259183366332345 0.221547708714676 -0.00684988062815245 -0.322299884231245
0.331015176674996 -0.041843673048587 -0.277768710594684 -0.245313364420045
0.205475244405183 -0.183452515360898 -0.340073685409783 0.0211966830194927
0.0729632535200137 -0.236368485899124 -0.175635305118903 0.178724080087143
-0.0661222502524053 -0.225392620341352 -0.0281349806631274 0.157662707301948
-0.106815162387433 -0.187425602484785 0.0328510459447571 0.112114304585551
-0.105232577554651 -0.205095838262161 0.0847465707486136 0.073045535251697
0.0138468412869282 -0.254250891213909 0.138020374833815 0.0668595815553703
0.146927791663966 -0.221214899700933 0.165011586845734 0.116369316321891
0.321886776526115 -0.147261001087304 0.128600548004775 0.238223055604606
0.34428935232549 0.146835967834777 -0.00128189416308595 0.306352599909036
0.130961421822364 0.415555050961021 -0.119812423103514 0.195750830430707
-0.0913905377829676 0.518175914276564 -0.0681816883500122 0.119791161021661
-0.209224981307846 0.409896522561439 -0.0723657429182522 -0.0998260103168886
-0.0434627231271224 0.466874849151679 0.200220746308364 -0.154376744078353
0.256988411271663 0.328116860631798 0.0696954110909024 -0.342390367598794
0.407433774415941 0.0128556266890103 -0.188135668768821 -0.292276655352482
0.271047146307936 -0.197416826443748 -0.272560459497596 -0.0752215329065329
0.10859563694158 -0.272715842794769 -0.163506997628831 0.066067423200159
-0.0578352568884044 -0.267596409899338 -0.0504345689212351 0.053600753056731
-0.117973926639539 -0.218458823371973 -0.00282967697782312 0.0226759633169584
-0.121745153548557 -0.226768980307038 0.051520592247875 -0.0153255182692871
0.00102092098146284 -0.273135168190921 0.123890670344182 -0.0270181077393061
0.143803973158927 -0.2469383294609 0.187789018269953 0.0253176730149828
0.337546724301271 -0.173388192206206 0.184114032266006 0.171566797092682
0.361787600771907 0.139151137009389 0.0650320333626233 0.273305723611133
0.135023348541437 0.412267303307006 -0.0842078570775134 0.15024340271887
-0.102925651064585 0.514117638556695 0.00240045437342693 -0.0217885083639352
-0.235614596506118 0.338971571006232 0.0573122142252638 -0.255465454742383
-0.115458756477946 0.434856956967467 0.259596460600916 -0.23393988941027
0.188081176569494 0.355482765771191 0.147360727835851 -0.336034510819301
0.389045304713888 0.0655282798264874 -0.0780138210616348 -0.308039375437176
0.280086677149327 -0.166162617729551 -0.174448261910008 -0.157469278761374
0.122872713031525 -0.256686983657118 -0.132112232326754 -0.0533505450223453
-0.0435757364265735 -0.261992700169556 -0.0656496823709052 -0.0560240259165557
-0.112431646705417 -0.21652048441499 -0.0378369628689826 -0.0692284465551913
-0.119525640690154 -0.218622554347808 0.0151454315553974 -0.1030902373552
-0.00644960923048594 -0.258089977369119 0.103991955727721 -0.115369157394288
0.133142250019703 -0.234377469998913 0.1954725123568 -0.0575147539511271
0.317969014357768 -0.154657529433822 0.212832217613443 0.109149249443769
0.319109643017465 0.140379150367347 0.102986091514827 0.230111686599962
0.0946973295383054 0.369446626466838 -0.0641598837465028 0.104298012865182
-0.120083069675257 0.435531384911457 0.0623899305646642 -0.144132463970954
-0.205651794281857 0.209678909335817 0.183884636778032 -0.377826407277308
-0.144143578067153 0.308882940722921 0.306726365445843 -0.29253479055634
0.0970217894928104 0.288864880278149 0.20706924727241 -0.311192552034451
0.287563548303342 0.0818809418644075 0.0165819583243778 -0.297107161733631
0.224842828867742 -0.111513245692447 -0.0827204637441021 -0.211999192483228
0.105133784408747 -0.194822872886621 -0.097792447073723 -0.152109514434291
-0.0274330932504568 -0.209924849191225 -0.0781506414344563 -0.149039481810189
-0.0905441594846509 -0.178969205616971 -0.0677154661912557 -0.150224378625578
-0.0968998054708872 -0.183942111870447 -0.0144433286966946 -0.180571261972566
-0.00529994960969439 -0.212727025141285 0.0892194706448901 -0.190583428047375
0.11808017069856 -0.192349558043979 0.205367243126412 -0.12105079372869
0.270728920035585 -0.103671096091364 0.230648890912368 0.0669154888610343
0.23523848651232 0.147298277506768 0.122893557732884 0.193329999035364
0.028667267417372 0.298594087978378 -0.0496247434477712 0.067707713036131
-0.136226191103928 0.300936435952226 0.116091540421596 -0.230667082632214
-0.132684732382812 0.0430182281554068 0.270965524753938 -0.449626343177151
-0.124461853261756 0.13040791298038 0.319632591058431 -0.327949025123749
0.0133909418279593 0.157381515182939 0.233357499765537 -0.286774901488188
0.145127341979906 0.0591718671874261 0.0704126038869051 -0.286102419393615
0.125648208529213 -0.0501027596880285 -0.0292244573072095 -0.240434431037351
0.0646798595617268 -0.103953286558946 -0.0803575148959052 -0.21365253949316
-0.010902862497608 -0.123381175866709 -0.0902727818139585 -0.208990661961917
-0.0555332567811928 -0.112905939753446 -0.0879324221978322 -0.207197632422372
-0.0605488972952908 -0.123935484759305 -0.0326187315375395 -0.238665211704291
-0.00104549082402319 -0.143682878581009 0.0872173102198398 -0.246500202433304
0.092972743965046 -0.132015182810016 0.224896682745386 -0.162664872185261
0.196752575265415 -0.0421102800446078 0.252892473272048 0.0471462848978216
0.129486458304305 0.14005838928648 0.135312617351717 0.173967180572549
-0.0378442386463108 0.19611245880965 -0.0361571752264662 0.0486599811444074
-0.136936925484522 0.130589962984916 0.162179486651118 -0.270431515478098
0.102929884370916 0.0267727579971606 -0.141845082490321 0.339524153321248
0.0604382067383889 -0.0780764059767561 0.120119258419669 0.0128676640782252
-0.0450428155399822 -0.0830933940814984 -0.11468587729307 -0.22396630456286
-0.0869602949654823 0.0046900210463618 -0.318049116902508 -0.086568478544845
-0.0334149347668952 0.0499191746244803 -0.313899039658151 0.193361290347516
-0.00430367857471017 0.0360166851546814 -0.115111164112735 0.317726175122778
0.000778259916494209 0.0401864011766208 0.0477765870204813 0.291156115109933
0.00543946593341419 0.0340531410496046 0.110638436595 0.246454454050383
-0.0174323537121578 0.0189360856762276 0.131003765763369 0.228761396580238
-0.0258285657627634 -0.00562290151027894 0.11231365345599 0.240975510948651
-0.0257212652688152 -0.0162313835579097 0.0499885409782617 0.266716410562797
-0.00545604332987207 -0.055927284760487 -0.0644265335966191 0.303471362099468
0.0682511466973813 -0.038617890730794 -0.207537393924893 0.291545055707022
0.107136440159206 0.0565073457066117 -0.325330244559492 0.274984079717785
0.0642567551890408 0.111011774587015 -0.299788358363176 0.447812772635597
0.0533838957262737 0.192515873355597 -0.195228725161317 0.305286356108619
0.0989304483434534 0.0734698402057961 0.113538140938004 0.0147377684940759
0.0806786190322548 -0.0196364073596401 -0.103270735476969 -0.248432324112926
0.0398932409928336 -0.0466297756804749 -0.335391779475558 -0.120450916594411
0.0267340423346516 -0.0420343821504401 -0.345118157995589 0.172601511960716
0.00445203729388503 -0.062756473408858 -0.13590219311232 0.312509198606159
-0.0399048822029338 -0.0525523196357227 0.0336315471381161 0.283815615516531
-0.0417162912527481 -0.0485120668490632 0.0987400588398849 0.23369379663407
-0.0492223988246448 -0.0772342324796942 0.130982411936202 0.206625373424028
0.00729796771229315 -0.11351051354928 0.127709803249156 0.214927683483184
0.0676583265648673 -0.0874490503026321 0.0792559983592484 0.249752963229849
0.139962187344719 -0.0581594461450824 -0.0196610272512603 0.303877979902545
0.166766601558744 0.0767806136981003 -0.155102704064255 0.306599466697182
0.0879579091249583 0.234888119564154 -0.250809487212401 0.263525945816405
-0.0170775014454533 0.301631423583971 -0.232891802264734 0.381424302572143
-0.0274282217053873 0.330925838977987 -0.208138517282863 0.212942265587533
0.0985419769675003 0.244361079512204 0.123470420081127 -0.0158415170421435
0.196639839146215 0.0847823918039382 -0.072190947717138 -0.287598927877071
0.189699653372387 -0.0727187795760865 -0.333105033280116 -0.175659931213581
0.108113238169294 -0.131279683008821 -0.363733145595053 0.119950625599292
0.0281637876739183 -0.162345952077346 -0.158850954793609 0.271129269365341
-0.0672726393899703 -0.147199266438846 0.0078997169043253 0.239747927965207
-0.0844854509659205 -0.125088595257129 0.0736400695346856 0.186269751832064
-0.0847010351193192 -0.153342344913884 0.118205935724121 0.149795374206287
0.0140517212064084 -0.202815668000901 0.143105400323189 0.150903080022332
0.122318808336839 -0.166910586484992 0.130345873685936 0.197427660082945
0.254492446966948 -0.105466010585474 0.0587746440626251 0.285780780943657
0.27522077478424 0.130175201585067 -0.0740863477447896 0.320393145512068
0.114167821759384 0.360576293426277 -0.175870120552592 0.239679395792481
-0.0592930272360731 0.449144404430248 -0.146804758935436 0.267160434499065
-0.120414447312038 0.41509727763701 -0.168384519521496 0.0711619002224328
0.0531431120055645 0.39599072704054 0.152502972034245 -0.0776817325689596
0.270149287242827 0.213309071098425 -0.0157553291153861 -0.326610811487163
0.330382008862476 -0.0572692173745317 -0.288635755080371 -0.240711619962061
0.198493185060873 -0.195122633847657 -0.346607649613924 0.0337384649737145
0.0643066386671128 -0.243396817903225 -0.171934790118175 0.186801350477124
-0.076990811847732 -0.224718995343794 -0.0222119173411734 0.160187708128035
-0.114696000692841 -0.183074757059133 0.0379772802553779 0.112757053094936
-0.11626306917475 -0.201779036189929 0.0902885122606598 0.0716442201803245
0.00304030143363764 -0.259307328807098 0.142746467578177 0.0634111496197181
0.139614159998224 -0.229138045154202 0.171991548488503 0.114363626223329
0.317613264035052 -0.162965700243931 0.137453637350671 0.236690191507432
0.353097409961436 0.13504909306705 0.0109698170845166 0.308857670767048
0.148359168584574 0.416262650755613 -0.117681238536807 0.201674476629786
-0.0741540071636809 0.526439311823943 -0.0667237076634561 0.12441480368277
-0.19540380606477 0.42151577022043 -0.0751494928176733 -0.097529131185933
-0.0253083770609222 0.474336003254675 0.200352654126719 -0.161439865104986
0.270549845723277 0.319661995627361 0.0617147515378278 -0.34865418253021
0.409109539113761 -0.00385351818215548 -0.199119391925912 -0.29073895473777
0.26550871384706 -0.212485028460455 -0.282025242460285 -0.0663092917009827
0.0988709583381689 -0.281257649262526 -0.164211181196502 0.071424516485537
-0.0705226768315907 -0.267597025600698 -0.0492455598435336 0.0558042984386874
-0.127667232553408 -0.213699070517049 -0.00226138980124414 0.0233462980305596
-0.133169982688482 -0.222005741027723 0.0523753347857938 -0.0165313396155468
-0.0106170262088452 -0.277564681163945 0.124358689975232 -0.031444287901399
0.13507128566854 -0.255355885816642 0.192705974169795 0.0205218433243674
0.331657529338713 -0.191166516568216 0.190910825782225 0.167067410435486
0.369505647597132 0.127349368379115 0.0763045530059583 0.272586143549233
0.151695177476535 0.412900982900148 -0.0824286614306691 0.154980481903974
-0.0877813150013753 0.52022022069301 -0.00147331030654365 -0.0218954819971667
-0.225340700260426 0.351036061762012 0.04990321918028 -0.2595492981377
-0.10195772336787 0.445081162575375 0.255761097509037 -0.24385143242656
0.202018784083303 0.351592855544967 0.14040535483743 -0.344697692831207
0.391606609850383 0.0498242233147355 -0.0877421435249716 -0.309095196963769
0.276048362295315 -0.180012557826142 -0.184549760361611 -0.15449373644933
0.11393238593114 -0.265902328888236 -0.137189383615081 -0.0503688376558098
-0.0546509513525826 -0.262574793092801 -0.0705457080933917 -0.0539064503821868
-0.121168485566195 -0.211444790357212 -0.0419287435783944 -0.0684941560477563
-0.130398085849782 -0.214335820477619 0.0124259128631199 -0.103866790784203
-0.0170730758643197 -0.261487951186663 0.100246969149591 -0.120198136634658
0.125996238240824 -0.242079394626387 0.196946919232391 -0.0636764422974838
0.313556959446069 -0.170525962698827 0.2178542564116 0.103035472628796
0.326935082872542 0.131106009238314 0.114032112264738 0.227452475003464
0.109511756752385 0.369993402823261 -0.0637099729129765 0.108223674817286
-0.106573641674964 0.441953218220787 0.0542204933895566 -0.147975242172667
-0.198940787038091 0.21890774569047 0.172272270635071 -0.387587632676709
-0.135065771841203 0.317529000666134 0.299199539550249 -0.305582436371349
0.106565901155823 0.287424121748745 0.200476628229276 -0.319494985770053
0.291934215367438 0.070484589097579 0.00829855178967556 -0.301634529937043
0.22259957296074 -0.122857425785657 -0.0922213072280639 -0.213014380507192
0.0986067283118473 -0.202539434312475 -0.106080530812719 -0.152104348803473
-0.0365164682659352 -0.211238222594503 -0.0869047332871754 -0.148772692706205
-0.0978497556152956 -0.174474867930261 -0.0757742010090045 -0.148692740219664
-0.106515612413522 -0.179691237838082 -0.0214855314084832 -0.181701110061197
-0.0134969023857177 -0.215219570236178 0.0818072954687263 -0.195294028608925
0.110940760679162 -0.199122320121016 0.204496906285221 -0.128036152037724
0.268123408744995 -0.116818767507323 0.234857943438822 0.0598705815770596
0.243717491926697 0.140686238073247 0.131877076993803 0.190433656831692
0.0390356406420724 0.299721715208254 -0.0491148447545938 0.070962422804808
-0.128686447029528 0.307196794906789 0.104812556936033 -0.238060469125454
-0.13197960591921 0.0474544945095952 0.25887869674962 -0.464386321692271
-0.12146102289372 0.134976697623164 0.31123192564123 -0.339587471078124
0.0182766462354723 0.15818433114758 0.227723696374112 -0.295195916810401
0.14728501386559 0.0536131391816379 0.0625431308881136 -0.291692094565231
0.125344224943246 -0.0556991210204124 -0.0383826282665382 -0.244496630566304
0.061701786118509 -0.108371055860078 -0.0900662652496652 -0.215013457811642
-0.016362398115503 -0.123618203315817 -0.10226501037605 -0.209554450030912
-0.0601212415219163 -0.109492457693892 -0.0992581009734991 -0.205270897726125
-0.0661046483046389 -0.119952887907631 -0.0432814619589511 -0.239850357230295
-0.00644889744221076 -0.14464204953559 0.0792246522966542 -0.252231423826412
0.0871674448774862 -0.136763882588987 0.223936482390247 -0.171144012787121
0.196279293786323 -0.0508354907922034 0.257269530990991 0.0392016055012916
0.135953823101239 0.13756581644577 0.142942736445503 0.171489602937045
-0.03221008276544 0.198610767060243 -0.0359368562619532 0.0512178260031129
-0.134481582180187 0.135184298693006 0.149901243939001 -0.279687212336419
0.101801803012038 0.0202963555221715 -0.118869648850597 0.346797327342773
0.056202017374556 -0.0818734155603564 0.122832691978144 0.00418040329850763
-0.0484750159685431 -0.079882744167247 -0.127002730017839 -0.219223329307403
-0.0873346307380844 0.01074322327111 -0.32366815614458 -0.0704124211358916
-0.0313478796329388 0.0511882710423573 -0.303403733961742 0.213148592216586
-0.00332969684351578 0.0363214054101401 -0.0973122003580753 0.325840095287905
0.00357916883935314 0.0404827387794021 0.0650427313317055 0.286316065782807
0.00760830492028794 0.0330740298635622 0.127316125479324 0.23928411238296
-0.0168564541648306 0.0196996297692112 0.147745713186436 0.220860641349632
-0.0271889381317594 -0.00507627700875108 0.128218486247554 0.235326785801347
-0.0257439908127459 -0.0140064798509858 0.0652900726549097 0.264449690250467
-0.00879896463131207 -0.0558424645615015 -0.0476046547003153 0.30782858428691
0.0659526154704927 -0.0427577420631641 -0.192932238819623 0.301333470146164
0.111956599658633 0.049346798378066 -0.311963153819388 0.291812534575888
0.0693469324532867 0.1069536704967 -0.271948014127496 0.467036095998862
0.0639515954409788 0.188525278581777 -0.173111746851808 0.317093303519736
0.104431415958499 0.0676252352550587 0.117612674108081 0.00658992615973927
0.0801182046756938 -0.0248115820049499 -0.117076245580955 -0.244068808057276
0.0347295627688591 -0.0494498457174868 -0.343288712136717 -0.103163085131661
0.0228385668423462 -0.0443378011571462 -0.337226674989068 0.194703878359349
-0.000859840609282554 -0.063228443921109 -0.118270189191966 0.321622028861403
-0.043614679078264 -0.0494712021585944 0.0506697425049644 0.280169406461105
-0.0450454215105485 -0.0464313294139648 0.115630934030008 0.226724928545693
-0.0553595816679053 -0.0736537571522612 0.146135351348587 0.198473962418457
-0.00116992799456572 -0.115192823000338 0.142304409473654 0.207817191430511
0.0628144520789163 -0.091936349131209 0.0948501920534849 0.246097316432853
0.136436397209443 -0.0667227652127361 -0.00247571107110242 0.304623679855737
0.171650515668452 0.0666062737993295 -0.138127384752207 0.313429034863147
0.103622220621501 0.230315708605419 -0.239432366875803 0.2776260572445
-0.000359410664726945 0.301819848929742 -0.209642514652712 0.397134097332482
-0.00709101312238367 0.332695937275262 -0.192493472831618 0.225141805765727
0.114226778182149 0.238230575471457 0.126309441219016 -0.0238304746702937
0.201643838076354 0.0716390366336948 -0.0876382524766656 -0.28478890112108
0.181938568487016 -0.0855411447231146 -0.34383838732415 -0.157652162835019
0.0982737778235734 -0.139631088140954 -0.359838588755612 0.143453478384323
0.0172075473992772 -0.165586143761468 -0.143629962492054 0.280082819411645
-0.0776894803963478 -0.141641433008987 0.0220242073003254 0.238653438052534
-0.0923242378922436 -0.11816755041332 0.0857008755162983 0.181257867305696
-0.0959102529200985 -0.147035529461759 0.129590893562401 0.142361030838322
-0.000554053048841654 -0.205271786287343 0.153307583427428 0.143353505624933
0.111634722415288 -0.174400496404551 0.143272329710089 0.190847175165198
0.246517796066095 -0.122003252949237 0.0748656593848334 0.282776856201399
0.282449733036274 0.11332153491124 -0.0553182330574981 0.323111741230313
0.137464501925719 0.353395235509467 -0.166176115164773 0.250063845655461
-0.0328678865891403 0.451017343972314 -0.131472456370607 0.277973644143644
-0.0940541835594715 0.421952115824718 -0.161749115422272 0.0811886761429889
0.0779025283878335 0.39298657102117 0.15107323871174 -0.0865576331568494
0.282325995912155 0.195055711672262 -0.0329352711310193 -0.326930552956571
0.322892474185896 -0.0794588687918579 -0.302778883494262 -0.225363177400393
0.184010099137056 -0.208971049844605 -0.348257759564195 0.0572524658429313
0.0483488381460607 -0.248440256707145 -0.162423337695306 0.197511553122092
-0.092624580690045 -0.218884448590125 -0.013479841389929 0.160744011220168
-0.125818291105488 -0.173667610918673 0.0449068631423407 0.109883514423163
-0.129956837735061 -0.192579218757576 0.0965871421303654 0.0658552297392865
-0.0141826333484764 -0.260916812872664 0.146990398834087 0.055303892372676
0.125141033507183 -0.238406721917058 0.181923107236666 0.105929127668592
0.305695785235537 -0.184877538593518 0.150645063829401 0.228825918895204
0.360342862826667 0.113753413075471 0.0303103242626082 0.305674919686184
0.175585032483951 0.40852606397316 -0.108676163114305 0.208606590709479
-0.0443413802971265 0.528120521314531 -0.0621407349638405 0.129382943141946
-0.168982737590446 0.433669486168749 -0.0803321129576518 -0.0925209695501476
0.00242014193685716 0.476162957196859 0.192470807121932 -0.172149763300513
0.289455128742216 0.301736140560989 0.0432755921363616 -0.353194988475078
0.405353764664106 -0.0320585864472705 -0.215714175518283 -0.280870276192508
0.250491207264821 -0.230726573698582 -0.289098324422773 -0.0474818133663478
0.0809415902974586 -0.28969048682037 -0.161777580306852 0.0810600630586074
-0.0887217345253508 -0.262463240726802 -0.0475061834769663 0.0584980973876134
-0.139980647201953 -0.203203003241889 -0.00177971831630379 0.0235488206922934
-0.148035874071038 -0.211054167334227 0.0526489445756757 -0.0199958683815358
-0.0295947392757232 -0.278885744589368 0.122570523290305 -0.0380096547463129
0.119548738187747 -0.264213167865765 0.196039710666 0.010817140417633
0.318087496727227 -0.214152001164399 0.200158984199893 0.157104577251323
0.378486776892129 0.104161082462193 0.0941248126092441 0.2656099727567
0.178280617133816 0.403470723976901 -0.0756758417915454 0.160739964557201
-0.0566473260812106 0.522828931272152 -0.00603593910963378 -0.0213781909178291
-0.202654265393755 0.364777174914634 0.0339342694297856 -0.261839008031333
-0.0756641344440561 0.451479368221364 0.242230806303997 -0.257132247346357
0.221598903533079 0.33731858736759 0.121681385173366 -0.35236952046966
0.391864343882395 0.024076527706272 -0.104921029324193 -0.30508535224252
0.263156651225629 -0.199452561234731 -0.196953214692431 -0.142257941456474
0.0969979223735255 -0.274483056271281 -0.141878813809663 -0.0429279472193421
-0.072598731955017 -0.258994190910305 -0.076124180236928 -0.0502241065600376
-0.133936547250782 -0.201219984873163 -0.0474656413161222 -0.0649610306757449
-0.144371794044074 -0.203086729095251 0.00619055595689866 -0.104456186476327
-0.0345461180849377 -0.260973635883759 0.0926346788197289 -0.125044854053339
0.110456278337816 -0.249987088426357 0.195774534516597 -0.0742138007554844
0.30077021039105 -0.192685893990602 0.223697064397973 0.0915466859103462
0.335463911365481 0.110963932271069 0.12906179944512 0.218694895141892
0.131528786189741 0.363045648564391 -0.0585630974659353 0.113023885291102
-0.081217871685115 0.445617158165126 0.0408693956255988 -0.151392324054493
-0.185737032041636 0.2302573593508 0.14918369143845 -0.397259725895065
-0.116264071432396 0.324961709504378 0.281066370286696 -0.320175545496481
0.122834665583117 0.279850940920451 0.18332587709085 -0.330484165754904
0.292584180265756 0.0509033784049953 -0.00864000277316763 -0.303197022945738
0.214271149699955 -0.137874417652754 -0.106743338619069 -0.208317113049594
0.0851000459113239 -0.210067212563813 -0.117122249841223 -0.146770976905004
-0.0505943774770412 -0.208811311885477 -0.0995123550166333 -0.144036752680809
-0.10756935062095 -0.165711573672005 -0.0872004677086022 -0.142658365541585
-0.118136557399726 -0.16988586673011 -0.0336765240985918 -0.179092168998594
-0.0281622002429461 -0.213961548669684 0.0700461974729435 -0.199619964650571
0.0981479339339657 -0.205504833175524 0.1990311850905 -0.139248808110993
0.259298260791566 -0.135179998927223 0.238678997194031 0.0474367141714388
0.252455039907315 0.126412754960527 0.144918214396805 0.181577728664394
0.0566125107685509 0.296960203975973 -0.0462383932236514 0.074795685590881
-0.110431608601352 0.312558681441125 0.086467739768918 -0.244060589808325
-0.128525884124347 0.054261240417665 0.229992229967088 -0.478715799760154
-0.113320118555977 0.141808561127028 0.290266283583601 -0.355465672751532
0.0270244545852725 0.156892323177008 0.21289896007969 -0.307308537431921
0.147932074089769 0.0437866275641165 0.0469242244059717 -0.294865075020078
0.121923439840281 -0.0646987101377484 -0.0538058002029496 -0.243670515327193
0.0542326833484404 -0.112732409709697 -0.105821767946796 -0.210859892368493
-0.0237863363750775 -0.122793809018103 -0.119015709099252 -0.20394331061414
-0.0652674772181638 -0.103370095507712 -0.11381888065138 -0.197646619390659
-0.0740460130548859 -0.11346535472421 -0.0592688602321468 -0.23610127774886
-0.0158190968998662 -0.144074165051674 0.0630633107385391 -0.256121327150223
0.0781917198398519 -0.141977923136543 0.214927800131043 -0.184239323546408
0.191660704407428 -0.0641695192567437 0.258988130940249 0.0254638002257784
0.145268626358346 0.130024050530012 0.153765499491116 0.1624014932489
-0.0211127204808582 0.19915059663595 -0.0341588357655392 0.0546054932550336
-0.126976275129794 0.141160713378415 0.128509160375883 -0.288668540561104
0.0983268768489621 0.0135884763875403 -0.0902895258950958 0.343014414679598
0.0497572060480912 -0.0833019237319148 0.121815061959471 -0.00446888321818842
-0.0517507638995613 -0.0751256548599274 -0.137221332398409 -0.206840185339543
-0.0850089427934681 0.017525236308984 -0.321015866742346 -0.0503578942146983
-0.0282225580460829 0.0518466566525919 -0.283480040410499 0.227659468344915
-0.00201852157047334 0.0354215456999561 -0.0746671325881268 0.32486579070429
0.00557076296552192 0.0395584910570688 0.0806005715455907 0.27330354521956
0.00954011468077123 0.03075944443306 0.141735723771005 0.224059740902768
-0.0155510515030918 0.0203355256604116 0.160273342589928 0.204756114989706
-0.0277275216953271 -0.00336518382492811 0.141958485516971 0.222357208535327
-0.0252708983195372 -0.0116184255433484 0.079366901800583 0.253914870886615
-0.0121868369163809 -0.0536353406667741 -0.0277770086617135 0.302469330586339
0.061275521849101 -0.0457999649074996 -0.171642787191659 0.301988989937766
0.113280650301476 0.0405673778006314 -0.288553083843339 0.302867439231156
0.0722659903273197 0.0990996472505482 -0.233374523065681 0.4716391066963
0.0731533886969986 0.179101227676135 -0.145855164189663 0.317933061041818
0.106396618950768 0.0587912531395048 0.117559843116821 -0.00179488179760991
0.0767218486680163 -0.0309462387719084 -0.12857822569589 -0.231857530194762
0.0289308043572942 -0.0502835326903518 -0.340318398764113 -0.0805556286564429
0.0171001969374237 -0.0454123548657687 -0.317948712820717 0.21381487530207
-0.00603995638596134 -0.0621425169202533 -0.0950026928501079 0.321309593189123
-0.0461263094950324 -0.0443580177237583 0.0672223764274195 0.268586123037043
-0.0464427364086026 -0.0416398693005375 0.128516861066163 0.212402867418395
-0.0594803646558766 -0.0675487291630731 0.157458141958511 0.183081568661946
-0.0103865286579355 -0.113431874927731 0.154103805879372 0.194356391876458
0.055409156244435 -0.0936787448611515 0.108657292521063 0.234925232282852
0.127357732057544 -0.0744900271742142 0.0158389911477042 0.296588245435267
0.170790357360128 0.0536896928412859 -0.115753416558167 0.310565108123983
0.116444032121916 0.21793835873496 -0.218083922627359 0.284592567489609
0.016636149519883 0.292411470842949 -0.177850053339584 0.401472895233719
0.0147932838294197 0.322592953690495 -0.170596562873924 0.231322834138612
0.127073807210889 0.224321318671022 0.12407216835314 -0.03112206822053
0.200053862830913 0.0545321558843844 -0.101575011818263 -0.273427830502944
0.168708532422829 -0.0960119019804989 -0.34513932203167 -0.132892835203365
0.0840721121838411 -0.143383177838941 -0.342644920512813 0.165350176932843
0.00448348594040613 -0.163193241131886 -0.122230620298304 0.282526770630409
-0.0857941823313053 -0.132052728632226 0.0369132886761569 0.229421122603526
-0.096865681525572 -0.108182120237124 0.0961560911853295 0.170474580312308
-0.103680542669202 -0.135111302656527 0.1372898060934 0.129685374066451
-0.0154387706400801 -0.201580357316474 0.159951803024669 0.130814535678826
0.0974763153767439 -0.177415454202324 0.153494110536254 0.177642333701102
0.230656286833711 -0.135641108024678 0.0898383033665527 0.27035195472961
0.281388071871766 0.0918606436313368 -0.034331411833253 0.314291787552862
0.156641786207697 0.335806830281326 -0.147471289886533 0.253633429679424
-0.00577498125248462 0.438985350703506 -0.111641737868085 0.280673946483673
-0.0637575964235215 0.414270943950986 -0.150480558334391 0.0891159233083297
0.10139426806143 0.376900762914835 0.14411776744224 -0.092972752386437
0.285774330155979 0.169181480797056 -0.0504226839445842 -0.316441555961477
0.305206883045483 -0.0999546423450327 -0.309016153517599 -0.201450261727601
0.162710775883307 -0.217767328605492 -0.336835178765499 0.0812540084733079
0.0289983767857406 -0.246984455064317 -0.145828245024978 0.202823342370365
-0.105303382490329 -0.206060284315523 -0.00364515782358246 0.156957682617123
-0.133145902435224 -0.159364483101186 0.0505088571666919 0.104548487786815
-0.139756735131866 -0.176851881964827 0.0996946167921561 0.0576984579441044
-0.0333228285182279 -0.25413513553213 0.147485313503587 0.045651304845879
0.105919090688975 -0.240386967179849 0.185386626649997 0.0924687219047595
0.28240889327335 -0.201904874606226 0.159579035042998 0.214004311647633
0.358281306424954 0.0874852907295182 0.0483665881863712 0.292414266671253
0.196755779269098 0.385768888563926 -0.0949191983025331 0.211127735734638
-0.0116208001118876 0.512155781668126 -0.0547530372260066 0.131997808307045
-0.136098275507412 0.430668256576607 -0.0822538047092068 -0.0842969035432811
0.0335950809578005 0.462213444610804 0.177908241881647 -0.177537750781495
0.299196460295254 0.273659492611549 0.0218918721784877 -0.346044952744948
0.388159876112705 -0.0592551127666122 -0.227033279677662 -0.25962641471005
0.226679271638874 -0.241923955348185 -0.286697077719821 -0.0246735018110265
0.0579343901808205 -0.289089458998412 -0.153175621592727 0.0892942750753005
-0.105017291411046 -0.248983135837235 -0.0441480440738499 0.05934822332637
-0.149133665375815 -0.186606878987099 -0.00185974801984748 0.0238851960254162
-0.15863874834377 -0.192434803068768 0.0508833433742175 -0.0228467886345072
-0.049571888981842 -0.269695296519486 0.117589131642459 -0.043676402066597
0.0988848597138066 -0.265293712195882 0.194118909399032 -0.000893203873249519
0.292361202263813 -0.231723030190391 0.203590091974053 0.140961236444747
0.376097555330049 0.0767643596280744 0.107995046488346 0.249830421773593
0.19948454028391 0.3813608613396 -0.0662004264491456 0.162011837635835
-0.0237944606808445 0.509354640686574 -0.0114422329117339 -0.0189168759840652
-0.173289714569076 0.366009984957151 0.0176351257000262 -0.255980779637902
-0.0445613015321334 0.443943772913524 0.220353603487229 -0.262508530289445
0.234975220417102 0.312531644835754 0.0993270202668429 -0.348847336518982
0.379262328556838 -0.00426049855800508 -0.12038033928873 -0.29001504464352
0.242052051623031 -0.213631818777092 -0.202666969202466 -0.123896639903126
0.074365992865814 -0.275858676188865 -0.142440938447906 -0.0323334648132146
-0.089823874464382 -0.246489027855918 -0.0798489803038305 -0.0441598274804789
-0.142542406057286 -0.184647453997016 -0.0527541181212723 -0.059354743401763
-0.153793222797055 -0.184766472545856 -0.000393279090485195 -0.101661813668921
-0.0522857863214463 -0.252242583539239 0.0823704639876914 -0.126031327802038
0.0901594208327509 -0.250566998292896 0.188240988284241 -0.0841983378313068
0.27645202786753 -0.209078250350153 0.222534754222869 0.0766131004483552
0.333594658513958 0.0853616396010224 0.140054671805314 0.202235679015149
0.151357035325579 0.344215028132786 -0.0515261870448786 0.115024268957636
-0.0502598099654078 0.435446779136648 0.0256168685756594 -0.148479426925116
-0.164765107024821 0.234189675456225 0.120191590829485 -0.394304328087928
-0.091683798439193 0.323695188308644 0.253694983628118 -0.326455402719351
0.135916891075322 0.263180339409127 0.160179821909024 -0.331346729370611
0.284851899416261 0.0295720270904912 -0.0251254975428195 -0.292953380582739
0.198694959961355 -0.149706694974038 -0.119164207492302 -0.195238358988543
0.0680643181149205 -0.211468247595559 -0.124745382248572 -0.136097788001825
-0.0640453756988754 -0.199352072854866 -0.109709918389798 -0.133733103533277
-0.11492105502716 -0.152238393830515 -0.0967346719254658 -0.132456428107682
-0.125842970066844 -0.154239342997628 -0.0452720599993593 -0.171651146726704
-0.0427771153629759 -0.206406758833222 0.0545557902284536 -0.197325805190545
0.0815263720825754 -0.206388472469001 0.186260627252598 -0.147871293897863
0.240648405436475 -0.149483817298278 0.234779373190087 0.0329617391357661
0.25494385873223 0.106938100050052 0.152675691025308 0.166717040339529
0.0734380831336175 0.285037243276023 -0.0414560722866474 0.0770434312165982
-0.0884531517292138 0.308652193409642 0.0635207253158657 -0.241733828277067
-0.121240069936538 0.0602849630016735 0.194113060109521 -0.476852138779499
-0.101334227060602 0.143838309685425 0.258271025212176 -0.359886090810401
0.0348505761570035 0.150367386353414 0.190452161730118 -0.310025460604994
0.1445592551824 0.0327472008039993 0.0290414915114207 -0.290292641095223
0.114388933967174 -0.0723648046362046 -0.0684864800814692 -0.234780280975756
0.04456075095005 -0.114217024443078 -0.118374913605156 -0.200944042247258
-0.0311135330176665 -0.117526306335433 -0.133127487135679 -0.190567582729257
-0.0691076864488525 -0.0948987146197282 -0.126194718540643 -0.183461804820317
-0.0787840256264858 -0.102954523157817 -0.0743512136422925 -0.225554950278875
-0.0256774411829764 -0.138974839457209 0.0443545158463401 -0.25252913383287
0.0660437126696957 -0.142988251005957 0.19862307265019 -0.192750113189176
0.181034234465801 -0.0757011039017051 0.254066376968675 0.0102819861070348
0.150010324331238 0.116306463174159 0.159750583091983 0.148527280233463
-0.00891872102259731 0.194357572919954 -0.0310019300229048 0.0561641770501253
-0.115381974326122 0.144587909858869 0.101620921449358 -0.288042501063024
0.0923435359169577 0.00961793762759668 -0.0688028841129807 0.329259444643064
0.0443584993582504 -0.0817945906428589 0.118280848223117 -0.0107013487004496
-0.0515859596676788 -0.070029731106482 -0.139502666938295 -0.192567164667442
-0.0801288257590208 0.0210226607156229 -0.309738326291436 -0.0364268677926514
-0.0256710148213265 0.0510979338697435 -0.261134705483805 0.23125945447696
-0.00185099954277555 0.0341425932054419 -0.0568570885990699 0.315495870048515
0.00650609164152896 0.0375746266630587 0.0890702624277863 0.257381641220627
0.0104434268437086 0.0285819473010169 0.14681305379754 0.206492052902016
-0.0144370564011739 0.019951849596868 0.165178935492045 0.187600536633459
-0.027584580818216 -0.0022991420441842 0.146967984159173 0.206265094104177
-0.0230669470326012 -0.0096453681566202 0.0868774833634433 0.239633526298041
-0.0137142248286614 -0.0507888581364424 -0.0145490022012485 0.288853427234562
0.0565013285461058 -0.046087541821327 -0.154186842770599 0.292417175327244
0.110287656078976 0.0328533986346736 -0.265828475892604 0.301145740301649
0.0703817057803273 0.0915607881166895 -0.2020976609475 0.461057688568626
0.0764073882208233 0.167003280360431 -0.122628318781835 0.308495796970198
0.104131706646462 0.0514329689928164 0.11460117161507 -0.00716790515483645
0.0713219109454915 -0.0340663300714256 -0.131932949245106 -0.216705213421535
0.0241813199551328 -0.0491347705158081 -0.329790582292738 -0.0642858005294066
0.0120497960639091 -0.0439579674798576 -0.29374704525663 0.220007106784386
-0.010349934052637 -0.0595751800694556 -0.0769048372540781 0.311797154858881
-0.0467369620151313 -0.0397765776940187 0.0750954126413599 0.252598946106205
-0.0464681277683608 -0.0375046593836557 0.133447047251691 0.19677149904991
-0.0606822635810193 -0.0610635412528128 0.160996704525999 0.167276744524123
-0.0166549885764517 -0.108404631390282 0.15653599691822 0.179551688470107
0.0495365041931552 -0.0917920238493503 0.114437118199735 0.220998070089961
0.11807773407897 -0.0774474453780854 0.0267651549423781 0.282774262857255
0.165303796585829 0.0444963403193457 -0.0997726728253088 0.29841473248931
0.121629019005704 0.202157674415595 -0.19939915741996 0.279798283238535
0.0258356406415199 0.277160890892417 -0.153165214849768 0.391096438040285
0.0279848550796367 0.306119143529673 -0.150185114563957 0.227273588643372
0.131679608620707 0.208594967918642 0.119568435702223 -0.0348539724686378
0.192196446366607 0.0413895644852838 -0.107795906475886 -0.257706877948566
0.154301433167368 -0.0993461209966197 -0.334185276575767 -0.113760725557162
0.0717892415457015 -0.141722133774001 -0.319980629043647 0.176002906699545
-0.0050821032607577 -0.157164940049984 -0.104819269031238 0.276297384455135
-0.0884045434957748 -0.120913906360204 0.04468921529358 0.216760725022288
-0.0972837090708547 -0.0985728359205862 0.100134828032293 0.158748256499094
-0.106494013213165 -0.122746249588462 0.138740418105083 0.117318506172606
-0.0264491973914865 -0.192417113778172 0.159969437254266 0.118422066026139
0.085278984553768 -0.174151883533904 0.155805068803715 0.164529244184104
0.211973584238457 -0.140494084681772 0.0957584345631844 0.255456376944393
0.273015496049545 0.0754735010530794 -0.020398690192822 0.298222023667741
0.164651845255578 0.313817789108441 -0.133283297643636 0.249170593725287
0.0105484919781275 0.417377697529382 -0.0950235056367511 0.273763180936774
-0.0422557590987414 0.396033082412417 -0.138099487046335 0.0919368392671846
0.113662053362137 0.355362839550417 0.135550241139169 -0.0936384266849727
0.278790488370599 0.147329120752421 -0.0597899803519367 -0.300082993973446
0.284282214121039 -0.108788343062629 -0.302043655285252 -0.178826088749389
0.143148605445338 -0.216803015557281 -0.318037074444251 0.0959381826296203
0.0143610211920521 -0.238960298168111 -0.130895440817364 0.201161576568399
-0.111417206852849 -0.190688493467613 0.00292896320875425 0.149444144041856
-0.13333392290689 -0.144988982590419 0.0523774062588451 0.0981400022214979
-0.141816820278682 -0.160457569480419 0.0985642562656119 0.0499563863338136
-0.045817402176249 -0.242156150293623 0.14386888890706 0.038118627304963
0.0898651485192501 -0.234048217547973 0.183477350564402 0.0808390682603232
0.258074598266835 -0.20605713563572 0.160640209891057 0.199042025166016
0.345800513026564 0.0677879995695764 0.0579264728784299 0.274144704723389
0.204618355791779 0.358895742099516 -0.0843340175948917 0.206615645017821
0.0100566466452463 0.486415224389494 -0.0490778066980437 0.130219319996682
-0.110018454440083 0.415423639896568 -0.081332395564863 -0.0757641369291856
0.0521141240396019 0.44086644339311 0.163844057759509 -0.174691856617719
0.295220180944978 0.246071285793763 0.00904945888192341 -0.330392513125206
0.365410828113719 -0.0738130223354921 -0.226379622552255 -0.238455017688294
0.203457963739618 -0.243509263564532 -0.274710442565914 -0.00747109253658831
0.0404923380745638 -0.280638125100485 -0.142916539918915 0.0930891741827022
-0.112594079595165 -0.232033501013557 -0.0414160981331686 0.0586115059402346
-0.149699767595253 -0.169750905303699 -0.00154756898230394 0.0236493408156026
-0.159747645774858 -0.173894556628709 0.0478936777634335 -0.0241339352720221
-0.0612220263082117 -0.256102324007434 0.110967853214978 -0.0455779050673494
0.0823019994857207 -0.257829256994751 0.18709334535392 -0.0088080609284905
0.265680504214438 -0.235666119963293 0.199099459113887 0.128655071412859
0.36015273812526 0.0557968073006875 0.113713857052753 0.231121731715258
0.205648956981037 0.355639096927118 -0.0576309882147796 0.158320045035606
-0.00187954576532473 0.483864783463312 -0.0143448878341531 -0.0158222421108473
-0.148881027414964 0.354533736730895 0.0069639238692512 -0.243082020760789
-0.0234682568431727 0.425226451638085 0.200157090197037 -0.256211361908919
0.237169387417856 0.288121236828753 0.0819441667839995 -0.335775946516807
0.358706292622183 -0.0208578602544118 -0.12512551988415 -0.271973498227699
0.219789519728074 -0.216820310768705 -0.198795956365905 -0.106565836728564
0.0563708169262623 -0.26796438166061 -0.137971938310133 -0.0251903728308297
-0.0979636243983008 -0.230997065949566 -0.081104015389366 -0.0384581185158914
-0.143173900485292 -0.168044748422437 -0.0550084962936248 -0.0527598314737397
-0.154899712219577 -0.166737827305813 -0.00568014618086127 -0.096668969820709
-0.0635007916530149 -0.238726177766128 0.0734848977412099 -0.122936858184658
0.0745106964409215 -0.243700609249633 0.178353025562784 -0.0873723577348086
0.252217394732389 -0.214040408169414 0.21568133902802 0.0662512961340283
0.322599631484606 0.0665607895662891 0.141557669214058 0.185675982707628
0.158289722948321 0.322173024833151 -0.0458882254217935 0.113044929314861
-0.0302475928369392 0.416272465350321 0.0140635573722575 -0.141060703682002
-0.14633835002182 0.228659082618993 0.0982808201375525 -0.379811065446239
-0.0737347547083663 0.312369389408916 0.22824381923431 -0.317737417528718
0.139428372013982 0.244701751146674 0.141690935139951 -0.320510553005077
0.269890732921813 0.0157577341050252 -0.0346536251454502 -0.278510600897928
0.182036023557277 -0.154377212821487 -0.121994701151219 -0.179755648796441
0.0540126151848826 -0.206074635078797 -0.127282657899582 -0.125627652745118
-0.0715298044465668 -0.186884726812944 -0.114547235681538 -0.122642122654178
-0.11474886534111 -0.138697581665225 -0.100823815891168 -0.120254411247783
-0.125689921107735 -0.138876801136654 -0.0510873136291496 -0.161243417403955
-0.0510119960012302 -0.19425314843214 0.0435095399780792 -0.189732969729715
0.0681432528993647 -0.200779132195641 0.17356951031678 -0.149108328455378
0.220361623418302 -0.154554979436681 0.22568891268184 0.0237235461800815
0.247468537252734 0.0895216683571179 0.1531950638154 0.151574515415875
0.0815199049529172 0.268051105603381 -0.0376823553137982 0.0757200602433267
-0.0715036375989383 0.296874217954171 0.0462547125967086 -0.232150377534784
-0.111856059699952 0.0609006127470702 0.163704537592699 -0.462642875074642
-0.0905478773502849 0.140684664873217 0.233191094894682 -0.349324330145375
0.0390500640015703 0.141639382716996 0.171973839983618 -0.302514068433727
0.13704813680696 0.025043553616324 0.0174343473983558 -0.277531787329726
0.105700894680242 -0.0755045965189891 -0.0755505133147575 -0.221879038879117
0.0370648653164181 -0.111566305475631 -0.123470360425974 -0.187584454877636
-0.0348504693939156 -0.110563983166096 -0.139582088343103 -0.175045861583844
-0.0686709027864833 -0.0863935066305019 -0.131750841706458 -0.167919955851803
-0.0780854123264899 -0.0928466140364009 -0.0825475427965644 -0.210137645960007
-0.0311851856098876 -0.130231292465824 0.0315942513742387 -0.241638430613838
0.0563618203542316 -0.138680611186953 0.183186653560183 -0.192010208994911
0.16827514283628 -0.0809439523822307 0.243692728970015 0.00100101153580569
0.148257554737787 0.104595225207216 0.158843388148596 0.135330309265373
-0.00119503747776585 0.185550354198523 -0.0282488335496581 0.0557633353126706
-0.103638559385302 0.141072866462876 0.0802521653230338 -0.277450286878947
0.0911439379694087 0.014010489935953 -0.0774434835381825 0.307850323530154
0.0460508862656953 -0.0775742115849604 0.113133713262705 -0.00758030975268966
-0.0479479853387069 -0.0685372761144336 -0.126673286616476 -0.188181277588362
-0.0760437236621964 0.0202626638752592 -0.296943706392405 -0.0452781202630442
-0.0240492970861736 0.0495976345172091 -0.253293880373444 0.215035819500637
-0.00221329129010744 0.0334561517739151 -0.0617904819737982 0.298822323305609
0.00553410527386032 0.0393841728749266 0.0786899834115774 0.248283348805261
0.00853327089180849 0.0282471323572091 0.1388331136478 0.199857191363162
-0.0137218290840498 0.0201619466323904 0.15620043813802 0.182941884879712
-0.0259618941160947 -0.00214918359721438 0.138192951277739 0.2000393761067
-0.0203128196272079 -0.00902827496724167 0.0751022020373298 0.230914361986152
-0.0103020185791398 -0.0434721759297338 -0.0227564675651576 0.272320616204657
0.0536530182707887 -0.0380034594469724 -0.158675819172553 0.2706172077996
0.101734820808018 0.0379368649694067 -0.267541695722935 0.278740387303875
0.0654382200323332 0.0944810385001071 -0.215629810591419 0.42931603559928
0.0677886520130341 0.166866235667823 -0.121780726693163 0.288820007871853
0.0972675795769571 0.0539568007119801 0.113570591511764 -0.00690318473812503
0.0680958455277383 -0.0287027853249214 -0.117080716639394 -0.214824336905045
0.0241186387407627 -0.0418043340228311 -0.313521325284818 -0.0767124197111003
0.0167205059611189 -0.039356229889287 -0.286424954735659 0.200574320897195
-0.00751698338640748 -0.0572174413716124 -0.0839351665452985 0.293829823290574
-0.0427499737204954 -0.0368746359579018 0.0638434171451778 0.243494745981186
-0.0435586970406264 -0.0384921860723327 0.125600218022036 0.189640101996301
-0.0566025769018057 -0.0590358412499613 0.15385571614874 0.161968382773102
-0.0141213724967548 -0.106183805443304 0.149773360458998 0.174321777751318
0.0533249613764539 -0.0882732101214654 0.107238612280336 0.214543871686378
0.116113153107401 -0.0661729675991802 0.0217383484971346 0.271106133477531
0.156319395518166 0.0524472068852441 -0.106819911428486 0.282066338326118
0.107890116443494 0.201325441592638 -0.208211107413201 0.263685889358078
0.0202907180395531 0.271295470730121 -0.170068633387508 0.366543788075946
0.0126190460762881 0.298536679945008 -0.140308887292116 0.213946441657594
0.115951077710457 0.206074758667212 0.123780542909653 -0.0336793525192224
0.180126237177488 0.0502298944500102 -0.0885943220831359 -0.256812618959569
0.148744038564214 -0.0845220649075585 -0.313954823528879 -0.12842591699515
0.0763671168370713 -0.130132457384606 -0.312076733008228 0.153798237427508
0.000618925214000396 -0.151736016773094 -0.111163641339913 0.256538270538553
-0.0805298736808217 -0.117019660760245 0.0325853941158847 0.207895979842331
-0.0906124364300562 -0.098894894444592 0.0924359944384618 0.152798425152036
-0.0984601770481845 -0.119978877781612 0.133278595555155 0.112526457176354
-0.0219525140046845 -0.188551681418917 0.155042345697478 0.114764945630207
0.0897271140157022 -0.167622599422076 0.152133834764338 0.161807635802094
0.208216256882151 -0.125711421192253 0.0942210431172361 0.248008458685196
0.259939563856533 0.0851935868265009 -0.0304694037890794 0.289080506671831
0.147778234404958 0.310024705240588 -0.146908297406415 0.238195291055213
0.00394850381134428 0.402328358868275 -0.115515528661648 0.258937192309345
-0.0613142906611987 0.382784722564753 -0.120029046020836 0.0894299462713079
0.0902296932395463 0.347884223571043 0.146175774693688 -0.0869732336341294
0.257164209410693 0.156300386517696 -0.0359637216986399 -0.298321519799488
0.271326057398653 -0.0895031529004715 -0.277563306020286 -0.193873198033766
0.146977502449659 -0.198023482927335 -0.309116376510729 0.0748083233606073
0.0223557125107201 -0.229557617242992 -0.135406233909118 0.182888678756165
-0.100090013089686 -0.186140614339917 -0.00786557274384142 0.141208060057219
-0.123928589367141 -0.145826037617616 0.0465698272361356 0.0940121797682099
-0.132405690334856 -0.156805062899217 0.0961919630574446 0.0468198021615732
-0.0403634644549348 -0.237421118910676 0.141786452534453 0.0367305300779393
0.0956233398447251 -0.227702143027861 0.182798759178968 0.082150662898955
0.254464755770229 -0.189105110608765 0.161690351354694 0.195981404315262
0.33213632670302 0.0793558572872532 0.0477861730498133 0.271086773649121
0.18629559507094 0.353869442754304 -0.0984627154843602 0.201343134584604
0.00152049819957076 0.468488244296011 -0.0671331523939085 0.125186131676276
-0.131228390316664 0.396829695073937 -0.0589185092839457 -0.0656713113496681
0.024943309449453 0.427461514852638 0.178491750815623 -0.160724576472539
0.267494414963919 0.252628192403952 0.0344715875351303 -0.323711857939871
0.344734832379484 -0.0528885251212921 -0.199480952955501 -0.249070894170461
0.202774894760429 -0.222076868298005 -0.264606869686872 -0.0258770372882383
0.0477548304106426 -0.26870534239608 -0.144635535997648 0.0782733110248831
-0.100540848020953 -0.226242199524737 -0.0492494723131996 0.0533081934746288
-0.139215182991656 -0.170514223698353 -0.00475874194744737 0.0220911434822186
-0.1498557595629 -0.171517652316787 0.0483610570314069 -0.0251492142365462
-0.0546656581957724 -0.251617352095425 0.111484475067859 -0.0441425324451717
0.0879756138573201 -0.250799218488305 0.190317763531999 -0.00443944291493788
0.261921012321661 -0.21803715910329 0.202777367022988 0.129425121161311
0.347484314233663 0.0676490612583009 0.103526418293472 0.232801888785195
0.18765937232568 0.350228545178444 -0.0714166476297444 0.156463296139552
-0.0100448463318047 0.46316278186351 -0.0293188957379548 -0.0111334020672049
-0.166668952311567 0.33556394579131 0.0300712302967007 -0.22189537848016
-0.0485295712717301 0.408559105228579 0.214565598034091 -0.234464016049916
0.20703862568953 0.288849316607977 0.106692903426204 -0.322026734939235
0.33637710137749 -0.00208643762487799 -0.0997045779204198 -0.275211977066131
0.216910146373649 -0.195753061197836 -0.188075403392842 -0.119365957817321
0.0622843933274589 -0.256589984177962 -0.136052185580863 -0.0334969325046784
-0.0871731644261074 -0.225738388766602 -0.0851646193439898 -0.0409419747835992
-0.132419530510944 -0.169209006871876 -0.0554668926339446 -0.0516629474182438
-0.145344649431469 -0.16432315538053 -0.0021667619052086 -0.0947745957777908
-0.0575635713883382 -0.233604328440651 0.0762815786828825 -0.118675134438934
0.0796980298835652 -0.236631184780368 0.182816970528008 -0.0803587428307704
0.247728622142479 -0.19909909837153 0.219113499874333 0.0721803559971261
0.311158604156812 0.0757142376195083 0.131552141912173 0.190032839470495
0.142798426828168 0.317215188093624 -0.0571771016913773 0.112138602622537
-0.036356728014123 0.396165077233605 0.00518732302549152 -0.129895801557051
-0.159842134229999 0.213630881083326 0.119288740177093 -0.350054683419696
-0.0919109386701129 0.29714410955836 0.240819528160117 -0.289932740083444
0.116439566532881 0.242203660384859 0.160833059546118 -0.301204356859689
0.250527274601302 0.0270650955670107 -0.0137212474511891 -0.274774713027816
0.177317576902058 -0.137727747450696 -0.112378876372412 -0.184273627760814
0.0571837428411869 -0.196634556990251 -0.121525173313912 -0.127940143838632
-0.0627923521076461 -0.183331605644189 -0.114968507711571 -0.121876863099648
-0.105818646880449 -0.139602584694688 -0.0983270249809904 -0.116254592005246
-0.117846471025531 -0.137521341071942 -0.046471894350372 -0.15635130380893
-0.0466513182221151 -0.191600301047461 0.0477770979143148 -0.182178952792761
0.071875398721342 -0.19563829164851 0.177734272458063 -0.138096391337145
0.216602867162241 -0.144182361191861 0.227722704618097 0.0326899664097602
0.238268051234596 0.0957281192617295 0.14063481653488 0.156525597890462
0.0702344075572337 0.261815862499704 -0.0469903293412085 0.0746468817867639
-0.0733876326629472 0.279854477401291 0.0411759024159968 -0.21707394976558
-0.118021746328892 0.0525382511593332 0.17882195701954 -0.428946412309465
-0.099749869132358 0.130030841023148 0.239503541396544 -0.321036028836323
0.0256100507312505 0.137693584795126 0.184035339196366 -0.279343996935199
0.124568322084641 0.0303753275414762 0.0329281337900509 -0.267324694612618
0.101223189023923 -0.0668374526500067 -0.0662953223643837 -0.219809947999685
0.0375931531581311 -0.10491358909535 -0.115096386008847 -0.185265397616845
-0.0307544837303806 -0.109078854198373 -0.13545631876459 -0.171714764603045
-0.0628351164661312 -0.0871459131666261 -0.126031319024649 -0.160677405646474
-0.0728604976984906 -0.0916062060979333 -0.0754235526271725 -0.203263164325881
-0.0281568846219759 -0.128368607802372 0.0357102763290618 -0.231504878846753
0.0584679691005664 -0.135213171699042 0.184994319716715 -0.178876824849569
0.165791431905089 -0.0746781191320468 0.241889260885691 0.0122865359047497
0.141704985641349 0.107440892550944 0.144658396732216 0.139685354506543
-0.00730166597482932 0.179693165791105 -0.0352594116358142 0.0530209759709462
-0.102077053158338 0.130156768775823 0.079830624692195 -0.260430383825057
0.0881377751130305 0.0152426213175584 -0.0749178305058056 0.300499948785625
0.0459832988833148 -0.0755216154195198 0.113208711522816 -0.00887415758369551
-0.0471575075485398 -0.0687260377965837 -0.123363387599376 -0.186213525622366
-0.0748222992746222 0.0208013635632884 -0.293035485912144 -0.0466276901247813
-0.0240588689910946 0.0493423590139337 -0.24979040430792 0.211396216123573
-0.00319013173362469 0.0342543348294254 -0.0612097904242886 0.294213168195673
0.0053606065021796 0.0391339207169032 0.07786013826818 0.243921211680242
0.0083627414330906 0.0269987069195609 0.139061758193086 0.194310342677125
-0.0138048106092242 0.0197755470961289 0.156920487752222 0.179370400030988
-0.0270471902629581 -0.00195735568903315 0.136992938820889 0.197836893319311
-0.0183085272630426 -0.00970163426261081 0.0733636215827596 0.228948374793202
-0.00994897364403431 -0.0420000281660878 -0.0240480158807499 0.266376863113994
0.0528648668622359 -0.0368541813139336 -0.159447134414245 0.262595606654993
0.100129909950562 0.037000242968795 -0.26448008798881 0.272104736092212
0.0617294221902007 0.0943796886515149 -0.210672113264294 0.421276502590177
0.0658012963673015 0.16294052485337 -0.117963342134452 0.28241933913145
0.096391572114829 0.053244137893926 0.114449288731382 -0.00703041769854335
0.0668120512296945 -0.0294684601972104 -0.113510991209279 -0.21294247913193
0.0235575248232275 -0.0409383038216003 -0.309137066108934 -0.0774864937429112
0.0151469595101918 -0.0385063417112507 -0.281219568154333 0.198292998244105
-0.00923861657892292 -0.0556070271226821 -0.0824010532011827 0.289522911634756
-0.0419086644777177 -0.0357092200189399 0.0626944497311715 0.239171163360917
-0.0427343752733296 -0.03734299861424 0.124924931675161 0.18610773243389
-0.0560639405203085 -0.0573170431995026 0.152990671869878 0.158753049753389
-0.0154975491444479 -0.104935558570883 0.148431478742269 0.172338519366676
0.0530533403395612 -0.0874963235171826 0.105820930416957 0.212437906271359
0.113341085044602 -0.0652100082528293 0.0196388838364329 0.266494423033866
0.15297019137659 0.0520753487881138 -0.109020419925144 0.274171123748924
0.105686458847524 0.197769913840201 -0.207041807466916 0.257963288256472
0.0167131294588623 0.266122275002369 -0.168967702138037 0.359394960993586
0.0116235138992614 0.291098547833596 -0.135871415830236 0.210379623076361
0.114358300082531 0.202923168601772 0.124955922250569 -0.0318768404779154
0.175732790763131 0.0475606730871762 -0.0848459639006972 -0.25318485262892
0.144516262445655 -0.0830485402664909 -0.308046505992623 -0.129554610080461
0.0729316686947266 -0.127873037481966 -0.305718271090219 0.154048203356223
-0.00196094784489771 -0.149393897994479 -0.110042554210179 0.253105498640225
-0.0793805567221346 -0.113687892378927 0.0314102301042877 0.20444534416623
-0.0890035991599584 -0.0967586691371368 0.0922575962475538 0.150506345781888
-0.0978086971487094 -0.116323886419544 0.132198965254528 0.110013519916892
-0.0238255755569655 -0.186212283704821 0.1536236849014 0.113644460748919
0.0890874302338556 -0.166109201887847 0.150485194022473 0.160448404458756
0.202784629610988 -0.123686549367763 0.091062680372956 0.245024196131099
0.255295545626867 0.0839231657231453 -0.0330833622705051 0.28144561145663
0.145186481638438 0.305057431670673 -0.147180026154324 0.233746861919376
0.00133528558495764 0.394810311442941 -0.115582800437291 0.254400275385221
-0.0615177390297638 0.373878068057469 -0.11666461560041 0.0889530482428816
0.0889808057289817 0.342251046249133 0.146398229260657 -0.0835984654581322
0.250882569522842 0.152050100725663 -0.0321021915498506 -0.292545809600413
0.264021337420805 -0.0875881097380699 -0.271425667311075 -0.192314935493245
0.141663267151349 -0.196011443611507 -0.302375742603968 0.0754735648974671
0.0188848814413765 -0.226991220878082 -0.133649797435095 0.180323339634366
-0.0992945562613402 -0.182129494251782 -0.00886021182679117 0.139366536247409
-0.12166558127016 -0.142034582340685 0.0457681329134857 0.0935725727232141
-0.130378165944702 -0.152536652075788 0.0946630658557229 0.0459787528495581
-0.0417407392511097 -0.233764050886129 0.140264915685931 0.0374560097871443
0.0945791778054624 -0.224944862776498 0.181737526198205 0.0809395733189598
0.247269053018532 -0.186913382430258 0.15759804576332 0.195012207655242
0.325861331658982 0.076902909431241 0.043659186549631 0.264128442896733
0.182790433172351 0.348800846774195 -0.0999824888387843 0.197849056737012
-0.00268982111006948 0.45789020922056 -0.0681992123152696 0.12390581227234
-0.129348264847019 0.386543237299139 -0.0561724276729125 -0.0634558364293398
0.0250478396575176 0.420691588047992 0.177960491808199 -0.155352507873052
0.260536072558097 0.247811288149896 0.0380481820790505 -0.316156331502669
0.336134167010037 -0.051563786549617 -0.193101903389949 -0.245619324413817
0.196519256672503 -0.219098073684471 -0.25917295694085 -0.0226896854093922
0.0439322059610427 -0.265516109731668 -0.142802856668284 0.0769965187728993
-0.100387059510038 -0.222024323644116 -0.0503550669993327 0.0529087784201015
-0.136443733378855 -0.166560648729268 -0.00546108084412312 0.024424191452086
-0.146599680428312 -0.16636174167469 0.047012638287674 -0.0246546420589553
-0.0560058995050694 -0.247637267478213 0.111155558268083 -0.0423592607876599
0.0863666815264373 -0.248161114013383 0.188635282603446 -0.00412253282568023
0.254911762196936 -0.216062080005097 0.198792906394213 0.130258726488786
0.341569978197489 0.0665198773020869 0.099786274885183 0.227339659180974
0.184168394123732 0.345012247189904 -0.0720020819284655 0.154670766372381
-0.0123587652697604 0.451899190197186 -0.0312874283339989 -0.00952994501817572
-0.165293609213196 0.32701890542801 0.0312889039907865 -0.21594132370727
-0.0478564687832573 0.401926786552311 0.213714884639871 -0.226156792529771
0.201457652860702 0.283182515501755 0.109109953167582 -0.314194127077977
0.326858551072378 -0.00214584694061273 -0.0952980630144232 -0.2705658058967
0.210198622688041 -0.193447770565179 -0.184041898039694 -0.115234489718854
0.0590623414204209 -0.253910828074027 -0.134739819772048 -0.0333421305784215
-0.0869452935890073 -0.222022031854852 -0.0864264141441525 -0.0394513526951979
-0.129869380841179 -0.164542377942913 -0.0558216524533217 -0.0478748085976785
-0.141524007156069 -0.159193112929088 -0.00305493993863094 -0.0924574185828303
-0.0588054143899938 -0.229978065994212 0.0762410025901211 -0.115226896660445
0.0787815637870484 -0.23360960372845 0.18090445166663 -0.0789613176492439
0.241484485417671 -0.197205575556735 0.2155817634439 0.0732818627821902
0.30503289339881 0.0734473830983746 0.127249750178532 0.185447203302358
0.140211644326465 0.311772426541665 -0.0577125452850422 0.11050016054835
-0.0379881324188716 0.387080899365449 0.0018298638312146 -0.12620253871208
-0.156728694094458 0.207145251928606 0.118877367032979 -0.341158012719819
-0.0914824911253137 0.291646993588557 0.238443449418171 -0.279967882217835
0.113024444425724 0.237370523181476 0.162461756273913 -0.293167553180108
0.24412188843686 0.0275680072604797 -0.0105684525416409 -0.2698737382933
0.172556716335934 -0.136382230789823 -0.109836220795613 -0.180011479896905
0.0539459676912343 -0.194256588686961 -0.121967236441583 -0.127047448728997
-0.0629412654847864 -0.180390177260166 -0.116484976394548 -0.118645767500808
-0.103639377670716 -0.136188834405383 -0.0980718731281409 -0.111105078289939
-0.114762015696098 -0.133306386311446 -0.0469220346286807 -0.152420310505108
-0.0465064165121642 -0.187641217829542 0.0476230160999489 -0.178338982223803
0.0698693822883197 -0.192061192345714 0.176443771911555 -0.135593396740323
0.210982999658444 -0.142281725480696 0.225120447310552 0.0339954570400055
0.233750067720919 0.0931666995155328 0.137253452310455 0.153607056402435
0.068283967622503 0.257586953402586 -0.04759155357362 0.0738047665365591
-0.0732638011214233 0.272347584153604 0.0365984960296472 -0.211641328970852
-0.115965140700205 0.0501721202682075 0.178793791348234 -0.419533231570993
-0.0986910513625873 0.126880623506643 0.23716579613052 -0.309840909437604
0.0245867347451118 0.135132347624457 0.185108389552694 -0.27295709430966
0.120983382967359 0.0309499430031886 0.0348989812331809 -0.262189983690062
0.0979266878329481 -0.0662392434310187 -0.0651850769581891 -0.216243434913267
0.0363128327534617 -0.103693334987646 -0.115901280394675 -0.183184496365729
-0.0312491123544557 -0.106728375731225 -0.137442845751986 -0.167545008092036
-0.0605885256811773 -0.0847115091378462 -0.126515716210244 -0.154906913151047
-0.0702704598920584 -0.0889499743681682 -0.0756743003649539 -0.197487014640829
-0.027990012058088 -0.125103029508997 0.0354110564031536 -0.226633013093388
0.0565889321725906 -0.132412226312921 0.183500496637956 -0.175872535222232
0.16121068847596 -0.0735407701152407 0.238581046499321 0.0132846823135276
0.139819123641032 0.105181493088197 0.142170089838888 0.137824871395716
-0.00824535600591804 0.176289228548405 -0.0362793157480146 0.0518819303969826
-0.0996503550450202 0.125787405714995 0.0749905750646278 -0.254811929509864
0.0873048118790683 0.0162728173812394 -0.0731880414925868 0.302453390388314
0.0466221761477229 -0.0766046288076757 0.11633238011016 -0.0102240578821122
-0.048036746731906 -0.0693269679929278 -0.124494075516896 -0.18976268794064
-0.0745227630548328 0.021125270102953 -0.298525285529054 -0.0481241530868089
-0.0242093564253583 0.0512363479979372 -0.251552411474565 0.214126197698153
-0.00335380392393197 0.0363242617722568 -0.0593441921183156 0.299743716425953
0.00592203443869991 0.0398454920951118 0.0800833031834376 0.246005537599873
0.0080931054118384 0.0269912379650708 0.143544546838755 0.194754865441773
-0.014403237381887 0.0201673295117734 0.161324022624657 0.180066204647899
-0.0277455958444636 -0.00207853042814239 0.140750860711628 0.200626457295609
-0.0178374111711091 -0.0108896943758603 0.0734627172084658 0.232710521016154
-0.0100043201710733 -0.0423941416736518 -0.0259838627011923 0.267810644873415
0.0537338078055879 -0.0365947602993121 -0.165330461551251 0.263244878792946
0.10125116705403 0.0365459896004053 -0.269411118670024 0.275233383497004
0.0612148905119621 0.0969837482403873 -0.210965665619439 0.425306460833344
0.0651176522396089 0.16362266665277 -0.117097859169689 0.284218286082913
0.0983630186867486 0.0534854348007977 0.117711429055681 -0.00837128393769407
0.0663292395268465 -0.0316363875888235 -0.113878528053287 -0.215677081349813
0.0232758627570584 -0.0417063502104851 -0.313344820170813 -0.079736427586742
0.0140114356120064 -0.0381851868686931 -0.283180655921533 0.201390631178397
-0.0109316496436981 -0.0551225002509652 -0.0818229712474468 0.294034644688813
-0.0426707003562398 -0.0352373631192408 0.0646165682195094 0.241769612908672
-0.0437949683455113 -0.0378668174315354 0.128971964996076 0.185832083472903
-0.0576021895486408 -0.0572425617861239 0.157114444930172 0.15892962927478
-0.0176187883172805 -0.106335750724133 0.152597569255116 0.17507135094668
0.0539730401457896 -0.0900771061581263 0.10728545787684 0.215423392287874
0.114138143777021 -0.0664884077198399 0.0187569622751308 0.26901294755421
0.154652311254109 0.0519888406564073 -0.113335502892283 0.27554957308182
0.107499844635011 0.199957010714827 -0.211127146003146 0.260929304780976
0.0155749150014465 0.269327413228291 -0.16870612913329 0.363628679950963
0.0119565207741417 0.291169071754375 -0.134643786779251 0.212244772766703
0.116380842331646 0.204623446027568 0.128955588699648 -0.0320664243255979
0.176117384286759 0.0456415913018395 -0.0845790309630094 -0.255998280146486
0.144194232418905 -0.0850824634634473 -0.312067258368449 -0.131026557477488
0.0711801855283808 -0.129102498319775 -0.307415993466842 0.158117216932753
-0.00477865288607776 -0.150398573802311 -0.110484552228896 0.25737398496076
-0.0811880752505131 -0.114363249924998 0.031972255981748 0.206913797610076
-0.0904798324792129 -0.0965906460080521 0.0950188014765423 0.151941420013916
-0.0995639981518289 -0.116034557222291 0.135109566941957 0.110193665175062
-0.0274532860943849 -0.188646190770071 0.157875736334876 0.115828584297433
0.0897383137224553 -0.169228109707783 0.153057346618756 0.162363311530138
0.204226773990719 -0.127108435992886 0.0909597025859937 0.248970817681049
0.258515353485854 0.0841218013559258 -0.0363580186863779 0.283079071313775
0.146929394114544 0.308076850997292 -0.149871780476851 0.235838889033719
-0.00105172342430563 0.398179223257476 -0.117194055797641 0.257699388937328
-0.0622581714259619 0.373940454133201 -0.115584043840978 0.0909203729498792
0.0909189388360778 0.345614420362379 0.150930005784706 -0.0833202772323361
0.252423535268042 0.151135404690841 -0.0305964851991762 -0.294830888172425
0.264418318317925 -0.0903238097687006 -0.273593177930537 -0.194859135478042
0.139518005109544 -0.198252503989665 -0.304446859145372 0.0795298566735921
0.014906646528714 -0.230006251366558 -0.134365214587819 0.18317645687507
-0.10252291257051 -0.183604953157617 -0.00889798841736988 0.141495069045855
-0.123673588272706 -0.141958915135533 0.0477437653602107 0.0961617688768035
-0.13207304672668 -0.15186136764813 0.0969995783337864 0.0460277103627937
-0.0458419155842443 -0.237171980432603 0.14421546482129 0.0383763218472715
0.0947296549995847 -0.228709529346231 0.18478085413052 0.081671540396318
0.247498385137554 -0.190780423459944 0.15931873441791 0.198405819188181
0.328770376322316 0.0762456517233646 0.043024716100671 0.265382750460932
0.185294403322202 0.353170308439813 -0.102138954742587 0.200339850484561
-0.00364015198826664 0.461925926349565 -0.070507611051406 0.126138556190221
-0.129821215089413 0.387069130096258 -0.0548804022053545 -0.0624344296973733
0.0259533165698145 0.424547662447458 0.182111572074485 -0.15413636988737
0.261427277482261 0.248630990469861 0.0409936250600212 -0.318023421513809
0.337289896653002 -0.0534695433509475 -0.194150599849265 -0.24913785958456
0.195370089281787 -0.222753092538171 -0.260473718623407 -0.0201557374699132
0.0400281267795805 -0.270100755129688 -0.144500133122815 0.0790143651131926
-0.104250797891452 -0.223759356759839 -0.0519685517503568 0.054234870298702
-0.138160261569902 -0.167211935556003 -0.00564172706322431 0.0270356468581613
-0.148253398584764 -0.165709337930321 0.047863534892146 -0.0240848361951178
-0.0603572652446905 -0.249972855914387 0.113630826103002 -0.0421226774270291
0.086240304489342 -0.251032401260517 0.191956496456559 -0.00498437735458582
0.254596251435818 -0.220548997557251 0.200945763142736 0.132877948191448
0.344622866796103 0.0643788586815777 0.0990461585532217 0.227897049370577
0.187260410993272 0.349945537059872 -0.0737196032786995 0.156119707478842
-0.0138586326147384 0.456249690624531 -0.0340791156980286 -0.00810801785605176
-0.166141217469681 0.327113293590464 0.0328179020866614 -0.216009463204834
-0.0469752437118449 0.406386846003301 0.216658077215432 -0.225388987546449
0.202485616575808 0.283926403682518 0.11289609391936 -0.31582480539875
0.328880439119286 -0.00286010549417525 -0.0944863724326667 -0.274144445538894
0.209746991060469 -0.197579873134991 -0.185675095378669 -0.114054273061246
0.055222579193799 -0.25815405181603 -0.137882042985825 -0.0342319752219596
-0.0909100186700001 -0.223923878351041 -0.0905151269679555 -0.0380516495253444
-0.131206842087698 -0.16531869615939 -0.0568698482679093 -0.0452664489758416
-0.143031509186609 -0.158541162740279 -0.0040099728157994 -0.0925661438693928
-0.06191642965359 -0.231239956617677 0.0780645395888773 -0.116522196582451
0.0777821990158819 -0.236403774972966 0.184346123510044 -0.0805725862684629
0.240406215089193 -0.201349498709264 0.21908263117307 0.0751067158628086
0.308516288736969 0.0719510043180952 0.128576114304719 0.18631687003479
0.142659809718376 0.314866506931268 -0.0591104625257132 0.111660723812208
-0.0388647667995439 0.388283149798357 -0.00244188465256301 -0.126295260823423
-0.158518363133703 0.206668380391271 0.120418471546815 -0.34300569337116
-0.0921052506321496 0.294424531508397 0.241569732495864 -0.279602750523461
0.112884124249465 0.238956344881921 0.16676159015254 -0.295133188978143
0.245281388301519 0.0275741463478894 -0.00918110433073346 -0.272374251661714
0.171186051301723 -0.140117074389842 -0.111803242107055 -0.181018677504151
0.0520228280596993 -0.197236043772724 -0.125197973593349 -0.128916941862785
-0.0663615747932948 -0.181967954112461 -0.12186260537796 -0.117853262343357
-0.104656907214108 -0.136019513900128 -0.100701775291449 -0.108882740795859
-0.115727934325743 -0.132447678589847 -0.0479814901750752 -0.15179450675788
-0.0492558009039408 -0.188030004708574 0.0484317338148142 -0.179805474911297
0.0699504271866871 -0.194382233348689 0.178995039324724 -0.137915519017283
0.210334084878904 -0.146367226324083 0.228006737885243 0.0361327601831612
0.235990197083235 0.0928550646946117 0.138552788832073 0.155209732925185
0.0700523767357836 0.259976524755753 -0.0494198876379055 0.0748022337304841
-0.0741673779259907 0.273553664111547 0.0327777585853702 -0.212223241009915
-0.117385128193961 0.0494284440893288 0.179940084703325 -0.422836689342906
-0.0998607133932435 0.127918785322134 0.240419033950383 -0.309431357564352
0.0240439987331353 0.136182078154402 0.189518098254367 -0.274463878806185
0.120723242028629 0.0317387477680837 0.0372911080538928 -0.264444900386304
0.0975077505363509 -0.0681103545744975 -0.0674791931214495 -0.217935119512328
0.0353639011867517 -0.105215779460408 -0.120939153336724 -0.186107002517704
-0.0328107616914306 -0.108014490838188 -0.143451417473899 -0.1670216281225
-0.0610691930397611 -0.0854172808805226 -0.12957037920788 -0.153202639008263
-0.0703012543856908 -0.0883222173648103 -0.0774283693561084 -0.197547178724917
-0.028535997689587 -0.125129150573555 0.0350779530315244 -0.228966818799838
0.0564693917010408 -0.133768212496578 0.185241019424497 -0.178366417134751
0.161462702472624 -0.0750484435994719 0.242079213266716 0.0140222592962543
0.141129395886181 0.10573231147774 0.143448254956356 0.138944969213753
-0.00862839187834796 0.177531881430809 -0.0379484881828116 0.0532697788295918
-0.100739578651956 0.125315607308809 0.0705070050716521 -0.2550266997074
0.0881146587387177 0.0152401689995816 -0.0672555646399882 0.31045436688954
0.047085973993984 -0.0800065023663807 0.120989856915004 -0.0152325793627777
-0.0516284923108966 -0.0703570987179047 -0.133364242646769 -0.194031960693656
-0.0757415036069838 0.0237703398086144 -0.310472421016965 -0.043436874161893
-0.0227903231587153 0.0541004954160242 -0.252547860816771 0.227577947691598
-0.00225344024207205 0.0390850906375372 -0.0514740086786919 0.310517553553874
0.00829654531975467 0.0411292462395332 0.0907943514883075 0.250189768930757
0.00928459598917702 0.0273500972458539 0.154512455152617 0.193276001165323
-0.0149073858310936 0.0215061632317715 0.173978126810954 0.17940597910245
-0.0291219232146395 -0.000833332617884951 0.152142090439258 0.203763216178558
-0.0189239875842698 -0.0115113070428414 0.0808398347926746 0.238998168078184
-0.0112496299471373 -0.0435144615397589 -0.021020369645642 0.275037808017332
0.0547846336602812 -0.0381813211531307 -0.167432962928898 0.272685460084469
0.105081014643058 0.03473640355925 -0.272819611483276 0.287790460419895
0.0643047550601154 0.0990929098527147 -0.206204160357175 0.44219414589976
0.0691408399443734 0.165768146543414 -0.11155162667314 0.294266178621462
0.103191851866657 0.0520386987880292 0.122319205152323 -0.0123780555938157
0.0658121796104709 -0.0350850622719982 -0.122304220995006 -0.220018944493895
0.0222261866016624 -0.0437167830239303 -0.325359551884941 -0.0755519834856525
0.0130727968789518 -0.0384470561851279 -0.284560014688682 0.215213721063043
-0.0137548088070569 -0.0553329203951423 -0.075494490880423 0.305216185054389
-0.0446125535910839 -0.0345175602016069 0.0738137025222585 0.245923758511181
-0.0461158591725661 -0.0371888645330122 0.139475703021449 0.186776248515144
-0.0612502679727393 -0.056405277977614 0.167916313796533 0.157328575934907
-0.0228857300969887 -0.109025210073431 0.163890945137235 0.177030573242723
0.0535757549108025 -0.0954009627873482 0.115361899440281 0.220851636503283
0.115342924084324 -0.0718961979105782 0.0252868201237637 0.276622565974257
0.160269922575114 0.0502684329035225 -0.113400209105563 0.284350508456546
0.115857497953867 0.202557570540756 -0.212551592954153 0.272450485721104
0.021487340773001 0.276719869042557 -0.164847630761156 0.377565739205966
0.0175393058675101 0.296623264211571 -0.131215957375936 0.220336094533091
0.126030678185437 0.207581179972468 0.134262208816071 -0.0360686723967774
0.180088945285116 0.0405975423225192 -0.0914135758736948 -0.261377772651507
0.144689798260393 -0.0920328929757707 -0.324990788007033 -0.128525437777554
0.0683592794418321 -0.13389741924796 -0.310170257763379 0.171576579032306
-0.0112499086166654 -0.1539652765689 -0.105191867568635 0.268327536885839
-0.0870182354393936 -0.114628044863547 0.0392871172377327 0.211336875780011
-0.095142869230713 -0.0958616432359756 0.104016585880383 0.1531164853255
-0.105479520386284 -0.115543337501494 0.143129205283835 0.109091957139884
-0.0358881195820582 -0.193192362342224 0.167255770524375 0.115628359856837
0.0880041447718098 -0.178306901117246 0.161788557052981 0.163620658164874
0.204332741216087 -0.136603518072365 0.099698460772391 0.254484602269872
0.267205928614115 0.0796751813185663 -0.0332252378227748 0.290150644157193
0.159085383999449 0.313651985894337 -0.150468892222981 0.246302774104815
0.00781558975456382 0.409191526626991 -0.114759071671854 0.268316222368372
-0.0552504072077177 0.382627478570633 -0.114342111242384 0.096450834852388
0.102614636066717 0.352523141847882 0.156091843525288 -0.0872965274606642
0.26062236463819 0.147203482966776 -0.0358370759849017 -0.302459348875177
0.267487697055979 -0.100437699007297 -0.285752259270993 -0.1951991802678
0.135738565408809 -0.207856644461937 -0.308913721589529 0.0909238413788326
0.00619178159838654 -0.236511079112814 -0.133390341331952 0.192533193316257
-0.111710360374115 -0.184463949275568 -0.00631427837488581 0.145935865753596
-0.131402823731634 -0.141723361604269 0.0533094859938337 0.0985410243035542
-0.139716064976736 -0.151164177363692 0.101422646898383 0.0440191807526523
-0.0565403512161849 -0.24217232300783 0.151265915077524 0.0362913016032031
0.0910837287759496 -0.238681761809097 0.193240576610457 0.0795867751675611
0.246611509473156 -0.204098993144149 0.168465136923108 0.202267610723593
0.33968280037058 0.0685062895405032 0.048415093029892 0.270824249369302
0.200727308584253 0.358343813465258 -0.102242276896669 0.208374986775397
0.00705734594560865 0.47317642833353 -0.0719043509781493 0.13270334436835
-0.124446174692316 0.397566727873612 -0.0558375319249844 -0.0615020768078814
0.0385551740637936 0.437135382610769 0.186142453850152 -0.160040372883948
0.273522918311121 0.247587201781093 0.0375414353652106 -0.327428314599535
0.343153713995326 -0.0641961249776239 -0.204051783888973 -0.251761721291609
0.192666700937735 -0.235211387064849 -0.266213916278091 -0.0115212660548469
0.0297988081970006 -0.279244926848926 -0.146868076400724 0.0848125288270154
-0.116275695266701 -0.226865489401945 -0.0539525283886346 0.0579182483506408
-0.147083864619938 -0.166148356144874 -0.00420227982789806 0.0294818231636998
-0.156297883942388 -0.164084006477361 0.0486260292997605 -0.0262141167352187
-0.0715860369777445 -0.254243802836089 0.117509225579136 -0.0461744918905288
0.081557095123344 -0.261426933716148 0.198553780992015 -0.0104619527008641
0.252319361734007 -0.235237692949283 0.210977589238219 0.133653278625446
0.355933511581558 0.0575743732463523 0.106036600627954 0.230827180658293
0.201295132983114 0.355373843097669 -0.0733499831558626 0.16215529596055
-0.004337026942679 0.467146590816835 -0.0383147250282839 -0.00570422666016182
-0.164279850701804 0.33660674219935 0.0308225821178051 -0.221601359222766
-0.038985421063123 0.419495749849212 0.219599991132787 -0.233687055312572
0.214391460448192 0.2861881849667 0.111540901602906 -0.325565417065203
0.33617625987026 -0.0115092028872016 -0.101772665959887 -0.279783095926811
0.208086809111694 -0.209664901673881 -0.192886454666649 -0.109064734187629
0.0461561267365961 -0.267247500282218 -0.144358177500721 -0.0314949829463663
-0.103034729339416 -0.226573687916193 -0.096568157711806 -0.0358300503386963
-0.139901930329896 -0.165373651659973 -0.060111171041412 -0.0425642054396667
-0.150573001944872 -0.157150963352032 -0.00651698724971295 -0.0937010193702131
-0.0718039332342331 -0.235327182061841 0.0777297966172844 -0.121079912704635
0.0728492060906412 -0.246363618839301 0.188562517316935 -0.0887201833135402
0.239043484071339 -0.214643560393392 0.228152615070381 0.0745560646701745
0.318638117689713 0.0655846562414233 0.135541415891634 0.187308474259064
0.15484747723862 0.320424106642279 -0.0598434647465869 0.11672234318987
-0.0310019797242678 0.398739966872896 -0.0095805595299466 -0.127528769602269
-0.158755902958641 0.213949004354961 0.117288981392315 -0.353686936391044
-0.0874301312292747 0.305345945360799 0.24282648445973 -0.290261613181879
0.120884575768167 0.242089019741335 0.167456952195566 -0.305638837858987
0.251530360822593 0.0228496571400461 -0.013603168949781 -0.279232829714521
0.17063934264923 -0.148650378649511 -0.118632564940138 -0.180815517956685
0.0455212952080519 -0.2047816067399 -0.13460617401463 -0.129529826362708
-0.0753000081952977 -0.184154066570639 -0.131498747087144 -0.116523471331642
-0.111092403682348 -0.1367675829029 -0.107852165676804 -0.106609776609276
-0.120940574333282 -0.131228882045491 -0.054240783455459 -0.152892023227149
-0.0569442911680196 -0.190683750392886 0.0456480737238024 -0.185674277929803
0.0660194884574534 -0.202528970604707 0.18090227947413 -0.146942086207
0.210171491872303 -0.156233406312416 0.236463430852634 0.0325606592025624
0.24481243761422 0.0885109619380133 0.145842018886195 0.154962420262737
0.0783698728432695 0.265563831845503 -0.0500201916279141 0.0789997604607958
-0.0699595473774303 0.280344596778963 0.0233966116137944 -0.216506204655562
-0.120168036884704 0.0522355480775029 0.176045318150956 -0.436127958812048
-0.100295817294493 0.133587666162067 0.2401073458317 -0.319470997786304
0.0276040953441588 0.13905144063423 0.190368042061738 -0.286073036729322
0.124957090716688 0.0301760832591506 0.0333842516152495 -0.272228117269908
0.0968866308669404 -0.0728214107372948 -0.074621453500633 -0.221231465683768
0.0324650361064088 -0.109287223254534 -0.131768427188535 -0.188592562566585
-0.0377097473410626 -0.10969913668413 -0.155856963293163 -0.165902937161098
-0.063806544657594 -0.0857993603373361 -0.139117222517048 -0.150835306057116
-0.0730323155927064 -0.0885373852845204 -0.086006818311387 -0.198196622006109
-0.0330041107164729 -0.12655919666845 0.0301518965095943 -0.236104121282367
0.053974382299408 -0.138584587700308 0.186645179631192 -0.188839562933847
0.162615061159168 -0.0819266499663434 0.250487692178877 0.00919105329192353
0.147848067253452 0.104756631945591 0.151108817612338 0.139172547984926
-0.00471493072393086 0.182851109802458 -0.0394545544055758 0.0562082271219061
-0.101023927232324 0.128874479955635 0.0610803269500093 -0.261777713077579
0.0890831187623065 0.0123370535933849 -0.0505907302807672 0.319503950682676
0.0435010918614857 -0.0844245544719738 0.124037300026017 -0.0237231382641209
-0.0568248406200359 -0.0685554252792289 -0.147276620125034 -0.191820271599815
-0.075001136923858 0.0280644247467706 -0.322101232437298 -0.0268165157526372
-0.0196526276321156 0.0569397245846558 -0.245013466209986 0.246433571422842
0.000510374102845304 0.0412415979876566 -0.0329261960037311 0.320281237961907
0.0116612633198996 0.0419943892397743 0.108075725511926 0.249270262905717
0.0109726426213841 0.0270564992796075 0.171036318496956 0.185361146638201
-0.0141816150781783 0.0231412115925658 0.190608786351407 0.171098035232565
-0.0308966457430791 0.000980982453696551 0.169320698201296 0.200127494906232
-0.0188287359702348 -0.0115703199416728 0.095503117073293 0.241427444493606
-0.0135485238296946 -0.043708999999979 -0.0078024004715767 0.281227557301344
0.0542088380778524 -0.0416003105912124 -0.160246923420079 0.287740645065608
0.110184782831389 0.0296199759072391 -0.263608267723693 0.30930250227263
0.0699656116214923 0.0993376728321717 -0.184001121406 0.461880164617546
0.0776740193716809 0.165654711110159 -0.0962645448745062 0.305077729870587
0.10982004579309 0.0472844773622394 0.126949123214915 -0.0199737046129972
0.0639556617199409 -0.0397752486757731 -0.137066297247219 -0.219667132576224
0.0198298862371161 -0.0467634796746721 -0.338948075326478 -0.0593510214449437
0.0109415467922268 -0.0396493751899659 -0.277324822620637 0.236995205306954
-0.0179221735911121 -0.0543264390045637 -0.0576406224829724 0.317623776122134
-0.0477262026923599 -0.0319454047916615 0.0905145933853402 0.246312745894671
-0.0488128312527538 -0.0350275315280347 0.155456845132282 0.180055461639111
-0.0666140823067827 -0.0530999105889884 0.183000315401343 0.149764269244838
-0.0317222349592589 -0.109787644742749 0.18016082556222 0.171908567647223
0.0496230933181636 -0.101895941172573 0.130321563142921 0.220397761479024
0.113150705452009 -0.0805267751192535 0.0395468423439002 0.28120609982488
0.167287784698639 0.042662491745788 -0.104006664937057 0.295758530806325
0.130871661375142 0.200562087475838 -0.204021806034808 0.290098513351729
0.0368018163801672 0.282420039451921 -0.14764081450275 0.394422113658798
0.0322170767028258 0.300470853173593 -0.119620221679248 0.23208403882495
0.141315596243152 0.204586348362764 0.13746733170855 -0.0440567498167597
0.183951337439601 0.0300768674267844 -0.107206553491189 -0.263303849685367
0.140602874126817 -0.102702792388143 -0.340011289542322 -0.114214400778278
0.0609912292215417 -0.14047016380076 -0.305301736308602 0.193611349981441
-0.0226017650907131 -0.155617246246745 -0.0912239453866689 0.281288224128837
-0.0965817372122183 -0.110911811070116 0.0521106589258782 0.212545739709501
-0.103198143319721 -0.0916711154709565 0.116662248793743 0.149189263347358
-0.115145929975064 -0.110149264310056 0.154002061638592 0.101159032384146
-0.0499347406693356 -0.194931107212787 0.179962171908408 0.109228654932521
0.0794137124184441 -0.188393523941678 0.175332978099358 0.158770193386976
0.1998326061748 -0.152202930525451 0.115731499528581 0.255919098849712
0.278135185177192 0.0657296658430572 -0.0208721420563554 0.296280878335958
0.180687384208144 0.312310809736649 -0.141683107200703 0.260857404159656
0.0293194986330027 0.416885941225205 -0.102863126004495 0.281249739040342
-0.0379995266051302 0.389800611391229 -0.108635833131297 0.10500582020438
0.127301747385945 0.354711025232291 0.157480483992164 -0.0967256654801569
0.272440533031896 0.134335160224133 -0.0515146874567058 -0.307736671575392
0.265538523987492 -0.118823523198731 -0.303369357525401 -0.184738303702875
0.124670729924296 -0.220029731292737 -0.307918042760205 0.113281478945783
-0.0109361870806343 -0.241232223325678 -0.125270748159363 0.20485185465232
-0.12764183331991 -0.180563952781742 0.00183883819344079 0.149328972703969
-0.142021690462543 -0.135566292620375 0.0619299580843366 0.097463252077872
-0.15170230050067 -0.144974383897955 0.106893490074575 0.0384400359139857
-0.0740677861128134 -0.243794341512223 0.158409735141662 0.0288137238522866
0.0794910514175078 -0.251205746787396 0.203085114336861 0.0701792506218028
0.237115714792926 -0.224097583477061 0.184279788918552 0.1988648303627
0.35085007367533 0.0501840893290288 0.0621391197305815 0.273464620544304
0.224718953304306 0.355773667906314 -0.0941978841667121 0.218680245851075
0.0310692846941034 0.481650246096489 -0.0679080776476067 0.141049907331478
-0.107423634709167 0.410595019082254 -0.0576883074778732 -0.0591225784117154
0.0654028349966175 0.444680520348645 0.183651516078728 -0.17159341947151
0.29076690461509 0.235950274252537 0.0231904678260453 -0.336164753359352
0.346112386788686 -0.0863965677166128 -0.221842750075464 -0.247046193608479
0.180623233080786 -0.251305895134519 -0.27029529308931 0.00658718961808756
0.0106821775060233 -0.28675193830145 -0.145607035732112 0.0958336741472255
-0.134964550181071 -0.22305495962899 -0.0527618189570203 0.0633823936823677
-0.160045455261805 -0.160137501125572 -0.000990551587585611 0.0317705331148398
-0.169346027567877 -0.156479958231695 0.0488793999568348 -0.0297800310150178
-0.0899786221422977 -0.254935043477062 0.11889239199055 -0.053414461856028
0.0677266141139664 -0.273251992373425 0.20313111878981 -0.0223345405453383
0.240989135706711 -0.256167617451096 0.224513007923793 0.127320855469197
0.367663615940065 0.0362912414261059 0.119487303731374 0.228906642725066
0.226801050019727 0.351502321206531 -0.0673824609290321 0.170126890170992
0.0213872712786991 0.476484221934323 -0.0429068872974945 -0.00162332391749117
-0.151070138351213 0.350528222451743 0.0215959517835609 -0.226962240901963
-0.0136391323738483 0.432785674386061 0.213607871563458 -0.247494665842921
0.233173894391495 0.278909799368316 0.099015935927735 -0.338543879068303
0.340790504010201 -0.0317006752625172 -0.117494077437364 -0.280393491649146
0.197782857750545 -0.226141587629054 -0.199663783452489 -0.0982853964666948
0.0286342350473383 -0.275903584328342 -0.149890708279822 -0.0236045353233948
-0.121489634843733 -0.224200518105328 -0.103054365632921 -0.0299907555685612
-0.153036445499842 -0.159388911272936 -0.0634569046049986 -0.037250844924268
-0.162495102142266 -0.149840802739548 -0.0117826328489705 -0.0941211080404272
-0.0888492821172448 -0.234651540704351 0.0727934744964171 -0.128040645446912
0.0600285261571393 -0.256973649261714 0.18817265822261 -0.101276548931321
0.227707759336822 -0.23405392816708 0.238851983428327 0.0645480059755768
0.329199849207693 0.0473158101818661 0.148005658030078 0.183116062406444
0.176591855860994 0.318821140977864 -0.0553696298335141 0.123138162602704
-0.0101268311227248 0.407971909672177 -0.0208157813828697 -0.127530748848502
-0.151940604840155 0.225340445961035 0.103065621207412 -0.367213026198504
-0.0717387196029178 0.317371911768203 0.233473292342362 -0.304832003709525
0.135844183813836 0.240335488621888 0.156546607910437 -0.320925455292549
0.256725277085931 0.0086154519959335 -0.0277165168753015 -0.284532216630309
0.163766856556846 -0.162597470549855 -0.128502390727794 -0.175647131690681
0.0315597434156712 -0.211249164453056 -0.14700908253721 -0.124605346996264
-0.0902878094313607 -0.181998272362349 -0.144328019546456 -0.109253203208185
-0.122010543916661 -0.132342859052905 -0.116720466381732 -0.0988531571897524
-0.130362878140823 -0.126068335364342 -0.064161236778127 -0.151559454645518
-0.0699662511674282 -0.190218197997895 0.035985181453894 -0.191362393302851
0.0548981192037944 -0.210455601204528 0.176676091331958 -0.161420634956676
0.203214298659178 -0.173134194116038 0.245654441927736 0.0214138153425452
0.254933537466024 0.0753300493639883 0.158163653884485 0.149313815085056
0.0950133769778125 0.266283281973526 -0.0483029142880677 0.0842393939082298
-0.0570534415247236 0.288526693003198 0.0069467034198106 -0.218986166895344
-0.120181118975181 0.0596746441721319 0.157926281771361 -0.453537348126078
-0.0954104065340689 0.141812234590104 0.228848048526394 -0.335214380873719
0.03580068357192 0.139754613997092 0.181229048649938 -0.301680725827447
0.128247313798618 0.0245973548151632 0.021897984701703 -0.279150239816017
0.0937973539332284 -0.0802395027442453 -0.0870778578182179 -0.220003611594683
0.0249699586505857 -0.113246178947513 -0.148508413887488 -0.184952816388587
-0.0458193159167969 -0.10838743255875 -0.172933850069885 -0.157367817236703
-0.0706634233607904 -0.0839971152389307 -0.151561666156204 -0.142176091325427
-0.0788046781545393 -0.0856576824108766 -0.0998283347342269 -0.194621204502225
-0.0406355436262654 -0.12637066713595 0.0170113305427568 -0.241630474603792
0.046438986742656 -0.144105262455564 0.180718950115695 -0.20360126349443
0.160038137858835 -0.0935142863478347 0.258179117403279 -0.0031143864620309
0.157181742912125 0.0982517890239384 0.161582209249591 0.133884296949444
0.0050948742035982 0.186082352472692 -0.0392213903075668 0.0609639367848203
-0.0970740599569874 0.135771679126787 0.0434563608299305 -0.268156183676574
0.077279401191609 0.0494050428695775 -0.18288032616032 0.266442243963757
0.0746847801414479 -0.0591138977421168 0.121318060815401 0.0334825978770455
-0.0231103913404252 -0.0827184472626928 -0.0524935271415933 -0.233858138832766
-0.0757787941989787 -0.00325438255632521 -0.282203295191394 -0.159820364871422
-0.0372047132385621 0.0451455343297922 -0.323651769684898 0.120795118134104
-0.0136670448521365 0.0391696547653602 -0.165195584270353 0.275634773453064
-0.00465001637812229 0.0458368694011405 -0.00834576940697623 0.269522286833203
-5.69334281952686E-05 0.0302411833720236 0.0785033306530055 0.234995038465868
-0.0212538574778255 0.0146276735251529 0.104019780738031 0.231464881443429
-0.0269185673358314 -0.0114585462979917 0.0710813242840929 0.250339887241926
-0.0105234378910204 -0.018568927944207 -0.0168166438382645 0.258710271483439
0.00765787719202264 -0.0403803461651087 -0.128773573489468 0.246085428878002
0.0650952799548419 -0.0103469155825278 -0.272475995541501 0.18811483678173
0.0839498308314182 0.0765901199493095 -0.380294227279945 0.163727606677797
0.0218073103945112 0.12088731913263 -0.380139673604859 0.331578545157317
0.00115756829101728 0.18259209915809 -0.213486950511631 0.235109665762872
0.0785085812024274 0.0885486803026306 0.1235263314338 0.0335015088463794
0.0732102849737119 -0.00619018388303453 -0.0321873879718144 -0.258022655561032
0.0392861801097974 -0.0306833929710947 -0.285762873593179 -0.199221745215862
0.0317347905666895 -0.0288670428356742 -0.352745587210986 0.0965803216992805
0.00852103952095375 -0.0549022889263136 -0.189596863642526 0.263018680944379
-0.0281384787100412 -0.0464016434516843 -0.0236562019204145 0.260336080284671
-0.0292210946364665 -0.0524036788726955 0.0662870322444079 0.224343808865168
-0.0372063986134835 -0.0753182204942481 0.105420182345171 0.208795758824428
0.0169048641849354 -0.113655315018519 0.0936546211464125 0.22847121037073
0.089465376653792 -0.0729444647126827 0.0276230934660412 0.254591385800925
0.13669064283553 -0.0218847754216082 -0.082605523291093 0.269966285038533
0.131847035568166 0.114080581673029 -0.225781248563717 0.223322986863274
0.0311456840630841 0.240784712911736 -0.321589476611708 0.172711306175508
-0.0855068253255979 0.271340301276795 -0.318604213551344 0.286771739124831
-0.0995554023811848 0.284449963544328 -0.199778679434459 0.159565163322077
0.0404858930682017 0.245731562467493 0.14600129621106 0.0128312236788465
0.151542142857296 0.108991610007422 0.0140673733871904 -0.288070291992357
0.171011583269132 -0.0302648400602774 -0.263927829388755 -0.253754928277651
0.118456668384552 -0.0984629689803046 -0.363654351956912 0.0439753604792857
0.0456441018695636 -0.149679556016364 -0.207028001665974 0.216056035293542
-0.0415452159978152 -0.138667347056238 -0.045057541568898 0.214523647261789
-0.0545805731633015 -0.12675801973709 0.0438999321807965 0.181659724273547
-0.0584400061847746 -0.147159089620888 0.0993038081586665 0.153615267575477
0.0337680541254315 -0.198845010074752 0.120725994139513 0.171495427107945
0.152573498998815 -0.140019776820403 0.0973281300239454 0.217370390437471
0.243776934485083 -0.0518135581866634 0.000667628488530818 0.280979137153879
0.221831099512968 0.181433787765644 -0.150254063219382 0.263774577229175
0.0308892873560908 0.362899041895191 -0.256454781116104 0.172662515285596
-0.149196289051608 0.38773956720656 -0.229476189373353 0.203026571757305
-0.203079849195689 0.33677479578359 -0.132423991751827 0.0504662401117833
-0.0365105722767263 0.377224670245268 0.189561478956341 -0.030170507202755
0.185500387934224 0.242257121626067 0.0856925625327816 -0.308559497186338
0.287869661918212 0.00800971610963582 -0.19979795997563 -0.304736884166678
0.207572008374239 -0.141821825852386 -0.334585158650055 -0.0328675846338575
0.0903828945868952 -0.222872242507085 -0.206927190805002 0.133098676464238
-0.0420030468368198 -0.216458146856663 -0.0651301651910895 0.135907823145372
-0.0720597455250382 -0.183935137791351 0.0151096238505685 0.113126913763469
-0.077571695346938 -0.192544888742879 0.0825645343405327 0.077580060177209
0.0303738092268046 -0.252904403241708 0.135191760017886 0.0900069225771671
0.177244364493104 -0.196787386639102 0.160540601924723 0.14783551282809
0.307647831773806 -0.10201448579275 0.0902381029642823 0.259711635740097
0.296035671223038 0.198713269055281 -0.0633182639574139 0.28089389208818
0.0523883959054636 0.420240900831177 -0.195574443848831 0.158046542547126
-0.175653649660112 0.449910106118077 -0.13441718569561 0.0921269991022714
-0.276987764635872 0.325155019526765 -0.0143258430680407 -0.074696949139901
-0.1337912832228 0.43480691890253 0.247970009884256 -0.0853669251549206
0.159338706933721 0.341599404703625 0.168491136380022 -0.303196113507027
0.344140606057581 0.06998797794049 -0.0974088441584566 -0.328813099706684
0.268846126103193 -0.146789644394476 -0.255896671605442 -0.115936267868669
0.127972786767214 -0.25488392039857 -0.180382175384916 0.0250847574159637
-0.0319516635366555 -0.258547629436823 -0.0792793309566558 0.0348556138606972
-0.079472100520882 -0.213856642948551 -0.0150265079627211 0.029761983301025
-0.0888886182931796 -0.211128233164286 0.0576567164617367 -0.006648643520913
0.0207003745975706 -0.26976387601544 0.133058143527431 -9.68873588355892E-05
0.176358826883836 -0.223040068410217 0.200911241021825 0.0627574554109059
0.323036361138758 -0.131003612617765 0.158126787253969 0.212684275158498
0.31633021089572 0.192391644756263 0.00994293505193189 0.266578216014456
0.056650017696508 0.415595649363947 -0.149586737507336 0.125331278335289
-0.182887067952756 0.4393065697114 -0.0472968863385122 -0.0251453653754491
-0.292738085665111 0.253705989408941 0.129390947018245 -0.193370546864866
-0.20228500719342 0.389082449023678 0.308548258854825 -0.140075829568555
0.0876135156979492 0.357776022844912 0.24024546660677 -0.271963781014609
0.316212582161252 0.117617885986396 0.0143227875582156 -0.313629436886375
0.273173748793737 -0.116989220656533 -0.14601600105022 -0.181301604528817
0.13839744626922 -0.237919593012767 -0.132952254734513 -0.0854829187418639
-0.0201770931201192 -0.254692534532114 -0.0855468098460552 -0.069557529059694
-0.0735242531215414 -0.210379083072963 -0.0433218322749159 -0.0576714808058526
-0.084990451671137 -0.201691888467838 0.0293834348607781 -0.0900342374145863
0.0129230520885357 -0.250391470175875 0.121281732239848 -0.0849752812715171
0.161315073049242 -0.211183980816063 0.220359435616814 -0.0149543119647137
0.302748590575245 -0.117258254829452 0.198775133191234 0.162186552783461
0.278124302745902 0.185350061868576 0.0556840609614285 0.236802145191895
0.0246904233894893 0.364891587715696 -0.117212859584049 0.0875669272940974
-0.181370066975508 0.363709261308192 0.0312611839960609 -0.128349986586107
-0.240440877817214 0.139768076924046 0.26003241435658 -0.285082923722976
-0.205273184733839 0.260373382578221 0.349164864136914 -0.180223914767012
0.0152873351431618 0.279089734307076 0.285627958739261 -0.227153671307549
0.22355975466648 0.118182853150394 0.0990284814098695 -0.275688697008529
0.213901838402607 -0.073577476053097 -0.0463666826897439 -0.220430813258139
0.11428961282641 -0.177542562197741 -0.085910355978178 -0.176329241075942
-0.00942323105418501 -0.203262796792619 -0.0892213463176175 -0.15816661053304
-0.0564327049353944 -0.172809697847259 -0.066541506658857 -0.13421120924243
-0.0667914055948933 -0.167601810803401 0.00521931562008852 -0.161376876407891
0.0127927668616434 -0.202067490209234 0.113520370223206 -0.157160038799529
0.137729687984856 -0.170621365879331 0.234412474087837 -0.0726158879240862
0.25513257378719 -0.0734083898919525 0.221093731490104 0.127280561567059
0.198876072823322 0.178463114627429 0.0784921694394984 0.210032201485405
-0.027449334257329 0.280695198665783 -0.0905644582732166 0.0535609987203902
-0.173585615759082 0.234864437439276 0.100862785944936 -0.196752703454339
-0.141477819082226 0.00328236758566681 0.343005494810862 -0.341676240788539
-0.153190652910471 0.090314198874734 0.356737055355611 -0.204609881268791
-0.0336448072483028 0.143533605699803 0.298492949108647 -0.194911815805757
0.101537998205045 0.0783373472591849 0.141470792413565 -0.246096903404681
0.114743429858914 -0.0304553621100381 0.0123630515697997 -0.23933873917378
0.0678771669591986 -0.0909982757677268 -0.0591354230703077 -0.231538462360488
4.52936237354509E-05 -0.118607775289969 -0.0932614648685122 -0.21369979459417
-0.0293510168585406 -0.107461946246091 -0.0816056567077857 -0.187056138173039
-0.0364854008290653 -0.109911842657302 -0.00957845574223557 -0.213872854745392
0.0135358431774772 -0.13229768293136 0.115052145187588 -0.209022162186596
0.101566018243094 -0.113531174828841 0.253434053899178 -0.10777017657211
0.184425656952882 -0.0192385705918473 0.239778624546935 0.111204093964084
0.101342825847764 0.15718426920592 0.0873880762650012 0.196685447734223
-0.0748781509182774 0.170698112652269 -0.0692942734390795 0.0365731307580706
-0.145231576883675 0.0795996369350516 0.157111461653089 -0.223396309196856
0.0763509656092079 0.0457168805480768 -0.159763190544866 0.27028046951375
0.0691723353234921 -0.0620889781744029 0.121867255846421 0.0255178875508412
-0.0278653334583418 -0.0783677596534799 -0.066721432903019 -0.224138502267115
-0.0745039487565562 0.0013552535112422 -0.286427211010368 -0.138034223325272
-0.0330775402324241 0.0467242007078082 -0.307279515536078 0.137406984935425
-0.00951463825139951 0.0403887625415316 -0.14092415455118 0.280138506590844
-0.000538049386402451 0.0454142594511367 0.0107899883548071 0.261885581317709
0.00211796883465769 0.0292765557491216 0.0934555529905485 0.221273116021193
-0.0204597530659051 0.0165345654963703 0.119661333843929 0.217355589743568
-0.0273799632916923 -0.00910379469395322 0.088680501717153 0.239814797418196
-0.0112436053003987 -0.0177148001284228 6.12895352003525E-05 0.255042027788005
0.00484616915090843 -0.0392892951584326 -0.111727720685513 0.246523834821447
0.063776933678929 -0.0133029975877902 -0.256432450583951 0.198112949768124
0.0872522484297303 0.0685221252015436 -0.360893136335993 0.183334413926087
0.0280747349192515 0.117131542567044 -0.348683935203491 0.345776439567461
0.010457662554617 0.178036877647831 -0.191160773200016 0.240836574325407
0.0831357816037152 0.0814633133469661 0.124226075322965 0.0255321709296626
0.0701410573166213 -0.0107491499417448 -0.0478935416124435 -0.248851338572768
0.0353874182194796 -0.0339042219839294 -0.291723364489233 -0.176977694052247
0.0282813524186471 -0.030209792279067 -0.336242431440829 0.117049999454418
0.0045704153421038 -0.0532889529099836 -0.165593943129846 0.269333710812131
-0.0306127290822865 -0.0422206082142495 -0.00516747973799889 0.253472870561632
-0.030941188458528 -0.0482272682200402 0.0812660771902058 0.211731532681165
-0.0419721376001222 -0.0697183859525439 0.118728184864215 0.195034528687514
0.00714214508808715 -0.111485444671269 0.108917868903517 0.2179624869469
0.0824229355595124 -0.0778804642178755 0.0436134868728002 0.248318219313453
0.130856919464668 -0.0303525551098171 -0.0643680894551711 0.267246056236469
0.135989968006164 0.102905056684281 -0.209288962128113 0.229227162991669
0.0464721779461144 0.232441859288804 -0.303990838436528 0.187030056438882
-0.0669596199381001 0.269398922471712 -0.292494128421313 0.297342289395
-0.0807544788550205 0.282190953936477 -0.182571397698174 0.167985931834143
0.0566044696430459 0.237012312973331 0.145277387688326 0.00537814266824927
0.152583245958409 0.0958159711685711 -0.00338075261745625 -0.280873730487699
0.162413705251472 -0.0422563029431411 -0.273158417056261 -0.230290632015151
0.107800956298587 -0.103117623952097 -0.349952762587214 0.067573609803171
0.0327907591337785 -0.147710396314295 -0.18583685304255 0.225026430752084
-0.0506724292816834 -0.131276025287579 -0.029511731038471 0.210575957910995
-0.0618157310449542 -0.118461745200455 0.0563930410617091 0.172540929852264
-0.0669958362883595 -0.137806117876682 0.108374153892705 0.142055534861146
0.0175279649113208 -0.195513537745195 0.131185316374547 0.160441680249386
0.139934140568879 -0.148254874689208 0.109762019163212 0.206918155034547
0.233155156484915 -0.0667569627671917 0.018283428031161 0.273908772594796
0.227990922620358 0.16380427377862 -0.132799975011289 0.26357648455721
0.0536016725338772 0.351200960737707 -0.239349514696699 0.184393875116622
-0.121355156472174 0.387374460665358 -0.210765835872353 0.211553493318741
-0.178214489814853 0.33851526875282 -0.123614893828073 0.0584702846400619
-0.0109683190791725 0.370351876948411 0.184745129602757 -0.0373363541323136
0.194331612553385 0.222540974199679 0.06583157124317 -0.304448493967985
0.27867820075241 -0.0130561140733146 -0.213212281432089 -0.284733478842565
0.191192286250475 -0.152537944636928 -0.324120511718008 -0.00847112469560384
0.0701999649010208 -0.222511804474283 -0.191604699159118 0.14399051968926
-0.0575362107288302 -0.205764388344941 -0.054889020841736 0.135777282086984
-0.0828708469356409 -0.172631363130204 0.0237467939844992 0.109236487210836
-0.0887469210560243 -0.180420773702948 0.0861486274774544 0.0694353224849696
0.010554840832165 -0.24725959724126 0.139293483053049 0.0799381805256838
0.159712293959624 -0.205784320578267 0.167205642771225 0.134458872100825
0.290176329316716 -0.120455542742968 0.105554690008528 0.248463230100075
0.300343015816768 0.173906565803215 -0.045474690738637 0.274558975268195
0.0782464668028833 0.407100523396456 -0.181126521438196 0.165056374208938
-0.142677747158615 0.44640567884039 -0.127701085982232 0.0992935490734516
-0.251572534385641 0.331709495300559 -0.0164478383648761 -0.0709074320743176
-0.10042630359071 0.43197475935699 0.237951349595059 -0.0949500019909329
0.173911548016955 0.321920908505185 0.147725132785537 -0.304381920790174
0.338028939290402 0.0443435149711811 -0.11355233629518 -0.314165318182498
0.250867336961588 -0.16061620813262 -0.25220891604515 -0.0941100708255082
0.104109258103029 -0.257175618705121 -0.172937745021247 0.0364273619256646
-0.052301116446693 -0.247388412422013 -0.0757472626294664 0.0387323398305506
-0.0916273195138308 -0.201063743300979 -0.0119063791005001 0.0302283078469456
-0.100048083062432 -0.19750760624594 0.0558230732131035 -0.0110023554370719
-0.000696004088314329 -0.263339910740894 0.130790872573353 -0.00812471344285535
0.156411597908118 -0.230530827577966 0.200405329760977 0.0489715566708883
0.30299196442547 -0.150387695418269 0.169779788728853 0.19805085280393
0.319860497149666 0.166859119482547 0.0251069538763573 0.256348285882873
0.0826492404678192 0.402451338078666 -0.138962042699908 0.131686281263454
-0.150305349440366 0.437912883218231 -0.0507735927208958 -0.020620809219897
-0.271183458654681 0.263828696132702 0.115462905836273 -0.194802557433204
-0.17022544754533 0.392695276372429 0.292595196020654 -0.15095231606873
0.104688226088354 0.340658742207436 0.220267736744471 -0.276660978472807
0.313649879866529 0.0929996525312611 -0.00403469581036917 -0.306004209512208
0.256552006176374 -0.132295325475884 -0.150331487540546 -0.164427192682539
0.115400632487804 -0.240310498724524 -0.135117153839652 -0.0747893923906486
-0.0398758336951108 -0.243926744517117 -0.0904587023814723 -0.0617736479088655
-0.0862476980571706 -0.198177365147765 -0.0461637063199744 -0.051497637008018
-0.0966386545207316 -0.188408098144116 0.0225825545540927 -0.0887859379442879
-0.00538967495849751 -0.243123969516252 0.113832958201729 -0.0901941641506903
0.143284760454593 -0.217556610444253 0.214746634574836 -0.0279247645298329
0.283837080920283 -0.135789422869183 0.205625198979912 0.147531994603377
0.281672168938141 0.161202740545731 0.067947236393082 0.224883028605573
0.048264048173712 0.354093361567759 -0.109559129323667 0.0918906959133048
-0.15476699433757 0.361362040116611 0.0177431709886628 -0.124513833895223
-0.226499923291381 0.150014035665948 0.236351621351295 -0.293294725397533
-0.183752394146636 0.267018780840912 0.329316141729282 -0.192111312819314
0.0304872365352628 0.269005317926716 0.266799242160847 -0.236459368621414
0.223546254629588 0.0998836891837341 0.0816038673941364 -0.274143865869455
0.201650509118468 -0.0865647243137382 -0.0551098082309852 -0.20911472574012
0.0968757022465131 -0.180288934406991 -0.0958824117951079 -0.166394243566547
-0.0251290903663859 -0.195443104880396 -0.10025525545339 -0.147138907446412
-0.0664006569781337 -0.162955327168591 -0.0742108304583637 -0.123016348934093
-0.0765570977971016 -0.156643697002527 -0.00592082872945077 -0.155704864845576
-0.00176825396439602 -0.195968610136996 0.10046958098618 -0.159438358170063
0.121680750726665 -0.175896514943283 0.224335143576315 -0.0855403619515415
0.241104859347349 -0.0891913701355871 0.225407799152416 0.111877810037548
0.204689646245019 0.160100513437722 0.0896625114150676 0.198252716330932
-0.00812478579733346 0.275767712031539 -0.0865106509104677 0.0585830600749454
-0.154540863225457 0.237963062455037 0.0802887962609405 -0.196093038636353
-0.137293453569361 0.01133298519251 0.31287136911832 -0.354038911530171
-0.143173717822212 0.0973619256683019 0.333770068086981 -0.21593508425707
-0.0240183200743618 0.14093980868461 0.281155553992195 -0.206897040924675
0.102781626564761 0.0698490812062833 0.124774894588693 -0.247281530991903
0.108716071147925 -0.0375721583682019 -6.23548058682142E-05 -0.232968720373979
0.0588674183359689 -0.0926495694216874 -0.0743277019206219 -0.222272559505109
-0.00856296897935685 -0.113638863402571 -0.108337954074025 -0.20026553003534
-0.0358838411622519 -0.101612302428024 -0.091166778272694 -0.17317820642926
-0.0427263204911715 -0.104013968872392 -0.0233911483607495 -0.204811496413904
0.0045280949803403 -0.128848752341608 0.0982687725847938 -0.210199820709062
0.0909508880344761 -0.117407228289655 0.239535623788363 -0.122022673307334
0.176643544902777 -0.0322120193869407 0.242084320045172 0.0943384157518755
0.108680675795796 0.146324771822688 0.0978200300485601 0.184446334304288
-0.0624666004214438 0.170286521805839 -0.0675243716280699 0.0397316861472229
-0.137664302924239 0.084936492195553 0.133559361243569 -0.224642218014307
0.074787554270578 0.0430286647634743 -0.141007628832301 0.266837428149635
0.064596808966916 -0.0629249964262779 0.120981546047078 0.019623877443918
-0.0295632805043124 -0.0735446996978866 -0.0747364572783781 -0.212381431654218
-0.0719137465535098 0.00459049599060015 -0.283637312270637 -0.118965657934464
-0.0288052942476464 0.0469084747843572 -0.289333248982278 0.145747033995117
-0.00622909063254744 0.0402547419093983 -0.120073874997076 0.276507046668956
0.00357732024384218 0.043379224027839 0.0243016510779833 0.250767017787328
0.00428230038054299 0.0282453621836436 0.101634896680014 0.206329023689297
-0.0189365883617145 0.0181543312577436 0.127498207173487 0.202461311539433
-0.0271399766265269 -0.00723827945638787 0.0987056469583229 0.227601703373122
-0.0112018940102348 -0.0168059375291829 0.012290033381899 0.247189435756868
0.00326685589778452 -0.0381015742218888 -0.0981184726820563 0.240813819453602
0.0615884909088483 -0.0153330786031785 -0.241467241496788 0.200211425897134
0.0878556431599766 0.0616292195544625 -0.339227993784878 0.191820364157387
0.0316123646655253 0.111744534618432 -0.31871917212736 0.347658273008059
0.0167537612109911 0.172074015310817 -0.171825205797132 0.239951972526759
0.0850515146126781 0.0745132742655645 0.123291655978801 0.020109683051068
0.0666168367421721 -0.0133765919343055 -0.0574443358526835 -0.236678603702512
0.0313065847437791 -0.0352752889686328 -0.2908833720679 -0.156741890253113
0.0260163771462056 -0.0300676789144793 -0.317519205788844 0.128537689653723
0.00159706790380658 -0.0505391513506776 -0.144546399519949 0.268047388811401
-0.0313441930028329 -0.0386053668853641 0.00770099540330664 0.243234604534967
-0.0317208320995979 -0.04428166697396 0.0891971485299412 0.197979383675017
-0.04412321962357 -0.0639816459062929 0.125022420898979 0.181410033746013
-7.44729784343473E-05 -0.107600149815047 0.117901458377936 0.205312203077841
0.0763655068392856 -0.0803783988468039 0.0543145899189935 0.238988334059873
0.12484540378635 -0.0356941819425227 -0.0510287786378367 0.260279982668134
0.13621689454028 0.0930557564267903 -0.194448704352923 0.22779577706461
0.0555881099990691 0.222233558014027 -0.284568205179933 0.193346554005481
-0.052971490782924 0.26170463401223 -0.267578094400122 0.300100379165723
-0.0668342617630692 0.275201356823787 -0.165515295370624 0.169593898992894
0.0670083837326123 0.225653442659924 0.143331280689726 0.000254322253131153
0.150320586840945 0.0848308249891174 -0.0151779922341227 -0.269158852917998
0.152308859038263 -0.0496448482157345 -0.273758078840724 -0.210032502189365
0.0979781555911829 -0.104344319607766 -0.331949228418898 0.0824719245680219
0.0232453427170305 -0.142899701090819 -0.166559941934367 0.225623277660928
-0.0560441185166943 -0.122436574079987 -0.0187462432643646 0.203288900273365
-0.0647581352090843 -0.109988263382065 0.0638398220469289 0.161778557821871
-0.0716008689078023 -0.127246087844829 0.112126876629496 0.130901466881092
0.00480213874650651 -0.188893398632089 0.136616022936511 0.148685941461711
0.12729967494901 -0.150931691640558 0.115782306026214 0.195642400295401
0.21932182343052 -0.0757376878052349 0.0304298539194018 0.263677045493031
0.228397533884692 0.147001779770043 -0.119418433548507 0.257980340865674
0.0690953646359385 0.336838658984251 -0.223453749384922 0.188061874796529
-0.0999492878614509 0.378617428735381 -0.195038293288567 0.213867044033442
-0.157996551477502 0.33222714428399 -0.113563349018434 0.0622481666580038
0.00802561469107204 0.357348349884288 0.179589832172184 -0.0413378194687392
0.19559809328792 0.204515438801713 0.0519152363691902 -0.294644657488102
0.264860262776947 -0.0272564859569016 -0.217164976945879 -0.265294402408174
0.175568732897359 -0.156156197268644 -0.309546283098806 0.00770884049563795
0.055060410127604 -0.217311187967853 -0.176045225448471 0.147867213031621
-0.0671968786385975 -0.193634210305829 -0.047218716740313 0.132837105977637
-0.0881647406391385 -0.160233066039106 0.0292911310540161 0.103458152530576
-0.0947977378762673 -0.167911640312191 0.0869685838988875 0.0624327010577063
-0.00453837831398669 -0.238685190980436 0.14062723321974 0.0713826577414364
0.143289212784267 -0.207921994510146 0.168741141263535 0.122524712136003
0.272548493472561 -0.13045995692355 0.113213360504605 0.235649926067766
0.298338016755907 0.152888693406955 -0.0344366829865469 0.26436999118111
0.0957239671373948 0.390108139815653 -0.168089063805266 0.167263058094894
-0.117794753940928 0.436307806140503 -0.121091127846456 0.102010819149378
-0.228338779479196 0.32828292487361 -0.017457602102243 -0.0674843160692709
-0.0753707049037362 0.420897841213467 0.227670134901836 -0.0982711438961921
0.179827858825374 0.3026822212161 0.131375935656518 -0.297828953359348
0.325192167973433 0.0258660094771218 -0.121558918695486 -0.297705296549094
0.231946688501647 -0.167249057184684 -0.24310064588997 -0.0775756300042098
0.084513240183192 -0.251877383159545 -0.163813758117384 0.0433345580068821
-0.0646058448595878 -0.233074936152694 -0.0733301202589403 0.0416505306684239
-0.0992390791435717 -0.18714552120314 -0.00883650308585844 0.0307658927946081
-0.106682468713431 -0.183047754121049 0.0538585555917891 -0.0129661877326588
-0.0157504320511026 -0.252543267701059 0.127969918999191 -0.012937441803005
0.138588572725141 -0.231244634758196 0.196573613605416 0.0383360682858957
0.281902753129495 -0.160761814917219 0.174391063719581 0.18465721395136
0.315680972146365 0.1438333495782 0.0339481607040895 0.244014256473984
0.0975193305278173 0.386145267178479 -0.129145218819387 0.132107796821156
-0.125485070930143 0.427073048104055 -0.0529956535345469 -0.0154564875992382
-0.249017477805036 0.262746301291876 0.104022956517385 -0.1927835021715
-0.145529196525953 0.386052397823246 0.277192298357451 -0.154567325362189
0.114873274203526 0.322139297585766 0.202537804239319 -0.275188441839667
0.305092890574369 0.0737672853139731 -0.0152982367818774 -0.294637479192873
0.238003234444091 -0.140163931422483 -0.147358727129801 -0.15039515695713
0.0968404016809401 -0.236624407078501 -0.133447217185014 -0.0661954106625077
-0.0527104509362811 -0.230358776635978 -0.0927675249851212 -0.0546410264326706
-0.0934309954028521 -0.184340796465826 -0.0458795303659824 -0.0455138884729016
-0.102488458573235 -0.175169028322635 0.0178678034153657 -0.0862019947120576
-0.0186866830678187 -0.232778622880803 0.106717556298539 -0.0912726199370274
0.125578843343568 -0.217698961680817 0.206868728819323 -0.0367842288826595
0.263373260865889 -0.145971645107535 0.207180104543096 0.134046134213448
0.278555751292656 0.14096840674533 0.0755780797925522 0.211963821858029
0.0633584745721344 0.338946061874427 -0.103355423531946 0.0938377778480339
-0.132473030070783 0.3544389771776 0.00743779611825095 -0.118895067890605
-0.212109169647097 0.152725928534825 0.215469239666074 -0.292863573565051
-0.163805142737101 0.265385760066782 0.310407788232397 -0.1953447505285
0.0399766837790558 0.256994268892214 0.249319647481132 -0.237675499766238
0.219187089863107 0.0855582750630865 0.0683414542576333 -0.267111725372885
0.188392465327896 -0.0936870158576187 -0.059116695596252 -0.19808256798625
0.0825436732910348 -0.177735671413744 -0.101037639733169 -0.157046532333714
-0.0361982412358173 -0.185168365064944 -0.106733883919556 -0.135207411243771
-0.0726753462918701 -0.152295315519219 -0.0769505033717725 -0.112551771585981
-0.0811058703520732 -0.145662062140322 -0.0124052874074923 -0.14849998237545
-0.0121584012283133 -0.187654037444662 0.089675168228509 -0.157183267610787
0.10790894120011 -0.175685883404007 0.213089868688633 -0.0924582862108817
0.225560946136204 -0.0983725817491911 0.224383192431008 0.0977910470232492
0.204411033458505 0.143130986895476 0.0945733592058409 0.18524134677879
0.00500156241902177 0.26553320051444 -0.0826337566243858 0.0606465356633943
-0.137857509381922 0.234387940729114 0.064085800526301 -0.190351249254922
-0.131955819326975 0.0163088796642556 0.287142948442865 -0.353681723265961
-0.133489489078382 0.100214641991059 0.311711307040749 -0.219248245502832
-0.0178791313822751 0.136224924481715 0.263873278235732 -0.209413674804012
0.10175187888174 0.0624313136167348 0.11148849941475 -0.242943791037366
0.101630167426706 -0.0415449640576467 -0.00794295214221816 -0.224210235479189
0.0510136378068993 -0.0915807580131789 -0.0835800876297201 -0.211876739116302
-0.014780341213537 -0.107592259703021 -0.116694290493339 -0.185480916691023
-0.040396037623868 -0.095732298137826 -0.0962396163215033 -0.159450563384445
-0.0466240501185312 -0.0973681106918372 -0.0319706918935013 -0.19442951133668
-0.0015040763220041 -0.123842882041347 0.0849362571874147 -0.205998537144122
0.0809258305788504 -0.117306909710819 0.22638433916204 -0.129612506620475
0.167532857037857 -0.0399204975227006 0.240132485181724 0.0800408006002844
0.111161568562095 0.13508029257288 0.102659842838246 0.172085531119017
-0.0528697919476412 0.166160674057832 -0.0654412501302106 0.0425799096304346
-0.128694224742729 0.0859984792778687 0.115145194528541 -0.220810134085702
0.0738642332258589 0.0422516486803742 -0.126902906349636 0.26256148224759
0.0616034652311426 -0.063244800079441 0.119737115445177 0.015992111217899
-0.0301495900548139 -0.0704174691365795 -0.0777804484549633 -0.202426834857387
-0.0696771799312709 0.00658685963904854 -0.279173376455015 -0.106436274491097
-0.0254736640518137 0.0465750952989854 -0.275628914420235 0.149737952930772
-0.00321650304568443 0.0395185048547813 -0.105191396275792 0.271791705246061
0.00608782528914033 0.041348350023294 0.0322713936242729 0.240999778645304
0.00594547516402213 0.0265550942506809 0.106102338126221 0.193696246442229
-0.0169828928204598 0.0190280816380878 0.132105395459888 0.19022210383264
-0.0275628914586289 -0.00604882383219516 0.105950219085204 0.217506083093025
-0.0107966146852796 -0.0164897783881119 0.0199852211660485 0.240913612681142
0.00236143627447357 -0.0371479068717973 -0.0894543195940217 0.234525518520981
0.0603136695045254 -0.016654065421503 -0.230448750886248 0.200331741651941
0.0880440461348655 0.0564616088396139 -0.322331204956589 0.193815458013758
0.0339449807006613 0.107148648462027 -0.295744854767122 0.345141649787315
0.0209042704119328 0.167240319422699 -0.157280633747574 0.237159728178648
0.0863196869147323 0.0688145072858731 0.123202612728046 0.0164518099158487
0.0637889670350862 -0.0152487808621937 -0.0614943150563217 -0.225898294801988
0.0280780571358959 -0.0360121074918952 -0.286519749185929 -0.142666830818973
0.0240049915344341 -0.0303025536640334 -0.301788656723896 0.134310811733091
-9.40860564283729E-05 -0.0482571086536784 -0.128520276599403 0.263959538442379
-0.0309171240374393 -0.0354732855645806 0.0155494661398332 0.234661161803455
-0.0312127246174447 -0.0415538347135375 0.094121011935518 0.186548983210606
-0.045025883109553 -0.0585783558477058 0.129206742776116 0.170076391361807
-0.00548297896014929 -0.103785867592741 0.124353352548793 0.195795330841321
0.0711795631735898 -0.0818210164553282 0.0610584406515019 0.231062440417737
0.119298349176403 -0.0383489184671196 -0.0416249348488614 0.252926672528257
0.135963631731355 0.0857376244214134 -0.184345423341764 0.224872531919701
0.0620832322143841 0.213235164540816 -0.269451378416126 0.195329896057455
-0.0430251584839045 0.254616743987698 -0.249165715886463 0.297914882673209
-0.0575211235522668 0.268073229733676 -0.153412902521777 0.169391249521993
0.0734358362343077 0.215881245337048 0.142105591440107 -0.00294215303149823
0.146197415355574 0.0772405571301112 -0.0213161517861369 -0.258503414111036
0.143560003464872 -0.0542157225197484 -0.271522000477769 -0.19459943622056
0.0905315485952456 -0.104392764214773 -0.314971234439307 0.0902149855337303
0.0163237682064985 -0.138103378973842 -0.151613042857539 0.224504999100433
-0.0588786768161827 -0.114834112054869 -0.0115538545484221 0.197006787536526
-0.0658623808129186 -0.103012889819939 0.0678498991442189 0.152739963833382
-0.0738621189610678 -0.118606420998282 0.113937184986272 0.121664073599694
-0.00366400538017756 -0.182840107841297 0.14017871053516 0.139813856610014
0.117521919028297 -0.152429391702654 0.119725359906072 0.186908982729968
0.209071873003678 -0.081496049310222 0.0377627870326866 0.254292297016484
0.226000278292311 0.134316759579737 -0.111069317162372 0.251833194214531
0.0782090049956969 0.323866025102375 -0.211019793572359 0.187737145183721
-0.0850155353540056 0.368104028071891 -0.183209032475311 0.21357591243867
-0.145050075646707 0.325259763124277 -0.105957256415924 0.0635716190310942
0.0215331169180055 0.346059064017187 0.17644186865946 -0.0431781783025002
0.193748227239428 0.191245508049678 0.0435277684283135 -0.285000362380992
0.253222142308146 -0.0354828870127388 -0.217294794923331 -0.250169884052193
0.162825067657701 -0.157049118636262 -0.295808062263488 0.0180365797539652
0.0438660632175756 -0.210892159347957 -0.163568459062296 0.148532837858199
-0.0730897658611938 -0.182404624328555 -0.0425753861928966 0.129928293200233
-0.0905871332443583 -0.150443374100392 0.0328650474404999 0.0984261196555793
-0.0975626539648089 -0.156850624131422 0.0865916599267876 0.0573290085193355
-0.0143381544339885 -0.229881850912349 0.141320150382737 0.0641926812326915
0.131179408584926 -0.208267403700044 0.168417090054428 0.114462439367341
0.256102428373259 -0.136470025197424 0.118426142540548 0.224622245370109
0.293788216886276 0.137528269255395 -0.0278430386396649 0.255684498680557
0.105210005572121 0.374878526922718 -0.158808480373761 0.166194153631354
-0.0989327070857664 0.426152630020171 -0.115522314675683 0.104211839884489
-0.213903801107669 0.323720791958731 -0.0164142997816168 -0.064066386537624
-0.0582857368763391 0.410151364683379 0.220615882528162 -0.0990195876556183
0.182503944718229 0.285010861083827 0.120801020669796 -0.290373298319317
0.313005939549617 0.0129102736094797 -0.125194749871335 -0.285073043823851
0.216689460438076 -0.170020043966606 -0.233285350144728 -0.0667559685642713
0.0710691912363259 -0.245391106489294 -0.155358603515271 0.0462783619436862
-0.0723602957952779 -0.220635739278576 -0.0711726880854584 0.0428515650326348
-0.102110054145381 -0.174990537346647 -0.00668033806895984 0.0301776731162323
-0.110101913436936 -0.170683535020994 0.0512312028371791 -0.0142771631361883
-0.0252621179698282 -0.242981454522359 0.12547533343157 -0.0166444454960353
0.125486202021449 -0.230098018541071 0.192775123313665 0.0312589208455509
0.26449677692857 -0.165647626373961 0.176838549765993 0.173417793452582
0.311055598968173 0.128372644452926 0.0386895698477963 0.232666072578399
0.10783743430027 0.370412387000892 -0.121309161593043 0.132137771222408
-0.107472265193222 0.416672798631034 -0.0544763042946834 -0.0116069879860273
-0.234766614364424 0.262228601817482 0.0956547781765021 -0.188383716164292
-0.1265356238458 0.378058471028575 0.266073583102832 -0.153482068860956
0.119914533056833 0.308308396167673 0.1909359142284 -0.269932006057711
0.295170275383418 0.0608235289372369 -0.0225787146744953 -0.284411156545414
0.224152657583912 -0.144763651048797 -0.143239634038466 -0.140478066538224
0.0834628942529298 -0.231294833025638 -0.131118316257616 -0.0611773599914765
-0.0610312514210607 -0.218199979891679 -0.0936926629648744 -0.0486649287227921
-0.0968498963600707 -0.173340951267099 -0.0458652336239888 -0.0409444829516737
-0.105873497683165 -0.163280667997755 0.014203593705468 -0.0837764999392392
-0.0276074805526612 -0.223644394612155 0.101932494102852 -0.0914858156376869
0.113429044693899 -0.215561002630844 0.200069492455388 -0.0423515270422886
0.246676194907957 -0.150661465547042 0.20718538448397 0.123063775518523
0.273538843672443 0.12601054047319 0.0783619583868355 0.201377613916506
0.0734480254061812 0.325855922245608 -0.0977766830613836 0.094478379414805
-0.117235063350476 0.346282037019392 0.000173221089571677 -0.112770989590697
-0.201406970997201 0.153625761855039 0.199519473702468 -0.288554769038485
-0.149277957077315 0.262088377798426 0.296226093552631 -0.193820798654943
0.0455287101802838 0.24753456137779 0.236532125404738 -0.236476204536059
0.213078447200293 0.0751637790461017 0.059875118714786 -0.259749194655409
0.177304972062644 -0.0973714643589385 -0.0596652431691204 -0.189573254725283
0.0719214006159577 -0.174084940956529 -0.103373647193656 -0.149845301479577
-0.0423646898097848 -0.175308583413787 -0.110890284272995 -0.125631475616764
-0.0759678842597379 -0.143099994974593 -0.0775530930466842 -0.103244264768552
-0.0840417718525346 -0.136194153294212 -0.0171617353919041 -0.141688023732801
-0.0186318481986768 -0.180446318819796 0.0825007785123071 -0.15409192266384
0.0975152833227631 -0.173888935710815 0.204233154032409 -0.0966582328966955
0.211800003727954 -0.103675711494984 0.223006422193337 0.0880267352725205
0.20223156270084 0.131152577829957 0.0964746832820521 0.175289815386989
0.0133723381325743 0.256376711057141 -0.0797616572107641 0.0625577025670779
-0.126392115718559 0.229119256201739 0.0522114470710762 -0.183823854590189
-0.127266425484904 0.018814635985242 0.266188466280361 -0.349732058545535
-0.126371681057008 0.100936861107069 0.296674307689436 -0.217263767966438
-0.0142359071010183 0.132085638167058 0.251452592360568 -0.209937736322681
0.0993574306035531 0.0571291177653455 0.10205246977472 -0.238267647888449
0.0956280141487554 -0.0436493347550775 -0.0122818502246459 -0.217696565296849
0.045550592739342 -0.0894634087064546 -0.090101415084545 -0.203332785637612
-0.018118332383479 -0.102600406391913 -0.121853487845823 -0.173467922303544
-0.0419556556147167 -0.0902579443240453 -0.0985492735478719 -0.147262176784441
-0.0485682727078283 -0.0918044929339745 -0.036806587072534 -0.184839417426864
-0.00601617582987216 -0.11948495136947 0.0752756204744366 -0.201143718218693
0.073756370049817 -0.1164069389486 0.215385381638484 -0.132309792487825
0.158966080182732 -0.0452196284064375 0.236879052502283 0.070103756453674
0.111568332241521 0.125949072624098 0.103950602576514 0.162547043883225
-0.0464256961613586 0.161712953007066 -0.0635311781746546 0.0449834824484706
-0.122385027621073 0.0861327154817131 0.100796464537173 -0.214258348640313
0.0739688065264777 0.0410694675642493 -0.116036858121637 0.259141711406652
0.0591687434465042 -0.0642626006978455 0.120268211492235 0.0127119881746567
-0.0308295107018525 -0.0680699645794277 -0.0796437825475605 -0.194376317582299
-0.0682682559237246 0.0086829991192712 -0.275400224983769 -0.0955379436435019
-0.0226912232029355 0.0461733697169299 -0.264575002393802 0.15363303781233
-0.000673943138857728 0.0382701620420112 -0.0915051148708443 0.2674409525138
0.00803353728037502 0.0392184201729918 0.0409067504014368 0.233766763149378
0.00796955720669283 0.0248237683194236 0.109650872144009 0.183156005901245
-0.0151153602071474 0.0199616014578072 0.136251378211355 0.180287122431379
-0.0273877726015883 -0.00436781942401582 0.111558858428784 0.208519621090478
-0.0108633526678302 -0.0162671451717157 0.0263473629274439 0.235028413068198
0.00171670479898518 -0.0362363210777156 -0.0826262566573528 0.230117153949297
0.0589953891741348 -0.0176555570846231 -0.222555242788379 0.199191525432422
0.0874717272927412 0.051572065710692 -0.30855655840331 0.196618145235489
0.035205079490492 0.103874188344814 -0.275759967203885 0.343183534177128
0.0246678594788244 0.16318759461951 -0.145267886781227 0.234445312759502
0.087475425797315 0.0640626183084466 0.124128076766879 0.0132024401841965
0.0616025067875379 -0.017130863975428 -0.0643030581848997 -0.217431765040452
0.0244179867141203 -0.0355429960499885 -0.283393408210607 -0.131023544644226
0.0224678668455585 -0.0300908621405656 -0.289729531107156 0.139046845399872
-0.0009910903868493 -0.0466894507980471 -0.115405588563705 0.260351006638185
-0.0304234220423531 -0.0333100318163929 0.0231864459837566 0.227494392935695
-0.0313100105336494 -0.0397222284731125 0.0978605791003509 0.176776231598906
-0.0457168972222072 -0.0545177058910478 0.132760720077639 0.160791203931225
-0.00962582990117884 -0.100547781533025 0.129577108394951 0.186488304744569
0.067055311450989 -0.0834138435587697 0.0669573349272062 0.224897431522327
0.114929079719633 -0.0423052604434749 -0.0346601894120104 0.247016586842853
0.135617316908292 0.0794733309230525 -0.176977870980279 0.223702922336323
0.0672226840308333 0.206157474126612 -0.25750940069819 0.19611424982697
-0.0358510493446569 0.248110470634158 -0.234001577652818 0.298651743772095
-0.0495055942614426 0.262886742903825 -0.142928895767314 0.168257037522171
0.0794142313382783 0.208122709306775 0.14253646152026 -0.00584452342682472
0.14386392500802 0.070645039529945 -0.0253775385760138 -0.250518325376847
0.135531401805865 -0.0571667112699028 -0.269203391926461 -0.182479518620163
0.0840428240930883 -0.104562577512285 -0.302585979550534 0.0965033648793421
0.0110971541151328 -0.134292051610342 -0.13874313345735 0.22198804979809
-0.0608120785182846 -0.10863444241503 -0.00472105921356128 0.192587502939602
-0.0663971711022781 -0.0981285546319 0.0710775942685402 0.146084808523778
-0.075481576134329 -0.112130146640918 0.115137576964721 0.114880360077237
-0.0107555012437193 -0.177685572768522 0.14353007051916 0.132447590429869
0.110543562012853 -0.153941415685206 0.123746310591774 0.180697076682957
0.200372776974752 -0.086246828699132 0.043595386931998 0.246898217301837
0.224516912832495 0.124514631568041 -0.103787460766055 0.247221829030067
0.0858674459457571 0.315058932079622 -0.200733259165501 0.188369540162333
-0.0729031702944969 0.358588425724104 -0.173472384402804 0.214110386810838
-0.134106412315634 0.321378074051564 -0.0994339081021002 0.0642715960993479
0.0319878629559639 0.336880815832574 0.175074585915893 -0.0453069157217566
0.192885234672694 0.180709546951487 0.0376644831898933 -0.277454368237429
0.242446651814665 -0.0428032859915419 -0.217264565349308 -0.238316504443665
0.152472470451035 -0.158192242707107 -0.284609000757734 0.0258719526179172
0.0346016834921318 -0.206394897023786 -0.153418014654994 0.148511592371265
-0.0780154850471441 -0.17279671222715 -0.0377372978842003 0.128624986716752
-0.0924923643069375 -0.142022371085767 0.0356826410782151 0.0942138168550907
-0.100137430599839 -0.147977927138564 0.0866161496673913 0.0530363598874675
-0.0234004891673056 -0.223368221023819 0.142419932862507 0.0584686224307859
0.120504991767588 -0.207694680551935 0.169012052994283 0.10638210600494
0.243924772948853 -0.141729790542394 0.123600535473077 0.215503652052519
0.292152425719715 0.125309738243555 -0.0232904584133093 0.248262669713447
0.115599141703859 0.36308436776726 -0.150524726806447 0.166400604283807
-0.08554797355422 0.416118164300606 -0.11095143181776 0.106582184635927
-0.200526098965604 0.32056336075126 -0.0155371788153147 -0.0620006012465249
-0.0427941999040532 0.401529399791638 0.216229656467718 -0.100306679640335
0.183718163494442 0.27284717962816 0.112775326649737 -0.285076520413214
0.303032436305098 0.00283159688023284 -0.129199245455611 -0.274175239558812
0.204159158908116 -0.172338447116157 -0.224841372838387 -0.0587025376080821
0.0594289304519562 -0.241425257308376 -0.14919304151001 0.0484408103298937
-0.0792061558760999 -0.210064964339731 -0.0691888336507356 0.0445499423169248
-0.104536250086845 -0.166127249930959 -0.0042485097044223 0.0300488329286225
-0.112576118188414 -0.160797012743839 0.0496004921943059 -0.0154334795893011
-0.0345259269070371 -0.234558178543061 0.124544074313667 -0.0196304488206093
0.114124430127245 -0.229605364224709 0.190135378224884 0.0247784375013434
0.250429570259722 -0.1692794718397 0.178018948969605 0.164299795144786
0.305890682278113 0.114050234899994 0.0423100121461699 0.225034130901279
0.117807720014715 0.35832291853452 -0.115972036424467 0.131170525346434
-0.093421061962575 0.406571960797889 -0.0556962629826911 -0.00742335358616538
-0.224186712659203 0.260396336156486 0.0898060270939616 -0.185602818717445
-0.111494441322791 0.371240153769905 0.257806497020895 -0.1538739270847
0.122950136755796 0.297935382112275 0.18167793716771 -0.266816345961223
0.2883379648498 0.050729577043595 -0.0274576394517587 -0.275964007817285
0.212607430535766 -0.14756109047755 -0.139101626836355 -0.133187064344655
0.0719687176050183 -0.227158449783092 -0.129052442651719 -0.0573154958449461
-0.0673304339570836 -0.208174124616596 -0.0951588720821867 -0.0431372363337306
-0.0997714651088873 -0.163913732948656 -0.0439765148169833 -0.0374061744522889
-0.108164390507781 -0.153907986287194 0.0117578773584651 -0.0809830407133449
-0.0346656822593198 -0.215800395529349 0.0986762198303808 -0.0921700162977899
0.10208932532232 -0.214637405311697 0.195125069078287 -0.0471531073580693
0.233269481753125 -0.154944887255625 0.207391078897083 0.114390601791744
0.270708565210708 0.113225444189636 0.0801283977349435 0.192790310421719
0.0811731291370957 0.316135977358385 -0.0938152328755364 0.0945215057891465
-0.104819097763419 0.337939186775871 -0.00589589509039093 -0.107260832863279
-0.193589641537569 0.153420448193217 0.187346493611691 -0.284841649817538
-0.13814936279315 0.259177468136332 0.285430279921692 -0.193517071950027
0.0496892062992504 0.240272308883622 0.226142552788603 -0.23576044144382
0.208704559197809 0.0670019264101751 0.0526755362563577 -0.254266023306033
0.168654153668727 -0.100901745182583 -0.0596243587694381 -0.184062863720373
0.0635069045696905 -0.171188402745437 -0.106524925994963 -0.144969116412593
-0.0471926527555762 -0.167616790280298 -0.11436047416171 -0.117357891148091
-0.0783973229462213 -0.136039390506255 -0.0776418952461856 -0.096092228612853
-0.0856203323882384 -0.128716339422579 -0.0206273593146606 -0.13687449347854
-0.0240860755651751 -0.174613136456018 0.0768201222937717 -0.151678278741599
0.0885498026365422 -0.172778408603068 0.196239633492838 -0.10074811368793
0.200363401593295 -0.107937488778262 0.222426683088419 0.0790596766468771
0.200056905954268 0.121007849071825 0.0981472131162398 0.166307325280139
0.01977792714541 0.249049987664011 -0.0771546337321757 0.0640339798126721
-0.116912954805842 0.225026261105793 0.0426739447429882 -0.177777880824047
-0.123334267752015 0.021373934507161 0.249517964406769 -0.347282070895769
-0.120581683641802 0.10131645520024 0.284687340434662 -0.215912342225757
-0.0108378677354114 0.129860528707753 0.242485725567393 -0.210552195580963
0.0987424770597904 0.0524692084827538 0.0950782078454835 -0.233821617000167
0.0910362264976379 -0.045394337672783 -0.0155790131492881 -0.212675342514211
0.0413592154128837 -0.0882894238118705 -0.095111916423692 -0.196955034081511
-0.0208152443406888 -0.0983643848917859 -0.126016388727303 -0.163323094425409
-0.0433008457161523 -0.0871940254713698 -0.0996832466524732 -0.137888238810041
-0.0498791695584296 -0.0874243701941561 -0.0409437843743245 -0.177674218229352
-0.00954627650876423 -0.115838546971328 0.067477060345509 -0.197030727578929
0.0674414917822166 -0.114834682550597 0.206242950577318 -0.136041386083403
0.152020676677486 -0.0497056192620094 0.234774340390203 0.0615406960868701
0.112103158821808 0.118906484482719 0.104774440541347 0.15434862905693
-0.0414455959923695 0.158328262647467 -0.0627912301257581 0.0468130669951332
-0.117762442646518 0.0861163460753194 0.0881976058947836 -0.209360572212933
0.0608413966996463 0.0502279056493236 -0.155386350148577 0.23068695873187
0.0658244415274276 -0.0499822300141786 0.118952299913498 0.0357058953686353
-0.0138355656354885 -0.06912301816286 -0.0372128804364094 -0.199781134823929
-0.0610732472287227 -0.00450066628324693 -0.247228760585936 -0.14204605322224
-0.0266423481168018 0.0358243909776024 -0.279340250222518 0.0997574062218157
-0.00543894800154191 0.033537419166714 -0.135532256581033 0.239623398689258
0.00350254976800019 0.0379323409261921 -0.00355597299155247 0.233122748934136
0.00407992442192517 0.0238638210248505 0.0707853320614283 0.193497844690713
-0.0176476133475431 0.0161605926925676 0.100070387388085 0.195799442588899
-0.0249854728875598 -0.00962904383617441 0.0688281787592154 0.219617737758606
-0.00700014306979936 -0.0182914777618591 -0.0186923040256245 0.230350627744138
0.0107446824138166 -0.0328501576141327 -0.125669012666763 0.202865895176171
0.0612568832576297 -0.00266011937287465 -0.253828816012109 0.149724138647651
0.073687893533281 0.0687004036781559 -0.338371146822242 0.133804097342237
0.0127799575637688 0.105956995673773 -0.340674268682808 0.280735258266436
-0.00826604937436986 0.154881370253337 -0.180748545207586 0.202915373735845
0.0713620575338323 0.0749881184264543 0.117513992863626 0.037686815299648
0.0640045093439856 -0.00460241069193708 -0.0204913613967484 -0.216084582345982
0.0317053660060219 -0.0300867340638359 -0.247885420667728 -0.175047037030867
0.0297187073625065 -0.0285114435770096 -0.301374038144163 0.0825855185763125
0.00852771654069636 -0.0465812906641671 -0.154920073382691 0.230146223599636
-0.0218875885669266 -0.0370757680834319 -0.0195533190384114 0.224438751074071
-0.0220686192271642 -0.0453050975587111 0.0604760197612374 0.185457657806787
-0.0327433917093967 -0.0601736673314484 0.099674023242997 0.176887847303636
0.00838927807522293 -0.0982999054008001 0.0910912581039443 0.20035384247775
0.0801324456709685 -0.0683453066283374 0.024979556695738 0.226552004103641
0.118296581075475 -0.0167837022406496 -0.0788290804112228 0.227866437161728
0.11491649773802 0.107039863882938 -0.211744494762136 0.184114343209195
0.0243733893714085 0.212016198991403 -0.291659849466572 0.144718020840322
-0.0832643377440067 0.229667395543513 -0.29125071789748 0.246210931443891
-0.095872293993187 0.234859316071164 -0.167851546063597 0.139593806929053
0.040371049252568 0.209394947648498 0.133905261587975 0.0216363689285579
0.125450140948322 0.0929237132035861 0.020088825193305 -0.237777580700029
0.138173151774763 -0.0304190600515843 -0.224078093593195 -0.21976465310953
0.10072105841384 -0.0872215750710202 -0.305909744726386 0.0416056604132191
0.0351159379618996 -0.126941151669805 -0.1698998906939 0.189335131619693
-0.0389281812632037 -0.113179039204678 -0.0401881346328424 0.184467958369229
-0.045491330934424 -0.106750153392463 0.0414277130010596 0.15186469267279
-0.0505293097896599 -0.12023043395431 0.0911979225009586 0.129858243809525
0.0212259218749966 -0.170359202926975 0.115275287695003 0.150034058597416
0.13461129424192 -0.127592891716389 0.0890444002613696 0.191625029983751
0.207389512558729 -0.0419348914935166 0.000548463488109471 0.242260139090802
0.190821755523055 0.167903639942454 -0.142302530010275 0.222762494638862
0.0217113172685474 0.31969547420402 -0.23624170383311 0.149908090314718
-0.141125285958975 0.327920712583095 -0.214362744486368 0.17848111091278
-0.185877069571864 0.275226009953442 -0.109064412197698 0.0477617263467342
-0.0250993705780423 0.322714396707349 0.167502481422212 -0.0124412137853187
0.15178964439174 0.206174613617617 0.0822706830734518 -0.252208854062393
0.234418302253683 0.00213052904677174 -0.165189282893081 -0.261226403005902
0.174825899448864 -0.124588111186061 -0.275544473529315 -0.0217255808790672
0.0689870790802505 -0.190491371018214 -0.169992927663464 0.117401208618321
-0.0446321064366882 -0.175724106243507 -0.0600271578234707 0.116204989239574
-0.0629522250852028 -0.154204096431048 0.0172619436552457 0.0964210372035312
-0.0666895762249602 -0.157432359295203 0.0742606017768919 0.0651954211000625
0.0173888815150859 -0.216719619523156 0.12842340607133 0.0790853753167389
0.15446880836012 -0.176815474261498 0.146765714775917 0.127656986129572
0.257934295403043 -0.0863648356209467 0.0841076757165635 0.226622395811233
0.254386252381604 0.181724141257799 -0.0614221621265359 0.238471903857036
0.0404518505829776 0.371886643005855 -0.184084715627825 0.138476400685029
-0.165012124388463 0.379506780146575 -0.132044101590434 0.0861717654730012
-0.247709549949915 0.264000451914248 -0.00754467953851653 -0.0595644945805317
-0.105497212249112 0.373059899557772 0.21410728700537 -0.0606953668412084
0.126618209800237 0.292727703013517 0.152899749837742 -0.245464595685158
0.282796493490969 0.0563094914008775 -0.074221270999715 -0.279316670854527
0.225171895922672 -0.126930161003685 -0.205089377573814 -0.0926233205533691
0.0981819765752789 -0.217168161958881 -0.148160031424326 0.0220559068749396
-0.0404026878880405 -0.2114084656804 -0.0752326826998572 0.0297109197224452
-0.070256868444592 -0.178609121460239 -0.00905891699102152 0.0282703315896441
-0.0764776593859729 -0.172201601276664 0.05087989703422 -0.00610535941300119
0.0082452599289791 -0.229083214773714 0.125904557652246 0.000901979961017832
0.151990258441604 -0.198484410730218 0.182131831948566 0.0519848237657319
0.268406811734034 -0.112400258055636 0.148204806034086 0.186313894646107
0.272306485411072 0.173418646738243 0.00652069541390858 0.22712958713772
0.0427758975295972 0.36699898332097 -0.142695260013082 0.11129146015811
-0.170056308631561 0.369440955462458 -0.0547721271677497 -0.0152873281842239
-0.257818650069807 0.20576154779826 0.115360105560137 -0.160255315017376
-0.166101713895185 0.335667432300999 0.26391067194312 -0.106549437829343
0.0652946873472392 0.30683094263979 0.214573603185813 -0.217283717850319
0.25990010252805 0.0988597396807085 0.0224143801567425 -0.263227145814295
0.227508399200151 -0.100694518310729 -0.110424895671462 -0.149025331047296
0.107773545038391 -0.201339556071651 -0.111438346386009 -0.0762374018655107
-0.0298950265207015 -0.207842266647745 -0.0838421064820394 -0.0610904313305706
-0.066833820762256 -0.175618381726028 -0.0346374336443203 -0.0421367053953106
-0.0734945224085221 -0.16439755164842 0.0270091852401155 -0.0757798005697764
0.00494658437947609 -0.210644080835296 0.113934565212358 -0.0715308136887362
0.137464512307778 -0.18638797860293 0.199285352966704 -0.016226236929809
0.24873391053846 -0.100875894085948 0.185995939658156 0.144661928323265
0.237501074454246 0.165108205443322 0.049184709523495 0.202682368589899
0.0163441047550929 0.3189587057194 -0.115025597697656 0.0793163421911272
-0.166389013381486 0.30093990714164 0.0136733874521916 -0.103405305212953
-0.208672660786476 0.112882790127017 0.227474275211116 -0.239481578399838
-0.172120712796205 0.225508296681371 0.300882294986057 -0.140319540852348
0.0050280573804707 0.240455137068482 0.252959623460256 -0.181125052091921
0.18290848289456 0.101653658751916 0.0958332659121845 -0.228236374470673
0.177026484890199 -0.0628775516193884 -0.0250789568137047 -0.185193719504782
0.0907593988293387 -0.149000908100708 -0.0757601201877603 -0.156980494685149
-0.017527981743634 -0.165325056492378 -0.0897526739826446 -0.135428022957069
-0.050685642824457 -0.144703792593877 -0.0557461541761948 -0.104164117027059
-0.0568690544541844 -0.137087636748866 0.00581061245813809 -0.134385785824253
0.00814680736696275 -0.169939050670978 0.103642574023529 -0.131726516438716
0.116840338903229 -0.14887574836081 0.210305937817661 -0.0653339991095247
0.20862205723058 -0.0636811633425947 0.206138053816123 0.115427843736633
0.167481775501408 0.157898377110272 0.0693558521078266 0.181055618022667
-0.0301306966982253 0.242591946764938 -0.0924295654355536 0.0516052179183147
-0.157886912570729 0.191052738615319 0.0747036296282038 -0.162906361653733
-0.119048756178891 0.00203613817673848 0.299294240460569 -0.288646660416248
-0.129779215424823 0.0809705264875143 0.308917393332897 -0.159899291133167
-0.0332639307291172 0.125647669662653 0.266219203805675 -0.156510041902682
0.0831826789325317 0.0694100481515834 0.132782957758159 -0.203317195772649
0.0949753043635331 -0.0233023075890782 0.0226729201995926 -0.206594458923551
0.0551103021917125 -0.0743750418473488 -0.0571682513529591 -0.206567998268758
-0.00403345777240507 -0.095590642699099 -0.092816028380556 -0.181208508184937
-0.0266393704693898 -0.0912266008582601 -0.0686970755077168 -0.147174196463294
-0.0310388662958869 -0.0912217157707005 -0.00520439689086537 -0.176567334632363
0.0113672582736041 -0.111775327411129 0.102737648574494 -0.17513543369462
0.0856781102522981 -0.0969478357872026 0.224996584074969 -0.0959177212342131
0.15195597612112 -0.0182974044061483 0.220021681245336 0.102465056822945
0.0840380345926358 0.13828474077815 0.0758738291778146 0.171706780062862
-0.0717159847245579 0.143728098305817 -0.0742139909012822 0.035458521052379
-0.130726117285652 0.0577569626830382 0.126168677952965 -0.18586542346438
0.0609200051054303 0.0481609560168206 -0.143740612800522 0.226737858802005
0.0628560607737613 -0.0511513561797652 0.119315247286956 0.0324756381594535
-0.0145337577527036 -0.0676150086954419 -0.0395232811153147 -0.192077019460829
-0.0594277045575487 -0.00289663505761775 -0.243315848845828 -0.131272012795237
-0.0241537741110246 0.0344874557264187 -0.268769519681424 0.102184595013073
-0.00348094421743166 0.0321225303159248 -0.123560374997951 0.234358859448956
0.0047740834184124 0.0357306782867467 0.00495473650881654 0.224489619630438
0.00488895183401353 0.0215888786887435 0.0741633747725085 0.183555901326113
-0.0154396768052985 0.0163552275985812 0.104000038331989 0.185449035432295
-0.0247708448028134 -0.0081693832592888 0.0743142988913235 0.210824850996289
-0.00726220584071672 -0.0181445250224687 -0.0122342567675169 0.22476776518959
0.00933058378106109 -0.0321120599266787 -0.119155556568063 0.197246789800957
0.0600596743416653 -0.00346959794782164 -0.244933070823085 0.149638807326142
0.0732895678978447 0.0641207957112582 -0.323654327262929 0.134948157181345
0.0136284388927951 0.101679458545008 -0.321511164919445 0.277834166164434
-0.00436613015546565 0.15107431122463 -0.169109720138706 0.200418670619446
0.0715737568888573 0.069425722008863 0.118057343626302 0.0339657999676956
0.0609297903578928 -0.00692338034564733 -0.0224714540821861 -0.207673739434854
0.0286138486123574 -0.0304995587939787 -0.243816779485735 -0.162841921462941
0.0280734298154967 -0.0287061932042034 -0.288676588675033 0.0864785609875661
0.00712080744576241 -0.0459499309326295 -0.143293250534551 0.225788798836273
-0.0215623244559229 -0.0353047214613269 -0.0114860967371984 0.216675786732196
-0.0222574028932743 -0.0436325512036702 0.0641085840853442 0.17673774259595
-0.0321715269831481 -0.0568272035782378 0.102518931744208 0.167575165081632
0.00461709954127018 -0.0943056489439637 0.0962848378583419 0.191412419561762
0.0755239275160766 -0.0690557241871218 0.0302222926684913 0.219325517020552
0.113324019505576 -0.0199904698465924 -0.0721230747602733 0.221913783561516
0.113931454298243 0.100300273297743 -0.203090646678119 0.182071610008605
0.0297388693947597 0.204572545375087 -0.278199847132122 0.145380597027323
-0.0761952901255973 0.222317383275215 -0.274427336454838 0.24493183390074
-0.0886851943995286 0.230000644193625 -0.157329677656454 0.138971797483627
0.0451388385822762 0.200431397439512 0.133695370595085 0.0185027270110732
0.12288987443687 0.0858679452647431 0.0163640937979972 -0.229625806674007
0.131056600910933 -0.0334224750981116 -0.221855978671848 -0.20740211699086
0.0941428968465002 -0.0871221079965045 -0.293032374454382 0.0465690247402801
0.0294396407612111 -0.123556197028706 -0.158603498390269 0.186387504335627
-0.0404502813718934 -0.106862469955227 -0.0333364914407646 0.179493981275507
-0.0466241463399202 -0.102470118448227 0.0444380120847555 0.145158476216555
-0.051948794006129 -0.113634425752149 0.0928740467154663 0.12321456270889
0.014339661580326 -0.165020820093114 0.118306185755418 0.141334633718529
0.12682295537935 -0.128710030079715 0.0919431003992267 0.184474833099938
0.198072808157637 -0.0469468521480535 0.0052468319145318 0.234424504432278
0.188922645120228 0.15725442846413 -0.135047038331911 0.217540152697721
0.0298950532852527 0.308851634789229 -0.224959976181061 0.148736533559972
-0.129339848627352 0.317734293665356 -0.203103179248578 0.178378079037653
-0.174603649105168 0.270033505741856 -0.102817452081207 0.048418801128773
-0.0151047734258721 0.311904063921189 0.165405193571069 -0.0145733523793311
0.150778485299625 0.195546278260997 0.0759891811885374 -0.244421687887227
0.224785404341954 -0.00400617184456276 -0.165259373210969 -0.249315989326181
0.164151399227829 -0.125297484818968 -0.264652592552086 -0.014697710748849
0.0607563033134479 -0.185489302444503 -0.160450281550822 0.116158302844849
-0.0484022989178927 -0.167507404590764 -0.0551275386719015 0.114442896428491
-0.0642499059314339 -0.146695940502511 0.0200950097924673 0.093102906574777
-0.0688292074688595 -0.149978472102637 0.0742594937748775 0.0616081370439247
0.00908140641945086 -0.208889168279098 0.129181340272907 0.0727644735777427
0.143985284054676 -0.177191460146927 0.146234869605917 0.12074215795915
0.245486094231131 -0.0917541054102177 0.0880804256657369 0.217253859150319
0.250906517838473 0.16826051958597 -0.0563667555616039 0.230799846758165
0.0483761411619712 0.358832325610934 -0.175397485738334 0.137841704142327
-0.149103622710736 0.369235116769634 -0.126515644143593 0.0871124747318249
-0.234536128493093 0.259651605851789 -0.00718865858023255 -0.0571897009559448
-0.0922236689735857 0.362378646094927 0.209245907894076 -0.0615966437666807
0.128416054130787 0.281168207298718 0.144343134403899 -0.239562206268914
0.272781532313455 0.0474090996194362 -0.0766924593693753 -0.268206656771236
0.212481383324143 -0.129270760137239 -0.196701809460146 -0.0855452145495092
0.0874150861095564 -0.212743601330627 -0.143033940205503 0.023351146184146
-0.0458278815509922 -0.200901704157419 -0.0728028279710918 0.0309352922432523
-0.073295230806125 -0.170631633903003 -0.00722975686253471 0.0274822457830362
-0.0780547957092822 -0.162923705065849 0.0495664364694996 -0.00730317052330262
0.000471592070245566 -0.220574898286297 0.124613829392761 -0.00295138640027796
0.140767772728639 -0.197710656236433 0.178259807816573 0.0452200666590316
0.253994926195195 -0.11645783668476 0.149322266937092 0.177113124611016
0.267390382347552 0.159690966730615 0.0103928731790508 0.218092242411358
0.0515051696151249 0.354366370314686 -0.135850326865876 0.110263905079472
-0.155056525183363 0.359114501361887 -0.0549403293468892 -0.0113978101848225
-0.24561370546691 0.203293797501136 0.109724251041985 -0.157427338504115
-0.150594437923644 0.328288527809026 0.255317600194678 -0.106844555412946
0.0695690825864039 0.296177517895771 0.204090576248859 -0.213553402392775
0.25280561978784 0.0884149713674137 0.0175179110006754 -0.254300991163528
0.216215998128456 -0.103429763179175 -0.106110493931194 -0.142565412543969
0.0968046354084778 -0.197075500230203 -0.110495556240851 -0.0733073053981135
-0.035851509141147 -0.197488966180542 -0.0850354937620472 -0.0555637449336926
-0.0695347570518318 -0.166647465222476 -0.033735119571516 -0.038995484830559
-0.0748135539034646 -0.154913729473876 0.0234997874639586 -0.0732915321642637
-0.00225750078977052 -0.203286242800759 0.110268587764472 -0.0726241516695799
0.126713124809628 -0.184771657689927 0.192728700428149 -0.0205131900241774
0.235034396709208 -0.105469373971393 0.185287319384805 0.13572459661773
0.233282144013183 0.152537078363714 0.0512142542902765 0.193915380564911
0.0241832751478241 0.307804831115199 -0.109801560516187 0.0794617748692865
-0.154302230843391 0.292555426109069 0.0081245025823249 -0.0981976662297066
-0.200405272634847 0.112644712155137 0.215098299445944 -0.23596533821311
-0.160426772543499 0.222202518718169 0.289167512405945 -0.139157288602832
0.0100082986005302 0.23372046785643 0.241655922955367 -0.179486305950386
0.17865263421958 0.0934745350557375 0.0894527803218804 -0.222074916875523
0.168587737663162 -0.0658027824787591 -0.0253034110398576 -0.179686789598875
0.0823447308685415 -0.145972890042165 -0.0788146997030378 -0.151868446781733
-0.0222683310465354 -0.158091764251349 -0.0926012190338254 -0.126699878243819
-0.0539425107079003 -0.137919872370748 -0.0557966757335905 -0.097937423393012
-0.0583177282244885 -0.128817544601515 0.00205172058366447 -0.129352847991537
0.00249046834125684 -0.163867026869883 0.0975516576045778 -0.130201072235155
0.107734795952843 -0.147026317641703 0.201702295202143 -0.0691085681664735
0.197562971735231 -0.0680302704661717 0.203367843033467 0.10658600279035
0.166261899672459 0.147729264019975 0.0700356805906102 0.172437541697225
-0.023522508045147 0.234786570188551 -0.0891552698093284 0.0524768606247032
-0.148331265230186 0.185688651549272 0.0650183958213438 -0.156546456716072
-0.115145698127734 0.0041413890791846 0.283101135262438 -0.284295328846313
-0.123322306112965 0.0811991881810202 0.294610864034428 -0.1589144692991
-0.0292308806632217 0.123732184151628 0.254757503111925 -0.15632598082039
0.0822058618484458 0.0651754267515856 0.126460222681007 -0.197754348955985
0.0902943279387155 -0.0256059606188154 0.0190191376801223 -0.200770693509433
0.050914186039796 -0.0723657171937543 -0.0636105005267782 -0.199647951238054
-0.0063047264748352 -0.091232286961314 -0.0976271432402435 -0.1711951151535
-0.0282605741736532 -0.087471726658292 -0.0693006134244828 -0.139512001622633
-0.0320140397796529 -0.0864633486036075 -0.00994413389903095 -0.169729463593028
0.00855048774160046 -0.108126438735364 0.0949336314822177 -0.171636872900761
0.0793904333469644 -0.0959468366569369 0.214926968904663 -0.0987178171474061
0.144543329896859 -0.0222034924654021 0.216606185498276 0.092969537307804
0.0847121131480503 0.130551799682627 0.0766613941503444 0.162805579095444
-0.0659745233115231 0.14028093456674 -0.0722221478793653 0.0372661257482593
-0.125841311890555 0.0578782205576447 0.11433674519627 -0.181070170039791
0.0603515512186724 0.047212172174764 -0.13620253268047 0.22135285789967
0.0599854640118296 -0.051499468290278 0.118856271410823 0.0292985513090178
-0.0146744764865662 -0.0657087518495463 -0.0381501056554577 -0.186299949404998
-0.0581015743255563 -0.00200160036579674 -0.236983323655715 -0.123917638367439
-0.0224838741350276 0.0330045210193891 -0.2606027556028 0.10129534920697
-0.0029413830389941 0.0302850812159769 -0.114480316844161 0.226421998734247
0.00587515748571141 0.0334753600647737 0.00950898636522383 0.215244892455037
0.00487377910862239 0.0194593934805612 0.0737547102795164 0.175388707479377
-0.0138350021659576 0.0156135676325452 0.105201843363624 0.176472997792223
-0.0241557851752452 -0.00666281917469869 0.0768214213302149 0.202471653643792
-0.00738877371831382 -0.0180641844130576 -0.00952101557911916 0.218538598829705
0.008526816333849 -0.0318874229664465 -0.1149340986818 0.190639269418348
0.058797146130421 -0.00455651915736655 -0.237571084515125 0.145364539872694
0.0723099705596398 0.0599546703830607 -0.311272423624895 0.131662339393556
0.0133499632747604 0.0977235836254096 -0.305531772963227 0.269297581343542
-0.00295029417226491 0.146373576766622 -0.1611179917125 0.195615960810443
0.0705233160211958 0.0653029036123933 0.118127715443961 0.032095226410586
0.0587514880959194 -0.00821054095716442 -0.0216541441089344 -0.200462256080561
0.0260864798334043 -0.0300740640163885 -0.237314626302079 -0.15558649196253
0.0263406880316029 -0.0287303772809575 -0.278061630135494 0.086427044460232
0.00610356737611129 -0.0448784440120613 -0.134506222282557 0.218476045772917
-0.0210212604689934 -0.0331814923030358 -0.00681737353387635 0.209610061565527
-0.0221014792808062 -0.0423367895016355 0.0644716834712618 0.169817110714586
-0.0317449583515889 -0.0546178117540812 0.103531864785807 0.160015111575812
0.00245222279231563 -0.0910017839719313 0.0976672105721834 0.183377764825979
0.0718744926932636 -0.0694445488276477 0.0321038292186978 0.213825220694816
0.108650205626287 -0.0215563016976991 -0.0684522482481212 0.213901637384859
0.111942608496071 0.0951298151513672 -0.197610373050865 0.176546749339392
0.0315168044721244 0.196708528209246 -0.268467712419749 0.140766267787507
-0.0722221382257641 0.213832748484773 -0.262469984664774 0.238907021106963
-0.0844331302543337 0.223085230938678 -0.15017427158721 0.135432594355994
0.0469099921379322 0.192467325413869 0.132884863464958 0.0173659448120931
0.118809198131503 0.0818948341320012 0.0162114235126628 -0.221171233688908
0.124715524392254 -0.0341760239538791 -0.216256290151132 -0.198320315412817
0.0897771947541998 -0.0859075360159537 -0.281220905699219 0.0466712376309828
0.0266625965413201 -0.119964021389969 -0.149903809306502 0.180045221343298
-0.0407415314209082 -0.101782768987895 -0.0290236124628135 0.173838416276058
-0.0463433669396707 -0.0987834606323281 0.0461207975224355 0.139303554068144
-0.0513191297773779 -0.108508584685127 0.0929278107109208 0.11749223271202
0.010473137665087 -0.159819585596918 0.119266869697249 0.134703370085753
0.120077149409389 -0.127943580262271 0.0919051936139889 0.178470217505978
0.189673559556712 -0.0495509807004814 0.00792145755071949 0.226263736183368
0.185223704295234 0.149134581022826 -0.131239152667747 0.210172432158122
0.0328029431554204 0.298452647253073 -0.216839197986138 0.144662839332742
-0.122564902154949 0.306043273682293 -0.193961961218009 0.174248705907408
-0.167973036672746 0.262752016364505 -0.0976359239841365 0.0473002169801172
-0.0101053103164411 0.301342891612498 0.163019722497068 -0.0149330200843298
0.146768863691154 0.187160436486189 0.0735127816366041 -0.235879870457466
0.215765696927818 -0.00667315904881957 -0.160468041980017 -0.240193016196601
0.155930673840411 -0.122686617456137 -0.253825377196747 -0.0133975344098787
0.054964512519553 -0.179979236454879 -0.153682391682187 0.112358916875031
-0.0493574401452678 -0.159136519850208 -0.0522886970552811 0.111735509639508
-0.0646838953457783 -0.141206693095448 0.0212347731544962 0.0891963815254843
-0.0681178665888139 -0.142454975308753 0.0735585825168495 0.0590313321000115
0.0045748232843763 -0.20114093780265 0.128422508778905 0.0672943197462001
0.135987125372471 -0.175411775703083 0.143892483895109 0.115093842326785
0.234047861673792 -0.0927594396172722 0.0888428241015454 0.208842353839122
0.245084881434906 0.159097588339126 -0.0547135115878299 0.222235220064433
0.052348479422491 0.345972364427066 -0.169327402685384 0.133033879340681
-0.142200081206262 0.354300485287355 -0.122025048126755 0.0874650278372484
-0.226417803442534 0.253687658767657 -0.00578024116629951 -0.0558604916410807
-0.084658226498015 0.351396315548623 0.203750461367029 -0.0600124922226273
0.126066409809639 0.269985916506748 0.140283467427331 -0.231574826390955
0.26252790018367 0.0420295620311759 -0.0751008388713428 -0.258655502811767
0.202331534613546 -0.127852348151703 -0.188017119894433 -0.0823831534293213
0.0806692003141553 -0.206320894817362 -0.138065235111249 0.0216919469660219
-0.0477929549519477 -0.191601387576489 -0.0716472864286455 0.031634379814868
-0.0739065023584484 -0.162995500840504 -0.00537495656593022 0.0265753740384669
-0.077314103738704 -0.154757694298994 0.0481099440209116 -0.00650042138852241
-0.00379410227263994 -0.212051129191863 0.122270545306018 -0.0055238896740826
0.132063397574875 -0.194708433863813 0.174206281655836 0.0415742931444236
0.240932159526853 -0.116702752742684 0.148547176917676 0.169675552644866
0.260478368054773 0.150346947195322 0.00928033001786263 0.209368131287859
0.0543102351633592 0.341900751958646 -0.131279607737652 0.107013272759322
-0.146205566158849 0.346017991475691 -0.0545850620849396 -0.00828001373354919
-0.238160946431103 0.198621299496167 0.105458070166473 -0.152294981699522
-0.141578641818635 0.318678912782008 0.248144272952958 -0.10357720038675
0.0702034736150123 0.285545692305568 0.196899195999086 -0.206234224124632
0.244057544105261 0.082998320564915 0.0164933374180786 -0.245600875661445
0.206098930607862 -0.103124383321163 -0.10019117575118 -0.138340838469032
0.0903805028767832 -0.191168695963727 -0.109282979121089 -0.0715161648812589
-0.037929292089494 -0.188404401769451 -0.0847657917225794 -0.0514424352300467
-0.0706183699676678 -0.159599342442542 -0.0326569066975002 -0.0371224608207864
-0.0740996140587511 -0.147062636597528 0.0217755389411468 -0.0703059139445033
-0.00579394693265578 -0.194281721848687 0.107357408947938 -0.0720232917668029
0.119281803462399 -0.181416066856671 0.186926861068442 -0.0224481044278308
0.222706054776187 -0.104989195114434 0.182925881962905 0.128815279904166
0.227382023671303 0.144006858089815 0.0493309682772279 0.184934380737449
0.0268689126280697 0.297067581716494 -0.106433546546011 0.0774170629520876
-0.146970668899087 0.281812517077724 0.00526802980053616 -0.0923728717779689
-0.193726005960706 0.110302747685729 0.207418522310736 -0.22865002209964
-0.15175467446054 0.216656216108006 0.2796434569482 -0.134487273542566
0.0128910536503617 0.226171562346503 0.233064495622853 -0.173655372168723
0.173089768420284 0.0872277415798739 0.0868166477749284 -0.214151133381384
0.161393660085967 -0.0656476168237083 -0.0228348303243333 -0.174975804381454
0.0772620937811416 -0.141504951143637 -0.0806043890261729 -0.147280143586126
-0.0242655446097385 -0.150769464522384 -0.0939065670192667 -0.120100777281758
-0.0545011249446293 -0.132123907708205 -0.054799983851302 -0.0931853258296813
-0.0574614627491058 -0.122306008979254 0.000224606046568333 -0.124353930785044
-0.000300024676320518 -0.157027718360786 0.0934805178548805 -0.126482948421121
0.100795455392447 -0.144123337197055 0.194115568953312 -0.0698428819459012
0.187455978539902 -0.0684286201333291 0.200017329027687 0.100312846953196
0.161677745242099 0.139893366879248 0.0684274188339265 0.164509802930502
-0.0199688695392626 0.226285684653741 -0.0872080020870318 0.0520019859346787
-0.141756745773941 0.179724259335119 0.0592335001230614 -0.1496823173393
-0.112206210581204 0.00448512900451964 0.272203384654879 -0.275435437057402
-0.118203989428441 0.0803818914944548 0.284669424208749 -0.153338645238624
-0.0261818125650462 0.119951474126438 0.245607958198674 -0.1518719292678
0.0803056369761936 0.0617578796017735 0.12156451260421 -0.190953674843746
0.0860687091321505 -0.0263281384270796 0.0187989054563124 -0.195740232731683
0.0480926539803744 -0.0703673624508337 -0.0667504405296409 -0.193249671319511
-0.0072349321569651 -0.0876153201364633 -0.0997240795228097 -0.163556333596914
-0.0294188789076608 -0.0832500712823379 -0.0685438840563363 -0.132634592211544
-0.0319855672289209 -0.08223885382322 -0.0110408563932602 -0.16252819851857
0.00630996706691457 -0.104203840552888 0.0896421649991182 -0.166794679974401
0.0745212727569719 -0.0932784750700818 0.206211835309729 -0.098502272413652
0.138220748962796 -0.0238976655323394 0.211523795709938 0.0872377592039225
0.082444623085527 0.12514340127234 0.0749398386308216 0.155535544011185
-0.0630854571806395 0.135647267295249 -0.0706410257354669 0.0382683503163496
-0.121595944495289 0.0569346146614375 0.105809409612562 -0.173481617321385
0.0596360665953669 0.0471675756657277 -0.133498429325115 0.216750131946596
0.0584562848347148 -0.0509399703557766 0.119275113511533 0.0288134255765551
-0.0147734420253816 -0.0651150410672378 -0.035560004681166 -0.182256008704966
-0.0569870978564872 -0.00208546374727148 -0.231308768000592 -0.121832595004878
-0.0221828154898909 0.0317686290984043 -0.256074409335988 0.097628326600102
-0.0028482132477102 0.028934002167635 -0.111525964679077 0.220055088923177
0.00639215652000984 0.0321971780238422 0.010703464855128 0.209376679629831
0.00477808272553098 0.0183455745591243 0.0732794679252201 0.171458235848765
-0.0128089675636804 0.0145247968898352 0.104237896589536 0.171478738261634
-0.0236218114091097 -0.0064269839682046 0.0764230576047248 0.197509925307737
-0.00723888035528645 -0.0179948184402103 -0.00962693885132237 0.21506479019823
0.00786675276725742 -0.030546815464544 -0.115368351803147 0.185069791474419
0.0586098686035361 -0.00407966382352096 -0.235429959099527 0.140230834454162
0.0706117892665567 0.0578032085435218 -0.30455410328852 0.124661331953452
0.0108073712823806 0.0956910596584569 -0.298135334406924 0.259895602737153
-0.00355004949106403 0.143851683787409 -0.157122918468647 0.19017960097847
0.0692779652482348 0.0627323591135629 0.118664099507679 0.0309034275258939
0.0566226610047342 -0.0085730054818518 -0.0185312719333022 -0.195431616309051
0.0243215250919719 -0.029402467068055 -0.231702663792712 -0.152521099389104
0.0254968701547096 -0.028700410448825 -0.272502111284553 0.0819820802304583
0.0054022840402243 -0.0439957761692464 -0.130762949501118 0.212182567855161
-0.0203351638947019 -0.0327612897826801 -0.0045079904249013 0.202954435653808
-0.0215811066243988 -0.0421350782206231 0.0644633566169544 0.165063017361473
-0.0306106815996214 -0.0531450188676149 0.102863856730527 0.155743143701966
0.00180740220134375 -0.0881386803324841 0.0977701388261954 0.178806360066546
0.0696500194445588 -0.0686492312927491 0.031436557336921 0.210217937819938
0.105173626610149 -0.0209724511167329 -0.0681373484027235 0.208068917642827
0.110074897886974 0.0930537641615169 -0.196000779954382 0.170607074794757
0.0312789637742637 0.191329898218299 -0.262430997653728 0.135235184902948
-0.0740525490188549 0.206748671275552 -0.255826548188492 0.230203370076071
-0.0843690193619685 0.217772356289484 -0.146461462195881 0.131199637621241
0.0461989670947422 0.187592027648463 0.133577767443633 0.0167936988566881
0.114709296073753 0.0796904260726143 0.0192845229207733 -0.215012104224259
0.120415933577836 -0.0333814102686204 -0.210253141580144 -0.195975687432425
0.0865325883395368 -0.0844075550966615 -0.273741352160331 0.0442160917774263
0.0247873581768616 -0.117375239974872 -0.146241715507852 0.175056042104981
-0.039663103280242 -0.0985974933849916 -0.0281230057297407 0.169922324521264
-0.0455794089396271 -0.0970150927185699 0.0459098055545459 0.13597803745272
-0.0499541873025908 -0.105729077681827 0.0925112553546714 0.114850399238208
0.00921458592957628 -0.155045624694162 0.11889528696928 0.130546204997885
0.116335893637892 -0.126766488275468 0.0901364695859844 0.175689028334921
0.183525525446623 -0.0487969455885297 0.00707028026707435 0.220400055967694
0.181428968508999 0.146022392850022 -0.131895193765266 0.203616939898771
0.0320694720353644 0.290905932753061 -0.212530849199274 0.139404174334233
-0.122736032755007 0.296282035587428 -0.190654987411684 0.170217450727497
-0.166576669810327 0.254922148855899 -0.0947308211503285 0.0452846802416238
-0.00953569824453553 0.293561831586288 0.162335372108317 -0.0132584147890693
0.141900291132521 0.183771846651258 0.0756580719270381 -0.228173348183146
0.2088512938315 -0.0058687516409166 -0.155565665572343 -0.236034823213961
0.15136530970183 -0.1206127495803 -0.245231599113123 -0.0155202755521831
0.052308672255388 -0.176013602360489 -0.150800800132347 0.108235542493734
-0.0488461405536492 -0.154369568135816 -0.0512924588398022 0.10885082566852
-0.0634393150484749 -0.137124571048227 0.0217042754396991 0.086952392111361
-0.066196825308008 -0.138279501300656 0.0731254179848166 0.0578794238880681
0.00319004823597273 -0.195476724958038 0.127893361847854 0.0643152568518451
0.13210940933883 -0.173070806969603 0.141036339171589 0.113896047244607
0.226326030252764 -0.0910684027630944 0.0863169725127043 0.203956519014965
0.23928303252293 0.15491836369341 -0.0565630176667776 0.216363489932507
0.0509751741121558 0.34002025109589 -0.165950510888111 0.128153057291044
-0.141261891716225 0.342246401923502 -0.120136753879526 0.0863283635227856
-0.223643611183969 0.246294321511617 -0.0041327267615202 -0.0546782708715973
-0.0813817779313945 0.34281311235562 0.203435323872986 -0.0564885261604706
0.121965736417843 0.264866890143636 0.140396598788426 -0.222664522015127
0.255264733340566 0.0417190604876922 -0.0710364361187985 -0.25377895200572
0.197296231371482 -0.125191903168735 -0.180691279460273 -0.0831775454360676
0.0774320270395789 -0.201344705515702 -0.135860457934227 0.0193783802568384
-0.0472757934811292 -0.18533926997917 -0.0717042325135258 0.0315744703978012
-0.0726904502319763 -0.158691773698723 -0.0051173112037654 0.0258137105866079
-0.0750060828213848 -0.149817426895114 0.0476099538511663 -0.00549146487183364
-0.00512002896027285 -0.20519922454917 0.121406267425939 -0.0065280422889762
0.128468448472035 -0.191764897403671 0.170920790685728 0.0414362652502015
0.232969071071897 -0.113759653325444 0.146341805231434 0.165213033566125
0.253647355449067 0.146515103185671 0.0063388572229164 0.203467275861355
0.052531833279546 0.333641229588711 -0.130041133266468 0.103340862885695
-0.145912358168764 0.333781452023583 -0.054480986241137 -0.00691391883983407
-0.234006439479579 0.192167706006536 0.105088460228982 -0.148067653834046
-0.137668423008583 0.311103315139202 0.245282625628293 -0.0982022177256308
0.067428977585436 0.279698005791625 0.196071845419743 -0.198108489634568
0.237407198292891 0.0817508783073861 0.0190272948147983 -0.239492755648473
0.200235205696264 -0.100742210558633 -0.0949748317461168 -0.137960625049955
0.0875348968648864 -0.186598274377287 -0.108752394425003 -0.0714621752499558
-0.037714788253933 -0.183054665728279 -0.0851937600896687 -0.0490459124200704
-0.0697370374284465 -0.154951605570248 -0.0311869843269628 -0.0362999002422675
-0.0721226081218017 -0.142331533725064 0.0216921895829662 -0.0670861184818369
-0.00626191235494963 -0.188937965599437 0.106668009853213 -0.0712558042890339
0.115381693614591 -0.177815367760567 0.182445614600538 -0.0212402639757427
0.215046776001612 -0.103551349609287 0.179638762150464 0.125639632475475
0.221622389764737 0.140048786593175 0.0453086146504717 0.179968020472011
0.0255506083217031 0.290103944586139 -0.105181965470712 0.0749952909395355
-0.145276900525944 0.272362957257164 0.00332810688505092 -0.0881168585493993
-0.190866866226333 0.106135241146936 0.204989448170119 -0.221761498473136
-0.147792205238908 0.210944435585494 0.274971835026074 -0.128319916805742
0.0119061929354574 0.221102341820821 0.230612620114996 -0.166359543691861
0.168819412332502 0.086296178736199 0.0883222412249394 -0.208050239130816
0.157078784870518 -0.0644239878378351 -0.0191818645821275 -0.172891295183832
0.0755154461455635 -0.137443239937879 -0.0807308013796142 -0.145448739346848
-0.0235727414678339 -0.145676590168079 -0.0950409673146204 -0.115889590771032
-0.0542283709151041 -0.127875383174557 -0.0530198916633461 -0.0910433232125594
-0.056166515254902 -0.118509384789872 0.000807007973382785 -0.120200237126895
-0.00065875496990968 -0.153071231327576 0.093151945342403 -0.123853983192711
0.0977848279227479 -0.141021938523452 0.189909486712534 -0.067021440848683
0.18125344766216 -0.0666159732787744 0.196422869320904 0.0979065688081816
0.157603405714402 0.136357298304778 0.0647146746747728 0.159615923994929
-0.0206155508009083 0.221221242574901 -0.0857143185584613 0.0507634722661514
-0.139977054305922 0.172872014052626 0.0557302390504966 -0.143885931501468
-0.109909026641229 0.00300360163410407 0.267832919113802 -0.266786141041766
-0.114850043768258 0.0780357657582474 0.2793934586374 -0.145454404673779
-0.0252049310251513 0.117818623337079 0.242563590035137 -0.145664466029558
0.0780111482034002 0.060362394230285 0.1225796011184 -0.184817639259191
0.0842613509416058 -0.0253369350426434 0.0210864077394302 -0.192245017011654
0.0471258571859339 -0.0684257636763092 -0.0675738803945962 -0.189069768149702
-0.00718747419556426 -0.0848461093344344 -0.099715517377544 -0.157801822489388
-0.0294207392055042 -0.0812681786458084 -0.0664472765008421 -0.129138913497067
-0.0309517297660651 -0.08022425174492 -0.010795374154018 -0.158226725233144
0.00619627385133772 -0.10161245496329 0.0875250816935245 -0.161388682261791
0.0720269226642998 -0.0907728435647293 0.201347706860181 -0.0956738932184242
0.133560039722446 -0.0228896807562784 0.207161304615768 0.0850790512045764
0.0805115480702765 0.122034766270975 0.0709529183670989 0.151872937277765
-0.0631005704366759 0.132376861373716 -0.0702537645828801 0.0374334002891749
-0.119856999631548 0.0547472293887595 0.101696961510685 -0.167422412886446
0.0598821409169142 0.0483565199558067 -0.134610420352881 0.215455693925357
0.058510993455609 -0.051107889511666 0.122212756560441 0.0288905837841966
-0.01417552800686 -0.0653470182399293 -0.0327903273976126 -0.183635017520604
-0.0572929070411128 -0.00242334201482427 -0.230236866854619 -0.123273521519659
-0.023095555324935 0.0314229950651877 -0.258367355052401 0.0958753341247267
-0.00296348419106647 0.0281471474046474 -0.111586470916503 0.218404322413552
0.00574716001575058 0.0312734627225804 0.0122010552389317 0.206947380511606
0.00475637567538732 0.0168943592034814 0.0733585867261274 0.170065560535004
-0.0126482152998133 0.0139687244196328 0.105175712462906 0.170588580004365
-0.022851056806803 -0.00571821365421155 0.0769659194484419 0.197419303936415
-0.00669341768947995 -0.0182793411236916 -0.0109538632425078 0.216124711338281
0.00764884218464636 -0.0302497378736825 -0.118376819133962 0.18220325893008
0.059148041833852 -0.00368408649124186 -0.239292781780649 0.136037605986138
0.0701070733805566 0.0570075866063294 -0.304964509289095 0.11939710527012
0.00782937413810779 0.0954274318415923 -0.299638198545598 0.254610491698054
-0.00482205062480203 0.144640038535261 -0.157931296863213 0.188827720882052
0.0684890336660665 0.0623383577627894 0.121959065448596 0.0312427532674133
0.0557300571009971 -0.0085816225916415 -0.0149711399086558 -0.19524193239544
0.0233235548172916 -0.0287353656058967 -0.229959964215115 -0.154370354754902
0.0247094994846253 -0.0292352772413442 -0.273473175253038 0.0791544154175054
0.00522005522060565 -0.0442571451723543 -0.13107267883758 0.209975216109941
-0.0200958817722249 -0.0327567158145087 -0.00473638084853601 0.201767397557597
-0.0220239867692894 -0.0425512951694476 0.0648881463416134 0.164558417668943
-0.0304087230045465 -0.052936832605301 0.104465151087826 0.154954801311461
0.00174257704114076 -0.0876159379572643 0.0980282168261617 0.178846454781389
0.0691147187933807 -0.0690956688524529 0.0315870807376534 0.211828083454588
0.103776828401283 -0.0205896649345769 -0.0710791555672683 0.206047158123877
0.109264586164316 0.0931513962139966 -0.200118389302813 0.167029674217449
0.0295509653471159 0.190525039045732 -0.263467778295634 0.131049759276742
-0.0784053131958276 0.204553969931425 -0.256820016192249 0.226890399339264
-0.0873526772662532 0.217120420837262 -0.146918474048251 0.129712297167359
0.0458388351579307 0.186249312731072 0.13638748260888 0.0183430615058311
0.11322070133357 0.0798924548983646 0.0233957129864327 -0.214067172055466
0.118721775149151 -0.032070425818652 -0.207860814482688 -0.197362452248761
0.0861681522862569 -0.0842519557020194 -0.273694956890231 0.0401998235017521
0.0240636639106939 -0.117133318409643 -0.146926092057289 0.172593449251385
-0.0396127096599318 -0.0980787721871249 -0.0284235232068732 0.16877297103968
-0.0457757142702305 -0.0965962098539856 0.0463684396082051 0.135224912828054
-0.0500887293824915 -0.105024097203934 0.09375440857974 0.114961435522156
0.00936282935538348 -0.154236584895667 0.11992988080846 0.129846205661052
0.116329002428637 -0.127510461878579 0.0903425596860579 0.17781377300546
0.18181526365966 -0.0483471638435172 0.00547735798655884 0.219137437587739
0.180459269149723 0.146237556799129 -0.135792084565684 0.200992546477416
0.0300705034587013 0.29126420534163 -0.214427852339999 0.135486653674366
-0.128061683380953 0.292473700549883 -0.190988373984937 0.16793551653608
-0.170100194067267 0.253785443085491 -0.0942113111598998 0.0442539759490124
-0.0109624050169584 0.292456351642403 0.166002377866277 -0.0117024511074292
0.139451783073422 0.184108045636546 0.080924294438027 -0.226169637472453
0.207125737955797 -0.00471176054593142 -0.152199461722953 -0.236877415725842
0.151288906055559 -0.120140850697301 -0.243616445830843 -0.0194909137517999
0.052095422673335 -0.175656128588355 -0.151463596926708 0.105704586932449
-0.0488005638478979 -0.152668493015638 -0.052571992989816 0.109449988093416
-0.0637139501626984 -0.136992689072243 0.0221105851747573 0.0861770996917871
-0.0658229488376382 -0.137357077923167 0.0743859141772376 0.0590122383374119
0.00303410040732299 -0.194588555009556 0.129662574792671 0.0639463937997715
0.131494381192137 -0.174178871700384 0.141333530914298 0.11545973933761
0.223895624126097 -0.0897257797795449 0.0861803245054235 0.203794245397343
0.238836516428891 0.15637070861552 -0.0608898006648257 0.214444584110972
0.0488180632339669 0.339476061038849 -0.167602560763762 0.12517008331039
-0.146469951355131 0.33861260551564 -0.120823288289935 0.0858595667972612
-0.228358509420041 0.244101285234513 -0.00282633902552907 -0.0549903288949096
-0.0836380773989835 0.341005755998543 0.206434214032874 -0.0534633431630682
0.119100348237062 0.2658813229579 0.144840189744278 -0.219419609793325
0.25326178859125 0.0439337691117295 -0.0670119737203262 -0.254199759869473
0.196875988071927 -0.123181374546943 -0.177191811117281 -0.0868091508766904
0.077394843909227 -0.200775377977699 -0.137324012668056 0.0175247320727073
-0.0469583692447069 -0.183855209253763 -0.0732988001513633 0.0321721553144331
-0.0727229645939715 -0.157213795234352 -0.00478969335669702 0.0253651547635226
-0.0740702107783633 -0.148584019157591 0.0488432635274187 -0.00435992657603304
-0.00482322195309747 -0.204404545584539 0.123434951252658 -0.00697450697890042
0.126891820733589 -0.192127480119801 0.171133149769565 0.0433226062526056
0.230397394330308 -0.113016813091853 0.146501670751452 0.165626778225834
0.251763812276803 0.14719860192381 0.00166157483729603 0.201860356053852
0.0515589302773111 0.333774102909175 -0.131597267694266 0.100638003122134
-0.150230612698665 0.3289495403066 -0.05544194127271 -0.00514395503276805
-0.23724495400123 0.189146840368193 0.107233219210092 -0.147526021721913
-0.13867891373984 0.308164592752712 0.247960953071163 -0.094512150736253
0.0641010277667207 0.279847892256297 0.200328140297288 -0.193937048002528
0.235702488726743 0.0832052281659624 0.0233598131860219 -0.238943513118206
0.200480965495761 -0.0991705187578968 -0.0912978518075354 -0.140452515027823
0.0876951315904032 -0.185507590893045 -0.109712726118094 -0.0733729738042125
-0.0374442691094875 -0.180986639866842 -0.0877072122740934 -0.0476132313095837
-0.0696017646255814 -0.154140942967132 -0.0305701877353103 -0.0361196112532998
-0.0707823455195534 -0.141224341853674 0.0222736125932534 -0.0656941315825771
-0.00522588893285574 -0.188071958189679 0.107986977975026 -0.0715535361495905
0.113919276134122 -0.177835014872433 0.183158596683922 -0.0193614811942052
0.211886600618101 -0.101355373493408 0.179796994197622 0.126081396528016
0.21996485580661 0.140636280512181 0.0412241880859542 0.179696179615757
0.0239941159677239 0.290084795880697 -0.106742766131555 0.0735365805422939
-0.148853793732877 0.268931299954004 0.00250092373089435 -0.0854380400934527
-0.192873816147936 0.103937124933296 0.207468535042321 -0.219336008611908
-0.148628965693056 0.208455812500119 0.277330836254331 -0.123413893528583
0.0107256686796896 0.220340754413866 0.233843282801172 -0.162202306838985
0.167567641318796 0.087119876994083 0.0923125928117729 -0.205658898375911
0.156854325786344 -0.0634986725490596 -0.0150393768776621 -0.174483974433829
0.0757975860678734 -0.137172724172394 -0.0829476438424689 -0.145663327773191
-0.0230794111031071 -0.14440755507906 -0.0968943141416669 -0.114048684219697
-0.054334471866934 -0.12704572314282 -0.0527273359457686 -0.0904572699482537
-0.0548732440941723 -0.117810172594799 0.00151161212837475 -0.118409443049278
4.03767402270203E-05 -0.151668315306589 0.0940844079885966 -0.123435608456881
0.0970648944383936 -0.14025244453468 0.18999896528546 -0.0659370371415739
0.178441020982834 -0.0650861905854908 0.196777208503164 0.098281395871989
0.156313802885007 0.136800787676872 0.0611474296351866 0.15891887278185
-0.0225359938953088 0.220331507478981 -0.0867801264136773 0.0505803890693887
-0.142212498969882 0.170400339294374 0.0547985915091131 -0.14112556964269
-0.111010611691846 0.00166040977522973 0.270984293267199 -0.262508561947506
-0.115018822461771 0.0760096249671806 0.281260968355387 -0.140960043302454
-0.0251457919408466 0.116973711261803 0.244884953941951 -0.141761219368931
0.0776572675855854 0.0603331449900759 0.127163086391927 -0.181730612971312
0.0841146749061923 -0.0250866220656094 0.0247203560564358 -0.193637614474885
0.0485669060075236 -0.067859688522523 -0.0691029574929812 -0.18977517275935
-0.00660510213896653 -0.0842787720073769 -0.102068754221 -0.155942307401782
-0.0295571001702716 -0.0809784287670195 -0.0662530847924574 -0.128360156472086
-0.0304691390412394 -0.079390753213692 -0.00956380130470458 -0.156618541684354
0.00642901125732165 -0.101167246843585 0.0891573581740549 -0.160533726101265
0.072114358208401 -0.0900793131414817 0.201654766913988 -0.0938529253014426
0.131635049455282 -0.022145300298302 0.207677599055096 0.0854381806382335
0.0796223336719578 0.121918440296003 0.0676768439670243 0.151157351988487
-0.0644783602341479 0.131553156442054 -0.0716290001086851 0.0380086499400829
-0.120643321220159 0.0529951544567558 0.100283325376816 -0.16422951879438
0.0784791312432291 0.00785122050162075 0.0266067563222614 0.251450076017925
0.0174359929653332 -0.0748073425341028 0.118854073214875 -0.0568476359795646
-0.0513919326532819 -0.0454867207456961 -0.138249247684806 -0.132452312102536
-0.0484805618340873 0.0323268412973938 -0.265819085544569 0.0417842542026429
-3.47611539155916E-05 0.0393395559097402 -0.150736305761383 0.235626719343726
0.0146354830105039 0.0239066604995676 0.0421993438356646 0.244197458823545
0.0247651652206189 0.020071028655081 0.13764366486246 0.158628587423094
0.0142290040425364 0.0110155348204333 0.162848332645845 0.0910112768606155
-0.000506475218111129 0.0188694469850779 0.190865897986318 0.0703409837087659
-0.0214094760451869 0.00909320401123565 0.186075899765923 0.113151230298821
-0.015757773993126 -0.0095140925837548 0.12529866935575 0.181880693408112
-0.010960708731903 -0.0280192863886042 0.0129247984864602 0.221990280047961
0.0471453740067602 -0.0379378288685831 -0.110973210661467 0.260711911033621
0.0911734025309059 0.00648305976720312 -0.175138666500674 0.291620763842489
0.0628924695134259 0.0804858871005705 -0.0914544938105673 0.394022193730496
0.0775396105727574 0.124671356598763 -0.0022829921249169 0.247283088887903
0.0902362801412185 0.00975233416141044 0.123600895454959 -0.0510666782890861
0.0382392356179973 -0.0397619278091479 -0.126363380773643 -0.154342993424014
7.3954941936601E-05 -0.0342278856490467 -0.28353574597721 0.0119660051121693
0.00326216532688401 -0.0363211201347629 -0.174006862197306 0.229116038871484
-0.0219341073462234 -0.0381822504242425 0.0217726671867598 0.246885645180142
-0.0346043530686663 -0.0146360134063332 0.120462946661584 0.166075188128014
-0.0442473609803066 -0.0212152823801379 0.153144011823531 0.0925146178921118
-0.0564997310787248 -0.024576377899402 0.181943734910866 0.0587015663260438
-0.0527072563281927 -0.0729872867736743 0.191437447891226 0.0841919050586604
0.0143832317985373 -0.0997226136618009 0.155587059638867 0.152583692182477
0.0752546924747216 -0.0789466247657775 0.0662347454011544 0.211871866081973
0.152305955606549 0.0129654474346885 -0.0612989358903655 0.260891423062397
0.143596618559025 0.143229908623943 -0.13689772727277 0.273149869627385
0.0601437948728587 0.226264810702377 -0.0750193439951558 0.341372197579745
0.0488532994983764 0.232034321143909 -0.0235357225675003 0.197719339627562
0.141728118324767 0.121223254686709 0.130881005446694 -0.0666128481031782
0.136065271305806 -0.000511013375268022 -0.100777650921665 -0.193145705317413
0.0742037921377488 -0.0908247186224504 -0.288609342858672 -0.0412243804782241
0.0202782895987197 -0.116961943433226 -0.197524142464141 0.19457428197479
-0.049225207206827 -0.108257897397044 -0.0145512025948142 0.225006631944355
-0.0891657405927436 -0.0548299939106462 0.0793542595038028 0.15415153283434
-0.0971992912780744 -0.0499155453483698 0.121115135836844 0.079844230922936
-0.103871575731192 -0.0554342305348472 0.149544277703831 0.0330864706460055
-0.088184945839429 -0.131930364745573 0.179963127322762 0.0310628211865129
0.0164368551898226 -0.178062601580343 0.181598314544607 0.0882837412271894
0.123189683433184 -0.149652430647171 0.137344989931114 0.175443720865819
0.246858825179268 0.0121370483555382 0.0103525455379943 0.247855839064971
0.209058402694767 0.226362185472784 -0.0973009622608939 0.247095922089718
0.0739880953783964 0.329954868248046 -0.0598096333240187 0.247287295006146
0.000367950436866337 0.308701098572349 -0.0298916491587327 0.100930357573273
0.15721304340543 0.238121326680368 0.138830309002894 -0.103236234782635
0.218539251903887 0.068514620947203 -0.0557545109395923 -0.235479647877791
0.160481848855316 -0.119795878906523 -0.263268654951419 -0.110269952668127
0.0524895531293666 -0.183605649196939 -0.209605732105446 0.125129115733454
-0.0618458735060238 -0.171637364287183 -0.0596540227191326 0.172199573927374
-0.129387105742435 -0.0922612163747495 0.0213660853928851 0.121467451715107
-0.135913879552811 -0.0713786922466971 0.0719717816565967 0.0554071087321867
-0.137630112078696 -0.0717255458101996 0.100148900773191 2.56129042309561E-05
-0.118174082161248 -0.160823668064942 0.146382271264278 -0.0290479580492791
-0.000131785090168811 -0.225690806441247 0.184996076878833 0.00659936389366958
0.131678811916766 -0.211535832992297 0.193289382172481 0.112799115076062
0.303488260585945 -0.0169485312261068 0.0783416946480708 0.212174749432574
0.255280382901059 0.252937909707314 -0.0681213030207622 0.21056899766861
0.0883452728641143 0.379666842528354 -0.0558940702518346 0.133641433538016
-0.0537327634820825 0.33234925629725 -0.0161830049142857 -0.0303096595601077
0.127225599320958 0.318457509139989 0.144772673909272 -0.157638632962741
0.249668877658098 0.145557912970444 0.00407315392569856 -0.266115349981165
0.225819352934863 -0.107273408208498 -0.200293910014673 -0.17669493958561
0.0864916560218472 -0.212920548513832 -0.196135343598892 0.0296733701822058
-0.0569128310545161 -0.20673120343927 -0.101972508541314 0.0920478509615886
-0.146296794931048 -0.116376904722347 -0.0433520561187245 0.0718601784203225
-0.155366728940849 -0.0818826195964816 0.0128540903083777 0.0232804220642505
-0.151412536735381 -0.0757785760683006 0.0403600041809497 -0.0347794599616912
-0.13022956800165 -0.163992891240886 0.0975788631494167 -0.0831612753124408
-0.0156534461461821 -0.238743243223794 0.163399126638732 -0.0691179769627795
0.122589241125564 -0.234460524900232 0.218692341229936 0.0446288181456471
0.310080304911018 -0.0345738137110574 0.12215687946342 0.162624173274942
0.25424376605396 0.248110269405613 -0.0542478830019838 0.168283196987483
0.0816772324461466 0.371666278635773 -0.059068137178799 0.0178831158521704
-0.092229357549849 0.291291087797769 0.0139200194271077 -0.170677436323569
0.0639070784291521 0.323503493458798 0.151090499856469 -0.21437690331338
0.214081625206014 0.188590950852548 0.0643089415903728 -0.275674537237854
0.234801662721327 -0.0666595120079991 -0.115018055210577 -0.217408963016824
0.102429269610922 -0.195610930541356 -0.158275194047069 -0.0661488622612129
-0.0401144999176082 -0.20110191067403 -0.134963264372597 0.00291767777721279
-0.13765502799241 -0.120593304102904 -0.104151185484138 0.0165748926313227
-0.151100082987538 -0.0808944175394334 -0.0462031429723812 -0.0101415932272712
-0.144786846373091 -0.0721876397389132 -0.0190285599396704 -0.0681079354967378
-0.121092929050875 -0.150072084998034 0.045575824191806 -0.125864170122318
-0.0171736366851992 -0.21899150311436 0.134039126205117 -0.128123111928523
0.114437834222354 -0.214447129606958 0.222550232191245 -0.00841791336795911
0.27769571869716 -0.020159585403607 0.140400026456831 0.118796092744398
0.20265793289228 0.227880427714246 -0.0496640048459744 0.129487826565819
0.0447754521795741 0.318264089159089 -0.0600360122188166 -0.0825363767667377
-0.10354664781901 0.193806461533804 0.0450285430197949 -0.291044978120869
-0.00137908860129208 0.249078305123441 0.153026062685265 -0.257049348565711
0.136583817391082 0.171222605356358 0.106348915895388 -0.268760994093948
0.18259294172214 -0.025845208573707 -0.0386780013595235 -0.229882499620134
0.087814828151185 -0.141927216096993 -0.117071778215799 -0.138166914560284
-0.0202557670419614 -0.155148881190958 -0.15692713643937 -0.0708025726296287
-0.105423789940046 -0.0996522797934262 -0.152509442142699 -0.0308788422264213
-0.121931340258543 -0.068640347978721 -0.0965758591200494 -0.0404129172963014
-0.117709918812574 -0.0625032031184376 -0.0687341035700946 -0.0966234152417087
-0.0948005209954167 -0.123967067589504 0.00292439354662848 -0.1592183507973
-0.00736926635982531 -0.177518629728689 0.111869585037617 -0.168839679926782
0.109108746710534 -0.163954258099994 0.219406996448182 -0.0415823669038372
0.221136804855894 0.0171183685200967 0.144467771836832 0.0900702932294484
0.119542346270835 0.199035613822437 -0.0456694342806927 0.0972725271597947
-0.0112259671732942 0.231599325499305 -0.0482650843262105 -0.158007550632739
-0.0915288432240118 0.062517807280787 0.0618826051310377 -0.36970086389638
-0.0497661804632953 0.124067961257591 0.142696241642722 -0.276462546308157
0.0475811848155703 0.106783127014606 0.122041714788624 -0.258706325489309
0.0958145151505444 0.00291810735306383 0.000674809913998962 -0.228596706439674
0.0516043037073853 -0.0688075752243807 -0.0951371844227386 -0.175382947795885
-0.00128118199995034 -0.0830370384769283 -0.17228423438637 -0.111666706002649
-0.0559571012496382 -0.0621894791794161 -0.181834671686647 -0.0617400203381986
-0.0741618576251666 -0.0472470399692456 -0.131644731367551 -0.0623117952586449
-0.0742197777284766 -0.0471318291711089 -0.101999336470243 -0.120280313401555
-0.0584943462660173 -0.0871941644607168 -0.0242555101383381 -0.184980551383344
0.00348720535422094 -0.120088459673285 0.103614068406098 -0.198912757606233
0.0974695551147014 -0.0994709128902403 0.220452684417253 -0.0582718976325046
0.147244010749633 0.0531960698857329 0.14550872808802 0.0796907734683948
0.0287265813688908 0.151585612499362 -0.0390702069525488 0.0754465774768719
-0.0667448510137698 0.118750154045287 -0.0218160348587233 -0.202338921767945
0.0815957323204859 0.00573247426223155 0.0370545466810654 0.257051097059173
0.0152584140962132 -0.0771903389012179 0.12223410601611 -0.0648799363811057
-0.0541646478159038 -0.0446491629667149 -0.144450053142778 -0.132818413732364
-0.0484765899023026 0.0354428873216778 -0.270719312413479 0.0499825541729048
0.000881889797520304 0.0410548640164797 -0.148489162792883 0.24854708750338
0.0153283802408893 0.0247230816323731 0.0514891881100278 0.248417859765512
0.0253933949761631 0.0187328301876093 0.145834147556768 0.155262537821495
0.0142056545888453 0.0104166421793354 0.17017900585372 0.0861854779054048
0.000217892001264219 0.0190126448160704 0.198636996364488 0.0629721524725765
-0.0216565509526418 0.00994119925214508 0.195978532872889 0.109503408855339
-0.016403375398785 -0.00923716942626233 0.134922232922309 0.183778529234971
-0.0119809546085876 -0.0281105964326032 0.0163458507788499 0.227707528206089
0.0472339454172009 -0.040630314669383 -0.109501625349423 0.271573201789452
0.0928220865296604 0.00349590569550763 -0.172083455017324 0.302053960027615
0.0662829820701656 0.0833434079171217 -0.0832773730694966 0.404721171222222
0.0832499167610269 0.126098020657676 0.00673897277476444 0.254315276006276
0.0926962834533912 0.00684885515932859 0.1272814331434 -0.0592676846703671
0.0374446664800997 -0.041479905941899 -0.132315952314856 -0.155640559212477
-0.00153989113416526 -0.0340244322281387 -0.290787136146717 0.0210483812422738
0.00147393491701407 -0.0372542401507888 -0.172102383054903 0.241714272567825
-0.0240898398874918 -0.0383382298016131 0.0300555409791406 0.252331771913715
-0.0355558134361812 -0.0138120405629629 0.128825015120088 0.163769897604458
-0.0468256878310296 -0.0203871837681918 0.16073949903603 0.0876627354711282
-0.0583900810193395 -0.0224754940969683 0.18936457208056 0.0511807379589756
-0.0568246722832436 -0.0727317164409684 0.200571249798002 0.0786718582913721
0.0108972060335147 -0.103320978578175 0.166850576195358 0.152145543430435
0.074355409546701 -0.0827031936655748 0.0719306246854273 0.215995735187743
0.156539230874557 0.00733871077383822 -0.05909839780089 0.271004857623058
0.150721499381853 0.141979760212182 -0.134115485936999 0.283190180416816
0.06504920528361 0.232634638054704 -0.0671849152252273 0.3486044928891
0.0566138293815096 0.237321051087287 -0.0176502943844195 0.203004056948013
0.149021151947779 0.119498549865144 0.134249839634222 -0.0748658309154848
0.139004743857618 -0.00409025658926795 -0.106158988418716 -0.196646207311796
0.0723994918376784 -0.0943643989750068 -0.297371658897319 -0.0328397897093286
0.015890376764552 -0.120357049312237 -0.19816061595177 0.206089802135638
-0.05497782792579 -0.108704025702481 -0.00848799952935437 0.230518070074944
-0.0924710401721048 -0.0523468832848197 0.0868952237173138 0.154203767169611
-0.101055573173966 -0.0472315786442366 0.126830725690682 0.0760985138520394
-0.108407661698293 -0.052395526532445 0.156522732056643 0.026631891148049
-0.0954869442984347 -0.131707083308912 0.185595464988193 0.0241565536811095
0.00932269111439604 -0.183218430484266 0.191707115115321 0.0850566820825372
0.119994671034707 -0.156816226233988 0.144786988159501 0.175460728408834
0.253850433320182 0.00398907546414126 0.0148650619509644 0.256349697192852
0.221711215899913 0.225097748600743 -0.0948001023892209 0.255774292018309
0.0817612950133784 0.338080712139703 -0.0534746432555341 0.255017691141208
0.0081225653128995 0.31859497615238 -0.0276004059866369 0.104206468196297
0.168506070901856 0.238526532581798 0.141012903738496 -0.112300195801058
0.225890358299572 0.0650369252216267 -0.060490245261254 -0.241427008082825
0.16051831466073 -0.127362963280652 -0.273709516377076 -0.106118736756437
0.0465722150225233 -0.18967148061633 -0.212539652757457 0.133737549036639
-0.0703919114270233 -0.173464073813099 -0.0567569927140393 0.178171911103302
-0.134810549765598 -0.0883629904134774 0.0264317298094088 0.124157364200681
-0.141433196167841 -0.067463871492176 0.0755409864024951 0.0529709206864972
-0.142432756992337 -0.0672681819838425 0.104477298271761 -0.00530637592497782
-0.127481047403406 -0.160186694875606 0.14970451717243 -0.0375205734786507
-0.00998244806842208 -0.231953875670339 0.191734877118755 0.00078956713924613
0.127617730470233 -0.219915400130095 0.20190479474478 0.108542665129486
0.310240558427225 -0.0278784066433983 0.0840578378186621 0.217183434535498
0.270449985102556 0.252290084195964 -0.065438461565918 0.217107493889173
0.0982884821838216 0.388043887618295 -0.0521993981350476 0.138988105198433
-0.0470076719602824 0.3441340569889 -0.0167725272921303 -0.0318942878643241
0.140259270997034 0.322123892421039 0.145261684798961 -0.167275986778842
0.259954330364494 0.142852763593071 0.000234871747097283 -0.274288146968873
0.227529645404937 -0.116504906887787 -0.21021530838452 -0.176456894880456
0.0807994398151653 -0.221648393360608 -0.200865126391675 0.0340293974560223
-0.0662451620273495 -0.210286590676134 -0.102928043666913 0.0978976780143638
-0.153650314910651 -0.113245665227887 -0.0418016763283613 0.0779160913813853
-0.161980909583517 -0.0772027450779774 0.0137331492363114 0.0221924459757258
-0.156955665359851 -0.071365174611991 0.0425859297986521 -0.0379880455833036
-0.139719458453044 -0.162856154405137 0.0975001341172324 -0.0914559359764909
-0.025090252740281 -0.243363082637813 0.167395414294904 -0.0763974238071191
0.116715995651966 -0.242143790469246 0.226324120458573 0.037539890008338
0.316981185816384 -0.0459114862368377 0.127144004392876 0.165132327034323
0.269219987869763 0.24568052758122 -0.0526682366165171 0.174627477289234
0.089792427426493 0.379738073559035 -0.0592830912478031 0.0217273378593895
-0.0876017743719223 0.302966523385297 0.00956006822525294 -0.176633720219105
0.0752196889205401 0.330299492142653 0.149833378587477 -0.224063761766183
0.225677285672299 0.186996281806126 0.0608300791676278 -0.28511481722201
0.237981413329503 -0.0757784642661527 -0.123006907384718 -0.221156342611974
0.0979985296010078 -0.20459846328877 -0.164541316346087 -0.0658048164966788
-0.0486426826324344 -0.205113152139675 -0.140085991100782 0.00865655833725022
-0.144420852031798 -0.116583832770701 -0.106671385151919 0.0238891193689823
-0.157223412576498 -0.0760683590164469 -0.0478548039249461 -0.0090937952900504
-0.149636622552849 -0.0676159660316437 -0.0202282577319767 -0.0696383028626716
-0.129539031434507 -0.148969465965878 0.0426062948436575 -0.13262467647845
-0.026389978086599 -0.222881820359862 0.135085715146631 -0.134798727475253
0.109001700688357 -0.221206273384323 0.228231619667048 -0.017327084340807
0.283860431698877 -0.0297786671155464 0.14498341012053 0.119371214898483
0.215403538945045 0.227023691433443 -0.0488789390703807 0.134923242513653
0.0512842130952349 0.325903258936772 -0.0632788920425494 -0.0806334036637
-0.101308047425184 0.203188815006543 0.0387669370850911 -0.300589791013917
0.00624877184583028 0.255650707461594 0.150498684169842 -0.266505499905927
0.145203574709333 0.170828048161038 0.104381740834189 -0.2781044611406
0.185949706871056 -0.0323212402750506 -0.044126718158494 -0.235728284631347
0.0843313735178827 -0.148620571515221 -0.123598043342762 -0.141039275753419
-0.0268296635624333 -0.158973861034517 -0.165299214404773 -0.0661149890135393
-0.11073386594782 -0.097555361111405 -0.157278903782569 -0.0231671749886159
-0.126898898445677 -0.0646536496550132 -0.100255615371869 -0.0374171074700376
-0.121936103623053 -0.0590848241584205 -0.0721585225192824 -0.0974780544192344
-0.101630692340351 -0.123591179135359 -0.00247103356679669 -0.164184229081766
-0.0138819227857401 -0.180521899283389 0.110401659369444 -0.176435812498336
0.105093587527648 -0.169854971299498 0.22409350214898 -0.0500475738728615
0.226651395309872 0.00985891722328891 0.148472154844399 0.0894546992852871
0.129283534513982 0.200348183731709 -0.0458126900709083 0.10162520111643
-0.00755542288547701 0.23801242152295 -0.0537647072961365 -0.157855303375537
-0.0931344440291385 0.0674718734839093 0.0544324228862646 -0.381515985221744
-0.047126680786527 0.128771482130726 0.13915479217845 -0.286701533151804
0.0519050832893684 0.107140284520878 0.12002696737766 -0.268611232124217
0.0979196632586233 -0.000997063240061361 -0.00245707880293681 -0.236375413355629
0.0502305729236399 -0.0727259665564327 -0.102941048063892 -0.179584131205268
-0.00446523143493198 -0.0861724992683819 -0.181646385281605 -0.107432451854159
-0.059506542483763 -0.0610506424719343 -0.188138590842076 -0.0535965750356753
-0.077148217713165 -0.0447320686804332 -0.136220906660497 -0.0584326487466256
-0.0774447235880114 -0.045077579469928 -0.107354043665638 -0.119935100956069
-0.0628063505432543 -0.0871115107829528 -0.0306400712365751 -0.189538095003278
0.000376933331970026 -0.122626463280057 0.101259927665322 -0.206469274495892
0.0958248203970258 -0.104346531445542 0.224327105037903 -0.0669970819986467
0.15229070303843 0.0498572000126835 0.150569096202534 0.0779717863935492
0.0338211182621237 0.155219698295052 -0.0386064264087322 0.0802757340490415
-0.0654971156274279 0.123688587450817 -0.0281470183502512 -0.203821068586522
0.0833577785518825 0.000805855853046782 0.0529736448503864 0.257462957934959
0.0103056319712112 -0.0787384542599218 0.121769445139201 -0.0761235362995101
-0.0572087216558089 -0.0424127489239285 -0.152294596728611 -0.128159688040097
-0.0468461196404828 0.0391104302718639 -0.271171179037798 0.0652756933441449
0.00324251741007217 0.0424756014175716 -0.136005835356186 0.260998079560239
0.0171858641128934 0.0243536267947529 0.0654006590977917 0.246330831561276
0.0270661675612031 0.0168093384213992 0.154420048993716 0.146000150439732
0.0140512206344883 0.00987955722886514 0.176231699261801 0.075994669728479
0.00161708488306557 0.0188510546104111 0.204195325679017 0.0497803075136518
-0.0213596668237249 0.0117748252239501 0.205459028176245 0.0986908804916591
-0.0173566563775259 -0.00891450319242076 0.147421087846342 0.179047692259141
-0.0132743587746586 -0.0271033344969417 0.0253057554009397 0.231038407361611
0.0454058669480268 -0.0450500733171682 -0.0990778783167869 0.282716621334669
0.0924202901821772 -0.00135822555538432 -0.159597971157147 0.311731420627025
0.0712170064846989 0.0830811779252664 -0.0666249006037203 0.410539988663063
0.0907503837786496 0.123608559867642 0.021382425699419 0.255904879413629
0.0929450559762662 0.0015381879058708 0.127797497346891 -0.070624596078039
0.0354955702038543 -0.043238540598572 -0.139860862325981 -0.151899450473227
-0.00387542553843409 -0.0331935714022399 -0.292124052361417 0.0364369481540028
-0.00123257405251473 -0.0369895797158075 -0.160856754699432 0.255265661382729
-0.0271891624997147 -0.0365023962208457 0.0438173446988074 0.252651227349597
-0.0362743917716596 -0.0122491377370423 0.139189571428393 0.156608984364623
-0.0488543487993016 -0.0169252479384889 0.166502180542915 0.0774360187975729
-0.0603503615942524 -0.0193561963000302 0.194320817188316 0.0382884321622367
-0.0622277775533911 -0.0701152853530922 0.208003957435868 0.0670205763562939
0.00406936391458062 -0.105084246110572 0.178227721576714 0.14528307929791
0.0701229007800284 -0.0870922998801836 0.0818850304118795 0.214417058883108
0.158177412343682 -0.00157812534431683 -0.0480062899539277 0.279531746747828
0.15871593563129 0.134955634916673 -0.122204431683182 0.29124726292827
0.0771578451360561 0.234194117207578 -0.0505323538124203 0.354205063239762
0.069443472909134 0.238691857564275 -0.00659290838326567 0.205342398111486
0.156721926065875 0.112398466772012 0.133767137127436 -0.0855282471151268
0.140338971699208 -0.0109205692191145 -0.114554224745694 -0.194213850354411
0.0671232481797197 -0.0980675311214227 -0.30223822100898 -0.0178680222325416
0.00885530320836835 -0.122036180798089 -0.189561735289439 0.219284141451418
-0.0630249921146711 -0.105638620058402 0.00369255187992486 0.233279335278268
-0.0953302334906957 -0.0470000953277507 0.0964512056478136 0.150889454842455
-0.105075848448401 -0.0417989949491384 0.132508156818666 0.0681064624016692
-0.112041622217936 -0.0452635817627533 0.160402253657562 0.0148177461163643
-0.104885730026229 -0.126704075192886 0.189595274866401 0.011606580711736
-0.00228762209412001 -0.18512275144441 0.200657022835938 0.0755363643777495
0.112281569992996 -0.163813803160155 0.153760705348426 0.16937432814952
0.255938039608878 -0.0106470928100781 0.0256985252548517 0.260174761999569
0.235337112356529 0.214895838821036 -0.0842533888608122 0.262192136455918
0.0976565220577892 0.339402011959009 -0.0405448055557513 0.258823538363249
0.023927002446178 0.323493549656925 -0.0216303352494242 0.105672802306314
0.183580338060847 0.231513116567437 0.138141134872685 -0.123046104349882
0.231556436579661 0.0541755296008388 -0.0699889246298259 -0.242358927916786
0.154710624925736 -0.135815111669094 -0.282619545061985 -0.0933365876752685
0.0354069732461491 -0.193901493998421 -0.207947766290007 0.145713614586725
-0.0816795134622125 -0.170071567986062 -0.0485480228031493 0.183622544879909
-0.140152467504648 -0.0800943654092965 0.0345077375193174 0.125370708925932
-0.146836069001581 -0.0588952203708669 0.0793784203739467 0.0484552805560636
-0.147100944385712 -0.0583037483698462 0.106384300330487 -0.0138177714779023
-0.138339855625748 -0.15392451521592 0.14837915826874 -0.0478951521619388
-0.0250481047909083 -0.233180600798684 0.195857023015427 -0.00947328280596529
0.115211708180058 -0.227878339319947 0.208336502979617 0.0971031787682132
0.311101286456578 -0.0461155107474167 0.0939934655808705 0.216670939647686
0.287086085103914 0.239949802809956 -0.0570378676162123 0.222673076457558
0.115551414764652 0.388635565385778 -0.0454339477700818 0.143279667760624
-0.0304243365358993 0.35245432597318 -0.0185320435932025 -0.0319592782298995
0.159662975117957 0.317977357005098 0.139202070313921 -0.177484524203828
0.270155550486178 0.131076879500072 -0.0100810727968611 -0.277794304862896
0.223259793413471 -0.129872616055609 -0.22050880298265 -0.168530999535163
0.0677498375099965 -0.228216990468977 -0.201625749498014 0.0437438650511524
-0.0798527255764948 -0.207765032322062 -0.10013786074795 0.105189655606758
-0.16046291293012 -0.10371684401471 -0.0371881455433888 0.0831894218221577
-0.167920576777454 -0.0674549064789586 0.0157857692435567 0.021885229095399
-0.161367132843828 -0.0618502928378408 0.0418206090112866 -0.0425580832858417
-0.150350163600806 -0.155889084982035 0.0921430313506979 -0.0995949234620855
-0.041125175592935 -0.243887455549919 0.166783000735101 -0.0867700267461793
0.102829370295666 -0.249407902749372 0.230121892793684 0.0243870322221328
0.31694591406273 -0.0645221033619236 0.134935665074097 0.161954349932702
0.285530232078787 0.23306804740567 -0.0461198940953458 0.178735804374791
0.107697653890237 0.380407367500567 -0.0582022583710558 0.0256131444761124
-0.0730903966022078 0.312081004017706 0.00111515485396005 -0.179816433825946
0.0935498924977186 0.327044018304809 0.140161210588452 -0.23395457737954
0.238272494723838 0.177604336151357 0.050560663400295 -0.290900797456644
0.235544883546606 -0.0895791851783134 -0.13421171669287 -0.218737252857316
0.0855582107867395 -0.212090084047026 -0.169656431717069 -0.0604718168836501
-0.0616984094151566 -0.204486256699205 -0.141901583549933 0.0161795465062626
-0.151456699339855 -0.108192003284843 -0.105244032754827 0.0331334313260327
-0.16229241286731 -0.0661369195066263 -0.0483289313645093 -0.0069019907941653
-0.153424872524046 -0.0584829486922619 -0.0230235510053964 -0.0698073153368379
-0.139174235934213 -0.142122817295865 0.0348318691889406 -0.137481595329978
-0.0395738943552282 -0.222852694856965 0.130657390593 -0.143334223474337
0.097012329896233 -0.227163096089671 0.230118225850471 -0.0312288040035006
0.284159451836933 -0.04629567556051 0.150855374744996 0.114610491794387
0.229716422733783 0.217862658397922 -0.0441124195081987 0.1385684931767
0.0661269169261398 0.326918643770466 -0.0676857300185878 -0.0764131519250758
-0.0927503549083603 0.211926993162401 0.0242179289815003 -0.306588601306393
0.0199008507466936 0.257468811669961 0.1390413943036 -0.275861858972134
0.155442815154846 0.164621809226053 0.0944046454902683 -0.28662927021106
0.185204662153941 -0.0430451112211381 -0.0541593564993695 -0.238082229639146
0.0754786034846113 -0.155198166149909 -0.132909131310559 -0.138905742507226
-0.0371329456458248 -0.159729595226665 -0.1711489343407 -0.0568266632263661
-0.116428363405378 -0.0913051033451849 -0.158966227186645 -0.0110692660715075
-0.131344612041598 -0.0572315853547777 -0.102962051149228 -0.031359716332449
-0.125489443572685 -0.0524190321849532 -0.077739967582958 -0.0949617483108715
-0.109310768446739 -0.118145875932911 -0.0117381019612989 -0.166350470886956
-0.024326754548393 -0.180967033540384 0.10423202790844 -0.184247938040943
0.0962924075199099 -0.175851560827487 0.223810376461504 -0.0639642520090789
0.228913173704314 -0.00328599276340279 0.152985417623568 0.0838152017225275
0.141204932697621 0.195574501285064 -0.0418895994737821 0.105827120146606
0.00273927301485282 0.240233519168097 -0.061352646091859 -0.154200789947381
-0.0905103861216117 0.0738267847349439 0.0364375634191686 -0.388630706223904
-0.0406441469248951 0.132315658507122 0.126970788812106 -0.293261744370247
0.0580736050110186 0.10465283016977 0.109060417285381 -0.277606360258177
0.0980473715512325 -0.00686330643173971 -0.0118659654940843 -0.240292900183166
0.0454178478056892 -0.0759901640873406 -0.113604567183076 -0.179996682175881
-0.00954132426879507 -0.0869337410282953 -0.190860227528052 -0.096974192155142
-0.0625699646361759 -0.058241426571865 -0.191770136072098 -0.039497187020062
-0.0803462760612024 -0.0398889892883064 -0.13991869812611 -0.0508236685185691
-0.0804277533972812 -0.0409520911263193 -0.11501427404799 -0.115307325576965
-0.068107921201947 -0.0846394970517789 -0.0408224649016062 -0.189576715180682
-0.00681773149752126 -0.123177661692628 0.09227962428178 -0.213561733656298
0.0906374334403302 -0.109199229344012 0.223618705782016 -0.0796619695700064
0.156433466096342 0.0416456123221715 0.154432686356903 0.0716733658723768
0.0414826444070685 0.155780915161328 -0.0352266494385476 0.084226074470414
-0.0610029630223772 0.128285585027595 -0.0397032924571974 -0.202095740685863
0.082587242883174 -0.00405073169784892 0.0682034868819907 0.249817936267853
0.00545468494492556 -0.0777296208090042 0.116644707763356 -0.0859773132752229
-0.0585152954150671 -0.0385608170226038 -0.155642830174269 -0.119986695169535
-0.0433648936570706 0.0419874188493782 -0.262766949166946 0.0787438942556977
0.00616145769852752 0.0420691604313913 -0.11941338331554 0.266889335573615
0.0185823368919023 0.0229553964189538 0.0779496629802895 0.239271967465586
0.0277789481567405 0.0140712645221259 0.159287182380731 0.132902250378178
0.0139756388341921 0.00863452469984445 0.17788775839118 0.0632806446677657
0.00245430498723904 0.0178697917907908 0.203715649691744 0.0344202791193097
-0.020142562707241 0.0128060224419527 0.209636736119404 0.0837408414580313
-0.0176963341114997 -0.00723873839000497 0.156198862184779 0.169072562154491
-0.0144503790212736 -0.0251227084565401 0.0339991974245175 0.22846780698617
0.041701845665899 -0.0478907835640384 -0.0840075836992806 0.286807727583086
0.0898055040227657 -0.00631231405638971 -0.142173227411784 0.312628464803262
0.0751428247586075 0.0801538290139974 -0.0463107504348114 0.407541151838074
0.0966264649283485 0.117345827689276 0.0361266642807857 0.250416184279067
0.0911640060383815 -0.00404857187054599 0.12236623240137 -0.0798289331057267
0.0322999347466462 -0.0440613532842902 -0.143940084452786 -0.144866553149008
-0.00559499737097826 -0.0317380917043482 -0.285166329459883 0.0518210117541936
-0.00375709715148803 -0.0356091403491102 -0.144450623174558 0.261775745130845
-0.0291768907093948 -0.0337372343064464 0.0571624158463526 0.24622868100404
-0.035805519815135 -0.0101024141172288 0.145804852440321 0.144369510095747
-0.0488687371949488 -0.0133915782149456 0.168562439919091 0.0653164977544432
-0.0601467768446457 -0.0149694698239156 0.193559700876539 0.0234625401463807
-0.0660504284928608 -0.0647841895654423 0.210127088769477 0.0520551773938967
-0.0027442355421716 -0.103893929191417 0.185886445698848 0.132397098203329
0.0636200368532146 -0.0890157759965119 0.0893017928111873 0.208352456555546
0.155707179336077 -0.0114780345611378 -0.0338180461731845 0.28035784023957
0.163069399855954 0.124210974219065 -0.106885128155643 0.291878234766768
0.0868112766190965 0.229995239074055 -0.0321425032386634 0.351256818598939
0.0816762007108541 0.233696420530967 0.00546982419823718 0.202002112362751
0.160791723899896 0.101448038421057 0.128266365408028 -0.0951012565691073
0.13803197278413 -0.0186465072306133 -0.120434839732897 -0.188227812293041
0.0605517908155066 -0.0996447246846215 -0.299029525174996 -0.00104783739138692
0.00111588951591074 -0.120037815411934 -0.174748020947545 0.226686174003015
-0.0690074953451618 -0.100143812473618 0.0157852713946276 0.230783665542043
-0.0959362159678526 -0.0398402848337866 0.104491868742653 0.142356322721345
-0.105767584758456 -0.0337721727895814 0.134202513451181 0.057837257247227
-0.112212530336542 -0.0375579107298202 0.159206291901744 0.00189308645519597
-0.111636067767998 -0.117824265274126 0.187935386249184 -0.00124398244477094
-0.0141374236848496 -0.182589113106387 0.204557710193722 0.0619594168198928
0.100442927365449 -0.167094370792998 0.15881922807041 0.158330567052268
0.252161812779591 -0.0256905845406274 0.0374678681498999 0.257168684092135
0.243767902240201 0.198701910897836 -0.0701374722081818 0.261594417964788
0.112368811048319 0.332879556957171 -0.0276300741555746 0.256339081632206
0.0417799749733625 0.319717313671089 -0.0159499039467992 0.104539346675637
0.194183640658698 0.217358317342567 0.13039867279007 -0.131135448351585
0.232309878172014 0.0410656150324558 -0.0779238330603195 -0.238151369013587
0.144296204252969 -0.141960694845576 -0.282748391813051 -0.0767174984288
0.0228419289166906 -0.193077887247019 -0.197296617334369 0.155490414791345
-0.0918591519161307 -0.162070075128596 -0.0384255964723995 0.184592092727386
-0.141344224170308 -0.0693802883341862 0.0427384426248861 0.122185076431168
-0.147698428389567 -0.0486106651036396 0.0802557190263802 0.042042234139987
-0.146828681334039 -0.0480507298623989 0.104229515899354 -0.0225279208942539
-0.145333043880729 -0.142348949487483 0.143196728918753 -0.0583906782994304
-0.0395394403826759 -0.227943735264716 0.195285608181018 -0.0216179654339129
0.0989041695446481 -0.229259440196115 0.209299208774064 0.0840933936319936
0.304028339634507 -0.0638820863313221 0.101915558726771 0.210804448881045
0.298362847589793 0.219437339550382 -0.0463328656664447 0.222296953146676
0.132517145264915 0.378605647398768 -0.0371555302171352 0.143130852720103
-0.0110503261660901 0.351094066752421 -0.0207071384407677 -0.0316200006418935
0.175672745515771 0.302817276343406 0.128482362811297 -0.183668644783511
0.274765648638604 0.114844204244677 -0.021125954547255 -0.275967238465773
0.212603074603748 -0.140374791999298 -0.226111196928284 -0.154991397123383
0.0524248429897957 -0.229285357928554 -0.196668875077783 0.0525072341904347
-0.0925148926317704 -0.19996585579698 -0.0940870037511144 0.109916944855874
-0.162742790211559 -0.0916799058901732 -0.0301270178951665 0.0856885249095269
-0.168105255427319 -0.0553389764364787 0.0161576795839478 0.0202302671134438
-0.160329609137826 -0.0498621819136602 0.0394399127976585 -0.047213183479323
-0.157462854071456 -0.144242367136677 0.0844120159012991 -0.104958795711108
-0.0555019180546551 -0.237628862040273 0.162495952391004 -0.0957935845426166
0.0863165128985083 -0.250520857441936 0.226937360427501 0.00958507041074041
0.307764594115795 -0.0820661955066233 0.139509340889957 0.153800419052786
0.294592913252339 0.213931700486371 -0.0380090162513531 0.179450461158469
0.123064110285633 0.370632552140742 -0.0552731536842455 0.0293199162439609
-0.055897590008283 0.314394748453259 -0.00900075528183769 -0.178253789926721
0.111175436166866 0.317913054176508 0.126133167303514 -0.23796428846894
0.244570993676124 0.161533142100499 0.0379199568591067 -0.29218002720419
0.226348141270481 -0.1017032246153 -0.142173632306578 -0.209900578543046
0.0710625291401468 -0.214203445010431 -0.171139944115256 -0.0527473928253155
-0.074443004363918 -0.198202658928199 -0.140787002803803 0.0261843426785075
-0.154130442860479 -0.0966473245176966 -0.0999866261531033 0.0407922559301744
-0.162559070027294 -0.0546360422898656 -0.0478472380580513 -0.00328226142918394
-0.152728696588097 -0.047645293671647 -0.0259812071196122 -0.0696759139190547
-0.145136756272553 -0.131105337038046 0.0261450685946266 -0.138981099856961
-0.0527710526587271 -0.217360576453164 0.123025986241825 -0.150185608009541
0.080873557547523 -0.22792922215464 0.224298115687321 -0.0449968282476653
0.276621557238778 -0.0629548457165667 0.15252310305691 0.106530947186338
0.238562835399734 0.201634947177898 -0.038200847047044 0.140533886276419
0.0804289835934631 0.31972073337998 -0.069847528810578 -0.0697201446575939
-0.0795855058082231 0.214913060375665 0.00742717926326538 -0.304781078676218
0.0338425140968723 0.252164313126756 0.123453959323753 -0.278074171659871
0.161930445130734 0.153640827661027 0.0804519754313646 -0.288191005295307
0.179348053485212 -0.0534506726166888 -0.0649632142715891 -0.233004028441957
0.0646759528901811 -0.157381580060389 -0.138693011307561 -0.133210499943309
-0.0474945588205312 -0.154853137257844 -0.173826241741386 -0.0450742361686541
-0.118937479553962 -0.0827639026454253 -0.15605470370393 0.00102776462386243
-0.13256616030932 -0.0472612070239496 -0.103176520208601 -0.0244561126132616
-0.1251074137345 -0.0434501324144637 -0.0813401001244008 -0.0898125929898257
-0.11403714327511 -0.110172899521864 -0.0217298917636471 -0.16384071694379
-0.0347176713898139 -0.176448933825462 0.0942783161726684 -0.187599983704943
0.0841838887519796 -0.177085200906555 0.217548520697175 -0.0768495170255171
0.224303608932182 -0.0166299282089009 0.153455260413693 0.075560272401085
0.149889513130373 0.185490206559894 -0.03707462513157 0.107694767789469
0.0140471817985038 0.23770527125148 -0.0688568456488706 -0.147104121460045
-0.0858180983108644 0.0785045417821806 0.0155430846122815 -0.385360621227899
-0.0328453993224988 0.132078628357417 0.110813379137448 -0.293934165630671
0.0625741533243223 0.0993085221822142 0.0952023132007151 -0.280086747110746
0.0955648634285449 -0.0129159389459242 -0.0221899802391845 -0.238673373403046
0.0389772225134737 -0.0771464313976197 -0.122436760838403 -0.173725696483571
-0.0156405293077971 -0.0860058283421976 -0.194962626028689 -0.0834016373962133
-0.0648265325070219 -0.05341678103203 -0.190452798668593 -0.0249477065101863
-0.0818546243029906 -0.033298790841282 -0.140589954286364 -0.0408078509924271
-0.0809824540480747 -0.035136244038525 -0.11924149573095 -0.106989362978759
-0.0721372475450032 -0.0789024784586516 -0.0506571779493414 -0.184517537310657
-0.0132270927098458 -0.120882608005287 0.0801530414260575 -0.2157864548454
0.0825432434468706 -0.112153403161697 0.21597265180188 -0.0921867188053834
0.155701931534978 0.0316543857660358 0.154178992176898 0.0639840782779602
0.0491918107965101 0.152419309392339 -0.0308013975686947 0.0860666791563534
-0.0541353687021748 0.130073377556928 -0.0490236043682346 -0.194362121411264
0.0800387138445489 -0.00682117084341325 0.0775916666371499 0.238780508453051
0.00170696842513347 -0.0753401924591124 0.108853329787988 -0.0921639842863078
-0.0588512657859382 -0.0354889893297495 -0.156298605494784 -0.112458772600886
-0.040030362591423 0.0429547597049022 -0.251376367620305 0.086414216172551
0.00848754465436885 0.0410413475271554 -0.10427145146003 0.264823168241096
0.0187332599948877 0.0213492854306483 0.0854943761750654 0.228252838206578
0.0269787010319548 0.0113637166131663 0.158222117470285 0.120244797337374
0.0134851737688582 0.00776349097962296 0.174296760924919 0.0524488038503912
0.00283830911954625 0.0168055334472079 0.198467299458943 0.0228543634155629
-0.0183299041525313 0.0136873287789866 0.208814118039013 0.0706406213730874
-0.0172022374681253 -0.00660375879414337 0.159262847169853 0.157580503788912
-0.0149122543185586 -0.0235790165557295 0.0392210693555523 0.222739599568841
0.038491263465953 -0.0488333916916177 -0.0718568498231624 0.283339211586862
0.0856979604711069 -0.00904946967481993 -0.127796370127875 0.307166185185157
0.0770413464395443 0.0771102230718367 -0.0302134046880011 0.395987908936557
0.0986378364767113 0.110527147110246 0.0460022086806474 0.240447054859448
0.0885145534301692 -0.00739163933049039 0.115766213371785 -0.0863272679410225
0.029890067713431 -0.044067135261498 -0.144417028883437 -0.138128150773063
-0.00679908927607473 -0.0296853045679384 -0.27494220054684 0.0613329243522323
-0.00472185849019539 -0.0339301151854137 -0.129604295635908 0.260375015093382
-0.029594076741977 -0.0311758681059772 0.0657417995087858 0.236331160890355
-0.0350608023600332 -0.00846174217736098 0.146776452031381 0.13245226648632
-0.0482469713058243 -0.010948428826088 0.165346334765694 0.0542935657414186
-0.0581106497957444 -0.0121788290845694 0.187974329778563 0.0115867564412071
-0.0666175001699998 -0.058984170515158 0.207498125702538 0.0397839044716217
-0.00760245933611233 -0.101282083170399 0.187316423191653 0.120357451009511
0.0576568558158452 -0.0880798466530067 0.0918463300159719 0.199818306402606
0.149778504560423 -0.0174927062084664 -0.0234826985393375 0.27549095499982
0.163029483670843 0.114499533759473 -0.0943346538059685 0.285392151474474
0.0927598621271054 0.222135330470264 -0.0204922955587863 0.341569047071915
0.0886955147716138 0.224552786837045 0.01290135734701 0.195710956802373
0.160193306478052 0.0914837808737753 0.120494803566494 -0.0998847523443922
0.133569917305296 -0.0224986247002915 -0.122194907731236 -0.181196762485206
0.0542504667929683 -0.0981401813955124 -0.289466827483923 0.00973651480072512
-0.00441593098141481 -0.116153255040866 -0.160336164542218 0.228242327635957
-0.0717119133007934 -0.092920363515916 0.0249261005055046 0.223231996723435
-0.0935943785618409 -0.0348472265961999 0.108439493453149 0.132533021774553
-0.103553632576313 -0.0273057767206296 0.131711542562386 0.0488490195451032
-0.109223068495879 -0.0310780725117731 0.153813955882728 -0.00774959952467671
-0.113766431032456 -0.108518123959411 0.182802296553561 -0.0108977015606771
-0.0223892265934254 -0.176552890699829 0.203361546989087 0.0512953929163482
0.0901644482478088 -0.165422288159878 0.157930631200405 0.147333605708895
0.243600248902302 -0.035861906145348 0.0442607624008166 0.250617214844434
0.244132460856866 0.182923654052176 -0.060798373109523 0.25492899335249
0.12110097204607 0.32189436160315 -0.0182215775823117 0.249765070384971
0.0531161065647335 0.310657560398403 -0.0124013143470357 0.101846506485203
0.196967856305034 0.202596835585378 0.121896431533946 -0.134036340361162
0.227847684372969 0.0314770254080652 -0.0816686503253351 -0.231440297241746
0.134209390734307 -0.142742224815446 -0.276881337368294 -0.0640318569145912
0.0131570521832475 -0.187870674169398 -0.185294746866192 0.158203230463348
-0.097638427722303 -0.15188844542452 -0.0295847654691692 0.180881859947576
-0.138008841378581 -0.061180863621759 0.0476648733347782 0.116550523269143
-0.144720916418868 -0.0388979709094628 0.0795285700247675 0.0363372928818472
-0.142220373569173 -0.0399841701423666 0.100105163929171 -0.0296130225947886
-0.147349456205022 -0.131064954511335 0.135972758690013 -0.0638441765607903
-0.0488755867585264 -0.220025261711894 0.190540769914144 -0.0304154177854472
0.0858024670380196 -0.225132477003615 0.204913073616542 0.0728152115711796
0.291887046999335 -0.0748586292509225 0.105028335474635 0.202653434809941
0.297628670996342 0.201660977272979 -0.0389157733349076 0.216955563016593
0.140944635854677 0.365613598475889 -0.03078166736162 0.140475334595325
0.003081306383808 0.344068180169483 -0.0217673820421056 -0.0303820547353226
0.182312955737093 0.286185374657043 0.118022044651576 -0.183453608103152
0.271682795854308 0.101025325679372 -0.0272305382988375 -0.269686280513492
0.199771233807976 -0.144649406950863 -0.224709838147264 -0.142323709115982
0.040205117116949 -0.224330611535899 -0.189076313137787 0.0574128398976248
-0.100518197153667 -0.189016337725391 -0.0872242987636793 0.112162999554779
-0.159893340836331 -0.0807174393094833 -0.0240507865940473 0.0855142002483172
-0.164459532986212 -0.0449607481150711 0.0162531576619953 0.0184969418803541
-0.155588053443037 -0.041171741120236 0.0355042018521271 -0.0504307299593912
-0.159479750645494 -0.13213223931334 0.0768503627174527 -0.106438293292542
-0.0654612205454888 -0.227729638914513 0.156151735837005 -0.101369149300098
0.0726839101963995 -0.24385130193249 0.220030407342614 -0.00145958387398378
0.294506195523058 -0.0935187698998682 0.139154083175929 0.145977343871435
0.295171193915686 0.195362838330711 -0.0324740333298391 0.176115797923432
0.131902287733907 0.356762638474248 -0.0530508829251388 0.0313021813881883
-0.0413691675704207 0.308328246678644 -0.0169212638944005 -0.172741757161904
0.12052456926528 0.302379282805371 0.11452612375413 -0.234149164683912
0.2439058870744 0.148669485517225 0.0294585399409966 -0.286675423825086
0.215519135792363 -0.107379316268212 -0.144881179042557 -0.19935717459566
0.0592321008564208 -0.210284581959717 -0.168555379793014 -0.046388895641651
-0.0825747945136669 -0.188069671022031 -0.136632337771788 0.0316301526609442
-0.152079579079683 -0.086432216171386 -0.0934333973972694 0.0460825001678583
-0.159544935241975 -0.0443902616165547 -0.0471488251614649 -0.00119180096354565
-0.148135774641308 -0.039543616794223 -0.0280068459509196 -0.0681941313932441
-0.146308306553874 -0.121129546550996 0.018851673001193 -0.136171000369822
-0.0612709885158126 -0.20766295261591 0.115605396561647 -0.152093226111727
0.069061733295335 -0.221705453720919 0.215019296811125 -0.0540472122777816
0.264948878655485 -0.0725349206000329 0.150041935394155 0.0989132887641091
0.239787049721778 0.186895817501382 -0.0339593614589049 0.138737879076116
0.0878229023635394 0.309330707553238 -0.0699942193856953 -0.0638397617013005
-0.0691755590452968 0.213336704961484 -0.00417572150257372 -0.295033433755421
0.0430107304430245 0.24248640975462 0.110488344273135 -0.272002348390875
0.163037898132701 0.143146483560815 0.0701516351478759 -0.284149292837759
0.171112460248178 -0.0590621825532408 -0.0691793958183252 -0.226030907615557
0.0550752526860454 -0.154216154614108 -0.140796673620427 -0.126099299980226
-0.0541532682219973 -0.148680635794181 -0.17155330188496 -0.0356680195270304
-0.117691438000783 -0.0742403715588922 -0.149329640329233 0.00967837629129448
-0.129706394774812 -0.0384991023032569 -0.100797640390829 -0.0190701197682027
-0.121651168292186 -0.0365400547450504 -0.0828849192666729 -0.0845619287255622
-0.114954496629072 -0.102107326220344 -0.0280840023217371 -0.158011954768299
-0.0410784331594347 -0.169002418176317 0.0851536738625198 -0.186540136671476
0.07416304768477 -0.173792701875114 0.206599169629357 -0.0844563507916559
0.216961358897003 -0.0257894706019887 0.149768026582427 0.0694898771584752
0.15235851550181 0.174341816816782 -0.0331983436083526 0.107678042395462
0.021733398279751 0.23145362061595 -0.0713548819554575 -0.138032292820789
-0.0801460211846978 0.0799792689207479 0.000828793158218311 -0.374214199425769
-0.0275350136587335 0.129427204381911 0.0983364337260036 -0.286074588198666
0.0642666574969419 0.0938652931677172 0.0844679166522749 -0.275855812807161
0.0907307207486463 -0.0163264294265958 -0.0286453869387919 -0.23299618973002
0.0337975957348256 -0.0756067591909015 -0.126551862056802 -0.166920006952217
-0.0198171715751477 -0.0828534308040597 -0.193089878069022 -0.0713003229721023
-0.0650447753278995 -0.0487684094765355 -0.184441452942551 -0.0132287373503949
-0.0799889809651495 -0.0276547331091376 -0.137423336663158 -0.0337312802628223
-0.0799147923400291 -0.0304144891122079 -0.119762299058368 -0.0989093919340534
-0.0740211489768901 -0.0732591172043749 -0.056668883502118 -0.176771307785297
-0.0180189337217405 -0.116586096896345 0.0705453219949081 -0.213050675792386
0.0756542240116607 -0.110809534935849 0.205889413985865 -0.0988530895809831
0.151762533711602 0.0241751972259118 0.150368660802083 0.0580296878540643
0.0532527179842147 0.146692417387 -0.0272373359341446 0.0867580112697212
-0.0483341134018386 0.127988773372687 -0.0546749828908003 -0.184460318397048
0.0761561093770839 0.0294331649125922 -0.0280368502217486 0.234604271862852
0.0329940212773725 -0.0645105440464127 0.131360274126763 -0.0419880256510768
-0.0381132403934925 -0.0559419900104635 -0.095850713993328 -0.163081675763976
-0.0517264443182452 0.02137645664689 -0.259725998369377 -0.0203071858625316
-0.00743238610590941 0.0379683383062632 -0.198481933356908 0.195577435314235
0.00780116277649099 0.0260141561161511 -0.0152957565758662 0.236618781907413
0.0186827610122635 0.02002675025214 0.0923996222739289 0.168083785642275
0.00981327480137027 0.0121845943656265 0.133762753413864 0.114544197503747
-0.00246657551319129 0.0154228866975385 0.166655838660403 0.0965561424814066
-0.0208302660658721 0.00408346269432255 0.159249650354928 0.145336648191087
-0.0107278553000017 -0.0139627691679783 0.0772970107177267 0.203306597663907
-0.00137040433146282 -0.0253848680234541 -0.0593323808589909 0.215260440432008
0.0556123239194473 -0.0274363038855464 -0.177058563671072 0.222959046157392
0.0808087327966873 0.0286828405560805 -0.234083088680462 0.22471683059645
0.0444393166539468 0.10526157235391 -0.194821838368266 0.343522602172184
0.0400639223057006 0.145497880906702 -0.0449018868399183 0.219911275310989
0.0802032196344306 0.030738242731469 0.138909757842362 -0.0385236022938365
0.0443325654747965 -0.0274428304134751 -0.0734142651453331 -0.187602366412099
0.00737854541991402 -0.0273827126766075 -0.274664735214598 -0.0556443048945061
0.011319384180649 -0.0333799726216365 -0.222396686725918 0.18078424752138
-0.0138183193836479 -0.0395309945440642 -0.0383322745691418 0.236093175350629
-0.0270504074158824 -0.0220654211380249 0.0773511857015382 0.174717507925237
-0.0393319258098567 -0.0279830679523396 0.12529224323803 0.112117082310093
-0.046014406376992 -0.033608668417186 0.16291021522016 0.0810033177908231
-0.0368026309412075 -0.0788491475366515 0.171927433494826 0.115680584955541
0.0332601992296422 -0.0949624563724092 0.118140695262112 0.180839837754434
0.088108108377753 -0.056269555862991 -0.000848915758137483 0.215764006176697
0.146931326137463 0.0422199008959249 -0.131416950422567 0.237696596438837
0.105752761185332 0.166980939660069 -0.199742980624357 0.223276593661211
0.00516242393444651 0.243469457581418 -0.167993184301049 0.296358963774522
-0.0191052699403579 0.243983256772758 -0.0450743094944417 0.165026952794411
0.100784381583225 0.147444192648571 0.15554480361274 -0.051201412174853
0.127471468766481 0.0352836867917609 -0.032299226872638 -0.223693654473155
0.0888711914427928 -0.0611701585348401 -0.269716399962008 -0.112441644050849
0.0451382675692926 -0.104740063752588 -0.240891962810542 0.137088649737802
-0.0262307558122906 -0.110606252275095 -0.072511445153834 0.207979867933799
-0.0676316775082656 -0.0670261475255351 0.0422884052632332 0.161065445561982
-0.0818087504012284 -0.0641056274068925 0.0975318262874075 0.0944610636185414
-0.0840256345273015 -0.0702155653900373 0.13983427144458 0.049147058700459
-0.0611295506126804 -0.140264915956536 0.170266522646642 0.0589848737889528
0.0469265778513601 -0.169288912388886 0.161692225743707 0.124019029763034
0.145623638714228 -0.11387818402086 0.0811244337038957 0.195328516204791
0.238702650232068 0.0588028527984057 -0.060821983379201 0.244489592717094
0.154888646098797 0.257664498347454 -0.161311234543557 0.21540337749317
-0.00666023069034971 0.343602578789092 -0.134545452061425 0.215545799771496
-0.089912982881099 0.306836719103387 -0.019406380728183 0.073274907484875
0.0862579870642994 0.26056121437098 0.176108972347904 -0.0810025748707347
0.188400093047207 0.122419124617969 0.0285663361973864 -0.257141546565449
0.176378093951977 -0.0669029981802437 -0.22907508930648 -0.180015820549482
0.0901164022284323 -0.160192519976306 -0.238334525367459 0.0620136777014562
-0.0247116114828166 -0.172489201942704 -0.10698801568669 0.148346648193325
-0.0957212173296576 -0.109102850226533 -0.00593026172157294 0.123633788171203
-0.113615647318832 -0.0905103544115534 0.056524617384877 0.0634230132884619
-0.110467840534141 -0.0905157895840625 0.100613362353323 0.00781793617358028
-0.0832260041912971 -0.17260573739233 0.14943161703392 -0.00711632090437046
0.0382025811988596 -0.218029306877503 0.183502486520497 0.0468569434321657
0.163872150340832 -0.16937983234882 0.15505536220387 0.145731122408814
0.298378231788574 0.0398763686466814 0.0126774109955942 0.227114254763194
0.196457856678939 0.29260203390015 -0.127560882926372 0.193245148265366
-0.00540825804550949 0.39064759135068 -0.103745206615944 0.112626103798117
-0.150579615174745 0.314510844137493 0.0293366224701111 -0.0436054299392181
0.0367437913645355 0.327443910790804 0.197397683208273 -0.124032233894655
0.198970330375376 0.202737420743616 0.0986831073696079 -0.271677039861122
0.233874606430683 -0.0404871280190842 -0.149233323464529 -0.234256819728717
0.128784854920232 -0.180317783008366 -0.202271324099526 -0.0318752294825285
-0.0125596870444107 -0.206219556304101 -0.131939681283384 0.0627008591341592
-0.106975427661169 -0.134286737213735 -0.0575708814956907 0.0680060526102623
-0.1289987531793 -0.103212592301037 0.00641794182236303 0.0231542455914835
-0.121773830478304 -0.0962965620262062 0.0516825067166465 -0.0353993880200051
-0.0930223396277916 -0.178298257938275 0.112268862277755 -0.0686981881550908
0.0257856961607519 -0.230925980356982 0.181016324262592 -0.0301382457556981
0.158527597037624 -0.192150183414439 0.198526089311092 0.085367812038245
0.307012321329237 0.0226463713986087 0.0662068328660106 0.190968991953479
0.196368238565669 0.28577413411312 -0.105817235576996 0.160185571183201
-0.0111988223943017 0.376292497579494 -0.0789082065037434 0.00728388974282605
-0.175528090149688 0.262069462023558 0.0896278127999631 -0.16286167842445
-0.0239742753151829 0.316212623892514 0.214879419589165 -0.167005819668105
0.154165947749639 0.23220641938741 0.158735797851729 -0.260518105009671
0.231226584290214 -0.00201454354951232 -0.0516335757125525 -0.254200199457579
0.13923108812828 -0.159109292362074 -0.140764411861319 -0.118513242001716
0.00240016516635597 -0.198881376398113 -0.143252713690052 -0.0285748596288229
-0.0985263919506616 -0.135914112618928 -0.103846343922281 0.00621149019701213
-0.124775745613234 -0.100745649066666 -0.0411347964770761 -0.0190282428995159
-0.115925077510526 -0.0917446721267365 0.00229950302625822 -0.0756792364350968
-0.0859433469799888 -0.163089507019093 0.0718279559915937 -0.118013014492412
0.021951632486433 -0.210941100951575 0.165394183715845 -0.0908401715059603
0.146590678420101 -0.173987047254412 0.215854127005984 0.0360130056307565
0.271577882836764 0.0302785673111256 0.0935207903607211 0.152566661881366
0.149005657006991 0.256563696839292 -0.0919888587917282 0.124138261582559
-0.0338786626114479 0.315006453117758 -0.053387275590775 -0.085536611392146
-0.158246991474751 0.16286060238151 0.140561116647512 -0.262620470034072
-0.0667136812653421 0.229930437761224 0.22334582128696 -0.197129916821494
0.084041116978332 0.193596988042175 0.192050059550788 -0.235996271045797
0.172211479415159 0.0210713650365702 0.0297840253687875 -0.244531901626933
0.11158707569482 -0.110836130404283 -0.080289907175834 -0.176770150392719
0.0117076117712113 -0.152025159615786 -0.145035704843957 -0.102501990417597
-0.0733013223537997 -0.11164880566138 -0.13927072176281 -0.0489251875620413
-0.101189609588996 -0.0838382016214362 -0.0817725901059867 -0.0552696495427606
-0.0949837223589471 -0.0789155828659287 -0.0394566365601778 -0.110029237657142
-0.0660159881777987 -0.133832596452958 0.0390412142406741 -0.154580188038071
0.0248140613146283 -0.169227901785056 0.15221610079496 -0.133312423458065
0.132513672854205 -0.128943273449351 0.221131256525658 0.00657101079160648
0.209390180901809 0.0548826074941256 0.104126357785051 0.126115459969327
0.0741400232608554 0.214597187841576 -0.0796537664757053 0.0932241801213004
-0.067105426629726 0.217476825124961 -0.0206493253104034 -0.153356577116036
-0.108387905443403 0.0372304681804924 0.16500568570796 -0.326270330297345
-0.0795915118066359 0.101609846720091 0.212691310240462 -0.210924211406282
0.0171313321311927 0.108380802634173 0.196376246878969 -0.215987845296913
0.0844597398852562 0.0243404823003286 0.0716462441533476 -0.229425966619346
0.060456997788023 -0.0503775408424469 -0.0480810416614312 -0.205540999401306
0.0159725618262353 -0.0813528948134693 -0.147112919840853 -0.142389903638401
-0.0374240073863206 -0.0687959485190307 -0.159590496608789 -0.0839314787160685
-0.0613942705741948 -0.0555865188728622 -0.108592596581488 -0.0826988143876759
-0.0605481653557434 -0.0578494533331755 -0.0670596334584081 -0.136197890673223
-0.0397413604468126 -0.0928879336257132 0.0214438520607841 -0.181751303931242
0.025613354122474 -0.113221112912003 0.149237943236828 -0.161272475989993
0.110140716832967 -0.0727596754253042 0.225006582533329 -0.00455274591315937
0.131636199310327 0.0763952619956087 0.108828738858462 0.115597156007718
-0.00558449336186711 0.154042701432345 -0.0655224181434587 0.0718616202265892
-0.0926632740144754 0.0973028146838348 0.0194739662303286 -0.18973697762719
0.076181154066654 0.0280754056909322 -0.0227165197014017 0.232496646425613
0.0316918387648125 -0.0647444331594592 0.128879480626488 -0.0476961088818137
-0.0388037583736685 -0.0549554524915654 -0.0976953035545012 -0.161486407506846
-0.0506589127316039 0.0227161623183886 -0.256816533943113 -0.0162830867669745
-0.00618205256753752 0.0378723974443767 -0.192222725179831 0.199270105632302
0.00864389526164104 0.0252949922792016 -0.0100528359902753 0.233767950801162
0.0182843150993736 0.0186342965250308 0.0938826717695655 0.162122897366007
0.00990740463919837 0.0114383195648612 0.135057592880335 0.108574236808051
-0.00189297225004759 0.0148620374968874 0.168062754771175 0.0899702822735199
-0.0201357292611546 0.00442743543073322 0.16356436311392 0.139219615812507
-0.0105851788761797 -0.013835859692761 0.0812445733972394 0.200820546363336
-0.00142357910815654 -0.0248196233525751 -0.0582177736469654 0.216714806778174
0.0541121522357754 -0.0289260870796028 -0.172379411072433 0.225156377214363
0.0801148575221967 0.02752534625365 -0.229953453455455 0.223846761994471
0.0465409664405499 0.10553484523299 -0.188687028178662 0.342561275428288
0.0433427462006823 0.144714658044257 -0.0407006954563214 0.217736950203511
0.0800086313445873 0.0287861322063762 0.137352343805041 -0.0434186671899369
0.0437983687326635 -0.0280821030186091 -0.0752344467947682 -0.186880802601813
0.006506248779043 -0.0266424389116982 -0.271871933934863 -0.0499521720355079
0.0101646210731177 -0.0325579829524633 -0.216367108134826 0.184123046371484
-0.0146306975446315 -0.0385527764064518 -0.0326170487215114 0.234405330751752
-0.0276338765443603 -0.0219875752385484 0.0801518035131073 0.169489374337285
-0.0397159007209303 -0.0271013937841426 0.126498705198436 0.107322122762256
-0.0457227094348147 -0.0322659211971924 0.163216533267316 0.0743223333562391
-0.0384419385908181 -0.0776325493120389 0.174550561165882 0.109279228786199
0.0301685332763488 -0.095528106254187 0.122202888579253 0.176725220335364
0.0862313849675322 -0.0569565586494736 -0.000568644726133761 0.215636121516136
0.145612750924333 0.0385121050057376 -0.127575137077608 0.238827964492799
0.107043104254976 0.164017509713966 -0.196491486290722 0.223199837424991
0.00877037876157822 0.243221286553918 -0.162893036976077 0.294307467443252
-0.0146223884578632 0.244451637199732 -0.0414766688491066 0.164088973898025
0.103276009568745 0.143796342020272 0.153347405367309 -0.0557898297938097
0.127830277105341 0.0327087028907347 -0.0337360110577661 -0.224262715077993
0.086097622933922 -0.0617302869376571 -0.2689309336297 -0.106972516129623
0.042334386517021 -0.104962016208162 -0.235507089266878 0.140746868360148
-0.0290870933479223 -0.108310791636416 -0.0667552354926462 0.207428144586373
-0.0679721334094502 -0.0660002303588756 0.046000954506381 0.156487591714647
-0.082469470511713 -0.0611396969364946 0.0980877940779071 0.090537652178236
-0.0834182682712588 -0.0672595716919099 0.139579308162241 0.0426257317929776
-0.0640575610676293 -0.13791374495535 0.171106481087825 0.0527732117125759
0.0414550419034312 -0.16902509403296 0.164044769697819 0.119620305673509
0.141532696662162 -0.114569460795191 0.0808255047456057 0.192395314356812
0.237804932478256 0.0524663108348979 -0.0581804093524486 0.244611169758163
0.158334315993275 0.253056833816915 -0.158107622224769 0.214739671008298
-0.00219546959938169 0.343113814684631 -0.1305393545453 0.21525322644052
-0.0831326532687455 0.30717249084283 -0.0190587832908089 0.0730155932498878
0.0905866439330925 0.255150755527975 0.173731511357078 -0.0842393963261787
0.190470485612929 0.118342968605703 0.027086321922866 -0.258922049307558
0.172740244738799 -0.0694598277230715 -0.229451209584219 -0.175071420183843
0.0854335476596229 -0.160882512277359 -0.234137084335159 0.065138623558878
-0.0294286885963272 -0.170011272886536 -0.102869320164109 0.149861614170616
-0.0967202637887971 -0.105916265227594 -0.00228758178878971 0.121928491587069
-0.114409722560434 -0.0857733650467899 0.0567721389594126 0.0607771907870284
-0.109741361510747 -0.0866143684597769 0.0999743009624723 0.00279067624255534
-0.0867334562135672 -0.169182200546056 0.148139644825124 -0.0117269019365604
0.0318022609164036 -0.217863212125405 0.185176400514845 0.0411664321831995
0.158968108855745 -0.170745543822154 0.153990002656134 0.141565649212791
0.296738846189496 0.0318532078870376 0.0138823592366473 0.226743445701603
0.201338773384488 0.286053345501122 -0.125499518290961 0.19301129710343
-0.000129136921542343 0.389056807340409 -0.101917200446819 0.113815663993278
-0.141847408069088 0.316030374970056 0.0269834769331125 -0.0443098351434355
0.0437795398450046 0.322822523304063 0.193829997322085 -0.126444276353616
0.201904438880304 0.197469882055244 0.0967105256354095 -0.272394130950482
0.231053596105317 -0.0445098023909645 -0.150737759559153 -0.22996310861409
0.122385519349486 -0.181191100711907 -0.200777033019644 -0.0297235957423982
-0.0194166319364853 -0.2036814272869 -0.130485040526116 0.0655976124001585
-0.107893807413593 -0.130745105946999 -0.0543685892257588 0.0684789029153385
-0.129876105359284 -0.0976805135925949 0.00721594944030142 0.0226276580147646
-0.120461414017662 -0.0922929457776305 0.05003539083672 -0.0379959094643632
-0.0968671834763958 -0.174418600087047 0.109482618625104 -0.0716720800232515
0.0196607653302201 -0.229788694605078 0.181073660628104 -0.0346675678297197
0.152875830423594 -0.192188996763215 0.196632562609391 0.0798019940790267
0.305082537909302 0.0157535110824979 0.0663273741941557 0.189311149958965
0.200682246165093 0.280484022315393 -0.104735169192194 0.160499693065198
-0.00658744333965049 0.375729292795878 -0.0787856255395277 0.00845245528833923
-0.169553187239179 0.264625867998996 0.0854570257149627 -0.163063557569444
-0.0184587233928699 0.312253401852931 0.211521123675298 -0.167668850019975
0.157657750779521 0.227273778631334 0.15626078266239 -0.262260810236332
0.229257298070188 -0.00657256754340661 -0.0537788951886608 -0.251114119251223
0.133723491063549 -0.160526227498884 -0.141003407499804 -0.117103365234271
-0.00410576920498796 -0.196466314024768 -0.143878442426398 -0.0247067503411986
-0.099777666809697 -0.132500904567462 -0.101954742714195 0.009228639426076
-0.125428375519945 -0.0953078404000932 -0.041572732332687 -0.0172514395467401
-0.114933814045874 -0.0883028137504238 -0.000143415134630962 -0.0761688838355808
-0.0893589868165035 -0.159319590642101 0.0689005296711913 -0.118810270162468
0.0165300804196 -0.210063132110317 0.164483132010584 -0.0948672064715798
0.140405737558112 -0.174234809986982 0.213552892612847 0.0311124313170907
0.270062398910573 0.0231233151800244 0.0927370058744909 0.151720720921021
0.152802284330623 0.252630340421691 -0.0922174413192179 0.126097655120159
-0.0301851306260266 0.314609935314183 -0.0544093612249257 -0.0831345885649672
-0.153897522038825 0.165339981058111 0.134960794606055 -0.261915709728726
-0.0622215771982469 0.228755055204609 0.219017360570049 -0.195444268660873
0.0865670816948406 0.1904690275432 0.189417406058502 -0.237010127559155
0.170319853140482 0.0175855418418581 0.0274624041417879 -0.243655759077884
0.108354809466256 -0.111745395401785 -0.082513825361821 -0.176706837094591
0.00651955230663553 -0.150726876847179 -0.147463836154901 -0.0975349045152827
-0.0749860437402371 -0.109466674945614 -0.138291481492922 -0.0437120174301356
-0.101722240655303 -0.0793149009132923 -0.0824465313607432 -0.0522614930229376
-0.0941156159823251 -0.0756706835909122 -0.0419356972989814 -0.10857943980546
-0.0688253843610481 -0.130858312836625 0.0364144137880026 -0.154641084626856
0.0201779611594686 -0.168015089958448 0.150822873681144 -0.136130158546826
0.127944718369645 -0.129258537351265 0.218944026760737 0.00186244915902585
0.208059847962334 0.0493526430031039 0.102604544340963 0.124994099067852
0.0776223210073959 0.212093016425051 -0.0790333320120581 0.0948161673331691
-0.0635485397325848 0.217327857206726 -0.022716831327874 -0.151040895602348
-0.106420985498503 0.0395710784679011 0.157107350123697 -0.326637629732102
-0.0774587532359286 0.102337808532343 0.208561702692943 -0.209503438719131
0.0183046684495224 0.107035578173537 0.193385644344369 -0.217352835423529
0.0829418666297055 0.0220317618286887 0.0687983806581247 -0.230238243445046
0.0584042937008929 -0.0502625247689693 -0.0514352167074819 -0.205754040428159
0.0131234154875774 -0.0805230042270907 -0.150320845153374 -0.136968928275685
-0.0384988932474466 -0.0673271811659543 -0.159915669114469 -0.0780866633217766
-0.0616729960457686 -0.0524676465829951 -0.109440849228553 -0.0783942210193012
-0.061019179044565 -0.0557201204868853 -0.0692133212756534 -0.133925560099999
-0.042384007522994 -0.0911390594087896 0.0177580934461538 -0.18043045947138
0.0227842629125499 -0.112403833026004 0.146393590745948 -0.16341466250895
0.107358453440907 -0.0741335494533705 0.222642217374475 -0.00903397277205007
0.131604551994396 0.0728786763007588 0.10807187931285 0.114236761523962
-0.00244141739498334 0.153995908675227 -0.0651785351329384 0.074514104683907
-0.0906108148512976 0.0988262052235208 0.0161267866610778 -0.186777691021613
0.0779366381732159 0.0262627382575047 -0.014969170699633 0.232648312876893
0.0294663978172757 -0.0654941805510394 0.125927347971489 -0.0541744760775954
-0.0414240295369978 -0.0544414297884374 -0.102593774223264 -0.16020047544083
-0.0490461769781075 0.0245176809414531 -0.257147500861456 -0.00947792954999687
-0.00403415981503686 0.0379579963077131 -0.185036596041423 0.206855788016963
0.00987673890334976 0.0249548478421918 -0.00152715720882915 0.234060558395457
0.0181841134562703 0.0173315584611988 0.0971640158939613 0.156511318190743
0.0100416797564865 0.0105592578133962 0.138395380540887 0.102562597689418
-0.00137851053463537 0.0145119517747026 0.171304780446327 0.0822882692352819
-0.0194093337414563 0.00513997191376963 0.16998453953291 0.13248507151574
-0.0113346000568386 -0.0132018081159882 0.088573172137247 0.199335488247383
-0.00213309821655509 -0.0247136461038543 -0.0548211743783197 0.221350407674744
0.0524466898983709 -0.0313073078205476 -0.166874938660865 0.231919534508182
0.0805383574352944 0.0253272637078202 -0.225846262890637 0.227826037008399
0.0509409872986577 0.105544574995668 -0.179990262559759 0.346568002162246
0.0483553150682539 0.144277476627937 -0.0334741179155575 0.218796196853488
0.0809405320348356 0.0256262279649442 0.134557010570897 -0.0500820372022109
0.0425406142868979 -0.0298333407420609 -0.0796040343044079 -0.187617491666628
0.00529920070932194 -0.0264565889300693 -0.273111540606831 -0.0424010960032485
0.00934495799658472 -0.0329918332563459 -0.209720098650732 0.192499409058134
-0.0162817512163192 -0.0376572507715834 -0.0235986376480513 0.235347310086391
-0.028655049337638 -0.0209263584054647 0.0851708037087622 0.164278637658249
-0.0393810354357868 -0.0253431314701521 0.130079197573727 0.101401474412826
-0.0459583291851041 -0.0310719318792389 0.165801431488147 0.065601836821525
-0.041663481689587 -0.0758518367129316 0.17969085106959 0.101470818677497
0.0262329687102024 -0.0969598012757491 0.129687467599062 0.173534802762388
0.0838743036098512 -0.0592058131508679 0.00314131402743417 0.217406672668589
0.147302425729912 0.0330294206873423 -0.122562753428516 0.244939655363924
0.112179574345282 0.161240062474122 -0.191355441393764 0.226705206343971
0.0168364711626285 0.246331212984697 -0.156498166518414 0.299677809590184
-0.00570685189159886 0.246216918489762 -0.0371245124827709 0.165170109376724
0.107801317066634 0.139225304166272 0.151054081977853 -0.0622571621596544
0.129861880046148 0.0285175117110128 -0.0387117219283683 -0.226632304332945
0.0837213118078525 -0.0644759601790655 -0.271767471736447 -0.0991756144348146
0.0379010226978176 -0.106413890423997 -0.230135380526897 0.148641308955395
-0.0336124135727052 -0.106873364501748 -0.059008335514415 0.209581239865014
-0.0705145024648465 -0.0637548294992211 0.0515207696359529 0.153575441465545
-0.0842134033967875 -0.057719679966428 0.101744341712491 0.0866064734998081
-0.0850640697278177 -0.0637165689785669 0.140850524591394 0.0353167267065207
-0.0699855959485675 -0.134597988556337 0.173843303079905 0.0452492184991878
0.0344944771880356 -0.171455377716893 0.170279955574779 0.113012467988334
0.137121326561575 -0.11887139943084 0.0845256222632962 0.190545670734365
0.239363179535848 0.0443635469378314 -0.0521791518355507 0.248989201642231
0.167009885655224 0.248314840710532 -0.153979223405206 0.217659973603084
0.00761703082195677 0.347312554774283 -0.124800402375004 0.218777578368019
-0.0724928378215039 0.31206358282245 -0.0182202986858388 0.0729802869460845
0.0993145196598178 0.25175158488751 0.170804766049014 -0.0905031896886199
0.194927075362206 0.111785618428698 0.0214431664294761 -0.262830079590047
0.169889282555292 -0.075036129110292 -0.23438946545466 -0.168080743579148
0.0791039037349003 -0.16392506367597 -0.231537281009018 0.0723376647103715
-0.0373959178846718 -0.168928544562397 -0.0973037288272574 0.153418102657207
-0.10037471013738 -0.101845835997987 0.00295496218586498 0.121494108934797
-0.116792293466738 -0.0806807740304092 0.0587275811804617 0.0582156138043761
-0.11151268513932 -0.0827066263767294 0.0990237665454265 -0.00334906792001455
-0.0937456491773242 -0.165614201853446 0.148218106677757 -0.0191929781040517
0.0228555310992303 -0.219693848342048 0.188974318310974 0.033855090575855
0.152431197646367 -0.174891922528 0.156092780910415 0.136448169208144
0.297629748654959 0.0209015952020329 0.0185352687756937 0.228143117496634
0.210694271158509 0.280718984980549 -0.12256798930905 0.196865726422977
0.0111250484013834 0.392631818773846 -0.0989057446945742 0.117401152745029
-0.131430462472811 0.323101801603985 0.0246972791818745 -0.0449810305576664
0.0539774204798916 0.321190959664776 0.190198147195149 -0.131625197656237
0.209545721293702 0.191646931969896 0.0919231762451909 -0.278670059496457
0.229598803366016 -0.0524393243765562 -0.156797736952772 -0.226002829333675
0.115982226696219 -0.185596393421381 -0.201044503764427 -0.0249454813315005
-0.0279559554672888 -0.202060900304447 -0.128237659390788 0.070436874884875
-0.112406081743124 -0.126727918912316 -0.0510542474454351 0.0711445911326672
-0.133090342149726 -0.0921906065590409 0.0078319327612168 0.0227059329157704
-0.122402934969972 -0.0880482435040283 0.0476419680954576 -0.041822880460703
-0.103398252033494 -0.17014973029233 0.10762366485593 -0.0767502775837333
0.010313412292923 -0.231180690834996 0.182371480036106 -0.0435786628425427
0.145654942478575 -0.196851522597007 0.197565873801382 0.0731628927639382
0.305157895997099 0.00426040804220144 0.0701981470881726 0.190351549182625
0.209529682215166 0.274046920633749 -0.103134991409243 0.164885902051967
0.00424303733397092 0.379733790117611 -0.0788662021465278 0.0120004996352925
-0.160370389016817 0.271626256084472 0.0796638682887138 -0.166044615518099
-0.00766056965628879 0.312488837469435 0.20656590202793 -0.171875168044371
0.166082058621579 0.222977681911489 0.151248145757559 -0.269255155819586
0.229371234538776 -0.014151365900631 -0.059142196674658 -0.251080069329334
0.127870790784253 -0.165475160748108 -0.144383791909081 -0.115016611866016
-0.0125655000972592 -0.195752110875909 -0.145171684036794 -0.0194614654590991
-0.104673511515139 -0.128644857933446 -0.100675220801594 0.0138940126088765
-0.128386749860533 -0.0891250579281918 -0.0419368746786137 -0.0150155440159815
-0.116790926855567 -0.0840384469297161 -0.00325749329340816 -0.0773132438007787
-0.0954306325153593 -0.15559295732251 0.0648012510324211 -0.1214677652554
0.00872208146980982 -0.210431907606128 0.163612986189654 -0.102424117676883
0.134552126019587 -0.178405574478915 0.213523463676542 0.0234834526603657
0.270000536321932 0.0132860256392342 0.0951633758872465 0.151274858761587
0.161827901477507 0.248627591160009 -0.0907145092801592 0.12987620801233
-0.0219453295048676 0.318097131815947 -0.0571655585008823 -0.08033605686562
-0.147897628477027 0.172089951731275 0.127313269569367 -0.266949360769307
-0.0546900500402211 0.229988071510076 0.2141425907092 -0.200697105620155
0.0931763560614198 0.188091713109978 0.185437638206897 -0.244237800193842
0.170468119199203 0.0122551679770244 0.0225677089743383 -0.245520868630897
0.103763099541368 -0.115347569560441 -0.0873545958476473 -0.177710583817815
-0.000171852029798623 -0.150565017271096 -0.151726910233094 -0.0919059334290746
-0.0788078092979218 -0.106355201276628 -0.139408076564698 -0.0375305594495679
-0.103746583362683 -0.0740528189874423 -0.0843328595159746 -0.048893055890716
-0.0959492672924256 -0.0720089482975336 -0.0466692523632377 -0.107794423060609
-0.0739337956844092 -0.128310863088142 0.031352801508492 -0.155550225376107
0.0146086573232918 -0.168012431028463 0.147943230819552 -0.143204948905947
0.123255167250092 -0.133066957729283 0.218018377555076 -0.00556157719155121
0.209222786998371 0.0414996132559946 0.105192345437104 0.123695066617302
0.0844411582187292 0.211273140511728 -0.0779691193866956 0.0992873448058123
-0.058034655353782 0.221992909761024 -0.0273704604733872 -0.149210817031371
-0.104978661905521 0.0436267070182582 0.15000279261183 -0.330178630000015
-0.0743069591085007 0.104633059349449 0.205132465810909 -0.212774104749206
0.0213435866899525 0.106281342877231 0.188907572704321 -0.223031497765057
0.0831553466938866 0.019336681640326 0.0644076539756745 -0.233788023127146
0.0567690665392406 -0.0521466723891757 -0.0584863994034916 -0.207634873037026
0.00932535169510357 -0.0805609506484067 -0.156268246129377 -0.13111610869051
-0.041589704618579 -0.0661263770624896 -0.162049227969609 -0.0703652650389826
-0.0634901132116046 -0.0487703196611913 -0.111427772306379 -0.07430170242552
-0.0628982536231434 -0.0530212654280009 -0.0743436218708236 -0.130399120158364
-0.0458978545888436 -0.0893397937073183 0.0128830793269307 -0.180975966434366
0.0192924242513308 -0.112918263345138 0.142082279348562 -0.169930718336402
0.104750920525732 -0.0770022305241662 0.222484055566397 -0.0168547324326848
0.134151122847048 0.0678049062969889 0.109596403128348 0.11295605641162
0.00315488758641691 0.155198873496998 -0.0641005304865478 0.0781191383451154
-0.0881416823105963 0.101983081514564 0.00997191306386981 -0.186523451869814
0.0791194066847842 0.022261847582141 -0.00194749680423583 0.230416368503297
0.0256522929111621 -0.0662510310138705 0.120735768273509 -0.0615034885920641
-0.0440459240366626 -0.0521892294409101 -0.110444717256384 -0.154798489109609
-0.0470033479620629 0.0273175604218108 -0.254212530163605 0.00276998637717278
-0.00161490933306294 0.0381516052680929 -0.170462927592456 0.215074689959272
0.0110616205655837 0.0234923587882316 0.0117127536755904 0.23072723184267
0.0186036471222161 0.0163404675063634 0.102948199686311 0.148241446037825
0.00988236607937075 0.0095644736699309 0.141652163200304 0.0918887188113569
-0.000811001459116294 0.0137649935456543 0.173837936069701 0.0686218201321583
-0.0186632973750036 0.00628110761329433 0.17728487528573 0.119702855997017
-0.0120567395279967 -0.0128665559402669 0.0991045357914077 0.194133269375046
-0.00317672833329595 -0.0232893504799475 -0.0449339314789344 0.225369192496318
0.0495888935414206 -0.0338099035394425 -0.153255598975841 0.23897789288204
0.0811868740889704 0.0210751844109708 -0.214037106743717 0.234784062633575
0.0570428952167191 0.102771978157149 -0.161444824029635 0.352592456175218
0.0567817156722254 0.141170853151052 -0.0222325079903489 0.218229349614288
0.0816637082618554 0.0208330791085821 0.129695986307821 -0.0586233311785745
0.0402884395113693 -0.0325572258088975 -0.0889555721728899 -0.183428886843587
0.00363973080964529 -0.0258989345420355 -0.271733262971698 -0.0291127214344617
0.00710617848137064 -0.033060980649018 -0.195843891835086 0.201853241838999
-0.01832357424166 -0.0361375973500375 -0.0102276357507702 0.233097122050755
-0.0297864996078388 -0.0195503369984454 0.0919522954863412 0.155678096562392
-0.0412303910164789 -0.0230497200077281 0.133912081814841 0.0913927485093261
-0.0469865895943343 -0.0277100776933623 0.167236366464716 0.0532732305441523
-0.0457044057704997 -0.0720741703814528 0.184674385188193 0.0882276125997855
0.0194684952589192 -0.0971949475356813 0.138907808168655 0.16454504609027
0.0800886991529923 -0.0624106308630702 0.0119564272635847 0.218019489683718
0.146919108047508 0.024402141350432 -0.109241463402538 0.250469557114918
0.119148433558376 0.154126783321707 -0.180737011331155 0.231810753881511
0.0294702072191568 0.245315137986881 -0.140259005726923 0.303554430913323
0.00823780559601058 0.245437195877606 -0.0288466548042311 0.166160978533171
0.114293290217194 0.131371057743891 0.145759736843825 -0.0706321725354694
0.129777445433686 0.0199777274732243 -0.0492489301574427 -0.225688776655272
0.0794824967712962 -0.0679667336959113 -0.272680466712429 -0.0846845060445941
0.03101522396411 -0.106995842037623 -0.219277423463548 0.159139522151321
-0.040434803853839 -0.102942411893232 -0.0462371086365428 0.210726119850343
-0.0737616077077492 -0.0594585134235066 0.0595470653500713 0.147433305458688
-0.0863725689138251 -0.0514191435146342 0.104729259964888 0.0784164085377249
-0.0867413206359808 -0.0584541448347869 0.140532758347464 0.0242811179605557
-0.0770460909446354 -0.12912463207995 0.17536142297868 0.0329525867943516
0.0234022100932123 -0.172570239429566 0.175998075159578 0.102301690299972
0.128930204050408 -0.124230019078583 0.0914038540552863 0.186573586219986
0.239216209231313 0.0304718395200747 -0.0410802297912617 0.25120316000449
0.178659547363352 0.237512403525562 -0.144554941276246 0.222709974418105
0.0262100218763039 0.346151894342164 -0.11344847201202 0.222911462420548
-0.0543397254579741 0.313875054865595 -0.0154448297940083 0.0741877211699881
0.112073061736334 0.243511823436235 0.164320617529462 -0.0989220781477493
0.199763669630667 0.0997489881207296 0.00990700720556076 -0.264704124715651
0.164418912448893 -0.0826919099541679 -0.239268298833261 -0.154952358524133
0.0680561841146321 -0.166597055786393 -0.22473814084877 0.0822127136168041
-0.0473633081756729 -0.16328301487728 -0.0877323971766476 0.156458761150846
-0.105485596132867 -0.0953922191752804 0.00992225816377353 0.119017559719557
-0.119789760335521 -0.0728669123107767 0.0612555410395309 0.0542761503261532
-0.114226902684133 -0.075641452283123 0.0971200055135518 -0.0108286570250084
-0.10291689573626 -0.158153364404861 0.146313757301515 -0.0287864590440067
0.00860274607080794 -0.218893346675253 0.191106281017802 0.0211847732619635
0.140643432350686 -0.180868630764195 0.159938062217542 0.12843733151505
0.295661236457756 0.00398395471086395 0.0281563368438094 0.227247215626852
0.225112003790833 0.266509382918891 -0.11431306914727 0.201129043577922
0.0311549442345157 0.392004911102753 -0.0930986776074056 0.121613619365963
-0.112413681770998 0.327956328615432 0.0205393137760894 -0.0448761857105636
0.0705485912296994 0.314768597850357 0.182045216741372 -0.139520164681861
0.218459532329745 0.177578735590195 0.0786831401124808 -0.284249463286964
0.223862072647637 -0.0638837803932468 -0.164803891361873 -0.216081984206799
0.10337386432104 -0.190852805527816 -0.199722014178326 -0.0159080141776252
-0.04082015844392 -0.197520259907876 -0.122931424459414 0.0765724013852044
-0.119210910971432 -0.118829885426735 -0.045751139378522 0.0729564012508098
-0.135690351726518 -0.0821379851429685 0.00890803771089035 0.0218734992246015
-0.124861391852221 -0.0805115670256406 0.0438543957430581 -0.0452758515275291
-0.112621027312377 -0.161339383925498 0.102455465932695 -0.0829187781111849
-0.0040605699800679 -0.229183581393369 0.179795555897097 -0.0552007479283888
0.132815400191238 -0.202371659412879 0.197756098514431 0.0616965871480565
0.301775290615114 -0.0145587071595594 0.0770077537592277 0.186710365085948
0.223310320205142 0.260558684359366 -0.0958834198324362 0.169019529022295
0.0229578981361548 0.378530790847261 -0.0783300808379009 0.0168665908377047
-0.14373635394724 0.278361546602886 0.0700419020954669 -0.167536247994871
0.00821402520053774 0.30968182422448 0.197385012067202 -0.179578040303718
0.176530085144743 0.211897172485044 0.139056536997484 -0.276388888721026
0.225160319929692 -0.0257551992433139 -0.0693045516299102 -0.246091377100474
0.116534364906081 -0.171416113422915 -0.149088120097852 -0.10886476510332
-0.0247390814818931 -0.19224297340691 -0.145278880046225 -0.0113471571364903
-0.110717301239322 -0.121211592376862 -0.0978003236704847 0.0198323103197208
-0.131065514813814 -0.079789035736282 -0.0417196789410814 -0.0118006050373134
-0.119196638924824 -0.0764517779971114 -0.00873773669501865 -0.076553825445569
-0.103694425994507 -0.147580655824282 0.0580937814140104 -0.124962090295873
-0.00453661872504843 -0.208690314038394 0.157565868559066 -0.112340034822546
0.122975741853013 -0.182992672880694 0.211517348442412 0.0114425993432738
0.267813402230464 -0.00233835153042188 0.100246415827489 0.147686946503501
0.173968329855415 0.238046211235223 -0.0850194317243487 0.134872795624049
-0.0053331245416432 0.317971767381004 -0.0610021042716325 -0.0762753449436929
-0.136581491609529 0.178279622306196 0.11236011864072 -0.270151329948324
-0.0422252811034712 0.230621531806806 0.203122727500813 -0.207662829316224
0.10197745441059 0.181111799720792 0.173323817803278 -0.253163291698311
0.169351448796917 0.00267108894829296 0.0121055663906961 -0.245366715030141
0.0958657689438731 -0.120258668180088 -0.0965987804620329 -0.174671324792484
-0.0095601452234382 -0.148336461721291 -0.15660066145179 -0.0822019827445929
-0.0847324478140635 -0.100466498567179 -0.138835578178201 -0.0276881570863195
-0.106003478984543 -0.0662525590053576 -0.0848550431737241 -0.0423385264951297
-0.0986944642504607 -0.0658868030727397 -0.0520290308966116 -0.103668671458216
-0.0807617819746091 -0.122214542716809 0.0231272855560727 -0.156531452879249
0.0041549557222098 -0.167220251202742 0.139817462662061 -0.15179301588123
0.114143224560166 -0.137488623342868 0.214740397391969 -0.0172161922591738
0.208653354589677 0.028501702576586 0.109044787366183 0.119639200396849
0.095803779637014 0.204667779018454 -0.0736251663198958 0.104494384314307
-0.0461697762347605 0.224085312502916 -0.035019370743848 -0.145285613411858
-0.100896347103053 0.0489108465882016 0.132271284378281 -0.334202372648815
-0.0681145566619805 0.10767729490931 0.193218330260168 -0.218437059886455
0.0269362584202009 0.104252114242201 0.177014888590974 -0.230579780716552
0.0825000704341214 0.0148288633248846 0.0545427271312887 -0.235729949261219
0.0532645650476415 -0.0550770337243327 -0.069614432623787 -0.20563190951588
0.00425434497052745 -0.0798752544500246 -0.16199141319276 -0.120489912806377
-0.0446491614868893 -0.0629166913190504 -0.163919429811266 -0.058712342074984
-0.0650389027992751 -0.0432823025358651 -0.113653288227114 -0.0659398868264126
-0.064966549631155 -0.0478940004833718 -0.0800182415532353 -0.124283720054896
-0.0513608467024041 -0.0843856661411419 0.00313151597568726 -0.179825784241754
0.0130290417630533 -0.112347294791861 0.132222501122255 -0.176910172167169
0.0993726376531957 -0.0823090267235138 0.218716101155998 -0.0286971445393907
0.13552574687544 0.0592244544959766 0.113487629258483 0.108064715957468
0.0119833437900349 0.154172938973943 -0.0599499276106945 0.0830135416378292
-0.0824994111833723 0.106946999921085 0.00024836458599274 -0.184478722639066
0.0778062691217453 0.0171956794056783 0.0106617823179516 0.221103533215359
0.0205358886815897 -0.0653212797778776 0.111894231825784 -0.0666178158450749
-0.0463941962976059 -0.0479123187606195 -0.114435690799053 -0.143876654005864
-0.0437251713892039 0.0288879074258643 -0.244538752779464 0.0140070272554841
0.00110092706265601 0.0366746633931429 -0.1520213907866 0.216487210993366
0.0121213092594227 0.0217784108402244 0.0237779554718574 0.219708089085623
0.0182217343783513 0.014264350153668 0.104586532082125 0.135052280271258
0.00985866926696944 0.00833500043936401 0.141050560838571 0.07961127793342
0.000201105330372245 0.0128229383629222 0.170399214665812 0.0541957056330553
-0.0167916064411671 0.006458027642562 0.177684621420967 0.103207571280768
-0.0118351018686772 -0.0118111815038011 0.1066945830214 0.181736365071748
-0.00402224106086183 -0.0215324780171871 -0.0325203205172098 0.222306301312098
0.0448331813347165 -0.0357277390387335 -0.134701075647053 0.238334784030372
0.0789312410015477 0.0164362678062957 -0.195823393615181 0.234873433154922
0.061273617306773 0.0963586261779055 -0.138846189038319 0.346987955033244
0.0629386779106843 0.133197706767162 -0.00930007543206055 0.211686007718604
0.0789624889944739 0.0149437882800216 0.121007181115863 -0.0639666621935237
0.0363398891329816 -0.0342789817547154 -0.094659033217755 -0.173811293640976
0.00134721872418004 -0.024884569461231 -0.261530052324022 -0.015171289235121
0.00499381405051744 -0.0318010906742363 -0.176348979974197 0.204477546051518
-0.019843165465084 -0.0329202264500219 0.00300520897652371 0.223514153530528
-0.0301985121858478 -0.0168655074260683 0.0960333141068186 0.142985538289177
-0.0403476388421095 -0.0195224908832408 0.133728610534494 0.0790480886320334
-0.0469381427833055 -0.0244588699934283 0.162805369917636 0.038848885884689
-0.0484254253702134 -0.0663706972755789 0.182908721318962 0.0717990999361153
0.0121910710583004 -0.0950541157796802 0.144440199893306 0.150663879595392
0.0744436262125845 -0.0636378092016038 0.0217711126082478 0.211894881775749
0.141915965562848 0.0150511885545844 -0.0923158685653415 0.247300333679099
0.123206895961207 0.142466548132032 -0.164272557434677 0.23032115067851
0.0420597390492714 0.235565889446069 -0.120763183013559 0.299369142419364
0.0222405400048292 0.236534892544916 -0.0195847560239634 0.162339213768001
0.117000749607623 0.119792708284113 0.135801818865925 -0.0753933689905282
0.125691878697185 0.0111420304206985 -0.0585693747035727 -0.216604586292767
0.0719949490367093 -0.0690761936996578 -0.265718010737746 -0.0682209073919255
0.0227218283366018 -0.104927662108243 -0.201276868679712 0.163863529857344
-0.0441199117568039 -0.0957738512336214 -0.0327506444992424 0.204396479702189
-0.0743224750790619 -0.0520805573237357 0.0645061717890669 0.136387662137751
-0.0857437459856797 -0.0445924719882145 0.105129276701702 0.0685674800224773
-0.0861243720363946 -0.0516698022460416 0.134718066758439 0.0130844430707428
-0.0822816477714667 -0.119018543596851 0.17117279157259 0.0194150591286065
0.0109504499196994 -0.167288763474894 0.176783597600196 0.0873802551950407
0.116962753992384 -0.126476950763152 0.0956724783981939 0.176235505678394
0.231070168020813 0.015654200371191 -0.0270444318666602 0.245466833403896
0.185523506078923 0.219753563434896 -0.129282855564024 0.221150257720585
0.0438019240157615 0.333621863493475 -0.0990822376989937 0.219985855179238
-0.0348014900172296 0.30587636117803 -0.011960616923142 0.0736487760667271
0.120143683604836 0.226671793587639 0.152679410183955 -0.10309898369264
0.198006936200544 0.0835502021150569 -0.00267472899933896 -0.257627730125215
0.153212670302223 -0.088615412606447 -0.237141683820425 -0.137118055436634
0.0549424976602247 -0.164319819174039 -0.211110057007984 0.0906127253700399
-0.0556584371470712 -0.153067024501138 -0.0757223950179451 0.154985600523932
-0.106497574993821 -0.0854244533131429 0.0169303248376911 0.112734816967026
-0.118883246982731 -0.062036720789029 0.0624461850855745 0.0476796092607757
-0.112397514564253 -0.0665834145737433 0.0913111082477445 -0.017357112560813
-0.108441079040221 -0.145255969112561 0.139116388760986 -0.0377194150635243
-0.00551936641681326 -0.211011214883639 0.186223221392404 0.00780473055493015
0.125344759060885 -0.181956649101158 0.158684911138533 0.116046243837951
0.284352474282893 -0.0138729315744015 0.0378230142522652 0.219745406425737
0.230816301695116 0.244756790530606 -0.102290324954931 0.19965072429962
0.0496577452867278 0.378157074610445 -0.0835678620554882 0.12222429682123
-0.0897128518549129 0.321751022312186 0.0164577248709247 -0.0428563677904964
0.0845247564041919 0.297291199330393 0.167725707978575 -0.142491262189311
0.220373354423865 0.158497890862379 0.0626652868671478 -0.279742514173196
0.211990585320529 -0.07395008514746 -0.168046871610675 -0.20002210998392
0.087683747169579 -0.189653778750733 -0.193033218123209 -0.00725128158266458
-0.0516137177239464 -0.186396970516062 -0.114533743854569 0.0801848625528318
-0.121165061689245 -0.106969576968029 -0.0387513338377535 0.0728174262190883
-0.134339234928434 -0.0702252668633711 0.0105554465440925 0.0204284290967148
-0.12330949806272 -0.0703591520575667 0.038463924525529 -0.0467723095291438
-0.117693180751572 -0.147895769092878 0.0933627948981564 -0.087043141954955
-0.0181898207198741 -0.220046792788017 0.171044990094579 -0.0648620036927994
0.115397894875009 -0.20117026765404 0.191856846364213 0.0504580674827579
0.289496471637179 -0.0313416435465129 0.082107322119224 0.17815916361043
0.230535949667266 0.238652883384286 -0.0859240429247463 0.168961078031622
0.0415256890717084 0.366204146655143 -0.0746266660982475 0.0200820617373492
-0.122646609319844 0.275288139364617 0.0571816467577481 -0.164379790537731
0.0236715314927057 0.296547169682325 0.181070744801633 -0.181357218361796
0.181169499591423 0.193941759969635 0.121525942474427 -0.274874541182149
0.214909221462514 -0.0372254384575422 -0.0768964284637222 -0.233313380134232
0.101263550976589 -0.171587641963775 -0.149416669419418 -0.0999034183967458
-0.0357415375503991 -0.182274914312403 -0.14122318256916 -0.00262946768835463
-0.113521467731327 -0.110063097983409 -0.0927647617742712 0.0253965789599755
-0.129421510340377 -0.0679361746620025 -0.0403990478148604 -0.00934060501055591
-0.117978267592577 -0.067186865682796 -0.0135167218683853 -0.0736522922959688
-0.107852264491822 -0.135417810571654 0.0486869091370601 -0.124119429249967
-0.0171256516279929 -0.200680901347072 0.146996024805829 -0.119268120436361
0.107278342141421 -0.182286904757512 0.202157245470521 -3.50978215039867E-05
0.256276415597134 -0.0188390392253232 0.102600557507173 0.138617750426761
0.180991486455243 0.219832231652027 -0.0764482447036782 0.136063310968668
0.0110643783518558 0.309221135305803 -0.0627361877267049 -0.0695101820817234
-0.121758858661388 0.179130436178699 0.0940355343312147 -0.26496231748662
-0.0292764751373216 0.223933249400047 0.186498201497536 -0.208489411730556
0.108188466734879 0.167960869750569 0.155555008140021 -0.253327785476646
0.162003283149368 -0.00618486023598645 0.00152116699070431 -0.237238825285637
0.0843558508282289 -0.120981213550536 -0.10270259677719 -0.165385063523373
-0.0182545795454313 -0.141317872074226 -0.15588183719399 -0.0703953084898412
-0.086991773894888 -0.0912795392514335 -0.134182640164133 -0.0180110465972319
-0.104618535622264 -0.056135448777899 -0.0827160134100096 -0.0359743713961288
-0.0977167897371858 -0.0576213370073859 -0.0557625116913532 -0.096295596647056
-0.0850313960646135 -0.111211882734429 0.0140463687138244 -0.152169141078292
-0.00535838264107723 -0.160207233781763 0.126636949336593 -0.155412317867894
0.101586679904986 -0.138508504152316 0.204522567971699 -0.0284236561347647
0.201850258673339 0.0153813790144239 0.109453935006421 0.111331675424711
0.104015151689559 0.192081644404397 -0.0661264640556732 0.105871833257974
-0.0327670647395162 0.219728822234376 -0.0410478529324397 -0.13708368898339
-0.0938313901040853 0.0520579153333875 0.110326174176547 -0.327943896504273
-0.0593624171269428 0.107037334963147 0.178121823431911 -0.218160860017284
0.0319884576521785 0.0986415802157391 0.161206157480994 -0.231166145057516
0.0792404661722813 0.0103615817304214 0.0421732722816405 -0.23127742449629
0.0477463714545491 -0.055772913702988 -0.0782833535196181 -0.196312692815451
-0.000513652574523142 -0.0771630052940206 -0.163238631007541 -0.106418439890854
-0.0474396237407634 -0.0575268834793375 -0.160049516754695 -0.0457394747316572
-0.0641701911641846 -0.0375459840138551 -0.112129159330437 -0.0566856966888549
-0.0653638515251425 -0.0423074904811938 -0.0840593175348348 -0.114596132003281
-0.0542249084600321 -0.0778809253698507 -0.00554134544540314 -0.173199479869361
0.00666034298663269 -0.109167341300052 0.117836674897032 -0.178998291988627
0.0899557588033661 -0.0844983462748269 0.209369660115429 -0.0396241310490426
0.133042725832371 0.0491930056289554 0.113529357260401 0.0998810986878163
0.0208289317136199 0.147870199676705 -0.0537278188526986 0.0845360237499308
-0.0738217466873824 0.107837195686132 -0.0103380527775486 -0.176622073662817
0.0786827353200479 0.0071924581846932 0.0302063482927632 0.205664351622348
0.0128487922877629 -0.0632045104172838 0.0942330237929659 -0.0737463525308041
-0.0506483721087378 -0.0392331967776553 -0.123489100975958 -0.119485802422322
-0.0384494494197225 0.0317344081049662 -0.225930971079244 0.0452923902655305
0.00476898814063049 0.0332362515603739 -0.113670010989524 0.221598895580882
0.0145112615882803 0.0192550682645494 0.0485508376971319 0.2019276632421
0.0190134589935506 0.0115697003350946 0.113757418140979 0.114509699172733
0.0098071529962616 0.00625837565933667 0.139682212102919 0.0554126319285305
0.00141141659798566 0.0102466473336146 0.163943322769164 0.0284815138745569
-0.0151072795108789 0.00699933364691734 0.178941953426454 0.0721399206888004
-0.0127594336758166 -0.0111535064814092 0.120853979324956 0.159076673753072
-0.00322303868961699 -0.0201885227596193 -0.00540308814775042 0.21629180632843
0.0385231073134858 -0.0388824843780167 -0.0981397708744302 0.237880881822364
0.0778848573853097 0.00723464429843842 -0.152640805820756 0.240567774710745
0.0735808332649145 0.0815248310029507 -0.0879006164953429 0.346711067468767
0.0795952963041298 0.120804071707916 0.00927447948352736 0.189735738548944
0.0762741636856916 0.00451285175730147 0.101695484307018 -0.0748758369721535
0.0276113363786126 -0.0368323476008258 -0.112317495060324 -0.151592309252969
-0.00217102411258516 -0.022592611495035 -0.247845254893013 0.0215090786543012
4.74145716407863E-05 -0.0304680295496398 -0.140013300274927 0.2154114948607
-0.0218159946459526 -0.0276925286787622 0.0293208657466445 0.209907832806858
-0.0285732308561288 -0.0114166289797798 0.106038616312509 0.123668329530334
-0.0401703840808846 -0.013304170777235 0.132682250680077 0.0558411611655339
-0.0462630807555689 -0.017798055420926 0.154086194356649 0.0158019426570575
-0.0535338692442529 -0.0558432487587909 0.177720978392964 0.0414560699364884
-0.00155780777133053 -0.0913622686493233 0.151078411269822 0.123158210305524
0.063048992196127 -0.0682222028022871 0.0438525844267193 0.196890873550338
0.134756450825857 -0.00524632573850089 -0.0549642882620439 0.240834719615984
0.133208938439563 0.11673986706497 -0.118568751338931 0.236455902540612
0.0735026886643131 0.211599291400671 -0.0772287459006945 0.303357292111847
0.0545184774754414 0.225685792563723 -0.00448725283869291 0.135947301860166
0.122942517184417 0.0974971526625169 0.112842480237569 -0.0910951494537915
0.116748332136101 -0.00517654021397009 -0.086619763342075 -0.199698701966297
0.0583483414944771 -0.0715609331632126 -0.260637353208505 -0.0279457789983986
0.0081039306275773 -0.100406835785771 -0.17038051455832 0.182278787115493
-0.0521220872911204 -0.083253356003171 -0.007589536339516 0.198525157009105
-0.0744689751847445 -0.0391696344318748 0.0753948650963688 0.122717648342958
-0.0851240101736209 -0.0308064482235896 0.105881582602544 0.0496590849214938
-0.0865212824247906 -0.0382657202789023 0.124376590328307 -0.00483225358988479
-0.0917394080677514 -0.0997182017275375 0.158088398146124 -0.00593964194985269
-0.0127878283535668 -0.157421687587597 0.172285051429886 0.0584710066152155
0.0945337519962157 -0.131363995544257 0.109033148242595 0.152813036800382
0.216498917315599 -0.0173686083487128 0.00731077123212861 0.229314022718383
0.198673579472165 0.178870716373871 -0.0829045273254737 0.225495677947818
0.0865816366844623 0.30164974968133 -0.0663022579913256 0.229725964409115
0.00875246715696179 0.299340244186182 -0.00408617691985243 0.0458462407232361
0.137464499792623 0.196973558754091 0.125625156108544 -0.122329331971308
0.193452557267237 0.0533614113239031 -0.0421402233658749 -0.249135121962164
0.132055259018216 -0.0988827174582719 -0.246011168125928 -0.0978737175453608
0.030218912723412 -0.159418116477369 -0.191655482865656 0.1151743984607
-0.0696062618412856 -0.135215115437458 -0.0556228483770513 0.159712219991318
-0.108019688436542 -0.0656834338358678 0.0262851604530313 0.107073137055344
-0.117189812750271 -0.0430368129008341 0.0630208347296487 0.0365912206616324
-0.112818993351918 -0.0488981602037377 0.0793866624858954 -0.0272014722224161
-0.11906529997456 -0.119969988614265 0.119701846563307 -0.0550265224974983
-0.0342244844141096 -0.195287630243095 0.17080790829638 -0.0171580979401068
0.09369076866364 -0.182474665559938 0.159164377384978 0.0870608515559518
0.261001019042276 -0.0526516225865659 0.0662816014884561 0.195692540008181
0.243498908797742 0.19547067446105 -0.0574506839112696 0.203494796737249
0.0978677303880603 0.341480467326842 -0.0640313767965055 0.136498473461402
-0.0429326377979331 0.321140001652475 0.0120437598844828 -0.0690241731029331
0.111232066453966 0.267501335997188 0.136491584020775 -0.162361651549884
0.223568223974984 0.12026914734909 0.0169614134132597 -0.281485331310106
0.188494853444314 -0.0916508559694098 -0.190485577161616 -0.167494264346433
0.0584336518369531 -0.187360659540201 -0.189635486460937 0.0212112338806502
-0.0697446840925314 -0.166628233270814 -0.102647667411111 0.0949865393336597
-0.124039658489559 -0.0839797806912893 -0.0315863483937055 0.0769653037304443
-0.132327114340515 -0.0485900441151788 0.0117170956350229 0.0175680091491452
-0.123405884487897 -0.0510685876462822 0.0269058837007813 -0.048230469283628
-0.12772448288398 -0.121186100287023 0.0712474823954159 -0.0950659604154421
-0.0468333675209393 -0.201801821292993 0.147947439287403 -0.0834165861487959
0.0813983094383022 -0.199951512212548 0.182529129332067 0.0201711989948925
0.262362028775727 -0.0693840245085072 0.101784926560535 0.15193462373554
0.242262962825041 0.190275353698016 -0.0450752520293106 0.173877894773924
0.0865653880855718 0.33137530795841 -0.067554685746791 0.0396836775144333
-0.081533355460339 0.279606162485497 0.0399025466568352 -0.184809687964957
0.0551098847618579 0.273677270546373 0.146560799841728 -0.200273874596204
0.191379584543506 0.158205823201158 0.0741703120092678 -0.284856386291742
0.19531096023741 -0.0578360359400156 -0.109807632619314 -0.213341593901619
0.0735377025228215 -0.171777795680955 -0.160937970841262 -0.0729737343162165
-0.0551318127226201 -0.164595611244015 -0.138479301038967 0.020277779661268
-0.11818662863317 -0.0880674790097543 -0.0880461910951071 0.0388895337164879
-0.127611086470766 -0.0464730909855765 -0.0388483326335616 -0.00348478457956881
-0.117463749983597 -0.0477322323712481 -0.0244100538221802 -0.0661030669784578
-0.116180510049414 -0.109843242776316 0.0250636488294607 -0.123577761598702
-0.0430021496628759 -0.182893221053682 0.118604655652726 -0.131376203262687
0.0761344525601519 -0.181556334502702 0.187071127963181 -0.0284413307166095
0.233186341610017 -0.0529326761629707 0.116447811367856 0.113383832151759
0.194950566399447 0.17880658432817 -0.0422416187038197 0.142346814502205
0.0499247096273135 0.282258390532872 -0.0683930940559706 -0.048084392480502
-0.0931525869237876 0.185140455094498 0.0641829371495236 -0.275948871571588
-0.00281260542525148 0.211259037512116 0.150881945654503 -0.223152384876425
0.120306375512375 0.142573383752477 0.112338276196824 -0.266050818926964
0.150049561410993 -0.0236849220459844 -0.0343071179268055 -0.227531119315292
0.0641270472926671 -0.122804587522077 -0.124201009713716 -0.142208315885722
-0.0338664713886026 -0.128984063518097 -0.159468681151892 -0.0428098419659313
-0.0919147452379616 -0.0736868646336486 -0.132258833057949 0.00209830768752593
-0.103287104262692 -0.0387109245183313 -0.0815219818653001 -0.0229355525192627
-0.0976279156894675 -0.0409066375245237 -0.0662031942749075 -0.0824292689761635
-0.0921474581932823 -0.0912528951237085 -0.00952548446256721 -0.144787810181699
-0.0265092690572416 -0.147495092644958 0.0968280671982406 -0.162423464317446
0.0753978995464279 -0.140542400999462 0.187133622499618 -0.0543766941639493
0.187309542074543 -0.0144734315989053 0.119786388617946 0.0888748658329839
0.120422676159394 0.162745352099152 -0.0388119729773166 0.113887390158122
-0.00196126574403677 0.206223563105761 -0.0571366481316014 -0.117121210871969
-0.0832205069535782 0.0598269127384673 0.0721487001176778 -0.327264885364251
-0.0443775398907131 0.105536942238806 0.143596709996023 -0.228440479222001
0.0400617188458549 0.0867082914920699 0.123386474674989 -0.242450964917341
0.0747459206540503 0.000608492290044685 0.00750092569066847 -0.226103444516812
0.0380587144313005 -0.0581887341664567 -0.103797481194515 -0.175431283630484
-0.0102925225727089 -0.0711810067227922 -0.169305304121465 -0.0776137347143491
-0.0512967964341946 -0.0470485669660407 -0.159191612496276 -0.021723989189099
-0.0634493405075055 -0.0257091084152847 -0.111101876789002 -0.0383210254787563
-0.0653479275160587 -0.0302043194577909 -0.0934093792442442 -0.0964563612769964
-0.0598798094756589 -0.0634074684381281 -0.0289496111177258 -0.162065680942444
-0.00965484666277536 -0.100504344655044 0.0874993700151388 -0.182722953120357
0.0712159383135322 -0.0895420144245498 0.191011580728131 -0.0652264794841238
0.128651587547483 0.0261015866076614 0.12205724445243 0.0799386364947007
0.0392314461909011 0.132375943690082 -0.0342860277143035 0.0924439799158162
-0.0546847189214079 0.108604611837258 -0.0334333414150218 -0.161203362847899
0.0749283546002628 0.00753072861307965 0.0278019146675124 0.195186366957934
0.0125072605652149 -0.0599373717933867 0.0884510944066708 -0.0682898105846944
-0.0482999651926659 -0.0366007045560727 -0.11542024402343 -0.113791606237042
-0.0364037170408351 0.0302814975548967 -0.21425773181537 0.0390039556923394
0.00455697507680954 0.031173874950125 -0.107708199196408 0.208086675169725
0.0132874950032496 0.0180218439296389 0.0445388114859397 0.190372341759238
0.0180058149686711 0.0110613628466944 0.104593962124811 0.108485005208597
0.00915044152652994 0.00570193537674521 0.13064591508115 0.0516530433395684
0.00144907847951919 0.00909684528892448 0.153475267503431 0.0262020915930137
-0.0142534070488659 0.00577941798442946 0.168775040580273 0.0669386450211651
-0.0121392037156332 -0.0109636590007127 0.113967445523757 0.150931092305891
-0.00273179185892705 -0.0193717903264265 -0.00609256644981654 0.206472897792268
0.0357704718028961 -0.036267799353382 -0.0949167737386769 0.223854264238237
0.0733298700163939 0.0069827183082638 -0.147754328551422 0.224397215448671
0.06932738150596 0.0773735935462763 -0.0866059403392143 0.325756464080186
0.0758503735407865 0.114641942478526 0.00745036550144644 0.180141219739646
0.0714013848663818 0.00477675063491425 0.0952681896354162 -0.0689889697947075
0.0257682421892867 -0.0345216606484738 -0.10453234887571 -0.145218723329408
-0.00238613059920578 -0.0205844010585135 -0.233601956818064 0.0171286708625673
-0.000395388563814725 -0.0289648833609205 -0.132273119345336 0.202176514132432
-0.0203640532954629 -0.026176787681024 0.026370884766343 0.197848115794103
-0.0273099171115251 -0.0109393209236332 0.0978404826916531 0.116429841352709
-0.0377504735886988 -0.0124354481069444 0.124004464733157 0.051991412199292
-0.0431156739835788 -0.0179814944187282 0.144064569995544 0.0142129701595929
-0.0509664023555036 -0.0530479189099535 0.167457555679202 0.0378437224812245
-0.00188935993287225 -0.0865160826583039 0.143105377845022 0.116205474054646
0.0604256172428331 -0.0643135272992225 0.039396056244468 0.189112667818802
0.126009424277265 -0.00499462643183242 -0.0547210096356657 0.227148334449881
0.12539316022269 0.110280831478952 -0.116159915489835 0.221387301832539
0.0686475288187655 0.2008324752177 -0.0756144480733826 0.286234949337558
0.0514584462579582 0.213273426897364 -0.00483827579777653 0.129219856099337
0.114571836720804 0.0922874177205814 0.105959511783318 -0.0841397899594048
0.109211178096238 -0.00497363656585099 -0.0803086951382646 -0.190475673124976
0.0545024131208979 -0.0669184347670923 -0.245221207016479 -0.0290995517258918
0.0073229490105043 -0.0944534514775799 -0.161814697796552 0.170369384912424
-0.0493041500257086 -0.0779585007619088 -0.00818841311354127 0.186521304463134
-0.0694076558944963 -0.0370810106709504 0.0698722537700233 0.114913306434469
-0.0794517234329417 -0.0286822782065383 0.0994497183852471 0.0460181090638798
-0.0809559183036992 -0.0368118393502059 0.115770920333582 -0.00549372633847362
-0.0865533761182136 -0.0935913038736857 0.148658452175815 -0.0063855602936679
-0.0130439225086604 -0.148432968920168 0.163474440632919 0.0539988870645735
0.0896758978201459 -0.123792386449576 0.100443192254399 0.147645480468626
0.203800800709337 -0.016136083917235 0.00457967356554433 0.217750061603155
0.187003818361796 0.169478863818027 -0.0824879492631974 0.212016224206624
0.0799748571451235 0.286606725566193 -0.0650331625731118 0.216182002194271
0.00728472855281109 0.282427490914881 -0.00464228299411839 0.0449221057562786
0.128310703213803 0.186928223480104 0.119286935984489 -0.112906148834088
0.181401754154591 0.0505001641285625 -0.0374574242907944 -0.238186644615907
0.124279822152317 -0.0920075864677511 -0.229587500842508 -0.0953375270269962
0.0277843785168556 -0.150535804116229 -0.181823149258837 0.106265708286204
-0.065808349962319 -0.126823859525552 -0.0538210784773522 0.150296072398084
-0.101725218750873 -0.0618212441425194 0.0243423286143015 0.100491235645275
-0.109967243092182 -0.040247308910182 0.0595517855873931 0.0339446062671465
-0.105426531941694 -0.0470252763615364 0.0737044526651005 -0.0259137879545031
-0.112365105221995 -0.112788404623913 0.112660362053097 -0.0528717069935031
-0.0339038898857363 -0.184698156328767 0.161692403982624 -0.0174814613951004
0.0886533678986953 -0.172158620425106 0.148924970444476 0.0845867283797944
0.245418922722572 -0.0485966748940754 0.0599118569123103 0.187323457681879
0.23001091264973 0.186529055613913 -0.0573643814183287 0.192785358057787
0.0903467834228169 0.323731633836015 -0.0618623630018411 0.129566129584414
-0.0417469452861624 0.30214997560116 0.0121408608209467 -0.0632691492454405
0.103060581964192 0.252540166631771 0.129415339809257 -0.15045337037691
0.209604084425683 0.113179615704661 0.0184822252954913 -0.267170772348279
0.177178224457279 -0.0858622952422349 -0.176821583935683 -0.16135766157023
0.0546532167128665 -0.176438851853763 -0.179453841674977 0.016733770477598
-0.0661531959165019 -0.156911309800105 -0.0982422230835378 0.0898070088987835
-0.116764500976385 -0.0789155108535228 -0.0304388491769703 0.0730034134368272
-0.123959600255599 -0.0456409797526265 0.0114645396672575 0.0165795991592317
-0.115763542165406 -0.0492132967441385 0.0242215603927239 -0.0457302081763768
-0.12034589224594 -0.114207020223261 0.0671383371981562 -0.0901122192669348
-0.0452212303146401 -0.190828769428104 0.140363198168722 -0.0799170862941058
0.0777879875182642 -0.188358706594682 0.171172353952748 0.0214802072841565
0.246667504112524 -0.0655398137612564 0.0942875720144075 0.146103126513304
0.228310665261575 0.181159144497122 -0.0452499527025698 0.165409748532445
0.0810856672100363 0.3151401636306 -0.0646215368889027 0.0375269355257174
-0.0776962725288996 0.262751040559104 0.0386844152575721 -0.17280624889407
0.0494806161763268 0.258500033425308 0.140046474282613 -0.186221910141403
0.179088708499561 0.149353068041125 0.0731438263811759 -0.269864048346987
0.184888398557703 -0.0538672438102407 -0.0992950284897183 -0.203928527436959
0.0690465374724825 -0.161861707034236 -0.152739397220238 -0.0722251718329286
-0.0522299248168503 -0.15484603032095 -0.131348951027386 0.0192035200878626
-0.111607251835667 -0.0825338720723433 -0.0825696233824527 0.0361255265465972
-0.119268657887421 -0.0435610871401471 -0.0364240193297318 -0.00332372178415565
-0.110215826765997 -0.0457937961582056 -0.0236064718550865 -0.062597935806968
-0.109829175514368 -0.10377965320959 0.0242183767615203 -0.117322452887928
-0.0406617875751573 -0.172646828362158 0.112334311149386 -0.125443571299857
0.0718447431907099 -0.170275150947782 0.175943636053355 -0.0251262823989783
0.218923636427844 -0.0498949499620332 0.108059982211942 0.110549998060987
0.183358150477988 0.169895959355858 -0.0419669123745481 0.135593465195734
0.0473290641952875 0.268131389151306 -0.0645580480593652 -0.0455451345551905
-0.0895004107528595 0.174325171089484 0.0631452721570892 -0.258809869516885
-0.00428371726193121 0.199219423399848 0.145039874605414 -0.208212679908117
0.111683859283818 0.134518257306304 0.109089577161943 -0.250323228339376
0.141012031576657 -0.021470623453755 -0.0286596021898344 -0.21719962953203
0.0602923693050354 -0.115169789513381 -0.117738539226848 -0.137365934568692
-0.0323586781157938 -0.121513457121962 -0.151458812064307 -0.0402892508059467
-0.0861179467872187 -0.0688899329781487 -0.123536103884167 0.00302336556465866
-0.0957377173491565 -0.0364701550904904 -0.0765876448427242 -0.0224327848544323
-0.0915791285358574 -0.038622062157968 -0.0622214885903171 -0.0772383334176276
-0.0861593698104871 -0.0855482703175546 -0.00844595040730359 -0.137006098693085
-0.0253806963250697 -0.139170218792382 0.0920338496477782 -0.154776529131117
0.0711221993648594 -0.131395795774902 0.176326440002165 -0.050825984276671
0.175034437637466 -0.012934702258225 0.111618167827819 0.0873228586362719
0.11366341129869 0.154712053612136 -0.0385990241614562 0.10829211968901
-0.00306370098751309 0.195739890784406 -0.0539163509447026 -0.110483753365536
-0.0796206186034652 0.055535329083454 0.0712972461021927 -0.307029953355142
-0.0419214493280167 0.0998848406545827 0.138683141423348 -0.213629016475351
0.0371429075280148 0.0815144211622815 0.119453046154005 -0.228334642303885
0.0695936043471904 0.00153593920789589 0.010567978448874 -0.215406325234277
0.0353519754728409 -0.0540544035825905 -0.0976126142527139 -0.167761912901282
-0.00985662921731641 -0.0675092099597398 -0.160189197002389 -0.0733668935866048
-0.0480284039583541 -0.0439908837285127 -0.149231977243325 -0.0194920719476206
-0.0590963881727241 -0.0237056697704096 -0.10377907166999 -0.0362786418034614
-0.0610980800775475 -0.027947280114526 -0.0869606504032248 -0.0906850786932667
-0.0563661532886379 -0.0591743935983067 -0.0262115690067874 -0.153227910758643
-0.00866231395659344 -0.0950659203091255 0.0829056308034528 -0.172784333501732
0.0669493244543894 -0.083989609116241 0.180189578669402 -0.0600787962892952
0.120181705309895 0.0247900592731231 0.113625148659849 0.078320977366612
0.0368546612574038 0.125009552887414 -0.0329274762154222 0.088259759815951
-0.0516664721159463 0.102021939005156 -0.0311268974321741 -0.151492092299951
0.0734602314902626 0.00907519553320284 0.0209748440573837 0.189802600375669
0.0141751516552992 -0.0572695231211321 0.0879964734261982 -0.062169720005677
-0.0461739888627862 -0.0367272178164619 -0.108372448448047 -0.114545211302856
-0.0360705390903561 0.0290174036533237 -0.210441075001793 0.0300896470385236
0.00388101579083555 0.0298585534462077 -0.110331023572809 0.198955375543604
0.0125297488590787 0.0175000105302265 0.0367183593298172 0.1854710157197
0.016714654463199 0.0108516605913343 0.0956967690511964 0.107845426237432
0.00830404666503985 0.0054878762863663 0.123839037401654 0.0529202033602507
0.000899481885961443 0.00793921005249288 0.146510765112231 0.0291736187292456
-0.0139780091045087 0.00496899777535397 0.161140370579318 0.0680385170518215
-0.0115171077888564 -0.0113475992610453 0.106742911375788 0.150037950559757
-0.000829371159012803 -0.0186345120309607 -0.0134788881813113 0.201832382390192
0.0348004763070041 -0.0335716845170514 -0.0993903846049984 0.212891900560537
0.0708108655013516 0.0088841372699057 -0.15298310876045 0.211534176838437
0.0655461180563757 0.0768647469994407 -0.0955371012347134 0.312607759796076
0.070990437133178 0.113888673073451 0.00243907212280844 0.175547423894186
0.0688223745546015 0.00609459306057271 0.0945348237482468 -0.0626772095544874
0.0249230722775276 -0.0323780623427589 -0.0968516479401893 -0.144606417132624
-0.00216988021372857 -0.0192597038458368 -0.227425881603307 0.00770521429435062
0.00122753546608566 -0.0277060841849644 -0.134064673324834 0.191497128681168
-0.0193057062190533 -0.0261850757568624 0.019057835233533 0.191443704014782
-0.0261816895263556 -0.0107473257596664 0.0894701868605916 0.114548052167726
-0.0363093807630001 -0.0130959129537512 0.118228530478574 0.0528407898629926
-0.041325022519589 -0.0192888232197627 0.137754258543193 0.0167109113325624
-0.0480441225555609 -0.0531886122072075 0.160937748068087 0.0396925779636976
-0.000724100870055614 -0.0836868740353941 0.135496455482913 0.116215621861707
0.0601595696848997 -0.0605435818632077 0.0319088507906715 0.186767966461413
0.121207399584666 -0.000279081347359478 -0.0601117424007306 0.21918079628316
0.118266147993901 0.110476613591407 -0.122832393131321 0.210482012909041
0.0610103999486399 0.197349636492127 -0.0838734250322255 0.274755697153075
0.0442211919818345 0.208363206575328 -0.00864565257190824 0.12738756866871
0.107666705063266 0.092591486695477 0.105647471643342 -0.0768066441063799
0.105019446579518 -0.00203323067792707 -0.0718976666089672 -0.188445805461157
0.0539967089621381 -0.062108118249881 -0.236463539736997 -0.0382517564392388
0.00918100496257695 -0.0912542579979448 -0.160953678234135 0.159729994101022
-0.0458692037788766 -0.0762346449949926 -0.013707601721833 0.180083379438511
-0.0661750155568943 -0.0368787120803867 0.0634391957689282 0.112418027555628
-0.0758849822192386 -0.0297587598489625 0.0943085414742587 0.0461252828197101
-0.0767837630567718 -0.0390335562718626 0.110989277825192 -0.00263500165813352
-0.081624312540672 -0.0930458805832506 0.143904837104275 -0.0041269135995195
-0.00959275793888708 -0.144117872967225 0.157239063033724 0.0563117820872204
0.090393202355458 -0.117416012245246 0.0923328353677424 0.147944967711994
0.197192945964562 -0.00989119777299028 -0.00375867362165085 0.212914148386857
0.176768677479395 0.169968208374485 -0.0890881023672337 0.202966953697995
0.0700749870866339 0.281690538091211 -0.0706530658898105 0.207839509977719
-0.000588462255208807 0.274016134477128 -0.00553451649246783 0.0454321065380478
0.118542186368204 0.184390844288408 0.118996818354019 -0.103776462436538
0.173700020773727 0.0539135318435338 -0.0282719860883306 -0.233742740714554
0.122278493630594 -0.0856665298900565 -0.218405335245428 -0.101916799244363
0.0311504696072391 -0.144370605446628 -0.179969897035071 0.0963308281562039
-0.0608278239330907 -0.123995380048855 -0.056527495657421 0.144001933961853
-0.0968252059713727 -0.0624773789841181 0.0208028240291593 0.0975148903422608
-0.105364961854336 -0.0414665765719111 0.0563408481808196 0.0336929639117003
-0.100826212607187 -0.0491415890056373 0.0705251039080187 -0.0239455547493207
-0.106082925373082 -0.112623727126871 0.110406838512757 -0.0496539597162283
-0.0292233565378814 -0.17939801744322 0.158316229364395 -0.0136962969228615
0.0902215419450374 -0.164007236231475 0.141021450059965 0.0885741150210127
0.238433325830464 -0.0404427851319183 0.0510477623003732 0.185952407724112
0.218250803781316 0.187523142018811 -0.0641487629637547 0.185479282385344
0.0786472261038652 0.318223673387512 -0.0644876558827168 0.124047708918154
-0.0500007021221833 0.291764017899334 0.0135612771650225 -0.059253584011051
0.0922653509693394 0.248735657048277 0.131139102359584 -0.140061677244586
0.199191862085055 0.116021276924187 0.0271163591588703 -0.260020689877938
0.173913149932389 -0.0777072072952823 -0.164745774999273 -0.163918119997544
0.0572876123651842 -0.168800558409788 -0.17487375983863 0.00930173948658325
-0.0603200671502031 -0.153030107027332 -0.0980484262417722 0.0850464304332661
-0.111342005473547 -0.0794016527155307 -0.0301680611421657 0.0697711080279012
-0.117984615152658 -0.0472504637998523 0.0104333110337616 0.01495127443834
-0.110075036295089 -0.0512250773570793 0.0238560717036412 -0.0440799021975608
-0.114213067292902 -0.113753781873202 0.0671332114694237 -0.086196574306483
-0.04032288733132 -0.186072782198492 0.138429545263595 -0.0761130484275505
0.0799824891688858 -0.179173544716021 0.164156008092191 0.0269739684529471
0.239700913858081 -0.056601802533264 0.0852877908644786 0.147506802749904
0.216592103525192 0.182208501856093 -0.0507526701242492 0.160090378274764
0.069934220495565 0.309420637893739 -0.0644094039761433 0.0353574254401011
-0.0839770919792036 0.252918800525052 0.0433725061447538 -0.164846640649296
0.0400592988430321 0.252123477979163 0.141859948245661 -0.17372870051259
0.168612735169153 0.149505949805357 0.0801636801319981 -0.259896112824306
0.17996511549887 -0.0468670784482429 -0.0877896034476356 -0.203103896344644
0.0705283489759991 -0.154565299121796 -0.146324952955421 -0.0768496908200015
-0.0469433537174016 -0.151186621849814 -0.128289494467282 0.0153680751145005
-0.105071077442839 -0.0824910318523262 -0.0800617603998911 0.0332134105013384
-0.113612484561345 -0.0449773881147109 -0.0350544439039219 -0.00468236253860639
-0.105595601126535 -0.0472715195633814 -0.0216570171508975 -0.0611546281394232
-0.103254579780569 -0.1034721339837 0.0262014605246277 -0.113443926593345
-0.0355600384799012 -0.168949290818854 0.113236279371117 -0.11978532579216
0.0739795521836063 -0.161967517282703 0.170912722428654 -0.0181024652928719
0.211843156795601 -0.0423638595243185 0.100803732211703 0.113521863842549
0.173818049756608 0.169713946930816 -0.0454254513520718 0.131799612648559
0.0380215692300056 0.262142555852299 -0.0611350097141565 -0.0449379985615517
-0.0924176324877239 0.166503898652958 0.0699343387061167 -0.249397192112788
-0.0106087748217574 0.193236187301168 0.148134679443457 -0.195390802297107
0.103734821367047 0.134234183029886 0.114964099830809 -0.240747171455064
0.136952110869645 -0.0165250404789899 -0.0186684929298498 -0.21353963507688
0.0608456658758254 -0.11005471442662 -0.111913885175532 -0.139158547428895
-0.0280275277106965 -0.118294514330817 -0.145704737197016 -0.0426940839723383
-0.0814764247337863 -0.0686745704580798 -0.119373065033058 0.000537710502651036
-0.0910052119103573 -0.0367901616781789 -0.0732870995630715 -0.0236931437913081
-0.0873396059786025 -0.0400478512461073 -0.0580368124881202 -0.0770486914603906
-0.0804724439863345 -0.0843995212273069 -0.00430532136316164 -0.133615583197617
-0.0204409649676443 -0.135371160161736 0.0939920329088901 -0.148981470805219
0.0723062693852824 -0.124212013795001 0.172515539665572 -0.0427712072359663
0.168627693160674 -0.00765525376837099 0.104867782163683 0.0900473906875379
0.105882443212768 0.152798070553952 -0.0406484813446909 0.105336674032513
-0.00826332097934876 0.189966744594234 -0.0487373993903612 -0.107927163535017
-0.0789697156218181 0.0518728184374229 0.0795306468733195 -0.296197388277349
-0.0434514533328917 0.0954376148152634 0.143235424834512 -0.201475800026841
0.033316188282607 0.0798503933137471 0.123829482913811 -0.21826687199813
0.0671531919135918 0.00352207326991667 0.0191951897505881 -0.210384376305427
0.0357079875740315 -0.0514425584305339 -0.0914496683709257 -0.16784551558325
-0.00794979903775607 -0.0659556227757022 -0.153283379172105 -0.0750605225135987
-0.0454309611724289 -0.0436813853032529 -0.14297102870701 -0.0224571575811285
-0.0556470469276295 -0.024101482977133 -0.0994030726683591 -0.0381848925307128
-0.0586093597606969 -0.0282365770483247 -0.0814816588942853 -0.089890980978114
-0.052434724522573 -0.0582762209703173 -0.0208630949946547 -0.150105768494717
-0.00564024448321235 -0.0924942628831067 0.0853281624165672 -0.165488521679783
0.0667346073170475 -0.0788536535915157 0.176040931569666 -0.0522066492747616
0.115149196499204 0.0274361859263207 0.107243936651756 0.0814758225906647
0.0321161110776992 0.122256655897412 -0.0346178010156622 0.085554209718201
-0.0531531714995594 0.0975609212544025 -0.0256565267324832 -0.147038678962775
0.0741300364261772 0.0116551049961891 0.0153787343522491 0.192399008565768
0.0164120411188163 -0.0568541473067492 0.0918943853642593 -0.0588106434992719
-0.0458400871425695 -0.0377139228295323 -0.103593200344709 -0.118868558402434
-0.0369998999593974 0.0288505781059688 -0.21353894806071 0.0217640315345086
0.0034970331185147 0.0299102187486301 -0.116858479321353 0.1964442887704
0.01179103777763 0.0177763526503338 0.0304260614241248 0.187961961346383
0.0169958647677835 0.0113304364630871 0.0902999865281435 0.112195948191211
0.00782778897832432 0.00499162029898349 0.12211259698466 0.0568764609494206
0.00040504910306579 0.00750993256899497 0.145251230418214 0.0329671285568007
-0.0147115220467029 0.00435456389803369 0.159655925232347 0.0720526098232163
-0.0116794561440913 -0.0114794000701724 0.103338320703016 0.154916756810515
1.22823754152889E-05 -0.0187164115175749 -0.0206986849040685 0.204923806247062
0.0361953261980694 -0.0327203016997479 -0.108113136947962 0.210183467688726
0.0705888758002747 0.0109016989035055 -0.163554119618826 0.206191042745491
0.0640143495766479 0.0800226040450851 -0.108154249244664 0.310776304568332
0.068713696705531 0.116229393395047 -0.00307766145985372 0.17811909303316
0.0693506233024803 0.00859186670170223 0.097561650176358 -0.0590763652342845
0.0255384398643353 -0.0319162668549751 -0.0917623372250104 -0.149671383970431
-0.00139605089754861 -0.0186631531419638 -0.22951113351565 -0.00158618785540875
0.00194827610036663 -0.0280057450454222 -0.140819203841091 0.18834625865555
-0.0186294892899068 -0.0265237699048549 0.0134011119426203 0.193560655680267
-0.0257501036122217 -0.0118527615397657 0.0845194521027463 0.117910549577834
-0.0360594013269908 -0.014638072738627 0.115987265030113 0.0557158170050734
-0.0409740746059964 -0.0216794242110946 0.136110044183988 0.0204791295427021
-0.0465528688649834 -0.0546937576166467 0.160363458373894 0.0428571193470839
0.00126147140004837 -0.0840455584587771 0.133935212981653 0.120950040913382
0.0628006623577477 -0.0587123427051502 0.0255258580197443 0.190797623761672
0.121988384404108 0.00403442882416701 -0.0692927276282102 0.218375227917489
0.114882886213341 0.114932491870643 -0.132878252224956 0.206715075340014
0.0550390129549676 0.20101506109834 -0.0946995099463678 0.274104430202146
0.0386923065775222 0.210800885319655 -0.0127082538050585 0.129942134662863
0.105926819119876 0.0964613738096216 0.108771315077712 -0.0715079611431655
0.104907512640299 0.00109724161737999 -0.0656563758696834 -0.193229262198114
0.0556064729411304 -0.0601834309029058 -0.236099823535508 -0.0474328136939252
0.0118213740223349 -0.090935826704651 -0.167681376553366 0.154688273588674
-0.0445060726864755 -0.0781546832193811 -0.0196964284437169 0.181066494186672
-0.0654482113274917 -0.0391494094187006 0.0590177489780204 0.114681814763533
-0.0753803311652951 -0.0320026089298869 0.0924555528345956 0.047954949851096
-0.0761463065750862 -0.0422985131022886 0.109569440817254 7.78258490046446E-06
-0.080167845432616 -0.0957507697813304 0.144657842852677 -0.00123935983192641
-0.00692307228304619 -0.145331143720152 0.157292319022306 0.0601680930392212
0.0943303799166079 -0.114757476174528 0.0873856009028369 0.153936308489721
0.198560064014091 -0.0033136423161638 -0.0119557005982204 0.215570770383222
0.172604241204957 0.177176821664135 -0.0990654398043445 0.201857300645453
0.061159851117418 0.286915075720377 -0.0790174946268253 0.207705398989283
-0.00900440372064438 0.276151275642657 -0.00691757224367788 0.0476823150535447
0.112820034377607 0.189352317782213 0.122791823683864 -0.0973383251590308
0.172163533922087 0.0593545542675134 -0.0192412724550951 -0.236760548410492
0.125119742567601 -0.0820936141119559 -0.21597068220065 -0.111786739625706
0.034554987946635 -0.144558388524963 -0.184494926065027 0.0892687181514835
-0.0580518435977219 -0.126318108930529 -0.0614624185606214 0.143776710489731
-0.0956366657576133 -0.0649609438992902 0.0180483091592341 0.0985135110505991
-0.104183769751469 -0.044211081759122 0.0551303683179404 0.0344101060697042
-0.0995655686502137 -0.0527664565322552 0.0704727739643738 -0.0230716989502681
-0.104225265689268 -0.115366270248048 0.111797658049877 -0.0479666581701494
-0.0259166214076474 -0.1814729677369 0.160257445482188 -0.0110264325733038
0.0957091572940987 -0.162049338902754 0.138425294084806 0.0955292769426594
0.239897168661387 -0.0335095188654836 0.0437010004497216 0.191323604155625
0.214645882516935 0.196304284764939 -0.0727540192045444 0.186286913616389
0.0702538820331028 0.32447274515637 -0.0699161150821322 0.123345371616735
-0.0597358812764547 0.292162666668835 0.016151996183863 -0.057488689699406
0.0842957453885802 0.252495560882687 0.136481221131704 -0.133483354415257
0.195844562606013 0.122875073653796 0.0368291208585407 -0.262443781580354
0.176831779554084 -0.0723956826957964 -0.159346354077934 -0.173626520615067
0.0612245616861074 -0.168535756718469 -0.177565336010902 0.00148837829106806
-0.0566507371710333 -0.155847587879019 -0.101447472430127 0.0827599221276655
-0.109821994122781 -0.0828010144056852 -0.0322847115574759 0.0690194829765056
-0.117226879397972 -0.0492860122443865 0.0101629089709331 0.0151049962072424
-0.109072056465581 -0.0549539666015437 0.0244020912238377 -0.0439739499592107
-0.111303741648251 -0.117323657263756 0.0695726987758057 -0.0862407257503884
-0.0367157388464701 -0.188062096256619 0.141902671315007 -0.0743765078229476
0.0848844793936712 -0.177180464744281 0.164791205243883 0.0341195297079354
0.241945589899251 -0.0500293623741442 0.080268606653359 0.153951934680683
0.213783008360692 0.189365141138534 -0.0578147400402696 0.16144700937583
0.0606632646898665 0.314672910690633 -0.0659689897953815 0.033809420476831
-0.0926296429927265 0.25158619376606 0.0490901626991241 -0.163104311607036
0.0319144510286188 0.25558102694621 0.149161655536062 -0.167481794483495
0.164051641789798 0.155776985016669 0.0907996662897667 -0.259921698806056
0.181526126162952 -0.0418362517134222 -0.0799609448263072 -0.210315229888527
0.0742919820647949 -0.153374124941077 -0.146272088650702 -0.0842927280461592
-0.0437739316396907 -0.153690053817115 -0.130383441167442 0.0123394159925116
-0.103737510671418 -0.0854761624879343 -0.0807782061838726 0.0320710587016827
-0.111502040319734 -0.0473668240216717 -0.0353192434906966 -0.00639324132445592
-0.104103845139715 -0.0509918733434266 -0.0202834814165614 -0.0619707425560295
-0.100866058284383 -0.106950227230199 0.0296248682062423 -0.113840409317883
-0.0317195552444117 -0.170935268139022 0.116996056239148 -0.118941714883481
0.0788280938453018 -0.159900624596672 0.172367218402881 -0.0116428714973722
0.213297992956436 -0.0360406117631972 0.0968776614581947 0.120698672043069
0.170196909850747 0.176278007758944 -0.0506010886890062 0.132952682978913
0.0297569973847279 0.266567285924799 -0.060420225264692 -0.0468872006508665
-0.0984872756601238 0.164613203147493 0.0793685825896947 -0.247713794125598
-0.0163879670756999 0.194158617113722 0.156627471301279 -0.18891281026862
0.099236435354987 0.137595464599845 0.124771700515509 -0.23878858275874
0.137767662475321 -0.0118325603802949 -0.00994428299331683 -0.21817068959327
0.0640603334861914 -0.108656887748107 -0.109077140979628 -0.14592130546802
-0.0252257241814984 -0.120544225053477 -0.146076028172913 -0.0467670170008637
-0.0801898109984835 -0.0718307651200647 -0.118857125772964 -0.00311077228354374
-0.089053748535248 -0.0393157885478514 -0.0735783893111467 -0.026326502535626
-0.0860481642175051 -0.042360720033764 -0.0563853728124959 -0.079225857854901
-0.0788106128753743 -0.0875895278041606 -0.000158437713875983 -0.135276325553191
-0.0176293805675579 -0.136761096326408 0.099164770602048 -0.147949491398405
0.0761908390118067 -0.121835474163154 0.174577206182954 -0.0375985402620826
0.168602018074404 -0.00247283157090468 0.101775335422633 0.0970973056201274
0.102911895637117 0.156818011543132 -0.0450366557660643 0.105997230616256
-0.0140253974819264 0.191078320686248 -0.0461036443065937 -0.109762169465942
-0.0814932156956389 0.0494883804925997 0.0905931661536752 -0.295228030460476
-0.0464583725475963 0.0952298368729875 0.15244451548356 -0.195334487067132
0.0303271238777174 0.0809025903170936 0.133554318463745 -0.215158880487082
0.0670457149844308 0.00629148502582239 0.0278462936871314 -0.214211714039238
0.0364629888527762 -0.050080592600967 -0.0875957263866285 -0.173388950978496
-0.00614451750913931 -0.0671407145537871 -0.152164605167757 -0.0799767219999145
-0.0444935928176023 -0.0451730855081703 -0.143007712225443 -0.0264175224859767
-0.0537732522197402 -0.0254557901129157 -0.0985672395862692 -0.0414245446763527
-0.0577346048335924 -0.0295973769584391 -0.0791587453032079 -0.0931692882775625
-0.050868442138315 -0.0593602892066734 -0.0162975297641003 -0.151664530202139
-0.00337805543995282 -0.0927509189042369 0.0918242345633174 -0.165178288934101
0.0691858245241253 -0.0760411805025843 0.179474441027577 -0.0462546940406152
0.113762840573958 0.0311003981849885 0.104947357425239 0.0878211800931062
0.0293533409764103 0.123625570464666 -0.0378900174636295 0.0857671777442957
-0.0564554221009729 0.0956069478479505 -0.0216058198666024 -0.148200898643542
0.0775991345676262 0.0123805410204797 0.0148206652290667 0.200703694649437
0.0183815713505221 -0.0590962234120722 0.0970266213447367 -0.0598356021036666
-0.0472681120293354 -0.0390558515046478 -0.10629197491118 -0.125887591138079
-0.0375607524090292 0.0299899918120093 -0.223814622268296 0.0190628844987439
0.00414779029479241 0.0307117123466236 -0.122634376589861 0.203410750881285
0.0117536502863686 0.018734049200116 0.030036709390406 0.195593044384546
0.0176156766901248 0.0119505158005866 0.0915388839280542 0.118553588697491
0.00769739291160874 0.00533241750639067 0.124295278016348 0.059686892545874
-0.000292178289701895 0.00683305452973869 0.149651035915711 0.0349461411443307
-0.015142604607264 0.00345319549325341 0.164819996597747 0.0748084005869435
-0.0119734844779203 -0.0121381544102922 0.106788677630799 0.162046761610178
0.00127451682240586 -0.0196153778236063 -0.0238682806917111 0.214692766336635
0.0373975215647458 -0.0332020666267507 -0.115503046102374 0.217193814599034
0.0723765442655595 0.0111465362141144 -0.174622651216815 0.211316604229067
0.0660622511855793 0.0835071983432628 -0.116715765118228 0.321333428522388
0.0715605591887278 0.121142125529592 -0.00483248046462802 0.186564129764283
0.0718847356559476 0.00911891087618349 0.102411192772854 -0.0581938785499351
0.0258037051965187 -0.0327061834778551 -0.0929636335468951 -0.157020876837148
-0.00142806431578845 -0.0180782868619349 -0.239202104629649 -0.00515307469829337
0.00249653695639215 -0.0292674699671446 -0.147858373931822 0.194138222894868
-0.01993848523776 -0.0277602530361176 0.0118121362049417 0.200883996932991
-0.02632236725758 -0.0119703375650875 0.0852095952474782 0.123444128211542
-0.0374079062947467 -0.0155546748771913 0.1185031657012 0.0582284984834577
-0.0430127214084181 -0.0237111903362182 0.139479771630268 0.0213598402737629
-0.0488921489859666 -0.0572865056658591 0.165463696024572 0.044465043800194
0.00106051134796514 -0.0876554886126291 0.138617904600762 0.125783476127142
0.0662285141339181 -0.0603064862193417 0.0238930603646325 0.20115321258405
0.126320540792392 0.00511102485680968 -0.0754951424418299 0.226671514378734
0.118248509466956 0.120044587003685 -0.142970688939148 0.21212446092131
0.056326794249307 0.21040025170894 -0.102279248515522 0.283031263061023
0.0393042740429697 0.219252591407788 -0.013706827998837 0.136386485565237
0.10887946952472 0.101097307452034 0.114918193594119 -0.0707209474811746
0.108498701783398 0.00174272463545101 -0.0645539124884549 -0.20257036082291
0.0578525108507104 -0.0609147577752976 -0.24502293117417 -0.0546659381935238
0.012771135192099 -0.0944778583937098 -0.174991492937204 0.158904295724174
-0.0459265193153706 -0.0807001474247098 -0.022420644037723 0.18776809465147
-0.0673863293235716 -0.0409021816612086 0.0594461594040218 0.118915521045187
-0.0777878472771187 -0.0331294190094693 0.0946487492823349 0.0502868195466909
-0.0792462258049973 -0.0448792332055621 0.112654065712046 -0.000140099822192073
-0.0834943957504422 -0.100358114529041 0.149171077544651 -0.00239133030879222
-0.00781868891165088 -0.150392990128659 0.163682696378371 0.0621372587665
0.0986612403243886 -0.11844144058235 0.0890168104816838 0.163527933330183
0.205370189566088 -0.00215384196604378 -0.0157329147306381 0.224972889211581
0.179097357800754 0.184971676199447 -0.107834291299321 0.208707668765099
0.060981829246766 0.299521394984123 -0.0853007663556526 0.215640983377505
-0.0107779725392888 0.286769311188555 -0.00683236416032237 0.0514604692840215
0.115840724213245 0.197632189582503 0.129935181826627 -0.0973397326278112
0.17769150828101 0.0625079189783118 -0.0179206376433551 -0.247360799935296
0.129800979557251 -0.0835974977658666 -0.22236652385249 -0.121206397972169
0.0364624990473323 -0.149967083979846 -0.193066130529422 0.0904364649007895
-0.060693737280892 -0.131042489746597 -0.0648688565417528 0.149107452447555
-0.0987548710739445 -0.0675174868163607 0.0175702703306091 0.101888189755606
-0.106821886743816 -0.0459261750589496 0.0561055712558491 0.0354092355553843
-0.103432129374271 -0.0562266971034454 0.0715621631120594 -0.023178855376139
-0.108026386471532 -0.120676381591253 0.115324295406759 -0.0502441932938526
-0.0270172737716229 -0.18834021746753 0.166417145966932 -0.0128727079003602
0.099872426147084 -0.167073007533389 0.142602640225216 0.102547180705934
0.249029879726087 -0.0332625936849701 0.0426354860391794 0.201969534402951
0.222622596494939 0.205219689521956 -0.0793554491489447 0.19344219669447
0.0702270559611092 0.339029687157807 -0.0741351501077647 0.128726179775799
-0.063190925589149 0.303857546312173 0.0176349512374818 -0.0577571857607369
0.0854010021100623 0.262965105016754 0.143500840560377 -0.133310842952518
0.201962552544156 0.128608400808541 0.04241234850657 -0.273482146842237
0.183764969588895 -0.073664242564389 -0.162507975424304 -0.184998228956331
0.0638548020035089 -0.174507637755304 -0.185866258000924 -0.001639988851624
-0.0597427308938768 -0.161439883320297 -0.106331310603225 0.0856596561680816
-0.113341435867045 -0.0860866043009004 -0.0335859025239701 0.0713360022079459
-0.120085619626964 -0.0518666287044417 0.00953975105501678 0.0154643909028854
-0.112650512079751 -0.0588464103249243 0.0244263470025627 -0.0454583129920264
-0.115455844846447 -0.121942665097577 0.0714226794951595 -0.0898463878046818
-0.0383115263426215 -0.195335492540357 0.147953632923019 -0.0785754527700685
0.0890158114842967 -0.182909532690252 0.170152176610057 0.0383591703638338
0.250751546502409 -0.0503785505900663 0.0817192902289743 0.164162054424433
0.22232844383321 0.198566440803369 -0.0635649412290996 0.1685366693153
0.0610922423566382 0.328871411475945 -0.0687716935472343 0.035475111516363
-0.0991527725460309 0.261477360933993 0.0529327590750831 -0.167714354984802
0.0307178725151625 0.265576184756937 0.157571657358432 -0.168684224519811
0.168194638247527 0.163322547682038 0.0979226558370078 -0.270681005361428
0.188645243326121 -0.0416784586379815 -0.0799292887955944 -0.222721054645345
0.0778742264492389 -0.158823535749682 -0.152955642146053 -0.0912177542442065
-0.0455115722876132 -0.15915108654962 -0.136171485726292 0.0122267070857708
-0.107319549915308 -0.0890234433349921 -0.0837261376764252 0.0324556577651262
-0.114229754087084 -0.0494715006714022 -0.0368503279431418 -0.00705762355540574
-0.107746199204786 -0.0539273621114549 -0.0215033543614485 -0.0649192280573635
-0.104182451305333 -0.110901228570612 0.0313092597105384 -0.119223156855751
-0.0332626855479617 -0.177769556053665 0.123001850870828 -0.12510181075849
0.0818403812419114 -0.164540127925032 0.178307986408127 -0.00976295106146854
0.220840666209043 -0.0362580468287578 0.0991388118414901 0.128829767603547
0.176753485225132 0.184109986163217 -0.0551594975382291 0.139409358342502
0.0296255648840405 0.278258717317297 -0.0628797740661931 -0.0485303626443702
-0.103670178764162 0.170312098857676 0.0853257543904824 -0.255443208988145
-0.0182168449193798 0.202230589856902 0.165681855135677 -0.191286534606391
0.101088477388041 0.143706060034489 0.133373731751985 -0.246783343607663
0.142743743152461 -0.0109023999060561 -0.00598683384363938 -0.229425081283263
0.0666171839130311 -0.112226073333968 -0.113515075373583 -0.154279644453351
-0.0266599922967815 -0.125508361597536 -0.152132251904672 -0.0496257239669428
-0.0825960696162383 -0.0741236350162408 -0.123136439180465 -0.00357740096140452
-0.0913198213046709 -0.0405165019140209 -0.0760134967420406 -0.0280122534048972
-0.0888627799333021 -0.0441934644378062 -0.0581673863533996 -0.0817784795270295
-0.0807049435094277 -0.0909648486934796 0.000563797757969866 -0.141091343842861
-0.0182176171166215 -0.143128812976069 0.103937520054185 -0.154819187441853
0.0797056228400616 -0.125481908314891 0.181404879238469 -0.0362204622277774
0.174185678491127 -0.000980191125370272 0.104637874351642 0.104578555947141
0.105626287386276 0.163075128255414 -0.0479407443888447 0.111424402644265
-0.0159358477869983 0.197910080917687 -0.0473387357052508 -0.113154742322942
-0.0848308847954703 0.0511917547446771 0.0982592931804051 -0.305388016746828
-0.0482632322262197 0.0982221004907846 0.162065963284029 -0.199937448818628
0.0303338581110324 0.0838816184734721 0.142137935511108 -0.22241388668296
0.0694560367689905 0.00702706746722949 0.0318791786518022 -0.224178187281357
0.0385050983397691 -0.051719402020777 -0.0912690062820593 -0.182937435346657
-0.00710497171437866 -0.0699895955950721 -0.158827715600948 -0.0835303726247698
-0.0451092825342096 -0.0463926868912358 -0.147641841967016 -0.0274495363494658
-0.0550489603137053 -0.0263138671625295 -0.1021150842531 -0.0438240238363622
-0.0597063571208729 -0.0303700909124704 -0.0816453814371233 -0.096823496784084
-0.051635690873353 -0.0615243969318605 -0.0157697310981145 -0.158049537420725
-0.00293455088278618 -0.0977825469289265 0.0963466254091552 -0.172010103903929
0.072256385301022 -0.0780319117852573 0.186590067745569 -0.0462276288812817
0.117080211865943 0.0335400195587327 0.1077309098242 0.0941771804639553
0.0295365292267586 0.128820097189538 -0.040364770352899 0.0893561070579853
-0.0586859084130428 0.0990469289243221 -0.0211580719131123 -0.153574290296051
0.083318317179408 -0.00193261439296678 0.0435271436418479 0.212943963570888
0.0111107703881602 -0.0639555650458052 0.094186644961356 -0.0732709878747485
-0.0531575697840995 -0.0329487683500728 -0.126498728368859 -0.11463280399391
-0.0335530448650797 0.0342492692380229 -0.228187830720631 0.0558650852457973
0.0058489180246321 0.0282198312446731 -0.0933782709735192 0.229625707343967
0.013299418073491 0.0170696117732555 0.0616442976217939 0.197909972810572
0.01935337783477 0.00972018639897205 0.114246114002643 0.110195567675418
0.00817101719673672 0.00447109390049482 0.13663248836675 0.042637291843352
-0.000307629708024413 0.00765065551561012 0.159643562293771 0.0136828758844264
-0.0161747392266188 0.00647671419185848 0.18137123308742 0.0518671317010429
-0.0165316568882875 -0.00979198005002948 0.135463325192856 0.153595186550334
-0.000560928711679131 -0.0220918419281447 0.00693476324177214 0.23023585448132
0.0329954835948115 -0.0392726507738338 -0.0897709370838188 0.241946143106897
0.0759568354796319 -0.000138292543626029 -0.152704315200262 0.241987901505202
0.0822966294485156 0.0737767898513545 -0.0765003566770288 0.352115767907269
0.095110995184318 0.113715051338875 0.0150267603961866 0.193856122771626
0.0770130127330349 3.54260336200035E-05 0.0969984099742483 -0.0742751564586292
0.0235811285692339 -0.036840882475702 -0.122389861586756 -0.147982104464797
-0.00219854319349458 -0.0202411152620826 -0.249488033777114 0.0346257958196825
-0.00436058591341834 -0.0331004220652343 -0.120955788230846 0.226701875620511
-0.0256385546050864 -0.0265206135587563 0.0450787604124782 0.209096415685468
-0.028966088841197 -0.00909686830180365 0.108878597184815 0.116642101694341
-0.0410867230618508 -0.00982610272407003 0.129891487314881 0.0420924582336742
-0.0481617605577724 -0.0175581493833422 0.147172964784254 0.000601612786195326
-0.060213026468313 -0.0499343468693285 0.176522662311226 0.0198208653548197
-0.0148943624043941 -0.0885824124531786 0.16222039715976 0.111382352717851
0.0600268991914333 -0.0730182890701061 0.0531957253364399 0.20901982745808
0.129158811517471 -0.0149529188398898 -0.0469758092375127 0.245361166923441
0.138776106517042 0.104297731310022 -0.117036174496531 0.237961117569455
0.0899811691741922 0.20494277004883 -0.0667789884197503 0.310843042048951
0.0775998229953591 0.22376554229766 -0.00765526935050114 0.135250686931585
0.128795965989414 0.0906297629080444 0.103766132933688 -0.0913782855483207
0.114534466477466 -0.0123186462372742 -0.105011542047958 -0.199982585256408
0.0536949732065631 -0.0724116915833242 -0.265966463646983 -0.0129012779603434
-0.00265669617669345 -0.101840672703354 -0.156331342727042 0.197665222942103
-0.0605313053382288 -0.0779826904377528 0.009375051079815 0.202481567325581
-0.0755359660428628 -0.0322968905151081 0.0829163905169935 0.116825253041142
-0.0848788058703837 -0.0225990214258134 0.104256568783402 0.0368765775758297
-0.0881194618329059 -0.0344555577000592 0.115277194925782 -0.0172400618349148
-0.101138674878481 -0.0882330863495983 0.152061099688845 -0.0255070718161818
-0.033329141272417 -0.150933275675121 0.178713467332973 0.0412240741033488
0.0844529621886707 -0.136104991104419 0.114427305993181 0.160410187447795
0.209236233527249 -0.034541579355001 0.0141191566391293 0.234674311322818
0.210420484765838 0.161631470116361 -0.0783295537114337 0.228271809416087
0.1093173588131 0.29590501855491 -0.0579063942070728 0.238428518053281
0.036948377892975 0.303822261042061 -0.0151795015536574 0.0375225124899799
0.149519933887554 0.191231425028735 0.112127046194523 -0.124147336138367
0.195729041185616 0.0406066941671703 -0.068243503359037 -0.256115390657827
0.125345586665466 -0.105053535739172 -0.256636440594621 -0.0849636107083989
0.0144505040885402 -0.161407333073961 -0.187424480975562 0.132859836529135
-0.0830756574836534 -0.127397243546021 -0.0405210986995662 0.170937290220248
-0.111532196694419 -0.0558646090688025 0.037006310594363 0.106837471930234
-0.116615230945599 -0.0311872790604215 0.0630395847079489 0.0274043665616103
-0.114956466514415 -0.0419987723123227 0.0692796140648816 -0.0348802863951578
-0.129303165109651 -0.106105980919854 0.109655626941456 -0.0695242160619093
-0.0587622145389777 -0.186723303764512 0.170450305784558 -0.0368868522627606
0.0780361494394314 -0.185690332331885 0.160500383628789 0.0894656260755415
0.248757359541283 -0.0735920506753195 0.0709466977701572 0.202235097772526
0.258562245477808 0.175259421597879 -0.0503177448960162 0.208173901098817
0.12347979141066 0.335729548198809 -0.0581713333649156 0.146418249671289
-0.0159602169307944 0.331791671964389 -0.00535579944504568 -0.0853315655644351
0.128397455814243 0.265328074000421 0.120866133722038 -0.167668684875584
0.231188223849793 0.107126229267757 -0.0131051836841444 -0.295298374910036
0.183068936709112 -0.101591335967987 -0.207770370633581 -0.161636330703567
0.0409143128038564 -0.190557580599663 -0.196467066786382 0.0374044559797997
-0.086004888055739 -0.158494409160527 -0.0934492861248808 0.112793573170925
-0.12950982465948 -0.0724729464871743 -0.0210234378792504 0.0839154142898977
-0.13031594144314 -0.0351008879800177 0.0121939881155577 0.0135089132892894
-0.125092097956864 -0.0426582994199165 0.0172600284048066 -0.0501918039472075
-0.136293937990664 -0.106905186448428 0.0586323611269924 -0.1035001832767
-0.0702214023050049 -0.191942065522604 0.141707025485293 -0.102887306398393
0.0644925162596212 -0.200076510501289 0.180208628701449 0.0183051917737578
0.24691462536925 -0.0912775336492111 0.105545032571492 0.157715506663738
0.257286758135205 0.168709789003476 -0.0369826340836884 0.180178300577189
0.112107605146481 0.326378583720568 -0.066472090004302 0.0491872258675283
-0.0589159041562544 0.29407671976335 0.0190707461741077 -0.205572414535614
0.0710382336180864 0.275634742332508 0.132625551018837 -0.207976199531669
0.199869837779272 0.148374634601689 0.0463491188083478 -0.302543573208118
0.193369334257201 -0.0676461203168261 -0.128737808632053 -0.216502805469161
0.058778607348057 -0.175410500255057 -0.178517173422149 -0.0618667363610541
-0.0711033944821233 -0.159043203035462 -0.136650742099451 0.0417444866404837
-0.123527019755571 -0.0773405013276129 -0.0801345031130521 0.0524894009589882
-0.124296629318795 -0.0340533720898379 -0.0386740841583587 -0.0016584132433266
-0.11798079471172 -0.0386851217492011 -0.0328220288309374 -0.0633149449039414
-0.122910111100896 -0.0976523319389181 0.0119866642005139 -0.127464204983479
-0.0615060566051739 -0.174792782290886 0.108339107365876 -0.148095619268749
0.0600773433043871 -0.179597531903799 0.182031692219519 -0.0338410870976009
0.218705934210268 -0.071088458025294 0.119958197660332 0.118748696826293
0.208963383414066 0.1611645679393 -0.0329291381634813 0.14972280089183
0.0720395356547412 0.279361742107382 -0.0718375091070536 -0.0393819942660483
-0.0786592265229596 0.199582392681742 0.0440488602583258 -0.29854917816321
0.00966594446376289 0.216681062573496 0.141145716642958 -0.232852760614281
0.126580378634224 0.138175088299977 0.0902833321420939 -0.284296928169709
0.148980800083326 -0.0286092538787121 -0.0522525020844137 -0.237456323612229
0.0550852713039703 -0.125648935150838 -0.148408629034325 -0.136416560832904
-0.0461157788123215 -0.126291247352388 -0.164575900267911 -0.0216115926628772
-0.0959130577560645 -0.0651498330329123 -0.128174178065537 0.0207472882845647
-0.0983845798258376 -0.028895076841985 -0.0818891190257003 -0.0171797550306157
-0.0969291039409402 -0.0319399021313191 -0.072803332032018 -0.0760622448136725
-0.0954734552457144 -0.0808052628839324 -0.0220035170032976 -0.145207661050785
-0.0398529047458582 -0.141948673333697 0.0851853429433307 -0.176511344816636
0.0630910178140675 -0.138742273303256 0.180470257356231 -0.0634202529943865
0.176669808936998 -0.0279037871230891 0.122618988523779 0.0923152932770402
0.132253443332831 0.150388188199971 -0.0301572017650951 0.120617978140191
0.0134959425661899 0.204904082366593 -0.0654806087714014 -0.109434751912075
-0.078091040782022 0.0711146211594989 0.0557022300633271 -0.344505382731171
-0.0356919882332504 0.112090900900991 0.139247896751007 -0.237999994446091
0.0438665228465818 0.0856370306918245 0.10897792403745 -0.259018725021794
0.0751385794282155 0.000361008231757015 -0.00772253760195371 -0.239586866120412
0.0341655550603572 -0.0587415634842708 -0.128851136495977 -0.172426656747126
-0.0172369834053393 -0.0720108465474678 -0.178785705923374 -0.0590642768492685
-0.0526356743400618 -0.0419658953387378 -0.15807989532209 -0.00127822445948645
-0.0593979611235713 -0.0196688285279239 -0.11115012940676 -0.0295543871018722
-0.0647015408796802 -0.0218909708555721 -0.0992750405196869 -0.0882069815258753
-0.0607826864459068 -0.054866433827115 -0.0407667524881229 -0.161275874857282
-0.0164201603701137 -0.0974198406816289 0.074012535898944 -0.193136363774471
0.0627713737172047 -0.0895413541673393 0.185721086134056 -0.074513126699872
0.123917852242021 0.0165811154540868 0.125424508653211 0.0813976320552845
0.0491847433272837 0.125842522396312 -0.0263413167941655 0.0984846381459552
-0.0461925638914273 0.109348079249611 -0.0451902486594282 -0.155086070947049
0.0841936563619507 -0.00917309216793546 0.0610888557274476 0.212812010816351
0.00642374246222479 -0.0660597407837971 0.0922109113744476 -0.0812194407582918
-0.0557994845326024 -0.0287454361595812 -0.135309983684282 -0.10765532812254
-0.0298129774202888 0.0370129871204538 -0.228192275093293 0.0728523301503968
0.00804984819628981 0.0270618696743518 -0.0763894658600993 0.238887550843925
0.014883082020617 0.0162725990747938 0.0773866364885647 0.195297785312392
0.0210609012950999 0.00780235091242832 0.122875315300543 0.104478518108577
0.00793513019598283 0.00396418209706772 0.139804514486992 0.0329064921380136
-0.000770312592156297 0.00732531389272403 0.160857447913729 0.00108980654955331
-0.0160921955982359 0.00783225066519174 0.185802085072888 0.0372359551492395
-0.0169103973283082 -0.00869735486178306 0.148478814763004 0.145081962792505
-0.00169057162503516 -0.0230042610961366 0.0239162146221759 0.233920962401247
0.029563303437571 -0.0421505400053078 -0.0737132631938672 0.250236130342653
0.0756967740009982 -0.00579559187090546 -0.138774996926299 0.2543226035561
0.0883977051721718 0.0679664557854642 -0.0516061212429336 0.360950636214177
0.105751155581781 0.10626962001255 0.0306412492772494 0.196258245349205
0.0773285386262076 -0.00677327637873743 0.0941347130615178 -0.0809100639324209
0.0212728045721154 -0.0381219816352797 -0.133297804874846 -0.142046007050112
-0.00300563547465864 -0.0195130176734865 -0.250358575177844 0.0525186847719088
-0.00703647489288846 -0.0332315513937419 -0.104389864628804 0.237214429524352
-0.0279246245260079 -0.0240968160104276 0.061163655666978 0.206972564442085
-0.0292617411680907 -0.00713599097747211 0.117299917872392 0.109628269619978
-0.0421525304360443 -0.00693233542233287 0.13206932857989 0.0326717269295938
-0.0507083209173135 -0.0139519507433911 0.146656423582542 -0.00983305299577145
-0.0649793590929983 -0.0452495280274439 0.178242496646249 0.00587287143549775
-0.0222331410462179 -0.0875691903302299 0.171606307628139 0.0991949360749375
0.0554866905909453 -0.0778165622833303 0.0694957901335989 0.208903239941933
0.129158113885827 -0.02423916132258 -0.0297393685091617 0.251897844895215
0.147407576507403 0.0937465608397357 -0.102762666642399 0.248588898226474
0.106792308091105 0.20039618756096 -0.0443738541642775 0.318993053749789
0.0977909291729999 0.218227916529841 0.00374500545177862 0.138840176955314
0.136089684706878 0.0809994342253832 0.100468600399166 -0.0977672608429246
0.114384952085277 -0.020730502848131 -0.120274623698328 -0.195166983972782
0.0492345990951592 -0.0762430111617875 -0.270307401106941 0.00490942224625777
-0.0111025945397784 -0.102221577560028 -0.142497372024822 0.210966472065028
-0.0671810363348945 -0.0730471612797723 0.0250305979104298 0.203055278960452
-0.0780358192539628 -0.0265572567338427 0.0907542632125717 0.111562739276093
-0.0867712564461142 -0.0161579230341468 0.106185059168602 0.0293214572641505
-0.0923520536554071 -0.0276168873206592 0.112980652411522 -0.0257168901006712
-0.109813353873254 -0.0805713136783636 0.149534226455183 -0.0377814700550711
-0.0464858965220969 -0.148695970817288 0.182904411165237 0.0266365915699021
0.0753717472799703 -0.143821779746129 0.127795983814156 0.155491003747501
0.207012665105078 -0.0512517838947756 0.0318114278455584 0.238032939528699
0.224698330627745 0.145787428730255 -0.0642871172231872 0.236380026190609
0.132900133055928 0.290708434198716 -0.040770308107873 0.245552351521466
0.0614303235767425 0.303138633342029 -0.0115400417058276 0.0413598634222028
0.165474482402585 0.180549520234618 0.106908747086211 -0.130763667204267
0.19929303398619 0.0261594067091318 -0.0874079078734064 -0.254525110454948
0.118759634587077 -0.114376051953111 -0.266280447350016 -0.0680037024442996
0.00163275611469943 -0.164143305724063 -0.179488536154405 0.147433610258197
-0.0941769642988309 -0.121046377472007 -0.0270273834963579 0.175549231069507
-0.116440736124185 -0.0470919261584262 0.0448585431399587 0.10426359139295
-0.118862591900063 -0.0225714111538474 0.0642486259326048 0.0224176426977457
-0.11908526364371 -0.033310718974843 0.0656038599869928 -0.0401953097493555
-0.139301369799409 -0.095706939080085 0.103387607229976 -0.0794971501179958
-0.0751927581578536 -0.182454998120692 0.167971552317893 -0.0531366470119512
0.064363694011257 -0.192782400364985 0.16857885574087 0.0802495380217256
0.244193159358441 -0.0939424285623255 0.086861676300561 0.201536994839705
0.273902491667006 0.15526761490933 -0.0366161886797952 0.215377868442373
0.150703187186622 0.32983351963945 -0.0480637026761967 0.153226725502912
0.0108490693641626 0.335127927554342 -0.010839277519599 -0.0832190447906321
0.14882663875355 0.256611997236731 0.112587770495621 -0.174804430655564
0.239856107061377 0.0903449242795803 -0.0349561380211133 -0.298063469980606
0.17652494491041 -0.115814405168428 -0.222101777897024 -0.150482921392357
0.0255853395407966 -0.195041536350263 -0.196792848309185 0.051438505081732
-0.100791936221141 -0.152274628048977 -0.0855802217655995 0.121304768302822
-0.135480461830867 -0.0622180668382394 -0.0147928918866419 0.0854220738983228
-0.133180790486604 -0.0251567793153242 0.0124959861169184 0.0125641486834926
-0.129078508850086 -0.0332821277996254 0.0121686424667438 -0.0516085629306295
-0.146411520228254 -0.0968710569174032 0.0497032510000468 -0.109130871056706
-0.0874561454490761 -0.186975256834372 0.133175461829584 -0.117832222039394
0.0489412051959193 -0.205816678210673 0.181927809539442 0.00608786511518501
0.24066479089316 -0.110381202014758 0.119511328968675 0.154194306792617
0.272392948236604 0.148673038210743 -0.025352170288282 0.186377721325729
0.139008345265202 0.321178691138267 -0.0627872853016745 0.055863404916866
-0.0362226751366758 0.300631237820545 0.00421573451485675 -0.207278799763288
0.0924065886373429 0.271926605829371 0.120090878363429 -0.217009255638685
0.212726840440496 0.134310776610581 0.024369018843586 -0.309942416609082
0.189903164633295 -0.0822219936882278 -0.146199810693282 -0.211427293169931
0.045033880186613 -0.181339738033437 -0.187015375417033 -0.0500078900351017
-0.0854879850608522 -0.154078402772635 -0.134994255813289 0.052803706547131
-0.130113880363625 -0.0667976455561756 -0.0767024817042931 0.0590966688896162
-0.126230703373032 -0.024866869253147 -0.0395304985237465 0.00130114298696589
-0.121882147793814 -0.0295184448028941 -0.0384144376798617 -0.0606037182455571
-0.131496718659606 -0.0885424738437187 0.00154016075185474 -0.12971186679487
-0.0767485394047977 -0.170502076756424 0.0962169389133547 -0.160265678865999
0.0469286804232698 -0.185335155230628 0.180758898717331 -0.047001863326361
0.213725862750875 -0.0884919626352085 0.130453118416428 0.113521991779102
0.223133326025135 0.14446234613256 -0.0228704943363205 0.155450908173988
0.0942940162566216 0.275638199118613 -0.0751977159604304 -0.0329427781650562
-0.0634962335894165 0.207557727320745 0.0227235888082934 -0.30298292307595
0.0267809505982096 0.217120623876739 0.127126112681506 -0.243839369364085
0.137130118063908 0.130109395419642 0.0705599045869094 -0.293383016290057
0.148797140015541 -0.0400603540404833 -0.0706484120291198 -0.238230865540955
0.044990520139442 -0.130687000573754 -0.162174264495635 -0.127400105652367
-0.0575661861565497 -0.123202691348045 -0.168794380308942 -0.00852630616713443
-0.101351083647809 -0.0575857194790829 -0.127606401858247 0.0312473730965717
-0.100602382391135 -0.0218067354355748 -0.0840181672183082 -0.0107562098298335
-0.0991094630557827 -0.023908458908789 -0.0795998292154473 -0.07058563367971
-0.101985913049943 -0.0735624030981173 -0.0336749594610396 -0.14492984857341
-0.051448256978965 -0.140025417936334 0.0704357287123483 -0.185635542384515
0.0531450471600287 -0.143945823162913 0.178101509629854 -0.0765897101008817
0.174185983119645 -0.0406753471257547 0.132015027350153 0.0862362880151745
0.145869323898023 0.140691049961554 -0.0209986438945787 0.125988334791946
0.029760379104211 0.204993886926963 -0.074521018761318 -0.105212129034264
-0.0724202466438909 0.0778409633625176 0.0299530794874419 -0.350613641491142
-0.0266918524910272 0.115382259150883 0.125066541031476 -0.250049044694699
0.0500861105313169 0.0834475987700863 0.0920127544301222 -0.269370931081474
0.076051496772934 -0.00475964270404987 -0.0258808210048291 -0.243495880299881
0.0299848899705247 -0.0612129359127412 -0.144931248821205 -0.165114344293971
-0.0238611164717712 -0.0709629257444978 -0.185587670472154 -0.0459433060173597
-0.0566775234067674 -0.0383148382108404 -0.159358362111317 0.0110219247175293
-0.0601985783014408 -0.015213349325081 -0.114398730223936 -0.0213636527753911
-0.065754055529143 -0.0158565230258825 -0.106464549259469 -0.0806776869503834
-0.065324336390394 -0.0498084974750683 -0.0537245326756703 -0.159836951375611
-0.0247512208358911 -0.097440528245904 0.0588740782737098 -0.200993851344038
0.0560631973858135 -0.0942806059828182 0.180868175575352 -0.0884878609908274
0.12581642208846 0.00785688547342317 0.133049212066808 0.0748469395721381
0.0591081305118445 0.122896451489725 -0.0187653121775903 0.102519394980271
-0.0381481478936503 0.112911725574831 -0.0577990361479977 -0.152245470287699
0.0806025106171596 -0.0157407886851354 0.0750436218236229 0.200987212030399
0.00136427716158776 -0.0643246273584488 0.0857742462976379 -0.0843541035925566
-0.0549622588439328 -0.0234149549575746 -0.13649280658115 -0.0968051760910796
-0.0253195557024899 0.037323457678041 -0.216217898094894 0.0848172660684145
0.00925425241013682 0.0252247926552171 -0.0566185398833851 0.234036060706633
0.015436742873299 0.0150429330719879 0.0872736068472374 0.182508410139704
0.0206934138002641 0.00490958034061962 0.124717691998879 0.0938939973489357
0.00774658043425382 0.00287676965014842 0.135648044734289 0.0232494185232193
-0.000522572277823899 0.00721484513601445 0.153051286020059 -0.00950615253113948
-0.0154591344387251 0.00842385220900846 0.180443756894992 0.0228154758762408
-0.0167438166261544 -0.00706434258721767 0.151969909207382 0.129588967942827
-0.00294162852722679 -0.0221159352464025 0.0386057136983193 0.224596017843651
0.0255243491334955 -0.0421616399977083 -0.0550756144961907 0.244656679216827
0.0711212818614068 -0.01032596094762 -0.119511170431813 0.252879133572889
0.0895786166096985 0.0594153025659148 -0.0261479614577462 0.349285942205588
0.108713213927876 0.0937328968592758 0.0445596177104385 0.187889116066769
0.0737324926736777 -0.0121760202708458 0.0884011181490229 -0.0832593836793869
0.0173086483486867 -0.0381673597450606 -0.136683960420935 -0.12930062309304
-0.00289088884811841 -0.0186956182941489 -0.239030833408493 0.0666953189740453
-0.00920803899896804 -0.0320408109387037 -0.0843454505665945 0.234912415452247
-0.0283561740144265 -0.0205782768132527 0.0734736909790718 0.194451377078125
-0.0281875692919909 -0.00511419142079757 0.119472982682448 0.0984486989631449
-0.0411894040060138 -0.00411529744211046 0.127950569396213 0.0229192087724981
-0.0503389433642432 -0.0100092568942544 0.137834799961735 -0.0193827104770676
-0.0658112330076213 -0.0388218629400774 0.169931408795526 -0.0073214124658053
-0.0274830503816418 -0.0822414248020934 0.170967806711204 0.0834460827008318
0.0479853066254964 -0.0791714961071436 0.0806580888168475 0.198032640045296
0.121758550144235 -0.0322237310922014 -0.0135168573493615 0.244742342171472
0.146891733457416 0.0798485262284147 -0.0854982617538808 0.245280304796135
0.115645759280459 0.185028707151593 -0.0217181513611791 0.310038305046883
0.109713764684155 0.202463527802423 0.0149923469997081 0.134577574473063
0.135450911503401 0.0677604319748853 0.0932459012651065 -0.0986498160897559
0.107385131486203 -0.0278699318283038 -0.127710255961143 -0.181807843797639
0.0431451842605763 -0.0757745217801496 -0.260903170182413 0.0211195466962376
-0.0176904435694098 -0.0969895813540971 -0.123666608912227 0.211406266413432
-0.0699877368762166 -0.0649732240013345 0.0372411465831755 0.19273178024674
-0.0758392092293401 -0.0197750547615804 0.0947402100535395 0.100804612061457
-0.0835763703238339 -0.0100115745173116 0.1024749729221 0.0210966793938661
-0.0912120136353658 -0.0202107993491597 0.105095085062275 -0.0315934440939124
-0.111619839568043 -0.0690747009182792 0.139399212912959 -0.0475099835910408
-0.0556129691451293 -0.138905657732774 0.175697869405544 0.0113703847950101
0.0624062748773684 -0.142799113943344 0.132982909015747 0.143205707017945
0.195061322435748 -0.0630589379645798 0.0453443285947811 0.228301063811168
0.225122218740443 0.123560060947235 -0.0480690323640566 0.232825697394997
0.14705091091253 0.270759280595621 -0.0229371404956154 0.239362858661906
0.0805292969670161 0.286164596196614 -0.00664059119958212 0.0427746571906688
0.170777747127759 0.161351388353948 0.0972506955998108 -0.130698095793192
0.192370706258122 0.0124814219991268 -0.0996108606134978 -0.240968819268414
0.106846740824134 -0.11756169279382 -0.261395716213307 -0.0503787191371196
-0.01082965747767 -0.157104910726347 -0.163228592061545 0.152859835765215
-0.0994959108116336 -0.109010031822343 -0.0145046626732931 0.169985098853544
-0.114373365248679 -0.0366577885218905 0.0493640047007978 0.0965530051852765
-0.114608991327457 -0.0133794301415248 0.0622675693657663 0.0171798642732038
-0.116982368328388 -0.0235439487274183 0.0585433980731965 -0.0427662306986903
-0.14094397896331 -0.0820766134913559 0.0923121556542901 -0.0834690914077235
-0.0861011958258659 -0.168391826784247 0.155710634664056 -0.0636322634458619
0.0487029577593266 -0.189102000917 0.167471935177034 0.0676601813833105
0.227026875876363 -0.107071905410366 0.096645312044401 0.189723824453768
0.273523875548914 0.128959681957774 -0.0223983733682913 0.210567393444133
0.166552948254416 0.306762098143579 -0.0346816985273781 0.150855025670167
0.0344923887522295 0.320374557516616 -0.0149984190429558 -0.0772545842992098
0.160153900875746 0.235978048059704 0.0994238202982919 -0.172951736369441
0.235254197370679 0.0713188449518738 -0.0519346997185839 -0.284894005567733
0.162128976781462 -0.123336526885066 -0.223738907858065 -0.132448521661008
0.0105873826028013 -0.188624908804127 -0.187442578154289 0.0617376950277504
-0.108764009183907 -0.13772485809516 -0.0740664057885858 0.122199113930064
-0.13409825375021 -0.0495461586055458 -0.00836766702555941 0.0830769164457886
-0.127691525356255 -0.0151234061387445 0.0117232696631002 0.011722326245367
-0.126061384258329 -0.0224400485751575 0.00690661575552406 -0.0496036832479212
-0.14773209792052 -0.0817572474671707 0.0389819649595811 -0.108417076543245
-0.0988308890940028 -0.172232134525517 0.11815369843238 -0.123625723735077
0.0332263853353932 -0.200149926175172 0.175999516165676 -0.00438871271588457
0.221939607997059 -0.122678992115176 0.125163508719966 0.142282686038661
0.272495103055947 0.123309282021466 -0.0121828096052797 0.18295161828543
0.155902966124057 0.298902104901509 -0.0561507983550086 0.0578087481003641
-0.0138337545823188 0.29057355760087 -0.00940294837332398 -0.197568007815514
0.107189197594643 0.254644746696551 0.103038473223447 -0.213739890755993
0.211811575384043 0.115311167804563 0.00358031470278744 -0.299362636452318
0.176991953167558 -0.0920009060451699 -0.155040360049086 -0.195060110343348
0.0300582730024174 -0.176889882412652 -0.185248649068788 -0.0360599375467597
-0.0940772209602343 -0.140519727836063 -0.126599825877803 0.0606782852363027
-0.128860867560679 -0.0548172650625212 -0.068918980464775 0.0615334198605925
-0.121537963578342 -0.0145629213552606 -0.0386084684215431 0.00394446298158213
-0.11843212662306 -0.0195871845860062 -0.0421697308685652 -0.0546171145044169
-0.132288819133087 -0.075484240766302 -0.00878112783880818 -0.124891630984748
-0.0869775710465045 -0.157590806585687 0.0797336571028247 -0.162012607931857
0.0324723006997476 -0.180183416359205 0.170792066930385 -0.0558266339116286
0.197171138501148 -0.0988372209358629 0.133199982737626 0.103095245318824
0.223659302247699 0.122733606608052 -0.010799517076308 0.152721832155662
0.109534463884888 0.258332971505632 -0.0739873273987723 -0.0269099720169164
-0.0461696794543718 0.203180967440465 0.00170295408657351 -0.291023860882486
0.0405155469552828 0.206577756798406 0.107712511341875 -0.240604874232667
0.140564474225858 0.116185042477206 0.0488230131524655 -0.287003755660584
0.140312629421253 -0.0484419479046321 -0.0832394110612988 -0.226011202009086
0.03460710776442 -0.127958147055271 -0.166441753910812 -0.111647297263529
-0.0655698716420459 -0.113064901137712 -0.163231958842346 0.00380446695468733
-0.101365138727882 -0.0479542364998691 -0.120029592757898 0.038684894882897
-0.0960342030413816 -0.0141302265497031 -0.0816697076200318 -0.00485704682478597
-0.0959344387279311 -0.0154910446773557 -0.0825254967078489 -0.0620644526778635
-0.103426796748149 -0.0628689553202333 -0.043139362361547 -0.137054790747451
-0.0598362938913669 -0.130328955617699 0.0544668015572552 -0.184822624698519
0.0416258593259919 -0.141123089654006 0.166357290161439 -0.0848009684742539
0.163356544514345 -0.0499852903727721 0.132435282047606 0.0762271766919679
0.149187122341857 0.124153534451476 -0.011995641202314 0.124052940864429
0.0416627407555032 0.19414204532947 -0.0780803040836689 -0.095627170308673
-0.0630206854735715 0.0796788481343138 0.00643462181886503 -0.339263428447143
-0.0172369848434962 0.11199974075646 0.104585004873402 -0.247101341657636
0.0534617749951838 0.0772394629679203 0.0715337565274573 -0.26421002516365
0.0730066260254437 -0.00954376151469782 -0.0398410501934537 -0.233919502724153
0.0247789385746193 -0.0603026271695839 -0.151828583684979 -0.150177474765462
-0.0294739634900564 -0.0654887315085847 -0.182620463460133 -0.0307953622759828
-0.0567093075355262 -0.0320874938090599 -0.152046727215611 0.0217337623619706
-0.057671212560862 -0.0104379084595578 -0.111338965021836 -0.0126542061570182
-0.0628430016758435 -0.0100525238241789 -0.108104831614518 -0.0705991190419246
-0.0657006882356119 -0.0434432915687947 -0.062435143983433 -0.150648294693395
-0.0310786626033513 -0.0913846426451238 0.0428985144761457 -0.198975851737317
0.0478514907659925 -0.0940963804212012 0.169131179935508 -0.0973892499113407
0.120399199740097 0.000191048442930476 0.133059543084908 0.0649282929086319
0.0657072828518969 0.113147008759147 -0.0112043628424192 0.100450307042199
-0.0295879921230213 0.109906360211263 -0.0656307220990303 -0.142239742377409
0.075067101114071 -0.0183549911073761 0.0774850132190947 0.187621232689146
-0.000611310036046066 -0.0605122973911919 0.0807776830786956 -0.0823800572094946
-0.0517938864723886 -0.0204484686235285 -0.13019041526035 -0.0886714070805797
-0.0217902830279728 0.0350548213775795 -0.202810854027817 0.0853820793817147
0.00913551469434791 0.0233042630703077 -0.0480307320104921 0.220832156235519
0.0153649469948158 0.0142493619366179 0.0881964613834192 0.168695728700386
0.0192719917898703 0.00344050447489902 0.11946310443984 0.0856916961405827
0.00700952313624014 0.00202351201303194 0.127843680512263 0.019096209823896
-0.000815068957464731 0.00686185814547515 0.143401999075264 -0.0129946775077453
-0.0144016506681231 0.00865781737945747 0.169143252810566 0.0163002932568219
-0.015577279465556 -0.00641032123295498 0.145983907097126 0.118213529656294
-0.00296924373760986 -0.0209821168191139 0.0415974050543448 0.21115998163722
0.0225937436784695 -0.0395308952606285 -0.0470844883790036 0.230249603681137
0.0657148454294298 -0.0109057836438208 -0.109222201452399 0.240353685455341
0.0857057621522827 0.0531424365628726 -0.0170081171778951 0.327398675251808
0.105102653808106 0.0840656600580233 0.049092084132119 0.176046103759425
0.0680445287806279 -0.0139845900988739 0.0837149978766864 -0.0801637026724934
0.0152194013609706 -0.0354385401945389 -0.131112855667855 -0.119941220127671
-0.0022005916466421 -0.0173690709726802 -0.224887128585874 0.0671641901218202
-0.0101714812792624 -0.0298547324266817 -0.0735073342908034 0.221803925270484
-0.0271098060632808 -0.0184513905222249 0.0741476080727633 0.179964643248564
-0.0264167845946801 -0.00489973809325659 0.114549849892948 0.0904030049094621
-0.0389351597629933 -0.00303928011346949 0.120510179913026 0.0188119845776534
-0.0482919247665009 -0.00802482099927731 0.128700870442987 -0.0213635015781972
-0.0632380719543548 -0.0346299836385321 0.158209134927746 -0.0112303999891343
-0.0281148893554256 -0.0754153494248069 0.162516857931731 0.0730556945820606
0.0438210566274762 -0.0759779507070786 0.0807365401497497 0.185434807603119
0.112705531265631 -0.032833546194565 -0.00681838373471922 0.229794716455662
0.139045144957412 0.071875714568243 -0.0760977755995312 0.232502566355869
0.113162420779338 0.171117809206636 -0.0128952620492374 0.29082399464018
0.108661827225794 0.185016102026368 0.0197078450676992 0.128123906495785
0.12880877872491 0.0589293884830285 0.0883718793386748 -0.0944969833540231
0.0993423261688966 -0.0282427112042805 -0.123507852161811 -0.169474418267143
0.0391309651660435 -0.071991269313354 -0.245293544025578 0.0252338884657615
-0.0200589483476931 -0.0909503557342457 -0.110541005906064 0.201291419702526
-0.0676879777127051 -0.057881320178012 0.0409836065068688 0.179979190895017
-0.0717008935802645 -0.0170333047397684 0.0904106956152094 0.0925876939877625
-0.0788281227210186 -0.00706349396977747 0.0961663855654838 0.0182055893959451
-0.0865019600208306 -0.0161203434503609 0.0958373126685458 -0.0315340997772291
-0.107286230946938 -0.0608950715855346 0.128174384457485 -0.0482594517521281
-0.0572041217662269 -0.128289276547128 0.1642177090974 0.00541945748103569
0.0549794332253344 -0.135398272481634 0.129081435105798 0.132681185656661
0.18076597314803 -0.0642085646450634 0.0482455834024353 0.213708522084044
0.213387655331593 0.110260702388291 -0.0415527292223206 0.22099395763738
0.145389322451597 0.250456287997527 -0.0147790468654106 0.225180892241529
0.0845406539319531 0.264477696421479 -0.00302658668082302 0.0419043335021958
0.164108182721776 0.14570214193481 0.0913950529155331 -0.123055210579503
0.18037702665904 0.00691439060212931 -0.0989194279879363 -0.224678389500485
0.0974655841382237 -0.113008466884112 -0.248480062672228 -0.042433445366692
-0.0147701456894913 -0.147038977221809 -0.15087493561844 0.146980788849808
-0.0969477182678559 -0.0976274842939997 -0.00879650523426296 0.159859649206142
-0.107968984999798 -0.0312353698174294 0.0489384316510603 0.0893338708812312
-0.106822787697194 -0.00983565658937728 0.0577867150802123 0.0153286722869111
-0.110889426679566 -0.018785902850202 0.0520596856843209 -0.0406448295607744
-0.135088445543328 -0.0722951487161956 0.0822917607533341 -0.081406264396934
-0.0865135535775303 -0.154541407038566 0.14255779210456 -0.0656179395630651
0.0407223906524818 -0.178338159992264 0.159636460833852 0.0607776482801178
0.20837403311285 -0.105696163629114 0.0957918879693375 0.178069558411839
0.260130559562296 0.112889551366111 -0.0167806310755837 0.1998271964642
0.164672658409981 0.284567887605711 -0.0281465760899848 0.142779058813548
0.0411387458713949 0.298448344247896 -0.0141200577094561 -0.0702654224481678
0.156241169459247 0.216601965864742 0.09227066760982 -0.162020006194718
0.222330084051374 0.0615055908616253 -0.0554766624869802 -0.267540812186604
0.149405715931843 -0.119831800751562 -0.214144734239941 -0.120122456118195
0.00366174318640719 -0.177083579643068 -0.175822524802711 0.0624630717620273
-0.106701845905351 -0.124994818215446 -0.0669591389762827 0.117243424923151
-0.126604032562582 -0.0423956335891619 -0.00638605788874547 0.0772045466357894
-0.119119991450782 -0.0104800502542076 0.0109837337601962 0.0115970210788748
-0.118302067599455 -0.0173556832882803 0.00387961352825354 -0.0456142414144236
-0.141102851296646 -0.0722435490948988 0.0322656485201192 -0.102890416698377
-0.098399270168742 -0.157707349671703 0.105095723571853 -0.120837742285161
0.0257803426838711 -0.18818623584539 0.165784887606774 -0.00759928132243001
0.203140359567845 -0.120921182192226 0.121272421221433 0.132978931643944
0.258501208880262 0.107386385193858 -0.00663924009107208 0.173614843348824
0.154300788268048 0.277234371608746 -0.0502453554323402 0.0560290405412361
-0.00423765734110391 0.272203270924962 -0.0125566031973822 -0.183544438347176
0.107081582692046 0.235864560508604 0.0941417074498561 -0.200664833795566
0.200991026850535 0.103908267957966 -0.00295188516433827 -0.281561496605837
0.163991513571352 -0.0910904351149205 -0.150366379980983 -0.18155788736785
0.0229140504503946 -0.166495250686179 -0.177108921128635 -0.0294682018199353
-0.0940403160838053 -0.128267944876455 -0.11832600019214 0.0612909590567082
-0.122586923225338 -0.0467619376528918 -0.0631834216926864 0.0598548772951985
-0.113177306686509 -0.0106588517081561 -0.036236448399652 0.00568046581986413
-0.110763088117076 -0.0148274806842373 -0.0421787166787135 -0.0493675830437651
-0.127133921540884 -0.0665451866374601 -0.0124100230040574 -0.11648973617886
-0.0873477508298512 -0.144923107675703 0.0684495893148725 -0.155780466974312
0.0258016483291832 -0.169677914427325 0.158763005800609 -0.0557403202057827
0.181121935917111 -0.0966202394099732 0.128494521896273 0.095507143028848
0.213215221668691 0.108069717231798 -0.005946808601476 0.145371694664052
0.110073326347455 0.239537504627878 -0.0695490772251534 -0.0228993067528502
-0.0374335335811544 0.190678356275393 -0.00531349517695504 -0.27249308383693
0.0437185339272064 0.192914130423947 0.0973834990273156 -0.226658520621672
0.1340734720187 0.106276159113448 0.0400984616879882 -0.270649219874715
0.13067643813042 -0.0491447255025087 -0.0835220953977144 -0.212518890317134
0.0286158476561668 -0.121046440496368 -0.160871594966554 -0.101327047461816
-0.0658481668322215 -0.103013469447043 -0.154268009813425 0.0086474665815041
-0.096342739944109 -0.0413595910037069 -0.111384944921033 0.0398492852568679
-0.089711867649803 -0.0106573874284883 -0.0765762074233158 -0.00211499158765922
-0.0893581157305481 -0.0114020507068744 -0.0786452946024115 -0.0551569041302341
-0.0985516489472529 -0.0562146794831899 -0.0441823787388303 -0.127794732580627
-0.061044161292354 -0.119579431851705 0.0443565913314742 -0.175980469805002
0.0353751272537204 -0.133494726668701 0.154212680117345 -0.0830620265620898
0.151662434853805 -0.0500731678821449 0.12733688976722 0.0704128334488084
0.143075538428883 0.111916480695416 -0.00720166935015261 0.117218328758002
0.0435901876467682 0.180930186516294 -0.0762869501927975 -0.0875495534118922
-0.0566308867874123 0.0754629448892862 -0.00195288694090318 -0.317789226755361
-0.0123446254658087 0.105417809314525 0.0938224442859742 -0.233834452439107
0.0513178464416499 0.0713972653387582 0.0622215777896095 -0.249234796200559
0.0687126448041109 -0.0110170375411191 -0.0438340727317077 -0.220553615817254
0.0216280942693433 -0.0575656029596165 -0.148729263942311 -0.136676479951722
-0.0306012827093031 -0.0597664882909821 -0.173765870236164 -0.0230177817367818
-0.0538127373633678 -0.0282133554847881 -0.141854281567966 0.0247917667065441
-0.0534794711104944 -0.00800842737519421 -0.104499990195656 -0.00876411597658552
-0.0583219011693794 -0.00794569299475117 -0.103418458084798 -0.062678298788328
-0.0628896721583501 -0.0382804946321271 -0.0626338469695012 -0.139166242322345
-0.0324395090467697 -0.0848049739480362 0.0338761322475315 -0.188131476301654
0.0424754469611217 -0.0900118598980756 0.15645417104233 -0.0948891780280327
0.112507237607197 -0.0023621936558355 0.126658878583698 0.0589536248547099
0.064373871059118 0.10379307715572 -0.00721281102068763 0.0955740496791538
-0.0259156104645479 0.103990854393258 -0.06593429549105 -0.131501642996738
0.0716098089406795 -0.0169351470589956 0.0740177518230955 0.179901988721974
-0.000411298517026597 -0.05853235165794 0.0809453917951749 -0.0788840242660157
-0.0490169437288714 -0.0206812367974851 -0.12287997745332 -0.088463217877334
-0.0205694028375858 0.0325103789949053 -0.196608241653077 0.0780533650357206
0.00828770190895081 0.0218975742422361 -0.0492525637419085 0.209457388599206
0.0149580628633582 0.0139079761829187 0.0815230278857423 0.162047821949015
0.0180991461988325 0.00305068861947336 0.113587133989488 0.0842511791583421
0.00628474810376773 0.00164465162152962 0.121745118310892 0.0202228705041337
-0.00160663622882423 0.00666039182313712 0.136959095699258 -0.00970824842588407
-0.0142278661462348 0.00823573448968769 0.160604777453453 0.0180635471826279
-0.0143672388369814 -0.00596956659493141 0.138686806602436 0.115508362181434
-0.00244212958153564 -0.0209789099125582 0.0367266958543893 0.203651712041933
0.022180345019741 -0.0368708432104585 -0.0498174917842312 0.218088703027834
0.0618661395050609 -0.00795725654365093 -0.110592155226244 0.227619464105698
0.0810941524493954 0.0517781432254765 -0.021507929587925 0.312641345836282
0.0994817479696798 0.0804246691550954 0.0476333680677915 0.169803290592004
0.0642588075220278 -0.0125728681023704 0.0845194329373534 -0.0763256191294041
0.0153219304261842 -0.0333539692254103 -0.123178608320307 -0.118287232994065
-0.0012266287268389 -0.0167555148913475 -0.21646859024554 0.0603977037515913
-0.00922462526985875 -0.028836623673007 -0.0736257769000939 0.210145562331297
-0.0253334433916239 -0.0174990080665192 0.067954139414329 0.172228029733586
-0.0251485224174843 -0.00523429719045679 0.108351958553838 0.0886091289886164
-0.0372362061830948 -0.00339308392755774 0.114063087507145 0.0205087508753481
-0.046617259917114 -0.0078739372497182 0.122537316723933 -0.0177189669208537
-0.0609491155444538 -0.0331322994703269 0.150103789653373 -0.00903878424867299
-0.0258570497948447 -0.0720727732115498 0.153559371509729 0.0720788837572217
0.0431673242527427 -0.0720795871557541 0.0757401004240461 0.180540776577921
0.107397655897867 -0.0289355956742203 -0.011295017516853 0.219139079514595
0.130930794515871 0.0708551447514954 -0.0785234824650472 0.221916816850712
0.106291984616761 0.165772564110474 -0.0164361314586665 0.277617702540353
0.101237144202403 0.1766025834179 0.0194248311979636 0.123833979212424
0.12141880867607 0.0580110446949088 0.0896106617664464 -0.0882252418694236
0.0949432525075176 -0.0254608151610486 -0.115232977063617 -0.164943154244523
0.0385966794494066 -0.0680045865240998 -0.236124679154185 0.0188860968979136
-0.0187440832659048 -0.0868937271680817 -0.109252949151094 0.189837179590992
-0.0643004301248902 -0.0554504425374248 0.0365102065305313 0.172291375789506
-0.067953347262731 -0.0175147223703368 0.0847805701883024 0.0897234012343058
-0.0749456634099697 -0.00814794530433742 0.0911872540169682 0.019093949924346
-0.0827234575820822 -0.0164506514098908 0.0915128895376539 -0.0277983908921516
-0.101980371874713 -0.0591095323084968 0.121783756712188 -0.0444162166910132
-0.0532976417422124 -0.121958550225956 0.155030216659897 0.0060486337242435
0.0547818950910364 -0.129115525888379 0.122382218937004 0.130540757573016
0.172294585981365 -0.0580469811364943 0.0425395537199992 0.206516903201823
0.201563974169681 0.108047491278936 -0.0447608734245146 0.210865971284924
0.135352734346308 0.242578822345503 -0.0164556261930659 0.21462534286198
0.0768050019680837 0.252620829132664 -0.00118609070222879 0.0414593557658135
0.154133812517821 0.141129010672987 0.0923882692820816 -0.114972669326173
0.171324528252361 0.00955654850036616 -0.0906940725080119 -0.21841162790027
0.0950711034610476 -0.106620959051257 -0.236931417600798 -0.0459823691996537
-0.0130901513576508 -0.140112797543715 -0.147337428479457 0.137719316744759
-0.0926288585932963 -0.0930065022433302 -0.0115054202774356 0.152642752783637
-0.102296410033105 -0.0303580464012498 0.04517780997111 0.0855009336303237
-0.102098316971088 -0.0107646910947032 0.0545821057633747 0.016446706139549
-0.106051303196533 -0.0194596889311243 0.0494477199121796 -0.0363082847069118
-0.128730430124148 -0.0695041739367789 0.0790632339211256 -0.0757977708891235
-0.0820160850770068 -0.147628865362085 0.135012134786505 -0.0620025746572191
0.0411503515905956 -0.169851072337901 0.1525332559042 0.0622383778765761
0.199868628190417 -0.098008696186659 0.0890996981873544 0.172856346291843
0.246366079831373 0.111292309249228 -0.0191812871599767 0.19237439042858
0.153297073012616 0.275041642801107 -0.0283457161692694 0.135264346555736
0.0355566555541347 0.284385187698596 -0.0112660455197294 -0.065181374647325
0.145763441279617 0.208550510876161 0.0934051669557061 -0.151616978901636
0.210696776238708 0.0623555067903695 -0.0478174513993609 -0.257286970697891
0.144281800199572 -0.112435862256449 -0.203449098308763 -0.119515003001353
0.00518671516898146 -0.168696745494306 -0.170724380408817 0.0576608323474093
-0.101858641729988 -0.118866701808566 -0.0663382883523242 0.111597984993223
-0.120706050385229 -0.0419163831892462 -0.00694068376548507 0.0738045791629077
-0.113376358118482 -0.0116410911401581 0.00974399582655211 0.0115961168850484
-0.112548704912214 -0.0176296673851161 0.0038491798602449 -0.0419379510543306
-0.134813694591686 -0.0701115501757502 0.0314783915931834 -0.0976654195451673
-0.0931800346425949 -0.150422071942968 0.0996928803170677 -0.115244403819154
0.0268425197411779 -0.17986125033539 0.158820092752994 -0.00348684725220951
0.195546448689831 -0.111847419340579 0.114966706786229 0.130906236724523
0.245198109675809 0.105297465118448 -0.00884006960638221 0.167562083552219
0.143730956654342 0.267262092983917 -0.0487476874421311 0.0524946321514494
-0.00778230375204887 0.258641114184697 -0.00741514064024998 -0.173644756714638
0.0988078706851251 0.226504309642243 0.0963178891488913 -0.188238498705735
0.190539815093027 0.103104870773061 0.00214669292032098 -0.269511574449375
0.158033843455808 -0.0849698202146537 -0.141204862451228 -0.177625868365667
0.0234232099486795 -0.158757226440265 -0.169630369188929 -0.0306615857237138
-0.0896455484339183 -0.121561217236658 -0.114039227105961 0.0573200874289037
-0.116651454399394 -0.0460000344631573 -0.0611587312431569 0.0563114213961046
-0.107582885926745 -0.0124483292202547 -0.0349255199781693 0.00498068808988436
-0.104636886492333 -0.0151941879669397 -0.0399921362970576 -0.0470220659371832
-0.120953097612587 -0.0649999245607279 -0.010626017383504 -0.111431917019399
-0.0821601706880809 -0.138122887545347 0.0651331748850019 -0.148772879864807
0.0268677253142405 -0.161400027128812 0.153702620771076 -0.04965138649684
0.17356637600607 -0.089326663349318 0.122800560863231 0.0952190185037607
0.201858818004851 0.105163273980454 -0.00706510207639157 0.141060831069243
0.101195926121988 0.231076679867616 -0.0656611561135334 -0.023515459909291
-0.0378702349174253 0.180671274968551 0.000126242007088118 -0.258714968713732
0.0395134437984425 0.184139986632543 0.0989375238518307 -0.212937260683779
0.126580769118777 0.104320023931072 0.0435283849571171 -0.257203040992857
0.12617768750802 -0.0456224206640116 -0.0762757229649012 -0.205400536138939
0.0285666924391428 -0.115142990760992 -0.153840514928549 -0.0988796011888299
-0.0632061333201541 -0.0982186536424001 -0.149126617799348 0.00796333410900924
-0.0915160871547223 -0.0407637350110106 -0.107342048725532 0.0371419548588858
-0.0847480490819294 -0.0111572405088767 -0.0741747411108242 -0.00293726202950463
-0.0839186897809949 -0.0119183390445726 -0.0751434947157464 -0.0530112417017592
-0.0937509551409568 -0.0542450493572733 -0.0411814365142575 -0.122802457430699
-0.0574882819625596 -0.114660582033437 0.0421372202503292 -0.168473203570746
0.0358724631000074 -0.126988637097895 0.148328097236865 -0.0763860128784564
0.144864033174119 -0.0450036269481546 0.121755369179915 0.0711439921872549
0.134877928410639 0.10843020561871 -0.0082810788998233 0.113125466958803
0.0385466881487214 0.173445285939478 -0.0713583556574674 -0.083930820120727
-0.0550089560068439 0.0701442039766759 0.00328269832722977 -0.303286814989049
-0.0133333818453666 0.100372930875381 0.0948257133372687 -0.220741404680731
0.0476910117863771 0.0693751825700693 0.0643944895382998 -0.236444110631246
0.0659509344121051 -0.00977496409380338 -0.0382362505188103 -0.212545974533165
0.0215604590983726 -0.0547627838578179 -0.140936378944777 -0.13317783679362
-0.0294396220581335 -0.0569471180556238 -0.166941123059877 -0.0231373958078121
-0.0521097713708337 -0.0274067593511566 -0.136247823738164 0.0229562759560322
-0.0501013535897833 -0.00880711469077853 -0.100734234632304 -0.009678306219682
-0.0541349745132211 -0.00707556520944954 -0.0982240236487371 -0.0605802338390899
-0.0593849308041858 -0.037486583755 -0.0586807321614297 -0.134380692060909
-0.0305457671451343 -0.0812272637476803 0.0337376351796698 -0.18034092992086
0.0418760302058142 -0.0849969042352276 0.1512969052206 -0.0878178293678299
0.106933845803887 0.000137400406686663 0.120580343002715 0.0607882563322699
0.0601991890148274 0.100172226448365 -0.00813739654578861 0.0916996818469357
-0.0263357805715608 0.0991608625835616 -0.0621603648757437 -0.127098685238126
0.0715706472072734 -0.00730713111878279 0.0474486062496732 0.193579952317261
0.0087549888875667 -0.0562131073717405 0.0970224709402377 -0.0643236994772547
-0.0434620587433302 -0.0278285480098289 -0.103620162564368 -0.109324004859754
-0.025134619192561 0.0259936605023214 -0.20410958637242 0.0464739853025075
0.00308991646062538 0.0227098753620446 -0.0807765669796848 0.196273908435634
0.013313995207081 0.0153622203412957 0.0535825762997708 0.172045813506757
0.0173929826021124 0.00514117792469109 0.0994880146188054 0.100768753411422
0.00582292284677161 0.00266977606728217 0.115459305240002 0.0413267534257614
-0.00233057321015142 0.00544969561735913 0.136962339892461 0.0141500484928783
-0.0143696561857549 0.00497805660855948 0.153852978851869 0.0452963353797707
-0.0098691932247299 -0.00925213855135964 0.115663772783672 0.138606714891793
0.0047651695604437 -0.0208678941669557 0.00061613147553709 0.208613287484834
0.0304123397641364 -0.0282311543689672 -0.0897562833939152 0.203526256384011
0.0628495003411503 0.00617321749175981 -0.152341463220202 0.201490174816539
0.0728852964427606 0.0666452995834115 -0.0798780981385238 0.304101226126009
0.084759385826888 0.0919912916782688 0.014839049817455 0.177964360293215
0.0639177525079669 -0.00161722148131721 0.0967873983551237 -0.0591246422579106
0.0205044981656012 -0.0296217219582332 -0.101449778622984 -0.135027470955228
0.00230200867702591 -0.0176376806790233 -0.220387665154895 0.0270584817539681
-0.00566502764824893 -0.0297553144511778 -0.103574411978213 0.194725770765668
-0.0216138967674626 -0.0214087144659449 0.0412622551850827 0.180834126141185
-0.0230926904083365 -0.0102227584916007 0.0935610784150914 0.104383897031773
-0.0346507932086687 -0.010201759629261 0.107660224394659 0.0401290967869671
-0.0432223329871221 -0.0162857120604259 0.123116496986349 0.00475643431851254
-0.0528146317715261 -0.0424282975880397 0.147193508125445 0.0181803145438706
-0.0105800206341867 -0.0746053328367904 0.136709991951715 0.0985815773702834
0.0581137279104853 -0.0629574475249309 0.04172208696981 0.19327747001246
0.112017948993193 -0.00653975541446569 -0.0523159967366117 0.210985471454513
0.115454670738473 0.0946720259361993 -0.118680951403172 0.199409109654652
0.0762967519893663 0.181411895804016 -0.0671582510431073 0.269177257080181
0.0727119312054526 0.18583461768781 -0.0115365072360139 0.125930284277114
0.108074905296636 0.0765337765961015 0.0991824099213152 -0.0692411144501418
0.0970116424173681 -0.00865174598060075 -0.0896399510842058 -0.17695625605078
0.0499073856787728 -0.0600700536755398 -0.233330448313805 -0.0133514763313275
-0.00371622283467055 -0.0870745170890944 -0.134666935412503 0.171839734584932
-0.0529923317285268 -0.0644574574884921 0.0121684191782883 0.17556916524472
-0.0629936531303261 -0.0290782253267777 0.0717871931342179 0.102036780138884
-0.0711384348158691 -0.0211872247183933 0.0855085432019225 0.0343902538031911
-0.0769078125013689 -0.030947763057711 0.0939403841262404 -0.00970383301921285
-0.0888800733385611 -0.0744810225892389 0.124324149609226 -0.020536531110371
-0.029122852299376 -0.127319249882749 0.148535445812636 0.0341330273031528
0.0786875956698635 -0.117567976605883 0.0961849646015194 0.153036641858467
0.179866898697627 -0.0248470727217655 0.00210994598551917 0.207636450745024
0.177561889119608 0.142156251734752 -0.0815248698030573 0.193564737763086
0.0906314221335107 0.261427956452363 -0.0541306038993864 0.206598422510596
0.0376865682477427 0.255956858068462 -0.0247167599650277 0.0377726255894099
0.126475689770767 0.162743875895116 0.103063285680513 -0.0951002587024724
0.165428442543655 0.0383948551845769 -0.0614765703514963 -0.222353564989392
0.111069961526958 -0.0872923913650305 -0.225941899390327 -0.0743458576493358
0.0107392631449827 -0.137689732278999 -0.163473263735359 0.118329728889219
-0.0739261223163682 -0.105257012890715 -0.0297423333531418 0.149413856835452
-0.0949822259385206 -0.0477525035853945 0.0334084774239679 0.0919365766145618
-0.0964972249018257 -0.0283939930714894 0.0498377175520524 0.0247437455910683
-0.0985566845136607 -0.0371895540943759 0.0535687711856411 -0.0256279947295053
-0.113559443000668 -0.0891963780067759 0.0879122954259846 -0.0585441749307022
-0.0535537094020287 -0.156848545020973 0.139055698258253 -0.036070383078171
0.0716143317808942 -0.159581775693794 0.137974440298283 0.0922007366476619
0.212654788536277 -0.0601658872470295 0.0538880474255478 0.184426380692696
0.220332456529905 0.151695954300692 -0.0533845754114928 0.178823929784697
0.102112073956684 0.296617227635315 -0.0510747987674734 0.124757463438818
-0.00712475148240914 0.281505330264901 -0.0188676933209986 -0.0728616565326823
0.107695050192943 0.227142668497195 0.106028144851453 -0.133234476584054
0.195230114840004 0.0964133049996983 -0.0173472534289669 -0.252560461737146
0.160089900701979 -0.0839962328044516 -0.184106041976846 -0.139825511668886
0.0337404611510458 -0.162309571639735 -0.17410118850843 0.0379649949773886
-0.0788978236395472 -0.131731551360616 -0.0761484010309585 0.101278649578028
-0.110688435677763 -0.0609987936123344 -0.0155312280672023 0.0733001610849328
-0.107593552973471 -0.0308848150766914 0.00741331013122915 0.0125195745378526
-0.105249034567022 -0.0363919833335846 0.0092259375346325 -0.038546388750048
-0.119448683747784 -0.0907361291797392 0.0451203908326683 -0.086962825222566
-0.0655039939876893 -0.161636493272138 0.113864426910882 -0.0943961234669449
0.0579423885213567 -0.172156173135971 0.156303534351157 0.0278180199684375
0.209900547389615 -0.0759715721937307 0.087186590869781 0.148651179776848
0.219549461029568 0.144829742597905 -0.0372935552242718 0.156706418155677
0.0922424040615497 0.28688229048495 -0.0557003602726552 0.0389548621389244
-0.0457190768581504 0.250630231304812 0.00301227018274939 -0.180870543433006
0.0595511949217294 0.237219589387704 0.114362153799323 -0.170915930383802
0.168798199420001 0.133221340913896 0.0334173105280578 -0.259107576826154
0.168916543073147 -0.0548917301080997 -0.11584011145368 -0.187528637621826
0.0509294013469754 -0.149601256227822 -0.160908015358193 -0.0482960027117412
-0.0670790868409494 -0.131744673566758 -0.11585508236779 0.0413232852472992
-0.106872336513246 -0.0644843952038784 -0.0658883047540464 0.0482201923606551
-0.102237368402439 -0.0300444871965597 -0.0354729813010297 -0.00150212531197853
-0.0981796326424012 -0.031978353129708 -0.0317473045368599 -0.0506430229465397
-0.107195753820179 -0.0833817420698194 0.00666399435425373 -0.108534953300845
-0.0578928251629329 -0.148564473165675 0.0860788853858316 -0.133978942135169
0.0542373314681459 -0.154687637558161 0.158859324858364 -0.0193317285672567
0.184846898178266 -0.0569331596152787 0.101476514107332 0.115054495524764
0.177862563415237 0.137949416259885 -0.0303669569931204 0.13079344354051
0.0557894304906081 0.243474591968731 -0.0602480362054381 -0.0379279819193037
-0.063778888545989 0.170651808589254 0.0300670550632176 -0.262522106919652
0.00881803881525008 0.186098946961737 0.123810687329637 -0.196432136697415
0.105768534596795 0.124262367155335 0.0739549302407399 -0.243131799204989
0.130988349884427 -0.0217578842249698 -0.0474370878077403 -0.207487464952356
0.0481717415517776 -0.106863941585654 -0.135727394173996 -0.114003691232074
-0.045376690418354 -0.104075151551086 -0.142926098277811 -0.0132643327387388
-0.083736876338135 -0.0544809417430089 -0.109673078702028 0.0225228105826536
-0.0803712546362172 -0.0261810953794191 -0.0723669894779552 -0.0152212982985285
-0.0789468417864112 -0.0255698170060496 -0.0650843537868372 -0.0629572613858366
-0.0830005894669325 -0.0689421289194946 -0.0209909844596938 -0.125906265896591
-0.037818366102266 -0.121648121909325 0.0680935057719613 -0.157438195722948
0.0568919345976058 -0.119792136735765 0.159318370653823 -0.0476125094592268
0.14982539584694 -0.0188530668792318 0.10499821983503 0.0914407488832747
0.112482906582496 0.129209237616343 -0.0259511874366205 0.105543522124289
0.00502535356815839 0.176655951433004 -0.0549705028330421 -0.0983409877449224
-0.0633826936917386 0.0610288639289779 0.0477660296776831 -0.303335511335344
-0.0280342618182173 0.0954964560761471 0.125556479271875 -0.204572885165504
0.0352886204320677 0.07613160122862 0.0961986566460987 -0.222314969962005
0.0664236550179608 0.00234522124680091 -0.00731499991893681 -0.21133010537372
0.0304229589434233 -0.049478184002019 -0.118144101429739 -0.148330697963912
-0.0193611658010177 -0.0582100471086473 -0.15874853775607 -0.0472256310816444
-0.0474327441330054 -0.0348055547283201 -0.13706249778181 0.00400707860900972
-0.0473857209892377 -0.0173921465431276 -0.0967018243691397 -0.0269774229651387
-0.0508582164192129 -0.0155936971946127 -0.0870916604473221 -0.0753544350232914
-0.0521049396639874 -0.0460434799407307 -0.0354346332861962 -0.1411231007751
-0.0176133428874094 -0.0849888969626085 0.0622280665768119 -0.170120637112962
0.0550306305335661 -0.0783576797562605 0.164114077475239 -0.0588423177722624
0.106311175467932 0.0177311856694218 0.107507443528746 0.0805376071764237
0.0415079211606131 0.107572566896295 -0.0226042974666935 0.0861408045503454
-0.0461349761239474 0.0921384690201354 -0.0378210772290086 -0.137524835229819
0.0727783969693084 -0.00625283679237331 0.0482181992470721 0.198334393687015
0.009446109850103 -0.0575760094642965 0.102594996418572 -0.0669142600208102
-0.0439778936640376 -0.0290219971869294 -0.104382287682358 -0.114647387035876
-0.0267805881425611 0.026000343995613 -0.211217971136819 0.044317088527876
0.00234111008236073 0.022665677299736 -0.0857919201526078 0.199333369339953
0.0140268154939946 0.0160674672261101 0.0537762906976499 0.176453233867703
0.0176996910592879 0.00530674004388067 0.101357345816029 0.105170581263715
0.00649567074815589 0.00224969015957525 0.118644123367849 0.0438068970353443
-0.0027321779993112 0.00531828904121751 0.140922645620368 0.0163852054023512
-0.0147694255867476 0.00458933676146112 0.157216231118253 0.0480111022070746
-0.0099710522997922 -0.00990443768050231 0.117023487492083 0.14466649264069
0.00531034535904583 -0.0215934767547705 -0.00171886885261744 0.215297356729115
0.0315817033589037 -0.0279028842687346 -0.0964081594418268 0.2062939731711
0.0642806460490755 0.00848208954313873 -0.161031306844671 0.204263527917223
0.0743411330400046 0.0691408566899968 -0.0868042204516291 0.308450705736112
0.0855534447203244 0.0936178214435635 0.0159052708183082 0.183067836656418
0.0650711673931779 -0.000952805139004741 0.10327594241296 -0.0605795243268545
0.0213550469363041 -0.0301862109282804 -0.101785898327994 -0.141267169268683
0.00229724713458274 -0.018112729569191 -0.227406172079975 0.0243548972568685
-0.00581159509864593 -0.0307874670604593 -0.108937162549372 0.198104540351797
-0.0217094153014476 -0.0218697254686912 0.0406303849065745 0.185111456010287
-0.0237729063110867 -0.0105377375879817 0.0950535798181294 0.108667003560549
-0.0361322636329572 -0.0115642912300761 0.110788932426459 0.0423765741731536
-0.044913727487934 -0.0173447791955597 0.126317511754106 0.00709517089412532
-0.0538435617749349 -0.043543045939137 0.15042127989163 0.0205525551910838
-0.0105572824765137 -0.076618005253299 0.138105301009196 0.102979350797944
0.0599950987800252 -0.0648966713583131 0.0403026625328044 0.20002629366825
0.114210135230615 -0.00428084738740842 -0.0574423399461397 0.21540589258028
0.1162364354562 0.0991147656828147 -0.125730812258133 0.202573446681298
0.076737511591999 0.187890419014393 -0.0717892981897648 0.274159416809323
0.0716414849813704 0.190117799099505 -0.00977262896506042 0.129520544940781
0.108900850662338 0.0791741486760185 0.10734484380031 -0.0689759898267771
0.098716318298696 -0.00693469166008339 -0.089144539220337 -0.183401348650107
0.0515463597018651 -0.060927730275382 -0.239699842508328 -0.0177452526862661
-0.00404139790661936 -0.0895131199767275 -0.139733725665916 0.173780458017836
-0.0535874243023997 -0.0656258001324239 0.0109067426181576 0.17969310298566
-0.0644469094919089 -0.0299785252220926 0.0717305616202665 0.105152551299016
-0.0729133666773684 -0.0227127261267178 0.0873222906960743 0.0367707649163709
-0.078898310640941 -0.0326064479904369 0.0959666240171886 -0.00832692864499867
-0.0915469438578674 -0.076590623917893 0.12710370088759 -0.0195304915551223
-0.0296179035167904 -0.130523770838418 0.150172011338786 0.0366575394810393
0.0819198377857466 -0.119661443933228 0.0973751328385175 0.159264548208483
0.184014313326583 -0.0224670239374889 -0.000388234366530157 0.214041130265271
0.179331530924944 0.148224655242038 -0.0867107633958423 0.197685231291739
0.0908320834731121 0.270030568404279 -0.0576313705722869 0.210001664586469
0.034985433846293 0.261066430908246 -0.0228299795939513 0.0400746922953514
0.12675046981292 0.167761804526947 0.11140044785971 -0.0944999325842012
0.168399950231365 0.0420435245524489 -0.0587172266362943 -0.229528322365391
0.114768460924263 -0.0878789383499859 -0.231580776586219 -0.0805258684145965
0.0113181823226184 -0.141421238488126 -0.168716439729209 0.118744826735581
-0.0758653435720692 -0.107068061952714 -0.0315043904635473 0.152813063065839
-0.0967447464208206 -0.0489832816386222 0.0324708058602978 0.0947321499400553
-0.0985397460077129 -0.0303996792227693 0.0509270098771755 0.0265897119877438
-0.101092888716265 -0.0388718449446282 0.0553201874976429 -0.0239260482272982
-0.11737730658122 -0.0921545599929886 0.0896923767918927 -0.0586490015209495
-0.0543782076585468 -0.160866497320745 0.141210197759486 -0.0363764904784582
0.0744491382390505 -0.16303831288589 0.141528173954748 0.0977353035719244
0.217618690910675 -0.0583229919455641 0.0526209388838907 0.19219398676658
0.222938897972615 0.157413833205177 -0.0565961148146747 0.183018278056284
0.102536039576265 0.306122975369111 -0.0528820731235031 0.126701887442081
-0.0118958094402498 0.287134169116397 -0.0156948789246511 -0.0731887872803739
0.107805366375984 0.233355511942218 0.114567139442282 -0.132383677905229
0.198310677814675 0.10231588350592 -0.012998540775061 -0.259952266307571
0.164958670446935 -0.0842660943704717 -0.186613139380302 -0.147284450228854
0.0351920022916136 -0.165491720602978 -0.178821102613488 0.036167457660246
-0.0806569924632681 -0.133868859317976 -0.0786581051583055 0.103364878045004
-0.113331066627205 -0.0625179646339387 -0.0167382442543098 0.0745928474746901
-0.109152520332976 -0.0336832724358155 0.00717008562253258 0.0130856768638014
-0.107111940806156 -0.0378396453860932 0.0104129042335858 -0.0380029598447079
-0.122887218314649 -0.0934484162301539 0.046305305320243 -0.088933107346531
-0.067095671803896 -0.165222486114885 0.115455498359532 -0.0965717016850508
0.0612053567327044 -0.174854769552989 0.160171699905067 0.0320673041340098
0.21482738358003 -0.0737942005253182 0.0882744824100696 0.155088501047659
0.223259112468727 0.150954178114929 -0.0394686358511253 0.160354864319725
0.0923755066505743 0.29569400635877 -0.0570519781379593 0.0392053802095548
-0.0508547500976755 0.254830676275881 0.00653297272201038 -0.183440638810374
0.0576312194970622 0.242259637134099 0.123467700547967 -0.170272110863711
0.171684637803795 0.139266674263928 0.0388439594236046 -0.264980252180867
0.173528626667222 -0.0547893760763733 -0.115502959258396 -0.195301455047549
0.0523820570863087 -0.152548096561288 -0.16500789741996 -0.0512816445353395
-0.0685206605834564 -0.13296334343994 -0.118934851567185 0.0420560447733424
-0.109450552108093 -0.0658660133490913 -0.068642079353327 0.0486346345442409
-0.103057202577279 -0.0329647257781633 -0.0363819149116621 -0.00153043482565793
-0.0993349867939547 -0.0343215188372066 -0.0315389878314944 -0.0508554824175435
-0.109926696625716 -0.0853399343218748 0.00716850597916814 -0.110567620509325
-0.0585870576350798 -0.151659345725892 0.0870451153676713 -0.137308269119285
0.0565781797140421 -0.157564801257693 0.163563861791721 -0.0170452500157757
0.18943179537731 -0.0550090289157689 0.104138822222992 0.121785446633179
0.180652421849822 0.142624661658647 -0.0318977981816597 0.134648367256568
0.0550732367344414 0.250627663536524 -0.0610535684114736 -0.0398953600994701
-0.0678003287130663 0.172683006090153 0.0350266337863116 -0.266903471426932
0.00674885441321018 0.189592117577507 0.131321757567527 -0.196055401842077
0.107117285016798 0.129084264593387 0.0802801865351206 -0.247772148572805
0.133973243946826 -0.0213278573834302 -0.0452450290254495 -0.214504802775209
0.0498074714673859 -0.10981361838067 -0.138408903778858 -0.11921237739043
-0.0463535195703164 -0.105388800394704 -0.146762704697058 -0.0140443408241683
-0.0859352327173746 -0.0562477076956439 -0.112498650306047 0.0224496208973209
-0.0809973148235502 -0.0280681108656491 -0.0740293601263655 -0.0159278837232673
-0.0800866629065236 -0.0271287011520454 -0.066016809056652 -0.0642555239905122
-0.0844585395250751 -0.071071141589175 -0.0207622838593156 -0.129026612400529
-0.0387571178502075 -0.124798294181724 0.0696029551128122 -0.161122046861682
0.0589572456223181 -0.122056663504565 0.163743166191223 -0.045908794139349
0.153457685515552 -0.016974961995592 0.107829372179503 0.0973940996259997
0.113761003494962 0.13323181730759 -0.0272661271528765 0.107678827285782
0.00250382802689815 0.181989535661316 -0.0556394608533597 -0.101970305457108
-0.0650903791463446 0.0603750963612383 0.0530885359239007 -0.308965187305828
-0.0294376262925092 0.0959336117686996 0.132451539502417 -0.205676892970012
0.0354697601409441 0.0796809495172492 0.102495443331466 -0.226056104940358
0.0678911134370062 0.00280682558869651 -0.00355792664077764 -0.218313991970262
0.0313086792613677 -0.0513339321016814 -0.120033888359861 -0.153522024265189
-0.020291843535992 -0.0586508194308688 -0.163250133946935 -0.048504265147339
-0.0483132610066456 -0.035548114392689 -0.140745157006913 0.00294859352369649
-0.0471226509835404 -0.0188649214991878 -0.0999734687738869 -0.0282337146105
-0.051182637682768 -0.0169098892552874 -0.0882610730378032 -0.0775489456757354
-0.0527190985102801 -0.0478625885444066 -0.0354797820410249 -0.145235813075026
-0.0179092911720762 -0.0867891115705768 0.0646006711417905 -0.174478993503088
0.0566496411627241 -0.0792500765328204 0.169166479385208 -0.0575340452586815
0.108533691282986 0.0202326839932963 0.109129908900916 0.0866035932609058
0.0409477598594329 0.110491392144674 -0.0233570384412986 0.0882758752245542
-0.0484793422396474 0.0943955250548044 -0.0390359910984482 -0.140001063698845
0.0744552760294226 -0.00940973560327189 0.0586868896215389 0.202419308669521
0.00725122319337611 -0.0597053087196201 0.106678023826188 -0.0734656063875665
-0.0462873173383815 -0.0287388193383802 -0.109705906654053 -0.11722821406613
-0.0270240071587226 0.0274241910049794 -0.217799879168044 0.0516832806908419
0.00300537323101307 0.0232566017376557 -0.0839639780654469 0.208638020835968
0.015766530697865 0.0154153950278404 0.0610956571698099 0.179575617944447
0.0182417399202911 0.00501048950349734 0.108873759724857 0.105945870253324
0.00595915375520757 0.00183720557523795 0.124662790959071 0.0424316436589006
-0.00279036192159278 0.0058843804509095 0.146285674282964 0.0121151584554344
-0.0154896213364291 0.00548695280681645 0.163772913666464 0.0448397814264451
-0.0101968383052556 -0.0101230958395221 0.125064512723198 0.146879290360315
0.00416298999058599 -0.0226909930297229 0.00346882103298179 0.223494005168599
0.0314244368132733 -0.0286665044733292 -0.095881668338482 0.21401046893686
0.0660163719701431 0.00794295296064636 -0.163175732291249 0.214696463871649
0.0777149130778261 0.0691489972344927 -0.0814935742996242 0.320642819811599
0.0900728027734065 0.0936915392819195 0.0251339835019988 0.187626350242756
0.0667825685009667 -0.0024664644762335 0.108593358473976 -0.0661716929289248
0.0208697964373454 -0.0315351304337204 -0.10781204625339 -0.144471746475376
0.00175370818113075 -0.019080871464923 -0.235208142452817 0.0313552536796443
-0.00790811965203396 -0.0314826609539507 -0.107856094717761 0.207322224429267
-0.022425202114084 -0.0219334957500129 0.047730592167614 0.189283645615868
-0.0248504037480376 -0.0108025193908822 0.101446245093072 0.108825931217907
-0.0379077828833409 -0.0110766347359884 0.115718197295126 0.0414655801345716
-0.047374947663362 -0.0166077684384794 0.131108154075824 0.00381488580599865
-0.0577689701230214 -0.0431190556806698 0.155593005596543 0.0160837317301344
-0.0131561355451856 -0.0789799062292517 0.144979845841395 0.102725633827104
0.0601537819269621 -0.0686357000471608 0.0479018190618748 0.206570724438077
0.118211731042731 -0.00647868336069647 -0.0542406735035329 0.224241028854083
0.122159009465748 0.100425816990082 -0.125995693424895 0.212612540490933
0.0841987637331348 0.191769279441827 -0.0662663198867468 0.284219056328064
0.0789087193412356 0.192759269354331 -0.00343702791915373 0.134049126793605
0.11364698068208 0.0782910764092038 0.112675653834223 -0.0742538325626118
0.101268032928755 -0.0100820213931033 -0.0959658628801966 -0.188660312679683
0.0518351969291486 -0.064522789108533 -0.248990981351622 -0.0128178570177469
-0.00788332018654368 -0.0921599093813772 -0.140637260777264 0.183511316552476
-0.0574794390553391 -0.0652138318216329 0.0168651791987833 0.184625865576076
-0.0677412736060359 -0.0286092380810811 0.0771348439636833 0.106284941278884
-0.0758904969746172 -0.0219568170276225 0.0910930547054664 0.0357488742990324
-0.0828175289741736 -0.0309447004075434 0.0992679137601512 -0.0102466134537199
-0.0978632643938119 -0.0758008518735231 0.130379756023836 -0.024103543022128
-0.035047369253005 -0.133769590014894 0.154789666931202 0.0337568045620277
0.0804467808239932 -0.126327940718441 0.105476100274636 0.163903928897119
0.188354234754071 -0.0274390122895302 0.00494191887160615 0.222548372444084
0.188141802418188 0.148926978840058 -0.0851598283601592 0.20695068403683
0.102147929120863 0.277176694777687 -0.0527455243241154 0.21687341792532
0.0427113945776988 0.266903125503571 -0.018833483630253 0.0430803495503437
0.134573041355311 0.168714455449085 0.117136104902433 -0.099617080614779
0.175075332635406 0.0389261800320472 -0.066106756515399 -0.23587228504981
0.115541604256712 -0.094047808566894 -0.240912501633867 -0.0782453607640848
0.00640878008812381 -0.145704457957785 -0.171703208065381 0.127032791982529
-0.0815945891943341 -0.107040719619751 -0.0274994756474182 0.158442460573247
-0.1012295651375 -0.0470988744428465 0.0360991028562146 0.0960540310272398
-0.102242105900437 -0.028753374843565 0.0531469662288313 0.0261373328461941
-0.105235826864303 -0.0365604908261896 0.0568294362729208 -0.0246765812640797
-0.124141269920118 -0.0901668047993303 0.0905695351858867 -0.0624856619912725
-0.0617624206760859 -0.163697387955575 0.142394837152712 -0.0412950869566878
0.0709115499934016 -0.171075947178502 0.149282710623046 0.0979185181538243
0.222270203168038 -0.0651176061669929 0.0614762002505019 0.198107321420796
0.234132652587128 0.156686289641045 -0.0534132197620666 0.190881740842571
0.115746630794311 0.313520064854092 -0.0501600833998674 0.130838224139272
-0.00508679759988583 0.294718381157972 -0.0163237056831512 -0.0736642200733875
0.116912837288153 0.237150735463718 0.119246746111412 -0.137970835012337
0.207493605021053 0.100776901511575 -0.0195871866048063 -0.268613269319567
0.167909837409996 -0.0921958942776388 -0.196744728722848 -0.148376985341639
0.0303556544175959 -0.172092204764592 -0.184447771795337 0.0423719732814546
-0.0883388413916714 -0.132852170745612 -0.0776982532530007 0.10932984363812
-0.119260452141069 -0.0604630507429889 -0.0156007870361901 0.077519314622251
-0.113361525072164 -0.032407624383114 0.00731819515351193 0.0139323543400562
-0.111656304926385 -0.0365184085089422 0.00964107343790588 -0.0379841945836342
-0.131046727544441 -0.0910361516131883 0.0447137724187349 -0.0922179705232291
-0.0744071468094986 -0.168561520200134 0.113397313230256 -0.102938117293919
0.056422870825197 -0.182538958637785 0.16721140398458 0.03011783153724
0.219110435318696 -0.0811327260619724 0.0975989867796462 0.160660915111207
0.234199490455734 0.149142227903953 -0.035964696294862 0.166811838065147
0.104361480163331 0.30336662122408 -0.0568934508441842 0.0407281732258641
-0.0453586429345956 0.262449710650119 0.00411473651367835 -0.18740619973605
0.0659662654390596 0.247883611221627 0.126265605282295 -0.176948359078265
0.181510478081182 0.139669835703776 0.0342626354554241 -0.274352879804731
0.177383075889277 -0.0619779617516075 -0.123906574828558 -0.199839033167512
0.048277440155241 -0.159791428972711 -0.1717396448926 -0.0486608941887293
-0.0753020724786468 -0.133368550422322 -0.121339745382131 0.0475585213119079
-0.114709961202447 -0.0634668154223155 -0.0692756672425066 0.0523138207199821
-0.106498649083173 -0.031689616383741 -0.0386831778179969 -8.15951053075722E-05
-0.102505215832061 -0.0321760589617858 -0.034530216484084 -0.0503431079191226
-0.11667946635465 -0.0844492678936657 0.00419036418964807 -0.11467915362827
-0.0664437715942003 -0.154124430986758 0.0841563285504178 -0.143332142883737
0.0527209984458483 -0.164294712800044 0.169849967897155 -0.0213560102084936
0.193643487527942 -0.06135724508515 0.1127072835429 0.124511374343819
0.189870611946047 0.142010720310415 -0.028540152852717 0.138907381158964
0.0655652830164312 0.258025171282152 -0.063888925199116 -0.0402959349579909
-0.0652741227964214 0.178463788759007 0.0302518391262571 -0.274887376668056
0.0127170428622735 0.193949699452065 0.13360849123675 -0.20383876684028
0.114630433682758 0.130910597264546 0.0779223443555334 -0.257273045392632
0.138123849311978 -0.0263910013507035 -0.0514427586481204 -0.221353207030644
0.0471613699408806 -0.114627417203885 -0.145670821505404 -0.119136050347963
-0.0523527822950823 -0.105590528761958 -0.151889410565928 -0.00899950033557761
-0.0903782822356205 -0.05366836037299 -0.115579268803763 0.0271004831015978
-0.0841270427757301 -0.0273457579030947 -0.0775385023207029 -0.0144876806098725
-0.081815857544472 -0.0259528139151606 -0.0703118589850152 -0.0634842202812255
-0.0897408776412726 -0.0698009994744048 -0.0254439915652291 -0.132288517983932
-0.0445983892908453 -0.126975956554176 0.065468758272897 -0.168360047049231
0.0562607048141751 -0.127863287440421 0.168773903019959 -0.0508783957468726
0.158207615863297 -0.0206393154393265 0.115861959854701 0.0991166380065506
0.12051794902833 0.133616285838644 -0.0249326097433909 0.112013872239545
0.00819994444803042 0.187809463391612 -0.0603825583865458 -0.103215390204301
-0.065461080691037 0.0632675425174578 0.0473012231849893 -0.318711789730318
-0.026799775297629 0.098702909664654 0.133120398844169 -0.213947955617997
0.0389352604038 0.0816951947606224 0.10079645419619 -0.236028140290822
0.0699606385443287 0.000355814475585174 -0.00814773273702633 -0.226403290712476
0.03083301136332 -0.0539843106427305 -0.128423532802969 -0.156144708602128
-0.0231016833823819 -0.058049907546723 -0.170268237687812 -0.0440303986208753
-0.05100622706193 -0.0347202454756827 -0.145673216908703 0.00863708980581792
-0.0490889493159117 -0.0191788715897343 -0.104640819921101 -0.0264073519809721
-0.0516313370889049 -0.0165053168410771 -0.0930786147576579 -0.0762276657105912
-0.0557645404081969 -0.0473758190261993 -0.0412715484578156 -0.148301024845809
-0.021492446499859 -0.0887503524610398 0.0604596593846133 -0.182188842927769
0.0556194277361009 -0.0841219554465485 0.173997662042533 -0.0640436731360539
0.113233696846092 0.0182553371440178 0.115903429587096 0.0880893836884063
0.0449435083284273 0.112085543279064 -0.0220211387870676 0.0920552543674573
-0.0472707072264081 0.0992745063018789 -0.0457196774154935 -0.143017269680855
0.0738258680389239 -0.013732767062497 0.0724985678391648 0.199145619874792
0.00432238448068422 -0.0606567815168795 0.105198118753589 -0.0817016502198901
-0.0480079182075367 -0.0270387675075528 -0.11617330415683 -0.112877636899096
-0.025533979126313 0.0291647548533331 -0.217210579744899 0.0649638894198282
0.00370911298914208 0.0228128469672472 -0.0735574629900824 0.214969650945768
0.0175142559743774 0.014129304363379 0.0708812357639918 0.176643879031275
0.0189038917070934 0.00358582085358668 0.115570028331925 0.100993697427547
0.0050924722094793 0.00111636253129608 0.128647503585068 0.0359226781390679
-0.00318273772920369 0.00614872652902756 0.148408456585156 0.00404125507691788
-0.0154282915953801 0.00644436526397141 0.167284939835246 0.0359702335135148
-0.0111751953532197 -0.0101606024027263 0.134163365428642 0.141554163157284
0.00303260230006933 -0.0228808937187872 0.0157731958923112 0.225870836765023
0.0300400294882306 -0.0297152650718871 -0.0874005793618856 0.219083364015053
0.0662431036525042 0.00583985542395186 -0.154832839707357 0.222979994291817
0.0817145026700877 0.064963198084143 -0.0655395733405036 0.324161278913351
0.0951578632485718 0.088284072431918 0.038614253907778 0.186502960452853
0.0658433049965246 -0.0063319066509464 0.108361698371661 -0.0740087118416578
0.0188909097394814 -0.0328544897989214 -0.115554313814387 -0.141246749379377
0.000541910351415188 -0.0193989790687463 -0.235198087207434 0.0439227634201933
-0.0105787237137372 -0.0311573526334987 -0.0979836543481356 0.214741292477801
-0.0233541397989544 -0.0204314994157019 0.0579893689223159 0.186720618089254
-0.0259079317187469 -0.00909749751061978 0.108331811532857 0.104077517483521
-0.0390744800300951 -0.00950657186368897 0.119529107449533 0.0353539744732525
-0.0488290179065655 -0.013615164119048 0.132659985690604 -0.00405262282178154
-0.0615224274758938 -0.0390037001877146 0.156385869934373 0.00860174282972578
-0.0178725073833459 -0.078785998664735 0.150919465919215 0.0960824802726119
0.0558608987823678 -0.0726152658891848 0.0593185561930426 0.20635445977148
0.118019630593244 -0.011566609060685 -0.0435554304424458 0.227698847402519
0.127701309591165 0.0955907074383529 -0.116912116209317 0.219898909212823
0.0953568942718627 0.188722801190289 -0.0515165953138396 0.286269369298162
0.0883200322396498 0.188302046352651 0.00735902611328442 0.134893342495532
0.11767362459594 0.0723262085881738 0.113545474186962 -0.0821953810174935
0.100839198135039 -0.014699269102668 -0.105562044605442 -0.185981002977289
0.0477188294639673 -0.0677806273153337 -0.251657189506606 -0.000302606165381934
-0.0143439396394953 -0.0917358863568652 -0.131396469730166 0.19136833182623
-0.0614508417736742 -0.0616157045855989 0.0276420261942916 0.183775779236143
-0.0687560318464671 -0.0247709966517556 0.0828529474837169 0.102676455605878
-0.077588809459384 -0.0173981117703493 0.094253501418741 0.0317046894792716
-0.0854304626573819 -0.0260482628963847 0.100324914071391 -0.0155320728365809
-0.103488484905121 -0.0695747044216794 0.129385864108887 -0.0307384814825206
-0.0434798413377569 -0.132148619062768 0.156146456018026 0.026469782126024
0.0729783578036256 -0.131460908957858 0.115461659126506 0.15970274489778
0.188067898338285 -0.0362284099344934 0.0170651358181663 0.223584510508847
0.196369571889715 0.140115308131686 -0.0758264011879337 0.21200551823249
0.118177890236106 0.272776455556092 -0.0401797958042853 0.218548310260174
0.056203786539029 0.26408461179018 -0.0140025822345293 0.0448527673159018
0.143250175256818 0.1612585198314 0.116430138398803 -0.105732435133194
0.177271096594193 0.030351298674209 -0.0776483750776103 -0.235287270862881
0.110895262221 -0.101368134657441 -0.247053649726653 -0.0671419998569377
-0.00279903098666727 -0.145941304917137 -0.165259222458542 0.136593142428092
-0.0881450645167075 -0.100968149745559 -0.0184870173640486 0.160964650675601
-0.104310126500612 -0.0408687787638605 0.0416142112193396 0.0945100872298842
-0.104274779663436 -0.0241028702853292 0.0552478837741585 0.0242890314808309
-0.107488985349509 -0.0309674836160626 0.0561496090130733 -0.0273112374439057
-0.131671683383818 -0.0825482657912653 0.0869633871424345 -0.067253812611817
-0.0727282087278604 -0.160162196300157 0.139072968873753 -0.0485566216051266
0.0609232243354845 -0.175488344587075 0.156012678210687 0.09158865720097
0.219420460659854 -0.0762156762385367 0.0735821451492896 0.196282064513957
0.243481653790805 0.145396794206893 -0.0433770926021456 0.193951377500305
0.133786396992341 0.309542013339937 -0.0424824681188471 0.13197036158963
0.00994823787435764 0.294070857451336 -0.0177173718855003 -0.0713433845990335
0.129160045301549 0.230608172840585 0.117995093439217 -0.143402220608926
0.214476564657681 0.0904538247158934 -0.0324803843740217 -0.269115479383377
0.162434727646268 -0.102342829277743 -0.205677347041769 -0.14039924342985
0.0194012786261025 -0.174560779901638 -0.183238992914859 0.0519124154934702
-0.0959127933631607 -0.126813254855412 -0.0713826819666898 0.114406411417123
-0.122543842045988 -0.0528967458809719 -0.0119176123294364 0.0787587248459187
-0.115478146100394 -0.0269009646125663 0.00815679264219669 0.0141544891392682
-0.113790461111761 -0.0303222199889995 0.00833985609529398 -0.0373175181278657
-0.137624587107045 -0.0828946135536756 0.0394736587697782 -0.0948593870986011
-0.0857114132568636 -0.163950169903101 0.106202051685887 -0.10878824931045
0.0454855001396074 -0.186186737768991 0.170384750031726 0.0218193113869413
0.215565451299409 -0.0918216712744883 0.108488107951386 0.156341342724158
0.243330673499513 0.136818945144253 -0.0264110459954226 0.168582089886504
0.122870442470727 0.29956898913136 -0.0544377430143494 0.0421069761687155
-0.0331145435563892 0.264444795155832 -0.00355756954569566 -0.186508215935316
0.0790782051722725 0.2439668798632 0.122037068276685 -0.18227098567949
0.190186756798526 0.132041959564616 0.020979107890091 -0.277800022324896
0.174451492057358 -0.0727766546775336 -0.134841696696144 -0.195071071161787
0.0384756254068227 -0.163340696191198 -0.175383870827997 -0.0402467288194637
-0.0835880638812112 -0.127751575190409 -0.118714570251142 0.0552173397392472
-0.119525173369361 -0.0559041286604097 -0.0669836016813835 0.0569989034734616
-0.108552603186488 -0.0265676598948404 -0.0392375726808236 0.0026586381255489
-0.104083232586578 -0.027639490713888 -0.0365177628856505 -0.0476024283336824
-0.122943105656752 -0.0774380078788811 -0.00292399605178252 -0.114497136797591
-0.0765240937938627 -0.150317197227584 0.0739094985209286 -0.147982686671935
0.0431987639782908 -0.167376665750745 0.169819405954444 -0.0300275175934438
0.191814963896018 -0.0712695632357309 0.122010342435694 0.120579147287183
0.198728115675935 0.131799889423679 -0.0203007048220873 0.141460267014177
0.0809650081336048 0.255013330367892 -0.0660107579827014 -0.038433976542258
-0.0569469956898212 0.181597875204759 0.0174656872430143 -0.276604820535941
0.0227291762093375 0.193303050046807 0.126069058126129 -0.209945935409246
0.1228765466152 0.125646736100958 0.0653880428952781 -0.262492675123444
0.136575987624335 -0.0352418089181659 -0.0624078800015089 -0.220581425390439
0.0401533442663557 -0.118577443333385 -0.153231750693294 -0.11216530281465
-0.0583587766925806 -0.101012973631318 -0.153050290546132 6.25335011899358E-05
-0.0938674736167045 -0.0478738913903626 -0.114532563742591 0.0343249782280823
-0.0855497754337149 -0.0235657444374371 -0.079814315863113 -0.00956049457729656
-0.0827634490703778 -0.0218541333210699 -0.073536651002325 -0.0589931242794706
-0.0946172069889121 -0.0644294806117254 -0.0336308618986987 -0.131314469878955
-0.0535288694727216 -0.124177023357576 0.0545229126568486 -0.172282075824299
0.0487597651187211 -0.131517426913717 0.167887009916959 -0.0604473247486201
0.157756369470788 -0.0286722032777684 0.123354866509924 0.0948887673493599
0.128610649213355 0.127724758994598 -0.0184003429706613 0.113315800809433
0.0196145363610991 0.187981086936786 -0.066421265132004 -0.100483214293316
-0.0627060565544799 0.0654991032614687 0.0313975596798475 -0.321372329601693
-0.0217945580094156 0.098541009261688 0.124140847800888 -0.219601854238309
0.0440483019621474 0.0796040981360364 0.0898698744124879 -0.241631249478077
0.0699707958406079 -0.00402314083519984 -0.0192730418798168 -0.22790625552234
0.0268387124891744 -0.0562985811580113 -0.138132703826939 -0.150348306801905
-0.026624050422704 -0.0554280534293758 -0.173627077989878 -0.0337871601477272
-0.0534256814450597 -0.0306361746871833 -0.145583195641898 0.017893240332046
-0.0495849183777797 -0.0169929949472155 -0.10742270289767 -0.0195897667287078
-0.05174878335141 -0.0136823964913663 -0.0976201508906602 -0.0707424631117203
-0.0589596914457062 -0.0438202268853331 -0.0509300311206165 -0.146555202255405
-0.0280131008395001 -0.0872522301333903 0.0493845446144251 -0.186136109739774
0.0500355431199837 -0.0869006482925174 0.171757081103987 -0.0733376952892222
0.115195663352356 0.0121487443131445 0.123202868142278 0.0838862117442127
0.0507486837058324 0.110397738877055 -0.0173651295429395 0.0932361836840712
-0.0421065709716644 0.102371721379629 -0.0545264906471965 -0.139469842348678
0.0703459341388327 -0.0174861039161559 0.0817940764186716 0.187077400693021
0.000634850066671032 -0.0582360674726231 0.0990869448280778 -0.0867213384546421
-0.0483978255709942 -0.0239817299602939 -0.117131531408938 -0.105751185451328
-0.022967417644896 0.0293386550609317 -0.207913430571929 0.0733521539663142
0.00409989832093927 0.0218916199495376 -0.0609307440386702 0.212208847293361
0.0176691531775673 0.0120403605835351 0.0769155992250703 0.165911815641483
0.0182764849021228 0.00160461405661959 0.117465414724823 0.0916255423056757
0.00459300303291216 0.000696235591638575 0.127718495166236 0.0281656805938971
-0.0032755848599024 0.00641849347683621 0.144052459958651 -0.00418315252188502
-0.0143912374583837 0.00764944322497389 0.16331068855851 0.0266989231270454
-0.0113791441618999 -0.00953778776682395 0.137468711682093 0.131998720327433
0.00179969665642221 -0.0222964447185873 0.0251108982531708 0.217719443168934
0.0280673265203268 -0.0294837376853619 -0.0765835322838973 0.215569654299009
0.0646607870981671 0.00433422019897371 -0.141636185722081 0.223581813104997
0.0816812300709882 0.0592223518644702 -0.049177272659561 0.314510986143354
0.0946667983804073 0.0803333255568123 0.0489230847615556 0.176481586252454
0.0628274955325249 -0.00912647337093844 0.103780075577664 -0.0786951430975485
0.0158352563491533 -0.0326478269726048 -0.117213602198318 -0.132566637882109
-0.00040292994437188 -0.0185928928486961 -0.226876829967349 0.0534157297267109
-0.0123469804908859 -0.0291033670015654 -0.0842371824160472 0.212635119242361
-0.023546067724195 -0.0184996037714368 0.0648696977967209 0.176916990785135
-0.0249720946394157 -0.00810778239998944 0.109572280061576 0.0956459060658856
-0.0392101843625204 -0.00716266171713122 0.118686622162078 0.0281910605682497
-0.0485787184401018 -0.0106891409532625 0.128625239921512 -0.0106201203661189
-0.061384015854175 -0.0344044509703524 0.152365352485135 0.000613714525757577
-0.0218050280701221 -0.0756008295837992 0.150339367805044 0.0868448927049994
0.0500362481550406 -0.0730328606076296 0.0680664238955437 0.197999456568796
0.114514509018229 -0.0161584027844606 -0.0325284664660553 0.22185724113999
0.127555217266778 0.0875948823766194 -0.10442454182277 0.218189906884518
0.100767158375519 0.177647972656819 -0.0357346125883306 0.277973681270747
0.0934327807352437 0.176427202131523 0.0161909800606504 0.129147461633297
0.116071501563598 0.0638937777806474 0.109444988907232 -0.0861910541413367
0.0960792958710376 -0.0186476913750197 -0.109530605289865 -0.176152586041356
0.0426554686323092 -0.0677123250470975 -0.243838231304238 0.011391862236861
-0.019396149324042 -0.0873055936365339 -0.11765843030048 0.192392374093188
-0.0628177565539341 -0.0558871397970156 0.0355349095944377 0.175695689499368
-0.0672258892980677 -0.0202374350828471 0.0847690407975707 0.0952884570341163
-0.0762737409462326 -0.0137091739967621 0.0931285162293768 0.0259427921851523
-0.0841421270210366 -0.020173618360591 0.0969827432386756 -0.0196934232557269
-0.104081036261592 -0.0607099837121852 0.123133882788244 -0.0364308089285496
-0.0499844682195483 -0.125665061270625 0.15149795442374 0.018903482863209
0.0633980192936185 -0.130297737999622 0.119901231531868 0.150094339142623
0.180818602452173 -0.0428422933264866 0.0271266810689385 0.21517459142816
0.19689873266353 0.12676096067446 -0.0642352372358358 0.207843596134394
0.128011496707237 0.258503279165074 -0.028453399434015 0.211439720594325
0.0655687440196211 0.252748072204553 -0.0084601006211848 0.0444321255375022
0.145248960913163 0.148964037460196 0.111886612750002 -0.108345073465446
0.172506240747161 0.0215518866279358 -0.085121898582276 -0.225207397862136
0.101075492955633 -0.103613523906875 -0.242398818336191 -0.0545838692795213
-0.0113288458851943 -0.140792275496357 -0.153722339081516 0.140093231198292
-0.0902612558974109 -0.0916051402486676 -0.00985341695660432 0.155458641481965
-0.102081435189603 -0.0338039393428182 0.0444423990873977 0.0892793500649345
-0.101713278756286 -0.0185819176993528 0.0547730915932127 0.0213768901902472
-0.106279440454077 -0.0242908869214927 0.0535853996723621 -0.0288861585167578
-0.13214870466086 -0.0713760162513758 0.0807209048242743 -0.0687446167844376
-0.0793814675347332 -0.150774415398854 0.130610572761951 -0.0524356926464785
0.0495096055618305 -0.172255722116601 0.156815515509271 0.0817675199532691
0.209296656439312 -0.082918902791656 0.0814273194444873 0.187157586895834
0.242315774203663 0.129408893032991 -0.0338140911371446 0.189486125781826
0.145311011148449 0.292179992905641 -0.0345279470631418 0.127365290524839
0.0222528708727745 0.282741986983139 -0.0176305175035906 -0.0667462344207526
0.134620348245955 0.215950811569461 0.1117158045827 -0.143839925712162
0.211891135400125 0.0777980602292584 -0.0425821376296243 -0.259364485474956
0.151826849914374 -0.107279508178949 -0.205422148278205 -0.126990010134431
0.00877654370248347 -0.169637813254417 -0.174690378169546 0.0581120778427105
-0.0996573012899975 -0.115783973631238 -0.0636404258061118 0.114088950700265
-0.120641505868167 -0.0443046144268472 -0.00779784596541697 0.0769084017357625
-0.112574932984393 -0.0211511835662448 0.00887991412385962 0.0136541511275185
-0.111094970591309 -0.024065763478926 0.00700328911254367 -0.0359032024717338
-0.138715412044798 -0.0719213290618301 0.033644592881639 -0.0931506965014657
-0.0928795075327293 -0.15380565885708 0.0953841105691807 -0.108696817113522
0.0337201367846485 -0.181792912241472 0.167274599225724 0.0141423057590374
0.204397584610317 -0.0985589363513364 0.113784380142288 0.14715591694483
0.242128723973911 0.121170446567777 -0.0183225061635907 0.163622175909836
0.134244000895823 0.282904687479322 -0.0507920505003849 0.0412950176487053
-0.0204172187988516 0.256880726517444 -0.0100091325426438 -0.179096007655077
0.0872242421825274 0.231008152052249 0.112244647378208 -0.180402140045092
0.190624373406309 0.118723990827403 0.00888759555603334 -0.268918585225611
0.16454831054607 -0.0793247726956349 -0.13886418377896 -0.184164853574903
0.027254266631472 -0.160003852580765 -0.171169588712991 -0.0308091592225665
-0.0872293355859878 -0.117785545278838 -0.111905280201603 0.0591546046022954
-0.117592595748464 -0.0474120761703548 -0.0627892825698009 0.0585099625507666
-0.106414924044938 -0.0213271192417201 -0.0381248920875818 0.00509904610166881
-0.101845065066734 -0.0215032997416145 -0.0375361114067389 -0.0435128578419542
-0.123727013062031 -0.0670849145473519 -0.00844609243175441 -0.110573716353825
-0.0830668490380756 -0.140890155272161 0.0623437031045525 -0.145989632591138
0.0323651396067379 -0.163678580429163 0.16377624060278 -0.0362958059803728
0.18289621278845 -0.0776269514258058 0.125230435564032 0.112184059656767
0.197985541931478 0.117992359172484 -0.0134707978155242 0.136491493754836
0.0916019175914021 0.24292288494202 -0.0660120230869432 -0.0348505854351585
-0.047510300425567 0.176875548787883 0.00624189688090713 -0.265973141064065
0.0308723092334744 0.18381012134354 0.115663172097209 -0.207628546417049
0.125670929029598 0.115655069368201 0.0523243322386556 -0.256025861584904
0.129615391733299 -0.0408838623162762 -0.0690928986299534 -0.212386873090368
0.0316967395999186 -0.116525384642088 -0.153557817619209 -0.102420770118911
-0.061424851934868 -0.0928446831240462 -0.147888409590868 0.00785508955159039
-0.0932562231939874 -0.0409871708989951 -0.109555952620437 0.0401737680239523
-0.0838575962645041 -0.0194972937412936 -0.0780799491904623 -0.00451219138728952
-0.0803235196601619 -0.0174908434461711 -0.0739323769645281 -0.0525676491677417
-0.0948558734089458 -0.0568484761209693 -0.0390143116195781 -0.124387303018676
-0.0585609812984342 -0.116547831051277 0.0428181549238251 -0.168096449733031
0.0398260618595778 -0.129007228922492 0.160025769682333 -0.0658493602023429
0.151999979378579 -0.0349507058762889 0.125646699216545 0.0869093852174838
0.130285261036126 0.116903660921893 -0.0127773077299395 0.110073459714893
0.0286135150796762 0.180262136219429 -0.0702150788663764 -0.0945924760232337
-0.0577438440629265 0.0653642826224514 0.0163705733963573 -0.31072947514031
-0.016494218181474 0.0953436881582293 0.11188845556319 -0.216550058076074
0.0465934735608368 0.0747307805747717 0.0768646837510839 -0.236897510276359
0.0669174432547174 -0.00764366960696482 -0.0273175781923188 -0.22214651849627
0.0222814716944052 -0.0557096795534519 -0.140044146600549 -0.139657590985328
-0.0282732769658714 -0.0513989653920095 -0.169573755641919 -0.0236099153617271
-0.0526720465238972 -0.0259790854444817 -0.140825103145901 0.0256829606311133
-0.0493221954629652 -0.0145025289450674 -0.106331795673838 -0.0131167218569828
-0.0496293337173814 -0.0109088539344443 -0.0983856234375561 -0.0627249078213248
-0.0588157934630946 -0.0382505623028771 -0.0562476755351151 -0.138187969251396
-0.0316599241539219 -0.0823830504934329 0.0374687671389275 -0.182295802281852
0.0435623111606546 -0.0864636100897503 0.16312288752665 -0.0788898018631851
0.112640396459842 0.00653382157982384 0.124239859150182 0.0765624883013587
0.0545265813335482 0.104355835082371 -0.013095767470251 0.090510052166766
-0.0353254264843723 0.100526109437521 -0.0598268464180072 -0.13155214383904
0.066193071471167 -0.00714258144898229 0.0605903961417579 0.184742726760412
0.00721041785428738 -0.0533738589440992 0.107026325837759 -0.0745397022650412
-0.0419221098733913 -0.0284011186829269 -0.0954991004806611 -0.117342162989499
-0.0265164689208653 0.023685654471209 -0.20074383185421 0.0429465294120403
-0.000320007424724705 0.0208194849755808 -0.0821427062308756 0.189926636482243
0.0133480233118608 0.0119129338476035 0.0527781845875664 0.164865056263099
0.0168444955775128 0.00243861322255067 0.100889164962487 0.099954300789939
0.00330749965444619 0.000834514263466606 0.118586851645467 0.0419320857172327
-0.00465534881753892 0.0049217681479703 0.139271145319901 0.0128745266835482
-0.0150233902468573 0.00447479653577144 0.153773505979334 0.0451176451272245
-0.0100642051731219 -0.0118226035844975 0.116715537727088 0.145019117876238
0.00543490681332775 -0.0238621124951046 -0.00185918958184534 0.215205035452379
0.0337008844786901 -0.0256011468384152 -0.103125830214791 0.197382539986233
0.0627417066392771 0.0118493323640893 -0.166837957408926 0.198046795195747
0.0734411560759645 0.0650739637951513 -0.0903450627838208 0.298914999324879
0.0766507342084054 0.0856537636217931 0.02630237832076 0.17586528247994
0.058316064577707 5.69100607463614E-05 0.111117056695885 -0.0624860455603129
0.0194754132979613 -0.027463646072202 -0.0916121352129304 -0.138487989643465
0.00174257681264935 -0.0180915837801663 -0.214215604965496 0.0226969794246958
-0.00861266780274932 -0.0289411739897516 -0.100854905018581 0.187731981380277
-0.0207458688867399 -0.0218295026784938 0.0419576196016053 0.171315203811678
-0.0223170619303827 -0.0113651336356157 0.0933699899940544 0.101933917074678
-0.0367378250540448 -0.0118171467272026 0.109843528559669 0.0410209907928662
-0.0459820276887608 -0.0160859923241994 0.125635300198587 0.00635997427983906
-0.0548321305844911 -0.0400750390170701 0.1464665098379 0.0201534706430371
-0.012179977663868 -0.0758646369187443 0.133333362173347 0.10592274870591
0.0576407400185215 -0.0664051200802711 0.040051111092655 0.202372100919592
0.114031273012005 -0.00331440907967968 -0.0646887875019259 0.208806352940913
0.113021641966009 0.0985897822681934 -0.133714931283622 0.193675916202713
0.0780489885495798 0.18136459168421 -0.0771300461370339 0.259876214145179
0.0630485134878533 0.174705947788066 -0.00501281000608554 0.131532223459341
0.0981740665925833 0.073979413460596 0.116269333344755 -0.0629176121544653
0.0916693719808142 -0.00406740945774062 -0.0774759133683794 -0.173969923937325
0.0489493510197949 -0.0576840438411419 -0.22362810806158 -0.0165717397060668
-0.00660959158943805 -0.0848364140544973 -0.127954038262588 0.165239748893646
-0.0524108593486314 -0.0611943681738402 0.0156923804687467 0.165644714129674
-0.0610987927077314 -0.028292546322445 0.0705263446377195 0.0989497288717925
-0.071793455851727 -0.0225870394213889 0.0854641864252671 0.036563247525221
-0.0788634259359052 -0.0307611540163529 0.0964548788717843 -0.00626431464018854
-0.0924187943430461 -0.0693925869201375 0.123733725573839 -0.0163064973248278
-0.0333635504690952 -0.126365112223234 0.14166953394425 0.0428645277477777
0.0760052861498716 -0.119577645052011 0.0964487853041879 0.164559784283736
0.180446599427968 -0.0220835441007187 -0.007227157927597 0.210293055688078
0.174140068269918 0.143641394491165 -0.0964751071787095 0.18700968948707
0.0947854423717391 0.261914269659469 -0.0641367114703038 0.193490438952035
0.0285512821851351 0.240117462043309 -0.02370370521132 0.0509803278508768
0.113468594216148 0.156291733118456 0.118902045664728 -0.0795528104436088
0.157832593488924 0.0439947852285064 -0.050065889747423 -0.210369478066354
0.109115063631153 -0.0825586124522239 -0.212945026590906 -0.0741759428701072
0.00880741963783974 -0.13319667503633 -0.152346431340123 0.114183743674317
-0.0731223521375376 -0.0983628314079777 -0.0238279313081804 0.140320541969272
-0.0924439959943705 -0.0445038652158361 0.0327569764709748 0.0888991485719474
-0.0956527905846754 -0.0308112811004369 0.0489909222548775 0.0272862938680044
-0.0982688013826896 -0.0371981853568075 0.0567837665622133 -0.0189348156049392
-0.117628368344229 -0.0829107289811418 0.0873462570636932 -0.0520129597625594
-0.0590630936879653 -0.153404460405803 0.130844066072716 -0.0263942604000404
0.0664896439073653 -0.16003606957006 0.140980742312263 0.103376719738358
0.210918669242384 -0.0579187693326045 0.0478862406339467 0.190874396574821
0.217140453804455 0.150953757181612 -0.066118635208742 0.172621536810652
0.107869889849838 0.297232363938275 -0.0609527117763613 0.11047470052034
-0.0163725587672448 0.263623047583311 -0.0234749107501395 -0.0541451375300351
0.0948228772679987 0.216899130682896 0.118615765478258 -0.11047916791739
0.186956593802826 0.10138312823163 -0.008179820467495 -0.23403441354614
0.157049228592311 -0.0785083338566915 -0.170395195204057 -0.135521767105402
0.0324592010890745 -0.15771020412919 -0.162244002859213 0.0364887010657783
-0.0778104054707861 -0.121461591129959 -0.0683446608477596 0.095148828231861
-0.108497719482429 -0.0556281890296239 -0.0148436812021844 0.0714059828272844
-0.104860315008784 -0.0344847781246595 0.00616604345143164 0.0151687509457577
-0.103168089828951 -0.0374962317144256 0.0128628851723078 -0.0312833296207715
-0.123603878791276 -0.0840478702478347 0.0450527664969644 -0.0801588608558943
-0.0710917794036006 -0.157061400732795 0.103732640193751 -0.0842254790340823
0.0518908085710567 -0.170442294090942 0.15951364446924 0.0397005173003093
0.207680763185695 -0.0732030100923084 0.0849015133386896 0.156634068240585
0.218136964063489 0.142253914453427 -0.0484687845222001 0.150299052810507
0.0977551127795159 0.287476251386643 -0.0664970529915118 0.0248848188963137
-0.0520463061795402 0.233363113692347 -0.00415185495496575 -0.160663161456246
0.0492555463546709 0.22419036018686 0.122156626124706 -0.145693484965134
0.161868677778542 0.136110571788284 0.0379608974346006 -0.23682096079164
0.165304009576466 -0.0502246223148872 -0.102954459494171 -0.180094105304475
0.0487314707814822 -0.145914750775908 -0.14985460520882 -0.045837964433185
-0.0655237913537987 -0.120774661608847 -0.107677213075125 0.0387730865671038
-0.105082910214896 -0.0576323173476119 -0.0642043639727255 0.0489628997433067
-0.0992210231772255 -0.0339111599092915 -0.0377318674977267 0.00128542258560026
-0.0932765916525017 -0.0333750000407612 -0.0287973067877176 -0.0432853950466307
-0.109795723259098 -0.0774328672894903 0.00697115995375456 -0.101803215086951
-0.0631981726876011 -0.143488145599712 0.0771713853249625 -0.124340599934704
0.048200405358539 -0.152309544265802 0.162787028496725 -0.0103209091869528
0.183357767128679 -0.0554415079599858 0.101121843221629 0.123792551718061
0.176205464327824 0.134331177252941 -0.0386656955736976 0.124710419790999
0.0607711431396336 0.244289419289824 -0.0697518266532825 -0.0501600853762127
-0.0667850278969127 0.156647649611609 0.0239168179876932 -0.243572124460643
0.00305755584409389 0.172891605284737 0.126468691040326 -0.173353909026255
0.101744087807578 0.124177501797492 0.0759699857543528 -0.222536733083375
0.127580496304083 -0.0196680758105938 -0.0368741679181917 -0.199598442465286
0.0466270077843058 -0.104817319025 -0.127484796420674 -0.110591485946355
-0.0438837152067865 -0.0946039301293378 -0.136284086216565 -0.0115639277938203
-0.0826021268778877 -0.048438355812677 -0.106550084826133 0.0259974275869193
-0.0781260112066772 -0.0295669353133621 -0.0746011610348395 -0.0125817467579397
-0.0730662115695905 -0.0269373641453399 -0.0625277045268684 -0.056993234820277
-0.0834747154253032 -0.0636706085273302 -0.0213168405018206 -0.120271517796761
-0.0429814942611365 -0.116886400486236 0.0608704941903185 -0.150337976065474
0.0505696342812655 -0.118033948533663 0.162115195713482 -0.0400086796689779
0.149202268828257 -0.0188213780087541 0.106028976639382 0.0997709880074497
0.111396945056787 0.126738871199284 -0.0323208007442097 0.0989272906856643
0.0074531269790282 0.177043897477721 -0.0634411101748691 -0.106656012822845
-0.0622664531115 0.051702173315833 0.0449059128561781 -0.287499586236016
-0.0282222387647309 0.0840333588450131 0.125546847059015 -0.187319509836184
0.033748312477717 0.0754835943648845 0.096808607175787 -0.206890419085781
0.0637308786965701 0.00249428453565302 0.00119088880064818 -0.205699500354348
0.0288917619547308 -0.0489877489051942 -0.11291376543737 -0.144640516700192
-0.0177236471918705 -0.0507296583451996 -0.154856063687031 -0.0418084298553198
-0.0464612809364971 -0.0296890335707452 -0.135269459406245 0.00944494798612809
-0.0456085332227558 -0.0205781475398798 -0.100753031300603 -0.0234819558495963
-0.0449776494184847 -0.0168941622879551 -0.0855449854565469 -0.0698192303305556
-0.0511746749345762 -0.0430405374901688 -0.0369199027561971 -0.136893977640138
-0.0211598434025102 -0.0814753547411209 0.0567124912946713 -0.165779344314296
0.0493750282839126 -0.0770428393403176 0.165728532880566 -0.0542656081737432
0.106619894185489 0.0169934713587337 0.107338476311353 0.0883485113071955
0.0400960695698645 0.105020787142247 -0.0270046402754042 0.0814935477040289
-0.0455889739016351 0.0932963914350667 -0.0446374219873448 -0.139162999046664
0.0635830637805594 -0.00590563426523761 0.0565648016925288 0.17876185359841
0.00794289542601646 -0.0509840719506292 0.106631708522424 -0.0723033426288915
-0.0401343857261847 -0.0281588288172892 -0.0894405598135147 -0.118156594966869
-0.0256202230244 0.0224299813069569 -0.196547161504678 0.0380119896460489
-0.00112009802212617 0.0203075336615812 -0.0830178763264492 0.184468728646943
0.012943905404862 0.0112822452584941 0.0480134296429939 0.160924190748512
0.0160933950257217 0.00162615190502515 0.096927916379114 0.0988799906400968
0.00277496791008622 0.0010374363356204 0.115471922477168 0.0420611292058377
-0.00516310431231978 0.00450534062802337 0.135507908306489 0.014128285644338
-0.0151778262934313 0.0041854325403898 0.149215240784784 0.0463040470295345
-0.00943010804677001 -0.0126463335337731 0.111215690646346 0.143732074054351
0.00584258623483288 -0.0231219937912793 -0.00621259837309788 0.21030347488691
0.033402614397712 -0.0238731532460067 -0.106859056242931 0.188807805711431
0.061628906642181 0.0134479324921084 -0.169082964288445 0.188204207836556
0.0699796602545032 0.0647068467230359 -0.0953599280623339 0.286676804807597
0.0718026941098326 0.0844220919210444 0.0239983701008204 0.169813528138356
0.0563620840726086 0.00152891068215551 0.110884664953296 -0.0599786292100223
0.0185848906058382 -0.0259730885233946 -0.0849101066845512 -0.138402364427173
0.00177703325923098 -0.0170816887447428 -0.208921416522372 0.0172321856248956
-0.00869123012725032 -0.0282506543260957 -0.101639142318453 0.180926172784874
-0.0198247286201061 -0.0214298211229117 0.0378106506994903 0.166892678479652
-0.0212799727891022 -0.0126554659607176 0.0890428667413897 0.101126558414139
-0.0365744076535325 -0.0120655213120197 0.106919714394188 0.0418599200808939
-0.044801432442671 -0.0166388326274016 0.122358229252192 0.00777522564365541
-0.0537595221215654 -0.0390701522511789 0.142206677191895 0.0221934962486719
-0.0113968655726661 -0.0742423314988857 0.127861848257545 0.106721732622835
0.0568469554880082 -0.0639456725844783 0.0349580973629715 0.198849773239269
0.111402791900375 -0.000167440636438531 -0.0674907712472011 0.200589029357014
0.108119369127326 0.0996178109942169 -0.135602073035091 0.185233166478806
0.0727369038563123 0.177888897924256 -0.0809078829886227 0.248889175899754
0.0567671805520272 0.169919789830564 -0.00474813588262937 0.126550208058282
0.0925246555246082 0.0745456802859959 0.117025510146167 -0.0599847277106976
0.0891271924500907 -0.00126362328116734 -0.0707181219384719 -0.171343523566941
0.0483863770029388 -0.054774374992415 -0.217855525895592 -0.0220488142723037
-0.00597470545457778 -0.082098204512125 -0.127831594673789 0.157578320758057
-0.0496635381846517 -0.0594696740972084 0.011919656305516 0.160332550762894
-0.0587592381781961 -0.0290643494188549 0.0667599881716262 0.0973933338746124
-0.0695520608214789 -0.0240388644471445 0.0831525752600361 0.0369461303939676
-0.0762666758928427 -0.0306348469537852 0.0944308483101928 -0.00352965104800764
-0.08973866472845 -0.0685734594624577 0.12104636518301 -0.0135995622336745
-0.0315423008644026 -0.123209332659704 0.137097580573783 0.0462540094799043
0.0751902271134321 -0.114866819112622 0.0908144357028867 0.163245222511427
0.175988106647928 -0.0181779876796113 -0.0124948796341578 0.203894903803773
0.166853658151651 0.143883172192111 -0.0988926431857019 0.179048737314067
0.0877726122460835 0.255944878543636 -0.0669643684982417 0.184274432951335
0.021996474483167 0.233636286184782 -0.0217834696908991 0.0490388578797893
0.10602573022206 0.154022323302314 0.120159356928592 -0.0747829377837052
0.152585053775358 0.0461848024431819 -0.0423846034023513 -0.206436726291516
0.107089061536805 -0.0779243050626033 -0.206541684091409 -0.0779929783376177
0.00975597825424048 -0.12962080128921 -0.151532920071591 0.106985506188098
-0.0692517297999544 -0.0958721712028306 -0.0250781094253188 0.135904575026177
-0.0878575811336891 -0.0452247993530562 0.0298463538204135 0.0873854514114103
-0.0925892947243406 -0.0322587098890499 0.0480078007175796 0.0275949695913251
-0.095019460540078 -0.0377004916951732 0.0558535552594359 -0.0167680715598766
-0.1144552376588 -0.0808669743523213 0.0863913712125528 -0.0489040696206051
-0.056644906044427 -0.149653985976593 0.127291811169331 -0.0216426583879927
0.0668840525075253 -0.15335824718471 0.135026242398172 0.104494396619297
0.20702477256103 -0.052372076095407 0.0425083639028599 0.186306783830738
0.208697762782248 0.150985982299343 -0.0699497917716836 0.165609027047177
0.0999840567998703 0.289942919819271 -0.0626470638436636 0.104010081026848
-0.0216333626554813 0.255467280320049 -0.0197008164536034 -0.0530734414772202
0.0864624441716036 0.211686412677879 0.121087607009332 -0.103513861816787
0.179770523721677 0.102490668908524 -0.00170335528108458 -0.227984555430012
0.15352369357512 -0.0736133981866475 -0.162516821791306 -0.136683134934281
0.0328839497575632 -0.152704203853434 -0.159024606189845 0.0321810020362669
-0.0738683961445999 -0.117813683769397 -0.0680202039011605 0.0908090427504501
-0.103898557646206 -0.0554983711960875 -0.0160545645167816 0.0696766917222046
-0.101991598971034 -0.0360806045390742 0.00571952609556839 0.0152404083519262
-0.0993162645294267 -0.0384824676807204 0.0133997881480792 -0.0290011115420303
-0.119330092370616 -0.0820553561364436 0.0454328356132349 -0.0767175220047327
-0.0679744512571353 -0.153202419523309 0.101689601962209 -0.0786292985184864
0.0525279427706793 -0.16366881783707 0.15501002524845 0.0421442813280044
0.203312613731835 -0.0674391394460832 0.0796430478863966 0.154548717002933
0.209616090787375 0.142260153308751 -0.0520847081639778 0.144441908726064
0.0906144361693666 0.27930724247191 -0.0665884682347963 0.0215691790960683
-0.0563094143558955 0.225828797746829 0.0013021185217229 -0.154954521389223
0.0421399948687843 0.218313242640985 0.12361600603144 -0.137670656270198
0.155021099605137 0.135725570407198 0.0429824507237108 -0.228396924496025
0.16069565356599 -0.0464272030893481 -0.0957684035095699 -0.178221566846108
0.0487877521181316 -0.140959595231782 -0.145489196009494 -0.0492211046171841
-0.0617288337222403 -0.117479196200331 -0.105232453136199 0.035852084514462
-0.100379904985675 -0.0569335069620073 -0.0637041971646253 0.0468634947810674
-0.0959531959735055 -0.0355314974701375 -0.0366522301023701 0.00132056118206391
-0.0897116638998577 -0.0345070212675779 -0.0268719556917189 -0.0418704424976381
-0.10626597863596 -0.0761392785625995 0.00856853605764546 -0.0985700965761112
-0.0604873926721862 -0.139369682113109 0.0756700181145031 -0.117949686776984
0.0486095629204627 -0.146607690935691 0.159175612461994 -0.00640893430941245
0.179511267022511 -0.0509664655392588 0.0970410680441532 0.122499140342211
0.169508082926792 0.13438113792175 -0.0423957809831592 0.119270616546068
0.0553803524361948 0.237103072386685 -0.0684589935810559 -0.0509626628889062
-0.0696168390424148 0.1501650520193 0.0300610068607176 -0.234700948183397
-0.00172889450000162 0.166741217890187 0.128707904800602 -0.164298406031525
0.0968227863583553 0.122940423157387 0.0796668660901705 -0.213729975717802
0.123646261186473 -0.0168370345043535 -0.0304177338182704 -0.196922769061625
0.0458406267501904 -0.10073211480445 -0.121857150791419 -0.11155849555858
-0.0407916944060177 -0.0915403823249585 -0.132232952906255 -0.0136550953600347
-0.0789230950971597 -0.0474301521634302 -0.103972403982151 0.0247567820559863
-0.0759707039787877 -0.0306527953268454 -0.0733762989256566 -0.0126355980784954
-0.0699354166969297 -0.0282239387759769 -0.0598835787707278 -0.0554462465668426
-0.0801958805477983 -0.0626634130779932 -0.0183826908048704 -0.116472060158398
-0.0408683229473446 -0.113218164906315 0.0608072242762493 -0.143859578124581
0.0506674282456365 -0.113071660175117 0.1590433680918 -0.0353754891513242
0.145986034186933 -0.0153809168408567 0.102248334413954 0.0991999273392604
0.105985484127868 0.124436738497605 -0.0353219842750664 0.0947234357298362
0.00447641542815909 0.171882607442218 -0.060565644027317 -0.104620679933937
-0.0623745128509046 0.0489153459553213 0.0503059176354164 -0.277640514024725
-0.0302460013828598 0.0804591398488683 0.12715690119952 -0.177136713639357
0.0314391153672393 0.0739998996774747 0.0992722912464444 -0.198415945079759
0.0620241451476228 0.00365597605230376 0.00724940862772533 -0.202330300672193
0.0282184439735545 -0.0470986893850158 -0.107285624254535 -0.144527497558025
-0.0162018267118057 -0.0489164376669471 -0.149702933316602 -0.0427246791974769
-0.0440550108357222 -0.0289996563490791 -0.130995752185198 0.00850690806063891
-0.0438880586169698 -0.0211450752683135 -0.0983486777179163 -0.0238519938533043
-0.0426033944166704 -0.0179419256301681 -0.0817244399846 -0.0688692993690834
-0.0484346770129466 -0.0420885292479554 -0.0337883637811584 -0.13267665511347
-0.0197773843191622 -0.0785394159392671 0.057672552095306 -0.159797303889008
0.0486690206788944 -0.073998091569323 0.162703265533774 -0.0488757986480895
0.1037405155907 0.0180436300502156 0.103083716936912 0.0890524537135647
0.0372554724175854 0.103050800564347 -0.0296070430895576 0.078618473374249
-0.0459006937637021 0.0892938423338083 -0.0420658341369001 -0.134754620707123
0.0637103660524121 -0.00410620008688705 0.0528220134857888 0.179911383307065
0.0089041584964829 -0.0504146441818764 0.110374585292962 -0.0712863997434249
-0.0398437545319291 -0.0292379801720372 -0.0856940836897907 -0.124419622148136
-0.0259745522470239 0.0221269438429732 -0.198988155342105 0.0319926335387544
-0.00166790915847124 0.0208561446565472 -0.0886493356019399 0.184400853136977
0.0122841086685545 0.0111648429390797 0.0442827070709433 0.162943815570878
0.0159063403306121 0.00138734259823478 0.0953635640916297 0.102251534865888
0.00230582266378179 0.000744095156296219 0.116988988531958 0.0449481681058349
-0.00593692887927239 0.00484196292664899 0.13686266094741 0.0173319699404109
-0.0151842540121194 0.0043364551184166 0.1495581498096 0.0498368325352852
-0.0093596610474231 -0.0128400431682976 0.108825449756122 0.149313799620677
0.00711465956184489 -0.0231652755445406 -0.0130894153658143 0.212787671453478
0.0347661125483487 -0.0225793358086236 -0.115952471254338 0.186822348442614
0.0620967198083248 0.0160518377134613 -0.176983221418496 0.184548074378965
0.0682846929504965 0.0674538370552422 -0.105575407377778 0.285056929106723
0.0694234667800684 0.0872116182414747 0.0207228745044992 0.169804496535884
0.0559205795321816 0.00362394189853563 0.116038707638886 -0.0585113778791363
0.0197086193290415 -0.0250885160708025 -0.0802928991277624 -0.143927703766462
0.00227644605395495 -0.016608122128548 -0.211343186327501 0.0109271092563354
-0.00837080676422571 -0.0282145276638088 -0.107594735863572 0.180028917814803
-0.0198105528208028 -0.021799617750549 0.0334160771365675 0.168890134621333
-0.0211407721968113 -0.0140296744630638 0.0874120551271489 0.104109412826312
-0.0365933238153284 -0.0139821817517973 0.10783221863484 0.0441145310022345
-0.0455263180034803 -0.0177585181239421 0.124241512353617 0.0108192319239882
-0.0537023283296504 -0.0406940734159312 0.14331795318579 0.025707854269674
-0.0102527718789843 -0.0748875776764356 0.126744345470186 0.111704601252187
0.0593715385340874 -0.0621427462376737 0.0293403043902258 0.202569238257251
0.113321139138137 0.00319726926577069 -0.0766725416767149 0.199669891712737
0.106273810470479 0.104192900093893 -0.144143474963975 0.18204781331907
0.0679612442296069 0.180629447141979 -0.0890123424833634 0.246361819531179
0.0514456159449771 0.172917377589516 -0.00618328378190983 0.126209923509864
0.0903745776705698 0.0778575574272761 0.122735501616948 -0.0580964835299074
0.089758104268288 0.00185508908639096 -0.0648566337370153 -0.176719669416901
0.0501460186282359 -0.053081050367907 -0.218389278466538 -0.0288738806487915
-0.00518488524481203 -0.082276788796828 -0.133534533409344 0.154885834212416
-0.0486545555836758 -0.0607105319442909 0.00758244097925351 0.161870296633126
-0.0582757579295622 -0.0314122649104277 0.0640375924382476 0.100249724767936
-0.0702918966197565 -0.0266961951109467 0.0840991325240918 0.038916588007046
-0.0765302840428151 -0.0328276742876917 0.0963390810336047 -0.00166060727930715
-0.0896516613471175 -0.07008352479966 0.12244383340466 -0.0103911732139361
-0.0299456158174159 -0.124221712402311 0.136696044277238 0.0510370564302708
0.0794512361955372 -0.112597738533723 0.087426000105256 0.168035525656446
0.178237935381972 -0.01236027298164 -0.0188658870092749 0.204692800356575
0.16480039315581 0.151038192126385 -0.107182057551276 0.176433959757336
0.0815988591373974 0.260230735200464 -0.0736812893937119 0.182274837233229
0.0143955363593987 0.236051670403206 -0.0210653894683337 0.0477703990328908
0.100930168120286 0.158318515981467 0.126845371916497 -0.0722514336579485
0.152616856019773 0.0513486414663526 -0.035289673473265 -0.209946727394632
0.109645647957784 -0.0749000946762385 -0.205615894870785 -0.0860506099068055
0.0119681847792835 -0.129738256498749 -0.156009882788319 0.102793575070025
-0.0677779733279223 -0.0973367820503213 -0.0294350843211935 0.135720089359927
-0.0870802584334421 -0.0475986399541253 0.027488587798487 0.0888340752113034
-0.0932152455480753 -0.035457830510388 0.0480898954601302 0.0289053198151835
-0.0950405465002395 -0.0403344800660405 0.0578519304603495 -0.0151375920522763
-0.113929748841471 -0.0826344196264498 0.0885944791551703 -0.047424730148973
-0.0548815337959253 -0.151307259056152 0.12804123606154 -0.0170306780667012
0.0709754738715353 -0.152577743343784 0.133866786447347 0.110305554836225
0.210638794548663 -0.0468228706603023 0.0367088769843328 0.18879461749374
0.206833907424336 0.158932137342945 -0.0769016560016201 0.164386925397404
0.0933084974298214 0.293733489880543 -0.0676294711533081 0.100550535191976
-0.0306438855236577 0.256508310588152 -0.0157892004285311 -0.0537216743306914
0.079523851591065 0.216027292132792 0.128278258559777 -0.0995041998503759
0.178997717923867 0.108300420870998 0.00680896268920175 -0.229793371964964
0.156322242219777 -0.069641049985763 -0.159298841483121 -0.144522125630985
0.0359860370138587 -0.152372324042769 -0.162258768782754 0.025755965686175
-0.0712135541142722 -0.119697431417988 -0.0705021301829157 0.0898140449601336
-0.102709617068733 -0.0583488452117632 -0.0187889024076346 0.0703060795035302
-0.102107395021106 -0.0398225451631022 0.00561044769989286 0.0157150432410673
-0.0985422998979252 -0.0414153533434733 0.0147462345591072 -0.0284567381434434
-0.119537450357391 -0.0838906076240236 0.0483514175872347 -0.0759753834567312
-0.0667904785238446 -0.15474070129497 0.104113421484514 -0.0748584221556581
0.0569845350901447 -0.162418928620621 0.15536234785248 0.0477480141959671
0.20719695999937 -0.0626031553220384 0.0757105439098929 0.158051273299495
0.208103594418319 0.149254202904956 -0.0586905839987295 0.142877868027172
0.0843010153321638 0.283706573225714 -0.0689488539870326 0.0181352742809875
-0.0641773061938843 0.225663515000888 0.00811925373188578 -0.155710323675714
0.0343354019248642 0.219912053956561 0.131216556109951 -0.132744944627283
0.153277061711213 0.141007608254867 0.051532918233933 -0.228058827828921
0.163397603390562 -0.0419990089745643 -0.0905355564813694 -0.184735167100334
0.0516914368608774 -0.140724294064237 -0.14553224671415 -0.0543703421576123
-0.0589661381783568 -0.118291314726038 -0.107054294122459 0.0339057671431698
-0.0990037657130965 -0.0593974782762066 -0.065223292662879 0.0463282763837167
-0.0967654168851978 -0.0392958195231794 -0.037156828312885 0.000646595085871489
-0.0893403416600517 -0.0379441149621231 -0.0249459388273783 -0.0422074942526845
-0.105789039213161 -0.0774814894566971 0.0116792033788098 -0.0986252321075649
-0.0593277149769207 -0.140631002548223 0.0794452436048203 -0.11606045741992
0.0518445205816437 -0.144812081355234 0.161165986254974 -0.0011193661090118
0.182729650438133 -0.0468375499958779 0.0940585759193693 0.126214714497797
0.167988766520734 0.139808594480608 -0.0477123455354369 0.118121154303909
0.0497233822107977 0.238717247146385 -0.0696146323230247 -0.0540761882866132
-0.0750307059996948 0.14966218936459 0.0389934074849781 -0.234902383246653
-0.00778125936254102 0.168288358492 0.135730043206834 -0.159848294289647
0.0940155908920676 0.126686736684035 0.0880873887268143 -0.21181611097934
0.125345377106508 -0.0130213212448191 -0.0239365017475381 -0.200927274764801
0.0479055149846214 -0.100227853791034 -0.119939694880159 -0.11744272935461
-0.038787514085001 -0.0918746768470319 -0.133182818885914 -0.0168344108435118
-0.0776767793253245 -0.049512034428391 -0.106299949919496 0.0230429090683217
-0.0756576487577093 -0.0337054758722323 -0.0742380424205158 -0.0135402223787191
-0.0691674919662248 -0.0306332319265942 -0.0584521547221258 -0.0570300977251117
-0.0793864953897326 -0.0635349987946874 -0.0152852819332756 -0.117342042459104
-0.0394986188148547 -0.114691405583336 0.0643091563242132 -0.142264817202512
0.0536944487905603 -0.112131895025082 0.16109547218641 -0.0308079842081385
0.14790509190982 -0.0115742211444557 0.101050003224453 0.103212390224578
0.103261331323979 0.128543268343088 -0.0398305385818987 0.0943140155864122
-0.000238414715001533 0.171914793695428 -0.059883231648658 -0.107312813044717
-0.064744187495328 0.0472878491266319 0.0607752943839816 -0.277101949629894
-0.0334222064832206 0.0796189508714069 0.134822663960008 -0.173101510920149
0.029741219806517 0.074954645218508 0.106919329758154 -0.195568827108729
0.0620064196567151 0.00509740706864146 0.0138805694722478 -0.20546354525399
0.0288349777085566 -0.0461783774920849 -0.103806019820459 -0.15034100752299
-0.0145720484581859 -0.0490781726532147 -0.150219135899149 -0.0467191334468103
-0.0434822111696594 -0.03010524491807 -0.13259603513414 0.00665149071759132
-0.0444865120523109 -0.0228210713951195 -0.0997299462116884 -0.0251487798515757
-0.0418053999714546 -0.0203992827117056 -0.0800899180090369 -0.0706867739200988
-0.0478053228150157 -0.0432426987230209 -0.0304428701121555 -0.134115766008957
-0.0183718801729537 -0.0791458869519633 0.0615955260859334 -0.158443175041272
0.0506605436179028 -0.0730157389970909 0.165833901707194 -0.0441444011962981
0.104350999150312 0.0206826063404308 0.101829292518233 0.0937587254634752
0.0346034269657003 0.10476112702541 -0.0333350870464453 0.0779749961787167
-0.048481760236352 0.0882420521315439 -0.0398316392773831 -0.136578524527591
