TRXV5
3
4
4
9
string Extension=J
integer IsArchMeasurement=1
integer IsSpherical=1
string Generator=SPM
string GeneratorVersion=1.3.1 Dev
double ArchRadius=0.449999988079071
integer FrequencyAxisIndex=0
integer AzimuthAxisIndex=1
integer ElevationAxisIndex=2
Frequency
5 136 690000000 960000000 LIN
Azimuth
7 8 0 2.74889357189107 LIN
Elevation
7 15 -2.74889357189107 2.74889357189107 LIN
Polar H Real Part
13
Polar H Imaginary Part
14
Polar V Real Part
13
Polar V Imaginary Part
14
Polar H Magnitude (dB)
12 0xC0000002 0 1
Polar H Phase
7 0xC0000003 0 1
Polar V Magnitude (dB)
12 0xC0000002 2 3
Polar V Phase
7 0xC0000003 2 3
0.126808166503906 -0.106712341308594 0.3984375 -0.137603759765625
0.0355224609375 -0.167068481445313 0.17138671875 -0.170318603515625
-0.104965209960938 -0.074371337890625 -0.0982894897460938 -0.00940704345703126
-0.105735778808594 0.0249557495117188 -0.0392303466796875 0.206268310546875
-0.0624580383300781 0.0516777038574219 0.146743774414063 0.231735229492188
-0.0340652465820313 0.0784378051757813 0.325225830078125 0.15252685546875
-0.00251007080078125 0.0729827880859375 0.4136962890625 0.003997802734375
-0.0241775512695313 0.0692100524902344 0.41253662109375 -0.06805419921875
-0.052764892578125 0.071380615234375 0.38372802734375 -0.031829833984375
-0.0796432495117188 0.0403671264648438 0.319671630859375 0.071380615234375
-0.07891845703125 -0.0226974487304687 0.2078857421875 0.116943359375
-0.0509109497070313 -0.0746841430664063 0.0917510986328125 0.103240966796875
0.0503082275390625 -0.105918884277344 0.112258911132813 0.0167312622070312
0.164993286132813 -0.0608062744140625 0.39300537109375 -0.015899658203125
0.204620361328125 0.01904296875 0.56585693359375 0.27252197265625
-0.12493896484375 -0.153594970703125 0.402923583984375 -0.154876708984375
-0.18853759765625 -0.13470458984375 0.17303466796875 -0.18280029296875
-0.24176025390625 0.0292205810546874 -0.0677604675292969 -0.0332489013671875
-0.154891967773438 0.177703857421875 -0.0169525146484375 0.164688110351563
-0.0204620361328125 0.191452026367188 0.141555786132813 0.1781005859375
0.101974487304688 0.174285888671875 0.310699462890625 0.109100341796875
0.154556274414063 0.1019287109375 0.378631591796875 -0.0286865234375
0.117263793945313 0.09539794921875 0.37615966796875 -0.098480224609375
0.107963562011719 0.109100341796875 0.360443115234375 -0.0631103515625
0.0681076049804688 0.127464294433594 0.317169189453125 0.044403076171875
0.00157165527343749 0.114082336425781 0.212615966796875 0.0876312255859375
-0.0449905395507812 0.0945968627929688 0.118247985839844 0.0821151733398438
-0.0746536254882813 0.0376739501953125 0.173095703125 0.008453369140625
-0.0613327026367187 -0.00275802612304686 0.4388427734375 0.00299072265625
-0.056549072265625 0.00461959838867187 0.6036376953125 0.29669189453125
-0.3592529296875 -0.165283203125 0.338775634765625 -0.183441162109375
-0.3829345703125 -0.0643615722656251 0.136215209960937 -0.186752319335938
-0.334503173828125 0.143798828125 -0.0402679443359375 -0.0484733581542969
-0.169219970703125 0.310516357421875 0.00756072998046874 0.105995178222656
0.034149169921875 0.300018310546875 0.121261596679687 0.102470397949219
0.226242065429688 0.240249633789063 0.254562377929688 0.0486907958984375
0.28814697265625 0.113861083984375 0.287811279296875 -0.0609130859375
0.241439819335938 0.10784912109375 0.28216552734375 -0.1165771484375
0.256088256835938 0.133499145507813 0.28125 -0.08843994140625
0.208084106445313 0.204116821289063 0.26434326171875 0.00688171386718751
0.0791015625 0.24688720703125 0.185592651367188 0.0372467041015625
-0.0438232421875 0.26300048828125 0.135597229003906 0.0421524047851563
-0.2083740234375 0.174392700195312 0.225479125976563 0.000320434570312511
-0.290374755859375 0.04315185546875 0.435302734375 0.033050537109375
-0.31414794921875 -0.020538330078125 0.557373046875 0.302734375
-0.5462646484375 -0.13525390625 0.2164306640625 -0.202774047851562
-0.521240234375 0.0404052734375 0.07037353515625 -0.169662475585938
-0.368316650390625 0.261993408203125 -0.0153465270996094 -0.0543136596679687
-0.140960693359375 0.40704345703125 0.0268363952636719 0.0359764099121094
0.098876953125 0.36138916015625 0.0806808471679688 0.0153427124023438
0.322967529296875 0.262603759765625 0.16131591796875 -0.0152740478515625
0.377197265625 0.104034423828125 0.154739379882813 -0.079437255859375
0.327850341796875 0.10516357421875 0.144195556640625 -0.115631103515625
0.36492919921875 0.141448974609375 0.153701782226563 -0.10040283203125
0.314056396484375 0.255615234375 0.166671752929688 -0.037628173828125
0.14031982421875 0.35009765625 0.128173828125 -0.0292739868164062
-0.04364013671875 0.398406982421875 0.136573791503906 -0.015045166015625
-0.321044921875 0.282196044921875 0.253692626953125 -0.0124053955078125
-0.481292724609375 0.07373046875 0.376922607421875 0.065277099609375
-0.52313232421875 -0.0451660156249999 0.43182373046875 0.282012939453125
-0.654296875 -0.0787963867187501 0.0508880615234374 -0.201507568359375
-0.588623046875 0.151611328125 -0.0130538940429688 -0.125007629394531
-0.3468017578125 0.35577392578125 0.00409698486328123 -0.0502166748046875
-0.07952880859375 0.4552001953125 0.0334053039550781 -0.0359954833984375
0.15948486328125 0.37030029296875 0.0210800170898438 -0.0654983520507812
0.378814697265625 0.240020751953125 0.0430335998535156 -0.0686759948730469
0.412353515625 0.077301025390625 -0.000198364257812475 -0.0816574096679688
0.363433837890625 0.08636474609375 -0.0157852172851562 -0.0966873168945313
0.41534423828125 0.128387451171875 -0.00055694580078122 -0.101531982421875
0.36578369140625 0.263885498046875 0.0363998413085938 -0.0850067138671875
0.174530029296875 0.393951416015625 0.0466995239257813 -0.103614807128906
-0.040008544921875 0.466400146484375 0.117057800292969 -0.0809860229492187
-0.381622314453125 0.338409423828125 0.250808715820313 -0.0274658203125
-0.58831787109375 0.0907592773437501 0.264739990234375 0.092193603515625
-0.64520263671875 -0.0612182617187499 0.246429443359375 0.236068725585938
-0.6697998046875 -0.0195312500000001 -0.136093139648438 -0.181106567382812
-0.5743408203125 0.22601318359375 -0.104598999023438 -0.061187744140625
-0.282867431640625 0.393585205078125 0.0121612548828125 -0.0371742248535156
-0.011810302734375 0.4381103515625 0.0199050903320313 -0.0972671508789062
0.195343017578125 0.32720947265625 -0.052093505859375 -0.124664306640625
0.380157470703125 0.184814453125 -0.084503173828125 -0.0970458984375
0.38763427734375 0.037109375 -0.153640747070312 -0.06365966796875
0.344635009765625 0.05401611328125 -0.173431396484375 -0.063385009765625
0.39752197265625 0.095458984375 -0.15679931640625 -0.0921630859375
0.353851318359375 0.22576904296875 -0.0985794067382812 -0.128189086914063
0.176544189453125 0.36138916015625 -0.040313720703125 -0.1700439453125
-0.026153564453125 0.441314697265625 0.0850067138671875 -0.140357971191406
-0.363006591796875 0.32958984375 0.216201782226562 -0.038909912109375
-0.5865478515625 0.0911254882812501 0.120895385742187 0.109375
-0.6627197265625 -0.0579223632812501 0.03533935546875 0.173126220703125
-0.58392333984375 0.0199584960937499 -0.318817138671875 -0.157989501953125
-0.48175048828125 0.233673095703125 -0.196624755859375 -0.000823974609374947
-0.202606201171875 0.35308837890625 0.0021839141845703 -0.0163240432739258
0.033355712890625 0.35614013671875 -0.00762939453124999 -0.135063171386719
0.192596435546875 0.244125366210938 -0.123764038085938 -0.155441284179687
0.321380615234375 0.11383056640625 -0.1998291015625 -0.101089477539063
0.305023193359375 -0.003021240234375 -0.282501220703125 -0.031707763671875
0.27056884765625 0.01422119140625 -0.302734375 -0.0197448730468751
0.31024169921875 0.046875 -0.2869873046875 -0.072601318359375
0.28033447265625 0.143417358398438 -0.212203979492188 -0.157577514648437
0.1494140625 0.256210327148438 -0.10955810546875 -0.214019775390625
-0.000762939453125012 0.327972412109375 0.0531158447265625 -0.178787231445312
-0.26434326171875 0.2635498046875 0.165786743164062 -0.041107177734375
-0.469879150390625 0.09075927734375 -0.0221786499023438 0.120391845703125
-0.5677490234375 -0.0307617187500001 -0.167129516601563 0.108566284179687
-0.4088134765625 0.044036865234375 -0.47161865234375 -0.147247314453125
-0.3260498046875 0.1824951171875 -0.280014038085938 0.0367431640625
-0.113128662109375 0.247406005859375 -0.0265388488769531 0.00597000122070314
0.0540008544921875 0.225814819335938 -0.043212890625 -0.14697265625
0.148727416992187 0.135574340820313 -0.1800537109375 -0.157913208007812
0.211471557617187 0.0344390869140625 -0.28704833984375 -0.0845947265625
0.1767578125 -0.0375213623046875 -0.370147705078125 0.00643920898437506
0.155807495117188 -0.025390625 -0.386444091796875 0.025238037109375
0.175369262695312 -0.009735107421875 -0.367919921875 -0.0460205078125
0.16754150390625 0.032257080078125 -0.282318115234375 -0.16632080078125
0.109268188476563 0.106361389160156 -0.147705078125 -0.227249145507813
0.041748046875 0.16693115234375 0.03118896484375 -0.189865112304688
-0.111709594726563 0.174591064453125 0.112693786621094 -0.0311279296875
-0.27783203125 0.0984344482421875 -0.132400512695313 0.127708435058594
-0.3939208984375 0.02154541015625 -0.3218994140625 0.060150146484375
0.124931335449219 -0.135231018066406 0.38031005859375 -0.1881103515625
0.012054443359375 -0.189727783203125 0.148910522460938 -0.197311401367188
-0.127700805664063 -0.06805419921875 -0.105705261230469 -0.00257110595703127
-0.115135192871094 0.043121337890625 -0.0243072509765625 0.212387084960937
-0.0625076293945313 0.070953369140625 0.166488647460938 0.22149658203125
-0.02197265625 0.0958633422851563 0.343017578125 0.126220703125
0.0137710571289063 0.0861053466796875 0.414581298828125 -0.035614013671875
-0.0117874145507812 0.0840606689453125 0.406341552734375 -0.11114501953125
-0.0416336059570312 0.0921173095703125 0.383148193359375 -0.0738525390625
-0.0800628662109375 0.0622100830078125 0.32965087890625 0.039154052734375
-0.0937347412109375 -0.00943756103515626 0.226028442382813 0.0975189208984375
-0.0709304809570312 -0.0737762451171875 0.109466552734375 0.0995941162109375
0.0378799438476563 -0.124771118164062 0.11700439453125 0.0183944702148437
0.1710205078125 -0.0942840576171875 0.385528564453125 -0.0445556640625
0.223922729492187 -0.013427734375 0.5833740234375 0.22991943359375
-0.133071899414062 -0.156982421875 0.386932373046875 -0.209747314453125
-0.20880126953125 -0.135391235351563 0.15081787109375 -0.212646484375
-0.253372192382813 0.0476837158203125 -0.07763671875 -0.0322647094726563
-0.149093627929688 0.200363159179687 -0.0059051513671875 0.164794921875
-0.0055694580078125 0.205093383789063 0.155609130859375 0.163848876953125
0.12347412109375 0.176666259765625 0.32025146484375 0.07830810546875
0.17266845703125 0.0969085693359375 0.37286376953125 -0.06890869140625
0.132652282714844 0.0948333740234375 0.3634033203125 -0.142852783203125
0.123748779296875 0.111602783203125 0.354339599609375 -0.107666015625
0.0777664184570312 0.132476806640625 0.324676513671875 0.00704956054687501
0.00231170654296875 0.118583679199219 0.22906494140625 0.0631561279296875
-0.0456008911132812 0.0947189331054688 0.137908935546875 0.0728073120117188
-0.071746826171875 0.0308837890625 0.1805419921875 0.00115966796875
-0.0505752563476563 -0.0131912231445313 0.43951416015625 -0.0325927734375
-0.0394554138183594 -0.000904083251953131 0.6295166015625 0.25115966796875
-0.3695068359375 -0.142547607421875 0.3238525390625 -0.23443603515625
-0.394012451171875 -0.0434875488281251 0.114974975585937 -0.2159423828125
-0.33319091796875 0.17010498046875 -0.0520973205566406 -0.0526924133300781
-0.148529052734375 0.331756591796875 0.0128173828125 0.101936340332031
0.059722900390625 0.306243896484375 0.127235412597656 0.085693359375
0.252365112304688 0.225860595703125 0.255126953125 0.0182952880859375
0.304656982421875 0.092071533203125 0.275863647460938 -0.0958251953125
0.2569580078125 0.0924224853515625 0.265045166015625 -0.1539306640625
0.274276733398438 0.11724853515625 0.269622802734375 -0.128158569335938
0.226821899414063 0.191619873046875 0.2698974609375 -0.0290679931640625
0.0966033935546875 0.244033813476563 0.199874877929687 0.0112762451171875
-0.025177001953125 0.263992309570313 0.155258178710938 0.027557373046875
-0.191650390625 0.181655883789063 0.236251831054688 -0.015716552734375
-0.27874755859375 0.0570068359375 0.444122314453125 -0.0023193359375
-0.303558349609375 0.00167846679687503 0.5928955078125 0.2598876953125
-0.555389404296875 -0.0895996093749999 0.203826904296875 -0.245758056640625
-0.519195556640625 0.0794067382812499 0.0535125732421875 -0.194625854492188
-0.351531982421875 0.29144287109375 -0.0273780822753907 -0.0635986328125
-0.10748291015625 0.42431640625 0.0258140563964844 0.0276622772216797
0.130767822265625 0.356353759765625 0.0781707763671875 -0.000755310058593728
0.349395751953125 0.233978271484375 0.152633666992188 -0.041259765625
0.3909912109375 0.0709228515625 0.1380615234375 -0.103111267089844
0.34259033203125 0.0762939453125 0.125030517578125 -0.140899658203125
0.382232666015625 0.10870361328125 0.139907836914063 -0.130050659179688
0.3411865234375 0.226776123046875 0.168167114257813 -0.0682525634765625
0.171295166015625 0.339447021484375 0.135528564453125 -0.0535888671875
-0.00814819335937499 0.401580810546875 0.151077270507812 -0.0324249267578125
-0.29498291015625 0.30377197265625 0.266311645507813 -0.035797119140625
-0.471710205078125 0.1116943359375 0.393890380859375 0.03277587890625
-0.519561767578125 6.36258641779357E-17 0.468963623046875 0.25054931640625
-0.6593017578125 -0.0169677734375 0.042724609375 -0.230667114257813
-0.5726318359375 0.20550537109375 -0.022735595703125 -0.142501831054688
-0.31390380859375 0.384613037109375 -0.00682449340820314 -0.0630455017089843
-0.0352478027343749 0.462982177734375 0.0252609252929687 -0.0457496643066406
0.194793701171875 0.352813720703125 0.0110702514648438 -0.0781707763671875
0.40008544921875 0.1998291015625 0.028411865234375 -0.085357666015625
0.419189453125 0.033935546875 -0.0174179077148437 -0.0896224975585938
0.37322998046875 0.050140380859375 -0.0347671508789062 -0.105270385742188
0.429595947265625 0.084503173828125 -0.0172576904296875 -0.115333557128906
0.39501953125 0.22613525390625 0.0323944091796875 -0.104690551757812
0.21368408203125 0.377105712890625 0.0444107055664063 -0.123031616210937
0.00628662109375005 0.471282958984375 0.123336791992188 -0.100738525390625
-0.34918212890625 0.369873046875 0.2628173828125 -0.055023193359375
-0.5816650390625 0.14422607421875 0.28570556640625 0.068115234375
-0.650634765625 0.000610351562499896 0.280792236328125 0.219863891601562
-0.6734619140625 0.0499267578124999 -0.1390380859375 -0.191864013671875
-0.55047607421875 0.288360595703125 -0.104393005371094 -0.069732666015625
-0.24346923828125 0.4207763671875 0.00416183471679686 -0.051788330078125
0.03472900390625 0.4381103515625 0.00711059570312499 -0.105857849121094
0.230987548828125 0.30328369140625 -0.0675506591796875 -0.129386901855469
0.397125244140625 0.13775634765625 -0.100669860839844 -0.101051330566406
0.387359619140625 -0.009796142578125 -0.168289184570312 -0.055511474609375
0.350006103515625 0.012908935546875 -0.188201904296875 -0.054290771484375
0.406402587890625 0.048248291015625 -0.173248291015625 -0.0881805419921875
0.37896728515625 0.182464599609375 -0.109580993652344 -0.134475708007813
0.215118408203125 0.341156005859375 -0.0513458251953125 -0.181610107421875
0.02276611328125 0.442901611328125 0.08282470703125 -0.158859252929687
-0.328094482421875 0.3623046875 0.225814819335938 -0.0668182373046875
-0.57891845703125 0.15185546875 0.143295288085937 0.0991668701171875
-0.67108154296875 0.01318359375 0.06402587890625 0.17694091796875
-0.58929443359375 0.0863647460937499 -0.31842041015625 -0.148681640625
-0.459564208984375 0.293548583984375 -0.188400268554688 0.00218200683593754
-0.16363525390625 0.37896728515625 -0.00284385681152345 -0.0293350219726562
0.077880859375 0.352691650390625 -0.024932861328125 -0.140487670898437
0.222396850585938 0.2176513671875 -0.141021728515625 -0.150436401367188
0.332244873046875 0.068084716796875 -0.21490478515625 -0.0908050537109375
0.2989501953125 -0.04486083984375 -0.291778564453125 -0.00842285156249995
0.2698974609375 -0.0212860107421875 -0.312103271484375 0.00500488281249995
0.312591552734375 0.0047607421875 -0.300445556640625 -0.052764892578125
0.29583740234375 0.10308837890625 -0.226806640625 -0.150131225585937
0.178939819335938 0.235061645507813 -0.126419067382813 -0.216705322265625
0.041473388671875 0.325714111328125 0.044586181640625 -0.193267822265625
-0.230712890625 0.2904052734375 0.172409057617187 -0.0632781982421875
-0.462860107421875 0.14422607421875 0.000587463378906228 0.125106811523438
-0.57843017578125 0.03680419921875 -0.145111083984375 0.133590698242187
-0.416839599609375 0.0943908691406249 -0.47125244140625 -0.11962890625
-0.31182861328125 0.231231689453125 -0.268035888671875 0.050994873046875
-0.084228515625 0.269561767578125 -0.02880859375 -0.00335121154785155
0.08770751953125 0.223236083984375 -0.0627899169921875 -0.148147583007813
0.172119140625 0.113571166992188 -0.198135375976563 -0.14434814453125
0.216583251953125 -0.000457763671875 -0.2987060546875 -0.061065673828125
0.167236328125 -0.068817138671875 -0.37310791015625 0.043426513671875
0.149551391601562 -0.0517578125 -0.387847900390625 0.0613708496093751
0.1702880859375 -0.0406494140625 -0.376312255859375 -0.0145263671875001
0.170013427734375 0.000946044921875 -0.297210693359375 -0.14862060546875
0.125816345214844 0.0857925415039062 -0.16668701171875 -0.222427368164063
0.0698699951171875 0.157211303710938 0.01898193359375 -0.19952392578125
-0.082855224609375 0.188323974609375 0.118003845214844 -0.0461273193359375
-0.268264770507813 0.14031982421875 -0.1107177734375 0.14581298828125
-0.400054931640625 0.0770568847656249 -0.306396484375 0.10260009765625
0.112030029296875 -0.15972900390625 0.33843994140625 -0.22235107421875
-0.0189208984375 -0.2025146484375 0.114608764648438 -0.21142578125
-0.145263671875 -0.053924560546875 -0.10986328125 0.00576782226562501
-0.1171875 0.0637054443359375 -0.0104522705078125 0.209732055664063
-0.0557479858398438 0.0880813598632813 0.17724609375 0.203689575195313
-0.00432586669921875 0.107215881347656 0.342620849609375 0.095855712890625
0.0333328247070313 0.0921554565429688 0.39825439453125 -0.069427490234375
0.00707244873046874 0.0934219360351563 0.379547119140625 -0.1474609375
-0.0219192504882812 0.10748291015625 0.36285400390625 -0.10894775390625
-0.0718154907226563 0.0840682983398438 0.322235107421875 0.00765991210937501
-0.101783752441406 0.008453369140625 0.231719970703125 0.0729522705078125
-0.0887298583984375 -0.0655670166015625 0.123489379882813 0.088775634765625
0.0184478759765625 -0.13800048828125 0.12054443359375 0.0191497802734375
0.162246704101563 -0.127410888671875 0.36572265625 -0.064453125
0.228805541992188 -0.0507965087890625 0.575439453125 0.18572998046875
-0.13726806640625 -0.157501220703125 0.34375 -0.250335693359375
-0.224929809570312 -0.130172729492188 0.116424560546875 -0.22906494140625
-0.257080078125 0.0659637451171876 -0.0856704711914063 -0.0269699096679688
-0.136199951171875 0.217559814453125 0.00308227539062499 0.159759521484375
0.011199951171875 0.211715698242188 0.160018920898437 0.144943237304688
0.141067504882813 0.17108154296875 0.3126220703125 0.0479736328125
0.185272216796875 0.0875091552734375 0.349090576171875 -0.102264404296875
0.145751953125 0.0897216796875 0.331146240234375 -0.17529296875
0.136817932128906 0.109344482421875 0.32794189453125 -0.14398193359375
0.085601806640625 0.134674072265625 0.315460205078125 -0.029541015625
0.0022125244140625 0.121742248535156 0.2337646484375 0.0336456298828125
-0.0483856201171875 0.0930099487304688 0.151504516601563 0.0570526123046875
-0.071044921875 0.0196685791015625 0.183441162109375 -0.0068817138671875
-0.0425338745117188 -0.0291519165039063 0.421142578125 -0.06121826171875
-0.0230846405029297 -0.0136909484863281 0.6278076171875 0.19769287109375
-0.363494873046875 -0.121826171875 0.285919189453125 -0.2740478515625
-0.3924560546875 -0.0231323242187499 0.08306884765625 -0.232589721679688
-0.321136474609375 0.1884765625 -0.0637321472167969 -0.0517959594726562
-0.1229248046875 0.33990478515625 0.0149459838867187 0.0947723388671875
0.081695556640625 0.29962158203125 0.123359680175781 0.0675582885742188
0.26702880859375 0.204299926757813 0.24005126953125 -0.00863647460937499
0.309417724609375 0.068634033203125 0.248291015625 -0.120452880859375
0.263076782226563 0.0732574462890625 0.2308349609375 -0.179550170898437
0.280242919921875 0.097442626953125 0.2413330078125 -0.159271240234375
0.235382080078125 0.173599243164063 0.258026123046875 -0.0655059814453125
0.106460571289062 0.232101440429687 0.201019287109375 -0.017608642578125
-0.0101470947265625 0.253997802734375 0.16583251953125 0.00799560546875002
-0.171524047851563 0.177276611328125 0.238372802734375 -0.032196044921875
-0.257858276367188 0.0620574951171875 0.434295654296875 -0.036865234375
-0.279098510742188 0.0154418945312499 0.5980224609375 0.20721435546875
-0.535003662109375 -0.0472717285156251 0.172744750976563 -0.278762817382813
-0.49591064453125 0.11199951171875 0.02777099609375 -0.209671020507813
-0.32342529296875 0.304779052734375 -0.0419578552246094 -0.0672149658203125
-0.0732421875 0.421630859375 0.0207862854003906 0.0202732086181641
0.15411376953125 0.33734130859375 0.0675315856933594 -0.0145187377929687
0.35614013671875 0.197723388671875 0.133583068847656 -0.0601959228515625
0.38427734375 0.036102294921875 0.112747192382813 -0.116546630859375
0.340606689453125 0.047454833984375 0.0944976806640625 -0.155136108398438
0.38214111328125 0.0748291015625 0.112838745117188 -0.150299072265625
0.348907470703125 0.191986083984375 0.154373168945313 -0.09747314453125
0.1912841796875 0.316070556640625 0.132568359375 -0.0787124633789062
0.0220947265625 0.385986328125 0.1571044921875 -0.0544586181640625
-0.26019287109375 0.306671142578125 0.267135620117188 -0.059112548828125
-0.441009521484375 0.136749267578125 0.39202880859375 0.000274658203125008
-0.492401123046875 0.0377807617187499 0.484527587890625 0.20489501953125
-0.631591796875 0.0390014648437499 0.0240325927734375 -0.253021240234375
-0.530731201171875 0.242767333984375 -0.0373382568359375 -0.155380249023437
-0.2738037109375 0.391998291015625 -0.0212020874023438 -0.0709686279296875
0.00366210937499997 0.447601318359375 0.0140647888183594 -0.0525054931640625
0.21612548828125 0.3226318359375 -0.00350189208984374 -0.0850677490234375
0.399627685546875 0.1558837890625 0.00843811035156253 -0.0935897827148437
0.40374755859375 -0.006591796875 -0.0372085571289062 -0.0903549194335938
0.364410400390625 0.014617919921875 -0.0557479858398437 -0.105827331542969
0.42095947265625 0.04107666015625 -0.0381622314453125 -0.122177124023438
0.399749755859375 0.179168701171875 0.01934814453125 -0.12200927734375
0.239044189453125 0.344940185546875 0.0361480712890625 -0.139389038085938
0.048004150390625 0.450439453125 0.123283386230469 -0.120506286621094
-0.3043212890625 0.37890625 0.262313842773438 -0.0832061767578125
-0.5472412109375 0.182861328125 0.293731689453125 0.039642333984375
-0.6201171875 0.05645751953125 0.303741455078125 0.190765380859375
-0.6419677734375 0.1116943359375 -0.141738891601563 -0.200973510742188
-0.49884033203125 0.329986572265625 -0.105522155761719 -0.078643798828125
-0.195465087890625 0.42462158203125 -0.00873184204101563 -0.0618400573730469
0.075836181640625 0.414764404296875 -0.00822448730468749 -0.109214782714844
0.249267578125 0.265823364257813 -0.0822830200195312 -0.128067016601563
0.388702392578125 0.09136962890625 -0.116607666015625 -0.0984725952148438
0.3646240234375 -0.04901123046875 -0.17718505859375 -0.0430908203125
0.334716796875 -0.02252197265625 -0.196746826171875 -0.041015625
0.3916015625 0.003021240234375 -0.185302734375 -0.0799560546875
0.3809814453125 0.134796142578125 -0.121330261230469 -0.136810302734375
0.239898681640625 0.30682373046875 -0.0637664794921875 -0.186996459960937
0.064849853515625 0.420806884765625 0.0755615234375 -0.172988891601562
-0.27947998046875 0.3741455078125 0.223388671875 -0.093353271484375
-0.5447998046875 0.198455810546875 0.159637451171875 0.0807342529296875
-0.64190673828125 0.07879638671875 0.0924072265625 0.168228149414063
-0.562744140625 0.1468505859375 -0.308013916015625 -0.14068603515625
-0.4107666015625 0.334686279296875 -0.175582885742188 -0.00109863281249998
-0.1170654296875 0.382659912109375 -0.0111579895019531 -0.0403938293457031
0.117950439453125 0.329010009765625 -0.040985107421875 -0.139251708984375
0.237869262695312 0.180755615234375 -0.1541748046875 -0.139190673828125
0.320892333984375 0.02386474609375 -0.222824096679687 -0.0764923095703125
0.273666381835938 -0.079345703125 -0.288726806640625 0.0155029296875
0.251251220703125 -0.0524749755859375 -0.30780029296875 0.029815673828125
0.2938232421875 -0.033233642578125 -0.30242919921875 -0.0303955078125
0.28997802734375 0.060211181640625 -0.234573364257813 -0.138320922851562
0.196182250976562 0.20172119140625 -0.141036987304688 -0.211181640625
0.076995849609375 0.30279541015625 0.0324554443359375 -0.200912475585938
-0.18731689453125 0.29815673828125 0.168807983398438 -0.0850372314453125
-0.4298095703125 0.189361572265625 0.0239410400390625 0.120063781738281
-0.55316162109375 0.1011962890625 -0.112548828125 0.145858764648438
-0.401031494140625 0.142852783203125 -0.452545166015625 -0.0955200195312499
-0.277114868164063 0.268508911132813 -0.247543334960938 0.05511474609375
-0.0496826171875 0.276824951171875 -0.0331592559814453 -0.011667251586914
0.11761474609375 0.20574951171875 -0.078704833984375 -0.140869140625
0.183441162109375 0.0841522216796875 -0.207305908203125 -0.123886108398438
0.205535888671875 -0.033782958984375 -0.29718017578125 -0.0363464355468749
0.144302368164063 -0.09295654296875 -0.357177734375 0.0735778808593749
0.130470275878906 -0.0727767944335938 -0.37127685546875 0.093414306640625
0.15057373046875 -0.064971923828125 -0.368621826171875 0.016754150390625
0.157623291015625 -0.0290985107421875 -0.30084228515625 -0.127197265625
0.130516052246094 0.0586013793945312 -0.179580688476563 -0.209304809570312
0.091461181640625 0.135391235351563 0.00559997558593749 -0.201507568359375
-0.0493316650390625 0.188186645507813 0.115776062011719 -0.0609817504882812
-0.24005126953125 0.172805786132813 -0.08154296875 0.152923583984375
-0.379302978515625 0.131561279296875 -0.271743774414063 0.133010864257813
0.0954742431640625 -0.17779541015625 0.291839599609375 -0.23388671875
-0.04791259765625 -0.204483032226562 0.08245849609375 -0.210067749023438
-0.15679931640625 -0.0373992919921875 -0.111618041992188 0.0146484375
-0.113876342773438 0.0812530517578125 -0.002777099609375 0.204071044921875
-0.0459060668945312 0.101119995117187 0.177352905273438 0.187789916992187
0.0138320922851563 0.113883972167969 0.333343505859375 0.07623291015625
0.0525054931640625 0.09197998046875 0.371063232421875 -0.08709716796875
0.0254440307617187 0.0962982177734375 0.34619140625 -0.161285400390625
-0.000572204589843741 0.115989685058594 0.33563232421875 -0.126983642578125
-0.0586471557617188 0.100761413574219 0.305419921875 -0.01318359375
-0.104591369628906 0.0265884399414062 0.228042602539062 0.05267333984375
-0.102218627929688 -0.0535125732421875 0.131057739257812 0.076904296875
-0.000503540039062504 -0.144805908203125 0.124588012695313 0.0227203369140625
0.1474609375 -0.154006958007812 0.3414306640625 -0.06683349609375
0.222122192382813 -0.0829010009765625 0.5478515625 0.16107177734375
-0.137619018554688 -0.161422729492188 0.29766845703125 -0.26568603515625
-0.236465454101563 -0.125640869140625 0.082733154296875 -0.230438232421875
-0.256195068359375 0.079864501953125 -0.0917129516601563 -0.0209732055664063
-0.123992919921875 0.225906372070313 0.00607299804687498 0.152664184570313
0.022857666015625 0.213424682617188 0.153671264648438 0.129287719726563
0.152587890625 0.164596557617188 0.295196533203125 0.02880859375
0.19366455078125 0.0787353515625 0.318084716796875 -0.115570068359375
0.155120849609375 0.084564208984375 0.2935791015625 -0.1878662109375
0.147201538085938 0.107223510742188 0.294158935546875 -0.161163330078125
0.0917587280273438 0.136451721191406 0.29461669921875 -0.05377197265625
-0.000434875488281244 0.125732421875 0.227783203125 0.0101470947265625
-0.0542068481445312 0.0909652709960938 0.157730102539063 0.041046142578125
-0.0748214721679687 0.00682067871093749 0.184722900390625 -0.0103302001953125
-0.0393829345703125 -0.0496559143066406 0.397735595703125 -0.0706787109375
-0.0111656188964844 -0.0330181121826172 0.6048583984375 0.1644287109375
-0.347137451171875 -0.110992431640625 0.2420654296875 -0.290740966796875
-0.38427734375 -0.0152587890625 0.051544189453125 -0.235321044921875
-0.307769775390625 0.194610595703125 -0.0744476318359375 -0.0485305786132812
-0.105255126953125 0.33807373046875 0.0125198364257812 0.0887985229492188
0.092803955078125 0.29010009765625 0.112289428710938 0.0553970336914063
0.269638061523438 0.18756103515625 0.217758178710938 -0.0233612060546875
0.304443359375 0.052947998046875 0.217041015625 -0.128311157226563
0.261505126953125 0.060546875 0.19464111328125 -0.186859130859375
0.278564453125 0.084625244140625 0.20733642578125 -0.172927856445313
0.2337646484375 0.161102294921875 0.23687744140625 -0.08953857421875
0.106521606445313 0.221969604492188 0.193466186523438 -0.04217529296875
-0.00666809082031248 0.240432739257813 0.16973876953125 -0.0104827880859375
-0.159576416015625 0.161758422851563 0.236862182617188 -0.0424041748046875
-0.238296508789062 0.05316162109375 0.416595458984375 -0.053009033203125
-0.251739501953125 0.011932373046875 0.58343505859375 0.1702880859375
-0.501861572265625 -0.026275634765625 0.138153076171875 -0.295867919921875
-0.4656982421875 0.120086669921875 0.00253295898437497 -0.215362548828125
-0.298583984375 0.30126953125 -0.0548057556152344 -0.0665779113769531
-0.052154541015625 0.406005859375 0.0132884979248047 0.0157108306884766
0.161285400390625 0.31671142578125 0.0531044006347656 -0.0225028991699219
0.34918212890625 0.174041748046875 0.109580993652344 -0.0682449340820312
0.3690185546875 0.01593017578125 0.0863037109375001 -0.1181640625
0.3284912109375 0.028961181640625 0.0650482177734375 -0.155426025390625
0.3687744140625 0.05194091796875 0.083343505859375 -0.158096313476563
0.3416748046875 0.16632080078125 0.135398864746094 -0.1171875
0.194122314453125 0.2921142578125 0.123306274414063 -0.0984649658203125
0.035919189453125 0.361724853515625 0.156768798828125 -0.073486328125
-0.23468017578125 0.29241943359375 0.263946533203125 -0.07574462890625
-0.40985107421875 0.1385498046875 0.381988525390625 -0.0220947265625
-0.454071044921875 0.0503234863281249 0.480072021484375 0.1702880859375
-0.58746337890625 0.06658935546875 0.00437927246093744 -0.268814086914063
-0.4852294921875 0.25213623046875 -0.0530548095703125 -0.164413452148437
-0.2401123046875 0.379730224609375 -0.0361709594726563 -0.0738449096679687
0.024749755859375 0.420654296875 0.0026702880859375 -0.0547943115234375
0.218505859375 0.2943115234375 -0.0179824829101562 -0.0866622924804687
0.381561279296875 0.125518798828125 -0.0121688842773437 -0.0944976806640625
0.377685546875 -0.027435302734375 -0.0535736083984375 -0.0852279663085938
0.344635009765625 -0.006103515625 -0.0736007690429687 -0.1004638671875
0.39886474609375 0.013427734375 -0.0581130981445312 -0.121963500976563
0.387664794921875 0.1456298828125 0.00398254394531252 -0.133583068847656
0.24468994140625 0.31365966796875 0.0253753662109375 -0.151641845703125
0.06854248046875 0.420440673828125 0.11810302734375 -0.136085510253906
-0.268585205078125 0.36553955078125 0.254592895507813 -0.10162353515625
-0.50640869140625 0.196136474609375 0.29193115234375 0.017974853515625
-0.575439453125 0.08355712890625 0.31219482421875 0.16290283203125
-0.5947265625 0.145751953125 -0.143997192382813 -0.212005615234375
-0.444549560546875 0.3388671875 -0.108512878417969 -0.0906753540039062
-0.158233642578125 0.406494140625 -0.022369384765625 -0.0686149597167968
0.095703125 0.381500244140625 -0.0210723876953125 -0.108406066894531
0.247314453125 0.231536865234375 -0.093780517578125 -0.123321533203125
0.36395263671875 0.05926513671875 -0.129386901855469 -0.0927200317382813
0.33251953125 -0.068603515625 -0.18121337890625 -0.0328216552734375
0.309112548828125 -0.042755126953125 -0.201705932617187 -0.029632568359375
0.363433837890625 -0.02349853515625 -0.193222045898437 -0.0712127685546875
0.362762451171875 0.09820556640625 -0.130378723144531 -0.138412475585937
0.243789672851563 0.271469116210938 -0.0728302001953125 -0.19024658203125
0.0887451171875 0.388031005859375 0.06744384765625 -0.183486938476562
-0.240234375 0.362152099609375 0.214157104492188 -0.1126708984375
-0.50177001953125 0.21978759765625 0.167098999023437 0.0616455078125
-0.5960693359375 0.1148681640625 0.113494873046875 0.151840209960937
-0.52044677734375 0.18170166015625 -0.292694091796875 -0.144561767578125
-0.359466552734375 0.3489990234375 -0.166229248046875 -0.0135345458984375
-0.08026123046875 0.36865234375 -0.022216796875 -0.0491180419921875
0.1370849609375 0.2974853515625 -0.0534896850585938 -0.13409423828125
0.235488891601563 0.146255493164063 -0.159561157226562 -0.128082275390625
0.293914794921875 -0.005401611328125 -0.224533081054687 -0.0653076171875
0.240890502929688 -0.0959625244140625 -0.280059814453125 0.0295715332031249
0.225173950195313 -0.0683135986328125 -0.297637939453125 0.044219970703125
0.265335083007813 -0.054901123046875 -0.297454833984375 -0.0160522460937501
0.269943237304688 0.0289154052734375 -0.237167358398437 -0.131179809570312
0.196563720703125 0.169448852539063 -0.14813232421875 -0.205551147460938
0.095855712890625 0.271957397460938 0.0225982666015625 -0.205047607421875
-0.15185546875 0.285919189453125 0.16119384765625 -0.10125732421875
-0.38922119140625 0.21136474609375 0.0414505004882812 0.107528686523438
-0.50927734375 0.14031982421875 -0.0800628662109375 0.143478393554688
-0.375 0.1751708984375 -0.42608642578125 -0.090789794921875
-0.2391357421875 0.28460693359375 -0.228378295898438 0.045806884765625
-0.0203704833984375 0.271865844726563 -0.0407257080078125 -0.01971435546875
0.135223388671875 0.182846069335938 -0.0888748168945313 -0.131362915039063
0.18310546875 0.0568695068359375 -0.20703125 -0.1063232421875
0.185012817382813 -0.0573272705078125 -0.287689208984375 -0.0200195312500001
0.116600036621094 -0.104721069335938 -0.336456298828125 0.090789794921875
0.108161926269531 -0.0826797485351563 -0.34844970703125 0.110382080078125
0.125617980957031 -0.0778121948242188 -0.35205078125 0.033294677734375
0.1358642578125 -0.049713134765625 -0.295989990234375 -0.1136474609375
0.124900817871094 0.0345535278320313 -0.182586669921875 -0.197738647460937
0.101371765136719 0.109291076660156 -0.0034942626953125 -0.200210571289062
-0.022369384765625 0.176651000976562 0.111549377441406 -0.0721359252929687
-0.206008911132812 0.18951416015625 -0.054931640625 0.14813232421875
-0.3433837890625 0.165557861328125 -0.231216430664063 0.144180297851562
0.0809326171875 -0.191238403320313 0.255279541015625 -0.230255126953125
-0.0737457275390625 -0.203353881835937 0.05859375 -0.201431274414063
-0.16595458984375 -0.02294921875 -0.113761901855469 0.0213775634765625
-0.112060546875 0.0981674194335938 -0.00205993652343749 0.200729370117188
-0.0362472534179688 0.113128662109375 0.172821044921875 0.180404663085938
0.0317001342773438 0.117820739746094 0.3223876953125 0.069610595703125
0.0700225830078125 0.0899124145507813 0.3538818359375 -0.089630126953125
0.042999267578125 0.0966720581054687 0.324066162109375 -0.161712646484375
0.0187454223632812 0.119621276855469 0.313018798828125 -0.1319580078125
-0.0441513061523437 0.114120483398438 0.2908935546875 -0.021820068359375
-0.104537963867187 0.0438385009765625 0.221969604492188 0.040740966796875
-0.113433837890625 -0.041290283203125 0.136337280273438 0.0681076049804688
-0.0181732177734375 -0.148406982421875 0.131668090820313 0.0279083251953125
0.130722045898438 -0.175796508789063 0.32666015625 -0.05548095703125
0.213424682617188 -0.108123779296875 0.523223876953125 0.160888671875
-0.138885498046875 -0.171417236328125 0.25811767578125 -0.26483154296875
-0.249114990234375 -0.126327514648437 0.05718994140625 -0.222869873046875
-0.2589111328125 0.0880279541015625 -0.097747802734375 -0.0157089233398437
-0.11859130859375 0.234115600585938 0.00354003906249998 0.149429321289063
0.0310516357421875 0.218215942382813 0.14501953125 0.123031616210938
0.1627197265625 0.163604736328125 0.279144287109375 0.02374267578125
0.200775146484375 0.07421875 0.295562744140625 -0.113739013671875
0.163742065429688 0.0820159912109375 0.2657470703125 -0.185897827148438
0.15802001953125 0.108551025390625 0.2672119140625 -0.163528442382812
0.097259521484375 0.143035888671875 0.275543212890625 -0.0647735595703125
-0.00464630126953126 0.133735656738281 0.21966552734375 -0.00480651855468749
-0.0645523071289063 0.0916748046875 0.16156005859375 0.028289794921875
-0.0833663940429687 -0.0066070556640625 0.1885986328125 -0.0098724365234375
-0.0423736572265625 -0.0722732543945313 0.384735107421875 -0.06756591796875
-0.00467300415039062 -0.0560760498046875 0.58135986328125 0.15771484375
-0.331268310546875 -0.117889404296875 0.20477294921875 -0.294189453125
-0.3824462890625 -0.0196533203125 0.0260009765625 -0.231796264648438
-0.305450439453125 0.19488525390625 -0.0832977294921875 -0.04473876953125
-0.099609375 0.3363037109375 0.00579833984374999 0.0850143432617188
0.096038818359375 0.287017822265625 0.099700927734375 0.05072021484375
0.270034790039063 0.181655883789063 0.197967529296875 -0.024749755859375
0.3026123046875 0.04705810546875 0.1929931640625 -0.124664306640625
0.26202392578125 0.056854248046875 0.166427612304688 -0.18145751953125
0.278030395507813 0.0815887451171875 0.17877197265625 -0.174667358398438
0.229904174804688 0.159072875976563 0.216171264648438 -0.102828979492188
0.099761962890625 0.21954345703125 0.184112548828125 -0.0589599609375
-0.0130615234375 0.231216430664063 0.170974731445313 -0.0268096923828125
-0.160018920898438 0.142379760742188 0.238906860351563 -0.047515869140625
-0.229034423828125 0.0333099365234375 0.405120849609375 -0.055419921875
-0.23101806640625 -0.00457763671875004 0.566162109375 0.1558837890625
-0.474609375 -0.030242919921875 0.109527587890625 -0.305023193359375
-0.4515380859375 0.11187744140625 -0.019439697265625 -0.216293334960937
-0.292755126953125 0.291229248046875 -0.06732177734375 -0.0655021667480468
-0.048187255859375 0.393463134765625 0.00321674346923828 0.0134601593017578
0.158111572265625 0.3070068359375 0.0385208129882813 -0.0238800048828125
0.3397216796875 0.165435791015625 0.0885772705078125 -0.0667190551757812
0.355804443359375 0.01104736328125 0.0650634765625 -0.111457824707031
0.318939208984375 0.0233154296875 0.0411224365234375 -0.149734497070313
0.357635498046875 0.044708251953125 0.0583648681640625 -0.157684326171875
0.32940673828125 0.155914306640625 0.115280151367188 -0.129859924316406
0.1868896484375 0.281112670898438 0.113456726074219 -0.115509033203125
0.034027099609375 0.3453369140625 0.156723022460938 -0.0896453857421875
-0.227340698242188 0.269973754882813 0.262802124023438 -0.0854949951171875
-0.389862060546875 0.125335693359375 0.374420166015625 -0.0306396484375
-0.4222412109375 0.0437316894531249 0.47216796875 0.15240478515625
-0.5504150390625 0.0690307617187501 -0.0133056640625 -0.282745361328125
-0.45611572265625 0.240081787109375 -0.0683135986328125 -0.173095703125
-0.229339599609375 0.36065673828125 -0.0499420166015625 -0.075439453125
0.027008056640625 0.3988037109375 -0.00839233398437499 -0.0554161071777344
0.2091064453125 0.27813720703125 -0.031036376953125 -0.0860061645507812
0.361572265625 0.11566162109375 -0.0297393798828125 -0.0903778076171875
0.355316162109375 -0.029571533203125 -0.0672378540039062 -0.078399658203125
0.3260498046875 -0.011383056640625 -0.0900497436523437 -0.0930709838867188
0.3790283203125 0.005401611328125 -0.0760269165039062 -0.118667602539063
0.369842529296875 0.13079833984375 -0.01153564453125 -0.142303466796875
0.236480712890625 0.295196533203125 0.016510009765625 -0.163177490234375
0.070709228515625 0.396484375 0.114913940429687 -0.150863647460937
-0.25347900390625 0.344482421875 0.251083374023438 -0.115249633789062
-0.48065185546875 0.18914794921875 0.289825439453125 0.00430297851562501
-0.536102294921875 0.085845947265625 0.313751220703125 0.144439697265625
-0.554656982421875 0.15240478515625 -0.14764404296875 -0.229629516601562
-0.408203125 0.3297119140625 -0.115676879882813 -0.105255126953125
-0.140838623046875 0.385162353515625 -0.0364456176757813 -0.0734100341796875
0.099761962890625 0.354705810546875 -0.031890869140625 -0.106842041015625
0.235519409179688 0.210281372070313 -0.102310180664062 -0.120452880859375
0.338134765625 0.048370361328125 -0.139869689941406 -0.0879440307617188
0.30487060546875 -0.072418212890625 -0.185333251953125 -0.0268096923828125
0.2869873046875 -0.04656982421875 -0.2071533203125 -0.0228424072265625
0.3385009765625 -0.032440185546875 -0.202117919921875 -0.0672760009765625
0.341156005859375 0.08013916015625 -0.1400146484375 -0.142898559570313
0.235687255859375 0.247955322265625 -0.0802001953125 -0.196258544921875
0.092803955078125 0.36065673828125 0.062225341796875 -0.193359375
-0.218994140625 0.34259033203125 0.208053588867188 -0.125640869140625
-0.468963623046875 0.219390869140625 0.171646118164063 0.0462493896484375
-0.554534912109375 0.12493896484375 0.127273559570312 0.135971069335938
-0.484893798828125 0.195465087890625 -0.2818603515625 -0.163543701171875
-0.32049560546875 0.34716796875 -0.16400146484375 -0.0332336425781249
-0.05963134765625 0.35009765625 -0.0343017578125 -0.055572509765625
0.141571044921875 0.269622802734375 -0.0614852905273437 -0.13037109375
0.224945068359375 0.123443603515625 -0.16180419921875 -0.122299194335938
0.268157958984375 -0.0184478759765625 -0.226104736328125 -0.06011962890625
0.212417602539063 -0.098388671875 -0.273086547851563 0.0342407226562499
0.202178955078125 -0.071136474609375 -0.291351318359375 0.050140380859375
0.239089965820313 -0.061676025390625 -0.29534912109375 -0.0106811523437499
0.245925903320312 0.013397216796875 -0.240921020507813 -0.131210327148438
0.1868896484375 0.146835327148438 -0.15179443359375 -0.2052001953125
0.100753784179687 0.244064331054688 0.0176544189453125 -0.21002197265625
-0.129486083984375 0.268661499023438 0.154937744140625 -0.113037109375
-0.355743408203125 0.21575927734375 0.052703857421875 0.0935440063476563
-0.4693603515625 0.15728759765625 -0.0548477172851563 0.132972717285156
-0.350372314453125 0.1932373046875 -0.405303955078125 -0.106231689453125
-0.20782470703125 0.29205322265625 -0.22021484375 0.0257415771484376
-0.000335693359375014 0.264297485351563 -0.0505790710449219 -0.027496337890625
0.144912719726563 0.16241455078125 -0.0951309204101562 -0.124443054199219
0.176895141601563 0.0363006591796875 -0.2042236328125 -0.096771240234375
0.164566040039063 -0.070953369140625 -0.279937744140625 -0.013702392578125
0.0914688110351563 -0.107223510742188 -0.320037841796875 0.094573974609375
0.0873794555664062 -0.0845947265625 -0.331939697265625 0.113494873046875
0.101898193359375 -0.0807952880859375 -0.33941650390625 0.03729248046875
0.112152099609375 -0.061004638671875 -0.292205810546875 -0.11065673828125
0.114837646484375 0.0154876708984375 -0.182510375976563 -0.193695068359375
0.103103637695313 0.0861053466796875 -0.00744628906250001 -0.200576782226563
-0.00410461425781251 0.160934448242188 0.108009338378906 -0.0799560546875
-0.175933837890625 0.196456909179688 -0.0358505249023438 0.137466430664062
-0.309783935546875 0.184051513671875 -0.196746826171875 0.140304565429688
0.0660247802734375 -0.207000732421875 0.226333618164063 -0.220230102539063
-0.099884033203125 -0.203140258789062 0.0398712158203125 -0.1910400390625
-0.177108764648438 -0.0068511962890625 -0.116973876953125 0.0286483764648437
-0.107414245605469 0.116546630859375 -0.00140380859375002 0.204788208007813
-0.0244979858398437 0.126319885253906 0.17181396484375 0.181350708007812
0.0506134033203125 0.121025085449219 0.3199462890625 0.070404052734375
0.0887603759765625 0.08599853515625 0.346649169921875 -0.085693359375
0.0597686767578125 0.0947494506835938 0.312164306640625 -0.158935546875
0.03985595703125 0.12176513671875 0.301055908203125 -0.13134765625
-0.0290145874023437 0.125747680664062 0.282257080078125 -0.024200439453125
-0.103599548339844 0.0619659423828125 0.219696044921875 0.0323944091796875
-0.124458312988281 -0.028289794921875 0.142333984375 0.0610809326171875
-0.037506103515625 -0.15325927734375 0.142547607421875 0.032257080078125
0.112472534179687 -0.197402954101563 0.326568603515625 -0.041900634765625
0.204788208007812 -0.133392333984375 0.513214111328125 0.175872802734375
-0.145477294921875 -0.188369750976563 0.228851318359375 -0.261199951171875
-0.269622802734375 -0.12896728515625 0.0355224609375 -0.215866088867188
-0.268966674804687 0.098846435546875 -0.103973388671875 -0.00946044921874999
-0.115768432617187 0.248123168945313 -0.000579833984374992 0.150924682617188
0.0381622314453125 0.227767944335938 0.138008117675781 0.122978210449219
0.177474975585938 0.166839599609375 0.270919799804687 0.0255889892578125
0.214141845703125 0.0720367431640625 0.282318115234375 -0.109375
0.177261352539063 0.081939697265625 0.247940063476563 -0.18060302734375
0.173797607421875 0.111114501953125 0.248733520507813 -0.163406372070313
0.106536865234375 0.1529541015625 0.26214599609375 -0.07159423828125
-0.0076141357421875 0.147476196289063 0.214019775390625 -0.0166168212890625
-0.0768356323242188 0.0991134643554688 0.166290283203125 0.0164031982421875
-0.100090026855469 -0.0191421508789063 0.199951171875 -0.010345458984375
-0.0521926879882813 -0.0976409912109375 0.383941650390625 -0.058685302734375
-0.00330352783203124 -0.08184814453125 0.57293701171875 0.16357421875
-0.331207275390625 -0.13433837890625 0.1759033203125 -0.297393798828125
-0.392730712890625 -0.0254516601562501 0.00378417968749996 -0.228805541992188
-0.31365966796875 0.19793701171875 -0.0934295654296875 -0.0402145385742187
-0.09869384765625 0.344268798828125 -0.00167083740234376 0.0865936279296875
0.100067138671875 0.29345703125 0.0876541137695313 0.0510635375976563
0.278549194335938 0.1842041015625 0.184478759765625 -0.0216064453125
0.308319091796875 0.04620361328125 0.17681884765625 -0.116439819335937
0.268218994140625 0.05718994140625 0.145370483398438 -0.174026489257813
0.2867431640625 0.083343505859375 0.157058715820313 -0.172149658203125
0.233444213867188 0.164443969726562 0.198883056640625 -0.111801147460937
0.095306396484375 0.226669311523438 0.176406860351563 -0.07391357421875
-0.0247344970703125 0.232192993164063 0.175079345703125 -0.0423736572265625
-0.171463012695312 0.126632690429688 0.247543334960938 -0.05322265625
-0.232955932617187 0.00950622558593747 0.40618896484375 -0.05499267578125
-0.222885131835938 -0.027618408203125 0.561126708984375 0.15350341796875
-0.46405029296875 -0.04412841796875 0.0828552246093749 -0.313629150390625
-0.4512939453125 0.1014404296875 -0.0427398681640625 -0.219100952148438
-0.297271728515625 0.285797119140625 -0.0806808471679688 -0.0625381469726562
-0.05078125 0.392669677734375 -0.00586605072021485 0.0138120651245117
0.156158447265625 0.3074951171875 0.0246334075927734 -0.0226783752441406
0.3385009765625 0.166534423828125 0.0724411010742188 -0.0608062744140625
0.354278564453125 0.012725830078125 0.0485916137695313 -0.103271484375
0.31787109375 0.0250244140625 0.0200653076171875 -0.140167236328125
0.356353759765625 0.046051025390625 0.03656005859375 -0.155502319335938
0.326507568359375 0.15667724609375 0.0963363647460938 -0.138992309570313
0.181427001953125 0.281341552734375 0.102462768554688 -0.130622863769531
0.02435302734375 0.34002685546875 0.15625 -0.107254028320312
-0.232330322265625 0.253982543945313 0.269287109375 -0.09649658203125
-0.38739013671875 0.1075439453125 0.377349853515625 -0.03778076171875
-0.40765380859375 0.02618408203125 0.4736328125 0.14373779296875
-0.532073974609375 0.05859375 -0.033660888671875 -0.298797607421875
-0.44647216796875 0.22711181640625 -0.08831787109375 -0.182174682617187
-0.23004150390625 0.348175048828125 -0.065521240234375 -0.0755538940429687
0.02252197265625 0.39013671875 -0.0194778442382813 -0.0547828674316406
0.201751708984375 0.273223876953125 -0.0446624755859375 -0.0840225219726562
0.352996826171875 0.117828369140625 -0.0456085205078125 -0.0856170654296875
0.3455810546875 -0.02783203125 -0.0810928344726562 -0.069580078125
0.31964111328125 -0.01025390625 -0.10601806640625 -0.0838699340820313
0.36920166015625 0.005706787109375 -0.0951690673828125 -0.116020202636719
0.3592529296875 0.1265869140625 -0.0316925048828125 -0.150970458984375
0.229888916015625 0.28851318359375 0.00445556640625 -0.177841186523437
0.06585693359375 0.385467529296875 0.112335205078125 -0.168289184570313
-0.25140380859375 0.330047607421875 0.252471923828125 -0.128860473632812
-0.469085693359375 0.1778564453125 0.292816162109375 -0.00811767578124999
-0.514892578125 0.0758056640625 0.3214111328125 0.131622314453125
-0.531158447265625 0.14971923828125 -0.160263061523438 -0.253433227539063
-0.388031005859375 0.319244384765625 -0.1317138671875 -0.122596740722656
-0.13616943359375 0.369354248046875 -0.0526046752929688 -0.0767135620117187
0.095794677734375 0.339447021484375 -0.0423736572265625 -0.106765747070312
0.223403930664063 0.200180053710938 -0.113304138183594 -0.118270874023438
0.321868896484375 0.0478515625 -0.151962280273437 -0.0842742919921875
0.287933349609375 -0.0672607421875 -0.1942138671875 -0.0211639404296875
0.273544311523438 -0.0445404052734375 -0.216644287109375 -0.01593017578125
0.3211669921875 -0.03173828125 -0.21600341796875 -0.0635986328125
0.324859619140625 0.074005126953125 -0.156295776367187 -0.149154663085937
0.228256225585938 0.236328125 -0.091949462890625 -0.206069946289062
0.090911865234375 0.34454345703125 0.0573272705078125 -0.2073974609375
-0.21197509765625 0.327362060546875 0.20660400390625 -0.140182495117187
-0.45184326171875 0.2152099609375 0.176193237304687 0.0313568115234375
-0.5283203125 0.124298095703125 0.1407470703125 0.121261596679688
-0.46331787109375 0.203033447265625 -0.28375244140625 -0.1900634765625
-0.296661376953125 0.34332275390625 -0.173675537109375 -0.0548095703125
-0.048187255859375 0.33758544921875 -0.0497703552246094 -0.0614700317382812
0.142959594726563 0.2515869140625 -0.0709152221679687 -0.128173828125
0.214126586914063 0.1099853515625 -0.167404174804687 -0.11962890625
0.248458862304688 -0.0229339599609375 -0.233001708984375 -0.056793212890625
0.191268920898438 -0.0941925048828125 -0.27569580078125 0.0371093749999999
0.185409545898438 -0.0684356689453125 -0.29388427734375 0.0535278320312499
0.218414306640625 -0.0611114501953125 -0.302154541015625 -0.00811767578124998
0.224960327148438 0.0062713623046875 -0.25042724609375 -0.135391235351562
0.176803588867188 0.132568359375 -0.160491943359375 -0.210784912109375
0.0991668701171875 0.224395751953125 0.0117340087890625 -0.219924926757813
-0.11767578125 0.254119873046875 0.152175903320313 -0.124710083007812
-0.33319091796875 0.21795654296875 0.0616073608398437 0.0798416137695313
-0.442230224609375 0.16387939453125 -0.035369873046875 0.119827270507813
-0.334930419921875 0.209381103515625 -0.399658203125 -0.1297607421875
-0.186920166015625 0.297760009765625 -0.223846435546875 0.00396728515625005
0.0164947509765625 0.25897216796875 -0.0646400451660156 -0.0327949523925781
0.152816772460938 0.145645141601563 -0.102218627929688 -0.121162414550781
0.170547485351563 0.0187530517578125 -0.204483032226562 -0.091827392578125
0.145751953125 -0.0792236328125 -0.279296875 -0.0115966796875
0.0705032348632812 -0.103958129882812 -0.314422607421875 0.094696044921875
0.0698089599609375 -0.082489013671875 -0.327667236328125 0.113739013671875
0.0823822021484375 -0.0796585083007813 -0.338653564453125 0.0389404296875
0.0900192260742188 -0.0661849975585938 -0.29571533203125 -0.113128662109375
0.102325439453125 0.000213623046875 -0.185379028320312 -0.197067260742188
0.101081848144531 0.0654830932617188 -0.0100860595703125 -0.206085205078125
0.009185791015625 0.14569091796875 0.106620788574219 -0.0897445678710937
-0.150192260742187 0.19989013671875 -0.0232086181640625 0.125335693359375
-0.28131103515625 0.1976318359375 -0.169967651367188 0.130950927734375
0.0452728271484375 -0.2254638671875 0.203659057617188 -0.210464477539063
-0.132156372070312 -0.200241088867188 0.0232696533203125 -0.18035888671875
-0.188079833984375 0.0130157470703125 -0.1209716796875 0.03961181640625
-0.099517822265625 0.138938903808594 0.00167846679687499 0.213424682617188
-0.00875854492187499 0.139694213867188 0.176071166992188 0.186248779296875
0.0738754272460938 0.122001647949219 0.328643798828125 0.069183349609375
0.109222412109375 0.0782928466796875 0.349853515625 -0.087371826171875
0.0797042846679688 0.0900955200195313 0.309967041015625 -0.160125732421875
0.064849853515625 0.120506286621094 0.29541015625 -0.133392333984375
-0.008544921875 0.137748718261719 0.280166625976563 -0.02886962890625
-0.0993881225585937 0.0831069946289063 0.220611572265625 0.024444580078125
-0.134979248046875 -0.0116348266601563 0.150375366210937 0.0525970458984375
-0.0609130859375 -0.15557861328125 0.160614013671875 0.0337677001953125
0.0883026123046875 -0.220382690429688 0.340789794921875 -0.0318603515625
0.193008422851563 -0.161392211914063 0.523223876953125 0.19219970703125
-0.164321899414063 -0.208251953125 0.2017822265625 -0.256515502929688
-0.29937744140625 -0.126312255859375 0.0159149169921875 -0.207244873046875
-0.280792236328125 0.117385864257812 -0.113174438476563 8.39233398437703E-05
-0.108413696289063 0.269500732421875 -0.00238037109375 0.158584594726563
0.0543365478515625 0.242172241210938 0.135810852050781 0.127693176269531
0.199905395507812 0.167709350585938 0.270904541015625 0.027679443359375
0.2340087890625 0.0649261474609375 0.278472900390625 -0.105010986328125
0.195205688476562 0.0783538818359375 0.237258911132813 -0.176895141601563
0.19580078125 0.11041259765625 0.235610961914063 -0.162948608398438
0.123397827148438 0.163925170898438 0.251296997070313 -0.0782318115234375
-0.00576782226562499 0.166915893554688 0.209060668945313 -0.0302276611328125
-0.0894927978515625 0.1124267578125 0.171585083007813 0.00141906738281251
-0.123001098632812 -0.0257568359375 0.215805053710937 -0.014862060546875
-0.07373046875 -0.121665954589844 0.396484375 -0.05621337890625
-0.01104736328125 -0.110992431640625 0.5828857421875 0.1695556640625
-0.343902587890625 -0.152099609375 0.145111083984375 -0.300048828125
-0.41644287109375 -0.026275634765625 -0.0203704833984375 -0.223251342773438
-0.326446533203125 0.211578369140625 -0.106208801269531 -0.0329437255859375
-0.0948486328125 0.36102294921875 -0.0082550048828125 0.0921096801757813
0.11083984375 0.305694580078125 0.0798110961914063 0.0558853149414063
0.29632568359375 0.186309814453125 0.1773681640625 -0.0161285400390625
0.322723388671875 0.042236328125 0.167037963867188 -0.10821533203125
0.282501220703125 0.054351806640625 0.12994384765625 -0.166290283203125
0.30316162109375 0.083221435546875 0.137420654296875 -0.16986083984375
0.245864868164063 0.171585083007813 0.181411743164063 -0.119415283203125
0.0959625244140625 0.242324829101563 0.165481567382813 -0.090667724609375
-0.0350189208984375 0.241165161132813 0.176254272460938 -0.0619354248046875
-0.190841674804688 0.118606567382813 0.261444091796875 -0.065673828125
-0.249237060546875 -0.0104217529296876 0.41778564453125 -0.060760498046875
-0.225723266601563 -0.0527801513671875 0.57305908203125 0.15020751953125
-0.46771240234375 -0.0595703124999999 0.050872802734375 -0.323486328125
-0.466064453125 0.0967407226562501 -0.0696258544921875 -0.218704223632813
-0.310150146484375 0.29180908203125 -0.0966644287109375 -0.0579986572265625
-0.0496826171875 0.403778076171875 -0.0165767669677734 0.0188694000244141
0.1610107421875 0.318450927734375 0.0116195678710938 -0.0191841125488281
0.34857177734375 0.170166015625 0.0603370666503907 -0.0543403625488281
0.361175537109375 0.010833740234375 0.0341415405273438 -0.09228515625
0.3265380859375 0.024322509765625 0.00212097167968753 -0.12896728515625
0.365997314453125 0.0457763671875 0.01336669921875 -0.149658203125
0.333038330078125 0.16009521484375 0.0743865966796875 -0.147430419921875
0.18206787109375 0.291259765625 0.0879058837890625 -0.1478271484375
0.0189208984375 0.34466552734375 0.15374755859375 -0.130142211914062
-0.2471923828125 0.248626708984375 0.278030395507813 -0.114578247070312
-0.39715576171875 0.0952453613281249 0.387420654296875 -0.0501708984375
-0.40704345703125 0.00811767578125003 0.485992431640625 0.133270263671875
-0.52752685546875 0.0516662597656249 -0.062896728515625 -0.3170166015625
-0.4481201171875 0.22125244140625 -0.116958618164063 -0.18963623046875
-0.237274169921875 0.3477783203125 -0.0847625732421875 -0.073211669921875
0.019500732421875 0.392364501953125 -0.0327262878417969 -0.0513801574707031
0.19940185546875 0.279251098632813 -0.0610809326171875 -0.08099365234375
0.354339599609375 0.1201171875 -0.0612258911132812 -0.0771942138671875
0.34588623046875 -0.025390625 -0.0969085693359375 -0.0590057373046875
0.321624755859375 -0.008941650390625 -0.124427795410156 -0.0722503662109375
0.3699951171875 0.004425048828125 -0.118125915527344 -0.10809326171875
0.359405517578125 0.12481689453125 -0.0554351806640625 -0.15740966796875
0.2286376953125 0.289794921875 -0.0136260986328125 -0.192489624023437
0.0615234375 0.384735107421875 0.10467529296875 -0.190597534179687
-0.2579345703125 0.323760986328125 0.255935668945313 -0.150405883789063
-0.47186279296875 0.1734619140625 0.300445556640625 -0.024078369140625
-0.50958251953125 0.0680541992187499 0.333984375 0.114227294921875
-0.519378662109375 0.150787353515625 -0.18524169921875 -0.277328491210938
-0.3778076171875 0.314697265625 -0.157562255859375 -0.135894775390625
-0.13525390625 0.362457275390625 -0.072540283203125 -0.0768280029296875
0.093414306640625 0.33203125 -0.056304931640625 -0.105018615722656
0.216720581054688 0.19793701171875 -0.128616333007813 -0.116500854492187
0.31353759765625 0.048370361328125 -0.168991088867187 -0.076080322265625
0.2794189453125 -0.06158447265625 -0.208160400390625 -0.0120849609375
0.268356323242188 -0.0408935546875 -0.232025146484375 -0.00408935546875003
0.31378173828125 -0.03076171875 -0.235260009765625 -0.055023193359375
0.314422607421875 0.071014404296875 -0.179840087890625 -0.15283203125
0.223159790039062 0.2301025390625 -0.11083984375 -0.217880249023437
0.089935302734375 0.335968017578125 0.047088623046875 -0.226638793945312
-0.211395263671875 0.321533203125 0.20440673828125 -0.160812377929688
-0.444427490234375 0.216522216796875 0.18218994140625 0.0155029296875
-0.514434814453125 0.12451171875 0.154708862304688 0.103836059570313
-0.4476318359375 0.21343994140625 -0.303558349609375 -0.217987060546875
-0.278076171875 0.34552001953125 -0.195266723632813 -0.0737152099609375
-0.03704833984375 0.330078125 -0.069183349609375 -0.0641059875488281
0.145721435546875 0.236297607421875 -0.0834274291992187 -0.127433776855469
0.205963134765625 0.098907470703125 -0.179595947265625 -0.117584228515625
0.233627319335938 -0.0256500244140625 -0.245437622070313 -0.051483154296875
0.176406860351563 -0.0876617431640625 -0.28369140625 0.0450439453125
0.17431640625 -0.0644378662109375 -0.303924560546875 0.0634460449218749
0.204727172851563 -0.0572967529296875 -0.315887451171875 -0.00109863281249999
0.207962036132813 0.0039825439453125 -0.270889282226563 -0.136688232421875
0.167160034179688 0.12158203125 -0.17633056640625 -0.219314575195313
0.096466064453125 0.209747314453125 0.00230407714843749 -0.23394775390625
-0.110107421875 0.242111206054688 0.148269653320313 -0.142059326171875
-0.315887451171875 0.2191162109375 0.0687484741210937 0.0646286010742188
-0.419921875 0.171173095703125 -0.0184097290039063 0.103843688964844
-0.318023681640625 0.23095703125 -0.413116455078125 -0.155914306640625
-0.16168212890625 0.30780029296875 -0.241424560546875 -0.0145263671875
0.035308837890625 0.255630493164063 -0.08251953125 -0.0349655151367187
0.160812377929688 0.128311157226563 -0.112815856933594 -0.117378234863281
0.163314819335938 0.002227783203125 -0.210174560546875 -0.087860107421875
0.127487182617188 -0.0859375 -0.2847900390625 -0.00744628906250002
0.05078125 -0.098388671875 -0.31689453125 0.0992431640625
0.0547943115234375 -0.0772705078125 -0.3310546875 0.120452880859375
0.0631103515625 -0.0739974975585938 -0.346954345703125 0.04217529296875
0.0675773620605469 -0.0669364929199219 -0.310546875 -0.1148681640625
0.0873031616210938 -0.0121383666992188 -0.197998046875 -0.202728271484375
0.0961685180664062 0.0460205078125 -0.017547607421875 -0.21697998046875
0.021240234375 0.130767822265625 0.104049682617187 -0.101814270019531
-0.124237060546875 0.202224731445313 -0.01171875 0.113182067871094
-0.254074096679688 0.208648681640625 -0.14874267578125 0.118011474609375
0.013458251953125 -0.241058349609375 0.180450439453125 -0.198165893554688
-0.170150756835938 -0.185501098632813 0.00695800781249998 -0.165878295898438
-0.19427490234375 0.0421905517578125 -0.121078491210938 0.055572509765625
-0.0821685791015625 0.16265869140625 0.0119781494140625 0.225021362304688
0.015045166015625 0.150543212890625 0.189697265625 0.187362670898438
0.101554870605469 0.114959716796875 0.342498779296875 0.05926513671875
0.13018798828125 0.0614852905273438 0.3548583984375 -0.098541259765625
0.101486206054688 0.0784225463867188 0.306488037109375 -0.168792724609375
0.092132568359375 0.111404418945313 0.29083251953125 -0.1417236328125
0.018157958984375 0.14312744140625 0.27911376953125 -0.0373992919921875
-0.0872039794921875 0.106346130371094 0.220947265625 0.012603759765625
-0.142288208007813 0.0129547119140625 0.158203125 0.03936767578125
-0.0918121337890625 -0.150680541992188 0.18212890625 0.0257568359375
0.0529632568359375 -0.239028930664062 0.35986328125 -0.03460693359375
0.170440673828125 -0.1910400390625 0.547454833984375 0.195831298828125
-0.195510864257813 -0.220733642578125 0.170913696289063 -0.249481201171875
-0.33551025390625 -0.108184814453125 -0.00650024414062503 -0.19427490234375
-0.289337158203125 0.14776611328125 -0.118949890136719 0.014556884765625
-0.08984375 0.294281005859375 0.00196838378906248 0.168502807617188
0.080352783203125 0.252960205078125 0.140373229980469 0.130783081054688
0.229965209960938 0.15948486328125 0.276229858398438 0.023651123046875
0.254119873046875 0.04833984375 0.277740478515625 -0.106842041015625
0.217147827148438 0.0655670166015625 0.228958129882812 -0.176773071289062
0.223098754882812 0.100250244140625 0.222412109375 -0.1649169921875
0.14825439453125 0.168197631835938 0.2396240234375 -0.0871734619140625
0.00752258300781248 0.188232421875 0.201751708984375 -0.0460205078125
-0.0957107543945313 0.133018493652344 0.173385620117188 -0.0182342529296875
-0.151031494140625 -0.02301025390625 0.231826782226563 -0.03057861328125
-0.105506896972656 -0.1395263671875 0.412750244140625 -0.06793212890625
-0.0302200317382812 -0.139244079589844 0.60400390625 0.162353515625
-0.369903564453125 -0.16204833984375 0.1072998046875 -0.295989990234375
-0.447052001953125 -0.0090942382812501 -0.048919677734375 -0.212066650390625
-0.335418701171875 0.23870849609375 -0.117866516113281 -0.0185089111328125
-0.0791015625 0.38519287109375 -0.0101165771484375 0.102821350097656
0.13555908203125 0.31719970703125 0.0755462646484375 0.0611190795898438
0.3233642578125 0.177703857421875 0.173980712890625 -0.01263427734375
0.340728759765625 0.027099609375 0.159622192382813 -0.101028442382813
0.30108642578125 0.042724609375 0.115585327148438 -0.156661987304688
0.32525634765625 0.07147216796875 0.11749267578125 -0.163818359375
0.268051147460938 0.171798706054688 0.160507202148438 -0.126235961914063
0.107650756835938 0.257293701171875 0.151092529296875 -0.108688354492187
-0.0372161865234375 0.25860595703125 0.171630859375 -0.086700439453125
-0.213943481445313 0.122756958007812 0.272781372070313 -0.089141845703125
-0.274642944335938 -0.021942138671875 0.43157958984375 -0.081634521484375
-0.240646362304687 -0.0734100341796875 0.59161376953125 0.1319580078125
-0.484222412109375 -0.0635070800781249 0.01025390625 -0.32745361328125
-0.485443115234375 0.111480712890625 -0.1021728515625 -0.21063232421875
-0.318603515625 0.310638427734375 -0.114448547363281 -0.0446701049804687
-0.04107666015625 0.4227294921875 -0.0268154144287109 0.0288028717041016
0.17767333984375 0.32733154296875 -0.00124740600585936 -0.00989246368408201
0.3699951171875 0.1646728515625 0.0496597290039063 -0.0451583862304688
0.37335205078125 -0.00128173828125 0.0220108032226563 -0.0788955688476563
0.340850830078125 0.0152587890625 -0.0139694213867187 -0.112564086914063
0.380340576171875 0.03582763671875 -0.0114212036132812 -0.138359069824219
0.347747802734375 0.15618896484375 0.04754638671875 -0.151412963867188
0.193359375 0.299530029296875 0.0646820068359375 -0.164215087890625
0.02203369140625 0.35760498046875 0.144241333007813 -0.157196044921875
-0.26080322265625 0.25360107421875 0.28228759765625 -0.143463134765625
-0.414398193359375 0.093597412109375 0.396087646484375 -0.075531005859375
-0.415008544921875 -0.00149536132812496 0.503143310546875 0.109466552734375
-0.5308837890625 0.049713134765625 -0.10772705078125 -0.326568603515625
-0.45367431640625 0.229156494140625 -0.153488159179687 -0.185394287109375
-0.240478515625 0.356201171875 -0.105247497558594 -0.0639190673828125
0.0257568359375 0.40081787109375 -0.046539306640625 -0.044677734375
0.2080078125 0.2825927734375 -0.0772857666015625 -0.0711441040039063
0.364410400390625 0.11590576171875 -0.076873779296875 -0.0636367797851562
0.35089111328125 -0.02996826171875 -0.110870361328125 -0.0419921875
0.326995849609375 -0.012939453125 -0.141708374023437 -0.050994873046875
0.376953125 -0.0023193359375 -0.141464233398437 -0.092041015625
0.36474609375 0.118927001953125 -0.0874481201171875 -0.15570068359375
0.2396240234375 0.292266845703125 -0.0407562255859375 -0.204803466796875
0.0687255859375 0.3895263671875 0.0870361328125 -0.215896606445313
-0.26373291015625 0.329010009765625 0.252426147460938 -0.180877685546875
-0.47808837890625 0.1800537109375 0.3048095703125 -0.049560546875
-0.5084228515625 0.0664062499999999 0.346466064453125 0.087249755859375
-0.511627197265625 0.15863037109375 -0.227081298828125 -0.2918701171875
-0.3680419921875 0.318206787109375 -0.192474365234375 -0.139495849609375
-0.132080078125 0.362640380859375 -0.09613037109375 -0.0700454711914062
0.096038818359375 0.3280029296875 -0.0726089477539063 -0.0991744995117187
0.215972900390625 0.19610595703125 -0.147872924804688 -0.108352661132812
0.312896728515625 0.04718017578125 -0.186126708984375 -0.0625762939453125
0.27545166015625 -0.0607452392578125 -0.221054077148437 0.00798034667968755
0.266754150390625 -0.042205810546875 -0.2452392578125 0.017974853515625
0.311279296875 -0.03204345703125 -0.2572021484375 -0.0367889404296875
0.310882568359375 0.06719970703125 -0.2113037109375 -0.144805908203125
0.223968505859375 0.225982666015625 -0.139739990234375 -0.2236328125
0.094696044921875 0.332733154296875 0.0256805419921875 -0.246627807617187
-0.2080078125 0.320343017578125 0.194580078125 -0.188201904296875
-0.436492919921875 0.225555419921875 0.184707641601563 -0.00709533691406249
-0.503631591796875 0.131561279296875 0.166549682617187 0.078277587890625
-0.4298095703125 0.22955322265625 -0.339630126953125 -0.23486328125
-0.253753662109375 0.3499755859375 -0.226730346679688 -0.08135986328125
-0.02374267578125 0.321807861328125 -0.0927581787109375 -0.060302734375
0.148117065429688 0.220703125 -0.098297119140625 -0.121452331542969
0.1976318359375 0.0887908935546875 -0.194442749023438 -0.110183715820313
0.220718383789062 -0.029571533203125 -0.260345458984375 -0.037994384765625
0.163345336914063 -0.081024169921875 -0.29443359375 0.06109619140625
0.165420532226563 -0.0614776611328125 -0.31292724609375 0.0840454101562501
0.193878173828125 -0.0529022216796875 -0.332000732421875 0.017120361328125
0.193572998046875 0.002288818359375 -0.297332763671875 -0.127838134765625
0.15789794921875 0.113113403320312 -0.202880859375 -0.220352172851562
0.0948638916015625 0.1962890625 -0.0181427001953125 -0.24835205078125
-0.102340698242187 0.231918334960937 0.1356201171875 -0.162948608398437
-0.2945556640625 0.2237548828125 0.0729751586914062 0.0459213256835938
-0.397247314453125 0.181488037109375 -0.00366210937500002 0.08294677734375
-0.29510498046875 0.254241943359375 -0.441497802734375 -0.1705322265625
-0.130126953125 0.316070556640625 -0.267486572265625 -0.0237884521484375
0.05889892578125 0.24725341796875 -0.102783203125 -0.029632568359375
0.16748046875 0.104949951171875 -0.126350402832031 -0.109535217285156
0.15325927734375 -0.0158843994140625 -0.219024658203125 -0.0778350830078125
0.10565185546875 -0.090728759765625 -0.293853759765625 0.00402832031250001
0.03192138671875 -0.0881805419921875 -0.321319580078125 0.11273193359375
0.0395164489746094 -0.06903076171875 -0.334625244140625 0.136474609375
0.0462684631347656 -0.0656814575195313 -0.358184814453125 0.056121826171875
0.0439491271972656 -0.0642204284667969 -0.330963134765625 -0.10540771484375
0.0674629211425781 -0.0212631225585937 -0.218658447265625 -0.201583862304687
0.0865097045898438 0.0273056030273437 -0.033477783203125 -0.227630615234375
0.0311965942382813 0.111976623535156 0.0966262817382812 -0.117988586425781
-0.0953826904296875 0.200347900390625 -0.00457763671875 0.097381591796875
-0.221389770507813 0.219161987304687 -0.13031005859375 0.101425170898437
-0.024627685546875 -0.243301391601563 0.159408569335938 -0.181167602539063
-0.201980590820312 -0.153427124023438 -0.00866699218750001 -0.146881103515625
-0.189437866210938 0.07525634765625 -0.114204406738281 0.0730972290039063
-0.0565185546875 0.179367065429688 0.02978515625 0.230880737304688
0.0434417724609375 0.14825439453125 0.202651977539063 0.180755615234375
0.125740051269531 0.0961990356445313 0.35296630859375 0.040008544921875
0.1453857421875 0.0393218994140625 0.356536865234375 -0.1171875
0.117355346679688 0.0593109130859375 0.29656982421875 -0.18109130859375
0.117462158203125 0.089447021484375 0.280624389648438 -0.14990234375
0.0484466552734375 0.138336181640625 0.271316528320313 -0.0492401123046875
-0.0636672973632812 0.123733520507813 0.214187622070313 -0.00477600097656249
-0.138320922851563 0.0410385131835938 0.161407470703125 0.021697998046875
-0.117561340332031 -0.132400512695312 0.198333740234375 0.00917053222656249
0.00765991210937502 -0.244537353515625 0.3734130859375 -0.048980712890625
0.134521484375 -0.21319580078125 0.57086181640625 0.17974853515625
-0.23065185546875 -0.21484375 0.139907836914062 -0.231857299804688
-0.365692138671875 -0.07275390625 -0.0249176025390625 -0.171798706054688
-0.2813720703125 0.183135986328125 -0.118476867675781 0.0328521728515625
-0.059661865234375 0.312103271484375 0.0130615234375 0.175888061523438
0.11114501953125 0.2496337890625 0.143630981445313 0.129898071289063
0.253646850585938 0.133743286132812 0.27850341796875 0.0136566162109375
0.267333984375 0.0201263427734375 0.270538330078125 -0.112823486328125
0.23095703125 0.0412445068359375 0.215042114257813 -0.174148559570313
0.2449951171875 0.074371337890625 0.205230712890625 -0.162887573242188
0.17681884765625 0.160919189453125 0.222457885742188 -0.09466552734375
0.0287322998046875 0.203323364257812 0.186782836914063 -0.06121826171875
-0.0924072265625 0.157821655273437 0.167236328125 -0.042022705078125
-0.176055908203125 -0.00755310058593754 0.239517211914063 -0.05450439453125
-0.14434814453125 -0.139541625976562 0.419769287109375 -0.091552734375
-0.06109619140625 -0.158538818359375 0.61981201171875 0.134521484375
-0.397918701171875 -0.155548095703125 0.0692596435546875 -0.279953002929688
-0.4698486328125 0.0247192382812501 -0.0731048583984376 -0.186050415039063
-0.3277587890625 0.269134521484375 -0.125602722167969 -0.00039672851562498
-0.04730224609375 0.399078369140625 -0.00875854492187501 0.111541748046875
0.164154052734375 0.31427001953125 0.07342529296875 0.0661468505859375
0.348297119140625 0.154449462890625 0.1734619140625 -0.01263427734375
0.350311279296875 0 0.155105590820313 -0.096832275390625
0.313140869140625 0.02044677734375 0.103195190429688 -0.143569946289063
0.344207763671875 0.04931640625 0.0980377197265625 -0.155410766601562
0.29217529296875 0.16058349609375 0.135848999023438 -0.127426147460938
0.129562377929688 0.2662353515625 0.129165649414063 -0.1207275390625
-0.03094482421875 0.274856567382813 0.155426025390625 -0.11053466796875
-0.230178833007812 0.134963989257813 0.270492553710938 -0.119598388671875
-0.30230712890625 -0.016998291015625 0.43243408203125 -0.111236572265625
-0.26263427734375 -0.0826416015625 0.6004638671875 0.0994873046875
-0.50067138671875 -0.0563049316406249 -0.038726806640625 -0.312103271484375
-0.494415283203125 0.136077880859375 -0.134933471679688 -0.185897827148438
-0.309722900390625 0.331878662109375 -0.124313354492188 -0.0244903564453125
-0.01715087890625 0.431640625 -0.0289878845214844 0.0370941162109375
0.20245361328125 0.32562255859375 -0.0103235244750976 0.000936508178710959
0.3875732421875 0.142486572265625 0.0412826538085938 -0.0319328308105469
0.381317138671875 -0.020904541015625 0.0152664184570313 -0.0604362487792969
0.34796142578125 -0.00531005859375 -0.0268325805664062 -0.0930328369140625
0.395263671875 0.014801025390625 -0.0316162109375 -0.118804931640625
0.36395263671875 0.14215087890625 0.0166473388671875 -0.143585205078125
0.209442138671875 0.298095703125 0.0362548828125 -0.169647216796875
0.030517578125 0.36358642578125 0.120315551757812 -0.180267333984375
-0.267181396484375 0.266128540039063 0.269378662109375 -0.176406860351562
-0.43170166015625 0.10626220703125 0.39276123046875 -0.107269287109375
-0.42230224609375 -0.00244140624999999 0.508880615234375 0.072784423828125
-0.529052734375 0.0591735839843751 -0.156585693359375 -0.31524658203125
-0.449493408203125 0.24072265625 -0.186691284179688 -0.164199829101563
-0.239288330078125 0.365081787109375 -0.122230529785156 -0.0418853759765625
0.038665771484375 0.403656005859375 -0.0559158325195313 -0.0315284729003906
0.217605590820312 0.280319213867187 -0.0938568115234375 -0.0581512451171875
0.37493896484375 0.105194091796875 -0.0892181396484375 -0.0452728271484375
0.3524169921875 -0.039337158203125 -0.1204833984375 -0.0174942016601563
0.328765869140625 -0.02642822265625 -0.151504516601562 -0.024810791015625
0.37847900390625 -0.017120361328125 -0.161727905273437 -0.065765380859375
0.369873046875 0.106842041015625 -0.116584777832031 -0.140472412109375
0.249176025390625 0.281082153320313 -0.074798583984375 -0.202377319335937
0.076995849609375 0.385284423828125 0.06024169921875 -0.233535766601563
-0.258636474609375 0.337371826171875 0.233551025390625 -0.210556030273437
-0.479248046875 0.1923828125 0.29644775390625 -0.07916259765625
-0.50250244140625 0.0759582519531249 0.34814453125 0.0543212890625
-0.493194580078125 0.17010498046875 -0.275299072265625 -0.284027099609375
-0.346893310546875 0.3209228515625 -0.22991943359375 -0.123565673828125
-0.12164306640625 0.359893798828125 -0.115570068359375 -0.05169677734375
0.098388671875 0.3201904296875 -0.0873947143554688 -0.0847015380859375
0.215911865234375 0.190078735351563 -0.163726806640625 -0.089141845703125
0.30792236328125 0.040557861328125 -0.198776245117187 -0.03887939453125
0.2718505859375 -0.0622711181640625 -0.224960327148437 0.0328826904296875
0.262359619140625 -0.044677734375 -0.250640869140625 0.0480194091796875
0.3062744140625 -0.03863525390625 -0.268341064453125 -0.0058135986328125
0.30462646484375 0.059173583984375 -0.237594604492188 -0.123977661132813
0.222946166992188 0.216445922851563 -0.171966552734375 -0.214813232421875
0.09967041015625 0.320709228515625 -0.00622558593749998 -0.256271362304688
-0.197967529296875 0.31903076171875 0.173858642578125 -0.211761474609375
-0.422515869140625 0.234649658203125 0.176910400390625 -0.032928466796875
-0.48321533203125 0.142974853515625 0.170272827148437 0.0469207763671875
-0.399444580078125 0.241668701171875 -0.379150390625 -0.23028564453125
-0.220703125 0.345428466796875 -0.259033203125 -0.0718231201171874
-0.00805664062500002 0.30859375 -0.115150451660156 -0.0445938110351562
0.145614624023438 0.199111938476563 -0.114723205566406 -0.1099853515625
0.1876220703125 0.076446533203125 -0.209259033203125 -0.0943603515625
0.205642700195312 -0.028656005859375 -0.271148681640625 -0.016998291015625
0.15008544921875 -0.0736541748046875 -0.295166015625 0.08721923828125
0.154739379882813 -0.0551605224609375 -0.31072998046875 0.1109619140625
0.181304931640625 -0.048309326171875 -0.339508056640625 0.04693603515625
0.178680419921875 0.0059661865234375 -0.320343017578125 -0.10125732421875
0.145706176757812 0.105682373046875 -0.228561401367188 -0.20953369140625
0.0893096923828125 0.180618286132813 -0.04632568359375 -0.253311157226563
-0.09344482421875 0.219924926757812 0.1162109375 -0.180679321289063
-0.272811889648438 0.221923828125 0.0696334838867187 0.02581787109375
-0.365509033203125 0.1903076171875 0.00382232666015623 0.0567626953125
-0.257568359375 0.270858764648438 -0.471343994140625 -0.1663818359375
-0.090606689453125 0.313140869140625 -0.29425048828125 -0.01715087890625
0.080322265625 0.230178833007813 -0.118637084960938 -0.0169525146484375
0.164077758789063 0.077728271484375 -0.139190673828125 -0.0952072143554687
0.134597778320313 -0.0328369140625 -0.222244262695313 -0.0613250732421875
0.0834732055664063 -0.0889739990234375 -0.296875 0.023193359375
0.0162200927734375 -0.07232666015625 -0.3167724609375 0.13006591796875
0.0264320373535156 -0.0558433532714844 -0.329010009765625 0.155731201171875
0.0335426330566406 -0.0480155944824219 -0.36004638671875 0.080474853515625
0.02294921875 -0.0485153198242188 -0.348297119140625 -0.0822753906249999
0.0444793701171875 -0.0247230529785156 -0.24102783203125 -0.1927490234375
0.069549560546875 0.00896835327148438 -0.0556793212890625 -0.22998046875
0.035400390625 0.0881500244140625 0.0802078247070313 -0.130744934082031
-0.06341552734375 0.185195922851563 0.000709533691406246 0.0793533325195313
-0.184600830078125 0.220993041992188 -0.114501953125 0.080047607421875
-0.0610809326171875 -0.227569580078125 0.143844604492188 -0.154800415039063
-0.216506958007813 -0.113479614257812 -0.0107574462890625 -0.122077941894531
-0.17218017578125 0.100967407226563 -0.102897644042969 0.0841445922851563
-0.0245361328125 0.182403564453125 0.0487518310546875 0.224777221679688
0.0680923461914063 0.138404846191406 0.212249755859375 0.16510009765625
0.140609741210938 0.0668182373046875 0.34954833984375 0.01861572265625
0.14837646484375 0.0099639892578125 0.342926025390625 -0.130584716796875
0.123893737792969 0.0348739624023438 0.2822265625 -0.186614990234375
0.127998352050781 0.062896728515625 0.265762329101563 -0.155197143554688
0.0716018676757813 0.123184204101563 0.261032104492188 -0.05712890625
-0.0379867553710938 0.130081176757813 0.204269409179688 -0.015960693359375
-0.125892639160156 0.0620651245117187 0.153610229492188 0.004852294921875
-0.135894775390625 -0.105087280273438 0.203414916992188 -0.0122528076171875
-0.0311431884765625 -0.22711181640625 0.37872314453125 -0.067840576171875
0.0961761474609375 -0.219772338867187 0.57672119140625 0.1590576171875
-0.2601318359375 -0.199981689453125 0.116485595703125 -0.20465087890625
-0.372222900390625 -0.03179931640625 -0.0351104736328125 -0.145248413085937
-0.260848999023437 0.209121704101563 -0.112564086914063 0.0470809936523438
-0.02508544921875 0.31201171875 0.024932861328125 0.175399780273438
0.1378173828125 0.237075805664062 0.148513793945313 0.125228881835938
0.26885986328125 0.101348876953125 0.2735595703125 0.00306701660156251
0.2686767578125 -0.008209228515625 0.264556884765625 -0.116104125976562
0.237091064453125 0.0174102783203125 0.204132080078125 -0.170272827148438
0.254592895507812 0.04681396484375 0.191055297851563 -0.156829833984375
0.196517944335938 0.142379760742187 0.205459594726563 -0.0921630859375
0.052337646484375 0.207901000976562 0.167251586914063 -0.0692901611328125
-0.0802154541015625 0.174362182617187 0.152328491210938 -0.0560302734375
-0.192535400390625 0.012847900390625 0.235519409179688 -0.077880859375
-0.177703857421875 -0.1309814453125 0.412445068359375 -0.113525390625
-0.0908966064453125 -0.163894653320313 0.615478515625 0.107421875
-0.4166259765625 -0.137603759765625 0.0374908447265625 -0.24945068359375
-0.46905517578125 0.059539794921875 -0.0879364013671875 -0.156646728515625
-0.3095703125 0.292205810546875 -0.122978210449219 0.0189743041992188
-0.019622802734375 0.398834228515625 -0.000808715820312511 0.118087768554688
0.188568115234375 0.298431396484375 0.0708999633789063 0.0735855102539063
0.357574462890625 0.1221923828125 0.166702270507813 -0.0113372802734375
0.349395751953125 -0.026092529296875 0.149337768554688 -0.0861968994140625
0.314361572265625 -0.003814697265625 0.0937118530273438 -0.128265380859375
0.34747314453125 0.020172119140625 0.0840530395507813 -0.136993408203125
0.30419921875 0.142333984375 0.113540649414063 -0.117515563964844
0.148040771484375 0.263931274414063 0.100395202636719 -0.123626708984375
-0.018463134765625 0.2847900390625 0.133506774902344 -0.125083923339844
-0.239837646484375 0.151260375976563 0.256256103515625 -0.145233154296875
-0.323089599609375 -0.007781982421875 0.418975830078125 -0.135955810546875
-0.278518676757813 -0.0870361328125 0.58990478515625 0.06488037109375
-0.505645751953125 -0.0420532226562501 -0.0735626220703126 -0.280975341796875
-0.49102783203125 0.15765380859375 -0.152908325195313 -0.152450561523437
-0.29779052734375 0.34979248046875 -0.129570007324219 -0.00325012207031248
0.00445556640624999 0.431060791015625 -0.0302734375 0.0512199401855469
0.216339111328125 0.31341552734375 -0.0139617919921875 0.0157527923583985
0.393463134765625 0.11767578125 0.0391693115234375 -0.021759033203125
0.377227783203125 -0.039093017578125 0.0153350830078125 -0.0430221557617188
0.34698486328125 -0.022491455078125 -0.0300178527832031 -0.0663566589355469
0.390716552734375 -0.006988525390625 -0.040557861328125 -0.0945281982421875
0.367767333984375 0.12322998046875 -0.00494384765624998 -0.125099182128906
0.2237548828125 0.290313720703125 0.00651550292968752 -0.165328979492188
0.04388427734375 0.365997314453125 0.088897705078125 -0.189102172851562
-0.266525268554688 0.273590087890625 0.246673583984375 -0.201385498046875
-0.43499755859375 0.112701416015625 0.373687744140625 -0.135101318359375
-0.426605224609375 -0.00186157226562501 0.493011474609375 0.037139892578125
-0.5213623046875 0.0653381347656249 -0.194488525390625 -0.285797119140625
-0.437744140625 0.24847412109375 -0.211090087890625 -0.134033203125
-0.226470947265625 0.370758056640625 -0.132286071777344 -0.020263671875
0.04949951171875 0.398895263671875 -0.0623588562011719 -0.0164680480957031
0.227279663085938 0.272140502929688 -0.10009765625 -0.0366134643554688
0.37249755859375 0.08758544921875 -0.091094970703125 -0.0253829956054687
0.345428466796875 -0.050628662109375 -0.114059448242187 0.00777435302734374
0.325775146484375 -0.03692626953125 -0.14654541015625 0.00331115722656253
0.3740234375 -0.02777099609375 -0.165817260742187 -0.0352325439453125
0.36614990234375 0.09368896484375 -0.134414672851562 -0.114173889160156
0.252166748046875 0.273849487304688 -0.103363037109375 -0.188690185546875
0.088348388671875 0.379180908203125 0.0242462158203125 -0.234725952148437
-0.2525634765625 0.33721923828125 0.202163696289063 -0.231033325195313
-0.468536376953125 0.201904296875 0.277099609375 -0.103103637695312
-0.49114990234375 0.077606201171875 0.335479736328125 0.019989013671875
-0.470794677734375 0.1685791015625 -0.3106689453125 -0.260955810546875
-0.328948974609375 0.313629150390625 -0.255157470703125 -0.097869873046875
-0.115997314453125 0.34783935546875 -0.128242492675781 -0.0290069580078125
0.0975341796875 0.308074951171875 -0.0959854125976563 -0.0683212280273437
0.21063232421875 0.183380126953125 -0.171295166015625 -0.067474365234375
0.301544189453125 0.0357666015625 -0.199066162109375 -0.01617431640625
0.2640380859375 -0.058502197265625 -0.219375610351562 0.0583038330078125
0.256378173828125 -0.046722412109375 -0.241683959960937 0.0752716064453125
0.29827880859375 -0.0400390625 -0.26800537109375 0.0244598388671875
0.295623779296875 0.054290771484375 -0.252059936523438 -0.0943450927734375
0.219345092773437 0.20697021484375 -0.195510864257813 -0.194915771484375
0.099273681640625 0.30810546875 -0.036865234375 -0.251968383789063
-0.189208984375 0.310272216796875 0.141830444335938 -0.22357177734375
-0.401153564453125 0.234954833984375 0.159591674804688 -0.0524749755859375
-0.45965576171875 0.141357421875 0.160171508789062 0.0181121826171875
-0.364044189453125 0.242156982421875 -0.411285400390625 -0.211578369140625
-0.1943359375 0.328582763671875 -0.284454345703125 -0.052154541015625
0.000213623046875007 0.28546142578125 -0.124755859375 -0.0235595703125
0.136825561523438 0.181488037109375 -0.122962951660156 -0.0908660888671875
0.170700073242188 0.071533203125 -0.212112426757813 -0.070953369140625
0.189224243164063 -0.0243682861328125 -0.267898559570313 0.00607299804687501
0.145095825195313 -0.0602569580078125 -0.2847900390625 0.10699462890625
0.151199340820312 -0.048065185546875 -0.300048828125 0.133758544921875
0.174880981445313 -0.0401611328125 -0.3341064453125 0.07305908203125
0.165267944335938 0.0137786865234375 -0.328521728515625 -0.074127197265625
0.130577087402344 0.102714538574219 -0.24700927734375 -0.1873779296875
0.0789947509765625 0.16778564453125 -0.07208251953125 -0.245681762695313
-0.0888519287109375 0.202438354492188 0.0909881591796875 -0.187286376953125
-0.246780395507813 0.210891723632813 0.0592575073242187 0.0107917785644531
-0.33441162109375 0.182342529296875 0.000858306884765601 0.0303134918212891
-0.217636108398438 0.269729614257813 -0.49249267578125 -0.14984130859375
-0.059478759765625 0.289306640625 -0.314605712890625 -0.00140380859375002
0.09344482421875 0.199554443359375 -0.129348754882813 0.00515747070312499
0.152236938476563 0.05340576171875 -0.141525268554688 -0.0768890380859375
0.112106323242188 -0.0373382568359375 -0.22137451171875 -0.045318603515625
0.060760498046875 -0.077301025390625 -0.2896728515625 0.0408325195312499
0.00851058959960938 -0.0523033142089844 -0.3037109375 0.143524169921875
0.0222930908203125 -0.0415115356445313 -0.313629150390625 0.17095947265625
0.0262851715087891 -0.0312976837158203 -0.352630615234375 0.0999755859375
0.00794029235839844 -0.0316276550292969 -0.3526611328125 -0.0605163574218749
0.0220222473144531 -0.0188102722167969 -0.250381469726563 -0.172317504882813
0.0495491027832031 -0.000213623046875 -0.0755157470703125 -0.223770141601562
0.0330123901367188 0.0654144287109375 0.063751220703125 -0.136955261230469
-0.0420379638671875 0.161117553710938 -0.00179290771484375 0.0638809204101563
-0.146255493164062 0.207260131835938 -0.107795715332031 0.0548553466796875
-0.083892822265625 -0.205245971679688 0.139976501464844 -0.125015258789063
-0.21673583984375 -0.078643798828125 -0.00643157958984377 -0.100074768066406
-0.151519775390625 0.116317749023438 -0.0897598266601563 0.0891876220703125
0.000488281249999984 0.1763916015625 0.0586090087890625 0.215240478515625
0.0837631225585938 0.122787475585938 0.2122802734375 0.155410766601562
0.14361572265625 0.0421600341796875 0.3399658203125 0.00677490234375
0.143341064453125 -0.011383056640625 0.33282470703125 -0.135009765625
0.122528076171875 0.0145797729492188 0.2711181640625 -0.182723999023437
0.129920959472656 0.0389251708984375 0.256103515625 -0.149993896484375
0.0859527587890625 0.104957580566406 0.250930786132813 -0.0543365478515625
-0.0159378051757812 0.127853393554688 0.191604614257813 -0.0186004638671875
-0.109184265136719 0.0740814208984375 0.143280029296875 -0.00553894042968749
-0.140350341796875 -0.0793228149414063 0.20208740234375 -0.0276947021484375
-0.056640625 -0.20538330078125 0.377288818359375 -0.07867431640625
0.0641021728515625 -0.21160888671875 0.57415771484375 0.1488037109375
-0.277145385742188 -0.179000854492188 0.106109619140625 -0.170516967773438
-0.365753173828125 -0.000579833984375033 -0.03369140625 -0.118499755859375
-0.240097045898437 0.221710205078125 -0.1029052734375 0.0571060180664063
-0.00100708007812499 0.3031005859375 0.0321502685546875 0.17279052734375
0.151611328125 0.217697143554688 0.147430419921875 0.12213134765625
0.26751708984375 0.074462890625 0.266571044921875 -0.000381469726562496
0.26116943359375 -0.0289459228515625 0.258926391601563 -0.113082885742187
0.233551025390625 -0.0022125244140625 0.197296142578125 -0.158935546875
0.254074096679688 0.0239715576171875 0.183212280273438 -0.144805908203125
0.20745849609375 0.124588012695313 0.191787719726563 -0.0824432373046875
0.07012939453125 0.2032470703125 0.149215698242188 -0.0667724609375
-0.0683746337890625 0.184326171875 0.135398864746094 -0.0625762939453125
-0.198928833007813 0.032684326171875 0.225723266601562 -0.09259033203125
-0.19989013671875 -0.1143798828125 0.402679443359375 -0.123016357421875
-0.115859985351562 -0.16156005859375 0.60260009765625 0.0948486328125
-0.425262451171875 -0.124114990234375 0.0239410400390625 -0.213211059570313
-0.46038818359375 0.083526611328125 -0.087799072265625 -0.126495361328125
-0.291748046875 0.3016357421875 -0.115264892578125 0.0338821411132813
0.00088500976562503 0.389007568359375 0.0039825439453125 0.121147155761719
0.1983642578125 0.28192138671875 0.0710830688476563 0.079833984375
0.354461669921875 0.096435546875 0.162918090820313 -0.00686645507812499
0.340240478515625 -0.042266845703125 0.149978637695313 -0.0753021240234375
0.3094482421875 -0.0186767578125 0.0937957763671875 -0.111579895019531
0.344390869140625 0.001953125 0.0795364379882813 -0.118301391601563
0.307891845703125 0.126129150390625 0.100547790527344 -0.100723266601563
0.15924072265625 0.2591552734375 0.079925537109375 -0.115142822265625
-0.01116943359375 0.288116455078125 0.111152648925781 -0.127487182617187
-0.244857788085938 0.163101196289062 0.239059448242187 -0.159072875976563
-0.337646484375 0.00210571289062494 0.40234375 -0.147857666015625
-0.293731689453125 -0.0887756347656251 0.57012939453125 0.0494384765625
-0.506195068359375 -0.039398193359375 -0.0901641845703125 -0.243179321289063
-0.482666015625 0.1689453125 -0.156112670898438 -0.12103271484375
-0.286163330078125 0.352935791015625 -0.124954223632813 0.0151596069335938
0.01702880859375 0.421478271484375 -0.0267257690429688 0.0603561401367188
0.222686767578125 0.30120849609375 -0.014657974243164 0.0284843444824219
0.3880615234375 0.101531982421875 0.038909912109375 -0.0104751586914062
0.36962890625 -0.049560546875 0.0220565795898438 -0.0272197723388672
0.340240478515625 -0.032012939453125 -0.0235671997070312 -0.0460700988769531
0.385162353515625 -0.01837158203125 -0.0406417846679687 -0.07098388671875
0.36566162109375 0.113311767578125 -0.0164794921875 -0.103263854980469
0.227264404296875 0.285064697265625 -0.0141143798828125 -0.152374267578125
0.046966552734375 0.360748291015625 0.0642547607421875 -0.1864013671875
-0.268264770507813 0.276657104492188 0.222732543945312 -0.211868286132812
-0.437286376953125 0.115814208984375 0.351165771484375 -0.14697265625
-0.427734375 -0.00741577148437496 0.469329833984375 0.017791748046875
-0.512603759765625 0.0589599609375001 -0.213973999023438 -0.25164794921875
-0.43072509765625 0.2459716796875 -0.218536376953125 -0.102188110351562
-0.223968505859375 0.36712646484375 -0.130760192871094 0.000656127929687508
0.051025390625 0.389984130859375 -0.0623359680175781 -0.00151062011718749
0.226516723632813 0.2669677734375 -0.0989227294921875 -0.019256591796875
0.366119384765625 0.080169677734375 -0.087371826171875 -0.0090484619140625
0.341705322265625 -0.052032470703125 -0.103401184082031 0.0247573852539063
0.321014404296875 -0.03912353515625 -0.135871887207031 0.0251388549804687
0.36627197265625 -0.03228759765625 -0.160354614257813 -0.01263427734375
0.35931396484375 0.089111328125 -0.142593383789062 -0.089630126953125
0.2476806640625 0.268280029296875 -0.118743896484375 -0.170913696289062
0.08551025390625 0.371368408203125 0.00125122070312498 -0.22607421875
-0.251220703125 0.329833984375 0.175491333007812 -0.235092163085937
-0.461181640625 0.196258544921875 0.25421142578125 -0.113845825195313
-0.48223876953125 0.067169189453125 0.314300537109375 0.000274658203125004
-0.452178955078125 0.15545654296875 -0.328857421875 -0.233367919921875
-0.31927490234375 0.296173095703125 -0.265274047851563 -0.0709686279296875
-0.11962890625 0.334320068359375 -0.130241394042969 -0.00886535644531247
0.08990478515625 0.299102783203125 -0.0966873168945313 -0.05126953125
0.20159912109375 0.18359375 -0.169113159179687 -0.049560546875
0.291656494140625 0.03814697265625 -0.192855834960937 0.00175476074218747
0.260787963867188 -0.0519256591796875 -0.206130981445313 0.0742340087890625
0.253768920898438 -0.042572021484375 -0.227005004882812 0.09271240234375
0.292236328125 -0.034698486328125 -0.260009765625 0.0457305908203126
0.2852783203125 0.057159423828125 -0.254074096679688 -0.07012939453125
0.2078857421875 0.2044677734375 -0.206390380859375 -0.174240112304688
0.0904541015625 0.298095703125 -0.0576629638671875 -0.240081787109375
-0.1900634765625 0.2955322265625 0.115814208984375 -0.222671508789063
-0.387939453125 0.2210693359375 0.140243530273437 -0.0604400634765625
-0.440521240234375 0.126251220703125 0.143157958984375 -0.00265502929687499
-0.339813232421875 0.22467041015625 -0.426177978515625 -0.192718505859375
-0.179962158203125 0.301422119140625 -0.297607421875 -0.03289794921875
-0.00546264648437501 0.2635498046875 -0.128402709960938 -0.00379943847656249
0.119964599609375 0.170913696289063 -0.123367309570313 -0.0738067626953125
0.154067993164063 0.0746002197265625 -0.208160400390625 -0.0552520751953125
0.1778564453125 -0.0123748779296875 -0.26007080078125 0.0208892822265625
0.143966674804688 -0.0451812744140625 -0.271133422851562 0.116989135742188
0.147506713867188 -0.03765869140625 -0.28466796875 0.145263671875
0.171768188476563 -0.0270233154296875 -0.3236083984375 0.0900573730468751
0.155929565429687 0.0253143310546875 -0.326416015625 -0.0522766113281249
0.116012573242188 0.106826782226562 -0.253311157226562 -0.166793823242188
0.0636138916015625 0.161666870117188 -0.087982177734375 -0.233123779296875
-0.0934906005859374 0.1839599609375 0.069671630859375 -0.184555053710938
-0.233261108398437 0.189834594726563 0.0453987121582031 0.000514984130859387
-0.308990478515625 0.160552978515625 -0.00866937637329104 0.00708389282226563
-0.18719482421875 0.254241943359375 -0.500396728515625 -0.137725830078125
-0.04119873046875 0.261550903320313 -0.3255615234375 0.011962890625
0.0917510986328125 0.17431640625 -0.130874633789063 0.0208511352539063
0.132843017578125 0.0396957397460938 -0.138153076171875 -0.0628128051757813
0.0922698974609375 -0.0343780517578125 -0.212799072265625 -0.0338592529296875
0.0466194152832031 -0.0609550476074219 -0.279327392578125 0.0490264892578125
0.00818824768066406 -0.032867431640625 -0.290863037109375 0.147613525390625
0.0223178863525391 -0.0268211364746094 -0.2998046875 0.1761474609375
0.0263156890869141 -0.0137481689453125 -0.341949462890625 0.11083984375
0.00147438049316406 -0.0112123489379883 -0.3487548828125 -0.04425048828125
0.00535678863525391 -0.00648641586303711 -0.253372192382813 -0.157333374023438
0.0294017791748047 -0.000171661376953125 -0.08648681640625 -0.212966918945313
0.02178955078125 0.0460472106933594 0.047607421875 -0.135414123535156
-0.032989501953125 0.134353637695313 -0.00950241088867188 0.0507392883300781
-0.122817993164063 0.180618286132813 -0.109962463378906 0.0279617309570312
-0.0957794189453125 -0.185928344726563 0.146942138671875 -0.096954345703125
-0.211074829101563 -0.0547943115234375 0.00373840332031249 -0.0840072631835938
-0.134231567382813 0.12432861328125 -0.0809478759765625 0.0904312133789063
0.0170135498046875 0.168075561523438 0.0622711181640625 0.209396362304688
0.09197998046875 0.109169006347656 0.209976196289063 0.1510009765625
0.140220642089844 0.0225906372070313 0.334869384765625 0.00335693359375
0.136703491210938 -0.026763916015625 0.32940673828125 -0.133270263671875
0.118904113769531 9.1552734375E-05 0.268417358398438 -0.175933837890625
0.127449035644531 0.0205001831054688 0.254653930664063 -0.142791748046875
0.093231201171875 0.0890426635742188 0.24786376953125 -0.047149658203125
-0.000244140625000002 0.121910095214844 0.182968139648438 -0.0152587890625
-0.0954818725585937 0.0807113647460938 0.134834289550781 -0.00829315185546874
-0.139350891113281 -0.0601043701171875 0.201461791992187 -0.0380859375
-0.0695648193359375 -0.185348510742188 0.378814697265625 -0.082275390625
0.0439910888671875 -0.200790405273437 0.57415771484375 0.1524658203125
-0.28765869140625 -0.166259765625 0.109870910644531 -0.138870239257813
-0.360870361328125 0.017425537109375 -0.024627685546875 -0.098846435546875
-0.227279663085937 0.226669311523438 -0.0944061279296875 0.06268310546875
0.013092041015625 0.293548583984375 0.0354156494140625 0.171981811523438
0.157669067382813 0.205520629882813 0.146408081054688 0.125
0.263336181640625 0.057464599609375 0.264022827148438 0.0023651123046875
0.25531005859375 -0.0409088134765625 0.26123046875 -0.106201171875
0.230453491210938 -0.0140533447265625 0.200286865234375 -0.148544311523438
0.2525634765625 0.0084991455078125 0.184783935546875 -0.132003784179688
0.212722778320313 0.112884521484375 0.18878173828125 -0.0691375732421875
0.0828399658203125 0.201492309570313 0.138923645019531 -0.0593490600585937
-0.0607452392578125 0.19122314453125 0.122909545898437 -0.062835693359375
-0.20489501953125 0.047607421875 0.219802856445313 -0.101516723632813
-0.216156005859375 -0.10125732421875 0.3997802734375 -0.124786376953125
-0.135650634765625 -0.159011840820313 0.594970703125 0.099853515625
-0.434173583984375 -0.11956787109375 0.0238189697265625 -0.1805419921875
-0.456268310546875 0.093414306640625 -0.0804977416992188 -0.104347229003906
-0.283905029296875 0.30438232421875 -0.108245849609375 0.0431442260742188
0.00784301757812498 0.3824462890625 0.00736999511718749 0.124504089355469
0.203475952148438 0.273483276367188 0.0714874267578125 0.0862808227539063
0.348876953125 0.084381103515625 0.163238525390625 0.000381469726562505
0.337249755859375 -0.0498046875 0.156158447265625 -0.066070556640625
0.30816650390625 -0.02679443359375 0.100982666015625 -0.09783935546875
0.34326171875 -0.007110595703125 0.0825576782226563 -0.102294921875
0.311187744140625 0.11895751953125 0.096771240234375 -0.083709716796875
0.165756225585938 0.260940551757812 0.0680389404296875 -0.104217529296875
-0.00912475585937502 0.29339599609375 0.0960845947265625 -0.124847412109375
-0.253753662109375 0.171432495117188 0.227035522460937 -0.164642333984375
-0.352142333984375 0.00711059570312494 0.39215087890625 -0.149810791015625
-0.30877685546875 -0.0945739746093749 0.55682373046875 0.05145263671875
-0.51214599609375 -0.0447692871093751 -0.09295654296875 -0.2125244140625
-0.482452392578125 0.17022705078125 -0.150726318359375 -0.0970611572265625
-0.28753662109375 0.354095458984375 -0.118721008300781 0.0287094116210938
0.019134521484375 0.41937255859375 -0.0240135192871094 0.0684089660644532
0.22503662109375 0.29852294921875 -0.0127487182617187 0.0396080017089844
0.3839111328125 0.094512939453125 0.0414390563964844 -0.000377655029296869
0.368133544921875 -0.050994873046875 0.0322380065917969 -0.0157814025878906
0.34039306640625 -0.035064697265625 -0.012948989868164 -0.0316963195800781
0.383819580078125 -0.02191162109375 -0.0359649658203125 -0.0539436340332031
0.3646240234375 0.11083984375 -0.0187759399414062 -0.0844879150390625
0.22821044921875 0.28668212890625 -0.0256729125976562 -0.138938903808594
0.041839599609375 0.364959716796875 0.048248291015625 -0.180206298828125
-0.279769897460937 0.277801513671875 0.206497192382812 -0.213180541992187
-0.448394775390625 0.114715576171875 0.336456298828125 -0.14801025390625
-0.435882568359375 -0.0198974609375 0.452728271484375 0.016204833984375
-0.516357421875 0.0469970703124999 -0.219894409179688 -0.225494384765625
-0.43426513671875 0.23590087890625 -0.2188720703125 -0.0791015625
-0.232818603515625 0.36285400390625 -0.12677001953125 0.0155410766601563
0.044647216796875 0.390777587890625 -0.0585823059082031 0.00926971435546876
0.223358154296875 0.270950317382813 -0.095733642578125 -0.00585937499999998
0.362548828125 0.082275390625 -0.0828323364257812 0.00167846679687499
0.342529296875 -0.048004150390625 -0.0924072265625 0.0345840454101562
0.321929931640625 -0.036712646484375 -0.123779296875 0.0377349853515625
0.36688232421875 -0.027679443359375 -0.15338134765625 0.00421142578124997
0.357086181640625 0.093841552734375 -0.143661499023437 -0.072540283203125
0.242156982421875 0.2720947265625 -0.128005981445313 -0.156585693359375
0.076385498046875 0.372100830078125 -0.0145416259765625 -0.217330932617188
-0.2618408203125 0.325714111328125 0.1578369140625 -0.233184814453125
-0.466583251953125 0.187408447265625 0.239105224609375 -0.114501953125
-0.48321533203125 0.04925537109375 0.2952880859375 -0.0052490234375
-0.44903564453125 0.1351318359375 -0.338775634765625 -0.214874267578125
-0.323760986328125 0.27789306640625 -0.270538330078125 -0.0521087646484375
-0.1329345703125 0.326812744140625 -0.12823486328125 0.00749969482421877
0.07659912109375 0.300201416015625 -0.0938873291015625 -0.0396804809570312
0.19451904296875 0.192123413085938 -0.164413452148438 -0.037261962890625
0.288360595703125 0.048614501953125 -0.187332153320312 0.0112762451171875
0.264938354492188 -0.042572021484375 -0.196304321289062 0.08160400390625
0.255783081054688 -0.0351715087890625 -0.2159423828125 0.102157592773437
0.293731689453125 -0.02569580078125 -0.252532958984375 0.05841064453125
0.282501220703125 0.06805419921875 -0.252670288085938 -0.053924560546875
0.1981201171875 0.212051391601562 -0.21197509765625 -0.1607666015625
0.076904296875 0.297882080078125 -0.0689849853515625 -0.230117797851563
-0.201263427734375 0.28448486328125 0.09967041015625 -0.217529296875
-0.39056396484375 0.204345703125 0.125526428222656 -0.0620269775390625
-0.435699462890625 0.10302734375 0.126167297363281 -0.0139389038085937
-0.3299560546875 0.202056884765625 -0.43603515625 -0.18408203125
-0.181747436523438 0.276962280273438 -0.3072509765625 -0.0188293457031249
-0.018829345703125 0.2496337890625 -0.127899169921875 0.0107192993164062
0.101974487304687 0.170211791992188 -0.119606018066406 -0.0632781982421875
0.142486572265625 0.08428955078125 -0.202392578125 -0.0469512939453125
0.17413330078125 0.0028228759765625 -0.253875732421875 0.0276031494140625
0.14788818359375 -0.0314483642578125 -0.263900756835937 0.119598388671875
0.151580810546875 -0.027252197265625 -0.27471923828125 0.149673461914063
0.174819946289062 -0.0142669677734375 -0.317047119140625 0.09722900390625
0.153060913085937 0.0407867431640625 -0.3243408203125 -0.0404052734375
0.104202270507812 0.118354797363281 -0.2547607421875 -0.156036376953125
0.047119140625 0.1627197265625 -0.0956878662109375 -0.22332763671875
-0.106201171875 0.170684814453125 0.05694580078125 -0.17919921875
-0.23321533203125 0.167449951171875 0.0326766967773437 -0.00333404541015624
-0.301483154296875 0.134765625 -0.0218887329101563 -0.0104579925537109
-0.171905517578125 0.233932495117188 -0.50860595703125 -0.137664794921875
-0.0382080078125 0.237869262695313 -0.336090087890625 0.020050048828125
0.0833892822265625 0.156906127929688 -0.1295166015625 0.0327987670898437
0.114120483398438 0.0350341796875 -0.133621215820313 -0.0544357299804688
0.0782546997070313 -0.0257644653320312 -0.206146240234375 -0.031890869140625
0.0419044494628906 -0.0434455871582031 -0.273513793945313 0.049530029296875
0.0126180648803711 -0.0171899795532227 -0.286224365234375 0.14471435546875
0.0261497497558594 -0.0148811340332031 -0.292694091796875 0.17523193359375
0.0317478179931641 0.000646591186523438 -0.3387451171875 0.113616943359375
0.00101280212402344 0.00764560699462891 -0.346893310546875 -0.0373535156249999
-0.00560379028320312 0.00776576995849609 -0.2529296875 -0.150924682617187
0.0124444961547852 0.00414276123046875 -0.0919036865234375 -0.206314086914062
0.00784873962402344 0.0337390899658203 0.038421630859375 -0.132156372070313
-0.0341033935546875 0.109954833984375 -0.0193901062011719 0.0413131713867188
-0.112991333007813 0.154693603515625 -0.119277954101563 0.00437164306640624
-0.104110717773438 -0.171859741210937 0.161788940429688 -0.07452392578125
-0.207305908203125 -0.03643798828125 0.016082763671875 -0.0736618041992188
-0.122215270996094 0.13037109375 -0.07470703125 0.0915985107421875
0.03045654296875 0.16217041015625 0.065582275390625 0.209945678710937
0.0994186401367188 0.099578857421875 0.21240234375 0.153610229492188
0.138435363769531 0.00778961181640625 0.339141845703125 0.003753662109375
0.13238525390625 -0.039581298828125 0.337615966796875 -0.134490966796875
0.115974426269531 -0.0121231079101563 0.275161743164063 -0.175384521484375
0.125541687011719 0.00533294677734375 0.262741088867187 -0.138671875
0.0989990234375 0.076568603515625 0.25506591796875 -0.0410614013671875
0.0114364624023437 0.117050170898438 0.181900024414063 -0.00984191894531249
-0.0857315063476562 0.0851593017578125 0.130622863769531 -0.00851440429687499
-0.13812255859375 -0.0454254150390625 0.20416259765625 -0.046539306640625
-0.0784912109375 -0.170913696289063 0.3909912109375 -0.0863037109375
0.030303955078125 -0.1927490234375 0.587890625 0.16302490234375
-0.301116943359375 -0.158050537109375 0.121307373046875 -0.113746643066406
-0.3623046875 0.032745361328125 -0.0129318237304688 -0.0852813720703125
-0.221038818359375 0.23388671875 -0.0885848999023438 0.0674819946289063
0.02197265625 0.291290283203125 0.03802490234375 0.174606323242188
0.164657592773437 0.199905395507812 0.149063110351563 0.131698608398438
0.2628173828125 0.046173095703125 0.26837158203125 0.0062103271484375
0.2550048828125 -0.0511474609375 0.27191162109375 -0.103912353515625
0.231704711914063 -0.0232696533203125 0.210464477539063 -0.14306640625
0.256103515625 -0.00262451171875 0.192901611328125 -0.124847412109375
0.222183227539063 0.104888916015625 0.195266723632813 -0.05853271484375
0.09466552734375 0.203109741210938 0.134811401367188 -0.0517807006835937
-0.05499267578125 0.201644897460938 0.116142272949219 -0.0619354248046875
-0.21258544921875 0.0620269775390625 0.219711303710937 -0.108062744140625
-0.233230590820312 -0.0914764404296875 0.407135009765625 -0.127227783203125
-0.154830932617187 -0.159378051757813 0.60430908203125 0.1116943359375
-0.4515380859375 -0.118682861328125 0.030426025390625 -0.155349731445313
-0.464599609375 0.102783203125 -0.0719528198242188 -0.088348388671875
-0.28594970703125 0.31256103515625 -0.102531433105469 0.0513153076171875
0.013641357421875 0.38409423828125 0.0102615356445312 0.130805969238281
0.2088623046875 0.27386474609375 0.07464599609375 0.0963134765625
0.351898193359375 0.077667236328125 0.168121337890625 0.0074462890625
0.3416748046875 -0.0565185546875 0.16876220703125 -0.0605010986328125
0.314208984375 -0.032379150390625 0.113021850585938 -0.0902786254882813
0.3505859375 -0.01519775390625 0.090423583984375 -0.0912246704101563
0.320465087890625 0.116943359375 0.101142883300781 -0.070037841796875
0.176116943359375 0.267379760742188 0.0616683959960938 -0.0950546264648438
-0.00848388671874999 0.306915283203125 0.0868911743164063 -0.123008728027344
-0.26837158203125 0.1832275390625 0.22320556640625 -0.170547485351563
-0.374420166015625 0.012237548828125 0.393341064453125 -0.15155029296875
-0.330230712890625 -0.1016845703125 0.55889892578125 0.05908203125
-0.53131103515625 -0.0516052246093749 -0.09130859375 -0.1903076171875
-0.496185302734375 0.1739501953125 -0.146697998046875 -0.0802459716796875
-0.297882080078125 0.36407470703125 -0.114463806152344 0.0393218994140625
0.018768310546875 0.427276611328125 -0.0194625854492187 0.0763015747070313
0.231048583984375 0.305694580078125 -0.00937652587890623 0.0499229431152344
0.38983154296875 0.095428466796875 0.0466156005859375 0.00860977172851563
0.37640380859375 -0.0531005859375 0.0442733764648438 -0.00915145874023438
0.349212646484375 -0.037384033203125 -0.000288009643554666 -0.0223960876464844
0.394866943359375 -0.02362060546875 -0.0296669006347656 -0.0406570434570313
0.375 0.11419677734375 -0.0170097351074219 -0.069854736328125
0.234375 0.299163818359375 -0.0332870483398437 -0.128715515136719
0.03955078125 0.378814697265625 0.0376739501953125 -0.177032470703125
-0.297119140625 0.287384033203125 0.198974609375 -0.217071533203125
-0.47119140625 0.11456298828125 0.333526611328125 -0.149932861328125
-0.4564208984375 -0.0319824218749999 0.447906494140625 0.019805908203125
-0.533905029296875 0.0322875976562501 -0.225875854492188 -0.209182739257813
-0.45159912109375 0.233367919921875 -0.219467163085938 -0.06207275390625
-0.25 0.371551513671875 -0.123001098632813 0.0276031494140625
0.039459228515625 0.402984619140625 -0.0552711486816406 0.0170364379882813
0.226959228515625 0.283172607421875 -0.0925064086914062 0.00449371337890626
0.37030029296875 0.0888671875 -0.0789871215820312 0.0109939575195312
0.354949951171875 -0.0452880859375 -0.083404541015625 0.0418701171875
0.332489013671875 -0.03411865234375 -0.114532470703125 0.0470733642578125
0.37890625 -0.0242919921875 -0.150100708007813 0.016204833984375
0.36602783203125 0.101531982421875 -0.143463134765625 -0.057373046875
0.245574951171875 0.285308837890625 -0.13568115234375 -0.148147583007812
0.069793701171875 0.384429931640625 -0.02557373046875 -0.212966918945312
-0.280914306640625 0.3287353515625 0.148605346679688 -0.234573364257812
-0.486083984375 0.182037353515625 0.231338500976563 -0.1153564453125
-0.500518798828125 0.030364990234375 0.2860107421875 -0.006317138671875
-0.4632568359375 0.1180419921875 -0.351287841796875 -0.20513916015625
-0.341339111328125 0.26837158203125 -0.278839111328125 -0.0370941162109375
-0.1517333984375 0.330352783203125 -0.126800537109375 0.0202865600585938
0.065093994140625 0.311676025390625 -0.0905838012695313 -0.0318374633789062
0.194168090820313 0.207061767578125 -0.163116455078125 -0.02960205078125
0.29547119140625 0.060638427734375 -0.186050415039063 0.01861572265625
0.277664184570313 -0.035125732421875 -0.191970825195312 0.08795166015625
0.266815185546875 -0.029205322265625 -0.209762573242187 0.109283447265625
0.305450439453125 -0.01788330078125 -0.251434326171875 0.0683441162109375
0.28839111328125 0.08062744140625 -0.254806518554688 -0.04302978515625
0.195938110351563 0.227783203125 -0.219009399414063 -0.1533203125
0.0662841796875 0.308074951171875 -0.077880859375 -0.22625732421875
-0.22125244140625 0.284210205078125 0.0901641845703125 -0.216476440429687
-0.40728759765625 0.192779541015625 0.11541748046875 -0.0617904663085937
-0.446807861328125 0.0819396972656251 0.113059997558594 -0.02130126953125
-0.3345947265625 0.1845703125 -0.453704833984375 -0.18243408203125
-0.193435668945312 0.262741088867188 -0.320587158203125 -0.00704956054687505
-0.03582763671875 0.247268676757813 -0.128059387207031 0.0223464965820313
0.0869140625 0.1778564453125 -0.116935729980469 -0.057281494140625
0.138221740722656 0.0980682373046875 -0.201889038085938 -0.04345703125
0.178131103515625 0.0185699462890625 -0.255401611328125 0.031585693359375
0.159942626953125 -0.02117919921875 -0.264175415039063 0.123367309570313
0.161376953125 -0.0183868408203125 -0.273208618164063 0.154708862304688
0.186187744140625 -0.0031280517578125 -0.319244384765625 0.10455322265625
0.158294677734375 0.0555877685546875 -0.329132080078125 -0.0327758789062501
0.0987701416015625 0.134895324707031 -0.260986328125 -0.152206420898438
0.0342559814453125 0.171661376953125 -0.102706909179687 -0.22088623046875
-0.123870849609375 0.164886474609375 0.0480194091796875 -0.176742553710938
-0.244216918945313 0.151535034179687 0.0223312377929687 -0.00486183166503905
-0.305877685546875 0.11346435546875 -0.037109375 -0.0244827270507812
-0.167800903320313 0.2198486328125 -0.5291748046875 -0.142913818359375
-0.0411376953125 0.222030639648438 -0.351409912109375 0.027313232421875
0.073944091796875 0.147705078125 -0.129905700683594 0.0428466796875
0.100013732910156 0.0361557006835938 -0.130096435546875 -0.0508499145507812
0.0690765380859375 -0.0168952941894531 -0.204421997070313 -0.031982421875
0.041656494140625 -0.0280227661132813 -0.275344848632813 0.049468994140625
0.0200080871582031 -0.00510978698730469 -0.290618896484375 0.145050048828125
0.0318088531494141 -0.00511360168457031 -0.29583740234375 0.177276611328125
0.0402259826660156 0.012176513671875 -0.343475341796875 0.1173095703125
0.00406455993652344 0.0238685607910156 -0.353851318359375 -0.0342407226562499
-0.0123977661132813 0.0230712890625 -0.259078979492188 -0.150146484375
-0.000428199768066405 0.01025390625 -0.0965118408203125 -0.205963134765625
-0.00668144226074219 0.0255279541015625 0.032135009765625 -0.131683349609375
-0.0402297973632812 0.0920639038085938 -0.0295257568359375 0.0364418029785156
-0.112350463867188 0.134544372558594 -0.134437561035156 -0.0154037475585937
-0.113784790039063 -0.15948486328125 0.181610107421875 -0.0596466064453125
-0.206436157226562 -0.018402099609375 0.0288162231445312 -0.0672225952148438
-0.110763549804688 0.139823913574219 -0.0689620971679688 0.096405029296875
0.0447235107421875 0.157440185546875 0.072784423828125 0.214431762695312
0.108200073242187 0.0898895263671875 0.222946166992188 0.156661987304688
0.136268615722656 -0.0064544677734375 0.3514404296875 -0.001556396484375
0.128433227539063 -0.053558349609375 0.35113525390625 -0.14471435546875
0.114776611328125 -0.024871826171875 0.28656005859375 -0.18359375
0.124664306640625 -0.009002685546875 0.275115966796875 -0.1448974609375
0.105445861816406 0.0645217895507813 0.268508911132813 -0.0418701171875
0.0239486694335938 0.113533020019531 0.187255859375 -0.00804138183593749
-0.076812744140625 0.09149169921875 0.130325317382813 -0.00923919677734374
-0.137710571289062 -0.0322952270507813 0.210418701171875 -0.059234619140625
-0.089569091796875 -0.159683227539062 0.408294677734375 -0.09893798828125
0.016632080078125 -0.189300537109375 0.61932373046875 0.1658935546875
-0.321685791015625 -0.14825439453125 0.137588500976562 -0.0960922241210938
-0.36968994140625 0.05279541015625 -0.00119781494140627 -0.0769195556640625
-0.216400146484375 0.2491455078125 -0.08319091796875 0.0735397338867188
0.034820556640625 0.293609619140625 0.045196533203125 0.180892944335938
0.177154541015625 0.195419311523437 0.1591796875 0.138076782226563
0.268020629882813 0.033111572265625 0.280197143554688 0.0056915283203125
0.258697509765625 -0.06591796875 0.286529541015625 -0.1104736328125
0.23748779296875 -0.0372161865234375 0.224212646484375 -0.148117065429688
0.263320922851563 -0.01885986328125 0.204879760742188 -0.125076293945313
0.2364501953125 0.0966949462890625 0.20623779296875 -0.0550537109375
0.110595703125 0.207244873046875 0.136001586914063 -0.04742431640625
-0.0470733642578125 0.215606689453125 0.112228393554688 -0.0623931884765625
-0.222122192382813 0.080078125 0.22216796875 -0.1214599609375
-0.255142211914063 -0.0791931152343749 0.420257568359375 -0.13946533203125
-0.178909301757812 -0.158401489257813 0.63092041015625 0.114013671875
-0.479156494140625 -0.1123046875 0.0399551391601562 -0.137870788574219
-0.479888916015625 0.1234130859375 -0.0631484985351563 -0.076690673828125
-0.2896728515625 0.33331298828125 -0.0977096557617188 0.0594940185546875
0.024566650390625 0.394561767578125 0.0173721313476563 0.137847900390625
0.224685668945313 0.276596069335938 0.0832366943359375 0.105453491210938
0.3624267578125 0.06964111328125 0.1783447265625 0.011383056640625
0.352783203125 -0.070465087890625 0.183914184570313 -0.0627288818359375
0.325408935546875 -0.046112060546875 0.127243041992188 -0.089752197265625
0.36468505859375 -0.02874755859375 0.100425720214844 -0.0860443115234375
0.340087890625 0.11083984375 0.108650207519531 -0.062744140625
0.194656372070313 0.27703857421875 0.0588302612304688 -0.089447021484375
-0.00143432617187499 0.32666015625 0.0793304443359375 -0.123687744140625
-0.2845458984375 0.204437255859375 0.220672607421875 -0.18304443359375
-0.40338134765625 0.0256042480468749 0.403656005859375 -0.1632080078125
-0.360504150390625 -0.102264404296875 0.57720947265625 0.0604248046875
-0.564453125 -0.0487060546875001 -0.0921630859375 -0.173553466796875
-0.517913818359375 0.189910888671875 -0.142837524414063 -0.0660858154296875
-0.307037353515625 0.387054443359375 -0.110610961914063 0.0500717163085938
0.024871826171875 0.4447021484375 -0.0140762329101563 0.083465576171875
0.24853515625 0.31488037109375 -0.00343704223632811 0.0607681274414063
0.406402587890625 0.09063720703125 0.0537452697753907 0.0155525207519531
0.39410400390625 -0.065643310546875 0.0566673278808594 -0.006256103515625
0.3656005859375 -0.04766845703125 0.0108995437622071 -0.0169773101806641
0.413665771484375 -0.0352783203125 -0.022958755493164 -0.0309123992919922
0.395599365234375 0.11273193359375 -0.01434326171875 -0.0591621398925781
0.253662109375 0.312469482421875 -0.04132080078125 -0.122627258300781
0.045562744140625 0.40020751953125 0.0263519287109375 -0.1778564453125
-0.31439208984375 0.31024169921875 0.192718505859375 -0.227157592773437
-0.502044677734375 0.12689208984375 0.335845947265625 -0.1593017578125
-0.488800048828125 -0.0355224609375001 0.455780029296875 0.01885986328125
-0.563720703125 0.031494140625 -0.2362060546875 -0.194046020507813
-0.476043701171875 0.247161865234375 -0.223281860351563 -0.0452880859374999
-0.264892578125 0.393829345703125 -0.119705200195313 0.0405731201171875
0.04107666015625 0.4239501953125 -0.0509605407714844 0.0247001647949219
0.24151611328125 0.29827880859375 -0.0905914306640625 0.0140457153320313
0.38873291015625 0.091339111328125 -0.076812744140625 0.0200119018554687
0.374176025390625 -0.0516357421875 -0.0757293701171875 0.04949951171875
0.350921630859375 -0.041015625 -0.1060791015625 0.0557861328125
0.3997802734375 -0.03125 -0.147811889648437 0.029815673828125
0.385955810546875 0.104644775390625 -0.146469116210938 -0.0453948974609375
0.25958251953125 0.302581787109375 -0.147567749023437 -0.139968872070312
0.071533203125 0.40777587890625 -0.03759765625 -0.212722778320313
-0.301727294921875 0.34808349609375 0.138595581054687 -0.24127197265625
-0.516357421875 0.190887451171875 0.227981567382812 -0.12030029296875
-0.53057861328125 0.0246887207031251 0.2838134765625 -0.0107421875
-0.488189697265625 0.113922119140625 -0.37261962890625 -0.195220947265625
-0.36297607421875 0.273681640625 -0.29022216796875 -0.018951416015625
-0.169342041015625 0.346588134765625 -0.125564575195312 0.03363037109375
0.061920166015625 0.331298828125 -0.0897369384765625 -0.025848388671875
0.204483032226563 0.2232666015625 -0.164810180664062 -0.0216217041015625
0.31304931640625 0.06793212890625 -0.188064575195312 0.0287933349609375
0.297027587890625 -0.0367431640625 -0.189697265625 0.0981292724609375
0.284088134765625 -0.031158447265625 -0.2066650390625 0.121261596679688
0.325408935546875 -0.01904296875 -0.254531860351563 0.084228515625
0.305755615234375 0.088348388671875 -0.263076782226563 -0.0299224853515624
0.205108642578125 0.244857788085938 -0.232391357421875 -0.1468505859375
0.064178466796875 0.326568603515625 -0.09063720703125 -0.225723266601562
-0.240325927734375 0.295379638671875 0.0804595947265625 -0.219894409179688
-0.43115234375 0.19512939453125 0.108268737792969 -0.0638275146484375
-0.469482421875 0.072967529296875 0.10125732421875 -0.0283889770507813
-0.347320556640625 0.178741455078125 -0.4825439453125 -0.176849365234375
-0.207717895507813 0.261428833007813 -0.338775634765625 0.00936889648437498
-0.0491180419921875 0.253555297851563 -0.128150939941406 0.0351715087890625
0.079345703125 0.190292358398438 -0.117538452148438 -0.0526885986328125
0.141281127929688 0.112289428710937 -0.20562744140625 -0.03857421875
0.190048217773438 0.029296875 -0.2611083984375 0.0400543212890625
0.17608642578125 -0.016265869140625 -0.268402099609375 0.13287353515625
0.174118041992188 -0.016693115234375 -0.275848388671875 0.16693115234375
0.202438354492188 0.000640869140625 -0.326690673828125 0.1202392578125
0.170639038085938 0.068328857421875 -0.341583251953125 -0.021026611328125
0.100845336914062 0.152145385742187 -0.274734497070313 -0.14739990234375
0.02728271484375 0.18524169921875 -0.114486694335937 -0.221466064453125
-0.142166137695313 0.168197631835938 0.0403289794921875 -0.178604125976563
-0.261917114257813 0.146408081054688 0.0124492645263672 -0.00622367858886718
-0.319915771484375 0.101959228515625 -0.0545501708984375 -0.0351181030273438
-0.166519165039062 0.213653564453125 -0.561126708984375 -0.142059326171875
-0.044952392578125 0.214248657226562 -0.37310791015625 0.04302978515625
0.067108154296875 0.143478393554688 -0.131179809570313 0.054412841796875
0.089263916015625 0.0391464233398437 -0.131782531738281 -0.04742431640625
0.0655746459960938 -0.0077056884765625 -0.208480834960938 -0.0316162109375
0.0455703735351563 -0.0144309997558594 -0.28375244140625 0.054595947265625
0.0300979614257813 0.00435447692871094 -0.30047607421875 0.1531982421875
0.0394287109375 0.00161361694335937 -0.3043212890625 0.188385009765625
0.0506820678710937 0.0209236145019531 -0.354583740234375 0.132598876953125
0.0114822387695312 0.0390586853027344 -0.370513916015625 -0.0252380371093749
-0.0164794921875 0.03900146484375 -0.272781372070313 -0.148269653320313
-0.011810302734375 0.0191707611083984 -0.106842041015625 -0.209182739257813
-0.0214557647705078 0.0213413238525391 0.0253448486328125 -0.133163452148438
-0.0496902465820313 0.080169677734375 -0.0402030944824219 0.0348243713378906
-0.115768432617187 0.121772766113281 -0.155303955078125 -0.0310211181640625
-0.12554931640625 -0.144882202148437 0.20404052734375 -0.053192138671875
-0.204177856445313 0.00347900390624998 0.0406303405761719 -0.0656967163085937
-0.0955047607421875 0.14996337890625 -0.0604171752929688 0.100830078125
0.0615692138671875 0.150314331054688 0.0869140625 0.216598510742188
0.117607116699219 0.0772018432617188 0.240005493164063 0.151840209960938
0.132606506347656 -0.02288818359375 0.364837646484375 -0.01751708984375
0.122062683105469 -0.069000244140625 0.3592529296875 -0.16680908203125
0.11029052734375 -0.0394058227539063 0.292724609375 -0.20263671875
0.122123718261719 -0.0258102416992188 0.283966064453125 -0.1612548828125
0.111595153808594 0.0499038696289062 0.28228759765625 -0.05377197265625
0.0372161865234375 0.108268737792969 0.193695068359375 -0.01220703125
-0.065704345703125 0.097747802734375 0.130767822265625 -0.0135040283203125
-0.137283325195313 -0.0160980224609375 0.21343994140625 -0.0779266357421875
-0.101654052734375 -0.146591186523437 0.423065185546875 -0.125274658203125
-0.000595092773437498 -0.184967041015625 0.65814208984375 0.14898681640625
-0.344390869140625 -0.1278076171875 0.154571533203125 -0.0863800048828125
-0.37359619140625 0.0827941894531249 0.00962829589843747 -0.0715484619140625
-0.205413818359375 0.268829345703125 -0.0752334594726563 0.0805511474609375
0.054901123046875 0.294830322265625 0.0578765869140625 0.185470581054688
0.194351196289063 0.186477661132813 0.175018310546875 0.139236450195313
0.27252197265625 0.01519775390625 0.2947998046875 -0.00408935546875
0.259506225585938 -0.0879669189453125 0.2989501953125 -0.12744140625
0.240219116210937 -0.05804443359375 0.233291625976563 -0.16168212890625
0.268630981445313 -0.0412445068359375 0.21453857421875 -0.134246826171875
0.251708984375 0.079803466796875 0.218948364257813 -0.0604095458984375
0.1334228515625 0.2056884765625 0.138168334960938 -0.0479965209960937
-0.03192138671875 0.230499267578125 0.108100891113281 -0.0653839111328125
-0.227310180664062 0.105056762695313 0.22052001953125 -0.139678955078125
-0.277130126953125 -0.05755615234375 0.4312744140625 -0.16473388671875
-0.207107543945312 -0.14990234375 0.6649169921875 0.097412109375
-0.51068115234375 -0.089813232421875 0.04913330078125 -0.12408447265625
-0.4896240234375 0.156280517578125 -0.0550498962402344 -0.0672645568847656
-0.28289794921875 0.3626708984375 -0.0900650024414063 0.0691604614257813
0.045684814453125 0.404327392578125 0.0279998779296875 0.143722534179688
0.248489379882813 0.272064208984375 0.096282958984375 0.10986328125
0.37689208984375 0.05072021484375 0.190841674804688 0.0089569091796875
0.360931396484375 -0.095489501953125 0.19683837890625 -0.0725555419921875
0.335601806640625 -0.06927490234375 0.137931823730469 -0.096923828125
0.37786865234375 -0.054779052734375 0.109786987304688 -0.0867996215820312
0.3616943359375 0.094970703125 0.117286682128906 -0.06134033203125
0.222427368164063 0.2789306640625 0.0548553466796875 -0.086212158203125
0.017913818359375 0.34661865234375 0.0693817138671875 -0.126007080078125
-0.29254150390625 0.235931396484375 0.213348388671875 -0.200851440429687
-0.42999267578125 0.0540771484374999 0.407867431640625 -0.1865234375
-0.39495849609375 -0.0908203124999999 0.60113525390625 0.04522705078125
-0.59832763671875 -0.0262451171874999 -0.0936431884765626 -0.156051635742188
-0.533355712890625 0.226104736328125 -0.139068603515625 -0.0501022338867187
-0.30633544921875 0.420928955078125 -0.102828979492188 0.0619430541992188
0.04595947265625 0.461090087890625 -0.00650787353515625 0.090576171875
0.27490234375 0.31585693359375 0.00587463378906251 0.0696601867675782
0.4267578125 0.075408935546875 0.061859130859375 0.0204811096191406
0.408172607421875 -0.089019775390625 0.0688743591308594 -0.00844573974609376
0.3802490234375 -0.070587158203125 0.0220146179199219 -0.0159969329833984
0.431854248046875 -0.06024169921875 -0.0161991119384765 -0.0228538513183594
0.421356201171875 0.098236083984375 -0.0110626220703125 -0.0506324768066406
0.281951904296875 0.317413330078125 -0.0502700805664062 -0.114944458007812
0.066131591796875 0.42254638671875 0.0115966796875 -0.177947998046875
-0.32403564453125 0.3453369140625 0.180313110351562 -0.243484497070312
-0.529388427734375 0.158843994140625 0.3355712890625 -0.1773681640625
-0.526092529296875 -0.021331787109375 0.4671630859375 0.00494384765625
-0.59674072265625 0.04974365234375 -0.250213623046875 -0.174331665039062
-0.491455078125 0.276702880859375 -0.225799560546875 -0.0244140625
-0.268157958984375 0.42724609375 -0.114532470703125 0.0548934936523438
0.057769775390625 0.44549560546875 -0.0463371276855469 0.0329856872558594
0.26995849609375 0.303741455078125 -0.0872879028320312 0.024505615234375
0.413299560546875 0.081268310546875 -0.0726394653320312 0.0311965942382813
0.393951416015625 -0.072509765625 -0.0666961669921875 0.0555915832519531
0.367919921875 -0.05926513671875 -0.0966339111328125 0.0653839111328125
0.420501708984375 -0.052215576171875 -0.143951416015625 0.0466766357421875
0.4105224609375 0.093231201171875 -0.148406982421875 -0.0302581787109375
0.28729248046875 0.311187744140625 -0.161026000976562 -0.128768920898438
0.090606689453125 0.427459716796875 -0.055267333984375 -0.210250854492188
-0.30963134765625 0.380462646484375 0.124481201171875 -0.252182006835938
-0.54132080078125 0.2191162109375 0.222854614257812 -0.131103515625
-0.56329345703125 0.0385742187499999 0.282745361328125 -0.021240234375
-0.51123046875 0.12750244140625 -0.3985595703125 -0.173583984375
-0.37640380859375 0.295440673828125 -0.300079345703125 0.00668334960937501
-0.17486572265625 0.372711181640625 -0.122039794921875 0.048553466796875
0.071563720703125 0.35186767578125 -0.089385986328125 -0.018096923828125
0.225509643554688 0.232437133789063 -0.166427612304688 -0.00997924804687497
0.335723876953125 0.064453125 -0.1895751953125 0.0433807373046875
0.31671142578125 -0.049468994140625 -0.185928344726563 0.110946655273437
0.30126953125 -0.044036865234375 -0.1998291015625 0.136688232421875
0.3470458984375 -0.032012939453125 -0.254135131835938 0.106475830078125
0.328704833984375 0.085235595703125 -0.270538330078125 -0.00909423828124998
0.225494384765625 0.257369995117188 -0.249237060546875 -0.133163452148437
0.074432373046875 0.34527587890625 -0.109588623046875 -0.222152709960937
-0.249969482421875 0.3187255859375 0.0659027099609375 -0.226119995117187
-0.45184326171875 0.215667724609375 0.100448608398437 -0.0671005249023437
-0.49493408203125 0.0810241699218749 0.0892791748046875 -0.03594970703125
-0.359405517578125 0.18450927734375 -0.517242431640625 -0.156005859375
-0.21685791015625 0.269699096679688 -0.35467529296875 0.036529541015625
-0.0552978515625 0.266448974609375 -0.1270751953125 0.0498886108398437
0.07904052734375 0.203826904296875 -0.120361328125 -0.0458831787109375
0.151107788085937 0.1219482421875 -0.212051391601563 -0.0279998779296875
0.2064208984375 0.0334014892578125 -0.266708374023438 0.0561981201171875
0.193145751953125 -0.0201568603515625 -0.269744873046875 0.151397705078125
0.187957763671875 -0.020111083984375 -0.273757934570313 0.186721801757812
0.220352172851562 -0.0033416748046875 -0.33074951171875 0.14556884765625
0.188568115234375 0.073760986328125 -0.353668212890625 0.00140380859374994
0.111648559570313 0.16754150390625 -0.293548583984375 -0.13421630859375
0.027435302734375 0.200347900390625 -0.132293701171875 -0.218826293945312
-0.155975341796875 0.179656982421875 0.0270843505859375 -0.18084716796875
-0.27740478515625 0.153045654296875 0.00370836257934569 -0.0052351951599121
-0.3343505859375 0.101837158203125 -0.0757064819335938 -0.041229248046875
-0.162490844726563 0.212982177734375 -0.6002197265625 -0.12225341796875
-0.04461669921875 0.211090087890625 -0.391998291015625 0.069976806640625
0.063568115234375 0.140411376953125 -0.130523681640625 0.068695068359375
0.0823974609375 0.0425186157226563 -0.134231567382813 -0.0412979125976563
0.0633621215820313 -0.000637054443359375 -0.215362548828125 -0.0248565673828125
0.0524711608886719 -0.00457763671875 -0.291259765625 0.068328857421875
0.0410423278808594 0.0112571716308594 -0.306060791015625 0.17193603515625
0.0484580993652344 0.00618743896484375 -0.306488037109375 0.208953857421875
0.0631484985351563 0.0256805419921875 -0.362762451171875 0.155914306640625
0.021728515625 0.0514488220214844 -0.387542724609375 -0.00369262695312505
-0.0155982971191406 0.0555152893066406 -0.291748046875 -0.13812255859375
-0.0196304321289062 0.0293922424316406 -0.12347412109375 -0.208084106445313
-0.0352783203125 0.0205116271972656 0.01483154296875 -0.134063720703125
-0.059051513671875 0.0724029541015625 -0.0500450134277344 0.0365867614746094
-0.118278503417969 0.113815307617188 -0.1802978515625 -0.0383148193359375
-0.134262084960938 -0.125175476074219 0.223052978515625 -0.054473876953125
-0.194931030273438 0.02728271484375 0.0499153137207031 -0.0662193298339844
-0.075103759765625 0.155258178710938 -0.048828125 0.103500366210938
0.077056884765625 0.137275695800781 0.10302734375 0.211181640625
0.122978210449219 0.060546875 0.254959106445313 0.137725830078125
0.123733520507812 -0.038665771484375 0.36962890625 -0.04296875
0.109306335449219 -0.0834503173828125 0.354736328125 -0.194580078125
0.101325988769531 -0.0538482666015625 0.2867431640625 -0.225067138671875
0.113731384277344 -0.0431747436523438 0.281768798828125 -0.181884765625
0.114120483398438 0.0324325561523438 0.287933349609375 -0.072723388671875
0.049896240234375 0.0979080200195313 0.1962890625 -0.0217437744140625
-0.05169677734375 0.101860046386719 0.128639221191406 -0.0200424194335937
-0.132392883300781 0.000823974609374974 0.208709716796875 -0.09832763671875
-0.111564636230469 -0.128555297851562 0.423004150390625 -0.15826416015625
-0.018646240234375 -0.175186157226562 0.685791015625 0.11346435546875
-0.358245849609375 -0.0968627929687501 0.169845581054687 -0.08184814453125
-0.364227294921875 0.1165771484375 0.0187873840332031 -0.0689163208007812
-0.18292236328125 0.285888671875 -0.0640411376953125 0.0855712890625
0.077301025390625 0.286834716796875 0.07281494140625 0.18292236328125
0.2091064453125 0.168228149414063 0.189865112304688 0.131607055664063
0.270599365234375 -0.0081329345703125 0.301422119140625 -0.021728515625
0.251068115234375 -0.111846923828125 0.300323486328125 -0.1507568359375
0.234283447265625 -0.08160400390625 0.232070922851563 -0.1800537109375
0.265625 -0.0682830810546875 0.21649169921875 -0.148529052734375
0.2611083984375 0.0557708740234375 0.22552490234375 -0.0729217529296875
0.155319213867188 0.196029663085937 0.137275695800781 -0.0517654418945312
-0.010101318359375 0.238174438476562 0.101295471191406 -0.069000244140625
-0.222198486328125 0.132415771484375 0.20941162109375 -0.158782958984375
-0.290924072265625 -0.027862548828125 0.426971435546875 -0.196014404296875
-0.231414794921875 -0.13165283203125 0.68328857421875 0.06182861328125
-0.528045654296875 -0.052215576171875 0.0577774047851562 -0.1123046875
-0.484283447265625 0.197418212890625 -0.046661376953125 -0.0580101013183594
-0.2607421875 0.388092041015625 -0.0783920288085937 0.07659912109375
0.07257080078125 0.404205322265625 0.04156494140625 0.144821166992188
0.271041870117188 0.25537109375 0.110519409179688 0.108970642089844
0.382080078125 0.023895263671875 0.199615478515625 -0.000457763671874999
0.3568115234375 -0.12579345703125 0.202484130859375 -0.0883331298828125
0.332550048828125 -0.0982666015625 0.14190673828125 -0.107208251953125
0.3787841796875 -0.088043212890625 0.114822387695313 -0.0903167724609375
0.37689208984375 0.065704345703125 0.12298583984375 -0.0644989013671875
0.251434326171875 0.268768310546875 0.050018310546875 -0.083099365234375
0.04473876953125 0.356201171875 0.0570602416992188 -0.125099182128906
-0.285247802734375 0.269775390625 0.196624755859375 -0.217514038085937
-0.443450927734375 0.0921630859374999 0.399078369140625 -0.214019775390625
-0.4208984375 -0.0639648437500001 0.61212158203125 0.013427734375
-0.61798095703125 0.0131835937500001 -0.0938034057617188 -0.136192321777344
-0.528076171875 0.268463134765625 -0.132041931152344 -0.0343246459960937
-0.286651611328125 0.4544677734375 -0.0922088623046875 0.0721969604492188
0.075714111328125 0.46807861328125 0.0047149658203125 0.0944366455078125
0.304229736328125 0.30291748046875 0.0173492431640625 0.074066162109375
0.439300537109375 0.048004150390625 0.07220458984375 0.02081298828125
0.4097900390625 -0.12335205078125 0.0778427124023438 -0.0141372680664063
0.381866455078125 -0.1007080078125 0.0317134857177735 -0.0183773040771484
0.43670654296875 -0.09417724609375 -0.008030891418457 -0.0157880783081055
0.439666748046875 0.070556640625 -0.00621032714843748 -0.0433349609375
0.313751220703125 0.308197021484375 -0.0587844848632812 -0.1041259765625
0.0947265625 0.43255615234375 -0.0057220458984375 -0.173233032226562
-0.3143310546875 0.379974365234375 0.15875244140625 -0.255172729492188
-0.539947509765625 0.201934814453125 0.32330322265625 -0.19683837890625
-0.547882080078125 0.00909423828124996 0.46875 -0.0201416015625
-0.614501953125 0.0848999023437501 -0.258438110351563 -0.14593505859375
-0.490966796875 0.313446044921875 -0.221878051757813 -0.000595092773437508
-0.25189208984375 0.4593505859375 -0.104583740234375 0.0670394897460938
0.08587646484375 0.45745849609375 -0.0397453308105469 0.03900146484375
0.297607421875 0.29461669921875 -0.0801925659179687 0.035675048828125
0.430511474609375 0.057464599609375 -0.0650062561035156 0.0411453247070313
0.4007568359375 -0.102813720703125 -0.0559425354003906 0.0599632263183594
0.374176025390625 -0.08746337890625 -0.0846176147460937 0.0724411010742188
0.430206298828125 -0.08184814453125 -0.133323669433594 0.0629959106445312
0.43096923828125 0.069976806640625 -0.145706176757812 -0.012939453125
0.317138671875 0.303955078125 -0.172470092773437 -0.111083984375
0.11798095703125 0.436187744140625 -0.0750274658203125 -0.201828002929687
-0.301849365234375 0.412841796875 0.101821899414062 -0.25787353515625
-0.549560546875 0.25897216796875 0.2105712890625 -0.142227172851562
-0.5814208984375 0.06683349609375 0.275482177734375 -0.0359954833984375
-0.521820068359375 0.15167236328125 -0.415191650390625 -0.1385498046875
-0.375213623046875 0.32061767578125 -0.300201416015625 0.0366821289062501
-0.16552734375 0.3978271484375 -0.113998413085937 0.0625839233398438
0.089324951171875 0.364532470703125 -0.086700439453125 -0.00931549072265624
0.248138427734375 0.229568481445313 -0.164581298828125 0.00436401367187502
0.353485107421875 0.04925537109375 -0.184051513671875 0.0612335205078125
0.327056884765625 -0.071319580078125 -0.175918579101562 0.124008178710938
0.308929443359375 -0.06414794921875 -0.186813354492187 0.151809692382812
0.3583984375 -0.055999755859375 -0.24395751953125 0.131729125976563
0.347015380859375 0.0704345703125 -0.26971435546875 0.01580810546875
0.2496337890625 0.256683349609375 -0.261688232421875 -0.110565185546875
0.0927734375 0.354949951171875 -0.129287719726563 -0.210617065429687
-0.248077392578125 0.34417724609375 0.0457611083984375 -0.225723266601562
-0.4576416015625 0.243377685546875 0.0901412963867187 -0.06976318359375
-0.508148193359375 0.102447509765625 0.07427978515625 -0.0410690307617188
-0.35906982421875 0.1961669921875 -0.5411376953125 -0.117645263671875
-0.214584350585938 0.279983520507812 -0.358123779296875 0.0703735351562501
-0.05364990234375 0.277694702148438 -0.120773315429688 0.0643463134765625
0.0848541259765625 0.213775634765625 -0.121322631835938 -0.0364227294921875
0.16253662109375 0.123809814453125 -0.213348388671875 -0.0125579833984375
0.220962524414063 0.02874755859375 -0.264450073242188 0.0770721435546874
0.20501708984375 -0.030426025390625 -0.262008666992187 0.171188354492188
0.197357177734375 -0.030059814453125 -0.260665893554688 0.20733642578125
0.233505249023438 -0.0156402587890625 -0.321502685546875 0.174591064453125
0.205337524414062 0.0699920654296875 -0.355865478515625 0.031463623046875
0.127059936523438 0.174728393554688 -0.3070068359375 -0.110748291015625
0.0352325439453125 0.2105712890625 -0.150833129882812 -0.20672607421875
-0.1610107421875 0.193954467773438 0.011322021484375 -0.178268432617188
-0.284271240234375 0.16558837890625 -0.0044841766357422 -0.00259208679199218
-0.34228515625 0.109832763671875 -0.09539794921875 -0.0411529541015625
-0.153549194335938 0.212234497070313 -0.625 -0.083251953125
-0.0405426025390625 0.205657958984375 -0.39794921875 0.104278564453125
0.0612258911132812 0.136123657226563 -0.124359130859375 0.0828323364257813
0.0758056640625 0.0459747314453125 -0.135993957519531 -0.0319595336914062
0.0629959106445313 0.00496673583984375 -0.218780517578125 -0.01220703125
0.0608711242675781 0.00174331665039063 -0.2908935546875 0.0888671875000001
0.0530815124511719 0.0135154724121094 -0.30120849609375 0.194061279296875
0.0572738647460938 0.00743484497070313 -0.29632568359375 0.23187255859375
0.0754165649414063 0.0259170532226563 -0.35650634765625 0.1861572265625
0.03497314453125 0.0600128173828125 -0.392913818359375 0.029144287109375
-0.00974273681640626 0.070404052734375 -0.30694580078125 -0.116058349609375
-0.0242042541503906 0.0409317016601563 -0.141311645507812 -0.1993408203125
-0.0485763549804688 0.0236663818359375 0.0030059814453125 -0.132057189941406
-0.0669746398925781 0.0684967041015625 -0.0569038391113281 0.0396652221679688
-0.118461608886719 0.107391357421875 -0.204208374023437 -0.0362548828125
-0.133949279785156 -0.103843688964844 0.23651123046875 -0.058197021484375
-0.17877197265625 0.0450592041015625 0.0577507019042969 -0.0678215026855469
-0.05511474609375 0.152984619140625 -0.0383148193359375 0.101280212402344
0.0853500366210938 0.120414733886719 0.114944458007812 0.200576782226562
0.121719360351563 0.0445632934570313 0.26019287109375 0.119659423828125
0.111495971679688 -0.0495376586914063 0.3616943359375 -0.06439208984375
0.093505859375 -0.09136962890625 0.340118408203125 -0.21392822265625
0.0887222290039063 -0.0629806518554688 0.271728515625 -0.239212036132813
0.100631713867188 -0.0550003051757813 0.270263671875 -0.197036743164063
0.110481262207031 0.0166778564453125 0.28399658203125 -0.0899658203125
0.0576400756835937 0.0854721069335937 0.19378662109375 -0.0301666259765625
-0.0375900268554688 0.100273132324219 0.124656677246094 -0.0240478515625
-0.121910095214844 0.0139541625976563 0.196456909179688 -0.113189697265625
-0.115127563476562 -0.109199523925781 0.4088134765625 -0.183807373046875
-0.03228759765625 -0.159896850585937 0.6893310546875 0.07574462890625
-0.358062744140625 -0.066131591796875 0.181976318359375 -0.079071044921875
-0.343292236328125 0.141754150390625 0.0268516540527344 -0.0671615600585937
-0.15692138671875 0.289886474609375 -0.0523910522460937 0.0856094360351563
0.0944976806640625 0.270431518554688 0.0848236083984375 0.176193237304688
0.214096069335938 0.1466064453125 0.19842529296875 0.119064331054688
0.260635375976563 -0.0268402099609375 0.300384521484375 -0.0379638671875
0.234359741210938 -0.129425048828125 0.290374755859375 -0.1685791015625
0.221115112304688 -0.0986328125 0.223037719726563 -0.191482543945313
0.25262451171875 -0.09002685546875 0.2108154296875 -0.15789794921875
0.260635375976563 0.032012939453125 0.224945068359375 -0.0843048095703125
0.169876098632813 0.179061889648438 0.133323669433594 -0.0540313720703125
0.00976562499999998 0.237289428710938 0.0936813354492188 -0.0683517456054687
-0.208694458007813 0.152175903320313 0.1929931640625 -0.1707763671875
-0.29205322265625 0.00115966796875001 0.409576416015625 -0.216949462890625
-0.244918823242188 -0.108154296875 0.68341064453125 0.02789306640625
-0.5269775390625 -0.0158691406249999 0.0666656494140625 -0.100822448730469
-0.461151123046875 0.2271728515625 -0.0370559692382813 -0.0518760681152344
-0.23223876953125 0.398529052734375 -0.0662155151367188 0.0792617797851563
0.095367431640625 0.39080810546875 0.0530166625976563 0.140472412109375
0.281143188476563 0.230972290039063 0.120376586914063 0.102241516113281
0.375244140625 -0.001373291015625 0.202774047851563 -0.0101165771484375
0.34130859375 -0.149871826171875 0.200714111328125 -0.101089477539063
0.32061767578125 -0.119964599609375 0.140792846679688 -0.115737915039063
0.367401123046875 -0.115997314453125 0.116424560546875 -0.0936126708984375
0.3779296875 0.038055419921875 0.125518798828125 -0.068817138671875
0.269577026367188 0.249649047851563 0.0454635620117188 -0.0783920288085937
0.0684814453125 0.35302734375 0.0462646484375 -0.119857788085937
-0.268829345703125 0.292572021484375 0.175338745117187 -0.225067138671875
-0.440093994140625 0.12591552734375 0.3790283203125 -0.230224609375
-0.431549072265625 -0.0355224609375 0.6046142578125 -0.0142822265625
-0.61578369140625 0.0506591796875001 -0.0866851806640625 -0.115959167480469
-0.506256103515625 0.297821044921875 -0.121566772460938 -0.0214691162109375
-0.25738525390625 0.46875 -0.0796661376953125 0.0766067504882813
0.101531982421875 0.460357666015625 0.0146560668945313 0.0945358276367188
0.319488525390625 0.279510498046875 0.0274658203125 0.0746688842773438
0.437347412109375 0.0208740234375 0.07928466796875 0.0188827514648438
0.398040771484375 -0.14825439453125 0.0834197998046875 -0.0209808349609375
0.37176513671875 -0.124847412109375 0.0377273559570313 -0.0211830139160156
0.42828369140625 -0.12384033203125 0.00124645233154299 -0.0110874176025391
0.441741943359375 0.039337158203125 -0.00109481811523435 -0.0387039184570313
0.334747314453125 0.287933349609375 -0.0637130737304688 -0.0915756225585937
0.1212158203125 0.427703857421875 -0.0188140869140625 -0.162384033203125
-0.295562744140625 0.40106201171875 0.136123657226562 -0.257217407226563
-0.531768798828125 0.23687744140625 0.3026123046875 -0.208099365234375
-0.554168701171875 0.0379638671874999 0.457275390625 -0.04046630859375
-0.61224365234375 0.11517333984375 -0.256820678710938 -0.117416381835938
-0.472991943359375 0.33978271484375 -0.210845947265625 0.018829345703125
-0.22796630859375 0.47711181640625 -0.0915145874023437 0.074371337890625
0.109130859375 0.453033447265625 -0.0323371887207031 0.0428581237792969
0.31549072265625 0.276641845703125 -0.0712814331054687 0.04290771484375
0.432891845703125 0.032562255859375 -0.0538444519042969 0.0480232238769531
0.392791748046875 -0.12744140625 -0.0451202392578125 0.0607643127441406
0.367034912109375 -0.109039306640625 -0.0715255737304687 0.074127197265625
0.42535400390625 -0.110260009765625 -0.118865966796875 0.0746612548828125
0.434844970703125 0.043670654296875 -0.137054443359375 0.000656127929687497
0.33697509765625 0.287994384765625 -0.175537109375 -0.0925140380859375
0.140472412109375 0.432342529296875 -0.08856201171875 -0.186798095703125
-0.28411865234375 0.432159423828125 0.08099365234375 -0.253082275390625
-0.540496826171875 0.29071044921875 0.194305419921875 -0.147354125976563
-0.583740234375 0.0927124023437501 0.261489868164062 -0.0455780029296875
-0.516998291015625 0.17138671875 -0.41650390625 -0.103851318359375
-0.363555908203125 0.335174560546875 -0.289764404296875 0.061492919921875
-0.150634765625 0.409820556640625 -0.102851867675781 0.0713348388671875
0.106170654296875 0.366485595703125 -0.0815963745117188 -0.00239562988281246
0.262725830078125 0.218521118164063 -0.15679931640625 0.0168304443359375
0.360137939453125 0.031341552734375 -0.172164916992187 0.0741119384765625
0.326629638671875 -0.091400146484375 -0.161376953125 0.132354736328125
0.307403564453125 -0.081817626953125 -0.1693115234375 0.159515380859375
0.3580322265625 -0.077484130859375 -0.224746704101562 0.147369384765625
0.354827880859375 0.05181884765625 -0.259429931640625 0.0372161865234375
0.265853881835938 0.247528076171875 -0.264205932617188 -0.0870819091796875
0.109893798828125 0.35400390625 -0.141860961914062 -0.192428588867187
-0.236663818359375 0.35888671875 0.0281829833984375 -0.218490600585937
-0.45001220703125 0.26483154296875 0.0796661376953125 -0.0683135986328125
-0.5069580078125 0.1182861328125 0.0592422485351562 -0.0427436828613281
-0.352813720703125 0.20269775390625 -0.544769287109375 -0.0789489746093751
-0.207550048828125 0.282196044921875 -0.350067138671875 0.098175048828125
-0.04931640625 0.28253173828125 -0.111160278320313 0.0740966796875
0.0902862548828125 0.218490600585938 -0.117813110351563 -0.0271987915039062
0.169815063476562 0.1212158203125 -0.208572387695313 0.00099182128906248
0.23046875 0.02130126953125 -0.253448486328125 0.0932159423828126
0.210617065429688 -0.041534423828125 -0.247283935546875 0.184249877929688
0.199935913085938 -0.039703369140625 -0.2413330078125 0.219039916992188
0.238021850585938 -0.028472900390625 -0.30194091796875 0.19525146484375
0.216278076171875 0.061126708984375 -0.345733642578125 0.05810546875
0.140487670898437 0.175811767578125 -0.30902099609375 -0.08599853515625
0.04278564453125 0.215286254882813 -0.162551879882812 -0.190536499023438
-0.16046142578125 0.204437255859375 -0.0017852783203125 -0.170272827148438
-0.2841796875 0.175079345703125 -0.0107965469360352 0.00133800506591798
-0.339874267578125 0.115020751953125 -0.11138916015625 -0.0363311767578125
-0.14288330078125 0.205551147460938 -0.63055419921875 -0.0455322265625001
-0.03790283203125 0.196319580078125 -0.389190673828125 0.1328125
0.0568161010742187 0.131065368652344 -0.114097595214844 0.091949462890625
0.06951904296875 0.0498504638671875 -0.133094787597656 -0.0228271484375
0.0618133544921875 0.010284423828125 -0.215301513671875 -0.000534057617187511
0.0687065124511719 0.00544357299804687 -0.28192138671875 0.10369873046875
0.0632057189941406 0.0128097534179688 -0.287322998046875 0.209197998046875
0.0644760131835938 0.00709915161132813 -0.276885986328125 0.246170043945313
0.0847396850585937 0.0229263305664063 -0.339080810546875 0.208465576171875
0.048004150390625 0.0630722045898438 -0.385101318359375 0.0570983886718749
-0.00112915039062501 0.0807723999023437 -0.309783935546875 -0.093231201171875
-0.0248832702636719 0.0511016845703125 -0.15203857421875 -0.185104370117188
-0.0582160949707031 0.0286903381347656 -0.0065460205078125 -0.125862121582031
-0.0740966796875 0.065216064453125 -0.0606575012207031 0.0434837341308594
-0.117958068847656 0.100311279296875 -0.221038818359375 -0.02874755859375
-0.127998352050781 -0.0887222290039062 0.247406005859375 -0.0584869384765625
-0.162002563476563 0.0540008544921875 0.0644111633300781 -0.0684585571289063
-0.042266845703125 0.14605712890625 -0.0307693481445312 0.0963516235351563
0.0877532958984375 0.105545043945313 0.119659423828125 0.190521240234375
0.116867065429688 0.033294677734375 0.258651733398438 0.108016967773438
0.100196838378906 -0.0532150268554688 0.351806640625 -0.076385498046875
0.080322265625 -0.093963623046875 0.32647705078125 -0.2210693359375
0.0773239135742188 -0.0671768188476563 0.259109497070313 -0.241455078125
0.0886917114257813 -0.06146240234375 0.260711669921875 -0.202041625976563
0.103866577148438 0.00553131103515625 0.277450561523438 -0.0979766845703125
0.0603485107421875 0.0740890502929688 0.189071655273437 -0.0337371826171875
-0.0282745361328125 0.0954666137695312 0.120262145996094 -0.0250396728515625
-0.110542297363281 0.020843505859375 0.184890747070313 -0.119705200195313
-0.112480163574219 -0.09375 0.394134521484375 -0.193756103515625
-0.0388946533203125 -0.144195556640625 0.68243408203125 0.055419921875
-0.349029541015625 -0.047637939453125 0.193740844726562 -0.074249267578125
-0.32281494140625 0.151824951171875 0.0352020263671875 -0.065673828125
-0.139404296875 0.28509521484375 -0.04412841796875 0.0817947387695313
0.099273681640625 0.254257202148438 0.09088134765625 0.167816162109375
0.211044311523438 0.131607055664063 0.200363159179688 0.110366821289063
0.248504638671875 -0.0362548828125 0.294830322265625 -0.04656982421875
0.218246459960938 -0.136062622070313 0.282073974609375 -0.17596435546875
0.207473754882813 -0.106552124023438 0.216110229492188 -0.194732666015625
0.238189697265625 -0.1011962890625 0.206985473632813 -0.160430908203125
0.253982543945312 0.0159454345703125 0.221481323242188 -0.090362548828125
0.175552368164063 0.1646728515625 0.130081176757813 -0.0534210205078125
0.0218505859375 0.232223510742187 0.0878829956054687 -0.0653533935546875
-0.195877075195313 0.162017822265625 0.179046630859375 -0.173126220703125
-0.28839111328125 0.019989013671875 0.392791748046875 -0.2237548828125
-0.249862670898438 -0.0896453857421875 0.673095703125 0.01220703125
-0.519073486328125 0.0041809082031251 0.0796585083007812 -0.0909423828125
-0.438446044921875 0.238128662109375 -0.0273628234863281 -0.0476570129394531
-0.211700439453125 0.39898681640625 -0.0572738647460938 0.07672119140625
0.104888916015625 0.376800537109375 0.0594024658203125 0.134857177734375
0.281494140625 0.2142333984375 0.125198364257813 0.0969390869140625
0.364501953125 -0.014495849609375 0.203399658203125 -0.0160064697265625
0.32550048828125 -0.16094970703125 0.19775390625 -0.107620239257813
0.306365966796875 -0.131256103515625 0.139274597167969 -0.118232727050781
0.353057861328125 -0.12982177734375 0.118644714355469 -0.0937118530273438
0.371307373046875 0.019866943359375 0.126388549804688 -0.0704116821289063
0.277008056640625 0.234024047851562 0.0432510375976563 -0.0728225708007812
0.082244873046875 0.3472900390625 0.039520263671875 -0.112258911132812
-0.25537109375 0.302825927734375 0.159255981445313 -0.22247314453125
-0.43365478515625 0.146240234375 0.36029052734375 -0.23480224609375
-0.432403564453125 -0.0180664062499999 0.59222412109375 -0.0263671875
-0.60626220703125 0.0675659179687501 -0.0752334594726563 -0.100021362304688
-0.486114501953125 0.309326171875 -0.109672546386719 -0.0138626098632812
-0.23809814453125 0.472137451171875 -0.0691986083984375 0.07666015625
0.113128662109375 0.45025634765625 0.02130126953125 0.0917282104492188
0.322113037109375 0.26287841796875 0.0352630615234375 0.0735855102539063
0.43048095703125 0.006134033203125 0.0854110717773438 0.0174636840820313
0.3834228515625 -0.161773681640625 0.0863113403320313 -0.0251541137695313
0.3594970703125 -0.13604736328125 0.0427818298339844 -0.0239143371582031
0.41448974609375 -0.139739990234375 0.00939083099365237 -0.00892257690429689
0.43658447265625 0.02191162109375 0.00439834594726565 -0.0357780456542969
0.341705322265625 0.27374267578125 -0.0631866455078125 -0.0810928344726563
0.133148193359375 0.4202880859375 -0.0252838134765625 -0.151138305664062
-0.28167724609375 0.41064453125 0.12017822265625 -0.250701904296875
-0.522064208984375 0.254669189453125 0.2869873046875 -0.207305908203125
-0.551422119140625 0.0534667968750001 0.4432373046875 -0.046417236328125
-0.60260009765625 0.12860107421875 -0.245132446289063 -0.0973358154296875
-0.456512451171875 0.345703125 -0.19720458984375 0.029541015625
-0.213043212890625 0.48126220703125 -0.0818405151367188 0.0758514404296875
0.1204833984375 0.448486328125 -0.0256843566894531 0.0440902709960938
0.31878662109375 0.262603759765625 -0.062103271484375 0.04595947265625
0.430938720703125 0.01824951171875 -0.0447311401367187 0.0497512817382813
0.38360595703125 -0.141387939453125 -0.0368614196777344 0.059417724609375
0.35906982421875 -0.120880126953125 -0.0608901977539062 0.0734100341796875
0.415008544921875 -0.124908447265625 -0.105461120605469 0.0793685913085937
0.43304443359375 0.028656005859375 -0.128204345703125 0.00794219970703126
0.3446044921875 0.27581787109375 -0.172744750976562 -0.078094482421875
0.150665283203125 0.42535400390625 -0.0933990478515625 -0.172012329101562
-0.27410888671875 0.4388427734375 0.0665130615234375 -0.243865966796875
-0.528594970703125 0.303680419921875 0.1810302734375 -0.14373779296875
-0.57904052734375 0.10418701171875 0.24749755859375 -0.0477142333984375
-0.511444091796875 0.175384521484375 -0.407562255859375 -0.080902099609375
-0.354949951171875 0.33758544921875 -0.27752685546875 0.074676513671875
-0.142486572265625 0.414642333984375 -0.0933456420898438 0.0750198364257813
0.11273193359375 0.365997314453125 -0.0760955810546875 0.00180053710937501
0.266830444335938 0.211029052734375 -0.14788818359375 0.0228729248046875
0.3619384765625 0.02117919921875 -0.160232543945313 0.0792236328125
0.322967529296875 -0.101654052734375 -0.150604248046875 0.133834838867188
0.303253173828125 -0.0897216796875 -0.155502319335937 0.159423828125
0.3533935546875 -0.089630126953125 -0.207992553710937 0.153839111328125
0.356842041015625 0.040283203125 -0.246017456054687 0.0480804443359375
0.27349853515625 0.240631103515625 -0.258956909179688 -0.0716094970703124
0.116119384765625 0.351043701171875 -0.145416259765625 -0.177780151367187
-0.232147216796875 0.363037109375 0.01873779296875 -0.2073974609375
-0.44366455078125 0.274627685546875 0.0709152221679687 -0.06390380859375
-0.501617431640625 0.12237548828125 0.0458030700683593 -0.0404586791992187
-0.347625732421875 0.1990966796875 -0.5374755859375 -0.056549072265625
-0.2061767578125 0.277725219726563 -0.33880615234375 0.11297607421875
-0.049530029296875 0.28411865234375 -0.102401733398438 0.0781784057617188
0.0911407470703125 0.222808837890625 -0.113052368164063 -0.0224685668945312
0.172958374023438 0.120773315429688 -0.200164794921875 0.00765991210937503
0.234756469726563 0.0172576904296875 -0.241744995117187 0.100341796875
0.213409423828125 -0.0476531982421875 -0.2349853515625 0.187362670898437
0.201461791992188 -0.0444488525390625 -0.226303100585937 0.21990966796875
0.2393798828125 -0.03668212890625 -0.28387451171875 0.202423095703125
0.221786499023438 0.056121826171875 -0.3321533203125 0.071197509765625
0.148086547851563 0.176177978515625 -0.302459716796875 -0.0699768066406249
0.0457916259765625 0.218109130859375 -0.165542602539063 -0.175994873046875
-0.161956787109375 0.209060668945312 -0.00807189941406249 -0.16064453125
-0.28375244140625 0.17791748046875 -0.0158748626708985 0.00507068634033205
-0.337432861328125 0.111968994140625 -0.123527526855469 -0.0317916870117187
-0.139129638671875 0.19384765625 -0.6265869140625 -0.0236206054687501
-0.0403289794921875 0.185806274414062 -0.37860107421875 0.14666748046875
0.0492401123046875 0.127799987792969 -0.106613159179688 0.0954666137695312
0.0643501281738281 0.0553092956542969 -0.128211975097656 -0.0186538696289062
0.0618133544921875 0.0157051086425781 -0.209182739257813 0.00538635253906252
0.0754470825195313 0.00763702392578125 -0.272933959960937 0.110321044921875
0.0713577270507813 0.011688232421875 -0.275543212890625 0.213623046875
0.069915771484375 0.00664138793945313 -0.263046264648438 0.248016357421875
0.0909271240234375 0.0203399658203125 -0.321319580078125 0.216888427734375
0.0579910278320313 0.0637283325195313 -0.372589111328125 0.0731811523437501
0.00659179687500001 0.0879058837890625 -0.305877685546875 -0.077789306640625
-0.0253982543945313 0.0588340759277344 -0.15521240234375 -0.172622680664062
-0.0661506652832031 0.0333404541015625 -0.0115585327148437 -0.11846923828125
-0.080413818359375 0.0622940063476562 -0.0648956298828125 0.0454216003417969
-0.119087219238281 0.090667724609375 -0.232818603515625 -0.0244598388671875
-0.121986389160156 -0.0792922973632812 0.262619018554688 -0.0573272705078125
-0.150421142578125 0.05810546875 0.0726699829101562 -0.0694046020507813
-0.0340728759765625 0.140335083007813 -0.0268402099609375 0.09234619140625
0.08697509765625 0.0951690673828125 0.12176513671875 0.185638427734375
0.11370849609375 0.0269927978515625 0.257461547851563 0.102737426757812
0.0923995971679688 -0.0555191040039063 0.347900390625 -0.080230712890625
0.0710067749023438 -0.0945053100585938 0.32305908203125 -0.224700927734375
0.0692520141601563 -0.06988525390625 0.2562255859375 -0.241806030273437
0.0795211791992188 -0.06512451171875 0.2579345703125 -0.202972412109375
0.0988388061523438 -0.001739501953125 0.275680541992188 -0.102096557617188
0.061187744140625 0.0661811828613281 0.188400268554687 -0.03375244140625
-0.0228652954101562 0.0920333862304688 0.1192626953125 -0.0233535766601562
-0.101661682128906 0.0230484008789063 0.179290771484375 -0.123321533203125
-0.10968017578125 -0.0843734741210937 0.3897705078125 -0.196563720703125
-0.041046142578125 -0.132064819335938 0.68255615234375 0.05096435546875
-0.34417724609375 -0.0382080078125 0.208770751953125 -0.069427490234375
-0.309967041015625 0.156585693359375 0.0438232421875 -0.0648422241210937
-0.130859375 0.28167724609375 -0.0395278930664063 0.0793991088867188
0.0998687744140625 0.246231079101562 0.093780517578125 0.16400146484375
0.208099365234375 0.124282836914063 0.201950073242188 0.106048583984375
0.242019653320313 -0.039642333984375 0.294708251953125 -0.050445556640625
0.208770751953125 -0.13873291015625 0.280715942382813 -0.179641723632813
0.199310302734375 -0.1102294921875 0.2159423828125 -0.196807861328125
0.22979736328125 -0.107635498046875 0.20831298828125 -0.1617431640625
0.251708984375 0.00677490234375 0.222457885742188 -0.093048095703125
0.179351806640625 0.157180786132813 0.129890441894531 -0.0508956909179687
0.02880859375 0.230377197265625 0.0870361328125 -0.0612640380859375
-0.190460205078125 0.168563842773437 0.17242431640625 -0.173309326171875
-0.28704833984375 0.03173828125 0.38824462890625 -0.22552490234375
-0.25457763671875 -0.0798339843750001 0.67242431640625 0.01055908203125
-0.514617919921875 0.01202392578125 0.0937576293945312 -0.0832901000976563
-0.427703857421875 0.243072509765625 -0.018310546875 -0.0447616577148437
-0.2047119140625 0.398406982421875 -0.0515213012695313 0.0745010375976563
0.107147216796875 0.371795654296875 0.0636672973632813 0.132057189941406
0.28009033203125 0.208206176757812 0.129501342773438 0.0946426391601563
0.360198974609375 -0.018707275390625 0.206939697265625 -0.0183563232421875
0.318572998046875 -0.164886474609375 0.1993408203125 -0.1119384765625
0.300537109375 -0.135589599609375 0.141464233398438 -0.120498657226563
0.346649169921875 -0.137481689453125 0.123268127441406 -0.0936050415039063
0.37103271484375 0.010589599609375 0.130111694335938 -0.0712509155273438
0.283294677734375 0.228302001953125 0.0437049865722656 -0.067962646484375
0.088165283203125 0.34686279296875 0.0375213623046875 -0.106407165527344
-0.25140380859375 0.310302734375 0.152008056640625 -0.220687866210937
-0.433929443359375 0.158050537109375 0.354736328125 -0.23223876953125
-0.4381103515625 -0.010040283203125 0.58917236328125 -0.0252685546875
-0.60552978515625 0.0734252929687499 -0.0626296997070313 -0.090362548828125
-0.481903076171875 0.311553955078125 -0.100639343261719 -0.00974273681640624
-0.23321533203125 0.47601318359375 -0.0630645751953125 0.0751495361328125
0.117218017578125 0.448486328125 0.026214599609375 0.0904464721679688
0.3232421875 0.2568359375 0.040771484375 0.0726089477539063
0.4293212890625 0.00042724609375 0.0913848876953125 0.0162887573242188
0.37969970703125 -0.16802978515625 0.0902023315429688 -0.0285797119140625
0.3560791015625 -0.141265869140625 0.0472755432128907 -0.026123046875
0.41204833984375 -0.14813232421875 0.0170469284057617 -0.00795269012451173
0.438446044921875 0.01385498046875 0.00966262817382815 -0.035430908203125
0.347900390625 0.268463134765625 -0.0624008178710937 -0.0747451782226563
0.137420654296875 0.420806884765625 -0.027099609375 -0.142532348632812
-0.28125 0.41864013671875 0.11279296875 -0.245132446289062
-0.524658203125 0.265716552734375 0.280105590820312 -0.204360961914062
-0.556365966796875 0.0575561523437499 0.437652587890625 -0.04302978515625
-0.60565185546875 0.129638671875 -0.236495971679688 -0.085357666015625
-0.4554443359375 0.34857177734375 -0.190032958984375 0.0358123779296875
-0.209716796875 0.488616943359375 -0.0755538940429688 0.0765609741210938
0.123687744140625 0.452239990234375 -0.0204582214355469 0.0432357788085938
0.322662353515625 0.259735107421875 -0.0557212829589843 0.0469169616699219
0.4345703125 0.0118408203125 -0.0368423461914062 0.0504417419433594
0.38336181640625 -0.14764404296875 -0.0319252014160156 0.0573005676269531
0.35845947265625 -0.12542724609375 -0.0548248291015625 0.071868896484375
0.41571044921875 -0.132415771484375 -0.0957107543945312 0.0811538696289062
0.43585205078125 0.021209716796875 -0.120559692382812 0.0104217529296875
0.349945068359375 0.274139404296875 -0.170730590820312 -0.0707244873046875
0.1551513671875 0.42791748046875 -0.09490966796875 -0.162887573242188
-0.273529052734375 0.446075439453125 0.0607147216796875 -0.236465454101562
-0.5313720703125 0.312835693359375 0.17535400390625 -0.138320922851562
-0.5826416015625 0.1036376953125 0.238815307617188 -0.0445098876953125
-0.514801025390625 0.173095703125 -0.401519775390625 -0.0691223144531249
-0.35870361328125 0.336822509765625 -0.271240234375 0.0832366943359375
-0.14520263671875 0.422088623046875 -0.0880126953125 0.076446533203125
0.11602783203125 0.37359619140625 -0.0712890625 0.00290679931640628
0.270706176757812 0.211532592773438 -0.141525268554687 0.0250701904296875
0.367584228515625 0.017486572265625 -0.153182983398437 0.0817108154296875
0.326690673828125 -0.106903076171875 -0.14495849609375 0.133544921875
0.30517578125 -0.093505859375 -0.148406982421875 0.158599853515625
0.3558349609375 -0.096099853515625 -0.198104858398437 0.156814575195312
0.3614501953125 0.03582763671875 -0.238601684570312 0.05255126953125
0.280166625976563 0.242172241210937 -0.255844116210938 -0.0633544921875
0.118255615234375 0.35455322265625 -0.145965576171875 -0.168289184570312
-0.23492431640625 0.3695068359375 0.014434814453125 -0.200103759765625
-0.448211669921875 0.27740478515625 0.06585693359375 -0.0591316223144531
-0.5072021484375 0.11822509765625 0.0356559753417968 -0.037353515625
-0.351287841796875 0.1915283203125 -0.5374755859375 -0.0455017089843751
-0.213226318359375 0.273529052734375 -0.334625244140625 0.12091064453125
-0.055419921875 0.28924560546875 -0.098052978515625 0.0803604125976563
0.0904083251953125 0.231246948242188 -0.109634399414063 -0.02020263671875
0.17596435546875 0.125457763671875 -0.1953125 0.00993347167968747
0.2420654296875 0.0161895751953125 -0.235336303710937 0.102920532226563
0.219253540039063 -0.0515594482421875 -0.230270385742188 0.188369750976563
0.205535888671875 -0.046630859375 -0.219406127929688 0.219329833984375
0.243667602539062 -0.040496826171875 -0.2740478515625 0.205322265625
0.229873657226563 0.0543212890625 -0.323822021484375 0.0775451660156249
0.154769897460938 0.1795654296875 -0.300506591796875 -0.0628051757812499
0.0460968017578125 0.223861694335938 -0.166244506835938 -0.16815185546875
-0.168655395507813 0.21429443359375 -0.0108184814453125 -0.153778076171875
-0.2900390625 0.17840576171875 -0.020589828491211 0.0085887908935547
-0.3421630859375 0.10467529296875 -0.13592529296875 -0.0302276611328125
-0.141448974609375 0.183364868164063 -0.62738037109375 -0.01654052734375
-0.048248291015625 0.179092407226563 -0.376220703125 0.153961181640625
0.0412750244140625 0.128791809082031 -0.102775573730469 0.0971145629882813
0.0601730346679688 0.0635337829589844 -0.125839233398438 -0.01727294921875
0.0624771118164063 0.0213508605957031 -0.206253051757813 0.00599670410156246
0.0823898315429688 0.00952911376953125 -0.269515991210938 0.112228393554688
0.0795364379882813 0.00984954833984375 -0.273635864257813 0.214767456054688
0.075897216796875 0.0074615478515625 -0.257568359375 0.248336791992188
0.0973129272460937 0.0188751220703125 -0.31536865234375 0.21966552734375
0.0668678283691406 0.0644302368164063 -0.365753173828125 0.080322265625
0.0129623413085938 0.094329833984375 -0.304107666015625 -0.0714111328125
-0.0263023376464844 0.0662651062011719 -0.156692504882813 -0.166610717773438
-0.0740203857421875 0.0376968383789063 -0.0125961303710937 -0.113883972167969
-0.088897705078125 0.0608596801757812 -0.0699539184570312 0.0473175048828125
-0.124275207519531 0.0811080932617187 -0.246978759765625 -0.0240325927734375
-0.117973327636719 -0.0734786987304687 0.28338623046875 -0.05645751953125
-0.142120361328125 0.061920166015625 0.0822830200195312 -0.0721282958984375
-0.0284500122070312 0.137924194335938 -0.0242462158203125 0.0903778076171875
0.0877456665039063 0.0882949829101563 0.1263427734375 0.185958862304688
0.111892700195313 0.0221786499023438 0.261520385742188 0.10198974609375
0.088348388671875 -0.0572280883789063 0.353515625 -0.085845947265625
0.0646133422851562 -0.0954132080078125 0.327850341796875 -0.233001708984375
0.0627670288085938 -0.0729904174804688 0.261611938476563 -0.248092651367188
0.073699951171875 -0.0686264038085938 0.263214111328125 -0.2081298828125
0.0961761474609375 -0.00711822509765625 0.28033447265625 -0.106887817382813
0.0620613098144531 0.0609779357910156 0.192840576171875 -0.0344390869140625
-0.0189895629882813 0.0907363891601562 0.122085571289062 -0.0234298706054687
-0.097198486328125 0.0246658325195313 0.178939819335938 -0.12908935546875
-0.108894348144531 -0.0781173706054688 0.397979736328125 -0.203887939453125
-0.0427169799804688 -0.123435974121094 0.70220947265625 0.05035400390625
-0.348480224609375 -0.0335388183593749 0.2288818359375 -0.0666961669921875
-0.30743408203125 0.16180419921875 0.0533065795898437 -0.065460205078125
-0.12762451171875 0.284454345703125 -0.0367431640625 0.0776443481445313
0.10186767578125 0.245040893554688 0.098388671875 0.1636962890625
0.209335327148437 0.12286376953125 0.207015991210938 0.105392456054688
0.242813110351562 -0.042816162109375 0.30145263671875 -0.055084228515625
0.207443237304687 -0.143096923828125 0.28729248046875 -0.186767578125
0.198074340820313 -0.1153564453125 0.222366333007813 -0.201797485351563
0.228378295898438 -0.115219116210938 0.2154541015625 -0.165054321289063
0.25445556640625 -0.0008087158203125 0.22918701171875 -0.097412109375
0.186325073242187 0.155471801757813 0.133979797363281 -0.0500717163085938
0.0348358154296875 0.235382080078125 0.0889816284179688 -0.0594558715820313
-0.189620971679687 0.177581787109375 0.171249389648437 -0.177108764648438
-0.29345703125 0.042572021484375 0.3946533203125 -0.22943115234375
-0.263916015625 -0.0713043212890625 0.69024658203125 0.010498046875
-0.52496337890625 0.01751708984375 0.110443115234375 -0.0781326293945313
-0.430084228515625 0.249176025390625 -0.0103683471679688 -0.04376220703125
-0.203155517578125 0.4066162109375 -0.0489501953125 0.073974609375
0.110382080078125 0.37591552734375 0.0683746337890625 0.132217407226563
0.285797119140625 0.208526611328125 0.135627746582031 0.0948486328125
0.366668701171875 -0.02349853515625 0.214340209960938 -0.0206298828125
0.319671630859375 -0.171417236328125 0.206192016601563 -0.118301391601563
0.3038330078125 -0.14208984375 0.149139404296875 -0.12408447265625
0.35040283203125 -0.14715576171875 0.130714416503906 -0.0958175659179688
0.37872314453125 0.002532958984375 0.135963439941406 -0.0743484497070313
0.294281005859375 0.228546142578125 0.0456314086914063 -0.0658340454101562
0.096221923828125 0.35662841796875 0.0379409790039063 -0.103111267089844
-0.25439453125 0.324981689453125 0.1497802734375 -0.222274780273437
-0.44525146484375 0.174072265625 0.3583984375 -0.235321044921875
-0.45428466796875 -0.00326538085937506 0.601806640625 -0.02496337890625
-0.62054443359375 0.07647705078125 -0.0510025024414063 -0.0836639404296875
-0.489166259765625 0.32073974609375 -0.0951080322265625 -0.00607299804687496
-0.23309326171875 0.490081787109375 -0.0599517822265625 0.0757369995117188
0.1226806640625 0.459716796875 0.030548095703125 0.0907211303710938
0.330535888671875 0.2601318359375 0.0464401245117188 0.0731277465820313
0.4405517578125 -0.004913330078125 0.098846435546875 0.0154342651367187
0.385528564453125 -0.175018310546875 0.0957183837890625 -0.0318603515625
0.36187744140625 -0.1485595703125 0.0543251037597656 -0.0281486511230469
0.41888427734375 -0.157989501953125 0.024801254272461 -0.0077648162841797
0.449310302734375 0.00726318359375 0.0143318176269531 -0.0363235473632812
0.3631591796875 0.27105712890625 -0.0626068115234375 -0.0710983276367188
0.146514892578125 0.433380126953125 -0.0283432006835938 -0.138542175292969
-0.28662109375 0.436767578125 0.110061645507812 -0.245346069335937
-0.53973388671875 0.281951904296875 0.2813720703125 -0.20404052734375
-0.57635498046875 0.0625610351562499 0.4451904296875 -0.042205810546875
-0.62408447265625 0.13311767578125 -0.232131958007813 -0.0790557861328125
-0.468353271484375 0.358154296875 -0.1868896484375 0.0410003662109375
-0.211944580078125 0.50701904296875 -0.0724258422851563 0.0783538818359375
0.1307373046875 0.4676513671875 -0.0171051025390625 0.0445976257324219
0.33404541015625 0.265289306640625 -0.0518264770507812 0.047119140625
0.446746826171875 0.00885009765625 -0.0318756103515625 0.0511436462402344
0.390777587890625 -0.15521240234375 -0.0275993347167969 0.0567131042480469
0.36688232421875 -0.13238525390625 -0.05035400390625 0.0713577270507812
0.4248046875 -0.142974853515625 -0.0898513793945312 0.0840835571289062
0.449462890625 0.014923095703125 -0.117835998535156 0.01251220703125
0.367034912109375 0.27978515625 -0.172775268554688 -0.0655975341796875
0.160797119140625 0.442047119140625 -0.0970611572265625 -0.15838623046875
-0.282928466796875 0.464019775390625 0.058349609375 -0.2353515625
-0.547454833984375 0.327301025390625 0.175186157226562 -0.137039184570313
-0.60369873046875 0.10394287109375 0.23760986328125 -0.041595458984375
-0.534332275390625 0.173919677734375 -0.407135009765625 -0.0617065429687499
-0.373199462890625 0.3448486328125 -0.272857666015625 0.0914459228515626
-0.14971923828125 0.440948486328125 -0.0862960815429688 0.0796890258789063
0.12152099609375 0.39111328125 -0.0697174072265625 0.0044059753417969
0.281341552734375 0.218292236328125 -0.140327453613281 0.0269775390625
0.382232666015625 0.014251708984375 -0.150314331054687 0.0845947265625
0.3369140625 -0.1146240234375 -0.144012451171875 0.136016845703125
0.316162109375 -0.0986328125 -0.145919799804688 0.160247802734375
0.367095947265625 -0.1033935546875 -0.194412231445312 0.161285400390625
0.375579833984375 0.03253173828125 -0.237136840820312 0.056427001953125
0.293731689453125 0.249114990234375 -0.259933471679688 -0.05841064453125
0.122222900390625 0.368194580078125 -0.149551391601563 -0.165298461914062
-0.246307373046875 0.385009765625 0.0124969482421875 -0.197128295898438
-0.463165283203125 0.28778076171875 0.0636329650878906 -0.0561141967773437
-0.525390625 0.11529541015625 0.0271358489990234 -0.0344123840332031
-0.366851806640625 0.188507080078125 -0.549560546875 -0.0390625
-0.227005004882812 0.277664184570313 -0.340911865234375 0.13055419921875
-0.06158447265625 0.30291748046875 -0.0973281860351563 0.084869384765625
0.0928802490234375 0.246551513671875 -0.109565734863281 -0.0193328857421875
0.182876586914062 0.132415771484375 -0.196624755859375 0.010955810546875
0.25531005859375 0.0150604248046875 -0.235641479492188 0.106521606445313
0.2298583984375 -0.0574493408203125 -0.2322998046875 0.193603515625
0.216278076171875 -0.0495147705078125 -0.219894409179688 0.223236083984375
0.2545166015625 -0.044677734375 -0.272628784179688 0.212188720703125
0.241806030273437 0.053375244140625 -0.32464599609375 0.0835876464843751
0.165786743164063 0.18817138671875 -0.3057861328125 -0.058563232421875
0.0472564697265625 0.23583984375 -0.169998168945313 -0.165603637695312
-0.178329467773437 0.2254638671875 -0.0120086669921875 -0.151901245117188
-0.303375244140625 0.1845703125 -0.0256156921386719 0.0122413635253906
-0.3585205078125 0.0999145507812499 -0.152053833007813 -0.0272979736328125
-0.15020751953125 0.177993774414063 -0.6453857421875 -0.01104736328125
-0.058013916015625 0.177459716796875 -0.38604736328125 0.163177490234375
0.035614013671875 0.134597778320313 -0.102638244628906 0.101295471191406
0.059722900390625 0.07330322265625 -0.126441955566406 -0.0173187255859375
0.0644149780273438 0.027587890625 -0.209487915039063 0.00665283203125001
0.0911712646484375 0.0107421875 -0.272872924804688 0.115798950195312
0.0888290405273438 0.008056640625 -0.278732299804688 0.2216796875
0.0837020874023438 0.00720977783203125 -0.260147094726563 0.253799438476563
0.105308532714844 0.0177536010742187 -0.316650390625 0.226837158203125
0.0763702392578125 0.0655975341796875 -0.368988037109375 0.0877075195312499
0.0202484130859375 0.101806640625 -0.309783935546875 -0.0675048828125
-0.0265960693359375 0.0740966796875 -0.161392211914063 -0.165496826171875
-0.08221435546875 0.0433807373046875 -0.0139999389648438 -0.112319946289063
-0.0989837646484375 0.06072998046875 -0.0771942138671875 0.0498123168945312
-0.133552551269531 0.0736923217773437 -0.266677856445313 -0.02349853515625
-0.118400573730469 -0.0688323974609375 0.30914306640625 -0.0653076171875
-0.136146545410156 0.0690765380859375 0.0926666259765625 -0.077972412109375
-0.02166748046875 0.137847900390625 -0.0202178955078125 0.0912551879882813
0.0904617309570313 0.081756591796875 0.137313842773438 0.186279296875
0.113235473632812 0.01568603515625 0.274673461914063 0.0979156494140625
0.0857391357421875 -0.0627975463867188 0.362579345703125 -0.099334716796875
0.0591888427734375 -0.099822998046875 0.334808349609375 -0.251861572265625
0.0574798583984375 -0.0763397216796875 0.266021728515625 -0.264419555664062
0.0675888061523438 -0.0760955810546875 0.269622802734375 -0.223052978515625
0.0948562622070313 -0.0151443481445312 0.28924560546875 -0.120147705078125
0.0654869079589844 0.0558967590332031 0.199905395507812 -0.039764404296875
-0.0141143798828125 0.0909805297851563 0.127616882324219 -0.0263519287109375
-0.0933151245117188 0.0286483764648438 0.178787231445312 -0.139450073242187
-0.111732482910156 -0.0718765258789063 0.407073974609375 -0.222198486328125
-0.0461502075195312 -0.117424011230469 0.7388916015625 0.03643798828125
-0.359039306640625 -0.0226135253906251 0.253921508789063 -0.0700531005859375
-0.30767822265625 0.176025390625 0.0630149841308594 -0.0688438415527344
-0.12109375 0.295562744140625 -0.0331802368164063 0.0788421630859375
0.110610961914063 0.247421264648438 0.107864379882812 0.164596557617188
0.218353271484375 0.11962890625 0.2197265625 0.103134155273438
0.247589111328125 -0.051910400390625 0.31231689453125 -0.066680908203125
0.206085205078125 -0.15386962890625 0.294525146484375 -0.204132080078125
0.198135375976563 -0.12506103515625 0.228958129882813 -0.215499877929688
0.229690551757813 -0.128692626953125 0.223526000976563 -0.177459716796875
0.262191772460938 -0.0126953125 0.237564086914063 -0.108840942382813
0.199966430664063 0.151870727539063 0.138763427734375 -0.0535430908203125
0.045806884765625 0.243194580078125 0.0915908813476563 -0.0609893798828125
-0.189407348632813 0.19317626953125 0.170623779296875 -0.187362670898438
-0.303955078125 0.06146240234375 0.404449462890625 -0.245269775390625
-0.278656005859375 -0.059783935546875 0.72406005859375 -0.00274658203125
-0.5469970703125 0.0313720703125001 0.128761291503906 -0.0780487060546875
-0.43634033203125 0.270965576171875 -0.00199127197265627 -0.0429840087890625
-0.1978759765625 0.427337646484375 -0.0457534790039063 0.07623291015625
0.123016357421875 0.386932373046875 0.0767822265625 0.134231567382813
0.30108642578125 0.208953857421875 0.145736694335938 0.093658447265625
0.379119873046875 -0.035308837890625 0.22564697265625 -0.0286102294921875
0.32476806640625 -0.186798095703125 0.214126586914063 -0.13055419921875
0.3087158203125 -0.157012939453125 0.156097412109375 -0.1351318359375
0.357452392578125 -0.166595458984375 0.139778137207031 -0.103164672851563
0.3944091796875 -0.01312255859375 0.142471313476563 -0.0817108154296875
0.31591796875 0.2265625 0.0471992492675781 -0.0662384033203125
0.111419677734375 0.371673583984375 0.037841796875 -0.102310180664062
-0.255401611328125 0.35052490234375 0.146530151367187 -0.23150634765625
-0.46087646484375 0.201507568359375 0.367218017578125 -0.25
-0.47747802734375 0.0118713378906249 0.626953125 -0.03448486328125
-0.64892578125 0.09503173828125 -0.040740966796875 -0.079376220703125
-0.499298095703125 0.3460693359375 -0.089874267578125 -0.000358581542968747
-0.228912353515625 0.517242431640625 -0.057464599609375 0.0791397094726563
0.141326904296875 0.477569580078125 0.0373764038085938 0.0920639038085938
0.353759765625 0.26446533203125 0.0540847778320313 0.0744781494140625
0.460235595703125 -0.0184326171875 0.1075439453125 0.012176513671875
0.395538330078125 -0.194732666015625 0.102684020996094 -0.0389633178710938
0.3734130859375 -0.166015625 0.0605850219726563 -0.0328712463378906
0.430328369140625 -0.18084716796875 0.0329685211181641 -0.00893402099609376
0.46990966796875 -0.011077880859375 0.0184059143066407 -0.0389900207519531
0.39044189453125 0.273101806640625 -0.0648384094238281 -0.0688438415527344
0.166748046875 0.4515380859375 -0.0311279296875 -0.136871337890625
-0.288818359375 0.468841552734375 0.106475830078125 -0.25238037109375
-0.556854248046875 0.315582275390625 0.285369873046875 -0.2142333984375
-0.6060791015625 0.0775756835937501 0.4591064453125 -0.049560546875
-0.65252685546875 0.15045166015625 -0.232818603515625 -0.0691680908203125
-0.481353759765625 0.385162353515625 -0.185516357421875 0.05316162109375
-0.210235595703125 0.537200927734375 -0.070831298828125 0.08416748046875
0.152191162109375 0.490386962890625 -0.0125999450683594 0.0465850830078125
0.35675048828125 0.272216796875 -0.0474395751953125 0.0504798889160156
0.469207763671875 -0.005645751953125 -0.0262565612792968 0.053253173828125
0.404815673828125 -0.176666259765625 -0.0232429504394531 0.0576820373535156
0.381561279296875 -0.150054931640625 -0.0443191528320312 0.0731658935546875
0.440887451171875 -0.164276123046875 -0.0834121704101562 0.0895919799804687
0.472503662109375 0.000274658203125 -0.117164611816406 0.0158843994140625
0.3941650390625 0.28118896484375 -0.178604125976562 -0.0594024658203125
0.1826171875 0.461151123046875 -0.103759765625 -0.155548095703125
-0.28656005859375 0.496002197265625 0.0535125732421875 -0.238525390625
-0.5654296875 0.3599853515625 0.1763916015625 -0.14031982421875
-0.6328125 0.119140625 0.241622924804687 -0.043792724609375
-0.560943603515625 0.189056396484375 -0.419097900390625 -0.0467834472656251
-0.388427734375 0.36767578125 -0.276351928710938 0.10784912109375
-0.148193359375 0.469207763671875 -0.0850677490234375 0.087493896484375
0.139495849609375 0.41339111328125 -0.0685653686523438 0.00667190551757816
0.301910400390625 0.224700927734375 -0.140945434570312 0.031097412109375
0.40447998046875 0.003326416015625 -0.149032592773437 0.0913848876953125
0.35113525390625 -0.1319580078125 -0.14276123046875 0.143798828125
0.330352783203125 -0.112457275390625 -0.143630981445312 0.167755126953125
0.38397216796875 -0.120269775390625 -0.190658569335937 0.172927856445313
0.395782470703125 0.019989013671875 -0.240554809570312 0.0652923583984375
0.31866455078125 0.25439453125 -0.268661499023438 -0.0499420166015625
0.137420654296875 0.3858642578125 -0.158660888671875 -0.161575317382812
-0.252410888671875 0.413543701171875 0.00845336914062498 -0.198471069335937
-0.480438232421875 0.3150634765625 0.0618629455566406 -0.0540428161621094
-0.5526123046875 0.126861572265625 0.0182323455810547 -0.0306739807128906
-0.386199951171875 0.19873046875 -0.571533203125 -0.0217895507812501
-0.23968505859375 0.2921142578125 -0.34979248046875 0.150299072265625
-0.0609130859375 0.322662353515625 -0.0969009399414063 0.0936126708984375
0.103790283203125 0.264083862304688 -0.112754821777344 -0.0159912109375
0.197891235351563 0.139694213867188 -0.201934814453125 0.0159912109375
0.273666381835937 0.0076904296875 -0.238937377929687 0.116973876953125
0.24371337890625 -0.0683135986328125 -0.235321044921875 0.2069091796875
0.228607177734375 -0.058197021484375 -0.220291137695312 0.235931396484375
0.269134521484375 -0.05572509765625 -0.273666381835938 0.227020263671875
0.259033203125 0.046966552734375 -0.330780029296875 0.09661865234375
0.182769775390625 0.194793701171875 -0.31829833984375 -0.0493469238281249
0.054534912109375 0.25103759765625 -0.180267333984375 -0.162567138671875
-0.186920166015625 0.244781494140625 -0.016082763671875 -0.152389526367188
-0.31878662109375 0.199127197265625 -0.0294151306152344 0.0173625946044922
-0.377227783203125 0.10260009765625 -0.169784545898438 -0.022125244140625
-0.158355712890625 0.181228637695312 -0.67559814453125 0.00476074218750001
-0.0658416748046875 0.183074951171875 -0.399078369140625 0.183349609375
0.0339202880859375 0.1419677734375 -0.103858947753906 0.110336303710938
0.06207275390625 0.0835647583007813 -0.130630493164063 -0.0137939453125
0.0695877075195313 0.0333061218261719 -0.216415405273438 0.01092529296875
0.101417541503906 0.00988006591796875 -0.28009033203125 0.127090454101562
0.0984344482421875 0.0033416748046875 -0.2847900390625 0.23773193359375
0.093597412109375 0.004150390625 -0.26416015625 0.268463134765625
0.115684509277344 0.014678955078125 -0.319793701171875 0.24468994140625
0.0885543823242188 0.0658111572265625 -0.377044677734375 0.102935791015625
0.0291976928710938 0.109611511230469 -0.32269287109375 -0.059661865234375
-0.02685546875 0.0841751098632813 -0.1727294921875 -0.164215087890625
-0.091522216796875 0.0526657104492187 -0.016876220703125 -0.113990783691406
-0.109970092773437 0.0653457641601562 -0.0837326049804688 0.05615234375
-0.14447021484375 0.071258544921875 -0.292144775390625 -0.016357421875
-0.118232727050781 -0.0612640380859375 0.33355712890625 -0.08502197265625
-0.1279296875 0.0792007446289063 0.100379943847656 -0.0880661010742188
-0.0118255615234375 0.138992309570313 -0.0150680541992188 0.0910720825195313
0.0944747924804688 0.0740127563476563 0.1512451171875 0.1817626953125
0.115028381347656 0.007080078125 0.2889404296875 0.08465576171875
0.0806427001953125 -0.070098876953125 0.368377685546875 -0.12322998046875
0.050506591796875 -0.104629516601563 0.33282470703125 -0.28009033203125
0.0499649047851563 -0.0818099975585938 0.263336181640625 -0.28857421875
0.05889892578125 -0.0824966430664063 0.269668579101563 -0.245391845703125
0.0923004150390625 -0.024871826171875 0.293426513671875 -0.140716552734375
0.0697975158691406 0.049346923828125 0.205657958984375 -0.0507049560546875
-0.00626373291015625 0.091522216796875 0.130538940429688 -0.0336151123046875
-0.089874267578125 0.0334243774414063 0.17486572265625 -0.1553955078125
-0.11456298828125 -0.0622787475585937 0.411651611328125 -0.25213623046875
-0.0504150390625 -0.109672546386719 0.77191162109375 -0.00170898437500001
-0.3697509765625 -0.00198364257812504 0.277008056640625 -0.0847625732421875
-0.301422119140625 0.198760986328125 0.0713348388671875 -0.0744171142578125
-0.10760498046875 0.3079833984375 -0.027984619140625 0.0798492431640625
0.12420654296875 0.246826171875 0.12188720703125 0.162002563476563
0.230560302734375 0.109786987304688 0.234375 0.093597412109375
0.251007080078125 -0.0675201416015625 0.320953369140625 -0.08685302734375
0.20220947265625 -0.16943359375 0.296356201171875 -0.228363037109375
0.19476318359375 -0.141845703125 0.228530883789063 -0.236846923828125
0.22589111328125 -0.148818969726563 0.226119995117188 -0.196792602539063
0.267608642578125 -0.033447265625 0.241409301757813 -0.12677001953125
0.217453002929688 0.14300537109375 0.141738891601562 -0.0605621337890625
0.0647430419921875 0.24969482421875 0.0933685302734375 -0.0650863647460937
-0.181777954101563 0.213973999023438 0.163253784179687 -0.201736450195312
-0.309356689453125 0.08819580078125 0.40667724609375 -0.274505615234375
-0.293487548828125 -0.03961181640625 0.75457763671875 -0.0386962890625
-0.5638427734375 0.0649414062500001 0.147705078125 -0.083740234375
-0.43212890625 0.3040771484375 0.00593948364257809 -0.0428199768066406
-0.180572509765625 0.45166015625 -0.039398193359375 0.0790176391601563
0.149566650390625 0.39373779296875 0.088958740234375 0.132171630859375
0.322967529296875 0.199005126953125 0.159088134765625 0.08782958984375
0.391326904296875 -0.059112548828125 0.2349853515625 -0.0431671142578125
0.32403564453125 -0.21173095703125 0.21771240234375 -0.149124145507813
0.310028076171875 -0.181243896484375 0.158798217773438 -0.1507568359375
0.3577880859375 -0.196380615234375 0.145599365234375 -0.115325927734375
0.4071044921875 -0.041351318359375 0.145172119140625 -0.09344482421875
0.34320068359375 0.215301513671875 0.0461997985839844 -0.0674591064453125
0.14013671875 0.381072998046875 0.0358428955078125 -0.1033935546875
-0.2449951171875 0.3839111328125 0.138290405273437 -0.244094848632812
-0.468017578125 0.242889404296875 0.3656005859375 -0.273162841796875
-0.500335693359375 0.04241943359375 0.65032958984375 -0.06597900390625
-0.67236328125 0.13525390625 -0.0312423706054688 -0.074432373046875
-0.49822998046875 0.38604736328125 -0.0833587646484375 0.00741577148437502
-0.20782470703125 0.55133056640625 -0.0509185791015625 0.0848922729492188
0.1748046875 0.490234375 0.0470962524414063 0.09197998046875
0.380767822265625 0.25372314453125 0.063446044921875 0.0727767944335938
0.477752685546875 -0.0474853515625 0.116981506347656 0.0052032470703125
0.39849853515625 -0.225830078125 0.108009338378906 -0.0490493774414063
0.379241943359375 -0.1947021484375 0.0668869018554688 -0.0408172607421875
0.437164306640625 -0.21435546875 0.0406112670898438 -0.0117607116699219
0.488677978515625 -0.044097900390625 0.0199432373046875 -0.0417022705078125
0.426239013671875 0.259979248046875 -0.0693168640136718 -0.0631141662597656
0.199859619140625 0.4637451171875 -0.0373916625976562 -0.134124755859375
-0.275390625 0.5091552734375 0.0950927734375 -0.261642456054687
-0.561126708984375 0.364654541015625 0.284088134765625 -0.23028564453125
-0.6312255859375 0.11474609375 0.472137451171875 -0.069793701171875
-0.67742919921875 0.18988037109375 -0.233078002929688 -0.052215576171875
-0.482391357421875 0.425872802734375 -0.181304931640625 0.069976806640625
-0.1873779296875 0.57373046875 -0.06396484375 0.0923614501953125
0.188446044921875 0.505401611328125 -0.00798034667968749 0.0481719970703125
0.387420654296875 0.2642822265625 -0.043212890625 0.0538253784179688
0.492584228515625 -0.03521728515625 -0.0186386108398437 0.0548744201660156
0.4127197265625 -0.207366943359375 -0.0171356201171875 0.0577468872070312
0.38995361328125 -0.179473876953125 -0.0367813110351562 0.0752334594726562
0.4495849609375 -0.1988525390625 -0.0748443603515625 0.0957183837890625
0.491241455078125 -0.03045654296875 -0.116806030273437 0.0223312377929688
0.430511474609375 0.271942138671875 -0.185989379882812 -0.0469970703125
0.21563720703125 0.47344970703125 -0.112808227539062 -0.149307250976562
-0.272308349609375 0.537689208984375 0.0426177978515625 -0.244552612304687
-0.57049560546875 0.4093017578125 0.173782348632813 -0.148452758789063
-0.65863037109375 0.1546630859375 0.243667602539063 -0.052398681640625
-0.5811767578125 0.22265625 -0.429931640625 -0.020050048828125
-0.390594482421875 0.403228759765625 -0.275894165039063 0.132354736328125
-0.129364013671875 0.501068115234375 -0.0787429809570313 0.0978164672851563
0.17132568359375 0.429443359375 -0.0682868957519531 0.0107498168945313
0.330322265625 0.22088623046875 -0.140777587890625 0.0382080078125
0.426239013671875 -0.022705078125 -0.14422607421875 0.101898193359375
0.36083984375 -0.159759521484375 -0.137054443359375 0.155624389648438
0.34088134765625 -0.138641357421875 -0.134918212890625 0.178817749023438
0.394012451171875 -0.1502685546875 -0.18218994140625 0.1885986328125
0.416595458984375 -0.00396728515625 -0.241073608398438 0.0805816650390625
0.351165771484375 0.247955322265625 -0.279006958007813 -0.0330963134765625
0.164642333984375 0.400726318359375 -0.170196533203125 -0.152664184570312
-0.2423095703125 0.449951171875 -0.000976562500000029 -0.200714111328125
-0.4859619140625 0.35595703125 0.0592689514160156 -0.0536346435546875
-0.577392578125 0.15521240234375 0.00978469848632809 -0.0279388427734375
-0.400115966796875 0.222015380859375 -0.5933837890625 0.0125122070312501
-0.243255615234375 0.315277099609375 -0.3531494140625 0.180999755859375
-0.0511474609375 0.344268798828125 -0.09332275390625 0.105171203613281
0.125885009765625 0.2781982421875 -0.115165710449219 -0.0095977783203125
0.217391967773437 0.139404296875 -0.205673217773438 0.0269317626953125
0.290283203125 -0.0086669921875 -0.238128662109375 0.133834838867188
0.254074096679688 -0.08856201171875 -0.230728149414063 0.22808837890625
0.239059448242188 -0.075225830078125 -0.213607788085937 0.253875732421875
0.280532836914062 -0.0763092041015625 -0.266510009765625 0.249099731445312
0.276962280273437 0.032196044921875 -0.333099365234375 0.118927001953125
0.20782470703125 0.1951904296875 -0.328521728515625 -0.029998779296875
0.0712127685546875 0.263275146484375 -0.194732666015625 -0.154800415039062
-0.185699462890625 0.270050048828125 -0.02294921875 -0.152114868164062
-0.325286865234375 0.225921630859375 -0.0330314636230469 0.0231723785400391
-0.395965576171875 0.1199951171875 -0.187835693359375 -0.00901794433593746
-0.162582397460938 0.189285278320313 -0.70458984375 0.0453491210937499
-0.0679473876953125 0.190475463867187 -0.405548095703125 0.216705322265625
0.0367889404296875 0.14947509765625 -0.099700927734375 0.122589111328125
0.06988525390625 0.0913619995117188 -0.134689331054688 -0.00748443603515624
0.0769195556640625 0.0358734130859375 -0.223419189453125 0.0219573974609375
0.111366271972656 0.00403594970703125 -0.282379150390625 0.14666748046875
0.1072998046875 -0.00553131103515625 -0.28265380859375 0.263031005859375
0.102935791015625 -0.002197265625 -0.25787353515625 0.290985107421875
0.12664794921875 0.0073394775390625 -0.3165283203125 0.27130126953125
0.101226806640625 0.0624008178710938 -0.380889892578125 0.12872314453125
0.0420150756835937 0.115325927734375 -0.33587646484375 -0.041168212890625
-0.022979736328125 0.0942535400390625 -0.186813354492187 -0.15716552734375
-0.0973434448242188 0.0650100708007813 -0.0236892700195313 -0.113998413085938
-0.116493225097656 0.074432373046875 -0.0895309448242188 0.06536865234375
-0.154876708984375 0.07391357421875 -0.31781005859375 0.00198364257812496
-0.118644714355469 -0.0519790649414063 0.347259521484375 -0.112152099609375
-0.115394592285156 0.0870513916015625 0.103240966796875 -0.0997467041015625
-0.00022125244140624 0.135391235351563 -0.0079498291015625 0.0889739990234375
0.096832275390625 0.0632858276367188 0.165390014648438 0.1705322265625
0.112709045410156 -0.004119873046875 0.296600341796875 0.064208984375
0.0726776123046875 -0.0764617919921875 0.36151123046875 -0.15142822265625
0.04034423828125 -0.107078552246094 0.316650390625 -0.30682373046875
0.0398712158203125 -0.0849533081054688 0.24835205078125 -0.309967041015625
0.047119140625 -0.0868988037109375 0.258712768554688 -0.267837524414063
0.0871047973632812 -0.0345077514648438 0.28759765625 -0.16375732421875
0.07208251953125 0.0401382446289063 0.204574584960938 -0.06591796875
0.00172424316406251 0.0900039672851562 0.130325317382813 -0.0435943603515625
-0.0836868286132813 0.0385971069335938 0.162307739257813 -0.169479370117188
-0.116012573242187 -0.0500640869140625 0.399932861328125 -0.282684326171875
-0.0535659790039062 -0.09881591796875 0.78704833984375 -0.0572509765625
-0.370452880859375 0.0267333984375 0.29248046875 -0.105804443359375
-0.284332275390625 0.220611572265625 0.0783538818359375 -0.0815582275390625
-0.08502197265625 0.316131591796875 -0.0206451416015625 0.07965087890625
0.140777587890625 0.237777709960938 0.134063720703125 0.152313232421875
0.239212036132813 0.0925445556640625 0.243194580078125 0.07666015625
0.248199462890625 -0.087890625 0.318328857421875 -0.1116943359375
0.189910888671875 -0.184783935546875 0.284759521484375 -0.254791259765625
0.1839599609375 -0.157302856445313 0.217926025390625 -0.257003784179688
0.213043212890625 -0.168670654296875 0.219573974609375 -0.215179443359375
0.26507568359375 -0.0574798583984375 0.234939575195313 -0.145294189453125
0.231369018554688 0.125381469726563 0.140304565429688 -0.0692214965820312
0.08721923828125 0.24786376953125 0.0916748046875 -0.0702896118164062
-0.165695190429687 0.230636596679688 0.14892578125 -0.214492797851562
-0.304473876953125 0.1180419921875 0.393890380859375 -0.303131103515625
-0.299346923828125 -0.0120849609374999 0.76580810546875 -0.091064453125
-0.56640625 0.1060791015625 0.162307739257812 -0.093475341796875
-0.413055419921875 0.33782958984375 0.0137786865234375 -0.0438308715820312
-0.149658203125 0.468231201171875 -0.0305404663085938 0.0806121826171875
0.17822265625 0.387847900390625 0.100837707519531 0.125709533691406
0.339935302734375 0.17779541015625 0.168930053710938 0.075897216796875
0.39111328125 -0.089752197265625 0.235519409179688 -0.0621337890625
0.313446044921875 -0.237762451171875 0.210769653320313 -0.16839599609375
0.30059814453125 -0.207122802734375 0.155685424804688 -0.167404174804688
0.34686279296875 -0.226654052734375 0.145416259765625 -0.128021240234375
0.408477783203125 -0.07672119140625 0.141204833984375 -0.105087280273438
0.366668701171875 0.19171142578125 0.0440597534179688 -0.0684738159179687
0.173004150390625 0.3782958984375 0.0324630737304688 -0.101997375488281
-0.2203369140625 0.410675048828125 0.121475219726562 -0.252639770507813
-0.456512451171875 0.2860107421875 0.35247802734375 -0.29718017578125
-0.506317138671875 0.0812072753906251 0.6563720703125 -0.1080322265625
-0.67523193359375 0.1842041015625 -0.0202713012695313 -0.0700950622558594
-0.476806640625 0.42657470703125 -0.07220458984375 0.0149612426757813
-0.17095947265625 0.572265625 -0.0400466918945313 0.0883102416992188
0.2132568359375 0.485443115234375 0.0557785034179688 0.0886459350585938
0.40472412109375 0.23150634765625 0.073577880859375 0.0667953491210938
0.482757568359375 -0.0848388671875 0.122993469238281 -0.00402069091796875
0.389678955078125 -0.2589111328125 0.108131408691406 -0.05938720703125
0.371856689453125 -0.22515869140625 0.0694694519042969 -0.0502090454101563
0.42626953125 -0.253814697265625 0.0468902587890625 -0.0178184509277344
0.492431640625 -0.08306884765625 0.0204200744628907 -0.04461669921875
0.455230712890625 0.232666015625 -0.0727310180664062 -0.0556106567382812
0.239044189453125 0.46044921875 -0.0431747436523437 -0.128341674804687
-0.2435302734375 0.5411376953125 0.0784454345703125 -0.265396118164062
-0.543975830078125 0.415374755859375 0.273162841796875 -0.246322631835938
-0.63690185546875 0.16058349609375 0.471405029296875 -0.09912109375
-0.6798095703125 0.23974609375 -0.227157592773438 -0.0349884033203125
-0.462982177734375 0.466278076171875 -0.170028686523438 0.0870208740234375
-0.15057373046875 0.59722900390625 -0.0537948608398438 0.098663330078125
0.230224609375 0.502777099609375 -0.00148010253906248 0.0479316711425782
0.416717529296875 0.242431640625 -0.0361213684082031 0.05535888671875
0.501190185546875 -0.0750732421875 -0.00975799560546872 0.0554275512695313
0.404937744140625 -0.241668701171875 -0.0106315612792968 0.0573616027832031
0.382659912109375 -0.210357666015625 -0.0283737182617187 0.07232666015625
0.44207763671875 -0.23797607421875 -0.0620498657226562 0.100830078125
0.49786376953125 -0.071929931640625 -0.113624572753906 0.0284957885742187
0.461669921875 0.24517822265625 -0.189529418945312 -0.0310516357421875
0.2552490234375 0.4713134765625 -0.121170043945313 -0.138725280761719
-0.2393798828125 0.57098388671875 0.0276336669921875 -0.244583129882812
-0.550628662109375 0.4593505859375 0.165191650390625 -0.15618896484375
-0.66552734375 0.19970703125 0.238235473632812 -0.063262939453125
-0.58209228515625 0.265380859375 -0.42901611328125 0.013519287109375
-0.375457763671875 0.436981201171875 -0.264389038085938 0.15814208984375
-0.098541259765625 0.5223388671875 -0.0682907104492188 0.106857299804688
0.209259033203125 0.429656982421875 -0.0650863647460937 0.0153999328613282
0.355682373046875 0.202606201171875 -0.13677978515625 0.0478286743164063
0.43634033203125 -0.057464599609375 -0.133857727050781 0.111648559570313
0.358306884765625 -0.191802978515625 -0.1246337890625 0.165313720703125
0.339080810546875 -0.167572021484375 -0.120925903320312 0.185989379882813
0.392303466796875 -0.18438720703125 -0.165206909179688 0.202377319335938
0.424530029296875 -0.038116455078125 -0.235214233398438 0.0979766845703125
0.37994384765625 0.22723388671875 -0.282989501953125 -0.00997924804687497
0.197845458984375 0.399627685546875 -0.179840087890625 -0.138565063476563
-0.2177734375 0.478912353515625 -0.0125732421875 -0.196884155273437
-0.471221923828125 0.39764404296875 0.0558090209960937 -0.0531692504882812
-0.58172607421875 0.1917724609375 0.000196456909179651 -0.0219669342041016
-0.400543212890625 0.247772216796875 -0.5982666015625 0.0565185546875001
-0.233978271484375 0.338043212890625 -0.343231201171875 0.21405029296875
-0.03106689453125 0.35693359375 -0.08294677734375 0.114021301269531
0.15142822265625 0.280548095703125 -0.114585876464844 -0.00179290771484372
0.234039306640625 0.130996704101563 -0.203414916992188 0.039794921875
0.298553466796875 -0.031097412109375 -0.228103637695313 0.15142822265625
0.256378173828125 -0.110992431640625 -0.215408325195312 0.245803833007813
0.242340087890625 -0.0966949462890625 -0.196151733398437 0.2694091796875
0.282684326171875 -0.100738525390625 -0.247817993164063 0.271011352539063
0.287841796875 0.0103759765625 -0.324462890625 0.143798828125
0.230499267578125 0.18426513671875 -0.332489013671875 -0.00350952148437505
0.0930023193359375 0.267486572265625 -0.204971313476563 -0.137802124023437
-0.173614501953125 0.292388916015625 -0.03173828125 -0.14862060546875
-0.31787109375 0.252716064453125 -0.0348930358886719 0.0306205749511719
-0.402496337890625 0.14202880859375 -0.200668334960938 0.00897216796874999
-0.158416748046875 0.19781494140625 -0.71331787109375 0.0984497070312501
-0.065185546875 0.195907592773438 -0.396575927734375 0.253021240234375
0.042938232421875 0.151824951171875 -0.0896453857421875 0.133583068847656
0.0798873901367188 0.0933837890625 -0.135185241699219 0.00256347656250001
0.083038330078125 0.035247802734375 -0.222793579101562 0.0367431640625
0.118804931640625 -0.004150390625 -0.273147583007813 0.165847778320312
0.112869262695312 -0.0167465209960937 -0.26751708984375 0.286529541015625
0.109359741210938 -0.0122146606445313 -0.24249267578125 0.31103515625
0.134300231933594 -0.00421905517578125 -0.300384521484375 0.2972412109375
0.113189697265625 0.0543899536132813 -0.373504638671875 0.15753173828125
0.0576553344726563 0.116844177246094 -0.340667724609375 -0.0152587890625
-0.0149688720703125 0.103553771972656 -0.200515747070313 -0.142410278320313
-0.098480224609375 0.0781784057617188 -0.031524658203125 -0.110633850097656
-0.118217468261719 0.0833740234375 -0.090606689453125 0.0751495361328125
-0.16107177734375 0.07855224609375 -0.333740234375 0.0302429199218751
-0.112991333007813 -0.0427474975585937 0.349884033203125 -0.1348876953125
-0.0994338989257812 0.0893630981445312 0.102485656738281 -0.106246948242188
0.0097503662109375 0.1287841796875 -0.00242614746093749 0.0844268798828125
0.094757080078125 0.0533828735351563 0.173049926757813 0.155059814453125
0.108787536621094 -0.014556884765625 0.29486083984375 0.04425048828125
0.063751220703125 -0.0804519653320313 0.3441162109375 -0.169830322265625
0.0314178466796875 -0.106124877929688 0.29486083984375 -0.32257080078125
0.0296478271484375 -0.086517333984375 0.227813720703125 -0.321624755859375
0.0359878540039063 -0.08636474609375 0.24005126953125 -0.28167724609375
0.0777664184570313 -0.0407485961914063 0.272247314453125 -0.18011474609375
0.0705947875976563 0.0343017578125 0.196929931640625 -0.0751800537109375
0.00922393798828126 0.0857086181640625 0.126655578613281 -0.0496597290039063
-0.07684326171875 0.0434112548828125 0.14776611328125 -0.177841186523438
-0.113906860351563 -0.0376739501953125 0.378997802734375 -0.301544189453125
-0.0548095703125 -0.08770751953125 0.779052734375 -0.10400390625
-0.358428955078125 0.0499877929687501 0.29705810546875 -0.126861572265625
-0.261093139648438 0.231292724609375 0.0844802856445312 -0.0857620239257812
-0.062530517578125 0.313262939453125 -0.0152359008789063 0.0767440795898438
0.15045166015625 0.223724365234375 0.142242431640625 0.139175415039063
0.239273071289063 0.077362060546875 0.243896484375 0.058502197265625
0.233612060546875 -0.103240966796875 0.30572509765625 -0.12872314453125
0.172744750976563 -0.192031860351562 0.265060424804688 -0.270645141601563
0.167236328125 -0.165390014648438 0.20147705078125 -0.268936157226562
0.1951904296875 -0.180343627929687 0.206771850585938 -0.225997924804688
0.254837036132813 -0.0775604248046875 0.22412109375 -0.157516479492188
0.238433837890625 0.107879638671875 0.133819580078125 -0.0757598876953125
0.105758666992187 0.23980712890625 0.089263916015625 -0.073486328125
-0.145553588867188 0.240753173828125 0.132537841796875 -0.2174072265625
-0.28778076171875 0.1407470703125 0.3734130859375 -0.31695556640625
-0.29388427734375 0.01226806640625 0.75250244140625 -0.1336669921875
-0.55322265625 0.142333984375 0.173538208007813 -0.100692749023437
-0.380462646484375 0.353790283203125 0.0241355895996093 -0.0445480346679687
-0.11724853515625 0.467681884765625 -0.0252761840820313 0.0796432495117188
0.20068359375 0.370819091796875 0.107192993164063 0.112464904785156
0.348846435546875 0.15435791015625 0.174530029296875 0.0636138916015625
0.381744384765625 -0.11865234375 0.23358154296875 -0.076385498046875
0.292633056640625 -0.253021240234375 0.20037841796875 -0.18157958984375
0.282318115234375 -0.224395751953125 0.14459228515625 -0.177688598632812
0.32586669921875 -0.2471923828125 0.140701293945313 -0.137741088867188
0.392547607421875 -0.10589599609375 0.133705139160156 -0.114883422851562
0.37738037109375 0.16497802734375 0.0420989990234375 -0.0677757263183593
0.199981689453125 0.36566162109375 0.0289382934570313 -0.101707458496094
-0.191375732421875 0.424285888671875 0.101654052734375 -0.253982543945313
-0.430877685546875 0.316619873046875 0.3333740234375 -0.310699462890625
-0.4979248046875 0.113616943359375 0.64031982421875 -0.14202880859375
-0.6546630859375 0.2213134765625 -0.00664138793945317 -0.0699272155761719
-0.444183349609375 0.4453125 -0.0592613220214844 0.0229988098144532
-0.133056640625 0.575927734375 -0.02984619140625 0.0878448486328125
0.242523193359375 0.4691162109375 0.0629653930664063 0.0821380615234375
0.419464111328125 0.202606201171875 0.0772857666015625 0.0595169067382813
0.471038818359375 -0.118682861328125 0.126220703125 -0.0154647827148438
0.36865234375 -0.2803955078125 0.105270385742188 -0.0708160400390625
0.35430908203125 -0.246337890625 0.0681419372558594 -0.0579109191894531
0.4046630859375 -0.280426025390625 0.0502090454101563 -0.022552490234375
0.477752685546875 -0.118194580078125 0.0187110900878906 -0.0454864501953125
0.468109130859375 0.197662353515625 -0.0738677978515625 -0.0473403930664062
0.26947021484375 0.443450927734375 -0.0445404052734375 -0.118507385253906
-0.207122802734375 0.5550537109375 0.0625457763671875 -0.26318359375
-0.510284423828125 0.444549560546875 0.255325317382812 -0.25189208984375
-0.62506103515625 0.20062255859375 0.46044921875 -0.1202392578125
-0.6572265625 0.2796630859375 -0.2115478515625 -0.0208282470703125
-0.429840087890625 0.486907958984375 -0.15216064453125 0.0973968505859376
-0.1123046875 0.60467529296875 -0.0428848266601563 0.0981826782226563
0.264007568359375 0.484405517578125 0.00488662719726564 0.0462837219238282
0.426605224609375 0.213470458984375 -0.0303916931152343 0.0549545288085938
0.4923095703125 -0.110931396484375 -0.00180053710937497 0.0540657043457031
0.389556884765625 -0.2686767578125 -0.00477981567382811 0.05401611328125
0.36651611328125 -0.2369384765625 -0.0228385925292969 0.06787109375
0.4232177734375 -0.265411376953125 -0.0512466430664062 0.10284423828125
0.48895263671875 -0.106597900390625 -0.109687805175781 0.03350830078125
0.4755859375 0.21337890625 -0.18487548828125 -0.0148468017578125
0.284271240234375 0.453460693359375 -0.119041442871094 -0.122657775878906
-0.201416015625 0.5833740234375 0.015045166015625 -0.23828125
-0.51727294921875 0.491729736328125 0.156341552734375 -0.1583251953125
-0.65032958984375 0.23419189453125 0.227401733398437 -0.072052001953125
-0.566162109375 0.29876708984375 -0.413177490234375 0.0404052734374999
-0.349395751953125 0.456298828125 -0.2440185546875 0.174972534179688
-0.0673522949218749 0.525634765625 -0.0555267333984375 0.109710693359375
0.240081787109375 0.415618896484375 -0.0593185424804687 0.0179977416992188
0.37139892578125 0.179168701171875 -0.129058837890625 0.05389404296875
0.431365966796875 -0.090545654296875 -0.119125366210937 0.117561340332031
0.3450927734375 -0.2164306640625 -0.109649658203125 0.16973876953125
0.328399658203125 -0.190277099609375 -0.106521606445312 0.185211181640625
0.3785400390625 -0.210479736328125 -0.145660400390625 0.206466674804688
0.418487548828125 -0.067535400390625 -0.222366333007812 0.109359741210938
0.395782470703125 0.2005615234375 -0.275726318359375 0.010894775390625
0.22259521484375 0.38525390625 -0.179611206054688 -0.120101928710937
-0.186309814453125 0.493560791015625 -0.0204315185546875 -0.1895751953125
-0.442626953125 0.4217529296875 0.0504035949707031 -0.0502853393554687
-0.57244873046875 0.21905517578125 -0.00611114501953128 -0.0144081115722656
-0.388336181640625 0.267242431640625 -0.58221435546875 0.0958862304687501
-0.2213134765625 0.34857177734375 -0.320770263671875 0.236572265625
-0.010589599609375 0.359710693359375 -0.0734329223632812 0.120048522949219
0.171234130859375 0.2762451171875 -0.110679626464844 0.00471496582031249
0.244674682617187 0.11663818359375 -0.19573974609375 0.0523681640625001
0.298736572265625 -0.05242919921875 -0.21356201171875 0.160995483398438
0.247390747070313 -0.130722045898438 -0.196029663085937 0.254608154296875
0.23675537109375 -0.115020751953125 -0.177871704101563 0.273300170898438
0.277008056640625 -0.120468139648438 -0.2242431640625 0.281341552734375
0.287567138671875 -0.014129638671875 -0.3089599609375 0.16058349609375
0.247039794921875 0.16827392578125 -0.32659912109375 0.020111083984375
0.110946655273437 0.264328002929688 -0.205596923828125 -0.120010375976562
-0.1572265625 0.30596923828125 -0.0397109985351563 -0.140388488769531
-0.302978515625 0.26983642578125 -0.0353164672851563 0.0369644165039063
-0.397796630859375 0.15966796875 -0.207046508789063 0.0268096923828125
-0.15399169921875 0.201812744140625 -0.7008056640625 0.14202880859375
-0.0623321533203125 0.196456909179688 -0.37506103515625 0.278656005859375
0.04833984375 0.1500244140625 -0.0796966552734375 0.138999938964844
0.0850601196289062 0.096893310546875 -0.1318359375 0.0121841430664062
0.0872344970703125 0.0371246337890625 -0.218765258789062 0.046966552734375
0.122390747070313 -0.0150604248046875 -0.258758544921875 0.1815185546875
0.112991333007813 -0.0272674560546875 -0.248687744140625 0.30023193359375
0.111442565917969 -0.0213623046875 -0.221221923828125 0.318145751953125
0.137489318847656 -0.0148239135742187 -0.274078369140625 0.30853271484375
0.11895751953125 0.0430908203125 -0.353485107421875 0.175994873046875
0.0694808959960938 0.110092163085937 -0.3353271484375 0.00790405273437505
-0.00667572021484375 0.108154296875 -0.203033447265625 -0.123626708984375
-0.096282958984375 0.090240478515625 -0.0362548828125 -0.1041259765625
-0.117591857910156 0.0909576416015625 -0.0888748168945313 0.0828781127929687
-0.163955688476563 0.0832672119140625 -0.3385009765625 0.0541687011718749
-0.106826782226563 -0.0383529663085938 0.3482666015625 -0.152313232421875
-0.0857315063476563 0.0889129638671875 0.104713439941406 -0.113807678222656
0.0163192749023438 0.121208190917969 3.81469726562595E-05 0.079498291015625
0.0909805297851562 0.0458145141601562 0.171798706054687 0.1427001953125
0.101104736328125 -0.0176773071289063 0.28948974609375 0.03106689453125
0.056121826171875 -0.0789566040039063 0.329010009765625 -0.179351806640625
0.0216751098632813 -0.103424072265625 0.275054931640625 -0.3277587890625
0.021453857421875 -0.0827407836914062 0.21142578125 -0.324249267578125
0.0255966186523437 -0.0849685668945312 0.22601318359375 -0.284454345703125
0.0699234008789063 -0.04510498046875 0.260650634765625 -0.18487548828125
0.0697669982910156 0.0257835388183594 0.190505981445313 -0.0802459716796875
0.0136184692382812 0.0804367065429687 0.122535705566406 -0.0534210205078125
-0.0702438354492188 0.0425682067871094 0.134994506835938 -0.175445556640625
-0.107185363769531 -0.0287399291992188 0.362945556640625 -0.3101806640625
-0.0494461059570313 -0.0786514282226562 0.76177978515625 -0.1314697265625
-0.348175048828125 0.0625610351562501 0.302154541015625 -0.139373779296875
-0.239334106445312 0.233505249023438 0.0861740112304687 -0.0923309326171875
-0.0506591796875 0.3052978515625 -0.0106353759765625 0.07257080078125
0.154052734375 0.212158203125 0.142654418945313 0.12933349609375
0.234954833984375 0.064910888671875 0.240936279296875 0.0467529296875
0.225418090820312 -0.110748291015625 0.29547119140625 -0.1390380859375
0.161911010742188 -0.19561767578125 0.2513427734375 -0.275909423828125
0.157791137695313 -0.169189453125 0.190567016601563 -0.274673461914063
0.180038452148437 -0.18438720703125 0.197967529296875 -0.23248291015625
0.24249267578125 -0.08807373046875 0.214401245117188 -0.164657592773437
0.237716674804688 0.0917510986328125 0.130287170410156 -0.0759429931640625
0.11578369140625 0.228759765625 0.0864028930664063 -0.07464599609375
-0.131973266601562 0.243255615234375 0.121078491210937 -0.214920043945313
-0.274810791015625 0.155227661132813 0.356964111328125 -0.324554443359375
-0.2864990234375 0.0272827148437501 0.73626708984375 -0.1585693359375
-0.53472900390625 0.159271240234375 0.178680419921875 -0.112564086914063
-0.35687255859375 0.358795166015625 0.0318107604980469 -0.0482940673828125
-0.0976562500000001 0.460784912109375 -0.0178909301757813 0.0766830444335938
0.211395263671875 0.356292724609375 0.110382080078125 0.106742858886719
0.3463134765625 0.13665771484375 0.170852661132813 0.05352783203125
0.367279052734375 -0.129791259765625 0.226318359375 -0.085601806640625
0.277618408203125 -0.262527465820313 0.192108154296875 -0.189376831054688
0.266433715820313 -0.231613159179688 0.13836669921875 -0.18359375
0.305572509765625 -0.2587890625 0.136627197265625 -0.142776489257813
0.379913330078125 -0.123321533203125 0.128364562988281 -0.117652893066406
0.38140869140625 0.14190673828125 0.0384025573730469 -0.0636940002441406
0.21392822265625 0.3507080078125 0.0296096801757813 -0.0992584228515625
-0.16973876953125 0.4256591796875 0.0927734375 -0.247711181640625
-0.407806396484375 0.33074951171875 0.317474365234375 -0.310943603515625
-0.484283447265625 0.133697509765625 0.6270751953125 -0.15911865234375
-0.63543701171875 0.24273681640625 0.00527954101562495 -0.0694770812988281
-0.415496826171875 0.453643798828125 -0.0468521118164063 0.0200920104980469
-0.10955810546875 0.56951904296875 -0.0242080688476563 0.08538818359375
0.2598876953125 0.4503173828125 0.0662460327148438 0.0738754272460938
0.418182373046875 0.182037353515625 0.0799102783203125 0.0525970458984375
0.459197998046875 -0.13751220703125 0.124519348144531 -0.0220184326171875
0.350860595703125 -0.29351806640625 0.104270935058594 -0.0761947631835938
0.336029052734375 -0.259521484375 0.0664291381835938 -0.0657005310058594
0.384246826171875 -0.293182373046875 0.0548973083496094 -0.0261306762695313
0.4637451171875 -0.13934326171875 0.017425537109375 -0.0460128784179688
0.47235107421875 0.17388916015625 -0.0704421997070312 -0.0406112670898437
0.287200927734375 0.424774169921875 -0.0434341430664062 -0.113433837890625
-0.181396484375 0.555389404296875 0.0540618896484375 -0.256118774414062
-0.4825439453125 0.46221923828125 0.241653442382812 -0.252838134765625
-0.60833740234375 0.21588134765625 0.443634033203125 -0.129913330078125
-0.63958740234375 0.2957763671875 -0.196273803710938 -0.01239013671875
-0.4041748046875 0.49407958984375 -0.13482666015625 0.101280212402344
-0.088134765625 0.59600830078125 -0.0327911376953125 0.098876953125
0.281951904296875 0.468414306640625 0.00809097290039064 0.044921875
0.43280029296875 0.19146728515625 -0.0247650146484375 0.0540962219238281
0.478973388671875 -0.133056640625 0.00446319580078127 0.0493545532226562
0.369659423828125 -0.28094482421875 0.0012779235839844 0.0491294860839844
0.353363037109375 -0.24896240234375 -0.0151405334472656 0.0626373291015625
0.403533935546875 -0.2833251953125 -0.0389862060546875 0.097747802734375
0.47174072265625 -0.12603759765625 -0.101631164550781 0.0374069213867187
0.48345947265625 0.185577392578125 -0.180526733398438 -0.00540161132812499
0.301177978515625 0.43585205078125 -0.119544982910156 -0.115425109863281
-0.17694091796875 0.585205078125 0.00877380371093749 -0.231185913085938
-0.4854736328125 0.5035400390625 0.146469116210937 -0.153915405273437
-0.63739013671875 0.25225830078125 0.219650268554688 -0.0707550048828125
-0.54998779296875 0.31085205078125 -0.39453125 0.0556945800781251
-0.3314208984375 0.46075439453125 -0.223129272460938 0.182022094726563
-0.04803466796875 0.52276611328125 -0.0450515747070313 0.108818054199219
0.258056640625 0.4034423828125 -0.0560836791992187 0.0193824768066406
0.374847412109375 0.164154052734375 -0.122726440429687 0.0555267333984375
0.42340087890625 -0.109771728515625 -0.109184265136719 0.1151123046875
0.33154296875 -0.230377197265625 -0.0993804931640625 0.166351318359375
0.31787109375 -0.20294189453125 -0.096099853515625 0.181564331054688
0.364471435546875 -0.227325439453125 -0.13006591796875 0.205535888671875
0.40875244140625 -0.088165283203125 -0.21124267578125 0.115020751953125
0.40142822265625 0.17889404296875 -0.266433715820313 0.0223236083984375
0.236785888671875 0.3743896484375 -0.176315307617187 -0.110504150390625
-0.165924072265625 0.494903564453125 -0.024810791015625 -0.18487548828125
-0.421173095703125 0.431793212890625 0.0483779907226562 -0.0460128784179687
-0.56182861328125 0.23468017578125 -0.0106525421142578 -0.00678634643554686
-0.37823486328125 0.27398681640625 -0.56475830078125 0.11724853515625
-0.20928955078125 0.35235595703125 -0.299407958984375 0.246246337890625
-0.00109863281250004 0.358428955078125 -0.06024169921875 0.121131896972656
0.18609619140625 0.267990112304687 -0.106758117675781 0.00845336914062503
0.248825073242188 0.1080322265625 -0.189102172851563 0.0562286376953125
0.29473876953125 -0.067840576171875 -0.198562622070312 0.163467407226563
0.242538452148438 -0.143951416015625 -0.180145263671875 0.257308959960938
0.232757568359375 -0.124298095703125 -0.161712646484375 0.271682739257813
0.270950317382813 -0.134246826171875 -0.206375122070312 0.280853271484375
0.284332275390625 -0.026031494140625 -0.29266357421875 0.167724609375
0.25372314453125 0.154434204101562 -0.3154296875 0.0328369140625
0.120407104492187 0.2578125 -0.202880859375 -0.108322143554687
-0.1431884765625 0.31146240234375 -0.0397109985351563 -0.137306213378906
-0.2889404296875 0.2774658203125 -0.0350608825683594 0.0412368774414063
-0.39495849609375 0.16729736328125 -0.207321166992188 0.0446624755859375
-0.14813232421875 0.198089599609375 -0.68072509765625 0.16729736328125
-0.062286376953125 0.197906494140625 -0.35723876953125 0.289764404296875
0.0478057861328125 0.149139404296875 -0.068389892578125 0.139183044433594
0.0920181274414063 0.0939254760742188 -0.128585815429688 0.0161209106445312
0.090484619140625 0.0330352783203125 -0.210845947265625 0.0533294677734375
0.121978759765625 -0.0205001831054688 -0.245208740234375 0.185150146484375
0.113594055175781 -0.0350341796875 -0.229644775390625 0.303558349609375
0.112106323242188 -0.02734375 -0.20513916015625 0.320465087890625
0.136703491210938 -0.0238723754882813 -0.256866455078125 0.314208984375
0.122200012207031 0.0357666015625 -0.33770751953125 0.1875
0.0777511596679688 0.107177734375 -0.3248291015625 0.0220031738281251
0.000160217285156241 0.108932495117188 -0.2015380859375 -0.111785888671875
-0.09033203125 0.0966033935546875 -0.0378646850585938 -0.101913452148438
-0.114639282226562 0.0949783325195313 -0.0877914428710938 0.0878448486328125
-0.1661376953125 0.0831298828125 -0.337982177734375 0.074462890625
-0.103042602539062 -0.03570556640625 0.35174560546875 -0.163848876953125
-0.0771026611328125 0.0862808227539063 0.107994079589844 -0.118568420410156
0.0187911987304688 0.115280151367187 0.000320434570312499 0.0763397216796875
0.0857162475585938 0.0415496826171875 0.1712646484375 0.135971069335938
0.0967864990234375 -0.0205154418945313 0.28521728515625 0.02532958984375
0.0512847900390625 -0.078826904296875 0.321380615234375 -0.18316650390625
0.0180892944335938 -0.101531982421875 0.2655029296875 -0.33258056640625
0.0167007446289062 -0.0801925659179688 0.20550537109375 -0.326416015625
0.0188827514648437 -0.0831451416015625 0.22003173828125 -0.28729248046875
0.06341552734375 -0.0466384887695312 0.254196166992188 -0.188888549804687
0.0673904418945313 0.0220489501953125 0.187881469726563 -0.0826263427734375
0.0161972045898438 0.0756988525390625 0.120376586914063 -0.0550308227539062
-0.0665779113769531 0.0420074462890625 0.129440307617188 -0.175521850585938
-0.102333068847656 -0.0236740112304687 0.356903076171875 -0.315155029296875
-0.0441970825195312 -0.0730056762695312 0.7540283203125 -0.14703369140625
-0.34124755859375 0.069183349609375 0.307952880859375 -0.15020751953125
-0.226882934570313 0.232635498046875 0.0926055908203125 -0.0975265502929687
-0.04437255859375 0.300048828125 -0.00897216796875 0.0701560974121094
0.15533447265625 0.20623779296875 0.142959594726563 0.123443603515625
0.232986450195313 0.05859375 0.238555908203125 0.0412445068359375
0.219619750976563 -0.116165161132812 0.290191650390625 -0.142974853515625
0.1546630859375 -0.198455810546875 0.244476318359375 -0.281829833984375
0.149459838867188 -0.170867919921875 0.185440063476563 -0.278839111328125
0.17083740234375 -0.187423706054688 0.194686889648438 -0.2357177734375
0.234375 -0.0950775146484375 0.208648681640625 -0.167282104492188
0.238662719726563 0.0820465087890625 0.128890991210938 -0.0762939453125
0.12237548828125 0.222991943359375 0.0867156982421875 -0.0757904052734375
-0.124420166015625 0.24603271484375 0.115615844726562 -0.2137451171875
-0.266006469726563 0.16314697265625 0.35174560546875 -0.327911376953125
-0.282196044921875 0.036529541015625 0.7308349609375 -0.1705322265625
-0.52532958984375 0.16888427734375 0.18780517578125 -0.120391845703125
-0.34283447265625 0.3612060546875 0.0404891967773437 -0.0514450073242187
-0.088897705078125 0.458953857421875 -0.014556884765625 0.0733642578125
0.217987060546875 0.34759521484375 0.111053466796875 0.101181030273438
0.345947265625 0.12799072265625 0.170089721679688 0.048065185546875
0.36090087890625 -0.140655517578125 0.224533081054688 -0.0907440185546875
0.269821166992187 -0.269317626953125 0.187576293945313 -0.195571899414063
0.258544921875 -0.237197875976563 0.1348876953125 -0.18939208984375
0.29534912109375 -0.264862060546875 0.137130737304688 -0.14715576171875
0.371490478515625 -0.13238525390625 0.125175476074219 -0.120201110839844
0.384246826171875 0.1302490234375 0.0388412475585938 -0.0618515014648437
0.223846435546875 0.34375 0.0309982299804688 -0.0990829467773437
-0.15924072265625 0.429534912109375 0.0890045166015624 -0.244796752929687
-0.39556884765625 0.33990478515625 0.312103271484375 -0.310791015625
-0.481964111328125 0.14398193359375 0.62060546875 -0.16693115234375
-0.62628173828125 0.25335693359375 0.0148849487304687 -0.0734176635742187
-0.401885986328125 0.4559326171875 -0.0355987548828125 0.0171012878417969
-0.0987548828125 0.5677490234375 -0.0198593139648438 0.0833663940429688
0.2706298828125 0.441070556640625 0.0674896240234375 0.071502685546875
0.42034912109375 0.170989990234375 0.0797348022460938 0.0494613647460938
0.450836181640625 -0.15191650390625 0.1263427734375 -0.0262527465820313
0.34326171875 -0.30267333984375 0.10400390625 -0.0803604125976563
0.3280029296875 -0.2672119140625 0.0648880004882813 -0.0715179443359375
0.372650146484375 -0.3028564453125 0.0584144592285157 -0.03076171875
0.453765869140625 -0.15289306640625 0.0175056457519531 -0.0474891662597656
0.477508544921875 0.157989501953125 -0.0682487487792968 -0.0347938537597656
0.297760009765625 0.416229248046875 -0.0405426025390625 -0.112258911132812
-0.16851806640625 0.562103271484375 0.0498199462890625 -0.25225830078125
-0.46832275390625 0.4715576171875 0.240005493164063 -0.250411987304687
-0.607177734375 0.2281494140625 0.439727783203125 -0.12933349609375
-0.633056640625 0.30621337890625 -0.1844482421875 -0.01123046875
-0.395294189453125 0.49725341796875 -0.123794555664063 0.100570678710938
-0.0764160156250001 0.59619140625 -0.0271148681640625 0.0956878662109375
0.29547119140625 0.46087646484375 0.00938034057617189 0.0428810119628907
0.437164306640625 0.181976318359375 -0.0236587524414062 0.051513671875
0.47271728515625 -0.147857666015625 0.0107002258300782 0.0453224182128906
0.363006591796875 -0.293182373046875 0.0050773620605469 0.045928955078125
0.347808837890625 -0.258819580078125 -0.0143508911132812 0.0575485229492187
0.395263671875 -0.294708251953125 -0.0320053100585937 0.0933685302734375
0.465301513671875 -0.140777587890625 -0.100013732910156 0.0378036499023438
0.488037109375 0.1710205078125 -0.176544189453125 0.00152587890625001
0.31329345703125 0.425262451171875 -0.114097595214844 -0.112327575683594
-0.16510009765625 0.59033203125 0.00755310058593751 -0.226959228515625
-0.47247314453125 0.50958251953125 0.145751953125 -0.150253295898437
-0.635498046875 0.26190185546875 0.21612548828125 -0.0665283203125
-0.5438232421875 0.31884765625 -0.3831787109375 0.06048583984375
-0.325439453125 0.465667724609375 -0.210372924804688 0.1842041015625
-0.0385742187499999 0.525787353515625 -0.03997802734375 0.10809326171875
0.2720947265625 0.399078369140625 -0.0531730651855469 0.0204582214355469
0.380157470703125 0.155548095703125 -0.119499206542969 0.0560455322265625
0.42010498046875 -0.12359619140625 -0.102119445800781 0.113838195800781
0.32708740234375 -0.24176025390625 -0.0927734375 0.1649169921875
0.3134765625 -0.213043212890625 -0.09210205078125 0.177490234375
0.358856201171875 -0.238067626953125 -0.120635986328125 0.202880859375
0.404266357421875 -0.099884033203125 -0.205642700195312 0.11669921875
0.408111572265625 0.16644287109375 -0.260940551757813 0.0296478271484375
0.247100830078125 0.3681640625 -0.170623779296875 -0.10577392578125
-0.1552734375 0.499664306640625 -0.0250244140625 -0.180938720703125
-0.408843994140625 0.4376220703125 0.0478591918945312 -0.0421943664550781
-0.5633544921875 0.23992919921875 -0.0128412246704102 0.00165271759033205
-0.3748779296875 0.27899169921875 -0.553680419921875 0.12701416015625
-0.208251953125 0.355804443359375 -0.289215087890625 0.250885009765625
0.00195312500000003 0.36053466796875 -0.0538177490234375 0.12078857421875
0.195785522460938 0.265762329101563 -0.103599548339844 0.01190185546875
0.256179809570313 0.104537963867188 -0.18670654296875 0.0581207275390625
0.29388427734375 -0.078887939453125 -0.191268920898438 0.163650512695312
0.239044189453125 -0.152679443359375 -0.173812866210938 0.2572021484375
0.230911254882813 -0.132797241210938 -0.157012939453125 0.269256591796875
0.269180297851563 -0.144058227539063 -0.19677734375 0.280136108398438
0.28369140625 -0.035797119140625 -0.284515380859375 0.17010498046875
0.260528564453125 0.146469116210938 -0.309356689453125 0.0401611328124999
0.128433227539063 0.256805419921875 -0.198837280273438 -0.10260009765625
-0.135528564453125 0.315673828125 -0.0392227172851563 -0.134498596191406
-0.28436279296875 0.281097412109375 -0.0344276428222656 0.0450363159179688
-0.399139404296875 0.170196533203125 -0.20849609375 0.0558929443359375
-0.148605346679688 0.197113037109375 -0.67242431640625 0.17938232421875
-0.0646209716796875 0.19830322265625 -0.347625732421875 0.29736328125
0.045654296875 0.149749755859375 -0.0617904663085938 0.139724731445313
0.0962448120117188 0.0954055786132813 -0.125350952148438 0.0187911987304688
0.094818115234375 0.0345611572265625 -0.2080078125 0.0562744140625
0.123275756835937 -0.02490234375 -0.238357543945313 0.185562133789062
0.112945556640625 -0.04119873046875 -0.22271728515625 0.307220458984375
0.113777160644531 -0.0336761474609375 -0.1982421875 0.320709228515625
0.139511108398438 -0.0300979614257812 -0.2470703125 0.31591796875
0.125030517578125 0.0293121337890625 -0.328338623046875 0.191741943359375
0.0842208862304687 0.103935241699219 -0.319580078125 0.029541015625
0.00479125976562501 0.1121826171875 -0.19915771484375 -0.105636596679687
-0.0885848999023438 0.100807189941406 -0.0386123657226563 -0.100120544433594
-0.115837097167969 0.096710205078125 -0.0887069702148438 0.0926895141601563
-0.172271728515625 0.0830230712890625 -0.341278076171875 0.0877990722656249
-0.101272583007813 -0.03375244140625 0.36077880859375 -0.1783447265625
-0.0710678100585938 0.0844650268554688 0.112640380859375 -0.126922607421875
0.0218658447265625 0.111892700195313 -0.000183105468749998 0.0759811401367188
0.0834426879882812 0.0387039184570313 0.173309326171875 0.133575439453125
0.0941238403320312 -0.0225677490234375 0.286956787109375 0.020050048828125
0.0478439331054688 -0.0801010131835938 0.320098876953125 -0.190399169921875
0.0128555297851563 -0.102874755859375 0.261260986328125 -0.342498779296875
0.0112228393554688 -0.0792388916015625 0.20233154296875 -0.33502197265625
0.0133590698242187 -0.08172607421875 0.21942138671875 -0.29541015625
0.0586280822753906 -0.048431396484375 0.25311279296875 -0.19451904296875
0.0679168701171875 0.0188369750976563 0.189056396484375 -0.08538818359375
0.0181655883789062 0.0738677978515625 0.120468139648438 -0.0582656860351563
-0.0651741027832031 0.0426101684570312 0.126815795898438 -0.177734375
-0.0993270874023438 -0.0190963745117187 0.35906982421875 -0.327178955078125
-0.0399856567382813 -0.0703887939453125 0.76336669921875 -0.1654052734375
-0.341766357421875 0.077178955078125 0.318817138671875 -0.163787841796875
-0.21978759765625 0.23541259765625 0.0995864868164062 -0.105720520019531
-0.039215087890625 0.30169677734375 -0.00824356079101562 0.0689659118652344
0.15869140625 0.203323364257813 0.146255493164063 0.120635986328125
0.2342529296875 0.0536346435546875 0.24072265625 0.036834716796875
0.21728515625 -0.123672485351562 0.2908935546875 -0.15081787109375
0.1502685546875 -0.205307006835938 0.2415771484375 -0.292083740234375
0.144332885742188 -0.175506591796875 0.181365966796875 -0.288848876953125
0.165130615234375 -0.192886352539063 0.195602416992188 -0.244979858398438
0.230117797851563 -0.103195190429688 0.2083740234375 -0.172805786132813
0.24420166015625 0.0751495361328125 0.129859924316406 -0.0777740478515625
0.131622314453125 0.221221923828125 0.0876235961914063 -0.078887939453125
-0.120132446289063 0.252334594726562 0.1131591796875 -0.216094970703125
-0.263137817382813 0.174896240234375 0.35400390625 -0.337188720703125
-0.282806396484375 0.044769287109375 0.73809814453125 -0.18634033203125
-0.527374267578125 0.18048095703125 0.199554443359375 -0.131607055664063
-0.336578369140625 0.366668701171875 0.0480766296386719 -0.0577468872070312
-0.08221435546875 0.4638671875 -0.01239013671875 0.0723953247070313
0.226898193359375 0.346038818359375 0.114082336425781 0.0991592407226563
0.351348876953125 0.121185302734375 0.172317504882813 0.04510498046875
0.359375 -0.1539306640625 0.226654052734375 -0.097991943359375
0.265716552734375 -0.281646728515625 0.1878662109375 -0.20465087890625
0.254257202148437 -0.246597290039062 0.132232666015625 -0.1986083984375
0.290771484375 -0.2777099609375 0.13958740234375 -0.15374755859375
0.36920166015625 -0.14501953125 0.124275207519531 -0.122642517089844
0.393951416015625 0.118194580078125 0.0399360656738282 -0.0610618591308594
0.237884521484375 0.3414306640625 0.0320358276367188 -0.101264953613281
-0.15142822265625 0.44158935546875 0.0864105224609375 -0.247528076171875
-0.39129638671875 0.35650634765625 0.315216064453125 -0.31793212890625
-0.485931396484375 0.157257080078125 0.6259765625 -0.17852783203125
-0.630126953125 0.26641845703125 0.0243606567382812 -0.0796737670898437
-0.396942138671875 0.467132568359375 -0.0269660949707031 0.0136966705322266
-0.08984375 0.5758056640625 -0.0165786743164063 0.0822219848632813
0.286834716796875 0.439544677734375 0.0707931518554688 0.0702438354492188
0.431304931640625 0.163177490234375 0.0815200805664063 0.048370361328125
0.451080322265625 -0.168365478515625 0.129837036132813 -0.0319366455078125
0.33978271484375 -0.318115234375 0.105087280273438 -0.0874481201171875
0.324859619140625 -0.280792236328125 0.0638504028320313 -0.0782928466796875
0.369720458984375 -0.320556640625 0.0619163513183594 -0.0359153747558594
0.45245361328125 -0.167266845703125 0.0162200927734375 -0.048431396484375
0.489471435546875 0.1458740234375 -0.0677337646484375 -0.0310478210449219
0.315155029296875 0.41534423828125 -0.0396347045898437 -0.115127563476562
-0.16058349609375 0.57403564453125 0.0474090576171875 -0.254531860351562
-0.463653564453125 0.489227294921875 0.24176025390625 -0.253662109375
-0.6146240234375 0.2420654296875 0.443695068359375 -0.134796142578125
-0.6353759765625 0.31964111328125 -0.177703857421875 -0.0120391845703125
-0.391571044921875 0.510223388671875 -0.115104675292969 0.100982666015625
-0.0689697265625 0.60784912109375 -0.0230789184570313 0.09613037109375
0.314361572265625 0.460113525390625 0.0128059387207031 0.0422286987304688
0.44964599609375 0.175201416015625 -0.0221710205078125 0.0520439147949219
0.475830078125 -0.16595458984375 0.0148811340332031 0.0413780212402344
0.361297607421875 -0.309417724609375 0.00717926025390628 0.042877197265625
0.3458251953125 -0.2734375 -0.0156517028808594 0.0533256530761719
0.392486572265625 -0.31195068359375 -0.0269241333007812 0.0910720825195312
0.466033935546875 -0.15570068359375 -0.0993499755859375 0.0396881103515625
0.501068115234375 0.1600341796875 -0.175521850585938 0.00686645507812504
0.32861328125 0.426116943359375 -0.113533020019531 -0.1134033203125
-0.1572265625 0.60369873046875 0.00559997558593747 -0.228897094726562
-0.470550537109375 0.527801513671875 0.146804809570312 -0.150177001953125
-0.6439208984375 0.2738037109375 0.217422485351562 -0.065460205078125
-0.54962158203125 0.33074951171875 -0.37982177734375 0.066802978515625
-0.322998046875 0.478485107421875 -0.203659057617188 0.189422607421875
-0.03228759765625 0.53594970703125 -0.0348587036132813 0.108993530273438
0.289642333984375 0.398773193359375 -0.051727294921875 0.0218048095703125
0.392974853515625 0.150482177734375 -0.119346618652344 0.0588760375976563
0.421905517578125 -0.140411376953125 -0.0977859497070312 0.112747192382813
0.325653076171875 -0.25738525390625 -0.0885009765625 0.165924072265625
0.3134765625 -0.226287841796875 -0.091400146484375 0.177169799804687
0.3599853515625 -0.25439453125 -0.115158081054687 0.204803466796875
0.406341552734375 -0.113311767578125 -0.204544067382812 0.120803833007813
0.4217529296875 0.156585693359375 -0.26141357421875 0.0374908447265625
0.260528564453125 0.369903564453125 -0.171417236328125 -0.1046142578125
-0.147857666015625 0.512237548828125 -0.0272369384765625 -0.182754516601562
-0.408203125 0.45111083984375 0.0493125915527343 -0.0378532409667968
-0.573486328125 0.251953125 -0.0136404037475586 0.00963878631591798
-0.380615234375 0.2852783203125 -0.55535888671875 0.13946533203125
-0.21087646484375 0.365631103515625 -0.284637451171875 0.260528564453125
0.00457763671874999 0.36944580078125 -0.0492172241210937 0.122695922851563
0.21044921875 0.267745971679688 -0.102836608886719 0.0137252807617188
0.265853881835938 0.101638793945313 -0.1871337890625 0.061309814453125
0.2972412109375 -0.090545654296875 -0.187698364257813 0.165679931640625
0.240310668945312 -0.164352416992187 -0.169158935546875 0.262161254882813
0.233535766601563 -0.14361572265625 -0.155227661132813 0.272506713867187
0.271347045898438 -0.15740966796875 -0.19140625 0.285308837890625
0.28717041015625 -0.045623779296875 -0.282928466796875 0.1767578125
0.2711181640625 0.140518188476563 -0.310150146484375 0.047515869140625
0.137710571289063 0.259185791015625 -0.199356079101563 -0.100616455078125
-0.13165283203125 0.3260498046875 -0.0412750244140625 -0.135345458984375
-0.285186767578125 0.289581298828125 -0.0343971252441407 0.05035400390625
-0.4095458984375 0.177947998046875 -0.213302612304688 0.0684967041015625
-0.151718139648438 0.199188232421875 -0.67926025390625 0.19573974609375
-0.0692138671875 0.204147338867187 -0.346160888671875 0.30938720703125
0.045074462890625 0.154449462890625 -0.0579833984375 0.1424560546875
0.103225708007813 0.0968551635742188 -0.124710083007813 0.0217056274414063
0.100845336914062 0.035186767578125 -0.209243774414063 0.0607452392578125
0.126930236816406 -0.0295639038085938 -0.236907958984375 0.190322875976562
0.114845275878906 -0.0469284057617187 -0.21875 0.3157958984375
0.117340087890625 -0.039642333984375 -0.19586181640625 0.32763671875
0.14300537109375 -0.0384979248046875 -0.24273681640625 0.323394775390625
0.129264831542969 0.0241012573242188 -0.326080322265625 0.19940185546875
0.0908966064453125 0.101394653320313 -0.32049560546875 0.037200927734375
0.00971984863281249 0.11614990234375 -0.201278686523437 -0.10235595703125
-0.0879287719726563 0.107009887695312 -0.0411911010742188 -0.100204467773438
-0.119277954101563 0.100662231445312 -0.0908050537109375 0.0994720458984375
-0.181015014648438 0.0860137939453125 -0.34906005859375 0.103271484375
-0.102622985839844 -0.0307235717773438 0.370147705078125 -0.200927734375
-0.0644302368164062 0.0849609375 0.116706848144531 -0.138740539550781
0.0263214111328125 0.109931945800781 0.00157928466796875 0.0762557983398438
0.0823974609375 0.0361175537109375 0.18096923828125 0.129226684570313
0.0928802490234375 -0.0270843505859375 0.293304443359375 0.01055908203125
0.0434722900390625 -0.083709716796875 0.319580078125 -0.20465087890625
0.00655364990234375 -0.104598999023438 0.253448486328125 -0.361083984375
0.00572204589843749 -0.0790481567382813 0.196014404296875 -0.35211181640625
0.00679779052734375 -0.0817642211914063 0.215301513671875 -0.31195068359375
0.0538444519042969 -0.0516204833984375 0.252685546875 -0.207626342773438
0.0684585571289063 0.01446533203125 0.191070556640625 -0.0938873291015625
0.0220794677734375 0.0719223022460938 0.121246337890625 -0.0636367797851563
-0.0636215209960937 0.0459365844726563 0.12249755859375 -0.185562133789063
-0.0979156494140625 -0.0128250122070313 0.35675048828125 -0.349945068359375
-0.0386772155761719 -0.0689620971679688 0.77783203125 -0.1983642578125
-0.3448486328125 0.09027099609375 0.33026123046875 -0.185577392578125
-0.212265014648437 0.244354248046875 0.104682922363281 -0.11700439453125
-0.03009033203125 0.30718994140625 -0.00585556030273438 0.0696945190429688
0.168563842773437 0.201187133789062 0.1529541015625 0.117660522460938
0.239517211914063 0.0457305908203125 0.246444702148438 0.029754638671875
0.213958740234375 -0.13568115234375 0.29229736328125 -0.16534423828125
0.142349243164063 -0.217117309570313 0.236602783203125 -0.310882568359375
0.13800048828125 -0.184463500976563 0.17449951171875 -0.304595947265625
0.15869140625 -0.203872680664063 0.194061279296875 -0.259979248046875
0.227493286132813 -0.115631103515625 0.206756591796875 -0.184051513671875
0.253463745117188 0.0635528564453125 0.131683349609375 -0.0824508666992188
0.14501953125 0.2188720703125 0.0878524780273438 -0.0849456787109375
-0.111770629882813 0.264892578125 0.108627319335937 -0.223983764648438
-0.259765625 0.192245483398438 0.354095458984375 -0.35931396484375
-0.286468505859375 0.05841064453125 0.751953125 -0.2183837890625
-0.53253173828125 0.20233154296875 0.2086181640625 -0.14739990234375
-0.32818603515625 0.38409423828125 0.0562362670898437 -0.0656661987304687
-0.068939208984375 0.4766845703125 -0.009490966796875 0.073089599609375
0.24542236328125 0.343902587890625 0.119972229003906 0.0963211059570313
0.3636474609375 0.110382080078125 0.177490234375 0.04071044921875
0.358428955078125 -0.174072265625 0.2291259765625 -0.111068725585938
0.258453369140625 -0.30084228515625 0.184585571289063 -0.219802856445313
0.24932861328125 -0.262832641601563 0.127090454101563 -0.21099853515625
0.284088134765625 -0.296966552734375 0.140243530273438 -0.166839599609375
0.367584228515625 -0.164276123046875 0.1231689453125 -0.130035400390625
0.409576416015625 0.101287841796875 0.040924072265625 -0.0620613098144531
0.25872802734375 0.339111328125 0.0308685302734375 -0.107109069824219
-0.13873291015625 0.460723876953125 0.0804901123046875 -0.254287719726562
-0.38641357421875 0.382965087890625 0.316375732421875 -0.33538818359375
-0.495758056640625 0.17987060546875 0.63629150390625 -0.202392578125
-0.63592529296875 0.2939453125 0.0318756103515625 -0.0879974365234375
-0.389556884765625 0.49005126953125 -0.0192127227783203 0.0110759735107422
-0.0733032226562499 0.594970703125 -0.012359619140625 0.0829086303710938
0.310760498046875 0.438751220703125 0.0760498046875 0.0681915283203125
0.449005126953125 0.151336669921875 0.08502197265625 0.04718017578125
0.45245361328125 -0.193389892578125 0.134025573730469 -0.0409469604492188
0.334686279296875 -0.342193603515625 0.105522155761719 -0.0979232788085938
0.3206787109375 -0.302215576171875 0.0599441528320313 -0.0860671997070313
0.36407470703125 -0.3446044921875 0.065643310546875 -0.0429534912109375
0.454254150390625 -0.190673828125 0.014892578125 -0.0503425598144531
0.5093994140625 0.12554931640625 -0.0674972534179687 -0.0267448425292969
0.340240478515625 0.4127197265625 -0.0424728393554687 -0.117828369140625
-0.1439208984375 0.59844970703125 0.039459228515625 -0.260848999023437
-0.45745849609375 0.5203857421875 0.242904663085937 -0.264617919921875
-0.62603759765625 0.27008056640625 0.4505615234375 -0.15081787109375
-0.64422607421875 0.347412109375 -0.174636840820313 -0.0106353759765625
-0.385101318359375 0.53729248046875 -0.106582641601563 0.104408264160156
-0.05242919921875 0.6298828125 -0.017578125 0.0975875854492188
0.343719482421875 0.456878662109375 0.0161666870117188 0.0419960021972657
0.470550537109375 0.16070556640625 -0.0205307006835937 0.0542221069335938
0.47930908203125 -0.19232177734375 0.0187110900878907 0.0376701354980469
0.356689453125 -0.3365478515625 0.0100288391113282 0.0393142700195312
0.34320068359375 -0.296844482421875 -0.0159759521484375 0.0519294738769531
0.390777587890625 -0.339263916015625 -0.021026611328125 0.0902328491210937
0.4688720703125 -0.180633544921875 -0.100105285644531 0.0442428588867188
0.5235595703125 0.137176513671875 -0.176239013671875 0.0149688720703125
0.353729248046875 0.423431396484375 -0.118263244628906 -0.114570617675781
-0.1383056640625 0.62713623046875 -0.00212097167968749 -0.233505249023437
-0.4627685546875 0.55743408203125 0.149566650390625 -0.15533447265625
-0.65728759765625 0.3031005859375 0.222000122070312 -0.0692901611328125
-0.554718017578125 0.355072021484375 -0.3809814453125 0.079254150390625
-0.3187255859375 0.503509521484375 -0.196792602539063 0.20013427734375
-0.016571044921875 0.555328369140625 -0.0287246704101562 0.111862182617188
0.318145751953125 0.39715576171875 -0.0499725341796875 0.0230560302734375
0.412872314453125 0.13885498046875 -0.120124816894531 0.0646286010742188
0.42578125 -0.164306640625 -0.0939178466796875 0.114776611328125
0.3232421875 -0.281524658203125 -0.0837554931640625 0.170211791992187
0.31353759765625 -0.24774169921875 -0.0897979736328125 0.182327270507813
0.358123779296875 -0.28082275390625 -0.107864379882813 0.209823608398437
0.410614013671875 -0.13519287109375 -0.2037353515625 0.13018798828125
0.441314697265625 0.14007568359375 -0.262969970703125 0.049102783203125
0.282867431640625 0.36865234375 -0.176467895507812 -0.103836059570312
-0.13421630859375 0.532501220703125 -0.0337982177734375 -0.18560791015625
-0.40350341796875 0.47686767578125 0.0511894226074218 -0.0364418029785156
-0.5867919921875 0.277099609375 -0.012960433959961 0.0164804458618164
-0.3853759765625 0.30328369140625 -0.559906005859375 0.160919189453125
-0.20751953125 0.385284423828125 -0.280044555664063 0.277816772460938
0.0146484375 0.38433837890625 -0.04339599609375 0.127113342285156
0.230621337890625 0.26666259765625 -0.102363586425781 0.0177154541015625
0.281219482421875 0.094635009765625 -0.189346313476562 0.0702667236328125
0.30145263671875 -0.108489990234375 -0.1849365234375 0.172866821289063
0.240005493164063 -0.1822509765625 -0.1627197265625 0.273483276367188
0.235015869140625 -0.160110473632813 -0.150970458984375 0.284271240234375
0.273788452148438 -0.177642822265625 -0.18328857421875 0.29693603515625
0.29327392578125 -0.061431884765625 -0.2813720703125 0.19024658203125
0.285858154296875 0.129974365234375 -0.3125 0.0609130859374999
0.153793334960937 0.261688232421875 -0.205596923828125 -0.0969238281249999
-0.124114990234375 0.34136962890625 -0.047271728515625 -0.136947631835937
-0.284912109375 0.30712890625 -0.0331268310546875 0.057952880859375
-0.42156982421875 0.1961669921875 -0.2166748046875 0.084686279296875
-0.154037475585938 0.20587158203125 -0.6864013671875 0.22491455078125
-0.0697784423828125 0.214111328125 -0.343017578125 0.331634521484375
0.0474700927734375 0.160629272460938 -0.05206298828125 0.147064208984375
0.112983703613281 0.0967330932617188 -0.124740600585938 0.0263748168945312
0.108955383300781 0.0333786010742187 -0.2117919921875 0.0687103271484375
0.130989074707031 -0.0374374389648438 -0.23504638671875 0.200775146484375
0.118087768554687 -0.0552749633789062 -0.21209716796875 0.331024169921875
0.120758056640625 -0.0483627319335938 -0.19024658203125 0.343170166015625
0.147232055664063 -0.0494842529296875 -0.234954833984375 0.3388671875
0.136482238769531 0.0163726806640625 -0.324981689453125 0.2147216796875
0.100830078125 0.09991455078125 -0.324737548828125 0.0507507324218751
0.0164566040039063 0.120597839355469 -0.20794677734375 -0.0976409912109375
-0.0859146118164062 0.115425109863281 -0.0460662841796875 -0.101402282714844
-0.122283935546875 0.107215881347656 -0.0915145874023438 0.109962463378906
-0.191055297851563 0.0936431884765625 -0.356048583984375 0.12567138671875
-0.102226257324219 -0.0248794555664063 0.37017822265625 -0.230987548828125
-0.0560226440429687 0.0848922729492187 0.115463256835938 -0.15350341796875
0.0334014892578125 0.105827331542969 0.00536346435546876 0.077056884765625
0.0818862915039063 0.0331039428710938 0.1893310546875 0.1202392578125
0.0889129638671875 -0.0318222045898438 0.296234130859375 -0.005615234375
0.036041259765625 -0.0865707397460937 0.31011962890625 -0.22479248046875
-0.00273895263671876 -0.104934692382813 0.234375 -0.381561279296875
-0.00171661376953125 -0.0772933959960938 0.177764892578125 -0.368896484375
-0.000923156738281246 -0.08001708984375 0.201751708984375 -0.3294677734375
0.0471992492675781 -0.055145263671875 0.244674682617187 -0.225204467773437
0.0686454772949219 0.00836181640625 0.188522338867188 -0.1053466796875
0.0268669128417969 0.0687751770019531 0.119087219238281 -0.0718917846679687
-0.0599746704101562 0.0494499206542969 0.114044189453125 -0.194717407226563
-0.0951461791992187 -0.00557708740234376 0.34429931640625 -0.37744140625
-0.0382194519042969 -0.0666656494140625 0.7767333984375 -0.24737548828125
-0.341644287109375 0.110748291015625 0.33184814453125 -0.213775634765625
-0.197235107421875 0.25360107421875 0.106796264648437 -0.130729675292969
-0.01312255859375 0.310455322265625 -0.0019073486328125 0.0701408386230469
0.178787231445312 0.193603515625 0.16162109375 0.108871459960938
0.242889404296875 0.0326690673828125 0.249954223632813 0.016204833984375
0.205245971679688 -0.151092529296875 0.286590576171875 -0.185272216796875
0.128280639648438 -0.228836059570312 0.220855712890625 -0.3311767578125
0.1263427734375 -0.193557739257812 0.158843994140625 -0.32086181640625
0.14447021484375 -0.216217041015625 0.182754516601563 -0.278305053710938
0.21881103515625 -0.131378173828125 0.198883056640625 -0.198333740234375
0.259780883789063 0.0451202392578125 0.130622863769531 -0.090362548828125
0.160888671875 0.210891723632813 0.0842132568359375 -0.0919342041015625
-0.09661865234375 0.27655029296875 0.098175048828125 -0.231796264648437
-0.247848510742188 0.212860107421875 0.341400146484375 -0.38720703125
-0.28472900390625 0.0765075683593751 0.75054931640625 -0.2628173828125
-0.527740478515625 0.233184814453125 0.211929321289062 -0.167526245117187
-0.3087158203125 0.402252197265625 0.0607070922851562 -0.0756759643554687
-0.044342041015625 0.486114501953125 -0.00455474853515625 0.0733871459960938
0.2686767578125 0.33203125 0.128005981445313 0.0894851684570313
0.3743896484375 0.0899658203125 0.18133544921875 0.0315399169921875
0.34869384765625 -0.199859619140625 0.226821899414063 -0.127593994140625
0.2403564453125 -0.323211669921875 0.173492431640625 -0.237060546875
0.234939575195313 -0.281112670898438 0.11492919921875 -0.223983764648438
0.266998291015625 -0.32086181640625 0.13525390625 -0.180984497070313
0.35955810546875 -0.190277099609375 0.1171875 -0.138191223144531
0.42120361328125 0.0731201171875 0.0406036376953125 -0.0629386901855469
0.283599853515625 0.327362060546875 0.0255813598632813 -0.111923217773437
-0.11328125 0.4788818359375 0.067657470703125 -0.260894775390625
-0.366607666015625 0.414093017578125 0.30450439453125 -0.35858154296875
-0.49237060546875 0.2119140625 0.63580322265625 -0.239501953125
-0.62921142578125 0.3309326171875 0.0354385375976562 -0.096954345703125
-0.365814208984375 0.515472412109375 -0.0107040405273438 0.00685691833496097
-0.04205322265625 0.61029052734375 -0.00502777099609376 0.0838699340820313
0.341278076171875 0.422515869140625 0.081756591796875 0.0641098022460938
0.46514892578125 0.124847412109375 0.0890731811523438 0.0440216064453125
0.443389892578125 -0.2281494140625 0.135032653808594 -0.0531463623046875
0.314208984375 -0.37115478515625 0.101585388183594 -0.109245300292969
0.3055419921875 -0.32696533203125 0.0532760620117188 -0.0932540893554688
0.346221923828125 -0.376800537109375 0.0664291381835938 -0.0526962280273438
0.44537353515625 -0.221893310546875 0.0125236511230469 -0.0504989624023438
0.52435302734375 0.091522216796875 -0.0675506591796875 -0.021453857421875
0.370208740234375 0.39794921875 -0.0498580932617187 -0.118919372558594
-0.1112060546875 0.617431640625 0.02667236328125 -0.263992309570312
-0.433319091796875 0.554351806640625 0.236236572265625 -0.28125
-0.6234130859375 0.30926513671875 0.450897216796875 -0.17413330078125
-0.6358642578125 0.38580322265625 -0.170211791992188 -0.00512695312499999
-0.360107421875 0.56512451171875 -0.0956192016601563 0.108505249023438
-0.0178833007812501 0.6444091796875 -0.01031494140625 0.0980224609375
0.377044677734375 0.441070556640625 0.0207481384277344 0.0397186279296875
0.488067626953125 0.13482666015625 -0.0171241760253906 0.0580177307128906
0.471435546875 -0.22705078125 0.0237388610839844 0.0324344635009765
0.339080810546875 -0.367095947265625 0.01361083984375 0.0352249145507812
0.329437255859375 -0.3226318359375 -0.0158920288085937 0.0515174865722656
0.37396240234375 -0.373077392578125 -0.0136489868164062 0.0879669189453125
0.4622802734375 -0.21258544921875 -0.0991287231445312 0.0504150390625
0.539337158203125 0.1038818359375 -0.174209594726562 0.0277252197265625
0.38555908203125 0.40826416015625 -0.125877380371094 -0.111732482910156
-0.10498046875 0.64703369140625 -0.0142669677734375 -0.234970092773438
-0.43914794921875 0.59234619140625 0.146575927734375 -0.16265869140625
-0.655517578125 0.34442138671875 0.222549438476562 -0.0790252685546875
-0.55010986328125 0.388275146484375 -0.37646484375 0.0983886718750001
-0.298004150390625 0.529449462890625 -0.182647705078125 0.212631225585938
0.01324462890625 0.57049560546875 -0.0203781127929687 0.113784790039063
0.34844970703125 0.381561279296875 -0.0465583801269531 0.0255584716796875
0.430328369140625 0.11517333984375 -0.117012023925781 0.0729217529296875
0.4207763671875 -0.196441650390625 -0.0865707397460937 0.116958618164062
0.31109619140625 -0.30865478515625 -0.0738067626953125 0.173858642578125
0.30267333984375 -0.27325439453125 -0.083343505859375 0.188339233398437
0.3453369140625 -0.3128662109375 -0.09478759765625 0.21466064453125
0.40765380859375 -0.163482666015625 -0.198150634765625 0.1434326171875
0.457763671875 0.11175537109375 -0.26092529296875 0.0663909912109375
0.30999755859375 0.3572998046875 -0.183807373046875 -0.0968475341796875
-0.10650634765625 0.55133056640625 -0.0443115234375 -0.185302734375
-0.384735107421875 0.507537841796875 0.0527801513671875 -0.0361404418945312
-0.5869140625 0.3125 -0.0116500854492188 0.0220298767089844
-0.379302978515625 0.326873779296875 -0.556793212890625 0.192626953125
-0.193450927734375 0.405120849609375 -0.26483154296875 0.298248291015625
0.034637451171875 0.395599365234375 -0.033782958984375 0.129981994628906
0.25360107421875 0.2564697265625 -0.100563049316406 0.0234222412109375
0.295440673828125 0.078338623046875 -0.186996459960937 0.0826263427734375
0.30010986328125 -0.130828857421875 -0.176132202148437 0.181991577148438
0.233428955078125 -0.20294189453125 -0.148101806640625 0.284820556640625
0.229476928710937 -0.179718017578125 -0.139556884765625 0.29620361328125
0.265914916992188 -0.202194213867187 -0.166717529296875 0.30859375
0.293487548828125 -0.083221435546875 -0.272872924804688 0.208023071289062
0.300384521484375 0.112274169921875 -0.310760498046875 0.080474853515625
0.17340087890625 0.256759643554688 -0.212753295898438 -0.0874481201171875
-0.10675048828125 0.35498046875 -0.055389404296875 -0.135597229003906
-0.273773193359375 0.3275146484375 -0.0296096801757813 0.0654640197753907
-0.42401123046875 0.222442626953125 -0.215484619140625 0.103515625
-0.150299072265625 0.213714599609375 -0.6829833984375 0.26715087890625
-0.0640716552734375 0.224395751953125 -0.328643798828125 0.356719970703125
0.053680419921875 0.164932250976563 -0.042144775390625 0.1514892578125
0.123336791992187 0.0921859741210937 -0.123321533203125 0.033233642578125
0.116508483886719 0.0277481079101563 -0.210586547851563 0.0813751220703125
0.132095336914063 -0.0470733642578125 -0.226730346679687 0.214401245117188
0.1173095703125 -0.0658340454101563 -0.195037841796875 0.34765625
0.120597839355469 -0.0597381591796875 -0.17413330078125 0.359710693359375
0.14678955078125 -0.0632476806640625 -0.217742919921875 0.357330322265625
0.140625 0.0053863525390625 -0.314300537109375 0.23516845703125
0.1109619140625 0.0930938720703125 -0.3233642578125 0.07061767578125
0.0264739990234375 0.122611999511719 -0.214889526367187 -0.087310791015625
-0.0805740356445312 0.123382568359375 -0.053070068359375 -0.0996780395507812
-0.120742797851563 0.116752624511719 -0.0871429443359375 0.12158203125
-0.195144653320313 0.105636596679687 -0.3558349609375 0.15435791015625
-0.0998764038085938 -0.0178985595703125 0.357879638671875 -0.257415771484375
-0.0469818115234375 0.0813064575195313 0.108779907226563 -0.165939331054688
0.0387115478515625 0.0992202758789063 0.0103225708007812 0.0756454467773438
0.0805587768554688 0.0289306640625 0.193588256835938 0.1064453125
0.0839767456054688 -0.0358734130859375 0.29150390625 -0.023895263671875
0.0277328491210937 -0.087127685546875 0.2926025390625 -0.240509033203125
-0.0125503540039063 -0.101318359375 0.209228515625 -0.39447021484375
-0.00868988037109375 -0.0737457275390625 0.15362548828125 -0.37677001953125
-0.00861358642578125 -0.0765151977539063 0.179931640625 -0.340087890625
0.0396347045898438 -0.055908203125 0.227813720703125 -0.237289428710938
0.0666770935058594 0.00156402587890625 0.18048095703125 -0.116104125976563
0.0301895141601563 0.0646743774414063 0.112953186035156 -0.078582763671875
-0.0546875 0.0526504516601562 0.101226806640625 -0.199905395507812
-0.0895538330078125 0.00169372558593751 0.31756591796875 -0.399444580078125
-0.037811279296875 -0.0636558532714844 0.7530517578125 -0.292236328125
-0.32958984375 0.12933349609375 0.32208251953125 -0.237945556640625
-0.176712036132812 0.256439208984375 0.103530883789062 -0.143020629882812
0.00524902343750003 0.305999755859375 0.00336074829101562 0.0687637329101563
0.1873779296875 0.17987060546875 0.166580200195313 0.096954345703125
0.240890502929688 0.0179290771484375 0.248092651367188 0.0016937255859375
0.18994140625 -0.162765502929687 0.271865844726563 -0.201171875
0.109390258789062 -0.234451293945313 0.1978759765625 -0.34417724609375
0.110671997070313 -0.197769165039063 0.1365966796875 -0.328582763671875
0.126449584960938 -0.222335815429688 0.1651611328125 -0.288818359375
0.20477294921875 -0.143173217773438 0.184921264648438 -0.207275390625
0.258636474609375 0.0245208740234375 0.124732971191406 -0.0970077514648437
0.172683715820312 0.197174072265625 0.077117919921875 -0.0970687866210937
-0.078033447265625 0.282073974609375 0.0840301513671875 -0.235031127929687
-0.228179931640625 0.228683471679688 0.31884765625 -0.4049072265625
-0.2762451171875 0.09405517578125 0.726318359375 -0.3050537109375
-0.508514404296875 0.260284423828125 0.207168579101562 -0.186126708984375
-0.27935791015625 0.4105224609375 0.0630264282226562 -0.08599853515625
-0.01416015625 0.4842529296875 0.0018157958984375 0.0713119506835938
0.28466796875 0.31024169921875 0.133064270019531 0.0793533325195313
0.374847412109375 0.06585693359375 0.181427001953125 0.02099609375
0.328948974609375 -0.2208251953125 0.217086791992188 -0.142333984375
0.21380615234375 -0.33587646484375 0.156784057617188 -0.2484130859375
0.212646484375 -0.292755126953125 0.0977935791015625 -0.230178833007813
0.239898681640625 -0.33642578125 0.124343872070313 -0.191299438476563
0.340789794921875 -0.211639404296875 0.10736083984375 -0.143310546875
0.421661376953125 0.0411376953125 0.0382652282714844 -0.0644454956054688
0.301605224609375 0.3045654296875 0.017974853515625 -0.113212585449219
-0.082794189453125 0.48529052734375 0.0523529052734375 -0.261123657226562
-0.335968017578125 0.434234619140625 0.2835693359375 -0.373260498046875
-0.476531982421875 0.239776611328125 0.61553955078125 -0.2750244140625
-0.60540771484375 0.36212158203125 0.0378799438476562 -0.103973388671875
-0.33099365234375 0.526519775390625 -0.0024070739746094 0.00125145912170413
-0.00555419921874995 0.60833740234375 0.0016937255859375 0.0815887451171875
0.364105224609375 0.394622802734375 0.0861129760742188 0.0567550659179688
0.467315673828125 0.09454345703125 0.0921249389648438 0.0391693115234375
0.420928955078125 -0.2547607421875 0.132057189941406 -0.0644989013671875
0.285552978515625 -0.3895263671875 0.093536376953125 -0.118125915527344
0.2806396484375 -0.3433837890625 0.0447769165039063 -0.0961685180664063
0.315948486328125 -0.398651123046875 0.0641212463378906 -0.0604515075683594
0.423095703125 -0.248809814453125 0.00954055786132815 -0.0505943298339844
0.524322509765625 0.05224609375 -0.0653266906738281 -0.0162773132324219
0.39276123046875 0.369384765625 -0.0568084716796875 -0.116775512695312
-0.07220458984375 0.6226806640625 0.011932373046875 -0.261703491210937
-0.394775390625 0.57867431640625 0.220977783203125 -0.29241943359375
-0.60455322265625 0.343505859375 0.435882568359375 -0.197296142578125
-0.61260986328125 0.4169921875 -0.162353515625 -0.000274658203125006
-0.32476806640625 0.57989501953125 -0.0806503295898438 0.108642578125
0.0200195312500001 0.6446533203125 -0.00138092041015625 0.0960922241210938
0.402435302734375 0.411468505859375 0.0249290466308594 0.0366554260253906
0.4945068359375 0.101715087890625 -0.0121536254882812 0.0594825744628906
0.450164794921875 -0.258880615234375 0.0266571044921875 0.0264129638671875
0.310638427734375 -0.38897705078125 0.0157260894775391 0.0299644470214844
0.305694580078125 -0.341461181640625 -0.015960693359375 0.0515403747558594
0.342987060546875 -0.398101806640625 -0.00711059570312498 0.0828018188476562
0.442352294921875 -0.24261474609375 -0.0939102172851562 0.0562973022460937
0.540191650390625 0.063079833984375 -0.16790771484375 0.03863525390625
0.4083251953125 0.37872314453125 -0.132041931152344 -0.104118347167969
-0.06573486328125 0.65081787109375 -0.0272064208984375 -0.230361938476562
-0.39892578125 0.6141357421875 0.139419555664062 -0.167953491210937
-0.6348876953125 0.38006591796875 0.216522216796875 -0.0886993408203125
-0.52587890625 0.413909912109375 -0.362030029296875 0.116546630859375
-0.265411376953125 0.542388916015625 -0.16290283203125 0.2197265625
0.04681396484375 0.5709228515625 -0.0104446411132812 0.112045288085938
0.371246337890625 0.354339599609375 -0.0423240661621094 0.0272407531738281
0.436248779296875 0.08599853515625 -0.109176635742187 0.0807037353515625
0.40283203125 -0.22314453125 -0.0771560668945312 0.116867065429687
0.287811279296875 -0.32977294921875 -0.0623626708984375 0.173492431640625
0.282684326171875 -0.291717529296875 -0.0739288330078125 0.191268920898437
0.319580078125 -0.33685302734375 -0.0795745849609375 0.214935302734375
0.391632080078125 -0.190948486328125 -0.187103271484375 0.15423583984375
0.460296630859375 0.07684326171875 -0.251022338867187 0.081939697265625
0.32952880859375 0.33563232421875 -0.18817138671875 -0.085693359375
-0.0735168457031249 0.55419921875 -0.05352783203125 -0.179428100585937
-0.351409912109375 0.526458740234375 0.053375244140625 -0.0361557006835937
-0.57025146484375 0.344970703125 -0.00929832458496097 0.0257587432861328
-0.363189697265625 0.3427734375 -0.53668212890625 0.2237548828125
-0.171295166015625 0.415985107421875 -0.240509033203125 0.31256103515625
0.05517578125 0.3966064453125 -0.023284912109375 0.129142761230469
0.26959228515625 0.237075805664063 -0.0958175659179687 0.0283584594726563
0.300811767578125 0.05828857421875 -0.178268432617187 0.0932769775390625
0.288909912109375 -0.151519775390625 -0.16265869140625 0.186843872070312
0.218124389648438 -0.219985961914063 -0.128448486328125 0.2890625
0.216903686523438 -0.194656372070312 -0.12164306640625 0.301910400390625
0.248809814453125 -0.22198486328125 -0.145263671875 0.312835693359375
0.2850341796875 -0.103790283203125 -0.255996704101563 0.221038818359375
0.30584716796875 0.08819580078125 -0.299713134765625 0.0997314453125
0.188583374023437 0.243865966796875 -0.215576171875 -0.0742034912109374
-0.084930419921875 0.359283447265625 -0.0623245239257813 -0.12957763671875
-0.253753662109375 0.342498779296875 -0.0233612060546875 0.0698966979980469
-0.4150390625 0.245635986328125 -0.206924438476563 0.119781494140625
-0.141586303710938 0.2177734375 -0.66046142578125 0.30615234375
-0.053863525390625 0.230194091796875 -0.302825927734375 0.377288818359375
0.060546875 0.165573120117188 -0.0310821533203125 0.15093994140625
0.129959106445313 0.0834884643554688 -0.118972778320313 0.0402603149414062
0.120437622070313 0.0200424194335937 -0.202774047851563 0.093597412109375
0.129104614257813 -0.0575027465820312 -0.2115478515625 0.224319458007813
0.113235473632813 -0.075653076171875 -0.1708984375 0.356170654296875
0.117752075195313 -0.0691680908203125 -0.15203857421875 0.367401123046875
0.141708374023438 -0.07611083984375 -0.192413330078125 0.364898681640625
0.140480041503906 -0.0066070556640625 -0.295196533203125 0.250823974609375
0.118240356445312 0.083770751953125 -0.314056396484375 0.09039306640625
0.0364303588867188 0.120323181152344 -0.217041015625 -0.0730895996093749
-0.07257080078125 0.128814697265625 -0.0589599609375 -0.0945053100585937
-0.115692138671875 0.123855590820313 -0.078125 0.130332946777344
-0.193618774414063 0.117462158203125 -0.343292236328125 0.1800537109375
-0.0946807861328125 -0.0138473510742188 0.3419189453125 -0.272674560546875
-0.0396728515625 0.0755462646484375 0.102615356445312 -0.173736572265625
0.0411224365234375 0.0908203125 0.0135498046875 0.0718460083007813
0.0771942138671875 0.02520751953125 0.19293212890625 0.093994140625
0.0791091918945313 -0.037445068359375 0.281463623046875 -0.034881591796875
0.0210113525390625 -0.0853500366210938 0.273880004882812 -0.244369506835937
-0.0195770263671875 -0.0957412719726562 0.18414306640625 -0.39361572265625
-0.0132637023925781 -0.0686836242675781 0.133880615234375 -0.37481689453125
-0.0130767822265625 -0.0719375610351563 0.16131591796875 -0.338409423828125
0.0330619812011719 -0.054443359375 0.211654663085938 -0.239822387695313
0.0625457763671875 -0.00339508056640625 0.1707763671875 -0.120132446289062
0.0320587158203125 0.0589790344238281 0.106697082519531 -0.0814437866210938
-0.0486793518066406 0.0528984069824219 0.0902252197265625 -0.198577880859375
-0.0825271606445313 0.00604248046874999 0.29290771484375 -0.404205322265625
-0.0360603332519531 -0.0603179931640625 0.7183837890625 -0.31463623046875
-0.314056396484375 0.13800048828125 0.309173583984375 -0.2528076171875
-0.159149169921875 0.249984741210938 0.099700927734375 -0.152053833007812
0.01641845703125 0.294525146484375 0.00755691528320313 0.0648117065429688
0.188018798828125 0.167007446289062 0.166122436523438 0.0853118896484375
0.234283447265625 0.007659912109375 0.24066162109375 -0.0086517333984375
0.174163818359375 -0.1669921875 0.255569458007813 -0.207443237304688
0.09246826171875 -0.232345581054688 0.1767578125 -0.345123291015625
0.097930908203125 -0.195327758789063 0.118499755859375 -0.326416015625
0.109375 -0.221878051757813 0.149322509765625 -0.290374755859375
0.189300537109375 -0.147705078125 0.172286987304688 -0.20867919921875
0.250869750976563 0.0091705322265625 0.117866516113281 -0.0992279052734375
0.176666259765625 0.183029174804688 0.0705413818359375 -0.0982513427734375
-0.0615997314453125 0.279693603515625 0.0727386474609375 -0.23162841796875
-0.208709716796875 0.233810424804688 0.2939453125 -0.40997314453125
-0.264556884765625 0.103546142578125 0.6944580078125 -0.32568359375
-0.485198974609375 0.272369384765625 0.201065063476562 -0.197052001953125
-0.25360107421875 0.404754638671875 0.0641860961914062 -0.0943069458007812
0.00598144531249998 0.471435546875 0.0067138671875 0.0670585632324219
0.28826904296875 0.287841796875 0.133255004882813 0.0691604614257813
0.367889404296875 0.04779052734375 0.178024291992188 0.013092041015625
0.306549072265625 -0.23095703125 0.206024169921875 -0.15081787109375
0.189605712890625 -0.338134765625 0.141525268554687 -0.251602172851563
0.192840576171875 -0.293212890625 0.0842132568359375 -0.227752685546875
0.214996337890625 -0.33966064453125 0.113525390625 -0.1953125
0.318145751953125 -0.222259521484375 0.0994873046875 -0.142898559570312
0.410552978515625 0.017852783203125 0.0363960266113281 -0.0639533996582031
0.30670166015625 0.282867431640625 0.0119476318359375 -0.111083984375
-0.058135986328125 0.479339599609375 0.0413818359375 -0.25537109375
-0.305572509765625 0.43853759765625 0.264495849609375 -0.3760986328125
-0.456207275390625 0.253509521484375 0.586669921875 -0.28997802734375
-0.576904296875 0.37554931640625 0.0388717651367187 -0.10980224609375
-0.30084228515625 0.521728515625 0.00441503524780272 -0.00545644760131833
0.019775390625 0.5958251953125 0.00726318359375 0.076416015625
0.3709716796875 0.36602783203125 0.0874481201171875 0.0487899780273438
0.458831787109375 0.071929931640625 0.0927810668945313 0.0345077514648438
0.39508056640625 -0.26959228515625 0.12615966796875 -0.07220458984375
0.256683349609375 -0.3961181640625 0.0851516723632813 -0.122688293457031
0.257476806640625 -0.34661865234375 0.0378036499023438 -0.0956268310546875
0.284027099609375 -0.40447998046875 0.0604057312011719 -0.0652923583984375
0.397064208984375 -0.2618408203125 0.00807571411132815 -0.0484123229980469
0.51202392578125 0.0238037109375 -0.0619888305664062 -0.0125885009765625
0.397705078125 0.343902587890625 -0.0608596801757812 -0.110794067382812
-0.0443115234375 0.6123046875 0.00222778320312502 -0.253662109375
-0.35980224609375 0.5816650390625 0.206695556640625 -0.29327392578125
-0.576904296875 0.35894775390625 0.4166259765625 -0.208160400390625
-0.58428955078125 0.42816162109375 -0.152328491210938 0.00131225585937505
-0.29296875 0.5750732421875 -0.0677261352539063 0.10400390625
0.04583740234375 0.63201904296875 0.00531768798828124 0.0907897949218751
0.410797119140625 0.380889892578125 0.0272655487060547 0.0323371887207031
0.486053466796875 0.07586669921875 -0.00688934326171872 0.0588760375976563
0.422637939453125 -0.272979736328125 0.0279788970947266 0.0194664001464844
0.28509521484375 -0.396270751953125 0.0158271789550781 0.0245895385742187
0.283050537109375 -0.34716796875 -0.0150070190429687 0.0509490966796875
0.31182861328125 -0.40753173828125 -0.00273895263671873 0.0767059326171875
0.4163818359375 -0.256591796875 -0.0879592895507812 0.0592193603515625
0.52880859375 0.034149169921875 -0.15960693359375 0.0449066162109375
0.412322998046875 0.352630615234375 -0.132911682128906 -0.0956192016601562
-0.037353515625 0.6397705078125 -0.0344390869140625 -0.221221923828125
-0.3612060546875 0.615478515625 0.1318359375 -0.168624877929687
-0.60968017578125 0.3939208984375 0.207565307617188 -0.0920257568359375
-0.501312255859375 0.421356201171875 -0.34393310546875 0.124969482421875
-0.23895263671875 0.539825439453125 -0.1436767578125 0.217453002929688
0.0679016113281251 0.56158447265625 -0.00315093994140626 0.107261657714844
0.378326416015625 0.328277587890625 -0.038421630859375 0.02642822265625
0.431243896484375 0.064178466796875 -0.101142883300781 0.0837249755859375
0.38031005859375 -0.238189697265625 -0.06988525390625 0.111976623535156
0.2633056640625 -0.337890625 -0.053314208984375 0.168960571289062
0.2628173828125 -0.29815673828125 -0.06573486328125 0.190109252929687
0.292999267578125 -0.345947265625 -0.0681915283203125 0.208114624023438
0.371368408203125 -0.20538330078125 -0.174179077148437 0.157211303710938
0.4512939453125 0.051361083984375 -0.237777709960937 0.09100341796875
0.335205078125 0.3126220703125 -0.186447143554687 -0.0755615234375
-0.049774169921875 0.546630859375 -0.0582427978515625 -0.17120361328125
-0.321044921875 0.528533935546875 0.0534172058105469 -0.0352821350097656
-0.548095703125 0.35943603515625 -0.00758552551269534 0.0287628173828125
-0.345550537109375 0.346038818359375 -0.51068115234375 0.2376708984375
-0.153350830078125 0.41546630859375 -0.2177734375 0.314117431640625
0.06927490234375 0.390716552734375 -0.0155029296875 0.124984741210938
0.274444580078125 0.218185424804687 -0.0904006958007813 0.0303268432617188
0.29852294921875 0.04302978515625 -0.167770385742187 0.0988311767578125
0.273849487304688 -0.1632080078125 -0.149948120117188 0.185287475585938
0.203475952148438 -0.227493286132813 -0.112060546875 0.284759521484375
0.20367431640625 -0.201995849609375 -0.106658935546875 0.300537109375
0.230743408203125 -0.231842041015625 -0.127593994140625 0.30792236328125
0.272323608398437 -0.11700439453125 -0.239089965820312 0.226547241210938
0.3028564453125 0.070068359375 -0.284637451171875 0.109405517578125
0.195602416992188 0.230117797851562 -0.212615966796875 -0.0637359619140625
-0.0689697265625 0.356414794921875 -0.065948486328125 -0.122688293457031
-0.23486328125 0.345062255859375 -0.0174331665039063 0.0725555419921875
-0.400482177734375 0.25592041015625 -0.1956787109375 0.129135131835938
-0.134353637695313 0.215805053710937 -0.629150390625 0.32501220703125
-0.0467376708984375 0.229843139648438 -0.27838134765625 0.382080078125
0.0633087158203125 0.164627075195313 -0.0237884521484375 0.146514892578125
0.131462097167969 0.075469970703125 -0.112625122070313 0.0433273315429688
0.120437622070313 0.0144119262695313 -0.191848754882813 0.100311279296875
0.124282836914063 -0.06298828125 -0.196990966796875 0.224365234375
0.108596801757813 -0.0817413330078125 -0.150604248046875 0.3533935546875
0.112876892089844 -0.0758285522460938 -0.131866455078125 0.36505126953125
0.134063720703125 -0.0837249755859375 -0.1708984375 0.3619384765625
0.136711120605469 -0.0162811279296875 -0.274551391601562 0.256011962890625
0.120048522949219 0.0747604370117188 -0.29901123046875 0.102386474609375
0.0420379638671875 0.116561889648438 -0.213882446289062 -0.06146240234375
-0.0663223266601563 0.129547119140625 -0.0615310668945312 -0.0879745483398437
-0.109947204589844 0.126434326171875 -0.069549560546875 0.134262084960938
-0.189407348632813 0.123062133789063 -0.3262939453125 0.19378662109375
-0.0901565551757813 -0.0116958618164063 0.3319091796875 -0.2784423828125
-0.0365867614746094 0.068389892578125 0.0990753173828125 -0.179244995117188
0.0400772094726562 0.0838088989257813 0.0147933959960938 0.0682792663574219
0.0749053955078125 0.0236434936523438 0.189071655273438 0.086822509765625
0.075347900390625 -0.03753662109375 0.272369384765625 -0.0395965576171875
0.0165023803710938 -0.0832595825195313 0.262191772460938 -0.242584228515625
-0.0231781005859375 -0.0900955200195313 0.172149658203125 -0.38775634765625
-0.0151100158691406 -0.0637893676757813 0.12371826171875 -0.36920166015625
-0.0156631469726562 -0.0679435729980469 0.153076171875 -0.33453369140625
0.0288200378417969 -0.0527076721191406 0.20281982421875 -0.237045288085938
0.0585746765136719 -0.006744384765625 0.164337158203125 -0.12017822265625
0.0311927795410156 0.0547027587890625 0.102165222167969 -0.0816268920898437
-0.0443916320800781 0.0515480041503906 0.08441162109375 -0.1959228515625
-0.0759429931640625 0.00769805908203124 0.278045654296875 -0.402130126953125
-0.0331268310546875 -0.0585060119628906 0.69549560546875 -0.318359375
-0.30377197265625 0.1390380859375 0.30078125 -0.25909423828125
-0.1513671875 0.23944091796875 0.0987396240234375 -0.159194946289062
0.01971435546875 0.28509521484375 0.00960159301757812 0.0611114501953125
0.184921264648438 0.158355712890625 0.16314697265625 0.077850341796875
0.228057861328125 0.00335693359375 0.23382568359375 -0.0118560791015625
0.163742065429688 -0.166030883789063 0.24560546875 -0.208160400390625
0.08270263671875 -0.227798461914063 0.165008544921875 -0.342254638671875
0.0913543701171875 -0.1910400390625 0.109100341796875 -0.320770263671875
0.0994110107421875 -0.218185424804687 0.14166259765625 -0.28814697265625
0.179214477539062 -0.147293090820313 0.1651611328125 -0.205322265625
0.243194580078125 0.000946044921875 0.113311767578125 -0.0986862182617188
0.175369262695313 0.173446655273438 0.0671768188476563 -0.0973052978515625
-0.052947998046875 0.27532958984375 0.067962646484375 -0.227432250976563
-0.194992065429687 0.232574462890625 0.28173828125 -0.40911865234375
-0.25592041015625 0.10589599609375 0.67169189453125 -0.327880859375
-0.471160888671875 0.2718505859375 0.198272705078125 -0.203048706054687
-0.240234375 0.391754150390625 0.0659332275390625 -0.102188110351562
0.012481689453125 0.46051025390625 0.00855636596679688 0.0630455017089844
0.28668212890625 0.2760009765625 0.131324768066406 0.0628204345703125
0.358978271484375 0.040435791015625 0.174484252929688 0.0106353759765625
0.290191650390625 -0.2320556640625 0.198455810546875 -0.15277099609375
0.17572021484375 -0.33453369140625 0.132400512695313 -0.251449584960938
0.182647705078125 -0.289398193359375 0.0774993896484375 -0.223907470703125
0.198822021484375 -0.3363037109375 0.108016967773438 -0.195571899414063
0.3023681640625 -0.2230224609375 0.095672607421875 -0.139602661132812
0.39947509765625 0.005859375 0.0345649719238282 -0.0626411437988281
0.305389404296875 0.2696533203125 0.0100021362304688 -0.108390808105469
-0.047210693359375 0.472442626953125 0.0380706787109375 -0.249603271484375
-0.28692626953125 0.435546875 0.25384521484375 -0.373992919921875
-0.44207763671875 0.254974365234375 0.5687255859375 -0.29058837890625
-0.561920166015625 0.371368408203125 0.0412216186523437 -0.114814758300781
-0.285980224609375 0.5084228515625 0.00960540771484373 -0.0135507583618164
0.02911376953125 0.5841064453125 0.00994873046875 0.0716476440429688
0.36883544921875 0.35003662109375 0.0864181518554688 0.044342041015625
0.450714111328125 0.061737060546875 0.0926055908203125 0.033172607421875
0.378082275390625 -0.271636962890625 0.122100830078125 -0.0768585205078125
0.240478515625 -0.393524169921875 0.0797805786132813 -0.12493896484375
0.245361328125 -0.34332275390625 0.03399658203125 -0.0940933227539063
0.265899658203125 -0.40264892578125 0.0583000183105469 -0.0686798095703125
0.37994384765625 -0.26458740234375 0.00798416137695314 -0.0467872619628906
0.4974365234375 0.00970458984375 -0.0590095520019531 -0.0103111267089844
0.39495849609375 0.328125 -0.0615310668945312 -0.107208251953125
-0.03192138671875 0.60302734375 0.000259399414062475 -0.246490478515625
-0.3380126953125 0.57440185546875 0.199554443359375 -0.290740966796875
-0.5631103515625 0.36029052734375 0.402923583984375 -0.207611083984375
-0.57025146484375 0.4248046875 -0.1434326171875 -0.002227783203125
-0.2803955078125 0.56329345703125 -0.0591049194335938 0.0965042114257813
0.05572509765625 0.62127685546875 0.00739288330078126 0.0853195190429688
0.40802001953125 0.362579345703125 0.028158187866211 0.0297660827636719
0.478424072265625 0.066802978515625 -0.00329589843749997 0.058746337890625
0.4053955078125 -0.275848388671875 0.0281238555908203 0.0140495300292969
0.26702880859375 -0.395294189453125 0.0153350830078125 0.0206222534179687
0.269256591796875 -0.346160888671875 -0.0150070190429687 0.0505218505859375
0.29248046875 -0.40570068359375 -0.00107574462890623 0.0714263916015625
0.39910888671875 -0.26153564453125 -0.0833053588867187 0.0595550537109375
0.51666259765625 0.01959228515625 -0.152557373046875 0.0469970703125
0.40966796875 0.3382568359375 -0.1312255859375 -0.0908203125
-0.02587890625 0.6298828125 -0.035552978515625 -0.214614868164063
-0.34356689453125 0.60784912109375 0.129531860351562 -0.165664672851562
-0.594970703125 0.3948974609375 0.201522827148437 -0.0905609130859375
-0.4912109375 0.417022705078125 -0.329071044921875 0.1229248046875
-0.228851318359375 0.53070068359375 -0.132125854492188 0.211532592773438
0.0772705078124999 0.5537109375 -0.000648498535156247 0.101997375488281
0.377166748046875 0.312286376953125 -0.0359573364257812 0.0249862670898438
0.42413330078125 0.0548095703125 -0.0944595336914062 0.0841827392578125
0.365753173828125 -0.242279052734375 -0.0655288696289062 0.106040954589844
0.248931884765625 -0.340301513671875 -0.049102783203125 0.16290283203125
0.252288818359375 -0.299041748046875 -0.0613861083984375 0.187545776367187
0.275726318359375 -0.347320556640625 -0.0628814697265625 0.200759887695313
0.35626220703125 -0.209625244140625 -0.16583251953125 0.156951904296875
0.44189453125 0.03887939453125 -0.227813720703125 0.09295654296875
0.3341064453125 0.300750732421875 -0.183135986328125 -0.0701446533203125
-0.039764404296875 0.537353515625 -0.0584259033203125 -0.165023803710937
-0.305206298828125 0.520751953125 0.0549850463867187 -0.0339813232421875
-0.535003662109375 0.3597412109375 -0.00690460205078129 0.0313587188720703
-0.3387451171875 0.340911865234375 -0.493194580078125 0.239105224609375
-0.146148681640625 0.410125732421875 -0.20343017578125 0.310302734375
0.07427978515625 0.3883056640625 -0.0133132934570312 0.120689392089844
0.273345947265625 0.208145141601562 -0.0869522094726562 0.0306854248046875
0.29510498046875 0.036956787109375 -0.159576416015625 0.100341796875
0.264877319335938 -0.166488647460938 -0.143035888671875 0.180038452148438
0.19244384765625 -0.230880737304688 -0.104202270507813 0.278839111328125
0.19659423828125 -0.204315185546875 -0.09918212890625 0.29583740234375
0.218551635742188 -0.2337646484375 -0.119049072265625 0.300262451171875
0.262832641601563 -0.121795654296875 -0.227813720703125 0.223602294921875
0.29754638671875 0.0606689453125 -0.27294921875 0.112075805664063
0.195816040039063 0.222305297851563 -0.207656860351563 -0.05792236328125
-0.06195068359375 0.35162353515625 -0.0655670166015625 -0.117668151855469
-0.2254638671875 0.341217041015625 -0.0134124755859375 0.073699951171875
-0.392547607421875 0.257354736328125 -0.188995361328125 0.132156372070313
-0.134536743164063 0.210617065429688 -0.60821533203125 0.32830810546875
-0.04425048828125 0.228713989257813 -0.26171875 0.380401611328125
0.064056396484375 0.165420532226562 -0.020782470703125 0.142959594726562
0.130287170410156 0.0722808837890625 -0.108566284179687 0.0442581176757813
0.120780944824219 0.0119476318359375 -0.184326171875 0.10052490234375
0.121963500976563 -0.0646133422851563 -0.18817138671875 0.221298217773438
0.105300903320313 -0.0855026245117188 -0.139862060546875 0.3480224609375
0.1097412109375 -0.0786209106445313 -0.12213134765625 0.35870361328125
0.129554748535156 -0.08673095703125 -0.159881591796875 0.35552978515625
0.133255004882813 -0.0209808349609375 -0.262069702148438 0.253005981445312
0.120941162109375 0.0689239501953125 -0.286224365234375 0.105560302734375
0.0449981689453125 0.114013671875 -0.208709716796875 -0.0556488037109375
-0.0631484985351563 0.128860473632813 -0.0613327026367187 -0.0837478637695313
-0.107658386230469 0.126510620117188 -0.0642776489257813 0.13580322265625
-0.18768310546875 0.125228881835937 -0.316131591796875 0.19805908203125
-0.0870437622070313 -0.0111312866210938 0.33203125 -0.283905029296875
-0.0360527038574219 0.0633735656738281 0.0984954833984375 -0.187179565429688
0.0380172729492188 0.0802154541015625 0.0156326293945313 0.0665283203125
0.0736618041992187 0.023681640625 0.188247680664063 0.084259033203125
0.074798583984375 -0.03802490234375 0.270034790039063 -0.03961181640625
0.0132217407226562 -0.0821762084960938 0.259933471679687 -0.241973876953125
-0.0252304077148438 -0.087799072265625 0.169342041015625 -0.387786865234375
-0.0157051086425781 -0.0613288879394531 0.123443603515625 -0.36920166015625
-0.0181694030761719 -0.0652961730957031 0.15399169921875 -0.335296630859375
0.0262222290039063 -0.0503463745117187 0.202468872070313 -0.236160278320313
0.0562210083007813 -0.00841903686523438 0.16290283203125 -0.119125366210938
0.0307235717773437 0.0524711608886719 0.101020812988281 -0.0819778442382813
-0.0417823791503906 0.05084228515625 0.08380126953125 -0.196762084960937
-0.07122802734375 0.00782012939453125 0.27569580078125 -0.405670166015625
-0.03070068359375 -0.0586662292480469 0.694091796875 -0.3177490234375
-0.30242919921875 0.138427734375 0.303192138671875 -0.26593017578125
-0.15142822265625 0.233291625976563 0.099639892578125 -0.1678466796875
0.018524169921875 0.28326416015625 0.0101890563964844 0.058258056640625
0.183303833007812 0.157394409179687 0.162109375 0.0752105712890625
0.227401733398438 0.0030517578125 0.23284912109375 -0.011932373046875
0.159103393554688 -0.166458129882813 0.243804931640625 -0.209671020507813
0.079010009765625 -0.226837158203125 0.1617431640625 -0.344482421875
0.0902862548828125 -0.189910888671875 0.10894775390625 -0.321258544921875
0.0953521728515625 -0.217529296875 0.141998291015625 -0.290283203125
0.175338745117188 -0.147415161132813 0.164627075195313 -0.20489501953125
0.240463256835938 -0.0027923583984375 0.113533020019531 -0.0977859497070313
0.175689697265625 0.172348022460938 0.0664825439453125 -0.0969696044921875
-0.0502166748046875 0.276596069335938 0.068328857421875 -0.227920532226562
-0.19000244140625 0.233840942382813 0.280670166015625 -0.411865234375
-0.2547607421875 0.1055908203125 0.67169189453125 -0.3267822265625
-0.471405029296875 0.27105712890625 0.201065063476562 -0.21026611328125
-0.241546630859375 0.385284423828125 0.068695068359375 -0.111038208007812
0.013641357421875 0.4600830078125 0.00934219360351562 0.0602836608886719
0.284637451171875 0.27130126953125 0.130378723144531 0.060089111328125
0.3592529296875 0.03955078125 0.175262451171875 0.0105133056640625
0.285736083984375 -0.233367919921875 0.196670532226563 -0.15570068359375
0.17022705078125 -0.335235595703125 0.129989624023438 -0.25445556640625
0.181488037109375 -0.290008544921875 0.0762176513671875 -0.22412109375
0.19317626953125 -0.337554931640625 0.108154296875 -0.19818115234375
0.29852294921875 -0.224578857421875 0.0964126586914063 -0.139129638671875
0.396240234375 0.00091552734375 0.0355720520019532 -0.061798095703125
0.3065185546875 0.26806640625 0.00911712646484378 -0.108428955078125
-0.04510498046875 0.474395751953125 0.0387115478515625 -0.248931884765625
-0.282684326171875 0.436614990234375 0.254791259765625 -0.375946044921875
-0.444671630859375 0.255401611328125 0.56878662109375 -0.28802490234375
-0.5662841796875 0.3697509765625 0.0454940795898437 -0.121437072753906
-0.28778076171875 0.504730224609375 0.0140533447265625 -0.0215911865234375
0.03143310546875 0.584228515625 0.0101356506347656 0.0692596435546875
0.368896484375 0.346038818359375 0.0868301391601563 0.0423202514648438
0.450927734375 0.060150146484375 0.0945663452148438 0.03369140625
0.372222900390625 -0.274810791015625 0.121871948242188 -0.0811691284179688
0.2340087890625 -0.3951416015625 0.078033447265625 -0.128395080566406
0.24444580078125 -0.345672607421875 0.0333251953125 -0.0929794311523438
0.258514404296875 -0.4049072265625 0.0582962036132813 -0.0717544555664063
0.3763427734375 -0.267608642578125 0.00964355468750002 -0.0461578369140625
0.49639892578125 0.004150390625 -0.0576324462890625 -0.00990295410156249
0.395782470703125 0.32763671875 -0.0612945556640625 -0.105934143066406
-0.02996826171875 0.60797119140625 0.0012664794921875 -0.245864868164063
-0.3341064453125 0.5751953125 0.201629638671875 -0.291015625
-0.5657958984375 0.36004638671875 0.403045654296875 -0.203704833984375
-0.57470703125 0.421630859375 -0.139060974121094 -0.00775909423828123
-0.282318115234375 0.56072998046875 -0.0542144775390625 0.08978271484375
0.0582275390625001 0.6253662109375 0.00797271728515625 0.0834121704101563
0.409423828125 0.360687255859375 0.0289783477783203 0.0284519195556641
0.480010986328125 0.065185546875 0.000190734863281274 0.0591049194335938
0.400634765625 -0.28076171875 0.0282363891601563 0.00898170471191404
0.261444091796875 -0.399688720703125 0.014617919921875 0.016632080078125
0.26904296875 -0.349212646484375 -0.0151329040527344 0.0514373779296875
0.285400390625 -0.40924072265625 -0.00157165527343748 0.0679550170898437
0.395111083984375 -0.262603759765625 -0.0816726684570312 0.059814453125
0.51373291015625 0.015380859375 -0.149810791015625 0.0477294921875
0.410888671875 0.337493896484375 -0.130760192871094 -0.0900650024414063
-0.0241088867187499 0.63360595703125 -0.0339813232421875 -0.212814331054687
-0.34051513671875 0.6092529296875 0.132537841796875 -0.16546630859375
-0.59893798828125 0.39471435546875 0.201705932617187 -0.0873870849609375
-0.497039794921875 0.41546630859375 -0.3251953125 0.120269775390625
-0.23089599609375 0.530426025390625 -0.126541137695313 0.207855224609375
0.080963134765625 0.55908203125 -0.00019073486328124 0.100982666015625
0.379058837890625 0.3094482421875 -0.034830093383789 0.024658203125
0.426910400390625 0.052764892578125 -0.0898895263671875 0.0849380493164062
0.362274169921875 -0.24566650390625 -0.065216064453125 0.101524353027344
0.24481201171875 -0.34417724609375 -0.0485992431640625 0.159820556640625
0.25177001953125 -0.302490234375 -0.061004638671875 0.188735961914062
0.269989013671875 -0.350250244140625 -0.0627288818359375 0.19793701171875
0.352813720703125 -0.213043212890625 -0.163619995117188 0.155975341796875
0.440673828125 0.034423828125 -0.2244873046875 0.0937347412109375
0.334442138671875 0.300048828125 -0.1820068359375 -0.06866455078125
-0.03985595703125 0.5411376953125 -0.0573883056640625 -0.163604736328125
-0.303985595703125 0.521514892578125 0.0578346252441406 -0.0324974060058593
-0.53997802734375 0.35870361328125 -0.00671195983886722 0.0340824127197266
-0.345550537109375 0.33935546875 -0.48870849609375 0.2381591796875
-0.147247314453125 0.4117431640625 -0.199493408203125 0.309112548828125
0.0770263671875 0.39483642578125 -0.0128097534179688 0.120010375976563
0.275482177734375 0.207061767578125 -0.085479736328125 0.0308990478515625
0.297882080078125 0.0360107421875 -0.15576171875 0.100296020507813
0.26385498046875 -0.16912841796875 -0.141464233398438 0.176406860351563
0.190093994140625 -0.235061645507812 -0.102264404296875 0.27630615234375
0.1962890625 -0.208099365234375 -0.097991943359375 0.296600341796875
0.21466064453125 -0.236770629882813 -0.118621826171875 0.297821044921875
0.259613037109375 -0.124954223632813 -0.225128173828125 0.223358154296875
0.297332763671875 0.057342529296875 -0.268829345703125 0.113265991210937
0.19677734375 0.22210693359375 -0.2064208984375 -0.0561370849609375
-0.062225341796875 0.3538818359375 -0.0650863647460938 -0.115730285644531
-0.225341796875 0.34259033203125 -0.01055908203125 0.0762710571289063
-0.39739990234375 0.259002685546875 -0.188583374023438 0.135421752929688
-0.13995361328125 0.208892822265625 -0.60565185546875 0.32965087890625
-0.0458221435546875 0.231613159179688 -0.259063720703125 0.382110595703125
0.0645904541015625 0.171722412109375 -0.0211334228515625 0.142822265625
0.131683349609375 0.0728225708007813 -0.107490539550781 0.0450057983398437
0.123161315917969 0.0118331909179688 -0.181289672851562 0.1005859375
0.1229248046875 -0.0661697387695313 -0.187088012695313 0.218704223632813
0.105476379394531 -0.08837890625 -0.13824462890625 0.3470458984375
0.110443115234375 -0.0820693969726563 -0.120574951171875 0.359649658203125
0.128578186035156 -0.0901336669921875 -0.15850830078125 0.3544921875
0.13311767578125 -0.0235977172851563 -0.259475708007812 0.2518310546875
0.122734069824219 0.0675201416015625 -0.281890869140625 0.105560302734375
0.0469284057617188 0.114501953125 -0.206939697265625 -0.053985595703125
-0.0641021728515625 0.130882263183594 -0.0618438720703125 -0.081878662109375
-0.109138488769531 0.128105163574219 -0.0614547729492188 0.139472961425781
-0.192169189453125 0.126419067382813 -0.31549072265625 0.2015380859375
-0.0869674682617188 -0.0103073120117187 0.3377685546875 -0.29827880859375
-0.0362968444824219 0.0601806640625 0.0974578857421875 -0.199569702148438
0.0372467041015625 0.0793228149414063 0.0167922973632813 0.0662727355957031
0.0742034912109375 0.0233612060546875 0.1922607421875 0.0821990966796875
0.0754470825195313 -0.0395584106445313 0.274322509765625 -0.0417938232421875
0.0100479125976562 -0.0830307006835938 0.262069702148438 -0.248641967773437
-0.0286178588867188 -0.0867156982421875 0.16656494140625 -0.40057373046875
-0.017181396484375 -0.0602493286132813 0.121795654296875 -0.380279541015625
-0.020294189453125 -0.0645561218261719 0.155670166015625 -0.346893310546875
0.0245819091796875 -0.0500831604003906 0.20550537109375 -0.242446899414063
0.0552253723144531 -0.011077880859375 0.165130615234375 -0.122787475585938
0.0308456420898438 0.0515937805175781 0.102096557617188 -0.0849380493164063
-0.0395622253417969 0.0508384704589844 0.0836639404296875 -0.203826904296875
-0.0689430236816406 0.00836181640625001 0.275665283203125 -0.42236328125
-0.0292549133300781 -0.0605621337890625 0.7066650390625 -0.3304443359375
-0.307464599609375 0.14459228515625 0.308746337890625 -0.28009033203125
-0.154434204101563 0.2342529296875 0.100601196289062 -0.18121337890625
0.020477294921875 0.28790283203125 0.0116806030273438 0.0573005676269532
0.188064575195313 0.158233642578125 0.1656494140625 0.07318115234375
0.232986450195313 0.0005645751953125 0.238250732421875 -0.0141754150390625
0.157028198242188 -0.17169189453125 0.245864868164063 -0.21661376953125
0.074371337890625 -0.23199462890625 0.15972900390625 -0.35589599609375
0.0894622802734375 -0.194122314453125 0.1072998046875 -0.33038330078125
0.09197998046875 -0.222702026367187 0.143890380859375 -0.300506591796875
0.174423217773438 -0.151702880859375 0.16802978515625 -0.209625244140625
0.243667602539062 -0.0078887939453125 0.115333557128906 -0.100303649902344
0.1820068359375 0.172897338867188 0.0673370361328125 -0.100006103515625
-0.044586181640625 0.285125732421875 0.0687408447265625 -0.23516845703125
-0.187713623046875 0.24102783203125 0.282958984375 -0.425689697265625
-0.259506225585938 0.1107177734375 0.6844482421875 -0.33819580078125
-0.482818603515625 0.279815673828125 0.206039428710937 -0.222427368164062
-0.24737548828125 0.39178466796875 0.071533203125 -0.123634338378906
0.01763916015625 0.4697265625 0.0107269287109375 0.0592765808105469
0.29400634765625 0.273712158203125 0.134048461914063 0.0582504272460938
0.369293212890625 0.036712646484375 0.180648803710938 0.0103302001953125
0.2850341796875 -0.242523193359375 0.198898315429688 -0.163955688476563
0.1656494140625 -0.345916748046875 0.12786865234375 -0.265228271484375
0.182403564453125 -0.29998779296875 0.0756072998046875 -0.230453491210938
0.18988037109375 -0.347747802734375 0.109237670898438 -0.206298828125
0.299163818359375 -0.233428955078125 0.0986328125 -0.142471313476563
0.403106689453125 -0.006378173828125 0.0373611450195313 -0.0624046325683594
0.31671142578125 0.27093505859375 0.00929260253906252 -0.109588623046875
-0.036712646484375 0.4896240234375 0.03924560546875 -0.255020141601563
-0.281036376953125 0.449737548828125 0.257781982421875 -0.389373779296875
-0.454498291015625 0.266632080078125 0.57958984375 -0.29888916015625
-0.58184814453125 0.3828125 0.0491561889648437 -0.130416870117187
-0.293853759765625 0.513916015625 0.0181350708007812 -0.031585693359375
0.037353515625 0.6011962890625 0.0119514465332031 0.0691375732421876
0.379150390625 0.348297119140625 0.0895309448242188 0.04095458984375
0.465057373046875 0.05633544921875 0.100067138671875 0.03460693359375
0.3739013671875 -0.2860107421875 0.121994018554688 -0.0889205932617188
0.2322998046875 -0.410308837890625 0.0765228271484375 -0.136421203613281
0.245513916015625 -0.359130859375 0.03314208984375 -0.095367431640625
0.25628662109375 -0.419158935546875 0.0589065551757813 -0.0764617919921875
0.378265380859375 -0.2783203125 0.0105628967285156 -0.0468978881835938
0.50604248046875 -0.004364013671875 -0.0571823120117187 -0.00873184204101561
0.409332275390625 0.3321533203125 -0.0626678466796875 -0.106964111328125
-0.021240234375 0.6263427734375 0.000930786132812509 -0.250686645507812
-0.3323974609375 0.59271240234375 0.20599365234375 -0.2996826171875
-0.58056640625 0.3746337890625 0.412139892578125 -0.2095947265625
-0.59149169921875 0.43634033203125 -0.138717651367188 -0.0113372802734375
-0.2884521484375 0.57452392578125 -0.0500946044921875 0.0856857299804688
0.06805419921875 0.64459228515625 0.00962829589843751 0.0849685668945313
0.423919677734375 0.363189697265625 0.0302219390869141 0.0283565521240235
0.494781494140625 0.061370849609375 0.00490188598632816 0.0611495971679688
0.403656005859375 -0.2930908203125 0.0286388397216797 0.00305366516113279
0.259033203125 -0.41436767578125 0.0137157440185547 0.0133399963378906
0.271484375 -0.36346435546875 -0.014862060546875 0.0531883239746094
0.28289794921875 -0.4234619140625 -0.00059127807617186 0.0673866271972656
0.397674560546875 -0.275054931640625 -0.0822982788085937 0.0627670288085937
0.524688720703125 0.006805419921875 -0.151260375976563 0.0509185791015625
0.423858642578125 0.342529296875 -0.133956909179687 -0.0893402099609375
-0.01531982421875 0.65185546875 -0.0348968505859375 -0.216964721679687
-0.33966064453125 0.6265869140625 0.13751220703125 -0.1697998046875
-0.6162109375 0.40997314453125 0.2059326171875 -0.087738037109375
-0.514678955078125 0.4288330078125 -0.328521728515625 0.122222900390625
-0.235076904296875 0.546112060546875 -0.123260498046875 0.209518432617188
0.0894165039062499 0.5784912109375 0.000770568847656249 0.102996826171875
0.39202880859375 0.311279296875 -0.034341812133789 0.0255794525146485
0.441497802734375 0.050201416015625 -0.0872650146484375 0.0878143310546875
0.36669921875 -0.2584228515625 -0.0652008056640625 0.0988540649414062
0.242767333984375 -0.359710693359375 -0.04864501953125 0.160690307617187
0.255035400390625 -0.316497802734375 -0.060211181640625 0.194732666015625
0.26898193359375 -0.36395263671875 -0.0628662109375 0.201461791992188
0.35565185546875 -0.223388671875 -0.164443969726563 0.1607666015625
0.45135498046875 0.0289306640625 -0.226104736328125 0.098388671875
0.347259521484375 0.30535888671875 -0.185638427734375 -0.0677032470703125
-0.03424072265625 0.557342529296875 -0.058685302734375 -0.165557861328125
-0.30517578125 0.537567138671875 0.0623703002929687 -0.0323982238769531
-0.55584716796875 0.373138427734375 -0.00593566894531253 0.0382804870605469
-0.3590087890625 0.3505859375 -0.494964599609375 0.2452392578125
-0.150177001953125 0.425140380859375 -0.19647216796875 0.316864013671875
0.08502197265625 0.409637451171875 -0.0121307373046875 0.123580932617188
0.2861328125 0.210113525390625 -0.0862197875976563 0.0334548950195313
0.308868408203125 0.033477783203125 -0.154541015625 0.104049682617187
0.2679443359375 -0.178436279296875 -0.142623901367188 0.17742919921875
0.190780639648438 -0.245819091796875 -0.101409912109375 0.282196044921875
0.198562622070312 -0.218826293945312 -0.09765625 0.305450439453125
0.214691162109375 -0.247955322265625 -0.118927001953125 0.3050537109375
0.262725830078125 -0.132949829101563 -0.226943969726562 0.229263305664063
0.305999755859375 0.05352783203125 -0.270355224609375 0.11749267578125
0.204696655273438 0.226882934570313 -0.210540771484375 -0.05462646484375
-0.061004638671875 0.36639404296875 -0.0665206909179688 -0.116256713867187
-0.226593017578125 0.353515625 -0.00682830810546876 0.0806045532226563
-0.40850830078125 0.269622802734375 -0.191970825195313 0.143569946289063
-0.147720336914063 0.21417236328125 -0.61456298828125 0.3409423828125
-0.0458831787109375 0.239974975585937 -0.25689697265625 0.395172119140625
0.068878173828125 0.179962158203125 -0.020904541015625 0.148162841796875
0.136749267578125 0.0740432739257813 -0.10791015625 0.048797607421875
0.128791809082031 0.0115814208984375 -0.18133544921875 0.103958129882812
0.127174377441406 -0.07086181640625 -0.188461303710937 0.222930908203125
0.107009887695313 -0.094451904296875 -0.13623046875 0.35546875
0.112739562988281 -0.0878753662109375 -0.119781494140625 0.370819091796875
0.129364013671875 -0.0965652465820313 -0.159210205078125 0.362945556640625
0.135696411132813 -0.0279464721679688 -0.261688232421875 0.258575439453125
0.128410339355469 0.0664215087890625 -0.2840576171875 0.11083984375
0.0505752563476562 0.117767333984375 -0.210617065429688 -0.0520782470703125
-0.0652847290039062 0.137138366699219 -0.0634307861328125 -0.081298828125
-0.112075805664063 0.134300231933594 -0.059326171875 0.147109985351563
-0.198928833007813 0.132843017578125 -0.32098388671875 0.213226318359375
-0.0863494873046875 -0.00759124755859374 0.339599609375 -0.322784423828125
-0.0364952087402344 0.0592575073242188 0.0912933349609375 -0.215530395507813
0.0389022827148438 0.0784149169921875 0.0198173522949219 0.0655136108398438
0.0761032104492188 0.0208816528320313 0.200347900390625 0.0755615234375
0.076263427734375 -0.04400634765625 0.280746459960938 -0.05230712890625
0.00534057617187499 -0.0842132568359375 0.262176513671875 -0.263702392578125
-0.0340118408203125 -0.0860977172851563 0.156280517578125 -0.41925048828125
-0.0200004577636719 -0.0595207214355469 0.11279296875 -0.398193359375
-0.0246162414550781 -0.0640830993652344 0.149688720703125 -0.365142822265625
0.0227279663085938 -0.0510940551757813 0.205230712890625 -0.256790161132813
0.0536346435546875 -0.014434814453125 0.1656494140625 -0.131484985351563
0.0330390930175781 0.0510215759277344 0.10211181640625 -0.0910797119140625
-0.0363578796386719 0.0525588989257812 0.0779266357421875 -0.214645385742188
-0.0664329528808594 0.0102882385253906 0.26898193359375 -0.4478759765625
-0.0299453735351562 -0.0614242553710938 0.72021484375 -0.36395263671875
-0.311676025390625 0.160247802734375 0.311248779296875 -0.304962158203125
-0.152999877929688 0.242706298828125 0.0962677001953125 -0.198577880859375
0.0294189453125 0.296142578125 0.0138206481933594 0.0563240051269531
0.197921752929688 0.1558837890625 0.173309326171875 0.0670013427734375
0.241104125976563 -0.0084991455078125 0.246109008789063 -0.0218505859375
0.15301513671875 -0.182220458984375 0.245864868164063 -0.232650756835937
0.0662994384765625 -0.241119384765625 0.150238037109375 -0.374298095703125
0.084991455078125 -0.203887939453125 0.0994262695312501 -0.3455810546875
0.0839996337890625 -0.2327880859375 0.139404296875 -0.31842041015625
0.1724853515625 -0.16241455078125 0.16748046875 -0.221786499023438
0.249130249023438 -0.0192108154296875 0.116073608398438 -0.106086730957031
0.194091796875 0.17156982421875 0.0664138793945313 -0.1051025390625
-0.033050537109375 0.2969970703125 0.06292724609375 -0.246078491210937
-0.180419921875 0.255645751953125 0.275665283203125 -0.453338623046875
-0.265151977539063 0.123275756835937 0.69744873046875 -0.3714599609375
-0.49188232421875 0.306488037109375 0.2081298828125 -0.242416381835937
-0.24432373046875 0.408935546875 0.0699539184570312 -0.139228820800781
0.033843994140625 0.486358642578125 0.0131721496582031 0.05908203125
0.310821533203125 0.271575927734375 0.140457153320313 0.0544357299804688
0.384002685546875 0.024444580078125 0.18939208984375 0.0048675537109375
0.28131103515625 -0.2611083984375 0.197891235351563 -0.178802490234375
0.1552734375 -0.363739013671875 0.120208740234375 -0.281219482421875
0.17694091796875 -0.317413330078125 0.0708160400390625 -0.24090576171875
0.179412841796875 -0.36651611328125 0.107513427734375 -0.220001220703125
0.2984619140625 -0.250946044921875 0.0988922119140625 -0.150604248046875
0.413543701171875 -0.023681640625 0.0366973876953125 -0.0644187927246094
0.338226318359375 0.2701416015625 0.00713348388671878 -0.113845825195312
-0.01739501953125 0.510162353515625 0.0323333740234375 -0.265640258789062
-0.269500732421875 0.474761962890625 0.25396728515625 -0.412567138671875
-0.464141845703125 0.289703369140625 0.59100341796875 -0.32501220703125
-0.5943603515625 0.4168701171875 0.0493011474609375 -0.141830444335937
-0.2904052734375 0.539794921875 0.0193901062011719 -0.041748046875
0.0602416992187499 0.62298583984375 0.0140266418457031 0.0699195861816407
0.404693603515625 0.344879150390625 0.0947723388671875 0.038421630859375
0.484893798828125 0.04229736328125 0.108657836914063 0.032501220703125
0.37188720703125 -0.310882568359375 0.121536254882813 -0.100479125976563
0.219573974609375 -0.43402099609375 0.0718231201171875 -0.146743774414063
0.240478515625 -0.38323974609375 0.0313949584960938 -0.0995635986328125
0.245361328125 -0.44354248046875 0.0591812133789063 -0.0842208862304688
0.37725830078125 -0.301666259765625 0.0109977722167969 -0.0486068725585938
0.5206298828125 -0.025360107421875 -0.0577850341796875 -0.00594329833984374
0.43505859375 0.328765869140625 -0.0665283203125 -0.107627868652344
0.00238037109374997 0.65155029296875 -0.00532531738281249 -0.258941650390625
-0.3193359375 0.62420654296875 0.20648193359375 -0.318450927734375
-0.59228515625 0.40576171875 0.4197998046875 -0.227081298828125
-0.60479736328125 0.47283935546875 -0.141098022460938 -0.0117340087890624
-0.28314208984375 0.6025390625 -0.0463790893554688 0.0828323364257813
0.0947265625 0.668212890625 0.0120086669921875 0.0872421264648438
0.45025634765625 0.35858154296875 0.0339756011962891 0.0282382965087891
0.51885986328125 0.044921875 0.0118637084960938 0.0629844665527344
0.4034423828125 -0.319244384765625 0.0273571014404297 -0.00325393676757814
0.247283935546875 -0.44134521484375 0.0121784210205078 0.0100793838500976
0.26666259765625 -0.389312744140625 -0.0130500793457031 0.0565109252929687
0.273590087890625 -0.449981689453125 0.00126647949218751 0.0666236877441406
0.39752197265625 -0.299530029296875 -0.0815658569335937 0.0667800903320312
0.54217529296875 -0.013702392578125 -0.152069091796875 0.0584259033203125
0.45074462890625 0.34136962890625 -0.138938903808594 -0.087493896484375
0.00640869140624996 0.67913818359375 -0.0404510498046875 -0.222274780273437
-0.3275146484375 0.65826416015625 0.139358520507812 -0.180984497070312
-0.62921142578125 0.4456787109375 0.210983276367187 -0.0942230224609375
-0.52593994140625 0.4620361328125 -0.33258056640625 0.13299560546875
-0.22900390625 0.57373046875 -0.117218017578125 0.214889526367188
0.11456298828125 0.6004638671875 0.00474548339843751 0.107261657714844
0.417083740234375 0.30841064453125 -0.0323486328125 0.0284461975097656
0.463134765625 0.03558349609375 -0.0826644897460937 0.09307861328125
0.368194580078125 -0.283050537109375 -0.0664291381835937 0.0980911254882812
0.235137939453125 -0.384063720703125 -0.0465545654296875 0.164199829101563
0.250946044921875 -0.340362548828125 -0.05535888671875 0.2034912109375
0.260711669921875 -0.3885498046875 -0.058135986328125 0.208663940429687
0.356414794921875 -0.244842529296875 -0.16302490234375 0.17138671875
0.466552734375 0.0107421875 -0.227249145507812 0.109054565429687
0.369659423828125 0.305572509765625 -0.192474365234375 -0.0629730224609375
-0.01568603515625 0.58184814453125 -0.0638580322265625 -0.167770385742187
-0.2950439453125 0.56439208984375 0.0672798156738281 -0.0344734191894531
-0.5675048828125 0.40472412109375 -0.00429153442382816 0.042999267578125
-0.3675537109375 0.3739013671875 -0.5013427734375 0.26776123046875
-0.144073486328125 0.446136474609375 -0.1893310546875 0.332275390625
0.1038818359375 0.42706298828125 -0.00807952880859374 0.129844665527344
0.3038330078125 0.207183837890625 -0.0856094360351562 0.039154052734375
0.3245849609375 0.02349853515625 -0.152481079101563 0.111465454101562
0.270339965820313 -0.197067260742188 -0.143508911132812 0.182037353515625
0.186782836914063 -0.265457153320313 -0.096343994140625 0.29290771484375
0.197296142578125 -0.237442016601563 -0.09002685546875 0.32037353515625
0.209930419921875 -0.265975952148438 -0.11260986328125 0.318145751953125
0.263885498046875 -0.14886474609375 -0.225509643554687 0.243850708007813
0.318450927734375 0.0428466796875 -0.272979736328125 0.13079833984375
0.221405029296875 0.228988647460938 -0.218215942382813 -0.0483245849609375
-0.05029296875 0.383514404296875 -0.0707015991210937 -0.116050720214844
-0.223114013671875 0.3741455078125 -0.000274658203125007 0.085723876953125
-0.418487548828125 0.293731689453125 -0.192642211914063 0.157882690429688
-0.15240478515625 0.226715087890625 -0.62115478515625 0.3704833984375
-0.0413360595703125 0.252609252929688 -0.251373291015625 0.4169921875
0.07904052734375 0.18829345703125 -0.0164947509765625 0.15606689453125
0.145065307617188 0.0732421875 -0.108421325683594 0.0559158325195312
0.136329650878906 0.00777435302734375 -0.181686401367187 0.111495971679687
0.13006591796875 -0.0795516967773438 -0.18756103515625 0.232620239257813
0.107078552246094 -0.104690551757813 -0.128570556640625 0.371368408203125
0.113182067871094 -0.098175048828125 -0.109344482421875 0.388397216796875
0.129547119140625 -0.106430053710938 -0.152099609375 0.38092041015625
0.13787841796875 -0.0356521606445313 -0.261093139648438 0.275558471679687
0.136619567871094 0.062835693359375 -0.286773681640625 0.123016357421875
0.058624267578125 0.120841979980469 -0.218536376953125 -0.045989990234375
-0.0638275146484375 0.14703369140625 -0.0673828125 -0.0795211791992187
-0.112213134765625 0.144546508789063 -0.052276611328125 0.157135009765625
-0.205459594726562 0.145721435546875 -0.32476806640625 0.234832763671875
-0.0848312377929688 -0.00267028808593749 0.3289794921875 -0.35205078125
-0.0345230102539063 0.0589942932128906 0.0768585205078125 -0.230117797851563
0.0421905517578125 0.0761871337890625 0.0234642028808594 0.0635490417480469
0.0774917602539063 0.016937255859375 0.207000732421875 0.0626983642578125
0.0741500854492188 -0.0507125854492188 0.28314208984375 -0.069122314453125
-0.00135040283203125 -0.0847930908203125 0.25238037109375 -0.2825927734375
-0.0413436889648438 -0.0822830200195313 0.133209228515625 -0.437652587890625
-0.0245132446289063 -0.0576171875 0.091217041015625 -0.413543701171875
-0.0304603576660156 -0.0619163513183594 0.132904052734375 -0.3843994140625
0.0195465087890625 -0.0519027709960938 0.196365356445313 -0.27337646484375
0.0512046813964844 -0.018280029296875 0.161666870117188 -0.143142700195313
0.0351181030273438 0.0486679077148438 0.099029541015625 -0.0991439819335938
-0.0315513610839844 0.0536308288574219 0.0654144287109375 -0.224655151367188
-0.0632476806640625 0.0132255554199219 0.24188232421875 -0.475341796875
-0.0328369140625 -0.0617294311523438 0.71221923828125 -0.41546630859375
-0.30743408203125 0.182586669921875 0.30120849609375 -0.33331298828125
-0.144729614257812 0.252883911132813 0.0839080810546875 -0.215103149414062
0.0467529296875 0.2998046875 0.0166168212890625 0.0550346374511719
0.209686279296875 0.146240234375 0.17974853515625 0.05609130859375
0.245773315429688 -0.024200439453125 0.251266479492188 -0.0357818603515625
0.1417236328125 -0.194671630859375 0.236419677734375 -0.2520751953125
0.049407958984375 -0.248001098632813 0.12811279296875 -0.391571044921875
0.0739898681640625 -0.212081909179688 0.08111572265625 -0.359100341796875
0.068206787109375 -0.24072265625 0.124267578125 -0.336669921875
0.164520263671875 -0.175537109375 0.159530639648437 -0.236373901367187
0.250198364257813 -0.0359649658203125 0.112342834472656 -0.113922119140625
0.208709716796875 0.1632080078125 0.0625991821289063 -0.111503601074219
-0.012176513671875 0.304534912109375 0.0496826171875 -0.255599975585937
-0.163528442382813 0.269943237304688 0.253082275390625 -0.48114013671875
-0.26513671875 0.142898559570313 0.6905517578125 -0.4197998046875
-0.4844970703125 0.343719482421875 0.201370239257812 -0.26422119140625
-0.2308349609375 0.428253173828125 0.0617523193359375 -0.15472412109375
0.062164306640625 0.495635986328125 0.0165138244628906 0.0576400756835938
0.3321533203125 0.257293701171875 0.146163940429688 0.044830322265625
0.394439697265625 -0.0006103515625 0.196044921875 -0.0062408447265625
0.26763916015625 -0.28338623046875 0.18890380859375 -0.196548461914063
0.13165283203125 -0.3802490234375 0.102569580078125 -0.2957763671875
0.159759521484375 -0.33514404296875 0.057769775390625 -0.250137329101563
0.156005859375 -0.384002685546875 0.096771240234375 -0.234451293945313
0.286285400390625 -0.274444580078125 0.09307861328125 -0.159149169921875
0.419158935546875 -0.051605224609375 0.0347938537597657 -0.0665283203125
0.362213134765625 0.255706787109375 0.00199890136718752 -0.116523742675781
0.01605224609375 0.5220947265625 0.0186920166015625 -0.273880004882812
-0.24176025390625 0.498199462890625 0.23486328125 -0.4381103515625
-0.460723876953125 0.3255615234375 0.58465576171875 -0.36541748046875
-0.58770751953125 0.462646484375 0.044769287109375 -0.15240478515625
-0.2685546875 0.564208984375 0.0172882080078125 -0.0524978637695312
0.100341796875 0.63519287109375 0.0187606811523438 0.0700683593750001
0.433074951171875 0.326934814453125 0.100242614746094 0.0322265625
0.501007080078125 0.011627197265625 0.116783142089844 0.0253372192382813
0.35577392578125 -0.341033935546875 0.114097595214844 -0.113517761230469
0.192718505859375 -0.457733154296875 0.0604248046875 -0.156158447265625
0.220947265625 -0.406890869140625 0.0262985229492188 -0.1029052734375
0.217864990234375 -0.468536376953125 0.0551681518554688 -0.0924224853515625
0.362274169921875 -0.33160400390625 0.0097770690917969 -0.050048828125
0.527923583984375 -0.057952880859375 -0.0579490661621093 -0.00167465209960939
0.46612548828125 0.312225341796875 -0.0720977783203125 -0.106117248535156
0.0443115234375001 0.66839599609375 -0.018707275390625 -0.264846801757812
-0.284423828125 0.65386962890625 0.19244384765625 -0.3380126953125
-0.587158203125 0.4520263671875 0.4169921875 -0.253570556640625
-0.59716796875 0.52056884765625 -0.141937255859375 -0.00886535644531247
-0.25885009765625 0.6329345703125 -0.0410537719726563 0.079315185546875
0.14031982421875 0.6824951171875 0.018280029296875 0.0890731811523438
0.48077392578125 0.338592529296875 0.0388984680175782 0.0264091491699219
0.53570556640625 0.01300048828125 0.0200080871582031 0.0621070861816406
0.387603759765625 -0.352783203125 0.0232810974121094 -0.00922584533691408
0.22100830078125 -0.46734619140625 0.00990200042724611 0.00681686401367185
0.2469482421875 -0.4163818359375 -0.00974655151367185 0.0589141845703125
0.2457275390625 -0.47625732421875 0.00495147705078126 0.0663528442382812
0.383758544921875 -0.330108642578125 -0.0780181884765625 0.0729217529296875
0.55010986328125 -0.04852294921875 -0.150131225585937 0.0700225830078125
0.4830322265625 0.324127197265625 -0.144912719726562 -0.080780029296875
0.0489501953124999 0.69677734375 -0.05169677734375 -0.22467041015625
-0.291748046875 0.690673828125 0.135177612304687 -0.193283081054687
-0.6231689453125 0.4942626953125 0.21136474609375 -0.105880737304687
-0.517913818359375 0.5054931640625 -0.329620361328125 0.1514892578125
-0.2037353515625 0.601318359375 -0.105239868164063 0.220687866210938
0.156982421875 0.61248779296875 0.01220703125 0.111465454101563
0.446044921875 0.28961181640625 -0.0284652709960937 0.0315628051757813
0.4796142578125 0.006439208984375 -0.0747451782226562 0.0984878540039062
0.354766845703125 -0.313507080078125 -0.066375732421875 0.0995254516601562
0.21209716796875 -0.408721923828125 -0.0399627685546875 0.168350219726562
0.2335205078125 -0.36541748046875 -0.043243408203125 0.212203979492187
0.2384033203125 -0.412994384765625 -0.047882080078125 0.215255737304687
0.34442138671875 -0.27178955078125 -0.156158447265625 0.18377685546875
0.4755859375 -0.01885986328125 -0.22308349609375 0.12518310546875
0.398681640625 0.291595458984375 -0.198577880859375 -0.0526580810546875
0.0201416015625 0.5982666015625 -0.0721282958984375 -0.167404174804687
-0.2667236328125 0.593017578125 0.0707931518554687 -0.03900146484375
-0.56201171875 0.44915771484375 -0.00106048583984379 0.0473251342773438
-0.361053466796875 0.407623291015625 -0.49505615234375 0.29888916015625
-0.124603271484375 0.46722412109375 -0.1715087890625 0.346954345703125
0.135894775390625 0.435089111328125 0.000663757324218756 0.136482238769531
0.324798583984375 0.1937255859375 -0.0815353393554687 0.0464553833007813
0.33740234375 0.00408935546875 -0.145431518554687 0.121063232421875
0.2628173828125 -0.219879150390625 -0.13922119140625 0.190261840820313
0.171112060546875 -0.285064697265625 -0.082183837890625 0.302978515625
0.185272216796875 -0.256576538085937 -0.071502685546875 0.3330078125
0.195037841796875 -0.2857666015625 -0.096893310546875 0.331878662109375
0.25848388671875 -0.168685913085938 -0.215682983398438 0.261489868164063
0.328338623046875 0.022186279296875 -0.268402099609375 0.148605346679688
0.241439819335938 0.2220458984375 -0.224075317382812 -0.036468505859375
-0.029083251953125 0.3974609375 -0.0767059326171875 -0.113723754882812
-0.203826904296875 0.394439697265625 0.0100173950195312 0.0883102416992188
-0.415252685546875 0.326385498046875 -0.1868896484375 0.176055908203125
-0.149154663085938 0.241683959960938 -0.6104736328125 0.41290283203125
-0.0289764404296875 0.263397216796875 -0.229461669921875 0.441162109375
0.0931854248046875 0.191970825195313 -0.00648498535156249 0.163467407226563
0.153701782226563 0.0673065185546875 -0.104217529296875 0.0656661987304688
0.142913818359375 -0.000396728515625 -0.1773681640625 0.123245239257812
0.128158569335937 -0.0909957885742187 -0.181121826171875 0.244781494140625
0.101905822753906 -0.116218566894531 -0.109710693359375 0.38653564453125
0.109138488769531 -0.109733581542969 -0.088470458984375 0.403839111328125
0.124137878417969 -0.118499755859375 -0.132110595703125 0.39935302734375
0.137107849121094 -0.0462265014648438 -0.24859619140625 0.29571533203125
0.14471435546875 0.0541534423828125 -0.282257080078125 0.1429443359375
0.0693740844726562 0.120903015136719 -0.225296020507812 -0.0325469970703125
-0.05718994140625 0.156997680664063 -0.0715179443359375 -0.075164794921875
-0.106689453125 0.156280517578125 -0.039581298828125 0.165679931640625
-0.204437255859375 0.163421630859375 -0.315643310546875 0.2625732421875
-0.0805587768554688 0.00180053710937499 0.305450439453125 -0.372589111328125
-0.0322418212890625 0.057830810546875 0.057769775390625 -0.235733032226562
0.04461669921875 0.0718307495117188 0.0263328552246094 0.0604515075683594
0.0760498046875 0.0120391845703125 0.206100463867188 0.047271728515625
0.0688400268554688 -0.0562400817871094 0.275665283203125 -0.086517333984375
-0.0086517333984375 -0.0821685791015625 0.2330322265625 -0.295166015625
-0.0461502075195313 -0.0758209228515625 0.101806640625 -0.441558837890625
-0.0279541015625 -0.0535926818847656 0.06451416015625 -0.416351318359375
-0.0349884033203125 -0.0571861267089844 0.108306884765625 -0.391998291015625
0.0155830383300781 -0.0521392822265625 0.1783447265625 -0.28326416015625
0.046875 -0.0215873718261719 0.151123046875 -0.150619506835938
0.0375289916992188 0.0456390380859375 0.09246826171875 -0.10504150390625
-0.0258331298828125 0.0525321960449219 0.0484771728515625 -0.226974487304688
-0.0578956604003906 0.0158042907714844 0.20538330078125 -0.486602783203125
-0.0349807739257812 -0.0589141845703125 0.679931640625 -0.4549560546875
-0.291748046875 0.200469970703125 0.2801513671875 -0.35260009765625
-0.130538940429688 0.257125854492188 0.0662384033203125 -0.223800659179687
0.063629150390625 0.294281005859375 0.0188064575195313 0.0526084899902344
0.215118408203125 0.13128662109375 0.179855346679688 0.0428466796875
0.241378784179687 -0.0419464111328125 0.247787475585938 -0.0518341064453125
0.124282836914063 -0.200393676757812 0.216384887695313 -0.264663696289063
0.030426025390625 -0.24664306640625 0.09979248046875 -0.39715576171875
0.058624267578125 -0.214141845703125 0.05792236328125 -0.3616943359375
0.0494842529296875 -0.241592407226563 0.102508544921875 -0.3448486328125
0.149276733398438 -0.184005737304688 0.145050048828125 -0.244110107421875
0.24237060546875 -0.0526275634765625 0.105316162109375 -0.1185302734375
0.217742919921875 0.148330688476563 0.055816650390625 -0.115264892578125
0.01104736328125 0.3018798828125 0.03216552734375 -0.2579345703125
-0.1412353515625 0.275238037109375 0.217315673828125 -0.493438720703125
-0.253433227539063 0.159530639648438 0.65936279296875 -0.45819091796875
-0.45977783203125 0.3736572265625 0.18487548828125 -0.2789306640625
-0.204803466796875 0.436431884765625 0.0490875244140625 -0.164169311523437
0.09466552734375 0.48846435546875 0.0191116333007813 0.0561561584472657
0.343048095703125 0.23272705078125 0.147369384765625 0.0333709716796875
0.391754150390625 -0.02801513671875 0.196075439453125 -0.0195770263671875
0.242828369140625 -0.297821044921875 0.17193603515625 -0.207855224609375
0.1011962890625 -0.384124755859375 0.079559326171875 -0.300262451171875
0.135528564453125 -0.342742919921875 0.0420074462890625 -0.251800537109375
0.1256103515625 -0.389617919921875 0.081085205078125 -0.241073608398438
0.261749267578125 -0.290374755859375 0.083404541015625 -0.16326904296875
0.4085693359375 -0.079071044921875 0.0313491821289063 -0.0668067932128906
0.376953125 0.230987548828125 -0.00392150878906249 -0.116218566894531
0.0538024902343749 0.517669677734375 0.0022430419921875 -0.273696899414062
-0.2049560546875 0.5057373046875 0.203399658203125 -0.45074462890625
-0.4395751953125 0.354095458984375 0.558197021484375 -0.395355224609375
-0.55523681640625 0.49969482421875 0.037841796875 -0.158889770507812
-0.2362060546875 0.576416015625 0.0122489929199219 -0.0607147216796875
0.14056396484375 0.6248779296875 0.0236091613769531 0.0688629150390625
0.4486083984375 0.29638671875 0.102546691894531 0.0240631103515625
0.499053955078125 -0.0235595703125 0.120414733886719 0.0164718627929688
0.32525634765625 -0.360321044921875 0.101806640625 -0.122085571289063
0.15521240234375 -0.46612548828125 0.04644775390625 -0.159408569335938
0.1912841796875 -0.418121337890625 0.0201873779296875 -0.103889465332031
0.1817626953125 -0.475982666015625 0.048370361328125 -0.0977401733398438
0.335052490234375 -0.35101318359375 0.00686264038085939 -0.0499191284179688
0.518280029296875 -0.09295654296875 -0.0559501647949218 0.00333023071289062
0.483489990234375 0.280975341796875 -0.0767288208007812 -0.1011962890625
0.08941650390625 0.6611328125 -0.0332489013671875 -0.262496948242187
-0.2386474609375 0.66241455078125 0.17083740234375 -0.349517822265625
-0.558563232421875 0.487884521484375 0.39910888671875 -0.275421142578125
-0.56488037109375 0.558837890625 -0.138839721679688 -0.00423431396484372
-0.2205810546875 0.643798828125 -0.0364761352539063 0.0738754272460938
0.1851806640625 0.6722412109375 0.0254440307617188 0.08831787109375
0.4984130859375 0.305084228515625 0.0422821044921875 0.02294921875
0.536529541015625 -0.02508544921875 0.0280189514160157 0.0585556030273438
0.35809326171875 -0.376220703125 0.0172357559204102 -0.0136375427246094
0.182952880859375 -0.47998046875 0.00659322738647462 0.00480747222900388
0.216644287109375 -0.430389404296875 -0.00488662719726562 0.0599021911621093
0.2091064453125 -0.487518310546875 0.00856781005859376 0.0635452270507812
0.355865478515625 -0.35107421875 -0.072113037109375 0.0773773193359375
0.541839599609375 -0.084991455078125 -0.142303466796875 0.0797576904296875
0.501220703125 0.2919921875 -0.146408081054687 -0.0706329345703125
0.095947265625 0.69012451171875 -0.0634918212890625 -0.220413208007812
-0.24395751953125 0.697998046875 0.124069213867187 -0.2015380859375
-0.59326171875 0.5316162109375 0.203384399414062 -0.115097045898437
-0.488037109375 0.537811279296875 -0.315704345703125 0.166748046875
-0.16680908203125 0.6114501953125 -0.09014892578125 0.220687866210938
0.19927978515625 0.60333251953125 0.0205612182617188 0.111915588378906
0.461273193359375 0.259979248046875 -0.0222244262695312 0.0328083038330078
0.48065185546875 -0.025909423828125 -0.0640640258789062 0.100364685058594
0.328399658203125 -0.335174560546875 -0.0653228759765625 0.0998153686523437
0.1790771484375 -0.42144775390625 -0.0324554443359375 0.168807983398437
0.207122802734375 -0.379150390625 -0.029449462890625 0.213714599609375
0.205352783203125 -0.424652099609375 -0.0349884033203125 0.215240478515625
0.320709228515625 -0.291656494140625 -0.142822265625 0.1920166015625
0.468597412109375 -0.051025390625 -0.212295532226563 0.138351440429688
0.415557861328125 0.265106201171875 -0.198944091796875 -0.0391998291015625
0.0576171874999999 0.59466552734375 -0.079559326171875 -0.16204833984375
-0.22650146484375 0.603271484375 0.0714035034179687 -0.0441055297851562
-0.5343017578125 0.48260498046875 0.00308227539062496 0.0499191284179688
-0.339508056640625 0.4310302734375 -0.469757080078125 0.326324462890625
-0.095489501953125 0.474853515625 -0.1473388671875 0.35198974609375
0.165557861328125 0.42877197265625 0.0116653442382813 0.137870788574219
0.33612060546875 0.17236328125 -0.0740814208984375 0.0517425537109375
0.33929443359375 -0.020294189453125 -0.133705139160156 0.127304077148437
0.244033813476562 -0.237197875976562 -0.131607055664062 0.194671630859375
0.14691162109375 -0.296783447265625 -0.06451416015625 0.304901123046875
0.166168212890625 -0.2694091796875 -0.049957275390625 0.335845947265625
0.171966552734375 -0.29705810546875 -0.075714111328125 0.334869384765625
0.242416381835938 -0.184234619140625 -0.197479248046875 0.272430419921875
0.326324462890625 -3.0517578125E-05 -0.254852294921875 0.164031982421875
0.255889892578125 0.205718994140625 -0.22271728515625 -0.0204620361328125
-0.00296020507812497 0.399444580078125 -0.0804901123046875 -0.10723876953125
-0.1767578125 0.402862548828125 0.0195846557617187 0.0869293212890625
-0.395233154296875 0.352752685546875 -0.173416137695313 0.189361572265625
-0.13909912109375 0.25177001953125 -0.57940673828125 0.447509765625
-0.0130615234375 0.265960693359375 -0.197845458984375 0.451446533203125
0.107131958007812 0.189285278320313 0.00640869140625002 0.165756225585938
0.15814208984375 0.058929443359375 -0.0953140258789062 0.0722885131835938
0.144317626953125 -0.0098724365234375 -0.167251586914063 0.131378173828125
0.121124267578125 -0.100494384765625 -0.168777465820312 0.251373291015625
0.0917205810546875 -0.124549865722656 -0.085357666015625 0.38983154296875
0.100105285644531 -0.117729187011719 -0.0626220703125 0.405853271484375
0.114479064941406 -0.126884460449219 -0.106658935546875 0.405670166015625
0.131591796875 -0.0551300048828125 -0.2281494140625 0.308197021484375
0.148681640625 0.0422821044921875 -0.269439697265625 0.158187866210938
0.0782318115234375 0.116012573242188 -0.22442626953125 -0.017181396484375
-0.0467681884765625 0.162673950195312 -0.0741043090820312 -0.068634033203125
-0.0953369140625 0.16253662109375 -0.0244140625 0.166915893554688
-0.19610595703125 0.176742553710937 -0.295867919921875 0.2835693359375
-0.0749740600585938 0.00342559814453125 0.28240966796875 -0.37750244140625
-0.0307502746582031 0.0555496215820313 0.0431365966796875 -0.2337646484375
0.0447463989257813 0.0672607421875 0.0273094177246094 0.0567665100097656
0.0732040405273438 0.00855255126953125 0.200729370117188 0.0370330810546875
0.0632896423339844 -0.0583038330078125 0.264816284179688 -0.0954437255859375
-0.0131683349609375 -0.0777359008789063 0.21429443359375 -0.296478271484375
-0.0480575561523438 -0.0689468383789063 0.07977294921875 -0.433624267578125
-0.02899169921875 -0.0488319396972656 0.046112060546875 -0.40936279296875
-0.0371017456054688 -0.0519142150878906 0.08929443359375 -0.389404296875
0.0120315551757813 -0.0506591796875 0.164581298828125 -0.28375244140625
0.042083740234375 -0.0221900939941406 0.1412353515625 -0.151931762695312
0.0372848510742188 0.0427703857421875 0.0851516723632813 -0.106613159179688
-0.0208930969238281 0.0494155883789063 0.0365447998046875 -0.222686767578125
-0.0522537231445313 0.0159568786621094 0.17596435546875 -0.481842041015625
-0.0349159240722656 -0.0554695129394531 0.6436767578125 -0.47076416015625
-0.273330688476563 0.2073974609375 0.259613037109375 -0.35833740234375
-0.118484497070313 0.253677368164063 0.0511016845703125 -0.224533081054688
0.074127197265625 0.28387451171875 0.019500732421875 0.0501785278320313
0.213241577148438 0.118698120117188 0.175384521484375 0.032623291015625
0.2330322265625 -0.0521240234375 0.239730834960938 -0.0616302490234375
0.10968017578125 -0.1981201171875 0.198150634765625 -0.266693115234375
0.0168914794921875 -0.23876953125 0.07904052734375 -0.39093017578125
0.0479278564453125 -0.209884643554688 0.041412353515625 -0.35595703125
0.0362396240234375 -0.23516845703125 0.0860595703125 -0.342681884765625
0.135330200195313 -0.184982299804687 0.13287353515625 -0.243682861328125
0.23126220703125 -0.0615386962890625 0.098175048828125 -0.118782043457031
0.21881103515625 0.135147094726563 0.0500717163085938 -0.115425109863281
0.026123046875 0.2911376953125 0.019989013671875 -0.252685546875
-0.1226806640625 0.27117919921875 0.18792724609375 -0.490386962890625
-0.240890502929688 0.16766357421875 0.62249755859375 -0.4725341796875
-0.432952880859375 0.384246826171875 0.1712646484375 -0.2835693359375
-0.184051513671875 0.43212890625 0.0378875732421875 -0.167251586914062
0.11334228515625 0.47314453125 0.0205612182617188 0.054473876953125
0.342987060546875 0.212127685546875 0.144882202148438 0.024505615234375
0.3817138671875 -0.046478271484375 0.192535400390625 -0.0294647216796875
0.218963623046875 -0.298492431640625 0.155426025390625 -0.209808349609375
0.077545166015625 -0.377105712890625 0.06195068359375 -0.295989990234375
0.11676025390625 -0.34002685546875 0.0314178466796875 -0.24725341796875
0.101837158203125 -0.3836669921875 0.0687408447265625 -0.240936279296875
0.2392578125 -0.292266845703125 0.075927734375 -0.161758422851563
0.392608642578125 -0.095001220703125 0.0290336608886719 -0.0644569396972656
0.378631591796875 0.21014404296875 -0.00759124755859372 -0.114433288574219
0.075836181640625 0.5008544921875 -0.00877380371093749 -0.268112182617187
-0.176177978515625 0.497283935546875 0.178863525390625 -0.447174072265625
-0.414520263671875 0.366973876953125 0.528900146484375 -0.406524658203125
-0.521881103515625 0.513763427734375 0.0335540771484375 -0.161056518554687
-0.20953369140625 0.57159423828125 0.00726699829101561 -0.0661697387695312
0.1666259765625 0.6070556640625 0.0264968872070313 0.0676994323730469
0.4483642578125 0.270263671875 0.101425170898438 0.0176620483398438
0.487823486328125 -0.047027587890625 0.121337890625 0.00894927978515625
0.296600341796875 -0.364349365234375 0.0894927978515625 -0.123260498046875
0.125152587890625 -0.46026611328125 0.0356292724609375 -0.1578369140625
0.16705322265625 -0.415618896484375 0.0159759521484375 -0.101577758789063
0.152069091796875 -0.4713134765625 0.042755126953125 -0.0996856689453125
0.307220458984375 -0.354888916015625 0.00592422485351564 -0.0482902526855469
0.497100830078125 -0.11279296875 -0.0528068542480468 0.00761795043945312
0.48590087890625 0.254791259765625 -0.077392578125 -0.0965118408203125
0.11767578125 0.6412353515625 -0.0425262451171875 -0.256179809570312
-0.20330810546875 0.65081787109375 0.1513671875 -0.34893798828125
-0.528289794921875 0.500457763671875 0.378387451171875 -0.282012939453125
-0.53240966796875 0.572509765625 -0.132720947265625 -0.00294494628906244
-0.192626953125 0.63812255859375 -0.0342636108398438 0.0673675537109375
0.21240234375 0.653076171875 0.0304336547851563 0.0870742797851563
0.50048828125 0.276458740234375 0.0450630187988282 0.0189056396484375
0.524322509765625 -0.04986572265625 0.0333099365234375 0.0530624389648438
0.327301025390625 -0.383270263671875 0.0104703903198242 -0.0148248672485352
0.151580810546875 -0.47528076171875 0.00341057777404786 0.0041093826293945
0.192352294921875 -0.43035888671875 -0.00231552124023436 0.0593338012695312
0.178802490234375 -0.48382568359375 0.00997161865234375 0.0601387023925781
0.326629638671875 -0.35601806640625 -0.0665817260742187 0.0792922973632812
0.52105712890625 -0.107269287109375 -0.133720397949219 0.084503173828125
0.502960205078125 0.26629638671875 -0.144485473632813 -0.0640411376953125
0.12371826171875 0.67071533203125 -0.0691070556640625 -0.214447021484375
-0.20880126953125 0.6876220703125 0.113967895507812 -0.202896118164062
-0.558502197265625 0.547332763671875 0.1944580078125 -0.118942260742187
-0.458282470703125 0.550048828125 -0.298675537109375 0.172271728515625
-0.1409912109375 0.60614013671875 -0.0789947509765625 0.2135009765625
0.22418212890625 0.583984375 0.0279312133789063 0.111015319824219
0.46160888671875 0.23333740234375 -0.0173110961914062 0.031768798828125
0.470703125 -0.048675537109375 -0.0549163818359375 0.0973434448242188
0.3006591796875 -0.341949462890625 -0.0646286010742188 0.0992965698242187
0.14971923828125 -0.419769287109375 -0.027374267578125 0.166168212890625
0.184112548828125 -0.380340576171875 -0.0197296142578125 0.210845947265625
0.1776123046875 -0.422576904296875 -0.0257415771484375 0.210906982421875
0.29608154296875 -0.29632568359375 -0.131393432617187 0.193679809570313
0.4539794921875 -0.0706787109375 -0.19921875 0.144744873046875
0.418609619140625 0.241912841796875 -0.193466186523438 -0.030548095703125
0.08197021484375 0.57965087890625 -0.0825958251953125 -0.15594482421875
-0.19482421875 0.59295654296875 0.0704345703125 -0.0477218627929687
-0.5062255859375 0.496826171875 0.00589752197265622 0.0507850646972657
-0.319366455078125 0.4388427734375 -0.443634033203125 0.334320068359375
-0.074981689453125 0.469757080078125 -0.128082275390625 0.346954345703125
0.18304443359375 0.41546630859375 0.0201797485351563 0.136566162109375
0.336944580078125 0.153717041015625 -0.066192626953125 0.0529708862304688
0.333282470703125 -0.03570556640625 -0.122947692871094 0.127677917480469
0.225341796875 -0.242691040039063 -0.125137329101563 0.194534301757812
0.126495361328125 -0.297698974609375 -0.05218505859375 0.30035400390625
0.148941040039063 -0.271209716796875 -0.034698486328125 0.329498291015625
0.15191650390625 -0.29693603515625 -0.060516357421875 0.330474853515625
0.225204467773438 -0.1883544921875 -0.180984497070312 0.273406982421875
0.317657470703125 -0.016571044921875 -0.23956298828125 0.170578002929687
0.259552001953125 0.190216064453125 -0.216171264648437 -0.0108489990234374
0.014556884765625 0.39215087890625 -0.08160400390625 -0.102165222167969
-0.15625 0.39862060546875 0.0261001586914062 0.0819854736328125
-0.375885009765625 0.361419677734375 -0.159957885742188 0.19439697265625
-0.131103515625 0.25390625 -0.545196533203125 0.457275390625
-0.00192260742187503 0.262130737304688 -0.172882080078125 0.447479248046875
0.115142822265625 0.183273315429688 0.0162506103515625 0.16290283203125
0.158920288085938 0.051422119140625 -0.0863265991210937 0.0744094848632813
0.143402099609375 -0.0165557861328125 -0.156463623046875 0.133804321289063
0.113021850585938 -0.105026245117188 -0.157745361328125 0.25225830078125
0.0814361572265625 -0.127464294433594 -0.067779541015625 0.383758544921875
0.0915985107421875 -0.120918273925781 -0.043304443359375 0.39984130859375
0.103408813476563 -0.129501342773438 -0.087738037109375 0.40032958984375
0.124366760253906 -0.0596694946289062 -0.2099609375 0.309600830078125
0.146987915039063 0.03271484375 -0.254119873046875 0.16436767578125
0.0829238891601563 0.109947204589844 -0.21771240234375 -0.00608825683593751
-0.0387420654296875 0.164169311523438 -0.0735549926757812 -0.0638809204101562
-0.0867156982421875 0.163604736328125 -0.0128936767578125 0.16357421875
-0.186309814453125 0.182388305664063 -0.27581787109375 0.290985107421875
-0.0701217651367188 0.00260925292968751 0.271636962890625 -0.3778076171875
-0.0302810668945312 0.0534210205078125 0.0352630615234375 -0.230026245117188
0.0430374145507813 0.0644073486328125 0.0263786315917969 0.05474853515625
0.0699310302734375 0.00738906860351563 0.195053100585938 0.0318450927734375
0.0586929321289063 -0.0586357116699219 0.256973266601563 -0.0977325439453125
-0.0154953002929687 -0.073822021484375 0.20477294921875 -0.292205810546875
-0.0475692749023438 -0.0635414123535156 0.068939208984375 -0.425445556640625
-0.028106689453125 -0.0458412170410156 0.03912353515625 -0.403594970703125
-0.0377426147460938 -0.0481681823730469 0.081512451171875 -0.386138916015625
0.0102729797363281 -0.0493316650390625 0.158004760742188 -0.281036376953125
0.039093017578125 -0.0220146179199219 0.135574340820313 -0.150192260742188
0.0375328063964844 0.0409889221191406 0.0810089111328125 -0.106712341308594
-0.0183677673339844 0.0455856323242188 0.0305938720703125 -0.217849731445313
-0.0472183227539063 0.0144119262695312 0.16021728515625 -0.473541259765625
-0.0330238342285156 -0.0529708862304687 0.62103271484375 -0.469970703125
-0.261489868164062 0.207107543945313 0.250244140625 -0.35894775390625
-0.114532470703125 0.248489379882813 0.0435028076171875 -0.222625732421875
0.0762481689453125 0.277587890625 0.0199928283691406 0.0497169494628906
0.208023071289063 0.11260986328125 0.1710205078125 0.0277099609375
0.225509643554687 -0.056854248046875 0.234085083007812 -0.0658721923828125
0.100555419921875 -0.194244384765625 0.188339233398438 -0.263351440429688
0.00947570800781251 -0.230926513671875 0.067779541015625 -0.38409423828125
0.043060302734375 -0.205474853515625 0.03607177734375 -0.350372314453125
0.0283050537109375 -0.229095458984375 0.078155517578125 -0.340850830078125
0.127151489257813 -0.181884765625 0.127914428710938 -0.240631103515625
0.222732543945312 -0.064361572265625 0.0948257446289063 -0.116012573242188
0.217666625976563 0.128555297851563 0.0473861694335938 -0.115364074707031
0.0321044921875 0.282958984375 0.0145263671875 -0.2479248046875
-0.112762451171875 0.263702392578125 0.172393798828125 -0.48260498046875
-0.232498168945313 0.170028686523437 0.59954833984375 -0.4725341796875
-0.414825439453125 0.3841552734375 0.165283203125 -0.28533935546875
-0.17669677734375 0.425689697265625 0.03094482421875 -0.16802978515625
0.1201171875 0.461883544921875 0.0221710205078125 0.0540122985839844
0.3369140625 0.201629638671875 0.141799926757813 0.0199127197265625
0.37237548828125 -0.054168701171875 0.18963623046875 -0.03363037109375
0.2047119140625 -0.29498291015625 0.145782470703125 -0.207046508789063
0.064117431640625 -0.367279052734375 0.05267333984375 -0.290313720703125
0.10711669921875 -0.33380126953125 0.0268096923828125 -0.243179321289063
0.090057373046875 -0.375213623046875 0.0621185302734375 -0.240219116210938
0.225341796875 -0.28857421875 0.07342529296875 -0.159378051757813
0.379974365234375 -0.100372314453125 0.0288658142089844 -0.0617599487304688
0.375823974609375 0.19903564453125 -0.00827026367187499 -0.113746643066406
0.085479736328125 0.48883056640625 -0.0137939453125 -0.263641357421875
-0.162384033203125 0.48590087890625 0.165740966796875 -0.44183349609375
-0.40118408203125 0.367462158203125 0.510772705078125 -0.40576171875
-0.502685546875 0.515411376953125 0.0331878662109375 -0.163558959960937
-0.19818115234375 0.56329345703125 0.00289154052734374 -0.0692977905273437
0.177490234375 0.5936279296875 0.02886962890625 0.06732177734375
0.442413330078125 0.25604248046875 0.101425170898438 0.013946533203125
0.477264404296875 -0.05792236328125 0.121376037597656 0.00389862060546875
0.27703857421875 -0.360748291015625 0.0812530517578125 -0.121658325195313
0.1082763671875 -0.45166015625 0.0291290283203125 -0.154052734375
0.15521240234375 -0.41162109375 0.0146636962890625 -0.0991134643554688
0.135711669921875 -0.462188720703125 0.0387802124023438 -0.100120544433594
0.288970947265625 -0.3514404296875 0.00592803955078126 -0.0468101501464844
0.483306884765625 -0.120880126953125 -0.0496826171875 0.0100173950195312
0.482513427734375 0.24169921875 -0.0764923095703125 -0.0947799682617187
0.12823486328125 0.62567138671875 -0.0457305908203125 -0.251754760742187
-0.18695068359375 0.63629150390625 0.141845703125 -0.34478759765625
-0.51190185546875 0.5037841796875 0.365936279296875 -0.28155517578125
-0.5137939453125 0.57391357421875 -0.127548217773438 -0.00515747070312494
-0.18157958984375 0.63153076171875 -0.0342979431152344 0.0623588562011719
0.22503662109375 0.63934326171875 0.0336685180664063 0.0870819091796875
0.494598388671875 0.26239013671875 0.0464935302734375 0.0158538818359375
0.515380859375 -0.062713623046875 0.0362510681152344 0.048065185546875
0.307861328125 -0.37908935546875 0.0058717727661133 -0.0135459899902344
0.133026123046875 -0.466949462890625 0.000589847564697274 0.00515604019165036
0.178619384765625 -0.425933837890625 -0.000366210937499983 0.0589828491210937
0.160247802734375 -0.476593017578125 0.00928497314453126 0.0576400756835937
0.309844970703125 -0.351287841796875 -0.0636367797851562 0.0797348022460937
0.506072998046875 -0.113677978515625 -0.127479553222656 0.0863494873046875
0.499298095703125 0.252288818359375 -0.141632080078125 -0.061431884765625
0.13336181640625 0.656005859375 -0.07110595703125 -0.210784912109375
-0.19342041015625 0.67083740234375 0.108642578125 -0.20208740234375
-0.54254150390625 0.5491943359375 0.189605712890625 -0.116790771484375
-0.44329833984375 0.55377197265625 -0.287811279296875 0.169708251953125
-0.13018798828125 0.5982666015625 -0.07513427734375 0.207061767578125
0.2353515625 0.57342529296875 0.0325851440429688 0.110565185546875
0.458099365234375 0.221038818359375 -0.0131130218505859 0.0297946929931641
0.463958740234375 -0.0616455078125 -0.0491409301757812 0.09375
0.28399658203125 -0.340484619140625 -0.0666275024414062 0.0993194580078125
0.13201904296875 -0.413330078125 -0.02593994140625 0.1639404296875
0.17230224609375 -0.377685546875 -0.0154266357421875 0.208084106445313
0.16229248046875 -0.41632080078125 -0.02325439453125 0.207061767578125
0.280364990234375 -0.29290771484375 -0.125274658203125 0.192764282226562
0.4420166015625 -0.07855224609375 -0.190582275390625 0.146041870117187
0.414215087890625 0.231231689453125 -0.188491821289062 -0.0271759033203125
0.0911865234375 0.5684814453125 -0.0831146240234375 -0.153335571289062
-0.18157958984375 0.58038330078125 0.0690841674804687 -0.0497550964355468
-0.491607666015625 0.497772216796875 0.00734710693359372 0.0518302917480469
-0.309844970703125 0.4398193359375 -0.42791748046875 0.332427978515625
-0.0670471191406249 0.463409423828125 -0.1201171875 0.339385986328125
0.191253662109375 0.4073486328125 0.025665283203125 0.135421752929688
0.33477783203125 0.14544677734375 -0.0603256225585937 0.0513420104980469
0.328155517578125 -0.043975830078125 -0.116287231445313 0.124435424804688
0.212905883789063 -0.242843627929687 -0.123458862304687 0.19342041015625
0.1119384765625 -0.29473876953125 -0.047454833984375 0.29608154296875
0.1395263671875 -0.270217895507813 -0.028564453125 0.32562255859375
0.140167236328125 -0.29339599609375 -0.05487060546875 0.32562255859375
0.214065551757813 -0.187408447265625 -0.172897338867187 0.271804809570313
0.31048583984375 -0.0233154296875 -0.2293701171875 0.1707763671875
0.2596435546875 0.182418823242188 -0.211044311523438 -0.00645446777343745
0.021331787109375 0.38677978515625 -0.08038330078125 -0.0995407104492187
-0.146697998046875 0.391204833984375 0.029052734375 0.0789337158203125
-0.36614990234375 0.363555908203125 -0.152755737304688 0.195526123046875
-0.127532958984375 0.254257202148438 -0.528594970703125 0.45574951171875
0.00158691406250001 0.2586669921875 -0.160736083984375 0.440948486328125
0.119125366210937 0.180587768554687 0.0224151611328125 0.160629272460937
0.158706665039063 0.048858642578125 -0.0795211791992187 0.0739898681640625
0.141708374023438 -0.019500732421875 -0.150314331054688 0.1317138671875
0.107574462890625 -0.105918884277344 -0.153289794921875 0.249969482421875
0.0746078491210938 -0.127723693847656 -0.0606689453125 0.37841796875
0.0859527587890625 -0.121353149414063 -0.035614013671875 0.393341064453125
0.0977706909179687 -0.129447937011719 -0.079132080078125 0.39447021484375
0.119049072265625 -0.0605087280273438 -0.1993408203125 0.305908203125
0.1451416015625 0.027008056640625 -0.243911743164063 0.164047241210938
0.0844879150390625 0.10589599609375 -0.212234497070313 -0.00119018554687499
-0.034332275390625 0.164825439453125 -0.0716629028320313 -0.0609054565429688
-0.0827484130859375 0.1622314453125 -0.00692749023437501 0.158920288085938
-0.182662963867188 0.183456420898438 -0.263580322265625 0.29217529296875
-0.0678253173828125 0.000751495361328121 0.27215576171875 -0.380096435546875
-0.0309677124023438 0.0524978637695312 0.0326385498046875 -0.229827880859375
0.0413017272949219 0.0645332336425781 0.0266342163085938 0.0548515319824219
0.06787109375 0.0085601806640625 0.193740844726563 0.02978515625
0.0569000244140625 -0.0587348937988281 0.255828857421875 -0.09906005859375
-0.016754150390625 -0.0723037719726562 0.204254150390625 -0.292144775390625
-0.0469970703125 -0.0608406066894531 0.06597900390625 -0.42535400390625
-0.0276260375976562 -0.0436439514160156 0.037353515625 -0.406280517578125
-0.0386619567871094 -0.0457267761230469 0.08062744140625 -0.390411376953125
0.00929641723632812 -0.0485420227050781 0.1591796875 -0.282501220703125
0.0373878479003906 -0.0210838317871094 0.13543701171875 -0.149993896484375
0.0375137329101563 0.0411109924316406 0.0803070068359375 -0.107376098632813
-0.0178718566894531 0.0424308776855469 0.0287322998046875 -0.217697143554687
-0.0445518493652344 0.0121841430664062 0.156463623046875 -0.471710205078125
-0.0313987731933594 -0.0523834228515625 0.6177978515625 -0.47320556640625
-0.259078979492188 0.207504272460937 0.250213623046875 -0.363983154296875
-0.114990234375 0.248260498046875 0.040283203125 -0.22454833984375
0.0771942138671875 0.277130126953125 0.0207061767578125 0.050384521484375
0.2060546875 0.112258911132812 0.169479370117187 0.0254058837890625
0.224166870117188 -0.0587158203125 0.234222412109375 -0.0677642822265625
0.09649658203125 -0.192413330078125 0.1865234375 -0.262725830078125
0.006927490234375 -0.228179931640625 0.064361572265625 -0.3834228515625
0.0417938232421875 -0.204574584960937 0.03533935546875 -0.352386474609375
0.02508544921875 -0.226715087890625 0.07598876953125 -0.345458984375
0.123626708984375 -0.180770874023438 0.128860473632812 -0.24176025390625
0.22100830078125 -0.064483642578125 0.0953903198242188 -0.114730834960938
0.218902587890625 0.127960205078125 0.0464706420898438 -0.11749267578125
0.033935546875 0.280548095703125 0.0124359130859375 -0.248886108398437
-0.110519409179687 0.261093139648438 0.167816162109375 -0.480865478515625
-0.23175048828125 0.171890258789063 0.59796142578125 -0.47247314453125
-0.41290283203125 0.386138916015625 0.166473388671875 -0.291290283203125
-0.176025390625 0.425537109375 0.02777099609375 -0.171875
0.12408447265625 0.463958740234375 0.023834228515625 0.0557365417480469
0.335357666015625 0.200164794921875 0.141693115234375 0.0175933837890625
0.37176513671875 -0.058868408203125 0.191070556640625 -0.03662109375
0.19818115234375 -0.29278564453125 0.14251708984375 -0.205810546875
0.057891845703125 -0.364776611328125 0.048980712890625 -0.2901611328125
0.105072021484375 -0.335357666015625 0.0266571044921875 -0.244522094726563
0.0848388671875 -0.373291015625 0.061309814453125 -0.243804931640625
0.2213134765625 -0.28662109375 0.0742340087890625 -0.1593017578125
0.377197265625 -0.10125732421875 0.0306015014648438 -0.060028076171875
0.37939453125 0.19854736328125 -0.00904083251953124 -0.115615844726562
0.08807373046875 0.4874267578125 -0.01531982421875 -0.265350341796875
-0.160186767578125 0.48199462890625 0.16253662109375 -0.442047119140625
-0.4014892578125 0.37188720703125 0.50958251953125 -0.407135009765625
-0.501434326171875 0.52008056640625 0.0334930419921875 -0.169143676757812
-0.19940185546875 0.56512451171875 2.28881835937435E-05 -0.0736618041992187
0.18414306640625 0.59539794921875 0.0322914123535156 0.06976318359375
0.443389892578125 0.252288818359375 0.102180480957031 0.010711669921875
0.478302001953125 -0.064208984375 0.123580932617188 -0.000152587890625004
0.27099609375 -0.36016845703125 0.0776901245117188 -0.120628356933594
0.100189208984375 -0.447967529296875 0.025909423828125 -0.1539306640625
0.15191650390625 -0.413543701171875 0.0156707763671875 -0.099334716796875
0.1304931640625 -0.462249755859375 0.03765869140625 -0.102218627929688
0.28533935546875 -0.34930419921875 0.00734329223632814 -0.0454368591308594
0.481414794921875 -0.12274169921875 -0.0470428466796875 0.0119094848632812
0.486114501953125 0.24127197265625 -0.0766448974609375 -0.0962066650390625
0.13128662109375 0.62744140625 -0.047821044921875 -0.253799438476562
-0.18719482421875 0.63385009765625 0.141357421875 -0.345977783203125
-0.512939453125 0.508575439453125 0.3658447265625 -0.27984619140625
-0.5140380859375 0.58123779296875 -0.125534057617188 -0.00968933105468749
-0.1800537109375 0.63397216796875 -0.0365333557128906 0.0584220886230469
0.2315673828125 0.64117431640625 0.038909912109375 0.089111328125
0.49658203125 0.259674072265625 0.0480766296386719 0.0137252807617188
0.5169677734375 -0.068267822265625 0.0388984680175782 0.0450782775878906
0.300262451171875 -0.3798828125 0.00185203552246096 -0.0122976303100586
0.12371826171875 -0.46588134765625 -0.00144624710083007 0.0060467720031738
0.174835205078125 -0.429046630859375 0.000614166259765638 0.0605201721191406
0.155853271484375 -0.47613525390625 0.00856781005859376 0.0572853088378906
0.304229736328125 -0.350250244140625 -0.062774658203125 0.0815277099609375
0.504638671875 -0.1170654296875 -0.124908447265625 0.0889129638671875
0.503448486328125 0.249969482421875 -0.141494750976563 -0.0621490478515625
0.13616943359375 0.65789794921875 -0.0729522705078125 -0.212905883789062
-0.1937255859375 0.66961669921875 0.108261108398438 -0.203887939453125
-0.545501708984375 0.553009033203125 0.18927001953125 -0.115341186523437
-0.4442138671875 0.55950927734375 -0.286712646484375 0.1671142578125
-0.130126953125 0.60260009765625 -0.076202392578125 0.204727172851563
0.24261474609375 0.57562255859375 0.0380935668945313 0.112319946289063
0.461181640625 0.217864990234375 -0.010080337524414 0.0277996063232422
0.46514892578125 -0.066314697265625 -0.046600341796875 0.0911026000976562
0.2774658203125 -0.341064453125 -0.07037353515625 0.101036071777344
0.123870849609375 -0.41204833984375 -0.026947021484375 0.16552734375
0.16888427734375 -0.380889892578125 -0.0137481689453125 0.210556030273437
0.1568603515625 -0.416717529296875 -0.02392578125 0.208724975585937
0.27630615234375 -0.29132080078125 -0.124588012695313 0.194503784179687
0.439666748046875 -0.08087158203125 -0.187911987304687 0.147415161132813
0.418853759765625 0.22998046875 -0.188308715820312 -0.02783203125
0.0932006835937499 0.5714111328125 -0.084320068359375 -0.154922485351562
-0.1827392578125 0.57830810546875 0.070037841796875 -0.0509872436523437
-0.49365234375 0.502716064453125 0.00752639770507809 0.0545120239257813
-0.31011962890625 0.44464111328125 -0.425811767578125 0.331756591796875
-0.066864013671875 0.46722412109375 -0.1197509765625 0.33837890625
0.1990966796875 0.409271240234375 0.0314178466796875 0.136726379394531
0.3377685546875 0.1439208984375 -0.056976318359375 0.0500526428222656
0.33099365234375 -0.04852294921875 -0.114517211914063 0.122978210449219
0.208663940429688 -0.243621826171875 -0.126846313476563 0.195068359375
0.10552978515625 -0.29443359375 -0.04827880859375 0.2974853515625
0.136886596679688 -0.272781372070313 -0.02685546875 0.32916259765625
0.136444091796875 -0.29449462890625 -0.054290771484375 0.327728271484375
0.210708618164063 -0.186691284179688 -0.172286987304688 0.273590087890625
0.3092041015625 -0.026153564453125 -0.227508544921875 0.171707153320312
0.2618408203125 0.181442260742188 -0.209732055664062 -0.00575256347656248
0.024078369140625 0.39068603515625 -0.0812911987304688 -0.100791931152344
-0.146881103515625 0.39031982421875 0.0306243896484375 0.077301025390625
-0.367156982421875 0.367279052734375 -0.151596069335938 0.198486328125
-0.130020141601563 0.258377075195312 -0.526336669921875 0.45538330078125
0.00193786621093749 0.26055908203125 -0.1591796875 0.440399169921875
0.123184204101563 0.18206787109375 0.0276336669921875 0.161544799804688
0.1612548828125 0.0477142333984375 -0.0765838623046875 0.0724945068359375
0.144073486328125 -0.0214385986328125 -0.149505615234375 0.131103515625
0.106185913085937 -0.106979370117188 -0.15618896484375 0.25146484375
0.0707778930664063 -0.128631591796875 -0.06011962890625 0.379974365234375
0.084014892578125 -0.123550415039063 -0.03466796875 0.39752197265625
0.0960464477539063 -0.13037109375 -0.077789306640625 0.397857666015625
0.117881774902344 -0.0611419677734375 -0.198577880859375 0.307708740234375
0.14520263671875 0.0240631103515625 -0.241683959960937 0.164779663085938
0.0866165161132813 0.105377197265625 -0.211044311523438 0.00105285644531255
-0.0325775146484375 0.168533325195312 -0.0719070434570313 -0.0615997314453125
-0.0831756591796875 0.163421630859375 -0.004241943359375 0.1580810546875
-0.184951782226563 0.186553955078125 -0.262237548828125 0.296234130859375
-0.0675430297851563 -0.000694274902343739 0.27349853515625 -0.3970947265625
-0.0318489074707031 0.0532760620117188 0.030426025390625 -0.236404418945312
0.0418434143066406 0.066253662109375 0.0283622741699219 0.0565299987792969
0.0683021545410156 0.0101051330566406 0.197113037109375 0.0275115966796875
0.0547943115234375 -0.0602340698242188 0.260604858398438 -0.104690551757813
-0.0191574096679687 -0.0720062255859375 0.205902099609375 -0.300933837890625
-0.047454833984375 -0.0598487854003906 0.0604248046875 -0.43719482421875
-0.0278778076171875 -0.0432968139648438 0.032318115234375 -0.4202880859375
-0.041168212890625 -0.04473876953125 0.076629638671875 -0.405426025390625
0.00787734985351563 -0.0491218566894531 0.161590576171875 -0.292022705078125
0.0368232727050781 -0.0213356018066406 0.136520385742188 -0.153076171875
0.0395050048828125 0.0414352416992188 0.0800704956054688 -0.111892700195313
-0.0179290771484375 0.0406494140625 0.0262451171875 -0.223236083984375
-0.0433158874511719 0.0101966857910156 0.150787353515625 -0.482513427734375
-0.0308418273925781 -0.0531692504882813 0.62530517578125 -0.491455078125
-0.26123046875 0.214492797851563 0.25225830078125 -0.379974365234375
-0.116180419921875 0.254425048828125 0.0369415283203125 -0.232040405273437
0.083221435546875 0.284088134765625 0.0237846374511719 0.0528831481933594
0.210617065429687 0.114273071289062 0.173065185546875 0.0229034423828125
0.226593017578125 -0.0645294189453125 0.239273071289063 -0.0733642578125
0.093505859375 -0.1949462890625 0.18695068359375 -0.26910400390625
0.00239562988281249 -0.229934692382812 0.059539794921875 -0.393341064453125
0.0406341552734375 -0.210067749023438 0.03204345703125 -0.363677978515625
0.0204010009765625 -0.230117797851563 0.073272705078125 -0.35888671875
0.12286376953125 -0.184967041015625 0.130661010742188 -0.249465942382812
0.22381591796875 -0.0679931640625 0.0973129272460938 -0.117225646972656
0.22747802734375 0.128555297851563 0.045562744140625 -0.122177124023437
0.03863525390625 0.284820556640625 0.00854492187500001 -0.25592041015625
-0.108322143554687 0.2655029296875 0.16259765625 -0.492645263671875
-0.233688354492188 0.180877685546875 0.606201171875 -0.49029541015625
-0.41717529296875 0.40228271484375 0.16766357421875 -0.306396484375
-0.17718505859375 0.438323974609375 0.0236663818359375 -0.179061889648437
0.1339111328125 0.4752197265625 0.0288238525390625 0.0586395263671875
0.3448486328125 0.202392578125 0.145294189453125 0.014312744140625
0.37921142578125 -0.06781005859375 0.195724487304688 -0.0426788330078125
0.195037841796875 -0.2998046875 0.14263916015625 -0.21075439453125
0.050201416015625 -0.369781494140625 0.04449462890625 -0.296539306640625
0.10235595703125 -0.345611572265625 0.0259552001953125 -0.252105712890625
0.078460693359375 -0.38189697265625 0.05780029296875 -0.25384521484375
0.22064208984375 -0.294036865234375 0.076141357421875 -0.163665771484375
0.3836669921875 -0.1090087890625 0.0318641662597657 -0.0601463317871094
0.3936767578125 0.19830322265625 -0.01129150390625 -0.120338439941406
0.0975036621093749 0.498382568359375 -0.0208587646484375 -0.272750854492187
-0.15899658203125 0.492156982421875 0.158905029296875 -0.453399658203125
-0.407958984375 0.387939453125 0.51593017578125 -0.421356201171875
-0.506591796875 0.54156494140625 0.0341033935546875 -0.179885864257812
-0.1990966796875 0.5828857421875 -0.00296020507812502 -0.0788345336914062
0.1993408203125 0.60894775390625 0.0389785766601563 0.0722351074218751
0.455535888671875 0.25421142578125 0.105278015136719 0.00763702392578127
0.488372802734375 -0.076171875 0.127731323242188 -0.00443267822265626
0.268310546875 -0.369415283203125 0.0760498046875 -0.122283935546875
0.091156005859375 -0.456634521484375 0.0224456787109375 -0.15740966796875
0.149078369140625 -0.427642822265625 0.0156326293945313 -0.102249145507813
0.122802734375 -0.473541259765625 0.0359115600585938 -0.106819152832031
0.28472900390625 -0.3565673828125 0.00841140747070315 -0.0460166931152344
0.489044189453125 -0.13360595703125 -0.0458755493164062 0.0149002075195312
0.50506591796875 0.24114990234375 -0.0799102783203125 -0.0996932983398437
0.143798828125 0.6419677734375 -0.0546112060546875 -0.261016845703125
-0.18487548828125 0.64837646484375 0.137481689453125 -0.35467529296875
-0.521728515625 0.5311279296875 0.37078857421875 -0.287841796875
-0.5208740234375 0.60760498046875 -0.127449035644531 -0.0139007568359375
-0.180908203125 0.65411376953125 -0.0391845703125 0.0569267272949219
0.25079345703125 0.65643310546875 0.04638671875 0.0927276611328125
0.51214599609375 0.2591552734375 0.0512428283691407 0.0107803344726563
0.5286865234375 -0.082061767578125 0.0422134399414063 0.0422286987304687
0.2972412109375 -0.390167236328125 -0.00160312652587889 -0.0100736618041992
0.114013671875 -0.475921630859375 -0.00315141677856445 0.00718164443969724
0.170562744140625 -0.443817138671875 0.00358200073242188 0.0633888244628906
0.149627685546875 -0.48931884765625 0.00830841064453126 0.0594024658203125
0.3043212890625 -0.359375 -0.0624542236328125 0.0857772827148437
0.5142822265625 -0.126190185546875 -0.123924255371094 0.0936813354492188
0.5238037109375 0.25225830078125 -0.146133422851562 -0.0634613037109375
0.1494140625 0.6759033203125 -0.079681396484375 -0.2188720703125
-0.192626953125 0.68536376953125 0.107009887695313 -0.209823608398437
-0.5555419921875 0.5780029296875 0.192550659179688 -0.117767333984375
-0.45159912109375 0.584228515625 -0.290130615234375 0.170562744140625
-0.12884521484375 0.62017822265625 -0.0778656005859375 0.208328247070313
0.26116943359375 0.58953857421875 0.0465545654296875 0.115203857421875
0.476287841796875 0.217041015625 -0.00823402404785153 0.0261516571044922
0.477508544921875 -0.079376220703125 -0.0448074340820312 0.0904998779296875
0.27593994140625 -0.351165771484375 -0.0741043090820313 0.106376647949219
0.11474609375 -0.421234130859375 -0.0270843505859375 0.17138671875
0.165771484375 -0.39483642578125 -0.00933837890625 0.217514038085938
0.15155029296875 -0.428253173828125 -0.0219879150390625 0.21649169921875
0.277069091796875 -0.299041748046875 -0.124755859375 0.203109741210937
0.4486083984375 -0.090301513671875 -0.187713623046875 0.154052734375
0.434600830078125 0.23150634765625 -0.192626953125 -0.02655029296875
0.10455322265625 0.58819580078125 -0.0906829833984375 -0.158767700195312
-0.18328857421875 0.593505859375 0.0710830688476563 -0.0541229248046875
-0.504913330078125 0.52490234375 0.00832366943359372 0.0586776733398438
-0.31591796875 0.464874267578125 -0.43292236328125 0.341156005859375
-0.06524658203125 0.48162841796875 -0.119537353515625 0.346771240234375
0.213592529296875 0.41802978515625 0.039825439453125 0.139671325683594
0.349456787109375 0.142181396484375 -0.0549507141113281 0.0498313903808594
0.340118408203125 -0.057647705078125 -0.114425659179687 0.125175476074219
0.208282470703125 -0.25164794921875 -0.129837036132812 0.203277587890625
0.099334716796875 -0.30096435546875 -0.04571533203125 0.3074951171875
0.13433837890625 -0.2833251953125 -0.021209716796875 0.339447021484375
0.1329345703125 -0.303009033203125 -0.051025390625 0.340240478515625
0.211669921875 -0.191238403320312 -0.17352294921875 0.28326416015625
0.314727783203125 -0.033660888671875 -0.228515625 0.17901611328125
0.272491455078125 0.18328857421875 -0.214309692382813 -0.00352478027343753
0.030303955078125 0.40277099609375 -0.0861434936523438 -0.1029052734375
-0.1475830078125 0.400543212890625 0.0334701538085938 0.0776824951171875
-0.376312255859375 0.383575439453125 -0.152206420898438 0.208358764648438
-0.132843017578125 0.269622802734375 -0.532257080078125 0.47222900390625
0.00407409667968749 0.26824951171875 -0.157196044921875 0.45452880859375
0.131881713867188 0.1859130859375 0.0343780517578125 0.163925170898438
0.16766357421875 0.0456085205078125 -0.07464599609375 0.0737228393554688
0.149566650390625 -0.0257110595703125 -0.151107788085938 0.135467529296875
0.106620788574219 -0.110649108886719 -0.159271240234375 0.260406494140625
0.0677413940429687 -0.132270812988281 -0.056915283203125 0.390838623046875
0.0832748413085938 -0.128868103027344 -0.02935791015625 0.4095458984375
0.0955123901367188 -0.135856628417969 -0.07342529296875 0.41302490234375
0.118782043457031 -0.0633697509765625 -0.20111083984375 0.31866455078125
0.148330688476563 0.0207366943359375 -0.24420166015625 0.1707763671875
0.0915451049804688 0.106758117675781 -0.214889526367188 0.00376892089843747
-0.0295867919921875 0.175735473632813 -0.0748672485351563 -0.0617141723632813
-0.0838470458984375 0.168930053710938 -0.000350952148437492 0.160751342773437
-0.190277099609375 0.19573974609375 -0.26446533203125 0.3089599609375
-0.0682792663574219 -0.000305175781250009 0.2667236328125 -0.4219970703125
-0.0315132141113281 0.05572509765625 0.022003173828125 -0.245468139648438
0.0450401306152344 0.0680351257324219 0.0325584411621094 0.0574378967285156
0.0701332092285156 0.00986099243164063 0.20269775390625 0.02020263671875
0.0530052185058594 -0.0635185241699219 0.263427734375 -0.11871337890625
-0.0238418579101563 -0.071014404296875 0.201446533203125 -0.317626953125
-0.05035400390625 -0.0579414367675781 0.043060302734375 -0.45196533203125
-0.0293769836425781 -0.0427665710449219 0.015228271484375 -0.43743896484375
-0.0445709228515625 -0.0415878295898438 0.061614990234375 -0.426910400390625
0.00533676147460937 -0.0503044128417969 0.157135009765625 -0.309234619140625
0.0362472534179688 -0.0214576721191406 0.1351318359375 -0.161773681640625
0.0426979064941406 0.0405311584472656 0.0772552490234375 -0.119560241699219
-0.0175132751464844 0.0396041870117188 0.0176544189453125 -0.231842041015625
-0.0428314208984375 0.00923538208007812 0.135223388671875 -0.50115966796875
-0.0315437316894531 -0.0530052185058594 0.623779296875 -0.52880859375
-0.2591552734375 0.230361938476563 0.245697021484375 -0.405914306640625
-0.11151123046875 0.265960693359375 0.027496337890625 -0.242279052734375
0.097259521484375 0.291107177734375 0.0297012329101563 0.0543098449707031
0.220657348632813 0.111846923828125 0.177719116210938 0.014923095703125
0.229934692382813 -0.076019287109375 0.24249267578125 -0.0869293212890625
0.086181640625 -0.201904296875 0.18182373046875 -0.283233642578125
-0.00779724121093752 -0.23321533203125 0.043853759765625 -0.408233642578125
0.03289794921875 -0.217269897460938 0.018035888671875 -0.378875732421875
0.010101318359375 -0.235671997070313 0.05914306640625 -0.377105712890625
0.11749267578125 -0.19378662109375 0.12725830078125 -0.263809204101563
0.226959228515625 -0.0783233642578125 0.096954345703125 -0.123199462890625
0.241775512695312 0.12347412109375 0.041229248046875 -0.1292724609375
0.050537109375 0.290802001953125 -0.00329589843749997 -0.26531982421875
-0.10174560546875 0.274368286132813 0.1478271484375 -0.512664794921875
-0.235031127929688 0.197799682617188 0.60345458984375 -0.52935791015625
-0.412872314453125 0.4317626953125 0.160888671875 -0.328521728515625
-0.16864013671875 0.457733154296875 0.015289306640625 -0.189056396484375
0.1612548828125 0.4854736328125 0.036407470703125 0.0600242614746094
0.360809326171875 0.19659423828125 0.149337768554688 0.00660705566406251
0.385894775390625 -0.08697509765625 0.199478149414063 -0.053985595703125
0.186187744140625 -0.31219482421875 0.136856079101562 -0.22088623046875
0.034576416015625 -0.37841796875 0.031982421875 -0.307281494140625
0.091766357421875 -0.360504150390625 0.016632080078125 -0.262527465820312
0.062744140625 -0.39410400390625 0.047698974609375 -0.267791748046875
0.21429443359375 -0.309478759765625 0.074249267578125 -0.17181396484375
0.38995361328125 -0.126800537109375 0.0330276489257813 -0.0621528625488281
0.4168701171875 0.18975830078125 -0.0179519653320312 -0.125343322753906
0.120208740234375 0.510498046875 -0.0347137451171875 -0.28070068359375
-0.1468505859375 0.510894775390625 0.144317626953125 -0.4718017578125
-0.40631103515625 0.42095947265625 0.515716552734375 -0.45257568359375
-0.5018310546875 0.58160400390625 0.0276336669921875 -0.193557739257812
-0.1851806640625 0.61114501953125 -0.00966644287109375 -0.0852890014648437
0.23443603515625 0.62158203125 0.0491714477539063 0.0727996826171875
0.480072021484375 0.245941162109375 0.109329223632813 0.000968933105468765
0.49981689453125 -0.10198974609375 0.132537841796875 -0.012969970703125
0.258514404296875 -0.388153076171875 0.0718307495117188 -0.126914978027344
0.0705566406249999 -0.469024658203125 0.0149993896484375 -0.162872314453125
0.134552001953125 -0.447174072265625 0.0140457153320313 -0.106964111328125
0.104095458984375 -0.491668701171875 0.0318222045898438 -0.112579345703125
0.277557373046875 -0.377105712890625 0.00870132446289064 -0.0462760925292969
0.499053955078125 -0.155975341796875 -0.0441627502441406 0.0180168151855469
0.533111572265625 0.2301025390625 -0.087677001953125 -0.101112365722656
0.17333984375 0.65899658203125 -0.0697784423828125 -0.266891479492187
-0.16815185546875 0.67279052734375 0.127105712890625 -0.36962890625
-0.51983642578125 0.5712890625 0.3717041015625 -0.308990478515625
-0.513916015625 0.6500244140625 -0.1326904296875 -0.0148849487304687
-0.16290283203125 0.6837158203125 -0.0414237976074219 0.0570907592773438
0.2911376953125 0.6676025390625 0.0587081909179688 0.0929489135742188
0.537628173828125 0.248992919921875 0.0543708801269532 0.00635147094726564
0.542816162109375 -0.1104736328125 0.0465431213378907 0.0386276245117187
0.287872314453125 -0.4112548828125 -0.004061222076416 -0.00838041305541995
0.093353271484375 -0.4893798828125 -0.00520563125610351 0.00845050811767575
0.158416748046875 -0.466339111328125 0.00789260864257814 0.0651054382324218
0.130462646484375 -0.50872802734375 0.00997543334960938 0.0612373352050781
0.3001708984375 -0.379425048828125 -0.0591659545898437 0.0924606323242187
0.523651123046875 -0.151336669921875 -0.121955871582031 0.1025390625
0.55206298828125 0.2408447265625 -0.154129028320312 -0.06134033203125
0.18084716796875 0.6939697265625 -0.094757080078125 -0.222183227539062
-0.1766357421875 0.712646484375 0.101699829101563 -0.219802856445312
-0.554443359375 0.62127685546875 0.19384765625 -0.125762939453125
-0.44451904296875 0.625 -0.29364013671875 0.1824951171875
-0.11138916015625 0.6473388671875 -0.07501220703125 0.215621948242188
0.29962158203125 0.5982666015625 0.0589218139648438 0.1160888671875
0.500732421875 0.204803466796875 -0.00558280944824216 0.0248546600341797
0.4908447265625 -0.10546875 -0.0417633056640625 0.0925369262695313
0.268280029296875 -0.3707275390625 -0.0753707885742187 0.115203857421875
0.097503662109375 -0.434722900390625 -0.02313232421875 0.179153442382812
0.152862548828125 -0.415863037109375 0.00123596191406253 0.227020263671875
0.136077880859375 -0.44732666015625 -0.0137481689453125 0.226470947265625
0.272979736328125 -0.316650390625 -0.119949340820312 0.216140747070312
0.45623779296875 -0.1119384765625 -0.185638427734375 0.16650390625
0.460357666015625 0.223297119140625 -0.199981689453125 -0.020782470703125
0.1319580078125 0.6055908203125 -0.102432250976562 -0.160354614257812
-0.1673583984375 0.61822509765625 0.0711746215820312 -0.0581283569335937
-0.50323486328125 0.56610107421875 0.0118255615234375 0.0636329650878906
-0.309600830078125 0.497406005859375 -0.43359375 0.3662109375
-0.05108642578125 0.501953125 -0.111846923828125 0.361785888671875
0.240570068359375 0.424163818359375 0.0518798828125 0.141082763671875
0.366973876953125 0.13189697265625 -0.053192138671875 0.0507965087890625
0.349761962890625 -0.076812744140625 -0.112297058105469 0.131217956542969
0.203094482421875 -0.266525268554688 -0.129531860351563 0.21612548828125
0.08697509765625 -0.311492919921875 -0.0362548828125 0.32000732421875
0.12518310546875 -0.29931640625 -0.00698852539062502 0.353729248046875
0.123321533203125 -0.317840576171875 -0.03851318359375 0.35711669921875
0.210159301757812 -0.204391479492188 -0.1676025390625 0.302001953125
0.322540283203125 -0.048126220703125 -0.226470947265625 0.19281005859375
0.290374755859375 0.177581787109375 -0.221389770507813 0.00434875488281246
0.048583984375 0.418212890625 -0.0951004028320313 -0.102737426757812
-0.13824462890625 0.418487548828125 0.0386962890625 0.0785598754882813
-0.376495361328125 0.415618896484375 -0.147140502929688 0.22412109375
-0.12994384765625 0.28619384765625 -0.531982421875 0.505035400390625
0.0135345458984375 0.278411865234375 -0.14593505859375 0.474090576171875
0.145401000976563 0.185775756835938 0.0447540283203125 0.1656494140625
0.175796508789063 0.039459228515625 -0.0728225708007813 0.0777969360351562
0.153961181640625 -0.0344696044921875 -0.14990234375 0.143722534179687
0.105369567871094 -0.118064880371094 -0.156341552734375 0.275741577148438
0.0627822875976563 -0.138572692871094 -0.04412841796875 0.406982421875
0.07958984375 -0.137504577636719 -0.0135498046875 0.427001953125
0.0914459228515625 -0.1448974609375 -0.05706787109375 0.433319091796875
0.119552612304688 -0.0691986083984375 -0.19476318359375 0.338592529296875
0.152450561523438 0.0130615234375 -0.243698120117188 0.18505859375
0.100074768066406 0.10614013671875 -0.221084594726563 0.013336181640625
-0.021697998046875 0.185348510742188 -0.0806121826171875 -0.0601882934570312
-0.0799102783203125 0.178695678710938 0.00758361816406248 0.165023803710938
-0.191452026367188 0.212127685546875 -0.257720947265625 0.332305908203125
-0.0685882568359375 0.00274276733398437 0.245758056640625 -0.4481201171875
-0.0288772583007812 0.057891845703125 0.00738525390625002 -0.252197265625
0.050628662109375 0.0667877197265625 0.0387954711914062 0.0560569763183594
0.07275390625 0.00800323486328125 0.205795288085938 0.0063018798828125
0.047576904296875 -0.0663375854492188 0.25860595703125 -0.137451171875
-0.0293540954589844 -0.0685043334960938 0.186859130859375 -0.334625244140625
-0.0537033081054688 -0.053985595703125 0.014404296875 -0.462890625
-0.0315666198730469 -0.0401878356933594 -0.013946533203125 -0.448822021484375
-0.0480117797851562 -0.0364456176757813 0.031585693359375 -0.442657470703125
0.000785827636718747 -0.0502662658691406 0.141845703125 -0.32635498046875
0.0349521636962891 -0.0224742889404297 0.128128051757813 -0.171310424804688
0.0461807250976563 0.0386199951171875 0.0695648193359375 -0.127655029296875
-0.0172348022460937 0.0389976501464844 0.00152587890624998 -0.2374267578125
-0.0417633056640625 0.00952911376953125 0.10345458984375 -0.515716552734375
-0.0339508056640625 -0.0518798828125 0.59844970703125 -0.573974609375
-0.2486572265625 0.249359130859375 0.222747802734375 -0.4322509765625
-0.098602294921875 0.277252197265625 0.011505126953125 -0.249740600585937
0.11895751953125 0.290618896484375 0.0376358032226563 0.0528411865234375
0.231048583984375 0.102386474609375 0.180221557617188 0.00239562988281251
0.226043701171875 -0.0917205810546875 0.239471435546875 -0.10418701171875
0.073577880859375 -0.207000732421875 0.168609619140625 -0.297882080078125
-0.023345947265625 -0.23321533203125 0.01763916015625 -0.41741943359375
0.02056884765625 -0.2227783203125 -0.00729370117187496 -0.38916015625
-0.00643920898437502 -0.237213134765625 0.0330810546875 -0.390869140625
0.106643676757813 -0.202423095703125 0.114593505859375 -0.277694702148438
0.225128173828125 -0.092193603515625 0.09283447265625 -0.129890441894531
0.255142211914062 0.109878540039062 0.03192138671875 -0.135398864746094
0.068603515625 0.2919921875 -0.022247314453125 -0.269454956054688
-0.087554931640625 0.283599853515625 0.11602783203125 -0.52752685546875
-0.22515869140625 0.216796875 0.57928466796875 -0.57183837890625
-0.39208984375 0.464752197265625 0.140716552734375 -0.347991943359375
-0.145416259765625 0.475921630859375 0.000564575195312497 -0.194808959960937
0.196929931640625 0.482879638671875 0.0463447570800781 0.057952880859375
0.379425048828125 0.1790771484375 0.150619506835938 -0.00534057617187499
0.384124755859375 -0.11376953125 0.198165893554688 -0.0691070556640625
0.166351318359375 -0.324676513671875 0.12506103515625 -0.23077392578125
0.00912475585937504 -0.381103515625 0.0118408203125 -0.315155029296875
0.0697021484375 -0.372222900390625 0.000549316406250018 -0.270660400390625
0.035308837890625 -0.401763916015625 0.0294342041015625 -0.277328491210938
0.19744873046875 -0.32489013671875 0.0666046142578125 -0.180526733398438
0.3876953125 -0.15301513671875 0.0319442749023438 -0.0634040832519531
0.43792724609375 0.165802001953125 -0.0277862548828125 -0.127616882324219
0.1536865234375 0.513671875 -0.0560302734375 -0.28271484375
-0.11907958984375 0.527923583984375 0.11480712890625 -0.485595703125
-0.388336181640625 0.45697021484375 0.49462890625 -0.48779296875
-0.4747314453125 0.6253662109375 0.0144348144531249 -0.203628540039063
-0.15252685546875 0.63134765625 -0.0187835693359375 -0.0888290405273437
0.2825927734375 0.61676025390625 0.06097412109375 0.069244384765625
0.50250244140625 0.220855712890625 0.109848022460938 -0.00897216796874999
0.49957275390625 -0.1385498046875 0.133018493652344 -0.0241775512695313
0.2354736328125 -0.4068603515625 0.0633621215820313 -0.130821228027344
0.03997802734375 -0.475738525390625 0.003448486328125 -0.166000366210938
0.106903076171875 -0.464691162109375 0.0080718994140625 -0.111366271972656
0.070098876953125 -0.502777099609375 0.023284912109375 -0.117820739746094
0.258026123046875 -0.39752197265625 0.0077629089355469 -0.0477333068847657
0.494598388671875 -0.18975830078125 -0.0415573120117187 0.0222930908203125
0.560882568359375 0.1993408203125 -0.0974807739257812 -0.098846435546875
0.21807861328125 0.6624755859375 -0.0912322998046875 -0.26593017578125
-0.13336181640625 0.69281005859375 0.10443115234375 -0.380950927734375
-0.49481201171875 0.61834716796875 0.3575439453125 -0.333526611328125
-0.48199462890625 0.69873046875 -0.13726806640625 -0.0125579833984374
-0.12518310546875 0.70892333984375 -0.04278564453125 0.0588912963867188
0.3426513671875 0.66046142578125 0.0720672607421875 0.0879364013671875
0.56341552734375 0.21759033203125 0.055694580078125 -0.000701904296874987
0.543182373046875 -0.151763916015625 0.0498466491699219 0.0334739685058594
0.264129638671875 -0.433197021484375 -0.00725555419921873 -0.00600194931030276
0.061981201171875 -0.496734619140625 -0.00609970092773437 0.00970458984374997
0.129119873046875 -0.486419677734375 0.0141677856445313 0.0655441284179687
0.096405029296875 -0.52459716796875 0.0142631530761719 0.0633277893066406
0.27899169921875 -0.4022216796875 -0.0528030395507812 0.099090576171875
0.519866943359375 -0.188018798828125 -0.115020751953125 0.112220764160156
0.5811767578125 0.2086181640625 -0.16143798828125 -0.0536346435546875
0.22869873046875 0.6981201171875 -0.1131591796875 -0.218353271484375
-0.13702392578125 0.73504638671875 0.0896759033203125 -0.228195190429687
-0.52783203125 0.6715087890625 0.189910888671875 -0.13653564453125
-0.4136962890625 0.6669921875 -0.2880859375 0.199462890625
-0.0749511718750001 0.66912841796875 -0.06634521484375 0.22320556640625
0.34820556640625 0.58966064453125 0.0735092163085938 0.11126708984375
0.523773193359375 0.17620849609375 -0.00351524353027341 0.0231132507324219
0.490875244140625 -0.14306640625 -0.0358123779296875 0.093505859375
0.2471923828125 -0.39208984375 -0.0712738037109375 0.123977661132813
0.067657470703125 -0.443206787109375 -0.0130615234375 0.184844970703125
0.12689208984375 -0.433563232421875 0.0181121826171875 0.23126220703125
0.106292724609375 -0.462677001953125 0.00155639648437501 0.23431396484375
0.257080078125 -0.337127685546875 -0.108001708984375 0.229385375976563
0.45538330078125 -0.144012451171875 -0.175994873046875 0.181045532226563
0.4852294921875 0.19671630859375 -0.206588745117187 -0.00849914550781249
0.17315673828125 0.61083984375 -0.11749267578125 -0.154891967773437
-0.1346435546875 0.63714599609375 0.0696487426757812 -0.0632057189941406
-0.4793701171875 0.61041259765625 0.0178260803222656 0.0672073364257813
-0.2852783203125 0.529083251953125 -0.41912841796875 0.395660400390625
-0.0213623046875 0.51641845703125 -0.093536376953125 0.3746337890625
0.276031494140625 0.416961669921875 0.06610107421875 0.136947631835938
0.382537841796875 0.109344482421875 -0.0491256713867187 0.0533065795898437
0.35101318359375 -0.1033935546875 -0.104736328125 0.137771606445313
0.18743896484375 -0.282623291015625 -0.120391845703125 0.229812622070313
0.06573486328125 -0.318878173828125 -0.018035888671875 0.329132080078125
0.107025146484375 -0.313568115234375 0.017791748046875 0.362213134765625
0.101959228515625 -0.331207275390625 -0.013153076171875 0.369049072265625
0.199615478515625 -0.219314575195313 -0.150970458984375 0.319000244140625
0.322296142578125 -0.07110595703125 -0.216888427734375 0.209884643554687
0.308380126953125 0.16192626953125 -0.224899291992187 0.01910400390625
0.077880859375 0.4249267578125 -0.104423522949219 -0.0970001220703124
-0.116546630859375 0.433746337890625 0.045562744140625 0.0768890380859375
-0.3594970703125 0.448486328125 -0.133148193359375 0.239532470703125
-0.115447998046875 0.301788330078125 -0.509521484375 0.54345703125
0.030303955078125 0.2835693359375 -0.11968994140625 0.49237060546875
0.160858154296875 0.179306030273438 0.057769775390625 0.162506103515625
0.18182373046875 0.027587890625 -0.0668869018554687 0.0819168090820313
0.155609130859375 -0.04718017578125 -0.141891479492188 0.153945922851563
0.0997161865234375 -0.127265930175781 -0.144073486328125 0.2916259765625
0.0533447265625 -0.14373779296875 -0.0196533203125 0.41998291015625
0.0709228515625 -0.14556884765625 0.016815185546875 0.4383544921875
0.08245849609375 -0.1534423828125 -0.027374267578125 0.446746826171875
0.1160888671875 -0.0779342651367188 -0.176361083984375 0.358001708984375
0.153839111328125 0.0019989013671875 -0.235748291015625 0.201324462890625
0.109687805175781 0.100883483886719 -0.223312377929688 0.02838134765625
-0.00758361816406249 0.19305419921875 -0.0863800048828125 -0.05438232421875
-0.0712890625 0.187225341796875 0.0198822021484375 0.166473388671875
-0.1829833984375 0.23126220703125 -0.2384033203125 0.356170654296875
-0.0670700073242188 0.00513076782226561 0.2120361328125 -0.459991455078125
-0.0247383117675781 0.0584297180175781 -0.0100250244140625 -0.250717163085938
0.0548820495605469 0.0629501342773438 0.0439224243164063 0.051422119140625
0.07305908203125 0.00479888916015625 0.201034545898438 -0.008453369140625
0.0416717529296875 -0.0669059753417969 0.24444580078125 -0.151199340820313
-0.03338623046875 -0.0624656677246094 0.1641845703125 -0.341400146484375
-0.0554084777832031 -0.0482101440429688 -0.016693115234375 -0.457672119140625
-0.03271484375 -0.0370101928710938 -0.046295166015625 -0.443878173828125
-0.0494194030761719 -0.0297813415527344 -0.00186157226562497 -0.441375732421875
-0.00302505493164062 -0.0484161376953125 0.1197509765625 -0.333404541015625
0.0330829620361328 -0.0234470367431641 0.1162109375 -0.1751708984375
0.0483322143554688 0.0349807739257813 0.0582504272460938 -0.130172729492188
-0.0166664123535156 0.0379753112792969 -0.015869140625 -0.234771728515625
-0.0400505065917969 0.0101203918457031 0.066864013671875 -0.510955810546875
-0.0344200134277344 -0.0485115051269531 0.5496826171875 -0.60125732421875
-0.227798461914063 0.261978149414062 0.1903076171875 -0.443023681640625
-0.080169677734375 0.279541015625 -0.00717163085937502 -0.249267578125
0.13824462890625 0.278335571289063 0.0443840026855469 0.0475730895996094
0.2349853515625 0.0877227783203125 0.175308227539063 -0.0108795166015625
0.215255737304687 -0.104751586914062 0.228179931640625 -0.118301391601562
0.05755615234375 -0.204986572265625 0.147613525390625 -0.3035888671875
-0.037322998046875 -0.225570678710938 -0.011077880859375 -0.41253662109375
0.00602722167968751 -0.220962524414063 -0.03460693359375 -0.38641357421875
-0.022979736328125 -0.229873657226563 0.00280761718749999 -0.390106201171875
0.09124755859375 -0.204544067382813 0.09716796875 -0.28326416015625
0.2152099609375 -0.105209350585938 0.084686279296875 -0.131851196289063
0.260238647460938 0.091278076171875 0.0202789306640625 -0.13592529296875
0.085296630859375 0.283416748046875 -0.0419464111328125 -0.263031005859375
-0.069183349609375 0.2833251953125 0.07904052734375 -0.523895263671875
-0.207275390625 0.230697631835937 0.53094482421875 -0.595458984375
-0.355010986328125 0.484344482421875 0.113372802734375 -0.355987548828125
-0.1121826171875 0.479644775390625 -0.015228271484375 -0.19482421875
0.22833251953125 0.461822509765625 0.0548553466796875 0.0502243041992188
0.385009765625 0.154632568359375 0.14617919921875 -0.016845703125
0.368499755859375 -0.139129638671875 0.1895751953125 -0.0824127197265625
0.140960693359375 -0.326812744140625 0.108535766601563 -0.233627319335938
-0.015960693359375 -0.3714599609375 -0.010650634765625 -0.310699462890625
0.043212890625 -0.37158203125 -0.018157958984375 -0.269683837890625
0.00689697265624998 -0.396209716796875 0.00836181640624998 -0.276626586914063
0.172454833984375 -0.331451416015625 0.0560760498046875 -0.183242797851563
0.37213134765625 -0.175750732421875 0.0298919677734375 -0.0633811950683594
0.4453125 0.135040283203125 -0.0375595092773437 -0.124809265136719
0.185089111328125 0.49835205078125 -0.076446533203125 -0.273284912109375
-0.0857543945312501 0.526153564453125 0.0821533203125 -0.483367919921875
-0.35321044921875 0.477508544921875 0.454193115234375 -0.507843017578125
-0.42486572265625 0.6495361328125 -0.00224304199218751 -0.206283569335938
-0.1107177734375 0.63616943359375 -0.0283203125 -0.0876693725585937
0.3232421875 0.5899658203125 0.0700454711914063 0.0603713989257813
0.510009765625 0.18621826171875 0.106201171875 -0.0183792114257812
0.48016357421875 -0.170654296875 0.129150390625 -0.0339279174804688
0.203521728515625 -0.412445068359375 0.0531234741210938 -0.13067626953125
0.00708007812499997 -0.465545654296875 -0.009521484375 -0.16339111328125
0.074188232421875 -0.46588134765625 0.00142669677734376 -0.112464904785156
0.033660888671875 -0.498382568359375 0.0143280029296875 -0.117530822753906
0.227203369140625 -0.407073974609375 0.00622177124023439 -0.0473403930664063
0.47393798828125 -0.220428466796875 -0.0369071960449218 0.0257568359375
0.5677490234375 0.158203125 -0.104728698730469 -0.091644287109375
0.25927734375 0.64300537109375 -0.109695434570313 -0.253463745117187
-0.09033203125 0.690673828125 0.079437255859375 -0.380340576171875
-0.44879150390625 0.64630126953125 0.331512451171875 -0.34814453125
-0.42999267578125 0.722412109375 -0.139854431152344 -0.00773620605468747
-0.0783691406249999 0.70849609375 -0.0423851013183594 0.059814453125
0.38751220703125 0.629150390625 0.0822372436523438 0.0773239135742188
0.57061767578125 0.1790771484375 0.0544700622558594 -0.00641250610351561
0.5233154296875 -0.18865966796875 0.0513267517089844 0.0269241333007812
0.230499267578125 -0.441070556640625 -0.00876235961914061 -0.00263929367065432
0.026641845703125 -0.488525390625 -0.00745868682861328 0.0111951828002929
0.093902587890625 -0.4886474609375 0.0194511413574219 0.0621757507324219
0.055938720703125 -0.521759033203125 0.0185317993164063 0.062255859375
0.2496337890625 -0.41156005859375 -0.0438919067382812 0.102462768554687
0.499542236328125 -0.220001220703125 -0.10400390625 0.118606567382812
0.58929443359375 0.16650390625 -0.164840698242187 -0.042633056640625
0.272216796875 0.6783447265625 -0.12884521484375 -0.205276489257812
-0.09039306640625 0.73150634765625 0.0741119384765625 -0.228790283203125
-0.478271484375 0.7020263671875 0.17987060546875 -0.143051147460937
-0.3648681640625 0.68951416015625 -0.273406982421875 0.211929321289063
-0.032958984375 0.66790771484375 -0.0538787841796875 0.22454833984375
0.385040283203125 0.558013916015625 0.0845260620117188 0.100563049316406
0.52734375 0.139495849609375 -0.0012874603271484 0.0200424194335938
0.47442626953125 -0.177154541015625 -0.0283279418945312 0.0918502807617187
0.215789794921875 -0.400299072265625 -0.0649490356445313 0.129692077636719
0.036407470703125 -0.43646240234375 -0.00193786621093749 0.184463500976562
0.095062255859375 -0.43719482421875 0.03533935546875 0.226882934570312
0.07177734375 -0.462127685546875 0.019927978515625 0.232284545898438
0.230010986328125 -0.347503662109375 -0.0896759033203125 0.234329223632813
0.438323974609375 -0.173004150390625 -0.160415649414063 0.189010620117187
0.49298095703125 0.160003662109375 -0.20526123046875 0.0047149658203125
0.2135009765625 0.595458984375 -0.128067016601563 -0.141937255859375
-0.09527587890625 0.63690185546875 0.0654182434082031 -0.0659637451171874
-0.43365478515625 0.63934326171875 0.0241165161132812 0.0678939819335938
-0.248748779296875 0.543670654296875 -0.388824462890625 0.414459228515625
0.010223388671875 0.51275634765625 -0.06988525390625 0.376312255859375
0.3013916015625 0.392364501953125 0.0769424438476563 0.127120971679688
0.38433837890625 0.082733154296875 -0.0439109802246094 0.0536918640136719
0.33892822265625 -0.129058837890625 -0.0935516357421875 0.139640808105469
0.1658935546875 -0.289886474609375 -0.106430053710937 0.237136840820312
0.042510986328125 -0.315673828125 0.00366210937500001 0.327850341796875
0.082763671875 -0.31689453125 0.044952392578125 0.357391357421875
0.076324462890625 -0.333099365234375 0.01531982421875 0.366943359375
0.181854248046875 -0.228057861328125 -0.126800537109375 0.326507568359375
0.310821533203125 -0.092193603515625 -0.19976806640625 0.2198486328125
0.315765380859375 0.138671875 -0.220687866210937 0.0336914062500001
0.107421875 0.4166259765625 -0.1107177734375 -0.08636474609375
-0.08831787109375 0.43609619140625 0.0517807006835938 0.0723724365234375
-0.3277587890625 0.46942138671875 -0.112594604492188 0.24627685546875
-0.095947265625 0.30792236328125 -0.46746826171875 0.56768798828125
0.0475311279296875 0.2791748046875 -0.0867919921875 0.49505615234375
0.170501708984375 0.166091918945313 0.068084716796875 0.154022216796875
0.180145263671875 0.013916015625 -0.0589370727539062 0.0837554931640625
0.15020751953125 -0.0583648681640625 -0.129226684570313 0.159088134765625
0.0895843505859375 -0.132553100585938 -0.126251220703125 0.2982177734375
0.041534423828125 -0.14361572265625 0.00802612304687502 0.417266845703125
0.059051513671875 -0.1494140625 0.04656982421875 0.43280029296875
0.06951904296875 -0.157760620117187 0.00610351562499997 0.44537353515625
0.108802795410156 -0.0840682983398438 -0.15020751953125 0.365570068359375
0.15008544921875 -0.0094757080078125 -0.218276977539063 0.212753295898438
0.115020751953125 0.0910491943359375 -0.217529296875 0.0435791015625
0.00857543945312498 0.19219970703125 -0.0891036987304688 -0.04638671875
-0.058135986328125 0.189422607421875 0.0327301025390625 0.161285400390625
-0.166656494140625 0.24267578125 -0.208099365234375 0.36590576171875
-0.0643882751464844 0.00688552856445312 0.185333251953125 -0.455810546875
-0.0217857360839844 0.0569572448730469 -0.0207672119140625 -0.244522094726562
0.0563507080078125 0.057891845703125 0.0459098815917969 0.0452995300292969
0.0726318359375 0.00240325927734375 0.192489624023438 -0.0168914794921875
0.0373992919921875 -0.0648231506347656 0.228973388671875 -0.1551513671875
-0.0353736877441406 -0.0568008422851563 0.146453857421875 -0.338287353515625
-0.0546989440917969 -0.0435752868652344 -0.0367431640625 -0.442657470703125
-0.0326633453369141 -0.0336112976074219 -0.067169189453125 -0.430084228515625
-0.04833984375 -0.0243453979492188 -0.02532958984375 -0.428741455078125
-0.00563430786132813 -0.0453720092773438 0.102691650390625 -0.330230712890625
0.0312023162841797 -0.0231704711914063 0.106399536132813 -0.173553466796875
0.0487136840820313 0.0315361022949219 0.0488815307617188 -0.128662109375
-0.0165824890136719 0.0366554260253906 -0.028289794921875 -0.226333618164063
-0.0383491516113281 0.0103340148925781 0.041351318359375 -0.49468994140625
-0.0335197448730469 -0.0458259582519531 0.50439453125 -0.599853515625
-0.207931518554687 0.261627197265625 0.1634521484375 -0.43804931640625
-0.0669708251953125 0.274078369140625 -0.019256591796875 -0.243301391601562
0.147903442382813 0.262115478515625 0.047454833984375 0.0406379699707031
0.232376098632813 0.0761871337890625 0.167251586914063 -0.0184326171875
0.202484130859375 -0.109848022460937 0.214462280273438 -0.12408447265625
0.046600341796875 -0.197906494140625 0.131561279296875 -0.299560546875
-0.044952392578125 -0.213470458984375 -0.0301513671875 -0.40032958984375
-0.0034027099609375 -0.214248657226563 -0.051971435546875 -0.375213623046875
-0.032073974609375 -0.21832275390625 -0.017425537109375 -0.379241943359375
0.0789337158203125 -0.199966430664062 0.0829010009765625 -0.2803955078125
0.203765869140625 -0.11004638671875 0.0782241821289063 -0.130462646484375
0.257659912109375 0.076446533203125 0.011566162109375 -0.132591247558594
0.0940704345703125 0.272537231445312 -0.0541229248046875 -0.251876831054688
-0.05621337890625 0.275741577148437 0.05303955078125 -0.507598876953125
-0.190139770507813 0.2327880859375 0.4891357421875 -0.592529296875
-0.3212890625 0.485626220703125 0.091888427734375 -0.3525390625
-0.090423583984375 0.470977783203125 -0.026580810546875 -0.189834594726562
0.24395751953125 0.437103271484375 0.0589370727539063 0.0416069030761719
0.38128662109375 0.133148193359375 0.138641357421875 -0.0232772827148437
0.3492431640625 -0.15069580078125 0.179351806640625 -0.08770751953125
0.1217041015625 -0.319488525390625 0.0958251953125 -0.228927612304688
-0.030487060546875 -0.355224609375 -0.025360107421875 -0.30084228515625
0.02593994140625 -0.362518310546875 -0.0313720703125 -0.262588500976563
-0.01251220703125 -0.380401611328125 -0.00593566894531252 -0.269515991210938
0.15301513671875 -0.326446533203125 0.0479736328125 -0.181442260742188
0.3514404296875 -0.18499755859375 0.0285301208496094 -0.0618209838867188
0.44024658203125 0.110260009765625 -0.0446243286132812 -0.119544982910156
0.200103759765625 0.4781494140625 -0.088134765625 -0.25909423828125
-0.0648803710937499 0.512786865234375 0.0594482421875 -0.467803955078125
-0.322906494140625 0.479766845703125 0.4183349609375 -0.50506591796875
-0.38262939453125 0.647705078125 -0.014862060546875 -0.202743530273438
-0.08221435546875 0.62164306640625 -0.03509521484375 -0.085357666015625
0.342803955078125 0.555694580078125 0.07489013671875 0.0497512817382813
0.5037841796875 0.157989501953125 0.100868225097656 -0.0239639282226562
0.455474853515625 -0.186767578125 0.122909545898438 -0.0406341552734375
0.17669677734375 -0.404205322265625 0.0460281372070313 -0.126808166503906
-0.01287841796875 -0.446044921875 -0.0183563232421875 -0.157806396484375
0.051177978515625 -0.45599365234375 -0.00433349609374999 -0.111000061035156
0.00814819335937498 -0.481048583984375 0.00860595703125 -0.1151123046875
0.20263671875 -0.401092529296875 0.00614547729492189 -0.0465507507324219
0.449951171875 -0.232391357421875 -0.0327777862548828 0.0267906188964844
0.5599365234375 0.128936767578125 -0.107368469238281 -0.0845260620117187
0.27996826171875 0.61474609375 -0.1185302734375 -0.2371826171875
-0.06121826171875 0.67266845703125 0.061981201171875 -0.3695068359375
-0.4095458984375 0.6473388671875 0.30645751953125 -0.34637451171875
-0.38458251953125 0.7215576171875 -0.138671875 -0.00463867187499999
-0.04937744140625 0.693603515625 -0.0420150756835937 0.0602912902832032
0.40594482421875 0.5911865234375 0.0873641967773438 0.0666427612304688
0.560882568359375 0.148468017578125 0.0517120361328125 -0.0108070373535156
0.497772216796875 -0.20684814453125 0.0511016845703125 0.0214004516601562
0.2027587890625 -0.435577392578125 -0.00951290130615233 0.000466346740722628
0.00360107421874998 -0.470428466796875 -0.00872993469238281 0.0117626190185547
0.06793212890625 -0.47979736328125 0.0222892761230469 0.0583152770996094
0.029632568359375 -0.505126953125 0.0227165222167969 0.0596504211425781
0.222442626953125 -0.408050537109375 -0.0363998413085937 0.101570129394531
0.470916748046875 -0.234619140625 -0.0937576293945312 0.119888305664062
0.58056640625 0.134765625 -0.163177490234375 -0.0344085693359375
0.2957763671875 0.64886474609375 -0.134307861328125 -0.189437866210937
-0.06207275390625 0.7135009765625 0.0638885498046875 -0.222579956054687
-0.43621826171875 0.7039794921875 0.169967651367187 -0.143325805664062
-0.32470703125 0.6854248046875 -0.25909423828125 0.214401245117188
-0.00543212890624999 0.65289306640625 -0.04559326171875 0.221343994140625
0.400726318359375 0.524200439453125 0.0898208618164063 0.088958740234375
0.518585205078125 0.112457275390625 0.000113487243652377 0.0174942016601563
0.449981689453125 -0.19439697265625 -0.02301025390625 0.0864105224609375
0.190155029296875 -0.395721435546875 -0.0587081909179687 0.130882263183594
0.016082763671875 -0.42132568359375 0.00437927246093751 0.180206298828125
0.071533203125 -0.429656982421875 0.0456085205078125 0.218124389648437
0.0469970703125 -0.449676513671875 0.032470703125 0.225311279296875
0.2083740234375 -0.345306396484375 -0.075958251953125 0.232345581054687
0.41455078125 -0.186614990234375 -0.14569091796875 0.189605712890625
0.4866943359375 0.13323974609375 -0.199325561523437 0.01409912109375
0.2347412109375 0.57159423828125 -0.130134582519531 -0.128883361816406
-0.06878662109375 0.62060546875 0.0626754760742188 -0.0666580200195312
-0.3961181640625 0.63970947265625 0.0284385681152343 0.065826416015625
-0.218109130859375 0.539947509765625 -0.3597412109375 0.416046142578125
0.0296630859375 0.499267578125 -0.053466796875 0.370025634765625
0.311370849609375 0.36767578125 0.0818328857421875 0.116493225097656
0.375946044921875 0.063140869140625 -0.0387992858886719 0.0520515441894531
0.322052001953125 -0.141448974609375 -0.08392333984375 0.136222839355469
0.1473388671875 -0.28814697265625 -0.0950927734375 0.23602294921875
0.02777099609375 -0.30523681640625 0.017059326171875 0.319793701171875
0.06591796875 -0.312225341796875 0.061370849609375 0.34539794921875
0.057098388671875 -0.325897216796875 0.0350341796875 0.355865478515625
0.166091918945312 -0.227081298828125 -0.1077880859375 0.322906494140625
0.294677734375 -0.102752685546875 -0.18292236328125 0.220687866210937
0.312896728515625 0.119110107421875 -0.212539672851562 0.0425567626953125
0.124847412109375 0.401641845703125 -0.111076354980469 -0.0758056640625
-0.0699462890625 0.4254150390625 0.0551338195800781 0.0669708251953125
-0.29931640625 0.471435546875 -0.0956573486328125 0.242584228515625
-0.08184814453125 0.304473876953125 -0.43017578125 0.56732177734375
0.055938720703125 0.26947021484375 -0.06427001953125 0.48419189453125
0.172073364257813 0.1553955078125 0.0728607177734375 0.145004272460938
0.174026489257813 0.0059051513671875 -0.0514755249023437 0.08154296875
0.143203735351563 -0.064422607421875 -0.118515014648437 0.156494140625
0.0808486938476563 -0.133064270019531 -0.112579345703125 0.296142578125
0.0337371826171875 -0.139846801757813 0.025299072265625 0.40570068359375
0.0498199462890625 -0.147674560546875 0.0673828125 0.4202880859375
0.0590972900390625 -0.156448364257813 0.03070068359375 0.43292236328125
0.101463317871094 -0.0860366821289063 -0.129119873046875 0.36212158203125
0.143035888671875 -0.016510009765625 -0.202438354492188 0.214080810546875
0.115806579589844 0.081756591796875 -0.207183837890625 0.0526733398437501
0.0195159912109375 0.18682861328125 -0.0874710083007813 -0.0395355224609375
-0.04840087890625 0.186996459960938 0.040283203125 0.152816772460938
-0.15240478515625 0.2442626953125 -0.1829833984375 0.361968994140625
-0.0622787475585937 0.00658798217773436 0.172271728515625 -0.44805908203125
-0.0201148986816406 0.0545845031738281 -0.0261688232421875 -0.239654541015625
0.0569114685058594 0.0542182922363281 0.0460281372070313 0.0411186218261719
0.0712890625 0.00145721435546875 0.18505859375 -0.020172119140625
0.0345878601074219 -0.0625419616699219 0.219207763671875 -0.15289306640625
-0.0350875854492188 -0.0531501770019531 0.138336181640625 -0.332275390625
-0.0533599853515625 -0.0407867431640625 -0.04541015625 -0.430419921875
-0.0317420959472656 -0.0316104888916016 -0.0755615234375 -0.41851806640625
-0.0466499328613281 -0.0207443237304688 -0.03558349609375 -0.418304443359375
-0.00677108764648438 -0.0427055358886719 0.094146728515625 -0.3255615234375
0.0303268432617188 -0.0221061706542969 0.101821899414063 -0.1688232421875
0.0484237670898438 0.0294952392578125 0.043060302734375 -0.125808715820312
-0.0178031921386719 0.0358543395996094 -0.033416748046875 -0.21929931640625
-0.03662109375 0.0093231201171875 0.03094482421875 -0.478179931640625
-0.03094482421875 -0.0444831848144531 0.48004150390625 -0.5853271484375
-0.1976318359375 0.257247924804688 0.148529052734375 -0.430419921875
-0.0611572265625 0.2672119140625 -0.0257720947265625 -0.238021850585937
0.149627685546875 0.251113891601563 0.048736572265625 0.0345115661621094
0.228500366210938 0.0704345703125 0.1602783203125 -0.0216064453125
0.193603515625 -0.10968017578125 0.205917358398438 -0.12322998046875
0.0413970947265625 -0.189727783203125 0.12493896484375 -0.293060302734375
-0.0467987060546875 -0.204986572265625 -0.039031982421875 -0.38861083984375
-0.00672912597656249 -0.208480834960938 -0.061065673828125 -0.365692138671875
-0.03564453125 -0.209136962890625 -0.026947021484375 -0.370361328125
0.072662353515625 -0.194549560546875 0.07684326171875 -0.276443481445313
0.196304321289063 -0.110260009765625 0.0761260986328125 -0.126876831054687
0.253128051757813 0.0692291259765625 0.00708007812500002 -0.129554748535156
0.0953369140625 0.26446533203125 -0.059326171875 -0.242645263671875
-0.0511322021484375 0.268798828125 0.0430908203125 -0.49078369140625
-0.179840087890625 0.230682373046875 0.46356201171875 -0.5789794921875
-0.302001953125 0.47589111328125 0.079681396484375 -0.345458984375
-0.08087158203125 0.459564208984375 -0.03253173828125 -0.184799194335938
0.246673583984375 0.418731689453125 0.0599517822265625 0.0342178344726563
0.372894287109375 0.122589111328125 0.132423400878906 -0.0264816284179687
0.3349609375 -0.15185546875 0.172225952148438 -0.0890655517578125
0.111236572265625 -0.30853271484375 0.0908203125 -0.223541259765625
-0.035919189453125 -0.34173583984375 -0.03302001953125 -0.293365478515625
0.018218994140625 -0.354522705078125 -0.0373382568359375 -0.257247924804688
-0.019805908203125 -0.36700439453125 -0.0121612548828125 -0.262771606445313
0.142303466796875 -0.3184814453125 0.044586181640625 -0.179107666015625
0.33819580078125 -0.186370849609375 0.0286331176757813 -0.0592308044433594
0.431427001953125 0.09844970703125 -0.0475006103515625 -0.116065979003906
0.204498291015625 0.46435546875 -0.0915374755859375 -0.247756958007812
-0.055999755859375 0.49969482421875 0.0516357421875 -0.454071044921875
-0.3056640625 0.47381591796875 0.40069580078125 -0.492340087890625
-0.3587646484375 0.63824462890625 -0.020721435546875 -0.198455810546875
-0.0706787109375 0.610595703125 -0.0395126342773438 -0.0823211669921875
0.3443603515625 0.531097412109375 0.0760269165039063 0.041107177734375
0.49346923828125 0.145751953125 0.0963973999023438 -0.0261764526367187
0.43902587890625 -0.19110107421875 0.118171691894531 -0.0434722900390625
0.16253662109375 -0.3927001953125 0.0432052612304688 -0.122459411621094
-0.02093505859375 -0.430816650390625 -0.0228729248046875 -0.152542114257813
0.040496826171875 -0.445892333984375 -0.00722503662109374 -0.109550476074219
-0.00216674804687498 -0.465179443359375 0.00611877441406249 -0.113380432128906
0.18914794921875 -0.392669677734375 0.00627517700195314 -0.0466880798339844
0.43072509765625 -0.23370361328125 -0.0289897918701172 0.0270881652832031
0.549041748046875 0.11334228515625 -0.107833862304687 -0.080780029296875
0.28546142578125 0.596435546875 -0.119903564453125 -0.225662231445313
-0.052978515625 0.65625 0.055572509765625 -0.358428955078125
-0.38739013671875 0.64031982421875 0.2939453125 -0.3382568359375
-0.35919189453125 0.709228515625 -0.138252258300781 -0.00302124023437495
-0.037841796875 0.68023681640625 -0.0426826477050781 0.0598297119140626
0.408203125 0.56658935546875 0.0887298583984375 0.0565338134765625
0.549591064453125 0.135650634765625 0.0497016906738282 -0.0135154724121094
0.478240966796875 -0.21221923828125 0.0501708984375 0.01702880859375
0.188690185546875 -0.423858642578125 -0.00973033905029296 0.00297164916992185
-0.00445556640624999 -0.454193115234375 -0.0103425979614258 0.0130195617675781
0.056121826171875 -0.46905517578125 0.0229835510253906 0.0549964904785156
0.01708984375 -0.48919677734375 0.0249862670898437 0.0571784973144531
0.207763671875 -0.39837646484375 -0.0324020385742187 0.0986404418945312
0.4537353515625 -0.23583984375 -0.0872421264648437 0.118019104003906
0.56842041015625 0.1202392578125 -0.160675048828125 -0.0305633544921875
0.30194091796875 0.630126953125 -0.13385009765625 -0.177749633789062
-0.05242919921875 0.6949462890625 0.0604705810546875 -0.217514038085937
-0.4134521484375 0.69451904296875 0.164474487304687 -0.138961791992187
-0.30133056640625 0.6748046875 -0.2508544921875 0.211593627929688
0.00543212890625003 0.63720703125 -0.0425262451171875 0.218032836914063
0.40191650390625 0.503021240234375 0.090789794921875 0.0804519653320313
0.507537841796875 0.099609375 0.000873565673828158 0.0148954391479492
0.4327392578125 -0.19940185546875 -0.0212860107421875 0.0810165405273437
0.17657470703125 -0.3868408203125 -0.055328369140625 0.130928039550781
0.00796508789062499 -0.407470703125 0.00675964355468752 0.17718505859375
0.0609130859375 -0.420623779296875 0.0496063232421875 0.210800170898437
0.03515625 -0.4365234375 0.039459228515625 0.217926025390625
0.1956787109375 -0.337554931640625 -0.068145751953125 0.228118896484375
0.3978271484375 -0.188079833984375 -0.137298583984375 0.186477661132813
0.477447509765625 0.119659423828125 -0.193832397460937 0.01690673828125
0.241912841796875 0.553680419921875 -0.128425598144531 -0.119979858398437
-0.0595092773437499 0.60614013671875 0.0622749328613281 -0.0658302307128906
-0.37591552734375 0.63201904296875 0.0305023193359375 0.0643043518066407
-0.203765869140625 0.5308837890625 -0.3470458984375 0.409515380859375
0.03656005859375 0.489471435546875 -0.0465087890625 0.36358642578125
0.310089111328125 0.352142333984375 0.0831680297851563 0.108970642089844
0.36663818359375 0.054168701171875 -0.0359649658203125 0.0490608215332031
0.31024169921875 -0.14532470703125 -0.0792160034179688 0.130409240722656
0.13763427734375 -0.281890869140625 -0.090240478515625 0.234298706054688
0.021026611328125 -0.295623779296875 0.021636962890625 0.312835693359375
0.05718994140625 -0.30645751953125 0.067626953125 0.334625244140625
0.047576904296875 -0.316741943359375 0.045166015625 0.345855712890625
0.15704345703125 -0.22283935546875 -0.09747314453125 0.317138671875
0.282958984375 -0.10565185546875 -0.173797607421875 0.217025756835938
0.30694580078125 0.109130859375 -0.205047607421875 0.0459136962890625
0.13165283203125 0.38861083984375 -0.108688354492187 -0.069793701171875
-0.062347412109375 0.41546630859375 0.0568008422851562 0.0623588562011719
-0.28411865234375 0.466705322265625 -0.087249755859375 0.236236572265625
-0.075836181640625 0.299346923828125 -0.408782958984375 0.5594482421875
0.0583953857421875 0.262405395507813 -0.053924560546875 0.4752197265625
0.169174194335937 0.149154663085938 0.074127197265625 0.138458251953125
0.169113159179688 0.0032501220703125 -0.0477676391601562 0.0788040161132813
0.137985229492187 -0.0662002563476562 -0.112579345703125 0.150833129882813
0.076263427734375 -0.131179809570313 -0.10687255859375 0.291717529296875
0.0302963256835937 -0.136665344238281 0.03277587890625 0.39703369140625
0.04461669921875 -0.14599609375 0.076202392578125 0.4072265625
0.053131103515625 -0.153884887695313 0.04376220703125 0.42022705078125
0.0968399047851563 -0.0847320556640625 -0.118133544921875 0.356842041015625
0.136978149414063 -0.0189437866210938 -0.193069458007813 0.211013793945313
0.114151000976563 0.0765457153320313 -0.199783325195313 0.0554351806640625
0.02508544921875 0.181732177734375 -0.0847625732421875 -0.0356216430664062
-0.044677734375 0.183013916015625 0.04364013671875 0.14599609375
-0.145172119140625 0.242080688476563 -0.16986083984375 0.352142333984375
-0.06158447265625 0.005889892578125 0.167938232421875 -0.44512939453125
-0.019775390625 0.0527191162109375 -0.02972412109375 -0.23974609375
0.0561981201171875 0.05157470703125 0.0463943481445313 0.0388679504394531
0.071807861328125 0.00066375732421875 0.180999755859375 -0.0208740234375
0.0334129333496094 -0.0617446899414063 0.21734619140625 -0.151443481445313
-0.0348625183105469 -0.0506134033203125 0.13702392578125 -0.331878662109375
-0.052703857421875 -0.0394668579101563 -0.04864501953125 -0.428070068359375
-0.0304851531982422 -0.0312519073486328 -0.0804443359375 -0.41607666015625
-0.0452232360839844 -0.0181694030761719 -0.041595458984375 -0.416107177734375
-0.00750350952148437 -0.0412635803222656 0.09246826171875 -0.326690673828125
0.0303478240966797 -0.0215377807617188 0.101547241210938 -0.166976928710938
0.0488319396972656 0.0281295776367188 0.0400466918945313 -0.124664306640625
-0.0193939208984375 0.0357398986816406 -0.0368804931640625 -0.216476440429688
-0.0361061096191406 0.00848388671875 0.0279541015624999 -0.470458984375
-0.0290145874023438 -0.044342041015625 0.474365234375 -0.575927734375
-0.194229125976563 0.255020141601563 0.1444091796875 -0.427764892578125
-0.0597076416015625 0.264785766601563 -0.0302581787109375 -0.237213134765625
0.150787353515625 0.24615478515625 0.0486412048339844 0.0306625366210938
0.227569580078125 0.0685882568359375 0.156753540039063 -0.0229034423828125
0.190780639648438 -0.109390258789063 0.203018188476563 -0.122512817382813
0.040008544921875 -0.186904907226563 0.1241455078125 -0.29241943359375
-0.0467376708984375 -0.201705932617188 -0.042510986328125 -0.386199951171875
-0.0073394775390625 -0.208023071289063 -0.0650634765625 -0.364959716796875
-0.0356903076171875 -0.205902099609375 -0.031402587890625 -0.369110107421875
0.0710601806640625 -0.191543579101563 0.0754852294921875 -0.276840209960938
0.194229125976563 -0.109527587890625 0.0768051147460938 -0.125350952148438
0.252334594726563 0.066650390625 0.00382995605468753 -0.128944396972656
0.0955047607421875 0.263900756835938 -0.06097412109375 -0.238922119140625
-0.05120849609375 0.2666015625 0.041717529296875 -0.48394775390625
-0.17633056640625 0.23040771484375 0.461669921875 -0.56982421875
-0.297271728515625 0.47332763671875 0.0750427246093749 -0.34356689453125
-0.08026123046875 0.456573486328125 -0.036651611328125 -0.18402099609375
0.24786376953125 0.41119384765625 0.0610198974609375 0.0285491943359375
0.371978759765625 0.1204833984375 0.129470825195313 -0.0278778076171875
0.33038330078125 -0.152740478515625 0.169891357421875 -0.0890655517578125
0.10870361328125 -0.303680419921875 0.0901641845703125 -0.221969604492188
-0.036529541015625 -0.337158203125 -0.03680419921875 -0.290374755859375
0.01629638671875 -0.353790283203125 -0.0404052734375 -0.256851196289063
-0.021942138671875 -0.361328125 -0.015533447265625 -0.26300048828125
0.1395263671875 -0.314910888671875 0.0445709228515625 -0.180068969726563
0.33447265625 -0.186248779296875 0.0307655334472656 -0.0585784912109375
0.430511474609375 0.09503173828125 -0.0501708984375 -0.115058898925781
0.207000732421875 0.462554931640625 -0.0921783447265625 -0.24249267578125
-0.0555419921875 0.49560546875 0.0494384765625 -0.448272705078125
-0.302154541015625 0.473388671875 0.39764404296875 -0.4854736328125
-0.35302734375 0.6334228515625 -0.02490234375 -0.197616577148438
-0.06842041015625 0.607177734375 -0.0427703857421875 -0.0816726684570312
0.347259521484375 0.524078369140625 0.0769805908203125 0.0340194702148438
0.490753173828125 0.1414794921875 0.0942916870117188 -0.0287017822265625
0.4339599609375 -0.192535400390625 0.116752624511719 -0.0457000732421875
0.15936279296875 -0.38812255859375 0.04345703125 -0.121238708496094
-0.022125244140625 -0.425384521484375 -0.026336669921875 -0.150955200195313
0.03790283203125 -0.44549560546875 -0.00934600830078126 -0.110519409179688
-0.006439208984375 -0.459716796875 0.005523681640625 -0.114852905273438
0.18560791015625 -0.38848876953125 0.00724411010742189 -0.0476417541503906
0.42657470703125 -0.234283447265625 -0.0261688232421875 0.0271701812744141
0.548614501953125 0.108551025390625 -0.109283447265625 -0.0803985595703125
0.28839111328125 0.59454345703125 -0.119537353515625 -0.220809936523438
-0.0523681640625 0.65106201171875 0.0552978515625 -0.353973388671875
-0.38311767578125 0.64013671875 0.29376220703125 -0.33282470703125
-0.35394287109375 0.70751953125 -0.139701843261719 -0.00359344482421871
-0.03460693359375 0.678466796875 -0.0435829162597656 0.060791015625
0.41082763671875 0.558837890625 0.0894699096679688 0.0498809814453125
0.546234130859375 0.131256103515625 0.0489311218261719 -0.0156364440917969
0.472412109375 -0.2142333984375 0.0485038757324219 0.0134773254394531
0.183074951171875 -0.4202880859375 -0.00878334045410155 0.00422430038452146
-0.00646972656250003 -0.4493408203125 -0.011723518371582 0.0138168334960937
0.05242919921875 -0.469970703125 0.0227622985839844 0.0533981323242187
0.012359619140625 -0.484039306640625 0.0271797180175781 0.0544700622558593
0.20452880859375 -0.39520263671875 -0.0302047729492187 0.0976181030273437
0.447601318359375 -0.2362060546875 -0.0837860107421875 0.11712646484375
0.56634521484375 0.1151123046875 -0.160781860351562 -0.030670166015625
0.30682373046875 0.6258544921875 -0.133392333984375 -0.173477172851562
-0.0520019531250001 0.69073486328125 0.061431884765625 -0.216323852539062
-0.40972900390625 0.6932373046875 0.16473388671875 -0.137191772460937
-0.29766845703125 0.673095703125 -0.24969482421875 0.21002197265625
0.00616455078124993 0.63812255859375 -0.0420379638671875 0.218505859375
0.40289306640625 0.497283935546875 0.0919113159179688 0.0745620727539063
0.504608154296875 0.09674072265625 0.00152492523193363 0.012298583984375
0.42755126953125 -0.2017822265625 -0.0219955444335937 0.0771102905273438
0.1728515625 -0.38262939453125 -0.0548477172851562 0.13238525390625
0.00662231445312503 -0.402679443359375 0.0063018798828125 0.17742919921875
0.056915283203125 -0.420379638671875 0.0514678955078125 0.208831787109375
0.029510498046875 -0.432159423828125 0.0425262451171875 0.21478271484375
0.192626953125 -0.33428955078125 -0.0650177001953125 0.226806640625
0.391693115234375 -0.18670654296875 -0.1341552734375 0.18536376953125
0.47503662109375 0.115203857421875 -0.193206787109375 0.0175933837890625
0.246826171875 0.55035400390625 -0.126747131347656 -0.115837097167969
-0.058837890625 0.6007080078125 0.0637016296386719 -0.0671768188476562
-0.3740234375 0.6312255859375 0.0323295593261719 0.0635108947753907
-0.200347900390625 0.528167724609375 -0.342803955078125 0.40570068359375
0.03759765625 0.488372802734375 -0.04412841796875 0.362823486328125
0.310943603515625 0.348541259765625 0.0838241577148438 0.10455322265625
0.3643798828125 0.05322265625 -0.0346145629882812 0.0468063354492188
0.306793212890625 -0.147003173828125 -0.0797119140625 0.125846862792969
0.134750366210937 -0.280059814453125 -0.0898895263671874 0.235382080078125
0.02020263671875 -0.29248046875 0.023406982421875 0.312713623046875
0.053436279296875 -0.306732177734375 0.071319580078125 0.33282470703125
0.0438232421875 -0.314117431640625 0.0501708984375 0.341827392578125
0.153976440429688 -0.2208251953125 -0.094940185546875 0.316070556640625
0.278091430664063 -0.105514526367188 -0.170669555664062 0.215499877929687
0.3050537109375 0.106109619140625 -0.2037353515625 0.0462493896484375
0.13592529296875 0.38653564453125 -0.106269836425781 -0.0670700073242187
-0.061920166015625 0.411895751953125 0.0586318969726562 0.0591239929199219
-0.2813720703125 0.466827392578125 -0.083892822265625 0.232833862304688
-0.075836181640625 0.29913330078125 -0.403717041015625 0.55450439453125
0.05810546875 0.262802124023438 -0.04913330078125 0.474273681640625
0.168609619140625 0.148727416992188 0.0739517211914063 0.136528015136719
0.16717529296875 0.00347900390625 -0.0452423095703125 0.0763397216796875
0.137153625488281 -0.0668563842773438 -0.112503051757812 0.147003173828125
0.0752334594726563 -0.131385803222656 -0.107208251953125 0.293243408203125
0.02947998046875 -0.134506225585938 0.03582763671875 0.39654541015625
0.04278564453125 -0.146484375 0.0799560546875 0.405609130859375
0.050994873046875 -0.153030395507812 0.048614501953125 0.415252685546875
0.0952224731445313 -0.0841522216796875 -0.114105224609375 0.355987548828125
0.133735656738281 -0.0191650390625 -0.191238403320313 0.209014892578125
0.113945007324219 0.0746307373046875 -0.196029663085937 0.0562286376953125
0.0285797119140625 0.180160522460938 -0.0823287963867187 -0.0339736938476562
-0.0434417724609375 0.181777954101563 0.045867919921875 0.141586303710938
-0.145050048828125 0.24322509765625 -0.166717529296875 0.3468017578125
-0.0626029968261719 0.00575637817382813 0.165618896484375 -0.45489501953125
-0.0207672119140625 0.0522308349609375 -0.0363922119140625 -0.244110107421875
0.0567131042480469 0.0495185852050781 0.0462570190429688 0.0361328125
0.0731277465820313 -0.00070953369140625 0.181854248046875 -0.0236053466796875
0.0331153869628906 -0.0630340576171875 0.21978759765625 -0.154876708984375
-0.0366592407226563 -0.0490074157714844 0.1368408203125 -0.339996337890625
-0.0536613464355469 -0.0387153625488281 -0.056488037109375 -0.43511962890625
-0.0307559967041016 -0.0312957763671875 -0.09136962890625 -0.423614501953125
-0.0450439453125 -0.01617431640625 -0.050201416015625 -0.42279052734375
-0.0084228515625 -0.0409355163574219 0.090240478515625 -0.33612060546875
0.0311717987060547 -0.0224533081054688 0.103500366210937 -0.169586181640625
0.0504837036132813 0.0272369384765625 0.0369033813476562 -0.126136779785156
-0.0205154418945313 0.0371742248535156 -0.0423736572265625 -0.21923828125
-0.0356178283691406 0.0078582763671875 0.0220947265625 -0.47509765625
-0.0280990600585938 -0.0461158752441406 0.4779052734375 -0.58355712890625
-0.19427490234375 0.260055541992188 0.140472412109375 -0.437347412109375
-0.0587005615234375 0.269393920898437 -0.0370635986328125 -0.240936279296875
0.15545654296875 0.24505615234375 0.0496444702148438 0.0261611938476563
0.232620239257812 0.066375732421875 0.156768798828125 -0.026123046875
0.191802978515625 -0.112808227539063 0.2054443359375 -0.126113891601563
0.0381622314453125 -0.187026977539063 0.123626708984375 -0.299591064453125
-0.0494537353515625 -0.203170776367188 -0.051361083984375 -0.393096923828125
-0.009796142578125 -0.212875366210938 -0.074462890625 -0.371612548828125
-0.0388336181640625 -0.206695556640625 -0.039459228515625 -0.376373291015625
0.069488525390625 -0.194808959960938 0.07366943359375 -0.28594970703125
0.196243286132813 -0.1136474609375 0.0793304443359375 -0.127410888671875
0.258621215820313 0.063629150390625 -0.000442504882812495 -0.1314697265625
0.100494384765625 0.269210815429688 -0.06591796875 -0.240203857421875
-0.049530029296875 0.271072387695313 0.037872314453125 -0.48992919921875
-0.175750732421875 0.236480712890625 0.46466064453125 -0.57879638671875
-0.29559326171875 0.48370361328125 0.070098876953125 -0.349853515625
-0.0760498046875 0.465911865234375 -0.04266357421875 -0.186553955078125
0.259002685546875 0.412872314453125 0.0619239807128906 0.0229110717773438
0.378814697265625 0.1163330078125 0.129478454589844 -0.0313568115234375
0.3331298828125 -0.16009521484375 0.171768188476563 -0.09344482421875
0.10687255859375 -0.30767822265625 0.09027099609375 -0.227294921875
-0.041107177734375 -0.34002685546875 -0.04388427734375 -0.2945556640625
0.01239013671875 -0.36279296875 -0.0469207763671875 -0.26275634765625
-0.026611328125 -0.365142822265625 -0.0209503173828125 -0.269577026367188
0.137847900390625 -0.3206787109375 0.0434112548828125 -0.185256958007813
0.33843994140625 -0.19219970703125 0.0329513549804688 -0.0597991943359375
0.440704345703125 0.091033935546875 -0.05499267578125 -0.116828918457031
0.218414306640625 0.468963623046875 -0.0962371826171874 -0.243316650390625
-0.053558349609375 0.5047607421875 0.046783447265625 -0.453948974609375
-0.30084228515625 0.4866943359375 0.401580810546875 -0.4931640625
-0.3499755859375 0.64764404296875 -0.0302886962890625 -0.20062255859375
-0.06182861328125 0.6195068359375 -0.046630859375 -0.0817489624023437
0.3612060546875 0.52618408203125 0.078643798828125 0.0274505615234375
0.50067138671875 0.13665771484375 0.0940093994140625 -0.0314483642578125
0.4359130859375 -0.20318603515625 0.11767578125 -0.0489349365234375
0.1563720703125 -0.392364501953125 0.0435256958007813 -0.123420715332031
-0.0262451171875 -0.42901611328125 -0.0316162109375 -0.152099609375
0.0308837890625 -0.457183837890625 -0.0120697021484375 -0.113578796386719
-0.01202392578125 -0.466064453125 0.00391387939453125 -0.119132995605469
0.184722900390625 -0.395843505859375 0.00740051269531251 -0.0496101379394531
0.430206298828125 -0.242889404296875 -0.0238685607910156 0.0271778106689453
0.559295654296875 0.103179931640625 -0.114273071289063 -0.08056640625
0.30352783203125 0.60357666015625 -0.12298583984375 -0.219833374023437
-0.0492553710937499 0.6627197265625 0.054168701171875 -0.359588623046875
-0.38275146484375 0.65673828125 0.297454833984375 -0.3388671875
-0.35125732421875 0.722412109375 -0.144332885742188 -0.00236511230468746
-0.0258178710937501 0.69219970703125 -0.0461006164550781 0.0627174377441407
0.42730712890625 0.561920166015625 0.09246826171875 0.0434417724609375
0.557525634765625 0.125823974609375 0.0494346618652344 -0.0184288024902344
0.4764404296875 -0.226165771484375 0.0486335754394532 0.0105018615722656
0.180389404296875 -0.4267578125 -0.00902462005615233 0.00531768798828122
-0.012451171875 -0.454132080078125 -0.0139360427856445 0.0155611038208008
0.045501708984375 -0.481475830078125 0.0240898132324219 0.052886962890625
0.00491333007812496 -0.491302490234375 0.0288314819335938 0.0522994995117187
0.202484130859375 -0.401947021484375 -0.0292816162109375 0.098876953125
0.45068359375 -0.24530029296875 -0.0823516845703125 0.119377136230469
0.58013916015625 0.1083984375 -0.165771484375 -0.02911376953125
0.3216552734375 0.63653564453125 -0.135238647460938 -0.172042846679687
-0.04852294921875 0.7027587890625 0.062408447265625 -0.220138549804687
-0.40985107421875 0.713134765625 0.167831420898437 -0.139312744140625
-0.2943115234375 0.6881103515625 -0.252899169921875 0.215713500976563
0.01531982421875 0.65032958984375 -0.0403900146484375 0.22344970703125
0.4183349609375 0.500396728515625 0.0946731567382813 0.069671630859375
0.51373291015625 0.091217041015625 0.00207614898681644 0.010009765625
0.43218994140625 -0.21185302734375 -0.0225982666015625 0.0751800537109375
0.17108154296875 -0.38970947265625 -0.0551300048828125 0.136474609375
0.00158691406250003 -0.408233642578125 0.0079345703125 0.182525634765625
0.05059814453125 -0.431915283203125 0.0565032958984375 0.210906982421875
0.0238037109375 -0.439361572265625 0.04864501953125 0.215438842773437
0.19207763671875 -0.34027099609375 -0.0626983642578125 0.2318115234375
0.39483642578125 -0.19500732421875 -0.132369995117188 0.189285278320312
0.48394775390625 0.110595703125 -0.19708251953125 0.019287109375
0.26129150390625 0.557342529296875 -0.128349304199219 -0.113914489746094
-0.0546875 0.6109619140625 0.0661773681640625 -0.070587158203125
-0.373779296875 0.64892578125 0.0345077514648437 0.0640678405761719
-0.198638916015625 0.542266845703125 -0.34393310546875 0.415374755859375
0.043792724609375 0.499481201171875 -0.03948974609375 0.37115478515625
0.322540283203125 0.35284423828125 0.0871047973632813 0.102378845214844
0.37109375 0.050384521484375 -0.0330009460449219 0.0455245971679687
0.311309814453125 -0.154541015625 -0.08099365234375 0.126129150390625
0.1331787109375 -0.286102294921875 -0.0896759033203125 0.242034912109375
0.0166015625 -0.29583740234375 0.028076171875 0.320526123046875
0.049591064453125 -0.31524658203125 0.078643798828125 0.337249755859375
0.039794921875 -0.320587158203125 0.058746337890625 0.344879150390625
0.154556274414063 -0.225128173828125 -0.0919189453125 0.3236083984375
0.27886962890625 -0.109664916992188 -0.170440673828125 0.220306396484375
0.3114013671875 0.103851318359375 -0.205841064453125 0.049163818359375
0.145660400390625 0.39227294921875 -0.106613159179687 -0.0651016235351562
-0.0595703125 0.41864013671875 0.0622444152832031 0.0569801330566407
-0.28179931640625 0.479156494140625 -0.0827178955078125 0.2354736328125
-0.0748291015625 0.306549072265625 -0.40380859375 0.56683349609375
0.0614776611328125 0.268447875976563 -0.043060302734375 0.48223876953125
0.173446655273438 0.151596069335938 0.0773849487304688 0.137237548828125
0.169769287109375 0.0025482177734375 -0.0432281494140625 0.076141357421875
0.13958740234375 -0.0708999633789063 -0.114227294921875 0.147964477539063
0.0752716064453125 -0.135475158691406 -0.108306884765625 0.301361083984375
0.02862548828125 -0.137123107910156 0.041900634765625 0.40545654296875
0.04058837890625 -0.150375366210937 0.090423583984375 0.412841796875
0.04888916015625 -0.156982421875 0.058563232421875 0.422393798828125
0.0960235595703125 -0.0864944458007813 -0.111663818359375 0.36370849609375
0.134292602539062 -0.0213165283203125 -0.192108154296875 0.213882446289063
0.115631103515625 0.073699951171875 -0.197280883789063 0.0598297119140625
0.0332489013671875 0.182098388671875 -0.0821380615234375 -0.0326919555664062
-0.042510986328125 0.1851806640625 0.0496749877929687 0.14044189453125
-0.145095825195313 0.250808715820312 -0.16546630859375 0.351470947265625
-0.0638542175292969 0.0077972412109375 0.1536865234375 -0.471221923828125
-0.0207061767578125 0.0530548095703125 -0.048309326171875 -0.248565673828125
0.0582466125488281 0.0469131469726563 0.0483474731445313 0.0333442687988281
0.07452392578125 -0.00360870361328125 0.1826171875 -0.0307159423828125
0.0305595397949219 -0.0649452209472656 0.220062255859375 -0.165328979492188
-0.0389556884765625 -0.0468711853027344 0.129364013671875 -0.354400634765625
-0.0559616088867188 -0.037445068359375 -0.074859619140625 -0.4447021484375
-0.0319747924804687 -0.0312747955322266 -0.112457275390625 -0.43035888671875
-0.045013427734375 -0.0133438110351563 -0.0703125 -0.431793212890625
-0.010101318359375 -0.0406494140625 0.08062744140625 -0.349700927734375
0.0312919616699219 -0.0247688293457031 0.10150146484375 -0.17572021484375
0.0525054931640625 0.024932861328125 0.0309982299804688 -0.129730224609375
-0.0209808349609375 0.0400428771972656 -0.0535125732421875 -0.22100830078125
-0.0351676940917969 0.00820541381835938 0.00808715820312503 -0.482696533203125
-0.0286026000976563 -0.0472908020019531 0.472412109375 -0.607421875
-0.189483642578125 0.271774291992188 0.1275634765625 -0.450439453125
-0.0510711669921875 0.2763671875 -0.04901123046875 -0.244705200195312
0.166549682617188 0.242691040039062 0.0512809753417969 0.021331787109375
0.239212036132813 0.059722900390625 0.156997680664063 -0.0327606201171875
0.1907958984375 -0.121917724609375 0.20635986328125 -0.136306762695313
0.032928466796875 -0.190536499023438 0.118194580078125 -0.311767578125
-0.056793212890625 -0.204757690429688 -0.068511962890625 -0.399658203125
-0.017578125 -0.219070434570313 -0.09381103515625 -0.37823486328125
-0.045379638671875 -0.208267211914062 -0.056671142578125 -0.38543701171875
0.0643768310546875 -0.200424194335938 0.065704345703125 -0.29779052734375
0.197616577148438 -0.123062133789062 0.0788345336914063 -0.133163452148438
0.267913818359375 0.05487060546875 -0.00775909423828124 -0.133583068847656
0.112380981445312 0.273300170898438 -0.0773468017578125 -0.24188232421875
-0.042327880859375 0.278610229492187 0.023193359375 -0.49822998046875
-0.170822143554688 0.247283935546875 0.4583740234375 -0.600830078125
-0.28564453125 0.5025634765625 0.058074951171875 -0.359466552734375
-0.062652587890625 0.477874755859375 -0.0536956787109375 -0.189010620117187
0.27801513671875 0.40887451171875 0.0632057189941406 0.0162315368652344
0.390289306640625 0.106597900390625 0.129608154296875 -0.037261962890625
0.333709716796875 -0.175506591796875 0.171798706054688 -0.102249145507813
0.0980224609375 -0.315643310546875 0.08624267578125 -0.237228393554688
-0.052398681640625 -0.34466552734375 -0.058746337890625 -0.299163818359375
-0.00122070312499998 -0.373809814453125 -0.0608062744140625 -0.268280029296875
-0.04046630859375 -0.371673583984375 -0.0332489013671875 -0.278167724609375
0.129913330078125 -0.33135986328125 0.0384674072265625 -0.194259643554688
0.339202880859375 -0.2083740234375 0.0348968505859375 -0.0626792907714844
0.45465087890625 0.075225830078125 -0.0629653930664062 -0.118179321289063
0.241912841796875 0.474822998046875 -0.106521606445312 -0.24346923828125
-0.03985595703125 0.51947021484375 0.036102294921875 -0.462860107421875
-0.290618896484375 0.509124755859375 0.398101806640625 -0.5125732421875
-0.336181640625 0.6744384765625 -0.0390777587890625 -0.203567504882812
-0.04248046875 0.63592529296875 -0.0538177490234375 -0.0819549560546875
0.388702392578125 0.522796630859375 0.0809707641601563 0.0198287963867188
0.515838623046875 0.1221923828125 0.094329833984375 -0.03741455078125
0.438140869140625 -0.22479248046875 0.117866516113281 -0.0560302734375
0.147125244140625 -0.40576171875 0.0412750244140625 -0.128097534179688
-0.04150390625 -0.436187744140625 -0.0404815673828125 -0.15289306640625
0.014495849609375 -0.47210693359375 -0.0179824829101562 -0.117721557617188
-0.02899169921875 -0.4752197265625 -0.00164794921875 -0.125518798828125
0.17547607421875 -0.409515380859375 0.00654983520507814 -0.0531501770019532
0.431732177734375 -0.262420654296875 -0.020599365234375 0.0288295745849609
0.57843017578125 0.08575439453125 -0.123062133789062 -0.0799636840820312
0.33551025390625 0.6075439453125 -0.131195068359375 -0.218963623046875
-0.03302001953125 0.6796875 0.047332763671875 -0.369415283203125
-0.36944580078125 0.687255859375 0.29608154296875 -0.352691650390625
-0.33441162109375 0.7498779296875 -0.148208618164063 0.00215148925781257
-0.00262451171874997 0.70977783203125 -0.0457954406738281 0.0666885375976563
0.45819091796875 0.55877685546875 0.09490966796875 0.03631591796875
0.5740966796875 0.10968017578125 0.0502662658691407 -0.0232925415039062
0.478271484375 -0.25 0.0491218566894532 0.00600814819335936
0.1688232421875 -0.44073486328125 -0.00860309600830077 0.00588607788085935
-0.026885986328125 -0.4620361328125 -0.0157566070556641 0.0189342498779297
0.0279541015625 -0.496917724609375 0.0267219543457031 0.0520668029785156
-0.012176513671875 -0.502532958984375 0.0320053100585938 0.0489311218261718
0.19500732421875 -0.417327880859375 -0.026275634765625 0.101760864257812
0.4520263671875 -0.264862060546875 -0.0772628784179687 0.124252319335937
0.5975341796875 0.09033203125 -0.173141479492188 -0.025299072265625
0.35589599609375 0.6390380859375 -0.141845703125 -0.169876098632813
-0.0305175781250001 0.720458984375 0.0587615966796875 -0.228973388671875
-0.394287109375 0.74700927734375 0.16912841796875 -0.14752197265625
-0.2777099609375 0.715087890625 -0.251968383789063 0.228561401367188
0.0384521484375 0.66632080078125 -0.0336151123046875 0.231307983398438
0.44781494140625 0.49609375 0.0995407104492188 0.0635528564453125
0.529296875 0.076904296875 0.00394821166992191 0.00798654556274415
0.434326171875 -0.23443603515625 -0.0216140747070312 0.0751571655273437
0.1607666015625 -0.40472412109375 -0.052001953125 0.142745971679688
-0.01104736328125 -0.415740966796875 0.01318359375 0.188980102539062
0.034759521484375 -0.4468994140625 0.0670623779296875 0.21258544921875
0.00930786132812495 -0.451751708984375 0.05950927734375 0.215103149414062
0.184539794921875 -0.353363037109375 -0.055419921875 0.239974975585938
0.39508056640625 -0.211761474609375 -0.1278076171875 0.196929931640625
0.5001220703125 0.095947265625 -0.202133178710937 0.0257568359375
0.28961181640625 0.560150146484375 -0.131790161132813 -0.111305236816406
-0.0399780273437499 0.62738037109375 0.067535400390625 -0.0770187377929687
-0.3604736328125 0.67913818359375 0.0384674072265625 0.0635261535644532
-0.18536376953125 0.56243896484375 -0.338531494140625 0.435577392578125
0.061737060546875 0.50982666015625 -0.02655029296875 0.381500244140625
0.34423828125 0.351409912109375 0.0928192138671875 0.0996017456054688
0.38165283203125 0.03985595703125 -0.0304031372070312 0.0454139709472656
0.312652587890625 -0.17138671875 -0.0804061889648438 0.128913879394531
0.12677001953125 -0.297027587890625 -0.085052490234375 0.253189086914063
0.00756835937500003 -0.302764892578125 0.03985595703125 0.329681396484375
0.037841796875 -0.32574462890625 0.09661865234375 0.341552734375
0.028533935546875 -0.329620361328125 0.0750732421875 0.3472900390625
0.150161743164063 -0.234756469726563 -0.081024169921875 0.335723876953125
0.280029296875 -0.12115478515625 -0.166900634765625 0.2291259765625
0.322418212890625 0.094696044921875 -0.2091064453125 0.05731201171875
0.16583251953125 0.395843505859375 -0.108367919921875 -0.0625228881835937
-0.049102783203125 0.42926025390625 0.06744384765625 0.0529899597167969
-0.273651123046875 0.502105712890625 -0.0770263671875 0.24151611328125
-0.066925048828125 0.31683349609375 -0.39447021484375 0.5887451171875
0.071746826171875 0.272872924804688 -0.025238037109375 0.496826171875
0.184646606445313 0.152191162109375 0.084136962890625 0.136795043945313
0.174392700195313 -0.00177001953125 -0.0392532348632813 0.0773086547851563
0.141128540039063 -0.0789947509765625 -0.114242553710938 0.152984619140625
0.072265625 -0.141952514648437 -0.1019287109375 0.31463623046875
0.024871826171875 -0.140945434570313 0.05816650390625 0.416229248046875
0.0352935791015625 -0.156280517578125 0.11090087890625 0.4193115234375
0.0430755615234375 -0.163192749023438 0.078704833984375 0.42706298828125
0.095703125 -0.0912857055664063 -0.1002197265625 0.37823486328125
0.13494873046875 -0.0257568359375 -0.189315795898437 0.223953247070313
0.120429992675781 0.0710525512695313 -0.198822021484375 0.0680389404296875
0.0429840087890625 0.183761596679688 -0.0825042724609375 -0.0303115844726562
-0.037689208984375 0.190109252929687 0.056884765625 0.137847900390625
-0.141372680664062 0.2635498046875 -0.15777587890625 0.36199951171875
-0.0638580322265625 0.0110855102539062 0.129150390625 -0.482177734375
-0.0189628601074219 0.0538101196289063 -0.064178466796875 -0.247421264648437
0.058624267578125 0.0430450439453125 0.0494155883789063 0.0288314819335938
0.0742263793945313 -0.00777435302734375 0.180038452148438 -0.0400238037109375
0.0268058776855469 -0.0661239624023438 0.214065551757813 -0.178237915039063
-0.0416030883789063 -0.0433616638183594 0.112548828125 -0.366455078125
-0.0579795837402344 -0.0337905883789062 -0.10198974609375 -0.444610595703125
-0.0330924987792969 -0.0307731628417969 -0.140594482421875 -0.427520751953125
-0.0442085266113281 -0.00988006591796876 -0.09735107421875 -0.431488037109375
-0.0125885009765625 -0.0397453308105469 0.062530517578125 -0.3607177734375
0.0301322937011719 -0.0276279449462891 0.0961761474609375 -0.182479858398438
0.0542335510253906 0.0212364196777344 0.0219345092773438 -0.131111145019531
-0.0192527770996094 0.0423088073730469 -0.06951904296875 -0.217605590820313
-0.0340251922607422 0.00812721252441407 -0.016876220703125 -0.483673095703125
-0.0302391052246094 -0.0474395751953125 0.4482421875 -0.63165283203125
-0.176666259765625 0.28302001953125 0.103485107421875 -0.45928955078125
-0.037994384765625 0.280685424804688 -0.066314697265625 -0.243484497070312
0.179275512695312 0.234466552734375 0.0515213012695313 0.0152091979980469
0.2430419921875 0.0467071533203125 0.154510498046875 -0.0415802001953125
0.185089111328125 -0.133407592773438 0.201522827148437 -0.148117065429687
0.0226593017578125 -0.19110107421875 0.103271484375 -0.32403564453125
-0.0676727294921875 -0.202651977539063 -0.093536376953125 -0.399017333984375
-0.0299224853515625 -0.222381591796875 -0.118927001953125 -0.3770751953125
-0.0561981201171875 -0.20733642578125 -0.081268310546875 -0.387176513671875
0.054473876953125 -0.204788208007812 0.0496826171875 -0.30694580078125
0.193069458007813 -0.135787963867187 0.0754928588867188 -0.138359069824219
0.274002075195313 0.0394134521484375 -0.0178375244140625 -0.13348388671875
0.129547119140625 0.271148681640625 -0.091522216796875 -0.237380981445312
-0.029052734375 0.282440185546875 -0.000305175781249955 -0.50189208984375
-0.158294677734375 0.258758544921875 0.43621826171875 -0.626220703125
-0.261505126953125 0.5205078125 0.03814697265625 -0.364471435546875
-0.0374145507812501 0.484771728515625 -0.0671844482421875 -0.186386108398437
0.301300048828125 0.396026611328125 0.0629310607910156 0.00871276855468752
0.398834228515625 0.0858154296875 0.126716613769531 -0.0459442138671875
0.3253173828125 -0.194854736328125 0.167816162109375 -0.11322021484375
0.0816650390625 -0.32098388671875 0.074432373046875 -0.24530029296875
-0.07086181640625 -0.344329833984375 -0.077880859375 -0.2972412109375
-0.0230712890625 -0.380126953125 -0.0790252685546875 -0.268173217773438
-0.06011962890625 -0.372344970703125 -0.051971435546875 -0.28167724609375
0.113006591796875 -0.339813232421875 0.02764892578125 -0.200454711914063
0.3319091796875 -0.229156494140625 0.0344810485839844 -0.0657424926757813
0.464508056640625 0.0509033203125 -0.0735549926757813 -0.115432739257813
0.271209716796875 0.4674072265625 -0.119338989257813 -0.238128662109375
-0.014892578125 0.5245361328125 0.014129638671875 -0.467132568359375
-0.26678466796875 0.52996826171875 0.37939453125 -0.535430908203125
-0.3033447265625 0.69635009765625 -0.0509490966796875 -0.2022705078125
-0.00878906249999998 0.64276123046875 -0.0607986450195313 -0.078704833984375
0.420440673828125 0.504974365234375 0.0807342529296875 0.010955810546875
0.52532958984375 0.09613037109375 0.0918731689453125 -0.0452117919921875
0.428802490234375 -0.25103759765625 0.115768432617188 -0.064361572265625
0.125518798828125 -0.4146728515625 0.0349960327148438 -0.131950378417969
-0.064239501953125 -0.43682861328125 -0.051239013671875 -0.149993896484375
-0.012908935546875 -0.48114013671875 -0.0268173217773437 -0.118980407714844
-0.0552978515625 -0.47808837890625 -0.010589599609375 -0.130096435546875
0.155029296875 -0.421722412109375 0.00410079956054689 -0.0552139282226563
0.422454833984375 -0.2867431640625 -0.0171375274658203 0.0291099548339844
0.58905029296875 0.0535888671875 -0.131698608398438 -0.0741043090820312
0.37298583984375 0.5965576171875 -0.142745971679687 -0.212600708007812
0.000854492187499935 0.687255859375 0.030731201171875 -0.374420166015625
-0.3358154296875 0.7149658203125 0.282012939453125 -0.36962890625
-0.29644775390625 0.77423095703125 -0.150253295898438 0.0101013183593751
0.0355224609375001 0.71527099609375 -0.0441207885742187 0.0709457397460938
0.494049072265625 0.535980224609375 0.096649169921875 0.026580810546875
0.58465576171875 0.0784912109375 0.0492973327636719 -0.0293426513671875
0.469879150390625 -0.28033447265625 0.0491218566894532 0.00122070312499998
0.146575927734375 -0.452392578125 -0.0080280303955078 0.00689315795898435
-0.0489501953125 -0.4644775390625 -0.016357421875 0.0225296020507812
-0.00247192382812501 -0.50738525390625 0.0285186767578125 0.0494575500488281
-0.0408935546874999 -0.50628662109375 0.0339431762695313 0.0427894592285156
0.1739501953125 -0.4307861328125 -0.0197601318359375 0.10400390625
0.442657470703125 -0.290740966796875 -0.0700225830078125 0.127593994140625
0.60784912109375 0.05926513671875 -0.178512573242187 -0.0174560546875
0.39752197265625 0.626708984375 -0.149063110351562 -0.163330078125
0.00543212890624998 0.7286376953125 0.0502166748046875 -0.235763549804687
-0.359619140625 0.7764892578125 0.164642333984375 -0.157150268554687
-0.242431640625 0.73590087890625 -0.241424560546875 0.24237060546875
0.0749511718750001 0.6712646484375 -0.0214996337890625 0.23565673828125
0.480987548828125 0.476959228515625 0.103240966796875 0.0548019409179688
0.539093017578125 0.04876708984375 0.00478744506835941 0.00373220443725586
0.42413330078125 -0.262664794921875 -0.019287109375 0.0746078491210937
0.1405029296875 -0.415618896484375 -0.0455322265625 0.148681640625
-0.0328369140625 -0.41876220703125 0.023284912109375 0.193359375
0.00762939453124995 -0.45562744140625 0.08001708984375 0.21014404296875
-0.01739501953125 -0.455810546875 0.0726318359375 0.209732055664062
0.16815185546875 -0.365264892578125 -0.0415802001953125 0.2457275390625
0.3876953125 -0.23321533203125 -0.117950439453125 0.204437255859375
0.5106201171875 0.069976806640625 -0.204116821289062 0.0359344482421875
0.32464599609375 0.550018310546875 -0.135818481445312 -0.105415344238281
-0.00982666015624998 0.63372802734375 0.0661163330078125 -0.0846710205078125
-0.3277587890625 0.707275390625 0.0425033569335937 0.0610542297363282
-0.157958984375 0.577392578125 -0.3165283203125 0.454559326171875
0.0902099609375 0.512542724609375 -0.00561523437499996 0.38763427734375
0.369049072265625 0.337799072265625 0.0992889404296875 0.0925445556640625
0.389495849609375 0.0201416015625 -0.0267753601074219 0.0435371398925781
0.306915283203125 -0.192138671875 -0.0763778686523438 0.132217407226563
0.1116943359375 -0.307220458984375 -0.0734710693359375 0.263015747070313
-0.00753784179687498 -0.305450439453125 0.0589599609375 0.334136962890625
0.0179443359375 -0.332275390625 0.117889404296875 0.3382568359375
0.00888061523437502 -0.3348388671875 0.097564697265625 0.342864990234375
0.139724731445313 -0.243911743164062 -0.0628662109375 0.34423828125
0.274826049804688 -0.135543823242188 -0.156280517578125 0.239791870117188
0.329742431640625 0.0782470703125 -0.207473754882812 0.0680389404296875
0.19134521484375 0.388214111328125 -0.109481811523437 -0.0583877563476562
-0.0286865234375 0.43609619140625 0.0720901489257813 0.045654296875
-0.2503662109375 0.523406982421875 -0.0651702880859375 0.245391845703125
-0.052734375 0.32415771484375 -0.3656005859375 0.6121826171875
0.086517333984375 0.272308349609375 0.00161743164062496 0.502899169921875
0.196914672851563 0.145339965820313 0.09344482421875 0.132698059082031
0.177444458007812 -0.0101776123046875 -0.0338287353515625 0.07684326171875
0.138961791992188 -0.0885009765625 -0.109359741210937 0.15814208984375
0.0650177001953125 -0.148712158203125 -0.08782958984375 0.32635498046875
0.018524169921875 -0.143386840820313 0.08319091796875 0.419677734375
0.0255584716796875 -0.159881591796875 0.137298583984375 0.415435791015625
0.0329132080078125 -0.167861938476563 0.105133056640625 0.423431396484375
0.0915298461914063 -0.09686279296875 -0.078948974609375 0.38751220703125
0.133354187011719 -0.0322952270507812 -0.180130004882813 0.235488891601562
0.125076293945313 0.0650100708007813 -0.1947021484375 0.079010009765625
0.05572509765625 0.181732177734375 -0.0820159912109375 -0.0270004272460937
-0.0290069580078125 0.193618774414063 0.0650711059570313 0.131874084472656
-0.128677368164062 0.275115966796875 -0.141632080078125 0.37054443359375
-0.0616493225097656 0.0141563415527344 0.10247802734375 -0.48089599609375
-0.0168724060058594 0.0540237426757813 -0.0791473388671875 -0.239532470703125
0.0573158264160156 0.0390815734863281 0.0488967895507813 0.0245399475097656
0.0718841552734375 -0.0114517211914063 0.173736572265625 -0.0483856201171875
0.0221405029296875 -0.06585693359375 0.203018188476563 -0.187057495117188
-0.0423812866210937 -0.0385704040527344 0.093231201171875 -0.370697021484375
-0.0589599609375 -0.029998779296875 -0.125701904296875 -0.43359375
-0.0345916748046875 -0.0292701721191406 -0.165557861328125 -0.412872314453125
-0.0420036315917969 -0.00677871704101563 -0.12225341796875 -0.419769287109375
-0.0145988464355469 -0.0382728576660156 0.040740966796875 -0.36273193359375
0.0283870697021484 -0.0294132232666016 0.0875701904296875 -0.184585571289063
0.0543556213378906 0.0162162780761719 0.0134124755859375 -0.12841796875
-0.016571044921875 0.0437355041503906 -0.0808868408203125 -0.208419799804687
-0.0325355529785156 0.00777435302734374 -0.03826904296875 -0.473419189453125
-0.0313224792480469 -0.0462684631347656 0.41339111328125 -0.6395263671875
-0.15936279296875 0.287017822265625 0.079193115234375 -0.4569091796875
-0.0243377685546875 0.277374267578125 -0.0802001953125 -0.234786987304687
0.18670654296875 0.220596313476563 0.0490989685058594 0.00956726074218751
0.240692138671875 0.0340118408203125 0.147476196289063 -0.048858642578125
0.174179077148438 -0.139617919921875 0.191085815429688 -0.157333374023438
0.0132904052734375 -0.18682861328125 0.0858154296875 -0.326507568359375
-0.0768280029296875 -0.195587158203125 -0.11578369140625 -0.388397216796875
-0.0428466796875 -0.219711303710938 -0.1405029296875 -0.364532470703125
-0.065093994140625 -0.201141357421875 -0.104461669921875 -0.378662109375
0.0431365966796875 -0.203826904296875 0.032257080078125 -0.30853271484375
0.183517456054688 -0.144744873046875 0.070343017578125 -0.140716552734375
0.2724609375 0.0230712890625 -0.0275726318359375 -0.129478454589844
0.143310546875 0.261154174804688 -0.102798461914062 -0.227203369140625
-0.014739990234375 0.2789306640625 -0.023193359375 -0.4915771484375
-0.142501831054687 0.262527465820313 0.40167236328125 -0.63427734375
-0.2303466796875 0.525054931640625 0.018341064453125 -0.359375
-0.011199951171875 0.478790283203125 -0.0788726806640625 -0.178329467773437
0.316558837890625 0.373046875 0.0605888366699219 0.00177383422851565
0.396087646484375 0.0654296875 0.1204833984375 -0.0532760620117188
0.309326171875 -0.209381103515625 0.159454345703125 -0.121429443359375
0.06439208984375 -0.31719970703125 0.0615692138671875 -0.246978759765625
-0.085906982421875 -0.334625244140625 -0.093841552734375 -0.287261962890625
-0.044647216796875 -0.376434326171875 -0.0958251953125 -0.260543823242188
-0.07904052734375 -0.36322021484375 -0.0698089599609375 -0.276992797851563
0.094482421875 -0.34002685546875 0.0166778564453125 -0.200790405273438
0.316192626953125 -0.242919921875 0.0335807800292969 -0.0677452087402344
0.4608154296875 0.0240478515625 -0.0821304321289063 -0.109115600585937
0.294036865234375 0.447845458984375 -0.128616333007813 -0.227508544921875
0.00991821289062495 0.5184326171875 -0.00698852539062499 -0.460235595703125
-0.2349853515625 0.534271240234375 0.3486328125 -0.543792724609375
-0.262451171875 0.70196533203125 -0.061279296875 -0.195648193359375
0.02532958984375 0.6304931640625 -0.06610107421875 -0.072296142578125
0.440582275390625 0.473236083984375 0.07781982421875 0.00256347656250003
0.52197265625 0.0682373046875 0.0869903564453125 -0.051544189453125
0.4072265625 -0.27154541015625 0.110359191894531 -0.0714111328125
0.10302734375 -0.412872314453125 0.0278701782226563 -0.132675170898438
-0.0851745605468751 -0.426544189453125 -0.0595245361328125 -0.141998291015625
-0.041168212890625 -0.477020263671875 -0.03533935546875 -0.1165771484375
-0.080810546875 -0.46734619140625 -0.0211257934570312 -0.131065368652344
0.131439208984375 -0.42230224609375 0.00069427490234376 -0.0558586120605469
0.4013671875 -0.305389404296875 -0.012125015258789 0.0278091430664062
0.58331298828125 0.02105712890625 -0.137435913085938 -0.06573486328125
0.40277099609375 0.568115234375 -0.148941040039063 -0.202011108398437
0.0330810546874999 0.67889404296875 0.01409912109375 -0.37103271484375
-0.29364013671875 0.721923828125 0.262481689453125 -0.376708984375
-0.2513427734375 0.77813720703125 -0.147064208984375 0.0169982910156251
0.0734252929687501 0.702392578125 -0.04034423828125 0.0738677978515625
0.515869140625 0.502197265625 0.09521484375 0.0177078247070313
0.5806884765625 0.047119140625 0.0465507507324219 -0.0348854064941406
0.44647216796875 -0.301361083984375 0.0479736328125 -0.00337600708007814
0.119720458984375 -0.451812744140625 -0.00767469406127929 0.00807142257690427
-0.0726318359375 -0.45477294921875 -0.0146961212158203 0.0266799926757812
-0.030426025390625 -0.503265380859375 0.02996826171875 0.0455245971679687
-0.068511962890625 -0.4964599609375 0.0332298278808594 0.0363235473632812
0.149078369140625 -0.4320068359375 -0.0133895874023437 0.103347778320312
0.419647216796875 -0.30841064453125 -0.0602188110351562 0.128471374511719
0.60406494140625 0.02471923828125 -0.179885864257812 -0.00741577148437502
0.427490234375 0.59515380859375 -0.152175903320312 -0.15338134765625
0.03948974609375 0.71881103515625 0.039825439453125 -0.2373046875
-0.31500244140625 0.784423828125 0.155532836914062 -0.16290283203125
-0.2020263671875 0.738037109375 -0.225341796875 0.2496337890625
0.10858154296875 0.65850830078125 -0.00825500488281249 0.234634399414063
0.501373291015625 0.444061279296875 0.104248046875 0.0456085205078125
0.534423828125 0.01971435546875 0.00521516799926761 -0.00101566314697265
0.405517578125 -0.283477783203125 -0.0165786743164062 0.0721588134765625
0.1163330078125 -0.41632080078125 -0.0371856689453125 0.150955200195312
-0.052032470703125 -0.41094970703125 0.0345916748046875 0.192764282226562
-0.01910400390625 -0.452484130859375 0.0904388427734375 0.200637817382813
-0.043731689453125 -0.44744873046875 0.0813751220703125 0.198165893554687
0.146697998046875 -0.367950439453125 -0.026947021484375 0.245361328125
0.369873046875 -0.249908447265625 -0.104629516601563 0.206527709960937
0.50762939453125 0.042755126953125 -0.20074462890625 0.04638671875
0.3515625 0.5233154296875 -0.135795593261719 -0.0984115600585938
0.0197143554687499 0.62640380859375 0.0620346069335937 -0.0899581909179687
-0.28582763671875 0.71478271484375 0.0448188781738281 0.0568122863769532
-0.127685546875 0.577392578125 -0.2908935546875 0.462188720703125
0.11468505859375 0.50103759765625 0.015960693359375 0.382904052734375
0.384185791015625 0.31231689453125 0.103111267089844 0.0842361450195313
0.385986328125 0.000244140625 -0.0238761901855468 0.0399742126464844
0.292449951171875 -0.207183837890625 -0.07012939453125 0.132293701171875
0.0938720703125 -0.30816650390625 -0.058319091796875 0.26617431640625
-0.021026611328125 -0.3016357421875 0.077667236328125 0.32916259765625
-0.00106811523437499 -0.330718994140625 0.13580322265625 0.326416015625
-0.011138916015625 -0.33087158203125 0.1146240234375 0.328826904296875
0.124969482421875 -0.247146606445313 -0.041839599609375 0.34405517578125
0.263748168945313 -0.146865844726563 -0.14190673828125 0.243408203125
0.32989501953125 0.0595703125 -0.201614379882812 0.07708740234375
0.21075439453125 0.371124267578125 -0.107559204101562 -0.0531692504882812
-0.00845336914062503 0.431060791015625 0.07379150390625 0.0368576049804688
-0.220062255859375 0.530914306640625 -0.05316162109375 0.243118286132813
-0.036712646484375 0.323028564453125 -0.32928466796875 0.6182861328125
0.0989532470703125 0.264999389648438 0.029541015625 0.495513916015625
0.203033447265625 0.13397216796875 0.0996475219726563 0.125473022460938
0.176040649414063 -0.019134521484375 -0.0282363891601562 0.0737228393554688
0.132606506347656 -0.0957794189453125 -0.101699829101562 0.159896850585938
0.0562591552734375 -0.150375366210938 -0.070465087890625 0.33013916015625
0.011871337890625 -0.1431884765625 0.107025146484375 0.41241455078125
0.0159149169921875 -0.159576416015625 0.160858154296875 0.401214599609375
0.02203369140625 -0.167556762695312 0.1282958984375 0.409820556640625
0.0857696533203125 -0.0995712280273438 -0.055267333984375 0.387603759765625
0.129310607910156 -0.037353515625 -0.165985107421875 0.24066162109375
0.126205444335938 0.0578079223632813 -0.18682861328125 0.0873260498046875
0.0655059814453125 0.174423217773438 -0.0803756713867188 -0.0241622924804687
-0.0191650390625 0.19207763671875 0.0705718994140625 0.122154235839844
-0.112777709960938 0.279373168945313 -0.1229248046875 0.369781494140625
-0.058197021484375 0.0149116516113281 0.08477783203125 -0.469940185546875
-0.01593017578125 0.0527267456054688 -0.08642578125 -0.229721069335938
0.0552024841308594 0.0372314453125 0.0466270446777344 0.0209808349609375
0.06903076171875 -0.0126533508300781 0.165481567382813 -0.0518798828125
0.0191535949707031 -0.0635032653808594 0.192916870117187 -0.188995361328125
-0.0416145324707031 -0.0344085693359375 0.07928466796875 -0.36688232421875
-0.0576515197753906 -0.0260124206542969 -0.140380859375 -0.418426513671875
-0.0346717834472656 -0.0281085968017578 -0.17730712890625 -0.395965576171875
-0.0389823913574219 -0.0055694580078125 -0.134765625 -0.405059814453125
-0.0155754089355469 -0.0356864929199219 0.02642822265625 -0.3568115234375
0.0259342193603516 -0.030609130859375 0.08172607421875 -0.182937622070313
0.0528335571289063 0.0132217407226563 0.00698852539062501 -0.123634338378906
-0.0146102905273438 0.0435371398925781 -0.08740234375 -0.19757080078125
-0.0313205718994141 0.00607872009277343 -0.051513671875 -0.4559326171875
-0.0305328369140625 -0.0453300476074219 0.38739013671875 -0.6302490234375
-0.14483642578125 0.283294677734375 0.0631103515624999 -0.4447021484375
-0.0149688720703125 0.26983642578125 -0.08746337890625 -0.224136352539062
0.187286376953125 0.20843505859375 0.0465240478515625 0.00531387329101564
0.235260009765625 0.026702880859375 0.140342712402344 -0.0528717041015625
0.164566040039062 -0.140640258789063 0.182449340820313 -0.159683227539063
0.00814819335937498 -0.180084228515625 0.072662353515625 -0.323638916015625
-0.0800933837890625 -0.187484741210938 -0.12750244140625 -0.3740234375
-0.0496063232421875 -0.214675903320312 -0.152313232421875 -0.350189208984375
-0.068511962890625 -0.193756103515625 -0.11785888671875 -0.36590576171875
0.035675048828125 -0.199264526367188 0.01947021484375 -0.3037109375
0.1746826171875 -0.147491455078125 0.0665435791015625 -0.141067504882813
0.266586303710938 0.01361083984375 -0.0336837768554687 -0.123016357421875
0.149444580078125 0.250701904296875 -0.10675048828125 -0.215911865234375
-0.00625610351562498 0.2711181640625 -0.03564453125 -0.476470947265625
-0.130706787109375 0.25921630859375 0.378173828125 -0.625244140625
-0.207763671875 0.516815185546875 0.00695800781249995 -0.3482666015625
0.00262451171875003 0.46484375 -0.0843963623046875 -0.16900634765625
0.31951904296875 0.352203369140625 0.056915283203125 -0.00376129150390623
0.387969970703125 0.05145263671875 0.113433837890625 -0.0564117431640625
0.293701171875 -0.213287353515625 0.1524658203125 -0.124221801757813
0.05291748046875 -0.308074951171875 0.051422119140625 -0.244277954101563
-0.094329833984375 -0.3233642578125 -0.102783203125 -0.27532958984375
-0.05792236328125 -0.3690185546875 -0.10516357421875 -0.25030517578125
-0.088348388671875 -0.351837158203125 -0.081634521484375 -0.268707275390625
0.08172607421875 -0.3330078125 0.00889587402343753 -0.198471069335938
0.301300048828125 -0.248504638671875 0.0331573486328125 -0.0691604614257813
0.45111083984375 0.0086669921875 -0.086151123046875 -0.102249145507813
0.302581787109375 0.426605224609375 -0.131500244140625 -0.216506958007812
0.02392578125 0.5048828125 -0.017822265625 -0.448333740234375
-0.2120361328125 0.528900146484375 0.326812744140625 -0.537017822265625
-0.23370361328125 0.68768310546875 -0.0652313232421875 -0.187881469726562
0.04302978515625 0.61248779296875 -0.067718505859375 -0.0655632019042968
0.44451904296875 0.4444580078125 0.0743255615234375 -0.00318908691406247
0.510650634765625 0.048858642578125 0.0813827514648438 -0.0560684204101562
0.38726806640625 -0.276947021484375 0.105270385742188 -0.0746612548828125
0.086822509765625 -0.401397705078125 0.0232009887695313 -0.130424499511719
-0.095611572265625 -0.41302490234375 -0.0625228881835937 -0.134796142578125
-0.05902099609375 -0.467071533203125 -0.0409927368164063 -0.112678527832031
-0.095184326171875 -0.452972412109375 -0.0290298461914062 -0.129196166992188
0.115264892578125 -0.4139404296875 -0.000801086425781243 -0.0556411743164063
0.38323974609375 -0.310638427734375 -0.00928306579589841 0.0255546569824219
0.5704345703125 0.00152587890625 -0.139183044433594 -0.0582504272460937
0.412017822265625 0.540252685546875 -0.149429321289062 -0.1917724609375
0.0516357421875 0.66168212890625 0.00537109374999998 -0.362823486328125
-0.26416015625 0.7122802734375 0.24774169921875 -0.373138427734375
-0.220947265625 0.764892578125 -0.142608642578125 0.0213165283203126
0.0916748046874999 0.68341064453125 -0.037078857421875 0.0747756958007813
0.5206298828125 0.471893310546875 0.09222412109375 0.010650634765625
0.5670166015625 0.0272216796875 0.0423088073730469 -0.0396308898925781
0.42333984375 -0.309967041015625 0.0456695556640625 -0.00661849975585939
0.103302001953125 -0.44085693359375 -0.00667190551757812 0.009190559387207
-0.085693359375 -0.441436767578125 -0.0120506286621094 0.0292778015136718
-0.050750732421875 -0.493133544921875 0.0294227600097656 0.0430183410644531
-0.0843811035156249 -0.480743408203125 0.0295314788818359 0.0317649841308593
0.13153076171875 -0.42333984375 -0.008392333984375 0.100860595703125
0.401519775390625 -0.3140869140625 -0.0536575317382812 0.125114440917969
0.59051513671875 0.00494384765625 -0.178298950195312 -0.000869750976562493
0.438232421875 0.565185546875 -0.15032958984375 -0.14599609375
0.05999755859375 0.70068359375 0.033233642578125 -0.235855102539062
-0.28326416015625 0.77410888671875 0.147872924804688 -0.163131713867187
-0.173095703125 0.724609375 -0.211380004882813 0.248138427734375
0.12640380859375 0.638671875 0.000122070312500015 0.230316162109375
0.504791259765625 0.414886474609375 0.103073120117188 0.0385055541992188
0.521636962890625 0.0028076171875 0.00403308868408206 -0.00500392913818359
0.386138916015625 -0.29083251953125 -0.0153465270996094 0.0687103271484375
0.099884033203125 -0.408050537109375 -0.03076171875 0.150650024414062
-0.06280517578125 -0.39990234375 0.0428314208984375 0.18988037109375
-0.035430908203125 -0.44329833984375 0.095062255859375 0.191665649414063
-0.059844970703125 -0.434295654296875 0.083648681640625 0.187408447265625
0.132080078125 -0.36163330078125 -0.0163116455078125 0.239959716796875
0.35369873046875 -0.253753662109375 -0.094635009765625 0.203872680664062
0.495147705078125 0.02490234375 -0.196746826171875 0.051422119140625
0.360687255859375 0.498077392578125 -0.132545471191406 -0.0933456420898437
0.0364379882812499 0.60992431640625 0.0586700439453125 -0.0938949584960937
-0.2572021484375 0.70452880859375 0.0441932678222656 0.0534324645996094
-0.10638427734375 0.5679931640625 -0.26715087890625 0.455078125
0.126678466796875 0.485992431640625 0.030181884765625 0.373626708984375
0.386505126953125 0.293609619140625 0.103530883789063 0.0766143798828125
0.377166748046875 -0.01239013671875 -0.0219001770019531 0.0355148315429688
0.279327392578125 -0.21197509765625 -0.0666732788085938 0.129547119140625
0.081817626953125 -0.3037109375 -0.04791259765625 0.264572143554688
-0.029266357421875 -0.294464111328125 0.090850830078125 0.321014404296875
-0.01397705078125 -0.324066162109375 0.14501953125 0.312255859375
-0.02398681640625 -0.3209228515625 0.122314453125 0.31427001953125
0.115219116210938 -0.243118286132813 -0.027130126953125 0.337982177734375
0.252853393554688 -0.149246215820313 -0.130126953125 0.241455078125
0.323272705078125 0.04852294921875 -0.194244384765625 0.0815887451171875
0.218505859375 0.3529052734375 -0.104606628417969 -0.0507965087890625
0.00326538085937499 0.420745849609375 0.0729827880859375 0.0292129516601563
-0.196746826171875 0.525054931640625 -0.0473480224609375 0.236618041992188
-0.02667236328125 0.317108154296875 -0.30169677734375 0.6070556640625
0.103622436523438 0.255950927734375 0.04736328125 0.4818115234375
0.20458984375 0.124420166015625 0.102737426757813 0.118492126464844
0.171432495117188 -0.0243682861328125 -0.0248565673828125 0.0688133239746094
0.12762451171875 -0.0990829467773437 -0.0967559814453125 0.158096313476563
0.049407958984375 -0.149139404296875 -0.0582275390625 0.32830810546875
0.0085906982421875 -0.141220092773438 0.122894287109375 0.401153564453125
0.0101318359375 -0.156051635742188 0.17315673828125 0.3856201171875
0.0135040283203125 -0.163223266601563 0.140228271484375 0.392547607421875
0.0809402465820313 -0.0994949340820312 -0.038787841796875 0.38092041015625
0.124473571777344 -0.039154052734375 -0.155197143554688 0.24102783203125
0.125038146972656 0.0522308349609375 -0.178024291992188 0.09027099609375
0.0703277587890625 0.166458129882812 -0.0765838623046875 -0.0234909057617187
-0.01336669921875 0.188644409179688 0.0716323852539063 0.11285400390625
-0.101028442382812 0.277069091796875 -0.11199951171875 0.361663818359375
-0.0565681457519531 0.0144233703613281 0.078826904296875 -0.4599609375
-0.0159835815429688 0.0515899658203125 -0.0897369384765625 -0.2215576171875
0.0529823303222656 0.0370941162109375 0.0446243286132813 0.0197181701660156
0.0679588317871094 -0.0123786926269531 0.161117553710938 -0.051727294921875
0.0173568725585937 -0.0611038208007813 0.188674926757813 -0.189208984375
-0.0395164489746094 -0.0316963195800781 0.072418212890625 -0.3653564453125
-0.0566673278808594 -0.0240669250488281 -0.14642333984375 -0.40985107421875
-0.0356063842773438 -0.0277099609375 -0.183502197265625 -0.385284423828125
-0.0369071960449219 -0.00548171997070312 -0.139923095703125 -0.395599365234375
-0.0162448883056641 -0.0348224639892578 0.019317626953125 -0.353912353515625
0.0244903564453125 -0.0311489105224609 0.08056640625 -0.181533813476563
0.0524330139160156 0.0111122131347656 0.00406646728515626 -0.119033813476563
-0.0133056640625 0.0426902770996094 -0.0890655517578125 -0.189697265625
-0.0302352905273437 0.00374603271484375 -0.052886962890625 -0.444366455078125
-0.0299263000488281 -0.0452613830566406 0.381103515625 -0.62078857421875
-0.138275146484375 0.278244018554688 0.057373046875 -0.434112548828125
-0.0130767822265625 0.263961791992188 -0.0908966064453125 -0.216018676757812
0.18609619140625 0.202056884765625 0.0439262390136719 0.00353240966796876
0.2313232421875 0.0241851806640625 0.136131286621094 -0.0534515380859375
0.159500122070312 -0.140045166015625 0.178482055664063 -0.160980224609375
0.00772094726562502 -0.174850463867188 0.0679931640625 -0.32177734375
-0.080535888671875 -0.182571411132813 -0.1328125 -0.3656005859375
-0.05364990234375 -0.21209716796875 -0.15850830078125 -0.3411865234375
-0.0688629150390625 -0.190032958984375 -0.124420166015625 -0.358489990234375
0.0322723388671875 -0.195465087890625 0.0137939453125 -0.30145263671875
0.169540405273437 -0.148452758789062 0.0662994384765625 -0.14117431640625
0.262603759765625 0.0089111328125 -0.0366744995117187 -0.118614196777344
0.15093994140625 0.2442626953125 -0.107559204101562 -0.209503173828125
-0.00427246093749999 0.265518188476563 -0.037261962890625 -0.466888427734375
-0.12542724609375 0.2559814453125 0.370361328125 -0.61749267578125
-0.197967529296875 0.5072021484375 0.00457763671875001 -0.339599609375
0.00595092773437503 0.455841064453125 -0.0852203369140625 -0.161819458007813
0.318145751953125 0.340667724609375 0.0538558959960938 -0.00631332397460935
0.381072998046875 0.046875 0.108970642089844 -0.0583572387695313
0.28521728515625 -0.213043212890625 0.14910888671875 -0.1260986328125
0.050567626953125 -0.300811767578125 0.048583984375 -0.242141723632813
-0.09576416015625 -0.3153076171875 -0.10565185546875 -0.268630981445313
-0.065399169921875 -0.36395263671875 -0.109878540039062 -0.243423461914063
-0.0919189453125 -0.344940185546875 -0.0883941650390625 -0.263656616210938
0.07672119140625 -0.326995849609375 0.0052032470703125 -0.197174072265625
0.29339599609375 -0.248504638671875 0.0342788696289063 -0.0699577331542969
0.44384765625 0.002532958984375 -0.089385986328125 -0.0971832275390625
0.304443359375 0.416290283203125 -0.130447387695312 -0.210845947265625
0.02789306640625 0.496734619140625 -0.01922607421875 -0.439971923828125
-0.203887939453125 0.52178955078125 0.32159423828125 -0.529541015625
-0.22015380859375 0.6767578125 -0.065155029296875 -0.18255615234375
0.04931640625 0.60076904296875 -0.0675773620605469 -0.0612831115722656
0.4427490234375 0.430511474609375 0.0716018676757813 -0.00665283203124997
0.50177001953125 0.043426513671875 0.0766677856445313 -0.0581207275390625
0.377685546875 -0.277801513671875 0.102294921875 -0.0761871337890625
0.082550048828125 -0.393157958984375 0.0215606689453125 -0.129287719726563
-0.0982666015625 -0.40472412109375 -0.0627365112304688 -0.129631042480469
-0.0682373046875 -0.4609375 -0.0439071655273438 -0.109718322753906
-0.10052490234375 -0.444915771484375 -0.0352783203125 -0.127685546875
0.109466552734375 -0.4071044921875 -0.00168991088867187 -0.0556716918945313
0.373046875 -0.3106689453125 -0.00629615783691404 0.023386001586914
0.563232421875 -0.00543212890625 -0.140975952148437 -0.0536956787109375
0.4140625 0.52459716796875 -0.146697998046875 -0.1876220703125
0.05633544921875 0.65032958984375 0.00201416015625 -0.35955810546875
-0.25396728515625 0.70379638671875 0.24273681640625 -0.367431640625
-0.20843505859375 0.75274658203125 -0.138832092285156 0.0219802856445313
0.0992431640625 0.66839599609375 -0.0348663330078125 0.0759582519531251
0.5189208984375 0.454681396484375 0.08984375 0.00619506835937503
0.5567626953125 0.020294189453125 0.0390968322753907 -0.0419845581054688
0.41278076171875 -0.312530517578125 0.044097900390625 -0.00865173339843752
0.095947265625 -0.432586669921875 -0.00558376312255859 0.00934028625488278
-0.088043212890625 -0.433135986328125 -0.00886726379394532 0.0306549072265625
-0.060211181640625 -0.48779296875 0.0280075073242187 0.0420951843261718
-0.090728759765625 -0.471527099609375 0.0253200531005859 0.0296611785888672
0.12646484375 -0.416290283203125 -0.0058441162109375 0.0988311767578125
0.393798828125 -0.31378173828125 -0.0496902465820312 0.121932983398437
0.58056640625 -0.00177001953125 -0.1787109375 0.00325012207031252
0.43902587890625 0.54998779296875 -0.1470947265625 -0.14373779296875
0.0648803710937501 0.68798828125 0.030731201171875 -0.234939575195312
-0.26995849609375 0.76434326171875 0.144119262695312 -0.161331176757812
-0.162841796875 0.71435546875 -0.203750610351563 0.24456787109375
0.1309814453125 0.62664794921875 0.00483703613281253 0.227493286132813
0.505279541015625 0.40032958984375 0.101387023925781 0.0341262817382813
0.513641357421875 -0.002960205078125 0.00226736068725589 -0.0083160400390625
0.37548828125 -0.292877197265625 -0.0152702331542969 0.0666236877441406
0.093963623046875 -0.40118408203125 -0.02685546875 0.149703979492187
-0.06610107421875 -0.39324951171875 0.04876708984375 0.188018798828125
-0.044097900390625 -0.437835693359375 0.0963592529296875 0.18707275390625
-0.065521240234375 -0.426055908203125 0.081695556640625 0.181228637695312
0.126800537109375 -0.355712890625 -0.010894775390625 0.236480712890625
0.34503173828125 -0.253631591796875 -0.09014892578125 0.199935913085938
0.488555908203125 0.018829345703125 -0.194976806640625 0.0541229248046875
0.36285400390625 0.483245849609375 -0.129600524902344 -0.092803955078125
0.0418701171874999 0.6002197265625 0.0568771362304687 -0.097412109375
-0.2457275390625 0.69775390625 0.0431327819824219 0.0516891479492188
-0.09893798828125 0.558807373046875 -0.256927490234375 0.44683837890625
0.129150390625 0.4776611328125 0.0360107421875 0.366729736328125
0.38623046875 0.28326416015625 0.10369873046875 0.07232666015625
0.371551513671875 -0.01678466796875 -0.022369384765625 0.0319614410400391
0.2720947265625 -0.215255737304688 -0.0651779174804688 0.127449035644531
0.07684326171875 -0.29852294921875 -0.0431365966796875 0.263778686523438
-0.031005859375 -0.291015625 0.098114013671875 0.31658935546875
-0.01922607421875 -0.320037841796875 0.148590087890625 0.304443359375
-0.029510498046875 -0.313934326171875 0.123016357421875 0.30535888671875
0.111801147460938 -0.238922119140625 -0.01922607421875 0.33233642578125
0.247909545898438 -0.149551391601563 -0.12506103515625 0.238937377929688
0.318267822265625 0.043701171875 -0.191436767578125 0.0823822021484375
0.219970703125 0.34320068359375 -0.10125732421875 -0.0515975952148437
0.00750732421875001 0.414581298828125 0.07147216796875 0.0229949951171875
-0.18853759765625 0.519500732421875 -0.04669189453125 0.232421875
-0.02392578125 0.31341552734375 -0.2906494140625 0.59564208984375
0.10369873046875 0.2515869140625 0.053863525390625 0.472381591796875
0.203842163085938 0.1204833984375 0.103309631347656 0.114791870117188
0.169158935546875 -0.02630615234375 -0.024200439453125 0.0655517578125
0.124420166015625 -0.101234436035156 -0.0955963134765625 0.15679931640625
0.0468902587890625 -0.14752197265625 -0.053131103515625 0.32684326171875
0.00755310058593749 -0.140670776367188 0.12994384765625 0.394287109375
0.00701904296875002 -0.154159545898438 0.17950439453125 0.37579345703125
0.0100250244140625 -0.159713745117188 0.143218994140625 0.38238525390625
0.0792999267578125 -0.0984573364257812 -0.0306396484375 0.375762939453125
0.122383117675781 -0.0388259887695312 -0.149734497070313 0.239120483398438
0.123649597167969 0.0502548217773438 -0.173324584960938 0.09027099609375
0.072296142578125 0.161773681640625 -0.074462890625 -0.0252532958984375
-0.0111236572265625 0.186050415039063 0.0705032348632813 0.105819702148438
-0.095916748046875 0.27587890625 -0.110595703125 0.355255126953125
-0.0556602478027344 0.0142097473144531 0.07781982421875 -0.45904541015625
-0.0164527893066406 0.0518226623535156 -0.0916748046875 -0.21917724609375
0.0525360107421875 0.0373573303222656 0.0439529418945312 0.0195159912109375
0.0682830810546875 -0.0123367309570313 0.160293579101563 -0.052001953125
0.0176200866699219 -0.0600700378417969 0.188522338867188 -0.192794799804688
-0.0377845764160156 -0.0302810668945312 0.0697021484375 -0.3702392578125
-0.0562362670898438 -0.0225715637207031 -0.152801513671875 -0.4100341796875
-0.0360450744628906 -0.0277214050292969 -0.18951416015625 -0.384765625
-0.0359878540039063 -0.00632095336914062 -0.145416259765625 -0.39703369140625
-0.0168800354003906 -0.0341701507568359 0.015228271484375 -0.357666015625
0.0235633850097656 -0.0319004058837891 0.082366943359375 -0.183639526367188
0.052276611328125 0.010162353515625 0.00225830078125002 -0.1175537109375
-0.0129470825195312 0.0426483154296875 -0.090789794921875 -0.186813354492187
-0.031646728515625 0.00226593017578124 -0.053436279296875 -0.44293212890625
-0.0293731689453125 -0.04583740234375 0.38751220703125 -0.622314453125
-0.137802124023438 0.277938842773438 0.057037353515625 -0.43408203125
-0.0126495361328125 0.264511108398438 -0.0923004150390625 -0.212646484375
0.186874389648438 0.201766967773438 0.0428390502929688 0.00231552124023439
0.23223876953125 0.024383544921875 0.134025573730469 -0.0544509887695313
0.159423828125 -0.140533447265625 0.17926025390625 -0.163619995117188
0.00897216796875001 -0.173416137695313 0.065765380859375 -0.325439453125
-0.08087158203125 -0.18194580078125 -0.137542724609375 -0.365325927734375
-0.0570220947265625 -0.214065551757813 -0.163970947265625 -0.339569091796875
-0.0695648193359375 -0.191604614257813 -0.130706787109375 -0.3590087890625
0.0323486328125 -0.195831298828125 0.010467529296875 -0.304718017578125
0.169387817382813 -0.151153564453125 0.0678558349609375 -0.14349365234375
0.2646484375 0.0067291259765625 -0.0398178100585937 -0.116539001464844
0.153915405273437 0.24420166015625 -0.10845947265625 -0.20721435546875
-0.00427246093750003 0.265548706054687 -0.03656005859375 -0.467437744140625
-0.124969482421875 0.257827758789063 0.37664794921875 -0.61761474609375
-0.19549560546875 0.509185791015625 0.00494384765624999 -0.338165283203125
0.00836181640625002 0.45452880859375 -0.086700439453125 -0.158447265625
0.320770263671875 0.33892822265625 0.0526695251464844 -0.00803375244140623
0.382415771484375 0.04608154296875 0.106613159179688 -0.0598602294921875
0.2847900390625 -0.215606689453125 0.149688720703125 -0.12884521484375
0.05059814453125 -0.2996826171875 0.04718017578125 -0.245254516601563
-0.097564697265625 -0.316162109375 -0.1087646484375 -0.266830444335938
-0.070587158203125 -0.367279052734375 -0.115341186523437 -0.242279052734375
-0.0941162109375 -0.346099853515625 -0.0948333740234375 -0.263397216796875
0.076629638671875 -0.328155517578125 0.00338745117187499 -0.199508666992188
0.294158935546875 -0.252899169921875 0.0360183715820313 -0.0732269287109375
0.44744873046875 -0.000244140625 -0.0933074951171875 -0.0943756103515625
0.309661865234375 0.415496826171875 -0.130538940429688 -0.210205078125
0.0284423828125 0.49688720703125 -0.018157958984375 -0.4425048828125
-0.203216552734375 0.5250244140625 0.325164794921875 -0.530426025390625
-0.21826171875 0.67913818359375 -0.0639190673828125 -0.181930541992188
0.05108642578125 0.60162353515625 -0.0673866271972656 -0.0586090087890625
0.4471435546875 0.42633056640625 0.0704803466796875 -0.00955963134765622
0.50384521484375 0.04229736328125 0.0738983154296875 -0.0597000122070312
0.375030517578125 -0.28271484375 0.102897644042969 -0.0796585083007813
0.08294677734375 -0.3929443359375 0.021575927734375 -0.130867004394531
-0.10101318359375 -0.40570068359375 -0.0625991821289062 -0.128875732421875
-0.075286865234375 -0.465484619140625 -0.0468673706054687 -0.108718872070313
-0.103790283203125 -0.44439697265625 -0.0408554077148438 -0.127029418945313
0.1085205078125 -0.407867431640625 -0.00152587890625 -0.0570106506347657
0.375 -0.3155517578125 -0.00454330444335935 0.0209980010986328
0.5673828125 -0.00787353515625 -0.14459228515625 -0.0502471923828125
0.420440673828125 0.526947021484375 -0.146072387695313 -0.188400268554687
0.0565185546875 0.651611328125 0.00320434570312498 -0.36297607421875
-0.2532958984375 0.70758056640625 0.245849609375 -0.3687744140625
-0.20587158203125 0.7557373046875 -0.136886596679688 0.0210876464843751
0.10028076171875 0.67059326171875 -0.03326416015625 0.0780639648437501
0.5250244140625 0.450469970703125 0.0899581909179688 0.00328826904296878
0.560302734375 0.01837158203125 0.0367240905761719 -0.0443840026855469
0.41143798828125 -0.316925048828125 0.0446853637695313 -0.0113258361816406
0.0965576171875 -0.432586669921875 -0.00395965576171874 0.00930309295654294
-0.090728759765625 -0.43463134765625 -0.00628852844238282 0.0318107604980468
-0.067474365234375 -0.49090576171875 0.0284156799316406 0.0423507690429687
-0.096893310546875 -0.47283935546875 0.0220413208007812 0.0297489166259765
0.126922607421875 -0.41741943359375 -0.00394439697265623 0.09893798828125
0.3929443359375 -0.3182373046875 -0.0476913452148437 0.120826721191406
0.5860595703125 -0.00445556640625 -0.1820068359375 0.00669860839843753
0.446197509765625 0.548675537109375 -0.146774291992187 -0.1456298828125
0.06512451171875 0.69097900390625 0.0303802490234375 -0.239471435546875
-0.2684326171875 0.76788330078125 0.145309448242187 -0.16180419921875
-0.16033935546875 0.71875 -0.203018188476562 0.24346923828125
0.13287353515625 0.62762451171875 0.00802612304687503 0.22882080078125
0.51007080078125 0.398651123046875 0.102142333984375 0.0309982299804688
0.516815185546875 -0.004180908203125 0.000241279602050813 -0.0111494064331055
0.37548828125 -0.298919677734375 -0.0153961181640625 0.0656204223632813
0.093597412109375 -0.401824951171875 -0.0242767333984375 0.151840209960937
-0.0673828125 -0.39581298828125 0.0536651611328125 0.188522338867187
-0.05023193359375 -0.4405517578125 0.098724365234375 0.18670654296875
-0.069976806640625 -0.42547607421875 0.0802001953125 0.181533813476563
0.12786865234375 -0.355682373046875 -0.00715637207031247 0.2371826171875
0.347076416015625 -0.256500244140625 -0.088531494140625 0.199813842773437
0.49188232421875 0.017425537109375 -0.197357177734375 0.056793212890625
0.368194580078125 0.4837646484375 -0.1290283203125 -0.0954132080078125
0.04248046875 0.60272216796875 0.0558853149414063 -0.102294921875
-0.244873046875 0.7020263671875 0.0419158935546875 0.0522956848144532
-0.0980224609375 0.5634765625 -0.256317138671875 0.444244384765625
0.131683349609375 0.479156494140625 0.039886474609375 0.36785888671875
0.39105224609375 0.2825927734375 0.105125427246094 0.0704879760742188
0.373870849609375 -0.018157958984375 -0.0231857299804687 0.0293464660644531
0.2725830078125 -0.220428466796875 -0.0657196044921875 0.127784729003906
0.076324462890625 -0.300506591796875 -0.0404510498046875 0.26666259765625
-0.032196044921875 -0.2933349609375 0.10528564453125 0.316986083984375
-0.023712158203125 -0.321990966796875 0.154083251953125 0.3037109375
-0.032867431640625 -0.314300537109375 0.123809814453125 0.30517578125
0.112579345703125 -0.239898681640625 -0.01513671875 0.3343505859375
0.248397827148438 -0.151016235351563 -0.124664306640625 0.240081787109375
0.321258544921875 0.043243408203125 -0.191635131835937 0.0850372314453125
0.22369384765625 0.34259033203125 -0.10076904296875 -0.0551071166992188
0.00872802734374998 0.416473388671875 0.069793701171875 0.0182037353515625
-0.187652587890625 0.52313232421875 -0.0491790771484375 0.232833862304688
-0.024017333984375 0.315765380859375 -0.29083251953125 0.59228515625
0.104873657226563 0.252212524414063 0.058441162109375 0.471923828125
0.207122802734375 0.120635986328125 0.106109619140625 0.113372802734375
0.170150756835938 -0.027252197265625 -0.0242233276367187 0.0634231567382813
0.124565124511719 -0.104454040527344 -0.0965728759765625 0.15814208984375
0.0459442138671875 -0.148757934570313 -0.0491943359375 0.331695556640625
0.00727844238281251 -0.14288330078125 0.13916015625 0.39581298828125
0.00579833984375001 -0.155563354492188 0.184661865234375 0.374969482421875
0.00848388671875001 -0.159317016601563 0.14654541015625 0.38232421875
0.080352783203125 -0.098724365234375 -0.026397705078125 0.377471923828125
0.122970581054688 -0.0389633178710938 -0.149490356445313 0.241851806640625
0.124214172363281 0.0501937866210938 -0.172698974609375 0.091644287109375
0.0746002197265625 0.160720825195313 -0.0741806030273438 -0.028289794921875
-0.0102081298828125 0.187286376953125 0.0691604614257813 0.10150146484375
-0.095458984375 0.27874755859375 -0.11346435546875 0.356781005859375
-0.0560989379882813 0.0142974853515625 0.07550048828125 -0.46881103515625
-0.0162467956542969 0.0538101196289063 -0.0971527099609375 -0.219192504882813
0.0529365539550781 0.0377120971679688 0.044464111328125 0.0190925598144531
0.0694694519042969 -0.0133819580078125 0.16168212890625 -0.0557403564453125
0.0176887512207031 -0.0600776672363281 0.189483642578125 -0.202529907226563
-0.0375328063964844 -0.0298881530761719 0.062103271484375 -0.381866455078125
-0.056915283203125 -0.0219573974609375 -0.168304443359375 -0.414794921875
-0.0382232666015625 -0.0278358459472656 -0.204254150390625 -0.38629150390625
-0.0363121032714844 -0.00671005249023437 -0.158294677734375 -0.4034423828125
-0.0182380676269531 -0.0338592529296875 0.00567626953124997 -0.36785888671875
0.0222053527832031 -0.0332660675048828 0.08251953125 -0.190338134765625
0.0530929565429688 0.00847625732421875 -0.000640869140624985 -0.117607116699219
-0.0123748779296875 0.0432205200195313 -0.0967254638671875 -0.185897827148437
-0.0329399108886719 0.00100135803222657 -0.058990478515625 -0.45001220703125
-0.02947998046875 -0.0472755432128906 0.3927001953125 -0.639892578125
-0.1353759765625 0.284881591796875 0.054840087890625 -0.441375732421875
-0.00947570800781251 0.269729614257813 -0.0979461669921875 -0.211807250976563
0.193740844726563 0.202072143554688 0.0421333312988281 0.000839233398437512
0.23797607421875 0.0211029052734375 0.134231567382813 -0.0572967529296875
0.160293579101563 -0.145355224609375 0.180084228515625 -0.173126220703125
0.00825500488281251 -0.17633056640625 0.059295654296875 -0.3370361328125
-0.0849761962890625 -0.183914184570313 -0.15057373046875 -0.3701171875
-0.06549072265625 -0.218215942382812 -0.17767333984375 -0.3416748046875
-0.075286865234375 -0.195159912109375 -0.143463134765625 -0.36358642578125
0.0294189453125 -0.199554443359375 0.00238037109374998 -0.313751220703125
0.16973876953125 -0.158584594726563 0.068511962890625 -0.150283813476563
0.271041870117188 0.0015869140625 -0.0438461303710937 -0.114959716796875
0.162063598632813 0.24664306640625 -0.11328125 -0.207550048828125
-0.00125122070312502 0.269760131835937 -0.04290771484375 -0.475982666015625
-0.12255859375 0.265487670898438 0.38031005859375 -0.6348876953125
-0.191070556640625 0.5203857421875 0.00198364257812498 -0.3441162109375
0.014068603515625 0.46368408203125 -0.089935302734375 -0.156646728515625
0.3331298828125 0.338531494140625 0.0522422790527344 -0.0110321044921875
0.392059326171875 0.042144775390625 0.10552978515625 -0.0625076293945313
0.28607177734375 -0.225616455078125 0.15087890625 -0.137359619140625
0.04949951171875 -0.30535888671875 0.0427093505859375 -0.254348754882813
-0.104278564453125 -0.321136474609375 -0.116973876953125 -0.269912719726563
-0.083160400390625 -0.375396728515625 -0.124160766601563 -0.243270874023438
-0.10296630859375 -0.352935791015625 -0.106155395507812 -0.266387939453125
0.07366943359375 -0.335174560546875 -0.00236511230468748 -0.2054443359375
0.29541015625 -0.264678955078125 0.0364608764648438 -0.0780410766601563
0.458831787109375 -0.008087158203125 -0.09912109375 -0.090850830078125
0.3236083984375 0.4190673828125 -0.135009765625 -0.211624145507812
0.035430908203125 0.507293701171875 -0.0239868164062499 -0.452362060546875
-0.2001953125 0.541595458984375 0.32904052734375 -0.546112060546875
-0.21246337890625 0.694091796875 -0.0659332275390625 -0.184677124023437
0.0618896484375001 0.61187744140625 -0.0676383972167969 -0.0557861328125
0.46319580078125 0.42572021484375 0.0707321166992188 -0.0129165649414062
0.515472412109375 0.035552978515625 0.072052001953125 -0.0630340576171875
0.376678466796875 -0.295928955078125 0.103904724121094 -0.0856475830078125
0.079376220703125 -0.401824951171875 0.01995849609375 -0.135116577148438
-0.108551025390625 -0.412078857421875 -0.0663223266601563 -0.130279541015625
-0.090057373046875 -0.475250244140625 -0.05157470703125 -0.108406066894531
-0.116241455078125 -0.452789306640625 -0.0478973388671875 -0.127738952636719
0.106475830078125 -0.4166259765625 -0.00323104858398436 -0.0597572326660157
0.376922607421875 -0.330596923828125 -0.00352287292480467 0.0185985565185547
0.58111572265625 -0.01898193359375 -0.150619506835937 -0.044921875
0.44012451171875 0.529205322265625 -0.151168823242187 -0.190338134765625
0.06744384765625 0.66619873046875 -0.00234985351562501 -0.372833251953125
-0.248291015625 0.72747802734375 0.246826171875 -0.38018798828125
-0.1982421875 0.771728515625 -0.138191223144531 0.0226135253906251
0.11376953125 0.68145751953125 -0.030029296875 0.081939697265625
0.544921875 0.450286865234375 0.0913543701171875 -0.000785827636718722
0.57330322265625 0.010009765625 0.0345382690429688 -0.0475120544433594
0.413116455078125 -0.334625244140625 0.0459175109863282 -0.0148353576660156
0.0932312011718751 -0.442413330078125 -0.00283527374267578 0.00897312164306638
-0.09918212890625 -0.44390869140625 -0.00394821166992188 0.031768798828125
-0.082305908203125 -0.502593994140625 0.0299530029296875 0.04278564453125
-0.1075439453125 -0.480743408203125 0.0195579528808594 0.0316104888916015
0.124053955078125 -0.427490234375 -0.00163269042968749 0.0998764038085937
0.396636962890625 -0.332916259765625 -0.0461578369140625 0.122055053710937
0.6015625 -0.015625 -0.188522338867187 0.0133819580078125
0.46478271484375 0.553680419921875 -0.151275634765625 -0.148178100585937
0.0760498046875 0.7059326171875 0.02716064453125 -0.248809814453125
-0.26434326171875 0.792724609375 0.145645141601562 -0.166580200195312
-0.1524658203125 0.7347412109375 -0.202667236328125 0.2481689453125
0.14544677734375 0.639404296875 0.014068603515625 0.234039306640625
0.531280517578125 0.39727783203125 0.105361938476563 0.0274658203125
0.52947998046875 -0.013031005859375 -0.00160408020019528 -0.0130090713500977
0.376861572265625 -0.314788818359375 -0.0143356323242187 0.0654525756835937
0.090545654296875 -0.410980224609375 -0.0204620361328125 0.1556396484375
-0.075225830078125 -0.404327392578125 0.06195068359375 0.190521240234375
-0.062591552734375 -0.4522705078125 0.106552124023437 0.188796997070313
-0.080596923828125 -0.4329833984375 0.083251953125 0.184585571289062
0.1273193359375 -0.364288330078125 -0.00177001953124997 0.242172241210937
0.349578857421875 -0.267486572265625 -0.0869903564453125 0.2049560546875
0.50555419921875 0.00927734375 -0.20233154296875 0.0641937255859375
0.384521484375 0.485931396484375 -0.132621765136719 -0.0990219116210937
0.0524902343749999 0.6141357421875 0.0541305541992187 -0.109619140625
-0.2406005859375 0.72430419921875 0.0419082641601562 0.0537872314453125
-0.0921630859375 0.57757568359375 -0.2562255859375 0.454010009765625
0.14227294921875 0.4871826171875 0.049041748046875 0.37347412109375
0.406768798828125 0.28106689453125 0.110145568847656 0.0684814453125
0.38250732421875 -0.0240478515625 -0.023782730102539 0.0288162231445312
0.273162841796875 -0.23272705078125 -0.0651092529296875 0.131492614746094
0.07415771484375 -0.307861328125 -0.033966064453125 0.275283813476562
-0.037384033203125 -0.301055908203125 0.11859130859375 0.3211669921875
-0.031524658203125 -0.3304443359375 0.165252685546875 0.306427001953125
-0.039764404296875 -0.31976318359375 0.1322021484375 0.310211181640625
0.11328125 -0.245956420898438 -0.00735473632812496 0.342254638671875
0.252105712890625 -0.15814208984375 -0.122604370117187 0.247650146484375
0.32977294921875 0.03936767578125 -0.194732666015625 0.091064453125
0.235321044921875 0.344696044921875 -0.103363037109375 -0.05853271484375
0.0150146484375 0.424224853515625 0.0696220397949219 0.0127487182617188
-0.183807373046875 0.5386962890625 -0.049591064453125 0.239791870117188
-0.019622802734375 0.32440185546875 -0.29132080078125 0.604248046875
0.110458374023437 0.25604248046875 0.068267822265625 0.479248046875
0.21490478515625 0.120376586914063 0.111373901367188 0.113044738769531
0.173843383789063 -0.0299072265625 -0.0237388610839844 0.0635147094726563
0.125762939453125 -0.111122131347656 -0.0965118408203125 0.163925170898438
0.0446624755859375 -0.152618408203125 -0.04254150390625 0.3416748046875
0.00512695312499999 -0.1478271484375 0.154205322265625 0.40081787109375
0.00303649902343749 -0.159805297851563 0.20037841796875 0.377716064453125
0.00527954101562499 -0.1617431640625 0.158782958984375 0.386260986328125
0.0816268920898438 -0.101837158203125 -0.0169677734375 0.38671875
0.126174926757813 -0.0413360595703125 -0.148895263671875 0.250381469726563
0.128402709960938 0.050506591796875 -0.173995971679688 0.0964813232421875
0.079437255859375 0.162277221679688 -0.0761871337890625 -0.031219482421875
-0.00666809082031248 0.191070556640625 0.0694046020507813 0.0983352661132813
-0.09307861328125 0.28753662109375 -0.114166259765625 0.3671875
0.0396793238915468 0.0937738115857952 0.451544396949697 -0.206007171616078
0.0695038808484528 -0.00284964506574335 0.150041351461567 -0.20918177564399
-0.002994681314705 -0.0671804136376208 -0.00933047201544022 0.0591978035212387
-0.0738604840826688 -0.0446603930376089 0.12783623828168 0.139050846870876
-0.0726532500747659 0.0537455346077669 0.306484736275428 0.0647296545314073
-0.0114478148179217 0.0849317159072745 0.38197030028844 -0.122073033366665
0.0209111516238657 0.0868112617446724 0.344569914546851 -0.313243013517176
0.0225910700564217 0.0710649744762273 0.279175802545545 -0.39079681065243
0.0171451597349313 0.0671720523540371 0.315808184571279 -0.324899067719118
-0.00808211386184197 0.0573270811528275 0.323748814647876 -0.172403972272163
-0.0449352130740084 0.0156988244912929 0.223190272408647 -0.0101228573427999
-0.0268903840195698 -0.0435862664487125 0.0996499101038899 -0.0545117265291703
0.0416510199546836 -0.00843539479900134 0.0950904600757732 -0.185300495267283
0.0209894438800733 0.0495458682638537 0.367686312373156 -0.273507734249632
-0.0378419848630697 0.0800722795863851 0.734874438900843 -0.0723962310573285
0.304067945850988 0.0114393128281024 0.389428835640956 -0.242695382808842
0.242414699892572 -0.147749167690167 0.108371342845653 -0.232981252401725
0.0509949184762541 -0.282246154211947 -0.0466755993657608 0.0611073692728773
-0.161529324388382 -0.216104821437114 0.0844163368958595 0.152506113692472
-0.240630815096283 0.0094946428027672 0.283021927877393 0.0971172169499987
-0.153174281717259 0.137657605792536 0.358217837707699 -0.0880350339740247
-0.111075147661903 0.196636495427241 0.327125267181942 -0.262140867716562
-0.101935420385781 0.212373167383735 0.266434760975803 -0.336492471747621
-0.124271149967127 0.208936387686799 0.303185090537799 -0.281324444664417
-0.171936695515167 0.123599499776878 0.285422469675565 -0.125852052390311
-0.238639469669811 -0.00980487739645419 0.175886055469964 0.0229889708262927
-0.167046859924156 -0.229548395836849 0.0474045766598823 -0.0695367636474418
0.0532404461864835 -0.272014047321457 0.0777356285962586 -0.212886615816285
0.207781135374157 -0.134024314414365 0.382750637349134 -0.299982265388908
0.254615643521857 -0.00274780255756963 0.732640314910771 -0.111346066837579
0.531618143997951 -0.079910900450826 0.250390318091815 -0.260729708859716
0.384923421012885 -0.295756353674996 0.0268542257260821 -0.220145857398412
0.0816127758688732 -0.478752792861282 -0.0762998170606301 0.080846357481513
-0.25191907127428 -0.36394056358389 0.0505020421233068 0.160776812378039
-0.390710150906177 -0.0268185459383759 0.24186169410907 0.112458146537939
-0.276762345039855 0.179270469487334 0.291709743050601 -0.0505927237210217
-0.227676227591567 0.280855990339183 0.261733184036035 -0.177398695006974
-0.209289570205071 0.322363450903961 0.211509731460541 -0.231781691738632
-0.246074858255732 0.318470209747618 0.242506322005209 -0.191532948067649
-0.310315396942561 0.170420973786599 0.197732723726712 -0.0567480766238599
-0.40322434600055 -0.0335555795490259 0.0887703284098526 0.0522426842411425
-0.289262999464721 -0.388284042494778 -0.0262166365011837 -0.0874646028763118
0.0530508238082426 -0.50643642225293 0.0460150331661522 -0.233393296281794
0.365802542471059 -0.305233279699555 0.358005425828346 -0.296404675105392
0.511094205030499 -0.084519312767449 0.640668300944975 -0.126415139952937
0.687348914633268 -0.174101799014956 0.0540045416408177 -0.248443620798046
0.471305130653076 -0.439912983316006 -0.086691929560208 -0.160663615879573
0.074957260013498 -0.643563139739569 -0.0994561885089414 0.118031581943986
-0.342545602189777 -0.468426782720479 0.020216866108639 0.16372806502026
-0.506644118312017 -0.0465434266640504 0.176129204188153 0.113941609301532
-0.365780955521123 0.204936224184309 0.186198286035308 -0.00611758606846778
-0.310483470680923 0.327279150121725 0.157095163432057 -0.0667607920109242
-0.284734474682876 0.383456036174987 0.126455839127347 -0.09064149000958
-0.326139186430526 0.378652356913971 0.14537868300845 -0.0705273761108741
-0.399849374067372 0.188611552521409 0.0751575638676087 0.0258562375379154
-0.504747553192125 -0.0547244500599045 -0.0248470370663202 0.0766678117493314
-0.370578878224025 -0.490944546328355 -0.109959310553084 -0.09874617530586
0.0444701102826176 -0.666453116624399 0.0049238132482906 -0.234662916599083
0.465447934744614 -0.427172944559745 0.287677102215252 -0.254295596094481
0.68489661093419 -0.147980054948412 0.465592866452244 -0.111480241897825
0.750874316663904 -0.252363270501831 -0.177408926085548 -0.201231874425942
0.488725763456012 -0.54122186662191 -0.215733214075707 -0.05777497606798
0.044082719777039 -0.726421807926888 -0.113893312431877 0.160116356117534
-0.404117034666451 -0.502303290598153 -0.013254667371559 0.15578581259079
-0.558167722444075 -0.0514665674693892 0.0815520497344469 0.106434646329433
-0.401934559186969 0.206762549344995 0.0497948980178082 0.0434497560119984
-0.346852463394314 0.325647719117677 0.0272031724855877 0.056743231614571
-0.315703179798214 0.386038465504166 0.0217487265049167 0.0646191251146526
-0.354920477549653 0.373583670541527 0.0256294193892647 0.0637114211692552
-0.423539286609795 0.172098691887344 -0.0626811320814701 0.10805247412767
-0.518638253643695 -0.0730834959527891 -0.145865614574736 0.0901584629393207
-0.377456243329318 -0.514599869322035 -0.185948232140278 -0.102919722737987
0.0436714879498064 -0.702851190867805 -0.0332878607809373 -0.212143724301652
0.488882550026576 -0.463997125537148 0.192069801569729 -0.171850271283092
0.745468739004961 -0.179650059046243 0.240245427046641 -0.0692916877797657
0.699960341202014 -0.296455646177168 -0.408173863354044 -0.12107316081253
0.426642884042743 -0.55343121912521 -0.334207483806283 0.0704315787786922
0.00708429369684529 -0.68603775562569 -0.118628578365935 0.191965838608597
-0.389304411091277 -0.451709185421254 -0.0503402794551219 0.131653997989825
-0.512047062028999 -0.0463978531825048 -0.0294677913886601 0.090361048740533
-0.372514474946439 0.1755518004806 -0.096158279197663 0.0924969657698576
-0.330154892824867 0.27413070816445 -0.107093221399772 0.174899518528042
-0.298415931674077 0.328826197790263 -0.0863338587098875 0.210452169125029
-0.331041881681352 0.310435259778781 -0.0972678230671462 0.187785102064501
-0.378168170888467 0.121441278563481 -0.190368320085615 0.170444046639038
-0.435786118581533 -0.0852037556240223 -0.24619601289758 0.0818081511644895
-0.294607105375993 -0.449659257362066 -0.229522936512471 -0.104146652948816
0.0543524267411656 -0.604081500000028 -0.0528775821107708 -0.172007381974896
0.433730214572039 -0.399584102802286 0.090267900697807 -0.0723873590716885
0.68336872939237 -0.174734109782738 0.00483690159810459 -0.011506264219539
0.543469254815801 -0.287786869329698 -0.602512211678933 -0.0320743615498017
0.298623214470481 -0.465203265419814 -0.424534790022308 0.191548445604969
-0.0180580394789394 -0.516740052186638 -0.114099090393979 0.203989844606507
-0.293237957325278 -0.318987554718569 -0.0777401614491082 0.0951636144869001
-0.37071854742049 -0.040469381923392 -0.130729111188341 0.0620037909202363
-0.279319490538102 0.110652526884966 -0.225202646044833 0.126394065785867
-0.260537532087492 0.177197252639471 -0.226273248265794 0.266291130644306
-0.235980996470326 0.21972497438453 -0.184157344140895 0.323530041641281
-0.256858227566024 0.198014274805099 -0.206597390645469 0.280734480342835
-0.27588804315006 0.0503556022068498 -0.287760860132732 0.199219732183062
-0.283258859279878 -0.0909423472122503 -0.305263618883968 0.048703534198793
-0.160195353327994 -0.317566728782499 -0.230240100514322 -0.106461184075998
0.0671943397100243 -0.403781391164912 -0.0486859961275336 -0.127876163028952
0.310334853160822 -0.265226715100145 0.00304493583368422 0.0192847740101492
0.515871193831008 -0.13806487993399 -0.200436400069527 0.0476053164295715
0.301036500399628 -0.229984285699059 -0.727583134563865 0.0542116753346783
0.123709487074345 -0.300733403497438 -0.474954853788948 0.287622688254789
-0.0402772163594527 -0.262598206060201 -0.0976017701386472 0.204426415864451
-0.149351018189594 -0.136426164945011 -0.0814267776439358 0.059422025625463
-0.169160252591312 -0.0264701549849137 -0.195183528653153 0.025018421084408
-0.138046957608415 0.0283694325808971 -0.311018299848216 0.134242539980057
-0.146890029023561 0.0511408744070659 -0.31126121799566 0.314003128053915
-0.136905838027871 0.0776458164698105 -0.253468541904993 0.3885490509812
-0.145829643020131 0.0605329320766703 -0.283410591535271 0.327442319908979
-0.141281189633588 -0.0211091096783974 -0.341067011525153 0.193020633951992
-0.108476066087826 -0.0768820023899924 -0.319648888640818 0.00162692596631042
-0.025978838848956 -0.149066282820677 -0.198053245575616 -0.106895490718319
0.0551011632258755 -0.167509595504722 -0.0321082268522072 -0.0893633687991951
0.145896670825134 -0.11413807246517 -0.0587931809821419 0.0853542051422665
0.275516870229582 -0.0902462412751384 -0.346793044468654 0.100154713261728
0.0440477988060365 0.0919862635793192 0.446297721550925 -0.227447718685131
0.069375570169053 -0.00721335861906143 0.138319493682561 -0.216514034791135
-0.00518228520651888 -0.0668304222803541 -0.00708041461110064 0.0599666625075784
-0.0767195147981111 -0.042026880496628 0.135038972862236 0.133535625702886
-0.070314440515281 0.0574759676693503 0.314195120603163 0.0467743846914635
-0.00696657835363912 0.0853180674740075 0.378460561938028 -0.14722896563149
0.026062721989646 0.0851395106629261 0.325993171030197 -0.336187422086613
0.0273929298781508 0.0705479703721206 0.254574022917613 -0.410802871685674
0.021088435770511 0.0668941443844673 0.298643711929043 -0.34804836768328
-0.00399990779753434 0.0579219279562884 0.316236759843898 -0.1954316309302
-0.0435499229625703 0.01910520901574 0.226479532170406 -0.0230984926787349
-0.0302798662164777 -0.0410712127882521 0.09510169306516 -0.0593476984663534
0.0417931546836452 -0.0104312836084337 0.0839033077845403 -0.18928169279238
0.0235706906278664 0.0495941348171288 0.356016689421461 -0.291307479821758
-0.0358843826572704 0.0827427625489771 0.740092017774303 -0.108289425845622
0.3063281529216 -0.0039687503429312 0.381178919612141 -0.260186675815587
0.235669722338213 -0.160452007101147 0.0953911463334897 -0.237128779766466
0.0369820103837484 -0.28566894825171 -0.0434970931234103 0.0629960521999789
-0.174526918605629 -0.210352509313466 0.09256480017864 0.147968366163327
-0.242248828245578 0.0226184242830033 0.292727167118715 0.0809517093615256
-0.147399395238687 0.145856363718783 0.356906346051574 -0.110675777839052
-0.102405595475162 0.20347790447429 0.31313031419973 -0.284338517782459
-0.0893786513331223 0.221629904186943 0.245715787138749 -0.355968949814442
-0.113539909275602 0.218882892538736 0.287291050765011 -0.30368730938237
-0.1663969105048 0.13268164222172 0.280663436523215 -0.145752529632419
-0.241436958862495 0.00411254762678044 0.181135277945566 0.0128430916482623
-0.182069236628192 -0.222671689595089 0.040364293457596 -0.0712828440532024
0.0382392446535763 -0.278423038344754 0.0661813654948219 -0.216415814997881
0.202649354135907 -0.145668702918489 0.371852588865452 -0.319027963501406
0.256443213286286 -0.0167246423383269 0.735985701687133 -0.148075296358748
0.529801461216384 -0.107729495682714 0.240837097165526 -0.272452088313372
0.371003197973228 -0.317112448289261 0.0146004130983656 -0.219277703520026
0.0560230620950712 -0.486574798074822 -0.0716332450837837 0.0841880100552161
-0.273202371708896 -0.353976700275805 0.0592786118845499 0.157872758134881
-0.394910902429008 -0.00476814377828559 0.252444646249159 0.0975340550382689
-0.26940373653583 0.194263668784798 0.292185776495005 -0.069042168420874
-0.215326308929546 0.29550308471911 0.252521029748754 -0.195264632892057
-0.191677873529297 0.340005342072612 0.19752912273742 -0.246508852491234
-0.228806714259503 0.33678429932161 0.230486448331074 -0.21021709100728
-0.304765568253785 0.186892831607248 0.195298659345045 -0.0700946159112326
-0.407792522857676 -0.0110300211930219 0.0950694143245708 0.0462558944459052
-0.315655478332657 -0.3777245925385 -0.0351768933204265 -0.0848055799415168
0.0246871445951962 -0.514944997993498 0.0351424710498459 -0.235956689474653
0.353622769866025 -0.32642726931646 0.34640366506592 -0.317186761063951
0.512119040853552 -0.112522312922009 0.641422030866545 -0.159715869076197
0.683492126222692 -0.211070677887489 0.0440891698363619 -0.251842502093888
0.452385524337616 -0.465178328592359 -0.0949643055306809 -0.154327655686839
0.0389136136662098 -0.651826157385185 -0.0916150352956577 0.122842433501386
-0.370752878934843 -0.45535382155042 0.0290412449365267 0.162380333781506
-0.512076528992972 -0.0167471501156951 0.186150351093268 0.101903252057654
-0.358983638896286 0.225340149819384 0.188036313092976 -0.0183010892254991
-0.296402810694251 0.346675724341601 0.15440402064877 -0.0767161035544015
-0.263344187911872 0.407027355128761 0.120746837633251 -0.0990134924911341
-0.305583893632781 0.400635057468822 0.138999404010861 -0.0814035674861825
-0.395457901054746 0.210524773257592 0.0765540566996156 0.0208903214008096
-0.513093870943731 -0.0262973199159936 -0.0190430898520976 0.077125583698402
-0.403564669372931 -0.478338628663834 -0.120624662031022 -0.0916120337058207
0.00813533529092469 -0.6750405715043 -0.00593402557878415 -0.237489299476534
0.4496143507873 -0.455273016887319 0.2793950779874 -0.273028939063525
0.684031491185963 -0.188394980829593 0.463905485095899 -0.135102075117854
0.744481019599684 -0.293582314354981 -0.18643683338969 -0.19432616296181
0.464325738102781 -0.56759993155432 -0.218506167447531 -0.0440750375391105
0.00235439291130867 -0.734610372101665 -0.102889333213024 0.166990694020415
-0.434959705815687 -0.486959643225195 -0.0045886248584323 0.155984355301515
-0.564852794972509 -0.0181236763115846 0.0916990729665876 0.0998861718221508
-0.396624658175709 0.230060076676171 0.0537817719393569 0.0405685000878174
-0.334872216930044 0.347894854400193 0.0318775078174406 0.0556298815870133
-0.297028473724557 0.410832489725304 0.0255309266894717 0.0638526461233301
-0.336289855165198 0.399171131838771 0.0274227780762352 0.0620669836765284
-0.420144757077371 0.194551898405979 -0.0574642047290279 0.112785126039195
-0.528146089139162 -0.0451254477503064 -0.140987452060618 0.0977857940084961
-0.410703489339124 -0.502341807391031 -0.197110500622685 -0.0910413924925612
0.00486211720189641 -0.712366578982882 -0.042866702660178 -0.213835630276018
0.470521434678003 -0.491768713387612 0.185874660536765 -0.186964158983287
0.744421040587144 -0.221633081193335 0.237547856011258 -0.0817222169862874
0.691038427065996 -0.334749515891618 -0.415491378386295 -0.104473376670971
0.401978589287014 -0.580266162022472 -0.331064046346455 0.0904632815122362
-0.0333682130875913 -0.692790869037669 -0.105469946825478 0.199626066261683
-0.417441631126418 -0.43479512563102 -0.0419898654974127 0.132602091438161
-0.519395441725256 -0.015487015525595 -0.02232193154872 0.0896119990036646
-0.368144697198172 0.19680787203789 -0.0910428024083753 0.0983104717998254
-0.319518812524318 0.295690691463779 -0.0950346624732808 0.183172093156662
-0.281707948037278 0.351807854817304 -0.0739789087167659 0.21681130295501
-0.315805159183046 0.33237002983382 -0.0887982878826042 0.194995159812238
-0.377068111870897 0.142169924120977 -0.182739452054641 0.183856083821401
-0.444358234449208 -0.0628198587225429 -0.243153764811645 0.0954000136502532
-0.323148359004852 -0.440122558934565 -0.240010056631673 -0.090810011126294
0.0204433125089991 -0.613083698260436 -0.0603368212563608 -0.172880865037228
0.417686164253642 -0.424742498569204 0.0888300532477871 -0.083108292796279
0.683052620552736 -0.214022506948061 0.00181930776458523 -0.0112710644377617
0.534834531976578 -0.318183739354755 -0.607551068498817 -0.00609557481142234
0.277157474091162 -0.483703807894206 -0.415561833728219 0.216001038557312
-0.0472233392674819 -0.521587513392268 -0.101057942518598 0.210962965507035
-0.313900869829636 -0.307215742248259 -0.0715328554783609 0.0979621821825111
-0.376949732985788 -0.0173301461118973 -0.127055556174977 0.0676450894895488
-0.277338505715743 0.127176692139402 -0.220367260845182 0.140069564195338
-0.255486453613639 0.194076476034886 -0.21002931856154 0.283336137922264
-0.2251767919082 0.237256998182441 -0.164053295903424 0.337834138881716
-0.247434860051634 0.214659549059139 -0.191653279906804 0.296194101188345
-0.278078903736058 0.0640709060159491 -0.277957419986991 0.219334876834737
-0.291825062156159 -0.0759512292884387 -0.305740048055661 0.0656159787452398
-0.17945352433557 -0.313789298608631 -0.23969289468398 -0.0938188043261763
0.0443156135815122 -0.411350265900096 -0.0544577892749043 -0.129990893638947
0.300079416681115 -0.282391306331347 0.00527623116807728 0.0137895245975389
0.515074423852242 -0.167681627222 -0.203053341086913 0.0584848313145674
0.292780328350894 -0.247754333651848 -0.729512617330309 0.0877300624423751
0.110568317252957 -0.3082870075456 -0.459513661966512 0.314621234716473
-0.0552749861258126 -0.263914149341942 -0.0846386012210265 0.211282488892445
-0.158451442295586 -0.130036489824285 -0.0773984953188818 0.0626194014253132
-0.17192903631811 -0.0146984185266079 -0.19481155912602 0.0347063628162741
-0.139302731096404 0.0366345358290108 -0.307281994315537 0.153987139416661
-0.147616751307619 0.061064589614012 -0.292307591920711 0.33654376095844
-0.134178580745792 0.0869278427392221 -0.229306954433546 0.407507248116139
-0.143674053396853 0.0680737656930228 -0.266359134442063 0.350292753327141
-0.14543948840479 -0.0140185855044724 -0.331806198287883 0.2166426532053
-0.113850795999999 -0.0720458979900502 -0.323863625539671 0.0200956443773467
-0.0352945334571191 -0.150628867721519 -0.205611420740256 -0.0967209069053287
0.0448596749403799 -0.171517458704278 -0.0358259898202321 -0.0926568742579425
0.140675002196069 -0.121997019659104 -0.054731636141028 0.0834189860780519
0.274999280977349 -0.107286666340352 -0.348543973166609 0.118776616799391
0.0470522549118183 0.0890249757467133 0.431586508608285 -0.242879320779113
0.0675196603777752 -0.0106507609252744 0.124300821104706 -0.217398022897091
-0.00677272878784711 -0.0653300359382205 -0.00513654354668096 0.0595732633071831
-0.0773684218370158 -0.0384877621548307 0.139855257201269 0.124881521518975
-0.0668466428262296 0.0584929270219828 0.313428064376454 0.0281378688568527
-0.00322637595479214 0.0839756180591557 0.367290564097884 -0.167129030730917
0.030256136193321 0.082316091511877 0.302145110943863 -0.350663821291282
0.0319217403887637 0.0677325312071067 0.226386957341806 -0.419206863393431
0.0247451260133509 0.0658268758002125 0.274509535677798 -0.362456195131016
0.000416563650159376 0.0565981027756851 0.301213837168673 -0.21279145667924
-0.0410393028357948 0.021680168532148 0.224842486856179 -0.0346412250369527
-0.0320487495206813 -0.0375390404352936 0.0894707051330208 -0.0622667005943929
0.0409885301311425 -0.0121544330050744 0.0719040003371256 -0.187181734564269
0.0251410815848208 0.0484898645869028 0.339974305813132 -0.300723436688228
-0.0327108231744587 0.083372261804384 0.728789375682142 -0.141324706078995
0.301481723592539 -0.018098683717025 0.36746733729073 -0.273387557070965
0.224743006676839 -0.168944709846552 0.0820031535696739 -0.234952857161247
0.023431514179856 -0.282484675942219 -0.0397375282521049 0.0640039209661936
-0.182246521216936 -0.200591244218344 0.0980852889200737 0.141272931293767
-0.237452920254814 0.0344651179533116 0.294418400942292 0.0620953356316645
-0.13878310732563 0.150425694407345 0.347445556983537 -0.130014642225346
-0.0906672178286213 0.206013928966982 0.291333165319166 -0.299012569903067
-0.0749896863777102 0.225121597261829 0.21961124504635 -0.363924106768457
-0.0991705598153299 0.223863751629108 0.265024260505628 -0.317853714311934
-0.158429334073581 0.13863838616043 0.268470791333498 -0.160774813934316
-0.23742248779474 0.0173594270158061 0.181330750732983 0.00223998920569872
-0.192689196218867 -0.210707779105329 0.0335899992334841 -0.0706638425522531
0.0231458545425442 -0.27789391691191 0.0551538377059292 -0.214416983886653
0.193405430289694 -0.153415440631978 0.353441038846522 -0.329748576438975
0.251978593665902 -0.0300254498988234 0.723263584870825 -0.179805532168892
0.516914426709139 -0.130324937328124 0.22794280531549 -0.278756325161408
0.351908945637555 -0.32939446510013 0.00448219196942986 -0.214156759011487
0.0299299711136089 -0.48192325674449 -0.0654800532757398 0.0861997695730142
-0.286428145586529 -0.33787493997153 0.0653822935413168 0.15167344962497
-0.38882725740656 0.0161454251149169 0.255923419634108 0.080014944472042
-0.257879539253359 0.204582250922341 0.285939210107287 -0.0848341398452913
-0.197835350192757 0.302806469841513 0.236437813877591 -0.207420664918695
-0.169988792121151 0.347828726672454 0.178438177396601 -0.253342761310562
-0.207134217990766 0.346440698247567 0.212780296241615 -0.221807934237902
-0.293535023013991 0.199192132393445 0.188156484893918 -0.0811032774037624
-0.403475643051502 0.0103752233485332 0.0977228607923681 0.0390661704372667
-0.332607201530985 -0.358137574343369 -0.0423299616923514 -0.0800151582102525
-0.00175142025882483 -0.511955246516231 0.024043558437589 -0.233542977151472
0.335801500578171 -0.338845235678845 0.329038009402568 -0.328433903172544
0.501692591634141 -0.138359350646564 0.625484275140952 -0.18580704553263
0.663832133823375 -0.240981847005282 0.0337705436515214 -0.250816249019021
0.426358312688294 -0.479714157070237 -0.0997648841442722 -0.145461510760125
0.00585443777246529 -0.643884283768636 -0.0825188073444169 0.124406616859326
-0.387900191432054 -0.43355220000671 0.0355214303169738 0.156460428899746
-0.5062502481759 0.0104190139144493 0.191199257417727 0.0879421316583454
-0.345224947230999 0.239787964982074 0.185664343421894 -0.0292031987773589
-0.277576040150205 0.358130556006934 0.147460659367321 -0.0848176978114136
-0.238335974226716 0.418372104135721 0.112011310910556 -0.10478561472068
-0.279468301964102 0.414264750527488 0.130248699210542 -0.0889640161963256
-0.381620822036042 0.226105430397222 0.0756500910796019 0.0163625985734854
-0.509522412970756 0.000911964527688354 -0.0138570242702566 0.0755356163265061
-0.425079547049568 -0.455540227305119 -0.127776900647455 -0.0818117387422948
-0.0267542793750537 -0.670156969013903 -0.0164471189851142 -0.234010981520342
0.425399003112636 -0.471169419832272 0.264887604099383 -0.284525430704213
0.669573104990013 -0.219648898040118 0.452773741750369 -0.154407745434427
0.718997681789983 -0.325255893459731 -0.190485284701533 -0.184721221545438
0.434046869583358 -0.583046574847496 -0.216147430058892 -0.0311099011134523
-0.0349780097467688 -0.724751053560435 -0.0907934578642677 0.168206717756428
-0.45343019793112 -0.462030251912786 0.00280997200376408 0.151373888223526
-0.556951518097663 0.0142333576608607 0.0973528488870573 0.0902447492770822
-0.380956807306643 0.247124203289996 0.0550850491027935 0.0355880681968187
-0.315220661709935 0.362939997056718 0.0352331631102382 0.0524871506068007
-0.269056632494462 0.424925877911039 0.0286162829278827 0.0608350749773926
-0.310830008618039 0.413266251967924 0.0280940361845872 0.0594008177266877
-0.408553781976429 0.212464059446093 -0.051375137619792 0.115376649510892
-0.524030699292868 -0.0157992492540614 -0.134465232352065 0.102320938254881
-0.434559815599402 -0.478528738030928 -0.202501740251632 -0.0774984990517363
-0.0316657023235984 -0.705831886850892 -0.0517521873958773 -0.211310165327878
0.442992804326507 -0.507335669799485 0.175581758581486 -0.197446509143613
0.727379416770823 -0.256433208881831 0.229474308245238 -0.0897627470234615
0.667398554460783 -0.366041952279717 -0.414775460414148 -0.0875735013983462
0.37308438051756 -0.589415172747079 -0.319474789467617 0.105774167350957
-0.0689673130308063 -0.683757423472048 -0.0917233085854827 0.200579749044357
-0.434595952564055 -0.412688530264226 -0.0356484794275495 0.131139972176339
-0.512944990836735 0.0128583140676164 -0.0157072653867078 0.086559365836102
-0.355823954436245 0.213307224519201 -0.0851706824983715 0.101318891268085
-0.303471408825469 0.310547426039193 -0.082335809700664 0.185498766600062
-0.258874002599011 0.365914194216793 -0.0592347568435095 0.217554777147047
-0.292979501751589 0.346959427105925 -0.0790354181367338 0.197543116564234
-0.367457841755951 0.157835197231482 -0.170838182037915 0.192895961766859
-0.441593029041215 -0.0390858258774947 -0.236185256471542 0.105817925816566
-0.343980867812864 -0.422664537367289 -0.24413043157436 -0.0753195819497383
-0.0101772616795259 -0.607773744633191 -0.0673207674836162 -0.171862997292702
0.393837684483899 -0.438030060343486 0.0835437181501895 -0.0918775700893292
0.666967500805065 -0.247396851219447 -0.00107299743016881 -0.0101230764903506
0.51524394075654 -0.33861353671888 -0.599057966278734 0.0186427205273251
0.254256614693585 -0.489496670461263 -0.396935451576542 0.2332338534243
-0.0744329627475743 -0.514697245293756 -0.0870586173368021 0.212462531642286
-0.324918546216634 -0.290296796936793 -0.0661179104541987 0.0976155754258312
-0.373422978512021 0.00455888189529986 -0.120992815834483 0.070650315913333
-0.268907759485349 0.140081076079879 -0.211427160630343 0.150029117054467
-0.244841172375213 0.207154144792463 -0.189353008177673 0.290661979882137
-0.21044252865169 0.249022148527287 -0.140323365810429 0.341648518498445
-0.232757618598682 0.225822832717602 -0.174037227812181 0.303046948747739
-0.274192935834165 0.0768022899536057 -0.262995419229571 0.233489597455308
-0.291986972142055 -0.0606400095664339 -0.299687544047759 0.080433328119308
-0.194708866306559 -0.30367670830667 -0.242200924610986 -0.0793578461396858
0.0219521487986675 -0.408371988776507 -0.0599708336458235 -0.130537780894794
0.282401476862313 -0.292408390747317 0.0049482783165595 0.00770119699700803
0.501957468351509 -0.193025863734888 -0.201020219322446 0.0687146320148586
0.278949633149824 -0.258813124137744 -0.717239757038383 0.115128136441351
0.0973071795154454 -0.309819401427805 -0.437499145889104 0.331036159762922
-0.068831741521127 -0.259864182857187 -0.0712231166615721 0.212115202115563
-0.162137778813073 -0.122067002732469 -0.0732725982049577 0.0637152664732231
-0.170468720620599 -0.00367164031088757 -0.190743041237284 0.0426765583264069
-0.136484268993444 0.0440747928032914 -0.297394905617784 0.168468973469907
-0.143644547879682 0.0697591305350441 -0.267525769961866 0.348375239144871
-0.129350184518546 0.0946383586374268 -0.200171904576472 0.414267928178257
-0.138716528890117 0.074550068070615 -0.243434178718308 0.360300659905359
-0.145491202493259 -0.00632181666401967 -0.314834491794722 0.233337549463378
-0.116235097891271 -0.065467354558246 -0.320274630102547 0.0372983528152462
-0.0429514945663032 -0.148999331103961 -0.208182100010337 -0.0845029129338513
0.0345331426758425 -0.17154417827638 -0.0404000743326502 -0.0945777193637034
0.133395540809583 -0.126793064649002 -0.0509327841603898 0.0799197981874342
0.267222711776407 -0.121113482573984 -0.342148273306901 0.135146560086351
0.0749059378661326 0.0626585340335057 0.321489262168542 -0.366082111894221
0.0578080306156063 -0.0352080882520501 0.0447341968254844 -0.236389104012784
-0.0268011916065942 -0.0587923647997695 0.0188829729161893 0.0589069254214464
-0.0843190807764751 -0.00752756795112651 0.175395955144869 0.065540748380724
-0.0391188577130196 0.0751473034219552 0.297721148787919 -0.0812226313239468
0.0288179886760126 0.0747460142593747 0.279358410718015 -0.282149186434219
0.0576389895507944 0.0627648374642084 0.15155453056065 -0.430855031657562
0.0518777235659089 0.0485055087096215 0.058560892642912 -0.45885099972196
0.0458892771242921 0.0519291331671956 0.128832725488282 -0.425514736597119
0.0182595270719465 0.0505619376946598 0.206448000689467 -0.296461466963928
-0.0295103709672948 0.0338628491093328 0.195959786507359 -0.108590871303257
-0.0412880664555859 -0.0224206937569222 0.0613705281343752 -0.0838061063505628
0.033725745066812 -0.0250685901857081 0.00512684616854454 -0.193150516457508
0.0358602049967324 0.0395510587899554 0.22346258469167 -0.384803689684852
-0.00907259369632707 0.0915926283149525 0.631387622841111 -0.352331357989262
0.277174760767225 -0.126930373225321 0.249178446740776 -0.362400785795073
0.148574043733856 -0.23901013955513 0.00134031143162103 -0.228100333943805
-0.0765159188060094 -0.269585922333555 0.000676718219169858 0.079613850172314
-0.239111245479721 -0.117660527418372 0.152302600077432 0.091529681174126
-0.2034293098357 0.110750033291783 0.295067570436404 -0.0519359557495287
-0.0740848317654585 0.180706508692523 0.272946701489556 -0.246653108392667
-0.0141661525604779 0.221813590858266 0.162861893530238 -0.384038023307604
0.0060913066063967 0.227775775154347 0.0687925371364713 -0.410015378966453
-0.0152280309740146 0.238081875076613 0.132354498220019 -0.383025426097577
-0.102299378346353 0.178751618644507 0.194295150517708 -0.240619176448358
-0.211678032148197 0.0949142315834661 0.172077408499713 -0.0640856129874146
-0.248490641120114 -0.131172658663814 0.0121559675993801 -0.0704630915885845
-0.0698660939717986 -0.26484947513028 -0.0195260121896966 -0.208164736307698
0.125580933746875 -0.203227463382397 0.221536030913769 -0.418170461586045
0.223166509854066 -0.10563920150559 0.605597940667123 -0.389453727774935
0.440119485187755 -0.307922666456046 0.115441297430582 -0.313549622500954
0.210159726751669 -0.433957371685536 -0.0600978954413207 -0.173487692886618
-0.139080432488978 -0.456839848438608 -0.00386528975933558 0.111482646655304
-0.385159119207473 -0.207122975545172 0.13407901197997 0.108788841383432
-0.348569452279464 0.145163909938912 0.269141990846973 -0.0291560247185521
-0.165749495398609 0.270356964752062 0.230698682568314 -0.189436081578819
-0.0827954441647238 0.350266243118247 0.147292134440617 -0.284673686261693
-0.038743825205918 0.371966648529883 0.0670534925664692 -0.298542769089494
-0.0734507948581673 0.38641533072928 0.115589073318364 -0.278312539450051
-0.207454234613306 0.278336091733598 0.148585728694072 -0.143296980965953
-0.367028488849092 0.143904172489938 0.110350124039102 -0.00509691684887156
-0.42768851649152 -0.222780401134336 -0.0574389598469791 -0.0519482334420481
-0.168994665459426 -0.471787153254244 -0.0560151163926615 -0.213096853522022
0.196776801524476 -0.421318741318936 0.194078779138875 -0.408751881368787
0.42438736716955 -0.286827261446212 0.507651940332105 -0.369165519458526
0.540835711963759 -0.460857959598811 -0.0568352217370341 -0.218144726219374
0.227283726492119 -0.599141619370878 -0.129971129331512 -0.0685250184458113
-0.220244876713347 -0.59699138296653 0.00365325013441252 0.153953298301364
-0.512500821481354 -0.25747295853387 0.115677509277 0.118504972982575
-0.457744211534357 0.180200019782399 0.213620153104818 -0.00634367832996849
-0.234052750716247 0.332123219423911 0.156659840728939 -0.10694877859246
-0.138002491807451 0.431149003088863 0.109947434304215 -0.144350465708655
-0.0780324019003196 0.460248734260289 0.057479547478403 -0.14247395594673
-0.11840401441077 0.472031232660075 0.082908743265667 -0.129651470551686
-0.280494304284842 0.331972867105604 0.0785869322445003 -0.0181178809579488
-0.467537737042632 0.168350736791492 0.0211319125602618 0.0635574665158052
-0.544895803799942 -0.281573419743981 -0.133746522413669 -0.0254890191860298
-0.242189373917568 -0.609714616053015 -0.0947610128039142 -0.198318819049382
0.235444628902342 -0.573392143349438 0.143666146061724 -0.349665579883491
0.556752611357867 -0.417427130544552 0.351913556293525 -0.29043660566588
0.562064932117345 -0.558822111448964 -0.244301827665027 -0.0804730349702844
0.19879021703939 -0.697450680246779 -0.196427604561543 0.0766958925082813
-0.28842725922284 -0.658208382797413 0.0160597854176493 0.19574448042889
-0.58346387261047 -0.259510265138395 0.0860813110480077 0.121079941340347
-0.50500110699541 0.201835573995862 0.128133956177526 0.0244781144307976
-0.267307588221793 0.350963373570503 0.0578559031511493 -0.00332248496838961
-0.172723069287172 0.448623897106805 0.0564209728817651 0.020153098072072
-0.105223137331514 0.477339395151432 0.0391826328591811 0.0366140148672861
-0.14634800890531 0.482295210932772 0.0389818719295094 0.0406828308103375
-0.307822694902643 0.329648133493791 -0.00513783901729855 0.114708181597633
-0.485897130340617 0.157512982213776 -0.0801865551835498 0.128434062731046
-0.562852783315604 -0.301798528879014 -0.200763994466162 0.0029882910109697
-0.259412556700136 -0.641324810110034 -0.121370997921803 -0.166227609947975
0.241577383762976 -0.613905686460409 0.0869388988760264 -0.241599783097939
0.599292323355441 -0.471038939178459 0.163392640529815 -0.163308858168063
0.500191363777242 -0.57481054062301 -0.418430205999597 0.0811229159651429
0.139012949954989 -0.682801766071679 -0.247209099309162 0.235188002578818
-0.305114977717994 -0.608797938452443 0.0243315777212138 0.223261202157052
-0.549051049562858 -0.220855723721938 0.0406608790910971 0.114919163836473
-0.465280571243506 0.188218104911345 0.0211476186625311 0.0595784544460317
-0.257193770255655 0.314246115387748 -0.0491130856724877 0.106936751898608
-0.180293384404779 0.398789289146501 -0.0043355266375692 0.185111433324716
-0.115167961425238 0.421968447243252 0.0151641368543728 0.209608397462659
-0.152478197345909 0.415280014865844 -0.0106002419144231 0.203353065234791
-0.288816447676674 0.2665136724079 -0.0893089175687922 0.226970570160483
-0.419404980382183 0.110217901832671 -0.17323407794725 0.167879728634591
-0.459308014113853 -0.278817198630562 -0.240208952389187 0.0167851327247477
-0.208054313138325 -0.555561842166632 -0.123985654990854 -0.12850014877923
0.220859205521968 -0.534175005175154 0.0351003680665431 -0.115966597840897
0.548367417096356 -0.444047588180704 -0.0237627785050422 -0.0180165484274149
0.366121648878276 -0.49547043398834 -0.555375379689443 0.231320177913755
0.0660252170203377 -0.547268199042427 -0.279380065616712 0.370397059148096
-0.250951267379712 -0.451302157917274 0.022469432713335 0.229773119287858
-0.404518541105776 -0.15010343984085 -0.00735557176975963 0.0987572275182893
-0.340456939410175 0.133015339311707 -0.0833524446456062 0.0871259074981461
-0.203420241327333 0.219491453358772 -0.147825194710326 0.199996726550483
-0.160696712492082 0.283441070287644 -0.0660226339110207 0.322696409305449
-0.109618696734411 0.300114639108076 -0.012677513525047 0.352044724017866
-0.138222787037628 0.284311831660207 -0.060791544102105 0.332772267438082
-0.228272120281137 0.16141947381372 -0.160941631785983 0.297472901496156
-0.288714898875117 0.0402162040545122 -0.242563907844375 0.170071091153638
-0.282589902150402 -0.21756127012128 -0.242775150182587 0.0110136904905166
-0.114020478093645 -0.382433735456425 -0.103529001321553 -0.096959698021427
0.166905164297081 -0.363665833876904 -0.00351927158577022 0.000156978220711682
0.410330411407434 -0.342122300171504 -0.179199663826221 0.118342090711763
0.171334481680513 -0.336207679337222 -0.631188541855623 0.351617370234931
-0.01670528106397 -0.319760054853572 -0.289284182652989 0.461782126969935
-0.155509693232784 -0.21684852088074 0.0207901253847433 0.220052585528392
-0.193310898345212 -0.053616421750624 -0.0369145480760485 0.0752681208074751
-0.15877186531751 0.0564281803926593 -0.160651192210033 0.0933775936859165
-0.114306916010751 0.0885104327267515 -0.220256844442393 0.253148981392432
-0.113091427894065 0.119619586091646 -0.119341188699208 0.409063605585323
-0.0876204159960972 0.132726871383265 -0.0387512282554205 0.441430586329182
-0.103788124702555 0.114583894561207 -0.101546361718707 0.410333385758091
-0.136163245791664 0.0433117119890641 -0.210283085900547 0.317807092575203
-0.128766567201887 -0.0221543591675757 -0.278574420084533 0.140786135858613
-0.0903273933716665 -0.12394155338795 -0.216881222524492 -0.00816021552271345
-0.025274714544916 -0.168235622722727 -0.0724349570766163 -0.0749989262542591
0.082968423612764 -0.161798298215933 -0.0282745649912166 0.0856592408998393
0.21389801583699 -0.201589042563903 -0.282179739341527 0.226114714777228
0.0747510616543794 0.0599455599480272 0.315924415253118 -0.368172278527435
0.0558543163899918 -0.0359096101394168 0.0405179110943151 -0.232215635042152
-0.0266924736974001 -0.0584306164873597 0.0205143636223391 0.0594769886457057
-0.0833272338439421 -0.00625228576974824 0.174803100485668 0.0603736452407216
-0.0377158550977403 0.0745297378426267 0.292697924873108 -0.0896781794736398
0.0300599637939607 0.0728397373530688 0.270221809589296 -0.289094140517353
0.0575373484291932 0.0600779983946676 0.138787601904849 -0.427802445342592
0.0526688865104826 0.0456048748646493 0.0434767674059678 -0.45215374432685
0.047388119801015 0.049960742095046 0.113743751459416 -0.424625256818001
0.0189660073420204 0.0489606670808318 0.195009116547594 -0.299478990531207
-0.0279100853707884 0.0336511882417686 0.192678204766024 -0.113008106178275
-0.0400730625258897 -0.0204321258185168 0.0577705709383278 -0.0821969609220935
0.0327258669397464 -0.0253022629745428 0.00289464585510065 -0.18806661313471
0.0348811868095397 0.039125626012992 0.217093590456974 -0.383720916738683
-0.00899288549140947 0.0916717227105175 0.620425006432144 -0.359314243907013
0.270280272180082 -0.13123452842823 0.243181323369998 -0.363515066066973
0.142547482297374 -0.239048081851749 -0.00129265513241538 -0.223253960603861
-0.080628509379166 -0.265069111702924 0.00373514917996061 0.0783614129050631
-0.239571538086912 -0.112931372114455 0.151557895051421 0.0858301914481577
-0.198698293033571 0.113256770616638 0.290252949923356 -0.0605981631002957
-0.0699976989772266 0.17987773871024 0.264613399064754 -0.253683221567166
-0.0093165901604004 0.220060951218378 0.149787298367879 -0.38257248614762
0.0130071972694046 0.225535435471863 0.055209648145059 -0.404087427331702
-0.00756741421670837 0.235772674445268 0.118131275907532 -0.381917380032482
-0.0976553842551536 0.178297110795654 0.184517324503709 -0.243790785871904
-0.20695791663776 0.0980158876789201 0.169043267005855 -0.0687550213139663
-0.249745606721009 -0.123761289833468 0.00938372278936792 -0.0683776726722681
-0.0755024164344769 -0.261111410272665 -0.0216226138049487 -0.204219610798374
0.120236672527092 -0.203298071525292 0.215015393378589 -0.417118395528936
0.217863470502235 -0.109084253257518 0.59344288854398 -0.396039326059109
0.428292055519229 -0.314330822402617 0.110326270504531 -0.312476860751809
0.200097971295529 -0.432067021416813 -0.0604601081678928 -0.168190062429239
-0.147569905124476 -0.447517663863315 7.50009413441589E-05 0.108890393013186
-0.385654717671235 -0.197956773349699 0.133482385615327 0.102904534137087
-0.340323680958123 0.151735073853039 0.264641286414526 -0.0379760273767106
-0.158789286653097 0.270124204308151 0.223629737594473 -0.195148109103581
-0.0744170900009545 0.349477710637605 0.136815257702531 -0.285092979571575
-0.0274139244696999 0.371383334996407 0.0571667644094302 -0.29445953612735
-0.0607736854430889 0.384493756190924 0.104147348413087 -0.27860450685941
-0.200941730530783 0.279799481477788 0.14200850302435 -0.145892709659086
-0.359597351659748 0.150287530444565 0.108565315992811 -0.00900829320699306
-0.430756315819446 -0.211418898575373 -0.0588646189796309 -0.0474881431175075
-0.177506231554666 -0.464738454400977 -0.0577655725880632 -0.209611946362678
0.187056120512967 -0.420519365775455 0.186822056272252 -0.409682092555055
0.413691744936095 -0.292063208196537 0.49652683085083 -0.374232472810637
0.526742619653162 -0.46691606664586 -0.0590653274329981 -0.21556886817157
0.214027273671751 -0.597708231868138 -0.12804585286727 -0.0645510986076636
-0.231196951207548 -0.585395031714513 0.00951000672182833 0.149168352279532
-0.514901365870113 -0.246056118535942 0.115865084760674 0.113589634679882
-0.447980845577013 0.188321087464372 0.211012468960145 -0.0146360838493568
-0.225666033020431 0.333182393402951 0.150983681996394 -0.111166083485753
-0.128860628743817 0.432364886726614 0.103881253036121 -0.145717006348572
-0.0624200250580373 0.459989312306953 0.05163814909457 -0.14124534048389
-0.103380849224416 0.469582040402655 0.0758735820369298 -0.129884174577483
-0.273273817531167 0.336021235659211 0.0763936070050616 -0.0192589267128756
-0.458131863028923 0.177612546679628 0.0215364228589971 0.0613503049303306
-0.549818489632332 -0.268788433802338 -0.134233696083088 -0.018840060146458
-0.255492185846044 -0.598956420777105 -0.0965635438964314 -0.195559346083082
0.225574041154285 -0.571012722446067 0.135769574785003 -0.350543290862123
0.543642301587016 -0.425696025469021 0.342436764761836 -0.291807173079217
0.544801884652854 -0.563939802006688 -0.243553156379006 -0.0771797691156968
0.186204147498855 -0.694575171865359 -0.191200069380505 0.0799234501178104
-0.301185462511799 -0.644875264901893 0.0224826330492696 0.190213658598275
-0.582988089022278 -0.246836371698574 0.0861526976940595 0.116286326858887
-0.494298160620118 0.211020821214522 0.127056956400223 0.0173819138655723
-0.25915962156324 0.352660030900323 0.0556355511373503 -0.0052766282117239
-0.160767080575264 0.452672705469244 0.0555872661890627 0.0173931377099595
-0.0902846480868609 0.477760708817486 0.0392082273806878 0.034625164150608
-0.130094668250399 0.481317100444022 0.0376426501842529 0.0389213394542292
-0.301509609365078 0.332516891945837 -0.00245918112978681 0.114810901338638
-0.476921193274704 0.166979421204991 -0.07757327140768 0.128370304867447
-0.567451313231336 -0.287483022711626 -0.199281730540672 0.00962441750460575
-0.274501322108143 -0.630026221700561 -0.123115426394341 -0.164016483229419
0.230892401842809 -0.611796598728997 0.0794654419833358 -0.243272781641426
0.584393764200712 -0.482041682016197 0.158179112458024 -0.162634117200413
0.48362118285735 -0.579328819354242 -0.414912818570793 0.0849843029966012
0.12841308208289 -0.680424211820297 -0.238870077628909 0.237350227501204
-0.317536931700448 -0.595606978038606 0.0309029262542616 0.217110770979733
-0.549100884756355 -0.209982698566742 0.0411600455904844 0.111686275858994
-0.454655323141016 0.198564608346314 0.0219068721396484 0.0552712053047056
-0.248780863426504 0.316461783450669 -0.0480228089437013 0.107863901200785
-0.16934858256981 0.402184105376374 -0.000249072612740302 0.181368397733514
-0.101603302512138 0.423225966599184 0.0204620947541889 0.204920754437335
-0.140064330259202 0.415114449810455 -0.00654285090505752 0.201918705810092
-0.28268237570928 0.27071451385077 -0.0820716784138153 0.227928945993024
-0.41306274600789 0.11727214312797 -0.168910023117631 0.171201130791622
-0.46542237923749 -0.26614239625023 -0.237980994687594 0.0241723647039445
-0.221689286032596 -0.546794731754262 -0.127067186836783 -0.127245278033002
0.210598752254144 -0.531615770085513 0.0296330817981613 -0.118490804598776
0.533093645359535 -0.452889607829589 -0.0248252336596463 -0.0151482694165563
0.35226413148116 -0.498122662400339 -0.547545116768483 0.23791242488267
0.0573937007959035 -0.544049259834873 -0.269865038866531 0.370001294781538
-0.258982527613984 -0.441352619268171 0.0285725612473996 0.223972467575453
-0.405305708487226 -0.141989757344067 -0.00545329927280091 0.0971323378338128
-0.33247822424618 0.140466659560986 -0.0814441453786879 0.0853287992736227
-0.197209195516734 0.222879101507229 -0.143637880566183 0.202773583318195
-0.152866706950864 0.287029787362047 -0.0570919882460795 0.319026041857635
-0.100352352469761 0.302708974899314 -0.00235903308558267 0.345954557118054
-0.130073104968918 0.284907530666245 -0.0501200137035127 0.331464728997426
-0.223944607766398 0.165639712194148 -0.150603726253177 0.299917132459782
-0.284318790923427 0.0455286584813146 -0.237504555227207 0.175333835550861
-0.287406829155292 -0.210352436099213 -0.240489575241527 0.0169901272789951
-0.122490537928659 -0.376918885250645 -0.10691932373345 -0.0969325953752269
0.160266517926795 -0.361766401579883 -0.00733040654504397 -0.00305343665541574
0.400055658201956 -0.350404225977285 -0.17617196596323 0.122366415701967
0.165638603124812 -0.336285667820593 -0.621717392189615 0.355718298565905
-0.0206729547931798 -0.317740917944598 -0.278099750680863 0.46101947034184
-0.160350554087726 -0.212352414310939 0.0257520595167399 0.215876824485099
-0.192938510540527 -0.0506390591459028 -0.0348473339918448 0.0749010972494912
-0.154473021189955 0.0607204776864898 -0.157407753352435 0.0951171339595421
-0.111395410978699 0.0908724177416609 -0.214169927427679 0.258387596430957
-0.109259168181867 0.123359638298191 -0.106244179844888 0.405555386300441
-0.0828346327720905 0.1347645587152 -0.0261861644883621 0.43525412606021
-0.100446962563366 0.116128841174829 -0.0878777692907897 0.409156795419898
-0.134667714643389 0.0465822004092526 -0.198279718048367 0.320168772480201
-0.127869358549746 -0.019081656767469 -0.272705323786639 0.148044645186693
-0.0941226012861107 -0.121002114217863 -0.214609074031457 -0.00244356018939205
-0.0301846843351006 -0.165129446369606 -0.0770493597240323 -0.0756679781817814
0.0801334429061122 -0.160987279266596 -0.0297128060531394 0.0827754487057252
0.208971916066872 -0.20604696399098 -0.276315653069219 0.230921714300486
0.0752409709135513 0.058375868278088 0.313723699388796 -0.37674364303258
0.0544717767802935 -0.0367591911689914 0.0383476123244873 -0.232131661240722
-0.026411996859299 -0.0597343094211238 0.0234265873661007 0.0603262383799466
-0.0849388654389182 -0.00517862683796806 0.177207633870966 0.0563596980417294
-0.0373915649731645 0.0756370850259591 0.291954258972383 -0.0992341767539879
0.0307700562119095 0.0714879536887305 0.265165892967314 -0.300907520879606
0.0585782036356242 0.0583476132960679 0.127665229489935 -0.432221510672909
0.0540630291638649 0.0439344246876654 0.0316839150186087 -0.452285534339788
0.0501050984296896 0.0484286478509175 0.0999114926462996 -0.431458388390711
0.0206195808045514 0.0479223798565214 0.186165391842426 -0.307048794171052
-0.0269894500421185 0.0338143241565144 0.191761214149547 -0.118974957474508
-0.0399116114833229 -0.018603108726235 0.0551424330572546 -0.0827910709862238
0.0324901063545591 -0.0265660669347854 0.00160405507057462 -0.18677337792501
0.0340632871248853 0.0403965424962154 0.214042409533479 -0.389923250685896
-0.00901212206432201 0.0938842435883224 0.618255164911878 -0.373375512550674
0.267614863377167 -0.137663625926565 0.239456975273217 -0.368857976391156
0.13863154846887 -0.242796058271989 -0.00353033999194271 -0.222079539956849
-0.0859103230772344 -0.265472610261298 0.00702825543724764 0.078156411743368
-0.243376462799419 -0.109363627400744 0.152948429671796 0.0818841957441687
-0.197458003495804 0.118222965611879 0.289505199998293 -0.0707622539059216
-0.0680356209935958 0.181203216002543 0.25879422611647 -0.264545520299001
-0.00527078280529808 0.22176806382028 0.14003615093404 -0.387476243083789
0.0199606470666917 0.227372218959583 0.0436943186012687 -0.404601536801883
1.52654418365782E-05 0.236853871815451 0.10566501045096 -0.387381418642742
-0.0961657540885593 0.18157396703752 0.177583617625636 -0.24990174355165
-0.206252149637784 0.103207583822713 0.168320394270816 -0.0742742853718483
-0.254976418623825 -0.118592247627272 0.00693736726051386 -0.0667798768663704
-0.0825911826246836 -0.261974906082876 -0.0231549964951755 -0.203571457633369
0.116933654370886 -0.206155769993766 0.210461096095631 -0.423695733659253
0.215643698482104 -0.114926444935631 0.590796991811324 -0.409523525792683
0.42246092307569 -0.323491191373461 0.107217056978841 -0.316227045467655
0.193262697136799 -0.438359397985719 -0.0624994888841392 -0.165872572899996
-0.157063133987288 -0.446745833398495 0.00398640908156578 0.107471608083058
-0.393056599443711 -0.192733321189575 0.135323215034573 0.0992389043430167
-0.338150176036374 0.159635531557988 0.264797962639052 -0.0483850458064675
-0.155521572211645 0.273841740243202 0.218582171209374 -0.203472348168752
-0.066773323599437 0.355234813025209 0.128778587694239 -0.289699699429921
-0.0155497496757186 0.375349480832887 0.047952258690399 -0.294441120039578
-0.0489664837082437 0.388010447397971 0.0934320299915745 -0.28249480996396
-0.198459692430163 0.286266780060092 0.137262238769591 -0.150054290899063
-0.359333814016847 0.159004525823293 0.107927383116275 -0.0120281380566524
-0.44047372659568 -0.203810306951116 -0.0611178321118793 -0.0446398324575235
-0.192092334953713 -0.465544557202621 -0.0605976634761141 -0.209372904608171
0.181939699283697 -0.427628415508834 0.180551844728301 -0.416767880072979
0.409502299676025 -0.304559929897508 0.493736180277144 -0.383823277656764
0.518631099127929 -0.479718729756245 -0.0630900963438483 -0.216064369843152
0.204636456653607 -0.606960810637423 -0.128418030095776 -0.0608661188915994
-0.244448020934986 -0.582837268129756 0.0136674860105311 0.146282443354013
-0.521820360360739 -0.23822848799519 0.116407933948343 0.109646053277504
-0.444130943078413 0.200963652579461 0.210660036549422 -0.0238739713498354
-0.221453940843695 0.338529451922517 0.147724969328389 -0.116485484640382
-0.118056270169335 0.441000793865742 0.0995085726003577 -0.149588344906733
-0.0485725782391476 0.465817353773028 0.0462498300213289 -0.14102709672773
-0.0905324495422091 0.475509928247565 0.0695767627663406 -0.13260318125621
-0.270835566503293 0.34464592540371 0.0752253158798678 -0.0202592508120724
-0.457704961764233 0.186939290116435 0.0219851106910798 0.0611049378553792
-0.562472303774915 -0.258960269052724 -0.13647135997765 -0.0144989143436694
-0.271082813715546 -0.599739496857798 -0.100582249854826 -0.19654576660258
0.216011587728483 -0.57864823914798 0.129671102999981 -0.355830893001907
0.537394274623173 -0.441341830505464 0.340121781801175 -0.296170981632276
0.53555548121247 -0.578018332254645 -0.2471499895556 -0.0734753768419196
0.174078619933554 -0.704038233338644 -0.189567258167781 0.0851346929417348
-0.318309028697422 -0.641598138612424 0.0282378549751225 0.186568233306129
-0.593888225690861 -0.238251929509024 0.0878782828416612 0.114459125612569
-0.489117145047269 0.22388121991355 0.127287586363918 0.00994492408989711
-0.253346671509553 0.360420442132992 0.0541002798125635 -0.0066755541262113
-0.151677556551211 0.460956694871565 0.0543670030905477 0.0161051591637047
-0.0744444190707366 0.485009608784102 0.0379922006899136 0.0338292421045013
-0.118289699735344 0.486598015661408 0.0363640099629938 0.0391056471314865
-0.298433308487415 0.341509502614098 -0.000501037964794994 0.11596456765427
-0.477343161163678 0.178423247648113 -0.0766997405849309 0.131773381719107
-0.580580727536184 -0.278290350627062 -0.201847622483227 0.01529184304712
-0.290522858241621 -0.627741068920245 -0.127868680219059 -0.164823417857537
0.223276007367155 -0.622198296452498 0.0724312293769458 -0.247694147435342
0.578468461887741 -0.499709403125534 0.156568658204555 -0.164347637245008
0.475687778531227 -0.591800288436755 -0.418656122104389 0.0928347462138672
0.115785574036619 -0.690035622821673 -0.235498233379769 0.243389284130045
-0.334294454257311 -0.593601850306397 0.0361686883816745 0.21433912932465
-0.559068529302116 -0.201279415395236 0.0433850069102768 0.11022920400345
-0.451844258052355 0.210637727676945 0.0231435182540176 0.0515339141044812
-0.243828434219381 0.324641124628277 -0.0477866255519485 0.11052854600009
-0.161336399305172 0.412815035670512 0.00303566641612144 0.181541892124852
-0.0880925989882376 0.432057715993072 0.0253713327118059 0.203872536557907
-0.129669854669718 0.419856320373579 -0.00217387484913469 0.203540162178963
-0.281467729225026 0.279285081475493 -0.076061767340053 0.232004582446587
-0.411786898782844 0.127215965666561 -0.167732097897847 0.177007647111289
-0.477977127771447 -0.25837958101922 -0.239426667798423 0.0306470829371796
-0.236541171582703 -0.54536241578089 -0.132788874856007 -0.127713474641336
0.204553205410562 -0.539208765996404 0.0234172942343964 -0.121870583361379
0.528065206637026 -0.469891850053293 -0.0251722534145822 -0.0126917641375021
0.345673804278732 -0.508262964047814 -0.549566013025916 0.247920041011037
0.0489521009743555 -0.551575914717978 -0.263465329818365 0.377334556046066
-0.272217765702253 -0.439306440700426 0.0335450164732672 0.221603980469743
-0.411822396422496 -0.136344281421421 -0.00453874765734941 0.0972655644108148
-0.330018438125582 0.150804413447323 -0.0799759737539871 0.0853879938263391
-0.193408648324686 0.229065384838609 -0.142063450153395 0.210213786687544
-0.146675996905513 0.295608636663013 -0.0495793009233523 0.321130557668294
-0.09113160890599 0.309630931453282 0.00611637219072404 0.344830877382077
-0.122956951241616 0.289616741322445 -0.0415741865422147 0.334747884381429
-0.223482072754048 0.172238703353007 -0.142573659868517 0.306095227904835
-0.284921593889945 0.0526199401120621 -0.235476921381674 0.184075556856689
-0.297607146492886 -0.205454514764351 -0.241781727654347 0.0232636406276108
-0.133491032642108 -0.374965601935513 -0.113406464548746 -0.0982220584473998
0.156897764714752 -0.367181333829417 -0.0118902892998956 -0.00517473236492321
0.395307051383581 -0.363758539841824 -0.174888367541356 0.12870386666116
0.16172814661615 -0.342186937521862 -0.624586725851445 0.365515974466341
-0.0246827914567959 -0.321956819760967 -0.271923589349181 0.466556745222126
-0.167531585939519 -0.210384253037914 0.0309865147229937 0.214831740457515
-0.195934551458861 -0.0485874810873621 -0.0332153178915293 0.0754711193297524
-0.152338660093094 0.0659376084267262 -0.156960606693131 0.0979831224188468
-0.109984250807301 0.0950919940531183 -0.210543606512446 0.268566194306384
-0.107186213109864 0.129137949412352 -0.0969408763903958 0.409957440443109
-0.0790422540575456 0.140392597026278 -0.0145996019893032 0.434084393755436
-0.0990757074096805 0.120024064584418 -0.0755823689941172 0.413576308164254
-0.135446572839843 0.0499958985860617 -0.188349186842435 0.32787295242465
-0.128066577372359 -0.0166683491152602 -0.271390261057776 0.157140208461981
-0.0992803391130069 -0.119255078713581 -0.21562407996414 0.00256034239478161
-0.0348810069061296 -0.164626681900678 -0.0833992642019783 -0.0764815929113253
0.0795929681547907 -0.16397654348063 -0.0324276971363082 0.0817134989155129
0.205366677375918 -0.213849299056166 -0.273476909945689 0.240257898090551
0.0763202972447022 0.0561184132706759 0.305399946580352 -0.392672402025794
0.0534804277924329 -0.0384046977558797 0.0326377844541511 -0.234232132310631
-0.0283514307445012 -0.0610203902397039 0.0283856979351528 0.0607335602720674
-0.0869024772988203 -0.00220570012208893 0.181107964532548 0.048623767300059
-0.0355733861246981 0.0776139240839236 0.289257467271952 -0.114760478541251
0.0332312657973339 0.0698288204904426 0.254938173868263 -0.319429457714911
0.0606383187426592 0.0561492681044309 0.109094512637645 -0.442239386674549
0.0557170148253152 0.0419232166326152 0.0134083888612523 -0.454542939690359
0.0528338105598501 0.0455460203172141 0.0803162548646321 -0.438800604733291
0.02327914781957 0.0472918012795537 0.173292266561613 -0.318563892817499
-0.0256761823558953 0.0348387663325673 0.188441619208465 -0.128888277618294
-0.0397513783330994 -0.0172077556349586 0.0514215061089722 -0.0841428605035864
0.0315417764700352 -0.0281800264056552 -0.003131485401661 -0.187865820270314
0.0351461405098893 0.0423752394514457 0.205897764176221 -0.402784474378773
-0.00602716270628367 0.0970638983477389 0.614244989419611 -0.399369104296382
0.262995298726384 -0.14938238727273 0.23172141528872 -0.381636754414736
0.129964939248266 -0.250092140728382 -0.00923814152526219 -0.221935604160466
-0.0969516339561949 -0.264911663566143 0.012382748669721 0.0781446948433685
-0.251203056753886 -0.102840925248752 0.156254397125344 0.0751132250558779
-0.19517585878391 0.127160091925668 0.289021411816284 -0.0868050294492739
-0.0630028722876579 0.184882073124263 0.249037800927148 -0.280828387102728
0.00339241077483066 0.226026815125172 0.123253272745751 -0.397403555500469
0.0309884515643164 0.229145230923321 0.026441363387265 -0.406672644573116
0.011490717746603 0.238691974241717 0.0864908646752796 -0.39514367608186
-0.090484850276347 0.187585683091244 0.16651725987814 -0.260442719425128
-0.20481469329577 0.112211261683714 0.166517499919355 -0.0821905770833873
-0.263327683180336 -0.110230707362396 0.00302859225259619 -0.066576529397677
-0.095579708825454 -0.262140780860242 -0.0285447197461953 -0.205339245284576
0.110072008384963 -0.211068274364684 0.201051642450734 -0.436905652759503
0.213098557132399 -0.124006186928837 0.586287767076709 -0.435021248576809
0.4133892763301 -0.341161505241794 0.0988578665289269 -0.323414616502344
0.180284773595497 -0.450788974735591 -0.0669458608500795 -0.164212797784846
-0.176553349768055 -0.445158709050947 0.0100723248229794 0.105714695048948
-0.405190823012683 -0.182091733626716 0.138082296774365 0.0938647477558951
-0.335133471792095 0.174527368613532 0.264256714855129 -0.0630112913187755
-0.148599181472797 0.281693659193942 0.210532077494837 -0.217227676970974
-0.0533633575201223 0.364122483226889 0.116295207202714 -0.297986926460175
0.00147383908823558 0.38162732494565 0.0345403218135968 -0.297083021368159
-0.0331140847717164 0.393398572332591 0.0786723535941011 -0.287866377992824
-0.191230680635391 0.298651415871679 0.131309012374192 -0.157005705538376
-0.356837404124613 0.174287766688887 0.107890142742613 -0.0171256239422943
-0.457186045568719 -0.188791756565309 -0.0648441662104222 -0.0408296468847504
-0.214518767634902 -0.464097081824735 -0.0673082691882829 -0.211062612603425
0.169243312063721 -0.439888015480071 0.169163722807695 -0.42865131560243
0.402240715936653 -0.325154110598932 0.487378875679072 -0.404989848654608
0.504592334506308 -0.503114189858799 -0.070875385467857 -0.215701528360066
0.18489276230233 -0.622342274794244 -0.13026457244865 -0.0550718696921543
-0.271875530671279 -0.578641128945177 0.0210120475583439 0.143955612106975
-0.539788859328868 -0.222767157930497 0.119907050024576 0.105854486122981
-0.439392324003257 0.220451584075952 0.210639043528589 -0.0370612796244285
-0.21212367099664 0.350882132560232 0.142342539414259 -0.124642489853518
-0.102769991911776 0.453653325759751 0.0925495296339529 -0.155413375115201
-0.0271746772787484 0.475328621778293 0.0395784227374425 -0.142308740573817
-0.0701488421294711 0.485072611291556 0.0616014678111839 -0.1351057705825
-0.262324005797344 0.360482308730803 0.0736993567056082 -0.0234653899152337
-0.455305441033489 0.207944679872116 0.0234710524789643 0.0608743091239857
-0.58433377728965 -0.23937491525653 -0.139699768276829 -0.00790917231476183
-0.300521344716623 -0.595135507865258 -0.108264158939993 -0.197030778197977
0.200154901985734 -0.594987322672143 0.118077877203834 -0.365760160878495
0.527313206917089 -0.470045107840632 0.335309175878308 -0.310974576752703
0.521771506075829 -0.604687048221354 -0.254031843341123 -0.0656355912210609
0.151085621983279 -0.720411299262189 -0.187449011151853 0.094200016625878
-0.347254907569647 -0.634679848127183 0.0358165297333714 0.183499783526353
-0.61210150751824 -0.22310497034208 0.0905917994681576 0.111864234694376
-0.483593167837509 0.247043812279782 0.128029241606128 0.000462806943788278
-0.244052492026348 0.373768124097105 0.052226019635742 -0.00804483782633767
-0.134270872692376 0.476858640186371 0.0545142759458417 0.0128787079797347
-0.0518711507811953 0.496587987887129 0.0385716668479625 0.0336712146986635
-0.0969811434737121 0.496845278658444 0.0359185585743972 0.0387627569198633
-0.2922022161629 0.359203866492449 0.00466526460953484 0.118968626552395
-0.474999508511711 0.197643768558958 -0.0736819288458537 0.137006243546672
-0.60319706311719 -0.25833764923748 -0.204273177733804 0.0250382105575847
-0.321939733788384 -0.626015268503216 -0.137715047592637 -0.164542999692073
0.206171156976879 -0.636727090823635 0.0625867443740558 -0.254547565868507
0.565511979849658 -0.531860085018002 0.152714153517947 -0.170227668404304
0.458501795740952 -0.616509977140152 -0.422490669204081 0.107688594170574
0.0928377347450466 -0.705076651564981 -0.22932641841784 0.25544757661156
-0.362658676841909 -0.586038350456719 0.0445550127288093 0.211728485927722
-0.575612749860224 -0.188352228591269 0.0458795588155186 0.109627161205092
-0.445388227714189 0.232088553214383 0.0244958467208533 0.0474087309789386
-0.235638129756084 0.33919348996731 -0.0453474521944331 0.116323800081132
-0.145031321236471 0.428181047880543 0.00920445755060046 0.182495079063208
-0.0677643098182906 0.442717871965905 0.0323246879147279 0.204516758025494
-0.112512748847602 0.431296995822101 0.00551112981773658 0.206122794811278
-0.277073867332512 0.295224143785179 -0.0666336194896639 0.239547824337474
-0.41306389268814 0.143074874003634 -0.163360098276231 0.18742034277214
-0.49810579264064 -0.241860055577364 -0.241752170287355 0.0418809619249232
-0.263054265656964 -0.541817354401173 -0.141747164392986 -0.126450972371849
0.189805289346749 -0.554233204426566 0.015965048702084 -0.125130842667383
0.515277704348934 -0.500486642483884 -0.0255699628220619 -0.0101911493314419
0.332857127775109 -0.527017591345802 -0.552261834048566 0.270333386328614
0.0304369139602566 -0.563015189873819 -0.253563001500707 0.391685761258872
-0.295350600738208 -0.433219495022353 0.0420742531045409 0.220303785130982
-0.424207105851668 -0.125783147727793 -0.000992720906781324 0.0984590675254567
-0.325050400535763 0.166190008318154 -0.0781003682266614 0.0870205417846598
-0.188277983516276 0.240521167248116 -0.136282812486864 0.22232910206543
-0.135678034720138 0.309039738007745 -0.0376086680015082 0.325987443544234
-0.076380100051791 0.319107266506328 0.0197188696519141 0.346657795158147
-0.111712681705886 0.299861551190563 -0.0266622973007843 0.339683268106418
-0.22181990243187 0.184881099483501 -0.129463877986495 0.316254694744774
-0.285403003181078 0.062903197442081 -0.230783559104116 0.196890030738937
-0.312964395245437 -0.195583082973642 -0.244402856889339 0.0344184903051179
-0.152950247801037 -0.372936835050232 -0.122917136066593 -0.0966678151683865
0.146668325987994 -0.37910047244286 -0.0156721050366701 -0.00586863102029852
0.385531472405975 -0.387475342467696 -0.172568273662337 0.138307793184672
0.153021209169206 -0.352226898970325 -0.620819440999746 0.392064038942057
-0.0356983005792981 -0.327413952881603 -0.26011591305326 0.482093192188406
-0.179326413492311 -0.207122054728145 0.0385090515442186 0.214982255336793
-0.201656877205612 -0.0442235010038598 -0.0298425234167454 0.0776519996132337
-0.149635098210233 0.0736275189844615 -0.155402980877778 0.103965516058702
-0.107806710202304 0.101491618911629 -0.203097217763793 0.284426642764503
-0.102899506701667 0.137762424293311 -0.0813708885337919 0.417523336042248
-0.0728665506855339 0.146455115761663 0.00377694367969581 0.435985719236566
-0.0952925664583161 0.127196138062819 -0.0567809179134155 0.420737192631749
-0.136770157907491 0.0572291872335611 -0.174080754486208 0.341019866160009
-0.129878577088744 -0.0125371688756321 -0.267311067545426 0.172464038525004
-0.107856119295741 -0.116610665028174 -0.218409913674427 0.0112220537557172
-0.0431857913842563 -0.164236178471887 -0.0923384607570555 -0.0753181620592891
0.076142148086741 -0.170318197447245 -0.0332314416178445 0.0831820516835643
0.19987929054875 -0.228069585332138 -0.268355091394779 0.25482043501557
0.0773746948590364 0.0527973576011016 0.286297810506214 -0.409220540567348
0.0503030276516882 -0.0408655836096421 0.023248909900429 -0.234128566294831
-0.0317314240530756 -0.0611782469323258 0.0349842402190903 0.0593902786553521
-0.0875898736845469 0.00229665795004475 0.18294681067579 0.0375520967314303
-0.0321263303068989 0.0793091663583616 0.280606436532294 -0.13276468829894
0.0354617596823752 0.0676784059310196 0.234218917441602 -0.337106611158306
0.0629985066503113 0.0529446197851483 0.0833189536534258 -0.447540122053213
0.0578067277709262 0.038127018710142 -0.0127598333336203 -0.452835176821517
0.0559540882844544 0.0409530261632839 0.051481111848773 -0.442730335137134
0.0260540702014541 0.0450017065804554 0.152655580590146 -0.32874854990929
-0.0238506615908837 0.0362359755515154 0.181058954168667 -0.139319203326382
-0.0395417652086656 -0.0144684407269238 0.0461029079272296 -0.0854424775342375
0.0300454802876297 -0.0294514696745175 -0.0101280193346752 -0.187349529463067
0.0368203190726368 0.0439200916423841 0.187826856704109 -0.413929712502458
-0.00142964356064764 0.0988898934861855 0.59368255455337 -0.42976137167862
0.252821535857592 -0.161762591387572 0.214088785214548 -0.395918115419033
0.115819484567826 -0.256358411657231 -0.0179442981043311 -0.219939317841111
-0.111203492964698 -0.260141412247266 0.0186816246195607 0.0755414122604377
-0.25752044551133 -0.090182468474534 0.158496735761919 0.0663072419061699
-0.188268853583911 0.137359866659441 0.281233444013128 -0.105864643186439
-0.0547024781262734 0.187775648985532 0.230418859945538 -0.297932022896446
0.0156080960079495 0.226626622500611 0.0985936592862003 -0.404769288812164
0.0452591591707393 0.228559881381046 0.00274483243230495 -0.405041857397567
0.0254799371028335 0.237027628361889 0.0591618254316595 -0.397830174281929
-0.0806225104554041 0.193054015405125 0.149582434781494 -0.269411895910887
-0.198727004566245 0.123953918488345 0.161760412494517 -0.091779667306735
-0.271105629777345 -0.0946665836338432 -0.00131438116292805 -0.0649315734046583
-0.111675411566909 -0.256686058967637 -0.0368718852749906 -0.204510317454215
0.0994026223918739 -0.215769860850149 0.1796372890948 -0.447514365969436
0.205156868786724 -0.135867382695915 0.56498405736488 -0.463629592979306
0.392432145891158 -0.362264712978687 0.0832929973164101 -0.327529011513515
0.154112469846284 -0.457711602555888 -0.0718628620595906 -0.158504828684578
-0.201890587531864 -0.434818812575003 0.0169482881205998 0.102605604470958
-0.415481158992622 -0.162140881427333 0.140387056496045 0.0854473558659169
-0.324395939306889 0.192544346215886 0.258012845812522 -0.0815304006227326
-0.135257581362657 0.290026157360167 0.196051149651811 -0.230635886526757
-0.0316846352880786 0.369036344221918 0.0967962674049633 -0.304295772513849
0.0259722502823805 0.38316428228148 0.017534175703646 -0.295404705066775
-0.00878994247247194 0.395505249683669 0.0592639726361476 -0.290134952957165
-0.176114495236641 0.31045295328733 0.11994918035247 -0.162868535649047
-0.348258849852893 0.193543010774177 0.10620011877773 -0.0224773090835051
-0.470344215899494 -0.163508212317977 -0.0688861283376562 -0.0359689324241276
-0.24198762991612 -0.451329543823969 -0.0769769880220881 -0.209228917611713
0.148335404859825 -0.447844573075912 0.148432285689947 -0.43825617578864
0.383031880668072 -0.348929498893604 0.468241474508679 -0.428935862605884
0.475123527616213 -0.527726055086235 -0.0815860604843181 -0.211620458701608
0.151681299561002 -0.631406915821101 -0.130298001426159 -0.0471900640224354
-0.304018067489308 -0.563624099811967 0.0284138511988756 0.139740047534932
-0.553889623973707 -0.198763497472778 0.122826032566166 0.0992531927274585
-0.425211899826671 0.243835391043295 0.206386118642452 -0.0531352864936317
-0.196370981447818 0.361597731759268 0.132937989036171 -0.132000056071389
-0.0745796963958275 0.461482420739406 0.0802598016783313 -0.160796273031443
0.00411773575632305 0.477226553884065 0.0305027281294643 -0.141362934841278
-0.0403233946103302 0.488140829744762 0.0504560869056946 -0.136976964125811
-0.245995999265145 0.377385775197919 0.0717918636876242 -0.0251161373827482
-0.445050823295796 0.232539596753773 0.0256832543343006 0.0603377245469609
-0.601064039718462 -0.207736871738498 -0.141834740460512 0.0018282007533207
-0.335922326208786 -0.579235192250003 -0.119753354050425 -0.192533985947848
0.172487982458566 -0.606740184599123 0.098155125338452 -0.371452515910608
0.501004023760816 -0.501911756337849 0.320297221446052 -0.327298379563485
0.489126622025442 -0.627871834511945 -0.258567391648605 -0.0522953719846626
0.113793722871317 -0.729679026412661 -0.181483951878916 0.104447243007026
-0.383974670524603 -0.615870704523092 0.044559684575194 0.178801269311114
-0.626456225275908 -0.194082339608142 0.0943073747903299 0.106730538080414
-0.467394496039633 0.273891962463724 0.125945082001174 -0.0114345911560045
-0.226971025234552 0.389330961353651 0.0504438067983733 -0.00931564553844164
-0.105601074305716 0.487526056437491 0.0520765022543065 0.00917470226550576
-0.0182915715516154 0.501004197949867 0.0386326122605566 0.0323305066688347
-0.0669244187628612 0.503424633657206 0.0356844217011413 0.0389054275157277
-0.275079397888957 0.376899554539714 0.0109299203507941 0.120599324401149
-0.465688650037363 0.222577697535052 -0.0667110671290654 0.14174200293991
-0.622138506196591 -0.223717680943648 -0.20465340098297 0.0381136610776573
-0.358215506087566 -0.607216367712189 -0.148696985267551 -0.158930889366852
0.174715623183531 -0.649109179618085 0.0479228628912818 -0.257721789620377
0.536091793431269 -0.56494037882899 0.145340956939608 -0.176833372080402
0.427285621674029 -0.639721811354373 -0.418553469229935 0.130290780560893
0.0564474614623158 -0.713191088712342 -0.216086326920587 0.268317040833644
-0.396666512544751 -0.566271874855683 0.0547097624267316 0.206691267746446
-0.590150462300455 -0.159885555308685 0.050596350948787 0.107796538970303
-0.430699517283761 0.257728341583062 0.0257302345700972 0.041640646232991
-0.218167223404616 0.35261841630907 -0.0399401101436349 0.121877484829228
-0.118961876463282 0.439660112344491 0.0172231991422549 0.180592626955671
-0.0391499139923332 0.448682190069231 0.0422225190734412 0.202052524987419
-0.0849253837837399 0.43768971859234 0.0168507070297013 0.206199591566686
-0.262368441319512 0.312661929895337 -0.0525819613648683 0.244881792438418
-0.404531908771375 0.165115241460955 -0.152998128575336 0.19700396404741
-0.516765207369704 -0.213520214536464 -0.241250816721051 0.0561035963115074
-0.294393574976106 -0.526437223914179 -0.15301412850048 -0.120432802263961
0.162327450995214 -0.56769062930686 0.00587509103316966 -0.125995445350388
0.487309849164433 -0.531414463873995 -0.0253699532336749 -0.00717856126976698
0.305447215651452 -0.545836635342771 -0.539495718906657 0.298800675177968
0.00274295426146268 -0.566016001450262 -0.235015955541711 0.405199718808769
-0.321370281878825 -0.416583610017196 0.0522380565106666 0.216329167353824
-0.434567206467474 -0.106925664443099 0.00372561580903024 0.0985954052128459
-0.313506601131424 0.185281798650424 -0.0743405064569411 0.0884674880100434
-0.175369160427022 0.25294343518011 -0.123474498561808 0.233569102218627
-0.116511652374036 0.320064924212338 -0.0208338082859727 0.327364912216036
-0.0555565592822733 0.324559893739583 0.0387229295441946 0.343117932971613
-0.0943545887913873 0.306782763518845 -0.00610925549338202 0.340896406530719
-0.213372603193701 0.199019417901087 -0.109503560876601 0.325087505259679
-0.281625376004905 0.0778644859569073 -0.21980863456445 0.211262975742083
-0.326888391159979 -0.177283675484282 -0.243844426090902 0.0487848481390754
-0.174086890999654 -0.36267396788054 -0.132938278065647 -0.0911547770140155
0.127600998707163 -0.389676225484657 -0.0194806142962163 -0.00473037579724331
0.363060598575634 -0.411634820196977 -0.164469446767445 0.148439609316676
0.136496513199841 -0.361120773314302 -0.605013599267951 0.423757173411539
-0.0516138189100907 -0.326987691277431 -0.236412107004256 0.497055444937514
-0.192278046064935 -0.197281424473008 0.0478134811684494 0.212438449875091
-0.206254412488489 -0.0361792132861336 -0.0252528976052003 0.0797181604854844
-0.143355820137296 0.0817939096131886 -0.149561765856431 0.110962150217962
-0.101637078830212 0.108495146125543 -0.187175556312091 0.300091458452979
-0.0938035194098724 0.145817653325623 -0.0580797260549175 0.422666107041689
-0.0632675683308664 0.151724689092731 0.0270065415830489 0.433242346319717
-0.087739617303455 0.134101299738616 -0.0292444259494528 0.421022843014996
-0.134524217544211 0.0663790861377795 -0.151990000847472 0.350256277421933
-0.130736220904111 -0.00658932099581699 -0.256784841087397 0.1897748779528
-0.116105510697922 -0.109457167372035 -0.218190690080611 0.0241001587209572
-0.0528657172576897 -0.159922064837652 -0.101443639713662 -0.0704302693862362
0.0677826537471307 -0.176629887997073 -0.0315975379127622 0.085009659071341
0.186191052672983 -0.241911879446544 -0.254971634681893 0.269314320649563
0.0823185674066038 0.027846753635898 0.209526487857808 -0.435108659801721
0.0369579472507175 -0.051336804398428 -0.0103313370926703 -0.225952287881781
-0.0403184612418597 -0.0544690891492274 0.0496608944014647 0.050131427442745
-0.0792961219030333 0.0165893685584651 0.183785620042441 0.00168181080678488
-0.0145706393936751 0.0762531565080137 0.24467121557831 -0.176281473732578
0.0436307816094907 0.0480660041473642 0.163658430421925 -0.361793999474693
0.0670693420318264 0.0350300946810602 0.00488031673464152 -0.445625544292562
0.055250775552345 0.0231438878391657 -0.0802380390771051 -0.427783133065997
0.0561012836897423 0.0256556290605433 -0.0135784497807752 -0.433858043641715
0.0285893977695465 0.0368590738930236 0.102047253374848 -0.340612241452457
-0.0182589145552352 0.0365743698802721 0.156720148413987 -0.159906668295994
-0.0408462043438737 -0.00810432500444138 0.0344620488537476 -0.0870406434429051
0.0224028845854033 -0.031358614807785 -0.03316222523389 -0.181290338378457
0.0375394972892655 0.0417250453311139 0.131924312663841 -0.43120286133054
0.00642120815136218 0.0941470589186558 0.526499572166202 -0.487211211704524
0.211994991262435 -0.20834803730336 0.144851451752025 -0.396025100449322
0.061310247219599 -0.26826892164215 -0.0394364095624563 -0.198365786417354
-0.152519821267708 -0.230824667856433 0.0474683371757284 0.0677928898338205
-0.260865373958169 -0.041910473317713 0.173115741354795 0.028114474074755
-0.153190103921516 0.157909210421037 0.24813161225547 -0.158491222442512
-0.0234370791406524 0.178545931665209 0.164061699035348 -0.327026377325865
0.0534351117377557 0.214598662740374 0.024973593240807 -0.412689842061887
0.0737980544687182 0.207311558392214 -0.0614461889753885 -0.384836096774577
0.0606194695030308 0.221418148744483 -0.00113900898696637 -0.391541466629335
-0.0513889878275754 0.198913611808149 0.108079874346313 -0.284791780459317
-0.173040994056257 0.148569015625634 0.145452381578442 -0.113748249501129
-0.28094500663448 -0.0473518074986897 -0.00322800007638553 -0.0593399624403063
-0.149702413588324 -0.228655250950462 -0.0596152378936633 -0.189015206117234
0.0602753178015631 -0.21940669864715 0.112680352141087 -0.463046160980457
0.174060955192505 -0.164683333540702 0.485201438539314 -0.518737249660667
0.31105281904536 -0.423500081135502 0.0353862840625781 -0.303203916134994
0.0620769491098754 -0.46912018476076 -0.0740644921961315 -0.125480183506154
-0.270569959238545 -0.381101392370664 0.0598205441684164 0.0922566471335393
-0.428770884351339 -0.0822785219028866 0.166784662972072 0.0454342402577034
-0.273353335360874 0.232667020337097 0.228101670696434 -0.140013587933789
-0.0848272550640915 0.291699634521502 0.140109672219139 -0.259005680253331
0.0329580071322095 0.364727299615492 0.0386823082334862 -0.322742518147224
0.0818375862046307 0.359863170741942 -0.0338698634744987 -0.2832080196112
0.0552145983718471 0.382421678064389 0.0114072829576445 -0.287556947670881
-0.125942572229799 0.331166469817261 0.0949554808847097 -0.179348204418221
-0.305920748915964 0.240796227202465 0.102450719273741 -0.0418727975393906
-0.487696375078268 -0.080324812990205 -0.0595994462316315 -0.0211106029688883
-0.306109851920717 -0.396527724716312 -0.0987063793064434 -0.182489693396553
0.0731762617504122 -0.451758974958793 0.0764593159130995 -0.447826628524798
0.318587168732649 -0.399028742853165 0.38935346958281 -0.473241052317923
0.361049298603477 -0.595104518051037 -0.100751709846099 -0.158388041878111
0.0289948864743284 -0.63057329114029 -0.10577250766156 -0.00630162246085201
-0.391204225808691 -0.485848807037506 0.084753585756011 0.123698538998949
-0.568401824408391 -0.0931369467257102 0.157310970234388 0.0558380136663093
-0.361494700216822 0.30017989784955 0.182003910777949 -0.109767174786469
-0.131303826936333 0.373525143656675 0.0948877984593362 -0.157359286888137
0.00930354505069749 0.465792094812672 0.0462674900888093 -0.185594614008684
0.0768155166069049 0.456112537945682 -0.000832863819346166 -0.139419162600216
0.0418055983248044 0.478318648694147 0.024138586746118 -0.138213392240361
-0.180570428392035 0.409067184299838 0.0674653289376733 -0.040513709032111
-0.391480838960757 0.294079555574907 0.0366498856259983 0.0482717019053725
-0.623356362537071 -0.101823591984001 -0.122924850470817 0.0255790781481196
-0.416373719536485 -0.50488515167656 -0.137954131394502 -0.156285111874897
0.0745707140303138 -0.611617788962615 0.0312038373173357 -0.376152655953851
0.411013387296636 -0.563053560128766 0.252119886568417 -0.358915332327506
0.354275960695856 -0.68806388262267 -0.242392439567785 0.0239207405266342
-0.0251643034448946 -0.718007631710306 -0.126401191987354 0.149405888713079
-0.476407197562559 -0.522459589124719 0.109854636409584 0.156676816052186
-0.63860474402573 -0.0755848762590408 0.132712120158079 0.0642103380014689
-0.398773691753671 0.336017907481542 0.110276710804259 -0.0583746778430468
-0.156627469773282 0.408409357724648 0.0356424843579218 -0.0264222210037815
-0.0142420183884403 0.499122343189821 0.0466041743282033 -0.0184871503710938
0.0605692480671425 0.482734409354225 0.0334233055986609 0.0255706272430002
0.0193114143316286 0.498987032583952 0.0350060972415884 0.0329241918296069
-0.206673353603829 0.414212684555475 0.0287770139266914 0.109893468609847
-0.412098456931959 0.289321704131559 -0.0414477426320864 0.139405370940653
-0.645994243000233 -0.113759115895286 -0.179001157348954 0.0694316046499818
-0.439056884956636 -0.526169759334789 -0.163562118678901 -0.117791604658263
0.0748194284500745 -0.655630536189135 -0.00691843545180903 -0.257558415248678
0.437662621600018 -0.630074517291636 0.0994407398650922 -0.192447763858391
0.294457349899104 -0.684086523245077 -0.367050816673038 0.221078148689315
-0.0739356343595702 -0.687848794186995 -0.134903651278639 0.309588261966728
-0.482172248851344 -0.472323195428138 0.121274162769493 0.180838419241204
-0.599500667723923 -0.0478763026127127 0.0895884092095274 0.0726404668181236
-0.367370083682709 0.315992186616475 0.022373086100368 0.0109794262063268
-0.153547451654504 0.37697587522288 -0.0280174542789515 0.115024840717518
-0.0353728358936526 0.457092082101738 0.0424019854758509 0.15412821762061
0.0353478866952424 0.436793879686329 0.0625001972010109 0.186254616052084
-0.00585713493636988 0.441221416800718 0.040741447597476 0.196858443610973
-0.203497443543559 0.350041139240755 -0.0150400182471507 0.24029781304527
-0.362367432108565 0.22403440743776 -0.118056386085885 0.206595128942359
-0.541093733557954 -0.119487010834899 -0.214413781608501 0.091852201735373
-0.366834300865679 -0.458268680285348 -0.164936995266927 -0.081106709036191
0.074360401873904 -0.574069632232683 -0.0281325617740398 -0.122745495096672
0.397366147355622 -0.58927911420214 -0.0441110000234663 -0.00812338620602963
0.194081357333242 -0.568806546939764 -0.459762449835959 0.393078180196624
-0.0986814754630367 -0.53606906472613 -0.138299142808391 0.439602361354807
-0.38224872798407 -0.339657233462365 0.110735047415 0.191626280043785
-0.440743422193394 -0.0246784098704499 0.0369863544829755 0.077359122053825
-0.268844495311315 0.23057572378725 -0.0633568269667726 0.0786882771376148
-0.128089679199437 0.278209235061238 -0.0864230540676211 0.238332889955099
-0.0529912395442117 0.340914174071418 0.0315810269748158 0.304924040459778
0.00252393475293108 0.323255804897532 0.0815650557406745 0.319891327808382
-0.0348333141675736 0.316814196303909 0.0393090814207672 0.329877680190224
-0.172234534127374 0.23069664248104 -0.0594927293757206 0.327578821926395
-0.257097447187545 0.121749990318147 -0.180616077655664 0.231985063269238
-0.348804676251407 -0.114350644897381 -0.222364002616347 0.0836905664533411
-0.224818307354566 -0.318784512263314 -0.144166219433526 -0.0585178990405638
0.0676467437664376 -0.397759412085584 -0.0334651825344001 -0.00150416316903713
0.295316001669447 -0.454407001952188 -0.156025403457993 0.160315697875287
0.0637161378930656 -0.359460236442145 -0.506039667082863 0.511169739355339
-0.105163027924392 -0.29449105998741 -0.136565338067629 0.520847563786217
-0.219208542998697 -0.153096964892537 0.0924991156966435 0.192323404311701
-0.208178698211706 0.00243608318309538 -0.00263203177427817 0.0711991480279133
-0.125002803782415 0.104456687455507 -0.129543269411237 0.122814429829282
-0.0796436181142041 0.12992791785369 -0.131660482357933 0.315858299216267
-0.0620342722035585 0.167271404162821 0.0135774932168748 0.408955063789933
-0.0313452954871104 0.159760798964673 0.0885288447506119 0.406588210997045
-0.0582705549060968 0.149059807234693 0.0315969159720184 0.410290573008193
-0.115847419784705 0.089312190046103 -0.0968071777994389 0.360161720436421
-0.125009330970298 0.0171635196347065 -0.220279675566172 0.21801997092277
-0.131443484899817 -0.0836197232084028 -0.205326445282734 0.0546204561311112
-0.0764195422654547 -0.142965133915191 -0.11191502352412 -0.0480949846122301
0.0399783585612487 -0.183978086452048 -0.027837574199152 0.0877437108826278
0.149056856378013 -0.263156652109549 -0.220761353769687 0.289144642718789
0.0788340571783521 0.0252866472614862 0.18911779574799 -0.427346748710871
0.0332456186766581 -0.0480976418621328 -0.0150665221522282 -0.218626838886312
-0.0413172604268054 -0.0524348697346945 0.0515947965340968 0.0444525603381513
-0.0757416780940016 0.0183126171223102 0.176174945081634 -0.0057360570448652
-0.0121927032431106 0.074558211400386 0.226475592268699 -0.178423847132335
0.0415394357412837 0.0448835645577706 0.140458266141853 -0.355172648220641
0.065752038771855 0.0311087234162616 -0.0144804810534556 -0.428417955333007
0.0534955197626217 0.020873314558529 -0.0916699311618824 -0.40674153670598
0.0542060639767485 0.0212089509265726 -0.0316376611286693 -0.41432854024399
0.0285483369658207 0.0334668309753038 0.0840529704882404 -0.329578517861676
-0.016515108054907 0.0364813564993072 0.144552307362112 -0.159294726553007
-0.0380215075181258 -0.00676010942803711 0.0293869154227425 -0.083355251376401
0.0209341465465909 -0.0300323441122957 -0.0366615203519675 -0.175278159509651
0.0393687503032561 0.0414916654157174 0.113731082090891 -0.421055559917764
0.00950222632927545 0.0916952335360853 0.491182612598875 -0.482679315285375
0.195704537520505 -0.204620932843328 0.127932644659595 -0.385931501575551
0.0491614022461374 -0.257523295706437 -0.0408813728023182 -0.189969812913554
-0.154364345375779 -0.216162495439374 0.0489390741077612 0.0607147820068323
-0.253593378354186 -0.0327099118670481 0.165878140618962 0.020658274060626
-0.141055212198267 0.15664973700795 0.228972139743369 -0.162450770257824
-0.0184163206106019 0.173446556491448 0.142094383906414 -0.320682063767278
0.0601219483937859 0.204536298673204 0.00474134074002708 -0.396344797392759
0.0798021037227886 0.197198549249202 -0.0722041566349141 -0.365084357356626
0.0667205781754819 0.209527215373856 -0.0181474094485759 -0.373829639422719
-0.0424116088313894 0.194208390860671 0.0919366525339402 -0.276315130350853
-0.161158300258016 0.149900552970793 0.13514259794455 -0.114337091305132
-0.272098900161396 -0.0355048865423891 -0.00575194164276358 -0.0552031455059225
-0.151840148080857 -0.212929772459677 -0.0626719924187635 -0.182614719629364
0.0523762049911763 -0.2119686603009 0.0961060040495069 -0.449977091951455
0.161102411478565 -0.163423245369552 0.451987217796736 -0.513048232931438
0.284798870187996 -0.412763443715801 0.0257099566844065 -0.291405482307394
0.0420404485760566 -0.451384692504632 -0.0720465998409379 -0.11820251797072
-0.272873909419906 -0.355434865836544 0.0606671618768469 0.0838509592150695
-0.417010915276105 -0.0676807450722367 0.159767024023596 0.0383029042108749
-0.254100157010715 0.232456201488272 0.210053815794569 -0.144803095941259
-0.0728622699468373 0.284474165810986 0.122148853580445 -0.254195463238699
0.0479281030762447 0.350907995873076 0.0211836926024059 -0.310684557675768
0.0937964545180353 0.343170280998555 -0.0422771329540634 -0.268358341187925
0.0686383772749034 0.363245486764681 -0.00189324699954025 -0.273078056476054
-0.109335660929307 0.324028681560191 0.0841238057955987 -0.173528086511577
-0.286088071207939 0.243160466146392 0.0961272585018332 -0.0436472076057604
-0.474067439190318 -0.0589583504021749 -0.0594727973574547 -0.016264046981787
-0.308794501458223 -0.369487877797163 -0.100884327436141 -0.174059754685753
0.0569204053940451 -0.437884310260338 0.06069950150436 -0.434443741102453
0.290474156006855 -0.393513937851581 0.361920499148715 -0.466736024726752
0.326252866563587 -0.580862568115457 -0.100051349485131 -0.147427970703468
0.00698324356018496 -0.606486862037029 -0.098055648225632 -0.00149940338056781
-0.391205059865977 -0.451374602454823 0.0840123851245607 0.113911691213683
-0.553199976143508 -0.0722020135644915 0.151697680472976 0.0490702443835226
-0.335497471307829 0.298345392604658 0.166121844668494 -0.114427768277384
-0.113919175017766 0.366390173354186 0.0839276974833855 -0.15426990302792
0.0294941318040116 0.449842365043776 0.033844709620328 -0.17893023598254
0.0944520731118184 0.435960343485097 -0.00516531937754355 -0.131161404546413
0.0590200474652295 0.457228835566996 0.0163266263109847 -0.130479826430518
-0.159015843209246 0.400071138128594 0.0631693853262917 -0.0385753737007402
-0.367954660212379 0.296965726636981 0.0359894803797706 0.0461639437100115
-0.605654195682964 -0.0737419052734025 -0.118724426963643 0.0305037113430271
-0.418237294219457 -0.471036852582086 -0.139508705118015 -0.147031714602337
0.0520670004484423 -0.593030897785965 0.0174940883792859 -0.363434065927754
0.373768786323353 -0.554801003396257 0.232832055610937 -0.352586721944322
0.319427629018953 -0.672466000826892 -0.230631968208731 0.0324323706446294
-0.0472346124243129 -0.689625499968722 -0.114157867821775 0.148708945511689
-0.47670726980205 -0.485008246645463 0.108903151299216 0.145360610792353
-0.624634063539881 -0.0510442801858657 0.130278103106462 0.0582654885889679
-0.370151100202537 0.335026094200055 0.099399247231824 -0.063266091915774
-0.136476598441172 0.400116308724511 0.0334553627978577 -0.0252971525468101
0.00840606186803606 0.482151011462433 0.0400716683652499 -0.0184730758703413
0.080149507333355 0.462992416495201 0.0324166175542835 0.0251069158626489
0.0405098974721679 0.477094985609008 0.0331600382356823 0.0325893208617864
-0.185024116849573 0.407660831724471 0.0320841835111391 0.106635328164152
-0.386863681107527 0.292207266848572 -0.0357416973075458 0.136649020314872
-0.6282511914461 -0.0838104252148055 -0.171435316074651 0.0746740321895424
-0.441910363582605 -0.490054630037438 -0.163407556694556 -0.107169501692145
0.0497454080128163 -0.634761445618053 -0.0145232416192381 -0.246803962940322
0.397985399527808 -0.61991620932332 0.0901760065477312 -0.188005168532406
0.261462238008555 -0.665953495155659 -0.346520726178218 0.225496469698034
-0.0936457977407507 -0.660060950074112 -0.117755583399924 0.304057591737346
-0.478660797160964 -0.43503862187241 0.120473520047882 0.169414569661276
-0.584093455127534 -0.0263150389046237 0.0886361039665629 0.0677577659176127
-0.340046105582404 0.314079551590222 0.0185744048544608 0.00683788913954347
-0.134406439878422 0.369714548767751 -0.0208045259130069 0.113795276237777
-0.0133157585311304 0.44363747308672 0.0432596073059731 0.147485875073124
0.0537580914120497 0.41956016163068 0.065874174233625 0.178284128532908
0.0121453964687178 0.42343293418763 0.0455748294988789 0.188355127281027
-0.18324644165821 0.345815106090674 -0.00414816285927027 0.233135961134462
-0.340270380610492 0.22919620331475 -0.106181694807467 0.204030376858085
-0.527518586542976 -0.0933702698051204 -0.204554267241485 0.0977903428998082
-0.367443281790004 -0.425824513004616 -0.165253200442234 -0.0712611712942221
0.0524402742005693 -0.55619212070559 -0.0324293158109519 -0.116623014169121
0.357000295717644 -0.581175597160033 -0.0429126540055897 -0.00611923011976127
0.169003614091682 -0.553881248294159 -0.430724826842474 0.394288267089862
-0.111547059460087 -0.515128645309162 -0.119059738009425 0.43062506103136
-0.379271923588154 -0.313263857385849 0.110893103194536 0.182551267839328
-0.431026039451082 -0.00953173047650113 0.0389191808031259 0.0732810328868016
-0.248869081553057 0.22896225630069 -0.0605687499565656 0.0751562394348818
-0.111890595267554 0.27351944424423 -0.0717030988759474 0.234883056448197
-0.0353818342000746 0.332382671387095 0.0396486669442918 0.293318391928108
0.0167436904882392 0.310869200535381 0.0889015543010398 0.304731289684705
-0.0198283892737361 0.305207207498052 0.049797886352371 0.31392773689945
-0.156814984913775 0.230627646863706 -0.0427156812185725 0.317150995287536
-0.2436772227325 0.125429210964912 -0.165155704005974 0.230803116151131
-0.340692371953268 -0.0940784715292599 -0.21140317392883 0.0887772995173526
-0.227444730182546 -0.297075573371011 -0.144156337080395 -0.0496746627317691
0.051383688249671 -0.386518521814406 -0.0338048180464119 9.24747154968242E-05
0.265551671804899 -0.447743577745565 -0.144404272285354 0.158469916926658
0.0515478840632343 -0.3492530407509 -0.472574792274691 0.508337119218124
-0.109006913575472 -0.282644200623109 -0.11642966907175 0.506622252371274
-0.216052684695115 -0.138850690085767 0.0940121642126044 0.183748462883008
-0.204523056049128 0.00946837269627067 0.00107926688085906 0.0689634326379994
-0.115097940913504 0.10353227951625 -0.120974259211014 0.120707083229726
-0.0711561997383065 0.128184453667489 -0.112024590596512 0.311365003130989
-0.0523920247555555 0.164269359716096 0.0283132426975281 0.393153220825176
-0.0229985612743669 0.155440588677136 0.0993895165262328 0.386985821607425
-0.0487809133475707 0.146031198599978 0.0450495631591303 0.390813779995008
-0.10800523684683 0.0911935569114777 -0.0775214989920087 0.348803401319545
-0.119107548804746 0.0200769248662217 -0.203235748136775 0.219265438533585
-0.130705660993124 -0.0735366793784464 -0.196245545370667 0.0606502868008791
-0.0785939868552718 -0.133464839973352 -0.113518482110465 -0.0398370698736443
0.0314868119792921 -0.179061882230694 -0.02506459150568 0.0859209373511401
0.131689713864424 -0.259866371629085 -0.203473725875559 0.285502137964146
0.0751420468351859 0.0253943423515878 0.180546660179075 -0.413719269392637
0.0320381509614709 -0.0434210627356948 -0.0143438714668521 -0.212928120092039
-0.0415885385714698 -0.0508689787741416 0.0520435459734249 0.0392236913390282
-0.0731477561976849 0.0167781316648244 0.169501947921861 -0.00844621594466625
-0.0108055475493451 0.0733523432410888 0.214773343283624 -0.174612693253432
0.039073070333574 0.0439148442229225 0.127914848783923 -0.345425443349048
0.0639011676921164 0.0288309169176384 -0.0220434254791696 -0.41383298740083
0.0521476706860945 0.0197148244875371 -0.0925952265300996 -0.390878037011799
0.0513988827528441 0.0193784345493331 -0.0362912839320102 -0.397081869248429
0.0279492556027328 0.0309571368043527 0.0754969944344986 -0.318864347163949
-0.0148409670129115 0.0358252368796681 0.138801349644581 -0.155738240884879
-0.0361874643876384 -0.00673937988148174 0.0275199151197057 -0.0795007352213827
0.020703673199178 -0.0288442442022694 -0.0363401030036449 -0.17142345775623
0.0402403234632889 0.0417768360978294 0.108540841454561 -0.409197850191713
0.0102355599367816 0.0896870236193207 0.473858548683224 -0.470492787710732
0.186456993130785 -0.196362288870408 0.12275563997585 -0.37404656627318
0.0460320016925549 -0.246458879484696 -0.0387488131141238 -0.184742962608812
-0.151814783189391 -0.206733890116722 0.048308620312194 0.0552442538386747
-0.247683322106913 -0.0308418596138159 0.160089052142611 0.01839562018955
-0.134958149444821 0.152626712108784 0.2159374032804 -0.16035831706685
-0.0179510335098078 0.168835340223447 0.129973297813367 -0.311892774225393
0.0621965091397583 0.197646426101887 -0.00358117097333651 -0.382486605645978
0.0813927557664837 0.190582780108648 -0.0716684134551891 -0.350299528805027
0.0667912413470814 0.200109064865776 -0.0233689830969436 -0.357384727123537
-0.039154570198306 0.188421862535238 0.0849662836091808 -0.266245734212198
-0.153823659403007 0.146518855536474 0.128808188213446 -0.111927580269692
-0.264204230279905 -0.0309634587265403 -0.00701971216918529 -0.0518019610759167
-0.148581935322477 -0.204064802083278 -0.0620714090523644 -0.178480772575717
0.0512586179953615 -0.204571236011175 0.0904097354114732 -0.439029293198774
0.154478862590156 -0.158056823163771 0.436015792284867 -0.4977564130197
0.270072307619346 -0.399079704968664 0.0253550219244617 -0.281503781443901
0.0384876003023354 -0.433362259118807 -0.0664645405156909 -0.11477365228948
-0.267120565652494 -0.339120109000233 0.0590237220399923 0.0779415629834811
-0.407255014900619 -0.0621450723271496 0.154453879585571 0.0354625319296701
-0.243145902724206 0.225737797050064 0.196966620916408 -0.143372004496035
-0.0697403665845944 0.277340661787507 0.113388178073988 -0.246811097603836
0.0516630116179813 0.33948493914034 0.0119301853735553 -0.298285816431563
0.0976078385208147 0.331738539089216 -0.0426136311634477 -0.256662728677338
0.0711813104214141 0.34949689756666 -0.00644287018020624 -0.260561628044559
-0.102414287303396 0.315795648042021 0.0782958841973465 -0.167376456352421
-0.274288103650725 0.238178741312387 0.0919722051044598 -0.0423849789164211
-0.460967023298003 -0.0513739038578469 -0.0591471057972247 -0.0128725936169514
-0.30179296900119 -0.35313144835617 -0.0993882282289604 -0.169595121992339
0.0541193230428099 -0.424391466863038 0.0581012136906998 -0.422292289673957
0.277039490094773 -0.382286412926755 0.347542243780543 -0.453369660465716
0.310020772482836 -0.559924962445221 -0.0949623504046066 -0.141259153060366
0.00218541152481267 -0.586699243331964 -0.0910430038571784 -0.00113764257521622
-0.383277943249631 -0.430454636164833 0.082254608027995 0.107466552064054
-0.541109633651763 -0.0646032587249692 0.147112048391791 0.0467005206267245
-0.321849048725023 0.290940218615895 0.154665897878538 -0.114868798806026
-0.108640283232401 0.357138248199812 0.0786071724109261 -0.149242465369778
0.0379167577810154 0.434371811722552 0.0251730556072662 -0.171013889559859
0.0993708145268483 0.422249577377897 -0.00538943190663079 -0.124328351604262
0.0643606578224136 0.439005221188829 0.012532880916824 -0.122769766290842
-0.150158586527339 0.391408460623072 0.0608981541029869 -0.0357531686715543
-0.354662779291447 0.291755649741663 0.0340300142708171 0.0453183369222255
-0.589769740984259 -0.0625143863555996 -0.116227961175978 0.0331124987020025
-0.408133081943733 -0.450469898777029 -0.137883157327617 -0.14239222355667
0.0479266292813278 -0.574312513323781 0.0170269528083479 -0.353161963954327
0.356551532980295 -0.53916860427382 0.224936107842481 -0.341656678169537
0.302994335210936 -0.650858280866051 -0.22153044256281 0.0343945090204684
-0.0515344218558161 -0.668516393771019 -0.106004679283872 0.145996902289524
-0.463590275996426 -0.460751660184931 0.105323876197592 0.138847260969085
-0.609850882649529 -0.0451733188565886 0.126427390428938 0.0557198221587844
-0.354049516099033 0.325953292799549 0.0908888605319854 -0.0651481751820203
-0.128700851534196 0.389251039609561 0.0330427305635274 -0.0232672443299441
0.0165260116407469 0.467937669123152 0.0347942037217873 -0.0159697994626676
0.0866446714744823 0.447127344659039 0.0321313173011968 0.0268562370626978
0.0452435565024757 0.459352173239474 0.0309731365414547 0.0335628293184754
-0.174367944214863 0.399650852693241 0.0339537499594554 0.104580456373939
-0.373629816866764 0.286483745904418 -0.0346353142438484 0.134419606713775
-0.612099523104861 -0.0726955187626809 -0.166823797502634 0.0754492530466911
-0.432322256071957 -0.468812288474204 -0.161775071821266 -0.10259954186344
0.0433994635389317 -0.614810159619097 -0.0151514023732551 -0.239473437345251
0.377337101093384 -0.602246093218979 0.0862034393015066 -0.18232257548537
0.249978684267582 -0.646075060461261 -0.332347117770867 0.221493325691716
-0.0951196439672419 -0.641255374577451 -0.10947794199566 0.296775507886941
-0.466760472834142 -0.415785924524319 0.11629753766472 0.164124475623302
-0.57387532462999 -0.0190960176613134 0.0876987004230711 0.0656502142427039
-0.324716015662546 0.305864317509035 0.0143676066094733 0.0031215055917571
-0.126425004444223 0.359959500560128 -0.0168970778243762 0.111831630531035
-0.0041688278935636 0.431060976297104 0.0403437182374666 0.144280512649255
0.0606747052038804 0.406325220678296 0.0652338118569002 0.172481667571289
0.0186920900761635 0.40780917808017 0.0454485749833351 0.183165232959647
-0.173679362519256 0.338490721603361 0.000416747718815783 0.226187416822504
-0.327172288429121 0.223313653680694 -0.102243777150127 0.199844249703207
-0.514108844732395 -0.0826169885654997 -0.198644365930198 0.0982399798195922
-0.359199642455945 -0.407556372638812 -0.162784765039676 -0.0658165561567016
0.0462015966397506 -0.539531477399658 -0.0323256088623645 -0.112699597832189
0.337790240510943 -0.562896482949235 -0.0415094263428247 -0.00550393075232006
0.160866288361128 -0.537804525913987 -0.414352660427221 0.384335489491578
-0.110564090669992 -0.499095821854159 -0.110015658504327 0.419451014171864
-0.36953876018041 -0.298583562088607 0.108087531388076 0.177331007257867
-0.424434837461915 -0.00392800662721348 0.0403503729183551 0.0718142975420606
-0.238384832219821 0.222321532063447 -0.0607998116204326 0.0708040327233192
-0.105065869471455 0.266483385140669 -0.0635072428918335 0.229743700003878
-0.0273696186003337 0.323824840994892 0.040655771487136 0.28368005799941
0.0235717854437068 0.301466720500287 0.0879152581306975 0.29434658468534
-0.0136496629162236 0.294946189774116 0.0518189661148351 0.302694927933448
-0.148757662661162 0.226307270191557 -0.0357502118887906 0.307498101821491
-0.234493745856772 0.123363177468771 -0.157532537011597 0.226384039381095
-0.332632619325354 -0.0853851047510949 -0.204599999094937 0.0896308763659196
-0.222524600409761 -0.283140893664109 -0.143235011544009 -0.0446053094596904
0.0454948232023346 -0.375411380383446 -0.0335801818894101 0.00118178949582363
0.248441756941797 -0.43644020398616 -0.139798620016146 0.154345233635657
0.048630332225593 -0.339887586487932 -0.456951787866507 0.493277293049224
-0.107337089538278 -0.27602378517458 -0.108820199590303 0.494589488014274
-0.209609756915741 -0.132379306242476 0.0922416315857057 0.180271353386057
-0.202287307057728 0.0124716169788022 0.00369406494596478 0.0664852674967691
-0.110067243395332 0.0991572289578332 -0.117069307105499 0.116074665596339
-0.0663475302562944 0.124594030427417 -0.101678714695779 0.304104663764862
-0.0467640855663185 0.161336757496874 0.0325278834955673 0.380595663509587
-0.0187068357778288 0.150961056488803 0.0987546844654492 0.372483803805724
-0.0439318746106073 0.142112403171902 0.0485708897475009 0.374912048910647
-0.103526322279707 0.0902220659312207 -0.0685052559428148 0.337590139608398
-0.115637805580857 0.0198376454119357 -0.19361926856219 0.215032158222462
-0.128431912896071 -0.0665223245007456 -0.189125658226448 0.0615448004036475
-0.0775989254437453 -0.126952565876092 -0.113416014967099 -0.0343256256213002
0.0266511401628323 -0.175138109724835 -0.0244929567763522 0.0840635879154654
0.122363811272141 -0.253872291263441 -0.195689595932901 0.27684962609583
0.0733023874623366 0.0276345313873407 0.181677274367446 -0.408192717324056
0.0331218737011853 -0.0406013081844232 -0.0123197479095212 -0.211803566116082
-0.0415690842109104 -0.0502643893976045 0.0521488210667969 0.0364991927113585
-0.0732596547938662 0.015039941393888 0.166764132081964 -0.00924301392544609
-0.0109880548730534 0.0725937762229868 0.211624512767414 -0.171829590391132
0.036969819148312 0.045020999284912 0.123238336022816 -0.34139998470931
0.0623359709346119 0.0282169987169039 -0.024874338572424 -0.407281260422957
0.0516047309521174 0.0202509540571451 -0.0887790453110557 -0.386109509116589
0.0496883727577945 0.019694341804122 -0.0354550721652286 -0.38999815675975
0.0279464524968605 0.0299775541896128 0.0725581011337181 -0.313256933127197
-0.0141464913305021 0.0353638387788638 0.137222037763476 -0.152945189380796
-0.034885536193594 -0.00741935719306405 0.0268307169494322 -0.0773000753810001
0.0217863858440312 -0.027755065628337 -0.0354420360377859 -0.171756898656575
0.042062104115557 0.043335118491054 0.110145056616163 -0.405993967936858
0.0101775069925717 0.08943260443936 0.473553349476051 -0.459894222903093
0.184432043600695 -0.189867505289675 0.127118304207315 -0.368421420279379
0.0477340825204993 -0.239945537529483 -0.0353434991807455 -0.184280149750701
-0.148695472787384 -0.204211534765489 0.0476050935392654 0.0522595728231204
-0.246073359042553 -0.0327148935053352 0.156666791740258 0.0180367015078389
-0.133833900404673 0.149869060779974 0.211235490820734 -0.15761481858714
-0.0194795885608467 0.168933902942553 0.126737409721115 -0.307538260000823
0.0619459295250221 0.195091967945136 -0.00720651490621442 -0.374659559298158
0.0816385344411318 0.189233852113427 -0.0689187523396058 -0.344935750831752
0.065167194766824 0.198033522306367 -0.0229514890547395 -0.350453055558935
-0.0394457640936272 0.186175129944046 0.0829692914815217 -0.260775092154677
-0.153110739737004 0.144652426832135 0.127298200909167 -0.109970940998328
-0.26149435318095 -0.0314210818483949 -0.00780579093748506 -0.0496536336911799
-0.144778589030778 -0.202501310819829 -0.060801215940524 -0.179120759116345
0.0536030128254902 -0.200967674335868 0.0932409594868526 -0.435147661156041
0.152865395960131 -0.154500136407425 0.436945251038152 -0.488611128871963
0.268903427681257 -0.389898649189413 0.0303250800130844 -0.27713397848152
0.0409334037911197 -0.425207673224522 -0.0625006486447201 -0.114928614114767
-0.261222675053833 -0.335675785851758 0.0571526914038067 0.0750910278140239
-0.405463407618589 -0.0633395188418995 0.151519246068532 0.0351217874161598
-0.240930848985934 0.220598812623747 0.191097866851816 -0.141705669793803
-0.0711526403964097 0.275645429998806 0.110342296686802 -0.242767394971785
0.0531918501463308 0.335538984712361 0.00815353822456912 -0.291129398880355
0.0987601158099401 0.329027751576913 -0.0395802672806076 -0.251530372520573
0.0691090774608658 0.344031289325201 -0.00658951606384503 -0.254005180393975
-0.102573480192698 0.31294076167182 0.0783080151287315 -0.162937768037901
-0.272444490551756 0.235199214486613 0.0898129475751366 -0.0407809212277718
-0.457351388733847 -0.0517918210010378 -0.0592111945898417 -0.0113110769735669
-0.295079495858836 -0.350976158760581 -0.0987230782029542 -0.170543140675038
0.0575931505383974 -0.418918845141485 0.0612475756369901 -0.420262462218475
0.276029836728257 -0.375173882091321 0.348509497569778 -0.445464957302528
0.309755242643248 -0.548487487075988 -0.0901068606313258 -0.139373804482619
0.0045023761585873 -0.577157762684818 -0.085989598566369 -0.00205386844443279
-0.374315878033496 -0.426165882016297 0.0793063292781644 0.105293938756692
-0.540120274927787 -0.0662443486464744 0.145647236593462 0.0469516934318366
-0.31870734308202 0.283486776977477 0.148122082111728 -0.114870203602175
-0.109107453398576 0.354381051001437 0.0777140354114258 -0.146424820233008
0.038718220959331 0.429982940233882 0.0208397159317264 -0.165039152238919
0.102244029997008 0.417902930916594 -0.00377581956263946 -0.120687989537909
0.0620300622730058 0.434419181926901 0.0119644035713421 -0.118209613484234
-0.150868713145183 0.388395291507095 0.0616824263570382 -0.0337743017191131
-0.35115898215968 0.287142216496147 0.0319777210181522 0.0463808476521379
-0.585326386796068 -0.0622257776502251 -0.116500673125038 0.0347521484932054
-0.400373775412185 -0.44707432861007 -0.136334418715572 -0.141817188807493
0.0519945386240128 -0.56802294657473 0.0201443176992168 -0.35012919772986
0.353977319553739 -0.529715739611836 0.225247659556477 -0.335824204177225
0.304828696888164 -0.637948847613228 -0.216528985405566 0.0325154746048716
-0.0467992065389633 -0.659888807246098 -0.101308813376811 0.143514422902869
-0.454931236230645 -0.457034062839083 0.102730970443683 0.138538077716914
-0.610147464199022 -0.0457401740965048 0.126334869490942 0.0564632356037125
-0.351557755318609 0.318420778744187 0.0852309662274379 -0.0653922059492384
-0.129741433869212 0.386581808675141 0.0334500789030283 -0.0223748766913076
0.0204840048339005 0.46510036829544 0.0307539258791276 -0.0122386912820526
0.088047771489277 0.443677362441729 0.0319079987073167 0.0284646813752495
0.0456672586636911 0.451565720742148 0.0292024772162093 0.0363730102608845
-0.173684941694168 0.39506127578237 0.0341808366638313 0.104324203762335
-0.370882754788413 0.281235133049902 -0.0362976932530833 0.134738157885265
-0.605655723452063 -0.0722958662748117 -0.167094775956795 0.0771472489782619
-0.424817297158394 -0.464607891191442 -0.161280577037969 -0.10121983622539
0.047363557096849 -0.608806399089926 -0.0125463574075934 -0.237856627187688
0.373882094546212 -0.5916279282233 0.0866941997093707 -0.179031682237612
0.249843842564914 -0.636024301236287 -0.328019310093438 0.216450965833722
-0.0914558618373548 -0.634973988823182 -0.10607232825864 0.294535772837959
-0.457269248910887 -0.411841738128372 0.114090329213988 0.164676639650114
-0.574158074640014 -0.0191975578755416 0.0886909571688268 0.0656611278209511
-0.322594161234947 0.2990835703847 0.00910972363038002 0.00119871902908054
-0.125409277569375 0.357403026867349 -0.0150338984919399 0.111226760530216
-0.000756000466955111 0.42778750664835 0.0374402310828323 0.144825508983373
0.0627290939027957 0.402169944231502 0.0640687747761581 0.172117094056672
0.0190520086481641 0.399535940132358 0.0429444204111461 0.182327333767397
-0.17298034414852 0.336176244813286 0.00203667550171613 0.223549773120809
-0.325977452032064 0.218609581429252 -0.102308185423435 0.199921184765406
-0.509262585249195 -0.0803183296942874 -0.198132852923779 0.0985138885964925
-0.353423229381879 -0.402038370588964 -0.162531454996124 -0.0639487166811237
0.048775712401905 -0.533846953280285 -0.0315134092116884 -0.112291841868317
0.334722402036707 -0.555310447765792 -0.0417614559272956 -0.00594204926417475
0.163335342124888 -0.531437072076909 -0.411255429145882 0.377029910174324
-0.107020402434166 -0.497373491573691 -0.109083136898233 0.417213713058294
-0.364239525663567 -0.296773651800422 0.107136750925851 0.179491012683429
-0.424457339245414 -0.00339508104502605 0.0417435654396989 0.0707818364847215
-0.236207669238892 0.216669747967369 -0.0636946576404976 0.0673653938733241
-0.104035551497638 0.263615819757342 -0.060820120686483 0.227792658894617
-0.0240802533762743 0.321873016508119 0.0386917323217514 0.282304524182091
0.0244386600209353 0.29863939171011 0.0863082938503155 0.291912926977904
-0.0128453606765948 0.289405653006405 0.050213191007142 0.298495730187055
-0.148196660607842 0.224255454778379 -0.033504964611286 0.303034328802357
-0.232816385596951 0.119856190095537 -0.156513912790455 0.224967525933075
-0.328853294589951 -0.0828426489614122 -0.204467378152243 0.0893741384863001
-0.218447519635759 -0.278515912696438 -0.143466070567784 -0.041983123820649
0.0460569126271542 -0.370536143213227 -0.0332131308440795 0.000577439686163575
0.245275686501321 -0.428812256299765 -0.14000166942804 0.150974570599961
0.0513436067979384 -0.337624529163111 -0.454036125655772 0.483323847011209
-0.104797370232384 -0.27689988190762 -0.108296899182558 0.492660363900258
-0.206274349325753 -0.132337438303437 0.0913367822504825 0.182219280202253
-0.203547869517104 0.013167762484718 0.0057571455827426 0.0650047326762072
-0.109510904249993 0.096827448552893 -0.11810176253532 0.112529993551182
-0.0652682145392903 0.122634636732375 -0.0984121353901842 0.301494462659965
-0.0444037666080194 0.161226535599256 0.0323598313764334 0.375840601085532
-0.0175234671034414 0.149712024778776 0.0950397832644023 0.368230381627872
-0.0424934084610502 0.139456709461736 0.0489192647260271 0.369096532549561
-0.102160389017649 0.0900430875613216 -0.066154517205328 0.331881748742536
-0.114510687642176 0.0182480877489099 -0.190659898112506 0.21360975182966
-0.126350710250714 -0.0638091202690931 -0.187512146735193 0.0614818011416925
-0.0762968629744655 -0.12426199798358 -0.113651366625412 -0.0310271788916406
0.0257021177888153 -0.173728448863789 -0.0257002294926028 0.0830405710590354
0.119642315115768 -0.250846466606505 -0.196544381337326 0.271907561565109
0.0735699342928929 0.0302716581568054 0.187016357871396 -0.412586203327613
0.0355129200030852 -0.0385621043325231 -0.0127533399920117 -0.215913888348252
-0.0422120572870353 -0.0506782148673101 0.0530642929856623 0.0341114687839604
-0.0756307373560444 0.0137128016740364 0.168019283335466 -0.01135472062684
-0.010759067804969 0.0739764989794605 0.212670621282398 -0.174746746907981
0.0366299360358774 0.0472486474253472 0.120028114943659 -0.346131561921442
0.062370435196844 0.027918863665924 -0.0277438646387564 -0.409435354535601
0.0529620832813536 0.0206770309999368 -0.0902089312923686 -0.389719629603193
0.0496324977523211 0.0196911727075259 -0.0369394268867198 -0.3937794500534
0.0278331678405236 0.0296915508270863 0.0715968629943196 -0.315758353232905
-0.0136834309568961 0.0356614638226945 0.138809781567841 -0.155188065245844
-0.0347165441843974 -0.00857612471082224 0.0263899493754447 -0.0772103348498232
0.0234072914648575 -0.0283968575789353 -0.0364720439427181 -0.176372763828763
0.0449991407725827 0.0443240263726687 0.11330165432382 -0.412527992545292
0.0106264309164371 0.0912815859931361 0.484252126523439 -0.464999820893682
0.186947596692174 -0.189488739406365 0.132239908633952 -0.372801638626449
0.0500299580136482 -0.240340359581819 -0.0340818644522187 -0.188816680074651
-0.150467521100357 -0.206079042436898 0.0478573991691099 0.0503728759729486
-0.253194620329812 -0.0333245966937249 0.158056998322555 0.0169176579241357
-0.13533848098737 0.151484330646263 0.210431687839635 -0.16099817910006
-0.0205456788068609 0.173056512457167 0.124251963596204 -0.311551812792448
0.0641701252818434 0.197432122525722 -0.0113144336136167 -0.375969023610813
0.0862667595554291 0.191520395962234 -0.0698530486681455 -0.348279471218321
0.0667223143626657 0.200102311587832 -0.025522579856452 -0.352674486485556
-0.0392380371143869 0.189403005560201 0.0828177964538066 -0.263317599267952
-0.154493343616351 0.147588616911084 0.128530897390064 -0.110433823946046
-0.266595904240258 -0.0316057289053844 -0.00859225967039871 -0.0489270795007585
-0.145956608872171 -0.204783981613006 -0.062685894761467 -0.184524225704934
0.0573420860521067 -0.204155536156678 0.0970621550540488 -0.444175451129194
0.155297008604299 -0.156299539052928 0.446969078325213 -0.492794729109947
0.272969631461475 -0.392946925438738 0.0342144609937636 -0.279846207371045
0.0427024371670239 -0.42860761125925 -0.0600436269035282 -0.118704785847372
-0.263375939676743 -0.337565268465659 0.0578153043834513 0.0739686781883615
-0.417520164117765 -0.0650059893536404 0.153295573785003 0.0356812185484842
-0.244104358562317 0.222487187861837 0.189009031438653 -0.144529038818946
-0.0721361102298508 0.282142774111041 0.109709428617715 -0.246240654711436
0.0572507322300916 0.340235508284706 0.00390687642425554 -0.290419579378355
0.105292476945785 0.334115515913453 -0.0391140626005314 -0.253538192832501
0.0710803610178814 0.348219987256446 -0.00860332609394255 -0.254800868803106
-0.1035968422492 0.319777304969949 0.0791061435286694 -0.163925331674683
-0.275872747658148 0.239218608081764 0.0899475536457263 -0.0394994099609771
-0.466020371672426 -0.0498106715547737 -0.0612304681196158 -0.00948618605470094
-0.299547635626155 -0.355202951673677 -0.100564544701079 -0.174684745156789
0.0605133837176426 -0.426385072570683 0.0628796487949485 -0.428892648489849
0.279708179963247 -0.380045081327413 0.357604410190603 -0.45173338757252
0.316133493090464 -0.554407270881465 -0.0877885328835526 -0.141414599959205
0.00649030665774772 -0.583621583223874 -0.083335725769704 -0.00388683244351434
-0.379260457380247 -0.431071378299458 0.0805306994913548 0.106487746658791
-0.555244292194224 -0.0649068484816799 0.148088118701181 0.047485968784132
-0.324198914836112 0.286654779583958 0.144469917660647 -0.116968352959618
-0.110340621082544 0.36155909976165 0.0777685041656535 -0.148576243620539
0.0445124591059293 0.436561585217475 0.017182625358274 -0.162209193455437
0.109520963127559 0.425158981100963 -0.00251877598748758 -0.120515766380787
0.0640012944669928 0.438538948825926 0.0108287144873181 -0.116365221666479
-0.153191239452353 0.396137335887857 0.0633577263024502 -0.0331753777880139
-0.358373516678957 0.291160139536288 0.0318710272796831 0.050055677394853
-0.598022963730978 -0.06072325389071 -0.119781028501129 0.0387738319980299
-0.407364426863488 -0.452673542122425 -0.139133113551176 -0.145176980522816
0.0565792594052075 -0.576832255415179 0.0217078853397739 -0.357886054029164
0.358536231940094 -0.537025528956544 0.230499112006173 -0.340555986508038
0.30999751872067 -0.64613936505713 -0.216285401703118 0.0327367999583773
-0.0461199294432793 -0.668846947668014 -0.0982067476148338 0.144613651451455
-0.461489004970704 -0.462593169558442 0.10502897104112 0.141416196794822
-0.626473119832227 -0.0419757507831803 0.12983998449698 0.0566994035748091
-0.357979292145593 0.321547783126733 0.0803170278951125 -0.0678267886569018
-0.129833317514688 0.393969911083407 0.0346312537049695 -0.0227964883674494
0.0265790888254147 0.472018540642232 0.0280950011829046 -0.00780953449847779
0.0961414382148556 0.450639725022436 0.0337656552443059 0.0303513836336016
0.0464712197619264 0.456890401100192 0.0293753466315782 0.0393668578607774
-0.176802487763003 0.404805935414318 0.0370632021267764 0.106601677321667
-0.376206557060353 0.285081321503797 -0.0374593360947605 0.13956957737064
-0.618225257611279 -0.0692986373160642 -0.171380703118634 0.0815081113654125
-0.431057128839424 -0.469723444050032 -0.163665699090151 -0.10264012691519
0.0490608223664386 -0.619212863939326 -0.0126046475251221 -0.243628357151919
0.378535121878718 -0.599965450443411 0.0878472457929457 -0.18135236974138
0.257415455807998 -0.64340332723858 -0.331535643511428 0.218856248268732
-0.0926997750499141 -0.645093450517481 -0.103239462422784 0.298763857887517
-0.464548440078599 -0.41847648526909 0.117342851238956 0.169451754726632
-0.589030688906916 -0.0174945884763597 0.0918938973001381 0.0662373163536105
-0.32801880486026 0.301081143120218 0.00432904368152117 -0.000171286556234366
-0.127117887738048 0.363482749781155 -0.0124421392324662 0.113273049132904
0.00494689401049454 0.435495193489562 0.036504238166151 0.151264551456359
0.0692220216579905 0.408471213235869 0.066326891221728 0.176047119732819
0.0211799295684692 0.403691456277824 0.0437637798601905 0.186407490450485
-0.175004381821742 0.342376878495651 0.00506439980569979 0.227388540906605
-0.33206932558958 0.222159109096408 -0.103991306423526 0.205375189683239
-0.518403522507144 -0.0779214041575556 -0.202460301787922 0.1030882767228
-0.358324073481118 -0.407887819280341 -0.166651285225953 -0.0629573368466699
0.0501558298570805 -0.540839730435263 -0.0311078984987342 -0.115097716212189
0.338211303013761 -0.562920128210282 -0.0437825756409819 -0.006240589661249
0.167371628071438 -0.538741627682373 -0.418332176438992 0.379558589236026
-0.109192554155337 -0.5075118723593 -0.10757019192912 0.424226311306535
-0.368272920452816 -0.30135515482842 0.1104777852155 0.184936174469945
-0.436005254705756 0.000765399362738767 0.0455122590171616 0.0706940363041425
-0.240660129081409 0.219017729960401 -0.0680608119133501 0.0671350622469339
-0.105122669726733 0.26814909377089 -0.0582896771611197 0.231325676480892
-0.0195778232548578 0.328178540560954 0.0391493223978055 0.288575337099423
0.0293789325744911 0.304002788427043 0.0885931772521903 0.295966604463634
-0.0118613843349241 0.292290550281053 0.0512848968360326 0.302489310358511
-0.149850287726978 0.228778191921298 -0.0304129810578032 0.306246776141805
-0.236664872603616 0.120744468439382 -0.157878823547473 0.231208206379539
-0.334951030048026 -0.0801011872708423 -0.207852520229703 0.0934402626633292
-0.221629353120172 -0.281021527134199 -0.146904569045585 -0.0394193838550844
0.0448650077350202 -0.375148707729569 -0.0336640093235291 -0.000306976180458953
0.247569157107976 -0.434822967659274 -0.143728303447708 0.153079731555152
0.0530358987766675 -0.344630377273785 -0.46496617011477 0.488294953886652
-0.107377048467405 -0.284044758078141 -0.109404069081958 0.502399324989549
-0.209845262615966 -0.135067833662513 0.0956474138123797 0.188907175592322
-0.208737044836029 0.0161299981728078 0.00891746013264192 0.0645553746016631
-0.111085228168898 0.0975221576642103 -0.122163414971999 0.112267327725384
-0.0652528533692824 0.124655471183514 -0.0960880367101937 0.306709978833428
-0.0419236651984836 0.16477127572385 0.0337410325635345 0.38132630757098
-0.0152268865118135 0.152622601783694 0.0968547677983939 0.373050864962885
-0.0421311353959203 0.140934036987533 0.0511103061831342 0.371996699368723
-0.103110598711445 0.0922925033055984 -0.0630105584203644 0.335501802358133
-0.116886026400983 0.0183894570240864 -0.192233176032389 0.219219549187353
-0.128492617372457 -0.0616620492691484 -0.191045602943969 0.0641707133640518
-0.0782916522619239 -0.124483710913375 -0.116748841820317 -0.0281063943971684
0.0239991390546127 -0.175859830088036 -0.0258945016926376 0.0836272760700279
0.118869498993506 -0.254940400903666 -0.200840328869249 0.275436528667186
0.0721511634421257 0.0194061369150608 0.165962873436858 -0.427658098552791
0.0298989260938717 -0.0422554052280359 -0.0261494404140151 -0.217562556277408
-0.0475773535400371 -0.0464457110478804 0.0609892630325314 0.0258178863942761
-0.074450731643916 0.0202695164890624 0.16892663422642 -0.0316280706859308
-0.00253144866956992 0.0700126142264083 0.196337399718299 -0.196770524037935
0.0375595401592647 0.0407526587866442 0.0899561961100645 -0.358621433771312
0.064249586364096 0.0184489105445387 -0.0702370122085379 -0.408833566434804
0.0531332572179732 0.0154003151086253 -0.125431599088008 -0.389442175970453
0.0529050520465651 0.0144433615400723 -0.0724370376169952 -0.404745374428298
0.0332972409610959 0.0285597814964152 0.0474611706303832 -0.334754838700075
-0.008231335167476 0.0390043756253706 0.132242347396994 -0.173455195957896
-0.0342090502216538 -0.00542499479325627 0.0217566552739927 -0.082875964019415
0.0261116358886659 -0.0319407106117193 -0.0545892047399377 -0.181987830818458
0.0597525565210497 0.0475070122026763 0.0844686225288226 -0.448884612209882
0.0237269739217964 0.102746471580001 0.484305699553227 -0.517013671534598
0.160400118274134 -0.211871045182434 0.127686795159577 -0.373315298090541
0.0223689730674238 -0.244340729578624 -0.0328775196231504 -0.187251514991374
-0.173915605915459 -0.189678089293363 0.0710108639295387 0.0353048259052592
-0.259449399328587 -0.00349064387880449 0.168059986477861 -0.0161089734367657
-0.120040782382132 0.160331644577163 0.188121815022971 -0.189970871912319
-0.00801201371964886 0.173777991966734 0.090694583347747 -0.327272676402464
0.0878532051509743 0.191086986703539 -0.060746318190784 -0.384018903505851
0.102150778336977 0.184884545526737 -0.102203847032144 -0.346383426107819
0.0889095870019926 0.194367314072043 -0.0564894417222845 -0.362528521682116
-0.0189058524719244 0.197967936867084 0.0635944107537439 -0.285005571850916
-0.139820495839989 0.166155748314246 0.125734161351741 -0.130461120478358
-0.274267436859078 -0.00243697937952219 -0.00448926440604864 -0.0531201871437855
-0.164970260806906 -0.196075733849461 -0.072524035852393 -0.182295226406607
0.0508958045925019 -0.212320690219009 0.0574405448451549 -0.46784841680712
0.15646393941523 -0.168499494352518 0.424388741476176 -0.53909144203281
0.225267938239402 -0.420834264589118 0.0486444984134994 -0.266597307120129
-0.00441160336445174 -0.430856572426243 -0.0414413158196025 -0.113960794451366
-0.302111268278706 -0.309543633965425 0.0957830420746965 0.0507131848017866
-0.428655086227498 -0.0121124480606374 0.171077027910932 -0.00908341833201497
-0.223437982346968 0.242972271658202 0.160745209154084 -0.178683481007514
-0.0502418403521949 0.2889046024353 0.0765153293649859 -0.263504930937629
0.10041629240414 0.338060276816071 -0.0448528352154662 -0.304889847807707
0.135568507195776 0.327705181818549 -0.0648724851036158 -0.249611259823826
0.110076886964118 0.34383024872965 -0.0302940432809409 -0.262244938904321
-0.0719836201994191 0.337817204941659 0.0687841982544378 -0.183321137051948
-0.254536029623622 0.270254152180163 0.0913978077892402 -0.0557665929169864
-0.480934766674975 0.000483103972019414 -0.0500144175693465 -0.00987362668089606
-0.335957054342649 -0.336120897542308 -0.103036035619684 -0.164218585908157
0.0335128145516874 -0.444222388072196 0.0169564347616619 -0.436485993339141
0.268878724177009 -0.413312886610019 0.31759070808639 -0.481330950504436
0.250691984974004 -0.585082983280856 -0.0558030813058713 -0.113651084095854
-0.0581028665508987 -0.583045970390788 -0.046078622821526 0.00287641416550822
-0.428937351165567 -0.389940002647218 0.131745313042314 0.0735768360500857
-0.569510538448168 0.004207164460655 0.170789741904294 -0.00819210467539391
-0.297643068951264 0.316436131792324 0.112444757518235 -0.15319770372295
-0.0800240022837043 0.373599373484378 0.049836003029976 -0.164255354782534
0.101579967324854 0.438545252940534 -0.0238075523086005 -0.18144001650535
0.14861713296918 0.419482942608418 -0.0166790177425773 -0.116269638948538
0.112935450823211 0.434822600307291 0.00124185731874291 -0.119048555165752
-0.114087862218353 0.421605885027014 0.0633882220486639 -0.0476208204419986
-0.332320963634442 0.330002071617107 0.0382111670687395 0.0410937112074272
-0.616535043660211 0.00315751146665457 -0.103343831748899 0.0431396333458558
-0.45636322082615 -0.424902423929236 -0.135055472752531 -0.12662781043708
0.013913643482646 -0.601008453010365 -0.0253332699901999 -0.35263141457372
0.336908507824935 -0.586816108172122 0.18191049916969 -0.35258261160752
0.238480605977278 -0.675787136994314 -0.171531490892859 0.0713394367559973
-0.118598051225801 -0.661118569615253 -0.0442006623089087 0.152705500171339
-0.515541898357431 -0.412483820726711 0.164220170089846 0.100920897173061
-0.637724199267671 0.0356700508457188 0.153147178357945 -0.00351050926013177
-0.327509047635147 0.355592857912092 0.0481214610664702 -0.0997435576260043
-0.0959774867172112 0.410732241938617 0.0144760810249481 -0.0344106963722575
0.087600241907077 0.477643097995482 -0.000314839508157126 -0.0279201016149051
0.137567039400812 0.446835858611052 0.0332170527853201 0.0351660874252679
0.0970508439445528 0.455089498286308 0.0336374047381703 0.0408998083925421
-0.139474249739699 0.431350044807837 0.0479598129298825 0.0996447842406506
-0.353789996312508 0.325180825486524 -0.0263144748927728 0.141055670398855
-0.638489387165905 -0.00394321819577655 -0.153593928094914 0.0936248006395352
-0.483115598146711 -0.44209965802878 -0.157166873921703 -0.0780496045674957
0.00205054040885314 -0.645856064765156 -0.0550878038768775 -0.227495254609355
0.349609236537699 -0.656579057405899 0.0375770739670218 -0.176246903262718
0.184918226537878 -0.666534263532696 -0.279793405823241 0.264088212667511
-0.159191013753794 -0.634582223365039 -0.0405624671022147 0.308294953235855
-0.513367561453854 -0.366843554680122 0.176384165492006 0.128353809617064
-0.596791034584558 0.057624710351812 0.113438597623795 0.0112491664241082
-0.300344011361045 0.336602699737139 -0.0220543400065721 -0.0227874404114559
-0.0937876826314607 0.3810701225914 -0.0201842491432007 0.107233073348165
0.0628797020769923 0.444505588584349 0.0252229378854847 0.132630898012303
0.108521676254027 0.40715004398147 0.0791224120209141 0.179712812763996
0.0647321771889437 0.40592577414069 0.0617650927232298 0.191635204639412
-0.143938024792666 0.366841461626065 0.0245976239817504 0.228773149076153
-0.315122698141597 0.255851649727201 -0.0898714674857695 0.217404523930227
-0.536769581048169 -0.0245970666607202 -0.18776134803102 0.119652325032876
-0.403399864964925 -0.38234476933745 -0.160099610612528 -0.0380336192973042
0.0061216437456839 -0.567241909578653 -0.0630605657158505 -0.0930740650149515
0.307902832543927 -0.61640204573815 -0.0867785963112463 0.0141652740848194
0.108813572148512 -0.550609578550292 -0.367562288542964 0.426841524289714
-0.160073209016708 -0.493909969068725 -0.0457693072729496 0.436851987425735
-0.403746063971996 -0.262216956519158 0.160098067163614 0.152657552008421
-0.441790340981511 0.0582449951785629 0.0627438320741969 0.0309166480121878
-0.220169808248763 0.246431697174601 -0.0837523131395029 0.05711319054822
-0.0784051838542846 0.284079157205291 -0.0515825654860572 0.23252712609182
0.0250334714492239 0.339508569630344 0.0483680202801673 0.274861740448099
0.0601670806496838 0.304925825151114 0.11290317362858 0.299237161379788
0.0194291222527727 0.296009584817837 0.0795516254384235 0.311114714651487
-0.130529477502771 0.24831942515988 -0.0053465837783013 0.316413396571781
-0.229947747068219 0.142881071626279 -0.143538741395801 0.251581025351383
-0.3492211105979 -0.0462730807935547 -0.199236201066053 0.113646615188328
-0.252533558694578 -0.265941345747989 -0.144530576412797 -0.0170238852222188
0.0127505734536625 -0.394037423539757 -0.0504108167695273 0.0193451774991018
0.220559424793603 -0.476326811510177 -0.172590879676884 0.18193246674028
0.0184650659189439 -0.343083013294706 -0.423838506411189 0.531156229366809
-0.1326957784578 -0.269138364562483 -0.0572156682254099 0.516725462245025
-0.224508681012234 -0.11202018834042 0.129502294559858 0.170072055497915
-0.209358499065032 0.0458429090817159 0.0194595710972982 0.0456433319887248
-0.102611797567013 0.112314633274533 -0.124592198787554 0.116341668124403
-0.0511223410831068 0.135571929580196 -0.0776111156974787 0.315094104403703
-0.0184142216125531 0.176498170410648 0.0621943104907187 0.375636564160035
0.00123072980075533 0.156969203042059 0.129508508512942 0.373570912291981
-0.0273309867783132 0.147059090486246 0.0838886208120673 0.381909306151394
-0.0974918938171163 0.103647695688613 -0.0369670749185302 0.352997941723958
-0.118890191035791 0.0262512552266075 -0.179312054380333 0.244046199751935
-0.13649914328576 -0.050167238679248 -0.190574460484583 0.0843572821655808
-0.0910436806919933 -0.119236304820638 -0.120210594730842 -0.0127902448292707
0.00631849501133536 -0.184970026138131 -0.0279716275519921 0.0971206111531848
0.0985053688278985 -0.27969774162808 -0.211192716511053 0.308113846128336
0.0746468320095816 0.0179603028080527 0.147915482027532 -0.443577744793298
0.0306197627226851 -0.0432832401698993 -0.0391604543648494 -0.218683439994317
-0.0507433881412148 -0.0443982004290507 0.0625317758498259 0.0217864257498719
-0.0767391332355049 0.0247607108498277 0.168689270717317 -0.0425976905533745
0.00102074286744575 0.0711944128777514 0.187151760061291 -0.210485459296985
0.0399135460384739 0.0414424563459621 0.0680565171041991 -0.366910643432936
0.0648756382986311 0.01520063510369 -0.0958115629670617 -0.409337429188657
0.0548688733900308 0.0122994099462722 -0.14779038788967 -0.388092656186966
0.0532684042999412 0.0118553571550857 -0.0967204479368779 -0.404241844839017
0.0345351428771221 0.0259364314002783 0.0293699490012292 -0.339490700640562
-0.0059595595217045 0.0398736123828399 0.124672224332237 -0.183155238957966
-0.0347790016620116 -0.00429273081284243 0.0167044838293032 -0.0836818849251054
0.0263765939506808 -0.0347874928579261 -0.0677704019263057 -0.183101963669909
0.0648036000929107 0.0456541522639064 0.0625226553330021 -0.461342860276487
0.0295737860745841 0.103396431854131 0.467355628772773 -0.549627746083571
0.152586218550385 -0.22055986658063 0.113823689207294 -0.385634797347769
0.013495893072783 -0.247252758046297 -0.0427031930482334 -0.188744242105717
-0.185456445334403 -0.182927848251513 0.0737166987178534 0.0308739974807539
-0.266161574241647 0.0113474019397862 0.16879137473182 -0.0257877191653975
-0.114456209320222 0.168663962377605 0.177589643322515 -0.201886047799481
0.00115375454126076 0.178244346883983 0.0721980166024331 -0.335508722598758
0.100078453717244 0.1881490242966 -0.0834625505626749 -0.380601234963858
0.116786302611874 0.181561898978059 -0.121590047179627 -0.344972417257654
0.100968750246716 0.193196705855269 -0.0774170857362224 -0.361539978523527
-0.00901554781980544 0.202621822312063 0.0487207060354909 -0.289173516092735
-0.133443255861958 0.176439243037006 0.12046732682631 -0.137212296620735
-0.279405967154305 0.0122712098537946 -0.00847573923173773 -0.0523030064382075
-0.17682187842493 -0.191163673592497 -0.0848003530765021 -0.183531105053
0.0419918364107249 -0.218984281397502 0.0337073476303595 -0.480309511085411
0.150081513093911 -0.179008496738076 0.40599622283863 -0.568707782375884
0.208168512121441 -0.436011427866338 0.0404260146986658 -0.274309515630809
-0.0245473248315397 -0.435943123139248 -0.0461666611245643 -0.116203180998324
-0.322329945181182 -0.298029425666681 0.10006674838949 0.0459263849519454
-0.439716142274319 0.0120171668402107 0.172668211137137 -0.0190787222725578
-0.215019907014056 0.258224373809776 0.148751065390672 -0.188489855740202
-0.0348015801885663 0.298150588037887 0.0620378452575138 -0.27048649942513
0.12270969724095 0.336280505522505 -0.0625857664829284 -0.300535879053454
0.160345211782266 0.323367644816881 -0.0773852659393039 -0.249467685610602
0.130391829806082 0.343056858945136 -0.0448626279986138 -0.261089072602616
-0.0547624568597989 0.347843509461694 0.0599424412269912 -0.187956289704896
-0.24467192183273 0.288625756683994 0.0905930062448735 -0.0590372392242456
-0.491017435921514 0.0276298527499444 -0.0519596549265564 -0.00478024674078151
-0.358686686535629 -0.324866704500133 -0.114646281275118 -0.163823280236935
0.0134770018518256 -0.45328102802096 -0.00632074469058752 -0.450295082512652
0.249618845059669 -0.43383574599549 0.299428973137673 -0.505253968271821
0.226225015820167 -0.604870895179826 -0.0588494631299611 -0.114384733841787
-0.0847412853982892 -0.58719606900154 -0.0432089274825669 0.00197598824293921
-0.455264056541666 -0.372474182043219 0.139119047782354 0.066520470755466
-0.580580227882704 0.0389986524687562 0.172472020476988 -0.0184082588148212
-0.287178191384252 0.335972193563673 0.100655647753381 -0.158761529691158
-0.0616416375660723 0.386258317926545 0.0409494575781675 -0.169461731964951
0.129187362034295 0.437604216010901 -0.034443064111786 -0.175291447819173
0.178729607656694 0.416391831960421 -0.021716468973812 -0.116403561727732
0.138578435241397 0.43629141707737 -0.00425359454506493 -0.117482690649194
-0.092876622926803 0.43670764805396 0.0621629500255267 -0.0508034827811004
-0.321796406689697 0.353527439008428 0.0413011725471315 0.0431071075917475
-0.628045239420735 0.0379677289110286 -0.103513027704417 0.0532161092009268
-0.484486197398713 -0.409321226630289 -0.145712121896064 -0.123522099654413
-0.0164565972463868 -0.6135395731334 -0.0446142685853637 -0.359911353167018
0.310935602729671 -0.613809859878493 0.165912373246461 -0.366298012719749
0.208432352693069 -0.695104417735431 -0.168050896327012 0.0789100659044699
-0.153001215930594 -0.665111000025681 -0.0333049664940504 0.153906294804249
-0.545826494010907 -0.392709093329074 0.174974898485787 0.0932442578739688
-0.65016020429824 0.075990387430576 0.156265192809545 -0.0130159245577443
-0.315582642560891 0.378750620881159 0.0386543975341378 -0.101688696700406
-0.0744915517362735 0.423999497606576 0.0141358704811232 -0.0369552993023857
0.119402145279681 0.478438839542984 -0.0015263630050226 -0.0208237406338655
0.171071252480893 0.44526673613608 0.0372416391915408 0.0345347385850281
0.123770390401795 0.458287538848504 0.0376640623383273 0.0423891538492908
-0.118080537088137 0.448270419877701 0.0554881167152563 0.0995441834050616
-0.343258117478282 0.349478677154837 -0.0181440303719729 0.148216020966255
-0.651337636096659 0.0337631062185667 -0.150865426728831 0.106865248696773
-0.514548709888932 -0.423355506527287 -0.164533237900279 -0.0720691717581078
-0.0296949410791378 -0.656230069702935 -0.0680223961211233 -0.231553783953998
0.321607851943978 -0.686205489087685 0.0280374626839316 -0.179626535299942
0.154714514890002 -0.686364887670266 -0.268861219263209 0.28019624133329
-0.193281940804334 -0.636499827983491 -0.0207761460169773 0.312869364938344
-0.542179469362215 -0.347999884640757 0.190063075336864 0.121021844470115
-0.608416220788335 0.0974432971795976 0.118038785833035 0.00300535578289279
-0.288918009406712 0.357367279495124 -0.028718487977987 -0.0206385715289173
-0.0745174461548746 0.393992997118393 -0.0130537526396528 0.108841349325121
0.0928115161352291 0.44627911569978 0.0336329355543154 0.138779507183663
0.137800722887306 0.406142611273206 0.0914217986773881 0.17878382460063
0.0867906177739836 0.409138349318382 0.0746278045130158 0.192851328078198
-0.126608682024198 0.382903841458366 0.0383397215839229 0.231168452378381
-0.309351870303487 0.275850957837428 -0.0784498623895569 0.229163534278741
-0.547080532524684 0.0087154958610957 -0.183896684618859 0.135238207279015
-0.430601578576965 -0.366428179529447 -0.164820134295846 -0.0293083926191403
-0.0235229730693042 -0.575158128404697 -0.0689082108650889 -0.0945342194308918
0.277523435113206 -0.640985505355381 -0.0890486799925374 0.0192335671419908
0.0825599748755001 -0.565265723560301 -0.35126815769001 0.45038258424366
-0.189499211956958 -0.495176047765629 -0.0186999371993518 0.443995004097663
-0.425127378893513 -0.245271808649732 0.176112816858263 0.146716037005652
-0.448434570768593 0.0873439897755952 0.0676358653753064 0.0255558496284443
-0.2120068208642 0.260921817521397 -0.0856885607890663 0.0640352857800536
-0.0640879847094641 0.292747708346197 -0.037790176246282 0.237541945000628
0.0481438861516184 0.342258337836029 0.0640573536614405 0.279064980489449
0.0812329520702252 0.30574343916936 0.130089348668876 0.297936034290165
0.036053356587212 0.300116192972865 0.098709441473868 0.31130618293662
-0.118796617916813 0.259894342176619 0.013184624520492 0.320133296913761
-0.227216888115459 0.157258053147699 -0.130473434300073 0.266009764853855
-0.356938784655215 -0.025415811263591 -0.196429857166456 0.129311774061793
-0.269955617200003 -0.254554717646974 -0.148628196307706 -0.00879794653406913
-0.00778826703675747 -0.400095015155278 -0.0508091501777649 0.0199786137099008
0.196580124754499 -0.493991431647401 -0.168002821003338 0.193910684953785
-4.51145820019594E-05 -0.35087291442109 -0.406079482886426 0.558422420091046
-0.149681319913719 -0.269011415262481 -0.0280955213018163 0.527200745522673
-0.234746107916824 -0.103260588180945 0.145370715386117 0.166515233096999
-0.211607650084039 0.0605514255302025 0.0245111549273777 0.0422788798658255
-0.0984922070614543 0.118483045534614 -0.122986682558923 0.124705663672526
-0.0439281017351199 0.139738582259757 -0.058886557978421 0.322815517583554
-0.00539702420837574 0.180176763843433 0.0839546337423418 0.377625421901689
0.0122457034959954 0.159137599668407 0.152116107751857 0.372391626961256
-0.0197410910189792 0.151516266456933 0.10747142710795 0.380923757333696
-0.092466637028626 0.111870968560375 -0.0166839645620763 0.356780313440585
-0.120573332145473 0.0332655587720944 -0.167056358918855 0.260305103971402
-0.140789402577808 -0.0407369533890755 -0.188525782743763 0.0979468254485457
-0.0986294522814883 -0.113869500915914 -0.123027840577999 -0.00397189468155565
-0.00491063686373356 -0.187189199257142 -0.0234849905846048 0.0985134751565657
0.08271761974966 -0.288628368975305 -0.200764923285507 0.323969613209962
0.0761257167903717 0.0157240884316555 0.123346750862665 -0.447342779156806
0.030995361656068 -0.0436648863393834 -0.051229488365338 -0.211668602814542
-0.0520875037916095 -0.0412704571797491 0.063659495016953 0.0178902299401517
-0.0764551464985683 0.0286403183553804 0.16296439954213 -0.0523445113085237
0.00465403640148305 0.0694413799171843 0.170327051020979 -0.218900625940942
0.0424006402682403 0.0397502056006341 0.0427422666185312 -0.364483233696637
0.0634272954228417 0.0123927584134967 -0.120035881279808 -0.394712964644865
0.0550517365296406 0.00851949457754221 -0.168034051702099 -0.373909329845576
0.0532741374052208 0.00852853981003667 -0.119432549534434 -0.391736237499709
0.0346698593232618 0.0225259348236279 0.00919064212208597 -0.332565530157436
-0.00301368801533019 0.0390662515298918 0.112541975689292 -0.187140823781362
-0.0349968181109042 -0.00370768796394062 0.0105947475999756 -0.0820411369753923
0.0246833423046432 -0.0374513045133292 -0.0793585345200297 -0.176988670480949
0.0683192675776609 0.0407644911628376 0.0346130551151399 -0.458491402975145
0.0350060684728759 0.100865202116159 0.43326883144018 -0.567825186282123
0.140107500184392 -0.223651268461471 0.0931346762737402 -0.390569452908002
0.00236262368718373 -0.243620629405049 -0.0519525069736924 -0.183829428366673
-0.193327724688185 -0.169501689088372 0.0752327427542171 0.0249778870167586
-0.265112754049848 0.0291312724109485 0.164265362467965 -0.0361855424752344
-0.104348038640202 0.172355246344442 0.161185633561705 -0.207875869596353
0.0118337061089841 0.177976154706708 0.0493539085227151 -0.334138555396642
0.110261947330621 0.179000740967205 -0.104136250073393 -0.365306647644175
0.128123060488501 0.171034537595092 -0.139124504073896 -0.333087944404049
0.110957168179864 0.184100877183793 -0.0981612665852826 -0.34967194128426
0.00279314472616649 0.200178827490857 0.0316278543535849 -0.285378418591204
-0.120985763008066 0.182264978919316 0.111008811201122 -0.141632996982552
-0.276002859303007 0.0296480038951875 -0.0125143864505329 -0.0492210724342597
-0.184823725387105 -0.179834652569197 -0.0966686745017485 -0.177930992332281
0.030425433756625 -0.219060742539211 0.0051061528865583 -0.478290085444391
0.136068088202988 -0.184264150999172 0.373496072145208 -0.583852399172727
0.183453221615028 -0.440869670718936 0.0276341483539171 -0.275105400496205
-0.0460242900321192 -0.426976417374886 -0.0500541960710069 -0.114069483327864
-0.335103786949845 -0.274593341853715 0.103146465395468 0.0372497368095501
-0.437208648577953 0.0414522876937188 0.168863207769712 -0.029813512879653
-0.19944339062861 0.266683629023427 0.132709660772523 -0.191935486041229
-0.0169390628494981 0.298157014889203 0.0440056563059608 -0.269945706990101
0.142329717943845 0.322609333293494 -0.0777543056842325 -0.28591928259444
0.181088220877513 0.307957049520562 -0.0899802485287897 -0.241117938138913
0.150646370927432 0.331439087230314 -0.0596615170184143 -0.251494031973596
-0.0329015863926954 0.348209772006448 0.0490378253076822 -0.186751838470756
-0.225884580432648 0.29968952867302 0.0870433767916034 -0.0608236739364718
-0.484120164382432 0.0580468851993569 -0.0525867128908566 0.000942516110808246
-0.373518593423212 -0.29993173094803 -0.12478715074868 -0.157808674950932
-0.0106079379655864 -0.449963487969928 -0.0321199071629331 -0.445606770332976
0.220614431174588 -0.442559784409714 0.269180512345866 -0.515220051513429
0.190539472576209 -0.610557119202129 -0.0611600799630879 -0.111769368152843
-0.116353092917373 -0.573489982493286 -0.0399262897735242 0.000554610267401452
-0.47202994116955 -0.341871119244423 0.144497053598933 0.0562548329744752
-0.574802756333173 0.0773452304099887 0.170229161275626 -0.0298500342911145
-0.266336052503186 0.34803883443972 0.0860301907405712 -0.15902454708977
-0.0370878036366806 0.38716438309069 0.0301295100582027 -0.170078506917435
0.157194383469031 0.421545926169777 -0.042136531057987 -0.163265086948882
0.207882082126071 0.398677129107516 -0.0260899125269723 -0.113119654006622
0.164389624556415 0.423774531526666 -0.0102387702199571 -0.112903625084866
-0.0652746726189037 0.43758200215185 0.0591410073635653 -0.0518130730876532
-0.298063209206616 0.370756180331801 0.0456608690880165 0.0428633419712344
-0.619173956568638 0.0794635795346326 -0.0988768309043865 0.061925217253266
-0.504275701650597 -0.375989228514372 -0.152026811333922 -0.114632030285396
-0.0488583424456272 -0.605332248096597 -0.065284876932481 -0.356563118623404
0.269622637961823 -0.623271762822016 0.14526071662448 -0.369556315577296
0.167424227712872 -0.698651731768577 -0.159373006293031 0.0854007593281079
-0.188972503300591 -0.647005779793776 -0.0204702666714637 0.149120669848964
-0.562607850995863 -0.356853158588203 0.183005214476763 0.0800936424506005
-0.640790674474605 0.12025129475447 0.154754337238213 -0.0239153251284346
-0.292120512100517 0.39235171689603 0.0274744016252202 -0.0988407114621194
-0.047679254034153 0.424104456466783 0.0117683326106049 -0.0386697221346117
0.149227627330119 0.462651620648391 -0.000249503509859123 -0.0136584741732427
0.201244878324862 0.42673174833955 0.0408400657014728 0.0319857773595887
0.149979515672077 0.445726822877142 0.0417037155740818 0.042016072590683
-0.0901711003217798 0.45073498748401 0.0615852709436994 0.0958324638862777
-0.321764844886349 0.367065151703129 -0.00668528109419338 0.151772095169507
-0.643672560303558 0.0767852858399934 -0.143004186858185 0.118075689461968
-0.532297283079268 -0.387687021716314 -0.167880566220787 -0.0623330589504711
-0.0662013369325945 -0.648239308573333 -0.0820475900123131 -0.226829178031963
0.274342687986827 -0.69426061910469 0.0167849678473814 -0.177787218252262
0.113443969863041 -0.686580294129626 -0.248803764855379 0.290214126498129
-0.228931287217806 -0.618624276138204 0.00122986419839514 0.305569084761636
-0.556775586343545 -0.313408109550694 0.199546660281704 0.106917710602672
-0.597716816259237 0.136801355581519 0.117958650884689 -0.00572384119241949
-0.266853220682542 0.370623562370811 -0.0330411081830191 -0.0150008186613863
-0.0486740330358553 0.39395189393549 -0.00505010316601295 0.105705009964013
0.122713730817508 0.432644256171281 0.0441384496971657 0.140297200338922
0.165538446720491 0.390723408973446 0.101763094436283 0.17159236489825
0.112772884531811 0.398786130556384 0.0860905037703386 0.186921284160348
-0.100390422624436 0.38762765115985 0.0528048837743027 0.225059447776864
-0.290213702790807 0.291793429589002 -0.0610034553051672 0.234631697354681
-0.540067432328229 0.0452791095556068 -0.173942246763901 0.148040150079341
-0.44581742892294 -0.334750018320955 -0.165132009365942 -0.0194015424662946
-0.0551186952946729 -0.565010657408734 -0.074706271325512 -0.0923752338994178
0.235411349838119 -0.647285180011127 -0.0885590524109108 0.0257332510305136
0.0500196925254046 -0.564987853760293 -0.324142916855228 0.46376175172545
-0.216163818554697 -0.479470369610489 0.0106640289535059 0.4364667446934
-0.435584227297902 -0.220463055969595 0.187346733021248 0.133965783263328
-0.439257978053051 0.117093491306603 0.0699343415348315 0.019034209530301
-0.196095739093126 0.270598333941334 -0.0839792945227945 0.0702350372895924
-0.0454740429748127 0.29354350156308 -0.0213442837258646 0.234520257829278
0.071739713009061 0.333679777002459 0.0827512381756003 0.274881709280999
0.102987469401406 0.29620476235791 0.147337564852379 0.286082454662693
0.0547364431996707 0.293936056204329 0.116032684956232 0.300610698816824
-0.100343415405816 0.266259077960235 0.0325569147621426 0.31409723001018
-0.217442785377531 0.168991015548323 -0.110969556167538 0.27330843731633
-0.35355468317 0.000411757062350856 -0.186072983125033 0.141886005000054
-0.280656566640315 -0.233530996743391 -0.147394382738335 0.00153981376090863
-0.0312424551984398 -0.393786221623735 -0.0507167299717816 0.0202738614519156
0.16242957969879 -0.498624816098127 -0.157588176249773 0.202843447422041
-0.0209727322440868 -0.347804280840045 -0.370915165678364 0.572944510116068
-0.165158465991137 -0.258409391081118 0.00580350461026898 0.520696342246758
-0.239187515748912 -0.0893352873957708 0.158236834608245 0.154762744718987
-0.205738405079946 0.0755990323432689 0.0282429947515467 0.0376677934244437
-0.0907194573277663 0.1227201784969 -0.115749273765012 0.13117733546223
-0.0357965870547396 0.140321471691019 -0.0369287475857776 0.32004739554041
0.00796486037225763 0.17711495911198 0.106076114821429 0.368426898356235
0.0240040331487699 0.156251806507311 0.17184753679435 0.35864443054185
-0.00940179378074176 0.15101812949612 0.128576316348436 0.367849984522214
-0.0838142576649581 0.116841816246919 0.0047891582793471 0.351358264081775
-0.118087738743717 0.0406160965855364 -0.146802490842024 0.268478535101368
-0.139885286860558 -0.0292281783899417 -0.1797716244156 0.11084807004013
-0.104050311279744 -0.104588862494857 -0.121546462708351 0.00580840116396882
-0.0171849342539542 -0.18352087432619 -0.0186280625277704 0.0965999004745509
0.0623954524865487 -0.289076183320794 -0.182122996383024 0.332126726657399
0.0757448581936417 0.0141219681931828 0.103695798301015 -0.4375474362159
0.0313598751319109 -0.0440726396060797 -0.0564972831688988 -0.20084978312633
-0.0515749995943985 -0.0377691994505841 0.0638595181668787 0.0141111651191996
-0.0741991898692493 0.0315441296443993 0.154409263954933 -0.0590621935492252
0.00633593133050535 0.0669499144687375 0.154805806418774 -0.218922860350254
0.042953824021069 0.0378410746506537 0.0240899386415319 -0.352681099182919
0.0608752598216082 0.0106094909250208 -0.13151773058121 -0.374169401049054
0.0535252384711578 0.00597837992431064 -0.177912221005543 -0.354186357766425
0.0517557911730449 0.00598426324282524 -0.131428666019519 -0.372082075064781
0.0333368253332915 0.0199448295214195 -0.00321663554106702 -0.319568956724951
-0.00163718375243335 0.0373051543638292 0.10190595918351 -0.184337113415277
-0.0342065475093598 -0.00334507815640837 0.00621474487805944 -0.0781188053288419
0.0229266509639269 -0.038334835494036 -0.0854576954674555 -0.168143301970767
0.069051462508774 0.0370635493477031 0.0166092465131539 -0.445675912813549
0.0372423190240868 0.097141669193217 0.402457018863981 -0.566397260297508
0.128737347589099 -0.21940636125299 0.0782527515488132 -0.382766423956162
-0.00416978603737449 -0.234848967512772 -0.056615548643442 -0.175441496749505
-0.193293542573299 -0.1560814322382 0.0753091205406867 0.0205366407579447
-0.257168528015526 0.0404431293312089 0.156735578404477 -0.0417297953472437
-0.0957215646177893 0.170535983566989 0.145862694966357 -0.205825418723774
0.0189894343087969 0.173129079615352 0.0327070946361727 -0.323704895996543
0.113843631340436 0.16896742503603 -0.113309914405632 -0.344532375977747
0.132213064690297 0.158501770067611 -0.147813332464662 -0.315977613835298
0.115419312412603 0.173895487156263 -0.108339423686206 -0.331641770853086
0.0103657687082118 0.193745093587289 0.0204647086750173 -0.274761740927024
-0.110891530594729 0.181205829243186 0.103394390022524 -0.13961419309201
-0.266669783876775 0.0403686499123167 -0.0147716655212517 -0.04531582559789
-0.185949021568286 -0.168113834418332 -0.102589585548221 -0.169967339979957
0.0226092681875278 -0.21357142324358 -0.0122013681498977 -0.46487375569681
0.123709892982458 -0.182304967379319 0.342798698379048 -0.579520769774072
0.160703291205377 -0.431454183487724 0.0187930439539212 -0.269107330656437
-0.0575462248641379 -0.4098837904362 -0.0513035292065345 -0.110706975381589
-0.335565753753388 -0.251336352809737 0.103346595817488 0.0302436238010285
-0.422020083872984 0.06080406809924 0.1618336927781 -0.036758656681065
-0.185434740689841 0.265783336193599 0.119298853381039 -0.188162431539091
-0.00354750763511745 0.290270877908293 0.0304722361563012 -0.263360243756258
0.152048977810831 0.305266310906577 -0.0837310512614307 -0.267728475074207
0.191834398301587 0.287869603868986 -0.0950462541319302 -0.229264693853358
0.160314429348041 0.315114005712781 -0.0662540806909674 -0.237668991815736
-0.0174881912115824 0.339567469233705 0.0413035488704428 -0.179966924425377
-0.208437386082285 0.299965674292897 0.0834074887975251 -0.0603540161429233
-0.467752561011397 0.0784073535593944 -0.0508401816572605 0.00540780628432431
-0.373069937670825 -0.277478500081575 -0.12899427023256 -0.150099427540651
-0.0263913965535569 -0.435793160138186 -0.0485099971652782 -0.432482888258194
0.194173918256401 -0.434052986397568 0.245107303303522 -0.507974587708335
0.163174108586705 -0.596371716024403 -0.0607464966608584 -0.108324285860217
-0.133007745864615 -0.549565614591978 -0.0375113847161079 -0.00147105089003114
-0.470131732137342 -0.312160170368172 0.144224016411553 0.0459965076576898
-0.5550261762268 0.102489564302961 0.163877753842725 -0.036333069525355
-0.246938517689463 0.347278068818656 0.0753053907523682 -0.15308089534968
-0.0201963283813518 0.376952313910468 0.0212130245637006 -0.166375751276102
0.170448830709964 0.400767508031802 -0.0433174044087428 -0.151040734973189
0.221262994797016 0.37234777695407 -0.0287311602274911 -0.10743407423875
0.177357011780502 0.403588038215195 -0.0131040834912552 -0.106474029338118
-0.046005561765171 0.428251641222488 0.0568410577917299 -0.050491740589433
-0.275656540233392 0.370013209372663 0.0480418299703246 0.0427397536415965
-0.599330486036194 0.104802477137148 -0.0930688730963149 0.0666413487112983
-0.502646092935912 -0.345102751445532 -0.154115416973378 -0.10738585988575
-0.0693081930344391 -0.584517572248169 -0.0780976802829221 -0.345838856271095
0.235720749358121 -0.609288527618201 0.127641501463392 -0.363373606999155
0.136010651354761 -0.682514084599839 -0.148721339726747 0.0860279511148578
-0.205711694455305 -0.620239417246144 -0.0125916316036886 0.140574115655785
-0.559396827870211 -0.322710586908381 0.183201918252149 0.0669545571477515
-0.617974724140215 0.14564523134403 0.150009682183369 -0.0306062146669578
-0.271131930092541 0.391792716542027 0.0221537834943589 -0.092080080837112
-0.0293293887850494 0.41505870280654 0.0105965415416998 -0.0395677405810454
0.16712383807545 0.439315762533784 0.0033898486729893 -0.00804653127737159
0.217558510562366 0.401786811282862 0.0419593630063479 0.0299569573167107
0.165202764207357 0.42543567388217 0.0431003505801242 0.0415943747785089
-0.0675713228465554 0.442442455978555 0.0647720349948288 0.0915600275246143
-0.298837904275316 0.36882008890505 0.00271604541660575 0.150386967339245
-0.619637523433194 0.103752289552489 -0.132188694125224 0.1229643079409
-0.531668586548988 -0.3544313293233 -0.166132873896925 -0.0550926863548683
-0.088831216076915 -0.624215764128716 -0.0889852875577597 -0.219893494392633
0.235704192403788 -0.680573257511804 0.00970644623695581 -0.170706043777666
0.0849067415552887 -0.67032178552404 -0.229609425548171 0.288186463132585
-0.245758168884499 -0.59024548149463 0.0141398363899077 0.291195818517845
-0.552476874705453 -0.282381373305678 0.201348325813005 0.0924886160652155
-0.574626130364361 0.162189135058755 0.115820214621765 -0.0127833438015328
-0.246555394919049 0.369753956163847 -0.0337391070307897 -0.00956849882762248
-0.0312603681140822 0.384494277794499 -0.000236071496007557 0.100186460605472
0.139259736613505 0.410118067389859 0.0518593019895851 0.138178788336025
0.181404460927777 0.367896008613073 0.106106102722461 0.162249760782733
0.125168241667915 0.381835044151735 0.0922403559812341 0.179075423399007
-0.0812928348191864 0.380151787724267 0.0608935511611225 0.216347797033134
-0.270535996437161 0.29601760612069 -0.0475440108350053 0.232671412923604
-0.521671160144772 0.0693056859750776 -0.161396380826885 0.153285044239077
-0.443955289045311 -0.307018605313104 -0.162157109481095 -0.012180105622154
-0.0742877144594965 -0.54487336756244 -0.0781667886309126 -0.0894501583983875
0.199684845133321 -0.632314340002953 -0.0858770637099729 0.0301605149839302
0.026414459942255 -0.549374710812712 -0.296667671579589 0.459494419621375
-0.230250526262897 -0.45654628421848 0.0280840811146267 0.418436997347214
-0.43346108489109 -0.197126542704606 0.191204259994227 0.119602215733771
-0.420978899855341 0.134737015936063 0.0699754993025327 0.0132203727880763
-0.180251734742547 0.270029978204342 -0.0794497451586581 0.0738095412852907
-0.0320254816344825 0.285814227139675 -0.0100850679152196 0.225637930150151
0.0860843293570115 0.317900006805193 0.0936477138256621 0.264881904976274
0.115440450179323 0.280531455479781 0.154396084796378 0.271072699447994
0.0662767749013315 0.283160855785254 0.125425568873959 0.285645435723711
-0.0862673963450657 0.262312374629415 0.0450836744284584 0.302042045146511
-0.204784388521051 0.172857358004611 -0.0936544731332083 0.271043142028682
-0.340564601715287 0.0180106174140813 -0.173362308026604 0.148043396914431
-0.280528723539782 -0.214457602337736 -0.143592846541406 0.00785704612418714
-0.0456098127905074 -0.378701558978995 -0.0498823317935109 0.0188003474590593
0.134900115010237 -0.486406149858511 -0.147105760411156 0.204008472641016
-0.0344387934104331 -0.337257206863294 -0.342540841780745 0.568254515447716
-0.171617893497208 -0.245562261063875 0.0258064943563362 0.502612646417485
-0.236457936648159 -0.0781591229974884 0.163250799735058 0.142054518150142
-0.196152495982228 0.0838208292546516 0.0301590347608734 0.0326641861020641
-0.0840254583259839 0.12276329706133 -0.107860754238232 0.132553634953884
-0.029041061361945 0.136975244507525 -0.0213147874704739 0.309193888960727
0.0177238424012257 0.169677835148354 0.118745738969906 0.352676199276872
0.0317306469357439 0.149272101579327 0.180298388171014 0.339283400816002
-0.00198699217752536 0.14645389711752 0.139487030178554 0.349145003926267
-0.0746770331446139 0.116832978079614 0.0190218006248107 0.33765140492941
-0.113866165768621 0.0444306312720636 -0.128182902088613 0.26736326146193
-0.134558776986638 -0.0202956426758509 -0.168859919891142 0.116500099325454
-0.104768610099509 -0.0954364061567893 -0.118026039050639 0.0123172343436531
-0.0248657903269873 -0.175910359928163 -0.0157506907106417 0.0915871700079651
0.0474165098556437 -0.281253012476502 -0.165754167040369 0.329398806028504
0.0755341813234734 0.0135680006377279 0.0964249881951626 -0.428978243477817
0.0328263886806928 -0.0437632491284581 -0.0556809609903031 -0.192291474844554
-0.0501995804873725 -0.0361558551762041 0.0644030479825426 0.0112161020506199
-0.0727741911504642 0.0322845337846279 0.14844129072669 -0.0614251582524905
0.00608891248343679 0.0647736414128613 0.144971035875217 -0.215622160867655
0.0426940397692112 0.0370657135076563 0.0166631106268515 -0.341821977629489
0.0593360957795506 0.0104450236609534 -0.133349650529129 -0.359689354859392
0.0514547205402903 0.00490319373212989 -0.177015450809884 -0.341709284090678
0.049627491131112 0.00478341035678562 -0.133142667752244 -0.358193644969719
0.031528017570665 0.0181913348084414 -0.00650756128647905 -0.308918242941571
-0.000814089546943192 0.0360401776642731 0.0968994231665385 -0.180238422111739
-0.0340616718357835 -0.00439202195527185 0.00352071472624996 -0.0738994164997191
0.0223555279994284 -0.0392060775600507 -0.0870444926172257 -0.162897884345451
0.0689505894286113 0.0351595872679177 0.0098687591935173 -0.434340052748547
0.0373859476598958 0.0942810122269955 0.38822274318979 -0.55628819853391
0.1247602622959 -0.213750682618271 0.0731529105749015 -0.375199583239727
-0.00402370288697234 -0.228030751293148 -0.0551896663447578 -0.17010297369074
-0.18902083258824 -0.149101845943105 0.0753555708313069 0.0166502435713096
-0.2503339891014 0.046035343633581 0.151184999526894 -0.0442201065763312
-0.0931541572149824 0.16829564729512 0.137414977447665 -0.201462743875352
0.0217663801805836 0.168934359852372 0.0250219583239412 -0.314870256051985
0.113412715463445 0.162456056964236 -0.113304290363421 -0.330514309226582
0.132468684892295 0.150645391890127 -0.146802340104844 -0.304406596527597
0.115589732893735 0.167039738348977 -0.108618141245346 -0.318081720461095
0.0120878656737551 0.188780374139686 0.017545635522954 -0.265199155249152
-0.105527161821398 0.177876863464849 0.0995010443599288 -0.13660726700489
-0.259616995405968 0.0435686864686532 -0.0154216133175211 -0.0421583548991387
-0.183203306763496 -0.162515039554757 -0.104118763196188 -0.165752323962521
0.0206415721005389 -0.207838336562613 -0.0184645029792981 -0.451670577329126
0.11705311986032 -0.177342521346112 0.329468189534133 -0.568025588609784
0.152632442144881 -0.420628060705161 0.0176740129764912 -0.264654719461302
-0.058568297029904 -0.396505785891235 -0.0502528619541602 -0.108811748542816
-0.330261399279182 -0.239468104932971 0.103427840083417 0.0246909498088805
-0.410102600769678 0.070044495436038 0.156946219652728 -0.039117393123775
-0.178783123839099 0.262594934875199 0.112334498497487 -0.182011958981859
0.00150783863523261 0.28366842390324 0.0244702555854286 -0.256395283643465
0.153356700763976 0.292715648687905 -0.0815659280471293 -0.255324356926991
0.193559139683208 0.274979778312914 -0.0942303740357904 -0.220903368629834
0.161610603133243 0.304057117398395 -0.0661322704002121 -0.227176610307998
-0.0126201564168377 0.331012636315611 0.0392425668532319 -0.174248863884147
-0.198626934369079 0.296617177780668 0.0824622309673855 -0.0582688296315678
-0.455042084923507 0.0853635708329542 -0.0489292389401463 0.00797677075931253
-0.367523100761672 -0.266002311468787 -0.130354891333549 -0.14552456354161
-0.0306806453692874 -0.423899789671322 -0.0523174550535337 -0.423103325965485
0.182277842415769 -0.423706550656871 0.234529265522314 -0.496044973523545
0.152129220010817 -0.580745345755564 -0.057592803440862 -0.1074195669242
-0.1346494438615 -0.5309182191406 -0.0347762573429988 -0.00479716954781965
-0.464359674067714 -0.295719312042943 0.144110199511352 0.0386709626502051
-0.53998251422582 0.113556133707034 0.15992971671719 -0.0396511652509536
-0.23726605681697 0.34355964669742 0.0713555674949436 -0.147071857453432
-0.0120626629386431 0.36874640431788 0.0172519901118738 -0.163334094212749
0.175066248318694 0.384742789473592 -0.039467194391448 -0.141961102506826
0.224253185757547 0.356401965667572 -0.0270097471386523 -0.103883671515917
0.181177848903948 0.390560152675883 -0.0119096042691326 -0.100481376221578
-0.0363549586619246 0.418894129973148 0.056746460898563 -0.0483623234929203
-0.265711090982983 0.366726645753583 0.0506543546609671 0.0434012845420272
-0.58236327565911 0.115526986154241 -0.0879296448558017 0.0687212162406593
-0.494427507294979 -0.329761467437397 -0.153747283827291 -0.10471105663782
-0.0745505663636494 -0.568695654062822 -0.0819491155188772 -0.337609319617254
0.219194933212138 -0.595082560654676 0.121794125823129 -0.354252802425011
0.124569532715354 -0.665142922769515 -0.141786013985157 0.0832850652440273
-0.208480024154455 -0.599605709822727 -0.00926916788551342 0.132766583689647
-0.550501113566188 -0.306815298159883 0.182372255652794 0.059260547348905
-0.600411710214546 0.157343666590909 0.147551669943946 -0.0343963556421211
-0.260794932429551 0.386305332110998 0.0205411282428816 -0.0868025804090438
-0.0203461110596714 0.405700583649958 0.0087878403915763 -0.0406293078451054
0.171789096226643 0.421616609484662 0.00820289684847092 -0.00397930510364422
0.221902766842228 0.385509480240424 0.042710820284614 0.0288880449832521
0.169495835042583 0.411971333137239 0.0447920098354255 0.041571757351977
-0.0584798792704256 0.43146857540181 0.065356148025764 0.0896490100581618
-0.287671098093067 0.364880248998658 0.00796665721880522 0.148833865819586
-0.601688472075918 0.113319512227014 -0.12652932991676 0.124925800065441
-0.521554835297084 -0.337313167990868 -0.165441138780924 -0.0521611390350917
-0.0921221554550308 -0.606257014016443 -0.0919153314572784 -0.215633658321651
0.219304215662219 -0.661924917602199 0.00782809391977328 -0.164708042550318
0.073854931322193 -0.653154480874604 -0.218982210901527 0.281905063098806
-0.247075846869529 -0.571314270118257 0.0185864707377048 0.278556112247771
-0.544639054342103 -0.267006957549574 0.201631851553291 0.0836659280356983
-0.558470260372503 0.17126023188927 0.114836969857171 -0.0158802125854595
-0.2362183220612 0.364392349170906 -0.0324735953040374 -0.00574960736969886
-0.0241154450233049 0.375621221583191 0.00153485695837843 0.0946683977844655
0.144172549522587 0.393575183006134 0.0569158276524316 0.136482470275073
0.186323408628849 0.352811575353925 0.10700800120469 0.156467425290762
0.131013558973239 0.369881934239433 0.0936509961264215 0.173245117489969
-0.0729984934463951 0.372065791512309 0.063630344725871 0.21031989805169
-0.262623373687292 0.293117281697786 -0.0387018419070687 0.229369837969006
-0.504664105319141 0.0782352965510778 -0.153601526972247 0.154830201415671
-0.435971657970398 -0.291313268971077 -0.160233957931978 -0.0101999113406464
-0.079849402132316 -0.528242367775955 -0.0794294723429058 -0.0881488236452503
0.184129859403998 -0.615454129225552 -0.0842982076702502 0.0322396642824972
0.0167753971815803 -0.533604615979543 -0.284316248316752 0.450344549953445
-0.231959323986912 -0.443437477503397 0.0337931743751694 0.403165519613453
-0.427150743421037 -0.186914885624572 0.191406385415198 0.110872672515558
-0.408561433701696 0.141411354978047 0.0702408422586638 0.010013603692213
-0.174194005334111 0.267067897219386 -0.0753915916868783 0.0745767220720259
-0.0267318148107629 0.279181805330222 -0.00614202145191766 0.21663238905104
0.091584145086491 0.3040015341873 0.0979331523940266 0.258219000553624
0.119908238669033 0.268735538800576 0.154621667387826 0.26153004686723
0.070140258184604 0.27387752084778 0.127096212751628 0.276037761887711
-0.0786760001478366 0.256500167434933 0.0481734265940087 0.293015059733993
-0.198359546830618 0.172517095647374 -0.0834102898784505 0.267701414341891
-0.329485214168452 0.0252314093986096 -0.165105144885433 0.149440184601131
-0.27531025647303 -0.202578456789907 -0.140706092114444 0.0101431601078789
-0.0494689980698677 -0.365824422601065 -0.050828760492606 0.0164558782145912
0.12343029091775 -0.472710770370234 -0.142558740418331 0.202479450497739
-0.0400457525953624 -0.328029699141428 -0.327192224908559 0.557193370153525
-0.172531334378348 -0.236646799405217 0.0321968883114539 0.487173983757766
-0.233996614599289 -0.07396756095526 0.163830532103623 0.134185681516066
-0.189859179673372 0.0863768748459563 0.0316927765524697 0.0292117155547161
-0.0805610912475157 0.120475734928177 -0.103211862112288 0.130894215730666
-0.0264604867047224 0.133080502184033 -0.0153193900198624 0.299035086500192
0.0212928434970159 0.162615135833714 0.122383866550661 0.341727615761343
0.0351916065009321 0.143602217085792 0.180997111624255 0.328256242274165
0.00150040227527973 0.142752789370855 0.140229786274277 0.334802246233026
-0.0704727462715563 0.114635754162091 0.024016317328806 0.327876383189012
-0.111220839841435 0.0457406418479708 -0.117512627486885 0.263479516974619
-0.129060810235673 -0.0158607901606307 -0.16069576728661 0.118184719672214
-0.102309536091659 -0.0895569887480004 -0.115253237028086 0.0154387435580838
-0.027762501652272 -0.169158550476795 -0.0161314889092367 0.0875299003204393
0.0399191364912105 -0.272423434166547 -0.159683618721905 0.324664432917974
0.0763992857393996 -0.00184191848694353 0.0177594520008489 -0.450432730433174
0.0232975072270326 -0.0494576957788261 -0.0864527528431979 -0.183278690374473
-0.0527395718878961 -0.025604515085043 0.068458208912156 -0.00878155005946954
-0.0618572806102957 0.044469410851594 0.129935356105135 -0.0946237134398117
0.0155023331167969 0.057535760960616 0.0976853253514069 -0.239140707684825
0.0440977682477362 0.0275902315064772 -0.0486313878523004 -0.33679880113348
0.0561744810716812 -0.00237264083094869 -0.19350621972184 -0.322996855231384
0.0485815569978224 -0.00476310999076371 -0.237830615567823 -0.301334502990486
0.0463288083132225 -0.00680392792016758 -0.201012167958989 -0.329368038905873
0.0337035354506868 0.00893889700793132 -0.0672675289836466 -0.307557194760587
0.00700568278412575 0.0316565951557631 0.0601805519872177 -0.198815558429268
-0.0330286157970928 1.85071095026956E-05 -0.0116744896663892 -0.0734120552947383
0.0150883546721591 -0.044875122778725 -0.121401571055926 -0.14344488185123
0.0807950015511961 0.0157918765782709 -0.0844426117563046 -0.437548897941845
0.0633854584092812 0.0816926034892362 0.280761128819754 -0.636613282235387
0.0809171043915965 -0.22397540416393 0.0171391748438191 -0.399360325601818
-0.0469674566029166 -0.216421888033786 -0.0765532487030462 -0.168577248505051
-0.20651602884776 -0.103603986226282 0.0797789059662173 -0.0204575262348115
-0.225995843667117 0.0952929417932991 0.129098889887282 -0.0918080590486128
-0.0593640952949817 0.175929260852649 0.0835578377002722 -0.222362715044331
0.0479885269482863 0.158496370100419 -0.0424877299728832 -0.308598792765047
0.138657803520602 0.129327392553071 -0.178062683503478 -0.289740054416736
0.152527840648983 0.119769485614476 -0.199579086058665 -0.27010256324448
0.140069904680433 0.136447196455555 -0.168983330524121 -0.297402714352948
0.0460324475689516 0.177110562926108 -0.0371807420438887 -0.272000826746634
-0.0678205366239045 0.185376314350664 0.0703398359713528 -0.157740154068546
-0.240703715510839 0.0888211400409158 -0.0229017916748346 -0.0430970747376984
-0.20353165373147 -0.123405133040635 -0.131975983977954 -0.151940875760884
-0.0140496252492978 -0.210930427811062 -0.107704818552011 -0.440702320512794
0.0886753133241508 -0.199005541242775 0.227525231248342 -0.620226579813378
0.071337261980567 -0.421786982912192 -0.00649875554351808 -0.285898093970948
-0.131372727985068 -0.365629615018461 -0.056072265248123 -0.116634134684998
-0.356207977341046 -0.161250075407775 0.108001960627678 -0.03154819353449
-0.371533933436632 0.151182677759072 0.129795477886707 -0.0990661101543953
-0.123166504140131 0.283432327178404 0.0546025098418124 -0.197244992179313
0.0507404530833352 0.272854844031443 -0.0381070732785425 -0.247921826623824
0.203741100659705 0.244257135881337 -0.141129712255084 -0.216181871714542
0.234176522781624 0.227372619296288 -0.133216267104491 -0.19749011682503
0.209039338707721 0.259138016282864 -0.109345411473946 -0.216752378554271
0.0484754123610016 0.319838428124553 0.00115043547083009 -0.187781219442426
-0.136103144280033 0.314603582944811 0.0683820605706466 -0.0780774265725966
-0.420281048650449 0.166053035042239 -0.0447206925461439 0.00914216258239312
-0.398218512850791 -0.187419378042313 -0.147913315559808 -0.134462755080505
-0.107406299040924 -0.409947656423628 -0.127452660558822 -0.396136388146521
0.102641451270318 -0.451513735468579 0.147896110782316 -0.516550702053126
0.0408922877206042 -0.572056526808412 -0.0459813263167947 -0.11948366576664
-0.228557727637686 -0.478409643062909 -0.0187876827288998 -0.0229571518172635
-0.494567996612378 -0.18873756150355 0.149002932742712 -0.0379342674383475
-0.484919105899085 0.219776409156268 0.125860845517511 -0.10876832281281
-0.164774559499124 0.375135181692124 0.0143005154158264 -0.153960888641708
0.0536034129891885 0.356996563770801 -0.0321983043183612 -0.153107044674258
0.242519753832174 0.326737074637935 -0.0854330180602827 -0.108870595137489
0.278129096304517 0.300030400690671 -0.04680984238177 -0.0950254283502188
0.244184733391887 0.338293260675485 -0.0307416614918745 -0.102081007545414
0.0403493338141731 0.409759508369778 0.0427841238414375 -0.0678001431366202
-0.186484334328363 0.393931457592431 0.0566034915285224 0.0289967817389002
-0.537088437920704 0.217494861508427 -0.0703949139353505 0.0749754125574002
-0.531441526076314 -0.223469363337417 -0.159141521128348 -0.091909290543445
-0.179002306626298 -0.540872228865129 -0.133759953700989 -0.300643593674096
0.102081408030238 -0.625973883186899 0.0642156528495905 -0.340175721953414
-0.00183072439684917 -0.648766106269243 -0.0916775135059787 0.0855694606985585
-0.311431974820626 -0.528632825184876 0.033007023525767 0.10505903778197
-0.580683279962989 -0.182103685956047 0.188377169744608 -0.0312121019656841
-0.532671248565417 0.27528849072505 0.110135302570274 -0.105319767606721
-0.177262024021768 0.421047725394518 -0.0276951099275197 -0.0838310703905545
0.0543903228419885 0.393416664164269 -0.0201689943418428 -0.0300851398942086
0.250151357832321 0.361744600800414 -0.0163274126552626 0.0176072572962518
0.282618130218737 0.327588291453165 0.0470132476225482 0.0224432531789473
0.237439689339317 0.362586573043772 0.0527493640256226 0.0278343648982117
0.0228345584856644 0.428919898442241 0.0795771953125606 0.0678360449389655
-0.209296026537666 0.398883493450922 0.0363446800764066 0.142846167960505
-0.557562045475653 0.22260771706841 -0.0956474293575999 0.138857956435189
-0.558785350069653 -0.226001920387368 -0.158878245047531 -0.0373771244272723
-0.20575746989068 -0.571378762174215 -0.116654437929429 -0.174234375716729
0.0871255541884733 -0.689536151019162 -0.0126474168113849 -0.125948504702586
-0.0475270723490034 -0.627093605558391 -0.135535419561469 0.301252202106656
-0.344049798218502 -0.494752307245971 0.0867835578115309 0.24703047615978
-0.568944440712481 -0.146269500216728 0.209570424957113 -0.00775633831113673
-0.490272148301418 0.28045889824754 0.0815723188628425 -0.0780978594565817
-0.156969972719799 0.39579537162014 -0.0618675942641369 0.00735352103757547
0.0473088235848106 0.365993993696509 -0.000459241115255668 0.103923486466699
0.218894557919343 0.341603881838909 0.0578817274532156 0.14405017275519
0.243792262535982 0.303992811670988 0.134341932650012 0.135747006385061
0.193491044263454 0.330152376978244 0.126600929397228 0.149846599474366
-0.00229324390474719 0.373298927415132 0.102178777464218 0.190666571933986
-0.199666777436504 0.327242493372484 0.006818667532068 0.233723180756351
-0.471254332389245 0.170635037988322 -0.116404700401064 0.1765920097528
-0.468309186796025 -0.196634504152355 -0.146996884664701 0.00719760035626325
-0.179936308535375 -0.498208912504434 -0.0817676928233939 -0.0519917439457423
0.0593855198363888 -0.633051190902672 -0.0677000873376498 0.0863171587445965
-0.0810947720477056 -0.505112756820032 -0.176736796436436 0.487018276851608
-0.303831954149085 -0.375467648479405 0.120882401178247 0.375777872022285
-0.441522506416481 -0.0930781555952226 0.205355536023082 0.033600814488531
-0.356036883289583 0.2222951189677 0.0499133088529547 -0.033538723069207
-0.114821365069467 0.291565476226305 -0.0822772916551563 0.0938536397459248
0.0283250757678519 0.273524343162219 0.0200587235824533 0.222308378694245
0.151831891640357 0.2684863215925 0.124613309601675 0.249744259546087
0.165519650596849 0.235876918000116 0.200259964335476 0.229709207093744
0.119033393020918 0.250577867816476 0.179507834080041 0.246773549627769
-0.0286946853903893 0.264240960915485 0.104824278929997 0.278091028628956
-0.159999512701169 0.201908098062542 -0.0285812628545282 0.280747537502415
-0.311145373248009 0.0865318506919743 -0.129523246024038 0.177514756331127
-0.299609260318989 -0.141239371342635 -0.128484097801112 0.0313601621984059
-0.121021605261854 -0.344049111046934 -0.0372154464677018 0.0408164689185204
0.0230867637502042 -0.47993537367256 -0.0958297068736221 0.259356489694701
-0.0979827591566206 -0.299438056768475 -0.212947558194724 0.612977870553358
-0.207541989210733 -0.192126266941017 0.129865574508216 0.470312250910594
-0.236714399124364 -0.025012897036084 0.184531702640074 0.0815203817963841
-0.160511799441823 0.122962389650295 0.0255221067993083 0.0083073889227096
-0.0534918185168007 0.133065653455096 -0.0875027958574083 0.15178863306364
0.00238873900882901 0.132930080539327 0.032997275593292 0.301064866950763
0.0572436231468216 0.149225426678093 0.170971351848654 0.317729629759728
0.062274962876009 0.131134541047466 0.237932616617185 0.287211521195067
0.0300115273043867 0.137674365622815 0.204194421474461 0.30312762258574
-0.0468118317125608 0.126240141450409 0.0890982006270076 0.31976319920718
-0.0992185397677509 0.0662881423094007 -0.0619276576094338 0.28544382772728
-0.127055569120238 0.00898237019400771 -0.133075821436738 0.150572498091047
-0.114347476566591 -0.0653693568786526 -0.107234616289954 0.0377009800227271
-0.0621123418189896 -0.155876549627645 0.00547310320489861 0.0956131387475934
-0.0194673908978661 -0.268963790736775 -0.0927961332744122 0.3724174624879
0.0796703036126536 -0.00366517043865336 0.0121581674636033 -0.458469368485663
0.0246907884348199 -0.0526623524029314 -0.0875626517989689 -0.184492732675579
-0.0529889607269172 -0.0264604311308768 0.0697102552569048 -0.012998235104638
-0.0630330961223271 0.0461117286983662 0.128546633335889 -0.0996475059216762
0.0154745143650244 0.0586832963443048 0.0935614326985571 -0.244982839647812
0.0460838666155625 0.0283873316153119 -0.0568424101771172 -0.339967663641033
0.0575415123691565 -0.00179553901221235 -0.202111480046287 -0.323742355672964
0.049055722994103 -0.00580828007815142 -0.245523370572517 -0.303274384050041
0.0464303562712675 -0.0077299215257188 -0.208418391416507 -0.330613411476128
0.033197148118138 0.00840133115397916 -0.0717812383237934 -0.310276254565572
0.00730951588110407 0.0315005306811957 0.0583356204326791 -0.202827449741885
-0.0348243113485034 -0.00026170332158444 -0.0140866197102989 -0.0720328535818888
0.0142411213629362 -0.0476181038514454 -0.127772603990418 -0.143766206722303
0.084090997815598 0.0143292302920589 -0.0918753334887256 -0.443154455904396
0.0656685636344644 0.0834904104368317 0.280045548321577 -0.654094341006916
0.0813843104935253 -0.228385302735672 0.0123662209235926 -0.408453303142105
-0.0482456338466575 -0.219866192774708 -0.0779491606897655 -0.171384465892087
-0.210109952091227 -0.102624002722986 0.0818091858728806 -0.0261748563341794
-0.22806163832242 0.101441649384444 0.128413586157191 -0.0971159147969573
-0.0587807750886363 0.182120022619162 0.0800622624294165 -0.227672202788053
0.0528953212190933 0.161019344663771 -0.0499383911744478 -0.311229752941545
0.143372221143451 0.128916531956004 -0.182993115734192 -0.290719655286901
0.157679878251065 0.117886912130518 -0.206156941943467 -0.271727377139606
0.145052561764522 0.135691701086165 -0.175336504902883 -0.298083285041176
0.0496838521089153 0.180323418606455 -0.0389673934212697 -0.275036615647725
-0.0664290290406218 0.189849116867076 0.0701086494468808 -0.161062395946243
-0.243910284304959 0.0950981376525991 -0.024552305091676 -0.0422307060528334
-0.209821141769416 -0.124731819652342 -0.140179878139807 -0.152735817859303
-0.0156166792484122 -0.214752553895875 -0.116002884080937 -0.44824645236538
0.086309914961579 -0.201631800948319 0.224108669219019 -0.637092223444227
0.0674638986366181 -0.427603259751047 -0.00887138834301903 -0.294013295380418
-0.136351709017896 -0.368621186086621 -0.0575620474756972 -0.119660936241434
-0.364419268671387 -0.157248041911228 0.109899868578259 -0.0390776936056386
-0.375463058344744 0.162162512981567 0.129223590716902 -0.105227547529476
-0.121966421540649 0.293510115888415 0.0520173542169768 -0.201905816321081
0.057048864105814 0.277502752594424 -0.0454011792697081 -0.25090797968351
0.211423379087868 0.243461077442264 -0.142800694082305 -0.216934908059233
0.242917308959381 0.224435917146224 -0.136807939777475 -0.199127147197202
0.219019777293503 0.258599677411039 -0.112337947950052 -0.217233121803702
0.0546216222101393 0.326046535445797 0.00164333976735702 -0.190116218607279
-0.13415018136109 0.32348077835477 0.0706451151871331 -0.0800529092783941
-0.424617054728504 0.177746165854423 -0.0451891617306951 0.010823012180157
-0.409125868051985 -0.186052501965222 -0.156399466537252 -0.135033703551731
-0.112183112080601 -0.41620227310009 -0.137134110324196 -0.404788790241102
0.0978537619551942 -0.45767905977203 0.146570731097088 -0.529375442957375
0.0346722389896151 -0.581048737552859 -0.0468480036707535 -0.124626330088719
-0.236743733351749 -0.481993742389587 -0.0192134184425494 -0.026470359480115
-0.506532983656287 -0.182912315116315 0.151526398437908 -0.0465700905288648
-0.488524536879498 0.235316919571776 0.125914703128539 -0.116263326849106
-0.162269721506691 0.386576634900748 0.0125665095777076 -0.157092077705793
0.0617750598963158 0.362563071418798 -0.038409431189031 -0.15542107629732
0.251042839272498 0.325310646511816 -0.0832252938746022 -0.108663493187617
0.291127810819845 0.296215793534664 -0.0462310512885564 -0.0964668354823856
0.256083765901931 0.33903582693619 -0.0300866953573084 -0.10210951861748
0.0490156571110625 0.418618563508141 0.0454585558403691 -0.0682198029061857
-0.185421801635228 0.406855287729326 0.0618226405285243 0.0290778235654662
-0.541731962933197 0.233305814651799 -0.0698903905505582 0.077943653417499
-0.545952822188562 -0.220584202268413 -0.166621360984426 -0.091298599750484
-0.18815485895136 -0.548204797239816 -0.142706017038284 -0.306116976604439
0.0949353596806178 -0.634189705220346 0.0619983989754334 -0.348871913461375
-0.0112010920808913 -0.655870671049018 -0.0901659422456055 0.0844055451304307
-0.32501526917019 -0.531514685417372 0.0350357711007251 0.103433369263037
-0.595350292302957 -0.172938206142914 0.19276409596569 -0.0414655498287197
-0.536840235967006 0.293926163299873 0.110820010859918 -0.113440284020122
-0.174387676781135 0.434859082996497 -0.0283664472984921 -0.0852835490396726
0.0618704048964692 0.400043950885471 -0.0233952602506618 -0.0318027630725955
0.25888925588679 0.361011873751556 -0.0104612384824963 0.0183445406857479
0.295893198054188 0.322897310026051 0.0503982408027389 0.021826417150292
0.249485986709422 0.363156182842091 0.0567346889128377 0.0287402831238428
0.0306387869155594 0.437397446923746 0.0849107859255204 0.0690775624111466
-0.208272795342433 0.411717269691543 0.0432926445120274 0.145741796978312
-0.560801921579104 0.239786814660619 -0.0934490654653636 0.143207842296734
-0.573270183383178 -0.221165978949845 -0.165185965787516 -0.0355036138743616
-0.216291565559176 -0.579187429468943 -0.125103171119441 -0.178393019547113
0.0777174234113258 -0.697565277130938 -0.01350767008673 -0.12626661836162
-0.0581635273428636 -0.635678926947087 -0.132315320338053 0.30500677956735
-0.357047788005776 -0.495989571855809 0.0907853167980137 0.247130721239607
-0.583885429961861 -0.136974088093251 0.215057563601893 -0.0172970299004854
-0.493876819277573 0.298915535796862 0.0828962636466495 -0.085457083756033
-0.154510204180733 0.410090013697005 -0.061966029589847 0.00673912397526504
0.0540164315021247 0.371586595455594 -0.000896969567352621 0.103692495491289
0.228730876020715 0.340739296635706 0.066972171240331 0.145504975283867
0.255630499057776 0.300541115607406 0.140876551348372 0.135461520124628
0.204337708569923 0.331323013271384 0.133270207659378 0.150992289014565
0.00474217715501062 0.381407774620984 0.108870831680528 0.192730635867979
-0.197264357567008 0.337923722136819 0.0158011893085494 0.238177592240725
-0.473280508532326 0.184992599765314 -0.112977116837681 0.182863375921547
-0.480530352579614 -0.192448087894735 -0.151587691364741 0.0112534836021292
-0.189523039227793 -0.501961466891041 -0.0874812498552521 -0.0541240555656103
0.0494245066592239 -0.642577279734766 -0.0682165409613374 0.0920446550974128
-0.090056850045591 -0.512136435136001 -0.173586069257983 0.496747070347094
-0.316476475319781 -0.376444440381184 0.127730121827206 0.378818885930342
-0.454853268667576 -0.085759150668682 0.211576703171497 0.0262650361042988
-0.357701998065727 0.235210614678071 0.0516746237790231 -0.0397003886345674
-0.11229885956714 0.301355157031134 -0.0813009757931985 0.0955093489722844
0.0330573921905884 0.277786881485873 0.0219590516963217 0.22369443176933
0.159141483629207 0.267754644770583 0.134958138546554 0.251387497303488
0.174130470815037 0.233511654263022 0.209257598850213 0.23035844768674
0.126905430499178 0.250882303217728 0.186826354193546 0.24747752649565
-0.0243696153013206 0.269805985249976 0.113419950412411 0.281587148857058
-0.160108079601303 0.209356177036783 -0.0197325964537187 0.287509882493738
-0.312863820576361 0.095328186328246 -0.126814139813899 0.18466430474457
-0.306330935380358 -0.138224357003263 -0.131114215870152 0.0357508648786986
-0.127905810118978 -0.346104055984295 -0.0412331427130442 0.0404284386565677
0.0163254611856251 -0.485681382843943 -0.0952577512470274 0.268378070932112
-0.104494198680221 -0.301885321907215 -0.209722859041737 0.625793036729022
-0.215679609345029 -0.191697291003585 0.138810601883733 0.475258944963263
-0.244624821472068 -0.0209490147639233 0.19122334329097 0.0768047737454791
-0.160857945789107 0.12980341224624 0.0277436938090734 0.00425673325200826
-0.0524478791469402 0.137902488344388 -0.0864706570038222 0.154996348138951
0.00366983874865032 0.134797633753812 0.0376598371960988 0.304240824299418
0.0607947675485833 0.149199314053469 0.181094267916793 0.319899889685003
0.0664233187598826 0.130190973279688 0.24719462013716 0.29037932664536
0.0335430977228163 0.139245535066624 0.211994954405688 0.304130215768432
-0.0448520738301322 0.128511955842245 0.0964370019739722 0.323746774948331
-0.0995550181500807 0.0701713429213047 -0.0539599177426848 0.291194738023908
-0.125801539022545 0.0125808499727048 -0.130343316477911 0.156835319611275
-0.117043563514531 -0.0625948825412133 -0.108853978361508 0.0427678026598263
-0.0661984623519115 -0.155319351153483 0.0032273151828648 0.0964272754950806
-0.0254326042441607 -0.271996454588994 -0.0905922294172693 0.38366897663118
0.0822955153611275 -0.00850281384252919 -0.00770771887518921 -0.469493615710788
0.0242702195102848 -0.0566412776029757 -0.0949056683676099 -0.185173039050711
-0.0544976948349895 -0.0269971677372439 0.0707878602709938 -0.0201275333184013
-0.0632091645558819 0.0499959337333041 0.123286867204067 -0.108648834864762
0.017597886713025 0.0599908658126577 0.0812628383915622 -0.254464777440651
0.049397218947264 0.026930364240867 -0.0758649246150154 -0.34207740403396
0.0599207910820162 -0.00392721064035344 -0.221305360050833 -0.319555427188951
0.0495241631025664 -0.0074749789710998 -0.26427317750909 -0.298477081551613
0.0468104925720349 -0.00970437417710417 -0.22724354546616 -0.326844175386807
0.0332574665911632 0.00681596911207694 -0.0853488666555987 -0.311897884745447
0.00862757678345718 0.0315131171062104 0.0503200654701642 -0.208555136184546
-0.0369613531737955 0.000461884785319449 -0.0184172371472293 -0.0700391958913058
0.0124201620079036 -0.0516040913785165 -0.140241739568489 -0.139916919722159
0.087979546049821 0.00999357420255724 -0.114756593363335 -0.449483482324719
0.0710383601244174 0.0843021315346573 0.259990246560886 -0.683904540937266
0.0740134031549455 -0.236092434132228 -0.00270478980137524 -0.41909661154307
-0.0569197432761049 -0.22252062261954 -0.0853767648764135 -0.17274928800245
-0.217627695163692 -0.0954041158904333 0.0817907631545557 -0.0347023268673826
-0.228035053930608 0.115605415565476 0.123459791181404 -0.106783740024828
-0.0523071751324347 0.190173228826185 0.0688329249550054 -0.235479632577607
0.0621506677982405 0.162711253845813 -0.0684766517476836 -0.312772616012328
0.152598206898436 0.124590238550292 -0.198383845897202 -0.287073893817864
0.167389283362568 0.111939686827265 -0.222053697949567 -0.269240379897525
0.155010843577823 0.130951777975834 -0.19043061259257 -0.294976311019278
0.0586262500968492 0.182115637798176 -0.0499825770531746 -0.278430945070295
-0.0591051502948719 0.198003731587652 0.0650224428346697 -0.167279086750575
-0.245029029595349 0.109688541786385 -0.0277725351009045 -0.0402812787078539
-0.220097082563005 -0.118610498683759 -0.154246090883414 -0.149216361193124
-0.0245507153039435 -0.219170226701575 -0.139915434663237 -0.455489130184356
0.0795984247338538 -0.20687503305463 0.202383126803102 -0.663427872987737
0.0509572881970691 -0.4392090188136 -0.0196569828744049 -0.302908886761336
-0.152056006668436 -0.368249433949619 -0.0628301014192127 -0.122528080042024
-0.376631298608911 -0.142803349010132 0.109753267314242 -0.0511065831342403
-0.373351195612745 0.186702111365738 0.124417949100175 -0.11682476611015
-0.111583402688887 0.307657417430634 0.04223166220521 -0.208564572130103
0.0717485474083111 0.281448914972559 -0.060655977241478 -0.251808827126848
0.226731161640559 0.237123305455385 -0.151632164882704 -0.214065712728531
0.259404187429616 0.214591367885784 -0.146129393996872 -0.197956665593587
0.236856844933126 0.252542276728625 -0.121708292872894 -0.215299206155644
0.0717345126669276 0.331638808921355 -0.0037216165825261 -0.193505274894269
-0.122417167024792 0.338703660824528 0.0710077114488081 -0.0851149776014528
-0.425073118664635 0.204346176074526 -0.0465027178285538 0.0144394182582541
-0.428262151044038 -0.172042415327388 -0.169914575100199 -0.130093540386953
-0.132566086848169 -0.420010882915662 -0.159376945305594 -0.409119705569079
0.0790128648261357 -0.467128312048267 0.129376088931747 -0.549262262171887
0.00888498692029952 -0.593016981861858 -0.0507394222692335 -0.129189315624896
-0.261759033053826 -0.477431238769811 -0.0209946317974806 -0.0294043648120436
-0.523692799015572 -0.15813637321045 0.151618146803403 -0.0614910652122305
-0.485506626752693 0.267857479638268 0.120707758084872 -0.129072984947579
-0.147815276825346 0.405614260719584 0.00460945793432366 -0.161707563233302
0.0803647208711033 0.368449486469726 -0.0493037286146604 -0.156269124587626
0.27137032374063 0.318330710589374 -0.085204710027006 -0.1074539711288
0.313320773536419 0.284221326593592 -0.0491514013147438 -0.0970293169373225
0.278886504177349 0.331239896888052 -0.0327787318450222 -0.101095410567583
0.0707353751117316 0.427275041775275 0.0465652588988027 -0.0711482672825014
-0.170025465991077 0.426114112717737 0.0678637327379848 0.0264798484377733
-0.540746017610052 0.268290085729266 -0.0677488045784357 0.08360864946238
-0.569250022937269 -0.200123382824498 -0.178119353639654 -0.08504084824622
-0.215722373751552 -0.552527277734869 -0.162830366976708 -0.30918515547739
0.0665801358960316 -0.648389947380448 0.049931787637809 -0.357404755682702
-0.0405017530013263 -0.66758762725982 -0.0865395454410201 0.086059041073614
-0.35241188394791 -0.525786321218769 0.0400445220446484 0.0999866141753314
-0.615690088041777 -0.145137968846441 0.194469796920726 -0.0586530307993411
-0.532683167601284 0.328980761375194 0.106512185762265 -0.125288004895456
-0.15629153532933 0.456596583094657 -0.0335226697969895 -0.086950592575146
0.0818379542429862 0.40672908662074 -0.028473461461865 -0.0313058918924706
0.28140465187233 0.352634600233124 -0.00430911155095979 0.0183772393371063
0.319178852889029 0.311318471906019 0.0555720247889222 0.0188996172589818
0.274279266532879 0.356574403510608 0.062108068724539 0.0272308195067762
0.0523017192075201 0.446186321323306 0.0929240520470978 0.0668467920366283
-0.19352229540256 0.433984496974654 0.0557439050236529 0.146339474412806
-0.560022786069196 0.274183918147339 -0.0873311323060881 0.15132975169288
-0.598327727164573 -0.19891714080447 -0.172971500637035 -0.0272279514132788
-0.245797155642938 -0.581381832335263 -0.139750743039328 -0.178208921786224
0.0447476021447534 -0.711134324916872 -0.0178733627199838 -0.126250777437898
-0.0874018243934857 -0.642744012666646 -0.120297530911427 0.31325837176687
-0.386512253592589 -0.488032267773734 0.103462357809446 0.245228506094322
-0.603539035322187 -0.108646828322549 0.219752674697318 -0.0340297700150243
-0.487311784855819 0.33293952529219 0.0804757894595282 -0.0969602863003925
-0.138073092684959 0.429183620357029 -0.0627770293386387 0.00805018717461293
0.0726068318138844 0.377780490762393 0.000815714640696974 0.105172649304494
0.249016900471129 0.333964127154039 0.080017254342275 0.14435588748816
0.276751091196902 0.289614856341959 0.152720582888395 0.131606830789775
0.226360879440215 0.326196651956252 0.144979326090816 0.14778081771657
0.0240061940826112 0.391040446058601 0.123586741038443 0.191892233427076
-0.186302032875757 0.357764620773274 0.0318518142772956 0.242516058723533
-0.472316916857915 0.213530572019992 -0.105784472997951 0.19318430463049
-0.500607452502158 -0.171761783548453 -0.155649347336371 0.019969313695784
-0.214528638360707 -0.502987173733234 -0.0966051716753221 -0.0524736415556501
0.019927391739963 -0.654113603641823 -0.065077705213274 0.100480290454655
-0.114107275141381 -0.514992092692158 -0.155231398374923 0.511722381100343
-0.33973678517613 -0.368155756065578 0.146131956788401 0.378803168604116
-0.470705593233713 -0.0645155126401052 0.218987310513244 0.0123745923505032
-0.352146594371624 0.261569927122513 0.0513661317762527 -0.0488788811681569
-0.100401781228184 0.315705435684028 -0.0782214294987565 0.0995222496505886
0.0468425803882429 0.282877484477006 0.0307034840995525 0.226191207966581
0.175192342122187 0.263243208321492 0.15265997471195 0.249543881172472
0.190610151957872 0.225997821250203 0.226449194675984 0.224977302968609
0.142790220954565 0.248382799728276 0.203775163866259 0.243932977240678
-0.0108396736881484 0.276966664283755 0.129893005878816 0.282015974225224
-0.15335150839383 0.223390010659598 -0.00160137051983778 0.294703967421965
-0.311254107079715 0.113245909586937 -0.118300564826006 0.19557392525802
-0.318440314092002 -0.123733209144118 -0.13299759994601 0.0447954980359671
-0.145173919490379 -0.345094685922501 -0.0451726870973187 0.0418819425280792
-0.00825247072870296 -0.493858997084553 -0.0849516186015072 0.283614889010868
-0.12005379819057 -0.302344943636254 -0.189051717946694 0.647269024561199
-0.230379927218915 -0.184344471886588 0.161203464722386 0.478124057411595
-0.253345753184401 -0.00798500529737587 0.20119439556751 0.065882460911832
-0.15655820460716 0.143137774068187 0.0291030684065456 -0.00196685268952487
-0.0462822878372004 0.143712195568649 -0.0814278047890524 0.16119972897439
0.00939266371854549 0.137572347781446 0.0511998331321585 0.3065554255945
0.068937943719333 0.147292817121629 0.201244275098477 0.317402366582081
0.0750698332957703 0.127111778119491 0.266457604686351 0.284834188860463
0.0423936562895803 0.13876361580283 0.229703726033875 0.300397242514669
-0.0390105604567207 0.13317666623901 0.115523929822632 0.325117084705442
-0.0984015599891443 0.0774084727729166 -0.0376743858109658 0.299329353908314
-0.125456462143479 0.019276138374428 -0.122673376234653 0.167739206957299
-0.121872553099993 -0.0566811733722681 -0.108595134374083 0.0512913519594086
-0.0748577278873089 -0.153625161557681 0.00309931559692335 0.0973738637616014
-0.0396444447067809 -0.27418932943595 -0.0751589704981707 0.400400614752741
0.0817609816189116 -0.0149801086730298 -0.0378501666910747 -0.4655554162303
0.0211528157903013 -0.0601388974679277 -0.104618680993587 -0.178576471360446
-0.0557238436567212 -0.0253586006390009 0.069043617534761 -0.027611136736197
-0.0605303421138535 0.054300344056568 0.112598714533507 -0.117756030392119
0.0205049487997278 0.0594705768606044 0.0599229830439619 -0.258509628837095
0.051510209310067 0.0237921403667671 -0.100688804274744 -0.331352786937021
0.0605084794926436 -0.0079076979715132 -0.242078338052315 -0.299969591806698
0.048895605554641 -0.0102557121806597 -0.283062538926965 -0.278445071596672
0.0455201840266739 -0.0127658312091587 -0.246856880417774 -0.307376655096145
0.0321211761817022 0.00502689297939408 -0.103573250253336 -0.303853537273045
0.0102730293700436 0.0303724752954723 0.0362201838788593 -0.209739258541577
-0.0382671598227835 0.00301194574522928 -0.0238296254769278 -0.0652106886292094
0.00861462924352358 -0.0536349536053967 -0.152247910669635 -0.127680745237617
0.0893543062853082 0.0034140208668047 -0.143072183809019 -0.439638162366021
0.077094000257402 0.0805385534332851 0.211567453560913 -0.700885366438229
0.0584859025256985 -0.23898677347304 -0.0306572541551853 -0.417552907159032
-0.0681450004419347 -0.217973301335346 -0.0958151817427746 -0.167415783547501
-0.221733197303611 -0.0805518887230604 0.0776074550193954 -0.044351134535953
-0.21925332581604 0.132017396411678 0.112475982695784 -0.115879054158313
-0.0393924436116966 0.194248020504258 0.0493688408156846 -0.238790198213923
0.074126544909753 0.157850819228534 -0.0909393789772859 -0.303179976066653
0.161087374586025 0.112849301508867 -0.215244367202757 -0.270260503863383
0.174392035213123 0.097974011797258 -0.237976031274002 -0.252676470321881
0.16312497458706 0.118083928183336 -0.207519559830171 -0.278618013824945
0.0700624237721238 0.177714343965435 -0.0662490665120469 -0.272461453713398
-0.0452917246670985 0.201433348141753 0.0541255066583873 -0.169805623825792
-0.235820115402728 0.126747138457352 -0.0321156358933246 -0.0352775827290598
-0.228373365376385 -0.103730347461507 -0.166609353268643 -0.136181468749544
-0.0371012470785642 -0.2162168946525 -0.170559494664693 -0.445905985307316
0.0656494380717272 -0.207618273464044 0.156348494054648 -0.67484720676648
0.0220181784039656 -0.437372917688869 -0.039123205169334 -0.303514291264622
-0.171264973330131 -0.354208291294893 -0.070933206245048 -0.119785624712885
-0.383446232439737 -0.114685488839627 0.103826784068971 -0.0633293030774155
-0.358036687065965 0.212743153135623 0.112645513291085 -0.126884546201955
-0.088915290208653 0.315333795455031 0.0253304169474499 -0.209897774556182
0.0913025921753532 0.275607882709183 -0.0800946053931142 -0.243523221725105
0.241772343820465 0.218775717398762 -0.162761014960325 -0.201593509901243
0.273006940910066 0.191932315929544 -0.157177842944321 -0.187982751199965
0.254061122038274 0.232473765482609 -0.132980235654623 -0.20503576188144
0.094598234151097 0.32539658292322 -0.0145668194201516 -0.192064922395601
-0.0986481443179127 0.346860263442016 0.0662654772348924 -0.0890950071728323
-0.407456017753135 0.23451811265953 -0.0466684504742321 0.0190944265658077
-0.438504011680663 -0.141422212503193 -0.182157261013964 -0.117004471775501
-0.158452514808917 -0.408366339780041 -0.189396118653909 -0.397032271895252
0.0462912341952992 -0.466578145135481 0.0916440074205488 -0.556609541880632
-0.0285604744824575 -0.587483565196023 -0.0576658704398809 -0.131034937878332
-0.286851325678497 -0.455030383022884 -0.0232924050754158 -0.0314072470973363
-0.530343886884662 -0.118895135756311 0.144922515828861 -0.0787852527985551
-0.461724934310491 0.301869782172751 0.108541397444885 -0.140597012970672
-0.116858869308942 0.416023636860967 -0.0087549863588447 -0.161583483958782
0.106068844228196 0.362163181999382 -0.0626423588392112 -0.150350826052992
0.291819204251791 0.295127136783979 -0.0879215598880395 -0.102004181375413
0.33136554189328 0.256033949399883 -0.0530778705601091 -0.0947749833355665
0.301785393370402 0.307257620564397 -0.0361836789508636 -0.0989490515481444
0.100884331662221 0.420116477301562 0.0452536596719267 -0.0746304103710527
-0.139648064259109 0.437447508119532 0.0725666891689645 0.0212637368788065
-0.518695096273961 0.30661456332531 -0.062444111447995 0.0897160557721425
-0.580521544776049 -0.158469990676878 -0.186390519824388 -0.0707999487753832
-0.248591497034586 -0.532445002440947 -0.186225288391781 -0.298542841256113
0.0220971944761893 -0.642600500899954 0.0262127023629165 -0.358878511030327
-0.0835035859317332 -0.657922662597731 -0.0797368660895282 0.0852828811141537
-0.382784220339672 -0.495691191032149 0.0454088507272463 0.0931318732567455
-0.621582574794275 -0.0985175991330576 0.188133384461133 -0.0783406349831078
-0.504691254052859 0.367979306736905 0.0948362317218437 -0.137560708902738
-0.122203211317365 0.466657509791222 -0.04064555484711 -0.085366430116396
0.109850997420444 0.400202077549039 -0.0335887021266831 -0.0283367123341203
0.301658240004716 0.330440746937126 0.00178651811722972 0.0165580174142476
0.339096425607588 0.281965991856809 0.0589749357547295 0.012592732021623
0.298870731497233 0.333221491865175 0.0666232073328685 0.0222513580872519
0.0848089644143024 0.440899533043959 0.101041150161365 0.0595325862615517
-0.161864579152275 0.448076506812402 0.0700137435625646 0.140161416419896
-0.534489458522694 0.312782654861598 -0.0767956894683005 0.157403897238518
-0.608788269774371 -0.153095651362147 -0.176083079462496 -0.0143873317782094
-0.28223514072708 -0.560066496649833 -0.154970292948495 -0.169519472087861
-0.0031886939318162 -0.704169283289971 -0.0250525458844329 -0.121785466043207
-0.12868672304767 -0.630714840649274 -0.0988769974968505 0.313852375200653
-0.415515737703594 -0.457427314823322 0.118265152534461 0.233710376088875
-0.608656314341932 -0.0618156530384537 0.215652980998145 -0.0564902157789259
-0.458836367882253 0.367897700728607 0.0714873330421861 -0.107520308837113
-0.104611849321289 0.438787168482142 -0.0629443120259854 0.0109625345340355
0.0982713052394763 0.372286039426015 0.00561093390056433 0.103888655309582
0.269682471841735 0.311947842887783 0.0932554012981703 0.13557694849894
0.295653045108003 0.264214349129432 0.162537940875349 0.118325739540909
0.24806855884014 0.306333273942719 0.157205107813512 0.137099164923274
0.0519264242052551 0.38750691853419 0.138844905737544 0.182190988545709
-0.159910758921374 0.37088657893661 0.0533782777342126 0.237217959066169
-0.450358503000564 0.246748746843056 -0.0907059087637907 0.200174245435811
-0.509387335928327 -0.133850231165543 -0.154862027171096 0.0326395526299023
-0.245056224702391 -0.483586657399868 -0.104431335130105 -0.0468870200985047
-0.0266062809278029 -0.644182876165336 -0.0554212889409739 0.108244453239848
-0.146979620543447 -0.501794093071642 -0.121357325866773 0.516126849735611
-0.362328156941647 -0.341695733012604 0.170796585964133 0.364283641038676
-0.474188844532464 -0.0270839309637003 0.219396319743346 -0.00938038965496951
-0.329411195089405 0.287510141357996 0.0465066203594349 -0.0573839201320094
-0.0760150583146032 0.322012389569439 -0.0718119408089334 0.102963492809536
0.0651593940552274 0.278886661600508 0.0436818219531286 0.221759073060564
0.190701801966693 0.247697430634431 0.171580586972976 0.235460792778037
0.205880549920033 0.206914426761741 0.242179900202202 0.207448789447628
0.160145499571169 0.235003604231808 0.220590159153718 0.227135723621653
0.00962978352800363 0.276418122431173 0.151966459506091 0.270666472062026
-0.136532268777557 0.234703125748917 0.0239251926215032 0.29102633928759
-0.297932111468219 0.135193780576969 -0.101741153051806 0.203445512192584
-0.325242687993464 -0.0989172472630759 -0.128725117126744 0.0558856450407008
-0.166353529311958 -0.330623946807929 -0.0467653053310436 0.0444959047069542
-0.0423506080242049 -0.486105369527929 -0.0632894906434738 0.291337954468698
-0.138599554259936 -0.290700886577478 -0.147571234056873 0.653933597464574
-0.241533031228964 -0.165979730773389 0.192434784703737 0.463191009975146
-0.254396119047668 0.0117617152839527 0.206566115903444 0.0479080472228744
-0.143668313825226 0.155243550361292 0.0283890410121856 -0.00894791934989782
-0.0353886739965542 0.146475925993105 -0.0703932580665421 0.164317201251194
0.0180446155545722 0.136705533349808 0.0703361988703589 0.300021521128738
0.0782150082404173 0.139799504765971 0.223504578598327 0.300272479221219
0.0837618282195864 0.118656858805467 0.285036710499897 0.264426637493166
0.0519459092623204 0.133855280952489 0.248862862101633 0.281669668374861
-0.0284005367004566 0.134477196097948 0.138500319319654 0.314434790988334
-0.0914525261150956 0.0835083830660096 -0.0118979180037547 0.298570154315907
-0.119951267542845 0.0276535985885492 -0.107067190986411 0.176109245424826
-0.12366975587519 -0.0450385463929414 -0.103106764958609 0.0610004452768973
-0.0846664656462371 -0.145198318207153 0.00525677334654353 0.0966287266836299
-0.060110757689169 -0.267965427510181 -0.0460948177342365 0.406946029800926
0.0773822863236285 -0.0198255452386503 -0.0624709795772935 -0.443008917980206
0.0176209375348279 -0.0607282886341821 -0.107973718098109 -0.165118722888549
-0.0548350658787377 -0.0235443617078994 0.0638143753759622 -0.0332177352215071
-0.0562629772989688 0.056351906206931 0.0978062337141285 -0.119918182393435
0.021776990722308 0.0574690536304731 0.038394974952402 -0.249372615403874
0.051339382860701 0.0198482435047519 -0.116496653417798 -0.307828323074786
0.0582460499258549 -0.0114622349180099 -0.248048327602923 -0.269722482371994
0.0467612696292306 -0.0116828584643025 -0.286788735536264 -0.249924613461931
0.0418988080083004 -0.0144323159831393 -0.253599050161832 -0.279238476222281
0.0298390311000961 0.00387170472762919 -0.115633861687704 -0.283929580907215
0.0111443689507227 0.0282029305564035 0.0226169247229278 -0.200756729175599
-0.0380393970158554 0.00494351183205059 -0.0266984710328129 -0.0567337070490667
0.00430342311993056 -0.0538938306300237 -0.155580151838836 -0.109992613738119
0.0869092010214094 -0.00255963457680909 -0.161935180479763 -0.413168223943325
0.0799907952326373 0.0740364869938173 0.162182856380768 -0.684694222046299
0.0428332200944405 -0.230995075208463 -0.0524434414347254 -0.400340459441951
-0.0750064636986908 -0.205596930034784 -0.0993251671492753 -0.15597103801927
-0.21582396348883 -0.0651397536667009 0.070385895368759 -0.0508143924199182
-0.201975170841181 0.139840768039827 0.0973399817222759 -0.119101829319067
-0.0263934555713514 0.189508712908922 0.0300983092665794 -0.229997121317146
0.081003140919859 0.146783997961392 -0.106010415722465 -0.281110516830181
0.161201887539854 0.09775287415393 -0.21983264873688 -0.244489630245691
0.172324984324139 0.0821301603278455 -0.242017052967237 -0.228885383475946
0.162557680101467 0.102612101086834 -0.212916170112194 -0.253604497498596
0.0769918780317047 0.166712343064947 -0.076550597175916 -0.25655320423672
-0.0316246484245164 0.195839526958402 0.042653814300508 -0.165117722866522
-0.218467516360432 0.136025859036444 -0.0342394672525569 -0.0287274183525152
-0.225280212663456 -0.0863054606258565 -0.171328544117352 -0.118597316947499
-0.0464869255610142 -0.20534542295812 -0.190866248495419 -0.417445245680739
0.0523327164279614 -0.198941125524853 0.110960241450145 -0.657410389770319
-0.00342469712496881 -0.417324301605095 -0.0547553997097401 -0.291916823123557
-0.180264938217944 -0.329215203736712 -0.074251157532748 -0.112407518436442
-0.370178794739633 -0.0874564758771948 0.0924417563854499 -0.0715277443269682
-0.329299183982227 0.226434597835206 0.0969049215267762 -0.129632227285262
-0.0658898162244878 0.308775375638242 0.00846810315794871 -0.200943404410387
0.104819605034197 0.258868601954829 -0.0927778711920882 -0.224837222494861
0.243620289030883 0.1942424252791 -0.164822046573668 -0.183378830562974
0.272878985980735 0.164718975878643 -0.160360615954435 -0.171651113758914
0.256101752004642 0.205516397949663 -0.136765966752113 -0.188109783921063
0.110531661465198 0.306473504014181 -0.0220668126945982 -0.183162293760698
-0.0726456324876376 0.339905149635024 0.0602389052289122 -0.089514719595468
-0.374535343549095 0.249571187442782 -0.0453955542520671 0.0238592917516691
-0.42929935108396 -0.109126046774485 -0.183819547255733 -0.099508440481859
-0.172218671245415 -0.382124132582069 -0.206635425578056 -0.370646028166056
0.0179085335070631 -0.442243795029935 0.0557206292559951 -0.537067416923359
-0.0609684290632911 -0.556944255775399 -0.0634291099570173 -0.1272173633953
-0.295201270916366 -0.418764109497075 -0.0246426340692453 -0.0316418386823824
-0.511288786204416 -0.0797521714670807 0.130628267914618 -0.0898002185468129
-0.420766081017803 0.318495957592191 0.091613847588923 -0.143458086972575
-0.0867975727562695 0.405177456680908 -0.0195731237723432 -0.153577647433626
0.122984174629409 0.341457042455653 -0.0709512510201265 -0.137902876220684
0.295982987718935 0.265285712166864 -0.0861796381035819 -0.0938604026030751
0.331418312696615 0.22080460282234 -0.0548895685694681 -0.0894063631591938
0.306005816030398 0.273711885398566 -0.0382938675492571 -0.091787550243258
0.123254960497213 0.396027956675118 0.0420937697810002 -0.0747031683997301
-0.106008542500744 0.429220288109434 0.0733500850984232 0.0150300490001167
-0.474728326181864 0.325797828309664 -0.0556553298597375 0.0912507071821384
-0.564554204521001 -0.115973729391921 -0.185487777228648 -0.0555667843607395
-0.266743881072131 -0.494135288776643 -0.199176551180107 -0.275495367068416
-0.0162955673021108 -0.607752739991165 0.00677326490547408 -0.344109125061387
-0.117183491539892 -0.621473197568184 -0.0724531969842765 0.0800102699207991
-0.389891969587743 -0.451065037306435 0.0472265102990664 0.0832946075391082
-0.598810826681822 -0.0536137349467199 0.17154099209588 -0.0933758531822019
-0.456817719315151 0.386181933761546 0.0796379271679937 -0.14156065918257
-0.0874842234791861 0.456005286214536 -0.0458058719921835 -0.079897370554072
0.13062709430035 0.377856809660728 -0.0361340339654506 -0.0234536478124836
0.309022978646688 0.295612517539406 0.00623809760821123 0.0136987812866066
0.340634229656702 0.244236154325555 0.0587234478479576 0.0069283901481626
0.305939315579318 0.297374910568356 0.0672826512484054 0.0173503595880866
0.108899686414822 0.416981975293615 0.103229167933109 0.0503968715618566
-0.127388192736703 0.439844341714147 0.0786749993526184 0.128508937479163
-0.488336126480261 0.333530682416293 -0.0647886046013778 0.156663382625681
-0.590866880447883 -0.110178737395727 -0.171115210685417 -0.00150067819561626
-0.298980329650191 -0.517215427274688 -0.163027832097763 -0.153906863807501
-0.0445824768675986 -0.666022317253034 -0.0280164747103538 -0.113368730636048
-0.158569688177794 -0.593621612407915 -0.0780700166308674 0.300145315481019
-0.419936698992501 -0.412122075580242 0.125240601138767 0.213481226567797
-0.584826809189248 -0.0191618484930625 0.200472993682774 -0.0736694491755877
-0.414309031777811 0.383603988792984 0.0593944694841739 -0.111980959943419
-0.0719739910283314 0.426262539533791 -0.0606811256113077 0.0130864005778718
0.11769250218545 0.351380492763323 0.00877509327408052 0.100062016698219
0.275169856779936 0.281426046884693 0.100625420146184 0.121275288799846
0.298379059584621 0.229927318473032 0.164267995709156 0.101948577952568
0.255886654202673 0.275865733191208 0.160339272597324 0.120933947631195
0.0747299239633579 0.367130272653359 0.146846313937334 0.164366429927457
-0.129752648378407 0.365795021618811 0.0692228952618656 0.222085020075766
-0.412954043491999 0.264463570748435 -0.0743666677114138 0.197659255216237
-0.495200422838349 -0.0954925783682501 -0.146771071605949 0.0419607239511093
-0.260610221376864 -0.445877414528565 -0.107258291771378 -0.0381271444269046
-0.0625361241808828 -0.608039757241148 -0.0434487722068172 0.109002332366556
-0.166815061205656 -0.471159503364462 -0.0885411797480978 0.495680398248308
-0.364424226312036 -0.30452211467879 0.182395903770311 0.336092392917497
-0.455366760632655 0.00633014559047956 0.208329316940258 -0.0275348411607019
-0.295739524911975 0.296795877186423 0.0393728723109767 -0.0630263833190241
-0.051537293369076 0.31270376780504 -0.0631623217633689 0.100959808177055
0.0791785550480817 0.264336311189347 0.0531174477994113 0.208958075649449
0.196059453790198 0.223969823109081 0.180512060180703 0.212469114489043
0.208151980794748 0.181795324270611 0.245004408582599 0.182772777083725
0.167862998234592 0.213163615460386 0.224580430609233 0.204053456875529
0.0269205313844547 0.263516073148349 0.163411019316902 0.24856429546116
-0.115511377749252 0.233529401428623 0.0438969883028734 0.274464662117423
-0.27285970120691 0.14831603811638 -0.0835132710523927 0.201582805820555
-0.315244185639705 -0.0720357441289829 -0.119477908597501 0.0623557311997772
-0.17690057409983 -0.305009049707404 -0.0468107757493175 0.0460545057215768
-0.0702709622019657 -0.457574402507288 -0.0404664124758547 0.285149227007253
-0.147810266989753 -0.2692238718176 -0.106313132195213 0.631948162393482
-0.240353262791188 -0.144153039092806 0.209161523101663 0.430179595069319
-0.244510234881736 0.0294223483705227 0.200688545165776 0.0292519336976625
-0.125859761012379 0.158410669652312 0.0254649559203707 -0.0151669564648102
-0.0235057208002258 0.142299924946076 -0.0576372269950429 0.160039196173625
0.0247867968660956 0.130350262875539 0.0836237109852191 0.281638531382239
0.0827876889507203 0.127987139584531 0.232402731069835 0.271400321499011
0.0873197518876573 0.105822683343402 0.28927377727921 0.235463665894873
0.0586883882841447 0.123552607467698 0.254328553444746 0.253407374319831
-0.0181788437957079 0.129944147770255 0.152689793418324 0.290856068400584
-0.081539390556919 0.0862855538466399 0.0107955738014492 0.283886359138843
-0.109774089220084 0.0335255625577611 -0.0883396903164284 0.175532922953077
-0.119811677216331 -0.0329316383714897 -0.0939569029743277 0.0662313358441958
-0.0889444238459515 -0.131762366861395 0.00648059462822422 0.0936658369757752
-0.0749113977934857 -0.249776067871498 -0.0176254352676368 0.394140746377144
0.0616857987585468 -0.0333231391466294 -0.126673947323313 -0.400087482991177
0.00435206958143471 -0.0583381568623725 -0.124793794382642 -0.140110768789001
-0.0539740558568907 -0.0180642804605752 0.0512106967350366 -0.0471965167676271
-0.0457480818402374 0.0575124102212249 0.0646337309382988 -0.12800369689897
0.0225046893021728 0.0495343585864402 -0.00648159028938519 -0.234294563632783
0.04666777055788 0.013575595189152 -0.15478253857758 -0.2698661356573
0.0499290576735045 -0.0169682038390941 -0.271108274150074 -0.218642955263308
0.0402965742728193 -0.0149037888857215 -0.305996661046101 -0.193130092489641
0.0344381015174172 -0.0169904653353213 -0.282667199093219 -0.222576036948767
0.0255858489464288 -0.00087120201413468 -0.153729383857822 -0.248448797502704
0.012008817392489 0.0230892558207196 -0.0103296598982187 -0.190288972102858
-0.0363084957453562 0.00893695491827979 -0.032384793484488 -0.0453675604183591
-0.00432665888171259 -0.0529991523311602 -0.163914180751756 -0.0740325812577246
0.0806685458308926 -0.0207394889541468 -0.219625372934146 -0.354821003554761
0.0847303877090571 0.0506489992853061 0.0531565050619178 -0.659531757311295
0.00689493421430794 -0.220997339216681 -0.111807439477188 -0.37428641427232
-0.0974201562720413 -0.178511596757068 -0.118947018045851 -0.139474356326007
-0.204052850071952 -0.0338428172424041 0.0422642265786456 -0.0700179265116869
-0.164610486503715 0.154502323811737 0.0515725903747869 -0.12703203213038
-0.00346367408626564 0.177208357350317 -0.0149588778411416 -0.205945933322521
0.0911323984313077 0.128167179297302 -0.139650273211319 -0.240125971089041
0.159113069453861 0.069853473773741 -0.238187909668537 -0.192851241774089
0.167850779866458 0.0556502199177116 -0.260080640499285 -0.178564771097343
0.162160687351663 0.0751653836420518 -0.24305093851842 -0.20624345262755
0.0928238821208744 0.145153105175756 -0.11726089226815 -0.229896048473728
-0.00781522719993202 0.184101661160686 0.0141396370452822 -0.161320081990994
-0.186959639341428 0.156130442985548 -0.0339470351158009 -0.0215132541499663
-0.21923943275421 -0.0555545561272499 -0.182624448363735 -0.0838758143535422
-0.0694029492207245 -0.190533287705721 -0.241624737352023 -0.354269645280239
0.0264406702561008 -0.199667940480555 0.0118317386010426 -0.624522754360913
-0.0559637297284653 -0.38434448221121 -0.0984284122738729 -0.283894281980953
-0.207776605010308 -0.278615435961372 -0.0927295298689822 -0.109168857435861
-0.346649350314255 -0.0339232584442398 0.0483530646891159 -0.097471250277074
-0.264797315755855 0.251726312788132 0.0377816607363178 -0.137124318790173
-0.0228627567280883 0.291601123442926 -0.0329683910886141 -0.168425518587725
0.12837858382992 0.228387886117547 -0.118066781242614 -0.183907443806578
0.249172531699454 0.146079879795334 -0.175019588087827 -0.13783168105212
0.270281018742422 0.118460969061716 -0.17531149651638 -0.136264326085899
0.264013716928167 0.157252533477798 -0.163137332279778 -0.156591084551772
0.143127798155276 0.271032781068823 -0.0561151532755203 -0.170053544431501
-0.0294270288063264 0.322549442107822 0.0426201353672559 -0.0952071254683955
-0.317185868248403 0.283803483736536 -0.0338202626480241 0.0257557456472317
-0.409647052805858 -0.0520933800021026 -0.193719409261015 -0.0675916591942714
-0.209178592705536 -0.335854970223792 -0.245711923945946 -0.308378849058215
-0.0356023744715855 -0.420931911864591 -0.0183853436722961 -0.505963361866474
-0.123013921682579 -0.501819008643876 -0.0826268354134224 -0.137037731765353
-0.323021790997088 -0.342622340884197 -0.0379530814417889 -0.0458067038052905
-0.472434722701689 -0.00845611630582915 0.0702763315261058 -0.122897531871437
-0.335374896440989 0.348073375198746 0.0219771232830572 -0.147383149241118
-0.0255619176729029 0.384266517054549 -0.054328375469238 -0.113089672432609
0.157297044605086 0.302757491752308 -0.0841863241946628 -0.101595266135099
0.30737472863155 0.203000057000552 -0.0870092471977592 -0.0606611070157563
0.333473169726383 0.162749947368159 -0.0642711784904481 -0.0735375048205244
0.321731622804368 0.213536691675839 -0.0563466402167454 -0.0821170803768125
0.16773676413721 0.353382949695413 0.0197130117224899 -0.0788137208085472
-0.0510301550988038 0.411258390415996 0.0731346537534996 -0.000964717343083332
-0.400076227937185 0.368341680033876 -0.0314589463012361 0.0881241981108598
-0.535316438632728 -0.040556686953844 -0.189467159519077 -0.0285634802054821
-0.311977005462452 -0.426851282751598 -0.221306906314296 -0.221817617350916
-0.0878581091368248 -0.568435648356904 -0.0352334823359361 -0.318335206516289
-0.177975546762366 -0.551608564820489 -0.0600891807797888 0.0532547403397823
-0.410828535235135 -0.360888899041067 0.0440280780014135 0.0482464824164791
-0.547577012461253 0.0282059011173058 0.101483047385372 -0.133253040575673
-0.357930984498297 0.415734434727766 0.00591527948243211 -0.142369638968457
-0.0187220795963774 0.42952581757703 -0.0664020157826092 -0.0381948075138679
0.169100509468785 0.33398938798434 -0.0345846379663522 0.00183070061822244
0.323577165017417 0.229069622108777 0.0161220689564277 0.0290443686467707
0.344007981756411 0.182727047582021 0.0571236189270069 0.000504882818370981
0.324008014030057 0.233704523941423 0.059821850453718 0.004721069118278
0.160345041709773 0.375004434068739 0.0970733584216324 0.0283405849729353
-0.0672739072035965 0.424067174028442 0.0966984028160206 0.103756675511601
-0.411463316718091 0.377386766393729 -0.0287320294755388 0.149940941927295
-0.557551563254461 -0.0303843651506566 -0.166099521344951 0.0189337796948752
-0.345539604225267 -0.440629769536347 -0.167423155829719 -0.113849696321731
-0.120720877544355 -0.616300767864967 -0.0330879840585372 -0.0992221653794267
-0.209667759597942 -0.518556340116763 -0.0313524957186919 0.259919612908395
-0.431314422288586 -0.321839551162597 0.136995234739578 0.159672562667596
-0.533654337999779 0.0585147792464196 0.133140726646874 -0.116835551817357
-0.317505307906541 0.40652751870438 -0.00507353293051231 -0.110959607452814
-0.00583946607623156 0.400647967556172 -0.0646880279850072 0.0485772008920665
0.154954641299339 0.312295438087291 0.0259361898431853 0.109362770179764
0.291743391944466 0.219504761457389 0.119708996215166 0.11678351816234
0.30398977428819 0.173615399696173 0.170077502388392 0.07379732155776
0.27547678044651 0.220086824398923 0.163968037205948 0.0877753623147068
0.12142229846921 0.332970979094751 0.158611112011381 0.128418142856754
-0.0780547399984351 0.356303604449493 0.10422552775262 0.192520727352666
-0.349777933670262 0.302140929040451 -0.0307758722685551 0.190470121622462
-0.465964728042734 -0.0284671179822332 -0.134970782717265 0.0569456747255069
-0.300372632906522 -0.377744985096831 -0.0986739739600969 -0.0152551387715799
-0.130368146541221 -0.556386210926584 -0.0161433492525039 0.110062455311701
-0.202962588177588 -0.401993825903666 -0.00884130010622146 0.449134800600176
-0.365344314770367 -0.230948694063147 0.213703608462994 0.27052365845215
-0.412466044098388 0.0644739785647364 0.157323640361931 -0.0710304795917934
-0.223722157601952 0.311792312431269 -0.00481871435213895 -0.062634378970166
-0.00113779662160765 0.294165652295618 -0.0507495003313922 0.123616948817271
0.110491824672974 0.234872315349323 0.0830408804389998 0.201236632316435
0.213444915399409 0.177025732120074 0.206146828165534 0.187490956065767
0.215584658766605 0.139482324086836 0.257433286344888 0.137772603837706
0.186271285815974 0.173780232141225 0.240446509177787 0.156207784222361
0.0627449117255027 0.242429400213568 0.190041152119877 0.204431364016535
-0.0787432276259247 0.232118447016457 0.0896088955145021 0.246882756286793
-0.233835279423897 0.175148511658179 -0.0401342600396587 0.197080313348753
-0.297551957159582 -0.0269891978627135 -0.103714056748743 0.0744610372743637
-0.20347289617271 -0.255929123621187 -0.0326255595198098 0.052771121848991
-0.11873546357794 -0.411470101684149 0.0109368149418484 0.272338324793131
-0.159015252455521 -0.219547614285124 -0.00198757342538885 0.589569658935322
-0.23054671612548 -0.101060092771507 0.258276694352254 0.363249087468738
-0.216530811003323 0.0592589635137482 0.174342728675886 -0.00986734447258306
-0.0894815565936591 0.161538868095748 0.00602237607753358 -0.0172272816145572
0.000927833699561106 0.134012460458541 -0.0325838974548965 0.166443680272843
0.0432553343373335 0.117379821083386 0.120756394133474 0.25913791532808
0.0959362248390696 0.104098772026112 0.260940098491632 0.231287299210464
0.0947178763807664 0.0845816418827759 0.306775816518285 0.179905957447353
0.073496446765098 0.104430537717481 0.277642172943805 0.198568097195391
0.00263165656225895 0.123486785788238 0.189063817012712 0.246476759727292
-0.0637835160772382 0.0909740702771163 0.0590031125244858 0.261049137761397
-0.0972694174846284 0.0467830599974329 -0.0502407484584734 0.176271554012778
-0.112541364415546 -0.013910808022401 -0.0764291488095322 0.0770918446590335
-0.099751763912879 -0.106608106314515 0.0214803162983318 0.0875751692813551
-0.098869335944609 -0.21606309250495 0.0445996532878512 0.368929257037778
0.0592524796166649 -0.0306827668744536 -0.112003485938184 -0.384373894231133
0.00511982628020358 -0.0570863134517997 -0.113872357798651 -0.137286310016122
-0.0533054262979389 -0.0200745031624462 0.0486046731600859 -0.0482550065632324
-0.0459774081626356 0.0551832931000082 0.0594207518644323 -0.12181340868789
0.020607870071347 0.0500970861635801 -0.00619332889884964 -0.220920315473042
0.0450904760063836 0.0137370334243565 -0.144566622265539 -0.255953148000429
0.0482316479975907 -0.0160384383132548 -0.254754634521664 -0.210565854900314
0.0395305500082295 -0.01317894652785 -0.289882859174401 -0.188029286438911
0.0326651911528022 -0.0146876608752085 -0.264878312936165 -0.216022688709112
0.0236214849337321 0.000828391758562267 -0.140957952853197 -0.239470007364638
0.0103696271564186 0.0222355732367259 -0.00599991417534146 -0.179826759254608
-0.0361508929239024 0.0084753870321637 -0.0291130530925002 -0.0411269669105716
-0.00477801771747009 -0.051811256410703 -0.15603757491837 -0.0689569679012584
0.0787957089265135 -0.0194442409788779 -0.204582350446321 -0.341561630373145
0.0817450462320027 0.0497060040416418 0.0598466680214449 -0.629015160126327
0.0106163586851077 -0.209401920133489 -0.0999621414385141 -0.359285932944979
-0.0888148618669463 -0.172962070907234 -0.109562221274989 -0.136016234283644
-0.194809313113251 -0.0366804464049791 0.0388956897387413 -0.0694757317535882
-0.159539099823193 0.146739579146296 0.047362214130091 -0.120699505810898
-0.00581194754915049 0.171196853001275 -0.0133670135497403 -0.194140597190246
0.0861496993508493 0.12420482200513 -0.130359383667211 -0.22757604337899
0.150772377608434 0.0678586087841485 -0.222586854607852 -0.186494057784777
0.159685709294528 0.0543948435858432 -0.246107056996805 -0.174726923897753
0.153150690942251 0.0741171197941772 -0.226525358599318 -0.199598138076136
0.0861791388923543 0.140745713415546 -0.106095372033215 -0.221425622277545
-0.00999553728714719 0.175732475014833 0.0166471942799251 -0.15256465094443
-0.180495362516619 0.14688568733147 -0.031779113401567 -0.016887127368569
-0.209452337597526 -0.0565680545374702 -0.175322284855865 -0.0795356721166677
-0.0607354006435683 -0.183995242133814 -0.228441423918572 -0.342046488633619
0.0310526515047706 -0.188283967159483 0.0208573768234243 -0.59831567659827
-0.0456326670782008 -0.364498109741147 -0.0914887106693145 -0.275584209661717
-0.190237823324907 -0.269151393428861 -0.0866929395666305 -0.107449494503875
-0.329241230799338 -0.0363576014328862 0.0441694724001513 -0.0955466773346574
-0.255013635697685 0.237820775089074 0.0340611957280596 -0.130496952619224
-0.0246559992149306 0.279494935083252 -0.0311013621438154 -0.158845006293443
0.120454661456305 0.220417163989323 -0.110621907437407 -0.173485920198065
0.235282056676868 0.142373191744077 -0.163376199658476 -0.134612024189211
0.256233647107925 0.114655086407988 -0.165759972257629 -0.134089061464675
0.248705274220425 0.152029570970954 -0.151149259543712 -0.15171076171791
0.133204448497068 0.261467131218446 -0.048571170507841 -0.164050205948715
-0.0324441833382595 0.30828492498028 0.0437511734212889 -0.0897665986428602
-0.305521582583738 0.266738568548071 -0.0326815249106652 0.0289913139977662
-0.390290253868767 -0.0529409704283166 -0.186054889826598 -0.0648596440759602
-0.191564370469623 -0.32450458607312 -0.233433684275925 -0.298260768827691
-0.0242100220885802 -0.397679205428932 -0.00953497288744434 -0.484001218688335
-0.107992468020976 -0.4775934746142 -0.0798987946559872 -0.136090366841068
-0.29969210457931 -0.333891910528035 -0.0370426556336009 -0.046053006860167
-0.448848372939126 -0.0144427018828542 0.0641836719455535 -0.119508155980759
-0.322686280252737 0.330191105928 0.01914823022566 -0.141637385886997
-0.028410063227738 0.367038127087073 -0.0514958358326561 -0.107373508928352
0.148136956859654 0.291854542051754 -0.0800019018689938 -0.0943777978804611
0.289622145970428 0.197532340337866 -0.0799978418257074 -0.0606581727312483
0.314364174778386 0.156405595992739 -0.0601404411769673 -0.072490071576921
0.303272331004728 0.206163177882147 -0.0503268923250046 -0.0793306069321245
0.156837281415528 0.339741850525043 0.0226177673466502 -0.076379026319014
-0.0520838589715849 0.393606451946549 0.0720861633514738 -0.000408460597397492
-0.38577783350615 0.346385982586037 -0.0313908985952546 0.0883611115538969
-0.510464964537461 -0.0451795490613358 -0.182221441401526 -0.0286872482290292
-0.288167153489665 -0.412511791549418 -0.211267276829257 -0.213745810204135
-0.0702874325881063 -0.539527427755807 -0.0265557091095231 -0.305528217594345
-0.160668949522885 -0.525432541336098 -0.0616966238917451 0.0449851284397588
-0.383814305793118 -0.352623858741463 0.0389464673659287 0.0448525447214991
-0.521333000235654 0.0213631696895581 0.0946488867916602 -0.128919080173929
-0.342750070225191 0.39294072127426 0.00429404408619728 -0.137627061025193
-0.0213340125786227 0.410168949791458 -0.0646469154015933 -0.0369884900019555
0.158230250029558 0.322104175266946 -0.0345507476814368 0.00377590636446079
0.306028792292118 0.222602383651897 0.0167298868705261 0.0260911044515722
0.32494907000862 0.174853328831762 0.0547266182564685 -0.000663436983534594
0.306519703314677 0.224975335425831 0.0592674633218322 0.00521401425548696
0.147132958137858 0.35964661144575 0.0955805755847427 0.0266826458171013
-0.0687250272305103 0.406404886958181 0.0942843403675882 0.0988600481634397
-0.396074977579577 0.354354646343134 -0.0292401920239244 0.146581301989483
-0.530071343595474 -0.0349212358066954 -0.160864046977689 0.0170262084832832
-0.318669570512624 -0.426029544501516 -0.163176357227713 -0.109302662988855
-0.102202731984629 -0.58269168829045 -0.0274762116741001 -0.0948898166421225
-0.192166414262485 -0.496784101267024 -0.0373382085952149 0.244258070125302
-0.405340363659665 -0.314792303209986 0.125561467200216 0.153037420036828
-0.506013163390925 0.052111471928268 0.123982917318252 -0.113137613782459
-0.305456537474852 0.38640256717405 -0.00605404420544621 -0.108786931727577
-0.00938327777449275 0.382435112865996 -0.0637961169230543 0.04467110419377
0.145086644081951 0.300130606046546 0.0217819390923808 0.106636273412886
0.275500634684482 0.21275947341877 0.114137239548734 0.110292624385574
0.286289344011026 0.165809229198122 0.161794272301005 0.0714154721979852
0.260053917082897 0.209957086978682 0.157146005877932 0.0857514590791098
0.112133976183099 0.318854513222149 0.151950855704284 0.123081647648267
-0.0762484976785234 0.34021426987273 0.0996657100491015 0.182807246076886
-0.334419224206466 0.28413194448991 -0.0310633804305728 0.184439744742644
-0.442291303062238 -0.0312802308229557 -0.130503716407655 0.0532409040695822
-0.277108560299982 -0.363791220963108 -0.0989307615806066 -0.0143032352459659
-0.113699766406393 -0.527002269718414 -0.0137411373088355 0.104515822667791
-0.185321321865552 -0.387506461463322 -0.019641401564838 0.425922228385822
-0.343496448259554 -0.227004352882563 0.197032406600139 0.260808272209041
-0.393375110983012 0.0598854540987899 0.148499232404675 -0.0684775399563005
-0.214145912915678 0.296443869301507 -0.0064147358249394 -0.0633403767965919
-0.00334798684897121 0.280307102547717 -0.0509658676206895 0.116069845808852
0.103597798894348 0.225913935322725 0.0745810339243733 0.194417787151261
0.200579340516672 0.169970966243529 0.195543209891734 0.180176363199904
0.202876499847725 0.133313606259072 0.244653377366455 0.133509871297752
0.174939726428536 0.165488382782476 0.228216026528751 0.15172457970656
0.05734583714686 0.231311035241311 0.180790721336973 0.195183783546543
-0.0760496213518531 0.220596400590913 0.085305511683601 0.23316095721746
-0.222620436770311 0.162986504844863 -0.0392880153684597 0.189140092232792
-0.280705236873742 -0.0273215835227935 -0.10005689987941 0.0709823783284972
-0.188907177389235 -0.244552161913878 -0.0350426803343639 0.0516454028995322
-0.106464222110799 -0.388415784095485 0.00927714735405814 0.260111101289273
-0.147881266597872 -0.213210538337724 -0.0146422651271215 0.562219542700248
-0.217716789500593 -0.0996895628787644 0.240333397151233 0.350095661210904
-0.206839529566592 0.0559391353654754 0.165968045584237 -0.0103900349741219
-0.0846871328468771 0.152791594904335 0.00442392201544106 -0.0200243734881288
0.000303648416947334 0.12607407918842 -0.0346073727114315 0.156762019037301
0.0397091077715317 0.113095284060954 0.110310475973723 0.248073809140343
0.0898885794399287 0.0996192742110164 0.245557313799427 0.223163438787536
0.0884402201789122 0.0805101385632978 0.291590059579568 0.174540144130371
0.0684304706318161 0.098712103508493 0.262198661234626 0.193215001146863
0.00125938049083528 0.117064367299416 0.178875078615043 0.235621204751526
-0.060738582753454 0.0864846164617273 0.055950759485354 0.246595452047133
-0.0907468043725261 0.042042427202514 -0.0477608319007187 0.167900692713359
-0.104932007199255 -0.0129492037310421 -0.0725055133482378 0.0741067415718984
-0.0932204502868338 -0.10069777442904 0.0159771528126602 0.0859984929438188
-0.0912609933445785 -0.204771190989861 0.039321285728711 0.353715652590431
0.059800300965386 -0.0278676555582583 -0.0958004592442916 -0.38261722283315
0.00705788664113128 -0.0574453388650271 -0.104707241676988 -0.140758106789526
-0.0545979005739914 -0.0227395188159657 0.0476473847926176 -0.0496664967363316
-0.0485446169780782 0.0550110450687585 0.0577496698188799 -0.118584962548248
0.0190779148881551 0.0526383047528374 -0.00166694371878217 -0.215744751846287
0.0443877319743023 0.0157877332969415 -0.134238199592424 -0.254902931220364
0.0475859015273671 -0.0138378213321584 -0.243251982609835 -0.214158079180865
0.0405300542309246 -0.011885339862998 -0.281505879608742 -0.195263207912679
0.0327443018893563 -0.0125123579120856 -0.254134184559971 -0.221977374549286
0.0226622913265843 0.00280516120126183 -0.130586653772552 -0.241330513582068
0.00886568682937535 0.0222513422051376 0.00114486449723427 -0.176217620798345
-0.036843229345456 0.00738662673922022 -0.0267581280119046 -0.0377783844052116
-0.00455906533004668 -0.0530635801568792 -0.151994350777255 -0.0690695551699423
0.0802098393707005 -0.0183807467846667 -0.193511029773657 -0.343407189862775
0.0815245190838604 0.0517675289495769 0.0781658089544003 -0.620067377915352
0.0181897793841877 -0.204423069235745 -0.088238609001331 -0.360603302718871
-0.0805464155883618 -0.175216030959008 -0.10188862193716 -0.140008698311528
-0.192231621758057 -0.043075124245578 0.0378813034982984 -0.0705078202703383
-0.162107791688857 0.141880037312497 0.0460350727117003 -0.117707100963768
-0.00975056933757336 0.171617751015041 -0.00941100469270175 -0.189583239939689
0.0819550816195922 0.126176357840235 -0.121049737137613 -0.225829026046214
0.147014414448768 0.0718824714000238 -0.211111674054178 -0.190939593473906
0.156804142948889 0.0584638551169543 -0.238384511296386 -0.181799578700096
0.148821822640706 0.0779435196311313 -0.215943493905471 -0.204664394496227
0.0803474107486646 0.142701793088637 -0.0958077911842586 -0.22314400273329
-0.0150629598461924 0.174004518045936 0.0233536872436235 -0.148915819705391
-0.183262757628852 0.139665945435431 -0.0308856489955576 -0.0130456872235155
-0.206359759251202 -0.0622806770137726 -0.172137582057973 -0.0813662701605587
-0.0520815069035367 -0.184712617353964 -0.216061097345245 -0.345678254403647
0.0397954470264671 -0.183506505435588 0.040960875706132 -0.591246242128995
-0.0326777090004245 -0.359284215101224 -0.0837482517759101 -0.277267992582275
-0.177137957129438 -0.273270093058717 -0.0820302859989185 -0.110005153275871
-0.322985931374706 -0.0473873794664451 0.0424809161632094 -0.095395592108031
-0.258562684562559 0.228173965872973 0.0335473520640784 -0.128254547284475
-0.0322778106541722 0.277129723916866 -0.0271460928630823 -0.154921480206311
0.113534544429109 0.222747150217089 -0.103798108446528 -0.171119677750455
0.22717415488221 0.147167110952262 -0.154298345121636 -0.138711536572756
0.249434393954106 0.11923611782667 -0.159547084459543 -0.139384675617704
0.241316373137019 0.156998147516257 -0.142259404582157 -0.154772137958977
0.123069396643364 0.26362139647711 -0.0407574346606983 -0.165181846046569
-0.0400455772739964 0.304080440369198 0.0481812246623033 -0.0870413880199948
-0.310029138011314 0.254554506382886 -0.0331146004665943 0.0327149112302052
-0.384898780257068 -0.0657990083126817 -0.18516819428824 -0.0684410982190783
-0.17594469178368 -0.328871957133664 -0.224893150321296 -0.30291067013719
-0.00684885908423064 -0.392370261899743 0.00787228471777126 -0.478687444288498
-0.0893588124178376 -0.471904905164018 -0.0782667603130666 -0.140338142170288
-0.28229443676965 -0.33941981559798 -0.0360869390825865 -0.048188340288148
-0.441195199777854 -0.0267086021915796 0.0629848694595639 -0.118055026122016
-0.325598473319346 0.317554899791518 0.0190939990823723 -0.14091703391606
-0.038774490588658 0.362450455574589 -0.0488241301962226 -0.106044698632107
0.137919166523551 0.293843954281151 -0.0763363367727553 -0.0925755491269369
0.279683036616645 0.202090667867064 -0.0750243229730975 -0.0633280290649026
0.305607035045254 0.161864225175265 -0.0567585325904699 -0.075605297158821
0.291970864935518 0.211233362965983 -0.0441113814060371 -0.0798011273678543
0.144181607452528 0.340622789605388 0.0275185628751982 -0.0766274145384836
-0.0619864963302743 0.388345662775948 0.0735246964311774 0.00154651947672294
-0.391539409419322 0.330982279798688 -0.0326863339391209 0.0915624838444238
-0.503049606015749 -0.0585364920223665 -0.182195267422379 -0.0322632963830723
-0.268240200488877 -0.418080115969241 -0.207019886203815 -0.217120416200652
-0.0482926393429804 -0.531232870185626 -0.0136200522714219 -0.303286668484703
-0.139800463828369 -0.522220611980647 -0.0671439257417124 0.0397455154723743
-0.36508527046224 -0.36134598487578 0.0355746121356439 0.0452220311277331
-0.513407539185576 0.00583295204657313 0.0930548685679518 -0.127114867080653
-0.34851724934229 0.378770528439946 0.0051188854040657 -0.137891831983402
-0.0323688303488577 0.404989391888431 -0.0635456329993659 -0.0379422705838128
0.148960797640804 0.324556140133892 -0.0350083096399864 0.00550405725523238
0.294596467403947 0.227971000370728 0.0181539912434463 0.0247015269796334
0.314119868461636 0.179798731888973 0.054975251985711 -0.000510120050104173
0.294627192086635 0.229230593982562 0.0610666040362062 0.00634932225223267
0.135814834458998 0.360080426270756 0.0965829869718129 0.027073624466354
-0.0781175395262916 0.40022331116364 0.0923272657877293 0.0993118784398161
-0.400162107843868 0.338483628694801 -0.0316789594092874 0.148455091711015
-0.520718201020066 -0.0483786369734764 -0.162134068965769 0.0126425462353303
-0.298464208074647 -0.431802694958089 -0.162340139666687 -0.110977709637583
-0.0788424884927059 -0.57520155538636 -0.0210850643466966 -0.0952578914480689
-0.170806012790664 -0.493612413439037 -0.0502458640625384 0.23697677345331
-0.388944080797872 -0.326290268782189 0.116853025233028 0.15529721175174
-0.500784387417434 0.0369416994758903 0.12288634316006 -0.110248242692592
-0.311869683580131 0.372427531366804 -0.00555117727955022 -0.11082838145224
-0.0207528747370374 0.377027591538046 -0.0651114211829501 0.0418782648537564
0.13593325550763 0.301908305388971 0.0165603781034055 0.108340065444881
0.266119025268181 0.217392237160057 0.110894636973089 0.111551682440895
0.276588466289216 0.169871190110791 0.158810780982147 0.0738810341213527
0.248849867474825 0.213978021767717 0.155106777777936 0.0893102248098536
0.100371862204156 0.317569973885257 0.149001752502991 0.124003030896367
-0.084296548223373 0.33511845277248 0.0957685444489621 0.181663640613365
-0.335136500107344 0.269448931415566 -0.0348531093660918 0.184562677941415
-0.432949605275661 -0.0415370327745567 -0.132237420834703 0.0495479556925283
-0.259392650153043 -0.367046916848903 -0.101123041781865 -0.0152234100216896
-0.0935955141002208 -0.518070194209375 -0.013918301266426 0.103357611653732
-0.169506425622135 -0.387055060634874 -0.0383985401364787 0.419773598970586
-0.331271508853889 -0.236309799363764 0.184902859171493 0.264544695064515
-0.387948722888179 0.0487163637844576 0.146760457069801 -0.0657606797183739
-0.218360728548455 0.287174888909431 -0.00662150201545357 -0.0670310632393113
-0.0117035112687922 0.275728462990224 -0.0553847247503778 0.111468801914091
0.0961248957519096 0.227601667389542 0.0658787001487109 0.195330870829938
0.192949553567623 0.173068165840243 0.188224921474843 0.182976834210861
0.195453309623088 0.135355625327546 0.239040526947808 0.138523468393438
0.16707801581376 0.166220228941191 0.221641438662896 0.157134938940384
0.0496248877811968 0.229373007523738 0.175157181979476 0.19705259834421
-0.0801370980095252 0.215756332985027 0.0795021408750311 0.230298240864477
-0.222858568675022 0.153105922612177 -0.0414462363342765 0.187859253121584
-0.273792313418021 -0.0327861697549578 -0.101717669809126 0.0678149847676614
-0.176832555652522 -0.246009764967638 -0.0402819206813755 0.0521364559549084
-0.0905643767428742 -0.384084853786682 0.00274494894403055 0.257548056594164
-0.138415035088534 -0.21594927367692 -0.036158077382394 0.556952837748537
-0.212622322129706 -0.106390505870523 0.224522202023061 0.355864283556075
-0.205586423435928 0.0514223814142048 0.164136055171943 -0.00701737235434514
-0.0864839759774107 0.148193331021919 0.00298992649904924 -0.0235322049823771
-0.00347075900918083 0.123164992016727 -0.040303251831194 0.151934210666963
0.0359513432534966 0.113381864378221 0.0991418826301511 0.249323900803461
0.0857261425801223 0.100304869741253 0.235364445229983 0.227524766258878
0.0836924572235943 0.0806503925711609 0.283472289568938 0.181600687723514
0.0645640264048866 0.0980750030382953 0.253162483341422 0.198898516476434
-0.00206250578173227 0.114379155180327 0.170749266602885 0.23686808759314
-0.061079278216347 0.0827928410782157 0.0503314737300102 0.242153274987122
-0.088623044492811 0.037229525957671 -0.0493515757858915 0.16480860596713
-0.100744036661559 -0.0140672552594698 -0.073182662123947 0.0723052982445469
-0.0883743077730342 -0.0996209488171882 0.0103065089229505 0.0872106415735771
-0.0834642316666704 -0.202213076969535 0.029720126293732 0.35069717039894
0.0627362497680008 -0.0268332529725719 -0.0900971945665253 -0.396364905463456
0.0092567781020695 -0.0596966912434085 -0.102038025658735 -0.150177981751559
-0.058363552763316 -0.0259432164824765 0.0481632164539302 -0.0543293985784565
-0.051768992144208 0.0567010328531149 0.05692070218644 -0.119780241947042
0.019682185652044 0.0569505000293354 -0.000274859400360309 -0.218774768044788
0.0457380539293933 0.0180819530049929 -0.132561081502968 -0.262585120484337
0.0491723546477024 -0.0127290323368663 -0.243821965976328 -0.224742389903109
0.0430113662585011 -0.010547827922071 -0.285540526532416 -0.206670418109903
0.0338981576640804 -0.0108549961041416 -0.254709092629308 -0.233801926555711
0.0231511744315968 0.00473171554006362 -0.126817323209947 -0.251490613508784
0.00759468413560335 0.0232042341789909 0.00775171722943875 -0.179040176248938
-0.0395016712355425 0.00705535363529997 -0.0258833189740259 -0.0356297218772009
-0.00509591993838476 -0.0559683307411221 -0.154200449528101 -0.0710256483781234
0.0839835586198212 -0.018298393134851 -0.190283113037576 -0.355718129224008
0.0838300067186933 0.0543528498179888 0.0947007032178585 -0.634937855719508
0.0246939662368503 -0.207572958667069 -0.0825838027636156 -0.37327925904807
-0.0766318362318198 -0.182687135087666 -0.0999675277415441 -0.148227593450975
-0.197477424260463 -0.0491665513900127 0.0379634689460667 -0.0743275456212117
-0.169577832425203 0.143131661051779 0.0454139024374763 -0.11946819052704
-0.012351403547868 0.178143042178216 -0.00690546467879261 -0.191316605928219
0.083047745927468 0.131794452141014 -0.11883581690157 -0.231549380870705
0.14877989702235 0.0767290777884866 -0.210798259599768 -0.200217217389035
0.1602845658136 0.0621442103755168 -0.241547970898642 -0.192085099337787
0.150748526281517 0.0834276161324715 -0.215372036181321 -0.215431829153007
0.0791941286390657 0.150636867994393 -0.0912919760604678 -0.232004958678291
-0.0199727360210354 0.178921559899485 0.0296015782626578 -0.150760655043113
-0.192054075771965 0.140426620811656 -0.0300959244833869 -0.00893949113354834
-0.211095922042505 -0.0689898819186204 -0.176963864984835 -0.0842304744287556
-0.0465204071322144 -0.192264479476087 -0.215393353474457 -0.359005333509727
0.0478043239203492 -0.186757487788529 0.0550479283774165 -0.606050028883495
-0.0221569271383002 -0.36652699537101 -0.0819199671722649 -0.288704879114764
-0.172561725105873 -0.285910503441679 -0.0809677516727497 -0.116272085328764
-0.329627036002427 -0.0558561272742996 0.0422553537586172 -0.0992405692185407
-0.269524697371638 0.230476211483107 0.0328319028037858 -0.131028403795249
-0.0373502158428585 0.285940670436461 -0.025860523432917 -0.157012105612711
0.113301187422993 0.231024913008818 -0.10208485714833 -0.174627940524583
0.230265362156378 0.155866857308721 -0.152858972314727 -0.146441700827743
0.253938527489232 0.125557329554911 -0.161685236097537 -0.147182234820957
0.243577641998246 0.166154990594513 -0.14038804326238 -0.163076665374162
0.121356591889833 0.274591055236451 -0.0357066092874646 -0.171982713683162
-0.0470389543118198 0.312450098024804 0.0538235026868566 -0.0875549384438364
-0.32357718677188 0.255536727103854 -0.0337159426941591 0.0386794416377278
-0.393618047818307 -0.0745786807265596 -0.191445527478095 -0.0712191071281396
-0.170505693030537 -0.34285895549525 -0.22670372408469 -0.314434212063157
0.00575754803175055 -0.400117940198541 0.0198681168504321 -0.492535001390662
-0.0792173412253507 -0.482972115383712 -0.0806720630708997 -0.147387724682648
-0.279188637816919 -0.357866899038243 -0.0369106487273819 -0.0504325241120641
-0.448569954826398 -0.0376075524303783 0.0626825031940783 -0.122463385790898
-0.341568914609225 0.320313970922763 0.0190402292600822 -0.144990103204404
-0.0467301140448583 0.371967229082124 -0.0483128564386763 -0.107890064987642
0.137243110518925 0.304277927021125 -0.0761178657754478 -0.0926810897570204
0.282906546485701 0.213620512505888 -0.072870382623795 -0.067866320366427
0.309844159157841 0.170248615640376 -0.0562314410548682 -0.0804114175409993
0.294619870334079 0.22098989895144 -0.040597245732664 -0.0833352819471008
0.141554450101374 0.35515744714489 0.0331141740997959 -0.0803146152973071
-0.0700415579801356 0.398652207200329 0.0783390239806466 0.00297258505376444
-0.407957058488716 0.331746074262224 -0.0341023650457949 0.098971794273133
-0.512835559677445 -0.0693713330349053 -0.189874325406798 -0.0349063471276109
-0.261229129212307 -0.435995885704364 -0.21136683563323 -0.226320247770281
-0.0332419315031922 -0.542401649379011 -0.00578981865313176 -0.31185795022015
-0.129081141539922 -0.535279691162149 -0.0743980818445691 0.0376022510009627
-0.365075888895219 -0.380194951228571 0.0342079349231436 0.0472195722280909
-0.52508491793492 -0.00451210655002444 0.0945291354681185 -0.130740487933393
-0.363986341776092 0.382144641800824 0.00435624443969814 -0.144116664745017
-0.0414532786959145 0.415396745797411 -0.0657485475099687 -0.0399525102474911
0.147543876637452 0.336559384378393 -0.0363959423996794 0.00841484751016238
0.297925262576274 0.240234856889938 0.0202302729729928 0.0242053686281472
0.318560148564973 0.187722322663331 0.057233935706018 -0.00104026738082755
0.296074076665864 0.239698763480682 0.0661767538571712 0.00777561119098088
0.131363344153147 0.372274020453771 0.100770172536013 0.0278464781580446
-0.0867116860520161 0.409093830096678 0.0960081969556796 0.102547422911205
-0.415765558138456 0.33729396892213 -0.0338739423148318 0.157120592602321
-0.532564121022256 -0.0586309499170631 -0.170472405034109 0.011302338297826
-0.291755141371217 -0.450350306650147 -0.168459980051072 -0.116392792212195
-0.0645641150459234 -0.588595097013941 -0.0177725501340285 -0.0980437491046793
-0.162764129064808 -0.509165380328739 -0.0620828049972453 0.241494897393706
-0.389910249387904 -0.345056571576739 0.115692460926966 0.162691115269385
-0.512040548189616 0.0293256838067998 0.125855258002201 -0.113271315771996
-0.324635188683189 0.37753148168426 -0.00675919061567805 -0.11773580130724
-0.0282019963500344 0.386050583455334 -0.0692755431655571 0.0404252117728286
0.13490924732364 0.312989970370854 0.0138990818021983 0.114045897621141
0.268028575501645 0.227200320857918 0.113128919279778 0.114852872380355
0.279032181430416 0.177334363379319 0.161918997714839 0.0780777341377645
0.249671208396667 0.222620632408193 0.160224890843069 0.0946200626453515
0.0965283369869874 0.328455281386032 0.1533210329388 0.128534477624009
-0.0915633814780211 0.341844432161234 0.0976364232158076 0.18640621021151
-0.349521009091687 0.26841729072339 -0.0364531784709089 0.192499783353258
-0.441081835749404 -0.0489664483939752 -0.139483436270133 0.049445116598435
-0.253906367878393 -0.38277886767698 -0.108169266228978 -0.0152914991641426
-0.0798701831393916 -0.530695852151939 -0.0142894741497646 0.105166156161955
-0.164909890451661 -0.401285102243084 -0.0540916181318717 0.429482497228606
-0.335211855497421 -0.251352103280003 0.182822368325257 0.277288923782908
-0.397903381853469 0.0446783146994065 0.150791463945055 -0.0669917518583757
-0.227788517436288 0.290569540882566 -0.00806578226971182 -0.0727189238669096
-0.0176685221505764 0.280749357883639 -0.0607364969818108 0.11155272270433
0.095297161364627 0.235829488654461 0.0622358890590874 0.203658289424573
0.19464900618921 0.180969817996296 0.189332163329744 0.190837831455273
0.196854944120836 0.140223449781127 0.242322948365938 0.1464044027144
0.167283376259513 0.17279390108763 0.226796025631553 0.165082310432588
0.0457341405793174 0.235029531260539 0.177180518579623 0.20342477682761
-0.0850988778661349 0.219229133059747 0.0795242535996539 0.23540521264981
-0.229210227420105 0.151226137528902 -0.0437136774466771 0.19405111833935
-0.276719509638388 -0.0375075609238097 -0.106678743914444 0.0687832204883407
-0.172577533832992 -0.254308996165283 -0.0465100834122691 0.0552984323220943
-0.0822948688396691 -0.392509017938246 -0.000843660294920665 0.264585587404934
-0.137194449807092 -0.226649519253212 -0.0534514046972289 0.570983935083741
-0.21662325109713 -0.114934379099867 0.223238059301323 0.371887450885863
-0.211450502060715 0.0509989664930059 0.168563408830421 -0.00643489496424903
-0.0902177003897881 0.150364380205553 0.00150902639227122 -0.0294045860038219
-0.00734222075996436 0.124234020095583 -0.0471298083470732 0.152455452329308
0.0352230676847959 0.117354155475083 0.0942954555864177 0.258598510814351
0.0856149068397822 0.1036763968351 0.237193940175574 0.238083670403347
0.0831957406234624 0.0830262931032608 0.288470027791343 0.192093837871824
0.0637316874110514 0.100476287388781 0.256568321641634 0.209215988557305
-0.00521015602809845 0.115935814513162 0.17159245793479 0.244510181878965
-0.0634286878868029 0.082782423850457 0.0481546040592321 0.246384176456038
-0.0894709197768886 0.0352632137639968 -0.0501853203414856 0.168165207694811
-0.0994812537111769 -0.0141133884821848 -0.0760131448383557 0.0740941095977245
-0.0872526857866421 -0.101516284515662 0.00585227128302049 0.091891934980279
-0.0805968486416083 -0.206235533224755 0.0249609709922224 0.360501085478193
0.0665772494994305 -0.0288846059940096 -0.0991881822709683 -0.415160818673097
0.010038393620191 -0.0639166815346032 -0.106526519145105 -0.15918686302333
-0.0634967328872506 -0.0269395719341414 0.0475539641862916 -0.0611340453575728
-0.0545783232081875 0.0617757681092187 0.0537758466811193 -0.125299600396512
0.022890493508276 0.0611429756052059 -0.00612275556752769 -0.225369434563432
0.0496268789192482 0.0189936382993447 -0.142428490217058 -0.271565817861701
0.0515031681387184 -0.0133362919342668 -0.257369283885631 -0.230258318938619
0.0459663729735057 -0.0120488009948519 -0.303547008972038 -0.212088986032567
0.035984689562359 -0.010987500936113 -0.270747029393428 -0.2419573166113
0.0238907943673984 0.0064093603369588 -0.13475717980242 -0.261715828794982
0.00710370224001045 0.0245752795839143 0.00798241318053285 -0.18579046122045
-0.0425229096130982 0.00838790667219685 -0.0252187512806417 -0.0322827626368963
-0.00853440413665993 -0.0599394737329447 -0.161558490858996 -0.0677392731031581
0.0889948748888526 -0.022686794907308 -0.204516521002355 -0.369628417709074
0.0909185358939765 0.0553856906327166 0.0911620562901422 -0.667144727853404
0.0254836852204735 -0.216318249109833 -0.093265715444858 -0.390845376213007
-0.0807502066853279 -0.191821962349677 -0.10547518578495 -0.156016327815474
-0.208782912311496 -0.0488151540352445 0.035575569478072 -0.0812636248635396
-0.174806124845961 0.154840289034877 0.0408424250783139 -0.124462603162476
-0.00864155053731495 0.189034277192047 -0.0119566173993409 -0.19648640485054
0.0903860014267088 0.137374575081363 -0.127296139738371 -0.238066690024693
0.157393061754037 0.0783913418743123 -0.221698023997255 -0.206945169606198
0.1694638015261 0.0613402254224133 -0.257556796090955 -0.197994412651275
0.159526619426188 0.0850638927259107 -0.227233640101879 -0.223476027504128
0.0852262942162338 0.158038801953186 -0.0970230552954847 -0.243427958444499
-0.0184652441742189 0.188339043840262 0.0314335842578752 -0.156849760025654
-0.199950164901072 0.150160018094931 -0.0301215215883289 -0.00341931714629053
-0.223265922832563 -0.0686651414559984 -0.187816201243483 -0.0828385966873379
-0.0491835632246101 -0.203814836075111 -0.232315415531893 -0.372726459198358
0.0506827292441723 -0.19558463287227 0.0494847337171386 -0.63775003098088
-0.0258052032960468 -0.37991047509761 -0.0924061482708918 -0.301729279517862
-0.18171493207443 -0.299478097862497 -0.0858973950761518 -0.122156029641216
-0.345731014732825 -0.0532429079575457 0.0388698394987295 -0.107029870875682
-0.278269077083667 0.247070004348539 0.0273858080428936 -0.137303063509808
-0.0331079626298897 0.301909685131273 -0.0301865222202313 -0.16147695610165
0.124560111855502 0.241156970373885 -0.108247106555671 -0.177897859324287
0.243767166648821 0.159753246663241 -0.159979227951886 -0.151949762066308
0.268358238965013 0.126266972503695 -0.172121930790036 -0.153054076227644
0.257284820698732 0.170514251080666 -0.146424075968954 -0.169284435233679
0.131236711650807 0.286975625306859 -0.0375314626439259 -0.181452012175575
-0.0443805711011048 0.328798126752028 0.0586849561738909 -0.0915403167783673
-0.335630162517059 0.272841587876165 -0.0323529609913305 0.0470571051471281
-0.412797091122264 -0.0718694735825442 -0.204654435627485 -0.0690864392018809
-0.17901220949832 -0.360049861285038 -0.246966915344173 -0.324973841252326
0.00416727001527176 -0.418786252906098 0.0150185986427638 -0.517176366684337
-0.0846766441253775 -0.501239806012467 -0.0907935657839993 -0.154395194751186
-0.29395569602922 -0.370966393293406 -0.0391366902572621 -0.0527407283678256
-0.470685164043541 -0.0307574444203888 0.0597589731821035 -0.13144561778949
-0.349165592071628 0.34175649948689 0.0123310249013523 -0.152986359866035
-0.0422618012210175 0.393167358015783 -0.0539956644789802 -0.111011766351239
0.150555667144054 0.316598066761444 -0.0800533472085174 -0.0928366167879518
0.298908462985749 0.219289708670852 -0.0748190955602051 -0.0720101077845485
0.326697645152697 0.170423605207663 -0.0607617628179812 -0.0842672082398988
0.311450231390943 0.226291871998296 -0.0400600525982974 -0.08821026335242
0.152645433595672 0.371364844401136 0.0360130162511633 -0.0866233174118232
-0.0667087448716345 0.417521506439334 0.0855771368510551 0.0014838312473407
-0.422021730726593 0.353472853360764 -0.031026872091494 0.110929678856528
-0.53804171109459 -0.0631553137660271 -0.203130414990826 -0.0303893025042405
-0.275687188381237 -0.456616623916281 -0.229385279427701 -0.231536099691816
-0.0392354925776889 -0.565918514404791 -0.00954396527876088 -0.327570509925929
-0.1394689525717 -0.555948015531005 -0.0821004439325309 0.040163096833867
-0.385612222983866 -0.396615766662012 0.0356622346321009 0.0495016499915241
-0.548390983561278 0.00644485100333337 0.0931220295206696 -0.141026570229991
-0.372156545154653 0.407655503389158 -0.00293965708550393 -0.153603859594461
-0.0361200409656673 0.436837585580477 -0.0709210510419953 -0.0406577430614931
0.161227690794001 0.349475238585822 -0.0375099661864014 0.012830927557236
0.314804026104433 0.244287761235498 0.0237465307295384 0.0231407523766407
0.335762157127602 0.189530735895175 0.0598278786951325 -0.00337355260261065
0.313097654476472 0.245601667581486 0.0734450216570376 0.00582108885344593
0.14220501831468 0.39116430105436 0.109148086314264 0.0254918190028847
-0.0837241986572943 0.430325349669279 0.105832949522983 0.104748583315583
-0.431075823383472 0.360411286130894 -0.0294256438228706 0.170709335450508
-0.555805386271629 -0.0519349555533116 -0.181999729824803 0.0170103146848188
-0.307732225375541 -0.469177734513581 -0.183094674367594 -0.116117884778706
-0.0714584989291683 -0.611096096404846 -0.0179607390854896 -0.103227811488345
-0.17498364733719 -0.52969575506767 -0.0665835264567766 0.253606776414759
-0.413290457328057 -0.355397708300171 0.12294019817847 0.169442447896368
-0.535643855365085 0.0403385458655382 0.127551891643271 -0.123792428436913
-0.331347912762301 0.402123132518684 -0.0137772031521408 -0.127326617647383
-0.023904831563522 0.405002753066961 -0.0740514687595979 0.0424330940103576
0.14858981139927 0.325599993182379 0.0157468725839943 0.122129157921579
0.284041543464769 0.23245886024221 0.121810548991535 0.117026777060036
0.294288973295185 0.178104049220937 0.171690301098779 0.0783760763889469
0.264390238915642 0.22763856692579 0.173672053568904 0.0957213915516362
0.105721475847866 0.342684978804579 0.165057425339735 0.130311452763913
-0.0895783366103146 0.358465997733109 0.10807763139235 0.191596895834867
-0.361418068846428 0.28610877444398 -0.0309165398111217 0.206186796579831
-0.457770456783434 -0.042874319141057 -0.148430201259112 0.05672997856053
-0.267188368479603 -0.396324766216312 -0.117801867466804 -0.0108496027441745
-0.0887765522979359 -0.551860810705736 -0.011140210555193 0.110734998881526
-0.175897459647161 -0.4178594261242 -0.0545995574967184 0.452013709289634
-0.355191698769609 -0.258549339299597 0.195967451875989 0.289446233779147
-0.415083258039059 0.0554764355511035 0.155227382272282 -0.0762549489566014
-0.232352257582344 0.308654246051729 -0.0130613773020278 -0.0808199676866409
-0.0147945768783223 0.294340230051013 -0.0647876923977477 0.115215399708908
0.104444213020607 0.245596650253531 0.0668023153981291 0.21397097232525
0.206421043251774 0.184510370461283 0.202820773258109 0.195502666943137
0.206957786707156 0.142001956582438 0.258034660239764 0.148369587998691
0.17692469866945 0.17615755686923 0.242295946707509 0.169035844063549
0.0513147524361405 0.245044691444614 0.190566024532074 0.208243581385393
-0.0846344163842743 0.230266460176207 0.0892438023156487 0.242262144327932
-0.235394085257797 0.160952857764849 -0.0391371974276277 0.205731255960431
-0.285074468705596 -0.0326679848732038 -0.112090734065743 0.076153055585491
-0.180707936585971 -0.262399781441191 -0.0521576677715165 0.0614670332142129
-0.0901018469333361 -0.405414147094541 0.00576786991561483 0.276665782233416
-0.147596648984952 -0.235367815034787 -0.0504586176738497 0.600085220918392
-0.229940207258734 -0.116992948597513 0.241114521807221 0.387333517017066
-0.220222247402026 0.05893974376949 0.176302394378476 -0.0135227807123946
-0.0899221976638699 0.158829283474031 -0.00225024133976211 -0.0350029128838932
-0.00645473453493671 0.129288497638832 -0.0500673691021985 0.158335845868115
0.0395041242241458 0.122245010262022 0.101620867388755 0.270430552566148
0.0915705994313029 0.105753293778556 0.25199457477888 0.245146486991127
0.0875432777577835 0.084442610913971 0.306330257380554 0.19535927774653
0.0676285770641882 0.10182254109172 0.272895412561401 0.215033772142855
-0.00401849572121152 0.120228939673102 0.184153004844201 0.251326347319736
-0.0642450665260895 0.08662415955772 0.0561292418832643 0.25369842045099
-0.0908509695176105 0.0369007232917376 -0.0468361313678801 0.176957948635032
-0.100449655474849 -0.0120480261821544 -0.0783086752783762 0.08141968929935
-0.0903522756124411 -0.102006661271487 0.00380147836258661 0.0983597970897958
-0.0861203914865587 -0.211915742481034 0.0325020413829537 0.37669837695551
0.0647878854895052 -0.0209094494684878 -0.0273502780982951 -0.436125073072199
0.019673513285674 -0.063270235832767 -0.0801280244415232 -0.185553279180194
-0.061611576934385 -0.0405275948436176 0.052793201879664 -0.0601530753659185
-0.0677966832794488 0.0519686768775057 0.0664283200742128 -0.116107898995658
0.00883705654120429 0.06678690076021 0.0295023795192622 -0.225726677539121
0.0444594273202757 0.0288132971242305 -0.102220883963361 -0.299062216026806
0.0535894286403679 -0.00397914449265958 -0.226805986666769 -0.279546420803314
0.0477401689546856 -0.0029366455021104 -0.278818179182484 -0.269031852894996
0.0395726969289855 -0.0037350300540655 -0.241096605996994 -0.293440811318811
0.0224162310208876 0.0115388211365187 -0.0952984702488649 -0.29119441326895
0.00140351447265498 0.0256625972445624 0.0404113433864048 -0.187365723267289
-0.0471197189649024 0.000774042921614782 -0.0167086759295895 -0.033894941375033
0.00120396556472096 -0.0661328827638689 -0.154370947018108 -0.0905543214852896
0.0971650909322517 -0.0143172140157208 -0.150513934801781 -0.407689749149986
0.0858775384308552 0.0695969865366304 0.21192023280014 -0.672909275105693
0.060399760012638 -0.214720082233221 -0.0254970418105279 -0.417769820836722
-0.0470870593258786 -0.206927818469012 -0.0824997107228816 -0.184744217550454
-0.201413925642753 -0.088246671550483 0.0342290393562657 -0.0834388432160368
-0.202199030159558 0.125278928822816 0.0430625279273131 -0.115202986941703
-0.0445777911282205 0.189786193047749 0.0187378445535606 -0.190471380221581
0.0657332431072245 0.156905270710591 -0.0901233838626412 -0.258751747900243
0.145273945782351 0.106690697044448 -0.192193590255183 -0.245180054078392
0.158568174469301 0.0965497040737432 -0.233169204592393 -0.247029889547741
0.147114864173541 0.116900274764324 -0.201656374336407 -0.267416095972605
0.0575051704085388 0.177932273101638 -0.0631056139509806 -0.268617844853295
-0.0583009199440773 0.189035766689763 0.0612503574539437 -0.160378233541856
-0.234293690270942 0.119429915726653 -0.0198590683775702 -0.0156961134550899
-0.216306799685655 -0.120284106237957 -0.175915040492411 -0.108097952868333
-0.00868528735185102 -0.228501724800492 -0.175152143644656 -0.406069008285469
0.0952953945256123 -0.202386383681981 0.161365811534641 -0.636063962546793
0.0420222737129679 -0.385923079993583 -0.0423644924217593 -0.335979764283092
-0.128231841575469 -0.331017582738072 -0.0714162510754874 -0.149476634555706
-0.336411772646303 -0.117853145845154 0.0337667275042194 -0.108762592895236
-0.319405611317255 0.200485196825489 0.0224304719497449 -0.127876346923324
-0.0896351569792931 0.298250716880669 -0.00564403414194959 -0.1509342881277
0.0818705653222312 0.267693891281917 -0.0794936972492438 -0.191155392334274
0.218378859631137 0.203537897647067 -0.136083915474974 -0.174215135414019
0.246336529080249 0.180976319448421 -0.151952818665923 -0.186242888421789
0.231036759344715 0.221332132001735 -0.128359410517156 -0.199212793964002
0.0812286093370662 0.319391867330121 -0.0144544962553085 -0.197601728134564
-0.113623595115479 0.329140519957403 0.0808742813659098 -0.0945964606205255
-0.394589113341028 0.222774792318906 -0.0254919592499641 0.0263205394416893
-0.409339633914617 -0.162191309691697 -0.193224050969874 -0.0951354691219698
-0.112296165987731 -0.414036531622641 -0.191762042923386 -0.352270960382605
0.0922932616410138 -0.44327270205314 0.101131326059612 -0.507883306548389
0.00759358246228141 -0.516373753838398 -0.0680185695263544 -0.19112918153342
-0.225581498172865 -0.42404016352172 -0.0382279598472849 -0.07249425960023
-0.46498710116162 -0.117282025223052 0.0510322576679489 -0.12914861759343
-0.406156853602579 0.283251834319104 0.00231429541911858 -0.144001196433407
-0.112808093430234 0.388923611211143 -0.0370697278628758 -0.0993416439187651
0.0958121933820336 0.349690995185488 -0.0637505066986657 -0.0965475119239513
0.264575082785489 0.272442514334685 -0.0612219533878209 -0.0751861429237998
0.296481074964897 0.237541794523531 -0.0478559369860695 -0.0974009495156918
0.275022479977601 0.288132541927127 -0.0318929625434769 -0.0986555545421749
0.0886038990320137 0.41004428583753 0.0443324536991063 -0.0897302593523312
-0.154120370958687 0.41663958362527 0.0947871118712935 0.000387328058644142
-0.497754871480039 0.291637239269622 -0.0306108550191377 0.0854674337384645
-0.537370487683452 -0.178725965916631 -0.195049157950109 -0.0562564389256423
-0.191597072158197 -0.530937530387581 -0.187656626223692 -0.249414470753151
0.0772182591903504 -0.605316046324689 0.0402696133146674 -0.308669930844846
-0.0340822086649499 -0.578806166966724 -0.0946258488120488 0.00351448024442411
-0.31269673912206 -0.462828166547118 0.0182561600288228 0.0432152253409698
-0.547495351149089 -0.0955845281374567 0.0820302489960844 -0.131981715521365
-0.43861855255127 0.34651818726981 -0.0168833384576084 -0.145111234825665
-0.114572652564829 0.434038530814954 -0.0659987864304057 -0.0283159501962483
0.10292706625402 0.385409033605868 -0.0375630186401642 0.0197292756413223
0.276843534523426 0.302612460957059 0.0249568460796066 0.0400277973195096
0.303030178648929 0.25826018616054 0.0630134471057991 0.00674274770371163
0.272891180860749 0.308042518269251 0.0710385288783752 0.0165981110999346
0.0752574656861942 0.426140140389587 0.102119669589731 0.0361652640524694
-0.17370507358562 0.427934478757848 0.100016782347824 0.1079559998685
-0.507250403399146 0.297667731983094 -0.0378445474240727 0.145844546417133
-0.556518365022098 -0.170090937486414 -0.17997118759321 -0.00317775452861238
-0.222832073204395 -0.546439005819426 -0.158467703183262 -0.122554650574212
0.0526620079963929 -0.656323703357496 -0.00753082793877256 -0.078167703506978
-0.072913865503572 -0.556725193796869 -0.116490526353596 0.222614156874383
-0.345334890625189 -0.42977525323903 0.0874460230921785 0.182396686534266
-0.541209672846204 -0.0561299318140404 0.11502616743271 -0.107297225509322
-0.39749929429384 0.347223701058225 -0.0292004778426817 -0.120567501715552
-0.0955888704398988 0.404368488520009 -0.0837356524126013 0.0530851059502943
0.0942221105264765 0.358678641744398 -0.00134308673866687 0.139262748977254
0.247975566858192 0.283072352578295 0.110614563782499 0.152972840897519
0.263708169986082 0.237759012428413 0.16536218412226 0.109250452989091
0.226181272255289 0.279184491468832 0.159903210954311 0.125385147265163
0.0460180000523885 0.371583213525402 0.144723048774248 0.152368918135245
-0.165133619940801 0.352618214840562 0.0881851109983698 0.198955589575851
-0.420894616472612 0.234024146007227 -0.0472254650367292 0.185757206545335
-0.45772181293111 -0.139976024483734 -0.152864871337694 0.0416040637111493
-0.194279056531826 -0.460907880336689 -0.112484176198903 -0.00807279682157917
0.0220011418574539 -0.592605792944585 -0.0379932324559467 0.139913588060827
-0.0927092184713239 -0.443746898022568 -0.13857056654007 0.429370380473069
-0.304447155967848 -0.323483559896967 0.143455387464782 0.320221568766963
-0.424472957919883 -0.020075706458586 0.144287484121328 -0.0535543242105095
-0.280201983811886 0.270671258317876 -0.0274354306678406 -0.0772307553734657
-0.0657555886006965 0.293899513774498 -0.0864352006324301 0.122570894010015
0.0653424762661334 0.269530042861653 0.0344226532139309 0.239335269131597
0.177421664064371 0.221329299881553 0.180346929554491 0.245010410573723
0.183270647611359 0.184194460172346 0.241898482273197 0.19616634807733
0.146366742801272 0.210766770200894 0.220607522340151 0.212462318808592
0.00758750539524278 0.261226619371657 0.160432571941563 0.238674741648808
-0.133600270816299 0.220770169797422 0.0600465737593064 0.251892706283073
-0.270107632292148 0.125721724692136 -0.0600211843305025 0.192050061984772
-0.282421629965626 -0.0920186514995602 -0.121911981151499 0.0661102265862485
-0.132507657334153 -0.30203497918687 -0.0600853274876293 0.0692603074089881
-0.00981654689730049 -0.438933082105989 -0.0483080462815971 0.306682577958558
-0.0958162028841456 -0.255247556470772 -0.159707766371284 0.588013412885944
-0.204482090467118 -0.158487170859119 0.178227900363081 0.431525387221636
-0.228913605634029 0.0187069284019454 0.168522152431034 0.0141640531480332
-0.114021899874522 0.143643114695154 -0.00894506485731669 -0.033860911438074
-0.0278761922485275 0.129263505083802 -0.0796521512448716 0.159116927669358
0.0212937796727146 0.132301436569213 0.0594574343416657 0.298901634631049
0.0748729547946284 0.122294705661604 0.22068967595977 0.300302458074335
0.0737771977731256 0.102259005196068 0.28384428144448 0.252867543877371
0.0484859118088433 0.114960091389622 0.246925546483274 0.264379582837482
-0.026221468215227 0.122834493365713 0.149768737547384 0.283345684125863
-0.0828135621291221 0.0768299782373866 0.0220254341843665 0.262863664639792
-0.0989244149023493 0.022452522558646 -0.0688384868397711 0.169879224168427
-0.0986691241042812 -0.0312321582236679 -0.0898268737009253 0.0751064990600098
-0.0714103297509609 -0.117576953076235 -0.0124205000041414 0.107664182954617
-0.0468510316743709 -0.234829094956034 -0.0353065107713258 0.404756342774897
0.0642600895750901 -0.0257591334561658 -0.0587567838173503 -0.431287029173286
0.0157016389531639 -0.0666462348685293 -0.0921224340182552 -0.181798510027424
-0.0664995397104069 -0.0364437342354355 0.0451901827904533 -0.0672428230218585
-0.0648580273110733 0.0580121749265687 0.0533511735792523 -0.118758046129143
0.0151559582926885 0.0675994116742632 0.0102745390121591 -0.222607118531562
0.0478443177908944 0.0261068177791236 -0.123727869097866 -0.287243050274443
0.0538553824156866 -0.00683282409694668 -0.24344895158381 -0.260010314136489
0.0488796627116031 -0.0062691022043458 -0.297165459587948 -0.245316246754977
0.0391024767331624 -0.00593206438303241 -0.260568313201702 -0.273408781690023
0.0234252087308882 0.0113297510281417 -0.114265106012591 -0.283672991316476
0.00233782508309717 0.0261789496152618 0.0297151781996435 -0.187221780062312
-0.0491007637640462 0.00485051001148951 -0.0162716955276186 -0.0276621409405075
-0.00590449791744708 -0.0658384994741599 -0.159360695763954 -0.0753518139957158
0.0966940722413154 -0.0232933878609477 -0.180873773099991 -0.393552156434049
0.091814806716592 0.0613123468384103 0.158826232898016 -0.682309257658731
0.0471433184077193 -0.216460637496825 -0.058614822495003 -0.412569903091192
-0.0591588491419421 -0.204375239326472 -0.0939390613048661 -0.180419904515574
-0.206886917132092 -0.0725273683616263 0.0249416135251203 -0.0874736244367772
-0.191923872668152 0.141305984443273 0.0290902670012358 -0.116175458601971
-0.0282992153698526 0.193433871113755 0.00271148773253529 -0.18671840318195
0.0789944707068423 0.150558350934619 -0.107797765402908 -0.247456371457493
0.152322701716092 0.0958183747845223 -0.207036129223124 -0.230006661191366
0.165645946141444 0.0826452862844376 -0.250706015903034 -0.227760714834304
0.155186895727545 0.105548089745765 -0.218671269555025 -0.251550962922929
0.0711575253771249 0.173956789931015 -0.0804968117422923 -0.263417325005867
-0.0447809533574104 0.192378340082713 0.0531406076445361 -0.162603572039263
-0.224672677339711 0.137417543077913 -0.0182264373244798 -0.0082660240839118
-0.224555308244722 -0.103412172213034 -0.184450449087003 -0.0904140291222239
-0.0236131695022005 -0.228979932305204 -0.206640741107641 -0.39020419443898
0.0819043479923837 -0.207574949110359 0.112730835832372 -0.643610486048869
0.0174146913270273 -0.384376288087906 -0.0686218852222921 -0.328117030172902
-0.147463452049979 -0.321779533000992 -0.080464312804116 -0.145651320465172
-0.3410226848808 -0.0909401742358848 0.0212816916182751 -0.112895785297313
-0.300345705072143 0.224691732153737 0.00669254245019609 -0.127133552910176
-0.0643194290322755 0.304589926323188 -0.018201133407733 -0.146916642760059
0.103707512385193 0.258747874466941 -0.09115533145805 -0.181106307195628
0.232918080792466 0.185354183232155 -0.146284787618883 -0.164270967545167
0.258147703007699 0.159314729693287 -0.165734170824168 -0.173430908973922
0.246114000008063 0.202419071651159 -0.140044492842062 -0.190191536294132
0.105028117481762 0.313255557014018 -0.0267140905299658 -0.19720373687918
-0.0881797720020347 0.334956842663453 0.0771946761227756 -0.10043826804116
-0.376363894439542 0.251924907339677 -0.0200645423421498 0.0346174835661712
-0.417194952399656 -0.129190263123148 -0.201983098273917 -0.0762120782270042
-0.139750276972843 -0.405391549896323 -0.218353228805114 -0.332202446458168
0.0618385657759612 -0.44430075907107 0.0615113290423961 -0.511556931698161
-0.0273999892322973 -0.510354652530087 -0.0845339493518641 -0.183743628134504
-0.252086495684345 -0.405801648791198 -0.0425283565915226 -0.0713514357807415
-0.466624177699833 -0.0808412662370886 0.0368293390954945 -0.134710075101368
-0.380125374856064 0.313033132332228 -0.0151110716925259 -0.143110731862396
-0.0816148692395384 0.395273648134077 -0.0458747496396364 -0.0939579291576657
0.123688588600232 0.339476251849548 -0.0692692669240648 -0.0882410275396422
0.284413305301865 0.250061504978154 -0.0644731118820577 -0.0721075891173695
0.312206059032086 0.210969833035445 -0.0556156621159242 -0.0934868756223875
0.295418891095751 0.264156669696189 -0.0364672693993718 -0.0976617418633124
0.119818965586453 0.401520423060733 0.0396864303693506 -0.094782162774972
-0.122084565703319 0.425927796673192 0.0984471382356606 -0.00824836565853674
-0.473247637880553 0.327422133476651 -0.0198663079696849 0.093397868562557
-0.544042314545759 -0.136397557083131 -0.202728758145117 -0.0352785858786468
-0.225866283732307 -0.515096637559971 -0.20907510863901 -0.229621431950791
0.0359568777566361 -0.601658092669303 0.0178632361414542 -0.309953459027988
-0.0727835245506782 -0.570201963403034 -0.0970621534097715 0.0109618683472568
-0.339944991561739 -0.437274571346912 0.022543961657599 0.0404358909060409
-0.547104966067772 -0.0499368038135815 0.0676748824682656 -0.14034170698573
-0.405984216621914 0.377785828681995 -0.0340920426989088 -0.14393709783013
-0.0809162555199142 0.439500048887959 -0.0702255800317108 -0.0232438441746241
0.13206639130369 0.373818900375306 -0.0350513076828501 0.0248199021779139
0.297873089299331 0.278058551022695 0.0297342510236857 0.0358246333465877
0.318605410591015 0.23024476493574 0.06380177520719 0.000493975450303601
0.29454787527022 0.284543796524766 0.0744811338645505 0.00855128867467096
0.107426702561574 0.419455229927663 0.106864338766353 0.0261345178191547
-0.139647927028486 0.437024385427014 0.110769462625001 0.0969130087526729
-0.479900139926367 0.334338480331245 -0.0213961076393314 0.152966963489551
-0.561978636602615 -0.125657974791955 -0.183232450686672 0.0155247007562277
-0.256974953392126 -0.528304388938632 -0.171093168476347 -0.104892979445863
0.00626721709159096 -0.650323685259995 -0.0120851915580463 -0.0769700520207239
-0.108642438561242 -0.544629151066193 -0.102514196519165 0.230172743454687
-0.372739415869906 -0.400452217138991 0.100888726276765 0.174671570864957
-0.539061251286479 -0.0134780388425647 0.103051365695564 -0.118401044254929
-0.365068162111581 0.374143586705081 -0.04431787144383 -0.120415960296693
-0.0641773412253057 0.408381787811082 -0.081681777710603 0.0577133727689194
0.122151630953671 0.347195456478191 0.00899108466047125 0.140661774003022
0.267257628520171 0.261493736459799 0.123122836358395 0.141695714219643
0.278651812216341 0.213131904147348 0.172498292189327 0.0944930399930549
0.244654309672382 0.258926253998482 0.17175207321542 0.110164940153869
0.0731526243564743 0.36551523811398 0.156549940406125 0.13820097505246
-0.136088156422811 0.36084263682689 0.105308630789081 0.187884151053982
-0.3990439954585 0.262386709057158 -0.0285420362602826 0.192494860590468
-0.460235967738956 -0.103790837804252 -0.151561229654706 0.0575149837174467
-0.221221670458233 -0.443499120631499 -0.116902476419564 0.00494848564558183
-0.0191833647595705 -0.585798670253371 -0.025889985484731 0.14135773521179
-0.12403651915609 -0.432401921922894 -0.108799936643276 0.436101254544691
-0.326769089454089 -0.297491815704437 0.167554660904655 0.30773662893616
-0.42133766787095 0.0142232467014143 0.136705871869812 -0.0674560001987305
-0.256122616287856 0.289903686131296 -0.038154473481864 -0.0785804154731915
-0.0433821141654899 0.295974307848588 -0.080958781475108 0.126135117673759
0.0855820588636746 0.261392705912096 0.051057897825698 0.236586698965595
0.192519612763059 0.204930980985648 0.19751287895328 0.228559865701511
0.194030311935304 0.166331399860446 0.25558233589144 0.174975563683943
0.160009992032226 0.196285284137067 0.238408212441105 0.19259668581606
0.0269109189495452 0.258139216243527 0.179130474673603 0.222203583419336
-0.115433031505622 0.227813705265108 0.0804447915763841 0.242698904793806
-0.255472695165441 0.143107369719277 -0.0407258344269315 0.197808403650817
-0.282374098271616 -0.069310657807102 -0.11691181305092 0.0791678611559297
-0.14953064346866 -0.288930534736825 -0.0589064883235887 0.0774526565537378
-0.039845186161385 -0.431088355593961 -0.02299622831029 0.307036065070841
-0.114434959580651 -0.246494581505887 -0.117562020469725 0.594024255252572
-0.215386602247493 -0.14095524620019 0.208517839636843 0.416174768640415
-0.224480090575449 0.0387257697327924 0.166705106322221 -0.00183356260639589
-0.0999215992076496 0.150411921532189 -0.0156599244298118 -0.0372666803326003
-0.0192872438092399 0.129518224543497 -0.0712327655998883 0.162036330220662
0.0308681920366242 0.129219665553718 0.0788846295392177 0.292883393801768
0.0828694901311379 0.114398243803807 0.24204244594086 0.282084544910716
0.0798215054976135 0.0941814133645974 0.301586191490068 0.228293025731924
0.0562769622783546 0.108538628138443 0.267075277818884 0.242831821120514
-0.0176200045694659 0.122300018697482 0.170947843400441 0.267825889348171
-0.0755067727061529 0.0806688329563566 0.0432851719103674 0.256090670771866
-0.0934300437687037 0.0276748215210722 -0.0515473530814582 0.174519807099844
-0.0962444396501468 -0.0229027063373972 -0.0821426810098078 0.0843397639036384
-0.0768555236989667 -0.108993611636798 -0.00777197410653816 0.110800242123939
-0.0631660875805225 -0.226907973576373 -0.00308158963564887 0.403491851824207
0.0614528734259238 -0.0284934713671662 -0.0779952308695133 -0.406972745264519
0.0125477889730593 -0.0670123547793276 -0.0959824475064745 -0.173527888878904
-0.0674265772313897 -0.0320650014896179 0.037381368159827 -0.0705385871587058
-0.0603585867631526 0.0608953464923357 0.0405950288151888 -0.11520898790285
0.0196146997593831 0.0656967896819374 -0.00416352191773109 -0.209826640532907
0.0492503656193771 0.0227368891613845 -0.133250890489502 -0.267111564635467
0.0527091218428639 -0.00907652520093667 -0.246107014408556 -0.236763966148631
0.0479091395080442 -0.00910190830603965 -0.298220615277915 -0.217771987647685
0.0383581774490046 -0.00656266427552897 -0.263185601469233 -0.248394592745957
0.0233439622820206 0.0111711693914065 -0.121970222250604 -0.266913542547916
0.00280611065082901 0.0265289302338607 0.0233699339000755 -0.180115258311465
-0.0483894284618334 0.00837576294330891 -0.0139153729690531 -0.0217883125055249
-0.0106178457450783 -0.0631388651570823 -0.156078459534116 -0.0610015249326222
0.0922488982710821 -0.0295443439107662 -0.193732572788693 -0.367476513688675
0.0925428041340455 0.0533673341675617 0.116016716707542 -0.661675622469606
0.0371896646285177 -0.208833726274456 -0.0777608730691289 -0.390478635991874
-0.0650501046026706 -0.195556891892006 -0.0972511048327341 -0.17138956679298
-0.201989470679145 -0.0590960265457619 0.0159091931632493 -0.0886432749390651
-0.176515316827375 0.147827576584659 0.017739332611305 -0.110636990868629
-0.0151104165386592 0.188109179990999 -0.00831641258875579 -0.175267452869796
0.0854282597139318 0.139988522219129 -0.115047539208618 -0.229796935118038
0.152841508512638 0.0838348772039879 -0.208838594805142 -0.210379062575052
0.163780563558652 0.0697033373135548 -0.25250153422381 -0.203539631624266
0.154756866193153 0.0935451068252541 -0.221891238358692 -0.230849632569807
0.0781858945763824 0.164679684455299 -0.0890071368314582 -0.249864561239979
-0.0330584371663921 0.187856389993141 0.0465638394131898 -0.158166028210906
-0.209017217068298 0.144201262905065 -0.0150255888364414 -0.0018315429323457
-0.220633920873158 -0.087719888872521 -0.182912845854072 -0.0729880811187083
-0.0327193071242864 -0.221090974638041 -0.220286148761575 -0.359759240696666
0.0710803933718738 -0.202281681952994 0.0740937458603159 -0.621144274913616
0.000521929571865799 -0.366622607907635 -0.0848868950038383 -0.309062149442921
-0.154974276877441 -0.303230516405933 -0.0831724530315791 -0.137814476098669
-0.329858084484025 -0.0696223923794946 0.0110066419808611 -0.111618676947304
-0.27461576491193 0.232119523137371 -0.00569702381731861 -0.120070696325855
-0.0434892165904356 0.296634159756633 -0.0255276273563099 -0.136814728983367
0.114517672271959 0.242093681494967 -0.0955015356319586 -0.166498524299683
0.233787268607757 0.164918126597815 -0.147562921472157 -0.15233453211529
0.256237172206306 0.137102267795404 -0.168174575371969 -0.157473973446479
0.246555942249437 0.180479936056808 -0.142864707675826 -0.176600474046886
0.117745663882024 0.296263097682633 -0.0336972125699859 -0.189465366489853
-0.0674672321686288 0.325704857735106 0.0720028682221109 -0.10091662481792
-0.346681710008152 0.262471928488141 -0.0131187081429483 0.039593062186066
-0.405337284739954 -0.102227199819383 -0.200384870337558 -0.056784453141014
-0.150458178601639 -0.385546827134263 -0.229528712400753 -0.304965260857063
0.040626624638145 -0.426878985731975 0.0326410168213215 -0.492555938671188
-0.046171241259593 -0.485735067630689 -0.0926316410934819 -0.170180094757862
-0.258923192253162 -0.378177652290686 -0.0429092051088326 -0.0680287766227817
-0.448324770639488 -0.0531647576342654 0.0240800187210589 -0.133028756953966
-0.345079022363498 0.320991956462564 -0.0279140911825115 -0.134968387368987
-0.0555735492013403 0.383365050473826 -0.0501011953331434 -0.0861072058483962
0.137299696735751 0.317020146615254 -0.070013620624566 -0.0788346717438522
0.285788589702751 0.223265553523512 -0.0638351536551854 -0.068052353434741
0.309887860549038 0.183083598856103 -0.0579898551217273 -0.0868041313112101
0.296707128851112 0.237191841114395 -0.0382980696768676 -0.0947685861473969
0.137383890613011 0.379181088041479 0.0350288878347388 -0.0950395645116423
-0.0938257185006774 0.415674322876085 0.0971855666325834 -0.0148509650738418
-0.433481526920916 0.33860927795502 -0.0101264364954089 0.095456458967146
-0.524783767081989 -0.103339772662185 -0.198435137663564 -0.0178247930491141
-0.240362821924954 -0.485710532679549 -0.215122422972179 -0.205048614903938
0.00728206733856583 -0.574759005893029 0.00215131351419572 -0.29828675912818
-0.0950455267293589 -0.539338886378179 -0.095527562285384 0.0167264016888542
-0.344616012828548 -0.404206370928944 0.0243904386601158 0.0356989856965238
-0.524201627366654 -0.019935243171222 0.0532331647793178 -0.140700877476407
-0.366142533928398 0.384253911633328 -0.0469801104277804 -0.136325461176097
-0.0536866693213466 0.424801101024646 -0.0703074518069355 -0.0184060105921137
0.147061230559403 0.349678074679548 -0.0315932822780332 0.0270854486367012
0.299488209207367 0.248174509718228 0.0315700794686497 0.029954117310155
0.316333825130416 0.199970217482184 0.0607966502683118 -0.00306501274566511
0.296586433239089 0.255167973377018 0.07391407560088 0.000783939587846555
0.125327473334319 0.39820077657703 0.105515930940693 0.0167595601640513
-0.109592003140031 0.42545362493909 0.113914296640349 0.0842573902638459
-0.440813762016381 0.346563618972299 -0.00789572433865891 0.151681125412625
-0.539704921591434 -0.0929325068288459 -0.176769403550301 0.0307490188545001
-0.268028505120355 -0.494791187048944 -0.172577990658673 -0.0874519960051496
-0.0223669434965684 -0.618861378625628 -0.0145970742556023 -0.0728641232182692
-0.129676329764897 -0.514727129840431 -0.0893902337760758 0.226349379871884
-0.374548532343072 -0.365692299370723 0.106735202638511 0.160762703290726
-0.51205726161753 0.017057524706104 0.0891072957003145 -0.121669635593423
-0.326100668293432 0.378328139651979 -0.0552478324508582 -0.114296878882215
-0.0393887528572316 0.394001044655172 -0.0787472019240562 0.0592581648012943
0.135583942803215 0.326060732713926 0.0154329628040205 0.135617158383655
0.269434893405188 0.23486851510825 0.12576350111237 0.127213437783456
0.27634971036771 0.186926146056705 0.169928522507762 0.0809771996070088
0.24806374457409 0.233440703147872 0.172219399627013 0.0925781560440064
0.0886036755658284 0.347013273048116 0.159293292437826 0.121782491676353
-0.110515693958658 0.351358699045941 0.11341762521194 0.171146376908858
-0.365483339878864 0.271950708483504 -0.0127235568430907 0.18854492646942
-0.441298877980209 -0.0756923142856768 -0.143697060144649 0.0686102660668269
-0.231640067454035 -0.414656452515821 -0.114658152371893 0.015773763937313
-0.0446718147075084 -0.554950305080525 -0.0164233822987738 0.136243858976259
-0.138033065835957 -0.406142883274166 -0.0844441764826606 0.423366726273928
-0.326406900323976 -0.267149213802273 0.177650494527831 0.285728800829967
-0.399226066355354 0.0387609528179526 0.124547096701714 -0.0750357676954357
-0.225692447376883 0.290756983243591 -0.0465778059596745 -0.0757418470156137
-0.0266103751624029 0.286001585743807 -0.0747620451459056 0.124049422425034
0.0954304517183313 0.244880044077489 0.0600287265016998 0.225665550090079
0.194607590368347 0.184722228672795 0.202100027683904 0.206874909945229
0.193111831209127 0.14638826254014 0.254272209492008 0.152667067405976
0.162568126889429 0.178081713306392 0.239897746286381 0.168619792343037
0.0384604369012455 0.245215708173828 0.183507052264677 0.201199987385594
-0.0977761657678178 0.222719210698461 0.092010670124589 0.224718392538619
-0.234252467746331 0.148767258614766 -0.023970493577093 0.192739562417972
-0.268825520911027 -0.0513977696071279 -0.10794390913665 0.086040762786276
-0.154498750298498 -0.268421817631915 -0.0557008882204742 0.0817731885390151
-0.057923688810367 -0.406521572236212 -0.00509149132598546 0.294722404477115
-0.122344502903591 -0.229718347092536 -0.0832961270030474 0.57461354555856
-0.214382535642541 -0.122379975785185 0.222793190709021 0.388130066315078
-0.211141405767318 0.0516628295998914 0.157937496511135 -0.014166625911171
-0.0850955491023875 0.148422424609019 -0.0215991002382955 -0.038794136011023
-0.01239419581112 0.124556871182661 -0.0642731121605765 0.157168699719194
0.0364514168722999 0.121645947526272 0.0888203945858294 0.277710994963217
0.0843823607920506 0.104001160700463 0.246480395027764 0.256830767889313
0.0795912184728798 0.084459729301441 0.301115546245014 0.202646182135786
0.0582267948717377 0.0993150575091336 0.269080106428582 0.217025981869842
-0.0110542764235995 0.117947072314429 0.177516428563286 0.245225478666894
-0.0678980092540409 0.0794559573864966 0.0559187349380638 0.239636870463979
-0.0854073068227739 0.0293776274006034 -0.0358923196026052 0.169272690224662
-0.0894666064769164 -0.0165612723677782 -0.0721785850208045 0.0879075303174113
-0.0761186337331542 -0.0980871539127577 -0.00525414692287223 0.109583105676052
-0.0711350691586096 -0.210634660023044 0.0197216746699213 0.384845227193881
0.0592478873590446 -0.0286059837849383 -0.0804124031905971 -0.387270496098209
0.0113167975893179 -0.0669350096080199 -0.0929882769323432 -0.167444474923538
-0.0674541392243685 -0.0300626118299955 0.0314416874252322 -0.0708109138777715
-0.0578141450424653 0.0615446389238456 0.0332010593757642 -0.108188464722925
0.0218869609054488 0.0637073455413082 -0.00864212080728333 -0.196756024996406
0.0487054984894649 0.0211177583645565 -0.131382742435786 -0.25118410374619
0.0519589096808004 -0.00881914398820612 -0.237801881066941 -0.222549870251787
0.0470626694037783 -0.00968012809902263 -0.288089578742633 -0.202071867726517
0.0373772773159885 -0.00588932690618357 -0.254222599011283 -0.233282300949373
0.0231618279052244 0.0110089548443787 -0.11857810346754 -0.254138336047905
0.00183388729377539 0.0262092603956273 0.0239944534310689 -0.171741347726141
-0.0475732161896636 0.00994360307456876 -0.0102457568545903 -0.0169490705452278
-0.0123163607455658 -0.0604911671570605 -0.14895267668709 -0.0525071346304449
0.0882002259371714 -0.0318439173351813 -0.191183027822192 -0.346127238258411
0.0898701531482867 0.0483410695374423 0.101322214407702 -0.630825231035764
0.034828221391902 -0.199242372249326 -0.0793059090012363 -0.368359327006081
-0.062999985906672 -0.188600921466004 -0.0954206145083419 -0.165299309875516
-0.193774537383901 -0.0535627081853776 0.0106258672581213 -0.0868557818262183
-0.165706835825085 0.145449768528785 0.0103645372327234 -0.102543493342731
-0.00909768406323375 0.180521796987295 -0.0110047911703412 -0.163937853859975
0.0850168816043868 0.131820483133804 -0.112308907797803 -0.216000798619174
0.148579224794573 0.0771935406910214 -0.201301885122411 -0.198623185082203
0.158532724154524 0.0626278506307348 -0.243860311647606 -0.189801046307568
0.150028676277671 0.0869277310162868 -0.214099518259932 -0.218045786910931
0.0774191310570966 0.15757404575774 -0.0866718832535318 -0.238550425101497
-0.0290361199851961 0.180558396055831 0.0460324105938054 -0.151606407544421
-0.19786228928764 0.142353930974442 -0.0105905904538907 0.00298644786140777
-0.211215084517919 -0.0813416738123222 -0.176997807816458 -0.0621817691700458
-0.0324906934913622 -0.213080951098766 -0.216079736703743 -0.33864256642654
0.0672095831873526 -0.193105959966555 0.0614189918615215 -0.593013176377999
-0.000574614279994411 -0.348141151203385 -0.0860954966651052 -0.291117619121838
-0.149327835691156 -0.290094318978125 -0.0810598471350836 -0.133363763764393
-0.313992925401772 -0.0610181523648161 0.00510406632661023 -0.108347744265759
-0.256560261144692 0.227624523499078 -0.0119427905466557 -0.111837617085788
-0.0355594269415353 0.283533282912489 -0.0275220486408486 -0.127968764201515
0.11382388335835 0.227856038885505 -0.0926343017874659 -0.156420373777948
0.226628217271462 0.153286638019944 -0.141907518312882 -0.145063429595109
0.246246310217914 0.124749992631232 -0.162658465400097 -0.147420458554826
0.239223657024991 0.168278959921288 -0.138063066974233 -0.168205900048292
0.118362939897543 0.28239095092913 -0.0335171492013871 -0.182102443031033
-0.0594087950948571 0.312541599615932 0.0710191643858901 -0.0983997085734223
-0.327240526250425 0.256696354453143 -0.00785318992017065 0.0429118059072654
-0.386190680841134 -0.092668883456176 -0.194290698118005 -0.0457585438007825
-0.147560563775948 -0.367899443780411 -0.22540216771003 -0.284598245943284
0.0356537888532989 -0.405141563221073 0.0242163329388539 -0.468486315741403
-0.0473447724664687 -0.45887450046251 -0.0925595584944776 -0.158684214004137
-0.248618727288646 -0.359079605706193 -0.0417407140795814 -0.0677008724663986
-0.425466773692439 -0.0432996900098617 0.0171535447366087 -0.128950613077721
-0.320752118450031 0.311819075131617 -0.0344403570734478 -0.126112891690578
-0.0458263106209095 0.365507774109979 -0.0507811560663963 -0.0797877700311415
0.135641724026315 0.298711279843966 -0.0663978051822292 -0.0731333481254072
0.276405345256872 0.20752531322006 -0.0615888106423114 -0.0665918269185821
0.297918775649251 0.167978496173433 -0.0564419905455283 -0.0824987476508706
0.287390152703743 0.221022722947169 -0.0362819203613237 -0.0922884423008952
0.136518258326512 0.361384548932671 0.033403804498133 -0.0930038826473586
-0.0838333623736057 0.397068979171116 0.0948662433944034 -0.0174782250318997
-0.407306622487229 0.33048349104554 -0.00286754088886652 0.095921160577428
-0.500121160940296 -0.0917800241352425 -0.191944098664007 -0.00758533525230108
-0.232932243784077 -0.462722794716466 -0.209549418691574 -0.188583528280808
0.00309227491908434 -0.545391604657635 -0.00238432629038697 -0.282809114811246
-0.0934320920353681 -0.510141899110828 -0.0928684184132622 0.0188840160570735
-0.331941715904174 -0.381937194428599 0.0242652608555739 0.0314634840200154
-0.495377972505494 -0.00992029079936406 0.043727542613833 -0.136383567862098
-0.339987062266758 0.371795003097114 -0.0527096810656253 -0.128442946698499
-0.0427950801993315 0.405854486690257 -0.0699945680120816 -0.0158930778091623
0.146788883072368 0.329909626873438 -0.0295525161050269 0.0282358675772708
0.290428911238627 0.231650271996927 0.0304885828091446 0.0259104401878936
0.303983335650532 0.183748678973598 0.0579083716270143 -0.00502412158042729
0.286920317197907 0.237765342272559 0.0716995291988173 -0.00351101387378613
0.126212141996466 0.377478428476933 0.10199479489387 0.0120195385505596
-0.09845916135244 0.406597491908368 0.112179934649992 0.0762536823164096
-0.413852732003074 0.336001440683766 0.000292835746146846 0.148332194999121
-0.51195352937255 -0.0809603036170101 -0.169723440803639 0.0379630943936821
-0.260586049863135 -0.471920112906081 -0.168061897997585 -0.0754153604564348
-0.024274684331814 -0.584805746072645 -0.0140276581324041 -0.0696904061163799
-0.126673553587683 -0.487305987858374 -0.0845519148843849 0.217785991392219
-0.360782775318224 -0.34402630264593 0.104980240352708 0.149951480722503
-0.484724351932293 0.0252840395843366 0.0783590154249636 -0.119621909582205
-0.301431449268271 0.365941255108338 -0.0606109937305144 -0.10905073365946
-0.0304042379888772 0.377790651250374 -0.0774178623274137 0.0572298802853529
0.133839873652137 0.307302440600619 0.0158090460635502 0.131019540343058
0.260062076171088 0.218880581406348 0.121938031301228 0.117004327391575
0.264601559501431 0.171442078522393 0.164009915338153 0.0733221777717784
0.239012655593838 0.217464694309624 0.16666630487802 0.0828231219863609
0.0899995126642799 0.330566608042553 0.155528375686286 0.111403140630666
-0.100111097209766 0.336996942015538 0.112166858169327 0.158334642988382
-0.341996442134231 0.262989901610777 -0.00378409900667918 0.182476038480895
-0.416664349995016 -0.0661678488632766 -0.136388130446728 0.0731918565685929
-0.223512997162853 -0.394344205064198 -0.111834427005251 0.0222316384854088
-0.0460305510639336 -0.523826890323568 -0.0121539811912395 0.129262742985132
-0.135515787306976 -0.384478833281324 -0.0764586101288122 0.40520431241147
-0.314644798729112 -0.250332973509841 0.174285811471824 0.268880868997332
-0.376990685676931 0.0451710333869457 0.114392507967405 -0.0761731913672348
-0.207682632111126 0.280127580451113 -0.051368812450393 -0.0740099549895345
-0.0211596120611253 0.272439860619588 -0.0738927348934305 0.118792251047787
0.094598251496923 0.231500954140219 0.0594822728281128 0.21573818615995
0.187220170944825 0.172139171214059 0.195898625443923 0.193691792027292
0.183976609089471 0.135160233175595 0.244884620933647 0.141296449875658
0.15680228560861 0.165672541527018 0.232043936105237 0.154600362937921
0.0397958367762821 0.23420296509651 0.178925495563729 0.186933869219317
-0.0889348570257736 0.212691330701194 0.0920544208471781 0.209541167587543
-0.219017789462737 0.144168659258465 -0.0146266777183523 0.185170745400775
-0.252969435445623 -0.0454569970175305 -0.100650917572471 0.087615261874536
-0.14657481341007 -0.253450789449202 -0.0547740855473292 0.083277395177392
-0.0582956912261915 -0.382863558254813 0.00126234312930592 0.279959819850858
-0.120153328700615 -0.216526616655784 -0.0735503727763339 0.549031841920212
-0.205993993737341 -0.111659512165472 0.218630343876169 0.365964971352433
-0.198190278328895 0.0547380212446304 0.148111876252355 -0.0189520054591736
-0.0766447134807806 0.141537655274205 -0.0256278432400377 -0.0398479889227246
-0.0108551159202235 0.118449274595021 -0.0638555319167255 0.149895240554627
0.0357858339508245 0.115165365083157 0.0863922498595003 0.265837422618184
0.0808142844716843 0.0970156720033451 0.239797187340716 0.241924790705119
0.0753806305055235 0.0786682458803691 0.290067665409523 0.187821688178076
0.0554923160875044 0.0924614094182726 0.260740828830731 0.201132865677909
-0.00980626838980684 0.111756632826236 0.173712935623442 0.22928184489445
-0.0633626457140193 0.0753206740736677 0.0579142904617277 0.22465473688403
-0.0787147562694746 0.0274250326187375 -0.0270237307240798 0.161526725506196
-0.0817971896700261 -0.0140370009428827 -0.0653287758591069 0.0867430595421306
-0.0708755629848279 -0.0912956639166196 -0.00641181947221499 0.108539567468425
-0.0696952077855964 -0.197605888297022 0.0256299542404321 0.365611242948733
0.0592946190301101 -0.028258170834186 -0.0735737091068402 -0.376850321327612
0.0118879038775483 -0.0680875694830782 -0.0897230368317028 -0.167538163813645
-0.067960960618351 -0.0303616739327634 0.0274686063586185 -0.0721394216573963
-0.0581156482098668 0.0616380084778863 0.0295465371449618 -0.103712236036631
0.022783486900682 0.0636770851549165 -0.0075122290842819 -0.188427743752672
0.0489383035166785 0.0206948367347135 -0.12590773153515 -0.24469041788795
0.0525804354470962 -0.00813777163902348 -0.230098735626713 -0.219930207241762
0.0475974085795233 -0.00950395199244762 -0.278590804499593 -0.199396647260278
0.0377164156965857 -0.00419974548616444 -0.244992741007592 -0.230128279842474
0.0235625930899189 0.0123539391516924 -0.111850112399569 -0.251217438927442
0.00161868475996746 0.02705684202905 0.0296937934162265 -0.167635787633738
-0.0482122323624792 0.0104774376174029 -0.00647141557307373 -0.0127735711096475
-0.0126963145408495 -0.0597338115931237 -0.14455066883329 -0.0485084042212092
0.0866189761324235 -0.0328771994795084 -0.184651089852444 -0.338063019965641
0.0882565077703819 0.0470914634344492 0.10366120475914 -0.612101105040731
0.0387863072423896 -0.193864630500886 -0.0739464096201918 -0.357841553336382
-0.0585826985155857 -0.187829177570221 -0.0914552459927418 -0.16576265957542
-0.189003304303047 -0.0541046598836677 0.00745747350876016 -0.0871238309147532
-0.162353470447008 0.142779960307536 0.00732970770814666 -0.0974587353411707
-0.00817788729947335 0.177287967623716 -0.0100277551778277 -0.156843446603432
0.0823589069547978 0.12849747029484 -0.107009160956323 -0.210442071587132
0.145785222933869 0.0768609433650803 -0.195269149773877 -0.197216498062359
0.15482414574829 0.0610992407971701 -0.235972693759547 -0.187530880599967
0.147206521461621 0.0871178875364399 -0.206127957761967 -0.215914337573073
0.0753489973015871 0.155759262813155 -0.0804587606559424 -0.235476088602985
-0.0302411959159332 0.176824390502722 0.0502933865353209 -0.147901597914719
-0.194980991387732 0.138392373865749 -0.00664107243464031 0.00698494093254218
-0.204984114488948 -0.0818203514884135 -0.173102355707842 -0.0574560918000434
-0.0287408790737321 -0.210980203148284 -0.208122769044954 -0.330493772430721
0.0701087355009648 -0.186676931104322 0.0649208867703483 -0.574944177026232
0.00716962687269343 -0.338287183682271 -0.0819481758241115 -0.282964331125873
-0.140390125367832 -0.286753285383605 -0.0776707042811681 -0.133985282799681
-0.304092519270397 -0.0626332679886429 0.00133762403861033 -0.106796504015197
-0.250420203560782 0.221602884201744 -0.0157103139038355 -0.106714475777135
-0.034298001120661 0.276713912095322 -0.0259954703777699 -0.122120102905294
0.109645264374482 0.222670633740996 -0.0881838517852012 -0.151916875593097
0.220747949520769 0.150741133597286 -0.137114169259402 -0.144222800338567
0.239953982256778 0.122085016657743 -0.157152090988189 -0.145397064559119
0.23279122529227 0.166558432996115 -0.132437371100431 -0.167051388690473
0.113972015892523 0.277993442912015 -0.0290968971642034 -0.179713839757464
-0.0603256155530488 0.305275424311516 0.0730101666741472 -0.0963629496788535
-0.321627064048142 0.248235094074159 -0.0033555658230305 0.0464299657793666
-0.374438775458768 -0.0954278987392385 -0.190496075618561 -0.0406077718421839
-0.138337894625857 -0.363957887836247 -0.218554692424548 -0.277863739433371
0.0429400095666813 -0.392619918033895 0.0289838759475931 -0.456753594130554
-0.0361793191332867 -0.446368592002297 -0.0898870596460671 -0.153909181861368
-0.235836604393201 -0.354760339741706 -0.0403964597010719 -0.0688108854596918
-0.410641649274838 -0.0467825241286281 0.0128432809432239 -0.126991955445578
-0.313064494523092 0.302550265891548 -0.0378705962946559 -0.12094426841966
-0.0456769066145352 0.357174058219324 -0.0499452648267134 -0.0766961922193302
0.129996944601708 0.2921884537211 -0.0639186390779062 -0.0698263712495653
0.268118582421376 0.203312291149363 -0.0589825459694483 -0.0673932569604557
0.288327278710853 0.163672394274439 -0.0541411845914545 -0.0808621442738903
0.279318700247917 0.217450123939767 -0.0346113513004666 -0.0928151290041439
0.130912256661709 0.355919432124949 0.0355433850143232 -0.0927228249438662
-0.0847038692711983 0.387522286640946 0.0957830995762023 -0.0182669150033999
-0.399826179326541 0.320201067980652 0.00224412773549704 0.0971838846922287
-0.48308886997246 -0.0952309871792879 -0.188566913310571 -0.00345580152441042
-0.219375836385956 -0.456446243072905 -0.20406816795955 -0.182611934368353
0.014068310667139 -0.527630186757264 0.00122929201839134 -0.275512458182234
-0.0808514553637615 -0.496747811022807 -0.0923504177336754 0.019028308908939
-0.31637773946467 -0.377869562163758 0.0232363975068591 0.0289397625678019
-0.479467981078649 -0.0133092439496841 0.039377753337073 -0.134293600843244
-0.331034208140552 0.358423645179557 -0.056216261532741 -0.124198572249773
-0.0438725283426472 0.396641838970346 -0.0703473034786376 -0.0149915576765405
0.138218313737548 0.321945400792151 -0.0295416429839819 0.0293550078178838
0.280736916042502 0.226572366569304 0.029987096207253 0.0233299176118341
0.293800152463673 0.179379599367913 0.0565033697137639 -0.00366185004661551
0.278246423969724 0.23380401898732 0.0703962738302798 -0.00550407194378435
0.120268562161494 0.371926527667149 0.101497775599676 0.0106999389067087
-0.0977681273108536 0.396192312812752 0.110534115649777 0.0726610496243826
-0.404869082839718 0.323763970282431 0.00518560014862878 0.148140516271306
-0.49384153584272 -0.0852165764893486 -0.167576362090586 0.0412082426157541
-0.245759423345957 -0.466112346371129 -0.164840665179786 -0.0705818059356084
-0.0134307152862106 -0.566191897835964 -0.0118118910621094 -0.067708838120789
-0.115565998858841 -0.475410606713537 -0.086579124402641 0.212584282213195
-0.346134952164703 -0.338710171347203 0.101001994874879 0.14582405374513
-0.468205898786846 0.0204673033327353 0.0730396983461942 -0.117830107258372
-0.293633301139768 0.353791013906527 -0.064276317659089 -0.107078339468677
-0.0333696806701465 0.36691559003061 -0.0798620366257837 0.0550472766514348
0.127238022387342 0.300194294677151 0.013299653242613 0.130354661508613
0.251327219469948 0.214122589095138 0.117957645039076 0.114140684686656
0.254663602308718 0.16734153725238 0.159332146947612 0.0723522675533446
0.23071341225804 0.212998895021436 0.1617146391569 0.0798931405274375
0.0849577202016609 0.324388816908155 0.151802978374574 0.107867373032494
-0.100262321698229 0.327766982698385 0.109748345368669 0.152387260249633
-0.334281198693145 0.253582017352859 0.00113301427285153 0.17963365823692
-0.401331457987641 -0.0696996898107759 -0.134013116398828 0.0750173204329838
-0.210402056721869 -0.387679905285349 -0.111078043218018 0.0252917237728278
-0.0342651334610931 -0.50709840910087 -0.0115777501061621 0.125281748252978
-0.1265947219952 -0.375463275201681 -0.0799239386102803 0.394583314985468
-0.303365005806487 -0.246200549184594 0.168920958745182 0.262952552618103
-0.364477235718733 0.0415778736600691 0.108802948901057 -0.0752710619236567
-0.202398797038012 0.269686485064878 -0.0552298700101731 -0.07442183217926
-0.0232052803297264 0.265230411077469 -0.0774167477574482 0.114650002831691
0.0894018205003621 0.225880682076818 0.0541430515578299 0.213632835622129
0.180358455474386 0.168380127151779 0.189851554862008 0.189790151820008
0.176539030726712 0.131831456236978 0.238501499999701 0.139818748268453
0.150440902770124 0.162043364214245 0.225236313086359 0.150957854635106
0.0363947338814329 0.228910807649117 0.174120505354023 0.182062438309121
-0.0890789950059699 0.205447483899406 0.0892067013675582 0.201759005147798
-0.212162991189183 0.136555212337832 -0.0109585546284469 0.180542801801919
-0.241596453159735 -0.047045332929702 -0.0977555133367673 0.0876095940685335
-0.137490136116815 -0.248667605106908 -0.0562811946945439 0.0851466263337683
-0.04974133049122 -0.370241906736921 -0.000450085492878105 0.272113108800957
-0.115013740669522 -0.21159896144689 -0.0778578916670386 0.533393595837887
-0.199436675055336 -0.109558582660401 0.211971346200188 0.359023851141393
-0.190614832125054 0.0539420005378109 0.142690501283799 -0.0199241781874678
-0.0740289308699814 0.135579858216137 -0.0297907711491707 -0.0420627968303485
-0.0127247219217599 0.115445294246103 -0.0685077909311701 0.145389876960085
0.0329841158594113 0.112882870953616 0.0801060275868787 0.262434606037819
0.0766148037718159 0.0951722499803674 0.231962047836229 0.237991778316422
0.0703998923313397 0.0762616397732728 0.281661279468112 0.184883293954604
0.0518291443338409 0.0894172928864996 0.252409331535888 0.196411448621956
-0.0113642197195304 0.10933008357368 0.167960321016549 0.222807653163473
-0.0623534942024907 0.0712210991937913 0.0559621844053174 0.217310968304741
-0.0747111774655973 0.0238561626583252 -0.0236179966664433 0.156148706696292
-0.0766580050936242 -0.0139364314514069 -0.0622075106371645 0.0861807200215605
-0.0657482735835798 -0.0882265738526546 -0.00896494912248725 0.109577362980425
-0.0648959983510721 -0.190695689265525 0.0228610853507397 0.355642975668272
0.0403553470949916 -0.0443260872762235 -0.218694141587889 -0.31775240336778
-0.0172985438727701 -0.0657578689998044 -0.155936152145933 -0.119671777347243
-0.0775365426347837 0.000368194467920769 -0.0120861953626101 -0.0754351500585154
-0.028611299165486 0.0823592195615195 -0.0185635186709306 -0.0996716994956752
0.0461515415577316 0.0509688674095232 -0.0834522075370673 -0.164554662683642
0.0533546326560352 -0.000151098043749652 -0.216995138742769 -0.168622926418518
0.0462057522508278 -0.0298059899656565 -0.30261214653019 -0.10642063533152
0.0431576739227445 -0.0273918944248315 -0.339601007532834 -0.0632676813064084
0.034346834762518 -0.0201175678744426 -0.321795668445501 -0.105901293139268
0.0272740486787954 0.00226890842228828 -0.207731636341206 -0.183110246185702
0.0119118662818523 0.0254005378799035 -0.0406085690488705 -0.166845554135943
-0.0400672068985259 0.0312778939215186 -0.00932095438023468 -0.010219754108768
-0.0392461804910111 -0.0518782404296373 -0.145758046868645 0.0182549804590697
0.0645164907050754 -0.0735414431561518 -0.30474702435945 -0.227555528246017
0.104032735772618 -0.00142565852076979 -0.156168563369465 -0.59985951446888
-0.039471259170363 -0.189167065074952 -0.217596706016471 -0.303849049028962
-0.126740598100558 -0.147280222273772 -0.160037355615045 -0.115369237032529
-0.195383867157838 0.0254638359755711 -0.0393001936444483 -0.0741405449120169
-0.0882281640484307 0.19420702660777 -0.0370208007629879 -0.0776376758864257
0.0635927733353491 0.165153253236702 -0.0683929930798178 -0.132627845988707
0.127393534695741 0.0848427379585651 -0.181703930341623 -0.144576452392031
0.164448111081989 0.0096380343872828 -0.25708449378734 -0.0995164937985467
0.171099199086985 -0.00412184231682127 -0.295327672062455 -0.0690566232974449
0.172876281196815 0.019877532190798 -0.281848081543402 -0.107813320773057
0.134598809373106 0.113722942030897 -0.175788844139699 -0.178757202178719
0.0446050058200531 0.178205358227787 -0.0208697077221824 -0.158231138720321
-0.119513865572672 0.209203433471653 -0.0136239544871792 0.00308894861535578
-0.227949399824705 0.00565248467989001 -0.176865111241141 0.0159913392134614
-0.117361729763721 -0.191346358971049 -0.316538867877755 -0.215426251273889
-0.0149505569704911 -0.212340229345003 -0.164313729330389 -0.548845720889089
-0.121565434679414 -0.311654238751436 -0.200762521786335 -0.232371772157321
-0.237872085421698 -0.206422652365857 -0.137543725493569 -0.0905518413287814
-0.301863651458042 0.061984787142852 -0.0550689143658213 -0.0845970438109251
-0.134785473110889 0.298645893656616 -0.0622061977322819 -0.0697472532703527
0.0799662354477115 0.266242325715612 -0.0651535980492816 -0.0920114521312656
0.190348508776189 0.159783281692082 -0.136498534408484 -0.0984822384696777
0.262425751480247 0.0471354518662 -0.177708959367574 -0.0743997496067015
0.272883029583771 0.0184269237260584 -0.204730892323848 -0.0634544073371701
0.284428839835985 0.0579913338884153 -0.194238749728374 -0.0938854896934495
0.220965691084639 0.211094977451504 -0.10700286272137 -0.14753223647903
0.0697456694426932 0.310946921340901 0.0149458506285884 -0.121967429420816
-0.188202316733013 0.362881972379122 -0.00439310361245674 0.0328483219717734
-0.390897385834932 0.0618728312192748 -0.186657800996861 0.0330176000602532
-0.282319493358703 -0.287267625337596 -0.29562066436867 -0.166737147984255
-0.130977663646188 -0.391899009122661 -0.138714102215903 -0.422190435662456
-0.19963982507785 -0.394760079160493 -0.161531898561119 -0.110994302470838
-0.349974851982869 -0.231984300764149 -0.0777133865216054 -0.0439263968538496
-0.392458463617288 0.117198161365802 -0.0540825509158598 -0.101231346370696
-0.158437180261236 0.395034216488496 -0.0885290899164023 -0.0685397133239898
0.101471045652185 0.342347482890192 -0.0656068367227497 -0.038758156661517
0.236527933155198 0.214847271925996 -0.0779730674934972 -0.0329894728471249
0.32584215765538 0.0762058453782114 -0.0707275001830235 -0.035696780586713
0.333828419951858 0.0382374151301357 -0.0828996136448252 -0.0484288882185663
0.348108003749796 0.0868485931158813 -0.0736613850112154 -0.0670655592715978
0.269127897593294 0.277420319425005 -0.0120448861781214 -0.0938883442097736
0.0810318968253316 0.396937632735283 0.0631719566435893 -0.0608294015266535
-0.22894023919345 0.460986054170932 0.015239454367145 0.0738171671147545
-0.491079258604594 0.105108195823128 -0.170690794238887 0.0616264975109564
-0.395975634525949 -0.337567667936666 -0.238381631155298 -0.0900467635613214
-0.21716482381621 -0.504006412417231 -0.0808350564691739 -0.245686703425114
-0.257732386309636 -0.425276553650615 -0.0969488870592045 0.0487615489924622
-0.431586444140887 -0.22158271059943 0.0210408815492197 0.0206580078157204
-0.441437278897797 0.173145292802656 -0.032167221836656 -0.115741079672575
-0.152552489059997 0.453853125803757 -0.1066809125874 -0.0623931560398371
0.118827430463396 0.377460646092346 -0.0573546189640866 0.026458630612871
0.257943993177807 0.238105322269492 -0.00371300031781067 0.0438636148923841
0.345831397350618 0.0927479288494018 0.0504101767064803 0.0105194041630673
0.344368226169239 0.0504770438973185 0.0513109883160102 -0.0259444747634691
0.352582931367671 0.103404730037712 0.058983950784396 -0.0319365370351186
0.265676794372925 0.295490003000071 0.0909281884981258 -0.0278046801924965
0.0712429151102925 0.410219081963798 0.114360242460345 0.0153305378331257
-0.23294184711267 0.466142177672044 0.0384280400783851 0.117334814629215
-0.49769679563247 0.120064410177377 -0.132354414652865 0.0920039667840076
-0.423195344351189 -0.332331942850194 -0.155773089780232 -0.00529922626341079
-0.259042222427769 -0.526312160766004 -0.00594840415774937 -0.051688153175937
-0.28012564040972 -0.392481064249825 -0.0143052480089983 0.225518833380528
-0.443962414726954 -0.177337204747686 0.14211430863862 0.0967724156071548
-0.417666029826852 0.201138009571753 0.00739525181426694 -0.115371169501659
-0.119634486384137 0.432203641558639 -0.106694543573067 -0.0455857454476017
0.11797932479257 0.345705132668648 -0.0382583043596157 0.0936487064544109
0.238500020099292 0.223001893838417 0.0771252684036058 0.117926913919397
0.314123266755793 0.0933783962141242 0.168715415672798 0.0568228315804284
0.302458526277532 0.0542128121556556 0.17798268565722 0.000157781779687673
0.300961471386188 0.103898179199832 0.179303193691061 0.00550294840226724
0.213208994875768 0.266339054052148 0.178646377686332 0.0377706411560986
0.0412861361003117 0.346713653910195 0.148587251362497 0.0868508364922595
-0.195914117279595 0.371024315472923 0.0538579221971335 0.14899993644241
-0.403158224978593 0.0964774029420198 -0.0878684944291835 0.111357091333009
-0.355849833335715 -0.273574638275959 -0.0711127594559093 0.0626957961084261
-0.253767325222209 -0.459478716996095 0.0701587372148931 0.124232548354984
-0.251014673324907 -0.300187363857921 0.0683423911001181 0.392691685993505
-0.368405953813369 -0.110656255580314 0.256575282199008 0.17496782696096
-0.312872642438796 0.179742278812891 0.0606243951491124 -0.0964094882646546
-0.0726389431133608 0.32076040631957 -0.0848396200452317 -0.0270576128004481
0.0868872384868343 0.248809483411781 -0.0153583373531654 0.144622092102772
0.17444210238826 0.169695488387988 0.146593850307641 0.176682400217917
0.230875241617007 0.0814755037193154 0.264348922174958 0.096138777848426
0.214152323925841 0.0517583391195586 0.278184298821368 0.0272617820552651
0.204775533254332 0.0901288442022681 0.267715386983308 0.0415996943609183
0.128241043489438 0.197820444741041 0.232127297842107 0.0936195370075399
0.00231206982337491 0.228047404565866 0.156592253313741 0.140505318777183
-0.134995538361092 0.213337623407692 0.0542865186873423 0.157241418652612
-0.243419841842531 0.0538191315694643 -0.0495401357623981 0.112899850731363
-0.229509926625028 -0.173128983507232 -0.00375683911012283 0.0989309912383604
-0.208709188749584 -0.321288998189773 0.132882634362469 0.250687443489641
-0.178011474857891 -0.15512028253648 0.133532750724575 0.521775588508018
-0.221427694442998 -0.0269801837079103 0.341623524750117 0.243118700484891
-0.151217462448641 0.12225884461425 0.118128265458899 -0.0685510149398841
-0.0120084615984318 0.149396609705966 -0.0485645775688383 -0.0188597943798485
0.0358003903877751 0.108821241234269 -0.000598362488354526 0.165994221148943
0.0772799112818561 0.0883827838084677 0.187103591316911 0.209160802765742
0.106732717833446 0.056447331175448 0.318706599308181 0.122488416232321
0.0933427729492291 0.0423294387637541 0.337422664976645 0.0496990564257903
0.0830775815943089 0.0631445126461461 0.312183943177193 0.0715205466914135
0.0347442643889135 0.106400322514594 0.244976225968832 0.131054834099021
-0.0289821871081063 0.092000991355615 0.138098050998994 0.168440624504349
-0.0576485341175004 0.0518407829297031 0.0434833816434601 0.144423660207219
-0.0749064560119539 0.0181057418121674 -0.0176764826747195 0.100714027259891
-0.0951470939427881 -0.0530133600231858 0.0408330765349232 0.104597838761926
-0.143855618201289 -0.145147177705143 0.178241704763306 0.31460098705224
0.0410265527496805 -0.0474900750310754 -0.225202985485006 -0.319864110123309
-0.0206173158465572 -0.0693605204825471 -0.164309367310598 -0.122776723303494
-0.0815214518736756 0.00332860246529427 -0.0185679200896516 -0.0770556560972488
-0.0271343015799964 0.0871126060781547 -0.023003722562991 -0.0985585807298248
0.0501067196833508 0.0515426383988765 -0.0877307911775393 -0.163825350357949
0.0551741569873238 -0.00162453434591525 -0.224296037432311 -0.167860338907094
0.0480536937930808 -0.0324024167807696 -0.312769134520532 -0.104006106816961
0.0450608676747755 -0.0300018303069574 -0.348436489146587 -0.0588767053496687
0.03653069251175 -0.0209480654017041 -0.330772257980766 -0.104766505414727
0.0289812352040227 0.00204011989542223 -0.215159517281067 -0.186779444186546
0.0130034619780617 0.0270336779536161 -0.0405082367041424 -0.173568300165444
-0.0405411089199069 0.0351492846913073 -0.00452834420676409 -0.00943858130037616
-0.0425571492166229 -0.052463687337853 -0.145674412956801 0.0235099382623904
0.0636068337795567 -0.0785451444997484 -0.315257956641443 -0.22608753948769
0.10721104029094 -0.00363595097428782 -0.168560567536607 -0.608377560222264
-0.0408355957671457 -0.194308200519186 -0.224531922378233 -0.304491211740104
-0.132079309388814 -0.152395151447943 -0.167461874393349 -0.117616976321862
-0.19992018748106 0.0299837473886162 -0.0454473289563861 -0.0750881516865834
-0.0855090734468216 0.201259733286866 -0.0408602760515888 -0.0745639064054543
0.0701021142563061 0.167464066537859 -0.0712820363487156 -0.13229337342609
0.132274627089949 0.0840226397393586 -0.187251780341789 -0.144443520253239
0.170265403167231 0.00587459987341228 -0.265699776298058 -0.098080004187346
0.174997319117098 -0.00889227824390872 -0.302785156718756 -0.0658681133891827
0.178852644761639 0.0167014984410129 -0.290560570281119 -0.107232041728523
0.141119882169862 0.114495820542411 -0.181592965387278 -0.183128287335678
0.0485055725743789 0.182635362386916 -0.0209527863440824 -0.164280918194138
-0.11870623755546 0.21751565121637 -0.0074561861410012 0.00491555020628675
-0.233228307232736 0.00777875329300988 -0.178294124539919 0.0243301630488923
-0.122645125751931 -0.196568016184605 -0.325497341590992 -0.214860328558285
-0.0154525803391059 -0.217811929781392 -0.174702615583695 -0.555553471211276
-0.125371853886784 -0.317312663313768 -0.207010197305851 -0.232418514223892
-0.245961861940842 -0.211086768714699 -0.143309839609718 -0.0924450000291022
-0.305903275440918 0.0675117849411576 -0.0614824477762401 -0.0846782578900603
-0.131353586441861 0.307686952374251 -0.0667093579208927 -0.0653042276637082
0.0876964941726407 0.269168063680023 -0.0672644893281028 -0.09118725143283
0.196956760226285 0.16040197795772 -0.139684319652953 -0.0973313923590827
0.27021956286939 0.0422007894006075 -0.184064571042019 -0.0738149519276309
0.27941468074668 0.0124995134381383 -0.210216191668476 -0.0621796186346835
0.29351915958554 0.0536766843091245 -0.201125866367719 -0.0939662313496874
0.231515862428028 0.213557024842202 -0.111107754005348 -0.152739579497376
0.0757148597624936 0.317607383403871 0.0153607618458963 -0.127867870896636
-0.185400713542371 0.374903953194136 0.00304472936365013 0.0343869361232328
-0.398480555344716 0.0666049396419928 -0.188369796787741 0.0426455199548959
-0.291978756873403 -0.291560813139498 -0.304855258338246 -0.164351021164208
-0.132864552477231 -0.398123366806696 -0.145300017271294 -0.430004917596455
-0.206094487056312 -0.40067635649965 -0.165450020018373 -0.109664236200126
-0.359476830846793 -0.235784867119038 -0.0815011953807424 -0.0457888490943852
-0.395886844514457 0.124703378985658 -0.0608634947580583 -0.102444308856497
-0.152727307682797 0.405195234350123 -0.0944603963157634 -0.0639932213356068
0.110469543071747 0.348077372099273 -0.0678394566491302 -0.0374355264053689
0.245397518615315 0.216236805286067 -0.0783637679465106 -0.0314237875435394
0.335152243631869 0.0717904971553511 -0.0742913531790531 -0.0367958671355726
0.340523805432505 0.0324998473551001 -0.0849667840286295 -0.0483914976959101
0.358170355898293 0.0817769105912546 -0.0774110428122771 -0.0687138635219373
0.280800275861339 0.280564978242267 -0.0133403956254311 -0.0997828123994565
0.0880380364524255 0.405205650749425 0.0655079260505758 -0.0661745316334688
-0.225992890192283 0.475934432095731 0.0237415445282565 0.0744191826915265
-0.500980282944766 0.112331033422533 -0.170809882983809 0.0722614568350532
-0.408519591234763 -0.341891075129342 -0.244545373324107 -0.0839904603607518
-0.222799677540284 -0.511240505224574 -0.0852249524109156 -0.249684740496304
-0.266152415458592 -0.432349266125566 -0.0983917405259271 0.052357587301933
-0.442386111172772 -0.223457240531128 0.020856914968063 0.018905915784456
-0.443216663578154 0.182817338763564 -0.0389773745802506 -0.117022468633838
-0.145660899426068 0.462348138742403 -0.113992300553471 -0.0573021024678811
0.129402469413509 0.381670984820399 -0.0602245342957712 0.0293198644639617
0.266840729510404 0.241806228363588 -0.00197095083587097 0.0464436947172063
0.354102675910956 0.0893278710736335 0.050975775739319 0.00884883518665623
0.35012445575474 0.0447041740174497 0.0530297620610002 -0.0280494407183496
0.362698351764949 0.0979072874623305 0.0584811697521198 -0.035307733572637
0.278774492851463 0.298446132600454 0.0932849871887273 -0.0336682053525047
0.078717943673855 0.419200921806926 0.117127549647748 0.0102923602143379
-0.227799312462235 0.479348261151982 0.048014189989913 0.117395478752789
-0.50557948053253 0.127298199050785 -0.131739284103337 0.102242169165614
-0.435412622559907 -0.335849818169085 -0.157770671236423 0.00145760474257294
-0.265256649927541 -0.532340108040604 -0.00593289514505483 -0.0536152400770146
-0.288579256947509 -0.39857062046071 -0.0119476874238193 0.231273785592586
-0.454029220632032 -0.176629746147097 0.147448320263941 0.0949830054192109
-0.419506392609739 0.211815277670216 0.00258170762817496 -0.117566391778523
-0.11451149456546 0.442010641991161 -0.114644548111662 -0.0413534926361568
0.126051306608238 0.351637847100261 -0.0407030003794227 0.0982828592766102
0.246992321552146 0.225010479500481 0.0816201030033296 0.122316001955909
0.320891865429847 0.090739411594189 0.173279857636427 0.0538462769813298
0.307207994491617 0.0507574814449072 0.182635434846642 -0.00339958355804354
0.307973885685678 0.100283129539473 0.182112220775544 0.00120167605769272
0.223773026361454 0.269689648993551 0.183729810249618 0.0322999214310895
0.0473851554914677 0.352968782318714 0.153922806096781 0.0835208174873404
-0.193935376233103 0.38073043786901 0.0636647086630007 0.148387314789258
-0.408074309678913 0.10321740557189 -0.0861699190200124 0.119464225454203
-0.365914845337576 -0.275799778731053 -0.070507598196593 0.0701884067579174
-0.258858586384822 -0.464057834062645 0.0740214121575788 0.123733542314112
-0.258665605722133 -0.302949759591523 0.0735360401117126 0.400841048503357
-0.375285435245341 -0.108843819626416 0.26601624126207 0.173217351422561
-0.312813187764104 0.18778159671758 0.0570126897060114 -0.0998842742104435
-0.0676542815024698 0.327187790125415 -0.093144402186017 -0.0240467444227325
0.091328331369308 0.253244799813727 -0.0176427625580364 0.150485879291193
0.1811074051915 0.171853082033368 0.153432445186023 0.181899250119535
0.235847717606969 0.079912083097331 0.271934920817741 0.0936190582026646
0.217064273094535 0.0503635495592188 0.285096674133876 0.0222965411673298
0.208761110722449 0.0880896955867013 0.272630967047874 0.0377259075790859
0.134772970457382 0.20085082689574 0.238031735188189 0.0888512988824055
0.00500665087527822 0.232313947391959 0.161415496654814 0.138118861985653
-0.133724341211855 0.217556354541099 0.0626319720556451 0.1564011143801
-0.244654252499576 0.055754031399502 -0.0465808417477145 0.118723011562592
-0.233995023218048 -0.175051626765006 -0.00157908879911546 0.105844642673979
-0.212315119745536 -0.32388550428864 0.139829088837274 0.252146930944381
-0.183853834806692 -0.154538535472978 0.13945196732157 0.530005922569678
-0.224958411992581 -0.0237040260912597 0.354760319246293 0.240467048112739
-0.148989173744602 0.126666099921823 0.116864386652902 -0.0730088346583235
-0.00914553778895683 0.151008486299737 -0.0560211174267225 -0.0180994499561967
0.0371545690690723 0.111141311242369 -0.00234530682779185 0.173011096613257
0.0802705557288731 0.0899578505138297 0.194903195781214 0.214660552882181
0.108884015506301 0.0567784676722027 0.328289043438843 0.119647827319672
0.093941522966629 0.0428730241604255 0.34638681079576 0.0438559555346582
0.083525231294261 0.0635943129819364 0.320416509189374 0.0673551768356572
0.0366956998737171 0.108327916930157 0.251576100663457 0.12831909731167
-0.0285689793368874 0.0932646774348001 0.143026568209557 0.166933971852435
-0.0575888675613539 0.0507906010671993 0.0501501807135001 0.142532166056417
-0.072863925503827 0.0183323329363487 -0.0145133065783088 0.103976232049288
-0.0948512034049655 -0.0529634806060745 0.043510350047181 0.110739079158346
-0.147285709070134 -0.144319056838895 0.186339421992134 0.315784748446714
0.0391756230670832 -0.051596661257626 -0.238150858428869 -0.312373068979623
-0.0259008804406738 -0.071680394391249 -0.173489579220241 -0.118785731756471
-0.0842474939784681 0.00896650140266256 -0.0265835708188904 -0.0771445199193354
-0.022746066842098 0.0921458984098794 -0.0299333387403219 -0.0947192370259401
0.0552981602070908 0.0487629614932888 -0.0955744998386607 -0.158541483507233
0.0568449086817297 -0.00506365844973657 -0.233612085085908 -0.158078378347508
0.0485629618491483 -0.036788528622443 -0.321204243128007 -0.0913032946998513
0.045375263816963 -0.034230180134278 -0.355940334637433 -0.0445740117466317
0.038179224800676 -0.0231940380198467 -0.3403726402697 -0.0922758915870952
0.0304781246747378 0.0015799746498231 -0.225260577293803 -0.183453053456446
0.0147781429921717 0.0288167152835189 -0.0453813972830593 -0.178069588882747
-0.0394903023752681 0.0393190558412986 0.000421258020643626 -0.00828759375405214
-0.0473086303982983 -0.05146754185708 -0.142260861055254 0.0324822208716606
0.0595013763028185 -0.0836896224315546 -0.327558247013064 -0.214052602886718
0.109045521929189 -0.010085452057848 -0.19440882362346 -0.605923317475835
-0.0480355758839869 -0.195799473776367 -0.236041922944474 -0.296862097110611
-0.141391173477741 -0.152157877313237 -0.176073656112485 -0.113784975828685
-0.200957344494922 0.0400494048457104 -0.0531769171614113 -0.0738703758964963
-0.0759889085648138 0.208990584832557 -0.0462873323345193 -0.0693034270671364
0.0802171289663031 0.164990415518979 -0.0772011523821496 -0.128602400188147
0.138330087155544 0.0787869631826645 -0.194996750636524 -0.136669135688672
0.173181795573992 -0.00279210262747826 -0.273858648281703 -0.0883156403189757
0.177336618101768 -0.0186497559568835 -0.30952217496654 -0.0534432552058475
0.183585193602842 0.00835250100098993 -0.299126824166766 -0.0968159526006086
0.149398741193382 0.109972781731066 -0.191165926789865 -0.181347911838594
0.0570510508278323 0.184351605613063 -0.0257160532127307 -0.169407516472169
-0.109244379351536 0.227372319453452 -0.00116443230495622 0.00593162075897752
-0.236330369003338 0.0168681679149095 -0.175578474922591 0.0361875785650816
-0.133250894348805 -0.196015167050464 -0.339238658135567 -0.199920018961759
-0.0217420436363772 -0.220535393332119 -0.19799166380567 -0.553171834232539
-0.1370436211526 -0.317030151067581 -0.216153214844324 -0.224191090899207
-0.257380522776414 -0.207545261945336 -0.150637457247576 -0.0894141558130607
-0.304611961761094 0.081413559700775 -0.0698449450825431 -0.0825511714150164
-0.117553603165439 0.315894018803453 -0.0720889333332292 -0.0584914738196816
0.101834676902696 0.267867732026979 -0.0722795145882126 -0.0880788203655281
0.206623650645785 0.154277085183987 -0.144470131001605 -0.0921119435383533
0.275182039575573 0.029761455965531 -0.190666424642372 -0.067326727824745
0.282898865770816 -0.000305882264161643 -0.215170821534391 -0.0538891621016393
0.300512348778993 0.0399608764117727 -0.208596689922549 -0.0875704669344145
0.246221460131241 0.206045978639475 -0.118687873300229 -0.153597261610306
0.0902571140909788 0.318626195660539 0.0124797829975222 -0.133558708881582
-0.169531897781673 0.388342624898183 0.0112239664686046 0.0340995247559482
-0.399105924841484 0.0812299866975858 -0.18530703598243 0.0574832487379743
-0.308151963375988 -0.28576078053208 -0.314221316198708 -0.150348595766534
-0.146598936289438 -0.398273326198185 -0.164850612657095 -0.425938947513302
-0.220320423462177 -0.398034171647149 -0.170067876925694 -0.103072438832305
-0.373090211215139 -0.227179360200356 -0.0853351870480501 -0.0458437388717972
-0.39158093849281 0.142005668695808 -0.069079878176769 -0.100356363904914
-0.135852959359672 0.41442895673201 -0.100940027042821 -0.0556146495470829
0.127007260170935 0.34562567421817 -0.071123061754071 -0.0339747559273475
0.25785068423404 0.209807702078383 -0.0789831891738128 -0.0271422207875361
0.343023686686371 0.0573557926884164 -0.0774228701091958 -0.0343981938140576
0.345204475975242 0.0163126666961891 -0.0881510592955347 -0.0467172674750687
0.365928557183456 0.0651051104800696 -0.0826386604550542 -0.0668879857602798
0.299329407063262 0.270291445583407 -0.0177590724559261 -0.104553364675825
0.105951072265325 0.406117104362906 0.064536140819432 -0.0735357935194712
-0.205366972140108 0.490547808377879 0.0339170665080434 0.072664879656825
-0.501913767096588 0.132278480072452 -0.166289418403875 0.0872897664344841
-0.427556054185115 -0.332819033026477 -0.250291489466275 -0.0708051678519553
-0.239473991779041 -0.50773512499051 -0.0955348015790009 -0.249150724531889
-0.281848986738203 -0.425338566421744 -0.0968535825766157 0.0571469030141972
-0.453794491270901 -0.212434765593961 0.0212755357552046 0.0152711427261608
-0.437185212065958 0.20116223705581 -0.0473509651797648 -0.11608905019071
-0.125549123935852 0.47263566427676 -0.121484112024809 -0.0482860080383014
0.146896759992981 0.380091581817573 -0.0615537320295722 0.0333345728349856
0.279680984389183 0.234684079677455 0.00166752930854412 0.0485186450533989
0.362102262935075 0.0742790482119116 0.0516344964581619 0.00610779829658575
0.353977333229117 0.0304811626066614 0.0528279945648923 -0.0315033138394437
0.370051708267152 0.0814257685192613 0.0569455469517884 -0.0394065764365909
0.297068209266444 0.290493992479399 0.0927019374290461 -0.0423533071668398
0.0971092157530551 0.419760321260158 0.119853073675172 0.00186668425525785
-0.209318788518051 0.492995693069496 0.0602999188665183 0.11373034651301
-0.504268666108823 0.145892975246064 -0.125369601523646 0.11506780125364
-0.45298759791266 -0.32510713588712 -0.159103267313641 0.0128238276665971
-0.283263400206199 -0.526017069889427 -0.00676475023169187 -0.0553460229464495
-0.304051702476573 -0.390099776710962 -0.00333005084396912 0.233392179028789
-0.46322812492791 -0.162560503928637 0.152832225032098 0.0865732243740795
-0.410735671505566 0.22737050559828 -0.00598937955612074 -0.119560137547454
-0.0955228192240786 0.448810896794982 -0.122434597483172 -0.0327671431873737
0.142771701247517 0.348568253773064 -0.0399682508102157 0.10278268880083
0.259586325869278 0.218125754526125 0.0898026768858383 0.122768037928007
0.328309071644493 0.0776625684927899 0.177357530512321 0.04707969403751
0.310283405289157 0.0381713858718124 0.18472156465363 -0.0129726267582508
0.314774255808263 0.0863086913571883 0.18292830798367 -0.00761391583590217
0.23932927069928 0.263171334004338 0.186729208752289 0.0210253475795451
0.0626134738160872 0.354746846839267 0.158929608692515 0.0745158865050121
-0.178290709121492 0.391029644299907 0.0762239525735175 0.143465565624606
-0.405819802885983 0.117578123494629 -0.078576290854314 0.129158378084137
-0.376540358929781 -0.266554167611904 -0.0674501962679706 0.0783092692294799
-0.275375205912578 -0.455775398750013 0.081002855893939 0.11978908219295
-0.27240748763938 -0.293701811981404 0.0889814532803679 0.399895066260185
-0.382705541600779 -0.093866160260841 0.27686219094483 0.160437767223221
-0.30387544934807 0.20054912706608 0.0511854674386435 -0.104591128556691
-0.0531027238142192 0.331327967930076 -0.100355045085749 -0.017316536962333
0.103184313225849 0.252001197029663 -0.0148056396117723 0.155365995785539
0.19039073687551 0.167346365419612 0.164551096219434 0.180398925296553
0.24118828932944 0.071160585123446 0.279198898183877 0.0823866043558598
0.21896630219452 0.0428998940672756 0.290519285854163 0.0090205277173571
0.212794592684411 0.0798152247018891 0.276861623892467 0.0246294310580475
0.145688816876183 0.197249709607687 0.24420710282688 0.0762677861175008
0.0139019421769166 0.234235541483864 0.169237439906496 0.128996611527124
-0.124969969212592 0.222747663913262 0.0741094787950359 0.150443266883485
-0.241230146343692 0.0644824322955081 -0.0389528751358404 0.124373957203
-0.24063238397845 -0.168150538454136 0.00417467441722968 0.111543449265703
-0.224948360967047 -0.315605907242329 0.152428491627153 0.245807999285404
-0.192103867500464 -0.147665569644283 0.159959217023179 0.52823169201999
-0.225886472158747 -0.0141184392645061 0.369443421896908 0.224548443568321
-0.141648079764439 0.132839805698251 0.113184012917614 -0.0799684660544402
-0.00297092522881297 0.150610883026448 -0.0629666080070716 -0.0141939797097309
0.0410963267514148 0.111126331990145 0.00158220136299721 0.178402287640343
0.0848222105962633 0.0881611279027263 0.207100605851747 0.211777382226214
0.111924618610451 0.0539205247376692 0.338965011002748 0.106889828381629
0.094786224445786 0.0414992819710411 0.353585789951631 0.0289403193558683
0.0847932685155505 0.0613464658337498 0.326624013419115 0.0529895659208264
0.0412778801191886 0.108047701876275 0.259258410386739 0.11658621830837
-0.0259097343413593 0.0947803349978149 0.151502257764046 0.159093403219983
-0.0560716978558676 0.0507919244412848 0.0595206184270727 0.13696754829685
-0.0695843345661804 0.0201192135597555 -0.00728078740006226 0.105599358942378
-0.0956243531344069 -0.0498500270270831 0.0504340024249997 0.114219609036008
-0.15403029325102 -0.137214724901827 0.20165019158722 0.308132406705223
0.0355519832413708 -0.0537145498578827 -0.24514433807168 -0.295013749663377
-0.031746253440994 -0.0713429869607081 -0.178410155885119 -0.1094397959442
-0.0837456602995658 0.0152121940103776 -0.0346321129987399 -0.0736945083768325
-0.0158960884009449 0.0937919580604065 -0.0362040612783063 -0.0873016671564107
0.0589599614313754 0.0446932196656197 -0.100698497830934 -0.147649918676748
0.056193763251732 -0.00865396743335863 -0.237573071855499 -0.142110439238768
0.0469883894868017 -0.0407316439465627 -0.321586689470041 -0.0727725903129064
0.0437079584023638 -0.0379410386304373 -0.351942561864033 -0.0255307654838437
0.0388126917800258 -0.0257207999652952 -0.33982010588941 -0.0750691389739173
0.031027643343314 0.000586374384227872 -0.231137324147158 -0.173072566573771
0.0168659792533919 0.028901709557531 -0.0504757648933553 -0.176451135798883
-0.0369960895248089 0.0425479535070085 0.00587090629778221 -0.00780180648396323
-0.051238327791589 -0.0479549192668449 -0.133581200993329 0.0406308265363325
0.0528762551565022 -0.0866257392206118 -0.330841392051441 -0.192818741618064
0.107388408484055 -0.0164516024382129 -0.217658764011974 -0.584231156062551
-0.0553868473252118 -0.191989421350149 -0.243207389493893 -0.279545772494372
-0.147531017236913 -0.145488455091892 -0.180821810064592 -0.10418404324402
-0.195389388888371 0.049689244546309 -0.0599726329325127 -0.0695204528405295
-0.0629372837287786 0.210057853359041 -0.0506669173548929 -0.0613911817553957
0.0878737009919727 0.157122781680705 -0.0820106591802704 -0.11998775813959
0.140375421263238 0.0706805703665928 -0.197469509103983 -0.12359270465149
0.171201494710269 -0.0134905136624122 -0.274813374500592 -0.0729520367712545
0.173941777120308 -0.0281346613301965 -0.30692324443468 -0.0379852921247787
0.182280443360115 -0.00216852865308714 -0.299196412703148 -0.0814312561240396
0.154211891503812 0.102169910284811 -0.197344425435191 -0.172962168556255
0.065850356169793 0.179368084266325 -0.0315874759164853 -0.16935740428914
-0.0958347172603184 0.230915240761291 0.00574400686471511 0.00545763483930932
-0.233228148697199 0.0262850855843454 -0.166607423221491 0.0486046151462264
-0.14060846705092 -0.18889104873291 -0.342035825867627 -0.177510525250334
-0.0285995810984975 -0.216666630180331 -0.22003799300211 -0.532120126902503
-0.147161482877845 -0.305581681323185 -0.220394652331195 -0.209518731772184
-0.262889666701851 -0.195550780087417 -0.153783624626764 -0.0829358740405316
-0.293538992091323 0.0938175073692934 -0.0764231331057011 -0.0770645374485851
-0.0984650673234245 0.316059068945614 -0.0749501622853475 -0.0490002631165978
0.113877057495486 0.257541032187779 -0.0761953912833201 -0.0812697850861438
0.211832249634238 0.142106617652209 -0.145271332192665 -0.0827247863499471
0.272543706260243 0.015002372038561 -0.191101822695972 -0.0570779472687123
0.277521518730727 -0.0156531480385848 -0.21432655426158 -0.0427639753565814
0.29763230375724 0.022409231705338 -0.209485363989329 -0.0765502608288662
0.254126500108591 0.191078641395496 -0.125287435991591 -0.149522527316271
0.103920041268072 0.310405994876706 0.00709565395649954 -0.135947220449776
-0.146862790364857 0.390655125209283 0.0193553745005738 0.0321551498453598
-0.391177021592885 0.0972973588432236 -0.17458801113159 0.0710736142489203
-0.315543696200517 -0.268983402396294 -0.315712683204266 -0.131068311620922
-0.157334312640124 -0.385587385041926 -0.179874301104901 -0.410190911244369
-0.232442239368595 -0.381447058396189 -0.170519099671061 -0.0928195125179981
-0.375695404306371 -0.211264317548567 -0.0879768939594278 -0.0438961445088007
-0.37454470470035 0.155357710248836 -0.0765493192770081 -0.095141237764173
-0.111134069570299 0.412544073791545 -0.103526082162497 -0.0442717150854387
0.142389731585527 0.333319677183907 -0.0732585089271688 -0.0287321662032199
0.264615806751652 0.194969734287495 -0.0773536130585545 -0.0221248223637546
0.339357591681515 0.0387340106868882 -0.0779283457794943 -0.0307947654163518
0.337497351489405 -0.000973860143845443 -0.0884763327243952 -0.0423789199102586
0.362874660444547 0.0446083577821113 -0.0845280917761966 -0.0630639502989066
0.310129409804566 0.252305168107015 -0.0231800054851391 -0.106482496148756
0.125368523058371 0.394984604256828 0.060048928287647 -0.0790783280952498
-0.177004883924848 0.491999421198917 0.0436697864571624 0.0672476713907266
-0.486647133448913 0.149948831936111 -0.154220841369279 0.0993634387263502
-0.433197246653035 -0.309254824730904 -0.248556431272204 -0.055272249231407
-0.253096150429646 -0.48866665781613 -0.103585318265112 -0.240750442930878
-0.293477298097034 -0.405247289635326 -0.0923215307867866 0.0605440550348856
-0.455609230544216 -0.190284093913249 0.0205101023393841 0.010408133246481
-0.415507780418789 0.214788886385657 -0.0555437178420632 -0.112185088837556
-0.10018140983892 0.468035782270269 -0.124433343062066 -0.0369531458647569
0.162406952034201 0.366959178783174 -0.0618330017059899 0.0370808278713231
0.288166256215766 0.218600848122354 0.0060379426960007 0.0487771343370607
0.359079821239124 0.0548379636231218 0.0509680420533449 0.00273308593521291
0.347102253704856 0.0127650592446444 0.0505858814748943 -0.0353544215341059
0.366931790224925 0.0603755560845881 0.0532853607237328 -0.0423172119541252
0.307969828089783 0.271165328067582 0.0883419274464021 -0.0502119545811555
0.11662737881839 0.409569687691674 0.117158408879137 -0.00786183023302059
-0.179779511889085 0.495401439168924 0.0704459323835698 0.104473764612452
-0.487530645773288 0.163407413858585 -0.113459544137809 0.124136261619198
-0.457004841867683 -0.301843209401245 -0.154767195557338 0.0246557780033219
-0.296528521128971 -0.502832591033806 -0.00912109298037329 -0.0555065365633566
-0.314222182585147 -0.369432002513401 0.0063872648225081 0.228907442777146
-0.460847663443886 -0.140384702061211 0.153676185309281 0.0734998134409308
-0.388093019029844 0.241156111597994 -0.0145749989113222 -0.117420892430465
-0.0720324873996368 0.443156931151436 -0.126024672452096 -0.022724574182668
0.155714439919841 0.336320910357122 -0.0379072137259347 0.104973131649814
0.266589574035079 0.20355186892632 0.0956701994684751 0.118003795066076
0.325706776779115 0.0612239701779699 0.177292898974894 0.0366851586112249
0.305102395045573 0.0241946173636509 0.182174460205915 -0.0227896176936836
0.311626866302669 0.0690661452714652 0.179022142524046 -0.0174701174087965
0.249524731610723 0.247025937947723 0.183999101224761 0.00741010099780042
0.0781531851985455 0.345472880349078 0.159836554611048 0.0621647296446433
-0.156148969964878 0.391688197853403 0.086460730370254 0.131592160284559
-0.389507318671507 0.131495421252498 -0.0678835495015846 0.134541657404526
-0.379693996716278 -0.246724855064708 -0.0607865801466776 0.0843115932323425
-0.28641602618628 -0.434577849931255 0.0848096444576207 0.111708075771181
-0.278487313461466 -0.274896066201482 0.103545219082465 0.387464976317194
-0.378104764159691 -0.0767290046207486 0.279200033229623 0.140081189313286
-0.285332820361517 0.208838957271097 0.0421219571044312 -0.105799661464362
-0.0354661478764027 0.3246984237435 -0.104576075597667 -0.00924428633216486
0.111888073002592 0.243014738138337 -0.0110950709423794 0.156150223644927
0.195365445118961 0.155676354877649 0.171899235399792 0.171611846064174
0.240351961894114 0.0592642721246086 0.279578851853324 0.0665410691144935
0.215489037583677 0.0333792369057958 0.286903702384208 -0.00592203249175915
0.210601947701882 0.0682182431487164 0.273239346079011 0.0100921661838122
0.153168166291408 0.186835475952156 0.243208802586453 0.0598802034833106
0.0244943820975577 0.229178562400445 0.171782397103787 0.115203065766957
-0.111603839382519 0.22203938990533 0.0830847044235477 0.138575199484058
-0.231294620539312 0.0720635140970443 -0.029427391408539 0.126251433688944
-0.240789048647062 -0.155605456824451 0.0110865563943949 0.114011111432897
-0.231976190503302 -0.298346881359077 0.160452033303237 0.231636179872778
-0.194485076192689 -0.134210611600117 0.179450149285516 0.508686744635232
-0.221053161775442 -0.00304502862664585 0.372733277613423 0.199076403892289
-0.12981230131992 0.135874280028241 0.104551588211082 -0.0854579423503052
0.00432124350392235 0.146437903799803 -0.067275196536113 -0.00910248371166552
0.0448634279493961 0.107479623159106 0.00685931125611087 0.178155311551551
0.0873802685338945 0.0832923688316467 0.21554221388274 0.201480076622447
0.1121023752036 0.0485690613563175 0.340243992120787 0.0884764959800153
0.0934385914203754 0.0384353371787545 0.349930304599333 0.00999786039009642
0.0838170681510889 0.0572500221244451 0.322695816072477 0.0349166808847863
0.0447796723277347 0.104276981424504 0.260410189559455 0.0996794887002733
-0.0223940473328241 0.0937599029794608 0.156087902039893 0.145590164988823
-0.0532841298036317 0.0492935576772497 0.0672322665771202 0.126120104632292
-0.0639113175429534 0.0213350757482967 0.000518017782498346 0.104309897093829
-0.0930518111403052 -0.044890173810647 0.0566547680322199 0.114347925525303
-0.15544335205524 -0.124785262512176 0.211133302525351 0.290388940992726
0.032367271416383 -0.0537661674322856 -0.240339592623522 -0.276963193409914
-0.0352534243269906 -0.0691021155265173 -0.177014351264452 -0.100727689580252
-0.0813675691118012 0.0195869999452612 -0.0397547367157213 -0.0693328601816687
-0.0111901112883669 0.093396151551391 -0.0390294923144312 -0.0789730030495623
0.0595880881103541 0.0401366745378587 -0.100392738684259 -0.135068416206431
0.0545330087031361 -0.0113053197921997 -0.2322302933695 -0.127866728759957
0.0445097640518433 -0.0424297227896832 -0.313077351926478 -0.0604008278045847
0.0416303528298495 -0.0404187895133527 -0.33968878048409 -0.0146253894421879
0.038496790607804 -0.0270510153005267 -0.330144012168886 -0.0633924696239836
0.0314260152174752 0.000436314391065163 -0.228209785197341 -0.163250240027199
0.0179593129831022 0.0285204425732047 -0.0519325791745076 -0.172955569471541
-0.0335448507817214 0.0444798039393656 0.0111298948105091 -0.00855676000533312
-0.0533170163385191 -0.0440268396237817 -0.122824979126729 0.0438008501363215
0.0474964926566266 -0.0860814626917771 -0.323173337112171 -0.174766555288158
0.102968261979573 -0.0207594274834198 -0.221928769495299 -0.554033555139242
-0.0567825162714402 -0.183966886904004 -0.238206340441704 -0.261621605090617
-0.148597727857266 -0.138623029624497 -0.17894421943419 -0.0964926005030062
-0.185792399408461 0.0540212718498218 -0.0634553749858412 -0.0649592273353365
-0.0526980285287331 0.205207049491515 -0.0516683551562764 -0.0527437068804406
0.0911237229488935 0.148261862665202 -0.082241934849287 -0.110394302763328
0.138245886598011 0.0642031457915688 -0.192963500591898 -0.112023354823532
0.163957629607573 -0.019404313617708 -0.267361784217065 -0.0612708030708352
0.166466472738553 -0.0347349674271876 -0.296867232611943 -0.0272326719482551
0.176816198778512 -0.0090183327832038 -0.291216937015356 -0.0702344314900165
0.153399083214865 0.0938876983304726 -0.196662215661352 -0.164942908135291
0.0693109258301784 0.172512152038202 -0.0330969945197119 -0.166109276859446
-0.0846859907434437 0.225682394146542 0.0117608960466992 0.00425693960808938
-0.22584080467335 0.0307376727382834 -0.154191880133322 0.0545323950534658
-0.140586884730867 -0.180374650576759 -0.333795989101166 -0.159763169621093
-0.0301807525433019 -0.209839145359375 -0.222425687638709 -0.504616860219643
-0.146595545067453 -0.290783083407575 -0.215019255760365 -0.195224684012243
-0.259679056669955 -0.184780713999091 -0.152800778388706 -0.0773235577869374
-0.27793528041175 0.0971436042335647 -0.0794863767503707 -0.072737312750231
-0.0837234017243989 0.307416558964857 -0.0745361295000174 -0.0399804622782686
0.117736778759266 0.243961701147421 -0.0762606325275524 -0.0738581712786012
0.209214671526505 0.131113898997936 -0.141256598573902 -0.0747688537860836
0.263306011829368 0.00535633197410448 -0.185815755687346 -0.0493566131594091
0.266707122148575 -0.0243020645801544 -0.207517612498154 -0.0359432428183676
0.287492146141166 0.0112039528114535 -0.204214333317806 -0.0678362743326444
0.251969685519541 0.177154567977585 -0.125385162947512 -0.144790369926042
0.109691466621225 0.297163802043218 0.00433726440027069 -0.135120883136756
-0.129129855453175 0.38055338545964 0.0259638768449051 0.028021457989209
-0.374481789877389 0.102200093859157 -0.160972929365713 0.0770439454683093
-0.310704023631097 -0.253356008373434 -0.307461960897029 -0.112465911975262
-0.156688707988093 -0.367761564890703 -0.180781024136276 -0.388556720775343
-0.230683483332248 -0.360755393022802 -0.165902418813717 -0.0846368262557931
-0.366591602182765 -0.197315004571276 -0.0881235972970266 -0.042845846763364
-0.353900836740318 0.157072986524047 -0.0801643576842953 -0.0891846807717037
-0.0942501996024741 0.398703652682765 -0.102407413272969 -0.0351877110621291
0.146215843925617 0.31703056996771 -0.073985524020332 -0.0233741726013584
0.26148085640124 0.181149230065742 -0.0740845271708076 -0.0182690532654479
0.327250201478339 0.0273626142719617 -0.0761530846304547 -0.0278734074066508
0.324423074925609 -0.0107721900788733 -0.086109516576902 -0.0396903628148646
0.349732381026993 0.0306485043567354 -0.0831134192202018 -0.0592104708646827
0.307438275502419 0.234512299624696 -0.0263975392033634 -0.106625555352358
0.131958972956451 0.378028569148733 0.0557321531775951 -0.0813684786132195
-0.154673829725443 0.478483371704525 0.0498171199860085 0.0601840488284845
-0.465030793136169 0.155686198403833 -0.140348352493944 0.104501140089888
-0.424029540766334 -0.289774790685975 -0.239984835534952 -0.0422811270986312
-0.2488394199027 -0.462060592870273 -0.104886185057375 -0.230076030724846
-0.289265038797451 -0.381855878925228 -0.0877015880607519 0.0600870983013179
-0.444162006133751 -0.175350717569063 0.0175938136613572 0.00522468084612411
-0.390603755675297 0.21540475641059 -0.0603910178575261 -0.107072895584171
-0.0828863782320095 0.452051434762932 -0.1233548770656 -0.0275358848034966
0.166449893525484 0.349077437539212 -0.0618115769185318 0.03981703727914
0.284855243361042 0.203510467523783 0.0083734120169173 0.0480229376679101
0.347242682305465 0.0427155607311873 0.0494745704819105 0.000646671858471218
0.334408194437045 0.00342402042958773 0.0481787233593432 -0.0371080538863638
0.352900941299172 0.0471118807914754 0.0499545472068791 -0.0433940577648687
0.305713696272955 0.252725668528118 0.0823867252440884 -0.0557149821926345
0.124569831556242 0.389987464174782 0.112419185975091 -0.0140473929620601
-0.158242657850331 0.480285361122829 0.0751751862347488 0.0941066479169065
-0.464784315722177 0.168081322752487 -0.100681982815407 0.127055775343782
-0.446383884793087 -0.282488093489606 -0.146713329163852 0.0315180879210355
-0.29125045424783 -0.477355900654743 -0.0097936768882251 -0.0545826675315504
-0.308555878766297 -0.34652493425806 0.00972950665906855 0.21955711132409
-0.446790909524173 -0.126504647616957 0.14720152117706 0.0617338167739647
-0.363601560345457 0.238377769907807 -0.0210056594320821 -0.113760983765123
-0.0569124449794215 0.427200057580818 -0.125523065339017 -0.0136802307499753
0.158318546294934 0.318943626693519 -0.0380621533656157 0.104572336752102
0.263005586689603 0.190383207384288 0.097201369960259 0.112421094036194
0.315139438148385 0.0503818907867487 0.172698250887277 0.0293037768280631
0.293423079223139 0.0162363171734899 0.175483446949496 -0.0291359537521049
0.299736955197047 0.0577967181701181 0.171757459723946 -0.0228983084999195
0.247673713008321 0.230368402915175 0.175918240319565 -0.00182335192974956
0.0847117367898129 0.33056358760598 0.15464895018637 0.0519707575108838
-0.137983842208329 0.380293461662865 0.090258803380605 0.118897182125339
-0.369539753949103 0.133282050384988 -0.0570483132616124 0.1346665474335
-0.369111354736474 -0.230137315473529 -0.054286478737805 0.0873413298861385
-0.279521815294737 -0.408849793853847 0.0839905734986279 0.102524754651898
-0.273144747834322 -0.255388292801965 0.105349948605788 0.369178769676279
-0.3648635407033 -0.0652649827281676 0.270930440685277 0.122428597704457
-0.264967796508875 0.205467061247262 0.0346737740101128 -0.104754933670932
-0.0250441597838881 0.31161518099808 -0.104779941398442 -0.00235005277170976
0.113966201731269 0.231603481567059 -0.010362360084858 0.153522773590912
0.192820314839302 0.145900835666489 0.172146996160233 0.162407337011708
0.232470910588257 0.0512648836679602 0.272922777554281 0.055499620076113
0.20795279526393 0.0281810418634719 0.277073690628853 -0.0164004048385862
0.202509103892003 0.0606641813178744 0.263197925258768 0.000935936965796781
0.152355904186155 0.175713497275696 0.234996280886998 0.0472510616301731
0.0291646013978355 0.219647957971866 0.167892715295444 0.103481569624654
-0.101198382875122 0.213719428110492 0.0859936971446958 0.125671376623605
-0.217864163910312 0.0722718428059547 -0.0215644142401904 0.124003170091798
-0.233158902096837 -0.145986335067248 0.0157480776816209 0.112995044939048
-0.225468074242818 -0.278331716238822 0.159217201873355 0.215497925448208
-0.190156409784585 -0.122728413267293 0.180962528987663 0.483096212677642
-0.211296487835721 0.00308481722659478 0.362885010633918 0.177596480777466
-0.118653829379804 0.132062567381553 0.0959156004949487 -0.0871075499658375
0.00851048727783716 0.138457023732193 -0.0694500773851192 -0.00461533278945169
0.0451197464484054 0.103167982609234 0.00867900524596459 0.174721472371459
0.0864801335597833 0.0783221754257354 0.215011996206914 0.190776825675003
0.108559596903072 0.0452374815943164 0.330822714833171 0.074883150431449
0.0906925351614928 0.0369302657025924 0.337656946348075 -0.00141062551996873
0.0801313890061906 0.0548166741771709 0.31197070970844 0.0236490386919084
0.0450023428166172 0.0988800626917239 0.252873277767199 0.0866116803381195
-0.0202802732614806 0.0902734099206502 0.153642246265013 0.132643272338995
-0.050733517012413 0.0459149212931109 0.0690349984404844 0.114426506416884
-0.0576453460809188 0.0200606914093364 0.00585218160351119 0.100656947621522
-0.0878935930585414 -0.0416695799605016 0.0595452329381803 0.111810824239172
-0.150528964773408 -0.11326776903224 0.209808709090636 0.27079137136874
0.0340251749180841 -0.0473412451381993 -0.212192334734158 -0.282898501934919
-0.0316538032266083 -0.0684791460277938 -0.168121525587867 -0.10526145659286
-0.0819631686600995 0.0165789550910487 -0.0377266564103294 -0.0637102865212717
-0.0145820632576928 0.0910407484816638 -0.0324158659252922 -0.0700872461323578
0.0554949601996805 0.0431750456295581 -0.0856393499406578 -0.130891389813113
0.0531913757048728 -0.0069150618030471 -0.214225665735836 -0.131097226661749
0.0429410269260154 -0.041174952790962 -0.299252889588818 -0.071552200932698
0.0425876063035421 -0.0400001808687142 -0.327099906549819 -0.0253377062731589
0.0379300906980253 -0.0267551117488566 -0.316671802492392 -0.0730134400849908
0.0300734271024221 0.00127388011400615 -0.215658215258554 -0.166403560465077
0.0171846929647001 0.0291810352154221 -0.0415843921732798 -0.171594620437798
-0.0341179397597107 0.0433953553925506 0.0141606477916337 -0.00782460300076548
-0.053935022105643 -0.044089159416417 -0.114518728209261 0.0337858410660888
0.0434137157707089 -0.0870931489612177 -0.297516215109972 -0.182098663641089
0.0950224690173881 -0.0228873575953574 -0.174574375110838 -0.53730581775258
-0.0427103331642169 -0.181591942626688 -0.217981034758566 -0.266913369374688
-0.136369858906473 -0.144135129650785 -0.172363858003399 -0.0981848364223164
-0.184628977471455 0.0412531046574876 -0.0595943652734799 -0.0563866624735235
-0.0600351946392996 0.195108437730482 -0.0427089491585906 -0.041294228916152
0.078963900618358 0.148577328017982 -0.0652384679343451 -0.104937327526103
0.130707789410654 0.0704306294312236 -0.174390803028315 -0.116727177165457
0.1580441527509 -0.012631886910626 -0.253294058109645 -0.0729823133078632
0.165389610121248 -0.0268254969630784 -0.282820756243242 -0.0365400172094371
0.171927664936216 -0.00308004630742665 -0.278263948242129 -0.0769474595171164
0.147135481725812 0.0979763903976156 -0.185043163182978 -0.165386136138307
0.0604416750860368 0.172894609941669 -0.0284974575247859 -0.160231060866615
-0.0899679931127642 0.215037236480499 0.00681643748330262 0.00899731579524638
-0.225508894971901 0.0200652127604664 -0.149681854313051 0.0407528840773937
-0.13369637653084 -0.186845431632064 -0.306469002523893 -0.17309441330491
-0.0254374917099775 -0.209028095566455 -0.172241910196519 -0.495806329255088
-0.120723265271282 -0.293120688273313 -0.206221084842402 -0.199717427990301
-0.240203009498289 -0.197432605556095 -0.149821650688405 -0.0757929236762426
-0.275764108019117 0.0752933621501699 -0.0724926393036614 -0.0606994519751333
-0.0964738340656458 0.289324534842291 -0.0630950517250269 -0.0263189951544941
0.0990135345991568 0.241932352290328 -0.0580465515898329 -0.0693007833026807
0.195789801034815 0.139740925938905 -0.124028207378776 -0.0791628213358204
0.252789002355037 0.017397814635381 -0.172105956867661 -0.0604446282391918
0.262875727007334 -0.0103726654436719 -0.194598664365425 -0.0428539302011823
0.279107815834258 0.0219073168928416 -0.193808653105188 -0.0705884016922599
0.240919972516134 0.182882634832581 -0.11856819322642 -0.141769512961909
0.0947667655880025 0.297395143930946 0.00259787474385704 -0.125686708464852
-0.139249472636411 0.361899953373229 0.0129302645287304 0.034949820036253
-0.372466942438882 0.0818984787935336 -0.162157976502359 0.0605344794781243
-0.29401826836721 -0.265213000691732 -0.280728334879001 -0.131225615299718
-0.139148087459405 -0.364485971693191 -0.137159854763043 -0.388672480817708
-0.19490843953659 -0.367815055459847 -0.170987935860646 -0.0886892648102757
-0.341783091396864 -0.218276735036709 -0.089889405636893 -0.0371633539043411
-0.353700328413704 0.127748081946776 -0.0700750678077548 -0.0746218146124448
-0.11232830396751 0.375687927791054 -0.0876076785375661 -0.0200028754221712
0.122121502168789 0.31432068717474 -0.0551736766610054 -0.0196992845919405
0.243862829234358 0.190515838476736 -0.0601999662609917 -0.0232767434092623
0.314715129558155 0.0437380572844862 -0.0652231396100223 -0.0359284627122887
0.319672818668691 0.00682766395029658 -0.0767092665451574 -0.0423344706780181
0.339370601002785 0.0434768360938562 -0.0775509029166675 -0.0565291490572765
0.293917009034199 0.241632417599315 -0.0248939445717976 -0.100594075118204
0.112645877033054 0.377730252775523 0.0473800331404576 -0.0704048966131705
-0.167983944492759 0.454342589241731 0.0296607924797851 0.0681404792575056
-0.462028499635634 0.127442949273575 -0.146812483113416 0.0865226367283358
-0.400998144350572 -0.305261446259357 -0.219606946094114 -0.0627129632072603
-0.22354329094179 -0.457677268119728 -0.0729214508294639 -0.235304989816264
-0.250595330197426 -0.394608464304445 -0.107926046640724 0.0579345366111601
-0.416873880210675 -0.204277336571744 0.00959010280063376 0.0166283484018754
-0.393803996378801 0.178875695037983 -0.047995740806114 -0.0886889127928754
-0.10330976759799 0.426431071417789 -0.106870479879612 -0.0124773405091921
0.14030720301897 0.346171401288546 -0.0465482180799449 0.0417123146980784
0.264894157055733 0.212946128826219 0.0164309934325273 0.0441194208769426
0.334113019760221 0.0613650567511562 0.0559770106284181 -0.00428542115420927
0.327647637014171 0.0224083378241349 0.0530257921541506 -0.0359897149639877
0.342024064587003 0.0606786685475596 0.0508696309674128 -0.0369604848912078
0.291502884012061 0.259078753264706 0.0779985578246815 -0.0481733763854729
0.106175979902853 0.389189183947707 0.097474265076922 -0.00362684124543753
-0.170170036191054 0.456179184587026 0.0516803501713203 0.100884529390075
-0.460515207977182 0.140350739983036 -0.110270952611143 0.109560544138158
-0.420502311311627 -0.296277034723532 -0.133873111329231 0.0125193513308786
-0.261846367115865 -0.468837890126651 0.00652711915666676 -0.0646213919042607
-0.271286875549853 -0.362987316294924 -0.0242738594993664 0.218781442601986
-0.424162322710857 -0.157794670907626 0.132602419357578 0.0774618300972185
-0.368083651462926 0.203344959386738 -0.00887466619922655 -0.0951637440665154
-0.0767791712163183 0.403175908818075 -0.110318203078298 -0.00151719328601383
0.133704824524006 0.317925920286565 -0.0285347616962912 0.104487406205611
0.245747799554477 0.19816601347025 0.0980042375760424 0.110081573575764
0.303656979969348 0.0674678804471244 0.17332411815283 0.0294573758744677
0.287603652534927 0.0345347167118527 0.174496545983307 -0.0245222822561241
0.289986869042002 0.0705363485092501 0.167446941387349 -0.0138778379668192
0.235948652818209 0.235726204075743 0.166884374304393 0.00602598988105927
0.0693173685075408 0.329037151243213 0.136143388020194 0.0595568418441175
-0.146682316374433 0.358999136374211 0.0673344743041998 0.122619163206658
-0.364995672087048 0.110337006364854 -0.0671034795390134 0.120397062401603
-0.347409786298266 -0.24067908773883 -0.0489242781304907 0.0731018783858801
-0.250916174359926 -0.401952390053274 0.0829645321209641 0.0915531335516699
-0.243294881839015 -0.274005264552333 0.0623589837895216 0.368205285276541
-0.349349421788276 -0.091882758366392 0.249976761398976 0.139443676413736
-0.271005684814093 0.178160841426434 0.0428432861141009 -0.0881687070965903
-0.0410738164724788 0.294376672339785 -0.094321315186741 0.00483903921216261
0.0962701654933765 0.229235957413929 -0.00847256494238483 0.152128895540457
0.179572662059265 0.15115659003137 0.165544040504874 0.162898509616611
0.223995642996493 0.0640919450580053 0.26683088946912 0.0606868172629677
0.203043746961093 0.0420711644703558 0.270737719399968 -0.00800641875088689
0.195352157287686 0.0697989501419125 0.254553957852725 0.0112856224912746
0.143792717663168 0.178233857021208 0.222058720915427 0.054756120228483
0.0193052054110999 0.216546799361742 0.149846224533477 0.105900472796825
-0.104705028628112 0.201011043830369 0.0688226895663185 0.123510227104753
-0.212996404179167 0.0584363944656007 -0.0296326472275039 0.114248453945465
-0.216658922364249 -0.15116764136593 0.0146481956649088 0.105871307043754
-0.203232713464788 -0.272104776179872 0.143662930791049 0.205850767349131
-0.172315055896463 -0.137790927453107 0.133120998106935 0.482510375296771
-0.204773853213783 -0.0164985993742704 0.338586378753783 0.191922503731327
-0.123500600891772 0.117039624278315 0.0983191152954654 -0.0741060070999053
-0.000369561064879489 0.131380312353465 -0.0658226701531082 -0.00230405813624718
0.0376905920730581 0.101055331321457 0.00216955332635871 0.172254441066593
0.0799233569473691 0.0794586247840538 0.20153498924728 0.192949838840726
0.105094124802526 0.0515978521788623 0.320392902746862 0.0836107300310342
0.0874474282836809 0.0444501291945563 0.326879979041372 0.00768569543198337
0.0767690000539732 0.0594195039337635 0.299486170747332 0.0336339896413925
0.0409000166324496 0.0991206142579342 0.23843829567789 0.0912266720963717
-0.0233057799492993 0.087250137036984 0.13800834593721 0.130280602639946
-0.0498631316881182 0.0409767064761211 0.058549682222799 0.107619951992603
-0.0539207736570201 0.0151503755007526 0.00163297297909115 0.0954107834988342
-0.0806862295898971 -0.0430196538746041 0.0541414293888116 0.111006295433725
-0.137044944314911 -0.110134812306467 0.183230332643787 0.264404273436997
0.0342113141028796 -0.0474296374029907 -0.200303705377675 -0.283380920191659
-0.0331997262379111 -0.0695739286056943 -0.165957264699388 -0.107298259784079
-0.0818830340129215 0.0169536204072192 -0.0403025128601023 -0.0625456275762726
-0.0140877069650315 0.0920481864324548 -0.032626563978454 -0.0650635186054307
0.0559259774260491 0.0427572572719252 -0.0808002521018296 -0.126313813258372
0.0536639143490362 -0.00653513074578809 -0.209219471925958 -0.13125292726981
0.0428483563575068 -0.041588723147146 -0.296294655857404 -0.073518462912996
0.0427333421954725 -0.0413305187417829 -0.323339524464322 -0.0295052113887838
0.0397993499060861 -0.0279487065550636 -0.312505332335973 -0.077943311201897
0.0320185126468347 0.00224920291040942 -0.211827970760021 -0.171613075040163
0.0179148454146241 0.0303546418170552 -0.0371301965320148 -0.174256672690667
-0.0335970813429116 0.0446063670492355 0.019405253485786 -0.00913641621308859
-0.0544367340893876 -0.0429623799328207 -0.109440082032199 0.032212240561032
0.0428651518604034 -0.0866658825961215 -0.289278159677275 -0.183042336165751
0.094075239728978 -0.0225055613538424 -0.159546381274428 -0.532683639661642
-0.0371949059522884 -0.181429721582511 -0.206377885900805 -0.267252914127316
-0.134557751772064 -0.147464087316614 -0.170433312688164 -0.101169857926857
-0.1828742739769 0.0383332045321037 -0.0622655806047994 -0.0561083004842353
-0.0606293158539631 0.192730516554533 -0.0428135925052361 -0.0371096378330259
0.0771062502289879 0.148052636278324 -0.0620213951108136 -0.101228927145661
0.129175406296913 0.0714511358493036 -0.169769984079184 -0.115979407466229
0.156780249732645 -0.0109417009963304 -0.249715269542109 -0.075441411631784
0.163623010692451 -0.0260666429050603 -0.279265328388446 -0.0415159655516541
0.171021763947371 -0.00229764464769983 -0.274136979776184 -0.0815310421144197
0.145940475747033 0.0997335531923239 -0.181889554187687 -0.169689384342827
0.057902257428367 0.172889721381085 -0.0235248745387011 -0.162773893414228
-0.091349108086094 0.212580490008249 0.0124380683432075 0.00666987915612226
-0.224972085327164 0.0163573204904523 -0.143679389338505 0.0398334326374531
-0.128939735617032 -0.189805518008685 -0.29800782336793 -0.174045008535354
-0.0185804501769363 -0.209515034366049 -0.159212292482006 -0.491323590300386
-0.110797557541668 -0.292035206088564 -0.197461016306671 -0.20114755375012
-0.235364408664971 -0.202109586295132 -0.149214479597665 -0.0793900180109969
-0.272503052976381 0.0687171045945433 -0.0751387469370524 -0.0609226167222534
-0.097676220918683 0.284880126804208 -0.0623661864399281 -0.0220360797964335
0.0951571729518973 0.241346888255978 -0.0565253212675317 -0.0655505106809084
0.193244093680913 0.141504620983081 -0.120043762374521 -0.0788588676635853
0.249696883511472 0.0206084717796552 -0.169686382326595 -0.0623266179603449
0.259769458015709 -0.00754318260660723 -0.192493923835061 -0.0463816565573976
0.276072190080004 0.0243814579582621 -0.190796526768447 -0.0741403123401064
0.236984827426068 0.18506167855559 -0.116637857332361 -0.146018319221816
0.0892414954654193 0.296981854882512 0.00555955109909065 -0.128079365647359
-0.141776860199957 0.355951933865924 0.0175590181359746 0.0322803097995924
-0.372039073375869 0.0730199529195396 -0.155488593379519 0.0601468696183958
-0.285145291947498 -0.271633036977638 -0.273858702960413 -0.131874413466124
-0.126282115329081 -0.365302027931279 -0.127015115175876 -0.386260948427025
-0.180096648535961 -0.367170273347023 -0.166283331151367 -0.0908401464233224
-0.336165494132483 -0.224901826292561 -0.0916856963302224 -0.04021536230981
-0.3490057394367 0.115469243268318 -0.0730806792073624 -0.0748930059367613
-0.116202618931608 0.369069163035604 -0.0875287146541182 -0.0161549763619836
0.116330112448804 0.312779251174849 -0.0563021045612127 -0.0163021390049666
0.239764467390994 0.193679665569986 -0.0575225275516116 -0.0226021206302657
0.310460945766767 0.048250462611517 -0.0632716694352039 -0.0377394084987477
0.315526122117836 0.011523214121104 -0.0751280873862849 -0.0453042726661204
0.334039147786445 0.0477437372762501 -0.0749290895692445 -0.058682297452713
0.288522559641104 0.243244766209849 -0.0252069029627322 -0.103884361674229
0.104607511658559 0.377843021929217 0.0487052283345739 -0.0728368703642482
-0.172049088957064 0.446897193883215 0.0333839684816169 0.0638641916360911
-0.459911041768322 0.116456289410851 -0.140680312023109 0.0862727558377767
-0.388551919317429 -0.312856805383652 -0.21437136054181 -0.0627071684501163
-0.207270029056929 -0.457152302005023 -0.0662298199438843 -0.235030291867618
-0.234139703638493 -0.394756548211599 -0.108961821036143 0.0548039368895229
-0.409231343920889 -0.211709572319457 0.0045212001124364 0.0134880852190836
-0.389419080541101 0.166127688173105 -0.0515351662509768 -0.0893519085127103
-0.107690701968123 0.417831103322586 -0.107612378836423 -0.00948381707093057
0.133234683608723 0.345671776765001 -0.049141168191806 0.0449752664739251
0.260846298922979 0.216343362537423 0.0177641132781512 0.0455508040789699
0.329107957427526 0.0668897174676385 0.0564175989247777 -0.00472958189231529
0.324180183357045 0.0277006492531024 0.0524606499250151 -0.0371293525082585
0.335868600242239 0.0661370336272435 0.051297077505526 -0.0374181658439681
0.284757108351289 0.261338583629145 0.076132575191711 -0.0502408907592257
0.0973271575603706 0.388297159548395 0.0966945860358108 -0.00587843381102698
-0.176143898316131 0.446548622069797 0.0536541788670517 0.0962520122948541
-0.457659009450972 0.127174721742904 -0.104821203471207 0.110156758453455
-0.408043412871646 -0.304725490913302 -0.13009876960583 0.0133796966771428
-0.241767187368485 -0.470238338711764 0.00722013161222868 -0.0648748685895466
-0.256683770151403 -0.362189570814418 -0.0311811457560828 0.21528629803591
-0.4156140391571 -0.165348154630836 0.125100003165208 0.0751523522867673
-0.364238422799692 0.190935382833763 -0.0122307467100456 -0.0951434345322128
-0.0821732862087819 0.39579134873524 -0.111978734202563 0.000928923070994982
0.127081289504614 0.316852383591817 -0.0332743535583611 0.107715721967693
0.240787593046627 0.2014910031108 0.0972775469514057 0.112650672776393
0.299709566649894 0.0721424843065406 0.17252178473034 0.0304391109946183
0.283692899547277 0.0396489267721447 0.172856252041679 -0.023762922237438
0.283632415383964 0.0751638952484098 0.166206164062609 -0.0124205446841559
0.229207814474903 0.237413809788768 0.162723552868635 0.00518888573422913
0.0619467829519493 0.326513092804223 0.133570823462425 0.0577095573567534
-0.15082481661475 0.349118576108425 0.0679298664404095 0.11726727668938
-0.361814846339971 0.100343764528498 -0.0633782735699325 0.12107938467848
-0.335938469920629 -0.247973412589121 -0.0476693463626203 0.075277022137935
-0.234277743897373 -0.401904421282912 0.0793175032246592 0.0905403901587308
-0.232662193080004 -0.274235337076277 0.0504291934906197 0.364663756259633
-0.341347642243106 -0.0989868179165006 0.240624249839756 0.137734259491651
-0.268874362335394 0.168525855792872 0.0396552493699471 -0.0877203494681997
-0.0458698022467897 0.288241263910121 -0.0971639160088751 0.00631132279614979
0.0907481993084579 0.229436176217876 -0.0153224540969513 0.155298010279596
0.176578462269531 0.15342293887327 0.163236595622052 0.166209742178687
0.220732309681212 0.0679572984593561 0.265141507789592 0.0630899919611879
0.200503553820692 0.0470077004928453 0.268712219737877 -0.00612494680463998
0.190797350404304 0.0743347399546375 0.251779146321763 0.0137704399538634
0.138451865137799 0.178811832023109 0.216656014351018 0.0546217617725364
0.0145481538356463 0.214261833774321 0.145660420753202 0.103640654332719
-0.107228897081196 0.193719411704011 0.0678841827033974 0.118668214854275
-0.209468491644271 0.0509713350284098 -0.0271577573022971 0.114502829787599
-0.208413905532915 -0.155752330952954 0.0149128254398817 0.108426822646004
-0.190611314231033 -0.27121203797233 0.1365163565666 0.204019107726977
-0.166194559914773 -0.13777472464996 0.117431385394801 0.48000580107777
-0.200945179151289 -0.0198300366281575 0.32837944509011 0.191643960439278
-0.122856903144327 0.111812862110604 0.09511516788163 -0.0735186742237261
-0.00256450370529422 0.128033526428203 -0.0688513505432894 -0.000997374289675708
0.035098754356094 0.10152419746502 -0.0040036997602227 0.174941351358313
0.0777741452042429 0.0804576321701302 0.198007168407847 0.196867523000908
0.102959215968204 0.0540202558107674 0.317692756056227 0.0871693101522409
0.0862345203727835 0.0469913929632475 0.323428617188478 0.0106753495774839
0.0731147503259843 0.0624456545676989 0.295923257494268 0.0367188204288488
0.0368800367606097 0.0990217363241322 0.232715362581824 0.0919044836899815
-0.0263810364533523 0.0849615187585576 0.133694394425004 0.127924710486296
-0.0510237967319122 0.0364173140878998 0.0567220456058927 0.102410443669095
-0.0508164039179384 0.0115854268440558 0.00227225484578969 0.0943433989707287
-0.076499267729689 -0.044401762749785 0.0541323632609629 0.113760832855486
-0.130033524707357 -0.108891656449648 0.174963898894314 0.262994905019667
0.0353454813827219 -0.0489617419033543 -0.194121117187394 -0.291350888102889
-0.0358263622399451 -0.0726662805108753 -0.167303860319157 -0.11193214560303
-0.0840361776868733 0.0177574241797245 -0.0436982485596506 -0.0626357964408693
-0.013862087019408 0.0956871592140871 -0.0332057337939761 -0.0620506809384881
0.0574070789470205 0.043264583749961 -0.0790264464985003 -0.125164449736121
0.0551877971442006 -0.00641676386262291 -0.209903674214999 -0.133015213665542
0.0439822586743654 -0.0434918228958933 -0.300998571717877 -0.0759976270884098
0.0433109551021688 -0.0437069903875516 -0.328670955827008 -0.0338123181908102
0.0420195862512076 -0.0302742317286076 -0.317129593206715 -0.0841994279160733
0.0345431481254385 0.00260487094160532 -0.214473609589019 -0.180220071030299
0.0192775105012792 0.0323514952621114 -0.0334593839516952 -0.182510350986764
-0.0338630734157796 0.047235261712053 0.0257342064701231 -0.01068381334635
-0.0565489487946459 -0.0430996759363012 -0.107140322315772 0.031180120459388
0.0429785917125286 -0.0891527784004504 -0.289266616908825 -0.188107639651069
0.0954508608858921 -0.0234809974266523 -0.149510134955957 -0.542207446439128
-0.0334481129405914 -0.185337399482246 -0.201574006000467 -0.275453539328895
-0.136676162462294 -0.153533525467282 -0.172754685253453 -0.105770760754691
-0.185814148154858 0.0368325992029767 -0.0666495927305962 -0.0570502606812189
-0.0619196777613804 0.196756952985781 -0.0432409767010847 -0.0329633438159625
0.0782408022597379 0.150780142389894 -0.060682859164997 -0.100203700529714
0.131728257870883 0.073731056307552 -0.169319895430116 -0.118217825081173
0.159211297138094 -0.0104585142633533 -0.253114659237054 -0.0786788917964807
0.166253942397343 -0.0264788982296185 -0.283613442888794 -0.0459588690765834
0.174963847084045 -0.00231047990338836 -0.278046932604079 -0.0875646335509453
0.149485553321505 0.103188391614393 -0.184462490451011 -0.178488411804162
0.0572217484516682 0.178225561635714 -0.0203045601253473 -0.170146136006586
-0.0945161581055632 0.216410886086999 0.0179327994060625 0.0049528592093819
-0.230801083118509 0.0135128543297216 -0.141410424315177 0.0400365879146793
-0.129439722958097 -0.198239319894557 -0.298895838860126 -0.17862755553126
-0.0137301668407443 -0.214752796041314 -0.150925432855715 -0.501219327765331
-0.104046318750592 -0.298687050621171 -0.194983989987816 -0.207894071076312
-0.237717652433191 -0.211764043172077 -0.15282311305107 -0.0835885144254869
-0.276640888844968 0.0641091994978743 -0.0804993791079144 -0.0625002960973233
-0.101270747978581 0.288176348058958 -0.0636738377920903 -0.0180799434043934
0.0945853276733373 0.246744489130995 -0.056246775708403 -0.0631777966342943
0.196126850976592 0.146618267193481 -0.119197050587302 -0.0804906616442177
0.25405433375791 0.0235482148188496 -0.171931722146052 -0.0658374677126182
0.264001953784175 -0.00586216068859243 -0.194962637304074 -0.0508664442976496
0.280834372364307 0.0269824288356632 -0.192718178627292 -0.0793118074111227
0.241208652394654 0.190787894246172 -0.119340669144714 -0.15389463005546
0.0873961422098857 0.305101863714147 0.00847397125445021 -0.134813107219279
-0.148194302224038 0.361264822903983 0.0228812660331534 0.0290546064260462
-0.380393997661911 0.0681991216476158 -0.152214936069116 0.0612649059548799
-0.285085090043719 -0.284524218608818 -0.274159922006732 -0.135049673853337
-0.117264775719409 -0.374312964739917 -0.122054117727342 -0.394335986642009
-0.174023286100536 -0.375744513112394 -0.166092231205039 -0.0946637866280654
-0.338880124170842 -0.237029117156871 -0.0966396004647809 -0.0445071562740792
-0.355172338417624 0.109750546247088 -0.07868682355859 -0.0767353388829273
-0.121361670590166 0.372400037649037 -0.0891494001667414 -0.0123325549479124
0.11477963725771 0.320207745609593 -0.0575075966553774 -0.0127331498340696
0.243746693401085 0.200443366717809 -0.0560597292823076 -0.0223317952699526
0.31542193349541 0.0532047825131081 -0.0633992249603011 -0.0404562686272991
0.321137142490667 0.0153834079127622 -0.0763869394437571 -0.0493082217628985
0.338874312614317 0.0526149433591609 -0.0752780252384866 -0.0626995368710203
0.291374314988648 0.250794074927167 -0.0270693924912261 -0.109280194727318
0.10145097847884 0.386066574158885 0.0509414934834666 -0.0777387653923686
-0.179749489077301 0.45205115644734 0.0377563778114279 0.0607367995929064
-0.469158597840531 0.111101120127619 -0.137664631698531 0.0883640867983625
-0.38929520795174 -0.327580707789996 -0.214833042574768 -0.0635604162198205
-0.195893191390854 -0.470479338373089 -0.0630641788523965 -0.239832881048049
-0.225980885507153 -0.403321989353915 -0.112606221641154 0.0544368694643502
-0.412080635379123 -0.226077991118525 -0.000292628983700202 0.0116598935479227
-0.396614963186893 0.159018928534303 -0.057188255747303 -0.0914505618701211
-0.115442163140964 0.42221648160273 -0.110147521630793 -0.00600479930896637
0.130452275786469 0.354884430087904 -0.0532325645445379 0.0500399758744922
0.263846726171195 0.223701295358665 0.0198097679845789 0.04843774314353
0.334267709314158 0.0721327968542726 0.0587585023586805 -0.00591386407444573
0.328851082181214 0.0328736730901916 0.0536728759008316 -0.0397330039436223
0.339675010425171 0.0715855246777417 0.0528008739414284 -0.0394397230648022
0.2877457497763 0.269950765303468 0.0748695229787301 -0.053551812698977
0.0917694880830863 0.397489538484772 0.098560378033262 -0.00852512214934462
-0.184906406305905 0.450451589231403 0.0570667638708499 0.0931816489318433
-0.467115203883006 0.119503260895325 -0.102105146827603 0.113529136924759
-0.408234467613678 -0.32100898609282 -0.130774353831281 0.0155748059278385
-0.231834792662801 -0.480928616723274 0.00873210909087465 -0.067020446103719
-0.250459706313154 -0.371144434041433 -0.0379876453566731 0.218586053558437
-0.41867460831693 -0.177589141093411 0.121183871080525 0.0759108736354457
-0.37240200350583 0.184525809279672 -0.0174248728184862 -0.0973442232164261
-0.0887899456050871 0.398043521362446 -0.115863898445722 0.0038595304606821
0.124670759550481 0.324624271412158 -0.0386465929259071 0.114356594263697
0.243413767643197 0.208414788390208 0.0998879711615839 0.117780198252884
0.303481212748645 0.0780730099382159 0.175984579507131 0.0312186501468122
0.288579642950457 0.0455089965495303 0.175588283507907 -0.0249691762957714
0.286203786575119 0.0818254404237619 0.168915191844498 -0.0123809222827358
0.230255751962975 0.244865932685297 0.162889262809884 0.00417978462404015
0.0570573010174789 0.333414108402133 0.134422132369639 0.0563468947505057
-0.158135086022985 0.351485158257733 0.0696818901052639 0.114408559984635
-0.368723461929991 0.092018018205923 -0.0607161835302347 0.124884650237777
-0.335732034588895 -0.262502049548913 -0.0469462461693545 0.0794581658272807
-0.224583805458595 -0.409714384217047 0.0788219312998503 0.0910263790694449
-0.228979098890104 -0.280371168576593 0.0404058152315991 0.372272724209188
-0.344321830114346 -0.10659916278201 0.23826464418245 0.14151834297461
-0.273970080302631 0.163590555934535 0.0361461556094234 -0.0898084658373569
-0.0506225787084803 0.289902432734267 -0.101772738594939 0.00864905495407567
0.0892412608142699 0.235009954861035 -0.01998848824749 0.162868083037081
0.17754625413275 0.158975086403973 0.166313833197982 0.172830717698989
0.223963947891738 0.0731743874322787 0.270486074968212 0.0655951234576456
0.204012080183728 0.051750519756329 0.272870764150195 -0.0056567389134108
0.191494214538758 0.0803183222938214 0.255519175791539 0.0155578443929377
0.137699728885368 0.18468661319433 0.217521748630533 0.0558669161212415
0.0100366733405095 0.217610407813362 0.145648536699777 0.10351524879356
-0.112546755092347 0.193414445297214 0.0684332870834738 0.116346893917415
-0.211090749336098 0.0449774790310295 -0.0252235463986926 0.117462925852412
-0.206916941820683 -0.163984756966974 0.0167851056807848 0.113848334341153
-0.183443806142345 -0.276828560412445 0.134093182999717 0.207743606943878
-0.165200081809168 -0.14100020361785 0.106403821237817 0.489514414739792
-0.202357058639374 -0.0229540193614567 0.32717907376159 0.197163943261564
-0.125097932240752 0.110033050634857 0.0935321644456824 -0.0747333355903416
-0.00460789786880998 0.127443898116593 -0.0739108595992289 0.000309460663531001
0.0336231012107308 0.104398299715418 -0.00940038655463525 0.182628057468983
0.0781269178028466 0.0832210790503679 0.201231690269719 0.205716010158711
0.104568481251102 0.0570860008345474 0.324328645186206 0.0917405404524177
0.0875580736994472 0.0508764967866041 0.328960669812411 0.0131535759835614
0.072298761630229 0.066804387982243 0.29954395265673 0.0400045420694878
0.0344750292009967 0.102267991622044 0.234538752018045 0.0948836821078123
-0.0298692499841511 0.0858062498185395 0.132524692112051 0.127911666483775
-0.0533818805700403 0.0339917294347905 0.0570593440640423 0.0999485751151259
-0.0494763665754194 0.00782604904465872 0.00402011326934052 0.0961998504471734
-0.0740584746294993 -0.0471894936327621 0.0562192639118598 0.119144472480691
-0.126941501777061 -0.110459266076994 0.171409654813355 0.267884731924193
0.0357427908824692 -0.0522326547614937 -0.197809534594388 -0.302037668238342
-0.0411231592245269 -0.0758795469150629 -0.174736626754575 -0.114713226077832
-0.0871427425065893 0.0209517696617716 -0.0493052836369696 -0.0627048417094784
-0.0109163898812197 0.101256151465331 -0.0355368829053643 -0.0584745994562659
0.0607485955316808 0.0436133549530693 -0.0795561363399882 -0.124863043501242
0.0575526861919287 -0.00801032819458802 -0.215897642569423 -0.132855256073108
0.0450553224142496 -0.0467798039992127 -0.312166865914964 -0.0731224636416974
0.0436450524631644 -0.047910930276142 -0.339256845282832 -0.0301680190681704
0.0444186321130548 -0.0341858510792616 -0.329678058752137 -0.0840700985207481
0.0373000337321566 0.00223211481947823 -0.225216453111704 -0.187365674367195
0.0214537660065796 0.0343048702811358 -0.0354377504675209 -0.193011457238774
-0.0330171627795803 0.0514156566195874 0.0315320648834916 -0.0140495444145296
-0.0611419484776252 -0.0423796888549241 -0.105676779290176 0.032795139533346
0.0410172231617617 -0.0939841118859044 -0.298454913205465 -0.188489682243256
0.0975485848542467 -0.0271119883257609 -0.156033842468004 -0.557463573446209
-0.0340814095889706 -0.192487706640949 -0.20662617511803 -0.283440274438278
-0.145666518908959 -0.159368552333737 -0.180783466224265 -0.108151791490342
-0.191099103983269 0.0395627788916188 -0.073496911805741 -0.0567663243274788
-0.0598288997129003 0.205228343086452 -0.045220552893887 -0.0288584782754422
0.0835253783983114 0.154579963402138 -0.0608644765829731 -0.0985783842473824
0.138281844173233 0.0747645051016708 -0.17384429768118 -0.118667063720359
0.164692026895701 -0.0133304400881456 -0.262586744008343 -0.0775038604590993
0.171102279115711 -0.0307706122607011 -0.293455947406563 -0.0444464358383092
0.181271761784492 -0.00659491506955159 -0.288516739428233 -0.0885699679052735
0.157746077284839 0.104931754119111 -0.194788904236776 -0.185776975008623
0.0619870475956974 0.185513087605248 -0.0215355797601865 -0.18088704991954
-0.0941912040703397 0.226097234906639 0.0243715568958819 0.00144932223200267
-0.23991987171893 0.0162970680723113 -0.13990583632095 0.0436892096070431
-0.13704472038647 -0.206773739635527 -0.309018007462144 -0.17818798875708
-0.0136435744954981 -0.224837231589978 -0.158023264248624 -0.514595877472302
-0.106621159939933 -0.308735551006933 -0.200007449516733 -0.213719104628153
-0.249222025265184 -0.219887137518831 -0.161411926213788 -0.0863898830205195
-0.284024355285628 0.0671571214969675 -0.0891416493765088 -0.0628210847568016
-0.099873929179822 0.298352807285888 -0.0653385230804196 -0.0131813532883543
0.101896263031898 0.253414271795933 -0.0571050751303938 -0.0606703041781701
0.205974136986368 0.1489567251415 -0.121620172338926 -0.0810494131305457
0.262991946187454 0.0208755667674647 -0.17829770605498 -0.0660126709411176
0.272847065328917 -0.0106413306306534 -0.20214212169451 -0.0520151732760634
0.290127328290089 0.0231108912337596 -0.200004809592036 -0.0815464413769029
0.252954111426504 0.195531635610646 -0.127261087526093 -0.161107841051011
0.093058645451511 0.316333664990308 0.00896819196391553 -0.144035369278652
-0.147921884872631 0.375467610715442 0.0290137955173827 0.0259599495282781
-0.393752191184584 0.0723643308258722 -0.150616683684233 0.0664832472107894
-0.297534062820543 -0.29720918336741 -0.283357313583832 -0.13372859093869
-0.119729204093173 -0.388671585389976 -0.12600936969896 -0.405356360756597
-0.176732515027903 -0.388170254116884 -0.171630394068738 -0.096465756671044
-0.35217899163197 -0.245879992844837 -0.104237168287871 -0.0464177262173084
-0.364229752177046 0.113190608524563 -0.0884155019318675 -0.0774128025853763
-0.120714396029626 0.385008650146138 -0.0926585839715854 -0.00665299479617399
0.122518113420033 0.330316623253869 -0.0593415466417736 -0.00783786296824837
0.255740808187151 0.204724500661604 -0.0559845250137494 -0.0217630938652457
0.327744772445415 0.0508656595666856 -0.065850467409279 -0.0421306040338304
0.331929092962222 0.0109701610959822 -0.0800980787686369 -0.0523629834986309
0.350266380940239 0.0503117280496191 -0.0784478599852797 -0.0659163292957488
0.305139278296672 0.256532244322807 -0.0321360442360034 -0.11653461139177
0.108446771872396 0.399578187076352 0.0527998574423446 -0.0854419618759405
-0.181922630298727 0.468529264023538 0.0443737255379142 0.0574082038305959
-0.487156039444352 0.115754084712746 -0.133952143371101 0.0949377372124631
-0.404505275949167 -0.341653153455587 -0.220408548976037 -0.0606080583929468
-0.197430147693416 -0.487567798235555 -0.0666405781431714 -0.247716739813865
-0.232096091989428 -0.415318689323321 -0.117116450658363 0.0575099725161744
-0.427210123630468 -0.232862518443681 -0.00516278098280602 0.0102636583291901
-0.406134086870383 0.163901323312804 -0.0666152363026401 -0.0935381139802492
-0.1145570044343 0.435577938478274 -0.115074801704866 4.44777278307211E-05
0.138855197759327 0.365642840149171 -0.0551888931333322 0.0576952496240479
0.277177961008171 0.228636615575689 0.0234087717068828 0.0503696536744345
0.347621875948182 0.071468480132705 0.0610146071769284 -0.00875241034999496
0.340787046770678 0.0307988914848841 0.0543089910306525 -0.0443292171390677
0.351202907663543 0.071352109110631 0.0545694700841135 -0.0430799657442044
0.301386968331285 0.276629255662898 0.0735809650621922 -0.0597127909167611
0.0975346782027141 0.411595371030021 0.101887388155165 -0.0143231419360344
-0.185555707697225 0.467254825964098 0.0628956508209344 0.0895363286172727
-0.483555796462169 0.125156864981997 -0.097863962599076 0.119714755759696
-0.423353303803732 -0.333064295637566 -0.132082776235231 0.0201458716225422
-0.234421313149568 -0.499143219117533 0.00827036733162651 -0.0706608901777427
-0.255597364163011 -0.380625468932147 -0.0408187436547879 0.227289495200826
-0.433518221534108 -0.182368757973336 0.12060742993732 0.0761857526513906
-0.38142108319016 0.189281446347931 -0.0249868184789771 -0.100459984294691
-0.0891751922519753 0.409832349723002 -0.12155489194259 0.00940479442472611
0.131843457152023 0.335668683532074 -0.0401835702822812 0.12462675890577
0.255211122502921 0.214314382612842 0.107285485456299 0.122059105881788
0.315964460840623 0.0782474872199999 0.184022080083592 0.0278586503483596
0.299220614097705 0.0443924827527898 0.180748377018971 -0.0301219456706472
0.295969336713299 0.0828241151766582 0.174911128050284 -0.0162788518263503
0.239826683418297 0.252297169745258 0.165893988415973 -0.000192097171614553
0.0602318356951294 0.345069404542814 0.139211860939455 0.0531061199774496
-0.16031085812958 0.362912506340141 0.0755390148328459 0.11148681903246
-0.380071969930176 0.0951904732597625 -0.0561848312315826 0.131114589671323
-0.346140489720147 -0.272225317130165 -0.0451457488556346 0.0860989702898178
-0.227706521510312 -0.423919299390138 0.0810992755806857 0.0925289187766478
-0.234258024242479 -0.285957761935198 0.0393306955553113 0.38526345728251
-0.354929666878811 -0.109077683237479 0.242076083938988 0.142746395025978
-0.280065376367248 0.16918232955785 0.0305166624612153 -0.093347086669584
-0.0501417780104492 0.297192074564621 -0.108118652209896 0.0140880513525014
0.0941119585285245 0.24249086924665 -0.0213511226785835 0.174397552049249
0.186081898062268 0.162508968554095 0.17584496174161 0.179701361330798
0.233020379718057 0.0739093650845635 0.282390984428793 0.0625486705952298
0.211745510458898 0.0520614024976724 0.281051887236261 -0.0106166446055371
0.19757808864653 0.0831660792226307 0.263660228626521 0.0119488834750897
0.142853417662877 0.191028205072266 0.224106785307713 0.0529855601684578
0.0103643119155211 0.225535811295535 0.149690654183598 0.101827424868334
-0.115469868646128 0.198507159464801 0.0728271250261237 0.113484032977996
-0.216582128744304 0.0446909532203867 -0.0201754378175671 0.12280204422086
-0.212051103866474 -0.171349707442652 0.020864123709971 0.120845804749834
-0.185840298127972 -0.284400619379775 0.138804019375221 0.211506844277607
-0.170596621528007 -0.142566825021667 0.106932571022069 0.506968224388596
-0.207817649430804 -0.0217760258209963 0.335157983842781 0.199030145733137
-0.126787464396734 0.11313981063815 0.0909511458712284 -0.0789220661130308
-0.00422879981848085 0.128503965382867 -0.0803588425482966 0.00353905180578872
0.0349815193175794 0.108210294628765 -0.0101747529433849 0.194415453836189
0.0811707091316569 0.0854779418168208 0.213107865567579 0.21290596692238
0.10907872950303 0.0589466567587587 0.337939735086591 0.0898622035327092
0.0917217869015393 0.0533416253579266 0.340161323614116 0.00798364864139663
0.0749425843211092 0.0716799167797546 0.310209053355611 0.0369449336342438
0.0346857831674731 0.106671821771916 0.241179701282099 0.093894531942771
-0.0319284297582484 0.0884003291519383 0.136335437885988 0.128123722681426
-0.0564806887779813 0.0329041592761167 0.0600880999220181 0.0977688835059972
-0.0490275955410688 0.00505335370560274 0.00839174208315668 0.0995698320373434
-0.0738706593124884 -0.0494349419688936 0.0619198943460158 0.125204967529948
-0.127850817561687 -0.110947632418553 0.177457691753977 0.27333207632082
0.034305592406857 -0.0568643195222313 -0.210489962189988 -0.304428654553805
-0.0492286525674581 -0.0767932399567728 -0.184865166412625 -0.111488564064714
-0.0890856137343398 0.0268391073065131 -0.0575782638113841 -0.0603675386742634
-0.0042452122614776 0.106452368374319 -0.0392816398976526 -0.0532011518227607
0.0656564383147978 0.0411577943191074 -0.0834507341349717 -0.121221964590674
0.0599378995549163 -0.011369978088731 -0.22508636339492 -0.125688761147749
0.0439384712901428 -0.05079919741854 -0.323130049913243 -0.0587577588030248
0.0418781601478374 -0.0526140641775216 -0.350080419181388 -0.0167745447377304
0.0443630775766442 -0.039711189652872 -0.343043459475319 -0.0736354879719328
0.0406073383023638 -0.000497800738445048 -0.241209633746409 -0.186565031856735
0.0248912988183452 0.0351110706123324 -0.0437577560591521 -0.202335691362587
-0.0298751971906582 0.0561367234826856 0.0370757690805767 -0.019007983553897
-0.0662857191197953 -0.0392206239038005 -0.102480605140235 0.036894107992705
0.036102076228063 -0.0991464223160566 -0.312151009953503 -0.180440538278911
0.0980671359009579 -0.0331736255668568 -0.17864255276734 -0.565540441040703
-0.0405791666258542 -0.198617864893524 -0.21843831572412 -0.285322772094212
-0.159077277650862 -0.15968013930573 -0.19174529142685 -0.104925363334922
-0.195024432009708 0.0485688007334289 -0.0820932967758078 -0.0534707472996731
-0.0503637686393691 0.214691130545395 -0.0470699701948931 -0.0224521053038376
0.0934422758746922 0.154697395131194 -0.0643265840744349 -0.0952028679614623
0.14689237630579 0.0702624113813665 -0.181267961631153 -0.113535050532539
0.169141638908711 -0.0221558199453348 -0.272771890473102 -0.0674055484850665
0.174056662220275 -0.0408833582417032 -0.304168407550226 -0.0340208441926341
0.186119068714313 -0.0166956498683553 -0.301082836383381 -0.0802468673171787
0.168141609267167 0.100380988864428 -0.210916588766469 -0.186221060631192
0.0727617923507489 0.189884013572995 -0.028950582264911 -0.19040295356446
-0.0856279235304023 0.237453670340666 0.0299052612585004 -0.00268089812717838
-0.247715540982182 0.0268358990850251 -0.136567602719423 0.0500396258763077
-0.150606142078975 -0.210344802404006 -0.322729440526191 -0.168253658048551
-0.0207464877864674 -0.232628328129533 -0.17794187150086 -0.523056809788801
-0.116653374924179 -0.314422628497436 -0.210311930361152 -0.213031702650285
-0.267242327580937 -0.21870615623034 -0.172032368135888 -0.0829441637427136
-0.288824993195123 0.0778020931563861 -0.0992105056036527 -0.0589176835690336
-0.0886635069333382 0.311381432474204 -0.0672486005937297 -0.00503632873111114
0.115515306493076 0.25690899373709 -0.0590797222557441 -0.0556541767012975
0.219926143178091 0.144588711040033 -0.125463527791298 -0.0771512725355137
0.271828365109234 0.00955165495492515 -0.185292983660508 -0.0607556308359775
0.279264443662448 -0.024009949626324 -0.210683293639151 -0.0462484796167916
0.298986815320128 0.0104676467603808 -0.209019498401583 -0.0771547591522286
0.270241819956831 0.190218955287157 -0.141152882785089 -0.163854340938023
0.109330326786303 0.323261160451798 0.00312273571423793 -0.154054087488226
-0.135880400712622 0.392722832977427 0.0351153904874038 0.0207707662607313
-0.403952402535979 0.0894931622390509 -0.145108711207113 0.0754021873748015
-0.3185669766452 -0.297665631487119 -0.29494106518582 -0.122378765682534
-0.133421361157703 -0.398679029495621 -0.141597440546103 -0.411926960476415
-0.190944998991056 -0.392613814142037 -0.17823104799952 -0.0931404194696854
-0.372559789854479 -0.241086946251894 -0.112976903951329 -0.0442002074419867
-0.370068434544853 0.127740502193276 -0.100225574339356 -0.0738913759772025
-0.107375136199889 0.400308529649163 -0.0949078638413603 0.00246274346765656
0.139935370808499 0.33527583437605 -0.0600224667517043 -0.00123667545004289
0.272859895573282 0.199785606273107 -0.0550540289824904 -0.0192272566987678
0.339657421815819 0.0383748774910549 -0.0690286149705953 -0.0422296645271335
0.341280317229916 -0.00445409624592411 -0.0851355599552588 -0.0522766607367679
0.36160269865626 0.0373726934209404 -0.0830182683634003 -0.0664707956109548
0.326260000108928 0.252650312704894 -0.0409013337371907 -0.121818698801264
0.126811644756688 0.410227690035931 0.0504998280319802 -0.0957286430230902
-0.16687875942982 0.488208198912726 0.0507052054150713 0.0513787991878815
-0.497500071487894 0.135291509120727 -0.126694989177047 0.104463234824842
-0.428775102951521 -0.341237502506465 -0.227208306728335 -0.0504946021792
-0.215694213706053 -0.496018132765487 -0.0753059979293781 -0.252434933742726
-0.248039045404872 -0.417540152860558 -0.118715392556472 0.0641798365181497
-0.447475871027944 -0.226562568885301 -0.0100075240298321 0.0108417269935528
-0.410952212223626 0.180517675726037 -0.0789333438636167 -0.0908837854195965
-0.101301466175727 0.45008593492261 -0.118730332504438 0.0104772720653794
0.157770851811587 0.37124862744211 -0.0538270744794521 0.0673513762610891
0.295890323348588 0.224388504713018 0.0291986973728578 0.0522068651364493
0.361098145092135 0.0589215111093496 0.0627732783893327 -0.0139322555130427
0.351872923432618 0.0163896276703637 0.05282182077438 -0.0503356050899196
0.363698006745211 0.0596015181243929 0.054310502666087 -0.0488653876268689
0.320644695151862 0.274154528335571 0.0704480438967595 -0.0668669504735798
0.116094517941055 0.421544371579006 0.103934919361177 -0.0239127271135985
-0.171327052894168 0.487649962595669 0.0703039279846526 0.0827541244310901
-0.493495197334144 0.143831855297816 -0.0889255653131511 0.128421861519393
-0.445194770279832 -0.333417082977654 -0.133263870656405 0.0296035788239032
-0.25422834812418 -0.505342898701247 0.00614932757413179 -0.0731728087688506
-0.272389338107055 -0.382463804583601 -0.0359536106643013 0.236678098386684
-0.452327063623305 -0.1735222089687 0.121277454775893 0.0732948851148436
-0.382745143489461 0.206373968223804 -0.0365283399660508 -0.0998665764251084
-0.0743499620714228 0.42225397316971 -0.126156142458422 0.0199561165868765
0.149196966066131 0.340274655931047 -0.036776896878051 0.136001681349552
0.272333388802861 0.210207228358711 0.118233038715836 0.122505729113018
0.328348506139241 0.0670638041338295 0.191311827605381 0.0184295050823331
0.309710368605183 0.033014733016564 0.183309714278415 -0.0407077401315874
0.307948535470973 0.0750919495975541 0.178919509671921 -0.0260530864790936
0.257764872538632 0.250823278926758 0.167276731611383 -0.00907488042939324
0.074849934912976 0.354311361629899 0.14377919231945 0.0445430591957685
-0.149392151570586 0.378389656199002 0.0833106054177968 0.104884866375772
-0.386568518317581 0.108613859587061 -0.0460929499138221 0.138352361103422
-0.364134379971728 -0.271938708662946 -0.0400765692679238 0.0934121005827393
-0.242665354122989 -0.428770318404442 0.0856705788089934 0.0905169589260556
-0.249164874232897 -0.286021299364225 0.0504369007018684 0.397193849857574
-0.367753403143164 -0.0998715531862592 0.250006288103831 0.136482169460918
-0.279358166823151 0.181837721012715 0.0217025118627623 -0.095607297080915
-0.0401841340102362 0.30450018757838 -0.113189513365467 0.0231816997023995
0.105467294515395 0.246115674460276 -0.0163796531989181 0.186723711464563
0.197734214682989 0.160123588122708 0.191577630928347 0.179960538077935
0.243191911368792 0.0666188477004309 0.293713362315289 0.0503329093680968
0.219894455256675 0.045890697211451 0.288054922778671 -0.0245201258600773
0.20649004700607 0.0799531759671052 0.271923844912993 0.000305917886803357
0.153903374573832 0.192282357401825 0.229917790559709 0.0437733096939836
0.0175270608386855 0.232256059096996 0.156385133712402 0.0950017553791862
-0.111221766637406 0.206273098860146 0.0791453713412727 0.107799597442071
-0.220643546491752 0.0507963543406757 -0.0106480566384901 0.127886342365459
-0.221865041085397 -0.171301158657449 0.0294461626525059 0.12684503406486
-0.196457934135638 -0.285249949434217 0.148609755078214 0.211058112335921
-0.178903324445653 -0.138186666220004 0.12493366001676 0.518680546736847
-0.212233312147494 -0.0143683071832053 0.348321698991168 0.19056447154237
-0.123799877810974 0.119817149635239 0.0850425785373128 -0.0839993487553512
-0.00145742474005827 0.129616881720244 -0.0855424712549713 0.0102725723154934
0.0389808147867795 0.109979496288054 -0.0038444625447327 0.206149465067952
0.0863508408910371 0.0848924508574127 0.230125487415644 0.211955013456896
0.114592288350773 0.0566493471874558 0.352085655319376 0.0765231018418006
0.0968414185000878 0.0519273499989169 0.349413910931098 -0.0068736146562443
0.0797680762246731 0.0735393521462655 0.319930415902028 0.0240879497723831
0.0392502977583753 0.110353315852005 0.251162730438902 0.0850251090241797
-0.0314577293619627 0.0923545315471683 0.142532517565015 0.123005194689698
-0.0591693204171251 0.0333430009441195 0.0652620897773613 0.0925648157277069
-0.048410938442068 0.00404168857297321 0.0159659715486136 0.101633396205352
-0.0751593215384722 -0.049805661230542 0.0716501250554658 0.129506983406975
-0.132069421312322 -0.108488299769967 0.189663302113299 0.273025185502312
0.0550786484027041 -0.0332338801338193 -0.0508037347027757 -0.373821695390458
-0.0130045554013292 -0.0903383331715523 -0.118080236750786 -0.181712030846524
-0.0948558978571898 -0.0127134198024245 -0.0258441718503619 -0.0780400248205304
-0.0487139982567775 0.0971155370446006 -0.0106983255573795 -0.0605267479396378
0.0411587986947273 0.0681232611100393 -0.0169412233479688 -0.144737928947686
0.0595517397575094 0.0176239743081431 -0.143922620877435 -0.21287207989613
0.0598263373352911 -0.0276924417656664 -0.263895734917356 -0.195005768213762
0.0607315371242561 -0.0310985948043027 -0.307040397641147 -0.16588770788097
0.0567356538468449 -0.0177949469577962 -0.276625116058428 -0.213739542586532
0.0367942308199057 0.0170768887979454 -0.135814827863202 -0.273638497200736
0.00785740207307183 0.0436085804164405 0.0510826721954719 -0.204506081605905
-0.0498054501989291 0.0390816141579983 0.045873619467716 -0.000863537212530368
-0.0452851969876465 -0.0639406911377188 -0.103182382449584 -0.0151626499604156
0.0698838775517276 -0.0777766640022881 -0.196301710190062 -0.302719205878834
0.101278548695303 0.0112623398846322 0.114594020873875 -0.590495326139587
0.0534798430873827 -0.194123152596957 -0.0706005918722091 -0.357274316983041
-0.0753060953555683 -0.214370749085405 -0.126963772615854 -0.174099423381948
-0.198547259163519 -0.0414796222498055 -0.0497636117671092 -0.0797695998116585
-0.136583946114268 0.17253457412251 -0.0281765536746931 -0.0342774266482384
0.0153781129035476 0.18187201849685 -0.00562560119723323 -0.113458970465193
0.102388711588684 0.129537025208849 -0.108813513618569 -0.185783563142917
0.161232927592121 0.0536049630215605 -0.213899107013716 -0.18222966826399
0.176676116537863 0.0389259358265758 -0.256169573128896 -0.162786743681748
0.174446075024099 0.0649698584293796 -0.235640482471705 -0.201947339925121
0.109079919057421 0.163466974066162 -0.109731575239868 -0.258314103088807
-0.016726042133333 0.205302122302246 0.0558426469620601 -0.184128785316984
-0.178529481665146 0.17611861214109 0.0270051285372783 0.0121061910197352
-0.238015336438845 -0.0868098637629304 -0.142725178947392 -0.0196430224868025
-0.0481584099328361 -0.261366053707861 -0.206880773983513 -0.298915671049957
0.084876495520859 -0.221007101005913 0.0976116266334962 -0.551253077311593
0.0397483328212963 -0.33279423944501 -0.100429324957781 -0.285683025160028
-0.144914251176094 -0.316780078939114 -0.118096156202949 -0.142941217781151
-0.296747320151411 -0.057785256057561 -0.060745235343256 -0.09061662343369
-0.212566478875481 0.241486241584212 -0.0512307090626708 -0.0264805802502305
-0.0101442703688425 0.283207092912766 -0.0143562967370847 -0.0760729369315876
0.135820343419239 0.229052103952484 -0.0725844878679312 -0.130900608945577
0.241903351205805 0.127693737260102 -0.137921359582081 -0.139904875751283
0.265433540306036 0.101775773986605 -0.166700739047947 -0.134968949987239
0.265002743023862 0.138630587533146 -0.154452719605888 -0.159246186221747
0.163721048518006 0.288471935210312 -0.0585850363404317 -0.206337992828177
-0.041918183642325 0.343370773676931 0.0649694180020512 -0.13464274701045
-0.289682159797696 0.292796765484482 0.0157751158966232 0.0371624867404903
-0.405792591135999 -0.1014326286862 -0.164591948473061 -0.00390505754122986
-0.158766803317309 -0.41517932173678 -0.199169511664773 -0.247922059593729
0.0584644286904717 -0.418551104595425 0.0791773404647962 -0.434146264532783
0.0114638625546537 -0.437764135823885 -0.129592741609579 -0.160344355679732
-0.229653408501368 -0.386587934599351 -0.0810930730251713 -0.0796303310848257
-0.391058912282227 -0.0505328878471934 -0.0529964114568386 -0.102408954632982
-0.269332917705411 0.311795951418652 -0.0774782919768816 -0.0305444913730474
-0.0229491007554528 0.364906479501971 -0.0358841039034035 -0.0270162094933164
0.159911147948777 0.302278427669478 -0.034336208236568 -0.0490581094844186
0.29168104847202 0.184215547339115 -0.0412805272314288 -0.0728720974648149
0.313964884580682 0.14897315727116 -0.0513367783540659 -0.0872764008895246
0.309246249361534 0.189580780809375 -0.0459236293037645 -0.0949935970713772
0.18832356777242 0.369353821180965 0.0113278791819469 -0.125034931744737
-0.0631423009954009 0.42924006133149 0.0787249730152573 -0.0601573462141098
-0.358317026452395 0.365757160442599 0.0130685170991318 0.0710369821692547
-0.509477893048526 -0.102338629236733 -0.163392446600255 0.0291730409497703
-0.236462567488925 -0.5022830118619 -0.168339798855838 -0.15222579538591
0.0290198018523676 -0.543056668629802 0.0624820562891333 -0.260377311088409
-0.0271567855719474 -0.48836034599403 -0.149038555765378 0.0111916782584135
-0.304885871117235 -0.406711082842819 -0.0106880690563733 0.0175252341109141
-0.452734286904196 -0.0223437020646091 -0.0249384373143911 -0.108889224742029
-0.284648284076924 0.358359959293603 -0.101179068218517 -0.0350437564010447
-0.0232996785577203 0.404338768559022 -0.0604383461212885 0.0375394375988296
0.169580659062596 0.333849608197861 0.0101724789906927 0.0526463376564421
0.302851897538231 0.21308632225603 0.0649386551237077 0.00971945556889081
0.314468450816602 0.171906242853718 0.0711732928750011 -0.0262269590524136
0.301795323371233 0.211443807832575 0.0698005056032416 -0.0200512601072448
0.175012587152525 0.387204914765545 0.0867912591404775 -0.0282009273521516
-0.0784986431652373 0.435458754005221 0.0940259964686847 0.0271843513553582
-0.362443494217874 0.361451346863039 0.0150554159278516 0.10720092871018
-0.507886368066004 -0.0943784934348894 -0.140460824984079 0.0685346052148212
-0.25408569323913 -0.502416839968024 -0.119672064963098 -0.0361944355499353
0.00128407134672061 -0.56797981651038 0.0494353199394428 -0.0611215377957805
-0.0649942182759158 -0.469249448344437 -0.152851591358889 0.206292317240535
-0.331754023101002 -0.363715715411067 0.0809179204372525 0.131312994421512
-0.439281566168461 0.013713398285961 0.0173987904362496 -0.0995197426507757
-0.251042646937912 0.343314347205856 -0.11372401708554 -0.0304696020917306
-0.017740660155145 0.372713769916805 -0.0781294839782094 0.107961859918984
0.154715272165393 0.309545566792533 0.0579890664314499 0.156904271992084
0.271272555840754 0.206755411712714 0.166003988833922 0.0956251928955957
0.269105363260535 0.169302261861285 0.183760248440998 0.0388893194898775
0.244907051563647 0.201661408052636 0.171476475491721 0.0538209913291841
0.126725771863348 0.339208492141907 0.149093395943576 0.0648124203921114
-0.087004642154925 0.356030437216757 0.100743194812384 0.104901332797495
-0.296618445621367 0.27136081245639 0.0188289566199353 0.129849273994891
-0.396101013918358 -0.077492899429444 -0.105526251971966 0.0987883339844005
-0.205130330479325 -0.408557992012534 -0.0674467625656561 0.0655950896105785
-0.024022505003235 -0.493423125722834 0.0400475350564042 0.122999688134548
-0.0884627169617228 -0.370560422457315 -0.145468652595823 0.390623707533238
-0.28940201440942 -0.258602896578757 0.167489278876827 0.242216850399809
-0.333640098252379 0.0374877874749321 0.066294873199983 -0.07234082807435
-0.16944604264433 0.251983666974683 -0.107549868722889 -0.0240905288498789
-0.0146600125856211 0.267222874327619 -0.0870753874647821 0.163478692578362
0.108883541331027 0.231463641646383 0.0966546866881706 0.243933801095559
0.19428833855437 0.168316946262916 0.244666556571136 0.171985064205805
0.181948426309797 0.140996844009196 0.270443178862403 0.09934965584199
0.151772435779881 0.162605658610596 0.243241781358921 0.11694896015166
0.0581560050638331 0.241261013530475 0.182203642702667 0.137625962298161
-0.0858547741882518 0.219193153014403 0.0921171819238506 0.15277627592779
-0.187389801705695 0.134421601664856 0.0184135828184267 0.128379848824541
-0.218330076079781 -0.0557266758568713 -0.0669113260995425 0.107887255509032
-0.120845657814921 -0.253339515691229 -0.0231794285512825 0.129921421283535
-0.0457273212843765 -0.342187929052636 0.0360301544730064 0.260152071267516
-0.0938167653408044 -0.208707106217858 -0.130015535924643 0.53200111870084
-0.186218520138849 -0.111718577127528 0.231885941418172 0.329151483764896
-0.165817988349689 0.0524089896488765 0.114690619988873 -0.0374297116767658
-0.0575898599790148 0.112600672593891 -0.0828750722313095 -0.0259670346358621
-0.0133210435783882 0.114491484298315 -0.0915037711834824 0.188271986716801
0.0410662074303527 0.113220041359879 0.114940915134292 0.294484313596655
0.082297809591767 0.102061339730388 0.284263263197309 0.223901068959024
0.0662377491803634 0.0919503328134523 0.317188199623822 0.142878610510732
0.0408722921016592 0.10212167512267 0.276051945592289 0.159169740054297
-0.01218983834745 0.117057777610607 0.184075896668245 0.182831341812832
-0.0697947956380961 0.070010916136305 0.0700022901792424 0.169557708814821
-0.0670818671218749 0.00218247062965288 0.0163266418836079 0.106703212992649
-0.0424297802577639 -0.0195540219807861 -0.0293679923257253 0.0989255745489196
-0.0411713524996351 -0.0771420515966766 0.00901293184408025 0.152745087455516
-0.0676111252895018 -0.153417153278026 0.0403464030571939 0.3345452108868
0.0524409457345955 -0.0374183771528976 -0.0622123354749062 -0.364804331754092
-0.0214718030077926 -0.0894205481794009 -0.124747915739826 -0.174021254103831
-0.095305080745653 -0.00680501930028385 -0.0331556068309697 -0.074586170511674
-0.0409914857274785 0.100077894862297 -0.0156457296209112 -0.054023365902994
0.0451122613906567 0.0647829889190523 -0.0207645650256439 -0.137051949887125
0.0605542598547539 0.014053885937263 -0.149222584973315 -0.19985442159955
0.0580156694969365 -0.031292524012667 -0.266989981022549 -0.176415573791705
0.0577366832870566 -0.0355585970615038 -0.30784617582212 -0.147850509966858
0.0550018383774319 -0.0228610077307596 -0.282029955534965 -0.198677154072748
0.038642624059118 0.0142929296881348 -0.14742661636318 -0.265521893280268
0.0116498010008801 0.04386090564228 0.0424154163981441 -0.20798163507924
-0.0456453976263653 0.0424693214709951 0.050483746850938 -0.00471841493388462
-0.0493412894499778 -0.0595540105060492 -0.0972119687339075 -0.0101326945265903
0.0622786779110819 -0.0810138816806333 -0.204295848061044 -0.285285058203548
0.0992397470887091 0.0047136559508421 0.0896293663447128 -0.581064420596744
0.0458721866495941 -0.193951975382787 -0.0813387183026888 -0.348092807261383
-0.0864947622032211 -0.20892499310293 -0.133454592770425 -0.166241642622011
-0.197022414984427 -0.031057143908239 -0.0571810938719404 -0.0754459873127655
-0.122851066243668 0.177179883058301 -0.0307340532569977 -0.0266810903779703
0.0252089131985826 0.178192765587989 -0.00880044597915931 -0.107086225459706
0.108514571915523 0.121836362333613 -0.113100738227948 -0.175018635336184
0.161684897198716 0.0432613912742115 -0.217522443799689 -0.167283352380519
0.174822024060051 0.027084216238458 -0.25898913745457 -0.148009928936206
0.174418503500393 0.0533347749603225 -0.240517823169545 -0.188170949320258
0.116770370983012 0.155141148151274 -0.121599548079335 -0.252230102620591
-0.00597104256309939 0.203906782926713 0.0473638489765503 -0.188269915656254
-0.16511326817482 0.182058264133375 0.032355583414883 0.00906506638027427
-0.238495239131279 -0.0746965620540738 -0.13566451928233 -0.0121796502439572
-0.0595755611553033 -0.257394734815532 -0.214578198056788 -0.280442819208388
0.0749490932306497 -0.222291331874187 0.0740032651768963 -0.541992711218533
0.0286351906480378 -0.329532712625191 -0.107386617990799 -0.275885082322406
-0.158212111763069 -0.306263795214462 -0.124287882159517 -0.136065792890027
-0.29231582196845 -0.0450054592236433 -0.0693582245812 -0.084712870636334
-0.194976946189665 0.247923331467742 -0.0523776989532019 -0.0176447394964235
0.00491536397923951 0.279068437718034 -0.0154110466615734 -0.0697605634431071
0.145758710547494 0.217608100383883 -0.0748776744504866 -0.12382403694433
0.243737481051165 0.112552219291618 -0.140842205873976 -0.130624662872483
0.265767114820899 0.085811576323758 -0.170188092004369 -0.125980881188196
0.266732830960955 0.121714023220596 -0.157993740047052 -0.150663188883407
0.175466094691809 0.276018995926816 -0.0693447612414845 -0.203400823899442
-0.0255518026082985 0.34117232716946 0.0586560064904481 -0.141158129166888
-0.26891889296328 0.300805056106316 0.0222229408452035 0.0325102857451369
-0.403881409526951 -0.0824681585999448 -0.155965082449594 0.00580979627511498
-0.174073961459414 -0.403686571894885 -0.204537347166973 -0.229781697415442
0.0440395643405588 -0.415215605617834 0.0611331501301515 -0.428651491336173
-0.00232040125979498 -0.429761854861857 -0.132425581906289 -0.151408131864476
-0.24256044646008 -0.372027021390097 -0.0867083887676545 -0.0747974494724223
-0.384371851087969 -0.0355199612538477 -0.0629990084486979 -0.0970386472381083
-0.247887644281873 0.318139420194034 -0.0783314190711907 -0.0204585830119843
-0.00495225665657277 0.359490658371895 -0.0353610008380529 -0.0202847555558777
0.172967324608692 0.289783292318559 -0.0331153341135819 -0.0451882175805787
0.295320278376253 0.166469609786197 -0.0429295785489732 -0.0703199863618054
0.314819041692603 0.129556334782981 -0.0552942996836953 -0.0852211108251907
0.312937830133927 0.171334866449026 -0.0484247848498844 -0.0937916727757069
0.202757688317324 0.354616967488434 0.00283789174494074 -0.126817845390308
-0.0434011298919083 0.426414086329354 0.0750404821774259 -0.0682396894318244
-0.333203571286859 0.373163131011036 0.0200171375979053 0.0649901369626876
-0.504636423659328 -0.0804893454837404 -0.152190168800801 0.0386764650038313
-0.251472427456984 -0.487969721039369 -0.170803750737438 -0.137359720364635
0.0125334924764932 -0.534711157106472 0.0520732487214268 -0.258149884801648
-0.0418274788196635 -0.476998592989038 -0.146594362573571 0.0182296468814002
-0.316253233115131 -0.388838347107792 -0.0146949241386733 0.0166518388273332
-0.441588240160665 -0.00417928058244646 -0.0357872730202248 -0.104266976360281
-0.26272927978337 0.362529981174916 -0.102769377562809 -0.0235174673407174
-0.00441534258552488 0.398217984420191 -0.0577565454291908 0.0439505576331217
0.183297454171325 0.320204429826122 0.0154410486948007 0.0530438638735629
0.308805483846633 0.193616024409034 0.0651184221933554 0.00498652024989417
0.316723588115652 0.152892440318771 0.0679319357368705 -0.0309732665397281
0.305507623593647 0.194003496327254 0.0684465960860134 -0.0252450976672498
0.190460601286675 0.372764193463134 0.0813267794380698 -0.0350131546216595
-0.0573506747381991 0.433759884512865 0.0932546579078785 0.0174120778365535
-0.338934350019383 0.369255947036126 0.0227263412468767 0.0995400965160627
-0.502139638128341 -0.0724094427764791 -0.127974275488545 0.0769887821100723
-0.269568035077184 -0.487520207144761 -0.117425575609241 -0.0249929455962021
-0.0163631827478102 -0.558485151471525 0.0464349568117254 -0.063087820302023
-0.0775708212975594 -0.453795849548822 -0.143706968807919 0.210218128411003
-0.340225964419575 -0.343535549249193 0.0798165232287017 0.124482854794498
-0.426678614918644 0.0301819641859153 0.00653589615287487 -0.0970272967187182
-0.231252197315557 0.345903651446391 -0.11563073745806 -0.0195525339221955
-0.000957785358246385 0.367454024320391 -0.0731992663454894 0.114737362532271
0.165863367079869 0.297695675309484 0.0668740454069647 0.154132777058846
0.275949629341925 0.189524609476336 0.168284786391658 0.0848823819191937
0.272090620384949 0.153010721083144 0.181080289802665 0.0276778649068269
0.250077960026669 0.188030713936783 0.17167623495302 0.0426122416060435
0.139933981350882 0.328790261779677 0.146987292804699 0.0538789751428395
-0.0699710651086526 0.354865512012727 0.103175698241942 0.0931733156554856
-0.278347328320767 0.278412252694289 0.0264559875994452 0.121263230017977
-0.390513384865287 -0.062029718025329 -0.093291853072916 0.104153283024799
-0.217295209342764 -0.396823093083687 -0.060437741414824 0.0727746033217751
-0.0382923233048978 -0.483088965925741 0.043941589194511 0.117660449756213
-0.0979004139497255 -0.356941794766687 -0.12995825802856 0.390541702379923
-0.291919870101405 -0.242104149841982 0.171133602661456 0.228310711482929
-0.32242087338809 0.0495079514721077 0.0556895689568665 -0.0734269940379198
-0.15556401111262 0.252101830931118 -0.109324333545062 -0.0153946884881274
-0.00332643385119714 0.263991721632989 -0.0800864151755502 0.170094477244724
0.116903109690711 0.222294219251436 0.109028876101529 0.237676999840262
0.198422416291261 0.155554314140642 0.248636482613382 0.155712826753178
0.185001219976036 0.130296272167939 0.26901546959905 0.0827730435950417
0.15616182803377 0.154841941034412 0.24530031038836 0.10135087777398
0.0672759368621779 0.235683495880695 0.183972935877469 0.124686499022604
-0.0751406616826225 0.219844352571775 0.0967716815666456 0.142106559425774
-0.178262875406461 0.138077962186183 0.0247710518944167 0.11975865341156
-0.214810798688139 -0.0476505640678256 -0.0564410657387604 0.110899808705287
-0.126804546381688 -0.246303852029325 -0.0138232839060026 0.133179689303297
-0.0545038981316012 -0.33226028655987 0.0451865619626868 0.251338011543725
-0.0993253671438403 -0.197507729819522 -0.109521191347025 0.529129752664336
-0.185212050781921 -0.101170387754204 0.237791035185306 0.310653975751116
-0.157345358749729 0.0571002908778057 0.106275072693009 -0.0414692923332907
-0.0526665963835234 0.110380181423237 -0.0862182745581154 -0.0198103825399763
-0.00908129166686663 0.113129138636213 -0.084569571767598 0.193720826614078
0.0445771395178547 0.109687942935182 0.128577015613311 0.287019103109419
0.0855442930532933 0.0961525363894544 0.291205450633662 0.204517121453999
0.0695846995317602 0.0883971901259969 0.316840893924947 0.123596853672432
0.0445544593410568 0.100693572992547 0.277686378177613 0.142300985320829
-0.00761280638093304 0.117435421499521 0.188511939555378 0.169088827760569
-0.0672183918769849 0.0714342739765 0.0754880966507256 0.160019546360214
-0.0668702754753446 0.00231398593117007 0.021578562763861 0.0984158774548319
-0.0393250638918868 -0.0198662352059747 -0.0209754145186372 0.0988541550004616
-0.0409446263898408 -0.075435420170022 0.0188109638981489 0.153536885733886
-0.0701642217908133 -0.145925726853844 0.0525632040431185 0.324181381340491
0.0489758771604066 -0.0394303877550605 -0.065998970313361 -0.354200048345188
-0.0272794157768974 -0.0865104147148423 -0.126090090522156 -0.166509082859474
-0.0939240609909358 -0.00198201601917861 -0.0379968258007888 -0.0708068480596539
-0.0339857053522309 0.10064386556692 -0.0178610212466585 -0.0465667231000983
0.0472986035639382 0.0609223584243075 -0.0214820123036338 -0.129521705186987
0.0609837225194924 0.0109612039908368 -0.148919551484719 -0.188539992168583
0.0557882532676624 -0.0337934852501322 -0.263120448140164 -0.161891055828567
0.0546482421710513 -0.038300722256723 -0.302421097875383 -0.134573063445541
0.0529107671941417 -0.0261219610930351 -0.280218721418287 -0.18578443341448
0.0392131555305773 0.012021875322318 -0.152709914369717 -0.256806630420294
0.0140695140165065 0.0435102736816733 0.0361807241940801 -0.208320967420816
-0.0424652986870603 0.0441862145688891 0.0544079771490586 -0.00853516866319561
-0.0520229066165178 -0.0551684959007595 -0.0900732670934899 -0.00817012298516187
0.0561757195168224 -0.0814018040306942 -0.203931808169044 -0.267768030144355
0.0952539937596465 0.000381337510098893 0.0763960165213476 -0.565756689799314
0.042306256730909 -0.191539196269465 -0.0844334803919209 -0.336409739759335
-0.092868751188051 -0.201693813399935 -0.135219677715249 -0.158753004231815
-0.193078386482352 -0.0250210886737031 -0.0616532613806503 -0.0706753091072853
-0.111607488919978 0.177259765016045 -0.031475330103236 -0.0198302098056811
0.031149998202627 0.172281668127156 -0.00915665295864521 -0.100622360121966
0.110305937614487 0.114912840735158 -0.111973741726459 -0.165983342510179
0.158995884822673 0.0358671950849773 -0.214899092052528 -0.154826371804329
0.170248147122178 0.0193604708148399 -0.256125214419065 -0.1369275116496
0.171125824562758 0.0445623113131625 -0.238493624260216 -0.177287308745474
0.120003399698339 0.14762123490317 -0.128004525045059 -0.24478399459837
0.00155167295789126 0.200426384900637 0.0417492866484672 -0.18984148987305
-0.154424083063353 0.182399138703436 0.0370034620100467 0.00503292568972113
-0.235239031046019 -0.0661981666476469 -0.127294575715424 -0.00724268123389808
-0.0660735669205895 -0.251752660537979 -0.214630928161155 -0.261862156146273
0.0693600703322989 -0.220293474580354 0.0606235426445525 -0.52731237728241
0.0247821245538401 -0.321510620390713 -0.10964134762016 -0.266189123858854
-0.164067378366877 -0.295663743930744 -0.127400890649699 -0.128908647477007
-0.285678467931927 -0.0369506328706555 -0.0744836669332718 -0.0788693229635628
-0.18038515024568 0.246325230533674 -0.0514965007951681 -0.0100199109677074
0.0140132071231892 0.271616352284022 -0.0151897399974232 -0.0640957956530113
0.149830133992926 0.207608932935714 -0.0737176579204319 -0.117086034925236
0.241169907709406 0.100801425085414 -0.139373641303828 -0.122594414763185
0.259276031681712 0.0728983066015614 -0.169113633492657 -0.117710223040454
0.261775302875211 0.109623822522526 -0.157333550866298 -0.144307223521578
0.180318473664747 0.263746904497388 -0.0764389666432915 -0.199131259659284
-0.0141123767678408 0.333609120056253 0.0535385319666942 -0.143982338023389
-0.251841840159788 0.299944939213956 0.0269567011755137 0.0279488293541518
-0.395203257498399 -0.0705103144356704 -0.145418994758842 0.0111823534452
-0.179587603607306 -0.393547623954322 -0.203741156786142 -0.213401932381167
0.0359384973644138 -0.40658830306116 0.0515813422042769 -0.41784303339668
-0.00647323330401061 -0.41849513628082 -0.131487787905431 -0.143565417295457
-0.246687611822322 -0.357697446806606 -0.0898538330344321 -0.070422417041468
-0.372422019615784 -0.0270311269403501 -0.0696072800508992 -0.090360272423541
-0.22980062501185 0.315680349277823 -0.0771567331968919 -0.0120284264904088
0.00585786903167611 0.351167099589426 -0.0339002121795088 -0.0149197315378712
0.177427583400945 0.276746854732396 -0.0304919525511313 -0.0418207765829573
0.292841432468207 0.151385866905627 -0.0424600815747581 -0.0681251312377245
0.3094918047947 0.115299452390587 -0.0567069559190509 -0.0828487634300458
0.308595186894936 0.156565386754217 -0.0492470703667355 -0.0920730244896088
0.208871022943585 0.340085823573041 -0.00356868182862483 -0.126852498503265
-0.0296758608487634 0.418187544161631 0.071099686547252 -0.073918830855447
-0.312892478839946 0.37230473642649 0.0244155432302162 0.0584877249033867
-0.49276491358394 -0.0657300657464231 -0.140591983020159 0.0436788900764255
-0.258245428970613 -0.474804077305676 -0.167532876475513 -0.123851719047596
0.00330722722211876 -0.521766055509093 0.0462776048104977 -0.252748640230985
-0.0452971192108058 -0.462154861856402 -0.142175728469791 0.0215246519730057
-0.316831036456287 -0.374022734037115 -0.0181841356739172 0.0164010559117021
-0.428700764540436 0.0031619266847013 -0.043795563147601 -0.0981103750966388
-0.245618853345938 0.359048489103168 -0.100594437345839 -0.0146968237739592
0.00774420302827235 0.388974017797545 -0.054877438801106 0.049450727477736
0.187827083139475 0.307261710270397 0.0190807395022758 0.0527033321043352
0.306451614522434 0.1782413828719 0.0644003954552156 0.0016670146378363
0.312584672669112 0.13879121746335 0.0644078200742257 -0.0338534471457799
0.302861743006 0.17966216195155 0.0666528309863018 -0.0290539160249661
0.196995676101491 0.358822996449217 0.0748021835695764 -0.0393168837723185
-0.044014252037126 0.425844316352435 0.090346305855017 0.00868196402939717
-0.317545111554227 0.367489511577192 0.0268124892536871 0.0911411296925035
-0.488518678498303 -0.0591803684083475 -0.11658804314469 0.0798368028015087
-0.272874847869118 -0.472355845587279 -0.112047036382755 -0.0171118079184645
-0.0244639471053465 -0.543384433972996 0.0438434768342027 -0.0633164629278543
-0.0802196997899358 -0.439148968446887 -0.136702174116558 0.208515162117599
-0.337056426201788 -0.328262877099667 0.0762301739521336 0.118992765242174
-0.411850470883226 0.0362277092388826 -0.0022222520373686 -0.0929591091878194
-0.215472364992463 0.341348164757559 -0.113972507400803 -0.0110943356500193
0.00893309099215012 0.358132856405493 -0.0683064303098036 0.118609698911597
0.170548811148671 0.285767925916554 0.072476708958712 0.149954635129393
0.274451133715878 0.175517293798487 0.167023208407365 0.0759123593422474
0.268861169940222 0.140230421832721 0.175950501098627 0.0200778688868023
0.248436833603782 0.176864254567687 0.168936205250814 0.0341646219811565
0.146001834043898 0.317311879902238 0.141491613793815 0.0454397435654782
-0.0583766262933424 0.34871086613072 0.101556181180186 0.0829476838106081
-0.262299116553067 0.277172300594943 0.0296000346322807 0.112009790265283
-0.379869529825533 -0.0524587066651856 -0.0820290386659479 0.106018132233582
-0.219757284303481 -0.385265774527748 -0.0533668676809336 0.0764821979035227
-0.0440436514955988 -0.469120349143316 0.0450255271300092 0.111576514032295
-0.0994059172032667 -0.342869052159463 -0.120430219972013 0.38501169881087
-0.287619973429557 -0.229919463260134 0.167079757755133 0.217851916100562
-0.30906532662539 0.0532525089342995 0.0468815271866147 -0.0721217474689891
-0.14539907294458 0.247102915979176 -0.109297257230261 -0.00816678766275703
0.00230252636182081 0.257491052248727 -0.0750899668569625 0.172638554228109
0.119749147841789 0.213639110373109 0.115586970964471 0.230460309443753
0.198133745579113 0.14567755045119 0.247689535046569 0.142536790609576
0.183685532676824 0.121810580588556 0.263152150399351 0.0716023575901585
0.156156885483675 0.148267019415599 0.241716531228236 0.0899684325806058
0.0715183375723484 0.229552885668398 0.180442782641651 0.113720223380001
-0.0684883361122229 0.216772176913472 0.0964156150412995 0.131400290207717
-0.169712335484399 0.13695616690405 0.028406752032283 0.110307391904975
-0.207675059885254 -0.0431185242371748 -0.0475527359391134 0.110890508856517
-0.127146700772495 -0.23971677533147 -0.00649448107013737 0.133394134257401
-0.057073105822213 -0.320604964116703 0.0488869564393498 0.241752117206077
-0.0986561103109824 -0.187003539646956 -0.0980264379796769 0.518326637231971
-0.179540094903966 -0.0934225818631084 0.235608953913239 0.295122051925684
-0.148338283934904 0.0578299566283124 0.0979941827771135 -0.0435550458661509
-0.0497324021765286 0.106237561650024 -0.0867807811168896 -0.0144555086636357
-0.00708583782544476 0.110803519579341 -0.0784338162575666 0.195552745936232
0.0451800636612284 0.106322133669749 0.13536214417231 0.278527683318082
0.0856161662883668 0.0919629480418571 0.28999044137224 0.189957783781339
0.0703077011135686 0.08484851063204 0.311125813518933 0.110232640594499
0.0464455991111609 0.0997959052626293 0.273730673188633 0.129374656928409
-0.00522239764120129 0.116378338225633 0.186603884293782 0.157348378968986
-0.065350158678599 0.071054109938925 0.076215070411418 0.150693943262311
-0.0662570980643216 0.00174469656121904 0.023950461575866 0.0901813106470331
-0.0367509900146084 -0.0211975867963644 -0.0149032707904256 0.0974970975535227
-0.0394450345111447 -0.0737666127189731 0.0258200939760709 0.151328754117472
-0.0688717496954495 -0.138114419400848 0.0569196639764414 0.312003613788905
0.0464455059689399 -0.0412169177679694 -0.0656276908552219 -0.346983146216356
-0.0322064045887626 -0.0837160816371292 -0.125547789965354 -0.162649035894791
-0.0935135345496673 0.00174490681116664 -0.0418726546603001 -0.0672854195304246
-0.0292456473712141 0.100268533503216 -0.0189649501736499 -0.0394639772028987
0.0487729218420792 0.0584659831339574 -0.0197878023872913 -0.12303498856092
0.0613033650553852 0.00898532266642284 -0.145114402414048 -0.180791648619228
0.0542133415539498 -0.0350447575048012 -0.258217242263495 -0.15266513897461
0.0522593646196601 -0.040048512255062 -0.297644769442827 -0.12611656525141
0.0509223284820485 -0.0282362636272934 -0.277003690433888 -0.178610224883983
0.0400591760106125 0.01079856458902 -0.155856862445379 -0.252113666663804
0.0164701249537 0.0429767978138169 0.0329295267958159 -0.210046786994205
-0.0398090229976729 0.0452089853406269 0.0574898042953731 -0.0116954449935484
-0.0533857172826434 -0.0515038775339451 -0.0839626906206743 -0.00816785551060538
0.0514582941487572 -0.0812025956417454 -0.200216511557369 -0.256550539058316
0.0923754473561153 -0.00233505192075789 0.07177870252152 -0.553712857915232
0.0403489744208917 -0.189907047112769 -0.0836612256463515 -0.328073105101224
-0.0962494982509377 -0.196693455379598 -0.135218998760353 -0.15392277614912
-0.1895634126735 -0.0207232802621084 -0.0655139384400876 -0.0674102789243966
-0.103545856738584 0.175692533972756 -0.0311915825412175 -0.0131962858457891
0.0348087375710479 0.167744038435456 -0.00786048776004468 -0.0951469534046374
0.111615055739071 0.11020875533419 -0.108994466532165 -0.159834892016058
0.156454542164529 0.0311420823300456 -0.210861878365475 -0.147846268062081
0.165795550262577 0.0142933358444473 -0.25203097011683 -0.129892824703061
0.167564967394513 0.0391292674261373 -0.235902471900934 -0.172155050019477
0.120414804739467 0.142896417871966 -0.131411720491723 -0.240872171045731
0.00566417696671908 0.197298061112548 0.0389105163773795 -0.191565870243036
-0.14773436893065 0.181492122903636 0.0401295252922973 0.0014446737018938
-0.232825353366504 -0.0610760426913458 -0.119034546000487 -0.00580008230927421
-0.0695250711389681 -0.248337124241185 -0.210833594390895 -0.250328736458686
0.066501389775711 -0.217527618941649 0.0573169038402309 -0.516129237566312
0.0246153289577717 -0.316688559184809 -0.108017957105025 -0.258873925792586
-0.166261913167238 -0.288509758691958 -0.127982318864813 -0.124266016703271
-0.278355145755696 -0.0335680429269842 -0.0788511887002454 -0.0748297107436472
-0.170553281263027 0.243832909394626 -0.0502631716602617 -0.00340944202830487
0.0195607676507263 0.265678831638096 -0.0134540492880871 -0.0588176879126898
0.151215210467475 0.200587695802499 -0.0707258143155941 -0.113235660133143
0.237760996079182 0.0935783714429369 -0.136587986233166 -0.118729640784651
0.253911530569457 0.0654001592616326 -0.16754660059834 -0.113665722197682
0.25787778433041 0.101827117973697 -0.156011499228278 -0.140943057780825
0.181425359177542 0.256477452658486 -0.0805619267215393 -0.197182823003044
-0.00847079184579945 0.329918623697649 0.0500684009500503 -0.147083332035484
-0.241070764556163 0.296902408516886 0.0298192052839928 0.0231754196295102
-0.388201628111039 -0.0656797319730543 -0.136062805549094 0.0134520227286343
-0.181375714794383 -0.387482262934412 -0.199728275109587 -0.20146593246399
0.0342647429228892 -0.399846065005074 0.0477074023023952 -0.409019155103459
-0.00518852370933933 -0.410632077781181 -0.129338264254096 -0.13943324606276
-0.245401096141218 -0.349130418850558 -0.0920876817413261 -0.067558406410601
-0.363833989834704 -0.0245509148775038 -0.0743814887263687 -0.0854096421159556
-0.219087685810614 0.311924456870565 -0.0747499237861306 -0.00543036504287067
0.0121232020934033 0.344659425204656 -0.0317999640394828 -0.010399010567405
0.179549488386226 0.268896930621539 -0.0276982581317089 -0.0395648173012301
0.289461487462256 0.143164850686777 -0.0411986844796727 -0.0674016394450041
0.302910891726005 0.106507336363362 -0.0573357049135379 -0.0809458614610569
0.304775561779446 0.147865341047759 -0.0492028106893875 -0.091922236498758
0.210861339588857 0.331106252119225 -0.00940477519387264 -0.126849797209337
-0.0231610523480795 0.413023506557088 0.0673855681758149 -0.0789002304718101
-0.299279685627035 0.367714738994666 0.0266086959586907 0.0525912419455912
-0.483165814814944 -0.0603441998124876 -0.130875404425353 0.0456795479710435
-0.258260033633921 -0.466483005250479 -0.162732509281465 -0.114757050178469
0.00185540728561702 -0.512102069695904 0.043025302133563 -0.248648168900175
-0.0422105930264148 -0.452696618857598 -0.139875119399633 0.0231309648146914
-0.313067867871063 -0.364672008917396 -0.0219054023307882 0.0171945122309581
-0.41866420859617 0.0044317298150605 -0.0493919050630912 -0.0933824320945836
-0.233453299511157 0.353724148232731 -0.0983543142515096 -0.00809864468059819
0.013197168960318 0.381821065018214 -0.0524338588382088 0.0529058893720183
0.189244157987067 0.299096890674673 0.0230366444333507 0.0526702258164849
0.302614250859471 0.169747548618552 0.0647845932408197 -0.00105616703445303
0.307056918617202 0.130616467592893 0.0613412500849665 -0.0354774088688046
0.299113812010618 0.172018177547541 0.0646423633965565 -0.0317699735117492
0.198698204412326 0.350208132532294 0.0693364893485989 -0.0417462919141646
-0.0366460810323827 0.418884015108837 0.0863964742184388 0.00261573495334535
-0.305680842219176 0.363006999570014 0.0284087433915348 0.0838607837260948
-0.479374892910552 -0.0543245656176412 -0.106803557288855 0.0813522962185823
-0.27216757840757 -0.464724790565565 -0.106868114610414 -0.0107433024345299
-0.0233496087770916 -0.532170987808571 0.0417787540028999 -0.0642875777561337
-0.0772816657337824 -0.428609211697109 -0.133772769250126 0.206319436282071
-0.332923577682256 -0.320620622219097 0.0715411113203033 0.116530197995369
-0.400977421365337 0.0357459439260707 -0.00853820069745364 -0.0891675352636247
-0.207125611083194 0.334447231277045 -0.11284313196874 -0.00525836694621498
0.0129038347207117 0.352717318919334 -0.0657239892289297 0.121728781919624
0.171672311915081 0.278215917268295 0.0764834034272916 0.14746025446441
0.271614185502474 0.168394058089884 0.166156543748634 0.0698520635341607
0.264663137340739 0.133305122919771 0.171447897305457 0.0159582632456684
0.24592271450801 0.170368168941674 0.166294315654465 0.0286805730167194
0.148304634062289 0.310797418990362 0.136147753789918 0.0405201639993794
-0.0530071553935397 0.34414209146381 0.0982402873213587 0.0758598993810482
-0.252226262741827 0.272906716394659 0.0305783731603926 0.103737971041779
-0.371628991801841 -0.0497372952460567 -0.0741719416869278 0.105812264577022
-0.217883845589686 -0.379628179510068 -0.0484547152893656 0.0792341146037012
-0.0421220570311145 -0.458852465790055 0.04426465716276 0.107143905116518
-0.095732926603834 -0.333129876191361 -0.117553154384078 0.378349423587373
-0.281428233612374 -0.22205846683118 0.162037703709367 0.211632890187569
-0.299549603944514 0.0522568384152868 0.0404423279227014 -0.0700968181096549
-0.139901932908393 0.241592866950944 -0.108627435382728 -0.00377163953928224
0.00509127173017204 0.253645608188679 -0.072122117785272 0.174938450967442
0.119736641704414 0.209406176050926 0.119482432116067 0.226266413409946
0.195582320656252 0.140023483100315 0.245808791118251 0.133923033456255
0.181373367314828 0.116614404228654 0.257717318443819 0.0646213853891555
0.156355833941952 0.144402925130556 0.237139259059249 0.0822277648846974
0.0737595759042836 0.225896979285789 0.176160607192001 0.106479502295859
-0.0648039691682662 0.214435935493229 0.0942233374640278 0.123900022927479
-0.164617657868719 0.134393120992204 0.0286476667015323 0.102249219006731
-0.201874390353887 -0.0429203363338406 -0.0406621158044874 0.110273154334747
-0.125868102693487 -0.236651604209446 -0.00104647065239626 0.133128921306294
-0.0551840620858445 -0.311883473995556 0.0491300975490495 0.234503066489289
-0.0952744830035723 -0.179124148026903 -0.095520782226553 0.50905703639757
-0.173610302560485 -0.0901536829199733 0.22894267624755 0.285116412724992
-0.14175171903582 0.0561359879440274 0.0913084072317635 -0.043760229793267
-0.0489149555970274 0.103123844880613 -0.0887143845293134 -0.0114805049099635
-0.00690245600338817 0.109749565217487 -0.0757798189962241 0.196829014073518
0.0452306592089907 0.104129377256357 0.139045435287203 0.272908051274511
0.0847091458875641 0.0888629540474665 0.286985343060891 0.18016489367008
0.0704475568704723 0.0830534621787107 0.305926834462727 0.101737022859774
0.0480374214955386 0.0988001230962493 0.269586624671763 0.121422547781381
-0.00408753768242981 0.116186260367459 0.183617969792792 0.149854959489316
-0.0642623193559389 0.0711681394026747 0.0743462065437814 0.14377854178231
-0.0662041527568091 0.000228019226863644 0.0238322080739714 0.0828098594874711
-0.033776037534763 -0.0230248954597572 -0.0101385596970011 0.0963670266936619
-0.0376265206020628 -0.0737857853169203 0.0307674030542289 0.149786043937501
-0.0659331008459882 -0.132995609824361 0.056813045217434 0.303083849685951
0.0443423718855348 -0.042617673664101 -0.0649820349609744 -0.343017784175583
-0.0361155405543465 -0.0811380562555352 -0.126388607345629 -0.161042404013129
-0.0928570062203128 0.0052527225930127 -0.0455288718233095 -0.0646909320880528
-0.0252469574758708 0.100995473267888 -0.018881624104559 -0.0331952222782325
0.050065661950281 0.056931160410726 -0.0169820583616163 -0.119456628152805
0.0620287263138506 0.00707372875510575 -0.142975993296595 -0.175424868328968
0.053200582762385 -0.0365334932795837 -0.255401402343597 -0.146267937275365
0.0501411196859886 -0.0420274194532456 -0.294538170403034 -0.121827042703574
0.0491329484497548 -0.0299181558818859 -0.276481869327265 -0.175530885141416
0.0408672578278092 0.00958697693332436 -0.159123331082604 -0.250200332948742
0.0184806380936759 0.0428869084302862 0.0301956050638095 -0.212153497107953
-0.037796456489955 0.0470498819356079 0.0608162532989673 -0.0157349087024628
-0.0550827968058849 -0.0481282623118174 -0.0791414978970948 -0.00892802221399059
0.0473364615301508 -0.0809541089927091 -0.197127348593476 -0.248413408526526
0.0901070400741899 -0.00452982713737243 0.0694933446246041 -0.54675214051182
0.0398109401274499 -0.189740197417198 -0.0819582511623629 -0.32443378059117
-0.100081187346865 -0.193201802774939 -0.136706061827871 -0.151257010435057
-0.187194518169326 -0.0176806049575613 -0.0690394082708004 -0.0638153288123147
-0.0970314764014368 0.17509617860792 -0.0296007457930809 -0.00726279272787003
0.0382278393816946 0.164856994295048 -0.00576676311280703 -0.0914219794498424
0.113471256040156 0.106503145696604 -0.10684968067592 -0.155919053011583
0.154753440286772 0.0271208164266751 -0.208738512439035 -0.143005208765324
0.162719740748192 0.0101423721781871 -0.250242626936722 -0.125711083360293
0.16566209154348 0.0348168152026741 -0.23553794916283 -0.169701528485442
0.122408644727664 0.140187719011953 -0.135631591670036 -0.239483220979395
0.00935367940998922 0.196558253951092 0.0354837867809742 -0.194467772421816
-0.142884697567736 0.180918156049929 0.0435511667748589 -0.00175769418899269
-0.231634648885104 -0.057617876095757 -0.113243634860218 -0.0053951287895571
-0.0725946815928089 -0.2464530089916 -0.207118194493072 -0.241703279064372
0.0650548108325953 -0.217659511464664 0.0550871127963612 -0.510531993369873
0.0249323663863195 -0.31474414230354 -0.10662064792709 -0.255011380926265
-0.168474674158743 -0.285211132649199 -0.130111931010724 -0.121849552120649
-0.275272414198905 -0.0322403137787085 -0.0831596033196988 -0.070933794760781
-0.162456792656303 0.242071963743705 -0.0488108662591154 0.00219696454857313
0.0239427006122812 0.262404038819183 -0.0119455192818925 -0.0557099953750045
0.15292763275658 0.196497981445606 -0.068854633687728 -0.110163257752215
0.236111039561708 0.0881191675813427 -0.134905788175248 -0.116916243256525
0.251216890738035 0.0607478376692936 -0.166693830757132 -0.112159804386348
0.256003192333616 0.0962535229936003 -0.155459266172285 -0.140396073788251
0.184832231262115 0.251971216778503 -0.0855373950404688 -0.196443406433826
-0.00350018266188933 0.327360084266518 0.0464940512660756 -0.150928151601437
-0.233520236186343 0.296254028555218 0.0328566106677328 0.0191451447893414
-0.383773203410445 -0.0610724180817712 -0.129246591386576 0.0144696663538046
-0.184234330940366 -0.384334306964775 -0.195605625130312 -0.193611323818536
0.0351578145107112 -0.396883216628479 0.0463418967386177 -0.404680267569615
-0.00258821770670635 -0.406816067660653 -0.128124191733912 -0.13577113562736
-0.24616376537956 -0.346867306475886 -0.0946224913559919 -0.0649568752035361
-0.359392116028605 -0.0235157398422882 -0.0785968394387783 -0.081172110008488
-0.211563672302026 0.308975236524926 -0.0729706456192716 0.000774206631195702
0.0171099661136375 0.342346688562111 -0.0303929074600228 -0.00695052976060034
0.181198805640333 0.263892275992569 -0.0247692188162734 -0.0386621508008911
0.287500253168526 0.136591001782126 -0.0402855014930498 -0.0680396732296315
0.299893767963834 0.100248980869058 -0.0584285892288218 -0.0808960389376325
0.302941366543967 0.14211802328763 -0.0498714210332961 -0.0927008421523556
0.213644885531369 0.326515837271895 -0.0146605033542831 -0.12745707233964
-0.0168642295173828 0.409434687515909 0.0639848833241508 -0.0834844075899913
-0.292232749657439 0.366099124148911 0.0285530466998269 0.0472032035698449
-0.478883206212472 -0.0571629169601528 -0.122778858799672 0.0471316905854021
-0.259680249499446 -0.46381609436882 -0.159305818448073 -0.107855228284013
0.00328666879419475 -0.50797005959596 0.041423473398231 -0.24696865659958
-0.0387761375156629 -0.449208683269832 -0.139369004645193 0.024965247746512
-0.311304320341451 -0.361643341936967 -0.0254577521053672 0.018651816393088
-0.411152578549962 0.00411201959345782 -0.0546311799376604 -0.0886303183609544
-0.228137259037507 0.350412415509059 -0.0972441347224413 -0.00254522575175004
0.0181364821097963 0.379635805335859 -0.0508600482449852 0.0566089203371747
0.191393251664452 0.295051703181463 0.0257505827404792 0.0516932970554939
0.301475121058897 0.163465573643724 0.0648188073218653 -0.00439780192650304
0.303433769801073 0.124450022581787 0.0592010638931941 -0.0368797767129452
0.297558999784658 0.166022060564673 0.0636642447250038 -0.034850397310075
0.202096148435521 0.346758277993993 0.0635560128757577 -0.0442929030749792
-0.0307942103504967 0.416471290844058 0.0830670841862358 -0.00311832242708668
-0.296087126507225 0.359645571141982 0.0297396763000035 0.0779977268858097
-0.474665588343864 -0.0520228148685467 -0.0991555675377023 0.0817227008290715
-0.273409033271802 -0.462701034413396 -0.102761195540625 -0.00665780077805932
-0.0208810905092563 -0.52692717220369 0.0408696860792279 -0.064517249205104
-0.0722444530616123 -0.422931361213539 -0.133745409615776 0.206282487558818
-0.328668694544477 -0.317484036579096 0.0672581147219851 0.116116044499004
-0.394373094962264 0.0345174634996102 -0.0148265205075019 -0.0858476673715328
-0.200547910258805 0.330880336673419 -0.111864155880289 -0.000484338549687462
0.016540275334352 0.349718489974325 -0.0640504904697098 0.124972351888131
0.17259793648547 0.275892152090727 0.0800633889788736 0.145728227807199
0.27113409476628 0.162760400525925 0.165996756332086 0.0649229901806551
0.262492730232242 0.128873440657135 0.168350381133017 0.0129448251813874
0.246299337275514 0.165672827350187 0.163809110676045 0.023958353954029
0.151492682757805 0.308429380030009 0.131762281163978 0.036830264302925
-0.0486806430089702 0.342704795799452 0.0951600771520018 0.0697721170720077
-0.246514002636335 0.270412433147235 0.0309729874815955 0.096759082285805
-0.3668607256193 -0.0494022101859273 -0.0663999268044861 0.107228811896873
-0.218428326593581 -0.377569391348624 -0.0433942300259744 0.08152796508538
-0.0390387225955753 -0.452382549936971 0.0431648891323959 0.104223518642773
-0.0909383871224756 -0.327606160035459 -0.118411024127059 0.376768630178506
-0.276121358922328 -0.220521129492581 0.157253045619816 0.208161076165634
-0.292868762995401 0.0504590923249377 0.0345613392366137 -0.0683461237981107
-0.136553317220292 0.238155332356253 -0.109548231905882 1.01433152007698E-05
0.00765372317994911 0.2517781835334 -0.0707636299545103 0.178112976779147
0.120923405684011 0.207291265793509 0.122315031463625 0.223573274977983
0.195224646289082 0.136354005699542 0.245663704053066 0.127740071400417
0.180852526705665 0.11423963295084 0.253765221878522 0.0602055407636103
0.157411544749338 0.142194834999437 0.235080081513711 0.0768432451441994
0.0757760773414743 0.224127397088983 0.172500440549378 0.102176109620093
-0.0619074154558771 0.213471062623457 0.0920035033464328 0.118683594968397
-0.161783190447154 0.13198809229842 0.0284925680357509 0.09592763342206
-0.197502795501321 -0.0438714604427508 -0.0349416675275953 0.110364161012171
-0.124773110727604 -0.235754192321818 0.0038989752537595 0.133646556584902
-0.0524375251424351 -0.306963488548744 0.0486137130812889 0.229860807527497
-0.0916358457240618 -0.174380764436136 -0.0963186606892179 0.505354051996824
-0.169168655289449 -0.0889967714169091 0.225998363945702 0.280040091462805
-0.137115435248322 0.0540253476792616 0.0854882319294336 -0.0434217873993963
-0.0484219618399482 0.0999810384937911 -0.090580026034864 -0.00933849482561536
-0.006315770004519 0.109362172584373 -0.0746372391580277 0.19981790564375
0.0443025467332311 0.104104316357098 0.141951786856281 0.270269161990487
0.0844972906807168 0.0875519128571902 0.287035646623369 0.173931565326377
0.0706376773614247 0.0823578421824966 0.30186198678586 0.0968646866351891
0.0500807112423456 0.0989611975434651 0.267054643294057 0.115426847033011
-0.00218678260588871 0.116705205167635 0.181781301715518 0.144779397536806
-0.0638298255126693 0.0710090577215779 0.0730142349128721 0.13822002880775
-0.0667116008395553 -0.00119605421724671 0.0232931658044956 0.0764151294759272
-0.0314350392626961 -0.0250560700165479 -0.00606733958789977 0.0954001418309667
-0.0358890280179311 -0.0738878181511626 0.0356199233597713 0.148820417207329
-0.0634433489561327 -0.12949007907178 0.0573192291449146 0.298310933115156
0.0535632163017232 -0.0309249073451203 0.00813615397906879 -0.347718510942166
-0.0197385459130594 -0.083015704287175 -0.0893372884104295 -0.182836846804841
-0.0893726698751568 -0.0100629510800993 -0.0343251342038438 -0.0732525353520467
-0.040632997108513 0.0921063014368599 -0.0139542615315592 -0.0307509249532684
0.0387873191757115 0.0654086042685608 0.00846471650571276 -0.116687534541923
0.0608628819029146 0.0192832462515511 -0.10242635513226 -0.19716060775864
0.0580343095111997 -0.0253589092468556 -0.216733901521968 -0.195249541062436
0.0577588623032146 -0.0320655634559824 -0.257835037726607 -0.177869774582828
0.0542643778818589 -0.019795697417752 -0.23059166491789 -0.227320966055259
0.0384396271768706 0.0181250868571127 -0.101845674671771 -0.276462250392208
0.010010779391425 0.0467545441290432 0.0742229928095564 -0.202438865344468
-0.0454288955134093 0.0378590202785809 0.0656927190226455 -0.00335337996304558
-0.0448836598656434 -0.0576757231655426 -0.0741211540592726 -0.0272234921330621
0.0588187652876598 -0.068375820737229 -0.139449892005514 -0.284213577425468
0.0866993120934518 0.0143837533224493 0.195519775050879 -0.528652872306637
0.0819093946890234 -0.17167576535807 -0.0118405730578313 -0.334333975221419
-0.0588850508415906 -0.202356767455293 -0.0969381096509841 -0.176008786735757
-0.174102331985617 -0.0521054564966314 -0.0563458269263032 -0.0796311649732328
-0.121740483623148 0.147386192674687 -0.0302495429160336 -0.00970617411448443
0.00614943834717594 0.166226020601975 0.0136329269160379 -0.0906918311123073
0.0900759837312362 0.125219535655504 -0.0742458019667279 -0.173145351339673
0.143887983376496 0.0562120681069585 -0.172703578620516 -0.182348989390546
0.1569944596839 0.0419043324789001 -0.214719063333653 -0.173967025296482
0.152473880110693 0.0681493180901108 -0.193122509871305 -0.213159804932513
0.0906340960444657 0.160553245165035 -0.0815850768548062 -0.258171237550274
-0.0322758329521102 0.193306806238158 0.0742905123072516 -0.178976403991942
-0.17414192348292 0.141553982753666 0.0420620574802209 0.0108329851232894
-0.21410995983774 -0.109424692200026 -0.112815439690478 -0.0296199841134156
-0.0203820679511227 -0.256671080738982 -0.149892091352539 -0.282075165105262
0.11215420321927 -0.197424794652042 0.17284168482487 -0.497443425420698
0.0951845262099197 -0.295080468294936 -0.048949720720022 -0.272752103473905
-0.105355963484909 -0.303859227098668 -0.0933113984413867 -0.146806173519762
-0.254909140882904 -0.0844118395677392 -0.0679619486019963 -0.0911285267728197
-0.196616392986091 0.195942234852701 -0.0512291628942073 -0.00530055148883678
-0.0273113627156443 0.256142366516602 0.000775901220716513 -0.0583380196819247
0.109646726979012 0.219520398725286 -0.0477664383072046 -0.121844516595854
0.211023369700501 0.130363087807142 -0.106274006641047 -0.140906673615923
0.232756146951009 0.108933097392279 -0.138692579487186 -0.144236526509209
0.226830410269539 0.146573014320352 -0.122139850922955 -0.168594678046903
0.126778431188453 0.281396383995553 -0.0429742725466633 -0.20378922087524
-0.0729571618284419 0.317011366277737 0.0750307308437798 -0.130673346226107
-0.286137771786435 0.229961712871249 0.0243490628043103 0.0320639178102647
-0.360122859759587 -0.149577835181142 -0.136605781756925 -0.0124885445385399
-0.0961187854013337 -0.414713955676666 -0.148026681682309 -0.234106140837892
0.125443532688037 -0.378671452905421 0.138577100790381 -0.396144691476522
0.0881982750418809 -0.389618497449905 -0.0954333674703625 -0.161858352032828
-0.167677074068576 -0.378071276021142 -0.0677404710489853 -0.0862048542042547
-0.335418893674767 -0.0939682998298474 -0.0621562874159056 -0.102714953896913
-0.255116903852689 0.24832426211164 -0.0761463530959367 -0.013374569368258
-0.0492266289205166 0.330506563599433 -0.0273875740841128 -0.0163162286740398
0.123268471110708 0.291003758409564 -0.0210634685474144 -0.0433605096463176
0.251377129035075 0.187341761940524 -0.0240566651841932 -0.0735508599862594
0.272505071340175 0.159098030354926 -0.0404574417646579 -0.0919033090657198
0.261887635053801 0.200525092389001 -0.0295967645623452 -0.100209830610353
0.139344636579798 0.359839273681632 0.0095153377879741 -0.120917289802902
-0.10434775707808 0.393534093143024 0.075805051824421 -0.0588387515058016
-0.357172163484333 0.282756549983745 0.011389310234423 0.0606077340533703
-0.451927285076539 -0.168706665526073 -0.139213444332066 0.0209178295032313
-0.150898827171235 -0.509891679501694 -0.128495257586212 -0.143910053242203
0.120983737345359 -0.491820676393978 0.0960651631687477 -0.240235344093238
0.0638501598268622 -0.436335853368259 -0.139451488528382 -0.00765749856096536
-0.226011777125264 -0.404094086962867 -0.0162456293711007 0.00601615600402396
-0.38952474967708 -0.0781284325709791 -0.0384352079117757 -0.107409118071889
-0.279703023211615 0.283243478357561 -0.10075954924791 -0.0224394488010335
-0.0565783987163448 0.365265713200344 -0.0604534272745643 0.0417998476687701
0.125522204691955 0.322072371171009 0.00944894719400738 0.0554847665459982
0.259554604419845 0.215162765783339 0.0654843270424779 0.0103174600325711
0.271431185751519 0.183899845784444 0.0633414060738391 -0.0257050245875565
0.252197457899665 0.2231245220286 0.0682214853613583 -0.0214320303771827
0.124598257109974 0.375770975636581 0.0678473495088553 -0.0244695718070552
-0.119344017441202 0.397873131246601 0.077229522382817 0.0235854833478188
-0.36027332380091 0.27565912332239 0.00506881310637621 0.0891567087008836
-0.448967610755519 -0.163029920331538 -0.122906657024349 0.0605976231358878
-0.163818903252353 -0.511878009424316 -0.0939995751860896 -0.0323375963085897
0.100638867078781 -0.514326652073067 0.053255961331432 -0.0590552037982192
0.022805253838306 -0.419654325102374 -0.17205671954197 0.170790697783197
-0.254110403919579 -0.366842077807032 0.0531333445796585 0.117560790901749
-0.379882056142796 -0.0459115098908583 -0.00161783231077842 -0.0958234569985801
-0.251908462811553 0.268887672184598 -0.116301092323155 -0.0238535515364789
-0.0525057153811949 0.337332814065232 -0.0870998146680676 0.106549724127815
0.111376718735065 0.299644645502048 0.0431952043421952 0.158581463850613
0.231182244439621 0.208844010422068 0.149562565607964 0.0986693249720696
0.230439747981396 0.178895965877257 0.158575165646666 0.0447933511063424
0.202358699448123 0.212250578991782 0.15240658417127 0.0567104023385816
0.0839898208843901 0.329273908927352 0.11617279427969 0.067304939786379
-0.119867074706906 0.321738176566338 0.0733553912616604 0.0939779146007002
-0.292237104449238 0.200745518055904 0.00226096031535566 0.105497070836048
-0.343172523164516 -0.134531096304618 -0.0939152376759012 0.0909388449183488
-0.127837843986857 -0.416767197811153 -0.053565653002407 0.0680688730484733
0.0656740320930827 -0.446402973713708 0.0172720750161277 0.110470505438897
-0.0171583983100016 -0.334368993074287 -0.191535589906287 0.340810135831618
-0.222540617483072 -0.263697774511625 0.119270191458036 0.225637727533588
-0.286803913840981 -0.0119665246773464 0.0418315339089367 -0.0673102740367219
-0.17386966609359 0.194100117542016 -0.113119088698494 -0.0225924215975485
-0.0435095016196823 0.240341159984417 -0.104869749537273 0.158838636105639
0.0738068379511614 0.222608013963867 0.0710875623987832 0.243673337513012
0.162629531054769 0.167899671095456 0.214120367951583 0.177285205807559
0.153563426810804 0.148319050512063 0.232203469784701 0.108096515609296
0.121854814131766 0.170962968942746 0.210298347850307 0.122510548241884
0.0272105458450262 0.232851421684857 0.141855713463467 0.136683873315234
-0.106218925902973 0.193515191839271 0.0601732055300648 0.136770331699287
-0.181680542045236 0.0875866329832025 0.00178877358178855 0.0993408231829656
-0.179441050983016 -0.0904155928407177 -0.0583936166147097 0.1012413666714
-0.0667613498175745 -0.257351651219166 -0.0183253207842799 0.131009700011666
0.0196959826620178 -0.30822781657106 -0.00576769255349281 0.238194818143498
-0.0529166841249071 -0.187764622142225 -0.197354882266298 0.472981654012461
-0.146726863469525 -0.117458291047274 0.167186466962842 0.31011199011677
-0.138824041300468 0.0236243664930956 0.0856032163725541 -0.0295994929340671
-0.0649696971500047 0.0813899177409006 -0.0918035322492986 -0.0265998161161507
-0.0290371061855277 0.100755127485748 -0.112360559085194 0.181517063811676
0.0204225585251308 0.108360963118201 0.0839669289386799 0.293441783399602
0.0656398958553832 0.0997303919516371 0.244956624698776 0.230671069198649
0.051920873163829 0.0953603543269503 0.270424036881097 0.154529940687845
0.0271816959719736 0.107472425434142 0.233435637190309 0.166173579439923
-0.0267723882951963 0.113102823714029 0.141936327715279 0.176882109690456
-0.0784676184534379 0.0544151799589197 0.037898960275514 0.148536736762806
-0.0628784742479635 -0.0184651284266623 0.00331537834241862 0.0749185279148362
-0.0213481636736097 -0.0339011925278341 -0.0238185751697355 0.0919045686954652
-0.0154641396293352 -0.0806735554514066 0.00843928354201479 0.154529243492541
-0.0304446776093603 -0.138078560385336 -0.012918300818288 0.308243244739158
0.051550229847865 -0.0325931994249375 0.00899186957421494 -0.342546791503175
-0.023226012436714 -0.0808041329208795 -0.0907579396189682 -0.180316184004789
-0.0886920339554609 -0.00689013867722537 -0.0378256931749711 -0.0707802989248869
-0.0361711984891376 0.0930913632288454 -0.0130322988240053 -0.0252147490895477
0.0403970406928784 0.0633281448413425 0.00967149663678351 -0.113264488297379
0.0616692123481784 0.0168639612179995 -0.100370139399052 -0.193047449780517
0.0568658911309386 -0.0265010099661001 -0.214346222716726 -0.189184124380319
0.0555658580918386 -0.0338159529378654 -0.256348739354427 -0.172200372894873
0.053179495561934 -0.0217147871906788 -0.230930302323347 -0.223245019903719
0.0393096182207719 0.0169200795007726 -0.105556248667181 -0.273078517633768
0.011894816711783 0.0466452889588129 0.0713961941511645 -0.204840825684731
-0.0434802318868195 0.0394279285758175 0.0680753072076951 -0.00646425945637789
-0.0465907120442808 -0.0543537426517599 -0.069371777718633 -0.0276466979876227
0.0549640317014092 -0.0679144683001743 -0.136543460896804 -0.275190744813896
0.0843328182095877 0.012745160168524 0.190792124230499 -0.520353555202028
0.0798414116005 -0.171761531118495 -0.0113471095075856 -0.32871716131315
-0.062246464424962 -0.198474842244318 -0.0981857115069274 -0.173048322448195
-0.171785554929521 -0.0483531691545921 -0.059796486110556 -0.0764646583970513
-0.115279352119674 0.146553207906254 -0.029173337898757 -0.00387363738934371
0.00913215857013848 0.162848454533968 0.0150192666551055 -0.0866562966705173
0.0915555110013595 0.121259171374411 -0.0720667675749112 -0.169360847455133
0.142422761747089 0.0524036572000204 -0.170642768125434 -0.178520169364736
0.154628287428205 0.0381463545706478 -0.213328278913722 -0.169719649574492
0.151125807896624 0.064078300813693 -0.193710401472202 -0.21060476041519
0.0929043202128602 0.156659397360135 -0.0861010428665865 -0.254968783343815
-0.0288622914090206 0.191839817528662 0.0710642218980688 -0.181999978571704
-0.168859902604171 0.142159878992311 0.0449531932111224 0.00776001780654856
-0.212643722521492 -0.105206507961288 -0.106451867192158 -0.0281156283315929
-0.0234374580227527 -0.25384243410253 -0.147509736574244 -0.273030932789136
0.11028572492718 -0.19553276566715 0.167736657950535 -0.489348194848981
0.0948665474204408 -0.292645630743579 -0.0487283651791372 -0.267233938206511
-0.108217964231494 -0.299214035828446 -0.0946721159863552 -0.142898596297244
-0.250824601066993 -0.0812036472557707 -0.0720011723117866 -0.087001879734745
-0.188453676601888 0.194553117354111 -0.0496600526725255 0.000250375043122404
-0.0217592158794162 0.252501635856665 0.00152378129175691 -0.05542636157386
0.112674529818706 0.214321103894033 -0.0457545420074084 -0.119471054876384
0.20935375702325 0.124604803259459 -0.104825901195029 -0.139057909329759
0.229107329194957 0.104601697412056 -0.137753854789447 -0.141166856077555
0.224807687320147 0.140622397433302 -0.121978252818424 -0.167237329813259
0.130640612752351 0.276357565624281 -0.0483071043498367 -0.202053607813236
-0.0672953329344723 0.314783687550564 0.0708982816618224 -0.134133012787334
-0.27777991806731 0.229416609942102 0.0262891981648881 0.0286032815475441
-0.3569961009921 -0.145525428102503 -0.129544998177779 -0.010842754336481
-0.0989128063885635 -0.410627523939499 -0.145257812383834 -0.225891807408003
0.123261697698362 -0.372783333885863 0.134771203768759 -0.390047656595589
0.0902581812610519 -0.385972675226366 -0.0946941730529705 -0.157171167858264
-0.169101453150756 -0.372152417414616 -0.070115474707949 -0.083293657191477
-0.329706362535308 -0.0924703363740113 -0.0672856933552842 -0.0990454993156192
-0.246958690157839 0.245176698824697 -0.0742139668238685 -0.00772574405631742
-0.0425586369082624 0.327001144195944 -0.0264376868996695 -0.0128334199184704
0.126331512478173 0.28560790946483 -0.0190141378028172 -0.0424305009781909
0.250819231595772 0.180220088706141 -0.0233774435898749 -0.0746100181139854
0.270117726439555 0.153015604370571 -0.0415038635046912 -0.0910137096003581
0.260746768701556 0.194289551253577 -0.0307873263547601 -0.10194597183568
0.143790245154855 0.35287854320502 0.00464434737764207 -0.120692422328983
-0.098318817439375 0.391847371685616 0.0725913100073561 -0.0630896337589662
-0.347533674624265 0.281232311601426 0.0129912402494835 0.0559929471442194
-0.445981359327436 -0.164005956287106 -0.131746415298141 0.0225343976453489
-0.153333318032625 -0.505361517996008 -0.125055056333105 -0.137137238253023
0.119961421777767 -0.484315666355363 0.0929622957193016 -0.238436501510184
0.0652943934369219 -0.431760495794371 -0.138416099511954 -0.00460176108572923
-0.227875567208122 -0.399557096768122 -0.0190413718168808 0.00819638420677217
-0.384509055390372 -0.0777415970027904 -0.0442446660813748 -0.103413201284016
-0.270641171970446 0.278179200549569 -0.0997313259652716 -0.0167881763887878
-0.0507084379319013 0.362478355466451 -0.0599966628554843 0.0454792581927794
0.128447178465798 0.318128359558746 0.0118820247806133 0.0554913887257595
0.25908542156993 0.208691522289396 0.0657693139049564 0.00658698915939812
0.268857265613057 0.17816288179802 0.0614185590685568 -0.0269037403461688
0.251334459059004 0.216951083258425 0.0661407627724996 -0.0242834244471493
0.128728878926709 0.371161827551857 0.0624663755328597 -0.0256261345923617
-0.112938605043299 0.39520386093314 0.0741256882971184 0.017679904488866
-0.349039182504995 0.275301197273214 0.00564382356857315 0.0840294564047303
-0.443689120661927 -0.159381762042825 -0.114893306731435 0.0621821505917468
-0.164759747706398 -0.505792854233628 -0.0898022244260906 -0.0282008044377234
0.101537609425513 -0.507491885298686 0.0508188377755686 -0.0595178814368761
0.0267523084508422 -0.414290050106662 -0.17091296519119 0.17122416949875
-0.251273212386895 -0.362444542185255 0.0504087398112445 0.117205050619777
-0.372545603212913 -0.0464027528972028 -0.00764464803518776 -0.0932020226493775
-0.24429637035661 0.264416378431476 -0.116513937171397 -0.0186685907094925
-0.0475220130036704 0.333455923008407 -0.0864628062523954 0.109978624211485
0.113159706843997 0.295585890363812 0.0460672595598632 0.157366508476744
0.229802734555813 0.202932589773254 0.149361018612889 0.0926094332598058
0.228688061187937 0.173982049907522 0.15599376220082 0.0408561390866196
0.202721990183257 0.207189030238879 0.150578523006515 0.0518205075346695
0.0879807306627806 0.325212105094997 0.111816800049447 0.0638406053023824
-0.115197606612757 0.319442791369581 0.0711734984004353 0.0883052534512139
-0.284907119503474 0.199224559368207 0.00206645967944942 0.0989859680189602
-0.33727012299635 -0.132334766963835 -0.0861087628995553 0.0917715502846456
-0.128887016450308 -0.413593500401601 -0.0489927479578311 0.0697144864469813
0.0666331233007918 -0.439269346579991 0.0157514096196663 0.106982035769257
-0.0130612990094584 -0.327447234515088 -0.189744452564503 0.337818979623703
-0.219176304088619 -0.261018172017036 0.115568556078242 0.221813632808685
-0.280659276466458 -0.0123957682795099 0.0355160613880795 -0.0657619696001127
-0.170670689848034 0.19013125249818 -0.114721819912692 -0.0186087853182168
-0.0409413770181196 0.237715593708532 -0.10378862467605 0.161598022513231
0.0746837701758473 0.220267053443183 0.0744893945530934 0.240937873612414
0.162055735270824 0.163903183122361 0.213300039353626 0.169664040444636
0.153240745555624 0.145518622640986 0.228855957081562 0.103135958152968
0.122769280607366 0.167407823930545 0.20827402704422 0.11658332541277
0.0308777958067154 0.23043408567112 0.138784992277911 0.132028475732932
-0.103043054102697 0.19287685101457 0.0583968283813691 0.130641344215125
-0.177920890398952 0.0860286196192629 0.00101614911111814 0.0925945407310067
-0.175251871707553 -0.0906604858035201 -0.052552154859424 0.100805366549784
-0.0669601801281934 -0.255490536948858 -0.0140061983560659 0.130864137529027
0.0222110584412411 -0.301830888588625 -0.00600807074360342 0.232709604958982
-0.0496075212203104 -0.182868709205362 -0.195297513136793 0.466846275024472
-0.143053924189967 -0.115592993697803 0.163292876602993 0.303150651272826
-0.133843867974793 0.0219798051833369 0.079141788478262 -0.0297321933915868
-0.0649528286133564 0.0786552504716807 -0.0951059908092741 -0.0236549309111803
-0.0287945351912693 0.10022301188196 -0.11128533446127 0.184011924776318
0.0209174383565153 0.107289020053328 0.0868701899254709 0.290172845552801
0.0655133697280865 0.0984046115945357 0.244903101534586 0.222327623364754
0.0526763349111223 0.094523335002052 0.266825136114921 0.149028717648986
0.0287841487537924 0.106575412470831 0.230910017384441 0.159726450029142
-0.0247997429038318 0.113280362652656 0.140663292342445 0.172107688943612
-0.077642884285854 0.0550370693960957 0.037378090203208 0.14324053542032
-0.0640897695024719 -0.0196072338684564 0.00312109200430565 0.0694082037459626
-0.0188464060940977 -0.0361062014966227 -0.0192442781650852 0.090901005652779
-0.0143307909297046 -0.0806348138198083 0.0125185890226984 0.152801074201814
-0.028224538288216 -0.133806306913615 -0.0118700953425255 0.301694312422054
0.0492407631585691 -0.0333104609216222 0.0137838690850715 -0.339137344903503
-0.0249576543743899 -0.0782959720043571 -0.0901819492373445 -0.178867152199979
-0.0876474774415052 -0.00443152343540749 -0.040281067952375 -0.0684084761334226
-0.0326932459195566 0.092607647449409 -0.0121194707742935 -0.0206056102010789
0.0415310902330638 0.0619733991547633 0.0124754152443683 -0.109474169513277
0.0618338372048301 0.0149551171336633 -0.0963112278907087 -0.190028137090252
0.0566190159325264 -0.0273724513490589 -0.210127422715236 -0.184889252626151
0.0538039279493731 -0.0345408140708594 -0.251604632727916 -0.171149852287952
0.0519376638838971 -0.0223835987582869 -0.228431787345954 -0.221667395418964
0.0403036758657632 0.015936140442567 -0.106866203775631 -0.271173644142638
0.0135317909800528 0.0467768860501049 0.0697153757901624 -0.205878257392225
-0.0415970899949409 0.0404759167394214 0.0706965875867285 -0.00873889153480243
-0.0468178067288082 -0.0515716630776482 -0.0649975102739842 -0.0287110167055719
0.0518361539836981 -0.0667469838896932 -0.130674232950133 -0.268660306890461
0.0819787247784711 0.0119210058610753 0.192725862719701 -0.511140977915386
0.0801319179342182 -0.170930377120122 -0.0066937604616308 -0.32330861377207
-0.0633638189796414 -0.195366287830261 -0.0977462957597544 -0.170011268831498
-0.168674027268028 -0.0468570564577586 -0.0626694342745025 -0.0737918613529358
-0.111116200969064 0.144446006948127 -0.0276268629943611 0.000289047447922643
0.0109750337538671 0.159736843705868 0.0169631730046074 -0.0834739122725719
0.0919357712235554 0.118757623244796 -0.068665181122837 -0.166499315909888
0.141100675697002 0.0500124923339048 -0.167162328636868 -0.176164991246655
0.151361923864955 0.0362631878618772 -0.2109008206313 -0.16787337100482
0.14894242008473 0.0618655198022283 -0.191199287778343 -0.210361652582976
0.0929748390780933 0.154564939306377 -0.0880313161745378 -0.253323019100917
-0.0266418589212477 0.190206855102681 0.0691515720471079 -0.184246094542354
-0.164858559252656 0.14001486194528 0.0470983629618627 0.00520512452578401
-0.210144299042257 -0.103919316436456 -0.101013768021556 -0.0291999225391791
-0.0236599655650568 -0.251518536697947 -0.14114985296474 -0.265659999414057
0.110572780501538 -0.192618651606674 0.16867703843494 -0.481673201011887
0.0979458840965452 -0.290008172099535 -0.0446067935755777 -0.261833317637298
-0.107611704052517 -0.295746794497964 -0.0945714270441641 -0.14041819738708
-0.246007424475624 -0.0813701038979218 -0.0751402476845367 -0.0837933215044524
-0.184041890725845 0.191089021341464 -0.0475269523464651 0.0042489737755542
-0.020231241603913 0.248667270598495 0.00331670440498722 -0.0523029064010013
0.112259465121077 0.211807070172034 -0.043185098139541 -0.117830224868404
0.20705957761849 0.122159714418798 -0.102672481329152 -0.138585329712629
0.225486937210463 0.101215307076701 -0.135868246888841 -0.140688043945254
0.221395699418774 0.1367883310332 -0.121600899802283 -0.167623774920056
0.130190733248563 0.272413492002136 -0.0510852086038671 -0.20056267113753
-0.0655016968511488 0.311922560307354 0.0691305634458583 -0.137122458459604
-0.273688395541722 0.22425339628595 0.0278878349821594 0.0259359473353335
-0.351522177451848 -0.14473344789711 -0.121796722828526 -0.0104744241462565
-0.0979188433386538 -0.408506807634485 -0.139250674107351 -0.218746972968451
0.126310894199774 -0.366767935048265 0.133850668131803 -0.384467568413299
0.0946060827851688 -0.3807549754895 -0.0917637995960104 -0.153662498329904
-0.166006264111781 -0.369804865983475 -0.0708036974192998 -0.0800973038312374
-0.325355171883523 -0.0945109478717484 -0.0713769848117424 -0.0954273200076182
-0.242138050172986 0.240847681395822 -0.0728001209423062 -0.00333278563986144
-0.0419214699919622 0.321793170510139 -0.0255159390499857 -0.00974265915585608
0.125828124459046 0.282224338531353 -0.0161485467123586 -0.0411648692256336
0.247851731252735 0.17727467875502 -0.0229815444802101 -0.0763578157663247
0.265563395656465 0.150156983771013 -0.0410071496932765 -0.0905049340694269
0.256794839496185 0.190237677930961 -0.0311587354150995 -0.102901146228781
0.14420451206798 0.348800074561804 0.000950889710786194 -0.119479570874546
-0.0961531370249205 0.388110427007037 0.0694726324472007 -0.0670044929141348
-0.341319023857965 0.276430806999215 0.0134183304405672 0.051817141639031
-0.439619738162039 -0.164986097861342 -0.12449073537742 0.0223629391321614
-0.150286166759279 -0.501560901102171 -0.1209312802082 -0.131972836938461
0.12499050264936 -0.477018947608382 0.0923188051184571 -0.235230407881419
0.0729055282174936 -0.427062156812738 -0.137018519929604 -0.00263005562611701
-0.223067492815075 -0.397009177246931 -0.021185571444821 0.0105871850915834
-0.377490373458011 -0.0818989206630047 -0.0488667619252982 -0.100095939456797
-0.26777179693024 0.27248354019551 -0.0984092161777531 -0.0121296116165661
-0.0505245914344549 0.357726516935262 -0.0591637073233398 0.0485156634464251
0.128165743368625 0.314201379294478 0.0140984262408309 0.055349896967275
0.255520649405036 0.205514735753223 0.0649653538219413 0.0034800748544068
0.265170448245056 0.174972873332751 0.0599724172734609 -0.0275606162731614
0.247883507204096 0.21274897158598 0.063852838493681 -0.0266722754194808
0.128705550456932 0.366084878459372 0.058067799878422 -0.0256425221870744
-0.111166111796983 0.39171536003034 0.0700440165428741 0.0132943330215071
-0.345024072286327 0.267947767214139 0.00443217048759936 0.0792852658193699
-0.435009875958443 -0.161853957657693 -0.107551163455755 0.0616712161732693
-0.16059058623273 -0.502968697020913 -0.0855661961392148 -0.0249738981658299
0.106907003199629 -0.497325514247269 0.0491397196445704 -0.0601653956486434
0.0331800470741165 -0.40871343489654 -0.171049454534283 0.171440949593344
-0.245825211087806 -0.361041438986766 0.0462387038987884 0.117792775068076
-0.365372995816764 -0.0506511147378874 -0.0130269643358719 -0.090132580251802
-0.244436103294749 0.258265535895324 -0.115700830499533 -0.0148436595668436
-0.0479018704438096 0.329728207973655 -0.0871187375414536 0.113170866956873
0.11276244837125 0.293079279404339 0.0481601691604831 0.156875266176697
0.227347614363246 0.199873923946748 0.147592842940125 0.0880346490973388
0.225892724629894 0.171957956373401 0.152751795810283 0.04001309341035
0.19962843197189 0.203571842805636 0.146912919362713 0.0488593327605061
0.0883147701148853 0.321562154794008 0.107054156433747 0.062521322633391
-0.113310739762843 0.316001651788927 0.0677057409874724 0.0832122370939168
-0.280608280990661 0.194589169356549 0.000769441002746532 0.0938517355071331
-0.330851616327267 -0.135950320661147 -0.0804454975836309 0.0912368349556873
-0.124823622721402 -0.4112629901831 -0.0455536822492212 0.070588353727121
0.0723761964319797 -0.430020116115825 0.0140570546552669 0.103710064708269
-0.00736452085212681 -0.321730409564629 -0.192144593439468 0.336314744490788
-0.214757536215602 -0.259920820152478 0.110904344703867 0.220575545675484
-0.274162629578593 -0.0171377150693138 0.0294657326687901 -0.0638118103353818
-0.169839454014376 0.184505664730442 -0.115445377597278 -0.015161486715631
-0.0413743855815353 0.235758552260474 -0.104537921948978 0.163971901364381
0.0740065771812648 0.219426276101029 0.0753388841455667 0.239587517165476
0.160208711882148 0.161922290091873 0.210614326733417 0.163838343355768
0.150834229159038 0.143648554163418 0.224959135766718 0.101434674073544
0.121572983287094 0.165677139888278 0.203836235573121 0.113260878496653
0.0315583805923392 0.229446577703613 0.134068108247519 0.129254386299192
-0.101930030996371 0.190255357799047 0.0553237305298028 0.125869210253594
-0.17618422967246 0.0827818868868257 -0.000144893424012177 0.0875781554690923
-0.170412411063275 -0.0927840145029741 -0.0480055405460553 0.100225754421586
-0.0646583194585568 -0.254381828408288 -0.0110190442075645 0.129350629340569
0.0261115571546319 -0.29519496449395 -0.0081737952183368 0.227506204464
-0.0443987043401663 -0.179001828877069 -0.198360853262403 0.461654576844934
-0.139509650620943 -0.115756128223017 0.157072023882796 0.299516460850995
-0.130300287735468 0.0186189157047089 0.0739253744591061 -0.0281921167123187
-0.06612127393055 0.0751790395317627 -0.0965329662830272 -0.0209986076970774
-0.0291950761070752 0.09983050341196 -0.111924842690189 0.185919916398037
0.0200205628538732 0.107845954642722 0.0870898563281829 0.288904671514707
0.0645628022027641 0.0974303312677542 0.24245264769913 0.217472321043185
0.0520104785605005 0.0942024279598136 0.263270841418388 0.14648257738963
0.02920874118632 0.105885864092141 0.226874600736972 0.156456047097981
-0.023708915710003 0.11341254974757 0.137171701967555 0.168230909114377
-0.0777404746273193 0.0538318160338464 0.034949080806097 0.139333078029927
-0.0640089305721391 -0.0212616691393367 0.00149103717815534 0.0641287330483648
-0.0163201084308061 -0.0388781563809552 -0.0160473698801805 0.0901488551033207
-0.0123065321188728 -0.0811971029271361 0.0147188661564465 0.150958011680146
-0.0246382362698081 -0.130181104747535 -0.0137921679354642 0.295217185580311
0.0475284520480381 -0.0336413490316221 0.0227571975507371 -0.337889588430678
-0.026670821298494 -0.0772698103545603 -0.0882859906693393 -0.179850084604705
-0.0869852129286529 -0.00420796525581545 -0.0419527512418824 -0.0674545458638586
-0.0308865598151049 0.092318154945622 -0.0106942694890571 -0.0162186889165825
0.0418517951701414 0.0614636664215713 0.0165497412099421 -0.107408981151266
0.062416329477947 0.0140799144982263 -0.0923221127341453 -0.190734059830168
0.0568066651309007 -0.0280802680987614 -0.205657933716187 -0.185924291582068
0.0533362957653885 -0.0355527539666264 -0.249316457086736 -0.173432435678275
0.0520431278457867 -0.0229330156315454 -0.226928056520247 -0.22498523823734
0.0407993203911913 0.0150190451034635 -0.105694204863326 -0.27308802637426
0.0147228481005154 0.0473760720179897 0.0710759613632461 -0.208834949866854
-0.0402251548726411 0.0412765380020899 0.0733626656152124 -0.010480615187364
-0.0470815815119924 -0.0501944995052063 -0.0612131079907723 -0.0314145163198818
0.0509525331446688 -0.0654006457902837 -0.123099062579951 -0.266830054447584
0.0804057257391111 0.0136458977521636 0.201908106231341 -0.504189211498549
0.0833921063385659 -0.170398790211478 0.00137746936668317 -0.322386983630418
-0.0629346819818012 -0.194831867747019 -0.0956667072932185 -0.170465719337793
-0.166581400132202 -0.0489399179553473 -0.0649947048102769 -0.0724003803335044
-0.109385808774722 0.142876431518026 -0.0264123031349558 0.00443485895393356
0.0106578747011863 0.159042129828959 0.0193617354702828 -0.0812848328535605
0.0917624314415469 0.118128181249735 -0.0646458495789572 -0.167673589113944
0.140616570774637 0.0505215631663015 -0.163558416633936 -0.177671615481165
0.150128762495577 0.0361828603359287 -0.207825179440253 -0.170916228445364
0.14746401018378 0.0620274485874497 -0.189667648490446 -0.213884837551421
0.0921739953075139 0.154244866807477 -0.0878066542403451 -0.254360318646349
-0.027348961315651 0.191044471752856 0.069728741523116 -0.18729656776642
-0.165079191485629 0.138216893650709 0.0490427900205525 0.00337729725922995
-0.209154729223769 -0.105474774208729 -0.0957971324285174 -0.0311248609513983
-0.0213220002871895 -0.252076690391648 -0.134453787205006 -0.26332772609383
0.115037591361466 -0.189959144868353 0.176921261533073 -0.475847369374705
0.104574940659363 -0.290173457572212 -0.0375571506289454 -0.261370590457545
-0.105000972270691 -0.296259322230958 -0.0938952745438105 -0.139752343739922
-0.243157251135968 -0.0848609262968729 -0.0778427231439096 -0.0827258621267788
-0.183004338356938 0.187521029796271 -0.0461870982607977 0.00797192007175012
-0.0217576715974061 0.247317291651066 0.00507811223565809 -0.0496896613978817
0.111675994985136 0.212801739360235 -0.0395655694126398 -0.11820732023512
0.205612591724227 0.122220642068679 -0.100282552242852 -0.141328517394452
0.223860378896493 0.102690361567808 -0.134024939387159 -0.142417056127167
0.219369330031149 0.138371997608481 -0.120267398628798 -0.171055990675705
0.127983957198386 0.273072523103586 -0.0521481449459194 -0.200706457486158
-0.0681759634663874 0.312218678943384 0.0681134758292561 -0.14041409768271
-0.273480292179806 0.220242497415668 0.0286929034977951 0.0238672521704905
-0.348368037988657 -0.150130527848932 -0.117228545231471 -0.0133202518686879
-0.0917486934968588 -0.411097840679793 -0.132953567214774 -0.216737898395701
0.136487299483554 -0.363062398489705 0.141858618790447 -0.380282000012769
0.105259063075744 -0.381541565425692 -0.0874309688125266 -0.152654957614731
-0.162293780935053 -0.373030428726151 -0.0709166644053869 -0.0787771485701897
-0.320746304686253 -0.100093907441208 -0.0746140637325442 -0.0936901465839332
-0.2427225234221 0.235260871344021 -0.0706359989856765 -0.000259959382027628
-0.044319646114075 0.320433373517849 -0.024337387858063 -0.00652894258693055
0.124570014849793 0.284227528321766 -0.0136239282563689 -0.0414466754769367
0.24554747070059 0.178167351157308 -0.0216989289228583 -0.0793045281023312
0.26293505891846 0.15224218735258 -0.04057400515383 -0.0919560448750722
0.253197095607909 0.192335891957217 -0.0308992219117624 -0.106002632658706
0.141238101260828 0.351080291854986 -0.00145635942543918 -0.119411626001318
-0.0993042960666676 0.38738117300917 0.0674675609817551 -0.0705507611478451
-0.342959417134112 0.269223618733614 0.0123611630318885 0.0496460705047133
-0.436033511954597 -0.173563501286264 -0.118876903876025 0.0208176058566231
-0.142160496082101 -0.505769550984468 -0.116099195301606 -0.129570246300523
0.137697217674938 -0.471536735032104 0.0951402111602228 -0.233580375872749
0.0851644690049724 -0.426436843774789 -0.136647085756227 -0.00214112838157147
-0.216943781482304 -0.402206537972709 -0.0225980005976705 0.0128574779916997
-0.376060074964678 -0.0892236129899294 -0.0526833028095922 -0.097827096253282
-0.270330397096299 0.26666517571339 -0.0970397264330421 -0.00926724576072725
-0.0530729241625594 0.356750021388126 -0.0596867807100548 0.0512181410033534
0.126215650598602 0.316753086890729 0.0160568036577795 0.0560930259324051
0.253340723888041 0.207354949344817 0.0645440989134402 0.00132030548386546
0.262567096504292 0.177604277826856 0.0598468915778982 -0.0279220604042723
0.245002582359984 0.215051500023232 0.0627394925408761 -0.0280933681790339
0.126406250348949 0.368787577991055 0.0546839939099016 -0.0247760833010774
-0.114759290039098 0.391214951023047 0.066820580178614 0.0100551158980462
-0.34573947900291 0.261947672294454 0.00287203416635454 0.0756711890587545
-0.432019579219913 -0.169355205514371 -0.103910420543848 0.0599770990528273
-0.153248683743048 -0.507596943112057 -0.0825595896887959 -0.0232189002909674
0.120192158339353 -0.493627774537377 0.0482072956291972 -0.0601185476075762
0.0471360643843083 -0.408264610838768 -0.175096827817289 0.170744509939803
-0.240153120902442 -0.36561421609184 0.0426662408049038 0.120841447385168
-0.361718723859582 -0.0606525249387345 -0.0178478660576898 -0.08729582863401
-0.246183421120006 0.252327807875547 -0.115957138895476 -0.0122926487406704
-0.0509868027686208 0.32925419408587 -0.0888626976411344 0.116135888203842
0.110271383676495 0.295955134196434 0.0479039560893686 0.158126245621921
0.224605371594302 0.201726740251716 0.145704051417947 0.0865935176307267
0.223493672119307 0.17402354006488 0.15155999119943 0.0403304939943074
0.197747532979358 0.206204872859004 0.144971787026487 0.0479107166141233
0.0863234848870815 0.322390891864123 0.102640021585485 0.0635929037834793
-0.11672682923192 0.315692447268798 0.0635050540256365 0.0805911383982603
-0.282264490800735 0.188235360175442 -0.00194192870587087 0.0899813182640553
-0.3265953898445 -0.142230363330463 -0.0760519646469731 0.090145420617351
-0.119387657364165 -0.414014784232885 -0.0436154453348002 0.0715818290962944
0.0844761887402796 -0.425876428370569 0.0099585553419491 0.102288439864503
0.00346029711897266 -0.320748722624681 -0.200094620774582 0.334786753388925
-0.208293241516599 -0.264667835620952 0.105390218858115 0.223328416291423
-0.271418019819616 -0.0246477401280876 0.024788838192284 -0.0608863842542917
-0.17352423809326 0.179356367367714 -0.116934131325868 -0.0134604606062374
-0.044629078164602 0.235750057602886 -0.10751847420761 0.167892362324412
0.0715756224995589 0.221646416994091 0.0742718495350763 0.24168754664708
0.158066420529607 0.163584986574168 0.208294708916152 0.163051469735291
0.148921428720008 0.146229975827025 0.222320276534856 0.102359274509515
0.119735057839606 0.167471915327413 0.201249513100387 0.11324416216868
0.0301124614493701 0.229966121949445 0.130550565969086 0.130100942450664
-0.104584158938341 0.189460318911607 0.0507620770907816 0.123793313081784
-0.177092799287572 0.0778611160586556 -0.00324367394680506 0.0832178292113087
-0.166966716758992 -0.0984920655187709 -0.0454318578469059 0.09999240294538
-0.0598787484302391 -0.25653264153983 -0.0104298513116861 0.130104561051064
0.0348053146588942 -0.29232329649263 -0.0136921852656173 0.224215403186599
-0.0380771738313677 -0.177491162404994 -0.20923045455687 0.458834876478965
-0.135584717359393 -0.119040710783541 0.149895417512497 0.300040518472081
-0.128050955269871 0.0139028139821492 0.068960647414425 -0.0258335255161209
-0.068340244995777 0.072108476459697 -0.0987267446406613 -0.0194317184060411
-0.0311953862442939 0.100335044035613 -0.115406559852774 0.189181441641989
0.0180425332249825 0.109387754965637 0.0850275150316039 0.29189286732636
0.0631202977526064 0.0987415798895028 0.239578513086358 0.217659961269973
0.0516438169762132 0.0957408919427415 0.260283679877032 0.148165974873882
0.0284568041164618 0.107301295905658 0.223972623552794 0.157224736410793
-0.0247167293993657 0.1144278476986 0.133379256012261 0.168035712916002
-0.0797024609095458 0.0531592349098349 0.0313977130009382 0.136817018542537
-0.0652132934711002 -0.0233341988584514 -0.00140759045521543 0.0601013944834681
-0.0145286296242353 -0.0418959824070219 -0.0141784605087666 0.0901304918260946
-0.0103341979567163 -0.081676360360689 0.0153651702188561 0.150642945446598
-0.0208944470156186 -0.128616605897353 -0.0195503086999412 0.292440699692561
0.0472325472773282 -0.0344198714500262 0.0315409071617823 -0.344804040552256
-0.0285819076060833 -0.0774800431811656 -0.0881889701260836 -0.18535419494424
-0.0879513780997566 -0.00369664391875688 -0.0444385666398449 -0.068236253139019
-0.0301566348587075 0.0942605109089512 -0.00975494009075027 -0.0126624385828188
0.0431010888836153 0.0619857837242665 0.0200375974213005 -0.107951466529384
0.0638765376681441 0.0135872730527387 -0.089241047365307 -0.195820078146097
0.0582126008788507 -0.0295837511566598 -0.205586718053159 -0.190920473833068
0.0539163180699466 -0.0367051074244592 -0.250809936565674 -0.179950240912046
0.0531844928753194 -0.0242006999378474 -0.22926046375857 -0.233715587376194
0.0420632660987529 0.0148578792832645 -0.105733162103923 -0.2812421561606
0.0161841219568962 0.0491075576015832 0.0741336948858349 -0.215056691287932
-0.0404069208963825 0.0427214359578753 0.0769072114348123 -0.0122815222387546
-0.0479680028707576 -0.0496998432807175 -0.0587862808948314 -0.0345552041922502
0.0512901114743672 -0.065276523193365 -0.117230044112197 -0.270480386561932
0.0813328937421089 0.0147497865210312 0.217047519238702 -0.508667703652006
0.0880008820728396 -0.174044592623286 0.010806591369131 -0.3274397387733
-0.0628610051116639 -0.198536564308996 -0.0952597212136196 -0.174716159294061
-0.168275223185994 -0.0519648591793032 -0.0679618874669946 -0.0733626575582551
-0.110695083129769 0.14335681303505 -0.0252907128273088 0.00814732818949458
0.0106960974790171 0.161100465069937 0.0229041347847791 -0.0805303721895537
0.0934122014943796 0.120614423336303 -0.0615989132659181 -0.172130425075902
0.142992437539993 0.0512011764860366 -0.16272926764344 -0.18405319896889
0.151803981671258 0.0377464891191081 -0.20929266310549 -0.17729849110717
0.149517745564623 0.0634504054400343 -0.191502702460608 -0.222079237096422
0.0934502024930363 0.157416221887437 -0.0888154336065178 -0.261241090073811
-0.0287406241958372 0.194926428730774 0.0726446878770192 -0.193329648559044
-0.168175602208104 0.138263129740925 0.05198445604008 0.00202060682475988
-0.211390089046224 -0.111068562774019 -0.0933790928429639 -0.0343233760226639
-0.0187313413234378 -0.258513205372959 -0.129724696369549 -0.266436517329619
0.122663052240111 -0.191715067430064 0.189961539654502 -0.47984686899282
0.114254799936711 -0.296120294424869 -0.0306722924241786 -0.26518343477644
-0.104038944285269 -0.30348782479728 -0.0934090710417418 -0.142165556670213
-0.245300565268473 -0.091275709345775 -0.0817069432609405 -0.082834179085674
-0.187064268281849 0.187502714389431 -0.0454340503906891 0.0119109656107453
-0.0235438064053609 0.250969590526788 0.00717184289852464 -0.0481836761518458
0.112839351600067 0.217295080630087 -0.0364322442529779 -0.121490575800926
0.208212691384229 0.125833699405355 -0.0995722254387053 -0.146752662821686
0.226130097337937 0.106205831825952 -0.135221616705181 -0.148018015529482
0.221913571404185 0.142451572218283 -0.121975516406265 -0.178225057502008
0.127622851134273 0.279169924262074 -0.0530300470821126 -0.204942581347726
-0.0722343954912272 0.318099664742089 0.0694654551535624 -0.145616358370604
-0.280127760865786 0.218412956752955 0.0296837190886594 0.0224002609210425
-0.354198112894476 -0.160045899135664 -0.114104815484611 -0.0157929851507176
-0.0864820910894454 -0.422077400532876 -0.129710018148443 -0.21899167035504
0.150157534584934 -0.366160982368149 0.151411961178044 -0.384352326126394
0.119171858175191 -0.388741992669564 -0.0840070100285377 -0.154653053936876
-0.160599239578299 -0.382558599044189 -0.0716764986223669 -0.0791829037366595
-0.32475170089814 -0.110185391464116 -0.0786620386093882 -0.0932299965777562
-0.250258131138619 0.23432474078915 -0.0704034979631262 0.0028582644522044
-0.0473988656664817 0.326134962520985 -0.0237963607855232 -0.00413315542534908
0.125086862454171 0.291552090403505 -0.0108396795515011 -0.0425383246197242
0.248833621083907 0.184721834460054 -0.0206523182470555 -0.0833827341719856
0.265653719976926 0.157206489344091 -0.0403617959414445 -0.0955403866228749
0.256100414582026 0.198149837906857 -0.0319038115675757 -0.110799027942259
0.140955447634531 0.358088245037549 -0.0031468920079397 -0.120798376715957
-0.104627561426815 0.39532400341851 0.0670143364127239 -0.0749967717093993
-0.351899255047639 0.268010233257912 0.0119989597706177 0.0483103835351491
-0.44224082521056 -0.185487681761744 -0.116269495357689 0.019023628284847
-0.136236784152453 -0.520173656777537 -0.113247763090951 -0.13160316754387
0.155495036430106 -0.477980536643604 0.0995668570099691 -0.23556447453194
0.099903611136352 -0.43476453604801 -0.138147177697118 -0.00128077134071409
-0.214378468203379 -0.414895283418797 -0.0248160476690779 0.0152177412916999
-0.378437966222239 -0.102092406433982 -0.057730219473429 -0.0970736101739923
-0.279515557827347 0.267429335291739 -0.0974972371689181 -0.00693537996290152
-0.057603059595411 0.363138662510496 -0.0611694132499865 0.0554708020326478
0.126458761423762 0.326506156502405 0.0184787645204832 0.0586226902785073
0.255882493559544 0.213888874601291 0.0654509976706308 -0.00117241463654628
0.26590121261885 0.18348085142645 0.0605619232224904 -0.0293238247189649
0.247717460357875 0.222254285525249 0.0623568777269689 -0.0305569289080846
0.125683577369806 0.378476862051034 0.0534108871356391 -0.02321904328784
-0.121784080968908 0.397888443430572 0.0648175710458496 0.00750963452234295
-0.355424920847526 0.258854459041601 0.00023564748715751 0.0751105250595658
-0.435370999752693 -0.18374548716685 -0.101315538209948 0.0591018198607236
-0.146339732153675 -0.521280681395891 -0.0812507636455529 -0.0227937917196772
0.137641909511572 -0.499549610928449 0.0487572995791435 -0.0615430193439136
0.0607879406361318 -0.416017681741903 -0.181992603672326 0.174482960346456
-0.237313263807255 -0.379175094375057 0.0401402734853977 0.126133011652943
-0.366426707235737 -0.072543161528899 -0.0221609842659685 -0.0858360791977186
-0.256117815162819 0.251522409671824 -0.117578000174886 -0.0104769151864328
-0.0567291142091001 0.336129268673655 -0.0922606706998355 0.12206207467221
0.109872160052 0.305468546384033 0.0496439559414056 0.163177729510065
0.227129552690822 0.208834483242428 0.146562828647949 0.0868648475672861
0.225886996164277 0.18058038344095 0.153652783251861 0.0419959337172205
0.199625250340935 0.211967517869529 0.145109821041691 0.0490811019130651
0.0845307691419921 0.330506552376659 0.101602347388133 0.0669932957225471
-0.122362932093576 0.320723476771605 0.0597248529169312 0.0795511410563724
-0.289162085330669 0.18567267896522 -0.00541843803568634 0.0887737261863684
-0.33015398182234 -0.152986592487645 -0.0744367082007073 0.0906545654106
-0.113055850367495 -0.426584088851919 -0.0436886048241626 0.0736707264971113
0.100305346994526 -0.431496164323307 0.00596486383517313 0.102832140361121
0.0145475065499162 -0.327198516719654 -0.211990056241043 0.340644857427627
-0.207375542655047 -0.274577698581142 0.102113628103815 0.23030969949562
-0.274851276151198 -0.0336865707529056 0.0212194124339064 -0.0589785630184473
-0.181617227390745 0.17882964509996 -0.120044011198753 -0.0122329911200614
-0.0484740831158638 0.240399740289842 -0.112222723316568 0.174124141260915
0.0711992144543664 0.229108729920888 0.0750947302253637 0.250121135370247
0.159147018568751 0.169464489321652 0.209787094025523 0.166250556311395
0.150432021079081 0.151043638269 0.224316369980433 0.105987753163859
0.121037269262633 0.172644323707857 0.20228659777744 0.11638547084844
0.028894786723835 0.236060843478135 0.129342064041792 0.134436148604782
-0.109028657943219 0.191992485488196 0.0476788339540195 0.123669521078119
-0.18116936926102 0.0754898584999698 -0.00676974938292889 0.0814251008090518
-0.167310244250992 -0.105955565269225 -0.0437008824785866 0.101022178042367
-0.0566071509139557 -0.264068125779557 -0.0103126559443925 0.132287864272863
0.0447597159782521 -0.294350520052667 -0.0200159966459604 0.225705329630686
-0.0313962520426122 -0.180356390169665 -0.223955790148761 0.466774168430954
-0.134323280173772 -0.124057872126905 0.144328128669812 0.308172743659276
-0.12928422377006 0.00887078502338856 0.0661158901723362 -0.0234057772928042
-0.0730365677275625 0.0712612406361845 -0.10310965329363 -0.018740729442302
-0.0342983613434614 0.102715473392551 -0.121353078408539 0.1955483522734
0.0170721991427949 0.113706010917709 0.085163486203161 0.301058494243338
0.0625537310172477 0.102373769691622 0.241348638258556 0.223276653398855
0.0513397077544103 0.0994421360416775 0.262583892048868 0.153251978745557
0.0280536551480268 0.110137903492589 0.225456551345861 0.162447083370757
-0.0261267610359651 0.117286590437199 0.132275293743889 0.171729032528547
-0.0832305777450953 0.0534257462413026 0.0282519678744352 0.137571377000923
-0.0671541306421892 -0.0261151044344165 -0.00416772464871381 0.0572980750091333
-0.0123839986736206 -0.0457472318434149 -0.0129707756136332 0.0914763012233129
-0.00899383638818428 -0.0849102949662158 0.0156876172812859 0.153270417379474
-0.01674097657024 -0.129198132226361 -0.0268639981904481 0.294558854564604
0.01773926823245 -0.0579434965026687 -0.185744849708198 -0.310084369843915
-0.0702864103934626 -0.0443708155129607 -0.19088714012011 -0.100462367279508
-0.0745990453006762 0.0500846538444247 -0.0810280027420074 -0.024130230384658
0.0318867565172782 0.0932582932892444 -0.00901618733840341 0.00120787760055137
0.0719244116206589 0.0246227304446227 -0.0452747260810808 -0.10157237840436
0.0599464544227582 -0.0282838952287136 -0.192432794121881 -0.108140844540274
0.0291797903662653 -0.0585762292105895 -0.289577495289693 -0.0335383298270176
0.0198617226346323 -0.0641763699932213 -0.317868131939575 0.00642638437849829
0.0262202086499254 -0.0549660293397762 -0.338304744684879 -0.0494786447544984
0.0436601096715614 -0.0144471557799113 -0.265586486890067 -0.168828061298943
0.0454289589413554 0.0285102637198113 -0.0759385909654233 -0.226483768833333
-0.00543737286996899 0.0603051502442819 0.0572470684965258 -0.0621038494771121
-0.0735904447277874 -0.010398409965434 -0.0690406842075799 0.00552896281926163
-0.00368616506724449 -0.0889799096550147 -0.263996192189958 -0.147981462270945
0.080930947423381 -0.0474579159564355 -0.144326156241605 -0.564232836480684
-0.0261559178178014 -0.201484591751727 -0.202040749905849 -0.284572344017426
-0.167692212014947 -0.124529643913292 -0.193802796895276 -0.0884813829374798
-0.170117737313568 0.0558020584555098 -0.107754254505785 -0.0109812858347285
-0.00654356970014544 0.179166730959045 -0.00940996122326565 0.0324537506562321
0.103452911951137 0.125024867393701 -0.0247367935619467 -0.0785230111433116
0.148775870715984 0.0420432087938701 -0.152103873463944 -0.10310075940248
0.146759196988565 -0.0448641660954449 -0.249410634321628 -0.0542676880649581
0.147516328020739 -0.0634142549355687 -0.282677157152718 -0.0173195705595575
0.162302830302493 -0.0408986941403839 -0.301174141642074 -0.062880205296569
0.17591411953043 0.0731529187508706 -0.239542598172437 -0.162211594647301
0.0993056864255629 0.181156454406461 -0.0627727254027466 -0.2081944876225
-0.0569044011666363 0.220963297114371 0.0468416898983367 -0.0349596643930297
-0.256727943329329 0.0409859925597158 -0.0936963557591354 0.0276504818222366
-0.187199091316156 -0.208881916261116 -0.266057326250019 -0.139422900383431
-0.0144925725687479 -0.252696093625719 -0.140437261770645 -0.515969079370061
-0.0718737612128998 -0.320937560302189 -0.206331028300209 -0.206180565142713
-0.261493594021294 -0.188217815199651 -0.176429847487477 -0.0645458734853185
-0.258658914732443 0.0667009922695535 -0.129026047218605 -0.00809779039213419
-0.0448523770753105 0.259688444554336 -0.0238312527415113 0.0517268533786192
0.128817216720432 0.218813862884385 -0.0159602247961041 -0.0400576806323525
0.224638471728323 0.110505922904339 -0.0981201538871895 -0.0742000671511316
0.246460154447611 -0.0234729993366366 -0.171812303949148 -0.0635941476107031
0.252352178475604 -0.0525437547007899 -0.204472474804998 -0.0389706328439764
0.272872290104842 -0.0196229856473061 -0.217605662392223 -0.0700469025565359
0.282636181937638 0.153096546266675 -0.175263400479645 -0.136468842937776
0.140349526215385 0.313783363674772 -0.0342623448995446 -0.167768132557742
-0.10338932111545 0.358369193346402 0.0419405994268356 -0.00498033680681609
-0.412639202706948 0.0881643125178785 -0.0968673432822339 0.0557619641346317
-0.349301033874548 -0.306342095183092 -0.230963979021423 -0.101972990538263
-0.103384175684675 -0.421264917275091 -0.107784292877795 -0.404130901984769
-0.119532877962941 -0.402729428742706 -0.189529409301994 -0.0805776166157584
-0.352956579149814 -0.223393293830182 -0.123785149219089 -0.0259874440376032
-0.335751800613121 0.0963437852921219 -0.135498893770745 -0.0151936887686408
-0.0707197472695912 0.336189802366269 -0.0504236001682417 0.0640062806605044
0.153004177596652 0.295918650579234 -0.0131420733466787 0.0172655668719647
0.279780089366299 0.16400188372067 -0.0264077591025591 -0.0231758262737884
0.314129652240199 -0.000346405904102631 -0.0660071126289753 -0.0601496247033325
0.318232662299929 -0.0347431488701143 -0.0946424237563999 -0.0542377958118949
0.337859249697327 0.00542650040511145 -0.101463041235149 -0.0696660443301338
0.343302872668711 0.212237042927332 -0.0807461565366466 -0.097066824092591
0.161539426333925 0.400287694055447 0.00741524166189849 -0.106999583621722
-0.134987902896728 0.445044405204132 0.0427487755939767 0.0272376614733774
-0.503832129388652 0.122324720608958 -0.0760268005567258 0.0849284019238094
-0.453415714448188 -0.358309025929275 -0.158596176398508 -0.0418429583318475
-0.167808694288373 -0.517750168837576 -0.0518850459325986 -0.243751516738386
-0.159668618109514 -0.432718542393301 -0.143483844128192 0.0822327106745449
-0.415561219359316 -0.217466166085958 -0.0288661931614815 0.0248104296510555
-0.377139943687757 0.13382745573762 -0.12092593066796 -0.0274969780392909
-0.0782985462872116 0.378722436056658 -0.0794159076774768 0.0745857383947594
0.167024131761898 0.333148760037557 -0.00669832339610267 0.0907948090287165
0.30213564693982 0.192683541132332 0.0611256119116387 0.0429782743845848
0.33986806692029 0.0192930018436198 0.057250720576747 -0.0457594186031502
0.334992922735251 -0.0120529505651652 0.029471006730737 -0.0616227541764011
0.34656862169655 0.0314046722707791 0.0269430810785869 -0.0628063322867037
0.343423916322517 0.236558018147805 0.0263319692996957 -0.0512705669640233
0.149348988552614 0.414808061190054 0.0574038874831334 -0.0369107894746169
-0.143344351031696 0.438975306639148 0.0479254672575443 0.0570248207779922
-0.497512542606227 0.119432446501668 -0.0371397209212945 0.109434177223687
-0.46264862447901 -0.352855759106406 -0.0627091171882795 0.0273389985985307
-0.196479027575043 -0.522704172898329 0.01784619678264 -0.0635246928926828
-0.181153609168719 -0.392790643597501 -0.0715034327568638 0.257636254320976
-0.411907905894889 -0.175575253292365 0.092925910716044 0.078382650810996
-0.350105002141234 0.151486099626335 -0.0833461786616357 -0.0395056353229371
-0.0683671243832378 0.353592805465015 -0.0992350068757677 0.0826203739198128
0.15203382645372 0.311506776481047 0.00808039794720901 0.165476532610796
0.276698271089032 0.185506285045201 0.151914468567702 0.110667685150522
0.312736590942045 0.0318486952804344 0.180013676198623 -0.0223437761347306
0.300996015316987 0.0103408393586003 0.150407127393491 -0.0602794268407138
0.301216362148079 0.053603537248824 0.145545750985288 -0.0487281569603163
0.281061647384587 0.223261522339279 0.123267184337428 -0.0057857177475436
0.100008318077736 0.349512246582225 0.0982103111967669 0.0261590994940834
-0.1325451506652 0.336008231314093 0.050721795676253 0.0735331770145552
-0.385536361256262 0.0772091167785166 0.00348893812467631 0.118712636629947
-0.371685184309188 -0.290621681969882 0.026933939104975 0.083228288327542
-0.186635333346133 -0.435610348245016 0.0846216681978995 0.0976395106659678
-0.169433767439526 -0.288588383884737 0.0112923039993641 0.416769010819437
-0.325814339398779 -0.108996974229257 0.210113410239901 0.129012324145176
-0.250347925502729 0.127950382632097 -0.0276068057138477 -0.046474893927605
-0.0491319556237692 0.250958004871104 -0.104609058913562 0.0786410055801437
0.102382294247124 0.227907169690895 0.0219992664788481 0.219897916734455
0.198881754829672 0.146760344695943 0.225173566572199 0.165288563796735
0.233072414208827 0.0411301511883312 0.282053705233817 0.00511170509809975
0.219922322828483 0.0332261802587488 0.249747584875732 -0.0513458046250159
0.210743132693527 0.0696886028909872 0.236298531248166 -0.0292038959670097
0.174142308018282 0.179853985088792 0.188911278661262 0.0323902051358431
0.0296530170386782 0.232634301624923 0.115111494366032 0.0712241680101896
-0.109401835392482 0.176040163142963 0.0438442461785195 0.0698435956274223
-0.213630975670405 0.0136162900513096 0.0338377881522933 0.108853839397919
-0.216154929576133 -0.188339239986325 0.0872591326473084 0.111829908316061
-0.146702046622472 -0.280005970406101 0.137174768010823 0.212221001594372
-0.125115291499955 -0.134340082120467 0.086603449237149 0.529896665734827
-0.178627023262421 -0.0263095678137256 0.298534610692025 0.168657837862523
-0.102811857377999 0.0785247638546633 0.0364899586733106 -0.049904701821612
-0.0216607789206875 0.101169836654959 -0.0966704611233982 0.05575554842045
0.0334684703098867 0.105607445181363 0.024513018378616 0.241244870728965
0.0848851658293972 0.0834790769153974 0.262184542895874 0.199496005713542
0.114195452610036 0.0446470337000241 0.342440223021676 0.0347545557577729
0.106095428411212 0.0512260432822165 0.310499656309499 -0.0354515967185494
0.0956909907602565 0.0749031381662113 0.285766518392235 -0.00670628600296142
0.0541323200189591 0.115068568465253 0.21546564164715 0.0609596295668069
-0.0365987608736065 0.0991195736914327 0.107172101677625 0.0956792173576436
-0.0753379923059266 0.0195022260057041 0.0289990044555799 0.0491905510143729
-0.040356181347145 -0.0338801741093687 0.0502664342992202 0.0822631137763835
-0.0601123024330517 -0.0661663886547479 0.116035311638373 0.113762847566001
-0.0941115382762951 -0.0962997446099082 0.1688696636803 0.267982267250593
0.015166464862422 -0.0605886862447361 -0.20036803415704 -0.322317341932579
-0.0746130209969259 -0.0413542805814562 -0.203454135142692 -0.0985148170914051
-0.075636310028269 0.0556695489466321 -0.0867964239922452 -0.019706899817589
0.0378283824104737 0.0946816516679966 -0.00532162134805382 0.00386378317687859
0.0757044359897272 0.0222803109141878 -0.0470608022358879 -0.104507530322389
0.0607022253771644 -0.0329510825655474 -0.203702497502565 -0.108153946746487
0.0271745494032957 -0.0637184825077845 -0.302315065222729 -0.0269174370967278
0.0172509357775707 -0.0682560959403187 -0.331607340757282 0.0157419532327359
0.0244483227164304 -0.0590722019976428 -0.356765812378919 -0.0400857666731596
0.0452871592641004 -0.0179697529910838 -0.285494417179894 -0.167735754821676
0.0502826596960971 0.0269630126054009 -0.0892298517066487 -0.236452228230651
-0.00230989777943198 0.0631137474440463 0.0586703599764732 -0.0698494658502936
-0.0771832802948149 -0.00705213879141982 -0.0720220192597622 0.0045806665329172
-0.00697146693286309 -0.0913964106539855 -0.274980288048663 -0.14806779336614
0.0824317796192825 -0.0520708656760329 -0.161182109666881 -0.585535729152919
-0.0334186083960967 -0.210861853444639 -0.215540684767312 -0.29361665282644
-0.179248712034255 -0.123001251771113 -0.204815033112868 -0.0859395365590288
-0.174917303417152 0.0634323186798281 -0.113921473818479 -0.00487867458188609
0.000481414508758389 0.184923975298599 -0.00404020788739202 0.0354138382125608
0.111819769372689 0.125965330966337 -0.0248502476921304 -0.0808608581515959
0.156721770641674 0.0372925646861963 -0.161721675183461 -0.104338657376943
0.150263406966446 -0.052413777547796 -0.260891917753947 -0.0504670360163602
0.150403556687061 -0.0711714657419821 -0.296285248640696 -0.00962206001666719
0.166445472022793 -0.0490904253982424 -0.319405193548812 -0.0560847919784552
0.186684455021557 0.0703111738536505 -0.257137775674608 -0.160475648652481
0.11138588880099 0.18540051618732 -0.0754087516958313 -0.216492122440567
-0.0522580747579238 0.231489650301203 0.0486858434891093 -0.0401187765626678
-0.267452954671664 0.050455702974959 -0.0957302246603508 0.0278224149624751
-0.202719618206731 -0.213607833834473 -0.276798562698005 -0.138032541120278
-0.019839791769874 -0.26607623130485 -0.156987131916393 -0.536116999332841
-0.0828681894787563 -0.336828953001424 -0.217532677900942 -0.211941842445828
-0.279098344050943 -0.188139476447918 -0.184540497680289 -0.0609815156285663
-0.26830469671469 0.0755316618204043 -0.136303697302006 -0.000148149120421677
-0.0380557452081525 0.269427544301346 -0.0191041627762529 0.0558568112010008
0.141722498921736 0.22386890082249 -0.0148253002504833 -0.0405752634435547
0.237995513205315 0.10650551526551 -0.103806015957949 -0.0768239582563379
0.255867431109087 -0.0338244312074087 -0.1835029948258 -0.0624405166181951
0.26064577513822 -0.0632597295198818 -0.215055985684507 -0.0350623143727685
0.282554034371151 -0.0301962510115876 -0.232325726251126 -0.0658325213140871
0.300998866215831 0.151027687870971 -0.188380112664315 -0.13565821721332
0.157378837151468 0.323794222615917 -0.04560444956676 -0.17469351770461
-0.0979779853690464 0.375325522350734 0.043680203461786 -0.00795991128921997
-0.428319201724866 0.102100150038917 -0.0969582948153923 0.0577073866877083
-0.374761696809299 -0.313084668716724 -0.238482046099935 -0.0996136434803
-0.113696070855308 -0.441809253107523 -0.119681697080365 -0.418370212663817
-0.134021817629099 -0.423554709835206 -0.195905183873834 -0.0798776266007817
-0.376415988996789 -0.222517257837329 -0.127959314176807 -0.0220922882992491
-0.350571298418475 0.10719272137238 -0.143514402924986 -0.00626972976857437
-0.0637164390314686 0.350916751340763 -0.0466775851498438 0.0692305208839292
0.169329022719673 0.30356606743178 -0.0102830681197582 0.0198962484241219
0.299476911273124 0.16136083496917 -0.0262831551582538 -0.0253801101322684
0.327396397970794 -0.0116277800915119 -0.0736757581854462 -0.0630420064754872
0.329960171454071 -0.0467102826277353 -0.101757307449341 -0.0547714101017108
0.351711242638026 -0.00659892212078765 -0.111192307321509 -0.0696787984082158
0.367015266167915 0.211209072717581 -0.0882076989693981 -0.0973146445101985
0.181859251590029 0.413029272752893 -0.00019855454226127 -0.111812573823372
-0.12907185722213 0.465761056201515 0.0443455817934993 0.0259078850108362
-0.525867233257282 0.140068393002384 -0.0731656214994725 0.0872076935067194
-0.484898364351163 -0.365302153221477 -0.16137039950489 -0.0375872622815192
-0.18352546273631 -0.542118865638446 -0.0604041897601492 -0.251743044855793
-0.176926318776705 -0.452932397445829 -0.144175060777321 0.0896802316773452
-0.441619188156709 -0.216879177261929 -0.027448922313504 0.0276329828297931
-0.393439569730892 0.146433868921317 -0.128156425494908 -0.0191526277224859
-0.0708562890922495 0.396526949000825 -0.0770785326222924 0.0817783149556817
0.184983201052307 0.343262750211809 -0.000296891689984017 0.0971411435302862
0.323741439135982 0.191427960040809 0.0683196422215143 0.0412507822120827
0.354953424498003 0.00845923949814177 0.0553995091324679 -0.0506935598712072
0.347724603229444 -0.023683402330771 0.0277686089433429 -0.065649499362657
0.362151627638101 0.0204228255154127 0.0236239876146526 -0.0657061319134903
0.367997730568545 0.237755803778627 0.025988925768616 -0.0515640780934494
0.169612675981382 0.428824727376233 0.0535432073131148 -0.0402902689161889
-0.137379294229125 0.46148577693416 0.0495615567528665 0.0574979274507646
-0.519355940664134 0.136806915304719 -0.0318857977776414 0.111811635261947
-0.494445069637834 -0.358938146853623 -0.0608228970306811 0.0309502434235641
-0.213320423960665 -0.546943113460452 0.0148612872943205 -0.0652677058256861
-0.196225719856441 -0.410240911397935 -0.0647259374592829 0.273089087222862
-0.435696291102923 -0.174593226275242 0.100051733615751 0.0807893056249793
-0.365212290472988 0.163049868136825 -0.0894545237114287 -0.0328458126269498
-0.0632946163662983 0.372341323136329 -0.0987563987358913 0.0913193054189603
0.168968603987475 0.320279673480529 0.017487761404362 0.174917381260937
0.298205105091358 0.184717117122726 0.16636845182901 0.109252939298262
0.328114365727984 0.0234396913244637 0.185098976537148 -0.03053634959474
0.314066122662892 0.00173260678158142 0.153934753697553 -0.067842613884929
0.315339304059182 0.0454151197445456 0.148615764211222 -0.0554001345592032
0.301995466448355 0.22510051551986 0.128395177827902 -0.00814130608813806
0.114872285845555 0.363144892609496 0.0979434465576256 0.0252209526769767
-0.130405653444166 0.353109983608887 0.0521223559016646 0.0751954365749267
-0.40342057821061 0.0885718121369907 0.0114898141792653 0.120643464728085
-0.397424961885574 -0.29600105925284 0.0333800484417821 0.0859790893990775
-0.200134127863281 -0.454603816763029 0.0880330221377985 0.101715009094468
-0.180868063106537 -0.300412887459827 0.0239382918391495 0.437598693415664
-0.343279960436281 -0.106952954023845 0.223498806500804 0.130188696894097
-0.260000777952196 0.136235203091978 -0.0316836247484522 -0.0420492821421681
-0.0473473214418401 0.264354965032044 -0.105647369630912 0.0875255985597781
0.113866638958419 0.235504528586387 0.0331201183850061 0.232771040791093
0.21486906308994 0.147707186423436 0.245047546071766 0.164949656719505
0.245291173906586 0.035710939347606 0.292096434621078 -0.00452057491441547
0.231155252231977 0.0277492768989923 0.257532696137599 -0.0616479926225753
0.223224740558142 0.0652404739852766 0.243339591648756 -0.0378426382131144
0.189182055291446 0.182116669313908 0.197511065529272 0.0287872997103938
0.0374228895030513 0.243003186626915 0.117907686447535 0.0711784350535634
-0.1110461120375 0.185744525905061 0.0439291860126654 0.0711987844088663
-0.224323146615859 0.0174824542187759 0.0414803105143688 0.109904729091162
-0.231372862473158 -0.191414394346223 0.0959971137145449 0.112948514460018
-0.154296354595503 -0.291080286073775 0.144952004433755 0.218914322193719
-0.130676896582085 -0.138909873639577 0.102158286499769 0.553003940595177
-0.186389896064208 -0.0243497521778576 0.315196572667264 0.169377408603344
-0.106400678491175 0.0821487110855002 0.0353938997317074 -0.0483840281921704
-0.0223975108638629 0.107185810857514 -0.099964567826396 0.0637604617637299
0.0382752060475339 0.110251343976847 0.035386825416631 0.254417708753695
0.0926761673989754 0.0854422484380827 0.28424954725414 0.200200170280823
0.120438606421606 0.0435527106752342 0.357959129047835 0.0245927124489968
0.113366257709215 0.0512537844666423 0.321211924431068 -0.0468450556211614
0.103160683043721 0.0762311274047698 0.29676535937754 -0.0154268168027874
0.0613816143929681 0.118818341644054 0.225946717119088 0.0571425611342517
-0.0359953831686018 0.106673010886021 0.111898628008721 0.0966462117731243
-0.0799104272666076 0.0227066943863175 0.0276804875968251 0.0499501250311434
-0.0444417131327364 -0.0371325149742713 0.0576301726413917 0.0821962000731441
-0.0643681018247333 -0.0681512944085028 0.125295631327816 0.114047074093283
-0.0967983883916179 -0.0976531141590404 0.179811062808344 0.274839708764588
0.0106837477145884 -0.0626976290375649 -0.220936287777574 -0.322722132477016
-0.0788926824408393 -0.0362220670830166 -0.214738058500625 -0.0898886500048551
-0.0733141929186508 0.0613644470250908 -0.0907735223905282 -0.013009514469705
0.0456411931835282 0.0933332556531251 -0.000800782265015501 0.00551941728248424
0.0787778022134797 0.0178219513497385 -0.050906663326993 -0.10516366347372
0.0592671973255745 -0.0383475083061147 -0.214440286799422 -0.100685055236076
0.0227622354654166 -0.0684284920878593 -0.310761113813894 -0.0119800828394865
0.0119813015506719 -0.0713726995939665 -0.338215279962316 0.0334026873255499
0.0197859699126791 -0.0631131848529388 -0.370163049902127 -0.0205564365859344
0.0453752153047311 -0.0212868234425645 -0.304068841698119 -0.156045411820023
0.0547463675952798 0.0237784550583758 -0.107324824113968 -0.238840698590103
0.00262162975766261 0.0643443840494717 0.0569985518692776 -0.0774347603968171
-0.0785066153017634 -0.00147401089960235 -0.0734004297072599 0.00532985030489344
-0.0129136153667314 -0.0915894766697554 -0.284321999308047 -0.138236637538756
0.0814636852616682 -0.0582890853956978 -0.192628126373235 -0.593759594589874
-0.0464917230514083 -0.216938880317541 -0.232874234928265 -0.294031848624496
-0.190674160259898 -0.114946955174889 -0.213821811791283 -0.0772270054126177
-0.175840360484791 0.0740785909295388 -0.117941364103022 0.00442604197274389
0.0113746974184857 0.188296290509734 0.00209033196635609 0.0369373098195216
0.121762870741918 0.122039797520065 -0.0272833842153511 -0.0814531650642176
0.162395992719018 0.0279719231518287 -0.171629704446642 -0.0997272230198797
0.149586058014351 -0.0638473089418643 -0.272335639761441 -0.0384540347288339
0.148447707647746 -0.0825602253647824 -0.304207601236084 0.0046894873556277
0.165933565004897 -0.060439901507463 -0.333115079836436 -0.0384253987896085
0.195537609484557 0.0605528412275763 -0.273708008161081 -0.150280581359018
0.125491096689372 0.183383453544478 -0.0924698756566574 -0.219766399977637
-0.0401712417875794 0.23966628092951 0.0486649369034293 -0.0463369796474892
-0.272153099837244 0.0658543512404988 -0.0957631532412688 0.0303662004936744
-0.21981703273337 -0.208986111029321 -0.284071842143418 -0.127779527710502
-0.0315331956100219 -0.275680226343613 -0.185022809071256 -0.540598115820114
-0.103221059518449 -0.345569494880014 -0.229826274727241 -0.209166561184143
-0.296763496091237 -0.176554255452738 -0.191136243879566 -0.0528490580714125
-0.272098347062549 0.0908516955829395 -0.140723476203764 0.0115540919549296
-0.023552300984395 0.276891528388604 -0.011451109826148 0.0586466271416987
0.157790615572202 0.220112176081819 -0.0142659526686353 -0.0404284206980178
0.251000479885509 0.0936311901262456 -0.109796084394961 -0.0754468370399172
0.258308744079055 -0.050483263978185 -0.194184066773991 -0.0552983472071415
0.261949217425855 -0.0798450313598488 -0.223241577443898 -0.0248216467067238
0.286302264710792 -0.048041924184958 -0.244781240241786 -0.0534169608455202
0.317927029830802 0.137810324114686 -0.201374787640491 -0.127758836827355
0.180517749251372 0.323741035926422 -0.0612135473510549 -0.177032435932636
-0.0814771161076063 0.389425271423674 0.0446716786111167 -0.0121350651932819
-0.435799520494027 0.126117354337687 -0.0944951407630788 0.060686640405116
-0.401991340240615 -0.302250258390679 -0.244784926845168 -0.0898825963440803
-0.135915475087912 -0.454342219347419 -0.143347142609022 -0.422686106691525
-0.158644407332453 -0.433924306087848 -0.201021623401674 -0.0740243647180855
-0.399468620794172 -0.20842404979881 -0.129719323726971 -0.0155246775379261
-0.355147151418988 0.126881940459311 -0.148045083840324 0.00666446012000137
-0.0467202365158108 0.361944987940929 -0.0389181278304671 0.0739039126889918
0.191202280775039 0.300849055617371 -0.00677505618839219 0.0214437085311995
0.318037123782237 0.147286894188693 -0.0266112642590427 -0.0270857240890404
0.334587775319275 -0.0317581342831909 -0.082878298716718 -0.061852036622809
0.335047691744973 -0.0659262697232008 -0.108269304958749 -0.0508861148852396
0.358558195741572 -0.0267254576703352 -0.120898056312246 -0.0640393837333137
0.389448003235723 0.194788082138032 -0.0958833995915664 -0.09294598266527
0.210557879452178 0.415680442086071 -0.0118319921359609 -0.114209443088534
-0.108564451056757 0.484130174411464 0.0459778773949002 0.0244539344784811
-0.535054918203466 0.169342952744412 -0.0676041970225993 0.0898005253936918
-0.519574702773015 -0.351223597571635 -0.162506697739422 -0.030444514147492
-0.20973884845313 -0.554741860321377 -0.0749554144159674 -0.253656246615086
-0.202601239843396 -0.463159502830745 -0.140069375928587 0.0993290115743189
-0.466157823408605 -0.201243183141181 -0.0240467121113835 0.0304298682497243
-0.398479117537792 0.168622995469262 -0.133282447697013 -0.00707502641191668
-0.0525312175739829 0.410592856336978 -0.0709991194743162 0.088717520020052
0.208968627966616 0.34141344809763 0.00802941381311606 0.101375905816382
0.345964916170086 0.176192105129422 0.0749081004289996 0.0363019989925023
0.363841644529659 -0.0119901309551304 0.0501292180541372 -0.0566631598067156
0.355355808370723 -0.0433626711888836 0.0240457230478567 -0.0692051988604235
0.370409357717043 -4.95045334440599E-05 0.0175925776510466 -0.0677911448193153
0.391943740593681 0.223535829655604 0.0238033287941119 -0.0530056543978226
0.198865730469635 0.430948514834611 0.0472818912572562 -0.0422969911681785
-0.118307776832664 0.480049692126837 0.0522513288041373 0.0565784626831038
-0.528286922430213 0.165637939146067 -0.0232082005189966 0.112567912887438
-0.528978502107787 -0.345528185536278 -0.0558069104107718 0.0351615722269045
-0.239979737387769 -0.557646288827579 0.0107605948720769 -0.0650051063450817
-0.221372553484548 -0.4173632727526 -0.0505058220907816 0.284127908363964
-0.457321157251731 -0.158543668566888 0.109215097335423 0.0788315329872496
-0.369989778941687 0.182837299525217 -0.0944573399397947 -0.0228835059622027
-0.0465130321976227 0.384580607564636 -0.0934919162068334 0.100636536689089
0.191035635954137 0.319495754648789 0.0301127214043983 0.181064015507889
0.318366157962844 0.17310172990538 0.180333738790322 0.100628742845656
0.336544827783655 0.00605150356043554 0.184491169790302 -0.0425247314571925
0.322177364091917 -0.0156550538929219 0.152486523342167 -0.0782823621727439
0.325466596456513 0.0290232265782156 0.146667049478113 -0.0644165371186175
0.324377274524184 0.213753094129679 0.131228417193199 -0.0142564374819788
0.138278412895036 0.368188215679708 0.0974672389237718 0.0218888083260531
-0.115803951810716 0.368189460443658 0.0543781359465906 0.0746327307872039
-0.410546241935738 0.107929685234339 0.0216496069722179 0.12035301768071
-0.423512400197659 -0.284618933326334 0.0419907389144053 0.08572896927627
-0.222186479366909 -0.462106901187613 0.0925875893262716 0.10214423950186
-0.198903495494791 -0.304401686707526 0.0471015456752822 0.449754885631137
-0.357341229995583 -0.0949376950587562 0.236633398055229 0.123197250316737
-0.262615266868225 0.15019970429452 -0.0351762252497194 -0.0356950330646382
-0.036307338111601 0.274281169124005 -0.102666620895197 0.0978972411325351
0.12966887707557 0.236143318252434 0.0490854310540253 0.239329961449731
0.231611673162755 0.13959672595753 0.264574024011774 0.153289644931566
0.254204442912604 0.0234304978448104 0.297517875456339 -0.0212576547410032
0.239626570549537 0.0164834972638703 0.258250227092646 -0.0776098734114101
0.232691189598969 0.0548666043040644 0.246074614067741 -0.0521352818454323
0.206069260826253 0.176947108306726 0.203370052161783 0.0191918523730222
0.051909696280352 0.248326996034665 0.120988312677429 0.0676913556648792
-0.104940845550369 0.195927500103918 0.0453031538084489 0.0713507572145499
-0.230615636928936 0.0273202722958649 0.0524773829982747 0.107914070431314
-0.247470431603273 -0.185600733796715 0.106241441575385 0.109651578606413
-0.167934822935534 -0.293410406985265 0.156560702114337 0.218548505057781
-0.138342166881415 -0.138209545515338 0.133379997963786 0.566085874788349
-0.191879948619413 -0.0177897101346632 0.330930427879734 0.158764329632148
-0.106495710125699 0.0867881270084264 0.032989196048385 -0.0468725636714334
-0.0192307030639447 0.112000494583702 -0.0985826220604947 0.0740439190113408
0.0454233012596088 0.111792097813159 0.0533879118477847 0.262363287968875
0.101515290375015 0.0831831141037383 0.306814191200881 0.188413990422524
0.126826624483654 0.0392260600798712 0.367986121897002 0.00428204541226673
0.120393402178045 0.047119298725513 0.32615290022906 -0.0652405640202566
0.111185289787263 0.0728122034249742 0.302096150256484 -0.0329987522104866
0.0704499316849908 0.118965046531848 0.233470403124638 0.0463541697967373
-0.0316440734719088 0.112872529596966 0.116784546347129 0.0933091074257038
-0.0826425514088692 0.0277032428603271 0.027103515509194 0.049462945508974
-0.0489091013831366 -0.0387885656039976 0.0662613501683591 0.0786359415839326
-0.069160195644032 -0.067293890979084 0.135247166799455 0.108025909882594
-0.100077606240068 -0.0962458259079717 0.195213969898708 0.273226978078793
0.00583563484297371 -0.0627753174764192 -0.235560638768129 -0.31488396770375
-0.0806926807769859 -0.0289577312844734 -0.219828593092978 -0.0770600421289779
-0.0687354795045584 0.0662637923748742 -0.0925402533528888 -0.00551113229855386
0.0517107022324219 0.0886554629606552 0.00318182272635005 0.00621235216835564
0.079770418345302 0.0123154603564953 -0.0542327797263072 -0.10306148867812
0.0555534226975455 -0.0429203424687376 -0.220065506683878 -0.0892004357707595
0.0164478854627002 -0.0708984169238067 -0.311175608270102 0.00492083341965767
0.00600847938751619 -0.0722659023028255 -0.33623348506388 0.0514372939176517
0.0140658472860564 -0.064653525156363 -0.372157141136335 0.00262771360522496
0.0436606533412759 -0.0249347285954364 -0.315418601440944 -0.138100067964768
0.057614786876772 0.0183476276043215 -0.124326513163826 -0.233939044728412
0.00832727523853703 0.0635252512016057 0.0530205926571389 -0.0841819325112135
-0.0777413231474598 0.00436755926267054 -0.0734437139270494 0.00652721774966469
-0.0188920595932722 -0.0897832856733964 -0.286462570730115 -0.124574460632063
0.0775104765686962 -0.0627674404899804 -0.219472812382584 -0.58334590746904
-0.0598034917950581 -0.215989026006791 -0.246542775208566 -0.283992786165418
-0.196887842924766 -0.101688268840245 -0.21719791636173 -0.0647084046421524
-0.171232799831212 0.0834395581817392 -0.118416137361182 0.0143398411700003
0.0233545548353166 0.185352796243819 0.00828414326675065 0.03644064203948
0.128812380390821 0.11350592781591 -0.0284879999619862 -0.080369743724958
0.163070492944987 0.0163795198475389 -0.176755254884723 -0.090739275584326
0.143588253664864 -0.0739914760632554 -0.274963418616798 -0.0228766811264564
0.141268922618956 -0.0909142711351429 -0.30339830385143 0.0213024184936779
0.160204324630489 -0.0705516903625909 -0.33636305073258 -0.0172650761781357
0.199340324021657 0.0486438194358656 -0.283858035300779 -0.133413439197183
0.13781619607203 0.175038579985324 -0.109272811854333 -0.214381449876235
-0.0266293095420421 0.240534646410079 0.0470439482239608 -0.0514633676670169
-0.268899182574042 0.0812262626313818 -0.0931493134868344 0.032638396099565
-0.232345930842292 -0.197444689405491 -0.285404811406557 -0.112219049960139
-0.0456305698954229 -0.277857714835521 -0.209976631977542 -0.531622720039327
-0.123136044307433 -0.343981952662998 -0.23754466796369 -0.200009208166726
-0.307257594494105 -0.158280737805541 -0.191787730521711 -0.0423977058940361
-0.267609444331003 0.105329209732697 -0.139548319688422 0.0234841250031772
-0.00718448956786395 0.27617656852668 -0.00388836104859812 0.0585020729974022
0.170864837417071 0.209706996767223 -0.0138078193132426 -0.0395547816390189
0.256390669072912 0.0769152850853897 -0.114070140790706 -0.070422229300805
0.253260098424849 -0.0664511882085256 -0.199211422633085 -0.0442373459608284
0.256118613312186 -0.0955024825777336 -0.225256672408051 -0.0131788822910971
0.280220665170875 -0.0656381674272116 -0.249250990578043 -0.0374395447969056
0.32680208201008 0.119018306847283 -0.209371253128556 -0.115220581375121
0.20023391131698 0.31311848029295 -0.0754272105576561 -0.172734666363378
-0.0590717725624835 0.392816214831692 0.044846736663077 -0.0161044774156624
-0.432465633964286 0.150193576062049 -0.0885637901894022 0.0619199213149692
-0.420432208138867 -0.281023114028327 -0.243069446987812 -0.0771334285773853
-0.156630047925984 -0.453890951203705 -0.164904043560622 -0.413058172352591
-0.182461803804907 -0.431088976858599 -0.200687425018769 -0.0656572099775085
-0.411516346408833 -0.1854095933506 -0.128496769830724 -0.00842002964974631
-0.350451051206387 0.144537689689429 -0.147534164673244 0.0201296477965905
-0.0267156139130002 0.36247090799329 -0.0309743664387009 0.0755629301201394
0.208556394265894 0.28918898048545 -0.00222881160711191 0.0225919000575513
0.327052915813105 0.126457098066478 -0.0277706761479163 -0.0279202526257603
0.33088961001365 -0.0523988156661028 -0.0892891890933251 -0.0573072655589943
0.330029950310551 -0.0857876517990389 -0.112123918201209 -0.045863961915891
0.354084478063884 -0.0479751119048272 -0.125717150075764 -0.0555474915434705
0.403177414737744 0.171553026895131 -0.101186433202661 -0.0861737379606394
0.23492295247915 0.404464794726866 -0.0230943615617596 -0.111865813367642
-0.0821150667738246 0.489505828004946 0.0477608703145102 0.0206828952730988
-0.529267701140245 0.197707781944446 -0.0593960730267113 0.089436358750189
-0.540446051990688 -0.325440922468802 -0.158137803196389 -0.0219661903494825
-0.236670634219137 -0.550706056890592 -0.0868834326632862 -0.24703194288779
-0.228316622891666 -0.457316961622266 -0.13018326263554 0.105360176836625
-0.477967755105013 -0.176444381275267 -0.0201999632871013 0.0317072884644782
-0.392676113393078 0.189043419700068 -0.13297764202521 0.0068131816167261
-0.0304608925168909 0.413018476936555 -0.0622512084120876 0.0928714901282285
0.228147347975023 0.32917158219451 0.0167360301672791 0.102455780845669
0.358991897098881 0.152509107781423 0.0789480953016951 0.0286544469112513
0.361844286491204 -0.0342806862978127 0.0431989950310568 -0.0601446953441002
0.352997727160526 -0.0636688617677451 0.0182878386634042 -0.0709771495469941
0.367708659713892 -0.0218246395501825 0.0121076606716094 -0.0674384412367674
0.408574944039473 0.199663461746735 0.0212693699095248 -0.0528606310244244
0.224292053900293 0.421975738817611 0.040141957959249 -0.0429237380546364
-0.0929442082472934 0.484885621638638 0.0550785789487056 0.0545267626665125
-0.522779792094728 0.193465267062839 -0.0135931742777872 0.109828661662974
-0.547881914034238 -0.317163556211928 -0.0493335994744997 0.0374670731441996
-0.264441763608452 -0.551155357652187 0.00599643436431851 -0.0636724222398368
-0.242549940390317 -0.411984944487994 -0.0319548572826096 0.287203685361832
-0.467865415552334 -0.135259275496324 0.115384603637138 0.0725361713167387
-0.363173721223178 0.200960962349715 -0.0947719748181663 -0.0108591379555905
-0.0269747326389677 0.38819709565688 -0.0852435384510778 0.107149369041904
0.209201731747891 0.309624003283772 0.0442193266192017 0.181647077097025
0.33151114199523 0.152520968455195 0.188491349814825 0.0876284990018349
0.337493361778597 -0.0141199836880049 0.178727700917371 -0.0539136842990807
0.321777805238406 -0.0343848060301642 0.146667622936062 -0.0869863650929618
0.325033089851405 0.00921814290372198 0.141170289497886 -0.0719742035803817
0.338141999186157 0.194769608280045 0.130915765660284 -0.0209174355631657
0.160445291323101 0.360979773341744 0.0944491287810606 0.0186807989941766
-0.0976503165215387 0.37310959695436 0.0569577491109688 0.0727031358413739
-0.40823311790273 0.130115953387987 0.0321721884723882 0.115187590355684
-0.439707383974845 -0.261480738677469 0.0502955584598905 0.0827560068212445
-0.240927128125721 -0.454954863819612 0.0962047548975524 0.0991788502060402
-0.212444550723048 -0.298217248185716 0.0734325016940915 0.448375041709426
-0.363345486697243 -0.0772366681824402 0.243412406238479 0.110555834926831
-0.257683169126646 0.160877465553413 -0.0366872483490971 -0.0278968446950934
-0.0228737742915685 0.276665819801409 -0.095168732056421 0.105779210813869
0.142734192114075 0.229441022735583 0.0661724669949695 0.239277175040753
0.24147726287963 0.124788120490824 0.276854191666702 0.136073755959535
0.255443159287814 0.00865008081495149 0.293566750467677 -0.0392250942500183
0.241231245967266 0.00313147557489472 0.252364354065191 -0.09184644778447
0.235029489482448 0.0411873866745893 0.241672221006509 -0.0655341767763868
0.2177826874394 0.164293296851719 0.204543644212019 0.00744786798559558
0.0658404719878357 0.247609113911517 0.121251177345005 0.0628432432406712
-0.0965491280219991 0.200961733948995 0.0464914409851889 0.0694388011203324
-0.231882167749629 0.0374603027600704 0.0617771845589347 0.10071729212442
-0.257885494258888 -0.172441195309174 0.114223111960941 0.101993577108692
-0.178621049825947 -0.288392908483046 0.165152547436704 0.211560839036822
-0.14353459025556 -0.132943057417806 0.16242067284137 0.562259703585673
-0.192624250406217 -0.00870947496683882 0.337347073437028 0.14123483424493
-0.104389842517526 0.0895749536014454 0.0312610405431409 -0.0437498934244998
-0.0146974002608717 0.113964722217828 -0.0937963794709638 0.0824638832223062
0.0512184295326087 0.110076809017791 0.0716998601533818 0.261410101730628
0.108379235829206 0.0764842194489643 0.321917824344357 0.16957669501985
0.130221589157987 0.032553083050681 0.367087315665237 -0.017363067887555
0.124957724113401 0.040578965726244 0.320760882979775 -0.0834612725511508
0.116182524470739 0.0661342233388385 0.298398872262834 -0.0493739591364358
0.0784160112684991 0.114963541208662 0.235215840505757 0.0325424684879416
-0.0254892003136422 0.116287106129135 0.119829607281381 0.0867559187517048
-0.0830319401766609 0.0325091612501863 0.0262415003887477 0.0482734642513288
-0.0532126886592082 -0.0383199591119089 0.0743819622596734 0.0721236834575791
-0.0721882216725847 -0.0640585986575924 0.141843600654135 0.0980515573862566
-0.10158589750865 -0.0919718844616546 0.206423043768317 0.264557800157998
0.00113700902145219 -0.0612946634886661 -0.241847557771241 -0.304406557393896
-0.0806027791450813 -0.0232152099484251 -0.219205437388373 -0.0659089509645609
-0.0631265646678619 0.0683493999313701 -0.091800731108524 0.0013204286998113
0.0558129930263555 0.0829026275397637 0.0068899872453744 0.00552266649233582
0.078958937862619 0.00769806369443813 -0.0542919142316765 -0.0997678653011447
0.0514308567636352 -0.0450218222233893 -0.219529574600407 -0.0782957381324807
0.0116451498204089 -0.0702489327622557 -0.304317566417773 0.017611215906531
0.000659142341133004 -0.0709958778125354 -0.327337097809196 0.0630609261984732
0.00958429950199166 -0.063912666510203 -0.366252057881746 0.0192879690694336
0.0420370729936924 -0.0269898588225424 -0.316675286360136 -0.120622686270359
0.0577049171619943 0.0139781324332171 -0.134550656534081 -0.22493178987931
0.0127347269289409 0.0617529594398271 0.0488131107859441 -0.0881498833720507
-0.0753731074589803 0.00868346619576804 -0.0723563606457886 0.00712016330914878
-0.0227259205053373 -0.0856324942873778 -0.28132869773429 -0.113355430653764
0.0724483460599953 -0.0660842931210803 -0.234702317139821 -0.565167140395861
-0.0690180042743712 -0.211102805591628 -0.250024587251012 -0.27359463669955
-0.196811187884278 -0.0898731050828908 -0.215257826062599 -0.0548038556559343
-0.164641012428166 0.0890200504213371 -0.116058589844407 0.0225623251841749
0.0311462618889433 0.178140807519737 0.0133546627018752 0.0349623056361962
0.131363171815498 0.104835954573406 -0.0288528599803467 -0.0784516653585946
0.159914484002521 0.00810258047304124 -0.17799500762477 -0.082488558703615
0.134996293395544 -0.079335704944064 -0.272220626394376 -0.0109696538448221
0.132864664994501 -0.095505755590882 -0.298332939536916 0.0324065856217739
0.151739273295627 -0.0758885119548852 -0.332038306337266 -0.0015747834263693
0.198191986582926 0.0384941119642738 -0.28530441039696 -0.118371446862468
0.142950784527902 0.16559397923269 -0.11985233841955 -0.205732388364089
-0.0160179266569215 0.236350890018275 0.0451111663805013 -0.0552740766949679
-0.261256068409823 0.0914257530826142 -0.0891744983746018 0.0330811099767463
-0.237167916757925 -0.184711377886251 -0.278364636724142 -0.101747132697376
-0.0551476770880674 -0.275303172694206 -0.223720654996477 -0.514742093454857
-0.136391985369483 -0.336005911311968 -0.237194499522408 -0.190520673824445
-0.308341056292789 -0.142152316352361 -0.188437877408554 -0.0341181291188026
-0.25918930203492 0.11235669928866 -0.136095428040729 0.0335218168496855
0.00463526114732789 0.268867649424061 0.00194545384643433 0.0562539868058651
0.176210917372371 0.198117629522524 -0.0124108229603629 -0.0390257302433771
0.254860821078716 0.0624869505709654 -0.115236194393986 -0.0658732267742183
0.243717134491052 -0.0772186788091185 -0.200725464716877 -0.0344741719169663
0.245499578991401 -0.104869821616582 -0.222913958412383 -0.00503039021052131
0.269336469691143 -0.0756807051425223 -0.247458291726852 -0.0253372108991631
0.326575131900903 0.102112114165929 -0.210657787595028 -0.103408772508069
0.211469686406424 0.299533581768162 -0.0855999002851493 -0.165498224596348
-0.0433609810220878 0.387319594942795 0.0444016141183106 -0.0194370388125578
-0.419656911889106 0.163878695059734 -0.082970829808303 0.0608931897688774
-0.424647092694167 -0.262126873391609 -0.235702790221515 -0.0673483272345641
-0.168956752529026 -0.44593786817373 -0.174008427701423 -0.398956705430063
-0.198673349800091 -0.421720988095326 -0.195856471142183 -0.0599579827003701
-0.412729211008065 -0.165266524235421 -0.124459502358132 -0.00543449221929808
-0.341014509865248 0.153280288505156 -0.14302392361986 0.0314699760575582
-0.0113968018510294 0.355818049299837 -0.0234035584285189 0.0742103135628138
0.217144963589937 0.274862763803033 0.00153034022101482 0.0230933297931852
0.327160926083466 0.108069283509313 -0.0275200933555155 -0.028241092490758
0.321267269780046 -0.0664441819914669 -0.0938120173129747 -0.051759907715626
0.31982361518007 -0.0986767807501574 -0.113387901158575 -0.0407505742299934
0.342328726154646 -0.0613746153932879 -0.127090250842711 -0.0472500975883095
0.403019934583418 0.151466713502911 -0.103174625332508 -0.0799069653005315
0.249061334032338 0.388448120469043 -0.0315530272594274 -0.106159702148173
-0.062371056121764 0.482298657361839 0.0483189105613823 0.0174676063493997
-0.515007856001526 0.212997937844979 -0.0526210540315419 0.0864086527934205
-0.544906444943365 -0.300974394034701 -0.15076192717979 -0.0160936030527486
-0.248178754417781 -0.541174035147391 -0.0942776119639678 -0.23851499804358
-0.242343119338493 -0.446990800422984 -0.120151629845746 0.106347435990624
-0.477356088870603 -0.154155116984338 -0.0164180184773152 0.0306679160517024
-0.382426596939207 0.198063202750122 -0.129069833127543 0.0181480457695781
-0.013375778941337 0.407015477530445 -0.053607444888072 0.0930704035535958
0.239421939498253 0.314277131794702 0.024011081774195 0.101049203772235
0.359655526841272 0.133826798868866 0.0797518930695182 0.0225552633703283
0.352918436566441 -0.0495921923620988 0.0361748360375509 -0.0596414196937297
0.342934579409093 -0.0778901241470863 0.0139674871242661 -0.0703271139415199
0.358229700988111 -0.0364368961665512 0.00797078100181738 -0.0649303103437062
0.41015748718919 0.179029594879618 0.018812543286938 -0.0528126212703053
0.238968100503053 0.406074960567395 0.0334713967895316 -0.0403879697129985
-0.073266825679083 0.479020077770482 0.0556333736829035 0.0519920022494801
-0.509228961602172 0.208044193695387 -0.00546365922215737 0.10404700558017
-0.552889231486473 -0.292247403730454 -0.0419081186056154 0.0377600854214006
-0.276307951085356 -0.539021861629189 0.00398817477067076 -0.0606112515572709
-0.253353508975629 -0.401276628357455 -0.0174323231955607 0.283115167697516
-0.464280110165532 -0.115253223337449 0.117584544311687 0.0658521015027253
-0.353738137231848 0.20782599972921 -0.0916650306560831 -0.000645775450804674
-0.012809539752868 0.383236850509367 -0.0767102510604516 0.108142664096783
0.217960683941132 0.296484255002176 0.0540643546144392 0.178943131324915
0.333471353822143 0.133308532477981 0.191448304981905 0.0750446150656309
0.329462514156032 -0.0283708563388832 0.170211423507662 -0.0596876201835631
0.314750700085764 -0.0476573674542724 0.138612803357976 -0.0910966638667387
0.317994729399519 -0.00304622515620779 0.134867046712728 -0.0748923846960332
0.34196192685669 0.176337764104947 0.126951748155322 -0.0255697778269549
0.173344421168277 0.349216452993593 0.0897298864907389 0.0174206274192797
-0.082743135332686 0.369612460592752 0.0576156906097278 0.0702134964083087
-0.398874173113205 0.141829944050383 0.0398112788074056 0.107158033242747
-0.443366360993391 -0.242904789458869 0.0558787980584703 0.078251361684609
-0.24881882349176 -0.445377795635426 0.0966427690405838 0.095997020812517
-0.218950927070527 -0.289109088684659 0.0900921923317837 0.439932155495867
-0.360909892525143 -0.0632219936877371 0.243843474358116 0.099293363191743
-0.250623387046621 0.165824716366467 -0.0353644513754286 -0.0208567593114401
-0.0128094241442331 0.274000416102622 -0.0865994088526783 0.108669495210706
0.149912882230208 0.221292051579684 0.07900521564372 0.234734901013648
0.243890284638175 0.111170134086875 0.280089393420956 0.119463564928316
0.250722231509831 -0.00189828242271557 0.284366971660381 -0.0507678850488683
0.237812220074752 -0.00731490038254962 0.243318851953054 -0.100066802805342
0.232120608931191 0.0315029218469414 0.233449627097546 -0.0741509863933057
0.22181771960857 0.152210282089699 0.200479531275908 -0.00119653452990895
0.0754060009542281 0.242301575116175 0.118393914420442 0.0579169244093695
-0.0880960487055897 0.200937759794069 0.0461388393333992 0.0675807328647561
-0.227794803586146 0.0440740613608725 0.0681231107842512 0.0927518875591096
-0.259787089503412 -0.161136099738283 0.117746405020447 0.0943230470929802
-0.182032242929024 -0.280556761066157 0.167481913980896 0.203804684567582
-0.143494635133875 -0.127797319462642 0.180341642476368 0.548551025562747
-0.189122629110708 -0.00262152451445582 0.33503215246978 0.126963141164464
-0.102122648767425 0.0898876376377316 0.0295508967923079 -0.0396925590482627
-0.0117697033494745 0.113698547874402 -0.0877478284230289 0.0869990059747628
0.0547447341609217 0.107059947102061 0.08364417817794 0.256790619157729
0.110430054330897 0.0700424430170075 0.327523309133949 0.150574573212483
0.129256465947534 0.0266494760036568 0.358871308941917 -0.0330046470746779
0.125810092387543 0.035051735380717 0.310255752447819 -0.0947926195059637
0.117583044403968 0.0605097911377269 0.290101914273531 -0.0608502016182469
0.0830799440300884 0.108972464319049 0.230942369660861 0.0216629253079862
-0.0206077295682672 0.117480872600118 0.118225772993026 0.0819695536258192
-0.082509276912279 0.0358734959799224 0.0245867270557454 0.0477391359508338
-0.0557254857128886 -0.0370516387684671 0.0780308629848008 0.063675021602002
-0.0728822368197528 -0.0608067500138113 0.143310449073092 0.0886657594337181
-0.0998663422672865 -0.08807279741769 0.209181403501679 0.25256516974644
0.0260688716932774 -0.0556267173680545 -0.0972036590516064 -0.375207077803682
-0.0608293852890626 -0.0523738479647613 -0.173214345646308 -0.144079300856338
-0.0846725062102549 0.0355383070325187 -0.0817746431314542 -0.0299876145023488
0.0153751156359573 0.095569121560268 0.0124179366181356 0.00715604516626532
0.0674271446867855 0.0401046601993837 -0.00365728295934292 -0.116097326319459
0.0641132191021891 -0.0196575542852589 -0.164599376338601 -0.162371470829852
0.036644081575186 -0.0592367680666506 -0.282331646749159 -0.108591440615386
0.026712528672018 -0.0642382293778047 -0.319159351005543 -0.0753933528958387
0.0305339266826717 -0.0532162613747635 -0.335545074914299 -0.12750871928326
0.046950916258612 -0.00682721088610361 -0.239134381719886 -0.235730383343102
0.0449593418206337 0.033252416947691 -0.03153509998785 -0.256870159749175
-0.0113987420573545 0.0594983550177801 0.0804375527765712 -0.0615503393268946
-0.0729960833472551 -0.0178851243081273 -0.0677808502774901 -0.0270707382433749
0.00539667037185063 -0.0838183425606587 -0.199802194267619 -0.215712441947836
0.084870914450476 -0.0425111295252086 0.0240926298980061 -0.602205861554457
0.0294007129950731 -0.225247484501554 -0.131542794489606 -0.340441777219354
-0.13544399427155 -0.162403913134464 -0.176561556875564 -0.127305610301073
-0.185188354183926 0.0105797116550989 -0.110928341784662 -0.0126658328007877
-0.0465711895628365 0.167686533011634 0.0121706752258325 0.0396501344802132
0.0729375142628633 0.147530477762634 0.0164873291008282 -0.0872049224196915
0.138648741357453 0.0711409886330373 -0.121308782457988 -0.151923936623771
0.149692888427137 -0.0170328208862427 -0.241041293622609 -0.122646423560846
0.156013770384494 -0.0337400507515261 -0.280971762376794 -0.092189496469947
0.162607929501257 -0.00872525118016355 -0.296343516135967 -0.130393164923708
0.162864342470927 0.111866616225808 -0.211304950047789 -0.217869665100649
0.0643379701369912 0.204601067933338 -0.026174200887919 -0.231321484194534
-0.105523717767802 0.206143248105032 0.0610863186382128 -0.0314910277374388
-0.277051561540535 -0.0124844280382702 -0.0949513236205908 -0.0133676593066271
-0.153089926395641 -0.254254875107464 -0.200152399248277 -0.214476051951216
0.0463784477737007 -0.284526865752125 0.0243632198303818 -0.551727083781349
0.0247764620443935 -0.372018785478883 -0.165318693576401 -0.249132321712882
-0.211084827437323 -0.25707808988763 -0.163601697940465 -0.0925802423516129
-0.280586596399063 -0.00928330475087768 -0.132502587161567 -0.00398556949699748
-0.108757462389735 0.236490468363044 -0.00165162371595153 0.0569908729422864
0.0735116026598455 0.248388792477876 0.0200644046475698 -0.0454000743714259
0.200669138471937 0.158067064360068 -0.067127734908785 -0.113302315875451
0.245011422442949 0.0284446817377435 -0.165796084583248 -0.116465477205213
0.261864089963343 0.00234690447422812 -0.199109453787493 -0.0954333494964213
0.26931422696748 0.037888299306456 -0.210446319350953 -0.115649209440507
0.255002920790232 0.218436343622754 -0.149534792602167 -0.172169846122031
0.0748735030179151 0.352768127947746 -0.0130578813819053 -0.178704308554203
-0.189591520409926 0.331902754900728 0.0434429728719142 0.00207991276995921
-0.45186010453006 -0.00626294350799689 -0.102663214991332 0.0115334025212358
-0.294664289040377 -0.39516737489684 -0.172687132822364 -0.176008216776784
0.00664892373929081 -0.483684429389588 0.032156961621075 -0.430360658955003
0.00793202332181388 -0.478990191681493 -0.189766659005478 -0.105375115137538
-0.294123034036627 -0.323695939028035 -0.119956790434981 -0.0340157747470418
-0.372682168960565 -0.00764685161772652 -0.135752366367943 -0.000973314679610392
-0.159779262494055 0.306270167369169 -0.0277538517109441 0.0656369484462809
0.0773419942443253 0.334054251208933 0.0115118659941126 0.0160238642242584
0.24739791203278 0.228215942751618 -2.65715306346508E-05 -0.0462762498448185
0.308783066142677 0.069759340962005 -0.0622374118073383 -0.0881083764430021
0.326843386173276 0.0365912524595878 -0.0866499446013937 -0.0836587030225067
0.329695599514865 0.0794480205396447 -0.0946605434701174 -0.0862896161103337
0.305535397968924 0.291431168709363 -0.0616635550615345 -0.105603912010845
0.07620147845829 0.447944386913812 0.0110462042017772 -0.10265915555607
-0.243940120210726 0.409334806376181 0.0294947115847636 0.0384265830367036
-0.558096759408736 0.00276188305952763 -0.0862975870239792 0.0446111639640028
-0.387472088366819 -0.476001360871291 -0.116614466108033 -0.102010895319117
-0.0299353715439807 -0.600805892495539 0.0429566676366196 -0.252916120512581
-0.0191373263811233 -0.524473909588255 -0.192614757628795 0.0810859090811097
-0.356349454384078 -0.343499923142997 -0.0369666367353384 0.0456867294217988
-0.428909506246158 0.0129468095923001 -0.114867667154131 -0.00412092882601873
-0.185641678311266 0.350517700354205 -0.0598695921128299 0.0722333008855723
0.080365349339874 0.378264392346965 0.0018076395370173 0.0960455694195074
0.265167310406913 0.263802765862728 0.078362338265782 0.0429271324379449
0.331434553195826 0.0976714774007544 0.0584903466899506 -0.0434738389395767
0.340360869625368 0.0652294967637697 0.0392274610908325 -0.0585077750414753
0.335869492603902 0.108178938362955 0.0338808600851838 -0.0477079313514947
0.302265497959118 0.317069900962555 0.0368933245413432 -0.0317261721561485
0.0624421648887052 0.461117357309182 0.0421743173133236 -0.0171781638809226
-0.252103034293287 0.40275592540942 0.0220382707196911 0.072089773203556
-0.551264807274807 -0.000449182598084879 -0.0509087469047854 0.0791996203588573
-0.396547923700042 -0.471631295020424 -0.0413891281058354 -0.0112229326775998
-0.054248371571769 -0.607700111403375 0.0581656868393713 -0.0531814261566901
-0.0485225322363486 -0.485435409862858 -0.16840519359863 0.284542031331518
-0.361759207719059 -0.306000299820325 0.0708157025297139 0.13196450247352
-0.40782391973383 0.0330379740801701 -0.0722734642560535 -0.0074527304913263
-0.175185962943814 0.33086499730142 -0.0891311185187556 0.0774245759518776
0.0696435745204306 0.354300394973974 -0.0033519631732622 0.179747815462519
0.241469269207487 0.253742675197799 0.157117180421558 0.136897416402388
0.30339039539433 0.107484291863034 0.180121997202588 0.0109868146192342
0.303942607529478 0.0820194882465162 0.159283799614703 -0.0267675316751657
0.28742370168149 0.121182005591471 0.150930957017017 -0.00708860581471061
0.241842905001773 0.289134943994559 0.123909375934717 0.0346005517228362
0.02481002852314 0.383693259667176 0.0689540867325918 0.0563334540146347
-0.218499828212776 0.300340867805545 0.0162164232716585 0.0890661253058099
-0.422312124529117 -0.0208030329902256 -0.00938763891330742 0.101953661766007
-0.311983244949107 -0.384031585206912 0.0291095778460661 0.0684815588946413
-0.0609103960328288 -0.505963054629103 0.0720156658461894 0.125117859281437
-0.0666426624705902 -0.366707138043578 -0.125095367661694 0.465752463037204
-0.291361902946134 -0.214135267837531 0.173421202360935 0.208018854590411
-0.297494394495766 0.0387382229048824 -0.0150992145349238 -0.00996972377550254
-0.128673890544365 0.235534729308609 -0.106177677133371 0.0718608290171004
0.0392853389940411 0.256982502123427 -0.0100751529283745 0.242719049776313
0.171040305658981 0.196922627440986 0.216460812274457 0.215080437015262
0.223360604641096 0.0993898042189437 0.279689284964865 0.0661018956528329
0.219256480785484 0.0883287671452582 0.256644730225244 0.00806297159551362
0.197610748292379 0.118388819100635 0.237393130632974 0.0310531457531031
0.143757132770646 0.220074574816972 0.17965433928004 0.0838378040444358
-0.0223391643372306 0.248483121010039 0.0782292556185154 0.10269212234148
-0.158454540489764 0.146351331615844 0.00874724436000681 0.0802371242874596
-0.2270199321339 -0.0472085089729817 0.0252122729564804 0.103221116151029
-0.173644125740688 -0.242838498659534 0.0753387287530533 0.116113199602513
-0.057892329839146 -0.326417746726981 0.0823865619978281 0.249912445802898
-0.0703374615571044 -0.182231398344694 -0.0756048919441112 0.589721378305675
-0.165374132744373 -0.0865862252114289 0.247329812243359 0.262506721215208
-0.130406463614724 0.0346309869025845 0.0477743740377883 -0.0128210207841297
-0.060327753375434 0.0952811842354446 -0.108636381143232 0.04947472593138
0.00268685714033209 0.116175261415546 -0.0218113101817888 0.267378840570994
0.0685969518628083 0.106515538186565 0.240886695280963 0.266187550919365
0.104113890537474 0.0767597147563166 0.339300749142571 0.11370107502885
0.101598247037433 0.081560293808249 0.315554723724504 0.0399553830479379
0.0843905130630031 0.100256999112977 0.282546389863248 0.0632398383327417
0.0346883222755817 0.128875753685618 0.196837338017717 0.113900821598554
-0.0622152071404822 0.0995045953341622 0.0698038946960278 0.121493727988628
-0.0895281409446642 0.000126951991998841 -0.00090004494242723 0.0519091528844619
-0.0371249137246828 -0.0576442184429265 0.0478041915213087 0.0843010381899434
-0.0398294094326929 -0.0827265604646423 0.0969772587736551 0.130364586932041
-0.051920026486422 -0.115144026632165 0.0886531478460033 0.311245472906957
0.0228903676453704 -0.0554126945884445 -0.101165095603492 -0.376219710052579
-0.0621045489839024 -0.0495901614614038 -0.175499792423538 -0.140344491677619
-0.08359720293367 0.0378774278574008 -0.0839691327980113 -0.0259960347403582
0.0183835315345493 0.0941478597041329 0.0153808240694179 0.00824847691494837
0.0690853717584301 0.0377008419328594 -0.00345715688352772 -0.116576662853119
0.0635941594643185 -0.0219529455194674 -0.168117383309418 -0.159283152447232
0.0339527116819479 -0.0608415812065091 -0.284040536311221 -0.102930425171117
0.0229783976521621 -0.0650036674123909 -0.32080908203138 -0.0711522182268507
0.0278097059550322 -0.0543150105352721 -0.339036902612188 -0.120149973468351
0.0468967514232982 -0.00835402846492094 -0.245568700759101 -0.230665136261596
0.0466772183227648 0.031025049532879 -0.0391763870752854 -0.257460620199991
-0.00837077075412739 0.0592212489326108 0.0811697056253509 -0.0661773880977153
-0.073436637728533 -0.0153013648623063 -0.0676325809434003 -0.027319769335286
0.00286073741782935 -0.0833774981023307 -0.199405927671911 -0.212833683344474
0.0829362579847723 -0.0456675405091617 0.0195330450046228 -0.603620956827481
0.0239741996091699 -0.227177311555093 -0.132225983270626 -0.341320790904895
-0.138437014248521 -0.157945720372356 -0.178138694960309 -0.124597568680463
-0.18461505304981 0.0138171446028017 -0.11275426239092 -0.0075727430721773
-0.0419094542541741 0.16731912833704 0.0153466369362443 0.039542911708208
0.0766138636808784 0.144856086469069 0.0171615922496757 -0.087370369903336
0.139855890833142 0.0672416955837104 -0.124062657593508 -0.149564601330718
0.147666009650653 -0.0207674619888115 -0.243554546104125 -0.117386872494978
0.152910416704316 -0.0369158878812781 -0.283136519041493 -0.0881464477861971
0.160123166888274 -0.0118815429787968 -0.299631005334425 -0.12388336730838
0.166034116034055 0.108207355011406 -0.216855601012155 -0.213848235531563
0.0698922159957595 0.202253715579797 -0.0341528518140663 -0.231822533599128
-0.101205636218488 0.207535140460941 0.0625411365639036 -0.0351649689913659
-0.278267319220389 -0.00737089206006415 -0.0931030437999682 -0.0139136260459346
-0.15860847141279 -0.252409924081502 -0.198058291930809 -0.211218839017652
0.0425772742757971 -0.289788646200696 0.0210014776841196 -0.552519479248044
0.0176563072357806 -0.375098366631285 -0.164173200998937 -0.250345333628893
-0.215222251745806 -0.25212845393992 -0.163535039094458 -0.0906859469765227
-0.282453606988423 -0.00509989001808416 -0.133516629906648 0.00324642629129795
-0.103981940189877 0.237087926158625 0.00244754120661555 0.0567239700016326
0.0792904789118159 0.247124840728645 0.0214868769902534 -0.0445804007195162
0.203819630921947 0.152429084785013 -0.0690526546051024 -0.112799237387715
0.243772182625462 0.0225519976909618 -0.169875753331526 -0.111560622609586
0.259983237102005 -0.00410084530948691 -0.201931956670223 -0.0926251954442539
0.266784761597237 0.0330224765139912 -0.213737982685037 -0.110969608363957
0.260019706969157 0.21320865036359 -0.15408742681218 -0.169416834600638
0.0834005652429753 0.35156357737492 -0.0196564892174351 -0.178091432199854
-0.184207163170536 0.334219555123486 0.0458249243631082 -0.000434081103401166
-0.454127705957676 0.000535562625578672 -0.0989310436021151 0.0100055974082121
-0.301863089187821 -0.393540268482025 -0.17002514217865 -0.173033791681811
0.00067787353496384 -0.490865231452819 0.0286048906389734 -0.430075351806082
-0.000556513575347454 -0.483249989582469 -0.186404839349556 -0.104821702103052
-0.299145423792706 -0.319224804138712 -0.118471307310994 -0.0339260114071162
-0.375775857373239 -0.00257213609523833 -0.135717401899049 0.00634871561735594
-0.15372903721779 0.307744896415025 -0.0229639604080884 0.0655927327658638
0.0842153968990768 0.333012639249846 0.01467095475936 0.0179522364716713
0.251848041439824 0.221090704375827 1.98935705070494E-05 -0.0470113902047191
0.309695964161629 0.0624388755606188 -0.066239785427231 -0.0862682373435925
0.326246160873583 0.0297407921116266 -0.090001377227661 -0.0832014008994507
0.32859274961048 0.0735013530658101 -0.0966243572640915 -0.0839178478487701
0.313129271716205 0.286107157413127 -0.0643104958813478 -0.104122066481304
0.0869524096929914 0.448915585493343 0.00483623512363314 -0.101670778645985
-0.238310830750595 0.413189204136428 0.0321718646655542 0.0373627206996293
-0.560121045502706 0.0116582460765097 -0.0817655612881795 0.0428731022363118
-0.398181860452219 -0.473632712049995 -0.112493599693896 -0.100446634071473
-0.0361286803435085 -0.609292552004522 0.0416321551863977 -0.251605025885542
-0.0279895243990024 -0.528145947602945 -0.187361868867763 0.083241459634705
-0.361537590601753 -0.339871516843226 -0.0347179106195009 0.0446307006698919
-0.433619050720891 0.0174698569755939 -0.114744043001918 0.00448473565341963
-0.179173013052523 0.353900864584431 -0.0558369598597706 0.0728252247204571
0.0879447557787466 0.377465870675559 0.0071773021075348 0.0994487331375314
0.271456916639903 0.256213752806626 0.0806356551637525 0.0399932270566983
0.332830718226651 0.09100507037254 0.0551434416707109 -0.0434362045223045
0.341971446900551 0.0578446387287389 0.0371175104828789 -0.0604072369797919
0.334235064245449 0.102173441788489 0.0324516330450322 -0.0480223416460964
0.310399760187147 0.310954682800429 0.036374051891561 -0.0324943945998959
0.0728771719619257 0.461741809292653 0.0375371807348766 -0.0155669073580645
-0.246930975440653 0.405247639799964 0.0238940111834349 0.0721539039837397
-0.552911339243179 0.00848317418326838 -0.0447373611164588 0.0767575477926975
-0.405093359893574 -0.468503840118636 -0.0364803340239185 -0.0110520904989746
-0.0579005891334977 -0.615690886120467 0.057517181834752 -0.0520411565911649
-0.0552564587951307 -0.490419510824046 -0.161808632587617 0.287440692954489
-0.366435894279062 -0.301437376489722 0.0738621838331333 0.129823781094029
-0.411661748691334 0.0383364779757636 -0.071677723883731 -1.4377346840612E-06
-0.169949453058315 0.334552469521376 -0.0854598553305596 0.0793693358980778
0.0755673602958254 0.354015094448207 0.00247275931164363 0.183382871571233
0.247668552630065 0.247063919380712 0.162873251319211 0.131809029860657
0.304860534605263 0.101543892075248 0.177706333327345 0.00846965635239005
0.305530970298329 0.0757311988018812 0.157434076501861 -0.0301366446331319
0.288287295516088 0.116792170399477 0.150068334643686 -0.00945177010650577
0.249909854140768 0.283767285952824 0.124498082773184 0.0317175162648569
0.0333458127523139 0.384892855142523 0.0668122945629117 0.0573472868016512
-0.214973099778736 0.303374266528202 0.017945831546699 0.0894582131727318
-0.424524867490477 -0.0148074165954568 -0.00274718517792835 0.098362098092731
-0.31961631381567 -0.383101368682814 0.0339551460898478 0.067686335152222
-0.0639033044997056 -0.510782534637518 0.0725955577855246 0.12630615389606
-0.0701701784087596 -0.36864130477515 -0.118187259471388 0.469001022122494
-0.293782716377837 -0.211215833135486 0.175963339726093 0.204823383183111
-0.300390114565552 0.0404313793051589 -0.0142504913959901 -0.00419569203420028
-0.126773486928816 0.238642041838409 -0.104171744700567 0.0750835286018202
0.0439706234569082 0.258055155277576 -0.00235965588110583 0.246782453890637
0.175259680895926 0.19255492241213 0.224043525284255 0.209443130336683
0.224939734736169 0.0960264775732478 0.278985482917537 0.0604438735155225
0.222000074994746 0.083612876428528 0.255711933348491 0.00311303200352687
0.199157659093144 0.115471991125985 0.237821749438872 0.0264732411956322
0.148731835560402 0.217468581731226 0.179974271809525 0.0796360030856097
-0.0173398847022592 0.250651705481987 0.0773912334834268 0.102677738377037
-0.157503995421893 0.148385139490291 0.0090185664567395 0.0805821857761277
-0.229624997027884 -0.045377102853131 0.0314144123746784 0.0987260388782759
-0.177769433347376 -0.241437606846977 0.0796696086345059 0.113843380024517
-0.0586960658505154 -0.328487330871511 0.0840315463383741 0.251453211899156
-0.0705461026937903 -0.182948420972607 -0.067654875986053 0.593241485242579
-0.165859411975031 -0.0852187578472498 0.24934798306176 0.25859628904671
-0.131843490904108 0.0339383319625635 0.0481267806719918 -0.00963291426194105
-0.0600818839016024 0.0975034727722818 -0.108054016135866 0.0535426273096416
0.00388578219101221 0.117144838194032 -0.0145924153952582 0.271489879718089
0.0706696933307355 0.104994332589531 0.250112683787781 0.260002582481661
0.105690327818534 0.0754018773395082 0.340353646301781 0.106898629373226
0.104789328710715 0.0798915636464284 0.315180170618564 0.0352944503658856
0.0870899117289291 0.0991114681510908 0.282583499653949 0.0567350009077248
0.0376522486542476 0.128720583898903 0.198001061133872 0.109036572886563
-0.0604651297588672 0.101956673049823 0.0697467852693614 0.120023398466574
-0.0918019647227087 0.00162073185120645 -0.00184623899254346 0.0527143377493628
-0.0396197697297061 -0.0592283828690734 0.0527342236515821 0.0799739238108137
-0.0401979210584762 -0.0832216164763361 0.0995736095044564 0.126949692746174
-0.04991477358095 -0.114884975395631 0.0900921883356777 0.310179326159519
0.0201067695272466 -0.056240439971079 -0.11125948020255 -0.381031866923946
-0.0637035425344445 -0.0464489241811625 -0.182715910205166 -0.135681129322022
-0.0826875769862733 0.0416127074408731 -0.0866679253429308 -0.0211849253982063
0.0232935110050149 0.0930926099452796 0.0179403400407577 0.00868191753237182
0.0714537149335213 0.0346764013417626 -0.00487292556672949 -0.118079330665202
0.0630579479761205 -0.0248322626325678 -0.174613932607921 -0.154206151336638
0.0304844384674642 -0.0623881876420532 -0.289367073690611 -0.0935882077559392
0.0191561534387157 -0.0658213705336742 -0.325733321862203 -0.0623465069874661
0.0242537184716514 -0.0558784214178734 -0.34602816073219 -0.109214190099687
0.0473192863335055 -0.01122791548972 -0.257092358096172 -0.224559226216255
0.0490585477198642 0.0287610328915032 -0.0504094686507653 -0.259475476893692
-0.00467881912851924 0.0593660400875124 0.0802992880704651 -0.073095681863025
-0.0743806048363042 -0.011161343166832 -0.0690246930323408 -0.0281276209498118
-0.000383084341081167 -0.0831969774781 -0.202334445135458 -0.209763449592167
0.0807840608305601 -0.0495045678093516 0.00662773794115735 -0.611313304333257
0.0159594399566897 -0.230823984009989 -0.139947983799643 -0.34426234083175
-0.14418409492461 -0.153303749485312 -0.183040587155789 -0.120007587402238
-0.186366045058784 0.0199706631287971 -0.115043844775437 -0.000499566657400924
-0.0360348731489346 0.168344233110803 0.0194473138187673 0.0391287433162805
0.0826469997467248 0.142534693953425 0.017167802318501 -0.0885017503605981
0.143611671127327 0.0613623672232203 -0.130034676244272 -0.146139751852364
0.146093327598629 -0.0261481018967556 -0.249907804278975 -0.109376632755144
0.151189600141065 -0.0424449015450441 -0.288884569029581 -0.0812228481713392
0.158723741795225 -0.0169762227836507 -0.307233183817152 -0.11432251557834
0.171370984179081 0.103572177855415 -0.227171916251471 -0.208041605512878
0.0779571237633829 0.201612144380844 -0.0441836588752029 -0.232475897555798
-0.0948474725083884 0.210861321610092 0.0645461910865225 -0.0401176758460911
-0.282107794476503 0.00148530442324032 -0.0929303960682106 -0.013655820756719
-0.168432754828869 -0.251137121987198 -0.201001864153713 -0.207758186923592
0.0340107976843695 -0.298615750812887 0.00994924728707546 -0.559630527155425
0.0054715132653185 -0.381592499261808 -0.168848585960897 -0.252060033879132
-0.224486801146078 -0.246478296189704 -0.166675195500912 -0.0872524385444201
-0.286739187719411 0.00319576526613165 -0.134476374547931 0.0121802147058588
-0.0965040592494253 0.24027242963092 0.00656970036341463 0.0565876535722004
0.0892175621720955 0.245608978014044 0.0231720088098359 -0.0449209449218738
0.211336733276128 0.144958860677771 -0.0725700900080661 -0.111283759966048
0.244426175240018 0.0145406843246005 -0.176371013441027 -0.105839345596298
0.2600580272095 -0.0126628031459476 -0.208367905090775 -0.087944150439069
0.268298588075483 0.0253855237139223 -0.219661249172648 -0.103993010380283
0.271053395085231 0.206963988288095 -0.16171121859593 -0.165440792048847
0.0970180472272446 0.352585382169814 -0.0294206100845034 -0.177910590631934
-0.176149872468778 0.341367296093651 0.0484508784076123 -0.0039027276656066
-0.460572151596968 0.014134618652328 -0.096651645184422 0.0101133841020816
-0.319308194759374 -0.390214581208515 -0.170267546498281 -0.169225117728153
-0.0119241220741667 -0.502865059967266 0.0210499472293697 -0.433251163556224
-0.0152364630328815 -0.491608245085421 -0.186849966304699 -0.103862035616163
-0.31140139285397 -0.31319734298189 -0.119503893309982 -0.0315481571177897
-0.382275725850813 0.00872318791859006 -0.135682992475413 0.0162368730561652
-0.145309442080098 0.314688329282252 -0.0191517188925285 0.0653451527160953
0.0970057262171583 0.333306071196485 0.0186106906018858 0.0198099493516175
0.261947693711052 0.212760659144515 4.62740408959891E-05 -0.0482630090375146
0.312746965013812 0.0532015798964589 -0.0717606726231989 -0.0831247184122291
0.327889696873857 0.0186474657594683 -0.0946803848411121 -0.0815159272877673
0.332294321192804 0.0645163860157033 -0.100357631146555 -0.0805544942163377
0.327364441452618 0.279718286806425 -0.0690465256099898 -0.103013319791571
0.104114383575674 0.451288122374908 -0.00171426288786233 -0.100628122549958
-0.229143627710107 0.424272570257042 0.0354180789731393 0.0353394732920203
-0.567670259803426 0.0273129856628811 -0.0772586008380415 0.041849213129277
-0.416598179525778 -0.469536433153953 -0.110771204598382 -0.0979497998165298
-0.0513559158812797 -0.622554182944009 0.0366826677472779 -0.254219085686532
-0.043901729257091 -0.536512203059978 -0.182406343788546 0.0870402071520693
-0.37459216830177 -0.332414699259967 -0.0319864424330547 0.0440347396384231
-0.440349088557386 0.0300036379244639 -0.11368598197997 0.014397696383157
-0.17096386067321 0.361996731489674 -0.052004359281223 0.0742801988332553
0.100382987920621 0.378998230241708 0.0134625033801694 0.102609640430784
0.282559981852455 0.24879752155447 0.0851684658170897 0.0364752821034148
0.337559752921453 0.0808644939963841 0.0522375021508589 -0.0444969639378864
0.346486893787135 0.0465224273034429 0.0341396117201813 -0.0627664831093017
0.339676411559516 0.0933282899050476 0.0310582438587481 -0.0492723068419274
0.326083232006687 0.303828037355071 0.0351194637026482 -0.033451610867275
0.0896890119855737 0.464614289112769 0.0342043010095036 -0.0136981427915939
-0.238354774847495 0.416256791772199 0.027450910988081 0.0715121945587153
-0.561163574095203 0.023460787639429 -0.0384601309856114 0.0739602429426902
-0.423893348674229 -0.463412221092507 -0.0320982392885718 -0.0100207469725577
-0.0738186901192817 -0.627538231123284 0.0577252897673843 -0.051147315061682
-0.0689186209232891 -0.496285845948022 -0.15145705961755 0.293773088058259
-0.378659040346245 -0.296426083978344 0.0789880263162693 0.127555742779972
-0.419096316126925 0.0486709775660731 -0.0706638643272883 0.00893666404202129
-0.163309212907605 0.34303493926567 -0.0825559774053547 0.0823747525565868
0.0881028494593155 0.356008883787862 0.0123673682729601 0.18836049243688
0.257864110271485 0.239768421431968 0.171628915512911 0.126168973461648
0.31014541288347 0.0924621408386901 0.177869616151001 0.00273642239285114
0.310517167776261 0.0658304886565665 0.157073192540686 -0.0354431732942048
0.293734117731271 0.109421616543163 0.150458156333582 -0.0144508475714621
0.263565154415651 0.277908899517905 0.125921219012444 0.0283058721681868
0.0477946080822904 0.389069638893177 0.0657771471194365 0.0583877432441432
-0.208805664583866 0.31156661695546 0.0209693463224693 0.0898023828649696
-0.431566402458736 -0.00347028650894779 0.00506411819055817 0.094922284159488
-0.335292375652259 -0.379456062416784 0.0397412453207815 0.0666055393309815
-0.0753788023470375 -0.520511187562605 0.0765577076495081 0.128500678754428
-0.0803821009000923 -0.373529956043705 -0.104666740658372 0.478768581267184
-0.303479199474134 -0.206902475218462 0.183875255746587 0.201358487672662
-0.305582081266138 0.0474178513263175 -0.0131433307422827 0.00205960591407971
-0.122883962929222 0.244674281475171 -0.101768916826263 0.0795807074243727
0.0526852803172427 0.260820954200879 0.00790613353518053 0.253304331165208
0.183379553857354 0.188697425043052 0.236907851054027 0.202267136971605
0.230186855736021 0.090062481676394 0.282370731968789 0.0522692421078787
0.226466191614284 0.0771652883283867 0.258012821177361 -0.00437028683348573
0.204523623132824 0.111408757891868 0.240202328204281 0.0190893345708994
0.158480502507408 0.21440687888615 0.183311640740507 0.0741225874353604
-0.00808723879890628 0.254880301842196 0.0790729494954093 0.102682619484554
-0.156381462324314 0.154942711098768 0.0107028094678668 0.0820765734256029
-0.235107303390525 -0.0399581342305275 0.0388460310611071 0.0945610072973287
-0.186242949379836 -0.239439600812832 0.0852620242286223 0.110990782815729
-0.0648499163864744 -0.334451544544905 0.0894985217400814 0.253770198515854
-0.0737992103376786 -0.184970850514 -0.052017563642128 0.603334808831192
-0.169005986786741 -0.0823738538249481 0.257768831550293 0.254584683978458
-0.134306901828235 0.0361805300265651 0.0487876311877078 -0.00636791965734095
-0.059681677467849 0.100551291302457 -0.106493334568757 0.0588956171841273
0.0072599527089866 0.119503293043406 -0.00350784981811083 0.2776392933103
0.0738856693275087 0.103921380872599 0.264221089251298 0.251231412365774
0.110075653205171 0.0735455259802192 0.347041516957235 0.0955030536811366
0.108608957941483 0.0772967622149234 0.319272382424988 0.0265782768089926
0.0921278636105246 0.0980843172623714 0.28634019629838 0.048078355468195
0.0432216370822362 0.128522507202531 0.202275441106022 0.103184516501315
-0.0580373462274968 0.10641605007176 0.0723470251378008 0.11932123909262
-0.0944957692500361 0.00523039366662414 -0.00208835236765709 0.0534597408579991
-0.0432204972297802 -0.0598476329318097 0.0589757343437903 0.0760024501321354
-0.0423378414699992 -0.0837106137774325 0.104887669574526 0.123052734281448
-0.0510129933592019 -0.116219014936463 0.0966211706306687 0.312732874048984
0.0160420149126681 -0.0565702284639207 -0.127804795470246 -0.378496035422037
-0.0657108833064073 -0.0413160633126592 -0.188479329782378 -0.125236815361946
-0.0793441967469988 0.0462382303920547 -0.0890161197178996 -0.0135477671747681
0.028767563776837 0.0901651339302634 0.0207063256193031 0.00837878792754148
0.0738256699608616 0.0294122124779037 -0.00856722431708089 -0.117734094392083
0.0615961293076888 -0.029593643163506 -0.181854597756648 -0.144145020753156
0.0259654428942208 -0.0645313371105681 -0.291851680505613 -0.0782694390550646
0.0144964944161668 -0.0666118539303129 -0.329395073082178 -0.0466208730341351
0.0194102414075536 -0.0571521813113034 -0.351328687417044 -0.089185974697727
0.0466243677604697 -0.0140997973913963 -0.269615750686248 -0.209455685485523
0.0512989987380699 0.0240264376079973 -0.065849731916507 -0.257219692348251
-0.000335823762514424 0.0582553229268477 0.0764178109610732 -0.0804584087895873
-0.0740936023267783 -0.00613684342729335 -0.0703188227627971 -0.0260603381499521
-0.00526368696909549 -0.0822289702342914 -0.207442932082676 -0.199850779986873
0.0769794771417996 -0.0545326349181423 -0.0190735298838929 -0.612602777170562
0.00248142850319593 -0.231776672167447 -0.153607984283281 -0.341262800396337
-0.150848715671492 -0.144340894947367 -0.187800986515728 -0.110527001349294
-0.184675897050271 0.0300460400083659 -0.114885705935669 0.00848594605009344
-0.0262251641151154 0.167811640484763 0.0232386106601293 0.0375895391272228
0.0912167077806687 0.136441464538473 0.0153742832581367 -0.0888815556411998
0.145672170211561 0.0519625236891561 -0.136500768355052 -0.138213439618558
0.142513924332479 -0.034538142265299 -0.254569239064722 -0.0945930048344595
0.146804910967116 -0.0505620441439784 -0.293790342827322 -0.0673423434674918
0.155034737746882 -0.0244810744619253 -0.311244489170873 -0.0973764027210534
0.177487783222493 0.0937697522729694 -0.239069148784519 -0.195153725253944
0.0895944114268771 0.195935313905277 -0.0597129016713981 -0.228541563417998
-0.083583491981245 0.213964657599059 0.0641991036766617 -0.0464035914809954
-0.282080965664087 0.0163259493418946 -0.0921422201188454 -0.012018347235622
-0.182054126902529 -0.243021964865758 -0.204333953755111 -0.197355473834326
0.0188042046526473 -0.304001338818832 -0.0141005245912967 -0.560146813972155
-0.0153355659597711 -0.383371956027078 -0.17764646586895 -0.247970374372646
-0.236616581855227 -0.23457932229592 -0.169975282626084 -0.0795274644697196
-0.287114290533064 0.0180786820376398 -0.132434850051529 0.0226991589150465
-0.083438960922025 0.243117758513412 0.0112883753773863 0.054882744847344
0.102486267353491 0.238639773760828 0.0240487179545391 -0.0448523613099595
0.217381604866898 0.131876216355883 -0.0773029444202478 -0.107195996325022
0.243140345616292 0.00136986164257418 -0.181586238588567 -0.0949795938498753
0.256791518317535 -0.0260419099416009 -0.213388087055399 -0.0777799067812266
0.266096514062948 0.0124663137259379 -0.224146208836368 -0.0911243474690826
0.282772535539227 0.19115636468634 -0.171189178706879 -0.1555048142515
0.116612704767503 0.347073237160738 -0.0412107179181017 -0.173882501653914
-0.158687963548745 0.348568774752487 0.0501902431263078 -0.00828683070819103
-0.460839871033273 0.0378547964966612 -0.0936932035538146 0.0108841097866002
-0.338042402500133 -0.375731731577825 -0.171982135868258 -0.160872500552396
-0.03786194327507 -0.509276583968111 0.00226604336258901 -0.434927106848093
-0.0405266005484129 -0.493414670031185 -0.187908507053223 -0.0992531643550142
-0.326162656376446 -0.296276171849834 -0.11901908919796 -0.0271929281108716
-0.384136496879469 0.0267806021474899 -0.13301037434314 0.0282065674745649
-0.130615303231223 0.320643978466926 -0.0143312035498156 0.0647732290785348
0.115533929792471 0.326880676047242 0.0237745342044776 0.0204732296781201
0.272177664930114 0.196547243316816 -0.00112065659563485 -0.0483828659179945
0.313173515701346 0.0363258735108269 -0.076608997858516 -0.0772632849645682
0.327173453144699 0.000790054508971101 -0.100231313474605 -0.0769891801865975
0.332339992660837 0.0485778632445199 -0.103859705423091 -0.074550912762215
0.342341372920684 0.259555265922552 -0.0742948281201277 -0.0982892342694566
0.129428863740953 0.444831623516285 -0.00974383119816538 -0.0974419292717204
-0.208591154183483 0.433555045972312 0.0397053199201486 0.0318393256146185
-0.567625993302975 0.0559988304192828 -0.0718602656802853 0.0407410857660071
-0.440885203183663 -0.450313711614094 -0.110074534396042 -0.0927152749589474
-0.0815145162694631 -0.626628297169868 0.0273598557188647 -0.253704839613583
-0.0698982122081016 -0.537859445452923 -0.174473793070729 0.0921491415242847
-0.390808369009781 -0.315324294943322 -0.0297735882306333 0.04456162085191
-0.443225415584463 0.0509850152769017 -0.109678868801335 0.0256804684103926
-0.153803073555882 0.369421261254711 -0.0470931611953628 0.0759193042951248
0.12125825147019 0.372637573487948 0.0231283106194728 0.104306514110383
0.294665075607405 0.232565430692502 0.0896314839127732 0.0302138628111662
0.340281094269942 0.0630328770618247 0.0484564264322208 -0.046231289941369
0.346236148607583 0.0281982991620611 0.0297304905475387 -0.0642665032194872
0.341811387443387 0.0774912091792029 0.0282278574319558 -0.0495974421728409
0.342087614673301 0.286115620961371 0.0329144163669699 -0.0348582382912253
0.114457318031472 0.46044242997201 0.030463593783833 -0.0127323743224498
-0.218982013070641 0.427559168045068 0.0325001064741699 0.0689546825433761
-0.561290591954381 0.0518219615326074 -0.0309921354657438 0.070870664576222
-0.447683431845242 -0.444463652750393 -0.0280198171094687 -0.00875200820199496
-0.104079067980126 -0.630798121092469 0.0567103332714255 -0.0519428463466639
-0.092863193867769 -0.496932461339099 -0.134807036309928 0.299631804158377
-0.392268859877448 -0.277357403361439 0.0854758922410492 0.122114380025852
-0.420041144091815 0.0680286901302941 -0.0665441875790001 0.0176415729762179
-0.147216119016437 0.350010402776274 -0.0777789086895441 0.0859369382956771
0.106001294965431 0.351621084409324 0.0259078674621651 0.190510232545801
0.269640728174567 0.224810916451752 0.180918258652964 0.114401190875921
0.313989778989818 0.0768562280410971 0.176427394835686 -0.00539466616034412
0.312403303585042 0.0485739818543687 0.153911876089194 -0.0425425977125399
0.298042068250503 0.0949275440306793 0.149001326133177 -0.0216810788484048
0.278760229289305 0.262798869323108 0.126263699479873 0.0217565187244773
0.0691975132799312 0.386675279511092 0.0665340141828819 0.0577968361098873
-0.193718531490328 0.321194000574429 0.0266474373951108 0.0888294948287399
-0.432373717790073 0.01728901126443 0.0135886250878296 0.0892039217196364
-0.353354187042297 -0.364009589531965 0.0462685933503475 0.0635823140760559
-0.0976186779997452 -0.52346440751824 0.0821904532741266 0.127448536592966
-0.0968575500275107 -0.372099472646692 -0.0802185862921655 0.481673573705465
-0.310787405587104 -0.193279811428622 0.192017774625997 0.191405502129677
-0.30660860011639 0.0610276081692281 -0.0102994980576367 0.00701245639900526
-0.112459522840787 0.250519691790607 -0.0971451607345795 0.0853790826427225
0.065522160260337 0.259015276288944 0.0250144386597498 0.254429307738675
0.192274912040641 0.178107665979233 0.25033146231577 0.186458305485443
0.234783949596893 0.0784590790789483 0.283441616910168 0.0373123729761684
0.230744135086321 0.0641440707500767 0.256234022548443 -0.0172324611591966
0.210115944338367 0.101364689863498 0.238953364011724 0.00675204632646638
0.170702449513568 0.204665970170252 0.186250062966191 0.0638918113640809
0.00600869754542996 0.255780101869527 0.0813579921134538 0.100345827444847
-0.149819346612973 0.161414826370872 0.0143783424493159 0.0814914279912872
-0.237978978090046 -0.0289954911660786 0.0470588700717055 0.0872515828203341
-0.197983241275707 -0.231274101265334 0.0925653473352814 0.105312349117357
-0.0788762575729703 -0.334866812576188 0.100295548496239 0.251686057318149
-0.0806539200198546 -0.18301017613224 -0.0250739073574698 0.606255948129774
-0.171195062928591 -0.0755941593726399 0.267221593631245 0.242076971346924
-0.134699820181382 0.0410460041752391 0.0498722080547693 -0.00523562419112668
-0.0560712988032913 0.103304427656842 -0.103427000936099 0.0655046431461501
0.0126678077789464 0.120281148478372 0.0138343659795357 0.279855386211346
0.0786964702153057 0.0999490466778875 0.279992591536603 0.234555502302837
0.114195134772907 0.0684313126464885 0.350771491810641 0.0760039492255161
0.11408825359308 0.0711087953181799 0.319661875918976 0.0100897764606653
0.0981288499322283 0.0929199442485878 0.286291834210062 0.0328683939582625
0.0502021916546895 0.125680373767875 0.205275998439393 0.0921902852324325
-0.0519818770539616 0.11050236973524 0.0771303628029208 0.115833518019525
-0.0953778425017273 0.0104718434694631 -0.00108121856982512 0.0534174772681254
-0.0473001548281516 -0.0588923551665529 0.0651822205420168 0.0682131177108121
-0.0457632758724082 -0.0818422921236747 0.110581194488377 0.115983920003542
-0.0535153857840161 -0.115272844727814 0.10985560359073 0.309777985535558
0.0113874400295931 -0.0545804408191538 -0.140360406519345 -0.363963017303991
-0.0654388383288932 -0.0354939441062039 -0.188741710943261 -0.111112588497619
-0.0737414448016229 0.0496978027860765 -0.0881701264462648 -0.00576305387364489
0.0338903068677035 0.0847507632784737 0.0225450780408137 0.0075331308853672
0.0728843524146609 0.0230192663972417 -0.0122483790379284 -0.114357973654448
0.0575870319525197 -0.0326489998152304 -0.182453575753199 -0.129444545137324
0.0199593402561307 -0.0637525073943038 -0.285371994720408 -0.0598509947412845
0.00930612815150671 -0.0641959847293839 -0.32192088458738 -0.0297019540693766
0.0135667959278962 -0.0555928640641485 -0.344145619608812 -0.0680613243673856
0.0451001329421015 -0.0168370434658758 -0.2741220287338 -0.187861835129749
0.0519053030595754 0.0193243326124067 -0.0796663241513757 -0.24555339854361
0.00410245173841492 0.0554700821494549 0.070531832329991 -0.0842252757531942
-0.0711409614658123 -0.00102791163648547 -0.0690656378538713 -0.0236097606063386
-0.0100822041727721 -0.0780729476185651 -0.205686754091988 -0.184951009021341
0.0695831846904064 -0.0576802639116874 -0.0456251521102924 -0.593315485401664
-0.0104879725610282 -0.224567093338246 -0.163133803037345 -0.328629446038458
-0.153008690985011 -0.131645379214428 -0.186610949342214 -0.0976629109055012
-0.177348857465384 0.0391638891823353 -0.110946575666129 0.0173264031355408
-0.0157693752180384 0.162871628409451 0.0261871292683743 0.0349067059404015
0.095380040353785 0.125970452437492 0.0128924866391637 -0.0869861557714727
0.142867905263361 0.0414284385092092 -0.137912964162568 -0.127136155761499
0.134941845596133 -0.0410062207617787 -0.251164657383077 -0.077443478967743
0.137605279610251 -0.0557200500690355 -0.288502003346094 -0.0509777333707807
0.147072675447285 -0.0305469489600561 -0.306497876263497 -0.0764219264797425
0.177017413617081 0.0808890479453765 -0.242450416938072 -0.175733316982912
0.0982482699862689 0.185117158368793 -0.0715989761216651 -0.218391331738324
-0.0702403531508435 0.210158723438932 0.0604577523464013 -0.0511885995185066
-0.27270689604373 0.0307332311001115 -0.089067922255723 -0.0101447183606782
-0.189690291942717 -0.226828172649074 -0.201901029146617 -0.182554807861414
0.00195238825920126 -0.299046503125294 -0.0380464843557472 -0.543794787210053
-0.0345940810794789 -0.370675744753127 -0.180627110250177 -0.237699901321078
-0.240340961464946 -0.214450877165479 -0.166870671325967 -0.0695583937935756
-0.278161180280973 0.0336147250605967 -0.126095760376801 0.0324041652081428
-0.0675463717316574 0.238698424169775 0.0142826348174423 0.051895820548989
0.11206832381476 0.224699348377635 0.02404892161225 -0.0441996553064766
0.216863294501446 0.114461185574404 -0.0791120392184221 -0.100311465619207
0.233606628127332 -0.0115042573975333 -0.180538614895861 -0.0808698196481767
0.246353741874894 -0.038769986600071 -0.211735142940749 -0.0649688381282979
0.256932592582596 0.000221632758926972 -0.221673885251837 -0.0764519760800399
0.284934529902918 0.170549243857195 -0.173998220371773 -0.141410327067381
0.133116024809747 0.32993803790794 -0.051402628364616 -0.164948062481214
-0.137553680808606 0.343940536852209 0.0503826125341917 -0.0137600362567448
-0.445270692440131 0.0604339688117042 -0.0883087453669816 0.0117540354685296
-0.349708912285186 -0.349413115992714 -0.168619888943594 -0.149253892377801
-0.0618568683008289 -0.497714001590512 -0.0157374987579636 -0.423119507191516
-0.0649268798282434 -0.478361141826841 -0.183571925476688 -0.0924728077057106
-0.329522301274314 -0.272020036274376 -0.116396154023425 -0.0219776324570772
-0.373404801405461 0.0471706289579442 -0.124839552981456 0.037518577106894
-0.109389643170887 0.316094006189974 -0.0101879444892787 0.0633668710636892
0.128862947744129 0.309500784754161 0.0281005544972258 0.0196746674062339
0.273367847600162 0.175015116008707 -0.00188052197682182 -0.048633285477361
0.304712273322801 0.0184827570733291 -0.0787614575286804 -0.0703445272383817
0.315314237071292 -0.0162881768017465 -0.102179272805125 -0.0699218530603282
0.322357943341303 0.0315998727611541 -0.104883586261222 -0.0661738258242998
0.347547719119412 0.233896786162818 -0.078185953069479 -0.0908332211628879
0.150334413230249 0.424724229993884 -0.0173516258754198 -0.0907012536105202
-0.182170759894676 0.429516033632343 0.0415594392001069 0.027189907943927
-0.550217443037494 0.0823518202604072 -0.0651741829079738 0.0387838457473569
-0.451997099196856 -0.416190635870885 -0.105169780989012 -0.0858560115323441
-0.109895267461486 -0.61091836293018 0.0161102758303777 -0.247240175811811
-0.0952628528141553 -0.521875724991141 -0.16210577182487 0.0943577188218411
-0.394215177056414 -0.286949009302576 -0.0257363495310553 0.042664081195938
-0.429708269654323 0.0717691853756122 -0.10214433971503 0.0341381221659604
-0.130985794790039 0.36634469694699 -0.0417641951853278 0.0755059314223767
0.136639334353925 0.355355287681636 0.0316081722282211 0.101754638639199
0.297224872024867 0.208507111336798 0.0905116332334302 0.0226129898741151
0.332456218107159 0.0425910728722105 0.0433647359524074 -0.0463097380712299
0.335738374202108 0.00883314376754593 0.0235245321344314 -0.063416822680526
0.333835379900982 0.0589138171156143 0.0247040714773375 -0.048863165985301
0.348125863237908 0.258021676828881 0.0292314103747535 -0.0350331213270449
0.137909050595039 0.441189157930186 0.0271444580304414 -0.01045607287194
-0.191163999110738 0.423302393972386 0.036190470733515 0.0641404633433608
-0.54304152173666 0.0769913669062274 -0.0240539144569369 0.064830590419741
-0.458491473227424 -0.411574722474468 -0.023076670525594 -0.00883662743135345
-0.131786704305374 -0.61366911450444 0.0539657508946804 -0.0509084672073541
-0.113553647281413 -0.481191103345125 -0.115081821932787 0.294519309815866
-0.394137301226287 -0.252486228265416 0.0887593753630934 0.1130706211594
-0.407843789727775 0.0862547831745488 -0.0604120489108229 0.0243216687242196
-0.127263436287381 0.34737601123118 -0.0708556574616444 0.0871045284648512
0.121617645792324 0.335980253053297 0.0392769539653332 0.18577975600867
0.272662294844241 0.203618145689301 0.184251008267071 0.0982992291451168
0.308413801993566 0.0577268375593993 0.169495247890916 -0.0141389287533711
0.304487072313611 0.0307089456643487 0.14608170210494 -0.0487268873029252
0.293028174574608 0.0783207116185657 0.142810271469399 -0.0286553213087204
0.284333834820685 0.238664445394586 0.123015827149348 0.0146545213404823
0.0886121370574664 0.371550716659227 0.0651445611586187 0.0552066463965206
-0.173329922296703 0.320458900797425 0.030318588592551 0.0840006671073138
-0.420164849689255 0.0368409445805591 0.0201147461237357 0.0806248679360576
-0.361147889870428 -0.336168557238305 0.0508031173125861 0.0579614193521777
-0.121067891650177 -0.507518609831562 0.0866980604214413 0.122000235346811
-0.110226590184561 -0.358743044055095 -0.0554651008392937 0.471081117919337
-0.311305219724338 -0.174253465718997 0.194237304094823 0.176079774475341
-0.296951639202265 0.0737835900493141 -0.00682569282873589 0.0109500514290026
-0.0980164450837612 0.249592770233331 -0.0903564889719959 0.0877371042455229
0.0764619489408704 0.248563605560052 0.0415118971151038 0.248186753205238
0.194612404958513 0.162097652163174 0.254144609001184 0.1648926608993
0.231459597205633 0.06423911423475 0.274781940164749 0.0211871226814044
0.226460755772456 0.0501689777968722 0.246605913714537 -0.0290874028702288
0.209110317693046 0.0881639294135607 0.230798780657625 -0.00543318650677649
0.176479732168719 0.188686936358406 0.182468399182768 0.0525643126754305
0.0197702010493355 0.248093719775725 0.0824519097658117 0.0943849878466092
-0.13843473843893 0.164345898051875 0.0178243317462947 0.0781181813206324
-0.233124646441065 -0.017158663559391 0.0523791055409401 0.0774415996406653
-0.203420983755129 -0.216027881761719 0.096142381323804 0.0962291748827122
-0.0913195481534927 -0.324203417233859 0.109059809428294 0.241737834792733
-0.0848025266768646 -0.174766876901784 0.00492289239518798 0.591499316940635
-0.169029979651875 -0.0667794096087514 0.268261519645954 0.222454322947421
-0.1307984418303 0.04540440278648 0.050076455765716 -0.00439023361923037
-0.0506790215774321 0.103939569680566 -0.0971102827898452 0.0703870570154502
0.0178875086087266 0.11692816058918 0.030776547290256 0.272804848959151
0.080920494866989 0.0933782893458447 0.28592447812139 0.211191770655808
0.114324274818793 0.0606802341047397 0.342765143860474 0.0547097744651321
0.114599957260972 0.0623639971132096 0.310316444244605 -0.00502566610153694
0.101021770521764 0.0849993157338494 0.277458629428865 0.017953498714363
0.0558959409117773 0.118707136527632 0.202252666753249 0.0782698192114876
-0.0447208421771763 0.110727522988944 0.078326660835272 0.109089496811414
-0.0933687982999452 0.0159973043016863 0.000402831718847394 0.0526719672585786
-0.0502512676794531 -0.0559572079454259 0.0690584996080328 0.0589285300074749
-0.0479640182772276 -0.0784091748310333 0.112660621756338 0.106090397514374
-0.0550786054622432 -0.110717224942796 0.11978535871038 0.296915107257376
0.000477017157194932 -0.0552558588032281 -0.175016547637666 -0.326973145035384
-0.0666583764902309 -0.0252935378236803 -0.188643691973148 -0.0809960759052642
-0.0634403308774355 0.0558856343029614 -0.0809605570732438 0.00651861657991105
0.0412371941722674 0.0743477503843463 0.0251429640201998 0.000263263182079786
0.071141471140229 0.0122587770533538 -0.0264263529133236 -0.110755402770028
0.0486617380378676 -0.037684079210243 -0.188596877431107 -0.101597283664955
0.00930204822183746 -0.0610375956261786 -0.280656877488737 -0.0252373460459225
0.000109721121200303 -0.0604178856624047 -0.306230575172511 0.00920447733477058
0.0057761747331414 -0.0520204169440245 -0.332486462704183 -0.0250011530506233
0.0410078559383683 -0.0198757610885406 -0.281376267291972 -0.143575888455197
0.0504123907611853 0.0127354015337957 -0.103874684460657 -0.224657169937768
0.00966701247057891 0.0496305053946504 0.058378813788542 -0.0903691383304293
-0.0655100647591717 0.00997228813987411 -0.0701905456563874 -0.0140068500599321
-0.0198621297894542 -0.0665301156507658 -0.214790406141225 -0.154607094899281
0.0473982335883965 -0.0617379479482602 -0.109101782337058 -0.562687366910733
-0.0424636718287463 -0.217545707272864 -0.187377044726854 -0.276625858281177
-0.158989067309115 -0.107172657630168 -0.181174873076849 -0.0662208990287862
-0.162750871242418 0.0584085629414963 -0.0941883894654408 0.031466078905619
0.00239674515032952 0.152414225454274 0.0339185673844087 0.0247610054872633
0.10295110673813 0.106349774935749 0.00318804874663846 -0.09150270970218
0.137799365330058 0.0226857924792319 -0.146121123383988 -0.109057899766387
0.118877859693431 -0.0516828078949167 -0.248564561633346 -0.0487347562744833
0.121817738618908 -0.0674517247442048 -0.277686036708115 -0.0148543552748483
0.133577902530784 -0.0435368265176004 -0.295913741388024 -0.0394571256388184
0.175203398702505 0.0548207301086923 -0.245953704775077 -0.136697768344735
0.11383782558192 0.162106651770752 -0.0882799543068088 -0.198401030778809
-0.043141119823197 0.201862969341953 0.0567464403885449 -0.0536915103197669
-0.249763472945804 0.0643091685350323 -0.089730298899723 0.00664403938659974
-0.202641567282231 -0.18411608706377 -0.220580814377439 -0.154614644168533
-0.0452442563142907 -0.27769626300717 -0.095220436669554 -0.522182388562565
-0.0853578548152087 -0.356907325767936 -0.188588929655892 -0.176569410053019
-0.25043219125012 -0.176904404328015 -0.157137487160048 -0.0400637922315888
-0.258680066623183 0.0641626284718843 -0.101915924213361 0.0486524862663153
-0.0390517940445486 0.228421075635307 0.0276274621478459 0.0405898530535951
0.129431478261601 0.197802398146346 0.0216326069479166 -0.0557140904761607
0.214557997035523 0.0837264355274969 -0.0865214975651443 -0.0952997612899424
0.214835957688726 -0.0351717227285676 -0.181107730195217 -0.0633585639924674
0.225483572743833 -0.0639860212542537 -0.20727040724473 -0.0382220502489179
0.240014506398977 -0.0270231682638357 -0.213921514282124 -0.0496778237174253
0.285788171556068 0.12519282137411 -0.174494024245491 -0.113323235860774
0.163996451384883 0.292887824685115 -0.0589786262141317 -0.149240671526162
-0.0915717436436964 0.334176926075015 0.0536470931249057 -0.0133560951391117
-0.408062632506124 0.112388748073835 -0.0898723222091777 0.0309711066526944
-0.364090840647008 -0.279964985445188 -0.194274325751904 -0.127178267639661
-0.128045231616422 -0.454602182315428 -0.0613223996542883 -0.414800431612746
-0.127537284407643 -0.45645245380825 -0.170225803334343 -0.0306533664209621
-0.341153198435771 -0.221252966911495 -0.100630869852215 0.000523233415399997
-0.347504937794403 0.0883828984695823 -0.0949146478321293 0.0534171634250391
-0.0717673868748121 0.306936004702245 0.00823624726047292 0.0530238341921124
0.155039319892284 0.276271633877842 0.0349577125723363 0.00130925624067338
0.275059556325616 0.13456682447166 -0.00681713751194226 -0.0591833942278908
0.284641494823135 -0.0149779857491444 -0.0818334038295223 -0.0662583315491508
0.293485559295686 -0.0508493104292581 -0.10453497878647 -0.0550640766345929
0.305697190901667 -0.00598516989393109 -0.101207112173577 -0.0538848813014271
0.351108798482421 0.175719707207721 -0.074844665192078 -0.0773268627902098
0.193859472170215 0.380009634291895 -0.0156140712716593 -0.0830796640430144
-0.123337219231035 0.41925143863694 0.0520061080912896 0.0284095190853986
-0.504391611110938 0.146217924537982 -0.0659481820824154 0.0566405469662241
-0.466491311734923 -0.332891987180805 -0.133465396845774 -0.0746767448254917
-0.183311727548694 -0.554400891836256 -0.0121965366704159 -0.255574821416382
-0.160961370109986 -0.494754098009028 -0.124913100727057 0.147953625205719
-0.40364447378025 -0.230798080052441 -0.005657496562618 0.0515945729024468
-0.399793419231759 0.117383545553874 -0.0696843245787922 0.0472640355284218
-0.0866198062109956 0.356053873715036 -0.0179365682892505 0.0678885997347886
0.167832323614635 0.3183321299756 0.0503768553701543 0.0772464750370698
0.302329698951315 0.163649216179357 0.0894902476822395 -0.0055421526888148
0.314531700735848 0.00494257244253112 0.0385611159428975 -0.0582716626141177
0.315442970674397 -0.0305452290085779 0.0146733476444003 -0.0632222100027705
0.320476283099219 0.0174739277720123 0.0228220876868595 -0.0525496433933068
0.355312997485413 0.198542180716012 0.0333841590257363 -0.0373487503136961
0.182102871357803 0.395442224788278 0.035026420965227 -0.0108480240619317
-0.132028891864038 0.414234436270578 0.050816350804266 0.0658671991300408
-0.498300060679577 0.140307382746108 -0.0236626862742502 0.0761361521693987
-0.470125428208489 -0.327997899933247 -0.0481077338736526 -0.0118397829914797
-0.199049473869514 -0.55445707919253 0.0446958002526459 -0.0726765420814383
-0.170642734549858 -0.452051825878481 -0.0562001315134409 0.329505958700413
-0.39778392257688 -0.199013556952273 0.109815724600733 0.103357793841623
-0.378820332509379 0.127769935144767 -0.0318248101555212 0.0321082606168576
-0.0852465877158128 0.338824271210024 -0.0445538477508162 0.0841052314903745
0.150382737090906 0.304153308450745 0.0682900462764727 0.157625270860112
0.278331901941449 0.161341736290636 0.186490471722886 0.0571859139262096
0.294472449716371 0.0211855994701527 0.162652798421985 -0.0418878413700988
0.289299058039533 -0.00644544423765653 0.131947941208466 -0.0632851130192426
0.284454818828794 0.0406377496492531 0.135692207221892 -0.0458569060216535
0.292892011191681 0.188000000836114 0.125937447598478 -0.00167863379275747
0.129181519038778 0.336193390184089 0.0766758476560125 0.0477844222237977
-0.127390004887099 0.316436675379491 0.0448797858633413 0.0842402126757565
-0.387177756694232 0.0870087681673656 0.0215221831420668 0.0812503610530864
-0.373334088020457 -0.270648233417754 0.0348474919720104 0.0426149798663436
-0.175437886899465 -0.458286483183015 0.0954779572897571 0.0921628863576177
-0.150285216152558 -0.333907028874105 0.0172267326328723 0.4803935932734
-0.310802850454723 -0.134183651221279 0.213521208235637 0.14875534132483
-0.275351339390638 0.10237140840259 0.0118407875495799 0.0123100726949929
-0.0685903651650698 0.245075773802264 -0.0660241588311263 0.0906803141538636
0.0983324313112216 0.226967903854517 0.0763515658320926 0.220841800111471
0.201220607139041 0.131901388336942 0.262685068158331 0.113955491758513
0.224591513845549 0.0346486920236805 0.268061001703368 -0.0184560261612481
0.21844971025839 0.0204246059240179 0.228961274274561 -0.0557495388089328
0.20725603046205 0.0580727572457316 0.220466719875185 -0.0327655387119417
0.185587832491355 0.154049272770601 0.183292804822181 0.0271851360390022
0.0490165918266521 0.229091552992992 0.0939968097305398 0.082677338241993
-0.111234495361145 0.16778198161238 0.0280788866263987 0.0777680296541907
-0.219979444219806 0.011803836209235 0.0539374293320625 0.0688205460122092
-0.211700674108853 -0.178763272320918 0.0889300720887874 0.0739060851860841
-0.12058856953505 -0.29175496262464 0.130197743972527 0.209627082305936
-0.0999910562711079 -0.157356786400269 0.0820334341293532 0.574752149396865
-0.163838235629838 -0.047465712141714 0.283379259145279 0.180902778717494
-0.120316337052713 0.0564563621656972 0.0554709241450768 -0.00962946340882426
-0.0386581137019758 0.103678915454592 -0.0790652366474457 0.0790606294799149
0.0288774951286047 0.109461882879278 0.0681671159235231 0.251553246259972
0.0867216830342602 0.0799638612221258 0.297832980953671 0.159288084396131
0.115962215087997 0.044452714848957 0.336066733609284 0.00935562827339302
0.115194940094042 0.0451030532927547 0.291558637185195 -0.0408163431374739
0.105017235207024 0.0666145432331793 0.265060692819664 -0.0146437832172388
0.0645230187611425 0.102660670342971 0.201336130727032 0.0500312386942049
-0.0279505285649599 0.108615787970093 0.0873653200412922 0.0958092673607686
-0.0854897450383388 0.0256670118894171 0.00469202134252023 0.0530220168418585
-0.0551080692871941 -0.0476215978571027 0.0701659075945136 0.0440591708259761
-0.0517882841092803 -0.0694638973136086 0.11461512484108 0.0830786170967862
-0.0588150686894421 -0.0978318417194045 0.14579789343182 0.267486105792799
0.000363797161245058 -0.0515290326081196 -0.162312510876041 -0.317343510280507
-0.062642343246926 -0.0232928903539197 -0.177910448919566 -0.0788342807383586
-0.0601240249561807 0.0528964733116136 -0.0772207464915085 0.00824413260712704
0.0389019163992188 0.0700672121721864 0.0256712808855084 0.000806887140016753
0.0675038157661328 0.0117153281301352 -0.0219928547394868 -0.106724809425834
0.0464315900144378 -0.0360482001994159 -0.177205306672955 -0.098765198036079
0.00836753782550211 -0.0575663073457612 -0.26539864025798 -0.0267007212201893
0.000573767272616542 -0.0563951661883862 -0.292736777737441 0.00455013142202114
0.00550388259868693 -0.0482064523303596 -0.316485679940305 -0.0277880415013404
0.0396818120168002 -0.0194853159185231 -0.267690772483753 -0.138888249707403
0.0478443471567416 0.011529629006795 -0.0983506115602224 -0.214767299361992
0.00857222263546752 0.0463712129954528 0.0559112288266771 -0.088063822779476
-0.0615540930942567 0.00994506166898941 -0.0669751624247006 -0.0156200611479516
-0.0184373644024318 -0.0625997630577314 -0.197635403353058 -0.152071937507466
0.0441193993815423 -0.0578971097665834 -0.0937571332678296 -0.539981107454553
-0.0389893884805178 -0.206977509638913 -0.17332293942392 -0.270707933640812
-0.14960997719135 -0.102665206468391 -0.170570786413404 -0.06591975246467
-0.154506926220873 0.0541965953199078 -0.0895615003023875 0.0315850405936434
0.000813829485998706 0.143414967599662 0.0331265727024221 0.0236634431959738
0.0967434147906656 0.101195608797514 0.00600553710509669 -0.0882831058160246
0.129616589469906 0.0220217745095767 -0.137240387962144 -0.105969994627749
0.112093255556162 -0.0475851544582045 -0.234592524404843 -0.0492405722381276
0.116075196838165 -0.0621541168066026 -0.266376218687158 -0.0181335644336674
0.127060459966614 -0.0381596508351194 -0.281315638726327 -0.0414885422422619
0.166873433345294 0.0538503616092793 -0.233698727271024 -0.132133767299963
0.107089273062581 0.154651298473039 -0.0836795769667032 -0.188684552023671
-0.0437830756042915 0.190698581938011 0.0551152269720121 -0.0538042532982357
-0.238490823272953 0.0585726078836963 -0.085914150707855 0.00261206110955106
-0.191534606712888 -0.178009111950943 -0.202721803709231 -0.152339018827081
-0.0412147418504552 -0.266124934720613 -0.0817712806848347 -0.502180677927575
-0.0778292304675118 -0.341146020249418 -0.176231639576733 -0.176108291154921
-0.235605413675891 -0.170881307828893 -0.147358040178005 -0.0416733817748653
-0.247070161578309 0.0586708936444949 -0.0961243523741306 0.047700826627461
-0.0392123392850603 0.215402416153592 0.0264790936152555 0.0389282775921135
0.121393629147751 0.188532824229155 0.0244981920534835 -0.0538939084794417
0.202931560677722 0.0811630215557719 -0.080158986568605 -0.0931144435560143
0.203753529401 -0.0311351565129321 -0.172206499299165 -0.0613777582382284
0.214214296785178 -0.0586244019969177 -0.198700718072826 -0.0386200053812922
0.228825832432295 -0.0208279183851734 -0.202624020828193 -0.0499615817291698
0.271254312349355 0.122128800816372 -0.164960061319074 -0.109048052724414
0.153906681473686 0.280635808003862 -0.0557301311970453 -0.141058410427493
-0.0920533377962857 0.316425785949482 0.0518320663948698 -0.0150819280200317
-0.390598476388515 0.102384231578081 -0.0857235469318146 0.0248633798027956
-0.345178583020441 -0.272239330161478 -0.177880120279493 -0.125987003245854
-0.117037808241372 -0.437495655668695 -0.0503598466716704 -0.397865460813281
-0.116441931495342 -0.438808786438851 -0.161106132661878 -0.0362974253108126
-0.322153794875714 -0.216183258158295 -0.0948984647066353 -0.00310635402370636
-0.332910117827367 0.080328897430021 -0.0885801505231212 0.0526494558352326
-0.070732132998043 0.289760823717388 0.00733386800714784 0.0509240860307188
0.144284989726494 0.264347147727295 0.0365446029662076 0.0014326940864852
0.259438330860182 0.130744992347467 -0.00492259678214774 -0.0585718051494389
0.269868256286787 -0.0107611532466501 -0.0778214126092011 -0.062808747601854
0.278763327182152 -0.0454153426125068 -0.100378862147916 -0.0529604911692984
0.291535296385322 0.000453463762672304 -0.0955963732280422 -0.052418207293189
0.334069968309045 0.171279929762652 -0.0710075534985265 -0.0737097632569418
0.180849657289513 0.363724335103553 -0.015629104191271 -0.0761772572341407
-0.12409795197231 0.396230734246519 0.0501077837181639 0.0261052294615054
-0.482711969848094 0.132539290145773 -0.0633811015612199 0.0486112845821347
-0.439402268441959 -0.32437769465786 -0.12193875597192 -0.0761762080534454
-0.168036087005773 -0.534324387728306 -0.0061898568210884 -0.243876155137056
-0.146799979840104 -0.474955771426156 -0.120136313107053 0.135068735557819
-0.379871951440682 -0.225669444032821 -0.00528665415467916 0.0464182715126929
-0.383879697946428 0.108199599643357 -0.0635872775812742 0.0464077736984823
-0.0864655606492278 0.337810393831445 -0.0184816958914819 0.0647428751380609
0.156171191270382 0.305928771024213 0.05173991918037 0.0738925590713
0.285006463689309 0.159670391560577 0.0864564232145526 -0.00672264285063718
0.298762217169512 0.00774290931994551 0.0362373957345942 -0.0540240839554011
0.299578782399896 -0.0256468596543967 0.0142477961300749 -0.0595065958809055
0.305070154934372 0.0231093071846419 0.0219394297812424 -0.0493164524014688
0.336500426786297 0.193358525018656 0.0320825174622858 -0.0345544395604323
0.170752962695034 0.377730978317883 0.0325747859327426 -0.00664264476736238
-0.132994294872048 0.39252162155686 0.0483134806836483 0.0614327668666804
-0.475333566822914 0.1262763333689 -0.0229944403709984 0.0670523188372205
-0.446351712308356 -0.321466436952607 -0.0417248992606823 -0.013873856556068
-0.184337946527529 -0.535203079666714 0.0452961595739805 -0.0684543629420215
-0.158548461608053 -0.436096821128966 -0.0579545062296779 0.311565636679441
-0.377562054408323 -0.196720233160305 0.103238321945156 0.0987339209111041
-0.36458800532568 0.118378373488945 -0.0277483736657606 0.0318215059507505
-0.0865684297708129 0.322110915260734 -0.0442790373102837 0.0807643431277396
0.139825487911752 0.290947526469716 0.0676479365684871 0.152463096175777
0.262977404801694 0.157476548460752 0.178348950968793 0.0531361708610313
0.279785005623595 0.0234343685595141 0.153412439143865 -0.0366180362624457
0.274465074232891 -0.00282101697775968 0.12579080867744 -0.058502715848512
0.270655034864535 0.0431947870760622 0.129762061119229 -0.0415607803346551
0.277566251964987 0.181826154413551 0.119449285813716 0.000182595770145518
0.120292028222097 0.32108857973155 0.0715877836864862 0.04856542245298
-0.126064398392621 0.299201259415032 0.0413454272153279 0.0798853988467772
-0.370544774965274 0.0771776895071225 0.0205101104839214 0.072579201520141
-0.353188246791321 -0.264348497610564 0.0348453385847553 0.0391353444954108
-0.161177418023686 -0.442981419715753 0.0907588466091027 0.090384821146029
-0.13679053184687 -0.322227158597503 0.0104437246839686 0.459090053810101
-0.294516163106812 -0.133800422475938 0.20033120115042 0.144301511510442
-0.265801804905013 0.0941815846242407 0.0139725081701823 0.0134307829755111
-0.0693389496965706 0.233272386992085 -0.0646830343434839 0.087331672221448
0.0907876883573831 0.217704636659874 0.0743628375891491 0.213236034601099
0.189428114744718 0.128827518904213 0.249604853503717 0.109394805174444
0.213566546686151 0.0355014507541682 0.25373746676465 -0.0144209864979369
0.207627395975782 0.0218760668462269 0.218684055133167 -0.0499849317074229
0.19696557111332 0.0574576060154392 0.208921786295611 -0.0278484487417499
0.175488807586385 0.148243552676064 0.173265406092512 0.0281126998989254
0.044909360231236 0.219192210498134 0.0873152385077633 0.0813096356706265
-0.108876572117628 0.158077693248632 0.025470460231317 0.0745839885627466
-0.210117927668079 0.00754376337463978 0.051390027577918 0.0613958241314551
-0.199947480832516 -0.173909465259582 0.0847414469464017 0.0703441279093467
-0.109622677927454 -0.281874735131403 0.120964288712739 0.20222827367405
-0.0911413159788048 -0.153670733683109 0.0686386948084142 0.550131986169084
-0.155125079904785 -0.0494188541685771 0.26512824371365 0.176669776708704
-0.116699128679852 0.0518289308440185 0.0545325297509746 -0.00752854436113588
-0.0389681692781117 0.0989509941150498 -0.0762115574000928 0.0759209869952508
0.0257133613008133 0.105499768079094 0.0644134939333172 0.241801537276616
0.0809986419496021 0.0777796611338797 0.28215333207958 0.153128880103485
0.110206444143485 0.0438614979035394 0.318398622019783 0.0116989524446845
0.109620651050667 0.044060750374179 0.277819410549012 -0.0347481287307726
0.100244891892826 0.0645069018262981 0.251386562369112 -0.00997238330380871
0.0607681420689451 0.098962716796824 0.189653333377934 0.0503930741087238
-0.0278049885327491 0.104195627372791 0.081011149798646 0.0933151770034219
-0.0827569547253431 0.0239993394465298 0.00345292393077879 0.0507167546071868
-0.0525806140279518 -0.0467479254666716 0.066375096567558 0.0391552765222789
-0.048403142121887 -0.0679934000274671 0.107465744178799 0.0797694686371347
-0.0525659618250242 -0.0957267386763029 0.134536863504922 0.258163071641783
0.00149324918291585 -0.0498514101619945 -0.146316748263896 -0.321338787275407
-0.0598716106205145 -0.0242369377190927 -0.170116461585295 -0.0852579979492412
-0.0599110061766384 0.0500157435837204 -0.0758178589421159 0.00701677690351185
0.0357280088372693 0.0689145438629304 0.0262428261072546 0.00137304906924344
0.0656792578392569 0.0134577915175481 -0.0159928973942809 -0.106925237314145
0.0463476542995886 -0.0347020314235007 -0.169206463005678 -0.103703764235405
0.00960996813064963 -0.0558950192094199 -0.257607354289828 -0.0372391128874985
0.00201334398661898 -0.0553926755274056 -0.287722928445638 -0.00749078803134961
0.00627302763068708 -0.0458562626042937 -0.309056208951597 -0.0387847236270228
0.0392971001974061 -0.0182981511558047 -0.258004448966642 -0.145293660184969
0.0468221653767959 0.0118827294949707 -0.0898603987959708 -0.214066393392765
0.00744679347184645 0.0449488520660605 0.0577397558575102 -0.0866384294292463
-0.0601201798589207 0.0079644534082986 -0.0652438406303294 -0.019076428413305
-0.016472434581716 -0.0609372554350572 -0.183884055146603 -0.159164823822861
0.0434618554953042 -0.05450929648359 -0.0692968805173898 -0.533917760221374
-0.032001780971049 -0.204304346795879 -0.159105531517971 -0.276402546680872
-0.141897261114466 -0.105240747890007 -0.163513040766748 -0.0726021376118327
-0.153039758573317 0.0480247377339994 -0.0879637589305095 0.0301075999497401
-0.0038487660644188 0.138751002448575 0.0320062805333364 0.0242376858755299
0.0910623480590964 0.102129759050727 0.0118566090054445 -0.087138271332022
0.125751909052162 0.0261331513460702 -0.129061474834572 -0.109928772552465
0.110443769943513 -0.042143051148519 -0.228324375812852 -0.0572245540243375
0.115373242277973 -0.0563166916843377 -0.260630273159633 -0.0280062086201389
0.125591941683273 -0.0306666539362754 -0.273698032050435 -0.0515797998594037
0.162166632154268 0.0584692042168812 -0.224158803771472 -0.137978771958282
0.0998569207905711 0.154350383599992 -0.0761231376906579 -0.187094634868392
-0.050884953999008 0.184459394878309 0.0557748771059834 -0.0536002822325099
-0.236161990803072 0.0479939123587171 -0.083814376481356 -0.00270908166440165
-0.181742087207912 -0.18217973774481 -0.188414345266758 -0.159835936595659
-0.0312660421949703 -0.264465754253467 -0.057569610616749 -0.497317005371728
-0.0653313142264379 -0.338751509857292 -0.165723381557827 -0.183728299467763
-0.22424827418974 -0.175964984829 -0.14223372124077 -0.0488490966623704
-0.243468301610698 0.0494448367565858 -0.094396171314098 0.045451207936651
-0.0463999841297476 0.208150623166856 0.0249156461127846 0.0397017765347456
0.111590187936546 0.188988058756215 0.0287529853426082 -0.0526951713218612
0.195199148351299 0.0869298965704593 -0.0742533404988507 -0.0960840704203489
0.199748693716913 -0.0219790382318014 -0.165803758980237 -0.0663025452311128
0.210485483183575 -0.0490436286462434 -0.194689200625877 -0.0452180261960746
0.224607533811253 -0.0105476253813567 -0.196930614054927 -0.0571465962044422
0.262066205345846 0.128961256127765 -0.158449658636741 -0.112215542406072
0.14113683506045 0.280493847388671 -0.0511290660057659 -0.138449572172413
-0.103214634878261 0.305751962854167 0.0516680844612616 -0.0160942475864576
-0.3867375879518 0.083400616505696 -0.0846691843477596 0.0177280139092232
-0.329125700357383 -0.282212395700173 -0.165212475544857 -0.133830617794039
-0.0983588148145019 -0.436647760616428 -0.0308776286137189 -0.394836234526628
-0.0999704573780252 -0.435559520192682 -0.156557227894004 -0.0466425565312397
-0.308179553169167 -0.224090951656053 -0.0912207780195667 -0.00918369544049517
-0.329337338384424 0.0674868710566576 -0.0865707563739913 0.0498354720608795
-0.0801397114587885 0.28001995826023 0.00514648977613875 0.050864752415805
0.132079793865341 0.264377902996036 0.0399133958162489 0.00157056978914486
0.249893168917111 0.13758973700609 -0.00210209348294463 -0.0601648385179956
0.264531613554784 0.000437202743504942 -0.0741934235680741 -0.0632842884859721
0.274128008575356 -0.0338877568288309 -0.0979654790840066 -0.0554685234571384
0.285768027004047 0.0133023958201847 -0.0918371576943844 -0.0555869348068325
0.32177216328914 0.180143784547713 -0.0672195598248677 -0.0742694919068626
0.16407510677052 0.363288699270868 -0.0133446415867635 -0.0725527873312886
-0.13858061656923 0.383586326856801 0.0482726199529827 0.0244187478047364
-0.479569090081386 0.109736494865093 -0.0635559800225249 0.0411966485477838
-0.422511627024839 -0.337347569786471 -0.111859027043401 -0.0822316329963333
-0.145413447443706 -0.534814408342662 0.00545967043310021 -0.241463097323626
-0.127473375297718 -0.47358445856246 -0.122556530982315 0.124087456594751
-0.365517366661768 -0.238715346038139 -0.00700168410025599 0.0436972788358538
-0.381912877217951 0.0930973566344976 -0.0617099966485774 0.0449386815547481
-0.0984897169619721 0.3280238360453 -0.0207899222971032 0.0642919690171278
0.141723795432045 0.305675665131602 0.0520036587857582 0.0748124334060478
0.273610025480143 0.167140599614193 0.0858919253832759 -0.00638432901586123
0.292311114050606 0.0194691755466148 0.0364982126919916 -0.0501943229036101
0.293705118652849 -0.0134647381926132 0.0151497968965116 -0.0571119997647475
0.298749600831545 0.0352405966492989 0.0238447627362527 -0.0475550256014959
0.323813812025629 0.201280179837049 0.0324397776708982 -0.0329088001467938
0.155365443895546 0.377833881570623 0.0314600836894269 -0.00222713156655113
-0.145978089804271 0.378858805452625 0.045056852339517 0.0601019726116335
-0.473260564056836 0.104846739342689 -0.0246982254000511 0.0601877537677033
-0.428275454930375 -0.334224237341762 -0.0368086865715278 -0.0176037286629489
-0.159960057150207 -0.535971213894382 0.0481022416324552 -0.0656808995008155
-0.138387080043715 -0.437198107500986 -0.0691245919333663 0.301324280847528
-0.363446121617198 -0.210224550358199 0.0970609398841274 0.0992029216132777
-0.363989360657482 0.101968710482991 -0.02558983198453 0.0319065774626041
-0.0975545542131221 0.312550377078154 -0.0468895059300234 0.0790688422894009
0.126489948067097 0.291175762622811 0.0647014719774678 0.151887152078491
0.251916266197602 0.165426362245631 0.174309513401047 0.0554692159469172
0.273457241200998 0.0340681184752737 0.150080205348016 -0.029145057038041
0.268880296009864 0.00700255743088231 0.124986304516878 -0.0516575898248654
0.264275010939072 0.0530435547411344 0.128879258685135 -0.0353568495499777
0.265629122111243 0.188317469409074 0.116487049297074 0.00506708608069855
0.107924453617808 0.318943350473908 0.067387241302284 0.0531028773424104
-0.135921098167732 0.287721358504952 0.0373185670549476 0.0791267523985192
-0.367546080824224 0.060407519253021 0.0173695371782907 0.0664272653294055
-0.33775073958249 -0.275496413588091 0.0342544621515772 0.0379136055323795
-0.14050437025251 -0.444367574446272 0.0859077952971234 0.0926133634177477
-0.120913029768957 -0.324672738905978 -0.00807922180974988 0.449692020401099
-0.282611071157341 -0.14519647259019 0.189498223653983 0.148844829627073
-0.265812759132267 0.0820144056904093 0.0157625904444028 0.0150963955615712
-0.0780550664654702 0.226284117855957 -0.066858108528378 0.0851147351522764
0.0808835661346057 0.218074459689051 0.0688121961533692 0.212706834063372
0.180931665784099 0.134538137837497 0.241747789888936 0.113778755176927
0.208340987681923 0.0434554517150299 0.247502651481262 -0.00334039091172652
0.2023173594543 0.0282238929733092 0.215808172153911 -0.0401649125669104
0.191651393146285 0.0646654331704438 0.205974657493008 -0.0186211460120177
0.166899847756161 0.151704605205584 0.167380736389251 0.0345128152354968
0.0367388542582322 0.21629449651441 0.0815729336075071 0.0850895582173236
-0.114338884482406 0.150882505265317 0.021268513495174 0.0735712359003513
-0.207378418528167 -0.00149179467632955 0.0480039058753339 0.0580206977066896
-0.189809987600735 -0.180109450633396 0.0811197467042808 0.0708918246958475
-0.0955626214720816 -0.283270221856623 0.110271516864362 0.204664550368571
-0.0819685274334049 -0.156432031320352 0.0451102105088295 0.545563583619219
-0.149921606791347 -0.0570666142399797 0.251403620986049 0.185438087518408
-0.117703371922002 0.0455087810978977 0.0555153500178523 -0.0040677028125655
-0.0429507002907145 0.0956492089376007 -0.0778793215328243 0.0733957271435449
0.0207993722658697 0.105511853439179 0.0570146483761297 0.240643671092473
0.076747178629891 0.0814542327808184 0.272088015918227 0.158532427819459
0.10707080213067 0.0477793973555015 0.309332034176735 0.0245669212699432
0.1059255835665 0.0468546778247109 0.274560676047563 -0.0236293701379121
0.0967218173143003 0.0663517958299366 0.246657577337911 0.00114465709586754
0.0559467341631399 0.0989978416503346 0.182789986278058 0.0563988990616455
-0.0306046785165471 0.102037995492291 0.074407938408097 0.095160327169608
-0.0826048122250042 0.0207954139441602 -0.000390351323620818 0.0504327037749527
-0.0505611216831678 -0.0483423448629077 0.0640783217062743 0.0371206024286694
-0.0447593351478803 -0.0692827673290109 0.101510571386074 0.0814769423392762
-0.0464140719162727 -0.0972256053445761 0.121081821766792 0.259775144724212
0.00227858401748536 -0.0493545048856291 -0.135964451085522 -0.337646160112659
-0.0590480425148973 -0.0256832599235819 -0.169804914044364 -0.0937406959864195
-0.0623040754238144 0.048613626606666 -0.0776481854466774 0.00720166455166042
0.0342276753982859 0.0705923730846471 0.0281956468370407 0.00205235123746884
0.0664819080837795 0.0155366313714625 -0.011182784028228 -0.111008354989697
0.048064365344316 -0.0347764124434077 -0.167605993728102 -0.113317795137094
0.0112415111401482 -0.0569172767548683 -0.259973176930071 -0.049306088588933
0.00366237270444066 -0.0560105969244252 -0.294390712955376 -0.0192885140024246
0.00793360259501251 -0.0452883815623706 -0.313589981202597 -0.0521296161404822
0.04103928163476 -0.0180349604335975 -0.258398060879687 -0.157492955721885
0.0472486256413211 0.0127134611729575 -0.0840675766030012 -0.22212825296684
0.00660585580571216 0.0450488328792327 0.0621369329472591 -0.0881432126986045
-0.0606828567260744 0.00671138686902908 -0.0661577584590374 -0.0233701428331011
-0.0143462010820602 -0.0615472439845041 -0.176964844103523 -0.173183028686146
0.0448223106476151 -0.0534972449024353 -0.0458340283648596 -0.55027796336099
-0.0256149097982508 -0.208799989144559 -0.151032855647297 -0.293229425553347
-0.139910139271921 -0.112287032447209 -0.163045335257159 -0.082186090843983
-0.1567454559977 0.0436387482004549 -0.0902251559184351 0.0294076684625128
-0.0091824374745535 0.139781015101547 0.0328606039182284 0.0256836992734128
0.0890532943264518 0.107149144499278 0.0165715388349537 -0.0903489247511149
0.126552685610286 0.0309960612127096 -0.12690350030696 -0.118186636167537
0.113404916612303 -0.0387303248411814 -0.22894784491867 -0.0674518538610829
0.118575861247665 -0.0524149282902471 -0.265986894169497 -0.0391288121468478
0.129534818192129 -0.0246128492668023 -0.277482520811884 -0.0637614316755657
0.163267123841903 0.0653451185656051 -0.22378810903428 -0.148895549139239
0.0965955431873702 0.160766443947816 -0.0713732235428548 -0.193046057394668
-0.0596796530295894 0.184845166881522 0.0594453261764622 -0.0552269734211191
-0.242972615227156 0.0398254368469745 -0.0859299550597513 -0.00851775713452541
-0.179039729235167 -0.193964232859622 -0.180400955732906 -0.173626854004212
-0.023028046052402 -0.271716656342217 -0.0339960102247777 -0.512671090949595
-0.054117069214821 -0.347806746455156 -0.161778763827844 -0.19929553558439
-0.221368143307361 -0.188045633309463 -0.141608413659148 -0.0579784904807198
-0.249987704059601 0.0413445352364099 -0.0971630776299708 0.0444004497950519
-0.054839697155514 0.208862127385836 0.0239123971621741 0.0422069448820875
0.10673096068584 0.196496403974107 0.0339121426460213 -0.0545626606068311
0.195331394690873 0.0959128203716226 -0.0715650579897459 -0.103119917036031
0.203441263513011 -0.0138572277566093 -0.165843899483634 -0.0734323407250133
0.215542722323287 -0.0409677235697607 -0.198015863857692 -0.0537671718304613
0.230029226387034 0.000619229633910699 -0.198684390496887 -0.0668517111614765
0.263512113996951 0.141853489306838 -0.157651465675099 -0.120166863725879
0.134471711209619 0.290896942044694 -0.0478464462056582 -0.140970188336643
-0.119754880962516 0.307232110337714 0.0539891563819184 -0.0171238813180113
-0.399945855902457 0.0693543471256406 -0.0869762261660476 0.0111344908724429
-0.326000316733029 -0.301410281561057 -0.158671067745615 -0.146304105956574
-0.0841273099938696 -0.451389263369729 -0.0134556211891772 -0.406552119793082
-0.0857896488504459 -0.449034488815407 -0.156865565911174 -0.0579785084496816
-0.305597958526565 -0.241919239466048 -0.092450121019316 -0.0158969247753333
-0.338133465853661 0.0564583731647839 -0.0891465714094081 0.0497191700859755
-0.0924853497839866 0.281089425053725 0.0036234681174854 0.0528882049167191
0.12454887657925 0.274737030478229 0.0440462216732545 0.00179238627244764
0.249274375152482 0.150739484398833 0.00105005176504346 -0.0639285000888945
0.269530162972644 0.0110736911396463 -0.073932716859401 -0.0671875259819818
0.279964302893831 -0.023102382706467 -0.0982272079876094 -0.0599188877865747
0.291623091631984 0.0264434035434213 -0.0911512710943575 -0.0606233623548024
0.322638025423054 0.197034676612886 -0.0657609420433282 -0.0778645023063972
0.155161928448339 0.37697265033449 -0.0117828864555458 -0.0713744771486798
-0.157713838170659 0.385403021961611 0.0489672042708655 0.0241066342515146
-0.494060205485815 0.0910469540042139 -0.0664889739340873 0.0352388711060085
-0.419707332966675 -0.363039788202506 -0.106967187962951 -0.0913037648535937
-0.127628664264286 -0.555703006050318 0.0171653738984127 -0.247327356064584
-0.111846163236427 -0.490344752080828 -0.130417347726662 0.118591303889995
-0.363594083482404 -0.2577623933446 -0.00871281159548485 0.0409094689320646
-0.394545244184766 0.0800526558881114 -0.0625487303993771 0.0454758395573974
-0.113702184627892 0.328878766471039 -0.0233396746445449 0.0663534382193758
0.133669594401866 0.317738840047367 0.0544447388215656 0.0772622961112056
0.273816766666195 0.181768657443786 0.0882710157396099 -0.00646379286262531
0.297499770326987 0.0316205416972092 0.0385147620011037 -0.04865834376704
0.299110486012599 -0.00245920146713681 0.0165476472728268 -0.0574522201217243
0.304062382712831 0.0492640810650372 0.0268523343686114 -0.047666712131043
0.324458773927273 0.217238193036542 0.034403923042178 -0.0313625186486717
0.14618841453856 0.39141805784682 0.0311698024410817 0.00209580438446255
-0.166425507926769 0.380255229982318 0.0437805312830646 0.0616206101992569
-0.488750342328793 0.0878363726824017 -0.0272650950413284 0.0560507241560858
-0.42494522338053 -0.359474612758589 -0.0338749819683306 -0.0226156145010278
-0.142530238540832 -0.556684028349224 0.0528365221743394 -0.0660425185960866
-0.123135255055454 -0.454214075773352 -0.082342304467056 0.302797254374609
-0.362350620514708 -0.231235518950141 0.0947087008805142 0.103358216887219
-0.377177465631182 0.089253025239815 -0.0241338950653789 0.0324652509484312
-0.113577538971565 0.315530987877938 -0.0506587092997894 0.0807176366387047
0.116746532068446 0.303002705704386 0.0644714540104066 0.157381634212204
0.251164947457415 0.180505784618398 0.17641884133294 0.0607007612996248
0.278315806466435 0.0461138285887314 0.153359816366003 -0.022939929545833
0.273521230470152 0.0180349506940199 0.12949385166744 -0.0477827091971157
0.268778237973557 0.0660417731093983 0.132683044715108 -0.0311692772271856
0.265403355923167 0.201927685403797 0.118357934423382 0.0102285719250514
0.0992859957682299 0.329922518880874 0.0663703478831659 0.0605779688278267
-0.151834220250945 0.287992437662407 0.0349567381626444 0.0815796120321467
-0.377270206380608 0.0460440688341836 0.0154346187702402 0.0644676201374379
-0.334065714085017 -0.295342367195652 0.0355296740122051 0.0373861815094327
-0.124295765900498 -0.461092039785283 0.0841189554023812 0.0982454508538816
-0.109425284685719 -0.338438662663543 -0.0271102690572258 0.460027848850547
-0.282881601041886 -0.16227548542517 0.185861941302909 0.159648910367701
-0.275804324158363 0.0724965342732651 0.0173786472146064 0.0165749938868193
-0.0898439375454138 0.228644599946478 -0.0718818727729116 0.0857683601682093
0.0736595010628356 0.226831839765878 0.0658333044460936 0.219914897280675
0.179825261311094 0.146538483150783 0.243413605674707 0.122929002145749
0.211440289249548 0.0537270395974449 0.251267020143103 0.00732254895045231
0.205499826445025 0.0375113367532371 0.222160863360769 -0.031223534726872
0.193970183841084 0.0738821277388156 0.210585970939657 -0.0104054105808023
0.165042917273892 0.160676382239641 0.169038114916407 0.0424450449022463
0.0296306490065948 0.222660539996374 0.0783187493452448 0.0917970219428539
-0.123544555218273 0.149277142785495 0.0187768693538923 0.0757160289192165
-0.210849912803107 -0.0109555453199447 0.0469322911234916 0.0562180545565353
-0.18653917524509 -0.191868280039409 0.0802530214959665 0.0742959711145709
-0.0851215065165904 -0.295159847152028 0.103876760100326 0.214505556390043
-0.0759368746293841 -0.165331708290882 0.0225178905965014 0.56162760630991
-0.150467824525344 -0.0658907180062735 0.245698083188986 0.200814428530725
-0.122819646827555 0.0410251438505888 0.0575783428268056 -0.000879153892018792
-0.048455799116045 0.0961772965636485 -0.082705552797265 0.0733892791539793
0.0172005267663885 0.109424976647864 0.0516770405971668 0.249252790218702
0.0750924117730368 0.0870839835760558 0.272252966102279 0.170349920291546
0.107746866505028 0.0536194053979979 0.31344884876544 0.0377849678328139
0.106502979894895 0.0518936364862445 0.28108499863897 -0.0123243525844135
0.0966670798282272 0.0711587296746111 0.251063045969419 0.0114008076260126
0.0533996304221137 0.103707033429458 0.182782211843627 0.065216828001378
-0.0349291857456821 0.103695320087565 0.0707126308440436 0.100648215982387
-0.0862355309147852 0.0184915917277508 -0.00224015390065391 0.0516433624014252
-0.0498645912272562 -0.051683066602859 0.0640319642991331 0.0371257146582181
-0.0425680414050278 -0.0735533276104106 0.0995921147276361 0.085895143869433
-0.0414712766194203 -0.102761103987155 0.111643102193892 0.272510333635304
0.00205294896833228 -0.0512361348839807 -0.139468949341435 -0.362240957882397
-0.0607977048082609 -0.0269309919875198 -0.176643387837752 -0.102266152411652
-0.0653370419000065 0.0509037544355209 -0.0815653257235806 0.00898408724855321
0.0358909642707422 0.0741306318322573 0.0303532847231791 0.00259750365406481
0.070300037660077 0.0166212581819295 -0.0094179495481835 -0.118908820505526
0.0500205562176464 -0.0367958678451723 -0.175002606867483 -0.122174298065548
0.0116690081763111 -0.059658192985898 -0.272829704358351 -0.0568542069667649
0.00429506402969162 -0.0586495570416557 -0.311801939026356 -0.0259879439129207
0.0089695294489682 -0.046984698748985 -0.331342562472534 -0.0606523131121728
0.0439191840328697 -0.0188162031709103 -0.271440490282189 -0.169132649123949
0.0503046595755182 0.0128517651434925 -0.0874058259153176 -0.235674187926847
0.00688533002424894 0.0468330207339075 0.0663436807888089 -0.0952998280626505
-0.0639774870942356 0.00716356739432733 -0.0694938946812558 -0.026981700211271
-0.0142004278156356 -0.0635835709454255 -0.180191385581364 -0.188661009284675
0.0463528506374033 -0.0550867175247236 -0.0368297824952479 -0.5833199002329
-0.0250469128208505 -0.219620506932463 -0.155763882898975 -0.316370866781348
-0.14466686302457 -0.119223712257173 -0.169715563849912 -0.0914652715277281
-0.164376316800495 0.0436934617330276 -0.094839879866314 0.0320285502418029
-0.0111071648258435 0.1460024065837 0.0348223803945582 0.0284452664852664
0.0922357382493244 0.114263200961463 0.020255606097263 -0.0969099146698368
0.132284560567488 0.0340111159309234 -0.131994372252176 -0.128368433470736
0.119109990711575 -0.0383885984076837 -0.239980377915491 -0.0754991898905265
0.124823705555186 -0.0531779653877261 -0.281708151699355 -0.0455691745542818
0.137152410990441 -0.0229924580562394 -0.291997994122916 -0.0721073843459208
0.172646129414216 0.0711421624181617 -0.235335067335775 -0.15970165425948
0.100273781719971 0.170380079111852 -0.0736586318015861 -0.203874396054972
-0.0657427579267583 0.193455599125514 0.0632578610485852 -0.0605320271181523
-0.25721114525073 0.0377173444375569 -0.09078035451746 -0.0133562463380676
-0.186685019769783 -0.207257751944144 -0.182764506821542 -0.190675718979908
-0.0217611095592539 -0.287938347799341 -0.027469851009639 -0.543036798534177
-0.0543584730344089 -0.367424115504933 -0.167385362321868 -0.21836659131442
-0.230487841402228 -0.200728315842211 -0.148109153111324 -0.0671045742262901
-0.26268820824503 0.0404748876950351 -0.101319376777053 0.0472795518697476
-0.0609446474159314 0.217866667021477 0.025545885250165 0.0452011654423456
0.109868744323701 0.209271962974131 0.0384348994560044 -0.0587035241630886
0.204645594538594 0.104047718802508 -0.0742257970187367 -0.111819403845106
0.214829732145501 -0.0114882312643055 -0.173782037883356 -0.0799235297503455
0.227016899599315 -0.0390238643715233 -0.208960202406873 -0.059428987885459
0.244056157043544 0.00569955671911354 -0.209127833064411 -0.0745031570624727
0.277980024157312 0.153454283755087 -0.164824595699214 -0.128751861918202
0.13872378160307 0.308701308157617 -0.0492463393460488 -0.147496907277826
-0.131251628237819 0.322317768687724 0.0573641022748069 -0.0205847370612173
-0.423326267000004 0.0672958646975946 -0.0920026745707517 0.00744316769221314
-0.341604294575902 -0.323759006691068 -0.160248909851148 -0.161574730411463
-0.0826627874275422 -0.479834948286751 -0.00581131018557 -0.432113075598672
-0.0850246967871833 -0.476300991464438 -0.164971726648042 -0.0683369861801031
-0.318692162620084 -0.258944422833055 -0.0971016092321698 -0.0222900993713103
-0.358075452816681 0.0549942965595587 -0.0924229912000312 0.0524937264615903
-0.102299621737843 0.293759623084183 0.00405126379520289 0.0565813611644672
0.127815879610512 0.292371354563607 0.0501423100406442 0.000887141278905423
0.261447572651803 0.162910256809206 0.00225794800948157 -0.0702118541546867
0.283872154009422 0.0160548853787559 -0.0765513840347266 -0.0710337735633775
0.294300276641232 -0.0204554901524854 -0.104140808019916 -0.0645425949565461
0.308829994125834 0.0339790198397752 -0.0955353471410876 -0.0664556955202212
0.340768585454955 0.211420017846614 -0.0682168890728197 -0.0826384982222997
0.159316358905787 0.400180987249859 -0.0118520048106785 -0.0727987512882635
-0.174655659889474 0.404450602552506 0.0514680946394307 0.0233041167028514
-0.525273621665796 0.0883905878166905 -0.0709024411832539 0.0324242828859903
-0.440139370929667 -0.389654236015894 -0.107386579366963 -0.101800289631274
-0.127964598051003 -0.590239426778124 0.0226748350951695 -0.263156120008252
-0.111937556723903 -0.521474014557947 -0.139718667068878 0.119761939635238
-0.381381859786405 -0.278733061691916 -0.0104594647762452 0.0398975997591255
-0.416475443392715 0.0783768452259205 -0.064712608445532 0.0476537992845749
-0.125021190181957 0.345567934901198 -0.0248802211291348 0.0711073417706616
0.136368083383719 0.339590166322936 0.0610768142342808 0.0808514823273909
0.287934117093521 0.197193437732558 0.0937613238241841 -0.0084291256911313
0.313512372360952 0.0385956054125278 0.0408093629988658 -0.0499926503844631
0.314755532850424 0.00174511072101997 0.0182415992513989 -0.0597970781351865
0.321496311163689 0.0575714379906284 0.0286721473473914 -0.0507601147239818
0.341347849906514 0.233861925375693 0.0367470770173745 -0.0318653609406328
0.149990458071918 0.414222343946887 0.0325097404687313 0.00598132175801651
-0.182799566409357 0.400392205256282 0.0453797939964368 0.0636252275749078
-0.518947403343981 0.0836683933118112 -0.0300350916696888 0.0540529223849682
-0.445131462728987 -0.385980968862978 -0.0322543378939555 -0.0273445502162774
-0.141789206236322 -0.592544448727542 0.0580283551932528 -0.0700789688659648
-0.122776218103966 -0.482930015654993 -0.0913795645524293 0.317034489420861
-0.381455310375996 -0.250226878245159 0.0976225760643012 0.108053493503794
-0.400367868815731 0.0885018180510723 -0.0239679216887428 0.0351509407759124
-0.124204865956865 0.331518510866811 -0.0543579125887922 0.0860167313667745
0.119962135008527 0.324088378745114 0.0702230873642273 0.166365510691997
0.263503852962698 0.19509518063346 0.186084328046658 0.0635169365621433
0.293332934342115 0.0528495158083758 0.162147232398073 -0.0203124912117919
0.286859698912271 0.0228156505462359 0.137018426068285 -0.0472563263365942
0.283960755638489 0.073792389173654 0.140664775645452 -0.0308677804778067
0.279242798078427 0.216778019934033 0.124585068882163 0.0128521531501328
0.101226851711775 0.350138365697456 0.0679857428355237 0.0673464965669757
-0.165842382218697 0.302065639956045 0.0361442942850345 0.0849475596541061
-0.400431261388442 0.0421770175402781 0.0145126225009734 0.062750186454576
-0.350497158266596 -0.317047341112903 0.0386677001442877 0.0379473004629913
-0.123193504884645 -0.492059354707471 0.0876890104746108 0.105128532691069
-0.109251854288038 -0.361786493086297 -0.037071506274038 0.485488309837062
-0.296934741505211 -0.177471846017522 0.1926169932955 0.171188724768009
-0.293807421091078 0.071597353212776 0.0201836786689602 0.0182559640637219
-0.100271075709093 0.240161593820793 -0.0763826642827489 0.0910069245195327
0.0739408803578261 0.242761645363005 0.069459022847429 0.233436544481996
0.188630427878349 0.15909761040185 0.256319465365646 0.130596538853889
0.223557478472063 0.0603819892003025 0.264519282215179 0.0130760053489792
0.21566366046807 0.0424816911722574 0.234649644833232 -0.0295665045540516
0.204542518545014 0.0809520830880876 0.222547308239266 -0.00722021398950032
0.172764880307706 0.17263687096444 0.176761325479874 0.0473036701190532
0.0291074019189526 0.235498069804946 0.0806715518053107 0.10089343386888
-0.133361137416892 0.155620535347298 0.0182809210776441 0.0802591498214587
-0.223892375568005 -0.0156671754296243 0.048497541285456 0.0555191504572741
-0.195124826689089 -0.205761523948669 0.0839367769124546 0.0777078220823556
-0.0832816099044612 -0.314736167837959 0.106102257235507 0.228749541636945
-0.0754258612428664 -0.177301417819367 0.0150239270836136 0.594864037054552
-0.158106907005393 -0.0737507406618504 0.254647685000341 0.217591305046186
-0.131231422364014 0.0408271287824202 0.0621942706322256 0.000403108146739241
-0.0542106181196691 0.101752643919816 -0.0882512067070146 0.0781880589456941
0.016050065903466 0.116973574225577 0.0526242471523214 0.264768103456995
0.0792680637120818 0.095733678137883 0.286522620598418 0.181842583680488
0.114159894221651 0.0583226819500594 0.329904190839386 0.0452388542127321
0.112173301364049 0.0567809764844461 0.297334261295276 -0.0081872715662865
0.101537872417729 0.0762012902234696 0.264055631219884 0.0167645628899592
0.0552299201037453 0.110247858707828 0.190531053365831 0.0722096349819621
-0.0377789843639461 0.11007040054884 0.0716644401144373 0.107872436194595
-0.0917794791394449 0.019060656941427 -0.00447137951850297 0.0551597531389371
-0.0524864316882834 -0.05709834657107 0.066505453375278 0.0357989702989472
-0.0437007482105834 -0.0788824493937008 0.102858259095881 0.0915522701460108
-0.0402413627663314 -0.110542404425666 0.112769076991951 0.290465167941616
-0.00255774779277322 -0.0521320837076448 -0.205825731420511 -0.363214169072819
-0.0654896406340385 -0.020236425970708 -0.200968366750238 -0.0829961599432085
-0.0608610887329981 0.0629610141862192 -0.0818851794549042 0.0203645195598487
0.0474149743694936 0.0721861488954291 0.0314894172957852 -0.00606991196648345
0.0776377315446553 0.00690517559190725 -0.0331426446405592 -0.126344697930445
0.0474909703303116 -0.0463973406054558 -0.206359042188912 -0.100279853789065
0.0035428885805053 -0.0648363850953113 -0.301939624602713 -0.016043142645681
-0.00379576089213682 -0.0639567146706216 -0.33213014563163 0.0191448303894432
0.00272213933645789 -0.0518049355638162 -0.360393048510166 -0.0148967576820585
0.0451807471355439 -0.0289881751718 -0.312725344150619 -0.137364282445587
0.0573941300181398 0.00465693297309961 -0.12961761406612 -0.238003854392099
0.012988379705231 0.0480680733603615 0.0552741128906578 -0.115060377832635
-0.0642892686871275 0.0180004902710967 -0.0777241297666919 -0.0185793922736919
-0.0226044102335676 -0.0613207592375694 -0.214683478287439 -0.175705450816216
0.036221592178811 -0.0596423397464243 -0.121296039152857 -0.616351642106365
-0.0601976971143289 -0.229224926072445 -0.203325602533335 -0.303257623550174
-0.16836036288905 -0.106594658542518 -0.186140202424486 -0.0717132666022884
-0.166407487913074 0.06944114892549 -0.0863268660902492 0.0443608956620938
0.00682238520409071 0.153911609666491 0.0428720383776524 0.0170243901618411
0.114218938400397 0.10678570008972 0.000879502938398825 -0.113274923597737
0.145501990303053 0.0168051234920891 -0.167370387926514 -0.117239161073815
0.120250714028517 -0.0566338010241556 -0.272482979960642 -0.0420890748052531
0.12393003044372 -0.0749861480600161 -0.30399170453484 -0.00513466880289229
0.141582711262187 -0.0451829833131238 -0.321343782552628 -0.0345196327244083
0.193106570122441 0.0471161056576013 -0.272080672452489 -0.134450616306115
0.13197914237182 0.162126799855057 -0.109394183330207 -0.207119843616014
-0.0444963386261815 0.212007786274117 0.0607498037218324 -0.0794944947477426
-0.261895003749424 0.0792748957959574 -0.0948877481970688 0.00120931708486801
-0.223152416881324 -0.186331389995124 -0.221248124244031 -0.173390454801515
-0.0677347852327996 -0.292525877611455 -0.10612265297287 -0.576738603073922
-0.117016565480415 -0.383740664538623 -0.188459114751855 -0.189457379244188
-0.270864612466493 -0.181204568377174 -0.153893425644776 -0.0488059950007405
-0.271308626686674 0.0811958275599682 -0.0853623510863237 0.0585038944799625
-0.0362365993637713 0.236415797890649 0.0378095730466379 0.0326356725164299
0.145301158217209 0.204949966667996 0.025515263264601 -0.0814217768993232
0.232275074214806 0.081094640295927 -0.107227022358522 -0.11235624817192
0.225010862624925 -0.0406065929430852 -0.204974977728254 -0.0600594438158443
0.233347185142142 -0.074781712517861 -0.230430898186767 -0.0298316744562839
0.256879866830205 -0.0305610598096201 -0.233711994139547 -0.0488487614214376
0.314626119110577 0.118863349911588 -0.192106728977192 -0.113480961348598
0.192958962804532 0.300788540026262 -0.0741774967649599 -0.152438376893633
-0.0961342077691602 0.355323385035944 0.0628941954722268 -0.0377810186501692
-0.431802012952152 0.134090616726536 -0.0913059164090636 0.024738350023813
-0.401041208427054 -0.287282682701605 -0.19664514813762 -0.141869323642603
-0.159738349703745 -0.483969169412382 -0.0680005584860367 -0.462065211633802
-0.170818012225885 -0.49634020121715 -0.151663163915801 -0.0240524783468192
-0.374467459563233 -0.231784635824776 -0.0891580742879129 -0.00939867501020729
-0.371742447314656 0.111195727134343 -0.0689441455758637 0.0583022990849358
-0.0698299361718829 0.322796076016049 0.0188270506456437 0.0452819271535455
0.175340652068803 0.290845872388973 0.0468830330457988 -0.0245919025764323
0.301191408886665 0.135359695461574 -0.0234378128524764 -0.083748530642792
0.302694683374359 -0.0206541592738509 -0.101018429195419 -0.067035786412908
0.306456167531868 -0.062634147954555 -0.121182020837047 -0.0509695326974395
0.330129554149886 -0.0101762792544352 -0.111814848900866 -0.0576845784517562
0.388905642628642 0.169943708797859 -0.0825043636158686 -0.0799941102036025
0.228982727509053 0.393875983111891 -0.0231457002994196 -0.0784718319054894
-0.128567326474148 0.446182417550349 0.0644522870684733 0.00939804981650767
-0.534482096897013 0.172589093744562 -0.06371105002478 0.0479900017191958
-0.514565129447141 -0.342157984132475 -0.133770650764992 -0.0846263636332366
-0.220135087691636 -0.594309675090288 -0.0137394029795091 -0.286393883193268
-0.208912445287059 -0.54356684410629 -0.0887584395721785 0.17429358705463
-0.445272588003273 -0.24437382527944 0.0168518720546974 0.0419719677930791
-0.432045799312176 0.144022091347339 -0.0383649679926589 0.0451397312844025
-0.0883105589376431 0.380540678208255 -0.00779725069853605 0.0627067523455278
0.189534269965239 0.339791770521723 0.0720107257572533 0.0562476004721941
0.331567292384687 0.167363983669487 0.0816931882511075 -0.034260558513943
0.336388780390082 -0.000767253473816923 0.0280248407263884 -0.064752381034534
0.331051221220625 -0.0416003349570113 0.00814998702597559 -0.0644593266304331
0.34717391055768 0.0138238773532081 0.0225594368119785 -0.0592962875547695
0.39149977988027 0.193190988601272 0.035929928896695 -0.042507573912429
0.218474147019427 0.409929783595224 0.0360083313844373 -0.00180536640013939
-0.13918690978694 0.443134656988771 0.0647563317435815 0.0539402438597694
-0.529264640173233 0.16584926556662 -0.0179813633322517 0.0642788927382407
-0.51926498956849 -0.336793622169967 -0.0449976629217338 -0.0168550455394548
-0.233572313937388 -0.596766156092408 0.0504008324076308 -0.0852285517027224
-0.215749991326301 -0.502824154128815 -0.00703809758734086 0.3749875807551
-0.44271867055494 -0.214942551529945 0.140692808775127 0.0985132223100073
-0.412545130030427 0.153414067301769 0.00173532900416249 0.02438698041078
-0.0886058762351275 0.36676388352748 -0.0358474232001117 0.0845792833809543
0.168078581506755 0.326765495630937 0.0976000405043577 0.146352570004902
0.306779726851714 0.170679618553884 0.193282039361327 0.0266792241964321
0.317295458229609 0.0174162974573252 0.163033235168508 -0.053896512636132
0.30501994537937 -0.0151557625300973 0.134955941119542 -0.0693745432641723
0.309460633100311 0.0367508669148274 0.143985076355937 -0.05485640748787
0.323085916371896 0.186149607599028 0.135346511451699 -0.00777234134893085
0.157703008509231 0.35029208708823 0.082807271347989 0.0589391115645801
-0.13385352767381 0.338398836441055 0.0560245572034851 0.0802380325975126
-0.412467970514101 0.104431610305258 0.0289057744277232 0.0657918135539243
-0.411476249586416 -0.27997417953628 0.0402703162632 0.0402610391320587
-0.198939075594776 -0.494971352291921 0.10723046326506 0.0974869166390698
-0.181900118125043 -0.376232661131377 0.0700532877679888 0.540455639117035
-0.344541150034988 -0.149233269377287 0.246276112648002 0.151228337657545
-0.303903431832489 0.118645562802441 0.0404590899113651 0.00404780062073934
-0.075997577439178 0.266098844953875 -0.0597957689422846 0.0992863154696084
0.10767252628473 0.246773605797895 0.110872621402699 0.22180107947435
0.221603394517508 0.143567096686147 0.281571573667232 0.0881965006887114
0.244543018295045 0.0349742695441586 0.280457911238823 -0.0349131707063607
0.232467139110042 0.0161188091692958 0.241270671107017 -0.0654964839679234
0.227274271583465 0.0553642750575439 0.233959127355348 -0.0415825471398134
0.20544271248203 0.155764340927044 0.194610013159111 0.021652173860059
0.0655061426414023 0.242658078048845 0.101050549630353 0.0932839033305763
-0.119566339415356 0.182128996989167 0.034772905942447 0.0807656938547001
-0.235678232281863 0.0170387572371692 0.061076793845431 0.0508981921129515
-0.23301240553484 -0.187330603947298 0.0949225625744923 0.0729138364987348
-0.130934497892044 -0.317485748839569 0.144361053110712 0.227640293790297
-0.114855431181713 -0.184624055503788 0.127925796783677 0.639736958116326
-0.182922199826885 -0.05807882046011 0.310815597355281 0.192754405051795
-0.134969706440764 0.0630319093106745 0.0735359732858664 -0.0153734160783828
-0.0453272613377725 0.114166692514362 -0.0761789502767946 0.0942492435512681
0.0289748814923422 0.122054858174699 0.101818458423277 0.264758235152598
0.09598080270752 0.0917568132395322 0.327315294082115 0.141788164547577
0.129178926480439 0.0481175330024095 0.358382774583281 -0.00978767988015875
0.126189733124005 0.0458239741449567 0.310143362482799 -0.0523476152853229
0.118272809411458 0.0660512714811357 0.282209300552105 -0.0211768103037869
0.0731348875246176 0.108240969225665 0.211837765072201 0.0472227148048799
-0.0235582898580234 0.121874441978153 0.0918833499815576 0.104008400091125
-0.0942045444650517 0.0334018368581719 0.00522770354272741 0.05999693722996
-0.0639265656633763 -0.051929189784107 0.0748150540984893 0.0257207932878271
-0.0576295446798483 -0.0771765702787403 0.119335286607617 0.0811202648403399
-0.0553000614948528 -0.111674980879245 0.160073988345275 0.293342827323229
-0.00642607849807995 -0.0519697222972395 -0.240838791233426 -0.359570317030532
-0.0671192401129659 -0.0153297207625882 -0.21286216634188 -0.0705496421891786
-0.0570181357726575 0.0688106711679436 -0.0813948665574135 0.0287925490804198
0.0548628100834688 0.0690759697090908 0.0329002073976703 -0.00890133168181314
0.0801996274558781 0.00026460686030989 -0.0439938203518208 -0.127916837009064
0.0438965678054996 -0.0517576712858544 -0.21988258525311 -0.0875411908418384
-0.00289176465492743 -0.0663969060109412 -0.311377522099347 0.0058324787303817
-0.00897726278688571 -0.0649882103325739 -0.340463418431803 0.044454625637069
-0.000359909987944441 -0.0524708854588041 -0.371405046894844 0.0125958185573598
0.0441352399226733 -0.0337638148319816 -0.332046120789017 -0.11642660424784
0.0589530367828096 -0.000825890527752665 -0.152394470286334 -0.233889418443968
0.0170880703999442 0.0477411874207177 0.0468088979694348 -0.124716686596815
-0.0637177982237654 0.0245292051216627 -0.0817019190426864 -0.0138381610721182
-0.0279328156463916 -0.0600312205801717 -0.230261196239694 -0.16795796679606
0.031145093481436 -0.0627210778762876 -0.170132245411459 -0.626498392615151
-0.0796730673695133 -0.228498131009547 -0.23405633230421 -0.300116927185825
-0.179151264272924 -0.095696131031372 -0.196624526383429 -0.0625581967265626
-0.164203020709162 0.0840940219318607 -0.083254512955765 0.0532371361954667
0.0185468253444928 0.156022526183369 0.0462071491288438 0.0139197695997463
0.12600051082983 0.100201255802614 -0.00808082186757104 -0.1177959816281
0.14971710601412 0.00548279549204339 -0.180837268887109 -0.10845889741933
0.118381275563042 -0.0670822264135571 -0.283082467354363 -0.0234021865548237
0.120697226216844 -0.0856926296344583 -0.313894855638385 0.0166150810707228
0.142811203306487 -0.0562192630884406 -0.333035709974508 -0.0107881027973872
0.202347839944499 0.032651386976137 -0.289498530399662 -0.116418988014666
0.148726287649232 0.154898543386181 -0.128751055647954 -0.203421844635888
-0.0305963875199937 0.219850161961674 0.0551595954263019 -0.0891533240921084
-0.262944587596054 0.10294875637988 -0.0979049367449531 0.00640589736719878
-0.243639909252643 -0.173291194675499 -0.237423537393374 -0.166617847707692
-0.093089128442926 -0.295676575719112 -0.151831182200636 -0.587812541686039
-0.151149669614936 -0.383222750600222 -0.210250146812331 -0.184627715083636
-0.2900511331542 -0.164222987219672 -0.163535158431905 -0.0423455958165941
-0.27059304881082 0.104020534751433 -0.080461542929478 0.0678698073542032
-0.0191509976040799 0.243983079665542 0.0426065338790538 0.0310347306328848
0.166447094676723 0.199214087282772 0.0206684087691971 -0.0877078074741566
0.245179148243475 0.0644812357587552 -0.120083491935839 -0.108528430290002
0.227000788040354 -0.0585015100453332 -0.214780430006285 -0.0461145975823158
0.233051607442201 -0.0932283350353184 -0.240105488518714 -0.013912486305975
0.263363910055013 -0.0501876074170351 -0.243857932011435 -0.0330452085368346
0.334106379481801 0.095833098651702 -0.205663909551847 -0.10154080513105
0.222041563808181 0.293709685941899 -0.087560296042972 -0.148903243077278
-0.0735655041565019 0.371616052589921 0.0606481787963748 -0.0468636124538541
-0.434439468620328 0.170593121422037 -0.0936878153954452 0.0286537005030016
-0.433813112595166 -0.263785060469766 -0.20934689062711 -0.136057054167617
-0.200966740009599 -0.487009942073376 -0.10645086697232 -0.47066387535442
-0.216409836506191 -0.4964550562622 -0.159037352446145 -0.0183091126872065
-0.401354629025979 -0.208256763003215 -0.0938723213388853 -0.00829960115087631
-0.371861623521894 0.143057692921485 -0.0640376963362573 0.0661778449896857
-0.0475033688225558 0.335166618388713 0.0246036496649553 0.0460563700887929
0.20385862916369 0.285535914157704 0.0479474853508683 -0.0317784035334899
0.320822096640847 0.115680061040922 -0.0312469915035799 -0.0870482001955209
0.308960530719136 -0.0448289754417431 -0.108549524491388 -0.0611217650839559
0.309331185619452 -0.0870528691583041 -0.128003770529479 -0.0431857310783792
0.339669767931723 -0.0356213261548368 -0.119321883274387 -0.0509269910719653
0.413573454789227 0.143346230190253 -0.0906770503969161 -0.0754945241472313
0.266228386924492 0.385040097469127 -0.0289034270093598 -0.0758746657304946
-0.101072636708716 0.469821479474414 0.0661207016003225 0.00119780050822965
-0.537368089280054 0.218240002560315 -0.0635348885516377 0.0496696559313422
-0.555032400856463 -0.311463712755981 -0.141606019462492 -0.0818018982720437
-0.272130491793061 -0.595277043251709 -0.0369642385932101 -0.295351766616183
-0.257361754118475 -0.540722633820051 -0.0782237608568847 0.180520831402746
-0.475487785110031 -0.215549882792908 0.0179445788377146 0.0378357402594074
-0.431503239202272 0.183032406970991 -0.0329121716477645 0.049646536221094
-0.0620076289503446 0.397768133039217 -0.00194327515380821 0.0660736590677571
0.22295830396174 0.334088639162689 0.0798372471801741 0.048754546013196
0.356390122541602 0.147594020456463 0.0806874889816261 -0.0450606474026122
0.34608815301252 -0.0270878911178785 0.0238718847120607 -0.0679587838540229
0.336177719658711 -0.0675349222636078 0.0037221919433937 -0.0664460079061194
0.358481841858078 -0.0123879016707294 0.0185127981028483 -0.0641020018612713
0.419442549488004 0.167289167145409 0.0342069157639338 -0.0462919103310566
0.25952071732788 0.403622014060426 0.0381499980240963 -0.000684448707160823
-0.111236195813606 0.46693567360651 0.0699637298447455 0.0473680738388125
-0.530662590698201 0.210965820486573 -0.0153215161746183 0.06225780474167
-0.561490772099938 -0.304572353064364 -0.0455035204647037 -0.0181330902509567
-0.285999785064759 -0.596230318266717 0.0445172799818256 -0.0924700711814984
-0.260612179005641 -0.500647256551294 0.0216248876756791 0.382112641258909
-0.470398811377157 -0.188635460603086 0.149668352394362 0.088059740216299
-0.411980266140596 0.188673574512035 0.00592759777227947 0.0251324579014319
-0.0634694450937409 0.383256622023595 -0.0282262146522119 0.0907524473975826
0.19937699467119 0.324794489879639 0.114906734484176 0.139480487222712
0.33092143048003 0.152274538093519 0.199264193163244 0.00847138837053636
0.328274891575934 -0.0064948330975964 0.163699068485103 -0.0667264158519976
0.311625467838211 -0.0377477567390347 0.133893174897095 -0.0816242036174852
0.321629593952891 0.0136426338702928 0.144187776248556 -0.0681428529391498
0.348183073054251 0.164933911857476 0.138467714904368 -0.0184245403312988
0.190975430126931 0.34695719795192 0.0911913981721915 0.0578658432413351
-0.112639839108255 0.358864334101016 0.0632407518619879 0.0760227175501939
-0.414913598674539 0.138340451825954 0.0332824939325606 0.0599906347111785
-0.444168025023663 -0.25406676456679 0.044935800539898 0.0344286628526598
-0.242005686185154 -0.492973751243076 0.117098104759646 0.0912798797436214
-0.214980059295986 -0.374082374749681 0.11493506367817 0.548039442197965
-0.365548286857223 -0.129061326860719 0.261868640028491 0.135521847894491
-0.302299480745715 0.145155685133924 0.0426677495863258 0.000722868859949178
-0.0584297961501734 0.280132872210753 -0.0519068185072103 0.107819116135643
0.130823371312178 0.248060300293861 0.133934391638282 0.217925176564651
0.241478336709484 0.131732589167723 0.29586886919307 0.0662245292512263
0.255126333555978 0.0172163790711198 0.285217144955314 -0.0562519630953714
0.239822684738828 -0.00046130859927243 0.243343205785262 -0.085640247378266
0.23785118328374 0.0395841789816684 0.237462078941059 -0.0608955250048255
0.224267599637982 0.143097798484695 0.201008777366822 0.00791519913135146
0.0877941197113811 0.244156573543431 0.110949998158954 0.0902787615229167
-0.109918166529865 0.196340119620746 0.0416579848343469 0.0790259750515141
-0.241468406273896 0.0340134461122397 0.0653552969361567 0.0429463664171648
-0.254473776449408 -0.173729643573556 0.102566183361907 0.0650846917485515
-0.157081713651206 -0.317310045315752 0.16522044734401 0.223120587445104
-0.132203307763926 -0.18269912908437 0.180119635141287 0.648298615229392
-0.19163682062269 -0.0474590979394681 0.331329148513926 0.175988209886156
-0.13497909867785 0.0745695627111135 0.0741742992292406 -0.0214894533554528
-0.0391607265104695 0.12169633082343 -0.0704709203291404 0.103358840493374
0.0393878119655572 0.125534788253085 0.12829662409161 0.264358493422946
0.107806986241591 0.0882591386950749 0.348810291893026 0.117361348481792
0.137386628818618 0.0389263943113322 0.367423851550203 -0.0367122935841629
0.133449339562172 0.0378153281369325 0.314506142997585 -0.0769402178302635
0.126548136709526 0.0584000102096984 0.288670576874873 -0.0428524356901791
0.0840786159439922 0.106424713851502 0.220014204481177 0.0330330259448029
-0.0136426817933922 0.127825165893522 0.102052442595047 0.101531721438009
-0.0950325852005769 0.0427677826955468 0.00943931038555207 0.0614025351124194
-0.0704723139068369 -0.0495320037350905 0.0777406062957424 0.0170126832326813
-0.0653077411911866 -0.0749643771205139 0.127434676437772 0.0737324584329696
-0.062841195518481 -0.112324205669592 0.186278428177694 0.290557219716493
-0.00991299489113755 -0.0491777572803671 -0.263155671818351 -0.336558884627939
-0.0659228305658192 -0.00996391448114836 -0.214191902285033 -0.0551500426441359
-0.0506076262133098 0.0712821704508702 -0.0750768780766058 0.0356383365605586
0.0579683432175916 0.0623541716436591 0.0325824083553352 -0.0108525828431777
0.0784166343673176 -0.00654995015765728 -0.0522526867940005 -0.122341783958374
0.0377234709389331 -0.053382279833991 -0.2211377723988 -0.0701821243815574
-0.00869894542511459 -0.0640744920049983 -0.304145466975362 0.0260299129892833
-0.0140707594418027 -0.0624946236681461 -0.330707972776073 0.0667411214719266
-0.00360917669742686 -0.0508197343516898 -0.363663753916528 0.0383379471338569
0.0409543767809249 -0.0366415687091496 -0.333622221538326 -0.0905188383901629
0.0565421033448518 -0.00640854159633505 -0.166358245468855 -0.217997984627212
0.0199575258593669 0.0444437824376887 0.0352462154921507 -0.1271412312849
-0.0591003486913331 0.0293159564600476 -0.081424903535863 -0.00853498618899197
-0.030621765758604 -0.0555946491680759 -0.23456437704715 -0.152588148850721
0.0243710602712205 -0.0618625236377407 -0.209548729584762 -0.602236793492581
-0.0937097876357354 -0.215827826137606 -0.251616451324921 -0.280163834577966
-0.180438831624023 -0.0802618133350259 -0.198927653607446 -0.0504533097090064
-0.153573306487464 0.093268910877247 -0.0748769779723659 0.0592927337984764
0.0286055611848251 0.149465818512802 0.0474449459682336 0.0106332924802559
0.131093512610719 0.088724831886656 -0.01578512092274 -0.115964129441823
0.146421539980116 -0.00511883139451467 -0.185081295339101 -0.0936969804452255
0.109496851259947 -0.0731992661162327 -0.278756889578243 -0.00354123776283762
0.111344299345053 -0.0911748425371659 -0.306192199740175 0.0380879248462879
0.136309115680588 -0.0643902279096766 -0.327425194365198 0.0122900340598305
0.20049624664255 0.0172302905511506 -0.291906577350245 -0.0940403084317508
0.155741229038033 0.139771409042392 -0.140030208573343 -0.188964268715814
-0.0154142162762843 0.217652757656286 0.0456691560832606 -0.0940994582648831
-0.248513512612391 0.118499033676201 -0.0965482476490575 0.0118084749664886
-0.249510743074798 -0.151718351589851 -0.241030911905151 -0.152385220877045
-0.11270238162645 -0.282465526782213 -0.190073444268005 -0.56601012459568
-0.175159453505934 -0.361909977778905 -0.220847441293127 -0.1697829755606
-0.2941053079427 -0.138764524462633 -0.165299712632321 -0.0335066950757689
-0.255862845368369 0.120415159107416 -0.0710741998738868 0.0723883972745533
-0.00236652811307374 0.238408941839201 0.0454051038030122 0.0273149931024464
0.178030712481882 0.182606505175399 0.013621637796592 -0.0891983883527197
0.24519343519557 0.0456369898065739 -0.126357671088912 -0.0996130443522078
0.216910099168962 -0.0729476276167954 -0.213216200850842 -0.0299101869383206
0.220368027111288 -0.105763715574555 -0.235735131692342 0.00244329829272839
0.255207788555581 -0.0673791181973703 -0.241861304341182 -0.0159675047460476
0.334635173016919 0.0695178903580672 -0.208235320870815 -0.0847777523633651
0.237888157281142 0.269945793783246 -0.0951679992944876 -0.137450222495935
-0.0471113781903229 0.368707837470616 0.0546267707873935 -0.0533418188750542
-0.412015873576145 0.196642688969537 -0.0906470133086977 0.0312605373714209
-0.442140176867222 -0.226611180535654 -0.211933791553988 -0.124853773356157
-0.231722118644033 -0.462805579939807 -0.136854248981118 -0.455416444725398
-0.246588527194092 -0.4667188330768 -0.158414122892565 -0.0121639595003369
-0.405409285800182 -0.173699674501652 -0.0955096950479574 -0.00561090733095435
-0.351159252286985 0.166191356621578 -0.0549928993163161 0.0694142587911897
-0.023319628023102 0.330396988280486 0.0290598722061805 0.0424778084890788
0.221964514503729 0.264369714875939 0.0448675790155393 -0.0378093198893226
0.323496375151715 0.0899866120194826 -0.0384902464055312 -0.0845843418741378
0.297965568607255 -0.0652336257102068 -0.109801957973305 -0.0518362883380375
0.294985812241286 -0.105809651774323 -0.129178300374452 -0.0339619780539285
0.330746313345641 -0.0581285367744645 -0.120313247763405 -0.0432037973426109
0.41605093211272 0.109295992410003 -0.0930778800989753 -0.0673543698674303
0.289180649066649 0.356991936793426 -0.0312499363500577 -0.06952552042295
-0.0657323295755623 0.466626385577666 0.062988615687493 -0.00611816090264828
-0.511528169864356 0.250664277339613 -0.0599536314588667 0.048356657261363
-0.56458460934105 -0.263167404994466 -0.142945028148734 -0.0756124253901338
-0.307757916177451 -0.564605458322671 -0.0581374689543943 -0.287062732330354
-0.290572513959321 -0.508807514734773 -0.0648866445920417 0.177497413799215
-0.478691496689595 -0.177466635266734 0.0167126938937788 0.031751855174531
-0.407703074391768 0.207502053678096 -0.0259040102226097 0.0506545860799542
-0.0327592175161637 0.392548615110163 0.00521967277524608 0.0643126105038248
0.244245205734831 0.312076236148448 0.0834077794412685 0.0383397682900407
0.362559493917494 0.11770782978846 0.0746676563869592 -0.0527389475510966
0.336338923109829 -0.0507100983198709 0.0190663269683204 -0.0683492904663503
0.323247829525861 -0.0879748364839198 -0.00186273721459748 -0.0654800622018375
0.351003914009714 -0.0372138064173284 0.0131470855776506 -0.0652790107848096
0.423086917056349 0.132651468478233 0.0303310235112419 -0.0479548892728631
0.284317561243448 0.375014248750292 0.0396940818622608 -0.000503187139973186
-0.0764785206018484 0.464779116357956 0.0702563356797506 0.0389595063478201
-0.504176892804433 0.242192120971248 -0.0125736290457935 0.0570684344158399
-0.568178883945178 -0.258014747626596 -0.0464962805827933 -0.0193148915988004
-0.321545821305495 -0.565707433025099 0.0360291921261116 -0.0946371733962723
-0.291195903572357 -0.47026709181511 0.0476123242291409 0.368290754013039
-0.473517410637868 -0.151134912396968 0.14903528273479 0.0723708844335138
-0.388721243063479 0.21282406262375 0.00877357201440837 0.0235516457879066
-0.0378263834572002 0.379535257232876 -0.0197168514883053 0.0914407671336213
0.219789155083763 0.304529866780721 0.124350861713008 0.124944547934428
0.337741682628399 0.125208348188155 0.195124862104882 -0.00846330236289285
0.321292320694596 -0.030072884478528 0.155568434327721 -0.0768526350735876
0.302269888054618 -0.0578488561489525 0.125394869330209 -0.0892563080977549
0.316197467236176 -0.00921574107010002 0.136039620254613 -0.0777170416560814
0.353771526949208 0.135361199435275 0.133571581549768 -0.0278571563266971
0.213519540165866 0.325734599488975 0.0952941697774296 0.0526662631816297
-0.08576487394073 0.360048212561625 0.0664274711360935 0.0679184339993804
-0.395736897479023 0.162466766582312 0.0341529568373112 0.0508037742924755
-0.451840964958611 -0.215597036073418 0.0450581609191542 0.0272218810107219
-0.26904934728279 -0.466948543817433 0.11956895422019 0.0802683632016662
-0.236897603313365 -0.35193149623446 0.150838204210616 0.526433926223266
-0.366597827184346 -0.102128063829887 0.262997113703248 0.114200999210619
-0.286359105720683 0.162054555628145 0.0421186945696747 -0.00209921529631573
-0.0383309562604934 0.279366565761795 -0.0423529810599535 0.109278527190288
0.146665473307346 0.235178298679856 0.149565755077932 0.200990426099994
0.248320847417261 0.112232131287652 0.294256822889927 0.0410901706183631
0.251619423100635 -0.00141653466422124 0.275908529173358 -0.07388709209752
0.234918421082389 -0.0159653825312826 0.231850996022428 -0.100302637447709
0.235689760595519 0.0213980538874883 0.228048370308672 -0.0765085673983062
0.230061138470698 0.123435908863752 0.195635348328594 -0.00631683692609559
0.10452416977324 0.232229484438441 0.116188116410293 0.0831259302610948
-0.0938599294951196 0.200986630322038 0.0455400514272314 0.073429660482692
-0.233753880854327 0.0494692832577345 0.0645249748263278 0.0324535604629506
-0.259787831833497 -0.150927741010092 0.10299772765624 0.0544046941325251
-0.173671569103036 -0.301437507844389 0.176603431931325 0.207419285211279
-0.141837559983012 -0.171378991238154 0.222750652535313 0.621778791948837
-0.191021040601287 -0.0342825841401005 0.334741007218621 0.150683691217541
-0.126620661871622 0.0817339685370891 0.0712883417432645 -0.0257658762623425
-0.0303908241511542 0.123303565299074 -0.0602885378235615 0.107461215830736
0.0481350565341402 0.121640990328037 0.146674648931205 0.248312316234393
0.114196255836897 0.0797261577093391 0.34929506842262 0.0885599024976586
0.138452714527276 0.0286634258647918 0.357126261614909 -0.0615365228829924
0.133450227795986 0.0283347173737732 0.302636854358962 -0.096777837153417
0.127870125033415 0.0470743677040603 0.279435771324615 -0.0616088277429221
0.0905426483612396 0.0972049147216665 0.216438195889623 0.0171348360717556
-0.00245209388942988 0.126707762197776 0.105898605449387 0.0930981444929048
-0.0898244177555856 0.0499864276505321 0.0135452363647302 0.0591258222443825
-0.0731235324008692 -0.0444483470625385 0.0754742396595755 0.00681694991713915
-0.0688338263083892 -0.0689263818239671 0.127771528692082 0.0624674696524214
-0.0672956360324194 -0.107232919787637 0.202617567905688 0.271381753368748
-0.0100458256797885 -0.0459744357349268 -0.263715957950624 -0.314842545592222
-0.0618212282850971 -0.00795900078661784 -0.207229078825837 -0.0473418474193015
-0.0461139777071595 0.0695309132590145 -0.0678777879274412 0.0376496468249012
0.0566723812264963 0.0568142329626671 0.0317089053796325 -0.0113078671743876
0.0744288057195491 -0.00975754748637429 -0.0538780155769666 -0.115333351038918
0.0327390291393563 -0.0518871869209912 -0.21311429624471 -0.059134465000967
-0.011764962420474 -0.0602008225002524 -0.290246410642736 0.0339214857092303
-0.015918131076983 -0.0588632846467114 -0.315787759768473 0.0730458919496626
-0.00467060590166987 -0.0478210136612217 -0.346440297846533 0.047887784563596
0.0379818092444773 -0.0369580482791098 -0.322090759712203 -0.0747598990570495
0.0531033033921946 -0.00873742282712696 -0.167404652186806 -0.20283438215931
0.0199778416838048 0.0415780171490134 0.0281450697290187 -0.12395819541105
-0.0538431209216718 0.0304943531761101 -0.078198560173373 -0.00545303926787974
-0.03016181137651 -0.0509891548555288 -0.225657662200509 -0.143846121543628
0.0199272547621684 -0.0577591585679781 -0.218118434399827 -0.568354995038649
-0.0959066614836667 -0.20114870046887 -0.252300621133947 -0.262324713672103
-0.173178403981528 -0.0714598910513225 -0.193038469003955 -0.0440815203532698
-0.142953875776683 0.0930516532940898 -0.0678652677071705 0.0587095783468285
0.0317455236158272 0.140891416985072 0.0461065734601421 0.00838860111507906
0.128337005023649 0.0794267059281042 -0.0192899030262603 -0.110947477924976
0.139366590672176 -0.00966011757828941 -0.180106263175199 -0.0833916717092084
0.100862615390309 -0.0722746243749032 -0.266633308490764 0.00419133948312722
0.10334014557807 -0.0892202888135647 -0.293422266653845 0.044598123007312
0.129028565466268 -0.0655067948015795 -0.313580401184176 0.0214070182846309
0.193030142763045 0.00890106287979553 -0.282040565881339 -0.0801401948856222
0.152736003366519 0.128045422704697 -0.139407195855566 -0.174981567923074
-0.00865461161019838 0.208625901895184 0.0390814833096636 -0.0941468396612357
-0.233438743584204 0.120732350283167 -0.0926808979348207 0.0120816899152602
-0.24197101160058 -0.136538862931156 -0.232243922722075 -0.143634366269354
-0.116849679024636 -0.266070054851076 -0.198911286061139 -0.535022951642459
-0.177918059946761 -0.336307099318946 -0.218744376380029 -0.158777683622579
-0.283195515785531 -0.124215225559403 -0.162553494406443 -0.0304494809227258
-0.238649716437289 0.122156373392594 -0.0635678314848184 0.0711190777037506
0.00480803628164755 0.22687617245977 0.0453637744276098 0.0239632576959553
0.177449887497718 0.167826663684646 0.00966619850348809 -0.0873439433555008
0.236319408712917 0.0351515343797547 -0.124919045501285 -0.0917917031461874
0.204471417700476 -0.0758962711134119 -0.204327636033058 -0.0229092797953409
0.206707116734734 -0.107255689070257 -0.22670388591105 0.00928876843934384
0.242678898590761 -0.0719998914150125 -0.232554589007973 -0.00878448150378995
0.322615588932958 0.0549448323836346 -0.201250198837753 -0.0746410773788798
0.236879070204142 0.250630433039148 -0.0934009845529924 -0.126605383137715
-0.0345585831777494 0.354538349431318 0.0479865278406694 -0.0557274332685082
-0.387781892736989 0.200186572459395 -0.0871990926174868 0.0297789736243436
-0.427491320981992 -0.202450937275234 -0.204914269155216 -0.118419076538108
-0.23674911868793 -0.436370785455178 -0.146164476113622 -0.432294597336648
-0.250235263821474 -0.434619969019181 -0.153950517637036 -0.0109768279018402
-0.390254656719627 -0.153332135051328 -0.0956604888812925 -0.00547205163875012
-0.328203415624882 0.166579743827283 -0.0486354974073154 0.0678430181836457
-0.0130264262223614 0.315039915679325 0.0300664267118342 0.0390807996735015
0.22241394074464 0.244835134395425 0.0413484460241086 -0.0393499399105285
0.313918048402904 0.0746835971847791 -0.0413424104482932 -0.0809481250823265
0.282529722220561 -0.0716967695126551 -0.106820619880355 -0.0459828699342751
0.278279936142806 -0.109132951052829 -0.124783268891794 -0.0287666157997583
0.315181873005997 -0.0657054544682684 -0.117688924661406 -0.0386594306634676
0.402367623150686 0.0907451055729002 -0.0913605206447559 -0.0620499555532819
0.288295491297128 0.331209615625784 -0.0295979484825197 -0.0629683758096331
-0.0523929194732618 0.448772095831995 0.0579287189937588 -0.010883012629489
-0.480050135066803 0.253612603791843 -0.058614699975104 0.0443138138684377
-0.544402876983565 -0.234357707436577 -0.138689746330338 -0.0728754258413739
-0.310241253903074 -0.532652751162863 -0.0660709585775994 -0.272972374956102
-0.292378096819307 -0.474368442557921 -0.0584133714415622 0.166270005528953
-0.462493579468042 -0.155354023620736 0.0115346182505706 0.0270936292371144
-0.381495300101609 0.20964858783806 -0.021350826841431 0.049121308881964
-0.0204041629129775 0.375818456372248 0.00818702066736077 0.060941182049193
0.246161962040748 0.29149788134037 0.0813833805350073 0.0307601491819173
0.352107949257206 0.100107168571788 0.0679705052952804 -0.0557742041539914
0.319918914542945 -0.0584779515790988 0.0164711863605797 -0.0654801349085069
0.305542670109224 -0.0927686845004958 -0.00403751362326635 -0.0632078509034994
0.334763292989661 -0.0464790980624872 0.0104914498161981 -0.0637390117601686
0.410334620556255 0.112072978009222 0.0277183257424822 -0.046801781812421
0.285222228421907 0.347615051055811 0.0410049312455234 0.000671341247235301
-0.0605009412107117 0.447738264985803 0.0666745619767194 0.0323408377617661
-0.474733109295065 0.245195100397503 -0.0138352700240968 0.050080387177427
-0.549239378954097 -0.228427853926281 -0.0456766676903991 -0.0215412909388367
-0.323050733284438 -0.532300943090323 0.0292514093608339 -0.0914929271319591
-0.292283001207761 -0.43864100952148 0.0554064395389326 0.34600208507319
-0.45545584306656 -0.131304586136617 0.139855895058009 0.0633694375991385
-0.364782683385953 0.2151206191809 0.0107651934256111 0.0223780946657612
-0.0247751124929033 0.36485578563371 -0.0146094185372073 0.0873499483617132
0.222298402828442 0.28510440471093 0.123889689701053 0.112545123372527
0.329734367008592 0.107886923413054 0.184509597117141 -0.0169155940970071
0.306921934161736 -0.0377944812944721 0.146871609240675 -0.0773609096498849
0.286169500128922 -0.063419352710207 0.11610107136338 -0.0890861705501027
0.3019742437385 -0.018550010789205 0.127276095907981 -0.079628206605669
0.343354105692092 0.116764324558196 0.1264356374887 -0.0315004572536496
0.215646148334872 0.302256556355396 0.0950751218022146 0.0491940304841755
-0.0715545245683774 0.346590848184439 0.0642010531825861 0.0609822466160984
-0.374629003793661 0.165696833932864 0.0312507710896244 0.0430385520600382
-0.436167921009423 -0.191344589278041 0.0421150434796197 0.0214741217222579
-0.27015369081394 -0.440234640928015 0.115719910103308 0.0726765656062564
-0.236932877158513 -0.328867899024521 0.159758943949271 0.495488647410488
-0.353856355061942 -0.0878612083334699 0.251337698176801 0.101482128090962
-0.268516281289986 0.162149276470539 0.0406819058546212 -0.00288031113674581
-0.0296314842396646 0.268898163305873 -0.0356172666197583 0.106292794685008
0.149033786958399 0.22216848576038 0.15126908424624 0.184908679282459
0.243752019640595 0.0994647352578924 0.281302150696161 0.0267454285506574
0.24098965521314 -0.00871795822850873 0.261533343379896 -0.0789803075284891
0.224010280953293 -0.0212214490079866 0.21913575677285 -0.102571172631859
0.22631534828087 0.0133900842095559 0.215601430016477 -0.0806062624388196
0.224240673627966 0.110854640676543 0.187185517238123 -0.0118707089011771
0.109227549147129 0.218128842420961 0.114959663585816 0.0776630358353923
-0.0833902619384752 0.195496695485494 0.0446325321162701 0.0677534697316508
-0.223011247597224 0.0527631669814237 0.0598055977161312 0.0243935345857119
-0.25138623635835 -0.135993327112617 0.0982401950200623 0.0474311262399277
-0.173021250566339 -0.28493678567827 0.174380715744049 0.192407771396863
-0.140528268341077 -0.159580997183904 0.231932434090075 0.585358937384374
-0.184144842263749 -0.0286390517832283 0.322432287457241 0.135903496084596
-0.118489063743683 0.0802396417341945 0.0662768651636464 -0.0254283846943378
-0.0259949034542558 0.11955477619682 -0.0538220402244893 0.105368763961577
0.0504497883802466 0.116189241867668 0.149740145476445 0.231084597031779
0.114553659706947 0.0728294975964711 0.337252706906131 0.0710319797836753
0.134612690510476 0.02274474173247 0.3390406357397 -0.0690156730598174
0.128895895281627 0.0229960425824389 0.287001457434955 -0.101098989483724
0.123782210804901 0.0411965444403704 0.266040678686452 -0.0669376978688771
0.0899825847863351 0.0901418910365258 0.206857404199494 0.0107707029773149
0.00297649191980259 0.121132186518455 0.104299421686675 0.0875623871346174
-0.0845121763027403 0.0517699183569414 0.0142067747300558 0.0554858007551447
-0.0727082874905661 -0.0410867989131293 0.0703522734914776 0.000834165821573301
-0.0673526509311626 -0.0637470766881345 0.12224372461388 0.0560095341368006
-0.0655582241871418 -0.102662665640278 0.201789674730269 0.254130404537166
-0.00948405077757337 -0.0443363140878213 -0.255639474094563 -0.307764099255657
-0.0594418633293304 -0.00841449897724147 -0.202290539989279 -0.0485284033304358
-0.0450995983083218 0.0671961564244061 -0.0651273015719994 0.0353216280025067
0.0546975835857344 0.0543837742490993 0.0316645671704807 -0.0108757501103935
0.0722600462343615 -0.0103049420900219 -0.0514212821325134 -0.112286320701423
0.0312630063344238 -0.0496093708167845 -0.20657280032091 -0.0582203131239269
-0.0119901891409748 -0.0575888035016659 -0.283035026136081 0.0296276636273706
-0.0156086221918482 -0.0570638649955619 -0.309135099051725 0.0684828249142037
-0.00353529904460556 -0.0470387073979707 -0.337743351363092 0.0441102898152308
0.0368825913950257 -0.0362931388669099 -0.313305205085055 -0.0740351450922496
0.0505145940940105 -0.00908883332434529 -0.161906906529984 -0.198709718384994
0.0185012368591409 0.0402590190714058 0.0264258492540856 -0.12120889607638
-0.0502158734750933 0.0298530984147595 -0.0759241164024242 -0.00642520016479103
-0.0282779551031151 -0.0488630016212583 -0.215475106363974 -0.146464878849793
0.0187784527367289 -0.0537571567587475 -0.205083825930778 -0.553702344839696
-0.0907716065994211 -0.194617944505002 -0.244839794081998 -0.257647632172689
-0.166097284620567 -0.0703450189322622 -0.189289584993561 -0.0462155143643872
-0.13863459967184 0.0889287322183265 -0.0640041179519185 0.0558263920403514
0.0290200114699796 0.135764533656573 0.0457901212104301 0.00765143898429983
0.124924805014963 0.0766848001360162 -0.0179744742129714 -0.108095618389145
0.135162042785002 -0.00844898816959913 -0.175192625072104 -0.08236660480744
0.0977204261645249 -0.0686484326402304 -0.260118319956617 0.00199843701146643
0.100289877348217 -0.0851637776561194 -0.286961521617373 0.0400830500541819
0.126414772943729 -0.0623094307284407 -0.305602395872026 0.0182597596947178
0.188181634664688 0.00909070357714981 -0.274193088904117 -0.0792584619584996
0.146824609378779 0.125003533341395 -0.133730243532903 -0.170493619747323
-0.0108523319110948 0.202349357498229 0.0361458618611068 -0.0923809829557962
-0.226390889536654 0.114442934550947 -0.0907596733752997 0.00972450629023814
-0.233202131027481 -0.134546018035159 -0.222700194653918 -0.147025746927822
-0.112498161166222 -0.258408628533724 -0.190147633482304 -0.522026547985449
-0.169851278877415 -0.325191121305913 -0.213018315865655 -0.158521583772984
-0.271809559976284 -0.122341858891061 -0.161700317706422 -0.0333556953461804
-0.231606069915022 0.115386676766115 -0.0596442603325798 0.0679852377083634
0.00247637798131009 0.218968160849789 0.0448238512633722 0.0226566402277402
0.172584467918383 0.163371904333525 0.0101924372805912 -0.0854709159288274
0.229772656480452 0.0348064416335268 -0.121786213973513 -0.0903011943177523
0.198247219116814 -0.0716063104326397 -0.198713775323128 -0.0227901546505414
0.201651326521613 -0.101326263620306 -0.221955038470494 0.00610690603947683
0.236565060702998 -0.0678221212390997 -0.226575465084792 -0.0114304743101726
0.313756088008512 0.0548762613567893 -0.195550942350976 -0.0739999468467451
0.228123185515912 0.244047496668981 -0.0878797880619559 -0.122461149820794
-0.0374550296375931 0.344687060387245 0.0448822781091234 -0.0558417897459028
-0.377142708137195 0.190023121181931 -0.0866672723285022 0.0258921823382907
-0.411985899546963 -0.20064722408965 -0.197648777311926 -0.12136077958331
-0.226298872335431 -0.425879346053911 -0.141102174593862 -0.420537842033296
-0.237309936063997 -0.420230301447268 -0.152144205865357 -0.0160032744512505
-0.37655607437398 -0.151616039653511 -0.0976563881168905 -0.00891680395692005
-0.317317807315016 0.158420718969459 -0.0453677254556728 0.0650979789974613
-0.015416002349127 0.305413191433745 0.0302839155712928 0.0375263184929476
0.216837107855606 0.239145042966491 0.0409292077844372 -0.0400669604228989
0.306398255578542 0.0727896491775146 -0.0409589555188951 -0.0809912365222928
0.274962936042085 -0.0666465921034164 -0.103158274765016 -0.045935318266265
0.270959639428482 -0.101652866954381 -0.12224936243378 -0.0294855044317622
0.306729110987223 -0.0609992750998262 -0.114971277827247 -0.0397855424897028
0.391816292482575 0.0902426484211771 -0.0884646918843831 -0.0612567372486924
0.278015666408424 0.321942815725539 -0.0251824307882743 -0.0598209016709877
-0.0535610567430064 0.435722857180819 0.0538690857827556 -0.0121743504536262
-0.466921320460797 0.240118142037818 -0.0600031548558396 0.0389690984047032
-0.525545822801981 -0.23192023441108 -0.134765854154601 -0.0762116032817743
-0.298286275478434 -0.520803197037182 -0.0637541856731951 -0.26556196516172
-0.279768859689674 -0.460038573481786 -0.0600224201351264 0.156768894999925
-0.446603742013276 -0.155708990103616 0.00624415241877782 0.0245490133196536
-0.37148308407632 0.199551918802664 -0.0190486796951942 0.0473927330344162
-0.0233925004678091 0.364715772167279 0.00883652737755798 0.0583898196687049
0.240020592459256 0.28467282122772 0.0787968035596141 0.0283507538158489
0.343755131779724 0.0980707022160499 0.0650639885157926 -0.055398131106788
0.311320019497419 -0.0550667575245427 0.0164920092651152 -0.0636613738187835
0.297781971619808 -0.0860293290879972 -0.00384945723816799 -0.0618726283627088
0.325644780879643 -0.0425210267631901 0.0101248704568108 -0.0632926000669459
0.398334923632755 0.111033841028715 0.0271166785303732 -0.0461549722721766
0.275709696311214 0.339351743351815 0.0432817843635964 0.00266443061867139
-0.0609149504016069 0.434689590157838 0.0617460906990472 0.0299344862837292
-0.463395008560499 0.232778634211379 -0.0169306337301569 0.0441089848288684
-0.530360595586211 -0.225635115307001 -0.0455373578190097 -0.0245320994774108
-0.307988474698344 -0.521039721713516 0.0266008605779463 -0.0891821631434114
-0.279200305124478 -0.425876100324365 0.0493914733314696 0.332170302344344
-0.441645195560275 -0.131420406284305 0.131463398234305 0.0615600256749159
-0.354582711989504 0.203276596994157 0.0114111089379178 0.0224014693129557
-0.0273654618411017 0.354972658708044 -0.0139957785368924 0.0846016453353668
0.216928034465757 0.279481006529412 0.119823235828497 0.107477605241531
0.322792203801206 0.106093067697314 0.177954281833585 -0.0187263978248319
0.299398726672804 -0.0349516581582652 0.143361842966992 -0.0750050164628066
0.279112304867555 -0.0579839200448475 0.113808568025415 -0.0864950397715224
0.294330344966791 -0.0158510647443766 0.123861439509255 -0.0777097129552227
0.33381628228722 0.11497816126272 0.123066124733976 -0.0300545048668129
0.20882597123584 0.293547897215264 0.0950677371681899 0.0501050978932832
-0.0723714409015574 0.336534888341809 0.060107713943003 0.0582058182404764
-0.364904269867116 0.156341532345532 0.0260877424344363 0.0372682960607198
-0.420384339146064 -0.188350706694643 0.0386741220270017 0.0191483391942718
-0.257519459503875 -0.432690124061315 0.110067103268633 0.071356583826806
-0.226554824813086 -0.320087695007309 0.150139362311761 0.478400775971267
-0.341461631777661 -0.0893289174512766 0.239980339839755 0.100959483699535
-0.262531316541094 0.153913994853819 0.0408877382309771 -0.0013685624733848
-0.0318134968374158 0.26203477505511 -0.0351191180989701 0.103133104483214
0.145335529086295 0.218449727910308 0.146446755788275 0.178599414000525
0.239022914150448 0.0966398381135298 0.272063011177227 0.0250997204705543
0.235778503625184 -0.00708576860043392 0.254365375793814 -0.0752955120706454
0.218160870350955 -0.0176222416750918 0.214331998214943 -0.0979507263482269
0.2196110152479 0.0146584096856124 0.210345119865558 -0.0777722167830798
0.218413369479265 0.108354813772736 0.181072700527747 -0.0102939486774364
0.105617122287471 0.211786785622826 0.112760768436274 0.0772071578892273
-0.0826917138554175 0.190495625569854 0.0422453327517103 0.0651212821883963
-0.21809730009573 0.0485272984609888 0.054245832919774 0.0201854671312068
-0.242169868099709 -0.133912011011538 0.0925897605112659 0.0461930936024328
-0.164213792255585 -0.281584939584027 0.167296709081859 0.187704687899356
-0.134613756842089 -0.156847017320432 0.218646901967168 0.568843821636542
-0.17847308744114 -0.0303313468220017 0.310498970580167 0.13709383845499
-0.116116957659489 0.075668004073476 0.0650911877647528 -0.0223387100028114
-0.0269830372774253 0.116942864178174 -0.0525505699494569 0.102574553723666
0.0490610770605976 0.11510567118931 0.145046186026447 0.224166138851481
0.112785270010795 0.0712929655846291 0.326697487824508 0.069062143272375
0.132151541513165 0.0233243857040096 0.330670370167367 -0.0641275428966452
0.126138336939301 0.0236389804140027 0.280514049419705 -0.0951527415878558
0.1196907438184 0.0406746603026111 0.259026738047825 -0.063840933393587
0.087250233718501 0.0882329216357701 0.20079868395129 0.0118050920522693
0.0038207528977541 0.117990234818543 0.100788639154491 0.0862571911589009
-0.0817847962294172 0.0505454098354908 0.0123358176744292 0.0539169964443738
-0.0712680513493725 -0.0404479599201976 0.065506032376788 -0.00200451841244519
-0.0640969690239287 -0.0623808938484076 0.116282591563385 0.0558905132456003
-0.0617966661963436 -0.103447429358186 0.194494917999891 0.2483908070276
-0.00187525437508022 -0.0439814062405529 -0.210199622461674 -0.342920963389476
-0.0558323765609384 -0.0186917737289712 -0.19523179435965 -0.0809502568952427
-0.0548030261015853 0.0596526782762798 -0.0709818924337029 0.0208216840488778
0.0441166494480021 0.0620580913811648 0.0296043915480256 -0.00699588802261927
0.0726119376684095 0.000845726690390246 -0.036693734194023 -0.117048452626352
0.0385800631705319 -0.0421052782645722 -0.197300031981897 -0.0867261503210694
-0.00483518847834798 -0.0570729977072026 -0.288025961635625 -0.00932870915137589
-0.00810043184495899 -0.0586203950310357 -0.319842552127479 0.015542380466792
0.00290658856688508 -0.0431310002409031 -0.345776131050594 -0.0115187027817211
0.0397225567968108 -0.0288707411942694 -0.300275568337528 -0.125391741991695
0.0471589800440155 -0.00164091420571616 -0.129940510040223 -0.225666429590829
0.0096349386488604 0.0416883496513092 0.0455313788108728 -0.118835811097789
-0.0535474970488624 0.0227314555282252 -0.0724157386863113 -0.018738412437691
-0.0215751221394346 -0.0503367850877954 -0.188124759338669 -0.185971888348606
0.0191520819628719 -0.0467803809529643 -0.109702493516605 -0.591874858569277
-0.0611975267412584 -0.204060093881574 -0.193685613741188 -0.290808391834543
-0.150970341691395 -0.0964411395202467 -0.17883650514171 -0.0804144589920306
-0.150020218709188 0.0661006637035298 -0.0706587075152121 0.0348715794660656
0.00554451005066282 0.136856557348733 0.0399471571543848 0.0094786964773415
0.109604293223019 0.0951928815206292 -0.00816937178823044 -0.110949239614287
0.134969811943762 0.0144448925354246 -0.167594960810844 -0.104296654088578
0.107837138698215 -0.05026380904435 -0.263379730634457 -0.0341967918493336
0.112344740122034 -0.0660437526641512 -0.292300357309519 -0.00823671809865604
0.132909530038061 -0.0366155985746504 -0.308957012423069 -0.0349423925108813
0.181576034760199 0.0405989745766921 -0.259544171469871 -0.12773490556856
0.119879928670402 0.145221481697824 -0.103075617993264 -0.195253874358187
-0.0483436429747072 0.197124896054416 0.0527650604386689 -0.0905653991036331
-0.241342908608245 0.0768124126543453 -0.0885872346459332 -0.00370741550678091
-0.207929189009842 -0.169860618283036 -0.195270855412077 -0.181204298743205
-0.073841059027311 -0.273445393067232 -0.0994332783724682 -0.553925360081089
-0.119972708050885 -0.343113740038968 -0.164756033222389 -0.190235818885223
-0.247245233547895 -0.16459825919505 -0.147868209179346 -0.0668795915054277
-0.245796083891681 0.0764368099125559 -0.0658657485759504 0.0424184763287964
-0.0353629145302373 0.214395910255177 0.0361584017590928 0.0195001574038171
0.142834369010595 0.188836604208501 0.0129000951705334 -0.0882053700986059
0.222195660283622 0.0723654726548476 -0.118057269242164 -0.104110672459507
0.209728845841529 -0.0364256949033143 -0.200644290422383 -0.0511242605268403
0.21548259116569 -0.0652700003612688 -0.221560436640552 -0.0303452884899758
0.242683042565637 -0.02439044167358 -0.225994713784366 -0.0512049836083291
0.298676038859356 0.105784656616516 -0.18101038459304 -0.111306996383035
0.180290687962186 0.275561072696138 -0.0630142289081325 -0.140843594189808
-0.0992979444570234 0.33344322327653 0.0560354474848657 -0.0545766713247549
-0.402724858809726 0.124984018517354 -0.086200907865539 0.0134324837663216
-0.372599072419925 -0.267248059405622 -0.17570030585437 -0.145876184396291
-0.15370781552726 -0.460272644914474 -0.0698880535380545 -0.44114091734969
-0.175008261473129 -0.446284908967715 -0.114379554008631 -0.0402010016584337
-0.345986749233091 -0.210634722621749 -0.0830667973971081 -0.0363270065201355
-0.337701194912967 0.10403348198488 -0.0499504945984636 0.03545304983423
-0.0683854571999474 0.295632719309891 0.0191308140912658 0.0281421640812855
0.172330186118482 0.270255770071725 0.0335269909277805 -0.0421693403272507
0.291835088108484 0.120611106925057 -0.0435146605400594 -0.0821198559815142
0.285018685483853 -0.0199880077263158 -0.103507815199265 -0.0607314342751999
0.285079553518792 -0.0538010898679865 -0.116110995553684 -0.0492880246595648
0.309982657286419 -0.00729003127363198 -0.108661489421104 -0.062513733027238
0.36946840606371 0.151916703835106 -0.0753865140746403 -0.0829781998943828
0.218976691800868 0.359931217585723 -0.00871807832276276 -0.0688193914079586
-0.130853881048619 0.420851079173455 0.0589545259671334 -0.0109834763690292
-0.499007391997132 0.159684801165481 -0.0613260066717322 0.0309858834693486
-0.476353501098924 -0.316996600102018 -0.121500309154232 -0.0861363559398005
-0.206184315415022 -0.566498157301789 -0.0211461277413671 -0.270475466966303
-0.209869414471873 -0.493435523507169 -0.0437979523746272 0.143600191570949
-0.415208115681289 -0.225501823715444 0.0181479994117544 0.00978430339282223
-0.398139968591388 0.135391302405812 -0.0208226918039417 0.0183852784088642
-0.08568347632458 0.35350747461066 -0.00655276735046745 0.0427567976915899
0.186494185404327 0.320911299697586 0.0601546353278498 0.0292417089247623
0.324712247201354 0.151993777383075 0.0561190680544842 -0.041430878302229
0.320877933554972 -0.00237335094081338 0.0182188357323553 -0.061916201706036
0.309805187908388 -0.0345295725305238 0.00675278720358193 -0.061799206908326
0.326573297791201 0.0127013986867549 0.0196192044470284 -0.065592565672915
0.373483467346362 0.172334742766802 0.0371430039918717 -0.0492666626887484
0.213383179622809 0.374781260525884 0.0503295778110077 0.00539623116612761
-0.136541731424067 0.417262057524776 0.059784373685144 0.033401430673948
-0.493601201866401 0.150588414503153 -0.0207255861446158 0.0437470122928253
-0.480782156736498 -0.31182087618083 -0.0430561690932512 -0.0185383710021963
-0.214049405802432 -0.569840622474274 0.0387965634199736 -0.076461293293478
-0.21468735083941 -0.461147429579136 0.0380898765587645 0.33270960941072
-0.415049710126851 -0.201989335234977 0.13694845747443 0.0663721830124833
-0.382234742849123 0.141597681607232 0.0121827132347785 -0.000631806011008389
-0.088925449076042 0.343965804754703 -0.03182427767631 0.0656359691046772
0.165094069145459 0.313142715813345 0.0904972001795325 0.112671834634965
0.302322897585653 0.155022816482686 0.164304935829304 0.0115076506530182
0.30609976972186 0.0139452455557434 0.147353220091376 -0.0557396488867756
0.286954826153022 -0.00945807769904636 0.127692009621947 -0.0654435033471546
0.291328510441428 0.0323408033999118 0.136305012407133 -0.0608814018300461
0.309231261589477 0.165394699273132 0.130035151301651 -0.0161953698549687
0.157722726597538 0.320324724690886 0.092809111524392 0.0623302883161401
-0.130168985864115 0.319696369340511 0.0532374171021833 0.0631913982863969
-0.383202512086582 0.0934401662161019 0.0211267297539368 0.0419659727164526
-0.377448976813591 -0.258136316095228 0.0323400157808165 0.0373818482814123
-0.177131963633942 -0.474975662556531 0.0956192594861358 0.09758126740826
-0.178635823150042 -0.350065746049063 0.109113296754236 0.494455485670281
-0.324192548087257 -0.144029336578532 0.236970775494296 0.125927182501026
-0.283679414827224 0.108032431193738 0.043741048514328 -0.012662323390262
-0.0776346463349243 0.25244677916332 -0.0530838601076106 0.0856789022787254
0.105220548079866 0.241506189581878 0.109911044798611 0.189256790748886
0.221705726329669 0.132492814635282 0.255849197289955 0.0673964207805414
0.239379397725842 0.0309698165375651 0.261075548794384 -0.0407803985573438
0.221793382610553 0.0196832396401887 0.230050472618315 -0.0606514919458292
0.213914073274611 0.048726723416479 0.222309442164071 -0.0449063814869055
0.198058023882052 0.140094648054706 0.183718253361084 0.0150366933869169
0.0715535614281644 0.224057610092207 0.103635808475677 0.0945036452306924
-0.113560685448178 0.173289669109435 0.0325954727742783 0.0690757783385413
-0.221779891717103 0.0100439015340702 0.0492855465025299 0.0284485194063095
-0.212739133655425 -0.17372561549997 0.081217836273468 0.0690160540319629
-0.10976932260688 -0.310509485840711 0.133215821985214 0.222467614255112
-0.110978423943919 -0.176567189773482 0.152040693360464 0.596293689347695
-0.172336168883883 -0.0596481834544748 0.296402274386935 0.179679309144364
-0.127202754434803 0.0543415805342081 0.0688146100830183 -0.019249464899642
-0.0475003097215246 0.110857426968083 -0.0672666161977057 0.0891296569037794
0.0280409517833309 0.123986092542099 0.107178879204999 0.237831751099271
0.100234376240677 0.0869839754229752 0.310190862277463 0.117871929761454
0.130344839446095 0.0435798270320354 0.338104927284644 -0.0191681455807447
0.122799739436661 0.0444268912105534 0.295684825996772 -0.0471760588108257
0.112220092481578 0.0572198911612807 0.270168089631987 -0.0214749438587034
0.073084835552124 0.0996759850739333 0.198808813983344 0.0435303238581129
-0.0130530781986663 0.115721841957643 0.088327055229544 0.103448335451144
-0.0881180670236766 0.0360666346631273 0.00477571602940789 0.0555795624954765
-0.0642130108218186 -0.0534134665342335 0.062357609151519 0.00694613624966929
-0.0506330379222142 -0.0744504171670353 0.103390537864658 0.0781108874086394
-0.0379333713362853 -0.116713812096286 0.151467637019564 0.285681602687007
-0.00228674579614508 -0.045298541253627 -0.217733872510494 -0.354135077368698
-0.0576789312305415 -0.0192308010144936 -0.203470056578792 -0.0846034222263691
-0.0565468950342233 0.0627366962743672 -0.0737537255627415 0.0202894374257618
0.0457529584625609 0.0628023788348358 0.0315896979318948 -0.00712259971220636
0.074727927822564 -0.000738998683494161 -0.0366892229279044 -0.120901340003521
0.0394398705571791 -0.0430354894280032 -0.204087181648771 -0.0884157211687744
-0.0058529316065955 -0.0583452521550738 -0.298954884024795 -0.010355838999741
-0.00870801506730659 -0.0600024622090362 -0.333516284869533 0.0146622017210823
0.00346414543813368 -0.0446832114393902 -0.359777367300712 -0.0125554868238808
0.0417106875179312 -0.031269870654412 -0.312052497559081 -0.129082970285988
0.0483654018017928 -0.00242424499155656 -0.136360881397304 -0.234168936963282
0.00985669068693272 0.0424594603742107 0.0461386477497303 -0.123890232442603
-0.0542758064336695 0.0228622868285037 -0.074375053712524 -0.019798668850879
-0.0217428997111815 -0.0513607913468533 -0.191843535780139 -0.197412323987971
0.01889716170471 -0.0472122851679336 -0.11157748986419 -0.61278592275811
-0.0619235087274276 -0.209467795078396 -0.202360640801443 -0.302867201311589
-0.155342236638295 -0.100320452181489 -0.187780272426325 -0.084116397339885
-0.154730178356742 0.0675900012778883 -0.0727452378933747 0.0355315919274396
0.00553621257788697 0.140792080923137 0.0425426076214006 0.0100921961490825
0.114192932655502 0.0969809730093782 -0.00799644808296379 -0.114672397797599
0.140206217244196 0.0149498456535433 -0.174335030499096 -0.10758836198237
0.11103372472025 -0.0512268290218255 -0.27270854492788 -0.0347750786914172
0.115787157572418 -0.067870915268636 -0.306325981489375 -0.0100240794153477
0.138960602772955 -0.0382304349603463 -0.321914229483382 -0.0365838689544305
0.18914703446914 0.0414539120813249 -0.269548002545944 -0.132274116043537
0.124006191253766 0.150694567791744 -0.106113681721338 -0.202268991247863
-0.0510526729367051 0.204178565556518 0.0530638419839443 -0.0947122506645078
-0.249262866769284 0.0774279414566806 -0.092716934409699 -0.00555830655847751
-0.213773739837095 -0.177836009907337 -0.200797304955852 -0.192519921884861
-0.0763306144177687 -0.283474927436264 -0.103715722016835 -0.572469947207358
-0.121259408495848 -0.353453251712162 -0.173004396744707 -0.199183826657914
-0.254324061757816 -0.170900627159377 -0.15673281063548 -0.0703378275790006
-0.253813025735241 0.0776319003632828 -0.0671460982999144 0.0417578944737215
-0.0372845080089254 0.220628160324288 0.0379916785298148 0.0207181509136964
0.148582499314715 0.193302358896439 0.0137295314480208 -0.0913367100241838
0.231892455281655 0.073387191906171 -0.123654358671776 -0.107622923098943
0.216535463738038 -0.0373465602216576 -0.208705484582454 -0.0529821893453235
0.223835550267285 -0.0658962210737944 -0.232630123427094 -0.0326244953928854
0.252500909025293 -0.0249464537130862 -0.235484682302831 -0.0546994172069859
0.311101652547179 0.108654933823678 -0.187972311486799 -0.11628435952138
0.186686184468181 0.285660006724445 -0.0625394003205045 -0.145927020133594
-0.104313877044361 0.346092287454341 0.0564745293203018 -0.057843372520418
-0.417088979693896 0.125912488745297 -0.0920153955449011 0.0113659005976285
-0.383595973039533 -0.27852224565252 -0.181433822404305 -0.155998895921379
-0.160360383868711 -0.477681550192706 -0.073523095078034 -0.453513194833787
-0.175728152242402 -0.460649995738582 -0.122431277282279 -0.0455968495201309
-0.357626263787748 -0.219409753220191 -0.0913685210157859 -0.038720014701588
-0.349983878869756 0.106415034328402 -0.0496184811390507 0.0354717180723961
-0.0709179881889407 0.306066847639884 0.020167828328447 0.0289637134095716
0.181211664608348 0.279208799965369 0.0346091226086275 -0.0440367190790052
0.30382672293001 0.122779987325497 -0.0465639851439002 -0.0862182622828605
0.295539790575331 -0.0207566150189596 -0.10767036298374 -0.0627363015486404
0.296003659414579 -0.054319430745129 -0.122047275139316 -0.0521589739798767
0.32205976463044 -0.00643579197273111 -0.114154450627167 -0.0660569752775041
0.385556502257288 0.155953641263354 -0.0781568709068381 -0.0865434149584585
0.226706880049131 0.372216708949329 -0.00583461244490674 -0.0707655811255775
-0.136252004824421 0.437275867303768 0.0586065792971983 -0.0129260467700674
-0.518273294256194 0.161711974430242 -0.0679529725477559 0.0288227103686178
-0.491493888795523 -0.330769677118323 -0.126861419742275 -0.0932666392074106
-0.212202914713853 -0.589162689784744 -0.0252686829017125 -0.278269104964127
-0.212630900794206 -0.506368432904881 -0.0486603293479264 0.142963658024613
-0.428037276768044 -0.23414719832665 0.0133425125083751 0.00934330081188312
-0.411829938449125 0.136793812896699 -0.0196856189197585 0.0183210872433342
-0.0899852215411267 0.366499096887833 -0.00548637338060673 0.0444428173641242
0.196042627394105 0.332236767880849 0.0623224452514417 0.0290261101015184
0.338389089971764 0.154459096136179 0.056018535417076 -0.0450864886793471
0.333377765837415 -0.00246935336791803 0.0186826424316275 -0.0641387576579314
0.321577610247707 -0.0330518436881195 0.00651083876323589 -0.0641046728676988
0.339070249941094 0.0143375275160764 0.0191974885027848 -0.0691343454491073
0.389324305725984 0.17670412188234 0.0381627961668491 -0.0519112806450832
0.221472634535103 0.38792977039072 0.0556526989356123 0.00654455943517196
-0.143195106728064 0.432509072027045 0.0594699122338817 0.0337768192222962
-0.511954006695595 0.153618510970806 -0.0268652062635339 0.0409747746952067
-0.496146749449798 -0.326046144205732 -0.0463389620639748 -0.0205679514427018
-0.220323676018885 -0.593439232083488 0.0376756047330813 -0.0777603957003341
-0.217525644324813 -0.476506649650156 0.0368673923620079 0.339851383136631
-0.428074199638716 -0.211011938950667 0.137262787499737 0.0688481775288729
-0.397842116457137 0.143462060842984 0.0146772639717552 -0.000821125445063046
-0.0942595696769288 0.356709068566673 -0.0324734579860149 0.0682254904375763
0.173443224438313 0.325572494900028 0.0931835374600194 0.116072300657238
0.315581400582826 0.15885098067023 0.167957744835416 0.0096923108546814
0.318667155734233 0.0148667141978791 0.152600471060391 -0.0573613101439142
0.298918505472135 -0.00766816611862201 0.13242402050755 -0.0682597270198575
0.30180781609067 0.034323089534816 0.14016301410457 -0.0636936041961306
0.32218566381793 0.170621002705974 0.13418231973391 -0.0175413954991327
0.164069120423531 0.330952835434037 0.0992157809360902 0.065086774822409
-0.134459956337659 0.331090437019464 0.0522863705705069 0.0645268498916418
-0.397978969061255 0.0938127448223865 0.0159588419363864 0.0402701453072348
-0.388799701726277 -0.268459733136229 0.0309484816530062 0.038379122444725
-0.181379217441072 -0.496051033542043 0.095485947188739 0.102123876535872
-0.180617945863123 -0.362607922332222 0.11039985463818 0.50799084624458
-0.334787855616958 -0.152063285400335 0.242258683409276 0.132586423037357
-0.295909450764882 0.107770438594964 0.0467622498798001 -0.0122513573349079
-0.0814403056215068 0.263250360821959 -0.0548901264907805 0.0888119997987102
0.111110474134694 0.252048691401956 0.113298893302085 0.196364256231469
0.231744227985642 0.136596842536497 0.263358995529012 0.0682586843212692
0.249719945277224 0.0318650145474655 0.269891352547096 -0.0418731164733956
0.23039268130801 0.0219480747693658 0.238765627081536 -0.0621666406871195
0.22206821846363 0.0508010251465313 0.230019892595198 -0.0470350567126042
0.207201404912326 0.144970637000458 0.189863340594204 0.0150580767972468
0.0748924229247262 0.231029476103894 0.11048417834911 0.0981582687636604
-0.117760468403321 0.180134014766645 0.0335988149304422 0.0708443510870116
-0.23065108060307 0.00882135344525105 0.0459475206430457 0.0259786564812042
-0.217771728321852 -0.180664836697373 0.0815237411061369 0.0722519655479692
-0.111941486061673 -0.324506207497648 0.135723239745452 0.230503740423708
-0.112415791461695 -0.183631038745335 0.154580160216334 0.613226975366444
-0.178778549025729 -0.0641362460720348 0.30447988863841 0.189866112421607
-0.133174790216536 0.0540943455788405 0.0726286048374383 -0.0172144411305258
-0.0503782873636952 0.116590726358023 -0.0692852413478054 0.0926010245912534
0.0297059149534108 0.130640398825273 0.111893065237826 0.246977601436904
0.105483272364451 0.0894400683397049 0.321275411914119 0.120073134577168
0.136546710661034 0.0446665655417655 0.350328427203819 -0.0195035008652061
0.128778676316962 0.0470101342412748 0.30831430810762 -0.0473222885631361
0.116172573849494 0.0591220572013774 0.280073800878002 -0.0222823906877445
0.0759961912549644 0.103655283443725 0.205719991932936 0.0455116516196386
-0.0117753999398035 0.120016063819326 0.0924792620834926 0.10781497022663
-0.091280307323783 0.0385800286520771 0.00498774381232531 0.0570652598759638
-0.0675597738051232 -0.0560739032206705 0.0615310673644923 0.00434655624663426
-0.0515244149163178 -0.0769553440012856 0.105236790994974 0.0823339851483861
-0.03869585757614 -0.123416961443278 0.155413911825425 0.295938812854787
-0.00452900945207308 -0.0465859175148378 -0.240667878001097 -0.358902307030604
-0.0603271683814307 -0.0188174669133667 -0.217332814933717 -0.0793649171521774
-0.0551326558483467 0.0678598358877378 -0.0763965770551886 0.024005927050296
0.0494247372829805 0.0618332053775396 0.0339892056780911 -0.00823417308333387
0.0768334984548113 -0.00480945982078353 -0.0410683632606965 -0.124787840701244
0.0392422947071996 -0.0463226220851286 -0.214633141676683 -0.0821876821139612
-0.00952688351998464 -0.0592196827882427 -0.311961148968439 0.00134070623227748
-0.012556785044684 -0.062460892881082 -0.350535181180386 0.0287719022433266
0.0027653697001676 -0.0470207051015508 -0.376036992787425 0.00193866672717695
0.0420005885821408 -0.0347659394366803 -0.330485987870415 -0.120655715173511
0.0495943361398206 -0.00499245803889917 -0.151950806742169 -0.237843098279864
0.0123211526214863 0.043716810245593 0.0424788630770449 -0.131123914537195
-0.0537593506203524 0.0254357302608182 -0.0766361694623406 -0.0190864891301505
-0.0244240417130717 -0.0517897981894625 -0.204805879782417 -0.203241613024317
0.0176531718145972 -0.0477320524065543 -0.138399214590615 -0.630341151857831
-0.0713491714298082 -0.214267166752875 -0.223473777811649 -0.307881426113583
-0.164930897267954 -0.0984376764409233 -0.202222039305027 -0.0803552907288227
-0.157447618216856 0.076022088711354 -0.0748694308216688 0.0387366676015566
0.0109274032655715 0.144661525609935 0.0450895607871387 0.00929665745405091
0.123409241812171 0.0944452499465996 -0.0111323714855791 -0.119731907120516
0.147041737088106 0.00868446814134433 -0.185590027311973 -0.104012431762292
0.112606478519694 -0.0562765610691368 -0.286354165059336 -0.0263546902947508
0.117832715644343 -0.0741949483534728 -0.32206976092481 0.00185173058609042
0.14430302123425 -0.0447367257149838 -0.338439758115494 -0.0253499388299338
0.199386017560221 0.0343883086377061 -0.286849166082493 -0.12672345940343
0.134233460311898 0.151215201864132 -0.118430470097527 -0.207063167737413
-0.0455284026868817 0.214143236010704 0.049672605000911 -0.102150791112601
-0.256100889689285 0.087656716929997 -0.097853235414637 -0.00344530777548693
-0.228651081056415 -0.178555627614089 -0.215715114911124 -0.197432542641689
-0.0906929293662714 -0.291119476221881 -0.128489455900523 -0.588566674275605
-0.137240934555517 -0.360258047992424 -0.190058718355505 -0.201970826256417
-0.27036676020284 -0.168118243062848 -0.169745089233208 -0.0664447995761775
-0.260067714049412 0.0896571044004777 -0.0680412090443284 0.044823034987779
-0.0302102007424641 0.229812654970002 0.0408854773037905 0.0199154092559376
0.164184888899646 0.192778619249134 0.0115717147608322 -0.0962674690445395
0.244499033433909 0.0650694644288599 -0.134151874267511 -0.106427165009016
0.223406775172882 -0.0470323247572562 -0.219184766430185 -0.0469499425679032
0.230179981060527 -0.0763282077625836 -0.245773223898112 -0.0258041477209316
0.262367540146498 -0.0355000993117767 -0.249750930527169 -0.04787976413931
0.329823641119143 0.0986963917166482 -0.20035673749697 -0.113510884853193
0.205484198852018 0.289769728733658 -0.0688991861529493 -0.149575385010767
-0.0966220463054775 0.36464340944393 0.0543838162890944 -0.0631723734129381
-0.430102905328743 0.144512136311776 -0.0983071186207572 0.0143166523808966
-0.408039999987189 -0.277494050636799 -0.195511880294567 -0.158658922395716
-0.183792128682764 -0.490526894419058 -0.0957579294002459 -0.465074358098225
-0.196666995400053 -0.468614381735364 -0.132766004860888 -0.0456956436536346
-0.37805556376332 -0.215013168982069 -0.101418888106641 -0.0364015067133562
-0.359947066143189 0.121386812999793 -0.049144251935313 0.0374084948273387
-0.0624960143195532 0.320732808988137 0.0223846516319686 0.0293621400597424
0.201385920875741 0.280926843514213 0.034994708532095 -0.0466193376744249
0.322127831018467 0.113285653296068 -0.0539512272159852 -0.0883981558659761
0.306480995057814 -0.0334601841290244 -0.114156376391709 -0.0602334938032551
0.306018146138035 -0.0670065935288699 -0.131617690551097 -0.049998383147451
0.336556093500668 -0.0190034984273532 -0.123084483315589 -0.0654744980439488
0.409446610533258 0.144871385217934 -0.0851963423801757 -0.087526861731392
0.250553157535477 0.378134229738476 -0.00487894140194373 -0.0731385278156295
-0.125095682830651 0.460019931869539 0.0576641160089857 -0.0160535287380697
-0.53575097652341 0.184307905883305 -0.0749614537286197 0.0312556572332763
-0.522883734869805 -0.327961845819261 -0.137152035389121 -0.0934856154507466
-0.243358149931638 -0.605978802985911 -0.0382620625280307 -0.283490719917077
-0.235901614567884 -0.518160061721273 -0.0495742468505083 0.147042639391979
-0.452751736979367 -0.229688177135845 0.00942919401105874 0.0102352761883845
-0.423336529042981 0.156320259778721 -0.0183702512048434 0.0183351478905537
-0.0797982422345475 0.385304555339749 -0.00353346272458067 0.0466456088928717
0.219305107510819 0.335909309076741 0.0655454265373695 0.0274563298586375
0.358330959513571 0.144394893117723 0.0540858931645135 -0.0498765050699969
0.346464428546696 -0.0174707630447865 0.0166745938024048 -0.0667866969265226
0.334490481122085 -0.0448275731975546 0.00237323635049195 -0.0671901377101029
0.353115947422704 0.00219015919100975 0.0154139661119497 -0.0741088836385239
0.41453478685313 0.167279331543126 0.0378548929407664 -0.056165761161881
0.247138285891403 0.393976902787877 0.0623025531695639 0.00379372900678205
-0.132270643765197 0.454967476242961 0.0606829502317599 0.0316865004916701
-0.528688113046792 0.176359318648189 -0.0331309406274204 0.0416728942821571
-0.524359513705815 -0.321518162014087 -0.0515182600348345 -0.0203913896336565
-0.252974491517449 -0.610516377700684 0.0329648981386181 -0.0787420538554622
-0.239705493231885 -0.486539594214409 0.046041830626024 0.34738260470279
-0.452167922215914 -0.204520116333826 0.141393916643221 0.0675462320497553
-0.411152147747308 0.161444160707474 0.0173731377890443 -0.0012838164923499
-0.0847449026934256 0.376377072332434 -0.0307418618799485 0.0726110314206574
0.195295062067773 0.330000435418892 0.10111132634209 0.11738760868382
0.335946266550378 0.150137088141323 0.172554951962226 0.00134167792526972
0.332383366659959 0.00129746774620213 0.156381920277146 -0.0646519311207088
0.312010148538422 -0.0177401454478537 0.13526605282967 -0.075607995273716
0.315442221082806 0.0248317393285746 0.141837729876505 -0.0731202466417127
0.343663317998251 0.163444990339524 0.138276178705608 -0.0242906654037506
0.184947624585673 0.337084066735556 0.109390886793049 0.0640496328804569
-0.127080648681772 0.350547623700302 0.0556581740166976 0.0643745667747012
-0.412746586639773 0.110469417774565 0.0118989395633206 0.0389566605944022
-0.413143289522067 -0.265854516930867 0.0311015348885983 0.0397401272080213
-0.20788409283785 -0.509872033867214 0.100068674203911 0.104540879252404
-0.197456570524713 -0.369398089096334 0.129145325566605 0.520762253597812
-0.354057925124899 -0.147599324008275 0.254271124748799 0.130196556621789
-0.306015121767866 0.120934206968876 0.0507100933606543 -0.0138052410481108
-0.0751085221783569 0.279105030817064 -0.0526376764853953 0.095368925567379
0.127391320620705 0.259136464299626 0.125837832736967 0.200135730411809
0.248326907131804 0.130948201919279 0.275169073616134 0.0581847156218303
0.261776476144092 0.0222131586350549 0.279428716917976 -0.0538142065200856
0.242398025155419 0.0151962678035515 0.247550574233894 -0.0738953587360846
0.232237423729299 0.0452065285710952 0.237620003608107 -0.0588883186365663
0.222461976239719 0.141768182697608 0.197765051640216 0.0079293172618672
0.0880685204585648 0.236874085166158 0.120747539400778 0.0980119266891156
-0.115342559723188 0.192382307046856 0.0352634559405201 0.072123553098385
-0.241500910205482 0.0162149656475146 0.0434785131405896 0.0229539455190683
-0.233118858208549 -0.179944937901386 0.0855403745398556 0.0736950258494779
-0.129214099449533 -0.334829650971025 0.148253279771032 0.234992078102427
-0.12147374553555 -0.187073953704264 0.180859423321864 0.631515831312034
-0.188191874927232 -0.0602981148784086 0.323974718419715 0.187549455282077
-0.138022118955984 0.0590718641418662 0.077211338381562 -0.0193334112131528
-0.0480698848029023 0.125072438208447 -0.0683529133799755 0.0998430477415572
0.037842837131807 0.136002188815125 0.126387461757679 0.253175249057053
0.114829353323499 0.0880549729289738 0.338016830607412 0.110787575040217
0.146069172549052 0.0401122708107691 0.363933718472742 -0.0340148406762119
0.137533335869857 0.0446638696182444 0.320497817942433 -0.0615272930717943
0.122696049393737 0.0577623237432337 0.291112284921268 -0.0345376944554916
0.0841485177776499 0.104739265879182 0.215479798316178 0.0391885311874447
-0.00686236466800895 0.125066241260631 0.101940269760638 0.109484923817796
-0.0929812544691481 0.0446392215380876 0.00616847862380755 0.0587862964702127
-0.0737064225492366 -0.0557562497089738 0.0603257658743746 2.15343480143489E-06
-0.0564565109529058 -0.0786028884522398 0.112033792024902 0.0833865972292404
-0.0441971620197297 -0.129294264976317 0.172933232315753 0.301189971293811
-0.00765351694042172 -0.0466904162967229 -0.266188888946478 -0.345823532751869
-0.0615977737395503 -0.0156260845872253 -0.226627098515633 -0.0643336557511569
-0.050716054376682 0.0715658657832942 -0.0773142773001836 0.0302466287907716
0.0528118932955621 0.0583144504824757 0.0348080517357272 -0.0102889178971988
0.0759485491935896 -0.0115270864180327 -0.0485761071481988 -0.124078370001801
0.0367834407679479 -0.0487454801481275 -0.22066116475233 -0.068870281912346
-0.0143571915977604 -0.0578229285474459 -0.315538829106283 0.0213970305236247
-0.0182875170366233 -0.0616359952369589 -0.355716298440676 0.0521221488789647
0.00057596861137047 -0.0488786998357743 -0.381331025573141 0.0263746389591816
0.039896348737199 -0.0392250382848083 -0.342803939157495 -0.0992602139834411
0.0487933592302395 -0.00877466336152015 -0.171125454181198 -0.230756612144772
0.0149889339511618 0.043262306418242 0.0337107579764906 -0.136587176955698
-0.0514237009512593 0.0278426872107435 -0.0776777788048739 -0.014850681549882
-0.0277306068240056 -0.0504935497835386 -0.218901307726139 -0.19704807152119
0.0143356613914925 -0.0472504134312574 -0.177302158345833 -0.626914551408352
-0.0837829005911581 -0.211078831340411 -0.246622701559738 -0.295335215129382
-0.172270345186656 -0.0893629215346435 -0.212014945740883 -0.0666644233210129
-0.153026384718007 0.0860351622455746 -0.0748114772701868 0.0428651827875506
0.0196723919130205 0.143907195152135 0.0470857311390539 0.00635490817048834
0.129934888231164 0.0851307442359038 -0.0184180726882216 -0.120649538677628
0.14915487934394 -0.00175590811975981 -0.19382760129533 -0.0917968779334017
0.10932229063591 -0.0630558895787228 -0.291465440162525 -0.0077601295048508
0.113615063459816 -0.0820972152163191 -0.330100567503655 0.0228391337719441
0.143676326491367 -0.0557358465726607 -0.345128176844678 -0.0027827170400458
0.20447251572697 0.0198863561516678 -0.298366372966771 -0.108421162427019
0.144955551857337 0.143814026118162 -0.132594850783153 -0.202171206332727
-0.0323704117866448 0.220276572410917 0.0430633218103413 -0.107143025970093
-0.252727747646709 0.103585450126365 -0.0996251807175725 0.00229643794016031
-0.241700130612766 -0.166232781715647 -0.229967592721437 -0.188942167807686
-0.110450862166112 -0.287080681749531 -0.168775348138931 -0.581392283113274
-0.158534342488519 -0.354163141369892 -0.207681538785232 -0.192572979888757
-0.282113931603949 -0.152572196696661 -0.180022143705315 -0.0554633532027365
-0.256386208009992 0.106048417684344 -0.0671616222984178 0.0481243548140244
-0.0155904666957334 0.232499508214048 0.0434862159084436 0.0181227098383594
0.179497370545667 0.181476974331005 0.00670687496835626 -0.0976351709403583
0.251862218429598 0.0468094383073217 -0.143435640340211 -0.0980389695495212
0.222529685674068 -0.0624242612533217 -0.225071092313258 -0.0324681974341256
0.227803428211572 -0.0906832126635867 -0.253076793929878 -0.00977447308340695
0.264401911495937 -0.0530615590892903 -0.256587989675819 -0.0323582708240513
0.340325545610562 0.076766029973341 -0.210987199761566 -0.101859236740426
0.226664227461593 0.27845104672209 -0.0777829875667914 -0.147493388774861
-0.0743451810745473 0.374996605558097 0.0487143805640966 -0.0679499508735033
-0.426236505809628 0.16977916826902 -0.101746215488388 0.02052339558739
-0.42893818300435 -0.257351014612507 -0.207823787729785 -0.149204315987848
-0.218322160071989 -0.483233348233442 -0.126979387363088 -0.458337151727984
-0.223801198702055 -0.46048800687769 -0.140070564142953 -0.039834525960329
-0.393727078648536 -0.19336541738157 -0.109102356301014 -0.0289782240657946
-0.355670442156973 0.143391149317773 -0.0477210202466247 0.0397103818603381
-0.0409619832940028 0.327251043210644 0.0251894579480467 0.0283563577309178
0.223029021314881 0.267882247020976 0.0324619386511687 -0.0499031634982852
0.333745508625509 0.090071329245597 -0.0620024258744439 -0.0847785434062985
0.307232228428315 -0.0545940218467854 -0.119771861307283 -0.0532909556648664
0.306396379217307 -0.0857041735094088 -0.13829889080673 -0.0420979651043652
0.33935348963999 -0.040070850400366 -0.130655037252389 -0.057812716235938
0.424549962304295 0.1173506136003 -0.0918194388852304 -0.0837481982496325
0.278058445843101 0.366421526797125 -0.00629094069418582 -0.0752512503720032
-0.0971704057002718 0.472883217381985 0.055012172533404 -0.019970752666581
-0.532029386911439 0.217998023966728 -0.0791959485283862 0.0363662505991596
-0.548678175024081 -0.302273884436265 -0.145406299063314 -0.0859366301983574
-0.285287800413123 -0.595586744060251 -0.0584840889320383 -0.278345701922868
-0.264560962965388 -0.508071855497463 -0.0452835559964548 0.148117707194353
-0.471007705214611 -0.203975477002931 0.00503424122559833 0.0104741350688532
-0.420150490761744 0.182117858705084 -0.0168347977713355 0.0190204531829625
-0.0558102659746052 0.39378809915938 -0.000201767814411311 0.0479488892181999
0.246187532517574 0.323923122314715 0.068782033831269 0.0241453159152725
0.373130066969371 0.119205720145947 0.048866858119621 -0.0543155472865387
0.348981098720381 -0.0408026474251248 0.0126751189403979 -0.0677255096905301
0.336330321936542 -0.0657421049048751 -0.0025347085758393 -0.0684998605984262
0.357890494832821 -0.0195179515669711 0.00915558960711982 -0.0758059792437711
0.430535889230411 0.139221798371191 0.0334739812453968 -0.0602051517960023
0.275871688860586 0.381689952207569 0.0664650301245482 -0.00136129834835158
-0.103988866673099 0.468528258186062 0.0611925797743841 0.0280453232963227
-0.525585085660553 0.208226338773565 -0.0369064023461656 0.044507423604015
-0.54874219046046 -0.293551135502771 -0.0554019996772065 -0.0165638531429035
-0.29443433703353 -0.599487238090554 0.0260015395181044 -0.0767574079390381
-0.267097767829651 -0.474661213194064 0.064174176863329 0.344438223647303
-0.469675134772151 -0.180312584585971 0.143384850617735 0.0608915166884844
-0.407018866771025 0.187523003961477 0.0195124280136479 -0.00429862534999179
-0.0603916518144513 0.38670498479064 -0.0259515088979641 0.0760116732026114
0.222112219930513 0.320579946320898 0.110954038307871 0.112755449562595
0.350629912704206 0.126743237687378 0.17249064555229 -0.0104729735908016
0.336269267761329 -0.0219768223822282 0.153824357397876 -0.0750249263594991
0.316011197919431 -0.0363558171425088 0.131978288879745 -0.0856926956798519
0.320686861648874 0.00559213116827027 0.137115740752992 -0.083428357058056
0.359058563303556 0.139675295357463 0.137404194388913 -0.0339237958022418
0.209988319581375 0.327705759481294 0.118097826052279 0.0567141076194886
-0.105059848663549 0.36148786599281 0.0578214025416826 0.0606596218153698
-0.412333912530672 0.134896941411672 0.00762018908596442 0.0391825600801686
-0.431891966876957 -0.243729261383129 0.0316141508827615 0.0399450691515794
-0.242345012395384 -0.502889370525126 0.105495191037859 0.103213645465883
-0.218438209765179 -0.361718008681424 0.158399553246715 0.513574125773916
-0.36626787888443 -0.128331686140446 0.263084940260114 0.117341860596844
-0.303459538019161 0.139936952588956 0.0529614038036388 -0.0171964354668016
-0.0578974377835629 0.287395101077167 -0.0467499978944846 0.101245214994965
0.148618177797328 0.253810343854833 0.141120169395138 0.195004285146348
0.260631094384153 0.114395433635594 0.279750655293331 0.0393139739678899
0.267390169214433 0.00363853629000633 0.279979505357965 -0.071560347637417
0.248578235930264 0.000578441311833115 0.246308169228238 -0.0908741787928135
0.238274495737675 0.0314904066469278 0.23474339435048 -0.0752532743767316
0.235099691562404 0.127036761408544 0.199240095524185 -0.00540623718530093
0.106407834380743 0.233670688421433 0.131332150430516 0.0908122088469422
-0.103120423012085 0.201929797578445 0.0383769601226958 0.0701147932009493
-0.244014319423671 0.0315812043007031 0.0399779501945051 0.0195533508466722
-0.244989797193128 -0.16796999812029 0.0892689027318099 0.0711403518493639
-0.15180214188827 -0.330432723096773 0.162897485703365 0.229635473952172
-0.131770216149444 -0.182819592393661 0.21839751059108 0.623443868052335
-0.194506825902462 -0.0510058057867428 0.338165654265769 0.170495590803301
-0.137699499728642 0.0667697662202938 0.0794619215027696 -0.0235152550990998
-0.0401640185300185 0.130816198385418 -0.0628037117985215 0.106584125410892
0.0491152707184366 0.13612490417504 0.144668834652617 0.249377220348876
0.122614388366146 0.0800082626429516 0.347759292124593 0.0877387883738354
0.151121810286742 0.0288654126873235 0.366909486779399 -0.0575474491043122
0.143766950676556 0.0367587806047209 0.322766261482881 -0.0821871461590034
0.12727860330701 0.0512853089519466 0.292475244195797 -0.0540700889895063
0.0928603359467721 0.0996108148802838 0.219760041147244 0.0248397895442082
0.00309418569557698 0.126927768319886 0.111085149996757 0.103068094025465
-0.0898806426389438 0.0510251643250024 0.00916249905068075 0.0586839034252544
-0.0798953349995664 -0.051309795620027 0.0568260221260188 -0.005188712667101
-0.061263630514277 -0.0765533778397497 0.117975885062507 0.0792037578742872
-0.0526242438390665 -0.129948143087196 0.193406972397122 0.292560737094424
-0.0108698000169607 -0.0444884224937518 -0.277107821503229 -0.320007033275226
-0.0607227644617833 -0.0122131833139608 -0.224534733366949 -0.0471029681473505
-0.0448272318494153 0.0722562946741447 -0.0740159719134572 0.0346076309710718
0.0533890849556459 0.0526669680180686 0.0340133261141657 -0.0121983899897846
0.071399932116023 -0.0159491608841322 -0.0534367068188775 -0.119347199973737
0.0324967459444217 -0.0494413773827653 -0.217194082352347 -0.0534053504933589
-0.017613992082869 -0.0530744878620064 -0.306052486584035 0.0389832026711202
-0.0223242634550028 -0.0582744884954092 -0.345797040487941 0.0726579740589881
-0.00208547470474691 -0.0490234649823402 -0.36952712179017 0.0478186814516024
0.0361980604939451 -0.0411445659114347 -0.338470808594764 -0.076058989802597
0.0459621925531205 -0.0119797600882757 -0.181102310835459 -0.213441293208456
0.0170337566204147 0.0403387788041213 0.0238404100712359 -0.135598811810257
-0.046575276080334 0.0287738074841913 -0.0752783337191228 -0.0120537615199991
-0.0290870590614484 -0.0470440815877269 -0.222867475442182 -0.184003895726914
0.0115248812565939 -0.0447579484460376 -0.204922291821554 -0.595773502974357
-0.092315805817027 -0.199407592161424 -0.256677867058198 -0.272764193200899
-0.171314064010621 -0.0772617163526164 -0.212171270994877 -0.0502928486045164
-0.143067987230424 0.0919510980426421 -0.0716297431322686 0.0459796629421514
0.0266320611732302 0.137511389677472 0.0464031297635188 0.00352637152611696
0.130127580435935 0.0731090559264473 -0.023502680099534 -0.116739420183457
0.144859823725801 -0.0119868743103688 -0.193649280679303 -0.0768660273963171
0.102267416638673 -0.0668275180833367 -0.284040864002085 0.00948669596030544
0.105583521039127 -0.0853693368931595 -0.322717099681787 0.0430338817812621
0.136782552507366 -0.0628223113786834 -0.338112333686884 0.0172878754158801
0.200151086752333 0.00601005022657847 -0.296677991493287 -0.0880399520701873
0.148781205291397 0.131516807120425 -0.140658838858257 -0.189060559484588
-0.0196594422425698 0.215115896220573 0.0342648988727288 -0.106969887704041
-0.240878578327284 0.112195583760248 -0.0971500697963045 0.00711219619469794
-0.244192329568151 -0.149426213513913 -0.232985079356907 -0.17424211888492
-0.122776829083676 -0.271222806976337 -0.192612099672713 -0.552243958174458
-0.170503396014358 -0.33451124970411 -0.214634839525124 -0.175547960022044
-0.28110339125334 -0.132305008420131 -0.180930722893376 -0.04249263005615
-0.242592077468854 0.11584569657181 -0.0642667488217791 0.0503902845745835
-0.00195425265615884 0.225209006824607 0.0437412107148413 0.0151439778608106
0.184299263675171 0.163362482828325 0.00136713116263059 -0.0953170536410851
0.246350962740009 0.02925549746353 -0.145050544700813 -0.0860645085257037
0.211399694369906 -0.0722791204162864 -0.220156728325682 -0.018656370523659
0.216905061162056 -0.0997868505624627 -0.249980579206217 0.00609644325562719
0.254711638090007 -0.0667703655634067 -0.253512977299853 -0.016547310555519
0.336403443140737 0.0521933779608983 -0.211205903901782 -0.0872910830468144
0.236365763288144 0.257784157747586 -0.0827431712389593 -0.140413402806532
-0.0514040963496326 0.367919313889247 0.0422173806207387 -0.0695995244781453
-0.408077353411049 0.187315988398644 -0.100224556460415 0.0261311554984499
-0.431251926921849 -0.228430552332419 -0.209756602805686 -0.135146052264777
-0.238496856682844 -0.455929271233289 -0.147258876060297 -0.432239077083513
-0.238629143693524 -0.434344558052987 -0.142153601784205 -0.032093045250784
-0.391572615943848 -0.165954256584678 -0.111365479043933 -0.0207802518855721
-0.33705412444486 0.158092873329263 -0.0451747803765131 0.0400117370443338
-0.0217532804755293 0.317629663630732 0.0271245807182142 0.0268147110306418
0.233548548303961 0.244794069738305 0.0303395097334169 -0.0503046400582318
0.328661416490201 0.0656513114496707 -0.0661527940775788 -0.0787883634134422
0.294235883507284 -0.0701375395381426 -0.118790760938302 -0.0448485670417651
0.293191312371629 -0.0991222638375432 -0.138823592657256 -0.0325799776757215
0.328105989724484 -0.0583118615507203 -0.132301725568167 -0.0487440233376262
0.418868572085149 0.0863329402866734 -0.0950385497337244 -0.0765707525516292
0.290697312916266 0.33943288840891 -0.00865857462604722 -0.0745535813959854
-0.0682223074341007 0.463019025059206 0.0507299615247589 -0.0226607104572326
-0.506689038169891 0.237275227058337 -0.0791155101433871 0.0414537920343939
-0.548482339123621 -0.265842683606661 -0.146082642476629 -0.0751899455893311
-0.309098276460846 -0.562714715753897 -0.0719291086892673 -0.260039616211575
-0.279682855624722 -0.47892828456342 -0.0410586697110443 0.144094051227876
-0.467530474764247 -0.172826951075519 0.00199270938599123 0.0112856237819815
-0.398442837350645 0.198443564583597 -0.0154243100245047 0.0176312763964195
-0.0314275818474107 0.383433331054015 0.00364751495396805 0.04665732179718
0.260118292533836 0.297747211985079 0.0696900299979065 0.0198029128003983
0.36909634231465 0.0913260650393458 0.042402643476763 -0.0553448100023167
0.335576499807463 -0.0603089760454038 0.00845221695879562 -0.0658822767625858
0.324846282557042 -0.081570443374459 -0.00831816587801519 -0.0663859264009423
0.347267278938064 -0.038458301523496 0.00312631801641838 -0.0744228247072823
0.427416398865322 0.107326737492214 0.0282015134274784 -0.0609324737778193
0.290455105567474 0.353020683843303 0.0671822814401562 -0.00771201673081787
-0.0758911504960983 0.461275323926939 0.0585447827881938 0.0236979105735311
-0.500654599996684 0.229690886148261 -0.0385314911307735 0.0470901678972404
-0.548674189329208 -0.258231689661846 -0.0543182810832588 -0.0108164034839854
-0.319168735463088 -0.566468289945018 0.0217769173393662 -0.0697572246893473
-0.280705842896634 -0.448451017478965 0.0756987504604886 0.329334861303237
-0.465317305287197 -0.149638391334794 0.13950303965901 0.0521909689782755
-0.386995378022067 0.202175303745031 0.0197954966004577 -0.00611066051519852
-0.0367120338793598 0.377380034874318 -0.0198350148166436 0.0761064094437438
0.236992836144445 0.297779580308031 0.115609724255105 0.103678544194145
0.348408843377066 0.100844257960061 0.164896297917203 -0.0207940307568339
0.325307442875794 -0.0417323683930765 0.145567738016521 -0.0810937750845855
0.306949136843279 -0.051964049100368 0.123559482770806 -0.0906014076576025
0.312392883855938 -0.0118232332692024 0.127319305361199 -0.0883491358458849
0.357823746832588 0.112569713829452 0.130114862050819 -0.0412837919991697
0.223974022887185 0.305212102259996 0.120600340459535 0.0456851285565056
-0.0820646466491072 0.357252482262892 0.0573021002412081 0.0565042134350912
-0.394308256015932 0.153303676160656 0.00415590263343216 0.0389575616188343
-0.43174091171321 -0.215545265801473 0.0322228318275012 0.0397199554141225
-0.26346892418436 -0.473345475861313 0.107514389618441 0.0978722857744865
-0.228625818934224 -0.341681648166985 0.177316261467444 0.489292229727694
-0.363291128008323 -0.105300305599389 0.259316001987443 0.0998671097733278
-0.289336218346817 0.151386147163836 0.0522380248109926 -0.0211550536014093
-0.0393690595816228 0.282872013400452 -0.0391783066937688 0.101474274931277
0.161549334110171 0.237757657929252 0.149667295720787 0.181902876539002
0.259971852785791 0.0944130569002389 0.272834211603055 0.0211467103107144
0.259492133112335 -0.0136513683792842 0.268394297021067 -0.0853734775125041
0.243594122487649 -0.0136492089621963 0.235667483997788 -0.102363715878996
0.233765479309651 0.0182498378941523 0.223617618304565 -0.0862865246016991
0.236071504844399 0.10770352095268 0.192384245921482 -0.0166896771533833
0.118333572268414 0.219321854962644 0.134686485086357 0.0785455698988561
-0.0880992944526622 0.201985221845728 0.0395572412409374 0.0657777712560345
-0.237104448659182 0.0435116715383629 0.0348711196392979 0.0180555198375341
-0.246479745080414 -0.150634986405051 0.0902626005225096 0.0667592663991417
-0.16684244389223 -0.313521817223419 0.170063386883987 0.215112060694697
-0.13570414973849 -0.171331393716746 0.242383644994541 0.592420890415898
-0.19144848717462 -0.0394492413706063 0.336791768726722 0.147769585901563
-0.131729806249019 0.0712666715159497 0.0780515678244694 -0.0269713500590838
-0.0310695109211123 0.130133579579846 -0.0539034191481013 0.107775424384631
0.0578368997493354 0.129709586769819 0.156392438279965 0.234658908613389
0.124486421424499 0.0702010653859237 0.341945430929515 0.064162596656096
0.148260820269396 0.0180691063296411 0.35332516414388 -0.076295545604244
0.143272160360497 0.0276433527446152 0.312292804015101 -0.099900771584458
0.126357222271177 0.0435708012927294 0.280901691894864 -0.0695617712601857
0.0964751153076554 0.0903245298941575 0.213177097037529 0.0114214821546729
0.0115824819801669 0.122602311363523 0.114462885635614 0.0928170212481275
-0.0836003683255214 0.0555818370287109 0.0105220068862452 0.056702028879821
-0.0819765719151673 -0.0448570230026445 0.0512681726796287 -0.00792697192167342
-0.0631123153620571 -0.0715352927628755 0.118918071498532 0.0727668448303414
-0.0591172854387583 -0.124548325128213 0.204013259758545 0.27264757292522
-0.00504633330964835 -0.0420762652802861 -0.221383236518292 -0.326539290428389
-0.0549640210745394 -0.0198326832536506 -0.20793168701108 -0.0679967715303448
-0.0503740101527422 0.062035335394264 -0.0794693701062234 0.0249153846945891
0.042064033726249 0.0565365081475263 0.0308523139646604 -0.00535747992204873
0.068505616320101 -0.00467730200237747 -0.0375845763829376 -0.114571989247844
0.0390686481754914 -0.0422204220531513 -0.195559221863446 -0.0708793537069343
-0.00970869753606726 -0.0495624115443346 -0.292879200244471 0.00555063537583138
-0.0157957905678 -0.0565892282401667 -0.341018871326424 0.0306619883726908
0.0050443862247086 -0.0461990334996766 -0.361065670759844 0.00559337875362389
0.0406434786177432 -0.0341059715853059 -0.317178693791097 -0.10885922219483
0.0447981475519318 -0.00390395293916487 -0.152729169312002 -0.225457652314249
0.0100623490153085 0.042247786450638 0.0371090531632528 -0.131372282955282
-0.0463298025047902 0.0221448889495366 -0.0691327103116303 -0.0224676638239636
-0.0223256714823654 -0.0452669717632973 -0.193124363679716 -0.20445242708785
0.0154184701507326 -0.036051456142337 -0.130492353613982 -0.600898171125471
-0.0614203561232708 -0.195492105342208 -0.201573848525204 -0.290737845721793
-0.14808251763234 -0.0933381229698024 -0.196823284752614 -0.0764470038400866
-0.143964268310548 0.0666593220631236 -0.0818007138656611 0.0309798570179354
0.00524646466147443 0.131116529837534 0.0374161085819951 0.00923744617371661
0.111408814287283 0.0862225329352725 -0.0139561702134104 -0.107890346334002
0.138622701404072 0.00640416867845371 -0.17158120110172 -0.0859490043686602
0.104822289895569 -0.0492313462961431 -0.270014543809233 -0.0189730301160158
0.109991795637011 -0.0676135394789447 -0.314973058638863 0.00395965509059575
0.13981135043658 -0.0423920971332073 -0.328845677275587 -0.0227638904984168
0.19078389837027 0.0292035292503659 -0.279505615554156 -0.120363590452596
0.125900542869456 0.146004053355557 -0.117133066942821 -0.205043446546268
-0.0460026203453703 0.205362464210004 0.0444714790805019 -0.107578386427089
-0.242572727593329 0.0808859427415871 -0.0864020005933506 -0.00588710324586434
-0.216603010223299 -0.169107120992796 -0.194365672658728 -0.191546207918337
-0.0888025228263304 -0.269868450004132 -0.11294972601228 -0.550486871671611
-0.116161119353671 -0.329390704447084 -0.167592445841795 -0.204818179737559
-0.242554393739063 -0.157935998172124 -0.171401801990226 -0.0720871029789269
-0.239658842354988 0.0755842139221152 -0.078250684397468 0.0301404929032054
-0.0340880758189505 0.209145236520465 0.0306473936676797 0.017625184160375
0.149844878970591 0.177801433993914 0.00314434610574928 -0.0845092490284889
0.228455452894341 0.0564010198092423 -0.126222420755063 -0.0856252151696815
0.208935242007351 -0.0427120206529014 -0.208396093736943 -0.0382608117445256
0.219476847895402 -0.068486730181468 -0.240874232943053 -0.0245507069989094
0.2522618189841 -0.0318881250428113 -0.246283751976742 -0.0469346650701366
0.314866989217713 0.088632250427095 -0.200693983333013 -0.11373628425561
0.194322575698584 0.276816199921053 -0.0673253222343378 -0.158364831358382
-0.094434823071851 0.34749605969298 0.047477281056414 -0.0735429849694434
-0.410506268351635 0.133369412638259 -0.086950384518817 0.0116247253211561
-0.386467851554298 -0.267047706242378 -0.166981237840411 -0.147581290887351
-0.179550749559431 -0.462738072716967 -0.0734313050083053 -0.422049749786012
-0.16460032402506 -0.430939977672107 -0.111366273226223 -0.0715700315966846
-0.339975543894489 -0.203853380550994 -0.110251532812132 -0.0511519105336164
-0.334285974729947 0.101041537127474 -0.0635976825800758 0.018521021928754
-0.0650211303539755 0.292575081304614 0.0102264754830419 0.0254308116412833
0.184764624193554 0.261630278913052 0.0216391395879019 -0.0389275804586843
0.300247844355307 0.101033083264713 -0.0547292259529751 -0.067243364930268
0.287484108045328 -0.0320341577933794 -0.110827622584486 -0.0511681741918137
0.293903895434793 -0.0588745267114404 -0.130573364389721 -0.0487819976704905
0.320775910933014 -0.0145124066732316 -0.127353893458337 -0.0651120662853444
0.388949550989573 0.130257491915966 -0.0925145429271552 -0.0934923284990329
0.238338513147805 0.359274030593817 -0.00411356837259389 -0.0910312337540107
-0.123432141092351 0.437206526085557 0.0506946689603902 -0.0304413388399009
-0.512351357480822 0.170476868382953 -0.0655024882093929 0.0290061779633073
-0.493898031606801 -0.31700233439084 -0.107388234817742 -0.0790402316376124
-0.236618881694657 -0.573226007069108 -0.0145025211232279 -0.243550882258259
-0.199289351106318 -0.477327811584218 -0.03399745473317 0.0989229574266038
-0.409784545487856 -0.218805005256577 -0.00887720560927424 -0.0127934369569783
-0.397192372377413 0.131295577543991 -0.0356279348435225 -0.00249023619569985
-0.0821504049355318 0.35336078805486 -0.0155476626155478 0.040353445206768
0.202167978367909 0.315323507805435 0.0484849658318928 0.0308793922435918
0.334361503280302 0.130647554168319 0.0440640769658698 -0.0325727255777428
0.325282440480566 -0.0190141416633657 0.0117034665152697 -0.0575207132486737
0.322616027650419 -0.0383582347396403 4.31562918379442E-05 -0.0663840752409735
0.336290475946284 0.00649733905313274 0.0049998797434756 -0.0743803029713949
0.392952272699624 0.151449699702745 0.0240278339886733 -0.0655765707803342
0.235145441673839 0.37189910344336 0.061683997269402 -0.0184841150108134
-0.12801181720919 0.431484958096469 0.0533289826017511 0.0167815152784136
-0.506512099926902 0.164331330330573 -0.0281890166290453 0.0402265227750495
-0.494860896677776 -0.309478418319333 -0.0268318223108397 -0.00567041075700509
-0.246219224659471 -0.581099349852588 0.0540335768537602 -0.046737821247657
-0.204490678653767 -0.44968722831211 0.0533514634814439 0.283395543894842
-0.409746806097285 -0.199404589498448 0.114875334212116 0.0406907376304456
-0.386251548179845 0.136427536794083 -6.56806869640703E-05 -0.020535355997629
-0.0862275488873813 0.347648616104664 -0.0396469486078715 0.0648936293622695
0.180775729417942 0.313442233078904 0.0827044168690651 0.113705482918417
0.312483903631595 0.136932362759534 0.154678538785993 0.0116874334013896
0.313102022247665 -0.00335604186155878 0.142980780723138 -0.0583848493236201
0.302409319279185 -0.0135537664110193 0.128344494694395 -0.0745441501648627
0.299757625428168 0.0274962168826816 0.126566009896166 -0.0737852795268803
0.326476734314978 0.146839419057385 0.120545919145084 -0.0349386851000631
0.177453080771903 0.316267528590376 0.108437135332985 0.0415112421428358
-0.121686306876716 0.330703272657693 0.0493501847314629 0.0511350970737527
-0.396604242807448 0.10174020744255 0.00947556642365305 0.0389846567463578
-0.387409612104919 -0.256260147111264 0.0465591815033723 0.0527857100943993
-0.202356438504241 -0.487433553617065 0.114259958394733 0.122721428517407
-0.167946625225867 -0.344801301566919 0.126805728168608 0.44894533178996
-0.322228293047239 -0.144758913931529 0.225256349239784 0.103501004722873
-0.290186265617468 0.101796088603856 0.0371389212642425 -0.0262764187346156
-0.0763853538261245 0.258677083131993 -0.0568731645860074 0.0863739882283552
0.118933488127747 0.246297671520379 0.10957829383549 0.189010938457444
0.230082856368975 0.121127934873234 0.251760352116293 0.0591077500763376
0.247214590828547 0.0147856050188554 0.260002392418255 -0.0504616330667095
0.237639481498474 0.0154350207829219 0.237800529237704 -0.0732104222065845
0.22003313391006 0.045592846540054 0.220564348942362 -0.0605561143416632
0.211098378329449 0.127672743840332 0.180429206968713 -0.00137464009394709
0.0872410315061839 0.221170965176257 0.11988721770743 0.0794914833717874
-0.108619154864323 0.182182776639328 0.0324330633283174 0.062516555861063
-0.233273100156025 0.0153554489387321 0.0362036051663102 0.0234050603061946
-0.218309457327254 -0.173459345948072 0.0916679343282316 0.0830815904188225
-0.126658208068823 -0.323424759878368 0.155005967658923 0.239186060585453
-0.103259586937033 -0.177135067303243 0.167458672004136 0.562693122585265
-0.172415569176948 -0.0609494636348875 0.296394352623163 0.164762670939022
-0.133443239325896 0.0479909958942714 0.0710950189684591 -0.0221612586999877
-0.0469782998590672 0.117079332037107 -0.0664373684521277 0.0927911139724497
0.0364039480660715 0.13071765379731 0.115724124947754 0.236160676378692
0.104968913530236 0.0812836080084153 0.313445250531686 0.100671967486246
0.138962323833865 0.03180214413779 0.341047503521028 -0.0346445339865407
0.136505476938073 0.042043609344127 0.310567407438967 -0.0606006664829717
0.114041837697142 0.0565308957561233 0.276375970718383 -0.0371732679507361
0.0796219202938665 0.096060555814902 0.20187345919505 0.0305725229550044
-0.00272060110459359 0.116475956207535 0.1015249329923 0.0971966706774073
-0.0858726049134904 0.0425098649779888 0.00611453109697577 0.0540613221560253
-0.0756044044286047 -0.0514115860717692 0.0498022502394808 0.00086709959322566
-0.0522988361793213 -0.076920862323333 0.111014264590943 0.0885726101389529
-0.043780335012545 -0.130524181027801 0.172856866418776 0.291794816885035
-0.0051284642143573 -0.039914524661169 -0.210252533898652 -0.320948159402406
-0.0542485859399295 -0.0196045848642542 -0.200969515751801 -0.0678641158797792
-0.0490340299807737 0.0603928217878221 -0.0785831370738605 0.0245497866505914
0.0390276850774174 0.05514454104455 0.0305702785002073 -0.00433669715514992
0.0653342599507078 -0.00381152794697148 -0.0350848873412355 -0.113533266959939
0.0381166506268598 -0.0405153902887894 -0.187442702772796 -0.0711683077369345
-0.00879814802957578 -0.0466647971800586 -0.284744217089029 0.00217197702350992
-0.0151962792640434 -0.054280235436091 -0.334151809275513 0.0277905786275131
0.00507099163205486 -0.045945380275929 -0.35249087556147 0.000892573239796759
0.0399259827197502 -0.034031670012572 -0.307635636050779 -0.108527397823895
0.042819346550512 -0.00301223323663993 -0.146836073364938 -0.220209433106321
0.00892790450885726 0.0414494387642155 0.0368538726061014 -0.128255925589198
-0.0452297672771959 0.0200066773301022 -0.0657213602596061 -0.0245989971200249
-0.0206981247940237 -0.0434685585617808 -0.184424362714475 -0.206451606230273
0.0160405711970605 -0.0336941097228319 -0.11589931291876 -0.580740686971193
-0.0564937792230671 -0.189350509306604 -0.192226470865895 -0.285254229523847
-0.142808052248323 -0.0921167130125033 -0.192146918572272 -0.0764845903406762
-0.140618825801132 0.0631602775138639 -0.0812990198448199 0.0299862121590668
0.0024667007253997 0.126682040295328 0.0370300751811535 0.00922322844046595
0.106834799164879 0.0845950986773605 -0.0111246913039671 -0.105943475184216
0.134183592974509 0.00676576922609267 -0.164781095034265 -0.0850508757601748
0.102772229243551 -0.0447926355556391 -0.262429031719003 -0.0217814398562267
0.108336457054642 -0.0628746185533693 -0.309205409390363 0.00145690330724844
0.137282429658273 -0.0399070400118183 -0.321612914015373 -0.0260593722351123
0.185943771665908 0.0291757077786628 -0.270192039374964 -0.120325363112878
0.120300696391696 0.14349678218332 -0.11195773085557 -0.201450346857074
-0.0480728434895874 0.199645508587794 0.0433843964615568 -0.104564123182066
-0.238371085888579 0.07365531670241 -0.0841864379951952 -0.00764278126536333
-0.208046407789563 -0.168485344271082 -0.185035543359529 -0.192183083338739
-0.0821910094957929 -0.262286523607797 -0.0986331471847144 -0.529981343874853
-0.10673412715568 -0.321734722863919 -0.160248174197553 -0.202225702454699
-0.232779377097872 -0.156222288522721 -0.167778318212866 -0.0711996366377204
-0.233960857048479 0.0701319297305002 -0.0781035867234136 0.0286999586789866
-0.036007421014714 0.200931881935797 0.030338648377641 0.0175259676856485
0.143400309207199 0.173665843310593 0.00596285126176538 -0.0824248265868617
0.221079110793483 0.0565941601326098 -0.121916401851506 -0.084402175583501
0.203426042632638 -0.0381822601978357 -0.202322988897141 -0.0396570823043335
0.216024709852336 -0.0617661978730287 -0.237280864608694 -0.0255209695843096
0.246481329593003 -0.027657746492536 -0.240944799424185 -0.049092501052572
0.306164766218428 0.0882383205176118 -0.194865451888141 -0.113401517496856
0.186523408374467 0.271302731323981 -0.0638974819631968 -0.156122043525153
-0.0983793264590328 0.336386268706055 0.0462761544685838 -0.0714023490657397
-0.405107005134415 0.121937337615129 -0.0857002760952826 0.0114833807188968
-0.372493338785453 -0.26753993467881 -0.159146907946772 -0.147040826905844
-0.168098310211682 -0.451184820819203 -0.0615324749582095 -0.407641011610239
-0.15164901578191 -0.422423966181183 -0.10996060716487 -0.0721934836853744
-0.326683390284619 -0.202135777458091 -0.110166220582396 -0.0499107456820399
-0.326157417076658 0.0939682287540293 -0.0636353842161292 0.0165534668568844
-0.0674320779416967 0.282104487280905 0.0105809230422227 0.0245866998457799
0.177268506673134 0.254460484076959 0.0235641382124389 -0.0376771539902698
0.290220747044649 0.0996432343739331 -0.052589478769125 -0.0656533375470786
0.279753847910256 -0.0262670663874543 -0.106860084581607 -0.0514585511216916
0.288958459228767 -0.051617369256461 -0.128784684456805 -0.0481784432877046
0.314207252475131 -0.00934150218797604 -0.124857817252907 -0.0651255992259424
0.377362142675763 0.129778883304951 -0.0902930775517787 -0.0924469433179047
0.227296602440524 0.352621617192382 -0.00303352053812623 -0.0909005722669817
-0.126906188840467 0.42328886110665 0.0485723441912642 -0.0285826252605339
-0.503689139532869 0.156172739365937 -0.0667247738185581 0.0298485821860137
-0.475541944015084 -0.31857857773739 -0.101954955114758 -0.0781511593226764
-0.220130865394189 -0.561776248986035 -0.00743465459895147 -0.230942429882447
-0.183250211134033 -0.468940387928879 -0.0385275684706958 0.094574322876946
-0.393316139648732 -0.219678186699263 -0.0122563309343563 -0.0115882359182692
-0.389358806904586 0.120728049659779 -0.0349063339056216 -0.00275690479901937
-0.0865977895668549 0.340753903393065 -0.0149525771566018 0.0387642074521794
0.194068270645465 0.306901862804811 0.0495405032886381 0.0308051526581499
0.322755708303513 0.129317697411822 0.0421171432532021 -0.0311956067205376
0.317111100458003 -0.0133264542549567 0.0126828567455415 -0.0568198782796252
0.316687228495114 -0.031975416742206 -0.00114261042445501 -0.063996784265764
0.328755724992734 0.0122206365206173 0.00525644602619989 -0.0726605170508061
0.380124803229604 0.149309153271205 0.0223904427835954 -0.0642427319387336
0.225570988426112 0.36376613897507 0.0608328592042754 -0.01979593020004
-0.131805156333648 0.418638226519402 0.0506883890480331 0.0172185513565513
-0.498047559387987 0.150547284003847 -0.0310722013716044 0.0420819559887972
-0.478075607031431 -0.312821768973169 -0.0237886625966269 -0.00345363580460989
-0.228404596971786 -0.568002029114581 0.0550632324863587 -0.040524674261627
-0.18747686585013 -0.443715067883788 0.0434729757589818 0.275516603784315
-0.394609537553487 -0.200803269107219 0.107441273816244 0.042478745139844
-0.380657564401192 0.125224634811892 0.000641551599890521 -0.0202909419794537
-0.0892776973368444 0.336338832024634 -0.0390606449551412 0.06214049591868
0.172854029609794 0.30577799889483 0.0818574401492272 0.111926093331965
0.302119268855756 0.136018666618223 0.149531187252134 0.0124736751168371
0.304808223913049 0.00114321759436287 0.140777740657127 -0.0550422943586639
0.297372699683201 -0.00796663121509299 0.125857037661158 -0.0710882128226762
0.292103951305995 0.0317115983290573 0.123603951302689 -0.0703889506906349
0.315563801696199 0.145296959634055 0.116141328669278 -0.0321738883553204
0.170256714973742 0.30873779823605 0.105171681168503 0.0394338937786523
-0.123155306366414 0.319922384032635 0.0464621423838594 0.0509742499376488
-0.388901803315972 0.0934559058431351 0.00542055459988203 0.0410487788475317
-0.373794719042081 -0.25697147753423 0.0465919207632014 0.05456584191269
-0.18931119784004 -0.476487599882481 0.110381109630339 0.124736341492896
-0.154872634527743 -0.340217504105704 0.111385884128856 0.43710648530141
-0.309775069611769 -0.146828695696514 0.21412894884248 0.105147979524833
-0.286480391742772 0.0922056020976898 0.0380771720928872 -0.0258262678795906
-0.0786356311965814 0.2501693947728 -0.0558955908319342 0.0835851782540892
0.114092899857272 0.240299124382467 0.106656711797106 0.185869485616524
0.221844597746462 0.119303404933374 0.24309197557033 0.0592103688416332
0.240611118876039 0.0169192242587642 0.254269998357741 -0.0454405579390523
0.233347364784792 0.0186075457268547 0.233261330486912 -0.0690460572096331
0.214094524055627 0.0488250461766394 0.215161035912708 -0.0557597276482437
0.203534519846376 0.125433427783268 0.173915122214728 0.00085116017260269
0.0837308910410448 0.214690225847181 0.116173347855349 0.0773890606087706
-0.107394356678595 0.175246486546366 0.0293035656316119 0.0624443517375298
-0.228785084746887 0.0125420581651072 0.0316793684335387 0.025418473109187
-0.209796756428095 -0.172765242402057 0.0899991596231613 0.0852380404380298
-0.118272064650627 -0.316131768104076 0.147325099924961 0.235910082553483
-0.0955913334711273 -0.175139631925536 0.150935047956495 0.549587829915084
-0.165606142505197 -0.0635117846251507 0.28336532233947 0.165709813253065
-0.132366666796173 0.0429822512923145 0.0706775653402049 -0.0210350236876343
-0.0478103491613495 0.112603425947788 -0.0656878047237539 0.0901119579610632
0.0351701133637341 0.127599895551267 0.111706471621581 0.2330114082798
0.100932136001029 0.0801130510177768 0.302656085343659 0.100366597341746
0.134306133964032 0.0317109109541659 0.332797537482722 -0.0292640155124918
0.133682861876115 0.0419112192826136 0.305178774588952 -0.056023917271036
0.111026172984764 0.0571194139534553 0.268784781245759 -0.0317742435351999
0.0759909752611556 0.0936863250073647 0.194978280728579 0.0318796446424946
-0.00229164564469126 0.111979058524195 0.0977571223801851 0.0944629550227857
-0.0834122170874387 0.039947858021702 0.0046274577287994 0.0534120080078188
-0.0734246716005409 -0.0496765909982759 0.0461316857670707 0.00187553041171546
-0.049472089869432 -0.0765406673108811 0.107964171739299 0.0890977383405477
-0.0413995710530214 -0.128266285365211 0.163898947619693 0.284520563016949
-0.00500302008042168 -0.0389986527851185 -0.201807968294035 -0.328155165478013
-0.0544050506938671 -0.0204354666589218 -0.201064230544602 -0.0715113402113259
-0.0496243096115203 0.0604152877311438 -0.0802944829830943 0.0250096028614831
0.0375183211282241 0.0565219773071566 0.0318188795548603 -0.00372926520885486
0.065766611485379 -0.00135463550304772 -0.0324682971619759 -0.116296230946758
0.0394365571429514 -0.0399871579721772 -0.185308125836686 -0.076160044603721
-0.00737386744709195 -0.0457835445973045 -0.287375778034774 -0.00469766686496738
-0.0149954381294433 -0.0539364908392951 -0.340403059663765 0.0217649496761822
0.00547273364039868 -0.0471894763638928 -0.356359489779087 -0.00778224589369176
0.0418891787958736 -0.0339237881108834 -0.307083213816423 -0.116753640744925
0.0428877194194143 -0.00213728998239072 -0.144409369264363 -0.22536587302693
0.00837911877915271 0.042125708963758 0.0391939427401417 -0.129418101492894
-0.0457747118021664 0.0185139276992009 -0.0647424572860146 -0.0281424530082465
-0.0189807190559831 -0.0434812875599661 -0.180064728173461 -0.216549667741695
0.0172121648947623 -0.0324395429908471 -0.0974391813299276 -0.587487290813311
-0.0518483664930566 -0.191505327521887 -0.185402510083099 -0.291968514883079
-0.140782045316366 -0.0955360696710736 -0.193422120348299 -0.0794782618330693
-0.142391924692996 0.0607615718053892 -0.0838987483665589 0.0296092203567951
-0.00078991032604125 0.127169445687148 0.0376249734942189 0.00994227523905439
0.105541698710434 0.0872585116147753 -0.0084179268543926 -0.108476184697821
0.134607904432979 0.00936891047347249 -0.1633647193825 -0.0890993813774772
0.104543713080467 -0.0416253219034815 -0.264963772568304 -0.0273749956118293
0.111610466958356 -0.0594480371731465 -0.314786590158781 -0.00399970810114411
0.139114984631669 -0.0376867992281449 -0.325060833582113 -0.0343617379605366
0.186974119904769 0.0321916852001026 -0.270433005953392 -0.12716236930423
0.118549730220621 0.14797680530444 -0.10970143034158 -0.206280983809984
-0.0540432007446105 0.199869557028284 0.046006203155781 -0.104912733795192
-0.243150472614166 0.0665002929652694 -0.0841947171619425 -0.0104604944135274
-0.206342631649416 -0.175590142312968 -0.180076933295361 -0.201525799871034
-0.0754529872003914 -0.266165336965405 -0.0802531960800278 -0.533834745824855
-0.0981402807354977 -0.326478200812181 -0.158017429560904 -0.208334946153376
-0.228880947889321 -0.162810170619078 -0.169660241104755 -0.0749965237783748
-0.236803388647991 0.0649092403641953 -0.080875919842658 0.0278586894249905
-0.0417951322085988 0.199676780501667 0.0305121611970926 0.0178040594742969
0.14057603034565 0.176931509511743 0.00894210234499496 -0.0847155389222515
0.220945773721527 0.060910316823266 -0.120758956348985 -0.087350407043276
0.206558431209634 -0.0314988172663816 -0.203099311651636 -0.0445825097885313
0.220688574857726 -0.0557108963731014 -0.241190472858699 -0.0292923000893785
0.250589086773436 -0.0217701113333534 -0.24329369621757 -0.0553613688277348
0.306836450579628 0.0943620613627048 -0.194497743108637 -0.118693747148086
0.181896669674492 0.277624209508099 -0.0614087549194412 -0.160434707261406
-0.108686401571477 0.337111037536893 0.0477122963451006 -0.071055622156288
-0.413844133703457 0.111399657992409 -0.0866967484617061 0.0101150007293673
-0.369468473922817 -0.281714445763039 -0.154399087525022 -0.154574423201921
-0.155314679234032 -0.457716277034827 -0.0459648071760521 -0.407731992572348
-0.140453195321183 -0.429890556425942 -0.110688376342763 -0.0763158241679838
-0.32168622898115 -0.211486746872928 -0.112775661874707 -0.0519082528888925
-0.333093180000814 0.0857297912362466 -0.0653959492952316 0.0153022682513218
-0.0764795212852326 0.280906347314155 0.0108313122129861 0.0237605906099026
0.173113797336825 0.259690438750796 0.0266329300688606 -0.0391104029648871
0.289432464978889 0.106348801899496 -0.0518525825049801 -0.0673776368454827
0.282964142362983 -0.0188570349533204 -0.106647849908555 -0.0542433147362092
0.294637139086803 -0.0437605692481039 -0.130673082954213 -0.0501588649084948
0.317542785428723 -0.000672906308157144 -0.125880295783223 -0.0689609814785184
0.379224640479538 0.137337844121296 -0.0899134763316038 -0.0953128555792845
0.222529857134926 0.359668750592209 -0.000841390652031524 -0.093276162447934
-0.13982889399691 0.422814421907344 0.0486126587521981 -0.027012053686936
-0.516543103475168 0.145085325806856 -0.0683975338302147 0.0312723657615828
-0.473636023943069 -0.336674574153904 -0.097137882193083 -0.0807178130643551
-0.206835097978939 -0.568989656405298 0.00255560746089414 -0.229109603640106
-0.170210538694191 -0.478859085878917 -0.043957645627899 0.093396791396242
-0.388729323164653 -0.231942640427288 -0.0160610432514974 -0.0101957208291963
-0.397047412565803 0.110609611672739 -0.0360448215978658 -0.00465269800627127
-0.0964529591870878 0.340580603722275 -0.0152507492939433 0.0380932022811126
0.188989598440006 0.31385535224206 0.0519375368277629 0.0311396141410698
0.3225188159941 0.137342250055497 0.0422821267638195 -0.0309532736544593
0.319550635977577 -0.00475565500359778 0.014802386556686 -0.0566979691616227
0.323120613787968 -0.0235251173518558 -0.000399895516374844 -0.0634726136873701
0.332323201064923 0.0209765643619855 0.00509684329572908 -0.0731806688203508
0.380013307070023 0.156972516285669 0.0228363246612215 -0.0635938171121712
0.220441105971778 0.371280748472944 0.0612511504933432 -0.020537031106458
-0.144871911025454 0.417168607882494 0.0492379291503547 0.0193456632821689
-0.50931842379091 0.138725600058347 -0.0334826912578753 0.0449069279891364
-0.474518025041063 -0.329075929147402 -0.0206270796765845 -0.00325127078804969
-0.215323452569688 -0.577346364287049 0.0597031318599677 -0.0351561709439904
-0.175155748308968 -0.453492764331526 0.0322092251879607 0.277409110305241
-0.389925256835867 -0.21461258103436 0.103432115708332 0.0465782869312975
-0.389418796988044 0.113694743422246 0.00144207407981514 -0.0209865079054237
-0.100372764692054 0.335647342774833 -0.040680018700677 0.0612676417098055
0.169398676483886 0.311295108853824 0.0825030725800325 0.114910042520463
0.300408993839676 0.142843575221144 0.148550663801544 0.0160842351485772
0.306721065782093 0.00811241460925574 0.144333637014341 -0.0519816267360249
0.303397717305691 -0.00131711178918034 0.128514472895699 -0.0684866518923662
0.29536854679371 0.0408673056722063 0.125705328615594 -0.0681103353788584
0.314916371970509 0.151970966794063 0.116364817979246 -0.0293385866125006
0.166138900348636 0.312846301699197 0.104806904266164 0.0402114139668864
-0.131829299013237 0.317966678499379 0.0442912676878347 0.0534180014443463
-0.396623843862477 0.0845471262685808 0.00283367120957051 0.0444760053277332
-0.371941228308718 -0.269419941444596 0.0496304906392016 0.0576635900383905
-0.177541227670828 -0.48331465648748 0.109490678734297 0.130462188957501
-0.145288787284645 -0.349597491718778 0.0964981219996315 0.443402256384825
-0.307009920858066 -0.158213008671961 0.211226444653707 0.113036855437503
-0.293714438449338 0.0839296508432153 0.0395935193623924 -0.0254692316784328
-0.0861455744615426 0.249595657419457 -0.0582257208252401 0.0827048683135188
0.110411878493678 0.24407886406417 0.106035825851243 0.190388807891868
0.220980210326139 0.124486645564004 0.242530848982056 0.064907248705702
0.24187067542432 0.0222595559691591 0.258502936693639 -0.040238698383426
0.237343752417298 0.024611816429343 0.238108133872976 -0.0641031983838934
0.21576689576597 0.0556443785902287 0.218664203290702 -0.0506612219705685
0.201690871065388 0.130221735933644 0.174555629373099 0.00469243026938424
0.0811102396363942 0.21639066859034 0.114639963814635 0.0785685360755927
-0.112208207805249 0.173270448984799 0.0276298752694711 0.0635070952804044
-0.231665543680081 0.00826012694390025 0.030190017886823 0.0287415509085093
-0.207259623459652 -0.180369982244814 0.0911016922241789 0.0894086624249145
-0.111138147802956 -0.320701601430645 0.143019394378474 0.241867293713721
-0.0899768270174793 -0.181454101942878 0.133208278537994 0.557390810887097
-0.164137124146532 -0.0698957855643593 0.279635689145395 0.175778695937822
-0.136681991183215 0.0379944007862768 0.0728669981328424 -0.0195712725571471
-0.0513611904693333 0.11142987465287 -0.0680373715706939 0.0893264234645019
0.0330613380176168 0.128741074424783 0.108978783319625 0.2377308956544
0.100123823672207 0.0827200699654427 0.301373373390298 0.107731465466538
0.134211815312324 0.0343304355358455 0.337832762299498 -0.0219777023409364
0.135827566126863 0.0452248563814643 0.311124949927741 -0.0502379969211398
0.111800932600326 0.0617386327897608 0.272600293492368 -0.0254980722887613
0.073979911119418 0.0960228518675308 0.194804856788282 0.0373517144710854
-0.0038062499256524 0.111765235251704 0.0963073110551915 0.0962874717052557
-0.0844954018090932 0.0381530344640042 0.00294321635575598 0.0539240745132682
-0.0729148767446889 -0.0509049760337348 0.0447081828565151 0.00398142246580826
-0.048609342952162 -0.078888734715108 0.108600841345112 0.0932619062048118
-0.0385395992174471 -0.129897557999306 0.156567348358864 0.289666375181769
